<?xml version="1.0" encoding="UTF-8"?>
<testsuite xmlns:xsi="http://www.w3.org/2001/XMLSchema-instance" xsi:noNamespaceSchemaLocation="https://maven.apache.org/surefire/maven-surefire-plugin/xsd/surefire-test-report.xsd" name="org.apache.hadoop.ozone.freon.TestFreonWithPipelineDestroy" time="52.073" tests="1" errors="1" skipped="0" failures="0">
  <properties>
    <property name="awt.toolkit" value="sun.awt.X11.XToolkit"/>
    <property name="file.encoding.pkg" value="sun.io"/>
    <property name="java.specification.version" value="1.8"/>
    <property name="sun.cpu.isalist" value=""/>
    <property name="sun.jnu.encoding" value="ANSI_X3.4-1968"/>
    <property name="java.class.path" value="/workdir/hadoop-ozone/tools/target/test-classes:/workdir/hadoop-ozone/tools/target/classes:/home/user/.m2/repository/org/apache/hadoop/hadoop-ozone-ozone-manager/0.5.0-SNAPSHOT/hadoop-ozone-ozone-manager-0.5.0-SNAPSHOT.jar:/home/user/.m2/repository/org/apache/hadoop/hadoop-hdds-docs/0.5.0-SNAPSHOT/hadoop-hdds-docs-0.5.0-SNAPSHOT.jar:/home/user/.m2/repository/org/bouncycastle/bcprov-jdk15on/1.60/bcprov-jdk15on-1.60.jar:/home/user/.m2/repository/org/apache/hadoop/hadoop-ozone-common/0.5.0-SNAPSHOT/hadoop-ozone-common-0.5.0-SNAPSHOT.jar:/home/user/.m2/repository/org/apache/commons/commons-compress/1.4.1/commons-compress-1.4.1.jar:/home/user/.m2/repository/org/tukaani/xz/1.0/xz-1.0.jar:/home/user/.m2/repository/org/apache/hadoop/hadoop-hdfs-client/3.2.0/hadoop-hdfs-client-3.2.0.jar:/home/user/.m2/repository/com/fasterxml/jackson/core/jackson-annotations/2.9.9/jackson-annotations-2.9.9.jar:/home/user/.m2/repository/org/apache/hadoop/hadoop-hdds-common/0.5.0-SNAPSHOT/hadoop-hdds-common-0.5.0-SNAPSHOT.jar:/home/user/.m2/repository/org/apache/hadoop/hadoop-hdds-config/0.5.0-SNAPSHOT/hadoop-hdds-config-0.5.0-SNAPSHOT.jar:/home/user/.m2/repository/javax/annotation/javax.annotation-api/1.2/javax.annotation-api-1.2.jar:/home/user/.m2/repository/org/apache/ratis/ratis-server/0.5.0-d6d58d0-SNAPSHOT/ratis-server-0.5.0-d6d58d0-SNAPSHOT.jar:/home/user/.m2/repository/org/apache/ratis/ratis-thirdparty-misc/0.2.0/ratis-thirdparty-misc-0.2.0.jar:/home/user/.m2/repository/org/apache/ratis/ratis-proto/0.5.0-d6d58d0-SNAPSHOT/ratis-proto-0.5.0-d6d58d0-SNAPSHOT.jar:/home/user/.m2/repository/org/apache/ratis/ratis-common/0.5.0-d6d58d0-SNAPSHOT/ratis-common-0.5.0-d6d58d0-SNAPSHOT.jar:/home/user/.m2/repository/org/apache/ratis/ratis-client/0.5.0-d6d58d0-SNAPSHOT/ratis-client-0.5.0-d6d58d0-SNAPSHOT.jar:/home/user/.m2/repository/org/apache/ratis/ratis-metrics/0.5.0-d6d58d0-SNAPSHOT/ratis-metrics-0.5.0-d6d58d0-SNAPSHOT.jar:/home/user/.m2/repository/org/apache/ratis/ratis-netty/0.5.0-d6d58d0-SNAPSHOT/ratis-netty-0.5.0-d6d58d0-SNAPSHOT.jar:/home/user/.m2/repository/org/apache/ratis/ratis-grpc/0.5.0-d6d58d0-SNAPSHOT/ratis-grpc-0.5.0-d6d58d0-SNAPSHOT.jar:/home/user/.m2/repository/org/rocksdb/rocksdbjni/6.0.1/rocksdbjni-6.0.1.jar:/home/user/.m2/repository/org/apache/logging/log4j/log4j-api/2.11.0/log4j-api-2.11.0.jar:/home/user/.m2/repository/org/apache/logging/log4j/log4j-core/2.11.0/log4j-core-2.11.0.jar:/home/user/.m2/repository/com/lmax/disruptor/3.4.2/disruptor-3.4.2.jar:/home/user/.m2/repository/org/apache/commons/commons-pool2/2.6.0/commons-pool2-2.6.0.jar:/home/user/.m2/repository/org/bouncycastle/bcpkix-jdk15on/1.60/bcpkix-jdk15on-1.60.jar:/home/user/.m2/repository/commons-validator/commons-validator/1.6/commons-validator-1.6.jar:/home/user/.m2/repository/commons-digester/commons-digester/1.8.1/commons-digester-1.8.1.jar:/home/user/.m2/repository/io/jaegertracing/jaeger-client/0.34.0/jaeger-client-0.34.0.jar:/home/user/.m2/repository/io/jaegertracing/jaeger-thrift/0.34.0/jaeger-thrift-0.34.0.jar:/home/user/.m2/repository/org/apache/thrift/libthrift/0.12.0/libthrift-0.12.0.jar:/home/user/.m2/repository/com/squareup/okhttp3/okhttp/3.9.0/okhttp-3.9.0.jar:/home/user/.m2/repository/com/squareup/okio/okio/1.13.0/okio-1.13.0.jar:/home/user/.m2/repository/io/jaegertracing/jaeger-core/0.34.0/jaeger-core-0.34.0.jar:/home/user/.m2/repository/io/jaegertracing/jaeger-tracerresolver/0.34.0/jaeger-tracerresolver-0.34.0.jar:/home/user/.m2/repository/io/opentracing/contrib/opentracing-tracerresolver/0.1.5/opentracing-tracerresolver-0.1.5.jar:/home/user/.m2/repository/io/opentracing/opentracing-util/0.31.0/opentracing-util-0.31.0.jar:/home/user/.m2/repository/io/opentracing/opentracing-api/0.31.0/opentracing-api-0.31.0.jar:/home/user/.m2/repository/io/opentracing/opentracing-noop/0.31.0/opentracing-noop-0.31.0.jar:/home/user/.m2/repository/org/yaml/snakeyaml/1.16/snakeyaml-1.16.jar:/home/user/.m2/repository/org/apache/hadoop/hadoop-hdds-container-service/0.5.0-SNAPSHOT/hadoop-hdds-container-service-0.5.0-SNAPSHOT.jar:/home/user/.m2/repository/org/apache/hadoop/hadoop-hdds-client/0.5.0-SNAPSHOT/hadoop-hdds-client-0.5.0-SNAPSHOT.jar:/home/user/.m2/repository/org/apache/hadoop/hadoop-hdds-tools/0.5.0-SNAPSHOT/hadoop-hdds-tools-0.5.0-SNAPSHOT.jar:/home/user/.m2/repository/org/xerial/sqlite-jdbc/3.25.2/sqlite-jdbc-3.25.2.jar:/home/user/.m2/repository/org/apache/hadoop/hadoop-hdds-server-scm/0.5.0-SNAPSHOT/hadoop-hdds-server-scm-0.5.0-SNAPSHOT.jar:/home/user/.m2/repository/org/hamcrest/hamcrest-all/1.3/hamcrest-all-1.3.jar:/home/user/.m2/repository/info/picocli/picocli/3.9.6/picocli-3.9.6.jar:/home/user/.m2/repository/com/google/protobuf/protobuf-java/2.5.0/protobuf-java-2.5.0.jar:/home/user/.m2/repository/com/google/guava/guava/11.0.2/guava-11.0.2.jar:/home/user/.m2/repository/org/apache/hadoop/hadoop-ozone-client/0.5.0-SNAPSHOT/hadoop-ozone-client-0.5.0-SNAPSHOT.jar:/workdir/hadoop-ozone/ozonefs/target/classes:/home/user/.m2/repository/org/apache/httpcomponents/httpclient/4.5.2/httpclient-4.5.2.jar:/home/user/.m2/repository/org/apache/httpcomponents/httpcore/4.4.4/httpcore-4.4.4.jar:/home/user/.m2/repository/org/apache/hadoop/hadoop-hdds-server-framework/0.5.0-SNAPSHOT/hadoop-hdds-server-framework-0.5.0-SNAPSHOT.jar:/home/user/.m2/repository/org/apache/hadoop/hadoop-common/3.2.0/hadoop-common-3.2.0.jar:/home/user/.m2/repository/org/apache/hadoop/hadoop-annotations/3.2.0/hadoop-annotations-3.2.0.jar:/usr/lib/jvm/java-1.8.0-openjdk-1.8.0.222.b10-1.el7_7.x86_64/jre/../lib/tools.jar:/home/user/.m2/repository/commons-cli/commons-cli/1.2/commons-cli-1.2.jar:/home/user/.m2/repository/org/apache/commons/commons-math3/3.1.1/commons-math3-3.1.1.jar:/home/user/.m2/repository/commons-codec/commons-codec/1.11/commons-codec-1.11.jar:/home/user/.m2/repository/commons-io/commons-io/2.5/commons-io-2.5.jar:/home/user/.m2/repository/commons-net/commons-net/3.6/commons-net-3.6.jar:/home/user/.m2/repository/commons-collections/commons-collections/3.2.2/commons-collections-3.2.2.jar:/home/user/.m2/repository/javax/servlet/javax.servlet-api/3.1.0/javax.servlet-api-3.1.0.jar:/home/user/.m2/repository/org/eclipse/jetty/jetty-server/9.3.25.v20180904/jetty-server-9.3.25.v20180904.jar:/home/user/.m2/repository/org/eclipse/jetty/jetty-http/9.3.25.v20180904/jetty-http-9.3.25.v20180904.jar:/home/user/.m2/repository/org/eclipse/jetty/jetty-io/9.3.25.v20180904/jetty-io-9.3.25.v20180904.jar:/home/user/.m2/repository/org/eclipse/jetty/jetty-util/9.3.25.v20180904/jetty-util-9.3.25.v20180904.jar:/home/user/.m2/repository/org/eclipse/jetty/jetty-servlet/9.3.25.v20180904/jetty-servlet-9.3.25.v20180904.jar:/home/user/.m2/repository/org/eclipse/jetty/jetty-security/9.3.25.v20180904/jetty-security-9.3.25.v20180904.jar:/home/user/.m2/repository/org/eclipse/jetty/jetty-webapp/9.3.25.v20180904/jetty-webapp-9.3.25.v20180904.jar:/home/user/.m2/repository/org/eclipse/jetty/jetty-xml/9.3.25.v20180904/jetty-xml-9.3.25.v20180904.jar:/home/user/.m2/repository/javax/servlet/jsp/jsp-api/2.1/jsp-api-2.1.jar:/home/user/.m2/repository/com/sun/jersey/jersey-core/1.19/jersey-core-1.19.jar:/home/user/.m2/repository/javax/ws/rs/jsr311-api/1.1.1/jsr311-api-1.1.1.jar:/home/user/.m2/repository/com/sun/jersey/jersey-servlet/1.19/jersey-servlet-1.19.jar:/home/user/.m2/repository/com/sun/jersey/jersey-json/1.19/jersey-json-1.19.jar:/home/user/.m2/repository/org/codehaus/jettison/jettison/1.1/jettison-1.1.jar:/home/user/.m2/repository/com/sun/xml/bind/jaxb-impl/2.3.0.1/jaxb-impl-2.3.0.1.jar:/home/user/.m2/repository/org/codehaus/jackson/jackson-core-asl/1.9.13/jackson-core-asl-1.9.13.jar:/home/user/.m2/repository/org/codehaus/jackson/jackson-mapper-asl/1.9.13/jackson-mapper-asl-1.9.13.jar:/home/user/.m2/repository/org/codehaus/jackson/jackson-jaxrs/1.9.13/jackson-jaxrs-1.9.13.jar:/home/user/.m2/repository/org/codehaus/jackson/jackson-xc/1.9.13/jackson-xc-1.9.13.jar:/home/user/.m2/repository/com/sun/jersey/jersey-server/1.19/jersey-server-1.19.jar:/home/user/.m2/repository/commons-logging/commons-logging/1.1.3/commons-logging-1.1.3.jar:/home/user/.m2/repository/log4j/log4j/1.2.17/log4j-1.2.17.jar:/home/user/.m2/repository/commons-beanutils/commons-beanutils/1.9.4/commons-beanutils-1.9.4.jar:/home/user/.m2/repository/org/apache/commons/commons-configuration2/2.1.1/commons-configuration2-2.1.1.jar:/home/user/.m2/repository/org/apache/commons/commons-lang3/3.7/commons-lang3-3.7.jar:/home/user/.m2/repository/org/apache/commons/commons-text/1.4/commons-text-1.4.jar:/home/user/.m2/repository/org/slf4j/slf4j-api/1.7.25/slf4j-api-1.7.25.jar:/home/user/.m2/repository/org/slf4j/slf4j-log4j12/1.7.25/slf4j-log4j12-1.7.25.jar:/home/user/.m2/repository/org/apache/avro/avro/1.7.7/avro-1.7.7.jar:/home/user/.m2/repository/com/thoughtworks/paranamer/paranamer/2.3/paranamer-2.3.jar:/home/user/.m2/repository/org/xerial/snappy/snappy-java/1.0.5/snappy-java-1.0.5.jar:/home/user/.m2/repository/com/google/re2j/re2j/1.1/re2j-1.1.jar:/home/user/.m2/repository/com/google/code/gson/gson/2.2.4/gson-2.2.4.jar:/home/user/.m2/repository/org/apache/hadoop/hadoop-auth/3.2.0/hadoop-auth-3.2.0.jar:/home/user/.m2/repository/com/nimbusds/nimbus-jose-jwt/4.41.1/nimbus-jose-jwt-4.41.1.jar:/home/user/.m2/repository/com/github/stephenc/jcip/jcip-annotations/1.0-1/jcip-annotations-1.0-1.jar:/home/user/.m2/repository/net/minidev/json-smart/2.3/json-smart-2.3.jar:/home/user/.m2/repository/net/minidev/accessors-smart/1.2/accessors-smart-1.2.jar:/home/user/.m2/repository/org/apache/curator/curator-framework/2.12.0/curator-framework-2.12.0.jar:/home/user/.m2/repository/com/jcraft/jsch/0.1.54/jsch-0.1.54.jar:/home/user/.m2/repository/org/apache/curator/curator-client/2.12.0/curator-client-2.12.0.jar:/home/user/.m2/repository/org/apache/curator/curator-recipes/2.12.0/curator-recipes-2.12.0.jar:/home/user/.m2/repository/com/google/code/findbugs/jsr305/3.0.0/jsr305-3.0.0.jar:/home/user/.m2/repository/org/apache/htrace/htrace-core4/4.1.0-incubating/htrace-core4-4.1.0-incubating.jar:/home/user/.m2/repository/org/apache/zookeeper/zookeeper/3.4.13/zookeeper-3.4.13.jar:/home/user/.m2/repository/jline/jline/0.9.94/jline-0.9.94.jar:/home/user/.m2/repository/org/apache/yetus/audience-annotations/0.5.0/audience-annotations-0.5.0.jar:/home/user/.m2/repository/org/apache/kerby/kerb-simplekdc/1.0.1/kerb-simplekdc-1.0.1.jar:/home/user/.m2/repository/org/apache/kerby/kerb-client/1.0.1/kerb-client-1.0.1.jar:/home/user/.m2/repository/org/apache/kerby/kerby-config/1.0.1/kerby-config-1.0.1.jar:/home/user/.m2/repository/org/apache/kerby/kerb-core/1.0.1/kerb-core-1.0.1.jar:/home/user/.m2/repository/org/apache/kerby/kerby-pkix/1.0.1/kerby-pkix-1.0.1.jar:/home/user/.m2/repository/org/apache/kerby/kerby-asn1/1.0.1/kerby-asn1-1.0.1.jar:/home/user/.m2/repository/org/apache/kerby/kerby-util/1.0.1/kerby-util-1.0.1.jar:/home/user/.m2/repository/org/apache/kerby/kerb-common/1.0.1/kerb-common-1.0.1.jar:/home/user/.m2/repository/org/apache/kerby/kerb-crypto/1.0.1/kerb-crypto-1.0.1.jar:/home/user/.m2/repository/org/apache/kerby/kerb-util/1.0.1/kerb-util-1.0.1.jar:/home/user/.m2/repository/org/apache/kerby/token-provider/1.0.1/token-provider-1.0.1.jar:/home/user/.m2/repository/org/apache/kerby/kerb-admin/1.0.1/kerb-admin-1.0.1.jar:/home/user/.m2/repository/org/apache/kerby/kerb-server/1.0.1/kerb-server-1.0.1.jar:/home/user/.m2/repository/org/apache/kerby/kerb-identity/1.0.1/kerb-identity-1.0.1.jar:/home/user/.m2/repository/org/apache/kerby/kerby-xdr/1.0.1/kerby-xdr-1.0.1.jar:/home/user/.m2/repository/com/fasterxml/jackson/core/jackson-databind/2.9.9/jackson-databind-2.9.9.jar:/home/user/.m2/repository/com/fasterxml/jackson/core/jackson-core/2.9.9/jackson-core-2.9.9.jar:/home/user/.m2/repository/org/codehaus/woodstox/stax2-api/3.1.4/stax2-api-3.1.4.jar:/home/user/.m2/repository/com/fasterxml/woodstox/woodstox-core/5.0.3/woodstox-core-5.0.3.jar:/home/user/.m2/repository/dnsjava/dnsjava/2.1.7/dnsjava-2.1.7.jar:/home/user/.m2/repository/org/apache/hadoop/hadoop-hdfs/3.2.0/hadoop-hdfs-3.2.0.jar:/home/user/.m2/repository/org/eclipse/jetty/jetty-util-ajax/9.3.25.v20180904/jetty-util-ajax-9.3.25.v20180904.jar:/home/user/.m2/repository/commons-daemon/commons-daemon/1.0.13/commons-daemon-1.0.13.jar:/home/user/.m2/repository/io/netty/netty/3.10.5.Final/netty-3.10.5.Final.jar:/home/user/.m2/repository/io/netty/netty-all/4.0.52.Final/netty-all-4.0.52.Final.jar:/home/user/.m2/repository/org/fusesource/leveldbjni/leveldbjni-all/1.8/leveldbjni-all-1.8.jar:/home/user/.m2/repository/com/sun/xml/bind/jaxb-core/2.3.0.1/jaxb-core-2.3.0.1.jar:/home/user/.m2/repository/javax/xml/bind/jaxb-api/2.3.0/jaxb-api-2.3.0.jar:/home/user/.m2/repository/javax/activation/activation/1.1.1/activation-1.1.1.jar:/home/user/.m2/repository/org/openjdk/jmh/jmh-core/1.19/jmh-core-1.19.jar:/home/user/.m2/repository/net/sf/jopt-simple/jopt-simple/4.6/jopt-simple-4.6.jar:/home/user/.m2/repository/org/openjdk/jmh/jmh-generator-annprocess/1.19/jmh-generator-annprocess-1.19.jar:/home/user/.m2/repository/io/dropwizard/metrics/metrics-core/3.2.4/metrics-core-3.2.4.jar:/home/user/.m2/repository/com/amazonaws/aws-java-sdk-s3/1.11.615/aws-java-sdk-s3-1.11.615.jar:/home/user/.m2/repository/com/amazonaws/aws-java-sdk-kms/1.11.615/aws-java-sdk-kms-1.11.615.jar:/home/user/.m2/repository/com/amazonaws/aws-java-sdk-core/1.11.615/aws-java-sdk-core-1.11.615.jar:/home/user/.m2/repository/software/amazon/ion/ion-java/1.0.2/ion-java-1.0.2.jar:/home/user/.m2/repository/com/fasterxml/jackson/dataformat/jackson-dataformat-cbor/2.9.9/jackson-dataformat-cbor-2.9.9.jar:/home/user/.m2/repository/joda-time/joda-time/2.9.9/joda-time-2.9.9.jar:/home/user/.m2/repository/com/amazonaws/jmespath-java/1.11.615/jmespath-java-1.11.615.jar:/home/user/.m2/repository/com/github/spotbugs/spotbugs/3.1.12/spotbugs-3.1.12.jar:/home/user/.m2/repository/org/ow2/asm/asm/5.0.4/asm-5.0.4.jar:/home/user/.m2/repository/org/ow2/asm/asm-analysis/7.0/asm-analysis-7.0.jar:/home/user/.m2/repository/org/ow2/asm/asm-commons/7.0/asm-commons-7.0.jar:/home/user/.m2/repository/org/ow2/asm/asm-tree/7.0/asm-tree-7.0.jar:/home/user/.m2/repository/org/ow2/asm/asm-util/7.0/asm-util-7.0.jar:/home/user/.m2/repository/org/apache/bcel/bcel/6.3/bcel-6.3.jar:/home/user/.m2/repository/net/jcip/jcip-annotations/1.0/jcip-annotations-1.0.jar:/home/user/.m2/repository/org/dom4j/dom4j/2.1.1/dom4j-2.1.1.jar:/home/user/.m2/repository/jaxen/jaxen/1.1.6/jaxen-1.1.6.jar:/home/user/.m2/repository/commons-lang/commons-lang/2.6/commons-lang-2.6.jar:/home/user/.m2/repository/com/github/spotbugs/spotbugs-annotations/3.1.12/spotbugs-annotations-3.1.12.jar:/home/user/.m2/repository/junit/junit/4.11/junit-4.11.jar:/home/user/.m2/repository/org/hamcrest/hamcrest-core/1.3/hamcrest-core-1.3.jar:/home/user/.m2/repository/org/apache/hadoop/hadoop-common/3.2.0/hadoop-common-3.2.0-tests.jar:/workdir/hadoop-ozone/integration-test/target/test-classes:/home/user/.m2/repository/org/apache/hadoop/hadoop-ozone-s3gateway/0.5.0-SNAPSHOT/hadoop-ozone-s3gateway-0.5.0-SNAPSHOT.jar:/home/user/.m2/repository/org/jboss/weld/servlet/weld-servlet/2.4.7.Final/weld-servlet-2.4.7.Final.jar:/home/user/.m2/repository/org/glassfish/jersey/containers/jersey-container-servlet-core/2.27/jersey-container-servlet-core-2.27.jar:/home/user/.m2/repository/org/glassfish/hk2/external/javax.inject/2.5.0-b42/javax.inject-2.5.0-b42.jar:/home/user/.m2/repository/org/glassfish/jersey/core/jersey-common/2.27/jersey-common-2.27.jar:/home/user/.m2/repository/org/glassfish/hk2/osgi-resource-locator/1.0.1/osgi-resource-locator-1.0.1.jar:/home/user/.m2/repository/javax/ws/rs/javax.ws.rs-api/2.1/javax.ws.rs-api-2.1.jar:/home/user/.m2/repository/org/glassfish/jersey/ext/cdi/jersey-cdi1x/2.27/jersey-cdi1x-2.27.jar:/home/user/.m2/repository/org/glassfish/jersey/inject/jersey-hk2/2.27/jersey-hk2-2.27.jar:/home/user/.m2/repository/org/glassfish/hk2/hk2-locator/2.5.0-b42/hk2-locator-2.5.0-b42.jar:/home/user/.m2/repository/org/javassist/javassist/3.22.0-CR2/javassist-3.22.0-CR2.jar:/home/user/.m2/repository/org/glassfish/hk2/hk2-api/2.5.0/hk2-api-2.5.0.jar:/home/user/.m2/repository/org/glassfish/hk2/external/jakarta.inject/2.5.0/jakarta.inject-2.5.0.jar:/home/user/.m2/repository/org/glassfish/hk2/hk2-utils/2.5.0/hk2-utils-2.5.0.jar:/home/user/.m2/repository/jakarta/annotation/jakarta.annotation-api/1.3.4/jakarta.annotation-api-1.3.4.jar:/home/user/.m2/repository/org/glassfish/hk2/external/aopalliance-repackaged/2.5.0/aopalliance-repackaged-2.5.0.jar:/home/user/.m2/repository/com/fasterxml/jackson/dataformat/jackson-dataformat-xml/2.9.0/jackson-dataformat-xml-2.9.0.jar:/home/user/.m2/repository/com/fasterxml/jackson/module/jackson-module-jaxb-annotations/2.9.9/jackson-module-jaxb-annotations-2.9.9.jar:/home/user/.m2/repository/javax/enterprise/cdi-api/1.2/cdi-api-1.2.jar:/home/user/.m2/repository/javax/el/javax.el-api/3.0.0/javax.el-api-3.0.0.jar:/home/user/.m2/repository/javax/interceptor/javax.interceptor-api/1.2/javax.interceptor-api-1.2.jar:/home/user/.m2/repository/javax/inject/javax.inject/1/javax.inject-1.jar:/home/user/.m2/repository/org/apache/hadoop/hadoop-ozone-csi/0.5.0-SNAPSHOT/hadoop-ozone-csi-0.5.0-SNAPSHOT.jar:/home/user/.m2/repository/com/google/protobuf/protobuf-java-util/3.5.1/protobuf-java-util-3.5.1.jar:/home/user/.m2/repository/io/grpc/grpc-netty/1.17.1/grpc-netty-1.17.1.jar:/home/user/.m2/repository/io/grpc/grpc-core/1.17.1/grpc-core-1.17.1.jar:/home/user/.m2/repository/io/grpc/grpc-context/1.17.1/grpc-context-1.17.1.jar:/home/user/.m2/repository/com/google/errorprone/error_prone_annotations/2.2.0/error_prone_annotations-2.2.0.jar:/home/user/.m2/repository/org/codehaus/mojo/animal-sniffer-annotations/1.17/animal-sniffer-annotations-1.17.jar:/home/user/.m2/repository/io/opencensus/opencensus-api/0.17.0/opencensus-api-0.17.0.jar:/home/user/.m2/repository/io/opencensus/opencensus-contrib-grpc-metrics/0.17.0/opencensus-contrib-grpc-metrics-0.17.0.jar:/home/user/.m2/repository/io/netty/netty-codec-http2/4.1.30.Final/netty-codec-http2-4.1.30.Final.jar:/home/user/.m2/repository/io/netty/netty-codec-http/4.1.30.Final/netty-codec-http-4.1.30.Final.jar:/home/user/.m2/repository/io/netty/netty-codec/4.1.30.Final/netty-codec-4.1.30.Final.jar:/home/user/.m2/repository/io/netty/netty-handler/4.1.30.Final/netty-handler-4.1.30.Final.jar:/home/user/.m2/repository/io/netty/netty-handler-proxy/4.1.30.Final/netty-handler-proxy-4.1.30.Final.jar:/home/user/.m2/repository/io/netty/netty-codec-socks/4.1.30.Final/netty-codec-socks-4.1.30.Final.jar:/home/user/.m2/repository/io/netty/netty-transport-native-epoll/4.1.30.Final/netty-transport-native-epoll-4.1.30.Final.jar:/home/user/.m2/repository/io/netty/netty-common/4.1.30.Final/netty-common-4.1.30.Final.jar:/home/user/.m2/repository/io/netty/netty-buffer/4.1.30.Final/netty-buffer-4.1.30.Final.jar:/home/user/.m2/repository/io/netty/netty-transport/4.1.30.Final/netty-transport-4.1.30.Final.jar:/home/user/.m2/repository/io/netty/netty-resolver/4.1.30.Final/netty-resolver-4.1.30.Final.jar:/home/user/.m2/repository/io/netty/netty-transport-native-unix-common/4.1.30.Final/netty-transport-native-unix-common-4.1.30.Final.jar:/home/user/.m2/repository/io/grpc/grpc-protobuf/1.17.1/grpc-protobuf-1.17.1.jar:/home/user/.m2/repository/com/google/api/grpc/proto-google-common-protos/1.0.0/proto-google-common-protos-1.0.0.jar:/home/user/.m2/repository/io/grpc/grpc-protobuf-lite/1.17.1/grpc-protobuf-lite-1.17.1.jar:/home/user/.m2/repository/io/grpc/grpc-stub/1.17.1/grpc-stub-1.17.1.jar:/home/user/.m2/repository/org/apache/hadoop/hadoop-ozone-recon/0.5.0-SNAPSHOT/hadoop-ozone-recon-0.5.0-SNAPSHOT.jar:/home/user/.m2/repository/org/apache/hadoop/hadoop-ozone-reconcodegen/0.5.0-SNAPSHOT/hadoop-ozone-reconcodegen-0.5.0-SNAPSHOT.jar:/home/user/.m2/repository/com/google/inject/extensions/guice-multibindings/4.0/guice-multibindings-4.0.jar:/home/user/.m2/repository/com/google/inject/guice/4.0/guice-4.0.jar:/home/user/.m2/repository/aopalliance/aopalliance/1.0/aopalliance-1.0.jar:/home/user/.m2/repository/com/google/inject/extensions/guice-servlet/4.0/guice-servlet-4.0.jar:/home/user/.m2/repository/org/glassfish/jersey/containers/jersey-container-servlet/2.27/jersey-container-servlet-2.27.jar:/home/user/.m2/repository/org/glassfish/hk2/guice-bridge/2.5.0/guice-bridge-2.5.0.jar:/home/user/.m2/repository/org/glassfish/jersey/core/jersey-server/2.27/jersey-server-2.27.jar:/home/user/.m2/repository/org/glassfish/jersey/core/jersey-client/2.27/jersey-client-2.27.jar:/home/user/.m2/repository/org/glassfish/jersey/media/jersey-media-jaxb/2.27/jersey-media-jaxb-2.27.jar:/home/user/.m2/repository/javax/validation/validation-api/1.1.0.Final/validation-api-1.1.0.Final.jar:/home/user/.m2/repository/org/glassfish/jersey/media/jersey-media-json-jackson/2.27/jersey-media-json-jackson-2.27.jar:/home/user/.m2/repository/org/glassfish/jersey/ext/jersey-entity-filtering/2.27/jersey-entity-filtering-2.27.jar:/home/user/.m2/repository/com/google/inject/extensions/guice-assistedinject/4.0/guice-assistedinject-4.0.jar:/home/user/.m2/repository/org/jooq/jooq/3.11.10/jooq-3.11.10.jar:/home/user/.m2/repository/org/jooq/jooq-meta/3.11.10/jooq-meta-3.11.10.jar:/home/user/.m2/repository/org/jooq/jooq-codegen/3.11.10/jooq-codegen-3.11.10.jar:/home/user/.m2/repository/com/jolbox/bonecp/0.8.0.RELEASE/bonecp-0.8.0.RELEASE.jar:/home/user/.m2/repository/org/springframework/spring-jdbc/5.1.3.RELEASE/spring-jdbc-5.1.3.RELEASE.jar:/home/user/.m2/repository/org/springframework/spring-beans/5.1.3.RELEASE/spring-beans-5.1.3.RELEASE.jar:/home/user/.m2/repository/org/springframework/spring-core/5.1.3.RELEASE/spring-core-5.1.3.RELEASE.jar:/home/user/.m2/repository/org/springframework/spring-jcl/5.1.3.RELEASE/spring-jcl-5.1.3.RELEASE.jar:/home/user/.m2/repository/org/springframework/spring-tx/5.1.3.RELEASE/spring-tx-5.1.3.RELEASE.jar:/home/user/.m2/repository/org/mockito/mockito-core/2.15.0/mockito-core-2.15.0.jar:/home/user/.m2/repository/net/bytebuddy/byte-buddy/1.7.9/byte-buddy-1.7.9.jar:/home/user/.m2/repository/net/bytebuddy/byte-buddy-agent/1.7.9/byte-buddy-agent-1.7.9.jar:/home/user/.m2/repository/org/objenesis/objenesis/1.0/objenesis-1.0.jar:"/>
    <property name="java.vm.vendor" value="Oracle Corporation"/>
    <property name="sun.arch.data.model" value="64"/>
    <property name="test.build.dir" value="/workdir/hadoop-ozone/tools/target/test-dir"/>
    <property name="test.cache.data" value=""/>
    <property name="java.vendor.url" value="http://java.oracle.com/"/>
    <property name="user.timezone" value=""/>
    <property name="java.vm.specification.version" value="1.8"/>
    <property name="os.name" value="Linux"/>
    <property name="test.build.data" value="/workdir/hadoop-ozone/tools/target/test-dir"/>
    <property name="user.country" value="US"/>
    <property name="sun.java.launcher" value="SUN_STANDARD"/>
    <property name="sun.boot.library.path" value="/usr/lib/jvm/java-1.8.0-openjdk-1.8.0.222.b10-1.el7_7.x86_64/jre/lib/amd64"/>
    <property name="sun.java.command" value="/workdir/hadoop-ozone/tools/target/surefire/surefirebooter6178656842178893144.jar /workdir/hadoop-ozone/tools/target/surefire 2019-11-18T10-04-05_451-jvmRun1 surefire8913072161060819882tmp surefire_99471831310070948853tmp"/>
    <property name="surefire.test.class.path" value="/workdir/hadoop-ozone/tools/target/test-classes:/workdir/hadoop-ozone/tools/target/classes:/home/user/.m2/repository/org/apache/hadoop/hadoop-ozone-ozone-manager/0.5.0-SNAPSHOT/hadoop-ozone-ozone-manager-0.5.0-SNAPSHOT.jar:/home/user/.m2/repository/org/apache/hadoop/hadoop-hdds-docs/0.5.0-SNAPSHOT/hadoop-hdds-docs-0.5.0-SNAPSHOT.jar:/home/user/.m2/repository/org/bouncycastle/bcprov-jdk15on/1.60/bcprov-jdk15on-1.60.jar:/home/user/.m2/repository/org/apache/hadoop/hadoop-ozone-common/0.5.0-SNAPSHOT/hadoop-ozone-common-0.5.0-SNAPSHOT.jar:/home/user/.m2/repository/org/apache/commons/commons-compress/1.4.1/commons-compress-1.4.1.jar:/home/user/.m2/repository/org/tukaani/xz/1.0/xz-1.0.jar:/home/user/.m2/repository/org/apache/hadoop/hadoop-hdfs-client/3.2.0/hadoop-hdfs-client-3.2.0.jar:/home/user/.m2/repository/com/fasterxml/jackson/core/jackson-annotations/2.9.9/jackson-annotations-2.9.9.jar:/home/user/.m2/repository/org/apache/hadoop/hadoop-hdds-common/0.5.0-SNAPSHOT/hadoop-hdds-common-0.5.0-SNAPSHOT.jar:/home/user/.m2/repository/org/apache/hadoop/hadoop-hdds-config/0.5.0-SNAPSHOT/hadoop-hdds-config-0.5.0-SNAPSHOT.jar:/home/user/.m2/repository/javax/annotation/javax.annotation-api/1.2/javax.annotation-api-1.2.jar:/home/user/.m2/repository/org/apache/ratis/ratis-server/0.5.0-d6d58d0-SNAPSHOT/ratis-server-0.5.0-d6d58d0-SNAPSHOT.jar:/home/user/.m2/repository/org/apache/ratis/ratis-thirdparty-misc/0.2.0/ratis-thirdparty-misc-0.2.0.jar:/home/user/.m2/repository/org/apache/ratis/ratis-proto/0.5.0-d6d58d0-SNAPSHOT/ratis-proto-0.5.0-d6d58d0-SNAPSHOT.jar:/home/user/.m2/repository/org/apache/ratis/ratis-common/0.5.0-d6d58d0-SNAPSHOT/ratis-common-0.5.0-d6d58d0-SNAPSHOT.jar:/home/user/.m2/repository/org/apache/ratis/ratis-client/0.5.0-d6d58d0-SNAPSHOT/ratis-client-0.5.0-d6d58d0-SNAPSHOT.jar:/home/user/.m2/repository/org/apache/ratis/ratis-metrics/0.5.0-d6d58d0-SNAPSHOT/ratis-metrics-0.5.0-d6d58d0-SNAPSHOT.jar:/home/user/.m2/repository/org/apache/ratis/ratis-netty/0.5.0-d6d58d0-SNAPSHOT/ratis-netty-0.5.0-d6d58d0-SNAPSHOT.jar:/home/user/.m2/repository/org/apache/ratis/ratis-grpc/0.5.0-d6d58d0-SNAPSHOT/ratis-grpc-0.5.0-d6d58d0-SNAPSHOT.jar:/home/user/.m2/repository/org/rocksdb/rocksdbjni/6.0.1/rocksdbjni-6.0.1.jar:/home/user/.m2/repository/org/apache/logging/log4j/log4j-api/2.11.0/log4j-api-2.11.0.jar:/home/user/.m2/repository/org/apache/logging/log4j/log4j-core/2.11.0/log4j-core-2.11.0.jar:/home/user/.m2/repository/com/lmax/disruptor/3.4.2/disruptor-3.4.2.jar:/home/user/.m2/repository/org/apache/commons/commons-pool2/2.6.0/commons-pool2-2.6.0.jar:/home/user/.m2/repository/org/bouncycastle/bcpkix-jdk15on/1.60/bcpkix-jdk15on-1.60.jar:/home/user/.m2/repository/commons-validator/commons-validator/1.6/commons-validator-1.6.jar:/home/user/.m2/repository/commons-digester/commons-digester/1.8.1/commons-digester-1.8.1.jar:/home/user/.m2/repository/io/jaegertracing/jaeger-client/0.34.0/jaeger-client-0.34.0.jar:/home/user/.m2/repository/io/jaegertracing/jaeger-thrift/0.34.0/jaeger-thrift-0.34.0.jar:/home/user/.m2/repository/org/apache/thrift/libthrift/0.12.0/libthrift-0.12.0.jar:/home/user/.m2/repository/com/squareup/okhttp3/okhttp/3.9.0/okhttp-3.9.0.jar:/home/user/.m2/repository/com/squareup/okio/okio/1.13.0/okio-1.13.0.jar:/home/user/.m2/repository/io/jaegertracing/jaeger-core/0.34.0/jaeger-core-0.34.0.jar:/home/user/.m2/repository/io/jaegertracing/jaeger-tracerresolver/0.34.0/jaeger-tracerresolver-0.34.0.jar:/home/user/.m2/repository/io/opentracing/contrib/opentracing-tracerresolver/0.1.5/opentracing-tracerresolver-0.1.5.jar:/home/user/.m2/repository/io/opentracing/opentracing-util/0.31.0/opentracing-util-0.31.0.jar:/home/user/.m2/repository/io/opentracing/opentracing-api/0.31.0/opentracing-api-0.31.0.jar:/home/user/.m2/repository/io/opentracing/opentracing-noop/0.31.0/opentracing-noop-0.31.0.jar:/home/user/.m2/repository/org/yaml/snakeyaml/1.16/snakeyaml-1.16.jar:/home/user/.m2/repository/org/apache/hadoop/hadoop-hdds-container-service/0.5.0-SNAPSHOT/hadoop-hdds-container-service-0.5.0-SNAPSHOT.jar:/home/user/.m2/repository/org/apache/hadoop/hadoop-hdds-client/0.5.0-SNAPSHOT/hadoop-hdds-client-0.5.0-SNAPSHOT.jar:/home/user/.m2/repository/org/apache/hadoop/hadoop-hdds-tools/0.5.0-SNAPSHOT/hadoop-hdds-tools-0.5.0-SNAPSHOT.jar:/home/user/.m2/repository/org/xerial/sqlite-jdbc/3.25.2/sqlite-jdbc-3.25.2.jar:/home/user/.m2/repository/org/apache/hadoop/hadoop-hdds-server-scm/0.5.0-SNAPSHOT/hadoop-hdds-server-scm-0.5.0-SNAPSHOT.jar:/home/user/.m2/repository/org/hamcrest/hamcrest-all/1.3/hamcrest-all-1.3.jar:/home/user/.m2/repository/info/picocli/picocli/3.9.6/picocli-3.9.6.jar:/home/user/.m2/repository/com/google/protobuf/protobuf-java/2.5.0/protobuf-java-2.5.0.jar:/home/user/.m2/repository/com/google/guava/guava/11.0.2/guava-11.0.2.jar:/home/user/.m2/repository/org/apache/hadoop/hadoop-ozone-client/0.5.0-SNAPSHOT/hadoop-ozone-client-0.5.0-SNAPSHOT.jar:/workdir/hadoop-ozone/ozonefs/target/classes:/home/user/.m2/repository/org/apache/httpcomponents/httpclient/4.5.2/httpclient-4.5.2.jar:/home/user/.m2/repository/org/apache/httpcomponents/httpcore/4.4.4/httpcore-4.4.4.jar:/home/user/.m2/repository/org/apache/hadoop/hadoop-hdds-server-framework/0.5.0-SNAPSHOT/hadoop-hdds-server-framework-0.5.0-SNAPSHOT.jar:/home/user/.m2/repository/org/apache/hadoop/hadoop-common/3.2.0/hadoop-common-3.2.0.jar:/home/user/.m2/repository/org/apache/hadoop/hadoop-annotations/3.2.0/hadoop-annotations-3.2.0.jar:/usr/lib/jvm/java-1.8.0-openjdk-1.8.0.222.b10-1.el7_7.x86_64/jre/../lib/tools.jar:/home/user/.m2/repository/commons-cli/commons-cli/1.2/commons-cli-1.2.jar:/home/user/.m2/repository/org/apache/commons/commons-math3/3.1.1/commons-math3-3.1.1.jar:/home/user/.m2/repository/commons-codec/commons-codec/1.11/commons-codec-1.11.jar:/home/user/.m2/repository/commons-io/commons-io/2.5/commons-io-2.5.jar:/home/user/.m2/repository/commons-net/commons-net/3.6/commons-net-3.6.jar:/home/user/.m2/repository/commons-collections/commons-collections/3.2.2/commons-collections-3.2.2.jar:/home/user/.m2/repository/javax/servlet/javax.servlet-api/3.1.0/javax.servlet-api-3.1.0.jar:/home/user/.m2/repository/org/eclipse/jetty/jetty-server/9.3.25.v20180904/jetty-server-9.3.25.v20180904.jar:/home/user/.m2/repository/org/eclipse/jetty/jetty-http/9.3.25.v20180904/jetty-http-9.3.25.v20180904.jar:/home/user/.m2/repository/org/eclipse/jetty/jetty-io/9.3.25.v20180904/jetty-io-9.3.25.v20180904.jar:/home/user/.m2/repository/org/eclipse/jetty/jetty-util/9.3.25.v20180904/jetty-util-9.3.25.v20180904.jar:/home/user/.m2/repository/org/eclipse/jetty/jetty-servlet/9.3.25.v20180904/jetty-servlet-9.3.25.v20180904.jar:/home/user/.m2/repository/org/eclipse/jetty/jetty-security/9.3.25.v20180904/jetty-security-9.3.25.v20180904.jar:/home/user/.m2/repository/org/eclipse/jetty/jetty-webapp/9.3.25.v20180904/jetty-webapp-9.3.25.v20180904.jar:/home/user/.m2/repository/org/eclipse/jetty/jetty-xml/9.3.25.v20180904/jetty-xml-9.3.25.v20180904.jar:/home/user/.m2/repository/javax/servlet/jsp/jsp-api/2.1/jsp-api-2.1.jar:/home/user/.m2/repository/com/sun/jersey/jersey-core/1.19/jersey-core-1.19.jar:/home/user/.m2/repository/javax/ws/rs/jsr311-api/1.1.1/jsr311-api-1.1.1.jar:/home/user/.m2/repository/com/sun/jersey/jersey-servlet/1.19/jersey-servlet-1.19.jar:/home/user/.m2/repository/com/sun/jersey/jersey-json/1.19/jersey-json-1.19.jar:/home/user/.m2/repository/org/codehaus/jettison/jettison/1.1/jettison-1.1.jar:/home/user/.m2/repository/com/sun/xml/bind/jaxb-impl/2.3.0.1/jaxb-impl-2.3.0.1.jar:/home/user/.m2/repository/org/codehaus/jackson/jackson-core-asl/1.9.13/jackson-core-asl-1.9.13.jar:/home/user/.m2/repository/org/codehaus/jackson/jackson-mapper-asl/1.9.13/jackson-mapper-asl-1.9.13.jar:/home/user/.m2/repository/org/codehaus/jackson/jackson-jaxrs/1.9.13/jackson-jaxrs-1.9.13.jar:/home/user/.m2/repository/org/codehaus/jackson/jackson-xc/1.9.13/jackson-xc-1.9.13.jar:/home/user/.m2/repository/com/sun/jersey/jersey-server/1.19/jersey-server-1.19.jar:/home/user/.m2/repository/commons-logging/commons-logging/1.1.3/commons-logging-1.1.3.jar:/home/user/.m2/repository/log4j/log4j/1.2.17/log4j-1.2.17.jar:/home/user/.m2/repository/commons-beanutils/commons-beanutils/1.9.4/commons-beanutils-1.9.4.jar:/home/user/.m2/repository/org/apache/commons/commons-configuration2/2.1.1/commons-configuration2-2.1.1.jar:/home/user/.m2/repository/org/apache/commons/commons-lang3/3.7/commons-lang3-3.7.jar:/home/user/.m2/repository/org/apache/commons/commons-text/1.4/commons-text-1.4.jar:/home/user/.m2/repository/org/slf4j/slf4j-api/1.7.25/slf4j-api-1.7.25.jar:/home/user/.m2/repository/org/slf4j/slf4j-log4j12/1.7.25/slf4j-log4j12-1.7.25.jar:/home/user/.m2/repository/org/apache/avro/avro/1.7.7/avro-1.7.7.jar:/home/user/.m2/repository/com/thoughtworks/paranamer/paranamer/2.3/paranamer-2.3.jar:/home/user/.m2/repository/org/xerial/snappy/snappy-java/1.0.5/snappy-java-1.0.5.jar:/home/user/.m2/repository/com/google/re2j/re2j/1.1/re2j-1.1.jar:/home/user/.m2/repository/com/google/code/gson/gson/2.2.4/gson-2.2.4.jar:/home/user/.m2/repository/org/apache/hadoop/hadoop-auth/3.2.0/hadoop-auth-3.2.0.jar:/home/user/.m2/repository/com/nimbusds/nimbus-jose-jwt/4.41.1/nimbus-jose-jwt-4.41.1.jar:/home/user/.m2/repository/com/github/stephenc/jcip/jcip-annotations/1.0-1/jcip-annotations-1.0-1.jar:/home/user/.m2/repository/net/minidev/json-smart/2.3/json-smart-2.3.jar:/home/user/.m2/repository/net/minidev/accessors-smart/1.2/accessors-smart-1.2.jar:/home/user/.m2/repository/org/apache/curator/curator-framework/2.12.0/curator-framework-2.12.0.jar:/home/user/.m2/repository/com/jcraft/jsch/0.1.54/jsch-0.1.54.jar:/home/user/.m2/repository/org/apache/curator/curator-client/2.12.0/curator-client-2.12.0.jar:/home/user/.m2/repository/org/apache/curator/curator-recipes/2.12.0/curator-recipes-2.12.0.jar:/home/user/.m2/repository/com/google/code/findbugs/jsr305/3.0.0/jsr305-3.0.0.jar:/home/user/.m2/repository/org/apache/htrace/htrace-core4/4.1.0-incubating/htrace-core4-4.1.0-incubating.jar:/home/user/.m2/repository/org/apache/zookeeper/zookeeper/3.4.13/zookeeper-3.4.13.jar:/home/user/.m2/repository/jline/jline/0.9.94/jline-0.9.94.jar:/home/user/.m2/repository/org/apache/yetus/audience-annotations/0.5.0/audience-annotations-0.5.0.jar:/home/user/.m2/repository/org/apache/kerby/kerb-simplekdc/1.0.1/kerb-simplekdc-1.0.1.jar:/home/user/.m2/repository/org/apache/kerby/kerb-client/1.0.1/kerb-client-1.0.1.jar:/home/user/.m2/repository/org/apache/kerby/kerby-config/1.0.1/kerby-config-1.0.1.jar:/home/user/.m2/repository/org/apache/kerby/kerb-core/1.0.1/kerb-core-1.0.1.jar:/home/user/.m2/repository/org/apache/kerby/kerby-pkix/1.0.1/kerby-pkix-1.0.1.jar:/home/user/.m2/repository/org/apache/kerby/kerby-asn1/1.0.1/kerby-asn1-1.0.1.jar:/home/user/.m2/repository/org/apache/kerby/kerby-util/1.0.1/kerby-util-1.0.1.jar:/home/user/.m2/repository/org/apache/kerby/kerb-common/1.0.1/kerb-common-1.0.1.jar:/home/user/.m2/repository/org/apache/kerby/kerb-crypto/1.0.1/kerb-crypto-1.0.1.jar:/home/user/.m2/repository/org/apache/kerby/kerb-util/1.0.1/kerb-util-1.0.1.jar:/home/user/.m2/repository/org/apache/kerby/token-provider/1.0.1/token-provider-1.0.1.jar:/home/user/.m2/repository/org/apache/kerby/kerb-admin/1.0.1/kerb-admin-1.0.1.jar:/home/user/.m2/repository/org/apache/kerby/kerb-server/1.0.1/kerb-server-1.0.1.jar:/home/user/.m2/repository/org/apache/kerby/kerb-identity/1.0.1/kerb-identity-1.0.1.jar:/home/user/.m2/repository/org/apache/kerby/kerby-xdr/1.0.1/kerby-xdr-1.0.1.jar:/home/user/.m2/repository/com/fasterxml/jackson/core/jackson-databind/2.9.9/jackson-databind-2.9.9.jar:/home/user/.m2/repository/com/fasterxml/jackson/core/jackson-core/2.9.9/jackson-core-2.9.9.jar:/home/user/.m2/repository/org/codehaus/woodstox/stax2-api/3.1.4/stax2-api-3.1.4.jar:/home/user/.m2/repository/com/fasterxml/woodstox/woodstox-core/5.0.3/woodstox-core-5.0.3.jar:/home/user/.m2/repository/dnsjava/dnsjava/2.1.7/dnsjava-2.1.7.jar:/home/user/.m2/repository/org/apache/hadoop/hadoop-hdfs/3.2.0/hadoop-hdfs-3.2.0.jar:/home/user/.m2/repository/org/eclipse/jetty/jetty-util-ajax/9.3.25.v20180904/jetty-util-ajax-9.3.25.v20180904.jar:/home/user/.m2/repository/commons-daemon/commons-daemon/1.0.13/commons-daemon-1.0.13.jar:/home/user/.m2/repository/io/netty/netty/3.10.5.Final/netty-3.10.5.Final.jar:/home/user/.m2/repository/io/netty/netty-all/4.0.52.Final/netty-all-4.0.52.Final.jar:/home/user/.m2/repository/org/fusesource/leveldbjni/leveldbjni-all/1.8/leveldbjni-all-1.8.jar:/home/user/.m2/repository/com/sun/xml/bind/jaxb-core/2.3.0.1/jaxb-core-2.3.0.1.jar:/home/user/.m2/repository/javax/xml/bind/jaxb-api/2.3.0/jaxb-api-2.3.0.jar:/home/user/.m2/repository/javax/activation/activation/1.1.1/activation-1.1.1.jar:/home/user/.m2/repository/org/openjdk/jmh/jmh-core/1.19/jmh-core-1.19.jar:/home/user/.m2/repository/net/sf/jopt-simple/jopt-simple/4.6/jopt-simple-4.6.jar:/home/user/.m2/repository/org/openjdk/jmh/jmh-generator-annprocess/1.19/jmh-generator-annprocess-1.19.jar:/home/user/.m2/repository/io/dropwizard/metrics/metrics-core/3.2.4/metrics-core-3.2.4.jar:/home/user/.m2/repository/com/amazonaws/aws-java-sdk-s3/1.11.615/aws-java-sdk-s3-1.11.615.jar:/home/user/.m2/repository/com/amazonaws/aws-java-sdk-kms/1.11.615/aws-java-sdk-kms-1.11.615.jar:/home/user/.m2/repository/com/amazonaws/aws-java-sdk-core/1.11.615/aws-java-sdk-core-1.11.615.jar:/home/user/.m2/repository/software/amazon/ion/ion-java/1.0.2/ion-java-1.0.2.jar:/home/user/.m2/repository/com/fasterxml/jackson/dataformat/jackson-dataformat-cbor/2.9.9/jackson-dataformat-cbor-2.9.9.jar:/home/user/.m2/repository/joda-time/joda-time/2.9.9/joda-time-2.9.9.jar:/home/user/.m2/repository/com/amazonaws/jmespath-java/1.11.615/jmespath-java-1.11.615.jar:/home/user/.m2/repository/com/github/spotbugs/spotbugs/3.1.12/spotbugs-3.1.12.jar:/home/user/.m2/repository/org/ow2/asm/asm/5.0.4/asm-5.0.4.jar:/home/user/.m2/repository/org/ow2/asm/asm-analysis/7.0/asm-analysis-7.0.jar:/home/user/.m2/repository/org/ow2/asm/asm-commons/7.0/asm-commons-7.0.jar:/home/user/.m2/repository/org/ow2/asm/asm-tree/7.0/asm-tree-7.0.jar:/home/user/.m2/repository/org/ow2/asm/asm-util/7.0/asm-util-7.0.jar:/home/user/.m2/repository/org/apache/bcel/bcel/6.3/bcel-6.3.jar:/home/user/.m2/repository/net/jcip/jcip-annotations/1.0/jcip-annotations-1.0.jar:/home/user/.m2/repository/org/dom4j/dom4j/2.1.1/dom4j-2.1.1.jar:/home/user/.m2/repository/jaxen/jaxen/1.1.6/jaxen-1.1.6.jar:/home/user/.m2/repository/commons-lang/commons-lang/2.6/commons-lang-2.6.jar:/home/user/.m2/repository/com/github/spotbugs/spotbugs-annotations/3.1.12/spotbugs-annotations-3.1.12.jar:/home/user/.m2/repository/junit/junit/4.11/junit-4.11.jar:/home/user/.m2/repository/org/hamcrest/hamcrest-core/1.3/hamcrest-core-1.3.jar:/home/user/.m2/repository/org/apache/hadoop/hadoop-common/3.2.0/hadoop-common-3.2.0-tests.jar:/workdir/hadoop-ozone/integration-test/target/test-classes:/home/user/.m2/repository/org/apache/hadoop/hadoop-ozone-s3gateway/0.5.0-SNAPSHOT/hadoop-ozone-s3gateway-0.5.0-SNAPSHOT.jar:/home/user/.m2/repository/org/jboss/weld/servlet/weld-servlet/2.4.7.Final/weld-servlet-2.4.7.Final.jar:/home/user/.m2/repository/org/glassfish/jersey/containers/jersey-container-servlet-core/2.27/jersey-container-servlet-core-2.27.jar:/home/user/.m2/repository/org/glassfish/hk2/external/javax.inject/2.5.0-b42/javax.inject-2.5.0-b42.jar:/home/user/.m2/repository/org/glassfish/jersey/core/jersey-common/2.27/jersey-common-2.27.jar:/home/user/.m2/repository/org/glassfish/hk2/osgi-resource-locator/1.0.1/osgi-resource-locator-1.0.1.jar:/home/user/.m2/repository/javax/ws/rs/javax.ws.rs-api/2.1/javax.ws.rs-api-2.1.jar:/home/user/.m2/repository/org/glassfish/jersey/ext/cdi/jersey-cdi1x/2.27/jersey-cdi1x-2.27.jar:/home/user/.m2/repository/org/glassfish/jersey/inject/jersey-hk2/2.27/jersey-hk2-2.27.jar:/home/user/.m2/repository/org/glassfish/hk2/hk2-locator/2.5.0-b42/hk2-locator-2.5.0-b42.jar:/home/user/.m2/repository/org/javassist/javassist/3.22.0-CR2/javassist-3.22.0-CR2.jar:/home/user/.m2/repository/org/glassfish/hk2/hk2-api/2.5.0/hk2-api-2.5.0.jar:/home/user/.m2/repository/org/glassfish/hk2/external/jakarta.inject/2.5.0/jakarta.inject-2.5.0.jar:/home/user/.m2/repository/org/glassfish/hk2/hk2-utils/2.5.0/hk2-utils-2.5.0.jar:/home/user/.m2/repository/jakarta/annotation/jakarta.annotation-api/1.3.4/jakarta.annotation-api-1.3.4.jar:/home/user/.m2/repository/org/glassfish/hk2/external/aopalliance-repackaged/2.5.0/aopalliance-repackaged-2.5.0.jar:/home/user/.m2/repository/com/fasterxml/jackson/dataformat/jackson-dataformat-xml/2.9.0/jackson-dataformat-xml-2.9.0.jar:/home/user/.m2/repository/com/fasterxml/jackson/module/jackson-module-jaxb-annotations/2.9.9/jackson-module-jaxb-annotations-2.9.9.jar:/home/user/.m2/repository/javax/enterprise/cdi-api/1.2/cdi-api-1.2.jar:/home/user/.m2/repository/javax/el/javax.el-api/3.0.0/javax.el-api-3.0.0.jar:/home/user/.m2/repository/javax/interceptor/javax.interceptor-api/1.2/javax.interceptor-api-1.2.jar:/home/user/.m2/repository/javax/inject/javax.inject/1/javax.inject-1.jar:/home/user/.m2/repository/org/apache/hadoop/hadoop-ozone-csi/0.5.0-SNAPSHOT/hadoop-ozone-csi-0.5.0-SNAPSHOT.jar:/home/user/.m2/repository/com/google/protobuf/protobuf-java-util/3.5.1/protobuf-java-util-3.5.1.jar:/home/user/.m2/repository/io/grpc/grpc-netty/1.17.1/grpc-netty-1.17.1.jar:/home/user/.m2/repository/io/grpc/grpc-core/1.17.1/grpc-core-1.17.1.jar:/home/user/.m2/repository/io/grpc/grpc-context/1.17.1/grpc-context-1.17.1.jar:/home/user/.m2/repository/com/google/errorprone/error_prone_annotations/2.2.0/error_prone_annotations-2.2.0.jar:/home/user/.m2/repository/org/codehaus/mojo/animal-sniffer-annotations/1.17/animal-sniffer-annotations-1.17.jar:/home/user/.m2/repository/io/opencensus/opencensus-api/0.17.0/opencensus-api-0.17.0.jar:/home/user/.m2/repository/io/opencensus/opencensus-contrib-grpc-metrics/0.17.0/opencensus-contrib-grpc-metrics-0.17.0.jar:/home/user/.m2/repository/io/netty/netty-codec-http2/4.1.30.Final/netty-codec-http2-4.1.30.Final.jar:/home/user/.m2/repository/io/netty/netty-codec-http/4.1.30.Final/netty-codec-http-4.1.30.Final.jar:/home/user/.m2/repository/io/netty/netty-codec/4.1.30.Final/netty-codec-4.1.30.Final.jar:/home/user/.m2/repository/io/netty/netty-handler/4.1.30.Final/netty-handler-4.1.30.Final.jar:/home/user/.m2/repository/io/netty/netty-handler-proxy/4.1.30.Final/netty-handler-proxy-4.1.30.Final.jar:/home/user/.m2/repository/io/netty/netty-codec-socks/4.1.30.Final/netty-codec-socks-4.1.30.Final.jar:/home/user/.m2/repository/io/netty/netty-transport-native-epoll/4.1.30.Final/netty-transport-native-epoll-4.1.30.Final.jar:/home/user/.m2/repository/io/netty/netty-common/4.1.30.Final/netty-common-4.1.30.Final.jar:/home/user/.m2/repository/io/netty/netty-buffer/4.1.30.Final/netty-buffer-4.1.30.Final.jar:/home/user/.m2/repository/io/netty/netty-transport/4.1.30.Final/netty-transport-4.1.30.Final.jar:/home/user/.m2/repository/io/netty/netty-resolver/4.1.30.Final/netty-resolver-4.1.30.Final.jar:/home/user/.m2/repository/io/netty/netty-transport-native-unix-common/4.1.30.Final/netty-transport-native-unix-common-4.1.30.Final.jar:/home/user/.m2/repository/io/grpc/grpc-protobuf/1.17.1/grpc-protobuf-1.17.1.jar:/home/user/.m2/repository/com/google/api/grpc/proto-google-common-protos/1.0.0/proto-google-common-protos-1.0.0.jar:/home/user/.m2/repository/io/grpc/grpc-protobuf-lite/1.17.1/grpc-protobuf-lite-1.17.1.jar:/home/user/.m2/repository/io/grpc/grpc-stub/1.17.1/grpc-stub-1.17.1.jar:/home/user/.m2/repository/org/apache/hadoop/hadoop-ozone-recon/0.5.0-SNAPSHOT/hadoop-ozone-recon-0.5.0-SNAPSHOT.jar:/home/user/.m2/repository/org/apache/hadoop/hadoop-ozone-reconcodegen/0.5.0-SNAPSHOT/hadoop-ozone-reconcodegen-0.5.0-SNAPSHOT.jar:/home/user/.m2/repository/com/google/inject/extensions/guice-multibindings/4.0/guice-multibindings-4.0.jar:/home/user/.m2/repository/com/google/inject/guice/4.0/guice-4.0.jar:/home/user/.m2/repository/aopalliance/aopalliance/1.0/aopalliance-1.0.jar:/home/user/.m2/repository/com/google/inject/extensions/guice-servlet/4.0/guice-servlet-4.0.jar:/home/user/.m2/repository/org/glassfish/jersey/containers/jersey-container-servlet/2.27/jersey-container-servlet-2.27.jar:/home/user/.m2/repository/org/glassfish/hk2/guice-bridge/2.5.0/guice-bridge-2.5.0.jar:/home/user/.m2/repository/org/glassfish/jersey/core/jersey-server/2.27/jersey-server-2.27.jar:/home/user/.m2/repository/org/glassfish/jersey/core/jersey-client/2.27/jersey-client-2.27.jar:/home/user/.m2/repository/org/glassfish/jersey/media/jersey-media-jaxb/2.27/jersey-media-jaxb-2.27.jar:/home/user/.m2/repository/javax/validation/validation-api/1.1.0.Final/validation-api-1.1.0.Final.jar:/home/user/.m2/repository/org/glassfish/jersey/media/jersey-media-json-jackson/2.27/jersey-media-json-jackson-2.27.jar:/home/user/.m2/repository/org/glassfish/jersey/ext/jersey-entity-filtering/2.27/jersey-entity-filtering-2.27.jar:/home/user/.m2/repository/com/google/inject/extensions/guice-assistedinject/4.0/guice-assistedinject-4.0.jar:/home/user/.m2/repository/org/jooq/jooq/3.11.10/jooq-3.11.10.jar:/home/user/.m2/repository/org/jooq/jooq-meta/3.11.10/jooq-meta-3.11.10.jar:/home/user/.m2/repository/org/jooq/jooq-codegen/3.11.10/jooq-codegen-3.11.10.jar:/home/user/.m2/repository/com/jolbox/bonecp/0.8.0.RELEASE/bonecp-0.8.0.RELEASE.jar:/home/user/.m2/repository/org/springframework/spring-jdbc/5.1.3.RELEASE/spring-jdbc-5.1.3.RELEASE.jar:/home/user/.m2/repository/org/springframework/spring-beans/5.1.3.RELEASE/spring-beans-5.1.3.RELEASE.jar:/home/user/.m2/repository/org/springframework/spring-core/5.1.3.RELEASE/spring-core-5.1.3.RELEASE.jar:/home/user/.m2/repository/org/springframework/spring-jcl/5.1.3.RELEASE/spring-jcl-5.1.3.RELEASE.jar:/home/user/.m2/repository/org/springframework/spring-tx/5.1.3.RELEASE/spring-tx-5.1.3.RELEASE.jar:/home/user/.m2/repository/org/mockito/mockito-core/2.15.0/mockito-core-2.15.0.jar:/home/user/.m2/repository/net/bytebuddy/byte-buddy/1.7.9/byte-buddy-1.7.9.jar:/home/user/.m2/repository/net/bytebuddy/byte-buddy-agent/1.7.9/byte-buddy-agent-1.7.9.jar:/home/user/.m2/repository/org/objenesis/objenesis/1.0/objenesis-1.0.jar:"/>
    <property name="sun.cpu.endian" value="little"/>
    <property name="user.home" value="/home/user"/>
    <property name="user.language" value="en"/>
    <property name="java.specification.vendor" value="Oracle Corporation"/>
    <property name="java.home" value="/usr/lib/jvm/java-1.8.0-openjdk-1.8.0.222.b10-1.el7_7.x86_64/jre"/>
    <property name="surefire.excludesFile" value="/tools/ozone-bad-unit-tests"/>
    <property name="java.security.krb5.conf" value="/workdir/hadoop-ozone/tools/target/test-classes/krb5.conf"/>
    <property name="basedir" value="/workdir/hadoop-ozone/tools"/>
    <property name="file.separator" value="/"/>
    <property name="line.separator" value="&#10;"/>
    <property name="java.vm.specification.vendor" value="Oracle Corporation"/>
    <property name="java.specification.name" value="Java Platform API Specification"/>
    <property name="java.awt.graphicsenv" value="sun.awt.X11GraphicsEnvironment"/>
    <property name="surefire.real.class.path" value="/workdir/hadoop-ozone/tools/target/surefire/surefirebooter6178656842178893144.jar"/>
    <property name="hadoop.log.dir" value="/workdir/hadoop-ozone/tools/target/log"/>
    <property name="sun.boot.class.path" value="/usr/lib/jvm/java-1.8.0-openjdk-1.8.0.222.b10-1.el7_7.x86_64/jre/lib/resources.jar:/usr/lib/jvm/java-1.8.0-openjdk-1.8.0.222.b10-1.el7_7.x86_64/jre/lib/rt.jar:/usr/lib/jvm/java-1.8.0-openjdk-1.8.0.222.b10-1.el7_7.x86_64/jre/lib/sunrsasign.jar:/usr/lib/jvm/java-1.8.0-openjdk-1.8.0.222.b10-1.el7_7.x86_64/jre/lib/jsse.jar:/usr/lib/jvm/java-1.8.0-openjdk-1.8.0.222.b10-1.el7_7.x86_64/jre/lib/jce.jar:/usr/lib/jvm/java-1.8.0-openjdk-1.8.0.222.b10-1.el7_7.x86_64/jre/lib/charsets.jar:/usr/lib/jvm/java-1.8.0-openjdk-1.8.0.222.b10-1.el7_7.x86_64/jre/lib/jfr.jar:/usr/lib/jvm/java-1.8.0-openjdk-1.8.0.222.b10-1.el7_7.x86_64/jre/classes"/>
    <property name="sun.management.compiler" value="HotSpot 64-Bit Tiered Compilers"/>
    <property name="java.runtime.version" value="1.8.0_222-b10"/>
    <property name="java.net.preferIPv4Stack" value="true"/>
    <property name="user.name" value="jenkins1000"/>
    <property name="path.separator" value=":"/>
    <property name="java.security.egd" value="file:///dev/urandom"/>
    <property name="os.version" value="3.10.0-957.12.2.el7.x86_64"/>
    <property name="java.endorsed.dirs" value="/usr/lib/jvm/java-1.8.0-openjdk-1.8.0.222.b10-1.el7_7.x86_64/jre/lib/endorsed"/>
    <property name="java.runtime.name" value="OpenJDK Runtime Environment"/>
    <property name="file.encoding" value="ANSI_X3.4-1968"/>
    <property name="java.vm.name" value="OpenJDK 64-Bit Server VM"/>
    <property name="test.build.webapps" value=""/>
    <property name="localRepository" value="/home/user/.m2/repository"/>
    <property name="java.vendor.url.bug" value="http://bugreport.sun.com/bugreport/"/>
    <property name="java.io.tmpdir" value="/tmp"/>
    <property name="require.test.libhadoop" value=""/>
    <property name="java.version" value="1.8.0_222"/>
    <property name="user.dir" value="/workdir/hadoop-ozone/tools"/>
    <property name="os.arch" value="amd64"/>
    <property name="java.vm.specification.name" value="Java Virtual Machine Specification"/>
    <property name="test.build.classes" value="/workdir/hadoop-ozone/tools/target/test-classes"/>
    <property name="java.awt.printerjob" value="sun.print.PSPrinterJob"/>
    <property name="sun.os.patch.level" value="unknown"/>
    <property name="hadoop.tmp.dir" value="/workdir/hadoop-ozone/tools/target/tmp"/>
    <property name="java.library.path" value="/usr/lib:/workdir/hadoop-ozone/tools/target/native/target/usr/local/lib:/workdir/hadoop-ozone/tools/../../hadoop-common-project/hadoop-common/target/native/target/usr/local/lib:/usr/java/packages/lib/amd64:/usr/lib64:/lib64:/lib:/usr/lib"/>
    <property name="java.vm.info" value="mixed mode"/>
    <property name="java.vendor" value="Oracle Corporation"/>
    <property name="java.vm.version" value="25.222-b10"/>
    <property name="java.ext.dirs" value="/usr/lib/jvm/java-1.8.0-openjdk-1.8.0.222.b10-1.el7_7.x86_64/jre/lib/ext:/usr/java/packages/lib/ext"/>
    <property name="sun.io.unicode.encoding" value="UnicodeLittle"/>
    <property name="java.class.version" value="52.0"/>
  </properties>
  <testcase name="testRestart" classname="org.apache.hadoop.ozone.freon.TestFreonWithPipelineDestroy" time="18.237">
    <error message="INTERNAL_ERROR org.apache.hadoop.ozone.om.exceptions.OMException: Allocated 0 blocks. Requested 5 blocks" type="java.lang.RuntimeException">java.lang.RuntimeException: INTERNAL_ERROR org.apache.hadoop.ozone.om.exceptions.OMException: Allocated 0 blocks. Requested 5 blocks
	at org.apache.hadoop.ozone.freon.RandomKeyGenerator.call(RandomKeyGenerator.java:341)
	at org.apache.hadoop.ozone.freon.TestFreonWithPipelineDestroy.startFreon(TestFreonWithPipelineDestroy.java:87)
	at org.apache.hadoop.ozone.freon.TestFreonWithPipelineDestroy.testRestart(TestFreonWithPipelineDestroy.java:74)
	at sun.reflect.NativeMethodAccessorImpl.invoke0(Native Method)
	at sun.reflect.NativeMethodAccessorImpl.invoke(NativeMethodAccessorImpl.java:62)
	at sun.reflect.DelegatingMethodAccessorImpl.invoke(DelegatingMethodAccessorImpl.java:43)
	at java.lang.reflect.Method.invoke(Method.java:498)
	at org.junit.runners.model.FrameworkMethod$1.runReflectiveCall(FrameworkMethod.java:47)
	at org.junit.internal.runners.model.ReflectiveCallable.run(ReflectiveCallable.java:12)
	at org.junit.runners.model.FrameworkMethod.invokeExplosively(FrameworkMethod.java:44)
	at org.junit.internal.runners.statements.InvokeMethod.evaluate(InvokeMethod.java:17)
	at org.junit.runners.ParentRunner.runLeaf(ParentRunner.java:271)
	at org.junit.runners.BlockJUnit4ClassRunner.runChild(BlockJUnit4ClassRunner.java:70)
	at org.junit.runners.BlockJUnit4ClassRunner.runChild(BlockJUnit4ClassRunner.java:50)
	at org.junit.runners.ParentRunner$3.run(ParentRunner.java:238)
	at org.junit.runners.ParentRunner$1.schedule(ParentRunner.java:63)
	at org.junit.runners.ParentRunner.runChildren(ParentRunner.java:236)
	at org.junit.runners.ParentRunner.access$000(ParentRunner.java:53)
	at org.junit.runners.ParentRunner$2.evaluate(ParentRunner.java:229)
	at org.junit.internal.runners.statements.RunBefores.evaluate(RunBefores.java:26)
	at org.junit.internal.runners.statements.RunAfters.evaluate(RunAfters.java:27)
	at org.junit.runners.ParentRunner.run(ParentRunner.java:309)
	at org.apache.maven.surefire.junit4.JUnit4Provider.execute(JUnit4Provider.java:365)
	at org.apache.maven.surefire.junit4.JUnit4Provider.executeWithRerun(JUnit4Provider.java:273)
	at org.apache.maven.surefire.junit4.JUnit4Provider.executeTestSet(JUnit4Provider.java:238)
	at org.apache.maven.surefire.junit4.JUnit4Provider.invoke(JUnit4Provider.java:159)
	at org.apache.maven.surefire.booter.ForkedBooter.invokeProviderInSameClassLoader(ForkedBooter.java:384)
	at org.apache.maven.surefire.booter.ForkedBooter.runSuitesInProcess(ForkedBooter.java:345)
	at org.apache.maven.surefire.booter.ForkedBooter.execute(ForkedBooter.java:126)
	at org.apache.maven.surefire.booter.ForkedBooter.main(ForkedBooter.java:418)
Caused by: INTERNAL_ERROR org.apache.hadoop.ozone.om.exceptions.OMException: Allocated 0 blocks. Requested 5 blocks
	at org.apache.hadoop.ozone.om.protocolPB.OzoneManagerProtocolClientSideTranslatorPB.handleError(OzoneManagerProtocolClientSideTranslatorPB.java:761)
	at org.apache.hadoop.ozone.om.protocolPB.OzoneManagerProtocolClientSideTranslatorPB.openKey(OzoneManagerProtocolClientSideTranslatorPB.java:752)
	at sun.reflect.NativeMethodAccessorImpl.invoke0(Native Method)
	at sun.reflect.NativeMethodAccessorImpl.invoke(NativeMethodAccessorImpl.java:62)
	at sun.reflect.DelegatingMethodAccessorImpl.invoke(DelegatingMethodAccessorImpl.java:43)
	at java.lang.reflect.Method.invoke(Method.java:498)
	at org.apache.hadoop.hdds.tracing.TraceAllMethod.invoke(TraceAllMethod.java:66)
	at com.sun.proxy.$Proxy37.openKey(Unknown Source)
	at org.apache.hadoop.ozone.client.rpc.RpcClient.createKey(RpcClient.java:633)
	at org.apache.hadoop.ozone.client.OzoneBucket.createKey(OzoneBucket.java:325)
	at org.apache.hadoop.ozone.freon.RandomKeyGenerator.createKey(RandomKeyGenerator.java:697)
	at org.apache.hadoop.ozone.freon.RandomKeyGenerator.access$1100(RandomKeyGenerator.java:88)
	at org.apache.hadoop.ozone.freon.RandomKeyGenerator$ObjectCreator.run(RandomKeyGenerator.java:615)
	at java.util.concurrent.Executors$RunnableAdapter.call(Executors.java:511)
	at java.util.concurrent.FutureTask.run(FutureTask.java:266)
	at java.util.concurrent.ThreadPoolExecutor.runWorker(ThreadPoolExecutor.java:1149)
	at java.util.concurrent.ThreadPoolExecutor$Worker.run(ThreadPoolExecutor.java:624)
	at java.lang.Thread.run(Thread.java:748)
</error>
    <system-out><![CDATA[2019-11-18 11:50:38,519 [main] WARN  server.ServerUtils (ServerUtils.java:getScmDbDir(145)) - ozone.scm.db.dirs is not configured. We recommend adding this setting. Falling back to ozone.metadata.dirs instead.
2019-11-18 11:50:38,665 [main] WARN  server.ServerUtils (ServerUtils.java:getScmDbDir(145)) - ozone.scm.db.dirs is not configured. We recommend adding this setting. Falling back to ozone.metadata.dirs instead.
2019-11-18 11:50:38,668 [main] WARN  server.ServerUtils (ServerUtils.java:getScmDbDir(145)) - ozone.scm.db.dirs is not configured. We recommend adding this setting. Falling back to ozone.metadata.dirs instead.
2019-11-18 11:50:38,693 [main] INFO  util.log (Log.java:initialized(192)) - Logging initialized @905ms
2019-11-18 11:50:38,790 [main] INFO  db.DBStoreBuilder (DBStoreBuilder.java:addTable(127)) - using custom profile for table: deletedBlocks
2019-11-18 11:50:38,790 [main] INFO  db.DBStoreBuilder (DBStoreBuilder.java:processTables(183)) - Using default column profile:DBProfile.DISK for Table:deletedBlocks
2019-11-18 11:50:38,790 [main] INFO  db.DBStoreBuilder (DBStoreBuilder.java:addTable(127)) - using custom profile for table: validCerts
2019-11-18 11:50:38,791 [main] INFO  db.DBStoreBuilder (DBStoreBuilder.java:processTables(183)) - Using default column profile:DBProfile.DISK for Table:validCerts
2019-11-18 11:50:38,791 [main] INFO  db.DBStoreBuilder (DBStoreBuilder.java:addTable(127)) - using custom profile for table: revokedCerts
2019-11-18 11:50:38,791 [main] INFO  db.DBStoreBuilder (DBStoreBuilder.java:processTables(183)) - Using default column profile:DBProfile.DISK for Table:revokedCerts
2019-11-18 11:50:38,803 [main] INFO  db.DBStoreBuilder (DBStoreBuilder.java:addTable(127)) - using custom profile for table: default
2019-11-18 11:50:38,803 [main] INFO  db.DBStoreBuilder (DBStoreBuilder.java:processTables(189)) - Using default column profile:DBProfile.DISK for Table:default
2019-11-18 11:50:38,804 [main] INFO  db.DBStoreBuilder (DBStoreBuilder.java:getDbProfile(220)) - Using default options. DBProfile.DISK
2019-11-18 11:50:39,032 [main] INFO  net.NodeSchemaLoader (NodeSchemaLoader.java:loadSchemaFromFile(125)) - Loading file from sun.misc.CompoundEnumeration@5e0e82ae
2019-11-18 11:50:39,034 [main] INFO  net.NodeSchemaLoader (NodeSchemaLoader.java:loadSchema(171)) - Loading network topology layer schema file
2019-11-18 11:50:39,113 [main] INFO  node.SCMNodeManager (SCMNodeManager.java:<init>(116)) - Entering startup safe mode.
2019-11-18 11:50:39,179 [main] INFO  algorithms.ContainerPlacementPolicyFactory (ContainerPlacementPolicyFactory.java:getPolicy(57)) - Create container placement policy of type org.apache.hadoop.hdds.scm.container.placement.algorithms.SCMContainerPlacementRandom
2019-11-18 11:50:39,192 [main] WARN  server.ServerUtils (ServerUtils.java:getScmDbDir(145)) - ozone.scm.db.dirs is not configured. We recommend adding this setting. Falling back to ozone.metadata.dirs instead.
2019-11-18 11:50:39,250 [main] INFO  pipeline.SCMPipelineManager (SCMPipelineManager.java:initializePipelineState(136)) - No pipeline exists in current db
2019-11-18 11:50:39,252 [main] WARN  server.ServerUtils (ServerUtils.java:getScmDbDir(145)) - ozone.scm.db.dirs is not configured. We recommend adding this setting. Falling back to ozone.metadata.dirs instead.
2019-11-18 11:50:39,366 [main] INFO  safemode.HealthyPipelineSafeModeRule (HealthyPipelineSafeModeRule.java:<init>(92)) -  Total pipeline count is 0, healthy pipeline threshold count is 1
2019-11-18 11:50:39,370 [main] INFO  safemode.OneReplicaPipelineSafeModeRule (OneReplicaPipelineSafeModeRule.java:<init>(79)) - Total pipeline count is 0, pipeline's with at least one datanode reported threshold count is 0
2019-11-18 11:50:39,370 [main] WARN  events.EventQueue (EventQueue.java:fireEvent(183)) - No event handler registered for event TypedEvent{payloadType=SafeModeStatus, name='SafeModeStatus'}
2019-11-18 11:50:39,776 [main] INFO  ipc.CallQueueManager (CallQueueManager.java:<init>(84)) - Using callQueue: class java.util.concurrent.LinkedBlockingQueue, queueCapacity: 2000, scheduler: class org.apache.hadoop.ipc.DefaultRpcScheduler, ipcBackoff: false.
2019-11-18 11:50:39,920 [Socket Reader #1 for port 46442] INFO  ipc.Server (Server.java:run(1074)) - Starting Socket Reader #1 for port 46442
2019-11-18 11:50:39,954 [main] INFO  ipc.CallQueueManager (CallQueueManager.java:<init>(84)) - Using callQueue: class java.util.concurrent.LinkedBlockingQueue, queueCapacity: 2000, scheduler: class org.apache.hadoop.ipc.DefaultRpcScheduler, ipcBackoff: false.
2019-11-18 11:50:39,955 [Socket Reader #1 for port 45217] INFO  ipc.Server (Server.java:run(1074)) - Starting Socket Reader #1 for port 45217
2019-11-18 11:50:39,964 [main] INFO  ipc.CallQueueManager (CallQueueManager.java:<init>(84)) - Using callQueue: class java.util.concurrent.LinkedBlockingQueue, queueCapacity: 2000, scheduler: class org.apache.hadoop.ipc.DefaultRpcScheduler, ipcBackoff: false.
2019-11-18 11:50:39,965 [Socket Reader #1 for port 34734] INFO  ipc.Server (Server.java:run(1074)) - Starting Socket Reader #1 for port 34734
2019-11-18 11:50:39,990 [main] INFO  hdfs.DFSUtil (DFSUtil.java:httpServerTemplateForNNAndJN(1641)) - Starting Web-server for scm at: http://0.0.0.0:0
2019-11-18 11:50:40,168 [main] INFO  server.AuthenticationFilter (AuthenticationFilter.java:constructSecretProvider(240)) - Unable to initialize FileSignerSecretProvider, falling back to use random secrets.
2019-11-18 11:50:40,184 [main] WARN  http.HttpRequestLog (HttpRequestLog.java:getRequestLog(97)) - Jetty request log can only be enabled using Log4j
2019-11-18 11:50:40,193 [main] INFO  http.HttpServer2 (HttpServer2.java:addGlobalFilter(975)) - Added global filter 'safety' (class=org.apache.hadoop.http.HttpServer2$QuotingInputFilter)
2019-11-18 11:50:40,198 [main] INFO  http.HttpServer2 (HttpServer2.java:addFilter(948)) - Added filter static_user_filter (class=org.apache.hadoop.http.lib.StaticUserWebFilter$StaticUserFilter) to context scm
2019-11-18 11:50:40,199 [main] INFO  http.HttpServer2 (HttpServer2.java:addFilter(958)) - Added filter static_user_filter (class=org.apache.hadoop.http.lib.StaticUserWebFilter$StaticUserFilter) to context static
2019-11-18 11:50:40,199 [main] INFO  http.HttpServer2 (HttpServer2.java:addFilter(958)) - Added filter static_user_filter (class=org.apache.hadoop.http.lib.StaticUserWebFilter$StaticUserFilter) to context logs
2019-11-18 11:50:40,237 [main] INFO  server.StorageContainerManager (StorageContainerManager.java:start(765)) - StorageContainerLocationProtocol RPC server is listening at /0.0.0.0:34734
2019-11-18 11:50:40,294 [main] WARN  impl.MetricsConfig (MetricsConfig.java:loadFirst(134)) - Cannot locate configuration: tried hadoop-metrics2-storagecontainermanager.properties,hadoop-metrics2.properties
2019-11-18 11:50:40,308 [main] INFO  impl.MetricsSystemImpl (MetricsSystemImpl.java:startTimer(374)) - Scheduled Metric snapshot period at 10 second(s).
2019-11-18 11:50:40,308 [main] INFO  impl.MetricsSystemImpl (MetricsSystemImpl.java:start(191)) - StorageContainerManager metrics system started
2019-11-18 11:50:40,538 [main] INFO  server.SCMClientProtocolServer (SCMClientProtocolServer.java:start(160)) - RPC server for Client  is listening at /0.0.0.0:34734
2019-11-18 11:50:40,539 [IPC Server Responder] INFO  ipc.Server (Server.java:run(1314)) - IPC Server Responder: starting
2019-11-18 11:50:40,539 [IPC Server listener on 34734] INFO  ipc.Server (Server.java:run(1153)) - IPC Server listener on 34734: starting
2019-11-18 11:50:40,542 [main] INFO  server.StorageContainerManager (StorageContainerManager.java:start(775)) - ScmBlockLocationProtocol RPC server is listening at /0.0.0.0:45217
2019-11-18 11:50:40,542 [main] INFO  server.SCMBlockProtocolServer (SCMBlockProtocolServer.java:start(146)) - RPC server for Block Protocol is listening at /0.0.0.0:45217
2019-11-18 11:50:40,543 [IPC Server Responder] INFO  ipc.Server (Server.java:run(1314)) - IPC Server Responder: starting
2019-11-18 11:50:40,543 [IPC Server listener on 45217] INFO  ipc.Server (Server.java:run(1153)) - IPC Server listener on 45217: starting
2019-11-18 11:50:40,545 [main] INFO  server.StorageContainerManager (StorageContainerManager.java:start(779)) - ScmDatanodeProtocl RPC server is listening at /0.0.0.0:46442
2019-11-18 11:50:40,545 [main] INFO  server.SCMDatanodeProtocolServer (SCMDatanodeProtocolServer.java:start(177)) - RPC server for DataNodes is listening at /0.0.0.0:46442
2019-11-18 11:50:40,546 [IPC Server Responder] INFO  ipc.Server (Server.java:run(1314)) - IPC Server Responder: starting
2019-11-18 11:50:40,546 [IPC Server listener on 46442] INFO  ipc.Server (Server.java:run(1153)) - IPC Server listener on 46442: starting
2019-11-18 11:50:40,550 [main] INFO  http.HttpServer2 (HttpServer2.java:bindListener(1191)) - Jetty bound to port 38734
2019-11-18 11:50:40,551 [main] INFO  server.Server (Server.java:doStart(351)) - jetty-9.3.25.v20180904, build timestamp: 2018-09-04T21:11:46Z, git hash: 3ce520221d0240229c862b122d2b06c12a625732
2019-11-18 11:50:40,586 [main] INFO  handler.ContextHandler (ContextHandler.java:doStart(781)) - Started o.e.j.s.ServletContextHandler@4218500f{/logs,file:///workdir/hadoop-ozone/tools/target/log,AVAILABLE}
2019-11-18 11:50:40,586 [main] INFO  handler.ContextHandler (ContextHandler.java:doStart(781)) - Started o.e.j.s.ServletContextHandler@c2db68f{/static,jar:file:/home/user/.m2/repository/org/apache/hadoop/hadoop-hdds-server-scm/0.5.0-SNAPSHOT/hadoop-hdds-server-scm-0.5.0-SNAPSHOT.jar!/webapps/static,AVAILABLE}
2019-11-18 11:50:40,658 [main] INFO  handler.ContextHandler (ContextHandler.java:doStart(781)) - Started o.e.j.w.WebAppContext@37cd92d6{/,file:///tmp/jetty-0.0.0.0-38734-scm-_-any-2801623686142902409.dir/webapp/,AVAILABLE}{/scm}
2019-11-18 11:50:40,663 [main] INFO  server.AbstractConnector (AbstractConnector.java:doStart(278)) - Started ServerConnector@7e0aadd0{HTTP/1.1,[http/1.1]}{0.0.0.0:38734}
2019-11-18 11:50:40,663 [main] INFO  server.Server (Server.java:doStart(419)) - Started @2876ms
2019-11-18 11:50:40,665 [main] INFO  impl.MetricsSinkAdapter (MetricsSinkAdapter.java:start(204)) - Sink prometheus started
2019-11-18 11:50:40,666 [main] INFO  impl.MetricsSystemImpl (MetricsSystemImpl.java:registerSink(301)) - Registered sink prometheus
2019-11-18 11:50:40,667 [main] INFO  server.BaseHttpServer (BaseHttpServer.java:updateConnectorAddress(215)) - HTTP server of SCM is listening at http://0.0.0.0:38734
2019-11-18 11:50:40,674 [org.apache.hadoop.util.JvmPauseMonitor$Monitor@2f66e802] INFO  util.JvmPauseMonitor (JvmPauseMonitor.java:run(188)) - Starting JVM pause monitor
2019-11-18 11:50:40,680 [main] WARN  server.ServerUtils (ServerUtils.java:getDBPath(222)) - ozone.om.db.dirs is not configured. We recommend adding this setting. Falling back to ozone.metadata.dirs instead.
2019-11-18 11:50:40,815 [main] INFO  ha.OMHANodeDetails (OMHANodeDetails.java:loadOMHAConfig(190)) - Configuration either no ozone.om.address set. Falling back to the default OM address /127.0.0.1:0
2019-11-18 11:50:40,815 [main] INFO  ha.OMHANodeDetails (OMHANodeDetails.java:getOMNodeDetails(220)) - OM Service ID is not set. Setting it to the default ID: omServiceIdDefault
2019-11-18 11:50:40,817 [main] WARN  server.ServerUtils (ServerUtils.java:getDBPath(222)) - ozone.om.db.dirs is not configured. We recommend adding this setting. Falling back to ozone.metadata.dirs instead.
2019-11-18 11:50:40,818 [main] WARN  server.ServerUtils (ServerUtils.java:getDBPath(222)) - ozone.om.db.dirs is not configured. We recommend adding this setting. Falling back to ozone.metadata.dirs instead.
2019-11-18 11:50:41,461 [main] WARN  server.ServerUtils (ServerUtils.java:getDBPath(222)) - ozone.om.db.dirs is not configured. We recommend adding this setting. Falling back to ozone.metadata.dirs instead.
2019-11-18 11:50:41,469 [main] INFO  db.DBStoreBuilder (DBStoreBuilder.java:addTable(127)) - using custom profile for table: userTable
2019-11-18 11:50:41,469 [main] INFO  db.DBStoreBuilder (DBStoreBuilder.java:processTables(183)) - Using default column profile:DBProfile.DISK for Table:userTable
2019-11-18 11:50:41,469 [main] INFO  db.DBStoreBuilder (DBStoreBuilder.java:addTable(127)) - using custom profile for table: volumeTable
2019-11-18 11:50:41,470 [main] INFO  db.DBStoreBuilder (DBStoreBuilder.java:processTables(183)) - Using default column profile:DBProfile.DISK for Table:volumeTable
2019-11-18 11:50:41,470 [main] INFO  db.DBStoreBuilder (DBStoreBuilder.java:addTable(127)) - using custom profile for table: bucketTable
2019-11-18 11:50:41,470 [main] INFO  db.DBStoreBuilder (DBStoreBuilder.java:processTables(183)) - Using default column profile:DBProfile.DISK for Table:bucketTable
2019-11-18 11:50:41,470 [main] INFO  db.DBStoreBuilder (DBStoreBuilder.java:addTable(127)) - using custom profile for table: keyTable
2019-11-18 11:50:41,471 [main] INFO  db.DBStoreBuilder (DBStoreBuilder.java:processTables(183)) - Using default column profile:DBProfile.DISK for Table:keyTable
2019-11-18 11:50:41,471 [main] INFO  db.DBStoreBuilder (DBStoreBuilder.java:addTable(127)) - using custom profile for table: deletedTable
2019-11-18 11:50:41,471 [main] INFO  db.DBStoreBuilder (DBStoreBuilder.java:processTables(183)) - Using default column profile:DBProfile.DISK for Table:deletedTable
2019-11-18 11:50:41,471 [main] INFO  db.DBStoreBuilder (DBStoreBuilder.java:addTable(127)) - using custom profile for table: openKeyTable
2019-11-18 11:50:41,472 [main] INFO  db.DBStoreBuilder (DBStoreBuilder.java:processTables(183)) - Using default column profile:DBProfile.DISK for Table:openKeyTable
2019-11-18 11:50:41,472 [main] INFO  db.DBStoreBuilder (DBStoreBuilder.java:addTable(127)) - using custom profile for table: s3Table
2019-11-18 11:50:41,472 [main] INFO  db.DBStoreBuilder (DBStoreBuilder.java:processTables(183)) - Using default column profile:DBProfile.DISK for Table:s3Table
2019-11-18 11:50:41,472 [main] INFO  db.DBStoreBuilder (DBStoreBuilder.java:addTable(127)) - using custom profile for table: multipartInfoTable
2019-11-18 11:50:41,472 [main] INFO  db.DBStoreBuilder (DBStoreBuilder.java:processTables(183)) - Using default column profile:DBProfile.DISK for Table:multipartInfoTable
2019-11-18 11:50:41,473 [main] INFO  db.DBStoreBuilder (DBStoreBuilder.java:addTable(127)) - using custom profile for table: dTokenTable
2019-11-18 11:50:41,473 [main] INFO  db.DBStoreBuilder (DBStoreBuilder.java:processTables(183)) - Using default column profile:DBProfile.DISK for Table:dTokenTable
2019-11-18 11:50:41,473 [main] INFO  db.DBStoreBuilder (DBStoreBuilder.java:addTable(127)) - using custom profile for table: s3SecretTable
2019-11-18 11:50:41,473 [main] INFO  db.DBStoreBuilder (DBStoreBuilder.java:processTables(183)) - Using default column profile:DBProfile.DISK for Table:s3SecretTable
2019-11-18 11:50:41,474 [main] INFO  db.DBStoreBuilder (DBStoreBuilder.java:addTable(127)) - using custom profile for table: prefixTable
2019-11-18 11:50:41,474 [main] INFO  db.DBStoreBuilder (DBStoreBuilder.java:processTables(183)) - Using default column profile:DBProfile.DISK for Table:prefixTable
2019-11-18 11:50:41,474 [main] INFO  db.DBStoreBuilder (DBStoreBuilder.java:addTable(127)) - using custom profile for table: default
2019-11-18 11:50:41,474 [main] INFO  db.DBStoreBuilder (DBStoreBuilder.java:processTables(189)) - Using default column profile:DBProfile.DISK for Table:default
2019-11-18 11:50:41,475 [main] INFO  db.DBStoreBuilder (DBStoreBuilder.java:getDbProfile(220)) - Using default options. DBProfile.DISK
2019-11-18 11:50:41,986 [main] INFO  ipc.CallQueueManager (CallQueueManager.java:<init>(84)) - Using callQueue: class java.util.concurrent.LinkedBlockingQueue, queueCapacity: 2000, scheduler: class org.apache.hadoop.ipc.DefaultRpcScheduler, ipcBackoff: false.
2019-11-18 11:50:41,987 [Socket Reader #1 for port 37091] INFO  ipc.Server (Server.java:run(1074)) - Starting Socket Reader #1 for port 37091
2019-11-18 11:50:42,011 [main] INFO  om.OzoneManager (OzoneManager.java:start(1077)) - OzoneManager RPC server is listening at localhost/127.0.0.1:37091
2019-11-18 11:50:42,012 [main] INFO  impl.MetricsSystemImpl (MetricsSystemImpl.java:init(158)) - OzoneManager metrics system started (again)
2019-11-18 11:50:42,023 [IPC Server Responder] INFO  ipc.Server (Server.java:run(1314)) - IPC Server Responder: starting
2019-11-18 11:50:42,023 [IPC Server listener on 37091] INFO  ipc.Server (Server.java:run(1153)) - IPC Server listener on 37091: starting
2019-11-18 11:50:42,031 [main] INFO  hdfs.DFSUtil (DFSUtil.java:httpServerTemplateForNNAndJN(1641)) - Starting Web-server for ozoneManager at: http://0.0.0.0:0
2019-11-18 11:50:42,034 [main] INFO  server.AuthenticationFilter (AuthenticationFilter.java:constructSecretProvider(240)) - Unable to initialize FileSignerSecretProvider, falling back to use random secrets.
2019-11-18 11:50:42,035 [main] WARN  http.HttpRequestLog (HttpRequestLog.java:getRequestLog(97)) - Jetty request log can only be enabled using Log4j
2019-11-18 11:50:42,037 [main] INFO  http.HttpServer2 (HttpServer2.java:addGlobalFilter(975)) - Added global filter 'safety' (class=org.apache.hadoop.http.HttpServer2$QuotingInputFilter)
2019-11-18 11:50:42,039 [main] INFO  http.HttpServer2 (HttpServer2.java:addFilter(948)) - Added filter static_user_filter (class=org.apache.hadoop.http.lib.StaticUserWebFilter$StaticUserFilter) to context ozoneManager
2019-11-18 11:50:42,039 [main] INFO  http.HttpServer2 (HttpServer2.java:addFilter(958)) - Added filter static_user_filter (class=org.apache.hadoop.http.lib.StaticUserWebFilter$StaticUserFilter) to context static
2019-11-18 11:50:42,040 [main] INFO  http.HttpServer2 (HttpServer2.java:addFilter(958)) - Added filter static_user_filter (class=org.apache.hadoop.http.lib.StaticUserWebFilter$StaticUserFilter) to context logs
2019-11-18 11:50:42,043 [main] INFO  http.HttpServer2 (HttpServer2.java:bindListener(1191)) - Jetty bound to port 33567
2019-11-18 11:50:42,043 [main] INFO  server.Server (Server.java:doStart(351)) - jetty-9.3.25.v20180904, build timestamp: 2018-09-04T21:11:46Z, git hash: 3ce520221d0240229c862b122d2b06c12a625732
2019-11-18 11:50:42,046 [main] INFO  handler.ContextHandler (ContextHandler.java:doStart(781)) - Started o.e.j.s.ServletContextHandler@7e46d648{/logs,file:///workdir/hadoop-ozone/tools/target/log,AVAILABLE}
2019-11-18 11:50:42,047 [main] INFO  handler.ContextHandler (ContextHandler.java:doStart(781)) - Started o.e.j.s.ServletContextHandler@2b0b4d53{/static,jar:file:/home/user/.m2/repository/org/apache/hadoop/hadoop-ozone-ozone-manager/0.5.0-SNAPSHOT/hadoop-ozone-ozone-manager-0.5.0-SNAPSHOT.jar!/webapps/static,AVAILABLE}
2019-11-18 11:50:42,105 [main] INFO  handler.ContextHandler (ContextHandler.java:doStart(781)) - Started o.e.j.w.WebAppContext@4bee18dc{/,file:///tmp/jetty-0.0.0.0-33567-ozoneManager-_-any-5942302869278392721.dir/webapp/,AVAILABLE}{/ozoneManager}
2019-11-18 11:50:42,106 [main] INFO  server.AbstractConnector (AbstractConnector.java:doStart(278)) - Started ServerConnector@44f3fe83{HTTP/1.1,[http/1.1]}{0.0.0.0:33567}
2019-11-18 11:50:42,106 [main] INFO  server.Server (Server.java:doStart(419)) - Started @4319ms
2019-11-18 11:50:42,107 [main] WARN  impl.MetricsSystemImpl (MetricsSystemImpl.java:register(276)) - Sink prometheus already exists!
2019-11-18 11:50:42,108 [main] INFO  server.BaseHttpServer (BaseHttpServer.java:updateConnectorAddress(215)) - HTTP server of OZONEMANAGER is listening at http://0.0.0.0:33567
2019-11-18 11:50:42,414 [main] INFO  impl.MetricsSystemImpl (MetricsSystemImpl.java:init(158)) - HddsDatanode metrics system started (again)
2019-11-18 11:50:42,480 [main] INFO  ozone.HddsDatanodeService (HddsDatanodeService.java:start(186)) - HddsDatanodeService host:pr-hdds-2533-t5tnj-349417245 ip:192.168.34.54
2019-11-18 11:50:42,522 [main] INFO  volume.HddsVolume (HddsVolume.java:<init>(176)) - Creating Volume: /workdir/hadoop-ozone/tools/target/test-dir/MiniOzoneClusterImpl-f1b2f89b-fe02-4b37-a0e6-f89ef9b3e531/datanode-0/data/containers/hdds of  storage type : DISK and capacity : 1482555576320
2019-11-18 11:50:42,524 [main] INFO  volume.VolumeSet (VolumeSet.java:initializeVolumeSet(170)) - Added Volume : /workdir/hadoop-ozone/tools/target/test-dir/MiniOzoneClusterImpl-f1b2f89b-fe02-4b37-a0e6-f89ef9b3e531/datanode-0/data/containers/hdds to VolumeSet
2019-11-18 11:50:42,527 [main] INFO  volume.ThrottledAsyncChecker (ThrottledAsyncChecker.java:schedule(141)) - Scheduling a check for /workdir/hadoop-ozone/tools/target/test-dir/MiniOzoneClusterImpl-f1b2f89b-fe02-4b37-a0e6-f89ef9b3e531/datanode-0/data/containers/hdds
2019-11-18 11:50:42,545 [main] INFO  volume.HddsVolumeChecker (HddsVolumeChecker.java:checkAllVolumes(204)) - Scheduled health check for volume /workdir/hadoop-ozone/tools/target/test-dir/MiniOzoneClusterImpl-f1b2f89b-fe02-4b37-a0e6-f89ef9b3e531/datanode-0/data/containers/hdds
2019-11-18 11:50:42,647 [main] INFO  impl.RaftServerProxy (ConfUtils.java:logGet(43)) - raft.rpc.type = GRPC (default)
2019-11-18 11:50:42,724 [main] INFO  grpc.GrpcFactory (GrpcFactory.java:checkPooledByteBufAllocatorUseCacheForAllThreads(45)) - PERFORMANCE WARNING: useCacheForAllThreads is true that may cause Netty to create a lot garbage objects and, as a result, trigger GC.
	It is recommended to disable useCacheForAllThreads by setting -Dorg.apache.ratis.thirdparty.io.netty.allocator.useCacheForAllThreads=false in command line.
2019-11-18 11:50:42,730 [main] INFO  grpc.GrpcConfigKeys$Server (ConfUtils.java:logGet(43)) - raft.grpc.server.port = 0 (default)
2019-11-18 11:50:42,732 [main] INFO  server.GrpcService (ConfUtils.java:logGet(43)) - raft.grpc.message.size.max = 33570816 (custom)
2019-11-18 11:50:42,734 [main] INFO  server.RaftServerConfigKeys (ConfUtils.java:logGet(43)) - raft.server.log.appender.buffer.byte-limit = 33554432 (custom)
2019-11-18 11:50:42,734 [main] INFO  server.GrpcService (ConfUtils.java:logGet(43)) - raft.grpc.flow.control.window = 1MB (=1048576) (default)
2019-11-18 11:50:42,735 [main] INFO  server.RaftServerConfigKeys (ConfUtils.java:logGet(43)) - raft.server.rpc.request.timeout = 3000ms (default)
2019-11-18 11:50:42,943 [main] INFO  server.RaftServerConfigKeys (ConfUtils.java:logGet(43)) - raft.server.storage.dir = [/workdir/hadoop-ozone/tools/target/test-dir/MiniOzoneClusterImpl-f1b2f89b-fe02-4b37-a0e6-f89ef9b3e531/datanode-0/data/ratis] (custom)
2019-11-18 11:50:42,997 [main] INFO  hdfs.DFSUtil (DFSUtil.java:httpServerTemplateForNNAndJN(1641)) - Starting Web-server for hddsDatanode at: http://0.0.0.0:0
2019-11-18 11:50:42,999 [main] INFO  server.AuthenticationFilter (AuthenticationFilter.java:constructSecretProvider(240)) - Unable to initialize FileSignerSecretProvider, falling back to use random secrets.
2019-11-18 11:50:43,000 [main] WARN  http.HttpRequestLog (HttpRequestLog.java:getRequestLog(97)) - Jetty request log can only be enabled using Log4j
2019-11-18 11:50:43,002 [main] INFO  http.HttpServer2 (HttpServer2.java:addGlobalFilter(975)) - Added global filter 'safety' (class=org.apache.hadoop.http.HttpServer2$QuotingInputFilter)
2019-11-18 11:50:43,003 [main] INFO  http.HttpServer2 (HttpServer2.java:addFilter(948)) - Added filter static_user_filter (class=org.apache.hadoop.http.lib.StaticUserWebFilter$StaticUserFilter) to context hddsDatanode
2019-11-18 11:50:43,003 [main] INFO  http.HttpServer2 (HttpServer2.java:addFilter(958)) - Added filter static_user_filter (class=org.apache.hadoop.http.lib.StaticUserWebFilter$StaticUserFilter) to context logs
2019-11-18 11:50:43,003 [main] INFO  http.HttpServer2 (HttpServer2.java:addFilter(958)) - Added filter static_user_filter (class=org.apache.hadoop.http.lib.StaticUserWebFilter$StaticUserFilter) to context static
2019-11-18 11:50:43,004 [main] INFO  http.HttpServer2 (HttpServer2.java:bindListener(1191)) - Jetty bound to port 46786
2019-11-18 11:50:43,004 [main] INFO  server.Server (Server.java:doStart(351)) - jetty-9.3.25.v20180904, build timestamp: 2018-09-04T21:11:46Z, git hash: 3ce520221d0240229c862b122d2b06c12a625732
2019-11-18 11:50:43,007 [main] INFO  handler.ContextHandler (ContextHandler.java:doStart(781)) - Started o.e.j.s.ServletContextHandler@f951a7f{/logs,file:///workdir/hadoop-ozone/tools/target/log,AVAILABLE}
2019-11-18 11:50:43,008 [main] INFO  handler.ContextHandler (ContextHandler.java:doStart(781)) - Started o.e.j.s.ServletContextHandler@4c777e7b{/static,jar:file:/home/user/.m2/repository/org/apache/hadoop/hadoop-hdds-container-service/0.5.0-SNAPSHOT/hadoop-hdds-container-service-0.5.0-SNAPSHOT.jar!/webapps/static,AVAILABLE}
2019-11-18 11:50:43,040 [main] INFO  handler.ContextHandler (ContextHandler.java:doStart(781)) - Started o.e.j.w.WebAppContext@b606cb6{/,file:///tmp/jetty-0.0.0.0-46786-hddsDatanode-_-any-1430262364467334923.dir/webapp/,AVAILABLE}{/hddsDatanode}
2019-11-18 11:50:43,041 [main] INFO  server.AbstractConnector (AbstractConnector.java:doStart(278)) - Started ServerConnector@2a3194c6{HTTP/1.1,[http/1.1]}{0.0.0.0:46786}
2019-11-18 11:50:43,041 [main] INFO  server.Server (Server.java:doStart(419)) - Started @5254ms
2019-11-18 11:50:43,041 [main] WARN  impl.MetricsSystemImpl (MetricsSystemImpl.java:register(276)) - Sink prometheus already exists!
2019-11-18 11:50:43,043 [main] INFO  server.BaseHttpServer (BaseHttpServer.java:updateConnectorAddress(215)) - HTTP server of HDDSDATANODE is listening at http://0.0.0.0:46786
2019-11-18 11:50:43,044 [main] INFO  impl.MetricsSystemImpl (MetricsSystemImpl.java:init(158)) - HddsDatanode metrics system started (again)
2019-11-18 11:50:43,048 [main] INFO  ozone.HddsDatanodeService (HddsDatanodeService.java:start(186)) - HddsDatanodeService host:pr-hdds-2533-t5tnj-349417245 ip:192.168.34.54
2019-11-18 11:50:43,050 [org.apache.hadoop.util.JvmPauseMonitor$Monitor@45501319] INFO  util.JvmPauseMonitor (JvmPauseMonitor.java:run(188)) - Starting JVM pause monitor
2019-11-18 11:50:43,060 [main] INFO  volume.HddsVolume (HddsVolume.java:<init>(176)) - Creating Volume: /workdir/hadoop-ozone/tools/target/test-dir/MiniOzoneClusterImpl-f1b2f89b-fe02-4b37-a0e6-f89ef9b3e531/datanode-1/data/containers/hdds of  storage type : DISK and capacity : 1482555576320
2019-11-18 11:50:43,060 [main] INFO  volume.VolumeSet (VolumeSet.java:initializeVolumeSet(170)) - Added Volume : /workdir/hadoop-ozone/tools/target/test-dir/MiniOzoneClusterImpl-f1b2f89b-fe02-4b37-a0e6-f89ef9b3e531/datanode-1/data/containers/hdds to VolumeSet
2019-11-18 11:50:43,061 [main] INFO  volume.ThrottledAsyncChecker (ThrottledAsyncChecker.java:schedule(141)) - Scheduling a check for /workdir/hadoop-ozone/tools/target/test-dir/MiniOzoneClusterImpl-f1b2f89b-fe02-4b37-a0e6-f89ef9b3e531/datanode-1/data/containers/hdds
2019-11-18 11:50:43,062 [main] INFO  volume.HddsVolumeChecker (HddsVolumeChecker.java:checkAllVolumes(204)) - Scheduled health check for volume /workdir/hadoop-ozone/tools/target/test-dir/MiniOzoneClusterImpl-f1b2f89b-fe02-4b37-a0e6-f89ef9b3e531/datanode-1/data/containers/hdds
2019-11-18 11:50:43,086 [main] INFO  impl.RaftServerProxy (ConfUtils.java:logGet(43)) - raft.rpc.type = GRPC (default)
2019-11-18 11:50:43,086 [main] INFO  grpc.GrpcFactory (GrpcFactory.java:checkPooledByteBufAllocatorUseCacheForAllThreads(45)) - PERFORMANCE WARNING: useCacheForAllThreads is true that may cause Netty to create a lot garbage objects and, as a result, trigger GC.
	It is recommended to disable useCacheForAllThreads by setting -Dorg.apache.ratis.thirdparty.io.netty.allocator.useCacheForAllThreads=false in command line.
2019-11-18 11:50:43,087 [main] INFO  grpc.GrpcConfigKeys$Server (ConfUtils.java:logGet(43)) - raft.grpc.server.port = 0 (default)
2019-11-18 11:50:43,087 [main] INFO  server.GrpcService (ConfUtils.java:logGet(43)) - raft.grpc.message.size.max = 33570816 (custom)
2019-11-18 11:50:43,088 [main] INFO  server.RaftServerConfigKeys (ConfUtils.java:logGet(43)) - raft.server.log.appender.buffer.byte-limit = 33554432 (custom)
2019-11-18 11:50:43,088 [main] INFO  server.GrpcService (ConfUtils.java:logGet(43)) - raft.grpc.flow.control.window = 1MB (=1048576) (default)
2019-11-18 11:50:43,089 [main] INFO  server.RaftServerConfigKeys (ConfUtils.java:logGet(43)) - raft.server.rpc.request.timeout = 3000ms (default)
2019-11-18 11:50:43,090 [main] INFO  server.RaftServerConfigKeys (ConfUtils.java:logGet(43)) - raft.server.storage.dir = [/workdir/hadoop-ozone/tools/target/test-dir/MiniOzoneClusterImpl-f1b2f89b-fe02-4b37-a0e6-f89ef9b3e531/datanode-1/data/ratis] (custom)
2019-11-18 11:50:43,093 [main] INFO  hdfs.DFSUtil (DFSUtil.java:httpServerTemplateForNNAndJN(1641)) - Starting Web-server for hddsDatanode at: http://0.0.0.0:0
2019-11-18 11:50:43,095 [main] INFO  server.AuthenticationFilter (AuthenticationFilter.java:constructSecretProvider(240)) - Unable to initialize FileSignerSecretProvider, falling back to use random secrets.
2019-11-18 11:50:43,096 [main] WARN  http.HttpRequestLog (HttpRequestLog.java:getRequestLog(97)) - Jetty request log can only be enabled using Log4j
2019-11-18 11:50:43,099 [main] INFO  http.HttpServer2 (HttpServer2.java:addGlobalFilter(975)) - Added global filter 'safety' (class=org.apache.hadoop.http.HttpServer2$QuotingInputFilter)
2019-11-18 11:50:43,100 [main] INFO  http.HttpServer2 (HttpServer2.java:addFilter(948)) - Added filter static_user_filter (class=org.apache.hadoop.http.lib.StaticUserWebFilter$StaticUserFilter) to context hddsDatanode
2019-11-18 11:50:43,100 [main] INFO  http.HttpServer2 (HttpServer2.java:addFilter(958)) - Added filter static_user_filter (class=org.apache.hadoop.http.lib.StaticUserWebFilter$StaticUserFilter) to context logs
2019-11-18 11:50:43,101 [main] INFO  http.HttpServer2 (HttpServer2.java:addFilter(958)) - Added filter static_user_filter (class=org.apache.hadoop.http.lib.StaticUserWebFilter$StaticUserFilter) to context static
2019-11-18 11:50:43,102 [main] INFO  http.HttpServer2 (HttpServer2.java:bindListener(1191)) - Jetty bound to port 41458
2019-11-18 11:50:43,102 [main] INFO  server.Server (Server.java:doStart(351)) - jetty-9.3.25.v20180904, build timestamp: 2018-09-04T21:11:46Z, git hash: 3ce520221d0240229c862b122d2b06c12a625732
2019-11-18 11:50:43,106 [main] INFO  handler.ContextHandler (ContextHandler.java:doStart(781)) - Started o.e.j.s.ServletContextHandler@5e1d03d7{/logs,file:///workdir/hadoop-ozone/tools/target/log,AVAILABLE}
2019-11-18 11:50:43,107 [main] INFO  handler.ContextHandler (ContextHandler.java:doStart(781)) - Started o.e.j.s.ServletContextHandler@48d293ee{/static,jar:file:/home/user/.m2/repository/org/apache/hadoop/hadoop-hdds-container-service/0.5.0-SNAPSHOT/hadoop-hdds-container-service-0.5.0-SNAPSHOT.jar!/webapps/static,AVAILABLE}
2019-11-18 11:50:43,144 [main] INFO  handler.ContextHandler (ContextHandler.java:doStart(781)) - Started o.e.j.w.WebAppContext@1229a2b7{/,file:///tmp/jetty-0.0.0.0-41458-hddsDatanode-_-any-4627834425148643891.dir/webapp/,AVAILABLE}{/hddsDatanode}
2019-11-18 11:50:43,145 [main] INFO  server.AbstractConnector (AbstractConnector.java:doStart(278)) - Started ServerConnector@e5cbff2{HTTP/1.1,[http/1.1]}{0.0.0.0:41458}
2019-11-18 11:50:43,145 [main] INFO  server.Server (Server.java:doStart(419)) - Started @5358ms
2019-11-18 11:50:43,147 [main] WARN  impl.MetricsSystemImpl (MetricsSystemImpl.java:register(276)) - Sink prometheus already exists!
2019-11-18 11:50:43,148 [main] INFO  server.BaseHttpServer (BaseHttpServer.java:updateConnectorAddress(215)) - HTTP server of HDDSDATANODE is listening at http://0.0.0.0:41458
2019-11-18 11:50:43,148 [main] INFO  impl.MetricsSystemImpl (MetricsSystemImpl.java:init(158)) - HddsDatanode metrics system started (again)
2019-11-18 11:50:43,151 [main] INFO  ozone.HddsDatanodeService (HddsDatanodeService.java:start(186)) - HddsDatanodeService host:pr-hdds-2533-t5tnj-349417245 ip:192.168.34.54
2019-11-18 11:50:43,151 [org.apache.hadoop.util.JvmPauseMonitor$Monitor@1c965aba] INFO  util.JvmPauseMonitor (JvmPauseMonitor.java:run(188)) - Starting JVM pause monitor
2019-11-18 11:50:43,153 [Datanode State Machine Thread - 0] INFO  datanode.InitDatanodeState (InitDatanodeState.java:persistContainerDatanodeDetails(140)) - DatanodeDetails is persisted to /workdir/hadoop-ozone/tools/target/test-dir/MiniOzoneClusterImpl-f1b2f89b-fe02-4b37-a0e6-f89ef9b3e531/datanode-0/meta/datanode.id
2019-11-18 11:50:43,157 [Datanode State Machine Thread - 0] INFO  datanode.InitDatanodeState (InitDatanodeState.java:persistContainerDatanodeDetails(140)) - DatanodeDetails is persisted to /workdir/hadoop-ozone/tools/target/test-dir/MiniOzoneClusterImpl-f1b2f89b-fe02-4b37-a0e6-f89ef9b3e531/datanode-1/meta/datanode.id
2019-11-18 11:50:43,162 [main] INFO  volume.HddsVolume (HddsVolume.java:<init>(176)) - Creating Volume: /workdir/hadoop-ozone/tools/target/test-dir/MiniOzoneClusterImpl-f1b2f89b-fe02-4b37-a0e6-f89ef9b3e531/datanode-2/data/containers/hdds of  storage type : DISK and capacity : 1482555576320
2019-11-18 11:50:43,162 [main] INFO  volume.VolumeSet (VolumeSet.java:initializeVolumeSet(170)) - Added Volume : /workdir/hadoop-ozone/tools/target/test-dir/MiniOzoneClusterImpl-f1b2f89b-fe02-4b37-a0e6-f89ef9b3e531/datanode-2/data/containers/hdds to VolumeSet
2019-11-18 11:50:43,162 [main] INFO  volume.ThrottledAsyncChecker (ThrottledAsyncChecker.java:schedule(141)) - Scheduling a check for /workdir/hadoop-ozone/tools/target/test-dir/MiniOzoneClusterImpl-f1b2f89b-fe02-4b37-a0e6-f89ef9b3e531/datanode-2/data/containers/hdds
2019-11-18 11:50:43,163 [main] INFO  volume.HddsVolumeChecker (HddsVolumeChecker.java:checkAllVolumes(204)) - Scheduled health check for volume /workdir/hadoop-ozone/tools/target/test-dir/MiniOzoneClusterImpl-f1b2f89b-fe02-4b37-a0e6-f89ef9b3e531/datanode-2/data/containers/hdds
2019-11-18 11:50:43,177 [main] INFO  impl.RaftServerProxy (ConfUtils.java:logGet(43)) - raft.rpc.type = GRPC (default)
2019-11-18 11:50:43,177 [main] INFO  grpc.GrpcFactory (GrpcFactory.java:checkPooledByteBufAllocatorUseCacheForAllThreads(45)) - PERFORMANCE WARNING: useCacheForAllThreads is true that may cause Netty to create a lot garbage objects and, as a result, trigger GC.
	It is recommended to disable useCacheForAllThreads by setting -Dorg.apache.ratis.thirdparty.io.netty.allocator.useCacheForAllThreads=false in command line.
2019-11-18 11:50:43,177 [main] INFO  grpc.GrpcConfigKeys$Server (ConfUtils.java:logGet(43)) - raft.grpc.server.port = 0 (default)
2019-11-18 11:50:43,178 [main] INFO  server.GrpcService (ConfUtils.java:logGet(43)) - raft.grpc.message.size.max = 33570816 (custom)
2019-11-18 11:50:43,178 [main] INFO  server.RaftServerConfigKeys (ConfUtils.java:logGet(43)) - raft.server.log.appender.buffer.byte-limit = 33554432 (custom)
2019-11-18 11:50:43,178 [main] INFO  server.GrpcService (ConfUtils.java:logGet(43)) - raft.grpc.flow.control.window = 1MB (=1048576) (default)
2019-11-18 11:50:43,178 [main] INFO  server.RaftServerConfigKeys (ConfUtils.java:logGet(43)) - raft.server.rpc.request.timeout = 3000ms (default)
2019-11-18 11:50:43,179 [main] INFO  server.RaftServerConfigKeys (ConfUtils.java:logGet(43)) - raft.server.storage.dir = [/workdir/hadoop-ozone/tools/target/test-dir/MiniOzoneClusterImpl-f1b2f89b-fe02-4b37-a0e6-f89ef9b3e531/datanode-2/data/ratis] (custom)
2019-11-18 11:50:43,181 [main] INFO  hdfs.DFSUtil (DFSUtil.java:httpServerTemplateForNNAndJN(1641)) - Starting Web-server for hddsDatanode at: http://0.0.0.0:0
2019-11-18 11:50:43,184 [main] INFO  server.AuthenticationFilter (AuthenticationFilter.java:constructSecretProvider(240)) - Unable to initialize FileSignerSecretProvider, falling back to use random secrets.
2019-11-18 11:50:43,185 [main] WARN  http.HttpRequestLog (HttpRequestLog.java:getRequestLog(97)) - Jetty request log can only be enabled using Log4j
2019-11-18 11:50:43,188 [main] INFO  http.HttpServer2 (HttpServer2.java:addGlobalFilter(975)) - Added global filter 'safety' (class=org.apache.hadoop.http.HttpServer2$QuotingInputFilter)
2019-11-18 11:50:43,189 [main] INFO  http.HttpServer2 (HttpServer2.java:addFilter(948)) - Added filter static_user_filter (class=org.apache.hadoop.http.lib.StaticUserWebFilter$StaticUserFilter) to context hddsDatanode
2019-11-18 11:50:43,189 [main] INFO  http.HttpServer2 (HttpServer2.java:addFilter(958)) - Added filter static_user_filter (class=org.apache.hadoop.http.lib.StaticUserWebFilter$StaticUserFilter) to context logs
2019-11-18 11:50:43,189 [main] INFO  http.HttpServer2 (HttpServer2.java:addFilter(958)) - Added filter static_user_filter (class=org.apache.hadoop.http.lib.StaticUserWebFilter$StaticUserFilter) to context static
2019-11-18 11:50:43,191 [main] INFO  http.HttpServer2 (HttpServer2.java:bindListener(1191)) - Jetty bound to port 40165
2019-11-18 11:50:43,191 [main] INFO  server.Server (Server.java:doStart(351)) - jetty-9.3.25.v20180904, build timestamp: 2018-09-04T21:11:46Z, git hash: 3ce520221d0240229c862b122d2b06c12a625732
2019-11-18 11:50:43,194 [main] INFO  handler.ContextHandler (ContextHandler.java:doStart(781)) - Started o.e.j.s.ServletContextHandler@2849434b{/logs,file:///workdir/hadoop-ozone/tools/target/log,AVAILABLE}
2019-11-18 11:50:43,195 [main] INFO  handler.ContextHandler (ContextHandler.java:doStart(781)) - Started o.e.j.s.ServletContextHandler@65b97f47{/static,jar:file:/home/user/.m2/repository/org/apache/hadoop/hadoop-hdds-container-service/0.5.0-SNAPSHOT/hadoop-hdds-container-service-0.5.0-SNAPSHOT.jar!/webapps/static,AVAILABLE}
2019-11-18 11:50:43,251 [main] INFO  handler.ContextHandler (ContextHandler.java:doStart(781)) - Started o.e.j.w.WebAppContext@5bc28f40{/,file:///tmp/jetty-0.0.0.0-40165-hddsDatanode-_-any-2531486195151629461.dir/webapp/,AVAILABLE}{/hddsDatanode}
2019-11-18 11:50:43,252 [main] INFO  server.AbstractConnector (AbstractConnector.java:doStart(278)) - Started ServerConnector@46963479{HTTP/1.1,[http/1.1]}{0.0.0.0:40165}
2019-11-18 11:50:43,252 [main] INFO  server.Server (Server.java:doStart(419)) - Started @5465ms
2019-11-18 11:50:43,253 [main] WARN  impl.MetricsSystemImpl (MetricsSystemImpl.java:register(276)) - Sink prometheus already exists!
2019-11-18 11:50:43,254 [main] INFO  server.BaseHttpServer (BaseHttpServer.java:updateConnectorAddress(215)) - HTTP server of HDDSDATANODE is listening at http://0.0.0.0:40165
2019-11-18 11:50:43,255 [main] INFO  ozone.MiniOzoneClusterImpl (MiniOzoneClusterImpl.java:lambda$waitForClusterToBeReady$0(150)) - Waiting for nodes to be ready. Got 0 of 3 DN Heartbeats.
2019-11-18 11:50:43,256 [main] INFO  ozone.MiniOzoneClusterImpl (MiniOzoneClusterImpl.java:lambda$waitForClusterToBeReady$0(153)) - Waiting for cluster to exit safe mode
2019-11-18 11:50:43,256 [org.apache.hadoop.util.JvmPauseMonitor$Monitor@52fc8bf5] INFO  util.JvmPauseMonitor (JvmPauseMonitor.java:run(188)) - Starting JVM pause monitor
2019-11-18 11:50:43,259 [Datanode State Machine Thread - 0] INFO  datanode.InitDatanodeState (InitDatanodeState.java:persistContainerDatanodeDetails(140)) - DatanodeDetails is persisted to /workdir/hadoop-ozone/tools/target/test-dir/MiniOzoneClusterImpl-f1b2f89b-fe02-4b37-a0e6-f89ef9b3e531/datanode-2/meta/datanode.id
2019-11-18 11:50:44,256 [main] INFO  ozone.MiniOzoneClusterImpl (MiniOzoneClusterImpl.java:lambda$waitForClusterToBeReady$0(150)) - Waiting for nodes to be ready. Got 0 of 3 DN Heartbeats.
2019-11-18 11:50:44,256 [main] INFO  ozone.MiniOzoneClusterImpl (MiniOzoneClusterImpl.java:lambda$waitForClusterToBeReady$0(153)) - Waiting for cluster to exit safe mode
2019-11-18 11:50:45,137 [Datanode State Machine Thread - 0] INFO  ozoneimpl.OzoneContainer (OzoneContainer.java:start(230)) - Attempting to start container services.
2019-11-18 11:50:45,140 [Datanode State Machine Thread - 0] INFO  ozoneimpl.OzoneContainer (OzoneContainer.java:startContainerScrub(194)) - Background container scanner has been disabled.
2019-11-18 11:50:45,140 [Datanode State Machine Thread - 0] INFO  ratis.XceiverServerRatis (XceiverServerRatis.java:start(422)) - Starting XceiverServerRatis e69f106d-e861-448c-ab21-374271f7ff9a at port 0
2019-11-18 11:50:45,165 [Datanode State Machine Thread - 0] INFO  impl.RaftServerProxy (RaftServerProxy.java:lambda$start$3(299)) - e69f106d-e861-448c-ab21-374271f7ff9a: start RPC server
2019-11-18 11:50:45,170 [Datanode State Machine Thread - 0] INFO  ozoneimpl.OzoneContainer (OzoneContainer.java:start(230)) - Attempting to start container services.
2019-11-18 11:50:45,176 [Datanode State Machine Thread - 0] INFO  ozoneimpl.OzoneContainer (OzoneContainer.java:startContainerScrub(194)) - Background container scanner has been disabled.
2019-11-18 11:50:45,176 [Datanode State Machine Thread - 0] INFO  ratis.XceiverServerRatis (XceiverServerRatis.java:start(422)) - Starting XceiverServerRatis 5e5e1231-907b-4901-a10f-8e3e242e34fe at port 0
2019-11-18 11:50:45,186 [Datanode State Machine Thread - 0] INFO  impl.RaftServerProxy (RaftServerProxy.java:lambda$start$3(299)) - 5e5e1231-907b-4901-a10f-8e3e242e34fe: start RPC server
2019-11-18 11:50:45,257 [main] INFO  ozone.MiniOzoneClusterImpl (MiniOzoneClusterImpl.java:lambda$waitForClusterToBeReady$0(150)) - Waiting for nodes to be ready. Got 0 of 3 DN Heartbeats.
2019-11-18 11:50:45,257 [main] INFO  ozone.MiniOzoneClusterImpl (MiniOzoneClusterImpl.java:lambda$waitForClusterToBeReady$0(153)) - Waiting for cluster to exit safe mode
2019-11-18 11:50:45,272 [Datanode State Machine Thread - 0] INFO  ozoneimpl.OzoneContainer (OzoneContainer.java:start(230)) - Attempting to start container services.
2019-11-18 11:50:45,274 [Datanode State Machine Thread - 0] INFO  ozoneimpl.OzoneContainer (OzoneContainer.java:startContainerScrub(194)) - Background container scanner has been disabled.
2019-11-18 11:50:45,274 [Datanode State Machine Thread - 0] INFO  ratis.XceiverServerRatis (XceiverServerRatis.java:start(422)) - Starting XceiverServerRatis aa06615a-c948-4cd3-931c-8686c8b6e07c at port 0
2019-11-18 11:50:45,294 [Datanode State Machine Thread - 0] INFO  impl.RaftServerProxy (RaftServerProxy.java:lambda$start$3(299)) - aa06615a-c948-4cd3-931c-8686c8b6e07c: start RPC server
2019-11-18 11:50:45,312 [Datanode State Machine Thread - 0] INFO  server.GrpcService (GrpcService.java:startImpl(158)) - 5e5e1231-907b-4901-a10f-8e3e242e34fe: GrpcService started, listening on 0.0.0.0/0.0.0.0:36986
2019-11-18 11:50:45,312 [Datanode State Machine Thread - 0] INFO  server.GrpcService (GrpcService.java:startImpl(158)) - aa06615a-c948-4cd3-931c-8686c8b6e07c: GrpcService started, listening on 0.0.0.0/0.0.0.0:37413
2019-11-18 11:50:45,312 [Datanode State Machine Thread - 0] INFO  server.GrpcService (GrpcService.java:startImpl(158)) - e69f106d-e861-448c-ab21-374271f7ff9a: GrpcService started, listening on 0.0.0.0/0.0.0.0:34031
2019-11-18 11:50:45,312 [Datanode State Machine Thread - 0] INFO  ratis.XceiverServerRatis (XceiverServerRatis.java:start(432)) - XceiverServerRatis aa06615a-c948-4cd3-931c-8686c8b6e07c is started using port 37413
2019-11-18 11:50:45,312 [Datanode State Machine Thread - 0] INFO  ratis.XceiverServerRatis (XceiverServerRatis.java:start(432)) - XceiverServerRatis 5e5e1231-907b-4901-a10f-8e3e242e34fe is started using port 36986
2019-11-18 11:50:45,313 [Datanode State Machine Thread - 0] INFO  ratis.XceiverServerRatis (XceiverServerRatis.java:start(432)) - XceiverServerRatis e69f106d-e861-448c-ab21-374271f7ff9a is started using port 34031
2019-11-18 11:50:45,319 [Datanode State Machine Thread - 0] INFO  server.XceiverServerGrpc (XceiverServerGrpc.java:start(145)) - XceiverServerGrpc 5e5e1231-907b-4901-a10f-8e3e242e34fe is started using port 39772
2019-11-18 11:50:45,319 [Datanode State Machine Thread - 0] INFO  server.XceiverServerGrpc (XceiverServerGrpc.java:start(145)) - XceiverServerGrpc aa06615a-c948-4cd3-931c-8686c8b6e07c is started using port 45948
2019-11-18 11:50:45,319 [Datanode State Machine Thread - 0] INFO  server.XceiverServerGrpc (XceiverServerGrpc.java:start(145)) - XceiverServerGrpc e69f106d-e861-448c-ab21-374271f7ff9a is started using port 37236
2019-11-18 11:50:46,258 [main] INFO  ozone.MiniOzoneClusterImpl (MiniOzoneClusterImpl.java:lambda$waitForClusterToBeReady$0(150)) - Waiting for nodes to be ready. Got 0 of 3 DN Heartbeats.
2019-11-18 11:50:46,258 [main] INFO  ozone.MiniOzoneClusterImpl (MiniOzoneClusterImpl.java:lambda$waitForClusterToBeReady$0(153)) - Waiting for cluster to exit safe mode
2019-11-18 11:50:47,095 [IPC Server handler 0 on 46442] INFO  net.NetworkTopology (NetworkTopologyImpl.java:add(111)) - Added a new node: /default-rack/e69f106d-e861-448c-ab21-374271f7ff9a
2019-11-18 11:50:47,096 [IPC Server handler 0 on 46442] INFO  node.SCMNodeManager (SCMNodeManager.java:register(267)) - Registered Data node : e69f106d-e861-448c-ab21-374271f7ff9a{ip: 192.168.34.54, host: pr-hdds-2533-t5tnj-349417245, networkLocation: /default-rack, certSerialId: null}
2019-11-18 11:50:47,098 [EventQueue-NodeRegistrationContainerReportForContainerSafeModeRule] INFO  safemode.SCMSafeModeManager (SCMSafeModeManager.java:validateSafeModeExitRules(176)) - ContainerSafeModeRule rule is successfully validated
2019-11-18 11:50:47,099 [EventQueue-NodeRegistrationContainerReportForDataNodeSafeModeRule] INFO  safemode.SCMSafeModeManager (DataNodeSafeModeRule.java:process(71)) - SCM in safe mode. 1 DataNodes registered, 1 required.
2019-11-18 11:50:47,099 [EventQueue-NodeRegistrationContainerReportForDataNodeSafeModeRule] INFO  safemode.SCMSafeModeManager (SCMSafeModeManager.java:validateSafeModeExitRules(176)) - DataNodeSafeModeRule rule is successfully validated
2019-11-18 11:50:47,107 [RatisPipelineUtilsThread] INFO  pipeline.RatisPipelineProvider (RatisPipelineProvider.java:lambda$create$4(163)) - Send pipeline:PipelineID=dd7d303b-0261-4d2c-85f8-a7d2da6c50f9 create command to datanode e69f106d-e861-448c-ab21-374271f7ff9a
2019-11-18 11:50:47,126 [RatisPipelineUtilsThread] INFO  pipeline.PipelineStateManager (PipelineStateManager.java:addPipeline(55)) - Created pipeline Pipeline[ Id: dd7d303b-0261-4d2c-85f8-a7d2da6c50f9, Nodes: e69f106d-e861-448c-ab21-374271f7ff9a{ip: 192.168.34.54, host: pr-hdds-2533-t5tnj-349417245, networkLocation: /default-rack, certSerialId: null}, Type:RATIS, Factor:ONE, State:ALLOCATED]
2019-11-18 11:50:47,154 [IPC Server handler 1 on 46442] INFO  net.NetworkTopology (NetworkTopologyImpl.java:add(111)) - Added a new node: /default-rack/5e5e1231-907b-4901-a10f-8e3e242e34fe
2019-11-18 11:50:47,154 [IPC Server handler 1 on 46442] INFO  node.SCMNodeManager (SCMNodeManager.java:register(267)) - Registered Data node : 5e5e1231-907b-4901-a10f-8e3e242e34fe{ip: 192.168.34.54, host: pr-hdds-2533-t5tnj-349417245, networkLocation: /default-rack, certSerialId: null}
2019-11-18 11:50:47,155 [EventQueue-NodeRegistrationContainerReportForDataNodeSafeModeRule] INFO  safemode.SCMSafeModeManager (SCMSafeModeManager.java:validateSafeModeExitRules(176)) - DataNodeSafeModeRule rule is successfully validated
2019-11-18 11:50:47,155 [EventQueue-NodeRegistrationContainerReportForContainerSafeModeRule] INFO  safemode.SCMSafeModeManager (SCMSafeModeManager.java:validateSafeModeExitRules(176)) - ContainerSafeModeRule rule is successfully validated
2019-11-18 11:50:47,156 [RatisPipelineUtilsThread] INFO  pipeline.RatisPipelineProvider (RatisPipelineProvider.java:lambda$create$4(163)) - Send pipeline:PipelineID=6735119e-0441-490b-b9f9-496aab7499b6 create command to datanode 5e5e1231-907b-4901-a10f-8e3e242e34fe
2019-11-18 11:50:47,157 [RatisPipelineUtilsThread] INFO  pipeline.PipelineStateManager (PipelineStateManager.java:addPipeline(55)) - Created pipeline Pipeline[ Id: 6735119e-0441-490b-b9f9-496aab7499b6, Nodes: 5e5e1231-907b-4901-a10f-8e3e242e34fe{ip: 192.168.34.54, host: pr-hdds-2533-t5tnj-349417245, networkLocation: /default-rack, certSerialId: null}, Type:RATIS, Factor:ONE, State:ALLOCATED]
2019-11-18 11:50:47,259 [main] INFO  ozone.MiniOzoneClusterImpl (MiniOzoneClusterImpl.java:lambda$waitForClusterToBeReady$0(150)) - Waiting for nodes to be ready. Got 2 of 3 DN Heartbeats.
2019-11-18 11:50:47,259 [main] INFO  ozone.MiniOzoneClusterImpl (MiniOzoneClusterImpl.java:lambda$waitForClusterToBeReady$0(153)) - Waiting for cluster to exit safe mode
2019-11-18 11:50:47,259 [IPC Server handler 3 on 46442] INFO  net.NetworkTopology (NetworkTopologyImpl.java:add(111)) - Added a new node: /default-rack/aa06615a-c948-4cd3-931c-8686c8b6e07c
2019-11-18 11:50:47,260 [IPC Server handler 3 on 46442] INFO  node.SCMNodeManager (SCMNodeManager.java:register(267)) - Registered Data node : aa06615a-c948-4cd3-931c-8686c8b6e07c{ip: 192.168.34.54, host: pr-hdds-2533-t5tnj-349417245, networkLocation: /default-rack, certSerialId: null}
2019-11-18 11:50:47,260 [RatisPipelineUtilsThread] INFO  pipeline.RatisPipelineProvider (RatisPipelineProvider.java:lambda$create$4(163)) - Send pipeline:PipelineID=bd2a940b-f894-4684-a0a4-3cbe1dc80636 create command to datanode aa06615a-c948-4cd3-931c-8686c8b6e07c
2019-11-18 11:50:47,260 [EventQueue-NodeRegistrationContainerReportForContainerSafeModeRule] INFO  safemode.SCMSafeModeManager (SCMSafeModeManager.java:validateSafeModeExitRules(176)) - ContainerSafeModeRule rule is successfully validated
2019-11-18 11:50:47,260 [EventQueue-NodeRegistrationContainerReportForDataNodeSafeModeRule] INFO  safemode.SCMSafeModeManager (SCMSafeModeManager.java:validateSafeModeExitRules(176)) - DataNodeSafeModeRule rule is successfully validated
2019-11-18 11:50:47,260 [RatisPipelineUtilsThread] INFO  pipeline.PipelineStateManager (PipelineStateManager.java:addPipeline(55)) - Created pipeline Pipeline[ Id: bd2a940b-f894-4684-a0a4-3cbe1dc80636, Nodes: aa06615a-c948-4cd3-931c-8686c8b6e07c{ip: 192.168.34.54, host: pr-hdds-2533-t5tnj-349417245, networkLocation: /default-rack, certSerialId: null}, Type:RATIS, Factor:ONE, State:ALLOCATED]
2019-11-18 11:50:47,261 [RatisPipelineUtilsThread] INFO  pipeline.RatisPipelineProvider (RatisPipelineProvider.java:lambda$create$4(163)) - Send pipeline:PipelineID=66d5e2f5-e823-4adc-82a7-9d224c63b6fb create command to datanode e69f106d-e861-448c-ab21-374271f7ff9a
2019-11-18 11:50:47,261 [RatisPipelineUtilsThread] INFO  pipeline.RatisPipelineProvider (RatisPipelineProvider.java:lambda$create$4(163)) - Send pipeline:PipelineID=66d5e2f5-e823-4adc-82a7-9d224c63b6fb create command to datanode 5e5e1231-907b-4901-a10f-8e3e242e34fe
2019-11-18 11:50:47,262 [RatisPipelineUtilsThread] INFO  pipeline.RatisPipelineProvider (RatisPipelineProvider.java:lambda$create$4(163)) - Send pipeline:PipelineID=66d5e2f5-e823-4adc-82a7-9d224c63b6fb create command to datanode aa06615a-c948-4cd3-931c-8686c8b6e07c
2019-11-18 11:50:47,262 [RatisPipelineUtilsThread] INFO  pipeline.PipelineStateManager (PipelineStateManager.java:addPipeline(55)) - Created pipeline Pipeline[ Id: 66d5e2f5-e823-4adc-82a7-9d224c63b6fb, Nodes: e69f106d-e861-448c-ab21-374271f7ff9a{ip: 192.168.34.54, host: pr-hdds-2533-t5tnj-349417245, networkLocation: /default-rack, certSerialId: null}5e5e1231-907b-4901-a10f-8e3e242e34fe{ip: 192.168.34.54, host: pr-hdds-2533-t5tnj-349417245, networkLocation: /default-rack, certSerialId: null}aa06615a-c948-4cd3-931c-8686c8b6e07c{ip: 192.168.34.54, host: pr-hdds-2533-t5tnj-349417245, networkLocation: /default-rack, certSerialId: null}, Type:RATIS, Factor:THREE, State:ALLOCATED]
2019-11-18 11:50:48,259 [main] INFO  ozone.MiniOzoneClusterImpl (MiniOzoneClusterImpl.java:lambda$waitForClusterToBeReady$0(150)) - Nodes are ready. Got 3 of 3 DN Heartbeats.
2019-11-18 11:50:48,260 [main] INFO  ozone.MiniOzoneClusterImpl (MiniOzoneClusterImpl.java:lambda$waitForClusterToBeReady$0(153)) - Waiting for cluster to exit safe mode
2019-11-18 11:50:49,260 [main] INFO  ozone.MiniOzoneClusterImpl (MiniOzoneClusterImpl.java:lambda$waitForClusterToBeReady$0(150)) - Nodes are ready. Got 3 of 3 DN Heartbeats.
2019-11-18 11:50:49,261 [main] INFO  ozone.MiniOzoneClusterImpl (MiniOzoneClusterImpl.java:lambda$waitForClusterToBeReady$0(153)) - Waiting for cluster to exit safe mode
2019-11-18 11:50:50,081 [Command processor thread] INFO  impl.RaftServerProxy (RaftServerProxy.java:addNew(89)) - e69f106d-e861-448c-ab21-374271f7ff9a: addNew group-A7D2DA6C50F9:[e69f106d-e861-448c-ab21-374271f7ff9a:192.168.34.54:34031] returns group-A7D2DA6C50F9:java.util.concurrent.CompletableFuture@7501975a[Not completed]
2019-11-18 11:50:50,106 [pool-27-thread-1] INFO  impl.RaftServerImpl (RaftServerImpl.java:<init>(98)) - e69f106d-e861-448c-ab21-374271f7ff9a: new RaftServerImpl for group-A7D2DA6C50F9:[e69f106d-e861-448c-ab21-374271f7ff9a:192.168.34.54:34031] with ContainerStateMachine:uninitialized
2019-11-18 11:50:50,109 [pool-27-thread-1] INFO  server.RaftServerConfigKeys (ConfUtils.java:logGet(43)) - raft.server.rpc.timeout.min = 5s (custom)
2019-11-18 11:50:50,109 [pool-27-thread-1] INFO  server.RaftServerConfigKeys (ConfUtils.java:logGet(43)) - raft.server.rpc.timeout.max = 5200ms (custom)
2019-11-18 11:50:50,110 [pool-27-thread-1] INFO  server.RaftServerConfigKeys (ConfUtils.java:logGet(43)) - raft.server.rpcslowness.timeout = 120s (custom)
2019-11-18 11:50:50,111 [pool-27-thread-1] INFO  server.RaftServerConfigKeys (ConfUtils.java:logGet(43)) - raft.server.sleep.deviation.threshold = 300 (default)
2019-11-18 11:50:50,112 [pool-27-thread-1] INFO  server.RaftServerConfigKeys (ConfUtils.java:logGet(43)) - raft.server.log.appender.install.snapshot.enabled = false (custom)
2019-11-18 11:50:50,121 [pool-27-thread-1] INFO  impl.RaftServerImpl (ServerState.java:<init>(103)) - e69f106d-e861-448c-ab21-374271f7ff9a@group-A7D2DA6C50F9: ConfigurationManager, init=-1: [e69f106d-e861-448c-ab21-374271f7ff9a:192.168.34.54:34031], old=null, confs=<EMPTY_MAP>
2019-11-18 11:50:50,122 [pool-27-thread-1] INFO  server.RaftServerConfigKeys (ConfUtils.java:logGet(43)) - raft.server.storage.dir = [/workdir/hadoop-ozone/tools/target/test-dir/MiniOzoneClusterImpl-f1b2f89b-fe02-4b37-a0e6-f89ef9b3e531/datanode-0/data/ratis] (custom)
2019-11-18 11:50:50,129 [pool-27-thread-1] INFO  server.RaftServerConfigKeys (ConfUtils.java:logGet(43)) - raft.server.log.corruption.policy = EXCEPTION (default)
2019-11-18 11:50:50,131 [pool-27-thread-1] INFO  storage.RaftStorageDirectory (RaftStorageDirectory.java:analyzeStorage(246)) - The storage directory /workdir/hadoop-ozone/tools/target/test-dir/MiniOzoneClusterImpl-f1b2f89b-fe02-4b37-a0e6-f89ef9b3e531/datanode-0/data/ratis/dd7d303b-0261-4d2c-85f8-a7d2da6c50f9 does not exist. Creating ...
2019-11-18 11:50:50,153 [Command processor thread] INFO  impl.RaftServerProxy (RaftServerProxy.java:addNew(89)) - 5e5e1231-907b-4901-a10f-8e3e242e34fe: addNew group-496AAB7499B6:[5e5e1231-907b-4901-a10f-8e3e242e34fe:192.168.34.54:36986] returns group-496AAB7499B6:java.util.concurrent.CompletableFuture@40423bab[Not completed]
2019-11-18 11:50:50,166 [pool-27-thread-1] INFO  storage.RaftStorageDirectory (RaftStorageDirectory.java:tryLock(328)) - Lock on /workdir/hadoop-ozone/tools/target/test-dir/MiniOzoneClusterImpl-f1b2f89b-fe02-4b37-a0e6-f89ef9b3e531/datanode-0/data/ratis/dd7d303b-0261-4d2c-85f8-a7d2da6c50f9/in_use.lock acquired by nodename 24874@pr-hdds-2533-t5tnj-349417245
2019-11-18 11:50:50,175 [pool-37-thread-1] INFO  impl.RaftServerImpl (RaftServerImpl.java:<init>(98)) - 5e5e1231-907b-4901-a10f-8e3e242e34fe: new RaftServerImpl for group-496AAB7499B6:[5e5e1231-907b-4901-a10f-8e3e242e34fe:192.168.34.54:36986] with ContainerStateMachine:uninitialized
2019-11-18 11:50:50,177 [pool-37-thread-1] INFO  server.RaftServerConfigKeys (ConfUtils.java:logGet(43)) - raft.server.rpc.timeout.min = 5s (custom)
2019-11-18 11:50:50,177 [pool-37-thread-1] INFO  server.RaftServerConfigKeys (ConfUtils.java:logGet(43)) - raft.server.rpc.timeout.max = 5200ms (custom)
2019-11-18 11:50:50,177 [pool-37-thread-1] INFO  server.RaftServerConfigKeys (ConfUtils.java:logGet(43)) - raft.server.rpcslowness.timeout = 120s (custom)
2019-11-18 11:50:50,178 [pool-37-thread-1] INFO  server.RaftServerConfigKeys (ConfUtils.java:logGet(43)) - raft.server.sleep.deviation.threshold = 300 (default)
2019-11-18 11:50:50,178 [pool-37-thread-1] INFO  server.RaftServerConfigKeys (ConfUtils.java:logGet(43)) - raft.server.log.appender.install.snapshot.enabled = false (custom)
2019-11-18 11:50:50,178 [pool-37-thread-1] INFO  impl.RaftServerImpl (ServerState.java:<init>(103)) - 5e5e1231-907b-4901-a10f-8e3e242e34fe@group-496AAB7499B6: ConfigurationManager, init=-1: [5e5e1231-907b-4901-a10f-8e3e242e34fe:192.168.34.54:36986], old=null, confs=<EMPTY_MAP>
2019-11-18 11:50:50,179 [pool-37-thread-1] INFO  server.RaftServerConfigKeys (ConfUtils.java:logGet(43)) - raft.server.storage.dir = [/workdir/hadoop-ozone/tools/target/test-dir/MiniOzoneClusterImpl-f1b2f89b-fe02-4b37-a0e6-f89ef9b3e531/datanode-1/data/ratis] (custom)
2019-11-18 11:50:50,179 [pool-37-thread-1] INFO  server.RaftServerConfigKeys (ConfUtils.java:logGet(43)) - raft.server.log.corruption.policy = EXCEPTION (default)
2019-11-18 11:50:50,180 [pool-37-thread-1] INFO  storage.RaftStorageDirectory (RaftStorageDirectory.java:analyzeStorage(246)) - The storage directory /workdir/hadoop-ozone/tools/target/test-dir/MiniOzoneClusterImpl-f1b2f89b-fe02-4b37-a0e6-f89ef9b3e531/datanode-1/data/ratis/6735119e-0441-490b-b9f9-496aab7499b6 does not exist. Creating ...
2019-11-18 11:50:50,183 [pool-27-thread-1] INFO  storage.RaftStorage (RaftStorage.java:format(84)) - Storage directory /workdir/hadoop-ozone/tools/target/test-dir/MiniOzoneClusterImpl-f1b2f89b-fe02-4b37-a0e6-f89ef9b3e531/datanode-0/data/ratis/dd7d303b-0261-4d2c-85f8-a7d2da6c50f9 has been successfully formatted.
2019-11-18 11:50:50,185 [pool-37-thread-1] INFO  storage.RaftStorageDirectory (RaftStorageDirectory.java:tryLock(328)) - Lock on /workdir/hadoop-ozone/tools/target/test-dir/MiniOzoneClusterImpl-f1b2f89b-fe02-4b37-a0e6-f89ef9b3e531/datanode-1/data/ratis/6735119e-0441-490b-b9f9-496aab7499b6/in_use.lock acquired by nodename 24874@pr-hdds-2533-t5tnj-349417245
2019-11-18 11:50:50,186 [pool-27-thread-1] INFO  ratis.ContainerStateMachine (ContainerStateMachine.java:loadSnapshot(223)) - group-A7D2DA6C50F9: The snapshot info is null. Setting the last applied indexto:(t:0, i:~)
2019-11-18 11:50:50,186 [pool-27-thread-1] INFO  server.RaftServerConfigKeys (ConfUtils.java:logGet(43)) - raft.server.notification.no-leader.timeout = 120s (custom)
2019-11-18 11:50:50,188 [pool-37-thread-1] INFO  storage.RaftStorage (RaftStorage.java:format(84)) - Storage directory /workdir/hadoop-ozone/tools/target/test-dir/MiniOzoneClusterImpl-f1b2f89b-fe02-4b37-a0e6-f89ef9b3e531/datanode-1/data/ratis/6735119e-0441-490b-b9f9-496aab7499b6 has been successfully formatted.
2019-11-18 11:50:50,190 [pool-37-thread-1] INFO  ratis.ContainerStateMachine (ContainerStateMachine.java:loadSnapshot(223)) - group-496AAB7499B6: The snapshot info is null. Setting the last applied indexto:(t:0, i:~)
2019-11-18 11:50:50,190 [pool-27-thread-1] INFO  server.RaftServerConfigKeys (ConfUtils.java:logGet(43)) - raft.server.log.use.memory = false (default)
2019-11-18 11:50:50,190 [pool-37-thread-1] INFO  server.RaftServerConfigKeys (ConfUtils.java:logGet(43)) - raft.server.notification.no-leader.timeout = 120s (custom)
2019-11-18 11:50:50,191 [pool-37-thread-1] INFO  server.RaftServerConfigKeys (ConfUtils.java:logGet(43)) - raft.server.log.use.memory = false (default)
2019-11-18 11:50:50,197 [pool-27-thread-1] INFO  server.RaftServerConfigKeys (ConfUtils.java:logGet(43)) - raft.server.log.purge.gap = 1000000 (custom)
2019-11-18 11:50:50,197 [pool-37-thread-1] INFO  server.RaftServerConfigKeys (ConfUtils.java:logGet(43)) - raft.server.log.purge.gap = 1000000 (custom)
2019-11-18 11:50:50,198 [pool-27-thread-1] INFO  server.RaftServerConfigKeys (ConfUtils.java:logGet(43)) - raft.server.log.appender.buffer.byte-limit = 33554432 (custom)
2019-11-18 11:50:50,198 [pool-37-thread-1] INFO  server.RaftServerConfigKeys (ConfUtils.java:logGet(43)) - raft.server.log.appender.buffer.byte-limit = 33554432 (custom)
2019-11-18 11:50:50,201 [pool-37-thread-1] INFO  server.RaftServerConfigKeys (ConfUtils.java:logGet(43)) - raft.server.log.segment.size.max = 1048576 (custom)
2019-11-18 11:50:50,201 [pool-27-thread-1] INFO  server.RaftServerConfigKeys (ConfUtils.java:logGet(43)) - raft.server.log.segment.size.max = 1048576 (custom)
2019-11-18 11:50:50,209 [pool-37-thread-1] INFO  metrics.MetricRegistries (MetricRegistriesLoader.java:load(64)) - Loaded MetricRegistries class org.apache.ratis.metrics.impl.MetricRegistriesImpl
2019-11-18 11:50:50,215 [pool-27-thread-1] WARN  impl.MetricRegistriesImpl (MetricRegistriesImpl.java:lambda$create$1(61)) - First MetricRegistry has been created without registering reporters. You may need to call MetricRegistries.global().addReportRegistration(...) before.
2019-11-18 11:50:50,215 [pool-37-thread-1] WARN  impl.MetricRegistriesImpl (MetricRegistriesImpl.java:lambda$create$1(61)) - First MetricRegistry has been created without registering reporters. You may need to call MetricRegistries.global().addReportRegistration(...) before.
2019-11-18 11:50:50,225 [pool-37-thread-1] INFO  server.RaftServerConfigKeys (ConfUtils.java:logGet(43)) - raft.server.log.segment.cache.num.max = 2 (custom)
2019-11-18 11:50:50,225 [pool-27-thread-1] INFO  server.RaftServerConfigKeys (ConfUtils.java:logGet(43)) - raft.server.log.segment.cache.num.max = 2 (custom)
2019-11-18 11:50:50,233 [pool-37-thread-1] INFO  segmented.SegmentedRaftLogWorker (SegmentedRaftLogWorker.java:<init>(173)) - new 5e5e1231-907b-4901-a10f-8e3e242e34fe@group-496AAB7499B6-SegmentedRaftLogWorker for RaftStorage:Storage Directory /workdir/hadoop-ozone/tools/target/test-dir/MiniOzoneClusterImpl-f1b2f89b-fe02-4b37-a0e6-f89ef9b3e531/datanode-1/data/ratis/6735119e-0441-490b-b9f9-496aab7499b6
2019-11-18 11:50:50,233 [pool-27-thread-1] INFO  segmented.SegmentedRaftLogWorker (SegmentedRaftLogWorker.java:<init>(173)) - new e69f106d-e861-448c-ab21-374271f7ff9a@group-A7D2DA6C50F9-SegmentedRaftLogWorker for RaftStorage:Storage Directory /workdir/hadoop-ozone/tools/target/test-dir/MiniOzoneClusterImpl-f1b2f89b-fe02-4b37-a0e6-f89ef9b3e531/datanode-0/data/ratis/dd7d303b-0261-4d2c-85f8-a7d2da6c50f9
2019-11-18 11:50:50,234 [pool-37-thread-1] INFO  server.RaftServerConfigKeys (ConfUtils.java:logGet(43)) - raft.server.log.queue.byte-limit = 2147483647 (custom)
2019-11-18 11:50:50,234 [pool-27-thread-1] INFO  server.RaftServerConfigKeys (ConfUtils.java:logGet(43)) - raft.server.log.queue.byte-limit = 2147483647 (custom)
2019-11-18 11:50:50,235 [pool-37-thread-1] INFO  server.RaftServerConfigKeys (ConfUtils.java:logGet(43)) - raft.server.log.queue.element-limit = 1024 (custom)
2019-11-18 11:50:50,235 [pool-27-thread-1] INFO  server.RaftServerConfigKeys (ConfUtils.java:logGet(43)) - raft.server.log.queue.element-limit = 1024 (custom)
2019-11-18 11:50:50,236 [pool-37-thread-1] INFO  server.RaftServerConfigKeys (ConfUtils.java:logGet(43)) - raft.server.log.segment.size.max = 1048576 (custom)
2019-11-18 11:50:50,236 [pool-27-thread-1] INFO  server.RaftServerConfigKeys (ConfUtils.java:logGet(43)) - raft.server.log.segment.size.max = 1048576 (custom)
2019-11-18 11:50:50,237 [pool-37-thread-1] INFO  server.RaftServerConfigKeys (ConfUtils.java:logGet(43)) - raft.server.log.preallocated.size = 16384 (custom)
2019-11-18 11:50:50,237 [pool-27-thread-1] INFO  server.RaftServerConfigKeys (ConfUtils.java:logGet(43)) - raft.server.log.preallocated.size = 16384 (custom)
2019-11-18 11:50:50,238 [pool-37-thread-1] INFO  server.RaftServerConfigKeys (ConfUtils.java:logGet(43)) - raft.server.log.write.buffer.size = 33554432 (custom)
2019-11-18 11:50:50,238 [pool-27-thread-1] INFO  server.RaftServerConfigKeys (ConfUtils.java:logGet(43)) - raft.server.log.write.buffer.size = 33554432 (custom)
2019-11-18 11:50:50,238 [pool-37-thread-1] INFO  server.RaftServerConfigKeys (ConfUtils.java:logGet(43)) - raft.server.log.force.sync.num = 128 (default)
2019-11-18 11:50:50,238 [pool-27-thread-1] INFO  server.RaftServerConfigKeys (ConfUtils.java:logGet(43)) - raft.server.log.force.sync.num = 128 (default)
2019-11-18 11:50:50,240 [pool-37-thread-1] INFO  server.RaftServerConfigKeys (ConfUtils.java:logGet(43)) - raft.server.log.statemachine.data.sync = true (default)
2019-11-18 11:50:50,240 [pool-27-thread-1] INFO  server.RaftServerConfigKeys (ConfUtils.java:logGet(43)) - raft.server.log.statemachine.data.sync = true (default)
2019-11-18 11:50:50,240 [pool-37-thread-1] INFO  server.RaftServerConfigKeys (ConfUtils.java:logGet(43)) - raft.server.log.statemachine.data.sync.timeout = 10s (default)
2019-11-18 11:50:50,240 [pool-27-thread-1] INFO  server.RaftServerConfigKeys (ConfUtils.java:logGet(43)) - raft.server.log.statemachine.data.sync.timeout = 10s (default)
2019-11-18 11:50:50,241 [pool-37-thread-1] INFO  server.RaftServerConfigKeys (ConfUtils.java:logGet(43)) - raft.server.log.statemachine.data.sync.timeout.retry = -1 (default)
2019-11-18 11:50:50,241 [pool-27-thread-1] INFO  server.RaftServerConfigKeys (ConfUtils.java:logGet(43)) - raft.server.log.statemachine.data.sync.timeout.retry = -1 (default)
2019-11-18 11:50:50,257 [Command processor thread] INFO  impl.RaftServerProxy (RaftServerProxy.java:addNew(89)) - aa06615a-c948-4cd3-931c-8686c8b6e07c: addNew group-3CBE1DC80636:[aa06615a-c948-4cd3-931c-8686c8b6e07c:192.168.34.54:37413] returns group-3CBE1DC80636:java.util.concurrent.CompletableFuture@4de66de2[Not completed]
2019-11-18 11:50:50,269 [main] INFO  ozone.MiniOzoneClusterImpl (MiniOzoneClusterImpl.java:lambda$waitForClusterToBeReady$0(150)) - Nodes are ready. Got 3 of 3 DN Heartbeats.
2019-11-18 11:50:50,269 [main] INFO  ozone.MiniOzoneClusterImpl (MiniOzoneClusterImpl.java:lambda$waitForClusterToBeReady$0(153)) - Waiting for cluster to exit safe mode
2019-11-18 11:50:50,270 [pool-47-thread-1] INFO  impl.RaftServerImpl (RaftServerImpl.java:<init>(98)) - aa06615a-c948-4cd3-931c-8686c8b6e07c: new RaftServerImpl for group-3CBE1DC80636:[aa06615a-c948-4cd3-931c-8686c8b6e07c:192.168.34.54:37413] with ContainerStateMachine:uninitialized
2019-11-18 11:50:50,271 [pool-47-thread-1] INFO  server.RaftServerConfigKeys (ConfUtils.java:logGet(43)) - raft.server.rpc.timeout.min = 5s (custom)
2019-11-18 11:50:50,271 [pool-47-thread-1] INFO  server.RaftServerConfigKeys (ConfUtils.java:logGet(43)) - raft.server.rpc.timeout.max = 5200ms (custom)
2019-11-18 11:50:50,271 [pool-37-thread-1] INFO  server.RaftServerConfigKeys (ConfUtils.java:logGet(43)) - raft.server.log.statemachine.data.caching.enabled = true (custom)
2019-11-18 11:50:50,271 [pool-47-thread-1] INFO  server.RaftServerConfigKeys (ConfUtils.java:logGet(43)) - raft.server.rpcslowness.timeout = 120s (custom)
2019-11-18 11:50:50,271 [pool-27-thread-1] INFO  server.RaftServerConfigKeys (ConfUtils.java:logGet(43)) - raft.server.log.statemachine.data.caching.enabled = true (custom)
2019-11-18 11:50:50,271 [pool-47-thread-1] INFO  server.RaftServerConfigKeys (ConfUtils.java:logGet(43)) - raft.server.sleep.deviation.threshold = 300 (default)
2019-11-18 11:50:50,272 [pool-47-thread-1] INFO  server.RaftServerConfigKeys (ConfUtils.java:logGet(43)) - raft.server.log.appender.install.snapshot.enabled = false (custom)
2019-11-18 11:50:50,272 [pool-47-thread-1] INFO  impl.RaftServerImpl (ServerState.java:<init>(103)) - aa06615a-c948-4cd3-931c-8686c8b6e07c@group-3CBE1DC80636: ConfigurationManager, init=-1: [aa06615a-c948-4cd3-931c-8686c8b6e07c:192.168.34.54:37413], old=null, confs=<EMPTY_MAP>
2019-11-18 11:50:50,272 [pool-47-thread-1] INFO  server.RaftServerConfigKeys (ConfUtils.java:logGet(43)) - raft.server.storage.dir = [/workdir/hadoop-ozone/tools/target/test-dir/MiniOzoneClusterImpl-f1b2f89b-fe02-4b37-a0e6-f89ef9b3e531/datanode-2/data/ratis] (custom)
2019-11-18 11:50:50,273 [pool-47-thread-1] INFO  server.RaftServerConfigKeys (ConfUtils.java:logGet(43)) - raft.server.log.corruption.policy = EXCEPTION (default)
2019-11-18 11:50:50,273 [pool-47-thread-1] INFO  storage.RaftStorageDirectory (RaftStorageDirectory.java:analyzeStorage(246)) - The storage directory /workdir/hadoop-ozone/tools/target/test-dir/MiniOzoneClusterImpl-f1b2f89b-fe02-4b37-a0e6-f89ef9b3e531/datanode-2/data/ratis/bd2a940b-f894-4684-a0a4-3cbe1dc80636 does not exist. Creating ...
2019-11-18 11:50:50,277 [pool-47-thread-1] INFO  storage.RaftStorageDirectory (RaftStorageDirectory.java:tryLock(328)) - Lock on /workdir/hadoop-ozone/tools/target/test-dir/MiniOzoneClusterImpl-f1b2f89b-fe02-4b37-a0e6-f89ef9b3e531/datanode-2/data/ratis/bd2a940b-f894-4684-a0a4-3cbe1dc80636/in_use.lock acquired by nodename 24874@pr-hdds-2533-t5tnj-349417245
2019-11-18 11:50:50,278 [pool-27-thread-1] INFO  segmented.SegmentedRaftLogWorker (SegmentedRaftLogWorker.java:lambda$new$0(128)) - e69f106d-e861-448c-ab21-374271f7ff9a@group-A7D2DA6C50F9-SegmentedRaftLogWorker: flushIndex: setUnconditionally 0 -> -1
2019-11-18 11:50:50,278 [pool-37-thread-1] INFO  segmented.SegmentedRaftLogWorker (SegmentedRaftLogWorker.java:lambda$new$0(128)) - 5e5e1231-907b-4901-a10f-8e3e242e34fe@group-496AAB7499B6-SegmentedRaftLogWorker: flushIndex: setUnconditionally 0 -> -1
2019-11-18 11:50:50,282 [pool-47-thread-1] INFO  storage.RaftStorage (RaftStorage.java:format(84)) - Storage directory /workdir/hadoop-ozone/tools/target/test-dir/MiniOzoneClusterImpl-f1b2f89b-fe02-4b37-a0e6-f89ef9b3e531/datanode-2/data/ratis/bd2a940b-f894-4684-a0a4-3cbe1dc80636 has been successfully formatted.
2019-11-18 11:50:50,282 [pool-47-thread-1] INFO  ratis.ContainerStateMachine (ContainerStateMachine.java:loadSnapshot(223)) - group-3CBE1DC80636: The snapshot info is null. Setting the last applied indexto:(t:0, i:~)
2019-11-18 11:50:50,282 [pool-47-thread-1] INFO  server.RaftServerConfigKeys (ConfUtils.java:logGet(43)) - raft.server.notification.no-leader.timeout = 120s (custom)
2019-11-18 11:50:50,283 [pool-47-thread-1] INFO  server.RaftServerConfigKeys (ConfUtils.java:logGet(43)) - raft.server.log.use.memory = false (default)
2019-11-18 11:50:50,283 [pool-47-thread-1] INFO  server.RaftServerConfigKeys (ConfUtils.java:logGet(43)) - raft.server.log.purge.gap = 1000000 (custom)
2019-11-18 11:50:50,283 [pool-47-thread-1] INFO  server.RaftServerConfigKeys (ConfUtils.java:logGet(43)) - raft.server.log.appender.buffer.byte-limit = 33554432 (custom)
2019-11-18 11:50:50,283 [pool-47-thread-1] INFO  server.RaftServerConfigKeys (ConfUtils.java:logGet(43)) - raft.server.log.segment.size.max = 1048576 (custom)
2019-11-18 11:50:50,284 [pool-47-thread-1] WARN  impl.MetricRegistriesImpl (MetricRegistriesImpl.java:lambda$create$1(61)) - First MetricRegistry has been created without registering reporters. You may need to call MetricRegistries.global().addReportRegistration(...) before.
2019-11-18 11:50:50,284 [pool-27-thread-1] INFO  server.RaftServerConfigKeys (ConfUtils.java:logGet(43)) - raft.server.snapshot.auto.trigger.enabled = true (custom)
2019-11-18 11:50:50,284 [pool-37-thread-1] INFO  server.RaftServerConfigKeys (ConfUtils.java:logGet(43)) - raft.server.snapshot.auto.trigger.enabled = true (custom)
2019-11-18 11:50:50,284 [pool-47-thread-1] INFO  server.RaftServerConfigKeys (ConfUtils.java:logGet(43)) - raft.server.log.segment.cache.num.max = 2 (custom)
2019-11-18 11:50:50,284 [pool-47-thread-1] INFO  segmented.SegmentedRaftLogWorker (SegmentedRaftLogWorker.java:<init>(173)) - new aa06615a-c948-4cd3-931c-8686c8b6e07c@group-3CBE1DC80636-SegmentedRaftLogWorker for RaftStorage:Storage Directory /workdir/hadoop-ozone/tools/target/test-dir/MiniOzoneClusterImpl-f1b2f89b-fe02-4b37-a0e6-f89ef9b3e531/datanode-2/data/ratis/bd2a940b-f894-4684-a0a4-3cbe1dc80636
2019-11-18 11:50:50,284 [pool-47-thread-1] INFO  server.RaftServerConfigKeys (ConfUtils.java:logGet(43)) - raft.server.log.queue.byte-limit = 2147483647 (custom)
2019-11-18 11:50:50,285 [pool-47-thread-1] INFO  server.RaftServerConfigKeys (ConfUtils.java:logGet(43)) - raft.server.log.queue.element-limit = 1024 (custom)
2019-11-18 11:50:50,285 [pool-47-thread-1] INFO  server.RaftServerConfigKeys (ConfUtils.java:logGet(43)) - raft.server.log.segment.size.max = 1048576 (custom)
2019-11-18 11:50:50,285 [pool-27-thread-1] INFO  server.RaftServerConfigKeys (ConfUtils.java:logGet(43)) - raft.server.snapshot.auto.trigger.threshold = 10000 (custom)
2019-11-18 11:50:50,285 [pool-37-thread-1] INFO  server.RaftServerConfigKeys (ConfUtils.java:logGet(43)) - raft.server.snapshot.auto.trigger.threshold = 10000 (custom)
2019-11-18 11:50:50,286 [pool-47-thread-1] INFO  server.RaftServerConfigKeys (ConfUtils.java:logGet(43)) - raft.server.log.preallocated.size = 16384 (custom)
2019-11-18 11:50:50,286 [pool-47-thread-1] INFO  server.RaftServerConfigKeys (ConfUtils.java:logGet(43)) - raft.server.log.write.buffer.size = 33554432 (custom)
2019-11-18 11:50:50,286 [pool-27-thread-1] INFO  server.RaftServerConfigKeys (ConfUtils.java:logGet(43)) - raft.server.snapshot.retention.file.num = 5 (custom)
2019-11-18 11:50:50,286 [pool-37-thread-1] INFO  server.RaftServerConfigKeys (ConfUtils.java:logGet(43)) - raft.server.snapshot.retention.file.num = 5 (custom)
2019-11-18 11:50:50,286 [pool-47-thread-1] INFO  server.RaftServerConfigKeys (ConfUtils.java:logGet(43)) - raft.server.log.force.sync.num = 128 (default)
2019-11-18 11:50:50,287 [pool-47-thread-1] INFO  server.RaftServerConfigKeys (ConfUtils.java:logGet(43)) - raft.server.log.statemachine.data.sync = true (default)
2019-11-18 11:50:50,287 [pool-47-thread-1] INFO  server.RaftServerConfigKeys (ConfUtils.java:logGet(43)) - raft.server.log.statemachine.data.sync.timeout = 10s (default)
2019-11-18 11:50:50,287 [pool-27-thread-1] INFO  server.RaftServerConfigKeys (ConfUtils.java:logGet(43)) - raft.server.retrycache.expirytime = 600000ms (custom)
2019-11-18 11:50:50,287 [pool-37-thread-1] INFO  server.RaftServerConfigKeys (ConfUtils.java:logGet(43)) - raft.server.retrycache.expirytime = 600000ms (custom)
2019-11-18 11:50:50,287 [pool-47-thread-1] INFO  server.RaftServerConfigKeys (ConfUtils.java:logGet(43)) - raft.server.log.statemachine.data.sync.timeout.retry = -1 (default)
2019-11-18 11:50:50,287 [pool-47-thread-1] INFO  server.RaftServerConfigKeys (ConfUtils.java:logGet(43)) - raft.server.log.statemachine.data.caching.enabled = true (custom)
2019-11-18 11:50:50,288 [pool-47-thread-1] INFO  segmented.SegmentedRaftLogWorker (SegmentedRaftLogWorker.java:lambda$new$0(128)) - aa06615a-c948-4cd3-931c-8686c8b6e07c@group-3CBE1DC80636-SegmentedRaftLogWorker: flushIndex: setUnconditionally 0 -> -1
2019-11-18 11:50:50,288 [pool-47-thread-1] INFO  server.RaftServerConfigKeys (ConfUtils.java:logGet(43)) - raft.server.snapshot.auto.trigger.enabled = true (custom)
2019-11-18 11:50:50,288 [pool-47-thread-1] INFO  server.RaftServerConfigKeys (ConfUtils.java:logGet(43)) - raft.server.snapshot.auto.trigger.threshold = 10000 (custom)
2019-11-18 11:50:50,288 [pool-47-thread-1] INFO  server.RaftServerConfigKeys (ConfUtils.java:logGet(43)) - raft.server.snapshot.retention.file.num = 5 (custom)
2019-11-18 11:50:50,289 [pool-47-thread-1] INFO  server.RaftServerConfigKeys (ConfUtils.java:logGet(43)) - raft.server.retrycache.expirytime = 600000ms (custom)
2019-11-18 11:50:50,310 [pool-47-thread-1] WARN  impl.MetricRegistriesImpl (MetricRegistriesImpl.java:lambda$create$1(61)) - First MetricRegistry has been created without registering reporters. You may need to call MetricRegistries.global().addReportRegistration(...) before.
2019-11-18 11:50:50,310 [pool-27-thread-1] WARN  impl.MetricRegistriesImpl (MetricRegistriesImpl.java:lambda$create$1(61)) - First MetricRegistry has been created without registering reporters. You may need to call MetricRegistries.global().addReportRegistration(...) before.
2019-11-18 11:50:50,310 [pool-37-thread-1] WARN  impl.MetricRegistriesImpl (MetricRegistriesImpl.java:lambda$create$1(61)) - First MetricRegistry has been created without registering reporters. You may need to call MetricRegistries.global().addReportRegistration(...) before.
2019-11-18 11:50:50,313 [pool-37-thread-1] WARN  impl.MetricRegistriesImpl (MetricRegistriesImpl.java:lambda$create$1(61)) - First MetricRegistry has been created without registering reporters. You may need to call MetricRegistries.global().addReportRegistration(...) before.
2019-11-18 11:50:50,313 [pool-27-thread-1] WARN  impl.MetricRegistriesImpl (MetricRegistriesImpl.java:lambda$create$1(61)) - First MetricRegistry has been created without registering reporters. You may need to call MetricRegistries.global().addReportRegistration(...) before.
2019-11-18 11:50:50,313 [pool-47-thread-1] WARN  impl.MetricRegistriesImpl (MetricRegistriesImpl.java:lambda$create$1(61)) - First MetricRegistry has been created without registering reporters. You may need to call MetricRegistries.global().addReportRegistration(...) before.
2019-11-18 11:50:50,317 [pool-37-thread-1] INFO  impl.RaftServerImpl (RaftServerImpl.java:start(184)) - 5e5e1231-907b-4901-a10f-8e3e242e34fe@group-496AAB7499B6: start as a follower, conf=-1: [5e5e1231-907b-4901-a10f-8e3e242e34fe:192.168.34.54:36986], old=null
2019-11-18 11:50:50,317 [pool-47-thread-1] INFO  impl.RaftServerImpl (RaftServerImpl.java:start(184)) - aa06615a-c948-4cd3-931c-8686c8b6e07c@group-3CBE1DC80636: start as a follower, conf=-1: [aa06615a-c948-4cd3-931c-8686c8b6e07c:192.168.34.54:37413], old=null
2019-11-18 11:50:50,317 [pool-27-thread-1] INFO  impl.RaftServerImpl (RaftServerImpl.java:start(184)) - e69f106d-e861-448c-ab21-374271f7ff9a@group-A7D2DA6C50F9: start as a follower, conf=-1: [e69f106d-e861-448c-ab21-374271f7ff9a:192.168.34.54:34031], old=null
2019-11-18 11:50:50,318 [pool-47-thread-1] INFO  impl.RaftServerImpl (RaftServerImpl.java:setRole(173)) - aa06615a-c948-4cd3-931c-8686c8b6e07c@group-3CBE1DC80636: changes role from      null to FOLLOWER at term 0 for startAsFollower
2019-11-18 11:50:50,318 [pool-27-thread-1] INFO  impl.RaftServerImpl (RaftServerImpl.java:setRole(173)) - e69f106d-e861-448c-ab21-374271f7ff9a@group-A7D2DA6C50F9: changes role from      null to FOLLOWER at term 0 for startAsFollower
2019-11-18 11:50:50,318 [pool-37-thread-1] INFO  impl.RaftServerImpl (RaftServerImpl.java:setRole(173)) - 5e5e1231-907b-4901-a10f-8e3e242e34fe@group-496AAB7499B6: changes role from      null to FOLLOWER at term 0 for startAsFollower
2019-11-18 11:50:50,320 [pool-37-thread-1] INFO  impl.RoleInfo (RoleInfo.java:updateAndGet(143)) - 5e5e1231-907b-4901-a10f-8e3e242e34fe: start FollowerState
2019-11-18 11:50:50,320 [pool-27-thread-1] INFO  impl.RoleInfo (RoleInfo.java:updateAndGet(143)) - e69f106d-e861-448c-ab21-374271f7ff9a: start FollowerState
2019-11-18 11:50:50,320 [pool-47-thread-1] INFO  impl.RoleInfo (RoleInfo.java:updateAndGet(143)) - aa06615a-c948-4cd3-931c-8686c8b6e07c: start FollowerState
2019-11-18 11:50:50,330 [pool-37-thread-1] INFO  util.JmxRegister (JmxRegister.java:tryRegister(44)) - Successfully registered JMX Bean with object name Ratis:service=RaftServer,group=group-496AAB7499B6,id=5e5e1231-907b-4901-a10f-8e3e242e34fe
2019-11-18 11:50:50,331 [pool-37-thread-1] WARN  impl.MetricRegistriesImpl (MetricRegistriesImpl.java:lambda$create$1(61)) - First MetricRegistry has been created without registering reporters. You may need to call MetricRegistries.global().addReportRegistration(...) before.
2019-11-18 11:50:50,330 [pool-47-thread-1] INFO  util.JmxRegister (JmxRegister.java:tryRegister(44)) - Successfully registered JMX Bean with object name Ratis:service=RaftServer,group=group-3CBE1DC80636,id=aa06615a-c948-4cd3-931c-8686c8b6e07c
2019-11-18 11:50:50,330 [pool-27-thread-1] INFO  util.JmxRegister (JmxRegister.java:tryRegister(44)) - Successfully registered JMX Bean with object name Ratis:service=RaftServer,group=group-A7D2DA6C50F9,id=e69f106d-e861-448c-ab21-374271f7ff9a
2019-11-18 11:50:50,332 [pool-47-thread-1] WARN  impl.MetricRegistriesImpl (MetricRegistriesImpl.java:lambda$create$1(61)) - First MetricRegistry has been created without registering reporters. You may need to call MetricRegistries.global().addReportRegistration(...) before.
2019-11-18 11:50:50,332 [pool-27-thread-1] WARN  impl.MetricRegistriesImpl (MetricRegistriesImpl.java:lambda$create$1(61)) - First MetricRegistry has been created without registering reporters. You may need to call MetricRegistries.global().addReportRegistration(...) before.
2019-11-18 11:50:50,366 [Command processor thread] INFO  commandhandler.CreatePipelineCommandHandler (CreatePipelineCommandHandler.java:handle(86)) - Create Pipeline RATIS ONE #id: "dd7d303b-0261-4d2c-85f8-a7d2da6c50f9"
 command succeed on datanode e69f106d-e861-448c-ab21-374271f7ff9a.
2019-11-18 11:50:50,366 [Command processor thread] INFO  commandhandler.CreatePipelineCommandHandler (CreatePipelineCommandHandler.java:handle(86)) - Create Pipeline RATIS ONE #id: "bd2a940b-f894-4684-a0a4-3cbe1dc80636"
 command succeed on datanode aa06615a-c948-4cd3-931c-8686c8b6e07c.
2019-11-18 11:50:50,366 [Command processor thread] INFO  commandhandler.CreatePipelineCommandHandler (CreatePipelineCommandHandler.java:handle(86)) - Create Pipeline RATIS ONE #id: "6735119e-0441-490b-b9f9-496aab7499b6"
 command succeed on datanode 5e5e1231-907b-4901-a10f-8e3e242e34fe.
2019-11-18 11:50:50,375 [Command processor thread] INFO  impl.RaftServerProxy (RaftServerProxy.java:addNew(89)) - e69f106d-e861-448c-ab21-374271f7ff9a: addNew group-9D224C63B6FB:[aa06615a-c948-4cd3-931c-8686c8b6e07c:192.168.34.54:37413, 5e5e1231-907b-4901-a10f-8e3e242e34fe:192.168.34.54:36986, e69f106d-e861-448c-ab21-374271f7ff9a:192.168.34.54:34031] returns group-9D224C63B6FB:java.util.concurrent.CompletableFuture@18cb5981[Not completed]
2019-11-18 11:50:50,376 [Command processor thread] INFO  impl.RaftServerProxy (RaftServerProxy.java:addNew(89)) - aa06615a-c948-4cd3-931c-8686c8b6e07c: addNew group-9D224C63B6FB:[aa06615a-c948-4cd3-931c-8686c8b6e07c:192.168.34.54:37413, 5e5e1231-907b-4901-a10f-8e3e242e34fe:192.168.34.54:36986, e69f106d-e861-448c-ab21-374271f7ff9a:192.168.34.54:34031] returns group-9D224C63B6FB:java.util.concurrent.CompletableFuture@49d9e086[Not completed]
2019-11-18 11:50:50,376 [Command processor thread] INFO  impl.RaftServerProxy (RaftServerProxy.java:addNew(89)) - 5e5e1231-907b-4901-a10f-8e3e242e34fe: addNew group-9D224C63B6FB:[aa06615a-c948-4cd3-931c-8686c8b6e07c:192.168.34.54:37413, 5e5e1231-907b-4901-a10f-8e3e242e34fe:192.168.34.54:36986, e69f106d-e861-448c-ab21-374271f7ff9a:192.168.34.54:34031] returns group-9D224C63B6FB:java.util.concurrent.CompletableFuture@447da77b[Not completed]
2019-11-18 11:50:50,379 [pool-27-thread-1] INFO  impl.RaftServerImpl (RaftServerImpl.java:<init>(98)) - e69f106d-e861-448c-ab21-374271f7ff9a: new RaftServerImpl for group-9D224C63B6FB:[aa06615a-c948-4cd3-931c-8686c8b6e07c:192.168.34.54:37413, 5e5e1231-907b-4901-a10f-8e3e242e34fe:192.168.34.54:36986, e69f106d-e861-448c-ab21-374271f7ff9a:192.168.34.54:34031] with ContainerStateMachine:uninitialized
2019-11-18 11:50:50,379 [pool-27-thread-1] INFO  server.RaftServerConfigKeys (ConfUtils.java:logGet(43)) - raft.server.rpc.timeout.min = 5s (custom)
2019-11-18 11:50:50,379 [pool-27-thread-1] INFO  server.RaftServerConfigKeys (ConfUtils.java:logGet(43)) - raft.server.rpc.timeout.max = 5200ms (custom)
2019-11-18 11:50:50,379 [pool-27-thread-1] INFO  server.RaftServerConfigKeys (ConfUtils.java:logGet(43)) - raft.server.rpcslowness.timeout = 120s (custom)
2019-11-18 11:50:50,379 [pool-27-thread-1] INFO  server.RaftServerConfigKeys (ConfUtils.java:logGet(43)) - raft.server.sleep.deviation.threshold = 300 (default)
2019-11-18 11:50:50,380 [pool-27-thread-1] INFO  server.RaftServerConfigKeys (ConfUtils.java:logGet(43)) - raft.server.log.appender.install.snapshot.enabled = false (custom)
2019-11-18 11:50:50,380 [pool-37-thread-1] INFO  impl.RaftServerImpl (RaftServerImpl.java:<init>(98)) - 5e5e1231-907b-4901-a10f-8e3e242e34fe: new RaftServerImpl for group-9D224C63B6FB:[aa06615a-c948-4cd3-931c-8686c8b6e07c:192.168.34.54:37413, 5e5e1231-907b-4901-a10f-8e3e242e34fe:192.168.34.54:36986, e69f106d-e861-448c-ab21-374271f7ff9a:192.168.34.54:34031] with ContainerStateMachine:uninitialized
2019-11-18 11:50:50,380 [pool-27-thread-1] INFO  impl.RaftServerImpl (ServerState.java:<init>(103)) - e69f106d-e861-448c-ab21-374271f7ff9a@group-9D224C63B6FB: ConfigurationManager, init=-1: [aa06615a-c948-4cd3-931c-8686c8b6e07c:192.168.34.54:37413, 5e5e1231-907b-4901-a10f-8e3e242e34fe:192.168.34.54:36986, e69f106d-e861-448c-ab21-374271f7ff9a:192.168.34.54:34031], old=null, confs=<EMPTY_MAP>
2019-11-18 11:50:50,380 [pool-37-thread-1] INFO  server.RaftServerConfigKeys (ConfUtils.java:logGet(43)) - raft.server.rpc.timeout.min = 5s (custom)
2019-11-18 11:50:50,380 [pool-27-thread-1] INFO  server.RaftServerConfigKeys (ConfUtils.java:logGet(43)) - raft.server.storage.dir = [/workdir/hadoop-ozone/tools/target/test-dir/MiniOzoneClusterImpl-f1b2f89b-fe02-4b37-a0e6-f89ef9b3e531/datanode-0/data/ratis] (custom)
2019-11-18 11:50:50,380 [pool-37-thread-1] INFO  server.RaftServerConfigKeys (ConfUtils.java:logGet(43)) - raft.server.rpc.timeout.max = 5200ms (custom)
2019-11-18 11:50:50,380 [pool-47-thread-1] INFO  impl.RaftServerImpl (RaftServerImpl.java:<init>(98)) - aa06615a-c948-4cd3-931c-8686c8b6e07c: new RaftServerImpl for group-9D224C63B6FB:[aa06615a-c948-4cd3-931c-8686c8b6e07c:192.168.34.54:37413, 5e5e1231-907b-4901-a10f-8e3e242e34fe:192.168.34.54:36986, e69f106d-e861-448c-ab21-374271f7ff9a:192.168.34.54:34031] with ContainerStateMachine:uninitialized
2019-11-18 11:50:50,380 [pool-37-thread-1] INFO  server.RaftServerConfigKeys (ConfUtils.java:logGet(43)) - raft.server.rpcslowness.timeout = 120s (custom)
2019-11-18 11:50:50,380 [pool-47-thread-1] INFO  server.RaftServerConfigKeys (ConfUtils.java:logGet(43)) - raft.server.rpc.timeout.min = 5s (custom)
2019-11-18 11:50:50,380 [pool-27-thread-1] INFO  server.RaftServerConfigKeys (ConfUtils.java:logGet(43)) - raft.server.log.corruption.policy = EXCEPTION (default)
2019-11-18 11:50:50,381 [pool-47-thread-1] INFO  server.RaftServerConfigKeys (ConfUtils.java:logGet(43)) - raft.server.rpc.timeout.max = 5200ms (custom)
2019-11-18 11:50:50,381 [pool-37-thread-1] INFO  server.RaftServerConfigKeys (ConfUtils.java:logGet(43)) - raft.server.sleep.deviation.threshold = 300 (default)
2019-11-18 11:50:50,381 [pool-47-thread-1] INFO  server.RaftServerConfigKeys (ConfUtils.java:logGet(43)) - raft.server.rpcslowness.timeout = 120s (custom)
2019-11-18 11:50:50,381 [pool-27-thread-1] INFO  storage.RaftStorageDirectory (RaftStorageDirectory.java:analyzeStorage(246)) - The storage directory /workdir/hadoop-ozone/tools/target/test-dir/MiniOzoneClusterImpl-f1b2f89b-fe02-4b37-a0e6-f89ef9b3e531/datanode-0/data/ratis/66d5e2f5-e823-4adc-82a7-9d224c63b6fb does not exist. Creating ...
2019-11-18 11:50:50,381 [pool-47-thread-1] INFO  server.RaftServerConfigKeys (ConfUtils.java:logGet(43)) - raft.server.sleep.deviation.threshold = 300 (default)
2019-11-18 11:50:50,381 [pool-37-thread-1] INFO  server.RaftServerConfigKeys (ConfUtils.java:logGet(43)) - raft.server.log.appender.install.snapshot.enabled = false (custom)
2019-11-18 11:50:50,381 [pool-47-thread-1] INFO  server.RaftServerConfigKeys (ConfUtils.java:logGet(43)) - raft.server.log.appender.install.snapshot.enabled = false (custom)
2019-11-18 11:50:50,382 [pool-37-thread-1] INFO  impl.RaftServerImpl (ServerState.java:<init>(103)) - 5e5e1231-907b-4901-a10f-8e3e242e34fe@group-9D224C63B6FB: ConfigurationManager, init=-1: [aa06615a-c948-4cd3-931c-8686c8b6e07c:192.168.34.54:37413, 5e5e1231-907b-4901-a10f-8e3e242e34fe:192.168.34.54:36986, e69f106d-e861-448c-ab21-374271f7ff9a:192.168.34.54:34031], old=null, confs=<EMPTY_MAP>
2019-11-18 11:50:50,382 [pool-47-thread-1] INFO  impl.RaftServerImpl (ServerState.java:<init>(103)) - aa06615a-c948-4cd3-931c-8686c8b6e07c@group-9D224C63B6FB: ConfigurationManager, init=-1: [aa06615a-c948-4cd3-931c-8686c8b6e07c:192.168.34.54:37413, 5e5e1231-907b-4901-a10f-8e3e242e34fe:192.168.34.54:36986, e69f106d-e861-448c-ab21-374271f7ff9a:192.168.34.54:34031], old=null, confs=<EMPTY_MAP>
2019-11-18 11:50:50,382 [pool-37-thread-1] INFO  server.RaftServerConfigKeys (ConfUtils.java:logGet(43)) - raft.server.storage.dir = [/workdir/hadoop-ozone/tools/target/test-dir/MiniOzoneClusterImpl-f1b2f89b-fe02-4b37-a0e6-f89ef9b3e531/datanode-1/data/ratis] (custom)
2019-11-18 11:50:50,382 [pool-47-thread-1] INFO  server.RaftServerConfigKeys (ConfUtils.java:logGet(43)) - raft.server.storage.dir = [/workdir/hadoop-ozone/tools/target/test-dir/MiniOzoneClusterImpl-f1b2f89b-fe02-4b37-a0e6-f89ef9b3e531/datanode-2/data/ratis] (custom)
2019-11-18 11:50:50,382 [pool-37-thread-1] INFO  server.RaftServerConfigKeys (ConfUtils.java:logGet(43)) - raft.server.log.corruption.policy = EXCEPTION (default)
2019-11-18 11:50:50,382 [pool-47-thread-1] INFO  server.RaftServerConfigKeys (ConfUtils.java:logGet(43)) - raft.server.log.corruption.policy = EXCEPTION (default)
2019-11-18 11:50:50,382 [pool-37-thread-1] INFO  storage.RaftStorageDirectory (RaftStorageDirectory.java:analyzeStorage(246)) - The storage directory /workdir/hadoop-ozone/tools/target/test-dir/MiniOzoneClusterImpl-f1b2f89b-fe02-4b37-a0e6-f89ef9b3e531/datanode-1/data/ratis/66d5e2f5-e823-4adc-82a7-9d224c63b6fb does not exist. Creating ...
2019-11-18 11:50:50,382 [pool-47-thread-1] INFO  storage.RaftStorageDirectory (RaftStorageDirectory.java:analyzeStorage(246)) - The storage directory /workdir/hadoop-ozone/tools/target/test-dir/MiniOzoneClusterImpl-f1b2f89b-fe02-4b37-a0e6-f89ef9b3e531/datanode-2/data/ratis/66d5e2f5-e823-4adc-82a7-9d224c63b6fb does not exist. Creating ...
2019-11-18 11:50:50,391 [EventQueue-PipelineReportForPipelineReportHandler] INFO  pipeline.PipelineReportHandler (PipelineReportHandler.java:processPipelineReport(113)) - Pipeline ONE PipelineID=bd2a940b-f894-4684-a0a4-3cbe1dc80636 reported by aa06615a-c948-4cd3-931c-8686c8b6e07c{ip: 192.168.34.54, host: pr-hdds-2533-t5tnj-349417245, networkLocation: /default-rack, certSerialId: null}
2019-11-18 11:50:50,391 [EventQueue-PipelineReportForPipelineReportHandler] INFO  pipeline.PipelineStateManager (PipelineStateManager.java:openPipeline(132)) - Pipeline Pipeline[ Id: bd2a940b-f894-4684-a0a4-3cbe1dc80636, Nodes: aa06615a-c948-4cd3-931c-8686c8b6e07c{ip: 192.168.34.54, host: pr-hdds-2533-t5tnj-349417245, networkLocation: /default-rack, certSerialId: null}, Type:RATIS, Factor:ONE, State:ALLOCATED] moved to OPEN state
2019-11-18 11:50:50,393 [EventQueue-OpenPipelineForOneReplicaPipelineSafeModeRule] INFO  safemode.SCMSafeModeManager (SCMSafeModeManager.java:validateSafeModeExitRules(176)) - AtleastOneDatanodeReportedRule rule is successfully validated
2019-11-18 11:50:50,394 [EventQueue-PipelineReportForPipelineReportHandler] INFO  pipeline.PipelineReportHandler (PipelineReportHandler.java:processPipelineReport(113)) - Pipeline ONE PipelineID=dd7d303b-0261-4d2c-85f8-a7d2da6c50f9 reported by e69f106d-e861-448c-ab21-374271f7ff9a{ip: 192.168.34.54, host: pr-hdds-2533-t5tnj-349417245, networkLocation: /default-rack, certSerialId: null}
2019-11-18 11:50:50,394 [EventQueue-OpenPipelineForHealthyPipelineSafeModeRule] INFO  safemode.SCMSafeModeManager (HealthyPipelineSafeModeRule.java:process(132)) - SCM in safe mode. Healthy pipelines reported count is 0, required healthy pipeline reported count is 1
2019-11-18 11:50:50,394 [EventQueue-PipelineReportForPipelineReportHandler] INFO  pipeline.PipelineStateManager (PipelineStateManager.java:openPipeline(132)) - Pipeline Pipeline[ Id: dd7d303b-0261-4d2c-85f8-a7d2da6c50f9, Nodes: e69f106d-e861-448c-ab21-374271f7ff9a{ip: 192.168.34.54, host: pr-hdds-2533-t5tnj-349417245, networkLocation: /default-rack, certSerialId: null}, Type:RATIS, Factor:ONE, State:ALLOCATED] moved to OPEN state
2019-11-18 11:50:50,394 [EventQueue-OpenPipelineForOneReplicaPipelineSafeModeRule] INFO  safemode.SCMSafeModeManager (SCMSafeModeManager.java:validateSafeModeExitRules(176)) - AtleastOneDatanodeReportedRule rule is successfully validated
2019-11-18 11:50:50,394 [EventQueue-PipelineReportForPipelineReportHandler] INFO  pipeline.PipelineReportHandler (PipelineReportHandler.java:processPipelineReport(113)) - Pipeline ONE PipelineID=6735119e-0441-490b-b9f9-496aab7499b6 reported by 5e5e1231-907b-4901-a10f-8e3e242e34fe{ip: 192.168.34.54, host: pr-hdds-2533-t5tnj-349417245, networkLocation: /default-rack, certSerialId: null}
2019-11-18 11:50:50,394 [EventQueue-OpenPipelineForHealthyPipelineSafeModeRule] INFO  safemode.SCMSafeModeManager (HealthyPipelineSafeModeRule.java:process(132)) - SCM in safe mode. Healthy pipelines reported count is 0, required healthy pipeline reported count is 1
2019-11-18 11:50:50,394 [EventQueue-PipelineReportForPipelineReportHandler] INFO  pipeline.PipelineStateManager (PipelineStateManager.java:openPipeline(132)) - Pipeline Pipeline[ Id: 6735119e-0441-490b-b9f9-496aab7499b6, Nodes: 5e5e1231-907b-4901-a10f-8e3e242e34fe{ip: 192.168.34.54, host: pr-hdds-2533-t5tnj-349417245, networkLocation: /default-rack, certSerialId: null}, Type:RATIS, Factor:ONE, State:ALLOCATED] moved to OPEN state
2019-11-18 11:50:50,395 [EventQueue-OpenPipelineForOneReplicaPipelineSafeModeRule] INFO  safemode.SCMSafeModeManager (SCMSafeModeManager.java:validateSafeModeExitRules(176)) - AtleastOneDatanodeReportedRule rule is successfully validated
2019-11-18 11:50:50,395 [EventQueue-OpenPipelineForHealthyPipelineSafeModeRule] INFO  safemode.SCMSafeModeManager (HealthyPipelineSafeModeRule.java:process(132)) - SCM in safe mode. Healthy pipelines reported count is 0, required healthy pipeline reported count is 1
2019-11-18 11:50:50,396 [pool-27-thread-1] INFO  storage.RaftStorageDirectory (RaftStorageDirectory.java:tryLock(328)) - Lock on /workdir/hadoop-ozone/tools/target/test-dir/MiniOzoneClusterImpl-f1b2f89b-fe02-4b37-a0e6-f89ef9b3e531/datanode-0/data/ratis/66d5e2f5-e823-4adc-82a7-9d224c63b6fb/in_use.lock acquired by nodename 24874@pr-hdds-2533-t5tnj-349417245
2019-11-18 11:50:50,396 [pool-47-thread-1] INFO  storage.RaftStorageDirectory (RaftStorageDirectory.java:tryLock(328)) - Lock on /workdir/hadoop-ozone/tools/target/test-dir/MiniOzoneClusterImpl-f1b2f89b-fe02-4b37-a0e6-f89ef9b3e531/datanode-2/data/ratis/66d5e2f5-e823-4adc-82a7-9d224c63b6fb/in_use.lock acquired by nodename 24874@pr-hdds-2533-t5tnj-349417245
2019-11-18 11:50:50,396 [pool-37-thread-1] INFO  storage.RaftStorageDirectory (RaftStorageDirectory.java:tryLock(328)) - Lock on /workdir/hadoop-ozone/tools/target/test-dir/MiniOzoneClusterImpl-f1b2f89b-fe02-4b37-a0e6-f89ef9b3e531/datanode-1/data/ratis/66d5e2f5-e823-4adc-82a7-9d224c63b6fb/in_use.lock acquired by nodename 24874@pr-hdds-2533-t5tnj-349417245
2019-11-18 11:50:50,400 [pool-27-thread-1] INFO  storage.RaftStorage (RaftStorage.java:format(84)) - Storage directory /workdir/hadoop-ozone/tools/target/test-dir/MiniOzoneClusterImpl-f1b2f89b-fe02-4b37-a0e6-f89ef9b3e531/datanode-0/data/ratis/66d5e2f5-e823-4adc-82a7-9d224c63b6fb has been successfully formatted.
2019-11-18 11:50:50,400 [pool-37-thread-1] INFO  storage.RaftStorage (RaftStorage.java:format(84)) - Storage directory /workdir/hadoop-ozone/tools/target/test-dir/MiniOzoneClusterImpl-f1b2f89b-fe02-4b37-a0e6-f89ef9b3e531/datanode-1/data/ratis/66d5e2f5-e823-4adc-82a7-9d224c63b6fb has been successfully formatted.
2019-11-18 11:50:50,400 [pool-47-thread-1] INFO  storage.RaftStorage (RaftStorage.java:format(84)) - Storage directory /workdir/hadoop-ozone/tools/target/test-dir/MiniOzoneClusterImpl-f1b2f89b-fe02-4b37-a0e6-f89ef9b3e531/datanode-2/data/ratis/66d5e2f5-e823-4adc-82a7-9d224c63b6fb has been successfully formatted.
2019-11-18 11:50:50,400 [pool-27-thread-1] INFO  ratis.ContainerStateMachine (ContainerStateMachine.java:loadSnapshot(223)) - group-9D224C63B6FB: The snapshot info is null. Setting the last applied indexto:(t:0, i:~)
2019-11-18 11:50:50,400 [pool-37-thread-1] INFO  ratis.ContainerStateMachine (ContainerStateMachine.java:loadSnapshot(223)) - group-9D224C63B6FB: The snapshot info is null. Setting the last applied indexto:(t:0, i:~)
2019-11-18 11:50:50,401 [pool-47-thread-1] INFO  ratis.ContainerStateMachine (ContainerStateMachine.java:loadSnapshot(223)) - group-9D224C63B6FB: The snapshot info is null. Setting the last applied indexto:(t:0, i:~)
2019-11-18 11:50:50,401 [pool-27-thread-1] INFO  server.RaftServerConfigKeys (ConfUtils.java:logGet(43)) - raft.server.notification.no-leader.timeout = 120s (custom)
2019-11-18 11:50:50,401 [pool-47-thread-1] INFO  server.RaftServerConfigKeys (ConfUtils.java:logGet(43)) - raft.server.notification.no-leader.timeout = 120s (custom)
2019-11-18 11:50:50,401 [pool-37-thread-1] INFO  server.RaftServerConfigKeys (ConfUtils.java:logGet(43)) - raft.server.notification.no-leader.timeout = 120s (custom)
2019-11-18 11:50:50,401 [pool-47-thread-1] INFO  server.RaftServerConfigKeys (ConfUtils.java:logGet(43)) - raft.server.log.use.memory = false (default)
2019-11-18 11:50:50,401 [pool-27-thread-1] INFO  server.RaftServerConfigKeys (ConfUtils.java:logGet(43)) - raft.server.log.use.memory = false (default)
2019-11-18 11:50:50,401 [pool-47-thread-1] INFO  server.RaftServerConfigKeys (ConfUtils.java:logGet(43)) - raft.server.log.purge.gap = 1000000 (custom)
2019-11-18 11:50:50,401 [pool-37-thread-1] INFO  server.RaftServerConfigKeys (ConfUtils.java:logGet(43)) - raft.server.log.use.memory = false (default)
2019-11-18 11:50:50,401 [pool-47-thread-1] INFO  server.RaftServerConfigKeys (ConfUtils.java:logGet(43)) - raft.server.log.appender.buffer.byte-limit = 33554432 (custom)
2019-11-18 11:50:50,401 [pool-27-thread-1] INFO  server.RaftServerConfigKeys (ConfUtils.java:logGet(43)) - raft.server.log.purge.gap = 1000000 (custom)
2019-11-18 11:50:50,402 [pool-47-thread-1] INFO  server.RaftServerConfigKeys (ConfUtils.java:logGet(43)) - raft.server.log.segment.size.max = 1048576 (custom)
2019-11-18 11:50:50,401 [pool-37-thread-1] INFO  server.RaftServerConfigKeys (ConfUtils.java:logGet(43)) - raft.server.log.purge.gap = 1000000 (custom)
2019-11-18 11:50:50,402 [pool-27-thread-1] INFO  server.RaftServerConfigKeys (ConfUtils.java:logGet(43)) - raft.server.log.appender.buffer.byte-limit = 33554432 (custom)
2019-11-18 11:50:50,402 [pool-37-thread-1] INFO  server.RaftServerConfigKeys (ConfUtils.java:logGet(43)) - raft.server.log.appender.buffer.byte-limit = 33554432 (custom)
2019-11-18 11:50:50,402 [pool-47-thread-1] INFO  server.RaftServerConfigKeys (ConfUtils.java:logGet(43)) - raft.server.log.segment.cache.num.max = 2 (custom)
2019-11-18 11:50:50,402 [pool-37-thread-1] INFO  server.RaftServerConfigKeys (ConfUtils.java:logGet(43)) - raft.server.log.segment.size.max = 1048576 (custom)
2019-11-18 11:50:50,402 [pool-27-thread-1] INFO  server.RaftServerConfigKeys (ConfUtils.java:logGet(43)) - raft.server.log.segment.size.max = 1048576 (custom)
2019-11-18 11:50:50,402 [pool-37-thread-1] INFO  server.RaftServerConfigKeys (ConfUtils.java:logGet(43)) - raft.server.log.segment.cache.num.max = 2 (custom)
2019-11-18 11:50:50,402 [pool-47-thread-1] INFO  segmented.SegmentedRaftLogWorker (SegmentedRaftLogWorker.java:<init>(173)) - new aa06615a-c948-4cd3-931c-8686c8b6e07c@group-9D224C63B6FB-SegmentedRaftLogWorker for RaftStorage:Storage Directory /workdir/hadoop-ozone/tools/target/test-dir/MiniOzoneClusterImpl-f1b2f89b-fe02-4b37-a0e6-f89ef9b3e531/datanode-2/data/ratis/66d5e2f5-e823-4adc-82a7-9d224c63b6fb
2019-11-18 11:50:50,402 [pool-37-thread-1] INFO  segmented.SegmentedRaftLogWorker (SegmentedRaftLogWorker.java:<init>(173)) - new 5e5e1231-907b-4901-a10f-8e3e242e34fe@group-9D224C63B6FB-SegmentedRaftLogWorker for RaftStorage:Storage Directory /workdir/hadoop-ozone/tools/target/test-dir/MiniOzoneClusterImpl-f1b2f89b-fe02-4b37-a0e6-f89ef9b3e531/datanode-1/data/ratis/66d5e2f5-e823-4adc-82a7-9d224c63b6fb
2019-11-18 11:50:50,402 [pool-27-thread-1] INFO  server.RaftServerConfigKeys (ConfUtils.java:logGet(43)) - raft.server.log.segment.cache.num.max = 2 (custom)
2019-11-18 11:50:50,403 [pool-37-thread-1] INFO  server.RaftServerConfigKeys (ConfUtils.java:logGet(43)) - raft.server.log.queue.byte-limit = 2147483647 (custom)
2019-11-18 11:50:50,402 [pool-47-thread-1] INFO  server.RaftServerConfigKeys (ConfUtils.java:logGet(43)) - raft.server.log.queue.byte-limit = 2147483647 (custom)
2019-11-18 11:50:50,403 [pool-37-thread-1] INFO  server.RaftServerConfigKeys (ConfUtils.java:logGet(43)) - raft.server.log.queue.element-limit = 1024 (custom)
2019-11-18 11:50:50,403 [pool-27-thread-1] INFO  segmented.SegmentedRaftLogWorker (SegmentedRaftLogWorker.java:<init>(173)) - new e69f106d-e861-448c-ab21-374271f7ff9a@group-9D224C63B6FB-SegmentedRaftLogWorker for RaftStorage:Storage Directory /workdir/hadoop-ozone/tools/target/test-dir/MiniOzoneClusterImpl-f1b2f89b-fe02-4b37-a0e6-f89ef9b3e531/datanode-0/data/ratis/66d5e2f5-e823-4adc-82a7-9d224c63b6fb
2019-11-18 11:50:50,403 [pool-37-thread-1] INFO  server.RaftServerConfigKeys (ConfUtils.java:logGet(43)) - raft.server.log.segment.size.max = 1048576 (custom)
2019-11-18 11:50:50,403 [pool-47-thread-1] INFO  server.RaftServerConfigKeys (ConfUtils.java:logGet(43)) - raft.server.log.queue.element-limit = 1024 (custom)
2019-11-18 11:50:50,403 [pool-37-thread-1] INFO  server.RaftServerConfigKeys (ConfUtils.java:logGet(43)) - raft.server.log.preallocated.size = 16384 (custom)
2019-11-18 11:50:50,403 [pool-27-thread-1] INFO  server.RaftServerConfigKeys (ConfUtils.java:logGet(43)) - raft.server.log.queue.byte-limit = 2147483647 (custom)
2019-11-18 11:50:50,403 [pool-37-thread-1] INFO  server.RaftServerConfigKeys (ConfUtils.java:logGet(43)) - raft.server.log.write.buffer.size = 33554432 (custom)
2019-11-18 11:50:50,403 [pool-47-thread-1] INFO  server.RaftServerConfigKeys (ConfUtils.java:logGet(43)) - raft.server.log.segment.size.max = 1048576 (custom)
2019-11-18 11:50:50,403 [pool-37-thread-1] INFO  server.RaftServerConfigKeys (ConfUtils.java:logGet(43)) - raft.server.log.force.sync.num = 128 (default)
2019-11-18 11:50:50,403 [pool-27-thread-1] INFO  server.RaftServerConfigKeys (ConfUtils.java:logGet(43)) - raft.server.log.queue.element-limit = 1024 (custom)
2019-11-18 11:50:50,404 [pool-37-thread-1] INFO  server.RaftServerConfigKeys (ConfUtils.java:logGet(43)) - raft.server.log.statemachine.data.sync = true (default)
2019-11-18 11:50:50,403 [pool-47-thread-1] INFO  server.RaftServerConfigKeys (ConfUtils.java:logGet(43)) - raft.server.log.preallocated.size = 16384 (custom)
2019-11-18 11:50:50,404 [pool-37-thread-1] INFO  server.RaftServerConfigKeys (ConfUtils.java:logGet(43)) - raft.server.log.statemachine.data.sync.timeout = 10s (default)
2019-11-18 11:50:50,404 [pool-27-thread-1] INFO  server.RaftServerConfigKeys (ConfUtils.java:logGet(43)) - raft.server.log.segment.size.max = 1048576 (custom)
2019-11-18 11:50:50,404 [pool-37-thread-1] INFO  server.RaftServerConfigKeys (ConfUtils.java:logGet(43)) - raft.server.log.statemachine.data.sync.timeout.retry = -1 (default)
2019-11-18 11:50:50,404 [pool-47-thread-1] INFO  server.RaftServerConfigKeys (ConfUtils.java:logGet(43)) - raft.server.log.write.buffer.size = 33554432 (custom)
2019-11-18 11:50:50,404 [pool-37-thread-1] INFO  server.RaftServerConfigKeys (ConfUtils.java:logGet(43)) - raft.server.log.statemachine.data.caching.enabled = true (custom)
2019-11-18 11:50:50,404 [pool-27-thread-1] INFO  server.RaftServerConfigKeys (ConfUtils.java:logGet(43)) - raft.server.log.preallocated.size = 16384 (custom)
2019-11-18 11:50:50,404 [pool-47-thread-1] INFO  server.RaftServerConfigKeys (ConfUtils.java:logGet(43)) - raft.server.log.force.sync.num = 128 (default)
2019-11-18 11:50:50,404 [pool-27-thread-1] INFO  server.RaftServerConfigKeys (ConfUtils.java:logGet(43)) - raft.server.log.write.buffer.size = 33554432 (custom)
2019-11-18 11:50:50,404 [pool-37-thread-1] INFO  segmented.SegmentedRaftLogWorker (SegmentedRaftLogWorker.java:lambda$new$0(128)) - 5e5e1231-907b-4901-a10f-8e3e242e34fe@group-9D224C63B6FB-SegmentedRaftLogWorker: flushIndex: setUnconditionally 0 -> -1
2019-11-18 11:50:50,404 [pool-47-thread-1] INFO  server.RaftServerConfigKeys (ConfUtils.java:logGet(43)) - raft.server.log.statemachine.data.sync = true (default)
2019-11-18 11:50:50,405 [pool-27-thread-1] INFO  server.RaftServerConfigKeys (ConfUtils.java:logGet(43)) - raft.server.log.force.sync.num = 128 (default)
2019-11-18 11:50:50,405 [pool-47-thread-1] INFO  server.RaftServerConfigKeys (ConfUtils.java:logGet(43)) - raft.server.log.statemachine.data.sync.timeout = 10s (default)
2019-11-18 11:50:50,405 [pool-27-thread-1] INFO  server.RaftServerConfigKeys (ConfUtils.java:logGet(43)) - raft.server.log.statemachine.data.sync = true (default)
2019-11-18 11:50:50,405 [pool-37-thread-1] INFO  server.RaftServerConfigKeys (ConfUtils.java:logGet(43)) - raft.server.snapshot.auto.trigger.enabled = true (custom)
2019-11-18 11:50:50,405 [pool-27-thread-1] INFO  server.RaftServerConfigKeys (ConfUtils.java:logGet(43)) - raft.server.log.statemachine.data.sync.timeout = 10s (default)
2019-11-18 11:50:50,405 [pool-47-thread-1] INFO  server.RaftServerConfigKeys (ConfUtils.java:logGet(43)) - raft.server.log.statemachine.data.sync.timeout.retry = -1 (default)
2019-11-18 11:50:50,405 [pool-27-thread-1] INFO  server.RaftServerConfigKeys (ConfUtils.java:logGet(43)) - raft.server.log.statemachine.data.sync.timeout.retry = -1 (default)
2019-11-18 11:50:50,405 [pool-37-thread-1] INFO  server.RaftServerConfigKeys (ConfUtils.java:logGet(43)) - raft.server.snapshot.auto.trigger.threshold = 10000 (custom)
2019-11-18 11:50:50,406 [pool-27-thread-1] INFO  server.RaftServerConfigKeys (ConfUtils.java:logGet(43)) - raft.server.log.statemachine.data.caching.enabled = true (custom)
2019-11-18 11:50:50,405 [pool-47-thread-1] INFO  server.RaftServerConfigKeys (ConfUtils.java:logGet(43)) - raft.server.log.statemachine.data.caching.enabled = true (custom)
2019-11-18 11:50:50,406 [pool-37-thread-1] INFO  server.RaftServerConfigKeys (ConfUtils.java:logGet(43)) - raft.server.snapshot.retention.file.num = 5 (custom)
2019-11-18 11:50:50,406 [pool-27-thread-1] INFO  segmented.SegmentedRaftLogWorker (SegmentedRaftLogWorker.java:lambda$new$0(128)) - e69f106d-e861-448c-ab21-374271f7ff9a@group-9D224C63B6FB-SegmentedRaftLogWorker: flushIndex: setUnconditionally 0 -> -1
2019-11-18 11:50:50,406 [pool-37-thread-1] INFO  server.RaftServerConfigKeys (ConfUtils.java:logGet(43)) - raft.server.retrycache.expirytime = 600000ms (custom)
2019-11-18 11:50:50,406 [pool-47-thread-1] INFO  segmented.SegmentedRaftLogWorker (SegmentedRaftLogWorker.java:lambda$new$0(128)) - aa06615a-c948-4cd3-931c-8686c8b6e07c@group-9D224C63B6FB-SegmentedRaftLogWorker: flushIndex: setUnconditionally 0 -> -1
2019-11-18 11:50:50,406 [pool-37-thread-1] WARN  impl.MetricRegistriesImpl (MetricRegistriesImpl.java:lambda$create$1(61)) - First MetricRegistry has been created without registering reporters. You may need to call MetricRegistries.global().addReportRegistration(...) before.
2019-11-18 11:50:50,406 [pool-27-thread-1] INFO  server.RaftServerConfigKeys (ConfUtils.java:logGet(43)) - raft.server.snapshot.auto.trigger.enabled = true (custom)
2019-11-18 11:50:50,406 [pool-47-thread-1] INFO  server.RaftServerConfigKeys (ConfUtils.java:logGet(43)) - raft.server.snapshot.auto.trigger.enabled = true (custom)
2019-11-18 11:50:50,406 [pool-27-thread-1] INFO  server.RaftServerConfigKeys (ConfUtils.java:logGet(43)) - raft.server.snapshot.auto.trigger.threshold = 10000 (custom)
2019-11-18 11:50:50,406 [pool-37-thread-1] WARN  impl.MetricRegistriesImpl (MetricRegistriesImpl.java:lambda$create$1(61)) - First MetricRegistry has been created without registering reporters. You may need to call MetricRegistries.global().addReportRegistration(...) before.
2019-11-18 11:50:50,407 [pool-27-thread-1] INFO  server.RaftServerConfigKeys (ConfUtils.java:logGet(43)) - raft.server.snapshot.retention.file.num = 5 (custom)
2019-11-18 11:50:50,406 [pool-47-thread-1] INFO  server.RaftServerConfigKeys (ConfUtils.java:logGet(43)) - raft.server.snapshot.auto.trigger.threshold = 10000 (custom)
2019-11-18 11:50:50,407 [pool-37-thread-1] INFO  impl.RaftServerImpl (RaftServerImpl.java:start(184)) - 5e5e1231-907b-4901-a10f-8e3e242e34fe@group-9D224C63B6FB: start as a follower, conf=-1: [aa06615a-c948-4cd3-931c-8686c8b6e07c:192.168.34.54:37413, 5e5e1231-907b-4901-a10f-8e3e242e34fe:192.168.34.54:36986, e69f106d-e861-448c-ab21-374271f7ff9a:192.168.34.54:34031], old=null
2019-11-18 11:50:50,407 [pool-27-thread-1] INFO  server.RaftServerConfigKeys (ConfUtils.java:logGet(43)) - raft.server.retrycache.expirytime = 600000ms (custom)
2019-11-18 11:50:50,407 [pool-37-thread-1] INFO  impl.RaftServerImpl (RaftServerImpl.java:setRole(173)) - 5e5e1231-907b-4901-a10f-8e3e242e34fe@group-9D224C63B6FB: changes role from      null to FOLLOWER at term 0 for startAsFollower
2019-11-18 11:50:50,407 [pool-47-thread-1] INFO  server.RaftServerConfigKeys (ConfUtils.java:logGet(43)) - raft.server.snapshot.retention.file.num = 5 (custom)
2019-11-18 11:50:50,407 [pool-37-thread-1] INFO  impl.RoleInfo (RoleInfo.java:updateAndGet(143)) - 5e5e1231-907b-4901-a10f-8e3e242e34fe: start FollowerState
2019-11-18 11:50:50,407 [pool-27-thread-1] WARN  impl.MetricRegistriesImpl (MetricRegistriesImpl.java:lambda$create$1(61)) - First MetricRegistry has been created without registering reporters. You may need to call MetricRegistries.global().addReportRegistration(...) before.
2019-11-18 11:50:50,407 [pool-47-thread-1] INFO  server.RaftServerConfigKeys (ConfUtils.java:logGet(43)) - raft.server.retrycache.expirytime = 600000ms (custom)
2019-11-18 11:50:50,407 [pool-27-thread-1] WARN  impl.MetricRegistriesImpl (MetricRegistriesImpl.java:lambda$create$1(61)) - First MetricRegistry has been created without registering reporters. You may need to call MetricRegistries.global().addReportRegistration(...) before.
2019-11-18 11:50:50,408 [pool-47-thread-1] WARN  impl.MetricRegistriesImpl (MetricRegistriesImpl.java:lambda$create$1(61)) - First MetricRegistry has been created without registering reporters. You may need to call MetricRegistries.global().addReportRegistration(...) before.
2019-11-18 11:50:50,408 [pool-37-thread-1] INFO  util.JmxRegister (JmxRegister.java:tryRegister(44)) - Successfully registered JMX Bean with object name Ratis:service=RaftServer,group=group-9D224C63B6FB,id=5e5e1231-907b-4901-a10f-8e3e242e34fe
2019-11-18 11:50:50,408 [pool-47-thread-1] WARN  impl.MetricRegistriesImpl (MetricRegistriesImpl.java:lambda$create$1(61)) - First MetricRegistry has been created without registering reporters. You may need to call MetricRegistries.global().addReportRegistration(...) before.
2019-11-18 11:50:50,408 [pool-27-thread-1] INFO  impl.RaftServerImpl (RaftServerImpl.java:start(184)) - e69f106d-e861-448c-ab21-374271f7ff9a@group-9D224C63B6FB: start as a follower, conf=-1: [aa06615a-c948-4cd3-931c-8686c8b6e07c:192.168.34.54:37413, 5e5e1231-907b-4901-a10f-8e3e242e34fe:192.168.34.54:36986, e69f106d-e861-448c-ab21-374271f7ff9a:192.168.34.54:34031], old=null
2019-11-18 11:50:50,408 [pool-37-thread-1] WARN  impl.MetricRegistriesImpl (MetricRegistriesImpl.java:lambda$create$1(61)) - First MetricRegistry has been created without registering reporters. You may need to call MetricRegistries.global().addReportRegistration(...) before.
2019-11-18 11:50:50,408 [pool-27-thread-1] INFO  impl.RaftServerImpl (RaftServerImpl.java:setRole(173)) - e69f106d-e861-448c-ab21-374271f7ff9a@group-9D224C63B6FB: changes role from      null to FOLLOWER at term 0 for startAsFollower
2019-11-18 11:50:50,408 [pool-47-thread-1] INFO  impl.RaftServerImpl (RaftServerImpl.java:start(184)) - aa06615a-c948-4cd3-931c-8686c8b6e07c@group-9D224C63B6FB: start as a follower, conf=-1: [aa06615a-c948-4cd3-931c-8686c8b6e07c:192.168.34.54:37413, 5e5e1231-907b-4901-a10f-8e3e242e34fe:192.168.34.54:36986, e69f106d-e861-448c-ab21-374271f7ff9a:192.168.34.54:34031], old=null
2019-11-18 11:50:50,408 [pool-27-thread-1] INFO  impl.RoleInfo (RoleInfo.java:updateAndGet(143)) - e69f106d-e861-448c-ab21-374271f7ff9a: start FollowerState
2019-11-18 11:50:50,408 [pool-47-thread-1] INFO  impl.RaftServerImpl (RaftServerImpl.java:setRole(173)) - aa06615a-c948-4cd3-931c-8686c8b6e07c@group-9D224C63B6FB: changes role from      null to FOLLOWER at term 0 for startAsFollower
2019-11-18 11:50:50,409 [pool-47-thread-1] INFO  impl.RoleInfo (RoleInfo.java:updateAndGet(143)) - aa06615a-c948-4cd3-931c-8686c8b6e07c: start FollowerState
2019-11-18 11:50:50,409 [Command processor thread] INFO  commandhandler.CreatePipelineCommandHandler (CreatePipelineCommandHandler.java:handle(86)) - Create Pipeline RATIS THREE #id: "66d5e2f5-e823-4adc-82a7-9d224c63b6fb"
 command succeed on datanode 5e5e1231-907b-4901-a10f-8e3e242e34fe.
2019-11-18 11:50:50,409 [pool-27-thread-1] INFO  util.JmxRegister (JmxRegister.java:tryRegister(44)) - Successfully registered JMX Bean with object name Ratis:service=RaftServer,group=group-9D224C63B6FB,id=e69f106d-e861-448c-ab21-374271f7ff9a
2019-11-18 11:50:50,409 [pool-27-thread-1] WARN  impl.MetricRegistriesImpl (MetricRegistriesImpl.java:lambda$create$1(61)) - First MetricRegistry has been created without registering reporters. You may need to call MetricRegistries.global().addReportRegistration(...) before.
2019-11-18 11:50:50,409 [pool-47-thread-1] INFO  util.JmxRegister (JmxRegister.java:tryRegister(44)) - Successfully registered JMX Bean with object name Ratis:service=RaftServer,group=group-9D224C63B6FB,id=aa06615a-c948-4cd3-931c-8686c8b6e07c
2019-11-18 11:50:50,409 [pool-47-thread-1] WARN  impl.MetricRegistriesImpl (MetricRegistriesImpl.java:lambda$create$1(61)) - First MetricRegistry has been created without registering reporters. You may need to call MetricRegistries.global().addReportRegistration(...) before.
2019-11-18 11:50:50,409 [Command processor thread] INFO  commandhandler.CreatePipelineCommandHandler (CreatePipelineCommandHandler.java:handle(86)) - Create Pipeline RATIS THREE #id: "66d5e2f5-e823-4adc-82a7-9d224c63b6fb"
 command succeed on datanode e69f106d-e861-448c-ab21-374271f7ff9a.
2019-11-18 11:50:50,409 [Command processor thread] INFO  commandhandler.CreatePipelineCommandHandler (CreatePipelineCommandHandler.java:handle(86)) - Create Pipeline RATIS THREE #id: "66d5e2f5-e823-4adc-82a7-9d224c63b6fb"
 command succeed on datanode aa06615a-c948-4cd3-931c-8686c8b6e07c.
2019-11-18 11:50:50,412 [EventQueue-PipelineReportForPipelineReportHandler] INFO  pipeline.PipelineReportHandler (PipelineReportHandler.java:processPipelineReport(113)) - Pipeline THREE PipelineID=66d5e2f5-e823-4adc-82a7-9d224c63b6fb reported by 5e5e1231-907b-4901-a10f-8e3e242e34fe{ip: 192.168.34.54, host: pr-hdds-2533-t5tnj-349417245, networkLocation: /default-rack, certSerialId: null}
2019-11-18 11:50:50,412 [EventQueue-PipelineReportForPipelineReportHandler] INFO  pipeline.PipelineReportHandler (PipelineReportHandler.java:processPipelineReport(113)) - Pipeline THREE PipelineID=66d5e2f5-e823-4adc-82a7-9d224c63b6fb reported by e69f106d-e861-448c-ab21-374271f7ff9a{ip: 192.168.34.54, host: pr-hdds-2533-t5tnj-349417245, networkLocation: /default-rack, certSerialId: null}
2019-11-18 11:50:50,412 [EventQueue-PipelineReportForPipelineReportHandler] INFO  pipeline.PipelineReportHandler (PipelineReportHandler.java:processPipelineReport(113)) - Pipeline THREE PipelineID=66d5e2f5-e823-4adc-82a7-9d224c63b6fb reported by aa06615a-c948-4cd3-931c-8686c8b6e07c{ip: 192.168.34.54, host: pr-hdds-2533-t5tnj-349417245, networkLocation: /default-rack, certSerialId: null}
2019-11-18 11:50:51,270 [main] INFO  ozone.MiniOzoneClusterImpl (MiniOzoneClusterImpl.java:lambda$waitForClusterToBeReady$0(150)) - Nodes are ready. Got 3 of 3 DN Heartbeats.
2019-11-18 11:50:51,270 [main] INFO  ozone.MiniOzoneClusterImpl (MiniOzoneClusterImpl.java:lambda$waitForClusterToBeReady$0(153)) - Waiting for cluster to exit safe mode
2019-11-18 11:50:52,271 [main] INFO  ozone.MiniOzoneClusterImpl (MiniOzoneClusterImpl.java:lambda$waitForClusterToBeReady$0(150)) - Nodes are ready. Got 3 of 3 DN Heartbeats.
2019-11-18 11:50:52,271 [main] INFO  ozone.MiniOzoneClusterImpl (MiniOzoneClusterImpl.java:lambda$waitForClusterToBeReady$0(153)) - Waiting for cluster to exit safe mode
2019-11-18 11:50:53,271 [main] INFO  ozone.MiniOzoneClusterImpl (MiniOzoneClusterImpl.java:lambda$waitForClusterToBeReady$0(150)) - Nodes are ready. Got 3 of 3 DN Heartbeats.
2019-11-18 11:50:53,272 [main] INFO  ozone.MiniOzoneClusterImpl (MiniOzoneClusterImpl.java:lambda$waitForClusterToBeReady$0(153)) - Waiting for cluster to exit safe mode
2019-11-18 11:50:54,272 [main] INFO  ozone.MiniOzoneClusterImpl (MiniOzoneClusterImpl.java:lambda$waitForClusterToBeReady$0(150)) - Nodes are ready. Got 3 of 3 DN Heartbeats.
2019-11-18 11:50:54,272 [main] INFO  ozone.MiniOzoneClusterImpl (MiniOzoneClusterImpl.java:lambda$waitForClusterToBeReady$0(153)) - Waiting for cluster to exit safe mode
2019-11-18 11:50:55,273 [main] INFO  ozone.MiniOzoneClusterImpl (MiniOzoneClusterImpl.java:lambda$waitForClusterToBeReady$0(150)) - Nodes are ready. Got 3 of 3 DN Heartbeats.
2019-11-18 11:50:55,273 [main] INFO  ozone.MiniOzoneClusterImpl (MiniOzoneClusterImpl.java:lambda$waitForClusterToBeReady$0(153)) - Waiting for cluster to exit safe mode
2019-11-18 11:50:55,360 [Thread-181] INFO  impl.FollowerState (FollowerState.java:run(111)) - aa06615a-c948-4cd3-931c-8686c8b6e07c@group-3CBE1DC80636-FollowerState: change to CANDIDATE, lastRpcTime:5041ms, electionTimeout:5037ms
2019-11-18 11:50:55,362 [Thread-181] INFO  impl.RoleInfo (RoleInfo.java:shutdownFollowerState(121)) - aa06615a-c948-4cd3-931c-8686c8b6e07c: shutdown FollowerState
2019-11-18 11:50:55,362 [Thread-181] INFO  impl.RaftServerImpl (RaftServerImpl.java:setRole(173)) - aa06615a-c948-4cd3-931c-8686c8b6e07c@group-3CBE1DC80636: changes role from  FOLLOWER to CANDIDATE at term 0 for changeToCandidate
2019-11-18 11:50:55,365 [Thread-181] INFO  impl.RoleInfo (RoleInfo.java:updateAndGet(143)) - aa06615a-c948-4cd3-931c-8686c8b6e07c: start LeaderElection
2019-11-18 11:50:55,382 [aa06615a-c948-4cd3-931c-8686c8b6e07c@group-3CBE1DC80636-LeaderElection1] INFO  impl.LeaderElection (LeaderElection.java:askForVotes(178)) - aa06615a-c948-4cd3-931c-8686c8b6e07c@group-3CBE1DC80636-LeaderElection1: begin an election at term 1 for -1: [aa06615a-c948-4cd3-931c-8686c8b6e07c:192.168.34.54:37413], old=null
2019-11-18 11:50:55,384 [aa06615a-c948-4cd3-931c-8686c8b6e07c@group-3CBE1DC80636-LeaderElection1] INFO  impl.RoleInfo (RoleInfo.java:shutdownLeaderElection(134)) - aa06615a-c948-4cd3-931c-8686c8b6e07c: shutdown LeaderElection
2019-11-18 11:50:55,384 [aa06615a-c948-4cd3-931c-8686c8b6e07c@group-3CBE1DC80636-LeaderElection1] INFO  impl.RaftServerImpl (RaftServerImpl.java:setRole(173)) - aa06615a-c948-4cd3-931c-8686c8b6e07c@group-3CBE1DC80636: changes role from CANDIDATE to LEADER at term 1 for changeToLeader
2019-11-18 11:50:55,384 [aa06615a-c948-4cd3-931c-8686c8b6e07c@group-3CBE1DC80636-LeaderElection1] INFO  ratis.XceiverServerRatis (XceiverServerRatis.java:handleLeaderChangedNotification(733)) - Leader change notification received for group: group-3CBE1DC80636 with new leaderId: aa06615a-c948-4cd3-931c-8686c8b6e07c
2019-11-18 11:50:55,385 [aa06615a-c948-4cd3-931c-8686c8b6e07c@group-3CBE1DC80636-LeaderElection1] INFO  impl.RaftServerImpl (ServerState.java:setLeader(255)) - aa06615a-c948-4cd3-931c-8686c8b6e07c@group-3CBE1DC80636: change Leader from null to aa06615a-c948-4cd3-931c-8686c8b6e07c at term 1 for becomeLeader, leader elected after 5102ms
2019-11-18 11:50:55,388 [EventQueue-PipelineReportForPipelineReportHandler] INFO  pipeline.PipelineReportHandler (PipelineReportHandler.java:processPipelineReport(113)) - Pipeline THREE PipelineID=66d5e2f5-e823-4adc-82a7-9d224c63b6fb reported by aa06615a-c948-4cd3-931c-8686c8b6e07c{ip: 192.168.34.54, host: pr-hdds-2533-t5tnj-349417245, networkLocation: /default-rack, certSerialId: null}
2019-11-18 11:50:55,389 [aa06615a-c948-4cd3-931c-8686c8b6e07c@group-3CBE1DC80636-LeaderElection1] INFO  server.RaftServerConfigKeys (ConfUtils.java:logGet(43)) - raft.server.staging.catchup.gap = 1000 (default)
2019-11-18 11:50:55,390 [aa06615a-c948-4cd3-931c-8686c8b6e07c@group-3CBE1DC80636-LeaderElection1] INFO  server.RaftServerConfigKeys (ConfUtils.java:logGet(43)) - raft.server.rpc.sleep.time = 25ms (default)
2019-11-18 11:50:55,393 [aa06615a-c948-4cd3-931c-8686c8b6e07c@group-3CBE1DC80636-LeaderElection1] INFO  server.RaftServerConfigKeys (ConfUtils.java:logGet(43)) - raft.server.write.element-limit = 4096 (default)
2019-11-18 11:50:55,397 [aa06615a-c948-4cd3-931c-8686c8b6e07c@group-3CBE1DC80636-LeaderElection1] INFO  server.RaftServerConfigKeys (ConfUtils.java:logGet(43)) - raft.server.watch.timeout = 10s (default)
2019-11-18 11:50:55,398 [aa06615a-c948-4cd3-931c-8686c8b6e07c@group-3CBE1DC80636-LeaderElection1] INFO  server.RaftServerConfigKeys (ConfUtils.java:logGet(43)) - raft.server.watch.timeout.denomination = 1s (default)
2019-11-18 11:50:55,398 [aa06615a-c948-4cd3-931c-8686c8b6e07c@group-3CBE1DC80636-LeaderElection1] INFO  server.RaftServerConfigKeys (ConfUtils.java:logGet(43)) - raft.server.watch.element-limit = 65536 (default)
2019-11-18 11:50:55,405 [aa06615a-c948-4cd3-931c-8686c8b6e07c@group-3CBE1DC80636-LeaderElection1] INFO  impl.RoleInfo (RoleInfo.java:updateAndGet(143)) - aa06615a-c948-4cd3-931c-8686c8b6e07c: start LeaderState
2019-11-18 11:50:55,413 [Thread-188] INFO  impl.FollowerState (FollowerState.java:run(111)) - 5e5e1231-907b-4901-a10f-8e3e242e34fe@group-9D224C63B6FB-FollowerState: change to CANDIDATE, lastRpcTime:5005ms, electionTimeout:5004ms
2019-11-18 11:50:55,414 [Thread-188] INFO  impl.RoleInfo (RoleInfo.java:shutdownFollowerState(121)) - 5e5e1231-907b-4901-a10f-8e3e242e34fe: shutdown FollowerState
2019-11-18 11:50:55,414 [Thread-188] INFO  impl.RaftServerImpl (RaftServerImpl.java:setRole(173)) - 5e5e1231-907b-4901-a10f-8e3e242e34fe@group-9D224C63B6FB: changes role from  FOLLOWER to CANDIDATE at term 0 for changeToCandidate
2019-11-18 11:50:55,414 [Thread-188] INFO  impl.RoleInfo (RoleInfo.java:updateAndGet(143)) - 5e5e1231-907b-4901-a10f-8e3e242e34fe: start LeaderElection
2019-11-18 11:50:55,421 [5e5e1231-907b-4901-a10f-8e3e242e34fe@group-9D224C63B6FB-LeaderElection2] INFO  impl.LeaderElection (LeaderElection.java:askForVotes(178)) - 5e5e1231-907b-4901-a10f-8e3e242e34fe@group-9D224C63B6FB-LeaderElection2: begin an election at term 1 for -1: [aa06615a-c948-4cd3-931c-8686c8b6e07c:192.168.34.54:37413, 5e5e1231-907b-4901-a10f-8e3e242e34fe:192.168.34.54:36986, e69f106d-e861-448c-ab21-374271f7ff9a:192.168.34.54:34031], old=null
2019-11-18 11:50:55,427 [aa06615a-c948-4cd3-931c-8686c8b6e07c@group-3CBE1DC80636-LeaderElection1] INFO  segmented.SegmentedRaftLogWorker (SegmentedRaftLogWorker.java:startLogSegment(385)) - aa06615a-c948-4cd3-931c-8686c8b6e07c@group-3CBE1DC80636-SegmentedRaftLogWorker: Starting segment from index:0
2019-11-18 11:50:55,443 [Thread-183] INFO  impl.FollowerState (FollowerState.java:run(111)) - e69f106d-e861-448c-ab21-374271f7ff9a@group-A7D2DA6C50F9-FollowerState: change to CANDIDATE, lastRpcTime:5124ms, electionTimeout:5120ms
2019-11-18 11:50:55,444 [Thread-183] INFO  impl.RoleInfo (RoleInfo.java:shutdownFollowerState(121)) - e69f106d-e861-448c-ab21-374271f7ff9a: shutdown FollowerState
2019-11-18 11:50:55,444 [Thread-183] INFO  impl.RaftServerImpl (RaftServerImpl.java:setRole(173)) - e69f106d-e861-448c-ab21-374271f7ff9a@group-A7D2DA6C50F9: changes role from  FOLLOWER to CANDIDATE at term 0 for changeToCandidate
2019-11-18 11:50:55,444 [Thread-183] INFO  impl.RoleInfo (RoleInfo.java:updateAndGet(143)) - e69f106d-e861-448c-ab21-374271f7ff9a: start LeaderElection
2019-11-18 11:50:55,454 [e69f106d-e861-448c-ab21-374271f7ff9a@group-A7D2DA6C50F9-LeaderElection3] INFO  impl.LeaderElection (LeaderElection.java:askForVotes(178)) - e69f106d-e861-448c-ab21-374271f7ff9a@group-A7D2DA6C50F9-LeaderElection3: begin an election at term 1 for -1: [e69f106d-e861-448c-ab21-374271f7ff9a:192.168.34.54:34031], old=null
2019-11-18 11:50:55,454 [e69f106d-e861-448c-ab21-374271f7ff9a@group-A7D2DA6C50F9-LeaderElection3] INFO  impl.RoleInfo (RoleInfo.java:shutdownLeaderElection(134)) - e69f106d-e861-448c-ab21-374271f7ff9a: shutdown LeaderElection
2019-11-18 11:50:55,454 [e69f106d-e861-448c-ab21-374271f7ff9a@group-A7D2DA6C50F9-LeaderElection3] INFO  impl.RaftServerImpl (RaftServerImpl.java:setRole(173)) - e69f106d-e861-448c-ab21-374271f7ff9a@group-A7D2DA6C50F9: changes role from CANDIDATE to LEADER at term 1 for changeToLeader
2019-11-18 11:50:55,454 [e69f106d-e861-448c-ab21-374271f7ff9a@group-A7D2DA6C50F9-LeaderElection3] INFO  ratis.XceiverServerRatis (XceiverServerRatis.java:handleLeaderChangedNotification(733)) - Leader change notification received for group: group-A7D2DA6C50F9 with new leaderId: e69f106d-e861-448c-ab21-374271f7ff9a
2019-11-18 11:50:55,454 [e69f106d-e861-448c-ab21-374271f7ff9a@group-A7D2DA6C50F9-LeaderElection3] INFO  impl.RaftServerImpl (ServerState.java:setLeader(255)) - e69f106d-e861-448c-ab21-374271f7ff9a@group-A7D2DA6C50F9: change Leader from null to e69f106d-e861-448c-ab21-374271f7ff9a at term 1 for becomeLeader, leader elected after 5268ms
2019-11-18 11:50:55,455 [e69f106d-e861-448c-ab21-374271f7ff9a@group-A7D2DA6C50F9-LeaderElection3] INFO  server.RaftServerConfigKeys (ConfUtils.java:logGet(43)) - raft.server.staging.catchup.gap = 1000 (default)
2019-11-18 11:50:55,455 [e69f106d-e861-448c-ab21-374271f7ff9a@group-A7D2DA6C50F9-LeaderElection3] INFO  server.RaftServerConfigKeys (ConfUtils.java:logGet(43)) - raft.server.rpc.sleep.time = 25ms (default)
2019-11-18 11:50:55,455 [e69f106d-e861-448c-ab21-374271f7ff9a@group-A7D2DA6C50F9-LeaderElection3] INFO  server.RaftServerConfigKeys (ConfUtils.java:logGet(43)) - raft.server.write.element-limit = 4096 (default)
2019-11-18 11:50:55,455 [e69f106d-e861-448c-ab21-374271f7ff9a@group-A7D2DA6C50F9-LeaderElection3] INFO  server.RaftServerConfigKeys (ConfUtils.java:logGet(43)) - raft.server.watch.timeout = 10s (default)
2019-11-18 11:50:55,455 [e69f106d-e861-448c-ab21-374271f7ff9a@group-A7D2DA6C50F9-LeaderElection3] INFO  server.RaftServerConfigKeys (ConfUtils.java:logGet(43)) - raft.server.watch.timeout.denomination = 1s (default)
2019-11-18 11:50:55,456 [e69f106d-e861-448c-ab21-374271f7ff9a@group-A7D2DA6C50F9-LeaderElection3] INFO  server.RaftServerConfigKeys (ConfUtils.java:logGet(43)) - raft.server.watch.element-limit = 65536 (default)
2019-11-18 11:50:55,456 [e69f106d-e861-448c-ab21-374271f7ff9a@group-A7D2DA6C50F9-LeaderElection3] INFO  impl.RoleInfo (RoleInfo.java:updateAndGet(143)) - e69f106d-e861-448c-ab21-374271f7ff9a: start LeaderState
2019-11-18 11:50:55,456 [aa06615a-c948-4cd3-931c-8686c8b6e07c@group-3CBE1DC80636-LeaderElection1] INFO  impl.RaftServerImpl (ServerState.java:setRaftConf(356)) - aa06615a-c948-4cd3-931c-8686c8b6e07c@group-3CBE1DC80636: set configuration 0: [aa06615a-c948-4cd3-931c-8686c8b6e07c:192.168.34.54:37413], old=null at 0
2019-11-18 11:50:55,456 [e69f106d-e861-448c-ab21-374271f7ff9a@group-A7D2DA6C50F9-LeaderElection3] INFO  segmented.SegmentedRaftLogWorker (SegmentedRaftLogWorker.java:startLogSegment(385)) - e69f106d-e861-448c-ab21-374271f7ff9a@group-A7D2DA6C50F9-SegmentedRaftLogWorker: Starting segment from index:0
2019-11-18 11:50:55,457 [EventQueue-PipelineReportForPipelineReportHandler] INFO  pipeline.PipelineReportHandler (PipelineReportHandler.java:processPipelineReport(113)) - Pipeline THREE PipelineID=66d5e2f5-e823-4adc-82a7-9d224c63b6fb reported by e69f106d-e861-448c-ab21-374271f7ff9a{ip: 192.168.34.54, host: pr-hdds-2533-t5tnj-349417245, networkLocation: /default-rack, certSerialId: null}
2019-11-18 11:50:55,457 [e69f106d-e861-448c-ab21-374271f7ff9a@group-A7D2DA6C50F9-LeaderElection3] INFO  impl.RaftServerImpl (ServerState.java:setRaftConf(356)) - e69f106d-e861-448c-ab21-374271f7ff9a@group-A7D2DA6C50F9: set configuration 0: [e69f106d-e861-448c-ab21-374271f7ff9a:192.168.34.54:34031], old=null at 0
2019-11-18 11:50:55,471 [Thread-182] INFO  impl.FollowerState (FollowerState.java:run(111)) - 5e5e1231-907b-4901-a10f-8e3e242e34fe@group-496AAB7499B6-FollowerState: change to CANDIDATE, lastRpcTime:5152ms, electionTimeout:5148ms
2019-11-18 11:50:55,472 [Thread-182] INFO  impl.RoleInfo (RoleInfo.java:shutdownFollowerState(121)) - 5e5e1231-907b-4901-a10f-8e3e242e34fe: shutdown FollowerState
2019-11-18 11:50:55,472 [Thread-182] INFO  impl.RaftServerImpl (RaftServerImpl.java:setRole(173)) - 5e5e1231-907b-4901-a10f-8e3e242e34fe@group-496AAB7499B6: changes role from  FOLLOWER to CANDIDATE at term 0 for changeToCandidate
2019-11-18 11:50:55,472 [Thread-182] INFO  impl.RoleInfo (RoleInfo.java:updateAndGet(143)) - 5e5e1231-907b-4901-a10f-8e3e242e34fe: start LeaderElection
2019-11-18 11:50:55,486 [5e5e1231-907b-4901-a10f-8e3e242e34fe@group-496AAB7499B6-LeaderElection4] INFO  impl.LeaderElection (LeaderElection.java:askForVotes(178)) - 5e5e1231-907b-4901-a10f-8e3e242e34fe@group-496AAB7499B6-LeaderElection4: begin an election at term 1 for -1: [5e5e1231-907b-4901-a10f-8e3e242e34fe:192.168.34.54:36986], old=null
2019-11-18 11:50:55,487 [5e5e1231-907b-4901-a10f-8e3e242e34fe@group-496AAB7499B6-LeaderElection4] INFO  impl.RoleInfo (RoleInfo.java:shutdownLeaderElection(134)) - 5e5e1231-907b-4901-a10f-8e3e242e34fe: shutdown LeaderElection
2019-11-18 11:50:55,487 [5e5e1231-907b-4901-a10f-8e3e242e34fe@group-496AAB7499B6-LeaderElection4] INFO  impl.RaftServerImpl (RaftServerImpl.java:setRole(173)) - 5e5e1231-907b-4901-a10f-8e3e242e34fe@group-496AAB7499B6: changes role from CANDIDATE to LEADER at term 1 for changeToLeader
2019-11-18 11:50:55,487 [5e5e1231-907b-4901-a10f-8e3e242e34fe@group-496AAB7499B6-LeaderElection4] INFO  ratis.XceiverServerRatis (XceiverServerRatis.java:handleLeaderChangedNotification(733)) - Leader change notification received for group: group-496AAB7499B6 with new leaderId: 5e5e1231-907b-4901-a10f-8e3e242e34fe
2019-11-18 11:50:55,488 [5e5e1231-907b-4901-a10f-8e3e242e34fe@group-496AAB7499B6-LeaderElection4] INFO  impl.RaftServerImpl (ServerState.java:setLeader(255)) - 5e5e1231-907b-4901-a10f-8e3e242e34fe@group-496AAB7499B6: change Leader from null to 5e5e1231-907b-4901-a10f-8e3e242e34fe at term 1 for becomeLeader, leader elected after 5297ms
2019-11-18 11:50:55,488 [5e5e1231-907b-4901-a10f-8e3e242e34fe@group-496AAB7499B6-LeaderElection4] INFO  server.RaftServerConfigKeys (ConfUtils.java:logGet(43)) - raft.server.staging.catchup.gap = 1000 (default)
2019-11-18 11:50:55,488 [5e5e1231-907b-4901-a10f-8e3e242e34fe@group-496AAB7499B6-LeaderElection4] INFO  server.RaftServerConfigKeys (ConfUtils.java:logGet(43)) - raft.server.rpc.sleep.time = 25ms (default)
2019-11-18 11:50:55,488 [5e5e1231-907b-4901-a10f-8e3e242e34fe@group-496AAB7499B6-LeaderElection4] INFO  server.RaftServerConfigKeys (ConfUtils.java:logGet(43)) - raft.server.write.element-limit = 4096 (default)
2019-11-18 11:50:55,489 [5e5e1231-907b-4901-a10f-8e3e242e34fe@group-496AAB7499B6-LeaderElection4] INFO  server.RaftServerConfigKeys (ConfUtils.java:logGet(43)) - raft.server.watch.timeout = 10s (default)
2019-11-18 11:50:55,489 [5e5e1231-907b-4901-a10f-8e3e242e34fe@group-496AAB7499B6-LeaderElection4] INFO  server.RaftServerConfigKeys (ConfUtils.java:logGet(43)) - raft.server.watch.timeout.denomination = 1s (default)
2019-11-18 11:50:55,489 [5e5e1231-907b-4901-a10f-8e3e242e34fe@group-496AAB7499B6-LeaderElection4] INFO  server.RaftServerConfigKeys (ConfUtils.java:logGet(43)) - raft.server.watch.element-limit = 65536 (default)
2019-11-18 11:50:55,490 [5e5e1231-907b-4901-a10f-8e3e242e34fe@group-496AAB7499B6-LeaderElection4] INFO  impl.RoleInfo (RoleInfo.java:updateAndGet(143)) - 5e5e1231-907b-4901-a10f-8e3e242e34fe: start LeaderState
2019-11-18 11:50:55,490 [EventQueue-PipelineReportForPipelineReportHandler] INFO  pipeline.PipelineReportHandler (PipelineReportHandler.java:processPipelineReport(113)) - Pipeline THREE PipelineID=66d5e2f5-e823-4adc-82a7-9d224c63b6fb reported by 5e5e1231-907b-4901-a10f-8e3e242e34fe{ip: 192.168.34.54, host: pr-hdds-2533-t5tnj-349417245, networkLocation: /default-rack, certSerialId: null}
2019-11-18 11:50:55,490 [5e5e1231-907b-4901-a10f-8e3e242e34fe@group-496AAB7499B6-LeaderElection4] INFO  segmented.SegmentedRaftLogWorker (SegmentedRaftLogWorker.java:startLogSegment(385)) - 5e5e1231-907b-4901-a10f-8e3e242e34fe@group-496AAB7499B6-SegmentedRaftLogWorker: Starting segment from index:0
2019-11-18 11:50:55,491 [5e5e1231-907b-4901-a10f-8e3e242e34fe@group-496AAB7499B6-LeaderElection4] INFO  impl.RaftServerImpl (ServerState.java:setRaftConf(356)) - 5e5e1231-907b-4901-a10f-8e3e242e34fe@group-496AAB7499B6: set configuration 0: [5e5e1231-907b-4901-a10f-8e3e242e34fe:192.168.34.54:36986], old=null at 0
2019-11-18 11:50:55,494 [Thread-190] INFO  impl.FollowerState (FollowerState.java:run(111)) - e69f106d-e861-448c-ab21-374271f7ff9a@group-9D224C63B6FB-FollowerState: change to CANDIDATE, lastRpcTime:5085ms, electionTimeout:5085ms
2019-11-18 11:50:55,494 [Thread-190] INFO  impl.RoleInfo (RoleInfo.java:shutdownFollowerState(121)) - e69f106d-e861-448c-ab21-374271f7ff9a: shutdown FollowerState
2019-11-18 11:50:55,494 [Thread-190] INFO  impl.RaftServerImpl (RaftServerImpl.java:setRole(173)) - e69f106d-e861-448c-ab21-374271f7ff9a@group-9D224C63B6FB: changes role from  FOLLOWER to CANDIDATE at term 0 for changeToCandidate
2019-11-18 11:50:55,494 [Thread-190] INFO  impl.RoleInfo (RoleInfo.java:updateAndGet(143)) - e69f106d-e861-448c-ab21-374271f7ff9a: start LeaderElection
2019-11-18 11:50:55,499 [e69f106d-e861-448c-ab21-374271f7ff9a@group-9D224C63B6FB-LeaderElection5] INFO  impl.LeaderElection (LeaderElection.java:askForVotes(178)) - e69f106d-e861-448c-ab21-374271f7ff9a@group-9D224C63B6FB-LeaderElection5: begin an election at term 1 for -1: [aa06615a-c948-4cd3-931c-8686c8b6e07c:192.168.34.54:37413, 5e5e1231-907b-4901-a10f-8e3e242e34fe:192.168.34.54:36986, e69f106d-e861-448c-ab21-374271f7ff9a:192.168.34.54:34031], old=null
2019-11-18 11:50:55,501 [Thread-191] INFO  impl.FollowerState (FollowerState.java:run(111)) - aa06615a-c948-4cd3-931c-8686c8b6e07c@group-9D224C63B6FB-FollowerState: change to CANDIDATE, lastRpcTime:5092ms, electionTimeout:5092ms
2019-11-18 11:50:55,501 [Thread-191] INFO  impl.RoleInfo (RoleInfo.java:shutdownFollowerState(121)) - aa06615a-c948-4cd3-931c-8686c8b6e07c: shutdown FollowerState
2019-11-18 11:50:55,501 [Thread-191] INFO  impl.RaftServerImpl (RaftServerImpl.java:setRole(173)) - aa06615a-c948-4cd3-931c-8686c8b6e07c@group-9D224C63B6FB: changes role from  FOLLOWER to CANDIDATE at term 0 for changeToCandidate
2019-11-18 11:50:55,501 [Thread-191] INFO  impl.RoleInfo (RoleInfo.java:updateAndGet(143)) - aa06615a-c948-4cd3-931c-8686c8b6e07c: start LeaderElection
2019-11-18 11:50:55,513 [aa06615a-c948-4cd3-931c-8686c8b6e07c@group-9D224C63B6FB-LeaderElection6] INFO  impl.LeaderElection (LeaderElection.java:askForVotes(178)) - aa06615a-c948-4cd3-931c-8686c8b6e07c@group-9D224C63B6FB-LeaderElection6: begin an election at term 1 for -1: [aa06615a-c948-4cd3-931c-8686c8b6e07c:192.168.34.54:37413, 5e5e1231-907b-4901-a10f-8e3e242e34fe:192.168.34.54:36986, e69f106d-e861-448c-ab21-374271f7ff9a:192.168.34.54:34031], old=null
2019-11-18 11:50:55,600 [aa06615a-c948-4cd3-931c-8686c8b6e07c@group-3CBE1DC80636-SegmentedRaftLogWorker] INFO  segmented.SegmentedRaftLogWorker (SegmentedRaftLogWorker.java:execute(576)) - aa06615a-c948-4cd3-931c-8686c8b6e07c@group-3CBE1DC80636-SegmentedRaftLogWorker: created new log segment /workdir/hadoop-ozone/tools/target/test-dir/MiniOzoneClusterImpl-f1b2f89b-fe02-4b37-a0e6-f89ef9b3e531/datanode-2/data/ratis/bd2a940b-f894-4684-a0a4-3cbe1dc80636/current/log_inprogress_0
2019-11-18 11:50:55,600 [5e5e1231-907b-4901-a10f-8e3e242e34fe@group-496AAB7499B6-SegmentedRaftLogWorker] INFO  segmented.SegmentedRaftLogWorker (SegmentedRaftLogWorker.java:execute(576)) - 5e5e1231-907b-4901-a10f-8e3e242e34fe@group-496AAB7499B6-SegmentedRaftLogWorker: created new log segment /workdir/hadoop-ozone/tools/target/test-dir/MiniOzoneClusterImpl-f1b2f89b-fe02-4b37-a0e6-f89ef9b3e531/datanode-1/data/ratis/6735119e-0441-490b-b9f9-496aab7499b6/current/log_inprogress_0
2019-11-18 11:50:55,600 [e69f106d-e861-448c-ab21-374271f7ff9a@group-A7D2DA6C50F9-SegmentedRaftLogWorker] INFO  segmented.SegmentedRaftLogWorker (SegmentedRaftLogWorker.java:execute(576)) - e69f106d-e861-448c-ab21-374271f7ff9a@group-A7D2DA6C50F9-SegmentedRaftLogWorker: created new log segment /workdir/hadoop-ozone/tools/target/test-dir/MiniOzoneClusterImpl-f1b2f89b-fe02-4b37-a0e6-f89ef9b3e531/datanode-0/data/ratis/dd7d303b-0261-4d2c-85f8-a7d2da6c50f9/current/log_inprogress_0
2019-11-18 11:50:55,813 [5e5e1231-907b-4901-a10f-8e3e242e34fe@group-9D224C63B6FB-LeaderElection2] INFO  impl.LeaderElection (LeaderElection.java:logAndReturn(56)) - 5e5e1231-907b-4901-a10f-8e3e242e34fe@group-9D224C63B6FB-LeaderElection2: Election REJECTED; received 2 response(s) [5e5e1231-907b-4901-a10f-8e3e242e34fe<-aa06615a-c948-4cd3-931c-8686c8b6e07c#0:FAIL-t1, 5e5e1231-907b-4901-a10f-8e3e242e34fe<-e69f106d-e861-448c-ab21-374271f7ff9a#0:FAIL-t1] and 0 exception(s); 5e5e1231-907b-4901-a10f-8e3e242e34fe@group-9D224C63B6FB:t1, leader=null, voted=5e5e1231-907b-4901-a10f-8e3e242e34fe, raftlog=5e5e1231-907b-4901-a10f-8e3e242e34fe@group-9D224C63B6FB-SegmentedRaftLog:OPENED:c-1,f-1,i0, conf=-1: [aa06615a-c948-4cd3-931c-8686c8b6e07c:192.168.34.54:37413, 5e5e1231-907b-4901-a10f-8e3e242e34fe:192.168.34.54:36986, e69f106d-e861-448c-ab21-374271f7ff9a:192.168.34.54:34031], old=null
2019-11-18 11:50:55,813 [e69f106d-e861-448c-ab21-374271f7ff9a@group-9D224C63B6FB-LeaderElection5] INFO  impl.LeaderElection (LeaderElection.java:logAndReturn(56)) - e69f106d-e861-448c-ab21-374271f7ff9a@group-9D224C63B6FB-LeaderElection5: Election REJECTED; received 2 response(s) [e69f106d-e861-448c-ab21-374271f7ff9a<-aa06615a-c948-4cd3-931c-8686c8b6e07c#0:FAIL-t1, e69f106d-e861-448c-ab21-374271f7ff9a<-5e5e1231-907b-4901-a10f-8e3e242e34fe#0:FAIL-t1] and 0 exception(s); e69f106d-e861-448c-ab21-374271f7ff9a@group-9D224C63B6FB:t1, leader=null, voted=e69f106d-e861-448c-ab21-374271f7ff9a, raftlog=e69f106d-e861-448c-ab21-374271f7ff9a@group-9D224C63B6FB-SegmentedRaftLog:OPENED:c-1,f-1,i0, conf=-1: [aa06615a-c948-4cd3-931c-8686c8b6e07c:192.168.34.54:37413, 5e5e1231-907b-4901-a10f-8e3e242e34fe:192.168.34.54:36986, e69f106d-e861-448c-ab21-374271f7ff9a:192.168.34.54:34031], old=null
2019-11-18 11:50:55,813 [aa06615a-c948-4cd3-931c-8686c8b6e07c@group-9D224C63B6FB-LeaderElection6] INFO  impl.LeaderElection (LeaderElection.java:logAndReturn(56)) - aa06615a-c948-4cd3-931c-8686c8b6e07c@group-9D224C63B6FB-LeaderElection6: Election REJECTED; received 2 response(s) [aa06615a-c948-4cd3-931c-8686c8b6e07c<-5e5e1231-907b-4901-a10f-8e3e242e34fe#0:FAIL-t1, aa06615a-c948-4cd3-931c-8686c8b6e07c<-e69f106d-e861-448c-ab21-374271f7ff9a#0:FAIL-t1] and 0 exception(s); aa06615a-c948-4cd3-931c-8686c8b6e07c@group-9D224C63B6FB:t1, leader=null, voted=aa06615a-c948-4cd3-931c-8686c8b6e07c, raftlog=aa06615a-c948-4cd3-931c-8686c8b6e07c@group-9D224C63B6FB-SegmentedRaftLog:OPENED:c-1,f-1,i0, conf=-1: [aa06615a-c948-4cd3-931c-8686c8b6e07c:192.168.34.54:37413, 5e5e1231-907b-4901-a10f-8e3e242e34fe:192.168.34.54:36986, e69f106d-e861-448c-ab21-374271f7ff9a:192.168.34.54:34031], old=null
2019-11-18 11:50:55,815 [e69f106d-e861-448c-ab21-374271f7ff9a@group-9D224C63B6FB-LeaderElection5] INFO  impl.RaftServerImpl (RaftServerImpl.java:setRole(173)) - e69f106d-e861-448c-ab21-374271f7ff9a@group-9D224C63B6FB: changes role from CANDIDATE to FOLLOWER at term 1 for DISCOVERED_A_NEW_TERM
2019-11-18 11:50:55,816 [aa06615a-c948-4cd3-931c-8686c8b6e07c@group-9D224C63B6FB-LeaderElection6] INFO  impl.RaftServerImpl (RaftServerImpl.java:setRole(173)) - aa06615a-c948-4cd3-931c-8686c8b6e07c@group-9D224C63B6FB: changes role from CANDIDATE to FOLLOWER at term 1 for DISCOVERED_A_NEW_TERM
2019-11-18 11:50:55,817 [e69f106d-e861-448c-ab21-374271f7ff9a@group-9D224C63B6FB-LeaderElection5] INFO  impl.RoleInfo (RoleInfo.java:shutdownLeaderElection(134)) - e69f106d-e861-448c-ab21-374271f7ff9a: shutdown LeaderElection
2019-11-18 11:50:55,816 [5e5e1231-907b-4901-a10f-8e3e242e34fe@group-9D224C63B6FB-LeaderElection2] INFO  impl.RaftServerImpl (RaftServerImpl.java:setRole(173)) - 5e5e1231-907b-4901-a10f-8e3e242e34fe@group-9D224C63B6FB: changes role from CANDIDATE to FOLLOWER at term 1 for DISCOVERED_A_NEW_TERM
2019-11-18 11:50:55,817 [aa06615a-c948-4cd3-931c-8686c8b6e07c@group-9D224C63B6FB-LeaderElection6] INFO  impl.RoleInfo (RoleInfo.java:shutdownLeaderElection(134)) - aa06615a-c948-4cd3-931c-8686c8b6e07c: shutdown LeaderElection
2019-11-18 11:50:55,817 [e69f106d-e861-448c-ab21-374271f7ff9a@group-9D224C63B6FB-LeaderElection5] INFO  impl.RoleInfo (RoleInfo.java:updateAndGet(143)) - e69f106d-e861-448c-ab21-374271f7ff9a: start FollowerState
2019-11-18 11:50:55,817 [5e5e1231-907b-4901-a10f-8e3e242e34fe@group-9D224C63B6FB-LeaderElection2] INFO  impl.RoleInfo (RoleInfo.java:shutdownLeaderElection(134)) - 5e5e1231-907b-4901-a10f-8e3e242e34fe: shutdown LeaderElection
2019-11-18 11:50:55,817 [aa06615a-c948-4cd3-931c-8686c8b6e07c@group-9D224C63B6FB-LeaderElection6] INFO  impl.RoleInfo (RoleInfo.java:updateAndGet(143)) - aa06615a-c948-4cd3-931c-8686c8b6e07c: start FollowerState
2019-11-18 11:50:55,817 [5e5e1231-907b-4901-a10f-8e3e242e34fe@group-9D224C63B6FB-LeaderElection2] INFO  impl.RoleInfo (RoleInfo.java:updateAndGet(143)) - 5e5e1231-907b-4901-a10f-8e3e242e34fe: start FollowerState
2019-11-18 11:50:56,273 [main] INFO  ozone.MiniOzoneClusterImpl (MiniOzoneClusterImpl.java:lambda$waitForClusterToBeReady$0(150)) - Nodes are ready. Got 3 of 3 DN Heartbeats.
2019-11-18 11:50:56,274 [main] INFO  ozone.MiniOzoneClusterImpl (MiniOzoneClusterImpl.java:lambda$waitForClusterToBeReady$0(153)) - Waiting for cluster to exit safe mode
2019-11-18 11:50:57,274 [main] INFO  ozone.MiniOzoneClusterImpl (MiniOzoneClusterImpl.java:lambda$waitForClusterToBeReady$0(150)) - Nodes are ready. Got 3 of 3 DN Heartbeats.
2019-11-18 11:50:57,274 [main] INFO  ozone.MiniOzoneClusterImpl (MiniOzoneClusterImpl.java:lambda$waitForClusterToBeReady$0(153)) - Waiting for cluster to exit safe mode
2019-11-18 11:50:58,274 [main] INFO  ozone.MiniOzoneClusterImpl (MiniOzoneClusterImpl.java:lambda$waitForClusterToBeReady$0(150)) - Nodes are ready. Got 3 of 3 DN Heartbeats.
2019-11-18 11:50:58,275 [main] INFO  ozone.MiniOzoneClusterImpl (MiniOzoneClusterImpl.java:lambda$waitForClusterToBeReady$0(153)) - Waiting for cluster to exit safe mode
2019-11-18 11:50:59,275 [main] INFO  ozone.MiniOzoneClusterImpl (MiniOzoneClusterImpl.java:lambda$waitForClusterToBeReady$0(150)) - Nodes are ready. Got 3 of 3 DN Heartbeats.
2019-11-18 11:50:59,276 [main] INFO  ozone.MiniOzoneClusterImpl (MiniOzoneClusterImpl.java:lambda$waitForClusterToBeReady$0(153)) - Waiting for cluster to exit safe mode
2019-11-18 11:51:00,276 [main] INFO  ozone.MiniOzoneClusterImpl (MiniOzoneClusterImpl.java:lambda$waitForClusterToBeReady$0(150)) - Nodes are ready. Got 3 of 3 DN Heartbeats.
2019-11-18 11:51:00,276 [main] INFO  ozone.MiniOzoneClusterImpl (MiniOzoneClusterImpl.java:lambda$waitForClusterToBeReady$0(153)) - Waiting for cluster to exit safe mode
2019-11-18 11:51:00,895 [Thread-209] INFO  impl.FollowerState (FollowerState.java:run(111)) - 5e5e1231-907b-4901-a10f-8e3e242e34fe@group-9D224C63B6FB-FollowerState: change to CANDIDATE, lastRpcTime:5077ms, electionTimeout:5076ms
2019-11-18 11:51:00,895 [Thread-209] INFO  impl.RoleInfo (RoleInfo.java:shutdownFollowerState(121)) - 5e5e1231-907b-4901-a10f-8e3e242e34fe: shutdown FollowerState
2019-11-18 11:51:00,895 [Thread-209] INFO  impl.RaftServerImpl (RaftServerImpl.java:setRole(173)) - 5e5e1231-907b-4901-a10f-8e3e242e34fe@group-9D224C63B6FB: changes role from  FOLLOWER to CANDIDATE at term 1 for changeToCandidate
2019-11-18 11:51:00,896 [Thread-209] INFO  impl.RoleInfo (RoleInfo.java:updateAndGet(143)) - 5e5e1231-907b-4901-a10f-8e3e242e34fe: start LeaderElection
2019-11-18 11:51:00,908 [Thread-207] INFO  impl.FollowerState (FollowerState.java:run(111)) - e69f106d-e861-448c-ab21-374271f7ff9a@group-9D224C63B6FB-FollowerState: change to CANDIDATE, lastRpcTime:5091ms, electionTimeout:5090ms
2019-11-18 11:51:00,908 [Thread-207] INFO  impl.RoleInfo (RoleInfo.java:shutdownFollowerState(121)) - e69f106d-e861-448c-ab21-374271f7ff9a: shutdown FollowerState
2019-11-18 11:51:00,908 [Thread-207] INFO  impl.RaftServerImpl (RaftServerImpl.java:setRole(173)) - e69f106d-e861-448c-ab21-374271f7ff9a@group-9D224C63B6FB: changes role from  FOLLOWER to CANDIDATE at term 1 for changeToCandidate
2019-11-18 11:51:00,908 [Thread-207] INFO  impl.RoleInfo (RoleInfo.java:updateAndGet(143)) - e69f106d-e861-448c-ab21-374271f7ff9a: start LeaderElection
2019-11-18 11:51:00,922 [5e5e1231-907b-4901-a10f-8e3e242e34fe@group-9D224C63B6FB-LeaderElection7] INFO  impl.LeaderElection (LeaderElection.java:askForVotes(178)) - 5e5e1231-907b-4901-a10f-8e3e242e34fe@group-9D224C63B6FB-LeaderElection7: begin an election at term 2 for -1: [aa06615a-c948-4cd3-931c-8686c8b6e07c:192.168.34.54:37413, 5e5e1231-907b-4901-a10f-8e3e242e34fe:192.168.34.54:36986, e69f106d-e861-448c-ab21-374271f7ff9a:192.168.34.54:34031], old=null
2019-11-18 11:51:00,924 [e69f106d-e861-448c-ab21-374271f7ff9a@group-9D224C63B6FB-LeaderElection8] INFO  impl.LeaderElection (LeaderElection.java:askForVotes(178)) - e69f106d-e861-448c-ab21-374271f7ff9a@group-9D224C63B6FB-LeaderElection8: begin an election at term 2 for -1: [aa06615a-c948-4cd3-931c-8686c8b6e07c:192.168.34.54:37413, 5e5e1231-907b-4901-a10f-8e3e242e34fe:192.168.34.54:36986, e69f106d-e861-448c-ab21-374271f7ff9a:192.168.34.54:34031], old=null
2019-11-18 11:51:00,938 [grpc-default-executor-2] INFO  impl.RaftServerImpl (RaftServerImpl.java:setRole(173)) - aa06615a-c948-4cd3-931c-8686c8b6e07c@group-9D224C63B6FB: changes role from  FOLLOWER to FOLLOWER at term 2 for recognizeCandidate:e69f106d-e861-448c-ab21-374271f7ff9a
2019-11-18 11:51:00,939 [grpc-default-executor-2] INFO  impl.RoleInfo (RoleInfo.java:shutdownFollowerState(121)) - aa06615a-c948-4cd3-931c-8686c8b6e07c: shutdown FollowerState
2019-11-18 11:51:00,941 [Thread-208] INFO  impl.FollowerState (FollowerState.java:run(120)) - aa06615a-c948-4cd3-931c-8686c8b6e07c@group-9D224C63B6FB-FollowerState was interrupted: java.lang.InterruptedException: sleep interrupted
2019-11-18 11:51:00,941 [grpc-default-executor-2] INFO  impl.RoleInfo (RoleInfo.java:updateAndGet(143)) - aa06615a-c948-4cd3-931c-8686c8b6e07c: start FollowerState
2019-11-18 11:51:00,980 [5e5e1231-907b-4901-a10f-8e3e242e34fe@group-9D224C63B6FB-LeaderElection7] INFO  impl.LeaderElection (LeaderElection.java:logAndReturn(56)) - 5e5e1231-907b-4901-a10f-8e3e242e34fe@group-9D224C63B6FB-LeaderElection7: Election REJECTED; received 2 response(s) [5e5e1231-907b-4901-a10f-8e3e242e34fe<-aa06615a-c948-4cd3-931c-8686c8b6e07c#0:FAIL-t2, 5e5e1231-907b-4901-a10f-8e3e242e34fe<-e69f106d-e861-448c-ab21-374271f7ff9a#0:FAIL-t2] and 0 exception(s); 5e5e1231-907b-4901-a10f-8e3e242e34fe@group-9D224C63B6FB:t2, leader=null, voted=5e5e1231-907b-4901-a10f-8e3e242e34fe, raftlog=5e5e1231-907b-4901-a10f-8e3e242e34fe@group-9D224C63B6FB-SegmentedRaftLog:OPENED:c-1,f-1,i0, conf=-1: [aa06615a-c948-4cd3-931c-8686c8b6e07c:192.168.34.54:37413, 5e5e1231-907b-4901-a10f-8e3e242e34fe:192.168.34.54:36986, e69f106d-e861-448c-ab21-374271f7ff9a:192.168.34.54:34031], old=null
2019-11-18 11:51:00,980 [e69f106d-e861-448c-ab21-374271f7ff9a@group-9D224C63B6FB-LeaderElection8] INFO  impl.LeaderElection (LeaderElection.java:logAndReturn(56)) - e69f106d-e861-448c-ab21-374271f7ff9a@group-9D224C63B6FB-LeaderElection8: Election PASSED; received 2 response(s) [e69f106d-e861-448c-ab21-374271f7ff9a<-aa06615a-c948-4cd3-931c-8686c8b6e07c#0:OK-t2, e69f106d-e861-448c-ab21-374271f7ff9a<-5e5e1231-907b-4901-a10f-8e3e242e34fe#0:FAIL-t2] and 0 exception(s); e69f106d-e861-448c-ab21-374271f7ff9a@group-9D224C63B6FB:t2, leader=null, voted=e69f106d-e861-448c-ab21-374271f7ff9a, raftlog=e69f106d-e861-448c-ab21-374271f7ff9a@group-9D224C63B6FB-SegmentedRaftLog:OPENED:c-1,f-1,i0, conf=-1: [aa06615a-c948-4cd3-931c-8686c8b6e07c:192.168.34.54:37413, 5e5e1231-907b-4901-a10f-8e3e242e34fe:192.168.34.54:36986, e69f106d-e861-448c-ab21-374271f7ff9a:192.168.34.54:34031], old=null
2019-11-18 11:51:00,980 [5e5e1231-907b-4901-a10f-8e3e242e34fe@group-9D224C63B6FB-LeaderElection7] INFO  impl.RaftServerImpl (RaftServerImpl.java:setRole(173)) - 5e5e1231-907b-4901-a10f-8e3e242e34fe@group-9D224C63B6FB: changes role from CANDIDATE to FOLLOWER at term 2 for DISCOVERED_A_NEW_TERM
2019-11-18 11:51:00,982 [e69f106d-e861-448c-ab21-374271f7ff9a@group-9D224C63B6FB-LeaderElection8] INFO  impl.RoleInfo (RoleInfo.java:shutdownLeaderElection(134)) - e69f106d-e861-448c-ab21-374271f7ff9a: shutdown LeaderElection
2019-11-18 11:51:00,983 [5e5e1231-907b-4901-a10f-8e3e242e34fe@group-9D224C63B6FB-LeaderElection7] INFO  impl.RoleInfo (RoleInfo.java:shutdownLeaderElection(134)) - 5e5e1231-907b-4901-a10f-8e3e242e34fe: shutdown LeaderElection
2019-11-18 11:51:00,984 [e69f106d-e861-448c-ab21-374271f7ff9a@group-9D224C63B6FB-LeaderElection8] INFO  impl.RaftServerImpl (RaftServerImpl.java:setRole(173)) - e69f106d-e861-448c-ab21-374271f7ff9a@group-9D224C63B6FB: changes role from CANDIDATE to LEADER at term 2 for changeToLeader
2019-11-18 11:51:00,984 [e69f106d-e861-448c-ab21-374271f7ff9a@group-9D224C63B6FB-LeaderElection8] INFO  ratis.XceiverServerRatis (XceiverServerRatis.java:handleLeaderChangedNotification(733)) - Leader change notification received for group: group-9D224C63B6FB with new leaderId: e69f106d-e861-448c-ab21-374271f7ff9a
2019-11-18 11:51:00,984 [5e5e1231-907b-4901-a10f-8e3e242e34fe@group-9D224C63B6FB-LeaderElection7] INFO  impl.RoleInfo (RoleInfo.java:updateAndGet(143)) - 5e5e1231-907b-4901-a10f-8e3e242e34fe: start FollowerState
2019-11-18 11:51:00,984 [e69f106d-e861-448c-ab21-374271f7ff9a@group-9D224C63B6FB-LeaderElection8] INFO  impl.RaftServerImpl (ServerState.java:setLeader(255)) - e69f106d-e861-448c-ab21-374271f7ff9a@group-9D224C63B6FB: change Leader from null to e69f106d-e861-448c-ab21-374271f7ff9a at term 2 for becomeLeader, leader elected after 10583ms
2019-11-18 11:51:00,985 [e69f106d-e861-448c-ab21-374271f7ff9a@group-9D224C63B6FB-LeaderElection8] INFO  server.RaftServerConfigKeys (ConfUtils.java:logGet(43)) - raft.server.staging.catchup.gap = 1000 (default)
2019-11-18 11:51:00,986 [e69f106d-e861-448c-ab21-374271f7ff9a@group-9D224C63B6FB-LeaderElection8] INFO  server.RaftServerConfigKeys (ConfUtils.java:logGet(43)) - raft.server.rpc.sleep.time = 25ms (default)
2019-11-18 11:51:00,986 [e69f106d-e861-448c-ab21-374271f7ff9a@group-9D224C63B6FB-LeaderElection8] INFO  server.RaftServerConfigKeys (ConfUtils.java:logGet(43)) - raft.server.write.element-limit = 4096 (default)
2019-11-18 11:51:00,986 [e69f106d-e861-448c-ab21-374271f7ff9a@group-9D224C63B6FB-LeaderElection8] INFO  server.RaftServerConfigKeys (ConfUtils.java:logGet(43)) - raft.server.watch.timeout = 10s (default)
2019-11-18 11:51:00,986 [e69f106d-e861-448c-ab21-374271f7ff9a@group-9D224C63B6FB-LeaderElection8] INFO  server.RaftServerConfigKeys (ConfUtils.java:logGet(43)) - raft.server.watch.timeout.denomination = 1s (default)
2019-11-18 11:51:00,986 [e69f106d-e861-448c-ab21-374271f7ff9a@group-9D224C63B6FB-LeaderElection8] INFO  server.RaftServerConfigKeys (ConfUtils.java:logGet(43)) - raft.server.watch.element-limit = 65536 (default)
2019-11-18 11:51:00,987 [EventQueue-PipelineReportForPipelineReportHandler] INFO  pipeline.PipelineReportHandler (PipelineReportHandler.java:processPipelineReport(113)) - Pipeline THREE PipelineID=66d5e2f5-e823-4adc-82a7-9d224c63b6fb reported by e69f106d-e861-448c-ab21-374271f7ff9a{ip: 192.168.34.54, host: pr-hdds-2533-t5tnj-349417245, networkLocation: /default-rack, certSerialId: null}
2019-11-18 11:51:00,988 [EventQueue-PipelineReportForPipelineReportHandler] INFO  pipeline.PipelineStateManager (PipelineStateManager.java:openPipeline(132)) - Pipeline Pipeline[ Id: 66d5e2f5-e823-4adc-82a7-9d224c63b6fb, Nodes: e69f106d-e861-448c-ab21-374271f7ff9a{ip: 192.168.34.54, host: pr-hdds-2533-t5tnj-349417245, networkLocation: /default-rack, certSerialId: null}5e5e1231-907b-4901-a10f-8e3e242e34fe{ip: 192.168.34.54, host: pr-hdds-2533-t5tnj-349417245, networkLocation: /default-rack, certSerialId: null}aa06615a-c948-4cd3-931c-8686c8b6e07c{ip: 192.168.34.54, host: pr-hdds-2533-t5tnj-349417245, networkLocation: /default-rack, certSerialId: null}, Type:RATIS, Factor:THREE, State:ALLOCATED] moved to OPEN state
2019-11-18 11:51:00,988 [EventQueue-OpenPipelineForOneReplicaPipelineSafeModeRule] INFO  safemode.SCMSafeModeManager (SCMSafeModeManager.java:validateSafeModeExitRules(176)) - AtleastOneDatanodeReportedRule rule is successfully validated
2019-11-18 11:51:00,988 [EventQueue-OpenPipelineForHealthyPipelineSafeModeRule] INFO  safemode.SCMSafeModeManager (HealthyPipelineSafeModeRule.java:process(132)) - SCM in safe mode. Healthy pipelines reported count is 1, required healthy pipeline reported count is 1
2019-11-18 11:51:00,990 [EventQueue-OpenPipelineForHealthyPipelineSafeModeRule] INFO  safemode.SCMSafeModeManager (SCMSafeModeManager.java:validateSafeModeExitRules(176)) - HealthyPipelineSafeModeRule rule is successfully validated
2019-11-18 11:51:00,990 [EventQueue-OpenPipelineForHealthyPipelineSafeModeRule] INFO  safemode.SCMSafeModeManager (SCMSafeModeManager.java:validateSafeModeExitRules(185)) - ScmSafeModeManager, all rules are successfully validated
2019-11-18 11:51:00,990 [EventQueue-OpenPipelineForHealthyPipelineSafeModeRule] INFO  safemode.SCMSafeModeManager (SCMSafeModeManager.java:exitSafeMode(201)) - SCM exiting safe mode.
2019-11-18 11:51:00,991 [e69f106d-e861-448c-ab21-374271f7ff9a@group-9D224C63B6FB-LeaderElection8] INFO  server.RaftServerConfigKeys (ConfUtils.java:logGet(43)) - raft.server.log.appender.snapshot.chunk.size.max = 16MB (=16777216) (default)
2019-11-18 11:51:00,991 [e69f106d-e861-448c-ab21-374271f7ff9a@group-9D224C63B6FB-LeaderElection8] INFO  server.RaftServerConfigKeys (ConfUtils.java:logGet(43)) - raft.server.log.appender.buffer.byte-limit = 33554432 (custom)
2019-11-18 11:51:00,991 [e69f106d-e861-448c-ab21-374271f7ff9a@group-9D224C63B6FB-LeaderElection8] INFO  server.RaftServerConfigKeys (ConfUtils.java:logGet(43)) - raft.server.log.appender.buffer.element-limit = 1 (custom)
2019-11-18 11:51:00,995 [e69f106d-e861-448c-ab21-374271f7ff9a@group-9D224C63B6FB-LeaderElection8] INFO  grpc.GrpcConfigKeys$Server (ConfUtils.java:logGet(43)) - raft.grpc.server.leader.outstanding.appends.max = 128 (default)
2019-11-18 11:51:00,996 [e69f106d-e861-448c-ab21-374271f7ff9a@group-9D224C63B6FB-LeaderElection8] INFO  server.RaftServerConfigKeys (ConfUtils.java:logGet(43)) - raft.server.rpc.request.timeout = 3000ms (default)
2019-11-18 11:51:00,996 [e69f106d-e861-448c-ab21-374271f7ff9a@group-9D224C63B6FB-LeaderElection8] INFO  server.RaftServerConfigKeys (ConfUtils.java:logGet(43)) - raft.server.log.appender.install.snapshot.enabled = false (custom)
2019-11-18 11:51:00,998 [e69f106d-e861-448c-ab21-374271f7ff9a@group-9D224C63B6FB-LeaderElection8] WARN  impl.MetricRegistriesImpl (MetricRegistriesImpl.java:lambda$create$1(61)) - First MetricRegistry has been created without registering reporters. You may need to call MetricRegistries.global().addReportRegistration(...) before.
2019-11-18 11:51:00,999 [e69f106d-e861-448c-ab21-374271f7ff9a@group-9D224C63B6FB-LeaderElection8] INFO  server.RaftServerConfigKeys (ConfUtils.java:logGet(43)) - raft.server.log.appender.snapshot.chunk.size.max = 16MB (=16777216) (default)
2019-11-18 11:51:00,999 [e69f106d-e861-448c-ab21-374271f7ff9a@group-9D224C63B6FB-LeaderElection8] INFO  server.RaftServerConfigKeys (ConfUtils.java:logGet(43)) - raft.server.log.appender.buffer.byte-limit = 33554432 (custom)
2019-11-18 11:51:01,000 [e69f106d-e861-448c-ab21-374271f7ff9a@group-9D224C63B6FB-LeaderElection8] INFO  server.RaftServerConfigKeys (ConfUtils.java:logGet(43)) - raft.server.log.appender.buffer.element-limit = 1 (custom)
2019-11-18 11:51:01,000 [e69f106d-e861-448c-ab21-374271f7ff9a@group-9D224C63B6FB-LeaderElection8] INFO  grpc.GrpcConfigKeys$Server (ConfUtils.java:logGet(43)) - raft.grpc.server.leader.outstanding.appends.max = 128 (default)
2019-11-18 11:51:01,000 [e69f106d-e861-448c-ab21-374271f7ff9a@group-9D224C63B6FB-LeaderElection8] INFO  server.RaftServerConfigKeys (ConfUtils.java:logGet(43)) - raft.server.rpc.request.timeout = 3000ms (default)
2019-11-18 11:51:01,000 [e69f106d-e861-448c-ab21-374271f7ff9a@group-9D224C63B6FB-LeaderElection8] INFO  server.RaftServerConfigKeys (ConfUtils.java:logGet(43)) - raft.server.log.appender.install.snapshot.enabled = false (custom)
2019-11-18 11:51:01,004 [e69f106d-e861-448c-ab21-374271f7ff9a@group-9D224C63B6FB-LeaderElection8] INFO  impl.RoleInfo (RoleInfo.java:updateAndGet(143)) - e69f106d-e861-448c-ab21-374271f7ff9a: start LeaderState
2019-11-18 11:51:01,004 [e69f106d-e861-448c-ab21-374271f7ff9a@group-9D224C63B6FB-LeaderElection8] INFO  segmented.SegmentedRaftLogWorker (SegmentedRaftLogWorker.java:startLogSegment(385)) - e69f106d-e861-448c-ab21-374271f7ff9a@group-9D224C63B6FB-SegmentedRaftLogWorker: Starting segment from index:0
2019-11-18 11:51:01,005 [e69f106d-e861-448c-ab21-374271f7ff9a@group-9D224C63B6FB-LeaderElection8] INFO  impl.RaftServerImpl (ServerState.java:setRaftConf(356)) - e69f106d-e861-448c-ab21-374271f7ff9a@group-9D224C63B6FB: set configuration 0: [aa06615a-c948-4cd3-931c-8686c8b6e07c:192.168.34.54:37413, 5e5e1231-907b-4901-a10f-8e3e242e34fe:192.168.34.54:36986, e69f106d-e861-448c-ab21-374271f7ff9a:192.168.34.54:34031], old=null at 0
2019-11-18 11:51:01,056 [e69f106d-e861-448c-ab21-374271f7ff9a@group-9D224C63B6FB-SegmentedRaftLogWorker] INFO  segmented.SegmentedRaftLogWorker (SegmentedRaftLogWorker.java:execute(576)) - e69f106d-e861-448c-ab21-374271f7ff9a@group-9D224C63B6FB-SegmentedRaftLogWorker: created new log segment /workdir/hadoop-ozone/tools/target/test-dir/MiniOzoneClusterImpl-f1b2f89b-fe02-4b37-a0e6-f89ef9b3e531/datanode-0/data/ratis/66d5e2f5-e823-4adc-82a7-9d224c63b6fb/current/log_inprogress_0
2019-11-18 11:51:01,058 [grpc-default-executor-4] INFO  ratis.XceiverServerRatis (XceiverServerRatis.java:handleLeaderChangedNotification(733)) - Leader change notification received for group: group-9D224C63B6FB with new leaderId: e69f106d-e861-448c-ab21-374271f7ff9a
2019-11-18 11:51:01,058 [grpc-default-executor-2] INFO  ratis.XceiverServerRatis (XceiverServerRatis.java:handleLeaderChangedNotification(733)) - Leader change notification received for group: group-9D224C63B6FB with new leaderId: e69f106d-e861-448c-ab21-374271f7ff9a
2019-11-18 11:51:01,058 [grpc-default-executor-4] INFO  impl.RaftServerImpl (ServerState.java:setLeader(255)) - aa06615a-c948-4cd3-931c-8686c8b6e07c@group-9D224C63B6FB: change Leader from null to e69f106d-e861-448c-ab21-374271f7ff9a at term 2 for appendEntries, leader elected after 10657ms
2019-11-18 11:51:01,059 [grpc-default-executor-2] INFO  impl.RaftServerImpl (ServerState.java:setLeader(255)) - 5e5e1231-907b-4901-a10f-8e3e242e34fe@group-9D224C63B6FB: change Leader from null to e69f106d-e861-448c-ab21-374271f7ff9a at term 2 for appendEntries, leader elected after 10657ms
2019-11-18 11:51:01,083 [grpc-default-executor-4] INFO  impl.RaftServerImpl (ServerState.java:setRaftConf(356)) - aa06615a-c948-4cd3-931c-8686c8b6e07c@group-9D224C63B6FB: set configuration 0: [aa06615a-c948-4cd3-931c-8686c8b6e07c:192.168.34.54:37413, 5e5e1231-907b-4901-a10f-8e3e242e34fe:192.168.34.54:36986, e69f106d-e861-448c-ab21-374271f7ff9a:192.168.34.54:34031], old=null at 0
2019-11-18 11:51:01,083 [grpc-default-executor-2] INFO  impl.RaftServerImpl (ServerState.java:setRaftConf(356)) - 5e5e1231-907b-4901-a10f-8e3e242e34fe@group-9D224C63B6FB: set configuration 0: [aa06615a-c948-4cd3-931c-8686c8b6e07c:192.168.34.54:37413, 5e5e1231-907b-4901-a10f-8e3e242e34fe:192.168.34.54:36986, e69f106d-e861-448c-ab21-374271f7ff9a:192.168.34.54:34031], old=null at 0
2019-11-18 11:51:01,083 [grpc-default-executor-4] INFO  segmented.SegmentedRaftLogWorker (SegmentedRaftLogWorker.java:startLogSegment(385)) - aa06615a-c948-4cd3-931c-8686c8b6e07c@group-9D224C63B6FB-SegmentedRaftLogWorker: Starting segment from index:0
2019-11-18 11:51:01,083 [grpc-default-executor-2] INFO  segmented.SegmentedRaftLogWorker (SegmentedRaftLogWorker.java:startLogSegment(385)) - 5e5e1231-907b-4901-a10f-8e3e242e34fe@group-9D224C63B6FB-SegmentedRaftLogWorker: Starting segment from index:0
2019-11-18 11:51:01,129 [5e5e1231-907b-4901-a10f-8e3e242e34fe@group-9D224C63B6FB-SegmentedRaftLogWorker] INFO  segmented.SegmentedRaftLogWorker (SegmentedRaftLogWorker.java:execute(576)) - 5e5e1231-907b-4901-a10f-8e3e242e34fe@group-9D224C63B6FB-SegmentedRaftLogWorker: created new log segment /workdir/hadoop-ozone/tools/target/test-dir/MiniOzoneClusterImpl-f1b2f89b-fe02-4b37-a0e6-f89ef9b3e531/datanode-1/data/ratis/66d5e2f5-e823-4adc-82a7-9d224c63b6fb/current/log_inprogress_0
2019-11-18 11:51:01,129 [aa06615a-c948-4cd3-931c-8686c8b6e07c@group-9D224C63B6FB-SegmentedRaftLogWorker] INFO  segmented.SegmentedRaftLogWorker (SegmentedRaftLogWorker.java:execute(576)) - aa06615a-c948-4cd3-931c-8686c8b6e07c@group-9D224C63B6FB-SegmentedRaftLogWorker: created new log segment /workdir/hadoop-ozone/tools/target/test-dir/MiniOzoneClusterImpl-f1b2f89b-fe02-4b37-a0e6-f89ef9b3e531/datanode-2/data/ratis/66d5e2f5-e823-4adc-82a7-9d224c63b6fb/current/log_inprogress_0
2019-11-18 11:51:01,277 [main] INFO  ozone.MiniOzoneClusterImpl (MiniOzoneClusterImpl.java:lambda$waitForClusterToBeReady$0(150)) - Nodes are ready. Got 3 of 3 DN Heartbeats.
2019-11-18 11:51:01,277 [main] INFO  ozone.MiniOzoneClusterImpl (MiniOzoneClusterImpl.java:lambda$waitForClusterToBeReady$0(153)) - Cluster exits safe mode
2019-11-18 11:51:02,135 [main] INFO  freon.RandomKeyGenerator (RandomKeyGenerator.java:call(283)) - Number of Threads: 10
2019-11-18 11:51:02,136 [main] INFO  freon.RandomKeyGenerator (RandomKeyGenerator.java:call(288)) - Number of Volumes: 1.
2019-11-18 11:51:02,136 [main] INFO  freon.RandomKeyGenerator (RandomKeyGenerator.java:call(289)) - Number of Buckets per Volume: 1.
2019-11-18 11:51:02,136 [main] INFO  freon.RandomKeyGenerator (RandomKeyGenerator.java:call(290)) - Number of Keys per Bucket: 1.
2019-11-18 11:51:02,136 [main] INFO  freon.RandomKeyGenerator (RandomKeyGenerator.java:call(291)) - Key size: 20971520 bytes
2019-11-18 11:51:02,136 [main] INFO  freon.RandomKeyGenerator (RandomKeyGenerator.java:call(292)) - Buffer size: 4096 bytes
2019-11-18 11:51:02,136 [main] INFO  freon.RandomKeyGenerator (RandomKeyGenerator.java:call(293)) - validateWrites : true
2019-11-18 11:51:02,141 [main] INFO  freon.RandomKeyGenerator (RandomKeyGenerator.java:call(307)) - Data validation is enabled.
2019-11-18 11:51:02,142 [main] INFO  freon.RandomKeyGenerator (RandomKeyGenerator.java:call(313)) - Starting progress bar Thread.

 0.00% |?                                                                                                    |  0/1 Time: 0:00:002019-11-18 11:51:02,166 [pool-53-thread-1] INFO  rpc.RpcClient (RpcClient.java:createVolume(292)) - Creating Volume: vol-0-39577, with jenkins1000 as owner.
2019-11-18 11:51:02,224 [IPC Server handler 14 on 37091] INFO  volume.OMVolumeCreateRequest (OMVolumeCreateRequest.java:validateAndUpdateCache(193)) - created volume:vol-0-39577 for user:jenkins1000
2019-11-18 11:51:02,262 [pool-53-thread-2] INFO  rpc.RpcClient (RpcClient.java:createBucket(431)) - Creating Bucket: vol-0-39577/bucket-0-15530, with Versioning false and Storage Type set to DISK and Encryption set to false 
2019-11-18 11:51:02,451 [pool-53-thread-4] INFO  impl.MetricsSystemImpl (MetricsSystemImpl.java:init(158)) - XceiverClientMetrics metrics system started (again)
 0.00% |?                                                                                                    |  0/1 Time: 0:00:012019-11-18 11:51:03,993 [Thread-220] INFO  container.ReplicationManager (ReplicationManager.java:start(162)) - Starting Replication Monitor Thread.
2019-11-18 11:51:03,994 [ReplicationMonitor] INFO  container.ReplicationManager (ReplicationManager.java:run(225)) - Replication Monitor Thread took 1 milliseconds for processing 3 containers.
 100.00% |?????????????????????????????????????????????????????????????????????????????????????????????????????|  1/1 Time: 0:00:02
2019-11-18 11:51:09,397 [main] INFO  pipeline.SCMPipelineManager (SCMPipelineManager.java:finalizeAndDestroyPipeline(333)) - destroying pipeline:Pipeline[ Id: 66d5e2f5-e823-4adc-82a7-9d224c63b6fb, Nodes: e69f106d-e861-448c-ab21-374271f7ff9a{ip: 192.168.34.54, host: pr-hdds-2533-t5tnj-349417245, networkLocation: /default-rack, certSerialId: null}5e5e1231-907b-4901-a10f-8e3e242e34fe{ip: 192.168.34.54, host: pr-hdds-2533-t5tnj-349417245, networkLocation: /default-rack, certSerialId: null}aa06615a-c948-4cd3-931c-8686c8b6e07c{ip: 192.168.34.54, host: pr-hdds-2533-t5tnj-349417245, networkLocation: /default-rack, certSerialId: null}, Type:RATIS, Factor:THREE, State:OPEN]
2019-11-18 11:51:09,398 [main] INFO  pipeline.PipelineStateManager (PipelineStateManager.java:finalizePipeline(121)) - Pipeline Pipeline[ Id: 66d5e2f5-e823-4adc-82a7-9d224c63b6fb, Nodes: e69f106d-e861-448c-ab21-374271f7ff9a{ip: 192.168.34.54, host: pr-hdds-2533-t5tnj-349417245, networkLocation: /default-rack, certSerialId: null}5e5e1231-907b-4901-a10f-8e3e242e34fe{ip: 192.168.34.54, host: pr-hdds-2533-t5tnj-349417245, networkLocation: /default-rack, certSerialId: null}aa06615a-c948-4cd3-931c-8686c8b6e07c{ip: 192.168.34.54, host: pr-hdds-2533-t5tnj-349417245, networkLocation: /default-rack, certSerialId: null}, Type:RATIS, Factor:THREE, State:CLOSED] moved to CLOSED state
2019-11-18 11:51:09,398 [EventQueue-CloseContainerForCloseContainerEventHandler] INFO  container.CloseContainerEventHandler (CloseContainerEventHandler.java:onMessage(61)) - Close container Event triggered for container : #1
2019-11-18 11:51:09,399 [main] INFO  pipeline.RatisPipelineProvider (RatisPipelineProvider.java:lambda$close$5(207)) - Send pipeline:PipelineID=66d5e2f5-e823-4adc-82a7-9d224c63b6fb close command to datanode e69f106d-e861-448c-ab21-374271f7ff9a
2019-11-18 11:51:09,400 [main] INFO  pipeline.RatisPipelineProvider (RatisPipelineProvider.java:lambda$close$5(207)) - Send pipeline:PipelineID=66d5e2f5-e823-4adc-82a7-9d224c63b6fb close command to datanode 5e5e1231-907b-4901-a10f-8e3e242e34fe
2019-11-18 11:51:09,400 [main] INFO  pipeline.RatisPipelineProvider (RatisPipelineProvider.java:lambda$close$5(207)) - Send pipeline:PipelineID=66d5e2f5-e823-4adc-82a7-9d224c63b6fb close command to datanode aa06615a-c948-4cd3-931c-8686c8b6e07c
2019-11-18 11:51:09,401 [main] INFO  pipeline.PipelineStateManager (PipelineStateManager.java:removePipeline(106)) - Pipeline Pipeline[ Id: 66d5e2f5-e823-4adc-82a7-9d224c63b6fb, Nodes: e69f106d-e861-448c-ab21-374271f7ff9a{ip: 192.168.34.54, host: pr-hdds-2533-t5tnj-349417245, networkLocation: /default-rack, certSerialId: null}5e5e1231-907b-4901-a10f-8e3e242e34fe{ip: 192.168.34.54, host: pr-hdds-2533-t5tnj-349417245, networkLocation: /default-rack, certSerialId: null}aa06615a-c948-4cd3-931c-8686c8b6e07c{ip: 192.168.34.54, host: pr-hdds-2533-t5tnj-349417245, networkLocation: /default-rack, certSerialId: null}, Type:RATIS, Factor:THREE, State:CLOSED] removed from db
2019-11-18 11:51:09,401 [EventQueue-CloseContainerForCloseContainerEventHandler] INFO  container.CloseContainerEventHandler (CloseContainerEventHandler.java:onMessage(61)) - Close container Event triggered for container : #2
2019-11-18 11:51:09,403 [EventQueue-CloseContainerForCloseContainerEventHandler] ERROR container.CloseContainerEventHandler (CloseContainerEventHandler.java:onMessage(89)) - Failed to close the container #2.
org.apache.hadoop.hdds.scm.pipeline.PipelineNotFoundException: PipelineID=66d5e2f5-e823-4adc-82a7-9d224c63b6fb not found
	at org.apache.hadoop.hdds.scm.pipeline.PipelineStateMap.removeContainerFromPipeline(PipelineStateMap.java:351)
	at org.apache.hadoop.hdds.scm.pipeline.PipelineStateManager.removeContainerFromPipeline(PipelineStateManager.java:112)
	at org.apache.hadoop.hdds.scm.pipeline.SCMPipelineManager.removeContainerFromPipeline(SCMPipelineManager.java:286)
	at org.apache.hadoop.hdds.scm.container.SCMContainerManager.updateContainerState(SCMContainerManager.java:331)
	at org.apache.hadoop.hdds.scm.container.CloseContainerEventHandler.onMessage(CloseContainerEventHandler.java:66)
	at org.apache.hadoop.hdds.scm.container.CloseContainerEventHandler.onMessage(CloseContainerEventHandler.java:45)
	at org.apache.hadoop.hdds.server.events.SingleThreadExecutor.lambda$onMessage$1(SingleThreadExecutor.java:85)
	at java.util.concurrent.ThreadPoolExecutor.runWorker(ThreadPoolExecutor.java:1149)
	at java.util.concurrent.ThreadPoolExecutor$Worker.run(ThreadPoolExecutor.java:624)
	at java.lang.Thread.run(Thread.java:748)
2019-11-18 11:51:09,403 [RatisPipelineUtilsThread] INFO  pipeline.RatisPipelineProvider (RatisPipelineProvider.java:lambda$create$4(163)) - Send pipeline:PipelineID=78cf6ef2-6090-4b82-b865-46bdeaa1b97f create command to datanode e69f106d-e861-448c-ab21-374271f7ff9a
2019-11-18 11:51:09,405 [EventQueue-CloseContainerForCloseContainerEventHandler] INFO  container.CloseContainerEventHandler (CloseContainerEventHandler.java:onMessage(61)) - Close container Event triggered for container : #3
2019-11-18 11:51:09,406 [RatisPipelineUtilsThread] INFO  pipeline.RatisPipelineProvider (RatisPipelineProvider.java:lambda$create$4(163)) - Send pipeline:PipelineID=78cf6ef2-6090-4b82-b865-46bdeaa1b97f create command to datanode 5e5e1231-907b-4901-a10f-8e3e242e34fe
2019-11-18 11:51:09,406 [RatisPipelineUtilsThread] INFO  pipeline.RatisPipelineProvider (RatisPipelineProvider.java:lambda$create$4(163)) - Send pipeline:PipelineID=78cf6ef2-6090-4b82-b865-46bdeaa1b97f create command to datanode aa06615a-c948-4cd3-931c-8686c8b6e07c
2019-11-18 11:51:09,406 [RatisPipelineUtilsThread] INFO  pipeline.PipelineStateManager (PipelineStateManager.java:addPipeline(55)) - Created pipeline Pipeline[ Id: 78cf6ef2-6090-4b82-b865-46bdeaa1b97f, Nodes: e69f106d-e861-448c-ab21-374271f7ff9a{ip: 192.168.34.54, host: pr-hdds-2533-t5tnj-349417245, networkLocation: /default-rack, certSerialId: null}5e5e1231-907b-4901-a10f-8e3e242e34fe{ip: 192.168.34.54, host: pr-hdds-2533-t5tnj-349417245, networkLocation: /default-rack, certSerialId: null}aa06615a-c948-4cd3-931c-8686c8b6e07c{ip: 192.168.34.54, host: pr-hdds-2533-t5tnj-349417245, networkLocation: /default-rack, certSerialId: null}, Type:RATIS, Factor:THREE, State:ALLOCATED]
2019-11-18 11:51:09,407 [EventQueue-CloseContainerForCloseContainerEventHandler] ERROR container.CloseContainerEventHandler (CloseContainerEventHandler.java:onMessage(89)) - Failed to close the container #3.
org.apache.hadoop.hdds.scm.pipeline.PipelineNotFoundException: PipelineID=66d5e2f5-e823-4adc-82a7-9d224c63b6fb not found
	at org.apache.hadoop.hdds.scm.pipeline.PipelineStateMap.removeContainerFromPipeline(PipelineStateMap.java:351)
	at org.apache.hadoop.hdds.scm.pipeline.PipelineStateManager.removeContainerFromPipeline(PipelineStateManager.java:112)
	at org.apache.hadoop.hdds.scm.pipeline.SCMPipelineManager.removeContainerFromPipeline(SCMPipelineManager.java:286)
	at org.apache.hadoop.hdds.scm.container.SCMContainerManager.updateContainerState(SCMContainerManager.java:331)
	at org.apache.hadoop.hdds.scm.container.CloseContainerEventHandler.onMessage(CloseContainerEventHandler.java:66)
	at org.apache.hadoop.hdds.scm.container.CloseContainerEventHandler.onMessage(CloseContainerEventHandler.java:45)
	at org.apache.hadoop.hdds.server.events.SingleThreadExecutor.lambda$onMessage$1(SingleThreadExecutor.java:85)
	at java.util.concurrent.ThreadPoolExecutor.runWorker(ThreadPoolExecutor.java:1149)
	at java.util.concurrent.ThreadPoolExecutor$Worker.run(ThreadPoolExecutor.java:624)
	at java.lang.Thread.run(Thread.java:748)
2019-11-18 11:51:09,491 [main] INFO  freon.RandomKeyGenerator (RandomKeyGenerator.java:call(283)) - Number of Threads: 10
2019-11-18 11:51:09,492 [main] INFO  freon.RandomKeyGenerator (RandomKeyGenerator.java:call(288)) - Number of Volumes: 1.
2019-11-18 11:51:09,492 [main] INFO  freon.RandomKeyGenerator (RandomKeyGenerator.java:call(289)) - Number of Buckets per Volume: 1.
2019-11-18 11:51:09,492 [main] INFO  freon.RandomKeyGenerator (RandomKeyGenerator.java:call(290)) - Number of Keys per Bucket: 1.
2019-11-18 11:51:09,492 [main] INFO  freon.RandomKeyGenerator (RandomKeyGenerator.java:call(291)) - Key size: 20971520 bytes
2019-11-18 11:51:09,493 [main] INFO  freon.RandomKeyGenerator (RandomKeyGenerator.java:call(292)) - Buffer size: 4096 bytes
2019-11-18 11:51:09,493 [main] INFO  freon.RandomKeyGenerator (RandomKeyGenerator.java:call(293)) - validateWrites : true
2019-11-18 11:51:09,494 [main] INFO  freon.RandomKeyGenerator (RandomKeyGenerator.java:call(307)) - Data validation is enabled.
2019-11-18 11:51:09,494 [main] INFO  freon.RandomKeyGenerator (RandomKeyGenerator.java:call(313)) - Starting progress bar Thread.
2019-11-18 11:51:09,495 [pool-59-thread-1] INFO  rpc.RpcClient (RpcClient.java:createVolume(292)) - Creating Volume: vol-0-37880, with jenkins1000 as owner.

 0.00% |?                                                                                                    |  0/1 Time: 0:00:002019-11-18 11:51:09,498 [IPC Server handler 11 on 37091] INFO  volume.OMVolumeCreateRequest (OMVolumeCreateRequest.java:validateAndUpdateCache(193)) - created volume:vol-0-37880 for user:jenkins1000
2019-11-18 11:51:09,516 [pool-59-thread-2] INFO  rpc.RpcClient (RpcClient.java:createBucket(431)) - Creating Bucket: vol-0-37880/bucket-0-46282, with Versioning false and Storage Type set to DISK and Encryption set to false 
2019-11-18 11:51:09,539 [IPC Server handler 1 on 45217] WARN  block.BlockManagerImpl (BlockManagerImpl.java:allocateBlock(203)) - Pipeline creation failed for type:RATIS factor:THREE. Retrying get pipelines call once.
org.apache.hadoop.hdds.scm.pipeline.InsufficientDatanodesException: Cannot create pipeline of factor 3 using 0 nodes.
	at org.apache.hadoop.hdds.scm.pipeline.RatisPipelineProvider.create(RatisPipelineProvider.java:144)
	at org.apache.hadoop.hdds.scm.pipeline.PipelineFactory.create(PipelineFactory.java:60)
	at org.apache.hadoop.hdds.scm.pipeline.SCMPipelineManager.createPipeline(SCMPipelineManager.java:159)
	at org.apache.hadoop.hdds.scm.block.BlockManagerImpl.allocateBlock(BlockManagerImpl.java:199)
	at org.apache.hadoop.hdds.scm.server.SCMBlockProtocolServer.allocateBlock(SCMBlockProtocolServer.java:187)
	at org.apache.hadoop.hdds.scm.protocol.ScmBlockLocationProtocolServerSideTranslatorPB.allocateScmBlock(ScmBlockLocationProtocolServerSideTranslatorPB.java:159)
	at org.apache.hadoop.hdds.scm.protocol.ScmBlockLocationProtocolServerSideTranslatorPB.processMessage(ScmBlockLocationProtocolServerSideTranslatorPB.java:117)
	at org.apache.hadoop.hdds.server.OzoneProtocolMessageDispatcher.processRequest(OzoneProtocolMessageDispatcher.java:72)
	at org.apache.hadoop.hdds.scm.protocol.ScmBlockLocationProtocolServerSideTranslatorPB.send(ScmBlockLocationProtocolServerSideTranslatorPB.java:98)
	at org.apache.hadoop.hdds.protocol.proto.ScmBlockLocationProtocolProtos$ScmBlockLocationProtocolService$2.callBlockingMethod(ScmBlockLocationProtocolProtos.java:13157)
	at org.apache.hadoop.ipc.ProtobufRpcEngine$Server$ProtoBufRpcInvoker.call(ProtobufRpcEngine.java:524)
	at org.apache.hadoop.ipc.RPC$Server.call(RPC.java:1025)
	at org.apache.hadoop.ipc.Server$RpcCall.run(Server.java:876)
	at org.apache.hadoop.ipc.Server$RpcCall.run(Server.java:822)
	at java.security.AccessController.doPrivileged(Native Method)
	at javax.security.auth.Subject.doAs(Subject.java:422)
	at org.apache.hadoop.security.UserGroupInformation.doAs(UserGroupInformation.java:1730)
	at org.apache.hadoop.ipc.Server$Handler.run(Server.java:2682)
2019-11-18 11:51:09,539 [IPC Server handler 1 on 45217] INFO  block.BlockManagerImpl (BlockManagerImpl.java:allocateBlock(215)) - Could not find available pipeline of type:RATIS and factor:THREE even after retrying
2019-11-18 11:51:09,539 [IPC Server handler 1 on 45217] ERROR block.BlockManagerImpl (BlockManagerImpl.java:allocateBlock(239)) - Unable to allocate a block for the size: 4194304, type: RATIS, factor: THREE
2019-11-18 11:51:09,540 [IPC Server handler 1 on 45217] WARN  block.BlockManagerImpl (BlockManagerImpl.java:allocateBlock(203)) - Pipeline creation failed for type:RATIS factor:THREE. Retrying get pipelines call once.
org.apache.hadoop.hdds.scm.pipeline.InsufficientDatanodesException: Cannot create pipeline of factor 3 using 0 nodes.
	at org.apache.hadoop.hdds.scm.pipeline.RatisPipelineProvider.create(RatisPipelineProvider.java:144)
	at org.apache.hadoop.hdds.scm.pipeline.PipelineFactory.create(PipelineFactory.java:60)
	at org.apache.hadoop.hdds.scm.pipeline.SCMPipelineManager.createPipeline(SCMPipelineManager.java:159)
	at org.apache.hadoop.hdds.scm.block.BlockManagerImpl.allocateBlock(BlockManagerImpl.java:199)
	at org.apache.hadoop.hdds.scm.server.SCMBlockProtocolServer.allocateBlock(SCMBlockProtocolServer.java:187)
	at org.apache.hadoop.hdds.scm.protocol.ScmBlockLocationProtocolServerSideTranslatorPB.allocateScmBlock(ScmBlockLocationProtocolServerSideTranslatorPB.java:159)
	at org.apache.hadoop.hdds.scm.protocol.ScmBlockLocationProtocolServerSideTranslatorPB.processMessage(ScmBlockLocationProtocolServerSideTranslatorPB.java:117)
	at org.apache.hadoop.hdds.server.OzoneProtocolMessageDispatcher.processRequest(OzoneProtocolMessageDispatcher.java:72)
	at org.apache.hadoop.hdds.scm.protocol.ScmBlockLocationProtocolServerSideTranslatorPB.send(ScmBlockLocationProtocolServerSideTranslatorPB.java:98)
	at org.apache.hadoop.hdds.protocol.proto.ScmBlockLocationProtocolProtos$ScmBlockLocationProtocolService$2.callBlockingMethod(ScmBlockLocationProtocolProtos.java:13157)
	at org.apache.hadoop.ipc.ProtobufRpcEngine$Server$ProtoBufRpcInvoker.call(ProtobufRpcEngine.java:524)
	at org.apache.hadoop.ipc.RPC$Server.call(RPC.java:1025)
	at org.apache.hadoop.ipc.Server$RpcCall.run(Server.java:876)
	at org.apache.hadoop.ipc.Server$RpcCall.run(Server.java:822)
	at java.security.AccessController.doPrivileged(Native Method)
	at javax.security.auth.Subject.doAs(Subject.java:422)
	at org.apache.hadoop.security.UserGroupInformation.doAs(UserGroupInformation.java:1730)
	at org.apache.hadoop.ipc.Server$Handler.run(Server.java:2682)
2019-11-18 11:51:09,540 [IPC Server handler 1 on 45217] INFO  block.BlockManagerImpl (BlockManagerImpl.java:allocateBlock(215)) - Could not find available pipeline of type:RATIS and factor:THREE even after retrying
2019-11-18 11:51:09,540 [IPC Server handler 1 on 45217] ERROR block.BlockManagerImpl (BlockManagerImpl.java:allocateBlock(239)) - Unable to allocate a block for the size: 4194304, type: RATIS, factor: THREE
2019-11-18 11:51:09,541 [IPC Server handler 1 on 45217] WARN  block.BlockManagerImpl (BlockManagerImpl.java:allocateBlock(203)) - Pipeline creation failed for type:RATIS factor:THREE. Retrying get pipelines call once.
org.apache.hadoop.hdds.scm.pipeline.InsufficientDatanodesException: Cannot create pipeline of factor 3 using 0 nodes.
	at org.apache.hadoop.hdds.scm.pipeline.RatisPipelineProvider.create(RatisPipelineProvider.java:144)
	at org.apache.hadoop.hdds.scm.pipeline.PipelineFactory.create(PipelineFactory.java:60)
	at org.apache.hadoop.hdds.scm.pipeline.SCMPipelineManager.createPipeline(SCMPipelineManager.java:159)
	at org.apache.hadoop.hdds.scm.block.BlockManagerImpl.allocateBlock(BlockManagerImpl.java:199)
	at org.apache.hadoop.hdds.scm.server.SCMBlockProtocolServer.allocateBlock(SCMBlockProtocolServer.java:187)
	at org.apache.hadoop.hdds.scm.protocol.ScmBlockLocationProtocolServerSideTranslatorPB.allocateScmBlock(ScmBlockLocationProtocolServerSideTranslatorPB.java:159)
	at org.apache.hadoop.hdds.scm.protocol.ScmBlockLocationProtocolServerSideTranslatorPB.processMessage(ScmBlockLocationProtocolServerSideTranslatorPB.java:117)
	at org.apache.hadoop.hdds.server.OzoneProtocolMessageDispatcher.processRequest(OzoneProtocolMessageDispatcher.java:72)
	at org.apache.hadoop.hdds.scm.protocol.ScmBlockLocationProtocolServerSideTranslatorPB.send(ScmBlockLocationProtocolServerSideTranslatorPB.java:98)
	at org.apache.hadoop.hdds.protocol.proto.ScmBlockLocationProtocolProtos$ScmBlockLocationProtocolService$2.callBlockingMethod(ScmBlockLocationProtocolProtos.java:13157)
	at org.apache.hadoop.ipc.ProtobufRpcEngine$Server$ProtoBufRpcInvoker.call(ProtobufRpcEngine.java:524)
	at org.apache.hadoop.ipc.RPC$Server.call(RPC.java:1025)
	at org.apache.hadoop.ipc.Server$RpcCall.run(Server.java:876)
	at org.apache.hadoop.ipc.Server$RpcCall.run(Server.java:822)
	at java.security.AccessController.doPrivileged(Native Method)
	at javax.security.auth.Subject.doAs(Subject.java:422)
	at org.apache.hadoop.security.UserGroupInformation.doAs(UserGroupInformation.java:1730)
	at org.apache.hadoop.ipc.Server$Handler.run(Server.java:2682)
2019-11-18 11:51:09,541 [IPC Server handler 1 on 45217] INFO  block.BlockManagerImpl (BlockManagerImpl.java:allocateBlock(215)) - Could not find available pipeline of type:RATIS and factor:THREE even after retrying
2019-11-18 11:51:09,541 [IPC Server handler 1 on 45217] ERROR block.BlockManagerImpl (BlockManagerImpl.java:allocateBlock(239)) - Unable to allocate a block for the size: 4194304, type: RATIS, factor: THREE
2019-11-18 11:51:09,541 [IPC Server handler 1 on 45217] WARN  block.BlockManagerImpl (BlockManagerImpl.java:allocateBlock(203)) - Pipeline creation failed for type:RATIS factor:THREE. Retrying get pipelines call once.
org.apache.hadoop.hdds.scm.pipeline.InsufficientDatanodesException: Cannot create pipeline of factor 3 using 0 nodes.
	at org.apache.hadoop.hdds.scm.pipeline.RatisPipelineProvider.create(RatisPipelineProvider.java:144)
	at org.apache.hadoop.hdds.scm.pipeline.PipelineFactory.create(PipelineFactory.java:60)
	at org.apache.hadoop.hdds.scm.pipeline.SCMPipelineManager.createPipeline(SCMPipelineManager.java:159)
	at org.apache.hadoop.hdds.scm.block.BlockManagerImpl.allocateBlock(BlockManagerImpl.java:199)
	at org.apache.hadoop.hdds.scm.server.SCMBlockProtocolServer.allocateBlock(SCMBlockProtocolServer.java:187)
	at org.apache.hadoop.hdds.scm.protocol.ScmBlockLocationProtocolServerSideTranslatorPB.allocateScmBlock(ScmBlockLocationProtocolServerSideTranslatorPB.java:159)
	at org.apache.hadoop.hdds.scm.protocol.ScmBlockLocationProtocolServerSideTranslatorPB.processMessage(ScmBlockLocationProtocolServerSideTranslatorPB.java:117)
	at org.apache.hadoop.hdds.server.OzoneProtocolMessageDispatcher.processRequest(OzoneProtocolMessageDispatcher.java:72)
	at org.apache.hadoop.hdds.scm.protocol.ScmBlockLocationProtocolServerSideTranslatorPB.send(ScmBlockLocationProtocolServerSideTranslatorPB.java:98)
	at org.apache.hadoop.hdds.protocol.proto.ScmBlockLocationProtocolProtos$ScmBlockLocationProtocolService$2.callBlockingMethod(ScmBlockLocationProtocolProtos.java:13157)
	at org.apache.hadoop.ipc.ProtobufRpcEngine$Server$ProtoBufRpcInvoker.call(ProtobufRpcEngine.java:524)
	at org.apache.hadoop.ipc.RPC$Server.call(RPC.java:1025)
	at org.apache.hadoop.ipc.Server$RpcCall.run(Server.java:876)
	at org.apache.hadoop.ipc.Server$RpcCall.run(Server.java:822)
	at java.security.AccessController.doPrivileged(Native Method)
	at javax.security.auth.Subject.doAs(Subject.java:422)
	at org.apache.hadoop.security.UserGroupInformation.doAs(UserGroupInformation.java:1730)
	at org.apache.hadoop.ipc.Server$Handler.run(Server.java:2682)
2019-11-18 11:51:09,542 [IPC Server handler 1 on 45217] INFO  block.BlockManagerImpl (BlockManagerImpl.java:allocateBlock(215)) - Could not find available pipeline of type:RATIS and factor:THREE even after retrying
2019-11-18 11:51:09,542 [IPC Server handler 1 on 45217] ERROR block.BlockManagerImpl (BlockManagerImpl.java:allocateBlock(239)) - Unable to allocate a block for the size: 4194304, type: RATIS, factor: THREE
2019-11-18 11:51:09,542 [IPC Server handler 1 on 45217] WARN  block.BlockManagerImpl (BlockManagerImpl.java:allocateBlock(203)) - Pipeline creation failed for type:RATIS factor:THREE. Retrying get pipelines call once.
org.apache.hadoop.hdds.scm.pipeline.InsufficientDatanodesException: Cannot create pipeline of factor 3 using 0 nodes.
	at org.apache.hadoop.hdds.scm.pipeline.RatisPipelineProvider.create(RatisPipelineProvider.java:144)
	at org.apache.hadoop.hdds.scm.pipeline.PipelineFactory.create(PipelineFactory.java:60)
	at org.apache.hadoop.hdds.scm.pipeline.SCMPipelineManager.createPipeline(SCMPipelineManager.java:159)
	at org.apache.hadoop.hdds.scm.block.BlockManagerImpl.allocateBlock(BlockManagerImpl.java:199)
	at org.apache.hadoop.hdds.scm.server.SCMBlockProtocolServer.allocateBlock(SCMBlockProtocolServer.java:187)
	at org.apache.hadoop.hdds.scm.protocol.ScmBlockLocationProtocolServerSideTranslatorPB.allocateScmBlock(ScmBlockLocationProtocolServerSideTranslatorPB.java:159)
	at org.apache.hadoop.hdds.scm.protocol.ScmBlockLocationProtocolServerSideTranslatorPB.processMessage(ScmBlockLocationProtocolServerSideTranslatorPB.java:117)
	at org.apache.hadoop.hdds.server.OzoneProtocolMessageDispatcher.processRequest(OzoneProtocolMessageDispatcher.java:72)
	at org.apache.hadoop.hdds.scm.protocol.ScmBlockLocationProtocolServerSideTranslatorPB.send(ScmBlockLocationProtocolServerSideTranslatorPB.java:98)
	at org.apache.hadoop.hdds.protocol.proto.ScmBlockLocationProtocolProtos$ScmBlockLocationProtocolService$2.callBlockingMethod(ScmBlockLocationProtocolProtos.java:13157)
	at org.apache.hadoop.ipc.ProtobufRpcEngine$Server$ProtoBufRpcInvoker.call(ProtobufRpcEngine.java:524)
	at org.apache.hadoop.ipc.RPC$Server.call(RPC.java:1025)
	at org.apache.hadoop.ipc.Server$RpcCall.run(Server.java:876)
	at org.apache.hadoop.ipc.Server$RpcCall.run(Server.java:822)
	at java.security.AccessController.doPrivileged(Native Method)
	at javax.security.auth.Subject.doAs(Subject.java:422)
	at org.apache.hadoop.security.UserGroupInformation.doAs(UserGroupInformation.java:1730)
	at org.apache.hadoop.ipc.Server$Handler.run(Server.java:2682)
2019-11-18 11:51:09,542 [IPC Server handler 1 on 45217] INFO  block.BlockManagerImpl (BlockManagerImpl.java:allocateBlock(215)) - Could not find available pipeline of type:RATIS and factor:THREE even after retrying
2019-11-18 11:51:09,542 [IPC Server handler 1 on 45217] ERROR block.BlockManagerImpl (BlockManagerImpl.java:allocateBlock(239)) - Unable to allocate a block for the size: 4194304, type: RATIS, factor: THREE
2019-11-18 11:51:09,546 [pool-59-thread-5] ERROR freon.RandomKeyGenerator (RandomKeyGenerator.java:createKey(735)) - Exception while adding key: key-0-14282 in bucket: bucket-0-46282 of volume: vol-0-37880.
INTERNAL_ERROR org.apache.hadoop.ozone.om.exceptions.OMException: Allocated 0 blocks. Requested 5 blocks
	at org.apache.hadoop.ozone.om.protocolPB.OzoneManagerProtocolClientSideTranslatorPB.handleError(OzoneManagerProtocolClientSideTranslatorPB.java:761)
	at org.apache.hadoop.ozone.om.protocolPB.OzoneManagerProtocolClientSideTranslatorPB.openKey(OzoneManagerProtocolClientSideTranslatorPB.java:752)
	at sun.reflect.NativeMethodAccessorImpl.invoke0(Native Method)
	at sun.reflect.NativeMethodAccessorImpl.invoke(NativeMethodAccessorImpl.java:62)
	at sun.reflect.DelegatingMethodAccessorImpl.invoke(DelegatingMethodAccessorImpl.java:43)
	at java.lang.reflect.Method.invoke(Method.java:498)
	at org.apache.hadoop.hdds.tracing.TraceAllMethod.invoke(TraceAllMethod.java:66)
	at com.sun.proxy.$Proxy37.openKey(Unknown Source)
	at org.apache.hadoop.ozone.client.rpc.RpcClient.createKey(RpcClient.java:633)
	at org.apache.hadoop.ozone.client.OzoneBucket.createKey(OzoneBucket.java:325)
	at org.apache.hadoop.ozone.freon.RandomKeyGenerator.createKey(RandomKeyGenerator.java:697)
	at org.apache.hadoop.ozone.freon.RandomKeyGenerator.access$1100(RandomKeyGenerator.java:88)
	at org.apache.hadoop.ozone.freon.RandomKeyGenerator$ObjectCreator.run(RandomKeyGenerator.java:615)
	at java.util.concurrent.Executors$RunnableAdapter.call(Executors.java:511)
	at java.util.concurrent.FutureTask.run(FutureTask.java:266)
	at java.util.concurrent.ThreadPoolExecutor.runWorker(ThreadPoolExecutor.java:1149)
	at java.util.concurrent.ThreadPoolExecutor$Worker.run(ThreadPoolExecutor.java:624)
	at java.lang.Thread.run(Thread.java:748)
2019-11-18 11:51:10,450 [Command processor thread] INFO  impl.RaftServerProxy (RaftServerProxy.java:remove(95)) - aa06615a-c948-4cd3-931c-8686c8b6e07c: remove  FOLLOWER aa06615a-c948-4cd3-931c-8686c8b6e07c@group-9D224C63B6FB:t2, leader=e69f106d-e861-448c-ab21-374271f7ff9a, voted=e69f106d-e861-448c-ab21-374271f7ff9a, raftlog=aa06615a-c948-4cd3-931c-8686c8b6e07c@group-9D224C63B6FB-SegmentedRaftLog:OPENED:c78,f78,i78, conf=0: [aa06615a-c948-4cd3-931c-8686c8b6e07c:192.168.34.54:37413, 5e5e1231-907b-4901-a10f-8e3e242e34fe:192.168.34.54:36986, e69f106d-e861-448c-ab21-374271f7ff9a:192.168.34.54:34031], old=null RUNNING
2019-11-18 11:51:10,455 [Command processor thread] INFO  impl.RaftServerImpl (RaftServerImpl.java:lambda$shutdown$3(250)) - aa06615a-c948-4cd3-931c-8686c8b6e07c@group-9D224C63B6FB: shutdown
2019-11-18 11:51:10,456 [Command processor thread] INFO  util.JmxRegister (JmxRegister.java:unregister(73)) - Successfully un-registered JMX Bean with object name Ratis:service=RaftServer,group=group-9D224C63B6FB,id=aa06615a-c948-4cd3-931c-8686c8b6e07c
2019-11-18 11:51:10,456 [Command processor thread] INFO  impl.RoleInfo (RoleInfo.java:shutdownFollowerState(121)) - aa06615a-c948-4cd3-931c-8686c8b6e07c: shutdown FollowerState
2019-11-18 11:51:10,457 [Command processor thread] INFO  impl.StateMachineUpdater (StateMachineUpdater.java:stopAndJoin(136)) - aa06615a-c948-4cd3-931c-8686c8b6e07c@group-9D224C63B6FB-StateMachineUpdater: set stopIndex = 78
2019-11-18 11:51:10,457 [Thread-216] INFO  impl.FollowerState (FollowerState.java:run(120)) - aa06615a-c948-4cd3-931c-8686c8b6e07c@group-9D224C63B6FB-FollowerState was interrupted: java.lang.InterruptedException: sleep interrupted
2019-11-18 11:51:10,460 [aa06615a-c948-4cd3-931c-8686c8b6e07c@group-9D224C63B6FB-StateMachineUpdater] INFO  ratis.ContainerStateMachine (ContainerStateMachine.java:takeSnapshot(285)) - group-9D224C63B6FB: Taking a snapshot at:(t:2, i:76) file /workdir/hadoop-ozone/tools/target/test-dir/MiniOzoneClusterImpl-f1b2f89b-fe02-4b37-a0e6-f89ef9b3e531/datanode-2/data/ratis/66d5e2f5-e823-4adc-82a7-9d224c63b6fb/sm/snapshot.2_76
2019-11-18 11:51:10,461 [Command processor thread] INFO  impl.RaftServerProxy (RaftServerProxy.java:remove(95)) - 5e5e1231-907b-4901-a10f-8e3e242e34fe: remove  FOLLOWER 5e5e1231-907b-4901-a10f-8e3e242e34fe@group-9D224C63B6FB:t2, leader=e69f106d-e861-448c-ab21-374271f7ff9a, voted=5e5e1231-907b-4901-a10f-8e3e242e34fe, raftlog=5e5e1231-907b-4901-a10f-8e3e242e34fe@group-9D224C63B6FB-SegmentedRaftLog:OPENED:c78,f78,i78, conf=0: [aa06615a-c948-4cd3-931c-8686c8b6e07c:192.168.34.54:37413, 5e5e1231-907b-4901-a10f-8e3e242e34fe:192.168.34.54:36986, e69f106d-e861-448c-ab21-374271f7ff9a:192.168.34.54:34031], old=null RUNNING
2019-11-18 11:51:10,462 [Command processor thread] INFO  impl.RaftServerImpl (RaftServerImpl.java:lambda$shutdown$3(250)) - 5e5e1231-907b-4901-a10f-8e3e242e34fe@group-9D224C63B6FB: shutdown
2019-11-18 11:51:10,462 [Command processor thread] INFO  util.JmxRegister (JmxRegister.java:unregister(73)) - Successfully un-registered JMX Bean with object name Ratis:service=RaftServer,group=group-9D224C63B6FB,id=5e5e1231-907b-4901-a10f-8e3e242e34fe
2019-11-18 11:51:10,462 [Command processor thread] INFO  impl.RoleInfo (RoleInfo.java:shutdownFollowerState(121)) - 5e5e1231-907b-4901-a10f-8e3e242e34fe: shutdown FollowerState
2019-11-18 11:51:10,462 [Command processor thread] INFO  impl.StateMachineUpdater (StateMachineUpdater.java:stopAndJoin(136)) - 5e5e1231-907b-4901-a10f-8e3e242e34fe@group-9D224C63B6FB-StateMachineUpdater: set stopIndex = 78
2019-11-18 11:51:10,468 [5e5e1231-907b-4901-a10f-8e3e242e34fe@group-9D224C63B6FB-StateMachineUpdater] INFO  ratis.ContainerStateMachine (ContainerStateMachine.java:takeSnapshot(285)) - group-9D224C63B6FB: Taking a snapshot at:(t:2, i:76) file /workdir/hadoop-ozone/tools/target/test-dir/MiniOzoneClusterImpl-f1b2f89b-fe02-4b37-a0e6-f89ef9b3e531/datanode-1/data/ratis/66d5e2f5-e823-4adc-82a7-9d224c63b6fb/sm/snapshot.2_76
2019-11-18 11:51:10,468 [Thread-217] INFO  impl.FollowerState (FollowerState.java:run(120)) - 5e5e1231-907b-4901-a10f-8e3e242e34fe@group-9D224C63B6FB-FollowerState was interrupted: java.lang.InterruptedException: sleep interrupted
 0.00% |?                                                                                                    |  0/1 Time: 0:00:012019-11-18 11:51:10,564 [5e5e1231-907b-4901-a10f-8e3e242e34fe@group-9D224C63B6FB-StateMachineUpdater] INFO  ratis.ContainerStateMachine (ContainerStateMachine.java:takeSnapshot(296)) - group-9D224C63B6FB: Finished taking a snapshot at:(t:2, i:76) file:/workdir/hadoop-ozone/tools/target/test-dir/MiniOzoneClusterImpl-f1b2f89b-fe02-4b37-a0e6-f89ef9b3e531/datanode-1/data/ratis/66d5e2f5-e823-4adc-82a7-9d224c63b6fb/sm/snapshot.2_76 time:100
2019-11-18 11:51:10,564 [aa06615a-c948-4cd3-931c-8686c8b6e07c@group-9D224C63B6FB-StateMachineUpdater] INFO  ratis.ContainerStateMachine (ContainerStateMachine.java:takeSnapshot(296)) - group-9D224C63B6FB: Finished taking a snapshot at:(t:2, i:76) file:/workdir/hadoop-ozone/tools/target/test-dir/MiniOzoneClusterImpl-f1b2f89b-fe02-4b37-a0e6-f89ef9b3e531/datanode-2/data/ratis/66d5e2f5-e823-4adc-82a7-9d224c63b6fb/sm/snapshot.2_76 time:108
2019-11-18 11:51:10,567 [5e5e1231-907b-4901-a10f-8e3e242e34fe@group-9D224C63B6FB-StateMachineUpdater] INFO  impl.StateMachineUpdater (StateMachineUpdater.java:takeSnapshot(269)) - 5e5e1231-907b-4901-a10f-8e3e242e34fe@group-9D224C63B6FB-StateMachineUpdater: Took a snapshot at index 76
2019-11-18 11:51:10,567 [aa06615a-c948-4cd3-931c-8686c8b6e07c@group-9D224C63B6FB-StateMachineUpdater] INFO  impl.StateMachineUpdater (StateMachineUpdater.java:takeSnapshot(269)) - aa06615a-c948-4cd3-931c-8686c8b6e07c@group-9D224C63B6FB-StateMachineUpdater: Took a snapshot at index 76
2019-11-18 11:51:10,567 [5e5e1231-907b-4901-a10f-8e3e242e34fe@group-9D224C63B6FB-StateMachineUpdater] INFO  impl.StateMachineUpdater (StateMachineUpdater.java:lambda$new$0(84)) - 5e5e1231-907b-4901-a10f-8e3e242e34fe@group-9D224C63B6FB-StateMachineUpdater: snapshotIndex: updateIncreasingly -1 -> 76
2019-11-18 11:51:10,567 [aa06615a-c948-4cd3-931c-8686c8b6e07c@group-9D224C63B6FB-StateMachineUpdater] INFO  impl.StateMachineUpdater (StateMachineUpdater.java:lambda$new$0(84)) - aa06615a-c948-4cd3-931c-8686c8b6e07c@group-9D224C63B6FB-StateMachineUpdater: snapshotIndex: updateIncreasingly -1 -> 76
2019-11-18 11:51:10,574 [5e5e1231-907b-4901-a10f-8e3e242e34fe@group-9D224C63B6FB-StateMachineUpdater] INFO  ratis.ContainerStateMachine (ContainerStateMachine.java:takeSnapshot(285)) - group-9D224C63B6FB: Taking a snapshot at:(t:2, i:76) file /workdir/hadoop-ozone/tools/target/test-dir/MiniOzoneClusterImpl-f1b2f89b-fe02-4b37-a0e6-f89ef9b3e531/datanode-1/data/ratis/66d5e2f5-e823-4adc-82a7-9d224c63b6fb/sm/snapshot.2_76
2019-11-18 11:51:10,574 [aa06615a-c948-4cd3-931c-8686c8b6e07c@group-9D224C63B6FB-StateMachineUpdater] INFO  ratis.ContainerStateMachine (ContainerStateMachine.java:takeSnapshot(285)) - group-9D224C63B6FB: Taking a snapshot at:(t:2, i:76) file /workdir/hadoop-ozone/tools/target/test-dir/MiniOzoneClusterImpl-f1b2f89b-fe02-4b37-a0e6-f89ef9b3e531/datanode-2/data/ratis/66d5e2f5-e823-4adc-82a7-9d224c63b6fb/sm/snapshot.2_76
2019-11-18 11:51:10,589 [aa06615a-c948-4cd3-931c-8686c8b6e07c@group-9D224C63B6FB-StateMachineUpdater] INFO  ratis.ContainerStateMachine (ContainerStateMachine.java:takeSnapshot(296)) - group-9D224C63B6FB: Finished taking a snapshot at:(t:2, i:76) file:/workdir/hadoop-ozone/tools/target/test-dir/MiniOzoneClusterImpl-f1b2f89b-fe02-4b37-a0e6-f89ef9b3e531/datanode-2/data/ratis/66d5e2f5-e823-4adc-82a7-9d224c63b6fb/sm/snapshot.2_76 time:15
2019-11-18 11:51:10,589 [5e5e1231-907b-4901-a10f-8e3e242e34fe@group-9D224C63B6FB-StateMachineUpdater] INFO  ratis.ContainerStateMachine (ContainerStateMachine.java:takeSnapshot(296)) - group-9D224C63B6FB: Finished taking a snapshot at:(t:2, i:76) file:/workdir/hadoop-ozone/tools/target/test-dir/MiniOzoneClusterImpl-f1b2f89b-fe02-4b37-a0e6-f89ef9b3e531/datanode-1/data/ratis/66d5e2f5-e823-4adc-82a7-9d224c63b6fb/sm/snapshot.2_76 time:15
2019-11-18 11:51:10,589 [aa06615a-c948-4cd3-931c-8686c8b6e07c@group-9D224C63B6FB-StateMachineUpdater] INFO  impl.StateMachineUpdater (StateMachineUpdater.java:takeSnapshot(269)) - aa06615a-c948-4cd3-931c-8686c8b6e07c@group-9D224C63B6FB-StateMachineUpdater: Took a snapshot at index 76
2019-11-18 11:51:10,589 [aa06615a-c948-4cd3-931c-8686c8b6e07c@group-9D224C63B6FB-StateMachineUpdater] INFO  impl.StateMachineUpdater (StateMachineUpdater.java:lambda$new$0(84)) - aa06615a-c948-4cd3-931c-8686c8b6e07c@group-9D224C63B6FB-StateMachineUpdater: snapshotIndex: updateIncreasingly 76 -> 76
2019-11-18 11:51:10,589 [5e5e1231-907b-4901-a10f-8e3e242e34fe@group-9D224C63B6FB-StateMachineUpdater] INFO  impl.StateMachineUpdater (StateMachineUpdater.java:takeSnapshot(269)) - 5e5e1231-907b-4901-a10f-8e3e242e34fe@group-9D224C63B6FB-StateMachineUpdater: Took a snapshot at index 76
2019-11-18 11:51:10,589 [5e5e1231-907b-4901-a10f-8e3e242e34fe@group-9D224C63B6FB-StateMachineUpdater] INFO  impl.StateMachineUpdater (StateMachineUpdater.java:lambda$new$0(84)) - 5e5e1231-907b-4901-a10f-8e3e242e34fe@group-9D224C63B6FB-StateMachineUpdater: snapshotIndex: updateIncreasingly 76 -> 76
2019-11-18 11:51:10,590 [Command processor thread] INFO  impl.RaftServerImpl (ServerState.java:close(387)) - aa06615a-c948-4cd3-931c-8686c8b6e07c@group-9D224C63B6FB: closes. applyIndex: 78
2019-11-18 11:51:10,590 [Command processor thread] INFO  impl.RaftServerImpl (ServerState.java:close(387)) - 5e5e1231-907b-4901-a10f-8e3e242e34fe@group-9D224C63B6FB: closes. applyIndex: 78
2019-11-18 11:51:10,593 [aa06615a-c948-4cd3-931c-8686c8b6e07c@group-9D224C63B6FB-SegmentedRaftLogWorker] INFO  segmented.SegmentedRaftLogWorker (SegmentedRaftLogWorker.java:run(316)) - aa06615a-c948-4cd3-931c-8686c8b6e07c@group-9D224C63B6FB-SegmentedRaftLogWorker was interrupted, exiting. There are 0 tasks remaining in the queue.
2019-11-18 11:51:10,593 [5e5e1231-907b-4901-a10f-8e3e242e34fe@group-9D224C63B6FB-SegmentedRaftLogWorker] INFO  segmented.SegmentedRaftLogWorker (SegmentedRaftLogWorker.java:run(316)) - 5e5e1231-907b-4901-a10f-8e3e242e34fe@group-9D224C63B6FB-SegmentedRaftLogWorker was interrupted, exiting. There are 0 tasks remaining in the queue.
2019-11-18 11:51:10,596 [Command processor thread] INFO  segmented.SegmentedRaftLogWorker (SegmentedRaftLogWorker.java:close(224)) - aa06615a-c948-4cd3-931c-8686c8b6e07c@group-9D224C63B6FB-SegmentedRaftLogWorker close()
2019-11-18 11:51:10,596 [Command processor thread] INFO  segmented.SegmentedRaftLogWorker (SegmentedRaftLogWorker.java:close(224)) - 5e5e1231-907b-4901-a10f-8e3e242e34fe@group-9D224C63B6FB-SegmentedRaftLogWorker close()
2019-11-18 11:51:10,638 [Command processor thread] INFO  interfaces.Container (KeyValueContainer.java:flushAndSyncDB(400)) - Container 1 is synced with bcsId 60.
2019-11-18 11:51:10,638 [Command processor thread] INFO  interfaces.Container (KeyValueContainer.java:flushAndSyncDB(400)) - Container 1 is synced with bcsId 60.
2019-11-18 11:51:10,640 [Command processor thread] INFO  interfaces.Container (KeyValueContainer.java:flushAndSyncDB(400)) - Container 1 is synced with bcsId 60.
2019-11-18 11:51:10,640 [Command processor thread] INFO  interfaces.Container (KeyValueContainer.java:flushAndSyncDB(400)) - Container 1 is synced with bcsId 60.
2019-11-18 11:51:10,661 [EventQueue-IncrementalContainerReportForIncrementalContainerReportHandler] INFO  container.IncrementalContainerReportHandler (AbstractContainerReportHandler.java:updateContainerState(171)) - Moving container #1 to QUASI_CLOSED state, datanode aa06615a-c948-4cd3-931c-8686c8b6e07c{ip: 192.168.34.54, host: pr-hdds-2533-t5tnj-349417245, networkLocation: /default-rack, certSerialId: null} reported QUASI_CLOSED replica.
2019-11-18 11:51:10,689 [Command processor thread] INFO  interfaces.Container (KeyValueContainer.java:flushAndSyncDB(400)) - Container 2 is synced with bcsId 76.
2019-11-18 11:51:10,689 [Command processor thread] INFO  interfaces.Container (KeyValueContainer.java:flushAndSyncDB(400)) - Container 2 is synced with bcsId 76.
2019-11-18 11:51:10,689 [Command processor thread] INFO  interfaces.Container (KeyValueContainer.java:flushAndSyncDB(400)) - Container 2 is synced with bcsId 76.
2019-11-18 11:51:10,689 [Command processor thread] INFO  interfaces.Container (KeyValueContainer.java:flushAndSyncDB(400)) - Container 2 is synced with bcsId 76.
2019-11-18 11:51:10,707 [EventQueue-IncrementalContainerReportForIncrementalContainerReportHandler] INFO  container.IncrementalContainerReportHandler (AbstractContainerReportHandler.java:updateContainerState(171)) - Moving container #2 to QUASI_CLOSED state, datanode 5e5e1231-907b-4901-a10f-8e3e242e34fe{ip: 192.168.34.54, host: pr-hdds-2533-t5tnj-349417245, networkLocation: /default-rack, certSerialId: null} reported QUASI_CLOSED replica.
2019-11-18 11:51:10,722 [Command processor thread] INFO  interfaces.Container (KeyValueContainer.java:flushAndSyncDB(400)) - Container 3 is synced with bcsId 42.
2019-11-18 11:51:10,722 [Command processor thread] INFO  interfaces.Container (KeyValueContainer.java:flushAndSyncDB(400)) - Container 3 is synced with bcsId 42.
2019-11-18 11:51:10,723 [Command processor thread] INFO  interfaces.Container (KeyValueContainer.java:flushAndSyncDB(400)) - Container 3 is synced with bcsId 42.
2019-11-18 11:51:10,723 [Command processor thread] INFO  interfaces.Container (KeyValueContainer.java:flushAndSyncDB(400)) - Container 3 is synced with bcsId 42.
2019-11-18 11:51:10,754 [Command processor thread] INFO  commandhandler.ClosePipelineCommandHandler (ClosePipelineCommandHandler.java:handle(78)) - Close Pipeline #id: "66d5e2f5-e823-4adc-82a7-9d224c63b6fb"
 command on datanode #5e5e1231-907b-4901-a10f-8e3e242e34fe.
2019-11-18 11:51:10,754 [Command processor thread] INFO  commandhandler.ClosePipelineCommandHandler (ClosePipelineCommandHandler.java:handle(78)) - Close Pipeline #id: "66d5e2f5-e823-4adc-82a7-9d224c63b6fb"
 command on datanode #aa06615a-c948-4cd3-931c-8686c8b6e07c.
2019-11-18 11:51:10,756 [EventQueue-IncrementalContainerReportForIncrementalContainerReportHandler] INFO  container.IncrementalContainerReportHandler (AbstractContainerReportHandler.java:updateContainerState(171)) - Moving container #3 to QUASI_CLOSED state, datanode 5e5e1231-907b-4901-a10f-8e3e242e34fe{ip: 192.168.34.54, host: pr-hdds-2533-t5tnj-349417245, networkLocation: /default-rack, certSerialId: null} reported QUASI_CLOSED replica.
2019-11-18 11:51:10,757 [Command processor thread] INFO  impl.RaftServerProxy (RaftServerProxy.java:addNew(89)) - aa06615a-c948-4cd3-931c-8686c8b6e07c: addNew group-46BDEAA1B97F:[aa06615a-c948-4cd3-931c-8686c8b6e07c:192.168.34.54:37413, 5e5e1231-907b-4901-a10f-8e3e242e34fe:192.168.34.54:36986, e69f106d-e861-448c-ab21-374271f7ff9a:192.168.34.54:34031] returns group-46BDEAA1B97F:java.util.concurrent.CompletableFuture@5cc9a5cd[Not completed]
2019-11-18 11:51:10,757 [Command processor thread] INFO  impl.RaftServerProxy (RaftServerProxy.java:addNew(89)) - 5e5e1231-907b-4901-a10f-8e3e242e34fe: addNew group-46BDEAA1B97F:[aa06615a-c948-4cd3-931c-8686c8b6e07c:192.168.34.54:37413, 5e5e1231-907b-4901-a10f-8e3e242e34fe:192.168.34.54:36986, e69f106d-e861-448c-ab21-374271f7ff9a:192.168.34.54:34031] returns group-46BDEAA1B97F:java.util.concurrent.CompletableFuture@33f729ae[Not completed]
2019-11-18 11:51:10,760 [pool-47-thread-1] INFO  impl.RaftServerImpl (RaftServerImpl.java:<init>(98)) - aa06615a-c948-4cd3-931c-8686c8b6e07c: new RaftServerImpl for group-46BDEAA1B97F:[aa06615a-c948-4cd3-931c-8686c8b6e07c:192.168.34.54:37413, 5e5e1231-907b-4901-a10f-8e3e242e34fe:192.168.34.54:36986, e69f106d-e861-448c-ab21-374271f7ff9a:192.168.34.54:34031] with ContainerStateMachine:uninitialized
2019-11-18 11:51:10,761 [pool-47-thread-1] INFO  server.RaftServerConfigKeys (ConfUtils.java:logGet(43)) - raft.server.rpc.timeout.min = 5s (custom)
2019-11-18 11:51:10,761 [pool-47-thread-1] INFO  server.RaftServerConfigKeys (ConfUtils.java:logGet(43)) - raft.server.rpc.timeout.max = 5200ms (custom)
2019-11-18 11:51:10,761 [pool-47-thread-1] INFO  server.RaftServerConfigKeys (ConfUtils.java:logGet(43)) - raft.server.rpcslowness.timeout = 120s (custom)
2019-11-18 11:51:10,761 [pool-47-thread-1] INFO  server.RaftServerConfigKeys (ConfUtils.java:logGet(43)) - raft.server.sleep.deviation.threshold = 300 (default)
2019-11-18 11:51:10,761 [pool-47-thread-1] INFO  server.RaftServerConfigKeys (ConfUtils.java:logGet(43)) - raft.server.log.appender.install.snapshot.enabled = false (custom)
2019-11-18 11:51:10,762 [pool-47-thread-1] INFO  impl.RaftServerImpl (ServerState.java:<init>(103)) - aa06615a-c948-4cd3-931c-8686c8b6e07c@group-46BDEAA1B97F: ConfigurationManager, init=-1: [aa06615a-c948-4cd3-931c-8686c8b6e07c:192.168.34.54:37413, 5e5e1231-907b-4901-a10f-8e3e242e34fe:192.168.34.54:36986, e69f106d-e861-448c-ab21-374271f7ff9a:192.168.34.54:34031], old=null, confs=<EMPTY_MAP>
2019-11-18 11:51:10,762 [pool-47-thread-1] INFO  server.RaftServerConfigKeys (ConfUtils.java:logGet(43)) - raft.server.storage.dir = [/workdir/hadoop-ozone/tools/target/test-dir/MiniOzoneClusterImpl-f1b2f89b-fe02-4b37-a0e6-f89ef9b3e531/datanode-2/data/ratis] (custom)
2019-11-18 11:51:10,762 [pool-37-thread-1] INFO  impl.RaftServerImpl (RaftServerImpl.java:<init>(98)) - 5e5e1231-907b-4901-a10f-8e3e242e34fe: new RaftServerImpl for group-46BDEAA1B97F:[aa06615a-c948-4cd3-931c-8686c8b6e07c:192.168.34.54:37413, 5e5e1231-907b-4901-a10f-8e3e242e34fe:192.168.34.54:36986, e69f106d-e861-448c-ab21-374271f7ff9a:192.168.34.54:34031] with ContainerStateMachine:uninitialized
2019-11-18 11:51:10,762 [pool-37-thread-1] INFO  server.RaftServerConfigKeys (ConfUtils.java:logGet(43)) - raft.server.rpc.timeout.min = 5s (custom)
2019-11-18 11:51:10,763 [pool-47-thread-1] INFO  server.RaftServerConfigKeys (ConfUtils.java:logGet(43)) - raft.server.log.corruption.policy = EXCEPTION (default)
2019-11-18 11:51:10,763 [pool-37-thread-1] INFO  server.RaftServerConfigKeys (ConfUtils.java:logGet(43)) - raft.server.rpc.timeout.max = 5200ms (custom)
2019-11-18 11:51:10,763 [pool-47-thread-1] INFO  storage.RaftStorageDirectory (RaftStorageDirectory.java:analyzeStorage(246)) - The storage directory /workdir/hadoop-ozone/tools/target/test-dir/MiniOzoneClusterImpl-f1b2f89b-fe02-4b37-a0e6-f89ef9b3e531/datanode-2/data/ratis/78cf6ef2-6090-4b82-b865-46bdeaa1b97f does not exist. Creating ...
2019-11-18 11:51:10,763 [pool-37-thread-1] INFO  server.RaftServerConfigKeys (ConfUtils.java:logGet(43)) - raft.server.rpcslowness.timeout = 120s (custom)
2019-11-18 11:51:10,763 [pool-37-thread-1] INFO  server.RaftServerConfigKeys (ConfUtils.java:logGet(43)) - raft.server.sleep.deviation.threshold = 300 (default)
2019-11-18 11:51:10,763 [pool-37-thread-1] INFO  server.RaftServerConfigKeys (ConfUtils.java:logGet(43)) - raft.server.log.appender.install.snapshot.enabled = false (custom)
2019-11-18 11:51:10,764 [pool-37-thread-1] INFO  impl.RaftServerImpl (ServerState.java:<init>(103)) - 5e5e1231-907b-4901-a10f-8e3e242e34fe@group-46BDEAA1B97F: ConfigurationManager, init=-1: [aa06615a-c948-4cd3-931c-8686c8b6e07c:192.168.34.54:37413, 5e5e1231-907b-4901-a10f-8e3e242e34fe:192.168.34.54:36986, e69f106d-e861-448c-ab21-374271f7ff9a:192.168.34.54:34031], old=null, confs=<EMPTY_MAP>
2019-11-18 11:51:10,764 [pool-37-thread-1] INFO  server.RaftServerConfigKeys (ConfUtils.java:logGet(43)) - raft.server.storage.dir = [/workdir/hadoop-ozone/tools/target/test-dir/MiniOzoneClusterImpl-f1b2f89b-fe02-4b37-a0e6-f89ef9b3e531/datanode-1/data/ratis] (custom)
2019-11-18 11:51:10,764 [pool-37-thread-1] INFO  server.RaftServerConfigKeys (ConfUtils.java:logGet(43)) - raft.server.log.corruption.policy = EXCEPTION (default)
2019-11-18 11:51:10,764 [pool-37-thread-1] INFO  storage.RaftStorageDirectory (RaftStorageDirectory.java:analyzeStorage(246)) - The storage directory /workdir/hadoop-ozone/tools/target/test-dir/MiniOzoneClusterImpl-f1b2f89b-fe02-4b37-a0e6-f89ef9b3e531/datanode-1/data/ratis/78cf6ef2-6090-4b82-b865-46bdeaa1b97f does not exist. Creating ...
2019-11-18 11:51:10,773 [pool-37-thread-1] INFO  storage.RaftStorageDirectory (RaftStorageDirectory.java:tryLock(328)) - Lock on /workdir/hadoop-ozone/tools/target/test-dir/MiniOzoneClusterImpl-f1b2f89b-fe02-4b37-a0e6-f89ef9b3e531/datanode-1/data/ratis/78cf6ef2-6090-4b82-b865-46bdeaa1b97f/in_use.lock acquired by nodename 24874@pr-hdds-2533-t5tnj-349417245
2019-11-18 11:51:10,773 [pool-47-thread-1] INFO  storage.RaftStorageDirectory (RaftStorageDirectory.java:tryLock(328)) - Lock on /workdir/hadoop-ozone/tools/target/test-dir/MiniOzoneClusterImpl-f1b2f89b-fe02-4b37-a0e6-f89ef9b3e531/datanode-2/data/ratis/78cf6ef2-6090-4b82-b865-46bdeaa1b97f/in_use.lock acquired by nodename 24874@pr-hdds-2533-t5tnj-349417245
2019-11-18 11:51:10,784 [pool-47-thread-1] INFO  storage.RaftStorage (RaftStorage.java:format(84)) - Storage directory /workdir/hadoop-ozone/tools/target/test-dir/MiniOzoneClusterImpl-f1b2f89b-fe02-4b37-a0e6-f89ef9b3e531/datanode-2/data/ratis/78cf6ef2-6090-4b82-b865-46bdeaa1b97f has been successfully formatted.
2019-11-18 11:51:10,784 [pool-37-thread-1] INFO  storage.RaftStorage (RaftStorage.java:format(84)) - Storage directory /workdir/hadoop-ozone/tools/target/test-dir/MiniOzoneClusterImpl-f1b2f89b-fe02-4b37-a0e6-f89ef9b3e531/datanode-1/data/ratis/78cf6ef2-6090-4b82-b865-46bdeaa1b97f has been successfully formatted.
2019-11-18 11:51:10,784 [pool-47-thread-1] INFO  ratis.ContainerStateMachine (ContainerStateMachine.java:loadSnapshot(223)) - group-46BDEAA1B97F: The snapshot info is null. Setting the last applied indexto:(t:0, i:~)
2019-11-18 11:51:10,784 [pool-37-thread-1] INFO  ratis.ContainerStateMachine (ContainerStateMachine.java:loadSnapshot(223)) - group-46BDEAA1B97F: The snapshot info is null. Setting the last applied indexto:(t:0, i:~)
2019-11-18 11:51:10,784 [pool-47-thread-1] INFO  server.RaftServerConfigKeys (ConfUtils.java:logGet(43)) - raft.server.notification.no-leader.timeout = 120s (custom)
2019-11-18 11:51:10,785 [pool-37-thread-1] INFO  server.RaftServerConfigKeys (ConfUtils.java:logGet(43)) - raft.server.notification.no-leader.timeout = 120s (custom)
2019-11-18 11:51:10,785 [pool-47-thread-1] INFO  server.RaftServerConfigKeys (ConfUtils.java:logGet(43)) - raft.server.log.use.memory = false (default)
2019-11-18 11:51:10,785 [pool-37-thread-1] INFO  server.RaftServerConfigKeys (ConfUtils.java:logGet(43)) - raft.server.log.use.memory = false (default)
2019-11-18 11:51:10,785 [pool-47-thread-1] INFO  server.RaftServerConfigKeys (ConfUtils.java:logGet(43)) - raft.server.log.purge.gap = 1000000 (custom)
2019-11-18 11:51:10,785 [pool-37-thread-1] INFO  server.RaftServerConfigKeys (ConfUtils.java:logGet(43)) - raft.server.log.purge.gap = 1000000 (custom)
2019-11-18 11:51:10,785 [pool-47-thread-1] INFO  server.RaftServerConfigKeys (ConfUtils.java:logGet(43)) - raft.server.log.appender.buffer.byte-limit = 33554432 (custom)
2019-11-18 11:51:10,785 [pool-37-thread-1] INFO  server.RaftServerConfigKeys (ConfUtils.java:logGet(43)) - raft.server.log.appender.buffer.byte-limit = 33554432 (custom)
2019-11-18 11:51:10,786 [pool-47-thread-1] INFO  server.RaftServerConfigKeys (ConfUtils.java:logGet(43)) - raft.server.log.segment.size.max = 1048576 (custom)
2019-11-18 11:51:10,786 [pool-37-thread-1] INFO  server.RaftServerConfigKeys (ConfUtils.java:logGet(43)) - raft.server.log.segment.size.max = 1048576 (custom)
2019-11-18 11:51:10,786 [pool-47-thread-1] INFO  server.RaftServerConfigKeys (ConfUtils.java:logGet(43)) - raft.server.log.segment.cache.num.max = 2 (custom)
2019-11-18 11:51:10,786 [pool-37-thread-1] INFO  server.RaftServerConfigKeys (ConfUtils.java:logGet(43)) - raft.server.log.segment.cache.num.max = 2 (custom)
2019-11-18 11:51:10,786 [pool-47-thread-1] INFO  segmented.SegmentedRaftLogWorker (SegmentedRaftLogWorker.java:<init>(173)) - new aa06615a-c948-4cd3-931c-8686c8b6e07c@group-46BDEAA1B97F-SegmentedRaftLogWorker for RaftStorage:Storage Directory /workdir/hadoop-ozone/tools/target/test-dir/MiniOzoneClusterImpl-f1b2f89b-fe02-4b37-a0e6-f89ef9b3e531/datanode-2/data/ratis/78cf6ef2-6090-4b82-b865-46bdeaa1b97f
2019-11-18 11:51:10,786 [pool-37-thread-1] INFO  segmented.SegmentedRaftLogWorker (SegmentedRaftLogWorker.java:<init>(173)) - new 5e5e1231-907b-4901-a10f-8e3e242e34fe@group-46BDEAA1B97F-SegmentedRaftLogWorker for RaftStorage:Storage Directory /workdir/hadoop-ozone/tools/target/test-dir/MiniOzoneClusterImpl-f1b2f89b-fe02-4b37-a0e6-f89ef9b3e531/datanode-1/data/ratis/78cf6ef2-6090-4b82-b865-46bdeaa1b97f
2019-11-18 11:51:10,786 [pool-47-thread-1] INFO  server.RaftServerConfigKeys (ConfUtils.java:logGet(43)) - raft.server.log.queue.byte-limit = 2147483647 (custom)
2019-11-18 11:51:10,787 [pool-37-thread-1] INFO  server.RaftServerConfigKeys (ConfUtils.java:logGet(43)) - raft.server.log.queue.byte-limit = 2147483647 (custom)
2019-11-18 11:51:10,787 [pool-47-thread-1] INFO  server.RaftServerConfigKeys (ConfUtils.java:logGet(43)) - raft.server.log.queue.element-limit = 1024 (custom)
2019-11-18 11:51:10,787 [pool-37-thread-1] INFO  server.RaftServerConfigKeys (ConfUtils.java:logGet(43)) - raft.server.log.queue.element-limit = 1024 (custom)
2019-11-18 11:51:10,787 [pool-47-thread-1] INFO  server.RaftServerConfigKeys (ConfUtils.java:logGet(43)) - raft.server.log.segment.size.max = 1048576 (custom)
2019-11-18 11:51:10,787 [pool-37-thread-1] INFO  server.RaftServerConfigKeys (ConfUtils.java:logGet(43)) - raft.server.log.segment.size.max = 1048576 (custom)
2019-11-18 11:51:10,787 [pool-47-thread-1] INFO  server.RaftServerConfigKeys (ConfUtils.java:logGet(43)) - raft.server.log.preallocated.size = 16384 (custom)
2019-11-18 11:51:10,787 [pool-37-thread-1] INFO  server.RaftServerConfigKeys (ConfUtils.java:logGet(43)) - raft.server.log.preallocated.size = 16384 (custom)
2019-11-18 11:51:10,788 [pool-47-thread-1] INFO  server.RaftServerConfigKeys (ConfUtils.java:logGet(43)) - raft.server.log.write.buffer.size = 33554432 (custom)
2019-11-18 11:51:10,788 [pool-37-thread-1] INFO  server.RaftServerConfigKeys (ConfUtils.java:logGet(43)) - raft.server.log.write.buffer.size = 33554432 (custom)
2019-11-18 11:51:10,788 [pool-47-thread-1] INFO  server.RaftServerConfigKeys (ConfUtils.java:logGet(43)) - raft.server.log.force.sync.num = 128 (default)
2019-11-18 11:51:10,788 [pool-37-thread-1] INFO  server.RaftServerConfigKeys (ConfUtils.java:logGet(43)) - raft.server.log.force.sync.num = 128 (default)
2019-11-18 11:51:10,788 [pool-47-thread-1] INFO  server.RaftServerConfigKeys (ConfUtils.java:logGet(43)) - raft.server.log.statemachine.data.sync = true (default)
2019-11-18 11:51:10,788 [pool-37-thread-1] INFO  server.RaftServerConfigKeys (ConfUtils.java:logGet(43)) - raft.server.log.statemachine.data.sync = true (default)
2019-11-18 11:51:10,788 [pool-47-thread-1] INFO  server.RaftServerConfigKeys (ConfUtils.java:logGet(43)) - raft.server.log.statemachine.data.sync.timeout = 10s (default)
2019-11-18 11:51:10,789 [pool-37-thread-1] INFO  server.RaftServerConfigKeys (ConfUtils.java:logGet(43)) - raft.server.log.statemachine.data.sync.timeout = 10s (default)
2019-11-18 11:51:10,789 [pool-47-thread-1] INFO  server.RaftServerConfigKeys (ConfUtils.java:logGet(43)) - raft.server.log.statemachine.data.sync.timeout.retry = -1 (default)
2019-11-18 11:51:10,789 [pool-37-thread-1] INFO  server.RaftServerConfigKeys (ConfUtils.java:logGet(43)) - raft.server.log.statemachine.data.sync.timeout.retry = -1 (default)
2019-11-18 11:51:10,789 [pool-47-thread-1] INFO  server.RaftServerConfigKeys (ConfUtils.java:logGet(43)) - raft.server.log.statemachine.data.caching.enabled = true (custom)
2019-11-18 11:51:10,789 [pool-37-thread-1] INFO  server.RaftServerConfigKeys (ConfUtils.java:logGet(43)) - raft.server.log.statemachine.data.caching.enabled = true (custom)
2019-11-18 11:51:10,790 [pool-47-thread-1] INFO  segmented.SegmentedRaftLogWorker (SegmentedRaftLogWorker.java:lambda$new$0(128)) - aa06615a-c948-4cd3-931c-8686c8b6e07c@group-46BDEAA1B97F-SegmentedRaftLogWorker: flushIndex: setUnconditionally 0 -> -1
2019-11-18 11:51:10,790 [pool-37-thread-1] INFO  segmented.SegmentedRaftLogWorker (SegmentedRaftLogWorker.java:lambda$new$0(128)) - 5e5e1231-907b-4901-a10f-8e3e242e34fe@group-46BDEAA1B97F-SegmentedRaftLogWorker: flushIndex: setUnconditionally 0 -> -1
2019-11-18 11:51:10,790 [pool-37-thread-1] INFO  server.RaftServerConfigKeys (ConfUtils.java:logGet(43)) - raft.server.snapshot.auto.trigger.enabled = true (custom)
2019-11-18 11:51:10,790 [pool-47-thread-1] INFO  server.RaftServerConfigKeys (ConfUtils.java:logGet(43)) - raft.server.snapshot.auto.trigger.enabled = true (custom)
2019-11-18 11:51:10,790 [pool-37-thread-1] INFO  server.RaftServerConfigKeys (ConfUtils.java:logGet(43)) - raft.server.snapshot.auto.trigger.threshold = 10000 (custom)
2019-11-18 11:51:10,791 [pool-47-thread-1] INFO  server.RaftServerConfigKeys (ConfUtils.java:logGet(43)) - raft.server.snapshot.auto.trigger.threshold = 10000 (custom)
2019-11-18 11:51:10,791 [pool-37-thread-1] INFO  server.RaftServerConfigKeys (ConfUtils.java:logGet(43)) - raft.server.snapshot.retention.file.num = 5 (custom)
2019-11-18 11:51:10,791 [pool-47-thread-1] INFO  server.RaftServerConfigKeys (ConfUtils.java:logGet(43)) - raft.server.snapshot.retention.file.num = 5 (custom)
2019-11-18 11:51:10,791 [pool-37-thread-1] INFO  server.RaftServerConfigKeys (ConfUtils.java:logGet(43)) - raft.server.retrycache.expirytime = 600000ms (custom)
2019-11-18 11:51:10,791 [pool-47-thread-1] INFO  server.RaftServerConfigKeys (ConfUtils.java:logGet(43)) - raft.server.retrycache.expirytime = 600000ms (custom)
2019-11-18 11:51:10,791 [pool-37-thread-1] WARN  impl.MetricRegistriesImpl (MetricRegistriesImpl.java:lambda$create$1(61)) - First MetricRegistry has been created without registering reporters. You may need to call MetricRegistries.global().addReportRegistration(...) before.
2019-11-18 11:51:10,791 [pool-47-thread-1] WARN  impl.MetricRegistriesImpl (MetricRegistriesImpl.java:lambda$create$1(61)) - First MetricRegistry has been created without registering reporters. You may need to call MetricRegistries.global().addReportRegistration(...) before.
2019-11-18 11:51:10,792 [pool-37-thread-1] WARN  impl.MetricRegistriesImpl (MetricRegistriesImpl.java:lambda$create$1(61)) - First MetricRegistry has been created without registering reporters. You may need to call MetricRegistries.global().addReportRegistration(...) before.
2019-11-18 11:51:10,793 [pool-47-thread-1] WARN  impl.MetricRegistriesImpl (MetricRegistriesImpl.java:lambda$create$1(61)) - First MetricRegistry has been created without registering reporters. You may need to call MetricRegistries.global().addReportRegistration(...) before.
2019-11-18 11:51:10,793 [pool-37-thread-1] INFO  impl.RaftServerImpl (RaftServerImpl.java:start(184)) - 5e5e1231-907b-4901-a10f-8e3e242e34fe@group-46BDEAA1B97F: start as a follower, conf=-1: [aa06615a-c948-4cd3-931c-8686c8b6e07c:192.168.34.54:37413, 5e5e1231-907b-4901-a10f-8e3e242e34fe:192.168.34.54:36986, e69f106d-e861-448c-ab21-374271f7ff9a:192.168.34.54:34031], old=null
2019-11-18 11:51:10,794 [pool-47-thread-1] INFO  impl.RaftServerImpl (RaftServerImpl.java:start(184)) - aa06615a-c948-4cd3-931c-8686c8b6e07c@group-46BDEAA1B97F: start as a follower, conf=-1: [aa06615a-c948-4cd3-931c-8686c8b6e07c:192.168.34.54:37413, 5e5e1231-907b-4901-a10f-8e3e242e34fe:192.168.34.54:36986, e69f106d-e861-448c-ab21-374271f7ff9a:192.168.34.54:34031], old=null
2019-11-18 11:51:10,794 [pool-37-thread-1] INFO  impl.RaftServerImpl (RaftServerImpl.java:setRole(173)) - 5e5e1231-907b-4901-a10f-8e3e242e34fe@group-46BDEAA1B97F: changes role from      null to FOLLOWER at term 0 for startAsFollower
2019-11-18 11:51:10,794 [pool-47-thread-1] INFO  impl.RaftServerImpl (RaftServerImpl.java:setRole(173)) - aa06615a-c948-4cd3-931c-8686c8b6e07c@group-46BDEAA1B97F: changes role from      null to FOLLOWER at term 0 for startAsFollower
2019-11-18 11:51:10,794 [pool-37-thread-1] INFO  impl.RoleInfo (RoleInfo.java:updateAndGet(143)) - 5e5e1231-907b-4901-a10f-8e3e242e34fe: start FollowerState
2019-11-18 11:51:10,794 [pool-47-thread-1] INFO  impl.RoleInfo (RoleInfo.java:updateAndGet(143)) - aa06615a-c948-4cd3-931c-8686c8b6e07c: start FollowerState
2019-11-18 11:51:10,795 [pool-37-thread-1] INFO  util.JmxRegister (JmxRegister.java:tryRegister(44)) - Successfully registered JMX Bean with object name Ratis:service=RaftServer,group=group-46BDEAA1B97F,id=5e5e1231-907b-4901-a10f-8e3e242e34fe
2019-11-18 11:51:10,795 [pool-47-thread-1] INFO  util.JmxRegister (JmxRegister.java:tryRegister(44)) - Successfully registered JMX Bean with object name Ratis:service=RaftServer,group=group-46BDEAA1B97F,id=aa06615a-c948-4cd3-931c-8686c8b6e07c
2019-11-18 11:51:10,795 [pool-37-thread-1] WARN  impl.MetricRegistriesImpl (MetricRegistriesImpl.java:lambda$create$1(61)) - First MetricRegistry has been created without registering reporters. You may need to call MetricRegistries.global().addReportRegistration(...) before.
2019-11-18 11:51:10,795 [pool-47-thread-1] WARN  impl.MetricRegistriesImpl (MetricRegistriesImpl.java:lambda$create$1(61)) - First MetricRegistry has been created without registering reporters. You may need to call MetricRegistries.global().addReportRegistration(...) before.
2019-11-18 11:51:10,796 [Command processor thread] INFO  commandhandler.CreatePipelineCommandHandler (CreatePipelineCommandHandler.java:handle(86)) - Create Pipeline RATIS THREE #id: "78cf6ef2-6090-4b82-b865-46bdeaa1b97f"
 command succeed on datanode aa06615a-c948-4cd3-931c-8686c8b6e07c.
2019-11-18 11:51:10,796 [Command processor thread] INFO  commandhandler.CreatePipelineCommandHandler (CreatePipelineCommandHandler.java:handle(86)) - Create Pipeline RATIS THREE #id: "78cf6ef2-6090-4b82-b865-46bdeaa1b97f"
 command succeed on datanode 5e5e1231-907b-4901-a10f-8e3e242e34fe.
2019-11-18 11:51:10,798 [EventQueue-PipelineReportForPipelineReportHandler] INFO  pipeline.PipelineReportHandler (PipelineReportHandler.java:processPipelineReport(113)) - Pipeline THREE PipelineID=78cf6ef2-6090-4b82-b865-46bdeaa1b97f reported by aa06615a-c948-4cd3-931c-8686c8b6e07c{ip: 192.168.34.54, host: pr-hdds-2533-t5tnj-349417245, networkLocation: /default-rack, certSerialId: null}
2019-11-18 11:51:10,798 [EventQueue-PipelineReportForPipelineReportHandler] INFO  pipeline.PipelineReportHandler (PipelineReportHandler.java:processPipelineReport(113)) - Pipeline THREE PipelineID=78cf6ef2-6090-4b82-b865-46bdeaa1b97f reported by 5e5e1231-907b-4901-a10f-8e3e242e34fe{ip: 192.168.34.54, host: pr-hdds-2533-t5tnj-349417245, networkLocation: /default-rack, certSerialId: null}
2019-11-18 11:51:11,448 [Command processor thread] INFO  impl.RaftServerProxy (RaftServerProxy.java:remove(95)) - e69f106d-e861-448c-ab21-374271f7ff9a: remove    LEADER e69f106d-e861-448c-ab21-374271f7ff9a@group-9D224C63B6FB:t2, leader=e69f106d-e861-448c-ab21-374271f7ff9a, voted=e69f106d-e861-448c-ab21-374271f7ff9a, raftlog=e69f106d-e861-448c-ab21-374271f7ff9a@group-9D224C63B6FB-SegmentedRaftLog:OPENED:c78,f78,i78, conf=0: [aa06615a-c948-4cd3-931c-8686c8b6e07c:192.168.34.54:37413, 5e5e1231-907b-4901-a10f-8e3e242e34fe:192.168.34.54:36986, e69f106d-e861-448c-ab21-374271f7ff9a:192.168.34.54:34031], old=null RUNNING
2019-11-18 11:51:11,449 [Command processor thread] INFO  impl.RaftServerImpl (RaftServerImpl.java:lambda$shutdown$3(250)) - e69f106d-e861-448c-ab21-374271f7ff9a@group-9D224C63B6FB: shutdown
2019-11-18 11:51:11,449 [Command processor thread] INFO  util.JmxRegister (JmxRegister.java:unregister(73)) - Successfully un-registered JMX Bean with object name Ratis:service=RaftServer,group=group-9D224C63B6FB,id=e69f106d-e861-448c-ab21-374271f7ff9a
2019-11-18 11:51:11,449 [Command processor thread] INFO  impl.RoleInfo (RoleInfo.java:shutdownLeaderState(104)) - e69f106d-e861-448c-ab21-374271f7ff9a: shutdown LeaderState
2019-11-18 11:51:11,452 [org.apache.ratis.server.impl.LogAppender$AppenderDaemon$$Lambda$504/2127134225@2697a913] WARN  server.GrpcLogAppender (GrpcLogAppender.java:mayWait(151)) - e69f106d-e861-448c-ab21-374271f7ff9a@group-9D224C63B6FB->aa06615a-c948-4cd3-931c-8686c8b6e07c-GrpcLogAppender: Wait interrupted by java.lang.InterruptedException
2019-11-18 11:51:11,452 [org.apache.ratis.server.impl.LogAppender$AppenderDaemon$$Lambda$504/2127134225@3ab8c155] WARN  server.GrpcLogAppender (GrpcLogAppender.java:mayWait(151)) - e69f106d-e861-448c-ab21-374271f7ff9a@group-9D224C63B6FB->5e5e1231-907b-4901-a10f-8e3e242e34fe-GrpcLogAppender: Wait interrupted by java.lang.InterruptedException
2019-11-18 11:51:11,454 [Command processor thread] INFO  impl.PendingRequests (PendingRequests.java:sendNotLeaderResponses(206)) - e69f106d-e861-448c-ab21-374271f7ff9a@group-9D224C63B6FB-PendingRequests: sendNotLeaderResponses
2019-11-18 11:51:11,456 [grpc-default-executor-1] INFO  server.GrpcServerProtocolService (GrpcServerProtocolService.java:onCompleted(113)) - aa06615a-c948-4cd3-931c-8686c8b6e07c: Completed APPEND_ENTRIES, lastRequest: e69f106d-e861-448c-ab21-374271f7ff9a->aa06615a-c948-4cd3-931c-8686c8b6e07c#82-t2, previous=(t:2, i:78), leaderCommit=78, initializing? false, entries: <empty>
2019-11-18 11:51:11,456 [grpc-default-executor-4] INFO  server.GrpcServerProtocolService (GrpcServerProtocolService.java:onCompleted(113)) - 5e5e1231-907b-4901-a10f-8e3e242e34fe: Completed APPEND_ENTRIES, lastRequest: e69f106d-e861-448c-ab21-374271f7ff9a->5e5e1231-907b-4901-a10f-8e3e242e34fe#82-t2, previous=(t:2, i:78), leaderCommit=78, initializing? false, entries: <empty>
2019-11-18 11:51:11,458 [Command processor thread] INFO  impl.StateMachineUpdater (StateMachineUpdater.java:stopAndJoin(136)) - e69f106d-e861-448c-ab21-374271f7ff9a@group-9D224C63B6FB-StateMachineUpdater: set stopIndex = 78
2019-11-18 11:51:11,458 [e69f106d-e861-448c-ab21-374271f7ff9a@group-9D224C63B6FB-StateMachineUpdater] INFO  ratis.ContainerStateMachine (ContainerStateMachine.java:takeSnapshot(285)) - group-9D224C63B6FB: Taking a snapshot at:(t:2, i:76) file /workdir/hadoop-ozone/tools/target/test-dir/MiniOzoneClusterImpl-f1b2f89b-fe02-4b37-a0e6-f89ef9b3e531/datanode-0/data/ratis/66d5e2f5-e823-4adc-82a7-9d224c63b6fb/sm/snapshot.2_76
2019-11-18 11:51:11,459 [grpc-default-executor-4] INFO  server.GrpcLogAppender (GrpcLogAppender.java:onCompleted(308)) - e69f106d-e861-448c-ab21-374271f7ff9a@group-9D224C63B6FB->aa06615a-c948-4cd3-931c-8686c8b6e07c-AppendLogResponseHandler: follower responses appendEntries COMPLETED
2019-11-18 11:51:11,459 [grpc-default-executor-1] INFO  server.GrpcLogAppender (GrpcLogAppender.java:onCompleted(308)) - e69f106d-e861-448c-ab21-374271f7ff9a@group-9D224C63B6FB->5e5e1231-907b-4901-a10f-8e3e242e34fe-AppendLogResponseHandler: follower responses appendEntries COMPLETED
2019-11-18 11:51:11,465 [grpc-default-executor-4] INFO  impl.FollowerInfo (FollowerInfo.java:lambda$new$0(51)) - e69f106d-e861-448c-ab21-374271f7ff9a@group-9D224C63B6FB->aa06615a-c948-4cd3-931c-8686c8b6e07c: nextIndex: updateUnconditionally 79 -> 78
2019-11-18 11:51:11,465 [grpc-default-executor-1] INFO  impl.FollowerInfo (FollowerInfo.java:lambda$new$0(51)) - e69f106d-e861-448c-ab21-374271f7ff9a@group-9D224C63B6FB->5e5e1231-907b-4901-a10f-8e3e242e34fe: nextIndex: updateUnconditionally 79 -> 78
2019-11-18 11:51:11,473 [e69f106d-e861-448c-ab21-374271f7ff9a@group-9D224C63B6FB-StateMachineUpdater] INFO  ratis.ContainerStateMachine (ContainerStateMachine.java:takeSnapshot(296)) - group-9D224C63B6FB: Finished taking a snapshot at:(t:2, i:76) file:/workdir/hadoop-ozone/tools/target/test-dir/MiniOzoneClusterImpl-f1b2f89b-fe02-4b37-a0e6-f89ef9b3e531/datanode-0/data/ratis/66d5e2f5-e823-4adc-82a7-9d224c63b6fb/sm/snapshot.2_76 time:14
2019-11-18 11:51:11,473 [e69f106d-e861-448c-ab21-374271f7ff9a@group-9D224C63B6FB-StateMachineUpdater] INFO  impl.StateMachineUpdater (StateMachineUpdater.java:takeSnapshot(269)) - e69f106d-e861-448c-ab21-374271f7ff9a@group-9D224C63B6FB-StateMachineUpdater: Took a snapshot at index 76
2019-11-18 11:51:11,473 [e69f106d-e861-448c-ab21-374271f7ff9a@group-9D224C63B6FB-StateMachineUpdater] INFO  impl.StateMachineUpdater (StateMachineUpdater.java:lambda$new$0(84)) - e69f106d-e861-448c-ab21-374271f7ff9a@group-9D224C63B6FB-StateMachineUpdater: snapshotIndex: updateIncreasingly -1 -> 76
2019-11-18 11:51:11,474 [e69f106d-e861-448c-ab21-374271f7ff9a@group-9D224C63B6FB-StateMachineUpdater] INFO  ratis.ContainerStateMachine (ContainerStateMachine.java:takeSnapshot(285)) - group-9D224C63B6FB: Taking a snapshot at:(t:2, i:76) file /workdir/hadoop-ozone/tools/target/test-dir/MiniOzoneClusterImpl-f1b2f89b-fe02-4b37-a0e6-f89ef9b3e531/datanode-0/data/ratis/66d5e2f5-e823-4adc-82a7-9d224c63b6fb/sm/snapshot.2_76
2019-11-18 11:51:11,486 [e69f106d-e861-448c-ab21-374271f7ff9a@group-9D224C63B6FB-StateMachineUpdater] INFO  ratis.ContainerStateMachine (ContainerStateMachine.java:takeSnapshot(296)) - group-9D224C63B6FB: Finished taking a snapshot at:(t:2, i:76) file:/workdir/hadoop-ozone/tools/target/test-dir/MiniOzoneClusterImpl-f1b2f89b-fe02-4b37-a0e6-f89ef9b3e531/datanode-0/data/ratis/66d5e2f5-e823-4adc-82a7-9d224c63b6fb/sm/snapshot.2_76 time:13
2019-11-18 11:51:11,487 [e69f106d-e861-448c-ab21-374271f7ff9a@group-9D224C63B6FB-StateMachineUpdater] INFO  impl.StateMachineUpdater (StateMachineUpdater.java:takeSnapshot(269)) - e69f106d-e861-448c-ab21-374271f7ff9a@group-9D224C63B6FB-StateMachineUpdater: Took a snapshot at index 76
2019-11-18 11:51:11,487 [e69f106d-e861-448c-ab21-374271f7ff9a@group-9D224C63B6FB-StateMachineUpdater] INFO  impl.StateMachineUpdater (StateMachineUpdater.java:lambda$new$0(84)) - e69f106d-e861-448c-ab21-374271f7ff9a@group-9D224C63B6FB-StateMachineUpdater: snapshotIndex: updateIncreasingly 76 -> 76
2019-11-18 11:51:11,488 [Command processor thread] INFO  impl.RaftServerImpl (ServerState.java:close(387)) - e69f106d-e861-448c-ab21-374271f7ff9a@group-9D224C63B6FB: closes. applyIndex: 78
2019-11-18 11:51:11,488 [e69f106d-e861-448c-ab21-374271f7ff9a@group-9D224C63B6FB-SegmentedRaftLogWorker] INFO  segmented.SegmentedRaftLogWorker (SegmentedRaftLogWorker.java:run(316)) - e69f106d-e861-448c-ab21-374271f7ff9a@group-9D224C63B6FB-SegmentedRaftLogWorker was interrupted, exiting. There are 0 tasks remaining in the queue.
2019-11-18 11:51:11,490 [Command processor thread] INFO  segmented.SegmentedRaftLogWorker (SegmentedRaftLogWorker.java:close(224)) - e69f106d-e861-448c-ab21-374271f7ff9a@group-9D224C63B6FB-SegmentedRaftLogWorker close()
 0.00% |?                                                                                                    |  0/1 Time: 0:00:022019-11-18 11:51:11,529 [Command processor thread] INFO  interfaces.Container (KeyValueContainer.java:flushAndSyncDB(400)) - Container 1 is synced with bcsId 60.
2019-11-18 11:51:11,530 [Command processor thread] INFO  interfaces.Container (KeyValueContainer.java:flushAndSyncDB(400)) - Container 1 is synced with bcsId 60.
2019-11-18 11:51:11,571 [Command processor thread] INFO  interfaces.Container (KeyValueContainer.java:flushAndSyncDB(400)) - Container 2 is synced with bcsId 76.
2019-11-18 11:51:11,572 [Command processor thread] INFO  interfaces.Container (KeyValueContainer.java:flushAndSyncDB(400)) - Container 2 is synced with bcsId 76.
2019-11-18 11:51:11,618 [Command processor thread] INFO  interfaces.Container (KeyValueContainer.java:flushAndSyncDB(400)) - Container 3 is synced with bcsId 42.
2019-11-18 11:51:11,618 [Command processor thread] INFO  interfaces.Container (KeyValueContainer.java:flushAndSyncDB(400)) - Container 3 is synced with bcsId 42.
2019-11-18 11:51:11,633 [Command processor thread] INFO  commandhandler.ClosePipelineCommandHandler (ClosePipelineCommandHandler.java:handle(78)) - Close Pipeline #id: "66d5e2f5-e823-4adc-82a7-9d224c63b6fb"
 command on datanode #e69f106d-e861-448c-ab21-374271f7ff9a.
2019-11-18 11:51:11,634 [Command processor thread] INFO  impl.RaftServerProxy (RaftServerProxy.java:addNew(89)) - e69f106d-e861-448c-ab21-374271f7ff9a: addNew group-46BDEAA1B97F:[aa06615a-c948-4cd3-931c-8686c8b6e07c:192.168.34.54:37413, 5e5e1231-907b-4901-a10f-8e3e242e34fe:192.168.34.54:36986, e69f106d-e861-448c-ab21-374271f7ff9a:192.168.34.54:34031] returns group-46BDEAA1B97F:java.util.concurrent.CompletableFuture@4b2daf6b[Not completed]
2019-11-18 11:51:11,636 [pool-27-thread-1] INFO  impl.RaftServerImpl (RaftServerImpl.java:<init>(98)) - e69f106d-e861-448c-ab21-374271f7ff9a: new RaftServerImpl for group-46BDEAA1B97F:[aa06615a-c948-4cd3-931c-8686c8b6e07c:192.168.34.54:37413, 5e5e1231-907b-4901-a10f-8e3e242e34fe:192.168.34.54:36986, e69f106d-e861-448c-ab21-374271f7ff9a:192.168.34.54:34031] with ContainerStateMachine:uninitialized
2019-11-18 11:51:11,636 [pool-27-thread-1] INFO  server.RaftServerConfigKeys (ConfUtils.java:logGet(43)) - raft.server.rpc.timeout.min = 5s (custom)
2019-11-18 11:51:11,636 [pool-27-thread-1] INFO  server.RaftServerConfigKeys (ConfUtils.java:logGet(43)) - raft.server.rpc.timeout.max = 5200ms (custom)
2019-11-18 11:51:11,636 [pool-27-thread-1] INFO  server.RaftServerConfigKeys (ConfUtils.java:logGet(43)) - raft.server.rpcslowness.timeout = 120s (custom)
2019-11-18 11:51:11,636 [pool-27-thread-1] INFO  server.RaftServerConfigKeys (ConfUtils.java:logGet(43)) - raft.server.sleep.deviation.threshold = 300 (default)
2019-11-18 11:51:11,636 [pool-27-thread-1] INFO  server.RaftServerConfigKeys (ConfUtils.java:logGet(43)) - raft.server.log.appender.install.snapshot.enabled = false (custom)
2019-11-18 11:51:11,637 [pool-27-thread-1] INFO  impl.RaftServerImpl (ServerState.java:<init>(103)) - e69f106d-e861-448c-ab21-374271f7ff9a@group-46BDEAA1B97F: ConfigurationManager, init=-1: [aa06615a-c948-4cd3-931c-8686c8b6e07c:192.168.34.54:37413, 5e5e1231-907b-4901-a10f-8e3e242e34fe:192.168.34.54:36986, e69f106d-e861-448c-ab21-374271f7ff9a:192.168.34.54:34031], old=null, confs=<EMPTY_MAP>
2019-11-18 11:51:11,637 [pool-27-thread-1] INFO  server.RaftServerConfigKeys (ConfUtils.java:logGet(43)) - raft.server.storage.dir = [/workdir/hadoop-ozone/tools/target/test-dir/MiniOzoneClusterImpl-f1b2f89b-fe02-4b37-a0e6-f89ef9b3e531/datanode-0/data/ratis] (custom)
2019-11-18 11:51:11,637 [pool-27-thread-1] INFO  server.RaftServerConfigKeys (ConfUtils.java:logGet(43)) - raft.server.log.corruption.policy = EXCEPTION (default)
2019-11-18 11:51:11,637 [pool-27-thread-1] INFO  storage.RaftStorageDirectory (RaftStorageDirectory.java:analyzeStorage(246)) - The storage directory /workdir/hadoop-ozone/tools/target/test-dir/MiniOzoneClusterImpl-f1b2f89b-fe02-4b37-a0e6-f89ef9b3e531/datanode-0/data/ratis/78cf6ef2-6090-4b82-b865-46bdeaa1b97f does not exist. Creating ...
2019-11-18 11:51:11,651 [pool-27-thread-1] INFO  storage.RaftStorageDirectory (RaftStorageDirectory.java:tryLock(328)) - Lock on /workdir/hadoop-ozone/tools/target/test-dir/MiniOzoneClusterImpl-f1b2f89b-fe02-4b37-a0e6-f89ef9b3e531/datanode-0/data/ratis/78cf6ef2-6090-4b82-b865-46bdeaa1b97f/in_use.lock acquired by nodename 24874@pr-hdds-2533-t5tnj-349417245
2019-11-18 11:51:11,664 [pool-27-thread-1] INFO  storage.RaftStorage (RaftStorage.java:format(84)) - Storage directory /workdir/hadoop-ozone/tools/target/test-dir/MiniOzoneClusterImpl-f1b2f89b-fe02-4b37-a0e6-f89ef9b3e531/datanode-0/data/ratis/78cf6ef2-6090-4b82-b865-46bdeaa1b97f has been successfully formatted.
2019-11-18 11:51:11,664 [pool-27-thread-1] INFO  ratis.ContainerStateMachine (ContainerStateMachine.java:loadSnapshot(223)) - group-46BDEAA1B97F: The snapshot info is null. Setting the last applied indexto:(t:0, i:~)
2019-11-18 11:51:11,664 [pool-27-thread-1] INFO  server.RaftServerConfigKeys (ConfUtils.java:logGet(43)) - raft.server.notification.no-leader.timeout = 120s (custom)
2019-11-18 11:51:11,664 [pool-27-thread-1] INFO  server.RaftServerConfigKeys (ConfUtils.java:logGet(43)) - raft.server.log.use.memory = false (default)
2019-11-18 11:51:11,664 [pool-27-thread-1] INFO  server.RaftServerConfigKeys (ConfUtils.java:logGet(43)) - raft.server.log.purge.gap = 1000000 (custom)
2019-11-18 11:51:11,665 [pool-27-thread-1] INFO  server.RaftServerConfigKeys (ConfUtils.java:logGet(43)) - raft.server.log.appender.buffer.byte-limit = 33554432 (custom)
2019-11-18 11:51:11,665 [pool-27-thread-1] INFO  server.RaftServerConfigKeys (ConfUtils.java:logGet(43)) - raft.server.log.segment.size.max = 1048576 (custom)
2019-11-18 11:51:11,665 [pool-27-thread-1] INFO  server.RaftServerConfigKeys (ConfUtils.java:logGet(43)) - raft.server.log.segment.cache.num.max = 2 (custom)
2019-11-18 11:51:11,665 [pool-27-thread-1] INFO  segmented.SegmentedRaftLogWorker (SegmentedRaftLogWorker.java:<init>(173)) - new e69f106d-e861-448c-ab21-374271f7ff9a@group-46BDEAA1B97F-SegmentedRaftLogWorker for RaftStorage:Storage Directory /workdir/hadoop-ozone/tools/target/test-dir/MiniOzoneClusterImpl-f1b2f89b-fe02-4b37-a0e6-f89ef9b3e531/datanode-0/data/ratis/78cf6ef2-6090-4b82-b865-46bdeaa1b97f
2019-11-18 11:51:11,665 [pool-27-thread-1] INFO  server.RaftServerConfigKeys (ConfUtils.java:logGet(43)) - raft.server.log.queue.byte-limit = 2147483647 (custom)
2019-11-18 11:51:11,665 [pool-27-thread-1] INFO  server.RaftServerConfigKeys (ConfUtils.java:logGet(43)) - raft.server.log.queue.element-limit = 1024 (custom)
2019-11-18 11:51:11,665 [pool-27-thread-1] INFO  server.RaftServerConfigKeys (ConfUtils.java:logGet(43)) - raft.server.log.segment.size.max = 1048576 (custom)
2019-11-18 11:51:11,665 [pool-27-thread-1] INFO  server.RaftServerConfigKeys (ConfUtils.java:logGet(43)) - raft.server.log.preallocated.size = 16384 (custom)
2019-11-18 11:51:11,665 [pool-27-thread-1] INFO  server.RaftServerConfigKeys (ConfUtils.java:logGet(43)) - raft.server.log.write.buffer.size = 33554432 (custom)
2019-11-18 11:51:11,665 [pool-27-thread-1] INFO  server.RaftServerConfigKeys (ConfUtils.java:logGet(43)) - raft.server.log.force.sync.num = 128 (default)
2019-11-18 11:51:11,666 [pool-27-thread-1] INFO  server.RaftServerConfigKeys (ConfUtils.java:logGet(43)) - raft.server.log.statemachine.data.sync = true (default)
2019-11-18 11:51:11,666 [pool-27-thread-1] INFO  server.RaftServerConfigKeys (ConfUtils.java:logGet(43)) - raft.server.log.statemachine.data.sync.timeout = 10s (default)
2019-11-18 11:51:11,666 [pool-27-thread-1] INFO  server.RaftServerConfigKeys (ConfUtils.java:logGet(43)) - raft.server.log.statemachine.data.sync.timeout.retry = -1 (default)
2019-11-18 11:51:11,666 [pool-27-thread-1] INFO  server.RaftServerConfigKeys (ConfUtils.java:logGet(43)) - raft.server.log.statemachine.data.caching.enabled = true (custom)
2019-11-18 11:51:11,666 [pool-27-thread-1] INFO  segmented.SegmentedRaftLogWorker (SegmentedRaftLogWorker.java:lambda$new$0(128)) - e69f106d-e861-448c-ab21-374271f7ff9a@group-46BDEAA1B97F-SegmentedRaftLogWorker: flushIndex: setUnconditionally 0 -> -1
2019-11-18 11:51:11,667 [pool-27-thread-1] INFO  server.RaftServerConfigKeys (ConfUtils.java:logGet(43)) - raft.server.snapshot.auto.trigger.enabled = true (custom)
2019-11-18 11:51:11,667 [pool-27-thread-1] INFO  server.RaftServerConfigKeys (ConfUtils.java:logGet(43)) - raft.server.snapshot.auto.trigger.threshold = 10000 (custom)
2019-11-18 11:51:11,667 [pool-27-thread-1] INFO  server.RaftServerConfigKeys (ConfUtils.java:logGet(43)) - raft.server.snapshot.retention.file.num = 5 (custom)
2019-11-18 11:51:11,667 [pool-27-thread-1] INFO  server.RaftServerConfigKeys (ConfUtils.java:logGet(43)) - raft.server.retrycache.expirytime = 600000ms (custom)
2019-11-18 11:51:11,667 [pool-27-thread-1] WARN  impl.MetricRegistriesImpl (MetricRegistriesImpl.java:lambda$create$1(61)) - First MetricRegistry has been created without registering reporters. You may need to call MetricRegistries.global().addReportRegistration(...) before.
2019-11-18 11:51:11,667 [pool-27-thread-1] WARN  impl.MetricRegistriesImpl (MetricRegistriesImpl.java:lambda$create$1(61)) - First MetricRegistry has been created without registering reporters. You may need to call MetricRegistries.global().addReportRegistration(...) before.
2019-11-18 11:51:11,667 [pool-27-thread-1] INFO  impl.RaftServerImpl (RaftServerImpl.java:start(184)) - e69f106d-e861-448c-ab21-374271f7ff9a@group-46BDEAA1B97F: start as a follower, conf=-1: [aa06615a-c948-4cd3-931c-8686c8b6e07c:192.168.34.54:37413, 5e5e1231-907b-4901-a10f-8e3e242e34fe:192.168.34.54:36986, e69f106d-e861-448c-ab21-374271f7ff9a:192.168.34.54:34031], old=null
2019-11-18 11:51:11,667 [pool-27-thread-1] INFO  impl.RaftServerImpl (RaftServerImpl.java:setRole(173)) - e69f106d-e861-448c-ab21-374271f7ff9a@group-46BDEAA1B97F: changes role from      null to FOLLOWER at term 0 for startAsFollower
2019-11-18 11:51:11,667 [pool-27-thread-1] INFO  impl.RoleInfo (RoleInfo.java:updateAndGet(143)) - e69f106d-e861-448c-ab21-374271f7ff9a: start FollowerState
2019-11-18 11:51:11,668 [pool-27-thread-1] INFO  util.JmxRegister (JmxRegister.java:tryRegister(44)) - Successfully registered JMX Bean with object name Ratis:service=RaftServer,group=group-46BDEAA1B97F,id=e69f106d-e861-448c-ab21-374271f7ff9a
2019-11-18 11:51:11,668 [pool-27-thread-1] WARN  impl.MetricRegistriesImpl (MetricRegistriesImpl.java:lambda$create$1(61)) - First MetricRegistry has been created without registering reporters. You may need to call MetricRegistries.global().addReportRegistration(...) before.
2019-11-18 11:51:11,668 [Command processor thread] INFO  commandhandler.CreatePipelineCommandHandler (CreatePipelineCommandHandler.java:handle(86)) - Create Pipeline RATIS THREE #id: "78cf6ef2-6090-4b82-b865-46bdeaa1b97f"
 command succeed on datanode e69f106d-e861-448c-ab21-374271f7ff9a.
2019-11-18 11:51:11,670 [EventQueue-PipelineReportForPipelineReportHandler] INFO  pipeline.PipelineReportHandler (PipelineReportHandler.java:processPipelineReport(113)) - Pipeline THREE PipelineID=78cf6ef2-6090-4b82-b865-46bdeaa1b97f reported by e69f106d-e861-448c-ab21-374271f7ff9a{ip: 192.168.34.54, host: pr-hdds-2533-t5tnj-349417245, networkLocation: /default-rack, certSerialId: null}
 0.00% |?                                                                                                    |  0/1 Time: 0:00:03 0.00% |?                                                                                                    |  0/1 Time: 0:00:04 100.00% |?????????????????????????????????????????????????????????????????????????????????????????????????????|  1/1 Time: 0:00:05
2019-11-18 11:51:15,878 [Thread-469] INFO  impl.FollowerState (FollowerState.java:run(111)) - 5e5e1231-907b-4901-a10f-8e3e242e34fe@group-46BDEAA1B97F-FollowerState: change to CANDIDATE, lastRpcTime:5083ms, electionTimeout:5083ms
2019-11-18 11:51:15,878 [Thread-469] INFO  impl.RoleInfo (RoleInfo.java:shutdownFollowerState(121)) - 5e5e1231-907b-4901-a10f-8e3e242e34fe: shutdown FollowerState
2019-11-18 11:51:15,878 [Thread-469] INFO  impl.RaftServerImpl (RaftServerImpl.java:setRole(173)) - 5e5e1231-907b-4901-a10f-8e3e242e34fe@group-46BDEAA1B97F: changes role from  FOLLOWER to CANDIDATE at term 0 for changeToCandidate
2019-11-18 11:51:15,879 [Thread-469] INFO  impl.RoleInfo (RoleInfo.java:updateAndGet(143)) - 5e5e1231-907b-4901-a10f-8e3e242e34fe: start LeaderElection
2019-11-18 11:51:15,894 [5e5e1231-907b-4901-a10f-8e3e242e34fe@group-46BDEAA1B97F-LeaderElection9] INFO  impl.LeaderElection (LeaderElection.java:askForVotes(178)) - 5e5e1231-907b-4901-a10f-8e3e242e34fe@group-46BDEAA1B97F-LeaderElection9: begin an election at term 1 for -1: [aa06615a-c948-4cd3-931c-8686c8b6e07c:192.168.34.54:37413, 5e5e1231-907b-4901-a10f-8e3e242e34fe:192.168.34.54:36986, e69f106d-e861-448c-ab21-374271f7ff9a:192.168.34.54:34031], old=null
2019-11-18 11:51:15,899 [grpc-default-executor-1] INFO  impl.RaftServerImpl (RaftServerImpl.java:setRole(173)) - aa06615a-c948-4cd3-931c-8686c8b6e07c@group-46BDEAA1B97F: changes role from  FOLLOWER to FOLLOWER at term 1 for recognizeCandidate:5e5e1231-907b-4901-a10f-8e3e242e34fe
2019-11-18 11:51:15,899 [grpc-default-executor-4] INFO  impl.RaftServerImpl (RaftServerImpl.java:setRole(173)) - e69f106d-e861-448c-ab21-374271f7ff9a@group-46BDEAA1B97F: changes role from  FOLLOWER to FOLLOWER at term 1 for recognizeCandidate:5e5e1231-907b-4901-a10f-8e3e242e34fe
2019-11-18 11:51:15,899 [grpc-default-executor-1] INFO  impl.RoleInfo (RoleInfo.java:shutdownFollowerState(121)) - aa06615a-c948-4cd3-931c-8686c8b6e07c: shutdown FollowerState
2019-11-18 11:51:15,900 [grpc-default-executor-4] INFO  impl.RoleInfo (RoleInfo.java:shutdownFollowerState(121)) - e69f106d-e861-448c-ab21-374271f7ff9a: shutdown FollowerState
2019-11-18 11:51:15,900 [grpc-default-executor-1] INFO  impl.RoleInfo (RoleInfo.java:updateAndGet(143)) - aa06615a-c948-4cd3-931c-8686c8b6e07c: start FollowerState
2019-11-18 11:51:15,900 [Thread-470] INFO  impl.FollowerState (FollowerState.java:run(120)) - aa06615a-c948-4cd3-931c-8686c8b6e07c@group-46BDEAA1B97F-FollowerState was interrupted: java.lang.InterruptedException: sleep interrupted
2019-11-18 11:51:15,900 [grpc-default-executor-4] INFO  impl.RoleInfo (RoleInfo.java:updateAndGet(143)) - e69f106d-e861-448c-ab21-374271f7ff9a: start FollowerState
2019-11-18 11:51:15,900 [Thread-473] INFO  impl.FollowerState (FollowerState.java:run(120)) - e69f106d-e861-448c-ab21-374271f7ff9a@group-46BDEAA1B97F-FollowerState was interrupted: java.lang.InterruptedException: sleep interrupted
2019-11-18 11:51:15,924 [5e5e1231-907b-4901-a10f-8e3e242e34fe@group-46BDEAA1B97F-LeaderElection9] INFO  impl.LeaderElection (LeaderElection.java:logAndReturn(56)) - 5e5e1231-907b-4901-a10f-8e3e242e34fe@group-46BDEAA1B97F-LeaderElection9: Election PASSED; received 1 response(s) [5e5e1231-907b-4901-a10f-8e3e242e34fe<-e69f106d-e861-448c-ab21-374271f7ff9a#0:OK-t1] and 0 exception(s); 5e5e1231-907b-4901-a10f-8e3e242e34fe@group-46BDEAA1B97F:t1, leader=null, voted=5e5e1231-907b-4901-a10f-8e3e242e34fe, raftlog=5e5e1231-907b-4901-a10f-8e3e242e34fe@group-46BDEAA1B97F-SegmentedRaftLog:OPENED:c-1,f-1,i0, conf=-1: [aa06615a-c948-4cd3-931c-8686c8b6e07c:192.168.34.54:37413, 5e5e1231-907b-4901-a10f-8e3e242e34fe:192.168.34.54:36986, e69f106d-e861-448c-ab21-374271f7ff9a:192.168.34.54:34031], old=null
2019-11-18 11:51:15,924 [5e5e1231-907b-4901-a10f-8e3e242e34fe@group-46BDEAA1B97F-LeaderElection9] INFO  impl.RoleInfo (RoleInfo.java:shutdownLeaderElection(134)) - 5e5e1231-907b-4901-a10f-8e3e242e34fe: shutdown LeaderElection
2019-11-18 11:51:15,925 [5e5e1231-907b-4901-a10f-8e3e242e34fe@group-46BDEAA1B97F-LeaderElection9] INFO  impl.RaftServerImpl (RaftServerImpl.java:setRole(173)) - 5e5e1231-907b-4901-a10f-8e3e242e34fe@group-46BDEAA1B97F: changes role from CANDIDATE to LEADER at term 1 for changeToLeader
2019-11-18 11:51:15,926 [5e5e1231-907b-4901-a10f-8e3e242e34fe@group-46BDEAA1B97F-LeaderElection9] INFO  ratis.XceiverServerRatis (XceiverServerRatis.java:handleLeaderChangedNotification(733)) - Leader change notification received for group: group-46BDEAA1B97F with new leaderId: 5e5e1231-907b-4901-a10f-8e3e242e34fe
2019-11-18 11:51:15,926 [5e5e1231-907b-4901-a10f-8e3e242e34fe@group-46BDEAA1B97F-LeaderElection9] INFO  impl.RaftServerImpl (ServerState.java:setLeader(255)) - 5e5e1231-907b-4901-a10f-8e3e242e34fe@group-46BDEAA1B97F: change Leader from null to 5e5e1231-907b-4901-a10f-8e3e242e34fe at term 1 for becomeLeader, leader elected after 5141ms
2019-11-18 11:51:15,927 [5e5e1231-907b-4901-a10f-8e3e242e34fe@group-46BDEAA1B97F-LeaderElection9] INFO  server.RaftServerConfigKeys (ConfUtils.java:logGet(43)) - raft.server.staging.catchup.gap = 1000 (default)
2019-11-18 11:51:15,927 [5e5e1231-907b-4901-a10f-8e3e242e34fe@group-46BDEAA1B97F-LeaderElection9] INFO  server.RaftServerConfigKeys (ConfUtils.java:logGet(43)) - raft.server.rpc.sleep.time = 25ms (default)
2019-11-18 11:51:15,927 [5e5e1231-907b-4901-a10f-8e3e242e34fe@group-46BDEAA1B97F-LeaderElection9] INFO  server.RaftServerConfigKeys (ConfUtils.java:logGet(43)) - raft.server.write.element-limit = 4096 (default)
2019-11-18 11:51:15,927 [5e5e1231-907b-4901-a10f-8e3e242e34fe@group-46BDEAA1B97F-LeaderElection9] INFO  server.RaftServerConfigKeys (ConfUtils.java:logGet(43)) - raft.server.watch.timeout = 10s (default)
2019-11-18 11:51:15,928 [5e5e1231-907b-4901-a10f-8e3e242e34fe@group-46BDEAA1B97F-LeaderElection9] INFO  server.RaftServerConfigKeys (ConfUtils.java:logGet(43)) - raft.server.watch.timeout.denomination = 1s (default)
2019-11-18 11:51:15,928 [5e5e1231-907b-4901-a10f-8e3e242e34fe@group-46BDEAA1B97F-LeaderElection9] INFO  server.RaftServerConfigKeys (ConfUtils.java:logGet(43)) - raft.server.watch.element-limit = 65536 (default)
2019-11-18 11:51:15,928 [EventQueue-PipelineReportForPipelineReportHandler] INFO  pipeline.PipelineReportHandler (PipelineReportHandler.java:processPipelineReport(113)) - Pipeline THREE PipelineID=78cf6ef2-6090-4b82-b865-46bdeaa1b97f reported by 5e5e1231-907b-4901-a10f-8e3e242e34fe{ip: 192.168.34.54, host: pr-hdds-2533-t5tnj-349417245, networkLocation: /default-rack, certSerialId: null}
2019-11-18 11:51:15,929 [5e5e1231-907b-4901-a10f-8e3e242e34fe@group-46BDEAA1B97F-LeaderElection9] INFO  server.RaftServerConfigKeys (ConfUtils.java:logGet(43)) - raft.server.log.appender.snapshot.chunk.size.max = 16MB (=16777216) (default)
2019-11-18 11:51:15,929 [EventQueue-PipelineReportForPipelineReportHandler] INFO  pipeline.PipelineStateManager (PipelineStateManager.java:openPipeline(132)) - Pipeline Pipeline[ Id: 78cf6ef2-6090-4b82-b865-46bdeaa1b97f, Nodes: e69f106d-e861-448c-ab21-374271f7ff9a{ip: 192.168.34.54, host: pr-hdds-2533-t5tnj-349417245, networkLocation: /default-rack, certSerialId: null}5e5e1231-907b-4901-a10f-8e3e242e34fe{ip: 192.168.34.54, host: pr-hdds-2533-t5tnj-349417245, networkLocation: /default-rack, certSerialId: null}aa06615a-c948-4cd3-931c-8686c8b6e07c{ip: 192.168.34.54, host: pr-hdds-2533-t5tnj-349417245, networkLocation: /default-rack, certSerialId: null}, Type:RATIS, Factor:THREE, State:ALLOCATED] moved to OPEN state
2019-11-18 11:51:15,929 [5e5e1231-907b-4901-a10f-8e3e242e34fe@group-46BDEAA1B97F-LeaderElection9] INFO  server.RaftServerConfigKeys (ConfUtils.java:logGet(43)) - raft.server.log.appender.buffer.byte-limit = 33554432 (custom)
2019-11-18 11:51:15,930 [5e5e1231-907b-4901-a10f-8e3e242e34fe@group-46BDEAA1B97F-LeaderElection9] INFO  server.RaftServerConfigKeys (ConfUtils.java:logGet(43)) - raft.server.log.appender.buffer.element-limit = 1 (custom)
2019-11-18 11:51:15,930 [5e5e1231-907b-4901-a10f-8e3e242e34fe@group-46BDEAA1B97F-LeaderElection9] INFO  grpc.GrpcConfigKeys$Server (ConfUtils.java:logGet(43)) - raft.grpc.server.leader.outstanding.appends.max = 128 (default)
2019-11-18 11:51:15,931 [5e5e1231-907b-4901-a10f-8e3e242e34fe@group-46BDEAA1B97F-LeaderElection9] INFO  server.RaftServerConfigKeys (ConfUtils.java:logGet(43)) - raft.server.rpc.request.timeout = 3000ms (default)
2019-11-18 11:51:15,931 [5e5e1231-907b-4901-a10f-8e3e242e34fe@group-46BDEAA1B97F-LeaderElection9] INFO  server.RaftServerConfigKeys (ConfUtils.java:logGet(43)) - raft.server.log.appender.install.snapshot.enabled = false (custom)
2019-11-18 11:51:15,931 [5e5e1231-907b-4901-a10f-8e3e242e34fe@group-46BDEAA1B97F-LeaderElection9] WARN  impl.MetricRegistriesImpl (MetricRegistriesImpl.java:lambda$create$1(61)) - First MetricRegistry has been created without registering reporters. You may need to call MetricRegistries.global().addReportRegistration(...) before.
2019-11-18 11:51:15,932 [5e5e1231-907b-4901-a10f-8e3e242e34fe@group-46BDEAA1B97F-LeaderElection9] INFO  server.RaftServerConfigKeys (ConfUtils.java:logGet(43)) - raft.server.log.appender.snapshot.chunk.size.max = 16MB (=16777216) (default)
2019-11-18 11:51:15,932 [5e5e1231-907b-4901-a10f-8e3e242e34fe@group-46BDEAA1B97F-LeaderElection9] INFO  server.RaftServerConfigKeys (ConfUtils.java:logGet(43)) - raft.server.log.appender.buffer.byte-limit = 33554432 (custom)
2019-11-18 11:51:15,932 [5e5e1231-907b-4901-a10f-8e3e242e34fe@group-46BDEAA1B97F-LeaderElection9] INFO  server.RaftServerConfigKeys (ConfUtils.java:logGet(43)) - raft.server.log.appender.buffer.element-limit = 1 (custom)
2019-11-18 11:51:15,932 [5e5e1231-907b-4901-a10f-8e3e242e34fe@group-46BDEAA1B97F-LeaderElection9] INFO  grpc.GrpcConfigKeys$Server (ConfUtils.java:logGet(43)) - raft.grpc.server.leader.outstanding.appends.max = 128 (default)
2019-11-18 11:51:15,933 [5e5e1231-907b-4901-a10f-8e3e242e34fe@group-46BDEAA1B97F-LeaderElection9] INFO  server.RaftServerConfigKeys (ConfUtils.java:logGet(43)) - raft.server.rpc.request.timeout = 3000ms (default)
2019-11-18 11:51:15,933 [5e5e1231-907b-4901-a10f-8e3e242e34fe@group-46BDEAA1B97F-LeaderElection9] INFO  server.RaftServerConfigKeys (ConfUtils.java:logGet(43)) - raft.server.log.appender.install.snapshot.enabled = false (custom)
2019-11-18 11:51:15,933 [5e5e1231-907b-4901-a10f-8e3e242e34fe@group-46BDEAA1B97F-LeaderElection9] INFO  impl.RoleInfo (RoleInfo.java:updateAndGet(143)) - 5e5e1231-907b-4901-a10f-8e3e242e34fe: start LeaderState
2019-11-18 11:51:15,934 [5e5e1231-907b-4901-a10f-8e3e242e34fe@group-46BDEAA1B97F-LeaderElection9] INFO  segmented.SegmentedRaftLogWorker (SegmentedRaftLogWorker.java:startLogSegment(385)) - 5e5e1231-907b-4901-a10f-8e3e242e34fe@group-46BDEAA1B97F-SegmentedRaftLogWorker: Starting segment from index:0
2019-11-18 11:51:15,935 [5e5e1231-907b-4901-a10f-8e3e242e34fe@group-46BDEAA1B97F-LeaderElection9] INFO  impl.RaftServerImpl (ServerState.java:setRaftConf(356)) - 5e5e1231-907b-4901-a10f-8e3e242e34fe@group-46BDEAA1B97F: set configuration 0: [aa06615a-c948-4cd3-931c-8686c8b6e07c:192.168.34.54:37413, 5e5e1231-907b-4901-a10f-8e3e242e34fe:192.168.34.54:36986, e69f106d-e861-448c-ab21-374271f7ff9a:192.168.34.54:34031], old=null at 0
2019-11-18 11:51:15,972 [grpc-default-executor-1] INFO  ratis.XceiverServerRatis (XceiverServerRatis.java:handleLeaderChangedNotification(733)) - Leader change notification received for group: group-46BDEAA1B97F with new leaderId: 5e5e1231-907b-4901-a10f-8e3e242e34fe
2019-11-18 11:51:15,972 [grpc-default-executor-4] INFO  ratis.XceiverServerRatis (XceiverServerRatis.java:handleLeaderChangedNotification(733)) - Leader change notification received for group: group-46BDEAA1B97F with new leaderId: 5e5e1231-907b-4901-a10f-8e3e242e34fe
2019-11-18 11:51:15,973 [grpc-default-executor-1] INFO  impl.RaftServerImpl (ServerState.java:setLeader(255)) - aa06615a-c948-4cd3-931c-8686c8b6e07c@group-46BDEAA1B97F: change Leader from null to 5e5e1231-907b-4901-a10f-8e3e242e34fe at term 1 for appendEntries, leader elected after 5187ms
2019-11-18 11:51:15,973 [grpc-default-executor-4] INFO  impl.RaftServerImpl (ServerState.java:setLeader(255)) - e69f106d-e861-448c-ab21-374271f7ff9a@group-46BDEAA1B97F: change Leader from null to 5e5e1231-907b-4901-a10f-8e3e242e34fe at term 1 for appendEntries, leader elected after 4307ms
2019-11-18 11:51:15,978 [grpc-default-executor-1] INFO  impl.RaftServerImpl (ServerState.java:setRaftConf(356)) - e69f106d-e861-448c-ab21-374271f7ff9a@group-46BDEAA1B97F: set configuration 0: [aa06615a-c948-4cd3-931c-8686c8b6e07c:192.168.34.54:37413, 5e5e1231-907b-4901-a10f-8e3e242e34fe:192.168.34.54:36986, e69f106d-e861-448c-ab21-374271f7ff9a:192.168.34.54:34031], old=null at 0
2019-11-18 11:51:15,978 [grpc-default-executor-4] INFO  impl.RaftServerImpl (ServerState.java:setRaftConf(356)) - aa06615a-c948-4cd3-931c-8686c8b6e07c@group-46BDEAA1B97F: set configuration 0: [aa06615a-c948-4cd3-931c-8686c8b6e07c:192.168.34.54:37413, 5e5e1231-907b-4901-a10f-8e3e242e34fe:192.168.34.54:36986, e69f106d-e861-448c-ab21-374271f7ff9a:192.168.34.54:34031], old=null at 0
2019-11-18 11:51:15,978 [grpc-default-executor-1] INFO  segmented.SegmentedRaftLogWorker (SegmentedRaftLogWorker.java:startLogSegment(385)) - e69f106d-e861-448c-ab21-374271f7ff9a@group-46BDEAA1B97F-SegmentedRaftLogWorker: Starting segment from index:0
2019-11-18 11:51:15,978 [grpc-default-executor-4] INFO  segmented.SegmentedRaftLogWorker (SegmentedRaftLogWorker.java:startLogSegment(385)) - aa06615a-c948-4cd3-931c-8686c8b6e07c@group-46BDEAA1B97F-SegmentedRaftLogWorker: Starting segment from index:0
2019-11-18 11:51:15,981 [5e5e1231-907b-4901-a10f-8e3e242e34fe@group-46BDEAA1B97F-SegmentedRaftLogWorker] INFO  segmented.SegmentedRaftLogWorker (SegmentedRaftLogWorker.java:execute(576)) - 5e5e1231-907b-4901-a10f-8e3e242e34fe@group-46BDEAA1B97F-SegmentedRaftLogWorker: created new log segment /workdir/hadoop-ozone/tools/target/test-dir/MiniOzoneClusterImpl-f1b2f89b-fe02-4b37-a0e6-f89ef9b3e531/datanode-1/data/ratis/78cf6ef2-6090-4b82-b865-46bdeaa1b97f/current/log_inprogress_0
2019-11-18 11:51:16,018 [aa06615a-c948-4cd3-931c-8686c8b6e07c@group-46BDEAA1B97F-SegmentedRaftLogWorker] INFO  segmented.SegmentedRaftLogWorker (SegmentedRaftLogWorker.java:execute(576)) - aa06615a-c948-4cd3-931c-8686c8b6e07c@group-46BDEAA1B97F-SegmentedRaftLogWorker: created new log segment /workdir/hadoop-ozone/tools/target/test-dir/MiniOzoneClusterImpl-f1b2f89b-fe02-4b37-a0e6-f89ef9b3e531/datanode-2/data/ratis/78cf6ef2-6090-4b82-b865-46bdeaa1b97f/current/log_inprogress_0
2019-11-18 11:51:16,018 [e69f106d-e861-448c-ab21-374271f7ff9a@group-46BDEAA1B97F-SegmentedRaftLogWorker] INFO  segmented.SegmentedRaftLogWorker (SegmentedRaftLogWorker.java:execute(576)) - e69f106d-e861-448c-ab21-374271f7ff9a@group-46BDEAA1B97F-SegmentedRaftLogWorker: created new log segment /workdir/hadoop-ozone/tools/target/test-dir/MiniOzoneClusterImpl-f1b2f89b-fe02-4b37-a0e6-f89ef9b3e531/datanode-0/data/ratis/78cf6ef2-6090-4b82-b865-46bdeaa1b97f/current/log_inprogress_0
]]></system-out>
    <system-err><![CDATA[ERROR StatusLogger No Log4j 2 configuration file found. Using default configuration (logging only errors to the console), or user programmatically provided configurations. Set system property 'log4j2.debug' to show Log4j 2 internal initialization logging. See https://logging.apache.org/log4j/2.x/manual/configuration.html for instructions on how to configure Log4j 2
]]></system-err>
  </testcase>
</testsuite>