<?xml version="1.0" encoding="UTF-8"?>
<testsuite xmlns:xsi="http://www.w3.org/2001/XMLSchema-instance" xsi:noNamespaceSchemaLocation="https://maven.apache.org/surefire/maven-surefire-plugin/xsd/surefire-test-report.xsd" name="org.apache.hadoop.ozone.client.rpc.TestDeleteWithSlowFollower" time="134.426" tests="1" errors="0" skipped="0" failures="1">
  <properties>
    <property name="awt.toolkit" value="sun.awt.X11.XToolkit"/>
    <property name="file.encoding.pkg" value="sun.io"/>
    <property name="java.specification.version" value="1.8"/>
    <property name="sun.cpu.isalist" value=""/>
    <property name="sun.jnu.encoding" value="ANSI_X3.4-1968"/>
    <property name="java.class.path" value="/workdir/hadoop-ozone/integration-test/target/test-classes:/workdir/hadoop-ozone/integration-test/target/classes:/home/user/.m2/repository/org/apache/hadoop/hadoop-ozone-common/0.5.0-SNAPSHOT/hadoop-ozone-common-0.5.0-SNAPSHOT.jar:/home/user/.m2/repository/org/apache/commons/commons-compress/1.4.1/commons-compress-1.4.1.jar:/home/user/.m2/repository/org/tukaani/xz/1.0/xz-1.0.jar:/home/user/.m2/repository/org/apache/hadoop/hadoop-common/3.2.0/hadoop-common-3.2.0.jar:/home/user/.m2/repository/org/apache/hadoop/hadoop-hdfs/3.2.0/hadoop-hdfs-3.2.0.jar:/home/user/.m2/repository/org/apache/hadoop/hadoop-hdfs-client/3.2.0/hadoop-hdfs-client-3.2.0.jar:/home/user/.m2/repository/com/fasterxml/jackson/core/jackson-annotations/2.9.9/jackson-annotations-2.9.9.jar:/home/user/.m2/repository/org/apache/hadoop/hadoop-hdds-common/0.5.0-SNAPSHOT/hadoop-hdds-common-0.5.0-SNAPSHOT.jar:/home/user/.m2/repository/javax/annotation/javax.annotation-api/1.2/javax.annotation-api-1.2.jar:/home/user/.m2/repository/org/apache/ratis/ratis-server/0.5.0-3f446aa-SNAPSHOT/ratis-server-0.5.0-3f446aa-SNAPSHOT.jar:/home/user/.m2/repository/org/apache/ratis/ratis-thirdparty-misc/0.2.0/ratis-thirdparty-misc-0.2.0.jar:/home/user/.m2/repository/org/apache/ratis/ratis-proto/0.5.0-3f446aa-SNAPSHOT/ratis-proto-0.5.0-3f446aa-SNAPSHOT.jar:/home/user/.m2/repository/org/apache/ratis/ratis-common/0.5.0-3f446aa-SNAPSHOT/ratis-common-0.5.0-3f446aa-SNAPSHOT.jar:/home/user/.m2/repository/org/apache/ratis/ratis-client/0.5.0-3f446aa-SNAPSHOT/ratis-client-0.5.0-3f446aa-SNAPSHOT.jar:/home/user/.m2/repository/org/apache/ratis/ratis-metrics/0.5.0-3f446aa-SNAPSHOT/ratis-metrics-0.5.0-3f446aa-SNAPSHOT.jar:/home/user/.m2/repository/com/github/joshelser/dropwizard-metrics-hadoop-metrics2-reporter/0.1.2/dropwizard-metrics-hadoop-metrics2-reporter-0.1.2.jar:/home/user/.m2/repository/io/dropwizard/metrics/metrics-jvm/3.2.5/metrics-jvm-3.2.5.jar:/home/user/.m2/repository/io/dropwizard/metrics/metrics-ganglia/3.2.5/metrics-ganglia-3.2.5.jar:/home/user/.m2/repository/info/ganglia/gmetric4j/gmetric4j/1.0.7/gmetric4j-1.0.7.jar:/home/user/.m2/repository/org/apache/ratis/ratis-netty/0.5.0-3f446aa-SNAPSHOT/ratis-netty-0.5.0-3f446aa-SNAPSHOT.jar:/home/user/.m2/repository/org/apache/ratis/ratis-grpc/0.5.0-3f446aa-SNAPSHOT/ratis-grpc-0.5.0-3f446aa-SNAPSHOT.jar:/home/user/.m2/repository/org/rocksdb/rocksdbjni/6.0.1/rocksdbjni-6.0.1.jar:/home/user/.m2/repository/org/apache/logging/log4j/log4j-api/2.11.0/log4j-api-2.11.0.jar:/home/user/.m2/repository/org/apache/logging/log4j/log4j-core/2.11.0/log4j-core-2.11.0.jar:/home/user/.m2/repository/com/lmax/disruptor/3.4.2/disruptor-3.4.2.jar:/home/user/.m2/repository/org/apache/commons/commons-pool2/2.6.0/commons-pool2-2.6.0.jar:/home/user/.m2/repository/org/bouncycastle/bcpkix-jdk15on/1.60/bcpkix-jdk15on-1.60.jar:/home/user/.m2/repository/commons-validator/commons-validator/1.6/commons-validator-1.6.jar:/home/user/.m2/repository/commons-digester/commons-digester/1.8.1/commons-digester-1.8.1.jar:/home/user/.m2/repository/io/jaegertracing/jaeger-client/0.34.0/jaeger-client-0.34.0.jar:/home/user/.m2/repository/io/jaegertracing/jaeger-thrift/0.34.0/jaeger-thrift-0.34.0.jar:/home/user/.m2/repository/org/apache/thrift/libthrift/0.12.0/libthrift-0.12.0.jar:/home/user/.m2/repository/com/squareup/okhttp3/okhttp/3.9.0/okhttp-3.9.0.jar:/home/user/.m2/repository/com/squareup/okio/okio/1.13.0/okio-1.13.0.jar:/home/user/.m2/repository/io/jaegertracing/jaeger-core/0.34.0/jaeger-core-0.34.0.jar:/home/user/.m2/repository/io/jaegertracing/jaeger-tracerresolver/0.34.0/jaeger-tracerresolver-0.34.0.jar:/home/user/.m2/repository/io/opentracing/contrib/opentracing-tracerresolver/0.1.5/opentracing-tracerresolver-0.1.5.jar:/home/user/.m2/repository/io/opentracing/opentracing-util/0.31.0/opentracing-util-0.31.0.jar:/home/user/.m2/repository/io/opentracing/opentracing-api/0.31.0/opentracing-api-0.31.0.jar:/home/user/.m2/repository/io/opentracing/opentracing-noop/0.31.0/opentracing-noop-0.31.0.jar:/home/user/.m2/repository/org/apache/hadoop/hadoop-hdds-server-framework/0.5.0-SNAPSHOT/hadoop-hdds-server-framework-0.5.0-SNAPSHOT.jar:/home/user/.m2/repository/org/apache/hadoop/hadoop-hdds-container-service/0.5.0-SNAPSHOT/hadoop-hdds-container-service-0.5.0-SNAPSHOT.jar:/home/user/.m2/repository/org/apache/hadoop/hadoop-hdds-client/0.5.0-SNAPSHOT/hadoop-hdds-client-0.5.0-SNAPSHOT.jar:/home/user/.m2/repository/org/apache/hadoop/hadoop-hdds-tools/0.5.0-SNAPSHOT/hadoop-hdds-tools-0.5.0-SNAPSHOT.jar:/home/user/.m2/repository/org/apache/hadoop/hadoop-hdds-server-scm/0.5.0-SNAPSHOT/hadoop-hdds-server-scm-0.5.0-SNAPSHOT.jar:/home/user/.m2/repository/org/apache/hadoop/hadoop-hdds-docs/0.5.0-SNAPSHOT/hadoop-hdds-docs-0.5.0-SNAPSHOT.jar:/home/user/.m2/repository/io/dropwizard/metrics/metrics-core/3.2.4/metrics-core-3.2.4.jar:/home/user/.m2/repository/org/hamcrest/hamcrest-all/1.3/hamcrest-all-1.3.jar:/home/user/.m2/repository/org/bouncycastle/bcprov-jdk15on/1.60/bcprov-jdk15on-1.60.jar:/home/user/.m2/repository/info/picocli/picocli/3.9.6/picocli-3.9.6.jar:/home/user/.m2/repository/com/google/protobuf/protobuf-java/2.5.0/protobuf-java-2.5.0.jar:/home/user/.m2/repository/com/google/guava/guava/11.0.2/guava-11.0.2.jar:/home/user/.m2/repository/org/apache/hadoop/hadoop-ozone-ozone-manager/0.5.0-SNAPSHOT/hadoop-ozone-ozone-manager-0.5.0-SNAPSHOT.jar:/home/user/.m2/repository/org/apache/hadoop/hadoop-minikdc/3.2.0/hadoop-minikdc-3.2.0.jar:/home/user/.m2/repository/commons-io/commons-io/2.5/commons-io-2.5.jar:/home/user/.m2/repository/org/apache/kerby/kerb-simplekdc/1.0.1/kerb-simplekdc-1.0.1.jar:/home/user/.m2/repository/org/apache/kerby/kerb-client/1.0.1/kerb-client-1.0.1.jar:/home/user/.m2/repository/org/apache/kerby/kerby-config/1.0.1/kerby-config-1.0.1.jar:/home/user/.m2/repository/org/apache/kerby/kerb-core/1.0.1/kerb-core-1.0.1.jar:/home/user/.m2/repository/org/apache/kerby/kerby-pkix/1.0.1/kerby-pkix-1.0.1.jar:/home/user/.m2/repository/org/apache/kerby/kerby-asn1/1.0.1/kerby-asn1-1.0.1.jar:/home/user/.m2/repository/org/apache/kerby/kerby-util/1.0.1/kerby-util-1.0.1.jar:/home/user/.m2/repository/org/apache/kerby/kerb-common/1.0.1/kerb-common-1.0.1.jar:/home/user/.m2/repository/org/apache/kerby/kerb-crypto/1.0.1/kerb-crypto-1.0.1.jar:/home/user/.m2/repository/org/apache/kerby/kerb-util/1.0.1/kerb-util-1.0.1.jar:/home/user/.m2/repository/org/apache/kerby/token-provider/1.0.1/token-provider-1.0.1.jar:/home/user/.m2/repository/org/apache/kerby/kerb-admin/1.0.1/kerb-admin-1.0.1.jar:/home/user/.m2/repository/org/apache/kerby/kerb-server/1.0.1/kerb-server-1.0.1.jar:/home/user/.m2/repository/org/apache/kerby/kerb-identity/1.0.1/kerb-identity-1.0.1.jar:/home/user/.m2/repository/org/apache/kerby/kerby-xdr/1.0.1/kerby-xdr-1.0.1.jar:/home/user/.m2/repository/org/slf4j/slf4j-log4j12/1.7.25/slf4j-log4j12-1.7.25.jar:/home/user/.m2/repository/org/apache/hadoop/hadoop-ozone-s3gateway/0.5.0-SNAPSHOT/hadoop-ozone-s3gateway-0.5.0-SNAPSHOT.jar:/home/user/.m2/repository/org/jboss/weld/servlet/weld-servlet/2.4.7.Final/weld-servlet-2.4.7.Final.jar:/home/user/.m2/repository/org/glassfish/jersey/containers/jersey-container-servlet-core/2.27/jersey-container-servlet-core-2.27.jar:/home/user/.m2/repository/org/glassfish/hk2/external/javax.inject/2.5.0-b42/javax.inject-2.5.0-b42.jar:/home/user/.m2/repository/org/glassfish/jersey/core/jersey-common/2.27/jersey-common-2.27.jar:/home/user/.m2/repository/org/glassfish/hk2/osgi-resource-locator/1.0.1/osgi-resource-locator-1.0.1.jar:/home/user/.m2/repository/javax/ws/rs/javax.ws.rs-api/2.1/javax.ws.rs-api-2.1.jar:/home/user/.m2/repository/org/glassfish/jersey/ext/cdi/jersey-cdi1x/2.27/jersey-cdi1x-2.27.jar:/home/user/.m2/repository/org/glassfish/jersey/inject/jersey-hk2/2.27/jersey-hk2-2.27.jar:/home/user/.m2/repository/org/glassfish/hk2/hk2-locator/2.5.0-b42/hk2-locator-2.5.0-b42.jar:/home/user/.m2/repository/org/javassist/javassist/3.22.0-CR2/javassist-3.22.0-CR2.jar:/home/user/.m2/repository/org/glassfish/hk2/hk2-api/2.5.0/hk2-api-2.5.0.jar:/home/user/.m2/repository/org/glassfish/hk2/external/jakarta.inject/2.5.0/jakarta.inject-2.5.0.jar:/home/user/.m2/repository/org/glassfish/hk2/hk2-utils/2.5.0/hk2-utils-2.5.0.jar:/home/user/.m2/repository/jakarta/annotation/jakarta.annotation-api/1.3.4/jakarta.annotation-api-1.3.4.jar:/home/user/.m2/repository/org/glassfish/hk2/external/aopalliance-repackaged/2.5.0/aopalliance-repackaged-2.5.0.jar:/home/user/.m2/repository/com/fasterxml/jackson/dataformat/jackson-dataformat-xml/2.9.0/jackson-dataformat-xml-2.9.0.jar:/home/user/.m2/repository/com/fasterxml/jackson/core/jackson-core/2.9.9/jackson-core-2.9.9.jar:/home/user/.m2/repository/com/fasterxml/jackson/module/jackson-module-jaxb-annotations/2.9.9/jackson-module-jaxb-annotations-2.9.9.jar:/home/user/.m2/repository/javax/enterprise/cdi-api/1.2/cdi-api-1.2.jar:/home/user/.m2/repository/javax/el/javax.el-api/3.0.0/javax.el-api-3.0.0.jar:/home/user/.m2/repository/javax/interceptor/javax.interceptor-api/1.2/javax.interceptor-api-1.2.jar:/home/user/.m2/repository/javax/inject/javax.inject/1/javax.inject-1.jar:/home/user/.m2/repository/com/sun/xml/bind/jaxb-impl/2.3.0.1/jaxb-impl-2.3.0.1.jar:/home/user/.m2/repository/com/sun/xml/bind/jaxb-core/2.3.0.1/jaxb-core-2.3.0.1.jar:/home/user/.m2/repository/javax/xml/bind/jaxb-api/2.3.0/jaxb-api-2.3.0.jar:/home/user/.m2/repository/javax/activation/activation/1.1.1/activation-1.1.1.jar:/home/user/.m2/repository/org/apache/hadoop/hadoop-ozone-csi/0.5.0-SNAPSHOT/hadoop-ozone-csi-0.5.0-SNAPSHOT.jar:/home/user/.m2/repository/com/google/protobuf/protobuf-java-util/3.5.1/protobuf-java-util-3.5.1.jar:/home/user/.m2/repository/org/apache/hadoop/hadoop-hdds-config/0.5.0-SNAPSHOT/hadoop-hdds-config-0.5.0-SNAPSHOT.jar:/home/user/.m2/repository/io/grpc/grpc-netty/1.17.1/grpc-netty-1.17.1.jar:/home/user/.m2/repository/io/grpc/grpc-core/1.17.1/grpc-core-1.17.1.jar:/home/user/.m2/repository/io/grpc/grpc-context/1.17.1/grpc-context-1.17.1.jar:/home/user/.m2/repository/com/google/errorprone/error_prone_annotations/2.2.0/error_prone_annotations-2.2.0.jar:/home/user/.m2/repository/org/codehaus/mojo/animal-sniffer-annotations/1.17/animal-sniffer-annotations-1.17.jar:/home/user/.m2/repository/io/opencensus/opencensus-api/0.17.0/opencensus-api-0.17.0.jar:/home/user/.m2/repository/io/opencensus/opencensus-contrib-grpc-metrics/0.17.0/opencensus-contrib-grpc-metrics-0.17.0.jar:/home/user/.m2/repository/io/netty/netty-codec-http2/4.1.30.Final/netty-codec-http2-4.1.30.Final.jar:/home/user/.m2/repository/io/netty/netty-codec-http/4.1.30.Final/netty-codec-http-4.1.30.Final.jar:/home/user/.m2/repository/io/netty/netty-codec/4.1.30.Final/netty-codec-4.1.30.Final.jar:/home/user/.m2/repository/io/netty/netty-handler/4.1.30.Final/netty-handler-4.1.30.Final.jar:/home/user/.m2/repository/io/netty/netty-handler-proxy/4.1.30.Final/netty-handler-proxy-4.1.30.Final.jar:/home/user/.m2/repository/io/netty/netty-codec-socks/4.1.30.Final/netty-codec-socks-4.1.30.Final.jar:/home/user/.m2/repository/io/netty/netty-transport-native-epoll/4.1.30.Final/netty-transport-native-epoll-4.1.30.Final.jar:/home/user/.m2/repository/io/netty/netty-common/4.1.30.Final/netty-common-4.1.30.Final.jar:/home/user/.m2/repository/io/netty/netty-buffer/4.1.30.Final/netty-buffer-4.1.30.Final.jar:/home/user/.m2/repository/io/netty/netty-transport/4.1.30.Final/netty-transport-4.1.30.Final.jar:/home/user/.m2/repository/io/netty/netty-resolver/4.1.30.Final/netty-resolver-4.1.30.Final.jar:/home/user/.m2/repository/io/netty/netty-transport-native-unix-common/4.1.30.Final/netty-transport-native-unix-common-4.1.30.Final.jar:/home/user/.m2/repository/io/grpc/grpc-protobuf/1.17.1/grpc-protobuf-1.17.1.jar:/home/user/.m2/repository/com/google/api/grpc/proto-google-common-protos/1.0.0/proto-google-common-protos-1.0.0.jar:/home/user/.m2/repository/io/grpc/grpc-protobuf-lite/1.17.1/grpc-protobuf-lite-1.17.1.jar:/home/user/.m2/repository/io/grpc/grpc-stub/1.17.1/grpc-stub-1.17.1.jar:/home/user/.m2/repository/org/apache/hadoop/hadoop-ozone-recon/0.5.0-SNAPSHOT/hadoop-ozone-recon-0.5.0-SNAPSHOT.jar:/home/user/.m2/repository/org/apache/hadoop/hadoop-ozone-reconcodegen/0.5.0-SNAPSHOT/hadoop-ozone-reconcodegen-0.5.0-SNAPSHOT.jar:/home/user/.m2/repository/com/google/inject/extensions/guice-multibindings/4.0/guice-multibindings-4.0.jar:/home/user/.m2/repository/com/google/inject/guice/4.0/guice-4.0.jar:/home/user/.m2/repository/aopalliance/aopalliance/1.0/aopalliance-1.0.jar:/home/user/.m2/repository/com/google/inject/extensions/guice-servlet/4.0/guice-servlet-4.0.jar:/home/user/.m2/repository/org/glassfish/jersey/containers/jersey-container-servlet/2.27/jersey-container-servlet-2.27.jar:/home/user/.m2/repository/org/glassfish/hk2/guice-bridge/2.5.0/guice-bridge-2.5.0.jar:/home/user/.m2/repository/org/glassfish/jersey/core/jersey-server/2.27/jersey-server-2.27.jar:/home/user/.m2/repository/org/glassfish/jersey/core/jersey-client/2.27/jersey-client-2.27.jar:/home/user/.m2/repository/org/glassfish/jersey/media/jersey-media-jaxb/2.27/jersey-media-jaxb-2.27.jar:/home/user/.m2/repository/javax/validation/validation-api/1.1.0.Final/validation-api-1.1.0.Final.jar:/home/user/.m2/repository/org/glassfish/jersey/media/jersey-media-json-jackson/2.27/jersey-media-json-jackson-2.27.jar:/home/user/.m2/repository/org/glassfish/jersey/ext/jersey-entity-filtering/2.27/jersey-entity-filtering-2.27.jar:/home/user/.m2/repository/com/google/inject/extensions/guice-assistedinject/4.0/guice-assistedinject-4.0.jar:/home/user/.m2/repository/org/jooq/jooq/3.11.10/jooq-3.11.10.jar:/home/user/.m2/repository/org/jooq/jooq-meta/3.11.10/jooq-meta-3.11.10.jar:/home/user/.m2/repository/org/jooq/jooq-codegen/3.11.10/jooq-codegen-3.11.10.jar:/home/user/.m2/repository/com/jolbox/bonecp/0.8.0.RELEASE/bonecp-0.8.0.RELEASE.jar:/home/user/.m2/repository/org/xerial/sqlite-jdbc/3.25.2/sqlite-jdbc-3.25.2.jar:/home/user/.m2/repository/org/springframework/spring-jdbc/5.1.3.RELEASE/spring-jdbc-5.1.3.RELEASE.jar:/home/user/.m2/repository/org/springframework/spring-beans/5.1.3.RELEASE/spring-beans-5.1.3.RELEASE.jar:/home/user/.m2/repository/org/springframework/spring-core/5.1.3.RELEASE/spring-core-5.1.3.RELEASE.jar:/home/user/.m2/repository/org/springframework/spring-jcl/5.1.3.RELEASE/spring-jcl-5.1.3.RELEASE.jar:/home/user/.m2/repository/org/springframework/spring-tx/5.1.3.RELEASE/spring-tx-5.1.3.RELEASE.jar:/home/user/.m2/repository/org/apache/hadoop/hadoop-ozone-client/0.5.0-SNAPSHOT/hadoop-ozone-client-0.5.0-SNAPSHOT.jar:/home/user/.m2/repository/commons-lang/commons-lang/2.6/commons-lang-2.6.jar:/home/user/.m2/repository/org/apache/hadoop/hadoop-ozone-ozone-manager/0.5.0-SNAPSHOT/hadoop-ozone-ozone-manager-0.5.0-SNAPSHOT-tests.jar:/home/user/.m2/repository/junit/junit/4.11/junit-4.11.jar:/home/user/.m2/repository/org/hamcrest/hamcrest-core/1.3/hamcrest-core-1.3.jar:/home/user/.m2/repository/org/openjdk/jmh/jmh-core/1.19/jmh-core-1.19.jar:/home/user/.m2/repository/net/sf/jopt-simple/jopt-simple/4.6/jopt-simple-4.6.jar:/home/user/.m2/repository/org/apache/commons/commons-math3/3.1.1/commons-math3-3.1.1.jar:/home/user/.m2/repository/org/openjdk/jmh/jmh-generator-annprocess/1.19/jmh-generator-annprocess-1.19.jar:/home/user/.m2/repository/org/mockito/mockito-all/1.8.5/mockito-all-1.8.5.jar:/home/user/.m2/repository/org/apache/hadoop/hadoop-kms/3.2.0/hadoop-kms-3.2.0.jar:/home/user/.m2/repository/org/apache/hadoop/hadoop-auth/3.2.0/hadoop-auth-3.2.0.jar:/home/user/.m2/repository/com/nimbusds/nimbus-jose-jwt/4.41.1/nimbus-jose-jwt-4.41.1.jar:/home/user/.m2/repository/com/github/stephenc/jcip/jcip-annotations/1.0-1/jcip-annotations-1.0-1.jar:/home/user/.m2/repository/net/minidev/json-smart/2.3/json-smart-2.3.jar:/home/user/.m2/repository/net/minidev/accessors-smart/1.2/accessors-smart-1.2.jar:/home/user/.m2/repository/org/ow2/asm/asm/5.0.4/asm-5.0.4.jar:/home/user/.m2/repository/org/apache/curator/curator-framework/2.12.0/curator-framework-2.12.0.jar:/home/user/.m2/repository/com/sun/jersey/jersey-core/1.19/jersey-core-1.19.jar:/home/user/.m2/repository/javax/ws/rs/jsr311-api/1.1.1/jsr311-api-1.1.1.jar:/home/user/.m2/repository/com/sun/jersey/jersey-server/1.19/jersey-server-1.19.jar:/home/user/.m2/repository/javax/servlet/javax.servlet-api/3.1.0/javax.servlet-api-3.1.0.jar:/home/user/.m2/repository/org/eclipse/jetty/jetty-server/9.3.25.v20180904/jetty-server-9.3.25.v20180904.jar:/home/user/.m2/repository/org/eclipse/jetty/jetty-http/9.3.25.v20180904/jetty-http-9.3.25.v20180904.jar:/home/user/.m2/repository/org/eclipse/jetty/jetty-io/9.3.25.v20180904/jetty-io-9.3.25.v20180904.jar:/home/user/.m2/repository/org/eclipse/jetty/jetty-webapp/9.3.25.v20180904/jetty-webapp-9.3.25.v20180904.jar:/home/user/.m2/repository/org/eclipse/jetty/jetty-xml/9.3.25.v20180904/jetty-xml-9.3.25.v20180904.jar:/home/user/.m2/repository/log4j/log4j/1.2.17/log4j-1.2.17.jar:/home/user/.m2/repository/org/slf4j/slf4j-api/1.7.25/slf4j-api-1.7.25.jar:/home/user/.m2/repository/org/slf4j/jul-to-slf4j/1.7.25/jul-to-slf4j-1.7.25.jar:/home/user/.m2/repository/org/eclipse/jetty/jetty-util/9.3.25.v20180904/jetty-util-9.3.25.v20180904.jar:/home/user/.m2/repository/com/fasterxml/jackson/core/jackson-databind/2.9.9/jackson-databind-2.9.9.jar:/home/user/.m2/repository/org/apache/hadoop/hadoop-kms/3.2.0/hadoop-kms-3.2.0-tests.jar:/home/user/.m2/repository/org/apache/hadoop/hadoop-hdds-server-scm/0.5.0-SNAPSHOT/hadoop-hdds-server-scm-0.5.0-SNAPSHOT-tests.jar:/home/user/.m2/repository/org/apache/hadoop/hadoop-hdds-container-service/0.5.0-SNAPSHOT/hadoop-hdds-container-service-0.5.0-SNAPSHOT-tests.jar:/home/user/.m2/repository/org/yaml/snakeyaml/1.16/snakeyaml-1.16.jar:/home/user/.m2/repository/org/apache/hadoop/hadoop-common/3.2.0/hadoop-common-3.2.0-tests.jar:/home/user/.m2/repository/org/apache/hadoop/hadoop-annotations/3.2.0/hadoop-annotations-3.2.0.jar:/usr/lib/jvm/java-1.8.0-openjdk-1.8.0.222.b10-1.el7_7.x86_64/jre/../lib/tools.jar:/home/user/.m2/repository/commons-cli/commons-cli/1.2/commons-cli-1.2.jar:/home/user/.m2/repository/org/apache/httpcomponents/httpclient/4.5.2/httpclient-4.5.2.jar:/home/user/.m2/repository/org/apache/httpcomponents/httpcore/4.4.4/httpcore-4.4.4.jar:/home/user/.m2/repository/commons-codec/commons-codec/1.11/commons-codec-1.11.jar:/home/user/.m2/repository/commons-net/commons-net/3.6/commons-net-3.6.jar:/home/user/.m2/repository/commons-collections/commons-collections/3.2.2/commons-collections-3.2.2.jar:/home/user/.m2/repository/org/eclipse/jetty/jetty-servlet/9.3.25.v20180904/jetty-servlet-9.3.25.v20180904.jar:/home/user/.m2/repository/org/eclipse/jetty/jetty-security/9.3.25.v20180904/jetty-security-9.3.25.v20180904.jar:/home/user/.m2/repository/javax/servlet/jsp/jsp-api/2.1/jsp-api-2.1.jar:/home/user/.m2/repository/com/sun/jersey/jersey-servlet/1.19/jersey-servlet-1.19.jar:/home/user/.m2/repository/com/sun/jersey/jersey-json/1.19/jersey-json-1.19.jar:/home/user/.m2/repository/org/codehaus/jettison/jettison/1.1/jettison-1.1.jar:/home/user/.m2/repository/org/codehaus/jackson/jackson-core-asl/1.9.13/jackson-core-asl-1.9.13.jar:/home/user/.m2/repository/org/codehaus/jackson/jackson-mapper-asl/1.9.13/jackson-mapper-asl-1.9.13.jar:/home/user/.m2/repository/org/codehaus/jackson/jackson-jaxrs/1.9.13/jackson-jaxrs-1.9.13.jar:/home/user/.m2/repository/org/codehaus/jackson/jackson-xc/1.9.13/jackson-xc-1.9.13.jar:/home/user/.m2/repository/commons-logging/commons-logging/1.1.3/commons-logging-1.1.3.jar:/home/user/.m2/repository/commons-beanutils/commons-beanutils/1.9.4/commons-beanutils-1.9.4.jar:/home/user/.m2/repository/org/apache/commons/commons-configuration2/2.1.1/commons-configuration2-2.1.1.jar:/home/user/.m2/repository/org/apache/commons/commons-lang3/3.7/commons-lang3-3.7.jar:/home/user/.m2/repository/org/apache/commons/commons-text/1.4/commons-text-1.4.jar:/home/user/.m2/repository/org/apache/avro/avro/1.7.7/avro-1.7.7.jar:/home/user/.m2/repository/com/thoughtworks/paranamer/paranamer/2.3/paranamer-2.3.jar:/home/user/.m2/repository/org/xerial/snappy/snappy-java/1.0.5/snappy-java-1.0.5.jar:/home/user/.m2/repository/com/google/re2j/re2j/1.1/re2j-1.1.jar:/home/user/.m2/repository/com/google/code/gson/gson/2.2.4/gson-2.2.4.jar:/home/user/.m2/repository/com/jcraft/jsch/0.1.54/jsch-0.1.54.jar:/home/user/.m2/repository/org/apache/curator/curator-client/2.12.0/curator-client-2.12.0.jar:/home/user/.m2/repository/org/apache/curator/curator-recipes/2.12.0/curator-recipes-2.12.0.jar:/home/user/.m2/repository/com/google/code/findbugs/jsr305/3.0.0/jsr305-3.0.0.jar:/home/user/.m2/repository/org/apache/htrace/htrace-core4/4.1.0-incubating/htrace-core4-4.1.0-incubating.jar:/home/user/.m2/repository/org/apache/zookeeper/zookeeper/3.4.13/zookeeper-3.4.13.jar:/home/user/.m2/repository/jline/jline/0.9.94/jline-0.9.94.jar:/home/user/.m2/repository/org/apache/yetus/audience-annotations/0.5.0/audience-annotations-0.5.0.jar:/home/user/.m2/repository/org/codehaus/woodstox/stax2-api/3.1.4/stax2-api-3.1.4.jar:/home/user/.m2/repository/com/fasterxml/woodstox/woodstox-core/5.0.3/woodstox-core-5.0.3.jar:/home/user/.m2/repository/dnsjava/dnsjava/2.1.7/dnsjava-2.1.7.jar:/home/user/.m2/repository/org/apache/hadoop/hadoop-hdfs/3.2.0/hadoop-hdfs-3.2.0-tests.jar:/home/user/.m2/repository/org/eclipse/jetty/jetty-util-ajax/9.3.25.v20180904/jetty-util-ajax-9.3.25.v20180904.jar:/home/user/.m2/repository/commons-daemon/commons-daemon/1.0.13/commons-daemon-1.0.13.jar:/home/user/.m2/repository/io/netty/netty/3.10.5.Final/netty-3.10.5.Final.jar:/home/user/.m2/repository/io/netty/netty-all/4.0.52.Final/netty-all-4.0.52.Final.jar:/home/user/.m2/repository/org/fusesource/leveldbjni/leveldbjni-all/1.8/leveldbjni-all-1.8.jar:"/>
    <property name="java.vm.vendor" value="Oracle Corporation"/>
    <property name="sun.arch.data.model" value="64"/>
    <property name="test.build.dir" value="/workdir/hadoop-ozone/integration-test/target/test-dir"/>
    <property name="test.cache.data" value=""/>
    <property name="java.vendor.url" value="http://java.oracle.com/"/>
    <property name="user.timezone" value=""/>
    <property name="java.vm.specification.version" value="1.8"/>
    <property name="os.name" value="Linux"/>
    <property name="test.build.data" value="/workdir/hadoop-ozone/integration-test/target/test-dir"/>
    <property name="user.country" value="US"/>
    <property name="sun.java.launcher" value="SUN_STANDARD"/>
    <property name="sun.boot.library.path" value="/usr/lib/jvm/java-1.8.0-openjdk-1.8.0.222.b10-1.el7_7.x86_64/jre/lib/amd64"/>
    <property name="sun.java.command" value="/workdir/hadoop-ozone/integration-test/target/surefire/surefirebooter6364907734489523701.jar /workdir/hadoop-ozone/integration-test/target/surefire 2019-10-24T14-54-17_997-jvmRun1 surefire5307462358357654183tmp surefire_487329968938420739089tmp"/>
    <property name="surefire.test.class.path" value="/workdir/hadoop-ozone/integration-test/target/test-classes:/workdir/hadoop-ozone/integration-test/target/classes:/home/user/.m2/repository/org/apache/hadoop/hadoop-ozone-common/0.5.0-SNAPSHOT/hadoop-ozone-common-0.5.0-SNAPSHOT.jar:/home/user/.m2/repository/org/apache/commons/commons-compress/1.4.1/commons-compress-1.4.1.jar:/home/user/.m2/repository/org/tukaani/xz/1.0/xz-1.0.jar:/home/user/.m2/repository/org/apache/hadoop/hadoop-common/3.2.0/hadoop-common-3.2.0.jar:/home/user/.m2/repository/org/apache/hadoop/hadoop-hdfs/3.2.0/hadoop-hdfs-3.2.0.jar:/home/user/.m2/repository/org/apache/hadoop/hadoop-hdfs-client/3.2.0/hadoop-hdfs-client-3.2.0.jar:/home/user/.m2/repository/com/fasterxml/jackson/core/jackson-annotations/2.9.9/jackson-annotations-2.9.9.jar:/home/user/.m2/repository/org/apache/hadoop/hadoop-hdds-common/0.5.0-SNAPSHOT/hadoop-hdds-common-0.5.0-SNAPSHOT.jar:/home/user/.m2/repository/javax/annotation/javax.annotation-api/1.2/javax.annotation-api-1.2.jar:/home/user/.m2/repository/org/apache/ratis/ratis-server/0.5.0-3f446aa-SNAPSHOT/ratis-server-0.5.0-3f446aa-SNAPSHOT.jar:/home/user/.m2/repository/org/apache/ratis/ratis-thirdparty-misc/0.2.0/ratis-thirdparty-misc-0.2.0.jar:/home/user/.m2/repository/org/apache/ratis/ratis-proto/0.5.0-3f446aa-SNAPSHOT/ratis-proto-0.5.0-3f446aa-SNAPSHOT.jar:/home/user/.m2/repository/org/apache/ratis/ratis-common/0.5.0-3f446aa-SNAPSHOT/ratis-common-0.5.0-3f446aa-SNAPSHOT.jar:/home/user/.m2/repository/org/apache/ratis/ratis-client/0.5.0-3f446aa-SNAPSHOT/ratis-client-0.5.0-3f446aa-SNAPSHOT.jar:/home/user/.m2/repository/org/apache/ratis/ratis-metrics/0.5.0-3f446aa-SNAPSHOT/ratis-metrics-0.5.0-3f446aa-SNAPSHOT.jar:/home/user/.m2/repository/com/github/joshelser/dropwizard-metrics-hadoop-metrics2-reporter/0.1.2/dropwizard-metrics-hadoop-metrics2-reporter-0.1.2.jar:/home/user/.m2/repository/io/dropwizard/metrics/metrics-jvm/3.2.5/metrics-jvm-3.2.5.jar:/home/user/.m2/repository/io/dropwizard/metrics/metrics-ganglia/3.2.5/metrics-ganglia-3.2.5.jar:/home/user/.m2/repository/info/ganglia/gmetric4j/gmetric4j/1.0.7/gmetric4j-1.0.7.jar:/home/user/.m2/repository/org/apache/ratis/ratis-netty/0.5.0-3f446aa-SNAPSHOT/ratis-netty-0.5.0-3f446aa-SNAPSHOT.jar:/home/user/.m2/repository/org/apache/ratis/ratis-grpc/0.5.0-3f446aa-SNAPSHOT/ratis-grpc-0.5.0-3f446aa-SNAPSHOT.jar:/home/user/.m2/repository/org/rocksdb/rocksdbjni/6.0.1/rocksdbjni-6.0.1.jar:/home/user/.m2/repository/org/apache/logging/log4j/log4j-api/2.11.0/log4j-api-2.11.0.jar:/home/user/.m2/repository/org/apache/logging/log4j/log4j-core/2.11.0/log4j-core-2.11.0.jar:/home/user/.m2/repository/com/lmax/disruptor/3.4.2/disruptor-3.4.2.jar:/home/user/.m2/repository/org/apache/commons/commons-pool2/2.6.0/commons-pool2-2.6.0.jar:/home/user/.m2/repository/org/bouncycastle/bcpkix-jdk15on/1.60/bcpkix-jdk15on-1.60.jar:/home/user/.m2/repository/commons-validator/commons-validator/1.6/commons-validator-1.6.jar:/home/user/.m2/repository/commons-digester/commons-digester/1.8.1/commons-digester-1.8.1.jar:/home/user/.m2/repository/io/jaegertracing/jaeger-client/0.34.0/jaeger-client-0.34.0.jar:/home/user/.m2/repository/io/jaegertracing/jaeger-thrift/0.34.0/jaeger-thrift-0.34.0.jar:/home/user/.m2/repository/org/apache/thrift/libthrift/0.12.0/libthrift-0.12.0.jar:/home/user/.m2/repository/com/squareup/okhttp3/okhttp/3.9.0/okhttp-3.9.0.jar:/home/user/.m2/repository/com/squareup/okio/okio/1.13.0/okio-1.13.0.jar:/home/user/.m2/repository/io/jaegertracing/jaeger-core/0.34.0/jaeger-core-0.34.0.jar:/home/user/.m2/repository/io/jaegertracing/jaeger-tracerresolver/0.34.0/jaeger-tracerresolver-0.34.0.jar:/home/user/.m2/repository/io/opentracing/contrib/opentracing-tracerresolver/0.1.5/opentracing-tracerresolver-0.1.5.jar:/home/user/.m2/repository/io/opentracing/opentracing-util/0.31.0/opentracing-util-0.31.0.jar:/home/user/.m2/repository/io/opentracing/opentracing-api/0.31.0/opentracing-api-0.31.0.jar:/home/user/.m2/repository/io/opentracing/opentracing-noop/0.31.0/opentracing-noop-0.31.0.jar:/home/user/.m2/repository/org/apache/hadoop/hadoop-hdds-server-framework/0.5.0-SNAPSHOT/hadoop-hdds-server-framework-0.5.0-SNAPSHOT.jar:/home/user/.m2/repository/org/apache/hadoop/hadoop-hdds-container-service/0.5.0-SNAPSHOT/hadoop-hdds-container-service-0.5.0-SNAPSHOT.jar:/home/user/.m2/repository/org/apache/hadoop/hadoop-hdds-client/0.5.0-SNAPSHOT/hadoop-hdds-client-0.5.0-SNAPSHOT.jar:/home/user/.m2/repository/org/apache/hadoop/hadoop-hdds-tools/0.5.0-SNAPSHOT/hadoop-hdds-tools-0.5.0-SNAPSHOT.jar:/home/user/.m2/repository/org/apache/hadoop/hadoop-hdds-server-scm/0.5.0-SNAPSHOT/hadoop-hdds-server-scm-0.5.0-SNAPSHOT.jar:/home/user/.m2/repository/org/apache/hadoop/hadoop-hdds-docs/0.5.0-SNAPSHOT/hadoop-hdds-docs-0.5.0-SNAPSHOT.jar:/home/user/.m2/repository/io/dropwizard/metrics/metrics-core/3.2.4/metrics-core-3.2.4.jar:/home/user/.m2/repository/org/hamcrest/hamcrest-all/1.3/hamcrest-all-1.3.jar:/home/user/.m2/repository/org/bouncycastle/bcprov-jdk15on/1.60/bcprov-jdk15on-1.60.jar:/home/user/.m2/repository/info/picocli/picocli/3.9.6/picocli-3.9.6.jar:/home/user/.m2/repository/com/google/protobuf/protobuf-java/2.5.0/protobuf-java-2.5.0.jar:/home/user/.m2/repository/com/google/guava/guava/11.0.2/guava-11.0.2.jar:/home/user/.m2/repository/org/apache/hadoop/hadoop-ozone-ozone-manager/0.5.0-SNAPSHOT/hadoop-ozone-ozone-manager-0.5.0-SNAPSHOT.jar:/home/user/.m2/repository/org/apache/hadoop/hadoop-minikdc/3.2.0/hadoop-minikdc-3.2.0.jar:/home/user/.m2/repository/commons-io/commons-io/2.5/commons-io-2.5.jar:/home/user/.m2/repository/org/apache/kerby/kerb-simplekdc/1.0.1/kerb-simplekdc-1.0.1.jar:/home/user/.m2/repository/org/apache/kerby/kerb-client/1.0.1/kerb-client-1.0.1.jar:/home/user/.m2/repository/org/apache/kerby/kerby-config/1.0.1/kerby-config-1.0.1.jar:/home/user/.m2/repository/org/apache/kerby/kerb-core/1.0.1/kerb-core-1.0.1.jar:/home/user/.m2/repository/org/apache/kerby/kerby-pkix/1.0.1/kerby-pkix-1.0.1.jar:/home/user/.m2/repository/org/apache/kerby/kerby-asn1/1.0.1/kerby-asn1-1.0.1.jar:/home/user/.m2/repository/org/apache/kerby/kerby-util/1.0.1/kerby-util-1.0.1.jar:/home/user/.m2/repository/org/apache/kerby/kerb-common/1.0.1/kerb-common-1.0.1.jar:/home/user/.m2/repository/org/apache/kerby/kerb-crypto/1.0.1/kerb-crypto-1.0.1.jar:/home/user/.m2/repository/org/apache/kerby/kerb-util/1.0.1/kerb-util-1.0.1.jar:/home/user/.m2/repository/org/apache/kerby/token-provider/1.0.1/token-provider-1.0.1.jar:/home/user/.m2/repository/org/apache/kerby/kerb-admin/1.0.1/kerb-admin-1.0.1.jar:/home/user/.m2/repository/org/apache/kerby/kerb-server/1.0.1/kerb-server-1.0.1.jar:/home/user/.m2/repository/org/apache/kerby/kerb-identity/1.0.1/kerb-identity-1.0.1.jar:/home/user/.m2/repository/org/apache/kerby/kerby-xdr/1.0.1/kerby-xdr-1.0.1.jar:/home/user/.m2/repository/org/slf4j/slf4j-log4j12/1.7.25/slf4j-log4j12-1.7.25.jar:/home/user/.m2/repository/org/apache/hadoop/hadoop-ozone-s3gateway/0.5.0-SNAPSHOT/hadoop-ozone-s3gateway-0.5.0-SNAPSHOT.jar:/home/user/.m2/repository/org/jboss/weld/servlet/weld-servlet/2.4.7.Final/weld-servlet-2.4.7.Final.jar:/home/user/.m2/repository/org/glassfish/jersey/containers/jersey-container-servlet-core/2.27/jersey-container-servlet-core-2.27.jar:/home/user/.m2/repository/org/glassfish/hk2/external/javax.inject/2.5.0-b42/javax.inject-2.5.0-b42.jar:/home/user/.m2/repository/org/glassfish/jersey/core/jersey-common/2.27/jersey-common-2.27.jar:/home/user/.m2/repository/org/glassfish/hk2/osgi-resource-locator/1.0.1/osgi-resource-locator-1.0.1.jar:/home/user/.m2/repository/javax/ws/rs/javax.ws.rs-api/2.1/javax.ws.rs-api-2.1.jar:/home/user/.m2/repository/org/glassfish/jersey/ext/cdi/jersey-cdi1x/2.27/jersey-cdi1x-2.27.jar:/home/user/.m2/repository/org/glassfish/jersey/inject/jersey-hk2/2.27/jersey-hk2-2.27.jar:/home/user/.m2/repository/org/glassfish/hk2/hk2-locator/2.5.0-b42/hk2-locator-2.5.0-b42.jar:/home/user/.m2/repository/org/javassist/javassist/3.22.0-CR2/javassist-3.22.0-CR2.jar:/home/user/.m2/repository/org/glassfish/hk2/hk2-api/2.5.0/hk2-api-2.5.0.jar:/home/user/.m2/repository/org/glassfish/hk2/external/jakarta.inject/2.5.0/jakarta.inject-2.5.0.jar:/home/user/.m2/repository/org/glassfish/hk2/hk2-utils/2.5.0/hk2-utils-2.5.0.jar:/home/user/.m2/repository/jakarta/annotation/jakarta.annotation-api/1.3.4/jakarta.annotation-api-1.3.4.jar:/home/user/.m2/repository/org/glassfish/hk2/external/aopalliance-repackaged/2.5.0/aopalliance-repackaged-2.5.0.jar:/home/user/.m2/repository/com/fasterxml/jackson/dataformat/jackson-dataformat-xml/2.9.0/jackson-dataformat-xml-2.9.0.jar:/home/user/.m2/repository/com/fasterxml/jackson/core/jackson-core/2.9.9/jackson-core-2.9.9.jar:/home/user/.m2/repository/com/fasterxml/jackson/module/jackson-module-jaxb-annotations/2.9.9/jackson-module-jaxb-annotations-2.9.9.jar:/home/user/.m2/repository/javax/enterprise/cdi-api/1.2/cdi-api-1.2.jar:/home/user/.m2/repository/javax/el/javax.el-api/3.0.0/javax.el-api-3.0.0.jar:/home/user/.m2/repository/javax/interceptor/javax.interceptor-api/1.2/javax.interceptor-api-1.2.jar:/home/user/.m2/repository/javax/inject/javax.inject/1/javax.inject-1.jar:/home/user/.m2/repository/com/sun/xml/bind/jaxb-impl/2.3.0.1/jaxb-impl-2.3.0.1.jar:/home/user/.m2/repository/com/sun/xml/bind/jaxb-core/2.3.0.1/jaxb-core-2.3.0.1.jar:/home/user/.m2/repository/javax/xml/bind/jaxb-api/2.3.0/jaxb-api-2.3.0.jar:/home/user/.m2/repository/javax/activation/activation/1.1.1/activation-1.1.1.jar:/home/user/.m2/repository/org/apache/hadoop/hadoop-ozone-csi/0.5.0-SNAPSHOT/hadoop-ozone-csi-0.5.0-SNAPSHOT.jar:/home/user/.m2/repository/com/google/protobuf/protobuf-java-util/3.5.1/protobuf-java-util-3.5.1.jar:/home/user/.m2/repository/org/apache/hadoop/hadoop-hdds-config/0.5.0-SNAPSHOT/hadoop-hdds-config-0.5.0-SNAPSHOT.jar:/home/user/.m2/repository/io/grpc/grpc-netty/1.17.1/grpc-netty-1.17.1.jar:/home/user/.m2/repository/io/grpc/grpc-core/1.17.1/grpc-core-1.17.1.jar:/home/user/.m2/repository/io/grpc/grpc-context/1.17.1/grpc-context-1.17.1.jar:/home/user/.m2/repository/com/google/errorprone/error_prone_annotations/2.2.0/error_prone_annotations-2.2.0.jar:/home/user/.m2/repository/org/codehaus/mojo/animal-sniffer-annotations/1.17/animal-sniffer-annotations-1.17.jar:/home/user/.m2/repository/io/opencensus/opencensus-api/0.17.0/opencensus-api-0.17.0.jar:/home/user/.m2/repository/io/opencensus/opencensus-contrib-grpc-metrics/0.17.0/opencensus-contrib-grpc-metrics-0.17.0.jar:/home/user/.m2/repository/io/netty/netty-codec-http2/4.1.30.Final/netty-codec-http2-4.1.30.Final.jar:/home/user/.m2/repository/io/netty/netty-codec-http/4.1.30.Final/netty-codec-http-4.1.30.Final.jar:/home/user/.m2/repository/io/netty/netty-codec/4.1.30.Final/netty-codec-4.1.30.Final.jar:/home/user/.m2/repository/io/netty/netty-handler/4.1.30.Final/netty-handler-4.1.30.Final.jar:/home/user/.m2/repository/io/netty/netty-handler-proxy/4.1.30.Final/netty-handler-proxy-4.1.30.Final.jar:/home/user/.m2/repository/io/netty/netty-codec-socks/4.1.30.Final/netty-codec-socks-4.1.30.Final.jar:/home/user/.m2/repository/io/netty/netty-transport-native-epoll/4.1.30.Final/netty-transport-native-epoll-4.1.30.Final.jar:/home/user/.m2/repository/io/netty/netty-common/4.1.30.Final/netty-common-4.1.30.Final.jar:/home/user/.m2/repository/io/netty/netty-buffer/4.1.30.Final/netty-buffer-4.1.30.Final.jar:/home/user/.m2/repository/io/netty/netty-transport/4.1.30.Final/netty-transport-4.1.30.Final.jar:/home/user/.m2/repository/io/netty/netty-resolver/4.1.30.Final/netty-resolver-4.1.30.Final.jar:/home/user/.m2/repository/io/netty/netty-transport-native-unix-common/4.1.30.Final/netty-transport-native-unix-common-4.1.30.Final.jar:/home/user/.m2/repository/io/grpc/grpc-protobuf/1.17.1/grpc-protobuf-1.17.1.jar:/home/user/.m2/repository/com/google/api/grpc/proto-google-common-protos/1.0.0/proto-google-common-protos-1.0.0.jar:/home/user/.m2/repository/io/grpc/grpc-protobuf-lite/1.17.1/grpc-protobuf-lite-1.17.1.jar:/home/user/.m2/repository/io/grpc/grpc-stub/1.17.1/grpc-stub-1.17.1.jar:/home/user/.m2/repository/org/apache/hadoop/hadoop-ozone-recon/0.5.0-SNAPSHOT/hadoop-ozone-recon-0.5.0-SNAPSHOT.jar:/home/user/.m2/repository/org/apache/hadoop/hadoop-ozone-reconcodegen/0.5.0-SNAPSHOT/hadoop-ozone-reconcodegen-0.5.0-SNAPSHOT.jar:/home/user/.m2/repository/com/google/inject/extensions/guice-multibindings/4.0/guice-multibindings-4.0.jar:/home/user/.m2/repository/com/google/inject/guice/4.0/guice-4.0.jar:/home/user/.m2/repository/aopalliance/aopalliance/1.0/aopalliance-1.0.jar:/home/user/.m2/repository/com/google/inject/extensions/guice-servlet/4.0/guice-servlet-4.0.jar:/home/user/.m2/repository/org/glassfish/jersey/containers/jersey-container-servlet/2.27/jersey-container-servlet-2.27.jar:/home/user/.m2/repository/org/glassfish/hk2/guice-bridge/2.5.0/guice-bridge-2.5.0.jar:/home/user/.m2/repository/org/glassfish/jersey/core/jersey-server/2.27/jersey-server-2.27.jar:/home/user/.m2/repository/org/glassfish/jersey/core/jersey-client/2.27/jersey-client-2.27.jar:/home/user/.m2/repository/org/glassfish/jersey/media/jersey-media-jaxb/2.27/jersey-media-jaxb-2.27.jar:/home/user/.m2/repository/javax/validation/validation-api/1.1.0.Final/validation-api-1.1.0.Final.jar:/home/user/.m2/repository/org/glassfish/jersey/media/jersey-media-json-jackson/2.27/jersey-media-json-jackson-2.27.jar:/home/user/.m2/repository/org/glassfish/jersey/ext/jersey-entity-filtering/2.27/jersey-entity-filtering-2.27.jar:/home/user/.m2/repository/com/google/inject/extensions/guice-assistedinject/4.0/guice-assistedinject-4.0.jar:/home/user/.m2/repository/org/jooq/jooq/3.11.10/jooq-3.11.10.jar:/home/user/.m2/repository/org/jooq/jooq-meta/3.11.10/jooq-meta-3.11.10.jar:/home/user/.m2/repository/org/jooq/jooq-codegen/3.11.10/jooq-codegen-3.11.10.jar:/home/user/.m2/repository/com/jolbox/bonecp/0.8.0.RELEASE/bonecp-0.8.0.RELEASE.jar:/home/user/.m2/repository/org/xerial/sqlite-jdbc/3.25.2/sqlite-jdbc-3.25.2.jar:/home/user/.m2/repository/org/springframework/spring-jdbc/5.1.3.RELEASE/spring-jdbc-5.1.3.RELEASE.jar:/home/user/.m2/repository/org/springframework/spring-beans/5.1.3.RELEASE/spring-beans-5.1.3.RELEASE.jar:/home/user/.m2/repository/org/springframework/spring-core/5.1.3.RELEASE/spring-core-5.1.3.RELEASE.jar:/home/user/.m2/repository/org/springframework/spring-jcl/5.1.3.RELEASE/spring-jcl-5.1.3.RELEASE.jar:/home/user/.m2/repository/org/springframework/spring-tx/5.1.3.RELEASE/spring-tx-5.1.3.RELEASE.jar:/home/user/.m2/repository/org/apache/hadoop/hadoop-ozone-client/0.5.0-SNAPSHOT/hadoop-ozone-client-0.5.0-SNAPSHOT.jar:/home/user/.m2/repository/commons-lang/commons-lang/2.6/commons-lang-2.6.jar:/home/user/.m2/repository/org/apache/hadoop/hadoop-ozone-ozone-manager/0.5.0-SNAPSHOT/hadoop-ozone-ozone-manager-0.5.0-SNAPSHOT-tests.jar:/home/user/.m2/repository/junit/junit/4.11/junit-4.11.jar:/home/user/.m2/repository/org/hamcrest/hamcrest-core/1.3/hamcrest-core-1.3.jar:/home/user/.m2/repository/org/openjdk/jmh/jmh-core/1.19/jmh-core-1.19.jar:/home/user/.m2/repository/net/sf/jopt-simple/jopt-simple/4.6/jopt-simple-4.6.jar:/home/user/.m2/repository/org/apache/commons/commons-math3/3.1.1/commons-math3-3.1.1.jar:/home/user/.m2/repository/org/openjdk/jmh/jmh-generator-annprocess/1.19/jmh-generator-annprocess-1.19.jar:/home/user/.m2/repository/org/mockito/mockito-all/1.8.5/mockito-all-1.8.5.jar:/home/user/.m2/repository/org/apache/hadoop/hadoop-kms/3.2.0/hadoop-kms-3.2.0.jar:/home/user/.m2/repository/org/apache/hadoop/hadoop-auth/3.2.0/hadoop-auth-3.2.0.jar:/home/user/.m2/repository/com/nimbusds/nimbus-jose-jwt/4.41.1/nimbus-jose-jwt-4.41.1.jar:/home/user/.m2/repository/com/github/stephenc/jcip/jcip-annotations/1.0-1/jcip-annotations-1.0-1.jar:/home/user/.m2/repository/net/minidev/json-smart/2.3/json-smart-2.3.jar:/home/user/.m2/repository/net/minidev/accessors-smart/1.2/accessors-smart-1.2.jar:/home/user/.m2/repository/org/ow2/asm/asm/5.0.4/asm-5.0.4.jar:/home/user/.m2/repository/org/apache/curator/curator-framework/2.12.0/curator-framework-2.12.0.jar:/home/user/.m2/repository/com/sun/jersey/jersey-core/1.19/jersey-core-1.19.jar:/home/user/.m2/repository/javax/ws/rs/jsr311-api/1.1.1/jsr311-api-1.1.1.jar:/home/user/.m2/repository/com/sun/jersey/jersey-server/1.19/jersey-server-1.19.jar:/home/user/.m2/repository/javax/servlet/javax.servlet-api/3.1.0/javax.servlet-api-3.1.0.jar:/home/user/.m2/repository/org/eclipse/jetty/jetty-server/9.3.25.v20180904/jetty-server-9.3.25.v20180904.jar:/home/user/.m2/repository/org/eclipse/jetty/jetty-http/9.3.25.v20180904/jetty-http-9.3.25.v20180904.jar:/home/user/.m2/repository/org/eclipse/jetty/jetty-io/9.3.25.v20180904/jetty-io-9.3.25.v20180904.jar:/home/user/.m2/repository/org/eclipse/jetty/jetty-webapp/9.3.25.v20180904/jetty-webapp-9.3.25.v20180904.jar:/home/user/.m2/repository/org/eclipse/jetty/jetty-xml/9.3.25.v20180904/jetty-xml-9.3.25.v20180904.jar:/home/user/.m2/repository/log4j/log4j/1.2.17/log4j-1.2.17.jar:/home/user/.m2/repository/org/slf4j/slf4j-api/1.7.25/slf4j-api-1.7.25.jar:/home/user/.m2/repository/org/slf4j/jul-to-slf4j/1.7.25/jul-to-slf4j-1.7.25.jar:/home/user/.m2/repository/org/eclipse/jetty/jetty-util/9.3.25.v20180904/jetty-util-9.3.25.v20180904.jar:/home/user/.m2/repository/com/fasterxml/jackson/core/jackson-databind/2.9.9/jackson-databind-2.9.9.jar:/home/user/.m2/repository/org/apache/hadoop/hadoop-kms/3.2.0/hadoop-kms-3.2.0-tests.jar:/home/user/.m2/repository/org/apache/hadoop/hadoop-hdds-server-scm/0.5.0-SNAPSHOT/hadoop-hdds-server-scm-0.5.0-SNAPSHOT-tests.jar:/home/user/.m2/repository/org/apache/hadoop/hadoop-hdds-container-service/0.5.0-SNAPSHOT/hadoop-hdds-container-service-0.5.0-SNAPSHOT-tests.jar:/home/user/.m2/repository/org/yaml/snakeyaml/1.16/snakeyaml-1.16.jar:/home/user/.m2/repository/org/apache/hadoop/hadoop-common/3.2.0/hadoop-common-3.2.0-tests.jar:/home/user/.m2/repository/org/apache/hadoop/hadoop-annotations/3.2.0/hadoop-annotations-3.2.0.jar:/usr/lib/jvm/java-1.8.0-openjdk-1.8.0.222.b10-1.el7_7.x86_64/jre/../lib/tools.jar:/home/user/.m2/repository/commons-cli/commons-cli/1.2/commons-cli-1.2.jar:/home/user/.m2/repository/org/apache/httpcomponents/httpclient/4.5.2/httpclient-4.5.2.jar:/home/user/.m2/repository/org/apache/httpcomponents/httpcore/4.4.4/httpcore-4.4.4.jar:/home/user/.m2/repository/commons-codec/commons-codec/1.11/commons-codec-1.11.jar:/home/user/.m2/repository/commons-net/commons-net/3.6/commons-net-3.6.jar:/home/user/.m2/repository/commons-collections/commons-collections/3.2.2/commons-collections-3.2.2.jar:/home/user/.m2/repository/org/eclipse/jetty/jetty-servlet/9.3.25.v20180904/jetty-servlet-9.3.25.v20180904.jar:/home/user/.m2/repository/org/eclipse/jetty/jetty-security/9.3.25.v20180904/jetty-security-9.3.25.v20180904.jar:/home/user/.m2/repository/javax/servlet/jsp/jsp-api/2.1/jsp-api-2.1.jar:/home/user/.m2/repository/com/sun/jersey/jersey-servlet/1.19/jersey-servlet-1.19.jar:/home/user/.m2/repository/com/sun/jersey/jersey-json/1.19/jersey-json-1.19.jar:/home/user/.m2/repository/org/codehaus/jettison/jettison/1.1/jettison-1.1.jar:/home/user/.m2/repository/org/codehaus/jackson/jackson-core-asl/1.9.13/jackson-core-asl-1.9.13.jar:/home/user/.m2/repository/org/codehaus/jackson/jackson-mapper-asl/1.9.13/jackson-mapper-asl-1.9.13.jar:/home/user/.m2/repository/org/codehaus/jackson/jackson-jaxrs/1.9.13/jackson-jaxrs-1.9.13.jar:/home/user/.m2/repository/org/codehaus/jackson/jackson-xc/1.9.13/jackson-xc-1.9.13.jar:/home/user/.m2/repository/commons-logging/commons-logging/1.1.3/commons-logging-1.1.3.jar:/home/user/.m2/repository/commons-beanutils/commons-beanutils/1.9.4/commons-beanutils-1.9.4.jar:/home/user/.m2/repository/org/apache/commons/commons-configuration2/2.1.1/commons-configuration2-2.1.1.jar:/home/user/.m2/repository/org/apache/commons/commons-lang3/3.7/commons-lang3-3.7.jar:/home/user/.m2/repository/org/apache/commons/commons-text/1.4/commons-text-1.4.jar:/home/user/.m2/repository/org/apache/avro/avro/1.7.7/avro-1.7.7.jar:/home/user/.m2/repository/com/thoughtworks/paranamer/paranamer/2.3/paranamer-2.3.jar:/home/user/.m2/repository/org/xerial/snappy/snappy-java/1.0.5/snappy-java-1.0.5.jar:/home/user/.m2/repository/com/google/re2j/re2j/1.1/re2j-1.1.jar:/home/user/.m2/repository/com/google/code/gson/gson/2.2.4/gson-2.2.4.jar:/home/user/.m2/repository/com/jcraft/jsch/0.1.54/jsch-0.1.54.jar:/home/user/.m2/repository/org/apache/curator/curator-client/2.12.0/curator-client-2.12.0.jar:/home/user/.m2/repository/org/apache/curator/curator-recipes/2.12.0/curator-recipes-2.12.0.jar:/home/user/.m2/repository/com/google/code/findbugs/jsr305/3.0.0/jsr305-3.0.0.jar:/home/user/.m2/repository/org/apache/htrace/htrace-core4/4.1.0-incubating/htrace-core4-4.1.0-incubating.jar:/home/user/.m2/repository/org/apache/zookeeper/zookeeper/3.4.13/zookeeper-3.4.13.jar:/home/user/.m2/repository/jline/jline/0.9.94/jline-0.9.94.jar:/home/user/.m2/repository/org/apache/yetus/audience-annotations/0.5.0/audience-annotations-0.5.0.jar:/home/user/.m2/repository/org/codehaus/woodstox/stax2-api/3.1.4/stax2-api-3.1.4.jar:/home/user/.m2/repository/com/fasterxml/woodstox/woodstox-core/5.0.3/woodstox-core-5.0.3.jar:/home/user/.m2/repository/dnsjava/dnsjava/2.1.7/dnsjava-2.1.7.jar:/home/user/.m2/repository/org/apache/hadoop/hadoop-hdfs/3.2.0/hadoop-hdfs-3.2.0-tests.jar:/home/user/.m2/repository/org/eclipse/jetty/jetty-util-ajax/9.3.25.v20180904/jetty-util-ajax-9.3.25.v20180904.jar:/home/user/.m2/repository/commons-daemon/commons-daemon/1.0.13/commons-daemon-1.0.13.jar:/home/user/.m2/repository/io/netty/netty/3.10.5.Final/netty-3.10.5.Final.jar:/home/user/.m2/repository/io/netty/netty-all/4.0.52.Final/netty-all-4.0.52.Final.jar:/home/user/.m2/repository/org/fusesource/leveldbjni/leveldbjni-all/1.8/leveldbjni-all-1.8.jar:"/>
    <property name="sun.cpu.endian" value="little"/>
    <property name="user.home" value="/home/user"/>
    <property name="user.language" value="en"/>
    <property name="java.specification.vendor" value="Oracle Corporation"/>
    <property name="java.home" value="/usr/lib/jvm/java-1.8.0-openjdk-1.8.0.222.b10-1.el7_7.x86_64/jre"/>
    <property name="surefire.excludesFile" value="/tools/ozone-bad-unit-tests"/>
    <property name="java.security.krb5.conf" value="/workdir/hadoop-ozone/integration-test/target/test-classes/krb5.conf"/>
    <property name="basedir" value="/workdir/hadoop-ozone/integration-test"/>
    <property name="file.separator" value="/"/>
    <property name="line.separator" value="&#10;"/>
    <property name="java.vm.specification.vendor" value="Oracle Corporation"/>
    <property name="java.specification.name" value="Java Platform API Specification"/>
    <property name="java.awt.graphicsenv" value="sun.awt.X11GraphicsEnvironment"/>
    <property name="surefire.real.class.path" value="/workdir/hadoop-ozone/integration-test/target/surefire/surefirebooter6364907734489523701.jar"/>
    <property name="hadoop.log.dir" value="/workdir/hadoop-ozone/integration-test/target/log"/>
    <property name="sun.boot.class.path" value="/usr/lib/jvm/java-1.8.0-openjdk-1.8.0.222.b10-1.el7_7.x86_64/jre/lib/resources.jar:/usr/lib/jvm/java-1.8.0-openjdk-1.8.0.222.b10-1.el7_7.x86_64/jre/lib/rt.jar:/usr/lib/jvm/java-1.8.0-openjdk-1.8.0.222.b10-1.el7_7.x86_64/jre/lib/sunrsasign.jar:/usr/lib/jvm/java-1.8.0-openjdk-1.8.0.222.b10-1.el7_7.x86_64/jre/lib/jsse.jar:/usr/lib/jvm/java-1.8.0-openjdk-1.8.0.222.b10-1.el7_7.x86_64/jre/lib/jce.jar:/usr/lib/jvm/java-1.8.0-openjdk-1.8.0.222.b10-1.el7_7.x86_64/jre/lib/charsets.jar:/usr/lib/jvm/java-1.8.0-openjdk-1.8.0.222.b10-1.el7_7.x86_64/jre/lib/jfr.jar:/usr/lib/jvm/java-1.8.0-openjdk-1.8.0.222.b10-1.el7_7.x86_64/jre/classes"/>
    <property name="sun.management.compiler" value="HotSpot 64-Bit Tiered Compilers"/>
    <property name="java.runtime.version" value="1.8.0_222-b10"/>
    <property name="java.net.preferIPv4Stack" value="true"/>
    <property name="user.name" value="jenkins1000"/>
    <property name="path.separator" value=":"/>
    <property name="java.security.egd" value="file:///dev/urandom"/>
    <property name="os.version" value="3.10.0-957.12.2.el7.x86_64"/>
    <property name="java.endorsed.dirs" value="/usr/lib/jvm/java-1.8.0-openjdk-1.8.0.222.b10-1.el7_7.x86_64/jre/lib/endorsed"/>
    <property name="java.runtime.name" value="OpenJDK Runtime Environment"/>
    <property name="file.encoding" value="ANSI_X3.4-1968"/>
    <property name="java.vm.name" value="OpenJDK 64-Bit Server VM"/>
    <property name="test.build.webapps" value=""/>
    <property name="localRepository" value="/home/user/.m2/repository"/>
    <property name="java.vendor.url.bug" value="http://bugreport.sun.com/bugreport/"/>
    <property name="java.io.tmpdir" value="/tmp"/>
    <property name="require.test.libhadoop" value=""/>
    <property name="java.version" value="1.8.0_222"/>
    <property name="user.dir" value="/workdir/hadoop-ozone/integration-test"/>
    <property name="os.arch" value="amd64"/>
    <property name="java.vm.specification.name" value="Java Virtual Machine Specification"/>
    <property name="test.build.classes" value="/workdir/hadoop-ozone/integration-test/target/test-classes"/>
    <property name="java.awt.printerjob" value="sun.print.PSPrinterJob"/>
    <property name="sun.os.patch.level" value="unknown"/>
    <property name="hadoop.tmp.dir" value="/workdir/hadoop-ozone/integration-test/target/tmp"/>
    <property name="java.library.path" value="/usr/lib:/workdir/hadoop-ozone/integration-test/target/native/target/usr/local/lib:/workdir/hadoop-ozone/integration-test/../../hadoop-common-project/hadoop-common/target/native/target/usr/local/lib:/usr/java/packages/lib/amd64:/usr/lib64:/lib64:/lib:/usr/lib"/>
    <property name="java.vm.info" value="mixed mode"/>
    <property name="java.vendor" value="Oracle Corporation"/>
    <property name="java.vm.version" value="25.222-b10"/>
    <property name="java.ext.dirs" value="/usr/lib/jvm/java-1.8.0-openjdk-1.8.0.222.b10-1.el7_7.x86_64/jre/lib/ext:/usr/java/packages/lib/ext"/>
    <property name="sun.io.unicode.encoding" value="UnicodeLittle"/>
    <property name="java.class.version" value="52.0"/>
  </properties>
  <testcase name="testDeleteKeyWithSlowFollower" classname="org.apache.hadoop.ozone.client.rpc.TestDeleteWithSlowFollower" time="112.745">
    <failure type="java.lang.AssertionError">java.lang.AssertionError
	at org.junit.Assert.fail(Assert.java:86)
	at org.junit.Assert.assertTrue(Assert.java:41)
	at org.junit.Assert.assertTrue(Assert.java:52)
	at org.apache.hadoop.ozone.client.rpc.TestDeleteWithSlowFollower.testDeleteKeyWithSlowFollower(TestDeleteWithSlowFollower.java:265)
	at sun.reflect.NativeMethodAccessorImpl.invoke0(Native Method)
	at sun.reflect.NativeMethodAccessorImpl.invoke(NativeMethodAccessorImpl.java:62)
	at sun.reflect.DelegatingMethodAccessorImpl.invoke(DelegatingMethodAccessorImpl.java:43)
	at java.lang.reflect.Method.invoke(Method.java:498)
	at org.junit.runners.model.FrameworkMethod$1.runReflectiveCall(FrameworkMethod.java:47)
	at org.junit.internal.runners.model.ReflectiveCallable.run(ReflectiveCallable.java:12)
	at org.junit.runners.model.FrameworkMethod.invokeExplosively(FrameworkMethod.java:44)
	at org.junit.internal.runners.statements.InvokeMethod.evaluate(InvokeMethod.java:17)
	at org.junit.runners.ParentRunner.runLeaf(ParentRunner.java:271)
	at org.junit.runners.BlockJUnit4ClassRunner.runChild(BlockJUnit4ClassRunner.java:70)
	at org.junit.runners.BlockJUnit4ClassRunner.runChild(BlockJUnit4ClassRunner.java:50)
	at org.junit.runners.ParentRunner$3.run(ParentRunner.java:238)
	at org.junit.runners.ParentRunner$1.schedule(ParentRunner.java:63)
	at org.junit.runners.ParentRunner.runChildren(ParentRunner.java:236)
	at org.junit.runners.ParentRunner.access$000(ParentRunner.java:53)
	at org.junit.runners.ParentRunner$2.evaluate(ParentRunner.java:229)
	at org.junit.internal.runners.statements.RunBefores.evaluate(RunBefores.java:26)
	at org.junit.internal.runners.statements.RunAfters.evaluate(RunAfters.java:27)
	at org.junit.runners.ParentRunner.run(ParentRunner.java:309)
	at org.apache.maven.surefire.junit4.JUnit4Provider.execute(JUnit4Provider.java:365)
	at org.apache.maven.surefire.junit4.JUnit4Provider.executeWithRerun(JUnit4Provider.java:273)
	at org.apache.maven.surefire.junit4.JUnit4Provider.executeTestSet(JUnit4Provider.java:238)
	at org.apache.maven.surefire.junit4.JUnit4Provider.invoke(JUnit4Provider.java:159)
	at org.apache.maven.surefire.booter.ForkedBooter.invokeProviderInSameClassLoader(ForkedBooter.java:384)
	at org.apache.maven.surefire.booter.ForkedBooter.runSuitesInProcess(ForkedBooter.java:345)
	at org.apache.maven.surefire.booter.ForkedBooter.execute(ForkedBooter.java:126)
	at org.apache.maven.surefire.booter.ForkedBooter.main(ForkedBooter.java:418)
</failure>
    <system-out><![CDATA[2019-10-24 15:46:07,824 [main] WARN  server.ServerUtils (ServerUtils.java:getScmDbDir(145)) - ozone.scm.db.dirs is not configured. We recommend adding this setting. Falling back to ozone.metadata.dirs instead.
2019-10-24 15:46:07,954 [main] WARN  server.ServerUtils (ServerUtils.java:getScmDbDir(145)) - ozone.scm.db.dirs is not configured. We recommend adding this setting. Falling back to ozone.metadata.dirs instead.
2019-10-24 15:46:07,957 [main] WARN  server.ServerUtils (ServerUtils.java:getScmDbDir(145)) - ozone.scm.db.dirs is not configured. We recommend adding this setting. Falling back to ozone.metadata.dirs instead.
2019-10-24 15:46:07,985 [main] INFO  util.log (Log.java:initialized(192)) - Logging initialized @944ms
2019-10-24 15:46:08,083 [main] INFO  db.DBStoreBuilder (DBStoreBuilder.java:addTable(117)) - using custom profile for table: deletedBlocks
2019-10-24 15:46:08,083 [main] INFO  db.DBStoreBuilder (DBStoreBuilder.java:processTables(168)) - Using default column profile:DBProfile.DISK for Table:deletedBlocks
2019-10-24 15:46:08,083 [main] INFO  db.DBStoreBuilder (DBStoreBuilder.java:addTable(117)) - using custom profile for table: validCerts
2019-10-24 15:46:08,084 [main] INFO  db.DBStoreBuilder (DBStoreBuilder.java:processTables(168)) - Using default column profile:DBProfile.DISK for Table:validCerts
2019-10-24 15:46:08,084 [main] INFO  db.DBStoreBuilder (DBStoreBuilder.java:addTable(117)) - using custom profile for table: revokedCerts
2019-10-24 15:46:08,084 [main] INFO  db.DBStoreBuilder (DBStoreBuilder.java:processTables(168)) - Using default column profile:DBProfile.DISK for Table:revokedCerts
2019-10-24 15:46:08,096 [main] INFO  db.DBStoreBuilder (DBStoreBuilder.java:addTable(117)) - using custom profile for table: default
2019-10-24 15:46:08,096 [main] INFO  db.DBStoreBuilder (DBStoreBuilder.java:processTables(174)) - Using default column profile:DBProfile.DISK for Table:default
2019-10-24 15:46:08,097 [main] INFO  db.DBStoreBuilder (DBStoreBuilder.java:getDbProfile(205)) - Using default options. DBProfile.DISK
2019-10-24 15:46:08,356 [main] INFO  net.NodeSchemaLoader (NodeSchemaLoader.java:loadSchemaFromFile(125)) - Loading file from sun.misc.CompoundEnumeration@74235045
2019-10-24 15:46:08,358 [main] INFO  net.NodeSchemaLoader (NodeSchemaLoader.java:loadSchema(171)) - Loading network topology layer schema file
2019-10-24 15:46:08,415 [main] WARN  server.ServerUtils (ServerUtils.java:sanitizeUserArgs(70)) - ozone.scm.stale.node.interval value = 1000000 is larger than max = 100000 based on the key value of ozone.scm.heartbeat.thread.interval, reset to the max value 100000.
2019-10-24 15:46:08,417 [main] WARN  server.ServerUtils (ServerUtils.java:sanitizeUserArgs(70)) - ozone.scm.stale.node.interval value = 1000000 is larger than max = 100000 based on the key value of ozone.scm.heartbeat.thread.interval, reset to the max value 100000.
2019-10-24 15:46:08,419 [main] INFO  node.SCMNodeManager (SCMNodeManager.java:<init>(116)) - Entering startup safe mode.
2019-10-24 15:46:08,481 [main] INFO  algorithms.ContainerPlacementPolicyFactory (ContainerPlacementPolicyFactory.java:getPolicy(57)) - Create container placement policy of type org.apache.hadoop.hdds.scm.container.placement.algorithms.SCMContainerPlacementRandom
2019-10-24 15:46:08,495 [main] WARN  server.ServerUtils (ServerUtils.java:getScmDbDir(145)) - ozone.scm.db.dirs is not configured. We recommend adding this setting. Falling back to ozone.metadata.dirs instead.
2019-10-24 15:46:08,604 [main] INFO  pipeline.SCMPipelineManager (SCMPipelineManager.java:initializePipelineState(132)) - No pipeline exists in current db
2019-10-24 15:46:08,607 [main] WARN  server.ServerUtils (ServerUtils.java:getScmDbDir(145)) - ozone.scm.db.dirs is not configured. We recommend adding this setting. Falling back to ozone.metadata.dirs instead.
2019-10-24 15:46:08,724 [main] WARN  events.EventQueue (EventQueue.java:fireEvent(183)) - No event handler registered for event TypedEvent{payloadType=SafeModeStatus, name='SafeModeStatus'}
2019-10-24 15:46:09,131 [main] INFO  ipc.CallQueueManager (CallQueueManager.java:<init>(84)) - Using callQueue: class java.util.concurrent.LinkedBlockingQueue, queueCapacity: 2000, scheduler: class org.apache.hadoop.ipc.DefaultRpcScheduler, ipcBackoff: false.
2019-10-24 15:46:09,256 [Socket Reader #1 for port 35100] INFO  ipc.Server (Server.java:run(1074)) - Starting Socket Reader #1 for port 35100
2019-10-24 15:46:09,280 [main] INFO  ipc.CallQueueManager (CallQueueManager.java:<init>(84)) - Using callQueue: class java.util.concurrent.LinkedBlockingQueue, queueCapacity: 2000, scheduler: class org.apache.hadoop.ipc.DefaultRpcScheduler, ipcBackoff: false.
2019-10-24 15:46:09,281 [Socket Reader #1 for port 40103] INFO  ipc.Server (Server.java:run(1074)) - Starting Socket Reader #1 for port 40103
2019-10-24 15:46:09,288 [main] INFO  ipc.CallQueueManager (CallQueueManager.java:<init>(84)) - Using callQueue: class java.util.concurrent.LinkedBlockingQueue, queueCapacity: 2000, scheduler: class org.apache.hadoop.ipc.DefaultRpcScheduler, ipcBackoff: false.
2019-10-24 15:46:09,289 [Socket Reader #1 for port 38656] INFO  ipc.Server (Server.java:run(1074)) - Starting Socket Reader #1 for port 38656
2019-10-24 15:46:09,312 [main] INFO  hdfs.DFSUtil (DFSUtil.java:httpServerTemplateForNNAndJN(1641)) - Starting Web-server for scm at: http://0.0.0.0:0
2019-10-24 15:46:09,464 [main] INFO  server.AuthenticationFilter (AuthenticationFilter.java:constructSecretProvider(240)) - Unable to initialize FileSignerSecretProvider, falling back to use random secrets.
2019-10-24 15:46:09,474 [main] WARN  http.HttpRequestLog (HttpRequestLog.java:getRequestLog(97)) - Jetty request log can only be enabled using Log4j
2019-10-24 15:46:09,482 [main] INFO  http.HttpServer2 (HttpServer2.java:addGlobalFilter(975)) - Added global filter 'safety' (class=org.apache.hadoop.http.HttpServer2$QuotingInputFilter)
2019-10-24 15:46:09,485 [main] INFO  http.HttpServer2 (HttpServer2.java:addFilter(948)) - Added filter static_user_filter (class=org.apache.hadoop.http.lib.StaticUserWebFilter$StaticUserFilter) to context scm
2019-10-24 15:46:09,486 [main] INFO  http.HttpServer2 (HttpServer2.java:addFilter(958)) - Added filter static_user_filter (class=org.apache.hadoop.http.lib.StaticUserWebFilter$StaticUserFilter) to context logs
2019-10-24 15:46:09,486 [main] INFO  http.HttpServer2 (HttpServer2.java:addFilter(958)) - Added filter static_user_filter (class=org.apache.hadoop.http.lib.StaticUserWebFilter$StaticUserFilter) to context static
2019-10-24 15:46:09,523 [main] INFO  server.StorageContainerManager (StorageContainerManager.java:start(772)) - StorageContainerLocationProtocol RPC server is listening at /0.0.0.0:38656
2019-10-24 15:46:09,613 [main] WARN  impl.MetricsConfig (MetricsConfig.java:loadFirst(134)) - Cannot locate configuration: tried hadoop-metrics2-storagecontainermanager.properties,hadoop-metrics2.properties
2019-10-24 15:46:09,628 [main] INFO  impl.MetricsSystemImpl (MetricsSystemImpl.java:startTimer(374)) - Scheduled Metric snapshot period at 10 second(s).
2019-10-24 15:46:09,628 [main] INFO  impl.MetricsSystemImpl (MetricsSystemImpl.java:start(191)) - StorageContainerManager metrics system started
2019-10-24 15:46:09,900 [main] INFO  server.SCMClientProtocolServer (SCMClientProtocolServer.java:start(159)) - RPC server for Client  is listening at /0.0.0.0:38656
2019-10-24 15:46:09,901 [IPC Server Responder] INFO  ipc.Server (Server.java:run(1314)) - IPC Server Responder: starting
2019-10-24 15:46:09,901 [IPC Server listener on 38656] INFO  ipc.Server (Server.java:run(1153)) - IPC Server listener on 38656: starting
2019-10-24 15:46:09,905 [main] INFO  server.StorageContainerManager (StorageContainerManager.java:start(782)) - ScmBlockLocationProtocol RPC server is listening at /0.0.0.0:40103
2019-10-24 15:46:09,907 [main] INFO  server.SCMBlockProtocolServer (SCMBlockProtocolServer.java:start(146)) - RPC server for Block Protocol is listening at /0.0.0.0:40103
2019-10-24 15:46:09,907 [IPC Server Responder] INFO  ipc.Server (Server.java:run(1314)) - IPC Server Responder: starting
2019-10-24 15:46:09,907 [IPC Server listener on 40103] INFO  ipc.Server (Server.java:run(1153)) - IPC Server listener on 40103: starting
2019-10-24 15:46:09,910 [main] INFO  server.StorageContainerManager (StorageContainerManager.java:start(786)) - ScmDatanodeProtocl RPC server is listening at /0.0.0.0:35100
2019-10-24 15:46:09,910 [main] INFO  server.SCMDatanodeProtocolServer (SCMDatanodeProtocolServer.java:start(169)) - RPC server for DataNodes is listening at /0.0.0.0:35100
2019-10-24 15:46:09,912 [IPC Server Responder] INFO  ipc.Server (Server.java:run(1314)) - IPC Server Responder: starting
2019-10-24 15:46:09,912 [IPC Server listener on 35100] INFO  ipc.Server (Server.java:run(1153)) - IPC Server listener on 35100: starting
2019-10-24 15:46:09,917 [main] INFO  http.HttpServer2 (HttpServer2.java:bindListener(1191)) - Jetty bound to port 45795
2019-10-24 15:46:09,920 [main] INFO  server.Server (Server.java:doStart(351)) - jetty-9.3.25.v20180904, build timestamp: 2018-09-04T21:11:46Z, git hash: 3ce520221d0240229c862b122d2b06c12a625732
2019-10-24 15:46:09,973 [main] INFO  handler.ContextHandler (ContextHandler.java:doStart(781)) - Started o.e.j.s.ServletContextHandler@42f8285e{/logs,file:///workdir/hadoop-ozone/integration-test/target/log,AVAILABLE}
2019-10-24 15:46:09,974 [main] INFO  handler.ContextHandler (ContextHandler.java:doStart(781)) - Started o.e.j.s.ServletContextHandler@3724af13{/static,file:///workdir/hadoop-ozone/integration-test/target/test-classes/webapps/static,AVAILABLE}
2019-10-24 15:46:10,013 [main] INFO  handler.ContextHandler (ContextHandler.java:doStart(781)) - Started o.e.j.w.WebAppContext@24a1c17f{/,file:///workdir/hadoop-ozone/integration-test/target/test-classes/webapps/scm/,AVAILABLE}{/scm}
2019-10-24 15:46:10,019 [main] INFO  server.AbstractConnector (AbstractConnector.java:doStart(278)) - Started ServerConnector@4d63b624{HTTP/1.1,[http/1.1]}{0.0.0.0:45795}
2019-10-24 15:46:10,020 [main] INFO  server.Server (Server.java:doStart(419)) - Started @2979ms
2019-10-24 15:46:10,022 [main] INFO  impl.MetricsSinkAdapter (MetricsSinkAdapter.java:start(204)) - Sink prometheus started
2019-10-24 15:46:10,022 [main] INFO  impl.MetricsSystemImpl (MetricsSystemImpl.java:registerSink(301)) - Registered sink prometheus
2019-10-24 15:46:10,024 [main] INFO  server.BaseHttpServer (BaseHttpServer.java:updateConnectorAddress(215)) - HTTP server of SCM is listening at http://0.0.0.0:45795
2019-10-24 15:46:10,032 [org.apache.hadoop.util.JvmPauseMonitor$Monitor@4b629f13] INFO  util.JvmPauseMonitor (JvmPauseMonitor.java:run(188)) - Starting JVM pause monitor
2019-10-24 15:46:10,037 [main] WARN  server.ServerUtils (ServerUtils.java:getDBPath(222)) - ozone.om.db.dirs is not configured. We recommend adding this setting. Falling back to ozone.metadata.dirs instead.
2019-10-24 15:46:10,188 [main] INFO  ha.OMHANodeDetails (OMHANodeDetails.java:loadOMHAConfig(190)) - Configuration either no ozone.om.address set. Falling back to the default OM address /127.0.0.1:0
2019-10-24 15:46:10,189 [main] INFO  ha.OMHANodeDetails (OMHANodeDetails.java:getOMNodeDetails(220)) - OM Service ID is not set. Setting it to the default ID: omServiceIdDefault
2019-10-24 15:46:10,190 [main] WARN  server.ServerUtils (ServerUtils.java:getDBPath(222)) - ozone.om.db.dirs is not configured. We recommend adding this setting. Falling back to ozone.metadata.dirs instead.
2019-10-24 15:46:10,191 [main] WARN  server.ServerUtils (ServerUtils.java:getDBPath(222)) - ozone.om.db.dirs is not configured. We recommend adding this setting. Falling back to ozone.metadata.dirs instead.
2019-10-24 15:46:10,932 [main] WARN  server.ServerUtils (ServerUtils.java:getDBPath(222)) - ozone.om.db.dirs is not configured. We recommend adding this setting. Falling back to ozone.metadata.dirs instead.
2019-10-24 15:46:10,941 [main] INFO  db.DBStoreBuilder (DBStoreBuilder.java:addTable(117)) - using custom profile for table: userTable
2019-10-24 15:46:10,941 [main] INFO  db.DBStoreBuilder (DBStoreBuilder.java:processTables(168)) - Using default column profile:DBProfile.DISK for Table:userTable
2019-10-24 15:46:10,942 [main] INFO  db.DBStoreBuilder (DBStoreBuilder.java:addTable(117)) - using custom profile for table: volumeTable
2019-10-24 15:46:10,942 [main] INFO  db.DBStoreBuilder (DBStoreBuilder.java:processTables(168)) - Using default column profile:DBProfile.DISK for Table:volumeTable
2019-10-24 15:46:10,942 [main] INFO  db.DBStoreBuilder (DBStoreBuilder.java:addTable(117)) - using custom profile for table: bucketTable
2019-10-24 15:46:10,942 [main] INFO  db.DBStoreBuilder (DBStoreBuilder.java:processTables(168)) - Using default column profile:DBProfile.DISK for Table:bucketTable
2019-10-24 15:46:10,943 [main] INFO  db.DBStoreBuilder (DBStoreBuilder.java:addTable(117)) - using custom profile for table: keyTable
2019-10-24 15:46:10,943 [main] INFO  db.DBStoreBuilder (DBStoreBuilder.java:processTables(168)) - Using default column profile:DBProfile.DISK for Table:keyTable
2019-10-24 15:46:10,943 [main] INFO  db.DBStoreBuilder (DBStoreBuilder.java:addTable(117)) - using custom profile for table: deletedTable
2019-10-24 15:46:10,943 [main] INFO  db.DBStoreBuilder (DBStoreBuilder.java:processTables(168)) - Using default column profile:DBProfile.DISK for Table:deletedTable
2019-10-24 15:46:10,944 [main] INFO  db.DBStoreBuilder (DBStoreBuilder.java:addTable(117)) - using custom profile for table: openKeyTable
2019-10-24 15:46:10,944 [main] INFO  db.DBStoreBuilder (DBStoreBuilder.java:processTables(168)) - Using default column profile:DBProfile.DISK for Table:openKeyTable
2019-10-24 15:46:10,944 [main] INFO  db.DBStoreBuilder (DBStoreBuilder.java:addTable(117)) - using custom profile for table: s3Table
2019-10-24 15:46:10,944 [main] INFO  db.DBStoreBuilder (DBStoreBuilder.java:processTables(168)) - Using default column profile:DBProfile.DISK for Table:s3Table
2019-10-24 15:46:10,944 [main] INFO  db.DBStoreBuilder (DBStoreBuilder.java:addTable(117)) - using custom profile for table: multipartInfoTable
2019-10-24 15:46:10,945 [main] INFO  db.DBStoreBuilder (DBStoreBuilder.java:processTables(168)) - Using default column profile:DBProfile.DISK for Table:multipartInfoTable
2019-10-24 15:46:10,945 [main] INFO  db.DBStoreBuilder (DBStoreBuilder.java:addTable(117)) - using custom profile for table: dTokenTable
2019-10-24 15:46:10,945 [main] INFO  db.DBStoreBuilder (DBStoreBuilder.java:processTables(168)) - Using default column profile:DBProfile.DISK for Table:dTokenTable
2019-10-24 15:46:10,945 [main] INFO  db.DBStoreBuilder (DBStoreBuilder.java:addTable(117)) - using custom profile for table: s3SecretTable
2019-10-24 15:46:10,946 [main] INFO  db.DBStoreBuilder (DBStoreBuilder.java:processTables(168)) - Using default column profile:DBProfile.DISK for Table:s3SecretTable
2019-10-24 15:46:10,946 [main] INFO  db.DBStoreBuilder (DBStoreBuilder.java:addTable(117)) - using custom profile for table: prefixTable
2019-10-24 15:46:10,946 [main] INFO  db.DBStoreBuilder (DBStoreBuilder.java:processTables(168)) - Using default column profile:DBProfile.DISK for Table:prefixTable
2019-10-24 15:46:10,946 [main] INFO  db.DBStoreBuilder (DBStoreBuilder.java:addTable(117)) - using custom profile for table: default
2019-10-24 15:46:10,947 [main] INFO  db.DBStoreBuilder (DBStoreBuilder.java:processTables(174)) - Using default column profile:DBProfile.DISK for Table:default
2019-10-24 15:46:10,947 [main] INFO  db.DBStoreBuilder (DBStoreBuilder.java:getDbProfile(205)) - Using default options. DBProfile.DISK
2019-10-24 15:46:11,431 [main] INFO  ipc.CallQueueManager (CallQueueManager.java:<init>(84)) - Using callQueue: class java.util.concurrent.LinkedBlockingQueue, queueCapacity: 2000, scheduler: class org.apache.hadoop.ipc.DefaultRpcScheduler, ipcBackoff: false.
2019-10-24 15:46:11,432 [Socket Reader #1 for port 34785] INFO  ipc.Server (Server.java:run(1074)) - Starting Socket Reader #1 for port 34785
2019-10-24 15:46:11,454 [main] INFO  om.OzoneManager (OzoneManager.java:start(1074)) - OzoneManager RPC server is listening at localhost/127.0.0.1:34785
2019-10-24 15:46:11,455 [main] INFO  impl.MetricsSystemImpl (MetricsSystemImpl.java:init(158)) - OzoneManager metrics system started (again)
2019-10-24 15:46:11,468 [IPC Server Responder] INFO  ipc.Server (Server.java:run(1314)) - IPC Server Responder: starting
2019-10-24 15:46:11,469 [IPC Server listener on 34785] INFO  ipc.Server (Server.java:run(1153)) - IPC Server listener on 34785: starting
2019-10-24 15:46:11,478 [main] INFO  hdfs.DFSUtil (DFSUtil.java:httpServerTemplateForNNAndJN(1641)) - Starting Web-server for ozoneManager at: http://0.0.0.0:0
2019-10-24 15:46:11,481 [main] INFO  server.AuthenticationFilter (AuthenticationFilter.java:constructSecretProvider(240)) - Unable to initialize FileSignerSecretProvider, falling back to use random secrets.
2019-10-24 15:46:11,482 [main] WARN  http.HttpRequestLog (HttpRequestLog.java:getRequestLog(97)) - Jetty request log can only be enabled using Log4j
2019-10-24 15:46:11,485 [main] INFO  http.HttpServer2 (HttpServer2.java:addGlobalFilter(975)) - Added global filter 'safety' (class=org.apache.hadoop.http.HttpServer2$QuotingInputFilter)
2019-10-24 15:46:11,486 [main] INFO  http.HttpServer2 (HttpServer2.java:addFilter(948)) - Added filter static_user_filter (class=org.apache.hadoop.http.lib.StaticUserWebFilter$StaticUserFilter) to context ozoneManager
2019-10-24 15:46:11,486 [main] INFO  http.HttpServer2 (HttpServer2.java:addFilter(958)) - Added filter static_user_filter (class=org.apache.hadoop.http.lib.StaticUserWebFilter$StaticUserFilter) to context static
2019-10-24 15:46:11,486 [main] INFO  http.HttpServer2 (HttpServer2.java:addFilter(958)) - Added filter static_user_filter (class=org.apache.hadoop.http.lib.StaticUserWebFilter$StaticUserFilter) to context logs
2019-10-24 15:46:11,489 [main] INFO  http.HttpServer2 (HttpServer2.java:bindListener(1191)) - Jetty bound to port 45025
2019-10-24 15:46:11,490 [main] INFO  server.Server (Server.java:doStart(351)) - jetty-9.3.25.v20180904, build timestamp: 2018-09-04T21:11:46Z, git hash: 3ce520221d0240229c862b122d2b06c12a625732
2019-10-24 15:46:11,492 [main] INFO  handler.ContextHandler (ContextHandler.java:doStart(781)) - Started o.e.j.s.ServletContextHandler@aa10649{/logs,file:///workdir/hadoop-ozone/integration-test/target/log,AVAILABLE}
2019-10-24 15:46:11,493 [main] INFO  handler.ContextHandler (ContextHandler.java:doStart(781)) - Started o.e.j.s.ServletContextHandler@37095ded{/static,file:///workdir/hadoop-ozone/integration-test/target/test-classes/webapps/static,AVAILABLE}
2019-10-24 15:46:11,499 [main] INFO  handler.ContextHandler (ContextHandler.java:doStart(781)) - Started o.e.j.w.WebAppContext@75b3673{/,file:///workdir/hadoop-ozone/integration-test/target/test-classes/webapps/ozoneManager/,AVAILABLE}{/ozoneManager}
2019-10-24 15:46:11,501 [main] INFO  server.AbstractConnector (AbstractConnector.java:doStart(278)) - Started ServerConnector@1bcb79c2{HTTP/1.1,[http/1.1]}{0.0.0.0:45025}
2019-10-24 15:46:11,501 [main] INFO  server.Server (Server.java:doStart(419)) - Started @4460ms
2019-10-24 15:46:11,502 [main] WARN  impl.MetricsSystemImpl (MetricsSystemImpl.java:register(276)) - Sink prometheus already exists!
2019-10-24 15:46:11,503 [main] INFO  server.BaseHttpServer (BaseHttpServer.java:updateConnectorAddress(215)) - HTTP server of OZONEMANAGER is listening at http://0.0.0.0:45025
2019-10-24 15:46:11,835 [main] INFO  impl.MetricsSystemImpl (MetricsSystemImpl.java:init(158)) - HddsDatanode metrics system started (again)
2019-10-24 15:46:11,889 [main] INFO  ozone.HddsDatanodeService (HddsDatanodeService.java:start(184)) - HddsDatanodeService host:pr-hdds-2359-djbrp-462585948 ip:192.168.164.213
2019-10-24 15:46:11,935 [main] INFO  volume.HddsVolume (HddsVolume.java:<init>(176)) - Creating Volume: /workdir/hadoop-ozone/integration-test/target/test-dir/MiniOzoneClusterImpl-cea207ca-acd6-4eb2-aab4-e348648d9a8e/datanode-0/data/containers/hdds of  storage type : DISK and capacity : 1482555576320
2019-10-24 15:46:11,938 [main] INFO  volume.VolumeSet (VolumeSet.java:initializeVolumeSet(170)) - Added Volume : /workdir/hadoop-ozone/integration-test/target/test-dir/MiniOzoneClusterImpl-cea207ca-acd6-4eb2-aab4-e348648d9a8e/datanode-0/data/containers/hdds to VolumeSet
2019-10-24 15:46:11,941 [main] INFO  volume.ThrottledAsyncChecker (ThrottledAsyncChecker.java:schedule(141)) - Scheduling a check for /workdir/hadoop-ozone/integration-test/target/test-dir/MiniOzoneClusterImpl-cea207ca-acd6-4eb2-aab4-e348648d9a8e/datanode-0/data/containers/hdds
2019-10-24 15:46:11,963 [main] INFO  volume.HddsVolumeChecker (HddsVolumeChecker.java:checkAllVolumes(204)) - Scheduled health check for volume /workdir/hadoop-ozone/integration-test/target/test-dir/MiniOzoneClusterImpl-cea207ca-acd6-4eb2-aab4-e348648d9a8e/datanode-0/data/containers/hdds
2019-10-24 15:46:12,076 [main] INFO  impl.RaftServerProxy (ConfUtils.java:logGet(43)) - raft.rpc.type = GRPC (default)
2019-10-24 15:46:12,139 [main] INFO  grpc.GrpcFactory (GrpcFactory.java:checkPooledByteBufAllocatorUseCacheForAllThreads(45)) - PERFORMANCE WARNING: useCacheForAllThreads is true that may cause Netty to create a lot garbage objects and, as a result, trigger GC.
	It is recommended to disable useCacheForAllThreads by setting -Dorg.apache.ratis.thirdparty.io.netty.allocator.useCacheForAllThreads=false in command line.
2019-10-24 15:46:12,144 [main] INFO  grpc.GrpcConfigKeys$Server (ConfUtils.java:logGet(43)) - raft.grpc.server.port = 0 (default)
2019-10-24 15:46:12,145 [main] INFO  server.GrpcService (ConfUtils.java:logGet(43)) - raft.grpc.message.size.max = 33570816 (custom)
2019-10-24 15:46:12,146 [main] INFO  server.RaftServerConfigKeys (ConfUtils.java:logGet(43)) - raft.server.log.appender.buffer.byte-limit = 33554432 (custom)
2019-10-24 15:46:12,147 [main] INFO  server.GrpcService (ConfUtils.java:logGet(43)) - raft.grpc.flow.control.window = 1MB (=1048576) (default)
2019-10-24 15:46:12,148 [main] INFO  server.RaftServerConfigKeys (ConfUtils.java:logGet(43)) - raft.server.rpc.request.timeout = 3000ms (default)
2019-10-24 15:46:12,303 [main] INFO  server.RaftServerConfigKeys (ConfUtils.java:logGet(43)) - raft.server.storage.dir = [/workdir/hadoop-ozone/integration-test/target/test-dir/MiniOzoneClusterImpl-cea207ca-acd6-4eb2-aab4-e348648d9a8e/datanode-0/data/ratis] (custom)
2019-10-24 15:46:12,364 [main] INFO  hdfs.DFSUtil (DFSUtil.java:httpServerTemplateForNNAndJN(1641)) - Starting Web-server for hddsDatanode at: http://0.0.0.0:0
2019-10-24 15:46:12,367 [main] INFO  server.AuthenticationFilter (AuthenticationFilter.java:constructSecretProvider(240)) - Unable to initialize FileSignerSecretProvider, falling back to use random secrets.
2019-10-24 15:46:12,367 [main] WARN  http.HttpRequestLog (HttpRequestLog.java:getRequestLog(97)) - Jetty request log can only be enabled using Log4j
2019-10-24 15:46:12,371 [main] INFO  http.HttpServer2 (HttpServer2.java:addGlobalFilter(975)) - Added global filter 'safety' (class=org.apache.hadoop.http.HttpServer2$QuotingInputFilter)
2019-10-24 15:46:12,372 [main] INFO  http.HttpServer2 (HttpServer2.java:addFilter(948)) - Added filter static_user_filter (class=org.apache.hadoop.http.lib.StaticUserWebFilter$StaticUserFilter) to context hddsDatanode
2019-10-24 15:46:12,373 [main] INFO  http.HttpServer2 (HttpServer2.java:addFilter(958)) - Added filter static_user_filter (class=org.apache.hadoop.http.lib.StaticUserWebFilter$StaticUserFilter) to context logs
2019-10-24 15:46:12,373 [main] INFO  http.HttpServer2 (HttpServer2.java:addFilter(958)) - Added filter static_user_filter (class=org.apache.hadoop.http.lib.StaticUserWebFilter$StaticUserFilter) to context static
2019-10-24 15:46:12,375 [main] INFO  http.HttpServer2 (HttpServer2.java:bindListener(1191)) - Jetty bound to port 39570
2019-10-24 15:46:12,375 [main] INFO  server.Server (Server.java:doStart(351)) - jetty-9.3.25.v20180904, build timestamp: 2018-09-04T21:11:46Z, git hash: 3ce520221d0240229c862b122d2b06c12a625732
2019-10-24 15:46:12,379 [main] INFO  handler.ContextHandler (ContextHandler.java:doStart(781)) - Started o.e.j.s.ServletContextHandler@60cf62ad{/logs,file:///workdir/hadoop-ozone/integration-test/target/log,AVAILABLE}
2019-10-24 15:46:12,380 [main] INFO  handler.ContextHandler (ContextHandler.java:doStart(781)) - Started o.e.j.s.ServletContextHandler@1ac4ccad{/static,jar:file:/home/user/.m2/repository/org/apache/hadoop/hadoop-hdds-container-service/0.5.0-SNAPSHOT/hadoop-hdds-container-service-0.5.0-SNAPSHOT.jar!/webapps/static,AVAILABLE}
2019-10-24 15:46:12,434 [main] INFO  handler.ContextHandler (ContextHandler.java:doStart(781)) - Started o.e.j.w.WebAppContext@de8039f{/,file:///tmp/jetty-0.0.0.0-39570-hddsDatanode-_-any-4970002149066187317.dir/webapp/,AVAILABLE}{/hddsDatanode}
2019-10-24 15:46:12,435 [main] INFO  server.AbstractConnector (AbstractConnector.java:doStart(278)) - Started ServerConnector@1deceb67{HTTP/1.1,[http/1.1]}{0.0.0.0:39570}
2019-10-24 15:46:12,436 [main] INFO  server.Server (Server.java:doStart(419)) - Started @5395ms
2019-10-24 15:46:12,437 [main] WARN  impl.MetricsSystemImpl (MetricsSystemImpl.java:register(276)) - Sink prometheus already exists!
2019-10-24 15:46:12,439 [main] INFO  server.BaseHttpServer (BaseHttpServer.java:updateConnectorAddress(215)) - HTTP server of HDDSDATANODE is listening at http://0.0.0.0:39570
2019-10-24 15:46:12,440 [main] INFO  impl.MetricsSystemImpl (MetricsSystemImpl.java:init(158)) - HddsDatanode metrics system started (again)
2019-10-24 15:46:12,443 [main] INFO  ozone.HddsDatanodeService (HddsDatanodeService.java:start(184)) - HddsDatanodeService host:pr-hdds-2359-djbrp-462585948 ip:192.168.164.213
2019-10-24 15:46:12,446 [org.apache.hadoop.util.JvmPauseMonitor$Monitor@4c615780] INFO  util.JvmPauseMonitor (JvmPauseMonitor.java:run(188)) - Starting JVM pause monitor
2019-10-24 15:46:12,453 [main] INFO  volume.HddsVolume (HddsVolume.java:<init>(176)) - Creating Volume: /workdir/hadoop-ozone/integration-test/target/test-dir/MiniOzoneClusterImpl-cea207ca-acd6-4eb2-aab4-e348648d9a8e/datanode-1/data/containers/hdds of  storage type : DISK and capacity : 1482555576320
2019-10-24 15:46:12,454 [main] INFO  volume.VolumeSet (VolumeSet.java:initializeVolumeSet(170)) - Added Volume : /workdir/hadoop-ozone/integration-test/target/test-dir/MiniOzoneClusterImpl-cea207ca-acd6-4eb2-aab4-e348648d9a8e/datanode-1/data/containers/hdds to VolumeSet
2019-10-24 15:46:12,454 [main] INFO  volume.ThrottledAsyncChecker (ThrottledAsyncChecker.java:schedule(141)) - Scheduling a check for /workdir/hadoop-ozone/integration-test/target/test-dir/MiniOzoneClusterImpl-cea207ca-acd6-4eb2-aab4-e348648d9a8e/datanode-1/data/containers/hdds
2019-10-24 15:46:12,455 [main] INFO  volume.HddsVolumeChecker (HddsVolumeChecker.java:checkAllVolumes(204)) - Scheduled health check for volume /workdir/hadoop-ozone/integration-test/target/test-dir/MiniOzoneClusterImpl-cea207ca-acd6-4eb2-aab4-e348648d9a8e/datanode-1/data/containers/hdds
2019-10-24 15:46:12,478 [main] INFO  impl.RaftServerProxy (ConfUtils.java:logGet(43)) - raft.rpc.type = GRPC (default)
2019-10-24 15:46:12,478 [main] INFO  grpc.GrpcFactory (GrpcFactory.java:checkPooledByteBufAllocatorUseCacheForAllThreads(45)) - PERFORMANCE WARNING: useCacheForAllThreads is true that may cause Netty to create a lot garbage objects and, as a result, trigger GC.
	It is recommended to disable useCacheForAllThreads by setting -Dorg.apache.ratis.thirdparty.io.netty.allocator.useCacheForAllThreads=false in command line.
2019-10-24 15:46:12,479 [main] INFO  grpc.GrpcConfigKeys$Server (ConfUtils.java:logGet(43)) - raft.grpc.server.port = 0 (default)
2019-10-24 15:46:12,479 [main] INFO  server.GrpcService (ConfUtils.java:logGet(43)) - raft.grpc.message.size.max = 33570816 (custom)
2019-10-24 15:46:12,479 [main] INFO  server.RaftServerConfigKeys (ConfUtils.java:logGet(43)) - raft.server.log.appender.buffer.byte-limit = 33554432 (custom)
2019-10-24 15:46:12,480 [main] INFO  server.GrpcService (ConfUtils.java:logGet(43)) - raft.grpc.flow.control.window = 1MB (=1048576) (default)
2019-10-24 15:46:12,480 [main] INFO  server.RaftServerConfigKeys (ConfUtils.java:logGet(43)) - raft.server.rpc.request.timeout = 3000ms (default)
2019-10-24 15:46:12,481 [main] INFO  server.RaftServerConfigKeys (ConfUtils.java:logGet(43)) - raft.server.storage.dir = [/workdir/hadoop-ozone/integration-test/target/test-dir/MiniOzoneClusterImpl-cea207ca-acd6-4eb2-aab4-e348648d9a8e/datanode-1/data/ratis] (custom)
2019-10-24 15:46:12,483 [main] INFO  hdfs.DFSUtil (DFSUtil.java:httpServerTemplateForNNAndJN(1641)) - Starting Web-server for hddsDatanode at: http://0.0.0.0:0
2019-10-24 15:46:12,486 [main] INFO  server.AuthenticationFilter (AuthenticationFilter.java:constructSecretProvider(240)) - Unable to initialize FileSignerSecretProvider, falling back to use random secrets.
2019-10-24 15:46:12,486 [main] WARN  http.HttpRequestLog (HttpRequestLog.java:getRequestLog(97)) - Jetty request log can only be enabled using Log4j
2019-10-24 15:46:12,489 [main] INFO  http.HttpServer2 (HttpServer2.java:addGlobalFilter(975)) - Added global filter 'safety' (class=org.apache.hadoop.http.HttpServer2$QuotingInputFilter)
2019-10-24 15:46:12,490 [main] INFO  http.HttpServer2 (HttpServer2.java:addFilter(948)) - Added filter static_user_filter (class=org.apache.hadoop.http.lib.StaticUserWebFilter$StaticUserFilter) to context hddsDatanode
2019-10-24 15:46:12,490 [main] INFO  http.HttpServer2 (HttpServer2.java:addFilter(958)) - Added filter static_user_filter (class=org.apache.hadoop.http.lib.StaticUserWebFilter$StaticUserFilter) to context logs
2019-10-24 15:46:12,490 [main] INFO  http.HttpServer2 (HttpServer2.java:addFilter(958)) - Added filter static_user_filter (class=org.apache.hadoop.http.lib.StaticUserWebFilter$StaticUserFilter) to context static
2019-10-24 15:46:12,492 [main] INFO  http.HttpServer2 (HttpServer2.java:bindListener(1191)) - Jetty bound to port 46837
2019-10-24 15:46:12,492 [main] INFO  server.Server (Server.java:doStart(351)) - jetty-9.3.25.v20180904, build timestamp: 2018-09-04T21:11:46Z, git hash: 3ce520221d0240229c862b122d2b06c12a625732
2019-10-24 15:46:12,496 [main] INFO  handler.ContextHandler (ContextHandler.java:doStart(781)) - Started o.e.j.s.ServletContextHandler@1907874b{/logs,file:///workdir/hadoop-ozone/integration-test/target/log,AVAILABLE}
2019-10-24 15:46:12,497 [main] INFO  handler.ContextHandler (ContextHandler.java:doStart(781)) - Started o.e.j.s.ServletContextHandler@5b3a7ef5{/static,jar:file:/home/user/.m2/repository/org/apache/hadoop/hadoop-hdds-container-service/0.5.0-SNAPSHOT/hadoop-hdds-container-service-0.5.0-SNAPSHOT.jar!/webapps/static,AVAILABLE}
2019-10-24 15:46:12,547 [main] INFO  handler.ContextHandler (ContextHandler.java:doStart(781)) - Started o.e.j.w.WebAppContext@660f0c{/,file:///tmp/jetty-0.0.0.0-46837-hddsDatanode-_-any-4196124952851666557.dir/webapp/,AVAILABLE}{/hddsDatanode}
2019-10-24 15:46:12,549 [main] INFO  server.AbstractConnector (AbstractConnector.java:doStart(278)) - Started ServerConnector@f141362{HTTP/1.1,[http/1.1]}{0.0.0.0:46837}
2019-10-24 15:46:12,550 [main] INFO  server.Server (Server.java:doStart(419)) - Started @5509ms
2019-10-24 15:46:12,550 [main] WARN  impl.MetricsSystemImpl (MetricsSystemImpl.java:register(276)) - Sink prometheus already exists!
2019-10-24 15:46:12,551 [main] INFO  server.BaseHttpServer (BaseHttpServer.java:updateConnectorAddress(215)) - HTTP server of HDDSDATANODE is listening at http://0.0.0.0:46837
2019-10-24 15:46:12,551 [main] INFO  impl.MetricsSystemImpl (MetricsSystemImpl.java:init(158)) - HddsDatanode metrics system started (again)
2019-10-24 15:46:12,554 [org.apache.hadoop.util.JvmPauseMonitor$Monitor@259d8c82] INFO  util.JvmPauseMonitor (JvmPauseMonitor.java:run(188)) - Starting JVM pause monitor
2019-10-24 15:46:12,555 [main] INFO  ozone.HddsDatanodeService (HddsDatanodeService.java:start(184)) - HddsDatanodeService host:pr-hdds-2359-djbrp-462585948 ip:192.168.164.213
2019-10-24 15:46:12,561 [Datanode State Machine Thread - 0] INFO  datanode.InitDatanodeState (InitDatanodeState.java:persistContainerDatanodeDetails(140)) - DatanodeDetails is persisted to /workdir/hadoop-ozone/integration-test/target/test-dir/MiniOzoneClusterImpl-cea207ca-acd6-4eb2-aab4-e348648d9a8e/datanode-0/meta/datanode.id
2019-10-24 15:46:12,564 [main] INFO  volume.HddsVolume (HddsVolume.java:<init>(176)) - Creating Volume: /workdir/hadoop-ozone/integration-test/target/test-dir/MiniOzoneClusterImpl-cea207ca-acd6-4eb2-aab4-e348648d9a8e/datanode-2/data/containers/hdds of  storage type : DISK and capacity : 1482555576320
2019-10-24 15:46:12,565 [main] INFO  volume.VolumeSet (VolumeSet.java:initializeVolumeSet(170)) - Added Volume : /workdir/hadoop-ozone/integration-test/target/test-dir/MiniOzoneClusterImpl-cea207ca-acd6-4eb2-aab4-e348648d9a8e/datanode-2/data/containers/hdds to VolumeSet
2019-10-24 15:46:12,565 [main] INFO  volume.ThrottledAsyncChecker (ThrottledAsyncChecker.java:schedule(141)) - Scheduling a check for /workdir/hadoop-ozone/integration-test/target/test-dir/MiniOzoneClusterImpl-cea207ca-acd6-4eb2-aab4-e348648d9a8e/datanode-2/data/containers/hdds
2019-10-24 15:46:12,565 [Datanode State Machine Thread - 0] INFO  datanode.InitDatanodeState (InitDatanodeState.java:persistContainerDatanodeDetails(140)) - DatanodeDetails is persisted to /workdir/hadoop-ozone/integration-test/target/test-dir/MiniOzoneClusterImpl-cea207ca-acd6-4eb2-aab4-e348648d9a8e/datanode-1/meta/datanode.id
2019-10-24 15:46:12,566 [main] INFO  volume.HddsVolumeChecker (HddsVolumeChecker.java:checkAllVolumes(204)) - Scheduled health check for volume /workdir/hadoop-ozone/integration-test/target/test-dir/MiniOzoneClusterImpl-cea207ca-acd6-4eb2-aab4-e348648d9a8e/datanode-2/data/containers/hdds
2019-10-24 15:46:12,584 [main] INFO  impl.RaftServerProxy (ConfUtils.java:logGet(43)) - raft.rpc.type = GRPC (default)
2019-10-24 15:46:12,585 [main] INFO  grpc.GrpcFactory (GrpcFactory.java:checkPooledByteBufAllocatorUseCacheForAllThreads(45)) - PERFORMANCE WARNING: useCacheForAllThreads is true that may cause Netty to create a lot garbage objects and, as a result, trigger GC.
	It is recommended to disable useCacheForAllThreads by setting -Dorg.apache.ratis.thirdparty.io.netty.allocator.useCacheForAllThreads=false in command line.
2019-10-24 15:46:12,585 [main] INFO  grpc.GrpcConfigKeys$Server (ConfUtils.java:logGet(43)) - raft.grpc.server.port = 0 (default)
2019-10-24 15:46:12,586 [main] INFO  server.GrpcService (ConfUtils.java:logGet(43)) - raft.grpc.message.size.max = 33570816 (custom)
2019-10-24 15:46:12,586 [main] INFO  server.RaftServerConfigKeys (ConfUtils.java:logGet(43)) - raft.server.log.appender.buffer.byte-limit = 33554432 (custom)
2019-10-24 15:46:12,586 [main] INFO  server.GrpcService (ConfUtils.java:logGet(43)) - raft.grpc.flow.control.window = 1MB (=1048576) (default)
2019-10-24 15:46:12,587 [main] INFO  server.RaftServerConfigKeys (ConfUtils.java:logGet(43)) - raft.server.rpc.request.timeout = 3000ms (default)
2019-10-24 15:46:12,587 [main] INFO  server.RaftServerConfigKeys (ConfUtils.java:logGet(43)) - raft.server.storage.dir = [/workdir/hadoop-ozone/integration-test/target/test-dir/MiniOzoneClusterImpl-cea207ca-acd6-4eb2-aab4-e348648d9a8e/datanode-2/data/ratis] (custom)
2019-10-24 15:46:12,591 [main] INFO  hdfs.DFSUtil (DFSUtil.java:httpServerTemplateForNNAndJN(1641)) - Starting Web-server for hddsDatanode at: http://0.0.0.0:0
2019-10-24 15:46:12,593 [main] INFO  server.AuthenticationFilter (AuthenticationFilter.java:constructSecretProvider(240)) - Unable to initialize FileSignerSecretProvider, falling back to use random secrets.
2019-10-24 15:46:12,593 [main] WARN  http.HttpRequestLog (HttpRequestLog.java:getRequestLog(97)) - Jetty request log can only be enabled using Log4j
2019-10-24 15:46:12,595 [main] INFO  http.HttpServer2 (HttpServer2.java:addGlobalFilter(975)) - Added global filter 'safety' (class=org.apache.hadoop.http.HttpServer2$QuotingInputFilter)
2019-10-24 15:46:12,596 [main] INFO  http.HttpServer2 (HttpServer2.java:addFilter(948)) - Added filter static_user_filter (class=org.apache.hadoop.http.lib.StaticUserWebFilter$StaticUserFilter) to context hddsDatanode
2019-10-24 15:46:12,596 [main] INFO  http.HttpServer2 (HttpServer2.java:addFilter(958)) - Added filter static_user_filter (class=org.apache.hadoop.http.lib.StaticUserWebFilter$StaticUserFilter) to context logs
2019-10-24 15:46:12,597 [main] INFO  http.HttpServer2 (HttpServer2.java:addFilter(958)) - Added filter static_user_filter (class=org.apache.hadoop.http.lib.StaticUserWebFilter$StaticUserFilter) to context static
2019-10-24 15:46:12,598 [main] INFO  http.HttpServer2 (HttpServer2.java:bindListener(1191)) - Jetty bound to port 41440
2019-10-24 15:46:12,598 [main] INFO  server.Server (Server.java:doStart(351)) - jetty-9.3.25.v20180904, build timestamp: 2018-09-04T21:11:46Z, git hash: 3ce520221d0240229c862b122d2b06c12a625732
2019-10-24 15:46:12,600 [main] INFO  handler.ContextHandler (ContextHandler.java:doStart(781)) - Started o.e.j.s.ServletContextHandler@6069dd38{/logs,file:///workdir/hadoop-ozone/integration-test/target/log,AVAILABLE}
2019-10-24 15:46:12,601 [main] INFO  handler.ContextHandler (ContextHandler.java:doStart(781)) - Started o.e.j.s.ServletContextHandler@558756be{/static,jar:file:/home/user/.m2/repository/org/apache/hadoop/hadoop-hdds-container-service/0.5.0-SNAPSHOT/hadoop-hdds-container-service-0.5.0-SNAPSHOT.jar!/webapps/static,AVAILABLE}
2019-10-24 15:46:12,637 [main] INFO  handler.ContextHandler (ContextHandler.java:doStart(781)) - Started o.e.j.w.WebAppContext@54e3658c{/,file:///tmp/jetty-0.0.0.0-41440-hddsDatanode-_-any-1288307141160965606.dir/webapp/,AVAILABLE}{/hddsDatanode}
2019-10-24 15:46:12,637 [main] INFO  server.AbstractConnector (AbstractConnector.java:doStart(278)) - Started ServerConnector@43e9089{HTTP/1.1,[http/1.1]}{0.0.0.0:41440}
2019-10-24 15:46:12,638 [main] INFO  server.Server (Server.java:doStart(419)) - Started @5598ms
2019-10-24 15:46:12,638 [main] WARN  impl.MetricsSystemImpl (MetricsSystemImpl.java:register(276)) - Sink prometheus already exists!
2019-10-24 15:46:12,640 [main] INFO  server.BaseHttpServer (BaseHttpServer.java:updateConnectorAddress(215)) - HTTP server of HDDSDATANODE is listening at http://0.0.0.0:41440
2019-10-24 15:46:12,642 [main] INFO  ozone.MiniOzoneClusterImpl (MiniOzoneClusterImpl.java:lambda$waitForClusterToBeReady$0(147)) - Waiting for cluster to be ready. Got 0 of 3 DN Heartbeats.
2019-10-24 15:46:12,642 [org.apache.hadoop.util.JvmPauseMonitor$Monitor@7710cab0] INFO  util.JvmPauseMonitor (JvmPauseMonitor.java:run(188)) - Starting JVM pause monitor
2019-10-24 15:46:12,645 [Datanode State Machine Thread - 0] INFO  datanode.InitDatanodeState (InitDatanodeState.java:persistContainerDatanodeDetails(140)) - DatanodeDetails is persisted to /workdir/hadoop-ozone/integration-test/target/test-dir/MiniOzoneClusterImpl-cea207ca-acd6-4eb2-aab4-e348648d9a8e/datanode-2/meta/datanode.id
2019-10-24 15:46:13,642 [main] INFO  ozone.MiniOzoneClusterImpl (MiniOzoneClusterImpl.java:lambda$waitForClusterToBeReady$0(147)) - Waiting for cluster to be ready. Got 0 of 3 DN Heartbeats.
2019-10-24 15:46:14,532 [Datanode State Machine Thread - 0] INFO  ozoneimpl.OzoneContainer (OzoneContainer.java:start(213)) - Attempting to start container services.
2019-10-24 15:46:14,534 [Datanode State Machine Thread - 0] INFO  ozoneimpl.OzoneContainer (OzoneContainer.java:startContainerScrub(177)) - Background container scanner has been disabled.
2019-10-24 15:46:14,535 [Datanode State Machine Thread - 0] INFO  ratis.XceiverServerRatis (XceiverServerRatis.java:start(418)) - Starting XceiverServerRatis 98e78e11-cb4b-48d0-b763-897efd13c9ec at port 0
2019-10-24 15:46:14,556 [Datanode State Machine Thread - 0] INFO  impl.RaftServerProxy (RaftServerProxy.java:lambda$start$3(299)) - 98e78e11-cb4b-48d0-b763-897efd13c9ec: start RPC server
2019-10-24 15:46:14,563 [Datanode State Machine Thread - 0] INFO  ozoneimpl.OzoneContainer (OzoneContainer.java:start(213)) - Attempting to start container services.
2019-10-24 15:46:14,569 [Datanode State Machine Thread - 0] INFO  ozoneimpl.OzoneContainer (OzoneContainer.java:startContainerScrub(177)) - Background container scanner has been disabled.
2019-10-24 15:46:14,569 [Datanode State Machine Thread - 0] INFO  ratis.XceiverServerRatis (XceiverServerRatis.java:start(418)) - Starting XceiverServerRatis feaf5d54-1805-49ec-899f-945609733e38 at port 0
2019-10-24 15:46:14,577 [Datanode State Machine Thread - 0] INFO  impl.RaftServerProxy (RaftServerProxy.java:lambda$start$3(299)) - feaf5d54-1805-49ec-899f-945609733e38: start RPC server
2019-10-24 15:46:14,643 [main] INFO  ozone.MiniOzoneClusterImpl (MiniOzoneClusterImpl.java:lambda$waitForClusterToBeReady$0(147)) - Waiting for cluster to be ready. Got 0 of 3 DN Heartbeats.
2019-10-24 15:46:14,658 [Datanode State Machine Thread - 0] INFO  ozoneimpl.OzoneContainer (OzoneContainer.java:start(213)) - Attempting to start container services.
2019-10-24 15:46:14,659 [Datanode State Machine Thread - 0] INFO  ozoneimpl.OzoneContainer (OzoneContainer.java:startContainerScrub(177)) - Background container scanner has been disabled.
2019-10-24 15:46:14,659 [Datanode State Machine Thread - 0] INFO  ratis.XceiverServerRatis (XceiverServerRatis.java:start(418)) - Starting XceiverServerRatis 84568b57-9d99-42dc-882b-eae65806f704 at port 0
2019-10-24 15:46:14,669 [Datanode State Machine Thread - 0] INFO  impl.RaftServerProxy (RaftServerProxy.java:lambda$start$3(299)) - 84568b57-9d99-42dc-882b-eae65806f704: start RPC server
2019-10-24 15:46:14,716 [Datanode State Machine Thread - 0] INFO  server.GrpcService (GrpcService.java:startImpl(158)) - feaf5d54-1805-49ec-899f-945609733e38: GrpcService started, listening on 0.0.0.0/0.0.0.0:39911
2019-10-24 15:46:14,716 [Datanode State Machine Thread - 0] INFO  server.GrpcService (GrpcService.java:startImpl(158)) - 98e78e11-cb4b-48d0-b763-897efd13c9ec: GrpcService started, listening on 0.0.0.0/0.0.0.0:39232
2019-10-24 15:46:14,716 [Datanode State Machine Thread - 0] INFO  server.GrpcService (GrpcService.java:startImpl(158)) - 84568b57-9d99-42dc-882b-eae65806f704: GrpcService started, listening on 0.0.0.0/0.0.0.0:37329
2019-10-24 15:46:14,717 [Datanode State Machine Thread - 0] INFO  ratis.XceiverServerRatis (XceiverServerRatis.java:start(428)) - XceiverServerRatis 98e78e11-cb4b-48d0-b763-897efd13c9ec is started using port 39232
2019-10-24 15:46:14,717 [Datanode State Machine Thread - 0] INFO  ratis.XceiverServerRatis (XceiverServerRatis.java:start(428)) - XceiverServerRatis feaf5d54-1805-49ec-899f-945609733e38 is started using port 39911
2019-10-24 15:46:14,717 [Datanode State Machine Thread - 0] INFO  ratis.XceiverServerRatis (XceiverServerRatis.java:start(428)) - XceiverServerRatis 84568b57-9d99-42dc-882b-eae65806f704 is started using port 37329
2019-10-24 15:46:14,722 [Datanode State Machine Thread - 0] INFO  server.XceiverServerGrpc (XceiverServerGrpc.java:start(149)) - XceiverServerGrpc feaf5d54-1805-49ec-899f-945609733e38 is started using port 41969
2019-10-24 15:46:14,722 [Datanode State Machine Thread - 0] INFO  server.XceiverServerGrpc (XceiverServerGrpc.java:start(149)) - XceiverServerGrpc 98e78e11-cb4b-48d0-b763-897efd13c9ec is started using port 38334
2019-10-24 15:46:14,722 [Datanode State Machine Thread - 0] INFO  server.XceiverServerGrpc (XceiverServerGrpc.java:start(149)) - XceiverServerGrpc 84568b57-9d99-42dc-882b-eae65806f704 is started using port 46361
2019-10-24 15:46:15,643 [main] INFO  ozone.MiniOzoneClusterImpl (MiniOzoneClusterImpl.java:lambda$waitForClusterToBeReady$0(147)) - Waiting for cluster to be ready. Got 0 of 3 DN Heartbeats.
2019-10-24 15:46:16,485 [IPC Server handler 0 on 35100] INFO  net.NetworkTopology (NetworkTopologyImpl.java:add(111)) - Added a new node: /default-rack/98e78e11-cb4b-48d0-b763-897efd13c9ec
2019-10-24 15:46:16,486 [IPC Server handler 0 on 35100] INFO  node.SCMNodeManager (SCMNodeManager.java:register(268)) - Registered Data node : 98e78e11-cb4b-48d0-b763-897efd13c9ec{ip: 192.168.164.213, host: pr-hdds-2359-djbrp-462585948, networkLocation: /default-rack, certSerialId: null}
2019-10-24 15:46:16,489 [EventQueue-NodeRegistrationContainerReportForDataNodeSafeModeRule] INFO  safemode.SCMSafeModeManager (DataNodeSafeModeRule.java:process(71)) - SCM in safe mode. 1 DataNodes registered, 1 required.
2019-10-24 15:46:16,489 [EventQueue-NodeRegistrationContainerReportForDataNodeSafeModeRule] INFO  safemode.SCMSafeModeManager (SCMSafeModeManager.java:validateSafeModeExitRules(177)) - ScmSafeModeManager, all rules are successfully validated
2019-10-24 15:46:16,489 [EventQueue-NodeRegistrationContainerReportForDataNodeSafeModeRule] INFO  safemode.SCMSafeModeManager (SCMSafeModeManager.java:exitSafeMode(193)) - SCM exiting safe mode.
2019-10-24 15:46:16,558 [IPC Server handler 3 on 35100] INFO  net.NetworkTopology (NetworkTopologyImpl.java:add(111)) - Added a new node: /default-rack/feaf5d54-1805-49ec-899f-945609733e38
2019-10-24 15:46:16,558 [IPC Server handler 3 on 35100] INFO  node.SCMNodeManager (SCMNodeManager.java:register(268)) - Registered Data node : feaf5d54-1805-49ec-899f-945609733e38{ip: 192.168.164.213, host: pr-hdds-2359-djbrp-462585948, networkLocation: /default-rack, certSerialId: null}
2019-10-24 15:46:16,645 [main] INFO  ozone.MiniOzoneClusterImpl (MiniOzoneClusterImpl.java:lambda$waitForClusterToBeReady$0(147)) - Waiting for cluster to be ready. Got 2 of 3 DN Heartbeats.
2019-10-24 15:46:16,646 [IPC Server handler 1 on 35100] INFO  net.NetworkTopology (NetworkTopologyImpl.java:add(111)) - Added a new node: /default-rack/84568b57-9d99-42dc-882b-eae65806f704
2019-10-24 15:46:16,647 [IPC Server handler 1 on 35100] INFO  node.SCMNodeManager (SCMNodeManager.java:register(268)) - Registered Data node : 84568b57-9d99-42dc-882b-eae65806f704{ip: 192.168.164.213, host: pr-hdds-2359-djbrp-462585948, networkLocation: /default-rack, certSerialId: null}
2019-10-24 15:46:17,034 [grpc-default-executor-0] INFO  impl.RaftServerProxy (RaftServerProxy.java:addNew(89)) - 98e78e11-cb4b-48d0-b763-897efd13c9ec: addNew group-5E69873B3CDC:[98e78e11-cb4b-48d0-b763-897efd13c9ec:192.168.164.213:39232] returns group-5E69873B3CDC:java.util.concurrent.CompletableFuture@652eb502[Not completed]
2019-10-24 15:46:17,054 [pool-27-thread-1] INFO  impl.RaftServerImpl (RaftServerImpl.java:<init>(104)) - 98e78e11-cb4b-48d0-b763-897efd13c9ec: new RaftServerImpl for group-5E69873B3CDC:[98e78e11-cb4b-48d0-b763-897efd13c9ec:192.168.164.213:39232] with ContainerStateMachine:uninitialized
2019-10-24 15:46:17,058 [pool-27-thread-1] INFO  server.RaftServerConfigKeys (ConfUtils.java:logGet(43)) - raft.server.rpc.timeout.min = 5s (custom)
2019-10-24 15:46:17,059 [pool-27-thread-1] INFO  server.RaftServerConfigKeys (ConfUtils.java:logGet(43)) - raft.server.rpc.timeout.max = 5200ms (custom)
2019-10-24 15:46:17,059 [pool-27-thread-1] INFO  server.RaftServerConfigKeys (ConfUtils.java:logGet(43)) - raft.server.rpcslowness.timeout = 1000s (custom)
2019-10-24 15:46:17,060 [pool-27-thread-1] INFO  server.RaftServerConfigKeys (ConfUtils.java:logGet(43)) - raft.server.sleep.deviation.threshold = 300 (default)
2019-10-24 15:46:17,061 [pool-27-thread-1] INFO  server.RaftServerConfigKeys (ConfUtils.java:logGet(43)) - raft.server.log.appender.install.snapshot.enabled = false (custom)
2019-10-24 15:46:17,070 [pool-27-thread-1] INFO  impl.RaftServerImpl (ServerState.java:<init>(103)) - 98e78e11-cb4b-48d0-b763-897efd13c9ec@group-5E69873B3CDC: ConfigurationManager, init=-1: [98e78e11-cb4b-48d0-b763-897efd13c9ec:192.168.164.213:39232], old=null, confs=<EMPTY_MAP>
2019-10-24 15:46:17,071 [pool-27-thread-1] INFO  server.RaftServerConfigKeys (ConfUtils.java:logGet(43)) - raft.server.storage.dir = [/workdir/hadoop-ozone/integration-test/target/test-dir/MiniOzoneClusterImpl-cea207ca-acd6-4eb2-aab4-e348648d9a8e/datanode-0/data/ratis] (custom)
2019-10-24 15:46:17,077 [pool-27-thread-1] INFO  server.RaftServerConfigKeys (ConfUtils.java:logGet(43)) - raft.server.log.corruption.policy = EXCEPTION (default)
2019-10-24 15:46:17,079 [pool-27-thread-1] INFO  storage.RaftStorageDirectory (RaftStorageDirectory.java:analyzeStorage(246)) - The storage directory /workdir/hadoop-ozone/integration-test/target/test-dir/MiniOzoneClusterImpl-cea207ca-acd6-4eb2-aab4-e348648d9a8e/datanode-0/data/ratis/bb06db3f-37bc-455e-8aec-5e69873b3cdc does not exist. Creating ...
2019-10-24 15:46:17,096 [pool-27-thread-1] INFO  storage.RaftStorageDirectory (RaftStorageDirectory.java:tryLock(328)) - Lock on /workdir/hadoop-ozone/integration-test/target/test-dir/MiniOzoneClusterImpl-cea207ca-acd6-4eb2-aab4-e348648d9a8e/datanode-0/data/ratis/bb06db3f-37bc-455e-8aec-5e69873b3cdc/in_use.lock acquired by nodename 11966@pr-hdds-2359-djbrp-462585948
2019-10-24 15:46:17,110 [pool-27-thread-1] INFO  storage.RaftStorage (RaftStorage.java:format(84)) - Storage directory /workdir/hadoop-ozone/integration-test/target/test-dir/MiniOzoneClusterImpl-cea207ca-acd6-4eb2-aab4-e348648d9a8e/datanode-0/data/ratis/bb06db3f-37bc-455e-8aec-5e69873b3cdc has been successfully formatted.
2019-10-24 15:46:17,113 [pool-27-thread-1] INFO  ratis.ContainerStateMachine (ContainerStateMachine.java:loadSnapshot(231)) - group-5E69873B3CDC: The snapshot info is null. Setting the last applied indexto:(t:0, i:~)
2019-10-24 15:46:17,113 [pool-27-thread-1] INFO  server.RaftServerConfigKeys (ConfUtils.java:logGet(43)) - raft.server.notification.no-leader.timeout = 1000s (custom)
2019-10-24 15:46:17,115 [pool-27-thread-1] INFO  server.RaftServerConfigKeys (ConfUtils.java:logGet(43)) - raft.server.log.use.memory = false (default)
2019-10-24 15:46:17,121 [pool-27-thread-1] INFO  server.RaftServerConfigKeys (ConfUtils.java:logGet(43)) - raft.server.log.purge.gap = 1000000 (custom)
2019-10-24 15:46:17,121 [pool-27-thread-1] INFO  server.RaftServerConfigKeys (ConfUtils.java:logGet(43)) - raft.server.log.appender.buffer.byte-limit = 33554432 (custom)
2019-10-24 15:46:17,124 [pool-27-thread-1] INFO  server.RaftServerConfigKeys (ConfUtils.java:logGet(43)) - raft.server.log.segment.size.max = 1048576 (custom)
2019-10-24 15:46:17,125 [pool-27-thread-1] INFO  impl.MetricsSystemImpl (MetricsSystemImpl.java:init(158)) - ratis metrics system started (again)
2019-10-24 15:46:17,130 [pool-27-thread-1] INFO  metrics.MetricRegistries (MetricRegistriesLoader.java:load(64)) - Loaded MetricRegistries class org.apache.ratis.metrics.impl.MetricRegistriesImpl
2019-10-24 15:46:17,168 [pool-27-thread-1] INFO  server.RaftServerConfigKeys (ConfUtils.java:logGet(43)) - raft.server.log.segment.cache.num.max = 2 (custom)
2019-10-24 15:46:17,174 [pool-27-thread-1] INFO  segmented.SegmentedRaftLogWorker (SegmentedRaftLogWorker.java:<init>(173)) - new 98e78e11-cb4b-48d0-b763-897efd13c9ec@group-5E69873B3CDC-SegmentedRaftLogWorker for RaftStorage:Storage Directory /workdir/hadoop-ozone/integration-test/target/test-dir/MiniOzoneClusterImpl-cea207ca-acd6-4eb2-aab4-e348648d9a8e/datanode-0/data/ratis/bb06db3f-37bc-455e-8aec-5e69873b3cdc
2019-10-24 15:46:17,174 [pool-27-thread-1] INFO  server.RaftServerConfigKeys (ConfUtils.java:logGet(43)) - raft.server.log.queue.byte-limit = 2147483647 (custom)
2019-10-24 15:46:17,175 [pool-27-thread-1] INFO  server.RaftServerConfigKeys (ConfUtils.java:logGet(43)) - raft.server.log.queue.element-limit = 1024 (custom)
2019-10-24 15:46:17,176 [pool-27-thread-1] INFO  server.RaftServerConfigKeys (ConfUtils.java:logGet(43)) - raft.server.log.segment.size.max = 1048576 (custom)
2019-10-24 15:46:17,176 [pool-27-thread-1] INFO  server.RaftServerConfigKeys (ConfUtils.java:logGet(43)) - raft.server.log.preallocated.size = 16384 (custom)
2019-10-24 15:46:17,177 [pool-27-thread-1] INFO  server.RaftServerConfigKeys (ConfUtils.java:logGet(43)) - raft.server.log.write.buffer.size = 33554432 (custom)
2019-10-24 15:46:17,177 [pool-27-thread-1] INFO  server.RaftServerConfigKeys (ConfUtils.java:logGet(43)) - raft.server.log.force.sync.num = 128 (default)
2019-10-24 15:46:17,178 [pool-27-thread-1] INFO  server.RaftServerConfigKeys (ConfUtils.java:logGet(43)) - raft.server.log.statemachine.data.sync = true (default)
2019-10-24 15:46:17,178 [pool-27-thread-1] INFO  server.RaftServerConfigKeys (ConfUtils.java:logGet(43)) - raft.server.log.statemachine.data.sync.timeout = 10s (default)
2019-10-24 15:46:17,179 [pool-27-thread-1] INFO  server.RaftServerConfigKeys (ConfUtils.java:logGet(43)) - raft.server.log.statemachine.data.sync.timeout.retry = -1 (default)
2019-10-24 15:46:17,191 [pool-27-thread-1] INFO  server.RaftServerConfigKeys (ConfUtils.java:logGet(43)) - raft.server.log.statemachine.data.caching.enabled = true (custom)
2019-10-24 15:46:17,196 [pool-27-thread-1] INFO  segmented.SegmentedRaftLogWorker (SegmentedRaftLogWorker.java:lambda$new$0(128)) - 98e78e11-cb4b-48d0-b763-897efd13c9ec@group-5E69873B3CDC-SegmentedRaftLogWorker: flushIndex: setUnconditionally 0 -> -1
2019-10-24 15:46:17,200 [pool-27-thread-1] INFO  server.RaftServerConfigKeys (ConfUtils.java:logGet(43)) - raft.server.snapshot.auto.trigger.enabled = true (custom)
2019-10-24 15:46:17,201 [pool-27-thread-1] INFO  server.RaftServerConfigKeys (ConfUtils.java:logGet(43)) - raft.server.snapshot.auto.trigger.threshold = 10000 (custom)
2019-10-24 15:46:17,202 [pool-27-thread-1] INFO  server.RaftServerConfigKeys (ConfUtils.java:logGet(43)) - raft.server.snapshot.retention.file.num = 5 (custom)
2019-10-24 15:46:17,202 [pool-27-thread-1] INFO  server.RaftServerConfigKeys (ConfUtils.java:logGet(43)) - raft.server.retrycache.expirytime = 600000ms (custom)
2019-10-24 15:46:17,235 [pool-27-thread-1] INFO  impl.RaftServerImpl (RaftServerImpl.java:start(195)) - 98e78e11-cb4b-48d0-b763-897efd13c9ec@group-5E69873B3CDC: start as a follower, conf=-1: [98e78e11-cb4b-48d0-b763-897efd13c9ec:192.168.164.213:39232], old=null
2019-10-24 15:46:17,237 [pool-27-thread-1] INFO  impl.RaftServerImpl (RaftServerImpl.java:setRole(184)) - 98e78e11-cb4b-48d0-b763-897efd13c9ec@group-5E69873B3CDC: changes role from      null to FOLLOWER at term 0 for startAsFollower
2019-10-24 15:46:17,238 [pool-27-thread-1] INFO  impl.RoleInfo (RoleInfo.java:updateAndGet(143)) - 98e78e11-cb4b-48d0-b763-897efd13c9ec: start FollowerState
2019-10-24 15:46:17,240 [pool-27-thread-1] INFO  util.JmxRegister (JmxRegister.java:tryRegister(44)) - Successfully registered JMX Bean with object name Ratis:service=RaftServer,group=group-5E69873B3CDC,id=98e78e11-cb4b-48d0-b763-897efd13c9ec
2019-10-24 15:46:17,248 [Thread-186] INFO  impl.FollowerState (FollowerState.java:run(108)) - 98e78e11-cb4b-48d0-b763-897efd13c9ec@group-5E69873B3CDC-FollowerState: change to CANDIDATE, lastRpcTime:10ms, electionTimeout:9ms
2019-10-24 15:46:17,253 [Thread-186] INFO  impl.RoleInfo (RoleInfo.java:shutdownFollowerState(121)) - 98e78e11-cb4b-48d0-b763-897efd13c9ec: shutdown FollowerState
2019-10-24 15:46:17,254 [Thread-186] INFO  impl.RaftServerImpl (RaftServerImpl.java:setRole(184)) - 98e78e11-cb4b-48d0-b763-897efd13c9ec@group-5E69873B3CDC: changes role from  FOLLOWER to CANDIDATE at term 0 for changeToCandidate
2019-10-24 15:46:17,260 [Thread-186] INFO  impl.RoleInfo (RoleInfo.java:updateAndGet(143)) - 98e78e11-cb4b-48d0-b763-897efd13c9ec: start LeaderElection
2019-10-24 15:46:17,276 [98e78e11-cb4b-48d0-b763-897efd13c9ec@group-5E69873B3CDC-LeaderElection1] INFO  impl.LeaderElection (LeaderElection.java:askForVotes(178)) - 98e78e11-cb4b-48d0-b763-897efd13c9ec@group-5E69873B3CDC-LeaderElection1: begin an election at term 1 for -1: [98e78e11-cb4b-48d0-b763-897efd13c9ec:192.168.164.213:39232], old=null
2019-10-24 15:46:17,278 [98e78e11-cb4b-48d0-b763-897efd13c9ec@group-5E69873B3CDC-LeaderElection1] INFO  impl.RoleInfo (RoleInfo.java:shutdownLeaderElection(134)) - 98e78e11-cb4b-48d0-b763-897efd13c9ec: shutdown LeaderElection
2019-10-24 15:46:17,279 [98e78e11-cb4b-48d0-b763-897efd13c9ec@group-5E69873B3CDC-LeaderElection1] INFO  impl.RaftServerImpl (RaftServerImpl.java:setRole(184)) - 98e78e11-cb4b-48d0-b763-897efd13c9ec@group-5E69873B3CDC: changes role from CANDIDATE to LEADER at term 1 for changeToLeader
2019-10-24 15:46:17,279 [98e78e11-cb4b-48d0-b763-897efd13c9ec@group-5E69873B3CDC-LeaderElection1] INFO  impl.RaftServerImpl (ServerState.java:setLeader(256)) - 98e78e11-cb4b-48d0-b763-897efd13c9ec@group-5E69873B3CDC: change Leader from null to 98e78e11-cb4b-48d0-b763-897efd13c9ec at term 1 for becomeLeader, leader elected after 166ms
2019-10-24 15:46:17,287 [98e78e11-cb4b-48d0-b763-897efd13c9ec@group-5E69873B3CDC-LeaderElection1] INFO  server.RaftServerConfigKeys (ConfUtils.java:logGet(43)) - raft.server.staging.catchup.gap = 1000 (default)
2019-10-24 15:46:17,287 [98e78e11-cb4b-48d0-b763-897efd13c9ec@group-5E69873B3CDC-LeaderElection1] INFO  server.RaftServerConfigKeys (ConfUtils.java:logGet(43)) - raft.server.rpc.sleep.time = 25ms (default)
2019-10-24 15:46:17,294 [98e78e11-cb4b-48d0-b763-897efd13c9ec@group-5E69873B3CDC-LeaderElection1] INFO  server.RaftServerConfigKeys (ConfUtils.java:logGet(43)) - raft.server.write.element-limit = 4096 (default)
2019-10-24 15:46:17,298 [98e78e11-cb4b-48d0-b763-897efd13c9ec@group-5E69873B3CDC-LeaderElection1] INFO  server.RaftServerConfigKeys (ConfUtils.java:logGet(43)) - raft.server.watch.timeout = 10s (default)
2019-10-24 15:46:17,298 [98e78e11-cb4b-48d0-b763-897efd13c9ec@group-5E69873B3CDC-LeaderElection1] INFO  server.RaftServerConfigKeys (ConfUtils.java:logGet(43)) - raft.server.watch.timeout.denomination = 1s (default)
2019-10-24 15:46:17,301 [98e78e11-cb4b-48d0-b763-897efd13c9ec@group-5E69873B3CDC-LeaderElection1] INFO  server.RaftServerConfigKeys (ConfUtils.java:logGet(43)) - raft.server.watch.element-limit = 65536 (default)
2019-10-24 15:46:17,339 [RatisPipelineUtilsThread] INFO  pipeline.PipelineStateManager (PipelineStateManager.java:addPipeline(56)) - Created pipeline Pipeline[ Id: bb06db3f-37bc-455e-8aec-5e69873b3cdc, Nodes: 98e78e11-cb4b-48d0-b763-897efd13c9ec{ip: 192.168.164.213, host: pr-hdds-2359-djbrp-462585948, networkLocation: /default-rack, certSerialId: null}, Type:RATIS, Factor:ONE, State:OPEN]
2019-10-24 15:46:17,352 [98e78e11-cb4b-48d0-b763-897efd13c9ec@group-5E69873B3CDC-LeaderElection1] INFO  impl.RoleInfo (RoleInfo.java:updateAndGet(143)) - 98e78e11-cb4b-48d0-b763-897efd13c9ec: start LeaderState
2019-10-24 15:46:17,359 [grpc-default-executor-0] INFO  impl.RaftServerProxy (RaftServerProxy.java:addNew(89)) - feaf5d54-1805-49ec-899f-945609733e38: addNew group-01B139C82C33:[feaf5d54-1805-49ec-899f-945609733e38:192.168.164.213:39911] returns group-01B139C82C33:java.util.concurrent.CompletableFuture@692d9991[Not completed]
2019-10-24 15:46:17,361 [pool-37-thread-1] INFO  impl.RaftServerImpl (RaftServerImpl.java:<init>(104)) - feaf5d54-1805-49ec-899f-945609733e38: new RaftServerImpl for group-01B139C82C33:[feaf5d54-1805-49ec-899f-945609733e38:192.168.164.213:39911] with ContainerStateMachine:uninitialized
2019-10-24 15:46:17,362 [pool-37-thread-1] INFO  server.RaftServerConfigKeys (ConfUtils.java:logGet(43)) - raft.server.rpc.timeout.min = 5s (custom)
2019-10-24 15:46:17,362 [pool-37-thread-1] INFO  server.RaftServerConfigKeys (ConfUtils.java:logGet(43)) - raft.server.rpc.timeout.max = 5200ms (custom)
2019-10-24 15:46:17,362 [pool-37-thread-1] INFO  server.RaftServerConfigKeys (ConfUtils.java:logGet(43)) - raft.server.rpcslowness.timeout = 1000s (custom)
2019-10-24 15:46:17,362 [pool-37-thread-1] INFO  server.RaftServerConfigKeys (ConfUtils.java:logGet(43)) - raft.server.sleep.deviation.threshold = 300 (default)
2019-10-24 15:46:17,362 [pool-37-thread-1] INFO  server.RaftServerConfigKeys (ConfUtils.java:logGet(43)) - raft.server.log.appender.install.snapshot.enabled = false (custom)
2019-10-24 15:46:17,362 [pool-37-thread-1] INFO  impl.RaftServerImpl (ServerState.java:<init>(103)) - feaf5d54-1805-49ec-899f-945609733e38@group-01B139C82C33: ConfigurationManager, init=-1: [feaf5d54-1805-49ec-899f-945609733e38:192.168.164.213:39911], old=null, confs=<EMPTY_MAP>
2019-10-24 15:46:17,363 [pool-37-thread-1] INFO  server.RaftServerConfigKeys (ConfUtils.java:logGet(43)) - raft.server.storage.dir = [/workdir/hadoop-ozone/integration-test/target/test-dir/MiniOzoneClusterImpl-cea207ca-acd6-4eb2-aab4-e348648d9a8e/datanode-1/data/ratis] (custom)
2019-10-24 15:46:17,363 [pool-37-thread-1] INFO  server.RaftServerConfigKeys (ConfUtils.java:logGet(43)) - raft.server.log.corruption.policy = EXCEPTION (default)
2019-10-24 15:46:17,364 [pool-37-thread-1] INFO  storage.RaftStorageDirectory (RaftStorageDirectory.java:analyzeStorage(246)) - The storage directory /workdir/hadoop-ozone/integration-test/target/test-dir/MiniOzoneClusterImpl-cea207ca-acd6-4eb2-aab4-e348648d9a8e/datanode-1/data/ratis/2a760d80-a26c-4eb7-a9fc-01b139c82c33 does not exist. Creating ...
2019-10-24 15:46:17,378 [pool-37-thread-1] INFO  storage.RaftStorageDirectory (RaftStorageDirectory.java:tryLock(328)) - Lock on /workdir/hadoop-ozone/integration-test/target/test-dir/MiniOzoneClusterImpl-cea207ca-acd6-4eb2-aab4-e348648d9a8e/datanode-1/data/ratis/2a760d80-a26c-4eb7-a9fc-01b139c82c33/in_use.lock acquired by nodename 11966@pr-hdds-2359-djbrp-462585948
2019-10-24 15:46:17,379 [98e78e11-cb4b-48d0-b763-897efd13c9ec@group-5E69873B3CDC-LeaderElection1] INFO  segmented.SegmentedRaftLogWorker (SegmentedRaftLogWorker.java:startLogSegment(385)) - 98e78e11-cb4b-48d0-b763-897efd13c9ec@group-5E69873B3CDC-SegmentedRaftLogWorker: Starting segment from index:0
2019-10-24 15:46:17,391 [98e78e11-cb4b-48d0-b763-897efd13c9ec@group-5E69873B3CDC-LeaderElection1] INFO  impl.RaftServerImpl (ServerState.java:setRaftConf(357)) - 98e78e11-cb4b-48d0-b763-897efd13c9ec@group-5E69873B3CDC: set configuration 0: [98e78e11-cb4b-48d0-b763-897efd13c9ec:192.168.164.213:39232], old=null at 0
2019-10-24 15:46:17,392 [pool-37-thread-1] INFO  storage.RaftStorage (RaftStorage.java:format(84)) - Storage directory /workdir/hadoop-ozone/integration-test/target/test-dir/MiniOzoneClusterImpl-cea207ca-acd6-4eb2-aab4-e348648d9a8e/datanode-1/data/ratis/2a760d80-a26c-4eb7-a9fc-01b139c82c33 has been successfully formatted.
2019-10-24 15:46:17,393 [pool-37-thread-1] INFO  ratis.ContainerStateMachine (ContainerStateMachine.java:loadSnapshot(231)) - group-01B139C82C33: The snapshot info is null. Setting the last applied indexto:(t:0, i:~)
2019-10-24 15:46:17,394 [pool-37-thread-1] INFO  server.RaftServerConfigKeys (ConfUtils.java:logGet(43)) - raft.server.notification.no-leader.timeout = 1000s (custom)
2019-10-24 15:46:17,394 [pool-37-thread-1] INFO  server.RaftServerConfigKeys (ConfUtils.java:logGet(43)) - raft.server.log.use.memory = false (default)
2019-10-24 15:46:17,394 [pool-37-thread-1] INFO  server.RaftServerConfigKeys (ConfUtils.java:logGet(43)) - raft.server.log.purge.gap = 1000000 (custom)
2019-10-24 15:46:17,394 [pool-37-thread-1] INFO  server.RaftServerConfigKeys (ConfUtils.java:logGet(43)) - raft.server.log.appender.buffer.byte-limit = 33554432 (custom)
2019-10-24 15:46:17,395 [pool-37-thread-1] INFO  server.RaftServerConfigKeys (ConfUtils.java:logGet(43)) - raft.server.log.segment.size.max = 1048576 (custom)
2019-10-24 15:46:17,420 [pool-37-thread-1] INFO  server.RaftServerConfigKeys (ConfUtils.java:logGet(43)) - raft.server.log.segment.cache.num.max = 2 (custom)
2019-10-24 15:46:17,420 [pool-37-thread-1] INFO  segmented.SegmentedRaftLogWorker (SegmentedRaftLogWorker.java:<init>(173)) - new feaf5d54-1805-49ec-899f-945609733e38@group-01B139C82C33-SegmentedRaftLogWorker for RaftStorage:Storage Directory /workdir/hadoop-ozone/integration-test/target/test-dir/MiniOzoneClusterImpl-cea207ca-acd6-4eb2-aab4-e348648d9a8e/datanode-1/data/ratis/2a760d80-a26c-4eb7-a9fc-01b139c82c33
2019-10-24 15:46:17,420 [pool-37-thread-1] INFO  server.RaftServerConfigKeys (ConfUtils.java:logGet(43)) - raft.server.log.queue.byte-limit = 2147483647 (custom)
2019-10-24 15:46:17,420 [pool-37-thread-1] INFO  server.RaftServerConfigKeys (ConfUtils.java:logGet(43)) - raft.server.log.queue.element-limit = 1024 (custom)
2019-10-24 15:46:17,420 [pool-37-thread-1] INFO  server.RaftServerConfigKeys (ConfUtils.java:logGet(43)) - raft.server.log.segment.size.max = 1048576 (custom)
2019-10-24 15:46:17,421 [pool-37-thread-1] INFO  server.RaftServerConfigKeys (ConfUtils.java:logGet(43)) - raft.server.log.preallocated.size = 16384 (custom)
2019-10-24 15:46:17,421 [pool-37-thread-1] INFO  server.RaftServerConfigKeys (ConfUtils.java:logGet(43)) - raft.server.log.write.buffer.size = 33554432 (custom)
2019-10-24 15:46:17,421 [pool-37-thread-1] INFO  server.RaftServerConfigKeys (ConfUtils.java:logGet(43)) - raft.server.log.force.sync.num = 128 (default)
2019-10-24 15:46:17,421 [pool-37-thread-1] INFO  server.RaftServerConfigKeys (ConfUtils.java:logGet(43)) - raft.server.log.statemachine.data.sync = true (default)
2019-10-24 15:46:17,421 [pool-37-thread-1] INFO  server.RaftServerConfigKeys (ConfUtils.java:logGet(43)) - raft.server.log.statemachine.data.sync.timeout = 10s (default)
2019-10-24 15:46:17,421 [pool-37-thread-1] INFO  server.RaftServerConfigKeys (ConfUtils.java:logGet(43)) - raft.server.log.statemachine.data.sync.timeout.retry = -1 (default)
2019-10-24 15:46:17,422 [pool-37-thread-1] INFO  server.RaftServerConfigKeys (ConfUtils.java:logGet(43)) - raft.server.log.statemachine.data.caching.enabled = true (custom)
2019-10-24 15:46:17,422 [pool-37-thread-1] INFO  segmented.SegmentedRaftLogWorker (SegmentedRaftLogWorker.java:lambda$new$0(128)) - feaf5d54-1805-49ec-899f-945609733e38@group-01B139C82C33-SegmentedRaftLogWorker: flushIndex: setUnconditionally 0 -> -1
2019-10-24 15:46:17,423 [pool-37-thread-1] INFO  server.RaftServerConfigKeys (ConfUtils.java:logGet(43)) - raft.server.snapshot.auto.trigger.enabled = true (custom)
2019-10-24 15:46:17,423 [pool-37-thread-1] INFO  server.RaftServerConfigKeys (ConfUtils.java:logGet(43)) - raft.server.snapshot.auto.trigger.threshold = 10000 (custom)
2019-10-24 15:46:17,423 [pool-37-thread-1] INFO  server.RaftServerConfigKeys (ConfUtils.java:logGet(43)) - raft.server.snapshot.retention.file.num = 5 (custom)
2019-10-24 15:46:17,423 [pool-37-thread-1] INFO  server.RaftServerConfigKeys (ConfUtils.java:logGet(43)) - raft.server.retrycache.expirytime = 600000ms (custom)
2019-10-24 15:46:17,430 [pool-37-thread-1] INFO  impl.RaftServerImpl (RaftServerImpl.java:start(195)) - feaf5d54-1805-49ec-899f-945609733e38@group-01B139C82C33: start as a follower, conf=-1: [feaf5d54-1805-49ec-899f-945609733e38:192.168.164.213:39911], old=null
2019-10-24 15:46:17,430 [pool-37-thread-1] INFO  impl.RaftServerImpl (RaftServerImpl.java:setRole(184)) - feaf5d54-1805-49ec-899f-945609733e38@group-01B139C82C33: changes role from      null to FOLLOWER at term 0 for startAsFollower
2019-10-24 15:46:17,430 [pool-37-thread-1] INFO  impl.RoleInfo (RoleInfo.java:updateAndGet(143)) - feaf5d54-1805-49ec-899f-945609733e38: start FollowerState
2019-10-24 15:46:17,431 [pool-37-thread-1] INFO  util.JmxRegister (JmxRegister.java:tryRegister(44)) - Successfully registered JMX Bean with object name Ratis:service=RaftServer,group=group-01B139C82C33,id=feaf5d54-1805-49ec-899f-945609733e38
2019-10-24 15:46:17,444 [RatisPipelineUtilsThread] INFO  pipeline.PipelineStateManager (PipelineStateManager.java:addPipeline(56)) - Created pipeline Pipeline[ Id: 2a760d80-a26c-4eb7-a9fc-01b139c82c33, Nodes: feaf5d54-1805-49ec-899f-945609733e38{ip: 192.168.164.213, host: pr-hdds-2359-djbrp-462585948, networkLocation: /default-rack, certSerialId: null}, Type:RATIS, Factor:ONE, State:OPEN]
2019-10-24 15:46:17,464 [grpc-default-executor-0] INFO  impl.RaftServerProxy (RaftServerProxy.java:addNew(89)) - 84568b57-9d99-42dc-882b-eae65806f704: addNew group-364CF776A522:[84568b57-9d99-42dc-882b-eae65806f704:192.168.164.213:37329] returns group-364CF776A522:java.util.concurrent.CompletableFuture@615f5de3[Not completed]
2019-10-24 15:46:17,477 [pool-47-thread-1] INFO  impl.RaftServerImpl (RaftServerImpl.java:<init>(104)) - 84568b57-9d99-42dc-882b-eae65806f704: new RaftServerImpl for group-364CF776A522:[84568b57-9d99-42dc-882b-eae65806f704:192.168.164.213:37329] with ContainerStateMachine:uninitialized
2019-10-24 15:46:17,478 [pool-47-thread-1] INFO  server.RaftServerConfigKeys (ConfUtils.java:logGet(43)) - raft.server.rpc.timeout.min = 5s (custom)
2019-10-24 15:46:17,478 [pool-47-thread-1] INFO  server.RaftServerConfigKeys (ConfUtils.java:logGet(43)) - raft.server.rpc.timeout.max = 5200ms (custom)
2019-10-24 15:46:17,479 [pool-47-thread-1] INFO  server.RaftServerConfigKeys (ConfUtils.java:logGet(43)) - raft.server.rpcslowness.timeout = 1000s (custom)
2019-10-24 15:46:17,479 [pool-47-thread-1] INFO  server.RaftServerConfigKeys (ConfUtils.java:logGet(43)) - raft.server.sleep.deviation.threshold = 300 (default)
2019-10-24 15:46:17,479 [pool-47-thread-1] INFO  server.RaftServerConfigKeys (ConfUtils.java:logGet(43)) - raft.server.log.appender.install.snapshot.enabled = false (custom)
2019-10-24 15:46:17,479 [pool-47-thread-1] INFO  impl.RaftServerImpl (ServerState.java:<init>(103)) - 84568b57-9d99-42dc-882b-eae65806f704@group-364CF776A522: ConfigurationManager, init=-1: [84568b57-9d99-42dc-882b-eae65806f704:192.168.164.213:37329], old=null, confs=<EMPTY_MAP>
2019-10-24 15:46:17,480 [pool-47-thread-1] INFO  server.RaftServerConfigKeys (ConfUtils.java:logGet(43)) - raft.server.storage.dir = [/workdir/hadoop-ozone/integration-test/target/test-dir/MiniOzoneClusterImpl-cea207ca-acd6-4eb2-aab4-e348648d9a8e/datanode-2/data/ratis] (custom)
2019-10-24 15:46:17,480 [pool-47-thread-1] INFO  server.RaftServerConfigKeys (ConfUtils.java:logGet(43)) - raft.server.log.corruption.policy = EXCEPTION (default)
2019-10-24 15:46:17,481 [pool-47-thread-1] INFO  storage.RaftStorageDirectory (RaftStorageDirectory.java:analyzeStorage(246)) - The storage directory /workdir/hadoop-ozone/integration-test/target/test-dir/MiniOzoneClusterImpl-cea207ca-acd6-4eb2-aab4-e348648d9a8e/datanode-2/data/ratis/1fe3420e-4a84-4d90-9d36-364cf776a522 does not exist. Creating ...
2019-10-24 15:46:17,486 [Thread-191] INFO  impl.FollowerState (FollowerState.java:run(108)) - feaf5d54-1805-49ec-899f-945609733e38@group-01B139C82C33-FollowerState: change to CANDIDATE, lastRpcTime:55ms, electionTimeout:55ms
2019-10-24 15:46:17,488 [Thread-191] INFO  impl.RoleInfo (RoleInfo.java:shutdownFollowerState(121)) - feaf5d54-1805-49ec-899f-945609733e38: shutdown FollowerState
2019-10-24 15:46:17,488 [Thread-191] INFO  impl.RaftServerImpl (RaftServerImpl.java:setRole(184)) - feaf5d54-1805-49ec-899f-945609733e38@group-01B139C82C33: changes role from  FOLLOWER to CANDIDATE at term 0 for changeToCandidate
2019-10-24 15:46:17,488 [Thread-191] INFO  impl.RoleInfo (RoleInfo.java:updateAndGet(143)) - feaf5d54-1805-49ec-899f-945609733e38: start LeaderElection
2019-10-24 15:46:17,497 [pool-47-thread-1] INFO  storage.RaftStorageDirectory (RaftStorageDirectory.java:tryLock(328)) - Lock on /workdir/hadoop-ozone/integration-test/target/test-dir/MiniOzoneClusterImpl-cea207ca-acd6-4eb2-aab4-e348648d9a8e/datanode-2/data/ratis/1fe3420e-4a84-4d90-9d36-364cf776a522/in_use.lock acquired by nodename 11966@pr-hdds-2359-djbrp-462585948
2019-10-24 15:46:17,497 [feaf5d54-1805-49ec-899f-945609733e38@group-01B139C82C33-LeaderElection2] INFO  impl.LeaderElection (LeaderElection.java:askForVotes(178)) - feaf5d54-1805-49ec-899f-945609733e38@group-01B139C82C33-LeaderElection2: begin an election at term 1 for -1: [feaf5d54-1805-49ec-899f-945609733e38:192.168.164.213:39911], old=null
2019-10-24 15:46:17,499 [feaf5d54-1805-49ec-899f-945609733e38@group-01B139C82C33-LeaderElection2] INFO  impl.RoleInfo (RoleInfo.java:shutdownLeaderElection(134)) - feaf5d54-1805-49ec-899f-945609733e38: shutdown LeaderElection
2019-10-24 15:46:17,499 [feaf5d54-1805-49ec-899f-945609733e38@group-01B139C82C33-LeaderElection2] INFO  impl.RaftServerImpl (RaftServerImpl.java:setRole(184)) - feaf5d54-1805-49ec-899f-945609733e38@group-01B139C82C33: changes role from CANDIDATE to LEADER at term 1 for changeToLeader
2019-10-24 15:46:17,499 [feaf5d54-1805-49ec-899f-945609733e38@group-01B139C82C33-LeaderElection2] INFO  impl.RaftServerImpl (ServerState.java:setLeader(256)) - feaf5d54-1805-49ec-899f-945609733e38@group-01B139C82C33: change Leader from null to feaf5d54-1805-49ec-899f-945609733e38 at term 1 for becomeLeader, leader elected after 104ms
2019-10-24 15:46:17,499 [feaf5d54-1805-49ec-899f-945609733e38@group-01B139C82C33-LeaderElection2] INFO  server.RaftServerConfigKeys (ConfUtils.java:logGet(43)) - raft.server.staging.catchup.gap = 1000 (default)
2019-10-24 15:46:17,499 [feaf5d54-1805-49ec-899f-945609733e38@group-01B139C82C33-LeaderElection2] INFO  server.RaftServerConfigKeys (ConfUtils.java:logGet(43)) - raft.server.rpc.sleep.time = 25ms (default)
2019-10-24 15:46:17,500 [feaf5d54-1805-49ec-899f-945609733e38@group-01B139C82C33-LeaderElection2] INFO  server.RaftServerConfigKeys (ConfUtils.java:logGet(43)) - raft.server.write.element-limit = 4096 (default)
2019-10-24 15:46:17,500 [feaf5d54-1805-49ec-899f-945609733e38@group-01B139C82C33-LeaderElection2] INFO  server.RaftServerConfigKeys (ConfUtils.java:logGet(43)) - raft.server.watch.timeout = 10s (default)
2019-10-24 15:46:17,500 [feaf5d54-1805-49ec-899f-945609733e38@group-01B139C82C33-LeaderElection2] INFO  server.RaftServerConfigKeys (ConfUtils.java:logGet(43)) - raft.server.watch.timeout.denomination = 1s (default)
2019-10-24 15:46:17,500 [feaf5d54-1805-49ec-899f-945609733e38@group-01B139C82C33-LeaderElection2] INFO  server.RaftServerConfigKeys (ConfUtils.java:logGet(43)) - raft.server.watch.element-limit = 65536 (default)
2019-10-24 15:46:17,505 [feaf5d54-1805-49ec-899f-945609733e38@group-01B139C82C33-LeaderElection2] INFO  impl.RoleInfo (RoleInfo.java:updateAndGet(143)) - feaf5d54-1805-49ec-899f-945609733e38: start LeaderState
2019-10-24 15:46:17,505 [feaf5d54-1805-49ec-899f-945609733e38@group-01B139C82C33-LeaderElection2] INFO  segmented.SegmentedRaftLogWorker (SegmentedRaftLogWorker.java:startLogSegment(385)) - feaf5d54-1805-49ec-899f-945609733e38@group-01B139C82C33-SegmentedRaftLogWorker: Starting segment from index:0
2019-10-24 15:46:17,506 [feaf5d54-1805-49ec-899f-945609733e38@group-01B139C82C33-LeaderElection2] INFO  impl.RaftServerImpl (ServerState.java:setRaftConf(357)) - feaf5d54-1805-49ec-899f-945609733e38@group-01B139C82C33: set configuration 0: [feaf5d54-1805-49ec-899f-945609733e38:192.168.164.213:39911], old=null at 0
2019-10-24 15:46:17,512 [pool-47-thread-1] INFO  storage.RaftStorage (RaftStorage.java:format(84)) - Storage directory /workdir/hadoop-ozone/integration-test/target/test-dir/MiniOzoneClusterImpl-cea207ca-acd6-4eb2-aab4-e348648d9a8e/datanode-2/data/ratis/1fe3420e-4a84-4d90-9d36-364cf776a522 has been successfully formatted.
2019-10-24 15:46:17,512 [pool-47-thread-1] INFO  ratis.ContainerStateMachine (ContainerStateMachine.java:loadSnapshot(231)) - group-364CF776A522: The snapshot info is null. Setting the last applied indexto:(t:0, i:~)
2019-10-24 15:46:17,513 [pool-47-thread-1] INFO  server.RaftServerConfigKeys (ConfUtils.java:logGet(43)) - raft.server.notification.no-leader.timeout = 1000s (custom)
2019-10-24 15:46:17,513 [pool-47-thread-1] INFO  server.RaftServerConfigKeys (ConfUtils.java:logGet(43)) - raft.server.log.use.memory = false (default)
2019-10-24 15:46:17,513 [pool-47-thread-1] INFO  server.RaftServerConfigKeys (ConfUtils.java:logGet(43)) - raft.server.log.purge.gap = 1000000 (custom)
2019-10-24 15:46:17,513 [pool-47-thread-1] INFO  server.RaftServerConfigKeys (ConfUtils.java:logGet(43)) - raft.server.log.appender.buffer.byte-limit = 33554432 (custom)
2019-10-24 15:46:17,514 [pool-47-thread-1] INFO  server.RaftServerConfigKeys (ConfUtils.java:logGet(43)) - raft.server.log.segment.size.max = 1048576 (custom)
2019-10-24 15:46:17,518 [pool-47-thread-1] INFO  server.RaftServerConfigKeys (ConfUtils.java:logGet(43)) - raft.server.log.segment.cache.num.max = 2 (custom)
2019-10-24 15:46:17,519 [pool-47-thread-1] INFO  segmented.SegmentedRaftLogWorker (SegmentedRaftLogWorker.java:<init>(173)) - new 84568b57-9d99-42dc-882b-eae65806f704@group-364CF776A522-SegmentedRaftLogWorker for RaftStorage:Storage Directory /workdir/hadoop-ozone/integration-test/target/test-dir/MiniOzoneClusterImpl-cea207ca-acd6-4eb2-aab4-e348648d9a8e/datanode-2/data/ratis/1fe3420e-4a84-4d90-9d36-364cf776a522
2019-10-24 15:46:17,519 [pool-47-thread-1] INFO  server.RaftServerConfigKeys (ConfUtils.java:logGet(43)) - raft.server.log.queue.byte-limit = 2147483647 (custom)
2019-10-24 15:46:17,519 [pool-47-thread-1] INFO  server.RaftServerConfigKeys (ConfUtils.java:logGet(43)) - raft.server.log.queue.element-limit = 1024 (custom)
2019-10-24 15:46:17,519 [pool-47-thread-1] INFO  server.RaftServerConfigKeys (ConfUtils.java:logGet(43)) - raft.server.log.segment.size.max = 1048576 (custom)
2019-10-24 15:46:17,520 [pool-47-thread-1] INFO  server.RaftServerConfigKeys (ConfUtils.java:logGet(43)) - raft.server.log.preallocated.size = 16384 (custom)
2019-10-24 15:46:17,520 [pool-47-thread-1] INFO  server.RaftServerConfigKeys (ConfUtils.java:logGet(43)) - raft.server.log.write.buffer.size = 33554432 (custom)
2019-10-24 15:46:17,520 [pool-47-thread-1] INFO  server.RaftServerConfigKeys (ConfUtils.java:logGet(43)) - raft.server.log.force.sync.num = 128 (default)
2019-10-24 15:46:17,520 [pool-47-thread-1] INFO  server.RaftServerConfigKeys (ConfUtils.java:logGet(43)) - raft.server.log.statemachine.data.sync = true (default)
2019-10-24 15:46:17,520 [pool-47-thread-1] INFO  server.RaftServerConfigKeys (ConfUtils.java:logGet(43)) - raft.server.log.statemachine.data.sync.timeout = 10s (default)
2019-10-24 15:46:17,521 [pool-47-thread-1] INFO  server.RaftServerConfigKeys (ConfUtils.java:logGet(43)) - raft.server.log.statemachine.data.sync.timeout.retry = -1 (default)
2019-10-24 15:46:17,522 [pool-47-thread-1] INFO  server.RaftServerConfigKeys (ConfUtils.java:logGet(43)) - raft.server.log.statemachine.data.caching.enabled = true (custom)
2019-10-24 15:46:17,522 [pool-47-thread-1] INFO  segmented.SegmentedRaftLogWorker (SegmentedRaftLogWorker.java:lambda$new$0(128)) - 84568b57-9d99-42dc-882b-eae65806f704@group-364CF776A522-SegmentedRaftLogWorker: flushIndex: setUnconditionally 0 -> -1
2019-10-24 15:46:17,523 [pool-47-thread-1] INFO  server.RaftServerConfigKeys (ConfUtils.java:logGet(43)) - raft.server.snapshot.auto.trigger.enabled = true (custom)
2019-10-24 15:46:17,523 [pool-47-thread-1] INFO  server.RaftServerConfigKeys (ConfUtils.java:logGet(43)) - raft.server.snapshot.auto.trigger.threshold = 10000 (custom)
2019-10-24 15:46:17,523 [pool-47-thread-1] INFO  server.RaftServerConfigKeys (ConfUtils.java:logGet(43)) - raft.server.snapshot.retention.file.num = 5 (custom)
2019-10-24 15:46:17,524 [pool-47-thread-1] INFO  server.RaftServerConfigKeys (ConfUtils.java:logGet(43)) - raft.server.retrycache.expirytime = 600000ms (custom)
2019-10-24 15:46:17,530 [pool-47-thread-1] INFO  impl.RaftServerImpl (RaftServerImpl.java:start(195)) - 84568b57-9d99-42dc-882b-eae65806f704@group-364CF776A522: start as a follower, conf=-1: [84568b57-9d99-42dc-882b-eae65806f704:192.168.164.213:37329], old=null
2019-10-24 15:46:17,530 [pool-47-thread-1] INFO  impl.RaftServerImpl (RaftServerImpl.java:setRole(184)) - 84568b57-9d99-42dc-882b-eae65806f704@group-364CF776A522: changes role from      null to FOLLOWER at term 0 for startAsFollower
2019-10-24 15:46:17,531 [pool-47-thread-1] INFO  impl.RoleInfo (RoleInfo.java:updateAndGet(143)) - 84568b57-9d99-42dc-882b-eae65806f704: start FollowerState
2019-10-24 15:46:17,531 [pool-47-thread-1] INFO  util.JmxRegister (JmxRegister.java:tryRegister(44)) - Successfully registered JMX Bean with object name Ratis:service=RaftServer,group=group-364CF776A522,id=84568b57-9d99-42dc-882b-eae65806f704
2019-10-24 15:46:17,545 [RatisPipelineUtilsThread] INFO  pipeline.PipelineStateManager (PipelineStateManager.java:addPipeline(56)) - Created pipeline Pipeline[ Id: 1fe3420e-4a84-4d90-9d36-364cf776a522, Nodes: 84568b57-9d99-42dc-882b-eae65806f704{ip: 192.168.164.213, host: pr-hdds-2359-djbrp-462585948, networkLocation: /default-rack, certSerialId: null}, Type:RATIS, Factor:ONE, State:OPEN]
2019-10-24 15:46:17,557 [Thread-196] INFO  impl.FollowerState (FollowerState.java:run(108)) - 84568b57-9d99-42dc-882b-eae65806f704@group-364CF776A522-FollowerState: change to CANDIDATE, lastRpcTime:26ms, electionTimeout:26ms
2019-10-24 15:46:17,558 [Thread-196] INFO  impl.RoleInfo (RoleInfo.java:shutdownFollowerState(121)) - 84568b57-9d99-42dc-882b-eae65806f704: shutdown FollowerState
2019-10-24 15:46:17,559 [Thread-196] INFO  impl.RaftServerImpl (RaftServerImpl.java:setRole(184)) - 84568b57-9d99-42dc-882b-eae65806f704@group-364CF776A522: changes role from  FOLLOWER to CANDIDATE at term 0 for changeToCandidate
2019-10-24 15:46:17,560 [Thread-196] INFO  impl.RoleInfo (RoleInfo.java:updateAndGet(143)) - 84568b57-9d99-42dc-882b-eae65806f704: start LeaderElection
2019-10-24 15:46:17,571 [grpc-default-executor-1] INFO  impl.RaftServerProxy (RaftServerProxy.java:addNew(89)) - feaf5d54-1805-49ec-899f-945609733e38: addNew group-05AC48DA6374:[98e78e11-cb4b-48d0-b763-897efd13c9ec:192.168.164.213:39232, 84568b57-9d99-42dc-882b-eae65806f704:192.168.164.213:37329, feaf5d54-1805-49ec-899f-945609733e38:192.168.164.213:39911] returns group-05AC48DA6374:java.util.concurrent.CompletableFuture@5f08ac3e[Not completed]
2019-10-24 15:46:17,572 [grpc-default-executor-2] INFO  impl.RaftServerProxy (RaftServerProxy.java:addNew(89)) - 84568b57-9d99-42dc-882b-eae65806f704: addNew group-05AC48DA6374:[98e78e11-cb4b-48d0-b763-897efd13c9ec:192.168.164.213:39232, 84568b57-9d99-42dc-882b-eae65806f704:192.168.164.213:37329, feaf5d54-1805-49ec-899f-945609733e38:192.168.164.213:39911] returns group-05AC48DA6374:java.util.concurrent.CompletableFuture@53de3e3f[Not completed]
2019-10-24 15:46:17,573 [grpc-default-executor-2] INFO  impl.RaftServerProxy (RaftServerProxy.java:addNew(89)) - 98e78e11-cb4b-48d0-b763-897efd13c9ec: addNew group-05AC48DA6374:[98e78e11-cb4b-48d0-b763-897efd13c9ec:192.168.164.213:39232, 84568b57-9d99-42dc-882b-eae65806f704:192.168.164.213:37329, feaf5d54-1805-49ec-899f-945609733e38:192.168.164.213:39911] returns group-05AC48DA6374:java.util.concurrent.CompletableFuture@16dcba20[Not completed]
2019-10-24 15:46:17,574 [pool-37-thread-1] INFO  impl.RaftServerImpl (RaftServerImpl.java:<init>(104)) - feaf5d54-1805-49ec-899f-945609733e38: new RaftServerImpl for group-05AC48DA6374:[98e78e11-cb4b-48d0-b763-897efd13c9ec:192.168.164.213:39232, 84568b57-9d99-42dc-882b-eae65806f704:192.168.164.213:37329, feaf5d54-1805-49ec-899f-945609733e38:192.168.164.213:39911] with ContainerStateMachine:uninitialized
2019-10-24 15:46:17,574 [pool-37-thread-1] INFO  server.RaftServerConfigKeys (ConfUtils.java:logGet(43)) - raft.server.rpc.timeout.min = 5s (custom)
2019-10-24 15:46:17,575 [pool-37-thread-1] INFO  server.RaftServerConfigKeys (ConfUtils.java:logGet(43)) - raft.server.rpc.timeout.max = 5200ms (custom)
2019-10-24 15:46:17,575 [pool-37-thread-1] INFO  server.RaftServerConfigKeys (ConfUtils.java:logGet(43)) - raft.server.rpcslowness.timeout = 1000s (custom)
2019-10-24 15:46:17,575 [pool-37-thread-1] INFO  server.RaftServerConfigKeys (ConfUtils.java:logGet(43)) - raft.server.sleep.deviation.threshold = 300 (default)
2019-10-24 15:46:17,575 [pool-37-thread-1] INFO  server.RaftServerConfigKeys (ConfUtils.java:logGet(43)) - raft.server.log.appender.install.snapshot.enabled = false (custom)
2019-10-24 15:46:17,575 [pool-27-thread-1] INFO  impl.RaftServerImpl (RaftServerImpl.java:<init>(104)) - 98e78e11-cb4b-48d0-b763-897efd13c9ec: new RaftServerImpl for group-05AC48DA6374:[98e78e11-cb4b-48d0-b763-897efd13c9ec:192.168.164.213:39232, 84568b57-9d99-42dc-882b-eae65806f704:192.168.164.213:37329, feaf5d54-1805-49ec-899f-945609733e38:192.168.164.213:39911] with ContainerStateMachine:uninitialized
2019-10-24 15:46:17,575 [pool-37-thread-1] INFO  impl.RaftServerImpl (ServerState.java:<init>(103)) - feaf5d54-1805-49ec-899f-945609733e38@group-05AC48DA6374: ConfigurationManager, init=-1: [98e78e11-cb4b-48d0-b763-897efd13c9ec:192.168.164.213:39232, 84568b57-9d99-42dc-882b-eae65806f704:192.168.164.213:37329, feaf5d54-1805-49ec-899f-945609733e38:192.168.164.213:39911], old=null, confs=<EMPTY_MAP>
2019-10-24 15:46:17,576 [pool-27-thread-1] INFO  server.RaftServerConfigKeys (ConfUtils.java:logGet(43)) - raft.server.rpc.timeout.min = 5s (custom)
2019-10-24 15:46:17,576 [pool-37-thread-1] INFO  server.RaftServerConfigKeys (ConfUtils.java:logGet(43)) - raft.server.storage.dir = [/workdir/hadoop-ozone/integration-test/target/test-dir/MiniOzoneClusterImpl-cea207ca-acd6-4eb2-aab4-e348648d9a8e/datanode-1/data/ratis] (custom)
2019-10-24 15:46:17,576 [pool-27-thread-1] INFO  server.RaftServerConfigKeys (ConfUtils.java:logGet(43)) - raft.server.rpc.timeout.max = 5200ms (custom)
2019-10-24 15:46:17,576 [pool-27-thread-1] INFO  server.RaftServerConfigKeys (ConfUtils.java:logGet(43)) - raft.server.rpcslowness.timeout = 1000s (custom)
2019-10-24 15:46:17,576 [pool-37-thread-1] INFO  server.RaftServerConfigKeys (ConfUtils.java:logGet(43)) - raft.server.log.corruption.policy = EXCEPTION (default)
2019-10-24 15:46:17,576 [pool-47-thread-1] INFO  impl.RaftServerImpl (RaftServerImpl.java:<init>(104)) - 84568b57-9d99-42dc-882b-eae65806f704: new RaftServerImpl for group-05AC48DA6374:[98e78e11-cb4b-48d0-b763-897efd13c9ec:192.168.164.213:39232, 84568b57-9d99-42dc-882b-eae65806f704:192.168.164.213:37329, feaf5d54-1805-49ec-899f-945609733e38:192.168.164.213:39911] with ContainerStateMachine:uninitialized
2019-10-24 15:46:17,576 [pool-27-thread-1] INFO  server.RaftServerConfigKeys (ConfUtils.java:logGet(43)) - raft.server.sleep.deviation.threshold = 300 (default)
2019-10-24 15:46:17,577 [pool-47-thread-1] INFO  server.RaftServerConfigKeys (ConfUtils.java:logGet(43)) - raft.server.rpc.timeout.min = 5s (custom)
2019-10-24 15:46:17,577 [pool-37-thread-1] INFO  storage.RaftStorageDirectory (RaftStorageDirectory.java:analyzeStorage(246)) - The storage directory /workdir/hadoop-ozone/integration-test/target/test-dir/MiniOzoneClusterImpl-cea207ca-acd6-4eb2-aab4-e348648d9a8e/datanode-1/data/ratis/a9fb5832-a8b6-4e39-9ab2-05ac48da6374 does not exist. Creating ...
2019-10-24 15:46:17,577 [84568b57-9d99-42dc-882b-eae65806f704@group-364CF776A522-LeaderElection3] INFO  impl.LeaderElection (LeaderElection.java:askForVotes(178)) - 84568b57-9d99-42dc-882b-eae65806f704@group-364CF776A522-LeaderElection3: begin an election at term 1 for -1: [84568b57-9d99-42dc-882b-eae65806f704:192.168.164.213:37329], old=null
2019-10-24 15:46:17,577 [pool-47-thread-1] INFO  server.RaftServerConfigKeys (ConfUtils.java:logGet(43)) - raft.server.rpc.timeout.max = 5200ms (custom)
2019-10-24 15:46:17,577 [pool-27-thread-1] INFO  server.RaftServerConfigKeys (ConfUtils.java:logGet(43)) - raft.server.log.appender.install.snapshot.enabled = false (custom)
2019-10-24 15:46:17,577 [pool-47-thread-1] INFO  server.RaftServerConfigKeys (ConfUtils.java:logGet(43)) - raft.server.rpcslowness.timeout = 1000s (custom)
2019-10-24 15:46:17,577 [84568b57-9d99-42dc-882b-eae65806f704@group-364CF776A522-LeaderElection3] INFO  impl.RoleInfo (RoleInfo.java:shutdownLeaderElection(134)) - 84568b57-9d99-42dc-882b-eae65806f704: shutdown LeaderElection
2019-10-24 15:46:17,578 [pool-47-thread-1] INFO  server.RaftServerConfigKeys (ConfUtils.java:logGet(43)) - raft.server.sleep.deviation.threshold = 300 (default)
2019-10-24 15:46:17,578 [pool-27-thread-1] INFO  impl.RaftServerImpl (ServerState.java:<init>(103)) - 98e78e11-cb4b-48d0-b763-897efd13c9ec@group-05AC48DA6374: ConfigurationManager, init=-1: [98e78e11-cb4b-48d0-b763-897efd13c9ec:192.168.164.213:39232, 84568b57-9d99-42dc-882b-eae65806f704:192.168.164.213:37329, feaf5d54-1805-49ec-899f-945609733e38:192.168.164.213:39911], old=null, confs=<EMPTY_MAP>
2019-10-24 15:46:17,578 [pool-47-thread-1] INFO  server.RaftServerConfigKeys (ConfUtils.java:logGet(43)) - raft.server.log.appender.install.snapshot.enabled = false (custom)
2019-10-24 15:46:17,578 [84568b57-9d99-42dc-882b-eae65806f704@group-364CF776A522-LeaderElection3] INFO  impl.RaftServerImpl (RaftServerImpl.java:setRole(184)) - 84568b57-9d99-42dc-882b-eae65806f704@group-364CF776A522: changes role from CANDIDATE to LEADER at term 1 for changeToLeader
2019-10-24 15:46:17,578 [pool-47-thread-1] INFO  impl.RaftServerImpl (ServerState.java:<init>(103)) - 84568b57-9d99-42dc-882b-eae65806f704@group-05AC48DA6374: ConfigurationManager, init=-1: [98e78e11-cb4b-48d0-b763-897efd13c9ec:192.168.164.213:39232, 84568b57-9d99-42dc-882b-eae65806f704:192.168.164.213:37329, feaf5d54-1805-49ec-899f-945609733e38:192.168.164.213:39911], old=null, confs=<EMPTY_MAP>
2019-10-24 15:46:17,578 [pool-27-thread-1] INFO  server.RaftServerConfigKeys (ConfUtils.java:logGet(43)) - raft.server.storage.dir = [/workdir/hadoop-ozone/integration-test/target/test-dir/MiniOzoneClusterImpl-cea207ca-acd6-4eb2-aab4-e348648d9a8e/datanode-0/data/ratis] (custom)
2019-10-24 15:46:17,578 [pool-47-thread-1] INFO  server.RaftServerConfigKeys (ConfUtils.java:logGet(43)) - raft.server.storage.dir = [/workdir/hadoop-ozone/integration-test/target/test-dir/MiniOzoneClusterImpl-cea207ca-acd6-4eb2-aab4-e348648d9a8e/datanode-2/data/ratis] (custom)
2019-10-24 15:46:17,578 [84568b57-9d99-42dc-882b-eae65806f704@group-364CF776A522-LeaderElection3] INFO  impl.RaftServerImpl (ServerState.java:setLeader(256)) - 84568b57-9d99-42dc-882b-eae65806f704@group-364CF776A522: change Leader from null to 84568b57-9d99-42dc-882b-eae65806f704 at term 1 for becomeLeader, leader elected after 65ms
2019-10-24 15:46:17,579 [pool-27-thread-1] INFO  server.RaftServerConfigKeys (ConfUtils.java:logGet(43)) - raft.server.log.corruption.policy = EXCEPTION (default)
2019-10-24 15:46:17,579 [pool-47-thread-1] INFO  server.RaftServerConfigKeys (ConfUtils.java:logGet(43)) - raft.server.log.corruption.policy = EXCEPTION (default)
2019-10-24 15:46:17,579 [84568b57-9d99-42dc-882b-eae65806f704@group-364CF776A522-LeaderElection3] INFO  server.RaftServerConfigKeys (ConfUtils.java:logGet(43)) - raft.server.staging.catchup.gap = 1000 (default)
2019-10-24 15:46:17,579 [pool-47-thread-1] INFO  storage.RaftStorageDirectory (RaftStorageDirectory.java:analyzeStorage(246)) - The storage directory /workdir/hadoop-ozone/integration-test/target/test-dir/MiniOzoneClusterImpl-cea207ca-acd6-4eb2-aab4-e348648d9a8e/datanode-2/data/ratis/a9fb5832-a8b6-4e39-9ab2-05ac48da6374 does not exist. Creating ...
2019-10-24 15:46:17,579 [pool-27-thread-1] INFO  storage.RaftStorageDirectory (RaftStorageDirectory.java:analyzeStorage(246)) - The storage directory /workdir/hadoop-ozone/integration-test/target/test-dir/MiniOzoneClusterImpl-cea207ca-acd6-4eb2-aab4-e348648d9a8e/datanode-0/data/ratis/a9fb5832-a8b6-4e39-9ab2-05ac48da6374 does not exist. Creating ...
2019-10-24 15:46:17,579 [84568b57-9d99-42dc-882b-eae65806f704@group-364CF776A522-LeaderElection3] INFO  server.RaftServerConfigKeys (ConfUtils.java:logGet(43)) - raft.server.rpc.sleep.time = 25ms (default)
2019-10-24 15:46:17,580 [84568b57-9d99-42dc-882b-eae65806f704@group-364CF776A522-LeaderElection3] INFO  server.RaftServerConfigKeys (ConfUtils.java:logGet(43)) - raft.server.write.element-limit = 4096 (default)
2019-10-24 15:46:17,580 [84568b57-9d99-42dc-882b-eae65806f704@group-364CF776A522-LeaderElection3] INFO  server.RaftServerConfigKeys (ConfUtils.java:logGet(43)) - raft.server.watch.timeout = 10s (default)
2019-10-24 15:46:17,580 [84568b57-9d99-42dc-882b-eae65806f704@group-364CF776A522-LeaderElection3] INFO  server.RaftServerConfigKeys (ConfUtils.java:logGet(43)) - raft.server.watch.timeout.denomination = 1s (default)
2019-10-24 15:46:17,580 [84568b57-9d99-42dc-882b-eae65806f704@group-364CF776A522-LeaderElection3] INFO  server.RaftServerConfigKeys (ConfUtils.java:logGet(43)) - raft.server.watch.element-limit = 65536 (default)
2019-10-24 15:46:17,582 [84568b57-9d99-42dc-882b-eae65806f704@group-364CF776A522-LeaderElection3] INFO  impl.RoleInfo (RoleInfo.java:updateAndGet(143)) - 84568b57-9d99-42dc-882b-eae65806f704: start LeaderState
2019-10-24 15:46:17,582 [84568b57-9d99-42dc-882b-eae65806f704@group-364CF776A522-LeaderElection3] INFO  segmented.SegmentedRaftLogWorker (SegmentedRaftLogWorker.java:startLogSegment(385)) - 84568b57-9d99-42dc-882b-eae65806f704@group-364CF776A522-SegmentedRaftLogWorker: Starting segment from index:0
2019-10-24 15:46:17,583 [84568b57-9d99-42dc-882b-eae65806f704@group-364CF776A522-LeaderElection3] INFO  impl.RaftServerImpl (ServerState.java:setRaftConf(357)) - 84568b57-9d99-42dc-882b-eae65806f704@group-364CF776A522: set configuration 0: [84568b57-9d99-42dc-882b-eae65806f704:192.168.164.213:37329], old=null at 0
2019-10-24 15:46:17,602 [pool-27-thread-1] INFO  storage.RaftStorageDirectory (RaftStorageDirectory.java:tryLock(328)) - Lock on /workdir/hadoop-ozone/integration-test/target/test-dir/MiniOzoneClusterImpl-cea207ca-acd6-4eb2-aab4-e348648d9a8e/datanode-0/data/ratis/a9fb5832-a8b6-4e39-9ab2-05ac48da6374/in_use.lock acquired by nodename 11966@pr-hdds-2359-djbrp-462585948
2019-10-24 15:46:17,602 [pool-47-thread-1] INFO  storage.RaftStorageDirectory (RaftStorageDirectory.java:tryLock(328)) - Lock on /workdir/hadoop-ozone/integration-test/target/test-dir/MiniOzoneClusterImpl-cea207ca-acd6-4eb2-aab4-e348648d9a8e/datanode-2/data/ratis/a9fb5832-a8b6-4e39-9ab2-05ac48da6374/in_use.lock acquired by nodename 11966@pr-hdds-2359-djbrp-462585948
2019-10-24 15:46:17,602 [pool-37-thread-1] INFO  storage.RaftStorageDirectory (RaftStorageDirectory.java:tryLock(328)) - Lock on /workdir/hadoop-ozone/integration-test/target/test-dir/MiniOzoneClusterImpl-cea207ca-acd6-4eb2-aab4-e348648d9a8e/datanode-1/data/ratis/a9fb5832-a8b6-4e39-9ab2-05ac48da6374/in_use.lock acquired by nodename 11966@pr-hdds-2359-djbrp-462585948
2019-10-24 15:46:17,629 [pool-27-thread-1] INFO  storage.RaftStorage (RaftStorage.java:format(84)) - Storage directory /workdir/hadoop-ozone/integration-test/target/test-dir/MiniOzoneClusterImpl-cea207ca-acd6-4eb2-aab4-e348648d9a8e/datanode-0/data/ratis/a9fb5832-a8b6-4e39-9ab2-05ac48da6374 has been successfully formatted.
2019-10-24 15:46:17,629 [pool-47-thread-1] INFO  storage.RaftStorage (RaftStorage.java:format(84)) - Storage directory /workdir/hadoop-ozone/integration-test/target/test-dir/MiniOzoneClusterImpl-cea207ca-acd6-4eb2-aab4-e348648d9a8e/datanode-2/data/ratis/a9fb5832-a8b6-4e39-9ab2-05ac48da6374 has been successfully formatted.
2019-10-24 15:46:17,629 [pool-27-thread-1] INFO  ratis.ContainerStateMachine (ContainerStateMachine.java:loadSnapshot(231)) - group-05AC48DA6374: The snapshot info is null. Setting the last applied indexto:(t:0, i:~)
2019-10-24 15:46:17,629 [pool-37-thread-1] INFO  storage.RaftStorage (RaftStorage.java:format(84)) - Storage directory /workdir/hadoop-ozone/integration-test/target/test-dir/MiniOzoneClusterImpl-cea207ca-acd6-4eb2-aab4-e348648d9a8e/datanode-1/data/ratis/a9fb5832-a8b6-4e39-9ab2-05ac48da6374 has been successfully formatted.
2019-10-24 15:46:17,629 [pool-27-thread-1] INFO  server.RaftServerConfigKeys (ConfUtils.java:logGet(43)) - raft.server.notification.no-leader.timeout = 1000s (custom)
2019-10-24 15:46:17,629 [pool-47-thread-1] INFO  ratis.ContainerStateMachine (ContainerStateMachine.java:loadSnapshot(231)) - group-05AC48DA6374: The snapshot info is null. Setting the last applied indexto:(t:0, i:~)
2019-10-24 15:46:17,630 [pool-27-thread-1] INFO  server.RaftServerConfigKeys (ConfUtils.java:logGet(43)) - raft.server.log.use.memory = false (default)
2019-10-24 15:46:17,629 [pool-37-thread-1] INFO  ratis.ContainerStateMachine (ContainerStateMachine.java:loadSnapshot(231)) - group-05AC48DA6374: The snapshot info is null. Setting the last applied indexto:(t:0, i:~)
2019-10-24 15:46:17,630 [pool-27-thread-1] INFO  server.RaftServerConfigKeys (ConfUtils.java:logGet(43)) - raft.server.log.purge.gap = 1000000 (custom)
2019-10-24 15:46:17,630 [pool-47-thread-1] INFO  server.RaftServerConfigKeys (ConfUtils.java:logGet(43)) - raft.server.notification.no-leader.timeout = 1000s (custom)
2019-10-24 15:46:17,630 [pool-27-thread-1] INFO  server.RaftServerConfigKeys (ConfUtils.java:logGet(43)) - raft.server.log.appender.buffer.byte-limit = 33554432 (custom)
2019-10-24 15:46:17,630 [pool-37-thread-1] INFO  server.RaftServerConfigKeys (ConfUtils.java:logGet(43)) - raft.server.notification.no-leader.timeout = 1000s (custom)
2019-10-24 15:46:17,630 [pool-27-thread-1] INFO  server.RaftServerConfigKeys (ConfUtils.java:logGet(43)) - raft.server.log.segment.size.max = 1048576 (custom)
2019-10-24 15:46:17,630 [pool-47-thread-1] INFO  server.RaftServerConfigKeys (ConfUtils.java:logGet(43)) - raft.server.log.use.memory = false (default)
2019-10-24 15:46:17,631 [pool-27-thread-1] INFO  server.RaftServerConfigKeys (ConfUtils.java:logGet(43)) - raft.server.log.segment.cache.num.max = 2 (custom)
2019-10-24 15:46:17,631 [pool-47-thread-1] INFO  server.RaftServerConfigKeys (ConfUtils.java:logGet(43)) - raft.server.log.purge.gap = 1000000 (custom)
2019-10-24 15:46:17,631 [pool-37-thread-1] INFO  server.RaftServerConfigKeys (ConfUtils.java:logGet(43)) - raft.server.log.use.memory = false (default)
2019-10-24 15:46:17,631 [pool-47-thread-1] INFO  server.RaftServerConfigKeys (ConfUtils.java:logGet(43)) - raft.server.log.appender.buffer.byte-limit = 33554432 (custom)
2019-10-24 15:46:17,631 [pool-27-thread-1] INFO  segmented.SegmentedRaftLogWorker (SegmentedRaftLogWorker.java:<init>(173)) - new 98e78e11-cb4b-48d0-b763-897efd13c9ec@group-05AC48DA6374-SegmentedRaftLogWorker for RaftStorage:Storage Directory /workdir/hadoop-ozone/integration-test/target/test-dir/MiniOzoneClusterImpl-cea207ca-acd6-4eb2-aab4-e348648d9a8e/datanode-0/data/ratis/a9fb5832-a8b6-4e39-9ab2-05ac48da6374
2019-10-24 15:46:17,631 [pool-47-thread-1] INFO  server.RaftServerConfigKeys (ConfUtils.java:logGet(43)) - raft.server.log.segment.size.max = 1048576 (custom)
2019-10-24 15:46:17,631 [pool-37-thread-1] INFO  server.RaftServerConfigKeys (ConfUtils.java:logGet(43)) - raft.server.log.purge.gap = 1000000 (custom)
2019-10-24 15:46:17,632 [pool-47-thread-1] INFO  server.RaftServerConfigKeys (ConfUtils.java:logGet(43)) - raft.server.log.segment.cache.num.max = 2 (custom)
2019-10-24 15:46:17,631 [pool-27-thread-1] INFO  server.RaftServerConfigKeys (ConfUtils.java:logGet(43)) - raft.server.log.queue.byte-limit = 2147483647 (custom)
2019-10-24 15:46:17,632 [pool-47-thread-1] INFO  segmented.SegmentedRaftLogWorker (SegmentedRaftLogWorker.java:<init>(173)) - new 84568b57-9d99-42dc-882b-eae65806f704@group-05AC48DA6374-SegmentedRaftLogWorker for RaftStorage:Storage Directory /workdir/hadoop-ozone/integration-test/target/test-dir/MiniOzoneClusterImpl-cea207ca-acd6-4eb2-aab4-e348648d9a8e/datanode-2/data/ratis/a9fb5832-a8b6-4e39-9ab2-05ac48da6374
2019-10-24 15:46:17,632 [pool-37-thread-1] INFO  server.RaftServerConfigKeys (ConfUtils.java:logGet(43)) - raft.server.log.appender.buffer.byte-limit = 33554432 (custom)
2019-10-24 15:46:17,632 [pool-47-thread-1] INFO  server.RaftServerConfigKeys (ConfUtils.java:logGet(43)) - raft.server.log.queue.byte-limit = 2147483647 (custom)
2019-10-24 15:46:17,632 [pool-27-thread-1] INFO  server.RaftServerConfigKeys (ConfUtils.java:logGet(43)) - raft.server.log.queue.element-limit = 1024 (custom)
2019-10-24 15:46:17,633 [pool-47-thread-1] INFO  server.RaftServerConfigKeys (ConfUtils.java:logGet(43)) - raft.server.log.queue.element-limit = 1024 (custom)
2019-10-24 15:46:17,632 [pool-37-thread-1] INFO  server.RaftServerConfigKeys (ConfUtils.java:logGet(43)) - raft.server.log.segment.size.max = 1048576 (custom)
2019-10-24 15:46:17,633 [pool-47-thread-1] INFO  server.RaftServerConfigKeys (ConfUtils.java:logGet(43)) - raft.server.log.segment.size.max = 1048576 (custom)
2019-10-24 15:46:17,633 [pool-27-thread-1] INFO  server.RaftServerConfigKeys (ConfUtils.java:logGet(43)) - raft.server.log.segment.size.max = 1048576 (custom)
2019-10-24 15:46:17,633 [pool-47-thread-1] INFO  server.RaftServerConfigKeys (ConfUtils.java:logGet(43)) - raft.server.log.preallocated.size = 16384 (custom)
2019-10-24 15:46:17,633 [pool-37-thread-1] INFO  server.RaftServerConfigKeys (ConfUtils.java:logGet(43)) - raft.server.log.segment.cache.num.max = 2 (custom)
2019-10-24 15:46:17,633 [pool-47-thread-1] INFO  server.RaftServerConfigKeys (ConfUtils.java:logGet(43)) - raft.server.log.write.buffer.size = 33554432 (custom)
2019-10-24 15:46:17,633 [pool-27-thread-1] INFO  server.RaftServerConfigKeys (ConfUtils.java:logGet(43)) - raft.server.log.preallocated.size = 16384 (custom)
2019-10-24 15:46:17,634 [pool-47-thread-1] INFO  server.RaftServerConfigKeys (ConfUtils.java:logGet(43)) - raft.server.log.force.sync.num = 128 (default)
2019-10-24 15:46:17,634 [pool-37-thread-1] INFO  segmented.SegmentedRaftLogWorker (SegmentedRaftLogWorker.java:<init>(173)) - new feaf5d54-1805-49ec-899f-945609733e38@group-05AC48DA6374-SegmentedRaftLogWorker for RaftStorage:Storage Directory /workdir/hadoop-ozone/integration-test/target/test-dir/MiniOzoneClusterImpl-cea207ca-acd6-4eb2-aab4-e348648d9a8e/datanode-1/data/ratis/a9fb5832-a8b6-4e39-9ab2-05ac48da6374
2019-10-24 15:46:17,634 [pool-47-thread-1] INFO  server.RaftServerConfigKeys (ConfUtils.java:logGet(43)) - raft.server.log.statemachine.data.sync = true (default)
2019-10-24 15:46:17,634 [pool-27-thread-1] INFO  server.RaftServerConfigKeys (ConfUtils.java:logGet(43)) - raft.server.log.write.buffer.size = 33554432 (custom)
2019-10-24 15:46:17,634 [pool-47-thread-1] INFO  server.RaftServerConfigKeys (ConfUtils.java:logGet(43)) - raft.server.log.statemachine.data.sync.timeout = 10s (default)
2019-10-24 15:46:17,634 [pool-37-thread-1] INFO  server.RaftServerConfigKeys (ConfUtils.java:logGet(43)) - raft.server.log.queue.byte-limit = 2147483647 (custom)
2019-10-24 15:46:17,635 [pool-47-thread-1] INFO  server.RaftServerConfigKeys (ConfUtils.java:logGet(43)) - raft.server.log.statemachine.data.sync.timeout.retry = -1 (default)
2019-10-24 15:46:17,634 [pool-27-thread-1] INFO  server.RaftServerConfigKeys (ConfUtils.java:logGet(43)) - raft.server.log.force.sync.num = 128 (default)
2019-10-24 15:46:17,635 [pool-37-thread-1] INFO  server.RaftServerConfigKeys (ConfUtils.java:logGet(43)) - raft.server.log.queue.element-limit = 1024 (custom)
2019-10-24 15:46:17,635 [pool-47-thread-1] INFO  server.RaftServerConfigKeys (ConfUtils.java:logGet(43)) - raft.server.log.statemachine.data.caching.enabled = true (custom)
2019-10-24 15:46:17,635 [pool-27-thread-1] INFO  server.RaftServerConfigKeys (ConfUtils.java:logGet(43)) - raft.server.log.statemachine.data.sync = true (default)
2019-10-24 15:46:17,635 [pool-37-thread-1] INFO  server.RaftServerConfigKeys (ConfUtils.java:logGet(43)) - raft.server.log.segment.size.max = 1048576 (custom)
2019-10-24 15:46:17,635 [pool-27-thread-1] INFO  server.RaftServerConfigKeys (ConfUtils.java:logGet(43)) - raft.server.log.statemachine.data.sync.timeout = 10s (default)
2019-10-24 15:46:17,636 [pool-47-thread-1] INFO  segmented.SegmentedRaftLogWorker (SegmentedRaftLogWorker.java:lambda$new$0(128)) - 84568b57-9d99-42dc-882b-eae65806f704@group-05AC48DA6374-SegmentedRaftLogWorker: flushIndex: setUnconditionally 0 -> -1
2019-10-24 15:46:17,636 [pool-37-thread-1] INFO  server.RaftServerConfigKeys (ConfUtils.java:logGet(43)) - raft.server.log.preallocated.size = 16384 (custom)
2019-10-24 15:46:17,636 [pool-27-thread-1] INFO  server.RaftServerConfigKeys (ConfUtils.java:logGet(43)) - raft.server.log.statemachine.data.sync.timeout.retry = -1 (default)
2019-10-24 15:46:17,636 [pool-47-thread-1] INFO  server.RaftServerConfigKeys (ConfUtils.java:logGet(43)) - raft.server.snapshot.auto.trigger.enabled = true (custom)
2019-10-24 15:46:17,636 [pool-37-thread-1] INFO  server.RaftServerConfigKeys (ConfUtils.java:logGet(43)) - raft.server.log.write.buffer.size = 33554432 (custom)
2019-10-24 15:46:17,636 [pool-47-thread-1] INFO  server.RaftServerConfigKeys (ConfUtils.java:logGet(43)) - raft.server.snapshot.auto.trigger.threshold = 10000 (custom)
2019-10-24 15:46:17,636 [pool-27-thread-1] INFO  server.RaftServerConfigKeys (ConfUtils.java:logGet(43)) - raft.server.log.statemachine.data.caching.enabled = true (custom)
2019-10-24 15:46:17,637 [pool-47-thread-1] INFO  server.RaftServerConfigKeys (ConfUtils.java:logGet(43)) - raft.server.snapshot.retention.file.num = 5 (custom)
2019-10-24 15:46:17,637 [pool-37-thread-1] INFO  server.RaftServerConfigKeys (ConfUtils.java:logGet(43)) - raft.server.log.force.sync.num = 128 (default)
2019-10-24 15:46:17,637 [pool-27-thread-1] INFO  segmented.SegmentedRaftLogWorker (SegmentedRaftLogWorker.java:lambda$new$0(128)) - 98e78e11-cb4b-48d0-b763-897efd13c9ec@group-05AC48DA6374-SegmentedRaftLogWorker: flushIndex: setUnconditionally 0 -> -1
2019-10-24 15:46:17,637 [pool-37-thread-1] INFO  server.RaftServerConfigKeys (ConfUtils.java:logGet(43)) - raft.server.log.statemachine.data.sync = true (default)
2019-10-24 15:46:17,637 [pool-47-thread-1] INFO  server.RaftServerConfigKeys (ConfUtils.java:logGet(43)) - raft.server.retrycache.expirytime = 600000ms (custom)
2019-10-24 15:46:17,638 [pool-37-thread-1] INFO  server.RaftServerConfigKeys (ConfUtils.java:logGet(43)) - raft.server.log.statemachine.data.sync.timeout = 10s (default)
2019-10-24 15:46:17,638 [pool-27-thread-1] INFO  server.RaftServerConfigKeys (ConfUtils.java:logGet(43)) - raft.server.snapshot.auto.trigger.enabled = true (custom)
2019-10-24 15:46:17,638 [pool-37-thread-1] INFO  server.RaftServerConfigKeys (ConfUtils.java:logGet(43)) - raft.server.log.statemachine.data.sync.timeout.retry = -1 (default)
2019-10-24 15:46:17,638 [pool-27-thread-1] INFO  server.RaftServerConfigKeys (ConfUtils.java:logGet(43)) - raft.server.snapshot.auto.trigger.threshold = 10000 (custom)
2019-10-24 15:46:17,638 [pool-27-thread-1] INFO  server.RaftServerConfigKeys (ConfUtils.java:logGet(43)) - raft.server.snapshot.retention.file.num = 5 (custom)
2019-10-24 15:46:17,638 [pool-37-thread-1] INFO  server.RaftServerConfigKeys (ConfUtils.java:logGet(43)) - raft.server.log.statemachine.data.caching.enabled = true (custom)
2019-10-24 15:46:17,639 [pool-27-thread-1] INFO  server.RaftServerConfigKeys (ConfUtils.java:logGet(43)) - raft.server.retrycache.expirytime = 600000ms (custom)
2019-10-24 15:46:17,639 [pool-37-thread-1] INFO  segmented.SegmentedRaftLogWorker (SegmentedRaftLogWorker.java:lambda$new$0(128)) - feaf5d54-1805-49ec-899f-945609733e38@group-05AC48DA6374-SegmentedRaftLogWorker: flushIndex: setUnconditionally 0 -> -1
2019-10-24 15:46:17,639 [pool-37-thread-1] INFO  server.RaftServerConfigKeys (ConfUtils.java:logGet(43)) - raft.server.snapshot.auto.trigger.enabled = true (custom)
2019-10-24 15:46:17,640 [pool-37-thread-1] INFO  server.RaftServerConfigKeys (ConfUtils.java:logGet(43)) - raft.server.snapshot.auto.trigger.threshold = 10000 (custom)
2019-10-24 15:46:17,640 [pool-37-thread-1] INFO  server.RaftServerConfigKeys (ConfUtils.java:logGet(43)) - raft.server.snapshot.retention.file.num = 5 (custom)
2019-10-24 15:46:17,640 [pool-37-thread-1] INFO  server.RaftServerConfigKeys (ConfUtils.java:logGet(43)) - raft.server.retrycache.expirytime = 600000ms (custom)
2019-10-24 15:46:17,642 [pool-47-thread-1] INFO  impl.RaftServerImpl (RaftServerImpl.java:start(195)) - 84568b57-9d99-42dc-882b-eae65806f704@group-05AC48DA6374: start as a follower, conf=-1: [98e78e11-cb4b-48d0-b763-897efd13c9ec:192.168.164.213:39232, 84568b57-9d99-42dc-882b-eae65806f704:192.168.164.213:37329, feaf5d54-1805-49ec-899f-945609733e38:192.168.164.213:39911], old=null
2019-10-24 15:46:17,642 [pool-47-thread-1] INFO  impl.RaftServerImpl (RaftServerImpl.java:setRole(184)) - 84568b57-9d99-42dc-882b-eae65806f704@group-05AC48DA6374: changes role from      null to FOLLOWER at term 0 for startAsFollower
2019-10-24 15:46:17,642 [pool-27-thread-1] INFO  impl.RaftServerImpl (RaftServerImpl.java:start(195)) - 98e78e11-cb4b-48d0-b763-897efd13c9ec@group-05AC48DA6374: start as a follower, conf=-1: [98e78e11-cb4b-48d0-b763-897efd13c9ec:192.168.164.213:39232, 84568b57-9d99-42dc-882b-eae65806f704:192.168.164.213:37329, feaf5d54-1805-49ec-899f-945609733e38:192.168.164.213:39911], old=null
2019-10-24 15:46:17,643 [pool-47-thread-1] INFO  impl.RoleInfo (RoleInfo.java:updateAndGet(143)) - 84568b57-9d99-42dc-882b-eae65806f704: start FollowerState
2019-10-24 15:46:17,643 [pool-27-thread-1] INFO  impl.RaftServerImpl (RaftServerImpl.java:setRole(184)) - 98e78e11-cb4b-48d0-b763-897efd13c9ec@group-05AC48DA6374: changes role from      null to FOLLOWER at term 0 for startAsFollower
2019-10-24 15:46:17,643 [pool-27-thread-1] INFO  impl.RoleInfo (RoleInfo.java:updateAndGet(143)) - 98e78e11-cb4b-48d0-b763-897efd13c9ec: start FollowerState
2019-10-24 15:46:17,643 [pool-47-thread-1] INFO  util.JmxRegister (JmxRegister.java:tryRegister(44)) - Successfully registered JMX Bean with object name Ratis:service=RaftServer,group=group-05AC48DA6374,id=84568b57-9d99-42dc-882b-eae65806f704
2019-10-24 15:46:17,644 [pool-27-thread-1] INFO  util.JmxRegister (JmxRegister.java:tryRegister(44)) - Successfully registered JMX Bean with object name Ratis:service=RaftServer,group=group-05AC48DA6374,id=98e78e11-cb4b-48d0-b763-897efd13c9ec
2019-10-24 15:46:17,644 [pool-37-thread-1] INFO  impl.RaftServerImpl (RaftServerImpl.java:start(195)) - feaf5d54-1805-49ec-899f-945609733e38@group-05AC48DA6374: start as a follower, conf=-1: [98e78e11-cb4b-48d0-b763-897efd13c9ec:192.168.164.213:39232, 84568b57-9d99-42dc-882b-eae65806f704:192.168.164.213:37329, feaf5d54-1805-49ec-899f-945609733e38:192.168.164.213:39911], old=null
2019-10-24 15:46:17,644 [pool-37-thread-1] INFO  impl.RaftServerImpl (RaftServerImpl.java:setRole(184)) - feaf5d54-1805-49ec-899f-945609733e38@group-05AC48DA6374: changes role from      null to FOLLOWER at term 0 for startAsFollower
2019-10-24 15:46:17,645 [pool-37-thread-1] INFO  impl.RoleInfo (RoleInfo.java:updateAndGet(143)) - feaf5d54-1805-49ec-899f-945609733e38: start FollowerState
2019-10-24 15:46:17,645 [pool-37-thread-1] INFO  util.JmxRegister (JmxRegister.java:tryRegister(44)) - Successfully registered JMX Bean with object name Ratis:service=RaftServer,group=group-05AC48DA6374,id=feaf5d54-1805-49ec-899f-945609733e38
2019-10-24 15:46:17,646 [main] INFO  ozone.MiniOzoneClusterImpl (MiniOzoneClusterImpl.java:lambda$waitForClusterToBeReady$0(147)) - Cluster is ready. Got 3 of 3 DN Heartbeats.
2019-10-24 15:46:17,683 [84568b57-9d99-42dc-882b-eae65806f704@group-364CF776A522-SegmentedRaftLogWorker] INFO  segmented.SegmentedRaftLogWorker (SegmentedRaftLogWorker.java:execute(576)) - 84568b57-9d99-42dc-882b-eae65806f704@group-364CF776A522-SegmentedRaftLogWorker: created new log segment /workdir/hadoop-ozone/integration-test/target/test-dir/MiniOzoneClusterImpl-cea207ca-acd6-4eb2-aab4-e348648d9a8e/datanode-2/data/ratis/1fe3420e-4a84-4d90-9d36-364cf776a522/current/log_inprogress_0
2019-10-24 15:46:17,683 [98e78e11-cb4b-48d0-b763-897efd13c9ec@group-5E69873B3CDC-SegmentedRaftLogWorker] INFO  segmented.SegmentedRaftLogWorker (SegmentedRaftLogWorker.java:execute(576)) - 98e78e11-cb4b-48d0-b763-897efd13c9ec@group-5E69873B3CDC-SegmentedRaftLogWorker: created new log segment /workdir/hadoop-ozone/integration-test/target/test-dir/MiniOzoneClusterImpl-cea207ca-acd6-4eb2-aab4-e348648d9a8e/datanode-0/data/ratis/bb06db3f-37bc-455e-8aec-5e69873b3cdc/current/log_inprogress_0
2019-10-24 15:46:17,683 [feaf5d54-1805-49ec-899f-945609733e38@group-01B139C82C33-SegmentedRaftLogWorker] INFO  segmented.SegmentedRaftLogWorker (SegmentedRaftLogWorker.java:execute(576)) - feaf5d54-1805-49ec-899f-945609733e38@group-01B139C82C33-SegmentedRaftLogWorker: created new log segment /workdir/hadoop-ozone/integration-test/target/test-dir/MiniOzoneClusterImpl-cea207ca-acd6-4eb2-aab4-e348648d9a8e/datanode-1/data/ratis/2a760d80-a26c-4eb7-a9fc-01b139c82c33/current/log_inprogress_0
2019-10-24 15:46:17,685 [RatisPipelineUtilsThread] INFO  pipeline.PipelineStateManager (PipelineStateManager.java:addPipeline(56)) - Created pipeline Pipeline[ Id: a9fb5832-a8b6-4e39-9ab2-05ac48da6374, Nodes: feaf5d54-1805-49ec-899f-945609733e38{ip: 192.168.164.213, host: pr-hdds-2359-djbrp-462585948, networkLocation: /default-rack, certSerialId: null}84568b57-9d99-42dc-882b-eae65806f704{ip: 192.168.164.213, host: pr-hdds-2359-djbrp-462585948, networkLocation: /default-rack, certSerialId: null}98e78e11-cb4b-48d0-b763-897efd13c9ec{ip: 192.168.164.213, host: pr-hdds-2359-djbrp-462585948, networkLocation: /default-rack, certSerialId: null}, Type:RATIS, Factor:THREE, State:OPEN]
2019-10-24 15:46:17,707 [Thread-204] INFO  impl.FollowerState (FollowerState.java:run(108)) - 98e78e11-cb4b-48d0-b763-897efd13c9ec@group-05AC48DA6374-FollowerState: change to CANDIDATE, lastRpcTime:63ms, electionTimeout:63ms
2019-10-24 15:46:17,707 [Thread-204] INFO  impl.RoleInfo (RoleInfo.java:shutdownFollowerState(121)) - 98e78e11-cb4b-48d0-b763-897efd13c9ec: shutdown FollowerState
2019-10-24 15:46:17,707 [Thread-204] INFO  impl.RaftServerImpl (RaftServerImpl.java:setRole(184)) - 98e78e11-cb4b-48d0-b763-897efd13c9ec@group-05AC48DA6374: changes role from  FOLLOWER to CANDIDATE at term 0 for changeToCandidate
2019-10-24 15:46:17,707 [Thread-204] INFO  impl.RoleInfo (RoleInfo.java:updateAndGet(143)) - 98e78e11-cb4b-48d0-b763-897efd13c9ec: start LeaderElection
2019-10-24 15:46:17,725 [98e78e11-cb4b-48d0-b763-897efd13c9ec@group-05AC48DA6374-LeaderElection4] INFO  impl.LeaderElection (LeaderElection.java:askForVotes(178)) - 98e78e11-cb4b-48d0-b763-897efd13c9ec@group-05AC48DA6374-LeaderElection4: begin an election at term 1 for -1: [98e78e11-cb4b-48d0-b763-897efd13c9ec:192.168.164.213:39232, 84568b57-9d99-42dc-882b-eae65806f704:192.168.164.213:37329, feaf5d54-1805-49ec-899f-945609733e38:192.168.164.213:39911], old=null
2019-10-24 15:46:17,745 [Thread-203] INFO  impl.FollowerState (FollowerState.java:run(108)) - 84568b57-9d99-42dc-882b-eae65806f704@group-05AC48DA6374-FollowerState: change to CANDIDATE, lastRpcTime:102ms, electionTimeout:102ms
2019-10-24 15:46:17,746 [Thread-203] INFO  impl.RoleInfo (RoleInfo.java:shutdownFollowerState(121)) - 84568b57-9d99-42dc-882b-eae65806f704: shutdown FollowerState
2019-10-24 15:46:17,746 [Thread-203] INFO  impl.RaftServerImpl (RaftServerImpl.java:setRole(184)) - 84568b57-9d99-42dc-882b-eae65806f704@group-05AC48DA6374: changes role from  FOLLOWER to CANDIDATE at term 0 for changeToCandidate
2019-10-24 15:46:17,746 [Thread-203] INFO  impl.RoleInfo (RoleInfo.java:updateAndGet(143)) - 84568b57-9d99-42dc-882b-eae65806f704: start LeaderElection
2019-10-24 15:46:17,754 [grpc-default-executor-1] INFO  impl.RaftServerImpl (RaftServerImpl.java:setRole(184)) - feaf5d54-1805-49ec-899f-945609733e38@group-05AC48DA6374: changes role from  FOLLOWER to FOLLOWER at term 1 for recognizeCandidate:98e78e11-cb4b-48d0-b763-897efd13c9ec
2019-10-24 15:46:17,754 [grpc-default-executor-1] INFO  impl.RoleInfo (RoleInfo.java:shutdownFollowerState(121)) - feaf5d54-1805-49ec-899f-945609733e38: shutdown FollowerState
2019-10-24 15:46:17,754 [Thread-205] INFO  impl.FollowerState (FollowerState.java:run(117)) - feaf5d54-1805-49ec-899f-945609733e38@group-05AC48DA6374-FollowerState was interrupted: java.lang.InterruptedException: sleep interrupted
2019-10-24 15:46:17,754 [grpc-default-executor-1] INFO  impl.RoleInfo (RoleInfo.java:updateAndGet(143)) - feaf5d54-1805-49ec-899f-945609733e38: start FollowerState
2019-10-24 15:46:17,773 [84568b57-9d99-42dc-882b-eae65806f704@group-05AC48DA6374-LeaderElection5] INFO  impl.LeaderElection (LeaderElection.java:askForVotes(178)) - 84568b57-9d99-42dc-882b-eae65806f704@group-05AC48DA6374-LeaderElection5: begin an election at term 1 for -1: [98e78e11-cb4b-48d0-b763-897efd13c9ec:192.168.164.213:39232, 84568b57-9d99-42dc-882b-eae65806f704:192.168.164.213:37329, feaf5d54-1805-49ec-899f-945609733e38:192.168.164.213:39911], old=null
2019-10-24 15:46:17,790 [98e78e11-cb4b-48d0-b763-897efd13c9ec@group-05AC48DA6374-LeaderElection4] INFO  impl.LeaderElection (LeaderElection.java:logAndReturn(56)) - 98e78e11-cb4b-48d0-b763-897efd13c9ec@group-05AC48DA6374-LeaderElection4: Election PASSED; received 2 response(s) [98e78e11-cb4b-48d0-b763-897efd13c9ec<-84568b57-9d99-42dc-882b-eae65806f704#0:FAIL-t1, 98e78e11-cb4b-48d0-b763-897efd13c9ec<-feaf5d54-1805-49ec-899f-945609733e38#0:OK-t1] and 0 exception(s); 98e78e11-cb4b-48d0-b763-897efd13c9ec@group-05AC48DA6374:t1, leader=null, voted=98e78e11-cb4b-48d0-b763-897efd13c9ec, raftlog=98e78e11-cb4b-48d0-b763-897efd13c9ec@group-05AC48DA6374-SegmentedRaftLog:OPENED:c-1,f-1,i0, conf=-1: [98e78e11-cb4b-48d0-b763-897efd13c9ec:192.168.164.213:39232, 84568b57-9d99-42dc-882b-eae65806f704:192.168.164.213:37329, feaf5d54-1805-49ec-899f-945609733e38:192.168.164.213:39911], old=null
2019-10-24 15:46:17,790 [98e78e11-cb4b-48d0-b763-897efd13c9ec@group-05AC48DA6374-LeaderElection4] INFO  impl.RoleInfo (RoleInfo.java:shutdownLeaderElection(134)) - 98e78e11-cb4b-48d0-b763-897efd13c9ec: shutdown LeaderElection
2019-10-24 15:46:17,790 [98e78e11-cb4b-48d0-b763-897efd13c9ec@group-05AC48DA6374-LeaderElection4] INFO  impl.RaftServerImpl (RaftServerImpl.java:setRole(184)) - 98e78e11-cb4b-48d0-b763-897efd13c9ec@group-05AC48DA6374: changes role from CANDIDATE to LEADER at term 1 for changeToLeader
2019-10-24 15:46:17,791 [98e78e11-cb4b-48d0-b763-897efd13c9ec@group-05AC48DA6374-LeaderElection4] INFO  impl.RaftServerImpl (ServerState.java:setLeader(256)) - 98e78e11-cb4b-48d0-b763-897efd13c9ec@group-05AC48DA6374: change Leader from null to 98e78e11-cb4b-48d0-b763-897efd13c9ec at term 1 for becomeLeader, leader elected after 161ms
2019-10-24 15:46:17,791 [98e78e11-cb4b-48d0-b763-897efd13c9ec@group-05AC48DA6374-LeaderElection4] INFO  server.RaftServerConfigKeys (ConfUtils.java:logGet(43)) - raft.server.staging.catchup.gap = 1000 (default)
2019-10-24 15:46:17,791 [98e78e11-cb4b-48d0-b763-897efd13c9ec@group-05AC48DA6374-LeaderElection4] INFO  server.RaftServerConfigKeys (ConfUtils.java:logGet(43)) - raft.server.rpc.sleep.time = 25ms (default)
2019-10-24 15:46:17,791 [98e78e11-cb4b-48d0-b763-897efd13c9ec@group-05AC48DA6374-LeaderElection4] INFO  server.RaftServerConfigKeys (ConfUtils.java:logGet(43)) - raft.server.write.element-limit = 4096 (default)
2019-10-24 15:46:17,791 [98e78e11-cb4b-48d0-b763-897efd13c9ec@group-05AC48DA6374-LeaderElection4] INFO  server.RaftServerConfigKeys (ConfUtils.java:logGet(43)) - raft.server.watch.timeout = 10s (default)
2019-10-24 15:46:17,792 [98e78e11-cb4b-48d0-b763-897efd13c9ec@group-05AC48DA6374-LeaderElection4] INFO  server.RaftServerConfigKeys (ConfUtils.java:logGet(43)) - raft.server.watch.timeout.denomination = 1s (default)
2019-10-24 15:46:17,792 [98e78e11-cb4b-48d0-b763-897efd13c9ec@group-05AC48DA6374-LeaderElection4] INFO  server.RaftServerConfigKeys (ConfUtils.java:logGet(43)) - raft.server.watch.element-limit = 65536 (default)
2019-10-24 15:46:17,801 [98e78e11-cb4b-48d0-b763-897efd13c9ec@group-05AC48DA6374-LeaderElection4] INFO  server.RaftServerConfigKeys (ConfUtils.java:logGet(43)) - raft.server.log.appender.snapshot.chunk.size.max = 16MB (=16777216) (default)
2019-10-24 15:46:17,801 [98e78e11-cb4b-48d0-b763-897efd13c9ec@group-05AC48DA6374-LeaderElection4] INFO  server.RaftServerConfigKeys (ConfUtils.java:logGet(43)) - raft.server.log.appender.buffer.byte-limit = 33554432 (custom)
2019-10-24 15:46:17,803 [98e78e11-cb4b-48d0-b763-897efd13c9ec@group-05AC48DA6374-LeaderElection4] INFO  server.RaftServerConfigKeys (ConfUtils.java:logGet(43)) - raft.server.log.appender.buffer.element-limit = 1 (custom)
2019-10-24 15:46:17,806 [98e78e11-cb4b-48d0-b763-897efd13c9ec@group-05AC48DA6374-LeaderElection4] INFO  grpc.GrpcConfigKeys$Server (ConfUtils.java:logGet(43)) - raft.grpc.server.leader.outstanding.appends.max = 128 (default)
2019-10-24 15:46:17,809 [98e78e11-cb4b-48d0-b763-897efd13c9ec@group-05AC48DA6374-LeaderElection4] INFO  server.RaftServerConfigKeys (ConfUtils.java:logGet(43)) - raft.server.rpc.request.timeout = 3000ms (default)
2019-10-24 15:46:17,809 [98e78e11-cb4b-48d0-b763-897efd13c9ec@group-05AC48DA6374-LeaderElection4] INFO  server.RaftServerConfigKeys (ConfUtils.java:logGet(43)) - raft.server.log.appender.install.snapshot.enabled = false (custom)
2019-10-24 15:46:17,813 [98e78e11-cb4b-48d0-b763-897efd13c9ec@group-05AC48DA6374-LeaderElection4] INFO  server.RaftServerConfigKeys (ConfUtils.java:logGet(43)) - raft.server.log.appender.snapshot.chunk.size.max = 16MB (=16777216) (default)
2019-10-24 15:46:17,813 [98e78e11-cb4b-48d0-b763-897efd13c9ec@group-05AC48DA6374-LeaderElection4] INFO  server.RaftServerConfigKeys (ConfUtils.java:logGet(43)) - raft.server.log.appender.buffer.byte-limit = 33554432 (custom)
2019-10-24 15:46:17,813 [98e78e11-cb4b-48d0-b763-897efd13c9ec@group-05AC48DA6374-LeaderElection4] INFO  server.RaftServerConfigKeys (ConfUtils.java:logGet(43)) - raft.server.log.appender.buffer.element-limit = 1 (custom)
2019-10-24 15:46:17,814 [98e78e11-cb4b-48d0-b763-897efd13c9ec@group-05AC48DA6374-LeaderElection4] INFO  grpc.GrpcConfigKeys$Server (ConfUtils.java:logGet(43)) - raft.grpc.server.leader.outstanding.appends.max = 128 (default)
2019-10-24 15:46:17,814 [98e78e11-cb4b-48d0-b763-897efd13c9ec@group-05AC48DA6374-LeaderElection4] INFO  server.RaftServerConfigKeys (ConfUtils.java:logGet(43)) - raft.server.rpc.request.timeout = 3000ms (default)
2019-10-24 15:46:17,814 [98e78e11-cb4b-48d0-b763-897efd13c9ec@group-05AC48DA6374-LeaderElection4] INFO  server.RaftServerConfigKeys (ConfUtils.java:logGet(43)) - raft.server.log.appender.install.snapshot.enabled = false (custom)
2019-10-24 15:46:17,818 [98e78e11-cb4b-48d0-b763-897efd13c9ec@group-05AC48DA6374-LeaderElection4] INFO  impl.RoleInfo (RoleInfo.java:updateAndGet(143)) - 98e78e11-cb4b-48d0-b763-897efd13c9ec: start LeaderState
2019-10-24 15:46:17,819 [98e78e11-cb4b-48d0-b763-897efd13c9ec@group-05AC48DA6374-LeaderElection4] INFO  segmented.SegmentedRaftLogWorker (SegmentedRaftLogWorker.java:startLogSegment(385)) - 98e78e11-cb4b-48d0-b763-897efd13c9ec@group-05AC48DA6374-SegmentedRaftLogWorker: Starting segment from index:0
2019-10-24 15:46:17,820 [98e78e11-cb4b-48d0-b763-897efd13c9ec@group-05AC48DA6374-LeaderElection4] INFO  impl.RaftServerImpl (ServerState.java:setRaftConf(357)) - 98e78e11-cb4b-48d0-b763-897efd13c9ec@group-05AC48DA6374: set configuration 0: [98e78e11-cb4b-48d0-b763-897efd13c9ec:192.168.164.213:39232, 84568b57-9d99-42dc-882b-eae65806f704:192.168.164.213:37329, feaf5d54-1805-49ec-899f-945609733e38:192.168.164.213:39911], old=null at 0
2019-10-24 15:46:17,849 [grpc-default-executor-2] INFO  impl.RaftServerImpl (RaftServerImpl.java:requestVote(776)) - 98e78e11-cb4b-48d0-b763-897efd13c9ec@group-05AC48DA6374-   LEADER: Withhold vote from candidate 84568b57-9d99-42dc-882b-eae65806f704 with term 1. State: leader=98e78e11-cb4b-48d0-b763-897efd13c9ec, term=1, lastRpcElapsed=null
2019-10-24 15:46:17,855 [Thread-216] INFO  impl.FollowerState (FollowerState.java:run(108)) - feaf5d54-1805-49ec-899f-945609733e38@group-05AC48DA6374-FollowerState: change to CANDIDATE, lastRpcTime:100ms, electionTimeout:98ms
2019-10-24 15:46:17,855 [Thread-216] INFO  impl.RoleInfo (RoleInfo.java:shutdownFollowerState(121)) - feaf5d54-1805-49ec-899f-945609733e38: shutdown FollowerState
2019-10-24 15:46:17,855 [Thread-216] INFO  impl.RaftServerImpl (RaftServerImpl.java:setRole(184)) - feaf5d54-1805-49ec-899f-945609733e38@group-05AC48DA6374: changes role from  FOLLOWER to CANDIDATE at term 1 for changeToCandidate
2019-10-24 15:46:17,857 [Thread-216] INFO  impl.RoleInfo (RoleInfo.java:updateAndGet(143)) - feaf5d54-1805-49ec-899f-945609733e38: start LeaderElection
2019-10-24 15:46:17,857 [84568b57-9d99-42dc-882b-eae65806f704@group-05AC48DA6374-LeaderElection5] INFO  impl.LeaderElection (LeaderElection.java:logAndReturn(56)) - 84568b57-9d99-42dc-882b-eae65806f704@group-05AC48DA6374-LeaderElection5: Election REJECTED; received 2 response(s) [84568b57-9d99-42dc-882b-eae65806f704<-98e78e11-cb4b-48d0-b763-897efd13c9ec#0:FAIL-t1, 84568b57-9d99-42dc-882b-eae65806f704<-feaf5d54-1805-49ec-899f-945609733e38#0:FAIL-t1] and 0 exception(s); 84568b57-9d99-42dc-882b-eae65806f704@group-05AC48DA6374:t1, leader=null, voted=84568b57-9d99-42dc-882b-eae65806f704, raftlog=84568b57-9d99-42dc-882b-eae65806f704@group-05AC48DA6374-SegmentedRaftLog:OPENED:c-1,f-1,i0, conf=-1: [98e78e11-cb4b-48d0-b763-897efd13c9ec:192.168.164.213:39232, 84568b57-9d99-42dc-882b-eae65806f704:192.168.164.213:37329, feaf5d54-1805-49ec-899f-945609733e38:192.168.164.213:39911], old=null
2019-10-24 15:46:17,857 [84568b57-9d99-42dc-882b-eae65806f704@group-05AC48DA6374-LeaderElection5] INFO  impl.RaftServerImpl (RaftServerImpl.java:setRole(184)) - 84568b57-9d99-42dc-882b-eae65806f704@group-05AC48DA6374: changes role from CANDIDATE to FOLLOWER at term 1 for DISCOVERED_A_NEW_TERM
2019-10-24 15:46:17,857 [84568b57-9d99-42dc-882b-eae65806f704@group-05AC48DA6374-LeaderElection5] INFO  impl.RoleInfo (RoleInfo.java:shutdownLeaderElection(134)) - 84568b57-9d99-42dc-882b-eae65806f704: shutdown LeaderElection
2019-10-24 15:46:17,860 [84568b57-9d99-42dc-882b-eae65806f704@group-05AC48DA6374-LeaderElection5] INFO  impl.RoleInfo (RoleInfo.java:updateAndGet(143)) - 84568b57-9d99-42dc-882b-eae65806f704: start FollowerState
2019-10-24 15:46:17,862 [98e78e11-cb4b-48d0-b763-897efd13c9ec@group-05AC48DA6374-SegmentedRaftLogWorker] INFO  segmented.SegmentedRaftLogWorker (SegmentedRaftLogWorker.java:execute(576)) - 98e78e11-cb4b-48d0-b763-897efd13c9ec@group-05AC48DA6374-SegmentedRaftLogWorker: created new log segment /workdir/hadoop-ozone/integration-test/target/test-dir/MiniOzoneClusterImpl-cea207ca-acd6-4eb2-aab4-e348648d9a8e/datanode-0/data/ratis/a9fb5832-a8b6-4e39-9ab2-05ac48da6374/current/log_inprogress_0
2019-10-24 15:46:17,875 [grpc-default-executor-1] INFO  impl.RaftServerImpl (ServerState.java:setLeader(256)) - 84568b57-9d99-42dc-882b-eae65806f704@group-05AC48DA6374: change Leader from null to 98e78e11-cb4b-48d0-b763-897efd13c9ec at term 1 for appendEntries, leader elected after 245ms
2019-10-24 15:46:17,876 [feaf5d54-1805-49ec-899f-945609733e38@group-05AC48DA6374-LeaderElection6] INFO  impl.LeaderElection (LeaderElection.java:askForVotes(178)) - feaf5d54-1805-49ec-899f-945609733e38@group-05AC48DA6374-LeaderElection6: begin an election at term 2 for -1: [98e78e11-cb4b-48d0-b763-897efd13c9ec:192.168.164.213:39232, 84568b57-9d99-42dc-882b-eae65806f704:192.168.164.213:37329, feaf5d54-1805-49ec-899f-945609733e38:192.168.164.213:39911], old=null
2019-10-24 15:46:17,889 [grpc-default-executor-2] INFO  impl.RaftServerImpl (ServerState.java:setLeader(256)) - 84568b57-9d99-42dc-882b-eae65806f704@group-05AC48DA6374: change Leader from 98e78e11-cb4b-48d0-b763-897efd13c9ec to null at term 2 for updateCurrentTerm
2019-10-24 15:46:17,889 [grpc-default-executor-2] INFO  impl.RaftServerImpl (RaftServerImpl.java:setRole(184)) - 84568b57-9d99-42dc-882b-eae65806f704@group-05AC48DA6374: changes role from  FOLLOWER to FOLLOWER at term 2 for recognizeCandidate:feaf5d54-1805-49ec-899f-945609733e38
2019-10-24 15:46:17,889 [grpc-default-executor-2] INFO  impl.RoleInfo (RoleInfo.java:shutdownFollowerState(121)) - 84568b57-9d99-42dc-882b-eae65806f704: shutdown FollowerState
2019-10-24 15:46:17,889 [Thread-219] INFO  impl.RaftServerImpl (ServerState.java:setLeader(256)) - 98e78e11-cb4b-48d0-b763-897efd13c9ec@group-05AC48DA6374: change Leader from 98e78e11-cb4b-48d0-b763-897efd13c9ec to null at term 2 for updateCurrentTerm
2019-10-24 15:46:17,890 [grpc-default-executor-2] INFO  impl.RoleInfo (RoleInfo.java:updateAndGet(143)) - 84568b57-9d99-42dc-882b-eae65806f704: start FollowerState
2019-10-24 15:46:17,890 [Thread-223] INFO  impl.FollowerState (FollowerState.java:run(117)) - 84568b57-9d99-42dc-882b-eae65806f704@group-05AC48DA6374-FollowerState was interrupted: java.lang.InterruptedException: sleep interrupted
2019-10-24 15:46:17,890 [Thread-219] INFO  impl.RaftServerImpl (RaftServerImpl.java:setRole(184)) - 98e78e11-cb4b-48d0-b763-897efd13c9ec@group-05AC48DA6374: changes role from    LEADER to FOLLOWER at term 2 for stepDown
2019-10-24 15:46:17,892 [Thread-219] INFO  impl.RoleInfo (RoleInfo.java:shutdownLeaderState(104)) - 98e78e11-cb4b-48d0-b763-897efd13c9ec: shutdown LeaderState
2019-10-24 15:46:17,894 [org.apache.ratis.server.impl.LogAppender$AppenderDaemon$$Lambda$430/1486398556@45e63970] WARN  server.GrpcLogAppender (GrpcLogAppender.java:mayWait(149)) - 98e78e11-cb4b-48d0-b763-897efd13c9ec@group-05AC48DA6374->feaf5d54-1805-49ec-899f-945609733e38-GrpcLogAppender: Wait interrupted by java.lang.InterruptedException
2019-10-24 15:46:17,894 [Thread-219] INFO  impl.PendingRequests (PendingRequests.java:sendNotLeaderResponses(202)) - 98e78e11-cb4b-48d0-b763-897efd13c9ec@group-05AC48DA6374-PendingRequests: sendNotLeaderResponses
2019-10-24 15:46:17,897 [Thread-219] INFO  impl.RoleInfo (RoleInfo.java:updateAndGet(143)) - 98e78e11-cb4b-48d0-b763-897efd13c9ec: start FollowerState
2019-10-24 15:46:17,897 [grpc-default-executor-1] INFO  server.GrpcServerProtocolService (GrpcServerProtocolService.java:onCompleted(113)) - feaf5d54-1805-49ec-899f-945609733e38: Completed APPEND_ENTRIES, lastRequest: 98e78e11-cb4b-48d0-b763-897efd13c9ec->feaf5d54-1805-49ec-899f-945609733e38#0-t1, previous=(t:0, i:0), leaderCommit=-1, initializing? false, entries: <empty>
2019-10-24 15:46:17,898 [org.apache.ratis.server.impl.LogAppender$AppenderDaemon$$Lambda$430/1486398556@566bce8e] WARN  server.GrpcLogAppender (GrpcLogAppender.java:mayWait(149)) - 98e78e11-cb4b-48d0-b763-897efd13c9ec@group-05AC48DA6374->84568b57-9d99-42dc-882b-eae65806f704-GrpcLogAppender: Wait interrupted by java.lang.InterruptedException
2019-10-24 15:46:17,900 [grpc-default-executor-1] INFO  server.GrpcLogAppender (GrpcLogAppender.java:onCompleted(308)) - 98e78e11-cb4b-48d0-b763-897efd13c9ec@group-05AC48DA6374->feaf5d54-1805-49ec-899f-945609733e38-AppendLogResponseHandler: follower responses appendEntries COMPLETED
2019-10-24 15:46:17,901 [grpc-default-executor-0] INFO  server.GrpcServerProtocolService (GrpcServerProtocolService.java:onCompleted(113)) - 84568b57-9d99-42dc-882b-eae65806f704: Completed APPEND_ENTRIES, lastRequest: 98e78e11-cb4b-48d0-b763-897efd13c9ec->84568b57-9d99-42dc-882b-eae65806f704#0-t1, previous=(t:0, i:0), leaderCommit=-1, initializing? false, entries: <empty>
2019-10-24 15:46:17,903 [grpc-default-executor-0] INFO  server.GrpcLogAppender (GrpcLogAppender.java:onCompleted(308)) - 98e78e11-cb4b-48d0-b763-897efd13c9ec@group-05AC48DA6374->84568b57-9d99-42dc-882b-eae65806f704-AppendLogResponseHandler: follower responses appendEntries COMPLETED
2019-10-24 15:46:17,904 [grpc-default-executor-1] INFO  impl.FollowerInfo (FollowerInfo.java:lambda$new$0(51)) - 98e78e11-cb4b-48d0-b763-897efd13c9ec@group-05AC48DA6374->feaf5d54-1805-49ec-899f-945609733e38: nextIndex: updateUnconditionally 0 -> 0
2019-10-24 15:46:17,905 [grpc-default-executor-0] INFO  impl.FollowerInfo (FollowerInfo.java:lambda$new$0(51)) - 98e78e11-cb4b-48d0-b763-897efd13c9ec@group-05AC48DA6374->84568b57-9d99-42dc-882b-eae65806f704: nextIndex: updateUnconditionally 1 -> 0
2019-10-24 15:46:17,913 [grpc-default-executor-3] INFO  impl.RaftServerImpl (RaftServerImpl.java:setRole(184)) - 98e78e11-cb4b-48d0-b763-897efd13c9ec@group-05AC48DA6374: changes role from  FOLLOWER to FOLLOWER at term 2 for recognizeCandidate:feaf5d54-1805-49ec-899f-945609733e38
2019-10-24 15:46:17,913 [grpc-default-executor-3] INFO  impl.RoleInfo (RoleInfo.java:shutdownFollowerState(121)) - 98e78e11-cb4b-48d0-b763-897efd13c9ec: shutdown FollowerState
2019-10-24 15:46:17,913 [Thread-230] INFO  impl.FollowerState (FollowerState.java:run(117)) - 98e78e11-cb4b-48d0-b763-897efd13c9ec@group-05AC48DA6374-FollowerState was interrupted: java.lang.InterruptedException: sleep interrupted
2019-10-24 15:46:17,913 [grpc-default-executor-3] INFO  impl.RoleInfo (RoleInfo.java:updateAndGet(143)) - 98e78e11-cb4b-48d0-b763-897efd13c9ec: start FollowerState
2019-10-24 15:46:17,918 [feaf5d54-1805-49ec-899f-945609733e38@group-05AC48DA6374-LeaderElection6] INFO  impl.LeaderElection (LeaderElection.java:logAndReturn(56)) - feaf5d54-1805-49ec-899f-945609733e38@group-05AC48DA6374-LeaderElection6: Election PASSED; received 1 response(s) [feaf5d54-1805-49ec-899f-945609733e38<-84568b57-9d99-42dc-882b-eae65806f704#0:OK-t2] and 0 exception(s); feaf5d54-1805-49ec-899f-945609733e38@group-05AC48DA6374:t2, leader=null, voted=feaf5d54-1805-49ec-899f-945609733e38, raftlog=feaf5d54-1805-49ec-899f-945609733e38@group-05AC48DA6374-SegmentedRaftLog:OPENED:c-1,f-1,i0, conf=-1: [98e78e11-cb4b-48d0-b763-897efd13c9ec:192.168.164.213:39232, 84568b57-9d99-42dc-882b-eae65806f704:192.168.164.213:37329, feaf5d54-1805-49ec-899f-945609733e38:192.168.164.213:39911], old=null
2019-10-24 15:46:17,918 [feaf5d54-1805-49ec-899f-945609733e38@group-05AC48DA6374-LeaderElection6] INFO  impl.RoleInfo (RoleInfo.java:shutdownLeaderElection(134)) - feaf5d54-1805-49ec-899f-945609733e38: shutdown LeaderElection
2019-10-24 15:46:17,921 [feaf5d54-1805-49ec-899f-945609733e38@group-05AC48DA6374-LeaderElection6] INFO  impl.RaftServerImpl (RaftServerImpl.java:setRole(184)) - feaf5d54-1805-49ec-899f-945609733e38@group-05AC48DA6374: changes role from CANDIDATE to LEADER at term 2 for changeToLeader
2019-10-24 15:46:17,921 [feaf5d54-1805-49ec-899f-945609733e38@group-05AC48DA6374-LeaderElection6] INFO  impl.RaftServerImpl (ServerState.java:setLeader(256)) - feaf5d54-1805-49ec-899f-945609733e38@group-05AC48DA6374: change Leader from null to feaf5d54-1805-49ec-899f-945609733e38 at term 2 for becomeLeader, leader elected after 290ms
2019-10-24 15:46:17,921 [feaf5d54-1805-49ec-899f-945609733e38@group-05AC48DA6374-LeaderElection6] INFO  server.RaftServerConfigKeys (ConfUtils.java:logGet(43)) - raft.server.staging.catchup.gap = 1000 (default)
2019-10-24 15:46:17,921 [feaf5d54-1805-49ec-899f-945609733e38@group-05AC48DA6374-LeaderElection6] INFO  server.RaftServerConfigKeys (ConfUtils.java:logGet(43)) - raft.server.rpc.sleep.time = 25ms (default)
2019-10-24 15:46:17,922 [feaf5d54-1805-49ec-899f-945609733e38@group-05AC48DA6374-LeaderElection6] INFO  server.RaftServerConfigKeys (ConfUtils.java:logGet(43)) - raft.server.write.element-limit = 4096 (default)
2019-10-24 15:46:17,922 [feaf5d54-1805-49ec-899f-945609733e38@group-05AC48DA6374-LeaderElection6] INFO  server.RaftServerConfigKeys (ConfUtils.java:logGet(43)) - raft.server.watch.timeout = 10s (default)
2019-10-24 15:46:17,922 [feaf5d54-1805-49ec-899f-945609733e38@group-05AC48DA6374-LeaderElection6] INFO  server.RaftServerConfigKeys (ConfUtils.java:logGet(43)) - raft.server.watch.timeout.denomination = 1s (default)
2019-10-24 15:46:17,923 [feaf5d54-1805-49ec-899f-945609733e38@group-05AC48DA6374-LeaderElection6] INFO  server.RaftServerConfigKeys (ConfUtils.java:logGet(43)) - raft.server.watch.element-limit = 65536 (default)
2019-10-24 15:46:17,926 [feaf5d54-1805-49ec-899f-945609733e38@group-05AC48DA6374-LeaderElection6] INFO  server.RaftServerConfigKeys (ConfUtils.java:logGet(43)) - raft.server.log.appender.snapshot.chunk.size.max = 16MB (=16777216) (default)
2019-10-24 15:46:17,927 [feaf5d54-1805-49ec-899f-945609733e38@group-05AC48DA6374-LeaderElection6] INFO  server.RaftServerConfigKeys (ConfUtils.java:logGet(43)) - raft.server.log.appender.buffer.byte-limit = 33554432 (custom)
2019-10-24 15:46:17,927 [feaf5d54-1805-49ec-899f-945609733e38@group-05AC48DA6374-LeaderElection6] INFO  server.RaftServerConfigKeys (ConfUtils.java:logGet(43)) - raft.server.log.appender.buffer.element-limit = 1 (custom)
2019-10-24 15:46:17,927 [feaf5d54-1805-49ec-899f-945609733e38@group-05AC48DA6374-LeaderElection6] INFO  grpc.GrpcConfigKeys$Server (ConfUtils.java:logGet(43)) - raft.grpc.server.leader.outstanding.appends.max = 128 (default)
2019-10-24 15:46:17,928 [feaf5d54-1805-49ec-899f-945609733e38@group-05AC48DA6374-LeaderElection6] INFO  server.RaftServerConfigKeys (ConfUtils.java:logGet(43)) - raft.server.rpc.request.timeout = 3000ms (default)
2019-10-24 15:46:17,929 [feaf5d54-1805-49ec-899f-945609733e38@group-05AC48DA6374-LeaderElection6] INFO  server.RaftServerConfigKeys (ConfUtils.java:logGet(43)) - raft.server.log.appender.install.snapshot.enabled = false (custom)
2019-10-24 15:46:17,932 [feaf5d54-1805-49ec-899f-945609733e38@group-05AC48DA6374-LeaderElection6] INFO  server.RaftServerConfigKeys (ConfUtils.java:logGet(43)) - raft.server.log.appender.snapshot.chunk.size.max = 16MB (=16777216) (default)
2019-10-24 15:46:17,932 [feaf5d54-1805-49ec-899f-945609733e38@group-05AC48DA6374-LeaderElection6] INFO  server.RaftServerConfigKeys (ConfUtils.java:logGet(43)) - raft.server.log.appender.buffer.byte-limit = 33554432 (custom)
2019-10-24 15:46:17,932 [feaf5d54-1805-49ec-899f-945609733e38@group-05AC48DA6374-LeaderElection6] INFO  server.RaftServerConfigKeys (ConfUtils.java:logGet(43)) - raft.server.log.appender.buffer.element-limit = 1 (custom)
2019-10-24 15:46:17,932 [feaf5d54-1805-49ec-899f-945609733e38@group-05AC48DA6374-LeaderElection6] INFO  grpc.GrpcConfigKeys$Server (ConfUtils.java:logGet(43)) - raft.grpc.server.leader.outstanding.appends.max = 128 (default)
2019-10-24 15:46:17,932 [feaf5d54-1805-49ec-899f-945609733e38@group-05AC48DA6374-LeaderElection6] INFO  server.RaftServerConfigKeys (ConfUtils.java:logGet(43)) - raft.server.rpc.request.timeout = 3000ms (default)
2019-10-24 15:46:17,933 [feaf5d54-1805-49ec-899f-945609733e38@group-05AC48DA6374-LeaderElection6] INFO  server.RaftServerConfigKeys (ConfUtils.java:logGet(43)) - raft.server.log.appender.install.snapshot.enabled = false (custom)
2019-10-24 15:46:17,936 [feaf5d54-1805-49ec-899f-945609733e38@group-05AC48DA6374-LeaderElection6] INFO  impl.RoleInfo (RoleInfo.java:updateAndGet(143)) - feaf5d54-1805-49ec-899f-945609733e38: start LeaderState
2019-10-24 15:46:17,936 [feaf5d54-1805-49ec-899f-945609733e38@group-05AC48DA6374-LeaderElection6] INFO  segmented.SegmentedRaftLogWorker (SegmentedRaftLogWorker.java:startLogSegment(385)) - feaf5d54-1805-49ec-899f-945609733e38@group-05AC48DA6374-SegmentedRaftLogWorker: Starting segment from index:0
2019-10-24 15:46:17,937 [feaf5d54-1805-49ec-899f-945609733e38@group-05AC48DA6374-LeaderElection6] INFO  impl.RaftServerImpl (ServerState.java:setRaftConf(357)) - feaf5d54-1805-49ec-899f-945609733e38@group-05AC48DA6374: set configuration 0: [98e78e11-cb4b-48d0-b763-897efd13c9ec:192.168.164.213:39232, 84568b57-9d99-42dc-882b-eae65806f704:192.168.164.213:37329, feaf5d54-1805-49ec-899f-945609733e38:192.168.164.213:39911], old=null at 0
2019-10-24 15:46:17,971 [grpc-default-executor-2] INFO  impl.RaftServerImpl (ServerState.java:setLeader(256)) - 84568b57-9d99-42dc-882b-eae65806f704@group-05AC48DA6374: change Leader from null to feaf5d54-1805-49ec-899f-945609733e38 at term 2 for appendEntries, leader elected after 81ms
2019-10-24 15:46:17,973 [grpc-default-executor-3] INFO  impl.RaftServerImpl (ServerState.java:setLeader(256)) - 98e78e11-cb4b-48d0-b763-897efd13c9ec@group-05AC48DA6374: change Leader from null to feaf5d54-1805-49ec-899f-945609733e38 at term 2 for appendEntries, leader elected after 83ms
2019-10-24 15:46:17,980 [feaf5d54-1805-49ec-899f-945609733e38@group-05AC48DA6374-SegmentedRaftLogWorker] INFO  segmented.SegmentedRaftLogWorker (SegmentedRaftLogWorker.java:execute(576)) - feaf5d54-1805-49ec-899f-945609733e38@group-05AC48DA6374-SegmentedRaftLogWorker: created new log segment /workdir/hadoop-ozone/integration-test/target/test-dir/MiniOzoneClusterImpl-cea207ca-acd6-4eb2-aab4-e348648d9a8e/datanode-1/data/ratis/a9fb5832-a8b6-4e39-9ab2-05ac48da6374/current/log_inprogress_0
2019-10-24 15:46:17,984 [grpc-default-executor-3] INFO  impl.RaftServerImpl (ServerState.java:setRaftConf(357)) - 98e78e11-cb4b-48d0-b763-897efd13c9ec@group-05AC48DA6374: set configuration 0: [98e78e11-cb4b-48d0-b763-897efd13c9ec:192.168.164.213:39232, 84568b57-9d99-42dc-882b-eae65806f704:192.168.164.213:37329, feaf5d54-1805-49ec-899f-945609733e38:192.168.164.213:39911], old=null at 0
2019-10-24 15:46:17,984 [grpc-default-executor-2] INFO  impl.RaftServerImpl (ServerState.java:setRaftConf(357)) - 84568b57-9d99-42dc-882b-eae65806f704@group-05AC48DA6374: set configuration 0: [98e78e11-cb4b-48d0-b763-897efd13c9ec:192.168.164.213:39232, 84568b57-9d99-42dc-882b-eae65806f704:192.168.164.213:37329, feaf5d54-1805-49ec-899f-945609733e38:192.168.164.213:39911], old=null at 0
2019-10-24 15:46:17,985 [grpc-default-executor-2] INFO  segmented.SegmentedRaftLogWorker (SegmentedRaftLogWorker.java:startLogSegment(385)) - 84568b57-9d99-42dc-882b-eae65806f704@group-05AC48DA6374-SegmentedRaftLogWorker: Starting segment from index:0
2019-10-24 15:46:17,988 [grpc-default-executor-3] INFO  segmented.SegmentedRaftLogWorker (SegmentedRaftLogWorker.java:truncate(401)) - 98e78e11-cb4b-48d0-b763-897efd13c9ec@group-05AC48DA6374-SegmentedRaftLogWorker: Truncating segments toTruncate: null
  toDelete: [(0, 0) isOpen? true, length=0, newEndIndex=-1], start index 0
2019-10-24 15:46:17,988 [grpc-default-executor-3] INFO  segmented.SegmentedRaftLogWorker (SegmentedRaftLogWorker.java:startLogSegment(385)) - 98e78e11-cb4b-48d0-b763-897efd13c9ec@group-05AC48DA6374-SegmentedRaftLogWorker: Starting segment from index:0
2019-10-24 15:46:17,990 [98e78e11-cb4b-48d0-b763-897efd13c9ec@group-05AC48DA6374-SegmentedRaftLogWorker] INFO  segmented.SegmentedRaftLogWorker (SegmentedRaftLogWorker.java:execute(640)) - 98e78e11-cb4b-48d0-b763-897efd13c9ec@group-05AC48DA6374-SegmentedRaftLogWorker: Deleted log file /workdir/hadoop-ozone/integration-test/target/test-dir/MiniOzoneClusterImpl-cea207ca-acd6-4eb2-aab4-e348648d9a8e/datanode-0/data/ratis/a9fb5832-a8b6-4e39-9ab2-05ac48da6374/current/log_inprogress_0
2019-10-24 15:46:17,991 [98e78e11-cb4b-48d0-b763-897efd13c9ec@group-05AC48DA6374-SegmentedRaftLogWorker] INFO  segmented.SegmentedRaftLogWorker (SegmentedRaftLogWorker.java:lambda$new$0(128)) - 98e78e11-cb4b-48d0-b763-897efd13c9ec@group-05AC48DA6374-SegmentedRaftLogWorker: flushIndex: setUnconditionally 0 -> -1
2019-10-24 15:46:18,039 [84568b57-9d99-42dc-882b-eae65806f704@group-05AC48DA6374-SegmentedRaftLogWorker] INFO  segmented.SegmentedRaftLogWorker (SegmentedRaftLogWorker.java:execute(576)) - 84568b57-9d99-42dc-882b-eae65806f704@group-05AC48DA6374-SegmentedRaftLogWorker: created new log segment /workdir/hadoop-ozone/integration-test/target/test-dir/MiniOzoneClusterImpl-cea207ca-acd6-4eb2-aab4-e348648d9a8e/datanode-2/data/ratis/a9fb5832-a8b6-4e39-9ab2-05ac48da6374/current/log_inprogress_0
2019-10-24 15:46:18,039 [98e78e11-cb4b-48d0-b763-897efd13c9ec@group-05AC48DA6374-SegmentedRaftLogWorker] INFO  segmented.SegmentedRaftLogWorker (SegmentedRaftLogWorker.java:execute(576)) - 98e78e11-cb4b-48d0-b763-897efd13c9ec@group-05AC48DA6374-SegmentedRaftLogWorker: created new log segment /workdir/hadoop-ozone/integration-test/target/test-dir/MiniOzoneClusterImpl-cea207ca-acd6-4eb2-aab4-e348648d9a8e/datanode-0/data/ratis/a9fb5832-a8b6-4e39-9ab2-05ac48da6374/current/log_inprogress_0
2019-10-24 15:46:18,614 [main] INFO  rpc.RpcClient (RpcClient.java:createVolume(272)) - Creating Volume: testcontainerstatemachinefailures, with jenkins1000 as owner.
2019-10-24 15:46:18,710 [IPC Server handler 18 on 34785] INFO  volume.OMVolumeCreateRequest (OMVolumeCreateRequest.java:validateAndUpdateCache(193)) - created volume:testcontainerstatemachinefailures for user:jenkins1000
2019-10-24 15:46:18,737 [main] INFO  rpc.RpcClient (RpcClient.java:createBucket(411)) - Creating Bucket: testcontainerstatemachinefailures/testcontainerstatemachinefailures, with Versioning false and Storage Type set to DISK and Encryption set to false 
2019-10-24 15:46:18,918 [main] INFO  impl.MetricsSystemImpl (MetricsSystemImpl.java:init(158)) - XceiverClientMetrics metrics system started (again)
2019-10-24 15:46:19,416 [Datanode State Machine Thread - 0] INFO  statemachine.DatanodeStateMachine (DatanodeStateMachine.java:lambda$startDaemon$0(350)) - Ozone container server started.
2019-10-24 15:46:19,495 [Thread-181] INFO  container.ReplicationManager (ReplicationManager.java:start(162)) - Starting Replication Monitor Thread.
2019-10-24 15:46:19,498 [ReplicationMonitor] INFO  container.ReplicationManager (ReplicationManager.java:run(225)) - Replication Monitor Thread took 1 milliseconds for processing 1 containers.
2019-10-24 15:46:24,393 [main] INFO  ozoneimpl.OzoneContainer (OzoneContainer.java:stop(227)) - Attempting to stop container services.
2019-10-24 15:46:24,395 [main] INFO  impl.RaftServerProxy (RaftServerProxy.java:lambda$close$4(314)) - 84568b57-9d99-42dc-882b-eae65806f704: close
2019-10-24 15:46:24,397 [main] INFO  impl.RaftServerImpl (RaftServerImpl.java:lambda$shutdown$3(261)) - 84568b57-9d99-42dc-882b-eae65806f704@group-05AC48DA6374: shutdown
2019-10-24 15:46:24,397 [main] INFO  util.JmxRegister (JmxRegister.java:unregister(73)) - Successfully un-registered JMX Bean with object name Ratis:service=RaftServer,group=group-05AC48DA6374,id=84568b57-9d99-42dc-882b-eae65806f704
2019-10-24 15:46:24,397 [main] INFO  impl.RoleInfo (RoleInfo.java:shutdownFollowerState(121)) - 84568b57-9d99-42dc-882b-eae65806f704: shutdown FollowerState
2019-10-24 15:46:24,398 [Thread-229] INFO  impl.FollowerState (FollowerState.java:run(117)) - 84568b57-9d99-42dc-882b-eae65806f704@group-05AC48DA6374-FollowerState was interrupted: java.lang.InterruptedException: sleep interrupted
2019-10-24 15:46:24,398 [main] INFO  impl.StateMachineUpdater (StateMachineUpdater.java:stopAndJoin(136)) - 84568b57-9d99-42dc-882b-eae65806f704@group-05AC48DA6374-StateMachineUpdater: set stopIndex = 4
2019-10-24 15:46:24,398 [84568b57-9d99-42dc-882b-eae65806f704@group-05AC48DA6374-StateMachineUpdater] INFO  ratis.ContainerStateMachine (ContainerStateMachine.java:takeSnapshot(294)) - group-05AC48DA6374: Taking a snapshot at:(t:2, i:3) file /workdir/hadoop-ozone/integration-test/target/test-dir/MiniOzoneClusterImpl-cea207ca-acd6-4eb2-aab4-e348648d9a8e/datanode-2/data/ratis/a9fb5832-a8b6-4e39-9ab2-05ac48da6374/sm/snapshot.2_3
2019-10-24 15:46:24,500 [84568b57-9d99-42dc-882b-eae65806f704@group-05AC48DA6374-StateMachineUpdater] INFO  ratis.ContainerStateMachine (ContainerStateMachine.java:takeSnapshot(305)) - group-05AC48DA6374: Finished taking a snapshot at:(t:2, i:3) file:/workdir/hadoop-ozone/integration-test/target/test-dir/MiniOzoneClusterImpl-cea207ca-acd6-4eb2-aab4-e348648d9a8e/datanode-2/data/ratis/a9fb5832-a8b6-4e39-9ab2-05ac48da6374/sm/snapshot.2_3 time:102
2019-10-24 15:46:24,502 [84568b57-9d99-42dc-882b-eae65806f704@group-05AC48DA6374-StateMachineUpdater] INFO  impl.StateMachineUpdater (StateMachineUpdater.java:takeSnapshot(269)) - 84568b57-9d99-42dc-882b-eae65806f704@group-05AC48DA6374-StateMachineUpdater: Took a snapshot at index 3
2019-10-24 15:46:24,504 [84568b57-9d99-42dc-882b-eae65806f704@group-05AC48DA6374-StateMachineUpdater] INFO  impl.StateMachineUpdater (StateMachineUpdater.java:lambda$new$0(84)) - 84568b57-9d99-42dc-882b-eae65806f704@group-05AC48DA6374-StateMachineUpdater: snapshotIndex: updateIncreasingly -1 -> 3
2019-10-24 15:46:24,509 [84568b57-9d99-42dc-882b-eae65806f704@group-05AC48DA6374-StateMachineUpdater] INFO  ratis.ContainerStateMachine (ContainerStateMachine.java:takeSnapshot(294)) - group-05AC48DA6374: Taking a snapshot at:(t:2, i:3) file /workdir/hadoop-ozone/integration-test/target/test-dir/MiniOzoneClusterImpl-cea207ca-acd6-4eb2-aab4-e348648d9a8e/datanode-2/data/ratis/a9fb5832-a8b6-4e39-9ab2-05ac48da6374/sm/snapshot.2_3
2019-10-24 15:46:24,521 [84568b57-9d99-42dc-882b-eae65806f704@group-05AC48DA6374-StateMachineUpdater] INFO  ratis.ContainerStateMachine (ContainerStateMachine.java:takeSnapshot(305)) - group-05AC48DA6374: Finished taking a snapshot at:(t:2, i:3) file:/workdir/hadoop-ozone/integration-test/target/test-dir/MiniOzoneClusterImpl-cea207ca-acd6-4eb2-aab4-e348648d9a8e/datanode-2/data/ratis/a9fb5832-a8b6-4e39-9ab2-05ac48da6374/sm/snapshot.2_3 time:12
2019-10-24 15:46:24,521 [84568b57-9d99-42dc-882b-eae65806f704@group-05AC48DA6374-StateMachineUpdater] INFO  impl.StateMachineUpdater (StateMachineUpdater.java:takeSnapshot(269)) - 84568b57-9d99-42dc-882b-eae65806f704@group-05AC48DA6374-StateMachineUpdater: Took a snapshot at index 3
2019-10-24 15:46:24,521 [84568b57-9d99-42dc-882b-eae65806f704@group-05AC48DA6374-StateMachineUpdater] INFO  impl.StateMachineUpdater (StateMachineUpdater.java:lambda$new$0(84)) - 84568b57-9d99-42dc-882b-eae65806f704@group-05AC48DA6374-StateMachineUpdater: snapshotIndex: updateIncreasingly 3 -> 3
2019-10-24 15:46:24,522 [main] INFO  impl.RaftServerImpl (ServerState.java:close(388)) - 84568b57-9d99-42dc-882b-eae65806f704@group-05AC48DA6374: closes. applyIndex: 4
2019-10-24 15:46:24,523 [84568b57-9d99-42dc-882b-eae65806f704@group-05AC48DA6374-SegmentedRaftLogWorker] INFO  segmented.SegmentedRaftLogWorker (SegmentedRaftLogWorker.java:run(316)) - 84568b57-9d99-42dc-882b-eae65806f704@group-05AC48DA6374-SegmentedRaftLogWorker was interrupted, exiting. There are 0 tasks remaining in the queue.
2019-10-24 15:46:24,525 [main] INFO  segmented.SegmentedRaftLogWorker (SegmentedRaftLogWorker.java:close(224)) - 84568b57-9d99-42dc-882b-eae65806f704@group-05AC48DA6374-SegmentedRaftLogWorker close()
2019-10-24 15:46:24,526 [main] INFO  impl.RaftServerImpl (RaftServerImpl.java:lambda$shutdown$3(261)) - 84568b57-9d99-42dc-882b-eae65806f704@group-364CF776A522: shutdown
2019-10-24 15:46:24,527 [main] INFO  util.JmxRegister (JmxRegister.java:unregister(73)) - Successfully un-registered JMX Bean with object name Ratis:service=RaftServer,group=group-364CF776A522,id=84568b57-9d99-42dc-882b-eae65806f704
2019-10-24 15:46:24,527 [main] INFO  impl.RoleInfo (RoleInfo.java:shutdownLeaderState(104)) - 84568b57-9d99-42dc-882b-eae65806f704: shutdown LeaderState
2019-10-24 15:46:24,527 [main] INFO  impl.PendingRequests (PendingRequests.java:sendNotLeaderResponses(202)) - 84568b57-9d99-42dc-882b-eae65806f704@group-364CF776A522-PendingRequests: sendNotLeaderResponses
2019-10-24 15:46:24,528 [main] INFO  impl.StateMachineUpdater (StateMachineUpdater.java:stopAndJoin(136)) - 84568b57-9d99-42dc-882b-eae65806f704@group-364CF776A522-StateMachineUpdater: set stopIndex = 0
2019-10-24 15:46:24,529 [main] INFO  impl.RaftServerImpl (ServerState.java:close(388)) - 84568b57-9d99-42dc-882b-eae65806f704@group-364CF776A522: closes. applyIndex: 0
2019-10-24 15:46:24,529 [84568b57-9d99-42dc-882b-eae65806f704@group-364CF776A522-SegmentedRaftLogWorker] INFO  segmented.SegmentedRaftLogWorker (SegmentedRaftLogWorker.java:run(316)) - 84568b57-9d99-42dc-882b-eae65806f704@group-364CF776A522-SegmentedRaftLogWorker was interrupted, exiting. There are 0 tasks remaining in the queue.
2019-10-24 15:46:24,530 [main] INFO  segmented.SegmentedRaftLogWorker (SegmentedRaftLogWorker.java:close(224)) - 84568b57-9d99-42dc-882b-eae65806f704@group-364CF776A522-SegmentedRaftLogWorker close()
2019-10-24 15:46:24,531 [main] INFO  server.GrpcService (GrpcService.java:closeImpl(164)) - 84568b57-9d99-42dc-882b-eae65806f704: shutdown server with port 37329 now
2019-10-24 15:46:24,538 [grpc-default-executor-3] WARN  server.GrpcServerProtocolService (LogUtils.java:warn(134)) - 84568b57-9d99-42dc-882b-eae65806f704: installSnapshot onError, lastRequest: feaf5d54-1805-49ec-899f-945609733e38->84568b57-9d99-42dc-882b-eae65806f704#7-t2, previous=(t:2, i:4), leaderCommit=4, initializing? false, entries: <empty>: org.apache.ratis.thirdparty.io.grpc.StatusRuntimeException: CANCELLED: cancelled before receiving half close
2019-10-24 15:46:24,549 [grpc-default-executor-2] WARN  server.GrpcLogAppender (LogUtils.java:warn(134)) - feaf5d54-1805-49ec-899f-945609733e38@group-05AC48DA6374->84568b57-9d99-42dc-882b-eae65806f704-AppendLogResponseHandler: Failed appendEntries: org.apache.ratis.thirdparty.io.grpc.StatusRuntimeException: CANCELLED: HTTP/2 error code: CANCEL
Received Rst Stream
2019-10-24 15:46:24,552 [main] INFO  server.GrpcService (GrpcService.java:closeImpl(172)) - 84568b57-9d99-42dc-882b-eae65806f704: shutdown server with port 37329 successfully
2019-10-24 15:46:24,558 [refreshUsed-/workdir/hadoop-ozone/integration-test/target/test-dir/MiniOzoneClusterImpl-cea207ca-acd6-4eb2-aab4-e348648d9a8e/datanode-2/data/containers] WARN  fs.CachingGetSpaceUsed (CachingGetSpaceUsed.java:run(183)) - Thread Interrupted waiting to refresh disk information: sleep interrupted
2019-10-24 15:46:24,572 [main] INFO  utils.BackgroundService (BackgroundService.java:shutdown(151)) - Shutting down service BlockDeletingService
2019-10-24 15:46:24,576 [main] INFO  statemachine.DatanodeStateMachine (DatanodeStateMachine.java:stopDaemon(395)) - Ozone container server stopped.
2019-10-24 15:46:24,579 [main] INFO  handler.ContextHandler (ContextHandler.java:doStop(910)) - Stopped o.e.j.w.WebAppContext@54e3658c{/,null,UNAVAILABLE}{/hddsDatanode}
2019-10-24 15:46:24,584 [main] INFO  server.AbstractConnector (AbstractConnector.java:doStop(318)) - Stopped ServerConnector@43e9089{HTTP/1.1,[http/1.1]}{0.0.0.0:0}
2019-10-24 15:46:24,584 [main] INFO  handler.ContextHandler (ContextHandler.java:doStop(910)) - Stopped o.e.j.s.ServletContextHandler@558756be{/static,jar:file:/home/user/.m2/repository/org/apache/hadoop/hadoop-hdds-container-service/0.5.0-SNAPSHOT/hadoop-hdds-container-service-0.5.0-SNAPSHOT.jar!/webapps/static,UNAVAILABLE}
2019-10-24 15:46:24,584 [main] INFO  handler.ContextHandler (ContextHandler.java:doStop(910)) - Stopped o.e.j.s.ServletContextHandler@6069dd38{/logs,file:///workdir/hadoop-ozone/integration-test/target/log,UNAVAILABLE}
2019-10-24 15:46:27,591 [java.util.concurrent.ThreadPoolExecutor$Worker@1cb074f5[State = -1, empty queue]] WARN  server.GrpcLogAppender (GrpcLogAppender.java:timeoutAppendRequest(209)) - feaf5d54-1805-49ec-899f-945609733e38@group-05AC48DA6374->84568b57-9d99-42dc-882b-eae65806f704-GrpcLogAppender: appendEntries Timeout, request=feaf5d54-1805-49ec-899f-945609733e38->84568b57-9d99-42dc-882b-eae65806f704#8-t2, previous=(t:2, i:4), leaderCommit=4, initializing? false, entries: size=1, first=(t:2, i:5), STATEMACHINELOGENTRY, client-60DA70BF947A, cid=8
2019-10-24 15:46:27,591 [java.util.concurrent.ThreadPoolExecutor$Worker@1cb074f5[State = -1, empty queue]] WARN  server.GrpcLogAppender (GrpcLogAppender.java:timeoutAppendRequest(209)) - feaf5d54-1805-49ec-899f-945609733e38@group-05AC48DA6374->84568b57-9d99-42dc-882b-eae65806f704-GrpcLogAppender: appendEntries Timeout, request=feaf5d54-1805-49ec-899f-945609733e38->84568b57-9d99-42dc-882b-eae65806f704#9-t2, previous=(t:2, i:5), leaderCommit=4, initializing? false, entries: size=1, first=(t:2, i:6), STATEMACHINELOGENTRY, client-60DA70BF947A, cid=9
2019-10-24 15:46:27,609 [java.util.concurrent.ThreadPoolExecutor$Worker@1cb074f5[State = -1, empty queue]] WARN  server.GrpcLogAppender (GrpcLogAppender.java:timeoutAppendRequest(209)) - feaf5d54-1805-49ec-899f-945609733e38@group-05AC48DA6374->84568b57-9d99-42dc-882b-eae65806f704-GrpcLogAppender: appendEntries Timeout, request=feaf5d54-1805-49ec-899f-945609733e38->84568b57-9d99-42dc-882b-eae65806f704#10-t2, previous=(t:2, i:6), leaderCommit=6, initializing? false, entries: size=1, first=(t:2, i:7), METADATAENTRY(c5)
2019-10-24 15:46:27,609 [java.util.concurrent.ThreadPoolExecutor$Worker@1cb074f5[State = -1, empty queue]] WARN  server.GrpcLogAppender (GrpcLogAppender.java:timeoutAppendRequest(209)) - feaf5d54-1805-49ec-899f-945609733e38@group-05AC48DA6374->84568b57-9d99-42dc-882b-eae65806f704-GrpcLogAppender: appendEntries Timeout, request=feaf5d54-1805-49ec-899f-945609733e38->84568b57-9d99-42dc-882b-eae65806f704#11-t2, previous=(t:2, i:7), leaderCommit=6, initializing? false, entries: size=1, first=(t:2, i:8), METADATAENTRY(c6)
2019-10-24 15:46:30,112 [java.util.concurrent.ThreadPoolExecutor$Worker@1cb074f5[State = -1, empty queue]] WARN  server.GrpcLogAppender (GrpcLogAppender.java:timeoutAppendRequest(209)) - feaf5d54-1805-49ec-899f-945609733e38@group-05AC48DA6374->84568b57-9d99-42dc-882b-eae65806f704-GrpcLogAppender: appendEntries Timeout, request=feaf5d54-1805-49ec-899f-945609733e38->84568b57-9d99-42dc-882b-eae65806f704#12-t2, previous=(t:2, i:8), leaderCommit=8, initializing? false, entries: <empty>
2019-10-24 15:46:32,613 [java.util.concurrent.ThreadPoolExecutor$Worker@1cb074f5[State = -1, empty queue]] WARN  server.GrpcLogAppender (GrpcLogAppender.java:timeoutAppendRequest(209)) - feaf5d54-1805-49ec-899f-945609733e38@group-05AC48DA6374->84568b57-9d99-42dc-882b-eae65806f704-GrpcLogAppender: appendEntries Timeout, request=feaf5d54-1805-49ec-899f-945609733e38->84568b57-9d99-42dc-882b-eae65806f704#13-t2, previous=(t:2, i:8), leaderCommit=8, initializing? false, entries: <empty>
2019-10-24 15:46:34,679 [Thread-295] INFO  client.GrpcClientProtocolService (GrpcClientProtocolService.java:lambda$processClientRequest$0(278)) - Failed RaftClientRequest:client-60DA70BF947A->98e78e11-cb4b-48d0-b763-897efd13c9ec@group-05AC48DA6374, cid=10, seq=0, Watch-ALL_COMMITTED(6), Message:<EMPTY>, reply=RaftClientReply:client-60DA70BF947A->98e78e11-cb4b-48d0-b763-897efd13c9ec@group-05AC48DA6374, cid=10, FAILED org.apache.ratis.protocol.NotLeaderException: Server 98e78e11-cb4b-48d0-b763-897efd13c9ec@group-05AC48DA6374 is not the leader feaf5d54-1805-49ec-899f-945609733e38:192.168.164.213:39911, logIndex=0, commits[98e78e11-cb4b-48d0-b763-897efd13c9ec:c8, 84568b57-9d99-42dc-882b-eae65806f704:c4, feaf5d54-1805-49ec-899f-945609733e38:c8]
2019-10-24 15:46:34,686 [Thread-296] INFO  client.GrpcClientProtocolService (GrpcClientProtocolService.java:lambda$processClientRequest$0(278)) - Failed RaftClientRequest:client-60DA70BF947A->feaf5d54-1805-49ec-899f-945609733e38@group-05AC48DA6374, cid=10, seq=0, Watch-ALL_COMMITTED(6), Message:<EMPTY>, reply=RaftClientReply:client-60DA70BF947A->feaf5d54-1805-49ec-899f-945609733e38@group-05AC48DA6374, cid=10, FAILED org.apache.ratis.protocol.NotReplicatedException: Request with call Id 10 and log index 6 is not yet replicated to ALL_COMMITTED, logIndex=6, commits[feaf5d54-1805-49ec-899f-945609733e38:c8, 98e78e11-cb4b-48d0-b763-897efd13c9ec:c8, 84568b57-9d99-42dc-882b-eae65806f704:c4]
2019-10-24 15:46:35,114 [java.util.concurrent.ThreadPoolExecutor$Worker@1cb074f5[State = -1, empty queue]] WARN  server.GrpcLogAppender (GrpcLogAppender.java:timeoutAppendRequest(209)) - feaf5d54-1805-49ec-899f-945609733e38@group-05AC48DA6374->84568b57-9d99-42dc-882b-eae65806f704-GrpcLogAppender: appendEntries Timeout, request=feaf5d54-1805-49ec-899f-945609733e38->84568b57-9d99-42dc-882b-eae65806f704#14-t2, previous=(t:2, i:8), leaderCommit=8, initializing? false, entries: <empty>
2019-10-24 15:46:37,619 [java.util.concurrent.ThreadPoolExecutor$Worker@1cb074f5[State = -1, empty queue]] WARN  server.GrpcLogAppender (GrpcLogAppender.java:timeoutAppendRequest(209)) - feaf5d54-1805-49ec-899f-945609733e38@group-05AC48DA6374->84568b57-9d99-42dc-882b-eae65806f704-GrpcLogAppender: appendEntries Timeout, request=feaf5d54-1805-49ec-899f-945609733e38->84568b57-9d99-42dc-882b-eae65806f704#15-t2, previous=(t:2, i:8), leaderCommit=8, initializing? false, entries: <empty>
2019-10-24 15:46:40,120 [java.util.concurrent.ThreadPoolExecutor$Worker@1cb074f5[State = -1, empty queue]] WARN  server.GrpcLogAppender (GrpcLogAppender.java:timeoutAppendRequest(209)) - feaf5d54-1805-49ec-899f-945609733e38@group-05AC48DA6374->84568b57-9d99-42dc-882b-eae65806f704-GrpcLogAppender: appendEntries Timeout, request=feaf5d54-1805-49ec-899f-945609733e38->84568b57-9d99-42dc-882b-eae65806f704#16-t2, previous=(t:2, i:8), leaderCommit=8, initializing? false, entries: <empty>
2019-10-24 15:46:42,621 [java.util.concurrent.ThreadPoolExecutor$Worker@1cb074f5[State = -1, empty queue]] WARN  server.GrpcLogAppender (GrpcLogAppender.java:timeoutAppendRequest(209)) - feaf5d54-1805-49ec-899f-945609733e38@group-05AC48DA6374->84568b57-9d99-42dc-882b-eae65806f704-GrpcLogAppender: appendEntries Timeout, request=feaf5d54-1805-49ec-899f-945609733e38->84568b57-9d99-42dc-882b-eae65806f704#17-t2, previous=(t:2, i:8), leaderCommit=8, initializing? false, entries: <empty>
2019-10-24 15:46:43,715 [Thread-304] INFO  client.GrpcClientProtocolService (GrpcClientProtocolService.java:lambda$processClientRequest$0(278)) - Failed RaftClientRequest:client-60DA70BF947A->98e78e11-cb4b-48d0-b763-897efd13c9ec@group-05AC48DA6374, cid=10, seq=0, Watch-ALL_COMMITTED(6), Message:<EMPTY>, reply=RaftClientReply:client-60DA70BF947A->98e78e11-cb4b-48d0-b763-897efd13c9ec@group-05AC48DA6374, cid=10, FAILED org.apache.ratis.protocol.NotLeaderException: Server 98e78e11-cb4b-48d0-b763-897efd13c9ec@group-05AC48DA6374 is not the leader feaf5d54-1805-49ec-899f-945609733e38:192.168.164.213:39911, logIndex=0, commits[98e78e11-cb4b-48d0-b763-897efd13c9ec:c8, 84568b57-9d99-42dc-882b-eae65806f704:c4, feaf5d54-1805-49ec-899f-945609733e38:c8]
2019-10-24 15:46:45,122 [java.util.concurrent.ThreadPoolExecutor$Worker@1cb074f5[State = -1, empty queue]] WARN  server.GrpcLogAppender (GrpcLogAppender.java:timeoutAppendRequest(209)) - feaf5d54-1805-49ec-899f-945609733e38@group-05AC48DA6374->84568b57-9d99-42dc-882b-eae65806f704-GrpcLogAppender: appendEntries Timeout, request=feaf5d54-1805-49ec-899f-945609733e38->84568b57-9d99-42dc-882b-eae65806f704#18-t2, previous=(t:2, i:8), leaderCommit=8, initializing? false, entries: <empty>
2019-10-24 15:46:45,683 [Thread-308] INFO  client.GrpcClientProtocolService (GrpcClientProtocolService.java:lambda$processClientRequest$0(278)) - Failed RaftClientRequest:client-60DA70BF947A->feaf5d54-1805-49ec-899f-945609733e38@group-05AC48DA6374, cid=10, seq=0, Watch-ALL_COMMITTED(6), Message:<EMPTY>, reply=RaftClientReply:client-60DA70BF947A->feaf5d54-1805-49ec-899f-945609733e38@group-05AC48DA6374, cid=10, FAILED org.apache.ratis.protocol.NotReplicatedException: Request with call Id 10 and log index 6 is not yet replicated to ALL_COMMITTED, logIndex=6, commits[feaf5d54-1805-49ec-899f-945609733e38:c8, 98e78e11-cb4b-48d0-b763-897efd13c9ec:c8, 84568b57-9d99-42dc-882b-eae65806f704:c4]
2019-10-24 15:46:47,623 [java.util.concurrent.ThreadPoolExecutor$Worker@1cb074f5[State = -1, empty queue]] WARN  server.GrpcLogAppender (GrpcLogAppender.java:timeoutAppendRequest(209)) - feaf5d54-1805-49ec-899f-945609733e38@group-05AC48DA6374->84568b57-9d99-42dc-882b-eae65806f704-GrpcLogAppender: appendEntries Timeout, request=feaf5d54-1805-49ec-899f-945609733e38->84568b57-9d99-42dc-882b-eae65806f704#19-t2, previous=(t:2, i:8), leaderCommit=8, initializing? false, entries: <empty>
2019-10-24 15:46:50,125 [java.util.concurrent.ThreadPoolExecutor$Worker@1cb074f5[State = -1, empty queue]] WARN  server.GrpcLogAppender (GrpcLogAppender.java:timeoutAppendRequest(209)) - feaf5d54-1805-49ec-899f-945609733e38@group-05AC48DA6374->84568b57-9d99-42dc-882b-eae65806f704-GrpcLogAppender: appendEntries Timeout, request=feaf5d54-1805-49ec-899f-945609733e38->84568b57-9d99-42dc-882b-eae65806f704#20-t2, previous=(t:2, i:8), leaderCommit=8, initializing? false, entries: <empty>
2019-10-24 15:46:52,628 [java.util.concurrent.ThreadPoolExecutor$Worker@1cb074f5[State = -1, empty queue]] WARN  server.GrpcLogAppender (GrpcLogAppender.java:timeoutAppendRequest(209)) - feaf5d54-1805-49ec-899f-945609733e38@group-05AC48DA6374->84568b57-9d99-42dc-882b-eae65806f704-GrpcLogAppender: appendEntries Timeout, request=feaf5d54-1805-49ec-899f-945609733e38->84568b57-9d99-42dc-882b-eae65806f704#21-t2, previous=(t:2, i:8), leaderCommit=8, initializing? false, entries: <empty>
2019-10-24 15:46:52,754 [Thread-314] INFO  client.GrpcClientProtocolService (GrpcClientProtocolService.java:lambda$processClientRequest$0(278)) - Failed RaftClientRequest:client-60DA70BF947A->98e78e11-cb4b-48d0-b763-897efd13c9ec@group-05AC48DA6374, cid=10, seq=0, Watch-ALL_COMMITTED(6), Message:<EMPTY>, reply=RaftClientReply:client-60DA70BF947A->98e78e11-cb4b-48d0-b763-897efd13c9ec@group-05AC48DA6374, cid=10, FAILED org.apache.ratis.protocol.NotLeaderException: Server 98e78e11-cb4b-48d0-b763-897efd13c9ec@group-05AC48DA6374 is not the leader feaf5d54-1805-49ec-899f-945609733e38:192.168.164.213:39911, logIndex=0, commits[98e78e11-cb4b-48d0-b763-897efd13c9ec:c8, 84568b57-9d99-42dc-882b-eae65806f704:c4, feaf5d54-1805-49ec-899f-945609733e38:c8]
2019-10-24 15:46:54,624 [main] WARN  scm.XceiverClientRatis (XceiverClientRatis.java:watchForCommit(277)) - 3 way commit failed on pipeline Pipeline[ Id: a9fb5832-a8b6-4e39-9ab2-05ac48da6374, Nodes: feaf5d54-1805-49ec-899f-945609733e38{ip: 192.168.164.213, host: pr-hdds-2359-djbrp-462585948, networkLocation: /default-rack, certSerialId: null}84568b57-9d99-42dc-882b-eae65806f704{ip: 192.168.164.213, host: pr-hdds-2359-djbrp-462585948, networkLocation: /default-rack, certSerialId: null}98e78e11-cb4b-48d0-b763-897efd13c9ec{ip: 192.168.164.213, host: pr-hdds-2359-djbrp-462585948, networkLocation: /default-rack, certSerialId: null}, Type:RATIS, Factor:THREE, State:OPEN]
java.util.concurrent.TimeoutException
	at java.util.concurrent.CompletableFuture.timedGet(CompletableFuture.java:1771)
	at java.util.concurrent.CompletableFuture.get(CompletableFuture.java:1915)
	at org.apache.hadoop.hdds.scm.XceiverClientRatis.watchForCommit(XceiverClientRatis.java:274)
	at org.apache.hadoop.hdds.scm.storage.CommitWatcher.watchForCommit(CommitWatcher.java:198)
	at org.apache.hadoop.hdds.scm.storage.CommitWatcher.watchOnLastIndex(CommitWatcher.java:161)
	at org.apache.hadoop.hdds.scm.storage.BlockOutputStream.watchForCommit(BlockOutputStream.java:346)
	at org.apache.hadoop.hdds.scm.storage.BlockOutputStream.handleFlush(BlockOutputStream.java:482)
	at org.apache.hadoop.hdds.scm.storage.BlockOutputStream.close(BlockOutputStream.java:496)
	at org.apache.hadoop.ozone.client.io.BlockOutputStreamEntry.close(BlockOutputStreamEntry.java:143)
	at org.apache.hadoop.ozone.client.io.KeyOutputStream.handleFlushOrClose(KeyOutputStream.java:435)
	at org.apache.hadoop.ozone.client.io.KeyOutputStream.close(KeyOutputStream.java:473)
	at org.apache.hadoop.ozone.client.io.OzoneOutputStream.close(OzoneOutputStream.java:60)
	at org.apache.hadoop.ozone.client.rpc.TestDeleteWithSlowFollower.testDeleteKeyWithSlowFollower(TestDeleteWithSlowFollower.java:193)
	at sun.reflect.NativeMethodAccessorImpl.invoke0(Native Method)
	at sun.reflect.NativeMethodAccessorImpl.invoke(NativeMethodAccessorImpl.java:62)
	at sun.reflect.DelegatingMethodAccessorImpl.invoke(DelegatingMethodAccessorImpl.java:43)
	at java.lang.reflect.Method.invoke(Method.java:498)
	at org.junit.runners.model.FrameworkMethod$1.runReflectiveCall(FrameworkMethod.java:47)
	at org.junit.internal.runners.model.ReflectiveCallable.run(ReflectiveCallable.java:12)
	at org.junit.runners.model.FrameworkMethod.invokeExplosively(FrameworkMethod.java:44)
	at org.junit.internal.runners.statements.InvokeMethod.evaluate(InvokeMethod.java:17)
	at org.junit.runners.ParentRunner.runLeaf(ParentRunner.java:271)
	at org.junit.runners.BlockJUnit4ClassRunner.runChild(BlockJUnit4ClassRunner.java:70)
	at org.junit.runners.BlockJUnit4ClassRunner.runChild(BlockJUnit4ClassRunner.java:50)
	at org.junit.runners.ParentRunner$3.run(ParentRunner.java:238)
	at org.junit.runners.ParentRunner$1.schedule(ParentRunner.java:63)
	at org.junit.runners.ParentRunner.runChildren(ParentRunner.java:236)
	at org.junit.runners.ParentRunner.access$000(ParentRunner.java:53)
	at org.junit.runners.ParentRunner$2.evaluate(ParentRunner.java:229)
	at org.junit.internal.runners.statements.RunBefores.evaluate(RunBefores.java:26)
	at org.junit.internal.runners.statements.RunAfters.evaluate(RunAfters.java:27)
	at org.junit.runners.ParentRunner.run(ParentRunner.java:309)
	at org.apache.maven.surefire.junit4.JUnit4Provider.execute(JUnit4Provider.java:365)
	at org.apache.maven.surefire.junit4.JUnit4Provider.executeWithRerun(JUnit4Provider.java:273)
	at org.apache.maven.surefire.junit4.JUnit4Provider.executeTestSet(JUnit4Provider.java:238)
	at org.apache.maven.surefire.junit4.JUnit4Provider.invoke(JUnit4Provider.java:159)
	at org.apache.maven.surefire.booter.ForkedBooter.invokeProviderInSameClassLoader(ForkedBooter.java:384)
	at org.apache.maven.surefire.booter.ForkedBooter.runSuitesInProcess(ForkedBooter.java:345)
	at org.apache.maven.surefire.booter.ForkedBooter.execute(ForkedBooter.java:126)
	at org.apache.maven.surefire.booter.ForkedBooter.main(ForkedBooter.java:418)
2019-10-24 15:46:54,637 [main] INFO  scm.XceiverClientRatis (XceiverClientRatis.java:lambda$watchForCommit$5(295)) - Could not commit index 6 on pipeline Pipeline[ Id: a9fb5832-a8b6-4e39-9ab2-05ac48da6374, Nodes: feaf5d54-1805-49ec-899f-945609733e38{ip: 192.168.164.213, host: pr-hdds-2359-djbrp-462585948, networkLocation: /default-rack, certSerialId: null}84568b57-9d99-42dc-882b-eae65806f704{ip: 192.168.164.213, host: pr-hdds-2359-djbrp-462585948, networkLocation: /default-rack, certSerialId: null}98e78e11-cb4b-48d0-b763-897efd13c9ec{ip: 192.168.164.213, host: pr-hdds-2359-djbrp-462585948, networkLocation: /default-rack, certSerialId: null}, Type:RATIS, Factor:THREE, State:OPEN] to all the nodes. Server 84568b57-9d99-42dc-882b-eae65806f704 has failed. Committed by majority.
2019-10-24 15:46:54,638 [main] WARN  storage.BlockOutputStream (BlockOutputStream.java:watchForCommit(352)) - Failed to commit BlockId conID: 1 locID: 103018134164340736 bcsId: 6 on Pipeline[ Id: a9fb5832-a8b6-4e39-9ab2-05ac48da6374, Nodes: feaf5d54-1805-49ec-899f-945609733e38{ip: 192.168.164.213, host: pr-hdds-2359-djbrp-462585948, networkLocation: /default-rack, certSerialId: null}84568b57-9d99-42dc-882b-eae65806f704{ip: 192.168.164.213, host: pr-hdds-2359-djbrp-462585948, networkLocation: /default-rack, certSerialId: null}98e78e11-cb4b-48d0-b763-897efd13c9ec{ip: 192.168.164.213, host: pr-hdds-2359-djbrp-462585948, networkLocation: /default-rack, certSerialId: null}, Type:RATIS, Factor:THREE, State:OPEN]. Failed nodes: [84568b57-9d99-42dc-882b-eae65806f704{ip: null, host: null, networkLocation: /default-rack, certSerialId: null}]
2019-10-24 15:46:54,682 [Thread-321] INFO  client.GrpcClientProtocolService (GrpcClientProtocolService.java:lambda$processClientRequest$0(278)) - Failed RaftClientRequest:client-60DA70BF947A->feaf5d54-1805-49ec-899f-945609733e38@group-05AC48DA6374, cid=10, seq=0, Watch-ALL_COMMITTED(6), Message:<EMPTY>, reply=RaftClientReply:client-60DA70BF947A->feaf5d54-1805-49ec-899f-945609733e38@group-05AC48DA6374, cid=10, FAILED org.apache.ratis.protocol.NotReplicatedException: Request with call Id 10 and log index 6 is not yet replicated to ALL_COMMITTED, logIndex=6, commits[feaf5d54-1805-49ec-899f-945609733e38:c8, 98e78e11-cb4b-48d0-b763-897efd13c9ec:c8, 84568b57-9d99-42dc-882b-eae65806f704:c4]
2019-10-24 15:46:54,711 [EventQueue-IncrementalContainerReportForIncrementalContainerReportHandler] WARN  container.IncrementalContainerReportHandler (AbstractContainerReportHandler.java:updateContainerState(145)) - Container #1 is in OPEN state, but the datanode feaf5d54-1805-49ec-899f-945609733e38{ip: 192.168.164.213, host: pr-hdds-2359-djbrp-462585948, networkLocation: /default-rack, certSerialId: null} reports an CLOSING replica.
2019-10-24 15:46:54,722 [RatisApplyTransactionExecutor 1] INFO  interfaces.Container (KeyValueContainer.java:flushAndSyncDB(386)) - Container 1 is synced with bcsId 6.
2019-10-24 15:46:54,723 [RatisApplyTransactionExecutor 1] INFO  interfaces.Container (KeyValueContainer.java:flushAndSyncDB(386)) - Container 1 is synced with bcsId 6.
2019-10-24 15:46:54,755 [BlockDeletingService#2] WARN  background.BlockDeletingService (BlockDeletingService.java:isDeletionAllowed(187)) - Close Container log Index 6 is not replicated across allthe servers in the pipeline a9fb5832-a8b6-4e39-9ab2-05ac48da6374 as the min replicated index is 4. Deletion is not allowed in this container yet.
2019-10-24 15:46:54,765 [RatisApplyTransactionExecutor 1] INFO  interfaces.Container (KeyValueContainer.java:close(335)) - Container 1 is closed with bcsId 6.
2019-10-24 15:46:54,769 [EventQueue-IncrementalContainerReportForIncrementalContainerReportHandler] WARN  container.IncrementalContainerReportHandler (AbstractContainerReportHandler.java:updateContainerState(145)) - Container #1 is in OPEN state, but the datanode feaf5d54-1805-49ec-899f-945609733e38{ip: 192.168.164.213, host: pr-hdds-2359-djbrp-462585948, networkLocation: /default-rack, certSerialId: null} reports an CLOSED replica.
2019-10-24 15:46:54,770 [EventQueue-IncrementalContainerReportForIncrementalContainerReportHandler] WARN  container.IncrementalContainerReportHandler (AbstractContainerReportHandler.java:updateContainerState(145)) - Container #1 is in OPEN state, but the datanode 98e78e11-cb4b-48d0-b763-897efd13c9ec{ip: 192.168.164.213, host: pr-hdds-2359-djbrp-462585948, networkLocation: /default-rack, certSerialId: null} reports an CLOSING replica.
2019-10-24 15:46:54,779 [RatisApplyTransactionExecutor 1] INFO  interfaces.Container (KeyValueContainer.java:flushAndSyncDB(386)) - Container 1 is synced with bcsId 6.
2019-10-24 15:46:54,780 [RatisApplyTransactionExecutor 1] INFO  interfaces.Container (KeyValueContainer.java:flushAndSyncDB(386)) - Container 1 is synced with bcsId 6.
2019-10-24 15:46:54,795 [RatisApplyTransactionExecutor 1] INFO  interfaces.Container (KeyValueContainer.java:close(335)) - Container 1 is closed with bcsId 6.
2019-10-24 15:46:54,798 [EventQueue-IncrementalContainerReportForIncrementalContainerReportHandler] WARN  container.IncrementalContainerReportHandler (AbstractContainerReportHandler.java:updateContainerState(145)) - Container #1 is in OPEN state, but the datanode 98e78e11-cb4b-48d0-b763-897efd13c9ec{ip: 192.168.164.213, host: pr-hdds-2359-djbrp-462585948, networkLocation: /default-rack, certSerialId: null} reports an CLOSED replica.
2019-10-24 15:46:54,866 [EventQueue-ContainerReportForContainerReportHandler] WARN  container.ContainerReportHandler (AbstractContainerReportHandler.java:updateContainerState(145)) - Container #1 is in OPEN state, but the datanode feaf5d54-1805-49ec-899f-945609733e38{ip: 192.168.164.213, host: pr-hdds-2359-djbrp-462585948, networkLocation: /default-rack, certSerialId: null} reports an CLOSED replica.
2019-10-24 15:46:54,898 [EventQueue-ContainerReportForContainerReportHandler] WARN  container.ContainerReportHandler (AbstractContainerReportHandler.java:updateContainerState(145)) - Container #1 is in OPEN state, but the datanode 98e78e11-cb4b-48d0-b763-897efd13c9ec{ip: 192.168.164.213, host: pr-hdds-2359-djbrp-462585948, networkLocation: /default-rack, certSerialId: null} reports an CLOSED replica.
2019-10-24 15:46:55,129 [java.util.concurrent.ThreadPoolExecutor$Worker@1cb074f5[State = -1, empty queue]] WARN  server.GrpcLogAppender (GrpcLogAppender.java:timeoutAppendRequest(209)) - feaf5d54-1805-49ec-899f-945609733e38@group-05AC48DA6374->84568b57-9d99-42dc-882b-eae65806f704-GrpcLogAppender: appendEntries Timeout, request=feaf5d54-1805-49ec-899f-945609733e38->84568b57-9d99-42dc-882b-eae65806f704#22-t2, previous=(t:2, i:8), leaderCommit=8, initializing? false, entries: <empty>
2019-10-24 15:46:55,167 [EventQueue-ContainerReportForContainerReportHandler] WARN  container.ContainerReportHandler (AbstractContainerReportHandler.java:updateContainerState(145)) - Container #1 is in OPEN state, but the datanode feaf5d54-1805-49ec-899f-945609733e38{ip: 192.168.164.213, host: pr-hdds-2359-djbrp-462585948, networkLocation: /default-rack, certSerialId: null} reports an CLOSED replica.
2019-10-24 15:46:55,198 [EventQueue-ContainerReportForContainerReportHandler] WARN  container.ContainerReportHandler (AbstractContainerReportHandler.java:updateContainerState(145)) - Container #1 is in OPEN state, but the datanode 98e78e11-cb4b-48d0-b763-897efd13c9ec{ip: 192.168.164.213, host: pr-hdds-2359-djbrp-462585948, networkLocation: /default-rack, certSerialId: null} reports an CLOSED replica.
2019-10-24 15:46:55,467 [EventQueue-ContainerReportForContainerReportHandler] WARN  container.ContainerReportHandler (AbstractContainerReportHandler.java:updateContainerState(145)) - Container #1 is in OPEN state, but the datanode feaf5d54-1805-49ec-899f-945609733e38{ip: 192.168.164.213, host: pr-hdds-2359-djbrp-462585948, networkLocation: /default-rack, certSerialId: null} reports an CLOSED replica.
2019-10-24 15:46:55,498 [EventQueue-ContainerReportForContainerReportHandler] WARN  container.ContainerReportHandler (AbstractContainerReportHandler.java:updateContainerState(145)) - Container #1 is in OPEN state, but the datanode 98e78e11-cb4b-48d0-b763-897efd13c9ec{ip: 192.168.164.213, host: pr-hdds-2359-djbrp-462585948, networkLocation: /default-rack, certSerialId: null} reports an CLOSED replica.
2019-10-24 15:46:55,555 [IPC Server handler 2 on 40103] INFO  server.SCMBlockProtocolServer (SCMBlockProtocolServer.java:deleteKeyBlocks(212)) - SCM is informed by OM to delete 1 blocks
2019-10-24 15:46:55,556 [IPC Server handler 2 on 40103] INFO  block.BlockManagerImpl (BlockManagerImpl.java:deleteBlocks(285)) - Deleting blocks conID: 1 locID: 103018134164340736 bcsId: 0
2019-10-24 15:46:55,747 [BlockDeletingService#2] WARN  background.BlockDeletingService (BlockDeletingService.java:isDeletionAllowed(187)) - Close Container log Index 6 is not replicated across allthe servers in the pipeline a9fb5832-a8b6-4e39-9ab2-05ac48da6374 as the min replicated index is 4. Deletion is not allowed in this container yet.
2019-10-24 15:46:55,757 [BlockDeletingService#2] WARN  background.BlockDeletingService (BlockDeletingService.java:isDeletionAllowed(187)) - Close Container log Index 6 is not replicated across allthe servers in the pipeline a9fb5832-a8b6-4e39-9ab2-05ac48da6374 as the min replicated index is 4. Deletion is not allowed in this container yet.
2019-10-24 15:46:55,767 [EventQueue-ContainerReportForContainerReportHandler] WARN  container.ContainerReportHandler (AbstractContainerReportHandler.java:updateContainerState(145)) - Container #1 is in OPEN state, but the datanode feaf5d54-1805-49ec-899f-945609733e38{ip: 192.168.164.213, host: pr-hdds-2359-djbrp-462585948, networkLocation: /default-rack, certSerialId: null} reports an CLOSED replica.
2019-10-24 15:46:55,899 [EventQueue-ContainerReportForContainerReportHandler] WARN  container.ContainerReportHandler (AbstractContainerReportHandler.java:updateContainerState(145)) - Container #1 is in OPEN state, but the datanode 98e78e11-cb4b-48d0-b763-897efd13c9ec{ip: 192.168.164.213, host: pr-hdds-2359-djbrp-462585948, networkLocation: /default-rack, certSerialId: null} reports an CLOSED replica.
2019-10-24 15:46:55,968 [EventQueue-ContainerReportForContainerReportHandler] WARN  container.ContainerReportHandler (AbstractContainerReportHandler.java:updateContainerState(145)) - Container #1 is in OPEN state, but the datanode feaf5d54-1805-49ec-899f-945609733e38{ip: 192.168.164.213, host: pr-hdds-2359-djbrp-462585948, networkLocation: /default-rack, certSerialId: null} reports an CLOSED replica.
2019-10-24 15:46:56,198 [EventQueue-ContainerReportForContainerReportHandler] WARN  container.ContainerReportHandler (AbstractContainerReportHandler.java:updateContainerState(145)) - Container #1 is in OPEN state, but the datanode 98e78e11-cb4b-48d0-b763-897efd13c9ec{ip: 192.168.164.213, host: pr-hdds-2359-djbrp-462585948, networkLocation: /default-rack, certSerialId: null} reports an CLOSED replica.
2019-10-24 15:46:56,366 [EventQueue-ContainerReportForContainerReportHandler] WARN  container.ContainerReportHandler (AbstractContainerReportHandler.java:updateContainerState(145)) - Container #1 is in OPEN state, but the datanode feaf5d54-1805-49ec-899f-945609733e38{ip: 192.168.164.213, host: pr-hdds-2359-djbrp-462585948, networkLocation: /default-rack, certSerialId: null} reports an CLOSED replica.
2019-10-24 15:46:56,399 [EventQueue-ContainerReportForContainerReportHandler] WARN  container.ContainerReportHandler (AbstractContainerReportHandler.java:updateContainerState(145)) - Container #1 is in OPEN state, but the datanode 98e78e11-cb4b-48d0-b763-897efd13c9ec{ip: 192.168.164.213, host: pr-hdds-2359-djbrp-462585948, networkLocation: /default-rack, certSerialId: null} reports an CLOSED replica.
2019-10-24 15:46:56,667 [EventQueue-ContainerReportForContainerReportHandler] WARN  container.ContainerReportHandler (AbstractContainerReportHandler.java:updateContainerState(145)) - Container #1 is in OPEN state, but the datanode feaf5d54-1805-49ec-899f-945609733e38{ip: 192.168.164.213, host: pr-hdds-2359-djbrp-462585948, networkLocation: /default-rack, certSerialId: null} reports an CLOSED replica.
2019-10-24 15:46:56,749 [BlockDeletingService#2] WARN  background.BlockDeletingService (BlockDeletingService.java:isDeletionAllowed(187)) - Close Container log Index 6 is not replicated across allthe servers in the pipeline a9fb5832-a8b6-4e39-9ab2-05ac48da6374 as the min replicated index is 4. Deletion is not allowed in this container yet.
2019-10-24 15:46:56,758 [BlockDeletingService#2] WARN  background.BlockDeletingService (BlockDeletingService.java:isDeletionAllowed(187)) - Close Container log Index 6 is not replicated across allthe servers in the pipeline a9fb5832-a8b6-4e39-9ab2-05ac48da6374 as the min replicated index is 4. Deletion is not allowed in this container yet.
2019-10-24 15:46:56,799 [EventQueue-ContainerReportForContainerReportHandler] WARN  container.ContainerReportHandler (AbstractContainerReportHandler.java:updateContainerState(145)) - Container #1 is in OPEN state, but the datanode 98e78e11-cb4b-48d0-b763-897efd13c9ec{ip: 192.168.164.213, host: pr-hdds-2359-djbrp-462585948, networkLocation: /default-rack, certSerialId: null} reports an CLOSED replica.
2019-10-24 15:46:57,068 [EventQueue-ContainerReportForContainerReportHandler] WARN  container.ContainerReportHandler (AbstractContainerReportHandler.java:updateContainerState(145)) - Container #1 is in OPEN state, but the datanode feaf5d54-1805-49ec-899f-945609733e38{ip: 192.168.164.213, host: pr-hdds-2359-djbrp-462585948, networkLocation: /default-rack, certSerialId: null} reports an CLOSED replica.
2019-10-24 15:46:57,199 [EventQueue-ContainerReportForContainerReportHandler] WARN  container.ContainerReportHandler (AbstractContainerReportHandler.java:updateContainerState(145)) - Container #1 is in OPEN state, but the datanode 98e78e11-cb4b-48d0-b763-897efd13c9ec{ip: 192.168.164.213, host: pr-hdds-2359-djbrp-462585948, networkLocation: /default-rack, certSerialId: null} reports an CLOSED replica.
2019-10-24 15:46:57,368 [EventQueue-ContainerReportForContainerReportHandler] WARN  container.ContainerReportHandler (AbstractContainerReportHandler.java:updateContainerState(145)) - Container #1 is in OPEN state, but the datanode feaf5d54-1805-49ec-899f-945609733e38{ip: 192.168.164.213, host: pr-hdds-2359-djbrp-462585948, networkLocation: /default-rack, certSerialId: null} reports an CLOSED replica.
2019-10-24 15:46:57,400 [EventQueue-ContainerReportForContainerReportHandler] WARN  container.ContainerReportHandler (AbstractContainerReportHandler.java:updateContainerState(145)) - Container #1 is in OPEN state, but the datanode 98e78e11-cb4b-48d0-b763-897efd13c9ec{ip: 192.168.164.213, host: pr-hdds-2359-djbrp-462585948, networkLocation: /default-rack, certSerialId: null} reports an CLOSED replica.
2019-10-24 15:46:57,630 [java.util.concurrent.ThreadPoolExecutor$Worker@1cb074f5[State = -1, empty queue]] WARN  server.GrpcLogAppender (GrpcLogAppender.java:timeoutAppendRequest(209)) - feaf5d54-1805-49ec-899f-945609733e38@group-05AC48DA6374->84568b57-9d99-42dc-882b-eae65806f704-GrpcLogAppender: appendEntries Timeout, request=feaf5d54-1805-49ec-899f-945609733e38->84568b57-9d99-42dc-882b-eae65806f704#23-t2, previous=(t:2, i:8), leaderCommit=8, initializing? false, entries: <empty>
2019-10-24 15:46:57,670 [EventQueue-ContainerReportForContainerReportHandler] WARN  container.ContainerReportHandler (AbstractContainerReportHandler.java:updateContainerState(145)) - Container #1 is in OPEN state, but the datanode feaf5d54-1805-49ec-899f-945609733e38{ip: 192.168.164.213, host: pr-hdds-2359-djbrp-462585948, networkLocation: /default-rack, certSerialId: null} reports an CLOSED replica.
2019-10-24 15:46:57,681 [java.util.concurrent.ThreadPoolExecutor$Worker@1cb074f5[State = -1, empty queue]] WARN  server.GrpcLogAppender (GrpcLogAppender.java:timeoutAppendRequest(209)) - feaf5d54-1805-49ec-899f-945609733e38@group-05AC48DA6374->84568b57-9d99-42dc-882b-eae65806f704-GrpcLogAppender: appendEntries Timeout, request=feaf5d54-1805-49ec-899f-945609733e38->84568b57-9d99-42dc-882b-eae65806f704#24-t2, previous=(t:2, i:8), leaderCommit=8, initializing? false, entries: size=1, first=(t:2, i:9), STATEMACHINELOGENTRY, client-D91745C2D28F, cid=12
2019-10-24 15:46:57,696 [java.util.concurrent.ThreadPoolExecutor$Worker@1cb074f5[State = -1, empty queue]] WARN  server.GrpcLogAppender (GrpcLogAppender.java:timeoutAppendRequest(209)) - feaf5d54-1805-49ec-899f-945609733e38@group-05AC48DA6374->84568b57-9d99-42dc-882b-eae65806f704-GrpcLogAppender: appendEntries Timeout, request=feaf5d54-1805-49ec-899f-945609733e38->84568b57-9d99-42dc-882b-eae65806f704#25-t2, previous=(t:2, i:9), leaderCommit=9, initializing? false, entries: size=1, first=(t:2, i:10), METADATAENTRY(c9)
2019-10-24 15:46:57,751 [BlockDeletingService#2] WARN  background.BlockDeletingService (BlockDeletingService.java:isDeletionAllowed(187)) - Close Container log Index 6 is not replicated across allthe servers in the pipeline a9fb5832-a8b6-4e39-9ab2-05ac48da6374 as the min replicated index is 4. Deletion is not allowed in this container yet.
2019-10-24 15:46:57,759 [BlockDeletingService#2] WARN  background.BlockDeletingService (BlockDeletingService.java:isDeletionAllowed(187)) - Close Container log Index 6 is not replicated across allthe servers in the pipeline a9fb5832-a8b6-4e39-9ab2-05ac48da6374 as the min replicated index is 4. Deletion is not allowed in this container yet.
2019-10-24 15:46:57,801 [EventQueue-ContainerReportForContainerReportHandler] WARN  container.ContainerReportHandler (AbstractContainerReportHandler.java:updateContainerState(145)) - Container #1 is in OPEN state, but the datanode 98e78e11-cb4b-48d0-b763-897efd13c9ec{ip: 192.168.164.213, host: pr-hdds-2359-djbrp-462585948, networkLocation: /default-rack, certSerialId: null} reports an CLOSED replica.
2019-10-24 15:46:57,870 [EventQueue-ContainerReportForContainerReportHandler] WARN  container.ContainerReportHandler (AbstractContainerReportHandler.java:updateContainerState(145)) - Container #1 is in OPEN state, but the datanode feaf5d54-1805-49ec-899f-945609733e38{ip: 192.168.164.213, host: pr-hdds-2359-djbrp-462585948, networkLocation: /default-rack, certSerialId: null} reports an CLOSED replica.
2019-10-24 15:46:58,101 [EventQueue-ContainerReportForContainerReportHandler] WARN  container.ContainerReportHandler (AbstractContainerReportHandler.java:updateContainerState(145)) - Container #1 is in OPEN state, but the datanode 98e78e11-cb4b-48d0-b763-897efd13c9ec{ip: 192.168.164.213, host: pr-hdds-2359-djbrp-462585948, networkLocation: /default-rack, certSerialId: null} reports an CLOSED replica.
2019-10-24 15:46:58,270 [EventQueue-ContainerReportForContainerReportHandler] WARN  container.ContainerReportHandler (AbstractContainerReportHandler.java:updateContainerState(145)) - Container #1 is in OPEN state, but the datanode feaf5d54-1805-49ec-899f-945609733e38{ip: 192.168.164.213, host: pr-hdds-2359-djbrp-462585948, networkLocation: /default-rack, certSerialId: null} reports an CLOSED replica.
2019-10-24 15:46:58,402 [EventQueue-ContainerReportForContainerReportHandler] WARN  container.ContainerReportHandler (AbstractContainerReportHandler.java:updateContainerState(145)) - Container #1 is in OPEN state, but the datanode 98e78e11-cb4b-48d0-b763-897efd13c9ec{ip: 192.168.164.213, host: pr-hdds-2359-djbrp-462585948, networkLocation: /default-rack, certSerialId: null} reports an CLOSED replica.
2019-10-24 15:46:58,471 [EventQueue-ContainerReportForContainerReportHandler] WARN  container.ContainerReportHandler (AbstractContainerReportHandler.java:updateContainerState(145)) - Container #1 is in OPEN state, but the datanode feaf5d54-1805-49ec-899f-945609733e38{ip: 192.168.164.213, host: pr-hdds-2359-djbrp-462585948, networkLocation: /default-rack, certSerialId: null} reports an CLOSED replica.
2019-10-24 15:46:58,671 [EventQueue-ContainerReportForContainerReportHandler] WARN  container.ContainerReportHandler (AbstractContainerReportHandler.java:updateContainerState(145)) - Container #1 is in OPEN state, but the datanode feaf5d54-1805-49ec-899f-945609733e38{ip: 192.168.164.213, host: pr-hdds-2359-djbrp-462585948, networkLocation: /default-rack, certSerialId: null} reports an CLOSED replica.
2019-10-24 15:46:58,702 [EventQueue-ContainerReportForContainerReportHandler] WARN  container.ContainerReportHandler (AbstractContainerReportHandler.java:updateContainerState(145)) - Container #1 is in OPEN state, but the datanode 98e78e11-cb4b-48d0-b763-897efd13c9ec{ip: 192.168.164.213, host: pr-hdds-2359-djbrp-462585948, networkLocation: /default-rack, certSerialId: null} reports an CLOSED replica.
2019-10-24 15:46:58,755 [BlockDeletingService#2] WARN  background.BlockDeletingService (BlockDeletingService.java:isDeletionAllowed(187)) - Close Container log Index 6 is not replicated across allthe servers in the pipeline a9fb5832-a8b6-4e39-9ab2-05ac48da6374 as the min replicated index is 4. Deletion is not allowed in this container yet.
2019-10-24 15:46:58,762 [BlockDeletingService#2] WARN  background.BlockDeletingService (BlockDeletingService.java:isDeletionAllowed(187)) - Close Container log Index 6 is not replicated across allthe servers in the pipeline a9fb5832-a8b6-4e39-9ab2-05ac48da6374 as the min replicated index is 4. Deletion is not allowed in this container yet.
2019-10-24 15:46:58,973 [EventQueue-ContainerReportForContainerReportHandler] WARN  container.ContainerReportHandler (AbstractContainerReportHandler.java:updateContainerState(145)) - Container #1 is in OPEN state, but the datanode feaf5d54-1805-49ec-899f-945609733e38{ip: 192.168.164.213, host: pr-hdds-2359-djbrp-462585948, networkLocation: /default-rack, certSerialId: null} reports an CLOSED replica.
2019-10-24 15:46:59,004 [EventQueue-ContainerReportForContainerReportHandler] WARN  container.ContainerReportHandler (AbstractContainerReportHandler.java:updateContainerState(145)) - Container #1 is in OPEN state, but the datanode 98e78e11-cb4b-48d0-b763-897efd13c9ec{ip: 192.168.164.213, host: pr-hdds-2359-djbrp-462585948, networkLocation: /default-rack, certSerialId: null} reports an CLOSED replica.
2019-10-24 15:46:59,172 [EventQueue-ContainerReportForContainerReportHandler] WARN  container.ContainerReportHandler (AbstractContainerReportHandler.java:updateContainerState(145)) - Container #1 is in OPEN state, but the datanode feaf5d54-1805-49ec-899f-945609733e38{ip: 192.168.164.213, host: pr-hdds-2359-djbrp-462585948, networkLocation: /default-rack, certSerialId: null} reports an CLOSED replica.
2019-10-24 15:46:59,404 [EventQueue-ContainerReportForContainerReportHandler] WARN  container.ContainerReportHandler (AbstractContainerReportHandler.java:updateContainerState(145)) - Container #1 is in OPEN state, but the datanode 98e78e11-cb4b-48d0-b763-897efd13c9ec{ip: 192.168.164.213, host: pr-hdds-2359-djbrp-462585948, networkLocation: /default-rack, certSerialId: null} reports an CLOSED replica.
2019-10-24 15:46:59,572 [EventQueue-ContainerReportForContainerReportHandler] WARN  container.ContainerReportHandler (AbstractContainerReportHandler.java:updateContainerState(145)) - Container #1 is in OPEN state, but the datanode feaf5d54-1805-49ec-899f-945609733e38{ip: 192.168.164.213, host: pr-hdds-2359-djbrp-462585948, networkLocation: /default-rack, certSerialId: null} reports an CLOSED replica.
2019-10-24 15:46:59,757 [BlockDeletingService#2] WARN  background.BlockDeletingService (BlockDeletingService.java:isDeletionAllowed(187)) - Close Container log Index 6 is not replicated across allthe servers in the pipeline a9fb5832-a8b6-4e39-9ab2-05ac48da6374 as the min replicated index is 4. Deletion is not allowed in this container yet.
2019-10-24 15:46:59,764 [BlockDeletingService#2] WARN  background.BlockDeletingService (BlockDeletingService.java:isDeletionAllowed(187)) - Close Container log Index 6 is not replicated across allthe servers in the pipeline a9fb5832-a8b6-4e39-9ab2-05ac48da6374 as the min replicated index is 4. Deletion is not allowed in this container yet.
2019-10-24 15:46:59,806 [EventQueue-ContainerReportForContainerReportHandler] WARN  container.ContainerReportHandler (AbstractContainerReportHandler.java:updateContainerState(145)) - Container #1 is in OPEN state, but the datanode 98e78e11-cb4b-48d0-b763-897efd13c9ec{ip: 192.168.164.213, host: pr-hdds-2359-djbrp-462585948, networkLocation: /default-rack, certSerialId: null} reports an CLOSED replica.
2019-10-24 15:46:59,872 [EventQueue-ContainerReportForContainerReportHandler] WARN  container.ContainerReportHandler (AbstractContainerReportHandler.java:updateContainerState(145)) - Container #1 is in OPEN state, but the datanode feaf5d54-1805-49ec-899f-945609733e38{ip: 192.168.164.213, host: pr-hdds-2359-djbrp-462585948, networkLocation: /default-rack, certSerialId: null} reports an CLOSED replica.
2019-10-24 15:47:00,106 [EventQueue-ContainerReportForContainerReportHandler] WARN  container.ContainerReportHandler (AbstractContainerReportHandler.java:updateContainerState(145)) - Container #1 is in OPEN state, but the datanode 98e78e11-cb4b-48d0-b763-897efd13c9ec{ip: 192.168.164.213, host: pr-hdds-2359-djbrp-462585948, networkLocation: /default-rack, certSerialId: null} reports an CLOSED replica.
2019-10-24 15:47:00,173 [EventQueue-ContainerReportForContainerReportHandler] WARN  container.ContainerReportHandler (AbstractContainerReportHandler.java:updateContainerState(145)) - Container #1 is in OPEN state, but the datanode feaf5d54-1805-49ec-899f-945609733e38{ip: 192.168.164.213, host: pr-hdds-2359-djbrp-462585948, networkLocation: /default-rack, certSerialId: null} reports an CLOSED replica.
2019-10-24 15:47:00,197 [java.util.concurrent.ThreadPoolExecutor$Worker@1cb074f5[State = -1, empty queue]] WARN  server.GrpcLogAppender (GrpcLogAppender.java:timeoutAppendRequest(209)) - feaf5d54-1805-49ec-899f-945609733e38@group-05AC48DA6374->84568b57-9d99-42dc-882b-eae65806f704-GrpcLogAppender: appendEntries Timeout, request=feaf5d54-1805-49ec-899f-945609733e38->84568b57-9d99-42dc-882b-eae65806f704#26-t2, previous=(t:2, i:10), leaderCommit=10, initializing? false, entries: <empty>
2019-10-24 15:47:00,374 [EventQueue-ContainerReportForContainerReportHandler] WARN  container.ContainerReportHandler (AbstractContainerReportHandler.java:updateContainerState(145)) - Container #1 is in OPEN state, but the datanode feaf5d54-1805-49ec-899f-945609733e38{ip: 192.168.164.213, host: pr-hdds-2359-djbrp-462585948, networkLocation: /default-rack, certSerialId: null} reports an CLOSED replica.
2019-10-24 15:47:00,407 [EventQueue-ContainerReportForContainerReportHandler] WARN  container.ContainerReportHandler (AbstractContainerReportHandler.java:updateContainerState(145)) - Container #1 is in OPEN state, but the datanode 98e78e11-cb4b-48d0-b763-897efd13c9ec{ip: 192.168.164.213, host: pr-hdds-2359-djbrp-462585948, networkLocation: /default-rack, certSerialId: null} reports an CLOSED replica.
2019-10-24 15:47:00,709 [EventQueue-ContainerReportForContainerReportHandler] WARN  container.ContainerReportHandler (AbstractContainerReportHandler.java:updateContainerState(145)) - Container #1 is in OPEN state, but the datanode 98e78e11-cb4b-48d0-b763-897efd13c9ec{ip: 192.168.164.213, host: pr-hdds-2359-djbrp-462585948, networkLocation: /default-rack, certSerialId: null} reports an CLOSED replica.
2019-10-24 15:47:00,759 [BlockDeletingService#2] WARN  background.BlockDeletingService (BlockDeletingService.java:isDeletionAllowed(187)) - Close Container log Index 6 is not replicated across allthe servers in the pipeline a9fb5832-a8b6-4e39-9ab2-05ac48da6374 as the min replicated index is 4. Deletion is not allowed in this container yet.
2019-10-24 15:47:00,765 [BlockDeletingService#2] WARN  background.BlockDeletingService (BlockDeletingService.java:isDeletionAllowed(187)) - Close Container log Index 6 is not replicated across allthe servers in the pipeline a9fb5832-a8b6-4e39-9ab2-05ac48da6374 as the min replicated index is 4. Deletion is not allowed in this container yet.
2019-10-24 15:47:00,777 [EventQueue-ContainerReportForContainerReportHandler] WARN  container.ContainerReportHandler (AbstractContainerReportHandler.java:updateContainerState(145)) - Container #1 is in OPEN state, but the datanode feaf5d54-1805-49ec-899f-945609733e38{ip: 192.168.164.213, host: pr-hdds-2359-djbrp-462585948, networkLocation: /default-rack, certSerialId: null} reports an CLOSED replica.
2019-10-24 15:47:01,010 [EventQueue-ContainerReportForContainerReportHandler] WARN  container.ContainerReportHandler (AbstractContainerReportHandler.java:updateContainerState(145)) - Container #1 is in OPEN state, but the datanode 98e78e11-cb4b-48d0-b763-897efd13c9ec{ip: 192.168.164.213, host: pr-hdds-2359-djbrp-462585948, networkLocation: /default-rack, certSerialId: null} reports an CLOSED replica.
2019-10-24 15:47:01,075 [EventQueue-ContainerReportForContainerReportHandler] WARN  container.ContainerReportHandler (AbstractContainerReportHandler.java:updateContainerState(145)) - Container #1 is in OPEN state, but the datanode feaf5d54-1805-49ec-899f-945609733e38{ip: 192.168.164.213, host: pr-hdds-2359-djbrp-462585948, networkLocation: /default-rack, certSerialId: null} reports an CLOSED replica.
2019-10-24 15:47:01,375 [EventQueue-ContainerReportForContainerReportHandler] WARN  container.ContainerReportHandler (AbstractContainerReportHandler.java:updateContainerState(145)) - Container #1 is in OPEN state, but the datanode feaf5d54-1805-49ec-899f-945609733e38{ip: 192.168.164.213, host: pr-hdds-2359-djbrp-462585948, networkLocation: /default-rack, certSerialId: null} reports an CLOSED replica.
2019-10-24 15:47:01,411 [EventQueue-ContainerReportForContainerReportHandler] WARN  container.ContainerReportHandler (AbstractContainerReportHandler.java:updateContainerState(145)) - Container #1 is in OPEN state, but the datanode 98e78e11-cb4b-48d0-b763-897efd13c9ec{ip: 192.168.164.213, host: pr-hdds-2359-djbrp-462585948, networkLocation: /default-rack, certSerialId: null} reports an CLOSED replica.
2019-10-24 15:47:01,611 [EventQueue-ContainerReportForContainerReportHandler] WARN  container.ContainerReportHandler (AbstractContainerReportHandler.java:updateContainerState(145)) - Container #1 is in OPEN state, but the datanode 98e78e11-cb4b-48d0-b763-897efd13c9ec{ip: 192.168.164.213, host: pr-hdds-2359-djbrp-462585948, networkLocation: /default-rack, certSerialId: null} reports an CLOSED replica.
2019-10-24 15:47:01,763 [BlockDeletingService#2] WARN  background.BlockDeletingService (BlockDeletingService.java:isDeletionAllowed(187)) - Close Container log Index 6 is not replicated across allthe servers in the pipeline a9fb5832-a8b6-4e39-9ab2-05ac48da6374 as the min replicated index is 4. Deletion is not allowed in this container yet.
2019-10-24 15:47:01,767 [BlockDeletingService#2] WARN  background.BlockDeletingService (BlockDeletingService.java:isDeletionAllowed(187)) - Close Container log Index 6 is not replicated across allthe servers in the pipeline a9fb5832-a8b6-4e39-9ab2-05ac48da6374 as the min replicated index is 4. Deletion is not allowed in this container yet.
2019-10-24 15:47:01,776 [EventQueue-ContainerReportForContainerReportHandler] WARN  container.ContainerReportHandler (AbstractContainerReportHandler.java:updateContainerState(145)) - Container #1 is in OPEN state, but the datanode feaf5d54-1805-49ec-899f-945609733e38{ip: 192.168.164.213, host: pr-hdds-2359-djbrp-462585948, networkLocation: /default-rack, certSerialId: null} reports an CLOSED replica.
2019-10-24 15:47:01,794 [Thread-345] INFO  client.GrpcClientProtocolService (GrpcClientProtocolService.java:lambda$processClientRequest$0(278)) - Failed RaftClientRequest:client-60DA70BF947A->98e78e11-cb4b-48d0-b763-897efd13c9ec@group-05AC48DA6374, cid=10, seq=0, Watch-ALL_COMMITTED(6), Message:<EMPTY>, reply=RaftClientReply:client-60DA70BF947A->98e78e11-cb4b-48d0-b763-897efd13c9ec@group-05AC48DA6374, cid=10, FAILED org.apache.ratis.protocol.NotLeaderException: Server 98e78e11-cb4b-48d0-b763-897efd13c9ec@group-05AC48DA6374 is not the leader feaf5d54-1805-49ec-899f-945609733e38:192.168.164.213:39911, logIndex=0, commits[98e78e11-cb4b-48d0-b763-897efd13c9ec:c10, 84568b57-9d99-42dc-882b-eae65806f704:c4, feaf5d54-1805-49ec-899f-945609733e38:c10]
2019-10-24 15:47:01,912 [EventQueue-ContainerReportForContainerReportHandler] WARN  container.ContainerReportHandler (AbstractContainerReportHandler.java:updateContainerState(145)) - Container #1 is in OPEN state, but the datanode 98e78e11-cb4b-48d0-b763-897efd13c9ec{ip: 192.168.164.213, host: pr-hdds-2359-djbrp-462585948, networkLocation: /default-rack, certSerialId: null} reports an CLOSED replica.
2019-10-24 15:47:02,077 [EventQueue-ContainerReportForContainerReportHandler] WARN  container.ContainerReportHandler (AbstractContainerReportHandler.java:updateContainerState(145)) - Container #1 is in OPEN state, but the datanode feaf5d54-1805-49ec-899f-945609733e38{ip: 192.168.164.213, host: pr-hdds-2359-djbrp-462585948, networkLocation: /default-rack, certSerialId: null} reports an CLOSED replica.
2019-10-24 15:47:02,117 [EventQueue-ContainerReportForContainerReportHandler] WARN  container.ContainerReportHandler (AbstractContainerReportHandler.java:updateContainerState(145)) - Container #1 is in OPEN state, but the datanode 98e78e11-cb4b-48d0-b763-897efd13c9ec{ip: 192.168.164.213, host: pr-hdds-2359-djbrp-462585948, networkLocation: /default-rack, certSerialId: null} reports an CLOSED replica.
2019-10-24 15:47:02,378 [EventQueue-ContainerReportForContainerReportHandler] WARN  container.ContainerReportHandler (AbstractContainerReportHandler.java:updateContainerState(145)) - Container #1 is in OPEN state, but the datanode feaf5d54-1805-49ec-899f-945609733e38{ip: 192.168.164.213, host: pr-hdds-2359-djbrp-462585948, networkLocation: /default-rack, certSerialId: null} reports an CLOSED replica.
2019-10-24 15:47:02,512 [EventQueue-ContainerReportForContainerReportHandler] WARN  container.ContainerReportHandler (AbstractContainerReportHandler.java:updateContainerState(145)) - Container #1 is in OPEN state, but the datanode 98e78e11-cb4b-48d0-b763-897efd13c9ec{ip: 192.168.164.213, host: pr-hdds-2359-djbrp-462585948, networkLocation: /default-rack, certSerialId: null} reports an CLOSED replica.
2019-10-24 15:47:02,680 [EventQueue-ContainerReportForContainerReportHandler] WARN  container.ContainerReportHandler (AbstractContainerReportHandler.java:updateContainerState(145)) - Container #1 is in OPEN state, but the datanode feaf5d54-1805-49ec-899f-945609733e38{ip: 192.168.164.213, host: pr-hdds-2359-djbrp-462585948, networkLocation: /default-rack, certSerialId: null} reports an CLOSED replica.
2019-10-24 15:47:02,699 [java.util.concurrent.ThreadPoolExecutor$Worker@1cb074f5[State = -1, empty queue]] WARN  server.GrpcLogAppender (GrpcLogAppender.java:timeoutAppendRequest(209)) - feaf5d54-1805-49ec-899f-945609733e38@group-05AC48DA6374->84568b57-9d99-42dc-882b-eae65806f704-GrpcLogAppender: appendEntries Timeout, request=feaf5d54-1805-49ec-899f-945609733e38->84568b57-9d99-42dc-882b-eae65806f704#27-t2, previous=(t:2, i:10), leaderCommit=10, initializing? false, entries: <empty>
2019-10-24 15:47:02,712 [EventQueue-ContainerReportForContainerReportHandler] WARN  container.ContainerReportHandler (AbstractContainerReportHandler.java:updateContainerState(145)) - Container #1 is in OPEN state, but the datanode 98e78e11-cb4b-48d0-b763-897efd13c9ec{ip: 192.168.164.213, host: pr-hdds-2359-djbrp-462585948, networkLocation: /default-rack, certSerialId: null} reports an CLOSED replica.
2019-10-24 15:47:02,766 [BlockDeletingService#2] WARN  background.BlockDeletingService (BlockDeletingService.java:isDeletionAllowed(187)) - Close Container log Index 6 is not replicated across allthe servers in the pipeline a9fb5832-a8b6-4e39-9ab2-05ac48da6374 as the min replicated index is 4. Deletion is not allowed in this container yet.
2019-10-24 15:47:02,768 [BlockDeletingService#2] WARN  background.BlockDeletingService (BlockDeletingService.java:isDeletionAllowed(187)) - Close Container log Index 6 is not replicated across allthe servers in the pipeline a9fb5832-a8b6-4e39-9ab2-05ac48da6374 as the min replicated index is 4. Deletion is not allowed in this container yet.
2019-10-24 15:47:02,979 [EventQueue-ContainerReportForContainerReportHandler] WARN  container.ContainerReportHandler (AbstractContainerReportHandler.java:updateContainerState(145)) - Container #1 is in OPEN state, but the datanode feaf5d54-1805-49ec-899f-945609733e38{ip: 192.168.164.213, host: pr-hdds-2359-djbrp-462585948, networkLocation: /default-rack, certSerialId: null} reports an CLOSED replica.
2019-10-24 15:47:03,112 [EventQueue-ContainerReportForContainerReportHandler] WARN  container.ContainerReportHandler (AbstractContainerReportHandler.java:updateContainerState(145)) - Container #1 is in OPEN state, but the datanode 98e78e11-cb4b-48d0-b763-897efd13c9ec{ip: 192.168.164.213, host: pr-hdds-2359-djbrp-462585948, networkLocation: /default-rack, certSerialId: null} reports an CLOSED replica.
2019-10-24 15:47:03,179 [EventQueue-ContainerReportForContainerReportHandler] WARN  container.ContainerReportHandler (AbstractContainerReportHandler.java:updateContainerState(145)) - Container #1 is in OPEN state, but the datanode feaf5d54-1805-49ec-899f-945609733e38{ip: 192.168.164.213, host: pr-hdds-2359-djbrp-462585948, networkLocation: /default-rack, certSerialId: null} reports an CLOSED replica.
2019-10-24 15:47:03,379 [EventQueue-ContainerReportForContainerReportHandler] WARN  container.ContainerReportHandler (AbstractContainerReportHandler.java:updateContainerState(145)) - Container #1 is in OPEN state, but the datanode feaf5d54-1805-49ec-899f-945609733e38{ip: 192.168.164.213, host: pr-hdds-2359-djbrp-462585948, networkLocation: /default-rack, certSerialId: null} reports an CLOSED replica.
2019-10-24 15:47:03,413 [EventQueue-ContainerReportForContainerReportHandler] WARN  container.ContainerReportHandler (AbstractContainerReportHandler.java:updateContainerState(145)) - Container #1 is in OPEN state, but the datanode 98e78e11-cb4b-48d0-b763-897efd13c9ec{ip: 192.168.164.213, host: pr-hdds-2359-djbrp-462585948, networkLocation: /default-rack, certSerialId: null} reports an CLOSED replica.
2019-10-24 15:47:03,613 [EventQueue-ContainerReportForContainerReportHandler] WARN  container.ContainerReportHandler (AbstractContainerReportHandler.java:updateContainerState(145)) - Container #1 is in OPEN state, but the datanode 98e78e11-cb4b-48d0-b763-897efd13c9ec{ip: 192.168.164.213, host: pr-hdds-2359-djbrp-462585948, networkLocation: /default-rack, certSerialId: null} reports an CLOSED replica.
2019-10-24 15:47:03,679 [EventQueue-ContainerReportForContainerReportHandler] WARN  container.ContainerReportHandler (AbstractContainerReportHandler.java:updateContainerState(145)) - Container #1 is in OPEN state, but the datanode feaf5d54-1805-49ec-899f-945609733e38{ip: 192.168.164.213, host: pr-hdds-2359-djbrp-462585948, networkLocation: /default-rack, certSerialId: null} reports an CLOSED replica.
2019-10-24 15:47:03,683 [Thread-351] INFO  client.GrpcClientProtocolService (GrpcClientProtocolService.java:lambda$processClientRequest$0(278)) - Failed RaftClientRequest:client-60DA70BF947A->feaf5d54-1805-49ec-899f-945609733e38@group-05AC48DA6374, cid=10, seq=0, Watch-ALL_COMMITTED(6), Message:<EMPTY>, reply=RaftClientReply:client-60DA70BF947A->feaf5d54-1805-49ec-899f-945609733e38@group-05AC48DA6374, cid=10, FAILED org.apache.ratis.protocol.NotReplicatedException: Request with call Id 10 and log index 6 is not yet replicated to ALL_COMMITTED, logIndex=6, commits[feaf5d54-1805-49ec-899f-945609733e38:c10, 98e78e11-cb4b-48d0-b763-897efd13c9ec:c10, 84568b57-9d99-42dc-882b-eae65806f704:c4]
2019-10-24 15:47:03,767 [BlockDeletingService#2] WARN  background.BlockDeletingService (BlockDeletingService.java:isDeletionAllowed(187)) - Close Container log Index 6 is not replicated across allthe servers in the pipeline a9fb5832-a8b6-4e39-9ab2-05ac48da6374 as the min replicated index is 4. Deletion is not allowed in this container yet.
2019-10-24 15:47:03,769 [BlockDeletingService#2] WARN  background.BlockDeletingService (BlockDeletingService.java:isDeletionAllowed(187)) - Close Container log Index 6 is not replicated across allthe servers in the pipeline a9fb5832-a8b6-4e39-9ab2-05ac48da6374 as the min replicated index is 4. Deletion is not allowed in this container yet.
2019-10-24 15:47:03,913 [EventQueue-ContainerReportForContainerReportHandler] WARN  container.ContainerReportHandler (AbstractContainerReportHandler.java:updateContainerState(145)) - Container #1 is in OPEN state, but the datanode 98e78e11-cb4b-48d0-b763-897efd13c9ec{ip: 192.168.164.213, host: pr-hdds-2359-djbrp-462585948, networkLocation: /default-rack, certSerialId: null} reports an CLOSED replica.
2019-10-24 15:47:03,980 [EventQueue-ContainerReportForContainerReportHandler] WARN  container.ContainerReportHandler (AbstractContainerReportHandler.java:updateContainerState(145)) - Container #1 is in OPEN state, but the datanode feaf5d54-1805-49ec-899f-945609733e38{ip: 192.168.164.213, host: pr-hdds-2359-djbrp-462585948, networkLocation: /default-rack, certSerialId: null} reports an CLOSED replica.
2019-10-24 15:47:04,280 [EventQueue-ContainerReportForContainerReportHandler] WARN  container.ContainerReportHandler (AbstractContainerReportHandler.java:updateContainerState(145)) - Container #1 is in OPEN state, but the datanode feaf5d54-1805-49ec-899f-945609733e38{ip: 192.168.164.213, host: pr-hdds-2359-djbrp-462585948, networkLocation: /default-rack, certSerialId: null} reports an CLOSED replica.
2019-10-24 15:47:04,314 [EventQueue-ContainerReportForContainerReportHandler] WARN  container.ContainerReportHandler (AbstractContainerReportHandler.java:updateContainerState(145)) - Container #1 is in OPEN state, but the datanode 98e78e11-cb4b-48d0-b763-897efd13c9ec{ip: 192.168.164.213, host: pr-hdds-2359-djbrp-462585948, networkLocation: /default-rack, certSerialId: null} reports an CLOSED replica.
2019-10-24 15:47:04,480 [EventQueue-ContainerReportForContainerReportHandler] WARN  container.ContainerReportHandler (AbstractContainerReportHandler.java:updateContainerState(145)) - Container #1 is in OPEN state, but the datanode feaf5d54-1805-49ec-899f-945609733e38{ip: 192.168.164.213, host: pr-hdds-2359-djbrp-462585948, networkLocation: /default-rack, certSerialId: null} reports an CLOSED replica.
2019-10-24 15:47:04,614 [EventQueue-ContainerReportForContainerReportHandler] WARN  container.ContainerReportHandler (AbstractContainerReportHandler.java:updateContainerState(145)) - Container #1 is in OPEN state, but the datanode 98e78e11-cb4b-48d0-b763-897efd13c9ec{ip: 192.168.164.213, host: pr-hdds-2359-djbrp-462585948, networkLocation: /default-rack, certSerialId: null} reports an CLOSED replica.
2019-10-24 15:47:04,770 [BlockDeletingService#2] WARN  background.BlockDeletingService (BlockDeletingService.java:isDeletionAllowed(187)) - Close Container log Index 6 is not replicated across allthe servers in the pipeline a9fb5832-a8b6-4e39-9ab2-05ac48da6374 as the min replicated index is 4. Deletion is not allowed in this container yet.
2019-10-24 15:47:04,773 [BlockDeletingService#2] WARN  background.BlockDeletingService (BlockDeletingService.java:isDeletionAllowed(187)) - Close Container log Index 6 is not replicated across allthe servers in the pipeline a9fb5832-a8b6-4e39-9ab2-05ac48da6374 as the min replicated index is 4. Deletion is not allowed in this container yet.
2019-10-24 15:47:04,781 [EventQueue-ContainerReportForContainerReportHandler] WARN  container.ContainerReportHandler (AbstractContainerReportHandler.java:updateContainerState(145)) - Container #1 is in OPEN state, but the datanode feaf5d54-1805-49ec-899f-945609733e38{ip: 192.168.164.213, host: pr-hdds-2359-djbrp-462585948, networkLocation: /default-rack, certSerialId: null} reports an CLOSED replica.
2019-10-24 15:47:04,915 [EventQueue-ContainerReportForContainerReportHandler] WARN  container.ContainerReportHandler (AbstractContainerReportHandler.java:updateContainerState(145)) - Container #1 is in OPEN state, but the datanode 98e78e11-cb4b-48d0-b763-897efd13c9ec{ip: 192.168.164.213, host: pr-hdds-2359-djbrp-462585948, networkLocation: /default-rack, certSerialId: null} reports an CLOSED replica.
2019-10-24 15:47:05,115 [EventQueue-ContainerReportForContainerReportHandler] WARN  container.ContainerReportHandler (AbstractContainerReportHandler.java:updateContainerState(145)) - Container #1 is in OPEN state, but the datanode 98e78e11-cb4b-48d0-b763-897efd13c9ec{ip: 192.168.164.213, host: pr-hdds-2359-djbrp-462585948, networkLocation: /default-rack, certSerialId: null} reports an CLOSED replica.
2019-10-24 15:47:05,181 [EventQueue-ContainerReportForContainerReportHandler] WARN  container.ContainerReportHandler (AbstractContainerReportHandler.java:updateContainerState(145)) - Container #1 is in OPEN state, but the datanode feaf5d54-1805-49ec-899f-945609733e38{ip: 192.168.164.213, host: pr-hdds-2359-djbrp-462585948, networkLocation: /default-rack, certSerialId: null} reports an CLOSED replica.
2019-10-24 15:47:05,203 [java.util.concurrent.ThreadPoolExecutor$Worker@1cb074f5[State = -1, empty queue]] WARN  server.GrpcLogAppender (GrpcLogAppender.java:timeoutAppendRequest(209)) - feaf5d54-1805-49ec-899f-945609733e38@group-05AC48DA6374->84568b57-9d99-42dc-882b-eae65806f704-GrpcLogAppender: appendEntries Timeout, request=feaf5d54-1805-49ec-899f-945609733e38->84568b57-9d99-42dc-882b-eae65806f704#28-t2, previous=(t:2, i:10), leaderCommit=10, initializing? false, entries: <empty>
2019-10-24 15:47:05,415 [EventQueue-ContainerReportForContainerReportHandler] WARN  container.ContainerReportHandler (AbstractContainerReportHandler.java:updateContainerState(145)) - Container #1 is in OPEN state, but the datanode 98e78e11-cb4b-48d0-b763-897efd13c9ec{ip: 192.168.164.213, host: pr-hdds-2359-djbrp-462585948, networkLocation: /default-rack, certSerialId: null} reports an CLOSED replica.
2019-10-24 15:47:05,482 [EventQueue-ContainerReportForContainerReportHandler] WARN  container.ContainerReportHandler (AbstractContainerReportHandler.java:updateContainerState(145)) - Container #1 is in OPEN state, but the datanode feaf5d54-1805-49ec-899f-945609733e38{ip: 192.168.164.213, host: pr-hdds-2359-djbrp-462585948, networkLocation: /default-rack, certSerialId: null} reports an CLOSED replica.
2019-10-24 15:47:05,616 [EventQueue-ContainerReportForContainerReportHandler] WARN  container.ContainerReportHandler (AbstractContainerReportHandler.java:updateContainerState(145)) - Container #1 is in OPEN state, but the datanode 98e78e11-cb4b-48d0-b763-897efd13c9ec{ip: 192.168.164.213, host: pr-hdds-2359-djbrp-462585948, networkLocation: /default-rack, certSerialId: null} reports an CLOSED replica.
2019-10-24 15:47:05,771 [BlockDeletingService#2] WARN  background.BlockDeletingService (BlockDeletingService.java:isDeletionAllowed(187)) - Close Container log Index 6 is not replicated across allthe servers in the pipeline a9fb5832-a8b6-4e39-9ab2-05ac48da6374 as the min replicated index is 4. Deletion is not allowed in this container yet.
2019-10-24 15:47:05,774 [BlockDeletingService#2] WARN  background.BlockDeletingService (BlockDeletingService.java:isDeletionAllowed(187)) - Close Container log Index 6 is not replicated across allthe servers in the pipeline a9fb5832-a8b6-4e39-9ab2-05ac48da6374 as the min replicated index is 4. Deletion is not allowed in this container yet.
2019-10-24 15:47:05,781 [EventQueue-ContainerReportForContainerReportHandler] WARN  container.ContainerReportHandler (AbstractContainerReportHandler.java:updateContainerState(145)) - Container #1 is in OPEN state, but the datanode feaf5d54-1805-49ec-899f-945609733e38{ip: 192.168.164.213, host: pr-hdds-2359-djbrp-462585948, networkLocation: /default-rack, certSerialId: null} reports an CLOSED replica.
2019-10-24 15:47:06,018 [EventQueue-ContainerReportForContainerReportHandler] WARN  container.ContainerReportHandler (AbstractContainerReportHandler.java:updateContainerState(145)) - Container #1 is in OPEN state, but the datanode 98e78e11-cb4b-48d0-b763-897efd13c9ec{ip: 192.168.164.213, host: pr-hdds-2359-djbrp-462585948, networkLocation: /default-rack, certSerialId: null} reports an CLOSED replica.
2019-10-24 15:47:06,082 [EventQueue-ContainerReportForContainerReportHandler] WARN  container.ContainerReportHandler (AbstractContainerReportHandler.java:updateContainerState(145)) - Container #1 is in OPEN state, but the datanode feaf5d54-1805-49ec-899f-945609733e38{ip: 192.168.164.213, host: pr-hdds-2359-djbrp-462585948, networkLocation: /default-rack, certSerialId: null} reports an CLOSED replica.
2019-10-24 15:47:06,218 [EventQueue-ContainerReportForContainerReportHandler] WARN  container.ContainerReportHandler (AbstractContainerReportHandler.java:updateContainerState(145)) - Container #1 is in OPEN state, but the datanode 98e78e11-cb4b-48d0-b763-897efd13c9ec{ip: 192.168.164.213, host: pr-hdds-2359-djbrp-462585948, networkLocation: /default-rack, certSerialId: null} reports an CLOSED replica.
2019-10-24 15:47:06,383 [EventQueue-ContainerReportForContainerReportHandler] WARN  container.ContainerReportHandler (AbstractContainerReportHandler.java:updateContainerState(145)) - Container #1 is in OPEN state, but the datanode feaf5d54-1805-49ec-899f-945609733e38{ip: 192.168.164.213, host: pr-hdds-2359-djbrp-462585948, networkLocation: /default-rack, certSerialId: null} reports an CLOSED replica.
2019-10-24 15:47:06,418 [EventQueue-ContainerReportForContainerReportHandler] WARN  container.ContainerReportHandler (AbstractContainerReportHandler.java:updateContainerState(145)) - Container #1 is in OPEN state, but the datanode 98e78e11-cb4b-48d0-b763-897efd13c9ec{ip: 192.168.164.213, host: pr-hdds-2359-djbrp-462585948, networkLocation: /default-rack, certSerialId: null} reports an CLOSED replica.
2019-10-24 15:47:06,583 [EventQueue-ContainerReportForContainerReportHandler] WARN  container.ContainerReportHandler (AbstractContainerReportHandler.java:updateContainerState(145)) - Container #1 is in OPEN state, but the datanode feaf5d54-1805-49ec-899f-945609733e38{ip: 192.168.164.213, host: pr-hdds-2359-djbrp-462585948, networkLocation: /default-rack, certSerialId: null} reports an CLOSED replica.
2019-10-24 15:47:06,718 [EventQueue-ContainerReportForContainerReportHandler] WARN  container.ContainerReportHandler (AbstractContainerReportHandler.java:updateContainerState(145)) - Container #1 is in OPEN state, but the datanode 98e78e11-cb4b-48d0-b763-897efd13c9ec{ip: 192.168.164.213, host: pr-hdds-2359-djbrp-462585948, networkLocation: /default-rack, certSerialId: null} reports an CLOSED replica.
2019-10-24 15:47:06,773 [BlockDeletingService#2] WARN  background.BlockDeletingService (BlockDeletingService.java:isDeletionAllowed(187)) - Close Container log Index 6 is not replicated across allthe servers in the pipeline a9fb5832-a8b6-4e39-9ab2-05ac48da6374 as the min replicated index is 4. Deletion is not allowed in this container yet.
2019-10-24 15:47:06,776 [BlockDeletingService#2] WARN  background.BlockDeletingService (BlockDeletingService.java:isDeletionAllowed(187)) - Close Container log Index 6 is not replicated across allthe servers in the pipeline a9fb5832-a8b6-4e39-9ab2-05ac48da6374 as the min replicated index is 4. Deletion is not allowed in this container yet.
2019-10-24 15:47:06,884 [EventQueue-ContainerReportForContainerReportHandler] WARN  container.ContainerReportHandler (AbstractContainerReportHandler.java:updateContainerState(145)) - Container #1 is in OPEN state, but the datanode feaf5d54-1805-49ec-899f-945609733e38{ip: 192.168.164.213, host: pr-hdds-2359-djbrp-462585948, networkLocation: /default-rack, certSerialId: null} reports an CLOSED replica.
2019-10-24 15:47:07,118 [EventQueue-ContainerReportForContainerReportHandler] WARN  container.ContainerReportHandler (AbstractContainerReportHandler.java:updateContainerState(145)) - Container #1 is in OPEN state, but the datanode 98e78e11-cb4b-48d0-b763-897efd13c9ec{ip: 192.168.164.213, host: pr-hdds-2359-djbrp-462585948, networkLocation: /default-rack, certSerialId: null} reports an CLOSED replica.
2019-10-24 15:47:07,185 [EventQueue-ContainerReportForContainerReportHandler] WARN  container.ContainerReportHandler (AbstractContainerReportHandler.java:updateContainerState(145)) - Container #1 is in OPEN state, but the datanode feaf5d54-1805-49ec-899f-945609733e38{ip: 192.168.164.213, host: pr-hdds-2359-djbrp-462585948, networkLocation: /default-rack, certSerialId: null} reports an CLOSED replica.
2019-10-24 15:47:07,318 [EventQueue-ContainerReportForContainerReportHandler] WARN  container.ContainerReportHandler (AbstractContainerReportHandler.java:updateContainerState(145)) - Container #1 is in OPEN state, but the datanode 98e78e11-cb4b-48d0-b763-897efd13c9ec{ip: 192.168.164.213, host: pr-hdds-2359-djbrp-462585948, networkLocation: /default-rack, certSerialId: null} reports an CLOSED replica.
2019-10-24 15:47:07,485 [EventQueue-ContainerReportForContainerReportHandler] WARN  container.ContainerReportHandler (AbstractContainerReportHandler.java:updateContainerState(145)) - Container #1 is in OPEN state, but the datanode feaf5d54-1805-49ec-899f-945609733e38{ip: 192.168.164.213, host: pr-hdds-2359-djbrp-462585948, networkLocation: /default-rack, certSerialId: null} reports an CLOSED replica.
2019-10-24 15:47:07,620 [EventQueue-ContainerReportForContainerReportHandler] WARN  container.ContainerReportHandler (AbstractContainerReportHandler.java:updateContainerState(145)) - Container #1 is in OPEN state, but the datanode 98e78e11-cb4b-48d0-b763-897efd13c9ec{ip: 192.168.164.213, host: pr-hdds-2359-djbrp-462585948, networkLocation: /default-rack, certSerialId: null} reports an CLOSED replica.
2019-10-24 15:47:07,705 [java.util.concurrent.ThreadPoolExecutor$Worker@1cb074f5[State = -1, empty queue]] WARN  server.GrpcLogAppender (GrpcLogAppender.java:timeoutAppendRequest(209)) - feaf5d54-1805-49ec-899f-945609733e38@group-05AC48DA6374->84568b57-9d99-42dc-882b-eae65806f704-GrpcLogAppender: appendEntries Timeout, request=feaf5d54-1805-49ec-899f-945609733e38->84568b57-9d99-42dc-882b-eae65806f704#29-t2, previous=(t:2, i:10), leaderCommit=10, initializing? false, entries: <empty>
2019-10-24 15:47:07,774 [BlockDeletingService#2] WARN  background.BlockDeletingService (BlockDeletingService.java:isDeletionAllowed(187)) - Close Container log Index 6 is not replicated across allthe servers in the pipeline a9fb5832-a8b6-4e39-9ab2-05ac48da6374 as the min replicated index is 4. Deletion is not allowed in this container yet.
2019-10-24 15:47:07,777 [BlockDeletingService#2] WARN  background.BlockDeletingService (BlockDeletingService.java:isDeletionAllowed(187)) - Close Container log Index 6 is not replicated across allthe servers in the pipeline a9fb5832-a8b6-4e39-9ab2-05ac48da6374 as the min replicated index is 4. Deletion is not allowed in this container yet.
2019-10-24 15:47:07,784 [EventQueue-ContainerReportForContainerReportHandler] WARN  container.ContainerReportHandler (AbstractContainerReportHandler.java:updateContainerState(145)) - Container #1 is in OPEN state, but the datanode feaf5d54-1805-49ec-899f-945609733e38{ip: 192.168.164.213, host: pr-hdds-2359-djbrp-462585948, networkLocation: /default-rack, certSerialId: null} reports an CLOSED replica.
2019-10-24 15:47:07,821 [EventQueue-ContainerReportForContainerReportHandler] WARN  container.ContainerReportHandler (AbstractContainerReportHandler.java:updateContainerState(145)) - Container #1 is in OPEN state, but the datanode 98e78e11-cb4b-48d0-b763-897efd13c9ec{ip: 192.168.164.213, host: pr-hdds-2359-djbrp-462585948, networkLocation: /default-rack, certSerialId: null} reports an CLOSED replica.
2019-10-24 15:47:08,085 [EventQueue-ContainerReportForContainerReportHandler] WARN  container.ContainerReportHandler (AbstractContainerReportHandler.java:updateContainerState(145)) - Container #1 is in OPEN state, but the datanode feaf5d54-1805-49ec-899f-945609733e38{ip: 192.168.164.213, host: pr-hdds-2359-djbrp-462585948, networkLocation: /default-rack, certSerialId: null} reports an CLOSED replica.
2019-10-24 15:47:08,120 [EventQueue-ContainerReportForContainerReportHandler] WARN  container.ContainerReportHandler (AbstractContainerReportHandler.java:updateContainerState(145)) - Container #1 is in OPEN state, but the datanode 98e78e11-cb4b-48d0-b763-897efd13c9ec{ip: 192.168.164.213, host: pr-hdds-2359-djbrp-462585948, networkLocation: /default-rack, certSerialId: null} reports an CLOSED replica.
2019-10-24 15:47:08,385 [EventQueue-ContainerReportForContainerReportHandler] WARN  container.ContainerReportHandler (AbstractContainerReportHandler.java:updateContainerState(145)) - Container #1 is in OPEN state, but the datanode feaf5d54-1805-49ec-899f-945609733e38{ip: 192.168.164.213, host: pr-hdds-2359-djbrp-462585948, networkLocation: /default-rack, certSerialId: null} reports an CLOSED replica.
2019-10-24 15:47:08,420 [EventQueue-ContainerReportForContainerReportHandler] WARN  container.ContainerReportHandler (AbstractContainerReportHandler.java:updateContainerState(145)) - Container #1 is in OPEN state, but the datanode 98e78e11-cb4b-48d0-b763-897efd13c9ec{ip: 192.168.164.213, host: pr-hdds-2359-djbrp-462585948, networkLocation: /default-rack, certSerialId: null} reports an CLOSED replica.
2019-10-24 15:47:08,686 [EventQueue-ContainerReportForContainerReportHandler] WARN  container.ContainerReportHandler (AbstractContainerReportHandler.java:updateContainerState(145)) - Container #1 is in OPEN state, but the datanode feaf5d54-1805-49ec-899f-945609733e38{ip: 192.168.164.213, host: pr-hdds-2359-djbrp-462585948, networkLocation: /default-rack, certSerialId: null} reports an CLOSED replica.
2019-10-24 15:47:08,720 [EventQueue-ContainerReportForContainerReportHandler] WARN  container.ContainerReportHandler (AbstractContainerReportHandler.java:updateContainerState(145)) - Container #1 is in OPEN state, but the datanode 98e78e11-cb4b-48d0-b763-897efd13c9ec{ip: 192.168.164.213, host: pr-hdds-2359-djbrp-462585948, networkLocation: /default-rack, certSerialId: null} reports an CLOSED replica.
2019-10-24 15:47:08,776 [BlockDeletingService#2] WARN  background.BlockDeletingService (BlockDeletingService.java:isDeletionAllowed(187)) - Close Container log Index 6 is not replicated across allthe servers in the pipeline a9fb5832-a8b6-4e39-9ab2-05ac48da6374 as the min replicated index is 4. Deletion is not allowed in this container yet.
2019-10-24 15:47:08,779 [BlockDeletingService#2] WARN  background.BlockDeletingService (BlockDeletingService.java:isDeletionAllowed(187)) - Close Container log Index 6 is not replicated across allthe servers in the pipeline a9fb5832-a8b6-4e39-9ab2-05ac48da6374 as the min replicated index is 4. Deletion is not allowed in this container yet.
2019-10-24 15:47:08,886 [EventQueue-ContainerReportForContainerReportHandler] WARN  container.ContainerReportHandler (AbstractContainerReportHandler.java:updateContainerState(145)) - Container #1 is in OPEN state, but the datanode feaf5d54-1805-49ec-899f-945609733e38{ip: 192.168.164.213, host: pr-hdds-2359-djbrp-462585948, networkLocation: /default-rack, certSerialId: null} reports an CLOSED replica.
2019-10-24 15:47:09,020 [EventQueue-ContainerReportForContainerReportHandler] WARN  container.ContainerReportHandler (AbstractContainerReportHandler.java:updateContainerState(145)) - Container #1 is in OPEN state, but the datanode 98e78e11-cb4b-48d0-b763-897efd13c9ec{ip: 192.168.164.213, host: pr-hdds-2359-djbrp-462585948, networkLocation: /default-rack, certSerialId: null} reports an CLOSED replica.
2019-10-24 15:47:09,286 [EventQueue-ContainerReportForContainerReportHandler] WARN  container.ContainerReportHandler (AbstractContainerReportHandler.java:updateContainerState(145)) - Container #1 is in OPEN state, but the datanode feaf5d54-1805-49ec-899f-945609733e38{ip: 192.168.164.213, host: pr-hdds-2359-djbrp-462585948, networkLocation: /default-rack, certSerialId: null} reports an CLOSED replica.
2019-10-24 15:47:09,320 [EventQueue-ContainerReportForContainerReportHandler] WARN  container.ContainerReportHandler (AbstractContainerReportHandler.java:updateContainerState(145)) - Container #1 is in OPEN state, but the datanode 98e78e11-cb4b-48d0-b763-897efd13c9ec{ip: 192.168.164.213, host: pr-hdds-2359-djbrp-462585948, networkLocation: /default-rack, certSerialId: null} reports an CLOSED replica.
2019-10-24 15:47:09,620 [EventQueue-ContainerReportForContainerReportHandler] WARN  container.ContainerReportHandler (AbstractContainerReportHandler.java:updateContainerState(145)) - Container #1 is in OPEN state, but the datanode 98e78e11-cb4b-48d0-b763-897efd13c9ec{ip: 192.168.164.213, host: pr-hdds-2359-djbrp-462585948, networkLocation: /default-rack, certSerialId: null} reports an CLOSED replica.
2019-10-24 15:47:09,686 [EventQueue-ContainerReportForContainerReportHandler] WARN  container.ContainerReportHandler (AbstractContainerReportHandler.java:updateContainerState(145)) - Container #1 is in OPEN state, but the datanode feaf5d54-1805-49ec-899f-945609733e38{ip: 192.168.164.213, host: pr-hdds-2359-djbrp-462585948, networkLocation: /default-rack, certSerialId: null} reports an CLOSED replica.
2019-10-24 15:47:09,777 [BlockDeletingService#2] WARN  background.BlockDeletingService (BlockDeletingService.java:isDeletionAllowed(187)) - Close Container log Index 6 is not replicated across allthe servers in the pipeline a9fb5832-a8b6-4e39-9ab2-05ac48da6374 as the min replicated index is 4. Deletion is not allowed in this container yet.
2019-10-24 15:47:09,780 [BlockDeletingService#2] WARN  background.BlockDeletingService (BlockDeletingService.java:isDeletionAllowed(187)) - Close Container log Index 6 is not replicated across allthe servers in the pipeline a9fb5832-a8b6-4e39-9ab2-05ac48da6374 as the min replicated index is 4. Deletion is not allowed in this container yet.
2019-10-24 15:47:09,920 [EventQueue-ContainerReportForContainerReportHandler] WARN  container.ContainerReportHandler (AbstractContainerReportHandler.java:updateContainerState(145)) - Container #1 is in OPEN state, but the datanode 98e78e11-cb4b-48d0-b763-897efd13c9ec{ip: 192.168.164.213, host: pr-hdds-2359-djbrp-462585948, networkLocation: /default-rack, certSerialId: null} reports an CLOSED replica.
2019-10-24 15:47:10,088 [EventQueue-ContainerReportForContainerReportHandler] WARN  container.ContainerReportHandler (AbstractContainerReportHandler.java:updateContainerState(145)) - Container #1 is in OPEN state, but the datanode feaf5d54-1805-49ec-899f-945609733e38{ip: 192.168.164.213, host: pr-hdds-2359-djbrp-462585948, networkLocation: /default-rack, certSerialId: null} reports an CLOSED replica.
2019-10-24 15:47:10,206 [java.util.concurrent.ThreadPoolExecutor$Worker@1cb074f5[State = -1, empty queue]] WARN  server.GrpcLogAppender (GrpcLogAppender.java:timeoutAppendRequest(209)) - feaf5d54-1805-49ec-899f-945609733e38@group-05AC48DA6374->84568b57-9d99-42dc-882b-eae65806f704-GrpcLogAppender: appendEntries Timeout, request=feaf5d54-1805-49ec-899f-945609733e38->84568b57-9d99-42dc-882b-eae65806f704#30-t2, previous=(t:2, i:10), leaderCommit=10, initializing? false, entries: <empty>
2019-10-24 15:47:10,219 [EventQueue-ContainerReportForContainerReportHandler] WARN  container.ContainerReportHandler (AbstractContainerReportHandler.java:updateContainerState(145)) - Container #1 is in OPEN state, but the datanode 98e78e11-cb4b-48d0-b763-897efd13c9ec{ip: 192.168.164.213, host: pr-hdds-2359-djbrp-462585948, networkLocation: /default-rack, certSerialId: null} reports an CLOSED replica.
2019-10-24 15:47:10,288 [EventQueue-ContainerReportForContainerReportHandler] WARN  container.ContainerReportHandler (AbstractContainerReportHandler.java:updateContainerState(145)) - Container #1 is in OPEN state, but the datanode feaf5d54-1805-49ec-899f-945609733e38{ip: 192.168.164.213, host: pr-hdds-2359-djbrp-462585948, networkLocation: /default-rack, certSerialId: null} reports an CLOSED replica.
2019-10-24 15:47:10,420 [EventQueue-ContainerReportForContainerReportHandler] WARN  container.ContainerReportHandler (AbstractContainerReportHandler.java:updateContainerState(145)) - Container #1 is in OPEN state, but the datanode 98e78e11-cb4b-48d0-b763-897efd13c9ec{ip: 192.168.164.213, host: pr-hdds-2359-djbrp-462585948, networkLocation: /default-rack, certSerialId: null} reports an CLOSED replica.
2019-10-24 15:47:10,588 [EventQueue-ContainerReportForContainerReportHandler] WARN  container.ContainerReportHandler (AbstractContainerReportHandler.java:updateContainerState(145)) - Container #1 is in OPEN state, but the datanode feaf5d54-1805-49ec-899f-945609733e38{ip: 192.168.164.213, host: pr-hdds-2359-djbrp-462585948, networkLocation: /default-rack, certSerialId: null} reports an CLOSED replica.
2019-10-24 15:47:10,620 [EventQueue-ContainerReportForContainerReportHandler] WARN  container.ContainerReportHandler (AbstractContainerReportHandler.java:updateContainerState(145)) - Container #1 is in OPEN state, but the datanode 98e78e11-cb4b-48d0-b763-897efd13c9ec{ip: 192.168.164.213, host: pr-hdds-2359-djbrp-462585948, networkLocation: /default-rack, certSerialId: null} reports an CLOSED replica.
2019-10-24 15:47:10,779 [BlockDeletingService#2] WARN  background.BlockDeletingService (BlockDeletingService.java:isDeletionAllowed(187)) - Close Container log Index 6 is not replicated across allthe servers in the pipeline a9fb5832-a8b6-4e39-9ab2-05ac48da6374 as the min replicated index is 4. Deletion is not allowed in this container yet.
2019-10-24 15:47:10,781 [BlockDeletingService#2] WARN  background.BlockDeletingService (BlockDeletingService.java:isDeletionAllowed(187)) - Close Container log Index 6 is not replicated across allthe servers in the pipeline a9fb5832-a8b6-4e39-9ab2-05ac48da6374 as the min replicated index is 4. Deletion is not allowed in this container yet.
2019-10-24 15:47:10,823 [Thread-373] INFO  client.GrpcClientProtocolService (GrpcClientProtocolService.java:lambda$processClientRequest$0(278)) - Failed RaftClientRequest:client-60DA70BF947A->98e78e11-cb4b-48d0-b763-897efd13c9ec@group-05AC48DA6374, cid=10, seq=0, Watch-ALL_COMMITTED(6), Message:<EMPTY>, reply=RaftClientReply:client-60DA70BF947A->98e78e11-cb4b-48d0-b763-897efd13c9ec@group-05AC48DA6374, cid=10, FAILED org.apache.ratis.protocol.NotLeaderException: Server 98e78e11-cb4b-48d0-b763-897efd13c9ec@group-05AC48DA6374 is not the leader feaf5d54-1805-49ec-899f-945609733e38:192.168.164.213:39911, logIndex=0, commits[98e78e11-cb4b-48d0-b763-897efd13c9ec:c10, 84568b57-9d99-42dc-882b-eae65806f704:c4, feaf5d54-1805-49ec-899f-945609733e38:c10]
2019-10-24 15:47:10,920 [EventQueue-ContainerReportForContainerReportHandler] WARN  container.ContainerReportHandler (AbstractContainerReportHandler.java:updateContainerState(145)) - Container #1 is in OPEN state, but the datanode 98e78e11-cb4b-48d0-b763-897efd13c9ec{ip: 192.168.164.213, host: pr-hdds-2359-djbrp-462585948, networkLocation: /default-rack, certSerialId: null} reports an CLOSED replica.
2019-10-24 15:47:10,990 [EventQueue-ContainerReportForContainerReportHandler] WARN  container.ContainerReportHandler (AbstractContainerReportHandler.java:updateContainerState(145)) - Container #1 is in OPEN state, but the datanode feaf5d54-1805-49ec-899f-945609733e38{ip: 192.168.164.213, host: pr-hdds-2359-djbrp-462585948, networkLocation: /default-rack, certSerialId: null} reports an CLOSED replica.
2019-10-24 15:47:11,221 [EventQueue-ContainerReportForContainerReportHandler] WARN  container.ContainerReportHandler (AbstractContainerReportHandler.java:updateContainerState(145)) - Container #1 is in OPEN state, but the datanode 98e78e11-cb4b-48d0-b763-897efd13c9ec{ip: 192.168.164.213, host: pr-hdds-2359-djbrp-462585948, networkLocation: /default-rack, certSerialId: null} reports an CLOSED replica.
2019-10-24 15:47:11,389 [EventQueue-ContainerReportForContainerReportHandler] WARN  container.ContainerReportHandler (AbstractContainerReportHandler.java:updateContainerState(145)) - Container #1 is in OPEN state, but the datanode feaf5d54-1805-49ec-899f-945609733e38{ip: 192.168.164.213, host: pr-hdds-2359-djbrp-462585948, networkLocation: /default-rack, certSerialId: null} reports an CLOSED replica.
2019-10-24 15:47:11,521 [EventQueue-ContainerReportForContainerReportHandler] WARN  container.ContainerReportHandler (AbstractContainerReportHandler.java:updateContainerState(145)) - Container #1 is in OPEN state, but the datanode 98e78e11-cb4b-48d0-b763-897efd13c9ec{ip: 192.168.164.213, host: pr-hdds-2359-djbrp-462585948, networkLocation: /default-rack, certSerialId: null} reports an CLOSED replica.
2019-10-24 15:47:11,690 [EventQueue-ContainerReportForContainerReportHandler] WARN  container.ContainerReportHandler (AbstractContainerReportHandler.java:updateContainerState(145)) - Container #1 is in OPEN state, but the datanode feaf5d54-1805-49ec-899f-945609733e38{ip: 192.168.164.213, host: pr-hdds-2359-djbrp-462585948, networkLocation: /default-rack, certSerialId: null} reports an CLOSED replica.
2019-10-24 15:47:11,781 [BlockDeletingService#2] WARN  background.BlockDeletingService (BlockDeletingService.java:isDeletionAllowed(187)) - Close Container log Index 6 is not replicated across allthe servers in the pipeline a9fb5832-a8b6-4e39-9ab2-05ac48da6374 as the min replicated index is 4. Deletion is not allowed in this container yet.
2019-10-24 15:47:11,783 [BlockDeletingService#2] WARN  background.BlockDeletingService (BlockDeletingService.java:isDeletionAllowed(187)) - Close Container log Index 6 is not replicated across allthe servers in the pipeline a9fb5832-a8b6-4e39-9ab2-05ac48da6374 as the min replicated index is 4. Deletion is not allowed in this container yet.
2019-10-24 15:47:11,821 [EventQueue-ContainerReportForContainerReportHandler] WARN  container.ContainerReportHandler (AbstractContainerReportHandler.java:updateContainerState(145)) - Container #1 is in OPEN state, but the datanode 98e78e11-cb4b-48d0-b763-897efd13c9ec{ip: 192.168.164.213, host: pr-hdds-2359-djbrp-462585948, networkLocation: /default-rack, certSerialId: null} reports an CLOSED replica.
2019-10-24 15:47:12,090 [EventQueue-ContainerReportForContainerReportHandler] WARN  container.ContainerReportHandler (AbstractContainerReportHandler.java:updateContainerState(145)) - Container #1 is in OPEN state, but the datanode feaf5d54-1805-49ec-899f-945609733e38{ip: 192.168.164.213, host: pr-hdds-2359-djbrp-462585948, networkLocation: /default-rack, certSerialId: null} reports an CLOSED replica.
2019-10-24 15:47:12,123 [EventQueue-ContainerReportForContainerReportHandler] WARN  container.ContainerReportHandler (AbstractContainerReportHandler.java:updateContainerState(145)) - Container #1 is in OPEN state, but the datanode 98e78e11-cb4b-48d0-b763-897efd13c9ec{ip: 192.168.164.213, host: pr-hdds-2359-djbrp-462585948, networkLocation: /default-rack, certSerialId: null} reports an CLOSED replica.
2019-10-24 15:47:12,390 [EventQueue-ContainerReportForContainerReportHandler] WARN  container.ContainerReportHandler (AbstractContainerReportHandler.java:updateContainerState(145)) - Container #1 is in OPEN state, but the datanode feaf5d54-1805-49ec-899f-945609733e38{ip: 192.168.164.213, host: pr-hdds-2359-djbrp-462585948, networkLocation: /default-rack, certSerialId: null} reports an CLOSED replica.
2019-10-24 15:47:12,525 [EventQueue-ContainerReportForContainerReportHandler] WARN  container.ContainerReportHandler (AbstractContainerReportHandler.java:updateContainerState(145)) - Container #1 is in OPEN state, but the datanode 98e78e11-cb4b-48d0-b763-897efd13c9ec{ip: 192.168.164.213, host: pr-hdds-2359-djbrp-462585948, networkLocation: /default-rack, certSerialId: null} reports an CLOSED replica.
2019-10-24 15:47:12,590 [EventQueue-ContainerReportForContainerReportHandler] WARN  container.ContainerReportHandler (AbstractContainerReportHandler.java:updateContainerState(145)) - Container #1 is in OPEN state, but the datanode feaf5d54-1805-49ec-899f-945609733e38{ip: 192.168.164.213, host: pr-hdds-2359-djbrp-462585948, networkLocation: /default-rack, certSerialId: null} reports an CLOSED replica.
2019-10-24 15:47:12,683 [Thread-380] INFO  client.GrpcClientProtocolService (GrpcClientProtocolService.java:lambda$processClientRequest$0(278)) - Failed RaftClientRequest:client-60DA70BF947A->feaf5d54-1805-49ec-899f-945609733e38@group-05AC48DA6374, cid=10, seq=0, Watch-ALL_COMMITTED(6), Message:<EMPTY>, reply=RaftClientReply:client-60DA70BF947A->feaf5d54-1805-49ec-899f-945609733e38@group-05AC48DA6374, cid=10, FAILED org.apache.ratis.protocol.NotReplicatedException: Request with call Id 10 and log index 6 is not yet replicated to ALL_COMMITTED, logIndex=6, commits[feaf5d54-1805-49ec-899f-945609733e38:c10, 98e78e11-cb4b-48d0-b763-897efd13c9ec:c10, 84568b57-9d99-42dc-882b-eae65806f704:c4]
2019-10-24 15:47:12,706 [java.util.concurrent.ThreadPoolExecutor$Worker@1cb074f5[State = -1, empty queue]] WARN  server.GrpcLogAppender (GrpcLogAppender.java:timeoutAppendRequest(209)) - feaf5d54-1805-49ec-899f-945609733e38@group-05AC48DA6374->84568b57-9d99-42dc-882b-eae65806f704-GrpcLogAppender: appendEntries Timeout, request=feaf5d54-1805-49ec-899f-945609733e38->84568b57-9d99-42dc-882b-eae65806f704#31-t2, previous=(t:2, i:10), leaderCommit=10, initializing? false, entries: <empty>
2019-10-24 15:47:12,784 [BlockDeletingService#2] WARN  background.BlockDeletingService (BlockDeletingService.java:isDeletionAllowed(187)) - Close Container log Index 6 is not replicated across allthe servers in the pipeline a9fb5832-a8b6-4e39-9ab2-05ac48da6374 as the min replicated index is 4. Deletion is not allowed in this container yet.
2019-10-24 15:47:12,786 [BlockDeletingService#2] WARN  background.BlockDeletingService (BlockDeletingService.java:isDeletionAllowed(187)) - Close Container log Index 6 is not replicated across allthe servers in the pipeline a9fb5832-a8b6-4e39-9ab2-05ac48da6374 as the min replicated index is 4. Deletion is not allowed in this container yet.
2019-10-24 15:47:12,823 [EventQueue-ContainerReportForContainerReportHandler] WARN  container.ContainerReportHandler (AbstractContainerReportHandler.java:updateContainerState(145)) - Container #1 is in OPEN state, but the datanode 98e78e11-cb4b-48d0-b763-897efd13c9ec{ip: 192.168.164.213, host: pr-hdds-2359-djbrp-462585948, networkLocation: /default-rack, certSerialId: null} reports an CLOSED replica.
2019-10-24 15:47:12,991 [EventQueue-ContainerReportForContainerReportHandler] WARN  container.ContainerReportHandler (AbstractContainerReportHandler.java:updateContainerState(145)) - Container #1 is in OPEN state, but the datanode feaf5d54-1805-49ec-899f-945609733e38{ip: 192.168.164.213, host: pr-hdds-2359-djbrp-462585948, networkLocation: /default-rack, certSerialId: null} reports an CLOSED replica.
2019-10-24 15:47:13,223 [EventQueue-ContainerReportForContainerReportHandler] WARN  container.ContainerReportHandler (AbstractContainerReportHandler.java:updateContainerState(145)) - Container #1 is in OPEN state, but the datanode 98e78e11-cb4b-48d0-b763-897efd13c9ec{ip: 192.168.164.213, host: pr-hdds-2359-djbrp-462585948, networkLocation: /default-rack, certSerialId: null} reports an CLOSED replica.
2019-10-24 15:47:13,292 [EventQueue-ContainerReportForContainerReportHandler] WARN  container.ContainerReportHandler (AbstractContainerReportHandler.java:updateContainerState(145)) - Container #1 is in OPEN state, but the datanode feaf5d54-1805-49ec-899f-945609733e38{ip: 192.168.164.213, host: pr-hdds-2359-djbrp-462585948, networkLocation: /default-rack, certSerialId: null} reports an CLOSED replica.
2019-10-24 15:47:13,491 [EventQueue-ContainerReportForContainerReportHandler] WARN  container.ContainerReportHandler (AbstractContainerReportHandler.java:updateContainerState(145)) - Container #1 is in OPEN state, but the datanode feaf5d54-1805-49ec-899f-945609733e38{ip: 192.168.164.213, host: pr-hdds-2359-djbrp-462585948, networkLocation: /default-rack, certSerialId: null} reports an CLOSED replica.
2019-10-24 15:47:13,525 [EventQueue-ContainerReportForContainerReportHandler] WARN  container.ContainerReportHandler (AbstractContainerReportHandler.java:updateContainerState(145)) - Container #1 is in OPEN state, but the datanode 98e78e11-cb4b-48d0-b763-897efd13c9ec{ip: 192.168.164.213, host: pr-hdds-2359-djbrp-462585948, networkLocation: /default-rack, certSerialId: null} reports an CLOSED replica.
2019-10-24 15:47:13,787 [BlockDeletingService#2] WARN  background.BlockDeletingService (BlockDeletingService.java:isDeletionAllowed(187)) - Close Container log Index 6 is not replicated across allthe servers in the pipeline a9fb5832-a8b6-4e39-9ab2-05ac48da6374 as the min replicated index is 4. Deletion is not allowed in this container yet.
2019-10-24 15:47:13,787 [BlockDeletingService#2] WARN  background.BlockDeletingService (BlockDeletingService.java:isDeletionAllowed(187)) - Close Container log Index 6 is not replicated across allthe servers in the pipeline a9fb5832-a8b6-4e39-9ab2-05ac48da6374 as the min replicated index is 4. Deletion is not allowed in this container yet.
2019-10-24 15:47:13,792 [EventQueue-ContainerReportForContainerReportHandler] WARN  container.ContainerReportHandler (AbstractContainerReportHandler.java:updateContainerState(145)) - Container #1 is in OPEN state, but the datanode feaf5d54-1805-49ec-899f-945609733e38{ip: 192.168.164.213, host: pr-hdds-2359-djbrp-462585948, networkLocation: /default-rack, certSerialId: null} reports an CLOSED replica.
2019-10-24 15:47:13,825 [EventQueue-ContainerReportForContainerReportHandler] WARN  container.ContainerReportHandler (AbstractContainerReportHandler.java:updateContainerState(145)) - Container #1 is in OPEN state, but the datanode 98e78e11-cb4b-48d0-b763-897efd13c9ec{ip: 192.168.164.213, host: pr-hdds-2359-djbrp-462585948, networkLocation: /default-rack, certSerialId: null} reports an CLOSED replica.
2019-10-24 15:47:14,092 [EventQueue-ContainerReportForContainerReportHandler] WARN  container.ContainerReportHandler (AbstractContainerReportHandler.java:updateContainerState(145)) - Container #1 is in OPEN state, but the datanode feaf5d54-1805-49ec-899f-945609733e38{ip: 192.168.164.213, host: pr-hdds-2359-djbrp-462585948, networkLocation: /default-rack, certSerialId: null} reports an CLOSED replica.
2019-10-24 15:47:14,226 [EventQueue-ContainerReportForContainerReportHandler] WARN  container.ContainerReportHandler (AbstractContainerReportHandler.java:updateContainerState(145)) - Container #1 is in OPEN state, but the datanode 98e78e11-cb4b-48d0-b763-897efd13c9ec{ip: 192.168.164.213, host: pr-hdds-2359-djbrp-462585948, networkLocation: /default-rack, certSerialId: null} reports an CLOSED replica.
2019-10-24 15:47:14,392 [EventQueue-ContainerReportForContainerReportHandler] WARN  container.ContainerReportHandler (AbstractContainerReportHandler.java:updateContainerState(145)) - Container #1 is in OPEN state, but the datanode feaf5d54-1805-49ec-899f-945609733e38{ip: 192.168.164.213, host: pr-hdds-2359-djbrp-462585948, networkLocation: /default-rack, certSerialId: null} reports an CLOSED replica.
2019-10-24 15:47:14,526 [EventQueue-ContainerReportForContainerReportHandler] WARN  container.ContainerReportHandler (AbstractContainerReportHandler.java:updateContainerState(145)) - Container #1 is in OPEN state, but the datanode 98e78e11-cb4b-48d0-b763-897efd13c9ec{ip: 192.168.164.213, host: pr-hdds-2359-djbrp-462585948, networkLocation: /default-rack, certSerialId: null} reports an CLOSED replica.
2019-10-24 15:47:14,693 [EventQueue-ContainerReportForContainerReportHandler] WARN  container.ContainerReportHandler (AbstractContainerReportHandler.java:updateContainerState(145)) - Container #1 is in OPEN state, but the datanode feaf5d54-1805-49ec-899f-945609733e38{ip: 192.168.164.213, host: pr-hdds-2359-djbrp-462585948, networkLocation: /default-rack, certSerialId: null} reports an CLOSED replica.
2019-10-24 15:47:14,789 [BlockDeletingService#2] WARN  background.BlockDeletingService (BlockDeletingService.java:isDeletionAllowed(187)) - Close Container log Index 6 is not replicated across allthe servers in the pipeline a9fb5832-a8b6-4e39-9ab2-05ac48da6374 as the min replicated index is 4. Deletion is not allowed in this container yet.
2019-10-24 15:47:14,789 [BlockDeletingService#2] WARN  background.BlockDeletingService (BlockDeletingService.java:isDeletionAllowed(187)) - Close Container log Index 6 is not replicated across allthe servers in the pipeline a9fb5832-a8b6-4e39-9ab2-05ac48da6374 as the min replicated index is 4. Deletion is not allowed in this container yet.
2019-10-24 15:47:14,827 [EventQueue-ContainerReportForContainerReportHandler] WARN  container.ContainerReportHandler (AbstractContainerReportHandler.java:updateContainerState(145)) - Container #1 is in OPEN state, but the datanode 98e78e11-cb4b-48d0-b763-897efd13c9ec{ip: 192.168.164.213, host: pr-hdds-2359-djbrp-462585948, networkLocation: /default-rack, certSerialId: null} reports an CLOSED replica.
2019-10-24 15:47:14,992 [EventQueue-ContainerReportForContainerReportHandler] WARN  container.ContainerReportHandler (AbstractContainerReportHandler.java:updateContainerState(145)) - Container #1 is in OPEN state, but the datanode feaf5d54-1805-49ec-899f-945609733e38{ip: 192.168.164.213, host: pr-hdds-2359-djbrp-462585948, networkLocation: /default-rack, certSerialId: null} reports an CLOSED replica.
2019-10-24 15:47:15,027 [EventQueue-ContainerReportForContainerReportHandler] WARN  container.ContainerReportHandler (AbstractContainerReportHandler.java:updateContainerState(145)) - Container #1 is in OPEN state, but the datanode 98e78e11-cb4b-48d0-b763-897efd13c9ec{ip: 192.168.164.213, host: pr-hdds-2359-djbrp-462585948, networkLocation: /default-rack, certSerialId: null} reports an CLOSED replica.
2019-10-24 15:47:15,207 [java.util.concurrent.ThreadPoolExecutor$Worker@1cb074f5[State = -1, empty queue]] WARN  server.GrpcLogAppender (GrpcLogAppender.java:timeoutAppendRequest(209)) - feaf5d54-1805-49ec-899f-945609733e38@group-05AC48DA6374->84568b57-9d99-42dc-882b-eae65806f704-GrpcLogAppender: appendEntries Timeout, request=feaf5d54-1805-49ec-899f-945609733e38->84568b57-9d99-42dc-882b-eae65806f704#32-t2, previous=(t:2, i:10), leaderCommit=10, initializing? false, entries: <empty>
2019-10-24 15:47:15,227 [EventQueue-ContainerReportForContainerReportHandler] WARN  container.ContainerReportHandler (AbstractContainerReportHandler.java:updateContainerState(145)) - Container #1 is in OPEN state, but the datanode 98e78e11-cb4b-48d0-b763-897efd13c9ec{ip: 192.168.164.213, host: pr-hdds-2359-djbrp-462585948, networkLocation: /default-rack, certSerialId: null} reports an CLOSED replica.
2019-10-24 15:47:15,392 [EventQueue-ContainerReportForContainerReportHandler] WARN  container.ContainerReportHandler (AbstractContainerReportHandler.java:updateContainerState(145)) - Container #1 is in OPEN state, but the datanode feaf5d54-1805-49ec-899f-945609733e38{ip: 192.168.164.213, host: pr-hdds-2359-djbrp-462585948, networkLocation: /default-rack, certSerialId: null} reports an CLOSED replica.
2019-10-24 15:47:15,527 [EventQueue-ContainerReportForContainerReportHandler] WARN  container.ContainerReportHandler (AbstractContainerReportHandler.java:updateContainerState(145)) - Container #1 is in OPEN state, but the datanode 98e78e11-cb4b-48d0-b763-897efd13c9ec{ip: 192.168.164.213, host: pr-hdds-2359-djbrp-462585948, networkLocation: /default-rack, certSerialId: null} reports an CLOSED replica.
2019-10-24 15:47:15,692 [EventQueue-ContainerReportForContainerReportHandler] WARN  container.ContainerReportHandler (AbstractContainerReportHandler.java:updateContainerState(145)) - Container #1 is in OPEN state, but the datanode feaf5d54-1805-49ec-899f-945609733e38{ip: 192.168.164.213, host: pr-hdds-2359-djbrp-462585948, networkLocation: /default-rack, certSerialId: null} reports an CLOSED replica.
2019-10-24 15:47:15,791 [BlockDeletingService#2] WARN  background.BlockDeletingService (BlockDeletingService.java:isDeletionAllowed(187)) - Close Container log Index 6 is not replicated across allthe servers in the pipeline a9fb5832-a8b6-4e39-9ab2-05ac48da6374 as the min replicated index is 4. Deletion is not allowed in this container yet.
2019-10-24 15:47:15,791 [BlockDeletingService#2] WARN  background.BlockDeletingService (BlockDeletingService.java:isDeletionAllowed(187)) - Close Container log Index 6 is not replicated across allthe servers in the pipeline a9fb5832-a8b6-4e39-9ab2-05ac48da6374 as the min replicated index is 4. Deletion is not allowed in this container yet.
2019-10-24 15:47:15,828 [EventQueue-ContainerReportForContainerReportHandler] WARN  container.ContainerReportHandler (AbstractContainerReportHandler.java:updateContainerState(145)) - Container #1 is in OPEN state, but the datanode 98e78e11-cb4b-48d0-b763-897efd13c9ec{ip: 192.168.164.213, host: pr-hdds-2359-djbrp-462585948, networkLocation: /default-rack, certSerialId: null} reports an CLOSED replica.
2019-10-24 15:47:15,892 [EventQueue-ContainerReportForContainerReportHandler] WARN  container.ContainerReportHandler (AbstractContainerReportHandler.java:updateContainerState(145)) - Container #1 is in OPEN state, but the datanode feaf5d54-1805-49ec-899f-945609733e38{ip: 192.168.164.213, host: pr-hdds-2359-djbrp-462585948, networkLocation: /default-rack, certSerialId: null} reports an CLOSED replica.
2019-10-24 15:47:16,027 [EventQueue-ContainerReportForContainerReportHandler] WARN  container.ContainerReportHandler (AbstractContainerReportHandler.java:updateContainerState(145)) - Container #1 is in OPEN state, but the datanode 98e78e11-cb4b-48d0-b763-897efd13c9ec{ip: 192.168.164.213, host: pr-hdds-2359-djbrp-462585948, networkLocation: /default-rack, certSerialId: null} reports an CLOSED replica.
2019-10-24 15:47:16,292 [EventQueue-ContainerReportForContainerReportHandler] WARN  container.ContainerReportHandler (AbstractContainerReportHandler.java:updateContainerState(145)) - Container #1 is in OPEN state, but the datanode feaf5d54-1805-49ec-899f-945609733e38{ip: 192.168.164.213, host: pr-hdds-2359-djbrp-462585948, networkLocation: /default-rack, certSerialId: null} reports an CLOSED replica.
2019-10-24 15:47:16,428 [EventQueue-ContainerReportForContainerReportHandler] WARN  container.ContainerReportHandler (AbstractContainerReportHandler.java:updateContainerState(145)) - Container #1 is in OPEN state, but the datanode 98e78e11-cb4b-48d0-b763-897efd13c9ec{ip: 192.168.164.213, host: pr-hdds-2359-djbrp-462585948, networkLocation: /default-rack, certSerialId: null} reports an CLOSED replica.
2019-10-24 15:47:16,493 [EventQueue-ContainerReportForContainerReportHandler] WARN  container.ContainerReportHandler (AbstractContainerReportHandler.java:updateContainerState(145)) - Container #1 is in OPEN state, but the datanode feaf5d54-1805-49ec-899f-945609733e38{ip: 192.168.164.213, host: pr-hdds-2359-djbrp-462585948, networkLocation: /default-rack, certSerialId: null} reports an CLOSED replica.
2019-10-24 15:47:16,629 [EventQueue-ContainerReportForContainerReportHandler] WARN  container.ContainerReportHandler (AbstractContainerReportHandler.java:updateContainerState(145)) - Container #1 is in OPEN state, but the datanode 98e78e11-cb4b-48d0-b763-897efd13c9ec{ip: 192.168.164.213, host: pr-hdds-2359-djbrp-462585948, networkLocation: /default-rack, certSerialId: null} reports an CLOSED replica.
2019-10-24 15:47:16,793 [BlockDeletingService#2] WARN  background.BlockDeletingService (BlockDeletingService.java:isDeletionAllowed(187)) - Close Container log Index 6 is not replicated across allthe servers in the pipeline a9fb5832-a8b6-4e39-9ab2-05ac48da6374 as the min replicated index is 4. Deletion is not allowed in this container yet.
2019-10-24 15:47:16,793 [BlockDeletingService#2] WARN  background.BlockDeletingService (BlockDeletingService.java:isDeletionAllowed(187)) - Close Container log Index 6 is not replicated across allthe servers in the pipeline a9fb5832-a8b6-4e39-9ab2-05ac48da6374 as the min replicated index is 4. Deletion is not allowed in this container yet.
2019-10-24 15:47:16,829 [EventQueue-ContainerReportForContainerReportHandler] WARN  container.ContainerReportHandler (AbstractContainerReportHandler.java:updateContainerState(145)) - Container #1 is in OPEN state, but the datanode 98e78e11-cb4b-48d0-b763-897efd13c9ec{ip: 192.168.164.213, host: pr-hdds-2359-djbrp-462585948, networkLocation: /default-rack, certSerialId: null} reports an CLOSED replica.
2019-10-24 15:47:16,894 [EventQueue-ContainerReportForContainerReportHandler] WARN  container.ContainerReportHandler (AbstractContainerReportHandler.java:updateContainerState(145)) - Container #1 is in OPEN state, but the datanode feaf5d54-1805-49ec-899f-945609733e38{ip: 192.168.164.213, host: pr-hdds-2359-djbrp-462585948, networkLocation: /default-rack, certSerialId: null} reports an CLOSED replica.
2019-10-24 15:47:17,129 [EventQueue-ContainerReportForContainerReportHandler] WARN  container.ContainerReportHandler (AbstractContainerReportHandler.java:updateContainerState(145)) - Container #1 is in OPEN state, but the datanode 98e78e11-cb4b-48d0-b763-897efd13c9ec{ip: 192.168.164.213, host: pr-hdds-2359-djbrp-462585948, networkLocation: /default-rack, certSerialId: null} reports an CLOSED replica.
2019-10-24 15:47:17,195 [EventQueue-ContainerReportForContainerReportHandler] WARN  container.ContainerReportHandler (AbstractContainerReportHandler.java:updateContainerState(145)) - Container #1 is in OPEN state, but the datanode feaf5d54-1805-49ec-899f-945609733e38{ip: 192.168.164.213, host: pr-hdds-2359-djbrp-462585948, networkLocation: /default-rack, certSerialId: null} reports an CLOSED replica.
2019-10-24 15:47:17,396 [EventQueue-ContainerReportForContainerReportHandler] WARN  container.ContainerReportHandler (AbstractContainerReportHandler.java:updateContainerState(145)) - Container #1 is in OPEN state, but the datanode feaf5d54-1805-49ec-899f-945609733e38{ip: 192.168.164.213, host: pr-hdds-2359-djbrp-462585948, networkLocation: /default-rack, certSerialId: null} reports an CLOSED replica.
2019-10-24 15:47:17,429 [EventQueue-ContainerReportForContainerReportHandler] WARN  container.ContainerReportHandler (AbstractContainerReportHandler.java:updateContainerState(145)) - Container #1 is in OPEN state, but the datanode 98e78e11-cb4b-48d0-b763-897efd13c9ec{ip: 192.168.164.213, host: pr-hdds-2359-djbrp-462585948, networkLocation: /default-rack, certSerialId: null} reports an CLOSED replica.
2019-10-24 15:47:17,696 [EventQueue-ContainerReportForContainerReportHandler] WARN  container.ContainerReportHandler (AbstractContainerReportHandler.java:updateContainerState(145)) - Container #1 is in OPEN state, but the datanode feaf5d54-1805-49ec-899f-945609733e38{ip: 192.168.164.213, host: pr-hdds-2359-djbrp-462585948, networkLocation: /default-rack, certSerialId: null} reports an CLOSED replica.
2019-10-24 15:47:17,709 [java.util.concurrent.ThreadPoolExecutor$Worker@1cb074f5[State = -1, empty queue]] WARN  server.GrpcLogAppender (GrpcLogAppender.java:timeoutAppendRequest(209)) - feaf5d54-1805-49ec-899f-945609733e38@group-05AC48DA6374->84568b57-9d99-42dc-882b-eae65806f704-GrpcLogAppender: appendEntries Timeout, request=feaf5d54-1805-49ec-899f-945609733e38->84568b57-9d99-42dc-882b-eae65806f704#33-t2, previous=(t:2, i:10), leaderCommit=10, initializing? false, entries: <empty>
2019-10-24 15:47:17,795 [BlockDeletingService#2] WARN  background.BlockDeletingService (BlockDeletingService.java:isDeletionAllowed(187)) - Close Container log Index 6 is not replicated across allthe servers in the pipeline a9fb5832-a8b6-4e39-9ab2-05ac48da6374 as the min replicated index is 4. Deletion is not allowed in this container yet.
2019-10-24 15:47:17,795 [BlockDeletingService#2] WARN  background.BlockDeletingService (BlockDeletingService.java:isDeletionAllowed(187)) - Close Container log Index 6 is not replicated across allthe servers in the pipeline a9fb5832-a8b6-4e39-9ab2-05ac48da6374 as the min replicated index is 4. Deletion is not allowed in this container yet.
2019-10-24 15:47:17,830 [EventQueue-ContainerReportForContainerReportHandler] WARN  container.ContainerReportHandler (AbstractContainerReportHandler.java:updateContainerState(145)) - Container #1 is in OPEN state, but the datanode 98e78e11-cb4b-48d0-b763-897efd13c9ec{ip: 192.168.164.213, host: pr-hdds-2359-djbrp-462585948, networkLocation: /default-rack, certSerialId: null} reports an CLOSED replica.
2019-10-24 15:47:17,999 [EventQueue-ContainerReportForContainerReportHandler] WARN  container.ContainerReportHandler (AbstractContainerReportHandler.java:updateContainerState(145)) - Container #1 is in OPEN state, but the datanode feaf5d54-1805-49ec-899f-945609733e38{ip: 192.168.164.213, host: pr-hdds-2359-djbrp-462585948, networkLocation: /default-rack, certSerialId: null} reports an CLOSED replica.
2019-10-24 15:47:18,130 [EventQueue-ContainerReportForContainerReportHandler] WARN  container.ContainerReportHandler (AbstractContainerReportHandler.java:updateContainerState(145)) - Container #1 is in OPEN state, but the datanode 98e78e11-cb4b-48d0-b763-897efd13c9ec{ip: 192.168.164.213, host: pr-hdds-2359-djbrp-462585948, networkLocation: /default-rack, certSerialId: null} reports an CLOSED replica.
2019-10-24 15:47:18,297 [EventQueue-ContainerReportForContainerReportHandler] WARN  container.ContainerReportHandler (AbstractContainerReportHandler.java:updateContainerState(145)) - Container #1 is in OPEN state, but the datanode feaf5d54-1805-49ec-899f-945609733e38{ip: 192.168.164.213, host: pr-hdds-2359-djbrp-462585948, networkLocation: /default-rack, certSerialId: null} reports an CLOSED replica.
2019-10-24 15:47:18,331 [EventQueue-ContainerReportForContainerReportHandler] WARN  container.ContainerReportHandler (AbstractContainerReportHandler.java:updateContainerState(145)) - Container #1 is in OPEN state, but the datanode 98e78e11-cb4b-48d0-b763-897efd13c9ec{ip: 192.168.164.213, host: pr-hdds-2359-djbrp-462585948, networkLocation: /default-rack, certSerialId: null} reports an CLOSED replica.
2019-10-24 15:47:18,697 [EventQueue-ContainerReportForContainerReportHandler] WARN  container.ContainerReportHandler (AbstractContainerReportHandler.java:updateContainerState(145)) - Container #1 is in OPEN state, but the datanode feaf5d54-1805-49ec-899f-945609733e38{ip: 192.168.164.213, host: pr-hdds-2359-djbrp-462585948, networkLocation: /default-rack, certSerialId: null} reports an CLOSED replica.
2019-10-24 15:47:18,731 [EventQueue-ContainerReportForContainerReportHandler] WARN  container.ContainerReportHandler (AbstractContainerReportHandler.java:updateContainerState(145)) - Container #1 is in OPEN state, but the datanode 98e78e11-cb4b-48d0-b763-897efd13c9ec{ip: 192.168.164.213, host: pr-hdds-2359-djbrp-462585948, networkLocation: /default-rack, certSerialId: null} reports an CLOSED replica.
2019-10-24 15:47:18,797 [BlockDeletingService#2] WARN  background.BlockDeletingService (BlockDeletingService.java:isDeletionAllowed(187)) - Close Container log Index 6 is not replicated across allthe servers in the pipeline a9fb5832-a8b6-4e39-9ab2-05ac48da6374 as the min replicated index is 4. Deletion is not allowed in this container yet.
2019-10-24 15:47:18,797 [BlockDeletingService#2] WARN  background.BlockDeletingService (BlockDeletingService.java:isDeletionAllowed(187)) - Close Container log Index 6 is not replicated across allthe servers in the pipeline a9fb5832-a8b6-4e39-9ab2-05ac48da6374 as the min replicated index is 4. Deletion is not allowed in this container yet.
2019-10-24 15:47:18,998 [EventQueue-ContainerReportForContainerReportHandler] WARN  container.ContainerReportHandler (AbstractContainerReportHandler.java:updateContainerState(145)) - Container #1 is in OPEN state, but the datanode feaf5d54-1805-49ec-899f-945609733e38{ip: 192.168.164.213, host: pr-hdds-2359-djbrp-462585948, networkLocation: /default-rack, certSerialId: null} reports an CLOSED replica.
2019-10-24 15:47:19,131 [EventQueue-ContainerReportForContainerReportHandler] WARN  container.ContainerReportHandler (AbstractContainerReportHandler.java:updateContainerState(145)) - Container #1 is in OPEN state, but the datanode 98e78e11-cb4b-48d0-b763-897efd13c9ec{ip: 192.168.164.213, host: pr-hdds-2359-djbrp-462585948, networkLocation: /default-rack, certSerialId: null} reports an CLOSED replica.
2019-10-24 15:47:19,299 [EventQueue-ContainerReportForContainerReportHandler] WARN  container.ContainerReportHandler (AbstractContainerReportHandler.java:updateContainerState(145)) - Container #1 is in OPEN state, but the datanode feaf5d54-1805-49ec-899f-945609733e38{ip: 192.168.164.213, host: pr-hdds-2359-djbrp-462585948, networkLocation: /default-rack, certSerialId: null} reports an CLOSED replica.
2019-10-24 15:47:19,331 [EventQueue-ContainerReportForContainerReportHandler] WARN  container.ContainerReportHandler (AbstractContainerReportHandler.java:updateContainerState(145)) - Container #1 is in OPEN state, but the datanode 98e78e11-cb4b-48d0-b763-897efd13c9ec{ip: 192.168.164.213, host: pr-hdds-2359-djbrp-462585948, networkLocation: /default-rack, certSerialId: null} reports an CLOSED replica.
2019-10-24 15:47:19,500 [EventQueue-ContainerReportForContainerReportHandler] WARN  container.ContainerReportHandler (AbstractContainerReportHandler.java:updateContainerState(145)) - Container #1 is in OPEN state, but the datanode feaf5d54-1805-49ec-899f-945609733e38{ip: 192.168.164.213, host: pr-hdds-2359-djbrp-462585948, networkLocation: /default-rack, certSerialId: null} reports an CLOSED replica.
2019-10-24 15:47:19,631 [EventQueue-ContainerReportForContainerReportHandler] WARN  container.ContainerReportHandler (AbstractContainerReportHandler.java:updateContainerState(145)) - Container #1 is in OPEN state, but the datanode 98e78e11-cb4b-48d0-b763-897efd13c9ec{ip: 192.168.164.213, host: pr-hdds-2359-djbrp-462585948, networkLocation: /default-rack, certSerialId: null} reports an CLOSED replica.
2019-10-24 15:47:19,799 [BlockDeletingService#2] WARN  background.BlockDeletingService (BlockDeletingService.java:isDeletionAllowed(187)) - Close Container log Index 6 is not replicated across allthe servers in the pipeline a9fb5832-a8b6-4e39-9ab2-05ac48da6374 as the min replicated index is 4. Deletion is not allowed in this container yet.
2019-10-24 15:47:19,799 [BlockDeletingService#2] WARN  background.BlockDeletingService (BlockDeletingService.java:isDeletionAllowed(187)) - Close Container log Index 6 is not replicated across allthe servers in the pipeline a9fb5832-a8b6-4e39-9ab2-05ac48da6374 as the min replicated index is 4. Deletion is not allowed in this container yet.
2019-10-24 15:47:19,800 [EventQueue-ContainerReportForContainerReportHandler] WARN  container.ContainerReportHandler (AbstractContainerReportHandler.java:updateContainerState(145)) - Container #1 is in OPEN state, but the datanode feaf5d54-1805-49ec-899f-945609733e38{ip: 192.168.164.213, host: pr-hdds-2359-djbrp-462585948, networkLocation: /default-rack, certSerialId: null} reports an CLOSED replica.
2019-10-24 15:47:20,031 [EventQueue-ContainerReportForContainerReportHandler] WARN  container.ContainerReportHandler (AbstractContainerReportHandler.java:updateContainerState(145)) - Container #1 is in OPEN state, but the datanode 98e78e11-cb4b-48d0-b763-897efd13c9ec{ip: 192.168.164.213, host: pr-hdds-2359-djbrp-462585948, networkLocation: /default-rack, certSerialId: null} reports an CLOSED replica.
2019-10-24 15:47:20,101 [EventQueue-ContainerReportForContainerReportHandler] WARN  container.ContainerReportHandler (AbstractContainerReportHandler.java:updateContainerState(145)) - Container #1 is in OPEN state, but the datanode feaf5d54-1805-49ec-899f-945609733e38{ip: 192.168.164.213, host: pr-hdds-2359-djbrp-462585948, networkLocation: /default-rack, certSerialId: null} reports an CLOSED replica.
2019-10-24 15:47:20,211 [java.util.concurrent.ThreadPoolExecutor$Worker@1cb074f5[State = -1, empty queue]] WARN  server.GrpcLogAppender (GrpcLogAppender.java:timeoutAppendRequest(209)) - feaf5d54-1805-49ec-899f-945609733e38@group-05AC48DA6374->84568b57-9d99-42dc-882b-eae65806f704-GrpcLogAppender: appendEntries Timeout, request=feaf5d54-1805-49ec-899f-945609733e38->84568b57-9d99-42dc-882b-eae65806f704#34-t2, previous=(t:2, i:10), leaderCommit=10, initializing? false, entries: <empty>
2019-10-24 15:47:20,331 [EventQueue-ContainerReportForContainerReportHandler] WARN  container.ContainerReportHandler (AbstractContainerReportHandler.java:updateContainerState(145)) - Container #1 is in OPEN state, but the datanode 98e78e11-cb4b-48d0-b763-897efd13c9ec{ip: 192.168.164.213, host: pr-hdds-2359-djbrp-462585948, networkLocation: /default-rack, certSerialId: null} reports an CLOSED replica.
2019-10-24 15:47:20,401 [EventQueue-ContainerReportForContainerReportHandler] WARN  container.ContainerReportHandler (AbstractContainerReportHandler.java:updateContainerState(145)) - Container #1 is in OPEN state, but the datanode feaf5d54-1805-49ec-899f-945609733e38{ip: 192.168.164.213, host: pr-hdds-2359-djbrp-462585948, networkLocation: /default-rack, certSerialId: null} reports an CLOSED replica.
2019-10-24 15:47:20,631 [EventQueue-ContainerReportForContainerReportHandler] WARN  container.ContainerReportHandler (AbstractContainerReportHandler.java:updateContainerState(145)) - Container #1 is in OPEN state, but the datanode 98e78e11-cb4b-48d0-b763-897efd13c9ec{ip: 192.168.164.213, host: pr-hdds-2359-djbrp-462585948, networkLocation: /default-rack, certSerialId: null} reports an CLOSED replica.
2019-10-24 15:47:20,801 [BlockDeletingService#2] WARN  background.BlockDeletingService (BlockDeletingService.java:isDeletionAllowed(187)) - Close Container log Index 6 is not replicated across allthe servers in the pipeline a9fb5832-a8b6-4e39-9ab2-05ac48da6374 as the min replicated index is 4. Deletion is not allowed in this container yet.
2019-10-24 15:47:20,801 [BlockDeletingService#2] WARN  background.BlockDeletingService (BlockDeletingService.java:isDeletionAllowed(187)) - Close Container log Index 6 is not replicated across allthe servers in the pipeline a9fb5832-a8b6-4e39-9ab2-05ac48da6374 as the min replicated index is 4. Deletion is not allowed in this container yet.
2019-10-24 15:47:20,801 [EventQueue-ContainerReportForContainerReportHandler] WARN  container.ContainerReportHandler (AbstractContainerReportHandler.java:updateContainerState(145)) - Container #1 is in OPEN state, but the datanode feaf5d54-1805-49ec-899f-945609733e38{ip: 192.168.164.213, host: pr-hdds-2359-djbrp-462585948, networkLocation: /default-rack, certSerialId: null} reports an CLOSED replica.
2019-10-24 15:47:20,931 [EventQueue-ContainerReportForContainerReportHandler] WARN  container.ContainerReportHandler (AbstractContainerReportHandler.java:updateContainerState(145)) - Container #1 is in OPEN state, but the datanode 98e78e11-cb4b-48d0-b763-897efd13c9ec{ip: 192.168.164.213, host: pr-hdds-2359-djbrp-462585948, networkLocation: /default-rack, certSerialId: null} reports an CLOSED replica.
2019-10-24 15:47:21,201 [EventQueue-ContainerReportForContainerReportHandler] WARN  container.ContainerReportHandler (AbstractContainerReportHandler.java:updateContainerState(145)) - Container #1 is in OPEN state, but the datanode feaf5d54-1805-49ec-899f-945609733e38{ip: 192.168.164.213, host: pr-hdds-2359-djbrp-462585948, networkLocation: /default-rack, certSerialId: null} reports an CLOSED replica.
2019-10-24 15:47:21,331 [EventQueue-ContainerReportForContainerReportHandler] WARN  container.ContainerReportHandler (AbstractContainerReportHandler.java:updateContainerState(145)) - Container #1 is in OPEN state, but the datanode 98e78e11-cb4b-48d0-b763-897efd13c9ec{ip: 192.168.164.213, host: pr-hdds-2359-djbrp-462585948, networkLocation: /default-rack, certSerialId: null} reports an CLOSED replica.
2019-10-24 15:47:21,402 [EventQueue-ContainerReportForContainerReportHandler] WARN  container.ContainerReportHandler (AbstractContainerReportHandler.java:updateContainerState(145)) - Container #1 is in OPEN state, but the datanode feaf5d54-1805-49ec-899f-945609733e38{ip: 192.168.164.213, host: pr-hdds-2359-djbrp-462585948, networkLocation: /default-rack, certSerialId: null} reports an CLOSED replica.
2019-10-24 15:47:21,532 [EventQueue-ContainerReportForContainerReportHandler] WARN  container.ContainerReportHandler (AbstractContainerReportHandler.java:updateContainerState(145)) - Container #1 is in OPEN state, but the datanode 98e78e11-cb4b-48d0-b763-897efd13c9ec{ip: 192.168.164.213, host: pr-hdds-2359-djbrp-462585948, networkLocation: /default-rack, certSerialId: null} reports an CLOSED replica.
2019-10-24 15:47:21,683 [Thread-406] INFO  client.GrpcClientProtocolService (GrpcClientProtocolService.java:lambda$processClientRequest$0(278)) - Failed RaftClientRequest:client-60DA70BF947A->feaf5d54-1805-49ec-899f-945609733e38@group-05AC48DA6374, cid=10, seq=0, Watch-ALL_COMMITTED(6), Message:<EMPTY>, reply=RaftClientReply:client-60DA70BF947A->feaf5d54-1805-49ec-899f-945609733e38@group-05AC48DA6374, cid=10, FAILED org.apache.ratis.protocol.NotReplicatedException: Request with call Id 10 and log index 6 is not yet replicated to ALL_COMMITTED, logIndex=6, commits[feaf5d54-1805-49ec-899f-945609733e38:c10, 98e78e11-cb4b-48d0-b763-897efd13c9ec:c10, 84568b57-9d99-42dc-882b-eae65806f704:c4]
2019-10-24 15:47:21,702 [EventQueue-ContainerReportForContainerReportHandler] WARN  container.ContainerReportHandler (AbstractContainerReportHandler.java:updateContainerState(145)) - Container #1 is in OPEN state, but the datanode feaf5d54-1805-49ec-899f-945609733e38{ip: 192.168.164.213, host: pr-hdds-2359-djbrp-462585948, networkLocation: /default-rack, certSerialId: null} reports an CLOSED replica.
2019-10-24 15:47:21,802 [BlockDeletingService#2] WARN  background.BlockDeletingService (BlockDeletingService.java:isDeletionAllowed(187)) - Close Container log Index 6 is not replicated across allthe servers in the pipeline a9fb5832-a8b6-4e39-9ab2-05ac48da6374 as the min replicated index is 4. Deletion is not allowed in this container yet.
2019-10-24 15:47:21,802 [BlockDeletingService#2] WARN  background.BlockDeletingService (BlockDeletingService.java:isDeletionAllowed(187)) - Close Container log Index 6 is not replicated across allthe servers in the pipeline a9fb5832-a8b6-4e39-9ab2-05ac48da6374 as the min replicated index is 4. Deletion is not allowed in this container yet.
2019-10-24 15:47:21,933 [EventQueue-ContainerReportForContainerReportHandler] WARN  container.ContainerReportHandler (AbstractContainerReportHandler.java:updateContainerState(145)) - Container #1 is in OPEN state, but the datanode 98e78e11-cb4b-48d0-b763-897efd13c9ec{ip: 192.168.164.213, host: pr-hdds-2359-djbrp-462585948, networkLocation: /default-rack, certSerialId: null} reports an CLOSED replica.
2019-10-24 15:47:22,101 [EventQueue-ContainerReportForContainerReportHandler] WARN  container.ContainerReportHandler (AbstractContainerReportHandler.java:updateContainerState(145)) - Container #1 is in OPEN state, but the datanode feaf5d54-1805-49ec-899f-945609733e38{ip: 192.168.164.213, host: pr-hdds-2359-djbrp-462585948, networkLocation: /default-rack, certSerialId: null} reports an CLOSED replica.
2019-10-24 15:47:22,333 [EventQueue-ContainerReportForContainerReportHandler] WARN  container.ContainerReportHandler (AbstractContainerReportHandler.java:updateContainerState(145)) - Container #1 is in OPEN state, but the datanode 98e78e11-cb4b-48d0-b763-897efd13c9ec{ip: 192.168.164.213, host: pr-hdds-2359-djbrp-462585948, networkLocation: /default-rack, certSerialId: null} reports an CLOSED replica.
2019-10-24 15:47:22,502 [EventQueue-ContainerReportForContainerReportHandler] WARN  container.ContainerReportHandler (AbstractContainerReportHandler.java:updateContainerState(145)) - Container #1 is in OPEN state, but the datanode feaf5d54-1805-49ec-899f-945609733e38{ip: 192.168.164.213, host: pr-hdds-2359-djbrp-462585948, networkLocation: /default-rack, certSerialId: null} reports an CLOSED replica.
2019-10-24 15:47:22,533 [EventQueue-ContainerReportForContainerReportHandler] WARN  container.ContainerReportHandler (AbstractContainerReportHandler.java:updateContainerState(145)) - Container #1 is in OPEN state, but the datanode 98e78e11-cb4b-48d0-b763-897efd13c9ec{ip: 192.168.164.213, host: pr-hdds-2359-djbrp-462585948, networkLocation: /default-rack, certSerialId: null} reports an CLOSED replica.
2019-10-24 15:47:22,712 [java.util.concurrent.ThreadPoolExecutor$Worker@1cb074f5[State = -1, empty queue]] WARN  server.GrpcLogAppender (GrpcLogAppender.java:timeoutAppendRequest(209)) - feaf5d54-1805-49ec-899f-945609733e38@group-05AC48DA6374->84568b57-9d99-42dc-882b-eae65806f704-GrpcLogAppender: appendEntries Timeout, request=feaf5d54-1805-49ec-899f-945609733e38->84568b57-9d99-42dc-882b-eae65806f704#35-t2, previous=(t:2, i:10), leaderCommit=10, initializing? false, entries: <empty>
2019-10-24 15:47:22,803 [EventQueue-ContainerReportForContainerReportHandler] WARN  container.ContainerReportHandler (AbstractContainerReportHandler.java:updateContainerState(145)) - Container #1 is in OPEN state, but the datanode feaf5d54-1805-49ec-899f-945609733e38{ip: 192.168.164.213, host: pr-hdds-2359-djbrp-462585948, networkLocation: /default-rack, certSerialId: null} reports an CLOSED replica.
2019-10-24 15:47:22,805 [BlockDeletingService#2] WARN  background.BlockDeletingService (BlockDeletingService.java:isDeletionAllowed(187)) - Close Container log Index 6 is not replicated across allthe servers in the pipeline a9fb5832-a8b6-4e39-9ab2-05ac48da6374 as the min replicated index is 4. Deletion is not allowed in this container yet.
2019-10-24 15:47:22,805 [BlockDeletingService#2] WARN  background.BlockDeletingService (BlockDeletingService.java:isDeletionAllowed(187)) - Close Container log Index 6 is not replicated across allthe servers in the pipeline a9fb5832-a8b6-4e39-9ab2-05ac48da6374 as the min replicated index is 4. Deletion is not allowed in this container yet.
2019-10-24 15:47:22,834 [EventQueue-ContainerReportForContainerReportHandler] WARN  container.ContainerReportHandler (AbstractContainerReportHandler.java:updateContainerState(145)) - Container #1 is in OPEN state, but the datanode 98e78e11-cb4b-48d0-b763-897efd13c9ec{ip: 192.168.164.213, host: pr-hdds-2359-djbrp-462585948, networkLocation: /default-rack, certSerialId: null} reports an CLOSED replica.
2019-10-24 15:47:23,034 [EventQueue-ContainerReportForContainerReportHandler] WARN  container.ContainerReportHandler (AbstractContainerReportHandler.java:updateContainerState(145)) - Container #1 is in OPEN state, but the datanode 98e78e11-cb4b-48d0-b763-897efd13c9ec{ip: 192.168.164.213, host: pr-hdds-2359-djbrp-462585948, networkLocation: /default-rack, certSerialId: null} reports an CLOSED replica.
2019-10-24 15:47:23,203 [EventQueue-ContainerReportForContainerReportHandler] WARN  container.ContainerReportHandler (AbstractContainerReportHandler.java:updateContainerState(145)) - Container #1 is in OPEN state, but the datanode feaf5d54-1805-49ec-899f-945609733e38{ip: 192.168.164.213, host: pr-hdds-2359-djbrp-462585948, networkLocation: /default-rack, certSerialId: null} reports an CLOSED replica.
2019-10-24 15:47:23,403 [EventQueue-ContainerReportForContainerReportHandler] WARN  container.ContainerReportHandler (AbstractContainerReportHandler.java:updateContainerState(145)) - Container #1 is in OPEN state, but the datanode feaf5d54-1805-49ec-899f-945609733e38{ip: 192.168.164.213, host: pr-hdds-2359-djbrp-462585948, networkLocation: /default-rack, certSerialId: null} reports an CLOSED replica.
2019-10-24 15:47:23,435 [EventQueue-ContainerReportForContainerReportHandler] WARN  container.ContainerReportHandler (AbstractContainerReportHandler.java:updateContainerState(145)) - Container #1 is in OPEN state, but the datanode 98e78e11-cb4b-48d0-b763-897efd13c9ec{ip: 192.168.164.213, host: pr-hdds-2359-djbrp-462585948, networkLocation: /default-rack, certSerialId: null} reports an CLOSED replica.
2019-10-24 15:47:23,635 [EventQueue-ContainerReportForContainerReportHandler] WARN  container.ContainerReportHandler (AbstractContainerReportHandler.java:updateContainerState(145)) - Container #1 is in OPEN state, but the datanode 98e78e11-cb4b-48d0-b763-897efd13c9ec{ip: 192.168.164.213, host: pr-hdds-2359-djbrp-462585948, networkLocation: /default-rack, certSerialId: null} reports an CLOSED replica.
2019-10-24 15:47:23,703 [EventQueue-ContainerReportForContainerReportHandler] WARN  container.ContainerReportHandler (AbstractContainerReportHandler.java:updateContainerState(145)) - Container #1 is in OPEN state, but the datanode feaf5d54-1805-49ec-899f-945609733e38{ip: 192.168.164.213, host: pr-hdds-2359-djbrp-462585948, networkLocation: /default-rack, certSerialId: null} reports an CLOSED replica.
2019-10-24 15:47:23,807 [BlockDeletingService#2] WARN  background.BlockDeletingService (BlockDeletingService.java:isDeletionAllowed(187)) - Close Container log Index 6 is not replicated across allthe servers in the pipeline a9fb5832-a8b6-4e39-9ab2-05ac48da6374 as the min replicated index is 4. Deletion is not allowed in this container yet.
2019-10-24 15:47:23,807 [BlockDeletingService#2] WARN  background.BlockDeletingService (BlockDeletingService.java:isDeletionAllowed(187)) - Close Container log Index 6 is not replicated across allthe servers in the pipeline a9fb5832-a8b6-4e39-9ab2-05ac48da6374 as the min replicated index is 4. Deletion is not allowed in this container yet.
2019-10-24 15:47:24,035 [EventQueue-ContainerReportForContainerReportHandler] WARN  container.ContainerReportHandler (AbstractContainerReportHandler.java:updateContainerState(145)) - Container #1 is in OPEN state, but the datanode 98e78e11-cb4b-48d0-b763-897efd13c9ec{ip: 192.168.164.213, host: pr-hdds-2359-djbrp-462585948, networkLocation: /default-rack, certSerialId: null} reports an CLOSED replica.
2019-10-24 15:47:24,102 [EventQueue-ContainerReportForContainerReportHandler] WARN  container.ContainerReportHandler (AbstractContainerReportHandler.java:updateContainerState(145)) - Container #1 is in OPEN state, but the datanode feaf5d54-1805-49ec-899f-945609733e38{ip: 192.168.164.213, host: pr-hdds-2359-djbrp-462585948, networkLocation: /default-rack, certSerialId: null} reports an CLOSED replica.
2019-10-24 15:47:24,303 [EventQueue-ContainerReportForContainerReportHandler] WARN  container.ContainerReportHandler (AbstractContainerReportHandler.java:updateContainerState(145)) - Container #1 is in OPEN state, but the datanode feaf5d54-1805-49ec-899f-945609733e38{ip: 192.168.164.213, host: pr-hdds-2359-djbrp-462585948, networkLocation: /default-rack, certSerialId: null} reports an CLOSED replica.
2019-10-24 15:47:24,335 [EventQueue-ContainerReportForContainerReportHandler] WARN  container.ContainerReportHandler (AbstractContainerReportHandler.java:updateContainerState(145)) - Container #1 is in OPEN state, but the datanode 98e78e11-cb4b-48d0-b763-897efd13c9ec{ip: 192.168.164.213, host: pr-hdds-2359-djbrp-462585948, networkLocation: /default-rack, certSerialId: null} reports an CLOSED replica.
2019-10-24 15:47:24,604 [EventQueue-ContainerReportForContainerReportHandler] WARN  container.ContainerReportHandler (AbstractContainerReportHandler.java:updateContainerState(145)) - Container #1 is in OPEN state, but the datanode feaf5d54-1805-49ec-899f-945609733e38{ip: 192.168.164.213, host: pr-hdds-2359-djbrp-462585948, networkLocation: /default-rack, certSerialId: null} reports an CLOSED replica.
2019-10-24 15:47:24,635 [EventQueue-ContainerReportForContainerReportHandler] WARN  container.ContainerReportHandler (AbstractContainerReportHandler.java:updateContainerState(145)) - Container #1 is in OPEN state, but the datanode 98e78e11-cb4b-48d0-b763-897efd13c9ec{ip: 192.168.164.213, host: pr-hdds-2359-djbrp-462585948, networkLocation: /default-rack, certSerialId: null} reports an CLOSED replica.
2019-10-24 15:47:24,809 [BlockDeletingService#2] WARN  background.BlockDeletingService (BlockDeletingService.java:isDeletionAllowed(187)) - Close Container log Index 6 is not replicated across allthe servers in the pipeline a9fb5832-a8b6-4e39-9ab2-05ac48da6374 as the min replicated index is 4. Deletion is not allowed in this container yet.
2019-10-24 15:47:24,810 [BlockDeletingService#2] WARN  background.BlockDeletingService (BlockDeletingService.java:isDeletionAllowed(187)) - Close Container log Index 6 is not replicated across allthe servers in the pipeline a9fb5832-a8b6-4e39-9ab2-05ac48da6374 as the min replicated index is 4. Deletion is not allowed in this container yet.
2019-10-24 15:47:25,005 [EventQueue-ContainerReportForContainerReportHandler] WARN  container.ContainerReportHandler (AbstractContainerReportHandler.java:updateContainerState(145)) - Container #1 is in OPEN state, but the datanode feaf5d54-1805-49ec-899f-945609733e38{ip: 192.168.164.213, host: pr-hdds-2359-djbrp-462585948, networkLocation: /default-rack, certSerialId: null} reports an CLOSED replica.
2019-10-24 15:47:25,035 [EventQueue-ContainerReportForContainerReportHandler] WARN  container.ContainerReportHandler (AbstractContainerReportHandler.java:updateContainerState(145)) - Container #1 is in OPEN state, but the datanode 98e78e11-cb4b-48d0-b763-897efd13c9ec{ip: 192.168.164.213, host: pr-hdds-2359-djbrp-462585948, networkLocation: /default-rack, certSerialId: null} reports an CLOSED replica.
2019-10-24 15:47:25,204 [EventQueue-ContainerReportForContainerReportHandler] WARN  container.ContainerReportHandler (AbstractContainerReportHandler.java:updateContainerState(145)) - Container #1 is in OPEN state, but the datanode feaf5d54-1805-49ec-899f-945609733e38{ip: 192.168.164.213, host: pr-hdds-2359-djbrp-462585948, networkLocation: /default-rack, certSerialId: null} reports an CLOSED replica.
2019-10-24 15:47:25,213 [java.util.concurrent.ThreadPoolExecutor$Worker@1cb074f5[State = -1, empty queue]] WARN  server.GrpcLogAppender (GrpcLogAppender.java:timeoutAppendRequest(209)) - feaf5d54-1805-49ec-899f-945609733e38@group-05AC48DA6374->84568b57-9d99-42dc-882b-eae65806f704-GrpcLogAppender: appendEntries Timeout, request=feaf5d54-1805-49ec-899f-945609733e38->84568b57-9d99-42dc-882b-eae65806f704#36-t2, previous=(t:2, i:10), leaderCommit=10, initializing? false, entries: <empty>
2019-10-24 15:47:25,235 [EventQueue-ContainerReportForContainerReportHandler] WARN  container.ContainerReportHandler (AbstractContainerReportHandler.java:updateContainerState(145)) - Container #1 is in OPEN state, but the datanode 98e78e11-cb4b-48d0-b763-897efd13c9ec{ip: 192.168.164.213, host: pr-hdds-2359-djbrp-462585948, networkLocation: /default-rack, certSerialId: null} reports an CLOSED replica.
2019-10-24 15:47:25,435 [EventQueue-ContainerReportForContainerReportHandler] WARN  container.ContainerReportHandler (AbstractContainerReportHandler.java:updateContainerState(145)) - Container #1 is in OPEN state, but the datanode 98e78e11-cb4b-48d0-b763-897efd13c9ec{ip: 192.168.164.213, host: pr-hdds-2359-djbrp-462585948, networkLocation: /default-rack, certSerialId: null} reports an CLOSED replica.
2019-10-24 15:47:25,505 [EventQueue-ContainerReportForContainerReportHandler] WARN  container.ContainerReportHandler (AbstractContainerReportHandler.java:updateContainerState(145)) - Container #1 is in OPEN state, but the datanode feaf5d54-1805-49ec-899f-945609733e38{ip: 192.168.164.213, host: pr-hdds-2359-djbrp-462585948, networkLocation: /default-rack, certSerialId: null} reports an CLOSED replica.
2019-10-24 15:47:25,735 [EventQueue-ContainerReportForContainerReportHandler] WARN  container.ContainerReportHandler (AbstractContainerReportHandler.java:updateContainerState(145)) - Container #1 is in OPEN state, but the datanode 98e78e11-cb4b-48d0-b763-897efd13c9ec{ip: 192.168.164.213, host: pr-hdds-2359-djbrp-462585948, networkLocation: /default-rack, certSerialId: null} reports an CLOSED replica.
2019-10-24 15:47:25,805 [EventQueue-ContainerReportForContainerReportHandler] WARN  container.ContainerReportHandler (AbstractContainerReportHandler.java:updateContainerState(145)) - Container #1 is in OPEN state, but the datanode feaf5d54-1805-49ec-899f-945609733e38{ip: 192.168.164.213, host: pr-hdds-2359-djbrp-462585948, networkLocation: /default-rack, certSerialId: null} reports an CLOSED replica.
2019-10-24 15:47:25,812 [BlockDeletingService#2] WARN  background.BlockDeletingService (BlockDeletingService.java:isDeletionAllowed(187)) - Close Container log Index 6 is not replicated across allthe servers in the pipeline a9fb5832-a8b6-4e39-9ab2-05ac48da6374 as the min replicated index is 4. Deletion is not allowed in this container yet.
2019-10-24 15:47:25,812 [BlockDeletingService#2] WARN  background.BlockDeletingService (BlockDeletingService.java:isDeletionAllowed(187)) - Close Container log Index 6 is not replicated across allthe servers in the pipeline a9fb5832-a8b6-4e39-9ab2-05ac48da6374 as the min replicated index is 4. Deletion is not allowed in this container yet.
2019-10-24 15:47:25,935 [EventQueue-ContainerReportForContainerReportHandler] WARN  container.ContainerReportHandler (AbstractContainerReportHandler.java:updateContainerState(145)) - Container #1 is in OPEN state, but the datanode 98e78e11-cb4b-48d0-b763-897efd13c9ec{ip: 192.168.164.213, host: pr-hdds-2359-djbrp-462585948, networkLocation: /default-rack, certSerialId: null} reports an CLOSED replica.
2019-10-24 15:47:26,005 [EventQueue-ContainerReportForContainerReportHandler] WARN  container.ContainerReportHandler (AbstractContainerReportHandler.java:updateContainerState(145)) - Container #1 is in OPEN state, but the datanode feaf5d54-1805-49ec-899f-945609733e38{ip: 192.168.164.213, host: pr-hdds-2359-djbrp-462585948, networkLocation: /default-rack, certSerialId: null} reports an CLOSED replica.
2019-10-24 15:47:26,205 [EventQueue-ContainerReportForContainerReportHandler] WARN  container.ContainerReportHandler (AbstractContainerReportHandler.java:updateContainerState(145)) - Container #1 is in OPEN state, but the datanode feaf5d54-1805-49ec-899f-945609733e38{ip: 192.168.164.213, host: pr-hdds-2359-djbrp-462585948, networkLocation: /default-rack, certSerialId: null} reports an CLOSED replica.
2019-10-24 15:47:26,236 [EventQueue-ContainerReportForContainerReportHandler] WARN  container.ContainerReportHandler (AbstractContainerReportHandler.java:updateContainerState(145)) - Container #1 is in OPEN state, but the datanode 98e78e11-cb4b-48d0-b763-897efd13c9ec{ip: 192.168.164.213, host: pr-hdds-2359-djbrp-462585948, networkLocation: /default-rack, certSerialId: null} reports an CLOSED replica.
2019-10-24 15:47:26,505 [EventQueue-ContainerReportForContainerReportHandler] WARN  container.ContainerReportHandler (AbstractContainerReportHandler.java:updateContainerState(145)) - Container #1 is in OPEN state, but the datanode feaf5d54-1805-49ec-899f-945609733e38{ip: 192.168.164.213, host: pr-hdds-2359-djbrp-462585948, networkLocation: /default-rack, certSerialId: null} reports an CLOSED replica.
2019-10-24 15:47:26,637 [EventQueue-ContainerReportForContainerReportHandler] WARN  container.ContainerReportHandler (AbstractContainerReportHandler.java:updateContainerState(145)) - Container #1 is in OPEN state, but the datanode 98e78e11-cb4b-48d0-b763-897efd13c9ec{ip: 192.168.164.213, host: pr-hdds-2359-djbrp-462585948, networkLocation: /default-rack, certSerialId: null} reports an CLOSED replica.
2019-10-24 15:47:26,706 [EventQueue-ContainerReportForContainerReportHandler] WARN  container.ContainerReportHandler (AbstractContainerReportHandler.java:updateContainerState(145)) - Container #1 is in OPEN state, but the datanode feaf5d54-1805-49ec-899f-945609733e38{ip: 192.168.164.213, host: pr-hdds-2359-djbrp-462585948, networkLocation: /default-rack, certSerialId: null} reports an CLOSED replica.
2019-10-24 15:47:26,814 [BlockDeletingService#2] WARN  background.BlockDeletingService (BlockDeletingService.java:isDeletionAllowed(187)) - Close Container log Index 6 is not replicated across allthe servers in the pipeline a9fb5832-a8b6-4e39-9ab2-05ac48da6374 as the min replicated index is 4. Deletion is not allowed in this container yet.
2019-10-24 15:47:26,814 [BlockDeletingService#2] WARN  background.BlockDeletingService (BlockDeletingService.java:isDeletionAllowed(187)) - Close Container log Index 6 is not replicated across allthe servers in the pipeline a9fb5832-a8b6-4e39-9ab2-05ac48da6374 as the min replicated index is 4. Deletion is not allowed in this container yet.
2019-10-24 15:47:26,937 [EventQueue-ContainerReportForContainerReportHandler] WARN  container.ContainerReportHandler (AbstractContainerReportHandler.java:updateContainerState(145)) - Container #1 is in OPEN state, but the datanode 98e78e11-cb4b-48d0-b763-897efd13c9ec{ip: 192.168.164.213, host: pr-hdds-2359-djbrp-462585948, networkLocation: /default-rack, certSerialId: null} reports an CLOSED replica.
2019-10-24 15:47:27,005 [EventQueue-ContainerReportForContainerReportHandler] WARN  container.ContainerReportHandler (AbstractContainerReportHandler.java:updateContainerState(145)) - Container #1 is in OPEN state, but the datanode feaf5d54-1805-49ec-899f-945609733e38{ip: 192.168.164.213, host: pr-hdds-2359-djbrp-462585948, networkLocation: /default-rack, certSerialId: null} reports an CLOSED replica.
2019-10-24 15:47:27,337 [EventQueue-ContainerReportForContainerReportHandler] WARN  container.ContainerReportHandler (AbstractContainerReportHandler.java:updateContainerState(145)) - Container #1 is in OPEN state, but the datanode 98e78e11-cb4b-48d0-b763-897efd13c9ec{ip: 192.168.164.213, host: pr-hdds-2359-djbrp-462585948, networkLocation: /default-rack, certSerialId: null} reports an CLOSED replica.
2019-10-24 15:47:27,406 [EventQueue-ContainerReportForContainerReportHandler] WARN  container.ContainerReportHandler (AbstractContainerReportHandler.java:updateContainerState(145)) - Container #1 is in OPEN state, but the datanode feaf5d54-1805-49ec-899f-945609733e38{ip: 192.168.164.213, host: pr-hdds-2359-djbrp-462585948, networkLocation: /default-rack, certSerialId: null} reports an CLOSED replica.
2019-10-24 15:47:27,638 [EventQueue-ContainerReportForContainerReportHandler] WARN  container.ContainerReportHandler (AbstractContainerReportHandler.java:updateContainerState(145)) - Container #1 is in OPEN state, but the datanode 98e78e11-cb4b-48d0-b763-897efd13c9ec{ip: 192.168.164.213, host: pr-hdds-2359-djbrp-462585948, networkLocation: /default-rack, certSerialId: null} reports an CLOSED replica.
2019-10-24 15:47:27,708 [EventQueue-ContainerReportForContainerReportHandler] WARN  container.ContainerReportHandler (AbstractContainerReportHandler.java:updateContainerState(145)) - Container #1 is in OPEN state, but the datanode feaf5d54-1805-49ec-899f-945609733e38{ip: 192.168.164.213, host: pr-hdds-2359-djbrp-462585948, networkLocation: /default-rack, certSerialId: null} reports an CLOSED replica.
2019-10-24 15:47:27,715 [java.util.concurrent.ThreadPoolExecutor$Worker@1cb074f5[State = -1, empty queue]] WARN  server.GrpcLogAppender (GrpcLogAppender.java:timeoutAppendRequest(209)) - feaf5d54-1805-49ec-899f-945609733e38@group-05AC48DA6374->84568b57-9d99-42dc-882b-eae65806f704-GrpcLogAppender: appendEntries Timeout, request=feaf5d54-1805-49ec-899f-945609733e38->84568b57-9d99-42dc-882b-eae65806f704#37-t2, previous=(t:2, i:10), leaderCommit=10, initializing? false, entries: <empty>
2019-10-24 15:47:27,818 [BlockDeletingService#2] WARN  background.BlockDeletingService (BlockDeletingService.java:isDeletionAllowed(187)) - Close Container log Index 6 is not replicated across allthe servers in the pipeline a9fb5832-a8b6-4e39-9ab2-05ac48da6374 as the min replicated index is 4. Deletion is not allowed in this container yet.
2019-10-24 15:47:27,818 [BlockDeletingService#2] WARN  background.BlockDeletingService (BlockDeletingService.java:isDeletionAllowed(187)) - Close Container log Index 6 is not replicated across allthe servers in the pipeline a9fb5832-a8b6-4e39-9ab2-05ac48da6374 as the min replicated index is 4. Deletion is not allowed in this container yet.
2019-10-24 15:47:27,939 [EventQueue-ContainerReportForContainerReportHandler] WARN  container.ContainerReportHandler (AbstractContainerReportHandler.java:updateContainerState(145)) - Container #1 is in OPEN state, but the datanode 98e78e11-cb4b-48d0-b763-897efd13c9ec{ip: 192.168.164.213, host: pr-hdds-2359-djbrp-462585948, networkLocation: /default-rack, certSerialId: null} reports an CLOSED replica.
2019-10-24 15:47:28,009 [EventQueue-ContainerReportForContainerReportHandler] WARN  container.ContainerReportHandler (AbstractContainerReportHandler.java:updateContainerState(145)) - Container #1 is in OPEN state, but the datanode feaf5d54-1805-49ec-899f-945609733e38{ip: 192.168.164.213, host: pr-hdds-2359-djbrp-462585948, networkLocation: /default-rack, certSerialId: null} reports an CLOSED replica.
2019-10-24 15:47:28,138 [EventQueue-ContainerReportForContainerReportHandler] WARN  container.ContainerReportHandler (AbstractContainerReportHandler.java:updateContainerState(145)) - Container #1 is in OPEN state, but the datanode 98e78e11-cb4b-48d0-b763-897efd13c9ec{ip: 192.168.164.213, host: pr-hdds-2359-djbrp-462585948, networkLocation: /default-rack, certSerialId: null} reports an CLOSED replica.
2019-10-24 15:47:28,209 [EventQueue-ContainerReportForContainerReportHandler] WARN  container.ContainerReportHandler (AbstractContainerReportHandler.java:updateContainerState(145)) - Container #1 is in OPEN state, but the datanode feaf5d54-1805-49ec-899f-945609733e38{ip: 192.168.164.213, host: pr-hdds-2359-djbrp-462585948, networkLocation: /default-rack, certSerialId: null} reports an CLOSED replica.
2019-10-24 15:47:28,539 [EventQueue-ContainerReportForContainerReportHandler] WARN  container.ContainerReportHandler (AbstractContainerReportHandler.java:updateContainerState(145)) - Container #1 is in OPEN state, but the datanode 98e78e11-cb4b-48d0-b763-897efd13c9ec{ip: 192.168.164.213, host: pr-hdds-2359-djbrp-462585948, networkLocation: /default-rack, certSerialId: null} reports an CLOSED replica.
2019-10-24 15:47:28,608 [EventQueue-ContainerReportForContainerReportHandler] WARN  container.ContainerReportHandler (AbstractContainerReportHandler.java:updateContainerState(145)) - Container #1 is in OPEN state, but the datanode feaf5d54-1805-49ec-899f-945609733e38{ip: 192.168.164.213, host: pr-hdds-2359-djbrp-462585948, networkLocation: /default-rack, certSerialId: null} reports an CLOSED replica.
2019-10-24 15:47:28,820 [BlockDeletingService#2] WARN  background.BlockDeletingService (BlockDeletingService.java:isDeletionAllowed(187)) - Close Container log Index 6 is not replicated across allthe servers in the pipeline a9fb5832-a8b6-4e39-9ab2-05ac48da6374 as the min replicated index is 4. Deletion is not allowed in this container yet.
2019-10-24 15:47:28,820 [BlockDeletingService#2] WARN  background.BlockDeletingService (BlockDeletingService.java:isDeletionAllowed(187)) - Close Container log Index 6 is not replicated across allthe servers in the pipeline a9fb5832-a8b6-4e39-9ab2-05ac48da6374 as the min replicated index is 4. Deletion is not allowed in this container yet.
2019-10-24 15:47:28,909 [EventQueue-ContainerReportForContainerReportHandler] WARN  container.ContainerReportHandler (AbstractContainerReportHandler.java:updateContainerState(145)) - Container #1 is in OPEN state, but the datanode feaf5d54-1805-49ec-899f-945609733e38{ip: 192.168.164.213, host: pr-hdds-2359-djbrp-462585948, networkLocation: /default-rack, certSerialId: null} reports an CLOSED replica.
2019-10-24 15:47:28,939 [EventQueue-ContainerReportForContainerReportHandler] WARN  container.ContainerReportHandler (AbstractContainerReportHandler.java:updateContainerState(145)) - Container #1 is in OPEN state, but the datanode 98e78e11-cb4b-48d0-b763-897efd13c9ec{ip: 192.168.164.213, host: pr-hdds-2359-djbrp-462585948, networkLocation: /default-rack, certSerialId: null} reports an CLOSED replica.
2019-10-24 15:47:29,240 [EventQueue-ContainerReportForContainerReportHandler] WARN  container.ContainerReportHandler (AbstractContainerReportHandler.java:updateContainerState(145)) - Container #1 is in OPEN state, but the datanode 98e78e11-cb4b-48d0-b763-897efd13c9ec{ip: 192.168.164.213, host: pr-hdds-2359-djbrp-462585948, networkLocation: /default-rack, certSerialId: null} reports an CLOSED replica.
2019-10-24 15:47:29,311 [EventQueue-ContainerReportForContainerReportHandler] WARN  container.ContainerReportHandler (AbstractContainerReportHandler.java:updateContainerState(145)) - Container #1 is in OPEN state, but the datanode feaf5d54-1805-49ec-899f-945609733e38{ip: 192.168.164.213, host: pr-hdds-2359-djbrp-462585948, networkLocation: /default-rack, certSerialId: null} reports an CLOSED replica.
2019-10-24 15:47:29,440 [EventQueue-ContainerReportForContainerReportHandler] WARN  container.ContainerReportHandler (AbstractContainerReportHandler.java:updateContainerState(145)) - Container #1 is in OPEN state, but the datanode 98e78e11-cb4b-48d0-b763-897efd13c9ec{ip: 192.168.164.213, host: pr-hdds-2359-djbrp-462585948, networkLocation: /default-rack, certSerialId: null} reports an CLOSED replica.
2019-10-24 15:47:29,611 [EventQueue-ContainerReportForContainerReportHandler] WARN  container.ContainerReportHandler (AbstractContainerReportHandler.java:updateContainerState(145)) - Container #1 is in OPEN state, but the datanode feaf5d54-1805-49ec-899f-945609733e38{ip: 192.168.164.213, host: pr-hdds-2359-djbrp-462585948, networkLocation: /default-rack, certSerialId: null} reports an CLOSED replica.
2019-10-24 15:47:29,640 [EventQueue-ContainerReportForContainerReportHandler] WARN  container.ContainerReportHandler (AbstractContainerReportHandler.java:updateContainerState(145)) - Container #1 is in OPEN state, but the datanode 98e78e11-cb4b-48d0-b763-897efd13c9ec{ip: 192.168.164.213, host: pr-hdds-2359-djbrp-462585948, networkLocation: /default-rack, certSerialId: null} reports an CLOSED replica.
2019-10-24 15:47:29,822 [BlockDeletingService#2] WARN  background.BlockDeletingService (BlockDeletingService.java:isDeletionAllowed(187)) - Close Container log Index 6 is not replicated across allthe servers in the pipeline a9fb5832-a8b6-4e39-9ab2-05ac48da6374 as the min replicated index is 4. Deletion is not allowed in this container yet.
2019-10-24 15:47:29,822 [BlockDeletingService#2] WARN  background.BlockDeletingService (BlockDeletingService.java:isDeletionAllowed(187)) - Close Container log Index 6 is not replicated across allthe servers in the pipeline a9fb5832-a8b6-4e39-9ab2-05ac48da6374 as the min replicated index is 4. Deletion is not allowed in this container yet.
2019-10-24 15:47:29,913 [EventQueue-ContainerReportForContainerReportHandler] WARN  container.ContainerReportHandler (AbstractContainerReportHandler.java:updateContainerState(145)) - Container #1 is in OPEN state, but the datanode feaf5d54-1805-49ec-899f-945609733e38{ip: 192.168.164.213, host: pr-hdds-2359-djbrp-462585948, networkLocation: /default-rack, certSerialId: null} reports an CLOSED replica.
2019-10-24 15:47:30,043 [EventQueue-ContainerReportForContainerReportHandler] WARN  container.ContainerReportHandler (AbstractContainerReportHandler.java:updateContainerState(145)) - Container #1 is in OPEN state, but the datanode 98e78e11-cb4b-48d0-b763-897efd13c9ec{ip: 192.168.164.213, host: pr-hdds-2359-djbrp-462585948, networkLocation: /default-rack, certSerialId: null} reports an CLOSED replica.
2019-10-24 15:47:30,213 [EventQueue-ContainerReportForContainerReportHandler] WARN  container.ContainerReportHandler (AbstractContainerReportHandler.java:updateContainerState(145)) - Container #1 is in OPEN state, but the datanode feaf5d54-1805-49ec-899f-945609733e38{ip: 192.168.164.213, host: pr-hdds-2359-djbrp-462585948, networkLocation: /default-rack, certSerialId: null} reports an CLOSED replica.
2019-10-24 15:47:30,217 [java.util.concurrent.ThreadPoolExecutor$Worker@1cb074f5[State = -1, empty queue]] WARN  server.GrpcLogAppender (GrpcLogAppender.java:timeoutAppendRequest(209)) - feaf5d54-1805-49ec-899f-945609733e38@group-05AC48DA6374->84568b57-9d99-42dc-882b-eae65806f704-GrpcLogAppender: appendEntries Timeout, request=feaf5d54-1805-49ec-899f-945609733e38->84568b57-9d99-42dc-882b-eae65806f704#38-t2, previous=(t:2, i:10), leaderCommit=10, initializing? false, entries: <empty>
2019-10-24 15:47:30,443 [EventQueue-ContainerReportForContainerReportHandler] WARN  container.ContainerReportHandler (AbstractContainerReportHandler.java:updateContainerState(145)) - Container #1 is in OPEN state, but the datanode 98e78e11-cb4b-48d0-b763-897efd13c9ec{ip: 192.168.164.213, host: pr-hdds-2359-djbrp-462585948, networkLocation: /default-rack, certSerialId: null} reports an CLOSED replica.
2019-10-24 15:47:30,614 [EventQueue-ContainerReportForContainerReportHandler] WARN  container.ContainerReportHandler (AbstractContainerReportHandler.java:updateContainerState(145)) - Container #1 is in OPEN state, but the datanode feaf5d54-1805-49ec-899f-945609733e38{ip: 192.168.164.213, host: pr-hdds-2359-djbrp-462585948, networkLocation: /default-rack, certSerialId: null} reports an CLOSED replica.
2019-10-24 15:47:30,824 [BlockDeletingService#2] WARN  background.BlockDeletingService (BlockDeletingService.java:isDeletionAllowed(187)) - Close Container log Index 6 is not replicated across allthe servers in the pipeline a9fb5832-a8b6-4e39-9ab2-05ac48da6374 as the min replicated index is 4. Deletion is not allowed in this container yet.
2019-10-24 15:47:30,824 [BlockDeletingService#2] WARN  background.BlockDeletingService (BlockDeletingService.java:isDeletionAllowed(187)) - Close Container log Index 6 is not replicated across allthe servers in the pipeline a9fb5832-a8b6-4e39-9ab2-05ac48da6374 as the min replicated index is 4. Deletion is not allowed in this container yet.
2019-10-24 15:47:30,843 [EventQueue-ContainerReportForContainerReportHandler] WARN  container.ContainerReportHandler (AbstractContainerReportHandler.java:updateContainerState(145)) - Container #1 is in OPEN state, but the datanode 98e78e11-cb4b-48d0-b763-897efd13c9ec{ip: 192.168.164.213, host: pr-hdds-2359-djbrp-462585948, networkLocation: /default-rack, certSerialId: null} reports an CLOSED replica.
2019-10-24 15:47:30,900 [Thread-435] INFO  client.GrpcClientProtocolService (GrpcClientProtocolService.java:lambda$processClientRequest$0(278)) - Failed RaftClientRequest:client-60DA70BF947A->98e78e11-cb4b-48d0-b763-897efd13c9ec@group-05AC48DA6374, cid=10, seq=0, Watch-ALL_COMMITTED(6), Message:<EMPTY>, reply=RaftClientReply:client-60DA70BF947A->98e78e11-cb4b-48d0-b763-897efd13c9ec@group-05AC48DA6374, cid=10, FAILED org.apache.ratis.protocol.NotLeaderException: Server 98e78e11-cb4b-48d0-b763-897efd13c9ec@group-05AC48DA6374 is not the leader feaf5d54-1805-49ec-899f-945609733e38:192.168.164.213:39911, logIndex=0, commits[98e78e11-cb4b-48d0-b763-897efd13c9ec:c10, 84568b57-9d99-42dc-882b-eae65806f704:c4, feaf5d54-1805-49ec-899f-945609733e38:c10]
2019-10-24 15:47:31,015 [EventQueue-ContainerReportForContainerReportHandler] WARN  container.ContainerReportHandler (AbstractContainerReportHandler.java:updateContainerState(145)) - Container #1 is in OPEN state, but the datanode feaf5d54-1805-49ec-899f-945609733e38{ip: 192.168.164.213, host: pr-hdds-2359-djbrp-462585948, networkLocation: /default-rack, certSerialId: null} reports an CLOSED replica.
2019-10-24 15:47:31,144 [EventQueue-ContainerReportForContainerReportHandler] WARN  container.ContainerReportHandler (AbstractContainerReportHandler.java:updateContainerState(145)) - Container #1 is in OPEN state, but the datanode 98e78e11-cb4b-48d0-b763-897efd13c9ec{ip: 192.168.164.213, host: pr-hdds-2359-djbrp-462585948, networkLocation: /default-rack, certSerialId: null} reports an CLOSED replica.
2019-10-24 15:47:31,215 [EventQueue-ContainerReportForContainerReportHandler] WARN  container.ContainerReportHandler (AbstractContainerReportHandler.java:updateContainerState(145)) - Container #1 is in OPEN state, but the datanode feaf5d54-1805-49ec-899f-945609733e38{ip: 192.168.164.213, host: pr-hdds-2359-djbrp-462585948, networkLocation: /default-rack, certSerialId: null} reports an CLOSED replica.
2019-10-24 15:47:31,516 [EventQueue-ContainerReportForContainerReportHandler] WARN  container.ContainerReportHandler (AbstractContainerReportHandler.java:updateContainerState(145)) - Container #1 is in OPEN state, but the datanode feaf5d54-1805-49ec-899f-945609733e38{ip: 192.168.164.213, host: pr-hdds-2359-djbrp-462585948, networkLocation: /default-rack, certSerialId: null} reports an CLOSED replica.
2019-10-24 15:47:31,545 [EventQueue-ContainerReportForContainerReportHandler] WARN  container.ContainerReportHandler (AbstractContainerReportHandler.java:updateContainerState(145)) - Container #1 is in OPEN state, but the datanode 98e78e11-cb4b-48d0-b763-897efd13c9ec{ip: 192.168.164.213, host: pr-hdds-2359-djbrp-462585948, networkLocation: /default-rack, certSerialId: null} reports an CLOSED replica.
2019-10-24 15:47:31,683 [Thread-438] INFO  client.GrpcClientProtocolService (GrpcClientProtocolService.java:lambda$processClientRequest$0(278)) - Failed RaftClientRequest:client-60DA70BF947A->feaf5d54-1805-49ec-899f-945609733e38@group-05AC48DA6374, cid=10, seq=0, Watch-ALL_COMMITTED(6), Message:<EMPTY>, reply=RaftClientReply:client-60DA70BF947A->feaf5d54-1805-49ec-899f-945609733e38@group-05AC48DA6374, cid=10, FAILED org.apache.ratis.protocol.NotReplicatedException: Request with call Id 10 and log index 6 is not yet replicated to ALL_COMMITTED, logIndex=6, commits[feaf5d54-1805-49ec-899f-945609733e38:c10, 98e78e11-cb4b-48d0-b763-897efd13c9ec:c10, 84568b57-9d99-42dc-882b-eae65806f704:c4]
2019-10-24 15:47:31,826 [BlockDeletingService#2] WARN  background.BlockDeletingService (BlockDeletingService.java:isDeletionAllowed(187)) - Close Container log Index 6 is not replicated across allthe servers in the pipeline a9fb5832-a8b6-4e39-9ab2-05ac48da6374 as the min replicated index is 4. Deletion is not allowed in this container yet.
2019-10-24 15:47:31,826 [BlockDeletingService#2] WARN  background.BlockDeletingService (BlockDeletingService.java:isDeletionAllowed(187)) - Close Container log Index 6 is not replicated across allthe servers in the pipeline a9fb5832-a8b6-4e39-9ab2-05ac48da6374 as the min replicated index is 4. Deletion is not allowed in this container yet.
2019-10-24 15:47:31,846 [EventQueue-ContainerReportForContainerReportHandler] WARN  container.ContainerReportHandler (AbstractContainerReportHandler.java:updateContainerState(145)) - Container #1 is in OPEN state, but the datanode 98e78e11-cb4b-48d0-b763-897efd13c9ec{ip: 192.168.164.213, host: pr-hdds-2359-djbrp-462585948, networkLocation: /default-rack, certSerialId: null} reports an CLOSED replica.
2019-10-24 15:47:31,917 [EventQueue-ContainerReportForContainerReportHandler] WARN  container.ContainerReportHandler (AbstractContainerReportHandler.java:updateContainerState(145)) - Container #1 is in OPEN state, but the datanode feaf5d54-1805-49ec-899f-945609733e38{ip: 192.168.164.213, host: pr-hdds-2359-djbrp-462585948, networkLocation: /default-rack, certSerialId: null} reports an CLOSED replica.
2019-10-24 15:47:32,118 [EventQueue-ContainerReportForContainerReportHandler] WARN  container.ContainerReportHandler (AbstractContainerReportHandler.java:updateContainerState(145)) - Container #1 is in OPEN state, but the datanode feaf5d54-1805-49ec-899f-945609733e38{ip: 192.168.164.213, host: pr-hdds-2359-djbrp-462585948, networkLocation: /default-rack, certSerialId: null} reports an CLOSED replica.
2019-10-24 15:47:32,146 [EventQueue-ContainerReportForContainerReportHandler] WARN  container.ContainerReportHandler (AbstractContainerReportHandler.java:updateContainerState(145)) - Container #1 is in OPEN state, but the datanode 98e78e11-cb4b-48d0-b763-897efd13c9ec{ip: 192.168.164.213, host: pr-hdds-2359-djbrp-462585948, networkLocation: /default-rack, certSerialId: null} reports an CLOSED replica.
2019-10-24 15:47:32,346 [EventQueue-ContainerReportForContainerReportHandler] WARN  container.ContainerReportHandler (AbstractContainerReportHandler.java:updateContainerState(145)) - Container #1 is in OPEN state, but the datanode 98e78e11-cb4b-48d0-b763-897efd13c9ec{ip: 192.168.164.213, host: pr-hdds-2359-djbrp-462585948, networkLocation: /default-rack, certSerialId: null} reports an CLOSED replica.
2019-10-24 15:47:32,418 [EventQueue-ContainerReportForContainerReportHandler] WARN  container.ContainerReportHandler (AbstractContainerReportHandler.java:updateContainerState(145)) - Container #1 is in OPEN state, but the datanode feaf5d54-1805-49ec-899f-945609733e38{ip: 192.168.164.213, host: pr-hdds-2359-djbrp-462585948, networkLocation: /default-rack, certSerialId: null} reports an CLOSED replica.
2019-10-24 15:47:32,547 [EventQueue-ContainerReportForContainerReportHandler] WARN  container.ContainerReportHandler (AbstractContainerReportHandler.java:updateContainerState(145)) - Container #1 is in OPEN state, but the datanode 98e78e11-cb4b-48d0-b763-897efd13c9ec{ip: 192.168.164.213, host: pr-hdds-2359-djbrp-462585948, networkLocation: /default-rack, certSerialId: null} reports an CLOSED replica.
2019-10-24 15:47:32,718 [java.util.concurrent.ThreadPoolExecutor$Worker@1cb074f5[State = -1, empty queue]] WARN  server.GrpcLogAppender (GrpcLogAppender.java:timeoutAppendRequest(209)) - feaf5d54-1805-49ec-899f-945609733e38@group-05AC48DA6374->84568b57-9d99-42dc-882b-eae65806f704-GrpcLogAppender: appendEntries Timeout, request=feaf5d54-1805-49ec-899f-945609733e38->84568b57-9d99-42dc-882b-eae65806f704#39-t2, previous=(t:2, i:10), leaderCommit=10, initializing? false, entries: <empty>
2019-10-24 15:47:32,820 [EventQueue-ContainerReportForContainerReportHandler] WARN  container.ContainerReportHandler (AbstractContainerReportHandler.java:updateContainerState(145)) - Container #1 is in OPEN state, but the datanode feaf5d54-1805-49ec-899f-945609733e38{ip: 192.168.164.213, host: pr-hdds-2359-djbrp-462585948, networkLocation: /default-rack, certSerialId: null} reports an CLOSED replica.
2019-10-24 15:47:32,832 [BlockDeletingService#2] WARN  background.BlockDeletingService (BlockDeletingService.java:isDeletionAllowed(187)) - Close Container log Index 6 is not replicated across allthe servers in the pipeline a9fb5832-a8b6-4e39-9ab2-05ac48da6374 as the min replicated index is 4. Deletion is not allowed in this container yet.
2019-10-24 15:47:32,832 [BlockDeletingService#2] WARN  background.BlockDeletingService (BlockDeletingService.java:isDeletionAllowed(187)) - Close Container log Index 6 is not replicated across allthe servers in the pipeline a9fb5832-a8b6-4e39-9ab2-05ac48da6374 as the min replicated index is 4. Deletion is not allowed in this container yet.
2019-10-24 15:47:32,847 [EventQueue-ContainerReportForContainerReportHandler] WARN  container.ContainerReportHandler (AbstractContainerReportHandler.java:updateContainerState(145)) - Container #1 is in OPEN state, but the datanode 98e78e11-cb4b-48d0-b763-897efd13c9ec{ip: 192.168.164.213, host: pr-hdds-2359-djbrp-462585948, networkLocation: /default-rack, certSerialId: null} reports an CLOSED replica.
2019-10-24 15:47:33,048 [EventQueue-ContainerReportForContainerReportHandler] WARN  container.ContainerReportHandler (AbstractContainerReportHandler.java:updateContainerState(145)) - Container #1 is in OPEN state, but the datanode 98e78e11-cb4b-48d0-b763-897efd13c9ec{ip: 192.168.164.213, host: pr-hdds-2359-djbrp-462585948, networkLocation: /default-rack, certSerialId: null} reports an CLOSED replica.
2019-10-24 15:47:33,119 [EventQueue-ContainerReportForContainerReportHandler] WARN  container.ContainerReportHandler (AbstractContainerReportHandler.java:updateContainerState(145)) - Container #1 is in OPEN state, but the datanode feaf5d54-1805-49ec-899f-945609733e38{ip: 192.168.164.213, host: pr-hdds-2359-djbrp-462585948, networkLocation: /default-rack, certSerialId: null} reports an CLOSED replica.
2019-10-24 15:47:33,319 [EventQueue-ContainerReportForContainerReportHandler] WARN  container.ContainerReportHandler (AbstractContainerReportHandler.java:updateContainerState(145)) - Container #1 is in OPEN state, but the datanode feaf5d54-1805-49ec-899f-945609733e38{ip: 192.168.164.213, host: pr-hdds-2359-djbrp-462585948, networkLocation: /default-rack, certSerialId: null} reports an CLOSED replica.
2019-10-24 15:47:33,447 [EventQueue-ContainerReportForContainerReportHandler] WARN  container.ContainerReportHandler (AbstractContainerReportHandler.java:updateContainerState(145)) - Container #1 is in OPEN state, but the datanode 98e78e11-cb4b-48d0-b763-897efd13c9ec{ip: 192.168.164.213, host: pr-hdds-2359-djbrp-462585948, networkLocation: /default-rack, certSerialId: null} reports an CLOSED replica.
2019-10-24 15:47:33,619 [EventQueue-ContainerReportForContainerReportHandler] WARN  container.ContainerReportHandler (AbstractContainerReportHandler.java:updateContainerState(145)) - Container #1 is in OPEN state, but the datanode feaf5d54-1805-49ec-899f-945609733e38{ip: 192.168.164.213, host: pr-hdds-2359-djbrp-462585948, networkLocation: /default-rack, certSerialId: null} reports an CLOSED replica.
2019-10-24 15:47:33,749 [EventQueue-ContainerReportForContainerReportHandler] WARN  container.ContainerReportHandler (AbstractContainerReportHandler.java:updateContainerState(145)) - Container #1 is in OPEN state, but the datanode 98e78e11-cb4b-48d0-b763-897efd13c9ec{ip: 192.168.164.213, host: pr-hdds-2359-djbrp-462585948, networkLocation: /default-rack, certSerialId: null} reports an CLOSED replica.
2019-10-24 15:47:33,833 [BlockDeletingService#2] WARN  background.BlockDeletingService (BlockDeletingService.java:isDeletionAllowed(187)) - Close Container log Index 6 is not replicated across allthe servers in the pipeline a9fb5832-a8b6-4e39-9ab2-05ac48da6374 as the min replicated index is 4. Deletion is not allowed in this container yet.
2019-10-24 15:47:33,833 [BlockDeletingService#2] WARN  background.BlockDeletingService (BlockDeletingService.java:isDeletionAllowed(187)) - Close Container log Index 6 is not replicated across allthe servers in the pipeline a9fb5832-a8b6-4e39-9ab2-05ac48da6374 as the min replicated index is 4. Deletion is not allowed in this container yet.
2019-10-24 15:47:34,020 [EventQueue-ContainerReportForContainerReportHandler] WARN  container.ContainerReportHandler (AbstractContainerReportHandler.java:updateContainerState(145)) - Container #1 is in OPEN state, but the datanode feaf5d54-1805-49ec-899f-945609733e38{ip: 192.168.164.213, host: pr-hdds-2359-djbrp-462585948, networkLocation: /default-rack, certSerialId: null} reports an CLOSED replica.
2019-10-24 15:47:34,048 [EventQueue-ContainerReportForContainerReportHandler] WARN  container.ContainerReportHandler (AbstractContainerReportHandler.java:updateContainerState(145)) - Container #1 is in OPEN state, but the datanode 98e78e11-cb4b-48d0-b763-897efd13c9ec{ip: 192.168.164.213, host: pr-hdds-2359-djbrp-462585948, networkLocation: /default-rack, certSerialId: null} reports an CLOSED replica.
2019-10-24 15:47:34,320 [EventQueue-ContainerReportForContainerReportHandler] WARN  container.ContainerReportHandler (AbstractContainerReportHandler.java:updateContainerState(145)) - Container #1 is in OPEN state, but the datanode feaf5d54-1805-49ec-899f-945609733e38{ip: 192.168.164.213, host: pr-hdds-2359-djbrp-462585948, networkLocation: /default-rack, certSerialId: null} reports an CLOSED replica.
2019-10-24 15:47:34,349 [EventQueue-ContainerReportForContainerReportHandler] WARN  container.ContainerReportHandler (AbstractContainerReportHandler.java:updateContainerState(145)) - Container #1 is in OPEN state, but the datanode 98e78e11-cb4b-48d0-b763-897efd13c9ec{ip: 192.168.164.213, host: pr-hdds-2359-djbrp-462585948, networkLocation: /default-rack, certSerialId: null} reports an CLOSED replica.
2019-10-24 15:47:34,620 [EventQueue-ContainerReportForContainerReportHandler] WARN  container.ContainerReportHandler (AbstractContainerReportHandler.java:updateContainerState(145)) - Container #1 is in OPEN state, but the datanode feaf5d54-1805-49ec-899f-945609733e38{ip: 192.168.164.213, host: pr-hdds-2359-djbrp-462585948, networkLocation: /default-rack, certSerialId: null} reports an CLOSED replica.
2019-10-24 15:47:34,749 [EventQueue-ContainerReportForContainerReportHandler] WARN  container.ContainerReportHandler (AbstractContainerReportHandler.java:updateContainerState(145)) - Container #1 is in OPEN state, but the datanode 98e78e11-cb4b-48d0-b763-897efd13c9ec{ip: 192.168.164.213, host: pr-hdds-2359-djbrp-462585948, networkLocation: /default-rack, certSerialId: null} reports an CLOSED replica.
2019-10-24 15:47:34,835 [BlockDeletingService#2] WARN  background.BlockDeletingService (BlockDeletingService.java:isDeletionAllowed(187)) - Close Container log Index 6 is not replicated across allthe servers in the pipeline a9fb5832-a8b6-4e39-9ab2-05ac48da6374 as the min replicated index is 4. Deletion is not allowed in this container yet.
2019-10-24 15:47:34,835 [BlockDeletingService#2] WARN  background.BlockDeletingService (BlockDeletingService.java:isDeletionAllowed(187)) - Close Container log Index 6 is not replicated across allthe servers in the pipeline a9fb5832-a8b6-4e39-9ab2-05ac48da6374 as the min replicated index is 4. Deletion is not allowed in this container yet.
2019-10-24 15:47:34,950 [EventQueue-ContainerReportForContainerReportHandler] WARN  container.ContainerReportHandler (AbstractContainerReportHandler.java:updateContainerState(145)) - Container #1 is in OPEN state, but the datanode 98e78e11-cb4b-48d0-b763-897efd13c9ec{ip: 192.168.164.213, host: pr-hdds-2359-djbrp-462585948, networkLocation: /default-rack, certSerialId: null} reports an CLOSED replica.
2019-10-24 15:47:35,021 [EventQueue-ContainerReportForContainerReportHandler] WARN  container.ContainerReportHandler (AbstractContainerReportHandler.java:updateContainerState(145)) - Container #1 is in OPEN state, but the datanode feaf5d54-1805-49ec-899f-945609733e38{ip: 192.168.164.213, host: pr-hdds-2359-djbrp-462585948, networkLocation: /default-rack, certSerialId: null} reports an CLOSED replica.
2019-10-24 15:47:35,219 [java.util.concurrent.ThreadPoolExecutor$Worker@1cb074f5[State = -1, empty queue]] WARN  server.GrpcLogAppender (GrpcLogAppender.java:timeoutAppendRequest(209)) - feaf5d54-1805-49ec-899f-945609733e38@group-05AC48DA6374->84568b57-9d99-42dc-882b-eae65806f704-GrpcLogAppender: appendEntries Timeout, request=feaf5d54-1805-49ec-899f-945609733e38->84568b57-9d99-42dc-882b-eae65806f704#40-t2, previous=(t:2, i:10), leaderCommit=10, initializing? false, entries: <empty>
2019-10-24 15:47:35,322 [EventQueue-ContainerReportForContainerReportHandler] WARN  container.ContainerReportHandler (AbstractContainerReportHandler.java:updateContainerState(145)) - Container #1 is in OPEN state, but the datanode feaf5d54-1805-49ec-899f-945609733e38{ip: 192.168.164.213, host: pr-hdds-2359-djbrp-462585948, networkLocation: /default-rack, certSerialId: null} reports an CLOSED replica.
2019-10-24 15:47:35,350 [EventQueue-ContainerReportForContainerReportHandler] WARN  container.ContainerReportHandler (AbstractContainerReportHandler.java:updateContainerState(145)) - Container #1 is in OPEN state, but the datanode 98e78e11-cb4b-48d0-b763-897efd13c9ec{ip: 192.168.164.213, host: pr-hdds-2359-djbrp-462585948, networkLocation: /default-rack, certSerialId: null} reports an CLOSED replica.
2019-10-24 15:47:35,550 [EventQueue-ContainerReportForContainerReportHandler] WARN  container.ContainerReportHandler (AbstractContainerReportHandler.java:updateContainerState(145)) - Container #1 is in OPEN state, but the datanode 98e78e11-cb4b-48d0-b763-897efd13c9ec{ip: 192.168.164.213, host: pr-hdds-2359-djbrp-462585948, networkLocation: /default-rack, certSerialId: null} reports an CLOSED replica.
2019-10-24 15:47:35,623 [EventQueue-ContainerReportForContainerReportHandler] WARN  container.ContainerReportHandler (AbstractContainerReportHandler.java:updateContainerState(145)) - Container #1 is in OPEN state, but the datanode feaf5d54-1805-49ec-899f-945609733e38{ip: 192.168.164.213, host: pr-hdds-2359-djbrp-462585948, networkLocation: /default-rack, certSerialId: null} reports an CLOSED replica.
2019-10-24 15:47:35,836 [BlockDeletingService#2] WARN  background.BlockDeletingService (BlockDeletingService.java:isDeletionAllowed(187)) - Close Container log Index 6 is not replicated across allthe servers in the pipeline a9fb5832-a8b6-4e39-9ab2-05ac48da6374 as the min replicated index is 4. Deletion is not allowed in this container yet.
2019-10-24 15:47:35,837 [BlockDeletingService#2] WARN  background.BlockDeletingService (BlockDeletingService.java:isDeletionAllowed(187)) - Close Container log Index 6 is not replicated across allthe servers in the pipeline a9fb5832-a8b6-4e39-9ab2-05ac48da6374 as the min replicated index is 4. Deletion is not allowed in this container yet.
2019-10-24 15:47:35,950 [EventQueue-ContainerReportForContainerReportHandler] WARN  container.ContainerReportHandler (AbstractContainerReportHandler.java:updateContainerState(145)) - Container #1 is in OPEN state, but the datanode 98e78e11-cb4b-48d0-b763-897efd13c9ec{ip: 192.168.164.213, host: pr-hdds-2359-djbrp-462585948, networkLocation: /default-rack, certSerialId: null} reports an CLOSED replica.
2019-10-24 15:47:36,023 [EventQueue-ContainerReportForContainerReportHandler] WARN  container.ContainerReportHandler (AbstractContainerReportHandler.java:updateContainerState(145)) - Container #1 is in OPEN state, but the datanode feaf5d54-1805-49ec-899f-945609733e38{ip: 192.168.164.213, host: pr-hdds-2359-djbrp-462585948, networkLocation: /default-rack, certSerialId: null} reports an CLOSED replica.
2019-10-24 15:47:36,223 [EventQueue-ContainerReportForContainerReportHandler] WARN  container.ContainerReportHandler (AbstractContainerReportHandler.java:updateContainerState(145)) - Container #1 is in OPEN state, but the datanode feaf5d54-1805-49ec-899f-945609733e38{ip: 192.168.164.213, host: pr-hdds-2359-djbrp-462585948, networkLocation: /default-rack, certSerialId: null} reports an CLOSED replica.
2019-10-24 15:47:36,250 [EventQueue-ContainerReportForContainerReportHandler] WARN  container.ContainerReportHandler (AbstractContainerReportHandler.java:updateContainerState(145)) - Container #1 is in OPEN state, but the datanode 98e78e11-cb4b-48d0-b763-897efd13c9ec{ip: 192.168.164.213, host: pr-hdds-2359-djbrp-462585948, networkLocation: /default-rack, certSerialId: null} reports an CLOSED replica.
2019-10-24 15:47:36,524 [EventQueue-ContainerReportForContainerReportHandler] WARN  container.ContainerReportHandler (AbstractContainerReportHandler.java:updateContainerState(145)) - Container #1 is in OPEN state, but the datanode feaf5d54-1805-49ec-899f-945609733e38{ip: 192.168.164.213, host: pr-hdds-2359-djbrp-462585948, networkLocation: /default-rack, certSerialId: null} reports an CLOSED replica.
2019-10-24 15:47:36,551 [EventQueue-ContainerReportForContainerReportHandler] WARN  container.ContainerReportHandler (AbstractContainerReportHandler.java:updateContainerState(145)) - Container #1 is in OPEN state, but the datanode 98e78e11-cb4b-48d0-b763-897efd13c9ec{ip: 192.168.164.213, host: pr-hdds-2359-djbrp-462585948, networkLocation: /default-rack, certSerialId: null} reports an CLOSED replica.
2019-10-24 15:47:36,825 [EventQueue-ContainerReportForContainerReportHandler] WARN  container.ContainerReportHandler (AbstractContainerReportHandler.java:updateContainerState(145)) - Container #1 is in OPEN state, but the datanode feaf5d54-1805-49ec-899f-945609733e38{ip: 192.168.164.213, host: pr-hdds-2359-djbrp-462585948, networkLocation: /default-rack, certSerialId: null} reports an CLOSED replica.
2019-10-24 15:47:36,839 [BlockDeletingService#2] WARN  background.BlockDeletingService (BlockDeletingService.java:isDeletionAllowed(187)) - Close Container log Index 6 is not replicated across allthe servers in the pipeline a9fb5832-a8b6-4e39-9ab2-05ac48da6374 as the min replicated index is 4. Deletion is not allowed in this container yet.
2019-10-24 15:47:36,839 [BlockDeletingService#2] WARN  background.BlockDeletingService (BlockDeletingService.java:isDeletionAllowed(187)) - Close Container log Index 6 is not replicated across allthe servers in the pipeline a9fb5832-a8b6-4e39-9ab2-05ac48da6374 as the min replicated index is 4. Deletion is not allowed in this container yet.
2019-10-24 15:47:36,851 [EventQueue-ContainerReportForContainerReportHandler] WARN  container.ContainerReportHandler (AbstractContainerReportHandler.java:updateContainerState(145)) - Container #1 is in OPEN state, but the datanode 98e78e11-cb4b-48d0-b763-897efd13c9ec{ip: 192.168.164.213, host: pr-hdds-2359-djbrp-462585948, networkLocation: /default-rack, certSerialId: null} reports an CLOSED replica.
2019-10-24 15:47:37,124 [EventQueue-ContainerReportForContainerReportHandler] WARN  container.ContainerReportHandler (AbstractContainerReportHandler.java:updateContainerState(145)) - Container #1 is in OPEN state, but the datanode feaf5d54-1805-49ec-899f-945609733e38{ip: 192.168.164.213, host: pr-hdds-2359-djbrp-462585948, networkLocation: /default-rack, certSerialId: null} reports an CLOSED replica.
2019-10-24 15:47:37,151 [EventQueue-ContainerReportForContainerReportHandler] WARN  container.ContainerReportHandler (AbstractContainerReportHandler.java:updateContainerState(145)) - Container #1 is in OPEN state, but the datanode 98e78e11-cb4b-48d0-b763-897efd13c9ec{ip: 192.168.164.213, host: pr-hdds-2359-djbrp-462585948, networkLocation: /default-rack, certSerialId: null} reports an CLOSED replica.
2019-10-24 15:47:37,324 [EventQueue-ContainerReportForContainerReportHandler] WARN  container.ContainerReportHandler (AbstractContainerReportHandler.java:updateContainerState(145)) - Container #1 is in OPEN state, but the datanode feaf5d54-1805-49ec-899f-945609733e38{ip: 192.168.164.213, host: pr-hdds-2359-djbrp-462585948, networkLocation: /default-rack, certSerialId: null} reports an CLOSED replica.
2019-10-24 15:47:37,450 [EventQueue-ContainerReportForContainerReportHandler] WARN  container.ContainerReportHandler (AbstractContainerReportHandler.java:updateContainerState(145)) - Container #1 is in OPEN state, but the datanode 98e78e11-cb4b-48d0-b763-897efd13c9ec{ip: 192.168.164.213, host: pr-hdds-2359-djbrp-462585948, networkLocation: /default-rack, certSerialId: null} reports an CLOSED replica.
2019-10-24 15:47:37,625 [EventQueue-ContainerReportForContainerReportHandler] WARN  container.ContainerReportHandler (AbstractContainerReportHandler.java:updateContainerState(145)) - Container #1 is in OPEN state, but the datanode feaf5d54-1805-49ec-899f-945609733e38{ip: 192.168.164.213, host: pr-hdds-2359-djbrp-462585948, networkLocation: /default-rack, certSerialId: null} reports an CLOSED replica.
2019-10-24 15:47:37,720 [java.util.concurrent.ThreadPoolExecutor$Worker@1cb074f5[State = -1, empty queue]] WARN  server.GrpcLogAppender (GrpcLogAppender.java:timeoutAppendRequest(209)) - feaf5d54-1805-49ec-899f-945609733e38@group-05AC48DA6374->84568b57-9d99-42dc-882b-eae65806f704-GrpcLogAppender: appendEntries Timeout, request=feaf5d54-1805-49ec-899f-945609733e38->84568b57-9d99-42dc-882b-eae65806f704#41-t2, previous=(t:2, i:10), leaderCommit=10, initializing? false, entries: <empty>
2019-10-24 15:47:37,751 [EventQueue-ContainerReportForContainerReportHandler] WARN  container.ContainerReportHandler (AbstractContainerReportHandler.java:updateContainerState(145)) - Container #1 is in OPEN state, but the datanode 98e78e11-cb4b-48d0-b763-897efd13c9ec{ip: 192.168.164.213, host: pr-hdds-2359-djbrp-462585948, networkLocation: /default-rack, certSerialId: null} reports an CLOSED replica.
2019-10-24 15:47:37,840 [BlockDeletingService#2] WARN  background.BlockDeletingService (BlockDeletingService.java:isDeletionAllowed(187)) - Close Container log Index 6 is not replicated across allthe servers in the pipeline a9fb5832-a8b6-4e39-9ab2-05ac48da6374 as the min replicated index is 4. Deletion is not allowed in this container yet.
2019-10-24 15:47:37,840 [BlockDeletingService#2] WARN  background.BlockDeletingService (BlockDeletingService.java:isDeletionAllowed(187)) - Close Container log Index 6 is not replicated across allthe servers in the pipeline a9fb5832-a8b6-4e39-9ab2-05ac48da6374 as the min replicated index is 4. Deletion is not allowed in this container yet.
2019-10-24 15:47:37,925 [EventQueue-ContainerReportForContainerReportHandler] WARN  container.ContainerReportHandler (AbstractContainerReportHandler.java:updateContainerState(145)) - Container #1 is in OPEN state, but the datanode feaf5d54-1805-49ec-899f-945609733e38{ip: 192.168.164.213, host: pr-hdds-2359-djbrp-462585948, networkLocation: /default-rack, certSerialId: null} reports an CLOSED replica.
2019-10-24 15:47:38,051 [EventQueue-ContainerReportForContainerReportHandler] WARN  container.ContainerReportHandler (AbstractContainerReportHandler.java:updateContainerState(145)) - Container #1 is in OPEN state, but the datanode 98e78e11-cb4b-48d0-b763-897efd13c9ec{ip: 192.168.164.213, host: pr-hdds-2359-djbrp-462585948, networkLocation: /default-rack, certSerialId: null} reports an CLOSED replica.
2019-10-24 15:47:38,252 [EventQueue-ContainerReportForContainerReportHandler] WARN  container.ContainerReportHandler (AbstractContainerReportHandler.java:updateContainerState(145)) - Container #1 is in OPEN state, but the datanode 98e78e11-cb4b-48d0-b763-897efd13c9ec{ip: 192.168.164.213, host: pr-hdds-2359-djbrp-462585948, networkLocation: /default-rack, certSerialId: null} reports an CLOSED replica.
2019-10-24 15:47:38,326 [EventQueue-ContainerReportForContainerReportHandler] WARN  container.ContainerReportHandler (AbstractContainerReportHandler.java:updateContainerState(145)) - Container #1 is in OPEN state, but the datanode feaf5d54-1805-49ec-899f-945609733e38{ip: 192.168.164.213, host: pr-hdds-2359-djbrp-462585948, networkLocation: /default-rack, certSerialId: null} reports an CLOSED replica.
2019-10-24 15:47:38,626 [EventQueue-ContainerReportForContainerReportHandler] WARN  container.ContainerReportHandler (AbstractContainerReportHandler.java:updateContainerState(145)) - Container #1 is in OPEN state, but the datanode feaf5d54-1805-49ec-899f-945609733e38{ip: 192.168.164.213, host: pr-hdds-2359-djbrp-462585948, networkLocation: /default-rack, certSerialId: null} reports an CLOSED replica.
2019-10-24 15:47:38,654 [EventQueue-ContainerReportForContainerReportHandler] WARN  container.ContainerReportHandler (AbstractContainerReportHandler.java:updateContainerState(145)) - Container #1 is in OPEN state, but the datanode 98e78e11-cb4b-48d0-b763-897efd13c9ec{ip: 192.168.164.213, host: pr-hdds-2359-djbrp-462585948, networkLocation: /default-rack, certSerialId: null} reports an CLOSED replica.
2019-10-24 15:47:38,826 [EventQueue-ContainerReportForContainerReportHandler] WARN  container.ContainerReportHandler (AbstractContainerReportHandler.java:updateContainerState(145)) - Container #1 is in OPEN state, but the datanode feaf5d54-1805-49ec-899f-945609733e38{ip: 192.168.164.213, host: pr-hdds-2359-djbrp-462585948, networkLocation: /default-rack, certSerialId: null} reports an CLOSED replica.
2019-10-24 15:47:38,844 [BlockDeletingService#2] WARN  background.BlockDeletingService (BlockDeletingService.java:isDeletionAllowed(187)) - Close Container log Index 6 is not replicated across allthe servers in the pipeline a9fb5832-a8b6-4e39-9ab2-05ac48da6374 as the min replicated index is 4. Deletion is not allowed in this container yet.
2019-10-24 15:47:38,844 [BlockDeletingService#2] WARN  background.BlockDeletingService (BlockDeletingService.java:isDeletionAllowed(187)) - Close Container log Index 6 is not replicated across allthe servers in the pipeline a9fb5832-a8b6-4e39-9ab2-05ac48da6374 as the min replicated index is 4. Deletion is not allowed in this container yet.
2019-10-24 15:47:38,954 [EventQueue-ContainerReportForContainerReportHandler] WARN  container.ContainerReportHandler (AbstractContainerReportHandler.java:updateContainerState(145)) - Container #1 is in OPEN state, but the datanode 98e78e11-cb4b-48d0-b763-897efd13c9ec{ip: 192.168.164.213, host: pr-hdds-2359-djbrp-462585948, networkLocation: /default-rack, certSerialId: null} reports an CLOSED replica.
2019-10-24 15:47:39,226 [EventQueue-ContainerReportForContainerReportHandler] WARN  container.ContainerReportHandler (AbstractContainerReportHandler.java:updateContainerState(145)) - Container #1 is in OPEN state, but the datanode feaf5d54-1805-49ec-899f-945609733e38{ip: 192.168.164.213, host: pr-hdds-2359-djbrp-462585948, networkLocation: /default-rack, certSerialId: null} reports an CLOSED replica.
2019-10-24 15:47:39,254 [EventQueue-ContainerReportForContainerReportHandler] WARN  container.ContainerReportHandler (AbstractContainerReportHandler.java:updateContainerState(145)) - Container #1 is in OPEN state, but the datanode 98e78e11-cb4b-48d0-b763-897efd13c9ec{ip: 192.168.164.213, host: pr-hdds-2359-djbrp-462585948, networkLocation: /default-rack, certSerialId: null} reports an CLOSED replica.
2019-10-24 15:47:39,427 [EventQueue-ContainerReportForContainerReportHandler] WARN  container.ContainerReportHandler (AbstractContainerReportHandler.java:updateContainerState(145)) - Container #1 is in OPEN state, but the datanode feaf5d54-1805-49ec-899f-945609733e38{ip: 192.168.164.213, host: pr-hdds-2359-djbrp-462585948, networkLocation: /default-rack, certSerialId: null} reports an CLOSED replica.
2019-10-24 15:47:39,555 [EventQueue-ContainerReportForContainerReportHandler] WARN  container.ContainerReportHandler (AbstractContainerReportHandler.java:updateContainerState(145)) - Container #1 is in OPEN state, but the datanode 98e78e11-cb4b-48d0-b763-897efd13c9ec{ip: 192.168.164.213, host: pr-hdds-2359-djbrp-462585948, networkLocation: /default-rack, certSerialId: null} reports an CLOSED replica.
2019-10-24 15:47:39,628 [EventQueue-ContainerReportForContainerReportHandler] WARN  container.ContainerReportHandler (AbstractContainerReportHandler.java:updateContainerState(145)) - Container #1 is in OPEN state, but the datanode feaf5d54-1805-49ec-899f-945609733e38{ip: 192.168.164.213, host: pr-hdds-2359-djbrp-462585948, networkLocation: /default-rack, certSerialId: null} reports an CLOSED replica.
2019-10-24 15:47:39,845 [BlockDeletingService#2] WARN  background.BlockDeletingService (BlockDeletingService.java:isDeletionAllowed(187)) - Close Container log Index 6 is not replicated across allthe servers in the pipeline a9fb5832-a8b6-4e39-9ab2-05ac48da6374 as the min replicated index is 4. Deletion is not allowed in this container yet.
2019-10-24 15:47:39,845 [BlockDeletingService#2] WARN  background.BlockDeletingService (BlockDeletingService.java:isDeletionAllowed(187)) - Close Container log Index 6 is not replicated across allthe servers in the pipeline a9fb5832-a8b6-4e39-9ab2-05ac48da6374 as the min replicated index is 4. Deletion is not allowed in this container yet.
2019-10-24 15:47:39,855 [EventQueue-ContainerReportForContainerReportHandler] WARN  container.ContainerReportHandler (AbstractContainerReportHandler.java:updateContainerState(145)) - Container #1 is in OPEN state, but the datanode 98e78e11-cb4b-48d0-b763-897efd13c9ec{ip: 192.168.164.213, host: pr-hdds-2359-djbrp-462585948, networkLocation: /default-rack, certSerialId: null} reports an CLOSED replica.
2019-10-24 15:47:39,928 [EventQueue-ContainerReportForContainerReportHandler] WARN  container.ContainerReportHandler (AbstractContainerReportHandler.java:updateContainerState(145)) - Container #1 is in OPEN state, but the datanode feaf5d54-1805-49ec-899f-945609733e38{ip: 192.168.164.213, host: pr-hdds-2359-djbrp-462585948, networkLocation: /default-rack, certSerialId: null} reports an CLOSED replica.
2019-10-24 15:47:40,155 [EventQueue-ContainerReportForContainerReportHandler] WARN  container.ContainerReportHandler (AbstractContainerReportHandler.java:updateContainerState(145)) - Container #1 is in OPEN state, but the datanode 98e78e11-cb4b-48d0-b763-897efd13c9ec{ip: 192.168.164.213, host: pr-hdds-2359-djbrp-462585948, networkLocation: /default-rack, certSerialId: null} reports an CLOSED replica.
2019-10-24 15:47:40,222 [java.util.concurrent.ThreadPoolExecutor$Worker@1cb074f5[State = -1, empty queue]] WARN  server.GrpcLogAppender (GrpcLogAppender.java:timeoutAppendRequest(209)) - feaf5d54-1805-49ec-899f-945609733e38@group-05AC48DA6374->84568b57-9d99-42dc-882b-eae65806f704-GrpcLogAppender: appendEntries Timeout, request=feaf5d54-1805-49ec-899f-945609733e38->84568b57-9d99-42dc-882b-eae65806f704#42-t2, previous=(t:2, i:10), leaderCommit=10, initializing? false, entries: <empty>
2019-10-24 15:47:40,328 [EventQueue-ContainerReportForContainerReportHandler] WARN  container.ContainerReportHandler (AbstractContainerReportHandler.java:updateContainerState(145)) - Container #1 is in OPEN state, but the datanode feaf5d54-1805-49ec-899f-945609733e38{ip: 192.168.164.213, host: pr-hdds-2359-djbrp-462585948, networkLocation: /default-rack, certSerialId: null} reports an CLOSED replica.
2019-10-24 15:47:40,355 [EventQueue-ContainerReportForContainerReportHandler] WARN  container.ContainerReportHandler (AbstractContainerReportHandler.java:updateContainerState(145)) - Container #1 is in OPEN state, but the datanode 98e78e11-cb4b-48d0-b763-897efd13c9ec{ip: 192.168.164.213, host: pr-hdds-2359-djbrp-462585948, networkLocation: /default-rack, certSerialId: null} reports an CLOSED replica.
2019-10-24 15:47:40,628 [EventQueue-ContainerReportForContainerReportHandler] WARN  container.ContainerReportHandler (AbstractContainerReportHandler.java:updateContainerState(145)) - Container #1 is in OPEN state, but the datanode feaf5d54-1805-49ec-899f-945609733e38{ip: 192.168.164.213, host: pr-hdds-2359-djbrp-462585948, networkLocation: /default-rack, certSerialId: null} reports an CLOSED replica.
2019-10-24 15:47:40,755 [EventQueue-ContainerReportForContainerReportHandler] WARN  container.ContainerReportHandler (AbstractContainerReportHandler.java:updateContainerState(145)) - Container #1 is in OPEN state, but the datanode 98e78e11-cb4b-48d0-b763-897efd13c9ec{ip: 192.168.164.213, host: pr-hdds-2359-djbrp-462585948, networkLocation: /default-rack, certSerialId: null} reports an CLOSED replica.
2019-10-24 15:47:40,846 [BlockDeletingService#2] WARN  background.BlockDeletingService (BlockDeletingService.java:isDeletionAllowed(187)) - Close Container log Index 6 is not replicated across allthe servers in the pipeline a9fb5832-a8b6-4e39-9ab2-05ac48da6374 as the min replicated index is 4. Deletion is not allowed in this container yet.
2019-10-24 15:47:40,847 [BlockDeletingService#2] WARN  background.BlockDeletingService (BlockDeletingService.java:isDeletionAllowed(187)) - Close Container log Index 6 is not replicated across allthe servers in the pipeline a9fb5832-a8b6-4e39-9ab2-05ac48da6374 as the min replicated index is 4. Deletion is not allowed in this container yet.
2019-10-24 15:47:40,928 [EventQueue-ContainerReportForContainerReportHandler] WARN  container.ContainerReportHandler (AbstractContainerReportHandler.java:updateContainerState(145)) - Container #1 is in OPEN state, but the datanode feaf5d54-1805-49ec-899f-945609733e38{ip: 192.168.164.213, host: pr-hdds-2359-djbrp-462585948, networkLocation: /default-rack, certSerialId: null} reports an CLOSED replica.
2019-10-24 15:47:41,055 [EventQueue-ContainerReportForContainerReportHandler] WARN  container.ContainerReportHandler (AbstractContainerReportHandler.java:updateContainerState(145)) - Container #1 is in OPEN state, but the datanode 98e78e11-cb4b-48d0-b763-897efd13c9ec{ip: 192.168.164.213, host: pr-hdds-2359-djbrp-462585948, networkLocation: /default-rack, certSerialId: null} reports an CLOSED replica.
2019-10-24 15:47:41,229 [EventQueue-ContainerReportForContainerReportHandler] WARN  container.ContainerReportHandler (AbstractContainerReportHandler.java:updateContainerState(145)) - Container #1 is in OPEN state, but the datanode feaf5d54-1805-49ec-899f-945609733e38{ip: 192.168.164.213, host: pr-hdds-2359-djbrp-462585948, networkLocation: /default-rack, certSerialId: null} reports an CLOSED replica.
2019-10-24 15:47:41,255 [EventQueue-ContainerReportForContainerReportHandler] WARN  container.ContainerReportHandler (AbstractContainerReportHandler.java:updateContainerState(145)) - Container #1 is in OPEN state, but the datanode 98e78e11-cb4b-48d0-b763-897efd13c9ec{ip: 192.168.164.213, host: pr-hdds-2359-djbrp-462585948, networkLocation: /default-rack, certSerialId: null} reports an CLOSED replica.
2019-10-24 15:47:41,630 [EventQueue-ContainerReportForContainerReportHandler] WARN  container.ContainerReportHandler (AbstractContainerReportHandler.java:updateContainerState(145)) - Container #1 is in OPEN state, but the datanode feaf5d54-1805-49ec-899f-945609733e38{ip: 192.168.164.213, host: pr-hdds-2359-djbrp-462585948, networkLocation: /default-rack, certSerialId: null} reports an CLOSED replica.
2019-10-24 15:47:41,655 [EventQueue-ContainerReportForContainerReportHandler] WARN  container.ContainerReportHandler (AbstractContainerReportHandler.java:updateContainerState(145)) - Container #1 is in OPEN state, but the datanode 98e78e11-cb4b-48d0-b763-897efd13c9ec{ip: 192.168.164.213, host: pr-hdds-2359-djbrp-462585948, networkLocation: /default-rack, certSerialId: null} reports an CLOSED replica.
2019-10-24 15:47:41,683 [Thread-467] INFO  client.GrpcClientProtocolService (GrpcClientProtocolService.java:lambda$processClientRequest$0(278)) - Failed RaftClientRequest:client-60DA70BF947A->feaf5d54-1805-49ec-899f-945609733e38@group-05AC48DA6374, cid=10, seq=0, Watch-ALL_COMMITTED(6), Message:<EMPTY>, reply=RaftClientReply:client-60DA70BF947A->feaf5d54-1805-49ec-899f-945609733e38@group-05AC48DA6374, cid=10, FAILED org.apache.ratis.protocol.NotReplicatedException: Request with call Id 10 and log index 6 is not yet replicated to ALL_COMMITTED, logIndex=6, commits[feaf5d54-1805-49ec-899f-945609733e38:c10, 98e78e11-cb4b-48d0-b763-897efd13c9ec:c10, 84568b57-9d99-42dc-882b-eae65806f704:c4]
2019-10-24 15:47:41,848 [BlockDeletingService#2] WARN  background.BlockDeletingService (BlockDeletingService.java:isDeletionAllowed(187)) - Close Container log Index 6 is not replicated across allthe servers in the pipeline a9fb5832-a8b6-4e39-9ab2-05ac48da6374 as the min replicated index is 4. Deletion is not allowed in this container yet.
2019-10-24 15:47:41,848 [BlockDeletingService#2] WARN  background.BlockDeletingService (BlockDeletingService.java:isDeletionAllowed(187)) - Close Container log Index 6 is not replicated across allthe servers in the pipeline a9fb5832-a8b6-4e39-9ab2-05ac48da6374 as the min replicated index is 4. Deletion is not allowed in this container yet.
2019-10-24 15:47:41,930 [EventQueue-ContainerReportForContainerReportHandler] WARN  container.ContainerReportHandler (AbstractContainerReportHandler.java:updateContainerState(145)) - Container #1 is in OPEN state, but the datanode feaf5d54-1805-49ec-899f-945609733e38{ip: 192.168.164.213, host: pr-hdds-2359-djbrp-462585948, networkLocation: /default-rack, certSerialId: null} reports an CLOSED replica.
2019-10-24 15:47:41,956 [EventQueue-ContainerReportForContainerReportHandler] WARN  container.ContainerReportHandler (AbstractContainerReportHandler.java:updateContainerState(145)) - Container #1 is in OPEN state, but the datanode 98e78e11-cb4b-48d0-b763-897efd13c9ec{ip: 192.168.164.213, host: pr-hdds-2359-djbrp-462585948, networkLocation: /default-rack, certSerialId: null} reports an CLOSED replica.
2019-10-24 15:47:42,232 [EventQueue-ContainerReportForContainerReportHandler] WARN  container.ContainerReportHandler (AbstractContainerReportHandler.java:updateContainerState(145)) - Container #1 is in OPEN state, but the datanode feaf5d54-1805-49ec-899f-945609733e38{ip: 192.168.164.213, host: pr-hdds-2359-djbrp-462585948, networkLocation: /default-rack, certSerialId: null} reports an CLOSED replica.
2019-10-24 15:47:42,356 [EventQueue-ContainerReportForContainerReportHandler] WARN  container.ContainerReportHandler (AbstractContainerReportHandler.java:updateContainerState(145)) - Container #1 is in OPEN state, but the datanode 98e78e11-cb4b-48d0-b763-897efd13c9ec{ip: 192.168.164.213, host: pr-hdds-2359-djbrp-462585948, networkLocation: /default-rack, certSerialId: null} reports an CLOSED replica.
2019-10-24 15:47:42,533 [EventQueue-ContainerReportForContainerReportHandler] WARN  container.ContainerReportHandler (AbstractContainerReportHandler.java:updateContainerState(145)) - Container #1 is in OPEN state, but the datanode feaf5d54-1805-49ec-899f-945609733e38{ip: 192.168.164.213, host: pr-hdds-2359-djbrp-462585948, networkLocation: /default-rack, certSerialId: null} reports an CLOSED replica.
2019-10-24 15:47:42,724 [java.util.concurrent.ThreadPoolExecutor$Worker@1cb074f5[State = -1, empty queue]] WARN  server.GrpcLogAppender (GrpcLogAppender.java:timeoutAppendRequest(209)) - feaf5d54-1805-49ec-899f-945609733e38@group-05AC48DA6374->84568b57-9d99-42dc-882b-eae65806f704-GrpcLogAppender: appendEntries Timeout, request=feaf5d54-1805-49ec-899f-945609733e38->84568b57-9d99-42dc-882b-eae65806f704#43-t2, previous=(t:2, i:10), leaderCommit=10, initializing? false, entries: <empty>
2019-10-24 15:47:42,756 [EventQueue-ContainerReportForContainerReportHandler] WARN  container.ContainerReportHandler (AbstractContainerReportHandler.java:updateContainerState(145)) - Container #1 is in OPEN state, but the datanode 98e78e11-cb4b-48d0-b763-897efd13c9ec{ip: 192.168.164.213, host: pr-hdds-2359-djbrp-462585948, networkLocation: /default-rack, certSerialId: null} reports an CLOSED replica.
2019-10-24 15:47:42,853 [BlockDeletingService#2] WARN  background.BlockDeletingService (BlockDeletingService.java:isDeletionAllowed(187)) - Close Container log Index 6 is not replicated across allthe servers in the pipeline a9fb5832-a8b6-4e39-9ab2-05ac48da6374 as the min replicated index is 4. Deletion is not allowed in this container yet.
2019-10-24 15:47:42,853 [BlockDeletingService#2] WARN  background.BlockDeletingService (BlockDeletingService.java:isDeletionAllowed(187)) - Close Container log Index 6 is not replicated across allthe servers in the pipeline a9fb5832-a8b6-4e39-9ab2-05ac48da6374 as the min replicated index is 4. Deletion is not allowed in this container yet.
2019-10-24 15:47:42,934 [EventQueue-ContainerReportForContainerReportHandler] WARN  container.ContainerReportHandler (AbstractContainerReportHandler.java:updateContainerState(145)) - Container #1 is in OPEN state, but the datanode feaf5d54-1805-49ec-899f-945609733e38{ip: 192.168.164.213, host: pr-hdds-2359-djbrp-462585948, networkLocation: /default-rack, certSerialId: null} reports an CLOSED replica.
2019-10-24 15:47:43,056 [EventQueue-ContainerReportForContainerReportHandler] WARN  container.ContainerReportHandler (AbstractContainerReportHandler.java:updateContainerState(145)) - Container #1 is in OPEN state, but the datanode 98e78e11-cb4b-48d0-b763-897efd13c9ec{ip: 192.168.164.213, host: pr-hdds-2359-djbrp-462585948, networkLocation: /default-rack, certSerialId: null} reports an CLOSED replica.
2019-10-24 15:47:43,135 [EventQueue-ContainerReportForContainerReportHandler] WARN  container.ContainerReportHandler (AbstractContainerReportHandler.java:updateContainerState(145)) - Container #1 is in OPEN state, but the datanode feaf5d54-1805-49ec-899f-945609733e38{ip: 192.168.164.213, host: pr-hdds-2359-djbrp-462585948, networkLocation: /default-rack, certSerialId: null} reports an CLOSED replica.
2019-10-24 15:47:43,257 [EventQueue-ContainerReportForContainerReportHandler] WARN  container.ContainerReportHandler (AbstractContainerReportHandler.java:updateContainerState(145)) - Container #1 is in OPEN state, but the datanode 98e78e11-cb4b-48d0-b763-897efd13c9ec{ip: 192.168.164.213, host: pr-hdds-2359-djbrp-462585948, networkLocation: /default-rack, certSerialId: null} reports an CLOSED replica.
2019-10-24 15:47:43,435 [EventQueue-ContainerReportForContainerReportHandler] WARN  container.ContainerReportHandler (AbstractContainerReportHandler.java:updateContainerState(145)) - Container #1 is in OPEN state, but the datanode feaf5d54-1805-49ec-899f-945609733e38{ip: 192.168.164.213, host: pr-hdds-2359-djbrp-462585948, networkLocation: /default-rack, certSerialId: null} reports an CLOSED replica.
2019-10-24 15:47:43,659 [EventQueue-ContainerReportForContainerReportHandler] WARN  container.ContainerReportHandler (AbstractContainerReportHandler.java:updateContainerState(145)) - Container #1 is in OPEN state, but the datanode 98e78e11-cb4b-48d0-b763-897efd13c9ec{ip: 192.168.164.213, host: pr-hdds-2359-djbrp-462585948, networkLocation: /default-rack, certSerialId: null} reports an CLOSED replica.
2019-10-24 15:47:43,736 [EventQueue-ContainerReportForContainerReportHandler] WARN  container.ContainerReportHandler (AbstractContainerReportHandler.java:updateContainerState(145)) - Container #1 is in OPEN state, but the datanode feaf5d54-1805-49ec-899f-945609733e38{ip: 192.168.164.213, host: pr-hdds-2359-djbrp-462585948, networkLocation: /default-rack, certSerialId: null} reports an CLOSED replica.
2019-10-24 15:47:43,854 [BlockDeletingService#2] WARN  background.BlockDeletingService (BlockDeletingService.java:isDeletionAllowed(187)) - Close Container log Index 6 is not replicated across allthe servers in the pipeline a9fb5832-a8b6-4e39-9ab2-05ac48da6374 as the min replicated index is 4. Deletion is not allowed in this container yet.
2019-10-24 15:47:43,855 [BlockDeletingService#2] WARN  background.BlockDeletingService (BlockDeletingService.java:isDeletionAllowed(187)) - Close Container log Index 6 is not replicated across allthe servers in the pipeline a9fb5832-a8b6-4e39-9ab2-05ac48da6374 as the min replicated index is 4. Deletion is not allowed in this container yet.
2019-10-24 15:47:43,959 [EventQueue-ContainerReportForContainerReportHandler] WARN  container.ContainerReportHandler (AbstractContainerReportHandler.java:updateContainerState(145)) - Container #1 is in OPEN state, but the datanode 98e78e11-cb4b-48d0-b763-897efd13c9ec{ip: 192.168.164.213, host: pr-hdds-2359-djbrp-462585948, networkLocation: /default-rack, certSerialId: null} reports an CLOSED replica.
2019-10-24 15:47:44,036 [EventQueue-ContainerReportForContainerReportHandler] WARN  container.ContainerReportHandler (AbstractContainerReportHandler.java:updateContainerState(145)) - Container #1 is in OPEN state, but the datanode feaf5d54-1805-49ec-899f-945609733e38{ip: 192.168.164.213, host: pr-hdds-2359-djbrp-462585948, networkLocation: /default-rack, certSerialId: null} reports an CLOSED replica.
2019-10-24 15:47:44,358 [EventQueue-ContainerReportForContainerReportHandler] WARN  container.ContainerReportHandler (AbstractContainerReportHandler.java:updateContainerState(145)) - Container #1 is in OPEN state, but the datanode 98e78e11-cb4b-48d0-b763-897efd13c9ec{ip: 192.168.164.213, host: pr-hdds-2359-djbrp-462585948, networkLocation: /default-rack, certSerialId: null} reports an CLOSED replica.
2019-10-24 15:47:44,435 [EventQueue-ContainerReportForContainerReportHandler] WARN  container.ContainerReportHandler (AbstractContainerReportHandler.java:updateContainerState(145)) - Container #1 is in OPEN state, but the datanode feaf5d54-1805-49ec-899f-945609733e38{ip: 192.168.164.213, host: pr-hdds-2359-djbrp-462585948, networkLocation: /default-rack, certSerialId: null} reports an CLOSED replica.
2019-10-24 15:47:44,559 [EventQueue-ContainerReportForContainerReportHandler] WARN  container.ContainerReportHandler (AbstractContainerReportHandler.java:updateContainerState(145)) - Container #1 is in OPEN state, but the datanode 98e78e11-cb4b-48d0-b763-897efd13c9ec{ip: 192.168.164.213, host: pr-hdds-2359-djbrp-462585948, networkLocation: /default-rack, certSerialId: null} reports an CLOSED replica.
2019-10-24 15:47:44,759 [EventQueue-ContainerReportForContainerReportHandler] WARN  container.ContainerReportHandler (AbstractContainerReportHandler.java:updateContainerState(145)) - Container #1 is in OPEN state, but the datanode 98e78e11-cb4b-48d0-b763-897efd13c9ec{ip: 192.168.164.213, host: pr-hdds-2359-djbrp-462585948, networkLocation: /default-rack, certSerialId: null} reports an CLOSED replica.
2019-10-24 15:47:44,836 [EventQueue-ContainerReportForContainerReportHandler] WARN  container.ContainerReportHandler (AbstractContainerReportHandler.java:updateContainerState(145)) - Container #1 is in OPEN state, but the datanode feaf5d54-1805-49ec-899f-945609733e38{ip: 192.168.164.213, host: pr-hdds-2359-djbrp-462585948, networkLocation: /default-rack, certSerialId: null} reports an CLOSED replica.
2019-10-24 15:47:44,856 [BlockDeletingService#2] WARN  background.BlockDeletingService (BlockDeletingService.java:isDeletionAllowed(187)) - Close Container log Index 6 is not replicated across allthe servers in the pipeline a9fb5832-a8b6-4e39-9ab2-05ac48da6374 as the min replicated index is 4. Deletion is not allowed in this container yet.
2019-10-24 15:47:44,856 [BlockDeletingService#2] WARN  background.BlockDeletingService (BlockDeletingService.java:isDeletionAllowed(187)) - Close Container log Index 6 is not replicated across allthe servers in the pipeline a9fb5832-a8b6-4e39-9ab2-05ac48da6374 as the min replicated index is 4. Deletion is not allowed in this container yet.
2019-10-24 15:47:45,136 [EventQueue-ContainerReportForContainerReportHandler] WARN  container.ContainerReportHandler (AbstractContainerReportHandler.java:updateContainerState(145)) - Container #1 is in OPEN state, but the datanode feaf5d54-1805-49ec-899f-945609733e38{ip: 192.168.164.213, host: pr-hdds-2359-djbrp-462585948, networkLocation: /default-rack, certSerialId: null} reports an CLOSED replica.
2019-10-24 15:47:45,160 [EventQueue-ContainerReportForContainerReportHandler] WARN  container.ContainerReportHandler (AbstractContainerReportHandler.java:updateContainerState(145)) - Container #1 is in OPEN state, but the datanode 98e78e11-cb4b-48d0-b763-897efd13c9ec{ip: 192.168.164.213, host: pr-hdds-2359-djbrp-462585948, networkLocation: /default-rack, certSerialId: null} reports an CLOSED replica.
2019-10-24 15:47:45,224 [java.util.concurrent.ThreadPoolExecutor$Worker@1cb074f5[State = -1, empty queue]] WARN  server.GrpcLogAppender (GrpcLogAppender.java:timeoutAppendRequest(209)) - feaf5d54-1805-49ec-899f-945609733e38@group-05AC48DA6374->84568b57-9d99-42dc-882b-eae65806f704-GrpcLogAppender: appendEntries Timeout, request=feaf5d54-1805-49ec-899f-945609733e38->84568b57-9d99-42dc-882b-eae65806f704#44-t2, previous=(t:2, i:10), leaderCommit=10, initializing? false, entries: <empty>
2019-10-24 15:47:45,436 [EventQueue-ContainerReportForContainerReportHandler] WARN  container.ContainerReportHandler (AbstractContainerReportHandler.java:updateContainerState(145)) - Container #1 is in OPEN state, but the datanode feaf5d54-1805-49ec-899f-945609733e38{ip: 192.168.164.213, host: pr-hdds-2359-djbrp-462585948, networkLocation: /default-rack, certSerialId: null} reports an CLOSED replica.
2019-10-24 15:47:45,460 [EventQueue-ContainerReportForContainerReportHandler] WARN  container.ContainerReportHandler (AbstractContainerReportHandler.java:updateContainerState(145)) - Container #1 is in OPEN state, but the datanode 98e78e11-cb4b-48d0-b763-897efd13c9ec{ip: 192.168.164.213, host: pr-hdds-2359-djbrp-462585948, networkLocation: /default-rack, certSerialId: null} reports an CLOSED replica.
2019-10-24 15:47:45,761 [EventQueue-ContainerReportForContainerReportHandler] WARN  container.ContainerReportHandler (AbstractContainerReportHandler.java:updateContainerState(145)) - Container #1 is in OPEN state, but the datanode 98e78e11-cb4b-48d0-b763-897efd13c9ec{ip: 192.168.164.213, host: pr-hdds-2359-djbrp-462585948, networkLocation: /default-rack, certSerialId: null} reports an CLOSED replica.
2019-10-24 15:47:45,837 [EventQueue-ContainerReportForContainerReportHandler] WARN  container.ContainerReportHandler (AbstractContainerReportHandler.java:updateContainerState(145)) - Container #1 is in OPEN state, but the datanode feaf5d54-1805-49ec-899f-945609733e38{ip: 192.168.164.213, host: pr-hdds-2359-djbrp-462585948, networkLocation: /default-rack, certSerialId: null} reports an CLOSED replica.
2019-10-24 15:47:45,858 [BlockDeletingService#2] WARN  background.BlockDeletingService (BlockDeletingService.java:isDeletionAllowed(187)) - Close Container log Index 6 is not replicated across allthe servers in the pipeline a9fb5832-a8b6-4e39-9ab2-05ac48da6374 as the min replicated index is 4. Deletion is not allowed in this container yet.
2019-10-24 15:47:45,858 [BlockDeletingService#2] WARN  background.BlockDeletingService (BlockDeletingService.java:isDeletionAllowed(187)) - Close Container log Index 6 is not replicated across allthe servers in the pipeline a9fb5832-a8b6-4e39-9ab2-05ac48da6374 as the min replicated index is 4. Deletion is not allowed in this container yet.
2019-10-24 15:47:46,136 [EventQueue-ContainerReportForContainerReportHandler] WARN  container.ContainerReportHandler (AbstractContainerReportHandler.java:updateContainerState(145)) - Container #1 is in OPEN state, but the datanode feaf5d54-1805-49ec-899f-945609733e38{ip: 192.168.164.213, host: pr-hdds-2359-djbrp-462585948, networkLocation: /default-rack, certSerialId: null} reports an CLOSED replica.
2019-10-24 15:47:46,160 [EventQueue-ContainerReportForContainerReportHandler] WARN  container.ContainerReportHandler (AbstractContainerReportHandler.java:updateContainerState(145)) - Container #1 is in OPEN state, but the datanode 98e78e11-cb4b-48d0-b763-897efd13c9ec{ip: 192.168.164.213, host: pr-hdds-2359-djbrp-462585948, networkLocation: /default-rack, certSerialId: null} reports an CLOSED replica.
2019-10-24 15:47:46,361 [EventQueue-ContainerReportForContainerReportHandler] WARN  container.ContainerReportHandler (AbstractContainerReportHandler.java:updateContainerState(145)) - Container #1 is in OPEN state, but the datanode 98e78e11-cb4b-48d0-b763-897efd13c9ec{ip: 192.168.164.213, host: pr-hdds-2359-djbrp-462585948, networkLocation: /default-rack, certSerialId: null} reports an CLOSED replica.
2019-10-24 15:47:46,437 [EventQueue-ContainerReportForContainerReportHandler] WARN  container.ContainerReportHandler (AbstractContainerReportHandler.java:updateContainerState(145)) - Container #1 is in OPEN state, but the datanode feaf5d54-1805-49ec-899f-945609733e38{ip: 192.168.164.213, host: pr-hdds-2359-djbrp-462585948, networkLocation: /default-rack, certSerialId: null} reports an CLOSED replica.
2019-10-24 15:47:46,661 [EventQueue-ContainerReportForContainerReportHandler] WARN  container.ContainerReportHandler (AbstractContainerReportHandler.java:updateContainerState(145)) - Container #1 is in OPEN state, but the datanode 98e78e11-cb4b-48d0-b763-897efd13c9ec{ip: 192.168.164.213, host: pr-hdds-2359-djbrp-462585948, networkLocation: /default-rack, certSerialId: null} reports an CLOSED replica.
2019-10-24 15:47:46,837 [EventQueue-ContainerReportForContainerReportHandler] WARN  container.ContainerReportHandler (AbstractContainerReportHandler.java:updateContainerState(145)) - Container #1 is in OPEN state, but the datanode feaf5d54-1805-49ec-899f-945609733e38{ip: 192.168.164.213, host: pr-hdds-2359-djbrp-462585948, networkLocation: /default-rack, certSerialId: null} reports an CLOSED replica.
2019-10-24 15:47:46,859 [BlockDeletingService#2] WARN  background.BlockDeletingService (BlockDeletingService.java:isDeletionAllowed(187)) - Close Container log Index 6 is not replicated across allthe servers in the pipeline a9fb5832-a8b6-4e39-9ab2-05ac48da6374 as the min replicated index is 4. Deletion is not allowed in this container yet.
2019-10-24 15:47:46,860 [BlockDeletingService#2] WARN  background.BlockDeletingService (BlockDeletingService.java:isDeletionAllowed(187)) - Close Container log Index 6 is not replicated across allthe servers in the pipeline a9fb5832-a8b6-4e39-9ab2-05ac48da6374 as the min replicated index is 4. Deletion is not allowed in this container yet.
2019-10-24 15:47:46,962 [EventQueue-ContainerReportForContainerReportHandler] WARN  container.ContainerReportHandler (AbstractContainerReportHandler.java:updateContainerState(145)) - Container #1 is in OPEN state, but the datanode 98e78e11-cb4b-48d0-b763-897efd13c9ec{ip: 192.168.164.213, host: pr-hdds-2359-djbrp-462585948, networkLocation: /default-rack, certSerialId: null} reports an CLOSED replica.
2019-10-24 15:47:47,162 [EventQueue-ContainerReportForContainerReportHandler] WARN  container.ContainerReportHandler (AbstractContainerReportHandler.java:updateContainerState(145)) - Container #1 is in OPEN state, but the datanode 98e78e11-cb4b-48d0-b763-897efd13c9ec{ip: 192.168.164.213, host: pr-hdds-2359-djbrp-462585948, networkLocation: /default-rack, certSerialId: null} reports an CLOSED replica.
2019-10-24 15:47:47,237 [EventQueue-ContainerReportForContainerReportHandler] WARN  container.ContainerReportHandler (AbstractContainerReportHandler.java:updateContainerState(145)) - Container #1 is in OPEN state, but the datanode feaf5d54-1805-49ec-899f-945609733e38{ip: 192.168.164.213, host: pr-hdds-2359-djbrp-462585948, networkLocation: /default-rack, certSerialId: null} reports an CLOSED replica.
2019-10-24 15:47:47,462 [EventQueue-ContainerReportForContainerReportHandler] WARN  container.ContainerReportHandler (AbstractContainerReportHandler.java:updateContainerState(145)) - Container #1 is in OPEN state, but the datanode 98e78e11-cb4b-48d0-b763-897efd13c9ec{ip: 192.168.164.213, host: pr-hdds-2359-djbrp-462585948, networkLocation: /default-rack, certSerialId: null} reports an CLOSED replica.
2019-10-24 15:47:47,537 [EventQueue-ContainerReportForContainerReportHandler] WARN  container.ContainerReportHandler (AbstractContainerReportHandler.java:updateContainerState(145)) - Container #1 is in OPEN state, but the datanode feaf5d54-1805-49ec-899f-945609733e38{ip: 192.168.164.213, host: pr-hdds-2359-djbrp-462585948, networkLocation: /default-rack, certSerialId: null} reports an CLOSED replica.
2019-10-24 15:47:47,662 [EventQueue-ContainerReportForContainerReportHandler] WARN  container.ContainerReportHandler (AbstractContainerReportHandler.java:updateContainerState(145)) - Container #1 is in OPEN state, but the datanode 98e78e11-cb4b-48d0-b763-897efd13c9ec{ip: 192.168.164.213, host: pr-hdds-2359-djbrp-462585948, networkLocation: /default-rack, certSerialId: null} reports an CLOSED replica.
2019-10-24 15:47:47,725 [java.util.concurrent.ThreadPoolExecutor$Worker@1cb074f5[State = -1, empty queue]] WARN  server.GrpcLogAppender (GrpcLogAppender.java:timeoutAppendRequest(209)) - feaf5d54-1805-49ec-899f-945609733e38@group-05AC48DA6374->84568b57-9d99-42dc-882b-eae65806f704-GrpcLogAppender: appendEntries Timeout, request=feaf5d54-1805-49ec-899f-945609733e38->84568b57-9d99-42dc-882b-eae65806f704#45-t2, previous=(t:2, i:10), leaderCommit=10, initializing? false, entries: <empty>
2019-10-24 15:47:47,838 [EventQueue-ContainerReportForContainerReportHandler] WARN  container.ContainerReportHandler (AbstractContainerReportHandler.java:updateContainerState(145)) - Container #1 is in OPEN state, but the datanode feaf5d54-1805-49ec-899f-945609733e38{ip: 192.168.164.213, host: pr-hdds-2359-djbrp-462585948, networkLocation: /default-rack, certSerialId: null} reports an CLOSED replica.
2019-10-24 15:47:47,861 [BlockDeletingService#6] WARN  background.BlockDeletingService (BlockDeletingService.java:isDeletionAllowed(187)) - Close Container log Index 6 is not replicated across allthe servers in the pipeline a9fb5832-a8b6-4e39-9ab2-05ac48da6374 as the min replicated index is 4. Deletion is not allowed in this container yet.
2019-10-24 15:47:47,861 [BlockDeletingService#2] WARN  background.BlockDeletingService (BlockDeletingService.java:isDeletionAllowed(187)) - Close Container log Index 6 is not replicated across allthe servers in the pipeline a9fb5832-a8b6-4e39-9ab2-05ac48da6374 as the min replicated index is 4. Deletion is not allowed in this container yet.
2019-10-24 15:47:48,063 [EventQueue-ContainerReportForContainerReportHandler] WARN  container.ContainerReportHandler (AbstractContainerReportHandler.java:updateContainerState(145)) - Container #1 is in OPEN state, but the datanode 98e78e11-cb4b-48d0-b763-897efd13c9ec{ip: 192.168.164.213, host: pr-hdds-2359-djbrp-462585948, networkLocation: /default-rack, certSerialId: null} reports an CLOSED replica.
2019-10-24 15:47:48,138 [EventQueue-ContainerReportForContainerReportHandler] WARN  container.ContainerReportHandler (AbstractContainerReportHandler.java:updateContainerState(145)) - Container #1 is in OPEN state, but the datanode feaf5d54-1805-49ec-899f-945609733e38{ip: 192.168.164.213, host: pr-hdds-2359-djbrp-462585948, networkLocation: /default-rack, certSerialId: null} reports an CLOSED replica.
2019-10-24 15:47:48,263 [EventQueue-ContainerReportForContainerReportHandler] WARN  container.ContainerReportHandler (AbstractContainerReportHandler.java:updateContainerState(145)) - Container #1 is in OPEN state, but the datanode 98e78e11-cb4b-48d0-b763-897efd13c9ec{ip: 192.168.164.213, host: pr-hdds-2359-djbrp-462585948, networkLocation: /default-rack, certSerialId: null} reports an CLOSED replica.
2019-10-24 15:47:48,337 [EventQueue-ContainerReportForContainerReportHandler] WARN  container.ContainerReportHandler (AbstractContainerReportHandler.java:updateContainerState(145)) - Container #1 is in OPEN state, but the datanode feaf5d54-1805-49ec-899f-945609733e38{ip: 192.168.164.213, host: pr-hdds-2359-djbrp-462585948, networkLocation: /default-rack, certSerialId: null} reports an CLOSED replica.
2019-10-24 15:47:48,464 [EventQueue-ContainerReportForContainerReportHandler] WARN  container.ContainerReportHandler (AbstractContainerReportHandler.java:updateContainerState(145)) - Container #1 is in OPEN state, but the datanode 98e78e11-cb4b-48d0-b763-897efd13c9ec{ip: 192.168.164.213, host: pr-hdds-2359-djbrp-462585948, networkLocation: /default-rack, certSerialId: null} reports an CLOSED replica.
2019-10-24 15:47:48,638 [EventQueue-ContainerReportForContainerReportHandler] WARN  container.ContainerReportHandler (AbstractContainerReportHandler.java:updateContainerState(145)) - Container #1 is in OPEN state, but the datanode feaf5d54-1805-49ec-899f-945609733e38{ip: 192.168.164.213, host: pr-hdds-2359-djbrp-462585948, networkLocation: /default-rack, certSerialId: null} reports an CLOSED replica.
2019-10-24 15:47:48,864 [BlockDeletingService#2] WARN  background.BlockDeletingService (BlockDeletingService.java:isDeletionAllowed(187)) - Close Container log Index 6 is not replicated across allthe servers in the pipeline a9fb5832-a8b6-4e39-9ab2-05ac48da6374 as the min replicated index is 4. Deletion is not allowed in this container yet.
2019-10-24 15:47:48,864 [BlockDeletingService#6] WARN  background.BlockDeletingService (BlockDeletingService.java:isDeletionAllowed(187)) - Close Container log Index 6 is not replicated across allthe servers in the pipeline a9fb5832-a8b6-4e39-9ab2-05ac48da6374 as the min replicated index is 4. Deletion is not allowed in this container yet.
2019-10-24 15:47:48,865 [EventQueue-ContainerReportForContainerReportHandler] WARN  container.ContainerReportHandler (AbstractContainerReportHandler.java:updateContainerState(145)) - Container #1 is in OPEN state, but the datanode 98e78e11-cb4b-48d0-b763-897efd13c9ec{ip: 192.168.164.213, host: pr-hdds-2359-djbrp-462585948, networkLocation: /default-rack, certSerialId: null} reports an CLOSED replica.
2019-10-24 15:47:49,038 [EventQueue-ContainerReportForContainerReportHandler] WARN  container.ContainerReportHandler (AbstractContainerReportHandler.java:updateContainerState(145)) - Container #1 is in OPEN state, but the datanode feaf5d54-1805-49ec-899f-945609733e38{ip: 192.168.164.213, host: pr-hdds-2359-djbrp-462585948, networkLocation: /default-rack, certSerialId: null} reports an CLOSED replica.
2019-10-24 15:47:49,167 [EventQueue-ContainerReportForContainerReportHandler] WARN  container.ContainerReportHandler (AbstractContainerReportHandler.java:updateContainerState(145)) - Container #1 is in OPEN state, but the datanode 98e78e11-cb4b-48d0-b763-897efd13c9ec{ip: 192.168.164.213, host: pr-hdds-2359-djbrp-462585948, networkLocation: /default-rack, certSerialId: null} reports an CLOSED replica.
2019-10-24 15:47:49,367 [EventQueue-ContainerReportForContainerReportHandler] WARN  container.ContainerReportHandler (AbstractContainerReportHandler.java:updateContainerState(145)) - Container #1 is in OPEN state, but the datanode 98e78e11-cb4b-48d0-b763-897efd13c9ec{ip: 192.168.164.213, host: pr-hdds-2359-djbrp-462585948, networkLocation: /default-rack, certSerialId: null} reports an CLOSED replica.
2019-10-24 15:47:49,440 [EventQueue-ContainerReportForContainerReportHandler] WARN  container.ContainerReportHandler (AbstractContainerReportHandler.java:updateContainerState(145)) - Container #1 is in OPEN state, but the datanode feaf5d54-1805-49ec-899f-945609733e38{ip: 192.168.164.213, host: pr-hdds-2359-djbrp-462585948, networkLocation: /default-rack, certSerialId: null} reports an CLOSED replica.
2019-10-24 15:47:49,638 [EventQueue-ContainerReportForContainerReportHandler] WARN  container.ContainerReportHandler (AbstractContainerReportHandler.java:updateContainerState(145)) - Container #1 is in OPEN state, but the datanode feaf5d54-1805-49ec-899f-945609733e38{ip: 192.168.164.213, host: pr-hdds-2359-djbrp-462585948, networkLocation: /default-rack, certSerialId: null} reports an CLOSED replica.
2019-10-24 15:47:49,669 [EventQueue-ContainerReportForContainerReportHandler] WARN  container.ContainerReportHandler (AbstractContainerReportHandler.java:updateContainerState(145)) - Container #1 is in OPEN state, but the datanode 98e78e11-cb4b-48d0-b763-897efd13c9ec{ip: 192.168.164.213, host: pr-hdds-2359-djbrp-462585948, networkLocation: /default-rack, certSerialId: null} reports an CLOSED replica.
2019-10-24 15:47:49,865 [BlockDeletingService#2] WARN  background.BlockDeletingService (BlockDeletingService.java:isDeletionAllowed(187)) - Close Container log Index 6 is not replicated across allthe servers in the pipeline a9fb5832-a8b6-4e39-9ab2-05ac48da6374 as the min replicated index is 4. Deletion is not allowed in this container yet.
2019-10-24 15:47:49,865 [BlockDeletingService#6] WARN  background.BlockDeletingService (BlockDeletingService.java:isDeletionAllowed(187)) - Close Container log Index 6 is not replicated across allthe servers in the pipeline a9fb5832-a8b6-4e39-9ab2-05ac48da6374 as the min replicated index is 4. Deletion is not allowed in this container yet.
2019-10-24 15:47:49,966 [Thread-492] INFO  client.GrpcClientProtocolService (GrpcClientProtocolService.java:lambda$processClientRequest$0(278)) - Failed RaftClientRequest:client-60DA70BF947A->98e78e11-cb4b-48d0-b763-897efd13c9ec@group-05AC48DA6374, cid=10, seq=0, Watch-ALL_COMMITTED(6), Message:<EMPTY>, reply=RaftClientReply:client-60DA70BF947A->98e78e11-cb4b-48d0-b763-897efd13c9ec@group-05AC48DA6374, cid=10, FAILED org.apache.ratis.protocol.NotLeaderException: Server 98e78e11-cb4b-48d0-b763-897efd13c9ec@group-05AC48DA6374 is not the leader feaf5d54-1805-49ec-899f-945609733e38:192.168.164.213:39911, logIndex=0, commits[98e78e11-cb4b-48d0-b763-897efd13c9ec:c10, 84568b57-9d99-42dc-882b-eae65806f704:c4, feaf5d54-1805-49ec-899f-945609733e38:c10]
2019-10-24 15:47:50,038 [EventQueue-ContainerReportForContainerReportHandler] WARN  container.ContainerReportHandler (AbstractContainerReportHandler.java:updateContainerState(145)) - Container #1 is in OPEN state, but the datanode feaf5d54-1805-49ec-899f-945609733e38{ip: 192.168.164.213, host: pr-hdds-2359-djbrp-462585948, networkLocation: /default-rack, certSerialId: null} reports an CLOSED replica.
2019-10-24 15:47:50,070 [EventQueue-ContainerReportForContainerReportHandler] WARN  container.ContainerReportHandler (AbstractContainerReportHandler.java:updateContainerState(145)) - Container #1 is in OPEN state, but the datanode 98e78e11-cb4b-48d0-b763-897efd13c9ec{ip: 192.168.164.213, host: pr-hdds-2359-djbrp-462585948, networkLocation: /default-rack, certSerialId: null} reports an CLOSED replica.
2019-10-24 15:47:50,227 [java.util.concurrent.ThreadPoolExecutor$Worker@1cb074f5[State = -1, empty queue]] WARN  server.GrpcLogAppender (GrpcLogAppender.java:timeoutAppendRequest(209)) - feaf5d54-1805-49ec-899f-945609733e38@group-05AC48DA6374->84568b57-9d99-42dc-882b-eae65806f704-GrpcLogAppender: appendEntries Timeout, request=feaf5d54-1805-49ec-899f-945609733e38->84568b57-9d99-42dc-882b-eae65806f704#46-t2, previous=(t:2, i:10), leaderCommit=10, initializing? false, entries: <empty>
2019-10-24 15:47:50,238 [EventQueue-ContainerReportForContainerReportHandler] WARN  container.ContainerReportHandler (AbstractContainerReportHandler.java:updateContainerState(145)) - Container #1 is in OPEN state, but the datanode feaf5d54-1805-49ec-899f-945609733e38{ip: 192.168.164.213, host: pr-hdds-2359-djbrp-462585948, networkLocation: /default-rack, certSerialId: null} reports an CLOSED replica.
2019-10-24 15:47:50,270 [EventQueue-ContainerReportForContainerReportHandler] WARN  container.ContainerReportHandler (AbstractContainerReportHandler.java:updateContainerState(145)) - Container #1 is in OPEN state, but the datanode 98e78e11-cb4b-48d0-b763-897efd13c9ec{ip: 192.168.164.213, host: pr-hdds-2359-djbrp-462585948, networkLocation: /default-rack, certSerialId: null} reports an CLOSED replica.
2019-10-24 15:47:50,538 [EventQueue-ContainerReportForContainerReportHandler] WARN  container.ContainerReportHandler (AbstractContainerReportHandler.java:updateContainerState(145)) - Container #1 is in OPEN state, but the datanode feaf5d54-1805-49ec-899f-945609733e38{ip: 192.168.164.213, host: pr-hdds-2359-djbrp-462585948, networkLocation: /default-rack, certSerialId: null} reports an CLOSED replica.
2019-10-24 15:47:50,569 [EventQueue-ContainerReportForContainerReportHandler] WARN  container.ContainerReportHandler (AbstractContainerReportHandler.java:updateContainerState(145)) - Container #1 is in OPEN state, but the datanode 98e78e11-cb4b-48d0-b763-897efd13c9ec{ip: 192.168.164.213, host: pr-hdds-2359-djbrp-462585948, networkLocation: /default-rack, certSerialId: null} reports an CLOSED replica.
2019-10-24 15:47:50,867 [BlockDeletingService#6] WARN  background.BlockDeletingService (BlockDeletingService.java:isDeletionAllowed(187)) - Close Container log Index 6 is not replicated across allthe servers in the pipeline a9fb5832-a8b6-4e39-9ab2-05ac48da6374 as the min replicated index is 4. Deletion is not allowed in this container yet.
2019-10-24 15:47:50,867 [BlockDeletingService#2] WARN  background.BlockDeletingService (BlockDeletingService.java:isDeletionAllowed(187)) - Close Container log Index 6 is not replicated across allthe servers in the pipeline a9fb5832-a8b6-4e39-9ab2-05ac48da6374 as the min replicated index is 4. Deletion is not allowed in this container yet.
2019-10-24 15:47:50,870 [EventQueue-ContainerReportForContainerReportHandler] WARN  container.ContainerReportHandler (AbstractContainerReportHandler.java:updateContainerState(145)) - Container #1 is in OPEN state, but the datanode 98e78e11-cb4b-48d0-b763-897efd13c9ec{ip: 192.168.164.213, host: pr-hdds-2359-djbrp-462585948, networkLocation: /default-rack, certSerialId: null} reports an CLOSED replica.
2019-10-24 15:47:50,939 [EventQueue-ContainerReportForContainerReportHandler] WARN  container.ContainerReportHandler (AbstractContainerReportHandler.java:updateContainerState(145)) - Container #1 is in OPEN state, but the datanode feaf5d54-1805-49ec-899f-945609733e38{ip: 192.168.164.213, host: pr-hdds-2359-djbrp-462585948, networkLocation: /default-rack, certSerialId: null} reports an CLOSED replica.
2019-10-24 15:47:51,171 [EventQueue-ContainerReportForContainerReportHandler] WARN  container.ContainerReportHandler (AbstractContainerReportHandler.java:updateContainerState(145)) - Container #1 is in OPEN state, but the datanode 98e78e11-cb4b-48d0-b763-897efd13c9ec{ip: 192.168.164.213, host: pr-hdds-2359-djbrp-462585948, networkLocation: /default-rack, certSerialId: null} reports an CLOSED replica.
2019-10-24 15:47:51,240 [EventQueue-ContainerReportForContainerReportHandler] WARN  container.ContainerReportHandler (AbstractContainerReportHandler.java:updateContainerState(145)) - Container #1 is in OPEN state, but the datanode feaf5d54-1805-49ec-899f-945609733e38{ip: 192.168.164.213, host: pr-hdds-2359-djbrp-462585948, networkLocation: /default-rack, certSerialId: null} reports an CLOSED replica.
2019-10-24 15:47:51,473 [EventQueue-ContainerReportForContainerReportHandler] WARN  container.ContainerReportHandler (AbstractContainerReportHandler.java:updateContainerState(145)) - Container #1 is in OPEN state, but the datanode 98e78e11-cb4b-48d0-b763-897efd13c9ec{ip: 192.168.164.213, host: pr-hdds-2359-djbrp-462585948, networkLocation: /default-rack, certSerialId: null} reports an CLOSED replica.
2019-10-24 15:47:51,640 [EventQueue-ContainerReportForContainerReportHandler] WARN  container.ContainerReportHandler (AbstractContainerReportHandler.java:updateContainerState(145)) - Container #1 is in OPEN state, but the datanode feaf5d54-1805-49ec-899f-945609733e38{ip: 192.168.164.213, host: pr-hdds-2359-djbrp-462585948, networkLocation: /default-rack, certSerialId: null} reports an CLOSED replica.
2019-10-24 15:47:51,683 [Thread-497] INFO  client.GrpcClientProtocolService (GrpcClientProtocolService.java:lambda$processClientRequest$0(278)) - Failed RaftClientRequest:client-60DA70BF947A->feaf5d54-1805-49ec-899f-945609733e38@group-05AC48DA6374, cid=10, seq=0, Watch-ALL_COMMITTED(6), Message:<EMPTY>, reply=RaftClientReply:client-60DA70BF947A->feaf5d54-1805-49ec-899f-945609733e38@group-05AC48DA6374, cid=10, FAILED org.apache.ratis.protocol.NotReplicatedException: Request with call Id 10 and log index 6 is not yet replicated to ALL_COMMITTED, logIndex=6, commits[feaf5d54-1805-49ec-899f-945609733e38:c10, 98e78e11-cb4b-48d0-b763-897efd13c9ec:c10, 84568b57-9d99-42dc-882b-eae65806f704:c4]
2019-10-24 15:47:51,774 [EventQueue-ContainerReportForContainerReportHandler] WARN  container.ContainerReportHandler (AbstractContainerReportHandler.java:updateContainerState(145)) - Container #1 is in OPEN state, but the datanode 98e78e11-cb4b-48d0-b763-897efd13c9ec{ip: 192.168.164.213, host: pr-hdds-2359-djbrp-462585948, networkLocation: /default-rack, certSerialId: null} reports an CLOSED replica.
2019-10-24 15:47:51,868 [BlockDeletingService#2] WARN  background.BlockDeletingService (BlockDeletingService.java:isDeletionAllowed(187)) - Close Container log Index 6 is not replicated across allthe servers in the pipeline a9fb5832-a8b6-4e39-9ab2-05ac48da6374 as the min replicated index is 4. Deletion is not allowed in this container yet.
2019-10-24 15:47:51,868 [BlockDeletingService#6] WARN  background.BlockDeletingService (BlockDeletingService.java:isDeletionAllowed(187)) - Close Container log Index 6 is not replicated across allthe servers in the pipeline a9fb5832-a8b6-4e39-9ab2-05ac48da6374 as the min replicated index is 4. Deletion is not allowed in this container yet.
2019-10-24 15:47:52,041 [EventQueue-ContainerReportForContainerReportHandler] WARN  container.ContainerReportHandler (AbstractContainerReportHandler.java:updateContainerState(145)) - Container #1 is in OPEN state, but the datanode feaf5d54-1805-49ec-899f-945609733e38{ip: 192.168.164.213, host: pr-hdds-2359-djbrp-462585948, networkLocation: /default-rack, certSerialId: null} reports an CLOSED replica.
2019-10-24 15:47:52,074 [EventQueue-ContainerReportForContainerReportHandler] WARN  container.ContainerReportHandler (AbstractContainerReportHandler.java:updateContainerState(145)) - Container #1 is in OPEN state, but the datanode 98e78e11-cb4b-48d0-b763-897efd13c9ec{ip: 192.168.164.213, host: pr-hdds-2359-djbrp-462585948, networkLocation: /default-rack, certSerialId: null} reports an CLOSED replica.
2019-10-24 15:47:52,340 [EventQueue-ContainerReportForContainerReportHandler] WARN  container.ContainerReportHandler (AbstractContainerReportHandler.java:updateContainerState(145)) - Container #1 is in OPEN state, but the datanode feaf5d54-1805-49ec-899f-945609733e38{ip: 192.168.164.213, host: pr-hdds-2359-djbrp-462585948, networkLocation: /default-rack, certSerialId: null} reports an CLOSED replica.
2019-10-24 15:47:52,374 [EventQueue-ContainerReportForContainerReportHandler] WARN  container.ContainerReportHandler (AbstractContainerReportHandler.java:updateContainerState(145)) - Container #1 is in OPEN state, but the datanode 98e78e11-cb4b-48d0-b763-897efd13c9ec{ip: 192.168.164.213, host: pr-hdds-2359-djbrp-462585948, networkLocation: /default-rack, certSerialId: null} reports an CLOSED replica.
2019-10-24 15:47:52,640 [EventQueue-ContainerReportForContainerReportHandler] WARN  container.ContainerReportHandler (AbstractContainerReportHandler.java:updateContainerState(145)) - Container #1 is in OPEN state, but the datanode feaf5d54-1805-49ec-899f-945609733e38{ip: 192.168.164.213, host: pr-hdds-2359-djbrp-462585948, networkLocation: /default-rack, certSerialId: null} reports an CLOSED replica.
2019-10-24 15:47:52,673 [EventQueue-ContainerReportForContainerReportHandler] WARN  container.ContainerReportHandler (AbstractContainerReportHandler.java:updateContainerState(145)) - Container #1 is in OPEN state, but the datanode 98e78e11-cb4b-48d0-b763-897efd13c9ec{ip: 192.168.164.213, host: pr-hdds-2359-djbrp-462585948, networkLocation: /default-rack, certSerialId: null} reports an CLOSED replica.
2019-10-24 15:47:52,728 [java.util.concurrent.ThreadPoolExecutor$Worker@1cb074f5[State = -1, empty queue]] WARN  server.GrpcLogAppender (GrpcLogAppender.java:timeoutAppendRequest(209)) - feaf5d54-1805-49ec-899f-945609733e38@group-05AC48DA6374->84568b57-9d99-42dc-882b-eae65806f704-GrpcLogAppender: appendEntries Timeout, request=feaf5d54-1805-49ec-899f-945609733e38->84568b57-9d99-42dc-882b-eae65806f704#47-t2, previous=(t:2, i:10), leaderCommit=10, initializing? false, entries: <empty>
2019-10-24 15:47:52,841 [EventQueue-ContainerReportForContainerReportHandler] WARN  container.ContainerReportHandler (AbstractContainerReportHandler.java:updateContainerState(145)) - Container #1 is in OPEN state, but the datanode feaf5d54-1805-49ec-899f-945609733e38{ip: 192.168.164.213, host: pr-hdds-2359-djbrp-462585948, networkLocation: /default-rack, certSerialId: null} reports an CLOSED replica.
2019-10-24 15:47:52,871 [BlockDeletingService#6] WARN  background.BlockDeletingService (BlockDeletingService.java:isDeletionAllowed(187)) - Close Container log Index 6 is not replicated across allthe servers in the pipeline a9fb5832-a8b6-4e39-9ab2-05ac48da6374 as the min replicated index is 4. Deletion is not allowed in this container yet.
2019-10-24 15:47:52,871 [BlockDeletingService#2] WARN  background.BlockDeletingService (BlockDeletingService.java:isDeletionAllowed(187)) - Close Container log Index 6 is not replicated across allthe servers in the pipeline a9fb5832-a8b6-4e39-9ab2-05ac48da6374 as the min replicated index is 4. Deletion is not allowed in this container yet.
2019-10-24 15:47:52,973 [EventQueue-ContainerReportForContainerReportHandler] WARN  container.ContainerReportHandler (AbstractContainerReportHandler.java:updateContainerState(145)) - Container #1 is in OPEN state, but the datanode 98e78e11-cb4b-48d0-b763-897efd13c9ec{ip: 192.168.164.213, host: pr-hdds-2359-djbrp-462585948, networkLocation: /default-rack, certSerialId: null} reports an CLOSED replica.
2019-10-24 15:47:53,174 [EventQueue-ContainerReportForContainerReportHandler] WARN  container.ContainerReportHandler (AbstractContainerReportHandler.java:updateContainerState(145)) - Container #1 is in OPEN state, but the datanode 98e78e11-cb4b-48d0-b763-897efd13c9ec{ip: 192.168.164.213, host: pr-hdds-2359-djbrp-462585948, networkLocation: /default-rack, certSerialId: null} reports an CLOSED replica.
2019-10-24 15:47:53,240 [EventQueue-ContainerReportForContainerReportHandler] WARN  container.ContainerReportHandler (AbstractContainerReportHandler.java:updateContainerState(145)) - Container #1 is in OPEN state, but the datanode feaf5d54-1805-49ec-899f-945609733e38{ip: 192.168.164.213, host: pr-hdds-2359-djbrp-462585948, networkLocation: /default-rack, certSerialId: null} reports an CLOSED replica.
2019-10-24 15:47:53,441 [EventQueue-ContainerReportForContainerReportHandler] WARN  container.ContainerReportHandler (AbstractContainerReportHandler.java:updateContainerState(145)) - Container #1 is in OPEN state, but the datanode feaf5d54-1805-49ec-899f-945609733e38{ip: 192.168.164.213, host: pr-hdds-2359-djbrp-462585948, networkLocation: /default-rack, certSerialId: null} reports an CLOSED replica.
2019-10-24 15:47:53,474 [EventQueue-ContainerReportForContainerReportHandler] WARN  container.ContainerReportHandler (AbstractContainerReportHandler.java:updateContainerState(145)) - Container #1 is in OPEN state, but the datanode 98e78e11-cb4b-48d0-b763-897efd13c9ec{ip: 192.168.164.213, host: pr-hdds-2359-djbrp-462585948, networkLocation: /default-rack, certSerialId: null} reports an CLOSED replica.
2019-10-24 15:47:53,641 [EventQueue-ContainerReportForContainerReportHandler] WARN  container.ContainerReportHandler (AbstractContainerReportHandler.java:updateContainerState(145)) - Container #1 is in OPEN state, but the datanode feaf5d54-1805-49ec-899f-945609733e38{ip: 192.168.164.213, host: pr-hdds-2359-djbrp-462585948, networkLocation: /default-rack, certSerialId: null} reports an CLOSED replica.
2019-10-24 15:47:53,776 [EventQueue-ContainerReportForContainerReportHandler] WARN  container.ContainerReportHandler (AbstractContainerReportHandler.java:updateContainerState(145)) - Container #1 is in OPEN state, but the datanode 98e78e11-cb4b-48d0-b763-897efd13c9ec{ip: 192.168.164.213, host: pr-hdds-2359-djbrp-462585948, networkLocation: /default-rack, certSerialId: null} reports an CLOSED replica.
2019-10-24 15:47:53,873 [BlockDeletingService#2] WARN  background.BlockDeletingService (BlockDeletingService.java:isDeletionAllowed(187)) - Close Container log Index 6 is not replicated across allthe servers in the pipeline a9fb5832-a8b6-4e39-9ab2-05ac48da6374 as the min replicated index is 4. Deletion is not allowed in this container yet.
2019-10-24 15:47:53,873 [BlockDeletingService#6] WARN  background.BlockDeletingService (BlockDeletingService.java:isDeletionAllowed(187)) - Close Container log Index 6 is not replicated across allthe servers in the pipeline a9fb5832-a8b6-4e39-9ab2-05ac48da6374 as the min replicated index is 4. Deletion is not allowed in this container yet.
2019-10-24 15:47:53,941 [EventQueue-ContainerReportForContainerReportHandler] WARN  container.ContainerReportHandler (AbstractContainerReportHandler.java:updateContainerState(145)) - Container #1 is in OPEN state, but the datanode feaf5d54-1805-49ec-899f-945609733e38{ip: 192.168.164.213, host: pr-hdds-2359-djbrp-462585948, networkLocation: /default-rack, certSerialId: null} reports an CLOSED replica.
2019-10-24 15:47:54,177 [EventQueue-ContainerReportForContainerReportHandler] WARN  container.ContainerReportHandler (AbstractContainerReportHandler.java:updateContainerState(145)) - Container #1 is in OPEN state, but the datanode 98e78e11-cb4b-48d0-b763-897efd13c9ec{ip: 192.168.164.213, host: pr-hdds-2359-djbrp-462585948, networkLocation: /default-rack, certSerialId: null} reports an CLOSED replica.
2019-10-24 15:47:54,342 [EventQueue-ContainerReportForContainerReportHandler] WARN  container.ContainerReportHandler (AbstractContainerReportHandler.java:updateContainerState(145)) - Container #1 is in OPEN state, but the datanode feaf5d54-1805-49ec-899f-945609733e38{ip: 192.168.164.213, host: pr-hdds-2359-djbrp-462585948, networkLocation: /default-rack, certSerialId: null} reports an CLOSED replica.
2019-10-24 15:47:54,477 [EventQueue-ContainerReportForContainerReportHandler] WARN  container.ContainerReportHandler (AbstractContainerReportHandler.java:updateContainerState(145)) - Container #1 is in OPEN state, but the datanode 98e78e11-cb4b-48d0-b763-897efd13c9ec{ip: 192.168.164.213, host: pr-hdds-2359-djbrp-462585948, networkLocation: /default-rack, certSerialId: null} reports an CLOSED replica.
2019-10-24 15:47:54,642 [EventQueue-ContainerReportForContainerReportHandler] WARN  container.ContainerReportHandler (AbstractContainerReportHandler.java:updateContainerState(145)) - Container #1 is in OPEN state, but the datanode feaf5d54-1805-49ec-899f-945609733e38{ip: 192.168.164.213, host: pr-hdds-2359-djbrp-462585948, networkLocation: /default-rack, certSerialId: null} reports an CLOSED replica.
2019-10-24 15:47:54,842 [EventQueue-ContainerReportForContainerReportHandler] WARN  container.ContainerReportHandler (AbstractContainerReportHandler.java:updateContainerState(145)) - Container #1 is in OPEN state, but the datanode feaf5d54-1805-49ec-899f-945609733e38{ip: 192.168.164.213, host: pr-hdds-2359-djbrp-462585948, networkLocation: /default-rack, certSerialId: null} reports an CLOSED replica.
2019-10-24 15:47:54,874 [BlockDeletingService#2] WARN  background.BlockDeletingService (BlockDeletingService.java:isDeletionAllowed(187)) - Close Container log Index 6 is not replicated across allthe servers in the pipeline a9fb5832-a8b6-4e39-9ab2-05ac48da6374 as the min replicated index is 4. Deletion is not allowed in this container yet.
2019-10-24 15:47:54,874 [BlockDeletingService#6] WARN  background.BlockDeletingService (BlockDeletingService.java:isDeletionAllowed(187)) - Close Container log Index 6 is not replicated across allthe servers in the pipeline a9fb5832-a8b6-4e39-9ab2-05ac48da6374 as the min replicated index is 4. Deletion is not allowed in this container yet.
2019-10-24 15:47:54,876 [EventQueue-ContainerReportForContainerReportHandler] WARN  container.ContainerReportHandler (AbstractContainerReportHandler.java:updateContainerState(145)) - Container #1 is in OPEN state, but the datanode 98e78e11-cb4b-48d0-b763-897efd13c9ec{ip: 192.168.164.213, host: pr-hdds-2359-djbrp-462585948, networkLocation: /default-rack, certSerialId: null} reports an CLOSED replica.
2019-10-24 15:47:55,042 [EventQueue-ContainerReportForContainerReportHandler] WARN  container.ContainerReportHandler (AbstractContainerReportHandler.java:updateContainerState(145)) - Container #1 is in OPEN state, but the datanode feaf5d54-1805-49ec-899f-945609733e38{ip: 192.168.164.213, host: pr-hdds-2359-djbrp-462585948, networkLocation: /default-rack, certSerialId: null} reports an CLOSED replica.
2019-10-24 15:47:55,177 [EventQueue-ContainerReportForContainerReportHandler] WARN  container.ContainerReportHandler (AbstractContainerReportHandler.java:updateContainerState(145)) - Container #1 is in OPEN state, but the datanode 98e78e11-cb4b-48d0-b763-897efd13c9ec{ip: 192.168.164.213, host: pr-hdds-2359-djbrp-462585948, networkLocation: /default-rack, certSerialId: null} reports an CLOSED replica.
2019-10-24 15:47:55,230 [java.util.concurrent.ThreadPoolExecutor$Worker@1cb074f5[State = -1, empty queue]] WARN  server.GrpcLogAppender (GrpcLogAppender.java:timeoutAppendRequest(209)) - feaf5d54-1805-49ec-899f-945609733e38@group-05AC48DA6374->84568b57-9d99-42dc-882b-eae65806f704-GrpcLogAppender: appendEntries Timeout, request=feaf5d54-1805-49ec-899f-945609733e38->84568b57-9d99-42dc-882b-eae65806f704#48-t2, previous=(t:2, i:10), leaderCommit=10, initializing? false, entries: <empty>
2019-10-24 15:47:55,241 [EventQueue-ContainerReportForContainerReportHandler] WARN  container.ContainerReportHandler (AbstractContainerReportHandler.java:updateContainerState(145)) - Container #1 is in OPEN state, but the datanode feaf5d54-1805-49ec-899f-945609733e38{ip: 192.168.164.213, host: pr-hdds-2359-djbrp-462585948, networkLocation: /default-rack, certSerialId: null} reports an CLOSED replica.
2019-10-24 15:47:55,376 [EventQueue-ContainerReportForContainerReportHandler] WARN  container.ContainerReportHandler (AbstractContainerReportHandler.java:updateContainerState(145)) - Container #1 is in OPEN state, but the datanode 98e78e11-cb4b-48d0-b763-897efd13c9ec{ip: 192.168.164.213, host: pr-hdds-2359-djbrp-462585948, networkLocation: /default-rack, certSerialId: null} reports an CLOSED replica.
2019-10-24 15:47:55,542 [EventQueue-ContainerReportForContainerReportHandler] WARN  container.ContainerReportHandler (AbstractContainerReportHandler.java:updateContainerState(145)) - Container #1 is in OPEN state, but the datanode feaf5d54-1805-49ec-899f-945609733e38{ip: 192.168.164.213, host: pr-hdds-2359-djbrp-462585948, networkLocation: /default-rack, certSerialId: null} reports an CLOSED replica.
2019-10-24 15:47:55,742 [EventQueue-ContainerReportForContainerReportHandler] WARN  container.ContainerReportHandler (AbstractContainerReportHandler.java:updateContainerState(145)) - Container #1 is in OPEN state, but the datanode feaf5d54-1805-49ec-899f-945609733e38{ip: 192.168.164.213, host: pr-hdds-2359-djbrp-462585948, networkLocation: /default-rack, certSerialId: null} reports an CLOSED replica.
2019-10-24 15:47:55,776 [EventQueue-ContainerReportForContainerReportHandler] WARN  container.ContainerReportHandler (AbstractContainerReportHandler.java:updateContainerState(145)) - Container #1 is in OPEN state, but the datanode 98e78e11-cb4b-48d0-b763-897efd13c9ec{ip: 192.168.164.213, host: pr-hdds-2359-djbrp-462585948, networkLocation: /default-rack, certSerialId: null} reports an CLOSED replica.
2019-10-24 15:47:55,876 [BlockDeletingService#2] WARN  background.BlockDeletingService (BlockDeletingService.java:isDeletionAllowed(187)) - Close Container log Index 6 is not replicated across allthe servers in the pipeline a9fb5832-a8b6-4e39-9ab2-05ac48da6374 as the min replicated index is 4. Deletion is not allowed in this container yet.
2019-10-24 15:47:55,876 [BlockDeletingService#6] WARN  background.BlockDeletingService (BlockDeletingService.java:isDeletionAllowed(187)) - Close Container log Index 6 is not replicated across allthe servers in the pipeline a9fb5832-a8b6-4e39-9ab2-05ac48da6374 as the min replicated index is 4. Deletion is not allowed in this container yet.
2019-10-24 15:47:56,043 [EventQueue-ContainerReportForContainerReportHandler] WARN  container.ContainerReportHandler (AbstractContainerReportHandler.java:updateContainerState(145)) - Container #1 is in OPEN state, but the datanode feaf5d54-1805-49ec-899f-945609733e38{ip: 192.168.164.213, host: pr-hdds-2359-djbrp-462585948, networkLocation: /default-rack, certSerialId: null} reports an CLOSED replica.
2019-10-24 15:47:56,077 [EventQueue-ContainerReportForContainerReportHandler] WARN  container.ContainerReportHandler (AbstractContainerReportHandler.java:updateContainerState(145)) - Container #1 is in OPEN state, but the datanode 98e78e11-cb4b-48d0-b763-897efd13c9ec{ip: 192.168.164.213, host: pr-hdds-2359-djbrp-462585948, networkLocation: /default-rack, certSerialId: null} reports an CLOSED replica.
2019-10-24 15:47:56,342 [EventQueue-ContainerReportForContainerReportHandler] WARN  container.ContainerReportHandler (AbstractContainerReportHandler.java:updateContainerState(145)) - Container #1 is in OPEN state, but the datanode feaf5d54-1805-49ec-899f-945609733e38{ip: 192.168.164.213, host: pr-hdds-2359-djbrp-462585948, networkLocation: /default-rack, certSerialId: null} reports an CLOSED replica.
2019-10-24 15:47:56,376 [EventQueue-ContainerReportForContainerReportHandler] WARN  container.ContainerReportHandler (AbstractContainerReportHandler.java:updateContainerState(145)) - Container #1 is in OPEN state, but the datanode 98e78e11-cb4b-48d0-b763-897efd13c9ec{ip: 192.168.164.213, host: pr-hdds-2359-djbrp-462585948, networkLocation: /default-rack, certSerialId: null} reports an CLOSED replica.
2019-10-24 15:47:56,543 [EventQueue-ContainerReportForContainerReportHandler] WARN  container.ContainerReportHandler (AbstractContainerReportHandler.java:updateContainerState(145)) - Container #1 is in OPEN state, but the datanode feaf5d54-1805-49ec-899f-945609733e38{ip: 192.168.164.213, host: pr-hdds-2359-djbrp-462585948, networkLocation: /default-rack, certSerialId: null} reports an CLOSED replica.
2019-10-24 15:47:56,677 [EventQueue-ContainerReportForContainerReportHandler] WARN  container.ContainerReportHandler (AbstractContainerReportHandler.java:updateContainerState(145)) - Container #1 is in OPEN state, but the datanode 98e78e11-cb4b-48d0-b763-897efd13c9ec{ip: 192.168.164.213, host: pr-hdds-2359-djbrp-462585948, networkLocation: /default-rack, certSerialId: null} reports an CLOSED replica.
2019-10-24 15:47:56,843 [EventQueue-ContainerReportForContainerReportHandler] WARN  container.ContainerReportHandler (AbstractContainerReportHandler.java:updateContainerState(145)) - Container #1 is in OPEN state, but the datanode feaf5d54-1805-49ec-899f-945609733e38{ip: 192.168.164.213, host: pr-hdds-2359-djbrp-462585948, networkLocation: /default-rack, certSerialId: null} reports an CLOSED replica.
2019-10-24 15:47:56,878 [BlockDeletingService#2] WARN  background.BlockDeletingService (BlockDeletingService.java:isDeletionAllowed(187)) - Close Container log Index 6 is not replicated across allthe servers in the pipeline a9fb5832-a8b6-4e39-9ab2-05ac48da6374 as the min replicated index is 4. Deletion is not allowed in this container yet.
2019-10-24 15:47:56,878 [BlockDeletingService#6] WARN  background.BlockDeletingService (BlockDeletingService.java:isDeletionAllowed(187)) - Close Container log Index 6 is not replicated across allthe servers in the pipeline a9fb5832-a8b6-4e39-9ab2-05ac48da6374 as the min replicated index is 4. Deletion is not allowed in this container yet.
2019-10-24 15:47:56,977 [EventQueue-ContainerReportForContainerReportHandler] WARN  container.ContainerReportHandler (AbstractContainerReportHandler.java:updateContainerState(145)) - Container #1 is in OPEN state, but the datanode 98e78e11-cb4b-48d0-b763-897efd13c9ec{ip: 192.168.164.213, host: pr-hdds-2359-djbrp-462585948, networkLocation: /default-rack, certSerialId: null} reports an CLOSED replica.
2019-10-24 15:47:57,142 [EventQueue-ContainerReportForContainerReportHandler] WARN  container.ContainerReportHandler (AbstractContainerReportHandler.java:updateContainerState(145)) - Container #1 is in OPEN state, but the datanode feaf5d54-1805-49ec-899f-945609733e38{ip: 192.168.164.213, host: pr-hdds-2359-djbrp-462585948, networkLocation: /default-rack, certSerialId: null} reports an CLOSED replica.
2019-10-24 15:47:57,277 [EventQueue-ContainerReportForContainerReportHandler] WARN  container.ContainerReportHandler (AbstractContainerReportHandler.java:updateContainerState(145)) - Container #1 is in OPEN state, but the datanode 98e78e11-cb4b-48d0-b763-897efd13c9ec{ip: 192.168.164.213, host: pr-hdds-2359-djbrp-462585948, networkLocation: /default-rack, certSerialId: null} reports an CLOSED replica.
2019-10-24 15:47:57,443 [EventQueue-ContainerReportForContainerReportHandler] WARN  container.ContainerReportHandler (AbstractContainerReportHandler.java:updateContainerState(145)) - Container #1 is in OPEN state, but the datanode feaf5d54-1805-49ec-899f-945609733e38{ip: 192.168.164.213, host: pr-hdds-2359-djbrp-462585948, networkLocation: /default-rack, certSerialId: null} reports an CLOSED replica.
2019-10-24 15:47:57,577 [EventQueue-ContainerReportForContainerReportHandler] WARN  container.ContainerReportHandler (AbstractContainerReportHandler.java:updateContainerState(145)) - Container #1 is in OPEN state, but the datanode 98e78e11-cb4b-48d0-b763-897efd13c9ec{ip: 192.168.164.213, host: pr-hdds-2359-djbrp-462585948, networkLocation: /default-rack, certSerialId: null} reports an CLOSED replica.
2019-10-24 15:47:57,644 [EventQueue-ContainerReportForContainerReportHandler] WARN  container.ContainerReportHandler (AbstractContainerReportHandler.java:updateContainerState(145)) - Container #1 is in OPEN state, but the datanode feaf5d54-1805-49ec-899f-945609733e38{ip: 192.168.164.213, host: pr-hdds-2359-djbrp-462585948, networkLocation: /default-rack, certSerialId: null} reports an CLOSED replica.
2019-10-24 15:47:57,731 [java.util.concurrent.ThreadPoolExecutor$Worker@1cb074f5[State = -1, empty queue]] WARN  server.GrpcLogAppender (GrpcLogAppender.java:timeoutAppendRequest(209)) - feaf5d54-1805-49ec-899f-945609733e38@group-05AC48DA6374->84568b57-9d99-42dc-882b-eae65806f704-GrpcLogAppender: appendEntries Timeout, request=feaf5d54-1805-49ec-899f-945609733e38->84568b57-9d99-42dc-882b-eae65806f704#49-t2, previous=(t:2, i:10), leaderCommit=10, initializing? false, entries: <empty>
2019-10-24 15:47:57,844 [EventQueue-ContainerReportForContainerReportHandler] WARN  container.ContainerReportHandler (AbstractContainerReportHandler.java:updateContainerState(145)) - Container #1 is in OPEN state, but the datanode feaf5d54-1805-49ec-899f-945609733e38{ip: 192.168.164.213, host: pr-hdds-2359-djbrp-462585948, networkLocation: /default-rack, certSerialId: null} reports an CLOSED replica.
2019-10-24 15:47:57,879 [EventQueue-ContainerReportForContainerReportHandler] WARN  container.ContainerReportHandler (AbstractContainerReportHandler.java:updateContainerState(145)) - Container #1 is in OPEN state, but the datanode 98e78e11-cb4b-48d0-b763-897efd13c9ec{ip: 192.168.164.213, host: pr-hdds-2359-djbrp-462585948, networkLocation: /default-rack, certSerialId: null} reports an CLOSED replica.
2019-10-24 15:47:57,880 [BlockDeletingService#6] WARN  background.BlockDeletingService (BlockDeletingService.java:isDeletionAllowed(187)) - Close Container log Index 6 is not replicated across allthe servers in the pipeline a9fb5832-a8b6-4e39-9ab2-05ac48da6374 as the min replicated index is 4. Deletion is not allowed in this container yet.
2019-10-24 15:47:57,880 [BlockDeletingService#2] WARN  background.BlockDeletingService (BlockDeletingService.java:isDeletionAllowed(187)) - Close Container log Index 6 is not replicated across allthe servers in the pipeline a9fb5832-a8b6-4e39-9ab2-05ac48da6374 as the min replicated index is 4. Deletion is not allowed in this container yet.
2019-10-24 15:47:58,178 [EventQueue-ContainerReportForContainerReportHandler] WARN  container.ContainerReportHandler (AbstractContainerReportHandler.java:updateContainerState(145)) - Container #1 is in OPEN state, but the datanode 98e78e11-cb4b-48d0-b763-897efd13c9ec{ip: 192.168.164.213, host: pr-hdds-2359-djbrp-462585948, networkLocation: /default-rack, certSerialId: null} reports an CLOSED replica.
2019-10-24 15:47:58,244 [EventQueue-ContainerReportForContainerReportHandler] WARN  container.ContainerReportHandler (AbstractContainerReportHandler.java:updateContainerState(145)) - Container #1 is in OPEN state, but the datanode feaf5d54-1805-49ec-899f-945609733e38{ip: 192.168.164.213, host: pr-hdds-2359-djbrp-462585948, networkLocation: /default-rack, certSerialId: null} reports an CLOSED replica.
2019-10-24 15:47:58,479 [EventQueue-ContainerReportForContainerReportHandler] WARN  container.ContainerReportHandler (AbstractContainerReportHandler.java:updateContainerState(145)) - Container #1 is in OPEN state, but the datanode 98e78e11-cb4b-48d0-b763-897efd13c9ec{ip: 192.168.164.213, host: pr-hdds-2359-djbrp-462585948, networkLocation: /default-rack, certSerialId: null} reports an CLOSED replica.
2019-10-24 15:47:58,644 [EventQueue-ContainerReportForContainerReportHandler] WARN  container.ContainerReportHandler (AbstractContainerReportHandler.java:updateContainerState(145)) - Container #1 is in OPEN state, but the datanode feaf5d54-1805-49ec-899f-945609733e38{ip: 192.168.164.213, host: pr-hdds-2359-djbrp-462585948, networkLocation: /default-rack, certSerialId: null} reports an CLOSED replica.
2019-10-24 15:47:58,778 [EventQueue-ContainerReportForContainerReportHandler] WARN  container.ContainerReportHandler (AbstractContainerReportHandler.java:updateContainerState(145)) - Container #1 is in OPEN state, but the datanode 98e78e11-cb4b-48d0-b763-897efd13c9ec{ip: 192.168.164.213, host: pr-hdds-2359-djbrp-462585948, networkLocation: /default-rack, certSerialId: null} reports an CLOSED replica.
2019-10-24 15:47:58,882 [BlockDeletingService#2] WARN  background.BlockDeletingService (BlockDeletingService.java:isDeletionAllowed(187)) - Close Container log Index 6 is not replicated across allthe servers in the pipeline a9fb5832-a8b6-4e39-9ab2-05ac48da6374 as the min replicated index is 4. Deletion is not allowed in this container yet.
2019-10-24 15:47:58,882 [BlockDeletingService#6] WARN  background.BlockDeletingService (BlockDeletingService.java:isDeletionAllowed(187)) - Close Container log Index 6 is not replicated across allthe servers in the pipeline a9fb5832-a8b6-4e39-9ab2-05ac48da6374 as the min replicated index is 4. Deletion is not allowed in this container yet.
2019-10-24 15:47:58,944 [EventQueue-ContainerReportForContainerReportHandler] WARN  container.ContainerReportHandler (AbstractContainerReportHandler.java:updateContainerState(145)) - Container #1 is in OPEN state, but the datanode feaf5d54-1805-49ec-899f-945609733e38{ip: 192.168.164.213, host: pr-hdds-2359-djbrp-462585948, networkLocation: /default-rack, certSerialId: null} reports an CLOSED replica.
2019-10-24 15:47:58,978 [EventQueue-ContainerReportForContainerReportHandler] WARN  container.ContainerReportHandler (AbstractContainerReportHandler.java:updateContainerState(145)) - Container #1 is in OPEN state, but the datanode 98e78e11-cb4b-48d0-b763-897efd13c9ec{ip: 192.168.164.213, host: pr-hdds-2359-djbrp-462585948, networkLocation: /default-rack, certSerialId: null} reports an CLOSED replica.
2019-10-24 15:47:59,279 [EventQueue-ContainerReportForContainerReportHandler] WARN  container.ContainerReportHandler (AbstractContainerReportHandler.java:updateContainerState(145)) - Container #1 is in OPEN state, but the datanode 98e78e11-cb4b-48d0-b763-897efd13c9ec{ip: 192.168.164.213, host: pr-hdds-2359-djbrp-462585948, networkLocation: /default-rack, certSerialId: null} reports an CLOSED replica.
2019-10-24 15:47:59,344 [EventQueue-ContainerReportForContainerReportHandler] WARN  container.ContainerReportHandler (AbstractContainerReportHandler.java:updateContainerState(145)) - Container #1 is in OPEN state, but the datanode feaf5d54-1805-49ec-899f-945609733e38{ip: 192.168.164.213, host: pr-hdds-2359-djbrp-462585948, networkLocation: /default-rack, certSerialId: null} reports an CLOSED replica.
2019-10-24 15:47:59,390 [EventQueue-StaleNodeForStaleNodeHandler] INFO  node.StaleNodeHandler (StaleNodeHandler.java:onMessage(58)) - Datanode 84568b57-9d99-42dc-882b-eae65806f704{ip: 192.168.164.213, host: pr-hdds-2359-djbrp-462585948, networkLocation: /default-rack, certSerialId: null} moved to stale state. Finalizing its pipelines [PipelineID=a9fb5832-a8b6-4e39-9ab2-05ac48da6374, PipelineID=1fe3420e-4a84-4d90-9d36-364cf776a522]
2019-10-24 15:47:59,390 [EventQueue-StaleNodeForStaleNodeHandler] INFO  pipeline.SCMPipelineManager (SCMPipelineManager.java:finalizeAndDestroyPipeline(315)) - destroying pipeline:Pipeline[ Id: a9fb5832-a8b6-4e39-9ab2-05ac48da6374, Nodes: feaf5d54-1805-49ec-899f-945609733e38{ip: 192.168.164.213, host: pr-hdds-2359-djbrp-462585948, networkLocation: /default-rack, certSerialId: null}84568b57-9d99-42dc-882b-eae65806f704{ip: 192.168.164.213, host: pr-hdds-2359-djbrp-462585948, networkLocation: /default-rack, certSerialId: null}98e78e11-cb4b-48d0-b763-897efd13c9ec{ip: 192.168.164.213, host: pr-hdds-2359-djbrp-462585948, networkLocation: /default-rack, certSerialId: null}, Type:RATIS, Factor:THREE, State:OPEN]
2019-10-24 15:47:59,393 [EventQueue-StaleNodeForStaleNodeHandler] INFO  pipeline.PipelineStateManager (PipelineStateManager.java:finalizePipeline(123)) - Pipeline Pipeline[ Id: a9fb5832-a8b6-4e39-9ab2-05ac48da6374, Nodes: feaf5d54-1805-49ec-899f-945609733e38{ip: 192.168.164.213, host: pr-hdds-2359-djbrp-462585948, networkLocation: /default-rack, certSerialId: null}84568b57-9d99-42dc-882b-eae65806f704{ip: 192.168.164.213, host: pr-hdds-2359-djbrp-462585948, networkLocation: /default-rack, certSerialId: null}98e78e11-cb4b-48d0-b763-897efd13c9ec{ip: 192.168.164.213, host: pr-hdds-2359-djbrp-462585948, networkLocation: /default-rack, certSerialId: null}, Type:RATIS, Factor:THREE, State:CLOSED] moved to CLOSED state
2019-10-24 15:47:59,394 [EventQueue-CloseContainerForCloseContainerEventHandler] INFO  container.CloseContainerEventHandler (CloseContainerEventHandler.java:onMessage(61)) - Close container Event triggered for container : #1
2019-10-24 15:47:59,397 [EventQueue-StaleNodeForStaleNodeHandler] INFO  pipeline.SCMPipelineManager (SCMPipelineManager.java:finalizeAndDestroyPipeline(315)) - destroying pipeline:Pipeline[ Id: 1fe3420e-4a84-4d90-9d36-364cf776a522, Nodes: 84568b57-9d99-42dc-882b-eae65806f704{ip: 192.168.164.213, host: pr-hdds-2359-djbrp-462585948, networkLocation: /default-rack, certSerialId: null}, Type:RATIS, Factor:ONE, State:OPEN]
2019-10-24 15:47:59,398 [EventQueue-StaleNodeForStaleNodeHandler] INFO  pipeline.PipelineStateManager (PipelineStateManager.java:finalizePipeline(123)) - Pipeline Pipeline[ Id: 1fe3420e-4a84-4d90-9d36-364cf776a522, Nodes: 84568b57-9d99-42dc-882b-eae65806f704{ip: 192.168.164.213, host: pr-hdds-2359-djbrp-462585948, networkLocation: /default-rack, certSerialId: null}, Type:RATIS, Factor:ONE, State:CLOSED] moved to CLOSED state
2019-10-24 15:47:59,579 [EventQueue-ContainerReportForContainerReportHandler] INFO  container.ContainerReportHandler (AbstractContainerReportHandler.java:updateContainerState(178)) - Moving container #1 to CLOSED state, datanode 98e78e11-cb4b-48d0-b763-897efd13c9ec{ip: 192.168.164.213, host: pr-hdds-2359-djbrp-462585948, networkLocation: /default-rack, certSerialId: null} reported CLOSED replica.
2019-10-24 15:47:59,884 [BlockDeletingService#2] WARN  background.BlockDeletingService (BlockDeletingService.java:isDeletionAllowed(187)) - Close Container log Index 6 is not replicated across allthe servers in the pipeline a9fb5832-a8b6-4e39-9ab2-05ac48da6374 as the min replicated index is 4. Deletion is not allowed in this container yet.
2019-10-24 15:47:59,884 [BlockDeletingService#6] WARN  background.BlockDeletingService (BlockDeletingService.java:isDeletionAllowed(187)) - Close Container log Index 6 is not replicated across allthe servers in the pipeline a9fb5832-a8b6-4e39-9ab2-05ac48da6374 as the min replicated index is 4. Deletion is not allowed in this container yet.
2019-10-24 15:48:00,112 [SCMBlockDeletingService#1] INFO  block.SCMBlockDeletingService (SCMBlockDeletingService.java:call(184)) - Totally added 3 delete blocks command for 3 datanodes, task elapsed time: 6ms
2019-10-24 15:48:00,183 [EventQueue-PendingDeleteStatusForPendingDeleteHandler] INFO  block.SCMBlockDeletingService (SCMBlockDeletingService.java:handlePendingDeletes(115)) - Block deletion txnID mismatch in datanode 98e78e11-cb4b-48d0-b763-897efd13c9ec for containerID 1. Datanode delete txnID: 0, SCM txnID: 1
2019-10-24 15:48:00,232 [java.util.concurrent.ThreadPoolExecutor$Worker@1cb074f5[State = -1, empty queue]] WARN  server.GrpcLogAppender (GrpcLogAppender.java:timeoutAppendRequest(209)) - feaf5d54-1805-49ec-899f-945609733e38@group-05AC48DA6374->84568b57-9d99-42dc-882b-eae65806f704-GrpcLogAppender: appendEntries Timeout, request=feaf5d54-1805-49ec-899f-945609733e38->84568b57-9d99-42dc-882b-eae65806f704#50-t2, previous=(t:2, i:10), leaderCommit=10, initializing? false, entries: <empty>
2019-10-24 15:48:00,345 [EventQueue-PendingDeleteStatusForPendingDeleteHandler] INFO  block.SCMBlockDeletingService (SCMBlockDeletingService.java:handlePendingDeletes(115)) - Block deletion txnID mismatch in datanode feaf5d54-1805-49ec-899f-945609733e38 for containerID 1. Datanode delete txnID: 0, SCM txnID: 1
2019-10-24 15:48:00,381 [Command processor thread] INFO  commandhandler.DeleteBlocksCommandHandler (DeleteBlocksCommandHandler.java:handle(106)) - Start to delete container blocks, TXIDs=[1(0)], numOfContainers=1, numOfBlocks=1
2019-10-24 15:48:00,646 [EventQueue-PendingDeleteStatusForPendingDeleteHandler] INFO  block.SCMBlockDeletingService (SCMBlockDeletingService.java:handlePendingDeletes(115)) - Block deletion txnID mismatch in datanode feaf5d54-1805-49ec-899f-945609733e38 for containerID 1. Datanode delete txnID: 0, SCM txnID: 1
2019-10-24 15:48:00,683 [Thread-533] INFO  client.GrpcClientProtocolService (GrpcClientProtocolService.java:lambda$processClientRequest$0(278)) - Failed RaftClientRequest:client-60DA70BF947A->feaf5d54-1805-49ec-899f-945609733e38@group-05AC48DA6374, cid=10, seq=0, Watch-ALL_COMMITTED(6), Message:<EMPTY>, reply=RaftClientReply:client-60DA70BF947A->feaf5d54-1805-49ec-899f-945609733e38@group-05AC48DA6374, cid=10, FAILED org.apache.ratis.protocol.NotReplicatedException: Request with call Id 10 and log index 6 is not yet replicated to ALL_COMMITTED, logIndex=6, commits[feaf5d54-1805-49ec-899f-945609733e38:c10, 98e78e11-cb4b-48d0-b763-897efd13c9ec:c10, 84568b57-9d99-42dc-882b-eae65806f704:c4]
2019-10-24 15:48:00,843 [Command processor thread] INFO  commandhandler.DeleteBlocksCommandHandler (DeleteBlocksCommandHandler.java:handle(106)) - Start to delete container blocks, TXIDs=[1(0)], numOfContainers=1, numOfBlocks=1
2019-10-24 15:48:00,885 [BlockDeletingService#2] WARN  background.BlockDeletingService (BlockDeletingService.java:isDeletionAllowed(187)) - Close Container log Index 6 is not replicated across allthe servers in the pipeline a9fb5832-a8b6-4e39-9ab2-05ac48da6374 as the min replicated index is 4. Deletion is not allowed in this container yet.
2019-10-24 15:48:00,885 [BlockDeletingService#6] WARN  background.BlockDeletingService (BlockDeletingService.java:isDeletionAllowed(187)) - Close Container log Index 6 is not replicated across allthe servers in the pipeline a9fb5832-a8b6-4e39-9ab2-05ac48da6374 as the min replicated index is 4. Deletion is not allowed in this container yet.
2019-10-24 15:48:01,113 [SCMBlockDeletingService#1] INFO  block.SCMBlockDeletingService (SCMBlockDeletingService.java:call(184)) - Totally added 1 delete blocks command for 1 datanodes, task elapsed time: 1ms
2019-10-24 15:48:01,114 [pool-7-thread-1] INFO  commands.RetriableDatanodeEventWatcher (RetriableDatanodeEventWatcher.java:onTimeout(47)) - RetriableDatanodeCommand type=deleteBlocksCommand with id=1571932080112 timed out. Retrying.
2019-10-24 15:48:01,317 [main] INFO  impl.MetricsSystemImpl (MetricsSystemImpl.java:init(158)) - HddsDatanode metrics system started (again)
2019-10-24 15:48:01,375 [main] INFO  ozone.HddsDatanodeService (HddsDatanodeService.java:start(184)) - HddsDatanodeService host:pr-hdds-2359-djbrp-462585948 ip:192.168.164.213
2019-10-24 15:48:01,379 [main] INFO  volume.VolumeUsage (VolumeUsage.java:loadScmUsed(144)) - Cached ScmUsed found for /workdir/hadoop-ozone/integration-test/target/test-dir/MiniOzoneClusterImpl-cea207ca-acd6-4eb2-aab4-e348648d9a8e/datanode-2/data/containers : 4096 
2019-10-24 15:48:01,379 [main] INFO  volume.HddsVolume (HddsVolume.java:<init>(176)) - Creating Volume: /workdir/hadoop-ozone/integration-test/target/test-dir/MiniOzoneClusterImpl-cea207ca-acd6-4eb2-aab4-e348648d9a8e/datanode-2/data/containers/hdds of  storage type : DISK and capacity : 1482555576320
2019-10-24 15:48:01,380 [main] INFO  volume.VolumeSet (VolumeSet.java:initializeVolumeSet(170)) - Added Volume : /workdir/hadoop-ozone/integration-test/target/test-dir/MiniOzoneClusterImpl-cea207ca-acd6-4eb2-aab4-e348648d9a8e/datanode-2/data/containers/hdds to VolumeSet
2019-10-24 15:48:01,380 [main] INFO  volume.ThrottledAsyncChecker (ThrottledAsyncChecker.java:schedule(141)) - Scheduling a check for /workdir/hadoop-ozone/integration-test/target/test-dir/MiniOzoneClusterImpl-cea207ca-acd6-4eb2-aab4-e348648d9a8e/datanode-2/data/containers/hdds
2019-10-24 15:48:01,381 [main] INFO  volume.HddsVolumeChecker (HddsVolumeChecker.java:checkAllVolumes(204)) - Scheduled health check for volume /workdir/hadoop-ozone/integration-test/target/test-dir/MiniOzoneClusterImpl-cea207ca-acd6-4eb2-aab4-e348648d9a8e/datanode-2/data/containers/hdds
2019-10-24 15:48:01,430 [main] INFO  impl.RaftServerProxy (ConfUtils.java:logGet(43)) - raft.rpc.type = GRPC (default)
2019-10-24 15:48:01,430 [main] INFO  grpc.GrpcFactory (GrpcFactory.java:checkPooledByteBufAllocatorUseCacheForAllThreads(45)) - PERFORMANCE WARNING: useCacheForAllThreads is true that may cause Netty to create a lot garbage objects and, as a result, trigger GC.
	It is recommended to disable useCacheForAllThreads by setting -Dorg.apache.ratis.thirdparty.io.netty.allocator.useCacheForAllThreads=false in command line.
2019-10-24 15:48:01,431 [main] INFO  grpc.GrpcConfigKeys$Server (ConfUtils.java:logGet(43)) - raft.grpc.server.port = 37329 (custom)
2019-10-24 15:48:01,431 [main] INFO  server.GrpcService (ConfUtils.java:logGet(43)) - raft.grpc.message.size.max = 33570816 (custom)
2019-10-24 15:48:01,431 [main] INFO  server.RaftServerConfigKeys (ConfUtils.java:logGet(43)) - raft.server.log.appender.buffer.byte-limit = 33554432 (custom)
2019-10-24 15:48:01,431 [main] INFO  server.GrpcService (ConfUtils.java:logGet(43)) - raft.grpc.flow.control.window = 1MB (=1048576) (default)
2019-10-24 15:48:01,431 [main] INFO  server.RaftServerConfigKeys (ConfUtils.java:logGet(43)) - raft.server.rpc.request.timeout = 3000ms (default)
2019-10-24 15:48:01,432 [main] INFO  server.RaftServerConfigKeys (ConfUtils.java:logGet(43)) - raft.server.storage.dir = [/workdir/hadoop-ozone/integration-test/target/test-dir/MiniOzoneClusterImpl-cea207ca-acd6-4eb2-aab4-e348648d9a8e/datanode-2/data/ratis] (custom)
2019-10-24 15:48:01,433 [main] INFO  impl.RaftServerProxy (RaftServerProxy.java:lambda$null$0(191)) - 84568b57-9d99-42dc-882b-eae65806f704: found a subdirectory /workdir/hadoop-ozone/integration-test/target/test-dir/MiniOzoneClusterImpl-cea207ca-acd6-4eb2-aab4-e348648d9a8e/datanode-2/data/ratis/1fe3420e-4a84-4d90-9d36-364cf776a522
2019-10-24 15:48:01,434 [main] INFO  impl.RaftServerProxy (RaftServerProxy.java:addNew(89)) - 84568b57-9d99-42dc-882b-eae65806f704: addNew group-364CF776A522:[] returns group-364CF776A522:java.util.concurrent.CompletableFuture@69f0b0f4[Not completed]
2019-10-24 15:48:01,434 [main] INFO  impl.RaftServerProxy (RaftServerProxy.java:lambda$null$0(191)) - 84568b57-9d99-42dc-882b-eae65806f704: found a subdirectory /workdir/hadoop-ozone/integration-test/target/test-dir/MiniOzoneClusterImpl-cea207ca-acd6-4eb2-aab4-e348648d9a8e/datanode-2/data/ratis/a9fb5832-a8b6-4e39-9ab2-05ac48da6374
2019-10-24 15:48:01,434 [main] INFO  impl.RaftServerProxy (RaftServerProxy.java:addNew(89)) - 84568b57-9d99-42dc-882b-eae65806f704: addNew group-05AC48DA6374:[] returns group-05AC48DA6374:java.util.concurrent.CompletableFuture@66933239[Not completed]
2019-10-24 15:48:01,438 [pool-59-thread-1] INFO  impl.RaftServerImpl (RaftServerImpl.java:<init>(104)) - 84568b57-9d99-42dc-882b-eae65806f704: new RaftServerImpl for group-364CF776A522:[] with ContainerStateMachine:uninitialized
2019-10-24 15:48:01,438 [main] INFO  hdfs.DFSUtil (DFSUtil.java:httpServerTemplateForNNAndJN(1641)) - Starting Web-server for hddsDatanode at: http://0.0.0.0:41440
2019-10-24 15:48:01,442 [pool-59-thread-1] INFO  server.RaftServerConfigKeys (ConfUtils.java:logGet(43)) - raft.server.rpc.timeout.min = 5s (custom)
2019-10-24 15:48:01,443 [pool-59-thread-1] INFO  server.RaftServerConfigKeys (ConfUtils.java:logGet(43)) - raft.server.rpc.timeout.max = 5200ms (custom)
2019-10-24 15:48:01,443 [pool-59-thread-1] INFO  server.RaftServerConfigKeys (ConfUtils.java:logGet(43)) - raft.server.rpcslowness.timeout = 1000s (custom)
2019-10-24 15:48:01,443 [pool-59-thread-1] INFO  server.RaftServerConfigKeys (ConfUtils.java:logGet(43)) - raft.server.sleep.deviation.threshold = 300 (default)
2019-10-24 15:48:01,443 [pool-59-thread-1] INFO  server.RaftServerConfigKeys (ConfUtils.java:logGet(43)) - raft.server.log.appender.install.snapshot.enabled = false (custom)
2019-10-24 15:48:01,443 [pool-59-thread-1] INFO  impl.RaftServerImpl (ServerState.java:<init>(103)) - 84568b57-9d99-42dc-882b-eae65806f704@group-364CF776A522: ConfigurationManager, init=-1: [], old=null, confs=<EMPTY_MAP>
2019-10-24 15:48:01,443 [pool-59-thread-1] INFO  server.RaftServerConfigKeys (ConfUtils.java:logGet(43)) - raft.server.storage.dir = [/workdir/hadoop-ozone/integration-test/target/test-dir/MiniOzoneClusterImpl-cea207ca-acd6-4eb2-aab4-e348648d9a8e/datanode-2/data/ratis] (custom)
2019-10-24 15:48:01,444 [pool-59-thread-1] INFO  server.RaftServerConfigKeys (ConfUtils.java:logGet(43)) - raft.server.log.corruption.policy = EXCEPTION (default)
2019-10-24 15:48:01,445 [main] INFO  server.AuthenticationFilter (AuthenticationFilter.java:constructSecretProvider(240)) - Unable to initialize FileSignerSecretProvider, falling back to use random secrets.
2019-10-24 15:48:01,446 [main] WARN  http.HttpRequestLog (HttpRequestLog.java:getRequestLog(97)) - Jetty request log can only be enabled using Log4j
2019-10-24 15:48:01,449 [main] INFO  http.HttpServer2 (HttpServer2.java:addGlobalFilter(975)) - Added global filter 'safety' (class=org.apache.hadoop.http.HttpServer2$QuotingInputFilter)
2019-10-24 15:48:01,450 [main] INFO  http.HttpServer2 (HttpServer2.java:addFilter(948)) - Added filter static_user_filter (class=org.apache.hadoop.http.lib.StaticUserWebFilter$StaticUserFilter) to context hddsDatanode
2019-10-24 15:48:01,450 [main] INFO  http.HttpServer2 (HttpServer2.java:addFilter(958)) - Added filter static_user_filter (class=org.apache.hadoop.http.lib.StaticUserWebFilter$StaticUserFilter) to context logs
2019-10-24 15:48:01,451 [main] INFO  http.HttpServer2 (HttpServer2.java:addFilter(958)) - Added filter static_user_filter (class=org.apache.hadoop.http.lib.StaticUserWebFilter$StaticUserFilter) to context static
2019-10-24 15:48:01,452 [main] INFO  http.HttpServer2 (HttpServer2.java:bindListener(1191)) - Jetty bound to port 41440
2019-10-24 15:48:01,452 [main] INFO  server.Server (Server.java:doStart(351)) - jetty-9.3.25.v20180904, build timestamp: 2018-09-04T21:11:46Z, git hash: 3ce520221d0240229c862b122d2b06c12a625732
2019-10-24 15:48:01,455 [main] INFO  handler.ContextHandler (ContextHandler.java:doStart(781)) - Started o.e.j.s.ServletContextHandler@1d61a348{/logs,file:///workdir/hadoop-ozone/integration-test/target/log,AVAILABLE}
2019-10-24 15:48:01,456 [main] INFO  handler.ContextHandler (ContextHandler.java:doStart(781)) - Started o.e.j.s.ServletContextHandler@d2291de{/static,jar:file:/home/user/.m2/repository/org/apache/hadoop/hadoop-hdds-container-service/0.5.0-SNAPSHOT/hadoop-hdds-container-service-0.5.0-SNAPSHOT.jar!/webapps/static,AVAILABLE}
2019-10-24 15:48:01,457 [pool-59-thread-1] INFO  storage.RaftStorageDirectory (RaftStorageDirectory.java:tryLock(328)) - Lock on /workdir/hadoop-ozone/integration-test/target/test-dir/MiniOzoneClusterImpl-cea207ca-acd6-4eb2-aab4-e348648d9a8e/datanode-2/data/ratis/1fe3420e-4a84-4d90-9d36-364cf776a522/in_use.lock acquired by nodename 11966@pr-hdds-2359-djbrp-462585948
2019-10-24 15:48:01,458 [pool-59-thread-1] INFO  ratis.ContainerStateMachine (ContainerStateMachine.java:loadSnapshot(231)) - group-364CF776A522: The snapshot info is null. Setting the last applied indexto:(t:0, i:~)
2019-10-24 15:48:01,459 [pool-59-thread-1] INFO  server.RaftServerConfigKeys (ConfUtils.java:logGet(43)) - raft.server.notification.no-leader.timeout = 1000s (custom)
2019-10-24 15:48:01,459 [pool-59-thread-1] INFO  server.RaftServerConfigKeys (ConfUtils.java:logGet(43)) - raft.server.log.use.memory = false (default)
2019-10-24 15:48:01,459 [pool-59-thread-1] INFO  server.RaftServerConfigKeys (ConfUtils.java:logGet(43)) - raft.server.log.purge.gap = 1000000 (custom)
2019-10-24 15:48:01,459 [pool-59-thread-1] INFO  server.RaftServerConfigKeys (ConfUtils.java:logGet(43)) - raft.server.log.appender.buffer.byte-limit = 33554432 (custom)
2019-10-24 15:48:01,460 [pool-59-thread-1] INFO  server.RaftServerConfigKeys (ConfUtils.java:logGet(43)) - raft.server.log.segment.size.max = 1048576 (custom)
2019-10-24 15:48:01,460 [pool-59-thread-1] INFO  server.RaftServerConfigKeys (ConfUtils.java:logGet(43)) - raft.server.log.segment.cache.num.max = 2 (custom)
2019-10-24 15:48:01,460 [pool-59-thread-1] INFO  segmented.SegmentedRaftLogWorker (SegmentedRaftLogWorker.java:<init>(173)) - new 84568b57-9d99-42dc-882b-eae65806f704@group-364CF776A522-SegmentedRaftLogWorker for RaftStorage:Storage Directory /workdir/hadoop-ozone/integration-test/target/test-dir/MiniOzoneClusterImpl-cea207ca-acd6-4eb2-aab4-e348648d9a8e/datanode-2/data/ratis/1fe3420e-4a84-4d90-9d36-364cf776a522
2019-10-24 15:48:01,460 [pool-59-thread-1] INFO  server.RaftServerConfigKeys (ConfUtils.java:logGet(43)) - raft.server.log.queue.byte-limit = 2147483647 (custom)
2019-10-24 15:48:01,461 [pool-59-thread-1] INFO  server.RaftServerConfigKeys (ConfUtils.java:logGet(43)) - raft.server.log.queue.element-limit = 1024 (custom)
2019-10-24 15:48:01,461 [pool-59-thread-1] INFO  server.RaftServerConfigKeys (ConfUtils.java:logGet(43)) - raft.server.log.segment.size.max = 1048576 (custom)
2019-10-24 15:48:01,461 [pool-59-thread-1] INFO  server.RaftServerConfigKeys (ConfUtils.java:logGet(43)) - raft.server.log.preallocated.size = 16384 (custom)
2019-10-24 15:48:01,461 [pool-59-thread-1] INFO  server.RaftServerConfigKeys (ConfUtils.java:logGet(43)) - raft.server.log.write.buffer.size = 33554432 (custom)
2019-10-24 15:48:01,461 [pool-59-thread-1] INFO  server.RaftServerConfigKeys (ConfUtils.java:logGet(43)) - raft.server.log.force.sync.num = 128 (default)
2019-10-24 15:48:01,461 [pool-59-thread-1] INFO  server.RaftServerConfigKeys (ConfUtils.java:logGet(43)) - raft.server.log.statemachine.data.sync = true (default)
2019-10-24 15:48:01,462 [pool-59-thread-1] INFO  server.RaftServerConfigKeys (ConfUtils.java:logGet(43)) - raft.server.log.statemachine.data.sync.timeout = 10s (default)
2019-10-24 15:48:01,462 [pool-59-thread-1] INFO  server.RaftServerConfigKeys (ConfUtils.java:logGet(43)) - raft.server.log.statemachine.data.sync.timeout.retry = -1 (default)
2019-10-24 15:48:01,462 [pool-59-thread-1] INFO  server.RaftServerConfigKeys (ConfUtils.java:logGet(43)) - raft.server.log.statemachine.data.caching.enabled = true (custom)
2019-10-24 15:48:01,470 [pool-59-thread-1] INFO  impl.RaftServerImpl (ServerState.java:setRaftConf(357)) - 84568b57-9d99-42dc-882b-eae65806f704@group-364CF776A522: set configuration 0: [84568b57-9d99-42dc-882b-eae65806f704:192.168.164.213:37329], old=null at 0
2019-10-24 15:48:01,470 [pool-59-thread-1] INFO  segmented.LogSegment (LogSegment.java:loadSegment(140)) - Successfully read 1 entries from segment file /workdir/hadoop-ozone/integration-test/target/test-dir/MiniOzoneClusterImpl-cea207ca-acd6-4eb2-aab4-e348648d9a8e/datanode-2/data/ratis/1fe3420e-4a84-4d90-9d36-364cf776a522/current/log_inprogress_0
2019-10-24 15:48:01,471 [pool-59-thread-1] INFO  segmented.SegmentedRaftLogWorker (SegmentedRaftLogWorker.java:lambda$new$0(128)) - 84568b57-9d99-42dc-882b-eae65806f704@group-364CF776A522-SegmentedRaftLogWorker: flushIndex: setUnconditionally 0 -> 0
2019-10-24 15:48:01,498 [pool-59-thread-1] INFO  server.RaftServerConfigKeys (ConfUtils.java:logGet(43)) - raft.server.snapshot.auto.trigger.enabled = true (custom)
2019-10-24 15:48:01,498 [pool-59-thread-1] INFO  server.RaftServerConfigKeys (ConfUtils.java:logGet(43)) - raft.server.snapshot.auto.trigger.threshold = 10000 (custom)
2019-10-24 15:48:01,498 [pool-59-thread-1] INFO  server.RaftServerConfigKeys (ConfUtils.java:logGet(43)) - raft.server.snapshot.retention.file.num = 5 (custom)
2019-10-24 15:48:01,499 [pool-59-thread-1] INFO  server.RaftServerConfigKeys (ConfUtils.java:logGet(43)) - raft.server.retrycache.expirytime = 600000ms (custom)
2019-10-24 15:48:01,499 [main] INFO  handler.ContextHandler (ContextHandler.java:doStart(781)) - Started o.e.j.w.WebAppContext@7d70638{/,file:///tmp/jetty-0.0.0.0-41440-hddsDatanode-_-any-1532846231297283344.dir/webapp/,AVAILABLE}{/hddsDatanode}
2019-10-24 15:48:01,500 [main] INFO  server.AbstractConnector (AbstractConnector.java:doStart(278)) - Started ServerConnector@732f6050{HTTP/1.1,[http/1.1]}{0.0.0.0:41440}
2019-10-24 15:48:01,501 [main] INFO  server.Server (Server.java:doStart(419)) - Started @114461ms
2019-10-24 15:48:01,502 [main] WARN  impl.MetricsSystemImpl (MetricsSystemImpl.java:register(276)) - Sink prometheus already exists!
2019-10-24 15:48:01,502 [pool-59-thread-1] INFO  impl.RaftServerImpl (RaftServerImpl.java:<init>(104)) - 84568b57-9d99-42dc-882b-eae65806f704: new RaftServerImpl for group-05AC48DA6374:[] with ContainerStateMachine:uninitialized
2019-10-24 15:48:01,502 [pool-59-thread-1] INFO  server.RaftServerConfigKeys (ConfUtils.java:logGet(43)) - raft.server.rpc.timeout.min = 5s (custom)
2019-10-24 15:48:01,502 [pool-59-thread-1] INFO  server.RaftServerConfigKeys (ConfUtils.java:logGet(43)) - raft.server.rpc.timeout.max = 5200ms (custom)
2019-10-24 15:48:01,502 [pool-59-thread-1] INFO  server.RaftServerConfigKeys (ConfUtils.java:logGet(43)) - raft.server.rpcslowness.timeout = 1000s (custom)
2019-10-24 15:48:01,503 [pool-59-thread-1] INFO  server.RaftServerConfigKeys (ConfUtils.java:logGet(43)) - raft.server.sleep.deviation.threshold = 300 (default)
2019-10-24 15:48:01,503 [pool-59-thread-1] INFO  server.RaftServerConfigKeys (ConfUtils.java:logGet(43)) - raft.server.log.appender.install.snapshot.enabled = false (custom)
2019-10-24 15:48:01,503 [pool-59-thread-1] INFO  impl.RaftServerImpl (ServerState.java:<init>(103)) - 84568b57-9d99-42dc-882b-eae65806f704@group-05AC48DA6374: ConfigurationManager, init=-1: [], old=null, confs=<EMPTY_MAP>
2019-10-24 15:48:01,503 [main] INFO  server.BaseHttpServer (BaseHttpServer.java:updateConnectorAddress(215)) - HTTP server of HDDSDATANODE is listening at http://0.0.0.0:41440
2019-10-24 15:48:01,503 [pool-59-thread-1] INFO  server.RaftServerConfigKeys (ConfUtils.java:logGet(43)) - raft.server.storage.dir = [/workdir/hadoop-ozone/integration-test/target/test-dir/MiniOzoneClusterImpl-cea207ca-acd6-4eb2-aab4-e348648d9a8e/datanode-2/data/ratis] (custom)
2019-10-24 15:48:01,504 [pool-59-thread-1] INFO  server.RaftServerConfigKeys (ConfUtils.java:logGet(43)) - raft.server.log.corruption.policy = EXCEPTION (default)
2019-10-24 15:48:01,505 [org.apache.hadoop.util.JvmPauseMonitor$Monitor@7d4945e6] INFO  util.JvmPauseMonitor (JvmPauseMonitor.java:run(188)) - Starting JVM pause monitor
2019-10-24 15:48:01,516 [pool-59-thread-1] INFO  storage.RaftStorageDirectory (RaftStorageDirectory.java:tryLock(328)) - Lock on /workdir/hadoop-ozone/integration-test/target/test-dir/MiniOzoneClusterImpl-cea207ca-acd6-4eb2-aab4-e348648d9a8e/datanode-2/data/ratis/a9fb5832-a8b6-4e39-9ab2-05ac48da6374/in_use.lock acquired by nodename 11966@pr-hdds-2359-djbrp-462585948
2019-10-24 15:48:01,518 [pool-59-thread-1] INFO  ratis.ContainerStateMachine (ContainerStateMachine.java:loadSnapshot(240)) - group-05AC48DA6374: Setting the last applied index to (t:2, i:3)
2019-10-24 15:48:01,523 [pool-59-thread-1] INFO  impl.RaftServerImpl (ServerState.java:setRaftConf(357)) - 84568b57-9d99-42dc-882b-eae65806f704@group-05AC48DA6374: set configuration 0: [98e78e11-cb4b-48d0-b763-897efd13c9ec:192.168.164.213:39232, 84568b57-9d99-42dc-882b-eae65806f704:192.168.164.213:37329, feaf5d54-1805-49ec-899f-945609733e38:192.168.164.213:39911], old=null at 0
2019-10-24 15:48:01,523 [pool-59-thread-1] INFO  server.RaftServerConfigKeys (ConfUtils.java:logGet(43)) - raft.server.notification.no-leader.timeout = 1000s (custom)
2019-10-24 15:48:01,523 [pool-59-thread-1] INFO  server.RaftServerConfigKeys (ConfUtils.java:logGet(43)) - raft.server.log.use.memory = false (default)
2019-10-24 15:48:01,523 [pool-59-thread-1] INFO  server.RaftServerConfigKeys (ConfUtils.java:logGet(43)) - raft.server.log.purge.gap = 1000000 (custom)
2019-10-24 15:48:01,523 [pool-59-thread-1] INFO  server.RaftServerConfigKeys (ConfUtils.java:logGet(43)) - raft.server.log.appender.buffer.byte-limit = 33554432 (custom)
2019-10-24 15:48:01,524 [pool-59-thread-1] INFO  server.RaftServerConfigKeys (ConfUtils.java:logGet(43)) - raft.server.log.segment.size.max = 1048576 (custom)
2019-10-24 15:48:01,524 [pool-59-thread-1] INFO  server.RaftServerConfigKeys (ConfUtils.java:logGet(43)) - raft.server.log.segment.cache.num.max = 2 (custom)
2019-10-24 15:48:01,524 [pool-59-thread-1] INFO  segmented.SegmentedRaftLogWorker (SegmentedRaftLogWorker.java:<init>(173)) - new 84568b57-9d99-42dc-882b-eae65806f704@group-05AC48DA6374-SegmentedRaftLogWorker for RaftStorage:Storage Directory /workdir/hadoop-ozone/integration-test/target/test-dir/MiniOzoneClusterImpl-cea207ca-acd6-4eb2-aab4-e348648d9a8e/datanode-2/data/ratis/a9fb5832-a8b6-4e39-9ab2-05ac48da6374
2019-10-24 15:48:01,524 [pool-59-thread-1] INFO  server.RaftServerConfigKeys (ConfUtils.java:logGet(43)) - raft.server.log.queue.byte-limit = 2147483647 (custom)
2019-10-24 15:48:01,524 [pool-59-thread-1] INFO  server.RaftServerConfigKeys (ConfUtils.java:logGet(43)) - raft.server.log.queue.element-limit = 1024 (custom)
2019-10-24 15:48:01,524 [pool-59-thread-1] INFO  server.RaftServerConfigKeys (ConfUtils.java:logGet(43)) - raft.server.log.segment.size.max = 1048576 (custom)
2019-10-24 15:48:01,524 [pool-59-thread-1] INFO  server.RaftServerConfigKeys (ConfUtils.java:logGet(43)) - raft.server.log.preallocated.size = 16384 (custom)
2019-10-24 15:48:01,524 [pool-59-thread-1] INFO  server.RaftServerConfigKeys (ConfUtils.java:logGet(43)) - raft.server.log.write.buffer.size = 33554432 (custom)
2019-10-24 15:48:01,525 [pool-59-thread-1] INFO  server.RaftServerConfigKeys (ConfUtils.java:logGet(43)) - raft.server.log.force.sync.num = 128 (default)
2019-10-24 15:48:01,525 [pool-59-thread-1] INFO  server.RaftServerConfigKeys (ConfUtils.java:logGet(43)) - raft.server.log.statemachine.data.sync = true (default)
2019-10-24 15:48:01,525 [pool-59-thread-1] INFO  server.RaftServerConfigKeys (ConfUtils.java:logGet(43)) - raft.server.log.statemachine.data.sync.timeout = 10s (default)
2019-10-24 15:48:01,525 [pool-59-thread-1] INFO  server.RaftServerConfigKeys (ConfUtils.java:logGet(43)) - raft.server.log.statemachine.data.sync.timeout.retry = -1 (default)
2019-10-24 15:48:01,525 [pool-59-thread-1] INFO  server.RaftServerConfigKeys (ConfUtils.java:logGet(43)) - raft.server.log.statemachine.data.caching.enabled = true (custom)
2019-10-24 15:48:01,526 [pool-59-thread-1] INFO  impl.RaftServerImpl (ServerState.java:setRaftConf(357)) - 84568b57-9d99-42dc-882b-eae65806f704@group-05AC48DA6374: set configuration 0: [98e78e11-cb4b-48d0-b763-897efd13c9ec:192.168.164.213:39232, 84568b57-9d99-42dc-882b-eae65806f704:192.168.164.213:37329, feaf5d54-1805-49ec-899f-945609733e38:192.168.164.213:39911], old=null at 0
2019-10-24 15:48:01,527 [pool-59-thread-1] INFO  segmented.LogSegment (LogSegment.java:loadSegment(140)) - Successfully read 5 entries from segment file /workdir/hadoop-ozone/integration-test/target/test-dir/MiniOzoneClusterImpl-cea207ca-acd6-4eb2-aab4-e348648d9a8e/datanode-2/data/ratis/a9fb5832-a8b6-4e39-9ab2-05ac48da6374/current/log_inprogress_0
2019-10-24 15:48:01,527 [pool-59-thread-1] INFO  segmented.SegmentedRaftLogWorker (SegmentedRaftLogWorker.java:lambda$new$0(128)) - 84568b57-9d99-42dc-882b-eae65806f704@group-05AC48DA6374-SegmentedRaftLogWorker: flushIndex: setUnconditionally 0 -> 4
2019-10-24 15:48:01,553 [pool-59-thread-1] INFO  raftlog.RaftLog (RaftLog.java:lambda$new$0(61)) - 84568b57-9d99-42dc-882b-eae65806f704@group-05AC48DA6374-SegmentedRaftLog: commitIndex: updateToMax old=3, new=3, updated? false
2019-10-24 15:48:01,553 [pool-59-thread-1] INFO  server.RaftServerConfigKeys (ConfUtils.java:logGet(43)) - raft.server.snapshot.auto.trigger.enabled = true (custom)
2019-10-24 15:48:01,554 [pool-59-thread-1] INFO  server.RaftServerConfigKeys (ConfUtils.java:logGet(43)) - raft.server.snapshot.auto.trigger.threshold = 10000 (custom)
2019-10-24 15:48:01,554 [pool-59-thread-1] INFO  server.RaftServerConfigKeys (ConfUtils.java:logGet(43)) - raft.server.snapshot.retention.file.num = 5 (custom)
2019-10-24 15:48:01,554 [pool-59-thread-1] INFO  server.RaftServerConfigKeys (ConfUtils.java:logGet(43)) - raft.server.retrycache.expirytime = 600000ms (custom)
2019-10-24 15:48:01,888 [BlockDeletingService#2] WARN  background.BlockDeletingService (BlockDeletingService.java:isDeletionAllowed(187)) - Close Container log Index 6 is not replicated across allthe servers in the pipeline a9fb5832-a8b6-4e39-9ab2-05ac48da6374 as the min replicated index is 4. Deletion is not allowed in this container yet.
2019-10-24 15:48:01,888 [BlockDeletingService#6] WARN  background.BlockDeletingService (BlockDeletingService.java:isDeletionAllowed(187)) - Close Container log Index 6 is not replicated across allthe servers in the pipeline a9fb5832-a8b6-4e39-9ab2-05ac48da6374 as the min replicated index is 4. Deletion is not allowed in this container yet.
2019-10-24 15:48:02,113 [pool-7-thread-1] INFO  commands.RetriableDatanodeEventWatcher (RetriableDatanodeEventWatcher.java:onTimeout(47)) - RetriableDatanodeCommand type=deleteBlocksCommand with id=1571932080114 timed out. Retrying.
2019-10-24 15:48:02,115 [pool-7-thread-1] INFO  commands.RetriableDatanodeEventWatcher (RetriableDatanodeEventWatcher.java:onTimeout(47)) - RetriableDatanodeCommand type=deleteBlocksCommand with id=1571932080112 timed out. Retrying.
2019-10-24 15:48:02,115 [SCMBlockDeletingService#1] INFO  block.SCMBlockDeletingService (SCMBlockDeletingService.java:call(184)) - Totally added 1 delete blocks command for 1 datanodes, task elapsed time: 1ms
2019-10-24 15:48:02,733 [java.util.concurrent.ThreadPoolExecutor$Worker@1cb074f5[State = -1, empty queue]] WARN  server.GrpcLogAppender (GrpcLogAppender.java:timeoutAppendRequest(209)) - feaf5d54-1805-49ec-899f-945609733e38@group-05AC48DA6374->84568b57-9d99-42dc-882b-eae65806f704-GrpcLogAppender: appendEntries Timeout, request=feaf5d54-1805-49ec-899f-945609733e38->84568b57-9d99-42dc-882b-eae65806f704#51-t2, previous=(t:2, i:10), leaderCommit=10, initializing? false, entries: <empty>
2019-10-24 15:48:02,890 [BlockDeletingService#2] WARN  background.BlockDeletingService (BlockDeletingService.java:isDeletionAllowed(187)) - Close Container log Index 6 is not replicated across allthe servers in the pipeline a9fb5832-a8b6-4e39-9ab2-05ac48da6374 as the min replicated index is 4. Deletion is not allowed in this container yet.
2019-10-24 15:48:02,890 [BlockDeletingService#6] WARN  background.BlockDeletingService (BlockDeletingService.java:isDeletionAllowed(187)) - Close Container log Index 6 is not replicated across allthe servers in the pipeline a9fb5832-a8b6-4e39-9ab2-05ac48da6374 as the min replicated index is 4. Deletion is not allowed in this container yet.
2019-10-24 15:48:03,114 [pool-7-thread-1] INFO  commands.RetriableDatanodeEventWatcher (RetriableDatanodeEventWatcher.java:onTimeout(47)) - RetriableDatanodeCommand type=deleteBlocksCommand with id=1571932080114 timed out. Retrying.
2019-10-24 15:48:03,115 [pool-7-thread-1] INFO  commands.RetriableDatanodeEventWatcher (RetriableDatanodeEventWatcher.java:onTimeout(47)) - RetriableDatanodeCommand type=deleteBlocksCommand with id=1571932080112 timed out. Retrying.
2019-10-24 15:48:03,115 [pool-7-thread-2] INFO  commands.RetriableDatanodeEventWatcher (RetriableDatanodeEventWatcher.java:onTimeout(47)) - RetriableDatanodeCommand type=deleteBlocksCommand with id=1571932080115 timed out. Retrying.
2019-10-24 15:48:03,116 [SCMBlockDeletingService#1] INFO  block.SCMBlockDeletingService (SCMBlockDeletingService.java:call(184)) - Totally added 1 delete blocks command for 1 datanodes, task elapsed time: 1ms
2019-10-24 15:48:03,507 [Datanode State Machine Thread - 0] INFO  ozoneimpl.OzoneContainer (OzoneContainer.java:start(213)) - Attempting to start container services.
2019-10-24 15:48:03,508 [Datanode State Machine Thread - 0] INFO  ozoneimpl.OzoneContainer (OzoneContainer.java:startContainerScrub(177)) - Background container scanner has been disabled.
2019-10-24 15:48:03,508 [Datanode State Machine Thread - 0] INFO  ratis.XceiverServerRatis (XceiverServerRatis.java:start(418)) - Starting XceiverServerRatis 84568b57-9d99-42dc-882b-eae65806f704 at port 37329
2019-10-24 15:48:03,521 [Datanode State Machine Thread - 0] INFO  impl.RaftServerImpl (RaftServerImpl.java:start(195)) - 84568b57-9d99-42dc-882b-eae65806f704@group-364CF776A522: start as a follower, conf=0: [84568b57-9d99-42dc-882b-eae65806f704:192.168.164.213:37329], old=null
2019-10-24 15:48:03,522 [ForkJoinPool.commonPool-worker-0] INFO  impl.RaftServerImpl (RaftServerImpl.java:start(195)) - 84568b57-9d99-42dc-882b-eae65806f704@group-05AC48DA6374: start as a follower, conf=0: [98e78e11-cb4b-48d0-b763-897efd13c9ec:192.168.164.213:39232, 84568b57-9d99-42dc-882b-eae65806f704:192.168.164.213:37329, feaf5d54-1805-49ec-899f-945609733e38:192.168.164.213:39911], old=null
2019-10-24 15:48:03,522 [Datanode State Machine Thread - 0] INFO  impl.RaftServerImpl (RaftServerImpl.java:setRole(184)) - 84568b57-9d99-42dc-882b-eae65806f704@group-364CF776A522: changes role from      null to FOLLOWER at term 1 for startAsFollower
2019-10-24 15:48:03,522 [ForkJoinPool.commonPool-worker-0] INFO  impl.RaftServerImpl (RaftServerImpl.java:setRole(184)) - 84568b57-9d99-42dc-882b-eae65806f704@group-05AC48DA6374: changes role from      null to FOLLOWER at term 2 for startAsFollower
2019-10-24 15:48:03,522 [Datanode State Machine Thread - 0] INFO  impl.RoleInfo (RoleInfo.java:updateAndGet(143)) - 84568b57-9d99-42dc-882b-eae65806f704: start FollowerState
2019-10-24 15:48:03,522 [ForkJoinPool.commonPool-worker-0] INFO  impl.RoleInfo (RoleInfo.java:updateAndGet(143)) - 84568b57-9d99-42dc-882b-eae65806f704: start FollowerState
2019-10-24 15:48:03,523 [ForkJoinPool.commonPool-worker-0] INFO  util.JmxRegister (JmxRegister.java:tryRegister(44)) - Successfully registered JMX Bean with object name Ratis:service=RaftServer,group=group-05AC48DA6374,id=84568b57-9d99-42dc-882b-eae65806f704
2019-10-24 15:48:03,523 [Datanode State Machine Thread - 0] INFO  util.JmxRegister (JmxRegister.java:tryRegister(44)) - Successfully registered JMX Bean with object name Ratis:service=RaftServer,group=group-364CF776A522,id=84568b57-9d99-42dc-882b-eae65806f704
2019-10-24 15:48:03,526 [Datanode State Machine Thread - 0] INFO  impl.RaftServerProxy (RaftServerProxy.java:lambda$start$3(299)) - 84568b57-9d99-42dc-882b-eae65806f704: start RPC server
2019-10-24 15:48:03,528 [Datanode State Machine Thread - 0] INFO  server.GrpcService (GrpcService.java:startImpl(158)) - 84568b57-9d99-42dc-882b-eae65806f704: GrpcService started, listening on 0.0.0.0/0.0.0.0:37329
2019-10-24 15:48:03,557 [Thread-557] INFO  impl.FollowerState (FollowerState.java:run(108)) - 84568b57-9d99-42dc-882b-eae65806f704@group-05AC48DA6374-FollowerState: change to CANDIDATE, lastRpcTime:34ms, electionTimeout:34ms
2019-10-24 15:48:03,557 [Thread-557] INFO  impl.RoleInfo (RoleInfo.java:shutdownFollowerState(121)) - 84568b57-9d99-42dc-882b-eae65806f704: shutdown FollowerState
2019-10-24 15:48:03,558 [Thread-557] INFO  impl.RaftServerImpl (RaftServerImpl.java:setRole(184)) - 84568b57-9d99-42dc-882b-eae65806f704@group-05AC48DA6374: changes role from  FOLLOWER to CANDIDATE at term 2 for changeToCandidate
2019-10-24 15:48:03,558 [Thread-557] INFO  impl.RoleInfo (RoleInfo.java:updateAndGet(143)) - 84568b57-9d99-42dc-882b-eae65806f704: start LeaderElection
2019-10-24 15:48:03,574 [84568b57-9d99-42dc-882b-eae65806f704@group-05AC48DA6374-LeaderElection7] INFO  impl.LeaderElection (LeaderElection.java:askForVotes(178)) - 84568b57-9d99-42dc-882b-eae65806f704@group-05AC48DA6374-LeaderElection7: begin an election at term 3 for 0: [98e78e11-cb4b-48d0-b763-897efd13c9ec:192.168.164.213:39232, 84568b57-9d99-42dc-882b-eae65806f704:192.168.164.213:37329, feaf5d54-1805-49ec-899f-945609733e38:192.168.164.213:39911], old=null
2019-10-24 15:48:03,588 [grpc-default-executor-2] INFO  impl.RaftServerImpl (ServerState.java:setLeader(256)) - feaf5d54-1805-49ec-899f-945609733e38@group-05AC48DA6374: change Leader from feaf5d54-1805-49ec-899f-945609733e38 to null at term 3 for updateCurrentTerm
2019-10-24 15:48:03,588 [grpc-default-executor-0] INFO  impl.RaftServerImpl (ServerState.java:setLeader(256)) - 98e78e11-cb4b-48d0-b763-897efd13c9ec@group-05AC48DA6374: change Leader from feaf5d54-1805-49ec-899f-945609733e38 to null at term 3 for updateCurrentTerm
2019-10-24 15:48:03,589 [grpc-default-executor-2] INFO  impl.RaftServerImpl (RaftServerImpl.java:setRole(184)) - feaf5d54-1805-49ec-899f-945609733e38@group-05AC48DA6374: changes role from    LEADER to FOLLOWER at term 3 for recognizeCandidate:84568b57-9d99-42dc-882b-eae65806f704
2019-10-24 15:48:03,589 [grpc-default-executor-0] INFO  impl.RaftServerImpl (RaftServerImpl.java:setRole(184)) - 98e78e11-cb4b-48d0-b763-897efd13c9ec@group-05AC48DA6374: changes role from  FOLLOWER to FOLLOWER at term 3 for recognizeCandidate:84568b57-9d99-42dc-882b-eae65806f704
2019-10-24 15:48:03,589 [grpc-default-executor-2] INFO  impl.RoleInfo (RoleInfo.java:shutdownLeaderState(104)) - feaf5d54-1805-49ec-899f-945609733e38: shutdown LeaderState
2019-10-24 15:48:03,589 [grpc-default-executor-0] INFO  impl.RoleInfo (RoleInfo.java:shutdownFollowerState(121)) - 98e78e11-cb4b-48d0-b763-897efd13c9ec: shutdown FollowerState
2019-10-24 15:48:03,591 [grpc-default-executor-2] INFO  impl.PendingRequests (PendingRequests.java:sendNotLeaderResponses(202)) - feaf5d54-1805-49ec-899f-945609733e38@group-05AC48DA6374-PendingRequests: sendNotLeaderResponses
2019-10-24 15:48:03,592 [grpc-default-executor-0] INFO  impl.RoleInfo (RoleInfo.java:updateAndGet(143)) - 98e78e11-cb4b-48d0-b763-897efd13c9ec: start FollowerState
2019-10-24 15:48:03,591 [org.apache.ratis.server.impl.LogAppender$AppenderDaemon$$Lambda$430/1486398556@7ee6050e] WARN  server.GrpcLogAppender (GrpcLogAppender.java:mayWait(149)) - feaf5d54-1805-49ec-899f-945609733e38@group-05AC48DA6374->84568b57-9d99-42dc-882b-eae65806f704-GrpcLogAppender: Wait interrupted by java.lang.InterruptedException
2019-10-24 15:48:03,591 [org.apache.ratis.server.impl.LogAppender$AppenderDaemon$$Lambda$430/1486398556@4fe3ce2b] WARN  server.GrpcLogAppender (GrpcLogAppender.java:mayWait(149)) - feaf5d54-1805-49ec-899f-945609733e38@group-05AC48DA6374->98e78e11-cb4b-48d0-b763-897efd13c9ec-GrpcLogAppender: Wait interrupted by java.lang.InterruptedException
2019-10-24 15:48:03,591 [Thread-231] INFO  impl.FollowerState (FollowerState.java:run(117)) - 98e78e11-cb4b-48d0-b763-897efd13c9ec@group-05AC48DA6374-FollowerState was interrupted: java.lang.InterruptedException: sleep interrupted
2019-10-24 15:48:03,596 [Thread-564] INFO  client.GrpcClientProtocolService (GrpcClientProtocolService.java:lambda$processClientRequest$0(278)) - Failed RaftClientRequest:client-60DA70BF947A->feaf5d54-1805-49ec-899f-945609733e38@group-05AC48DA6374, cid=10, seq=0, Watch-ALL_COMMITTED(6), Message:<EMPTY>, reply=RaftClientReply:client-60DA70BF947A->feaf5d54-1805-49ec-899f-945609733e38@group-05AC48DA6374, cid=10, FAILED org.apache.ratis.protocol.NotLeaderException: Server feaf5d54-1805-49ec-899f-945609733e38@group-05AC48DA6374 is not the leader, logIndex=0, commits[feaf5d54-1805-49ec-899f-945609733e38:c10, 98e78e11-cb4b-48d0-b763-897efd13c9ec:c10, 84568b57-9d99-42dc-882b-eae65806f704:c4]
2019-10-24 15:48:03,598 [grpc-default-executor-2] INFO  impl.RoleInfo (RoleInfo.java:updateAndGet(143)) - feaf5d54-1805-49ec-899f-945609733e38: start FollowerState
2019-10-24 15:48:03,598 [grpc-default-executor-4] INFO  server.GrpcServerProtocolService (GrpcServerProtocolService.java:onCompleted(113)) - 98e78e11-cb4b-48d0-b763-897efd13c9ec: Completed APPEND_ENTRIES, lastRequest: feaf5d54-1805-49ec-899f-945609733e38->98e78e11-cb4b-48d0-b763-897efd13c9ec#51-t2, previous=(t:2, i:10), leaderCommit=10, initializing? false, entries: <empty>
2019-10-24 15:48:03,602 [grpc-default-executor-5] INFO  server.GrpcLogAppender (GrpcLogAppender.java:onCompleted(308)) - feaf5d54-1805-49ec-899f-945609733e38@group-05AC48DA6374->98e78e11-cb4b-48d0-b763-897efd13c9ec-AppendLogResponseHandler: follower responses appendEntries COMPLETED
2019-10-24 15:48:03,605 [grpc-default-executor-5] INFO  impl.FollowerInfo (FollowerInfo.java:lambda$new$0(51)) - feaf5d54-1805-49ec-899f-945609733e38@group-05AC48DA6374->98e78e11-cb4b-48d0-b763-897efd13c9ec: nextIndex: updateUnconditionally 11 -> 10
2019-10-24 15:48:03,628 [84568b57-9d99-42dc-882b-eae65806f704@group-05AC48DA6374-LeaderElection7] INFO  impl.LeaderElection (LeaderElection.java:logAndReturn(56)) - 84568b57-9d99-42dc-882b-eae65806f704@group-05AC48DA6374-LeaderElection7: Election REJECTED; received 2 response(s) [84568b57-9d99-42dc-882b-eae65806f704<-98e78e11-cb4b-48d0-b763-897efd13c9ec#0:FAIL-t3, 84568b57-9d99-42dc-882b-eae65806f704<-feaf5d54-1805-49ec-899f-945609733e38#0:FAIL-t3] and 0 exception(s); 84568b57-9d99-42dc-882b-eae65806f704@group-05AC48DA6374:t3, leader=null, voted=84568b57-9d99-42dc-882b-eae65806f704, raftlog=84568b57-9d99-42dc-882b-eae65806f704@group-05AC48DA6374-SegmentedRaftLog:OPENED:c3,f4,i4, conf=0: [98e78e11-cb4b-48d0-b763-897efd13c9ec:192.168.164.213:39232, 84568b57-9d99-42dc-882b-eae65806f704:192.168.164.213:37329, feaf5d54-1805-49ec-899f-945609733e38:192.168.164.213:39911], old=null
2019-10-24 15:48:03,628 [84568b57-9d99-42dc-882b-eae65806f704@group-05AC48DA6374-LeaderElection7] INFO  impl.RaftServerImpl (RaftServerImpl.java:setRole(184)) - 84568b57-9d99-42dc-882b-eae65806f704@group-05AC48DA6374: changes role from CANDIDATE to FOLLOWER at term 3 for DISCOVERED_A_NEW_TERM
2019-10-24 15:48:03,630 [84568b57-9d99-42dc-882b-eae65806f704@group-05AC48DA6374-LeaderElection7] INFO  impl.RoleInfo (RoleInfo.java:shutdownLeaderElection(134)) - 84568b57-9d99-42dc-882b-eae65806f704: shutdown LeaderElection
2019-10-24 15:48:03,630 [84568b57-9d99-42dc-882b-eae65806f704@group-05AC48DA6374-LeaderElection7] INFO  impl.RoleInfo (RoleInfo.java:updateAndGet(143)) - 84568b57-9d99-42dc-882b-eae65806f704: start FollowerState
2019-10-24 15:48:03,685 [Thread-556] INFO  impl.FollowerState (FollowerState.java:run(108)) - 84568b57-9d99-42dc-882b-eae65806f704@group-364CF776A522-FollowerState: change to CANDIDATE, lastRpcTime:162ms, electionTimeout:162ms
2019-10-24 15:48:03,687 [Thread-556] INFO  impl.RoleInfo (RoleInfo.java:shutdownFollowerState(121)) - 84568b57-9d99-42dc-882b-eae65806f704: shutdown FollowerState
2019-10-24 15:48:03,687 [Thread-556] INFO  impl.RaftServerImpl (RaftServerImpl.java:setRole(184)) - 84568b57-9d99-42dc-882b-eae65806f704@group-364CF776A522: changes role from  FOLLOWER to CANDIDATE at term 1 for changeToCandidate
2019-10-24 15:48:03,687 [Thread-556] INFO  impl.RoleInfo (RoleInfo.java:updateAndGet(143)) - 84568b57-9d99-42dc-882b-eae65806f704: start LeaderElection
2019-10-24 15:48:03,702 [Thread-566] INFO  impl.FollowerState (FollowerState.java:run(108)) - 84568b57-9d99-42dc-882b-eae65806f704@group-05AC48DA6374-FollowerState: change to CANDIDATE, lastRpcTime:72ms, electionTimeout:66ms
2019-10-24 15:48:03,702 [Thread-566] INFO  impl.RoleInfo (RoleInfo.java:shutdownFollowerState(121)) - 84568b57-9d99-42dc-882b-eae65806f704: shutdown FollowerState
2019-10-24 15:48:03,703 [Thread-566] INFO  impl.RaftServerImpl (RaftServerImpl.java:setRole(184)) - 84568b57-9d99-42dc-882b-eae65806f704@group-05AC48DA6374: changes role from  FOLLOWER to CANDIDATE at term 3 for changeToCandidate
2019-10-24 15:48:03,703 [Thread-566] INFO  impl.RoleInfo (RoleInfo.java:updateAndGet(143)) - 84568b57-9d99-42dc-882b-eae65806f704: start LeaderElection
2019-10-24 15:48:03,715 [84568b57-9d99-42dc-882b-eae65806f704@group-364CF776A522-LeaderElection8] INFO  impl.LeaderElection (LeaderElection.java:askForVotes(178)) - 84568b57-9d99-42dc-882b-eae65806f704@group-364CF776A522-LeaderElection8: begin an election at term 2 for 0: [84568b57-9d99-42dc-882b-eae65806f704:192.168.164.213:37329], old=null
2019-10-24 15:48:03,715 [84568b57-9d99-42dc-882b-eae65806f704@group-05AC48DA6374-LeaderElection9] INFO  impl.LeaderElection (LeaderElection.java:askForVotes(178)) - 84568b57-9d99-42dc-882b-eae65806f704@group-05AC48DA6374-LeaderElection9: begin an election at term 4 for 0: [98e78e11-cb4b-48d0-b763-897efd13c9ec:192.168.164.213:39232, 84568b57-9d99-42dc-882b-eae65806f704:192.168.164.213:37329, feaf5d54-1805-49ec-899f-945609733e38:192.168.164.213:39911], old=null
2019-10-24 15:48:03,715 [84568b57-9d99-42dc-882b-eae65806f704@group-364CF776A522-LeaderElection8] INFO  impl.RoleInfo (RoleInfo.java:shutdownLeaderElection(134)) - 84568b57-9d99-42dc-882b-eae65806f704: shutdown LeaderElection
2019-10-24 15:48:03,715 [84568b57-9d99-42dc-882b-eae65806f704@group-364CF776A522-LeaderElection8] INFO  impl.RaftServerImpl (RaftServerImpl.java:setRole(184)) - 84568b57-9d99-42dc-882b-eae65806f704@group-364CF776A522: changes role from CANDIDATE to LEADER at term 2 for changeToLeader
2019-10-24 15:48:03,715 [84568b57-9d99-42dc-882b-eae65806f704@group-364CF776A522-LeaderElection8] INFO  impl.RaftServerImpl (ServerState.java:setLeader(256)) - 84568b57-9d99-42dc-882b-eae65806f704@group-364CF776A522: change Leader from null to 84568b57-9d99-42dc-882b-eae65806f704 at term 2 for becomeLeader, leader elected after 2256ms
2019-10-24 15:48:03,717 [84568b57-9d99-42dc-882b-eae65806f704@group-364CF776A522-LeaderElection8] INFO  server.RaftServerConfigKeys (ConfUtils.java:logGet(43)) - raft.server.staging.catchup.gap = 1000 (default)
2019-10-24 15:48:03,717 [84568b57-9d99-42dc-882b-eae65806f704@group-364CF776A522-LeaderElection8] INFO  server.RaftServerConfigKeys (ConfUtils.java:logGet(43)) - raft.server.rpc.sleep.time = 25ms (default)
2019-10-24 15:48:03,718 [84568b57-9d99-42dc-882b-eae65806f704@group-364CF776A522-LeaderElection8] INFO  server.RaftServerConfigKeys (ConfUtils.java:logGet(43)) - raft.server.write.element-limit = 4096 (default)
2019-10-24 15:48:03,718 [84568b57-9d99-42dc-882b-eae65806f704@group-364CF776A522-LeaderElection8] INFO  server.RaftServerConfigKeys (ConfUtils.java:logGet(43)) - raft.server.watch.timeout = 10s (default)
2019-10-24 15:48:03,718 [84568b57-9d99-42dc-882b-eae65806f704@group-364CF776A522-LeaderElection8] INFO  server.RaftServerConfigKeys (ConfUtils.java:logGet(43)) - raft.server.watch.timeout.denomination = 1s (default)
2019-10-24 15:48:03,718 [84568b57-9d99-42dc-882b-eae65806f704@group-364CF776A522-LeaderElection8] INFO  server.RaftServerConfigKeys (ConfUtils.java:logGet(43)) - raft.server.watch.element-limit = 65536 (default)
2019-10-24 15:48:03,719 [84568b57-9d99-42dc-882b-eae65806f704@group-364CF776A522-LeaderElection8] INFO  impl.RoleInfo (RoleInfo.java:updateAndGet(143)) - 84568b57-9d99-42dc-882b-eae65806f704: start LeaderState
2019-10-24 15:48:03,724 [grpc-default-executor-2] INFO  impl.RaftServerImpl (RaftServerImpl.java:setRole(184)) - 98e78e11-cb4b-48d0-b763-897efd13c9ec@group-05AC48DA6374: changes role from  FOLLOWER to FOLLOWER at term 4 for recognizeCandidate:84568b57-9d99-42dc-882b-eae65806f704
2019-10-24 15:48:03,724 [grpc-default-executor-0] INFO  impl.RaftServerImpl (RaftServerImpl.java:setRole(184)) - feaf5d54-1805-49ec-899f-945609733e38@group-05AC48DA6374: changes role from  FOLLOWER to FOLLOWER at term 4 for recognizeCandidate:84568b57-9d99-42dc-882b-eae65806f704
2019-10-24 15:48:03,724 [84568b57-9d99-42dc-882b-eae65806f704@group-364CF776A522-LeaderElection8] INFO  segmented.SegmentedRaftLogWorker (SegmentedRaftLogWorker.java:rollLogSegment(390)) - 84568b57-9d99-42dc-882b-eae65806f704@group-364CF776A522-SegmentedRaftLogWorker: Rolling segment log-0_0 to index:0
2019-10-24 15:48:03,724 [grpc-default-executor-2] INFO  impl.RoleInfo (RoleInfo.java:shutdownFollowerState(121)) - 98e78e11-cb4b-48d0-b763-897efd13c9ec: shutdown FollowerState
2019-10-24 15:48:03,724 [grpc-default-executor-0] INFO  impl.RoleInfo (RoleInfo.java:shutdownFollowerState(121)) - feaf5d54-1805-49ec-899f-945609733e38: shutdown FollowerState
2019-10-24 15:48:03,725 [grpc-default-executor-2] INFO  impl.RoleInfo (RoleInfo.java:updateAndGet(143)) - 98e78e11-cb4b-48d0-b763-897efd13c9ec: start FollowerState
2019-10-24 15:48:03,725 [grpc-default-executor-0] INFO  impl.RoleInfo (RoleInfo.java:updateAndGet(143)) - feaf5d54-1805-49ec-899f-945609733e38: start FollowerState
2019-10-24 15:48:03,725 [Thread-563] INFO  impl.FollowerState (FollowerState.java:run(117)) - 98e78e11-cb4b-48d0-b763-897efd13c9ec@group-05AC48DA6374-FollowerState was interrupted: java.lang.InterruptedException: sleep interrupted
2019-10-24 15:48:03,725 [Thread-565] INFO  impl.FollowerState (FollowerState.java:run(117)) - feaf5d54-1805-49ec-899f-945609733e38@group-05AC48DA6374-FollowerState was interrupted: java.lang.InterruptedException: sleep interrupted
2019-10-24 15:48:03,732 [84568b57-9d99-42dc-882b-eae65806f704@group-364CF776A522-LeaderElection8] INFO  impl.RaftServerImpl (ServerState.java:setRaftConf(357)) - 84568b57-9d99-42dc-882b-eae65806f704@group-364CF776A522: set configuration 1: [84568b57-9d99-42dc-882b-eae65806f704:192.168.164.213:37329], old=null at 1
2019-10-24 15:48:03,733 [84568b57-9d99-42dc-882b-eae65806f704@group-364CF776A522-SegmentedRaftLogWorker] INFO  segmented.SegmentedRaftLogWorker (SegmentedRaftLogWorker.java:execute(533)) - 84568b57-9d99-42dc-882b-eae65806f704@group-364CF776A522-SegmentedRaftLogWorker: Rolled log segment from /workdir/hadoop-ozone/integration-test/target/test-dir/MiniOzoneClusterImpl-cea207ca-acd6-4eb2-aab4-e348648d9a8e/datanode-2/data/ratis/1fe3420e-4a84-4d90-9d36-364cf776a522/current/log_inprogress_0 to /workdir/hadoop-ozone/integration-test/target/test-dir/MiniOzoneClusterImpl-cea207ca-acd6-4eb2-aab4-e348648d9a8e/datanode-2/data/ratis/1fe3420e-4a84-4d90-9d36-364cf776a522/current/log_0-0
2019-10-24 15:48:03,773 [84568b57-9d99-42dc-882b-eae65806f704@group-05AC48DA6374-LeaderElection9] INFO  impl.LeaderElection (LeaderElection.java:logAndReturn(56)) - 84568b57-9d99-42dc-882b-eae65806f704@group-05AC48DA6374-LeaderElection9: Election TIMEOUT; received 0 response(s) [] and 0 exception(s); 84568b57-9d99-42dc-882b-eae65806f704@group-05AC48DA6374:t4, leader=null, voted=84568b57-9d99-42dc-882b-eae65806f704, raftlog=84568b57-9d99-42dc-882b-eae65806f704@group-05AC48DA6374-SegmentedRaftLog:OPENED:c3,f4,i4, conf=0: [98e78e11-cb4b-48d0-b763-897efd13c9ec:192.168.164.213:39232, 84568b57-9d99-42dc-882b-eae65806f704:192.168.164.213:37329, feaf5d54-1805-49ec-899f-945609733e38:192.168.164.213:39911], old=null
2019-10-24 15:48:03,798 [84568b57-9d99-42dc-882b-eae65806f704@group-364CF776A522-SegmentedRaftLogWorker] INFO  segmented.SegmentedRaftLogWorker (SegmentedRaftLogWorker.java:execute(576)) - 84568b57-9d99-42dc-882b-eae65806f704@group-364CF776A522-SegmentedRaftLogWorker: created new log segment /workdir/hadoop-ozone/integration-test/target/test-dir/MiniOzoneClusterImpl-cea207ca-acd6-4eb2-aab4-e348648d9a8e/datanode-2/data/ratis/1fe3420e-4a84-4d90-9d36-364cf776a522/current/log_inprogress_1
2019-10-24 15:48:03,799 [84568b57-9d99-42dc-882b-eae65806f704@group-05AC48DA6374-LeaderElection9] INFO  impl.LeaderElection (LeaderElection.java:askForVotes(178)) - 84568b57-9d99-42dc-882b-eae65806f704@group-05AC48DA6374-LeaderElection9: begin an election at term 5 for 0: [98e78e11-cb4b-48d0-b763-897efd13c9ec:192.168.164.213:39232, 84568b57-9d99-42dc-882b-eae65806f704:192.168.164.213:37329, feaf5d54-1805-49ec-899f-945609733e38:192.168.164.213:39911], old=null
2019-10-24 15:48:03,804 [grpc-default-executor-0] INFO  impl.RaftServerImpl (RaftServerImpl.java:setRole(184)) - 98e78e11-cb4b-48d0-b763-897efd13c9ec@group-05AC48DA6374: changes role from  FOLLOWER to FOLLOWER at term 5 for recognizeCandidate:84568b57-9d99-42dc-882b-eae65806f704
2019-10-24 15:48:03,804 [grpc-default-executor-2] INFO  impl.RaftServerImpl (RaftServerImpl.java:setRole(184)) - feaf5d54-1805-49ec-899f-945609733e38@group-05AC48DA6374: changes role from  FOLLOWER to FOLLOWER at term 5 for recognizeCandidate:84568b57-9d99-42dc-882b-eae65806f704
2019-10-24 15:48:03,804 [grpc-default-executor-0] INFO  impl.RoleInfo (RoleInfo.java:shutdownFollowerState(121)) - 98e78e11-cb4b-48d0-b763-897efd13c9ec: shutdown FollowerState
2019-10-24 15:48:03,804 [grpc-default-executor-2] INFO  impl.RoleInfo (RoleInfo.java:shutdownFollowerState(121)) - feaf5d54-1805-49ec-899f-945609733e38: shutdown FollowerState
2019-10-24 15:48:03,804 [grpc-default-executor-0] INFO  impl.RoleInfo (RoleInfo.java:updateAndGet(143)) - 98e78e11-cb4b-48d0-b763-897efd13c9ec: start FollowerState
2019-10-24 15:48:03,805 [Thread-573] INFO  impl.FollowerState (FollowerState.java:run(117)) - feaf5d54-1805-49ec-899f-945609733e38@group-05AC48DA6374-FollowerState was interrupted: java.lang.InterruptedException: sleep interrupted
2019-10-24 15:48:03,804 [Thread-572] INFO  impl.FollowerState (FollowerState.java:run(117)) - 98e78e11-cb4b-48d0-b763-897efd13c9ec@group-05AC48DA6374-FollowerState was interrupted: java.lang.InterruptedException: sleep interrupted
2019-10-24 15:48:03,805 [grpc-default-executor-2] INFO  impl.RoleInfo (RoleInfo.java:updateAndGet(143)) - feaf5d54-1805-49ec-899f-945609733e38: start FollowerState
2019-10-24 15:48:03,883 [84568b57-9d99-42dc-882b-eae65806f704@group-05AC48DA6374-LeaderElection9] INFO  impl.LeaderElection (LeaderElection.java:logAndReturn(56)) - 84568b57-9d99-42dc-882b-eae65806f704@group-05AC48DA6374-LeaderElection9: Election REJECTED; received 2 response(s) [84568b57-9d99-42dc-882b-eae65806f704<-98e78e11-cb4b-48d0-b763-897efd13c9ec#0:FAIL-t5, 84568b57-9d99-42dc-882b-eae65806f704<-feaf5d54-1805-49ec-899f-945609733e38#0:FAIL-t5] and 0 exception(s); 84568b57-9d99-42dc-882b-eae65806f704@group-05AC48DA6374:t5, leader=null, voted=84568b57-9d99-42dc-882b-eae65806f704, raftlog=84568b57-9d99-42dc-882b-eae65806f704@group-05AC48DA6374-SegmentedRaftLog:OPENED:c3,f4,i4, conf=0: [98e78e11-cb4b-48d0-b763-897efd13c9ec:192.168.164.213:39232, 84568b57-9d99-42dc-882b-eae65806f704:192.168.164.213:37329, feaf5d54-1805-49ec-899f-945609733e38:192.168.164.213:39911], old=null
2019-10-24 15:48:03,884 [84568b57-9d99-42dc-882b-eae65806f704@group-05AC48DA6374-LeaderElection9] INFO  impl.RaftServerImpl (RaftServerImpl.java:setRole(184)) - 84568b57-9d99-42dc-882b-eae65806f704@group-05AC48DA6374: changes role from CANDIDATE to FOLLOWER at term 5 for DISCOVERED_A_NEW_TERM
2019-10-24 15:48:03,884 [84568b57-9d99-42dc-882b-eae65806f704@group-05AC48DA6374-LeaderElection9] INFO  impl.RoleInfo (RoleInfo.java:shutdownLeaderElection(134)) - 84568b57-9d99-42dc-882b-eae65806f704: shutdown LeaderElection
2019-10-24 15:48:03,884 [84568b57-9d99-42dc-882b-eae65806f704@group-05AC48DA6374-LeaderElection9] INFO  impl.RoleInfo (RoleInfo.java:updateAndGet(143)) - 84568b57-9d99-42dc-882b-eae65806f704: start FollowerState
2019-10-24 15:48:03,892 [BlockDeletingService#2] WARN  background.BlockDeletingService (BlockDeletingService.java:isDeletionAllowed(187)) - Close Container log Index 6 is not replicated across allthe servers in the pipeline a9fb5832-a8b6-4e39-9ab2-05ac48da6374 as the min replicated index is 4. Deletion is not allowed in this container yet.
2019-10-24 15:48:03,893 [BlockDeletingService#6] WARN  background.BlockDeletingService (BlockDeletingService.java:isDeletionAllowed(187)) - Close Container log Index 6 is not replicated across allthe servers in the pipeline a9fb5832-a8b6-4e39-9ab2-05ac48da6374 as the min replicated index is 4. Deletion is not allowed in this container yet.
2019-10-24 15:48:03,964 [Thread-578] INFO  impl.FollowerState (FollowerState.java:run(108)) - 84568b57-9d99-42dc-882b-eae65806f704@group-05AC48DA6374-FollowerState: change to CANDIDATE, lastRpcTime:79ms, electionTimeout:78ms
2019-10-24 15:48:03,964 [Thread-578] INFO  impl.RoleInfo (RoleInfo.java:shutdownFollowerState(121)) - 84568b57-9d99-42dc-882b-eae65806f704: shutdown FollowerState
2019-10-24 15:48:03,964 [Thread-578] INFO  impl.RaftServerImpl (RaftServerImpl.java:setRole(184)) - 84568b57-9d99-42dc-882b-eae65806f704@group-05AC48DA6374: changes role from  FOLLOWER to CANDIDATE at term 5 for changeToCandidate
2019-10-24 15:48:03,964 [Thread-578] INFO  impl.RoleInfo (RoleInfo.java:updateAndGet(143)) - 84568b57-9d99-42dc-882b-eae65806f704: start LeaderElection
2019-10-24 15:48:03,980 [84568b57-9d99-42dc-882b-eae65806f704@group-05AC48DA6374-LeaderElection10] INFO  impl.LeaderElection (LeaderElection.java:askForVotes(178)) - 84568b57-9d99-42dc-882b-eae65806f704@group-05AC48DA6374-LeaderElection10: begin an election at term 6 for 0: [98e78e11-cb4b-48d0-b763-897efd13c9ec:192.168.164.213:39232, 84568b57-9d99-42dc-882b-eae65806f704:192.168.164.213:37329, feaf5d54-1805-49ec-899f-945609733e38:192.168.164.213:39911], old=null
2019-10-24 15:48:03,985 [grpc-default-executor-2] INFO  impl.RaftServerImpl (RaftServerImpl.java:setRole(184)) - feaf5d54-1805-49ec-899f-945609733e38@group-05AC48DA6374: changes role from  FOLLOWER to FOLLOWER at term 6 for recognizeCandidate:84568b57-9d99-42dc-882b-eae65806f704
2019-10-24 15:48:03,985 [grpc-default-executor-2] INFO  impl.RoleInfo (RoleInfo.java:shutdownFollowerState(121)) - feaf5d54-1805-49ec-899f-945609733e38: shutdown FollowerState
2019-10-24 15:48:03,986 [grpc-default-executor-2] INFO  impl.RoleInfo (RoleInfo.java:updateAndGet(143)) - feaf5d54-1805-49ec-899f-945609733e38: start FollowerState
2019-10-24 15:48:03,986 [grpc-default-executor-0] INFO  impl.RaftServerImpl (RaftServerImpl.java:setRole(184)) - 98e78e11-cb4b-48d0-b763-897efd13c9ec@group-05AC48DA6374: changes role from  FOLLOWER to FOLLOWER at term 6 for recognizeCandidate:84568b57-9d99-42dc-882b-eae65806f704
2019-10-24 15:48:03,987 [grpc-default-executor-0] INFO  impl.RoleInfo (RoleInfo.java:shutdownFollowerState(121)) - 98e78e11-cb4b-48d0-b763-897efd13c9ec: shutdown FollowerState
2019-10-24 15:48:03,986 [Thread-577] INFO  impl.FollowerState (FollowerState.java:run(117)) - feaf5d54-1805-49ec-899f-945609733e38@group-05AC48DA6374-FollowerState was interrupted: java.lang.InterruptedException: sleep interrupted
2019-10-24 15:48:03,987 [Thread-576] INFO  impl.FollowerState (FollowerState.java:run(117)) - 98e78e11-cb4b-48d0-b763-897efd13c9ec@group-05AC48DA6374-FollowerState was interrupted: java.lang.InterruptedException: sleep interrupted
2019-10-24 15:48:03,987 [grpc-default-executor-0] INFO  impl.RoleInfo (RoleInfo.java:updateAndGet(143)) - 98e78e11-cb4b-48d0-b763-897efd13c9ec: start FollowerState
2019-10-24 15:48:04,008 [84568b57-9d99-42dc-882b-eae65806f704@group-05AC48DA6374-LeaderElection10] INFO  impl.LeaderElection (LeaderElection.java:logAndReturn(56)) - 84568b57-9d99-42dc-882b-eae65806f704@group-05AC48DA6374-LeaderElection10: Election REJECTED; received 2 response(s) [84568b57-9d99-42dc-882b-eae65806f704<-98e78e11-cb4b-48d0-b763-897efd13c9ec#0:FAIL-t6, 84568b57-9d99-42dc-882b-eae65806f704<-feaf5d54-1805-49ec-899f-945609733e38#0:FAIL-t6] and 0 exception(s); 84568b57-9d99-42dc-882b-eae65806f704@group-05AC48DA6374:t6, leader=null, voted=84568b57-9d99-42dc-882b-eae65806f704, raftlog=84568b57-9d99-42dc-882b-eae65806f704@group-05AC48DA6374-SegmentedRaftLog:OPENED:c3,f4,i4, conf=0: [98e78e11-cb4b-48d0-b763-897efd13c9ec:192.168.164.213:39232, 84568b57-9d99-42dc-882b-eae65806f704:192.168.164.213:37329, feaf5d54-1805-49ec-899f-945609733e38:192.168.164.213:39911], old=null
2019-10-24 15:48:04,008 [84568b57-9d99-42dc-882b-eae65806f704@group-05AC48DA6374-LeaderElection10] INFO  impl.RaftServerImpl (RaftServerImpl.java:setRole(184)) - 84568b57-9d99-42dc-882b-eae65806f704@group-05AC48DA6374: changes role from CANDIDATE to FOLLOWER at term 6 for DISCOVERED_A_NEW_TERM
2019-10-24 15:48:04,009 [84568b57-9d99-42dc-882b-eae65806f704@group-05AC48DA6374-LeaderElection10] INFO  impl.RoleInfo (RoleInfo.java:shutdownLeaderElection(134)) - 84568b57-9d99-42dc-882b-eae65806f704: shutdown LeaderElection
2019-10-24 15:48:04,010 [84568b57-9d99-42dc-882b-eae65806f704@group-05AC48DA6374-LeaderElection10] INFO  impl.RoleInfo (RoleInfo.java:updateAndGet(143)) - 84568b57-9d99-42dc-882b-eae65806f704: start FollowerState
2019-10-24 15:48:04,098 [Thread-586] INFO  impl.FollowerState (FollowerState.java:run(108)) - 84568b57-9d99-42dc-882b-eae65806f704@group-05AC48DA6374-FollowerState: change to CANDIDATE, lastRpcTime:88ms, electionTimeout:87ms
2019-10-24 15:48:04,100 [Thread-586] INFO  impl.RoleInfo (RoleInfo.java:shutdownFollowerState(121)) - 84568b57-9d99-42dc-882b-eae65806f704: shutdown FollowerState
2019-10-24 15:48:04,100 [Thread-586] INFO  impl.RaftServerImpl (RaftServerImpl.java:setRole(184)) - 84568b57-9d99-42dc-882b-eae65806f704@group-05AC48DA6374: changes role from  FOLLOWER to CANDIDATE at term 6 for changeToCandidate
2019-10-24 15:48:04,100 [Thread-586] INFO  impl.RoleInfo (RoleInfo.java:updateAndGet(143)) - 84568b57-9d99-42dc-882b-eae65806f704: start LeaderElection
2019-10-24 15:48:04,115 [pool-7-thread-1] INFO  commands.RetriableDatanodeEventWatcher (RetriableDatanodeEventWatcher.java:onTimeout(47)) - RetriableDatanodeCommand type=deleteBlocksCommand with id=1571932080115 timed out. Retrying.
2019-10-24 15:48:04,115 [pool-7-thread-3] INFO  commands.RetriableDatanodeEventWatcher (RetriableDatanodeEventWatcher.java:onTimeout(47)) - RetriableDatanodeCommand type=deleteBlocksCommand with id=1571932080114 timed out. Retrying.
2019-10-24 15:48:04,115 [pool-7-thread-2] INFO  commands.RetriableDatanodeEventWatcher (RetriableDatanodeEventWatcher.java:onTimeout(47)) - RetriableDatanodeCommand type=deleteBlocksCommand with id=1571932080112 timed out. Retrying.
2019-10-24 15:48:04,116 [pool-7-thread-3] INFO  commands.RetriableDatanodeEventWatcher (RetriableDatanodeEventWatcher.java:onTimeout(47)) - RetriableDatanodeCommand type=deleteBlocksCommand with id=1571932080116 timed out. Retrying.
2019-10-24 15:48:04,117 [SCMBlockDeletingService#1] INFO  block.SCMBlockDeletingService (SCMBlockDeletingService.java:call(184)) - Totally added 1 delete blocks command for 1 datanodes, task elapsed time: 1ms
2019-10-24 15:48:04,126 [84568b57-9d99-42dc-882b-eae65806f704@group-05AC48DA6374-LeaderElection11] INFO  impl.LeaderElection (LeaderElection.java:askForVotes(178)) - 84568b57-9d99-42dc-882b-eae65806f704@group-05AC48DA6374-LeaderElection11: begin an election at term 7 for 0: [98e78e11-cb4b-48d0-b763-897efd13c9ec:192.168.164.213:39232, 84568b57-9d99-42dc-882b-eae65806f704:192.168.164.213:37329, feaf5d54-1805-49ec-899f-945609733e38:192.168.164.213:39911], old=null
2019-10-24 15:48:04,132 [grpc-default-executor-2] INFO  impl.RaftServerImpl (RaftServerImpl.java:setRole(184)) - feaf5d54-1805-49ec-899f-945609733e38@group-05AC48DA6374: changes role from  FOLLOWER to FOLLOWER at term 7 for recognizeCandidate:84568b57-9d99-42dc-882b-eae65806f704
2019-10-24 15:48:04,132 [grpc-default-executor-2] INFO  impl.RoleInfo (RoleInfo.java:shutdownFollowerState(121)) - feaf5d54-1805-49ec-899f-945609733e38: shutdown FollowerState
2019-10-24 15:48:04,132 [grpc-default-executor-0] INFO  impl.RaftServerImpl (RaftServerImpl.java:setRole(184)) - 98e78e11-cb4b-48d0-b763-897efd13c9ec@group-05AC48DA6374: changes role from  FOLLOWER to FOLLOWER at term 7 for recognizeCandidate:84568b57-9d99-42dc-882b-eae65806f704
2019-10-24 15:48:04,132 [grpc-default-executor-2] INFO  impl.RoleInfo (RoleInfo.java:updateAndGet(143)) - feaf5d54-1805-49ec-899f-945609733e38: start FollowerState
2019-10-24 15:48:04,132 [Thread-584] INFO  impl.FollowerState (FollowerState.java:run(117)) - feaf5d54-1805-49ec-899f-945609733e38@group-05AC48DA6374-FollowerState was interrupted: java.lang.InterruptedException: sleep interrupted
2019-10-24 15:48:04,133 [grpc-default-executor-0] INFO  impl.RoleInfo (RoleInfo.java:shutdownFollowerState(121)) - 98e78e11-cb4b-48d0-b763-897efd13c9ec: shutdown FollowerState
2019-10-24 15:48:04,133 [Thread-585] INFO  impl.FollowerState (FollowerState.java:run(117)) - 98e78e11-cb4b-48d0-b763-897efd13c9ec@group-05AC48DA6374-FollowerState was interrupted: java.lang.InterruptedException: sleep interrupted
2019-10-24 15:48:04,133 [grpc-default-executor-0] INFO  impl.RoleInfo (RoleInfo.java:updateAndGet(143)) - 98e78e11-cb4b-48d0-b763-897efd13c9ec: start FollowerState
2019-10-24 15:48:04,161 [84568b57-9d99-42dc-882b-eae65806f704@group-05AC48DA6374-LeaderElection11] INFO  impl.LeaderElection (LeaderElection.java:logAndReturn(56)) - 84568b57-9d99-42dc-882b-eae65806f704@group-05AC48DA6374-LeaderElection11: Election REJECTED; received 2 response(s) [84568b57-9d99-42dc-882b-eae65806f704<-98e78e11-cb4b-48d0-b763-897efd13c9ec#0:FAIL-t7, 84568b57-9d99-42dc-882b-eae65806f704<-feaf5d54-1805-49ec-899f-945609733e38#0:FAIL-t7] and 0 exception(s); 84568b57-9d99-42dc-882b-eae65806f704@group-05AC48DA6374:t7, leader=null, voted=84568b57-9d99-42dc-882b-eae65806f704, raftlog=84568b57-9d99-42dc-882b-eae65806f704@group-05AC48DA6374-SegmentedRaftLog:OPENED:c3,f4,i4, conf=0: [98e78e11-cb4b-48d0-b763-897efd13c9ec:192.168.164.213:39232, 84568b57-9d99-42dc-882b-eae65806f704:192.168.164.213:37329, feaf5d54-1805-49ec-899f-945609733e38:192.168.164.213:39911], old=null
2019-10-24 15:48:04,162 [84568b57-9d99-42dc-882b-eae65806f704@group-05AC48DA6374-LeaderElection11] INFO  impl.RaftServerImpl (RaftServerImpl.java:setRole(184)) - 84568b57-9d99-42dc-882b-eae65806f704@group-05AC48DA6374: changes role from CANDIDATE to FOLLOWER at term 7 for DISCOVERED_A_NEW_TERM
2019-10-24 15:48:04,162 [84568b57-9d99-42dc-882b-eae65806f704@group-05AC48DA6374-LeaderElection11] INFO  impl.RoleInfo (RoleInfo.java:shutdownLeaderElection(134)) - 84568b57-9d99-42dc-882b-eae65806f704: shutdown LeaderElection
2019-10-24 15:48:04,163 [84568b57-9d99-42dc-882b-eae65806f704@group-05AC48DA6374-LeaderElection11] INFO  impl.RoleInfo (RoleInfo.java:updateAndGet(143)) - 84568b57-9d99-42dc-882b-eae65806f704: start FollowerState
2019-10-24 15:48:04,258 [Thread-592] INFO  impl.FollowerState (FollowerState.java:run(108)) - 84568b57-9d99-42dc-882b-eae65806f704@group-05AC48DA6374-FollowerState: change to CANDIDATE, lastRpcTime:94ms, electionTimeout:93ms
2019-10-24 15:48:04,259 [Thread-592] INFO  impl.RoleInfo (RoleInfo.java:shutdownFollowerState(121)) - 84568b57-9d99-42dc-882b-eae65806f704: shutdown FollowerState
2019-10-24 15:48:04,259 [Thread-592] INFO  impl.RaftServerImpl (RaftServerImpl.java:setRole(184)) - 84568b57-9d99-42dc-882b-eae65806f704@group-05AC48DA6374: changes role from  FOLLOWER to CANDIDATE at term 7 for changeToCandidate
2019-10-24 15:48:04,260 [Thread-592] INFO  impl.RoleInfo (RoleInfo.java:updateAndGet(143)) - 84568b57-9d99-42dc-882b-eae65806f704: start LeaderElection
2019-10-24 15:48:04,283 [84568b57-9d99-42dc-882b-eae65806f704@group-05AC48DA6374-LeaderElection12] INFO  impl.LeaderElection (LeaderElection.java:askForVotes(178)) - 84568b57-9d99-42dc-882b-eae65806f704@group-05AC48DA6374-LeaderElection12: begin an election at term 8 for 0: [98e78e11-cb4b-48d0-b763-897efd13c9ec:192.168.164.213:39232, 84568b57-9d99-42dc-882b-eae65806f704:192.168.164.213:37329, feaf5d54-1805-49ec-899f-945609733e38:192.168.164.213:39911], old=null
2019-10-24 15:48:04,288 [grpc-default-executor-2] INFO  impl.RaftServerImpl (RaftServerImpl.java:setRole(184)) - 98e78e11-cb4b-48d0-b763-897efd13c9ec@group-05AC48DA6374: changes role from  FOLLOWER to FOLLOWER at term 8 for recognizeCandidate:84568b57-9d99-42dc-882b-eae65806f704
2019-10-24 15:48:04,288 [grpc-default-executor-0] INFO  impl.RaftServerImpl (RaftServerImpl.java:setRole(184)) - feaf5d54-1805-49ec-899f-945609733e38@group-05AC48DA6374: changes role from  FOLLOWER to FOLLOWER at term 8 for recognizeCandidate:84568b57-9d99-42dc-882b-eae65806f704
2019-10-24 15:48:04,289 [grpc-default-executor-2] INFO  impl.RoleInfo (RoleInfo.java:shutdownFollowerState(121)) - 98e78e11-cb4b-48d0-b763-897efd13c9ec: shutdown FollowerState
2019-10-24 15:48:04,289 [grpc-default-executor-0] INFO  impl.RoleInfo (RoleInfo.java:shutdownFollowerState(121)) - feaf5d54-1805-49ec-899f-945609733e38: shutdown FollowerState
2019-10-24 15:48:04,289 [grpc-default-executor-2] INFO  impl.RoleInfo (RoleInfo.java:updateAndGet(143)) - 98e78e11-cb4b-48d0-b763-897efd13c9ec: start FollowerState
2019-10-24 15:48:04,289 [Thread-591] INFO  impl.FollowerState (FollowerState.java:run(117)) - 98e78e11-cb4b-48d0-b763-897efd13c9ec@group-05AC48DA6374-FollowerState was interrupted: java.lang.InterruptedException: sleep interrupted
2019-10-24 15:48:04,289 [grpc-default-executor-0] INFO  impl.RoleInfo (RoleInfo.java:updateAndGet(143)) - feaf5d54-1805-49ec-899f-945609733e38: start FollowerState
2019-10-24 15:48:04,289 [Thread-590] INFO  impl.FollowerState (FollowerState.java:run(117)) - feaf5d54-1805-49ec-899f-945609733e38@group-05AC48DA6374-FollowerState was interrupted: java.lang.InterruptedException: sleep interrupted
2019-10-24 15:48:04,308 [84568b57-9d99-42dc-882b-eae65806f704@group-05AC48DA6374-LeaderElection12] INFO  impl.LeaderElection (LeaderElection.java:logAndReturn(56)) - 84568b57-9d99-42dc-882b-eae65806f704@group-05AC48DA6374-LeaderElection12: Election REJECTED; received 2 response(s) [84568b57-9d99-42dc-882b-eae65806f704<-98e78e11-cb4b-48d0-b763-897efd13c9ec#0:FAIL-t8, 84568b57-9d99-42dc-882b-eae65806f704<-feaf5d54-1805-49ec-899f-945609733e38#0:FAIL-t8] and 0 exception(s); 84568b57-9d99-42dc-882b-eae65806f704@group-05AC48DA6374:t8, leader=null, voted=84568b57-9d99-42dc-882b-eae65806f704, raftlog=84568b57-9d99-42dc-882b-eae65806f704@group-05AC48DA6374-SegmentedRaftLog:OPENED:c3,f4,i4, conf=0: [98e78e11-cb4b-48d0-b763-897efd13c9ec:192.168.164.213:39232, 84568b57-9d99-42dc-882b-eae65806f704:192.168.164.213:37329, feaf5d54-1805-49ec-899f-945609733e38:192.168.164.213:39911], old=null
2019-10-24 15:48:04,308 [84568b57-9d99-42dc-882b-eae65806f704@group-05AC48DA6374-LeaderElection12] INFO  impl.RaftServerImpl (RaftServerImpl.java:setRole(184)) - 84568b57-9d99-42dc-882b-eae65806f704@group-05AC48DA6374: changes role from CANDIDATE to FOLLOWER at term 8 for DISCOVERED_A_NEW_TERM
2019-10-24 15:48:04,310 [84568b57-9d99-42dc-882b-eae65806f704@group-05AC48DA6374-LeaderElection12] INFO  impl.RoleInfo (RoleInfo.java:shutdownLeaderElection(134)) - 84568b57-9d99-42dc-882b-eae65806f704: shutdown LeaderElection
2019-10-24 15:48:04,310 [84568b57-9d99-42dc-882b-eae65806f704@group-05AC48DA6374-LeaderElection12] INFO  impl.RoleInfo (RoleInfo.java:updateAndGet(143)) - 84568b57-9d99-42dc-882b-eae65806f704: start FollowerState
2019-10-24 15:48:04,328 [Thread-598] INFO  impl.FollowerState (FollowerState.java:run(108)) - 84568b57-9d99-42dc-882b-eae65806f704@group-05AC48DA6374-FollowerState: change to CANDIDATE, lastRpcTime:18ms, electionTimeout:17ms
2019-10-24 15:48:04,330 [Thread-598] INFO  impl.RoleInfo (RoleInfo.java:shutdownFollowerState(121)) - 84568b57-9d99-42dc-882b-eae65806f704: shutdown FollowerState
2019-10-24 15:48:04,330 [Thread-598] INFO  impl.RaftServerImpl (RaftServerImpl.java:setRole(184)) - 84568b57-9d99-42dc-882b-eae65806f704@group-05AC48DA6374: changes role from  FOLLOWER to CANDIDATE at term 8 for changeToCandidate
2019-10-24 15:48:04,330 [Thread-598] INFO  impl.RoleInfo (RoleInfo.java:updateAndGet(143)) - 84568b57-9d99-42dc-882b-eae65806f704: start LeaderElection
2019-10-24 15:48:04,344 [84568b57-9d99-42dc-882b-eae65806f704@group-05AC48DA6374-LeaderElection13] INFO  impl.LeaderElection (LeaderElection.java:askForVotes(178)) - 84568b57-9d99-42dc-882b-eae65806f704@group-05AC48DA6374-LeaderElection13: begin an election at term 9 for 0: [98e78e11-cb4b-48d0-b763-897efd13c9ec:192.168.164.213:39232, 84568b57-9d99-42dc-882b-eae65806f704:192.168.164.213:37329, feaf5d54-1805-49ec-899f-945609733e38:192.168.164.213:39911], old=null
2019-10-24 15:48:04,347 [grpc-default-executor-2] INFO  impl.RaftServerImpl (RaftServerImpl.java:setRole(184)) - feaf5d54-1805-49ec-899f-945609733e38@group-05AC48DA6374: changes role from  FOLLOWER to FOLLOWER at term 9 for recognizeCandidate:84568b57-9d99-42dc-882b-eae65806f704
2019-10-24 15:48:04,347 [grpc-default-executor-2] INFO  impl.RoleInfo (RoleInfo.java:shutdownFollowerState(121)) - feaf5d54-1805-49ec-899f-945609733e38: shutdown FollowerState
2019-10-24 15:48:04,348 [Thread-597] INFO  impl.FollowerState (FollowerState.java:run(117)) - feaf5d54-1805-49ec-899f-945609733e38@group-05AC48DA6374-FollowerState was interrupted: java.lang.InterruptedException: sleep interrupted
2019-10-24 15:48:04,348 [grpc-default-executor-2] INFO  impl.RoleInfo (RoleInfo.java:updateAndGet(143)) - feaf5d54-1805-49ec-899f-945609733e38: start FollowerState
2019-10-24 15:48:04,350 [grpc-default-executor-0] INFO  impl.RaftServerImpl (RaftServerImpl.java:setRole(184)) - 98e78e11-cb4b-48d0-b763-897efd13c9ec@group-05AC48DA6374: changes role from  FOLLOWER to FOLLOWER at term 9 for recognizeCandidate:84568b57-9d99-42dc-882b-eae65806f704
2019-10-24 15:48:04,350 [grpc-default-executor-0] INFO  impl.RoleInfo (RoleInfo.java:shutdownFollowerState(121)) - 98e78e11-cb4b-48d0-b763-897efd13c9ec: shutdown FollowerState
2019-10-24 15:48:04,350 [Thread-596] INFO  impl.FollowerState (FollowerState.java:run(117)) - 98e78e11-cb4b-48d0-b763-897efd13c9ec@group-05AC48DA6374-FollowerState was interrupted: java.lang.InterruptedException: sleep interrupted
2019-10-24 15:48:04,350 [grpc-default-executor-0] INFO  impl.RoleInfo (RoleInfo.java:updateAndGet(143)) - 98e78e11-cb4b-48d0-b763-897efd13c9ec: start FollowerState
2019-10-24 15:48:04,376 [84568b57-9d99-42dc-882b-eae65806f704@group-05AC48DA6374-LeaderElection13] INFO  impl.LeaderElection (LeaderElection.java:logAndReturn(56)) - 84568b57-9d99-42dc-882b-eae65806f704@group-05AC48DA6374-LeaderElection13: Election REJECTED; received 2 response(s) [84568b57-9d99-42dc-882b-eae65806f704<-98e78e11-cb4b-48d0-b763-897efd13c9ec#0:FAIL-t9, 84568b57-9d99-42dc-882b-eae65806f704<-feaf5d54-1805-49ec-899f-945609733e38#0:FAIL-t9] and 0 exception(s); 84568b57-9d99-42dc-882b-eae65806f704@group-05AC48DA6374:t9, leader=null, voted=84568b57-9d99-42dc-882b-eae65806f704, raftlog=84568b57-9d99-42dc-882b-eae65806f704@group-05AC48DA6374-SegmentedRaftLog:OPENED:c3,f4,i4, conf=0: [98e78e11-cb4b-48d0-b763-897efd13c9ec:192.168.164.213:39232, 84568b57-9d99-42dc-882b-eae65806f704:192.168.164.213:37329, feaf5d54-1805-49ec-899f-945609733e38:192.168.164.213:39911], old=null
2019-10-24 15:48:04,377 [84568b57-9d99-42dc-882b-eae65806f704@group-05AC48DA6374-LeaderElection13] INFO  impl.RaftServerImpl (RaftServerImpl.java:setRole(184)) - 84568b57-9d99-42dc-882b-eae65806f704@group-05AC48DA6374: changes role from CANDIDATE to FOLLOWER at term 9 for DISCOVERED_A_NEW_TERM
2019-10-24 15:48:04,378 [84568b57-9d99-42dc-882b-eae65806f704@group-05AC48DA6374-LeaderElection13] INFO  impl.RoleInfo (RoleInfo.java:shutdownLeaderElection(134)) - 84568b57-9d99-42dc-882b-eae65806f704: shutdown LeaderElection
2019-10-24 15:48:04,378 [84568b57-9d99-42dc-882b-eae65806f704@group-05AC48DA6374-LeaderElection13] INFO  impl.RoleInfo (RoleInfo.java:updateAndGet(143)) - 84568b57-9d99-42dc-882b-eae65806f704: start FollowerState
2019-10-24 15:48:04,565 [Thread-604] INFO  impl.FollowerState (FollowerState.java:run(108)) - 84568b57-9d99-42dc-882b-eae65806f704@group-05AC48DA6374-FollowerState: change to CANDIDATE, lastRpcTime:186ms, electionTimeout:186ms
2019-10-24 15:48:04,567 [Thread-604] INFO  impl.RoleInfo (RoleInfo.java:shutdownFollowerState(121)) - 84568b57-9d99-42dc-882b-eae65806f704: shutdown FollowerState
2019-10-24 15:48:04,567 [Thread-604] INFO  impl.RaftServerImpl (RaftServerImpl.java:setRole(184)) - 84568b57-9d99-42dc-882b-eae65806f704@group-05AC48DA6374: changes role from  FOLLOWER to CANDIDATE at term 9 for changeToCandidate
2019-10-24 15:48:04,567 [Thread-604] INFO  impl.RoleInfo (RoleInfo.java:updateAndGet(143)) - 84568b57-9d99-42dc-882b-eae65806f704: start LeaderElection
2019-10-24 15:48:04,583 [84568b57-9d99-42dc-882b-eae65806f704@group-05AC48DA6374-LeaderElection14] INFO  impl.LeaderElection (LeaderElection.java:askForVotes(178)) - 84568b57-9d99-42dc-882b-eae65806f704@group-05AC48DA6374-LeaderElection14: begin an election at term 10 for 0: [98e78e11-cb4b-48d0-b763-897efd13c9ec:192.168.164.213:39232, 84568b57-9d99-42dc-882b-eae65806f704:192.168.164.213:37329, feaf5d54-1805-49ec-899f-945609733e38:192.168.164.213:39911], old=null
2019-10-24 15:48:04,588 [grpc-default-executor-5] INFO  impl.RaftServerImpl (RaftServerImpl.java:setRole(184)) - feaf5d54-1805-49ec-899f-945609733e38@group-05AC48DA6374: changes role from  FOLLOWER to FOLLOWER at term 10 for recognizeCandidate:84568b57-9d99-42dc-882b-eae65806f704
2019-10-24 15:48:04,588 [grpc-default-executor-2] INFO  impl.RaftServerImpl (RaftServerImpl.java:setRole(184)) - 98e78e11-cb4b-48d0-b763-897efd13c9ec@group-05AC48DA6374: changes role from  FOLLOWER to FOLLOWER at term 10 for recognizeCandidate:84568b57-9d99-42dc-882b-eae65806f704
2019-10-24 15:48:04,588 [grpc-default-executor-5] INFO  impl.RoleInfo (RoleInfo.java:shutdownFollowerState(121)) - feaf5d54-1805-49ec-899f-945609733e38: shutdown FollowerState
2019-10-24 15:48:04,588 [grpc-default-executor-2] INFO  impl.RoleInfo (RoleInfo.java:shutdownFollowerState(121)) - 98e78e11-cb4b-48d0-b763-897efd13c9ec: shutdown FollowerState
2019-10-24 15:48:04,588 [grpc-default-executor-5] INFO  impl.RoleInfo (RoleInfo.java:updateAndGet(143)) - feaf5d54-1805-49ec-899f-945609733e38: start FollowerState
2019-10-24 15:48:04,589 [grpc-default-executor-2] INFO  impl.RoleInfo (RoleInfo.java:updateAndGet(143)) - 98e78e11-cb4b-48d0-b763-897efd13c9ec: start FollowerState
2019-10-24 15:48:04,588 [Thread-602] INFO  impl.FollowerState (FollowerState.java:run(117)) - feaf5d54-1805-49ec-899f-945609733e38@group-05AC48DA6374-FollowerState was interrupted: java.lang.InterruptedException: sleep interrupted
2019-10-24 15:48:04,589 [Thread-603] INFO  impl.FollowerState (FollowerState.java:run(117)) - 98e78e11-cb4b-48d0-b763-897efd13c9ec@group-05AC48DA6374-FollowerState was interrupted: java.lang.InterruptedException: sleep interrupted
2019-10-24 15:48:04,595 [84568b57-9d99-42dc-882b-eae65806f704@group-05AC48DA6374-LeaderElection14] INFO  impl.LeaderElection (LeaderElection.java:logAndReturn(56)) - 84568b57-9d99-42dc-882b-eae65806f704@group-05AC48DA6374-LeaderElection14: Election TIMEOUT; received 0 response(s) [] and 0 exception(s); 84568b57-9d99-42dc-882b-eae65806f704@group-05AC48DA6374:t10, leader=null, voted=84568b57-9d99-42dc-882b-eae65806f704, raftlog=84568b57-9d99-42dc-882b-eae65806f704@group-05AC48DA6374-SegmentedRaftLog:OPENED:c3,f4,i4, conf=0: [98e78e11-cb4b-48d0-b763-897efd13c9ec:192.168.164.213:39232, 84568b57-9d99-42dc-882b-eae65806f704:192.168.164.213:37329, feaf5d54-1805-49ec-899f-945609733e38:192.168.164.213:39911], old=null
2019-10-24 15:48:04,604 [84568b57-9d99-42dc-882b-eae65806f704@group-05AC48DA6374-LeaderElection14] INFO  impl.LeaderElection (LeaderElection.java:askForVotes(178)) - 84568b57-9d99-42dc-882b-eae65806f704@group-05AC48DA6374-LeaderElection14: begin an election at term 11 for 0: [98e78e11-cb4b-48d0-b763-897efd13c9ec:192.168.164.213:39232, 84568b57-9d99-42dc-882b-eae65806f704:192.168.164.213:37329, feaf5d54-1805-49ec-899f-945609733e38:192.168.164.213:39911], old=null
2019-10-24 15:48:04,618 [grpc-default-executor-5] INFO  impl.RaftServerImpl (RaftServerImpl.java:setRole(184)) - 98e78e11-cb4b-48d0-b763-897efd13c9ec@group-05AC48DA6374: changes role from  FOLLOWER to FOLLOWER at term 11 for recognizeCandidate:84568b57-9d99-42dc-882b-eae65806f704
2019-10-24 15:48:04,619 [grpc-default-executor-0] INFO  impl.RaftServerImpl (RaftServerImpl.java:setRole(184)) - feaf5d54-1805-49ec-899f-945609733e38@group-05AC48DA6374: changes role from  FOLLOWER to FOLLOWER at term 11 for recognizeCandidate:84568b57-9d99-42dc-882b-eae65806f704
2019-10-24 15:48:04,619 [grpc-default-executor-5] INFO  impl.RoleInfo (RoleInfo.java:shutdownFollowerState(121)) - 98e78e11-cb4b-48d0-b763-897efd13c9ec: shutdown FollowerState
2019-10-24 15:48:04,620 [grpc-default-executor-0] INFO  impl.RoleInfo (RoleInfo.java:shutdownFollowerState(121)) - feaf5d54-1805-49ec-899f-945609733e38: shutdown FollowerState
2019-10-24 15:48:04,620 [grpc-default-executor-5] INFO  impl.RoleInfo (RoleInfo.java:updateAndGet(143)) - 98e78e11-cb4b-48d0-b763-897efd13c9ec: start FollowerState
2019-10-24 15:48:04,620 [Thread-609] INFO  impl.FollowerState (FollowerState.java:run(117)) - feaf5d54-1805-49ec-899f-945609733e38@group-05AC48DA6374-FollowerState was interrupted: java.lang.InterruptedException: sleep interrupted
2019-10-24 15:48:04,620 [Thread-610] INFO  impl.FollowerState (FollowerState.java:run(117)) - 98e78e11-cb4b-48d0-b763-897efd13c9ec@group-05AC48DA6374-FollowerState was interrupted: java.lang.InterruptedException: sleep interrupted
2019-10-24 15:48:04,620 [grpc-default-executor-0] INFO  impl.RoleInfo (RoleInfo.java:updateAndGet(143)) - feaf5d54-1805-49ec-899f-945609733e38: start FollowerState
2019-10-24 15:48:04,625 [Thread-616] INFO  client.GrpcClientProtocolService (GrpcClientProtocolService.java:lambda$processClientRequest$0(278)) - Failed RaftClientRequest:client-60DA70BF947A->98e78e11-cb4b-48d0-b763-897efd13c9ec@group-05AC48DA6374, cid=10, seq=0, Watch-ALL_COMMITTED(6), Message:<EMPTY>, reply=RaftClientReply:client-60DA70BF947A->98e78e11-cb4b-48d0-b763-897efd13c9ec@group-05AC48DA6374, cid=10, FAILED org.apache.ratis.protocol.NotLeaderException: Server 98e78e11-cb4b-48d0-b763-897efd13c9ec@group-05AC48DA6374 is not the leader, logIndex=0, commits[98e78e11-cb4b-48d0-b763-897efd13c9ec:c10, 84568b57-9d99-42dc-882b-eae65806f704:c4, feaf5d54-1805-49ec-899f-945609733e38:c10]
2019-10-24 15:48:04,638 [84568b57-9d99-42dc-882b-eae65806f704@group-05AC48DA6374-LeaderElection14] INFO  impl.LeaderElection (LeaderElection.java:logAndReturn(56)) - 84568b57-9d99-42dc-882b-eae65806f704@group-05AC48DA6374-LeaderElection14: Election TIMEOUT; received 0 response(s) [] and 0 exception(s); 84568b57-9d99-42dc-882b-eae65806f704@group-05AC48DA6374:t11, leader=null, voted=84568b57-9d99-42dc-882b-eae65806f704, raftlog=84568b57-9d99-42dc-882b-eae65806f704@group-05AC48DA6374-SegmentedRaftLog:OPENED:c3,f4,i4, conf=0: [98e78e11-cb4b-48d0-b763-897efd13c9ec:192.168.164.213:39232, 84568b57-9d99-42dc-882b-eae65806f704:192.168.164.213:37329, feaf5d54-1805-49ec-899f-945609733e38:192.168.164.213:39911], old=null
2019-10-24 15:48:04,650 [84568b57-9d99-42dc-882b-eae65806f704@group-05AC48DA6374-LeaderElection14] INFO  impl.LeaderElection (LeaderElection.java:askForVotes(178)) - 84568b57-9d99-42dc-882b-eae65806f704@group-05AC48DA6374-LeaderElection14: begin an election at term 12 for 0: [98e78e11-cb4b-48d0-b763-897efd13c9ec:192.168.164.213:39232, 84568b57-9d99-42dc-882b-eae65806f704:192.168.164.213:37329, feaf5d54-1805-49ec-899f-945609733e38:192.168.164.213:39911], old=null
2019-10-24 15:48:04,655 [grpc-default-executor-5] INFO  impl.RaftServerImpl (RaftServerImpl.java:setRole(184)) - feaf5d54-1805-49ec-899f-945609733e38@group-05AC48DA6374: changes role from  FOLLOWER to FOLLOWER at term 12 for recognizeCandidate:84568b57-9d99-42dc-882b-eae65806f704
2019-10-24 15:48:04,656 [grpc-default-executor-0] INFO  impl.RaftServerImpl (RaftServerImpl.java:setRole(184)) - 98e78e11-cb4b-48d0-b763-897efd13c9ec@group-05AC48DA6374: changes role from  FOLLOWER to FOLLOWER at term 12 for recognizeCandidate:84568b57-9d99-42dc-882b-eae65806f704
2019-10-24 15:48:04,656 [grpc-default-executor-5] INFO  impl.RoleInfo (RoleInfo.java:shutdownFollowerState(121)) - feaf5d54-1805-49ec-899f-945609733e38: shutdown FollowerState
2019-10-24 15:48:04,656 [grpc-default-executor-0] INFO  impl.RoleInfo (RoleInfo.java:shutdownFollowerState(121)) - 98e78e11-cb4b-48d0-b763-897efd13c9ec: shutdown FollowerState
2019-10-24 15:48:04,656 [Thread-615] INFO  impl.FollowerState (FollowerState.java:run(117)) - feaf5d54-1805-49ec-899f-945609733e38@group-05AC48DA6374-FollowerState was interrupted: java.lang.InterruptedException: sleep interrupted
2019-10-24 15:48:04,656 [grpc-default-executor-5] INFO  impl.RoleInfo (RoleInfo.java:updateAndGet(143)) - feaf5d54-1805-49ec-899f-945609733e38: start FollowerState
2019-10-24 15:48:04,657 [Thread-614] INFO  impl.FollowerState (FollowerState.java:run(117)) - 98e78e11-cb4b-48d0-b763-897efd13c9ec@group-05AC48DA6374-FollowerState was interrupted: java.lang.InterruptedException: sleep interrupted
2019-10-24 15:48:04,657 [grpc-default-executor-0] INFO  impl.RoleInfo (RoleInfo.java:updateAndGet(143)) - 98e78e11-cb4b-48d0-b763-897efd13c9ec: start FollowerState
2019-10-24 15:48:04,673 [84568b57-9d99-42dc-882b-eae65806f704@group-05AC48DA6374-LeaderElection14] INFO  impl.LeaderElection (LeaderElection.java:logAndReturn(56)) - 84568b57-9d99-42dc-882b-eae65806f704@group-05AC48DA6374-LeaderElection14: Election REJECTED; received 2 response(s) [84568b57-9d99-42dc-882b-eae65806f704<-98e78e11-cb4b-48d0-b763-897efd13c9ec#0:FAIL-t12, 84568b57-9d99-42dc-882b-eae65806f704<-feaf5d54-1805-49ec-899f-945609733e38#0:FAIL-t12] and 0 exception(s); 84568b57-9d99-42dc-882b-eae65806f704@group-05AC48DA6374:t12, leader=null, voted=84568b57-9d99-42dc-882b-eae65806f704, raftlog=84568b57-9d99-42dc-882b-eae65806f704@group-05AC48DA6374-SegmentedRaftLog:OPENED:c3,f4,i4, conf=0: [98e78e11-cb4b-48d0-b763-897efd13c9ec:192.168.164.213:39232, 84568b57-9d99-42dc-882b-eae65806f704:192.168.164.213:37329, feaf5d54-1805-49ec-899f-945609733e38:192.168.164.213:39911], old=null
2019-10-24 15:48:04,673 [84568b57-9d99-42dc-882b-eae65806f704@group-05AC48DA6374-LeaderElection14] INFO  impl.RaftServerImpl (RaftServerImpl.java:setRole(184)) - 84568b57-9d99-42dc-882b-eae65806f704@group-05AC48DA6374: changes role from CANDIDATE to FOLLOWER at term 12 for DISCOVERED_A_NEW_TERM
2019-10-24 15:48:04,674 [84568b57-9d99-42dc-882b-eae65806f704@group-05AC48DA6374-LeaderElection14] INFO  impl.RoleInfo (RoleInfo.java:shutdownLeaderElection(134)) - 84568b57-9d99-42dc-882b-eae65806f704: shutdown LeaderElection
2019-10-24 15:48:04,674 [84568b57-9d99-42dc-882b-eae65806f704@group-05AC48DA6374-LeaderElection14] INFO  impl.RoleInfo (RoleInfo.java:updateAndGet(143)) - 84568b57-9d99-42dc-882b-eae65806f704: start FollowerState
2019-10-24 15:48:04,690 [Thread-622] INFO  impl.FollowerState (FollowerState.java:run(108)) - 84568b57-9d99-42dc-882b-eae65806f704@group-05AC48DA6374-FollowerState: change to CANDIDATE, lastRpcTime:16ms, electionTimeout:16ms
2019-10-24 15:48:04,692 [Thread-622] INFO  impl.RoleInfo (RoleInfo.java:shutdownFollowerState(121)) - 84568b57-9d99-42dc-882b-eae65806f704: shutdown FollowerState
2019-10-24 15:48:04,692 [Thread-622] INFO  impl.RaftServerImpl (RaftServerImpl.java:setRole(184)) - 84568b57-9d99-42dc-882b-eae65806f704@group-05AC48DA6374: changes role from  FOLLOWER to CANDIDATE at term 12 for changeToCandidate
2019-10-24 15:48:04,692 [Thread-622] INFO  impl.RoleInfo (RoleInfo.java:updateAndGet(143)) - 84568b57-9d99-42dc-882b-eae65806f704: start LeaderElection
2019-10-24 15:48:04,706 [84568b57-9d99-42dc-882b-eae65806f704@group-05AC48DA6374-LeaderElection15] INFO  impl.LeaderElection (LeaderElection.java:askForVotes(178)) - 84568b57-9d99-42dc-882b-eae65806f704@group-05AC48DA6374-LeaderElection15: begin an election at term 13 for 0: [98e78e11-cb4b-48d0-b763-897efd13c9ec:192.168.164.213:39232, 84568b57-9d99-42dc-882b-eae65806f704:192.168.164.213:37329, feaf5d54-1805-49ec-899f-945609733e38:192.168.164.213:39911], old=null
2019-10-24 15:48:04,712 [grpc-default-executor-5] INFO  impl.RaftServerImpl (RaftServerImpl.java:setRole(184)) - 98e78e11-cb4b-48d0-b763-897efd13c9ec@group-05AC48DA6374: changes role from  FOLLOWER to FOLLOWER at term 13 for recognizeCandidate:84568b57-9d99-42dc-882b-eae65806f704
2019-10-24 15:48:04,712 [grpc-default-executor-0] INFO  impl.RaftServerImpl (RaftServerImpl.java:setRole(184)) - feaf5d54-1805-49ec-899f-945609733e38@group-05AC48DA6374: changes role from  FOLLOWER to FOLLOWER at term 13 for recognizeCandidate:84568b57-9d99-42dc-882b-eae65806f704
2019-10-24 15:48:04,712 [grpc-default-executor-5] INFO  impl.RoleInfo (RoleInfo.java:shutdownFollowerState(121)) - 98e78e11-cb4b-48d0-b763-897efd13c9ec: shutdown FollowerState
2019-10-24 15:48:04,712 [grpc-default-executor-0] INFO  impl.RoleInfo (RoleInfo.java:shutdownFollowerState(121)) - feaf5d54-1805-49ec-899f-945609733e38: shutdown FollowerState
2019-10-24 15:48:04,712 [grpc-default-executor-5] INFO  impl.RoleInfo (RoleInfo.java:updateAndGet(143)) - 98e78e11-cb4b-48d0-b763-897efd13c9ec: start FollowerState
2019-10-24 15:48:04,712 [grpc-default-executor-0] INFO  impl.RoleInfo (RoleInfo.java:updateAndGet(143)) - feaf5d54-1805-49ec-899f-945609733e38: start FollowerState
2019-10-24 15:48:04,712 [Thread-621] INFO  impl.FollowerState (FollowerState.java:run(117)) - 98e78e11-cb4b-48d0-b763-897efd13c9ec@group-05AC48DA6374-FollowerState was interrupted: java.lang.InterruptedException: sleep interrupted
2019-10-24 15:48:04,712 [Thread-620] INFO  impl.FollowerState (FollowerState.java:run(117)) - feaf5d54-1805-49ec-899f-945609733e38@group-05AC48DA6374-FollowerState was interrupted: java.lang.InterruptedException: sleep interrupted
2019-10-24 15:48:04,729 [84568b57-9d99-42dc-882b-eae65806f704@group-05AC48DA6374-LeaderElection15] INFO  impl.LeaderElection (LeaderElection.java:logAndReturn(56)) - 84568b57-9d99-42dc-882b-eae65806f704@group-05AC48DA6374-LeaderElection15: Election REJECTED; received 2 response(s) [84568b57-9d99-42dc-882b-eae65806f704<-98e78e11-cb4b-48d0-b763-897efd13c9ec#0:FAIL-t13, 84568b57-9d99-42dc-882b-eae65806f704<-feaf5d54-1805-49ec-899f-945609733e38#0:FAIL-t13] and 0 exception(s); 84568b57-9d99-42dc-882b-eae65806f704@group-05AC48DA6374:t13, leader=null, voted=84568b57-9d99-42dc-882b-eae65806f704, raftlog=84568b57-9d99-42dc-882b-eae65806f704@group-05AC48DA6374-SegmentedRaftLog:OPENED:c3,f4,i4, conf=0: [98e78e11-cb4b-48d0-b763-897efd13c9ec:192.168.164.213:39232, 84568b57-9d99-42dc-882b-eae65806f704:192.168.164.213:37329, feaf5d54-1805-49ec-899f-945609733e38:192.168.164.213:39911], old=null
2019-10-24 15:48:04,729 [84568b57-9d99-42dc-882b-eae65806f704@group-05AC48DA6374-LeaderElection15] INFO  impl.RaftServerImpl (RaftServerImpl.java:setRole(184)) - 84568b57-9d99-42dc-882b-eae65806f704@group-05AC48DA6374: changes role from CANDIDATE to FOLLOWER at term 13 for DISCOVERED_A_NEW_TERM
2019-10-24 15:48:04,729 [84568b57-9d99-42dc-882b-eae65806f704@group-05AC48DA6374-LeaderElection15] INFO  impl.RoleInfo (RoleInfo.java:shutdownLeaderElection(134)) - 84568b57-9d99-42dc-882b-eae65806f704: shutdown LeaderElection
2019-10-24 15:48:04,729 [84568b57-9d99-42dc-882b-eae65806f704@group-05AC48DA6374-LeaderElection15] INFO  impl.RoleInfo (RoleInfo.java:updateAndGet(143)) - 84568b57-9d99-42dc-882b-eae65806f704: start FollowerState
2019-10-24 15:48:04,894 [BlockDeletingService#6] WARN  background.BlockDeletingService (BlockDeletingService.java:isDeletionAllowed(187)) - Close Container log Index 6 is not replicated across allthe servers in the pipeline a9fb5832-a8b6-4e39-9ab2-05ac48da6374 as the min replicated index is 4. Deletion is not allowed in this container yet.
2019-10-24 15:48:04,894 [BlockDeletingService#2] WARN  background.BlockDeletingService (BlockDeletingService.java:isDeletionAllowed(187)) - Close Container log Index 6 is not replicated across allthe servers in the pipeline a9fb5832-a8b6-4e39-9ab2-05ac48da6374 as the min replicated index is 4. Deletion is not allowed in this container yet.
2019-10-24 15:48:04,930 [Thread-628] INFO  impl.FollowerState (FollowerState.java:run(108)) - 84568b57-9d99-42dc-882b-eae65806f704@group-05AC48DA6374-FollowerState: change to CANDIDATE, lastRpcTime:200ms, electionTimeout:200ms
2019-10-24 15:48:04,930 [Thread-628] INFO  impl.RoleInfo (RoleInfo.java:shutdownFollowerState(121)) - 84568b57-9d99-42dc-882b-eae65806f704: shutdown FollowerState
2019-10-24 15:48:04,930 [Thread-628] INFO  impl.RaftServerImpl (RaftServerImpl.java:setRole(184)) - 84568b57-9d99-42dc-882b-eae65806f704@group-05AC48DA6374: changes role from  FOLLOWER to CANDIDATE at term 13 for changeToCandidate
2019-10-24 15:48:04,931 [Thread-628] INFO  impl.RoleInfo (RoleInfo.java:updateAndGet(143)) - 84568b57-9d99-42dc-882b-eae65806f704: start LeaderElection
2019-10-24 15:48:04,946 [84568b57-9d99-42dc-882b-eae65806f704@group-05AC48DA6374-LeaderElection16] INFO  impl.LeaderElection (LeaderElection.java:askForVotes(178)) - 84568b57-9d99-42dc-882b-eae65806f704@group-05AC48DA6374-LeaderElection16: begin an election at term 14 for 0: [98e78e11-cb4b-48d0-b763-897efd13c9ec:192.168.164.213:39232, 84568b57-9d99-42dc-882b-eae65806f704:192.168.164.213:37329, feaf5d54-1805-49ec-899f-945609733e38:192.168.164.213:39911], old=null
2019-10-24 15:48:04,952 [grpc-default-executor-0] INFO  impl.RaftServerImpl (RaftServerImpl.java:setRole(184)) - 98e78e11-cb4b-48d0-b763-897efd13c9ec@group-05AC48DA6374: changes role from  FOLLOWER to FOLLOWER at term 14 for recognizeCandidate:84568b57-9d99-42dc-882b-eae65806f704
2019-10-24 15:48:04,952 [grpc-default-executor-5] INFO  impl.RaftServerImpl (RaftServerImpl.java:setRole(184)) - feaf5d54-1805-49ec-899f-945609733e38@group-05AC48DA6374: changes role from  FOLLOWER to FOLLOWER at term 14 for recognizeCandidate:84568b57-9d99-42dc-882b-eae65806f704
2019-10-24 15:48:04,953 [grpc-default-executor-0] INFO  impl.RoleInfo (RoleInfo.java:shutdownFollowerState(121)) - 98e78e11-cb4b-48d0-b763-897efd13c9ec: shutdown FollowerState
2019-10-24 15:48:04,953 [grpc-default-executor-5] INFO  impl.RoleInfo (RoleInfo.java:shutdownFollowerState(121)) - feaf5d54-1805-49ec-899f-945609733e38: shutdown FollowerState
2019-10-24 15:48:04,953 [Thread-626] INFO  impl.FollowerState (FollowerState.java:run(117)) - 98e78e11-cb4b-48d0-b763-897efd13c9ec@group-05AC48DA6374-FollowerState was interrupted: java.lang.InterruptedException: sleep interrupted
2019-10-24 15:48:04,953 [grpc-default-executor-0] INFO  impl.RoleInfo (RoleInfo.java:updateAndGet(143)) - 98e78e11-cb4b-48d0-b763-897efd13c9ec: start FollowerState
2019-10-24 15:48:04,953 [Thread-627] INFO  impl.FollowerState (FollowerState.java:run(117)) - feaf5d54-1805-49ec-899f-945609733e38@group-05AC48DA6374-FollowerState was interrupted: java.lang.InterruptedException: sleep interrupted
2019-10-24 15:48:04,953 [grpc-default-executor-5] INFO  impl.RoleInfo (RoleInfo.java:updateAndGet(143)) - feaf5d54-1805-49ec-899f-945609733e38: start FollowerState
2019-10-24 15:48:04,984 [84568b57-9d99-42dc-882b-eae65806f704@group-05AC48DA6374-LeaderElection16] INFO  impl.LeaderElection (LeaderElection.java:logAndReturn(56)) - 84568b57-9d99-42dc-882b-eae65806f704@group-05AC48DA6374-LeaderElection16: Election REJECTED; received 2 response(s) [84568b57-9d99-42dc-882b-eae65806f704<-98e78e11-cb4b-48d0-b763-897efd13c9ec#0:FAIL-t14, 84568b57-9d99-42dc-882b-eae65806f704<-feaf5d54-1805-49ec-899f-945609733e38#0:FAIL-t14] and 0 exception(s); 84568b57-9d99-42dc-882b-eae65806f704@group-05AC48DA6374:t14, leader=null, voted=84568b57-9d99-42dc-882b-eae65806f704, raftlog=84568b57-9d99-42dc-882b-eae65806f704@group-05AC48DA6374-SegmentedRaftLog:OPENED:c3,f4,i4, conf=0: [98e78e11-cb4b-48d0-b763-897efd13c9ec:192.168.164.213:39232, 84568b57-9d99-42dc-882b-eae65806f704:192.168.164.213:37329, feaf5d54-1805-49ec-899f-945609733e38:192.168.164.213:39911], old=null
2019-10-24 15:48:04,985 [84568b57-9d99-42dc-882b-eae65806f704@group-05AC48DA6374-LeaderElection16] INFO  impl.RaftServerImpl (RaftServerImpl.java:setRole(184)) - 84568b57-9d99-42dc-882b-eae65806f704@group-05AC48DA6374: changes role from CANDIDATE to FOLLOWER at term 14 for DISCOVERED_A_NEW_TERM
2019-10-24 15:48:04,985 [84568b57-9d99-42dc-882b-eae65806f704@group-05AC48DA6374-LeaderElection16] INFO  impl.RoleInfo (RoleInfo.java:shutdownLeaderElection(134)) - 84568b57-9d99-42dc-882b-eae65806f704: shutdown LeaderElection
2019-10-24 15:48:04,985 [84568b57-9d99-42dc-882b-eae65806f704@group-05AC48DA6374-LeaderElection16] INFO  impl.RoleInfo (RoleInfo.java:updateAndGet(143)) - 84568b57-9d99-42dc-882b-eae65806f704: start FollowerState
2019-10-24 15:48:05,072 [Thread-636] INFO  impl.FollowerState (FollowerState.java:run(108)) - 84568b57-9d99-42dc-882b-eae65806f704@group-05AC48DA6374-FollowerState: change to CANDIDATE, lastRpcTime:87ms, electionTimeout:87ms
2019-10-24 15:48:05,074 [Thread-636] INFO  impl.RoleInfo (RoleInfo.java:shutdownFollowerState(121)) - 84568b57-9d99-42dc-882b-eae65806f704: shutdown FollowerState
2019-10-24 15:48:05,074 [Thread-636] INFO  impl.RaftServerImpl (RaftServerImpl.java:setRole(184)) - 84568b57-9d99-42dc-882b-eae65806f704@group-05AC48DA6374: changes role from  FOLLOWER to CANDIDATE at term 14 for changeToCandidate
2019-10-24 15:48:05,074 [Thread-636] INFO  impl.RoleInfo (RoleInfo.java:updateAndGet(143)) - 84568b57-9d99-42dc-882b-eae65806f704: start LeaderElection
2019-10-24 15:48:05,088 [84568b57-9d99-42dc-882b-eae65806f704@group-05AC48DA6374-LeaderElection17] INFO  impl.LeaderElection (LeaderElection.java:askForVotes(178)) - 84568b57-9d99-42dc-882b-eae65806f704@group-05AC48DA6374-LeaderElection17: begin an election at term 15 for 0: [98e78e11-cb4b-48d0-b763-897efd13c9ec:192.168.164.213:39232, 84568b57-9d99-42dc-882b-eae65806f704:192.168.164.213:37329, feaf5d54-1805-49ec-899f-945609733e38:192.168.164.213:39911], old=null
2019-10-24 15:48:05,094 [grpc-default-executor-0] INFO  impl.RaftServerImpl (RaftServerImpl.java:setRole(184)) - feaf5d54-1805-49ec-899f-945609733e38@group-05AC48DA6374: changes role from  FOLLOWER to FOLLOWER at term 15 for recognizeCandidate:84568b57-9d99-42dc-882b-eae65806f704
2019-10-24 15:48:05,094 [grpc-default-executor-5] INFO  impl.RaftServerImpl (RaftServerImpl.java:setRole(184)) - 98e78e11-cb4b-48d0-b763-897efd13c9ec@group-05AC48DA6374: changes role from  FOLLOWER to FOLLOWER at term 15 for recognizeCandidate:84568b57-9d99-42dc-882b-eae65806f704
2019-10-24 15:48:05,094 [grpc-default-executor-0] INFO  impl.RoleInfo (RoleInfo.java:shutdownFollowerState(121)) - feaf5d54-1805-49ec-899f-945609733e38: shutdown FollowerState
2019-10-24 15:48:05,094 [grpc-default-executor-5] INFO  impl.RoleInfo (RoleInfo.java:shutdownFollowerState(121)) - 98e78e11-cb4b-48d0-b763-897efd13c9ec: shutdown FollowerState
2019-10-24 15:48:05,094 [grpc-default-executor-0] INFO  impl.RoleInfo (RoleInfo.java:updateAndGet(143)) - feaf5d54-1805-49ec-899f-945609733e38: start FollowerState
2019-10-24 15:48:05,094 [grpc-default-executor-5] INFO  impl.RoleInfo (RoleInfo.java:updateAndGet(143)) - 98e78e11-cb4b-48d0-b763-897efd13c9ec: start FollowerState
2019-10-24 15:48:05,094 [Thread-634] INFO  impl.FollowerState (FollowerState.java:run(117)) - 98e78e11-cb4b-48d0-b763-897efd13c9ec@group-05AC48DA6374-FollowerState was interrupted: java.lang.InterruptedException: sleep interrupted
2019-10-24 15:48:05,094 [Thread-635] INFO  impl.FollowerState (FollowerState.java:run(117)) - feaf5d54-1805-49ec-899f-945609733e38@group-05AC48DA6374-FollowerState was interrupted: java.lang.InterruptedException: sleep interrupted
2019-10-24 15:48:05,116 [pool-7-thread-3] INFO  commands.RetriableDatanodeEventWatcher (RetriableDatanodeEventWatcher.java:onTimeout(47)) - RetriableDatanodeCommand type=deleteBlocksCommand with id=1571932080112 timed out. Retrying.
2019-10-24 15:48:05,116 [pool-7-thread-1] INFO  commands.RetriableDatanodeEventWatcher (RetriableDatanodeEventWatcher.java:onTimeout(47)) - RetriableDatanodeCommand type=deleteBlocksCommand with id=1571932080114 timed out. Retrying.
2019-10-24 15:48:05,116 [pool-7-thread-2] INFO  commands.RetriableDatanodeEventWatcher (RetriableDatanodeEventWatcher.java:onTimeout(47)) - RetriableDatanodeCommand type=deleteBlocksCommand with id=1571932080115 timed out. Retrying.
2019-10-24 15:48:05,117 [pool-7-thread-4] INFO  commands.RetriableDatanodeEventWatcher (RetriableDatanodeEventWatcher.java:onTimeout(47)) - RetriableDatanodeCommand type=deleteBlocksCommand with id=1571932080116 timed out. Retrying.
2019-10-24 15:48:05,117 [pool-7-thread-4] INFO  commands.RetriableDatanodeEventWatcher (RetriableDatanodeEventWatcher.java:onTimeout(47)) - RetriableDatanodeCommand type=deleteBlocksCommand with id=1571932080117 timed out. Retrying.
2019-10-24 15:48:05,118 [SCMBlockDeletingService#1] INFO  block.SCMBlockDeletingService (SCMBlockDeletingService.java:call(184)) - Totally added 1 delete blocks command for 1 datanodes, task elapsed time: 0ms
2019-10-24 15:48:05,120 [84568b57-9d99-42dc-882b-eae65806f704@group-05AC48DA6374-LeaderElection17] INFO  impl.LeaderElection (LeaderElection.java:logAndReturn(56)) - 84568b57-9d99-42dc-882b-eae65806f704@group-05AC48DA6374-LeaderElection17: Election REJECTED; received 2 response(s) [84568b57-9d99-42dc-882b-eae65806f704<-98e78e11-cb4b-48d0-b763-897efd13c9ec#0:FAIL-t15, 84568b57-9d99-42dc-882b-eae65806f704<-feaf5d54-1805-49ec-899f-945609733e38#0:FAIL-t15] and 0 exception(s); 84568b57-9d99-42dc-882b-eae65806f704@group-05AC48DA6374:t15, leader=null, voted=84568b57-9d99-42dc-882b-eae65806f704, raftlog=84568b57-9d99-42dc-882b-eae65806f704@group-05AC48DA6374-SegmentedRaftLog:OPENED:c3,f4,i4, conf=0: [98e78e11-cb4b-48d0-b763-897efd13c9ec:192.168.164.213:39232, 84568b57-9d99-42dc-882b-eae65806f704:192.168.164.213:37329, feaf5d54-1805-49ec-899f-945609733e38:192.168.164.213:39911], old=null
2019-10-24 15:48:05,120 [84568b57-9d99-42dc-882b-eae65806f704@group-05AC48DA6374-LeaderElection17] INFO  impl.RaftServerImpl (RaftServerImpl.java:setRole(184)) - 84568b57-9d99-42dc-882b-eae65806f704@group-05AC48DA6374: changes role from CANDIDATE to FOLLOWER at term 15 for DISCOVERED_A_NEW_TERM
2019-10-24 15:48:05,121 [84568b57-9d99-42dc-882b-eae65806f704@group-05AC48DA6374-LeaderElection17] INFO  impl.RoleInfo (RoleInfo.java:shutdownLeaderElection(134)) - 84568b57-9d99-42dc-882b-eae65806f704: shutdown LeaderElection
2019-10-24 15:48:05,121 [84568b57-9d99-42dc-882b-eae65806f704@group-05AC48DA6374-LeaderElection17] INFO  impl.RoleInfo (RoleInfo.java:updateAndGet(143)) - 84568b57-9d99-42dc-882b-eae65806f704: start FollowerState
2019-10-24 15:48:05,234 [java.util.concurrent.ThreadPoolExecutor$Worker@1cb074f5[State = -1, empty queue]] WARN  server.GrpcLogAppender (GrpcLogAppender.java:timeoutAppendRequest(209)) - feaf5d54-1805-49ec-899f-945609733e38@group-05AC48DA6374->84568b57-9d99-42dc-882b-eae65806f704-GrpcLogAppender: appendEntries Timeout, request=feaf5d54-1805-49ec-899f-945609733e38->84568b57-9d99-42dc-882b-eae65806f704#52-t2, previous=(t:2, i:10), leaderCommit=10, initializing? false, entries: <empty>
2019-10-24 15:48:05,320 [Thread-642] INFO  impl.FollowerState (FollowerState.java:run(108)) - 84568b57-9d99-42dc-882b-eae65806f704@group-05AC48DA6374-FollowerState: change to CANDIDATE, lastRpcTime:199ms, electionTimeout:199ms
2019-10-24 15:48:05,320 [Thread-642] INFO  impl.RoleInfo (RoleInfo.java:shutdownFollowerState(121)) - 84568b57-9d99-42dc-882b-eae65806f704: shutdown FollowerState
2019-10-24 15:48:05,320 [Thread-642] INFO  impl.RaftServerImpl (RaftServerImpl.java:setRole(184)) - 84568b57-9d99-42dc-882b-eae65806f704@group-05AC48DA6374: changes role from  FOLLOWER to CANDIDATE at term 15 for changeToCandidate
2019-10-24 15:48:05,321 [Thread-642] INFO  impl.RoleInfo (RoleInfo.java:updateAndGet(143)) - 84568b57-9d99-42dc-882b-eae65806f704: start LeaderElection
2019-10-24 15:48:05,347 [84568b57-9d99-42dc-882b-eae65806f704@group-05AC48DA6374-LeaderElection18] INFO  impl.LeaderElection (LeaderElection.java:askForVotes(178)) - 84568b57-9d99-42dc-882b-eae65806f704@group-05AC48DA6374-LeaderElection18: begin an election at term 16 for 0: [98e78e11-cb4b-48d0-b763-897efd13c9ec:192.168.164.213:39232, 84568b57-9d99-42dc-882b-eae65806f704:192.168.164.213:37329, feaf5d54-1805-49ec-899f-945609733e38:192.168.164.213:39911], old=null
2019-10-24 15:48:05,353 [grpc-default-executor-5] INFO  impl.RaftServerImpl (RaftServerImpl.java:setRole(184)) - 98e78e11-cb4b-48d0-b763-897efd13c9ec@group-05AC48DA6374: changes role from  FOLLOWER to FOLLOWER at term 16 for recognizeCandidate:84568b57-9d99-42dc-882b-eae65806f704
2019-10-24 15:48:05,353 [grpc-default-executor-0] INFO  impl.RaftServerImpl (RaftServerImpl.java:setRole(184)) - feaf5d54-1805-49ec-899f-945609733e38@group-05AC48DA6374: changes role from  FOLLOWER to FOLLOWER at term 16 for recognizeCandidate:84568b57-9d99-42dc-882b-eae65806f704
2019-10-24 15:48:05,353 [grpc-default-executor-5] INFO  impl.RoleInfo (RoleInfo.java:shutdownFollowerState(121)) - 98e78e11-cb4b-48d0-b763-897efd13c9ec: shutdown FollowerState
2019-10-24 15:48:05,354 [grpc-default-executor-0] INFO  impl.RoleInfo (RoleInfo.java:shutdownFollowerState(121)) - feaf5d54-1805-49ec-899f-945609733e38: shutdown FollowerState
2019-10-24 15:48:05,354 [grpc-default-executor-5] INFO  impl.RoleInfo (RoleInfo.java:updateAndGet(143)) - 98e78e11-cb4b-48d0-b763-897efd13c9ec: start FollowerState
2019-10-24 15:48:05,354 [Thread-641] INFO  impl.FollowerState (FollowerState.java:run(117)) - 98e78e11-cb4b-48d0-b763-897efd13c9ec@group-05AC48DA6374-FollowerState was interrupted: java.lang.InterruptedException: sleep interrupted
2019-10-24 15:48:05,354 [grpc-default-executor-0] INFO  impl.RoleInfo (RoleInfo.java:updateAndGet(143)) - feaf5d54-1805-49ec-899f-945609733e38: start FollowerState
2019-10-24 15:48:05,354 [Thread-640] INFO  impl.FollowerState (FollowerState.java:run(117)) - feaf5d54-1805-49ec-899f-945609733e38@group-05AC48DA6374-FollowerState was interrupted: java.lang.InterruptedException: sleep interrupted
2019-10-24 15:48:05,374 [84568b57-9d99-42dc-882b-eae65806f704@group-05AC48DA6374-LeaderElection18] INFO  impl.LeaderElection (LeaderElection.java:logAndReturn(56)) - 84568b57-9d99-42dc-882b-eae65806f704@group-05AC48DA6374-LeaderElection18: Election REJECTED; received 2 response(s) [84568b57-9d99-42dc-882b-eae65806f704<-98e78e11-cb4b-48d0-b763-897efd13c9ec#0:FAIL-t16, 84568b57-9d99-42dc-882b-eae65806f704<-feaf5d54-1805-49ec-899f-945609733e38#0:FAIL-t16] and 0 exception(s); 84568b57-9d99-42dc-882b-eae65806f704@group-05AC48DA6374:t16, leader=null, voted=84568b57-9d99-42dc-882b-eae65806f704, raftlog=84568b57-9d99-42dc-882b-eae65806f704@group-05AC48DA6374-SegmentedRaftLog:OPENED:c3,f4,i4, conf=0: [98e78e11-cb4b-48d0-b763-897efd13c9ec:192.168.164.213:39232, 84568b57-9d99-42dc-882b-eae65806f704:192.168.164.213:37329, feaf5d54-1805-49ec-899f-945609733e38:192.168.164.213:39911], old=null
2019-10-24 15:48:05,374 [84568b57-9d99-42dc-882b-eae65806f704@group-05AC48DA6374-LeaderElection18] INFO  impl.RaftServerImpl (RaftServerImpl.java:setRole(184)) - 84568b57-9d99-42dc-882b-eae65806f704@group-05AC48DA6374: changes role from CANDIDATE to FOLLOWER at term 16 for DISCOVERED_A_NEW_TERM
2019-10-24 15:48:05,375 [84568b57-9d99-42dc-882b-eae65806f704@group-05AC48DA6374-LeaderElection18] INFO  impl.RoleInfo (RoleInfo.java:shutdownLeaderElection(134)) - 84568b57-9d99-42dc-882b-eae65806f704: shutdown LeaderElection
2019-10-24 15:48:05,375 [84568b57-9d99-42dc-882b-eae65806f704@group-05AC48DA6374-LeaderElection18] INFO  impl.RoleInfo (RoleInfo.java:updateAndGet(143)) - 84568b57-9d99-42dc-882b-eae65806f704: start FollowerState
2019-10-24 15:48:05,399 [Thread-648] INFO  impl.FollowerState (FollowerState.java:run(108)) - 84568b57-9d99-42dc-882b-eae65806f704@group-05AC48DA6374-FollowerState: change to CANDIDATE, lastRpcTime:24ms, electionTimeout:24ms
2019-10-24 15:48:05,401 [Thread-648] INFO  impl.RoleInfo (RoleInfo.java:shutdownFollowerState(121)) - 84568b57-9d99-42dc-882b-eae65806f704: shutdown FollowerState
2019-10-24 15:48:05,401 [Thread-648] INFO  impl.RaftServerImpl (RaftServerImpl.java:setRole(184)) - 84568b57-9d99-42dc-882b-eae65806f704@group-05AC48DA6374: changes role from  FOLLOWER to CANDIDATE at term 16 for changeToCandidate
2019-10-24 15:48:05,401 [Thread-648] INFO  impl.RoleInfo (RoleInfo.java:updateAndGet(143)) - 84568b57-9d99-42dc-882b-eae65806f704: start LeaderElection
2019-10-24 15:48:05,415 [84568b57-9d99-42dc-882b-eae65806f704@group-05AC48DA6374-LeaderElection19] INFO  impl.LeaderElection (LeaderElection.java:askForVotes(178)) - 84568b57-9d99-42dc-882b-eae65806f704@group-05AC48DA6374-LeaderElection19: begin an election at term 17 for 0: [98e78e11-cb4b-48d0-b763-897efd13c9ec:192.168.164.213:39232, 84568b57-9d99-42dc-882b-eae65806f704:192.168.164.213:37329, feaf5d54-1805-49ec-899f-945609733e38:192.168.164.213:39911], old=null
2019-10-24 15:48:05,420 [grpc-default-executor-0] INFO  impl.RaftServerImpl (RaftServerImpl.java:setRole(184)) - feaf5d54-1805-49ec-899f-945609733e38@group-05AC48DA6374: changes role from  FOLLOWER to FOLLOWER at term 17 for recognizeCandidate:84568b57-9d99-42dc-882b-eae65806f704
2019-10-24 15:48:05,420 [grpc-default-executor-5] INFO  impl.RaftServerImpl (RaftServerImpl.java:setRole(184)) - 98e78e11-cb4b-48d0-b763-897efd13c9ec@group-05AC48DA6374: changes role from  FOLLOWER to FOLLOWER at term 17 for recognizeCandidate:84568b57-9d99-42dc-882b-eae65806f704
2019-10-24 15:48:05,420 [grpc-default-executor-0] INFO  impl.RoleInfo (RoleInfo.java:shutdownFollowerState(121)) - feaf5d54-1805-49ec-899f-945609733e38: shutdown FollowerState
2019-10-24 15:48:05,420 [grpc-default-executor-5] INFO  impl.RoleInfo (RoleInfo.java:shutdownFollowerState(121)) - 98e78e11-cb4b-48d0-b763-897efd13c9ec: shutdown FollowerState
2019-10-24 15:48:05,420 [Thread-647] INFO  impl.FollowerState (FollowerState.java:run(117)) - feaf5d54-1805-49ec-899f-945609733e38@group-05AC48DA6374-FollowerState was interrupted: java.lang.InterruptedException: sleep interrupted
2019-10-24 15:48:05,420 [grpc-default-executor-0] INFO  impl.RoleInfo (RoleInfo.java:updateAndGet(143)) - feaf5d54-1805-49ec-899f-945609733e38: start FollowerState
2019-10-24 15:48:05,421 [grpc-default-executor-5] INFO  impl.RoleInfo (RoleInfo.java:updateAndGet(143)) - 98e78e11-cb4b-48d0-b763-897efd13c9ec: start FollowerState
2019-10-24 15:48:05,421 [Thread-646] INFO  impl.FollowerState (FollowerState.java:run(117)) - 98e78e11-cb4b-48d0-b763-897efd13c9ec@group-05AC48DA6374-FollowerState was interrupted: java.lang.InterruptedException: sleep interrupted
2019-10-24 15:48:05,448 [84568b57-9d99-42dc-882b-eae65806f704@group-05AC48DA6374-LeaderElection19] INFO  impl.LeaderElection (LeaderElection.java:logAndReturn(56)) - 84568b57-9d99-42dc-882b-eae65806f704@group-05AC48DA6374-LeaderElection19: Election REJECTED; received 2 response(s) [84568b57-9d99-42dc-882b-eae65806f704<-98e78e11-cb4b-48d0-b763-897efd13c9ec#0:FAIL-t17, 84568b57-9d99-42dc-882b-eae65806f704<-feaf5d54-1805-49ec-899f-945609733e38#0:FAIL-t17] and 0 exception(s); 84568b57-9d99-42dc-882b-eae65806f704@group-05AC48DA6374:t17, leader=null, voted=84568b57-9d99-42dc-882b-eae65806f704, raftlog=84568b57-9d99-42dc-882b-eae65806f704@group-05AC48DA6374-SegmentedRaftLog:OPENED:c3,f4,i4, conf=0: [98e78e11-cb4b-48d0-b763-897efd13c9ec:192.168.164.213:39232, 84568b57-9d99-42dc-882b-eae65806f704:192.168.164.213:37329, feaf5d54-1805-49ec-899f-945609733e38:192.168.164.213:39911], old=null
2019-10-24 15:48:05,448 [84568b57-9d99-42dc-882b-eae65806f704@group-05AC48DA6374-LeaderElection19] INFO  impl.RaftServerImpl (RaftServerImpl.java:setRole(184)) - 84568b57-9d99-42dc-882b-eae65806f704@group-05AC48DA6374: changes role from CANDIDATE to FOLLOWER at term 17 for DISCOVERED_A_NEW_TERM
2019-10-24 15:48:05,448 [84568b57-9d99-42dc-882b-eae65806f704@group-05AC48DA6374-LeaderElection19] INFO  impl.RoleInfo (RoleInfo.java:shutdownLeaderElection(134)) - 84568b57-9d99-42dc-882b-eae65806f704: shutdown LeaderElection
2019-10-24 15:48:05,448 [84568b57-9d99-42dc-882b-eae65806f704@group-05AC48DA6374-LeaderElection19] INFO  impl.RoleInfo (RoleInfo.java:updateAndGet(143)) - 84568b57-9d99-42dc-882b-eae65806f704: start FollowerState
2019-10-24 15:48:05,510 [EventQueue-PendingDeleteStatusForPendingDeleteHandler] INFO  block.SCMBlockDeletingService (SCMBlockDeletingService.java:handlePendingDeletes(115)) - Block deletion txnID mismatch in datanode 84568b57-9d99-42dc-882b-eae65806f704 for containerID 1. Datanode delete txnID: 0, SCM txnID: 1
2019-10-24 15:48:05,554 [Thread-654] INFO  impl.FollowerState (FollowerState.java:run(108)) - 84568b57-9d99-42dc-882b-eae65806f704@group-05AC48DA6374-FollowerState: change to CANDIDATE, lastRpcTime:105ms, electionTimeout:105ms
2019-10-24 15:48:05,556 [Thread-654] INFO  impl.RoleInfo (RoleInfo.java:shutdownFollowerState(121)) - 84568b57-9d99-42dc-882b-eae65806f704: shutdown FollowerState
2019-10-24 15:48:05,556 [Thread-654] INFO  impl.RaftServerImpl (RaftServerImpl.java:setRole(184)) - 84568b57-9d99-42dc-882b-eae65806f704@group-05AC48DA6374: changes role from  FOLLOWER to CANDIDATE at term 17 for changeToCandidate
2019-10-24 15:48:05,556 [Thread-654] INFO  impl.RoleInfo (RoleInfo.java:updateAndGet(143)) - 84568b57-9d99-42dc-882b-eae65806f704: start LeaderElection
2019-10-24 15:48:05,570 [84568b57-9d99-42dc-882b-eae65806f704@group-05AC48DA6374-LeaderElection20] INFO  impl.LeaderElection (LeaderElection.java:askForVotes(178)) - 84568b57-9d99-42dc-882b-eae65806f704@group-05AC48DA6374-LeaderElection20: begin an election at term 18 for 0: [98e78e11-cb4b-48d0-b763-897efd13c9ec:192.168.164.213:39232, 84568b57-9d99-42dc-882b-eae65806f704:192.168.164.213:37329, feaf5d54-1805-49ec-899f-945609733e38:192.168.164.213:39911], old=null
2019-10-24 15:48:05,577 [grpc-default-executor-5] INFO  impl.RaftServerImpl (RaftServerImpl.java:setRole(184)) - 98e78e11-cb4b-48d0-b763-897efd13c9ec@group-05AC48DA6374: changes role from  FOLLOWER to FOLLOWER at term 18 for recognizeCandidate:84568b57-9d99-42dc-882b-eae65806f704
2019-10-24 15:48:05,577 [grpc-default-executor-0] INFO  impl.RaftServerImpl (RaftServerImpl.java:setRole(184)) - feaf5d54-1805-49ec-899f-945609733e38@group-05AC48DA6374: changes role from  FOLLOWER to FOLLOWER at term 18 for recognizeCandidate:84568b57-9d99-42dc-882b-eae65806f704
2019-10-24 15:48:05,577 [grpc-default-executor-5] INFO  impl.RoleInfo (RoleInfo.java:shutdownFollowerState(121)) - 98e78e11-cb4b-48d0-b763-897efd13c9ec: shutdown FollowerState
2019-10-24 15:48:05,577 [grpc-default-executor-0] INFO  impl.RoleInfo (RoleInfo.java:shutdownFollowerState(121)) - feaf5d54-1805-49ec-899f-945609733e38: shutdown FollowerState
2019-10-24 15:48:05,578 [Thread-653] INFO  impl.FollowerState (FollowerState.java:run(117)) - 98e78e11-cb4b-48d0-b763-897efd13c9ec@group-05AC48DA6374-FollowerState was interrupted: java.lang.InterruptedException: sleep interrupted
2019-10-24 15:48:05,578 [grpc-default-executor-0] INFO  impl.RoleInfo (RoleInfo.java:updateAndGet(143)) - feaf5d54-1805-49ec-899f-945609733e38: start FollowerState
2019-10-24 15:48:05,578 [Thread-652] INFO  impl.FollowerState (FollowerState.java:run(117)) - feaf5d54-1805-49ec-899f-945609733e38@group-05AC48DA6374-FollowerState was interrupted: java.lang.InterruptedException: sleep interrupted
2019-10-24 15:48:05,578 [grpc-default-executor-5] INFO  impl.RoleInfo (RoleInfo.java:updateAndGet(143)) - 98e78e11-cb4b-48d0-b763-897efd13c9ec: start FollowerState
2019-10-24 15:48:05,593 [84568b57-9d99-42dc-882b-eae65806f704@group-05AC48DA6374-LeaderElection20] INFO  impl.LeaderElection (LeaderElection.java:logAndReturn(56)) - 84568b57-9d99-42dc-882b-eae65806f704@group-05AC48DA6374-LeaderElection20: Election REJECTED; received 2 response(s) [84568b57-9d99-42dc-882b-eae65806f704<-98e78e11-cb4b-48d0-b763-897efd13c9ec#0:FAIL-t18, 84568b57-9d99-42dc-882b-eae65806f704<-feaf5d54-1805-49ec-899f-945609733e38#0:FAIL-t18] and 0 exception(s); 84568b57-9d99-42dc-882b-eae65806f704@group-05AC48DA6374:t18, leader=null, voted=84568b57-9d99-42dc-882b-eae65806f704, raftlog=84568b57-9d99-42dc-882b-eae65806f704@group-05AC48DA6374-SegmentedRaftLog:OPENED:c3,f4,i4, conf=0: [98e78e11-cb4b-48d0-b763-897efd13c9ec:192.168.164.213:39232, 84568b57-9d99-42dc-882b-eae65806f704:192.168.164.213:37329, feaf5d54-1805-49ec-899f-945609733e38:192.168.164.213:39911], old=null
2019-10-24 15:48:05,593 [84568b57-9d99-42dc-882b-eae65806f704@group-05AC48DA6374-LeaderElection20] INFO  impl.RaftServerImpl (RaftServerImpl.java:setRole(184)) - 84568b57-9d99-42dc-882b-eae65806f704@group-05AC48DA6374: changes role from CANDIDATE to FOLLOWER at term 18 for DISCOVERED_A_NEW_TERM
2019-10-24 15:48:05,593 [84568b57-9d99-42dc-882b-eae65806f704@group-05AC48DA6374-LeaderElection20] INFO  impl.RoleInfo (RoleInfo.java:shutdownLeaderElection(134)) - 84568b57-9d99-42dc-882b-eae65806f704: shutdown LeaderElection
2019-10-24 15:48:05,593 [84568b57-9d99-42dc-882b-eae65806f704@group-05AC48DA6374-LeaderElection20] INFO  impl.RoleInfo (RoleInfo.java:updateAndGet(143)) - 84568b57-9d99-42dc-882b-eae65806f704: start FollowerState
2019-10-24 15:48:05,643 [Thread-663] INFO  client.GrpcClientProtocolService (GrpcClientProtocolService.java:lambda$processClientRequest$0(278)) - Failed RaftClientRequest:client-60DA70BF947A->feaf5d54-1805-49ec-899f-945609733e38@group-05AC48DA6374, cid=10, seq=0, Watch-ALL_COMMITTED(6), Message:<EMPTY>, reply=RaftClientReply:client-60DA70BF947A->feaf5d54-1805-49ec-899f-945609733e38@group-05AC48DA6374, cid=10, FAILED org.apache.ratis.protocol.NotLeaderException: Server feaf5d54-1805-49ec-899f-945609733e38@group-05AC48DA6374 is not the leader, logIndex=0, commits[feaf5d54-1805-49ec-899f-945609733e38:c10, 98e78e11-cb4b-48d0-b763-897efd13c9ec:c10, 84568b57-9d99-42dc-882b-eae65806f704:c4]
2019-10-24 15:48:05,687 [Thread-661] INFO  impl.FollowerState (FollowerState.java:run(108)) - 84568b57-9d99-42dc-882b-eae65806f704@group-05AC48DA6374-FollowerState: change to CANDIDATE, lastRpcTime:93ms, electionTimeout:93ms
2019-10-24 15:48:05,687 [Thread-661] INFO  impl.RoleInfo (RoleInfo.java:shutdownFollowerState(121)) - 84568b57-9d99-42dc-882b-eae65806f704: shutdown FollowerState
2019-10-24 15:48:05,687 [Thread-661] INFO  impl.RaftServerImpl (RaftServerImpl.java:setRole(184)) - 84568b57-9d99-42dc-882b-eae65806f704@group-05AC48DA6374: changes role from  FOLLOWER to CANDIDATE at term 18 for changeToCandidate
2019-10-24 15:48:05,688 [Thread-661] INFO  impl.RoleInfo (RoleInfo.java:updateAndGet(143)) - 84568b57-9d99-42dc-882b-eae65806f704: start LeaderElection
2019-10-24 15:48:05,713 [84568b57-9d99-42dc-882b-eae65806f704@group-05AC48DA6374-LeaderElection21] INFO  impl.LeaderElection (LeaderElection.java:askForVotes(178)) - 84568b57-9d99-42dc-882b-eae65806f704@group-05AC48DA6374-LeaderElection21: begin an election at term 19 for 0: [98e78e11-cb4b-48d0-b763-897efd13c9ec:192.168.164.213:39232, 84568b57-9d99-42dc-882b-eae65806f704:192.168.164.213:37329, feaf5d54-1805-49ec-899f-945609733e38:192.168.164.213:39911], old=null
2019-10-24 15:48:05,720 [grpc-default-executor-5] INFO  impl.RaftServerImpl (RaftServerImpl.java:setRole(184)) - feaf5d54-1805-49ec-899f-945609733e38@group-05AC48DA6374: changes role from  FOLLOWER to FOLLOWER at term 19 for recognizeCandidate:84568b57-9d99-42dc-882b-eae65806f704
2019-10-24 15:48:05,720 [grpc-default-executor-0] INFO  impl.RaftServerImpl (RaftServerImpl.java:setRole(184)) - 98e78e11-cb4b-48d0-b763-897efd13c9ec@group-05AC48DA6374: changes role from  FOLLOWER to FOLLOWER at term 19 for recognizeCandidate:84568b57-9d99-42dc-882b-eae65806f704
2019-10-24 15:48:05,720 [grpc-default-executor-5] INFO  impl.RoleInfo (RoleInfo.java:shutdownFollowerState(121)) - feaf5d54-1805-49ec-899f-945609733e38: shutdown FollowerState
2019-10-24 15:48:05,720 [grpc-default-executor-0] INFO  impl.RoleInfo (RoleInfo.java:shutdownFollowerState(121)) - 98e78e11-cb4b-48d0-b763-897efd13c9ec: shutdown FollowerState
2019-10-24 15:48:05,721 [grpc-default-executor-5] INFO  impl.RoleInfo (RoleInfo.java:updateAndGet(143)) - feaf5d54-1805-49ec-899f-945609733e38: start FollowerState
2019-10-24 15:48:05,721 [Thread-660] INFO  impl.FollowerState (FollowerState.java:run(117)) - feaf5d54-1805-49ec-899f-945609733e38@group-05AC48DA6374-FollowerState was interrupted: java.lang.InterruptedException: sleep interrupted
2019-10-24 15:48:05,721 [grpc-default-executor-0] INFO  impl.RoleInfo (RoleInfo.java:updateAndGet(143)) - 98e78e11-cb4b-48d0-b763-897efd13c9ec: start FollowerState
2019-10-24 15:48:05,721 [Thread-659] INFO  impl.FollowerState (FollowerState.java:run(117)) - 98e78e11-cb4b-48d0-b763-897efd13c9ec@group-05AC48DA6374-FollowerState was interrupted: java.lang.InterruptedException: sleep interrupted
2019-10-24 15:48:05,748 [84568b57-9d99-42dc-882b-eae65806f704@group-05AC48DA6374-LeaderElection21] INFO  impl.LeaderElection (LeaderElection.java:logAndReturn(56)) - 84568b57-9d99-42dc-882b-eae65806f704@group-05AC48DA6374-LeaderElection21: Election REJECTED; received 2 response(s) [84568b57-9d99-42dc-882b-eae65806f704<-98e78e11-cb4b-48d0-b763-897efd13c9ec#0:FAIL-t19, 84568b57-9d99-42dc-882b-eae65806f704<-feaf5d54-1805-49ec-899f-945609733e38#0:FAIL-t19] and 0 exception(s); 84568b57-9d99-42dc-882b-eae65806f704@group-05AC48DA6374:t19, leader=null, voted=84568b57-9d99-42dc-882b-eae65806f704, raftlog=84568b57-9d99-42dc-882b-eae65806f704@group-05AC48DA6374-SegmentedRaftLog:OPENED:c3,f4,i4, conf=0: [98e78e11-cb4b-48d0-b763-897efd13c9ec:192.168.164.213:39232, 84568b57-9d99-42dc-882b-eae65806f704:192.168.164.213:37329, feaf5d54-1805-49ec-899f-945609733e38:192.168.164.213:39911], old=null
2019-10-24 15:48:05,748 [84568b57-9d99-42dc-882b-eae65806f704@group-05AC48DA6374-LeaderElection21] INFO  impl.RaftServerImpl (RaftServerImpl.java:setRole(184)) - 84568b57-9d99-42dc-882b-eae65806f704@group-05AC48DA6374: changes role from CANDIDATE to FOLLOWER at term 19 for DISCOVERED_A_NEW_TERM
2019-10-24 15:48:05,748 [84568b57-9d99-42dc-882b-eae65806f704@group-05AC48DA6374-LeaderElection21] INFO  impl.RoleInfo (RoleInfo.java:shutdownLeaderElection(134)) - 84568b57-9d99-42dc-882b-eae65806f704: shutdown LeaderElection
2019-10-24 15:48:05,749 [84568b57-9d99-42dc-882b-eae65806f704@group-05AC48DA6374-LeaderElection21] INFO  impl.RoleInfo (RoleInfo.java:updateAndGet(143)) - 84568b57-9d99-42dc-882b-eae65806f704: start FollowerState
2019-10-24 15:48:05,754 [Thread-670] INFO  impl.FollowerState (FollowerState.java:run(108)) - 84568b57-9d99-42dc-882b-eae65806f704@group-05AC48DA6374-FollowerState: change to CANDIDATE, lastRpcTime:5ms, electionTimeout:5ms
2019-10-24 15:48:05,756 [Thread-670] INFO  impl.RoleInfo (RoleInfo.java:shutdownFollowerState(121)) - 84568b57-9d99-42dc-882b-eae65806f704: shutdown FollowerState
2019-10-24 15:48:05,756 [Thread-670] INFO  impl.RaftServerImpl (RaftServerImpl.java:setRole(184)) - 84568b57-9d99-42dc-882b-eae65806f704@group-05AC48DA6374: changes role from  FOLLOWER to CANDIDATE at term 19 for changeToCandidate
2019-10-24 15:48:05,756 [Thread-670] INFO  impl.RoleInfo (RoleInfo.java:updateAndGet(143)) - 84568b57-9d99-42dc-882b-eae65806f704: start LeaderElection
2019-10-24 15:48:05,769 [84568b57-9d99-42dc-882b-eae65806f704@group-05AC48DA6374-LeaderElection22] INFO  impl.LeaderElection (LeaderElection.java:askForVotes(178)) - 84568b57-9d99-42dc-882b-eae65806f704@group-05AC48DA6374-LeaderElection22: begin an election at term 20 for 0: [98e78e11-cb4b-48d0-b763-897efd13c9ec:192.168.164.213:39232, 84568b57-9d99-42dc-882b-eae65806f704:192.168.164.213:37329, feaf5d54-1805-49ec-899f-945609733e38:192.168.164.213:39911], old=null
2019-10-24 15:48:05,773 [grpc-default-executor-5] INFO  impl.RaftServerImpl (RaftServerImpl.java:setRole(184)) - 98e78e11-cb4b-48d0-b763-897efd13c9ec@group-05AC48DA6374: changes role from  FOLLOWER to FOLLOWER at term 20 for recognizeCandidate:84568b57-9d99-42dc-882b-eae65806f704
2019-10-24 15:48:05,773 [grpc-default-executor-0] INFO  impl.RaftServerImpl (RaftServerImpl.java:setRole(184)) - feaf5d54-1805-49ec-899f-945609733e38@group-05AC48DA6374: changes role from  FOLLOWER to FOLLOWER at term 20 for recognizeCandidate:84568b57-9d99-42dc-882b-eae65806f704
2019-10-24 15:48:05,773 [grpc-default-executor-5] INFO  impl.RoleInfo (RoleInfo.java:shutdownFollowerState(121)) - 98e78e11-cb4b-48d0-b763-897efd13c9ec: shutdown FollowerState
2019-10-24 15:48:05,773 [grpc-default-executor-0] INFO  impl.RoleInfo (RoleInfo.java:shutdownFollowerState(121)) - feaf5d54-1805-49ec-899f-945609733e38: shutdown FollowerState
2019-10-24 15:48:05,773 [Thread-669] INFO  impl.FollowerState (FollowerState.java:run(117)) - 98e78e11-cb4b-48d0-b763-897efd13c9ec@group-05AC48DA6374-FollowerState was interrupted: java.lang.InterruptedException: sleep interrupted
2019-10-24 15:48:05,774 [Thread-668] INFO  impl.FollowerState (FollowerState.java:run(117)) - feaf5d54-1805-49ec-899f-945609733e38@group-05AC48DA6374-FollowerState was interrupted: java.lang.InterruptedException: sleep interrupted
2019-10-24 15:48:05,773 [grpc-default-executor-5] INFO  impl.RoleInfo (RoleInfo.java:updateAndGet(143)) - 98e78e11-cb4b-48d0-b763-897efd13c9ec: start FollowerState
2019-10-24 15:48:05,774 [grpc-default-executor-0] INFO  impl.RoleInfo (RoleInfo.java:updateAndGet(143)) - feaf5d54-1805-49ec-899f-945609733e38: start FollowerState
2019-10-24 15:48:05,789 [84568b57-9d99-42dc-882b-eae65806f704@group-05AC48DA6374-LeaderElection22] INFO  impl.LeaderElection (LeaderElection.java:logAndReturn(56)) - 84568b57-9d99-42dc-882b-eae65806f704@group-05AC48DA6374-LeaderElection22: Election REJECTED; received 2 response(s) [84568b57-9d99-42dc-882b-eae65806f704<-98e78e11-cb4b-48d0-b763-897efd13c9ec#0:FAIL-t20, 84568b57-9d99-42dc-882b-eae65806f704<-feaf5d54-1805-49ec-899f-945609733e38#0:FAIL-t20] and 0 exception(s); 84568b57-9d99-42dc-882b-eae65806f704@group-05AC48DA6374:t20, leader=null, voted=84568b57-9d99-42dc-882b-eae65806f704, raftlog=84568b57-9d99-42dc-882b-eae65806f704@group-05AC48DA6374-SegmentedRaftLog:OPENED:c3,f4,i4, conf=0: [98e78e11-cb4b-48d0-b763-897efd13c9ec:192.168.164.213:39232, 84568b57-9d99-42dc-882b-eae65806f704:192.168.164.213:37329, feaf5d54-1805-49ec-899f-945609733e38:192.168.164.213:39911], old=null
2019-10-24 15:48:05,789 [84568b57-9d99-42dc-882b-eae65806f704@group-05AC48DA6374-LeaderElection22] INFO  impl.RaftServerImpl (RaftServerImpl.java:setRole(184)) - 84568b57-9d99-42dc-882b-eae65806f704@group-05AC48DA6374: changes role from CANDIDATE to FOLLOWER at term 20 for DISCOVERED_A_NEW_TERM
2019-10-24 15:48:05,789 [84568b57-9d99-42dc-882b-eae65806f704@group-05AC48DA6374-LeaderElection22] INFO  impl.RoleInfo (RoleInfo.java:shutdownLeaderElection(134)) - 84568b57-9d99-42dc-882b-eae65806f704: shutdown LeaderElection
2019-10-24 15:48:05,789 [84568b57-9d99-42dc-882b-eae65806f704@group-05AC48DA6374-LeaderElection22] INFO  impl.RoleInfo (RoleInfo.java:updateAndGet(143)) - 84568b57-9d99-42dc-882b-eae65806f704: start FollowerState
2019-10-24 15:48:05,880 [Thread-676] INFO  impl.FollowerState (FollowerState.java:run(108)) - 84568b57-9d99-42dc-882b-eae65806f704@group-05AC48DA6374-FollowerState: change to CANDIDATE, lastRpcTime:91ms, electionTimeout:91ms
2019-10-24 15:48:05,883 [Thread-676] INFO  impl.RoleInfo (RoleInfo.java:shutdownFollowerState(121)) - 84568b57-9d99-42dc-882b-eae65806f704: shutdown FollowerState
2019-10-24 15:48:05,883 [Thread-676] INFO  impl.RaftServerImpl (RaftServerImpl.java:setRole(184)) - 84568b57-9d99-42dc-882b-eae65806f704@group-05AC48DA6374: changes role from  FOLLOWER to CANDIDATE at term 20 for changeToCandidate
2019-10-24 15:48:05,883 [Thread-676] INFO  impl.RoleInfo (RoleInfo.java:updateAndGet(143)) - 84568b57-9d99-42dc-882b-eae65806f704: start LeaderElection
2019-10-24 15:48:05,897 [84568b57-9d99-42dc-882b-eae65806f704@group-05AC48DA6374-LeaderElection23] INFO  impl.LeaderElection (LeaderElection.java:askForVotes(178)) - 84568b57-9d99-42dc-882b-eae65806f704@group-05AC48DA6374-LeaderElection23: begin an election at term 21 for 0: [98e78e11-cb4b-48d0-b763-897efd13c9ec:192.168.164.213:39232, 84568b57-9d99-42dc-882b-eae65806f704:192.168.164.213:37329, feaf5d54-1805-49ec-899f-945609733e38:192.168.164.213:39911], old=null
2019-10-24 15:48:05,898 [BlockDeletingService#6] WARN  background.BlockDeletingService (BlockDeletingService.java:isDeletionAllowed(187)) - Close Container log Index 6 is not replicated across allthe servers in the pipeline a9fb5832-a8b6-4e39-9ab2-05ac48da6374 as the min replicated index is 4. Deletion is not allowed in this container yet.
2019-10-24 15:48:05,898 [BlockDeletingService#2] WARN  background.BlockDeletingService (BlockDeletingService.java:isDeletionAllowed(187)) - Close Container log Index 6 is not replicated across allthe servers in the pipeline a9fb5832-a8b6-4e39-9ab2-05ac48da6374 as the min replicated index is 4. Deletion is not allowed in this container yet.
2019-10-24 15:48:05,905 [grpc-default-executor-5] INFO  impl.RaftServerImpl (RaftServerImpl.java:setRole(184)) - 98e78e11-cb4b-48d0-b763-897efd13c9ec@group-05AC48DA6374: changes role from  FOLLOWER to FOLLOWER at term 21 for recognizeCandidate:84568b57-9d99-42dc-882b-eae65806f704
2019-10-24 15:48:05,905 [grpc-default-executor-5] INFO  impl.RoleInfo (RoleInfo.java:shutdownFollowerState(121)) - 98e78e11-cb4b-48d0-b763-897efd13c9ec: shutdown FollowerState
2019-10-24 15:48:05,905 [grpc-default-executor-0] INFO  impl.RaftServerImpl (RaftServerImpl.java:setRole(184)) - feaf5d54-1805-49ec-899f-945609733e38@group-05AC48DA6374: changes role from  FOLLOWER to FOLLOWER at term 21 for recognizeCandidate:84568b57-9d99-42dc-882b-eae65806f704
2019-10-24 15:48:05,906 [Thread-674] INFO  impl.FollowerState (FollowerState.java:run(117)) - 98e78e11-cb4b-48d0-b763-897efd13c9ec@group-05AC48DA6374-FollowerState was interrupted: java.lang.InterruptedException: sleep interrupted
2019-10-24 15:48:05,906 [grpc-default-executor-5] INFO  impl.RoleInfo (RoleInfo.java:updateAndGet(143)) - 98e78e11-cb4b-48d0-b763-897efd13c9ec: start FollowerState
2019-10-24 15:48:05,906 [grpc-default-executor-0] INFO  impl.RoleInfo (RoleInfo.java:shutdownFollowerState(121)) - feaf5d54-1805-49ec-899f-945609733e38: shutdown FollowerState
2019-10-24 15:48:05,906 [Thread-675] INFO  impl.FollowerState (FollowerState.java:run(117)) - feaf5d54-1805-49ec-899f-945609733e38@group-05AC48DA6374-FollowerState was interrupted: java.lang.InterruptedException: sleep interrupted
2019-10-24 15:48:05,906 [grpc-default-executor-0] INFO  impl.RoleInfo (RoleInfo.java:updateAndGet(143)) - feaf5d54-1805-49ec-899f-945609733e38: start FollowerState
2019-10-24 15:48:05,931 [84568b57-9d99-42dc-882b-eae65806f704@group-05AC48DA6374-LeaderElection23] INFO  impl.LeaderElection (LeaderElection.java:logAndReturn(56)) - 84568b57-9d99-42dc-882b-eae65806f704@group-05AC48DA6374-LeaderElection23: Election REJECTED; received 2 response(s) [84568b57-9d99-42dc-882b-eae65806f704<-98e78e11-cb4b-48d0-b763-897efd13c9ec#0:FAIL-t21, 84568b57-9d99-42dc-882b-eae65806f704<-feaf5d54-1805-49ec-899f-945609733e38#0:FAIL-t21] and 0 exception(s); 84568b57-9d99-42dc-882b-eae65806f704@group-05AC48DA6374:t21, leader=null, voted=84568b57-9d99-42dc-882b-eae65806f704, raftlog=84568b57-9d99-42dc-882b-eae65806f704@group-05AC48DA6374-SegmentedRaftLog:OPENED:c3,f4,i4, conf=0: [98e78e11-cb4b-48d0-b763-897efd13c9ec:192.168.164.213:39232, 84568b57-9d99-42dc-882b-eae65806f704:192.168.164.213:37329, feaf5d54-1805-49ec-899f-945609733e38:192.168.164.213:39911], old=null
2019-10-24 15:48:05,932 [84568b57-9d99-42dc-882b-eae65806f704@group-05AC48DA6374-LeaderElection23] INFO  impl.RaftServerImpl (RaftServerImpl.java:setRole(184)) - 84568b57-9d99-42dc-882b-eae65806f704@group-05AC48DA6374: changes role from CANDIDATE to FOLLOWER at term 21 for DISCOVERED_A_NEW_TERM
2019-10-24 15:48:05,932 [84568b57-9d99-42dc-882b-eae65806f704@group-05AC48DA6374-LeaderElection23] INFO  impl.RoleInfo (RoleInfo.java:shutdownLeaderElection(134)) - 84568b57-9d99-42dc-882b-eae65806f704: shutdown LeaderElection
2019-10-24 15:48:05,932 [84568b57-9d99-42dc-882b-eae65806f704@group-05AC48DA6374-LeaderElection23] INFO  impl.RoleInfo (RoleInfo.java:updateAndGet(143)) - 84568b57-9d99-42dc-882b-eae65806f704: start FollowerState
2019-10-24 15:48:06,060 [Thread-684] INFO  impl.FollowerState (FollowerState.java:run(108)) - 84568b57-9d99-42dc-882b-eae65806f704@group-05AC48DA6374-FollowerState: change to CANDIDATE, lastRpcTime:127ms, electionTimeout:127ms
2019-10-24 15:48:06,062 [Thread-684] INFO  impl.RoleInfo (RoleInfo.java:shutdownFollowerState(121)) - 84568b57-9d99-42dc-882b-eae65806f704: shutdown FollowerState
2019-10-24 15:48:06,062 [Thread-684] INFO  impl.RaftServerImpl (RaftServerImpl.java:setRole(184)) - 84568b57-9d99-42dc-882b-eae65806f704@group-05AC48DA6374: changes role from  FOLLOWER to CANDIDATE at term 21 for changeToCandidate
2019-10-24 15:48:06,062 [Thread-684] INFO  impl.RoleInfo (RoleInfo.java:updateAndGet(143)) - 84568b57-9d99-42dc-882b-eae65806f704: start LeaderElection
2019-10-24 15:48:06,076 [84568b57-9d99-42dc-882b-eae65806f704@group-05AC48DA6374-LeaderElection24] INFO  impl.LeaderElection (LeaderElection.java:askForVotes(178)) - 84568b57-9d99-42dc-882b-eae65806f704@group-05AC48DA6374-LeaderElection24: begin an election at term 22 for 0: [98e78e11-cb4b-48d0-b763-897efd13c9ec:192.168.164.213:39232, 84568b57-9d99-42dc-882b-eae65806f704:192.168.164.213:37329, feaf5d54-1805-49ec-899f-945609733e38:192.168.164.213:39911], old=null
2019-10-24 15:48:06,080 [grpc-default-executor-0] INFO  impl.RaftServerImpl (RaftServerImpl.java:setRole(184)) - 98e78e11-cb4b-48d0-b763-897efd13c9ec@group-05AC48DA6374: changes role from  FOLLOWER to FOLLOWER at term 22 for recognizeCandidate:84568b57-9d99-42dc-882b-eae65806f704
2019-10-24 15:48:06,080 [grpc-default-executor-5] INFO  impl.RaftServerImpl (RaftServerImpl.java:setRole(184)) - feaf5d54-1805-49ec-899f-945609733e38@group-05AC48DA6374: changes role from  FOLLOWER to FOLLOWER at term 22 for recognizeCandidate:84568b57-9d99-42dc-882b-eae65806f704
2019-10-24 15:48:06,080 [grpc-default-executor-0] INFO  impl.RoleInfo (RoleInfo.java:shutdownFollowerState(121)) - 98e78e11-cb4b-48d0-b763-897efd13c9ec: shutdown FollowerState
2019-10-24 15:48:06,080 [grpc-default-executor-5] INFO  impl.RoleInfo (RoleInfo.java:shutdownFollowerState(121)) - feaf5d54-1805-49ec-899f-945609733e38: shutdown FollowerState
2019-10-24 15:48:06,081 [grpc-default-executor-0] INFO  impl.RoleInfo (RoleInfo.java:updateAndGet(143)) - 98e78e11-cb4b-48d0-b763-897efd13c9ec: start FollowerState
2019-10-24 15:48:06,081 [Thread-682] INFO  impl.FollowerState (FollowerState.java:run(117)) - 98e78e11-cb4b-48d0-b763-897efd13c9ec@group-05AC48DA6374-FollowerState was interrupted: java.lang.InterruptedException: sleep interrupted
2019-10-24 15:48:06,081 [grpc-default-executor-5] INFO  impl.RoleInfo (RoleInfo.java:updateAndGet(143)) - feaf5d54-1805-49ec-899f-945609733e38: start FollowerState
2019-10-24 15:48:06,081 [Thread-683] INFO  impl.FollowerState (FollowerState.java:run(117)) - feaf5d54-1805-49ec-899f-945609733e38@group-05AC48DA6374-FollowerState was interrupted: java.lang.InterruptedException: sleep interrupted
2019-10-24 15:48:06,097 [84568b57-9d99-42dc-882b-eae65806f704@group-05AC48DA6374-LeaderElection24] INFO  impl.LeaderElection (LeaderElection.java:logAndReturn(56)) - 84568b57-9d99-42dc-882b-eae65806f704@group-05AC48DA6374-LeaderElection24: Election REJECTED; received 2 response(s) [84568b57-9d99-42dc-882b-eae65806f704<-98e78e11-cb4b-48d0-b763-897efd13c9ec#0:FAIL-t22, 84568b57-9d99-42dc-882b-eae65806f704<-feaf5d54-1805-49ec-899f-945609733e38#0:FAIL-t22] and 0 exception(s); 84568b57-9d99-42dc-882b-eae65806f704@group-05AC48DA6374:t22, leader=null, voted=84568b57-9d99-42dc-882b-eae65806f704, raftlog=84568b57-9d99-42dc-882b-eae65806f704@group-05AC48DA6374-SegmentedRaftLog:OPENED:c3,f4,i4, conf=0: [98e78e11-cb4b-48d0-b763-897efd13c9ec:192.168.164.213:39232, 84568b57-9d99-42dc-882b-eae65806f704:192.168.164.213:37329, feaf5d54-1805-49ec-899f-945609733e38:192.168.164.213:39911], old=null
2019-10-24 15:48:06,097 [84568b57-9d99-42dc-882b-eae65806f704@group-05AC48DA6374-LeaderElection24] INFO  impl.RaftServerImpl (RaftServerImpl.java:setRole(184)) - 84568b57-9d99-42dc-882b-eae65806f704@group-05AC48DA6374: changes role from CANDIDATE to FOLLOWER at term 22 for DISCOVERED_A_NEW_TERM
2019-10-24 15:48:06,097 [84568b57-9d99-42dc-882b-eae65806f704@group-05AC48DA6374-LeaderElection24] INFO  impl.RoleInfo (RoleInfo.java:shutdownLeaderElection(134)) - 84568b57-9d99-42dc-882b-eae65806f704: shutdown LeaderElection
2019-10-24 15:48:06,097 [84568b57-9d99-42dc-882b-eae65806f704@group-05AC48DA6374-LeaderElection24] INFO  impl.RoleInfo (RoleInfo.java:updateAndGet(143)) - 84568b57-9d99-42dc-882b-eae65806f704: start FollowerState
2019-10-24 15:48:06,117 [pool-7-thread-4] INFO  commands.RetriableDatanodeEventWatcher (RetriableDatanodeEventWatcher.java:onTimeout(47)) - RetriableDatanodeCommand type=deleteBlocksCommand with id=1571932080112 timed out. Retrying.
2019-10-24 15:48:06,119 [pool-7-thread-6] INFO  commands.RetriableDatanodeEventWatcher (RetriableDatanodeEventWatcher.java:onTimeout(47)) - RetriableDatanodeCommand type=deleteBlocksCommand with id=1571932080118 timed out. Retrying.
2019-10-24 15:48:06,120 [pool-7-thread-5] INFO  commands.RetriableDatanodeEventWatcher (RetriableDatanodeEventWatcher.java:onTimeout(47)) - RetriableDatanodeCommand type=deleteBlocksCommand with id=1571932080116 timed out. Retrying.
2019-10-24 15:48:06,120 [pool-7-thread-1] INFO  commands.RetriableDatanodeEventWatcher (RetriableDatanodeEventWatcher.java:onTimeout(47)) - RetriableDatanodeCommand type=deleteBlocksCommand with id=1571932080114 timed out. Retrying.
2019-10-24 15:48:06,120 [SCMBlockDeletingService#1] INFO  block.SCMBlockDeletingService (SCMBlockDeletingService.java:call(184)) - Totally added 1 delete blocks command for 1 datanodes, task elapsed time: 1ms
2019-10-24 15:48:06,120 [pool-7-thread-3] INFO  commands.RetriableDatanodeEventWatcher (RetriableDatanodeEventWatcher.java:onTimeout(47)) - RetriableDatanodeCommand type=deleteBlocksCommand with id=1571932080117 timed out. Retrying.
2019-10-24 15:48:06,120 [pool-7-thread-2] INFO  commands.RetriableDatanodeEventWatcher (RetriableDatanodeEventWatcher.java:onTimeout(47)) - RetriableDatanodeCommand type=deleteBlocksCommand with id=1571932080115 timed out. Retrying.
2019-10-24 15:48:06,219 [Thread-690] INFO  impl.FollowerState (FollowerState.java:run(108)) - 84568b57-9d99-42dc-882b-eae65806f704@group-05AC48DA6374-FollowerState: change to CANDIDATE, lastRpcTime:121ms, electionTimeout:121ms
2019-10-24 15:48:06,219 [Thread-690] INFO  impl.RoleInfo (RoleInfo.java:shutdownFollowerState(121)) - 84568b57-9d99-42dc-882b-eae65806f704: shutdown FollowerState
2019-10-24 15:48:06,219 [Thread-690] INFO  impl.RaftServerImpl (RaftServerImpl.java:setRole(184)) - 84568b57-9d99-42dc-882b-eae65806f704@group-05AC48DA6374: changes role from  FOLLOWER to CANDIDATE at term 22 for changeToCandidate
2019-10-24 15:48:06,219 [Thread-690] INFO  impl.RoleInfo (RoleInfo.java:updateAndGet(143)) - 84568b57-9d99-42dc-882b-eae65806f704: start LeaderElection
2019-10-24 15:48:06,233 [84568b57-9d99-42dc-882b-eae65806f704@group-05AC48DA6374-LeaderElection25] INFO  impl.LeaderElection (LeaderElection.java:askForVotes(178)) - 84568b57-9d99-42dc-882b-eae65806f704@group-05AC48DA6374-LeaderElection25: begin an election at term 23 for 0: [98e78e11-cb4b-48d0-b763-897efd13c9ec:192.168.164.213:39232, 84568b57-9d99-42dc-882b-eae65806f704:192.168.164.213:37329, feaf5d54-1805-49ec-899f-945609733e38:192.168.164.213:39911], old=null
2019-10-24 15:48:06,236 [grpc-default-executor-5] INFO  impl.RaftServerImpl (RaftServerImpl.java:setRole(184)) - 98e78e11-cb4b-48d0-b763-897efd13c9ec@group-05AC48DA6374: changes role from  FOLLOWER to FOLLOWER at term 23 for recognizeCandidate:84568b57-9d99-42dc-882b-eae65806f704
2019-10-24 15:48:06,237 [grpc-default-executor-0] INFO  impl.RaftServerImpl (RaftServerImpl.java:setRole(184)) - feaf5d54-1805-49ec-899f-945609733e38@group-05AC48DA6374: changes role from  FOLLOWER to FOLLOWER at term 23 for recognizeCandidate:84568b57-9d99-42dc-882b-eae65806f704
2019-10-24 15:48:06,237 [grpc-default-executor-5] INFO  impl.RoleInfo (RoleInfo.java:shutdownFollowerState(121)) - 98e78e11-cb4b-48d0-b763-897efd13c9ec: shutdown FollowerState
2019-10-24 15:48:06,237 [grpc-default-executor-0] INFO  impl.RoleInfo (RoleInfo.java:shutdownFollowerState(121)) - feaf5d54-1805-49ec-899f-945609733e38: shutdown FollowerState
2019-10-24 15:48:06,237 [Thread-688] INFO  impl.FollowerState (FollowerState.java:run(117)) - 98e78e11-cb4b-48d0-b763-897efd13c9ec@group-05AC48DA6374-FollowerState was interrupted: java.lang.InterruptedException: sleep interrupted
2019-10-24 15:48:06,237 [grpc-default-executor-5] INFO  impl.RoleInfo (RoleInfo.java:updateAndGet(143)) - 98e78e11-cb4b-48d0-b763-897efd13c9ec: start FollowerState
2019-10-24 15:48:06,237 [Thread-689] INFO  impl.FollowerState (FollowerState.java:run(117)) - feaf5d54-1805-49ec-899f-945609733e38@group-05AC48DA6374-FollowerState was interrupted: java.lang.InterruptedException: sleep interrupted
2019-10-24 15:48:06,237 [grpc-default-executor-0] INFO  impl.RoleInfo (RoleInfo.java:updateAndGet(143)) - feaf5d54-1805-49ec-899f-945609733e38: start FollowerState
2019-10-24 15:48:06,264 [84568b57-9d99-42dc-882b-eae65806f704@group-05AC48DA6374-LeaderElection25] INFO  impl.LeaderElection (LeaderElection.java:logAndReturn(56)) - 84568b57-9d99-42dc-882b-eae65806f704@group-05AC48DA6374-LeaderElection25: Election REJECTED; received 2 response(s) [84568b57-9d99-42dc-882b-eae65806f704<-98e78e11-cb4b-48d0-b763-897efd13c9ec#0:FAIL-t23, 84568b57-9d99-42dc-882b-eae65806f704<-feaf5d54-1805-49ec-899f-945609733e38#0:FAIL-t23] and 0 exception(s); 84568b57-9d99-42dc-882b-eae65806f704@group-05AC48DA6374:t23, leader=null, voted=84568b57-9d99-42dc-882b-eae65806f704, raftlog=84568b57-9d99-42dc-882b-eae65806f704@group-05AC48DA6374-SegmentedRaftLog:OPENED:c3,f4,i4, conf=0: [98e78e11-cb4b-48d0-b763-897efd13c9ec:192.168.164.213:39232, 84568b57-9d99-42dc-882b-eae65806f704:192.168.164.213:37329, feaf5d54-1805-49ec-899f-945609733e38:192.168.164.213:39911], old=null
2019-10-24 15:48:06,264 [84568b57-9d99-42dc-882b-eae65806f704@group-05AC48DA6374-LeaderElection25] INFO  impl.RaftServerImpl (RaftServerImpl.java:setRole(184)) - 84568b57-9d99-42dc-882b-eae65806f704@group-05AC48DA6374: changes role from CANDIDATE to FOLLOWER at term 23 for DISCOVERED_A_NEW_TERM
2019-10-24 15:48:06,264 [84568b57-9d99-42dc-882b-eae65806f704@group-05AC48DA6374-LeaderElection25] INFO  impl.RoleInfo (RoleInfo.java:shutdownLeaderElection(134)) - 84568b57-9d99-42dc-882b-eae65806f704: shutdown LeaderElection
2019-10-24 15:48:06,264 [84568b57-9d99-42dc-882b-eae65806f704@group-05AC48DA6374-LeaderElection25] INFO  impl.RoleInfo (RoleInfo.java:updateAndGet(143)) - 84568b57-9d99-42dc-882b-eae65806f704: start FollowerState
2019-10-24 15:48:06,337 [Thread-696] INFO  impl.FollowerState (FollowerState.java:run(108)) - 84568b57-9d99-42dc-882b-eae65806f704@group-05AC48DA6374-FollowerState: change to CANDIDATE, lastRpcTime:72ms, electionTimeout:72ms
2019-10-24 15:48:06,338 [Thread-696] INFO  impl.RoleInfo (RoleInfo.java:shutdownFollowerState(121)) - 84568b57-9d99-42dc-882b-eae65806f704: shutdown FollowerState
2019-10-24 15:48:06,339 [Thread-696] INFO  impl.RaftServerImpl (RaftServerImpl.java:setRole(184)) - 84568b57-9d99-42dc-882b-eae65806f704@group-05AC48DA6374: changes role from  FOLLOWER to CANDIDATE at term 23 for changeToCandidate
2019-10-24 15:48:06,339 [Thread-696] INFO  impl.RoleInfo (RoleInfo.java:updateAndGet(143)) - 84568b57-9d99-42dc-882b-eae65806f704: start LeaderElection
2019-10-24 15:48:06,363 [84568b57-9d99-42dc-882b-eae65806f704@group-05AC48DA6374-LeaderElection26] INFO  impl.LeaderElection (LeaderElection.java:askForVotes(178)) - 84568b57-9d99-42dc-882b-eae65806f704@group-05AC48DA6374-LeaderElection26: begin an election at term 24 for 0: [98e78e11-cb4b-48d0-b763-897efd13c9ec:192.168.164.213:39232, 84568b57-9d99-42dc-882b-eae65806f704:192.168.164.213:37329, feaf5d54-1805-49ec-899f-945609733e38:192.168.164.213:39911], old=null
2019-10-24 15:48:06,366 [grpc-default-executor-5] INFO  impl.RaftServerImpl (RaftServerImpl.java:setRole(184)) - feaf5d54-1805-49ec-899f-945609733e38@group-05AC48DA6374: changes role from  FOLLOWER to FOLLOWER at term 24 for recognizeCandidate:84568b57-9d99-42dc-882b-eae65806f704
2019-10-24 15:48:06,366 [grpc-default-executor-0] INFO  impl.RaftServerImpl (RaftServerImpl.java:setRole(184)) - 98e78e11-cb4b-48d0-b763-897efd13c9ec@group-05AC48DA6374: changes role from  FOLLOWER to FOLLOWER at term 24 for recognizeCandidate:84568b57-9d99-42dc-882b-eae65806f704
2019-10-24 15:48:06,366 [grpc-default-executor-5] INFO  impl.RoleInfo (RoleInfo.java:shutdownFollowerState(121)) - feaf5d54-1805-49ec-899f-945609733e38: shutdown FollowerState
2019-10-24 15:48:06,366 [grpc-default-executor-0] INFO  impl.RoleInfo (RoleInfo.java:shutdownFollowerState(121)) - 98e78e11-cb4b-48d0-b763-897efd13c9ec: shutdown FollowerState
2019-10-24 15:48:06,367 [Thread-695] INFO  impl.FollowerState (FollowerState.java:run(117)) - feaf5d54-1805-49ec-899f-945609733e38@group-05AC48DA6374-FollowerState was interrupted: java.lang.InterruptedException: sleep interrupted
2019-10-24 15:48:06,367 [grpc-default-executor-5] INFO  impl.RoleInfo (RoleInfo.java:updateAndGet(143)) - feaf5d54-1805-49ec-899f-945609733e38: start FollowerState
2019-10-24 15:48:06,367 [grpc-default-executor-0] INFO  impl.RoleInfo (RoleInfo.java:updateAndGet(143)) - 98e78e11-cb4b-48d0-b763-897efd13c9ec: start FollowerState
2019-10-24 15:48:06,367 [Thread-694] INFO  impl.FollowerState (FollowerState.java:run(117)) - 98e78e11-cb4b-48d0-b763-897efd13c9ec@group-05AC48DA6374-FollowerState was interrupted: java.lang.InterruptedException: sleep interrupted
2019-10-24 15:48:06,388 [84568b57-9d99-42dc-882b-eae65806f704@group-05AC48DA6374-LeaderElection26] INFO  impl.LeaderElection (LeaderElection.java:logAndReturn(56)) - 84568b57-9d99-42dc-882b-eae65806f704@group-05AC48DA6374-LeaderElection26: Election TIMEOUT; received 0 response(s) [] and 0 exception(s); 84568b57-9d99-42dc-882b-eae65806f704@group-05AC48DA6374:t24, leader=null, voted=84568b57-9d99-42dc-882b-eae65806f704, raftlog=84568b57-9d99-42dc-882b-eae65806f704@group-05AC48DA6374-SegmentedRaftLog:OPENED:c3,f4,i4, conf=0: [98e78e11-cb4b-48d0-b763-897efd13c9ec:192.168.164.213:39232, 84568b57-9d99-42dc-882b-eae65806f704:192.168.164.213:37329, feaf5d54-1805-49ec-899f-945609733e38:192.168.164.213:39911], old=null
2019-10-24 15:48:06,395 [84568b57-9d99-42dc-882b-eae65806f704@group-05AC48DA6374-LeaderElection26] INFO  impl.LeaderElection (LeaderElection.java:askForVotes(178)) - 84568b57-9d99-42dc-882b-eae65806f704@group-05AC48DA6374-LeaderElection26: begin an election at term 25 for 0: [98e78e11-cb4b-48d0-b763-897efd13c9ec:192.168.164.213:39232, 84568b57-9d99-42dc-882b-eae65806f704:192.168.164.213:37329, feaf5d54-1805-49ec-899f-945609733e38:192.168.164.213:39911], old=null
2019-10-24 15:48:06,398 [grpc-default-executor-0] INFO  impl.RaftServerImpl (RaftServerImpl.java:setRole(184)) - feaf5d54-1805-49ec-899f-945609733e38@group-05AC48DA6374: changes role from  FOLLOWER to FOLLOWER at term 25 for recognizeCandidate:84568b57-9d99-42dc-882b-eae65806f704
2019-10-24 15:48:06,398 [grpc-default-executor-5] INFO  impl.RaftServerImpl (RaftServerImpl.java:setRole(184)) - 98e78e11-cb4b-48d0-b763-897efd13c9ec@group-05AC48DA6374: changes role from  FOLLOWER to FOLLOWER at term 25 for recognizeCandidate:84568b57-9d99-42dc-882b-eae65806f704
2019-10-24 15:48:06,400 [grpc-default-executor-0] INFO  impl.RoleInfo (RoleInfo.java:shutdownFollowerState(121)) - feaf5d54-1805-49ec-899f-945609733e38: shutdown FollowerState
2019-10-24 15:48:06,400 [grpc-default-executor-5] INFO  impl.RoleInfo (RoleInfo.java:shutdownFollowerState(121)) - 98e78e11-cb4b-48d0-b763-897efd13c9ec: shutdown FollowerState
2019-10-24 15:48:06,400 [Thread-700] INFO  impl.FollowerState (FollowerState.java:run(117)) - feaf5d54-1805-49ec-899f-945609733e38@group-05AC48DA6374-FollowerState was interrupted: java.lang.InterruptedException: sleep interrupted
2019-10-24 15:48:06,400 [grpc-default-executor-5] INFO  impl.RoleInfo (RoleInfo.java:updateAndGet(143)) - 98e78e11-cb4b-48d0-b763-897efd13c9ec: start FollowerState
2019-10-24 15:48:06,400 [Thread-701] INFO  impl.FollowerState (FollowerState.java:run(117)) - 98e78e11-cb4b-48d0-b763-897efd13c9ec@group-05AC48DA6374-FollowerState was interrupted: java.lang.InterruptedException: sleep interrupted
2019-10-24 15:48:06,400 [grpc-default-executor-0] INFO  impl.RoleInfo (RoleInfo.java:updateAndGet(143)) - feaf5d54-1805-49ec-899f-945609733e38: start FollowerState
2019-10-24 15:48:06,417 [84568b57-9d99-42dc-882b-eae65806f704@group-05AC48DA6374-LeaderElection26] INFO  impl.LeaderElection (LeaderElection.java:logAndReturn(56)) - 84568b57-9d99-42dc-882b-eae65806f704@group-05AC48DA6374-LeaderElection26: Election REJECTED; received 2 response(s) [84568b57-9d99-42dc-882b-eae65806f704<-98e78e11-cb4b-48d0-b763-897efd13c9ec#0:FAIL-t25, 84568b57-9d99-42dc-882b-eae65806f704<-feaf5d54-1805-49ec-899f-945609733e38#0:FAIL-t25] and 0 exception(s); 84568b57-9d99-42dc-882b-eae65806f704@group-05AC48DA6374:t25, leader=null, voted=84568b57-9d99-42dc-882b-eae65806f704, raftlog=84568b57-9d99-42dc-882b-eae65806f704@group-05AC48DA6374-SegmentedRaftLog:OPENED:c3,f4,i4, conf=0: [98e78e11-cb4b-48d0-b763-897efd13c9ec:192.168.164.213:39232, 84568b57-9d99-42dc-882b-eae65806f704:192.168.164.213:37329, feaf5d54-1805-49ec-899f-945609733e38:192.168.164.213:39911], old=null
2019-10-24 15:48:06,417 [84568b57-9d99-42dc-882b-eae65806f704@group-05AC48DA6374-LeaderElection26] INFO  impl.RaftServerImpl (RaftServerImpl.java:setRole(184)) - 84568b57-9d99-42dc-882b-eae65806f704@group-05AC48DA6374: changes role from CANDIDATE to FOLLOWER at term 25 for DISCOVERED_A_NEW_TERM
2019-10-24 15:48:06,417 [84568b57-9d99-42dc-882b-eae65806f704@group-05AC48DA6374-LeaderElection26] INFO  impl.RoleInfo (RoleInfo.java:shutdownLeaderElection(134)) - 84568b57-9d99-42dc-882b-eae65806f704: shutdown LeaderElection
2019-10-24 15:48:06,417 [84568b57-9d99-42dc-882b-eae65806f704@group-05AC48DA6374-LeaderElection26] INFO  impl.RoleInfo (RoleInfo.java:updateAndGet(143)) - 84568b57-9d99-42dc-882b-eae65806f704: start FollowerState
2019-10-24 15:48:06,507 [Thread-706] INFO  impl.FollowerState (FollowerState.java:run(108)) - 84568b57-9d99-42dc-882b-eae65806f704@group-05AC48DA6374-FollowerState: change to CANDIDATE, lastRpcTime:89ms, electionTimeout:89ms
2019-10-24 15:48:06,509 [Thread-706] INFO  impl.RoleInfo (RoleInfo.java:shutdownFollowerState(121)) - 84568b57-9d99-42dc-882b-eae65806f704: shutdown FollowerState
2019-10-24 15:48:06,509 [Thread-706] INFO  impl.RaftServerImpl (RaftServerImpl.java:setRole(184)) - 84568b57-9d99-42dc-882b-eae65806f704@group-05AC48DA6374: changes role from  FOLLOWER to CANDIDATE at term 25 for changeToCandidate
2019-10-24 15:48:06,509 [Thread-706] INFO  impl.RoleInfo (RoleInfo.java:updateAndGet(143)) - 84568b57-9d99-42dc-882b-eae65806f704: start LeaderElection
2019-10-24 15:48:06,542 [84568b57-9d99-42dc-882b-eae65806f704@group-05AC48DA6374-LeaderElection27] INFO  impl.LeaderElection (LeaderElection.java:askForVotes(178)) - 84568b57-9d99-42dc-882b-eae65806f704@group-05AC48DA6374-LeaderElection27: begin an election at term 26 for 0: [98e78e11-cb4b-48d0-b763-897efd13c9ec:192.168.164.213:39232, 84568b57-9d99-42dc-882b-eae65806f704:192.168.164.213:37329, feaf5d54-1805-49ec-899f-945609733e38:192.168.164.213:39911], old=null
2019-10-24 15:48:06,545 [grpc-default-executor-5] INFO  impl.RaftServerImpl (RaftServerImpl.java:setRole(184)) - feaf5d54-1805-49ec-899f-945609733e38@group-05AC48DA6374: changes role from  FOLLOWER to FOLLOWER at term 26 for recognizeCandidate:84568b57-9d99-42dc-882b-eae65806f704
2019-10-24 15:48:06,546 [grpc-default-executor-0] INFO  impl.RaftServerImpl (RaftServerImpl.java:setRole(184)) - 98e78e11-cb4b-48d0-b763-897efd13c9ec@group-05AC48DA6374: changes role from  FOLLOWER to FOLLOWER at term 26 for recognizeCandidate:84568b57-9d99-42dc-882b-eae65806f704
2019-10-24 15:48:06,546 [grpc-default-executor-5] INFO  impl.RoleInfo (RoleInfo.java:shutdownFollowerState(121)) - feaf5d54-1805-49ec-899f-945609733e38: shutdown FollowerState
2019-10-24 15:48:06,546 [grpc-default-executor-0] INFO  impl.RoleInfo (RoleInfo.java:shutdownFollowerState(121)) - 98e78e11-cb4b-48d0-b763-897efd13c9ec: shutdown FollowerState
2019-10-24 15:48:06,546 [Thread-704] INFO  impl.FollowerState (FollowerState.java:run(117)) - feaf5d54-1805-49ec-899f-945609733e38@group-05AC48DA6374-FollowerState was interrupted: java.lang.InterruptedException: sleep interrupted
2019-10-24 15:48:06,546 [Thread-705] INFO  impl.FollowerState (FollowerState.java:run(117)) - 98e78e11-cb4b-48d0-b763-897efd13c9ec@group-05AC48DA6374-FollowerState was interrupted: java.lang.InterruptedException: sleep interrupted
2019-10-24 15:48:06,546 [grpc-default-executor-0] INFO  impl.RoleInfo (RoleInfo.java:updateAndGet(143)) - 98e78e11-cb4b-48d0-b763-897efd13c9ec: start FollowerState
2019-10-24 15:48:06,546 [grpc-default-executor-5] INFO  impl.RoleInfo (RoleInfo.java:updateAndGet(143)) - feaf5d54-1805-49ec-899f-945609733e38: start FollowerState
2019-10-24 15:48:06,573 [84568b57-9d99-42dc-882b-eae65806f704@group-05AC48DA6374-LeaderElection27] INFO  impl.LeaderElection (LeaderElection.java:logAndReturn(56)) - 84568b57-9d99-42dc-882b-eae65806f704@group-05AC48DA6374-LeaderElection27: Election REJECTED; received 2 response(s) [84568b57-9d99-42dc-882b-eae65806f704<-98e78e11-cb4b-48d0-b763-897efd13c9ec#0:FAIL-t26, 84568b57-9d99-42dc-882b-eae65806f704<-feaf5d54-1805-49ec-899f-945609733e38#0:FAIL-t26] and 0 exception(s); 84568b57-9d99-42dc-882b-eae65806f704@group-05AC48DA6374:t26, leader=null, voted=84568b57-9d99-42dc-882b-eae65806f704, raftlog=84568b57-9d99-42dc-882b-eae65806f704@group-05AC48DA6374-SegmentedRaftLog:OPENED:c3,f4,i4, conf=0: [98e78e11-cb4b-48d0-b763-897efd13c9ec:192.168.164.213:39232, 84568b57-9d99-42dc-882b-eae65806f704:192.168.164.213:37329, feaf5d54-1805-49ec-899f-945609733e38:192.168.164.213:39911], old=null
2019-10-24 15:48:06,574 [84568b57-9d99-42dc-882b-eae65806f704@group-05AC48DA6374-LeaderElection27] INFO  impl.RaftServerImpl (RaftServerImpl.java:setRole(184)) - 84568b57-9d99-42dc-882b-eae65806f704@group-05AC48DA6374: changes role from CANDIDATE to FOLLOWER at term 26 for DISCOVERED_A_NEW_TERM
2019-10-24 15:48:06,574 [84568b57-9d99-42dc-882b-eae65806f704@group-05AC48DA6374-LeaderElection27] INFO  impl.RoleInfo (RoleInfo.java:shutdownLeaderElection(134)) - 84568b57-9d99-42dc-882b-eae65806f704: shutdown LeaderElection
2019-10-24 15:48:06,574 [84568b57-9d99-42dc-882b-eae65806f704@group-05AC48DA6374-LeaderElection27] INFO  impl.RoleInfo (RoleInfo.java:updateAndGet(143)) - 84568b57-9d99-42dc-882b-eae65806f704: start FollowerState
2019-10-24 15:48:06,667 [Thread-715] INFO  client.GrpcClientProtocolService (GrpcClientProtocolService.java:lambda$processClientRequest$0(278)) - Failed RaftClientRequest:client-60DA70BF947A->84568b57-9d99-42dc-882b-eae65806f704@group-05AC48DA6374, cid=10, seq=0, Watch-ALL_COMMITTED(6), Message:<EMPTY>, reply=RaftClientReply:client-60DA70BF947A->84568b57-9d99-42dc-882b-eae65806f704@group-05AC48DA6374, cid=10, FAILED org.apache.ratis.protocol.NotLeaderException: Server 84568b57-9d99-42dc-882b-eae65806f704@group-05AC48DA6374 is not the leader, logIndex=0, commits[84568b57-9d99-42dc-882b-eae65806f704:c3]
2019-10-24 15:48:06,712 [Thread-713] INFO  impl.FollowerState (FollowerState.java:run(108)) - 84568b57-9d99-42dc-882b-eae65806f704@group-05AC48DA6374-FollowerState: change to CANDIDATE, lastRpcTime:138ms, electionTimeout:138ms
2019-10-24 15:48:06,713 [Thread-713] INFO  impl.RoleInfo (RoleInfo.java:shutdownFollowerState(121)) - 84568b57-9d99-42dc-882b-eae65806f704: shutdown FollowerState
2019-10-24 15:48:06,713 [Thread-713] INFO  impl.RaftServerImpl (RaftServerImpl.java:setRole(184)) - 84568b57-9d99-42dc-882b-eae65806f704@group-05AC48DA6374: changes role from  FOLLOWER to CANDIDATE at term 26 for changeToCandidate
2019-10-24 15:48:06,713 [Thread-713] INFO  impl.RoleInfo (RoleInfo.java:updateAndGet(143)) - 84568b57-9d99-42dc-882b-eae65806f704: start LeaderElection
2019-10-24 15:48:06,727 [84568b57-9d99-42dc-882b-eae65806f704@group-05AC48DA6374-LeaderElection28] INFO  impl.LeaderElection (LeaderElection.java:askForVotes(178)) - 84568b57-9d99-42dc-882b-eae65806f704@group-05AC48DA6374-LeaderElection28: begin an election at term 27 for 0: [98e78e11-cb4b-48d0-b763-897efd13c9ec:192.168.164.213:39232, 84568b57-9d99-42dc-882b-eae65806f704:192.168.164.213:37329, feaf5d54-1805-49ec-899f-945609733e38:192.168.164.213:39911], old=null
2019-10-24 15:48:06,732 [grpc-default-executor-5] INFO  impl.RaftServerImpl (RaftServerImpl.java:setRole(184)) - feaf5d54-1805-49ec-899f-945609733e38@group-05AC48DA6374: changes role from  FOLLOWER to FOLLOWER at term 27 for recognizeCandidate:84568b57-9d99-42dc-882b-eae65806f704
2019-10-24 15:48:06,732 [grpc-default-executor-0] INFO  impl.RaftServerImpl (RaftServerImpl.java:setRole(184)) - 98e78e11-cb4b-48d0-b763-897efd13c9ec@group-05AC48DA6374: changes role from  FOLLOWER to FOLLOWER at term 27 for recognizeCandidate:84568b57-9d99-42dc-882b-eae65806f704
2019-10-24 15:48:06,732 [grpc-default-executor-5] INFO  impl.RoleInfo (RoleInfo.java:shutdownFollowerState(121)) - feaf5d54-1805-49ec-899f-945609733e38: shutdown FollowerState
2019-10-24 15:48:06,732 [grpc-default-executor-0] INFO  impl.RoleInfo (RoleInfo.java:shutdownFollowerState(121)) - 98e78e11-cb4b-48d0-b763-897efd13c9ec: shutdown FollowerState
2019-10-24 15:48:06,732 [Thread-711] INFO  impl.FollowerState (FollowerState.java:run(117)) - feaf5d54-1805-49ec-899f-945609733e38@group-05AC48DA6374-FollowerState was interrupted: java.lang.InterruptedException: sleep interrupted
2019-10-24 15:48:06,733 [grpc-default-executor-0] INFO  impl.RoleInfo (RoleInfo.java:updateAndGet(143)) - 98e78e11-cb4b-48d0-b763-897efd13c9ec: start FollowerState
2019-10-24 15:48:06,732 [grpc-default-executor-5] INFO  impl.RoleInfo (RoleInfo.java:updateAndGet(143)) - feaf5d54-1805-49ec-899f-945609733e38: start FollowerState
2019-10-24 15:48:06,733 [Thread-712] INFO  impl.FollowerState (FollowerState.java:run(117)) - 98e78e11-cb4b-48d0-b763-897efd13c9ec@group-05AC48DA6374-FollowerState was interrupted: java.lang.InterruptedException: sleep interrupted
2019-10-24 15:48:06,760 [84568b57-9d99-42dc-882b-eae65806f704@group-05AC48DA6374-LeaderElection28] INFO  impl.LeaderElection (LeaderElection.java:logAndReturn(56)) - 84568b57-9d99-42dc-882b-eae65806f704@group-05AC48DA6374-LeaderElection28: Election REJECTED; received 2 response(s) [84568b57-9d99-42dc-882b-eae65806f704<-98e78e11-cb4b-48d0-b763-897efd13c9ec#0:FAIL-t27, 84568b57-9d99-42dc-882b-eae65806f704<-feaf5d54-1805-49ec-899f-945609733e38#0:FAIL-t27] and 0 exception(s); 84568b57-9d99-42dc-882b-eae65806f704@group-05AC48DA6374:t27, leader=null, voted=84568b57-9d99-42dc-882b-eae65806f704, raftlog=84568b57-9d99-42dc-882b-eae65806f704@group-05AC48DA6374-SegmentedRaftLog:OPENED:c3,f4,i4, conf=0: [98e78e11-cb4b-48d0-b763-897efd13c9ec:192.168.164.213:39232, 84568b57-9d99-42dc-882b-eae65806f704:192.168.164.213:37329, feaf5d54-1805-49ec-899f-945609733e38:192.168.164.213:39911], old=null
2019-10-24 15:48:06,761 [84568b57-9d99-42dc-882b-eae65806f704@group-05AC48DA6374-LeaderElection28] INFO  impl.RaftServerImpl (RaftServerImpl.java:setRole(184)) - 84568b57-9d99-42dc-882b-eae65806f704@group-05AC48DA6374: changes role from CANDIDATE to FOLLOWER at term 27 for DISCOVERED_A_NEW_TERM
2019-10-24 15:48:06,761 [84568b57-9d99-42dc-882b-eae65806f704@group-05AC48DA6374-LeaderElection28] INFO  impl.RoleInfo (RoleInfo.java:shutdownLeaderElection(134)) - 84568b57-9d99-42dc-882b-eae65806f704: shutdown LeaderElection
2019-10-24 15:48:06,761 [84568b57-9d99-42dc-882b-eae65806f704@group-05AC48DA6374-LeaderElection28] INFO  impl.RoleInfo (RoleInfo.java:updateAndGet(143)) - 84568b57-9d99-42dc-882b-eae65806f704: start FollowerState
2019-10-24 15:48:06,814 [Thread-722] INFO  impl.FollowerState (FollowerState.java:run(108)) - 84568b57-9d99-42dc-882b-eae65806f704@group-05AC48DA6374-FollowerState: change to CANDIDATE, lastRpcTime:52ms, electionTimeout:52ms
2019-10-24 15:48:06,816 [Thread-722] INFO  impl.RoleInfo (RoleInfo.java:shutdownFollowerState(121)) - 84568b57-9d99-42dc-882b-eae65806f704: shutdown FollowerState
2019-10-24 15:48:06,816 [Thread-722] INFO  impl.RaftServerImpl (RaftServerImpl.java:setRole(184)) - 84568b57-9d99-42dc-882b-eae65806f704@group-05AC48DA6374: changes role from  FOLLOWER to CANDIDATE at term 27 for changeToCandidate
2019-10-24 15:48:06,816 [Thread-722] INFO  impl.RoleInfo (RoleInfo.java:updateAndGet(143)) - 84568b57-9d99-42dc-882b-eae65806f704: start LeaderElection
2019-10-24 15:48:06,842 [84568b57-9d99-42dc-882b-eae65806f704@group-05AC48DA6374-LeaderElection29] INFO  impl.LeaderElection (LeaderElection.java:askForVotes(178)) - 84568b57-9d99-42dc-882b-eae65806f704@group-05AC48DA6374-LeaderElection29: begin an election at term 28 for 0: [98e78e11-cb4b-48d0-b763-897efd13c9ec:192.168.164.213:39232, 84568b57-9d99-42dc-882b-eae65806f704:192.168.164.213:37329, feaf5d54-1805-49ec-899f-945609733e38:192.168.164.213:39911], old=null
2019-10-24 15:48:06,846 [grpc-default-executor-0] INFO  impl.RaftServerImpl (RaftServerImpl.java:setRole(184)) - feaf5d54-1805-49ec-899f-945609733e38@group-05AC48DA6374: changes role from  FOLLOWER to FOLLOWER at term 28 for recognizeCandidate:84568b57-9d99-42dc-882b-eae65806f704
2019-10-24 15:48:06,846 [grpc-default-executor-5] INFO  impl.RaftServerImpl (RaftServerImpl.java:setRole(184)) - 98e78e11-cb4b-48d0-b763-897efd13c9ec@group-05AC48DA6374: changes role from  FOLLOWER to FOLLOWER at term 28 for recognizeCandidate:84568b57-9d99-42dc-882b-eae65806f704
2019-10-24 15:48:06,846 [grpc-default-executor-0] INFO  impl.RoleInfo (RoleInfo.java:shutdownFollowerState(121)) - feaf5d54-1805-49ec-899f-945609733e38: shutdown FollowerState
2019-10-24 15:48:06,847 [grpc-default-executor-5] INFO  impl.RoleInfo (RoleInfo.java:shutdownFollowerState(121)) - 98e78e11-cb4b-48d0-b763-897efd13c9ec: shutdown FollowerState
2019-10-24 15:48:06,847 [grpc-default-executor-0] INFO  impl.RoleInfo (RoleInfo.java:updateAndGet(143)) - feaf5d54-1805-49ec-899f-945609733e38: start FollowerState
2019-10-24 15:48:06,847 [Thread-720] INFO  impl.FollowerState (FollowerState.java:run(117)) - feaf5d54-1805-49ec-899f-945609733e38@group-05AC48DA6374-FollowerState was interrupted: java.lang.InterruptedException: sleep interrupted
2019-10-24 15:48:06,847 [grpc-default-executor-5] INFO  impl.RoleInfo (RoleInfo.java:updateAndGet(143)) - 98e78e11-cb4b-48d0-b763-897efd13c9ec: start FollowerState
2019-10-24 15:48:06,847 [Thread-721] INFO  impl.FollowerState (FollowerState.java:run(117)) - 98e78e11-cb4b-48d0-b763-897efd13c9ec@group-05AC48DA6374-FollowerState was interrupted: java.lang.InterruptedException: sleep interrupted
2019-10-24 15:48:06,874 [84568b57-9d99-42dc-882b-eae65806f704@group-05AC48DA6374-LeaderElection29] INFO  impl.LeaderElection (LeaderElection.java:logAndReturn(56)) - 84568b57-9d99-42dc-882b-eae65806f704@group-05AC48DA6374-LeaderElection29: Election REJECTED; received 2 response(s) [84568b57-9d99-42dc-882b-eae65806f704<-98e78e11-cb4b-48d0-b763-897efd13c9ec#0:FAIL-t28, 84568b57-9d99-42dc-882b-eae65806f704<-feaf5d54-1805-49ec-899f-945609733e38#0:FAIL-t28] and 0 exception(s); 84568b57-9d99-42dc-882b-eae65806f704@group-05AC48DA6374:t28, leader=null, voted=84568b57-9d99-42dc-882b-eae65806f704, raftlog=84568b57-9d99-42dc-882b-eae65806f704@group-05AC48DA6374-SegmentedRaftLog:OPENED:c3,f4,i4, conf=0: [98e78e11-cb4b-48d0-b763-897efd13c9ec:192.168.164.213:39232, 84568b57-9d99-42dc-882b-eae65806f704:192.168.164.213:37329, feaf5d54-1805-49ec-899f-945609733e38:192.168.164.213:39911], old=null
2019-10-24 15:48:06,874 [84568b57-9d99-42dc-882b-eae65806f704@group-05AC48DA6374-LeaderElection29] INFO  impl.RaftServerImpl (RaftServerImpl.java:setRole(184)) - 84568b57-9d99-42dc-882b-eae65806f704@group-05AC48DA6374: changes role from CANDIDATE to FOLLOWER at term 28 for DISCOVERED_A_NEW_TERM
2019-10-24 15:48:06,874 [84568b57-9d99-42dc-882b-eae65806f704@group-05AC48DA6374-LeaderElection29] INFO  impl.RoleInfo (RoleInfo.java:shutdownLeaderElection(134)) - 84568b57-9d99-42dc-882b-eae65806f704: shutdown LeaderElection
2019-10-24 15:48:06,874 [84568b57-9d99-42dc-882b-eae65806f704@group-05AC48DA6374-LeaderElection29] INFO  impl.RoleInfo (RoleInfo.java:updateAndGet(143)) - 84568b57-9d99-42dc-882b-eae65806f704: start FollowerState
2019-10-24 15:48:06,899 [BlockDeletingService#2] WARN  background.BlockDeletingService (BlockDeletingService.java:isDeletionAllowed(187)) - Close Container log Index 6 is not replicated across allthe servers in the pipeline a9fb5832-a8b6-4e39-9ab2-05ac48da6374 as the min replicated index is 4. Deletion is not allowed in this container yet.
2019-10-24 15:48:06,899 [BlockDeletingService#6] WARN  background.BlockDeletingService (BlockDeletingService.java:isDeletionAllowed(187)) - Close Container log Index 6 is not replicated across allthe servers in the pipeline a9fb5832-a8b6-4e39-9ab2-05ac48da6374 as the min replicated index is 4. Deletion is not allowed in this container yet.
2019-10-24 15:48:07,002 [Thread-728] INFO  impl.FollowerState (FollowerState.java:run(108)) - 84568b57-9d99-42dc-882b-eae65806f704@group-05AC48DA6374-FollowerState: change to CANDIDATE, lastRpcTime:127ms, electionTimeout:127ms
2019-10-24 15:48:07,002 [Thread-728] INFO  impl.RoleInfo (RoleInfo.java:shutdownFollowerState(121)) - 84568b57-9d99-42dc-882b-eae65806f704: shutdown FollowerState
2019-10-24 15:48:07,002 [Thread-728] INFO  impl.RaftServerImpl (RaftServerImpl.java:setRole(184)) - 84568b57-9d99-42dc-882b-eae65806f704@group-05AC48DA6374: changes role from  FOLLOWER to CANDIDATE at term 28 for changeToCandidate
2019-10-24 15:48:07,002 [Thread-728] INFO  impl.RoleInfo (RoleInfo.java:updateAndGet(143)) - 84568b57-9d99-42dc-882b-eae65806f704: start LeaderElection
2019-10-24 15:48:07,017 [84568b57-9d99-42dc-882b-eae65806f704@group-05AC48DA6374-LeaderElection30] INFO  impl.LeaderElection (LeaderElection.java:askForVotes(178)) - 84568b57-9d99-42dc-882b-eae65806f704@group-05AC48DA6374-LeaderElection30: begin an election at term 29 for 0: [98e78e11-cb4b-48d0-b763-897efd13c9ec:192.168.164.213:39232, 84568b57-9d99-42dc-882b-eae65806f704:192.168.164.213:37329, feaf5d54-1805-49ec-899f-945609733e38:192.168.164.213:39911], old=null
2019-10-24 15:48:07,020 [grpc-default-executor-5] INFO  impl.RaftServerImpl (RaftServerImpl.java:setRole(184)) - feaf5d54-1805-49ec-899f-945609733e38@group-05AC48DA6374: changes role from  FOLLOWER to FOLLOWER at term 29 for recognizeCandidate:84568b57-9d99-42dc-882b-eae65806f704
2019-10-24 15:48:07,020 [grpc-default-executor-5] INFO  impl.RoleInfo (RoleInfo.java:shutdownFollowerState(121)) - feaf5d54-1805-49ec-899f-945609733e38: shutdown FollowerState
2019-10-24 15:48:07,020 [grpc-default-executor-0] INFO  impl.RaftServerImpl (RaftServerImpl.java:setRole(184)) - 98e78e11-cb4b-48d0-b763-897efd13c9ec@group-05AC48DA6374: changes role from  FOLLOWER to FOLLOWER at term 29 for recognizeCandidate:84568b57-9d99-42dc-882b-eae65806f704
2019-10-24 15:48:07,020 [grpc-default-executor-5] INFO  impl.RoleInfo (RoleInfo.java:updateAndGet(143)) - feaf5d54-1805-49ec-899f-945609733e38: start FollowerState
2019-10-24 15:48:07,020 [Thread-726] INFO  impl.FollowerState (FollowerState.java:run(117)) - feaf5d54-1805-49ec-899f-945609733e38@group-05AC48DA6374-FollowerState was interrupted: java.lang.InterruptedException: sleep interrupted
2019-10-24 15:48:07,021 [grpc-default-executor-0] INFO  impl.RoleInfo (RoleInfo.java:shutdownFollowerState(121)) - 98e78e11-cb4b-48d0-b763-897efd13c9ec: shutdown FollowerState
2019-10-24 15:48:07,021 [grpc-default-executor-0] INFO  impl.RoleInfo (RoleInfo.java:updateAndGet(143)) - 98e78e11-cb4b-48d0-b763-897efd13c9ec: start FollowerState
2019-10-24 15:48:07,021 [Thread-727] INFO  impl.FollowerState (FollowerState.java:run(117)) - 98e78e11-cb4b-48d0-b763-897efd13c9ec@group-05AC48DA6374-FollowerState was interrupted: java.lang.InterruptedException: sleep interrupted
2019-10-24 15:48:07,048 [84568b57-9d99-42dc-882b-eae65806f704@group-05AC48DA6374-LeaderElection30] INFO  impl.LeaderElection (LeaderElection.java:logAndReturn(56)) - 84568b57-9d99-42dc-882b-eae65806f704@group-05AC48DA6374-LeaderElection30: Election REJECTED; received 2 response(s) [84568b57-9d99-42dc-882b-eae65806f704<-98e78e11-cb4b-48d0-b763-897efd13c9ec#0:FAIL-t29, 84568b57-9d99-42dc-882b-eae65806f704<-feaf5d54-1805-49ec-899f-945609733e38#0:FAIL-t29] and 0 exception(s); 84568b57-9d99-42dc-882b-eae65806f704@group-05AC48DA6374:t29, leader=null, voted=84568b57-9d99-42dc-882b-eae65806f704, raftlog=84568b57-9d99-42dc-882b-eae65806f704@group-05AC48DA6374-SegmentedRaftLog:OPENED:c3,f4,i4, conf=0: [98e78e11-cb4b-48d0-b763-897efd13c9ec:192.168.164.213:39232, 84568b57-9d99-42dc-882b-eae65806f704:192.168.164.213:37329, feaf5d54-1805-49ec-899f-945609733e38:192.168.164.213:39911], old=null
2019-10-24 15:48:07,049 [84568b57-9d99-42dc-882b-eae65806f704@group-05AC48DA6374-LeaderElection30] INFO  impl.RaftServerImpl (RaftServerImpl.java:setRole(184)) - 84568b57-9d99-42dc-882b-eae65806f704@group-05AC48DA6374: changes role from CANDIDATE to FOLLOWER at term 29 for DISCOVERED_A_NEW_TERM
2019-10-24 15:48:07,049 [84568b57-9d99-42dc-882b-eae65806f704@group-05AC48DA6374-LeaderElection30] INFO  impl.RoleInfo (RoleInfo.java:shutdownLeaderElection(134)) - 84568b57-9d99-42dc-882b-eae65806f704: shutdown LeaderElection
2019-10-24 15:48:07,049 [84568b57-9d99-42dc-882b-eae65806f704@group-05AC48DA6374-LeaderElection30] INFO  impl.RoleInfo (RoleInfo.java:updateAndGet(143)) - 84568b57-9d99-42dc-882b-eae65806f704: start FollowerState
2019-10-24 15:48:07,120 [pool-7-thread-2] INFO  commands.RetriableDatanodeEventWatcher (RetriableDatanodeEventWatcher.java:onTimeout(47)) - RetriableDatanodeCommand type=deleteBlocksCommand with id=1571932080112 timed out. Retrying.
2019-10-24 15:48:07,122 [pool-7-thread-4] INFO  commands.RetriableDatanodeEventWatcher (RetriableDatanodeEventWatcher.java:onTimeout(47)) - RetriableDatanodeCommand type=deleteBlocksCommand with id=1571932080116 timed out. Retrying.
2019-10-24 15:48:07,122 [pool-7-thread-7] INFO  commands.RetriableDatanodeEventWatcher (RetriableDatanodeEventWatcher.java:onTimeout(47)) - RetriableDatanodeCommand type=deleteBlocksCommand with id=1571932080119 timed out. Retrying.
2019-10-24 15:48:07,122 [pool-7-thread-1] INFO  commands.RetriableDatanodeEventWatcher (RetriableDatanodeEventWatcher.java:onTimeout(47)) - RetriableDatanodeCommand type=deleteBlocksCommand with id=1571932080115 timed out. Retrying.
2019-10-24 15:48:07,122 [SCMBlockDeletingService#1] INFO  block.SCMBlockDeletingService (SCMBlockDeletingService.java:call(184)) - Totally added 1 delete blocks command for 1 datanodes, task elapsed time: 1ms
2019-10-24 15:48:07,123 [pool-7-thread-5] INFO  commands.RetriableDatanodeEventWatcher (RetriableDatanodeEventWatcher.java:onTimeout(47)) - RetriableDatanodeCommand type=deleteBlocksCommand with id=1571932080114 timed out. Retrying.
2019-10-24 15:48:07,123 [pool-7-thread-6] INFO  commands.RetriableDatanodeEventWatcher (RetriableDatanodeEventWatcher.java:onTimeout(47)) - RetriableDatanodeCommand type=deleteBlocksCommand with id=1571932080117 timed out. Retrying.
2019-10-24 15:48:07,123 [pool-7-thread-3] INFO  commands.RetriableDatanodeEventWatcher (RetriableDatanodeEventWatcher.java:onTimeout(47)) - RetriableDatanodeCommand type=deleteBlocksCommand with id=1571932080118 timed out. Retrying.
2019-10-24 15:48:07,228 [Thread-736] INFO  impl.FollowerState (FollowerState.java:run(108)) - 84568b57-9d99-42dc-882b-eae65806f704@group-05AC48DA6374-FollowerState: change to CANDIDATE, lastRpcTime:179ms, electionTimeout:179ms
2019-10-24 15:48:07,229 [Thread-736] INFO  impl.RoleInfo (RoleInfo.java:shutdownFollowerState(121)) - 84568b57-9d99-42dc-882b-eae65806f704: shutdown FollowerState
2019-10-24 15:48:07,229 [Thread-736] INFO  impl.RaftServerImpl (RaftServerImpl.java:setRole(184)) - 84568b57-9d99-42dc-882b-eae65806f704@group-05AC48DA6374: changes role from  FOLLOWER to CANDIDATE at term 29 for changeToCandidate
2019-10-24 15:48:07,229 [Thread-736] INFO  impl.RoleInfo (RoleInfo.java:updateAndGet(143)) - 84568b57-9d99-42dc-882b-eae65806f704: start LeaderElection
2019-10-24 15:48:07,255 [84568b57-9d99-42dc-882b-eae65806f704@group-05AC48DA6374-LeaderElection31] INFO  impl.LeaderElection (LeaderElection.java:askForVotes(178)) - 84568b57-9d99-42dc-882b-eae65806f704@group-05AC48DA6374-LeaderElection31: begin an election at term 30 for 0: [98e78e11-cb4b-48d0-b763-897efd13c9ec:192.168.164.213:39232, 84568b57-9d99-42dc-882b-eae65806f704:192.168.164.213:37329, feaf5d54-1805-49ec-899f-945609733e38:192.168.164.213:39911], old=null
2019-10-24 15:48:07,259 [grpc-default-executor-0] INFO  impl.RaftServerImpl (RaftServerImpl.java:setRole(184)) - feaf5d54-1805-49ec-899f-945609733e38@group-05AC48DA6374: changes role from  FOLLOWER to FOLLOWER at term 30 for recognizeCandidate:84568b57-9d99-42dc-882b-eae65806f704
2019-10-24 15:48:07,259 [grpc-default-executor-5] INFO  impl.RaftServerImpl (RaftServerImpl.java:setRole(184)) - 98e78e11-cb4b-48d0-b763-897efd13c9ec@group-05AC48DA6374: changes role from  FOLLOWER to FOLLOWER at term 30 for recognizeCandidate:84568b57-9d99-42dc-882b-eae65806f704
2019-10-24 15:48:07,259 [grpc-default-executor-0] INFO  impl.RoleInfo (RoleInfo.java:shutdownFollowerState(121)) - feaf5d54-1805-49ec-899f-945609733e38: shutdown FollowerState
2019-10-24 15:48:07,259 [grpc-default-executor-5] INFO  impl.RoleInfo (RoleInfo.java:shutdownFollowerState(121)) - 98e78e11-cb4b-48d0-b763-897efd13c9ec: shutdown FollowerState
2019-10-24 15:48:07,259 [Thread-734] INFO  impl.FollowerState (FollowerState.java:run(117)) - feaf5d54-1805-49ec-899f-945609733e38@group-05AC48DA6374-FollowerState was interrupted: java.lang.InterruptedException: sleep interrupted
2019-10-24 15:48:07,259 [grpc-default-executor-5] INFO  impl.RoleInfo (RoleInfo.java:updateAndGet(143)) - 98e78e11-cb4b-48d0-b763-897efd13c9ec: start FollowerState
2019-10-24 15:48:07,259 [grpc-default-executor-0] INFO  impl.RoleInfo (RoleInfo.java:updateAndGet(143)) - feaf5d54-1805-49ec-899f-945609733e38: start FollowerState
2019-10-24 15:48:07,259 [Thread-735] INFO  impl.FollowerState (FollowerState.java:run(117)) - 98e78e11-cb4b-48d0-b763-897efd13c9ec@group-05AC48DA6374-FollowerState was interrupted: java.lang.InterruptedException: sleep interrupted
2019-10-24 15:48:07,275 [84568b57-9d99-42dc-882b-eae65806f704@group-05AC48DA6374-LeaderElection31] INFO  impl.LeaderElection (LeaderElection.java:logAndReturn(56)) - 84568b57-9d99-42dc-882b-eae65806f704@group-05AC48DA6374-LeaderElection31: Election REJECTED; received 2 response(s) [84568b57-9d99-42dc-882b-eae65806f704<-98e78e11-cb4b-48d0-b763-897efd13c9ec#0:FAIL-t30, 84568b57-9d99-42dc-882b-eae65806f704<-feaf5d54-1805-49ec-899f-945609733e38#0:FAIL-t30] and 0 exception(s); 84568b57-9d99-42dc-882b-eae65806f704@group-05AC48DA6374:t30, leader=null, voted=84568b57-9d99-42dc-882b-eae65806f704, raftlog=84568b57-9d99-42dc-882b-eae65806f704@group-05AC48DA6374-SegmentedRaftLog:OPENED:c3,f4,i4, conf=0: [98e78e11-cb4b-48d0-b763-897efd13c9ec:192.168.164.213:39232, 84568b57-9d99-42dc-882b-eae65806f704:192.168.164.213:37329, feaf5d54-1805-49ec-899f-945609733e38:192.168.164.213:39911], old=null
2019-10-24 15:48:07,275 [84568b57-9d99-42dc-882b-eae65806f704@group-05AC48DA6374-LeaderElection31] INFO  impl.RaftServerImpl (RaftServerImpl.java:setRole(184)) - 84568b57-9d99-42dc-882b-eae65806f704@group-05AC48DA6374: changes role from CANDIDATE to FOLLOWER at term 30 for DISCOVERED_A_NEW_TERM
2019-10-24 15:48:07,275 [84568b57-9d99-42dc-882b-eae65806f704@group-05AC48DA6374-LeaderElection31] INFO  impl.RoleInfo (RoleInfo.java:shutdownLeaderElection(134)) - 84568b57-9d99-42dc-882b-eae65806f704: shutdown LeaderElection
2019-10-24 15:48:07,275 [84568b57-9d99-42dc-882b-eae65806f704@group-05AC48DA6374-LeaderElection31] INFO  impl.RoleInfo (RoleInfo.java:updateAndGet(143)) - 84568b57-9d99-42dc-882b-eae65806f704: start FollowerState
2019-10-24 15:48:07,365 [Thread-742] INFO  impl.FollowerState (FollowerState.java:run(108)) - 84568b57-9d99-42dc-882b-eae65806f704@group-05AC48DA6374-FollowerState: change to CANDIDATE, lastRpcTime:89ms, electionTimeout:89ms
2019-10-24 15:48:07,367 [Thread-742] INFO  impl.RoleInfo (RoleInfo.java:shutdownFollowerState(121)) - 84568b57-9d99-42dc-882b-eae65806f704: shutdown FollowerState
2019-10-24 15:48:07,367 [Thread-742] INFO  impl.RaftServerImpl (RaftServerImpl.java:setRole(184)) - 84568b57-9d99-42dc-882b-eae65806f704@group-05AC48DA6374: changes role from  FOLLOWER to CANDIDATE at term 30 for changeToCandidate
2019-10-24 15:48:07,367 [Thread-742] INFO  impl.RoleInfo (RoleInfo.java:updateAndGet(143)) - 84568b57-9d99-42dc-882b-eae65806f704: start LeaderElection
2019-10-24 15:48:07,394 [84568b57-9d99-42dc-882b-eae65806f704@group-05AC48DA6374-LeaderElection32] INFO  impl.LeaderElection (LeaderElection.java:askForVotes(178)) - 84568b57-9d99-42dc-882b-eae65806f704@group-05AC48DA6374-LeaderElection32: begin an election at term 31 for 0: [98e78e11-cb4b-48d0-b763-897efd13c9ec:192.168.164.213:39232, 84568b57-9d99-42dc-882b-eae65806f704:192.168.164.213:37329, feaf5d54-1805-49ec-899f-945609733e38:192.168.164.213:39911], old=null
2019-10-24 15:48:07,397 [grpc-default-executor-0] INFO  impl.RaftServerImpl (RaftServerImpl.java:setRole(184)) - 98e78e11-cb4b-48d0-b763-897efd13c9ec@group-05AC48DA6374: changes role from  FOLLOWER to FOLLOWER at term 31 for recognizeCandidate:84568b57-9d99-42dc-882b-eae65806f704
2019-10-24 15:48:07,397 [grpc-default-executor-5] INFO  impl.RaftServerImpl (RaftServerImpl.java:setRole(184)) - feaf5d54-1805-49ec-899f-945609733e38@group-05AC48DA6374: changes role from  FOLLOWER to FOLLOWER at term 31 for recognizeCandidate:84568b57-9d99-42dc-882b-eae65806f704
2019-10-24 15:48:07,397 [grpc-default-executor-0] INFO  impl.RoleInfo (RoleInfo.java:shutdownFollowerState(121)) - 98e78e11-cb4b-48d0-b763-897efd13c9ec: shutdown FollowerState
2019-10-24 15:48:07,397 [grpc-default-executor-5] INFO  impl.RoleInfo (RoleInfo.java:shutdownFollowerState(121)) - feaf5d54-1805-49ec-899f-945609733e38: shutdown FollowerState
2019-10-24 15:48:07,398 [Thread-741] INFO  impl.FollowerState (FollowerState.java:run(117)) - 98e78e11-cb4b-48d0-b763-897efd13c9ec@group-05AC48DA6374-FollowerState was interrupted: java.lang.InterruptedException: sleep interrupted
2019-10-24 15:48:07,398 [grpc-default-executor-0] INFO  impl.RoleInfo (RoleInfo.java:updateAndGet(143)) - 98e78e11-cb4b-48d0-b763-897efd13c9ec: start FollowerState
2019-10-24 15:48:07,398 [grpc-default-executor-5] INFO  impl.RoleInfo (RoleInfo.java:updateAndGet(143)) - feaf5d54-1805-49ec-899f-945609733e38: start FollowerState
2019-10-24 15:48:07,398 [Thread-740] INFO  impl.FollowerState (FollowerState.java:run(117)) - feaf5d54-1805-49ec-899f-945609733e38@group-05AC48DA6374-FollowerState was interrupted: java.lang.InterruptedException: sleep interrupted
2019-10-24 15:48:07,421 [84568b57-9d99-42dc-882b-eae65806f704@group-05AC48DA6374-LeaderElection32] INFO  impl.LeaderElection (LeaderElection.java:logAndReturn(56)) - 84568b57-9d99-42dc-882b-eae65806f704@group-05AC48DA6374-LeaderElection32: Election REJECTED; received 2 response(s) [84568b57-9d99-42dc-882b-eae65806f704<-98e78e11-cb4b-48d0-b763-897efd13c9ec#0:FAIL-t31, 84568b57-9d99-42dc-882b-eae65806f704<-feaf5d54-1805-49ec-899f-945609733e38#0:FAIL-t31] and 0 exception(s); 84568b57-9d99-42dc-882b-eae65806f704@group-05AC48DA6374:t31, leader=null, voted=84568b57-9d99-42dc-882b-eae65806f704, raftlog=84568b57-9d99-42dc-882b-eae65806f704@group-05AC48DA6374-SegmentedRaftLog:OPENED:c3,f4,i4, conf=0: [98e78e11-cb4b-48d0-b763-897efd13c9ec:192.168.164.213:39232, 84568b57-9d99-42dc-882b-eae65806f704:192.168.164.213:37329, feaf5d54-1805-49ec-899f-945609733e38:192.168.164.213:39911], old=null
2019-10-24 15:48:07,422 [84568b57-9d99-42dc-882b-eae65806f704@group-05AC48DA6374-LeaderElection32] INFO  impl.RaftServerImpl (RaftServerImpl.java:setRole(184)) - 84568b57-9d99-42dc-882b-eae65806f704@group-05AC48DA6374: changes role from CANDIDATE to FOLLOWER at term 31 for DISCOVERED_A_NEW_TERM
2019-10-24 15:48:07,422 [84568b57-9d99-42dc-882b-eae65806f704@group-05AC48DA6374-LeaderElection32] INFO  impl.RoleInfo (RoleInfo.java:shutdownLeaderElection(134)) - 84568b57-9d99-42dc-882b-eae65806f704: shutdown LeaderElection
2019-10-24 15:48:07,422 [84568b57-9d99-42dc-882b-eae65806f704@group-05AC48DA6374-LeaderElection32] INFO  impl.RoleInfo (RoleInfo.java:updateAndGet(143)) - 84568b57-9d99-42dc-882b-eae65806f704: start FollowerState
2019-10-24 15:48:07,506 [EventQueue-PendingDeleteStatusForPendingDeleteHandler] INFO  block.SCMBlockDeletingService (SCMBlockDeletingService.java:handlePendingDeletes(115)) - Block deletion txnID mismatch in datanode 84568b57-9d99-42dc-882b-eae65806f704 for containerID 1. Datanode delete txnID: 0, SCM txnID: 1
2019-10-24 15:48:07,574 [Thread-748] INFO  impl.FollowerState (FollowerState.java:run(108)) - 84568b57-9d99-42dc-882b-eae65806f704@group-05AC48DA6374-FollowerState: change to CANDIDATE, lastRpcTime:152ms, electionTimeout:152ms
2019-10-24 15:48:07,574 [Thread-748] INFO  impl.RoleInfo (RoleInfo.java:shutdownFollowerState(121)) - 84568b57-9d99-42dc-882b-eae65806f704: shutdown FollowerState
2019-10-24 15:48:07,575 [Thread-748] INFO  impl.RaftServerImpl (RaftServerImpl.java:setRole(184)) - 84568b57-9d99-42dc-882b-eae65806f704@group-05AC48DA6374: changes role from  FOLLOWER to CANDIDATE at term 31 for changeToCandidate
2019-10-24 15:48:07,575 [Thread-748] INFO  impl.RoleInfo (RoleInfo.java:updateAndGet(143)) - 84568b57-9d99-42dc-882b-eae65806f704: start LeaderElection
2019-10-24 15:48:07,600 [84568b57-9d99-42dc-882b-eae65806f704@group-05AC48DA6374-LeaderElection33] INFO  impl.LeaderElection (LeaderElection.java:askForVotes(178)) - 84568b57-9d99-42dc-882b-eae65806f704@group-05AC48DA6374-LeaderElection33: begin an election at term 32 for 0: [98e78e11-cb4b-48d0-b763-897efd13c9ec:192.168.164.213:39232, 84568b57-9d99-42dc-882b-eae65806f704:192.168.164.213:37329, feaf5d54-1805-49ec-899f-945609733e38:192.168.164.213:39911], old=null
2019-10-24 15:48:07,605 [grpc-default-executor-5] INFO  impl.RaftServerImpl (RaftServerImpl.java:setRole(184)) - feaf5d54-1805-49ec-899f-945609733e38@group-05AC48DA6374: changes role from  FOLLOWER to FOLLOWER at term 32 for recognizeCandidate:84568b57-9d99-42dc-882b-eae65806f704
2019-10-24 15:48:07,605 [grpc-default-executor-5] INFO  impl.RoleInfo (RoleInfo.java:shutdownFollowerState(121)) - feaf5d54-1805-49ec-899f-945609733e38: shutdown FollowerState
2019-10-24 15:48:07,605 [grpc-default-executor-0] INFO  impl.RaftServerImpl (RaftServerImpl.java:setRole(184)) - 98e78e11-cb4b-48d0-b763-897efd13c9ec@group-05AC48DA6374: changes role from  FOLLOWER to FOLLOWER at term 32 for recognizeCandidate:84568b57-9d99-42dc-882b-eae65806f704
2019-10-24 15:48:07,605 [Thread-747] INFO  impl.FollowerState (FollowerState.java:run(117)) - feaf5d54-1805-49ec-899f-945609733e38@group-05AC48DA6374-FollowerState was interrupted: java.lang.InterruptedException: sleep interrupted
2019-10-24 15:48:07,605 [grpc-default-executor-5] INFO  impl.RoleInfo (RoleInfo.java:updateAndGet(143)) - feaf5d54-1805-49ec-899f-945609733e38: start FollowerState
2019-10-24 15:48:07,605 [grpc-default-executor-0] INFO  impl.RoleInfo (RoleInfo.java:shutdownFollowerState(121)) - 98e78e11-cb4b-48d0-b763-897efd13c9ec: shutdown FollowerState
2019-10-24 15:48:07,606 [EventQueue-PendingDeleteStatusForPendingDeleteHandler] INFO  block.SCMBlockDeletingService (SCMBlockDeletingService.java:handlePendingDeletes(115)) - Block deletion txnID mismatch in datanode 84568b57-9d99-42dc-882b-eae65806f704 for containerID 1. Datanode delete txnID: 0, SCM txnID: 1
2019-10-24 15:48:07,606 [grpc-default-executor-0] INFO  impl.RoleInfo (RoleInfo.java:updateAndGet(143)) - 98e78e11-cb4b-48d0-b763-897efd13c9ec: start FollowerState
2019-10-24 15:48:07,606 [Thread-746] INFO  impl.FollowerState (FollowerState.java:run(117)) - 98e78e11-cb4b-48d0-b763-897efd13c9ec@group-05AC48DA6374-FollowerState was interrupted: java.lang.InterruptedException: sleep interrupted
2019-10-24 15:48:07,609 [84568b57-9d99-42dc-882b-eae65806f704@group-05AC48DA6374-LeaderElection33] INFO  impl.LeaderElection (LeaderElection.java:logAndReturn(56)) - 84568b57-9d99-42dc-882b-eae65806f704@group-05AC48DA6374-LeaderElection33: Election TIMEOUT; received 0 response(s) [] and 0 exception(s); 84568b57-9d99-42dc-882b-eae65806f704@group-05AC48DA6374:t32, leader=null, voted=84568b57-9d99-42dc-882b-eae65806f704, raftlog=84568b57-9d99-42dc-882b-eae65806f704@group-05AC48DA6374-SegmentedRaftLog:OPENED:c3,f4,i4, conf=0: [98e78e11-cb4b-48d0-b763-897efd13c9ec:192.168.164.213:39232, 84568b57-9d99-42dc-882b-eae65806f704:192.168.164.213:37329, feaf5d54-1805-49ec-899f-945609733e38:192.168.164.213:39911], old=null
2019-10-24 15:48:07,616 [grpc-default-executor-2] INFO  impl.RaftServerProxy (RaftServerProxy.java:addNew(89)) - 84568b57-9d99-42dc-882b-eae65806f704: addNew group-3250EDD25005:[84568b57-9d99-42dc-882b-eae65806f704:192.168.164.213:37329] returns group-3250EDD25005:java.util.concurrent.CompletableFuture@742ac7cb[Not completed]
2019-10-24 15:48:07,618 [pool-59-thread-1] INFO  impl.RaftServerImpl (RaftServerImpl.java:<init>(104)) - 84568b57-9d99-42dc-882b-eae65806f704: new RaftServerImpl for group-3250EDD25005:[84568b57-9d99-42dc-882b-eae65806f704:192.168.164.213:37329] with ContainerStateMachine:uninitialized
2019-10-24 15:48:07,619 [pool-59-thread-1] INFO  server.RaftServerConfigKeys (ConfUtils.java:logGet(43)) - raft.server.rpc.timeout.min = 5s (custom)
2019-10-24 15:48:07,619 [pool-59-thread-1] INFO  server.RaftServerConfigKeys (ConfUtils.java:logGet(43)) - raft.server.rpc.timeout.max = 5200ms (custom)
2019-10-24 15:48:07,619 [pool-59-thread-1] INFO  server.RaftServerConfigKeys (ConfUtils.java:logGet(43)) - raft.server.rpcslowness.timeout = 1000s (custom)
2019-10-24 15:48:07,619 [pool-59-thread-1] INFO  server.RaftServerConfigKeys (ConfUtils.java:logGet(43)) - raft.server.sleep.deviation.threshold = 300 (default)
2019-10-24 15:48:07,619 [pool-59-thread-1] INFO  server.RaftServerConfigKeys (ConfUtils.java:logGet(43)) - raft.server.log.appender.install.snapshot.enabled = false (custom)
2019-10-24 15:48:07,620 [pool-59-thread-1] INFO  impl.RaftServerImpl (ServerState.java:<init>(103)) - 84568b57-9d99-42dc-882b-eae65806f704@group-3250EDD25005: ConfigurationManager, init=-1: [84568b57-9d99-42dc-882b-eae65806f704:192.168.164.213:37329], old=null, confs=<EMPTY_MAP>
2019-10-24 15:48:07,620 [pool-59-thread-1] INFO  server.RaftServerConfigKeys (ConfUtils.java:logGet(43)) - raft.server.storage.dir = [/workdir/hadoop-ozone/integration-test/target/test-dir/MiniOzoneClusterImpl-cea207ca-acd6-4eb2-aab4-e348648d9a8e/datanode-2/data/ratis] (custom)
2019-10-24 15:48:07,620 [pool-59-thread-1] INFO  server.RaftServerConfigKeys (ConfUtils.java:logGet(43)) - raft.server.log.corruption.policy = EXCEPTION (default)
2019-10-24 15:48:07,620 [pool-59-thread-1] INFO  storage.RaftStorageDirectory (RaftStorageDirectory.java:analyzeStorage(246)) - The storage directory /workdir/hadoop-ozone/integration-test/target/test-dir/MiniOzoneClusterImpl-cea207ca-acd6-4eb2-aab4-e348648d9a8e/datanode-2/data/ratis/bc31e83d-d2b6-4c9f-86b3-3250edd25005 does not exist. Creating ...
2019-10-24 15:48:07,632 [84568b57-9d99-42dc-882b-eae65806f704@group-05AC48DA6374-LeaderElection33] INFO  impl.LeaderElection (LeaderElection.java:askForVotes(178)) - 84568b57-9d99-42dc-882b-eae65806f704@group-05AC48DA6374-LeaderElection33: begin an election at term 33 for 0: [98e78e11-cb4b-48d0-b763-897efd13c9ec:192.168.164.213:39232, 84568b57-9d99-42dc-882b-eae65806f704:192.168.164.213:37329, feaf5d54-1805-49ec-899f-945609733e38:192.168.164.213:39911], old=null
2019-10-24 15:48:07,634 [pool-59-thread-1] INFO  storage.RaftStorageDirectory (RaftStorageDirectory.java:tryLock(328)) - Lock on /workdir/hadoop-ozone/integration-test/target/test-dir/MiniOzoneClusterImpl-cea207ca-acd6-4eb2-aab4-e348648d9a8e/datanode-2/data/ratis/bc31e83d-d2b6-4c9f-86b3-3250edd25005/in_use.lock acquired by nodename 11966@pr-hdds-2359-djbrp-462585948
2019-10-24 15:48:07,634 [grpc-default-executor-0] INFO  impl.RaftServerImpl (RaftServerImpl.java:setRole(184)) - 98e78e11-cb4b-48d0-b763-897efd13c9ec@group-05AC48DA6374: changes role from  FOLLOWER to FOLLOWER at term 33 for recognizeCandidate:84568b57-9d99-42dc-882b-eae65806f704
2019-10-24 15:48:07,635 [grpc-default-executor-0] INFO  impl.RoleInfo (RoleInfo.java:shutdownFollowerState(121)) - 98e78e11-cb4b-48d0-b763-897efd13c9ec: shutdown FollowerState
2019-10-24 15:48:07,635 [Thread-755] INFO  impl.FollowerState (FollowerState.java:run(117)) - 98e78e11-cb4b-48d0-b763-897efd13c9ec@group-05AC48DA6374-FollowerState was interrupted: java.lang.InterruptedException: sleep interrupted
2019-10-24 15:48:07,635 [grpc-default-executor-0] INFO  impl.RoleInfo (RoleInfo.java:updateAndGet(143)) - 98e78e11-cb4b-48d0-b763-897efd13c9ec: start FollowerState
2019-10-24 15:48:07,635 [grpc-default-executor-5] INFO  impl.RaftServerImpl (RaftServerImpl.java:setRole(184)) - feaf5d54-1805-49ec-899f-945609733e38@group-05AC48DA6374: changes role from  FOLLOWER to FOLLOWER at term 33 for recognizeCandidate:84568b57-9d99-42dc-882b-eae65806f704
2019-10-24 15:48:07,636 [grpc-default-executor-5] INFO  impl.RoleInfo (RoleInfo.java:shutdownFollowerState(121)) - feaf5d54-1805-49ec-899f-945609733e38: shutdown FollowerState
2019-10-24 15:48:07,636 [Thread-754] INFO  impl.FollowerState (FollowerState.java:run(117)) - feaf5d54-1805-49ec-899f-945609733e38@group-05AC48DA6374-FollowerState was interrupted: java.lang.InterruptedException: sleep interrupted
2019-10-24 15:48:07,636 [grpc-default-executor-5] INFO  impl.RoleInfo (RoleInfo.java:updateAndGet(143)) - feaf5d54-1805-49ec-899f-945609733e38: start FollowerState
2019-10-24 15:48:07,660 [pool-59-thread-1] INFO  storage.RaftStorage (RaftStorage.java:format(84)) - Storage directory /workdir/hadoop-ozone/integration-test/target/test-dir/MiniOzoneClusterImpl-cea207ca-acd6-4eb2-aab4-e348648d9a8e/datanode-2/data/ratis/bc31e83d-d2b6-4c9f-86b3-3250edd25005 has been successfully formatted.
2019-10-24 15:48:07,660 [pool-59-thread-1] INFO  ratis.ContainerStateMachine (ContainerStateMachine.java:loadSnapshot(231)) - group-3250EDD25005: The snapshot info is null. Setting the last applied indexto:(t:0, i:~)
2019-10-24 15:48:07,661 [pool-59-thread-1] INFO  server.RaftServerConfigKeys (ConfUtils.java:logGet(43)) - raft.server.notification.no-leader.timeout = 1000s (custom)
2019-10-24 15:48:07,661 [pool-59-thread-1] INFO  server.RaftServerConfigKeys (ConfUtils.java:logGet(43)) - raft.server.log.use.memory = false (default)
2019-10-24 15:48:07,661 [pool-59-thread-1] INFO  server.RaftServerConfigKeys (ConfUtils.java:logGet(43)) - raft.server.log.purge.gap = 1000000 (custom)
2019-10-24 15:48:07,661 [pool-59-thread-1] INFO  server.RaftServerConfigKeys (ConfUtils.java:logGet(43)) - raft.server.log.appender.buffer.byte-limit = 33554432 (custom)
2019-10-24 15:48:07,661 [pool-59-thread-1] INFO  server.RaftServerConfigKeys (ConfUtils.java:logGet(43)) - raft.server.log.segment.size.max = 1048576 (custom)
2019-10-24 15:48:07,661 [84568b57-9d99-42dc-882b-eae65806f704@group-05AC48DA6374-LeaderElection33] INFO  impl.LeaderElection (LeaderElection.java:logAndReturn(56)) - 84568b57-9d99-42dc-882b-eae65806f704@group-05AC48DA6374-LeaderElection33: Election REJECTED; received 2 response(s) [84568b57-9d99-42dc-882b-eae65806f704<-98e78e11-cb4b-48d0-b763-897efd13c9ec#0:FAIL-t33, 84568b57-9d99-42dc-882b-eae65806f704<-feaf5d54-1805-49ec-899f-945609733e38#0:FAIL-t33] and 0 exception(s); 84568b57-9d99-42dc-882b-eae65806f704@group-05AC48DA6374:t33, leader=null, voted=84568b57-9d99-42dc-882b-eae65806f704, raftlog=84568b57-9d99-42dc-882b-eae65806f704@group-05AC48DA6374-SegmentedRaftLog:OPENED:c3,f4,i4, conf=0: [98e78e11-cb4b-48d0-b763-897efd13c9ec:192.168.164.213:39232, 84568b57-9d99-42dc-882b-eae65806f704:192.168.164.213:37329, feaf5d54-1805-49ec-899f-945609733e38:192.168.164.213:39911], old=null
2019-10-24 15:48:07,662 [pool-59-thread-1] INFO  server.RaftServerConfigKeys (ConfUtils.java:logGet(43)) - raft.server.log.segment.cache.num.max = 2 (custom)
2019-10-24 15:48:07,662 [84568b57-9d99-42dc-882b-eae65806f704@group-05AC48DA6374-LeaderElection33] INFO  impl.RaftServerImpl (RaftServerImpl.java:setRole(184)) - 84568b57-9d99-42dc-882b-eae65806f704@group-05AC48DA6374: changes role from CANDIDATE to FOLLOWER at term 33 for DISCOVERED_A_NEW_TERM
2019-10-24 15:48:07,662 [pool-59-thread-1] INFO  segmented.SegmentedRaftLogWorker (SegmentedRaftLogWorker.java:<init>(173)) - new 84568b57-9d99-42dc-882b-eae65806f704@group-3250EDD25005-SegmentedRaftLogWorker for RaftStorage:Storage Directory /workdir/hadoop-ozone/integration-test/target/test-dir/MiniOzoneClusterImpl-cea207ca-acd6-4eb2-aab4-e348648d9a8e/datanode-2/data/ratis/bc31e83d-d2b6-4c9f-86b3-3250edd25005
2019-10-24 15:48:07,663 [84568b57-9d99-42dc-882b-eae65806f704@group-05AC48DA6374-LeaderElection33] INFO  impl.RoleInfo (RoleInfo.java:shutdownLeaderElection(134)) - 84568b57-9d99-42dc-882b-eae65806f704: shutdown LeaderElection
2019-10-24 15:48:07,664 [pool-59-thread-1] INFO  server.RaftServerConfigKeys (ConfUtils.java:logGet(43)) - raft.server.log.queue.byte-limit = 2147483647 (custom)
2019-10-24 15:48:07,664 [84568b57-9d99-42dc-882b-eae65806f704@group-05AC48DA6374-LeaderElection33] INFO  impl.RoleInfo (RoleInfo.java:updateAndGet(143)) - 84568b57-9d99-42dc-882b-eae65806f704: start FollowerState
2019-10-24 15:48:07,664 [pool-59-thread-1] INFO  server.RaftServerConfigKeys (ConfUtils.java:logGet(43)) - raft.server.log.queue.element-limit = 1024 (custom)
2019-10-24 15:48:07,664 [pool-59-thread-1] INFO  server.RaftServerConfigKeys (ConfUtils.java:logGet(43)) - raft.server.log.segment.size.max = 1048576 (custom)
2019-10-24 15:48:07,664 [pool-59-thread-1] INFO  server.RaftServerConfigKeys (ConfUtils.java:logGet(43)) - raft.server.log.preallocated.size = 16384 (custom)
2019-10-24 15:48:07,664 [pool-59-thread-1] INFO  server.RaftServerConfigKeys (ConfUtils.java:logGet(43)) - raft.server.log.write.buffer.size = 33554432 (custom)
2019-10-24 15:48:07,665 [pool-59-thread-1] INFO  server.RaftServerConfigKeys (ConfUtils.java:logGet(43)) - raft.server.log.force.sync.num = 128 (default)
2019-10-24 15:48:07,665 [pool-59-thread-1] INFO  server.RaftServerConfigKeys (ConfUtils.java:logGet(43)) - raft.server.log.statemachine.data.sync = true (default)
2019-10-24 15:48:07,665 [pool-59-thread-1] INFO  server.RaftServerConfigKeys (ConfUtils.java:logGet(43)) - raft.server.log.statemachine.data.sync.timeout = 10s (default)
2019-10-24 15:48:07,665 [pool-59-thread-1] INFO  server.RaftServerConfigKeys (ConfUtils.java:logGet(43)) - raft.server.log.statemachine.data.sync.timeout.retry = -1 (default)
2019-10-24 15:48:07,665 [pool-59-thread-1] INFO  server.RaftServerConfigKeys (ConfUtils.java:logGet(43)) - raft.server.log.statemachine.data.caching.enabled = true (custom)
2019-10-24 15:48:07,666 [pool-59-thread-1] INFO  segmented.SegmentedRaftLogWorker (SegmentedRaftLogWorker.java:lambda$new$0(128)) - 84568b57-9d99-42dc-882b-eae65806f704@group-3250EDD25005-SegmentedRaftLogWorker: flushIndex: setUnconditionally 0 -> -1
2019-10-24 15:48:07,666 [pool-59-thread-1] INFO  server.RaftServerConfigKeys (ConfUtils.java:logGet(43)) - raft.server.snapshot.auto.trigger.enabled = true (custom)
2019-10-24 15:48:07,666 [pool-59-thread-1] INFO  server.RaftServerConfigKeys (ConfUtils.java:logGet(43)) - raft.server.snapshot.auto.trigger.threshold = 10000 (custom)
2019-10-24 15:48:07,666 [pool-59-thread-1] INFO  server.RaftServerConfigKeys (ConfUtils.java:logGet(43)) - raft.server.snapshot.retention.file.num = 5 (custom)
2019-10-24 15:48:07,666 [pool-59-thread-1] INFO  server.RaftServerConfigKeys (ConfUtils.java:logGet(43)) - raft.server.retrycache.expirytime = 600000ms (custom)
2019-10-24 15:48:07,669 [pool-59-thread-1] INFO  impl.RaftServerImpl (RaftServerImpl.java:start(195)) - 84568b57-9d99-42dc-882b-eae65806f704@group-3250EDD25005: start as a follower, conf=-1: [84568b57-9d99-42dc-882b-eae65806f704:192.168.164.213:37329], old=null
2019-10-24 15:48:07,669 [pool-59-thread-1] INFO  impl.RaftServerImpl (RaftServerImpl.java:setRole(184)) - 84568b57-9d99-42dc-882b-eae65806f704@group-3250EDD25005: changes role from      null to FOLLOWER at term 0 for startAsFollower
2019-10-24 15:48:07,670 [pool-59-thread-1] INFO  impl.RoleInfo (RoleInfo.java:updateAndGet(143)) - 84568b57-9d99-42dc-882b-eae65806f704: start FollowerState
2019-10-24 15:48:07,670 [pool-59-thread-1] INFO  util.JmxRegister (JmxRegister.java:tryRegister(44)) - Successfully registered JMX Bean with object name Ratis:service=RaftServer,group=group-3250EDD25005,id=84568b57-9d99-42dc-882b-eae65806f704
2019-10-24 15:48:07,677 [RatisPipelineUtilsThread] INFO  pipeline.PipelineStateManager (PipelineStateManager.java:addPipeline(56)) - Created pipeline Pipeline[ Id: bc31e83d-d2b6-4c9f-86b3-3250edd25005, Nodes: 84568b57-9d99-42dc-882b-eae65806f704{ip: 192.168.164.213, host: pr-hdds-2359-djbrp-462585948, networkLocation: /default-rack, certSerialId: null}, Type:RATIS, Factor:ONE, State:OPEN]
2019-10-24 15:48:07,696 [Thread-765] INFO  client.GrpcClientProtocolService (GrpcClientProtocolService.java:lambda$processClientRequest$0(278)) - Failed RaftClientRequest:client-60DA70BF947A->feaf5d54-1805-49ec-899f-945609733e38@group-05AC48DA6374, cid=10, seq=0, Watch-ALL_COMMITTED(6), Message:<EMPTY>, reply=RaftClientReply:client-60DA70BF947A->feaf5d54-1805-49ec-899f-945609733e38@group-05AC48DA6374, cid=10, FAILED org.apache.ratis.protocol.NotLeaderException: Server feaf5d54-1805-49ec-899f-945609733e38@group-05AC48DA6374 is not the leader, logIndex=0, commits[feaf5d54-1805-49ec-899f-945609733e38:c10, 98e78e11-cb4b-48d0-b763-897efd13c9ec:c10, 84568b57-9d99-42dc-882b-eae65806f704:c4]
2019-10-24 15:48:07,700 [grpc-default-executor-0] INFO  impl.RaftServerProxy (RaftServerProxy.java:addNew(89)) - 84568b57-9d99-42dc-882b-eae65806f704: addNew group-CE75851C0F4B:[98e78e11-cb4b-48d0-b763-897efd13c9ec:192.168.164.213:39232, 84568b57-9d99-42dc-882b-eae65806f704:192.168.164.213:37329, feaf5d54-1805-49ec-899f-945609733e38:192.168.164.213:39911] returns group-CE75851C0F4B:java.util.concurrent.CompletableFuture@208e02a5[Not completed]
2019-10-24 15:48:07,701 [grpc-default-executor-2] INFO  impl.RaftServerProxy (RaftServerProxy.java:addNew(89)) - feaf5d54-1805-49ec-899f-945609733e38: addNew group-CE75851C0F4B:[98e78e11-cb4b-48d0-b763-897efd13c9ec:192.168.164.213:39232, 84568b57-9d99-42dc-882b-eae65806f704:192.168.164.213:37329, feaf5d54-1805-49ec-899f-945609733e38:192.168.164.213:39911] returns group-CE75851C0F4B:java.util.concurrent.CompletableFuture@c1e360c[Not completed]
2019-10-24 15:48:07,706 [grpc-default-executor-6] INFO  impl.RaftServerProxy (RaftServerProxy.java:addNew(89)) - 98e78e11-cb4b-48d0-b763-897efd13c9ec: addNew group-CE75851C0F4B:[98e78e11-cb4b-48d0-b763-897efd13c9ec:192.168.164.213:39232, 84568b57-9d99-42dc-882b-eae65806f704:192.168.164.213:37329, feaf5d54-1805-49ec-899f-945609733e38:192.168.164.213:39911] returns group-CE75851C0F4B:java.util.concurrent.CompletableFuture@71af583c[Not completed]
2019-10-24 15:48:07,709 [pool-59-thread-1] INFO  impl.RaftServerImpl (RaftServerImpl.java:<init>(104)) - 84568b57-9d99-42dc-882b-eae65806f704: new RaftServerImpl for group-CE75851C0F4B:[98e78e11-cb4b-48d0-b763-897efd13c9ec:192.168.164.213:39232, 84568b57-9d99-42dc-882b-eae65806f704:192.168.164.213:37329, feaf5d54-1805-49ec-899f-945609733e38:192.168.164.213:39911] with ContainerStateMachine:uninitialized
2019-10-24 15:48:07,709 [pool-59-thread-1] INFO  server.RaftServerConfigKeys (ConfUtils.java:logGet(43)) - raft.server.rpc.timeout.min = 5s (custom)
2019-10-24 15:48:07,709 [pool-59-thread-1] INFO  server.RaftServerConfigKeys (ConfUtils.java:logGet(43)) - raft.server.rpc.timeout.max = 5200ms (custom)
2019-10-24 15:48:07,709 [pool-59-thread-1] INFO  server.RaftServerConfigKeys (ConfUtils.java:logGet(43)) - raft.server.rpcslowness.timeout = 1000s (custom)
2019-10-24 15:48:07,709 [pool-59-thread-1] INFO  server.RaftServerConfigKeys (ConfUtils.java:logGet(43)) - raft.server.sleep.deviation.threshold = 300 (default)
2019-10-24 15:48:07,710 [pool-59-thread-1] INFO  server.RaftServerConfigKeys (ConfUtils.java:logGet(43)) - raft.server.log.appender.install.snapshot.enabled = false (custom)
2019-10-24 15:48:07,710 [pool-59-thread-1] INFO  impl.RaftServerImpl (ServerState.java:<init>(103)) - 84568b57-9d99-42dc-882b-eae65806f704@group-CE75851C0F4B: ConfigurationManager, init=-1: [98e78e11-cb4b-48d0-b763-897efd13c9ec:192.168.164.213:39232, 84568b57-9d99-42dc-882b-eae65806f704:192.168.164.213:37329, feaf5d54-1805-49ec-899f-945609733e38:192.168.164.213:39911], old=null, confs=<EMPTY_MAP>
2019-10-24 15:48:07,710 [pool-59-thread-1] INFO  server.RaftServerConfigKeys (ConfUtils.java:logGet(43)) - raft.server.storage.dir = [/workdir/hadoop-ozone/integration-test/target/test-dir/MiniOzoneClusterImpl-cea207ca-acd6-4eb2-aab4-e348648d9a8e/datanode-2/data/ratis] (custom)
2019-10-24 15:48:07,710 [pool-27-thread-1] INFO  impl.RaftServerImpl (RaftServerImpl.java:<init>(104)) - 98e78e11-cb4b-48d0-b763-897efd13c9ec: new RaftServerImpl for group-CE75851C0F4B:[98e78e11-cb4b-48d0-b763-897efd13c9ec:192.168.164.213:39232, 84568b57-9d99-42dc-882b-eae65806f704:192.168.164.213:37329, feaf5d54-1805-49ec-899f-945609733e38:192.168.164.213:39911] with ContainerStateMachine:uninitialized
2019-10-24 15:48:07,711 [pool-59-thread-1] INFO  server.RaftServerConfigKeys (ConfUtils.java:logGet(43)) - raft.server.log.corruption.policy = EXCEPTION (default)
2019-10-24 15:48:07,711 [pool-27-thread-1] INFO  server.RaftServerConfigKeys (ConfUtils.java:logGet(43)) - raft.server.rpc.timeout.min = 5s (custom)
2019-10-24 15:48:07,711 [pool-37-thread-1] INFO  impl.RaftServerImpl (RaftServerImpl.java:<init>(104)) - feaf5d54-1805-49ec-899f-945609733e38: new RaftServerImpl for group-CE75851C0F4B:[98e78e11-cb4b-48d0-b763-897efd13c9ec:192.168.164.213:39232, 84568b57-9d99-42dc-882b-eae65806f704:192.168.164.213:37329, feaf5d54-1805-49ec-899f-945609733e38:192.168.164.213:39911] with ContainerStateMachine:uninitialized
2019-10-24 15:48:07,711 [pool-59-thread-1] INFO  storage.RaftStorageDirectory (RaftStorageDirectory.java:analyzeStorage(246)) - The storage directory /workdir/hadoop-ozone/integration-test/target/test-dir/MiniOzoneClusterImpl-cea207ca-acd6-4eb2-aab4-e348648d9a8e/datanode-2/data/ratis/62a32309-43ce-4f9f-8e53-ce75851c0f4b does not exist. Creating ...
2019-10-24 15:48:07,711 [pool-37-thread-1] INFO  server.RaftServerConfigKeys (ConfUtils.java:logGet(43)) - raft.server.rpc.timeout.min = 5s (custom)
2019-10-24 15:48:07,711 [pool-27-thread-1] INFO  server.RaftServerConfigKeys (ConfUtils.java:logGet(43)) - raft.server.rpc.timeout.max = 5200ms (custom)
2019-10-24 15:48:07,711 [pool-37-thread-1] INFO  server.RaftServerConfigKeys (ConfUtils.java:logGet(43)) - raft.server.rpc.timeout.max = 5200ms (custom)
2019-10-24 15:48:07,711 [pool-27-thread-1] INFO  server.RaftServerConfigKeys (ConfUtils.java:logGet(43)) - raft.server.rpcslowness.timeout = 1000s (custom)
2019-10-24 15:48:07,711 [pool-37-thread-1] INFO  server.RaftServerConfigKeys (ConfUtils.java:logGet(43)) - raft.server.rpcslowness.timeout = 1000s (custom)
2019-10-24 15:48:07,712 [pool-27-thread-1] INFO  server.RaftServerConfigKeys (ConfUtils.java:logGet(43)) - raft.server.sleep.deviation.threshold = 300 (default)
2019-10-24 15:48:07,712 [pool-37-thread-1] INFO  server.RaftServerConfigKeys (ConfUtils.java:logGet(43)) - raft.server.sleep.deviation.threshold = 300 (default)
2019-10-24 15:48:07,712 [pool-27-thread-1] INFO  server.RaftServerConfigKeys (ConfUtils.java:logGet(43)) - raft.server.log.appender.install.snapshot.enabled = false (custom)
2019-10-24 15:48:07,712 [pool-37-thread-1] INFO  server.RaftServerConfigKeys (ConfUtils.java:logGet(43)) - raft.server.log.appender.install.snapshot.enabled = false (custom)
2019-10-24 15:48:07,712 [pool-27-thread-1] INFO  impl.RaftServerImpl (ServerState.java:<init>(103)) - 98e78e11-cb4b-48d0-b763-897efd13c9ec@group-CE75851C0F4B: ConfigurationManager, init=-1: [98e78e11-cb4b-48d0-b763-897efd13c9ec:192.168.164.213:39232, 84568b57-9d99-42dc-882b-eae65806f704:192.168.164.213:37329, feaf5d54-1805-49ec-899f-945609733e38:192.168.164.213:39911], old=null, confs=<EMPTY_MAP>
2019-10-24 15:48:07,712 [pool-37-thread-1] INFO  impl.RaftServerImpl (ServerState.java:<init>(103)) - feaf5d54-1805-49ec-899f-945609733e38@group-CE75851C0F4B: ConfigurationManager, init=-1: [98e78e11-cb4b-48d0-b763-897efd13c9ec:192.168.164.213:39232, 84568b57-9d99-42dc-882b-eae65806f704:192.168.164.213:37329, feaf5d54-1805-49ec-899f-945609733e38:192.168.164.213:39911], old=null, confs=<EMPTY_MAP>
2019-10-24 15:48:07,712 [pool-27-thread-1] INFO  server.RaftServerConfigKeys (ConfUtils.java:logGet(43)) - raft.server.storage.dir = [/workdir/hadoop-ozone/integration-test/target/test-dir/MiniOzoneClusterImpl-cea207ca-acd6-4eb2-aab4-e348648d9a8e/datanode-0/data/ratis] (custom)
2019-10-24 15:48:07,712 [pool-37-thread-1] INFO  server.RaftServerConfigKeys (ConfUtils.java:logGet(43)) - raft.server.storage.dir = [/workdir/hadoop-ozone/integration-test/target/test-dir/MiniOzoneClusterImpl-cea207ca-acd6-4eb2-aab4-e348648d9a8e/datanode-1/data/ratis] (custom)
2019-10-24 15:48:07,712 [pool-37-thread-1] INFO  server.RaftServerConfigKeys (ConfUtils.java:logGet(43)) - raft.server.log.corruption.policy = EXCEPTION (default)
2019-10-24 15:48:07,712 [pool-27-thread-1] INFO  server.RaftServerConfigKeys (ConfUtils.java:logGet(43)) - raft.server.log.corruption.policy = EXCEPTION (default)
2019-10-24 15:48:07,713 [pool-37-thread-1] INFO  storage.RaftStorageDirectory (RaftStorageDirectory.java:analyzeStorage(246)) - The storage directory /workdir/hadoop-ozone/integration-test/target/test-dir/MiniOzoneClusterImpl-cea207ca-acd6-4eb2-aab4-e348648d9a8e/datanode-1/data/ratis/62a32309-43ce-4f9f-8e53-ce75851c0f4b does not exist. Creating ...
2019-10-24 15:48:07,713 [pool-27-thread-1] INFO  storage.RaftStorageDirectory (RaftStorageDirectory.java:analyzeStorage(246)) - The storage directory /workdir/hadoop-ozone/integration-test/target/test-dir/MiniOzoneClusterImpl-cea207ca-acd6-4eb2-aab4-e348648d9a8e/datanode-0/data/ratis/62a32309-43ce-4f9f-8e53-ce75851c0f4b does not exist. Creating ...
2019-10-24 15:48:07,736 [pool-27-thread-1] INFO  storage.RaftStorageDirectory (RaftStorageDirectory.java:tryLock(328)) - Lock on /workdir/hadoop-ozone/integration-test/target/test-dir/MiniOzoneClusterImpl-cea207ca-acd6-4eb2-aab4-e348648d9a8e/datanode-0/data/ratis/62a32309-43ce-4f9f-8e53-ce75851c0f4b/in_use.lock acquired by nodename 11966@pr-hdds-2359-djbrp-462585948
2019-10-24 15:48:07,736 [pool-37-thread-1] INFO  storage.RaftStorageDirectory (RaftStorageDirectory.java:tryLock(328)) - Lock on /workdir/hadoop-ozone/integration-test/target/test-dir/MiniOzoneClusterImpl-cea207ca-acd6-4eb2-aab4-e348648d9a8e/datanode-1/data/ratis/62a32309-43ce-4f9f-8e53-ce75851c0f4b/in_use.lock acquired by nodename 11966@pr-hdds-2359-djbrp-462585948
2019-10-24 15:48:07,736 [pool-59-thread-1] INFO  storage.RaftStorageDirectory (RaftStorageDirectory.java:tryLock(328)) - Lock on /workdir/hadoop-ozone/integration-test/target/test-dir/MiniOzoneClusterImpl-cea207ca-acd6-4eb2-aab4-e348648d9a8e/datanode-2/data/ratis/62a32309-43ce-4f9f-8e53-ce75851c0f4b/in_use.lock acquired by nodename 11966@pr-hdds-2359-djbrp-462585948
2019-10-24 15:48:07,761 [pool-27-thread-1] INFO  storage.RaftStorage (RaftStorage.java:format(84)) - Storage directory /workdir/hadoop-ozone/integration-test/target/test-dir/MiniOzoneClusterImpl-cea207ca-acd6-4eb2-aab4-e348648d9a8e/datanode-0/data/ratis/62a32309-43ce-4f9f-8e53-ce75851c0f4b has been successfully formatted.
2019-10-24 15:48:07,761 [pool-59-thread-1] INFO  storage.RaftStorage (RaftStorage.java:format(84)) - Storage directory /workdir/hadoop-ozone/integration-test/target/test-dir/MiniOzoneClusterImpl-cea207ca-acd6-4eb2-aab4-e348648d9a8e/datanode-2/data/ratis/62a32309-43ce-4f9f-8e53-ce75851c0f4b has been successfully formatted.
2019-10-24 15:48:07,761 [pool-37-thread-1] INFO  storage.RaftStorage (RaftStorage.java:format(84)) - Storage directory /workdir/hadoop-ozone/integration-test/target/test-dir/MiniOzoneClusterImpl-cea207ca-acd6-4eb2-aab4-e348648d9a8e/datanode-1/data/ratis/62a32309-43ce-4f9f-8e53-ce75851c0f4b has been successfully formatted.
2019-10-24 15:48:07,761 [pool-27-thread-1] INFO  ratis.ContainerStateMachine (ContainerStateMachine.java:loadSnapshot(231)) - group-CE75851C0F4B: The snapshot info is null. Setting the last applied indexto:(t:0, i:~)
2019-10-24 15:48:07,761 [pool-59-thread-1] INFO  ratis.ContainerStateMachine (ContainerStateMachine.java:loadSnapshot(231)) - group-CE75851C0F4B: The snapshot info is null. Setting the last applied indexto:(t:0, i:~)
2019-10-24 15:48:07,761 [pool-27-thread-1] INFO  server.RaftServerConfigKeys (ConfUtils.java:logGet(43)) - raft.server.notification.no-leader.timeout = 1000s (custom)
2019-10-24 15:48:07,761 [pool-37-thread-1] INFO  ratis.ContainerStateMachine (ContainerStateMachine.java:loadSnapshot(231)) - group-CE75851C0F4B: The snapshot info is null. Setting the last applied indexto:(t:0, i:~)
2019-10-24 15:48:07,761 [pool-27-thread-1] INFO  server.RaftServerConfigKeys (ConfUtils.java:logGet(43)) - raft.server.log.use.memory = false (default)
2019-10-24 15:48:07,761 [pool-59-thread-1] INFO  server.RaftServerConfigKeys (ConfUtils.java:logGet(43)) - raft.server.notification.no-leader.timeout = 1000s (custom)
2019-10-24 15:48:07,761 [pool-27-thread-1] INFO  server.RaftServerConfigKeys (ConfUtils.java:logGet(43)) - raft.server.log.purge.gap = 1000000 (custom)
2019-10-24 15:48:07,761 [pool-37-thread-1] INFO  server.RaftServerConfigKeys (ConfUtils.java:logGet(43)) - raft.server.notification.no-leader.timeout = 1000s (custom)
2019-10-24 15:48:07,762 [pool-27-thread-1] INFO  server.RaftServerConfigKeys (ConfUtils.java:logGet(43)) - raft.server.log.appender.buffer.byte-limit = 33554432 (custom)
2019-10-24 15:48:07,761 [pool-59-thread-1] INFO  server.RaftServerConfigKeys (ConfUtils.java:logGet(43)) - raft.server.log.use.memory = false (default)
2019-10-24 15:48:07,762 [pool-27-thread-1] INFO  server.RaftServerConfigKeys (ConfUtils.java:logGet(43)) - raft.server.log.segment.size.max = 1048576 (custom)
2019-10-24 15:48:07,762 [pool-37-thread-1] INFO  server.RaftServerConfigKeys (ConfUtils.java:logGet(43)) - raft.server.log.use.memory = false (default)
2019-10-24 15:48:07,762 [pool-27-thread-1] INFO  server.RaftServerConfigKeys (ConfUtils.java:logGet(43)) - raft.server.log.segment.cache.num.max = 2 (custom)
2019-10-24 15:48:07,762 [pool-59-thread-1] INFO  server.RaftServerConfigKeys (ConfUtils.java:logGet(43)) - raft.server.log.purge.gap = 1000000 (custom)
2019-10-24 15:48:07,762 [pool-27-thread-1] INFO  segmented.SegmentedRaftLogWorker (SegmentedRaftLogWorker.java:<init>(173)) - new 98e78e11-cb4b-48d0-b763-897efd13c9ec@group-CE75851C0F4B-SegmentedRaftLogWorker for RaftStorage:Storage Directory /workdir/hadoop-ozone/integration-test/target/test-dir/MiniOzoneClusterImpl-cea207ca-acd6-4eb2-aab4-e348648d9a8e/datanode-0/data/ratis/62a32309-43ce-4f9f-8e53-ce75851c0f4b
2019-10-24 15:48:07,762 [pool-37-thread-1] INFO  server.RaftServerConfigKeys (ConfUtils.java:logGet(43)) - raft.server.log.purge.gap = 1000000 (custom)
2019-10-24 15:48:07,762 [pool-27-thread-1] INFO  server.RaftServerConfigKeys (ConfUtils.java:logGet(43)) - raft.server.log.queue.byte-limit = 2147483647 (custom)
2019-10-24 15:48:07,762 [pool-59-thread-1] INFO  server.RaftServerConfigKeys (ConfUtils.java:logGet(43)) - raft.server.log.appender.buffer.byte-limit = 33554432 (custom)
2019-10-24 15:48:07,762 [pool-27-thread-1] INFO  server.RaftServerConfigKeys (ConfUtils.java:logGet(43)) - raft.server.log.queue.element-limit = 1024 (custom)
2019-10-24 15:48:07,762 [pool-37-thread-1] INFO  server.RaftServerConfigKeys (ConfUtils.java:logGet(43)) - raft.server.log.appender.buffer.byte-limit = 33554432 (custom)
2019-10-24 15:48:07,762 [pool-27-thread-1] INFO  server.RaftServerConfigKeys (ConfUtils.java:logGet(43)) - raft.server.log.segment.size.max = 1048576 (custom)
2019-10-24 15:48:07,762 [pool-59-thread-1] INFO  server.RaftServerConfigKeys (ConfUtils.java:logGet(43)) - raft.server.log.segment.size.max = 1048576 (custom)
2019-10-24 15:48:07,763 [pool-27-thread-1] INFO  server.RaftServerConfigKeys (ConfUtils.java:logGet(43)) - raft.server.log.preallocated.size = 16384 (custom)
2019-10-24 15:48:07,763 [pool-37-thread-1] INFO  server.RaftServerConfigKeys (ConfUtils.java:logGet(43)) - raft.server.log.segment.size.max = 1048576 (custom)
2019-10-24 15:48:07,763 [pool-27-thread-1] INFO  server.RaftServerConfigKeys (ConfUtils.java:logGet(43)) - raft.server.log.write.buffer.size = 33554432 (custom)
2019-10-24 15:48:07,763 [pool-59-thread-1] INFO  server.RaftServerConfigKeys (ConfUtils.java:logGet(43)) - raft.server.log.segment.cache.num.max = 2 (custom)
2019-10-24 15:48:07,763 [pool-27-thread-1] INFO  server.RaftServerConfigKeys (ConfUtils.java:logGet(43)) - raft.server.log.force.sync.num = 128 (default)
2019-10-24 15:48:07,763 [pool-37-thread-1] INFO  server.RaftServerConfigKeys (ConfUtils.java:logGet(43)) - raft.server.log.segment.cache.num.max = 2 (custom)
2019-10-24 15:48:07,763 [pool-27-thread-1] INFO  server.RaftServerConfigKeys (ConfUtils.java:logGet(43)) - raft.server.log.statemachine.data.sync = true (default)
2019-10-24 15:48:07,763 [pool-59-thread-1] INFO  segmented.SegmentedRaftLogWorker (SegmentedRaftLogWorker.java:<init>(173)) - new 84568b57-9d99-42dc-882b-eae65806f704@group-CE75851C0F4B-SegmentedRaftLogWorker for RaftStorage:Storage Directory /workdir/hadoop-ozone/integration-test/target/test-dir/MiniOzoneClusterImpl-cea207ca-acd6-4eb2-aab4-e348648d9a8e/datanode-2/data/ratis/62a32309-43ce-4f9f-8e53-ce75851c0f4b
2019-10-24 15:48:07,763 [pool-27-thread-1] INFO  server.RaftServerConfigKeys (ConfUtils.java:logGet(43)) - raft.server.log.statemachine.data.sync.timeout = 10s (default)
2019-10-24 15:48:07,763 [pool-37-thread-1] INFO  segmented.SegmentedRaftLogWorker (SegmentedRaftLogWorker.java:<init>(173)) - new feaf5d54-1805-49ec-899f-945609733e38@group-CE75851C0F4B-SegmentedRaftLogWorker for RaftStorage:Storage Directory /workdir/hadoop-ozone/integration-test/target/test-dir/MiniOzoneClusterImpl-cea207ca-acd6-4eb2-aab4-e348648d9a8e/datanode-1/data/ratis/62a32309-43ce-4f9f-8e53-ce75851c0f4b
2019-10-24 15:48:07,763 [pool-27-thread-1] INFO  server.RaftServerConfigKeys (ConfUtils.java:logGet(43)) - raft.server.log.statemachine.data.sync.timeout.retry = -1 (default)
2019-10-24 15:48:07,763 [pool-59-thread-1] INFO  server.RaftServerConfigKeys (ConfUtils.java:logGet(43)) - raft.server.log.queue.byte-limit = 2147483647 (custom)
2019-10-24 15:48:07,764 [pool-27-thread-1] INFO  server.RaftServerConfigKeys (ConfUtils.java:logGet(43)) - raft.server.log.statemachine.data.caching.enabled = true (custom)
2019-10-24 15:48:07,764 [pool-37-thread-1] INFO  server.RaftServerConfigKeys (ConfUtils.java:logGet(43)) - raft.server.log.queue.byte-limit = 2147483647 (custom)
2019-10-24 15:48:07,764 [pool-59-thread-1] INFO  server.RaftServerConfigKeys (ConfUtils.java:logGet(43)) - raft.server.log.queue.element-limit = 1024 (custom)
2019-10-24 15:48:07,764 [pool-27-thread-1] INFO  segmented.SegmentedRaftLogWorker (SegmentedRaftLogWorker.java:lambda$new$0(128)) - 98e78e11-cb4b-48d0-b763-897efd13c9ec@group-CE75851C0F4B-SegmentedRaftLogWorker: flushIndex: setUnconditionally 0 -> -1
2019-10-24 15:48:07,764 [pool-37-thread-1] INFO  server.RaftServerConfigKeys (ConfUtils.java:logGet(43)) - raft.server.log.queue.element-limit = 1024 (custom)
2019-10-24 15:48:07,764 [pool-59-thread-1] INFO  server.RaftServerConfigKeys (ConfUtils.java:logGet(43)) - raft.server.log.segment.size.max = 1048576 (custom)
2019-10-24 15:48:07,764 [pool-27-thread-1] INFO  server.RaftServerConfigKeys (ConfUtils.java:logGet(43)) - raft.server.snapshot.auto.trigger.enabled = true (custom)
2019-10-24 15:48:07,764 [pool-37-thread-1] INFO  server.RaftServerConfigKeys (ConfUtils.java:logGet(43)) - raft.server.log.segment.size.max = 1048576 (custom)
2019-10-24 15:48:07,765 [pool-27-thread-1] INFO  server.RaftServerConfigKeys (ConfUtils.java:logGet(43)) - raft.server.snapshot.auto.trigger.threshold = 10000 (custom)
2019-10-24 15:48:07,764 [pool-59-thread-1] INFO  server.RaftServerConfigKeys (ConfUtils.java:logGet(43)) - raft.server.log.preallocated.size = 16384 (custom)
2019-10-24 15:48:07,765 [pool-27-thread-1] INFO  server.RaftServerConfigKeys (ConfUtils.java:logGet(43)) - raft.server.snapshot.retention.file.num = 5 (custom)
2019-10-24 15:48:07,765 [pool-37-thread-1] INFO  server.RaftServerConfigKeys (ConfUtils.java:logGet(43)) - raft.server.log.preallocated.size = 16384 (custom)
2019-10-24 15:48:07,765 [pool-27-thread-1] INFO  server.RaftServerConfigKeys (ConfUtils.java:logGet(43)) - raft.server.retrycache.expirytime = 600000ms (custom)
2019-10-24 15:48:07,765 [pool-59-thread-1] INFO  server.RaftServerConfigKeys (ConfUtils.java:logGet(43)) - raft.server.log.write.buffer.size = 33554432 (custom)
2019-10-24 15:48:07,765 [pool-37-thread-1] INFO  server.RaftServerConfigKeys (ConfUtils.java:logGet(43)) - raft.server.log.write.buffer.size = 33554432 (custom)
2019-10-24 15:48:07,765 [pool-37-thread-1] INFO  server.RaftServerConfigKeys (ConfUtils.java:logGet(43)) - raft.server.log.force.sync.num = 128 (default)
2019-10-24 15:48:07,765 [pool-59-thread-1] INFO  server.RaftServerConfigKeys (ConfUtils.java:logGet(43)) - raft.server.log.force.sync.num = 128 (default)
2019-10-24 15:48:07,765 [pool-37-thread-1] INFO  server.RaftServerConfigKeys (ConfUtils.java:logGet(43)) - raft.server.log.statemachine.data.sync = true (default)
2019-10-24 15:48:07,765 [pool-59-thread-1] INFO  server.RaftServerConfigKeys (ConfUtils.java:logGet(43)) - raft.server.log.statemachine.data.sync = true (default)
2019-10-24 15:48:07,766 [pool-37-thread-1] INFO  server.RaftServerConfigKeys (ConfUtils.java:logGet(43)) - raft.server.log.statemachine.data.sync.timeout = 10s (default)
2019-10-24 15:48:07,766 [pool-59-thread-1] INFO  server.RaftServerConfigKeys (ConfUtils.java:logGet(43)) - raft.server.log.statemachine.data.sync.timeout = 10s (default)
2019-10-24 15:48:07,766 [pool-37-thread-1] INFO  server.RaftServerConfigKeys (ConfUtils.java:logGet(43)) - raft.server.log.statemachine.data.sync.timeout.retry = -1 (default)
2019-10-24 15:48:07,766 [pool-59-thread-1] INFO  server.RaftServerConfigKeys (ConfUtils.java:logGet(43)) - raft.server.log.statemachine.data.sync.timeout.retry = -1 (default)
2019-10-24 15:48:07,766 [pool-37-thread-1] INFO  server.RaftServerConfigKeys (ConfUtils.java:logGet(43)) - raft.server.log.statemachine.data.caching.enabled = true (custom)
2019-10-24 15:48:07,766 [pool-59-thread-1] INFO  server.RaftServerConfigKeys (ConfUtils.java:logGet(43)) - raft.server.log.statemachine.data.caching.enabled = true (custom)
2019-10-24 15:48:07,766 [pool-37-thread-1] INFO  segmented.SegmentedRaftLogWorker (SegmentedRaftLogWorker.java:lambda$new$0(128)) - feaf5d54-1805-49ec-899f-945609733e38@group-CE75851C0F4B-SegmentedRaftLogWorker: flushIndex: setUnconditionally 0 -> -1
2019-10-24 15:48:07,767 [pool-59-thread-1] INFO  segmented.SegmentedRaftLogWorker (SegmentedRaftLogWorker.java:lambda$new$0(128)) - 84568b57-9d99-42dc-882b-eae65806f704@group-CE75851C0F4B-SegmentedRaftLogWorker: flushIndex: setUnconditionally 0 -> -1
2019-10-24 15:48:07,767 [pool-37-thread-1] INFO  server.RaftServerConfigKeys (ConfUtils.java:logGet(43)) - raft.server.snapshot.auto.trigger.enabled = true (custom)
2019-10-24 15:48:07,767 [pool-37-thread-1] INFO  server.RaftServerConfigKeys (ConfUtils.java:logGet(43)) - raft.server.snapshot.auto.trigger.threshold = 10000 (custom)
2019-10-24 15:48:07,767 [pool-59-thread-1] INFO  server.RaftServerConfigKeys (ConfUtils.java:logGet(43)) - raft.server.snapshot.auto.trigger.enabled = true (custom)
2019-10-24 15:48:07,767 [pool-27-thread-1] INFO  impl.RaftServerImpl (RaftServerImpl.java:start(195)) - 98e78e11-cb4b-48d0-b763-897efd13c9ec@group-CE75851C0F4B: start as a follower, conf=-1: [98e78e11-cb4b-48d0-b763-897efd13c9ec:192.168.164.213:39232, 84568b57-9d99-42dc-882b-eae65806f704:192.168.164.213:37329, feaf5d54-1805-49ec-899f-945609733e38:192.168.164.213:39911], old=null
2019-10-24 15:48:07,767 [pool-59-thread-1] INFO  server.RaftServerConfigKeys (ConfUtils.java:logGet(43)) - raft.server.snapshot.auto.trigger.threshold = 10000 (custom)
2019-10-24 15:48:07,767 [pool-37-thread-1] INFO  server.RaftServerConfigKeys (ConfUtils.java:logGet(43)) - raft.server.snapshot.retention.file.num = 5 (custom)
2019-10-24 15:48:07,767 [pool-59-thread-1] INFO  server.RaftServerConfigKeys (ConfUtils.java:logGet(43)) - raft.server.snapshot.retention.file.num = 5 (custom)
2019-10-24 15:48:07,767 [pool-27-thread-1] INFO  impl.RaftServerImpl (RaftServerImpl.java:setRole(184)) - 98e78e11-cb4b-48d0-b763-897efd13c9ec@group-CE75851C0F4B: changes role from      null to FOLLOWER at term 0 for startAsFollower
2019-10-24 15:48:07,768 [pool-59-thread-1] INFO  server.RaftServerConfigKeys (ConfUtils.java:logGet(43)) - raft.server.retrycache.expirytime = 600000ms (custom)
2019-10-24 15:48:07,767 [pool-37-thread-1] INFO  server.RaftServerConfigKeys (ConfUtils.java:logGet(43)) - raft.server.retrycache.expirytime = 600000ms (custom)
2019-10-24 15:48:07,768 [pool-27-thread-1] INFO  impl.RoleInfo (RoleInfo.java:updateAndGet(143)) - 98e78e11-cb4b-48d0-b763-897efd13c9ec: start FollowerState
2019-10-24 15:48:07,768 [pool-27-thread-1] INFO  util.JmxRegister (JmxRegister.java:tryRegister(44)) - Successfully registered JMX Bean with object name Ratis:service=RaftServer,group=group-CE75851C0F4B,id=98e78e11-cb4b-48d0-b763-897efd13c9ec
2019-10-24 15:48:07,768 [Thread-760] INFO  impl.FollowerState (FollowerState.java:run(108)) - 84568b57-9d99-42dc-882b-eae65806f704@group-05AC48DA6374-FollowerState: change to CANDIDATE, lastRpcTime:104ms, electionTimeout:104ms
2019-10-24 15:48:07,769 [Thread-760] INFO  impl.RoleInfo (RoleInfo.java:shutdownFollowerState(121)) - 84568b57-9d99-42dc-882b-eae65806f704: shutdown FollowerState
2019-10-24 15:48:07,769 [Thread-760] INFO  impl.RaftServerImpl (RaftServerImpl.java:setRole(184)) - 84568b57-9d99-42dc-882b-eae65806f704@group-05AC48DA6374: changes role from  FOLLOWER to CANDIDATE at term 33 for changeToCandidate
2019-10-24 15:48:07,769 [Thread-760] INFO  impl.RoleInfo (RoleInfo.java:updateAndGet(143)) - 84568b57-9d99-42dc-882b-eae65806f704: start LeaderElection
2019-10-24 15:48:07,772 [pool-59-thread-1] INFO  impl.RaftServerImpl (RaftServerImpl.java:start(195)) - 84568b57-9d99-42dc-882b-eae65806f704@group-CE75851C0F4B: start as a follower, conf=-1: [98e78e11-cb4b-48d0-b763-897efd13c9ec:192.168.164.213:39232, 84568b57-9d99-42dc-882b-eae65806f704:192.168.164.213:37329, feaf5d54-1805-49ec-899f-945609733e38:192.168.164.213:39911], old=null
2019-10-24 15:48:07,772 [pool-59-thread-1] INFO  impl.RaftServerImpl (RaftServerImpl.java:setRole(184)) - 84568b57-9d99-42dc-882b-eae65806f704@group-CE75851C0F4B: changes role from      null to FOLLOWER at term 0 for startAsFollower
2019-10-24 15:48:07,772 [pool-59-thread-1] INFO  impl.RoleInfo (RoleInfo.java:updateAndGet(143)) - 84568b57-9d99-42dc-882b-eae65806f704: start FollowerState
2019-10-24 15:48:07,772 [pool-59-thread-1] INFO  util.JmxRegister (JmxRegister.java:tryRegister(44)) - Successfully registered JMX Bean with object name Ratis:service=RaftServer,group=group-CE75851C0F4B,id=84568b57-9d99-42dc-882b-eae65806f704
2019-10-24 15:48:07,772 [pool-37-thread-1] INFO  impl.RaftServerImpl (RaftServerImpl.java:start(195)) - feaf5d54-1805-49ec-899f-945609733e38@group-CE75851C0F4B: start as a follower, conf=-1: [98e78e11-cb4b-48d0-b763-897efd13c9ec:192.168.164.213:39232, 84568b57-9d99-42dc-882b-eae65806f704:192.168.164.213:37329, feaf5d54-1805-49ec-899f-945609733e38:192.168.164.213:39911], old=null
2019-10-24 15:48:07,772 [pool-37-thread-1] INFO  impl.RaftServerImpl (RaftServerImpl.java:setRole(184)) - feaf5d54-1805-49ec-899f-945609733e38@group-CE75851C0F4B: changes role from      null to FOLLOWER at term 0 for startAsFollower
2019-10-24 15:48:07,773 [pool-37-thread-1] INFO  impl.RoleInfo (RoleInfo.java:updateAndGet(143)) - feaf5d54-1805-49ec-899f-945609733e38: start FollowerState
2019-10-24 15:48:07,773 [pool-37-thread-1] INFO  util.JmxRegister (JmxRegister.java:tryRegister(44)) - Successfully registered JMX Bean with object name Ratis:service=RaftServer,group=group-CE75851C0F4B,id=feaf5d54-1805-49ec-899f-945609733e38
2019-10-24 15:48:07,782 [84568b57-9d99-42dc-882b-eae65806f704@group-05AC48DA6374-LeaderElection34] INFO  impl.LeaderElection (LeaderElection.java:askForVotes(178)) - 84568b57-9d99-42dc-882b-eae65806f704@group-05AC48DA6374-LeaderElection34: begin an election at term 34 for 0: [98e78e11-cb4b-48d0-b763-897efd13c9ec:192.168.164.213:39232, 84568b57-9d99-42dc-882b-eae65806f704:192.168.164.213:37329, feaf5d54-1805-49ec-899f-945609733e38:192.168.164.213:39911], old=null
2019-10-24 15:48:07,783 [RatisPipelineUtilsThread] INFO  pipeline.PipelineStateManager (PipelineStateManager.java:addPipeline(56)) - Created pipeline Pipeline[ Id: 62a32309-43ce-4f9f-8e53-ce75851c0f4b, Nodes: feaf5d54-1805-49ec-899f-945609733e38{ip: 192.168.164.213, host: pr-hdds-2359-djbrp-462585948, networkLocation: /default-rack, certSerialId: null}84568b57-9d99-42dc-882b-eae65806f704{ip: 192.168.164.213, host: pr-hdds-2359-djbrp-462585948, networkLocation: /default-rack, certSerialId: null}98e78e11-cb4b-48d0-b763-897efd13c9ec{ip: 192.168.164.213, host: pr-hdds-2359-djbrp-462585948, networkLocation: /default-rack, certSerialId: null}, Type:RATIS, Factor:THREE, State:OPEN]
2019-10-24 15:48:07,785 [grpc-default-executor-6] INFO  impl.RaftServerImpl (RaftServerImpl.java:setRole(184)) - feaf5d54-1805-49ec-899f-945609733e38@group-05AC48DA6374: changes role from  FOLLOWER to FOLLOWER at term 34 for recognizeCandidate:84568b57-9d99-42dc-882b-eae65806f704
2019-10-24 15:48:07,785 [grpc-default-executor-6] INFO  impl.RoleInfo (RoleInfo.java:shutdownFollowerState(121)) - feaf5d54-1805-49ec-899f-945609733e38: shutdown FollowerState
2019-10-24 15:48:07,785 [grpc-default-executor-6] INFO  impl.RoleInfo (RoleInfo.java:updateAndGet(143)) - feaf5d54-1805-49ec-899f-945609733e38: start FollowerState
2019-10-24 15:48:07,785 [Thread-759] INFO  impl.FollowerState (FollowerState.java:run(117)) - feaf5d54-1805-49ec-899f-945609733e38@group-05AC48DA6374-FollowerState was interrupted: java.lang.InterruptedException: sleep interrupted
2019-10-24 15:48:07,786 [grpc-default-executor-2] INFO  impl.RaftServerImpl (RaftServerImpl.java:setRole(184)) - 98e78e11-cb4b-48d0-b763-897efd13c9ec@group-05AC48DA6374: changes role from  FOLLOWER to FOLLOWER at term 34 for recognizeCandidate:84568b57-9d99-42dc-882b-eae65806f704
2019-10-24 15:48:07,786 [grpc-default-executor-2] INFO  impl.RoleInfo (RoleInfo.java:shutdownFollowerState(121)) - 98e78e11-cb4b-48d0-b763-897efd13c9ec: shutdown FollowerState
2019-10-24 15:48:07,786 [Thread-758] INFO  impl.FollowerState (FollowerState.java:run(117)) - 98e78e11-cb4b-48d0-b763-897efd13c9ec@group-05AC48DA6374-FollowerState was interrupted: java.lang.InterruptedException: sleep interrupted
2019-10-24 15:48:07,786 [grpc-default-executor-2] INFO  impl.RoleInfo (RoleInfo.java:updateAndGet(143)) - 98e78e11-cb4b-48d0-b763-897efd13c9ec: start FollowerState
2019-10-24 15:48:07,787 [84568b57-9d99-42dc-882b-eae65806f704@group-05AC48DA6374-LeaderElection34] INFO  impl.LeaderElection (LeaderElection.java:logAndReturn(56)) - 84568b57-9d99-42dc-882b-eae65806f704@group-05AC48DA6374-LeaderElection34: Election TIMEOUT; received 0 response(s) [] and 0 exception(s); 84568b57-9d99-42dc-882b-eae65806f704@group-05AC48DA6374:t34, leader=null, voted=84568b57-9d99-42dc-882b-eae65806f704, raftlog=84568b57-9d99-42dc-882b-eae65806f704@group-05AC48DA6374-SegmentedRaftLog:OPENED:c3,f4,i4, conf=0: [98e78e11-cb4b-48d0-b763-897efd13c9ec:192.168.164.213:39232, 84568b57-9d99-42dc-882b-eae65806f704:192.168.164.213:37329, feaf5d54-1805-49ec-899f-945609733e38:192.168.164.213:39911], old=null
2019-10-24 15:48:07,794 [Thread-772] INFO  impl.FollowerState (FollowerState.java:run(108)) - 84568b57-9d99-42dc-882b-eae65806f704@group-CE75851C0F4B-FollowerState: change to CANDIDATE, lastRpcTime:22ms, electionTimeout:22ms
2019-10-24 15:48:07,795 [Thread-772] INFO  impl.RoleInfo (RoleInfo.java:shutdownFollowerState(121)) - 84568b57-9d99-42dc-882b-eae65806f704: shutdown FollowerState
2019-10-24 15:48:07,795 [Thread-772] INFO  impl.RaftServerImpl (RaftServerImpl.java:setRole(184)) - 84568b57-9d99-42dc-882b-eae65806f704@group-CE75851C0F4B: changes role from  FOLLOWER to CANDIDATE at term 0 for changeToCandidate
2019-10-24 15:48:07,795 [Thread-772] INFO  impl.RoleInfo (RoleInfo.java:updateAndGet(143)) - 84568b57-9d99-42dc-882b-eae65806f704: start LeaderElection
2019-10-24 15:48:07,797 [84568b57-9d99-42dc-882b-eae65806f704@group-05AC48DA6374-LeaderElection34] INFO  impl.LeaderElection (LeaderElection.java:askForVotes(178)) - 84568b57-9d99-42dc-882b-eae65806f704@group-05AC48DA6374-LeaderElection34: begin an election at term 35 for 0: [98e78e11-cb4b-48d0-b763-897efd13c9ec:192.168.164.213:39232, 84568b57-9d99-42dc-882b-eae65806f704:192.168.164.213:37329, feaf5d54-1805-49ec-899f-945609733e38:192.168.164.213:39911], old=null
2019-10-24 15:48:07,800 [grpc-default-executor-6] INFO  impl.RaftServerImpl (RaftServerImpl.java:setRole(184)) - 98e78e11-cb4b-48d0-b763-897efd13c9ec@group-05AC48DA6374: changes role from  FOLLOWER to FOLLOWER at term 35 for recognizeCandidate:84568b57-9d99-42dc-882b-eae65806f704
2019-10-24 15:48:07,800 [grpc-default-executor-6] INFO  impl.RoleInfo (RoleInfo.java:shutdownFollowerState(121)) - 98e78e11-cb4b-48d0-b763-897efd13c9ec: shutdown FollowerState
2019-10-24 15:48:07,800 [grpc-default-executor-2] INFO  impl.RaftServerImpl (RaftServerImpl.java:setRole(184)) - feaf5d54-1805-49ec-899f-945609733e38@group-05AC48DA6374: changes role from  FOLLOWER to FOLLOWER at term 35 for recognizeCandidate:84568b57-9d99-42dc-882b-eae65806f704
2019-10-24 15:48:07,800 [Thread-780] INFO  impl.FollowerState (FollowerState.java:run(117)) - 98e78e11-cb4b-48d0-b763-897efd13c9ec@group-05AC48DA6374-FollowerState was interrupted: java.lang.InterruptedException: sleep interrupted
2019-10-24 15:48:07,800 [grpc-default-executor-6] INFO  impl.RoleInfo (RoleInfo.java:updateAndGet(143)) - 98e78e11-cb4b-48d0-b763-897efd13c9ec: start FollowerState
2019-10-24 15:48:07,800 [grpc-default-executor-2] INFO  impl.RoleInfo (RoleInfo.java:shutdownFollowerState(121)) - feaf5d54-1805-49ec-899f-945609733e38: shutdown FollowerState
2019-10-24 15:48:07,801 [Thread-779] INFO  impl.FollowerState (FollowerState.java:run(117)) - feaf5d54-1805-49ec-899f-945609733e38@group-05AC48DA6374-FollowerState was interrupted: java.lang.InterruptedException: sleep interrupted
2019-10-24 15:48:07,801 [grpc-default-executor-2] INFO  impl.RoleInfo (RoleInfo.java:updateAndGet(143)) - feaf5d54-1805-49ec-899f-945609733e38: start FollowerState
2019-10-24 15:48:07,811 [Thread-774] INFO  impl.FollowerState (FollowerState.java:run(108)) - feaf5d54-1805-49ec-899f-945609733e38@group-CE75851C0F4B-FollowerState: change to CANDIDATE, lastRpcTime:38ms, electionTimeout:38ms
2019-10-24 15:48:07,811 [Thread-774] INFO  impl.RoleInfo (RoleInfo.java:shutdownFollowerState(121)) - feaf5d54-1805-49ec-899f-945609733e38: shutdown FollowerState
2019-10-24 15:48:07,812 [Thread-774] INFO  impl.RaftServerImpl (RaftServerImpl.java:setRole(184)) - feaf5d54-1805-49ec-899f-945609733e38@group-CE75851C0F4B: changes role from  FOLLOWER to CANDIDATE at term 0 for changeToCandidate
2019-10-24 15:48:07,812 [Thread-774] INFO  impl.RoleInfo (RoleInfo.java:updateAndGet(143)) - feaf5d54-1805-49ec-899f-945609733e38: start LeaderElection
2019-10-24 15:48:07,819 [feaf5d54-1805-49ec-899f-945609733e38@group-CE75851C0F4B-LeaderElection36] INFO  impl.LeaderElection (LeaderElection.java:askForVotes(178)) - feaf5d54-1805-49ec-899f-945609733e38@group-CE75851C0F4B-LeaderElection36: begin an election at term 1 for -1: [98e78e11-cb4b-48d0-b763-897efd13c9ec:192.168.164.213:39232, 84568b57-9d99-42dc-882b-eae65806f704:192.168.164.213:37329, feaf5d54-1805-49ec-899f-945609733e38:192.168.164.213:39911], old=null
2019-10-24 15:48:07,819 [84568b57-9d99-42dc-882b-eae65806f704@group-CE75851C0F4B-LeaderElection35] INFO  impl.LeaderElection (LeaderElection.java:askForVotes(178)) - 84568b57-9d99-42dc-882b-eae65806f704@group-CE75851C0F4B-LeaderElection35: begin an election at term 1 for -1: [98e78e11-cb4b-48d0-b763-897efd13c9ec:192.168.164.213:39232, 84568b57-9d99-42dc-882b-eae65806f704:192.168.164.213:37329, feaf5d54-1805-49ec-899f-945609733e38:192.168.164.213:39911], old=null
2019-10-24 15:48:07,820 [84568b57-9d99-42dc-882b-eae65806f704@group-05AC48DA6374-LeaderElection34] INFO  impl.LeaderElection (LeaderElection.java:logAndReturn(56)) - 84568b57-9d99-42dc-882b-eae65806f704@group-05AC48DA6374-LeaderElection34: Election REJECTED; received 2 response(s) [84568b57-9d99-42dc-882b-eae65806f704<-98e78e11-cb4b-48d0-b763-897efd13c9ec#0:FAIL-t35, 84568b57-9d99-42dc-882b-eae65806f704<-feaf5d54-1805-49ec-899f-945609733e38#0:FAIL-t35] and 0 exception(s); 84568b57-9d99-42dc-882b-eae65806f704@group-05AC48DA6374:t35, leader=null, voted=84568b57-9d99-42dc-882b-eae65806f704, raftlog=84568b57-9d99-42dc-882b-eae65806f704@group-05AC48DA6374-SegmentedRaftLog:OPENED:c3,f4,i4, conf=0: [98e78e11-cb4b-48d0-b763-897efd13c9ec:192.168.164.213:39232, 84568b57-9d99-42dc-882b-eae65806f704:192.168.164.213:37329, feaf5d54-1805-49ec-899f-945609733e38:192.168.164.213:39911], old=null
2019-10-24 15:48:07,822 [84568b57-9d99-42dc-882b-eae65806f704@group-05AC48DA6374-LeaderElection34] INFO  impl.RaftServerImpl (RaftServerImpl.java:setRole(184)) - 84568b57-9d99-42dc-882b-eae65806f704@group-05AC48DA6374: changes role from CANDIDATE to FOLLOWER at term 35 for DISCOVERED_A_NEW_TERM
2019-10-24 15:48:07,822 [84568b57-9d99-42dc-882b-eae65806f704@group-05AC48DA6374-LeaderElection34] INFO  impl.RoleInfo (RoleInfo.java:shutdownLeaderElection(134)) - 84568b57-9d99-42dc-882b-eae65806f704: shutdown LeaderElection
2019-10-24 15:48:07,822 [84568b57-9d99-42dc-882b-eae65806f704@group-05AC48DA6374-LeaderElection34] INFO  impl.RoleInfo (RoleInfo.java:updateAndGet(143)) - 84568b57-9d99-42dc-882b-eae65806f704: start FollowerState
2019-10-24 15:48:07,822 [Thread-762] INFO  impl.FollowerState (FollowerState.java:run(108)) - 84568b57-9d99-42dc-882b-eae65806f704@group-3250EDD25005-FollowerState: change to CANDIDATE, lastRpcTime:152ms, electionTimeout:152ms
2019-10-24 15:48:07,824 [Thread-762] INFO  impl.RoleInfo (RoleInfo.java:shutdownFollowerState(121)) - 84568b57-9d99-42dc-882b-eae65806f704: shutdown FollowerState
2019-10-24 15:48:07,824 [Thread-762] INFO  impl.RaftServerImpl (RaftServerImpl.java:setRole(184)) - 84568b57-9d99-42dc-882b-eae65806f704@group-3250EDD25005: changes role from  FOLLOWER to CANDIDATE at term 0 for changeToCandidate
2019-10-24 15:48:07,825 [Thread-762] INFO  impl.RoleInfo (RoleInfo.java:updateAndGet(143)) - 84568b57-9d99-42dc-882b-eae65806f704: start LeaderElection
2019-10-24 15:48:07,826 [grpc-default-executor-2] INFO  impl.RaftServerImpl (RaftServerImpl.java:setRole(184)) - 98e78e11-cb4b-48d0-b763-897efd13c9ec@group-CE75851C0F4B: changes role from  FOLLOWER to FOLLOWER at term 1 for recognizeCandidate:84568b57-9d99-42dc-882b-eae65806f704
2019-10-24 15:48:07,828 [grpc-default-executor-2] INFO  impl.RoleInfo (RoleInfo.java:shutdownFollowerState(121)) - 98e78e11-cb4b-48d0-b763-897efd13c9ec: shutdown FollowerState
2019-10-24 15:48:07,829 [Thread-770] INFO  impl.FollowerState (FollowerState.java:run(117)) - 98e78e11-cb4b-48d0-b763-897efd13c9ec@group-CE75851C0F4B-FollowerState was interrupted: java.lang.InterruptedException: sleep interrupted
2019-10-24 15:48:07,831 [grpc-default-executor-2] INFO  impl.RoleInfo (RoleInfo.java:updateAndGet(143)) - 98e78e11-cb4b-48d0-b763-897efd13c9ec: start FollowerState
2019-10-24 15:48:07,863 [84568b57-9d99-42dc-882b-eae65806f704@group-3250EDD25005-LeaderElection37] INFO  impl.LeaderElection (LeaderElection.java:askForVotes(178)) - 84568b57-9d99-42dc-882b-eae65806f704@group-3250EDD25005-LeaderElection37: begin an election at term 1 for -1: [84568b57-9d99-42dc-882b-eae65806f704:192.168.164.213:37329], old=null
2019-10-24 15:48:07,863 [Thread-793] INFO  impl.FollowerState (FollowerState.java:run(108)) - 98e78e11-cb4b-48d0-b763-897efd13c9ec@group-CE75851C0F4B-FollowerState: change to CANDIDATE, lastRpcTime:33ms, electionTimeout:11ms
2019-10-24 15:48:07,863 [84568b57-9d99-42dc-882b-eae65806f704@group-3250EDD25005-LeaderElection37] INFO  impl.RoleInfo (RoleInfo.java:shutdownLeaderElection(134)) - 84568b57-9d99-42dc-882b-eae65806f704: shutdown LeaderElection
2019-10-24 15:48:07,864 [Thread-793] INFO  impl.RoleInfo (RoleInfo.java:shutdownFollowerState(121)) - 98e78e11-cb4b-48d0-b763-897efd13c9ec: shutdown FollowerState
2019-10-24 15:48:07,864 [84568b57-9d99-42dc-882b-eae65806f704@group-3250EDD25005-LeaderElection37] INFO  impl.RaftServerImpl (RaftServerImpl.java:setRole(184)) - 84568b57-9d99-42dc-882b-eae65806f704@group-3250EDD25005: changes role from CANDIDATE to LEADER at term 1 for changeToLeader
2019-10-24 15:48:07,864 [Thread-793] INFO  impl.RaftServerImpl (RaftServerImpl.java:setRole(184)) - 98e78e11-cb4b-48d0-b763-897efd13c9ec@group-CE75851C0F4B: changes role from  FOLLOWER to CANDIDATE at term 1 for changeToCandidate
2019-10-24 15:48:07,864 [84568b57-9d99-42dc-882b-eae65806f704@group-3250EDD25005-LeaderElection37] INFO  impl.RaftServerImpl (ServerState.java:setLeader(256)) - 84568b57-9d99-42dc-882b-eae65806f704@group-3250EDD25005: change Leader from null to 84568b57-9d99-42dc-882b-eae65806f704 at term 1 for becomeLeader, leader elected after 203ms
2019-10-24 15:48:07,864 [Thread-793] INFO  impl.RoleInfo (RoleInfo.java:updateAndGet(143)) - 98e78e11-cb4b-48d0-b763-897efd13c9ec: start LeaderElection
2019-10-24 15:48:07,864 [84568b57-9d99-42dc-882b-eae65806f704@group-3250EDD25005-LeaderElection37] INFO  server.RaftServerConfigKeys (ConfUtils.java:logGet(43)) - raft.server.staging.catchup.gap = 1000 (default)
2019-10-24 15:48:07,864 [84568b57-9d99-42dc-882b-eae65806f704@group-CE75851C0F4B-LeaderElection35] INFO  impl.LeaderElection (LeaderElection.java:logAndReturn(56)) - 84568b57-9d99-42dc-882b-eae65806f704@group-CE75851C0F4B-LeaderElection35: Election PASSED; received 2 response(s) [84568b57-9d99-42dc-882b-eae65806f704<-98e78e11-cb4b-48d0-b763-897efd13c9ec#0:OK-t1, 84568b57-9d99-42dc-882b-eae65806f704<-feaf5d54-1805-49ec-899f-945609733e38#0:FAIL-t1] and 0 exception(s); 84568b57-9d99-42dc-882b-eae65806f704@group-CE75851C0F4B:t1, leader=null, voted=84568b57-9d99-42dc-882b-eae65806f704, raftlog=84568b57-9d99-42dc-882b-eae65806f704@group-CE75851C0F4B-SegmentedRaftLog:OPENED:c-1,f-1,i0, conf=-1: [98e78e11-cb4b-48d0-b763-897efd13c9ec:192.168.164.213:39232, 84568b57-9d99-42dc-882b-eae65806f704:192.168.164.213:37329, feaf5d54-1805-49ec-899f-945609733e38:192.168.164.213:39911], old=null
2019-10-24 15:48:07,864 [84568b57-9d99-42dc-882b-eae65806f704@group-3250EDD25005-LeaderElection37] INFO  server.RaftServerConfigKeys (ConfUtils.java:logGet(43)) - raft.server.rpc.sleep.time = 25ms (default)
2019-10-24 15:48:07,865 [84568b57-9d99-42dc-882b-eae65806f704@group-CE75851C0F4B-LeaderElection35] INFO  impl.RoleInfo (RoleInfo.java:shutdownLeaderElection(134)) - 84568b57-9d99-42dc-882b-eae65806f704: shutdown LeaderElection
2019-10-24 15:48:07,865 [84568b57-9d99-42dc-882b-eae65806f704@group-3250EDD25005-LeaderElection37] INFO  server.RaftServerConfigKeys (ConfUtils.java:logGet(43)) - raft.server.write.element-limit = 4096 (default)
2019-10-24 15:48:07,865 [84568b57-9d99-42dc-882b-eae65806f704@group-CE75851C0F4B-LeaderElection35] INFO  impl.RaftServerImpl (RaftServerImpl.java:setRole(184)) - 84568b57-9d99-42dc-882b-eae65806f704@group-CE75851C0F4B: changes role from CANDIDATE to LEADER at term 1 for changeToLeader
2019-10-24 15:48:07,865 [84568b57-9d99-42dc-882b-eae65806f704@group-3250EDD25005-LeaderElection37] INFO  server.RaftServerConfigKeys (ConfUtils.java:logGet(43)) - raft.server.watch.timeout = 10s (default)
2019-10-24 15:48:07,865 [84568b57-9d99-42dc-882b-eae65806f704@group-CE75851C0F4B-LeaderElection35] INFO  impl.RaftServerImpl (ServerState.java:setLeader(256)) - 84568b57-9d99-42dc-882b-eae65806f704@group-CE75851C0F4B: change Leader from null to 84568b57-9d99-42dc-882b-eae65806f704 at term 1 for becomeLeader, leader elected after 103ms
2019-10-24 15:48:07,865 [84568b57-9d99-42dc-882b-eae65806f704@group-3250EDD25005-LeaderElection37] INFO  server.RaftServerConfigKeys (ConfUtils.java:logGet(43)) - raft.server.watch.timeout.denomination = 1s (default)
2019-10-24 15:48:07,869 [84568b57-9d99-42dc-882b-eae65806f704@group-CE75851C0F4B-LeaderElection35] INFO  server.RaftServerConfigKeys (ConfUtils.java:logGet(43)) - raft.server.staging.catchup.gap = 1000 (default)
2019-10-24 15:48:07,869 [84568b57-9d99-42dc-882b-eae65806f704@group-3250EDD25005-LeaderElection37] INFO  server.RaftServerConfigKeys (ConfUtils.java:logGet(43)) - raft.server.watch.element-limit = 65536 (default)
2019-10-24 15:48:07,869 [84568b57-9d99-42dc-882b-eae65806f704@group-CE75851C0F4B-LeaderElection35] INFO  server.RaftServerConfigKeys (ConfUtils.java:logGet(43)) - raft.server.rpc.sleep.time = 25ms (default)
2019-10-24 15:48:07,869 [feaf5d54-1805-49ec-899f-945609733e38@group-CE75851C0F4B-LeaderElection36] INFO  impl.LeaderElection (LeaderElection.java:logAndReturn(56)) - feaf5d54-1805-49ec-899f-945609733e38@group-CE75851C0F4B-LeaderElection36: Election REJECTED; received 2 response(s) [feaf5d54-1805-49ec-899f-945609733e38<-98e78e11-cb4b-48d0-b763-897efd13c9ec#0:FAIL-t1, feaf5d54-1805-49ec-899f-945609733e38<-84568b57-9d99-42dc-882b-eae65806f704#0:FAIL-t1] and 0 exception(s); feaf5d54-1805-49ec-899f-945609733e38@group-CE75851C0F4B:t1, leader=null, voted=feaf5d54-1805-49ec-899f-945609733e38, raftlog=feaf5d54-1805-49ec-899f-945609733e38@group-CE75851C0F4B-SegmentedRaftLog:OPENED:c-1,f-1,i0, conf=-1: [98e78e11-cb4b-48d0-b763-897efd13c9ec:192.168.164.213:39232, 84568b57-9d99-42dc-882b-eae65806f704:192.168.164.213:37329, feaf5d54-1805-49ec-899f-945609733e38:192.168.164.213:39911], old=null
2019-10-24 15:48:07,870 [84568b57-9d99-42dc-882b-eae65806f704@group-CE75851C0F4B-LeaderElection35] INFO  server.RaftServerConfigKeys (ConfUtils.java:logGet(43)) - raft.server.write.element-limit = 4096 (default)
2019-10-24 15:48:07,870 [feaf5d54-1805-49ec-899f-945609733e38@group-CE75851C0F4B-LeaderElection36] INFO  impl.RaftServerImpl (RaftServerImpl.java:setRole(184)) - feaf5d54-1805-49ec-899f-945609733e38@group-CE75851C0F4B: changes role from CANDIDATE to FOLLOWER at term 1 for DISCOVERED_A_NEW_TERM
2019-10-24 15:48:07,870 [84568b57-9d99-42dc-882b-eae65806f704@group-CE75851C0F4B-LeaderElection35] INFO  server.RaftServerConfigKeys (ConfUtils.java:logGet(43)) - raft.server.watch.timeout = 10s (default)
2019-10-24 15:48:07,870 [feaf5d54-1805-49ec-899f-945609733e38@group-CE75851C0F4B-LeaderElection36] INFO  impl.RoleInfo (RoleInfo.java:shutdownLeaderElection(134)) - feaf5d54-1805-49ec-899f-945609733e38: shutdown LeaderElection
2019-10-24 15:48:07,870 [84568b57-9d99-42dc-882b-eae65806f704@group-CE75851C0F4B-LeaderElection35] INFO  server.RaftServerConfigKeys (ConfUtils.java:logGet(43)) - raft.server.watch.timeout.denomination = 1s (default)
2019-10-24 15:48:07,870 [84568b57-9d99-42dc-882b-eae65806f704@group-CE75851C0F4B-LeaderElection35] INFO  server.RaftServerConfigKeys (ConfUtils.java:logGet(43)) - raft.server.watch.element-limit = 65536 (default)
2019-10-24 15:48:07,870 [feaf5d54-1805-49ec-899f-945609733e38@group-CE75851C0F4B-LeaderElection36] INFO  impl.RoleInfo (RoleInfo.java:updateAndGet(143)) - feaf5d54-1805-49ec-899f-945609733e38: start FollowerState
2019-10-24 15:48:07,873 [84568b57-9d99-42dc-882b-eae65806f704@group-3250EDD25005-LeaderElection37] INFO  impl.RoleInfo (RoleInfo.java:updateAndGet(143)) - 84568b57-9d99-42dc-882b-eae65806f704: start LeaderState
2019-10-24 15:48:07,873 [84568b57-9d99-42dc-882b-eae65806f704@group-3250EDD25005-LeaderElection37] INFO  segmented.SegmentedRaftLogWorker (SegmentedRaftLogWorker.java:startLogSegment(385)) - 84568b57-9d99-42dc-882b-eae65806f704@group-3250EDD25005-SegmentedRaftLogWorker: Starting segment from index:0
2019-10-24 15:48:07,874 [84568b57-9d99-42dc-882b-eae65806f704@group-3250EDD25005-LeaderElection37] INFO  impl.RaftServerImpl (ServerState.java:setRaftConf(357)) - 84568b57-9d99-42dc-882b-eae65806f704@group-3250EDD25005: set configuration 0: [84568b57-9d99-42dc-882b-eae65806f704:192.168.164.213:37329], old=null at 0
2019-10-24 15:48:07,874 [84568b57-9d99-42dc-882b-eae65806f704@group-CE75851C0F4B-LeaderElection35] INFO  server.RaftServerConfigKeys (ConfUtils.java:logGet(43)) - raft.server.log.appender.snapshot.chunk.size.max = 16MB (=16777216) (default)
2019-10-24 15:48:07,875 [84568b57-9d99-42dc-882b-eae65806f704@group-CE75851C0F4B-LeaderElection35] INFO  server.RaftServerConfigKeys (ConfUtils.java:logGet(43)) - raft.server.log.appender.buffer.byte-limit = 33554432 (custom)
2019-10-24 15:48:07,875 [84568b57-9d99-42dc-882b-eae65806f704@group-CE75851C0F4B-LeaderElection35] INFO  server.RaftServerConfigKeys (ConfUtils.java:logGet(43)) - raft.server.log.appender.buffer.element-limit = 1 (custom)
2019-10-24 15:48:07,875 [84568b57-9d99-42dc-882b-eae65806f704@group-CE75851C0F4B-LeaderElection35] INFO  grpc.GrpcConfigKeys$Server (ConfUtils.java:logGet(43)) - raft.grpc.server.leader.outstanding.appends.max = 128 (default)
2019-10-24 15:48:07,875 [84568b57-9d99-42dc-882b-eae65806f704@group-CE75851C0F4B-LeaderElection35] INFO  server.RaftServerConfigKeys (ConfUtils.java:logGet(43)) - raft.server.rpc.request.timeout = 3000ms (default)
2019-10-24 15:48:07,875 [84568b57-9d99-42dc-882b-eae65806f704@group-CE75851C0F4B-LeaderElection35] INFO  server.RaftServerConfigKeys (ConfUtils.java:logGet(43)) - raft.server.log.appender.install.snapshot.enabled = false (custom)
2019-10-24 15:48:07,879 [84568b57-9d99-42dc-882b-eae65806f704@group-CE75851C0F4B-LeaderElection35] INFO  server.RaftServerConfigKeys (ConfUtils.java:logGet(43)) - raft.server.log.appender.snapshot.chunk.size.max = 16MB (=16777216) (default)
2019-10-24 15:48:07,879 [84568b57-9d99-42dc-882b-eae65806f704@group-CE75851C0F4B-LeaderElection35] INFO  server.RaftServerConfigKeys (ConfUtils.java:logGet(43)) - raft.server.log.appender.buffer.byte-limit = 33554432 (custom)
2019-10-24 15:48:07,879 [84568b57-9d99-42dc-882b-eae65806f704@group-CE75851C0F4B-LeaderElection35] INFO  server.RaftServerConfigKeys (ConfUtils.java:logGet(43)) - raft.server.log.appender.buffer.element-limit = 1 (custom)
2019-10-24 15:48:07,879 [84568b57-9d99-42dc-882b-eae65806f704@group-CE75851C0F4B-LeaderElection35] INFO  grpc.GrpcConfigKeys$Server (ConfUtils.java:logGet(43)) - raft.grpc.server.leader.outstanding.appends.max = 128 (default)
2019-10-24 15:48:07,880 [84568b57-9d99-42dc-882b-eae65806f704@group-CE75851C0F4B-LeaderElection35] INFO  server.RaftServerConfigKeys (ConfUtils.java:logGet(43)) - raft.server.rpc.request.timeout = 3000ms (default)
2019-10-24 15:48:07,880 [84568b57-9d99-42dc-882b-eae65806f704@group-CE75851C0F4B-LeaderElection35] INFO  server.RaftServerConfigKeys (ConfUtils.java:logGet(43)) - raft.server.log.appender.install.snapshot.enabled = false (custom)
2019-10-24 15:48:07,881 [98e78e11-cb4b-48d0-b763-897efd13c9ec@group-CE75851C0F4B-LeaderElection38] INFO  impl.LeaderElection (LeaderElection.java:askForVotes(178)) - 98e78e11-cb4b-48d0-b763-897efd13c9ec@group-CE75851C0F4B-LeaderElection38: begin an election at term 2 for -1: [98e78e11-cb4b-48d0-b763-897efd13c9ec:192.168.164.213:39232, 84568b57-9d99-42dc-882b-eae65806f704:192.168.164.213:37329, feaf5d54-1805-49ec-899f-945609733e38:192.168.164.213:39911], old=null
2019-10-24 15:48:07,918 [BlockDeletingService#2] WARN  background.BlockDeletingService (BlockDeletingService.java:isDeletionAllowed(187)) - Close Container log Index 6 is not replicated across allthe servers in the pipeline a9fb5832-a8b6-4e39-9ab2-05ac48da6374 as the min replicated index is 4. Deletion is not allowed in this container yet.
2019-10-24 15:48:07,918 [EventQueue-PendingDeleteStatusForPendingDeleteHandler] INFO  block.SCMBlockDeletingService (SCMBlockDeletingService.java:handlePendingDeletes(115)) - Block deletion txnID mismatch in datanode 84568b57-9d99-42dc-882b-eae65806f704 for containerID 1. Datanode delete txnID: 0, SCM txnID: 1
2019-10-24 15:48:07,918 [BlockDeletingService#6] WARN  background.BlockDeletingService (BlockDeletingService.java:isDeletionAllowed(187)) - Close Container log Index 6 is not replicated across allthe servers in the pipeline a9fb5832-a8b6-4e39-9ab2-05ac48da6374 as the min replicated index is 4. Deletion is not allowed in this container yet.
2019-10-24 15:48:07,921 [84568b57-9d99-42dc-882b-eae65806f704@group-CE75851C0F4B-LeaderElection35] INFO  impl.RoleInfo (RoleInfo.java:updateAndGet(143)) - 84568b57-9d99-42dc-882b-eae65806f704: start LeaderState
2019-10-24 15:48:07,922 [84568b57-9d99-42dc-882b-eae65806f704@group-CE75851C0F4B-LeaderElection35] INFO  segmented.SegmentedRaftLogWorker (SegmentedRaftLogWorker.java:startLogSegment(385)) - 84568b57-9d99-42dc-882b-eae65806f704@group-CE75851C0F4B-SegmentedRaftLogWorker: Starting segment from index:0
2019-10-24 15:48:07,923 [84568b57-9d99-42dc-882b-eae65806f704@group-CE75851C0F4B-LeaderElection35] INFO  impl.RaftServerImpl (ServerState.java:setRaftConf(357)) - 84568b57-9d99-42dc-882b-eae65806f704@group-CE75851C0F4B: set configuration 0: [98e78e11-cb4b-48d0-b763-897efd13c9ec:192.168.164.213:39232, 84568b57-9d99-42dc-882b-eae65806f704:192.168.164.213:37329, feaf5d54-1805-49ec-899f-945609733e38:192.168.164.213:39911], old=null at 0
2019-10-24 15:48:07,923 [grpc-default-executor-2] INFO  impl.RaftServerImpl (ServerState.java:setLeader(256)) - 84568b57-9d99-42dc-882b-eae65806f704@group-CE75851C0F4B: change Leader from 84568b57-9d99-42dc-882b-eae65806f704 to null at term 2 for updateCurrentTerm
2019-10-24 15:48:07,923 [grpc-default-executor-2] INFO  impl.RaftServerImpl (RaftServerImpl.java:setRole(184)) - 84568b57-9d99-42dc-882b-eae65806f704@group-CE75851C0F4B: changes role from    LEADER to FOLLOWER at term 2 for recognizeCandidate:98e78e11-cb4b-48d0-b763-897efd13c9ec
2019-10-24 15:48:07,924 [grpc-default-executor-6] INFO  impl.RaftServerImpl (RaftServerImpl.java:setRole(184)) - feaf5d54-1805-49ec-899f-945609733e38@group-CE75851C0F4B: changes role from  FOLLOWER to FOLLOWER at term 2 for recognizeCandidate:98e78e11-cb4b-48d0-b763-897efd13c9ec
2019-10-24 15:48:07,924 [grpc-default-executor-2] INFO  impl.RoleInfo (RoleInfo.java:shutdownLeaderState(104)) - 84568b57-9d99-42dc-882b-eae65806f704: shutdown LeaderState
2019-10-24 15:48:07,924 [grpc-default-executor-6] INFO  impl.RoleInfo (RoleInfo.java:shutdownFollowerState(121)) - feaf5d54-1805-49ec-899f-945609733e38: shutdown FollowerState
2019-10-24 15:48:07,950 [98e78e11-cb4b-48d0-b763-897efd13c9ec@group-CE75851C0F4B-LeaderElection38] INFO  impl.LeaderElection (LeaderElection.java:logAndReturn(56)) - 98e78e11-cb4b-48d0-b763-897efd13c9ec@group-CE75851C0F4B-LeaderElection38: Election TIMEOUT; received 0 response(s) [] and 0 exception(s); 98e78e11-cb4b-48d0-b763-897efd13c9ec@group-CE75851C0F4B:t2, leader=null, voted=98e78e11-cb4b-48d0-b763-897efd13c9ec, raftlog=98e78e11-cb4b-48d0-b763-897efd13c9ec@group-CE75851C0F4B-SegmentedRaftLog:OPENED:c-1,f-1,i0, conf=-1: [98e78e11-cb4b-48d0-b763-897efd13c9ec:192.168.164.213:39232, 84568b57-9d99-42dc-882b-eae65806f704:192.168.164.213:37329, feaf5d54-1805-49ec-899f-945609733e38:192.168.164.213:39911], old=null
2019-10-24 15:48:07,950 [84568b57-9d99-42dc-882b-eae65806f704@group-3250EDD25005-SegmentedRaftLogWorker] INFO  segmented.SegmentedRaftLogWorker (SegmentedRaftLogWorker.java:execute(576)) - 84568b57-9d99-42dc-882b-eae65806f704@group-3250EDD25005-SegmentedRaftLogWorker: created new log segment /workdir/hadoop-ozone/integration-test/target/test-dir/MiniOzoneClusterImpl-cea207ca-acd6-4eb2-aab4-e348648d9a8e/datanode-2/data/ratis/bc31e83d-d2b6-4c9f-86b3-3250edd25005/current/log_inprogress_0
2019-10-24 15:48:07,951 [grpc-default-executor-6] INFO  impl.RoleInfo (RoleInfo.java:updateAndGet(143)) - feaf5d54-1805-49ec-899f-945609733e38: start FollowerState
2019-10-24 15:48:07,950 [Thread-797] INFO  impl.FollowerState (FollowerState.java:run(117)) - feaf5d54-1805-49ec-899f-945609733e38@group-CE75851C0F4B-FollowerState was interrupted: java.lang.InterruptedException: sleep interrupted
2019-10-24 15:48:07,959 [grpc-default-executor-2] INFO  impl.PendingRequests (PendingRequests.java:sendNotLeaderResponses(202)) - 84568b57-9d99-42dc-882b-eae65806f704@group-CE75851C0F4B-PendingRequests: sendNotLeaderResponses
2019-10-24 15:48:07,960 [org.apache.ratis.server.impl.LogAppender$AppenderDaemon$$Lambda$430/1486398556@18fda0e4] WARN  server.GrpcLogAppender (GrpcLogAppender.java:mayWait(149)) - 84568b57-9d99-42dc-882b-eae65806f704@group-CE75851C0F4B->98e78e11-cb4b-48d0-b763-897efd13c9ec-GrpcLogAppender: Wait interrupted by java.lang.InterruptedException
2019-10-24 15:48:07,959 [org.apache.ratis.server.impl.LogAppender$AppenderDaemon$$Lambda$430/1486398556@29af3aa3] WARN  server.GrpcLogAppender (GrpcLogAppender.java:mayWait(149)) - 84568b57-9d99-42dc-882b-eae65806f704@group-CE75851C0F4B->feaf5d54-1805-49ec-899f-945609733e38-GrpcLogAppender: Wait interrupted by java.lang.InterruptedException
2019-10-24 15:48:07,960 [grpc-default-executor-2] INFO  impl.RoleInfo (RoleInfo.java:updateAndGet(143)) - 84568b57-9d99-42dc-882b-eae65806f704: start FollowerState
2019-10-24 15:48:07,963 [98e78e11-cb4b-48d0-b763-897efd13c9ec@group-CE75851C0F4B-LeaderElection38] INFO  impl.LeaderElection (LeaderElection.java:askForVotes(178)) - 98e78e11-cb4b-48d0-b763-897efd13c9ec@group-CE75851C0F4B-LeaderElection38: begin an election at term 3 for -1: [98e78e11-cb4b-48d0-b763-897efd13c9ec:192.168.164.213:39232, 84568b57-9d99-42dc-882b-eae65806f704:192.168.164.213:37329, feaf5d54-1805-49ec-899f-945609733e38:192.168.164.213:39911], old=null
2019-10-24 15:48:07,963 [grpc-default-executor-5] INFO  server.GrpcServerProtocolService (GrpcServerProtocolService.java:onCompleted(113)) - 98e78e11-cb4b-48d0-b763-897efd13c9ec: Completed APPEND_ENTRIES, lastRequest: 84568b57-9d99-42dc-882b-eae65806f704->98e78e11-cb4b-48d0-b763-897efd13c9ec#0-t1, previous=(t:0, i:0), leaderCommit=-1, initializing? false, entries: <empty>
2019-10-24 15:48:07,963 [grpc-default-executor-0] INFO  server.GrpcServerProtocolService (GrpcServerProtocolService.java:onCompleted(113)) - feaf5d54-1805-49ec-899f-945609733e38: Completed APPEND_ENTRIES, lastRequest: 84568b57-9d99-42dc-882b-eae65806f704->feaf5d54-1805-49ec-899f-945609733e38#0-t1, previous=(t:0, i:0), leaderCommit=-1, initializing? false, entries: <empty>
2019-10-24 15:48:07,963 [84568b57-9d99-42dc-882b-eae65806f704@group-CE75851C0F4B-SegmentedRaftLogWorker] INFO  segmented.SegmentedRaftLogWorker (SegmentedRaftLogWorker.java:execute(576)) - 84568b57-9d99-42dc-882b-eae65806f704@group-CE75851C0F4B-SegmentedRaftLogWorker: created new log segment /workdir/hadoop-ozone/integration-test/target/test-dir/MiniOzoneClusterImpl-cea207ca-acd6-4eb2-aab4-e348648d9a8e/datanode-2/data/ratis/62a32309-43ce-4f9f-8e53-ce75851c0f4b/current/log_inprogress_0
2019-10-24 15:48:07,972 [grpc-default-executor-4] INFO  impl.RaftServerImpl (RaftServerImpl.java:setRole(184)) - feaf5d54-1805-49ec-899f-945609733e38@group-CE75851C0F4B: changes role from  FOLLOWER to FOLLOWER at term 3 for recognizeCandidate:98e78e11-cb4b-48d0-b763-897efd13c9ec
2019-10-24 15:48:07,972 [grpc-default-executor-4] INFO  impl.RoleInfo (RoleInfo.java:shutdownFollowerState(121)) - feaf5d54-1805-49ec-899f-945609733e38: shutdown FollowerState
2019-10-24 15:48:07,972 [grpc-default-executor-4] INFO  impl.RoleInfo (RoleInfo.java:updateAndGet(143)) - feaf5d54-1805-49ec-899f-945609733e38: start FollowerState
2019-10-24 15:48:07,973 [Thread-804] INFO  impl.FollowerState (FollowerState.java:run(117)) - feaf5d54-1805-49ec-899f-945609733e38@group-CE75851C0F4B-FollowerState was interrupted: java.lang.InterruptedException: sleep interrupted
2019-10-24 15:48:07,984 [grpc-default-executor-5] INFO  impl.RaftServerImpl (RaftServerImpl.java:setRole(184)) - 84568b57-9d99-42dc-882b-eae65806f704@group-CE75851C0F4B: changes role from  FOLLOWER to FOLLOWER at term 3 for recognizeCandidate:98e78e11-cb4b-48d0-b763-897efd13c9ec
2019-10-24 15:48:07,984 [grpc-default-executor-5] INFO  impl.RoleInfo (RoleInfo.java:shutdownFollowerState(121)) - 84568b57-9d99-42dc-882b-eae65806f704: shutdown FollowerState
2019-10-24 15:48:07,985 [grpc-default-executor-5] INFO  impl.RoleInfo (RoleInfo.java:updateAndGet(143)) - 84568b57-9d99-42dc-882b-eae65806f704: start FollowerState
2019-10-24 15:48:07,985 [Thread-807] INFO  impl.FollowerState (FollowerState.java:run(117)) - 84568b57-9d99-42dc-882b-eae65806f704@group-CE75851C0F4B-FollowerState was interrupted: java.lang.InterruptedException: sleep interrupted
2019-10-24 15:48:07,989 [98e78e11-cb4b-48d0-b763-897efd13c9ec@group-CE75851C0F4B-LeaderElection38] INFO  impl.LeaderElection (LeaderElection.java:logAndReturn(56)) - 98e78e11-cb4b-48d0-b763-897efd13c9ec@group-CE75851C0F4B-LeaderElection38: Election PASSED; received 1 response(s) [98e78e11-cb4b-48d0-b763-897efd13c9ec<-feaf5d54-1805-49ec-899f-945609733e38#0:OK-t3] and 0 exception(s); 98e78e11-cb4b-48d0-b763-897efd13c9ec@group-CE75851C0F4B:t3, leader=null, voted=98e78e11-cb4b-48d0-b763-897efd13c9ec, raftlog=98e78e11-cb4b-48d0-b763-897efd13c9ec@group-CE75851C0F4B-SegmentedRaftLog:OPENED:c-1,f-1,i0, conf=-1: [98e78e11-cb4b-48d0-b763-897efd13c9ec:192.168.164.213:39232, 84568b57-9d99-42dc-882b-eae65806f704:192.168.164.213:37329, feaf5d54-1805-49ec-899f-945609733e38:192.168.164.213:39911], old=null
2019-10-24 15:48:07,989 [98e78e11-cb4b-48d0-b763-897efd13c9ec@group-CE75851C0F4B-LeaderElection38] INFO  impl.RoleInfo (RoleInfo.java:shutdownLeaderElection(134)) - 98e78e11-cb4b-48d0-b763-897efd13c9ec: shutdown LeaderElection
2019-10-24 15:48:07,990 [98e78e11-cb4b-48d0-b763-897efd13c9ec@group-CE75851C0F4B-LeaderElection38] INFO  impl.RaftServerImpl (RaftServerImpl.java:setRole(184)) - 98e78e11-cb4b-48d0-b763-897efd13c9ec@group-CE75851C0F4B: changes role from CANDIDATE to LEADER at term 3 for changeToLeader
2019-10-24 15:48:07,990 [98e78e11-cb4b-48d0-b763-897efd13c9ec@group-CE75851C0F4B-LeaderElection38] INFO  impl.RaftServerImpl (ServerState.java:setLeader(256)) - 98e78e11-cb4b-48d0-b763-897efd13c9ec@group-CE75851C0F4B: change Leader from null to 98e78e11-cb4b-48d0-b763-897efd13c9ec at term 3 for becomeLeader, leader elected after 228ms
2019-10-24 15:48:07,990 [98e78e11-cb4b-48d0-b763-897efd13c9ec@group-CE75851C0F4B-LeaderElection38] INFO  server.RaftServerConfigKeys (ConfUtils.java:logGet(43)) - raft.server.staging.catchup.gap = 1000 (default)
2019-10-24 15:48:07,990 [98e78e11-cb4b-48d0-b763-897efd13c9ec@group-CE75851C0F4B-LeaderElection38] INFO  server.RaftServerConfigKeys (ConfUtils.java:logGet(43)) - raft.server.rpc.sleep.time = 25ms (default)
2019-10-24 15:48:07,990 [98e78e11-cb4b-48d0-b763-897efd13c9ec@group-CE75851C0F4B-LeaderElection38] INFO  server.RaftServerConfigKeys (ConfUtils.java:logGet(43)) - raft.server.write.element-limit = 4096 (default)
2019-10-24 15:48:07,990 [98e78e11-cb4b-48d0-b763-897efd13c9ec@group-CE75851C0F4B-LeaderElection38] INFO  server.RaftServerConfigKeys (ConfUtils.java:logGet(43)) - raft.server.watch.timeout = 10s (default)
2019-10-24 15:48:07,990 [98e78e11-cb4b-48d0-b763-897efd13c9ec@group-CE75851C0F4B-LeaderElection38] INFO  server.RaftServerConfigKeys (ConfUtils.java:logGet(43)) - raft.server.watch.timeout.denomination = 1s (default)
2019-10-24 15:48:07,990 [98e78e11-cb4b-48d0-b763-897efd13c9ec@group-CE75851C0F4B-LeaderElection38] INFO  server.RaftServerConfigKeys (ConfUtils.java:logGet(43)) - raft.server.watch.element-limit = 65536 (default)
2019-10-24 15:48:07,993 [98e78e11-cb4b-48d0-b763-897efd13c9ec@group-CE75851C0F4B-LeaderElection38] INFO  server.RaftServerConfigKeys (ConfUtils.java:logGet(43)) - raft.server.log.appender.snapshot.chunk.size.max = 16MB (=16777216) (default)
2019-10-24 15:48:07,993 [98e78e11-cb4b-48d0-b763-897efd13c9ec@group-CE75851C0F4B-LeaderElection38] INFO  server.RaftServerConfigKeys (ConfUtils.java:logGet(43)) - raft.server.log.appender.buffer.byte-limit = 33554432 (custom)
2019-10-24 15:48:07,993 [98e78e11-cb4b-48d0-b763-897efd13c9ec@group-CE75851C0F4B-LeaderElection38] INFO  server.RaftServerConfigKeys (ConfUtils.java:logGet(43)) - raft.server.log.appender.buffer.element-limit = 1 (custom)
2019-10-24 15:48:07,993 [98e78e11-cb4b-48d0-b763-897efd13c9ec@group-CE75851C0F4B-LeaderElection38] INFO  grpc.GrpcConfigKeys$Server (ConfUtils.java:logGet(43)) - raft.grpc.server.leader.outstanding.appends.max = 128 (default)
2019-10-24 15:48:07,993 [98e78e11-cb4b-48d0-b763-897efd13c9ec@group-CE75851C0F4B-LeaderElection38] INFO  server.RaftServerConfigKeys (ConfUtils.java:logGet(43)) - raft.server.rpc.request.timeout = 3000ms (default)
2019-10-24 15:48:07,993 [98e78e11-cb4b-48d0-b763-897efd13c9ec@group-CE75851C0F4B-LeaderElection38] INFO  server.RaftServerConfigKeys (ConfUtils.java:logGet(43)) - raft.server.log.appender.install.snapshot.enabled = false (custom)
2019-10-24 15:48:07,995 [98e78e11-cb4b-48d0-b763-897efd13c9ec@group-CE75851C0F4B-LeaderElection38] INFO  server.RaftServerConfigKeys (ConfUtils.java:logGet(43)) - raft.server.log.appender.snapshot.chunk.size.max = 16MB (=16777216) (default)
2019-10-24 15:48:07,995 [98e78e11-cb4b-48d0-b763-897efd13c9ec@group-CE75851C0F4B-LeaderElection38] INFO  server.RaftServerConfigKeys (ConfUtils.java:logGet(43)) - raft.server.log.appender.buffer.byte-limit = 33554432 (custom)
2019-10-24 15:48:07,996 [98e78e11-cb4b-48d0-b763-897efd13c9ec@group-CE75851C0F4B-LeaderElection38] INFO  server.RaftServerConfigKeys (ConfUtils.java:logGet(43)) - raft.server.log.appender.buffer.element-limit = 1 (custom)
2019-10-24 15:48:07,996 [98e78e11-cb4b-48d0-b763-897efd13c9ec@group-CE75851C0F4B-LeaderElection38] INFO  grpc.GrpcConfigKeys$Server (ConfUtils.java:logGet(43)) - raft.grpc.server.leader.outstanding.appends.max = 128 (default)
2019-10-24 15:48:07,996 [98e78e11-cb4b-48d0-b763-897efd13c9ec@group-CE75851C0F4B-LeaderElection38] INFO  server.RaftServerConfigKeys (ConfUtils.java:logGet(43)) - raft.server.rpc.request.timeout = 3000ms (default)
2019-10-24 15:48:07,996 [98e78e11-cb4b-48d0-b763-897efd13c9ec@group-CE75851C0F4B-LeaderElection38] INFO  server.RaftServerConfigKeys (ConfUtils.java:logGet(43)) - raft.server.log.appender.install.snapshot.enabled = false (custom)
2019-10-24 15:48:07,997 [Thread-810] INFO  impl.FollowerState (FollowerState.java:run(108)) - feaf5d54-1805-49ec-899f-945609733e38@group-CE75851C0F4B-FollowerState: change to CANDIDATE, lastRpcTime:24ms, electionTimeout:24ms
2019-10-24 15:48:07,997 [Thread-810] INFO  impl.RoleInfo (RoleInfo.java:shutdownFollowerState(121)) - feaf5d54-1805-49ec-899f-945609733e38: shutdown FollowerState
2019-10-24 15:48:07,997 [Thread-810] INFO  impl.RaftServerImpl (RaftServerImpl.java:setRole(184)) - feaf5d54-1805-49ec-899f-945609733e38@group-CE75851C0F4B: changes role from  FOLLOWER to CANDIDATE at term 3 for changeToCandidate
2019-10-24 15:48:07,997 [Thread-810] INFO  impl.RoleInfo (RoleInfo.java:updateAndGet(143)) - feaf5d54-1805-49ec-899f-945609733e38: start LeaderElection
2019-10-24 15:48:07,998 [98e78e11-cb4b-48d0-b763-897efd13c9ec@group-CE75851C0F4B-LeaderElection38] INFO  impl.RoleInfo (RoleInfo.java:updateAndGet(143)) - 98e78e11-cb4b-48d0-b763-897efd13c9ec: start LeaderState
2019-10-24 15:48:07,998 [98e78e11-cb4b-48d0-b763-897efd13c9ec@group-CE75851C0F4B-LeaderElection38] INFO  segmented.SegmentedRaftLogWorker (SegmentedRaftLogWorker.java:startLogSegment(385)) - 98e78e11-cb4b-48d0-b763-897efd13c9ec@group-CE75851C0F4B-SegmentedRaftLogWorker: Starting segment from index:0
2019-10-24 15:48:07,999 [98e78e11-cb4b-48d0-b763-897efd13c9ec@group-CE75851C0F4B-LeaderElection38] INFO  impl.RaftServerImpl (ServerState.java:setRaftConf(357)) - 98e78e11-cb4b-48d0-b763-897efd13c9ec@group-CE75851C0F4B: set configuration 0: [98e78e11-cb4b-48d0-b763-897efd13c9ec:192.168.164.213:39232, 84568b57-9d99-42dc-882b-eae65806f704:192.168.164.213:37329, feaf5d54-1805-49ec-899f-945609733e38:192.168.164.213:39911], old=null at 0
2019-10-24 15:48:08,005 [Thread-791] INFO  impl.FollowerState (FollowerState.java:run(108)) - 84568b57-9d99-42dc-882b-eae65806f704@group-05AC48DA6374-FollowerState: change to CANDIDATE, lastRpcTime:182ms, electionTimeout:181ms
2019-10-24 15:48:08,005 [Thread-791] INFO  impl.RoleInfo (RoleInfo.java:shutdownFollowerState(121)) - 84568b57-9d99-42dc-882b-eae65806f704: shutdown FollowerState
2019-10-24 15:48:08,005 [Thread-791] INFO  impl.RaftServerImpl (RaftServerImpl.java:setRole(184)) - 84568b57-9d99-42dc-882b-eae65806f704@group-05AC48DA6374: changes role from  FOLLOWER to CANDIDATE at term 35 for changeToCandidate
2019-10-24 15:48:08,005 [Thread-791] INFO  impl.RoleInfo (RoleInfo.java:updateAndGet(143)) - 84568b57-9d99-42dc-882b-eae65806f704: start LeaderElection
2019-10-24 15:48:08,012 [feaf5d54-1805-49ec-899f-945609733e38@group-CE75851C0F4B-LeaderElection39] INFO  impl.LeaderElection (LeaderElection.java:askForVotes(178)) - feaf5d54-1805-49ec-899f-945609733e38@group-CE75851C0F4B-LeaderElection39: begin an election at term 4 for -1: [98e78e11-cb4b-48d0-b763-897efd13c9ec:192.168.164.213:39232, 84568b57-9d99-42dc-882b-eae65806f704:192.168.164.213:37329, feaf5d54-1805-49ec-899f-945609733e38:192.168.164.213:39911], old=null
2019-10-24 15:48:08,012 [grpc-default-executor-0] INFO  server.GrpcLogAppender (GrpcLogAppender.java:onCompleted(308)) - 84568b57-9d99-42dc-882b-eae65806f704@group-CE75851C0F4B->98e78e11-cb4b-48d0-b763-897efd13c9ec-AppendLogResponseHandler: follower responses appendEntries COMPLETED
2019-10-24 15:48:08,030 [grpc-default-executor-6] INFO  server.GrpcLogAppender (GrpcLogAppender.java:onCompleted(308)) - 84568b57-9d99-42dc-882b-eae65806f704@group-CE75851C0F4B->feaf5d54-1805-49ec-899f-945609733e38-AppendLogResponseHandler: follower responses appendEntries COMPLETED
2019-10-24 15:48:08,030 [84568b57-9d99-42dc-882b-eae65806f704@group-05AC48DA6374-LeaderElection40] INFO  impl.LeaderElection (LeaderElection.java:askForVotes(178)) - 84568b57-9d99-42dc-882b-eae65806f704@group-05AC48DA6374-LeaderElection40: begin an election at term 36 for 0: [98e78e11-cb4b-48d0-b763-897efd13c9ec:192.168.164.213:39232, 84568b57-9d99-42dc-882b-eae65806f704:192.168.164.213:37329, feaf5d54-1805-49ec-899f-945609733e38:192.168.164.213:39911], old=null
2019-10-24 15:48:08,030 [grpc-default-executor-4] INFO  impl.RaftServerImpl (ServerState.java:setLeader(256)) - 84568b57-9d99-42dc-882b-eae65806f704@group-CE75851C0F4B: change Leader from null to 98e78e11-cb4b-48d0-b763-897efd13c9ec at term 3 for appendEntries, leader elected after 106ms
2019-10-24 15:48:08,030 [grpc-default-executor-0] INFO  impl.FollowerInfo (FollowerInfo.java:lambda$new$0(51)) - 84568b57-9d99-42dc-882b-eae65806f704@group-CE75851C0F4B->98e78e11-cb4b-48d0-b763-897efd13c9ec: nextIndex: updateUnconditionally 0 -> 0
2019-10-24 15:48:08,031 [grpc-default-executor-6] INFO  impl.FollowerInfo (FollowerInfo.java:lambda$new$0(51)) - 84568b57-9d99-42dc-882b-eae65806f704@group-CE75851C0F4B->feaf5d54-1805-49ec-899f-945609733e38: nextIndex: updateUnconditionally 0 -> 0
2019-10-24 15:48:08,031 [Thread-812] INFO  impl.RaftServerImpl (ServerState.java:setLeader(256)) - 98e78e11-cb4b-48d0-b763-897efd13c9ec@group-CE75851C0F4B: change Leader from 98e78e11-cb4b-48d0-b763-897efd13c9ec to null at term 4 for updateCurrentTerm
2019-10-24 15:48:08,032 [Thread-812] INFO  impl.RaftServerImpl (RaftServerImpl.java:setRole(184)) - 98e78e11-cb4b-48d0-b763-897efd13c9ec@group-CE75851C0F4B: changes role from    LEADER to FOLLOWER at term 4 for stepDown
2019-10-24 15:48:08,033 [98e78e11-cb4b-48d0-b763-897efd13c9ec@group-CE75851C0F4B-SegmentedRaftLogWorker] INFO  segmented.SegmentedRaftLogWorker (SegmentedRaftLogWorker.java:execute(576)) - 98e78e11-cb4b-48d0-b763-897efd13c9ec@group-CE75851C0F4B-SegmentedRaftLogWorker: created new log segment /workdir/hadoop-ozone/integration-test/target/test-dir/MiniOzoneClusterImpl-cea207ca-acd6-4eb2-aab4-e348648d9a8e/datanode-0/data/ratis/62a32309-43ce-4f9f-8e53-ce75851c0f4b/current/log_inprogress_0
2019-10-24 15:48:08,033 [Thread-812] INFO  impl.RoleInfo (RoleInfo.java:shutdownLeaderState(104)) - 98e78e11-cb4b-48d0-b763-897efd13c9ec: shutdown LeaderState
2019-10-24 15:48:08,035 [Thread-812] INFO  impl.PendingRequests (PendingRequests.java:sendNotLeaderResponses(202)) - 98e78e11-cb4b-48d0-b763-897efd13c9ec@group-CE75851C0F4B-PendingRequests: sendNotLeaderResponses
2019-10-24 15:48:08,035 [org.apache.ratis.server.impl.LogAppender$AppenderDaemon$$Lambda$430/1486398556@7bf224d9] WARN  server.GrpcLogAppender (GrpcLogAppender.java:mayWait(149)) - 98e78e11-cb4b-48d0-b763-897efd13c9ec@group-CE75851C0F4B->feaf5d54-1805-49ec-899f-945609733e38-GrpcLogAppender: Wait interrupted by java.lang.InterruptedException
2019-10-24 15:48:08,035 [org.apache.ratis.server.impl.LogAppender$AppenderDaemon$$Lambda$430/1486398556@2a8c628a] WARN  server.GrpcLogAppender (GrpcLogAppender.java:mayWait(149)) - 98e78e11-cb4b-48d0-b763-897efd13c9ec@group-CE75851C0F4B->84568b57-9d99-42dc-882b-eae65806f704-GrpcLogAppender: Wait interrupted by java.lang.InterruptedException
2019-10-24 15:48:08,036 [Thread-812] INFO  impl.RoleInfo (RoleInfo.java:updateAndGet(143)) - 98e78e11-cb4b-48d0-b763-897efd13c9ec: start FollowerState
2019-10-24 15:48:08,037 [84568b57-9d99-42dc-882b-eae65806f704@group-05AC48DA6374-LeaderElection40] INFO  impl.LeaderElection (LeaderElection.java:logAndReturn(56)) - 84568b57-9d99-42dc-882b-eae65806f704@group-05AC48DA6374-LeaderElection40: Election TIMEOUT; received 0 response(s) [] and 0 exception(s); 84568b57-9d99-42dc-882b-eae65806f704@group-05AC48DA6374:t36, leader=null, voted=84568b57-9d99-42dc-882b-eae65806f704, raftlog=84568b57-9d99-42dc-882b-eae65806f704@group-05AC48DA6374-SegmentedRaftLog:OPENED:c3,f4,i4, conf=0: [98e78e11-cb4b-48d0-b763-897efd13c9ec:192.168.164.213:39232, 84568b57-9d99-42dc-882b-eae65806f704:192.168.164.213:37329, feaf5d54-1805-49ec-899f-945609733e38:192.168.164.213:39911], old=null
2019-10-24 15:48:08,037 [grpc-default-executor-6] INFO  server.GrpcServerProtocolService (GrpcServerProtocolService.java:onCompleted(113)) - feaf5d54-1805-49ec-899f-945609733e38: Completed APPEND_ENTRIES, lastRequest: 98e78e11-cb4b-48d0-b763-897efd13c9ec->feaf5d54-1805-49ec-899f-945609733e38#0-t3, previous=(t:0, i:0), leaderCommit=-1, initializing? false, entries: <empty>
2019-10-24 15:48:08,041 [grpc-default-executor-6] INFO  server.GrpcLogAppender (GrpcLogAppender.java:onCompleted(308)) - 98e78e11-cb4b-48d0-b763-897efd13c9ec@group-CE75851C0F4B->feaf5d54-1805-49ec-899f-945609733e38-AppendLogResponseHandler: follower responses appendEntries COMPLETED
2019-10-24 15:48:08,043 [grpc-default-executor-6] INFO  impl.FollowerInfo (FollowerInfo.java:lambda$new$0(51)) - 98e78e11-cb4b-48d0-b763-897efd13c9ec@group-CE75851C0F4B->feaf5d54-1805-49ec-899f-945609733e38: nextIndex: updateUnconditionally 0 -> 0
2019-10-24 15:48:08,043 [grpc-default-executor-4] INFO  server.GrpcServerProtocolService (GrpcServerProtocolService.java:onCompleted(113)) - 84568b57-9d99-42dc-882b-eae65806f704: Completed APPEND_ENTRIES, lastRequest: 98e78e11-cb4b-48d0-b763-897efd13c9ec->84568b57-9d99-42dc-882b-eae65806f704#0-t3, previous=(t:0, i:0), leaderCommit=-1, initializing? false, entries: <empty>
2019-10-24 15:48:08,043 [grpc-default-executor-4] INFO  impl.RaftServerImpl (ServerState.java:setLeader(256)) - 84568b57-9d99-42dc-882b-eae65806f704@group-CE75851C0F4B: change Leader from 98e78e11-cb4b-48d0-b763-897efd13c9ec to null at term 4 for updateCurrentTerm
2019-10-24 15:48:08,043 [grpc-default-executor-4] INFO  impl.RaftServerImpl (RaftServerImpl.java:setRole(184)) - 84568b57-9d99-42dc-882b-eae65806f704@group-CE75851C0F4B: changes role from  FOLLOWER to FOLLOWER at term 4 for recognizeCandidate:feaf5d54-1805-49ec-899f-945609733e38
2019-10-24 15:48:08,043 [grpc-default-executor-4] INFO  impl.RoleInfo (RoleInfo.java:shutdownFollowerState(121)) - 84568b57-9d99-42dc-882b-eae65806f704: shutdown FollowerState
2019-10-24 15:48:08,044 [grpc-default-executor-6] INFO  server.GrpcLogAppender (GrpcLogAppender.java:onCompleted(308)) - 98e78e11-cb4b-48d0-b763-897efd13c9ec@group-CE75851C0F4B->84568b57-9d99-42dc-882b-eae65806f704-AppendLogResponseHandler: follower responses appendEntries COMPLETED
2019-10-24 15:48:08,044 [Thread-811] INFO  impl.FollowerState (FollowerState.java:run(117)) - 84568b57-9d99-42dc-882b-eae65806f704@group-CE75851C0F4B-FollowerState was interrupted: java.lang.InterruptedException: sleep interrupted
2019-10-24 15:48:08,044 [grpc-default-executor-4] INFO  impl.RoleInfo (RoleInfo.java:updateAndGet(143)) - 84568b57-9d99-42dc-882b-eae65806f704: start FollowerState
2019-10-24 15:48:08,045 [grpc-default-executor-2] INFO  impl.RaftServerImpl (RaftServerImpl.java:setRole(184)) - 98e78e11-cb4b-48d0-b763-897efd13c9ec@group-05AC48DA6374: changes role from  FOLLOWER to FOLLOWER at term 36 for recognizeCandidate:84568b57-9d99-42dc-882b-eae65806f704
2019-10-24 15:48:08,045 [grpc-default-executor-2] INFO  impl.RoleInfo (RoleInfo.java:shutdownFollowerState(121)) - 98e78e11-cb4b-48d0-b763-897efd13c9ec: shutdown FollowerState
2019-10-24 15:48:08,045 [grpc-default-executor-5] INFO  impl.RaftServerImpl (RaftServerImpl.java:setRole(184)) - feaf5d54-1805-49ec-899f-945609733e38@group-05AC48DA6374: changes role from  FOLLOWER to FOLLOWER at term 36 for recognizeCandidate:84568b57-9d99-42dc-882b-eae65806f704
2019-10-24 15:48:08,045 [grpc-default-executor-6] INFO  impl.FollowerInfo (FollowerInfo.java:lambda$new$0(51)) - 98e78e11-cb4b-48d0-b763-897efd13c9ec@group-CE75851C0F4B->84568b57-9d99-42dc-882b-eae65806f704: nextIndex: updateUnconditionally 0 -> 0
2019-10-24 15:48:08,045 [grpc-default-executor-5] INFO  impl.RoleInfo (RoleInfo.java:shutdownFollowerState(121)) - feaf5d54-1805-49ec-899f-945609733e38: shutdown FollowerState
2019-10-24 15:48:08,045 [grpc-default-executor-2] INFO  impl.RoleInfo (RoleInfo.java:updateAndGet(143)) - 98e78e11-cb4b-48d0-b763-897efd13c9ec: start FollowerState
2019-10-24 15:48:08,045 [Thread-784] INFO  impl.FollowerState (FollowerState.java:run(117)) - 98e78e11-cb4b-48d0-b763-897efd13c9ec@group-05AC48DA6374-FollowerState was interrupted: java.lang.InterruptedException: sleep interrupted
2019-10-24 15:48:08,045 [grpc-default-executor-5] INFO  impl.RoleInfo (RoleInfo.java:updateAndGet(143)) - feaf5d54-1805-49ec-899f-945609733e38: start FollowerState
2019-10-24 15:48:08,045 [Thread-785] INFO  impl.FollowerState (FollowerState.java:run(117)) - feaf5d54-1805-49ec-899f-945609733e38@group-05AC48DA6374-FollowerState was interrupted: java.lang.InterruptedException: sleep interrupted
2019-10-24 15:48:08,057 [84568b57-9d99-42dc-882b-eae65806f704@group-05AC48DA6374-LeaderElection40] INFO  impl.LeaderElection (LeaderElection.java:askForVotes(178)) - 84568b57-9d99-42dc-882b-eae65806f704@group-05AC48DA6374-LeaderElection40: begin an election at term 37 for 0: [98e78e11-cb4b-48d0-b763-897efd13c9ec:192.168.164.213:39232, 84568b57-9d99-42dc-882b-eae65806f704:192.168.164.213:37329, feaf5d54-1805-49ec-899f-945609733e38:192.168.164.213:39911], old=null
2019-10-24 15:48:08,057 [grpc-default-executor-0] INFO  impl.RaftServerImpl (RaftServerImpl.java:setRole(184)) - 98e78e11-cb4b-48d0-b763-897efd13c9ec@group-CE75851C0F4B: changes role from  FOLLOWER to FOLLOWER at term 4 for recognizeCandidate:feaf5d54-1805-49ec-899f-945609733e38
2019-10-24 15:48:08,058 [grpc-default-executor-0] INFO  impl.RoleInfo (RoleInfo.java:shutdownFollowerState(121)) - 98e78e11-cb4b-48d0-b763-897efd13c9ec: shutdown FollowerState
2019-10-24 15:48:08,059 [Thread-824] INFO  impl.FollowerState (FollowerState.java:run(117)) - 98e78e11-cb4b-48d0-b763-897efd13c9ec@group-CE75851C0F4B-FollowerState was interrupted: java.lang.InterruptedException: sleep interrupted
2019-10-24 15:48:08,059 [feaf5d54-1805-49ec-899f-945609733e38@group-CE75851C0F4B-LeaderElection39] INFO  impl.LeaderElection (LeaderElection.java:logAndReturn(56)) - feaf5d54-1805-49ec-899f-945609733e38@group-CE75851C0F4B-LeaderElection39: Election TIMEOUT; received 0 response(s) [] and 0 exception(s); feaf5d54-1805-49ec-899f-945609733e38@group-CE75851C0F4B:t4, leader=null, voted=feaf5d54-1805-49ec-899f-945609733e38, raftlog=feaf5d54-1805-49ec-899f-945609733e38@group-CE75851C0F4B-SegmentedRaftLog:OPENED:c-1,f-1,i0, conf=-1: [98e78e11-cb4b-48d0-b763-897efd13c9ec:192.168.164.213:39232, 84568b57-9d99-42dc-882b-eae65806f704:192.168.164.213:37329, feaf5d54-1805-49ec-899f-945609733e38:192.168.164.213:39911], old=null
2019-10-24 15:48:08,059 [grpc-default-executor-0] INFO  impl.RoleInfo (RoleInfo.java:updateAndGet(143)) - 98e78e11-cb4b-48d0-b763-897efd13c9ec: start FollowerState
2019-10-24 15:48:08,061 [grpc-default-executor-2] INFO  impl.RaftServerImpl (RaftServerImpl.java:setRole(184)) - 98e78e11-cb4b-48d0-b763-897efd13c9ec@group-05AC48DA6374: changes role from  FOLLOWER to FOLLOWER at term 37 for recognizeCandidate:84568b57-9d99-42dc-882b-eae65806f704
2019-10-24 15:48:08,061 [grpc-default-executor-2] INFO  impl.RoleInfo (RoleInfo.java:shutdownFollowerState(121)) - 98e78e11-cb4b-48d0-b763-897efd13c9ec: shutdown FollowerState
2019-10-24 15:48:08,061 [Thread-826] INFO  impl.FollowerState (FollowerState.java:run(117)) - 98e78e11-cb4b-48d0-b763-897efd13c9ec@group-05AC48DA6374-FollowerState was interrupted: java.lang.InterruptedException: sleep interrupted
2019-10-24 15:48:08,061 [grpc-default-executor-2] INFO  impl.RoleInfo (RoleInfo.java:updateAndGet(143)) - 98e78e11-cb4b-48d0-b763-897efd13c9ec: start FollowerState
2019-10-24 15:48:08,069 [grpc-default-executor-0] INFO  impl.RaftServerImpl (RaftServerImpl.java:setRole(184)) - feaf5d54-1805-49ec-899f-945609733e38@group-05AC48DA6374: changes role from  FOLLOWER to FOLLOWER at term 37 for recognizeCandidate:84568b57-9d99-42dc-882b-eae65806f704
2019-10-24 15:48:08,069 [grpc-default-executor-0] INFO  impl.RoleInfo (RoleInfo.java:shutdownFollowerState(121)) - feaf5d54-1805-49ec-899f-945609733e38: shutdown FollowerState
2019-10-24 15:48:08,069 [Thread-827] INFO  impl.FollowerState (FollowerState.java:run(117)) - feaf5d54-1805-49ec-899f-945609733e38@group-05AC48DA6374-FollowerState was interrupted: java.lang.InterruptedException: sleep interrupted
2019-10-24 15:48:08,069 [grpc-default-executor-0] INFO  impl.RoleInfo (RoleInfo.java:updateAndGet(143)) - feaf5d54-1805-49ec-899f-945609733e38: start FollowerState
2019-10-24 15:48:08,073 [feaf5d54-1805-49ec-899f-945609733e38@group-CE75851C0F4B-LeaderElection39] INFO  impl.LeaderElection (LeaderElection.java:askForVotes(178)) - feaf5d54-1805-49ec-899f-945609733e38@group-CE75851C0F4B-LeaderElection39: begin an election at term 5 for -1: [98e78e11-cb4b-48d0-b763-897efd13c9ec:192.168.164.213:39232, 84568b57-9d99-42dc-882b-eae65806f704:192.168.164.213:37329, feaf5d54-1805-49ec-899f-945609733e38:192.168.164.213:39911], old=null
2019-10-24 15:48:08,075 [grpc-default-executor-2] INFO  impl.RaftServerImpl (RaftServerImpl.java:setRole(184)) - 84568b57-9d99-42dc-882b-eae65806f704@group-CE75851C0F4B: changes role from  FOLLOWER to FOLLOWER at term 5 for recognizeCandidate:feaf5d54-1805-49ec-899f-945609733e38
2019-10-24 15:48:08,075 [grpc-default-executor-2] INFO  impl.RoleInfo (RoleInfo.java:shutdownFollowerState(121)) - 84568b57-9d99-42dc-882b-eae65806f704: shutdown FollowerState
2019-10-24 15:48:08,075 [grpc-default-executor-5] INFO  impl.RaftServerImpl (RaftServerImpl.java:setRole(184)) - 98e78e11-cb4b-48d0-b763-897efd13c9ec@group-CE75851C0F4B: changes role from  FOLLOWER to FOLLOWER at term 5 for recognizeCandidate:feaf5d54-1805-49ec-899f-945609733e38
2019-10-24 15:48:08,076 [Thread-825] INFO  impl.FollowerState (FollowerState.java:run(117)) - 84568b57-9d99-42dc-882b-eae65806f704@group-CE75851C0F4B-FollowerState was interrupted: java.lang.InterruptedException: sleep interrupted
2019-10-24 15:48:08,076 [grpc-default-executor-2] INFO  impl.RoleInfo (RoleInfo.java:updateAndGet(143)) - 84568b57-9d99-42dc-882b-eae65806f704: start FollowerState
2019-10-24 15:48:08,076 [grpc-default-executor-5] INFO  impl.RoleInfo (RoleInfo.java:shutdownFollowerState(121)) - 98e78e11-cb4b-48d0-b763-897efd13c9ec: shutdown FollowerState
2019-10-24 15:48:08,076 [grpc-default-executor-5] INFO  impl.RoleInfo (RoleInfo.java:updateAndGet(143)) - 98e78e11-cb4b-48d0-b763-897efd13c9ec: start FollowerState
2019-10-24 15:48:08,076 [Thread-830] INFO  impl.FollowerState (FollowerState.java:run(117)) - 98e78e11-cb4b-48d0-b763-897efd13c9ec@group-CE75851C0F4B-FollowerState was interrupted: java.lang.InterruptedException: sleep interrupted
2019-10-24 15:48:08,088 [84568b57-9d99-42dc-882b-eae65806f704@group-05AC48DA6374-LeaderElection40] INFO  impl.LeaderElection (LeaderElection.java:logAndReturn(56)) - 84568b57-9d99-42dc-882b-eae65806f704@group-05AC48DA6374-LeaderElection40: Election REJECTED; received 2 response(s) [84568b57-9d99-42dc-882b-eae65806f704<-98e78e11-cb4b-48d0-b763-897efd13c9ec#0:FAIL-t37, 84568b57-9d99-42dc-882b-eae65806f704<-feaf5d54-1805-49ec-899f-945609733e38#0:FAIL-t37] and 0 exception(s); 84568b57-9d99-42dc-882b-eae65806f704@group-05AC48DA6374:t37, leader=null, voted=84568b57-9d99-42dc-882b-eae65806f704, raftlog=84568b57-9d99-42dc-882b-eae65806f704@group-05AC48DA6374-SegmentedRaftLog:OPENED:c3,f4,i4, conf=0: [98e78e11-cb4b-48d0-b763-897efd13c9ec:192.168.164.213:39232, 84568b57-9d99-42dc-882b-eae65806f704:192.168.164.213:37329, feaf5d54-1805-49ec-899f-945609733e38:192.168.164.213:39911], old=null
2019-10-24 15:48:08,088 [84568b57-9d99-42dc-882b-eae65806f704@group-05AC48DA6374-LeaderElection40] INFO  impl.RaftServerImpl (RaftServerImpl.java:setRole(184)) - 84568b57-9d99-42dc-882b-eae65806f704@group-05AC48DA6374: changes role from CANDIDATE to FOLLOWER at term 37 for DISCOVERED_A_NEW_TERM
2019-10-24 15:48:08,088 [84568b57-9d99-42dc-882b-eae65806f704@group-05AC48DA6374-LeaderElection40] INFO  impl.RoleInfo (RoleInfo.java:shutdownLeaderElection(134)) - 84568b57-9d99-42dc-882b-eae65806f704: shutdown LeaderElection
2019-10-24 15:48:08,089 [84568b57-9d99-42dc-882b-eae65806f704@group-05AC48DA6374-LeaderElection40] INFO  impl.RoleInfo (RoleInfo.java:updateAndGet(143)) - 84568b57-9d99-42dc-882b-eae65806f704: start FollowerState
2019-10-24 15:48:08,098 [feaf5d54-1805-49ec-899f-945609733e38@group-CE75851C0F4B-LeaderElection39] INFO  impl.LeaderElection (LeaderElection.java:logAndReturn(56)) - feaf5d54-1805-49ec-899f-945609733e38@group-CE75851C0F4B-LeaderElection39: Election REJECTED; received 2 response(s) [feaf5d54-1805-49ec-899f-945609733e38<-98e78e11-cb4b-48d0-b763-897efd13c9ec#0:FAIL-t5, feaf5d54-1805-49ec-899f-945609733e38<-84568b57-9d99-42dc-882b-eae65806f704#0:FAIL-t5] and 0 exception(s); feaf5d54-1805-49ec-899f-945609733e38@group-CE75851C0F4B:t5, leader=null, voted=feaf5d54-1805-49ec-899f-945609733e38, raftlog=feaf5d54-1805-49ec-899f-945609733e38@group-CE75851C0F4B-SegmentedRaftLog:OPENED:c-1,f-1,i0, conf=-1: [98e78e11-cb4b-48d0-b763-897efd13c9ec:192.168.164.213:39232, 84568b57-9d99-42dc-882b-eae65806f704:192.168.164.213:37329, feaf5d54-1805-49ec-899f-945609733e38:192.168.164.213:39911], old=null
2019-10-24 15:48:08,099 [feaf5d54-1805-49ec-899f-945609733e38@group-CE75851C0F4B-LeaderElection39] INFO  impl.RaftServerImpl (RaftServerImpl.java:setRole(184)) - feaf5d54-1805-49ec-899f-945609733e38@group-CE75851C0F4B: changes role from CANDIDATE to FOLLOWER at term 5 for DISCOVERED_A_NEW_TERM
2019-10-24 15:48:08,099 [feaf5d54-1805-49ec-899f-945609733e38@group-CE75851C0F4B-LeaderElection39] INFO  impl.RoleInfo (RoleInfo.java:shutdownLeaderElection(134)) - feaf5d54-1805-49ec-899f-945609733e38: shutdown LeaderElection
2019-10-24 15:48:08,099 [feaf5d54-1805-49ec-899f-945609733e38@group-CE75851C0F4B-LeaderElection39] INFO  impl.RoleInfo (RoleInfo.java:updateAndGet(143)) - feaf5d54-1805-49ec-899f-945609733e38: start FollowerState
2019-10-24 15:48:08,121 [pool-7-thread-3] INFO  commands.RetriableDatanodeEventWatcher (RetriableDatanodeEventWatcher.java:onTimeout(47)) - RetriableDatanodeCommand type=deleteBlocksCommand with id=1571932080112 timed out. Retrying.
2019-10-24 15:48:08,123 [pool-7-thread-3] INFO  commands.RetriableDatanodeEventWatcher (RetriableDatanodeEventWatcher.java:onTimeout(47)) - RetriableDatanodeCommand type=deleteBlocksCommand with id=1571932080120 timed out. Retrying.
2019-10-24 15:48:08,123 [pool-7-thread-4] INFO  commands.RetriableDatanodeEventWatcher (RetriableDatanodeEventWatcher.java:onTimeout(47)) - RetriableDatanodeCommand type=deleteBlocksCommand with id=1571932080119 timed out. Retrying.
2019-10-24 15:48:08,123 [pool-7-thread-1] INFO  commands.RetriableDatanodeEventWatcher (RetriableDatanodeEventWatcher.java:onTimeout(47)) - RetriableDatanodeCommand type=deleteBlocksCommand with id=1571932080117 timed out. Retrying.
2019-10-24 15:48:08,124 [SCMBlockDeletingService#1] INFO  block.SCMBlockDeletingService (SCMBlockDeletingService.java:call(184)) - Totally added 1 delete blocks command for 1 datanodes, task elapsed time: 1ms
2019-10-24 15:48:08,124 [pool-7-thread-7] INFO  commands.RetriableDatanodeEventWatcher (RetriableDatanodeEventWatcher.java:onTimeout(47)) - RetriableDatanodeCommand type=deleteBlocksCommand with id=1571932080116 timed out. Retrying.
2019-10-24 15:48:08,124 [pool-7-thread-2] INFO  commands.RetriableDatanodeEventWatcher (RetriableDatanodeEventWatcher.java:onTimeout(47)) - RetriableDatanodeCommand type=deleteBlocksCommand with id=1571932080118 timed out. Retrying.
2019-10-24 15:48:08,124 [pool-7-thread-5] INFO  commands.RetriableDatanodeEventWatcher (RetriableDatanodeEventWatcher.java:onTimeout(47)) - RetriableDatanodeCommand type=deleteBlocksCommand with id=1571932080114 timed out. Retrying.
2019-10-24 15:48:08,124 [pool-7-thread-6] INFO  commands.RetriableDatanodeEventWatcher (RetriableDatanodeEventWatcher.java:onTimeout(47)) - RetriableDatanodeCommand type=deleteBlocksCommand with id=1571932080115 timed out. Retrying.
2019-10-24 15:48:08,222 [Thread-838] INFO  impl.FollowerState (FollowerState.java:run(108)) - feaf5d54-1805-49ec-899f-945609733e38@group-CE75851C0F4B-FollowerState: change to CANDIDATE, lastRpcTime:123ms, electionTimeout:123ms
2019-10-24 15:48:08,222 [Thread-838] INFO  impl.RoleInfo (RoleInfo.java:shutdownFollowerState(121)) - feaf5d54-1805-49ec-899f-945609733e38: shutdown FollowerState
2019-10-24 15:48:08,223 [Thread-838] INFO  impl.RaftServerImpl (RaftServerImpl.java:setRole(184)) - feaf5d54-1805-49ec-899f-945609733e38@group-CE75851C0F4B: changes role from  FOLLOWER to CANDIDATE at term 5 for changeToCandidate
2019-10-24 15:48:08,223 [Thread-838] INFO  impl.RoleInfo (RoleInfo.java:updateAndGet(143)) - feaf5d54-1805-49ec-899f-945609733e38: start LeaderElection
2019-10-24 15:48:08,231 [EventQueue-PendingDeleteStatusForPendingDeleteHandler] INFO  block.SCMBlockDeletingService (SCMBlockDeletingService.java:handlePendingDeletes(115)) - Block deletion txnID mismatch in datanode 84568b57-9d99-42dc-882b-eae65806f704 for containerID 1. Datanode delete txnID: 0, SCM txnID: 1
2019-10-24 15:48:08,232 [Thread-837] INFO  impl.FollowerState (FollowerState.java:run(108)) - 84568b57-9d99-42dc-882b-eae65806f704@group-05AC48DA6374-FollowerState: change to CANDIDATE, lastRpcTime:143ms, electionTimeout:143ms
2019-10-24 15:48:08,232 [Thread-837] INFO  impl.RoleInfo (RoleInfo.java:shutdownFollowerState(121)) - 84568b57-9d99-42dc-882b-eae65806f704: shutdown FollowerState
2019-10-24 15:48:08,232 [Thread-837] INFO  impl.RaftServerImpl (RaftServerImpl.java:setRole(184)) - 84568b57-9d99-42dc-882b-eae65806f704@group-05AC48DA6374: changes role from  FOLLOWER to CANDIDATE at term 37 for changeToCandidate
2019-10-24 15:48:08,232 [Thread-837] INFO  impl.RoleInfo (RoleInfo.java:updateAndGet(143)) - 84568b57-9d99-42dc-882b-eae65806f704: start LeaderElection
2019-10-24 15:48:08,238 [feaf5d54-1805-49ec-899f-945609733e38@group-CE75851C0F4B-LeaderElection41] INFO  impl.LeaderElection (LeaderElection.java:askForVotes(178)) - feaf5d54-1805-49ec-899f-945609733e38@group-CE75851C0F4B-LeaderElection41: begin an election at term 6 for -1: [98e78e11-cb4b-48d0-b763-897efd13c9ec:192.168.164.213:39232, 84568b57-9d99-42dc-882b-eae65806f704:192.168.164.213:37329, feaf5d54-1805-49ec-899f-945609733e38:192.168.164.213:39911], old=null
2019-10-24 15:48:08,238 [84568b57-9d99-42dc-882b-eae65806f704@group-05AC48DA6374-LeaderElection42] INFO  impl.LeaderElection (LeaderElection.java:askForVotes(178)) - 84568b57-9d99-42dc-882b-eae65806f704@group-05AC48DA6374-LeaderElection42: begin an election at term 38 for 0: [98e78e11-cb4b-48d0-b763-897efd13c9ec:192.168.164.213:39232, 84568b57-9d99-42dc-882b-eae65806f704:192.168.164.213:37329, feaf5d54-1805-49ec-899f-945609733e38:192.168.164.213:39911], old=null
2019-10-24 15:48:08,240 [grpc-default-executor-5] INFO  impl.RaftServerImpl (RaftServerImpl.java:setRole(184)) - 98e78e11-cb4b-48d0-b763-897efd13c9ec@group-05AC48DA6374: changes role from  FOLLOWER to FOLLOWER at term 38 for recognizeCandidate:84568b57-9d99-42dc-882b-eae65806f704
2019-10-24 15:48:08,240 [grpc-default-executor-5] INFO  impl.RoleInfo (RoleInfo.java:shutdownFollowerState(121)) - 98e78e11-cb4b-48d0-b763-897efd13c9ec: shutdown FollowerState
2019-10-24 15:48:08,240 [grpc-default-executor-0] INFO  impl.RaftServerImpl (RaftServerImpl.java:setRole(184)) - 98e78e11-cb4b-48d0-b763-897efd13c9ec@group-CE75851C0F4B: changes role from  FOLLOWER to FOLLOWER at term 6 for recognizeCandidate:feaf5d54-1805-49ec-899f-945609733e38
2019-10-24 15:48:08,241 [Thread-831] INFO  impl.FollowerState (FollowerState.java:run(117)) - 98e78e11-cb4b-48d0-b763-897efd13c9ec@group-05AC48DA6374-FollowerState was interrupted: java.lang.InterruptedException: sleep interrupted
2019-10-24 15:48:08,240 [grpc-default-executor-5] INFO  impl.RoleInfo (RoleInfo.java:updateAndGet(143)) - 98e78e11-cb4b-48d0-b763-897efd13c9ec: start FollowerState
2019-10-24 15:48:08,241 [grpc-default-executor-0] INFO  impl.RoleInfo (RoleInfo.java:shutdownFollowerState(121)) - 98e78e11-cb4b-48d0-b763-897efd13c9ec: shutdown FollowerState
2019-10-24 15:48:08,241 [grpc-default-executor-2] INFO  impl.RaftServerImpl (RaftServerImpl.java:setRole(184)) - feaf5d54-1805-49ec-899f-945609733e38@group-05AC48DA6374: changes role from  FOLLOWER to FOLLOWER at term 38 for recognizeCandidate:84568b57-9d99-42dc-882b-eae65806f704
2019-10-24 15:48:08,241 [grpc-default-executor-4] INFO  impl.RaftServerImpl (RaftServerImpl.java:setRole(184)) - 84568b57-9d99-42dc-882b-eae65806f704@group-CE75851C0F4B: changes role from  FOLLOWER to FOLLOWER at term 6 for recognizeCandidate:feaf5d54-1805-49ec-899f-945609733e38
2019-10-24 15:48:08,241 [Thread-836] INFO  impl.FollowerState (FollowerState.java:run(117)) - 98e78e11-cb4b-48d0-b763-897efd13c9ec@group-CE75851C0F4B-FollowerState was interrupted: java.lang.InterruptedException: sleep interrupted
2019-10-24 15:48:08,241 [grpc-default-executor-0] INFO  impl.RoleInfo (RoleInfo.java:updateAndGet(143)) - 98e78e11-cb4b-48d0-b763-897efd13c9ec: start FollowerState
2019-10-24 15:48:08,241 [grpc-default-executor-4] INFO  impl.RoleInfo (RoleInfo.java:shutdownFollowerState(121)) - 84568b57-9d99-42dc-882b-eae65806f704: shutdown FollowerState
2019-10-24 15:48:08,241 [grpc-default-executor-2] INFO  impl.RoleInfo (RoleInfo.java:shutdownFollowerState(121)) - feaf5d54-1805-49ec-899f-945609733e38: shutdown FollowerState
2019-10-24 15:48:08,242 [Thread-835] INFO  impl.FollowerState (FollowerState.java:run(117)) - 84568b57-9d99-42dc-882b-eae65806f704@group-CE75851C0F4B-FollowerState was interrupted: java.lang.InterruptedException: sleep interrupted
2019-10-24 15:48:08,242 [grpc-default-executor-4] INFO  impl.RoleInfo (RoleInfo.java:updateAndGet(143)) - 84568b57-9d99-42dc-882b-eae65806f704: start FollowerState
2019-10-24 15:48:08,242 [grpc-default-executor-2] INFO  impl.RoleInfo (RoleInfo.java:updateAndGet(143)) - feaf5d54-1805-49ec-899f-945609733e38: start FollowerState
2019-10-24 15:48:08,242 [Thread-832] INFO  impl.FollowerState (FollowerState.java:run(117)) - feaf5d54-1805-49ec-899f-945609733e38@group-05AC48DA6374-FollowerState was interrupted: java.lang.InterruptedException: sleep interrupted
2019-10-24 15:48:08,255 [84568b57-9d99-42dc-882b-eae65806f704@group-05AC48DA6374-LeaderElection42] INFO  impl.LeaderElection (LeaderElection.java:logAndReturn(56)) - 84568b57-9d99-42dc-882b-eae65806f704@group-05AC48DA6374-LeaderElection42: Election TIMEOUT; received 0 response(s) [] and 0 exception(s); 84568b57-9d99-42dc-882b-eae65806f704@group-05AC48DA6374:t38, leader=null, voted=84568b57-9d99-42dc-882b-eae65806f704, raftlog=84568b57-9d99-42dc-882b-eae65806f704@group-05AC48DA6374-SegmentedRaftLog:OPENED:c3,f4,i4, conf=0: [98e78e11-cb4b-48d0-b763-897efd13c9ec:192.168.164.213:39232, 84568b57-9d99-42dc-882b-eae65806f704:192.168.164.213:37329, feaf5d54-1805-49ec-899f-945609733e38:192.168.164.213:39911], old=null
2019-10-24 15:48:08,277 [84568b57-9d99-42dc-882b-eae65806f704@group-05AC48DA6374-LeaderElection42] INFO  impl.LeaderElection (LeaderElection.java:askForVotes(178)) - 84568b57-9d99-42dc-882b-eae65806f704@group-05AC48DA6374-LeaderElection42: begin an election at term 39 for 0: [98e78e11-cb4b-48d0-b763-897efd13c9ec:192.168.164.213:39232, 84568b57-9d99-42dc-882b-eae65806f704:192.168.164.213:37329, feaf5d54-1805-49ec-899f-945609733e38:192.168.164.213:39911], old=null
2019-10-24 15:48:08,278 [feaf5d54-1805-49ec-899f-945609733e38@group-CE75851C0F4B-LeaderElection41] INFO  impl.LeaderElection (LeaderElection.java:logAndReturn(56)) - feaf5d54-1805-49ec-899f-945609733e38@group-CE75851C0F4B-LeaderElection41: Election REJECTED; received 2 response(s) [feaf5d54-1805-49ec-899f-945609733e38<-98e78e11-cb4b-48d0-b763-897efd13c9ec#0:FAIL-t6, feaf5d54-1805-49ec-899f-945609733e38<-84568b57-9d99-42dc-882b-eae65806f704#0:FAIL-t6] and 0 exception(s); feaf5d54-1805-49ec-899f-945609733e38@group-CE75851C0F4B:t6, leader=null, voted=feaf5d54-1805-49ec-899f-945609733e38, raftlog=feaf5d54-1805-49ec-899f-945609733e38@group-CE75851C0F4B-SegmentedRaftLog:OPENED:c-1,f-1,i0, conf=-1: [98e78e11-cb4b-48d0-b763-897efd13c9ec:192.168.164.213:39232, 84568b57-9d99-42dc-882b-eae65806f704:192.168.164.213:37329, feaf5d54-1805-49ec-899f-945609733e38:192.168.164.213:39911], old=null
2019-10-24 15:48:08,278 [feaf5d54-1805-49ec-899f-945609733e38@group-CE75851C0F4B-LeaderElection41] INFO  impl.RaftServerImpl (RaftServerImpl.java:setRole(184)) - feaf5d54-1805-49ec-899f-945609733e38@group-CE75851C0F4B: changes role from CANDIDATE to FOLLOWER at term 6 for DISCOVERED_A_NEW_TERM
2019-10-24 15:48:08,278 [feaf5d54-1805-49ec-899f-945609733e38@group-CE75851C0F4B-LeaderElection41] INFO  impl.RoleInfo (RoleInfo.java:shutdownLeaderElection(134)) - feaf5d54-1805-49ec-899f-945609733e38: shutdown LeaderElection
2019-10-24 15:48:08,278 [feaf5d54-1805-49ec-899f-945609733e38@group-CE75851C0F4B-LeaderElection41] INFO  impl.RoleInfo (RoleInfo.java:updateAndGet(143)) - feaf5d54-1805-49ec-899f-945609733e38: start FollowerState
2019-10-24 15:48:08,279 [grpc-default-executor-2] INFO  impl.RaftServerImpl (RaftServerImpl.java:setRole(184)) - 98e78e11-cb4b-48d0-b763-897efd13c9ec@group-05AC48DA6374: changes role from  FOLLOWER to FOLLOWER at term 39 for recognizeCandidate:84568b57-9d99-42dc-882b-eae65806f704
2019-10-24 15:48:08,279 [grpc-default-executor-2] INFO  impl.RoleInfo (RoleInfo.java:shutdownFollowerState(121)) - 98e78e11-cb4b-48d0-b763-897efd13c9ec: shutdown FollowerState
2019-10-24 15:48:08,279 [grpc-default-executor-5] INFO  impl.RaftServerImpl (RaftServerImpl.java:setRole(184)) - feaf5d54-1805-49ec-899f-945609733e38@group-05AC48DA6374: changes role from  FOLLOWER to FOLLOWER at term 39 for recognizeCandidate:84568b57-9d99-42dc-882b-eae65806f704
2019-10-24 15:48:08,279 [Thread-845] INFO  impl.FollowerState (FollowerState.java:run(117)) - 98e78e11-cb4b-48d0-b763-897efd13c9ec@group-05AC48DA6374-FollowerState was interrupted: java.lang.InterruptedException: sleep interrupted
2019-10-24 15:48:08,279 [grpc-default-executor-2] INFO  impl.RoleInfo (RoleInfo.java:updateAndGet(143)) - 98e78e11-cb4b-48d0-b763-897efd13c9ec: start FollowerState
2019-10-24 15:48:08,279 [grpc-default-executor-5] INFO  impl.RoleInfo (RoleInfo.java:shutdownFollowerState(121)) - feaf5d54-1805-49ec-899f-945609733e38: shutdown FollowerState
2019-10-24 15:48:08,280 [grpc-default-executor-5] INFO  impl.RoleInfo (RoleInfo.java:updateAndGet(143)) - feaf5d54-1805-49ec-899f-945609733e38: start FollowerState
2019-10-24 15:48:08,280 [Thread-848] INFO  impl.FollowerState (FollowerState.java:run(117)) - feaf5d54-1805-49ec-899f-945609733e38@group-05AC48DA6374-FollowerState was interrupted: java.lang.InterruptedException: sleep interrupted
2019-10-24 15:48:08,296 [84568b57-9d99-42dc-882b-eae65806f704@group-05AC48DA6374-LeaderElection42] INFO  impl.LeaderElection (LeaderElection.java:logAndReturn(56)) - 84568b57-9d99-42dc-882b-eae65806f704@group-05AC48DA6374-LeaderElection42: Election REJECTED; received 2 response(s) [84568b57-9d99-42dc-882b-eae65806f704<-98e78e11-cb4b-48d0-b763-897efd13c9ec#0:FAIL-t39, 84568b57-9d99-42dc-882b-eae65806f704<-feaf5d54-1805-49ec-899f-945609733e38#0:FAIL-t39] and 0 exception(s); 84568b57-9d99-42dc-882b-eae65806f704@group-05AC48DA6374:t39, leader=null, voted=84568b57-9d99-42dc-882b-eae65806f704, raftlog=84568b57-9d99-42dc-882b-eae65806f704@group-05AC48DA6374-SegmentedRaftLog:OPENED:c3,f4,i4, conf=0: [98e78e11-cb4b-48d0-b763-897efd13c9ec:192.168.164.213:39232, 84568b57-9d99-42dc-882b-eae65806f704:192.168.164.213:37329, feaf5d54-1805-49ec-899f-945609733e38:192.168.164.213:39911], old=null
2019-10-24 15:48:08,296 [84568b57-9d99-42dc-882b-eae65806f704@group-05AC48DA6374-LeaderElection42] INFO  impl.RaftServerImpl (RaftServerImpl.java:setRole(184)) - 84568b57-9d99-42dc-882b-eae65806f704@group-05AC48DA6374: changes role from CANDIDATE to FOLLOWER at term 39 for DISCOVERED_A_NEW_TERM
2019-10-24 15:48:08,296 [84568b57-9d99-42dc-882b-eae65806f704@group-05AC48DA6374-LeaderElection42] INFO  impl.RoleInfo (RoleInfo.java:shutdownLeaderElection(134)) - 84568b57-9d99-42dc-882b-eae65806f704: shutdown LeaderElection
2019-10-24 15:48:08,296 [84568b57-9d99-42dc-882b-eae65806f704@group-05AC48DA6374-LeaderElection42] INFO  impl.RoleInfo (RoleInfo.java:updateAndGet(143)) - 84568b57-9d99-42dc-882b-eae65806f704: start FollowerState
2019-10-24 15:48:08,364 [Thread-851] INFO  impl.FollowerState (FollowerState.java:run(108)) - feaf5d54-1805-49ec-899f-945609733e38@group-CE75851C0F4B-FollowerState: change to CANDIDATE, lastRpcTime:85ms, electionTimeout:85ms
2019-10-24 15:48:08,364 [Thread-851] INFO  impl.RoleInfo (RoleInfo.java:shutdownFollowerState(121)) - feaf5d54-1805-49ec-899f-945609733e38: shutdown FollowerState
2019-10-24 15:48:08,364 [Thread-851] INFO  impl.RaftServerImpl (RaftServerImpl.java:setRole(184)) - feaf5d54-1805-49ec-899f-945609733e38@group-CE75851C0F4B: changes role from  FOLLOWER to CANDIDATE at term 6 for changeToCandidate
2019-10-24 15:48:08,364 [Thread-851] INFO  impl.RoleInfo (RoleInfo.java:updateAndGet(143)) - feaf5d54-1805-49ec-899f-945609733e38: start LeaderElection
2019-10-24 15:48:08,378 [feaf5d54-1805-49ec-899f-945609733e38@group-CE75851C0F4B-LeaderElection43] INFO  impl.LeaderElection (LeaderElection.java:askForVotes(178)) - feaf5d54-1805-49ec-899f-945609733e38@group-CE75851C0F4B-LeaderElection43: begin an election at term 7 for -1: [98e78e11-cb4b-48d0-b763-897efd13c9ec:192.168.164.213:39232, 84568b57-9d99-42dc-882b-eae65806f704:192.168.164.213:37329, feaf5d54-1805-49ec-899f-945609733e38:192.168.164.213:39911], old=null
2019-10-24 15:48:08,381 [grpc-default-executor-5] INFO  impl.RaftServerImpl (RaftServerImpl.java:setRole(184)) - 98e78e11-cb4b-48d0-b763-897efd13c9ec@group-CE75851C0F4B: changes role from  FOLLOWER to FOLLOWER at term 7 for recognizeCandidate:feaf5d54-1805-49ec-899f-945609733e38
2019-10-24 15:48:08,381 [grpc-default-executor-5] INFO  impl.RoleInfo (RoleInfo.java:shutdownFollowerState(121)) - 98e78e11-cb4b-48d0-b763-897efd13c9ec: shutdown FollowerState
2019-10-24 15:48:08,382 [grpc-default-executor-5] INFO  impl.RoleInfo (RoleInfo.java:updateAndGet(143)) - 98e78e11-cb4b-48d0-b763-897efd13c9ec: start FollowerState
2019-10-24 15:48:08,382 [Thread-846] INFO  impl.FollowerState (FollowerState.java:run(117)) - 98e78e11-cb4b-48d0-b763-897efd13c9ec@group-CE75851C0F4B-FollowerState was interrupted: java.lang.InterruptedException: sleep interrupted
2019-10-24 15:48:08,382 [grpc-default-executor-2] INFO  impl.RaftServerImpl (RaftServerImpl.java:setRole(184)) - 84568b57-9d99-42dc-882b-eae65806f704@group-CE75851C0F4B: changes role from  FOLLOWER to FOLLOWER at term 7 for recognizeCandidate:feaf5d54-1805-49ec-899f-945609733e38
2019-10-24 15:48:08,382 [grpc-default-executor-2] INFO  impl.RoleInfo (RoleInfo.java:shutdownFollowerState(121)) - 84568b57-9d99-42dc-882b-eae65806f704: shutdown FollowerState
2019-10-24 15:48:08,382 [grpc-default-executor-2] INFO  impl.RoleInfo (RoleInfo.java:updateAndGet(143)) - 84568b57-9d99-42dc-882b-eae65806f704: start FollowerState
2019-10-24 15:48:08,383 [Thread-847] INFO  impl.FollowerState (FollowerState.java:run(117)) - 84568b57-9d99-42dc-882b-eae65806f704@group-CE75851C0F4B-FollowerState was interrupted: java.lang.InterruptedException: sleep interrupted
2019-10-24 15:48:08,397 [feaf5d54-1805-49ec-899f-945609733e38@group-CE75851C0F4B-LeaderElection43] INFO  impl.LeaderElection (LeaderElection.java:logAndReturn(56)) - feaf5d54-1805-49ec-899f-945609733e38@group-CE75851C0F4B-LeaderElection43: Election REJECTED; received 2 response(s) [feaf5d54-1805-49ec-899f-945609733e38<-98e78e11-cb4b-48d0-b763-897efd13c9ec#0:FAIL-t7, feaf5d54-1805-49ec-899f-945609733e38<-84568b57-9d99-42dc-882b-eae65806f704#0:FAIL-t7] and 0 exception(s); feaf5d54-1805-49ec-899f-945609733e38@group-CE75851C0F4B:t7, leader=null, voted=feaf5d54-1805-49ec-899f-945609733e38, raftlog=feaf5d54-1805-49ec-899f-945609733e38@group-CE75851C0F4B-SegmentedRaftLog:OPENED:c-1,f-1,i0, conf=-1: [98e78e11-cb4b-48d0-b763-897efd13c9ec:192.168.164.213:39232, 84568b57-9d99-42dc-882b-eae65806f704:192.168.164.213:37329, feaf5d54-1805-49ec-899f-945609733e38:192.168.164.213:39911], old=null
2019-10-24 15:48:08,398 [feaf5d54-1805-49ec-899f-945609733e38@group-CE75851C0F4B-LeaderElection43] INFO  impl.RaftServerImpl (RaftServerImpl.java:setRole(184)) - feaf5d54-1805-49ec-899f-945609733e38@group-CE75851C0F4B: changes role from CANDIDATE to FOLLOWER at term 7 for DISCOVERED_A_NEW_TERM
2019-10-24 15:48:08,398 [feaf5d54-1805-49ec-899f-945609733e38@group-CE75851C0F4B-LeaderElection43] INFO  impl.RoleInfo (RoleInfo.java:shutdownLeaderElection(134)) - feaf5d54-1805-49ec-899f-945609733e38: shutdown LeaderElection
2019-10-24 15:48:08,398 [feaf5d54-1805-49ec-899f-945609733e38@group-CE75851C0F4B-LeaderElection43] INFO  impl.RoleInfo (RoleInfo.java:updateAndGet(143)) - feaf5d54-1805-49ec-899f-945609733e38: start FollowerState
2019-10-24 15:48:08,474 [Thread-854] INFO  impl.FollowerState (FollowerState.java:run(108)) - 84568b57-9d99-42dc-882b-eae65806f704@group-05AC48DA6374-FollowerState: change to CANDIDATE, lastRpcTime:177ms, electionTimeout:177ms
2019-10-24 15:48:08,474 [Thread-854] INFO  impl.RoleInfo (RoleInfo.java:shutdownFollowerState(121)) - 84568b57-9d99-42dc-882b-eae65806f704: shutdown FollowerState
2019-10-24 15:48:08,474 [Thread-854] INFO  impl.RaftServerImpl (RaftServerImpl.java:setRole(184)) - 84568b57-9d99-42dc-882b-eae65806f704@group-05AC48DA6374: changes role from  FOLLOWER to CANDIDATE at term 39 for changeToCandidate
2019-10-24 15:48:08,474 [Thread-854] INFO  impl.RoleInfo (RoleInfo.java:updateAndGet(143)) - 84568b57-9d99-42dc-882b-eae65806f704: start LeaderElection
2019-10-24 15:48:08,493 [Thread-860] INFO  impl.FollowerState (FollowerState.java:run(108)) - feaf5d54-1805-49ec-899f-945609733e38@group-CE75851C0F4B-FollowerState: change to CANDIDATE, lastRpcTime:94ms, electionTimeout:94ms
2019-10-24 15:48:08,493 [Thread-860] INFO  impl.RoleInfo (RoleInfo.java:shutdownFollowerState(121)) - feaf5d54-1805-49ec-899f-945609733e38: shutdown FollowerState
2019-10-24 15:48:08,493 [Thread-860] INFO  impl.RaftServerImpl (RaftServerImpl.java:setRole(184)) - feaf5d54-1805-49ec-899f-945609733e38@group-CE75851C0F4B: changes role from  FOLLOWER to CANDIDATE at term 7 for changeToCandidate
2019-10-24 15:48:08,493 [Thread-860] INFO  impl.RoleInfo (RoleInfo.java:updateAndGet(143)) - feaf5d54-1805-49ec-899f-945609733e38: start LeaderElection
2019-10-24 15:48:08,497 [84568b57-9d99-42dc-882b-eae65806f704@group-05AC48DA6374-LeaderElection44] INFO  impl.LeaderElection (LeaderElection.java:askForVotes(178)) - 84568b57-9d99-42dc-882b-eae65806f704@group-05AC48DA6374-LeaderElection44: begin an election at term 40 for 0: [98e78e11-cb4b-48d0-b763-897efd13c9ec:192.168.164.213:39232, 84568b57-9d99-42dc-882b-eae65806f704:192.168.164.213:37329, feaf5d54-1805-49ec-899f-945609733e38:192.168.164.213:39911], old=null
2019-10-24 15:48:08,501 [grpc-default-executor-5] INFO  impl.RaftServerImpl (RaftServerImpl.java:setRole(184)) - 98e78e11-cb4b-48d0-b763-897efd13c9ec@group-05AC48DA6374: changes role from  FOLLOWER to FOLLOWER at term 40 for recognizeCandidate:84568b57-9d99-42dc-882b-eae65806f704
2019-10-24 15:48:08,501 [grpc-default-executor-2] INFO  impl.RaftServerImpl (RaftServerImpl.java:setRole(184)) - feaf5d54-1805-49ec-899f-945609733e38@group-05AC48DA6374: changes role from  FOLLOWER to FOLLOWER at term 40 for recognizeCandidate:84568b57-9d99-42dc-882b-eae65806f704
2019-10-24 15:48:08,501 [grpc-default-executor-5] INFO  impl.RoleInfo (RoleInfo.java:shutdownFollowerState(121)) - 98e78e11-cb4b-48d0-b763-897efd13c9ec: shutdown FollowerState
2019-10-24 15:48:08,501 [grpc-default-executor-2] INFO  impl.RoleInfo (RoleInfo.java:shutdownFollowerState(121)) - feaf5d54-1805-49ec-899f-945609733e38: shutdown FollowerState
2019-10-24 15:48:08,501 [grpc-default-executor-5] INFO  impl.RoleInfo (RoleInfo.java:updateAndGet(143)) - 98e78e11-cb4b-48d0-b763-897efd13c9ec: start FollowerState
2019-10-24 15:48:08,501 [Thread-852] INFO  impl.FollowerState (FollowerState.java:run(117)) - 98e78e11-cb4b-48d0-b763-897efd13c9ec@group-05AC48DA6374-FollowerState was interrupted: java.lang.InterruptedException: sleep interrupted
2019-10-24 15:48:08,501 [grpc-default-executor-2] INFO  impl.RoleInfo (RoleInfo.java:updateAndGet(143)) - feaf5d54-1805-49ec-899f-945609733e38: start FollowerState
2019-10-24 15:48:08,501 [Thread-853] INFO  impl.FollowerState (FollowerState.java:run(117)) - feaf5d54-1805-49ec-899f-945609733e38@group-05AC48DA6374-FollowerState was interrupted: java.lang.InterruptedException: sleep interrupted
2019-10-24 15:48:08,514 [84568b57-9d99-42dc-882b-eae65806f704@group-05AC48DA6374-LeaderElection44] INFO  impl.LeaderElection (LeaderElection.java:logAndReturn(56)) - 84568b57-9d99-42dc-882b-eae65806f704@group-05AC48DA6374-LeaderElection44: Election TIMEOUT; received 0 response(s) [] and 0 exception(s); 84568b57-9d99-42dc-882b-eae65806f704@group-05AC48DA6374:t40, leader=null, voted=84568b57-9d99-42dc-882b-eae65806f704, raftlog=84568b57-9d99-42dc-882b-eae65806f704@group-05AC48DA6374-SegmentedRaftLog:OPENED:c3,f4,i4, conf=0: [98e78e11-cb4b-48d0-b763-897efd13c9ec:192.168.164.213:39232, 84568b57-9d99-42dc-882b-eae65806f704:192.168.164.213:37329, feaf5d54-1805-49ec-899f-945609733e38:192.168.164.213:39911], old=null
2019-10-24 15:48:08,521 [feaf5d54-1805-49ec-899f-945609733e38@group-CE75851C0F4B-LeaderElection45] INFO  impl.LeaderElection (LeaderElection.java:askForVotes(178)) - feaf5d54-1805-49ec-899f-945609733e38@group-CE75851C0F4B-LeaderElection45: begin an election at term 8 for -1: [98e78e11-cb4b-48d0-b763-897efd13c9ec:192.168.164.213:39232, 84568b57-9d99-42dc-882b-eae65806f704:192.168.164.213:37329, feaf5d54-1805-49ec-899f-945609733e38:192.168.164.213:39911], old=null
2019-10-24 15:48:08,523 [84568b57-9d99-42dc-882b-eae65806f704@group-05AC48DA6374-LeaderElection44] INFO  impl.LeaderElection (LeaderElection.java:askForVotes(178)) - 84568b57-9d99-42dc-882b-eae65806f704@group-05AC48DA6374-LeaderElection44: begin an election at term 41 for 0: [98e78e11-cb4b-48d0-b763-897efd13c9ec:192.168.164.213:39232, 84568b57-9d99-42dc-882b-eae65806f704:192.168.164.213:37329, feaf5d54-1805-49ec-899f-945609733e38:192.168.164.213:39911], old=null
2019-10-24 15:48:08,523 [grpc-default-executor-2] INFO  impl.RaftServerImpl (RaftServerImpl.java:setRole(184)) - 98e78e11-cb4b-48d0-b763-897efd13c9ec@group-CE75851C0F4B: changes role from  FOLLOWER to FOLLOWER at term 8 for recognizeCandidate:feaf5d54-1805-49ec-899f-945609733e38
2019-10-24 15:48:08,524 [grpc-default-executor-2] INFO  impl.RoleInfo (RoleInfo.java:shutdownFollowerState(121)) - 98e78e11-cb4b-48d0-b763-897efd13c9ec: shutdown FollowerState
2019-10-24 15:48:08,524 [grpc-default-executor-2] INFO  impl.RoleInfo (RoleInfo.java:updateAndGet(143)) - 98e78e11-cb4b-48d0-b763-897efd13c9ec: start FollowerState
2019-10-24 15:48:08,524 [grpc-default-executor-5] INFO  impl.RaftServerImpl (RaftServerImpl.java:setRole(184)) - 84568b57-9d99-42dc-882b-eae65806f704@group-CE75851C0F4B: changes role from  FOLLOWER to FOLLOWER at term 8 for recognizeCandidate:feaf5d54-1805-49ec-899f-945609733e38
2019-10-24 15:48:08,524 [Thread-858] INFO  impl.FollowerState (FollowerState.java:run(117)) - 98e78e11-cb4b-48d0-b763-897efd13c9ec@group-CE75851C0F4B-FollowerState was interrupted: java.lang.InterruptedException: sleep interrupted
2019-10-24 15:48:08,524 [grpc-default-executor-5] INFO  impl.RoleInfo (RoleInfo.java:shutdownFollowerState(121)) - 84568b57-9d99-42dc-882b-eae65806f704: shutdown FollowerState
2019-10-24 15:48:08,525 [Thread-859] INFO  impl.FollowerState (FollowerState.java:run(117)) - 84568b57-9d99-42dc-882b-eae65806f704@group-CE75851C0F4B-FollowerState was interrupted: java.lang.InterruptedException: sleep interrupted
2019-10-24 15:48:08,525 [grpc-default-executor-5] INFO  impl.RoleInfo (RoleInfo.java:updateAndGet(143)) - 84568b57-9d99-42dc-882b-eae65806f704: start FollowerState
2019-10-24 15:48:08,526 [grpc-default-executor-0] INFO  impl.RaftServerImpl (RaftServerImpl.java:setRole(184)) - 98e78e11-cb4b-48d0-b763-897efd13c9ec@group-05AC48DA6374: changes role from  FOLLOWER to FOLLOWER at term 41 for recognizeCandidate:84568b57-9d99-42dc-882b-eae65806f704
2019-10-24 15:48:08,526 [grpc-default-executor-0] INFO  impl.RoleInfo (RoleInfo.java:shutdownFollowerState(121)) - 98e78e11-cb4b-48d0-b763-897efd13c9ec: shutdown FollowerState
2019-10-24 15:48:08,526 [grpc-default-executor-0] INFO  impl.RoleInfo (RoleInfo.java:updateAndGet(143)) - 98e78e11-cb4b-48d0-b763-897efd13c9ec: start FollowerState
2019-10-24 15:48:08,526 [Thread-865] INFO  impl.FollowerState (FollowerState.java:run(117)) - 98e78e11-cb4b-48d0-b763-897efd13c9ec@group-05AC48DA6374-FollowerState was interrupted: java.lang.InterruptedException: sleep interrupted
2019-10-24 15:48:08,526 [grpc-default-executor-4] INFO  impl.RaftServerImpl (RaftServerImpl.java:setRole(184)) - feaf5d54-1805-49ec-899f-945609733e38@group-05AC48DA6374: changes role from  FOLLOWER to FOLLOWER at term 41 for recognizeCandidate:84568b57-9d99-42dc-882b-eae65806f704
2019-10-24 15:48:08,527 [grpc-default-executor-4] INFO  impl.RoleInfo (RoleInfo.java:shutdownFollowerState(121)) - feaf5d54-1805-49ec-899f-945609733e38: shutdown FollowerState
2019-10-24 15:48:08,527 [grpc-default-executor-4] INFO  impl.RoleInfo (RoleInfo.java:updateAndGet(143)) - feaf5d54-1805-49ec-899f-945609733e38: start FollowerState
2019-10-24 15:48:08,527 [Command processor thread] INFO  commandhandler.DeleteBlocksCommandHandler (DeleteBlocksCommandHandler.java:handle(106)) - Start to delete container blocks, TXIDs=[1(0)], numOfContainers=1, numOfBlocks=1
2019-10-24 15:48:08,527 [EventQueue-PendingDeleteStatusForPendingDeleteHandler] INFO  block.SCMBlockDeletingService (SCMBlockDeletingService.java:handlePendingDeletes(115)) - Block deletion txnID mismatch in datanode 84568b57-9d99-42dc-882b-eae65806f704 for containerID 1. Datanode delete txnID: 0, SCM txnID: 1
2019-10-24 15:48:08,527 [Thread-866] INFO  impl.FollowerState (FollowerState.java:run(117)) - feaf5d54-1805-49ec-899f-945609733e38@group-05AC48DA6374-FollowerState was interrupted: java.lang.InterruptedException: sleep interrupted
2019-10-24 15:48:08,528 [Command processor thread] INFO  commandhandler.DeleteBlocksCommandHandler (DeleteBlocksCommandHandler.java:handle(106)) - Start to delete container blocks, TXIDs=[1(2)], numOfContainers=1, numOfBlocks=1
2019-10-24 15:48:08,528 [Command processor thread] INFO  commandhandler.DeleteBlocksCommandHandler (DeleteBlocksCommandHandler.java:handle(106)) - Start to delete container blocks, TXIDs=[1(0)], numOfContainers=1, numOfBlocks=1
2019-10-24 15:48:08,529 [Command processor thread] INFO  commandhandler.DeleteBlocksCommandHandler (DeleteBlocksCommandHandler.java:handle(106)) - Start to delete container blocks, TXIDs=[1(2)], numOfContainers=1, numOfBlocks=1
2019-10-24 15:48:08,529 [Command processor thread] INFO  commandhandler.DeleteBlocksCommandHandler (DeleteBlocksCommandHandler.java:handle(106)) - Start to delete container blocks, TXIDs=[1(2)], numOfContainers=1, numOfBlocks=1
2019-10-24 15:48:08,529 [Command processor thread] INFO  commandhandler.DeleteBlocksCommandHandler (DeleteBlocksCommandHandler.java:handle(106)) - Start to delete container blocks, TXIDs=[1(0)], numOfContainers=1, numOfBlocks=1
2019-10-24 15:48:08,529 [Command processor thread] INFO  commandhandler.DeleteBlocksCommandHandler (DeleteBlocksCommandHandler.java:handle(106)) - Start to delete container blocks, TXIDs=[1(2)], numOfContainers=1, numOfBlocks=1
2019-10-24 15:48:08,530 [Command processor thread] INFO  commandhandler.DeleteBlocksCommandHandler (DeleteBlocksCommandHandler.java:handle(106)) - Start to delete container blocks, TXIDs=[1(0)], numOfContainers=1, numOfBlocks=1
2019-10-24 15:48:08,530 [Command processor thread] INFO  commandhandler.DeleteBlocksCommandHandler (DeleteBlocksCommandHandler.java:handle(106)) - Start to delete container blocks, TXIDs=[1(2)], numOfContainers=1, numOfBlocks=1
2019-10-24 15:48:08,530 [Command processor thread] INFO  commandhandler.DeleteBlocksCommandHandler (DeleteBlocksCommandHandler.java:handle(106)) - Start to delete container blocks, TXIDs=[1(2)], numOfContainers=1, numOfBlocks=1
2019-10-24 15:48:08,530 [Command processor thread] INFO  commandhandler.DeleteBlocksCommandHandler (DeleteBlocksCommandHandler.java:handle(106)) - Start to delete container blocks, TXIDs=[1(2)], numOfContainers=1, numOfBlocks=1
2019-10-24 15:48:08,531 [Command processor thread] INFO  commandhandler.DeleteBlocksCommandHandler (DeleteBlocksCommandHandler.java:handle(106)) - Start to delete container blocks, TXIDs=[1(2)], numOfContainers=1, numOfBlocks=1
2019-10-24 15:48:08,531 [Command processor thread] INFO  commandhandler.DeleteBlocksCommandHandler (DeleteBlocksCommandHandler.java:handle(106)) - Start to delete container blocks, TXIDs=[1(0)], numOfContainers=1, numOfBlocks=1
2019-10-24 15:48:08,531 [Command processor thread] INFO  commandhandler.DeleteBlocksCommandHandler (DeleteBlocksCommandHandler.java:handle(106)) - Start to delete container blocks, TXIDs=[1(2)], numOfContainers=1, numOfBlocks=1
2019-10-24 15:48:08,531 [Command processor thread] INFO  commandhandler.DeleteBlocksCommandHandler (DeleteBlocksCommandHandler.java:handle(106)) - Start to delete container blocks, TXIDs=[1(2)], numOfContainers=1, numOfBlocks=1
2019-10-24 15:48:08,532 [Command processor thread] INFO  commandhandler.DeleteBlocksCommandHandler (DeleteBlocksCommandHandler.java:handle(106)) - Start to delete container blocks, TXIDs=[1(0)], numOfContainers=1, numOfBlocks=1
2019-10-24 15:48:08,532 [Command processor thread] INFO  commandhandler.DeleteBlocksCommandHandler (DeleteBlocksCommandHandler.java:handle(106)) - Start to delete container blocks, TXIDs=[1(2)], numOfContainers=1, numOfBlocks=1
2019-10-24 15:48:08,532 [Command processor thread] INFO  commandhandler.DeleteBlocksCommandHandler (DeleteBlocksCommandHandler.java:handle(106)) - Start to delete container blocks, TXIDs=[1(2)], numOfContainers=1, numOfBlocks=1
2019-10-24 15:48:08,532 [Command processor thread] INFO  commandhandler.DeleteBlocksCommandHandler (DeleteBlocksCommandHandler.java:handle(106)) - Start to delete container blocks, TXIDs=[1(2)], numOfContainers=1, numOfBlocks=1
2019-10-24 15:48:08,533 [Command processor thread] INFO  commandhandler.DeleteBlocksCommandHandler (DeleteBlocksCommandHandler.java:handle(106)) - Start to delete container blocks, TXIDs=[1(2)], numOfContainers=1, numOfBlocks=1
2019-10-24 15:48:08,533 [Command processor thread] INFO  commandhandler.DeleteBlocksCommandHandler (DeleteBlocksCommandHandler.java:handle(106)) - Start to delete container blocks, TXIDs=[1(2)], numOfContainers=1, numOfBlocks=1
2019-10-24 15:48:08,533 [Command processor thread] INFO  commandhandler.DeleteBlocksCommandHandler (DeleteBlocksCommandHandler.java:handle(106)) - Start to delete container blocks, TXIDs=[1(0)], numOfContainers=1, numOfBlocks=1
2019-10-24 15:48:08,533 [Command processor thread] INFO  commandhandler.DeleteBlocksCommandHandler (DeleteBlocksCommandHandler.java:handle(106)) - Start to delete container blocks, TXIDs=[1(2)], numOfContainers=1, numOfBlocks=1
2019-10-24 15:48:08,534 [Command processor thread] INFO  commandhandler.DeleteBlocksCommandHandler (DeleteBlocksCommandHandler.java:handle(106)) - Start to delete container blocks, TXIDs=[1(2)], numOfContainers=1, numOfBlocks=1
2019-10-24 15:48:08,534 [Command processor thread] INFO  commandhandler.DeleteBlocksCommandHandler (DeleteBlocksCommandHandler.java:handle(106)) - Start to delete container blocks, TXIDs=[1(2)], numOfContainers=1, numOfBlocks=1
2019-10-24 15:48:08,534 [Command processor thread] INFO  commandhandler.DeleteBlocksCommandHandler (DeleteBlocksCommandHandler.java:handle(106)) - Start to delete container blocks, TXIDs=[1(2)], numOfContainers=1, numOfBlocks=1
2019-10-24 15:48:08,534 [Command processor thread] INFO  commandhandler.DeleteBlocksCommandHandler (DeleteBlocksCommandHandler.java:handle(106)) - Start to delete container blocks, TXIDs=[1(2)], numOfContainers=1, numOfBlocks=1
2019-10-24 15:48:08,535 [Command processor thread] INFO  commandhandler.DeleteBlocksCommandHandler (DeleteBlocksCommandHandler.java:handle(106)) - Start to delete container blocks, TXIDs=[1(2)], numOfContainers=1, numOfBlocks=1
2019-10-24 15:48:08,535 [Command processor thread] INFO  commandhandler.DeleteBlocksCommandHandler (DeleteBlocksCommandHandler.java:handle(106)) - Start to delete container blocks, TXIDs=[1(0)], numOfContainers=1, numOfBlocks=1
2019-10-24 15:48:08,535 [Command processor thread] INFO  commandhandler.DeleteBlocksCommandHandler (DeleteBlocksCommandHandler.java:handle(106)) - Start to delete container blocks, TXIDs=[1(2)], numOfContainers=1, numOfBlocks=1
2019-10-24 15:48:08,535 [Command processor thread] INFO  commandhandler.DeleteBlocksCommandHandler (DeleteBlocksCommandHandler.java:handle(106)) - Start to delete container blocks, TXIDs=[1(2)], numOfContainers=1, numOfBlocks=1
2019-10-24 15:48:08,536 [Command processor thread] INFO  commandhandler.DeleteBlocksCommandHandler (DeleteBlocksCommandHandler.java:handle(106)) - Start to delete container blocks, TXIDs=[1(2)], numOfContainers=1, numOfBlocks=1
2019-10-24 15:48:08,536 [Command processor thread] INFO  commandhandler.DeleteBlocksCommandHandler (DeleteBlocksCommandHandler.java:handle(106)) - Start to delete container blocks, TXIDs=[1(2)], numOfContainers=1, numOfBlocks=1
2019-10-24 15:48:08,536 [Command processor thread] INFO  commandhandler.DeleteBlocksCommandHandler (DeleteBlocksCommandHandler.java:handle(106)) - Start to delete container blocks, TXIDs=[1(2)], numOfContainers=1, numOfBlocks=1
2019-10-24 15:48:08,536 [Command processor thread] INFO  commandhandler.DeleteBlocksCommandHandler (DeleteBlocksCommandHandler.java:handle(106)) - Start to delete container blocks, TXIDs=[1(2)], numOfContainers=1, numOfBlocks=1
2019-10-24 15:48:08,537 [Command processor thread] INFO  commandhandler.DeleteBlocksCommandHandler (DeleteBlocksCommandHandler.java:handle(106)) - Start to delete container blocks, TXIDs=[1(2)], numOfContainers=1, numOfBlocks=1
2019-10-24 15:48:08,537 [Command processor thread] INFO  commandhandler.DeleteBlocksCommandHandler (DeleteBlocksCommandHandler.java:handle(106)) - Start to delete container blocks, TXIDs=[1(0)], numOfContainers=1, numOfBlocks=1
2019-10-24 15:48:08,537 [Command processor thread] INFO  commandhandler.DeleteBlocksCommandHandler (DeleteBlocksCommandHandler.java:handle(106)) - Start to delete container blocks, TXIDs=[1(2)], numOfContainers=1, numOfBlocks=1
2019-10-24 15:48:08,537 [Command processor thread] INFO  commandhandler.DeleteBlocksCommandHandler (DeleteBlocksCommandHandler.java:handle(106)) - Start to delete container blocks, TXIDs=[1(38)], numOfContainers=1, numOfBlocks=1
2019-10-24 15:48:08,538 [Command processor thread] INFO  commandhandler.DeleteBlocksCommandHandler (DeleteBlocksCommandHandler.java:handle(106)) - Start to delete container blocks, TXIDs=[1(2)], numOfContainers=1, numOfBlocks=1
2019-10-24 15:48:08,538 [Command processor thread] INFO  commandhandler.DeleteBlocksCommandHandler (DeleteBlocksCommandHandler.java:handle(106)) - Start to delete container blocks, TXIDs=[1(2)], numOfContainers=1, numOfBlocks=1
2019-10-24 15:48:08,538 [Command processor thread] INFO  commandhandler.DeleteBlocksCommandHandler (DeleteBlocksCommandHandler.java:handle(106)) - Start to delete container blocks, TXIDs=[1(2)], numOfContainers=1, numOfBlocks=1
2019-10-24 15:48:08,538 [Command processor thread] INFO  commandhandler.DeleteBlocksCommandHandler (DeleteBlocksCommandHandler.java:handle(106)) - Start to delete container blocks, TXIDs=[1(2)], numOfContainers=1, numOfBlocks=1
2019-10-24 15:48:08,539 [Command processor thread] INFO  commandhandler.DeleteBlocksCommandHandler (DeleteBlocksCommandHandler.java:handle(106)) - Start to delete container blocks, TXIDs=[1(2)], numOfContainers=1, numOfBlocks=1
2019-10-24 15:48:08,539 [Command processor thread] INFO  commandhandler.DeleteBlocksCommandHandler (DeleteBlocksCommandHandler.java:handle(106)) - Start to delete container blocks, TXIDs=[1(2)], numOfContainers=1, numOfBlocks=1
2019-10-24 15:48:08,548 [84568b57-9d99-42dc-882b-eae65806f704@group-05AC48DA6374-LeaderElection44] INFO  impl.LeaderElection (LeaderElection.java:logAndReturn(56)) - 84568b57-9d99-42dc-882b-eae65806f704@group-05AC48DA6374-LeaderElection44: Election REJECTED; received 2 response(s) [84568b57-9d99-42dc-882b-eae65806f704<-98e78e11-cb4b-48d0-b763-897efd13c9ec#0:FAIL-t41, 84568b57-9d99-42dc-882b-eae65806f704<-feaf5d54-1805-49ec-899f-945609733e38#0:FAIL-t41] and 0 exception(s); 84568b57-9d99-42dc-882b-eae65806f704@group-05AC48DA6374:t41, leader=null, voted=84568b57-9d99-42dc-882b-eae65806f704, raftlog=84568b57-9d99-42dc-882b-eae65806f704@group-05AC48DA6374-SegmentedRaftLog:OPENED:c3,f4,i4, conf=0: [98e78e11-cb4b-48d0-b763-897efd13c9ec:192.168.164.213:39232, 84568b57-9d99-42dc-882b-eae65806f704:192.168.164.213:37329, feaf5d54-1805-49ec-899f-945609733e38:192.168.164.213:39911], old=null
2019-10-24 15:48:08,548 [feaf5d54-1805-49ec-899f-945609733e38@group-CE75851C0F4B-LeaderElection45] INFO  impl.LeaderElection (LeaderElection.java:logAndReturn(56)) - feaf5d54-1805-49ec-899f-945609733e38@group-CE75851C0F4B-LeaderElection45: Election REJECTED; received 2 response(s) [feaf5d54-1805-49ec-899f-945609733e38<-98e78e11-cb4b-48d0-b763-897efd13c9ec#0:FAIL-t8, feaf5d54-1805-49ec-899f-945609733e38<-84568b57-9d99-42dc-882b-eae65806f704#0:FAIL-t8] and 0 exception(s); feaf5d54-1805-49ec-899f-945609733e38@group-CE75851C0F4B:t8, leader=null, voted=feaf5d54-1805-49ec-899f-945609733e38, raftlog=feaf5d54-1805-49ec-899f-945609733e38@group-CE75851C0F4B-SegmentedRaftLog:OPENED:c-1,f-1,i0, conf=-1: [98e78e11-cb4b-48d0-b763-897efd13c9ec:192.168.164.213:39232, 84568b57-9d99-42dc-882b-eae65806f704:192.168.164.213:37329, feaf5d54-1805-49ec-899f-945609733e38:192.168.164.213:39911], old=null
2019-10-24 15:48:08,548 [84568b57-9d99-42dc-882b-eae65806f704@group-05AC48DA6374-LeaderElection44] INFO  impl.RaftServerImpl (RaftServerImpl.java:setRole(184)) - 84568b57-9d99-42dc-882b-eae65806f704@group-05AC48DA6374: changes role from CANDIDATE to FOLLOWER at term 41 for DISCOVERED_A_NEW_TERM
2019-10-24 15:48:08,548 [feaf5d54-1805-49ec-899f-945609733e38@group-CE75851C0F4B-LeaderElection45] INFO  impl.RaftServerImpl (RaftServerImpl.java:setRole(184)) - feaf5d54-1805-49ec-899f-945609733e38@group-CE75851C0F4B: changes role from CANDIDATE to FOLLOWER at term 8 for DISCOVERED_A_NEW_TERM
2019-10-24 15:48:08,548 [84568b57-9d99-42dc-882b-eae65806f704@group-05AC48DA6374-LeaderElection44] INFO  impl.RoleInfo (RoleInfo.java:shutdownLeaderElection(134)) - 84568b57-9d99-42dc-882b-eae65806f704: shutdown LeaderElection
2019-10-24 15:48:08,549 [feaf5d54-1805-49ec-899f-945609733e38@group-CE75851C0F4B-LeaderElection45] INFO  impl.RoleInfo (RoleInfo.java:shutdownLeaderElection(134)) - feaf5d54-1805-49ec-899f-945609733e38: shutdown LeaderElection
2019-10-24 15:48:08,549 [84568b57-9d99-42dc-882b-eae65806f704@group-05AC48DA6374-LeaderElection44] INFO  impl.RoleInfo (RoleInfo.java:updateAndGet(143)) - 84568b57-9d99-42dc-882b-eae65806f704: start FollowerState
2019-10-24 15:48:08,549 [feaf5d54-1805-49ec-899f-945609733e38@group-CE75851C0F4B-LeaderElection45] INFO  impl.RoleInfo (RoleInfo.java:updateAndGet(143)) - feaf5d54-1805-49ec-899f-945609733e38: start FollowerState
2019-10-24 15:48:08,582 [Thread-876] INFO  impl.FollowerState (FollowerState.java:run(108)) - 84568b57-9d99-42dc-882b-eae65806f704@group-05AC48DA6374-FollowerState: change to CANDIDATE, lastRpcTime:33ms, electionTimeout:33ms
2019-10-24 15:48:08,582 [Thread-876] INFO  impl.RoleInfo (RoleInfo.java:shutdownFollowerState(121)) - 84568b57-9d99-42dc-882b-eae65806f704: shutdown FollowerState
2019-10-24 15:48:08,582 [Thread-876] INFO  impl.RaftServerImpl (RaftServerImpl.java:setRole(184)) - 84568b57-9d99-42dc-882b-eae65806f704@group-05AC48DA6374: changes role from  FOLLOWER to CANDIDATE at term 41 for changeToCandidate
2019-10-24 15:48:08,583 [Thread-876] INFO  impl.RoleInfo (RoleInfo.java:updateAndGet(143)) - 84568b57-9d99-42dc-882b-eae65806f704: start LeaderElection
2019-10-24 15:48:08,598 [84568b57-9d99-42dc-882b-eae65806f704@group-05AC48DA6374-LeaderElection46] INFO  impl.LeaderElection (LeaderElection.java:askForVotes(178)) - 84568b57-9d99-42dc-882b-eae65806f704@group-05AC48DA6374-LeaderElection46: begin an election at term 42 for 0: [98e78e11-cb4b-48d0-b763-897efd13c9ec:192.168.164.213:39232, 84568b57-9d99-42dc-882b-eae65806f704:192.168.164.213:37329, feaf5d54-1805-49ec-899f-945609733e38:192.168.164.213:39911], old=null
2019-10-24 15:48:08,601 [grpc-default-executor-0] INFO  impl.RaftServerImpl (RaftServerImpl.java:setRole(184)) - feaf5d54-1805-49ec-899f-945609733e38@group-05AC48DA6374: changes role from  FOLLOWER to FOLLOWER at term 42 for recognizeCandidate:84568b57-9d99-42dc-882b-eae65806f704
2019-10-24 15:48:08,601 [grpc-default-executor-2] INFO  impl.RaftServerImpl (RaftServerImpl.java:setRole(184)) - 98e78e11-cb4b-48d0-b763-897efd13c9ec@group-05AC48DA6374: changes role from  FOLLOWER to FOLLOWER at term 42 for recognizeCandidate:84568b57-9d99-42dc-882b-eae65806f704
2019-10-24 15:48:08,601 [grpc-default-executor-0] INFO  impl.RoleInfo (RoleInfo.java:shutdownFollowerState(121)) - feaf5d54-1805-49ec-899f-945609733e38: shutdown FollowerState
2019-10-24 15:48:08,602 [grpc-default-executor-2] INFO  impl.RoleInfo (RoleInfo.java:shutdownFollowerState(121)) - 98e78e11-cb4b-48d0-b763-897efd13c9ec: shutdown FollowerState
2019-10-24 15:48:08,602 [Thread-874] INFO  impl.FollowerState (FollowerState.java:run(117)) - feaf5d54-1805-49ec-899f-945609733e38@group-05AC48DA6374-FollowerState was interrupted: java.lang.InterruptedException: sleep interrupted
2019-10-24 15:48:08,602 [grpc-default-executor-0] INFO  impl.RoleInfo (RoleInfo.java:updateAndGet(143)) - feaf5d54-1805-49ec-899f-945609733e38: start FollowerState
2019-10-24 15:48:08,602 [Thread-873] INFO  impl.FollowerState (FollowerState.java:run(117)) - 98e78e11-cb4b-48d0-b763-897efd13c9ec@group-05AC48DA6374-FollowerState was interrupted: java.lang.InterruptedException: sleep interrupted
2019-10-24 15:48:08,602 [grpc-default-executor-2] INFO  impl.RoleInfo (RoleInfo.java:updateAndGet(143)) - 98e78e11-cb4b-48d0-b763-897efd13c9ec: start FollowerState
2019-10-24 15:48:08,629 [84568b57-9d99-42dc-882b-eae65806f704@group-05AC48DA6374-LeaderElection46] INFO  impl.LeaderElection (LeaderElection.java:logAndReturn(56)) - 84568b57-9d99-42dc-882b-eae65806f704@group-05AC48DA6374-LeaderElection46: Election REJECTED; received 2 response(s) [84568b57-9d99-42dc-882b-eae65806f704<-98e78e11-cb4b-48d0-b763-897efd13c9ec#0:FAIL-t42, 84568b57-9d99-42dc-882b-eae65806f704<-feaf5d54-1805-49ec-899f-945609733e38#0:FAIL-t42] and 0 exception(s); 84568b57-9d99-42dc-882b-eae65806f704@group-05AC48DA6374:t42, leader=null, voted=84568b57-9d99-42dc-882b-eae65806f704, raftlog=84568b57-9d99-42dc-882b-eae65806f704@group-05AC48DA6374-SegmentedRaftLog:OPENED:c3,f4,i4, conf=0: [98e78e11-cb4b-48d0-b763-897efd13c9ec:192.168.164.213:39232, 84568b57-9d99-42dc-882b-eae65806f704:192.168.164.213:37329, feaf5d54-1805-49ec-899f-945609733e38:192.168.164.213:39911], old=null
2019-10-24 15:48:08,629 [84568b57-9d99-42dc-882b-eae65806f704@group-05AC48DA6374-LeaderElection46] INFO  impl.RaftServerImpl (RaftServerImpl.java:setRole(184)) - 84568b57-9d99-42dc-882b-eae65806f704@group-05AC48DA6374: changes role from CANDIDATE to FOLLOWER at term 42 for DISCOVERED_A_NEW_TERM
2019-10-24 15:48:08,629 [84568b57-9d99-42dc-882b-eae65806f704@group-05AC48DA6374-LeaderElection46] INFO  impl.RoleInfo (RoleInfo.java:shutdownLeaderElection(134)) - 84568b57-9d99-42dc-882b-eae65806f704: shutdown LeaderElection
2019-10-24 15:48:08,630 [84568b57-9d99-42dc-882b-eae65806f704@group-05AC48DA6374-LeaderElection46] INFO  impl.RoleInfo (RoleInfo.java:updateAndGet(143)) - 84568b57-9d99-42dc-882b-eae65806f704: start FollowerState
2019-10-24 15:48:08,685 [Thread-883] INFO  impl.FollowerState (FollowerState.java:run(108)) - 84568b57-9d99-42dc-882b-eae65806f704@group-05AC48DA6374-FollowerState: change to CANDIDATE, lastRpcTime:55ms, electionTimeout:55ms
2019-10-24 15:48:08,685 [Thread-883] INFO  impl.RoleInfo (RoleInfo.java:shutdownFollowerState(121)) - 84568b57-9d99-42dc-882b-eae65806f704: shutdown FollowerState
2019-10-24 15:48:08,686 [Thread-883] INFO  impl.RaftServerImpl (RaftServerImpl.java:setRole(184)) - 84568b57-9d99-42dc-882b-eae65806f704@group-05AC48DA6374: changes role from  FOLLOWER to CANDIDATE at term 42 for changeToCandidate
2019-10-24 15:48:08,686 [Thread-883] INFO  impl.RoleInfo (RoleInfo.java:updateAndGet(143)) - 84568b57-9d99-42dc-882b-eae65806f704: start LeaderElection
2019-10-24 15:48:08,700 [84568b57-9d99-42dc-882b-eae65806f704@group-05AC48DA6374-LeaderElection47] INFO  impl.LeaderElection (LeaderElection.java:askForVotes(178)) - 84568b57-9d99-42dc-882b-eae65806f704@group-05AC48DA6374-LeaderElection47: begin an election at term 43 for 0: [98e78e11-cb4b-48d0-b763-897efd13c9ec:192.168.164.213:39232, 84568b57-9d99-42dc-882b-eae65806f704:192.168.164.213:37329, feaf5d54-1805-49ec-899f-945609733e38:192.168.164.213:39911], old=null
2019-10-24 15:48:08,703 [grpc-default-executor-0] INFO  impl.RaftServerImpl (RaftServerImpl.java:setRole(184)) - 98e78e11-cb4b-48d0-b763-897efd13c9ec@group-05AC48DA6374: changes role from  FOLLOWER to FOLLOWER at term 43 for recognizeCandidate:84568b57-9d99-42dc-882b-eae65806f704
2019-10-24 15:48:08,703 [grpc-default-executor-2] INFO  impl.RaftServerImpl (RaftServerImpl.java:setRole(184)) - feaf5d54-1805-49ec-899f-945609733e38@group-05AC48DA6374: changes role from  FOLLOWER to FOLLOWER at term 43 for recognizeCandidate:84568b57-9d99-42dc-882b-eae65806f704
2019-10-24 15:48:08,703 [grpc-default-executor-0] INFO  impl.RoleInfo (RoleInfo.java:shutdownFollowerState(121)) - 98e78e11-cb4b-48d0-b763-897efd13c9ec: shutdown FollowerState
2019-10-24 15:48:08,703 [grpc-default-executor-2] INFO  impl.RoleInfo (RoleInfo.java:shutdownFollowerState(121)) - feaf5d54-1805-49ec-899f-945609733e38: shutdown FollowerState
2019-10-24 15:48:08,703 [grpc-default-executor-0] INFO  impl.RoleInfo (RoleInfo.java:updateAndGet(143)) - 98e78e11-cb4b-48d0-b763-897efd13c9ec: start FollowerState
2019-10-24 15:48:08,703 [Thread-882] INFO  impl.FollowerState (FollowerState.java:run(117)) - 98e78e11-cb4b-48d0-b763-897efd13c9ec@group-05AC48DA6374-FollowerState was interrupted: java.lang.InterruptedException: sleep interrupted
2019-10-24 15:48:08,703 [Thread-881] INFO  impl.FollowerState (FollowerState.java:run(117)) - feaf5d54-1805-49ec-899f-945609733e38@group-05AC48DA6374-FollowerState was interrupted: java.lang.InterruptedException: sleep interrupted
2019-10-24 15:48:08,703 [grpc-default-executor-2] INFO  impl.RoleInfo (RoleInfo.java:updateAndGet(143)) - feaf5d54-1805-49ec-899f-945609733e38: start FollowerState
2019-10-24 15:48:08,705 [Thread-877] INFO  impl.FollowerState (FollowerState.java:run(108)) - feaf5d54-1805-49ec-899f-945609733e38@group-CE75851C0F4B-FollowerState: change to CANDIDATE, lastRpcTime:156ms, electionTimeout:156ms
2019-10-24 15:48:08,705 [Thread-877] INFO  impl.RoleInfo (RoleInfo.java:shutdownFollowerState(121)) - feaf5d54-1805-49ec-899f-945609733e38: shutdown FollowerState
2019-10-24 15:48:08,706 [Thread-877] INFO  impl.RaftServerImpl (RaftServerImpl.java:setRole(184)) - feaf5d54-1805-49ec-899f-945609733e38@group-CE75851C0F4B: changes role from  FOLLOWER to CANDIDATE at term 8 for changeToCandidate
2019-10-24 15:48:08,706 [Thread-877] INFO  impl.RoleInfo (RoleInfo.java:updateAndGet(143)) - feaf5d54-1805-49ec-899f-945609733e38: start LeaderElection
2019-10-24 15:48:08,717 [Thread-891] INFO  client.GrpcClientProtocolService (GrpcClientProtocolService.java:lambda$processClientRequest$0(278)) - Failed RaftClientRequest:client-60DA70BF947A->98e78e11-cb4b-48d0-b763-897efd13c9ec@group-05AC48DA6374, cid=10, seq=0, Watch-ALL_COMMITTED(6), Message:<EMPTY>, reply=RaftClientReply:client-60DA70BF947A->98e78e11-cb4b-48d0-b763-897efd13c9ec@group-05AC48DA6374, cid=10, FAILED org.apache.ratis.protocol.NotLeaderException: Server 98e78e11-cb4b-48d0-b763-897efd13c9ec@group-05AC48DA6374 is not the leader, logIndex=0, commits[98e78e11-cb4b-48d0-b763-897efd13c9ec:c10, 84568b57-9d99-42dc-882b-eae65806f704:c4, feaf5d54-1805-49ec-899f-945609733e38:c10]
2019-10-24 15:48:08,719 [feaf5d54-1805-49ec-899f-945609733e38@group-CE75851C0F4B-LeaderElection48] INFO  impl.LeaderElection (LeaderElection.java:askForVotes(178)) - feaf5d54-1805-49ec-899f-945609733e38@group-CE75851C0F4B-LeaderElection48: begin an election at term 9 for -1: [98e78e11-cb4b-48d0-b763-897efd13c9ec:192.168.164.213:39232, 84568b57-9d99-42dc-882b-eae65806f704:192.168.164.213:37329, feaf5d54-1805-49ec-899f-945609733e38:192.168.164.213:39911], old=null
2019-10-24 15:48:08,722 [84568b57-9d99-42dc-882b-eae65806f704@group-05AC48DA6374-LeaderElection47] INFO  impl.LeaderElection (LeaderElection.java:logAndReturn(56)) - 84568b57-9d99-42dc-882b-eae65806f704@group-05AC48DA6374-LeaderElection47: Election REJECTED; received 2 response(s) [84568b57-9d99-42dc-882b-eae65806f704<-98e78e11-cb4b-48d0-b763-897efd13c9ec#0:FAIL-t43, 84568b57-9d99-42dc-882b-eae65806f704<-feaf5d54-1805-49ec-899f-945609733e38#0:FAIL-t43] and 0 exception(s); 84568b57-9d99-42dc-882b-eae65806f704@group-05AC48DA6374:t43, leader=null, voted=84568b57-9d99-42dc-882b-eae65806f704, raftlog=84568b57-9d99-42dc-882b-eae65806f704@group-05AC48DA6374-SegmentedRaftLog:OPENED:c3,f4,i4, conf=0: [98e78e11-cb4b-48d0-b763-897efd13c9ec:192.168.164.213:39232, 84568b57-9d99-42dc-882b-eae65806f704:192.168.164.213:37329, feaf5d54-1805-49ec-899f-945609733e38:192.168.164.213:39911], old=null
2019-10-24 15:48:08,724 [84568b57-9d99-42dc-882b-eae65806f704@group-05AC48DA6374-LeaderElection47] INFO  impl.RaftServerImpl (RaftServerImpl.java:setRole(184)) - 84568b57-9d99-42dc-882b-eae65806f704@group-05AC48DA6374: changes role from CANDIDATE to FOLLOWER at term 43 for DISCOVERED_A_NEW_TERM
2019-10-24 15:48:08,725 [84568b57-9d99-42dc-882b-eae65806f704@group-05AC48DA6374-LeaderElection47] INFO  impl.RoleInfo (RoleInfo.java:shutdownLeaderElection(134)) - 84568b57-9d99-42dc-882b-eae65806f704: shutdown LeaderElection
2019-10-24 15:48:08,725 [84568b57-9d99-42dc-882b-eae65806f704@group-05AC48DA6374-LeaderElection47] INFO  impl.RoleInfo (RoleInfo.java:updateAndGet(143)) - 84568b57-9d99-42dc-882b-eae65806f704: start FollowerState
2019-10-24 15:48:08,725 [grpc-default-executor-0] INFO  impl.RaftServerImpl (RaftServerImpl.java:setRole(184)) - 98e78e11-cb4b-48d0-b763-897efd13c9ec@group-CE75851C0F4B: changes role from  FOLLOWER to FOLLOWER at term 9 for recognizeCandidate:feaf5d54-1805-49ec-899f-945609733e38
2019-10-24 15:48:08,726 [grpc-default-executor-0] INFO  impl.RoleInfo (RoleInfo.java:shutdownFollowerState(121)) - 98e78e11-cb4b-48d0-b763-897efd13c9ec: shutdown FollowerState
2019-10-24 15:48:08,726 [grpc-default-executor-0] INFO  impl.RoleInfo (RoleInfo.java:updateAndGet(143)) - 98e78e11-cb4b-48d0-b763-897efd13c9ec: start FollowerState
2019-10-24 15:48:08,726 [Thread-871] INFO  impl.FollowerState (FollowerState.java:run(117)) - 98e78e11-cb4b-48d0-b763-897efd13c9ec@group-CE75851C0F4B-FollowerState was interrupted: java.lang.InterruptedException: sleep interrupted
2019-10-24 15:48:08,728 [grpc-default-executor-5] INFO  impl.RaftServerImpl (RaftServerImpl.java:setRole(184)) - 84568b57-9d99-42dc-882b-eae65806f704@group-CE75851C0F4B: changes role from  FOLLOWER to FOLLOWER at term 9 for recognizeCandidate:feaf5d54-1805-49ec-899f-945609733e38
2019-10-24 15:48:08,728 [grpc-default-executor-5] INFO  impl.RoleInfo (RoleInfo.java:shutdownFollowerState(121)) - 84568b57-9d99-42dc-882b-eae65806f704: shutdown FollowerState
2019-10-24 15:48:08,728 [grpc-default-executor-5] INFO  impl.RoleInfo (RoleInfo.java:updateAndGet(143)) - 84568b57-9d99-42dc-882b-eae65806f704: start FollowerState
2019-10-24 15:48:08,728 [Thread-872] INFO  impl.FollowerState (FollowerState.java:run(117)) - 84568b57-9d99-42dc-882b-eae65806f704@group-CE75851C0F4B-FollowerState was interrupted: java.lang.InterruptedException: sleep interrupted
2019-10-24 15:48:08,731 [EventQueue-DeleteBlockStatusForDeletedBlockLogImpl] WARN  block.DeletedBlockLogImpl (DeletedBlockLogImpl.java:commitTransactions(205)) - Transaction txId=1 commit by dnId=84568b57-9d99-42dc-882b-eae65806f704 for containerID=#1 failed. Corresponding entry not found.
2019-10-24 15:48:08,731 [EventQueue-DeleteBlockStatusForDeletedBlockLogImpl] WARN  block.DeletedBlockLogImpl (DeletedBlockLogImpl.java:commitTransactions(205)) - Transaction txId=1 commit by dnId=84568b57-9d99-42dc-882b-eae65806f704 for containerID=#1 failed. Corresponding entry not found.
2019-10-24 15:48:08,731 [EventQueue-DeleteBlockStatusForDeletedBlockLogImpl] WARN  block.DeletedBlockLogImpl (DeletedBlockLogImpl.java:commitTransactions(205)) - Transaction txId=1 commit by dnId=84568b57-9d99-42dc-882b-eae65806f704 for containerID=#1 failed. Corresponding entry not found.
2019-10-24 15:48:08,731 [EventQueue-DeleteBlockStatusForDeletedBlockLogImpl] WARN  block.DeletedBlockLogImpl (DeletedBlockLogImpl.java:commitTransactions(205)) - Transaction txId=1 commit by dnId=84568b57-9d99-42dc-882b-eae65806f704 for containerID=#1 failed. Corresponding entry not found.
2019-10-24 15:48:08,731 [EventQueue-DeleteBlockStatusForDeletedBlockLogImpl] WARN  block.DeletedBlockLogImpl (DeletedBlockLogImpl.java:commitTransactions(205)) - Transaction txId=1 commit by dnId=84568b57-9d99-42dc-882b-eae65806f704 for containerID=#1 failed. Corresponding entry not found.
2019-10-24 15:48:08,731 [EventQueue-DeleteBlockStatusForDeletedBlockLogImpl] WARN  block.DeletedBlockLogImpl (DeletedBlockLogImpl.java:commitTransactions(205)) - Transaction txId=1 commit by dnId=84568b57-9d99-42dc-882b-eae65806f704 for containerID=#1 failed. Corresponding entry not found.
2019-10-24 15:48:08,731 [EventQueue-DeleteBlockStatusForDeletedBlockLogImpl] WARN  block.DeletedBlockLogImpl (DeletedBlockLogImpl.java:commitTransactions(205)) - Transaction txId=1 commit by dnId=84568b57-9d99-42dc-882b-eae65806f704 for containerID=#1 failed. Corresponding entry not found.
2019-10-24 15:48:08,731 [EventQueue-DeleteBlockStatusForDeletedBlockLogImpl] WARN  block.DeletedBlockLogImpl (DeletedBlockLogImpl.java:commitTransactions(205)) - Transaction txId=1 commit by dnId=84568b57-9d99-42dc-882b-eae65806f704 for containerID=#1 failed. Corresponding entry not found.
2019-10-24 15:48:08,737 [Thread-895] INFO  impl.FollowerState (FollowerState.java:run(108)) - 84568b57-9d99-42dc-882b-eae65806f704@group-05AC48DA6374-FollowerState: change to CANDIDATE, lastRpcTime:11ms, electionTimeout:11ms
2019-10-24 15:48:08,737 [Thread-895] INFO  impl.RoleInfo (RoleInfo.java:shutdownFollowerState(121)) - 84568b57-9d99-42dc-882b-eae65806f704: shutdown FollowerState
2019-10-24 15:48:08,737 [Thread-895] INFO  impl.RaftServerImpl (RaftServerImpl.java:setRole(184)) - 84568b57-9d99-42dc-882b-eae65806f704@group-05AC48DA6374: changes role from  FOLLOWER to CANDIDATE at term 43 for changeToCandidate
2019-10-24 15:48:08,737 [Thread-895] INFO  impl.RoleInfo (RoleInfo.java:updateAndGet(143)) - 84568b57-9d99-42dc-882b-eae65806f704: start LeaderElection
2019-10-24 15:48:08,753 [84568b57-9d99-42dc-882b-eae65806f704@group-05AC48DA6374-LeaderElection49] INFO  impl.LeaderElection (LeaderElection.java:askForVotes(178)) - 84568b57-9d99-42dc-882b-eae65806f704@group-05AC48DA6374-LeaderElection49: begin an election at term 44 for 0: [98e78e11-cb4b-48d0-b763-897efd13c9ec:192.168.164.213:39232, 84568b57-9d99-42dc-882b-eae65806f704:192.168.164.213:37329, feaf5d54-1805-49ec-899f-945609733e38:192.168.164.213:39911], old=null
2019-10-24 15:48:08,754 [feaf5d54-1805-49ec-899f-945609733e38@group-CE75851C0F4B-LeaderElection48] INFO  impl.LeaderElection (LeaderElection.java:logAndReturn(56)) - feaf5d54-1805-49ec-899f-945609733e38@group-CE75851C0F4B-LeaderElection48: Election REJECTED; received 2 response(s) [feaf5d54-1805-49ec-899f-945609733e38<-98e78e11-cb4b-48d0-b763-897efd13c9ec#0:FAIL-t9, feaf5d54-1805-49ec-899f-945609733e38<-84568b57-9d99-42dc-882b-eae65806f704#0:FAIL-t9] and 0 exception(s); feaf5d54-1805-49ec-899f-945609733e38@group-CE75851C0F4B:t9, leader=null, voted=feaf5d54-1805-49ec-899f-945609733e38, raftlog=feaf5d54-1805-49ec-899f-945609733e38@group-CE75851C0F4B-SegmentedRaftLog:OPENED:c-1,f-1,i0, conf=-1: [98e78e11-cb4b-48d0-b763-897efd13c9ec:192.168.164.213:39232, 84568b57-9d99-42dc-882b-eae65806f704:192.168.164.213:37329, feaf5d54-1805-49ec-899f-945609733e38:192.168.164.213:39911], old=null
2019-10-24 15:48:08,755 [feaf5d54-1805-49ec-899f-945609733e38@group-CE75851C0F4B-LeaderElection48] INFO  impl.RaftServerImpl (RaftServerImpl.java:setRole(184)) - feaf5d54-1805-49ec-899f-945609733e38@group-CE75851C0F4B: changes role from CANDIDATE to FOLLOWER at term 9 for DISCOVERED_A_NEW_TERM
2019-10-24 15:48:08,755 [feaf5d54-1805-49ec-899f-945609733e38@group-CE75851C0F4B-LeaderElection48] INFO  impl.RoleInfo (RoleInfo.java:shutdownLeaderElection(134)) - feaf5d54-1805-49ec-899f-945609733e38: shutdown LeaderElection
2019-10-24 15:48:08,755 [feaf5d54-1805-49ec-899f-945609733e38@group-CE75851C0F4B-LeaderElection48] INFO  impl.RoleInfo (RoleInfo.java:updateAndGet(143)) - feaf5d54-1805-49ec-899f-945609733e38: start FollowerState
2019-10-24 15:48:08,756 [grpc-default-executor-0] INFO  impl.RaftServerImpl (RaftServerImpl.java:setRole(184)) - feaf5d54-1805-49ec-899f-945609733e38@group-05AC48DA6374: changes role from  FOLLOWER to FOLLOWER at term 44 for recognizeCandidate:84568b57-9d99-42dc-882b-eae65806f704
2019-10-24 15:48:08,756 [grpc-default-executor-0] INFO  impl.RoleInfo (RoleInfo.java:shutdownFollowerState(121)) - feaf5d54-1805-49ec-899f-945609733e38: shutdown FollowerState
2019-10-24 15:48:08,756 [grpc-default-executor-0] INFO  impl.RoleInfo (RoleInfo.java:updateAndGet(143)) - feaf5d54-1805-49ec-899f-945609733e38: start FollowerState
2019-10-24 15:48:08,756 [Thread-888] INFO  impl.FollowerState (FollowerState.java:run(117)) - feaf5d54-1805-49ec-899f-945609733e38@group-05AC48DA6374-FollowerState was interrupted: java.lang.InterruptedException: sleep interrupted
2019-10-24 15:48:08,756 [grpc-default-executor-5] INFO  impl.RaftServerImpl (RaftServerImpl.java:setRole(184)) - 98e78e11-cb4b-48d0-b763-897efd13c9ec@group-05AC48DA6374: changes role from  FOLLOWER to FOLLOWER at term 44 for recognizeCandidate:84568b57-9d99-42dc-882b-eae65806f704
2019-10-24 15:48:08,757 [grpc-default-executor-5] INFO  impl.RoleInfo (RoleInfo.java:shutdownFollowerState(121)) - 98e78e11-cb4b-48d0-b763-897efd13c9ec: shutdown FollowerState
2019-10-24 15:48:08,757 [Thread-887] INFO  impl.FollowerState (FollowerState.java:run(117)) - 98e78e11-cb4b-48d0-b763-897efd13c9ec@group-05AC48DA6374-FollowerState was interrupted: java.lang.InterruptedException: sleep interrupted
2019-10-24 15:48:08,757 [grpc-default-executor-5] INFO  impl.RoleInfo (RoleInfo.java:updateAndGet(143)) - 98e78e11-cb4b-48d0-b763-897efd13c9ec: start FollowerState
2019-10-24 15:48:08,771 [84568b57-9d99-42dc-882b-eae65806f704@group-05AC48DA6374-LeaderElection49] INFO  impl.LeaderElection (LeaderElection.java:logAndReturn(56)) - 84568b57-9d99-42dc-882b-eae65806f704@group-05AC48DA6374-LeaderElection49: Election REJECTED; received 2 response(s) [84568b57-9d99-42dc-882b-eae65806f704<-98e78e11-cb4b-48d0-b763-897efd13c9ec#0:FAIL-t44, 84568b57-9d99-42dc-882b-eae65806f704<-feaf5d54-1805-49ec-899f-945609733e38#0:FAIL-t44] and 0 exception(s); 84568b57-9d99-42dc-882b-eae65806f704@group-05AC48DA6374:t44, leader=null, voted=84568b57-9d99-42dc-882b-eae65806f704, raftlog=84568b57-9d99-42dc-882b-eae65806f704@group-05AC48DA6374-SegmentedRaftLog:OPENED:c3,f4,i4, conf=0: [98e78e11-cb4b-48d0-b763-897efd13c9ec:192.168.164.213:39232, 84568b57-9d99-42dc-882b-eae65806f704:192.168.164.213:37329, feaf5d54-1805-49ec-899f-945609733e38:192.168.164.213:39911], old=null
2019-10-24 15:48:08,771 [84568b57-9d99-42dc-882b-eae65806f704@group-05AC48DA6374-LeaderElection49] INFO  impl.RaftServerImpl (RaftServerImpl.java:setRole(184)) - 84568b57-9d99-42dc-882b-eae65806f704@group-05AC48DA6374: changes role from CANDIDATE to FOLLOWER at term 44 for DISCOVERED_A_NEW_TERM
2019-10-24 15:48:08,771 [84568b57-9d99-42dc-882b-eae65806f704@group-05AC48DA6374-LeaderElection49] INFO  impl.RoleInfo (RoleInfo.java:shutdownLeaderElection(134)) - 84568b57-9d99-42dc-882b-eae65806f704: shutdown LeaderElection
2019-10-24 15:48:08,771 [84568b57-9d99-42dc-882b-eae65806f704@group-05AC48DA6374-LeaderElection49] INFO  impl.RoleInfo (RoleInfo.java:updateAndGet(143)) - 84568b57-9d99-42dc-882b-eae65806f704: start FollowerState
2019-10-24 15:48:08,813 [Thread-904] INFO  impl.FollowerState (FollowerState.java:run(108)) - 84568b57-9d99-42dc-882b-eae65806f704@group-05AC48DA6374-FollowerState: change to CANDIDATE, lastRpcTime:41ms, electionTimeout:41ms
2019-10-24 15:48:08,813 [Thread-904] INFO  impl.RoleInfo (RoleInfo.java:shutdownFollowerState(121)) - 84568b57-9d99-42dc-882b-eae65806f704: shutdown FollowerState
2019-10-24 15:48:08,813 [Thread-904] INFO  impl.RaftServerImpl (RaftServerImpl.java:setRole(184)) - 84568b57-9d99-42dc-882b-eae65806f704@group-05AC48DA6374: changes role from  FOLLOWER to CANDIDATE at term 44 for changeToCandidate
2019-10-24 15:48:08,813 [Thread-904] INFO  impl.RoleInfo (RoleInfo.java:updateAndGet(143)) - 84568b57-9d99-42dc-882b-eae65806f704: start LeaderElection
2019-10-24 15:48:08,827 [84568b57-9d99-42dc-882b-eae65806f704@group-05AC48DA6374-LeaderElection50] INFO  impl.LeaderElection (LeaderElection.java:askForVotes(178)) - 84568b57-9d99-42dc-882b-eae65806f704@group-05AC48DA6374-LeaderElection50: begin an election at term 45 for 0: [98e78e11-cb4b-48d0-b763-897efd13c9ec:192.168.164.213:39232, 84568b57-9d99-42dc-882b-eae65806f704:192.168.164.213:37329, feaf5d54-1805-49ec-899f-945609733e38:192.168.164.213:39911], old=null
2019-10-24 15:48:08,830 [grpc-default-executor-5] INFO  impl.RaftServerImpl (RaftServerImpl.java:setRole(184)) - 98e78e11-cb4b-48d0-b763-897efd13c9ec@group-05AC48DA6374: changes role from  FOLLOWER to FOLLOWER at term 45 for recognizeCandidate:84568b57-9d99-42dc-882b-eae65806f704
2019-10-24 15:48:08,830 [grpc-default-executor-0] INFO  impl.RaftServerImpl (RaftServerImpl.java:setRole(184)) - feaf5d54-1805-49ec-899f-945609733e38@group-05AC48DA6374: changes role from  FOLLOWER to FOLLOWER at term 45 for recognizeCandidate:84568b57-9d99-42dc-882b-eae65806f704
2019-10-24 15:48:08,830 [grpc-default-executor-5] INFO  impl.RoleInfo (RoleInfo.java:shutdownFollowerState(121)) - 98e78e11-cb4b-48d0-b763-897efd13c9ec: shutdown FollowerState
2019-10-24 15:48:08,830 [grpc-default-executor-0] INFO  impl.RoleInfo (RoleInfo.java:shutdownFollowerState(121)) - feaf5d54-1805-49ec-899f-945609733e38: shutdown FollowerState
2019-10-24 15:48:08,830 [grpc-default-executor-5] INFO  impl.RoleInfo (RoleInfo.java:updateAndGet(143)) - 98e78e11-cb4b-48d0-b763-897efd13c9ec: start FollowerState
2019-10-24 15:48:08,830 [Thread-903] INFO  impl.FollowerState (FollowerState.java:run(117)) - 98e78e11-cb4b-48d0-b763-897efd13c9ec@group-05AC48DA6374-FollowerState was interrupted: java.lang.InterruptedException: sleep interrupted
2019-10-24 15:48:08,831 [Thread-902] INFO  impl.FollowerState (FollowerState.java:run(117)) - feaf5d54-1805-49ec-899f-945609733e38@group-05AC48DA6374-FollowerState was interrupted: java.lang.InterruptedException: sleep interrupted
2019-10-24 15:48:08,831 [grpc-default-executor-0] INFO  impl.RoleInfo (RoleInfo.java:updateAndGet(143)) - feaf5d54-1805-49ec-899f-945609733e38: start FollowerState
2019-10-24 15:48:08,843 [84568b57-9d99-42dc-882b-eae65806f704@group-05AC48DA6374-LeaderElection50] INFO  impl.LeaderElection (LeaderElection.java:logAndReturn(56)) - 84568b57-9d99-42dc-882b-eae65806f704@group-05AC48DA6374-LeaderElection50: Election TIMEOUT; received 0 response(s) [] and 0 exception(s); 84568b57-9d99-42dc-882b-eae65806f704@group-05AC48DA6374:t45, leader=null, voted=84568b57-9d99-42dc-882b-eae65806f704, raftlog=84568b57-9d99-42dc-882b-eae65806f704@group-05AC48DA6374-SegmentedRaftLog:OPENED:c3,f4,i4, conf=0: [98e78e11-cb4b-48d0-b763-897efd13c9ec:192.168.164.213:39232, 84568b57-9d99-42dc-882b-eae65806f704:192.168.164.213:37329, feaf5d54-1805-49ec-899f-945609733e38:192.168.164.213:39911], old=null
2019-10-24 15:48:08,847 [84568b57-9d99-42dc-882b-eae65806f704@group-05AC48DA6374-LeaderElection50] INFO  impl.LeaderElection (LeaderElection.java:askForVotes(178)) - 84568b57-9d99-42dc-882b-eae65806f704@group-05AC48DA6374-LeaderElection50: begin an election at term 46 for 0: [98e78e11-cb4b-48d0-b763-897efd13c9ec:192.168.164.213:39232, 84568b57-9d99-42dc-882b-eae65806f704:192.168.164.213:37329, feaf5d54-1805-49ec-899f-945609733e38:192.168.164.213:39911], old=null
2019-10-24 15:48:08,850 [grpc-default-executor-5] INFO  impl.RaftServerImpl (RaftServerImpl.java:setRole(184)) - 98e78e11-cb4b-48d0-b763-897efd13c9ec@group-05AC48DA6374: changes role from  FOLLOWER to FOLLOWER at term 46 for recognizeCandidate:84568b57-9d99-42dc-882b-eae65806f704
2019-10-24 15:48:08,850 [grpc-default-executor-5] INFO  impl.RoleInfo (RoleInfo.java:shutdownFollowerState(121)) - 98e78e11-cb4b-48d0-b763-897efd13c9ec: shutdown FollowerState
2019-10-24 15:48:08,850 [grpc-default-executor-5] INFO  impl.RoleInfo (RoleInfo.java:updateAndGet(143)) - 98e78e11-cb4b-48d0-b763-897efd13c9ec: start FollowerState
2019-10-24 15:48:08,850 [Thread-908] INFO  impl.FollowerState (FollowerState.java:run(117)) - 98e78e11-cb4b-48d0-b763-897efd13c9ec@group-05AC48DA6374-FollowerState was interrupted: java.lang.InterruptedException: sleep interrupted
2019-10-24 15:48:08,850 [grpc-default-executor-0] INFO  impl.RaftServerImpl (RaftServerImpl.java:setRole(184)) - feaf5d54-1805-49ec-899f-945609733e38@group-05AC48DA6374: changes role from  FOLLOWER to FOLLOWER at term 46 for recognizeCandidate:84568b57-9d99-42dc-882b-eae65806f704
2019-10-24 15:48:08,850 [grpc-default-executor-0] INFO  impl.RoleInfo (RoleInfo.java:shutdownFollowerState(121)) - feaf5d54-1805-49ec-899f-945609733e38: shutdown FollowerState
2019-10-24 15:48:08,851 [Thread-909] INFO  impl.FollowerState (FollowerState.java:run(117)) - feaf5d54-1805-49ec-899f-945609733e38@group-05AC48DA6374-FollowerState was interrupted: java.lang.InterruptedException: sleep interrupted
2019-10-24 15:48:08,851 [grpc-default-executor-0] INFO  impl.RoleInfo (RoleInfo.java:updateAndGet(143)) - feaf5d54-1805-49ec-899f-945609733e38: start FollowerState
2019-10-24 15:48:08,864 [84568b57-9d99-42dc-882b-eae65806f704@group-05AC48DA6374-LeaderElection50] INFO  impl.LeaderElection (LeaderElection.java:logAndReturn(56)) - 84568b57-9d99-42dc-882b-eae65806f704@group-05AC48DA6374-LeaderElection50: Election REJECTED; received 2 response(s) [84568b57-9d99-42dc-882b-eae65806f704<-98e78e11-cb4b-48d0-b763-897efd13c9ec#0:FAIL-t46, 84568b57-9d99-42dc-882b-eae65806f704<-feaf5d54-1805-49ec-899f-945609733e38#0:FAIL-t46] and 0 exception(s); 84568b57-9d99-42dc-882b-eae65806f704@group-05AC48DA6374:t46, leader=null, voted=84568b57-9d99-42dc-882b-eae65806f704, raftlog=84568b57-9d99-42dc-882b-eae65806f704@group-05AC48DA6374-SegmentedRaftLog:OPENED:c3,f4,i4, conf=0: [98e78e11-cb4b-48d0-b763-897efd13c9ec:192.168.164.213:39232, 84568b57-9d99-42dc-882b-eae65806f704:192.168.164.213:37329, feaf5d54-1805-49ec-899f-945609733e38:192.168.164.213:39911], old=null
2019-10-24 15:48:08,865 [84568b57-9d99-42dc-882b-eae65806f704@group-05AC48DA6374-LeaderElection50] INFO  impl.RaftServerImpl (RaftServerImpl.java:setRole(184)) - 84568b57-9d99-42dc-882b-eae65806f704@group-05AC48DA6374: changes role from CANDIDATE to FOLLOWER at term 46 for DISCOVERED_A_NEW_TERM
2019-10-24 15:48:08,865 [84568b57-9d99-42dc-882b-eae65806f704@group-05AC48DA6374-LeaderElection50] INFO  impl.RoleInfo (RoleInfo.java:shutdownLeaderElection(134)) - 84568b57-9d99-42dc-882b-eae65806f704: shutdown LeaderElection
2019-10-24 15:48:08,865 [84568b57-9d99-42dc-882b-eae65806f704@group-05AC48DA6374-LeaderElection50] INFO  impl.RoleInfo (RoleInfo.java:updateAndGet(143)) - 84568b57-9d99-42dc-882b-eae65806f704: start FollowerState
2019-10-24 15:48:08,919 [BlockDeletingService#2] WARN  background.BlockDeletingService (BlockDeletingService.java:isDeletionAllowed(187)) - Close Container log Index 6 is not replicated across allthe servers in the pipeline a9fb5832-a8b6-4e39-9ab2-05ac48da6374 as the min replicated index is 4. Deletion is not allowed in this container yet.
2019-10-24 15:48:08,920 [BlockDeletingService#6] WARN  background.BlockDeletingService (BlockDeletingService.java:isDeletionAllowed(187)) - Close Container log Index 6 is not replicated across allthe servers in the pipeline a9fb5832-a8b6-4e39-9ab2-05ac48da6374 as the min replicated index is 4. Deletion is not allowed in this container yet.
2019-10-24 15:48:08,950 [Thread-914] INFO  impl.FollowerState (FollowerState.java:run(108)) - 84568b57-9d99-42dc-882b-eae65806f704@group-05AC48DA6374-FollowerState: change to CANDIDATE, lastRpcTime:85ms, electionTimeout:85ms
2019-10-24 15:48:08,951 [Thread-914] INFO  impl.RoleInfo (RoleInfo.java:shutdownFollowerState(121)) - 84568b57-9d99-42dc-882b-eae65806f704: shutdown FollowerState
2019-10-24 15:48:08,951 [Thread-914] INFO  impl.RaftServerImpl (RaftServerImpl.java:setRole(184)) - 84568b57-9d99-42dc-882b-eae65806f704@group-05AC48DA6374: changes role from  FOLLOWER to CANDIDATE at term 46 for changeToCandidate
2019-10-24 15:48:08,951 [Thread-914] INFO  impl.RoleInfo (RoleInfo.java:updateAndGet(143)) - 84568b57-9d99-42dc-882b-eae65806f704: start LeaderElection
2019-10-24 15:48:08,955 [Thread-901] INFO  impl.FollowerState (FollowerState.java:run(108)) - feaf5d54-1805-49ec-899f-945609733e38@group-CE75851C0F4B-FollowerState: change to CANDIDATE, lastRpcTime:200ms, electionTimeout:200ms
2019-10-24 15:48:08,956 [Thread-901] INFO  impl.RoleInfo (RoleInfo.java:shutdownFollowerState(121)) - feaf5d54-1805-49ec-899f-945609733e38: shutdown FollowerState
2019-10-24 15:48:08,956 [Thread-901] INFO  impl.RaftServerImpl (RaftServerImpl.java:setRole(184)) - feaf5d54-1805-49ec-899f-945609733e38@group-CE75851C0F4B: changes role from  FOLLOWER to CANDIDATE at term 9 for changeToCandidate
2019-10-24 15:48:08,956 [Thread-901] INFO  impl.RoleInfo (RoleInfo.java:updateAndGet(143)) - feaf5d54-1805-49ec-899f-945609733e38: start LeaderElection
2019-10-24 15:48:08,985 [feaf5d54-1805-49ec-899f-945609733e38@group-CE75851C0F4B-LeaderElection52] INFO  impl.LeaderElection (LeaderElection.java:askForVotes(178)) - feaf5d54-1805-49ec-899f-945609733e38@group-CE75851C0F4B-LeaderElection52: begin an election at term 10 for -1: [98e78e11-cb4b-48d0-b763-897efd13c9ec:192.168.164.213:39232, 84568b57-9d99-42dc-882b-eae65806f704:192.168.164.213:37329, feaf5d54-1805-49ec-899f-945609733e38:192.168.164.213:39911], old=null
2019-10-24 15:48:08,985 [84568b57-9d99-42dc-882b-eae65806f704@group-05AC48DA6374-LeaderElection51] INFO  impl.LeaderElection (LeaderElection.java:askForVotes(178)) - 84568b57-9d99-42dc-882b-eae65806f704@group-05AC48DA6374-LeaderElection51: begin an election at term 47 for 0: [98e78e11-cb4b-48d0-b763-897efd13c9ec:192.168.164.213:39232, 84568b57-9d99-42dc-882b-eae65806f704:192.168.164.213:37329, feaf5d54-1805-49ec-899f-945609733e38:192.168.164.213:39911], old=null
2019-10-24 15:48:08,988 [grpc-default-executor-5] INFO  impl.RaftServerImpl (RaftServerImpl.java:setRole(184)) - 98e78e11-cb4b-48d0-b763-897efd13c9ec@group-CE75851C0F4B: changes role from  FOLLOWER to FOLLOWER at term 10 for recognizeCandidate:feaf5d54-1805-49ec-899f-945609733e38
2019-10-24 15:48:08,988 [grpc-default-executor-2] INFO  impl.RaftServerImpl (RaftServerImpl.java:setRole(184)) - 98e78e11-cb4b-48d0-b763-897efd13c9ec@group-05AC48DA6374: changes role from  FOLLOWER to FOLLOWER at term 47 for recognizeCandidate:84568b57-9d99-42dc-882b-eae65806f704
2019-10-24 15:48:08,988 [grpc-default-executor-2] INFO  impl.RoleInfo (RoleInfo.java:shutdownFollowerState(121)) - 98e78e11-cb4b-48d0-b763-897efd13c9ec: shutdown FollowerState
2019-10-24 15:48:08,988 [grpc-default-executor-5] INFO  impl.RoleInfo (RoleInfo.java:shutdownFollowerState(121)) - 98e78e11-cb4b-48d0-b763-897efd13c9ec: shutdown FollowerState
2019-10-24 15:48:08,988 [grpc-default-executor-2] INFO  impl.RoleInfo (RoleInfo.java:updateAndGet(143)) - 98e78e11-cb4b-48d0-b763-897efd13c9ec: start FollowerState
2019-10-24 15:48:08,988 [grpc-default-executor-0] INFO  impl.RaftServerImpl (RaftServerImpl.java:setRole(184)) - 84568b57-9d99-42dc-882b-eae65806f704@group-CE75851C0F4B: changes role from  FOLLOWER to FOLLOWER at term 10 for recognizeCandidate:feaf5d54-1805-49ec-899f-945609733e38
2019-10-24 15:48:08,988 [grpc-default-executor-5] INFO  impl.RoleInfo (RoleInfo.java:updateAndGet(143)) - 98e78e11-cb4b-48d0-b763-897efd13c9ec: start FollowerState
2019-10-24 15:48:08,988 [Thread-896] INFO  impl.FollowerState (FollowerState.java:run(117)) - 98e78e11-cb4b-48d0-b763-897efd13c9ec@group-CE75851C0F4B-FollowerState was interrupted: java.lang.InterruptedException: sleep interrupted
2019-10-24 15:48:08,988 [grpc-default-executor-4] INFO  impl.RaftServerImpl (RaftServerImpl.java:setRole(184)) - feaf5d54-1805-49ec-899f-945609733e38@group-05AC48DA6374: changes role from  FOLLOWER to FOLLOWER at term 47 for recognizeCandidate:84568b57-9d99-42dc-882b-eae65806f704
2019-10-24 15:48:08,988 [Thread-912] INFO  impl.FollowerState (FollowerState.java:run(117)) - 98e78e11-cb4b-48d0-b763-897efd13c9ec@group-05AC48DA6374-FollowerState was interrupted: java.lang.InterruptedException: sleep interrupted
2019-10-24 15:48:08,989 [grpc-default-executor-4] INFO  impl.RoleInfo (RoleInfo.java:shutdownFollowerState(121)) - feaf5d54-1805-49ec-899f-945609733e38: shutdown FollowerState
2019-10-24 15:48:08,989 [grpc-default-executor-0] INFO  impl.RoleInfo (RoleInfo.java:shutdownFollowerState(121)) - 84568b57-9d99-42dc-882b-eae65806f704: shutdown FollowerState
2019-10-24 15:48:08,990 [Thread-913] INFO  impl.FollowerState (FollowerState.java:run(117)) - feaf5d54-1805-49ec-899f-945609733e38@group-05AC48DA6374-FollowerState was interrupted: java.lang.InterruptedException: sleep interrupted
2019-10-24 15:48:08,989 [grpc-default-executor-4] INFO  impl.RoleInfo (RoleInfo.java:updateAndGet(143)) - feaf5d54-1805-49ec-899f-945609733e38: start FollowerState
2019-10-24 15:48:08,990 [Thread-897] INFO  impl.FollowerState (FollowerState.java:run(117)) - 84568b57-9d99-42dc-882b-eae65806f704@group-CE75851C0F4B-FollowerState was interrupted: java.lang.InterruptedException: sleep interrupted
2019-10-24 15:48:08,990 [grpc-default-executor-0] INFO  impl.RoleInfo (RoleInfo.java:updateAndGet(143)) - 84568b57-9d99-42dc-882b-eae65806f704: start FollowerState
2019-10-24 15:48:09,003 [84568b57-9d99-42dc-882b-eae65806f704@group-05AC48DA6374-LeaderElection51] INFO  impl.LeaderElection (LeaderElection.java:logAndReturn(56)) - 84568b57-9d99-42dc-882b-eae65806f704@group-05AC48DA6374-LeaderElection51: Election REJECTED; received 2 response(s) [84568b57-9d99-42dc-882b-eae65806f704<-98e78e11-cb4b-48d0-b763-897efd13c9ec#0:FAIL-t47, 84568b57-9d99-42dc-882b-eae65806f704<-feaf5d54-1805-49ec-899f-945609733e38#0:FAIL-t47] and 0 exception(s); 84568b57-9d99-42dc-882b-eae65806f704@group-05AC48DA6374:t47, leader=null, voted=84568b57-9d99-42dc-882b-eae65806f704, raftlog=84568b57-9d99-42dc-882b-eae65806f704@group-05AC48DA6374-SegmentedRaftLog:OPENED:c3,f4,i4, conf=0: [98e78e11-cb4b-48d0-b763-897efd13c9ec:192.168.164.213:39232, 84568b57-9d99-42dc-882b-eae65806f704:192.168.164.213:37329, feaf5d54-1805-49ec-899f-945609733e38:192.168.164.213:39911], old=null
2019-10-24 15:48:09,003 [feaf5d54-1805-49ec-899f-945609733e38@group-CE75851C0F4B-LeaderElection52] INFO  impl.LeaderElection (LeaderElection.java:logAndReturn(56)) - feaf5d54-1805-49ec-899f-945609733e38@group-CE75851C0F4B-LeaderElection52: Election REJECTED; received 2 response(s) [feaf5d54-1805-49ec-899f-945609733e38<-98e78e11-cb4b-48d0-b763-897efd13c9ec#0:FAIL-t10, feaf5d54-1805-49ec-899f-945609733e38<-84568b57-9d99-42dc-882b-eae65806f704#0:FAIL-t10] and 0 exception(s); feaf5d54-1805-49ec-899f-945609733e38@group-CE75851C0F4B:t10, leader=null, voted=feaf5d54-1805-49ec-899f-945609733e38, raftlog=feaf5d54-1805-49ec-899f-945609733e38@group-CE75851C0F4B-SegmentedRaftLog:OPENED:c-1,f-1,i0, conf=-1: [98e78e11-cb4b-48d0-b763-897efd13c9ec:192.168.164.213:39232, 84568b57-9d99-42dc-882b-eae65806f704:192.168.164.213:37329, feaf5d54-1805-49ec-899f-945609733e38:192.168.164.213:39911], old=null
2019-10-24 15:48:09,003 [84568b57-9d99-42dc-882b-eae65806f704@group-05AC48DA6374-LeaderElection51] INFO  impl.RaftServerImpl (RaftServerImpl.java:setRole(184)) - 84568b57-9d99-42dc-882b-eae65806f704@group-05AC48DA6374: changes role from CANDIDATE to FOLLOWER at term 47 for DISCOVERED_A_NEW_TERM
2019-10-24 15:48:09,004 [feaf5d54-1805-49ec-899f-945609733e38@group-CE75851C0F4B-LeaderElection52] INFO  impl.RaftServerImpl (RaftServerImpl.java:setRole(184)) - feaf5d54-1805-49ec-899f-945609733e38@group-CE75851C0F4B: changes role from CANDIDATE to FOLLOWER at term 10 for DISCOVERED_A_NEW_TERM
2019-10-24 15:48:09,004 [84568b57-9d99-42dc-882b-eae65806f704@group-05AC48DA6374-LeaderElection51] INFO  impl.RoleInfo (RoleInfo.java:shutdownLeaderElection(134)) - 84568b57-9d99-42dc-882b-eae65806f704: shutdown LeaderElection
2019-10-24 15:48:09,004 [feaf5d54-1805-49ec-899f-945609733e38@group-CE75851C0F4B-LeaderElection52] INFO  impl.RoleInfo (RoleInfo.java:shutdownLeaderElection(134)) - feaf5d54-1805-49ec-899f-945609733e38: shutdown LeaderElection
2019-10-24 15:48:09,004 [84568b57-9d99-42dc-882b-eae65806f704@group-05AC48DA6374-LeaderElection51] INFO  impl.RoleInfo (RoleInfo.java:updateAndGet(143)) - 84568b57-9d99-42dc-882b-eae65806f704: start FollowerState
2019-10-24 15:48:09,004 [feaf5d54-1805-49ec-899f-945609733e38@group-CE75851C0F4B-LeaderElection52] INFO  impl.RoleInfo (RoleInfo.java:updateAndGet(143)) - feaf5d54-1805-49ec-899f-945609733e38: start FollowerState
2019-10-24 15:48:09,117 [Thread-928] INFO  impl.FollowerState (FollowerState.java:run(108)) - feaf5d54-1805-49ec-899f-945609733e38@group-CE75851C0F4B-FollowerState: change to CANDIDATE, lastRpcTime:112ms, electionTimeout:112ms
2019-10-24 15:48:09,117 [Thread-928] INFO  impl.RoleInfo (RoleInfo.java:shutdownFollowerState(121)) - feaf5d54-1805-49ec-899f-945609733e38: shutdown FollowerState
2019-10-24 15:48:09,117 [Thread-928] INFO  impl.RaftServerImpl (RaftServerImpl.java:setRole(184)) - feaf5d54-1805-49ec-899f-945609733e38@group-CE75851C0F4B: changes role from  FOLLOWER to CANDIDATE at term 10 for changeToCandidate
2019-10-24 15:48:09,117 [Thread-928] INFO  impl.RoleInfo (RoleInfo.java:updateAndGet(143)) - feaf5d54-1805-49ec-899f-945609733e38: start LeaderElection
2019-10-24 15:48:09,132 [feaf5d54-1805-49ec-899f-945609733e38@group-CE75851C0F4B-LeaderElection53] INFO  impl.LeaderElection (LeaderElection.java:askForVotes(178)) - feaf5d54-1805-49ec-899f-945609733e38@group-CE75851C0F4B-LeaderElection53: begin an election at term 11 for -1: [98e78e11-cb4b-48d0-b763-897efd13c9ec:192.168.164.213:39232, 84568b57-9d99-42dc-882b-eae65806f704:192.168.164.213:37329, feaf5d54-1805-49ec-899f-945609733e38:192.168.164.213:39911], old=null
2019-10-24 15:48:09,136 [grpc-default-executor-5] INFO  impl.RaftServerImpl (RaftServerImpl.java:setRole(184)) - 98e78e11-cb4b-48d0-b763-897efd13c9ec@group-CE75851C0F4B: changes role from  FOLLOWER to FOLLOWER at term 11 for recognizeCandidate:feaf5d54-1805-49ec-899f-945609733e38
2019-10-24 15:48:09,136 [grpc-default-executor-4] INFO  impl.RaftServerImpl (RaftServerImpl.java:setRole(184)) - 84568b57-9d99-42dc-882b-eae65806f704@group-CE75851C0F4B: changes role from  FOLLOWER to FOLLOWER at term 11 for recognizeCandidate:feaf5d54-1805-49ec-899f-945609733e38
2019-10-24 15:48:09,136 [grpc-default-executor-5] INFO  impl.RoleInfo (RoleInfo.java:shutdownFollowerState(121)) - 98e78e11-cb4b-48d0-b763-897efd13c9ec: shutdown FollowerState
2019-10-24 15:48:09,136 [grpc-default-executor-4] INFO  impl.RoleInfo (RoleInfo.java:shutdownFollowerState(121)) - 84568b57-9d99-42dc-882b-eae65806f704: shutdown FollowerState
2019-10-24 15:48:09,137 [Thread-924] INFO  impl.FollowerState (FollowerState.java:run(117)) - 98e78e11-cb4b-48d0-b763-897efd13c9ec@group-CE75851C0F4B-FollowerState was interrupted: java.lang.InterruptedException: sleep interrupted
2019-10-24 15:48:09,137 [grpc-default-executor-5] INFO  impl.RoleInfo (RoleInfo.java:updateAndGet(143)) - 98e78e11-cb4b-48d0-b763-897efd13c9ec: start FollowerState
2019-10-24 15:48:09,137 [Thread-926] INFO  impl.FollowerState (FollowerState.java:run(117)) - 84568b57-9d99-42dc-882b-eae65806f704@group-CE75851C0F4B-FollowerState was interrupted: java.lang.InterruptedException: sleep interrupted
2019-10-24 15:48:09,137 [grpc-default-executor-4] INFO  impl.RoleInfo (RoleInfo.java:updateAndGet(143)) - 84568b57-9d99-42dc-882b-eae65806f704: start FollowerState
2019-10-24 15:48:09,153 [feaf5d54-1805-49ec-899f-945609733e38@group-CE75851C0F4B-LeaderElection53] INFO  impl.LeaderElection (LeaderElection.java:logAndReturn(56)) - feaf5d54-1805-49ec-899f-945609733e38@group-CE75851C0F4B-LeaderElection53: Election REJECTED; received 2 response(s) [feaf5d54-1805-49ec-899f-945609733e38<-98e78e11-cb4b-48d0-b763-897efd13c9ec#0:FAIL-t11, feaf5d54-1805-49ec-899f-945609733e38<-84568b57-9d99-42dc-882b-eae65806f704#0:FAIL-t11] and 0 exception(s); feaf5d54-1805-49ec-899f-945609733e38@group-CE75851C0F4B:t11, leader=null, voted=feaf5d54-1805-49ec-899f-945609733e38, raftlog=feaf5d54-1805-49ec-899f-945609733e38@group-CE75851C0F4B-SegmentedRaftLog:OPENED:c-1,f-1,i0, conf=-1: [98e78e11-cb4b-48d0-b763-897efd13c9ec:192.168.164.213:39232, 84568b57-9d99-42dc-882b-eae65806f704:192.168.164.213:37329, feaf5d54-1805-49ec-899f-945609733e38:192.168.164.213:39911], old=null
2019-10-24 15:48:09,153 [feaf5d54-1805-49ec-899f-945609733e38@group-CE75851C0F4B-LeaderElection53] INFO  impl.RaftServerImpl (RaftServerImpl.java:setRole(184)) - feaf5d54-1805-49ec-899f-945609733e38@group-CE75851C0F4B: changes role from CANDIDATE to FOLLOWER at term 11 for DISCOVERED_A_NEW_TERM
2019-10-24 15:48:09,153 [feaf5d54-1805-49ec-899f-945609733e38@group-CE75851C0F4B-LeaderElection53] INFO  impl.RoleInfo (RoleInfo.java:shutdownLeaderElection(134)) - feaf5d54-1805-49ec-899f-945609733e38: shutdown LeaderElection
2019-10-24 15:48:09,153 [feaf5d54-1805-49ec-899f-945609733e38@group-CE75851C0F4B-LeaderElection53] INFO  impl.RoleInfo (RoleInfo.java:updateAndGet(143)) - feaf5d54-1805-49ec-899f-945609733e38: start FollowerState
2019-10-24 15:48:09,175 [Thread-927] INFO  impl.FollowerState (FollowerState.java:run(108)) - 84568b57-9d99-42dc-882b-eae65806f704@group-05AC48DA6374-FollowerState: change to CANDIDATE, lastRpcTime:170ms, electionTimeout:170ms
2019-10-24 15:48:09,175 [Thread-927] INFO  impl.RoleInfo (RoleInfo.java:shutdownFollowerState(121)) - 84568b57-9d99-42dc-882b-eae65806f704: shutdown FollowerState
2019-10-24 15:48:09,175 [Thread-927] INFO  impl.RaftServerImpl (RaftServerImpl.java:setRole(184)) - 84568b57-9d99-42dc-882b-eae65806f704@group-05AC48DA6374: changes role from  FOLLOWER to CANDIDATE at term 47 for changeToCandidate
2019-10-24 15:48:09,175 [Thread-927] INFO  impl.RoleInfo (RoleInfo.java:updateAndGet(143)) - 84568b57-9d99-42dc-882b-eae65806f704: start LeaderElection
2019-10-24 15:48:09,200 [84568b57-9d99-42dc-882b-eae65806f704@group-05AC48DA6374-LeaderElection54] INFO  impl.LeaderElection (LeaderElection.java:askForVotes(178)) - 84568b57-9d99-42dc-882b-eae65806f704@group-05AC48DA6374-LeaderElection54: begin an election at term 48 for 0: [98e78e11-cb4b-48d0-b763-897efd13c9ec:192.168.164.213:39232, 84568b57-9d99-42dc-882b-eae65806f704:192.168.164.213:37329, feaf5d54-1805-49ec-899f-945609733e38:192.168.164.213:39911], old=null
2019-10-24 15:48:09,203 [grpc-default-executor-5] INFO  impl.RaftServerImpl (RaftServerImpl.java:setRole(184)) - 98e78e11-cb4b-48d0-b763-897efd13c9ec@group-05AC48DA6374: changes role from  FOLLOWER to FOLLOWER at term 48 for recognizeCandidate:84568b57-9d99-42dc-882b-eae65806f704
2019-10-24 15:48:09,204 [grpc-default-executor-4] INFO  impl.RaftServerImpl (RaftServerImpl.java:setRole(184)) - feaf5d54-1805-49ec-899f-945609733e38@group-05AC48DA6374: changes role from  FOLLOWER to FOLLOWER at term 48 for recognizeCandidate:84568b57-9d99-42dc-882b-eae65806f704
2019-10-24 15:48:09,204 [grpc-default-executor-5] INFO  impl.RoleInfo (RoleInfo.java:shutdownFollowerState(121)) - 98e78e11-cb4b-48d0-b763-897efd13c9ec: shutdown FollowerState
2019-10-24 15:48:09,204 [grpc-default-executor-4] INFO  impl.RoleInfo (RoleInfo.java:shutdownFollowerState(121)) - feaf5d54-1805-49ec-899f-945609733e38: shutdown FollowerState
2019-10-24 15:48:09,204 [Thread-923] INFO  impl.FollowerState (FollowerState.java:run(117)) - 98e78e11-cb4b-48d0-b763-897efd13c9ec@group-05AC48DA6374-FollowerState was interrupted: java.lang.InterruptedException: sleep interrupted
2019-10-24 15:48:09,204 [grpc-default-executor-5] INFO  impl.RoleInfo (RoleInfo.java:updateAndGet(143)) - 98e78e11-cb4b-48d0-b763-897efd13c9ec: start FollowerState
2019-10-24 15:48:09,204 [grpc-default-executor-4] INFO  impl.RoleInfo (RoleInfo.java:updateAndGet(143)) - feaf5d54-1805-49ec-899f-945609733e38: start FollowerState
2019-10-24 15:48:09,204 [Thread-925] INFO  impl.FollowerState (FollowerState.java:run(117)) - feaf5d54-1805-49ec-899f-945609733e38@group-05AC48DA6374-FollowerState was interrupted: java.lang.InterruptedException: sleep interrupted
2019-10-24 15:48:09,220 [Thread-934] INFO  impl.FollowerState (FollowerState.java:run(108)) - feaf5d54-1805-49ec-899f-945609733e38@group-CE75851C0F4B-FollowerState: change to CANDIDATE, lastRpcTime:66ms, electionTimeout:66ms
2019-10-24 15:48:09,220 [Thread-934] INFO  impl.RoleInfo (RoleInfo.java:shutdownFollowerState(121)) - feaf5d54-1805-49ec-899f-945609733e38: shutdown FollowerState
2019-10-24 15:48:09,220 [Thread-934] INFO  impl.RaftServerImpl (RaftServerImpl.java:setRole(184)) - feaf5d54-1805-49ec-899f-945609733e38@group-CE75851C0F4B: changes role from  FOLLOWER to CANDIDATE at term 11 for changeToCandidate
2019-10-24 15:48:09,220 [Thread-934] INFO  impl.RoleInfo (RoleInfo.java:updateAndGet(143)) - feaf5d54-1805-49ec-899f-945609733e38: start LeaderElection
2019-10-24 15:48:09,231 [84568b57-9d99-42dc-882b-eae65806f704@group-05AC48DA6374-LeaderElection54] INFO  impl.LeaderElection (LeaderElection.java:logAndReturn(56)) - 84568b57-9d99-42dc-882b-eae65806f704@group-05AC48DA6374-LeaderElection54: Election REJECTED; received 2 response(s) [84568b57-9d99-42dc-882b-eae65806f704<-98e78e11-cb4b-48d0-b763-897efd13c9ec#0:FAIL-t48, 84568b57-9d99-42dc-882b-eae65806f704<-feaf5d54-1805-49ec-899f-945609733e38#0:FAIL-t48] and 0 exception(s); 84568b57-9d99-42dc-882b-eae65806f704@group-05AC48DA6374:t48, leader=null, voted=84568b57-9d99-42dc-882b-eae65806f704, raftlog=84568b57-9d99-42dc-882b-eae65806f704@group-05AC48DA6374-SegmentedRaftLog:OPENED:c3,f4,i4, conf=0: [98e78e11-cb4b-48d0-b763-897efd13c9ec:192.168.164.213:39232, 84568b57-9d99-42dc-882b-eae65806f704:192.168.164.213:37329, feaf5d54-1805-49ec-899f-945609733e38:192.168.164.213:39911], old=null
2019-10-24 15:48:09,231 [84568b57-9d99-42dc-882b-eae65806f704@group-05AC48DA6374-LeaderElection54] INFO  impl.RaftServerImpl (RaftServerImpl.java:setRole(184)) - 84568b57-9d99-42dc-882b-eae65806f704@group-05AC48DA6374: changes role from CANDIDATE to FOLLOWER at term 48 for DISCOVERED_A_NEW_TERM
2019-10-24 15:48:09,231 [84568b57-9d99-42dc-882b-eae65806f704@group-05AC48DA6374-LeaderElection54] INFO  impl.RoleInfo (RoleInfo.java:shutdownLeaderElection(134)) - 84568b57-9d99-42dc-882b-eae65806f704: shutdown LeaderElection
2019-10-24 15:48:09,232 [84568b57-9d99-42dc-882b-eae65806f704@group-05AC48DA6374-LeaderElection54] INFO  impl.RoleInfo (RoleInfo.java:updateAndGet(143)) - 84568b57-9d99-42dc-882b-eae65806f704: start FollowerState
2019-10-24 15:48:09,232 [feaf5d54-1805-49ec-899f-945609733e38@group-CE75851C0F4B-LeaderElection55] INFO  impl.LeaderElection (LeaderElection.java:askForVotes(178)) - feaf5d54-1805-49ec-899f-945609733e38@group-CE75851C0F4B-LeaderElection55: begin an election at term 12 for -1: [98e78e11-cb4b-48d0-b763-897efd13c9ec:192.168.164.213:39232, 84568b57-9d99-42dc-882b-eae65806f704:192.168.164.213:37329, feaf5d54-1805-49ec-899f-945609733e38:192.168.164.213:39911], old=null
2019-10-24 15:48:09,234 [grpc-default-executor-5] INFO  impl.RaftServerImpl (RaftServerImpl.java:setRole(184)) - 84568b57-9d99-42dc-882b-eae65806f704@group-CE75851C0F4B: changes role from  FOLLOWER to FOLLOWER at term 12 for recognizeCandidate:feaf5d54-1805-49ec-899f-945609733e38
2019-10-24 15:48:09,234 [grpc-default-executor-4] INFO  impl.RaftServerImpl (RaftServerImpl.java:setRole(184)) - 98e78e11-cb4b-48d0-b763-897efd13c9ec@group-CE75851C0F4B: changes role from  FOLLOWER to FOLLOWER at term 12 for recognizeCandidate:feaf5d54-1805-49ec-899f-945609733e38
2019-10-24 15:48:09,234 [grpc-default-executor-5] INFO  impl.RoleInfo (RoleInfo.java:shutdownFollowerState(121)) - 84568b57-9d99-42dc-882b-eae65806f704: shutdown FollowerState
2019-10-24 15:48:09,234 [grpc-default-executor-4] INFO  impl.RoleInfo (RoleInfo.java:shutdownFollowerState(121)) - 98e78e11-cb4b-48d0-b763-897efd13c9ec: shutdown FollowerState
2019-10-24 15:48:09,235 [grpc-default-executor-5] INFO  impl.RoleInfo (RoleInfo.java:updateAndGet(143)) - 84568b57-9d99-42dc-882b-eae65806f704: start FollowerState
2019-10-24 15:48:09,235 [Thread-933] INFO  impl.FollowerState (FollowerState.java:run(117)) - 84568b57-9d99-42dc-882b-eae65806f704@group-CE75851C0F4B-FollowerState was interrupted: java.lang.InterruptedException: sleep interrupted
2019-10-24 15:48:09,235 [Thread-932] INFO  impl.FollowerState (FollowerState.java:run(117)) - 98e78e11-cb4b-48d0-b763-897efd13c9ec@group-CE75851C0F4B-FollowerState was interrupted: java.lang.InterruptedException: sleep interrupted
2019-10-24 15:48:09,235 [grpc-default-executor-4] INFO  impl.RoleInfo (RoleInfo.java:updateAndGet(143)) - 98e78e11-cb4b-48d0-b763-897efd13c9ec: start FollowerState
2019-10-24 15:48:09,249 [feaf5d54-1805-49ec-899f-945609733e38@group-CE75851C0F4B-LeaderElection55] INFO  impl.LeaderElection (LeaderElection.java:logAndReturn(56)) - feaf5d54-1805-49ec-899f-945609733e38@group-CE75851C0F4B-LeaderElection55: Election REJECTED; received 2 response(s) [feaf5d54-1805-49ec-899f-945609733e38<-98e78e11-cb4b-48d0-b763-897efd13c9ec#0:FAIL-t12, feaf5d54-1805-49ec-899f-945609733e38<-84568b57-9d99-42dc-882b-eae65806f704#0:FAIL-t12] and 0 exception(s); feaf5d54-1805-49ec-899f-945609733e38@group-CE75851C0F4B:t12, leader=null, voted=feaf5d54-1805-49ec-899f-945609733e38, raftlog=feaf5d54-1805-49ec-899f-945609733e38@group-CE75851C0F4B-SegmentedRaftLog:OPENED:c-1,f-1,i0, conf=-1: [98e78e11-cb4b-48d0-b763-897efd13c9ec:192.168.164.213:39232, 84568b57-9d99-42dc-882b-eae65806f704:192.168.164.213:37329, feaf5d54-1805-49ec-899f-945609733e38:192.168.164.213:39911], old=null
2019-10-24 15:48:09,249 [feaf5d54-1805-49ec-899f-945609733e38@group-CE75851C0F4B-LeaderElection55] INFO  impl.RaftServerImpl (RaftServerImpl.java:setRole(184)) - feaf5d54-1805-49ec-899f-945609733e38@group-CE75851C0F4B: changes role from CANDIDATE to FOLLOWER at term 12 for DISCOVERED_A_NEW_TERM
2019-10-24 15:48:09,249 [feaf5d54-1805-49ec-899f-945609733e38@group-CE75851C0F4B-LeaderElection55] INFO  impl.RoleInfo (RoleInfo.java:shutdownLeaderElection(134)) - feaf5d54-1805-49ec-899f-945609733e38: shutdown LeaderElection
2019-10-24 15:48:09,250 [feaf5d54-1805-49ec-899f-945609733e38@group-CE75851C0F4B-LeaderElection55] INFO  impl.RoleInfo (RoleInfo.java:updateAndGet(143)) - feaf5d54-1805-49ec-899f-945609733e38: start FollowerState
2019-10-24 15:48:09,372 [Thread-941] INFO  impl.FollowerState (FollowerState.java:run(108)) - 84568b57-9d99-42dc-882b-eae65806f704@group-05AC48DA6374-FollowerState: change to CANDIDATE, lastRpcTime:140ms, electionTimeout:140ms
2019-10-24 15:48:09,372 [Thread-941] INFO  impl.RoleInfo (RoleInfo.java:shutdownFollowerState(121)) - 84568b57-9d99-42dc-882b-eae65806f704: shutdown FollowerState
2019-10-24 15:48:09,372 [Thread-941] INFO  impl.RaftServerImpl (RaftServerImpl.java:setRole(184)) - 84568b57-9d99-42dc-882b-eae65806f704@group-05AC48DA6374: changes role from  FOLLOWER to CANDIDATE at term 48 for changeToCandidate
2019-10-24 15:48:09,373 [Thread-941] INFO  impl.RoleInfo (RoleInfo.java:updateAndGet(143)) - 84568b57-9d99-42dc-882b-eae65806f704: start LeaderElection
2019-10-24 15:48:09,378 [Thread-946] INFO  impl.FollowerState (FollowerState.java:run(108)) - feaf5d54-1805-49ec-899f-945609733e38@group-CE75851C0F4B-FollowerState: change to CANDIDATE, lastRpcTime:128ms, electionTimeout:128ms
2019-10-24 15:48:09,378 [Thread-946] INFO  impl.RoleInfo (RoleInfo.java:shutdownFollowerState(121)) - feaf5d54-1805-49ec-899f-945609733e38: shutdown FollowerState
2019-10-24 15:48:09,378 [Thread-946] INFO  impl.RaftServerImpl (RaftServerImpl.java:setRole(184)) - feaf5d54-1805-49ec-899f-945609733e38@group-CE75851C0F4B: changes role from  FOLLOWER to CANDIDATE at term 12 for changeToCandidate
2019-10-24 15:48:09,378 [Thread-946] INFO  impl.RoleInfo (RoleInfo.java:updateAndGet(143)) - feaf5d54-1805-49ec-899f-945609733e38: start LeaderElection
2019-10-24 15:48:09,399 [84568b57-9d99-42dc-882b-eae65806f704@group-05AC48DA6374-LeaderElection56] INFO  impl.LeaderElection (LeaderElection.java:askForVotes(178)) - 84568b57-9d99-42dc-882b-eae65806f704@group-05AC48DA6374-LeaderElection56: begin an election at term 49 for 0: [98e78e11-cb4b-48d0-b763-897efd13c9ec:192.168.164.213:39232, 84568b57-9d99-42dc-882b-eae65806f704:192.168.164.213:37329, feaf5d54-1805-49ec-899f-945609733e38:192.168.164.213:39911], old=null
2019-10-24 15:48:09,399 [feaf5d54-1805-49ec-899f-945609733e38@group-CE75851C0F4B-LeaderElection57] INFO  impl.LeaderElection (LeaderElection.java:askForVotes(178)) - feaf5d54-1805-49ec-899f-945609733e38@group-CE75851C0F4B-LeaderElection57: begin an election at term 13 for -1: [98e78e11-cb4b-48d0-b763-897efd13c9ec:192.168.164.213:39232, 84568b57-9d99-42dc-882b-eae65806f704:192.168.164.213:37329, feaf5d54-1805-49ec-899f-945609733e38:192.168.164.213:39911], old=null
2019-10-24 15:48:09,402 [grpc-default-executor-4] INFO  impl.RaftServerImpl (RaftServerImpl.java:setRole(184)) - 98e78e11-cb4b-48d0-b763-897efd13c9ec@group-05AC48DA6374: changes role from  FOLLOWER to FOLLOWER at term 49 for recognizeCandidate:84568b57-9d99-42dc-882b-eae65806f704
2019-10-24 15:48:09,402 [grpc-default-executor-4] INFO  impl.RoleInfo (RoleInfo.java:shutdownFollowerState(121)) - 98e78e11-cb4b-48d0-b763-897efd13c9ec: shutdown FollowerState
2019-10-24 15:48:09,402 [grpc-default-executor-5] INFO  impl.RaftServerImpl (RaftServerImpl.java:setRole(184)) - 98e78e11-cb4b-48d0-b763-897efd13c9ec@group-CE75851C0F4B: changes role from  FOLLOWER to FOLLOWER at term 13 for recognizeCandidate:feaf5d54-1805-49ec-899f-945609733e38
2019-10-24 15:48:09,402 [grpc-default-executor-5] INFO  impl.RoleInfo (RoleInfo.java:shutdownFollowerState(121)) - 98e78e11-cb4b-48d0-b763-897efd13c9ec: shutdown FollowerState
2019-10-24 15:48:09,402 [grpc-default-executor-0] INFO  impl.RaftServerImpl (RaftServerImpl.java:setRole(184)) - feaf5d54-1805-49ec-899f-945609733e38@group-05AC48DA6374: changes role from  FOLLOWER to FOLLOWER at term 49 for recognizeCandidate:84568b57-9d99-42dc-882b-eae65806f704
2019-10-24 15:48:09,402 [grpc-default-executor-0] INFO  impl.RoleInfo (RoleInfo.java:shutdownFollowerState(121)) - feaf5d54-1805-49ec-899f-945609733e38: shutdown FollowerState
2019-10-24 15:48:09,402 [Thread-938] INFO  impl.FollowerState (FollowerState.java:run(117)) - 98e78e11-cb4b-48d0-b763-897efd13c9ec@group-05AC48DA6374-FollowerState was interrupted: java.lang.InterruptedException: sleep interrupted
2019-10-24 15:48:09,403 [grpc-default-executor-0] INFO  impl.RoleInfo (RoleInfo.java:updateAndGet(143)) - feaf5d54-1805-49ec-899f-945609733e38: start FollowerState
2019-10-24 15:48:09,402 [grpc-default-executor-4] INFO  impl.RoleInfo (RoleInfo.java:updateAndGet(143)) - 98e78e11-cb4b-48d0-b763-897efd13c9ec: start FollowerState
2019-10-24 15:48:09,403 [Thread-939] INFO  impl.FollowerState (FollowerState.java:run(117)) - feaf5d54-1805-49ec-899f-945609733e38@group-05AC48DA6374-FollowerState was interrupted: java.lang.InterruptedException: sleep interrupted
2019-10-24 15:48:09,402 [grpc-default-executor-5] INFO  impl.RoleInfo (RoleInfo.java:updateAndGet(143)) - 98e78e11-cb4b-48d0-b763-897efd13c9ec: start FollowerState
2019-10-24 15:48:09,402 [Thread-945] INFO  impl.FollowerState (FollowerState.java:run(117)) - 98e78e11-cb4b-48d0-b763-897efd13c9ec@group-CE75851C0F4B-FollowerState was interrupted: java.lang.InterruptedException: sleep interrupted
2019-10-24 15:48:09,402 [grpc-default-executor-2] INFO  impl.RaftServerImpl (RaftServerImpl.java:setRole(184)) - 84568b57-9d99-42dc-882b-eae65806f704@group-CE75851C0F4B: changes role from  FOLLOWER to FOLLOWER at term 13 for recognizeCandidate:feaf5d54-1805-49ec-899f-945609733e38
2019-10-24 15:48:09,404 [grpc-default-executor-2] INFO  impl.RoleInfo (RoleInfo.java:shutdownFollowerState(121)) - 84568b57-9d99-42dc-882b-eae65806f704: shutdown FollowerState
2019-10-24 15:48:09,404 [grpc-default-executor-2] INFO  impl.RoleInfo (RoleInfo.java:updateAndGet(143)) - 84568b57-9d99-42dc-882b-eae65806f704: start FollowerState
2019-10-24 15:48:09,404 [Thread-944] INFO  impl.FollowerState (FollowerState.java:run(117)) - 84568b57-9d99-42dc-882b-eae65806f704@group-CE75851C0F4B-FollowerState was interrupted: java.lang.InterruptedException: sleep interrupted
2019-10-24 15:48:09,444 [84568b57-9d99-42dc-882b-eae65806f704@group-05AC48DA6374-LeaderElection56] INFO  impl.LeaderElection (LeaderElection.java:logAndReturn(56)) - 84568b57-9d99-42dc-882b-eae65806f704@group-05AC48DA6374-LeaderElection56: Election REJECTED; received 2 response(s) [84568b57-9d99-42dc-882b-eae65806f704<-98e78e11-cb4b-48d0-b763-897efd13c9ec#0:FAIL-t49, 84568b57-9d99-42dc-882b-eae65806f704<-feaf5d54-1805-49ec-899f-945609733e38#0:FAIL-t49] and 0 exception(s); 84568b57-9d99-42dc-882b-eae65806f704@group-05AC48DA6374:t49, leader=null, voted=84568b57-9d99-42dc-882b-eae65806f704, raftlog=84568b57-9d99-42dc-882b-eae65806f704@group-05AC48DA6374-SegmentedRaftLog:OPENED:c3,f4,i4, conf=0: [98e78e11-cb4b-48d0-b763-897efd13c9ec:192.168.164.213:39232, 84568b57-9d99-42dc-882b-eae65806f704:192.168.164.213:37329, feaf5d54-1805-49ec-899f-945609733e38:192.168.164.213:39911], old=null
2019-10-24 15:48:09,444 [feaf5d54-1805-49ec-899f-945609733e38@group-CE75851C0F4B-LeaderElection57] INFO  impl.LeaderElection (LeaderElection.java:logAndReturn(56)) - feaf5d54-1805-49ec-899f-945609733e38@group-CE75851C0F4B-LeaderElection57: Election REJECTED; received 2 response(s) [feaf5d54-1805-49ec-899f-945609733e38<-98e78e11-cb4b-48d0-b763-897efd13c9ec#0:FAIL-t13, feaf5d54-1805-49ec-899f-945609733e38<-84568b57-9d99-42dc-882b-eae65806f704#0:FAIL-t13] and 0 exception(s); feaf5d54-1805-49ec-899f-945609733e38@group-CE75851C0F4B:t13, leader=null, voted=feaf5d54-1805-49ec-899f-945609733e38, raftlog=feaf5d54-1805-49ec-899f-945609733e38@group-CE75851C0F4B-SegmentedRaftLog:OPENED:c-1,f-1,i0, conf=-1: [98e78e11-cb4b-48d0-b763-897efd13c9ec:192.168.164.213:39232, 84568b57-9d99-42dc-882b-eae65806f704:192.168.164.213:37329, feaf5d54-1805-49ec-899f-945609733e38:192.168.164.213:39911], old=null
2019-10-24 15:48:09,445 [84568b57-9d99-42dc-882b-eae65806f704@group-05AC48DA6374-LeaderElection56] INFO  impl.RaftServerImpl (RaftServerImpl.java:setRole(184)) - 84568b57-9d99-42dc-882b-eae65806f704@group-05AC48DA6374: changes role from CANDIDATE to FOLLOWER at term 49 for DISCOVERED_A_NEW_TERM
2019-10-24 15:48:09,445 [feaf5d54-1805-49ec-899f-945609733e38@group-CE75851C0F4B-LeaderElection57] INFO  impl.RaftServerImpl (RaftServerImpl.java:setRole(184)) - feaf5d54-1805-49ec-899f-945609733e38@group-CE75851C0F4B: changes role from CANDIDATE to FOLLOWER at term 13 for DISCOVERED_A_NEW_TERM
2019-10-24 15:48:09,445 [84568b57-9d99-42dc-882b-eae65806f704@group-05AC48DA6374-LeaderElection56] INFO  impl.RoleInfo (RoleInfo.java:shutdownLeaderElection(134)) - 84568b57-9d99-42dc-882b-eae65806f704: shutdown LeaderElection
2019-10-24 15:48:09,445 [feaf5d54-1805-49ec-899f-945609733e38@group-CE75851C0F4B-LeaderElection57] INFO  impl.RoleInfo (RoleInfo.java:shutdownLeaderElection(134)) - feaf5d54-1805-49ec-899f-945609733e38: shutdown LeaderElection
2019-10-24 15:48:09,445 [84568b57-9d99-42dc-882b-eae65806f704@group-05AC48DA6374-LeaderElection56] INFO  impl.RoleInfo (RoleInfo.java:updateAndGet(143)) - 84568b57-9d99-42dc-882b-eae65806f704: start FollowerState
2019-10-24 15:48:09,445 [feaf5d54-1805-49ec-899f-945609733e38@group-CE75851C0F4B-LeaderElection57] INFO  impl.RoleInfo (RoleInfo.java:updateAndGet(143)) - feaf5d54-1805-49ec-899f-945609733e38: start FollowerState
2019-10-24 15:48:09,597 [Thread-957] INFO  impl.FollowerState (FollowerState.java:run(108)) - 84568b57-9d99-42dc-882b-eae65806f704@group-05AC48DA6374-FollowerState: change to CANDIDATE, lastRpcTime:151ms, electionTimeout:151ms
2019-10-24 15:48:09,597 [Thread-957] INFO  impl.RoleInfo (RoleInfo.java:shutdownFollowerState(121)) - 84568b57-9d99-42dc-882b-eae65806f704: shutdown FollowerState
2019-10-24 15:48:09,597 [Thread-957] INFO  impl.RaftServerImpl (RaftServerImpl.java:setRole(184)) - 84568b57-9d99-42dc-882b-eae65806f704@group-05AC48DA6374: changes role from  FOLLOWER to CANDIDATE at term 49 for changeToCandidate
2019-10-24 15:48:09,598 [Thread-957] INFO  impl.RoleInfo (RoleInfo.java:updateAndGet(143)) - 84568b57-9d99-42dc-882b-eae65806f704: start LeaderElection
2019-10-24 15:48:09,622 [Thread-958] INFO  impl.FollowerState (FollowerState.java:run(108)) - feaf5d54-1805-49ec-899f-945609733e38@group-CE75851C0F4B-FollowerState: change to CANDIDATE, lastRpcTime:176ms, electionTimeout:176ms
2019-10-24 15:48:09,622 [Thread-958] INFO  impl.RoleInfo (RoleInfo.java:shutdownFollowerState(121)) - feaf5d54-1805-49ec-899f-945609733e38: shutdown FollowerState
2019-10-24 15:48:09,622 [Thread-958] INFO  impl.RaftServerImpl (RaftServerImpl.java:setRole(184)) - feaf5d54-1805-49ec-899f-945609733e38@group-CE75851C0F4B: changes role from  FOLLOWER to CANDIDATE at term 13 for changeToCandidate
2019-10-24 15:48:09,623 [Thread-958] INFO  impl.RoleInfo (RoleInfo.java:updateAndGet(143)) - feaf5d54-1805-49ec-899f-945609733e38: start LeaderElection
2019-10-24 15:48:09,624 [84568b57-9d99-42dc-882b-eae65806f704@group-05AC48DA6374-LeaderElection58] INFO  impl.LeaderElection (LeaderElection.java:askForVotes(178)) - 84568b57-9d99-42dc-882b-eae65806f704@group-05AC48DA6374-LeaderElection58: begin an election at term 50 for 0: [98e78e11-cb4b-48d0-b763-897efd13c9ec:192.168.164.213:39232, 84568b57-9d99-42dc-882b-eae65806f704:192.168.164.213:37329, feaf5d54-1805-49ec-899f-945609733e38:192.168.164.213:39911], old=null
2019-10-24 15:48:09,627 [grpc-default-executor-4] INFO  impl.RaftServerImpl (RaftServerImpl.java:setRole(184)) - 98e78e11-cb4b-48d0-b763-897efd13c9ec@group-05AC48DA6374: changes role from  FOLLOWER to FOLLOWER at term 50 for recognizeCandidate:84568b57-9d99-42dc-882b-eae65806f704
2019-10-24 15:48:09,627 [grpc-default-executor-2] INFO  impl.RaftServerImpl (RaftServerImpl.java:setRole(184)) - feaf5d54-1805-49ec-899f-945609733e38@group-05AC48DA6374: changes role from  FOLLOWER to FOLLOWER at term 50 for recognizeCandidate:84568b57-9d99-42dc-882b-eae65806f704
2019-10-24 15:48:09,628 [grpc-default-executor-4] INFO  impl.RoleInfo (RoleInfo.java:shutdownFollowerState(121)) - 98e78e11-cb4b-48d0-b763-897efd13c9ec: shutdown FollowerState
2019-10-24 15:48:09,628 [grpc-default-executor-2] INFO  impl.RoleInfo (RoleInfo.java:shutdownFollowerState(121)) - feaf5d54-1805-49ec-899f-945609733e38: shutdown FollowerState
2019-10-24 15:48:09,628 [Thread-953] INFO  impl.FollowerState (FollowerState.java:run(117)) - 98e78e11-cb4b-48d0-b763-897efd13c9ec@group-05AC48DA6374-FollowerState was interrupted: java.lang.InterruptedException: sleep interrupted
2019-10-24 15:48:09,628 [grpc-default-executor-4] INFO  impl.RoleInfo (RoleInfo.java:updateAndGet(143)) - 98e78e11-cb4b-48d0-b763-897efd13c9ec: start FollowerState
2019-10-24 15:48:09,628 [Thread-955] INFO  impl.FollowerState (FollowerState.java:run(117)) - feaf5d54-1805-49ec-899f-945609733e38@group-05AC48DA6374-FollowerState was interrupted: java.lang.InterruptedException: sleep interrupted
2019-10-24 15:48:09,628 [grpc-default-executor-2] INFO  impl.RoleInfo (RoleInfo.java:updateAndGet(143)) - feaf5d54-1805-49ec-899f-945609733e38: start FollowerState
2019-10-24 15:48:09,649 [feaf5d54-1805-49ec-899f-945609733e38@group-CE75851C0F4B-LeaderElection59] INFO  impl.LeaderElection (LeaderElection.java:askForVotes(178)) - feaf5d54-1805-49ec-899f-945609733e38@group-CE75851C0F4B-LeaderElection59: begin an election at term 14 for -1: [98e78e11-cb4b-48d0-b763-897efd13c9ec:192.168.164.213:39232, 84568b57-9d99-42dc-882b-eae65806f704:192.168.164.213:37329, feaf5d54-1805-49ec-899f-945609733e38:192.168.164.213:39911], old=null
2019-10-24 15:48:09,652 [84568b57-9d99-42dc-882b-eae65806f704@group-05AC48DA6374-LeaderElection58] INFO  impl.LeaderElection (LeaderElection.java:logAndReturn(56)) - 84568b57-9d99-42dc-882b-eae65806f704@group-05AC48DA6374-LeaderElection58: Election REJECTED; received 2 response(s) [84568b57-9d99-42dc-882b-eae65806f704<-98e78e11-cb4b-48d0-b763-897efd13c9ec#0:FAIL-t50, 84568b57-9d99-42dc-882b-eae65806f704<-feaf5d54-1805-49ec-899f-945609733e38#0:FAIL-t50] and 0 exception(s); 84568b57-9d99-42dc-882b-eae65806f704@group-05AC48DA6374:t50, leader=null, voted=84568b57-9d99-42dc-882b-eae65806f704, raftlog=84568b57-9d99-42dc-882b-eae65806f704@group-05AC48DA6374-SegmentedRaftLog:OPENED:c3,f4,i4, conf=0: [98e78e11-cb4b-48d0-b763-897efd13c9ec:192.168.164.213:39232, 84568b57-9d99-42dc-882b-eae65806f704:192.168.164.213:37329, feaf5d54-1805-49ec-899f-945609733e38:192.168.164.213:39911], old=null
2019-10-24 15:48:09,653 [84568b57-9d99-42dc-882b-eae65806f704@group-05AC48DA6374-LeaderElection58] INFO  impl.RaftServerImpl (RaftServerImpl.java:setRole(184)) - 84568b57-9d99-42dc-882b-eae65806f704@group-05AC48DA6374: changes role from CANDIDATE to FOLLOWER at term 50 for DISCOVERED_A_NEW_TERM
2019-10-24 15:48:09,653 [84568b57-9d99-42dc-882b-eae65806f704@group-05AC48DA6374-LeaderElection58] INFO  impl.RoleInfo (RoleInfo.java:shutdownLeaderElection(134)) - 84568b57-9d99-42dc-882b-eae65806f704: shutdown LeaderElection
2019-10-24 15:48:09,653 [84568b57-9d99-42dc-882b-eae65806f704@group-05AC48DA6374-LeaderElection58] INFO  impl.RoleInfo (RoleInfo.java:updateAndGet(143)) - 84568b57-9d99-42dc-882b-eae65806f704: start FollowerState
2019-10-24 15:48:09,655 [grpc-default-executor-4] INFO  impl.RaftServerImpl (RaftServerImpl.java:setRole(184)) - 98e78e11-cb4b-48d0-b763-897efd13c9ec@group-CE75851C0F4B: changes role from  FOLLOWER to FOLLOWER at term 14 for recognizeCandidate:feaf5d54-1805-49ec-899f-945609733e38
2019-10-24 15:48:09,655 [grpc-default-executor-4] INFO  impl.RoleInfo (RoleInfo.java:shutdownFollowerState(121)) - 98e78e11-cb4b-48d0-b763-897efd13c9ec: shutdown FollowerState
2019-10-24 15:48:09,659 [grpc-default-executor-4] INFO  impl.RoleInfo (RoleInfo.java:updateAndGet(143)) - 98e78e11-cb4b-48d0-b763-897efd13c9ec: start FollowerState
2019-10-24 15:48:09,659 [Thread-954] INFO  impl.FollowerState (FollowerState.java:run(117)) - 98e78e11-cb4b-48d0-b763-897efd13c9ec@group-CE75851C0F4B-FollowerState was interrupted: java.lang.InterruptedException: sleep interrupted
2019-10-24 15:48:09,660 [grpc-default-executor-2] INFO  impl.RaftServerImpl (RaftServerImpl.java:setRole(184)) - 84568b57-9d99-42dc-882b-eae65806f704@group-CE75851C0F4B: changes role from  FOLLOWER to FOLLOWER at term 14 for recognizeCandidate:feaf5d54-1805-49ec-899f-945609733e38
2019-10-24 15:48:09,660 [grpc-default-executor-2] INFO  impl.RoleInfo (RoleInfo.java:shutdownFollowerState(121)) - 84568b57-9d99-42dc-882b-eae65806f704: shutdown FollowerState
2019-10-24 15:48:09,660 [Thread-956] INFO  impl.FollowerState (FollowerState.java:run(117)) - 84568b57-9d99-42dc-882b-eae65806f704@group-CE75851C0F4B-FollowerState was interrupted: java.lang.InterruptedException: sleep interrupted
2019-10-24 15:48:09,660 [grpc-default-executor-2] INFO  impl.RoleInfo (RoleInfo.java:updateAndGet(143)) - 84568b57-9d99-42dc-882b-eae65806f704: start FollowerState
2019-10-24 15:48:09,669 [feaf5d54-1805-49ec-899f-945609733e38@group-CE75851C0F4B-LeaderElection59] INFO  impl.LeaderElection (LeaderElection.java:logAndReturn(56)) - feaf5d54-1805-49ec-899f-945609733e38@group-CE75851C0F4B-LeaderElection59: Election REJECTED; received 2 response(s) [feaf5d54-1805-49ec-899f-945609733e38<-98e78e11-cb4b-48d0-b763-897efd13c9ec#0:FAIL-t14, feaf5d54-1805-49ec-899f-945609733e38<-84568b57-9d99-42dc-882b-eae65806f704#0:FAIL-t14] and 0 exception(s); feaf5d54-1805-49ec-899f-945609733e38@group-CE75851C0F4B:t14, leader=null, voted=feaf5d54-1805-49ec-899f-945609733e38, raftlog=feaf5d54-1805-49ec-899f-945609733e38@group-CE75851C0F4B-SegmentedRaftLog:OPENED:c-1,f-1,i0, conf=-1: [98e78e11-cb4b-48d0-b763-897efd13c9ec:192.168.164.213:39232, 84568b57-9d99-42dc-882b-eae65806f704:192.168.164.213:37329, feaf5d54-1805-49ec-899f-945609733e38:192.168.164.213:39911], old=null
2019-10-24 15:48:09,669 [feaf5d54-1805-49ec-899f-945609733e38@group-CE75851C0F4B-LeaderElection59] INFO  impl.RaftServerImpl (RaftServerImpl.java:setRole(184)) - feaf5d54-1805-49ec-899f-945609733e38@group-CE75851C0F4B: changes role from CANDIDATE to FOLLOWER at term 14 for DISCOVERED_A_NEW_TERM
2019-10-24 15:48:09,669 [feaf5d54-1805-49ec-899f-945609733e38@group-CE75851C0F4B-LeaderElection59] INFO  impl.RoleInfo (RoleInfo.java:shutdownLeaderElection(134)) - feaf5d54-1805-49ec-899f-945609733e38: shutdown LeaderElection
2019-10-24 15:48:09,670 [feaf5d54-1805-49ec-899f-945609733e38@group-CE75851C0F4B-LeaderElection59] INFO  impl.RoleInfo (RoleInfo.java:updateAndGet(143)) - feaf5d54-1805-49ec-899f-945609733e38: start FollowerState
2019-10-24 15:48:09,688 [Thread-971] INFO  impl.FollowerState (FollowerState.java:run(108)) - feaf5d54-1805-49ec-899f-945609733e38@group-CE75851C0F4B-FollowerState: change to CANDIDATE, lastRpcTime:18ms, electionTimeout:12ms
2019-10-24 15:48:09,692 [Thread-971] INFO  impl.RoleInfo (RoleInfo.java:shutdownFollowerState(121)) - feaf5d54-1805-49ec-899f-945609733e38: shutdown FollowerState
2019-10-24 15:48:09,698 [Thread-971] INFO  impl.RaftServerImpl (RaftServerImpl.java:setRole(184)) - feaf5d54-1805-49ec-899f-945609733e38@group-CE75851C0F4B: changes role from  FOLLOWER to CANDIDATE at term 14 for changeToCandidate
2019-10-24 15:48:09,702 [Thread-968] INFO  impl.FollowerState (FollowerState.java:run(108)) - 84568b57-9d99-42dc-882b-eae65806f704@group-05AC48DA6374-FollowerState: change to CANDIDATE, lastRpcTime:48ms, electionTimeout:47ms
2019-10-24 15:48:09,702 [Thread-971] INFO  impl.RoleInfo (RoleInfo.java:updateAndGet(143)) - feaf5d54-1805-49ec-899f-945609733e38: start LeaderElection
2019-10-24 15:48:09,702 [Thread-968] INFO  impl.RoleInfo (RoleInfo.java:shutdownFollowerState(121)) - 84568b57-9d99-42dc-882b-eae65806f704: shutdown FollowerState
2019-10-24 15:48:09,702 [Thread-968] INFO  impl.RaftServerImpl (RaftServerImpl.java:setRole(184)) - 84568b57-9d99-42dc-882b-eae65806f704@group-05AC48DA6374: changes role from  FOLLOWER to CANDIDATE at term 50 for changeToCandidate
2019-10-24 15:48:09,703 [Thread-968] INFO  impl.RoleInfo (RoleInfo.java:updateAndGet(143)) - 84568b57-9d99-42dc-882b-eae65806f704: start LeaderElection
2019-10-24 15:48:09,721 [feaf5d54-1805-49ec-899f-945609733e38@group-CE75851C0F4B-LeaderElection60] INFO  impl.LeaderElection (LeaderElection.java:askForVotes(178)) - feaf5d54-1805-49ec-899f-945609733e38@group-CE75851C0F4B-LeaderElection60: begin an election at term 15 for -1: [98e78e11-cb4b-48d0-b763-897efd13c9ec:192.168.164.213:39232, 84568b57-9d99-42dc-882b-eae65806f704:192.168.164.213:37329, feaf5d54-1805-49ec-899f-945609733e38:192.168.164.213:39911], old=null
2019-10-24 15:48:09,721 [84568b57-9d99-42dc-882b-eae65806f704@group-05AC48DA6374-LeaderElection61] INFO  impl.LeaderElection (LeaderElection.java:askForVotes(178)) - 84568b57-9d99-42dc-882b-eae65806f704@group-05AC48DA6374-LeaderElection61: begin an election at term 51 for 0: [98e78e11-cb4b-48d0-b763-897efd13c9ec:192.168.164.213:39232, 84568b57-9d99-42dc-882b-eae65806f704:192.168.164.213:37329, feaf5d54-1805-49ec-899f-945609733e38:192.168.164.213:39911], old=null
2019-10-24 15:48:09,723 [84568b57-9d99-42dc-882b-eae65806f704@group-05AC48DA6374-LeaderElection61] INFO  impl.LeaderElection (LeaderElection.java:logAndReturn(56)) - 84568b57-9d99-42dc-882b-eae65806f704@group-05AC48DA6374-LeaderElection61: Election TIMEOUT; received 0 response(s) [] and 0 exception(s); 84568b57-9d99-42dc-882b-eae65806f704@group-05AC48DA6374:t51, leader=null, voted=84568b57-9d99-42dc-882b-eae65806f704, raftlog=84568b57-9d99-42dc-882b-eae65806f704@group-05AC48DA6374-SegmentedRaftLog:OPENED:c3,f4,i4, conf=0: [98e78e11-cb4b-48d0-b763-897efd13c9ec:192.168.164.213:39232, 84568b57-9d99-42dc-882b-eae65806f704:192.168.164.213:37329, feaf5d54-1805-49ec-899f-945609733e38:192.168.164.213:39911], old=null
2019-10-24 15:48:09,725 [grpc-default-executor-2] INFO  impl.RaftServerImpl (RaftServerImpl.java:setRole(184)) - 98e78e11-cb4b-48d0-b763-897efd13c9ec@group-CE75851C0F4B: changes role from  FOLLOWER to FOLLOWER at term 15 for recognizeCandidate:feaf5d54-1805-49ec-899f-945609733e38
2019-10-24 15:48:09,725 [grpc-default-executor-0] INFO  impl.RaftServerImpl (RaftServerImpl.java:setRole(184)) - feaf5d54-1805-49ec-899f-945609733e38@group-05AC48DA6374: changes role from  FOLLOWER to FOLLOWER at term 51 for recognizeCandidate:84568b57-9d99-42dc-882b-eae65806f704
2019-10-24 15:48:09,725 [grpc-default-executor-4] INFO  impl.RaftServerImpl (RaftServerImpl.java:setRole(184)) - 98e78e11-cb4b-48d0-b763-897efd13c9ec@group-05AC48DA6374: changes role from  FOLLOWER to FOLLOWER at term 51 for recognizeCandidate:84568b57-9d99-42dc-882b-eae65806f704
2019-10-24 15:48:09,725 [grpc-default-executor-4] INFO  impl.RoleInfo (RoleInfo.java:shutdownFollowerState(121)) - 98e78e11-cb4b-48d0-b763-897efd13c9ec: shutdown FollowerState
2019-10-24 15:48:09,725 [grpc-default-executor-2] INFO  impl.RoleInfo (RoleInfo.java:shutdownFollowerState(121)) - 98e78e11-cb4b-48d0-b763-897efd13c9ec: shutdown FollowerState
2019-10-24 15:48:09,725 [grpc-default-executor-5] INFO  impl.RaftServerImpl (RaftServerImpl.java:setRole(184)) - 84568b57-9d99-42dc-882b-eae65806f704@group-CE75851C0F4B: changes role from  FOLLOWER to FOLLOWER at term 15 for recognizeCandidate:feaf5d54-1805-49ec-899f-945609733e38
2019-10-24 15:48:09,726 [grpc-default-executor-5] INFO  impl.RoleInfo (RoleInfo.java:shutdownFollowerState(121)) - 84568b57-9d99-42dc-882b-eae65806f704: shutdown FollowerState
2019-10-24 15:48:09,726 [grpc-default-executor-2] INFO  impl.RoleInfo (RoleInfo.java:updateAndGet(143)) - 98e78e11-cb4b-48d0-b763-897efd13c9ec: start FollowerState
2019-10-24 15:48:09,726 [Thread-969] INFO  impl.FollowerState (FollowerState.java:run(117)) - 98e78e11-cb4b-48d0-b763-897efd13c9ec@group-CE75851C0F4B-FollowerState was interrupted: java.lang.InterruptedException: sleep interrupted
2019-10-24 15:48:09,726 [Thread-964] INFO  impl.FollowerState (FollowerState.java:run(117)) - 98e78e11-cb4b-48d0-b763-897efd13c9ec@group-05AC48DA6374-FollowerState was interrupted: java.lang.InterruptedException: sleep interrupted
2019-10-24 15:48:09,726 [grpc-default-executor-4] INFO  impl.RoleInfo (RoleInfo.java:updateAndGet(143)) - 98e78e11-cb4b-48d0-b763-897efd13c9ec: start FollowerState
2019-10-24 15:48:09,725 [grpc-default-executor-0] INFO  impl.RoleInfo (RoleInfo.java:shutdownFollowerState(121)) - feaf5d54-1805-49ec-899f-945609733e38: shutdown FollowerState
2019-10-24 15:48:09,726 [grpc-default-executor-5] INFO  impl.RoleInfo (RoleInfo.java:updateAndGet(143)) - 84568b57-9d99-42dc-882b-eae65806f704: start FollowerState
2019-10-24 15:48:09,726 [Thread-970] INFO  impl.FollowerState (FollowerState.java:run(117)) - 84568b57-9d99-42dc-882b-eae65806f704@group-CE75851C0F4B-FollowerState was interrupted: java.lang.InterruptedException: sleep interrupted
2019-10-24 15:48:09,727 [Thread-965] INFO  impl.FollowerState (FollowerState.java:run(117)) - feaf5d54-1805-49ec-899f-945609733e38@group-05AC48DA6374-FollowerState was interrupted: java.lang.InterruptedException: sleep interrupted
2019-10-24 15:48:09,727 [grpc-default-executor-0] INFO  impl.RoleInfo (RoleInfo.java:updateAndGet(143)) - feaf5d54-1805-49ec-899f-945609733e38: start FollowerState
2019-10-24 15:48:09,734 [Thread-983] INFO  client.GrpcClientProtocolService (GrpcClientProtocolService.java:lambda$processClientRequest$0(278)) - Failed RaftClientRequest:client-60DA70BF947A->feaf5d54-1805-49ec-899f-945609733e38@group-05AC48DA6374, cid=10, seq=0, Watch-ALL_COMMITTED(6), Message:<EMPTY>, reply=RaftClientReply:client-60DA70BF947A->feaf5d54-1805-49ec-899f-945609733e38@group-05AC48DA6374, cid=10, FAILED org.apache.ratis.protocol.NotLeaderException: Server feaf5d54-1805-49ec-899f-945609733e38@group-05AC48DA6374 is not the leader, logIndex=0, commits[feaf5d54-1805-49ec-899f-945609733e38:c10, 98e78e11-cb4b-48d0-b763-897efd13c9ec:c10, 84568b57-9d99-42dc-882b-eae65806f704:c4]
2019-10-24 15:48:09,738 [84568b57-9d99-42dc-882b-eae65806f704@group-05AC48DA6374-LeaderElection61] INFO  impl.LeaderElection (LeaderElection.java:askForVotes(178)) - 84568b57-9d99-42dc-882b-eae65806f704@group-05AC48DA6374-LeaderElection61: begin an election at term 52 for 0: [98e78e11-cb4b-48d0-b763-897efd13c9ec:192.168.164.213:39232, 84568b57-9d99-42dc-882b-eae65806f704:192.168.164.213:37329, feaf5d54-1805-49ec-899f-945609733e38:192.168.164.213:39911], old=null
2019-10-24 15:48:09,743 [feaf5d54-1805-49ec-899f-945609733e38@group-CE75851C0F4B-LeaderElection60] INFO  impl.LeaderElection (LeaderElection.java:logAndReturn(56)) - feaf5d54-1805-49ec-899f-945609733e38@group-CE75851C0F4B-LeaderElection60: Election REJECTED; received 2 response(s) [feaf5d54-1805-49ec-899f-945609733e38<-98e78e11-cb4b-48d0-b763-897efd13c9ec#0:FAIL-t15, feaf5d54-1805-49ec-899f-945609733e38<-84568b57-9d99-42dc-882b-eae65806f704#0:FAIL-t15] and 0 exception(s); feaf5d54-1805-49ec-899f-945609733e38@group-CE75851C0F4B:t15, leader=null, voted=feaf5d54-1805-49ec-899f-945609733e38, raftlog=feaf5d54-1805-49ec-899f-945609733e38@group-CE75851C0F4B-SegmentedRaftLog:OPENED:c-1,f-1,i0, conf=-1: [98e78e11-cb4b-48d0-b763-897efd13c9ec:192.168.164.213:39232, 84568b57-9d99-42dc-882b-eae65806f704:192.168.164.213:37329, feaf5d54-1805-49ec-899f-945609733e38:192.168.164.213:39911], old=null
2019-10-24 15:48:09,743 [feaf5d54-1805-49ec-899f-945609733e38@group-CE75851C0F4B-LeaderElection60] INFO  impl.RaftServerImpl (RaftServerImpl.java:setRole(184)) - feaf5d54-1805-49ec-899f-945609733e38@group-CE75851C0F4B: changes role from CANDIDATE to FOLLOWER at term 15 for DISCOVERED_A_NEW_TERM
2019-10-24 15:48:09,744 [feaf5d54-1805-49ec-899f-945609733e38@group-CE75851C0F4B-LeaderElection60] INFO  impl.RoleInfo (RoleInfo.java:shutdownLeaderElection(134)) - feaf5d54-1805-49ec-899f-945609733e38: shutdown LeaderElection
2019-10-24 15:48:09,744 [feaf5d54-1805-49ec-899f-945609733e38@group-CE75851C0F4B-LeaderElection60] INFO  impl.RoleInfo (RoleInfo.java:updateAndGet(143)) - feaf5d54-1805-49ec-899f-945609733e38: start FollowerState
2019-10-24 15:48:09,744 [grpc-default-executor-6] INFO  impl.RaftServerImpl (RaftServerImpl.java:setRole(184)) - 98e78e11-cb4b-48d0-b763-897efd13c9ec@group-05AC48DA6374: changes role from  FOLLOWER to FOLLOWER at term 52 for recognizeCandidate:84568b57-9d99-42dc-882b-eae65806f704
2019-10-24 15:48:09,744 [grpc-default-executor-6] INFO  impl.RoleInfo (RoleInfo.java:shutdownFollowerState(121)) - 98e78e11-cb4b-48d0-b763-897efd13c9ec: shutdown FollowerState
2019-10-24 15:48:09,744 [grpc-default-executor-4] INFO  impl.RaftServerImpl (RaftServerImpl.java:setRole(184)) - feaf5d54-1805-49ec-899f-945609733e38@group-05AC48DA6374: changes role from  FOLLOWER to FOLLOWER at term 52 for recognizeCandidate:84568b57-9d99-42dc-882b-eae65806f704
2019-10-24 15:48:09,744 [grpc-default-executor-4] INFO  impl.RoleInfo (RoleInfo.java:shutdownFollowerState(121)) - feaf5d54-1805-49ec-899f-945609733e38: shutdown FollowerState
2019-10-24 15:48:09,744 [grpc-default-executor-6] INFO  impl.RoleInfo (RoleInfo.java:updateAndGet(143)) - 98e78e11-cb4b-48d0-b763-897efd13c9ec: start FollowerState
2019-10-24 15:48:09,744 [Thread-978] INFO  impl.FollowerState (FollowerState.java:run(117)) - 98e78e11-cb4b-48d0-b763-897efd13c9ec@group-05AC48DA6374-FollowerState was interrupted: java.lang.InterruptedException: sleep interrupted
2019-10-24 15:48:09,745 [Thread-981] INFO  impl.FollowerState (FollowerState.java:run(117)) - feaf5d54-1805-49ec-899f-945609733e38@group-05AC48DA6374-FollowerState was interrupted: java.lang.InterruptedException: sleep interrupted
2019-10-24 15:48:09,745 [grpc-default-executor-4] INFO  impl.RoleInfo (RoleInfo.java:updateAndGet(143)) - feaf5d54-1805-49ec-899f-945609733e38: start FollowerState
2019-10-24 15:48:09,761 [84568b57-9d99-42dc-882b-eae65806f704@group-05AC48DA6374-LeaderElection61] INFO  impl.LeaderElection (LeaderElection.java:logAndReturn(56)) - 84568b57-9d99-42dc-882b-eae65806f704@group-05AC48DA6374-LeaderElection61: Election REJECTED; received 2 response(s) [84568b57-9d99-42dc-882b-eae65806f704<-98e78e11-cb4b-48d0-b763-897efd13c9ec#0:FAIL-t52, 84568b57-9d99-42dc-882b-eae65806f704<-feaf5d54-1805-49ec-899f-945609733e38#0:FAIL-t52] and 0 exception(s); 84568b57-9d99-42dc-882b-eae65806f704@group-05AC48DA6374:t52, leader=null, voted=84568b57-9d99-42dc-882b-eae65806f704, raftlog=84568b57-9d99-42dc-882b-eae65806f704@group-05AC48DA6374-SegmentedRaftLog:OPENED:c3,f4,i4, conf=0: [98e78e11-cb4b-48d0-b763-897efd13c9ec:192.168.164.213:39232, 84568b57-9d99-42dc-882b-eae65806f704:192.168.164.213:37329, feaf5d54-1805-49ec-899f-945609733e38:192.168.164.213:39911], old=null
2019-10-24 15:48:09,761 [84568b57-9d99-42dc-882b-eae65806f704@group-05AC48DA6374-LeaderElection61] INFO  impl.RaftServerImpl (RaftServerImpl.java:setRole(184)) - 84568b57-9d99-42dc-882b-eae65806f704@group-05AC48DA6374: changes role from CANDIDATE to FOLLOWER at term 52 for DISCOVERED_A_NEW_TERM
2019-10-24 15:48:09,762 [84568b57-9d99-42dc-882b-eae65806f704@group-05AC48DA6374-LeaderElection61] INFO  impl.RoleInfo (RoleInfo.java:shutdownLeaderElection(134)) - 84568b57-9d99-42dc-882b-eae65806f704: shutdown LeaderElection
2019-10-24 15:48:09,762 [84568b57-9d99-42dc-882b-eae65806f704@group-05AC48DA6374-LeaderElection61] INFO  impl.RoleInfo (RoleInfo.java:updateAndGet(143)) - 84568b57-9d99-42dc-882b-eae65806f704: start FollowerState
2019-10-24 15:48:09,868 [Thread-990] INFO  impl.FollowerState (FollowerState.java:run(108)) - 84568b57-9d99-42dc-882b-eae65806f704@group-05AC48DA6374-FollowerState: change to CANDIDATE, lastRpcTime:106ms, electionTimeout:106ms
2019-10-24 15:48:09,869 [Thread-990] INFO  impl.RoleInfo (RoleInfo.java:shutdownFollowerState(121)) - 84568b57-9d99-42dc-882b-eae65806f704: shutdown FollowerState
2019-10-24 15:48:09,869 [Thread-990] INFO  impl.RaftServerImpl (RaftServerImpl.java:setRole(184)) - 84568b57-9d99-42dc-882b-eae65806f704@group-05AC48DA6374: changes role from  FOLLOWER to CANDIDATE at term 52 for changeToCandidate
2019-10-24 15:48:09,869 [Thread-990] INFO  impl.RoleInfo (RoleInfo.java:updateAndGet(143)) - 84568b57-9d99-42dc-882b-eae65806f704: start LeaderElection
2019-10-24 15:48:09,884 [84568b57-9d99-42dc-882b-eae65806f704@group-05AC48DA6374-LeaderElection62] INFO  impl.LeaderElection (LeaderElection.java:askForVotes(178)) - 84568b57-9d99-42dc-882b-eae65806f704@group-05AC48DA6374-LeaderElection62: begin an election at term 53 for 0: [98e78e11-cb4b-48d0-b763-897efd13c9ec:192.168.164.213:39232, 84568b57-9d99-42dc-882b-eae65806f704:192.168.164.213:37329, feaf5d54-1805-49ec-899f-945609733e38:192.168.164.213:39911], old=null
2019-10-24 15:48:09,888 [grpc-default-executor-4] INFO  impl.RaftServerImpl (RaftServerImpl.java:setRole(184)) - 98e78e11-cb4b-48d0-b763-897efd13c9ec@group-05AC48DA6374: changes role from  FOLLOWER to FOLLOWER at term 53 for recognizeCandidate:84568b57-9d99-42dc-882b-eae65806f704
2019-10-24 15:48:09,888 [grpc-default-executor-6] INFO  impl.RaftServerImpl (RaftServerImpl.java:setRole(184)) - feaf5d54-1805-49ec-899f-945609733e38@group-05AC48DA6374: changes role from  FOLLOWER to FOLLOWER at term 53 for recognizeCandidate:84568b57-9d99-42dc-882b-eae65806f704
2019-10-24 15:48:09,888 [grpc-default-executor-4] INFO  impl.RoleInfo (RoleInfo.java:shutdownFollowerState(121)) - 98e78e11-cb4b-48d0-b763-897efd13c9ec: shutdown FollowerState
2019-10-24 15:48:09,888 [grpc-default-executor-6] INFO  impl.RoleInfo (RoleInfo.java:shutdownFollowerState(121)) - feaf5d54-1805-49ec-899f-945609733e38: shutdown FollowerState
2019-10-24 15:48:09,888 [Thread-988] INFO  impl.FollowerState (FollowerState.java:run(117)) - 98e78e11-cb4b-48d0-b763-897efd13c9ec@group-05AC48DA6374-FollowerState was interrupted: java.lang.InterruptedException: sleep interrupted
2019-10-24 15:48:09,888 [Thread-989] INFO  impl.FollowerState (FollowerState.java:run(117)) - feaf5d54-1805-49ec-899f-945609733e38@group-05AC48DA6374-FollowerState was interrupted: java.lang.InterruptedException: sleep interrupted
2019-10-24 15:48:09,888 [grpc-default-executor-4] INFO  impl.RoleInfo (RoleInfo.java:updateAndGet(143)) - 98e78e11-cb4b-48d0-b763-897efd13c9ec: start FollowerState
2019-10-24 15:48:09,888 [grpc-default-executor-6] INFO  impl.RoleInfo (RoleInfo.java:updateAndGet(143)) - feaf5d54-1805-49ec-899f-945609733e38: start FollowerState
2019-10-24 15:48:09,903 [84568b57-9d99-42dc-882b-eae65806f704@group-05AC48DA6374-LeaderElection62] INFO  impl.LeaderElection (LeaderElection.java:logAndReturn(56)) - 84568b57-9d99-42dc-882b-eae65806f704@group-05AC48DA6374-LeaderElection62: Election REJECTED; received 2 response(s) [84568b57-9d99-42dc-882b-eae65806f704<-98e78e11-cb4b-48d0-b763-897efd13c9ec#0:FAIL-t53, 84568b57-9d99-42dc-882b-eae65806f704<-feaf5d54-1805-49ec-899f-945609733e38#0:FAIL-t53] and 0 exception(s); 84568b57-9d99-42dc-882b-eae65806f704@group-05AC48DA6374:t53, leader=null, voted=84568b57-9d99-42dc-882b-eae65806f704, raftlog=84568b57-9d99-42dc-882b-eae65806f704@group-05AC48DA6374-SegmentedRaftLog:OPENED:c3,f4,i4, conf=0: [98e78e11-cb4b-48d0-b763-897efd13c9ec:192.168.164.213:39232, 84568b57-9d99-42dc-882b-eae65806f704:192.168.164.213:37329, feaf5d54-1805-49ec-899f-945609733e38:192.168.164.213:39911], old=null
2019-10-24 15:48:09,903 [84568b57-9d99-42dc-882b-eae65806f704@group-05AC48DA6374-LeaderElection62] INFO  impl.RaftServerImpl (RaftServerImpl.java:setRole(184)) - 84568b57-9d99-42dc-882b-eae65806f704@group-05AC48DA6374: changes role from CANDIDATE to FOLLOWER at term 53 for DISCOVERED_A_NEW_TERM
2019-10-24 15:48:09,903 [84568b57-9d99-42dc-882b-eae65806f704@group-05AC48DA6374-LeaderElection62] INFO  impl.RoleInfo (RoleInfo.java:shutdownLeaderElection(134)) - 84568b57-9d99-42dc-882b-eae65806f704: shutdown LeaderElection
2019-10-24 15:48:09,903 [84568b57-9d99-42dc-882b-eae65806f704@group-05AC48DA6374-LeaderElection62] INFO  impl.RoleInfo (RoleInfo.java:updateAndGet(143)) - 84568b57-9d99-42dc-882b-eae65806f704: start FollowerState
2019-10-24 15:48:09,918 [Thread-987] INFO  impl.FollowerState (FollowerState.java:run(108)) - feaf5d54-1805-49ec-899f-945609733e38@group-CE75851C0F4B-FollowerState: change to CANDIDATE, lastRpcTime:174ms, electionTimeout:174ms
2019-10-24 15:48:09,918 [Thread-987] INFO  impl.RoleInfo (RoleInfo.java:shutdownFollowerState(121)) - feaf5d54-1805-49ec-899f-945609733e38: shutdown FollowerState
2019-10-24 15:48:09,919 [Thread-987] INFO  impl.RaftServerImpl (RaftServerImpl.java:setRole(184)) - feaf5d54-1805-49ec-899f-945609733e38@group-CE75851C0F4B: changes role from  FOLLOWER to CANDIDATE at term 15 for changeToCandidate
2019-10-24 15:48:09,919 [Thread-987] INFO  impl.RoleInfo (RoleInfo.java:updateAndGet(143)) - feaf5d54-1805-49ec-899f-945609733e38: start LeaderElection
2019-10-24 15:48:09,921 [BlockDeletingService#2] WARN  background.BlockDeletingService (BlockDeletingService.java:isDeletionAllowed(187)) - Close Container log Index 6 is not replicated across allthe servers in the pipeline a9fb5832-a8b6-4e39-9ab2-05ac48da6374 as the min replicated index is 4. Deletion is not allowed in this container yet.
2019-10-24 15:48:09,921 [BlockDeletingService#6] WARN  background.BlockDeletingService (BlockDeletingService.java:isDeletionAllowed(187)) - Close Container log Index 6 is not replicated across allthe servers in the pipeline a9fb5832-a8b6-4e39-9ab2-05ac48da6374 as the min replicated index is 4. Deletion is not allowed in this container yet.
2019-10-24 15:48:09,932 [feaf5d54-1805-49ec-899f-945609733e38@group-CE75851C0F4B-LeaderElection63] INFO  impl.LeaderElection (LeaderElection.java:askForVotes(178)) - feaf5d54-1805-49ec-899f-945609733e38@group-CE75851C0F4B-LeaderElection63: begin an election at term 16 for -1: [98e78e11-cb4b-48d0-b763-897efd13c9ec:192.168.164.213:39232, 84568b57-9d99-42dc-882b-eae65806f704:192.168.164.213:37329, feaf5d54-1805-49ec-899f-945609733e38:192.168.164.213:39911], old=null
2019-10-24 15:48:09,935 [grpc-default-executor-6] INFO  impl.RaftServerImpl (RaftServerImpl.java:setRole(184)) - 84568b57-9d99-42dc-882b-eae65806f704@group-CE75851C0F4B: changes role from  FOLLOWER to FOLLOWER at term 16 for recognizeCandidate:feaf5d54-1805-49ec-899f-945609733e38
2019-10-24 15:48:09,935 [grpc-default-executor-4] INFO  impl.RaftServerImpl (RaftServerImpl.java:setRole(184)) - 98e78e11-cb4b-48d0-b763-897efd13c9ec@group-CE75851C0F4B: changes role from  FOLLOWER to FOLLOWER at term 16 for recognizeCandidate:feaf5d54-1805-49ec-899f-945609733e38
2019-10-24 15:48:09,936 [grpc-default-executor-4] INFO  impl.RoleInfo (RoleInfo.java:shutdownFollowerState(121)) - 98e78e11-cb4b-48d0-b763-897efd13c9ec: shutdown FollowerState
2019-10-24 15:48:09,936 [grpc-default-executor-6] INFO  impl.RoleInfo (RoleInfo.java:shutdownFollowerState(121)) - 84568b57-9d99-42dc-882b-eae65806f704: shutdown FollowerState
2019-10-24 15:48:09,936 [Thread-979] INFO  impl.FollowerState (FollowerState.java:run(117)) - 98e78e11-cb4b-48d0-b763-897efd13c9ec@group-CE75851C0F4B-FollowerState was interrupted: java.lang.InterruptedException: sleep interrupted
2019-10-24 15:48:09,936 [grpc-default-executor-4] INFO  impl.RoleInfo (RoleInfo.java:updateAndGet(143)) - 98e78e11-cb4b-48d0-b763-897efd13c9ec: start FollowerState
2019-10-24 15:48:09,936 [Thread-980] INFO  impl.FollowerState (FollowerState.java:run(117)) - 84568b57-9d99-42dc-882b-eae65806f704@group-CE75851C0F4B-FollowerState was interrupted: java.lang.InterruptedException: sleep interrupted
2019-10-24 15:48:09,936 [grpc-default-executor-6] INFO  impl.RoleInfo (RoleInfo.java:updateAndGet(143)) - 84568b57-9d99-42dc-882b-eae65806f704: start FollowerState
2019-10-24 15:48:09,953 [feaf5d54-1805-49ec-899f-945609733e38@group-CE75851C0F4B-LeaderElection63] INFO  impl.LeaderElection (LeaderElection.java:logAndReturn(56)) - feaf5d54-1805-49ec-899f-945609733e38@group-CE75851C0F4B-LeaderElection63: Election REJECTED; received 2 response(s) [feaf5d54-1805-49ec-899f-945609733e38<-98e78e11-cb4b-48d0-b763-897efd13c9ec#0:FAIL-t16, feaf5d54-1805-49ec-899f-945609733e38<-84568b57-9d99-42dc-882b-eae65806f704#0:FAIL-t16] and 0 exception(s); feaf5d54-1805-49ec-899f-945609733e38@group-CE75851C0F4B:t16, leader=null, voted=feaf5d54-1805-49ec-899f-945609733e38, raftlog=feaf5d54-1805-49ec-899f-945609733e38@group-CE75851C0F4B-SegmentedRaftLog:OPENED:c-1,f-1,i0, conf=-1: [98e78e11-cb4b-48d0-b763-897efd13c9ec:192.168.164.213:39232, 84568b57-9d99-42dc-882b-eae65806f704:192.168.164.213:37329, feaf5d54-1805-49ec-899f-945609733e38:192.168.164.213:39911], old=null
2019-10-24 15:48:09,953 [feaf5d54-1805-49ec-899f-945609733e38@group-CE75851C0F4B-LeaderElection63] INFO  impl.RaftServerImpl (RaftServerImpl.java:setRole(184)) - feaf5d54-1805-49ec-899f-945609733e38@group-CE75851C0F4B: changes role from CANDIDATE to FOLLOWER at term 16 for DISCOVERED_A_NEW_TERM
2019-10-24 15:48:09,954 [feaf5d54-1805-49ec-899f-945609733e38@group-CE75851C0F4B-LeaderElection63] INFO  impl.RoleInfo (RoleInfo.java:shutdownLeaderElection(134)) - feaf5d54-1805-49ec-899f-945609733e38: shutdown LeaderElection
2019-10-24 15:48:09,954 [feaf5d54-1805-49ec-899f-945609733e38@group-CE75851C0F4B-LeaderElection63] INFO  impl.RoleInfo (RoleInfo.java:updateAndGet(143)) - feaf5d54-1805-49ec-899f-945609733e38: start FollowerState
2019-10-24 15:48:09,963 [Thread-1004] INFO  impl.FollowerState (FollowerState.java:run(108)) - feaf5d54-1805-49ec-899f-945609733e38@group-CE75851C0F4B-FollowerState: change to CANDIDATE, lastRpcTime:9ms, electionTimeout:9ms
2019-10-24 15:48:09,964 [Thread-1004] INFO  impl.RoleInfo (RoleInfo.java:shutdownFollowerState(121)) - feaf5d54-1805-49ec-899f-945609733e38: shutdown FollowerState
2019-10-24 15:48:09,964 [Thread-1004] INFO  impl.RaftServerImpl (RaftServerImpl.java:setRole(184)) - feaf5d54-1805-49ec-899f-945609733e38@group-CE75851C0F4B: changes role from  FOLLOWER to CANDIDATE at term 16 for changeToCandidate
2019-10-24 15:48:09,964 [Thread-1004] INFO  impl.RoleInfo (RoleInfo.java:updateAndGet(143)) - feaf5d54-1805-49ec-899f-945609733e38: start LeaderElection
2019-10-24 15:48:09,977 [feaf5d54-1805-49ec-899f-945609733e38@group-CE75851C0F4B-LeaderElection64] INFO  impl.LeaderElection (LeaderElection.java:askForVotes(178)) - feaf5d54-1805-49ec-899f-945609733e38@group-CE75851C0F4B-LeaderElection64: begin an election at term 17 for -1: [98e78e11-cb4b-48d0-b763-897efd13c9ec:192.168.164.213:39232, 84568b57-9d99-42dc-882b-eae65806f704:192.168.164.213:37329, feaf5d54-1805-49ec-899f-945609733e38:192.168.164.213:39911], old=null
2019-10-24 15:48:09,980 [grpc-default-executor-6] INFO  impl.RaftServerImpl (RaftServerImpl.java:setRole(184)) - 98e78e11-cb4b-48d0-b763-897efd13c9ec@group-CE75851C0F4B: changes role from  FOLLOWER to FOLLOWER at term 17 for recognizeCandidate:feaf5d54-1805-49ec-899f-945609733e38
2019-10-24 15:48:09,980 [grpc-default-executor-4] INFO  impl.RaftServerImpl (RaftServerImpl.java:setRole(184)) - 84568b57-9d99-42dc-882b-eae65806f704@group-CE75851C0F4B: changes role from  FOLLOWER to FOLLOWER at term 17 for recognizeCandidate:feaf5d54-1805-49ec-899f-945609733e38
2019-10-24 15:48:09,980 [grpc-default-executor-6] INFO  impl.RoleInfo (RoleInfo.java:shutdownFollowerState(121)) - 98e78e11-cb4b-48d0-b763-897efd13c9ec: shutdown FollowerState
2019-10-24 15:48:09,981 [grpc-default-executor-4] INFO  impl.RoleInfo (RoleInfo.java:shutdownFollowerState(121)) - 84568b57-9d99-42dc-882b-eae65806f704: shutdown FollowerState
2019-10-24 15:48:09,981 [grpc-default-executor-6] INFO  impl.RoleInfo (RoleInfo.java:updateAndGet(143)) - 98e78e11-cb4b-48d0-b763-897efd13c9ec: start FollowerState
2019-10-24 15:48:09,981 [Thread-1003] INFO  impl.FollowerState (FollowerState.java:run(117)) - 84568b57-9d99-42dc-882b-eae65806f704@group-CE75851C0F4B-FollowerState was interrupted: java.lang.InterruptedException: sleep interrupted
2019-10-24 15:48:09,981 [Thread-1002] INFO  impl.FollowerState (FollowerState.java:run(117)) - 98e78e11-cb4b-48d0-b763-897efd13c9ec@group-CE75851C0F4B-FollowerState was interrupted: java.lang.InterruptedException: sleep interrupted
2019-10-24 15:48:09,981 [grpc-default-executor-4] INFO  impl.RoleInfo (RoleInfo.java:updateAndGet(143)) - 84568b57-9d99-42dc-882b-eae65806f704: start FollowerState
2019-10-24 15:48:09,995 [feaf5d54-1805-49ec-899f-945609733e38@group-CE75851C0F4B-LeaderElection64] INFO  impl.LeaderElection (LeaderElection.java:logAndReturn(56)) - feaf5d54-1805-49ec-899f-945609733e38@group-CE75851C0F4B-LeaderElection64: Election REJECTED; received 2 response(s) [feaf5d54-1805-49ec-899f-945609733e38<-98e78e11-cb4b-48d0-b763-897efd13c9ec#0:FAIL-t17, feaf5d54-1805-49ec-899f-945609733e38<-84568b57-9d99-42dc-882b-eae65806f704#0:FAIL-t17] and 0 exception(s); feaf5d54-1805-49ec-899f-945609733e38@group-CE75851C0F4B:t17, leader=null, voted=feaf5d54-1805-49ec-899f-945609733e38, raftlog=feaf5d54-1805-49ec-899f-945609733e38@group-CE75851C0F4B-SegmentedRaftLog:OPENED:c-1,f-1,i0, conf=-1: [98e78e11-cb4b-48d0-b763-897efd13c9ec:192.168.164.213:39232, 84568b57-9d99-42dc-882b-eae65806f704:192.168.164.213:37329, feaf5d54-1805-49ec-899f-945609733e38:192.168.164.213:39911], old=null
2019-10-24 15:48:09,995 [feaf5d54-1805-49ec-899f-945609733e38@group-CE75851C0F4B-LeaderElection64] INFO  impl.RaftServerImpl (RaftServerImpl.java:setRole(184)) - feaf5d54-1805-49ec-899f-945609733e38@group-CE75851C0F4B: changes role from CANDIDATE to FOLLOWER at term 17 for DISCOVERED_A_NEW_TERM
2019-10-24 15:48:09,995 [feaf5d54-1805-49ec-899f-945609733e38@group-CE75851C0F4B-LeaderElection64] INFO  impl.RoleInfo (RoleInfo.java:shutdownLeaderElection(134)) - feaf5d54-1805-49ec-899f-945609733e38: shutdown LeaderElection
2019-10-24 15:48:09,996 [feaf5d54-1805-49ec-899f-945609733e38@group-CE75851C0F4B-LeaderElection64] INFO  impl.RoleInfo (RoleInfo.java:updateAndGet(143)) - feaf5d54-1805-49ec-899f-945609733e38: start FollowerState
2019-10-24 15:48:10,051 [Thread-1010] INFO  impl.FollowerState (FollowerState.java:run(108)) - feaf5d54-1805-49ec-899f-945609733e38@group-CE75851C0F4B-FollowerState: change to CANDIDATE, lastRpcTime:55ms, electionTimeout:55ms
2019-10-24 15:48:10,051 [Thread-1010] INFO  impl.RoleInfo (RoleInfo.java:shutdownFollowerState(121)) - feaf5d54-1805-49ec-899f-945609733e38: shutdown FollowerState
2019-10-24 15:48:10,051 [Thread-1010] INFO  impl.RaftServerImpl (RaftServerImpl.java:setRole(184)) - feaf5d54-1805-49ec-899f-945609733e38@group-CE75851C0F4B: changes role from  FOLLOWER to CANDIDATE at term 17 for changeToCandidate
2019-10-24 15:48:10,052 [Thread-1010] INFO  impl.RoleInfo (RoleInfo.java:updateAndGet(143)) - feaf5d54-1805-49ec-899f-945609733e38: start LeaderElection
2019-10-24 15:48:10,065 [feaf5d54-1805-49ec-899f-945609733e38@group-CE75851C0F4B-LeaderElection65] INFO  impl.LeaderElection (LeaderElection.java:askForVotes(178)) - feaf5d54-1805-49ec-899f-945609733e38@group-CE75851C0F4B-LeaderElection65: begin an election at term 18 for -1: [98e78e11-cb4b-48d0-b763-897efd13c9ec:192.168.164.213:39232, 84568b57-9d99-42dc-882b-eae65806f704:192.168.164.213:37329, feaf5d54-1805-49ec-899f-945609733e38:192.168.164.213:39911], old=null
2019-10-24 15:48:10,068 [grpc-default-executor-6] INFO  impl.RaftServerImpl (RaftServerImpl.java:setRole(184)) - 84568b57-9d99-42dc-882b-eae65806f704@group-CE75851C0F4B: changes role from  FOLLOWER to FOLLOWER at term 18 for recognizeCandidate:feaf5d54-1805-49ec-899f-945609733e38
2019-10-24 15:48:10,068 [grpc-default-executor-4] INFO  impl.RaftServerImpl (RaftServerImpl.java:setRole(184)) - 98e78e11-cb4b-48d0-b763-897efd13c9ec@group-CE75851C0F4B: changes role from  FOLLOWER to FOLLOWER at term 18 for recognizeCandidate:feaf5d54-1805-49ec-899f-945609733e38
2019-10-24 15:48:10,069 [grpc-default-executor-6] INFO  impl.RoleInfo (RoleInfo.java:shutdownFollowerState(121)) - 84568b57-9d99-42dc-882b-eae65806f704: shutdown FollowerState
2019-10-24 15:48:10,069 [grpc-default-executor-4] INFO  impl.RoleInfo (RoleInfo.java:shutdownFollowerState(121)) - 98e78e11-cb4b-48d0-b763-897efd13c9ec: shutdown FollowerState
2019-10-24 15:48:10,069 [grpc-default-executor-6] INFO  impl.RoleInfo (RoleInfo.java:updateAndGet(143)) - 84568b57-9d99-42dc-882b-eae65806f704: start FollowerState
2019-10-24 15:48:10,069 [Thread-1009] INFO  impl.FollowerState (FollowerState.java:run(117)) - 84568b57-9d99-42dc-882b-eae65806f704@group-CE75851C0F4B-FollowerState was interrupted: java.lang.InterruptedException: sleep interrupted
2019-10-24 15:48:10,069 [Thread-1008] INFO  impl.FollowerState (FollowerState.java:run(117)) - 98e78e11-cb4b-48d0-b763-897efd13c9ec@group-CE75851C0F4B-FollowerState was interrupted: java.lang.InterruptedException: sleep interrupted
2019-10-24 15:48:10,069 [grpc-default-executor-4] INFO  impl.RoleInfo (RoleInfo.java:updateAndGet(143)) - 98e78e11-cb4b-48d0-b763-897efd13c9ec: start FollowerState
2019-10-24 15:48:10,084 [feaf5d54-1805-49ec-899f-945609733e38@group-CE75851C0F4B-LeaderElection65] INFO  impl.LeaderElection (LeaderElection.java:logAndReturn(56)) - feaf5d54-1805-49ec-899f-945609733e38@group-CE75851C0F4B-LeaderElection65: Election REJECTED; received 2 response(s) [feaf5d54-1805-49ec-899f-945609733e38<-98e78e11-cb4b-48d0-b763-897efd13c9ec#0:FAIL-t18, feaf5d54-1805-49ec-899f-945609733e38<-84568b57-9d99-42dc-882b-eae65806f704#0:FAIL-t18] and 0 exception(s); feaf5d54-1805-49ec-899f-945609733e38@group-CE75851C0F4B:t18, leader=null, voted=feaf5d54-1805-49ec-899f-945609733e38, raftlog=feaf5d54-1805-49ec-899f-945609733e38@group-CE75851C0F4B-SegmentedRaftLog:OPENED:c-1,f-1,i0, conf=-1: [98e78e11-cb4b-48d0-b763-897efd13c9ec:192.168.164.213:39232, 84568b57-9d99-42dc-882b-eae65806f704:192.168.164.213:37329, feaf5d54-1805-49ec-899f-945609733e38:192.168.164.213:39911], old=null
2019-10-24 15:48:10,084 [feaf5d54-1805-49ec-899f-945609733e38@group-CE75851C0F4B-LeaderElection65] INFO  impl.RaftServerImpl (RaftServerImpl.java:setRole(184)) - feaf5d54-1805-49ec-899f-945609733e38@group-CE75851C0F4B: changes role from CANDIDATE to FOLLOWER at term 18 for DISCOVERED_A_NEW_TERM
2019-10-24 15:48:10,084 [feaf5d54-1805-49ec-899f-945609733e38@group-CE75851C0F4B-LeaderElection65] INFO  impl.RoleInfo (RoleInfo.java:shutdownLeaderElection(134)) - feaf5d54-1805-49ec-899f-945609733e38: shutdown LeaderElection
2019-10-24 15:48:10,084 [feaf5d54-1805-49ec-899f-945609733e38@group-CE75851C0F4B-LeaderElection65] INFO  impl.RoleInfo (RoleInfo.java:updateAndGet(143)) - feaf5d54-1805-49ec-899f-945609733e38: start FollowerState
2019-10-24 15:48:10,088 [Thread-996] INFO  impl.FollowerState (FollowerState.java:run(108)) - 84568b57-9d99-42dc-882b-eae65806f704@group-05AC48DA6374-FollowerState: change to CANDIDATE, lastRpcTime:184ms, electionTimeout:184ms
2019-10-24 15:48:10,088 [Thread-996] INFO  impl.RoleInfo (RoleInfo.java:shutdownFollowerState(121)) - 84568b57-9d99-42dc-882b-eae65806f704: shutdown FollowerState
2019-10-24 15:48:10,088 [Thread-996] INFO  impl.RaftServerImpl (RaftServerImpl.java:setRole(184)) - 84568b57-9d99-42dc-882b-eae65806f704@group-05AC48DA6374: changes role from  FOLLOWER to CANDIDATE at term 53 for changeToCandidate
2019-10-24 15:48:10,088 [Thread-996] INFO  impl.RoleInfo (RoleInfo.java:updateAndGet(143)) - 84568b57-9d99-42dc-882b-eae65806f704: start LeaderElection
2019-10-24 15:48:10,102 [84568b57-9d99-42dc-882b-eae65806f704@group-05AC48DA6374-LeaderElection66] INFO  impl.LeaderElection (LeaderElection.java:askForVotes(178)) - 84568b57-9d99-42dc-882b-eae65806f704@group-05AC48DA6374-LeaderElection66: begin an election at term 54 for 0: [98e78e11-cb4b-48d0-b763-897efd13c9ec:192.168.164.213:39232, 84568b57-9d99-42dc-882b-eae65806f704:192.168.164.213:37329, feaf5d54-1805-49ec-899f-945609733e38:192.168.164.213:39911], old=null
2019-10-24 15:48:10,105 [grpc-default-executor-4] INFO  impl.RaftServerImpl (RaftServerImpl.java:setRole(184)) - feaf5d54-1805-49ec-899f-945609733e38@group-05AC48DA6374: changes role from  FOLLOWER to FOLLOWER at term 54 for recognizeCandidate:84568b57-9d99-42dc-882b-eae65806f704
2019-10-24 15:48:10,105 [grpc-default-executor-4] INFO  impl.RoleInfo (RoleInfo.java:shutdownFollowerState(121)) - feaf5d54-1805-49ec-899f-945609733e38: shutdown FollowerState
2019-10-24 15:48:10,105 [grpc-default-executor-6] INFO  impl.RaftServerImpl (RaftServerImpl.java:setRole(184)) - 98e78e11-cb4b-48d0-b763-897efd13c9ec@group-05AC48DA6374: changes role from  FOLLOWER to FOLLOWER at term 54 for recognizeCandidate:84568b57-9d99-42dc-882b-eae65806f704
2019-10-24 15:48:10,105 [Thread-995] INFO  impl.FollowerState (FollowerState.java:run(117)) - feaf5d54-1805-49ec-899f-945609733e38@group-05AC48DA6374-FollowerState was interrupted: java.lang.InterruptedException: sleep interrupted
2019-10-24 15:48:10,105 [grpc-default-executor-4] INFO  impl.RoleInfo (RoleInfo.java:updateAndGet(143)) - feaf5d54-1805-49ec-899f-945609733e38: start FollowerState
2019-10-24 15:48:10,105 [grpc-default-executor-6] INFO  impl.RoleInfo (RoleInfo.java:shutdownFollowerState(121)) - 98e78e11-cb4b-48d0-b763-897efd13c9ec: shutdown FollowerState
2019-10-24 15:48:10,106 [grpc-default-executor-6] INFO  impl.RoleInfo (RoleInfo.java:updateAndGet(143)) - 98e78e11-cb4b-48d0-b763-897efd13c9ec: start FollowerState
2019-10-24 15:48:10,106 [Thread-994] INFO  impl.FollowerState (FollowerState.java:run(117)) - 98e78e11-cb4b-48d0-b763-897efd13c9ec@group-05AC48DA6374-FollowerState was interrupted: java.lang.InterruptedException: sleep interrupted
2019-10-24 15:48:10,131 [84568b57-9d99-42dc-882b-eae65806f704@group-05AC48DA6374-LeaderElection66] INFO  impl.LeaderElection (LeaderElection.java:logAndReturn(56)) - 84568b57-9d99-42dc-882b-eae65806f704@group-05AC48DA6374-LeaderElection66: Election REJECTED; received 2 response(s) [84568b57-9d99-42dc-882b-eae65806f704<-98e78e11-cb4b-48d0-b763-897efd13c9ec#0:FAIL-t54, 84568b57-9d99-42dc-882b-eae65806f704<-feaf5d54-1805-49ec-899f-945609733e38#0:FAIL-t54] and 0 exception(s); 84568b57-9d99-42dc-882b-eae65806f704@group-05AC48DA6374:t54, leader=null, voted=84568b57-9d99-42dc-882b-eae65806f704, raftlog=84568b57-9d99-42dc-882b-eae65806f704@group-05AC48DA6374-SegmentedRaftLog:OPENED:c3,f4,i4, conf=0: [98e78e11-cb4b-48d0-b763-897efd13c9ec:192.168.164.213:39232, 84568b57-9d99-42dc-882b-eae65806f704:192.168.164.213:37329, feaf5d54-1805-49ec-899f-945609733e38:192.168.164.213:39911], old=null
2019-10-24 15:48:10,131 [84568b57-9d99-42dc-882b-eae65806f704@group-05AC48DA6374-LeaderElection66] INFO  impl.RaftServerImpl (RaftServerImpl.java:setRole(184)) - 84568b57-9d99-42dc-882b-eae65806f704@group-05AC48DA6374: changes role from CANDIDATE to FOLLOWER at term 54 for DISCOVERED_A_NEW_TERM
2019-10-24 15:48:10,132 [84568b57-9d99-42dc-882b-eae65806f704@group-05AC48DA6374-LeaderElection66] INFO  impl.RoleInfo (RoleInfo.java:shutdownLeaderElection(134)) - 84568b57-9d99-42dc-882b-eae65806f704: shutdown LeaderElection
2019-10-24 15:48:10,132 [84568b57-9d99-42dc-882b-eae65806f704@group-05AC48DA6374-LeaderElection66] INFO  impl.RoleInfo (RoleInfo.java:updateAndGet(143)) - 84568b57-9d99-42dc-882b-eae65806f704: start FollowerState
2019-10-24 15:48:10,139 [Thread-1016] INFO  impl.FollowerState (FollowerState.java:run(108)) - feaf5d54-1805-49ec-899f-945609733e38@group-CE75851C0F4B-FollowerState: change to CANDIDATE, lastRpcTime:54ms, electionTimeout:54ms
2019-10-24 15:48:10,139 [Thread-1016] INFO  impl.RoleInfo (RoleInfo.java:shutdownFollowerState(121)) - feaf5d54-1805-49ec-899f-945609733e38: shutdown FollowerState
2019-10-24 15:48:10,139 [Thread-1016] INFO  impl.RaftServerImpl (RaftServerImpl.java:setRole(184)) - feaf5d54-1805-49ec-899f-945609733e38@group-CE75851C0F4B: changes role from  FOLLOWER to CANDIDATE at term 18 for changeToCandidate
2019-10-24 15:48:10,139 [Thread-1016] INFO  impl.RoleInfo (RoleInfo.java:updateAndGet(143)) - feaf5d54-1805-49ec-899f-945609733e38: start LeaderElection
2019-10-24 15:48:10,178 [feaf5d54-1805-49ec-899f-945609733e38@group-CE75851C0F4B-LeaderElection67] INFO  impl.LeaderElection (LeaderElection.java:askForVotes(178)) - feaf5d54-1805-49ec-899f-945609733e38@group-CE75851C0F4B-LeaderElection67: begin an election at term 19 for -1: [98e78e11-cb4b-48d0-b763-897efd13c9ec:192.168.164.213:39232, 84568b57-9d99-42dc-882b-eae65806f704:192.168.164.213:37329, feaf5d54-1805-49ec-899f-945609733e38:192.168.164.213:39911], old=null
2019-10-24 15:48:10,181 [grpc-default-executor-4] INFO  impl.RaftServerImpl (RaftServerImpl.java:setRole(184)) - 84568b57-9d99-42dc-882b-eae65806f704@group-CE75851C0F4B: changes role from  FOLLOWER to FOLLOWER at term 19 for recognizeCandidate:feaf5d54-1805-49ec-899f-945609733e38
2019-10-24 15:48:10,181 [grpc-default-executor-4] INFO  impl.RoleInfo (RoleInfo.java:shutdownFollowerState(121)) - 84568b57-9d99-42dc-882b-eae65806f704: shutdown FollowerState
2019-10-24 15:48:10,181 [grpc-default-executor-6] INFO  impl.RaftServerImpl (RaftServerImpl.java:setRole(184)) - 98e78e11-cb4b-48d0-b763-897efd13c9ec@group-CE75851C0F4B: changes role from  FOLLOWER to FOLLOWER at term 19 for recognizeCandidate:feaf5d54-1805-49ec-899f-945609733e38
2019-10-24 15:48:10,181 [Thread-1014] INFO  impl.FollowerState (FollowerState.java:run(117)) - 84568b57-9d99-42dc-882b-eae65806f704@group-CE75851C0F4B-FollowerState was interrupted: java.lang.InterruptedException: sleep interrupted
2019-10-24 15:48:10,181 [grpc-default-executor-4] INFO  impl.RoleInfo (RoleInfo.java:updateAndGet(143)) - 84568b57-9d99-42dc-882b-eae65806f704: start FollowerState
2019-10-24 15:48:10,181 [grpc-default-executor-6] INFO  impl.RoleInfo (RoleInfo.java:shutdownFollowerState(121)) - 98e78e11-cb4b-48d0-b763-897efd13c9ec: shutdown FollowerState
2019-10-24 15:48:10,181 [Thread-1015] INFO  impl.FollowerState (FollowerState.java:run(117)) - 98e78e11-cb4b-48d0-b763-897efd13c9ec@group-CE75851C0F4B-FollowerState was interrupted: java.lang.InterruptedException: sleep interrupted
2019-10-24 15:48:10,182 [grpc-default-executor-6] INFO  impl.RoleInfo (RoleInfo.java:updateAndGet(143)) - 98e78e11-cb4b-48d0-b763-897efd13c9ec: start FollowerState
2019-10-24 15:48:10,191 [feaf5d54-1805-49ec-899f-945609733e38@group-CE75851C0F4B-LeaderElection67] INFO  impl.LeaderElection (LeaderElection.java:logAndReturn(56)) - feaf5d54-1805-49ec-899f-945609733e38@group-CE75851C0F4B-LeaderElection67: Election REJECTED; received 2 response(s) [feaf5d54-1805-49ec-899f-945609733e38<-98e78e11-cb4b-48d0-b763-897efd13c9ec#0:FAIL-t19, feaf5d54-1805-49ec-899f-945609733e38<-84568b57-9d99-42dc-882b-eae65806f704#0:FAIL-t19] and 0 exception(s); feaf5d54-1805-49ec-899f-945609733e38@group-CE75851C0F4B:t19, leader=null, voted=feaf5d54-1805-49ec-899f-945609733e38, raftlog=feaf5d54-1805-49ec-899f-945609733e38@group-CE75851C0F4B-SegmentedRaftLog:OPENED:c-1,f-1,i0, conf=-1: [98e78e11-cb4b-48d0-b763-897efd13c9ec:192.168.164.213:39232, 84568b57-9d99-42dc-882b-eae65806f704:192.168.164.213:37329, feaf5d54-1805-49ec-899f-945609733e38:192.168.164.213:39911], old=null
2019-10-24 15:48:10,192 [feaf5d54-1805-49ec-899f-945609733e38@group-CE75851C0F4B-LeaderElection67] INFO  impl.RaftServerImpl (RaftServerImpl.java:setRole(184)) - feaf5d54-1805-49ec-899f-945609733e38@group-CE75851C0F4B: changes role from CANDIDATE to FOLLOWER at term 19 for DISCOVERED_A_NEW_TERM
2019-10-24 15:48:10,192 [feaf5d54-1805-49ec-899f-945609733e38@group-CE75851C0F4B-LeaderElection67] INFO  impl.RoleInfo (RoleInfo.java:shutdownLeaderElection(134)) - feaf5d54-1805-49ec-899f-945609733e38: shutdown LeaderElection
2019-10-24 15:48:10,192 [feaf5d54-1805-49ec-899f-945609733e38@group-CE75851C0F4B-LeaderElection67] INFO  impl.RoleInfo (RoleInfo.java:updateAndGet(143)) - feaf5d54-1805-49ec-899f-945609733e38: start FollowerState
2019-10-24 15:48:10,303 [Thread-1028] INFO  impl.FollowerState (FollowerState.java:run(108)) - feaf5d54-1805-49ec-899f-945609733e38@group-CE75851C0F4B-FollowerState: change to CANDIDATE, lastRpcTime:111ms, electionTimeout:111ms
2019-10-24 15:48:10,304 [Thread-1028] INFO  impl.RoleInfo (RoleInfo.java:shutdownFollowerState(121)) - feaf5d54-1805-49ec-899f-945609733e38: shutdown FollowerState
2019-10-24 15:48:10,304 [Thread-1028] INFO  impl.RaftServerImpl (RaftServerImpl.java:setRole(184)) - feaf5d54-1805-49ec-899f-945609733e38@group-CE75851C0F4B: changes role from  FOLLOWER to CANDIDATE at term 19 for changeToCandidate
2019-10-24 15:48:10,304 [Thread-1028] INFO  impl.RoleInfo (RoleInfo.java:updateAndGet(143)) - feaf5d54-1805-49ec-899f-945609733e38: start LeaderElection
2019-10-24 15:48:10,309 [Thread-1022] INFO  impl.FollowerState (FollowerState.java:run(108)) - 84568b57-9d99-42dc-882b-eae65806f704@group-05AC48DA6374-FollowerState: change to CANDIDATE, lastRpcTime:177ms, electionTimeout:177ms
2019-10-24 15:48:10,309 [Thread-1022] INFO  impl.RoleInfo (RoleInfo.java:shutdownFollowerState(121)) - 84568b57-9d99-42dc-882b-eae65806f704: shutdown FollowerState
2019-10-24 15:48:10,309 [Thread-1022] INFO  impl.RaftServerImpl (RaftServerImpl.java:setRole(184)) - 84568b57-9d99-42dc-882b-eae65806f704@group-05AC48DA6374: changes role from  FOLLOWER to CANDIDATE at term 54 for changeToCandidate
2019-10-24 15:48:10,310 [Thread-1022] INFO  impl.RoleInfo (RoleInfo.java:updateAndGet(143)) - 84568b57-9d99-42dc-882b-eae65806f704: start LeaderElection
2019-10-24 15:48:10,319 [feaf5d54-1805-49ec-899f-945609733e38@group-CE75851C0F4B-LeaderElection68] INFO  impl.LeaderElection (LeaderElection.java:askForVotes(178)) - feaf5d54-1805-49ec-899f-945609733e38@group-CE75851C0F4B-LeaderElection68: begin an election at term 20 for -1: [98e78e11-cb4b-48d0-b763-897efd13c9ec:192.168.164.213:39232, 84568b57-9d99-42dc-882b-eae65806f704:192.168.164.213:37329, feaf5d54-1805-49ec-899f-945609733e38:192.168.164.213:39911], old=null
2019-10-24 15:48:10,319 [84568b57-9d99-42dc-882b-eae65806f704@group-05AC48DA6374-LeaderElection69] INFO  impl.LeaderElection (LeaderElection.java:askForVotes(178)) - 84568b57-9d99-42dc-882b-eae65806f704@group-05AC48DA6374-LeaderElection69: begin an election at term 55 for 0: [98e78e11-cb4b-48d0-b763-897efd13c9ec:192.168.164.213:39232, 84568b57-9d99-42dc-882b-eae65806f704:192.168.164.213:37329, feaf5d54-1805-49ec-899f-945609733e38:192.168.164.213:39911], old=null
2019-10-24 15:48:10,322 [grpc-default-executor-6] INFO  impl.RaftServerImpl (RaftServerImpl.java:setRole(184)) - feaf5d54-1805-49ec-899f-945609733e38@group-05AC48DA6374: changes role from  FOLLOWER to FOLLOWER at term 55 for recognizeCandidate:84568b57-9d99-42dc-882b-eae65806f704
2019-10-24 15:48:10,323 [grpc-default-executor-5] INFO  impl.RaftServerImpl (RaftServerImpl.java:setRole(184)) - 98e78e11-cb4b-48d0-b763-897efd13c9ec@group-05AC48DA6374: changes role from  FOLLOWER to FOLLOWER at term 55 for recognizeCandidate:84568b57-9d99-42dc-882b-eae65806f704
2019-10-24 15:48:10,323 [grpc-default-executor-5] INFO  impl.RoleInfo (RoleInfo.java:shutdownFollowerState(121)) - 98e78e11-cb4b-48d0-b763-897efd13c9ec: shutdown FollowerState
2019-10-24 15:48:10,322 [grpc-default-executor-4] INFO  impl.RaftServerImpl (RaftServerImpl.java:setRole(184)) - 98e78e11-cb4b-48d0-b763-897efd13c9ec@group-CE75851C0F4B: changes role from  FOLLOWER to FOLLOWER at term 20 for recognizeCandidate:feaf5d54-1805-49ec-899f-945609733e38
2019-10-24 15:48:10,323 [grpc-default-executor-4] INFO  impl.RoleInfo (RoleInfo.java:shutdownFollowerState(121)) - 98e78e11-cb4b-48d0-b763-897efd13c9ec: shutdown FollowerState
2019-10-24 15:48:10,323 [grpc-default-executor-2] INFO  impl.RaftServerImpl (RaftServerImpl.java:setRole(184)) - 84568b57-9d99-42dc-882b-eae65806f704@group-CE75851C0F4B: changes role from  FOLLOWER to FOLLOWER at term 20 for recognizeCandidate:feaf5d54-1805-49ec-899f-945609733e38
2019-10-24 15:48:10,323 [Thread-1021] INFO  impl.FollowerState (FollowerState.java:run(117)) - 98e78e11-cb4b-48d0-b763-897efd13c9ec@group-05AC48DA6374-FollowerState was interrupted: java.lang.InterruptedException: sleep interrupted
2019-10-24 15:48:10,323 [grpc-default-executor-5] INFO  impl.RoleInfo (RoleInfo.java:updateAndGet(143)) - 98e78e11-cb4b-48d0-b763-897efd13c9ec: start FollowerState
2019-10-24 15:48:10,323 [grpc-default-executor-6] INFO  impl.RoleInfo (RoleInfo.java:shutdownFollowerState(121)) - feaf5d54-1805-49ec-899f-945609733e38: shutdown FollowerState
2019-10-24 15:48:10,324 [grpc-default-executor-2] INFO  impl.RoleInfo (RoleInfo.java:shutdownFollowerState(121)) - 84568b57-9d99-42dc-882b-eae65806f704: shutdown FollowerState
2019-10-24 15:48:10,323 [Thread-1027] INFO  impl.FollowerState (FollowerState.java:run(117)) - 98e78e11-cb4b-48d0-b763-897efd13c9ec@group-CE75851C0F4B-FollowerState was interrupted: java.lang.InterruptedException: sleep interrupted
2019-10-24 15:48:10,323 [grpc-default-executor-4] INFO  impl.RoleInfo (RoleInfo.java:updateAndGet(143)) - 98e78e11-cb4b-48d0-b763-897efd13c9ec: start FollowerState
2019-10-24 15:48:10,324 [Thread-1026] INFO  impl.FollowerState (FollowerState.java:run(117)) - 84568b57-9d99-42dc-882b-eae65806f704@group-CE75851C0F4B-FollowerState was interrupted: java.lang.InterruptedException: sleep interrupted
2019-10-24 15:48:10,324 [grpc-default-executor-2] INFO  impl.RoleInfo (RoleInfo.java:updateAndGet(143)) - 84568b57-9d99-42dc-882b-eae65806f704: start FollowerState
2019-10-24 15:48:10,324 [grpc-default-executor-6] INFO  impl.RoleInfo (RoleInfo.java:updateAndGet(143)) - feaf5d54-1805-49ec-899f-945609733e38: start FollowerState
2019-10-24 15:48:10,324 [Thread-1020] INFO  impl.FollowerState (FollowerState.java:run(117)) - feaf5d54-1805-49ec-899f-945609733e38@group-05AC48DA6374-FollowerState was interrupted: java.lang.InterruptedException: sleep interrupted
2019-10-24 15:48:10,339 [84568b57-9d99-42dc-882b-eae65806f704@group-05AC48DA6374-LeaderElection69] INFO  impl.LeaderElection (LeaderElection.java:logAndReturn(56)) - 84568b57-9d99-42dc-882b-eae65806f704@group-05AC48DA6374-LeaderElection69: Election REJECTED; received 2 response(s) [84568b57-9d99-42dc-882b-eae65806f704<-98e78e11-cb4b-48d0-b763-897efd13c9ec#0:FAIL-t55, 84568b57-9d99-42dc-882b-eae65806f704<-feaf5d54-1805-49ec-899f-945609733e38#0:FAIL-t55] and 0 exception(s); 84568b57-9d99-42dc-882b-eae65806f704@group-05AC48DA6374:t55, leader=null, voted=84568b57-9d99-42dc-882b-eae65806f704, raftlog=84568b57-9d99-42dc-882b-eae65806f704@group-05AC48DA6374-SegmentedRaftLog:OPENED:c3,f4,i4, conf=0: [98e78e11-cb4b-48d0-b763-897efd13c9ec:192.168.164.213:39232, 84568b57-9d99-42dc-882b-eae65806f704:192.168.164.213:37329, feaf5d54-1805-49ec-899f-945609733e38:192.168.164.213:39911], old=null
2019-10-24 15:48:10,339 [feaf5d54-1805-49ec-899f-945609733e38@group-CE75851C0F4B-LeaderElection68] INFO  impl.LeaderElection (LeaderElection.java:logAndReturn(56)) - feaf5d54-1805-49ec-899f-945609733e38@group-CE75851C0F4B-LeaderElection68: Election REJECTED; received 2 response(s) [feaf5d54-1805-49ec-899f-945609733e38<-98e78e11-cb4b-48d0-b763-897efd13c9ec#0:FAIL-t20, feaf5d54-1805-49ec-899f-945609733e38<-84568b57-9d99-42dc-882b-eae65806f704#0:FAIL-t20] and 0 exception(s); feaf5d54-1805-49ec-899f-945609733e38@group-CE75851C0F4B:t20, leader=null, voted=feaf5d54-1805-49ec-899f-945609733e38, raftlog=feaf5d54-1805-49ec-899f-945609733e38@group-CE75851C0F4B-SegmentedRaftLog:OPENED:c-1,f-1,i0, conf=-1: [98e78e11-cb4b-48d0-b763-897efd13c9ec:192.168.164.213:39232, 84568b57-9d99-42dc-882b-eae65806f704:192.168.164.213:37329, feaf5d54-1805-49ec-899f-945609733e38:192.168.164.213:39911], old=null
2019-10-24 15:48:10,340 [84568b57-9d99-42dc-882b-eae65806f704@group-05AC48DA6374-LeaderElection69] INFO  impl.RaftServerImpl (RaftServerImpl.java:setRole(184)) - 84568b57-9d99-42dc-882b-eae65806f704@group-05AC48DA6374: changes role from CANDIDATE to FOLLOWER at term 55 for DISCOVERED_A_NEW_TERM
2019-10-24 15:48:10,340 [feaf5d54-1805-49ec-899f-945609733e38@group-CE75851C0F4B-LeaderElection68] INFO  impl.RaftServerImpl (RaftServerImpl.java:setRole(184)) - feaf5d54-1805-49ec-899f-945609733e38@group-CE75851C0F4B: changes role from CANDIDATE to FOLLOWER at term 20 for DISCOVERED_A_NEW_TERM
2019-10-24 15:48:10,340 [84568b57-9d99-42dc-882b-eae65806f704@group-05AC48DA6374-LeaderElection69] INFO  impl.RoleInfo (RoleInfo.java:shutdownLeaderElection(134)) - 84568b57-9d99-42dc-882b-eae65806f704: shutdown LeaderElection
2019-10-24 15:48:10,340 [feaf5d54-1805-49ec-899f-945609733e38@group-CE75851C0F4B-LeaderElection68] INFO  impl.RoleInfo (RoleInfo.java:shutdownLeaderElection(134)) - feaf5d54-1805-49ec-899f-945609733e38: shutdown LeaderElection
2019-10-24 15:48:10,340 [84568b57-9d99-42dc-882b-eae65806f704@group-05AC48DA6374-LeaderElection69] INFO  impl.RoleInfo (RoleInfo.java:updateAndGet(143)) - 84568b57-9d99-42dc-882b-eae65806f704: start FollowerState
2019-10-24 15:48:10,340 [feaf5d54-1805-49ec-899f-945609733e38@group-CE75851C0F4B-LeaderElection68] INFO  impl.RoleInfo (RoleInfo.java:updateAndGet(143)) - feaf5d54-1805-49ec-899f-945609733e38: start FollowerState
2019-10-24 15:48:10,341 [Thread-1040] INFO  impl.FollowerState (FollowerState.java:run(108)) - feaf5d54-1805-49ec-899f-945609733e38@group-CE75851C0F4B-FollowerState: change to CANDIDATE, lastRpcTime:0ms, electionTimeout:0ms
2019-10-24 15:48:10,341 [Thread-1040] INFO  impl.RoleInfo (RoleInfo.java:shutdownFollowerState(121)) - feaf5d54-1805-49ec-899f-945609733e38: shutdown FollowerState
2019-10-24 15:48:10,341 [Thread-1040] INFO  impl.RaftServerImpl (RaftServerImpl.java:setRole(184)) - feaf5d54-1805-49ec-899f-945609733e38@group-CE75851C0F4B: changes role from  FOLLOWER to CANDIDATE at term 20 for changeToCandidate
2019-10-24 15:48:10,341 [Thread-1040] INFO  impl.RoleInfo (RoleInfo.java:updateAndGet(143)) - feaf5d54-1805-49ec-899f-945609733e38: start LeaderElection
2019-10-24 15:48:10,355 [feaf5d54-1805-49ec-899f-945609733e38@group-CE75851C0F4B-LeaderElection70] INFO  impl.LeaderElection (LeaderElection.java:askForVotes(178)) - feaf5d54-1805-49ec-899f-945609733e38@group-CE75851C0F4B-LeaderElection70: begin an election at term 21 for -1: [98e78e11-cb4b-48d0-b763-897efd13c9ec:192.168.164.213:39232, 84568b57-9d99-42dc-882b-eae65806f704:192.168.164.213:37329, feaf5d54-1805-49ec-899f-945609733e38:192.168.164.213:39911], old=null
2019-10-24 15:48:10,357 [grpc-default-executor-2] INFO  impl.RaftServerImpl (RaftServerImpl.java:setRole(184)) - 84568b57-9d99-42dc-882b-eae65806f704@group-CE75851C0F4B: changes role from  FOLLOWER to FOLLOWER at term 21 for recognizeCandidate:feaf5d54-1805-49ec-899f-945609733e38
2019-10-24 15:48:10,357 [grpc-default-executor-4] INFO  impl.RaftServerImpl (RaftServerImpl.java:setRole(184)) - 98e78e11-cb4b-48d0-b763-897efd13c9ec@group-CE75851C0F4B: changes role from  FOLLOWER to FOLLOWER at term 21 for recognizeCandidate:feaf5d54-1805-49ec-899f-945609733e38
2019-10-24 15:48:10,357 [grpc-default-executor-2] INFO  impl.RoleInfo (RoleInfo.java:shutdownFollowerState(121)) - 84568b57-9d99-42dc-882b-eae65806f704: shutdown FollowerState
2019-10-24 15:48:10,358 [grpc-default-executor-4] INFO  impl.RoleInfo (RoleInfo.java:shutdownFollowerState(121)) - 98e78e11-cb4b-48d0-b763-897efd13c9ec: shutdown FollowerState
2019-10-24 15:48:10,358 [Thread-1038] INFO  impl.FollowerState (FollowerState.java:run(117)) - 84568b57-9d99-42dc-882b-eae65806f704@group-CE75851C0F4B-FollowerState was interrupted: java.lang.InterruptedException: sleep interrupted
2019-10-24 15:48:10,358 [Thread-1036] INFO  impl.FollowerState (FollowerState.java:run(117)) - 98e78e11-cb4b-48d0-b763-897efd13c9ec@group-CE75851C0F4B-FollowerState was interrupted: java.lang.InterruptedException: sleep interrupted
2019-10-24 15:48:10,358 [grpc-default-executor-2] INFO  impl.RoleInfo (RoleInfo.java:updateAndGet(143)) - 84568b57-9d99-42dc-882b-eae65806f704: start FollowerState
2019-10-24 15:48:10,358 [grpc-default-executor-4] INFO  impl.RoleInfo (RoleInfo.java:updateAndGet(143)) - 98e78e11-cb4b-48d0-b763-897efd13c9ec: start FollowerState
2019-10-24 15:48:10,373 [feaf5d54-1805-49ec-899f-945609733e38@group-CE75851C0F4B-LeaderElection70] INFO  impl.LeaderElection (LeaderElection.java:logAndReturn(56)) - feaf5d54-1805-49ec-899f-945609733e38@group-CE75851C0F4B-LeaderElection70: Election REJECTED; received 2 response(s) [feaf5d54-1805-49ec-899f-945609733e38<-98e78e11-cb4b-48d0-b763-897efd13c9ec#0:FAIL-t21, feaf5d54-1805-49ec-899f-945609733e38<-84568b57-9d99-42dc-882b-eae65806f704#0:FAIL-t21] and 0 exception(s); feaf5d54-1805-49ec-899f-945609733e38@group-CE75851C0F4B:t21, leader=null, voted=feaf5d54-1805-49ec-899f-945609733e38, raftlog=feaf5d54-1805-49ec-899f-945609733e38@group-CE75851C0F4B-SegmentedRaftLog:OPENED:c-1,f-1,i0, conf=-1: [98e78e11-cb4b-48d0-b763-897efd13c9ec:192.168.164.213:39232, 84568b57-9d99-42dc-882b-eae65806f704:192.168.164.213:37329, feaf5d54-1805-49ec-899f-945609733e38:192.168.164.213:39911], old=null
2019-10-24 15:48:10,373 [feaf5d54-1805-49ec-899f-945609733e38@group-CE75851C0F4B-LeaderElection70] INFO  impl.RaftServerImpl (RaftServerImpl.java:setRole(184)) - feaf5d54-1805-49ec-899f-945609733e38@group-CE75851C0F4B: changes role from CANDIDATE to FOLLOWER at term 21 for DISCOVERED_A_NEW_TERM
2019-10-24 15:48:10,373 [feaf5d54-1805-49ec-899f-945609733e38@group-CE75851C0F4B-LeaderElection70] INFO  impl.RoleInfo (RoleInfo.java:shutdownLeaderElection(134)) - feaf5d54-1805-49ec-899f-945609733e38: shutdown LeaderElection
2019-10-24 15:48:10,373 [feaf5d54-1805-49ec-899f-945609733e38@group-CE75851C0F4B-LeaderElection70] INFO  impl.RoleInfo (RoleInfo.java:updateAndGet(143)) - feaf5d54-1805-49ec-899f-945609733e38: start FollowerState
2019-10-24 15:48:10,436 [Thread-1046] INFO  impl.FollowerState (FollowerState.java:run(108)) - feaf5d54-1805-49ec-899f-945609733e38@group-CE75851C0F4B-FollowerState: change to CANDIDATE, lastRpcTime:62ms, electionTimeout:62ms
2019-10-24 15:48:10,436 [Thread-1046] INFO  impl.RoleInfo (RoleInfo.java:shutdownFollowerState(121)) - feaf5d54-1805-49ec-899f-945609733e38: shutdown FollowerState
2019-10-24 15:48:10,436 [Thread-1046] INFO  impl.RaftServerImpl (RaftServerImpl.java:setRole(184)) - feaf5d54-1805-49ec-899f-945609733e38@group-CE75851C0F4B: changes role from  FOLLOWER to CANDIDATE at term 21 for changeToCandidate
2019-10-24 15:48:10,436 [Thread-1046] INFO  impl.RoleInfo (RoleInfo.java:updateAndGet(143)) - feaf5d54-1805-49ec-899f-945609733e38: start LeaderElection
2019-10-24 15:48:10,459 [Thread-1039] INFO  impl.FollowerState (FollowerState.java:run(108)) - 84568b57-9d99-42dc-882b-eae65806f704@group-05AC48DA6374-FollowerState: change to CANDIDATE, lastRpcTime:118ms, electionTimeout:118ms
2019-10-24 15:48:10,459 [Thread-1039] INFO  impl.RoleInfo (RoleInfo.java:shutdownFollowerState(121)) - 84568b57-9d99-42dc-882b-eae65806f704: shutdown FollowerState
2019-10-24 15:48:10,459 [Thread-1039] INFO  impl.RaftServerImpl (RaftServerImpl.java:setRole(184)) - 84568b57-9d99-42dc-882b-eae65806f704@group-05AC48DA6374: changes role from  FOLLOWER to CANDIDATE at term 55 for changeToCandidate
2019-10-24 15:48:10,460 [Thread-1039] INFO  impl.RoleInfo (RoleInfo.java:updateAndGet(143)) - 84568b57-9d99-42dc-882b-eae65806f704: start LeaderElection
2019-10-24 15:48:10,466 [84568b57-9d99-42dc-882b-eae65806f704@group-05AC48DA6374-LeaderElection72] INFO  impl.LeaderElection (LeaderElection.java:askForVotes(178)) - 84568b57-9d99-42dc-882b-eae65806f704@group-05AC48DA6374-LeaderElection72: begin an election at term 56 for 0: [98e78e11-cb4b-48d0-b763-897efd13c9ec:192.168.164.213:39232, 84568b57-9d99-42dc-882b-eae65806f704:192.168.164.213:37329, feaf5d54-1805-49ec-899f-945609733e38:192.168.164.213:39911], old=null
2019-10-24 15:48:10,466 [feaf5d54-1805-49ec-899f-945609733e38@group-CE75851C0F4B-LeaderElection71] INFO  impl.LeaderElection (LeaderElection.java:askForVotes(178)) - feaf5d54-1805-49ec-899f-945609733e38@group-CE75851C0F4B-LeaderElection71: begin an election at term 22 for -1: [98e78e11-cb4b-48d0-b763-897efd13c9ec:192.168.164.213:39232, 84568b57-9d99-42dc-882b-eae65806f704:192.168.164.213:37329, feaf5d54-1805-49ec-899f-945609733e38:192.168.164.213:39911], old=null
2019-10-24 15:48:10,470 [grpc-default-executor-4] INFO  impl.RaftServerImpl (RaftServerImpl.java:setRole(184)) - 98e78e11-cb4b-48d0-b763-897efd13c9ec@group-CE75851C0F4B: changes role from  FOLLOWER to FOLLOWER at term 22 for recognizeCandidate:feaf5d54-1805-49ec-899f-945609733e38
2019-10-24 15:48:10,470 [grpc-default-executor-4] INFO  impl.RoleInfo (RoleInfo.java:shutdownFollowerState(121)) - 98e78e11-cb4b-48d0-b763-897efd13c9ec: shutdown FollowerState
2019-10-24 15:48:10,470 [grpc-default-executor-6] INFO  impl.RaftServerImpl (RaftServerImpl.java:setRole(184)) - 84568b57-9d99-42dc-882b-eae65806f704@group-CE75851C0F4B: changes role from  FOLLOWER to FOLLOWER at term 22 for recognizeCandidate:feaf5d54-1805-49ec-899f-945609733e38
2019-10-24 15:48:10,470 [grpc-default-executor-5] INFO  impl.RaftServerImpl (RaftServerImpl.java:setRole(184)) - feaf5d54-1805-49ec-899f-945609733e38@group-05AC48DA6374: changes role from  FOLLOWER to FOLLOWER at term 56 for recognizeCandidate:84568b57-9d99-42dc-882b-eae65806f704
2019-10-24 15:48:10,470 [grpc-default-executor-2] INFO  impl.RaftServerImpl (RaftServerImpl.java:setRole(184)) - 98e78e11-cb4b-48d0-b763-897efd13c9ec@group-05AC48DA6374: changes role from  FOLLOWER to FOLLOWER at term 56 for recognizeCandidate:84568b57-9d99-42dc-882b-eae65806f704
2019-10-24 15:48:10,471 [grpc-default-executor-5] INFO  impl.RoleInfo (RoleInfo.java:shutdownFollowerState(121)) - feaf5d54-1805-49ec-899f-945609733e38: shutdown FollowerState
2019-10-24 15:48:10,471 [grpc-default-executor-6] INFO  impl.RoleInfo (RoleInfo.java:shutdownFollowerState(121)) - 84568b57-9d99-42dc-882b-eae65806f704: shutdown FollowerState
2019-10-24 15:48:10,471 [Thread-1045] INFO  impl.FollowerState (FollowerState.java:run(117)) - 98e78e11-cb4b-48d0-b763-897efd13c9ec@group-CE75851C0F4B-FollowerState was interrupted: java.lang.InterruptedException: sleep interrupted
2019-10-24 15:48:10,471 [Thread-1044] INFO  impl.FollowerState (FollowerState.java:run(117)) - 84568b57-9d99-42dc-882b-eae65806f704@group-CE75851C0F4B-FollowerState was interrupted: java.lang.InterruptedException: sleep interrupted
2019-10-24 15:48:10,470 [grpc-default-executor-4] INFO  impl.RoleInfo (RoleInfo.java:updateAndGet(143)) - 98e78e11-cb4b-48d0-b763-897efd13c9ec: start FollowerState
2019-10-24 15:48:10,471 [grpc-default-executor-6] INFO  impl.RoleInfo (RoleInfo.java:updateAndGet(143)) - 84568b57-9d99-42dc-882b-eae65806f704: start FollowerState
2019-10-24 15:48:10,471 [Thread-1037] INFO  impl.FollowerState (FollowerState.java:run(117)) - feaf5d54-1805-49ec-899f-945609733e38@group-05AC48DA6374-FollowerState was interrupted: java.lang.InterruptedException: sleep interrupted
2019-10-24 15:48:10,471 [grpc-default-executor-5] INFO  impl.RoleInfo (RoleInfo.java:updateAndGet(143)) - feaf5d54-1805-49ec-899f-945609733e38: start FollowerState
2019-10-24 15:48:10,471 [grpc-default-executor-2] INFO  impl.RoleInfo (RoleInfo.java:shutdownFollowerState(121)) - 98e78e11-cb4b-48d0-b763-897efd13c9ec: shutdown FollowerState
2019-10-24 15:48:10,472 [Thread-1035] INFO  impl.FollowerState (FollowerState.java:run(117)) - 98e78e11-cb4b-48d0-b763-897efd13c9ec@group-05AC48DA6374-FollowerState was interrupted: java.lang.InterruptedException: sleep interrupted
2019-10-24 15:48:10,472 [grpc-default-executor-2] INFO  impl.RoleInfo (RoleInfo.java:updateAndGet(143)) - 98e78e11-cb4b-48d0-b763-897efd13c9ec: start FollowerState
2019-10-24 15:48:10,486 [84568b57-9d99-42dc-882b-eae65806f704@group-05AC48DA6374-LeaderElection72] INFO  impl.LeaderElection (LeaderElection.java:logAndReturn(56)) - 84568b57-9d99-42dc-882b-eae65806f704@group-05AC48DA6374-LeaderElection72: Election REJECTED; received 2 response(s) [84568b57-9d99-42dc-882b-eae65806f704<-98e78e11-cb4b-48d0-b763-897efd13c9ec#0:FAIL-t56, 84568b57-9d99-42dc-882b-eae65806f704<-feaf5d54-1805-49ec-899f-945609733e38#0:FAIL-t56] and 0 exception(s); 84568b57-9d99-42dc-882b-eae65806f704@group-05AC48DA6374:t56, leader=null, voted=84568b57-9d99-42dc-882b-eae65806f704, raftlog=84568b57-9d99-42dc-882b-eae65806f704@group-05AC48DA6374-SegmentedRaftLog:OPENED:c3,f4,i4, conf=0: [98e78e11-cb4b-48d0-b763-897efd13c9ec:192.168.164.213:39232, 84568b57-9d99-42dc-882b-eae65806f704:192.168.164.213:37329, feaf5d54-1805-49ec-899f-945609733e38:192.168.164.213:39911], old=null
2019-10-24 15:48:10,487 [84568b57-9d99-42dc-882b-eae65806f704@group-05AC48DA6374-LeaderElection72] INFO  impl.RaftServerImpl (RaftServerImpl.java:setRole(184)) - 84568b57-9d99-42dc-882b-eae65806f704@group-05AC48DA6374: changes role from CANDIDATE to FOLLOWER at term 56 for DISCOVERED_A_NEW_TERM
2019-10-24 15:48:10,487 [feaf5d54-1805-49ec-899f-945609733e38@group-CE75851C0F4B-LeaderElection71] INFO  impl.LeaderElection (LeaderElection.java:logAndReturn(56)) - feaf5d54-1805-49ec-899f-945609733e38@group-CE75851C0F4B-LeaderElection71: Election REJECTED; received 2 response(s) [feaf5d54-1805-49ec-899f-945609733e38<-98e78e11-cb4b-48d0-b763-897efd13c9ec#0:FAIL-t22, feaf5d54-1805-49ec-899f-945609733e38<-84568b57-9d99-42dc-882b-eae65806f704#0:FAIL-t22] and 0 exception(s); feaf5d54-1805-49ec-899f-945609733e38@group-CE75851C0F4B:t22, leader=null, voted=feaf5d54-1805-49ec-899f-945609733e38, raftlog=feaf5d54-1805-49ec-899f-945609733e38@group-CE75851C0F4B-SegmentedRaftLog:OPENED:c-1,f-1,i0, conf=-1: [98e78e11-cb4b-48d0-b763-897efd13c9ec:192.168.164.213:39232, 84568b57-9d99-42dc-882b-eae65806f704:192.168.164.213:37329, feaf5d54-1805-49ec-899f-945609733e38:192.168.164.213:39911], old=null
2019-10-24 15:48:10,487 [84568b57-9d99-42dc-882b-eae65806f704@group-05AC48DA6374-LeaderElection72] INFO  impl.RoleInfo (RoleInfo.java:shutdownLeaderElection(134)) - 84568b57-9d99-42dc-882b-eae65806f704: shutdown LeaderElection
2019-10-24 15:48:10,487 [feaf5d54-1805-49ec-899f-945609733e38@group-CE75851C0F4B-LeaderElection71] INFO  impl.RaftServerImpl (RaftServerImpl.java:setRole(184)) - feaf5d54-1805-49ec-899f-945609733e38@group-CE75851C0F4B: changes role from CANDIDATE to FOLLOWER at term 22 for DISCOVERED_A_NEW_TERM
2019-10-24 15:48:10,487 [84568b57-9d99-42dc-882b-eae65806f704@group-05AC48DA6374-LeaderElection72] INFO  impl.RoleInfo (RoleInfo.java:updateAndGet(143)) - 84568b57-9d99-42dc-882b-eae65806f704: start FollowerState
2019-10-24 15:48:10,487 [feaf5d54-1805-49ec-899f-945609733e38@group-CE75851C0F4B-LeaderElection71] INFO  impl.RoleInfo (RoleInfo.java:shutdownLeaderElection(134)) - feaf5d54-1805-49ec-899f-945609733e38: shutdown LeaderElection
2019-10-24 15:48:10,487 [feaf5d54-1805-49ec-899f-945609733e38@group-CE75851C0F4B-LeaderElection71] INFO  impl.RoleInfo (RoleInfo.java:updateAndGet(143)) - feaf5d54-1805-49ec-899f-945609733e38: start FollowerState
2019-10-24 15:48:10,495 [Thread-1058] INFO  impl.FollowerState (FollowerState.java:run(108)) - feaf5d54-1805-49ec-899f-945609733e38@group-CE75851C0F4B-FollowerState: change to CANDIDATE, lastRpcTime:7ms, electionTimeout:7ms
2019-10-24 15:48:10,495 [Thread-1058] INFO  impl.RoleInfo (RoleInfo.java:shutdownFollowerState(121)) - feaf5d54-1805-49ec-899f-945609733e38: shutdown FollowerState
2019-10-24 15:48:10,495 [Thread-1058] INFO  impl.RaftServerImpl (RaftServerImpl.java:setRole(184)) - feaf5d54-1805-49ec-899f-945609733e38@group-CE75851C0F4B: changes role from  FOLLOWER to CANDIDATE at term 22 for changeToCandidate
2019-10-24 15:48:10,495 [Thread-1058] INFO  impl.RoleInfo (RoleInfo.java:updateAndGet(143)) - feaf5d54-1805-49ec-899f-945609733e38: start LeaderElection
2019-10-24 15:48:10,508 [feaf5d54-1805-49ec-899f-945609733e38@group-CE75851C0F4B-LeaderElection73] INFO  impl.LeaderElection (LeaderElection.java:askForVotes(178)) - feaf5d54-1805-49ec-899f-945609733e38@group-CE75851C0F4B-LeaderElection73: begin an election at term 23 for -1: [98e78e11-cb4b-48d0-b763-897efd13c9ec:192.168.164.213:39232, 84568b57-9d99-42dc-882b-eae65806f704:192.168.164.213:37329, feaf5d54-1805-49ec-899f-945609733e38:192.168.164.213:39911], old=null
2019-10-24 15:48:10,512 [grpc-default-executor-4] INFO  impl.RaftServerImpl (RaftServerImpl.java:setRole(184)) - 98e78e11-cb4b-48d0-b763-897efd13c9ec@group-CE75851C0F4B: changes role from  FOLLOWER to FOLLOWER at term 23 for recognizeCandidate:feaf5d54-1805-49ec-899f-945609733e38
2019-10-24 15:48:10,512 [grpc-default-executor-6] INFO  impl.RaftServerImpl (RaftServerImpl.java:setRole(184)) - 84568b57-9d99-42dc-882b-eae65806f704@group-CE75851C0F4B: changes role from  FOLLOWER to FOLLOWER at term 23 for recognizeCandidate:feaf5d54-1805-49ec-899f-945609733e38
2019-10-24 15:48:10,512 [grpc-default-executor-4] INFO  impl.RoleInfo (RoleInfo.java:shutdownFollowerState(121)) - 98e78e11-cb4b-48d0-b763-897efd13c9ec: shutdown FollowerState
2019-10-24 15:48:10,512 [grpc-default-executor-6] INFO  impl.RoleInfo (RoleInfo.java:shutdownFollowerState(121)) - 84568b57-9d99-42dc-882b-eae65806f704: shutdown FollowerState
2019-10-24 15:48:10,513 [Thread-1053] INFO  impl.FollowerState (FollowerState.java:run(117)) - 98e78e11-cb4b-48d0-b763-897efd13c9ec@group-CE75851C0F4B-FollowerState was interrupted: java.lang.InterruptedException: sleep interrupted
2019-10-24 15:48:10,513 [grpc-default-executor-4] INFO  impl.RoleInfo (RoleInfo.java:updateAndGet(143)) - 98e78e11-cb4b-48d0-b763-897efd13c9ec: start FollowerState
2019-10-24 15:48:10,513 [grpc-default-executor-6] INFO  impl.RoleInfo (RoleInfo.java:updateAndGet(143)) - 84568b57-9d99-42dc-882b-eae65806f704: start FollowerState
2019-10-24 15:48:10,513 [Thread-1055] INFO  impl.FollowerState (FollowerState.java:run(117)) - 84568b57-9d99-42dc-882b-eae65806f704@group-CE75851C0F4B-FollowerState was interrupted: java.lang.InterruptedException: sleep interrupted
2019-10-24 15:48:10,529 [feaf5d54-1805-49ec-899f-945609733e38@group-CE75851C0F4B-LeaderElection73] INFO  impl.LeaderElection (LeaderElection.java:logAndReturn(56)) - feaf5d54-1805-49ec-899f-945609733e38@group-CE75851C0F4B-LeaderElection73: Election REJECTED; received 2 response(s) [feaf5d54-1805-49ec-899f-945609733e38<-98e78e11-cb4b-48d0-b763-897efd13c9ec#0:FAIL-t23, feaf5d54-1805-49ec-899f-945609733e38<-84568b57-9d99-42dc-882b-eae65806f704#0:FAIL-t23] and 0 exception(s); feaf5d54-1805-49ec-899f-945609733e38@group-CE75851C0F4B:t23, leader=null, voted=feaf5d54-1805-49ec-899f-945609733e38, raftlog=feaf5d54-1805-49ec-899f-945609733e38@group-CE75851C0F4B-SegmentedRaftLog:OPENED:c-1,f-1,i0, conf=-1: [98e78e11-cb4b-48d0-b763-897efd13c9ec:192.168.164.213:39232, 84568b57-9d99-42dc-882b-eae65806f704:192.168.164.213:37329, feaf5d54-1805-49ec-899f-945609733e38:192.168.164.213:39911], old=null
2019-10-24 15:48:10,530 [feaf5d54-1805-49ec-899f-945609733e38@group-CE75851C0F4B-LeaderElection73] INFO  impl.RaftServerImpl (RaftServerImpl.java:setRole(184)) - feaf5d54-1805-49ec-899f-945609733e38@group-CE75851C0F4B: changes role from CANDIDATE to FOLLOWER at term 23 for DISCOVERED_A_NEW_TERM
2019-10-24 15:48:10,530 [feaf5d54-1805-49ec-899f-945609733e38@group-CE75851C0F4B-LeaderElection73] INFO  impl.RoleInfo (RoleInfo.java:shutdownLeaderElection(134)) - feaf5d54-1805-49ec-899f-945609733e38: shutdown LeaderElection
2019-10-24 15:48:10,530 [feaf5d54-1805-49ec-899f-945609733e38@group-CE75851C0F4B-LeaderElection73] INFO  impl.RoleInfo (RoleInfo.java:updateAndGet(143)) - feaf5d54-1805-49ec-899f-945609733e38: start FollowerState
2019-10-24 15:48:10,542 [Thread-1057] INFO  impl.FollowerState (FollowerState.java:run(108)) - 84568b57-9d99-42dc-882b-eae65806f704@group-05AC48DA6374-FollowerState: change to CANDIDATE, lastRpcTime:54ms, electionTimeout:54ms
2019-10-24 15:48:10,542 [Thread-1057] INFO  impl.RoleInfo (RoleInfo.java:shutdownFollowerState(121)) - 84568b57-9d99-42dc-882b-eae65806f704: shutdown FollowerState
2019-10-24 15:48:10,542 [Thread-1057] INFO  impl.RaftServerImpl (RaftServerImpl.java:setRole(184)) - 84568b57-9d99-42dc-882b-eae65806f704@group-05AC48DA6374: changes role from  FOLLOWER to CANDIDATE at term 56 for changeToCandidate
2019-10-24 15:48:10,542 [Thread-1057] INFO  impl.RoleInfo (RoleInfo.java:updateAndGet(143)) - 84568b57-9d99-42dc-882b-eae65806f704: start LeaderElection
2019-10-24 15:48:10,556 [84568b57-9d99-42dc-882b-eae65806f704@group-05AC48DA6374-LeaderElection74] INFO  impl.LeaderElection (LeaderElection.java:askForVotes(178)) - 84568b57-9d99-42dc-882b-eae65806f704@group-05AC48DA6374-LeaderElection74: begin an election at term 57 for 0: [98e78e11-cb4b-48d0-b763-897efd13c9ec:192.168.164.213:39232, 84568b57-9d99-42dc-882b-eae65806f704:192.168.164.213:37329, feaf5d54-1805-49ec-899f-945609733e38:192.168.164.213:39911], old=null
2019-10-24 15:48:10,558 [grpc-default-executor-4] INFO  impl.RaftServerImpl (RaftServerImpl.java:setRole(184)) - 98e78e11-cb4b-48d0-b763-897efd13c9ec@group-05AC48DA6374: changes role from  FOLLOWER to FOLLOWER at term 57 for recognizeCandidate:84568b57-9d99-42dc-882b-eae65806f704
2019-10-24 15:48:10,558 [grpc-default-executor-6] INFO  impl.RaftServerImpl (RaftServerImpl.java:setRole(184)) - feaf5d54-1805-49ec-899f-945609733e38@group-05AC48DA6374: changes role from  FOLLOWER to FOLLOWER at term 57 for recognizeCandidate:84568b57-9d99-42dc-882b-eae65806f704
2019-10-24 15:48:10,558 [grpc-default-executor-4] INFO  impl.RoleInfo (RoleInfo.java:shutdownFollowerState(121)) - 98e78e11-cb4b-48d0-b763-897efd13c9ec: shutdown FollowerState
2019-10-24 15:48:10,559 [grpc-default-executor-6] INFO  impl.RoleInfo (RoleInfo.java:shutdownFollowerState(121)) - feaf5d54-1805-49ec-899f-945609733e38: shutdown FollowerState
2019-10-24 15:48:10,559 [Thread-1056] INFO  impl.FollowerState (FollowerState.java:run(117)) - 98e78e11-cb4b-48d0-b763-897efd13c9ec@group-05AC48DA6374-FollowerState was interrupted: java.lang.InterruptedException: sleep interrupted
2019-10-24 15:48:10,559 [grpc-default-executor-4] INFO  impl.RoleInfo (RoleInfo.java:updateAndGet(143)) - 98e78e11-cb4b-48d0-b763-897efd13c9ec: start FollowerState
2019-10-24 15:48:10,559 [grpc-default-executor-6] INFO  impl.RoleInfo (RoleInfo.java:updateAndGet(143)) - feaf5d54-1805-49ec-899f-945609733e38: start FollowerState
2019-10-24 15:48:10,559 [Thread-1054] INFO  impl.FollowerState (FollowerState.java:run(117)) - feaf5d54-1805-49ec-899f-945609733e38@group-05AC48DA6374-FollowerState was interrupted: java.lang.InterruptedException: sleep interrupted
2019-10-24 15:48:10,571 [84568b57-9d99-42dc-882b-eae65806f704@group-05AC48DA6374-LeaderElection74] INFO  impl.LeaderElection (LeaderElection.java:logAndReturn(56)) - 84568b57-9d99-42dc-882b-eae65806f704@group-05AC48DA6374-LeaderElection74: Election TIMEOUT; received 0 response(s) [] and 0 exception(s); 84568b57-9d99-42dc-882b-eae65806f704@group-05AC48DA6374:t57, leader=null, voted=84568b57-9d99-42dc-882b-eae65806f704, raftlog=84568b57-9d99-42dc-882b-eae65806f704@group-05AC48DA6374-SegmentedRaftLog:OPENED:c3,f4,i4, conf=0: [98e78e11-cb4b-48d0-b763-897efd13c9ec:192.168.164.213:39232, 84568b57-9d99-42dc-882b-eae65806f704:192.168.164.213:37329, feaf5d54-1805-49ec-899f-945609733e38:192.168.164.213:39911], old=null
2019-10-24 15:48:10,575 [84568b57-9d99-42dc-882b-eae65806f704@group-05AC48DA6374-LeaderElection74] INFO  impl.LeaderElection (LeaderElection.java:askForVotes(178)) - 84568b57-9d99-42dc-882b-eae65806f704@group-05AC48DA6374-LeaderElection74: begin an election at term 58 for 0: [98e78e11-cb4b-48d0-b763-897efd13c9ec:192.168.164.213:39232, 84568b57-9d99-42dc-882b-eae65806f704:192.168.164.213:37329, feaf5d54-1805-49ec-899f-945609733e38:192.168.164.213:39911], old=null
2019-10-24 15:48:10,577 [grpc-default-executor-6] INFO  impl.RaftServerImpl (RaftServerImpl.java:setRole(184)) - feaf5d54-1805-49ec-899f-945609733e38@group-05AC48DA6374: changes role from  FOLLOWER to FOLLOWER at term 58 for recognizeCandidate:84568b57-9d99-42dc-882b-eae65806f704
2019-10-24 15:48:10,577 [grpc-default-executor-6] INFO  impl.RoleInfo (RoleInfo.java:shutdownFollowerState(121)) - feaf5d54-1805-49ec-899f-945609733e38: shutdown FollowerState
2019-10-24 15:48:10,577 [grpc-default-executor-6] INFO  impl.RoleInfo (RoleInfo.java:updateAndGet(143)) - feaf5d54-1805-49ec-899f-945609733e38: start FollowerState
2019-10-24 15:48:10,577 [grpc-default-executor-4] INFO  impl.RaftServerImpl (RaftServerImpl.java:setRole(184)) - 98e78e11-cb4b-48d0-b763-897efd13c9ec@group-05AC48DA6374: changes role from  FOLLOWER to FOLLOWER at term 58 for recognizeCandidate:84568b57-9d99-42dc-882b-eae65806f704
2019-10-24 15:48:10,577 [grpc-default-executor-4] INFO  impl.RoleInfo (RoleInfo.java:shutdownFollowerState(121)) - 98e78e11-cb4b-48d0-b763-897efd13c9ec: shutdown FollowerState
2019-10-24 15:48:10,577 [Thread-1070] INFO  impl.FollowerState (FollowerState.java:run(117)) - feaf5d54-1805-49ec-899f-945609733e38@group-05AC48DA6374-FollowerState was interrupted: java.lang.InterruptedException: sleep interrupted
2019-10-24 15:48:10,577 [Thread-1069] INFO  impl.FollowerState (FollowerState.java:run(117)) - 98e78e11-cb4b-48d0-b763-897efd13c9ec@group-05AC48DA6374-FollowerState was interrupted: java.lang.InterruptedException: sleep interrupted
2019-10-24 15:48:10,577 [grpc-default-executor-4] INFO  impl.RoleInfo (RoleInfo.java:updateAndGet(143)) - 98e78e11-cb4b-48d0-b763-897efd13c9ec: start FollowerState
2019-10-24 15:48:10,591 [84568b57-9d99-42dc-882b-eae65806f704@group-05AC48DA6374-LeaderElection74] INFO  impl.LeaderElection (LeaderElection.java:logAndReturn(56)) - 84568b57-9d99-42dc-882b-eae65806f704@group-05AC48DA6374-LeaderElection74: Election REJECTED; received 2 response(s) [84568b57-9d99-42dc-882b-eae65806f704<-98e78e11-cb4b-48d0-b763-897efd13c9ec#0:FAIL-t58, 84568b57-9d99-42dc-882b-eae65806f704<-feaf5d54-1805-49ec-899f-945609733e38#0:FAIL-t58] and 0 exception(s); 84568b57-9d99-42dc-882b-eae65806f704@group-05AC48DA6374:t58, leader=null, voted=84568b57-9d99-42dc-882b-eae65806f704, raftlog=84568b57-9d99-42dc-882b-eae65806f704@group-05AC48DA6374-SegmentedRaftLog:OPENED:c3,f4,i4, conf=0: [98e78e11-cb4b-48d0-b763-897efd13c9ec:192.168.164.213:39232, 84568b57-9d99-42dc-882b-eae65806f704:192.168.164.213:37329, feaf5d54-1805-49ec-899f-945609733e38:192.168.164.213:39911], old=null
2019-10-24 15:48:10,592 [84568b57-9d99-42dc-882b-eae65806f704@group-05AC48DA6374-LeaderElection74] INFO  impl.RaftServerImpl (RaftServerImpl.java:setRole(184)) - 84568b57-9d99-42dc-882b-eae65806f704@group-05AC48DA6374: changes role from CANDIDATE to FOLLOWER at term 58 for DISCOVERED_A_NEW_TERM
2019-10-24 15:48:10,592 [84568b57-9d99-42dc-882b-eae65806f704@group-05AC48DA6374-LeaderElection74] INFO  impl.RoleInfo (RoleInfo.java:shutdownLeaderElection(134)) - 84568b57-9d99-42dc-882b-eae65806f704: shutdown LeaderElection
2019-10-24 15:48:10,592 [84568b57-9d99-42dc-882b-eae65806f704@group-05AC48DA6374-LeaderElection74] INFO  impl.RoleInfo (RoleInfo.java:updateAndGet(143)) - 84568b57-9d99-42dc-882b-eae65806f704: start FollowerState
2019-10-24 15:48:10,629 [Thread-1075] INFO  impl.FollowerState (FollowerState.java:run(108)) - 84568b57-9d99-42dc-882b-eae65806f704@group-05AC48DA6374-FollowerState: change to CANDIDATE, lastRpcTime:37ms, electionTimeout:37ms
2019-10-24 15:48:10,630 [Thread-1075] INFO  impl.RoleInfo (RoleInfo.java:shutdownFollowerState(121)) - 84568b57-9d99-42dc-882b-eae65806f704: shutdown FollowerState
2019-10-24 15:48:10,630 [Thread-1075] INFO  impl.RaftServerImpl (RaftServerImpl.java:setRole(184)) - 84568b57-9d99-42dc-882b-eae65806f704@group-05AC48DA6374: changes role from  FOLLOWER to CANDIDATE at term 58 for changeToCandidate
2019-10-24 15:48:10,630 [Thread-1075] INFO  impl.RoleInfo (RoleInfo.java:updateAndGet(143)) - 84568b57-9d99-42dc-882b-eae65806f704: start LeaderElection
2019-10-24 15:48:10,643 [84568b57-9d99-42dc-882b-eae65806f704@group-05AC48DA6374-LeaderElection75] INFO  impl.LeaderElection (LeaderElection.java:askForVotes(178)) - 84568b57-9d99-42dc-882b-eae65806f704@group-05AC48DA6374-LeaderElection75: begin an election at term 59 for 0: [98e78e11-cb4b-48d0-b763-897efd13c9ec:192.168.164.213:39232, 84568b57-9d99-42dc-882b-eae65806f704:192.168.164.213:37329, feaf5d54-1805-49ec-899f-945609733e38:192.168.164.213:39911], old=null
2019-10-24 15:48:10,646 [grpc-default-executor-4] INFO  impl.RaftServerImpl (RaftServerImpl.java:setRole(184)) - feaf5d54-1805-49ec-899f-945609733e38@group-05AC48DA6374: changes role from  FOLLOWER to FOLLOWER at term 59 for recognizeCandidate:84568b57-9d99-42dc-882b-eae65806f704
2019-10-24 15:48:10,646 [grpc-default-executor-6] INFO  impl.RaftServerImpl (RaftServerImpl.java:setRole(184)) - 98e78e11-cb4b-48d0-b763-897efd13c9ec@group-05AC48DA6374: changes role from  FOLLOWER to FOLLOWER at term 59 for recognizeCandidate:84568b57-9d99-42dc-882b-eae65806f704
2019-10-24 15:48:10,646 [grpc-default-executor-6] INFO  impl.RoleInfo (RoleInfo.java:shutdownFollowerState(121)) - 98e78e11-cb4b-48d0-b763-897efd13c9ec: shutdown FollowerState
2019-10-24 15:48:10,646 [grpc-default-executor-4] INFO  impl.RoleInfo (RoleInfo.java:shutdownFollowerState(121)) - feaf5d54-1805-49ec-899f-945609733e38: shutdown FollowerState
2019-10-24 15:48:10,646 [grpc-default-executor-6] INFO  impl.RoleInfo (RoleInfo.java:updateAndGet(143)) - 98e78e11-cb4b-48d0-b763-897efd13c9ec: start FollowerState
2019-10-24 15:48:10,646 [grpc-default-executor-4] INFO  impl.RoleInfo (RoleInfo.java:updateAndGet(143)) - feaf5d54-1805-49ec-899f-945609733e38: start FollowerState
2019-10-24 15:48:10,646 [Thread-1074] INFO  impl.FollowerState (FollowerState.java:run(117)) - 98e78e11-cb4b-48d0-b763-897efd13c9ec@group-05AC48DA6374-FollowerState was interrupted: java.lang.InterruptedException: sleep interrupted
2019-10-24 15:48:10,646 [Thread-1073] INFO  impl.FollowerState (FollowerState.java:run(117)) - feaf5d54-1805-49ec-899f-945609733e38@group-05AC48DA6374-FollowerState was interrupted: java.lang.InterruptedException: sleep interrupted
2019-10-24 15:48:10,660 [84568b57-9d99-42dc-882b-eae65806f704@group-05AC48DA6374-LeaderElection75] INFO  impl.LeaderElection (LeaderElection.java:logAndReturn(56)) - 84568b57-9d99-42dc-882b-eae65806f704@group-05AC48DA6374-LeaderElection75: Election REJECTED; received 2 response(s) [84568b57-9d99-42dc-882b-eae65806f704<-98e78e11-cb4b-48d0-b763-897efd13c9ec#0:FAIL-t59, 84568b57-9d99-42dc-882b-eae65806f704<-feaf5d54-1805-49ec-899f-945609733e38#0:FAIL-t59] and 0 exception(s); 84568b57-9d99-42dc-882b-eae65806f704@group-05AC48DA6374:t59, leader=null, voted=84568b57-9d99-42dc-882b-eae65806f704, raftlog=84568b57-9d99-42dc-882b-eae65806f704@group-05AC48DA6374-SegmentedRaftLog:OPENED:c3,f4,i4, conf=0: [98e78e11-cb4b-48d0-b763-897efd13c9ec:192.168.164.213:39232, 84568b57-9d99-42dc-882b-eae65806f704:192.168.164.213:37329, feaf5d54-1805-49ec-899f-945609733e38:192.168.164.213:39911], old=null
2019-10-24 15:48:10,660 [84568b57-9d99-42dc-882b-eae65806f704@group-05AC48DA6374-LeaderElection75] INFO  impl.RaftServerImpl (RaftServerImpl.java:setRole(184)) - 84568b57-9d99-42dc-882b-eae65806f704@group-05AC48DA6374: changes role from CANDIDATE to FOLLOWER at term 59 for DISCOVERED_A_NEW_TERM
2019-10-24 15:48:10,661 [84568b57-9d99-42dc-882b-eae65806f704@group-05AC48DA6374-LeaderElection75] INFO  impl.RoleInfo (RoleInfo.java:shutdownLeaderElection(134)) - 84568b57-9d99-42dc-882b-eae65806f704: shutdown LeaderElection
2019-10-24 15:48:10,661 [84568b57-9d99-42dc-882b-eae65806f704@group-05AC48DA6374-LeaderElection75] INFO  impl.RoleInfo (RoleInfo.java:updateAndGet(143)) - 84568b57-9d99-42dc-882b-eae65806f704: start FollowerState
2019-10-24 15:48:10,718 [Thread-1064] INFO  impl.FollowerState (FollowerState.java:run(108)) - feaf5d54-1805-49ec-899f-945609733e38@group-CE75851C0F4B-FollowerState: change to CANDIDATE, lastRpcTime:188ms, electionTimeout:188ms
2019-10-24 15:48:10,718 [Thread-1064] INFO  impl.RoleInfo (RoleInfo.java:shutdownFollowerState(121)) - feaf5d54-1805-49ec-899f-945609733e38: shutdown FollowerState
2019-10-24 15:48:10,719 [Thread-1064] INFO  impl.RaftServerImpl (RaftServerImpl.java:setRole(184)) - feaf5d54-1805-49ec-899f-945609733e38@group-CE75851C0F4B: changes role from  FOLLOWER to CANDIDATE at term 23 for changeToCandidate
2019-10-24 15:48:10,719 [Thread-1064] INFO  impl.RoleInfo (RoleInfo.java:updateAndGet(143)) - feaf5d54-1805-49ec-899f-945609733e38: start LeaderElection
2019-10-24 15:48:10,719 [Thread-1081] INFO  impl.FollowerState (FollowerState.java:run(108)) - 84568b57-9d99-42dc-882b-eae65806f704@group-05AC48DA6374-FollowerState: change to CANDIDATE, lastRpcTime:58ms, electionTimeout:58ms
2019-10-24 15:48:10,719 [Thread-1081] INFO  impl.RoleInfo (RoleInfo.java:shutdownFollowerState(121)) - 84568b57-9d99-42dc-882b-eae65806f704: shutdown FollowerState
2019-10-24 15:48:10,719 [Thread-1081] INFO  impl.RaftServerImpl (RaftServerImpl.java:setRole(184)) - 84568b57-9d99-42dc-882b-eae65806f704@group-05AC48DA6374: changes role from  FOLLOWER to CANDIDATE at term 59 for changeToCandidate
2019-10-24 15:48:10,720 [Thread-1081] INFO  impl.RoleInfo (RoleInfo.java:updateAndGet(143)) - 84568b57-9d99-42dc-882b-eae65806f704: start LeaderElection
2019-10-24 15:48:10,744 [84568b57-9d99-42dc-882b-eae65806f704@group-05AC48DA6374-LeaderElection77] INFO  impl.LeaderElection (LeaderElection.java:askForVotes(178)) - 84568b57-9d99-42dc-882b-eae65806f704@group-05AC48DA6374-LeaderElection77: begin an election at term 60 for 0: [98e78e11-cb4b-48d0-b763-897efd13c9ec:192.168.164.213:39232, 84568b57-9d99-42dc-882b-eae65806f704:192.168.164.213:37329, feaf5d54-1805-49ec-899f-945609733e38:192.168.164.213:39911], old=null
2019-10-24 15:48:10,744 [feaf5d54-1805-49ec-899f-945609733e38@group-CE75851C0F4B-LeaderElection76] INFO  impl.LeaderElection (LeaderElection.java:askForVotes(178)) - feaf5d54-1805-49ec-899f-945609733e38@group-CE75851C0F4B-LeaderElection76: begin an election at term 24 for -1: [98e78e11-cb4b-48d0-b763-897efd13c9ec:192.168.164.213:39232, 84568b57-9d99-42dc-882b-eae65806f704:192.168.164.213:37329, feaf5d54-1805-49ec-899f-945609733e38:192.168.164.213:39911], old=null
2019-10-24 15:48:10,750 [grpc-default-executor-6] INFO  impl.RaftServerImpl (RaftServerImpl.java:setRole(184)) - 98e78e11-cb4b-48d0-b763-897efd13c9ec@group-05AC48DA6374: changes role from  FOLLOWER to FOLLOWER at term 60 for recognizeCandidate:84568b57-9d99-42dc-882b-eae65806f704
2019-10-24 15:48:10,750 [grpc-default-executor-6] INFO  impl.RoleInfo (RoleInfo.java:shutdownFollowerState(121)) - 98e78e11-cb4b-48d0-b763-897efd13c9ec: shutdown FollowerState
2019-10-24 15:48:10,750 [grpc-default-executor-6] INFO  impl.RoleInfo (RoleInfo.java:updateAndGet(143)) - 98e78e11-cb4b-48d0-b763-897efd13c9ec: start FollowerState
2019-10-24 15:48:10,750 [Thread-1079] INFO  impl.FollowerState (FollowerState.java:run(117)) - 98e78e11-cb4b-48d0-b763-897efd13c9ec@group-05AC48DA6374-FollowerState was interrupted: java.lang.InterruptedException: sleep interrupted
2019-10-24 15:48:10,750 [grpc-default-executor-2] INFO  impl.RaftServerImpl (RaftServerImpl.java:setRole(184)) - 98e78e11-cb4b-48d0-b763-897efd13c9ec@group-CE75851C0F4B: changes role from  FOLLOWER to FOLLOWER at term 24 for recognizeCandidate:feaf5d54-1805-49ec-899f-945609733e38
2019-10-24 15:48:10,751 [grpc-default-executor-5] INFO  impl.RaftServerImpl (RaftServerImpl.java:setRole(184)) - 84568b57-9d99-42dc-882b-eae65806f704@group-CE75851C0F4B: changes role from  FOLLOWER to FOLLOWER at term 24 for recognizeCandidate:feaf5d54-1805-49ec-899f-945609733e38
2019-10-24 15:48:10,751 [grpc-default-executor-2] INFO  impl.RoleInfo (RoleInfo.java:shutdownFollowerState(121)) - 98e78e11-cb4b-48d0-b763-897efd13c9ec: shutdown FollowerState
2019-10-24 15:48:10,751 [grpc-default-executor-0] INFO  impl.RaftServerImpl (RaftServerImpl.java:setRole(184)) - feaf5d54-1805-49ec-899f-945609733e38@group-05AC48DA6374: changes role from  FOLLOWER to FOLLOWER at term 60 for recognizeCandidate:84568b57-9d99-42dc-882b-eae65806f704
2019-10-24 15:48:10,751 [grpc-default-executor-0] INFO  impl.RoleInfo (RoleInfo.java:shutdownFollowerState(121)) - feaf5d54-1805-49ec-899f-945609733e38: shutdown FollowerState
2019-10-24 15:48:10,751 [Thread-1062] INFO  impl.FollowerState (FollowerState.java:run(117)) - 98e78e11-cb4b-48d0-b763-897efd13c9ec@group-CE75851C0F4B-FollowerState was interrupted: java.lang.InterruptedException: sleep interrupted
2019-10-24 15:48:10,751 [grpc-default-executor-2] INFO  impl.RoleInfo (RoleInfo.java:updateAndGet(143)) - 98e78e11-cb4b-48d0-b763-897efd13c9ec: start FollowerState
2019-10-24 15:48:10,751 [grpc-default-executor-5] INFO  impl.RoleInfo (RoleInfo.java:shutdownFollowerState(121)) - 84568b57-9d99-42dc-882b-eae65806f704: shutdown FollowerState
2019-10-24 15:48:10,751 [grpc-default-executor-0] INFO  impl.RoleInfo (RoleInfo.java:updateAndGet(143)) - feaf5d54-1805-49ec-899f-945609733e38: start FollowerState
2019-10-24 15:48:10,752 [Thread-1063] INFO  impl.FollowerState (FollowerState.java:run(117)) - 84568b57-9d99-42dc-882b-eae65806f704@group-CE75851C0F4B-FollowerState was interrupted: java.lang.InterruptedException: sleep interrupted
2019-10-24 15:48:10,751 [Thread-1080] INFO  impl.FollowerState (FollowerState.java:run(117)) - feaf5d54-1805-49ec-899f-945609733e38@group-05AC48DA6374-FollowerState was interrupted: java.lang.InterruptedException: sleep interrupted
2019-10-24 15:48:10,752 [grpc-default-executor-5] INFO  impl.RoleInfo (RoleInfo.java:updateAndGet(143)) - 84568b57-9d99-42dc-882b-eae65806f704: start FollowerState
2019-10-24 15:48:10,754 [Thread-1093] INFO  client.GrpcClientProtocolService (GrpcClientProtocolService.java:lambda$processClientRequest$0(278)) - Failed RaftClientRequest:client-60DA70BF947A->84568b57-9d99-42dc-882b-eae65806f704@group-05AC48DA6374, cid=10, seq=0, Watch-ALL_COMMITTED(6), Message:<EMPTY>, reply=RaftClientReply:client-60DA70BF947A->84568b57-9d99-42dc-882b-eae65806f704@group-05AC48DA6374, cid=10, FAILED org.apache.ratis.protocol.NotLeaderException: Server 84568b57-9d99-42dc-882b-eae65806f704@group-05AC48DA6374 is not the leader, logIndex=0, commits[84568b57-9d99-42dc-882b-eae65806f704:c3]
2019-10-24 15:48:10,773 [84568b57-9d99-42dc-882b-eae65806f704@group-05AC48DA6374-LeaderElection77] INFO  impl.LeaderElection (LeaderElection.java:logAndReturn(56)) - 84568b57-9d99-42dc-882b-eae65806f704@group-05AC48DA6374-LeaderElection77: Election REJECTED; received 2 response(s) [84568b57-9d99-42dc-882b-eae65806f704<-98e78e11-cb4b-48d0-b763-897efd13c9ec#0:FAIL-t60, 84568b57-9d99-42dc-882b-eae65806f704<-feaf5d54-1805-49ec-899f-945609733e38#0:FAIL-t60] and 0 exception(s); 84568b57-9d99-42dc-882b-eae65806f704@group-05AC48DA6374:t60, leader=null, voted=84568b57-9d99-42dc-882b-eae65806f704, raftlog=84568b57-9d99-42dc-882b-eae65806f704@group-05AC48DA6374-SegmentedRaftLog:OPENED:c3,f4,i4, conf=0: [98e78e11-cb4b-48d0-b763-897efd13c9ec:192.168.164.213:39232, 84568b57-9d99-42dc-882b-eae65806f704:192.168.164.213:37329, feaf5d54-1805-49ec-899f-945609733e38:192.168.164.213:39911], old=null
2019-10-24 15:48:10,773 [feaf5d54-1805-49ec-899f-945609733e38@group-CE75851C0F4B-LeaderElection76] INFO  impl.LeaderElection (LeaderElection.java:logAndReturn(56)) - feaf5d54-1805-49ec-899f-945609733e38@group-CE75851C0F4B-LeaderElection76: Election REJECTED; received 2 response(s) [feaf5d54-1805-49ec-899f-945609733e38<-98e78e11-cb4b-48d0-b763-897efd13c9ec#0:FAIL-t24, feaf5d54-1805-49ec-899f-945609733e38<-84568b57-9d99-42dc-882b-eae65806f704#0:FAIL-t24] and 0 exception(s); feaf5d54-1805-49ec-899f-945609733e38@group-CE75851C0F4B:t24, leader=null, voted=feaf5d54-1805-49ec-899f-945609733e38, raftlog=feaf5d54-1805-49ec-899f-945609733e38@group-CE75851C0F4B-SegmentedRaftLog:OPENED:c-1,f-1,i0, conf=-1: [98e78e11-cb4b-48d0-b763-897efd13c9ec:192.168.164.213:39232, 84568b57-9d99-42dc-882b-eae65806f704:192.168.164.213:37329, feaf5d54-1805-49ec-899f-945609733e38:192.168.164.213:39911], old=null
2019-10-24 15:48:10,773 [84568b57-9d99-42dc-882b-eae65806f704@group-05AC48DA6374-LeaderElection77] INFO  impl.RaftServerImpl (RaftServerImpl.java:setRole(184)) - 84568b57-9d99-42dc-882b-eae65806f704@group-05AC48DA6374: changes role from CANDIDATE to FOLLOWER at term 60 for DISCOVERED_A_NEW_TERM
2019-10-24 15:48:10,773 [feaf5d54-1805-49ec-899f-945609733e38@group-CE75851C0F4B-LeaderElection76] INFO  impl.RaftServerImpl (RaftServerImpl.java:setRole(184)) - feaf5d54-1805-49ec-899f-945609733e38@group-CE75851C0F4B: changes role from CANDIDATE to FOLLOWER at term 24 for DISCOVERED_A_NEW_TERM
2019-10-24 15:48:10,773 [84568b57-9d99-42dc-882b-eae65806f704@group-05AC48DA6374-LeaderElection77] INFO  impl.RoleInfo (RoleInfo.java:shutdownLeaderElection(134)) - 84568b57-9d99-42dc-882b-eae65806f704: shutdown LeaderElection
2019-10-24 15:48:10,773 [feaf5d54-1805-49ec-899f-945609733e38@group-CE75851C0F4B-LeaderElection76] INFO  impl.RoleInfo (RoleInfo.java:shutdownLeaderElection(134)) - feaf5d54-1805-49ec-899f-945609733e38: shutdown LeaderElection
2019-10-24 15:48:10,774 [84568b57-9d99-42dc-882b-eae65806f704@group-05AC48DA6374-LeaderElection77] INFO  impl.RoleInfo (RoleInfo.java:updateAndGet(143)) - 84568b57-9d99-42dc-882b-eae65806f704: start FollowerState
2019-10-24 15:48:10,774 [feaf5d54-1805-49ec-899f-945609733e38@group-CE75851C0F4B-LeaderElection76] INFO  impl.RoleInfo (RoleInfo.java:updateAndGet(143)) - feaf5d54-1805-49ec-899f-945609733e38: start FollowerState
2019-10-24 15:48:10,872 [Thread-1096] INFO  impl.FollowerState (FollowerState.java:run(108)) - feaf5d54-1805-49ec-899f-945609733e38@group-CE75851C0F4B-FollowerState: change to CANDIDATE, lastRpcTime:98ms, electionTimeout:98ms
2019-10-24 15:48:10,872 [Thread-1096] INFO  impl.RoleInfo (RoleInfo.java:shutdownFollowerState(121)) - feaf5d54-1805-49ec-899f-945609733e38: shutdown FollowerState
2019-10-24 15:48:10,872 [Thread-1096] INFO  impl.RaftServerImpl (RaftServerImpl.java:setRole(184)) - feaf5d54-1805-49ec-899f-945609733e38@group-CE75851C0F4B: changes role from  FOLLOWER to CANDIDATE at term 24 for changeToCandidate
2019-10-24 15:48:10,872 [Thread-1096] INFO  impl.RoleInfo (RoleInfo.java:updateAndGet(143)) - feaf5d54-1805-49ec-899f-945609733e38: start LeaderElection
2019-10-24 15:48:10,898 [feaf5d54-1805-49ec-899f-945609733e38@group-CE75851C0F4B-LeaderElection78] INFO  impl.LeaderElection (LeaderElection.java:askForVotes(178)) - feaf5d54-1805-49ec-899f-945609733e38@group-CE75851C0F4B-LeaderElection78: begin an election at term 25 for -1: [98e78e11-cb4b-48d0-b763-897efd13c9ec:192.168.164.213:39232, 84568b57-9d99-42dc-882b-eae65806f704:192.168.164.213:37329, feaf5d54-1805-49ec-899f-945609733e38:192.168.164.213:39911], old=null
2019-10-24 15:48:10,900 [grpc-default-executor-6] INFO  impl.RaftServerImpl (RaftServerImpl.java:setRole(184)) - 98e78e11-cb4b-48d0-b763-897efd13c9ec@group-CE75851C0F4B: changes role from  FOLLOWER to FOLLOWER at term 25 for recognizeCandidate:feaf5d54-1805-49ec-899f-945609733e38
2019-10-24 15:48:10,901 [grpc-default-executor-5] INFO  impl.RaftServerImpl (RaftServerImpl.java:setRole(184)) - 84568b57-9d99-42dc-882b-eae65806f704@group-CE75851C0F4B: changes role from  FOLLOWER to FOLLOWER at term 25 for recognizeCandidate:feaf5d54-1805-49ec-899f-945609733e38
2019-10-24 15:48:10,901 [grpc-default-executor-6] INFO  impl.RoleInfo (RoleInfo.java:shutdownFollowerState(121)) - 98e78e11-cb4b-48d0-b763-897efd13c9ec: shutdown FollowerState
2019-10-24 15:48:10,901 [grpc-default-executor-5] INFO  impl.RoleInfo (RoleInfo.java:shutdownFollowerState(121)) - 84568b57-9d99-42dc-882b-eae65806f704: shutdown FollowerState
2019-10-24 15:48:10,901 [Thread-1090] INFO  impl.FollowerState (FollowerState.java:run(117)) - 98e78e11-cb4b-48d0-b763-897efd13c9ec@group-CE75851C0F4B-FollowerState was interrupted: java.lang.InterruptedException: sleep interrupted
2019-10-24 15:48:10,901 [grpc-default-executor-6] INFO  impl.RoleInfo (RoleInfo.java:updateAndGet(143)) - 98e78e11-cb4b-48d0-b763-897efd13c9ec: start FollowerState
2019-10-24 15:48:10,901 [Thread-1092] INFO  impl.FollowerState (FollowerState.java:run(117)) - 84568b57-9d99-42dc-882b-eae65806f704@group-CE75851C0F4B-FollowerState was interrupted: java.lang.InterruptedException: sleep interrupted
2019-10-24 15:48:10,901 [grpc-default-executor-5] INFO  impl.RoleInfo (RoleInfo.java:updateAndGet(143)) - 84568b57-9d99-42dc-882b-eae65806f704: start FollowerState
2019-10-24 15:48:10,922 [BlockDeletingService#2] WARN  background.BlockDeletingService (BlockDeletingService.java:isDeletionAllowed(187)) - Close Container log Index 6 is not replicated across allthe servers in the pipeline a9fb5832-a8b6-4e39-9ab2-05ac48da6374 as the min replicated index is 4. Deletion is not allowed in this container yet.
2019-10-24 15:48:10,922 [BlockDeletingService#6] WARN  background.BlockDeletingService (BlockDeletingService.java:isDeletionAllowed(187)) - Close Container log Index 6 is not replicated across allthe servers in the pipeline a9fb5832-a8b6-4e39-9ab2-05ac48da6374 as the min replicated index is 4. Deletion is not allowed in this container yet.
2019-10-24 15:48:10,928 [feaf5d54-1805-49ec-899f-945609733e38@group-CE75851C0F4B-LeaderElection78] INFO  impl.LeaderElection (LeaderElection.java:logAndReturn(56)) - feaf5d54-1805-49ec-899f-945609733e38@group-CE75851C0F4B-LeaderElection78: Election REJECTED; received 2 response(s) [feaf5d54-1805-49ec-899f-945609733e38<-98e78e11-cb4b-48d0-b763-897efd13c9ec#0:FAIL-t25, feaf5d54-1805-49ec-899f-945609733e38<-84568b57-9d99-42dc-882b-eae65806f704#0:FAIL-t25] and 0 exception(s); feaf5d54-1805-49ec-899f-945609733e38@group-CE75851C0F4B:t25, leader=null, voted=feaf5d54-1805-49ec-899f-945609733e38, raftlog=feaf5d54-1805-49ec-899f-945609733e38@group-CE75851C0F4B-SegmentedRaftLog:OPENED:c-1,f-1,i0, conf=-1: [98e78e11-cb4b-48d0-b763-897efd13c9ec:192.168.164.213:39232, 84568b57-9d99-42dc-882b-eae65806f704:192.168.164.213:37329, feaf5d54-1805-49ec-899f-945609733e38:192.168.164.213:39911], old=null
2019-10-24 15:48:10,928 [feaf5d54-1805-49ec-899f-945609733e38@group-CE75851C0F4B-LeaderElection78] INFO  impl.RaftServerImpl (RaftServerImpl.java:setRole(184)) - feaf5d54-1805-49ec-899f-945609733e38@group-CE75851C0F4B: changes role from CANDIDATE to FOLLOWER at term 25 for DISCOVERED_A_NEW_TERM
2019-10-24 15:48:10,928 [feaf5d54-1805-49ec-899f-945609733e38@group-CE75851C0F4B-LeaderElection78] INFO  impl.RoleInfo (RoleInfo.java:shutdownLeaderElection(134)) - feaf5d54-1805-49ec-899f-945609733e38: shutdown LeaderElection
2019-10-24 15:48:10,928 [feaf5d54-1805-49ec-899f-945609733e38@group-CE75851C0F4B-LeaderElection78] INFO  impl.RoleInfo (RoleInfo.java:updateAndGet(143)) - feaf5d54-1805-49ec-899f-945609733e38: start FollowerState
2019-10-24 15:48:10,944 [Thread-1095] INFO  impl.FollowerState (FollowerState.java:run(108)) - 84568b57-9d99-42dc-882b-eae65806f704@group-05AC48DA6374-FollowerState: change to CANDIDATE, lastRpcTime:170ms, electionTimeout:170ms
2019-10-24 15:48:10,944 [Thread-1095] INFO  impl.RoleInfo (RoleInfo.java:shutdownFollowerState(121)) - 84568b57-9d99-42dc-882b-eae65806f704: shutdown FollowerState
2019-10-24 15:48:10,944 [Thread-1095] INFO  impl.RaftServerImpl (RaftServerImpl.java:setRole(184)) - 84568b57-9d99-42dc-882b-eae65806f704@group-05AC48DA6374: changes role from  FOLLOWER to CANDIDATE at term 60 for changeToCandidate
2019-10-24 15:48:10,945 [Thread-1095] INFO  impl.RoleInfo (RoleInfo.java:updateAndGet(143)) - 84568b57-9d99-42dc-882b-eae65806f704: start LeaderElection
2019-10-24 15:48:10,958 [84568b57-9d99-42dc-882b-eae65806f704@group-05AC48DA6374-LeaderElection79] INFO  impl.LeaderElection (LeaderElection.java:askForVotes(178)) - 84568b57-9d99-42dc-882b-eae65806f704@group-05AC48DA6374-LeaderElection79: begin an election at term 61 for 0: [98e78e11-cb4b-48d0-b763-897efd13c9ec:192.168.164.213:39232, 84568b57-9d99-42dc-882b-eae65806f704:192.168.164.213:37329, feaf5d54-1805-49ec-899f-945609733e38:192.168.164.213:39911], old=null
2019-10-24 15:48:10,960 [grpc-default-executor-6] INFO  impl.RaftServerImpl (RaftServerImpl.java:setRole(184)) - 98e78e11-cb4b-48d0-b763-897efd13c9ec@group-05AC48DA6374: changes role from  FOLLOWER to FOLLOWER at term 61 for recognizeCandidate:84568b57-9d99-42dc-882b-eae65806f704
2019-10-24 15:48:10,960 [grpc-default-executor-6] INFO  impl.RoleInfo (RoleInfo.java:shutdownFollowerState(121)) - 98e78e11-cb4b-48d0-b763-897efd13c9ec: shutdown FollowerState
2019-10-24 15:48:10,960 [grpc-default-executor-6] INFO  impl.RoleInfo (RoleInfo.java:updateAndGet(143)) - 98e78e11-cb4b-48d0-b763-897efd13c9ec: start FollowerState
2019-10-24 15:48:10,961 [Thread-1089] INFO  impl.FollowerState (FollowerState.java:run(117)) - 98e78e11-cb4b-48d0-b763-897efd13c9ec@group-05AC48DA6374-FollowerState was interrupted: java.lang.InterruptedException: sleep interrupted
2019-10-24 15:48:10,961 [grpc-default-executor-5] INFO  impl.RaftServerImpl (RaftServerImpl.java:setRole(184)) - feaf5d54-1805-49ec-899f-945609733e38@group-05AC48DA6374: changes role from  FOLLOWER to FOLLOWER at term 61 for recognizeCandidate:84568b57-9d99-42dc-882b-eae65806f704
2019-10-24 15:48:10,961 [grpc-default-executor-5] INFO  impl.RoleInfo (RoleInfo.java:shutdownFollowerState(121)) - feaf5d54-1805-49ec-899f-945609733e38: shutdown FollowerState
2019-10-24 15:48:10,961 [grpc-default-executor-5] INFO  impl.RoleInfo (RoleInfo.java:updateAndGet(143)) - feaf5d54-1805-49ec-899f-945609733e38: start FollowerState
2019-10-24 15:48:10,961 [Thread-1091] INFO  impl.FollowerState (FollowerState.java:run(117)) - feaf5d54-1805-49ec-899f-945609733e38@group-05AC48DA6374-FollowerState was interrupted: java.lang.InterruptedException: sleep interrupted
2019-10-24 15:48:10,976 [84568b57-9d99-42dc-882b-eae65806f704@group-05AC48DA6374-LeaderElection79] INFO  impl.LeaderElection (LeaderElection.java:logAndReturn(56)) - 84568b57-9d99-42dc-882b-eae65806f704@group-05AC48DA6374-LeaderElection79: Election REJECTED; received 2 response(s) [84568b57-9d99-42dc-882b-eae65806f704<-98e78e11-cb4b-48d0-b763-897efd13c9ec#0:FAIL-t61, 84568b57-9d99-42dc-882b-eae65806f704<-feaf5d54-1805-49ec-899f-945609733e38#0:FAIL-t61] and 0 exception(s); 84568b57-9d99-42dc-882b-eae65806f704@group-05AC48DA6374:t61, leader=null, voted=84568b57-9d99-42dc-882b-eae65806f704, raftlog=84568b57-9d99-42dc-882b-eae65806f704@group-05AC48DA6374-SegmentedRaftLog:OPENED:c3,f4,i4, conf=0: [98e78e11-cb4b-48d0-b763-897efd13c9ec:192.168.164.213:39232, 84568b57-9d99-42dc-882b-eae65806f704:192.168.164.213:37329, feaf5d54-1805-49ec-899f-945609733e38:192.168.164.213:39911], old=null
2019-10-24 15:48:10,976 [84568b57-9d99-42dc-882b-eae65806f704@group-05AC48DA6374-LeaderElection79] INFO  impl.RaftServerImpl (RaftServerImpl.java:setRole(184)) - 84568b57-9d99-42dc-882b-eae65806f704@group-05AC48DA6374: changes role from CANDIDATE to FOLLOWER at term 61 for DISCOVERED_A_NEW_TERM
2019-10-24 15:48:10,976 [84568b57-9d99-42dc-882b-eae65806f704@group-05AC48DA6374-LeaderElection79] INFO  impl.RoleInfo (RoleInfo.java:shutdownLeaderElection(134)) - 84568b57-9d99-42dc-882b-eae65806f704: shutdown LeaderElection
2019-10-24 15:48:10,976 [84568b57-9d99-42dc-882b-eae65806f704@group-05AC48DA6374-LeaderElection79] INFO  impl.RoleInfo (RoleInfo.java:updateAndGet(143)) - 84568b57-9d99-42dc-882b-eae65806f704: start FollowerState
2019-10-24 15:48:11,083 [Thread-1104] INFO  impl.FollowerState (FollowerState.java:run(108)) - feaf5d54-1805-49ec-899f-945609733e38@group-CE75851C0F4B-FollowerState: change to CANDIDATE, lastRpcTime:154ms, electionTimeout:154ms
2019-10-24 15:48:11,083 [Thread-1104] INFO  impl.RoleInfo (RoleInfo.java:shutdownFollowerState(121)) - feaf5d54-1805-49ec-899f-945609733e38: shutdown FollowerState
2019-10-24 15:48:11,083 [Thread-1104] INFO  impl.RaftServerImpl (RaftServerImpl.java:setRole(184)) - feaf5d54-1805-49ec-899f-945609733e38@group-CE75851C0F4B: changes role from  FOLLOWER to CANDIDATE at term 25 for changeToCandidate
2019-10-24 15:48:11,083 [Thread-1104] INFO  impl.RoleInfo (RoleInfo.java:updateAndGet(143)) - feaf5d54-1805-49ec-899f-945609733e38: start LeaderElection
2019-10-24 15:48:11,097 [feaf5d54-1805-49ec-899f-945609733e38@group-CE75851C0F4B-LeaderElection80] INFO  impl.LeaderElection (LeaderElection.java:askForVotes(178)) - feaf5d54-1805-49ec-899f-945609733e38@group-CE75851C0F4B-LeaderElection80: begin an election at term 26 for -1: [98e78e11-cb4b-48d0-b763-897efd13c9ec:192.168.164.213:39232, 84568b57-9d99-42dc-882b-eae65806f704:192.168.164.213:37329, feaf5d54-1805-49ec-899f-945609733e38:192.168.164.213:39911], old=null
2019-10-24 15:48:11,100 [grpc-default-executor-6] INFO  impl.RaftServerImpl (RaftServerImpl.java:setRole(184)) - 98e78e11-cb4b-48d0-b763-897efd13c9ec@group-CE75851C0F4B: changes role from  FOLLOWER to FOLLOWER at term 26 for recognizeCandidate:feaf5d54-1805-49ec-899f-945609733e38
2019-10-24 15:48:11,100 [grpc-default-executor-5] INFO  impl.RaftServerImpl (RaftServerImpl.java:setRole(184)) - 84568b57-9d99-42dc-882b-eae65806f704@group-CE75851C0F4B: changes role from  FOLLOWER to FOLLOWER at term 26 for recognizeCandidate:feaf5d54-1805-49ec-899f-945609733e38
2019-10-24 15:48:11,100 [grpc-default-executor-6] INFO  impl.RoleInfo (RoleInfo.java:shutdownFollowerState(121)) - 98e78e11-cb4b-48d0-b763-897efd13c9ec: shutdown FollowerState
2019-10-24 15:48:11,101 [grpc-default-executor-5] INFO  impl.RoleInfo (RoleInfo.java:shutdownFollowerState(121)) - 84568b57-9d99-42dc-882b-eae65806f704: shutdown FollowerState
2019-10-24 15:48:11,101 [Thread-1100] INFO  impl.FollowerState (FollowerState.java:run(117)) - 98e78e11-cb4b-48d0-b763-897efd13c9ec@group-CE75851C0F4B-FollowerState was interrupted: java.lang.InterruptedException: sleep interrupted
2019-10-24 15:48:11,101 [grpc-default-executor-6] INFO  impl.RoleInfo (RoleInfo.java:updateAndGet(143)) - 98e78e11-cb4b-48d0-b763-897efd13c9ec: start FollowerState
2019-10-24 15:48:11,101 [grpc-default-executor-5] INFO  impl.RoleInfo (RoleInfo.java:updateAndGet(143)) - 84568b57-9d99-42dc-882b-eae65806f704: start FollowerState
2019-10-24 15:48:11,101 [Thread-1101] INFO  impl.FollowerState (FollowerState.java:run(117)) - 84568b57-9d99-42dc-882b-eae65806f704@group-CE75851C0F4B-FollowerState was interrupted: java.lang.InterruptedException: sleep interrupted
2019-10-24 15:48:11,102 [Thread-1110] INFO  impl.FollowerState (FollowerState.java:run(108)) - 84568b57-9d99-42dc-882b-eae65806f704@group-05AC48DA6374-FollowerState: change to CANDIDATE, lastRpcTime:125ms, electionTimeout:125ms
2019-10-24 15:48:11,102 [Thread-1110] INFO  impl.RoleInfo (RoleInfo.java:shutdownFollowerState(121)) - 84568b57-9d99-42dc-882b-eae65806f704: shutdown FollowerState
2019-10-24 15:48:11,102 [Thread-1110] INFO  impl.RaftServerImpl (RaftServerImpl.java:setRole(184)) - 84568b57-9d99-42dc-882b-eae65806f704@group-05AC48DA6374: changes role from  FOLLOWER to CANDIDATE at term 61 for changeToCandidate
2019-10-24 15:48:11,102 [Thread-1110] INFO  impl.RoleInfo (RoleInfo.java:updateAndGet(143)) - 84568b57-9d99-42dc-882b-eae65806f704: start LeaderElection
2019-10-24 15:48:11,115 [84568b57-9d99-42dc-882b-eae65806f704@group-05AC48DA6374-LeaderElection81] INFO  impl.LeaderElection (LeaderElection.java:askForVotes(178)) - 84568b57-9d99-42dc-882b-eae65806f704@group-05AC48DA6374-LeaderElection81: begin an election at term 62 for 0: [98e78e11-cb4b-48d0-b763-897efd13c9ec:192.168.164.213:39232, 84568b57-9d99-42dc-882b-eae65806f704:192.168.164.213:37329, feaf5d54-1805-49ec-899f-945609733e38:192.168.164.213:39911], old=null
2019-10-24 15:48:11,117 [feaf5d54-1805-49ec-899f-945609733e38@group-CE75851C0F4B-LeaderElection80] INFO  impl.LeaderElection (LeaderElection.java:logAndReturn(56)) - feaf5d54-1805-49ec-899f-945609733e38@group-CE75851C0F4B-LeaderElection80: Election REJECTED; received 2 response(s) [feaf5d54-1805-49ec-899f-945609733e38<-98e78e11-cb4b-48d0-b763-897efd13c9ec#0:FAIL-t26, feaf5d54-1805-49ec-899f-945609733e38<-84568b57-9d99-42dc-882b-eae65806f704#0:FAIL-t26] and 0 exception(s); feaf5d54-1805-49ec-899f-945609733e38@group-CE75851C0F4B:t26, leader=null, voted=feaf5d54-1805-49ec-899f-945609733e38, raftlog=feaf5d54-1805-49ec-899f-945609733e38@group-CE75851C0F4B-SegmentedRaftLog:OPENED:c-1,f-1,i0, conf=-1: [98e78e11-cb4b-48d0-b763-897efd13c9ec:192.168.164.213:39232, 84568b57-9d99-42dc-882b-eae65806f704:192.168.164.213:37329, feaf5d54-1805-49ec-899f-945609733e38:192.168.164.213:39911], old=null
2019-10-24 15:48:11,117 [feaf5d54-1805-49ec-899f-945609733e38@group-CE75851C0F4B-LeaderElection80] INFO  impl.RaftServerImpl (RaftServerImpl.java:setRole(184)) - feaf5d54-1805-49ec-899f-945609733e38@group-CE75851C0F4B: changes role from CANDIDATE to FOLLOWER at term 26 for DISCOVERED_A_NEW_TERM
2019-10-24 15:48:11,117 [feaf5d54-1805-49ec-899f-945609733e38@group-CE75851C0F4B-LeaderElection80] INFO  impl.RoleInfo (RoleInfo.java:shutdownLeaderElection(134)) - feaf5d54-1805-49ec-899f-945609733e38: shutdown LeaderElection
2019-10-24 15:48:11,118 [feaf5d54-1805-49ec-899f-945609733e38@group-CE75851C0F4B-LeaderElection80] INFO  impl.RoleInfo (RoleInfo.java:updateAndGet(143)) - feaf5d54-1805-49ec-899f-945609733e38: start FollowerState
2019-10-24 15:48:11,118 [grpc-default-executor-6] INFO  impl.RaftServerImpl (RaftServerImpl.java:setRole(184)) - feaf5d54-1805-49ec-899f-945609733e38@group-05AC48DA6374: changes role from  FOLLOWER to FOLLOWER at term 62 for recognizeCandidate:84568b57-9d99-42dc-882b-eae65806f704
2019-10-24 15:48:11,119 [grpc-default-executor-5] INFO  impl.RaftServerImpl (RaftServerImpl.java:setRole(184)) - 98e78e11-cb4b-48d0-b763-897efd13c9ec@group-05AC48DA6374: changes role from  FOLLOWER to FOLLOWER at term 62 for recognizeCandidate:84568b57-9d99-42dc-882b-eae65806f704
2019-10-24 15:48:11,119 [grpc-default-executor-6] INFO  impl.RoleInfo (RoleInfo.java:shutdownFollowerState(121)) - feaf5d54-1805-49ec-899f-945609733e38: shutdown FollowerState
2019-10-24 15:48:11,119 [grpc-default-executor-5] INFO  impl.RoleInfo (RoleInfo.java:shutdownFollowerState(121)) - 98e78e11-cb4b-48d0-b763-897efd13c9ec: shutdown FollowerState
2019-10-24 15:48:11,119 [Thread-1109] INFO  impl.FollowerState (FollowerState.java:run(117)) - feaf5d54-1805-49ec-899f-945609733e38@group-05AC48DA6374-FollowerState was interrupted: java.lang.InterruptedException: sleep interrupted
2019-10-24 15:48:11,119 [Thread-1108] INFO  impl.FollowerState (FollowerState.java:run(117)) - 98e78e11-cb4b-48d0-b763-897efd13c9ec@group-05AC48DA6374-FollowerState was interrupted: java.lang.InterruptedException: sleep interrupted
2019-10-24 15:48:11,119 [grpc-default-executor-6] INFO  impl.RoleInfo (RoleInfo.java:updateAndGet(143)) - feaf5d54-1805-49ec-899f-945609733e38: start FollowerState
2019-10-24 15:48:11,119 [grpc-default-executor-5] INFO  impl.RoleInfo (RoleInfo.java:updateAndGet(143)) - 98e78e11-cb4b-48d0-b763-897efd13c9ec: start FollowerState
2019-10-24 15:48:11,135 [84568b57-9d99-42dc-882b-eae65806f704@group-05AC48DA6374-LeaderElection81] INFO  impl.LeaderElection (LeaderElection.java:logAndReturn(56)) - 84568b57-9d99-42dc-882b-eae65806f704@group-05AC48DA6374-LeaderElection81: Election REJECTED; received 2 response(s) [84568b57-9d99-42dc-882b-eae65806f704<-98e78e11-cb4b-48d0-b763-897efd13c9ec#0:FAIL-t62, 84568b57-9d99-42dc-882b-eae65806f704<-feaf5d54-1805-49ec-899f-945609733e38#0:FAIL-t62] and 0 exception(s); 84568b57-9d99-42dc-882b-eae65806f704@group-05AC48DA6374:t62, leader=null, voted=84568b57-9d99-42dc-882b-eae65806f704, raftlog=84568b57-9d99-42dc-882b-eae65806f704@group-05AC48DA6374-SegmentedRaftLog:OPENED:c3,f4,i4, conf=0: [98e78e11-cb4b-48d0-b763-897efd13c9ec:192.168.164.213:39232, 84568b57-9d99-42dc-882b-eae65806f704:192.168.164.213:37329, feaf5d54-1805-49ec-899f-945609733e38:192.168.164.213:39911], old=null
2019-10-24 15:48:11,136 [84568b57-9d99-42dc-882b-eae65806f704@group-05AC48DA6374-LeaderElection81] INFO  impl.RaftServerImpl (RaftServerImpl.java:setRole(184)) - 84568b57-9d99-42dc-882b-eae65806f704@group-05AC48DA6374: changes role from CANDIDATE to FOLLOWER at term 62 for DISCOVERED_A_NEW_TERM
2019-10-24 15:48:11,136 [84568b57-9d99-42dc-882b-eae65806f704@group-05AC48DA6374-LeaderElection81] INFO  impl.RoleInfo (RoleInfo.java:shutdownLeaderElection(134)) - 84568b57-9d99-42dc-882b-eae65806f704: shutdown LeaderElection
2019-10-24 15:48:11,136 [84568b57-9d99-42dc-882b-eae65806f704@group-05AC48DA6374-LeaderElection81] INFO  impl.RoleInfo (RoleInfo.java:updateAndGet(143)) - 84568b57-9d99-42dc-882b-eae65806f704: start FollowerState
2019-10-24 15:48:11,238 [Thread-1119] INFO  impl.FollowerState (FollowerState.java:run(108)) - feaf5d54-1805-49ec-899f-945609733e38@group-CE75851C0F4B-FollowerState: change to CANDIDATE, lastRpcTime:120ms, electionTimeout:120ms
2019-10-24 15:48:11,239 [Thread-1119] INFO  impl.RoleInfo (RoleInfo.java:shutdownFollowerState(121)) - feaf5d54-1805-49ec-899f-945609733e38: shutdown FollowerState
2019-10-24 15:48:11,239 [Thread-1119] INFO  impl.RaftServerImpl (RaftServerImpl.java:setRole(184)) - feaf5d54-1805-49ec-899f-945609733e38@group-CE75851C0F4B: changes role from  FOLLOWER to CANDIDATE at term 26 for changeToCandidate
2019-10-24 15:48:11,239 [Thread-1119] INFO  impl.RoleInfo (RoleInfo.java:updateAndGet(143)) - feaf5d54-1805-49ec-899f-945609733e38: start LeaderElection
2019-10-24 15:48:11,242 [Thread-1122] INFO  impl.FollowerState (FollowerState.java:run(108)) - 84568b57-9d99-42dc-882b-eae65806f704@group-05AC48DA6374-FollowerState: change to CANDIDATE, lastRpcTime:106ms, electionTimeout:106ms
2019-10-24 15:48:11,242 [Thread-1122] INFO  impl.RoleInfo (RoleInfo.java:shutdownFollowerState(121)) - 84568b57-9d99-42dc-882b-eae65806f704: shutdown FollowerState
2019-10-24 15:48:11,242 [Thread-1122] INFO  impl.RaftServerImpl (RaftServerImpl.java:setRole(184)) - 84568b57-9d99-42dc-882b-eae65806f704@group-05AC48DA6374: changes role from  FOLLOWER to CANDIDATE at term 62 for changeToCandidate
2019-10-24 15:48:11,243 [Thread-1122] INFO  impl.RoleInfo (RoleInfo.java:updateAndGet(143)) - 84568b57-9d99-42dc-882b-eae65806f704: start LeaderElection
2019-10-24 15:48:11,259 [feaf5d54-1805-49ec-899f-945609733e38@group-CE75851C0F4B-LeaderElection82] INFO  impl.LeaderElection (LeaderElection.java:askForVotes(178)) - feaf5d54-1805-49ec-899f-945609733e38@group-CE75851C0F4B-LeaderElection82: begin an election at term 27 for -1: [98e78e11-cb4b-48d0-b763-897efd13c9ec:192.168.164.213:39232, 84568b57-9d99-42dc-882b-eae65806f704:192.168.164.213:37329, feaf5d54-1805-49ec-899f-945609733e38:192.168.164.213:39911], old=null
2019-10-24 15:48:11,259 [84568b57-9d99-42dc-882b-eae65806f704@group-05AC48DA6374-LeaderElection83] INFO  impl.LeaderElection (LeaderElection.java:askForVotes(178)) - 84568b57-9d99-42dc-882b-eae65806f704@group-05AC48DA6374-LeaderElection83: begin an election at term 63 for 0: [98e78e11-cb4b-48d0-b763-897efd13c9ec:192.168.164.213:39232, 84568b57-9d99-42dc-882b-eae65806f704:192.168.164.213:37329, feaf5d54-1805-49ec-899f-945609733e38:192.168.164.213:39911], old=null
2019-10-24 15:48:11,262 [grpc-default-executor-5] INFO  impl.RaftServerImpl (RaftServerImpl.java:setRole(184)) - feaf5d54-1805-49ec-899f-945609733e38@group-05AC48DA6374: changes role from  FOLLOWER to FOLLOWER at term 63 for recognizeCandidate:84568b57-9d99-42dc-882b-eae65806f704
2019-10-24 15:48:11,262 [grpc-default-executor-5] INFO  impl.RoleInfo (RoleInfo.java:shutdownFollowerState(121)) - feaf5d54-1805-49ec-899f-945609733e38: shutdown FollowerState
2019-10-24 15:48:11,262 [grpc-default-executor-2] INFO  impl.RaftServerImpl (RaftServerImpl.java:setRole(184)) - 98e78e11-cb4b-48d0-b763-897efd13c9ec@group-CE75851C0F4B: changes role from  FOLLOWER to FOLLOWER at term 27 for recognizeCandidate:feaf5d54-1805-49ec-899f-945609733e38
2019-10-24 15:48:11,262 [grpc-default-executor-6] INFO  impl.RaftServerImpl (RaftServerImpl.java:setRole(184)) - 98e78e11-cb4b-48d0-b763-897efd13c9ec@group-05AC48DA6374: changes role from  FOLLOWER to FOLLOWER at term 63 for recognizeCandidate:84568b57-9d99-42dc-882b-eae65806f704
2019-10-24 15:48:11,262 [grpc-default-executor-2] INFO  impl.RoleInfo (RoleInfo.java:shutdownFollowerState(121)) - 98e78e11-cb4b-48d0-b763-897efd13c9ec: shutdown FollowerState
2019-10-24 15:48:11,262 [Thread-1120] INFO  impl.FollowerState (FollowerState.java:run(117)) - feaf5d54-1805-49ec-899f-945609733e38@group-05AC48DA6374-FollowerState was interrupted: java.lang.InterruptedException: sleep interrupted
2019-10-24 15:48:11,262 [grpc-default-executor-0] INFO  impl.RaftServerImpl (RaftServerImpl.java:setRole(184)) - 84568b57-9d99-42dc-882b-eae65806f704@group-CE75851C0F4B: changes role from  FOLLOWER to FOLLOWER at term 27 for recognizeCandidate:feaf5d54-1805-49ec-899f-945609733e38
2019-10-24 15:48:11,262 [grpc-default-executor-5] INFO  impl.RoleInfo (RoleInfo.java:updateAndGet(143)) - feaf5d54-1805-49ec-899f-945609733e38: start FollowerState
2019-10-24 15:48:11,263 [grpc-default-executor-0] INFO  impl.RoleInfo (RoleInfo.java:shutdownFollowerState(121)) - 84568b57-9d99-42dc-882b-eae65806f704: shutdown FollowerState
2019-10-24 15:48:11,263 [Thread-1114] INFO  impl.FollowerState (FollowerState.java:run(117)) - 98e78e11-cb4b-48d0-b763-897efd13c9ec@group-CE75851C0F4B-FollowerState was interrupted: java.lang.InterruptedException: sleep interrupted
2019-10-24 15:48:11,263 [grpc-default-executor-2] INFO  impl.RoleInfo (RoleInfo.java:updateAndGet(143)) - 98e78e11-cb4b-48d0-b763-897efd13c9ec: start FollowerState
2019-10-24 15:48:11,263 [grpc-default-executor-6] INFO  impl.RoleInfo (RoleInfo.java:shutdownFollowerState(121)) - 98e78e11-cb4b-48d0-b763-897efd13c9ec: shutdown FollowerState
2019-10-24 15:48:11,263 [grpc-default-executor-0] INFO  impl.RoleInfo (RoleInfo.java:updateAndGet(143)) - 84568b57-9d99-42dc-882b-eae65806f704: start FollowerState
2019-10-24 15:48:11,263 [Thread-1115] INFO  impl.FollowerState (FollowerState.java:run(117)) - 84568b57-9d99-42dc-882b-eae65806f704@group-CE75851C0F4B-FollowerState was interrupted: java.lang.InterruptedException: sleep interrupted
2019-10-24 15:48:11,264 [Thread-1121] INFO  impl.FollowerState (FollowerState.java:run(117)) - 98e78e11-cb4b-48d0-b763-897efd13c9ec@group-05AC48DA6374-FollowerState was interrupted: java.lang.InterruptedException: sleep interrupted
2019-10-24 15:48:11,264 [grpc-default-executor-6] INFO  impl.RoleInfo (RoleInfo.java:updateAndGet(143)) - 98e78e11-cb4b-48d0-b763-897efd13c9ec: start FollowerState
2019-10-24 15:48:11,278 [84568b57-9d99-42dc-882b-eae65806f704@group-05AC48DA6374-LeaderElection83] INFO  impl.LeaderElection (LeaderElection.java:logAndReturn(56)) - 84568b57-9d99-42dc-882b-eae65806f704@group-05AC48DA6374-LeaderElection83: Election REJECTED; received 2 response(s) [84568b57-9d99-42dc-882b-eae65806f704<-98e78e11-cb4b-48d0-b763-897efd13c9ec#0:FAIL-t63, 84568b57-9d99-42dc-882b-eae65806f704<-feaf5d54-1805-49ec-899f-945609733e38#0:FAIL-t63] and 0 exception(s); 84568b57-9d99-42dc-882b-eae65806f704@group-05AC48DA6374:t63, leader=null, voted=84568b57-9d99-42dc-882b-eae65806f704, raftlog=84568b57-9d99-42dc-882b-eae65806f704@group-05AC48DA6374-SegmentedRaftLog:OPENED:c3,f4,i4, conf=0: [98e78e11-cb4b-48d0-b763-897efd13c9ec:192.168.164.213:39232, 84568b57-9d99-42dc-882b-eae65806f704:192.168.164.213:37329, feaf5d54-1805-49ec-899f-945609733e38:192.168.164.213:39911], old=null
2019-10-24 15:48:11,279 [84568b57-9d99-42dc-882b-eae65806f704@group-05AC48DA6374-LeaderElection83] INFO  impl.RaftServerImpl (RaftServerImpl.java:setRole(184)) - 84568b57-9d99-42dc-882b-eae65806f704@group-05AC48DA6374: changes role from CANDIDATE to FOLLOWER at term 63 for DISCOVERED_A_NEW_TERM
2019-10-24 15:48:11,279 [feaf5d54-1805-49ec-899f-945609733e38@group-CE75851C0F4B-LeaderElection82] INFO  impl.LeaderElection (LeaderElection.java:logAndReturn(56)) - feaf5d54-1805-49ec-899f-945609733e38@group-CE75851C0F4B-LeaderElection82: Election REJECTED; received 2 response(s) [feaf5d54-1805-49ec-899f-945609733e38<-98e78e11-cb4b-48d0-b763-897efd13c9ec#0:FAIL-t27, feaf5d54-1805-49ec-899f-945609733e38<-84568b57-9d99-42dc-882b-eae65806f704#0:FAIL-t27] and 0 exception(s); feaf5d54-1805-49ec-899f-945609733e38@group-CE75851C0F4B:t27, leader=null, voted=feaf5d54-1805-49ec-899f-945609733e38, raftlog=feaf5d54-1805-49ec-899f-945609733e38@group-CE75851C0F4B-SegmentedRaftLog:OPENED:c-1,f-1,i0, conf=-1: [98e78e11-cb4b-48d0-b763-897efd13c9ec:192.168.164.213:39232, 84568b57-9d99-42dc-882b-eae65806f704:192.168.164.213:37329, feaf5d54-1805-49ec-899f-945609733e38:192.168.164.213:39911], old=null
2019-10-24 15:48:11,279 [84568b57-9d99-42dc-882b-eae65806f704@group-05AC48DA6374-LeaderElection83] INFO  impl.RoleInfo (RoleInfo.java:shutdownLeaderElection(134)) - 84568b57-9d99-42dc-882b-eae65806f704: shutdown LeaderElection
2019-10-24 15:48:11,279 [feaf5d54-1805-49ec-899f-945609733e38@group-CE75851C0F4B-LeaderElection82] INFO  impl.RaftServerImpl (RaftServerImpl.java:setRole(184)) - feaf5d54-1805-49ec-899f-945609733e38@group-CE75851C0F4B: changes role from CANDIDATE to FOLLOWER at term 27 for DISCOVERED_A_NEW_TERM
2019-10-24 15:48:11,279 [84568b57-9d99-42dc-882b-eae65806f704@group-05AC48DA6374-LeaderElection83] INFO  impl.RoleInfo (RoleInfo.java:updateAndGet(143)) - 84568b57-9d99-42dc-882b-eae65806f704: start FollowerState
2019-10-24 15:48:11,279 [feaf5d54-1805-49ec-899f-945609733e38@group-CE75851C0F4B-LeaderElection82] INFO  impl.RoleInfo (RoleInfo.java:shutdownLeaderElection(134)) - feaf5d54-1805-49ec-899f-945609733e38: shutdown LeaderElection
2019-10-24 15:48:11,279 [feaf5d54-1805-49ec-899f-945609733e38@group-CE75851C0F4B-LeaderElection82] INFO  impl.RoleInfo (RoleInfo.java:updateAndGet(143)) - feaf5d54-1805-49ec-899f-945609733e38: start FollowerState
2019-10-24 15:48:11,350 [Thread-1133] INFO  impl.FollowerState (FollowerState.java:run(108)) - 84568b57-9d99-42dc-882b-eae65806f704@group-05AC48DA6374-FollowerState: change to CANDIDATE, lastRpcTime:70ms, electionTimeout:70ms
2019-10-24 15:48:11,350 [Thread-1133] INFO  impl.RoleInfo (RoleInfo.java:shutdownFollowerState(121)) - 84568b57-9d99-42dc-882b-eae65806f704: shutdown FollowerState
2019-10-24 15:48:11,350 [Thread-1133] INFO  impl.RaftServerImpl (RaftServerImpl.java:setRole(184)) - 84568b57-9d99-42dc-882b-eae65806f704@group-05AC48DA6374: changes role from  FOLLOWER to CANDIDATE at term 63 for changeToCandidate
2019-10-24 15:48:11,350 [Thread-1133] INFO  impl.RoleInfo (RoleInfo.java:updateAndGet(143)) - 84568b57-9d99-42dc-882b-eae65806f704: start LeaderElection
2019-10-24 15:48:11,376 [84568b57-9d99-42dc-882b-eae65806f704@group-05AC48DA6374-LeaderElection84] INFO  impl.LeaderElection (LeaderElection.java:askForVotes(178)) - 84568b57-9d99-42dc-882b-eae65806f704@group-05AC48DA6374-LeaderElection84: begin an election at term 64 for 0: [98e78e11-cb4b-48d0-b763-897efd13c9ec:192.168.164.213:39232, 84568b57-9d99-42dc-882b-eae65806f704:192.168.164.213:37329, feaf5d54-1805-49ec-899f-945609733e38:192.168.164.213:39911], old=null
2019-10-24 15:48:11,380 [grpc-default-executor-2] INFO  impl.RaftServerImpl (RaftServerImpl.java:setRole(184)) - feaf5d54-1805-49ec-899f-945609733e38@group-05AC48DA6374: changes role from  FOLLOWER to FOLLOWER at term 64 for recognizeCandidate:84568b57-9d99-42dc-882b-eae65806f704
2019-10-24 15:48:11,380 [grpc-default-executor-6] INFO  impl.RaftServerImpl (RaftServerImpl.java:setRole(184)) - 98e78e11-cb4b-48d0-b763-897efd13c9ec@group-05AC48DA6374: changes role from  FOLLOWER to FOLLOWER at term 64 for recognizeCandidate:84568b57-9d99-42dc-882b-eae65806f704
2019-10-24 15:48:11,380 [grpc-default-executor-6] INFO  impl.RoleInfo (RoleInfo.java:shutdownFollowerState(121)) - 98e78e11-cb4b-48d0-b763-897efd13c9ec: shutdown FollowerState
2019-10-24 15:48:11,380 [grpc-default-executor-2] INFO  impl.RoleInfo (RoleInfo.java:shutdownFollowerState(121)) - feaf5d54-1805-49ec-899f-945609733e38: shutdown FollowerState
2019-10-24 15:48:11,381 [Thread-1132] INFO  impl.FollowerState (FollowerState.java:run(117)) - 98e78e11-cb4b-48d0-b763-897efd13c9ec@group-05AC48DA6374-FollowerState was interrupted: java.lang.InterruptedException: sleep interrupted
2019-10-24 15:48:11,381 [Thread-1129] INFO  impl.FollowerState (FollowerState.java:run(117)) - feaf5d54-1805-49ec-899f-945609733e38@group-05AC48DA6374-FollowerState was interrupted: java.lang.InterruptedException: sleep interrupted
2019-10-24 15:48:11,380 [grpc-default-executor-6] INFO  impl.RoleInfo (RoleInfo.java:updateAndGet(143)) - 98e78e11-cb4b-48d0-b763-897efd13c9ec: start FollowerState
2019-10-24 15:48:11,381 [grpc-default-executor-2] INFO  impl.RoleInfo (RoleInfo.java:updateAndGet(143)) - feaf5d54-1805-49ec-899f-945609733e38: start FollowerState
2019-10-24 15:48:11,396 [84568b57-9d99-42dc-882b-eae65806f704@group-05AC48DA6374-LeaderElection84] INFO  impl.LeaderElection (LeaderElection.java:logAndReturn(56)) - 84568b57-9d99-42dc-882b-eae65806f704@group-05AC48DA6374-LeaderElection84: Election REJECTED; received 2 response(s) [84568b57-9d99-42dc-882b-eae65806f704<-98e78e11-cb4b-48d0-b763-897efd13c9ec#0:FAIL-t64, 84568b57-9d99-42dc-882b-eae65806f704<-feaf5d54-1805-49ec-899f-945609733e38#0:FAIL-t64] and 0 exception(s); 84568b57-9d99-42dc-882b-eae65806f704@group-05AC48DA6374:t64, leader=null, voted=84568b57-9d99-42dc-882b-eae65806f704, raftlog=84568b57-9d99-42dc-882b-eae65806f704@group-05AC48DA6374-SegmentedRaftLog:OPENED:c3,f4,i4, conf=0: [98e78e11-cb4b-48d0-b763-897efd13c9ec:192.168.164.213:39232, 84568b57-9d99-42dc-882b-eae65806f704:192.168.164.213:37329, feaf5d54-1805-49ec-899f-945609733e38:192.168.164.213:39911], old=null
2019-10-24 15:48:11,396 [84568b57-9d99-42dc-882b-eae65806f704@group-05AC48DA6374-LeaderElection84] INFO  impl.RaftServerImpl (RaftServerImpl.java:setRole(184)) - 84568b57-9d99-42dc-882b-eae65806f704@group-05AC48DA6374: changes role from CANDIDATE to FOLLOWER at term 64 for DISCOVERED_A_NEW_TERM
2019-10-24 15:48:11,396 [84568b57-9d99-42dc-882b-eae65806f704@group-05AC48DA6374-LeaderElection84] INFO  impl.RoleInfo (RoleInfo.java:shutdownLeaderElection(134)) - 84568b57-9d99-42dc-882b-eae65806f704: shutdown LeaderElection
2019-10-24 15:48:11,396 [84568b57-9d99-42dc-882b-eae65806f704@group-05AC48DA6374-LeaderElection84] INFO  impl.RoleInfo (RoleInfo.java:updateAndGet(143)) - 84568b57-9d99-42dc-882b-eae65806f704: start FollowerState
2019-10-24 15:48:11,417 [Thread-1134] INFO  impl.FollowerState (FollowerState.java:run(108)) - feaf5d54-1805-49ec-899f-945609733e38@group-CE75851C0F4B-FollowerState: change to CANDIDATE, lastRpcTime:137ms, electionTimeout:137ms
2019-10-24 15:48:11,417 [Thread-1134] INFO  impl.RoleInfo (RoleInfo.java:shutdownFollowerState(121)) - feaf5d54-1805-49ec-899f-945609733e38: shutdown FollowerState
2019-10-24 15:48:11,417 [Thread-1134] INFO  impl.RaftServerImpl (RaftServerImpl.java:setRole(184)) - feaf5d54-1805-49ec-899f-945609733e38@group-CE75851C0F4B: changes role from  FOLLOWER to CANDIDATE at term 27 for changeToCandidate
2019-10-24 15:48:11,417 [Thread-1134] INFO  impl.RoleInfo (RoleInfo.java:updateAndGet(143)) - feaf5d54-1805-49ec-899f-945609733e38: start LeaderElection
2019-10-24 15:48:11,431 [feaf5d54-1805-49ec-899f-945609733e38@group-CE75851C0F4B-LeaderElection85] INFO  impl.LeaderElection (LeaderElection.java:askForVotes(178)) - feaf5d54-1805-49ec-899f-945609733e38@group-CE75851C0F4B-LeaderElection85: begin an election at term 28 for -1: [98e78e11-cb4b-48d0-b763-897efd13c9ec:192.168.164.213:39232, 84568b57-9d99-42dc-882b-eae65806f704:192.168.164.213:37329, feaf5d54-1805-49ec-899f-945609733e38:192.168.164.213:39911], old=null
2019-10-24 15:48:11,434 [grpc-default-executor-2] INFO  impl.RaftServerImpl (RaftServerImpl.java:setRole(184)) - 98e78e11-cb4b-48d0-b763-897efd13c9ec@group-CE75851C0F4B: changes role from  FOLLOWER to FOLLOWER at term 28 for recognizeCandidate:feaf5d54-1805-49ec-899f-945609733e38
2019-10-24 15:48:11,434 [grpc-default-executor-6] INFO  impl.RaftServerImpl (RaftServerImpl.java:setRole(184)) - 84568b57-9d99-42dc-882b-eae65806f704@group-CE75851C0F4B: changes role from  FOLLOWER to FOLLOWER at term 28 for recognizeCandidate:feaf5d54-1805-49ec-899f-945609733e38
2019-10-24 15:48:11,434 [grpc-default-executor-2] INFO  impl.RoleInfo (RoleInfo.java:shutdownFollowerState(121)) - 98e78e11-cb4b-48d0-b763-897efd13c9ec: shutdown FollowerState
2019-10-24 15:48:11,434 [grpc-default-executor-6] INFO  impl.RoleInfo (RoleInfo.java:shutdownFollowerState(121)) - 84568b57-9d99-42dc-882b-eae65806f704: shutdown FollowerState
2019-10-24 15:48:11,434 [Thread-1130] INFO  impl.FollowerState (FollowerState.java:run(117)) - 98e78e11-cb4b-48d0-b763-897efd13c9ec@group-CE75851C0F4B-FollowerState was interrupted: java.lang.InterruptedException: sleep interrupted
2019-10-24 15:48:11,434 [grpc-default-executor-2] INFO  impl.RoleInfo (RoleInfo.java:updateAndGet(143)) - 98e78e11-cb4b-48d0-b763-897efd13c9ec: start FollowerState
2019-10-24 15:48:11,435 [Thread-1131] INFO  impl.FollowerState (FollowerState.java:run(117)) - 84568b57-9d99-42dc-882b-eae65806f704@group-CE75851C0F4B-FollowerState was interrupted: java.lang.InterruptedException: sleep interrupted
2019-10-24 15:48:11,434 [grpc-default-executor-6] INFO  impl.RoleInfo (RoleInfo.java:updateAndGet(143)) - 84568b57-9d99-42dc-882b-eae65806f704: start FollowerState
2019-10-24 15:48:11,449 [feaf5d54-1805-49ec-899f-945609733e38@group-CE75851C0F4B-LeaderElection85] INFO  impl.LeaderElection (LeaderElection.java:logAndReturn(56)) - feaf5d54-1805-49ec-899f-945609733e38@group-CE75851C0F4B-LeaderElection85: Election REJECTED; received 2 response(s) [feaf5d54-1805-49ec-899f-945609733e38<-98e78e11-cb4b-48d0-b763-897efd13c9ec#0:FAIL-t28, feaf5d54-1805-49ec-899f-945609733e38<-84568b57-9d99-42dc-882b-eae65806f704#0:FAIL-t28] and 0 exception(s); feaf5d54-1805-49ec-899f-945609733e38@group-CE75851C0F4B:t28, leader=null, voted=feaf5d54-1805-49ec-899f-945609733e38, raftlog=feaf5d54-1805-49ec-899f-945609733e38@group-CE75851C0F4B-SegmentedRaftLog:OPENED:c-1,f-1,i0, conf=-1: [98e78e11-cb4b-48d0-b763-897efd13c9ec:192.168.164.213:39232, 84568b57-9d99-42dc-882b-eae65806f704:192.168.164.213:37329, feaf5d54-1805-49ec-899f-945609733e38:192.168.164.213:39911], old=null
2019-10-24 15:48:11,450 [feaf5d54-1805-49ec-899f-945609733e38@group-CE75851C0F4B-LeaderElection85] INFO  impl.RaftServerImpl (RaftServerImpl.java:setRole(184)) - feaf5d54-1805-49ec-899f-945609733e38@group-CE75851C0F4B: changes role from CANDIDATE to FOLLOWER at term 28 for DISCOVERED_A_NEW_TERM
2019-10-24 15:48:11,450 [feaf5d54-1805-49ec-899f-945609733e38@group-CE75851C0F4B-LeaderElection85] INFO  impl.RoleInfo (RoleInfo.java:shutdownLeaderElection(134)) - feaf5d54-1805-49ec-899f-945609733e38: shutdown LeaderElection
2019-10-24 15:48:11,450 [feaf5d54-1805-49ec-899f-945609733e38@group-CE75851C0F4B-LeaderElection85] INFO  impl.RoleInfo (RoleInfo.java:updateAndGet(143)) - feaf5d54-1805-49ec-899f-945609733e38: start FollowerState
2019-10-24 15:48:11,468 [Thread-1140] INFO  impl.FollowerState (FollowerState.java:run(108)) - 84568b57-9d99-42dc-882b-eae65806f704@group-05AC48DA6374-FollowerState: change to CANDIDATE, lastRpcTime:71ms, electionTimeout:71ms
2019-10-24 15:48:11,468 [Thread-1140] INFO  impl.RoleInfo (RoleInfo.java:shutdownFollowerState(121)) - 84568b57-9d99-42dc-882b-eae65806f704: shutdown FollowerState
2019-10-24 15:48:11,468 [Thread-1140] INFO  impl.RaftServerImpl (RaftServerImpl.java:setRole(184)) - 84568b57-9d99-42dc-882b-eae65806f704@group-05AC48DA6374: changes role from  FOLLOWER to CANDIDATE at term 64 for changeToCandidate
2019-10-24 15:48:11,468 [Thread-1140] INFO  impl.RoleInfo (RoleInfo.java:updateAndGet(143)) - 84568b57-9d99-42dc-882b-eae65806f704: start LeaderElection
2019-10-24 15:48:11,482 [84568b57-9d99-42dc-882b-eae65806f704@group-05AC48DA6374-LeaderElection86] INFO  impl.LeaderElection (LeaderElection.java:askForVotes(178)) - 84568b57-9d99-42dc-882b-eae65806f704@group-05AC48DA6374-LeaderElection86: begin an election at term 65 for 0: [98e78e11-cb4b-48d0-b763-897efd13c9ec:192.168.164.213:39232, 84568b57-9d99-42dc-882b-eae65806f704:192.168.164.213:37329, feaf5d54-1805-49ec-899f-945609733e38:192.168.164.213:39911], old=null
2019-10-24 15:48:11,484 [grpc-default-executor-6] INFO  impl.RaftServerImpl (RaftServerImpl.java:setRole(184)) - 98e78e11-cb4b-48d0-b763-897efd13c9ec@group-05AC48DA6374: changes role from  FOLLOWER to FOLLOWER at term 65 for recognizeCandidate:84568b57-9d99-42dc-882b-eae65806f704
2019-10-24 15:48:11,484 [grpc-default-executor-2] INFO  impl.RaftServerImpl (RaftServerImpl.java:setRole(184)) - feaf5d54-1805-49ec-899f-945609733e38@group-05AC48DA6374: changes role from  FOLLOWER to FOLLOWER at term 65 for recognizeCandidate:84568b57-9d99-42dc-882b-eae65806f704
2019-10-24 15:48:11,485 [grpc-default-executor-2] INFO  impl.RoleInfo (RoleInfo.java:shutdownFollowerState(121)) - feaf5d54-1805-49ec-899f-945609733e38: shutdown FollowerState
2019-10-24 15:48:11,485 [grpc-default-executor-6] INFO  impl.RoleInfo (RoleInfo.java:shutdownFollowerState(121)) - 98e78e11-cb4b-48d0-b763-897efd13c9ec: shutdown FollowerState
2019-10-24 15:48:11,485 [Thread-1139] INFO  impl.FollowerState (FollowerState.java:run(117)) - feaf5d54-1805-49ec-899f-945609733e38@group-05AC48DA6374-FollowerState was interrupted: java.lang.InterruptedException: sleep interrupted
2019-10-24 15:48:11,485 [grpc-default-executor-2] INFO  impl.RoleInfo (RoleInfo.java:updateAndGet(143)) - feaf5d54-1805-49ec-899f-945609733e38: start FollowerState
2019-10-24 15:48:11,485 [Thread-1138] INFO  impl.FollowerState (FollowerState.java:run(117)) - 98e78e11-cb4b-48d0-b763-897efd13c9ec@group-05AC48DA6374-FollowerState was interrupted: java.lang.InterruptedException: sleep interrupted
2019-10-24 15:48:11,485 [grpc-default-executor-6] INFO  impl.RoleInfo (RoleInfo.java:updateAndGet(143)) - 98e78e11-cb4b-48d0-b763-897efd13c9ec: start FollowerState
2019-10-24 15:48:11,500 [84568b57-9d99-42dc-882b-eae65806f704@group-05AC48DA6374-LeaderElection86] INFO  impl.LeaderElection (LeaderElection.java:logAndReturn(56)) - 84568b57-9d99-42dc-882b-eae65806f704@group-05AC48DA6374-LeaderElection86: Election REJECTED; received 2 response(s) [84568b57-9d99-42dc-882b-eae65806f704<-98e78e11-cb4b-48d0-b763-897efd13c9ec#0:FAIL-t65, 84568b57-9d99-42dc-882b-eae65806f704<-feaf5d54-1805-49ec-899f-945609733e38#0:FAIL-t65] and 0 exception(s); 84568b57-9d99-42dc-882b-eae65806f704@group-05AC48DA6374:t65, leader=null, voted=84568b57-9d99-42dc-882b-eae65806f704, raftlog=84568b57-9d99-42dc-882b-eae65806f704@group-05AC48DA6374-SegmentedRaftLog:OPENED:c3,f4,i4, conf=0: [98e78e11-cb4b-48d0-b763-897efd13c9ec:192.168.164.213:39232, 84568b57-9d99-42dc-882b-eae65806f704:192.168.164.213:37329, feaf5d54-1805-49ec-899f-945609733e38:192.168.164.213:39911], old=null
2019-10-24 15:48:11,500 [84568b57-9d99-42dc-882b-eae65806f704@group-05AC48DA6374-LeaderElection86] INFO  impl.RaftServerImpl (RaftServerImpl.java:setRole(184)) - 84568b57-9d99-42dc-882b-eae65806f704@group-05AC48DA6374: changes role from CANDIDATE to FOLLOWER at term 65 for DISCOVERED_A_NEW_TERM
2019-10-24 15:48:11,500 [84568b57-9d99-42dc-882b-eae65806f704@group-05AC48DA6374-LeaderElection86] INFO  impl.RoleInfo (RoleInfo.java:shutdownLeaderElection(134)) - 84568b57-9d99-42dc-882b-eae65806f704: shutdown LeaderElection
2019-10-24 15:48:11,501 [84568b57-9d99-42dc-882b-eae65806f704@group-05AC48DA6374-LeaderElection86] INFO  impl.RoleInfo (RoleInfo.java:updateAndGet(143)) - 84568b57-9d99-42dc-882b-eae65806f704: start FollowerState
]]></system-out>
    <system-err><![CDATA[ERROR StatusLogger No Log4j 2 configuration file found. Using default configuration (logging only errors to the console), or user programmatically provided configurations. Set system property 'log4j2.debug' to show Log4j 2 internal initialization logging. See https://logging.apache.org/log4j/2.x/manual/configuration.html for instructions on how to configure Log4j 2
Oct 24, 2019 3:46:24 PM org.apache.ratis.thirdparty.io.grpc.internal.SerializingExecutor run
SEVERE: Exception while executing runnable org.apache.ratis.thirdparty.io.grpc.internal.ServerImpl$JumpToApplicationThreadServerStreamListener$1Closed@68ff57e7
org.apache.ratis.thirdparty.io.grpc.StatusRuntimeException: CANCELLED: call already cancelled
	at org.apache.ratis.thirdparty.io.grpc.Status.asRuntimeException(Status.java:517)
	at org.apache.ratis.thirdparty.io.grpc.stub.ServerCalls$ServerCallStreamObserverImpl.onCompleted(ServerCalls.java:356)
	at org.apache.ratis.grpc.server.GrpcServerProtocolService$ServerRequestStreamObserver.onError(GrpcServerProtocolService.java:121)
	at org.apache.ratis.thirdparty.io.grpc.stub.ServerCalls$StreamingServerCallHandler$StreamingServerCallListener.onCancel(ServerCalls.java:269)
	at org.apache.ratis.thirdparty.io.grpc.internal.ServerCallImpl$ServerStreamListenerImpl.closed(ServerCallImpl.java:293)
	at org.apache.ratis.thirdparty.io.grpc.internal.ServerImpl$JumpToApplicationThreadServerStreamListener$1Closed.runInContext(ServerImpl.java:741)
	at org.apache.ratis.thirdparty.io.grpc.internal.ContextRunnable.run(ContextRunnable.java:37)
	at org.apache.ratis.thirdparty.io.grpc.internal.SerializingExecutor.run(SerializingExecutor.java:123)
	at java.util.concurrent.ThreadPoolExecutor.runWorker(ThreadPoolExecutor.java:1149)
	at java.util.concurrent.ThreadPoolExecutor$Worker.run(ThreadPoolExecutor.java:624)
	at java.lang.Thread.run(Thread.java:748)

Oct 24, 2019 3:46:24 PM org.apache.ratis.thirdparty.io.grpc.internal.SerializingExecutor run
SEVERE: Exception while executing runnable org.apache.ratis.thirdparty.io.grpc.internal.ClientCallImpl$ClientStreamListenerImpl$1StreamClosed@8a52b27
java.lang.NullPointerException
	at org.apache.ratis.grpc.server.GrpcLogAppender$AppendLogResponseHandler.onError(GrpcLogAppender.java:303)
	at org.apache.ratis.thirdparty.io.grpc.stub.ClientCalls$StreamObserverToCallListenerAdapter.onClose(ClientCalls.java:434)
	at org.apache.ratis.thirdparty.io.grpc.PartialForwardingClientCallListener.onClose(PartialForwardingClientCallListener.java:39)
	at org.apache.ratis.thirdparty.io.grpc.ForwardingClientCallListener.onClose(ForwardingClientCallListener.java:23)
	at org.apache.ratis.thirdparty.io.grpc.ForwardingClientCallListener$SimpleForwardingClientCallListener.onClose(ForwardingClientCallListener.java:40)
	at org.apache.ratis.thirdparty.io.grpc.internal.CensusStatsModule$StatsClientInterceptor$1$1.onClose(CensusStatsModule.java:678)
	at org.apache.ratis.thirdparty.io.grpc.PartialForwardingClientCallListener.onClose(PartialForwardingClientCallListener.java:39)
	at org.apache.ratis.thirdparty.io.grpc.ForwardingClientCallListener.onClose(ForwardingClientCallListener.java:23)
	at org.apache.ratis.thirdparty.io.grpc.ForwardingClientCallListener$SimpleForwardingClientCallListener.onClose(ForwardingClientCallListener.java:40)
	at org.apache.ratis.thirdparty.io.grpc.internal.CensusTracingModule$TracingClientInterceptor$1$1.onClose(CensusTracingModule.java:397)
	at org.apache.ratis.thirdparty.io.grpc.internal.ClientCallImpl.closeObserver(ClientCallImpl.java:459)
	at org.apache.ratis.thirdparty.io.grpc.internal.ClientCallImpl.access$300(ClientCallImpl.java:63)
	at org.apache.ratis.thirdparty.io.grpc.internal.ClientCallImpl$ClientStreamListenerImpl.close(ClientCallImpl.java:546)
	at org.apache.ratis.thirdparty.io.grpc.internal.ClientCallImpl$ClientStreamListenerImpl.access$600(ClientCallImpl.java:467)
	at org.apache.ratis.thirdparty.io.grpc.internal.ClientCallImpl$ClientStreamListenerImpl$1StreamClosed.runInContext(ClientCallImpl.java:584)
	at org.apache.ratis.thirdparty.io.grpc.internal.ContextRunnable.run(ContextRunnable.java:37)
	at org.apache.ratis.thirdparty.io.grpc.internal.SerializingExecutor.run(SerializingExecutor.java:123)
	at java.util.concurrent.ThreadPoolExecutor.runWorker(ThreadPoolExecutor.java:1149)
	at java.util.concurrent.ThreadPoolExecutor$Worker.run(ThreadPoolExecutor.java:624)
	at java.lang.Thread.run(Thread.java:748)

]]></system-err>
  </testcase>
</testsuite>