<?xml version="1.0" encoding="UTF-8"?>
<testsuite xmlns:xsi="http://www.w3.org/2001/XMLSchema-instance" xsi:noNamespaceSchemaLocation="https://maven.apache.org/surefire/maven-surefire-plugin/xsd/surefire-test-report.xsd" name="org.apache.hadoop.ozone.client.rpc.TestMultiBlockWritesWithDnFailures" time="111.283" tests="2" errors="0" skipped="0" failures="1">
  <properties>
    <property name="awt.toolkit" value="sun.awt.X11.XToolkit"/>
    <property name="file.encoding.pkg" value="sun.io"/>
    <property name="java.specification.version" value="1.8"/>
    <property name="sun.cpu.isalist" value=""/>
    <property name="sun.jnu.encoding" value="ANSI_X3.4-1968"/>
    <property name="java.class.path" value="/workdir/hadoop-ozone/integration-test/target/test-classes:/workdir/hadoop-ozone/integration-test/target/classes:/home/user/.m2/repository/org/apache/hadoop/hadoop-ozone-common/0.5.0-SNAPSHOT/hadoop-ozone-common-0.5.0-SNAPSHOT.jar:/home/user/.m2/repository/org/apache/commons/commons-compress/1.4.1/commons-compress-1.4.1.jar:/home/user/.m2/repository/org/tukaani/xz/1.0/xz-1.0.jar:/home/user/.m2/repository/org/apache/hadoop/hadoop-common/3.2.0/hadoop-common-3.2.0.jar:/home/user/.m2/repository/org/apache/hadoop/hadoop-hdfs/3.2.0/hadoop-hdfs-3.2.0.jar:/home/user/.m2/repository/org/apache/hadoop/hadoop-hdfs-client/3.2.0/hadoop-hdfs-client-3.2.0.jar:/home/user/.m2/repository/com/fasterxml/jackson/core/jackson-annotations/2.9.9/jackson-annotations-2.9.9.jar:/home/user/.m2/repository/org/apache/hadoop/hadoop-hdds-common/0.5.0-SNAPSHOT/hadoop-hdds-common-0.5.0-SNAPSHOT.jar:/home/user/.m2/repository/javax/annotation/javax.annotation-api/1.2/javax.annotation-api-1.2.jar:/home/user/.m2/repository/org/apache/ratis/ratis-server/0.5.0-3f446aa-SNAPSHOT/ratis-server-0.5.0-3f446aa-SNAPSHOT.jar:/home/user/.m2/repository/org/apache/ratis/ratis-thirdparty-misc/0.2.0/ratis-thirdparty-misc-0.2.0.jar:/home/user/.m2/repository/org/apache/ratis/ratis-proto/0.5.0-3f446aa-SNAPSHOT/ratis-proto-0.5.0-3f446aa-SNAPSHOT.jar:/home/user/.m2/repository/org/apache/ratis/ratis-common/0.5.0-3f446aa-SNAPSHOT/ratis-common-0.5.0-3f446aa-SNAPSHOT.jar:/home/user/.m2/repository/org/apache/ratis/ratis-client/0.5.0-3f446aa-SNAPSHOT/ratis-client-0.5.0-3f446aa-SNAPSHOT.jar:/home/user/.m2/repository/org/apache/ratis/ratis-metrics/0.5.0-3f446aa-SNAPSHOT/ratis-metrics-0.5.0-3f446aa-SNAPSHOT.jar:/home/user/.m2/repository/com/github/joshelser/dropwizard-metrics-hadoop-metrics2-reporter/0.1.2/dropwizard-metrics-hadoop-metrics2-reporter-0.1.2.jar:/home/user/.m2/repository/io/dropwizard/metrics/metrics-jvm/3.2.5/metrics-jvm-3.2.5.jar:/home/user/.m2/repository/io/dropwizard/metrics/metrics-ganglia/3.2.5/metrics-ganglia-3.2.5.jar:/home/user/.m2/repository/info/ganglia/gmetric4j/gmetric4j/1.0.7/gmetric4j-1.0.7.jar:/home/user/.m2/repository/org/apache/ratis/ratis-netty/0.5.0-3f446aa-SNAPSHOT/ratis-netty-0.5.0-3f446aa-SNAPSHOT.jar:/home/user/.m2/repository/org/apache/ratis/ratis-grpc/0.5.0-3f446aa-SNAPSHOT/ratis-grpc-0.5.0-3f446aa-SNAPSHOT.jar:/home/user/.m2/repository/org/rocksdb/rocksdbjni/6.0.1/rocksdbjni-6.0.1.jar:/home/user/.m2/repository/org/apache/logging/log4j/log4j-api/2.11.0/log4j-api-2.11.0.jar:/home/user/.m2/repository/org/apache/logging/log4j/log4j-core/2.11.0/log4j-core-2.11.0.jar:/home/user/.m2/repository/com/lmax/disruptor/3.4.2/disruptor-3.4.2.jar:/home/user/.m2/repository/org/apache/commons/commons-pool2/2.6.0/commons-pool2-2.6.0.jar:/home/user/.m2/repository/org/bouncycastle/bcpkix-jdk15on/1.60/bcpkix-jdk15on-1.60.jar:/home/user/.m2/repository/commons-validator/commons-validator/1.6/commons-validator-1.6.jar:/home/user/.m2/repository/commons-digester/commons-digester/1.8.1/commons-digester-1.8.1.jar:/home/user/.m2/repository/io/jaegertracing/jaeger-client/0.34.0/jaeger-client-0.34.0.jar:/home/user/.m2/repository/io/jaegertracing/jaeger-thrift/0.34.0/jaeger-thrift-0.34.0.jar:/home/user/.m2/repository/org/apache/thrift/libthrift/0.12.0/libthrift-0.12.0.jar:/home/user/.m2/repository/com/squareup/okhttp3/okhttp/3.9.0/okhttp-3.9.0.jar:/home/user/.m2/repository/com/squareup/okio/okio/1.13.0/okio-1.13.0.jar:/home/user/.m2/repository/io/jaegertracing/jaeger-core/0.34.0/jaeger-core-0.34.0.jar:/home/user/.m2/repository/io/jaegertracing/jaeger-tracerresolver/0.34.0/jaeger-tracerresolver-0.34.0.jar:/home/user/.m2/repository/io/opentracing/contrib/opentracing-tracerresolver/0.1.5/opentracing-tracerresolver-0.1.5.jar:/home/user/.m2/repository/io/opentracing/opentracing-util/0.31.0/opentracing-util-0.31.0.jar:/home/user/.m2/repository/io/opentracing/opentracing-api/0.31.0/opentracing-api-0.31.0.jar:/home/user/.m2/repository/io/opentracing/opentracing-noop/0.31.0/opentracing-noop-0.31.0.jar:/home/user/.m2/repository/org/apache/hadoop/hadoop-hdds-server-framework/0.5.0-SNAPSHOT/hadoop-hdds-server-framework-0.5.0-SNAPSHOT.jar:/home/user/.m2/repository/org/apache/hadoop/hadoop-hdds-container-service/0.5.0-SNAPSHOT/hadoop-hdds-container-service-0.5.0-SNAPSHOT.jar:/home/user/.m2/repository/org/apache/hadoop/hadoop-hdds-client/0.5.0-SNAPSHOT/hadoop-hdds-client-0.5.0-SNAPSHOT.jar:/home/user/.m2/repository/org/apache/hadoop/hadoop-hdds-tools/0.5.0-SNAPSHOT/hadoop-hdds-tools-0.5.0-SNAPSHOT.jar:/home/user/.m2/repository/org/apache/hadoop/hadoop-hdds-server-scm/0.5.0-SNAPSHOT/hadoop-hdds-server-scm-0.5.0-SNAPSHOT.jar:/home/user/.m2/repository/org/apache/hadoop/hadoop-hdds-docs/0.5.0-SNAPSHOT/hadoop-hdds-docs-0.5.0-SNAPSHOT.jar:/home/user/.m2/repository/io/dropwizard/metrics/metrics-core/3.2.4/metrics-core-3.2.4.jar:/home/user/.m2/repository/org/hamcrest/hamcrest-all/1.3/hamcrest-all-1.3.jar:/home/user/.m2/repository/org/bouncycastle/bcprov-jdk15on/1.60/bcprov-jdk15on-1.60.jar:/home/user/.m2/repository/info/picocli/picocli/3.9.6/picocli-3.9.6.jar:/home/user/.m2/repository/com/google/protobuf/protobuf-java/2.5.0/protobuf-java-2.5.0.jar:/home/user/.m2/repository/com/google/guava/guava/11.0.2/guava-11.0.2.jar:/home/user/.m2/repository/org/apache/hadoop/hadoop-ozone-ozone-manager/0.5.0-SNAPSHOT/hadoop-ozone-ozone-manager-0.5.0-SNAPSHOT.jar:/home/user/.m2/repository/org/apache/hadoop/hadoop-minikdc/3.2.0/hadoop-minikdc-3.2.0.jar:/home/user/.m2/repository/commons-io/commons-io/2.5/commons-io-2.5.jar:/home/user/.m2/repository/org/apache/kerby/kerb-simplekdc/1.0.1/kerb-simplekdc-1.0.1.jar:/home/user/.m2/repository/org/apache/kerby/kerb-client/1.0.1/kerb-client-1.0.1.jar:/home/user/.m2/repository/org/apache/kerby/kerby-config/1.0.1/kerby-config-1.0.1.jar:/home/user/.m2/repository/org/apache/kerby/kerb-core/1.0.1/kerb-core-1.0.1.jar:/home/user/.m2/repository/org/apache/kerby/kerby-pkix/1.0.1/kerby-pkix-1.0.1.jar:/home/user/.m2/repository/org/apache/kerby/kerby-asn1/1.0.1/kerby-asn1-1.0.1.jar:/home/user/.m2/repository/org/apache/kerby/kerby-util/1.0.1/kerby-util-1.0.1.jar:/home/user/.m2/repository/org/apache/kerby/kerb-common/1.0.1/kerb-common-1.0.1.jar:/home/user/.m2/repository/org/apache/kerby/kerb-crypto/1.0.1/kerb-crypto-1.0.1.jar:/home/user/.m2/repository/org/apache/kerby/kerb-util/1.0.1/kerb-util-1.0.1.jar:/home/user/.m2/repository/org/apache/kerby/token-provider/1.0.1/token-provider-1.0.1.jar:/home/user/.m2/repository/org/apache/kerby/kerb-admin/1.0.1/kerb-admin-1.0.1.jar:/home/user/.m2/repository/org/apache/kerby/kerb-server/1.0.1/kerb-server-1.0.1.jar:/home/user/.m2/repository/org/apache/kerby/kerb-identity/1.0.1/kerb-identity-1.0.1.jar:/home/user/.m2/repository/org/apache/kerby/kerby-xdr/1.0.1/kerby-xdr-1.0.1.jar:/home/user/.m2/repository/org/slf4j/slf4j-log4j12/1.7.25/slf4j-log4j12-1.7.25.jar:/home/user/.m2/repository/org/apache/hadoop/hadoop-ozone-s3gateway/0.5.0-SNAPSHOT/hadoop-ozone-s3gateway-0.5.0-SNAPSHOT.jar:/home/user/.m2/repository/org/jboss/weld/servlet/weld-servlet/2.4.7.Final/weld-servlet-2.4.7.Final.jar:/home/user/.m2/repository/org/glassfish/jersey/containers/jersey-container-servlet-core/2.27/jersey-container-servlet-core-2.27.jar:/home/user/.m2/repository/org/glassfish/hk2/external/javax.inject/2.5.0-b42/javax.inject-2.5.0-b42.jar:/home/user/.m2/repository/org/glassfish/jersey/core/jersey-common/2.27/jersey-common-2.27.jar:/home/user/.m2/repository/org/glassfish/hk2/osgi-resource-locator/1.0.1/osgi-resource-locator-1.0.1.jar:/home/user/.m2/repository/javax/ws/rs/javax.ws.rs-api/2.1/javax.ws.rs-api-2.1.jar:/home/user/.m2/repository/org/glassfish/jersey/ext/cdi/jersey-cdi1x/2.27/jersey-cdi1x-2.27.jar:/home/user/.m2/repository/org/glassfish/jersey/inject/jersey-hk2/2.27/jersey-hk2-2.27.jar:/home/user/.m2/repository/org/glassfish/hk2/hk2-locator/2.5.0-b42/hk2-locator-2.5.0-b42.jar:/home/user/.m2/repository/org/javassist/javassist/3.22.0-CR2/javassist-3.22.0-CR2.jar:/home/user/.m2/repository/org/glassfish/hk2/hk2-api/2.5.0/hk2-api-2.5.0.jar:/home/user/.m2/repository/org/glassfish/hk2/external/jakarta.inject/2.5.0/jakarta.inject-2.5.0.jar:/home/user/.m2/repository/org/glassfish/hk2/hk2-utils/2.5.0/hk2-utils-2.5.0.jar:/home/user/.m2/repository/jakarta/annotation/jakarta.annotation-api/1.3.4/jakarta.annotation-api-1.3.4.jar:/home/user/.m2/repository/org/glassfish/hk2/external/aopalliance-repackaged/2.5.0/aopalliance-repackaged-2.5.0.jar:/home/user/.m2/repository/com/fasterxml/jackson/dataformat/jackson-dataformat-xml/2.9.0/jackson-dataformat-xml-2.9.0.jar:/home/user/.m2/repository/com/fasterxml/jackson/core/jackson-core/2.9.9/jackson-core-2.9.9.jar:/home/user/.m2/repository/com/fasterxml/jackson/module/jackson-module-jaxb-annotations/2.9.9/jackson-module-jaxb-annotations-2.9.9.jar:/home/user/.m2/repository/javax/enterprise/cdi-api/1.2/cdi-api-1.2.jar:/home/user/.m2/repository/javax/el/javax.el-api/3.0.0/javax.el-api-3.0.0.jar:/home/user/.m2/repository/javax/interceptor/javax.interceptor-api/1.2/javax.interceptor-api-1.2.jar:/home/user/.m2/repository/javax/inject/javax.inject/1/javax.inject-1.jar:/home/user/.m2/repository/com/sun/xml/bind/jaxb-impl/2.3.0.1/jaxb-impl-2.3.0.1.jar:/home/user/.m2/repository/com/sun/xml/bind/jaxb-core/2.3.0.1/jaxb-core-2.3.0.1.jar:/home/user/.m2/repository/javax/xml/bind/jaxb-api/2.3.0/jaxb-api-2.3.0.jar:/home/user/.m2/repository/javax/activation/activation/1.1.1/activation-1.1.1.jar:/home/user/.m2/repository/org/apache/hadoop/hadoop-ozone-csi/0.5.0-SNAPSHOT/hadoop-ozone-csi-0.5.0-SNAPSHOT.jar:/home/user/.m2/repository/com/google/protobuf/protobuf-java-util/3.5.1/protobuf-java-util-3.5.1.jar:/home/user/.m2/repository/org/apache/hadoop/hadoop-hdds-config/0.5.0-SNAPSHOT/hadoop-hdds-config-0.5.0-SNAPSHOT.jar:/home/user/.m2/repository/io/grpc/grpc-netty/1.17.1/grpc-netty-1.17.1.jar:/home/user/.m2/repository/io/grpc/grpc-core/1.17.1/grpc-core-1.17.1.jar:/home/user/.m2/repository/io/grpc/grpc-context/1.17.1/grpc-context-1.17.1.jar:/home/user/.m2/repository/com/google/errorprone/error_prone_annotations/2.2.0/error_prone_annotations-2.2.0.jar:/home/user/.m2/repository/org/codehaus/mojo/animal-sniffer-annotations/1.17/animal-sniffer-annotations-1.17.jar:/home/user/.m2/repository/io/opencensus/opencensus-api/0.17.0/opencensus-api-0.17.0.jar:/home/user/.m2/repository/io/opencensus/opencensus-contrib-grpc-metrics/0.17.0/opencensus-contrib-grpc-metrics-0.17.0.jar:/home/user/.m2/repository/io/netty/netty-codec-http2/4.1.30.Final/netty-codec-http2-4.1.30.Final.jar:/home/user/.m2/repository/io/netty/netty-codec-http/4.1.30.Final/netty-codec-http-4.1.30.Final.jar:/home/user/.m2/repository/io/netty/netty-codec/4.1.30.Final/netty-codec-4.1.30.Final.jar:/home/user/.m2/repository/io/netty/netty-handler/4.1.30.Final/netty-handler-4.1.30.Final.jar:/home/user/.m2/repository/io/netty/netty-handler-proxy/4.1.30.Final/netty-handler-proxy-4.1.30.Final.jar:/home/user/.m2/repository/io/netty/netty-codec-socks/4.1.30.Final/netty-codec-socks-4.1.30.Final.jar:/home/user/.m2/repository/io/netty/netty-transport-native-epoll/4.1.30.Final/netty-transport-native-epoll-4.1.30.Final.jar:/home/user/.m2/repository/io/netty/netty-common/4.1.30.Final/netty-common-4.1.30.Final.jar:/home/user/.m2/repository/io/netty/netty-buffer/4.1.30.Final/netty-buffer-4.1.30.Final.jar:/home/user/.m2/repository/io/netty/netty-transport/4.1.30.Final/netty-transport-4.1.30.Final.jar:/home/user/.m2/repository/io/netty/netty-resolver/4.1.30.Final/netty-resolver-4.1.30.Final.jar:/home/user/.m2/repository/io/netty/netty-transport-native-unix-common/4.1.30.Final/netty-transport-native-unix-common-4.1.30.Final.jar:/home/user/.m2/repository/io/grpc/grpc-protobuf/1.17.1/grpc-protobuf-1.17.1.jar:/home/user/.m2/repository/com/google/api/grpc/proto-google-common-protos/1.0.0/proto-google-common-protos-1.0.0.jar:/home/user/.m2/repository/io/grpc/grpc-protobuf-lite/1.17.1/grpc-protobuf-lite-1.17.1.jar:/home/user/.m2/repository/io/grpc/grpc-stub/1.17.1/grpc-stub-1.17.1.jar:/home/user/.m2/repository/org/apache/hadoop/hadoop-ozone-recon/0.5.0-SNAPSHOT/hadoop-ozone-recon-0.5.0-SNAPSHOT.jar:/home/user/.m2/repository/org/apache/hadoop/hadoop-ozone-reconcodegen/0.5.0-SNAPSHOT/hadoop-ozone-reconcodegen-0.5.0-SNAPSHOT.jar:/home/user/.m2/repository/com/google/inject/extensions/guice-multibindings/4.0/guice-multibindings-4.0.jar:/home/user/.m2/repository/com/google/inject/guice/4.0/guice-4.0.jar:/home/user/.m2/repository/aopalliance/aopalliance/1.0/aopalliance-1.0.jar:/home/user/.m2/repository/com/google/inject/extensions/guice-servlet/4.0/guice-servlet-4.0.jar:/home/user/.m2/repository/org/glassfish/jersey/containers/jersey-container-servlet/2.27/jersey-container-servlet-2.27.jar:/home/user/.m2/repository/org/glassfish/hk2/guice-bridge/2.5.0/guice-bridge-2.5.0.jar:/home/user/.m2/repository/org/glassfish/jersey/core/jersey-server/2.27/jersey-server-2.27.jar:/home/user/.m2/repository/org/glassfish/jersey/core/jersey-client/2.27/jersey-client-2.27.jar:/home/user/.m2/repository/org/glassfish/jersey/media/jersey-media-jaxb/2.27/jersey-media-jaxb-2.27.jar:/home/user/.m2/repository/javax/validation/validation-api/1.1.0.Final/validation-api-1.1.0.Final.jar:/home/user/.m2/repository/org/glassfish/jersey/media/jersey-media-json-jackson/2.27/jersey-media-json-jackson-2.27.jar:/home/user/.m2/repository/org/glassfish/jersey/ext/jersey-entity-filtering/2.27/jersey-entity-filtering-2.27.jar:/home/user/.m2/repository/com/google/inject/extensions/guice-assistedinject/4.0/guice-assistedinject-4.0.jar:/home/user/.m2/repository/org/jooq/jooq/3.11.10/jooq-3.11.10.jar:/home/user/.m2/repository/org/jooq/jooq-meta/3.11.10/jooq-meta-3.11.10.jar:/home/user/.m2/repository/org/jooq/jooq-codegen/3.11.10/jooq-codegen-3.11.10.jar:/home/user/.m2/repository/com/jolbox/bonecp/0.8.0.RELEASE/bonecp-0.8.0.RELEASE.jar:/home/user/.m2/repository/org/xerial/sqlite-jdbc/3.25.2/sqlite-jdbc-3.25.2.jar:/home/user/.m2/repository/org/springframework/spring-jdbc/5.1.3.RELEASE/spring-jdbc-5.1.3.RELEASE.jar:/home/user/.m2/repository/org/springframework/spring-beans/5.1.3.RELEASE/spring-beans-5.1.3.RELEASE.jar:/home/user/.m2/repository/org/springframework/spring-core/5.1.3.RELEASE/spring-core-5.1.3.RELEASE.jar:/home/user/.m2/repository/org/springframework/spring-jcl/5.1.3.RELEASE/spring-jcl-5.1.3.RELEASE.jar:/home/user/.m2/repository/org/springframework/spring-tx/5.1.3.RELEASE/spring-tx-5.1.3.RELEASE.jar:/home/user/.m2/repository/org/apache/hadoop/hadoop-ozone-client/0.5.0-SNAPSHOT/hadoop-ozone-client-0.5.0-SNAPSHOT.jar:/home/user/.m2/repository/commons-lang/commons-lang/2.6/commons-lang-2.6.jar:/home/user/.m2/repository/org/apache/hadoop/hadoop-ozone-ozone-manager/0.5.0-SNAPSHOT/hadoop-ozone-ozone-manager-0.5.0-SNAPSHOT-tests.jar:/home/user/.m2/repository/junit/junit/4.11/junit-4.11.jar:/home/user/.m2/repository/org/hamcrest/hamcrest-core/1.3/hamcrest-core-1.3.jar:/home/user/.m2/repository/org/openjdk/jmh/jmh-core/1.19/jmh-core-1.19.jar:/home/user/.m2/repository/net/sf/jopt-simple/jopt-simple/4.6/jopt-simple-4.6.jar:/home/user/.m2/repository/org/apache/commons/commons-math3/3.1.1/commons-math3-3.1.1.jar:/home/user/.m2/repository/org/openjdk/jmh/jmh-generator-annprocess/1.19/jmh-generator-annprocess-1.19.jar:/home/user/.m2/repository/org/mockito/mockito-all/1.8.5/mockito-all-1.8.5.jar:/home/user/.m2/repository/org/apache/hadoop/hadoop-kms/3.2.0/hadoop-kms-3.2.0.jar:/home/user/.m2/repository/org/apache/hadoop/hadoop-auth/3.2.0/hadoop-auth-3.2.0.jar:/home/user/.m2/repository/com/nimbusds/nimbus-jose-jwt/4.41.1/nimbus-jose-jwt-4.41.1.jar:/home/user/.m2/repository/com/github/stephenc/jcip/jcip-annotations/1.0-1/jcip-annotations-1.0-1.jar:/home/user/.m2/repository/net/minidev/json-smart/2.3/json-smart-2.3.jar:/home/user/.m2/repository/net/minidev/accessors-smart/1.2/accessors-smart-1.2.jar:/home/user/.m2/repository/org/ow2/asm/asm/5.0.4/asm-5.0.4.jar:/home/user/.m2/repository/org/apache/curator/curator-framework/2.12.0/curator-framework-2.12.0.jar:/home/user/.m2/repository/com/sun/jersey/jersey-core/1.19/jersey-core-1.19.jar:/home/user/.m2/repository/javax/ws/rs/jsr311-api/1.1.1/jsr311-api-1.1.1.jar:/home/user/.m2/repository/com/sun/jersey/jersey-server/1.19/jersey-server-1.19.jar:/home/user/.m2/repository/javax/servlet/javax.servlet-api/3.1.0/javax.servlet-api-3.1.0.jar:/home/user/.m2/repository/org/eclipse/jetty/jetty-server/9.3.25.v20180904/jetty-server-9.3.25.v20180904.jar:/home/user/.m2/repository/org/eclipse/jetty/jetty-http/9.3.25.v20180904/jetty-http-9.3.25.v20180904.jar:/home/user/.m2/repository/org/eclipse/jetty/jetty-io/9.3.25.v20180904/jetty-io-9.3.25.v20180904.jar:/home/user/.m2/repository/org/eclipse/jetty/jetty-webapp/9.3.25.v20180904/jetty-webapp-9.3.25.v20180904.jar:/home/user/.m2/repository/org/eclipse/jetty/jetty-xml/9.3.25.v20180904/jetty-xml-9.3.25.v20180904.jar:/home/user/.m2/repository/log4j/log4j/1.2.17/log4j-1.2.17.jar:/home/user/.m2/repository/org/slf4j/slf4j-api/1.7.25/slf4j-api-1.7.25.jar:/home/user/.m2/repository/org/slf4j/jul-to-slf4j/1.7.25/jul-to-slf4j-1.7.25.jar:/home/user/.m2/repository/org/eclipse/jetty/jetty-util/9.3.25.v20180904/jetty-util-9.3.25.v20180904.jar:/home/user/.m2/repository/com/fasterxml/jackson/core/jackson-databind/2.9.9/jackson-databind-2.9.9.jar:/home/user/.m2/repository/org/apache/hadoop/hadoop-kms/3.2.0/hadoop-kms-3.2.0-tests.jar:/home/user/.m2/repository/org/apache/hadoop/hadoop-hdds-server-scm/0.5.0-SNAPSHOT/hadoop-hdds-server-scm-0.5.0-SNAPSHOT-tests.jar:/home/user/.m2/repository/org/apache/hadoop/hadoop-hdds-container-service/0.5.0-SNAPSHOT/hadoop-hdds-container-service-0.5.0-SNAPSHOT-tests.jar:/home/user/.m2/repository/org/yaml/snakeyaml/1.16/snakeyaml-1.16.jar:/home/user/.m2/repository/org/apache/hadoop/hadoop-common/3.2.0/hadoop-common-3.2.0-tests.jar:/home/user/.m2/repository/org/apache/hadoop/hadoop-annotations/3.2.0/hadoop-annotations-3.2.0.jar:/usr/lib/jvm/java-1.8.0-openjdk-1.8.0.222.b10-1.el7_7.x86_64/jre/../lib/tools.jar:/home/user/.m2/repository/commons-cli/commons-cli/1.2/commons-cli-1.2.jar:/home/user/.m2/repository/org/apache/httpcomponents/httpclient/4.5.2/httpclient-4.5.2.jar:/home/user/.m2/repository/org/apache/httpcomponents/httpcore/4.4.4/httpcore-4.4.4.jar:/home/user/.m2/repository/commons-codec/commons-codec/1.11/commons-codec-1.11.jar:/home/user/.m2/repository/commons-net/commons-net/3.6/commons-net-3.6.jar:/home/user/.m2/repository/commons-collections/commons-collections/3.2.2/commons-collections-3.2.2.jar:/home/user/.m2/repository/org/eclipse/jetty/jetty-servlet/9.3.25.v20180904/jetty-servlet-9.3.25.v20180904.jar:/home/user/.m2/repository/org/eclipse/jetty/jetty-security/9.3.25.v20180904/jetty-security-9.3.25.v20180904.jar:/home/user/.m2/repository/javax/servlet/jsp/jsp-api/2.1/jsp-api-2.1.jar:/home/user/.m2/repository/com/sun/jersey/jersey-servlet/1.19/jersey-servlet-1.19.jar:/home/user/.m2/repository/com/sun/jersey/jersey-json/1.19/jersey-json-1.19.jar:/home/user/.m2/repository/org/codehaus/jettison/jettison/1.1/jettison-1.1.jar:/home/user/.m2/repository/org/codehaus/jackson/jackson-core-asl/1.9.13/jackson-core-asl-1.9.13.jar:/home/user/.m2/repository/org/codehaus/jackson/jackson-mapper-asl/1.9.13/jackson-mapper-asl-1.9.13.jar:/home/user/.m2/repository/org/codehaus/jackson/jackson-jaxrs/1.9.13/jackson-jaxrs-1.9.13.jar:/home/user/.m2/repository/org/codehaus/jackson/jackson-xc/1.9.13/jackson-xc-1.9.13.jar:/home/user/.m2/repository/commons-logging/commons-logging/1.1.3/commons-logging-1.1.3.jar:/home/user/.m2/repository/commons-beanutils/commons-beanutils/1.9.4/commons-beanutils-1.9.4.jar:/home/user/.m2/repository/org/apache/commons/commons-configuration2/2.1.1/commons-configuration2-2.1.1.jar:/home/user/.m2/repository/org/apache/commons/commons-lang3/3.7/commons-lang3-3.7.jar:/home/user/.m2/repository/org/apache/commons/commons-text/1.4/commons-text-1.4.jar:/home/user/.m2/repository/org/apache/avro/avro/1.7.7/avro-1.7.7.jar:/home/user/.m2/repository/com/thoughtworks/paranamer/paranamer/2.3/paranamer-2.3.jar:/home/user/.m2/repository/org/xerial/snappy/snappy-java/1.0.5/snappy-java-1.0.5.jar:/home/user/.m2/repository/com/google/re2j/re2j/1.1/re2j-1.1.jar:/home/user/.m2/repository/com/google/code/gson/gson/2.2.4/gson-2.2.4.jar:/home/user/.m2/repository/com/jcraft/jsch/0.1.54/jsch-0.1.54.jar:/home/user/.m2/repository/org/apache/curator/curator-client/2.12.0/curator-client-2.12.0.jar:/home/user/.m2/repository/org/apache/curator/curator-recipes/2.12.0/curator-recipes-2.12.0.jar:/home/user/.m2/repository/com/google/code/findbugs/jsr305/3.0.0/jsr305-3.0.0.jar:/home/user/.m2/repository/org/apache/htrace/htrace-core4/4.1.0-incubating/htrace-core4-4.1.0-incubating.jar:/home/user/.m2/repository/org/apache/zookeeper/zookeeper/3.4.13/zookeeper-3.4.13.jar:/home/user/.m2/repository/jline/jline/0.9.94/jline-0.9.94.jar:/home/user/.m2/repository/org/apache/yetus/audience-annotations/0.5.0/audience-annotations-0.5.0.jar:/home/user/.m2/repository/org/codehaus/woodstox/stax2-api/3.1.4/stax2-api-3.1.4.jar:/home/user/.m2/repository/com/fasterxml/woodstox/woodstox-core/5.0.3/woodstox-core-5.0.3.jar:/home/user/.m2/repository/dnsjava/dnsjava/2.1.7/dnsjava-2.1.7.jar:/home/user/.m2/repository/org/apache/hadoop/hadoop-hdfs/3.2.0/hadoop-hdfs-3.2.0-tests.jar:/home/user/.m2/repository/org/eclipse/jetty/jetty-util-ajax/9.3.25.v20180904/jetty-util-ajax-9.3.25.v20180904.jar:/home/user/.m2/repository/commons-daemon/commons-daemon/1.0.13/commons-daemon-1.0.13.jar:/home/user/.m2/repository/io/netty/netty/3.10.5.Final/netty-3.10.5.Final.jar:/home/user/.m2/repository/io/netty/netty-all/4.0.52.Final/netty-all-4.0.52.Final.jar:/home/user/.m2/repository/org/fusesource/leveldbjni/leveldbjni-all/1.8/leveldbjni-all-1.8.jar:"/>
    <property name="java.vm.vendor" value="Oracle Corporation"/>
    <property name="sun.arch.data.model" value="64"/>
    <property name="test.build.dir" value="/workdir/hadoop-ozone/integration-test/target/test-dir"/>
    <property name="test.cache.data" value=""/>
    <property name="java.vendor.url" value="http://java.oracle.com/"/>
    <property name="user.timezone" value=""/>
    <property name="java.vm.specification.version" value="1.8"/>
    <property name="os.name" value="Linux"/>
    <property name="test.build.data" value="/workdir/hadoop-ozone/integration-test/target/test-dir"/>
    <property name="user.country" value="US"/>
    <property name="sun.java.launcher" value="SUN_STANDARD"/>
    <property name="sun.boot.library.path" value="/usr/lib/jvm/java-1.8.0-openjdk-1.8.0.222.b10-1.el7_7.x86_64/jre/lib/amd64"/>
    <property name="sun.java.command" value="/workdir/hadoop-ozone/integration-test/target/surefire/surefirebooter5279799756862694753.jar /workdir/hadoop-ozone/integration-test/target/surefire 2019-10-24T14-54-17_997-jvmRun1 surefire4125005677400979583tmp surefire_466711181097784447983tmp"/>
    <property name="surefire.test.class.path" value="/workdir/hadoop-ozone/integration-test/target/test-classes:/workdir/hadoop-ozone/integration-test/target/classes:/home/user/.m2/repository/org/apache/hadoop/hadoop-ozone-common/0.5.0-SNAPSHOT/hadoop-ozone-common-0.5.0-SNAPSHOT.jar:/home/user/.m2/repository/org/apache/commons/commons-compress/1.4.1/commons-compress-1.4.1.jar:/home/user/.m2/repository/org/tukaani/xz/1.0/xz-1.0.jar:/home/user/.m2/repository/org/apache/hadoop/hadoop-common/3.2.0/hadoop-common-3.2.0.jar:/home/user/.m2/repository/org/apache/hadoop/hadoop-hdfs/3.2.0/hadoop-hdfs-3.2.0.jar:/home/user/.m2/repository/org/apache/hadoop/hadoop-hdfs-client/3.2.0/hadoop-hdfs-client-3.2.0.jar:/home/user/.m2/repository/com/fasterxml/jackson/core/jackson-annotations/2.9.9/jackson-annotations-2.9.9.jar:/home/user/.m2/repository/org/apache/hadoop/hadoop-hdds-common/0.5.0-SNAPSHOT/hadoop-hdds-common-0.5.0-SNAPSHOT.jar:/home/user/.m2/repository/javax/annotation/javax.annotation-api/1.2/javax.annotation-api-1.2.jar:/home/user/.m2/repository/org/apache/ratis/ratis-server/0.5.0-3f446aa-SNAPSHOT/ratis-server-0.5.0-3f446aa-SNAPSHOT.jar:/home/user/.m2/repository/org/apache/ratis/ratis-thirdparty-misc/0.2.0/ratis-thirdparty-misc-0.2.0.jar:/home/user/.m2/repository/org/apache/ratis/ratis-proto/0.5.0-3f446aa-SNAPSHOT/ratis-proto-0.5.0-3f446aa-SNAPSHOT.jar:/home/user/.m2/repository/org/apache/ratis/ratis-common/0.5.0-3f446aa-SNAPSHOT/ratis-common-0.5.0-3f446aa-SNAPSHOT.jar:/home/user/.m2/repository/org/apache/ratis/ratis-client/0.5.0-3f446aa-SNAPSHOT/ratis-client-0.5.0-3f446aa-SNAPSHOT.jar:/home/user/.m2/repository/org/apache/ratis/ratis-metrics/0.5.0-3f446aa-SNAPSHOT/ratis-metrics-0.5.0-3f446aa-SNAPSHOT.jar:/home/user/.m2/repository/com/github/joshelser/dropwizard-metrics-hadoop-metrics2-reporter/0.1.2/dropwizard-metrics-hadoop-metrics2-reporter-0.1.2.jar:/home/user/.m2/repository/io/dropwizard/metrics/metrics-jvm/3.2.5/metrics-jvm-3.2.5.jar:/home/user/.m2/repository/io/dropwizard/metrics/metrics-ganglia/3.2.5/metrics-ganglia-3.2.5.jar:/home/user/.m2/repository/info/ganglia/gmetric4j/gmetric4j/1.0.7/gmetric4j-1.0.7.jar:/home/user/.m2/repository/org/apache/ratis/ratis-netty/0.5.0-3f446aa-SNAPSHOT/ratis-netty-0.5.0-3f446aa-SNAPSHOT.jar:/home/user/.m2/repository/org/apache/ratis/ratis-grpc/0.5.0-3f446aa-SNAPSHOT/ratis-grpc-0.5.0-3f446aa-SNAPSHOT.jar:/home/user/.m2/repository/org/rocksdb/rocksdbjni/6.0.1/rocksdbjni-6.0.1.jar:/home/user/.m2/repository/org/apache/logging/log4j/log4j-api/2.11.0/log4j-api-2.11.0.jar:/home/user/.m2/repository/org/apache/logging/log4j/log4j-core/2.11.0/log4j-core-2.11.0.jar:/home/user/.m2/repository/com/lmax/disruptor/3.4.2/disruptor-3.4.2.jar:/home/user/.m2/repository/org/apache/commons/commons-pool2/2.6.0/commons-pool2-2.6.0.jar:/home/user/.m2/repository/org/bouncycastle/bcpkix-jdk15on/1.60/bcpkix-jdk15on-1.60.jar:/home/user/.m2/repository/commons-validator/commons-validator/1.6/commons-validator-1.6.jar:/home/user/.m2/repository/commons-digester/commons-digester/1.8.1/commons-digester-1.8.1.jar:/home/user/.m2/repository/io/jaegertracing/jaeger-client/0.34.0/jaeger-client-0.34.0.jar:/home/user/.m2/repository/io/jaegertracing/jaeger-thrift/0.34.0/jaeger-thrift-0.34.0.jar:/home/user/.m2/repository/org/apache/thrift/libthrift/0.12.0/libthrift-0.12.0.jar:/home/user/.m2/repository/com/squareup/okhttp3/okhttp/3.9.0/okhttp-3.9.0.jar:/home/user/.m2/repository/com/squareup/okio/okio/1.13.0/okio-1.13.0.jar:/home/user/.m2/repository/io/jaegertracing/jaeger-core/0.34.0/jaeger-core-0.34.0.jar:/home/user/.m2/repository/io/jaegertracing/jaeger-tracerresolver/0.34.0/jaeger-tracerresolver-0.34.0.jar:/home/user/.m2/repository/io/opentracing/contrib/opentracing-tracerresolver/0.1.5/opentracing-tracerresolver-0.1.5.jar:/home/user/.m2/repository/io/opentracing/opentracing-util/0.31.0/opentracing-util-0.31.0.jar:/home/user/.m2/repository/io/opentracing/opentracing-api/0.31.0/opentracing-api-0.31.0.jar:/home/user/.m2/repository/io/opentracing/opentracing-noop/0.31.0/opentracing-noop-0.31.0.jar:/home/user/.m2/repository/org/apache/hadoop/hadoop-hdds-server-framework/0.5.0-SNAPSHOT/hadoop-hdds-server-framework-0.5.0-SNAPSHOT.jar:/home/user/.m2/repository/org/apache/hadoop/hadoop-hdds-container-service/0.5.0-SNAPSHOT/hadoop-hdds-container-service-0.5.0-SNAPSHOT.jar:/home/user/.m2/repository/org/apache/hadoop/hadoop-hdds-client/0.5.0-SNAPSHOT/hadoop-hdds-client-0.5.0-SNAPSHOT.jar:/home/user/.m2/repository/org/apache/hadoop/hadoop-hdds-tools/0.5.0-SNAPSHOT/hadoop-hdds-tools-0.5.0-SNAPSHOT.jar:/home/user/.m2/repository/org/apache/hadoop/hadoop-hdds-server-scm/0.5.0-SNAPSHOT/hadoop-hdds-server-scm-0.5.0-SNAPSHOT.jar:/home/user/.m2/repository/org/apache/hadoop/hadoop-hdds-docs/0.5.0-SNAPSHOT/hadoop-hdds-docs-0.5.0-SNAPSHOT.jar:/home/user/.m2/repository/io/dropwizard/metrics/metrics-core/3.2.4/metrics-core-3.2.4.jar:/home/user/.m2/repository/org/hamcrest/hamcrest-all/1.3/hamcrest-all-1.3.jar:/home/user/.m2/repository/org/bouncycastle/bcprov-jdk15on/1.60/bcprov-jdk15on-1.60.jar:/home/user/.m2/repository/info/picocli/picocli/3.9.6/picocli-3.9.6.jar:/home/user/.m2/repository/com/google/protobuf/protobuf-java/2.5.0/protobuf-java-2.5.0.jar:/home/user/.m2/repository/com/google/guava/guava/11.0.2/guava-11.0.2.jar:/home/user/.m2/repository/org/apache/hadoop/hadoop-ozone-ozone-manager/0.5.0-SNAPSHOT/hadoop-ozone-ozone-manager-0.5.0-SNAPSHOT.jar:/home/user/.m2/repository/org/apache/hadoop/hadoop-minikdc/3.2.0/hadoop-minikdc-3.2.0.jar:/home/user/.m2/repository/commons-io/commons-io/2.5/commons-io-2.5.jar:/home/user/.m2/repository/org/apache/kerby/kerb-simplekdc/1.0.1/kerb-simplekdc-1.0.1.jar:/home/user/.m2/repository/org/apache/kerby/kerb-client/1.0.1/kerb-client-1.0.1.jar:/home/user/.m2/repository/org/apache/kerby/kerby-config/1.0.1/kerby-config-1.0.1.jar:/home/user/.m2/repository/org/apache/kerby/kerb-core/1.0.1/kerb-core-1.0.1.jar:/home/user/.m2/repository/org/apache/kerby/kerby-pkix/1.0.1/kerby-pkix-1.0.1.jar:/home/user/.m2/repository/org/apache/kerby/kerby-asn1/1.0.1/kerby-asn1-1.0.1.jar:/home/user/.m2/repository/org/apache/kerby/kerby-util/1.0.1/kerby-util-1.0.1.jar:/home/user/.m2/repository/org/apache/kerby/kerb-common/1.0.1/kerb-common-1.0.1.jar:/home/user/.m2/repository/org/apache/kerby/kerb-crypto/1.0.1/kerb-crypto-1.0.1.jar:/home/user/.m2/repository/org/apache/kerby/kerb-util/1.0.1/kerb-util-1.0.1.jar:/home/user/.m2/repository/org/apache/kerby/token-provider/1.0.1/token-provider-1.0.1.jar:/home/user/.m2/repository/org/apache/kerby/kerb-admin/1.0.1/kerb-admin-1.0.1.jar:/home/user/.m2/repository/org/apache/kerby/kerb-server/1.0.1/kerb-server-1.0.1.jar:/home/user/.m2/repository/org/apache/kerby/kerb-identity/1.0.1/kerb-identity-1.0.1.jar:/home/user/.m2/repository/org/apache/kerby/kerby-xdr/1.0.1/kerby-xdr-1.0.1.jar:/home/user/.m2/repository/org/slf4j/slf4j-log4j12/1.7.25/slf4j-log4j12-1.7.25.jar:/home/user/.m2/repository/org/apache/hadoop/hadoop-ozone-s3gateway/0.5.0-SNAPSHOT/hadoop-ozone-s3gateway-0.5.0-SNAPSHOT.jar:/home/user/.m2/repository/org/jboss/weld/servlet/weld-servlet/2.4.7.Final/weld-servlet-2.4.7.Final.jar:/home/user/.m2/repository/org/glassfish/jersey/containers/jersey-container-servlet-core/2.27/jersey-container-servlet-core-2.27.jar:/home/user/.m2/repository/org/glassfish/hk2/external/javax.inject/2.5.0-b42/javax.inject-2.5.0-b42.jar:/home/user/.m2/repository/org/glassfish/jersey/core/jersey-common/2.27/jersey-common-2.27.jar:/home/user/.m2/repository/org/glassfish/hk2/osgi-resource-locator/1.0.1/osgi-resource-locator-1.0.1.jar:/home/user/.m2/repository/javax/ws/rs/javax.ws.rs-api/2.1/javax.ws.rs-api-2.1.jar:/home/user/.m2/repository/org/glassfish/jersey/ext/cdi/jersey-cdi1x/2.27/jersey-cdi1x-2.27.jar:/home/user/.m2/repository/org/glassfish/jersey/inject/jersey-hk2/2.27/jersey-hk2-2.27.jar:/home/user/.m2/repository/org/glassfish/hk2/hk2-locator/2.5.0-b42/hk2-locator-2.5.0-b42.jar:/home/user/.m2/repository/org/javassist/javassist/3.22.0-CR2/javassist-3.22.0-CR2.jar:/home/user/.m2/repository/org/glassfish/hk2/hk2-api/2.5.0/hk2-api-2.5.0.jar:/home/user/.m2/repository/org/glassfish/hk2/external/jakarta.inject/2.5.0/jakarta.inject-2.5.0.jar:/home/user/.m2/repository/org/glassfish/hk2/hk2-utils/2.5.0/hk2-utils-2.5.0.jar:/home/user/.m2/repository/jakarta/annotation/jakarta.annotation-api/1.3.4/jakarta.annotation-api-1.3.4.jar:/home/user/.m2/repository/org/glassfish/hk2/external/aopalliance-repackaged/2.5.0/aopalliance-repackaged-2.5.0.jar:/home/user/.m2/repository/com/fasterxml/jackson/dataformat/jackson-dataformat-xml/2.9.0/jackson-dataformat-xml-2.9.0.jar:/home/user/.m2/repository/com/fasterxml/jackson/core/jackson-core/2.9.9/jackson-core-2.9.9.jar:/home/user/.m2/repository/com/fasterxml/jackson/module/jackson-module-jaxb-annotations/2.9.9/jackson-module-jaxb-annotations-2.9.9.jar:/home/user/.m2/repository/javax/enterprise/cdi-api/1.2/cdi-api-1.2.jar:/home/user/.m2/repository/javax/el/javax.el-api/3.0.0/javax.el-api-3.0.0.jar:/home/user/.m2/repository/javax/interceptor/javax.interceptor-api/1.2/javax.interceptor-api-1.2.jar:/home/user/.m2/repository/javax/inject/javax.inject/1/javax.inject-1.jar:/home/user/.m2/repository/com/sun/xml/bind/jaxb-impl/2.3.0.1/jaxb-impl-2.3.0.1.jar:/home/user/.m2/repository/com/sun/xml/bind/jaxb-core/2.3.0.1/jaxb-core-2.3.0.1.jar:/home/user/.m2/repository/javax/xml/bind/jaxb-api/2.3.0/jaxb-api-2.3.0.jar:/home/user/.m2/repository/javax/activation/activation/1.1.1/activation-1.1.1.jar:/home/user/.m2/repository/org/apache/hadoop/hadoop-ozone-csi/0.5.0-SNAPSHOT/hadoop-ozone-csi-0.5.0-SNAPSHOT.jar:/home/user/.m2/repository/com/google/protobuf/protobuf-java-util/3.5.1/protobuf-java-util-3.5.1.jar:/home/user/.m2/repository/org/apache/hadoop/hadoop-hdds-config/0.5.0-SNAPSHOT/hadoop-hdds-config-0.5.0-SNAPSHOT.jar:/home/user/.m2/repository/io/grpc/grpc-netty/1.17.1/grpc-netty-1.17.1.jar:/home/user/.m2/repository/io/grpc/grpc-core/1.17.1/grpc-core-1.17.1.jar:/home/user/.m2/repository/io/grpc/grpc-context/1.17.1/grpc-context-1.17.1.jar:/home/user/.m2/repository/com/google/errorprone/error_prone_annotations/2.2.0/error_prone_annotations-2.2.0.jar:/home/user/.m2/repository/org/codehaus/mojo/animal-sniffer-annotations/1.17/animal-sniffer-annotations-1.17.jar:/home/user/.m2/repository/io/opencensus/opencensus-api/0.17.0/opencensus-api-0.17.0.jar:/home/user/.m2/repository/io/opencensus/opencensus-contrib-grpc-metrics/0.17.0/opencensus-contrib-grpc-metrics-0.17.0.jar:/home/user/.m2/repository/io/netty/netty-codec-http2/4.1.30.Final/netty-codec-http2-4.1.30.Final.jar:/home/user/.m2/repository/io/netty/netty-codec-http/4.1.30.Final/netty-codec-http-4.1.30.Final.jar:/home/user/.m2/repository/io/netty/netty-codec/4.1.30.Final/netty-codec-4.1.30.Final.jar:/home/user/.m2/repository/io/netty/netty-handler/4.1.30.Final/netty-handler-4.1.30.Final.jar:/home/user/.m2/repository/io/netty/netty-handler-proxy/4.1.30.Final/netty-handler-proxy-4.1.30.Final.jar:/home/user/.m2/repository/io/netty/netty-codec-socks/4.1.30.Final/netty-codec-socks-4.1.30.Final.jar:/home/user/.m2/repository/io/netty/netty-transport-native-epoll/4.1.30.Final/netty-transport-native-epoll-4.1.30.Final.jar:/home/user/.m2/repository/io/netty/netty-common/4.1.30.Final/netty-common-4.1.30.Final.jar:/home/user/.m2/repository/io/netty/netty-buffer/4.1.30.Final/netty-buffer-4.1.30.Final.jar:/home/user/.m2/repository/io/netty/netty-transport/4.1.30.Final/netty-transport-4.1.30.Final.jar:/home/user/.m2/repository/io/netty/netty-resolver/4.1.30.Final/netty-resolver-4.1.30.Final.jar:/home/user/.m2/repository/io/netty/netty-transport-native-unix-common/4.1.30.Final/netty-transport-native-unix-common-4.1.30.Final.jar:/home/user/.m2/repository/io/grpc/grpc-protobuf/1.17.1/grpc-protobuf-1.17.1.jar:/home/user/.m2/repository/com/google/api/grpc/proto-google-common-protos/1.0.0/proto-google-common-protos-1.0.0.jar:/home/user/.m2/repository/io/grpc/grpc-protobuf-lite/1.17.1/grpc-protobuf-lite-1.17.1.jar:/home/user/.m2/repository/io/grpc/grpc-stub/1.17.1/grpc-stub-1.17.1.jar:/home/user/.m2/repository/org/apache/hadoop/hadoop-ozone-recon/0.5.0-SNAPSHOT/hadoop-ozone-recon-0.5.0-SNAPSHOT.jar:/home/user/.m2/repository/org/apache/hadoop/hadoop-ozone-reconcodegen/0.5.0-SNAPSHOT/hadoop-ozone-reconcodegen-0.5.0-SNAPSHOT.jar:/home/user/.m2/repository/com/google/inject/extensions/guice-multibindings/4.0/guice-multibindings-4.0.jar:/home/user/.m2/repository/com/google/inject/guice/4.0/guice-4.0.jar:/home/user/.m2/repository/aopalliance/aopalliance/1.0/aopalliance-1.0.jar:/home/user/.m2/repository/com/google/inject/extensions/guice-servlet/4.0/guice-servlet-4.0.jar:/home/user/.m2/repository/org/glassfish/jersey/containers/jersey-container-servlet/2.27/jersey-container-servlet-2.27.jar:/home/user/.m2/repository/org/glassfish/hk2/guice-bridge/2.5.0/guice-bridge-2.5.0.jar:/home/user/.m2/repository/org/glassfish/jersey/core/jersey-server/2.27/jersey-server-2.27.jar:/home/user/.m2/repository/org/glassfish/jersey/core/jersey-client/2.27/jersey-client-2.27.jar:/home/user/.m2/repository/org/glassfish/jersey/media/jersey-media-jaxb/2.27/jersey-media-jaxb-2.27.jar:/home/user/.m2/repository/javax/validation/validation-api/1.1.0.Final/validation-api-1.1.0.Final.jar:/home/user/.m2/repository/org/glassfish/jersey/media/jersey-media-json-jackson/2.27/jersey-media-json-jackson-2.27.jar:/home/user/.m2/repository/org/glassfish/jersey/ext/jersey-entity-filtering/2.27/jersey-entity-filtering-2.27.jar:/home/user/.m2/repository/com/google/inject/extensions/guice-assistedinject/4.0/guice-assistedinject-4.0.jar:/home/user/.m2/repository/org/jooq/jooq/3.11.10/jooq-3.11.10.jar:/home/user/.m2/repository/org/jooq/jooq-meta/3.11.10/jooq-meta-3.11.10.jar:/home/user/.m2/repository/org/jooq/jooq-codegen/3.11.10/jooq-codegen-3.11.10.jar:/home/user/.m2/repository/com/jolbox/bonecp/0.8.0.RELEASE/bonecp-0.8.0.RELEASE.jar:/home/user/.m2/repository/org/xerial/sqlite-jdbc/3.25.2/sqlite-jdbc-3.25.2.jar:/home/user/.m2/repository/org/springframework/spring-jdbc/5.1.3.RELEASE/spring-jdbc-5.1.3.RELEASE.jar:/home/user/.m2/repository/org/springframework/spring-beans/5.1.3.RELEASE/spring-beans-5.1.3.RELEASE.jar:/home/user/.m2/repository/org/springframework/spring-core/5.1.3.RELEASE/spring-core-5.1.3.RELEASE.jar:/home/user/.m2/repository/org/springframework/spring-jcl/5.1.3.RELEASE/spring-jcl-5.1.3.RELEASE.jar:/home/user/.m2/repository/org/springframework/spring-tx/5.1.3.RELEASE/spring-tx-5.1.3.RELEASE.jar:/home/user/.m2/repository/org/apache/hadoop/hadoop-ozone-client/0.5.0-SNAPSHOT/hadoop-ozone-client-0.5.0-SNAPSHOT.jar:/home/user/.m2/repository/commons-lang/commons-lang/2.6/commons-lang-2.6.jar:/home/user/.m2/repository/org/apache/hadoop/hadoop-ozone-ozone-manager/0.5.0-SNAPSHOT/hadoop-ozone-ozone-manager-0.5.0-SNAPSHOT-tests.jar:/home/user/.m2/repository/junit/junit/4.11/junit-4.11.jar:/home/user/.m2/repository/org/hamcrest/hamcrest-core/1.3/hamcrest-core-1.3.jar:/home/user/.m2/repository/org/openjdk/jmh/jmh-core/1.19/jmh-core-1.19.jar:/home/user/.m2/repository/net/sf/jopt-simple/jopt-simple/4.6/jopt-simple-4.6.jar:/home/user/.m2/repository/org/apache/commons/commons-math3/3.1.1/commons-math3-3.1.1.jar:/home/user/.m2/repository/org/openjdk/jmh/jmh-generator-annprocess/1.19/jmh-generator-annprocess-1.19.jar:/home/user/.m2/repository/org/mockito/mockito-all/1.8.5/mockito-all-1.8.5.jar:/home/user/.m2/repository/org/apache/hadoop/hadoop-kms/3.2.0/hadoop-kms-3.2.0.jar:/home/user/.m2/repository/org/apache/hadoop/hadoop-auth/3.2.0/hadoop-auth-3.2.0.jar:/home/user/.m2/repository/com/nimbusds/nimbus-jose-jwt/4.41.1/nimbus-jose-jwt-4.41.1.jar:/home/user/.m2/repository/com/github/stephenc/jcip/jcip-annotations/1.0-1/jcip-annotations-1.0-1.jar:/home/user/.m2/repository/net/minidev/json-smart/2.3/json-smart-2.3.jar:/home/user/.m2/repository/net/minidev/accessors-smart/1.2/accessors-smart-1.2.jar:/home/user/.m2/repository/org/ow2/asm/asm/5.0.4/asm-5.0.4.jar:/home/user/.m2/repository/org/apache/curator/curator-framework/2.12.0/curator-framework-2.12.0.jar:/home/user/.m2/repository/com/sun/jersey/jersey-core/1.19/jersey-core-1.19.jar:/home/user/.m2/repository/javax/ws/rs/jsr311-api/1.1.1/jsr311-api-1.1.1.jar:/home/user/.m2/repository/com/sun/jersey/jersey-server/1.19/jersey-server-1.19.jar:/home/user/.m2/repository/javax/servlet/javax.servlet-api/3.1.0/javax.servlet-api-3.1.0.jar:/home/user/.m2/repository/org/eclipse/jetty/jetty-server/9.3.25.v20180904/jetty-server-9.3.25.v20180904.jar:/home/user/.m2/repository/org/eclipse/jetty/jetty-http/9.3.25.v20180904/jetty-http-9.3.25.v20180904.jar:/home/user/.m2/repository/org/eclipse/jetty/jetty-io/9.3.25.v20180904/jetty-io-9.3.25.v20180904.jar:/home/user/.m2/repository/org/eclipse/jetty/jetty-webapp/9.3.25.v20180904/jetty-webapp-9.3.25.v20180904.jar:/home/user/.m2/repository/org/eclipse/jetty/jetty-xml/9.3.25.v20180904/jetty-xml-9.3.25.v20180904.jar:/home/user/.m2/repository/log4j/log4j/1.2.17/log4j-1.2.17.jar:/home/user/.m2/repository/org/slf4j/slf4j-api/1.7.25/slf4j-api-1.7.25.jar:/home/user/.m2/repository/org/slf4j/jul-to-slf4j/1.7.25/jul-to-slf4j-1.7.25.jar:/home/user/.m2/repository/org/eclipse/jetty/jetty-util/9.3.25.v20180904/jetty-util-9.3.25.v20180904.jar:/home/user/.m2/repository/com/fasterxml/jackson/core/jackson-databind/2.9.9/jackson-databind-2.9.9.jar:/home/user/.m2/repository/org/apache/hadoop/hadoop-kms/3.2.0/hadoop-kms-3.2.0-tests.jar:/home/user/.m2/repository/org/apache/hadoop/hadoop-hdds-server-scm/0.5.0-SNAPSHOT/hadoop-hdds-server-scm-0.5.0-SNAPSHOT-tests.jar:/home/user/.m2/repository/org/apache/hadoop/hadoop-hdds-container-service/0.5.0-SNAPSHOT/hadoop-hdds-container-service-0.5.0-SNAPSHOT-tests.jar:/home/user/.m2/repository/org/yaml/snakeyaml/1.16/snakeyaml-1.16.jar:/home/user/.m2/repository/org/apache/hadoop/hadoop-common/3.2.0/hadoop-common-3.2.0-tests.jar:/home/user/.m2/repository/org/apache/hadoop/hadoop-annotations/3.2.0/hadoop-annotations-3.2.0.jar:/usr/lib/jvm/java-1.8.0-openjdk-1.8.0.222.b10-1.el7_7.x86_64/jre/../lib/tools.jar:/home/user/.m2/repository/commons-cli/commons-cli/1.2/commons-cli-1.2.jar:/home/user/.m2/repository/org/apache/httpcomponents/httpclient/4.5.2/httpclient-4.5.2.jar:/home/user/.m2/repository/org/apache/httpcomponents/httpcore/4.4.4/httpcore-4.4.4.jar:/home/user/.m2/repository/commons-codec/commons-codec/1.11/commons-codec-1.11.jar:/home/user/.m2/repository/commons-net/commons-net/3.6/commons-net-3.6.jar:/home/user/.m2/repository/commons-collections/commons-collections/3.2.2/commons-collections-3.2.2.jar:/home/user/.m2/repository/org/eclipse/jetty/jetty-servlet/9.3.25.v20180904/jetty-servlet-9.3.25.v20180904.jar:/home/user/.m2/repository/org/eclipse/jetty/jetty-security/9.3.25.v20180904/jetty-security-9.3.25.v20180904.jar:/home/user/.m2/repository/javax/servlet/jsp/jsp-api/2.1/jsp-api-2.1.jar:/home/user/.m2/repository/com/sun/jersey/jersey-servlet/1.19/jersey-servlet-1.19.jar:/home/user/.m2/repository/com/sun/jersey/jersey-json/1.19/jersey-json-1.19.jar:/home/user/.m2/repository/org/codehaus/jettison/jettison/1.1/jettison-1.1.jar:/home/user/.m2/repository/org/codehaus/jackson/jackson-core-asl/1.9.13/jackson-core-asl-1.9.13.jar:/home/user/.m2/repository/org/codehaus/jackson/jackson-mapper-asl/1.9.13/jackson-mapper-asl-1.9.13.jar:/home/user/.m2/repository/org/codehaus/jackson/jackson-jaxrs/1.9.13/jackson-jaxrs-1.9.13.jar:/home/user/.m2/repository/org/codehaus/jackson/jackson-xc/1.9.13/jackson-xc-1.9.13.jar:/home/user/.m2/repository/commons-logging/commons-logging/1.1.3/commons-logging-1.1.3.jar:/home/user/.m2/repository/commons-beanutils/commons-beanutils/1.9.4/commons-beanutils-1.9.4.jar:/home/user/.m2/repository/org/apache/commons/commons-configuration2/2.1.1/commons-configuration2-2.1.1.jar:/home/user/.m2/repository/org/apache/commons/commons-lang3/3.7/commons-lang3-3.7.jar:/home/user/.m2/repository/org/apache/commons/commons-text/1.4/commons-text-1.4.jar:/home/user/.m2/repository/org/apache/avro/avro/1.7.7/avro-1.7.7.jar:/home/user/.m2/repository/com/thoughtworks/paranamer/paranamer/2.3/paranamer-2.3.jar:/home/user/.m2/repository/org/xerial/snappy/snappy-java/1.0.5/snappy-java-1.0.5.jar:/home/user/.m2/repository/com/google/re2j/re2j/1.1/re2j-1.1.jar:/home/user/.m2/repository/com/google/code/gson/gson/2.2.4/gson-2.2.4.jar:/home/user/.m2/repository/com/jcraft/jsch/0.1.54/jsch-0.1.54.jar:/home/user/.m2/repository/org/apache/curator/curator-client/2.12.0/curator-client-2.12.0.jar:/home/user/.m2/repository/org/apache/curator/curator-recipes/2.12.0/curator-recipes-2.12.0.jar:/home/user/.m2/repository/com/google/code/findbugs/jsr305/3.0.0/jsr305-3.0.0.jar:/home/user/.m2/repository/org/apache/htrace/htrace-core4/4.1.0-incubating/htrace-core4-4.1.0-incubating.jar:/home/user/.m2/repository/org/apache/zookeeper/zookeeper/3.4.13/zookeeper-3.4.13.jar:/home/user/.m2/repository/jline/jline/0.9.94/jline-0.9.94.jar:/home/user/.m2/repository/org/apache/yetus/audience-annotations/0.5.0/audience-annotations-0.5.0.jar:/home/user/.m2/repository/org/codehaus/woodstox/stax2-api/3.1.4/stax2-api-3.1.4.jar:/home/user/.m2/repository/com/fasterxml/woodstox/woodstox-core/5.0.3/woodstox-core-5.0.3.jar:/home/user/.m2/repository/dnsjava/dnsjava/2.1.7/dnsjava-2.1.7.jar:/home/user/.m2/repository/org/apache/hadoop/hadoop-hdfs/3.2.0/hadoop-hdfs-3.2.0-tests.jar:/home/user/.m2/repository/org/eclipse/jetty/jetty-util-ajax/9.3.25.v20180904/jetty-util-ajax-9.3.25.v20180904.jar:/home/user/.m2/repository/commons-daemon/commons-daemon/1.0.13/commons-daemon-1.0.13.jar:/home/user/.m2/repository/io/netty/netty/3.10.5.Final/netty-3.10.5.Final.jar:/home/user/.m2/repository/io/netty/netty-all/4.0.52.Final/netty-all-4.0.52.Final.jar:/home/user/.m2/repository/org/fusesource/leveldbjni/leveldbjni-all/1.8/leveldbjni-all-1.8.jar:"/>
    <property name="sun.cpu.endian" value="little"/>
    <property name="user.home" value="/home/user"/>
    <property name="user.language" value="en"/>
    <property name="java.specification.vendor" value="Oracle Corporation"/>
    <property name="java.home" value="/usr/lib/jvm/java-1.8.0-openjdk-1.8.0.222.b10-1.el7_7.x86_64/jre"/>
    <property name="surefire.excludesFile" value="/tools/ozone-bad-unit-tests"/>
    <property name="java.security.krb5.conf" value="/workdir/hadoop-ozone/integration-test/target/test-classes/krb5.conf"/>
    <property name="basedir" value="/workdir/hadoop-ozone/integration-test"/>
    <property name="file.separator" value="/"/>
    <property name="line.separator" value="&#10;"/>
    <property name="java.vm.specification.vendor" value="Oracle Corporation"/>
    <property name="java.specification.name" value="Java Platform API Specification"/>
    <property name="java.awt.graphicsenv" value="sun.awt.X11GraphicsEnvironment"/>
    <property name="surefire.real.class.path" value="/workdir/hadoop-ozone/integration-test/target/surefire/surefirebooter5279799756862694753.jar"/>
    <property name="hadoop.log.dir" value="/workdir/hadoop-ozone/integration-test/target/log"/>
    <property name="sun.boot.class.path" value="/usr/lib/jvm/java-1.8.0-openjdk-1.8.0.222.b10-1.el7_7.x86_64/jre/lib/resources.jar:/usr/lib/jvm/java-1.8.0-openjdk-1.8.0.222.b10-1.el7_7.x86_64/jre/lib/rt.jar:/usr/lib/jvm/java-1.8.0-openjdk-1.8.0.222.b10-1.el7_7.x86_64/jre/lib/sunrsasign.jar:/usr/lib/jvm/java-1.8.0-openjdk-1.8.0.222.b10-1.el7_7.x86_64/jre/lib/jsse.jar:/usr/lib/jvm/java-1.8.0-openjdk-1.8.0.222.b10-1.el7_7.x86_64/jre/lib/jce.jar:/usr/lib/jvm/java-1.8.0-openjdk-1.8.0.222.b10-1.el7_7.x86_64/jre/lib/charsets.jar:/usr/lib/jvm/java-1.8.0-openjdk-1.8.0.222.b10-1.el7_7.x86_64/jre/lib/jfr.jar:/usr/lib/jvm/java-1.8.0-openjdk-1.8.0.222.b10-1.el7_7.x86_64/jre/classes"/>
    <property name="sun.management.compiler" value="HotSpot 64-Bit Tiered Compilers"/>
    <property name="java.runtime.version" value="1.8.0_222-b10"/>
    <property name="java.net.preferIPv4Stack" value="true"/>
    <property name="user.name" value="jenkins1000"/>
    <property name="path.separator" value=":"/>
    <property name="java.security.egd" value="file:///dev/urandom"/>
    <property name="os.version" value="3.10.0-957.12.2.el7.x86_64"/>
    <property name="java.endorsed.dirs" value="/usr/lib/jvm/java-1.8.0-openjdk-1.8.0.222.b10-1.el7_7.x86_64/jre/lib/endorsed"/>
    <property name="java.runtime.name" value="OpenJDK Runtime Environment"/>
    <property name="file.encoding" value="ANSI_X3.4-1968"/>
    <property name="java.vm.name" value="OpenJDK 64-Bit Server VM"/>
    <property name="test.build.webapps" value=""/>
    <property name="localRepository" value="/home/user/.m2/repository"/>
    <property name="java.vendor.url.bug" value="http://bugreport.sun.com/bugreport/"/>
    <property name="java.io.tmpdir" value="/tmp"/>
    <property name="require.test.libhadoop" value=""/>
    <property name="java.version" value="1.8.0_222"/>
    <property name="user.dir" value="/workdir/hadoop-ozone/integration-test"/>
    <property name="os.arch" value="amd64"/>
    <property name="java.vm.specification.name" value="Java Virtual Machine Specification"/>
    <property name="test.build.classes" value="/workdir/hadoop-ozone/integration-test/target/test-classes"/>
    <property name="java.awt.printerjob" value="sun.print.PSPrinterJob"/>
    <property name="sun.os.patch.level" value="unknown"/>
    <property name="hadoop.tmp.dir" value="/workdir/hadoop-ozone/integration-test/target/tmp"/>
    <property name="java.library.path" value="/usr/lib:/workdir/hadoop-ozone/integration-test/target/native/target/usr/local/lib:/workdir/hadoop-ozone/integration-test/../../hadoop-common-project/hadoop-common/target/native/target/usr/local/lib:/usr/java/packages/lib/amd64:/usr/lib64:/lib64:/lib:/usr/lib"/>
    <property name="java.vm.info" value="mixed mode"/>
    <property name="java.vendor" value="Oracle Corporation"/>
    <property name="java.vm.version" value="25.222-b10"/>
    <property name="java.ext.dirs" value="/usr/lib/jvm/java-1.8.0-openjdk-1.8.0.222.b10-1.el7_7.x86_64/jre/lib/ext:/usr/java/packages/lib/ext"/>
    <property name="sun.io.unicode.encoding" value="UnicodeLittle"/>
    <property name="java.class.version" value="52.0"/>
  </properties>
  <testcase name="testMultiBlockWritesWithIntermittentDnFailures" classname="org.apache.hadoop.ozone.client.rpc.TestMultiBlockWritesWithDnFailures" time="49.165">
    <failure message="expected:&lt;6&gt; but was:&lt;3&gt;" type="java.lang.AssertionError"><![CDATA[java.lang.AssertionError: expected:<6> but was:<3>
	at org.junit.Assert.fail(Assert.java:88)
	at org.junit.Assert.failNotEquals(Assert.java:743)
	at org.junit.Assert.assertEquals(Assert.java:118)
	at org.junit.Assert.assertEquals(Assert.java:555)
	at org.junit.Assert.assertEquals(Assert.java:542)
	at org.apache.hadoop.ozone.client.rpc.TestMultiBlockWritesWithDnFailures.testMultiBlockWritesWithIntermittentDnFailures(TestMultiBlockWritesWithDnFailures.java:176)
	at sun.reflect.NativeMethodAccessorImpl.invoke0(Native Method)
	at sun.reflect.NativeMethodAccessorImpl.invoke(NativeMethodAccessorImpl.java:62)
	at sun.reflect.DelegatingMethodAccessorImpl.invoke(DelegatingMethodAccessorImpl.java:43)
	at java.lang.reflect.Method.invoke(Method.java:498)
	at org.junit.runners.model.FrameworkMethod$1.runReflectiveCall(FrameworkMethod.java:47)
	at org.junit.internal.runners.model.ReflectiveCallable.run(ReflectiveCallable.java:12)
	at org.junit.runners.model.FrameworkMethod.invokeExplosively(FrameworkMethod.java:44)
	at org.junit.internal.runners.statements.InvokeMethod.evaluate(InvokeMethod.java:17)
	at org.junit.internal.runners.statements.RunAfters.evaluate(RunAfters.java:27)
	at org.junit.runners.ParentRunner.runLeaf(ParentRunner.java:271)
	at org.junit.runners.BlockJUnit4ClassRunner.runChild(BlockJUnit4ClassRunner.java:70)
	at org.junit.runners.BlockJUnit4ClassRunner.runChild(BlockJUnit4ClassRunner.java:50)
	at org.junit.runners.ParentRunner$3.run(ParentRunner.java:238)
	at org.junit.runners.ParentRunner$1.schedule(ParentRunner.java:63)
	at org.junit.runners.ParentRunner.runChildren(ParentRunner.java:236)
	at org.junit.runners.ParentRunner.access$000(ParentRunner.java:53)
	at org.junit.runners.ParentRunner$2.evaluate(ParentRunner.java:229)
	at org.junit.runners.ParentRunner.run(ParentRunner.java:309)
	at org.apache.maven.surefire.junit4.JUnit4Provider.execute(JUnit4Provider.java:365)
	at org.apache.maven.surefire.junit4.JUnit4Provider.executeWithRerun(JUnit4Provider.java:273)
	at org.apache.maven.surefire.junit4.JUnit4Provider.executeTestSet(JUnit4Provider.java:238)
	at org.apache.maven.surefire.junit4.JUnit4Provider.invoke(JUnit4Provider.java:159)
	at org.apache.maven.surefire.booter.ForkedBooter.invokeProviderInSameClassLoader(ForkedBooter.java:384)
	at org.apache.maven.surefire.booter.ForkedBooter.runSuitesInProcess(ForkedBooter.java:345)
	at org.apache.maven.surefire.booter.ForkedBooter.execute(ForkedBooter.java:126)
	at org.apache.maven.surefire.booter.ForkedBooter.main(ForkedBooter.java:418)
]]></failure>
    <system-out><![CDATA[2019-10-24 15:43:37,329 [main] WARN  server.ServerUtils (ServerUtils.java:getScmDbDir(145)) - ozone.scm.db.dirs is not configured. We recommend adding this setting. Falling back to ozone.metadata.dirs instead.
2019-10-24 15:43:37,458 [main] WARN  server.ServerUtils (ServerUtils.java:getScmDbDir(145)) - ozone.scm.db.dirs is not configured. We recommend adding this setting. Falling back to ozone.metadata.dirs instead.
2019-10-24 15:43:37,461 [main] WARN  server.ServerUtils (ServerUtils.java:getScmDbDir(145)) - ozone.scm.db.dirs is not configured. We recommend adding this setting. Falling back to ozone.metadata.dirs instead.
2019-10-24 15:43:37,491 [main] INFO  util.log (Log.java:initialized(192)) - Logging initialized @924ms
2019-10-24 15:43:37,588 [main] INFO  db.DBStoreBuilder (DBStoreBuilder.java:addTable(117)) - using custom profile for table: deletedBlocks
2019-10-24 15:43:37,588 [main] INFO  db.DBStoreBuilder (DBStoreBuilder.java:processTables(168)) - Using default column profile:DBProfile.DISK for Table:deletedBlocks
2019-10-24 15:43:37,589 [main] INFO  db.DBStoreBuilder (DBStoreBuilder.java:addTable(117)) - using custom profile for table: validCerts
2019-10-24 15:43:37,589 [main] INFO  db.DBStoreBuilder (DBStoreBuilder.java:processTables(168)) - Using default column profile:DBProfile.DISK for Table:validCerts
2019-10-24 15:43:37,589 [main] INFO  db.DBStoreBuilder (DBStoreBuilder.java:addTable(117)) - using custom profile for table: revokedCerts
2019-10-24 15:43:37,590 [main] INFO  db.DBStoreBuilder (DBStoreBuilder.java:processTables(168)) - Using default column profile:DBProfile.DISK for Table:revokedCerts
2019-10-24 15:43:37,604 [main] INFO  db.DBStoreBuilder (DBStoreBuilder.java:addTable(117)) - using custom profile for table: default
2019-10-24 15:43:37,605 [main] INFO  db.DBStoreBuilder (DBStoreBuilder.java:processTables(174)) - Using default column profile:DBProfile.DISK for Table:default
2019-10-24 15:43:37,607 [main] INFO  db.DBStoreBuilder (DBStoreBuilder.java:getDbProfile(205)) - Using default options. DBProfile.DISK
2019-10-24 15:43:37,894 [main] INFO  net.NodeSchemaLoader (NodeSchemaLoader.java:loadSchemaFromFile(125)) - Loading file from sun.misc.CompoundEnumeration@6b2ea799
2019-10-24 15:43:37,896 [main] INFO  net.NodeSchemaLoader (NodeSchemaLoader.java:loadSchema(171)) - Loading network topology layer schema file
2019-10-24 15:43:37,961 [main] INFO  node.SCMNodeManager (SCMNodeManager.java:<init>(116)) - Entering startup safe mode.
2019-10-24 15:43:38,033 [main] INFO  algorithms.ContainerPlacementPolicyFactory (ContainerPlacementPolicyFactory.java:getPolicy(57)) - Create container placement policy of type org.apache.hadoop.hdds.scm.container.placement.algorithms.SCMContainerPlacementRandom
2019-10-24 15:43:38,048 [main] WARN  server.ServerUtils (ServerUtils.java:getScmDbDir(145)) - ozone.scm.db.dirs is not configured. We recommend adding this setting. Falling back to ozone.metadata.dirs instead.
2019-10-24 15:43:38,114 [main] INFO  pipeline.SCMPipelineManager (SCMPipelineManager.java:initializePipelineState(132)) - No pipeline exists in current db
2019-10-24 15:43:38,118 [main] WARN  server.ServerUtils (ServerUtils.java:getScmDbDir(145)) - ozone.scm.db.dirs is not configured. We recommend adding this setting. Falling back to ozone.metadata.dirs instead.
2019-10-24 15:43:38,252 [main] WARN  events.EventQueue (EventQueue.java:fireEvent(183)) - No event handler registered for event TypedEvent{payloadType=SafeModeStatus, name='SafeModeStatus'}
2019-10-24 15:43:38,646 [main] INFO  ipc.CallQueueManager (CallQueueManager.java:<init>(84)) - Using callQueue: class java.util.concurrent.LinkedBlockingQueue, queueCapacity: 2000, scheduler: class org.apache.hadoop.ipc.DefaultRpcScheduler, ipcBackoff: false.
2019-10-24 15:43:38,682 [Socket Reader #1 for port 37504] INFO  ipc.Server (Server.java:run(1074)) - Starting Socket Reader #1 for port 37504
2019-10-24 15:43:38,827 [main] INFO  ipc.CallQueueManager (CallQueueManager.java:<init>(84)) - Using callQueue: class java.util.concurrent.LinkedBlockingQueue, queueCapacity: 2000, scheduler: class org.apache.hadoop.ipc.DefaultRpcScheduler, ipcBackoff: false.
2019-10-24 15:43:38,829 [Socket Reader #1 for port 35893] INFO  ipc.Server (Server.java:run(1074)) - Starting Socket Reader #1 for port 35893
2019-10-24 15:43:38,839 [main] INFO  ipc.CallQueueManager (CallQueueManager.java:<init>(84)) - Using callQueue: class java.util.concurrent.LinkedBlockingQueue, queueCapacity: 2000, scheduler: class org.apache.hadoop.ipc.DefaultRpcScheduler, ipcBackoff: false.
2019-10-24 15:43:38,841 [Socket Reader #1 for port 44867] INFO  ipc.Server (Server.java:run(1074)) - Starting Socket Reader #1 for port 44867
2019-10-24 15:43:38,875 [main] INFO  hdfs.DFSUtil (DFSUtil.java:httpServerTemplateForNNAndJN(1641)) - Starting Web-server for scm at: http://0.0.0.0:0
2019-10-24 15:43:39,062 [main] INFO  server.AuthenticationFilter (AuthenticationFilter.java:constructSecretProvider(240)) - Unable to initialize FileSignerSecretProvider, falling back to use random secrets.
2019-10-24 15:43:39,071 [main] WARN  http.HttpRequestLog (HttpRequestLog.java:getRequestLog(97)) - Jetty request log can only be enabled using Log4j
2019-10-24 15:43:39,079 [main] INFO  http.HttpServer2 (HttpServer2.java:addGlobalFilter(975)) - Added global filter 'safety' (class=org.apache.hadoop.http.HttpServer2$QuotingInputFilter)
2019-10-24 15:43:39,082 [main] INFO  http.HttpServer2 (HttpServer2.java:addFilter(948)) - Added filter static_user_filter (class=org.apache.hadoop.http.lib.StaticUserWebFilter$StaticUserFilter) to context scm
2019-10-24 15:43:39,082 [main] INFO  http.HttpServer2 (HttpServer2.java:addFilter(958)) - Added filter static_user_filter (class=org.apache.hadoop.http.lib.StaticUserWebFilter$StaticUserFilter) to context logs
2019-10-24 15:43:39,083 [main] INFO  http.HttpServer2 (HttpServer2.java:addFilter(958)) - Added filter static_user_filter (class=org.apache.hadoop.http.lib.StaticUserWebFilter$StaticUserFilter) to context static
2019-10-24 15:43:39,115 [main] INFO  server.StorageContainerManager (StorageContainerManager.java:start(772)) - StorageContainerLocationProtocol RPC server is listening at /0.0.0.0:44867
2019-10-24 15:43:39,175 [main] WARN  impl.MetricsConfig (MetricsConfig.java:loadFirst(134)) - Cannot locate configuration: tried hadoop-metrics2-storagecontainermanager.properties,hadoop-metrics2.properties
2019-10-24 15:43:39,188 [main] INFO  impl.MetricsSystemImpl (MetricsSystemImpl.java:startTimer(374)) - Scheduled Metric snapshot period at 10 second(s).
2019-10-24 15:43:39,188 [main] INFO  impl.MetricsSystemImpl (MetricsSystemImpl.java:start(191)) - StorageContainerManager metrics system started
2019-10-24 15:43:39,454 [main] INFO  server.SCMClientProtocolServer (SCMClientProtocolServer.java:start(159)) - RPC server for Client  is listening at /0.0.0.0:44867
2019-10-24 15:43:39,455 [IPC Server listener on 44867] INFO  ipc.Server (Server.java:run(1153)) - IPC Server listener on 44867: starting
2019-10-24 15:43:39,455 [IPC Server Responder] INFO  ipc.Server (Server.java:run(1314)) - IPC Server Responder: starting
2019-10-24 15:43:39,458 [main] INFO  server.StorageContainerManager (StorageContainerManager.java:start(782)) - ScmBlockLocationProtocol RPC server is listening at /0.0.0.0:35893
2019-10-24 15:43:39,459 [main] INFO  server.SCMBlockProtocolServer (SCMBlockProtocolServer.java:start(146)) - RPC server for Block Protocol is listening at /0.0.0.0:35893
2019-10-24 15:43:39,460 [IPC Server Responder] INFO  ipc.Server (Server.java:run(1314)) - IPC Server Responder: starting
2019-10-24 15:43:39,460 [IPC Server listener on 35893] INFO  ipc.Server (Server.java:run(1153)) - IPC Server listener on 35893: starting
2019-10-24 15:43:39,462 [main] INFO  server.StorageContainerManager (StorageContainerManager.java:start(786)) - ScmDatanodeProtocl RPC server is listening at /0.0.0.0:37504
2019-10-24 15:43:39,462 [main] INFO  server.SCMDatanodeProtocolServer (SCMDatanodeProtocolServer.java:start(169)) - RPC server for DataNodes is listening at /0.0.0.0:37504
2019-10-24 15:43:39,463 [IPC Server Responder] INFO  ipc.Server (Server.java:run(1314)) - IPC Server Responder: starting
2019-10-24 15:43:39,463 [IPC Server listener on 37504] INFO  ipc.Server (Server.java:run(1153)) - IPC Server listener on 37504: starting
2019-10-24 15:43:39,467 [main] INFO  http.HttpServer2 (HttpServer2.java:bindListener(1191)) - Jetty bound to port 38936
2019-10-24 15:43:39,469 [main] INFO  server.Server (Server.java:doStart(351)) - jetty-9.3.25.v20180904, build timestamp: 2018-09-04T21:11:46Z, git hash: 3ce520221d0240229c862b122d2b06c12a625732
2019-10-24 15:43:39,509 [main] INFO  handler.ContextHandler (ContextHandler.java:doStart(781)) - Started o.e.j.s.ServletContextHandler@340da44c{/logs,file:///workdir/hadoop-ozone/integration-test/target/log,AVAILABLE}
2019-10-24 15:43:39,510 [main] INFO  handler.ContextHandler (ContextHandler.java:doStart(781)) - Started o.e.j.s.ServletContextHandler@37052337{/static,file:///workdir/hadoop-ozone/integration-test/target/test-classes/webapps/static,AVAILABLE}
2019-10-24 15:43:39,544 [main] INFO  handler.ContextHandler (ContextHandler.java:doStart(781)) - Started o.e.j.w.WebAppContext@3b366632{/,file:///workdir/hadoop-ozone/integration-test/target/test-classes/webapps/scm/,AVAILABLE}{/scm}
2019-10-24 15:43:39,551 [main] INFO  server.AbstractConnector (AbstractConnector.java:doStart(278)) - Started ServerConnector@6815c5f2{HTTP/1.1,[http/1.1]}{0.0.0.0:38936}
2019-10-24 15:43:39,551 [main] INFO  server.Server (Server.java:doStart(419)) - Started @2984ms
2019-10-24 15:43:39,553 [main] INFO  impl.MetricsSinkAdapter (MetricsSinkAdapter.java:start(204)) - Sink prometheus started
2019-10-24 15:43:39,553 [main] INFO  impl.MetricsSystemImpl (MetricsSystemImpl.java:registerSink(301)) - Registered sink prometheus
2019-10-24 15:43:39,555 [main] INFO  server.BaseHttpServer (BaseHttpServer.java:updateConnectorAddress(215)) - HTTP server of SCM is listening at http://0.0.0.0:38936
2019-10-24 15:43:39,564 [org.apache.hadoop.util.JvmPauseMonitor$Monitor@4263b080] INFO  util.JvmPauseMonitor (JvmPauseMonitor.java:run(188)) - Starting JVM pause monitor
2019-10-24 15:43:39,569 [main] WARN  server.ServerUtils (ServerUtils.java:getDBPath(222)) - ozone.om.db.dirs is not configured. We recommend adding this setting. Falling back to ozone.metadata.dirs instead.
2019-10-24 15:43:39,708 [main] INFO  ha.OMHANodeDetails (OMHANodeDetails.java:loadOMHAConfig(190)) - Configuration either no ozone.om.address set. Falling back to the default OM address /127.0.0.1:0
2019-10-24 15:43:39,709 [main] INFO  ha.OMHANodeDetails (OMHANodeDetails.java:getOMNodeDetails(220)) - OM Service ID is not set. Setting it to the default ID: omServiceIdDefault
2019-10-24 15:43:39,711 [main] WARN  server.ServerUtils (ServerUtils.java:getDBPath(222)) - ozone.om.db.dirs is not configured. We recommend adding this setting. Falling back to ozone.metadata.dirs instead.
2019-10-24 15:43:39,712 [main] WARN  server.ServerUtils (ServerUtils.java:getDBPath(222)) - ozone.om.db.dirs is not configured. We recommend adding this setting. Falling back to ozone.metadata.dirs instead.
2019-10-24 15:43:40,379 [main] WARN  server.ServerUtils (ServerUtils.java:getDBPath(222)) - ozone.om.db.dirs is not configured. We recommend adding this setting. Falling back to ozone.metadata.dirs instead.
2019-10-24 15:43:40,387 [main] INFO  db.DBStoreBuilder (DBStoreBuilder.java:addTable(117)) - using custom profile for table: userTable
2019-10-24 15:43:40,388 [main] INFO  db.DBStoreBuilder (DBStoreBuilder.java:processTables(168)) - Using default column profile:DBProfile.DISK for Table:userTable
2019-10-24 15:43:40,388 [main] INFO  db.DBStoreBuilder (DBStoreBuilder.java:addTable(117)) - using custom profile for table: volumeTable
2019-10-24 15:43:40,388 [main] INFO  db.DBStoreBuilder (DBStoreBuilder.java:processTables(168)) - Using default column profile:DBProfile.DISK for Table:volumeTable
2019-10-24 15:43:40,388 [main] INFO  db.DBStoreBuilder (DBStoreBuilder.java:addTable(117)) - using custom profile for table: bucketTable
2019-10-24 15:43:40,389 [main] INFO  db.DBStoreBuilder (DBStoreBuilder.java:processTables(168)) - Using default column profile:DBProfile.DISK for Table:bucketTable
2019-10-24 15:43:40,389 [main] INFO  db.DBStoreBuilder (DBStoreBuilder.java:addTable(117)) - using custom profile for table: keyTable
2019-10-24 15:43:40,389 [main] INFO  db.DBStoreBuilder (DBStoreBuilder.java:processTables(168)) - Using default column profile:DBProfile.DISK for Table:keyTable
2019-10-24 15:43:40,389 [main] INFO  db.DBStoreBuilder (DBStoreBuilder.java:addTable(117)) - using custom profile for table: deletedTable
2019-10-24 15:43:40,389 [main] INFO  db.DBStoreBuilder (DBStoreBuilder.java:processTables(168)) - Using default column profile:DBProfile.DISK for Table:deletedTable
2019-10-24 15:43:40,390 [main] INFO  db.DBStoreBuilder (DBStoreBuilder.java:addTable(117)) - using custom profile for table: openKeyTable
2019-10-24 15:43:40,390 [main] INFO  db.DBStoreBuilder (DBStoreBuilder.java:processTables(168)) - Using default column profile:DBProfile.DISK for Table:openKeyTable
2019-10-24 15:43:40,390 [main] INFO  db.DBStoreBuilder (DBStoreBuilder.java:addTable(117)) - using custom profile for table: s3Table
2019-10-24 15:43:40,390 [main] INFO  db.DBStoreBuilder (DBStoreBuilder.java:processTables(168)) - Using default column profile:DBProfile.DISK for Table:s3Table
2019-10-24 15:43:40,391 [main] INFO  db.DBStoreBuilder (DBStoreBuilder.java:addTable(117)) - using custom profile for table: multipartInfoTable
2019-10-24 15:43:40,391 [main] INFO  db.DBStoreBuilder (DBStoreBuilder.java:processTables(168)) - Using default column profile:DBProfile.DISK for Table:multipartInfoTable
2019-10-24 15:43:40,391 [main] INFO  db.DBStoreBuilder (DBStoreBuilder.java:addTable(117)) - using custom profile for table: dTokenTable
2019-10-24 15:43:40,391 [main] INFO  db.DBStoreBuilder (DBStoreBuilder.java:processTables(168)) - Using default column profile:DBProfile.DISK for Table:dTokenTable
2019-10-24 15:43:40,392 [main] INFO  db.DBStoreBuilder (DBStoreBuilder.java:addTable(117)) - using custom profile for table: s3SecretTable
2019-10-24 15:43:40,392 [main] INFO  db.DBStoreBuilder (DBStoreBuilder.java:processTables(168)) - Using default column profile:DBProfile.DISK for Table:s3SecretTable
2019-10-24 15:43:40,392 [main] INFO  db.DBStoreBuilder (DBStoreBuilder.java:addTable(117)) - using custom profile for table: prefixTable
2019-10-24 15:43:40,392 [main] INFO  db.DBStoreBuilder (DBStoreBuilder.java:processTables(168)) - Using default column profile:DBProfile.DISK for Table:prefixTable
2019-10-24 15:43:40,393 [main] INFO  db.DBStoreBuilder (DBStoreBuilder.java:addTable(117)) - using custom profile for table: default
2019-10-24 15:43:40,393 [main] INFO  db.DBStoreBuilder (DBStoreBuilder.java:processTables(174)) - Using default column profile:DBProfile.DISK for Table:default
2019-10-24 15:43:40,393 [main] INFO  db.DBStoreBuilder (DBStoreBuilder.java:getDbProfile(205)) - Using default options. DBProfile.DISK
2019-10-24 15:43:40,873 [main] INFO  ipc.CallQueueManager (CallQueueManager.java:<init>(84)) - Using callQueue: class java.util.concurrent.LinkedBlockingQueue, queueCapacity: 2000, scheduler: class org.apache.hadoop.ipc.DefaultRpcScheduler, ipcBackoff: false.
2019-10-24 15:43:40,875 [Socket Reader #1 for port 33035] INFO  ipc.Server (Server.java:run(1074)) - Starting Socket Reader #1 for port 33035
2019-10-24 15:43:40,896 [main] INFO  om.OzoneManager (OzoneManager.java:start(1074)) - OzoneManager RPC server is listening at localhost/127.0.0.1:33035
2019-10-24 15:43:40,896 [main] INFO  impl.MetricsSystemImpl (MetricsSystemImpl.java:init(158)) - OzoneManager metrics system started (again)
2019-10-24 15:43:40,904 [IPC Server Responder] INFO  ipc.Server (Server.java:run(1314)) - IPC Server Responder: starting
2019-10-24 15:43:40,904 [IPC Server listener on 33035] INFO  ipc.Server (Server.java:run(1153)) - IPC Server listener on 33035: starting
2019-10-24 15:43:40,911 [main] INFO  hdfs.DFSUtil (DFSUtil.java:httpServerTemplateForNNAndJN(1641)) - Starting Web-server for ozoneManager at: http://0.0.0.0:0
2019-10-24 15:43:40,913 [main] INFO  server.AuthenticationFilter (AuthenticationFilter.java:constructSecretProvider(240)) - Unable to initialize FileSignerSecretProvider, falling back to use random secrets.
2019-10-24 15:43:40,914 [main] WARN  http.HttpRequestLog (HttpRequestLog.java:getRequestLog(97)) - Jetty request log can only be enabled using Log4j
2019-10-24 15:43:40,917 [main] INFO  http.HttpServer2 (HttpServer2.java:addGlobalFilter(975)) - Added global filter 'safety' (class=org.apache.hadoop.http.HttpServer2$QuotingInputFilter)
2019-10-24 15:43:40,919 [main] INFO  http.HttpServer2 (HttpServer2.java:addFilter(948)) - Added filter static_user_filter (class=org.apache.hadoop.http.lib.StaticUserWebFilter$StaticUserFilter) to context ozoneManager
2019-10-24 15:43:40,919 [main] INFO  http.HttpServer2 (HttpServer2.java:addFilter(958)) - Added filter static_user_filter (class=org.apache.hadoop.http.lib.StaticUserWebFilter$StaticUserFilter) to context logs
2019-10-24 15:43:40,919 [main] INFO  http.HttpServer2 (HttpServer2.java:addFilter(958)) - Added filter static_user_filter (class=org.apache.hadoop.http.lib.StaticUserWebFilter$StaticUserFilter) to context static
2019-10-24 15:43:40,923 [main] INFO  http.HttpServer2 (HttpServer2.java:bindListener(1191)) - Jetty bound to port 40583
2019-10-24 15:43:40,923 [main] INFO  server.Server (Server.java:doStart(351)) - jetty-9.3.25.v20180904, build timestamp: 2018-09-04T21:11:46Z, git hash: 3ce520221d0240229c862b122d2b06c12a625732
2019-10-24 15:43:40,926 [main] INFO  handler.ContextHandler (ContextHandler.java:doStart(781)) - Started o.e.j.s.ServletContextHandler@6b63d445{/logs,file:///workdir/hadoop-ozone/integration-test/target/log,AVAILABLE}
2019-10-24 15:43:40,927 [main] INFO  handler.ContextHandler (ContextHandler.java:doStart(781)) - Started o.e.j.s.ServletContextHandler@30b2b76f{/static,file:///workdir/hadoop-ozone/integration-test/target/test-classes/webapps/static,AVAILABLE}
2019-10-24 15:43:40,933 [main] INFO  handler.ContextHandler (ContextHandler.java:doStart(781)) - Started o.e.j.w.WebAppContext@12db3386{/,file:///workdir/hadoop-ozone/integration-test/target/test-classes/webapps/ozoneManager/,AVAILABLE}{/ozoneManager}
2019-10-24 15:43:40,934 [main] INFO  server.AbstractConnector (AbstractConnector.java:doStart(278)) - Started ServerConnector@4078695f{HTTP/1.1,[http/1.1]}{0.0.0.0:40583}
2019-10-24 15:43:40,935 [main] INFO  server.Server (Server.java:doStart(419)) - Started @4369ms
2019-10-24 15:43:40,935 [main] WARN  impl.MetricsSystemImpl (MetricsSystemImpl.java:register(276)) - Sink prometheus already exists!
2019-10-24 15:43:40,937 [main] INFO  server.BaseHttpServer (BaseHttpServer.java:updateConnectorAddress(215)) - HTTP server of OZONEMANAGER is listening at http://0.0.0.0:40583
2019-10-24 15:43:41,240 [main] INFO  impl.MetricsSystemImpl (MetricsSystemImpl.java:init(158)) - HddsDatanode metrics system started (again)
2019-10-24 15:43:41,292 [main] INFO  ozone.HddsDatanodeService (HddsDatanodeService.java:start(184)) - HddsDatanodeService host:pr-hdds-2359-djbrp-462585948 ip:192.168.164.213
2019-10-24 15:43:41,323 [main] INFO  volume.HddsVolume (HddsVolume.java:<init>(176)) - Creating Volume: /workdir/hadoop-ozone/integration-test/target/test-dir/MiniOzoneClusterImpl-0feb3ce4-70f4-42f6-988c-6bd7afad892e/datanode-0/data/containers/hdds of  storage type : DISK and capacity : 1482555576320
2019-10-24 15:43:41,326 [main] INFO  volume.VolumeSet (VolumeSet.java:initializeVolumeSet(170)) - Added Volume : /workdir/hadoop-ozone/integration-test/target/test-dir/MiniOzoneClusterImpl-0feb3ce4-70f4-42f6-988c-6bd7afad892e/datanode-0/data/containers/hdds to VolumeSet
2019-10-24 15:43:41,329 [main] INFO  volume.ThrottledAsyncChecker (ThrottledAsyncChecker.java:schedule(141)) - Scheduling a check for /workdir/hadoop-ozone/integration-test/target/test-dir/MiniOzoneClusterImpl-0feb3ce4-70f4-42f6-988c-6bd7afad892e/datanode-0/data/containers/hdds
2019-10-24 15:43:41,350 [main] INFO  volume.HddsVolumeChecker (HddsVolumeChecker.java:checkAllVolumes(204)) - Scheduled health check for volume /workdir/hadoop-ozone/integration-test/target/test-dir/MiniOzoneClusterImpl-0feb3ce4-70f4-42f6-988c-6bd7afad892e/datanode-0/data/containers/hdds
2019-10-24 15:43:41,451 [main] INFO  impl.RaftServerProxy (ConfUtils.java:logGet(43)) - raft.rpc.type = GRPC (default)
2019-10-24 15:43:41,505 [main] INFO  grpc.GrpcFactory (GrpcFactory.java:checkPooledByteBufAllocatorUseCacheForAllThreads(45)) - PERFORMANCE WARNING: useCacheForAllThreads is true that may cause Netty to create a lot garbage objects and, as a result, trigger GC.
	It is recommended to disable useCacheForAllThreads by setting -Dorg.apache.ratis.thirdparty.io.netty.allocator.useCacheForAllThreads=false in command line.
2019-10-24 15:43:41,509 [main] INFO  grpc.GrpcConfigKeys$Server (ConfUtils.java:logGet(43)) - raft.grpc.server.port = 0 (default)
2019-10-24 15:43:41,510 [main] INFO  server.GrpcService (ConfUtils.java:logGet(43)) - raft.grpc.message.size.max = 33570816 (custom)
2019-10-24 15:43:41,511 [main] INFO  server.RaftServerConfigKeys (ConfUtils.java:logGet(43)) - raft.server.log.appender.buffer.byte-limit = 33554432 (custom)
2019-10-24 15:43:41,512 [main] INFO  server.GrpcService (ConfUtils.java:logGet(43)) - raft.grpc.flow.control.window = 1MB (=1048576) (default)
2019-10-24 15:43:41,512 [main] INFO  server.RaftServerConfigKeys (ConfUtils.java:logGet(43)) - raft.server.rpc.request.timeout = 3000ms (default)
2019-10-24 15:43:41,651 [main] INFO  server.RaftServerConfigKeys (ConfUtils.java:logGet(43)) - raft.server.storage.dir = [/workdir/hadoop-ozone/integration-test/target/test-dir/MiniOzoneClusterImpl-0feb3ce4-70f4-42f6-988c-6bd7afad892e/datanode-0/data/ratis] (custom)
2019-10-24 15:43:41,694 [main] INFO  hdfs.DFSUtil (DFSUtil.java:httpServerTemplateForNNAndJN(1641)) - Starting Web-server for hddsDatanode at: http://0.0.0.0:0
2019-10-24 15:43:41,697 [main] INFO  server.AuthenticationFilter (AuthenticationFilter.java:constructSecretProvider(240)) - Unable to initialize FileSignerSecretProvider, falling back to use random secrets.
2019-10-24 15:43:41,698 [main] WARN  http.HttpRequestLog (HttpRequestLog.java:getRequestLog(97)) - Jetty request log can only be enabled using Log4j
2019-10-24 15:43:41,701 [main] INFO  http.HttpServer2 (HttpServer2.java:addGlobalFilter(975)) - Added global filter 'safety' (class=org.apache.hadoop.http.HttpServer2$QuotingInputFilter)
2019-10-24 15:43:41,702 [main] INFO  http.HttpServer2 (HttpServer2.java:addFilter(948)) - Added filter static_user_filter (class=org.apache.hadoop.http.lib.StaticUserWebFilter$StaticUserFilter) to context hddsDatanode
2019-10-24 15:43:41,703 [main] INFO  http.HttpServer2 (HttpServer2.java:addFilter(958)) - Added filter static_user_filter (class=org.apache.hadoop.http.lib.StaticUserWebFilter$StaticUserFilter) to context static
2019-10-24 15:43:41,703 [main] INFO  http.HttpServer2 (HttpServer2.java:addFilter(958)) - Added filter static_user_filter (class=org.apache.hadoop.http.lib.StaticUserWebFilter$StaticUserFilter) to context logs
2019-10-24 15:43:41,705 [main] INFO  http.HttpServer2 (HttpServer2.java:bindListener(1191)) - Jetty bound to port 35747
2019-10-24 15:43:41,705 [main] INFO  server.Server (Server.java:doStart(351)) - jetty-9.3.25.v20180904, build timestamp: 2018-09-04T21:11:46Z, git hash: 3ce520221d0240229c862b122d2b06c12a625732
2019-10-24 15:43:41,710 [main] INFO  handler.ContextHandler (ContextHandler.java:doStart(781)) - Started o.e.j.s.ServletContextHandler@644ded04{/logs,file:///workdir/hadoop-ozone/integration-test/target/log,AVAILABLE}
2019-10-24 15:43:41,711 [main] INFO  handler.ContextHandler (ContextHandler.java:doStart(781)) - Started o.e.j.s.ServletContextHandler@13d9261f{/static,jar:file:/home/user/.m2/repository/org/apache/hadoop/hadoop-hdds-container-service/0.5.0-SNAPSHOT/hadoop-hdds-container-service-0.5.0-SNAPSHOT.jar!/webapps/static,AVAILABLE}
2019-10-24 15:43:41,768 [main] INFO  handler.ContextHandler (ContextHandler.java:doStart(781)) - Started o.e.j.w.WebAppContext@61cd1c71{/,file:///tmp/jetty-0.0.0.0-35747-hddsDatanode-_-any-679507401350051823.dir/webapp/,AVAILABLE}{/hddsDatanode}
2019-10-24 15:43:41,769 [main] INFO  server.AbstractConnector (AbstractConnector.java:doStart(278)) - Started ServerConnector@6724cdec{HTTP/1.1,[http/1.1]}{0.0.0.0:35747}
2019-10-24 15:43:41,769 [main] INFO  server.Server (Server.java:doStart(419)) - Started @5203ms
2019-10-24 15:43:41,770 [main] WARN  impl.MetricsSystemImpl (MetricsSystemImpl.java:register(276)) - Sink prometheus already exists!
2019-10-24 15:43:41,772 [main] INFO  server.BaseHttpServer (BaseHttpServer.java:updateConnectorAddress(215)) - HTTP server of HDDSDATANODE is listening at http://0.0.0.0:35747
2019-10-24 15:43:41,774 [main] INFO  impl.MetricsSystemImpl (MetricsSystemImpl.java:init(158)) - HddsDatanode metrics system started (again)
2019-10-24 15:43:41,778 [main] INFO  ozone.HddsDatanodeService (HddsDatanodeService.java:start(184)) - HddsDatanodeService host:pr-hdds-2359-djbrp-462585948 ip:192.168.164.213
2019-10-24 15:43:41,780 [org.apache.hadoop.util.JvmPauseMonitor$Monitor@301cc577] INFO  util.JvmPauseMonitor (JvmPauseMonitor.java:run(188)) - Starting JVM pause monitor
2019-10-24 15:43:41,789 [main] INFO  volume.HddsVolume (HddsVolume.java:<init>(176)) - Creating Volume: /workdir/hadoop-ozone/integration-test/target/test-dir/MiniOzoneClusterImpl-0feb3ce4-70f4-42f6-988c-6bd7afad892e/datanode-1/data/containers/hdds of  storage type : DISK and capacity : 1482555576320
2019-10-24 15:43:41,790 [main] INFO  volume.VolumeSet (VolumeSet.java:initializeVolumeSet(170)) - Added Volume : /workdir/hadoop-ozone/integration-test/target/test-dir/MiniOzoneClusterImpl-0feb3ce4-70f4-42f6-988c-6bd7afad892e/datanode-1/data/containers/hdds to VolumeSet
2019-10-24 15:43:41,790 [main] INFO  volume.ThrottledAsyncChecker (ThrottledAsyncChecker.java:schedule(141)) - Scheduling a check for /workdir/hadoop-ozone/integration-test/target/test-dir/MiniOzoneClusterImpl-0feb3ce4-70f4-42f6-988c-6bd7afad892e/datanode-1/data/containers/hdds
2019-10-24 15:43:41,792 [main] INFO  volume.HddsVolumeChecker (HddsVolumeChecker.java:checkAllVolumes(204)) - Scheduled health check for volume /workdir/hadoop-ozone/integration-test/target/test-dir/MiniOzoneClusterImpl-0feb3ce4-70f4-42f6-988c-6bd7afad892e/datanode-1/data/containers/hdds
2019-10-24 15:43:41,812 [main] INFO  impl.RaftServerProxy (ConfUtils.java:logGet(43)) - raft.rpc.type = GRPC (default)
2019-10-24 15:43:41,812 [main] INFO  grpc.GrpcFactory (GrpcFactory.java:checkPooledByteBufAllocatorUseCacheForAllThreads(45)) - PERFORMANCE WARNING: useCacheForAllThreads is true that may cause Netty to create a lot garbage objects and, as a result, trigger GC.
	It is recommended to disable useCacheForAllThreads by setting -Dorg.apache.ratis.thirdparty.io.netty.allocator.useCacheForAllThreads=false in command line.
2019-10-24 15:43:41,813 [main] INFO  grpc.GrpcConfigKeys$Server (ConfUtils.java:logGet(43)) - raft.grpc.server.port = 0 (default)
2019-10-24 15:43:41,813 [main] INFO  server.GrpcService (ConfUtils.java:logGet(43)) - raft.grpc.message.size.max = 33570816 (custom)
2019-10-24 15:43:41,813 [main] INFO  server.RaftServerConfigKeys (ConfUtils.java:logGet(43)) - raft.server.log.appender.buffer.byte-limit = 33554432 (custom)
2019-10-24 15:43:41,814 [main] INFO  server.GrpcService (ConfUtils.java:logGet(43)) - raft.grpc.flow.control.window = 1MB (=1048576) (default)
2019-10-24 15:43:41,814 [main] INFO  server.RaftServerConfigKeys (ConfUtils.java:logGet(43)) - raft.server.rpc.request.timeout = 3000ms (default)
2019-10-24 15:43:41,816 [main] INFO  server.RaftServerConfigKeys (ConfUtils.java:logGet(43)) - raft.server.storage.dir = [/workdir/hadoop-ozone/integration-test/target/test-dir/MiniOzoneClusterImpl-0feb3ce4-70f4-42f6-988c-6bd7afad892e/datanode-1/data/ratis] (custom)
2019-10-24 15:43:41,818 [main] INFO  hdfs.DFSUtil (DFSUtil.java:httpServerTemplateForNNAndJN(1641)) - Starting Web-server for hddsDatanode at: http://0.0.0.0:0
2019-10-24 15:43:41,820 [main] INFO  server.AuthenticationFilter (AuthenticationFilter.java:constructSecretProvider(240)) - Unable to initialize FileSignerSecretProvider, falling back to use random secrets.
2019-10-24 15:43:41,821 [main] WARN  http.HttpRequestLog (HttpRequestLog.java:getRequestLog(97)) - Jetty request log can only be enabled using Log4j
2019-10-24 15:43:41,824 [main] INFO  http.HttpServer2 (HttpServer2.java:addGlobalFilter(975)) - Added global filter 'safety' (class=org.apache.hadoop.http.HttpServer2$QuotingInputFilter)
2019-10-24 15:43:41,824 [main] INFO  http.HttpServer2 (HttpServer2.java:addFilter(948)) - Added filter static_user_filter (class=org.apache.hadoop.http.lib.StaticUserWebFilter$StaticUserFilter) to context hddsDatanode
2019-10-24 15:43:41,825 [main] INFO  http.HttpServer2 (HttpServer2.java:addFilter(958)) - Added filter static_user_filter (class=org.apache.hadoop.http.lib.StaticUserWebFilter$StaticUserFilter) to context static
2019-10-24 15:43:41,825 [main] INFO  http.HttpServer2 (HttpServer2.java:addFilter(958)) - Added filter static_user_filter (class=org.apache.hadoop.http.lib.StaticUserWebFilter$StaticUserFilter) to context logs
2019-10-24 15:43:41,826 [main] INFO  http.HttpServer2 (HttpServer2.java:bindListener(1191)) - Jetty bound to port 34635
2019-10-24 15:43:41,826 [main] INFO  server.Server (Server.java:doStart(351)) - jetty-9.3.25.v20180904, build timestamp: 2018-09-04T21:11:46Z, git hash: 3ce520221d0240229c862b122d2b06c12a625732
2019-10-24 15:43:41,832 [main] INFO  handler.ContextHandler (ContextHandler.java:doStart(781)) - Started o.e.j.s.ServletContextHandler@fab35b1{/logs,file:///workdir/hadoop-ozone/integration-test/target/log,AVAILABLE}
2019-10-24 15:43:41,833 [main] INFO  handler.ContextHandler (ContextHandler.java:doStart(781)) - Started o.e.j.s.ServletContextHandler@65bdd558{/static,jar:file:/home/user/.m2/repository/org/apache/hadoop/hadoop-hdds-container-service/0.5.0-SNAPSHOT/hadoop-hdds-container-service-0.5.0-SNAPSHOT.jar!/webapps/static,AVAILABLE}
2019-10-24 15:43:41,875 [main] INFO  handler.ContextHandler (ContextHandler.java:doStart(781)) - Started o.e.j.w.WebAppContext@17f2dd85{/,file:///tmp/jetty-0.0.0.0-34635-hddsDatanode-_-any-559342636579509182.dir/webapp/,AVAILABLE}{/hddsDatanode}
2019-10-24 15:43:41,876 [main] INFO  server.AbstractConnector (AbstractConnector.java:doStart(278)) - Started ServerConnector@1e58512c{HTTP/1.1,[http/1.1]}{0.0.0.0:34635}
2019-10-24 15:43:41,877 [main] INFO  server.Server (Server.java:doStart(419)) - Started @5311ms
2019-10-24 15:43:41,877 [main] WARN  impl.MetricsSystemImpl (MetricsSystemImpl.java:register(276)) - Sink prometheus already exists!
2019-10-24 15:43:41,879 [main] INFO  server.BaseHttpServer (BaseHttpServer.java:updateConnectorAddress(215)) - HTTP server of HDDSDATANODE is listening at http://0.0.0.0:34635
2019-10-24 15:43:41,879 [main] INFO  impl.MetricsSystemImpl (MetricsSystemImpl.java:init(158)) - HddsDatanode metrics system started (again)
2019-10-24 15:43:41,882 [main] INFO  ozone.HddsDatanodeService (HddsDatanodeService.java:start(184)) - HddsDatanodeService host:pr-hdds-2359-djbrp-462585948 ip:192.168.164.213
2019-10-24 15:43:41,882 [org.apache.hadoop.util.JvmPauseMonitor$Monitor@34abfd2f] INFO  util.JvmPauseMonitor (JvmPauseMonitor.java:run(188)) - Starting JVM pause monitor
2019-10-24 15:43:41,891 [main] INFO  volume.HddsVolume (HddsVolume.java:<init>(176)) - Creating Volume: /workdir/hadoop-ozone/integration-test/target/test-dir/MiniOzoneClusterImpl-0feb3ce4-70f4-42f6-988c-6bd7afad892e/datanode-2/data/containers/hdds of  storage type : DISK and capacity : 1482555576320
2019-10-24 15:43:41,892 [main] INFO  volume.VolumeSet (VolumeSet.java:initializeVolumeSet(170)) - Added Volume : /workdir/hadoop-ozone/integration-test/target/test-dir/MiniOzoneClusterImpl-0feb3ce4-70f4-42f6-988c-6bd7afad892e/datanode-2/data/containers/hdds to VolumeSet
2019-10-24 15:43:41,892 [main] INFO  volume.ThrottledAsyncChecker (ThrottledAsyncChecker.java:schedule(141)) - Scheduling a check for /workdir/hadoop-ozone/integration-test/target/test-dir/MiniOzoneClusterImpl-0feb3ce4-70f4-42f6-988c-6bd7afad892e/datanode-2/data/containers/hdds
2019-10-24 15:43:41,893 [main] INFO  volume.HddsVolumeChecker (HddsVolumeChecker.java:checkAllVolumes(204)) - Scheduled health check for volume /workdir/hadoop-ozone/integration-test/target/test-dir/MiniOzoneClusterImpl-0feb3ce4-70f4-42f6-988c-6bd7afad892e/datanode-2/data/containers/hdds
2019-10-24 15:43:41,899 [Datanode State Machine Thread - 0] INFO  datanode.InitDatanodeState (InitDatanodeState.java:persistContainerDatanodeDetails(140)) - DatanodeDetails is persisted to /workdir/hadoop-ozone/integration-test/target/test-dir/MiniOzoneClusterImpl-0feb3ce4-70f4-42f6-988c-6bd7afad892e/datanode-0/meta/datanode.id
2019-10-24 15:43:41,903 [Datanode State Machine Thread - 0] INFO  datanode.InitDatanodeState (InitDatanodeState.java:persistContainerDatanodeDetails(140)) - DatanodeDetails is persisted to /workdir/hadoop-ozone/integration-test/target/test-dir/MiniOzoneClusterImpl-0feb3ce4-70f4-42f6-988c-6bd7afad892e/datanode-1/meta/datanode.id
2019-10-24 15:43:41,911 [main] INFO  impl.RaftServerProxy (ConfUtils.java:logGet(43)) - raft.rpc.type = GRPC (default)
2019-10-24 15:43:41,911 [main] INFO  grpc.GrpcFactory (GrpcFactory.java:checkPooledByteBufAllocatorUseCacheForAllThreads(45)) - PERFORMANCE WARNING: useCacheForAllThreads is true that may cause Netty to create a lot garbage objects and, as a result, trigger GC.
	It is recommended to disable useCacheForAllThreads by setting -Dorg.apache.ratis.thirdparty.io.netty.allocator.useCacheForAllThreads=false in command line.
2019-10-24 15:43:41,911 [main] INFO  grpc.GrpcConfigKeys$Server (ConfUtils.java:logGet(43)) - raft.grpc.server.port = 0 (default)
2019-10-24 15:43:41,912 [main] INFO  server.GrpcService (ConfUtils.java:logGet(43)) - raft.grpc.message.size.max = 33570816 (custom)
2019-10-24 15:43:41,912 [main] INFO  server.RaftServerConfigKeys (ConfUtils.java:logGet(43)) - raft.server.log.appender.buffer.byte-limit = 33554432 (custom)
2019-10-24 15:43:41,912 [main] INFO  server.GrpcService (ConfUtils.java:logGet(43)) - raft.grpc.flow.control.window = 1MB (=1048576) (default)
2019-10-24 15:43:41,912 [main] INFO  server.RaftServerConfigKeys (ConfUtils.java:logGet(43)) - raft.server.rpc.request.timeout = 3000ms (default)
2019-10-24 15:43:41,913 [main] INFO  server.RaftServerConfigKeys (ConfUtils.java:logGet(43)) - raft.server.storage.dir = [/workdir/hadoop-ozone/integration-test/target/test-dir/MiniOzoneClusterImpl-0feb3ce4-70f4-42f6-988c-6bd7afad892e/datanode-2/data/ratis] (custom)
2019-10-24 15:43:41,915 [main] INFO  hdfs.DFSUtil (DFSUtil.java:httpServerTemplateForNNAndJN(1641)) - Starting Web-server for hddsDatanode at: http://0.0.0.0:0
2019-10-24 15:43:41,917 [main] INFO  server.AuthenticationFilter (AuthenticationFilter.java:constructSecretProvider(240)) - Unable to initialize FileSignerSecretProvider, falling back to use random secrets.
2019-10-24 15:43:41,917 [main] WARN  http.HttpRequestLog (HttpRequestLog.java:getRequestLog(97)) - Jetty request log can only be enabled using Log4j
2019-10-24 15:43:41,919 [main] INFO  http.HttpServer2 (HttpServer2.java:addGlobalFilter(975)) - Added global filter 'safety' (class=org.apache.hadoop.http.HttpServer2$QuotingInputFilter)
2019-10-24 15:43:41,920 [main] INFO  http.HttpServer2 (HttpServer2.java:addFilter(948)) - Added filter static_user_filter (class=org.apache.hadoop.http.lib.StaticUserWebFilter$StaticUserFilter) to context hddsDatanode
2019-10-24 15:43:41,920 [main] INFO  http.HttpServer2 (HttpServer2.java:addFilter(958)) - Added filter static_user_filter (class=org.apache.hadoop.http.lib.StaticUserWebFilter$StaticUserFilter) to context logs
2019-10-24 15:43:41,920 [main] INFO  http.HttpServer2 (HttpServer2.java:addFilter(958)) - Added filter static_user_filter (class=org.apache.hadoop.http.lib.StaticUserWebFilter$StaticUserFilter) to context static
2019-10-24 15:43:41,921 [main] INFO  http.HttpServer2 (HttpServer2.java:bindListener(1191)) - Jetty bound to port 36072
2019-10-24 15:43:41,921 [main] INFO  server.Server (Server.java:doStart(351)) - jetty-9.3.25.v20180904, build timestamp: 2018-09-04T21:11:46Z, git hash: 3ce520221d0240229c862b122d2b06c12a625732
2019-10-24 15:43:41,923 [main] INFO  handler.ContextHandler (ContextHandler.java:doStart(781)) - Started o.e.j.s.ServletContextHandler@767a014e{/logs,file:///workdir/hadoop-ozone/integration-test/target/log,AVAILABLE}
2019-10-24 15:43:41,924 [main] INFO  handler.ContextHandler (ContextHandler.java:doStart(781)) - Started o.e.j.s.ServletContextHandler@3968bc60{/static,jar:file:/home/user/.m2/repository/org/apache/hadoop/hadoop-hdds-container-service/0.5.0-SNAPSHOT/hadoop-hdds-container-service-0.5.0-SNAPSHOT.jar!/webapps/static,AVAILABLE}
2019-10-24 15:43:42,016 [main] INFO  handler.ContextHandler (ContextHandler.java:doStart(781)) - Started o.e.j.w.WebAppContext@6edcad64{/,file:///tmp/jetty-0.0.0.0-36072-hddsDatanode-_-any-7400498919515929922.dir/webapp/,AVAILABLE}{/hddsDatanode}
2019-10-24 15:43:42,017 [main] INFO  server.AbstractConnector (AbstractConnector.java:doStart(278)) - Started ServerConnector@4c6007fb{HTTP/1.1,[http/1.1]}{0.0.0.0:36072}
2019-10-24 15:43:42,019 [main] INFO  server.Server (Server.java:doStart(419)) - Started @5452ms
2019-10-24 15:43:42,020 [main] WARN  impl.MetricsSystemImpl (MetricsSystemImpl.java:register(276)) - Sink prometheus already exists!
2019-10-24 15:43:42,021 [main] INFO  server.BaseHttpServer (BaseHttpServer.java:updateConnectorAddress(215)) - HTTP server of HDDSDATANODE is listening at http://0.0.0.0:36072
2019-10-24 15:43:42,022 [main] INFO  impl.MetricsSystemImpl (MetricsSystemImpl.java:init(158)) - HddsDatanode metrics system started (again)
2019-10-24 15:43:42,026 [org.apache.hadoop.util.JvmPauseMonitor$Monitor@31e48318] INFO  util.JvmPauseMonitor (JvmPauseMonitor.java:run(188)) - Starting JVM pause monitor
2019-10-24 15:43:42,026 [main] INFO  ozone.HddsDatanodeService (HddsDatanodeService.java:start(184)) - HddsDatanodeService host:pr-hdds-2359-djbrp-462585948 ip:192.168.164.213
2019-10-24 15:43:42,029 [Datanode State Machine Thread - 0] INFO  datanode.InitDatanodeState (InitDatanodeState.java:persistContainerDatanodeDetails(140)) - DatanodeDetails is persisted to /workdir/hadoop-ozone/integration-test/target/test-dir/MiniOzoneClusterImpl-0feb3ce4-70f4-42f6-988c-6bd7afad892e/datanode-2/meta/datanode.id
2019-10-24 15:43:42,036 [main] INFO  volume.HddsVolume (HddsVolume.java:<init>(176)) - Creating Volume: /workdir/hadoop-ozone/integration-test/target/test-dir/MiniOzoneClusterImpl-0feb3ce4-70f4-42f6-988c-6bd7afad892e/datanode-3/data/containers/hdds of  storage type : DISK and capacity : 1482555576320
2019-10-24 15:43:42,037 [main] INFO  volume.VolumeSet (VolumeSet.java:initializeVolumeSet(170)) - Added Volume : /workdir/hadoop-ozone/integration-test/target/test-dir/MiniOzoneClusterImpl-0feb3ce4-70f4-42f6-988c-6bd7afad892e/datanode-3/data/containers/hdds to VolumeSet
2019-10-24 15:43:42,037 [main] INFO  volume.ThrottledAsyncChecker (ThrottledAsyncChecker.java:schedule(141)) - Scheduling a check for /workdir/hadoop-ozone/integration-test/target/test-dir/MiniOzoneClusterImpl-0feb3ce4-70f4-42f6-988c-6bd7afad892e/datanode-3/data/containers/hdds
2019-10-24 15:43:42,038 [main] INFO  volume.HddsVolumeChecker (HddsVolumeChecker.java:checkAllVolumes(204)) - Scheduled health check for volume /workdir/hadoop-ozone/integration-test/target/test-dir/MiniOzoneClusterImpl-0feb3ce4-70f4-42f6-988c-6bd7afad892e/datanode-3/data/containers/hdds
2019-10-24 15:43:42,058 [main] INFO  impl.RaftServerProxy (ConfUtils.java:logGet(43)) - raft.rpc.type = GRPC (default)
2019-10-24 15:43:42,059 [main] INFO  grpc.GrpcFactory (GrpcFactory.java:checkPooledByteBufAllocatorUseCacheForAllThreads(45)) - PERFORMANCE WARNING: useCacheForAllThreads is true that may cause Netty to create a lot garbage objects and, as a result, trigger GC.
	It is recommended to disable useCacheForAllThreads by setting -Dorg.apache.ratis.thirdparty.io.netty.allocator.useCacheForAllThreads=false in command line.
2019-10-24 15:43:42,059 [main] INFO  grpc.GrpcConfigKeys$Server (ConfUtils.java:logGet(43)) - raft.grpc.server.port = 0 (default)
2019-10-24 15:43:42,059 [main] INFO  server.GrpcService (ConfUtils.java:logGet(43)) - raft.grpc.message.size.max = 33570816 (custom)
2019-10-24 15:43:42,059 [main] INFO  server.RaftServerConfigKeys (ConfUtils.java:logGet(43)) - raft.server.log.appender.buffer.byte-limit = 33554432 (custom)
2019-10-24 15:43:42,060 [main] INFO  server.GrpcService (ConfUtils.java:logGet(43)) - raft.grpc.flow.control.window = 1MB (=1048576) (default)
2019-10-24 15:43:42,060 [main] INFO  server.RaftServerConfigKeys (ConfUtils.java:logGet(43)) - raft.server.rpc.request.timeout = 3000ms (default)
2019-10-24 15:43:42,061 [main] INFO  server.RaftServerConfigKeys (ConfUtils.java:logGet(43)) - raft.server.storage.dir = [/workdir/hadoop-ozone/integration-test/target/test-dir/MiniOzoneClusterImpl-0feb3ce4-70f4-42f6-988c-6bd7afad892e/datanode-3/data/ratis] (custom)
2019-10-24 15:43:42,063 [main] INFO  hdfs.DFSUtil (DFSUtil.java:httpServerTemplateForNNAndJN(1641)) - Starting Web-server for hddsDatanode at: http://0.0.0.0:0
2019-10-24 15:43:42,064 [main] INFO  server.AuthenticationFilter (AuthenticationFilter.java:constructSecretProvider(240)) - Unable to initialize FileSignerSecretProvider, falling back to use random secrets.
2019-10-24 15:43:42,065 [main] WARN  http.HttpRequestLog (HttpRequestLog.java:getRequestLog(97)) - Jetty request log can only be enabled using Log4j
2019-10-24 15:43:42,066 [main] INFO  http.HttpServer2 (HttpServer2.java:addGlobalFilter(975)) - Added global filter 'safety' (class=org.apache.hadoop.http.HttpServer2$QuotingInputFilter)
2019-10-24 15:43:42,067 [main] INFO  http.HttpServer2 (HttpServer2.java:addFilter(948)) - Added filter static_user_filter (class=org.apache.hadoop.http.lib.StaticUserWebFilter$StaticUserFilter) to context hddsDatanode
2019-10-24 15:43:42,067 [main] INFO  http.HttpServer2 (HttpServer2.java:addFilter(958)) - Added filter static_user_filter (class=org.apache.hadoop.http.lib.StaticUserWebFilter$StaticUserFilter) to context logs
2019-10-24 15:43:42,067 [main] INFO  http.HttpServer2 (HttpServer2.java:addFilter(958)) - Added filter static_user_filter (class=org.apache.hadoop.http.lib.StaticUserWebFilter$StaticUserFilter) to context static
2019-10-24 15:43:42,068 [main] INFO  http.HttpServer2 (HttpServer2.java:bindListener(1191)) - Jetty bound to port 38648
2019-10-24 15:43:42,068 [main] INFO  server.Server (Server.java:doStart(351)) - jetty-9.3.25.v20180904, build timestamp: 2018-09-04T21:11:46Z, git hash: 3ce520221d0240229c862b122d2b06c12a625732
2019-10-24 15:43:42,074 [main] INFO  handler.ContextHandler (ContextHandler.java:doStart(781)) - Started o.e.j.s.ServletContextHandler@4b200971{/logs,file:///workdir/hadoop-ozone/integration-test/target/log,AVAILABLE}
2019-10-24 15:43:42,075 [main] INFO  handler.ContextHandler (ContextHandler.java:doStart(781)) - Started o.e.j.s.ServletContextHandler@68d7a2df{/static,jar:file:/home/user/.m2/repository/org/apache/hadoop/hadoop-hdds-container-service/0.5.0-SNAPSHOT/hadoop-hdds-container-service-0.5.0-SNAPSHOT.jar!/webapps/static,AVAILABLE}
2019-10-24 15:43:42,105 [main] INFO  handler.ContextHandler (ContextHandler.java:doStart(781)) - Started o.e.j.w.WebAppContext@4da6d664{/,file:///tmp/jetty-0.0.0.0-38648-hddsDatanode-_-any-7503307687123186518.dir/webapp/,AVAILABLE}{/hddsDatanode}
2019-10-24 15:43:42,105 [main] INFO  server.AbstractConnector (AbstractConnector.java:doStart(278)) - Started ServerConnector@5e5af8e1{HTTP/1.1,[http/1.1]}{0.0.0.0:38648}
2019-10-24 15:43:42,106 [main] INFO  server.Server (Server.java:doStart(419)) - Started @5540ms
2019-10-24 15:43:42,106 [main] WARN  impl.MetricsSystemImpl (MetricsSystemImpl.java:register(276)) - Sink prometheus already exists!
2019-10-24 15:43:42,108 [main] INFO  server.BaseHttpServer (BaseHttpServer.java:updateConnectorAddress(215)) - HTTP server of HDDSDATANODE is listening at http://0.0.0.0:38648
2019-10-24 15:43:42,108 [main] INFO  impl.MetricsSystemImpl (MetricsSystemImpl.java:init(158)) - HddsDatanode metrics system started (again)
2019-10-24 15:43:42,111 [main] INFO  ozone.HddsDatanodeService (HddsDatanodeService.java:start(184)) - HddsDatanodeService host:pr-hdds-2359-djbrp-462585948 ip:192.168.164.213
2019-10-24 15:43:42,112 [org.apache.hadoop.util.JvmPauseMonitor$Monitor@7c0fa868] INFO  util.JvmPauseMonitor (JvmPauseMonitor.java:run(188)) - Starting JVM pause monitor
2019-10-24 15:43:42,116 [Datanode State Machine Thread - 0] INFO  datanode.InitDatanodeState (InitDatanodeState.java:persistContainerDatanodeDetails(140)) - DatanodeDetails is persisted to /workdir/hadoop-ozone/integration-test/target/test-dir/MiniOzoneClusterImpl-0feb3ce4-70f4-42f6-988c-6bd7afad892e/datanode-3/meta/datanode.id
2019-10-24 15:43:42,121 [main] INFO  volume.HddsVolume (HddsVolume.java:<init>(176)) - Creating Volume: /workdir/hadoop-ozone/integration-test/target/test-dir/MiniOzoneClusterImpl-0feb3ce4-70f4-42f6-988c-6bd7afad892e/datanode-4/data/containers/hdds of  storage type : DISK and capacity : 1482555576320
2019-10-24 15:43:42,121 [main] INFO  volume.VolumeSet (VolumeSet.java:initializeVolumeSet(170)) - Added Volume : /workdir/hadoop-ozone/integration-test/target/test-dir/MiniOzoneClusterImpl-0feb3ce4-70f4-42f6-988c-6bd7afad892e/datanode-4/data/containers/hdds to VolumeSet
2019-10-24 15:43:42,121 [main] INFO  volume.ThrottledAsyncChecker (ThrottledAsyncChecker.java:schedule(141)) - Scheduling a check for /workdir/hadoop-ozone/integration-test/target/test-dir/MiniOzoneClusterImpl-0feb3ce4-70f4-42f6-988c-6bd7afad892e/datanode-4/data/containers/hdds
2019-10-24 15:43:42,122 [main] INFO  volume.HddsVolumeChecker (HddsVolumeChecker.java:checkAllVolumes(204)) - Scheduled health check for volume /workdir/hadoop-ozone/integration-test/target/test-dir/MiniOzoneClusterImpl-0feb3ce4-70f4-42f6-988c-6bd7afad892e/datanode-4/data/containers/hdds
2019-10-24 15:43:42,135 [main] INFO  impl.RaftServerProxy (ConfUtils.java:logGet(43)) - raft.rpc.type = GRPC (default)
2019-10-24 15:43:42,137 [main] INFO  grpc.GrpcFactory (GrpcFactory.java:checkPooledByteBufAllocatorUseCacheForAllThreads(45)) - PERFORMANCE WARNING: useCacheForAllThreads is true that may cause Netty to create a lot garbage objects and, as a result, trigger GC.
	It is recommended to disable useCacheForAllThreads by setting -Dorg.apache.ratis.thirdparty.io.netty.allocator.useCacheForAllThreads=false in command line.
2019-10-24 15:43:42,138 [main] INFO  grpc.GrpcConfigKeys$Server (ConfUtils.java:logGet(43)) - raft.grpc.server.port = 0 (default)
2019-10-24 15:43:42,138 [main] INFO  server.GrpcService (ConfUtils.java:logGet(43)) - raft.grpc.message.size.max = 33570816 (custom)
2019-10-24 15:43:42,138 [main] INFO  server.RaftServerConfigKeys (ConfUtils.java:logGet(43)) - raft.server.log.appender.buffer.byte-limit = 33554432 (custom)
2019-10-24 15:43:42,139 [main] INFO  server.GrpcService (ConfUtils.java:logGet(43)) - raft.grpc.flow.control.window = 1MB (=1048576) (default)
2019-10-24 15:43:42,139 [main] INFO  server.RaftServerConfigKeys (ConfUtils.java:logGet(43)) - raft.server.rpc.request.timeout = 3000ms (default)
2019-10-24 15:43:42,140 [main] INFO  server.RaftServerConfigKeys (ConfUtils.java:logGet(43)) - raft.server.storage.dir = [/workdir/hadoop-ozone/integration-test/target/test-dir/MiniOzoneClusterImpl-0feb3ce4-70f4-42f6-988c-6bd7afad892e/datanode-4/data/ratis] (custom)
2019-10-24 15:43:42,141 [main] INFO  hdfs.DFSUtil (DFSUtil.java:httpServerTemplateForNNAndJN(1641)) - Starting Web-server for hddsDatanode at: http://0.0.0.0:0
2019-10-24 15:43:42,143 [main] INFO  server.AuthenticationFilter (AuthenticationFilter.java:constructSecretProvider(240)) - Unable to initialize FileSignerSecretProvider, falling back to use random secrets.
2019-10-24 15:43:42,144 [main] WARN  http.HttpRequestLog (HttpRequestLog.java:getRequestLog(97)) - Jetty request log can only be enabled using Log4j
2019-10-24 15:43:42,145 [main] INFO  http.HttpServer2 (HttpServer2.java:addGlobalFilter(975)) - Added global filter 'safety' (class=org.apache.hadoop.http.HttpServer2$QuotingInputFilter)
2019-10-24 15:43:42,146 [main] INFO  http.HttpServer2 (HttpServer2.java:addFilter(948)) - Added filter static_user_filter (class=org.apache.hadoop.http.lib.StaticUserWebFilter$StaticUserFilter) to context hddsDatanode
2019-10-24 15:43:42,146 [main] INFO  http.HttpServer2 (HttpServer2.java:addFilter(958)) - Added filter static_user_filter (class=org.apache.hadoop.http.lib.StaticUserWebFilter$StaticUserFilter) to context static
2019-10-24 15:43:42,146 [main] INFO  http.HttpServer2 (HttpServer2.java:addFilter(958)) - Added filter static_user_filter (class=org.apache.hadoop.http.lib.StaticUserWebFilter$StaticUserFilter) to context logs
2019-10-24 15:43:42,147 [main] INFO  http.HttpServer2 (HttpServer2.java:bindListener(1191)) - Jetty bound to port 44640
2019-10-24 15:43:42,147 [main] INFO  server.Server (Server.java:doStart(351)) - jetty-9.3.25.v20180904, build timestamp: 2018-09-04T21:11:46Z, git hash: 3ce520221d0240229c862b122d2b06c12a625732
2019-10-24 15:43:42,149 [main] INFO  handler.ContextHandler (ContextHandler.java:doStart(781)) - Started o.e.j.s.ServletContextHandler@712cfb63{/logs,file:///workdir/hadoop-ozone/integration-test/target/log,AVAILABLE}
2019-10-24 15:43:42,150 [main] INFO  handler.ContextHandler (ContextHandler.java:doStart(781)) - Started o.e.j.s.ServletContextHandler@15639440{/static,jar:file:/home/user/.m2/repository/org/apache/hadoop/hadoop-hdds-container-service/0.5.0-SNAPSHOT/hadoop-hdds-container-service-0.5.0-SNAPSHOT.jar!/webapps/static,AVAILABLE}
2019-10-24 15:43:42,186 [main] INFO  handler.ContextHandler (ContextHandler.java:doStart(781)) - Started o.e.j.w.WebAppContext@5a6fa56e{/,file:///tmp/jetty-0.0.0.0-44640-hddsDatanode-_-any-2463495768282963651.dir/webapp/,AVAILABLE}{/hddsDatanode}
2019-10-24 15:43:42,188 [main] INFO  server.AbstractConnector (AbstractConnector.java:doStart(278)) - Started ServerConnector@1981d861{HTTP/1.1,[http/1.1]}{0.0.0.0:44640}
2019-10-24 15:43:42,190 [main] INFO  server.Server (Server.java:doStart(419)) - Started @5623ms
2019-10-24 15:43:42,190 [main] WARN  impl.MetricsSystemImpl (MetricsSystemImpl.java:register(276)) - Sink prometheus already exists!
2019-10-24 15:43:42,191 [main] INFO  server.BaseHttpServer (BaseHttpServer.java:updateConnectorAddress(215)) - HTTP server of HDDSDATANODE is listening at http://0.0.0.0:44640
2019-10-24 15:43:42,192 [main] INFO  impl.MetricsSystemImpl (MetricsSystemImpl.java:init(158)) - HddsDatanode metrics system started (again)
2019-10-24 15:43:42,195 [org.apache.hadoop.util.JvmPauseMonitor$Monitor@6a3557b5] INFO  util.JvmPauseMonitor (JvmPauseMonitor.java:run(188)) - Starting JVM pause monitor
2019-10-24 15:43:42,195 [main] INFO  ozone.HddsDatanodeService (HddsDatanodeService.java:start(184)) - HddsDatanodeService host:pr-hdds-2359-djbrp-462585948 ip:192.168.164.213
2019-10-24 15:43:42,199 [Datanode State Machine Thread - 0] INFO  datanode.InitDatanodeState (InitDatanodeState.java:persistContainerDatanodeDetails(140)) - DatanodeDetails is persisted to /workdir/hadoop-ozone/integration-test/target/test-dir/MiniOzoneClusterImpl-0feb3ce4-70f4-42f6-988c-6bd7afad892e/datanode-4/meta/datanode.id
2019-10-24 15:43:42,203 [main] INFO  volume.HddsVolume (HddsVolume.java:<init>(176)) - Creating Volume: /workdir/hadoop-ozone/integration-test/target/test-dir/MiniOzoneClusterImpl-0feb3ce4-70f4-42f6-988c-6bd7afad892e/datanode-5/data/containers/hdds of  storage type : DISK and capacity : 1482555576320
2019-10-24 15:43:42,203 [main] INFO  volume.VolumeSet (VolumeSet.java:initializeVolumeSet(170)) - Added Volume : /workdir/hadoop-ozone/integration-test/target/test-dir/MiniOzoneClusterImpl-0feb3ce4-70f4-42f6-988c-6bd7afad892e/datanode-5/data/containers/hdds to VolumeSet
2019-10-24 15:43:42,203 [main] INFO  volume.ThrottledAsyncChecker (ThrottledAsyncChecker.java:schedule(141)) - Scheduling a check for /workdir/hadoop-ozone/integration-test/target/test-dir/MiniOzoneClusterImpl-0feb3ce4-70f4-42f6-988c-6bd7afad892e/datanode-5/data/containers/hdds
2019-10-24 15:43:42,204 [main] INFO  volume.HddsVolumeChecker (HddsVolumeChecker.java:checkAllVolumes(204)) - Scheduled health check for volume /workdir/hadoop-ozone/integration-test/target/test-dir/MiniOzoneClusterImpl-0feb3ce4-70f4-42f6-988c-6bd7afad892e/datanode-5/data/containers/hdds
2019-10-24 15:43:42,226 [main] INFO  impl.RaftServerProxy (ConfUtils.java:logGet(43)) - raft.rpc.type = GRPC (default)
2019-10-24 15:43:42,226 [main] INFO  grpc.GrpcFactory (GrpcFactory.java:checkPooledByteBufAllocatorUseCacheForAllThreads(45)) - PERFORMANCE WARNING: useCacheForAllThreads is true that may cause Netty to create a lot garbage objects and, as a result, trigger GC.
	It is recommended to disable useCacheForAllThreads by setting -Dorg.apache.ratis.thirdparty.io.netty.allocator.useCacheForAllThreads=false in command line.
2019-10-24 15:43:42,227 [main] INFO  grpc.GrpcConfigKeys$Server (ConfUtils.java:logGet(43)) - raft.grpc.server.port = 0 (default)
2019-10-24 15:43:42,227 [main] INFO  server.GrpcService (ConfUtils.java:logGet(43)) - raft.grpc.message.size.max = 33570816 (custom)
2019-10-24 15:43:42,227 [main] INFO  server.RaftServerConfigKeys (ConfUtils.java:logGet(43)) - raft.server.log.appender.buffer.byte-limit = 33554432 (custom)
2019-10-24 15:43:42,227 [main] INFO  server.GrpcService (ConfUtils.java:logGet(43)) - raft.grpc.flow.control.window = 1MB (=1048576) (default)
2019-10-24 15:43:42,228 [main] INFO  server.RaftServerConfigKeys (ConfUtils.java:logGet(43)) - raft.server.rpc.request.timeout = 3000ms (default)
2019-10-24 15:43:42,228 [main] INFO  server.RaftServerConfigKeys (ConfUtils.java:logGet(43)) - raft.server.storage.dir = [/workdir/hadoop-ozone/integration-test/target/test-dir/MiniOzoneClusterImpl-0feb3ce4-70f4-42f6-988c-6bd7afad892e/datanode-5/data/ratis] (custom)
2019-10-24 15:43:42,231 [main] INFO  hdfs.DFSUtil (DFSUtil.java:httpServerTemplateForNNAndJN(1641)) - Starting Web-server for hddsDatanode at: http://0.0.0.0:0
2019-10-24 15:43:42,233 [main] INFO  server.AuthenticationFilter (AuthenticationFilter.java:constructSecretProvider(240)) - Unable to initialize FileSignerSecretProvider, falling back to use random secrets.
2019-10-24 15:43:42,233 [main] WARN  http.HttpRequestLog (HttpRequestLog.java:getRequestLog(97)) - Jetty request log can only be enabled using Log4j
2019-10-24 15:43:42,235 [main] INFO  http.HttpServer2 (HttpServer2.java:addGlobalFilter(975)) - Added global filter 'safety' (class=org.apache.hadoop.http.HttpServer2$QuotingInputFilter)
2019-10-24 15:43:42,236 [main] INFO  http.HttpServer2 (HttpServer2.java:addFilter(948)) - Added filter static_user_filter (class=org.apache.hadoop.http.lib.StaticUserWebFilter$StaticUserFilter) to context hddsDatanode
2019-10-24 15:43:42,236 [main] INFO  http.HttpServer2 (HttpServer2.java:addFilter(958)) - Added filter static_user_filter (class=org.apache.hadoop.http.lib.StaticUserWebFilter$StaticUserFilter) to context logs
2019-10-24 15:43:42,237 [main] INFO  http.HttpServer2 (HttpServer2.java:addFilter(958)) - Added filter static_user_filter (class=org.apache.hadoop.http.lib.StaticUserWebFilter$StaticUserFilter) to context static
2019-10-24 15:43:42,238 [main] INFO  http.HttpServer2 (HttpServer2.java:bindListener(1191)) - Jetty bound to port 32794
2019-10-24 15:43:42,238 [main] INFO  server.Server (Server.java:doStart(351)) - jetty-9.3.25.v20180904, build timestamp: 2018-09-04T21:11:46Z, git hash: 3ce520221d0240229c862b122d2b06c12a625732
2019-10-24 15:43:42,240 [main] INFO  handler.ContextHandler (ContextHandler.java:doStart(781)) - Started o.e.j.s.ServletContextHandler@72f9f27c{/logs,file:///workdir/hadoop-ozone/integration-test/target/log,AVAILABLE}
2019-10-24 15:43:42,241 [main] INFO  handler.ContextHandler (ContextHandler.java:doStart(781)) - Started o.e.j.s.ServletContextHandler@762637be{/static,jar:file:/home/user/.m2/repository/org/apache/hadoop/hadoop-hdds-container-service/0.5.0-SNAPSHOT/hadoop-hdds-container-service-0.5.0-SNAPSHOT.jar!/webapps/static,AVAILABLE}
2019-10-24 15:43:42,276 [main] INFO  handler.ContextHandler (ContextHandler.java:doStart(781)) - Started o.e.j.w.WebAppContext@7fb29ca9{/,file:///tmp/jetty-0.0.0.0-32794-hddsDatanode-_-any-3732267112465789601.dir/webapp/,AVAILABLE}{/hddsDatanode}
2019-10-24 15:43:42,277 [main] INFO  server.AbstractConnector (AbstractConnector.java:doStart(278)) - Started ServerConnector@1e253c9d{HTTP/1.1,[http/1.1]}{0.0.0.0:32794}
2019-10-24 15:43:42,278 [main] INFO  server.Server (Server.java:doStart(419)) - Started @5712ms
2019-10-24 15:43:42,278 [main] WARN  impl.MetricsSystemImpl (MetricsSystemImpl.java:register(276)) - Sink prometheus already exists!
2019-10-24 15:43:42,280 [main] INFO  server.BaseHttpServer (BaseHttpServer.java:updateConnectorAddress(215)) - HTTP server of HDDSDATANODE is listening at http://0.0.0.0:32794
2019-10-24 15:43:42,280 [main] INFO  impl.MetricsSystemImpl (MetricsSystemImpl.java:init(158)) - HddsDatanode metrics system started (again)
2019-10-24 15:43:42,284 [org.apache.hadoop.util.JvmPauseMonitor$Monitor@cf7c29a] INFO  util.JvmPauseMonitor (JvmPauseMonitor.java:run(188)) - Starting JVM pause monitor
2019-10-24 15:43:42,284 [main] INFO  ozone.HddsDatanodeService (HddsDatanodeService.java:start(184)) - HddsDatanodeService host:pr-hdds-2359-djbrp-462585948 ip:192.168.164.213
2019-10-24 15:43:42,286 [Datanode State Machine Thread - 0] INFO  datanode.InitDatanodeState (InitDatanodeState.java:persistContainerDatanodeDetails(140)) - DatanodeDetails is persisted to /workdir/hadoop-ozone/integration-test/target/test-dir/MiniOzoneClusterImpl-0feb3ce4-70f4-42f6-988c-6bd7afad892e/datanode-5/meta/datanode.id
2019-10-24 15:43:42,292 [main] INFO  volume.HddsVolume (HddsVolume.java:<init>(176)) - Creating Volume: /workdir/hadoop-ozone/integration-test/target/test-dir/MiniOzoneClusterImpl-0feb3ce4-70f4-42f6-988c-6bd7afad892e/datanode-6/data/containers/hdds of  storage type : DISK and capacity : 1482555576320
2019-10-24 15:43:42,292 [main] INFO  volume.VolumeSet (VolumeSet.java:initializeVolumeSet(170)) - Added Volume : /workdir/hadoop-ozone/integration-test/target/test-dir/MiniOzoneClusterImpl-0feb3ce4-70f4-42f6-988c-6bd7afad892e/datanode-6/data/containers/hdds to VolumeSet
2019-10-24 15:43:42,292 [main] INFO  volume.ThrottledAsyncChecker (ThrottledAsyncChecker.java:schedule(141)) - Scheduling a check for /workdir/hadoop-ozone/integration-test/target/test-dir/MiniOzoneClusterImpl-0feb3ce4-70f4-42f6-988c-6bd7afad892e/datanode-6/data/containers/hdds
2019-10-24 15:43:42,293 [main] INFO  volume.HddsVolumeChecker (HddsVolumeChecker.java:checkAllVolumes(204)) - Scheduled health check for volume /workdir/hadoop-ozone/integration-test/target/test-dir/MiniOzoneClusterImpl-0feb3ce4-70f4-42f6-988c-6bd7afad892e/datanode-6/data/containers/hdds
2019-10-24 15:43:42,307 [main] INFO  impl.RaftServerProxy (ConfUtils.java:logGet(43)) - raft.rpc.type = GRPC (default)
2019-10-24 15:43:42,307 [main] INFO  grpc.GrpcFactory (GrpcFactory.java:checkPooledByteBufAllocatorUseCacheForAllThreads(45)) - PERFORMANCE WARNING: useCacheForAllThreads is true that may cause Netty to create a lot garbage objects and, as a result, trigger GC.
	It is recommended to disable useCacheForAllThreads by setting -Dorg.apache.ratis.thirdparty.io.netty.allocator.useCacheForAllThreads=false in command line.
2019-10-24 15:43:42,308 [main] INFO  grpc.GrpcConfigKeys$Server (ConfUtils.java:logGet(43)) - raft.grpc.server.port = 0 (default)
2019-10-24 15:43:42,308 [main] INFO  server.GrpcService (ConfUtils.java:logGet(43)) - raft.grpc.message.size.max = 33570816 (custom)
2019-10-24 15:43:42,308 [main] INFO  server.RaftServerConfigKeys (ConfUtils.java:logGet(43)) - raft.server.log.appender.buffer.byte-limit = 33554432 (custom)
2019-10-24 15:43:42,308 [main] INFO  server.GrpcService (ConfUtils.java:logGet(43)) - raft.grpc.flow.control.window = 1MB (=1048576) (default)
2019-10-24 15:43:42,309 [main] INFO  server.RaftServerConfigKeys (ConfUtils.java:logGet(43)) - raft.server.rpc.request.timeout = 3000ms (default)
2019-10-24 15:43:42,309 [main] INFO  server.RaftServerConfigKeys (ConfUtils.java:logGet(43)) - raft.server.storage.dir = [/workdir/hadoop-ozone/integration-test/target/test-dir/MiniOzoneClusterImpl-0feb3ce4-70f4-42f6-988c-6bd7afad892e/datanode-6/data/ratis] (custom)
2019-10-24 15:43:42,311 [main] INFO  hdfs.DFSUtil (DFSUtil.java:httpServerTemplateForNNAndJN(1641)) - Starting Web-server for hddsDatanode at: http://0.0.0.0:0
2019-10-24 15:43:42,313 [main] INFO  server.AuthenticationFilter (AuthenticationFilter.java:constructSecretProvider(240)) - Unable to initialize FileSignerSecretProvider, falling back to use random secrets.
2019-10-24 15:43:42,313 [main] WARN  http.HttpRequestLog (HttpRequestLog.java:getRequestLog(97)) - Jetty request log can only be enabled using Log4j
2019-10-24 15:43:42,315 [main] INFO  http.HttpServer2 (HttpServer2.java:addGlobalFilter(975)) - Added global filter 'safety' (class=org.apache.hadoop.http.HttpServer2$QuotingInputFilter)
2019-10-24 15:43:42,315 [main] INFO  http.HttpServer2 (HttpServer2.java:addFilter(948)) - Added filter static_user_filter (class=org.apache.hadoop.http.lib.StaticUserWebFilter$StaticUserFilter) to context hddsDatanode
2019-10-24 15:43:42,316 [main] INFO  http.HttpServer2 (HttpServer2.java:addFilter(958)) - Added filter static_user_filter (class=org.apache.hadoop.http.lib.StaticUserWebFilter$StaticUserFilter) to context static
2019-10-24 15:43:42,316 [main] INFO  http.HttpServer2 (HttpServer2.java:addFilter(958)) - Added filter static_user_filter (class=org.apache.hadoop.http.lib.StaticUserWebFilter$StaticUserFilter) to context logs
2019-10-24 15:43:42,317 [main] INFO  http.HttpServer2 (HttpServer2.java:bindListener(1191)) - Jetty bound to port 35568
2019-10-24 15:43:42,317 [main] INFO  server.Server (Server.java:doStart(351)) - jetty-9.3.25.v20180904, build timestamp: 2018-09-04T21:11:46Z, git hash: 3ce520221d0240229c862b122d2b06c12a625732
2019-10-24 15:43:42,319 [main] INFO  handler.ContextHandler (ContextHandler.java:doStart(781)) - Started o.e.j.s.ServletContextHandler@17fa1336{/logs,file:///workdir/hadoop-ozone/integration-test/target/log,AVAILABLE}
2019-10-24 15:43:42,320 [main] INFO  handler.ContextHandler (ContextHandler.java:doStart(781)) - Started o.e.j.s.ServletContextHandler@68b9834c{/static,jar:file:/home/user/.m2/repository/org/apache/hadoop/hadoop-hdds-container-service/0.5.0-SNAPSHOT/hadoop-hdds-container-service-0.5.0-SNAPSHOT.jar!/webapps/static,AVAILABLE}
2019-10-24 15:43:42,350 [main] INFO  handler.ContextHandler (ContextHandler.java:doStart(781)) - Started o.e.j.w.WebAppContext@2630dbc4{/,file:///tmp/jetty-0.0.0.0-35568-hddsDatanode-_-any-2288106639298052256.dir/webapp/,AVAILABLE}{/hddsDatanode}
2019-10-24 15:43:42,351 [main] INFO  server.AbstractConnector (AbstractConnector.java:doStart(278)) - Started ServerConnector@5ea4300e{HTTP/1.1,[http/1.1]}{0.0.0.0:35568}
2019-10-24 15:43:42,351 [main] INFO  server.Server (Server.java:doStart(419)) - Started @5785ms
2019-10-24 15:43:42,352 [main] WARN  impl.MetricsSystemImpl (MetricsSystemImpl.java:register(276)) - Sink prometheus already exists!
2019-10-24 15:43:42,353 [main] INFO  server.BaseHttpServer (BaseHttpServer.java:updateConnectorAddress(215)) - HTTP server of HDDSDATANODE is listening at http://0.0.0.0:35568
2019-10-24 15:43:42,353 [main] INFO  impl.MetricsSystemImpl (MetricsSystemImpl.java:init(158)) - HddsDatanode metrics system started (again)
2019-10-24 15:43:42,357 [org.apache.hadoop.util.JvmPauseMonitor$Monitor@28769ae2] INFO  util.JvmPauseMonitor (JvmPauseMonitor.java:run(188)) - Starting JVM pause monitor
2019-10-24 15:43:42,357 [main] INFO  ozone.HddsDatanodeService (HddsDatanodeService.java:start(184)) - HddsDatanodeService host:pr-hdds-2359-djbrp-462585948 ip:192.168.164.213
2019-10-24 15:43:42,360 [Datanode State Machine Thread - 0] INFO  datanode.InitDatanodeState (InitDatanodeState.java:persistContainerDatanodeDetails(140)) - DatanodeDetails is persisted to /workdir/hadoop-ozone/integration-test/target/test-dir/MiniOzoneClusterImpl-0feb3ce4-70f4-42f6-988c-6bd7afad892e/datanode-6/meta/datanode.id
2019-10-24 15:43:42,365 [main] INFO  volume.HddsVolume (HddsVolume.java:<init>(176)) - Creating Volume: /workdir/hadoop-ozone/integration-test/target/test-dir/MiniOzoneClusterImpl-0feb3ce4-70f4-42f6-988c-6bd7afad892e/datanode-7/data/containers/hdds of  storage type : DISK and capacity : 1482555576320
2019-10-24 15:43:42,366 [main] INFO  volume.VolumeSet (VolumeSet.java:initializeVolumeSet(170)) - Added Volume : /workdir/hadoop-ozone/integration-test/target/test-dir/MiniOzoneClusterImpl-0feb3ce4-70f4-42f6-988c-6bd7afad892e/datanode-7/data/containers/hdds to VolumeSet
2019-10-24 15:43:42,366 [main] INFO  volume.ThrottledAsyncChecker (ThrottledAsyncChecker.java:schedule(141)) - Scheduling a check for /workdir/hadoop-ozone/integration-test/target/test-dir/MiniOzoneClusterImpl-0feb3ce4-70f4-42f6-988c-6bd7afad892e/datanode-7/data/containers/hdds
2019-10-24 15:43:42,366 [main] INFO  volume.HddsVolumeChecker (HddsVolumeChecker.java:checkAllVolumes(204)) - Scheduled health check for volume /workdir/hadoop-ozone/integration-test/target/test-dir/MiniOzoneClusterImpl-0feb3ce4-70f4-42f6-988c-6bd7afad892e/datanode-7/data/containers/hdds
2019-10-24 15:43:42,381 [main] INFO  impl.RaftServerProxy (ConfUtils.java:logGet(43)) - raft.rpc.type = GRPC (default)
2019-10-24 15:43:42,382 [main] INFO  grpc.GrpcFactory (GrpcFactory.java:checkPooledByteBufAllocatorUseCacheForAllThreads(45)) - PERFORMANCE WARNING: useCacheForAllThreads is true that may cause Netty to create a lot garbage objects and, as a result, trigger GC.
	It is recommended to disable useCacheForAllThreads by setting -Dorg.apache.ratis.thirdparty.io.netty.allocator.useCacheForAllThreads=false in command line.
2019-10-24 15:43:42,382 [main] INFO  grpc.GrpcConfigKeys$Server (ConfUtils.java:logGet(43)) - raft.grpc.server.port = 0 (default)
2019-10-24 15:43:42,382 [main] INFO  server.GrpcService (ConfUtils.java:logGet(43)) - raft.grpc.message.size.max = 33570816 (custom)
2019-10-24 15:43:42,382 [main] INFO  server.RaftServerConfigKeys (ConfUtils.java:logGet(43)) - raft.server.log.appender.buffer.byte-limit = 33554432 (custom)
2019-10-24 15:43:42,382 [main] INFO  server.GrpcService (ConfUtils.java:logGet(43)) - raft.grpc.flow.control.window = 1MB (=1048576) (default)
2019-10-24 15:43:42,383 [main] INFO  server.RaftServerConfigKeys (ConfUtils.java:logGet(43)) - raft.server.rpc.request.timeout = 3000ms (default)
2019-10-24 15:43:42,383 [main] INFO  server.RaftServerConfigKeys (ConfUtils.java:logGet(43)) - raft.server.storage.dir = [/workdir/hadoop-ozone/integration-test/target/test-dir/MiniOzoneClusterImpl-0feb3ce4-70f4-42f6-988c-6bd7afad892e/datanode-7/data/ratis] (custom)
2019-10-24 15:43:42,385 [main] INFO  hdfs.DFSUtil (DFSUtil.java:httpServerTemplateForNNAndJN(1641)) - Starting Web-server for hddsDatanode at: http://0.0.0.0:0
2019-10-24 15:43:42,386 [main] INFO  server.AuthenticationFilter (AuthenticationFilter.java:constructSecretProvider(240)) - Unable to initialize FileSignerSecretProvider, falling back to use random secrets.
2019-10-24 15:43:42,387 [main] WARN  http.HttpRequestLog (HttpRequestLog.java:getRequestLog(97)) - Jetty request log can only be enabled using Log4j
2019-10-24 15:43:42,388 [main] INFO  http.HttpServer2 (HttpServer2.java:addGlobalFilter(975)) - Added global filter 'safety' (class=org.apache.hadoop.http.HttpServer2$QuotingInputFilter)
2019-10-24 15:43:42,389 [main] INFO  http.HttpServer2 (HttpServer2.java:addFilter(948)) - Added filter static_user_filter (class=org.apache.hadoop.http.lib.StaticUserWebFilter$StaticUserFilter) to context hddsDatanode
2019-10-24 15:43:42,389 [main] INFO  http.HttpServer2 (HttpServer2.java:addFilter(958)) - Added filter static_user_filter (class=org.apache.hadoop.http.lib.StaticUserWebFilter$StaticUserFilter) to context logs
2019-10-24 15:43:42,389 [main] INFO  http.HttpServer2 (HttpServer2.java:addFilter(958)) - Added filter static_user_filter (class=org.apache.hadoop.http.lib.StaticUserWebFilter$StaticUserFilter) to context static
2019-10-24 15:43:42,390 [main] INFO  http.HttpServer2 (HttpServer2.java:bindListener(1191)) - Jetty bound to port 39197
2019-10-24 15:43:42,390 [main] INFO  server.Server (Server.java:doStart(351)) - jetty-9.3.25.v20180904, build timestamp: 2018-09-04T21:11:46Z, git hash: 3ce520221d0240229c862b122d2b06c12a625732
2019-10-24 15:43:42,392 [main] INFO  handler.ContextHandler (ContextHandler.java:doStart(781)) - Started o.e.j.s.ServletContextHandler@12eedfee{/logs,file:///workdir/hadoop-ozone/integration-test/target/log,AVAILABLE}
2019-10-24 15:43:42,393 [main] INFO  handler.ContextHandler (ContextHandler.java:doStart(781)) - Started o.e.j.s.ServletContextHandler@1352434e{/static,jar:file:/home/user/.m2/repository/org/apache/hadoop/hadoop-hdds-container-service/0.5.0-SNAPSHOT/hadoop-hdds-container-service-0.5.0-SNAPSHOT.jar!/webapps/static,AVAILABLE}
2019-10-24 15:43:42,424 [main] INFO  handler.ContextHandler (ContextHandler.java:doStart(781)) - Started o.e.j.w.WebAppContext@10f7918f{/,file:///tmp/jetty-0.0.0.0-39197-hddsDatanode-_-any-6792896750752397570.dir/webapp/,AVAILABLE}{/hddsDatanode}
2019-10-24 15:43:42,424 [main] INFO  server.AbstractConnector (AbstractConnector.java:doStart(278)) - Started ServerConnector@64d4f7c7{HTTP/1.1,[http/1.1]}{0.0.0.0:39197}
2019-10-24 15:43:42,425 [main] INFO  server.Server (Server.java:doStart(419)) - Started @5859ms
2019-10-24 15:43:42,425 [main] WARN  impl.MetricsSystemImpl (MetricsSystemImpl.java:register(276)) - Sink prometheus already exists!
2019-10-24 15:43:42,426 [main] INFO  server.BaseHttpServer (BaseHttpServer.java:updateConnectorAddress(215)) - HTTP server of HDDSDATANODE is listening at http://0.0.0.0:39197
2019-10-24 15:43:42,427 [main] INFO  impl.MetricsSystemImpl (MetricsSystemImpl.java:init(158)) - HddsDatanode metrics system started (again)
2019-10-24 15:43:42,432 [org.apache.hadoop.util.JvmPauseMonitor$Monitor@3e7d12e5] INFO  util.JvmPauseMonitor (JvmPauseMonitor.java:run(188)) - Starting JVM pause monitor
2019-10-24 15:43:42,434 [main] INFO  ozone.HddsDatanodeService (HddsDatanodeService.java:start(184)) - HddsDatanodeService host:pr-hdds-2359-djbrp-462585948 ip:192.168.164.213
2019-10-24 15:43:42,435 [Datanode State Machine Thread - 0] INFO  datanode.InitDatanodeState (InitDatanodeState.java:persistContainerDatanodeDetails(140)) - DatanodeDetails is persisted to /workdir/hadoop-ozone/integration-test/target/test-dir/MiniOzoneClusterImpl-0feb3ce4-70f4-42f6-988c-6bd7afad892e/datanode-7/meta/datanode.id
2019-10-24 15:43:42,446 [main] INFO  volume.HddsVolume (HddsVolume.java:<init>(176)) - Creating Volume: /workdir/hadoop-ozone/integration-test/target/test-dir/MiniOzoneClusterImpl-0feb3ce4-70f4-42f6-988c-6bd7afad892e/datanode-8/data/containers/hdds of  storage type : DISK and capacity : 1482555576320
2019-10-24 15:43:42,446 [main] INFO  volume.VolumeSet (VolumeSet.java:initializeVolumeSet(170)) - Added Volume : /workdir/hadoop-ozone/integration-test/target/test-dir/MiniOzoneClusterImpl-0feb3ce4-70f4-42f6-988c-6bd7afad892e/datanode-8/data/containers/hdds to VolumeSet
2019-10-24 15:43:42,446 [main] INFO  volume.ThrottledAsyncChecker (ThrottledAsyncChecker.java:schedule(141)) - Scheduling a check for /workdir/hadoop-ozone/integration-test/target/test-dir/MiniOzoneClusterImpl-0feb3ce4-70f4-42f6-988c-6bd7afad892e/datanode-8/data/containers/hdds
2019-10-24 15:43:42,447 [main] INFO  volume.HddsVolumeChecker (HddsVolumeChecker.java:checkAllVolumes(204)) - Scheduled health check for volume /workdir/hadoop-ozone/integration-test/target/test-dir/MiniOzoneClusterImpl-0feb3ce4-70f4-42f6-988c-6bd7afad892e/datanode-8/data/containers/hdds
2019-10-24 15:43:42,466 [main] INFO  impl.RaftServerProxy (ConfUtils.java:logGet(43)) - raft.rpc.type = GRPC (default)
2019-10-24 15:43:42,466 [main] INFO  grpc.GrpcFactory (GrpcFactory.java:checkPooledByteBufAllocatorUseCacheForAllThreads(45)) - PERFORMANCE WARNING: useCacheForAllThreads is true that may cause Netty to create a lot garbage objects and, as a result, trigger GC.
	It is recommended to disable useCacheForAllThreads by setting -Dorg.apache.ratis.thirdparty.io.netty.allocator.useCacheForAllThreads=false in command line.
2019-10-24 15:43:42,467 [main] INFO  grpc.GrpcConfigKeys$Server (ConfUtils.java:logGet(43)) - raft.grpc.server.port = 0 (default)
2019-10-24 15:43:42,467 [main] INFO  server.GrpcService (ConfUtils.java:logGet(43)) - raft.grpc.message.size.max = 33570816 (custom)
2019-10-24 15:43:42,467 [main] INFO  server.RaftServerConfigKeys (ConfUtils.java:logGet(43)) - raft.server.log.appender.buffer.byte-limit = 33554432 (custom)
2019-10-24 15:43:42,467 [main] INFO  server.GrpcService (ConfUtils.java:logGet(43)) - raft.grpc.flow.control.window = 1MB (=1048576) (default)
2019-10-24 15:43:42,468 [main] INFO  server.RaftServerConfigKeys (ConfUtils.java:logGet(43)) - raft.server.rpc.request.timeout = 3000ms (default)
2019-10-24 15:43:42,468 [main] INFO  server.RaftServerConfigKeys (ConfUtils.java:logGet(43)) - raft.server.storage.dir = [/workdir/hadoop-ozone/integration-test/target/test-dir/MiniOzoneClusterImpl-0feb3ce4-70f4-42f6-988c-6bd7afad892e/datanode-8/data/ratis] (custom)
2019-10-24 15:43:42,471 [main] INFO  hdfs.DFSUtil (DFSUtil.java:httpServerTemplateForNNAndJN(1641)) - Starting Web-server for hddsDatanode at: http://0.0.0.0:0
2019-10-24 15:43:42,473 [main] INFO  server.AuthenticationFilter (AuthenticationFilter.java:constructSecretProvider(240)) - Unable to initialize FileSignerSecretProvider, falling back to use random secrets.
2019-10-24 15:43:42,474 [main] WARN  http.HttpRequestLog (HttpRequestLog.java:getRequestLog(97)) - Jetty request log can only be enabled using Log4j
2019-10-24 15:43:42,476 [main] INFO  http.HttpServer2 (HttpServer2.java:addGlobalFilter(975)) - Added global filter 'safety' (class=org.apache.hadoop.http.HttpServer2$QuotingInputFilter)
2019-10-24 15:43:42,476 [main] INFO  http.HttpServer2 (HttpServer2.java:addFilter(948)) - Added filter static_user_filter (class=org.apache.hadoop.http.lib.StaticUserWebFilter$StaticUserFilter) to context hddsDatanode
2019-10-24 15:43:42,477 [main] INFO  http.HttpServer2 (HttpServer2.java:addFilter(958)) - Added filter static_user_filter (class=org.apache.hadoop.http.lib.StaticUserWebFilter$StaticUserFilter) to context static
2019-10-24 15:43:42,477 [main] INFO  http.HttpServer2 (HttpServer2.java:addFilter(958)) - Added filter static_user_filter (class=org.apache.hadoop.http.lib.StaticUserWebFilter$StaticUserFilter) to context logs
2019-10-24 15:43:42,478 [main] INFO  http.HttpServer2 (HttpServer2.java:bindListener(1191)) - Jetty bound to port 40328
2019-10-24 15:43:42,478 [main] INFO  server.Server (Server.java:doStart(351)) - jetty-9.3.25.v20180904, build timestamp: 2018-09-04T21:11:46Z, git hash: 3ce520221d0240229c862b122d2b06c12a625732
2019-10-24 15:43:42,480 [main] INFO  handler.ContextHandler (ContextHandler.java:doStart(781)) - Started o.e.j.s.ServletContextHandler@79a04e5f{/logs,file:///workdir/hadoop-ozone/integration-test/target/log,AVAILABLE}
2019-10-24 15:43:42,481 [main] INFO  handler.ContextHandler (ContextHandler.java:doStart(781)) - Started o.e.j.s.ServletContextHandler@53311681{/static,jar:file:/home/user/.m2/repository/org/apache/hadoop/hadoop-hdds-container-service/0.5.0-SNAPSHOT/hadoop-hdds-container-service-0.5.0-SNAPSHOT.jar!/webapps/static,AVAILABLE}
2019-10-24 15:43:42,511 [main] INFO  handler.ContextHandler (ContextHandler.java:doStart(781)) - Started o.e.j.w.WebAppContext@59696551{/,file:///tmp/jetty-0.0.0.0-40328-hddsDatanode-_-any-4501789399390274545.dir/webapp/,AVAILABLE}{/hddsDatanode}
2019-10-24 15:43:42,511 [main] INFO  server.AbstractConnector (AbstractConnector.java:doStart(278)) - Started ServerConnector@648d0e6d{HTTP/1.1,[http/1.1]}{0.0.0.0:40328}
2019-10-24 15:43:42,513 [main] INFO  server.Server (Server.java:doStart(419)) - Started @5946ms
2019-10-24 15:43:42,513 [main] WARN  impl.MetricsSystemImpl (MetricsSystemImpl.java:register(276)) - Sink prometheus already exists!
2019-10-24 15:43:42,514 [main] INFO  server.BaseHttpServer (BaseHttpServer.java:updateConnectorAddress(215)) - HTTP server of HDDSDATANODE is listening at http://0.0.0.0:40328
2019-10-24 15:43:42,514 [main] INFO  impl.MetricsSystemImpl (MetricsSystemImpl.java:init(158)) - HddsDatanode metrics system started (again)
2019-10-24 15:43:42,520 [org.apache.hadoop.util.JvmPauseMonitor$Monitor@6584f6d0] INFO  util.JvmPauseMonitor (JvmPauseMonitor.java:run(188)) - Starting JVM pause monitor
2019-10-24 15:43:42,522 [main] INFO  ozone.HddsDatanodeService (HddsDatanodeService.java:start(184)) - HddsDatanodeService host:pr-hdds-2359-djbrp-462585948 ip:192.168.164.213
2019-10-24 15:43:42,523 [Datanode State Machine Thread - 0] INFO  datanode.InitDatanodeState (InitDatanodeState.java:persistContainerDatanodeDetails(140)) - DatanodeDetails is persisted to /workdir/hadoop-ozone/integration-test/target/test-dir/MiniOzoneClusterImpl-0feb3ce4-70f4-42f6-988c-6bd7afad892e/datanode-8/meta/datanode.id
2019-10-24 15:43:42,533 [main] INFO  volume.HddsVolume (HddsVolume.java:<init>(176)) - Creating Volume: /workdir/hadoop-ozone/integration-test/target/test-dir/MiniOzoneClusterImpl-0feb3ce4-70f4-42f6-988c-6bd7afad892e/datanode-9/data/containers/hdds of  storage type : DISK and capacity : 1482555576320
2019-10-24 15:43:42,534 [main] INFO  volume.VolumeSet (VolumeSet.java:initializeVolumeSet(170)) - Added Volume : /workdir/hadoop-ozone/integration-test/target/test-dir/MiniOzoneClusterImpl-0feb3ce4-70f4-42f6-988c-6bd7afad892e/datanode-9/data/containers/hdds to VolumeSet
2019-10-24 15:43:42,534 [main] INFO  volume.ThrottledAsyncChecker (ThrottledAsyncChecker.java:schedule(141)) - Scheduling a check for /workdir/hadoop-ozone/integration-test/target/test-dir/MiniOzoneClusterImpl-0feb3ce4-70f4-42f6-988c-6bd7afad892e/datanode-9/data/containers/hdds
2019-10-24 15:43:42,535 [main] INFO  volume.HddsVolumeChecker (HddsVolumeChecker.java:checkAllVolumes(204)) - Scheduled health check for volume /workdir/hadoop-ozone/integration-test/target/test-dir/MiniOzoneClusterImpl-0feb3ce4-70f4-42f6-988c-6bd7afad892e/datanode-9/data/containers/hdds
2019-10-24 15:43:42,555 [main] INFO  impl.RaftServerProxy (ConfUtils.java:logGet(43)) - raft.rpc.type = GRPC (default)
2019-10-24 15:43:42,556 [main] INFO  grpc.GrpcFactory (GrpcFactory.java:checkPooledByteBufAllocatorUseCacheForAllThreads(45)) - PERFORMANCE WARNING: useCacheForAllThreads is true that may cause Netty to create a lot garbage objects and, as a result, trigger GC.
	It is recommended to disable useCacheForAllThreads by setting -Dorg.apache.ratis.thirdparty.io.netty.allocator.useCacheForAllThreads=false in command line.
2019-10-24 15:43:42,556 [main] INFO  grpc.GrpcConfigKeys$Server (ConfUtils.java:logGet(43)) - raft.grpc.server.port = 0 (default)
2019-10-24 15:43:42,556 [main] INFO  server.GrpcService (ConfUtils.java:logGet(43)) - raft.grpc.message.size.max = 33570816 (custom)
2019-10-24 15:43:42,556 [main] INFO  server.RaftServerConfigKeys (ConfUtils.java:logGet(43)) - raft.server.log.appender.buffer.byte-limit = 33554432 (custom)
2019-10-24 15:43:42,557 [main] INFO  server.GrpcService (ConfUtils.java:logGet(43)) - raft.grpc.flow.control.window = 1MB (=1048576) (default)
2019-10-24 15:43:42,557 [main] INFO  server.RaftServerConfigKeys (ConfUtils.java:logGet(43)) - raft.server.rpc.request.timeout = 3000ms (default)
2019-10-24 15:43:42,557 [main] INFO  server.RaftServerConfigKeys (ConfUtils.java:logGet(43)) - raft.server.storage.dir = [/workdir/hadoop-ozone/integration-test/target/test-dir/MiniOzoneClusterImpl-0feb3ce4-70f4-42f6-988c-6bd7afad892e/datanode-9/data/ratis] (custom)
2019-10-24 15:43:42,559 [main] INFO  hdfs.DFSUtil (DFSUtil.java:httpServerTemplateForNNAndJN(1641)) - Starting Web-server for hddsDatanode at: http://0.0.0.0:0
2019-10-24 15:43:42,561 [main] INFO  server.AuthenticationFilter (AuthenticationFilter.java:constructSecretProvider(240)) - Unable to initialize FileSignerSecretProvider, falling back to use random secrets.
2019-10-24 15:43:42,562 [main] WARN  http.HttpRequestLog (HttpRequestLog.java:getRequestLog(97)) - Jetty request log can only be enabled using Log4j
2019-10-24 15:43:42,564 [main] INFO  http.HttpServer2 (HttpServer2.java:addGlobalFilter(975)) - Added global filter 'safety' (class=org.apache.hadoop.http.HttpServer2$QuotingInputFilter)
2019-10-24 15:43:42,565 [main] INFO  http.HttpServer2 (HttpServer2.java:addFilter(948)) - Added filter static_user_filter (class=org.apache.hadoop.http.lib.StaticUserWebFilter$StaticUserFilter) to context hddsDatanode
2019-10-24 15:43:42,565 [main] INFO  http.HttpServer2 (HttpServer2.java:addFilter(958)) - Added filter static_user_filter (class=org.apache.hadoop.http.lib.StaticUserWebFilter$StaticUserFilter) to context static
2019-10-24 15:43:42,565 [main] INFO  http.HttpServer2 (HttpServer2.java:addFilter(958)) - Added filter static_user_filter (class=org.apache.hadoop.http.lib.StaticUserWebFilter$StaticUserFilter) to context logs
2019-10-24 15:43:42,566 [main] INFO  http.HttpServer2 (HttpServer2.java:bindListener(1191)) - Jetty bound to port 40560
2019-10-24 15:43:42,567 [main] INFO  server.Server (Server.java:doStart(351)) - jetty-9.3.25.v20180904, build timestamp: 2018-09-04T21:11:46Z, git hash: 3ce520221d0240229c862b122d2b06c12a625732
2019-10-24 15:43:42,569 [main] INFO  handler.ContextHandler (ContextHandler.java:doStart(781)) - Started o.e.j.s.ServletContextHandler@6cbd0674{/logs,file:///workdir/hadoop-ozone/integration-test/target/log,AVAILABLE}
2019-10-24 15:43:42,570 [main] INFO  handler.ContextHandler (ContextHandler.java:doStart(781)) - Started o.e.j.s.ServletContextHandler@19a64eae{/static,jar:file:/home/user/.m2/repository/org/apache/hadoop/hadoop-hdds-container-service/0.5.0-SNAPSHOT/hadoop-hdds-container-service-0.5.0-SNAPSHOT.jar!/webapps/static,AVAILABLE}
2019-10-24 15:43:42,607 [main] INFO  handler.ContextHandler (ContextHandler.java:doStart(781)) - Started o.e.j.w.WebAppContext@10c72a6f{/,file:///tmp/jetty-0.0.0.0-40560-hddsDatanode-_-any-8300116589250472809.dir/webapp/,AVAILABLE}{/hddsDatanode}
2019-10-24 15:43:42,608 [main] INFO  server.AbstractConnector (AbstractConnector.java:doStart(278)) - Started ServerConnector@70e94ecb{HTTP/1.1,[http/1.1]}{0.0.0.0:40560}
2019-10-24 15:43:42,609 [main] INFO  server.Server (Server.java:doStart(419)) - Started @6043ms
2019-10-24 15:43:42,609 [main] WARN  impl.MetricsSystemImpl (MetricsSystemImpl.java:register(276)) - Sink prometheus already exists!
2019-10-24 15:43:42,610 [main] INFO  server.BaseHttpServer (BaseHttpServer.java:updateConnectorAddress(215)) - HTTP server of HDDSDATANODE is listening at http://0.0.0.0:40560
2019-10-24 15:43:42,615 [main] INFO  ozone.MiniOzoneClusterImpl (MiniOzoneClusterImpl.java:lambda$waitForClusterToBeReady$0(147)) - Waiting for cluster to be ready. Got 0 of 10 DN Heartbeats.
2019-10-24 15:43:42,616 [org.apache.hadoop.util.JvmPauseMonitor$Monitor@35b42da9] INFO  util.JvmPauseMonitor (JvmPauseMonitor.java:run(188)) - Starting JVM pause monitor
2019-10-24 15:43:42,620 [Datanode State Machine Thread - 0] INFO  datanode.InitDatanodeState (InitDatanodeState.java:persistContainerDatanodeDetails(140)) - DatanodeDetails is persisted to /workdir/hadoop-ozone/integration-test/target/test-dir/MiniOzoneClusterImpl-0feb3ce4-70f4-42f6-988c-6bd7afad892e/datanode-9/meta/datanode.id
2019-10-24 15:43:43,616 [main] INFO  ozone.MiniOzoneClusterImpl (MiniOzoneClusterImpl.java:lambda$waitForClusterToBeReady$0(147)) - Waiting for cluster to be ready. Got 0 of 10 DN Heartbeats.
2019-10-24 15:43:43,891 [Datanode State Machine Thread - 0] INFO  ozoneimpl.OzoneContainer (OzoneContainer.java:start(213)) - Attempting to start container services.
2019-10-24 15:43:43,892 [Datanode State Machine Thread - 0] INFO  ozoneimpl.OzoneContainer (OzoneContainer.java:start(213)) - Attempting to start container services.
2019-10-24 15:43:43,894 [Datanode State Machine Thread - 0] INFO  ozoneimpl.OzoneContainer (OzoneContainer.java:startContainerScrub(177)) - Background container scanner has been disabled.
2019-10-24 15:43:43,894 [Datanode State Machine Thread - 0] INFO  ozoneimpl.OzoneContainer (OzoneContainer.java:startContainerScrub(177)) - Background container scanner has been disabled.
2019-10-24 15:43:43,894 [Datanode State Machine Thread - 0] INFO  ratis.XceiverServerRatis (XceiverServerRatis.java:start(418)) - Starting XceiverServerRatis a667faea-0fef-4f07-8d37-e0d8f63f2a62 at port 0
2019-10-24 15:43:43,894 [Datanode State Machine Thread - 0] INFO  ratis.XceiverServerRatis (XceiverServerRatis.java:start(418)) - Starting XceiverServerRatis b4ae536c-ed18-4717-a75c-ca4b5d6c4001 at port 0
2019-10-24 15:43:43,930 [Datanode State Machine Thread - 0] INFO  impl.RaftServerProxy (RaftServerProxy.java:lambda$start$3(299)) - a667faea-0fef-4f07-8d37-e0d8f63f2a62: start RPC server
2019-10-24 15:43:43,930 [Datanode State Machine Thread - 0] INFO  impl.RaftServerProxy (RaftServerProxy.java:lambda$start$3(299)) - b4ae536c-ed18-4717-a75c-ca4b5d6c4001: start RPC server
2019-10-24 15:43:44,041 [Datanode State Machine Thread - 0] INFO  ozoneimpl.OzoneContainer (OzoneContainer.java:start(213)) - Attempting to start container services.
2019-10-24 15:43:44,046 [Datanode State Machine Thread - 0] INFO  server.GrpcService (GrpcService.java:startImpl(158)) - a667faea-0fef-4f07-8d37-e0d8f63f2a62: GrpcService started, listening on 0.0.0.0/0.0.0.0:36278
2019-10-24 15:43:44,047 [Datanode State Machine Thread - 0] INFO  ozoneimpl.OzoneContainer (OzoneContainer.java:startContainerScrub(177)) - Background container scanner has been disabled.
2019-10-24 15:43:44,047 [Datanode State Machine Thread - 0] INFO  ratis.XceiverServerRatis (XceiverServerRatis.java:start(428)) - XceiverServerRatis a667faea-0fef-4f07-8d37-e0d8f63f2a62 is started using port 36278
2019-10-24 15:43:44,045 [Datanode State Machine Thread - 0] INFO  server.GrpcService (GrpcService.java:startImpl(158)) - b4ae536c-ed18-4717-a75c-ca4b5d6c4001: GrpcService started, listening on 0.0.0.0/0.0.0.0:41180
2019-10-24 15:43:44,047 [Datanode State Machine Thread - 0] INFO  ratis.XceiverServerRatis (XceiverServerRatis.java:start(418)) - Starting XceiverServerRatis 131ee32b-eb71-4a4b-82eb-895fd06b61f2 at port 0
2019-10-24 15:43:44,047 [Datanode State Machine Thread - 0] INFO  ratis.XceiverServerRatis (XceiverServerRatis.java:start(428)) - XceiverServerRatis b4ae536c-ed18-4717-a75c-ca4b5d6c4001 is started using port 41180
2019-10-24 15:43:44,052 [Datanode State Machine Thread - 0] INFO  server.XceiverServerGrpc (XceiverServerGrpc.java:start(149)) - XceiverServerGrpc a667faea-0fef-4f07-8d37-e0d8f63f2a62 is started using port 41459
2019-10-24 15:43:44,052 [Datanode State Machine Thread - 0] INFO  server.XceiverServerGrpc (XceiverServerGrpc.java:start(149)) - XceiverServerGrpc b4ae536c-ed18-4717-a75c-ca4b5d6c4001 is started using port 45392
2019-10-24 15:43:44,063 [Datanode State Machine Thread - 0] INFO  impl.RaftServerProxy (RaftServerProxy.java:lambda$start$3(299)) - 131ee32b-eb71-4a4b-82eb-895fd06b61f2: start RPC server
2019-10-24 15:43:44,066 [Datanode State Machine Thread - 0] INFO  server.GrpcService (GrpcService.java:startImpl(158)) - 131ee32b-eb71-4a4b-82eb-895fd06b61f2: GrpcService started, listening on 0.0.0.0/0.0.0.0:38159
2019-10-24 15:43:44,066 [Datanode State Machine Thread - 0] INFO  ratis.XceiverServerRatis (XceiverServerRatis.java:start(428)) - XceiverServerRatis 131ee32b-eb71-4a4b-82eb-895fd06b61f2 is started using port 38159
2019-10-24 15:43:44,068 [Datanode State Machine Thread - 0] INFO  server.XceiverServerGrpc (XceiverServerGrpc.java:start(149)) - XceiverServerGrpc 131ee32b-eb71-4a4b-82eb-895fd06b61f2 is started using port 34847
2019-10-24 15:43:44,127 [Datanode State Machine Thread - 0] INFO  ozoneimpl.OzoneContainer (OzoneContainer.java:start(213)) - Attempting to start container services.
2019-10-24 15:43:44,127 [Datanode State Machine Thread - 0] INFO  ozoneimpl.OzoneContainer (OzoneContainer.java:startContainerScrub(177)) - Background container scanner has been disabled.
2019-10-24 15:43:44,127 [Datanode State Machine Thread - 0] INFO  ratis.XceiverServerRatis (XceiverServerRatis.java:start(418)) - Starting XceiverServerRatis 903a1cac-874e-4718-a4f3-e11699c837d0 at port 0
2019-10-24 15:43:44,135 [Datanode State Machine Thread - 0] INFO  impl.RaftServerProxy (RaftServerProxy.java:lambda$start$3(299)) - 903a1cac-874e-4718-a4f3-e11699c837d0: start RPC server
2019-10-24 15:43:44,138 [Datanode State Machine Thread - 0] INFO  server.GrpcService (GrpcService.java:startImpl(158)) - 903a1cac-874e-4718-a4f3-e11699c837d0: GrpcService started, listening on 0.0.0.0/0.0.0.0:41438
2019-10-24 15:43:44,138 [Datanode State Machine Thread - 0] INFO  ratis.XceiverServerRatis (XceiverServerRatis.java:start(428)) - XceiverServerRatis 903a1cac-874e-4718-a4f3-e11699c837d0 is started using port 41438
2019-10-24 15:43:44,141 [Datanode State Machine Thread - 0] INFO  server.XceiverServerGrpc (XceiverServerGrpc.java:start(149)) - XceiverServerGrpc 903a1cac-874e-4718-a4f3-e11699c837d0 is started using port 35906
2019-10-24 15:43:44,213 [Datanode State Machine Thread - 0] INFO  ozoneimpl.OzoneContainer (OzoneContainer.java:start(213)) - Attempting to start container services.
2019-10-24 15:43:44,213 [Datanode State Machine Thread - 0] INFO  ozoneimpl.OzoneContainer (OzoneContainer.java:startContainerScrub(177)) - Background container scanner has been disabled.
2019-10-24 15:43:44,214 [Datanode State Machine Thread - 0] INFO  ratis.XceiverServerRatis (XceiverServerRatis.java:start(418)) - Starting XceiverServerRatis 9092f221-0e0d-4970-bb84-cacd95020f21 at port 0
2019-10-24 15:43:44,220 [Datanode State Machine Thread - 0] INFO  impl.RaftServerProxy (RaftServerProxy.java:lambda$start$3(299)) - 9092f221-0e0d-4970-bb84-cacd95020f21: start RPC server
2019-10-24 15:43:44,225 [Datanode State Machine Thread - 0] INFO  server.GrpcService (GrpcService.java:startImpl(158)) - 9092f221-0e0d-4970-bb84-cacd95020f21: GrpcService started, listening on 0.0.0.0/0.0.0.0:41903
2019-10-24 15:43:44,225 [Datanode State Machine Thread - 0] INFO  ratis.XceiverServerRatis (XceiverServerRatis.java:start(428)) - XceiverServerRatis 9092f221-0e0d-4970-bb84-cacd95020f21 is started using port 41903
2019-10-24 15:43:44,227 [Datanode State Machine Thread - 0] INFO  server.XceiverServerGrpc (XceiverServerGrpc.java:start(149)) - XceiverServerGrpc 9092f221-0e0d-4970-bb84-cacd95020f21 is started using port 37374
2019-10-24 15:43:44,309 [Datanode State Machine Thread - 0] INFO  ozoneimpl.OzoneContainer (OzoneContainer.java:start(213)) - Attempting to start container services.
2019-10-24 15:43:44,310 [Datanode State Machine Thread - 0] INFO  ozoneimpl.OzoneContainer (OzoneContainer.java:startContainerScrub(177)) - Background container scanner has been disabled.
2019-10-24 15:43:44,310 [Datanode State Machine Thread - 0] INFO  ratis.XceiverServerRatis (XceiverServerRatis.java:start(418)) - Starting XceiverServerRatis 876b8685-e2e6-4b2b-9f0d-f9ddcb91e852 at port 0
2019-10-24 15:43:44,314 [Datanode State Machine Thread - 0] INFO  impl.RaftServerProxy (RaftServerProxy.java:lambda$start$3(299)) - 876b8685-e2e6-4b2b-9f0d-f9ddcb91e852: start RPC server
2019-10-24 15:43:44,318 [Datanode State Machine Thread - 0] INFO  server.GrpcService (GrpcService.java:startImpl(158)) - 876b8685-e2e6-4b2b-9f0d-f9ddcb91e852: GrpcService started, listening on 0.0.0.0/0.0.0.0:33356
2019-10-24 15:43:44,318 [Datanode State Machine Thread - 0] INFO  ratis.XceiverServerRatis (XceiverServerRatis.java:start(428)) - XceiverServerRatis 876b8685-e2e6-4b2b-9f0d-f9ddcb91e852 is started using port 33356
2019-10-24 15:43:44,321 [Datanode State Machine Thread - 0] INFO  server.XceiverServerGrpc (XceiverServerGrpc.java:start(149)) - XceiverServerGrpc 876b8685-e2e6-4b2b-9f0d-f9ddcb91e852 is started using port 44637
2019-10-24 15:43:44,375 [Datanode State Machine Thread - 0] INFO  ozoneimpl.OzoneContainer (OzoneContainer.java:start(213)) - Attempting to start container services.
2019-10-24 15:43:44,375 [Datanode State Machine Thread - 0] INFO  ozoneimpl.OzoneContainer (OzoneContainer.java:startContainerScrub(177)) - Background container scanner has been disabled.
2019-10-24 15:43:44,375 [Datanode State Machine Thread - 0] INFO  ratis.XceiverServerRatis (XceiverServerRatis.java:start(418)) - Starting XceiverServerRatis 3a65ecdf-e32f-4548-a2e5-44ab823c11b3 at port 0
2019-10-24 15:43:44,384 [Datanode State Machine Thread - 0] INFO  impl.RaftServerProxy (RaftServerProxy.java:lambda$start$3(299)) - 3a65ecdf-e32f-4548-a2e5-44ab823c11b3: start RPC server
2019-10-24 15:43:44,388 [Datanode State Machine Thread - 0] INFO  server.GrpcService (GrpcService.java:startImpl(158)) - 3a65ecdf-e32f-4548-a2e5-44ab823c11b3: GrpcService started, listening on 0.0.0.0/0.0.0.0:44036
2019-10-24 15:43:44,389 [Datanode State Machine Thread - 0] INFO  ratis.XceiverServerRatis (XceiverServerRatis.java:start(428)) - XceiverServerRatis 3a65ecdf-e32f-4548-a2e5-44ab823c11b3 is started using port 44036
2019-10-24 15:43:44,391 [Datanode State Machine Thread - 0] INFO  server.XceiverServerGrpc (XceiverServerGrpc.java:start(149)) - XceiverServerGrpc 3a65ecdf-e32f-4548-a2e5-44ab823c11b3 is started using port 38363
2019-10-24 15:43:44,450 [Datanode State Machine Thread - 0] INFO  ozoneimpl.OzoneContainer (OzoneContainer.java:start(213)) - Attempting to start container services.
2019-10-24 15:43:44,450 [Datanode State Machine Thread - 0] INFO  ozoneimpl.OzoneContainer (OzoneContainer.java:startContainerScrub(177)) - Background container scanner has been disabled.
2019-10-24 15:43:44,450 [Datanode State Machine Thread - 0] INFO  ratis.XceiverServerRatis (XceiverServerRatis.java:start(418)) - Starting XceiverServerRatis af280123-6372-4d1f-a5d4-c36229a73203 at port 0
2019-10-24 15:43:44,456 [Datanode State Machine Thread - 0] INFO  impl.RaftServerProxy (RaftServerProxy.java:lambda$start$3(299)) - af280123-6372-4d1f-a5d4-c36229a73203: start RPC server
2019-10-24 15:43:44,460 [Datanode State Machine Thread - 0] INFO  server.GrpcService (GrpcService.java:startImpl(158)) - af280123-6372-4d1f-a5d4-c36229a73203: GrpcService started, listening on 0.0.0.0/0.0.0.0:35334
2019-10-24 15:43:44,460 [Datanode State Machine Thread - 0] INFO  ratis.XceiverServerRatis (XceiverServerRatis.java:start(428)) - XceiverServerRatis af280123-6372-4d1f-a5d4-c36229a73203 is started using port 35334
2019-10-24 15:43:44,464 [Datanode State Machine Thread - 0] INFO  server.XceiverServerGrpc (XceiverServerGrpc.java:start(149)) - XceiverServerGrpc af280123-6372-4d1f-a5d4-c36229a73203 is started using port 37847
2019-10-24 15:43:44,537 [Datanode State Machine Thread - 0] INFO  ozoneimpl.OzoneContainer (OzoneContainer.java:start(213)) - Attempting to start container services.
2019-10-24 15:43:44,538 [Datanode State Machine Thread - 0] INFO  ozoneimpl.OzoneContainer (OzoneContainer.java:startContainerScrub(177)) - Background container scanner has been disabled.
2019-10-24 15:43:44,538 [Datanode State Machine Thread - 0] INFO  ratis.XceiverServerRatis (XceiverServerRatis.java:start(418)) - Starting XceiverServerRatis abb8132e-b90b-4ab3-abdd-91ffef5e5962 at port 0
2019-10-24 15:43:44,544 [Datanode State Machine Thread - 0] INFO  impl.RaftServerProxy (RaftServerProxy.java:lambda$start$3(299)) - abb8132e-b90b-4ab3-abdd-91ffef5e5962: start RPC server
2019-10-24 15:43:44,548 [Datanode State Machine Thread - 0] INFO  server.GrpcService (GrpcService.java:startImpl(158)) - abb8132e-b90b-4ab3-abdd-91ffef5e5962: GrpcService started, listening on 0.0.0.0/0.0.0.0:45083
2019-10-24 15:43:44,548 [Datanode State Machine Thread - 0] INFO  ratis.XceiverServerRatis (XceiverServerRatis.java:start(428)) - XceiverServerRatis abb8132e-b90b-4ab3-abdd-91ffef5e5962 is started using port 45083
2019-10-24 15:43:44,551 [Datanode State Machine Thread - 0] INFO  server.XceiverServerGrpc (XceiverServerGrpc.java:start(149)) - XceiverServerGrpc abb8132e-b90b-4ab3-abdd-91ffef5e5962 is started using port 38229
2019-10-24 15:43:44,619 [main] INFO  ozone.MiniOzoneClusterImpl (MiniOzoneClusterImpl.java:lambda$waitForClusterToBeReady$0(147)) - Waiting for cluster to be ready. Got 0 of 10 DN Heartbeats.
2019-10-24 15:43:44,645 [Datanode State Machine Thread - 0] INFO  ozoneimpl.OzoneContainer (OzoneContainer.java:start(213)) - Attempting to start container services.
2019-10-24 15:43:44,645 [Datanode State Machine Thread - 0] INFO  ozoneimpl.OzoneContainer (OzoneContainer.java:startContainerScrub(177)) - Background container scanner has been disabled.
2019-10-24 15:43:44,645 [Datanode State Machine Thread - 0] INFO  ratis.XceiverServerRatis (XceiverServerRatis.java:start(418)) - Starting XceiverServerRatis 2f81ded6-48e6-408d-9409-3cd44f70bee8 at port 0
2019-10-24 15:43:44,653 [Datanode State Machine Thread - 0] INFO  impl.RaftServerProxy (RaftServerProxy.java:lambda$start$3(299)) - 2f81ded6-48e6-408d-9409-3cd44f70bee8: start RPC server
2019-10-24 15:43:44,659 [Datanode State Machine Thread - 0] INFO  server.GrpcService (GrpcService.java:startImpl(158)) - 2f81ded6-48e6-408d-9409-3cd44f70bee8: GrpcService started, listening on 0.0.0.0/0.0.0.0:36516
2019-10-24 15:43:44,659 [Datanode State Machine Thread - 0] INFO  ratis.XceiverServerRatis (XceiverServerRatis.java:start(428)) - XceiverServerRatis 2f81ded6-48e6-408d-9409-3cd44f70bee8 is started using port 36516
2019-10-24 15:43:44,683 [Datanode State Machine Thread - 0] INFO  server.XceiverServerGrpc (XceiverServerGrpc.java:start(149)) - XceiverServerGrpc 2f81ded6-48e6-408d-9409-3cd44f70bee8 is started using port 45619
2019-10-24 15:43:45,620 [main] INFO  ozone.MiniOzoneClusterImpl (MiniOzoneClusterImpl.java:lambda$waitForClusterToBeReady$0(147)) - Waiting for cluster to be ready. Got 0 of 10 DN Heartbeats.
2019-10-24 15:43:45,823 [IPC Server handler 1 on 37504] INFO  net.NetworkTopology (NetworkTopologyImpl.java:add(111)) - Added a new node: /default-rack/b4ae536c-ed18-4717-a75c-ca4b5d6c4001
2019-10-24 15:43:45,825 [IPC Server handler 1 on 37504] INFO  node.SCMNodeManager (SCMNodeManager.java:register(268)) - Registered Data node : b4ae536c-ed18-4717-a75c-ca4b5d6c4001{ip: 192.168.164.213, host: pr-hdds-2359-djbrp-462585948, networkLocation: /default-rack, certSerialId: null}
2019-10-24 15:43:45,828 [EventQueue-NodeRegistrationContainerReportForDataNodeSafeModeRule] INFO  safemode.SCMSafeModeManager (DataNodeSafeModeRule.java:process(71)) - SCM in safe mode. 1 DataNodes registered, 1 required.
2019-10-24 15:43:45,829 [EventQueue-NodeRegistrationContainerReportForDataNodeSafeModeRule] INFO  safemode.SCMSafeModeManager (SCMSafeModeManager.java:validateSafeModeExitRules(177)) - ScmSafeModeManager, all rules are successfully validated
2019-10-24 15:43:45,829 [EventQueue-NodeRegistrationContainerReportForDataNodeSafeModeRule] INFO  safemode.SCMSafeModeManager (SCMSafeModeManager.java:exitSafeMode(193)) - SCM exiting safe mode.
2019-10-24 15:43:45,888 [IPC Server handler 4 on 37504] INFO  net.NetworkTopology (NetworkTopologyImpl.java:add(111)) - Added a new node: /default-rack/a667faea-0fef-4f07-8d37-e0d8f63f2a62
2019-10-24 15:43:45,888 [IPC Server handler 4 on 37504] INFO  node.SCMNodeManager (SCMNodeManager.java:register(268)) - Registered Data node : a667faea-0fef-4f07-8d37-e0d8f63f2a62{ip: 192.168.164.213, host: pr-hdds-2359-djbrp-462585948, networkLocation: /default-rack, certSerialId: null}
2019-10-24 15:43:46,031 [IPC Server handler 5 on 37504] INFO  net.NetworkTopology (NetworkTopologyImpl.java:add(111)) - Added a new node: /default-rack/131ee32b-eb71-4a4b-82eb-895fd06b61f2
2019-10-24 15:43:46,032 [IPC Server handler 5 on 37504] INFO  node.SCMNodeManager (SCMNodeManager.java:register(268)) - Registered Data node : 131ee32b-eb71-4a4b-82eb-895fd06b61f2{ip: 192.168.164.213, host: pr-hdds-2359-djbrp-462585948, networkLocation: /default-rack, certSerialId: null}
2019-10-24 15:43:46,116 [IPC Server handler 8 on 37504] INFO  net.NetworkTopology (NetworkTopologyImpl.java:add(111)) - Added a new node: /default-rack/903a1cac-874e-4718-a4f3-e11699c837d0
2019-10-24 15:43:46,116 [IPC Server handler 8 on 37504] INFO  node.SCMNodeManager (SCMNodeManager.java:register(268)) - Registered Data node : 903a1cac-874e-4718-a4f3-e11699c837d0{ip: 192.168.164.213, host: pr-hdds-2359-djbrp-462585948, networkLocation: /default-rack, certSerialId: null}
2019-10-24 15:43:46,201 [IPC Server handler 7 on 37504] INFO  net.NetworkTopology (NetworkTopologyImpl.java:add(111)) - Added a new node: /default-rack/9092f221-0e0d-4970-bb84-cacd95020f21
2019-10-24 15:43:46,201 [IPC Server handler 7 on 37504] INFO  node.SCMNodeManager (SCMNodeManager.java:register(268)) - Registered Data node : 9092f221-0e0d-4970-bb84-cacd95020f21{ip: 192.168.164.213, host: pr-hdds-2359-djbrp-462585948, networkLocation: /default-rack, certSerialId: null}
2019-10-24 15:43:46,312 [IPC Server handler 10 on 37504] INFO  net.NetworkTopology (NetworkTopologyImpl.java:add(111)) - Added a new node: /default-rack/876b8685-e2e6-4b2b-9f0d-f9ddcb91e852
2019-10-24 15:43:46,312 [IPC Server handler 10 on 37504] INFO  node.SCMNodeManager (SCMNodeManager.java:register(268)) - Registered Data node : 876b8685-e2e6-4b2b-9f0d-f9ddcb91e852{ip: 192.168.164.213, host: pr-hdds-2359-djbrp-462585948, networkLocation: /default-rack, certSerialId: null}
2019-10-24 15:43:46,360 [IPC Server handler 11 on 37504] INFO  net.NetworkTopology (NetworkTopologyImpl.java:add(111)) - Added a new node: /default-rack/3a65ecdf-e32f-4548-a2e5-44ab823c11b3
2019-10-24 15:43:46,360 [IPC Server handler 11 on 37504] INFO  node.SCMNodeManager (SCMNodeManager.java:register(268)) - Registered Data node : 3a65ecdf-e32f-4548-a2e5-44ab823c11b3{ip: 192.168.164.213, host: pr-hdds-2359-djbrp-462585948, networkLocation: /default-rack, certSerialId: null}
2019-10-24 15:43:46,437 [IPC Server handler 13 on 37504] INFO  net.NetworkTopology (NetworkTopologyImpl.java:add(111)) - Added a new node: /default-rack/af280123-6372-4d1f-a5d4-c36229a73203
2019-10-24 15:43:46,438 [IPC Server handler 13 on 37504] INFO  node.SCMNodeManager (SCMNodeManager.java:register(268)) - Registered Data node : af280123-6372-4d1f-a5d4-c36229a73203{ip: 192.168.164.213, host: pr-hdds-2359-djbrp-462585948, networkLocation: /default-rack, certSerialId: null}
2019-10-24 15:43:46,463 [grpc-default-executor-0] INFO  impl.RaftServerProxy (RaftServerProxy.java:addNew(89)) - b4ae536c-ed18-4717-a75c-ca4b5d6c4001: addNew group-22E99AD14ED1:[b4ae536c-ed18-4717-a75c-ca4b5d6c4001:192.168.164.213:41180] returns group-22E99AD14ED1:java.util.concurrent.CompletableFuture@669f467b[Not completed]
2019-10-24 15:43:46,486 [pool-27-thread-1] INFO  impl.RaftServerImpl (RaftServerImpl.java:<init>(104)) - b4ae536c-ed18-4717-a75c-ca4b5d6c4001: new RaftServerImpl for group-22E99AD14ED1:[b4ae536c-ed18-4717-a75c-ca4b5d6c4001:192.168.164.213:41180] with ContainerStateMachine:uninitialized
2019-10-24 15:43:46,488 [pool-27-thread-1] INFO  server.RaftServerConfigKeys (ConfUtils.java:logGet(43)) - raft.server.rpc.timeout.min = 1s (custom)
2019-10-24 15:43:46,491 [pool-27-thread-1] INFO  server.RaftServerConfigKeys (ConfUtils.java:logGet(43)) - raft.server.rpc.timeout.max = 1200ms (custom)
2019-10-24 15:43:46,491 [pool-27-thread-1] INFO  server.RaftServerConfigKeys (ConfUtils.java:logGet(43)) - raft.server.rpcslowness.timeout = 120s (custom)
2019-10-24 15:43:46,492 [pool-27-thread-1] INFO  server.RaftServerConfigKeys (ConfUtils.java:logGet(43)) - raft.server.sleep.deviation.threshold = 300 (default)
2019-10-24 15:43:46,493 [pool-27-thread-1] INFO  server.RaftServerConfigKeys (ConfUtils.java:logGet(43)) - raft.server.log.appender.install.snapshot.enabled = false (custom)
2019-10-24 15:43:46,501 [pool-27-thread-1] INFO  impl.RaftServerImpl (ServerState.java:<init>(103)) - b4ae536c-ed18-4717-a75c-ca4b5d6c4001@group-22E99AD14ED1: ConfigurationManager, init=-1: [b4ae536c-ed18-4717-a75c-ca4b5d6c4001:192.168.164.213:41180], old=null, confs=<EMPTY_MAP>
2019-10-24 15:43:46,501 [pool-27-thread-1] INFO  server.RaftServerConfigKeys (ConfUtils.java:logGet(43)) - raft.server.storage.dir = [/workdir/hadoop-ozone/integration-test/target/test-dir/MiniOzoneClusterImpl-0feb3ce4-70f4-42f6-988c-6bd7afad892e/datanode-0/data/ratis] (custom)
2019-10-24 15:43:46,509 [pool-27-thread-1] INFO  server.RaftServerConfigKeys (ConfUtils.java:logGet(43)) - raft.server.log.corruption.policy = EXCEPTION (default)
2019-10-24 15:43:46,511 [pool-27-thread-1] INFO  storage.RaftStorageDirectory (RaftStorageDirectory.java:analyzeStorage(246)) - The storage directory /workdir/hadoop-ozone/integration-test/target/test-dir/MiniOzoneClusterImpl-0feb3ce4-70f4-42f6-988c-6bd7afad892e/datanode-0/data/ratis/c47e4899-237f-498e-8ea0-22e99ad14ed1 does not exist. Creating ...
2019-10-24 15:43:46,525 [IPC Server handler 0 on 37504] INFO  net.NetworkTopology (NetworkTopologyImpl.java:add(111)) - Added a new node: /default-rack/abb8132e-b90b-4ab3-abdd-91ffef5e5962
2019-10-24 15:43:46,526 [IPC Server handler 0 on 37504] INFO  node.SCMNodeManager (SCMNodeManager.java:register(268)) - Registered Data node : abb8132e-b90b-4ab3-abdd-91ffef5e5962{ip: 192.168.164.213, host: pr-hdds-2359-djbrp-462585948, networkLocation: /default-rack, certSerialId: null}
2019-10-24 15:43:46,528 [pool-27-thread-1] INFO  storage.RaftStorageDirectory (RaftStorageDirectory.java:tryLock(328)) - Lock on /workdir/hadoop-ozone/integration-test/target/test-dir/MiniOzoneClusterImpl-0feb3ce4-70f4-42f6-988c-6bd7afad892e/datanode-0/data/ratis/c47e4899-237f-498e-8ea0-22e99ad14ed1/in_use.lock acquired by nodename 4821@pr-hdds-2359-djbrp-462585948
2019-10-24 15:43:46,543 [pool-27-thread-1] INFO  storage.RaftStorage (RaftStorage.java:format(84)) - Storage directory /workdir/hadoop-ozone/integration-test/target/test-dir/MiniOzoneClusterImpl-0feb3ce4-70f4-42f6-988c-6bd7afad892e/datanode-0/data/ratis/c47e4899-237f-498e-8ea0-22e99ad14ed1 has been successfully formatted.
2019-10-24 15:43:46,546 [pool-27-thread-1] INFO  ratis.ContainerStateMachine (ContainerStateMachine.java:loadSnapshot(231)) - group-22E99AD14ED1: The snapshot info is null. Setting the last applied indexto:(t:0, i:~)
2019-10-24 15:43:46,546 [pool-27-thread-1] INFO  server.RaftServerConfigKeys (ConfUtils.java:logGet(43)) - raft.server.notification.no-leader.timeout = 120s (custom)
2019-10-24 15:43:46,548 [pool-27-thread-1] INFO  server.RaftServerConfigKeys (ConfUtils.java:logGet(43)) - raft.server.log.use.memory = false (default)
2019-10-24 15:43:46,555 [pool-27-thread-1] INFO  server.RaftServerConfigKeys (ConfUtils.java:logGet(43)) - raft.server.log.purge.gap = 1000000 (custom)
2019-10-24 15:43:46,555 [pool-27-thread-1] INFO  server.RaftServerConfigKeys (ConfUtils.java:logGet(43)) - raft.server.log.appender.buffer.byte-limit = 33554432 (custom)
2019-10-24 15:43:46,557 [pool-27-thread-1] INFO  server.RaftServerConfigKeys (ConfUtils.java:logGet(43)) - raft.server.log.segment.size.max = 1048576 (custom)
2019-10-24 15:43:46,558 [pool-27-thread-1] INFO  impl.MetricsSystemImpl (MetricsSystemImpl.java:init(158)) - ratis metrics system started (again)
2019-10-24 15:43:46,562 [pool-27-thread-1] INFO  metrics.MetricRegistries (MetricRegistriesLoader.java:load(64)) - Loaded MetricRegistries class org.apache.ratis.metrics.impl.MetricRegistriesImpl
2019-10-24 15:43:46,603 [pool-27-thread-1] INFO  server.RaftServerConfigKeys (ConfUtils.java:logGet(43)) - raft.server.log.segment.cache.num.max = 2 (custom)
2019-10-24 15:43:46,608 [pool-27-thread-1] INFO  segmented.SegmentedRaftLogWorker (SegmentedRaftLogWorker.java:<init>(173)) - new b4ae536c-ed18-4717-a75c-ca4b5d6c4001@group-22E99AD14ED1-SegmentedRaftLogWorker for RaftStorage:Storage Directory /workdir/hadoop-ozone/integration-test/target/test-dir/MiniOzoneClusterImpl-0feb3ce4-70f4-42f6-988c-6bd7afad892e/datanode-0/data/ratis/c47e4899-237f-498e-8ea0-22e99ad14ed1
2019-10-24 15:43:46,609 [pool-27-thread-1] INFO  server.RaftServerConfigKeys (ConfUtils.java:logGet(43)) - raft.server.log.queue.byte-limit = 2147483647 (custom)
2019-10-24 15:43:46,610 [pool-27-thread-1] INFO  server.RaftServerConfigKeys (ConfUtils.java:logGet(43)) - raft.server.log.queue.element-limit = 1024 (custom)
2019-10-24 15:43:46,611 [pool-27-thread-1] INFO  server.RaftServerConfigKeys (ConfUtils.java:logGet(43)) - raft.server.log.segment.size.max = 1048576 (custom)
2019-10-24 15:43:46,611 [pool-27-thread-1] INFO  server.RaftServerConfigKeys (ConfUtils.java:logGet(43)) - raft.server.log.preallocated.size = 16384 (custom)
2019-10-24 15:43:46,612 [pool-27-thread-1] INFO  server.RaftServerConfigKeys (ConfUtils.java:logGet(43)) - raft.server.log.write.buffer.size = 33554432 (custom)
2019-10-24 15:43:46,613 [pool-27-thread-1] INFO  server.RaftServerConfigKeys (ConfUtils.java:logGet(43)) - raft.server.log.force.sync.num = 128 (default)
2019-10-24 15:43:46,613 [pool-27-thread-1] INFO  server.RaftServerConfigKeys (ConfUtils.java:logGet(43)) - raft.server.log.statemachine.data.sync = true (default)
2019-10-24 15:43:46,614 [pool-27-thread-1] INFO  server.RaftServerConfigKeys (ConfUtils.java:logGet(43)) - raft.server.log.statemachine.data.sync.timeout = 10s (default)
2019-10-24 15:43:46,614 [pool-27-thread-1] INFO  server.RaftServerConfigKeys (ConfUtils.java:logGet(43)) - raft.server.log.statemachine.data.sync.timeout.retry = -1 (default)
2019-10-24 15:43:46,635 [main] INFO  ozone.MiniOzoneClusterImpl (MiniOzoneClusterImpl.java:lambda$waitForClusterToBeReady$0(147)) - Waiting for cluster to be ready. Got 9 of 10 DN Heartbeats.
2019-10-24 15:43:46,635 [IPC Server handler 1 on 37504] INFO  net.NetworkTopology (NetworkTopologyImpl.java:add(111)) - Added a new node: /default-rack/2f81ded6-48e6-408d-9409-3cd44f70bee8
2019-10-24 15:43:46,636 [IPC Server handler 1 on 37504] INFO  node.SCMNodeManager (SCMNodeManager.java:register(268)) - Registered Data node : 2f81ded6-48e6-408d-9409-3cd44f70bee8{ip: 192.168.164.213, host: pr-hdds-2359-djbrp-462585948, networkLocation: /default-rack, certSerialId: null}
2019-10-24 15:43:46,646 [pool-27-thread-1] INFO  server.RaftServerConfigKeys (ConfUtils.java:logGet(43)) - raft.server.log.statemachine.data.caching.enabled = true (custom)
2019-10-24 15:43:46,651 [pool-27-thread-1] INFO  segmented.SegmentedRaftLogWorker (SegmentedRaftLogWorker.java:lambda$new$0(128)) - b4ae536c-ed18-4717-a75c-ca4b5d6c4001@group-22E99AD14ED1-SegmentedRaftLogWorker: flushIndex: setUnconditionally 0 -> -1
2019-10-24 15:43:46,656 [pool-27-thread-1] INFO  server.RaftServerConfigKeys (ConfUtils.java:logGet(43)) - raft.server.snapshot.auto.trigger.enabled = true (custom)
2019-10-24 15:43:46,657 [pool-27-thread-1] INFO  server.RaftServerConfigKeys (ConfUtils.java:logGet(43)) - raft.server.snapshot.auto.trigger.threshold = 10000 (custom)
2019-10-24 15:43:46,657 [pool-27-thread-1] INFO  server.RaftServerConfigKeys (ConfUtils.java:logGet(43)) - raft.server.snapshot.retention.file.num = 5 (custom)
2019-10-24 15:43:46,658 [pool-27-thread-1] INFO  server.RaftServerConfigKeys (ConfUtils.java:logGet(43)) - raft.server.retrycache.expirytime = 600000ms (custom)
2019-10-24 15:43:46,692 [pool-27-thread-1] INFO  impl.RaftServerImpl (RaftServerImpl.java:start(195)) - b4ae536c-ed18-4717-a75c-ca4b5d6c4001@group-22E99AD14ED1: start as a follower, conf=-1: [b4ae536c-ed18-4717-a75c-ca4b5d6c4001:192.168.164.213:41180], old=null
2019-10-24 15:43:46,694 [pool-27-thread-1] INFO  impl.RaftServerImpl (RaftServerImpl.java:setRole(184)) - b4ae536c-ed18-4717-a75c-ca4b5d6c4001@group-22E99AD14ED1: changes role from      null to FOLLOWER at term 0 for startAsFollower
2019-10-24 15:43:46,696 [pool-27-thread-1] INFO  impl.RoleInfo (RoleInfo.java:updateAndGet(143)) - b4ae536c-ed18-4717-a75c-ca4b5d6c4001: start FollowerState
2019-10-24 15:43:46,698 [pool-27-thread-1] INFO  util.JmxRegister (JmxRegister.java:tryRegister(44)) - Successfully registered JMX Bean with object name Ratis:service=RaftServer,group=group-22E99AD14ED1,id=b4ae536c-ed18-4717-a75c-ca4b5d6c4001
2019-10-24 15:43:46,708 [Thread-285] INFO  impl.FollowerState (FollowerState.java:run(108)) - b4ae536c-ed18-4717-a75c-ca4b5d6c4001@group-22E99AD14ED1-FollowerState: change to CANDIDATE, lastRpcTime:12ms, electionTimeout:11ms
2019-10-24 15:43:46,715 [Thread-285] INFO  impl.RoleInfo (RoleInfo.java:shutdownFollowerState(121)) - b4ae536c-ed18-4717-a75c-ca4b5d6c4001: shutdown FollowerState
2019-10-24 15:43:46,717 [Thread-285] INFO  impl.RaftServerImpl (RaftServerImpl.java:setRole(184)) - b4ae536c-ed18-4717-a75c-ca4b5d6c4001@group-22E99AD14ED1: changes role from  FOLLOWER to CANDIDATE at term 0 for changeToCandidate
2019-10-24 15:43:46,726 [Thread-285] INFO  impl.RoleInfo (RoleInfo.java:updateAndGet(143)) - b4ae536c-ed18-4717-a75c-ca4b5d6c4001: start LeaderElection
2019-10-24 15:43:46,742 [b4ae536c-ed18-4717-a75c-ca4b5d6c4001@group-22E99AD14ED1-LeaderElection1] INFO  impl.LeaderElection (LeaderElection.java:askForVotes(178)) - b4ae536c-ed18-4717-a75c-ca4b5d6c4001@group-22E99AD14ED1-LeaderElection1: begin an election at term 1 for -1: [b4ae536c-ed18-4717-a75c-ca4b5d6c4001:192.168.164.213:41180], old=null
2019-10-24 15:43:46,744 [b4ae536c-ed18-4717-a75c-ca4b5d6c4001@group-22E99AD14ED1-LeaderElection1] INFO  impl.RoleInfo (RoleInfo.java:shutdownLeaderElection(134)) - b4ae536c-ed18-4717-a75c-ca4b5d6c4001: shutdown LeaderElection
2019-10-24 15:43:46,744 [b4ae536c-ed18-4717-a75c-ca4b5d6c4001@group-22E99AD14ED1-LeaderElection1] INFO  impl.RaftServerImpl (RaftServerImpl.java:setRole(184)) - b4ae536c-ed18-4717-a75c-ca4b5d6c4001@group-22E99AD14ED1: changes role from CANDIDATE to LEADER at term 1 for changeToLeader
2019-10-24 15:43:46,744 [b4ae536c-ed18-4717-a75c-ca4b5d6c4001@group-22E99AD14ED1-LeaderElection1] INFO  impl.RaftServerImpl (ServerState.java:setLeader(256)) - b4ae536c-ed18-4717-a75c-ca4b5d6c4001@group-22E99AD14ED1: change Leader from null to b4ae536c-ed18-4717-a75c-ca4b5d6c4001 at term 1 for becomeLeader, leader elected after 198ms
2019-10-24 15:43:46,752 [b4ae536c-ed18-4717-a75c-ca4b5d6c4001@group-22E99AD14ED1-LeaderElection1] INFO  server.RaftServerConfigKeys (ConfUtils.java:logGet(43)) - raft.server.staging.catchup.gap = 1000 (default)
2019-10-24 15:43:46,752 [b4ae536c-ed18-4717-a75c-ca4b5d6c4001@group-22E99AD14ED1-LeaderElection1] INFO  server.RaftServerConfigKeys (ConfUtils.java:logGet(43)) - raft.server.rpc.sleep.time = 25ms (default)
2019-10-24 15:43:46,758 [b4ae536c-ed18-4717-a75c-ca4b5d6c4001@group-22E99AD14ED1-LeaderElection1] INFO  server.RaftServerConfigKeys (ConfUtils.java:logGet(43)) - raft.server.write.element-limit = 4096 (default)
2019-10-24 15:43:46,761 [b4ae536c-ed18-4717-a75c-ca4b5d6c4001@group-22E99AD14ED1-LeaderElection1] INFO  server.RaftServerConfigKeys (ConfUtils.java:logGet(43)) - raft.server.watch.timeout = 10s (default)
2019-10-24 15:43:46,761 [b4ae536c-ed18-4717-a75c-ca4b5d6c4001@group-22E99AD14ED1-LeaderElection1] INFO  server.RaftServerConfigKeys (ConfUtils.java:logGet(43)) - raft.server.watch.timeout.denomination = 1s (default)
2019-10-24 15:43:46,762 [b4ae536c-ed18-4717-a75c-ca4b5d6c4001@group-22E99AD14ED1-LeaderElection1] INFO  server.RaftServerConfigKeys (ConfUtils.java:logGet(43)) - raft.server.watch.element-limit = 65536 (default)
2019-10-24 15:43:46,830 [b4ae536c-ed18-4717-a75c-ca4b5d6c4001@group-22E99AD14ED1-LeaderElection1] INFO  impl.RoleInfo (RoleInfo.java:updateAndGet(143)) - b4ae536c-ed18-4717-a75c-ca4b5d6c4001: start LeaderState
2019-10-24 15:43:46,856 [RatisPipelineUtilsThread] INFO  pipeline.PipelineStateManager (PipelineStateManager.java:addPipeline(56)) - Created pipeline Pipeline[ Id: c47e4899-237f-498e-8ea0-22e99ad14ed1, Nodes: b4ae536c-ed18-4717-a75c-ca4b5d6c4001{ip: 192.168.164.213, host: pr-hdds-2359-djbrp-462585948, networkLocation: /default-rack, certSerialId: null}, Type:RATIS, Factor:ONE, State:OPEN]
2019-10-24 15:43:46,858 [b4ae536c-ed18-4717-a75c-ca4b5d6c4001@group-22E99AD14ED1-LeaderElection1] INFO  segmented.SegmentedRaftLogWorker (SegmentedRaftLogWorker.java:startLogSegment(385)) - b4ae536c-ed18-4717-a75c-ca4b5d6c4001@group-22E99AD14ED1-SegmentedRaftLogWorker: Starting segment from index:0
2019-10-24 15:43:46,883 [grpc-default-executor-0] INFO  impl.RaftServerProxy (RaftServerProxy.java:addNew(89)) - 876b8685-e2e6-4b2b-9f0d-f9ddcb91e852: addNew group-ACC4C9B47EF8:[876b8685-e2e6-4b2b-9f0d-f9ddcb91e852:192.168.164.213:33356] returns group-ACC4C9B47EF8:java.util.concurrent.CompletableFuture@1a6abb9f[Not completed]
2019-10-24 15:43:46,887 [pool-77-thread-1] INFO  impl.RaftServerImpl (RaftServerImpl.java:<init>(104)) - 876b8685-e2e6-4b2b-9f0d-f9ddcb91e852: new RaftServerImpl for group-ACC4C9B47EF8:[876b8685-e2e6-4b2b-9f0d-f9ddcb91e852:192.168.164.213:33356] with ContainerStateMachine:uninitialized
2019-10-24 15:43:46,887 [pool-77-thread-1] INFO  server.RaftServerConfigKeys (ConfUtils.java:logGet(43)) - raft.server.rpc.timeout.min = 1s (custom)
2019-10-24 15:43:46,888 [pool-77-thread-1] INFO  server.RaftServerConfigKeys (ConfUtils.java:logGet(43)) - raft.server.rpc.timeout.max = 1200ms (custom)
2019-10-24 15:43:46,888 [pool-77-thread-1] INFO  server.RaftServerConfigKeys (ConfUtils.java:logGet(43)) - raft.server.rpcslowness.timeout = 120s (custom)
2019-10-24 15:43:46,888 [pool-77-thread-1] INFO  server.RaftServerConfigKeys (ConfUtils.java:logGet(43)) - raft.server.sleep.deviation.threshold = 300 (default)
2019-10-24 15:43:46,888 [pool-77-thread-1] INFO  server.RaftServerConfigKeys (ConfUtils.java:logGet(43)) - raft.server.log.appender.install.snapshot.enabled = false (custom)
2019-10-24 15:43:46,888 [pool-77-thread-1] INFO  impl.RaftServerImpl (ServerState.java:<init>(103)) - 876b8685-e2e6-4b2b-9f0d-f9ddcb91e852@group-ACC4C9B47EF8: ConfigurationManager, init=-1: [876b8685-e2e6-4b2b-9f0d-f9ddcb91e852:192.168.164.213:33356], old=null, confs=<EMPTY_MAP>
2019-10-24 15:43:46,888 [b4ae536c-ed18-4717-a75c-ca4b5d6c4001@group-22E99AD14ED1-LeaderElection1] INFO  impl.RaftServerImpl (ServerState.java:setRaftConf(357)) - b4ae536c-ed18-4717-a75c-ca4b5d6c4001@group-22E99AD14ED1: set configuration 0: [b4ae536c-ed18-4717-a75c-ca4b5d6c4001:192.168.164.213:41180], old=null at 0
2019-10-24 15:43:46,888 [pool-77-thread-1] INFO  server.RaftServerConfigKeys (ConfUtils.java:logGet(43)) - raft.server.storage.dir = [/workdir/hadoop-ozone/integration-test/target/test-dir/MiniOzoneClusterImpl-0feb3ce4-70f4-42f6-988c-6bd7afad892e/datanode-5/data/ratis] (custom)
2019-10-24 15:43:46,890 [pool-77-thread-1] INFO  server.RaftServerConfigKeys (ConfUtils.java:logGet(43)) - raft.server.log.corruption.policy = EXCEPTION (default)
2019-10-24 15:43:46,890 [pool-77-thread-1] INFO  storage.RaftStorageDirectory (RaftStorageDirectory.java:analyzeStorage(246)) - The storage directory /workdir/hadoop-ozone/integration-test/target/test-dir/MiniOzoneClusterImpl-0feb3ce4-70f4-42f6-988c-6bd7afad892e/datanode-5/data/ratis/51e88de2-56de-4fcf-86e1-acc4c9b47ef8 does not exist. Creating ...
2019-10-24 15:43:46,916 [pool-77-thread-1] INFO  storage.RaftStorageDirectory (RaftStorageDirectory.java:tryLock(328)) - Lock on /workdir/hadoop-ozone/integration-test/target/test-dir/MiniOzoneClusterImpl-0feb3ce4-70f4-42f6-988c-6bd7afad892e/datanode-5/data/ratis/51e88de2-56de-4fcf-86e1-acc4c9b47ef8/in_use.lock acquired by nodename 4821@pr-hdds-2359-djbrp-462585948
2019-10-24 15:43:46,928 [pool-77-thread-1] INFO  storage.RaftStorage (RaftStorage.java:format(84)) - Storage directory /workdir/hadoop-ozone/integration-test/target/test-dir/MiniOzoneClusterImpl-0feb3ce4-70f4-42f6-988c-6bd7afad892e/datanode-5/data/ratis/51e88de2-56de-4fcf-86e1-acc4c9b47ef8 has been successfully formatted.
2019-10-24 15:43:46,929 [pool-77-thread-1] INFO  ratis.ContainerStateMachine (ContainerStateMachine.java:loadSnapshot(231)) - group-ACC4C9B47EF8: The snapshot info is null. Setting the last applied indexto:(t:0, i:~)
2019-10-24 15:43:46,931 [pool-77-thread-1] INFO  server.RaftServerConfigKeys (ConfUtils.java:logGet(43)) - raft.server.notification.no-leader.timeout = 120s (custom)
2019-10-24 15:43:46,931 [pool-77-thread-1] INFO  server.RaftServerConfigKeys (ConfUtils.java:logGet(43)) - raft.server.log.use.memory = false (default)
2019-10-24 15:43:46,931 [pool-77-thread-1] INFO  server.RaftServerConfigKeys (ConfUtils.java:logGet(43)) - raft.server.log.purge.gap = 1000000 (custom)
2019-10-24 15:43:46,931 [pool-77-thread-1] INFO  server.RaftServerConfigKeys (ConfUtils.java:logGet(43)) - raft.server.log.appender.buffer.byte-limit = 33554432 (custom)
2019-10-24 15:43:46,931 [pool-77-thread-1] INFO  server.RaftServerConfigKeys (ConfUtils.java:logGet(43)) - raft.server.log.segment.size.max = 1048576 (custom)
2019-10-24 15:43:46,981 [pool-77-thread-1] INFO  server.RaftServerConfigKeys (ConfUtils.java:logGet(43)) - raft.server.log.segment.cache.num.max = 2 (custom)
2019-10-24 15:43:46,981 [pool-77-thread-1] INFO  segmented.SegmentedRaftLogWorker (SegmentedRaftLogWorker.java:<init>(173)) - new 876b8685-e2e6-4b2b-9f0d-f9ddcb91e852@group-ACC4C9B47EF8-SegmentedRaftLogWorker for RaftStorage:Storage Directory /workdir/hadoop-ozone/integration-test/target/test-dir/MiniOzoneClusterImpl-0feb3ce4-70f4-42f6-988c-6bd7afad892e/datanode-5/data/ratis/51e88de2-56de-4fcf-86e1-acc4c9b47ef8
2019-10-24 15:43:46,981 [pool-77-thread-1] INFO  server.RaftServerConfigKeys (ConfUtils.java:logGet(43)) - raft.server.log.queue.byte-limit = 2147483647 (custom)
2019-10-24 15:43:46,981 [pool-77-thread-1] INFO  server.RaftServerConfigKeys (ConfUtils.java:logGet(43)) - raft.server.log.queue.element-limit = 1024 (custom)
2019-10-24 15:43:46,981 [pool-77-thread-1] INFO  server.RaftServerConfigKeys (ConfUtils.java:logGet(43)) - raft.server.log.segment.size.max = 1048576 (custom)
2019-10-24 15:43:46,981 [pool-77-thread-1] INFO  server.RaftServerConfigKeys (ConfUtils.java:logGet(43)) - raft.server.log.preallocated.size = 16384 (custom)
2019-10-24 15:43:46,981 [pool-77-thread-1] INFO  server.RaftServerConfigKeys (ConfUtils.java:logGet(43)) - raft.server.log.write.buffer.size = 33554432 (custom)
2019-10-24 15:43:46,982 [pool-77-thread-1] INFO  server.RaftServerConfigKeys (ConfUtils.java:logGet(43)) - raft.server.log.force.sync.num = 128 (default)
2019-10-24 15:43:46,982 [pool-77-thread-1] INFO  server.RaftServerConfigKeys (ConfUtils.java:logGet(43)) - raft.server.log.statemachine.data.sync = true (default)
2019-10-24 15:43:46,982 [pool-77-thread-1] INFO  server.RaftServerConfigKeys (ConfUtils.java:logGet(43)) - raft.server.log.statemachine.data.sync.timeout = 10s (default)
2019-10-24 15:43:46,982 [pool-77-thread-1] INFO  server.RaftServerConfigKeys (ConfUtils.java:logGet(43)) - raft.server.log.statemachine.data.sync.timeout.retry = -1 (default)
2019-10-24 15:43:46,983 [pool-77-thread-1] INFO  server.RaftServerConfigKeys (ConfUtils.java:logGet(43)) - raft.server.log.statemachine.data.caching.enabled = true (custom)
2019-10-24 15:43:46,983 [pool-77-thread-1] INFO  segmented.SegmentedRaftLogWorker (SegmentedRaftLogWorker.java:lambda$new$0(128)) - 876b8685-e2e6-4b2b-9f0d-f9ddcb91e852@group-ACC4C9B47EF8-SegmentedRaftLogWorker: flushIndex: setUnconditionally 0 -> -1
2019-10-24 15:43:46,984 [pool-77-thread-1] INFO  server.RaftServerConfigKeys (ConfUtils.java:logGet(43)) - raft.server.snapshot.auto.trigger.enabled = true (custom)
2019-10-24 15:43:46,984 [pool-77-thread-1] INFO  server.RaftServerConfigKeys (ConfUtils.java:logGet(43)) - raft.server.snapshot.auto.trigger.threshold = 10000 (custom)
2019-10-24 15:43:46,984 [pool-77-thread-1] INFO  server.RaftServerConfigKeys (ConfUtils.java:logGet(43)) - raft.server.snapshot.retention.file.num = 5 (custom)
2019-10-24 15:43:46,984 [pool-77-thread-1] INFO  server.RaftServerConfigKeys (ConfUtils.java:logGet(43)) - raft.server.retrycache.expirytime = 600000ms (custom)
2019-10-24 15:43:46,997 [pool-77-thread-1] INFO  impl.RaftServerImpl (RaftServerImpl.java:start(195)) - 876b8685-e2e6-4b2b-9f0d-f9ddcb91e852@group-ACC4C9B47EF8: start as a follower, conf=-1: [876b8685-e2e6-4b2b-9f0d-f9ddcb91e852:192.168.164.213:33356], old=null
2019-10-24 15:43:46,997 [pool-77-thread-1] INFO  impl.RaftServerImpl (RaftServerImpl.java:setRole(184)) - 876b8685-e2e6-4b2b-9f0d-f9ddcb91e852@group-ACC4C9B47EF8: changes role from      null to FOLLOWER at term 0 for startAsFollower
2019-10-24 15:43:46,997 [pool-77-thread-1] INFO  impl.RoleInfo (RoleInfo.java:updateAndGet(143)) - 876b8685-e2e6-4b2b-9f0d-f9ddcb91e852: start FollowerState
2019-10-24 15:43:46,998 [pool-77-thread-1] INFO  util.JmxRegister (JmxRegister.java:tryRegister(44)) - Successfully registered JMX Bean with object name Ratis:service=RaftServer,group=group-ACC4C9B47EF8,id=876b8685-e2e6-4b2b-9f0d-f9ddcb91e852
2019-10-24 15:43:47,020 [RatisPipelineUtilsThread] INFO  pipeline.PipelineStateManager (PipelineStateManager.java:addPipeline(56)) - Created pipeline Pipeline[ Id: 51e88de2-56de-4fcf-86e1-acc4c9b47ef8, Nodes: 876b8685-e2e6-4b2b-9f0d-f9ddcb91e852{ip: 192.168.164.213, host: pr-hdds-2359-djbrp-462585948, networkLocation: /default-rack, certSerialId: null}, Type:RATIS, Factor:ONE, State:OPEN]
2019-10-24 15:43:47,041 [grpc-default-executor-0] INFO  impl.RaftServerProxy (RaftServerProxy.java:addNew(89)) - abb8132e-b90b-4ab3-abdd-91ffef5e5962: addNew group-3D1C18BFD4B7:[abb8132e-b90b-4ab3-abdd-91ffef5e5962:192.168.164.213:45083] returns group-3D1C18BFD4B7:java.util.concurrent.CompletableFuture@7a8a9089[Not completed]
2019-10-24 15:43:47,060 [pool-107-thread-1] INFO  impl.RaftServerImpl (RaftServerImpl.java:<init>(104)) - abb8132e-b90b-4ab3-abdd-91ffef5e5962: new RaftServerImpl for group-3D1C18BFD4B7:[abb8132e-b90b-4ab3-abdd-91ffef5e5962:192.168.164.213:45083] with ContainerStateMachine:uninitialized
2019-10-24 15:43:47,060 [pool-107-thread-1] INFO  server.RaftServerConfigKeys (ConfUtils.java:logGet(43)) - raft.server.rpc.timeout.min = 1s (custom)
2019-10-24 15:43:47,060 [pool-107-thread-1] INFO  server.RaftServerConfigKeys (ConfUtils.java:logGet(43)) - raft.server.rpc.timeout.max = 1200ms (custom)
2019-10-24 15:43:47,060 [pool-107-thread-1] INFO  server.RaftServerConfigKeys (ConfUtils.java:logGet(43)) - raft.server.rpcslowness.timeout = 120s (custom)
2019-10-24 15:43:47,060 [pool-107-thread-1] INFO  server.RaftServerConfigKeys (ConfUtils.java:logGet(43)) - raft.server.sleep.deviation.threshold = 300 (default)
2019-10-24 15:43:47,061 [pool-107-thread-1] INFO  server.RaftServerConfigKeys (ConfUtils.java:logGet(43)) - raft.server.log.appender.install.snapshot.enabled = false (custom)
2019-10-24 15:43:47,061 [pool-107-thread-1] INFO  impl.RaftServerImpl (ServerState.java:<init>(103)) - abb8132e-b90b-4ab3-abdd-91ffef5e5962@group-3D1C18BFD4B7: ConfigurationManager, init=-1: [abb8132e-b90b-4ab3-abdd-91ffef5e5962:192.168.164.213:45083], old=null, confs=<EMPTY_MAP>
2019-10-24 15:43:47,061 [pool-107-thread-1] INFO  server.RaftServerConfigKeys (ConfUtils.java:logGet(43)) - raft.server.storage.dir = [/workdir/hadoop-ozone/integration-test/target/test-dir/MiniOzoneClusterImpl-0feb3ce4-70f4-42f6-988c-6bd7afad892e/datanode-8/data/ratis] (custom)
2019-10-24 15:43:47,061 [pool-107-thread-1] INFO  server.RaftServerConfigKeys (ConfUtils.java:logGet(43)) - raft.server.log.corruption.policy = EXCEPTION (default)
2019-10-24 15:43:47,062 [pool-107-thread-1] INFO  storage.RaftStorageDirectory (RaftStorageDirectory.java:analyzeStorage(246)) - The storage directory /workdir/hadoop-ozone/integration-test/target/test-dir/MiniOzoneClusterImpl-0feb3ce4-70f4-42f6-988c-6bd7afad892e/datanode-8/data/ratis/16b33970-8750-415e-8943-3d1c18bfd4b7 does not exist. Creating ...
2019-10-24 15:43:47,074 [pool-107-thread-1] INFO  storage.RaftStorageDirectory (RaftStorageDirectory.java:tryLock(328)) - Lock on /workdir/hadoop-ozone/integration-test/target/test-dir/MiniOzoneClusterImpl-0feb3ce4-70f4-42f6-988c-6bd7afad892e/datanode-8/data/ratis/16b33970-8750-415e-8943-3d1c18bfd4b7/in_use.lock acquired by nodename 4821@pr-hdds-2359-djbrp-462585948
2019-10-24 15:43:47,099 [pool-107-thread-1] INFO  storage.RaftStorage (RaftStorage.java:format(84)) - Storage directory /workdir/hadoop-ozone/integration-test/target/test-dir/MiniOzoneClusterImpl-0feb3ce4-70f4-42f6-988c-6bd7afad892e/datanode-8/data/ratis/16b33970-8750-415e-8943-3d1c18bfd4b7 has been successfully formatted.
2019-10-24 15:43:47,099 [pool-107-thread-1] INFO  ratis.ContainerStateMachine (ContainerStateMachine.java:loadSnapshot(231)) - group-3D1C18BFD4B7: The snapshot info is null. Setting the last applied indexto:(t:0, i:~)
2019-10-24 15:43:47,100 [pool-107-thread-1] INFO  server.RaftServerConfigKeys (ConfUtils.java:logGet(43)) - raft.server.notification.no-leader.timeout = 120s (custom)
2019-10-24 15:43:47,100 [pool-107-thread-1] INFO  server.RaftServerConfigKeys (ConfUtils.java:logGet(43)) - raft.server.log.use.memory = false (default)
2019-10-24 15:43:47,100 [pool-107-thread-1] INFO  server.RaftServerConfigKeys (ConfUtils.java:logGet(43)) - raft.server.log.purge.gap = 1000000 (custom)
2019-10-24 15:43:47,100 [pool-107-thread-1] INFO  server.RaftServerConfigKeys (ConfUtils.java:logGet(43)) - raft.server.log.appender.buffer.byte-limit = 33554432 (custom)
2019-10-24 15:43:47,100 [pool-107-thread-1] INFO  server.RaftServerConfigKeys (ConfUtils.java:logGet(43)) - raft.server.log.segment.size.max = 1048576 (custom)
2019-10-24 15:43:47,105 [pool-107-thread-1] INFO  server.RaftServerConfigKeys (ConfUtils.java:logGet(43)) - raft.server.log.segment.cache.num.max = 2 (custom)
2019-10-24 15:43:47,106 [pool-107-thread-1] INFO  segmented.SegmentedRaftLogWorker (SegmentedRaftLogWorker.java:<init>(173)) - new abb8132e-b90b-4ab3-abdd-91ffef5e5962@group-3D1C18BFD4B7-SegmentedRaftLogWorker for RaftStorage:Storage Directory /workdir/hadoop-ozone/integration-test/target/test-dir/MiniOzoneClusterImpl-0feb3ce4-70f4-42f6-988c-6bd7afad892e/datanode-8/data/ratis/16b33970-8750-415e-8943-3d1c18bfd4b7
2019-10-24 15:43:47,106 [pool-107-thread-1] INFO  server.RaftServerConfigKeys (ConfUtils.java:logGet(43)) - raft.server.log.queue.byte-limit = 2147483647 (custom)
2019-10-24 15:43:47,106 [pool-107-thread-1] INFO  server.RaftServerConfigKeys (ConfUtils.java:logGet(43)) - raft.server.log.queue.element-limit = 1024 (custom)
2019-10-24 15:43:47,106 [pool-107-thread-1] INFO  server.RaftServerConfigKeys (ConfUtils.java:logGet(43)) - raft.server.log.segment.size.max = 1048576 (custom)
2019-10-24 15:43:47,106 [pool-107-thread-1] INFO  server.RaftServerConfigKeys (ConfUtils.java:logGet(43)) - raft.server.log.preallocated.size = 16384 (custom)
2019-10-24 15:43:47,106 [pool-107-thread-1] INFO  server.RaftServerConfigKeys (ConfUtils.java:logGet(43)) - raft.server.log.write.buffer.size = 33554432 (custom)
2019-10-24 15:43:47,106 [pool-107-thread-1] INFO  server.RaftServerConfigKeys (ConfUtils.java:logGet(43)) - raft.server.log.force.sync.num = 128 (default)
2019-10-24 15:43:47,107 [pool-107-thread-1] INFO  server.RaftServerConfigKeys (ConfUtils.java:logGet(43)) - raft.server.log.statemachine.data.sync = true (default)
2019-10-24 15:43:47,107 [pool-107-thread-1] INFO  server.RaftServerConfigKeys (ConfUtils.java:logGet(43)) - raft.server.log.statemachine.data.sync.timeout = 10s (default)
2019-10-24 15:43:47,107 [pool-107-thread-1] INFO  server.RaftServerConfigKeys (ConfUtils.java:logGet(43)) - raft.server.log.statemachine.data.sync.timeout.retry = -1 (default)
2019-10-24 15:43:47,108 [pool-107-thread-1] INFO  server.RaftServerConfigKeys (ConfUtils.java:logGet(43)) - raft.server.log.statemachine.data.caching.enabled = true (custom)
2019-10-24 15:43:47,108 [pool-107-thread-1] INFO  segmented.SegmentedRaftLogWorker (SegmentedRaftLogWorker.java:lambda$new$0(128)) - abb8132e-b90b-4ab3-abdd-91ffef5e5962@group-3D1C18BFD4B7-SegmentedRaftLogWorker: flushIndex: setUnconditionally 0 -> -1
2019-10-24 15:43:47,108 [pool-107-thread-1] INFO  server.RaftServerConfigKeys (ConfUtils.java:logGet(43)) - raft.server.snapshot.auto.trigger.enabled = true (custom)
2019-10-24 15:43:47,109 [pool-107-thread-1] INFO  server.RaftServerConfigKeys (ConfUtils.java:logGet(43)) - raft.server.snapshot.auto.trigger.threshold = 10000 (custom)
2019-10-24 15:43:47,109 [pool-107-thread-1] INFO  server.RaftServerConfigKeys (ConfUtils.java:logGet(43)) - raft.server.snapshot.retention.file.num = 5 (custom)
2019-10-24 15:43:47,109 [pool-107-thread-1] INFO  server.RaftServerConfigKeys (ConfUtils.java:logGet(43)) - raft.server.retrycache.expirytime = 600000ms (custom)
2019-10-24 15:43:47,117 [pool-107-thread-1] INFO  impl.RaftServerImpl (RaftServerImpl.java:start(195)) - abb8132e-b90b-4ab3-abdd-91ffef5e5962@group-3D1C18BFD4B7: start as a follower, conf=-1: [abb8132e-b90b-4ab3-abdd-91ffef5e5962:192.168.164.213:45083], old=null
2019-10-24 15:43:47,117 [pool-107-thread-1] INFO  impl.RaftServerImpl (RaftServerImpl.java:setRole(184)) - abb8132e-b90b-4ab3-abdd-91ffef5e5962@group-3D1C18BFD4B7: changes role from      null to FOLLOWER at term 0 for startAsFollower
2019-10-24 15:43:47,117 [pool-107-thread-1] INFO  impl.RoleInfo (RoleInfo.java:updateAndGet(143)) - abb8132e-b90b-4ab3-abdd-91ffef5e5962: start FollowerState
2019-10-24 15:43:47,118 [pool-107-thread-1] INFO  util.JmxRegister (JmxRegister.java:tryRegister(44)) - Successfully registered JMX Bean with object name Ratis:service=RaftServer,group=group-3D1C18BFD4B7,id=abb8132e-b90b-4ab3-abdd-91ffef5e5962
2019-10-24 15:43:47,160 [RatisPipelineUtilsThread] INFO  pipeline.PipelineStateManager (PipelineStateManager.java:addPipeline(56)) - Created pipeline Pipeline[ Id: 16b33970-8750-415e-8943-3d1c18bfd4b7, Nodes: abb8132e-b90b-4ab3-abdd-91ffef5e5962{ip: 192.168.164.213, host: pr-hdds-2359-djbrp-462585948, networkLocation: /default-rack, certSerialId: null}, Type:RATIS, Factor:ONE, State:OPEN]
2019-10-24 15:43:47,184 [Thread-290] INFO  impl.FollowerState (FollowerState.java:run(108)) - 876b8685-e2e6-4b2b-9f0d-f9ddcb91e852@group-ACC4C9B47EF8-FollowerState: change to CANDIDATE, lastRpcTime:186ms, electionTimeout:185ms
2019-10-24 15:43:47,186 [b4ae536c-ed18-4717-a75c-ca4b5d6c4001@group-22E99AD14ED1-SegmentedRaftLogWorker] INFO  segmented.SegmentedRaftLogWorker (SegmentedRaftLogWorker.java:execute(576)) - b4ae536c-ed18-4717-a75c-ca4b5d6c4001@group-22E99AD14ED1-SegmentedRaftLogWorker: created new log segment /workdir/hadoop-ozone/integration-test/target/test-dir/MiniOzoneClusterImpl-0feb3ce4-70f4-42f6-988c-6bd7afad892e/datanode-0/data/ratis/c47e4899-237f-498e-8ea0-22e99ad14ed1/current/log_inprogress_0
2019-10-24 15:43:47,186 [Thread-290] INFO  impl.RoleInfo (RoleInfo.java:shutdownFollowerState(121)) - 876b8685-e2e6-4b2b-9f0d-f9ddcb91e852: shutdown FollowerState
2019-10-24 15:43:47,186 [Thread-290] INFO  impl.RaftServerImpl (RaftServerImpl.java:setRole(184)) - 876b8685-e2e6-4b2b-9f0d-f9ddcb91e852@group-ACC4C9B47EF8: changes role from  FOLLOWER to CANDIDATE at term 0 for changeToCandidate
2019-10-24 15:43:47,188 [Thread-290] INFO  impl.RoleInfo (RoleInfo.java:updateAndGet(143)) - 876b8685-e2e6-4b2b-9f0d-f9ddcb91e852: start LeaderElection
2019-10-24 15:43:47,196 [grpc-default-executor-0] INFO  impl.RaftServerProxy (RaftServerProxy.java:addNew(89)) - 131ee32b-eb71-4a4b-82eb-895fd06b61f2: addNew group-2D14CBC2F866:[131ee32b-eb71-4a4b-82eb-895fd06b61f2:192.168.164.213:38159] returns group-2D14CBC2F866:java.util.concurrent.CompletableFuture@544ac2f1[Not completed]
2019-10-24 15:43:47,200 [pool-47-thread-1] INFO  impl.RaftServerImpl (RaftServerImpl.java:<init>(104)) - 131ee32b-eb71-4a4b-82eb-895fd06b61f2: new RaftServerImpl for group-2D14CBC2F866:[131ee32b-eb71-4a4b-82eb-895fd06b61f2:192.168.164.213:38159] with ContainerStateMachine:uninitialized
2019-10-24 15:43:47,201 [pool-47-thread-1] INFO  server.RaftServerConfigKeys (ConfUtils.java:logGet(43)) - raft.server.rpc.timeout.min = 1s (custom)
2019-10-24 15:43:47,201 [pool-47-thread-1] INFO  server.RaftServerConfigKeys (ConfUtils.java:logGet(43)) - raft.server.rpc.timeout.max = 1200ms (custom)
2019-10-24 15:43:47,201 [pool-47-thread-1] INFO  server.RaftServerConfigKeys (ConfUtils.java:logGet(43)) - raft.server.rpcslowness.timeout = 120s (custom)
2019-10-24 15:43:47,202 [pool-47-thread-1] INFO  server.RaftServerConfigKeys (ConfUtils.java:logGet(43)) - raft.server.sleep.deviation.threshold = 300 (default)
2019-10-24 15:43:47,203 [pool-47-thread-1] INFO  server.RaftServerConfigKeys (ConfUtils.java:logGet(43)) - raft.server.log.appender.install.snapshot.enabled = false (custom)
2019-10-24 15:43:47,203 [pool-47-thread-1] INFO  impl.RaftServerImpl (ServerState.java:<init>(103)) - 131ee32b-eb71-4a4b-82eb-895fd06b61f2@group-2D14CBC2F866: ConfigurationManager, init=-1: [131ee32b-eb71-4a4b-82eb-895fd06b61f2:192.168.164.213:38159], old=null, confs=<EMPTY_MAP>
2019-10-24 15:43:47,203 [pool-47-thread-1] INFO  server.RaftServerConfigKeys (ConfUtils.java:logGet(43)) - raft.server.storage.dir = [/workdir/hadoop-ozone/integration-test/target/test-dir/MiniOzoneClusterImpl-0feb3ce4-70f4-42f6-988c-6bd7afad892e/datanode-2/data/ratis] (custom)
2019-10-24 15:43:47,203 [pool-47-thread-1] INFO  server.RaftServerConfigKeys (ConfUtils.java:logGet(43)) - raft.server.log.corruption.policy = EXCEPTION (default)
2019-10-24 15:43:47,204 [pool-47-thread-1] INFO  storage.RaftStorageDirectory (RaftStorageDirectory.java:analyzeStorage(246)) - The storage directory /workdir/hadoop-ozone/integration-test/target/test-dir/MiniOzoneClusterImpl-0feb3ce4-70f4-42f6-988c-6bd7afad892e/datanode-2/data/ratis/35946ceb-c7a0-4957-925c-2d14cbc2f866 does not exist. Creating ...
2019-10-24 15:43:47,221 [pool-47-thread-1] INFO  storage.RaftStorageDirectory (RaftStorageDirectory.java:tryLock(328)) - Lock on /workdir/hadoop-ozone/integration-test/target/test-dir/MiniOzoneClusterImpl-0feb3ce4-70f4-42f6-988c-6bd7afad892e/datanode-2/data/ratis/35946ceb-c7a0-4957-925c-2d14cbc2f866/in_use.lock acquired by nodename 4821@pr-hdds-2359-djbrp-462585948
2019-10-24 15:43:47,222 [876b8685-e2e6-4b2b-9f0d-f9ddcb91e852@group-ACC4C9B47EF8-LeaderElection2] INFO  impl.LeaderElection (LeaderElection.java:askForVotes(178)) - 876b8685-e2e6-4b2b-9f0d-f9ddcb91e852@group-ACC4C9B47EF8-LeaderElection2: begin an election at term 1 for -1: [876b8685-e2e6-4b2b-9f0d-f9ddcb91e852:192.168.164.213:33356], old=null
2019-10-24 15:43:47,223 [876b8685-e2e6-4b2b-9f0d-f9ddcb91e852@group-ACC4C9B47EF8-LeaderElection2] INFO  impl.RoleInfo (RoleInfo.java:shutdownLeaderElection(134)) - 876b8685-e2e6-4b2b-9f0d-f9ddcb91e852: shutdown LeaderElection
2019-10-24 15:43:47,223 [876b8685-e2e6-4b2b-9f0d-f9ddcb91e852@group-ACC4C9B47EF8-LeaderElection2] INFO  impl.RaftServerImpl (RaftServerImpl.java:setRole(184)) - 876b8685-e2e6-4b2b-9f0d-f9ddcb91e852@group-ACC4C9B47EF8: changes role from CANDIDATE to LEADER at term 1 for changeToLeader
2019-10-24 15:43:47,223 [876b8685-e2e6-4b2b-9f0d-f9ddcb91e852@group-ACC4C9B47EF8-LeaderElection2] INFO  impl.RaftServerImpl (ServerState.java:setLeader(256)) - 876b8685-e2e6-4b2b-9f0d-f9ddcb91e852@group-ACC4C9B47EF8: change Leader from null to 876b8685-e2e6-4b2b-9f0d-f9ddcb91e852 at term 1 for becomeLeader, leader elected after 292ms
2019-10-24 15:43:47,224 [876b8685-e2e6-4b2b-9f0d-f9ddcb91e852@group-ACC4C9B47EF8-LeaderElection2] INFO  server.RaftServerConfigKeys (ConfUtils.java:logGet(43)) - raft.server.staging.catchup.gap = 1000 (default)
2019-10-24 15:43:47,225 [876b8685-e2e6-4b2b-9f0d-f9ddcb91e852@group-ACC4C9B47EF8-LeaderElection2] INFO  server.RaftServerConfigKeys (ConfUtils.java:logGet(43)) - raft.server.rpc.sleep.time = 25ms (default)
2019-10-24 15:43:47,225 [876b8685-e2e6-4b2b-9f0d-f9ddcb91e852@group-ACC4C9B47EF8-LeaderElection2] INFO  server.RaftServerConfigKeys (ConfUtils.java:logGet(43)) - raft.server.write.element-limit = 4096 (default)
2019-10-24 15:43:47,225 [876b8685-e2e6-4b2b-9f0d-f9ddcb91e852@group-ACC4C9B47EF8-LeaderElection2] INFO  server.RaftServerConfigKeys (ConfUtils.java:logGet(43)) - raft.server.watch.timeout = 10s (default)
2019-10-24 15:43:47,225 [876b8685-e2e6-4b2b-9f0d-f9ddcb91e852@group-ACC4C9B47EF8-LeaderElection2] INFO  server.RaftServerConfigKeys (ConfUtils.java:logGet(43)) - raft.server.watch.timeout.denomination = 1s (default)
2019-10-24 15:43:47,225 [876b8685-e2e6-4b2b-9f0d-f9ddcb91e852@group-ACC4C9B47EF8-LeaderElection2] INFO  server.RaftServerConfigKeys (ConfUtils.java:logGet(43)) - raft.server.watch.element-limit = 65536 (default)
2019-10-24 15:43:47,228 [876b8685-e2e6-4b2b-9f0d-f9ddcb91e852@group-ACC4C9B47EF8-LeaderElection2] INFO  impl.RoleInfo (RoleInfo.java:updateAndGet(143)) - 876b8685-e2e6-4b2b-9f0d-f9ddcb91e852: start LeaderState
2019-10-24 15:43:47,228 [876b8685-e2e6-4b2b-9f0d-f9ddcb91e852@group-ACC4C9B47EF8-LeaderElection2] INFO  segmented.SegmentedRaftLogWorker (SegmentedRaftLogWorker.java:startLogSegment(385)) - 876b8685-e2e6-4b2b-9f0d-f9ddcb91e852@group-ACC4C9B47EF8-SegmentedRaftLogWorker: Starting segment from index:0
2019-10-24 15:43:47,229 [876b8685-e2e6-4b2b-9f0d-f9ddcb91e852@group-ACC4C9B47EF8-LeaderElection2] INFO  impl.RaftServerImpl (ServerState.java:setRaftConf(357)) - 876b8685-e2e6-4b2b-9f0d-f9ddcb91e852@group-ACC4C9B47EF8: set configuration 0: [876b8685-e2e6-4b2b-9f0d-f9ddcb91e852:192.168.164.213:33356], old=null at 0
2019-10-24 15:43:47,263 [Thread-293] INFO  impl.FollowerState (FollowerState.java:run(108)) - abb8132e-b90b-4ab3-abdd-91ffef5e5962@group-3D1C18BFD4B7-FollowerState: change to CANDIDATE, lastRpcTime:145ms, electionTimeout:124ms
2019-10-24 15:43:47,263 [pool-47-thread-1] INFO  storage.RaftStorage (RaftStorage.java:format(84)) - Storage directory /workdir/hadoop-ozone/integration-test/target/test-dir/MiniOzoneClusterImpl-0feb3ce4-70f4-42f6-988c-6bd7afad892e/datanode-2/data/ratis/35946ceb-c7a0-4957-925c-2d14cbc2f866 has been successfully formatted.
2019-10-24 15:43:47,263 [Thread-293] INFO  impl.RoleInfo (RoleInfo.java:shutdownFollowerState(121)) - abb8132e-b90b-4ab3-abdd-91ffef5e5962: shutdown FollowerState
2019-10-24 15:43:47,264 [pool-47-thread-1] INFO  ratis.ContainerStateMachine (ContainerStateMachine.java:loadSnapshot(231)) - group-2D14CBC2F866: The snapshot info is null. Setting the last applied indexto:(t:0, i:~)
2019-10-24 15:43:47,264 [Thread-293] INFO  impl.RaftServerImpl (RaftServerImpl.java:setRole(184)) - abb8132e-b90b-4ab3-abdd-91ffef5e5962@group-3D1C18BFD4B7: changes role from  FOLLOWER to CANDIDATE at term 0 for changeToCandidate
2019-10-24 15:43:47,264 [pool-47-thread-1] INFO  server.RaftServerConfigKeys (ConfUtils.java:logGet(43)) - raft.server.notification.no-leader.timeout = 120s (custom)
2019-10-24 15:43:47,264 [pool-47-thread-1] INFO  server.RaftServerConfigKeys (ConfUtils.java:logGet(43)) - raft.server.log.use.memory = false (default)
2019-10-24 15:43:47,264 [Thread-293] INFO  impl.RoleInfo (RoleInfo.java:updateAndGet(143)) - abb8132e-b90b-4ab3-abdd-91ffef5e5962: start LeaderElection
2019-10-24 15:43:47,264 [pool-47-thread-1] INFO  server.RaftServerConfigKeys (ConfUtils.java:logGet(43)) - raft.server.log.purge.gap = 1000000 (custom)
2019-10-24 15:43:47,264 [pool-47-thread-1] INFO  server.RaftServerConfigKeys (ConfUtils.java:logGet(43)) - raft.server.log.appender.buffer.byte-limit = 33554432 (custom)
2019-10-24 15:43:47,264 [pool-47-thread-1] INFO  server.RaftServerConfigKeys (ConfUtils.java:logGet(43)) - raft.server.log.segment.size.max = 1048576 (custom)
2019-10-24 15:43:47,270 [pool-47-thread-1] INFO  server.RaftServerConfigKeys (ConfUtils.java:logGet(43)) - raft.server.log.segment.cache.num.max = 2 (custom)
2019-10-24 15:43:47,270 [pool-47-thread-1] INFO  segmented.SegmentedRaftLogWorker (SegmentedRaftLogWorker.java:<init>(173)) - new 131ee32b-eb71-4a4b-82eb-895fd06b61f2@group-2D14CBC2F866-SegmentedRaftLogWorker for RaftStorage:Storage Directory /workdir/hadoop-ozone/integration-test/target/test-dir/MiniOzoneClusterImpl-0feb3ce4-70f4-42f6-988c-6bd7afad892e/datanode-2/data/ratis/35946ceb-c7a0-4957-925c-2d14cbc2f866
2019-10-24 15:43:47,270 [pool-47-thread-1] INFO  server.RaftServerConfigKeys (ConfUtils.java:logGet(43)) - raft.server.log.queue.byte-limit = 2147483647 (custom)
2019-10-24 15:43:47,270 [pool-47-thread-1] INFO  server.RaftServerConfigKeys (ConfUtils.java:logGet(43)) - raft.server.log.queue.element-limit = 1024 (custom)
2019-10-24 15:43:47,270 [pool-47-thread-1] INFO  server.RaftServerConfigKeys (ConfUtils.java:logGet(43)) - raft.server.log.segment.size.max = 1048576 (custom)
2019-10-24 15:43:47,270 [pool-47-thread-1] INFO  server.RaftServerConfigKeys (ConfUtils.java:logGet(43)) - raft.server.log.preallocated.size = 16384 (custom)
2019-10-24 15:43:47,270 [pool-47-thread-1] INFO  server.RaftServerConfigKeys (ConfUtils.java:logGet(43)) - raft.server.log.write.buffer.size = 33554432 (custom)
2019-10-24 15:43:47,270 [pool-47-thread-1] INFO  server.RaftServerConfigKeys (ConfUtils.java:logGet(43)) - raft.server.log.force.sync.num = 128 (default)
2019-10-24 15:43:47,270 [pool-47-thread-1] INFO  server.RaftServerConfigKeys (ConfUtils.java:logGet(43)) - raft.server.log.statemachine.data.sync = true (default)
2019-10-24 15:43:47,270 [pool-47-thread-1] INFO  server.RaftServerConfigKeys (ConfUtils.java:logGet(43)) - raft.server.log.statemachine.data.sync.timeout = 10s (default)
2019-10-24 15:43:47,271 [pool-47-thread-1] INFO  server.RaftServerConfigKeys (ConfUtils.java:logGet(43)) - raft.server.log.statemachine.data.sync.timeout.retry = -1 (default)
2019-10-24 15:43:47,271 [pool-47-thread-1] INFO  server.RaftServerConfigKeys (ConfUtils.java:logGet(43)) - raft.server.log.statemachine.data.caching.enabled = true (custom)
2019-10-24 15:43:47,271 [pool-47-thread-1] INFO  segmented.SegmentedRaftLogWorker (SegmentedRaftLogWorker.java:lambda$new$0(128)) - 131ee32b-eb71-4a4b-82eb-895fd06b61f2@group-2D14CBC2F866-SegmentedRaftLogWorker: flushIndex: setUnconditionally 0 -> -1
2019-10-24 15:43:47,272 [pool-47-thread-1] INFO  server.RaftServerConfigKeys (ConfUtils.java:logGet(43)) - raft.server.snapshot.auto.trigger.enabled = true (custom)
2019-10-24 15:43:47,272 [pool-47-thread-1] INFO  server.RaftServerConfigKeys (ConfUtils.java:logGet(43)) - raft.server.snapshot.auto.trigger.threshold = 10000 (custom)
2019-10-24 15:43:47,272 [pool-47-thread-1] INFO  server.RaftServerConfigKeys (ConfUtils.java:logGet(43)) - raft.server.snapshot.retention.file.num = 5 (custom)
2019-10-24 15:43:47,272 [pool-47-thread-1] INFO  server.RaftServerConfigKeys (ConfUtils.java:logGet(43)) - raft.server.retrycache.expirytime = 600000ms (custom)
2019-10-24 15:43:47,276 [pool-47-thread-1] INFO  impl.RaftServerImpl (RaftServerImpl.java:start(195)) - 131ee32b-eb71-4a4b-82eb-895fd06b61f2@group-2D14CBC2F866: start as a follower, conf=-1: [131ee32b-eb71-4a4b-82eb-895fd06b61f2:192.168.164.213:38159], old=null
2019-10-24 15:43:47,276 [pool-47-thread-1] INFO  impl.RaftServerImpl (RaftServerImpl.java:setRole(184)) - 131ee32b-eb71-4a4b-82eb-895fd06b61f2@group-2D14CBC2F866: changes role from      null to FOLLOWER at term 0 for startAsFollower
2019-10-24 15:43:47,276 [876b8685-e2e6-4b2b-9f0d-f9ddcb91e852@group-ACC4C9B47EF8-SegmentedRaftLogWorker] INFO  segmented.SegmentedRaftLogWorker (SegmentedRaftLogWorker.java:execute(576)) - 876b8685-e2e6-4b2b-9f0d-f9ddcb91e852@group-ACC4C9B47EF8-SegmentedRaftLogWorker: created new log segment /workdir/hadoop-ozone/integration-test/target/test-dir/MiniOzoneClusterImpl-0feb3ce4-70f4-42f6-988c-6bd7afad892e/datanode-5/data/ratis/51e88de2-56de-4fcf-86e1-acc4c9b47ef8/current/log_inprogress_0
2019-10-24 15:43:47,276 [pool-47-thread-1] INFO  impl.RoleInfo (RoleInfo.java:updateAndGet(143)) - 131ee32b-eb71-4a4b-82eb-895fd06b61f2: start FollowerState
2019-10-24 15:43:47,276 [abb8132e-b90b-4ab3-abdd-91ffef5e5962@group-3D1C18BFD4B7-LeaderElection3] INFO  impl.LeaderElection (LeaderElection.java:askForVotes(178)) - abb8132e-b90b-4ab3-abdd-91ffef5e5962@group-3D1C18BFD4B7-LeaderElection3: begin an election at term 1 for -1: [abb8132e-b90b-4ab3-abdd-91ffef5e5962:192.168.164.213:45083], old=null
2019-10-24 15:43:47,276 [abb8132e-b90b-4ab3-abdd-91ffef5e5962@group-3D1C18BFD4B7-LeaderElection3] INFO  impl.RoleInfo (RoleInfo.java:shutdownLeaderElection(134)) - abb8132e-b90b-4ab3-abdd-91ffef5e5962: shutdown LeaderElection
2019-10-24 15:43:47,276 [pool-47-thread-1] INFO  util.JmxRegister (JmxRegister.java:tryRegister(44)) - Successfully registered JMX Bean with object name Ratis:service=RaftServer,group=group-2D14CBC2F866,id=131ee32b-eb71-4a4b-82eb-895fd06b61f2
2019-10-24 15:43:47,277 [abb8132e-b90b-4ab3-abdd-91ffef5e5962@group-3D1C18BFD4B7-LeaderElection3] INFO  impl.RaftServerImpl (RaftServerImpl.java:setRole(184)) - abb8132e-b90b-4ab3-abdd-91ffef5e5962@group-3D1C18BFD4B7: changes role from CANDIDATE to LEADER at term 1 for changeToLeader
2019-10-24 15:43:47,277 [abb8132e-b90b-4ab3-abdd-91ffef5e5962@group-3D1C18BFD4B7-LeaderElection3] INFO  impl.RaftServerImpl (ServerState.java:setLeader(256)) - abb8132e-b90b-4ab3-abdd-91ffef5e5962@group-3D1C18BFD4B7: change Leader from null to abb8132e-b90b-4ab3-abdd-91ffef5e5962 at term 1 for becomeLeader, leader elected after 177ms
2019-10-24 15:43:47,279 [abb8132e-b90b-4ab3-abdd-91ffef5e5962@group-3D1C18BFD4B7-LeaderElection3] INFO  server.RaftServerConfigKeys (ConfUtils.java:logGet(43)) - raft.server.staging.catchup.gap = 1000 (default)
2019-10-24 15:43:47,279 [abb8132e-b90b-4ab3-abdd-91ffef5e5962@group-3D1C18BFD4B7-LeaderElection3] INFO  server.RaftServerConfigKeys (ConfUtils.java:logGet(43)) - raft.server.rpc.sleep.time = 25ms (default)
2019-10-24 15:43:47,280 [abb8132e-b90b-4ab3-abdd-91ffef5e5962@group-3D1C18BFD4B7-LeaderElection3] INFO  server.RaftServerConfigKeys (ConfUtils.java:logGet(43)) - raft.server.write.element-limit = 4096 (default)
2019-10-24 15:43:47,280 [abb8132e-b90b-4ab3-abdd-91ffef5e5962@group-3D1C18BFD4B7-LeaderElection3] INFO  server.RaftServerConfigKeys (ConfUtils.java:logGet(43)) - raft.server.watch.timeout = 10s (default)
2019-10-24 15:43:47,280 [abb8132e-b90b-4ab3-abdd-91ffef5e5962@group-3D1C18BFD4B7-LeaderElection3] INFO  server.RaftServerConfigKeys (ConfUtils.java:logGet(43)) - raft.server.watch.timeout.denomination = 1s (default)
2019-10-24 15:43:47,280 [abb8132e-b90b-4ab3-abdd-91ffef5e5962@group-3D1C18BFD4B7-LeaderElection3] INFO  server.RaftServerConfigKeys (ConfUtils.java:logGet(43)) - raft.server.watch.element-limit = 65536 (default)
2019-10-24 15:43:47,296 [abb8132e-b90b-4ab3-abdd-91ffef5e5962@group-3D1C18BFD4B7-LeaderElection3] INFO  impl.RoleInfo (RoleInfo.java:updateAndGet(143)) - abb8132e-b90b-4ab3-abdd-91ffef5e5962: start LeaderState
2019-10-24 15:43:47,299 [abb8132e-b90b-4ab3-abdd-91ffef5e5962@group-3D1C18BFD4B7-LeaderElection3] INFO  segmented.SegmentedRaftLogWorker (SegmentedRaftLogWorker.java:startLogSegment(385)) - abb8132e-b90b-4ab3-abdd-91ffef5e5962@group-3D1C18BFD4B7-SegmentedRaftLogWorker: Starting segment from index:0
2019-10-24 15:43:47,299 [abb8132e-b90b-4ab3-abdd-91ffef5e5962@group-3D1C18BFD4B7-LeaderElection3] INFO  impl.RaftServerImpl (ServerState.java:setRaftConf(357)) - abb8132e-b90b-4ab3-abdd-91ffef5e5962@group-3D1C18BFD4B7: set configuration 0: [abb8132e-b90b-4ab3-abdd-91ffef5e5962:192.168.164.213:45083], old=null at 0
2019-10-24 15:43:47,339 [RatisPipelineUtilsThread] INFO  pipeline.PipelineStateManager (PipelineStateManager.java:addPipeline(56)) - Created pipeline Pipeline[ Id: 35946ceb-c7a0-4957-925c-2d14cbc2f866, Nodes: 131ee32b-eb71-4a4b-82eb-895fd06b61f2{ip: 192.168.164.213, host: pr-hdds-2359-djbrp-462585948, networkLocation: /default-rack, certSerialId: null}, Type:RATIS, Factor:ONE, State:OPEN]
2019-10-24 15:43:47,355 [grpc-default-executor-0] INFO  impl.RaftServerProxy (RaftServerProxy.java:addNew(89)) - 9092f221-0e0d-4970-bb84-cacd95020f21: addNew group-C6629A6417E7:[9092f221-0e0d-4970-bb84-cacd95020f21:192.168.164.213:41903] returns group-C6629A6417E7:java.util.concurrent.CompletableFuture@6c9fea3c[Not completed]
2019-10-24 15:43:47,424 [abb8132e-b90b-4ab3-abdd-91ffef5e5962@group-3D1C18BFD4B7-SegmentedRaftLogWorker] INFO  segmented.SegmentedRaftLogWorker (SegmentedRaftLogWorker.java:execute(576)) - abb8132e-b90b-4ab3-abdd-91ffef5e5962@group-3D1C18BFD4B7-SegmentedRaftLogWorker: created new log segment /workdir/hadoop-ozone/integration-test/target/test-dir/MiniOzoneClusterImpl-0feb3ce4-70f4-42f6-988c-6bd7afad892e/datanode-8/data/ratis/16b33970-8750-415e-8943-3d1c18bfd4b7/current/log_inprogress_0
2019-10-24 15:43:47,424 [Thread-299] INFO  impl.FollowerState (FollowerState.java:run(108)) - 131ee32b-eb71-4a4b-82eb-895fd06b61f2@group-2D14CBC2F866-FollowerState: change to CANDIDATE, lastRpcTime:148ms, electionTimeout:81ms
2019-10-24 15:43:47,425 [pool-67-thread-1] INFO  impl.RaftServerImpl (RaftServerImpl.java:<init>(104)) - 9092f221-0e0d-4970-bb84-cacd95020f21: new RaftServerImpl for group-C6629A6417E7:[9092f221-0e0d-4970-bb84-cacd95020f21:192.168.164.213:41903] with ContainerStateMachine:uninitialized
2019-10-24 15:43:47,429 [Thread-299] INFO  impl.RoleInfo (RoleInfo.java:shutdownFollowerState(121)) - 131ee32b-eb71-4a4b-82eb-895fd06b61f2: shutdown FollowerState
2019-10-24 15:43:47,429 [pool-67-thread-1] INFO  server.RaftServerConfigKeys (ConfUtils.java:logGet(43)) - raft.server.rpc.timeout.min = 1s (custom)
2019-10-24 15:43:47,429 [Thread-299] INFO  impl.RaftServerImpl (RaftServerImpl.java:setRole(184)) - 131ee32b-eb71-4a4b-82eb-895fd06b61f2@group-2D14CBC2F866: changes role from  FOLLOWER to CANDIDATE at term 0 for changeToCandidate
2019-10-24 15:43:47,430 [pool-67-thread-1] INFO  server.RaftServerConfigKeys (ConfUtils.java:logGet(43)) - raft.server.rpc.timeout.max = 1200ms (custom)
2019-10-24 15:43:47,430 [Thread-299] INFO  impl.RoleInfo (RoleInfo.java:updateAndGet(143)) - 131ee32b-eb71-4a4b-82eb-895fd06b61f2: start LeaderElection
2019-10-24 15:43:47,430 [pool-67-thread-1] INFO  server.RaftServerConfigKeys (ConfUtils.java:logGet(43)) - raft.server.rpcslowness.timeout = 120s (custom)
2019-10-24 15:43:47,430 [pool-67-thread-1] INFO  server.RaftServerConfigKeys (ConfUtils.java:logGet(43)) - raft.server.sleep.deviation.threshold = 300 (default)
2019-10-24 15:43:47,430 [pool-67-thread-1] INFO  server.RaftServerConfigKeys (ConfUtils.java:logGet(43)) - raft.server.log.appender.install.snapshot.enabled = false (custom)
2019-10-24 15:43:47,436 [pool-67-thread-1] INFO  impl.RaftServerImpl (ServerState.java:<init>(103)) - 9092f221-0e0d-4970-bb84-cacd95020f21@group-C6629A6417E7: ConfigurationManager, init=-1: [9092f221-0e0d-4970-bb84-cacd95020f21:192.168.164.213:41903], old=null, confs=<EMPTY_MAP>
2019-10-24 15:43:47,436 [pool-67-thread-1] INFO  server.RaftServerConfigKeys (ConfUtils.java:logGet(43)) - raft.server.storage.dir = [/workdir/hadoop-ozone/integration-test/target/test-dir/MiniOzoneClusterImpl-0feb3ce4-70f4-42f6-988c-6bd7afad892e/datanode-4/data/ratis] (custom)
2019-10-24 15:43:47,437 [pool-67-thread-1] INFO  server.RaftServerConfigKeys (ConfUtils.java:logGet(43)) - raft.server.log.corruption.policy = EXCEPTION (default)
2019-10-24 15:43:47,437 [pool-67-thread-1] INFO  storage.RaftStorageDirectory (RaftStorageDirectory.java:analyzeStorage(246)) - The storage directory /workdir/hadoop-ozone/integration-test/target/test-dir/MiniOzoneClusterImpl-0feb3ce4-70f4-42f6-988c-6bd7afad892e/datanode-4/data/ratis/7578af92-d2ee-43d5-8a5d-c6629a6417e7 does not exist. Creating ...
2019-10-24 15:43:47,450 [pool-67-thread-1] INFO  storage.RaftStorageDirectory (RaftStorageDirectory.java:tryLock(328)) - Lock on /workdir/hadoop-ozone/integration-test/target/test-dir/MiniOzoneClusterImpl-0feb3ce4-70f4-42f6-988c-6bd7afad892e/datanode-4/data/ratis/7578af92-d2ee-43d5-8a5d-c6629a6417e7/in_use.lock acquired by nodename 4821@pr-hdds-2359-djbrp-462585948
2019-10-24 15:43:47,451 [131ee32b-eb71-4a4b-82eb-895fd06b61f2@group-2D14CBC2F866-LeaderElection4] INFO  impl.LeaderElection (LeaderElection.java:askForVotes(178)) - 131ee32b-eb71-4a4b-82eb-895fd06b61f2@group-2D14CBC2F866-LeaderElection4: begin an election at term 1 for -1: [131ee32b-eb71-4a4b-82eb-895fd06b61f2:192.168.164.213:38159], old=null
2019-10-24 15:43:47,454 [131ee32b-eb71-4a4b-82eb-895fd06b61f2@group-2D14CBC2F866-LeaderElection4] INFO  impl.RoleInfo (RoleInfo.java:shutdownLeaderElection(134)) - 131ee32b-eb71-4a4b-82eb-895fd06b61f2: shutdown LeaderElection
2019-10-24 15:43:47,455 [131ee32b-eb71-4a4b-82eb-895fd06b61f2@group-2D14CBC2F866-LeaderElection4] INFO  impl.RaftServerImpl (RaftServerImpl.java:setRole(184)) - 131ee32b-eb71-4a4b-82eb-895fd06b61f2@group-2D14CBC2F866: changes role from CANDIDATE to LEADER at term 1 for changeToLeader
2019-10-24 15:43:47,457 [131ee32b-eb71-4a4b-82eb-895fd06b61f2@group-2D14CBC2F866-LeaderElection4] INFO  impl.RaftServerImpl (ServerState.java:setLeader(256)) - 131ee32b-eb71-4a4b-82eb-895fd06b61f2@group-2D14CBC2F866: change Leader from null to 131ee32b-eb71-4a4b-82eb-895fd06b61f2 at term 1 for becomeLeader, leader elected after 193ms
2019-10-24 15:43:47,488 [131ee32b-eb71-4a4b-82eb-895fd06b61f2@group-2D14CBC2F866-LeaderElection4] INFO  server.RaftServerConfigKeys (ConfUtils.java:logGet(43)) - raft.server.staging.catchup.gap = 1000 (default)
2019-10-24 15:43:47,489 [131ee32b-eb71-4a4b-82eb-895fd06b61f2@group-2D14CBC2F866-LeaderElection4] INFO  server.RaftServerConfigKeys (ConfUtils.java:logGet(43)) - raft.server.rpc.sleep.time = 25ms (default)
2019-10-24 15:43:47,493 [131ee32b-eb71-4a4b-82eb-895fd06b61f2@group-2D14CBC2F866-LeaderElection4] INFO  server.RaftServerConfigKeys (ConfUtils.java:logGet(43)) - raft.server.write.element-limit = 4096 (default)
2019-10-24 15:43:47,494 [131ee32b-eb71-4a4b-82eb-895fd06b61f2@group-2D14CBC2F866-LeaderElection4] INFO  server.RaftServerConfigKeys (ConfUtils.java:logGet(43)) - raft.server.watch.timeout = 10s (default)
2019-10-24 15:43:47,494 [131ee32b-eb71-4a4b-82eb-895fd06b61f2@group-2D14CBC2F866-LeaderElection4] INFO  server.RaftServerConfigKeys (ConfUtils.java:logGet(43)) - raft.server.watch.timeout.denomination = 1s (default)
2019-10-24 15:43:47,494 [131ee32b-eb71-4a4b-82eb-895fd06b61f2@group-2D14CBC2F866-LeaderElection4] INFO  server.RaftServerConfigKeys (ConfUtils.java:logGet(43)) - raft.server.watch.element-limit = 65536 (default)
2019-10-24 15:43:47,499 [131ee32b-eb71-4a4b-82eb-895fd06b61f2@group-2D14CBC2F866-LeaderElection4] INFO  impl.RoleInfo (RoleInfo.java:updateAndGet(143)) - 131ee32b-eb71-4a4b-82eb-895fd06b61f2: start LeaderState
2019-10-24 15:43:47,499 [131ee32b-eb71-4a4b-82eb-895fd06b61f2@group-2D14CBC2F866-LeaderElection4] INFO  segmented.SegmentedRaftLogWorker (SegmentedRaftLogWorker.java:startLogSegment(385)) - 131ee32b-eb71-4a4b-82eb-895fd06b61f2@group-2D14CBC2F866-SegmentedRaftLogWorker: Starting segment from index:0
2019-10-24 15:43:47,500 [131ee32b-eb71-4a4b-82eb-895fd06b61f2@group-2D14CBC2F866-LeaderElection4] INFO  impl.RaftServerImpl (ServerState.java:setRaftConf(357)) - 131ee32b-eb71-4a4b-82eb-895fd06b61f2@group-2D14CBC2F866: set configuration 0: [131ee32b-eb71-4a4b-82eb-895fd06b61f2:192.168.164.213:38159], old=null at 0
2019-10-24 15:43:47,502 [pool-67-thread-1] INFO  storage.RaftStorage (RaftStorage.java:format(84)) - Storage directory /workdir/hadoop-ozone/integration-test/target/test-dir/MiniOzoneClusterImpl-0feb3ce4-70f4-42f6-988c-6bd7afad892e/datanode-4/data/ratis/7578af92-d2ee-43d5-8a5d-c6629a6417e7 has been successfully formatted.
2019-10-24 15:43:47,502 [pool-67-thread-1] INFO  ratis.ContainerStateMachine (ContainerStateMachine.java:loadSnapshot(231)) - group-C6629A6417E7: The snapshot info is null. Setting the last applied indexto:(t:0, i:~)
2019-10-24 15:43:47,536 [pool-67-thread-1] INFO  server.RaftServerConfigKeys (ConfUtils.java:logGet(43)) - raft.server.notification.no-leader.timeout = 120s (custom)
2019-10-24 15:43:47,536 [pool-67-thread-1] INFO  server.RaftServerConfigKeys (ConfUtils.java:logGet(43)) - raft.server.log.use.memory = false (default)
2019-10-24 15:43:47,537 [pool-67-thread-1] INFO  server.RaftServerConfigKeys (ConfUtils.java:logGet(43)) - raft.server.log.purge.gap = 1000000 (custom)
2019-10-24 15:43:47,537 [pool-67-thread-1] INFO  server.RaftServerConfigKeys (ConfUtils.java:logGet(43)) - raft.server.log.appender.buffer.byte-limit = 33554432 (custom)
2019-10-24 15:43:47,537 [pool-67-thread-1] INFO  server.RaftServerConfigKeys (ConfUtils.java:logGet(43)) - raft.server.log.segment.size.max = 1048576 (custom)
2019-10-24 15:43:47,540 [pool-67-thread-1] INFO  server.RaftServerConfigKeys (ConfUtils.java:logGet(43)) - raft.server.log.segment.cache.num.max = 2 (custom)
2019-10-24 15:43:47,540 [pool-67-thread-1] INFO  segmented.SegmentedRaftLogWorker (SegmentedRaftLogWorker.java:<init>(173)) - new 9092f221-0e0d-4970-bb84-cacd95020f21@group-C6629A6417E7-SegmentedRaftLogWorker for RaftStorage:Storage Directory /workdir/hadoop-ozone/integration-test/target/test-dir/MiniOzoneClusterImpl-0feb3ce4-70f4-42f6-988c-6bd7afad892e/datanode-4/data/ratis/7578af92-d2ee-43d5-8a5d-c6629a6417e7
2019-10-24 15:43:47,540 [pool-67-thread-1] INFO  server.RaftServerConfigKeys (ConfUtils.java:logGet(43)) - raft.server.log.queue.byte-limit = 2147483647 (custom)
2019-10-24 15:43:47,541 [pool-67-thread-1] INFO  server.RaftServerConfigKeys (ConfUtils.java:logGet(43)) - raft.server.log.queue.element-limit = 1024 (custom)
2019-10-24 15:43:47,541 [pool-67-thread-1] INFO  server.RaftServerConfigKeys (ConfUtils.java:logGet(43)) - raft.server.log.segment.size.max = 1048576 (custom)
2019-10-24 15:43:47,541 [pool-67-thread-1] INFO  server.RaftServerConfigKeys (ConfUtils.java:logGet(43)) - raft.server.log.preallocated.size = 16384 (custom)
2019-10-24 15:43:47,541 [pool-67-thread-1] INFO  server.RaftServerConfigKeys (ConfUtils.java:logGet(43)) - raft.server.log.write.buffer.size = 33554432 (custom)
2019-10-24 15:43:47,541 [pool-67-thread-1] INFO  server.RaftServerConfigKeys (ConfUtils.java:logGet(43)) - raft.server.log.force.sync.num = 128 (default)
2019-10-24 15:43:47,541 [pool-67-thread-1] INFO  server.RaftServerConfigKeys (ConfUtils.java:logGet(43)) - raft.server.log.statemachine.data.sync = true (default)
2019-10-24 15:43:47,541 [pool-67-thread-1] INFO  server.RaftServerConfigKeys (ConfUtils.java:logGet(43)) - raft.server.log.statemachine.data.sync.timeout = 10s (default)
2019-10-24 15:43:47,542 [pool-67-thread-1] INFO  server.RaftServerConfigKeys (ConfUtils.java:logGet(43)) - raft.server.log.statemachine.data.sync.timeout.retry = -1 (default)
2019-10-24 15:43:47,542 [pool-67-thread-1] INFO  server.RaftServerConfigKeys (ConfUtils.java:logGet(43)) - raft.server.log.statemachine.data.caching.enabled = true (custom)
2019-10-24 15:43:47,543 [pool-67-thread-1] INFO  segmented.SegmentedRaftLogWorker (SegmentedRaftLogWorker.java:lambda$new$0(128)) - 9092f221-0e0d-4970-bb84-cacd95020f21@group-C6629A6417E7-SegmentedRaftLogWorker: flushIndex: setUnconditionally 0 -> -1
2019-10-24 15:43:47,543 [pool-67-thread-1] INFO  server.RaftServerConfigKeys (ConfUtils.java:logGet(43)) - raft.server.snapshot.auto.trigger.enabled = true (custom)
2019-10-24 15:43:47,543 [pool-67-thread-1] INFO  server.RaftServerConfigKeys (ConfUtils.java:logGet(43)) - raft.server.snapshot.auto.trigger.threshold = 10000 (custom)
2019-10-24 15:43:47,543 [pool-67-thread-1] INFO  server.RaftServerConfigKeys (ConfUtils.java:logGet(43)) - raft.server.snapshot.retention.file.num = 5 (custom)
2019-10-24 15:43:47,543 [pool-67-thread-1] INFO  server.RaftServerConfigKeys (ConfUtils.java:logGet(43)) - raft.server.retrycache.expirytime = 600000ms (custom)
2019-10-24 15:43:47,548 [pool-67-thread-1] INFO  impl.RaftServerImpl (RaftServerImpl.java:start(195)) - 9092f221-0e0d-4970-bb84-cacd95020f21@group-C6629A6417E7: start as a follower, conf=-1: [9092f221-0e0d-4970-bb84-cacd95020f21:192.168.164.213:41903], old=null
2019-10-24 15:43:47,548 [pool-67-thread-1] INFO  impl.RaftServerImpl (RaftServerImpl.java:setRole(184)) - 9092f221-0e0d-4970-bb84-cacd95020f21@group-C6629A6417E7: changes role from      null to FOLLOWER at term 0 for startAsFollower
2019-10-24 15:43:47,549 [pool-67-thread-1] INFO  impl.RoleInfo (RoleInfo.java:updateAndGet(143)) - 9092f221-0e0d-4970-bb84-cacd95020f21: start FollowerState
2019-10-24 15:43:47,549 [pool-67-thread-1] INFO  util.JmxRegister (JmxRegister.java:tryRegister(44)) - Successfully registered JMX Bean with object name Ratis:service=RaftServer,group=group-C6629A6417E7,id=9092f221-0e0d-4970-bb84-cacd95020f21
2019-10-24 15:43:47,564 [RatisPipelineUtilsThread] INFO  pipeline.PipelineStateManager (PipelineStateManager.java:addPipeline(56)) - Created pipeline Pipeline[ Id: 7578af92-d2ee-43d5-8a5d-c6629a6417e7, Nodes: 9092f221-0e0d-4970-bb84-cacd95020f21{ip: 192.168.164.213, host: pr-hdds-2359-djbrp-462585948, networkLocation: /default-rack, certSerialId: null}, Type:RATIS, Factor:ONE, State:OPEN]
2019-10-24 15:43:47,569 [131ee32b-eb71-4a4b-82eb-895fd06b61f2@group-2D14CBC2F866-SegmentedRaftLogWorker] INFO  segmented.SegmentedRaftLogWorker (SegmentedRaftLogWorker.java:execute(576)) - 131ee32b-eb71-4a4b-82eb-895fd06b61f2@group-2D14CBC2F866-SegmentedRaftLogWorker: created new log segment /workdir/hadoop-ozone/integration-test/target/test-dir/MiniOzoneClusterImpl-0feb3ce4-70f4-42f6-988c-6bd7afad892e/datanode-2/data/ratis/35946ceb-c7a0-4957-925c-2d14cbc2f866/current/log_inprogress_0
2019-10-24 15:43:47,573 [Thread-305] INFO  impl.FollowerState (FollowerState.java:run(108)) - 9092f221-0e0d-4970-bb84-cacd95020f21@group-C6629A6417E7-FollowerState: change to CANDIDATE, lastRpcTime:24ms, electionTimeout:24ms
2019-10-24 15:43:47,574 [Thread-305] INFO  impl.RoleInfo (RoleInfo.java:shutdownFollowerState(121)) - 9092f221-0e0d-4970-bb84-cacd95020f21: shutdown FollowerState
2019-10-24 15:43:47,574 [Thread-305] INFO  impl.RaftServerImpl (RaftServerImpl.java:setRole(184)) - 9092f221-0e0d-4970-bb84-cacd95020f21@group-C6629A6417E7: changes role from  FOLLOWER to CANDIDATE at term 0 for changeToCandidate
2019-10-24 15:43:47,574 [Thread-305] INFO  impl.RoleInfo (RoleInfo.java:updateAndGet(143)) - 9092f221-0e0d-4970-bb84-cacd95020f21: start LeaderElection
2019-10-24 15:43:47,582 [9092f221-0e0d-4970-bb84-cacd95020f21@group-C6629A6417E7-LeaderElection5] INFO  impl.LeaderElection (LeaderElection.java:askForVotes(178)) - 9092f221-0e0d-4970-bb84-cacd95020f21@group-C6629A6417E7-LeaderElection5: begin an election at term 1 for -1: [9092f221-0e0d-4970-bb84-cacd95020f21:192.168.164.213:41903], old=null
2019-10-24 15:43:47,582 [9092f221-0e0d-4970-bb84-cacd95020f21@group-C6629A6417E7-LeaderElection5] INFO  impl.RoleInfo (RoleInfo.java:shutdownLeaderElection(134)) - 9092f221-0e0d-4970-bb84-cacd95020f21: shutdown LeaderElection
2019-10-24 15:43:47,582 [9092f221-0e0d-4970-bb84-cacd95020f21@group-C6629A6417E7-LeaderElection5] INFO  impl.RaftServerImpl (RaftServerImpl.java:setRole(184)) - 9092f221-0e0d-4970-bb84-cacd95020f21@group-C6629A6417E7: changes role from CANDIDATE to LEADER at term 1 for changeToLeader
2019-10-24 15:43:47,582 [9092f221-0e0d-4970-bb84-cacd95020f21@group-C6629A6417E7-LeaderElection5] INFO  impl.RaftServerImpl (ServerState.java:setLeader(256)) - 9092f221-0e0d-4970-bb84-cacd95020f21@group-C6629A6417E7: change Leader from null to 9092f221-0e0d-4970-bb84-cacd95020f21 at term 1 for becomeLeader, leader elected after 46ms
2019-10-24 15:43:47,584 [9092f221-0e0d-4970-bb84-cacd95020f21@group-C6629A6417E7-LeaderElection5] INFO  server.RaftServerConfigKeys (ConfUtils.java:logGet(43)) - raft.server.staging.catchup.gap = 1000 (default)
2019-10-24 15:43:47,584 [9092f221-0e0d-4970-bb84-cacd95020f21@group-C6629A6417E7-LeaderElection5] INFO  server.RaftServerConfigKeys (ConfUtils.java:logGet(43)) - raft.server.rpc.sleep.time = 25ms (default)
2019-10-24 15:43:47,586 [9092f221-0e0d-4970-bb84-cacd95020f21@group-C6629A6417E7-LeaderElection5] INFO  server.RaftServerConfigKeys (ConfUtils.java:logGet(43)) - raft.server.write.element-limit = 4096 (default)
2019-10-24 15:43:47,586 [grpc-default-executor-0] INFO  impl.RaftServerProxy (RaftServerProxy.java:addNew(89)) - af280123-6372-4d1f-a5d4-c36229a73203: addNew group-86C7A8AA2668:[af280123-6372-4d1f-a5d4-c36229a73203:192.168.164.213:35334] returns group-86C7A8AA2668:java.util.concurrent.CompletableFuture@2f3c26af[Not completed]
2019-10-24 15:43:47,586 [9092f221-0e0d-4970-bb84-cacd95020f21@group-C6629A6417E7-LeaderElection5] INFO  server.RaftServerConfigKeys (ConfUtils.java:logGet(43)) - raft.server.watch.timeout = 10s (default)
2019-10-24 15:43:47,586 [9092f221-0e0d-4970-bb84-cacd95020f21@group-C6629A6417E7-LeaderElection5] INFO  server.RaftServerConfigKeys (ConfUtils.java:logGet(43)) - raft.server.watch.timeout.denomination = 1s (default)
2019-10-24 15:43:47,587 [9092f221-0e0d-4970-bb84-cacd95020f21@group-C6629A6417E7-LeaderElection5] INFO  server.RaftServerConfigKeys (ConfUtils.java:logGet(43)) - raft.server.watch.element-limit = 65536 (default)
2019-10-24 15:43:47,591 [pool-97-thread-1] INFO  impl.RaftServerImpl (RaftServerImpl.java:<init>(104)) - af280123-6372-4d1f-a5d4-c36229a73203: new RaftServerImpl for group-86C7A8AA2668:[af280123-6372-4d1f-a5d4-c36229a73203:192.168.164.213:35334] with ContainerStateMachine:uninitialized
2019-10-24 15:43:47,591 [pool-97-thread-1] INFO  server.RaftServerConfigKeys (ConfUtils.java:logGet(43)) - raft.server.rpc.timeout.min = 1s (custom)
2019-10-24 15:43:47,591 [pool-97-thread-1] INFO  server.RaftServerConfigKeys (ConfUtils.java:logGet(43)) - raft.server.rpc.timeout.max = 1200ms (custom)
2019-10-24 15:43:47,591 [pool-97-thread-1] INFO  server.RaftServerConfigKeys (ConfUtils.java:logGet(43)) - raft.server.rpcslowness.timeout = 120s (custom)
2019-10-24 15:43:47,591 [pool-97-thread-1] INFO  server.RaftServerConfigKeys (ConfUtils.java:logGet(43)) - raft.server.sleep.deviation.threshold = 300 (default)
2019-10-24 15:43:47,591 [pool-97-thread-1] INFO  server.RaftServerConfigKeys (ConfUtils.java:logGet(43)) - raft.server.log.appender.install.snapshot.enabled = false (custom)
2019-10-24 15:43:47,592 [pool-97-thread-1] INFO  impl.RaftServerImpl (ServerState.java:<init>(103)) - af280123-6372-4d1f-a5d4-c36229a73203@group-86C7A8AA2668: ConfigurationManager, init=-1: [af280123-6372-4d1f-a5d4-c36229a73203:192.168.164.213:35334], old=null, confs=<EMPTY_MAP>
2019-10-24 15:43:47,592 [pool-97-thread-1] INFO  server.RaftServerConfigKeys (ConfUtils.java:logGet(43)) - raft.server.storage.dir = [/workdir/hadoop-ozone/integration-test/target/test-dir/MiniOzoneClusterImpl-0feb3ce4-70f4-42f6-988c-6bd7afad892e/datanode-7/data/ratis] (custom)
2019-10-24 15:43:47,592 [pool-97-thread-1] INFO  server.RaftServerConfigKeys (ConfUtils.java:logGet(43)) - raft.server.log.corruption.policy = EXCEPTION (default)
2019-10-24 15:43:47,593 [pool-97-thread-1] INFO  storage.RaftStorageDirectory (RaftStorageDirectory.java:analyzeStorage(246)) - The storage directory /workdir/hadoop-ozone/integration-test/target/test-dir/MiniOzoneClusterImpl-0feb3ce4-70f4-42f6-988c-6bd7afad892e/datanode-7/data/ratis/ea40509f-8137-4bff-9cbe-86c7a8aa2668 does not exist. Creating ...
2019-10-24 15:43:47,593 [9092f221-0e0d-4970-bb84-cacd95020f21@group-C6629A6417E7-LeaderElection5] INFO  impl.RoleInfo (RoleInfo.java:updateAndGet(143)) - 9092f221-0e0d-4970-bb84-cacd95020f21: start LeaderState
2019-10-24 15:43:47,593 [9092f221-0e0d-4970-bb84-cacd95020f21@group-C6629A6417E7-LeaderElection5] INFO  segmented.SegmentedRaftLogWorker (SegmentedRaftLogWorker.java:startLogSegment(385)) - 9092f221-0e0d-4970-bb84-cacd95020f21@group-C6629A6417E7-SegmentedRaftLogWorker: Starting segment from index:0
2019-10-24 15:43:47,594 [9092f221-0e0d-4970-bb84-cacd95020f21@group-C6629A6417E7-LeaderElection5] INFO  impl.RaftServerImpl (ServerState.java:setRaftConf(357)) - 9092f221-0e0d-4970-bb84-cacd95020f21@group-C6629A6417E7: set configuration 0: [9092f221-0e0d-4970-bb84-cacd95020f21:192.168.164.213:41903], old=null at 0
2019-10-24 15:43:47,633 [pool-97-thread-1] INFO  storage.RaftStorageDirectory (RaftStorageDirectory.java:tryLock(328)) - Lock on /workdir/hadoop-ozone/integration-test/target/test-dir/MiniOzoneClusterImpl-0feb3ce4-70f4-42f6-988c-6bd7afad892e/datanode-7/data/ratis/ea40509f-8137-4bff-9cbe-86c7a8aa2668/in_use.lock acquired by nodename 4821@pr-hdds-2359-djbrp-462585948
2019-10-24 15:43:47,637 [main] INFO  ozone.MiniOzoneClusterImpl (MiniOzoneClusterImpl.java:lambda$waitForClusterToBeReady$0(147)) - Cluster is ready. Got 10 of 10 DN Heartbeats.
2019-10-24 15:43:47,651 [9092f221-0e0d-4970-bb84-cacd95020f21@group-C6629A6417E7-SegmentedRaftLogWorker] INFO  segmented.SegmentedRaftLogWorker (SegmentedRaftLogWorker.java:execute(576)) - 9092f221-0e0d-4970-bb84-cacd95020f21@group-C6629A6417E7-SegmentedRaftLogWorker: created new log segment /workdir/hadoop-ozone/integration-test/target/test-dir/MiniOzoneClusterImpl-0feb3ce4-70f4-42f6-988c-6bd7afad892e/datanode-4/data/ratis/7578af92-d2ee-43d5-8a5d-c6629a6417e7/current/log_inprogress_0
2019-10-24 15:43:47,651 [pool-97-thread-1] INFO  storage.RaftStorage (RaftStorage.java:format(84)) - Storage directory /workdir/hadoop-ozone/integration-test/target/test-dir/MiniOzoneClusterImpl-0feb3ce4-70f4-42f6-988c-6bd7afad892e/datanode-7/data/ratis/ea40509f-8137-4bff-9cbe-86c7a8aa2668 has been successfully formatted.
2019-10-24 15:43:47,652 [pool-97-thread-1] INFO  ratis.ContainerStateMachine (ContainerStateMachine.java:loadSnapshot(231)) - group-86C7A8AA2668: The snapshot info is null. Setting the last applied indexto:(t:0, i:~)
2019-10-24 15:43:47,652 [pool-97-thread-1] INFO  server.RaftServerConfigKeys (ConfUtils.java:logGet(43)) - raft.server.notification.no-leader.timeout = 120s (custom)
2019-10-24 15:43:47,652 [pool-97-thread-1] INFO  server.RaftServerConfigKeys (ConfUtils.java:logGet(43)) - raft.server.log.use.memory = false (default)
2019-10-24 15:43:47,652 [pool-97-thread-1] INFO  server.RaftServerConfigKeys (ConfUtils.java:logGet(43)) - raft.server.log.purge.gap = 1000000 (custom)
2019-10-24 15:43:47,653 [pool-97-thread-1] INFO  server.RaftServerConfigKeys (ConfUtils.java:logGet(43)) - raft.server.log.appender.buffer.byte-limit = 33554432 (custom)
2019-10-24 15:43:47,653 [pool-97-thread-1] INFO  server.RaftServerConfigKeys (ConfUtils.java:logGet(43)) - raft.server.log.segment.size.max = 1048576 (custom)
2019-10-24 15:43:47,656 [pool-97-thread-1] INFO  server.RaftServerConfigKeys (ConfUtils.java:logGet(43)) - raft.server.log.segment.cache.num.max = 2 (custom)
2019-10-24 15:43:47,656 [pool-97-thread-1] INFO  segmented.SegmentedRaftLogWorker (SegmentedRaftLogWorker.java:<init>(173)) - new af280123-6372-4d1f-a5d4-c36229a73203@group-86C7A8AA2668-SegmentedRaftLogWorker for RaftStorage:Storage Directory /workdir/hadoop-ozone/integration-test/target/test-dir/MiniOzoneClusterImpl-0feb3ce4-70f4-42f6-988c-6bd7afad892e/datanode-7/data/ratis/ea40509f-8137-4bff-9cbe-86c7a8aa2668
2019-10-24 15:43:47,656 [pool-97-thread-1] INFO  server.RaftServerConfigKeys (ConfUtils.java:logGet(43)) - raft.server.log.queue.byte-limit = 2147483647 (custom)
2019-10-24 15:43:47,656 [pool-97-thread-1] INFO  server.RaftServerConfigKeys (ConfUtils.java:logGet(43)) - raft.server.log.queue.element-limit = 1024 (custom)
2019-10-24 15:43:47,656 [pool-97-thread-1] INFO  server.RaftServerConfigKeys (ConfUtils.java:logGet(43)) - raft.server.log.segment.size.max = 1048576 (custom)
2019-10-24 15:43:47,656 [pool-97-thread-1] INFO  server.RaftServerConfigKeys (ConfUtils.java:logGet(43)) - raft.server.log.preallocated.size = 16384 (custom)
2019-10-24 15:43:47,656 [pool-97-thread-1] INFO  server.RaftServerConfigKeys (ConfUtils.java:logGet(43)) - raft.server.log.write.buffer.size = 33554432 (custom)
2019-10-24 15:43:47,657 [pool-97-thread-1] INFO  server.RaftServerConfigKeys (ConfUtils.java:logGet(43)) - raft.server.log.force.sync.num = 128 (default)
2019-10-24 15:43:47,657 [pool-97-thread-1] INFO  server.RaftServerConfigKeys (ConfUtils.java:logGet(43)) - raft.server.log.statemachine.data.sync = true (default)
2019-10-24 15:43:47,657 [pool-97-thread-1] INFO  server.RaftServerConfigKeys (ConfUtils.java:logGet(43)) - raft.server.log.statemachine.data.sync.timeout = 10s (default)
2019-10-24 15:43:47,657 [pool-97-thread-1] INFO  server.RaftServerConfigKeys (ConfUtils.java:logGet(43)) - raft.server.log.statemachine.data.sync.timeout.retry = -1 (default)
2019-10-24 15:43:47,658 [pool-97-thread-1] INFO  server.RaftServerConfigKeys (ConfUtils.java:logGet(43)) - raft.server.log.statemachine.data.caching.enabled = true (custom)
2019-10-24 15:43:47,658 [pool-97-thread-1] INFO  segmented.SegmentedRaftLogWorker (SegmentedRaftLogWorker.java:lambda$new$0(128)) - af280123-6372-4d1f-a5d4-c36229a73203@group-86C7A8AA2668-SegmentedRaftLogWorker: flushIndex: setUnconditionally 0 -> -1
2019-10-24 15:43:47,658 [pool-97-thread-1] INFO  server.RaftServerConfigKeys (ConfUtils.java:logGet(43)) - raft.server.snapshot.auto.trigger.enabled = true (custom)
2019-10-24 15:43:47,658 [pool-97-thread-1] INFO  server.RaftServerConfigKeys (ConfUtils.java:logGet(43)) - raft.server.snapshot.auto.trigger.threshold = 10000 (custom)
2019-10-24 15:43:47,659 [pool-97-thread-1] INFO  server.RaftServerConfigKeys (ConfUtils.java:logGet(43)) - raft.server.snapshot.retention.file.num = 5 (custom)
2019-10-24 15:43:47,659 [pool-97-thread-1] INFO  server.RaftServerConfigKeys (ConfUtils.java:logGet(43)) - raft.server.retrycache.expirytime = 600000ms (custom)
2019-10-24 15:43:47,663 [pool-97-thread-1] INFO  impl.RaftServerImpl (RaftServerImpl.java:start(195)) - af280123-6372-4d1f-a5d4-c36229a73203@group-86C7A8AA2668: start as a follower, conf=-1: [af280123-6372-4d1f-a5d4-c36229a73203:192.168.164.213:35334], old=null
2019-10-24 15:43:47,663 [pool-97-thread-1] INFO  impl.RaftServerImpl (RaftServerImpl.java:setRole(184)) - af280123-6372-4d1f-a5d4-c36229a73203@group-86C7A8AA2668: changes role from      null to FOLLOWER at term 0 for startAsFollower
2019-10-24 15:43:47,663 [pool-97-thread-1] INFO  impl.RoleInfo (RoleInfo.java:updateAndGet(143)) - af280123-6372-4d1f-a5d4-c36229a73203: start FollowerState
2019-10-24 15:43:47,664 [pool-97-thread-1] INFO  util.JmxRegister (JmxRegister.java:tryRegister(44)) - Successfully registered JMX Bean with object name Ratis:service=RaftServer,group=group-86C7A8AA2668,id=af280123-6372-4d1f-a5d4-c36229a73203
2019-10-24 15:43:47,680 [RatisPipelineUtilsThread] INFO  pipeline.PipelineStateManager (PipelineStateManager.java:addPipeline(56)) - Created pipeline Pipeline[ Id: ea40509f-8137-4bff-9cbe-86c7a8aa2668, Nodes: af280123-6372-4d1f-a5d4-c36229a73203{ip: 192.168.164.213, host: pr-hdds-2359-djbrp-462585948, networkLocation: /default-rack, certSerialId: null}, Type:RATIS, Factor:ONE, State:OPEN]
2019-10-24 15:43:47,701 [grpc-default-executor-0] INFO  impl.RaftServerProxy (RaftServerProxy.java:addNew(89)) - a667faea-0fef-4f07-8d37-e0d8f63f2a62: addNew group-D4E7B976B1FA:[a667faea-0fef-4f07-8d37-e0d8f63f2a62:192.168.164.213:36278] returns group-D4E7B976B1FA:java.util.concurrent.CompletableFuture@1cf5b694[Not completed]
2019-10-24 15:43:47,712 [pool-37-thread-1] INFO  impl.RaftServerImpl (RaftServerImpl.java:<init>(104)) - a667faea-0fef-4f07-8d37-e0d8f63f2a62: new RaftServerImpl for group-D4E7B976B1FA:[a667faea-0fef-4f07-8d37-e0d8f63f2a62:192.168.164.213:36278] with ContainerStateMachine:uninitialized
2019-10-24 15:43:47,712 [pool-37-thread-1] INFO  server.RaftServerConfigKeys (ConfUtils.java:logGet(43)) - raft.server.rpc.timeout.min = 1s (custom)
2019-10-24 15:43:47,713 [pool-37-thread-1] INFO  server.RaftServerConfigKeys (ConfUtils.java:logGet(43)) - raft.server.rpc.timeout.max = 1200ms (custom)
2019-10-24 15:43:47,713 [pool-37-thread-1] INFO  server.RaftServerConfigKeys (ConfUtils.java:logGet(43)) - raft.server.rpcslowness.timeout = 120s (custom)
2019-10-24 15:43:47,713 [pool-37-thread-1] INFO  server.RaftServerConfigKeys (ConfUtils.java:logGet(43)) - raft.server.sleep.deviation.threshold = 300 (default)
2019-10-24 15:43:47,713 [pool-37-thread-1] INFO  server.RaftServerConfigKeys (ConfUtils.java:logGet(43)) - raft.server.log.appender.install.snapshot.enabled = false (custom)
2019-10-24 15:43:47,713 [pool-37-thread-1] INFO  impl.RaftServerImpl (ServerState.java:<init>(103)) - a667faea-0fef-4f07-8d37-e0d8f63f2a62@group-D4E7B976B1FA: ConfigurationManager, init=-1: [a667faea-0fef-4f07-8d37-e0d8f63f2a62:192.168.164.213:36278], old=null, confs=<EMPTY_MAP>
2019-10-24 15:43:47,713 [pool-37-thread-1] INFO  server.RaftServerConfigKeys (ConfUtils.java:logGet(43)) - raft.server.storage.dir = [/workdir/hadoop-ozone/integration-test/target/test-dir/MiniOzoneClusterImpl-0feb3ce4-70f4-42f6-988c-6bd7afad892e/datanode-1/data/ratis] (custom)
2019-10-24 15:43:47,713 [pool-37-thread-1] INFO  server.RaftServerConfigKeys (ConfUtils.java:logGet(43)) - raft.server.log.corruption.policy = EXCEPTION (default)
2019-10-24 15:43:47,714 [pool-37-thread-1] INFO  storage.RaftStorageDirectory (RaftStorageDirectory.java:analyzeStorage(246)) - The storage directory /workdir/hadoop-ozone/integration-test/target/test-dir/MiniOzoneClusterImpl-0feb3ce4-70f4-42f6-988c-6bd7afad892e/datanode-1/data/ratis/786b4320-7536-435b-a95c-d4e7b976b1fa does not exist. Creating ...
2019-10-24 15:43:47,729 [pool-37-thread-1] INFO  storage.RaftStorageDirectory (RaftStorageDirectory.java:tryLock(328)) - Lock on /workdir/hadoop-ozone/integration-test/target/test-dir/MiniOzoneClusterImpl-0feb3ce4-70f4-42f6-988c-6bd7afad892e/datanode-1/data/ratis/786b4320-7536-435b-a95c-d4e7b976b1fa/in_use.lock acquired by nodename 4821@pr-hdds-2359-djbrp-462585948
2019-10-24 15:43:47,742 [pool-37-thread-1] INFO  storage.RaftStorage (RaftStorage.java:format(84)) - Storage directory /workdir/hadoop-ozone/integration-test/target/test-dir/MiniOzoneClusterImpl-0feb3ce4-70f4-42f6-988c-6bd7afad892e/datanode-1/data/ratis/786b4320-7536-435b-a95c-d4e7b976b1fa has been successfully formatted.
2019-10-24 15:43:47,743 [pool-37-thread-1] INFO  ratis.ContainerStateMachine (ContainerStateMachine.java:loadSnapshot(231)) - group-D4E7B976B1FA: The snapshot info is null. Setting the last applied indexto:(t:0, i:~)
2019-10-24 15:43:47,743 [pool-37-thread-1] INFO  server.RaftServerConfigKeys (ConfUtils.java:logGet(43)) - raft.server.notification.no-leader.timeout = 120s (custom)
2019-10-24 15:43:47,743 [pool-37-thread-1] INFO  server.RaftServerConfigKeys (ConfUtils.java:logGet(43)) - raft.server.log.use.memory = false (default)
2019-10-24 15:43:47,743 [pool-37-thread-1] INFO  server.RaftServerConfigKeys (ConfUtils.java:logGet(43)) - raft.server.log.purge.gap = 1000000 (custom)
2019-10-24 15:43:47,743 [pool-37-thread-1] INFO  server.RaftServerConfigKeys (ConfUtils.java:logGet(43)) - raft.server.log.appender.buffer.byte-limit = 33554432 (custom)
2019-10-24 15:43:47,743 [pool-37-thread-1] INFO  server.RaftServerConfigKeys (ConfUtils.java:logGet(43)) - raft.server.log.segment.size.max = 1048576 (custom)
2019-10-24 15:43:47,746 [pool-37-thread-1] INFO  server.RaftServerConfigKeys (ConfUtils.java:logGet(43)) - raft.server.log.segment.cache.num.max = 2 (custom)
2019-10-24 15:43:47,749 [pool-37-thread-1] INFO  segmented.SegmentedRaftLogWorker (SegmentedRaftLogWorker.java:<init>(173)) - new a667faea-0fef-4f07-8d37-e0d8f63f2a62@group-D4E7B976B1FA-SegmentedRaftLogWorker for RaftStorage:Storage Directory /workdir/hadoop-ozone/integration-test/target/test-dir/MiniOzoneClusterImpl-0feb3ce4-70f4-42f6-988c-6bd7afad892e/datanode-1/data/ratis/786b4320-7536-435b-a95c-d4e7b976b1fa
2019-10-24 15:43:47,749 [pool-37-thread-1] INFO  server.RaftServerConfigKeys (ConfUtils.java:logGet(43)) - raft.server.log.queue.byte-limit = 2147483647 (custom)
2019-10-24 15:43:47,749 [pool-37-thread-1] INFO  server.RaftServerConfigKeys (ConfUtils.java:logGet(43)) - raft.server.log.queue.element-limit = 1024 (custom)
2019-10-24 15:43:47,749 [pool-37-thread-1] INFO  server.RaftServerConfigKeys (ConfUtils.java:logGet(43)) - raft.server.log.segment.size.max = 1048576 (custom)
2019-10-24 15:43:47,749 [pool-37-thread-1] INFO  server.RaftServerConfigKeys (ConfUtils.java:logGet(43)) - raft.server.log.preallocated.size = 16384 (custom)
2019-10-24 15:43:47,750 [pool-37-thread-1] INFO  server.RaftServerConfigKeys (ConfUtils.java:logGet(43)) - raft.server.log.write.buffer.size = 33554432 (custom)
2019-10-24 15:43:47,750 [pool-37-thread-1] INFO  server.RaftServerConfigKeys (ConfUtils.java:logGet(43)) - raft.server.log.force.sync.num = 128 (default)
2019-10-24 15:43:47,750 [pool-37-thread-1] INFO  server.RaftServerConfigKeys (ConfUtils.java:logGet(43)) - raft.server.log.statemachine.data.sync = true (default)
2019-10-24 15:43:47,750 [pool-37-thread-1] INFO  server.RaftServerConfigKeys (ConfUtils.java:logGet(43)) - raft.server.log.statemachine.data.sync.timeout = 10s (default)
2019-10-24 15:43:47,750 [pool-37-thread-1] INFO  server.RaftServerConfigKeys (ConfUtils.java:logGet(43)) - raft.server.log.statemachine.data.sync.timeout.retry = -1 (default)
2019-10-24 15:43:47,751 [pool-37-thread-1] INFO  server.RaftServerConfigKeys (ConfUtils.java:logGet(43)) - raft.server.log.statemachine.data.caching.enabled = true (custom)
2019-10-24 15:43:47,751 [pool-37-thread-1] INFO  segmented.SegmentedRaftLogWorker (SegmentedRaftLogWorker.java:lambda$new$0(128)) - a667faea-0fef-4f07-8d37-e0d8f63f2a62@group-D4E7B976B1FA-SegmentedRaftLogWorker: flushIndex: setUnconditionally 0 -> -1
2019-10-24 15:43:47,751 [pool-37-thread-1] INFO  server.RaftServerConfigKeys (ConfUtils.java:logGet(43)) - raft.server.snapshot.auto.trigger.enabled = true (custom)
2019-10-24 15:43:47,751 [pool-37-thread-1] INFO  server.RaftServerConfigKeys (ConfUtils.java:logGet(43)) - raft.server.snapshot.auto.trigger.threshold = 10000 (custom)
2019-10-24 15:43:47,751 [pool-37-thread-1] INFO  server.RaftServerConfigKeys (ConfUtils.java:logGet(43)) - raft.server.snapshot.retention.file.num = 5 (custom)
2019-10-24 15:43:47,752 [pool-37-thread-1] INFO  server.RaftServerConfigKeys (ConfUtils.java:logGet(43)) - raft.server.retrycache.expirytime = 600000ms (custom)
2019-10-24 15:43:47,755 [pool-37-thread-1] INFO  impl.RaftServerImpl (RaftServerImpl.java:start(195)) - a667faea-0fef-4f07-8d37-e0d8f63f2a62@group-D4E7B976B1FA: start as a follower, conf=-1: [a667faea-0fef-4f07-8d37-e0d8f63f2a62:192.168.164.213:36278], old=null
2019-10-24 15:43:47,755 [pool-37-thread-1] INFO  impl.RaftServerImpl (RaftServerImpl.java:setRole(184)) - a667faea-0fef-4f07-8d37-e0d8f63f2a62@group-D4E7B976B1FA: changes role from      null to FOLLOWER at term 0 for startAsFollower
2019-10-24 15:43:47,755 [pool-37-thread-1] INFO  impl.RoleInfo (RoleInfo.java:updateAndGet(143)) - a667faea-0fef-4f07-8d37-e0d8f63f2a62: start FollowerState
2019-10-24 15:43:47,755 [pool-37-thread-1] INFO  util.JmxRegister (JmxRegister.java:tryRegister(44)) - Successfully registered JMX Bean with object name Ratis:service=RaftServer,group=group-D4E7B976B1FA,id=a667faea-0fef-4f07-8d37-e0d8f63f2a62
2019-10-24 15:43:47,782 [Thread-310] INFO  impl.FollowerState (FollowerState.java:run(108)) - af280123-6372-4d1f-a5d4-c36229a73203@group-86C7A8AA2668-FollowerState: change to CANDIDATE, lastRpcTime:118ms, electionTimeout:114ms
2019-10-24 15:43:47,785 [Thread-310] INFO  impl.RoleInfo (RoleInfo.java:shutdownFollowerState(121)) - af280123-6372-4d1f-a5d4-c36229a73203: shutdown FollowerState
2019-10-24 15:43:47,785 [Thread-310] INFO  impl.RaftServerImpl (RaftServerImpl.java:setRole(184)) - af280123-6372-4d1f-a5d4-c36229a73203@group-86C7A8AA2668: changes role from  FOLLOWER to CANDIDATE at term 0 for changeToCandidate
2019-10-24 15:43:47,787 [Thread-310] INFO  impl.RoleInfo (RoleInfo.java:updateAndGet(143)) - af280123-6372-4d1f-a5d4-c36229a73203: start LeaderElection
2019-10-24 15:43:47,793 [RatisPipelineUtilsThread] INFO  pipeline.PipelineStateManager (PipelineStateManager.java:addPipeline(56)) - Created pipeline Pipeline[ Id: 786b4320-7536-435b-a95c-d4e7b976b1fa, Nodes: a667faea-0fef-4f07-8d37-e0d8f63f2a62{ip: 192.168.164.213, host: pr-hdds-2359-djbrp-462585948, networkLocation: /default-rack, certSerialId: null}, Type:RATIS, Factor:ONE, State:OPEN]
2019-10-24 15:43:47,805 [af280123-6372-4d1f-a5d4-c36229a73203@group-86C7A8AA2668-LeaderElection6] INFO  impl.LeaderElection (LeaderElection.java:askForVotes(178)) - af280123-6372-4d1f-a5d4-c36229a73203@group-86C7A8AA2668-LeaderElection6: begin an election at term 1 for -1: [af280123-6372-4d1f-a5d4-c36229a73203:192.168.164.213:35334], old=null
2019-10-24 15:43:47,806 [af280123-6372-4d1f-a5d4-c36229a73203@group-86C7A8AA2668-LeaderElection6] INFO  impl.RoleInfo (RoleInfo.java:shutdownLeaderElection(134)) - af280123-6372-4d1f-a5d4-c36229a73203: shutdown LeaderElection
2019-10-24 15:43:47,807 [af280123-6372-4d1f-a5d4-c36229a73203@group-86C7A8AA2668-LeaderElection6] INFO  impl.RaftServerImpl (RaftServerImpl.java:setRole(184)) - af280123-6372-4d1f-a5d4-c36229a73203@group-86C7A8AA2668: changes role from CANDIDATE to LEADER at term 1 for changeToLeader
2019-10-24 15:43:47,807 [af280123-6372-4d1f-a5d4-c36229a73203@group-86C7A8AA2668-LeaderElection6] INFO  impl.RaftServerImpl (ServerState.java:setLeader(256)) - af280123-6372-4d1f-a5d4-c36229a73203@group-86C7A8AA2668: change Leader from null to af280123-6372-4d1f-a5d4-c36229a73203 at term 1 for becomeLeader, leader elected after 154ms
2019-10-24 15:43:47,807 [af280123-6372-4d1f-a5d4-c36229a73203@group-86C7A8AA2668-LeaderElection6] INFO  server.RaftServerConfigKeys (ConfUtils.java:logGet(43)) - raft.server.staging.catchup.gap = 1000 (default)
2019-10-24 15:43:47,807 [af280123-6372-4d1f-a5d4-c36229a73203@group-86C7A8AA2668-LeaderElection6] INFO  server.RaftServerConfigKeys (ConfUtils.java:logGet(43)) - raft.server.rpc.sleep.time = 25ms (default)
2019-10-24 15:43:47,808 [af280123-6372-4d1f-a5d4-c36229a73203@group-86C7A8AA2668-LeaderElection6] INFO  server.RaftServerConfigKeys (ConfUtils.java:logGet(43)) - raft.server.write.element-limit = 4096 (default)
2019-10-24 15:43:47,808 [af280123-6372-4d1f-a5d4-c36229a73203@group-86C7A8AA2668-LeaderElection6] INFO  server.RaftServerConfigKeys (ConfUtils.java:logGet(43)) - raft.server.watch.timeout = 10s (default)
2019-10-24 15:43:47,808 [af280123-6372-4d1f-a5d4-c36229a73203@group-86C7A8AA2668-LeaderElection6] INFO  server.RaftServerConfigKeys (ConfUtils.java:logGet(43)) - raft.server.watch.timeout.denomination = 1s (default)
2019-10-24 15:43:47,808 [af280123-6372-4d1f-a5d4-c36229a73203@group-86C7A8AA2668-LeaderElection6] INFO  server.RaftServerConfigKeys (ConfUtils.java:logGet(43)) - raft.server.watch.element-limit = 65536 (default)
2019-10-24 15:43:47,813 [grpc-default-executor-0] INFO  impl.RaftServerProxy (RaftServerProxy.java:addNew(89)) - 2f81ded6-48e6-408d-9409-3cd44f70bee8: addNew group-42AE6B04FFCC:[2f81ded6-48e6-408d-9409-3cd44f70bee8:192.168.164.213:36516] returns group-42AE6B04FFCC:java.util.concurrent.CompletableFuture@7304b409[Not completed]
2019-10-24 15:43:47,814 [af280123-6372-4d1f-a5d4-c36229a73203@group-86C7A8AA2668-LeaderElection6] INFO  impl.RoleInfo (RoleInfo.java:updateAndGet(143)) - af280123-6372-4d1f-a5d4-c36229a73203: start LeaderState
2019-10-24 15:43:47,815 [pool-117-thread-1] INFO  impl.RaftServerImpl (RaftServerImpl.java:<init>(104)) - 2f81ded6-48e6-408d-9409-3cd44f70bee8: new RaftServerImpl for group-42AE6B04FFCC:[2f81ded6-48e6-408d-9409-3cd44f70bee8:192.168.164.213:36516] with ContainerStateMachine:uninitialized
2019-10-24 15:43:47,815 [af280123-6372-4d1f-a5d4-c36229a73203@group-86C7A8AA2668-LeaderElection6] INFO  segmented.SegmentedRaftLogWorker (SegmentedRaftLogWorker.java:startLogSegment(385)) - af280123-6372-4d1f-a5d4-c36229a73203@group-86C7A8AA2668-SegmentedRaftLogWorker: Starting segment from index:0
2019-10-24 15:43:47,815 [pool-117-thread-1] INFO  server.RaftServerConfigKeys (ConfUtils.java:logGet(43)) - raft.server.rpc.timeout.min = 1s (custom)
2019-10-24 15:43:47,815 [pool-117-thread-1] INFO  server.RaftServerConfigKeys (ConfUtils.java:logGet(43)) - raft.server.rpc.timeout.max = 1200ms (custom)
2019-10-24 15:43:47,815 [pool-117-thread-1] INFO  server.RaftServerConfigKeys (ConfUtils.java:logGet(43)) - raft.server.rpcslowness.timeout = 120s (custom)
2019-10-24 15:43:47,815 [pool-117-thread-1] INFO  server.RaftServerConfigKeys (ConfUtils.java:logGet(43)) - raft.server.sleep.deviation.threshold = 300 (default)
2019-10-24 15:43:47,815 [pool-117-thread-1] INFO  server.RaftServerConfigKeys (ConfUtils.java:logGet(43)) - raft.server.log.appender.install.snapshot.enabled = false (custom)
2019-10-24 15:43:47,815 [pool-117-thread-1] INFO  impl.RaftServerImpl (ServerState.java:<init>(103)) - 2f81ded6-48e6-408d-9409-3cd44f70bee8@group-42AE6B04FFCC: ConfigurationManager, init=-1: [2f81ded6-48e6-408d-9409-3cd44f70bee8:192.168.164.213:36516], old=null, confs=<EMPTY_MAP>
2019-10-24 15:43:47,816 [af280123-6372-4d1f-a5d4-c36229a73203@group-86C7A8AA2668-LeaderElection6] INFO  impl.RaftServerImpl (ServerState.java:setRaftConf(357)) - af280123-6372-4d1f-a5d4-c36229a73203@group-86C7A8AA2668: set configuration 0: [af280123-6372-4d1f-a5d4-c36229a73203:192.168.164.213:35334], old=null at 0
2019-10-24 15:43:47,816 [pool-117-thread-1] INFO  server.RaftServerConfigKeys (ConfUtils.java:logGet(43)) - raft.server.storage.dir = [/workdir/hadoop-ozone/integration-test/target/test-dir/MiniOzoneClusterImpl-0feb3ce4-70f4-42f6-988c-6bd7afad892e/datanode-9/data/ratis] (custom)
2019-10-24 15:43:47,848 [pool-117-thread-1] INFO  server.RaftServerConfigKeys (ConfUtils.java:logGet(43)) - raft.server.log.corruption.policy = EXCEPTION (default)
2019-10-24 15:43:47,848 [pool-117-thread-1] INFO  storage.RaftStorageDirectory (RaftStorageDirectory.java:analyzeStorage(246)) - The storage directory /workdir/hadoop-ozone/integration-test/target/test-dir/MiniOzoneClusterImpl-0feb3ce4-70f4-42f6-988c-6bd7afad892e/datanode-9/data/ratis/554bc3a2-6ef4-453b-b8fc-42ae6b04ffcc does not exist. Creating ...
2019-10-24 15:43:47,860 [pool-117-thread-1] INFO  storage.RaftStorageDirectory (RaftStorageDirectory.java:tryLock(328)) - Lock on /workdir/hadoop-ozone/integration-test/target/test-dir/MiniOzoneClusterImpl-0feb3ce4-70f4-42f6-988c-6bd7afad892e/datanode-9/data/ratis/554bc3a2-6ef4-453b-b8fc-42ae6b04ffcc/in_use.lock acquired by nodename 4821@pr-hdds-2359-djbrp-462585948
2019-10-24 15:43:47,860 [af280123-6372-4d1f-a5d4-c36229a73203@group-86C7A8AA2668-SegmentedRaftLogWorker] INFO  segmented.SegmentedRaftLogWorker (SegmentedRaftLogWorker.java:execute(576)) - af280123-6372-4d1f-a5d4-c36229a73203@group-86C7A8AA2668-SegmentedRaftLogWorker: created new log segment /workdir/hadoop-ozone/integration-test/target/test-dir/MiniOzoneClusterImpl-0feb3ce4-70f4-42f6-988c-6bd7afad892e/datanode-7/data/ratis/ea40509f-8137-4bff-9cbe-86c7a8aa2668/current/log_inprogress_0
2019-10-24 15:43:47,886 [pool-117-thread-1] INFO  storage.RaftStorage (RaftStorage.java:format(84)) - Storage directory /workdir/hadoop-ozone/integration-test/target/test-dir/MiniOzoneClusterImpl-0feb3ce4-70f4-42f6-988c-6bd7afad892e/datanode-9/data/ratis/554bc3a2-6ef4-453b-b8fc-42ae6b04ffcc has been successfully formatted.
2019-10-24 15:43:47,886 [pool-117-thread-1] INFO  ratis.ContainerStateMachine (ContainerStateMachine.java:loadSnapshot(231)) - group-42AE6B04FFCC: The snapshot info is null. Setting the last applied indexto:(t:0, i:~)
2019-10-24 15:43:47,886 [pool-117-thread-1] INFO  server.RaftServerConfigKeys (ConfUtils.java:logGet(43)) - raft.server.notification.no-leader.timeout = 120s (custom)
2019-10-24 15:43:47,886 [pool-117-thread-1] INFO  server.RaftServerConfigKeys (ConfUtils.java:logGet(43)) - raft.server.log.use.memory = false (default)
2019-10-24 15:43:47,886 [pool-117-thread-1] INFO  server.RaftServerConfigKeys (ConfUtils.java:logGet(43)) - raft.server.log.purge.gap = 1000000 (custom)
2019-10-24 15:43:47,887 [pool-117-thread-1] INFO  server.RaftServerConfigKeys (ConfUtils.java:logGet(43)) - raft.server.log.appender.buffer.byte-limit = 33554432 (custom)
2019-10-24 15:43:47,887 [pool-117-thread-1] INFO  server.RaftServerConfigKeys (ConfUtils.java:logGet(43)) - raft.server.log.segment.size.max = 1048576 (custom)
2019-10-24 15:43:47,889 [pool-117-thread-1] INFO  server.RaftServerConfigKeys (ConfUtils.java:logGet(43)) - raft.server.log.segment.cache.num.max = 2 (custom)
2019-10-24 15:43:47,889 [pool-117-thread-1] INFO  segmented.SegmentedRaftLogWorker (SegmentedRaftLogWorker.java:<init>(173)) - new 2f81ded6-48e6-408d-9409-3cd44f70bee8@group-42AE6B04FFCC-SegmentedRaftLogWorker for RaftStorage:Storage Directory /workdir/hadoop-ozone/integration-test/target/test-dir/MiniOzoneClusterImpl-0feb3ce4-70f4-42f6-988c-6bd7afad892e/datanode-9/data/ratis/554bc3a2-6ef4-453b-b8fc-42ae6b04ffcc
2019-10-24 15:43:47,889 [pool-117-thread-1] INFO  server.RaftServerConfigKeys (ConfUtils.java:logGet(43)) - raft.server.log.queue.byte-limit = 2147483647 (custom)
2019-10-24 15:43:47,889 [pool-117-thread-1] INFO  server.RaftServerConfigKeys (ConfUtils.java:logGet(43)) - raft.server.log.queue.element-limit = 1024 (custom)
2019-10-24 15:43:47,889 [pool-117-thread-1] INFO  server.RaftServerConfigKeys (ConfUtils.java:logGet(43)) - raft.server.log.segment.size.max = 1048576 (custom)
2019-10-24 15:43:47,890 [pool-117-thread-1] INFO  server.RaftServerConfigKeys (ConfUtils.java:logGet(43)) - raft.server.log.preallocated.size = 16384 (custom)
2019-10-24 15:43:47,890 [pool-117-thread-1] INFO  server.RaftServerConfigKeys (ConfUtils.java:logGet(43)) - raft.server.log.write.buffer.size = 33554432 (custom)
2019-10-24 15:43:47,890 [pool-117-thread-1] INFO  server.RaftServerConfigKeys (ConfUtils.java:logGet(43)) - raft.server.log.force.sync.num = 128 (default)
2019-10-24 15:43:47,890 [pool-117-thread-1] INFO  server.RaftServerConfigKeys (ConfUtils.java:logGet(43)) - raft.server.log.statemachine.data.sync = true (default)
2019-10-24 15:43:47,890 [pool-117-thread-1] INFO  server.RaftServerConfigKeys (ConfUtils.java:logGet(43)) - raft.server.log.statemachine.data.sync.timeout = 10s (default)
2019-10-24 15:43:47,890 [pool-117-thread-1] INFO  server.RaftServerConfigKeys (ConfUtils.java:logGet(43)) - raft.server.log.statemachine.data.sync.timeout.retry = -1 (default)
2019-10-24 15:43:47,891 [pool-117-thread-1] INFO  server.RaftServerConfigKeys (ConfUtils.java:logGet(43)) - raft.server.log.statemachine.data.caching.enabled = true (custom)
2019-10-24 15:43:47,891 [pool-117-thread-1] INFO  segmented.SegmentedRaftLogWorker (SegmentedRaftLogWorker.java:lambda$new$0(128)) - 2f81ded6-48e6-408d-9409-3cd44f70bee8@group-42AE6B04FFCC-SegmentedRaftLogWorker: flushIndex: setUnconditionally 0 -> -1
2019-10-24 15:43:47,891 [pool-117-thread-1] INFO  server.RaftServerConfigKeys (ConfUtils.java:logGet(43)) - raft.server.snapshot.auto.trigger.enabled = true (custom)
2019-10-24 15:43:47,891 [pool-117-thread-1] INFO  server.RaftServerConfigKeys (ConfUtils.java:logGet(43)) - raft.server.snapshot.auto.trigger.threshold = 10000 (custom)
2019-10-24 15:43:47,891 [pool-117-thread-1] INFO  server.RaftServerConfigKeys (ConfUtils.java:logGet(43)) - raft.server.snapshot.retention.file.num = 5 (custom)
2019-10-24 15:43:47,892 [pool-117-thread-1] INFO  server.RaftServerConfigKeys (ConfUtils.java:logGet(43)) - raft.server.retrycache.expirytime = 600000ms (custom)
2019-10-24 15:43:47,895 [pool-117-thread-1] INFO  impl.RaftServerImpl (RaftServerImpl.java:start(195)) - 2f81ded6-48e6-408d-9409-3cd44f70bee8@group-42AE6B04FFCC: start as a follower, conf=-1: [2f81ded6-48e6-408d-9409-3cd44f70bee8:192.168.164.213:36516], old=null
2019-10-24 15:43:47,895 [pool-117-thread-1] INFO  impl.RaftServerImpl (RaftServerImpl.java:setRole(184)) - 2f81ded6-48e6-408d-9409-3cd44f70bee8@group-42AE6B04FFCC: changes role from      null to FOLLOWER at term 0 for startAsFollower
2019-10-24 15:43:47,896 [pool-117-thread-1] INFO  impl.RoleInfo (RoleInfo.java:updateAndGet(143)) - 2f81ded6-48e6-408d-9409-3cd44f70bee8: start FollowerState
2019-10-24 15:43:47,896 [pool-117-thread-1] INFO  util.JmxRegister (JmxRegister.java:tryRegister(44)) - Successfully registered JMX Bean with object name Ratis:service=RaftServer,group=group-42AE6B04FFCC,id=2f81ded6-48e6-408d-9409-3cd44f70bee8
2019-10-24 15:43:47,917 [RatisPipelineUtilsThread] INFO  pipeline.PipelineStateManager (PipelineStateManager.java:addPipeline(56)) - Created pipeline Pipeline[ Id: 554bc3a2-6ef4-453b-b8fc-42ae6b04ffcc, Nodes: 2f81ded6-48e6-408d-9409-3cd44f70bee8{ip: 192.168.164.213, host: pr-hdds-2359-djbrp-462585948, networkLocation: /default-rack, certSerialId: null}, Type:RATIS, Factor:ONE, State:OPEN]
2019-10-24 15:43:47,921 [Thread-313] INFO  impl.FollowerState (FollowerState.java:run(108)) - a667faea-0fef-4f07-8d37-e0d8f63f2a62@group-D4E7B976B1FA-FollowerState: change to CANDIDATE, lastRpcTime:166ms, electionTimeout:165ms
2019-10-24 15:43:47,925 [Thread-313] INFO  impl.RoleInfo (RoleInfo.java:shutdownFollowerState(121)) - a667faea-0fef-4f07-8d37-e0d8f63f2a62: shutdown FollowerState
2019-10-24 15:43:47,925 [Thread-313] INFO  impl.RaftServerImpl (RaftServerImpl.java:setRole(184)) - a667faea-0fef-4f07-8d37-e0d8f63f2a62@group-D4E7B976B1FA: changes role from  FOLLOWER to CANDIDATE at term 0 for changeToCandidate
2019-10-24 15:43:47,925 [Thread-313] INFO  impl.RoleInfo (RoleInfo.java:updateAndGet(143)) - a667faea-0fef-4f07-8d37-e0d8f63f2a62: start LeaderElection
2019-10-24 15:43:47,943 [a667faea-0fef-4f07-8d37-e0d8f63f2a62@group-D4E7B976B1FA-LeaderElection7] INFO  impl.LeaderElection (LeaderElection.java:askForVotes(178)) - a667faea-0fef-4f07-8d37-e0d8f63f2a62@group-D4E7B976B1FA-LeaderElection7: begin an election at term 1 for -1: [a667faea-0fef-4f07-8d37-e0d8f63f2a62:192.168.164.213:36278], old=null
2019-10-24 15:43:47,945 [a667faea-0fef-4f07-8d37-e0d8f63f2a62@group-D4E7B976B1FA-LeaderElection7] INFO  impl.RoleInfo (RoleInfo.java:shutdownLeaderElection(134)) - a667faea-0fef-4f07-8d37-e0d8f63f2a62: shutdown LeaderElection
2019-10-24 15:43:47,945 [a667faea-0fef-4f07-8d37-e0d8f63f2a62@group-D4E7B976B1FA-LeaderElection7] INFO  impl.RaftServerImpl (RaftServerImpl.java:setRole(184)) - a667faea-0fef-4f07-8d37-e0d8f63f2a62@group-D4E7B976B1FA: changes role from CANDIDATE to LEADER at term 1 for changeToLeader
2019-10-24 15:43:47,945 [a667faea-0fef-4f07-8d37-e0d8f63f2a62@group-D4E7B976B1FA-LeaderElection7] INFO  impl.RaftServerImpl (ServerState.java:setLeader(256)) - a667faea-0fef-4f07-8d37-e0d8f63f2a62@group-D4E7B976B1FA: change Leader from null to a667faea-0fef-4f07-8d37-e0d8f63f2a62 at term 1 for becomeLeader, leader elected after 202ms
2019-10-24 15:43:47,945 [grpc-default-executor-0] INFO  impl.RaftServerProxy (RaftServerProxy.java:addNew(89)) - 3a65ecdf-e32f-4548-a2e5-44ab823c11b3: addNew group-A4A6BF8F8CFA:[3a65ecdf-e32f-4548-a2e5-44ab823c11b3:192.168.164.213:44036] returns group-A4A6BF8F8CFA:java.util.concurrent.CompletableFuture@3fd90ac7[Not completed]
2019-10-24 15:43:47,945 [a667faea-0fef-4f07-8d37-e0d8f63f2a62@group-D4E7B976B1FA-LeaderElection7] INFO  server.RaftServerConfigKeys (ConfUtils.java:logGet(43)) - raft.server.staging.catchup.gap = 1000 (default)
2019-10-24 15:43:47,945 [a667faea-0fef-4f07-8d37-e0d8f63f2a62@group-D4E7B976B1FA-LeaderElection7] INFO  server.RaftServerConfigKeys (ConfUtils.java:logGet(43)) - raft.server.rpc.sleep.time = 25ms (default)
2019-10-24 15:43:47,946 [a667faea-0fef-4f07-8d37-e0d8f63f2a62@group-D4E7B976B1FA-LeaderElection7] INFO  server.RaftServerConfigKeys (ConfUtils.java:logGet(43)) - raft.server.write.element-limit = 4096 (default)
2019-10-24 15:43:47,946 [a667faea-0fef-4f07-8d37-e0d8f63f2a62@group-D4E7B976B1FA-LeaderElection7] INFO  server.RaftServerConfigKeys (ConfUtils.java:logGet(43)) - raft.server.watch.timeout = 10s (default)
2019-10-24 15:43:47,946 [a667faea-0fef-4f07-8d37-e0d8f63f2a62@group-D4E7B976B1FA-LeaderElection7] INFO  server.RaftServerConfigKeys (ConfUtils.java:logGet(43)) - raft.server.watch.timeout.denomination = 1s (default)
2019-10-24 15:43:47,946 [a667faea-0fef-4f07-8d37-e0d8f63f2a62@group-D4E7B976B1FA-LeaderElection7] INFO  server.RaftServerConfigKeys (ConfUtils.java:logGet(43)) - raft.server.watch.element-limit = 65536 (default)
2019-10-24 15:43:47,947 [pool-87-thread-1] INFO  impl.RaftServerImpl (RaftServerImpl.java:<init>(104)) - 3a65ecdf-e32f-4548-a2e5-44ab823c11b3: new RaftServerImpl for group-A4A6BF8F8CFA:[3a65ecdf-e32f-4548-a2e5-44ab823c11b3:192.168.164.213:44036] with ContainerStateMachine:uninitialized
2019-10-24 15:43:47,947 [pool-87-thread-1] INFO  server.RaftServerConfigKeys (ConfUtils.java:logGet(43)) - raft.server.rpc.timeout.min = 1s (custom)
2019-10-24 15:43:47,948 [pool-87-thread-1] INFO  server.RaftServerConfigKeys (ConfUtils.java:logGet(43)) - raft.server.rpc.timeout.max = 1200ms (custom)
2019-10-24 15:43:47,948 [pool-87-thread-1] INFO  server.RaftServerConfigKeys (ConfUtils.java:logGet(43)) - raft.server.rpcslowness.timeout = 120s (custom)
2019-10-24 15:43:47,948 [pool-87-thread-1] INFO  server.RaftServerConfigKeys (ConfUtils.java:logGet(43)) - raft.server.sleep.deviation.threshold = 300 (default)
2019-10-24 15:43:47,948 [pool-87-thread-1] INFO  server.RaftServerConfigKeys (ConfUtils.java:logGet(43)) - raft.server.log.appender.install.snapshot.enabled = false (custom)
2019-10-24 15:43:47,948 [pool-87-thread-1] INFO  impl.RaftServerImpl (ServerState.java:<init>(103)) - 3a65ecdf-e32f-4548-a2e5-44ab823c11b3@group-A4A6BF8F8CFA: ConfigurationManager, init=-1: [3a65ecdf-e32f-4548-a2e5-44ab823c11b3:192.168.164.213:44036], old=null, confs=<EMPTY_MAP>
2019-10-24 15:43:47,948 [pool-87-thread-1] INFO  server.RaftServerConfigKeys (ConfUtils.java:logGet(43)) - raft.server.storage.dir = [/workdir/hadoop-ozone/integration-test/target/test-dir/MiniOzoneClusterImpl-0feb3ce4-70f4-42f6-988c-6bd7afad892e/datanode-6/data/ratis] (custom)
2019-10-24 15:43:47,948 [pool-87-thread-1] INFO  server.RaftServerConfigKeys (ConfUtils.java:logGet(43)) - raft.server.log.corruption.policy = EXCEPTION (default)
2019-10-24 15:43:47,949 [pool-87-thread-1] INFO  storage.RaftStorageDirectory (RaftStorageDirectory.java:analyzeStorage(246)) - The storage directory /workdir/hadoop-ozone/integration-test/target/test-dir/MiniOzoneClusterImpl-0feb3ce4-70f4-42f6-988c-6bd7afad892e/datanode-6/data/ratis/865fc170-bd65-41fc-86aa-a4a6bf8f8cfa does not exist. Creating ...
2019-10-24 15:43:47,949 [a667faea-0fef-4f07-8d37-e0d8f63f2a62@group-D4E7B976B1FA-LeaderElection7] INFO  impl.RoleInfo (RoleInfo.java:updateAndGet(143)) - a667faea-0fef-4f07-8d37-e0d8f63f2a62: start LeaderState
2019-10-24 15:43:47,950 [a667faea-0fef-4f07-8d37-e0d8f63f2a62@group-D4E7B976B1FA-LeaderElection7] INFO  segmented.SegmentedRaftLogWorker (SegmentedRaftLogWorker.java:startLogSegment(385)) - a667faea-0fef-4f07-8d37-e0d8f63f2a62@group-D4E7B976B1FA-SegmentedRaftLogWorker: Starting segment from index:0
2019-10-24 15:43:47,950 [a667faea-0fef-4f07-8d37-e0d8f63f2a62@group-D4E7B976B1FA-LeaderElection7] INFO  impl.RaftServerImpl (ServerState.java:setRaftConf(357)) - a667faea-0fef-4f07-8d37-e0d8f63f2a62@group-D4E7B976B1FA: set configuration 0: [a667faea-0fef-4f07-8d37-e0d8f63f2a62:192.168.164.213:36278], old=null at 0
2019-10-24 15:43:47,988 [pool-87-thread-1] INFO  storage.RaftStorageDirectory (RaftStorageDirectory.java:tryLock(328)) - Lock on /workdir/hadoop-ozone/integration-test/target/test-dir/MiniOzoneClusterImpl-0feb3ce4-70f4-42f6-988c-6bd7afad892e/datanode-6/data/ratis/865fc170-bd65-41fc-86aa-a4a6bf8f8cfa/in_use.lock acquired by nodename 4821@pr-hdds-2359-djbrp-462585948
2019-10-24 15:43:48,004 [a667faea-0fef-4f07-8d37-e0d8f63f2a62@group-D4E7B976B1FA-SegmentedRaftLogWorker] INFO  segmented.SegmentedRaftLogWorker (SegmentedRaftLogWorker.java:execute(576)) - a667faea-0fef-4f07-8d37-e0d8f63f2a62@group-D4E7B976B1FA-SegmentedRaftLogWorker: created new log segment /workdir/hadoop-ozone/integration-test/target/test-dir/MiniOzoneClusterImpl-0feb3ce4-70f4-42f6-988c-6bd7afad892e/datanode-1/data/ratis/786b4320-7536-435b-a95c-d4e7b976b1fa/current/log_inprogress_0
2019-10-24 15:43:48,004 [pool-87-thread-1] INFO  storage.RaftStorage (RaftStorage.java:format(84)) - Storage directory /workdir/hadoop-ozone/integration-test/target/test-dir/MiniOzoneClusterImpl-0feb3ce4-70f4-42f6-988c-6bd7afad892e/datanode-6/data/ratis/865fc170-bd65-41fc-86aa-a4a6bf8f8cfa has been successfully formatted.
2019-10-24 15:43:48,005 [pool-87-thread-1] INFO  ratis.ContainerStateMachine (ContainerStateMachine.java:loadSnapshot(231)) - group-A4A6BF8F8CFA: The snapshot info is null. Setting the last applied indexto:(t:0, i:~)
2019-10-24 15:43:48,005 [pool-87-thread-1] INFO  server.RaftServerConfigKeys (ConfUtils.java:logGet(43)) - raft.server.notification.no-leader.timeout = 120s (custom)
2019-10-24 15:43:48,005 [pool-87-thread-1] INFO  server.RaftServerConfigKeys (ConfUtils.java:logGet(43)) - raft.server.log.use.memory = false (default)
2019-10-24 15:43:48,005 [pool-87-thread-1] INFO  server.RaftServerConfigKeys (ConfUtils.java:logGet(43)) - raft.server.log.purge.gap = 1000000 (custom)
2019-10-24 15:43:48,005 [pool-87-thread-1] INFO  server.RaftServerConfigKeys (ConfUtils.java:logGet(43)) - raft.server.log.appender.buffer.byte-limit = 33554432 (custom)
2019-10-24 15:43:48,006 [pool-87-thread-1] INFO  server.RaftServerConfigKeys (ConfUtils.java:logGet(43)) - raft.server.log.segment.size.max = 1048576 (custom)
2019-10-24 15:43:48,007 [pool-87-thread-1] INFO  server.RaftServerConfigKeys (ConfUtils.java:logGet(43)) - raft.server.log.segment.cache.num.max = 2 (custom)
2019-10-24 15:43:48,007 [pool-87-thread-1] INFO  segmented.SegmentedRaftLogWorker (SegmentedRaftLogWorker.java:<init>(173)) - new 3a65ecdf-e32f-4548-a2e5-44ab823c11b3@group-A4A6BF8F8CFA-SegmentedRaftLogWorker for RaftStorage:Storage Directory /workdir/hadoop-ozone/integration-test/target/test-dir/MiniOzoneClusterImpl-0feb3ce4-70f4-42f6-988c-6bd7afad892e/datanode-6/data/ratis/865fc170-bd65-41fc-86aa-a4a6bf8f8cfa
2019-10-24 15:43:48,008 [pool-87-thread-1] INFO  server.RaftServerConfigKeys (ConfUtils.java:logGet(43)) - raft.server.log.queue.byte-limit = 2147483647 (custom)
2019-10-24 15:43:48,008 [pool-87-thread-1] INFO  server.RaftServerConfigKeys (ConfUtils.java:logGet(43)) - raft.server.log.queue.element-limit = 1024 (custom)
2019-10-24 15:43:48,008 [pool-87-thread-1] INFO  server.RaftServerConfigKeys (ConfUtils.java:logGet(43)) - raft.server.log.segment.size.max = 1048576 (custom)
2019-10-24 15:43:48,008 [pool-87-thread-1] INFO  server.RaftServerConfigKeys (ConfUtils.java:logGet(43)) - raft.server.log.preallocated.size = 16384 (custom)
2019-10-24 15:43:48,008 [pool-87-thread-1] INFO  server.RaftServerConfigKeys (ConfUtils.java:logGet(43)) - raft.server.log.write.buffer.size = 33554432 (custom)
2019-10-24 15:43:48,008 [pool-87-thread-1] INFO  server.RaftServerConfigKeys (ConfUtils.java:logGet(43)) - raft.server.log.force.sync.num = 128 (default)
2019-10-24 15:43:48,008 [pool-87-thread-1] INFO  server.RaftServerConfigKeys (ConfUtils.java:logGet(43)) - raft.server.log.statemachine.data.sync = true (default)
2019-10-24 15:43:48,008 [pool-87-thread-1] INFO  server.RaftServerConfigKeys (ConfUtils.java:logGet(43)) - raft.server.log.statemachine.data.sync.timeout = 10s (default)
2019-10-24 15:43:48,008 [pool-87-thread-1] INFO  server.RaftServerConfigKeys (ConfUtils.java:logGet(43)) - raft.server.log.statemachine.data.sync.timeout.retry = -1 (default)
2019-10-24 15:43:48,009 [pool-87-thread-1] INFO  server.RaftServerConfigKeys (ConfUtils.java:logGet(43)) - raft.server.log.statemachine.data.caching.enabled = true (custom)
2019-10-24 15:43:48,009 [pool-87-thread-1] INFO  segmented.SegmentedRaftLogWorker (SegmentedRaftLogWorker.java:lambda$new$0(128)) - 3a65ecdf-e32f-4548-a2e5-44ab823c11b3@group-A4A6BF8F8CFA-SegmentedRaftLogWorker: flushIndex: setUnconditionally 0 -> -1
2019-10-24 15:43:48,009 [pool-87-thread-1] INFO  server.RaftServerConfigKeys (ConfUtils.java:logGet(43)) - raft.server.snapshot.auto.trigger.enabled = true (custom)
2019-10-24 15:43:48,009 [pool-87-thread-1] INFO  server.RaftServerConfigKeys (ConfUtils.java:logGet(43)) - raft.server.snapshot.auto.trigger.threshold = 10000 (custom)
2019-10-24 15:43:48,009 [pool-87-thread-1] INFO  server.RaftServerConfigKeys (ConfUtils.java:logGet(43)) - raft.server.snapshot.retention.file.num = 5 (custom)
2019-10-24 15:43:48,009 [pool-87-thread-1] INFO  server.RaftServerConfigKeys (ConfUtils.java:logGet(43)) - raft.server.retrycache.expirytime = 600000ms (custom)
2019-10-24 15:43:48,012 [pool-87-thread-1] INFO  impl.RaftServerImpl (RaftServerImpl.java:start(195)) - 3a65ecdf-e32f-4548-a2e5-44ab823c11b3@group-A4A6BF8F8CFA: start as a follower, conf=-1: [3a65ecdf-e32f-4548-a2e5-44ab823c11b3:192.168.164.213:44036], old=null
2019-10-24 15:43:48,012 [pool-87-thread-1] INFO  impl.RaftServerImpl (RaftServerImpl.java:setRole(184)) - 3a65ecdf-e32f-4548-a2e5-44ab823c11b3@group-A4A6BF8F8CFA: changes role from      null to FOLLOWER at term 0 for startAsFollower
2019-10-24 15:43:48,013 [pool-87-thread-1] INFO  impl.RoleInfo (RoleInfo.java:updateAndGet(143)) - 3a65ecdf-e32f-4548-a2e5-44ab823c11b3: start FollowerState
2019-10-24 15:43:48,013 [pool-87-thread-1] INFO  util.JmxRegister (JmxRegister.java:tryRegister(44)) - Successfully registered JMX Bean with object name Ratis:service=RaftServer,group=group-A4A6BF8F8CFA,id=3a65ecdf-e32f-4548-a2e5-44ab823c11b3
2019-10-24 15:43:48,032 [RatisPipelineUtilsThread] INFO  pipeline.PipelineStateManager (PipelineStateManager.java:addPipeline(56)) - Created pipeline Pipeline[ Id: 865fc170-bd65-41fc-86aa-a4a6bf8f8cfa, Nodes: 3a65ecdf-e32f-4548-a2e5-44ab823c11b3{ip: 192.168.164.213, host: pr-hdds-2359-djbrp-462585948, networkLocation: /default-rack, certSerialId: null}, Type:RATIS, Factor:ONE, State:OPEN]
2019-10-24 15:43:48,037 [Thread-318] INFO  impl.FollowerState (FollowerState.java:run(108)) - 2f81ded6-48e6-408d-9409-3cd44f70bee8@group-42AE6B04FFCC-FollowerState: change to CANDIDATE, lastRpcTime:141ms, electionTimeout:140ms
2019-10-24 15:43:48,038 [Thread-318] INFO  impl.RoleInfo (RoleInfo.java:shutdownFollowerState(121)) - 2f81ded6-48e6-408d-9409-3cd44f70bee8: shutdown FollowerState
2019-10-24 15:43:48,038 [Thread-318] INFO  impl.RaftServerImpl (RaftServerImpl.java:setRole(184)) - 2f81ded6-48e6-408d-9409-3cd44f70bee8@group-42AE6B04FFCC: changes role from  FOLLOWER to CANDIDATE at term 0 for changeToCandidate
2019-10-24 15:43:48,038 [Thread-318] INFO  impl.RoleInfo (RoleInfo.java:updateAndGet(143)) - 2f81ded6-48e6-408d-9409-3cd44f70bee8: start LeaderElection
2019-10-24 15:43:48,061 [2f81ded6-48e6-408d-9409-3cd44f70bee8@group-42AE6B04FFCC-LeaderElection8] INFO  impl.LeaderElection (LeaderElection.java:askForVotes(178)) - 2f81ded6-48e6-408d-9409-3cd44f70bee8@group-42AE6B04FFCC-LeaderElection8: begin an election at term 1 for -1: [2f81ded6-48e6-408d-9409-3cd44f70bee8:192.168.164.213:36516], old=null
2019-10-24 15:43:48,061 [2f81ded6-48e6-408d-9409-3cd44f70bee8@group-42AE6B04FFCC-LeaderElection8] INFO  impl.RoleInfo (RoleInfo.java:shutdownLeaderElection(134)) - 2f81ded6-48e6-408d-9409-3cd44f70bee8: shutdown LeaderElection
2019-10-24 15:43:48,061 [2f81ded6-48e6-408d-9409-3cd44f70bee8@group-42AE6B04FFCC-LeaderElection8] INFO  impl.RaftServerImpl (RaftServerImpl.java:setRole(184)) - 2f81ded6-48e6-408d-9409-3cd44f70bee8@group-42AE6B04FFCC: changes role from CANDIDATE to LEADER at term 1 for changeToLeader
2019-10-24 15:43:48,062 [2f81ded6-48e6-408d-9409-3cd44f70bee8@group-42AE6B04FFCC-LeaderElection8] INFO  impl.RaftServerImpl (ServerState.java:setLeader(256)) - 2f81ded6-48e6-408d-9409-3cd44f70bee8@group-42AE6B04FFCC: change Leader from null to 2f81ded6-48e6-408d-9409-3cd44f70bee8 at term 1 for becomeLeader, leader elected after 175ms
2019-10-24 15:43:48,064 [2f81ded6-48e6-408d-9409-3cd44f70bee8@group-42AE6B04FFCC-LeaderElection8] INFO  server.RaftServerConfigKeys (ConfUtils.java:logGet(43)) - raft.server.staging.catchup.gap = 1000 (default)
2019-10-24 15:43:48,064 [2f81ded6-48e6-408d-9409-3cd44f70bee8@group-42AE6B04FFCC-LeaderElection8] INFO  server.RaftServerConfigKeys (ConfUtils.java:logGet(43)) - raft.server.rpc.sleep.time = 25ms (default)
2019-10-24 15:43:48,064 [grpc-default-executor-0] INFO  impl.RaftServerProxy (RaftServerProxy.java:addNew(89)) - 903a1cac-874e-4718-a4f3-e11699c837d0: addNew group-C26997331DD0:[903a1cac-874e-4718-a4f3-e11699c837d0:192.168.164.213:41438] returns group-C26997331DD0:java.util.concurrent.CompletableFuture@2c327a06[Not completed]
2019-10-24 15:43:48,064 [2f81ded6-48e6-408d-9409-3cd44f70bee8@group-42AE6B04FFCC-LeaderElection8] INFO  server.RaftServerConfigKeys (ConfUtils.java:logGet(43)) - raft.server.write.element-limit = 4096 (default)
2019-10-24 15:43:48,064 [2f81ded6-48e6-408d-9409-3cd44f70bee8@group-42AE6B04FFCC-LeaderElection8] INFO  server.RaftServerConfigKeys (ConfUtils.java:logGet(43)) - raft.server.watch.timeout = 10s (default)
2019-10-24 15:43:48,064 [2f81ded6-48e6-408d-9409-3cd44f70bee8@group-42AE6B04FFCC-LeaderElection8] INFO  server.RaftServerConfigKeys (ConfUtils.java:logGet(43)) - raft.server.watch.timeout.denomination = 1s (default)
2019-10-24 15:43:48,065 [2f81ded6-48e6-408d-9409-3cd44f70bee8@group-42AE6B04FFCC-LeaderElection8] INFO  server.RaftServerConfigKeys (ConfUtils.java:logGet(43)) - raft.server.watch.element-limit = 65536 (default)
2019-10-24 15:43:48,065 [pool-57-thread-1] INFO  impl.RaftServerImpl (RaftServerImpl.java:<init>(104)) - 903a1cac-874e-4718-a4f3-e11699c837d0: new RaftServerImpl for group-C26997331DD0:[903a1cac-874e-4718-a4f3-e11699c837d0:192.168.164.213:41438] with ContainerStateMachine:uninitialized
2019-10-24 15:43:48,066 [pool-57-thread-1] INFO  server.RaftServerConfigKeys (ConfUtils.java:logGet(43)) - raft.server.rpc.timeout.min = 1s (custom)
2019-10-24 15:43:48,066 [pool-57-thread-1] INFO  server.RaftServerConfigKeys (ConfUtils.java:logGet(43)) - raft.server.rpc.timeout.max = 1200ms (custom)
2019-10-24 15:43:48,066 [pool-57-thread-1] INFO  server.RaftServerConfigKeys (ConfUtils.java:logGet(43)) - raft.server.rpcslowness.timeout = 120s (custom)
2019-10-24 15:43:48,066 [pool-57-thread-1] INFO  server.RaftServerConfigKeys (ConfUtils.java:logGet(43)) - raft.server.sleep.deviation.threshold = 300 (default)
2019-10-24 15:43:48,066 [pool-57-thread-1] INFO  server.RaftServerConfigKeys (ConfUtils.java:logGet(43)) - raft.server.log.appender.install.snapshot.enabled = false (custom)
2019-10-24 15:43:48,066 [pool-57-thread-1] INFO  impl.RaftServerImpl (ServerState.java:<init>(103)) - 903a1cac-874e-4718-a4f3-e11699c837d0@group-C26997331DD0: ConfigurationManager, init=-1: [903a1cac-874e-4718-a4f3-e11699c837d0:192.168.164.213:41438], old=null, confs=<EMPTY_MAP>
2019-10-24 15:43:48,067 [pool-57-thread-1] INFO  server.RaftServerConfigKeys (ConfUtils.java:logGet(43)) - raft.server.storage.dir = [/workdir/hadoop-ozone/integration-test/target/test-dir/MiniOzoneClusterImpl-0feb3ce4-70f4-42f6-988c-6bd7afad892e/datanode-3/data/ratis] (custom)
2019-10-24 15:43:48,067 [pool-57-thread-1] INFO  server.RaftServerConfigKeys (ConfUtils.java:logGet(43)) - raft.server.log.corruption.policy = EXCEPTION (default)
2019-10-24 15:43:48,067 [pool-57-thread-1] INFO  storage.RaftStorageDirectory (RaftStorageDirectory.java:analyzeStorage(246)) - The storage directory /workdir/hadoop-ozone/integration-test/target/test-dir/MiniOzoneClusterImpl-0feb3ce4-70f4-42f6-988c-6bd7afad892e/datanode-3/data/ratis/9a2a3759-2bf6-4ccc-aba6-c26997331dd0 does not exist. Creating ...
2019-10-24 15:43:48,067 [2f81ded6-48e6-408d-9409-3cd44f70bee8@group-42AE6B04FFCC-LeaderElection8] INFO  impl.RoleInfo (RoleInfo.java:updateAndGet(143)) - 2f81ded6-48e6-408d-9409-3cd44f70bee8: start LeaderState
2019-10-24 15:43:48,068 [2f81ded6-48e6-408d-9409-3cd44f70bee8@group-42AE6B04FFCC-LeaderElection8] INFO  segmented.SegmentedRaftLogWorker (SegmentedRaftLogWorker.java:startLogSegment(385)) - 2f81ded6-48e6-408d-9409-3cd44f70bee8@group-42AE6B04FFCC-SegmentedRaftLogWorker: Starting segment from index:0
2019-10-24 15:43:48,069 [2f81ded6-48e6-408d-9409-3cd44f70bee8@group-42AE6B04FFCC-LeaderElection8] INFO  impl.RaftServerImpl (ServerState.java:setRaftConf(357)) - 2f81ded6-48e6-408d-9409-3cd44f70bee8@group-42AE6B04FFCC: set configuration 0: [2f81ded6-48e6-408d-9409-3cd44f70bee8:192.168.164.213:36516], old=null at 0
2019-10-24 15:43:48,102 [pool-57-thread-1] INFO  storage.RaftStorageDirectory (RaftStorageDirectory.java:tryLock(328)) - Lock on /workdir/hadoop-ozone/integration-test/target/test-dir/MiniOzoneClusterImpl-0feb3ce4-70f4-42f6-988c-6bd7afad892e/datanode-3/data/ratis/9a2a3759-2bf6-4ccc-aba6-c26997331dd0/in_use.lock acquired by nodename 4821@pr-hdds-2359-djbrp-462585948
2019-10-24 15:43:48,116 [2f81ded6-48e6-408d-9409-3cd44f70bee8@group-42AE6B04FFCC-SegmentedRaftLogWorker] INFO  segmented.SegmentedRaftLogWorker (SegmentedRaftLogWorker.java:execute(576)) - 2f81ded6-48e6-408d-9409-3cd44f70bee8@group-42AE6B04FFCC-SegmentedRaftLogWorker: created new log segment /workdir/hadoop-ozone/integration-test/target/test-dir/MiniOzoneClusterImpl-0feb3ce4-70f4-42f6-988c-6bd7afad892e/datanode-9/data/ratis/554bc3a2-6ef4-453b-b8fc-42ae6b04ffcc/current/log_inprogress_0
2019-10-24 15:43:48,116 [pool-57-thread-1] INFO  storage.RaftStorage (RaftStorage.java:format(84)) - Storage directory /workdir/hadoop-ozone/integration-test/target/test-dir/MiniOzoneClusterImpl-0feb3ce4-70f4-42f6-988c-6bd7afad892e/datanode-3/data/ratis/9a2a3759-2bf6-4ccc-aba6-c26997331dd0 has been successfully formatted.
2019-10-24 15:43:48,116 [pool-57-thread-1] INFO  ratis.ContainerStateMachine (ContainerStateMachine.java:loadSnapshot(231)) - group-C26997331DD0: The snapshot info is null. Setting the last applied indexto:(t:0, i:~)
2019-10-24 15:43:48,117 [pool-57-thread-1] INFO  server.RaftServerConfigKeys (ConfUtils.java:logGet(43)) - raft.server.notification.no-leader.timeout = 120s (custom)
2019-10-24 15:43:48,117 [pool-57-thread-1] INFO  server.RaftServerConfigKeys (ConfUtils.java:logGet(43)) - raft.server.log.use.memory = false (default)
2019-10-24 15:43:48,117 [pool-57-thread-1] INFO  server.RaftServerConfigKeys (ConfUtils.java:logGet(43)) - raft.server.log.purge.gap = 1000000 (custom)
2019-10-24 15:43:48,117 [pool-57-thread-1] INFO  server.RaftServerConfigKeys (ConfUtils.java:logGet(43)) - raft.server.log.appender.buffer.byte-limit = 33554432 (custom)
2019-10-24 15:43:48,117 [pool-57-thread-1] INFO  server.RaftServerConfigKeys (ConfUtils.java:logGet(43)) - raft.server.log.segment.size.max = 1048576 (custom)
2019-10-24 15:43:48,119 [pool-57-thread-1] INFO  server.RaftServerConfigKeys (ConfUtils.java:logGet(43)) - raft.server.log.segment.cache.num.max = 2 (custom)
2019-10-24 15:43:48,119 [pool-57-thread-1] INFO  segmented.SegmentedRaftLogWorker (SegmentedRaftLogWorker.java:<init>(173)) - new 903a1cac-874e-4718-a4f3-e11699c837d0@group-C26997331DD0-SegmentedRaftLogWorker for RaftStorage:Storage Directory /workdir/hadoop-ozone/integration-test/target/test-dir/MiniOzoneClusterImpl-0feb3ce4-70f4-42f6-988c-6bd7afad892e/datanode-3/data/ratis/9a2a3759-2bf6-4ccc-aba6-c26997331dd0
2019-10-24 15:43:48,119 [pool-57-thread-1] INFO  server.RaftServerConfigKeys (ConfUtils.java:logGet(43)) - raft.server.log.queue.byte-limit = 2147483647 (custom)
2019-10-24 15:43:48,119 [pool-57-thread-1] INFO  server.RaftServerConfigKeys (ConfUtils.java:logGet(43)) - raft.server.log.queue.element-limit = 1024 (custom)
2019-10-24 15:43:48,119 [pool-57-thread-1] INFO  server.RaftServerConfigKeys (ConfUtils.java:logGet(43)) - raft.server.log.segment.size.max = 1048576 (custom)
2019-10-24 15:43:48,120 [pool-57-thread-1] INFO  server.RaftServerConfigKeys (ConfUtils.java:logGet(43)) - raft.server.log.preallocated.size = 16384 (custom)
2019-10-24 15:43:48,120 [pool-57-thread-1] INFO  server.RaftServerConfigKeys (ConfUtils.java:logGet(43)) - raft.server.log.write.buffer.size = 33554432 (custom)
2019-10-24 15:43:48,120 [pool-57-thread-1] INFO  server.RaftServerConfigKeys (ConfUtils.java:logGet(43)) - raft.server.log.force.sync.num = 128 (default)
2019-10-24 15:43:48,120 [pool-57-thread-1] INFO  server.RaftServerConfigKeys (ConfUtils.java:logGet(43)) - raft.server.log.statemachine.data.sync = true (default)
2019-10-24 15:43:48,120 [pool-57-thread-1] INFO  server.RaftServerConfigKeys (ConfUtils.java:logGet(43)) - raft.server.log.statemachine.data.sync.timeout = 10s (default)
2019-10-24 15:43:48,120 [pool-57-thread-1] INFO  server.RaftServerConfigKeys (ConfUtils.java:logGet(43)) - raft.server.log.statemachine.data.sync.timeout.retry = -1 (default)
2019-10-24 15:43:48,120 [pool-57-thread-1] INFO  server.RaftServerConfigKeys (ConfUtils.java:logGet(43)) - raft.server.log.statemachine.data.caching.enabled = true (custom)
2019-10-24 15:43:48,121 [pool-57-thread-1] INFO  segmented.SegmentedRaftLogWorker (SegmentedRaftLogWorker.java:lambda$new$0(128)) - 903a1cac-874e-4718-a4f3-e11699c837d0@group-C26997331DD0-SegmentedRaftLogWorker: flushIndex: setUnconditionally 0 -> -1
2019-10-24 15:43:48,121 [pool-57-thread-1] INFO  server.RaftServerConfigKeys (ConfUtils.java:logGet(43)) - raft.server.snapshot.auto.trigger.enabled = true (custom)
2019-10-24 15:43:48,121 [pool-57-thread-1] INFO  server.RaftServerConfigKeys (ConfUtils.java:logGet(43)) - raft.server.snapshot.auto.trigger.threshold = 10000 (custom)
2019-10-24 15:43:48,121 [pool-57-thread-1] INFO  server.RaftServerConfigKeys (ConfUtils.java:logGet(43)) - raft.server.snapshot.retention.file.num = 5 (custom)
2019-10-24 15:43:48,121 [pool-57-thread-1] INFO  server.RaftServerConfigKeys (ConfUtils.java:logGet(43)) - raft.server.retrycache.expirytime = 600000ms (custom)
2019-10-24 15:43:48,124 [pool-57-thread-1] INFO  impl.RaftServerImpl (RaftServerImpl.java:start(195)) - 903a1cac-874e-4718-a4f3-e11699c837d0@group-C26997331DD0: start as a follower, conf=-1: [903a1cac-874e-4718-a4f3-e11699c837d0:192.168.164.213:41438], old=null
2019-10-24 15:43:48,124 [pool-57-thread-1] INFO  impl.RaftServerImpl (RaftServerImpl.java:setRole(184)) - 903a1cac-874e-4718-a4f3-e11699c837d0@group-C26997331DD0: changes role from      null to FOLLOWER at term 0 for startAsFollower
2019-10-24 15:43:48,124 [pool-57-thread-1] INFO  impl.RoleInfo (RoleInfo.java:updateAndGet(143)) - 903a1cac-874e-4718-a4f3-e11699c837d0: start FollowerState
2019-10-24 15:43:48,125 [pool-57-thread-1] INFO  util.JmxRegister (JmxRegister.java:tryRegister(44)) - Successfully registered JMX Bean with object name Ratis:service=RaftServer,group=group-C26997331DD0,id=903a1cac-874e-4718-a4f3-e11699c837d0
2019-10-24 15:43:48,142 [RatisPipelineUtilsThread] INFO  pipeline.PipelineStateManager (PipelineStateManager.java:addPipeline(56)) - Created pipeline Pipeline[ Id: 9a2a3759-2bf6-4ccc-aba6-c26997331dd0, Nodes: 903a1cac-874e-4718-a4f3-e11699c837d0{ip: 192.168.164.213, host: pr-hdds-2359-djbrp-462585948, networkLocation: /default-rack, certSerialId: null}, Type:RATIS, Factor:ONE, State:OPEN]
2019-10-24 15:43:48,162 [Thread-329] INFO  impl.FollowerState (FollowerState.java:run(108)) - 903a1cac-874e-4718-a4f3-e11699c837d0@group-C26997331DD0-FollowerState: change to CANDIDATE, lastRpcTime:37ms, electionTimeout:36ms
2019-10-24 15:43:48,162 [Thread-329] INFO  impl.RoleInfo (RoleInfo.java:shutdownFollowerState(121)) - 903a1cac-874e-4718-a4f3-e11699c837d0: shutdown FollowerState
2019-10-24 15:43:48,163 [Thread-329] INFO  impl.RaftServerImpl (RaftServerImpl.java:setRole(184)) - 903a1cac-874e-4718-a4f3-e11699c837d0@group-C26997331DD0: changes role from  FOLLOWER to CANDIDATE at term 0 for changeToCandidate
2019-10-24 15:43:48,166 [Thread-329] INFO  impl.RoleInfo (RoleInfo.java:updateAndGet(143)) - 903a1cac-874e-4718-a4f3-e11699c837d0: start LeaderElection
2019-10-24 15:43:48,182 [grpc-default-executor-2] INFO  impl.RaftServerProxy (RaftServerProxy.java:addNew(89)) - abb8132e-b90b-4ab3-abdd-91ffef5e5962: addNew group-D6115FD00A99:[876b8685-e2e6-4b2b-9f0d-f9ddcb91e852:192.168.164.213:33356, 131ee32b-eb71-4a4b-82eb-895fd06b61f2:192.168.164.213:38159, abb8132e-b90b-4ab3-abdd-91ffef5e5962:192.168.164.213:45083] returns group-D6115FD00A99:java.util.concurrent.CompletableFuture@4c652127[Not completed]
2019-10-24 15:43:48,185 [grpc-default-executor-0] INFO  impl.RaftServerProxy (RaftServerProxy.java:addNew(89)) - 876b8685-e2e6-4b2b-9f0d-f9ddcb91e852: addNew group-D6115FD00A99:[876b8685-e2e6-4b2b-9f0d-f9ddcb91e852:192.168.164.213:33356, 131ee32b-eb71-4a4b-82eb-895fd06b61f2:192.168.164.213:38159, abb8132e-b90b-4ab3-abdd-91ffef5e5962:192.168.164.213:45083] returns group-D6115FD00A99:java.util.concurrent.CompletableFuture@4bbf5a03[Not completed]
2019-10-24 15:43:48,185 [grpc-default-executor-2] INFO  impl.RaftServerProxy (RaftServerProxy.java:addNew(89)) - 131ee32b-eb71-4a4b-82eb-895fd06b61f2: addNew group-D6115FD00A99:[876b8685-e2e6-4b2b-9f0d-f9ddcb91e852:192.168.164.213:33356, 131ee32b-eb71-4a4b-82eb-895fd06b61f2:192.168.164.213:38159, abb8132e-b90b-4ab3-abdd-91ffef5e5962:192.168.164.213:45083] returns group-D6115FD00A99:java.util.concurrent.CompletableFuture@d582b1c[Not completed]
2019-10-24 15:43:48,185 [pool-107-thread-1] INFO  impl.RaftServerImpl (RaftServerImpl.java:<init>(104)) - abb8132e-b90b-4ab3-abdd-91ffef5e5962: new RaftServerImpl for group-D6115FD00A99:[876b8685-e2e6-4b2b-9f0d-f9ddcb91e852:192.168.164.213:33356, 131ee32b-eb71-4a4b-82eb-895fd06b61f2:192.168.164.213:38159, abb8132e-b90b-4ab3-abdd-91ffef5e5962:192.168.164.213:45083] with ContainerStateMachine:uninitialized
2019-10-24 15:43:48,186 [pool-107-thread-1] INFO  server.RaftServerConfigKeys (ConfUtils.java:logGet(43)) - raft.server.rpc.timeout.min = 1s (custom)
2019-10-24 15:43:48,186 [pool-107-thread-1] INFO  server.RaftServerConfigKeys (ConfUtils.java:logGet(43)) - raft.server.rpc.timeout.max = 1200ms (custom)
2019-10-24 15:43:48,186 [pool-107-thread-1] INFO  server.RaftServerConfigKeys (ConfUtils.java:logGet(43)) - raft.server.rpcslowness.timeout = 120s (custom)
2019-10-24 15:43:48,186 [903a1cac-874e-4718-a4f3-e11699c837d0@group-C26997331DD0-LeaderElection9] INFO  impl.LeaderElection (LeaderElection.java:askForVotes(178)) - 903a1cac-874e-4718-a4f3-e11699c837d0@group-C26997331DD0-LeaderElection9: begin an election at term 1 for -1: [903a1cac-874e-4718-a4f3-e11699c837d0:192.168.164.213:41438], old=null
2019-10-24 15:43:48,186 [pool-107-thread-1] INFO  server.RaftServerConfigKeys (ConfUtils.java:logGet(43)) - raft.server.sleep.deviation.threshold = 300 (default)
2019-10-24 15:43:48,186 [903a1cac-874e-4718-a4f3-e11699c837d0@group-C26997331DD0-LeaderElection9] INFO  impl.RoleInfo (RoleInfo.java:shutdownLeaderElection(134)) - 903a1cac-874e-4718-a4f3-e11699c837d0: shutdown LeaderElection
2019-10-24 15:43:48,186 [pool-77-thread-1] INFO  impl.RaftServerImpl (RaftServerImpl.java:<init>(104)) - 876b8685-e2e6-4b2b-9f0d-f9ddcb91e852: new RaftServerImpl for group-D6115FD00A99:[876b8685-e2e6-4b2b-9f0d-f9ddcb91e852:192.168.164.213:33356, 131ee32b-eb71-4a4b-82eb-895fd06b61f2:192.168.164.213:38159, abb8132e-b90b-4ab3-abdd-91ffef5e5962:192.168.164.213:45083] with ContainerStateMachine:uninitialized
2019-10-24 15:43:48,187 [903a1cac-874e-4718-a4f3-e11699c837d0@group-C26997331DD0-LeaderElection9] INFO  impl.RaftServerImpl (RaftServerImpl.java:setRole(184)) - 903a1cac-874e-4718-a4f3-e11699c837d0@group-C26997331DD0: changes role from CANDIDATE to LEADER at term 1 for changeToLeader
2019-10-24 15:43:48,187 [pool-77-thread-1] INFO  server.RaftServerConfigKeys (ConfUtils.java:logGet(43)) - raft.server.rpc.timeout.min = 1s (custom)
2019-10-24 15:43:48,186 [pool-107-thread-1] INFO  server.RaftServerConfigKeys (ConfUtils.java:logGet(43)) - raft.server.log.appender.install.snapshot.enabled = false (custom)
2019-10-24 15:43:48,187 [pool-77-thread-1] INFO  server.RaftServerConfigKeys (ConfUtils.java:logGet(43)) - raft.server.rpc.timeout.max = 1200ms (custom)
2019-10-24 15:43:48,187 [pool-47-thread-1] INFO  impl.RaftServerImpl (RaftServerImpl.java:<init>(104)) - 131ee32b-eb71-4a4b-82eb-895fd06b61f2: new RaftServerImpl for group-D6115FD00A99:[876b8685-e2e6-4b2b-9f0d-f9ddcb91e852:192.168.164.213:33356, 131ee32b-eb71-4a4b-82eb-895fd06b61f2:192.168.164.213:38159, abb8132e-b90b-4ab3-abdd-91ffef5e5962:192.168.164.213:45083] with ContainerStateMachine:uninitialized
2019-10-24 15:43:48,187 [903a1cac-874e-4718-a4f3-e11699c837d0@group-C26997331DD0-LeaderElection9] INFO  impl.RaftServerImpl (ServerState.java:setLeader(256)) - 903a1cac-874e-4718-a4f3-e11699c837d0@group-C26997331DD0: change Leader from null to 903a1cac-874e-4718-a4f3-e11699c837d0 at term 1 for becomeLeader, leader elected after 70ms
2019-10-24 15:43:48,187 [pool-47-thread-1] INFO  server.RaftServerConfigKeys (ConfUtils.java:logGet(43)) - raft.server.rpc.timeout.min = 1s (custom)
2019-10-24 15:43:48,187 [pool-77-thread-1] INFO  server.RaftServerConfigKeys (ConfUtils.java:logGet(43)) - raft.server.rpcslowness.timeout = 120s (custom)
2019-10-24 15:43:48,187 [pool-107-thread-1] INFO  impl.RaftServerImpl (ServerState.java:<init>(103)) - abb8132e-b90b-4ab3-abdd-91ffef5e5962@group-D6115FD00A99: ConfigurationManager, init=-1: [876b8685-e2e6-4b2b-9f0d-f9ddcb91e852:192.168.164.213:33356, 131ee32b-eb71-4a4b-82eb-895fd06b61f2:192.168.164.213:38159, abb8132e-b90b-4ab3-abdd-91ffef5e5962:192.168.164.213:45083], old=null, confs=<EMPTY_MAP>
2019-10-24 15:43:48,187 [pool-77-thread-1] INFO  server.RaftServerConfigKeys (ConfUtils.java:logGet(43)) - raft.server.sleep.deviation.threshold = 300 (default)
2019-10-24 15:43:48,187 [pool-47-thread-1] INFO  server.RaftServerConfigKeys (ConfUtils.java:logGet(43)) - raft.server.rpc.timeout.max = 1200ms (custom)
2019-10-24 15:43:48,187 [903a1cac-874e-4718-a4f3-e11699c837d0@group-C26997331DD0-LeaderElection9] INFO  server.RaftServerConfigKeys (ConfUtils.java:logGet(43)) - raft.server.staging.catchup.gap = 1000 (default)
2019-10-24 15:43:48,188 [pool-47-thread-1] INFO  server.RaftServerConfigKeys (ConfUtils.java:logGet(43)) - raft.server.rpcslowness.timeout = 120s (custom)
2019-10-24 15:43:48,188 [pool-107-thread-1] INFO  server.RaftServerConfigKeys (ConfUtils.java:logGet(43)) - raft.server.storage.dir = [/workdir/hadoop-ozone/integration-test/target/test-dir/MiniOzoneClusterImpl-0feb3ce4-70f4-42f6-988c-6bd7afad892e/datanode-8/data/ratis] (custom)
2019-10-24 15:43:48,188 [pool-77-thread-1] INFO  server.RaftServerConfigKeys (ConfUtils.java:logGet(43)) - raft.server.log.appender.install.snapshot.enabled = false (custom)
2019-10-24 15:43:48,188 [pool-47-thread-1] INFO  server.RaftServerConfigKeys (ConfUtils.java:logGet(43)) - raft.server.sleep.deviation.threshold = 300 (default)
2019-10-24 15:43:48,188 [903a1cac-874e-4718-a4f3-e11699c837d0@group-C26997331DD0-LeaderElection9] INFO  server.RaftServerConfigKeys (ConfUtils.java:logGet(43)) - raft.server.rpc.sleep.time = 25ms (default)
2019-10-24 15:43:48,188 [pool-107-thread-1] INFO  server.RaftServerConfigKeys (ConfUtils.java:logGet(43)) - raft.server.log.corruption.policy = EXCEPTION (default)
2019-10-24 15:43:48,188 [pool-47-thread-1] INFO  server.RaftServerConfigKeys (ConfUtils.java:logGet(43)) - raft.server.log.appender.install.snapshot.enabled = false (custom)
2019-10-24 15:43:48,188 [pool-77-thread-1] INFO  impl.RaftServerImpl (ServerState.java:<init>(103)) - 876b8685-e2e6-4b2b-9f0d-f9ddcb91e852@group-D6115FD00A99: ConfigurationManager, init=-1: [876b8685-e2e6-4b2b-9f0d-f9ddcb91e852:192.168.164.213:33356, 131ee32b-eb71-4a4b-82eb-895fd06b61f2:192.168.164.213:38159, abb8132e-b90b-4ab3-abdd-91ffef5e5962:192.168.164.213:45083], old=null, confs=<EMPTY_MAP>
2019-10-24 15:43:48,189 [pool-107-thread-1] INFO  storage.RaftStorageDirectory (RaftStorageDirectory.java:analyzeStorage(246)) - The storage directory /workdir/hadoop-ozone/integration-test/target/test-dir/MiniOzoneClusterImpl-0feb3ce4-70f4-42f6-988c-6bd7afad892e/datanode-8/data/ratis/029cd483-b1e5-49b9-bdf9-d6115fd00a99 does not exist. Creating ...
2019-10-24 15:43:48,189 [pool-77-thread-1] INFO  server.RaftServerConfigKeys (ConfUtils.java:logGet(43)) - raft.server.storage.dir = [/workdir/hadoop-ozone/integration-test/target/test-dir/MiniOzoneClusterImpl-0feb3ce4-70f4-42f6-988c-6bd7afad892e/datanode-5/data/ratis] (custom)
2019-10-24 15:43:48,189 [pool-47-thread-1] INFO  impl.RaftServerImpl (ServerState.java:<init>(103)) - 131ee32b-eb71-4a4b-82eb-895fd06b61f2@group-D6115FD00A99: ConfigurationManager, init=-1: [876b8685-e2e6-4b2b-9f0d-f9ddcb91e852:192.168.164.213:33356, 131ee32b-eb71-4a4b-82eb-895fd06b61f2:192.168.164.213:38159, abb8132e-b90b-4ab3-abdd-91ffef5e5962:192.168.164.213:45083], old=null, confs=<EMPTY_MAP>
2019-10-24 15:43:48,189 [903a1cac-874e-4718-a4f3-e11699c837d0@group-C26997331DD0-LeaderElection9] INFO  server.RaftServerConfigKeys (ConfUtils.java:logGet(43)) - raft.server.write.element-limit = 4096 (default)
2019-10-24 15:43:48,189 [pool-47-thread-1] INFO  server.RaftServerConfigKeys (ConfUtils.java:logGet(43)) - raft.server.storage.dir = [/workdir/hadoop-ozone/integration-test/target/test-dir/MiniOzoneClusterImpl-0feb3ce4-70f4-42f6-988c-6bd7afad892e/datanode-2/data/ratis] (custom)
2019-10-24 15:43:48,189 [pool-77-thread-1] INFO  server.RaftServerConfigKeys (ConfUtils.java:logGet(43)) - raft.server.log.corruption.policy = EXCEPTION (default)
2019-10-24 15:43:48,189 [Thread-324] INFO  impl.FollowerState (FollowerState.java:run(108)) - 3a65ecdf-e32f-4548-a2e5-44ab823c11b3@group-A4A6BF8F8CFA-FollowerState: change to CANDIDATE, lastRpcTime:176ms, electionTimeout:176ms
2019-10-24 15:43:48,190 [pool-47-thread-1] INFO  server.RaftServerConfigKeys (ConfUtils.java:logGet(43)) - raft.server.log.corruption.policy = EXCEPTION (default)
2019-10-24 15:43:48,189 [903a1cac-874e-4718-a4f3-e11699c837d0@group-C26997331DD0-LeaderElection9] INFO  server.RaftServerConfigKeys (ConfUtils.java:logGet(43)) - raft.server.watch.timeout = 10s (default)
2019-10-24 15:43:48,190 [pool-47-thread-1] INFO  storage.RaftStorageDirectory (RaftStorageDirectory.java:analyzeStorage(246)) - The storage directory /workdir/hadoop-ozone/integration-test/target/test-dir/MiniOzoneClusterImpl-0feb3ce4-70f4-42f6-988c-6bd7afad892e/datanode-2/data/ratis/029cd483-b1e5-49b9-bdf9-d6115fd00a99 does not exist. Creating ...
2019-10-24 15:43:48,190 [Thread-324] INFO  impl.RoleInfo (RoleInfo.java:shutdownFollowerState(121)) - 3a65ecdf-e32f-4548-a2e5-44ab823c11b3: shutdown FollowerState
2019-10-24 15:43:48,190 [pool-77-thread-1] INFO  storage.RaftStorageDirectory (RaftStorageDirectory.java:analyzeStorage(246)) - The storage directory /workdir/hadoop-ozone/integration-test/target/test-dir/MiniOzoneClusterImpl-0feb3ce4-70f4-42f6-988c-6bd7afad892e/datanode-5/data/ratis/029cd483-b1e5-49b9-bdf9-d6115fd00a99 does not exist. Creating ...
2019-10-24 15:43:48,190 [Thread-324] INFO  impl.RaftServerImpl (RaftServerImpl.java:setRole(184)) - 3a65ecdf-e32f-4548-a2e5-44ab823c11b3@group-A4A6BF8F8CFA: changes role from  FOLLOWER to CANDIDATE at term 0 for changeToCandidate
2019-10-24 15:43:48,190 [903a1cac-874e-4718-a4f3-e11699c837d0@group-C26997331DD0-LeaderElection9] INFO  server.RaftServerConfigKeys (ConfUtils.java:logGet(43)) - raft.server.watch.timeout.denomination = 1s (default)
2019-10-24 15:43:48,190 [Thread-324] INFO  impl.RoleInfo (RoleInfo.java:updateAndGet(143)) - 3a65ecdf-e32f-4548-a2e5-44ab823c11b3: start LeaderElection
2019-10-24 15:43:48,190 [903a1cac-874e-4718-a4f3-e11699c837d0@group-C26997331DD0-LeaderElection9] INFO  server.RaftServerConfigKeys (ConfUtils.java:logGet(43)) - raft.server.watch.element-limit = 65536 (default)
2019-10-24 15:43:48,199 [903a1cac-874e-4718-a4f3-e11699c837d0@group-C26997331DD0-LeaderElection9] INFO  impl.RoleInfo (RoleInfo.java:updateAndGet(143)) - 903a1cac-874e-4718-a4f3-e11699c837d0: start LeaderState
2019-10-24 15:43:48,199 [903a1cac-874e-4718-a4f3-e11699c837d0@group-C26997331DD0-LeaderElection9] INFO  segmented.SegmentedRaftLogWorker (SegmentedRaftLogWorker.java:startLogSegment(385)) - 903a1cac-874e-4718-a4f3-e11699c837d0@group-C26997331DD0-SegmentedRaftLogWorker: Starting segment from index:0
2019-10-24 15:43:48,200 [903a1cac-874e-4718-a4f3-e11699c837d0@group-C26997331DD0-LeaderElection9] INFO  impl.RaftServerImpl (ServerState.java:setRaftConf(357)) - 903a1cac-874e-4718-a4f3-e11699c837d0@group-C26997331DD0: set configuration 0: [903a1cac-874e-4718-a4f3-e11699c837d0:192.168.164.213:41438], old=null at 0
2019-10-24 15:43:48,202 [pool-47-thread-1] INFO  storage.RaftStorageDirectory (RaftStorageDirectory.java:tryLock(328)) - Lock on /workdir/hadoop-ozone/integration-test/target/test-dir/MiniOzoneClusterImpl-0feb3ce4-70f4-42f6-988c-6bd7afad892e/datanode-2/data/ratis/029cd483-b1e5-49b9-bdf9-d6115fd00a99/in_use.lock acquired by nodename 4821@pr-hdds-2359-djbrp-462585948
2019-10-24 15:43:48,202 [pool-77-thread-1] INFO  storage.RaftStorageDirectory (RaftStorageDirectory.java:tryLock(328)) - Lock on /workdir/hadoop-ozone/integration-test/target/test-dir/MiniOzoneClusterImpl-0feb3ce4-70f4-42f6-988c-6bd7afad892e/datanode-5/data/ratis/029cd483-b1e5-49b9-bdf9-d6115fd00a99/in_use.lock acquired by nodename 4821@pr-hdds-2359-djbrp-462585948
2019-10-24 15:43:48,202 [pool-107-thread-1] INFO  storage.RaftStorageDirectory (RaftStorageDirectory.java:tryLock(328)) - Lock on /workdir/hadoop-ozone/integration-test/target/test-dir/MiniOzoneClusterImpl-0feb3ce4-70f4-42f6-988c-6bd7afad892e/datanode-8/data/ratis/029cd483-b1e5-49b9-bdf9-d6115fd00a99/in_use.lock acquired by nodename 4821@pr-hdds-2359-djbrp-462585948
2019-10-24 15:43:48,203 [3a65ecdf-e32f-4548-a2e5-44ab823c11b3@group-A4A6BF8F8CFA-LeaderElection10] INFO  impl.LeaderElection (LeaderElection.java:askForVotes(178)) - 3a65ecdf-e32f-4548-a2e5-44ab823c11b3@group-A4A6BF8F8CFA-LeaderElection10: begin an election at term 1 for -1: [3a65ecdf-e32f-4548-a2e5-44ab823c11b3:192.168.164.213:44036], old=null
2019-10-24 15:43:48,203 [3a65ecdf-e32f-4548-a2e5-44ab823c11b3@group-A4A6BF8F8CFA-LeaderElection10] INFO  impl.RoleInfo (RoleInfo.java:shutdownLeaderElection(134)) - 3a65ecdf-e32f-4548-a2e5-44ab823c11b3: shutdown LeaderElection
2019-10-24 15:43:48,203 [3a65ecdf-e32f-4548-a2e5-44ab823c11b3@group-A4A6BF8F8CFA-LeaderElection10] INFO  impl.RaftServerImpl (RaftServerImpl.java:setRole(184)) - 3a65ecdf-e32f-4548-a2e5-44ab823c11b3@group-A4A6BF8F8CFA: changes role from CANDIDATE to LEADER at term 1 for changeToLeader
2019-10-24 15:43:48,203 [3a65ecdf-e32f-4548-a2e5-44ab823c11b3@group-A4A6BF8F8CFA-LeaderElection10] INFO  impl.RaftServerImpl (ServerState.java:setLeader(256)) - 3a65ecdf-e32f-4548-a2e5-44ab823c11b3@group-A4A6BF8F8CFA: change Leader from null to 3a65ecdf-e32f-4548-a2e5-44ab823c11b3 at term 1 for becomeLeader, leader elected after 198ms
2019-10-24 15:43:48,203 [3a65ecdf-e32f-4548-a2e5-44ab823c11b3@group-A4A6BF8F8CFA-LeaderElection10] INFO  server.RaftServerConfigKeys (ConfUtils.java:logGet(43)) - raft.server.staging.catchup.gap = 1000 (default)
2019-10-24 15:43:48,203 [3a65ecdf-e32f-4548-a2e5-44ab823c11b3@group-A4A6BF8F8CFA-LeaderElection10] INFO  server.RaftServerConfigKeys (ConfUtils.java:logGet(43)) - raft.server.rpc.sleep.time = 25ms (default)
2019-10-24 15:43:48,204 [3a65ecdf-e32f-4548-a2e5-44ab823c11b3@group-A4A6BF8F8CFA-LeaderElection10] INFO  server.RaftServerConfigKeys (ConfUtils.java:logGet(43)) - raft.server.write.element-limit = 4096 (default)
2019-10-24 15:43:48,204 [3a65ecdf-e32f-4548-a2e5-44ab823c11b3@group-A4A6BF8F8CFA-LeaderElection10] INFO  server.RaftServerConfigKeys (ConfUtils.java:logGet(43)) - raft.server.watch.timeout = 10s (default)
2019-10-24 15:43:48,204 [3a65ecdf-e32f-4548-a2e5-44ab823c11b3@group-A4A6BF8F8CFA-LeaderElection10] INFO  server.RaftServerConfigKeys (ConfUtils.java:logGet(43)) - raft.server.watch.timeout.denomination = 1s (default)
2019-10-24 15:43:48,204 [3a65ecdf-e32f-4548-a2e5-44ab823c11b3@group-A4A6BF8F8CFA-LeaderElection10] INFO  server.RaftServerConfigKeys (ConfUtils.java:logGet(43)) - raft.server.watch.element-limit = 65536 (default)
2019-10-24 15:43:48,206 [3a65ecdf-e32f-4548-a2e5-44ab823c11b3@group-A4A6BF8F8CFA-LeaderElection10] INFO  impl.RoleInfo (RoleInfo.java:updateAndGet(143)) - 3a65ecdf-e32f-4548-a2e5-44ab823c11b3: start LeaderState
2019-10-24 15:43:48,206 [3a65ecdf-e32f-4548-a2e5-44ab823c11b3@group-A4A6BF8F8CFA-LeaderElection10] INFO  segmented.SegmentedRaftLogWorker (SegmentedRaftLogWorker.java:startLogSegment(385)) - 3a65ecdf-e32f-4548-a2e5-44ab823c11b3@group-A4A6BF8F8CFA-SegmentedRaftLogWorker: Starting segment from index:0
2019-10-24 15:43:48,207 [3a65ecdf-e32f-4548-a2e5-44ab823c11b3@group-A4A6BF8F8CFA-LeaderElection10] INFO  impl.RaftServerImpl (ServerState.java:setRaftConf(357)) - 3a65ecdf-e32f-4548-a2e5-44ab823c11b3@group-A4A6BF8F8CFA: set configuration 0: [3a65ecdf-e32f-4548-a2e5-44ab823c11b3:192.168.164.213:44036], old=null at 0
2019-10-24 15:43:48,234 [pool-77-thread-1] INFO  storage.RaftStorage (RaftStorage.java:format(84)) - Storage directory /workdir/hadoop-ozone/integration-test/target/test-dir/MiniOzoneClusterImpl-0feb3ce4-70f4-42f6-988c-6bd7afad892e/datanode-5/data/ratis/029cd483-b1e5-49b9-bdf9-d6115fd00a99 has been successfully formatted.
2019-10-24 15:43:48,234 [pool-107-thread-1] INFO  storage.RaftStorage (RaftStorage.java:format(84)) - Storage directory /workdir/hadoop-ozone/integration-test/target/test-dir/MiniOzoneClusterImpl-0feb3ce4-70f4-42f6-988c-6bd7afad892e/datanode-8/data/ratis/029cd483-b1e5-49b9-bdf9-d6115fd00a99 has been successfully formatted.
2019-10-24 15:43:48,234 [pool-77-thread-1] INFO  ratis.ContainerStateMachine (ContainerStateMachine.java:loadSnapshot(231)) - group-D6115FD00A99: The snapshot info is null. Setting the last applied indexto:(t:0, i:~)
2019-10-24 15:43:48,234 [pool-47-thread-1] INFO  storage.RaftStorage (RaftStorage.java:format(84)) - Storage directory /workdir/hadoop-ozone/integration-test/target/test-dir/MiniOzoneClusterImpl-0feb3ce4-70f4-42f6-988c-6bd7afad892e/datanode-2/data/ratis/029cd483-b1e5-49b9-bdf9-d6115fd00a99 has been successfully formatted.
2019-10-24 15:43:48,235 [pool-77-thread-1] INFO  server.RaftServerConfigKeys (ConfUtils.java:logGet(43)) - raft.server.notification.no-leader.timeout = 120s (custom)
2019-10-24 15:43:48,235 [pool-107-thread-1] INFO  ratis.ContainerStateMachine (ContainerStateMachine.java:loadSnapshot(231)) - group-D6115FD00A99: The snapshot info is null. Setting the last applied indexto:(t:0, i:~)
2019-10-24 15:43:48,235 [pool-77-thread-1] INFO  server.RaftServerConfigKeys (ConfUtils.java:logGet(43)) - raft.server.log.use.memory = false (default)
2019-10-24 15:43:48,235 [pool-47-thread-1] INFO  ratis.ContainerStateMachine (ContainerStateMachine.java:loadSnapshot(231)) - group-D6115FD00A99: The snapshot info is null. Setting the last applied indexto:(t:0, i:~)
2019-10-24 15:43:48,235 [pool-77-thread-1] INFO  server.RaftServerConfigKeys (ConfUtils.java:logGet(43)) - raft.server.log.purge.gap = 1000000 (custom)
2019-10-24 15:43:48,235 [pool-107-thread-1] INFO  server.RaftServerConfigKeys (ConfUtils.java:logGet(43)) - raft.server.notification.no-leader.timeout = 120s (custom)
2019-10-24 15:43:48,235 [pool-77-thread-1] INFO  server.RaftServerConfigKeys (ConfUtils.java:logGet(43)) - raft.server.log.appender.buffer.byte-limit = 33554432 (custom)
2019-10-24 15:43:48,235 [pool-47-thread-1] INFO  server.RaftServerConfigKeys (ConfUtils.java:logGet(43)) - raft.server.notification.no-leader.timeout = 120s (custom)
2019-10-24 15:43:48,236 [pool-77-thread-1] INFO  server.RaftServerConfigKeys (ConfUtils.java:logGet(43)) - raft.server.log.segment.size.max = 1048576 (custom)
2019-10-24 15:43:48,235 [pool-107-thread-1] INFO  server.RaftServerConfigKeys (ConfUtils.java:logGet(43)) - raft.server.log.use.memory = false (default)
2019-10-24 15:43:48,236 [pool-77-thread-1] INFO  server.RaftServerConfigKeys (ConfUtils.java:logGet(43)) - raft.server.log.segment.cache.num.max = 2 (custom)
2019-10-24 15:43:48,236 [pool-107-thread-1] INFO  server.RaftServerConfigKeys (ConfUtils.java:logGet(43)) - raft.server.log.purge.gap = 1000000 (custom)
2019-10-24 15:43:48,236 [pool-47-thread-1] INFO  server.RaftServerConfigKeys (ConfUtils.java:logGet(43)) - raft.server.log.use.memory = false (default)
2019-10-24 15:43:48,236 [pool-107-thread-1] INFO  server.RaftServerConfigKeys (ConfUtils.java:logGet(43)) - raft.server.log.appender.buffer.byte-limit = 33554432 (custom)
2019-10-24 15:43:48,236 [pool-77-thread-1] INFO  segmented.SegmentedRaftLogWorker (SegmentedRaftLogWorker.java:<init>(173)) - new 876b8685-e2e6-4b2b-9f0d-f9ddcb91e852@group-D6115FD00A99-SegmentedRaftLogWorker for RaftStorage:Storage Directory /workdir/hadoop-ozone/integration-test/target/test-dir/MiniOzoneClusterImpl-0feb3ce4-70f4-42f6-988c-6bd7afad892e/datanode-5/data/ratis/029cd483-b1e5-49b9-bdf9-d6115fd00a99
2019-10-24 15:43:48,237 [pool-107-thread-1] INFO  server.RaftServerConfigKeys (ConfUtils.java:logGet(43)) - raft.server.log.segment.size.max = 1048576 (custom)
2019-10-24 15:43:48,236 [pool-47-thread-1] INFO  server.RaftServerConfigKeys (ConfUtils.java:logGet(43)) - raft.server.log.purge.gap = 1000000 (custom)
2019-10-24 15:43:48,237 [pool-107-thread-1] INFO  server.RaftServerConfigKeys (ConfUtils.java:logGet(43)) - raft.server.log.segment.cache.num.max = 2 (custom)
2019-10-24 15:43:48,237 [pool-77-thread-1] INFO  server.RaftServerConfigKeys (ConfUtils.java:logGet(43)) - raft.server.log.queue.byte-limit = 2147483647 (custom)
2019-10-24 15:43:48,237 [pool-107-thread-1] INFO  segmented.SegmentedRaftLogWorker (SegmentedRaftLogWorker.java:<init>(173)) - new abb8132e-b90b-4ab3-abdd-91ffef5e5962@group-D6115FD00A99-SegmentedRaftLogWorker for RaftStorage:Storage Directory /workdir/hadoop-ozone/integration-test/target/test-dir/MiniOzoneClusterImpl-0feb3ce4-70f4-42f6-988c-6bd7afad892e/datanode-8/data/ratis/029cd483-b1e5-49b9-bdf9-d6115fd00a99
2019-10-24 15:43:48,237 [pool-47-thread-1] INFO  server.RaftServerConfigKeys (ConfUtils.java:logGet(43)) - raft.server.log.appender.buffer.byte-limit = 33554432 (custom)
2019-10-24 15:43:48,237 [pool-107-thread-1] INFO  server.RaftServerConfigKeys (ConfUtils.java:logGet(43)) - raft.server.log.queue.byte-limit = 2147483647 (custom)
2019-10-24 15:43:48,237 [pool-77-thread-1] INFO  server.RaftServerConfigKeys (ConfUtils.java:logGet(43)) - raft.server.log.queue.element-limit = 1024 (custom)
2019-10-24 15:43:48,238 [pool-107-thread-1] INFO  server.RaftServerConfigKeys (ConfUtils.java:logGet(43)) - raft.server.log.queue.element-limit = 1024 (custom)
2019-10-24 15:43:48,238 [pool-47-thread-1] INFO  server.RaftServerConfigKeys (ConfUtils.java:logGet(43)) - raft.server.log.segment.size.max = 1048576 (custom)
2019-10-24 15:43:48,238 [pool-107-thread-1] INFO  server.RaftServerConfigKeys (ConfUtils.java:logGet(43)) - raft.server.log.segment.size.max = 1048576 (custom)
2019-10-24 15:43:48,238 [pool-77-thread-1] INFO  server.RaftServerConfigKeys (ConfUtils.java:logGet(43)) - raft.server.log.segment.size.max = 1048576 (custom)
2019-10-24 15:43:48,238 [pool-107-thread-1] INFO  server.RaftServerConfigKeys (ConfUtils.java:logGet(43)) - raft.server.log.preallocated.size = 16384 (custom)
2019-10-24 15:43:48,238 [pool-47-thread-1] INFO  server.RaftServerConfigKeys (ConfUtils.java:logGet(43)) - raft.server.log.segment.cache.num.max = 2 (custom)
2019-10-24 15:43:48,239 [pool-107-thread-1] INFO  server.RaftServerConfigKeys (ConfUtils.java:logGet(43)) - raft.server.log.write.buffer.size = 33554432 (custom)
2019-10-24 15:43:48,238 [pool-77-thread-1] INFO  server.RaftServerConfigKeys (ConfUtils.java:logGet(43)) - raft.server.log.preallocated.size = 16384 (custom)
2019-10-24 15:43:48,239 [pool-107-thread-1] INFO  server.RaftServerConfigKeys (ConfUtils.java:logGet(43)) - raft.server.log.force.sync.num = 128 (default)
2019-10-24 15:43:48,239 [pool-47-thread-1] INFO  segmented.SegmentedRaftLogWorker (SegmentedRaftLogWorker.java:<init>(173)) - new 131ee32b-eb71-4a4b-82eb-895fd06b61f2@group-D6115FD00A99-SegmentedRaftLogWorker for RaftStorage:Storage Directory /workdir/hadoop-ozone/integration-test/target/test-dir/MiniOzoneClusterImpl-0feb3ce4-70f4-42f6-988c-6bd7afad892e/datanode-2/data/ratis/029cd483-b1e5-49b9-bdf9-d6115fd00a99
2019-10-24 15:43:48,239 [pool-107-thread-1] INFO  server.RaftServerConfigKeys (ConfUtils.java:logGet(43)) - raft.server.log.statemachine.data.sync = true (default)
2019-10-24 15:43:48,239 [pool-77-thread-1] INFO  server.RaftServerConfigKeys (ConfUtils.java:logGet(43)) - raft.server.log.write.buffer.size = 33554432 (custom)
2019-10-24 15:43:48,239 [pool-107-thread-1] INFO  server.RaftServerConfigKeys (ConfUtils.java:logGet(43)) - raft.server.log.statemachine.data.sync.timeout = 10s (default)
2019-10-24 15:43:48,239 [pool-47-thread-1] INFO  server.RaftServerConfigKeys (ConfUtils.java:logGet(43)) - raft.server.log.queue.byte-limit = 2147483647 (custom)
2019-10-24 15:43:48,240 [pool-107-thread-1] INFO  server.RaftServerConfigKeys (ConfUtils.java:logGet(43)) - raft.server.log.statemachine.data.sync.timeout.retry = -1 (default)
2019-10-24 15:43:48,239 [pool-77-thread-1] INFO  server.RaftServerConfigKeys (ConfUtils.java:logGet(43)) - raft.server.log.force.sync.num = 128 (default)
2019-10-24 15:43:48,240 [pool-47-thread-1] INFO  server.RaftServerConfigKeys (ConfUtils.java:logGet(43)) - raft.server.log.queue.element-limit = 1024 (custom)
2019-10-24 15:43:48,240 [pool-77-thread-1] INFO  server.RaftServerConfigKeys (ConfUtils.java:logGet(43)) - raft.server.log.statemachine.data.sync = true (default)
2019-10-24 15:43:48,240 [pool-107-thread-1] INFO  server.RaftServerConfigKeys (ConfUtils.java:logGet(43)) - raft.server.log.statemachine.data.caching.enabled = true (custom)
2019-10-24 15:43:48,240 [pool-47-thread-1] INFO  server.RaftServerConfigKeys (ConfUtils.java:logGet(43)) - raft.server.log.segment.size.max = 1048576 (custom)
2019-10-24 15:43:48,240 [pool-77-thread-1] INFO  server.RaftServerConfigKeys (ConfUtils.java:logGet(43)) - raft.server.log.statemachine.data.sync.timeout = 10s (default)
2019-10-24 15:43:48,241 [pool-47-thread-1] INFO  server.RaftServerConfigKeys (ConfUtils.java:logGet(43)) - raft.server.log.preallocated.size = 16384 (custom)
2019-10-24 15:43:48,241 [pool-107-thread-1] INFO  segmented.SegmentedRaftLogWorker (SegmentedRaftLogWorker.java:lambda$new$0(128)) - abb8132e-b90b-4ab3-abdd-91ffef5e5962@group-D6115FD00A99-SegmentedRaftLogWorker: flushIndex: setUnconditionally 0 -> -1
2019-10-24 15:43:48,241 [pool-47-thread-1] INFO  server.RaftServerConfigKeys (ConfUtils.java:logGet(43)) - raft.server.log.write.buffer.size = 33554432 (custom)
2019-10-24 15:43:48,241 [pool-77-thread-1] INFO  server.RaftServerConfigKeys (ConfUtils.java:logGet(43)) - raft.server.log.statemachine.data.sync.timeout.retry = -1 (default)
2019-10-24 15:43:48,241 [pool-47-thread-1] INFO  server.RaftServerConfigKeys (ConfUtils.java:logGet(43)) - raft.server.log.force.sync.num = 128 (default)
2019-10-24 15:43:48,241 [pool-77-thread-1] INFO  server.RaftServerConfigKeys (ConfUtils.java:logGet(43)) - raft.server.log.statemachine.data.caching.enabled = true (custom)
2019-10-24 15:43:48,241 [pool-107-thread-1] INFO  server.RaftServerConfigKeys (ConfUtils.java:logGet(43)) - raft.server.snapshot.auto.trigger.enabled = true (custom)
2019-10-24 15:43:48,241 [pool-47-thread-1] INFO  server.RaftServerConfigKeys (ConfUtils.java:logGet(43)) - raft.server.log.statemachine.data.sync = true (default)
2019-10-24 15:43:48,241 [pool-77-thread-1] INFO  segmented.SegmentedRaftLogWorker (SegmentedRaftLogWorker.java:lambda$new$0(128)) - 876b8685-e2e6-4b2b-9f0d-f9ddcb91e852@group-D6115FD00A99-SegmentedRaftLogWorker: flushIndex: setUnconditionally 0 -> -1
2019-10-24 15:43:48,241 [pool-107-thread-1] INFO  server.RaftServerConfigKeys (ConfUtils.java:logGet(43)) - raft.server.snapshot.auto.trigger.threshold = 10000 (custom)
2019-10-24 15:43:48,242 [pool-47-thread-1] INFO  server.RaftServerConfigKeys (ConfUtils.java:logGet(43)) - raft.server.log.statemachine.data.sync.timeout = 10s (default)
2019-10-24 15:43:48,242 [pool-77-thread-1] INFO  server.RaftServerConfigKeys (ConfUtils.java:logGet(43)) - raft.server.snapshot.auto.trigger.enabled = true (custom)
2019-10-24 15:43:48,242 [pool-107-thread-1] INFO  server.RaftServerConfigKeys (ConfUtils.java:logGet(43)) - raft.server.snapshot.retention.file.num = 5 (custom)
2019-10-24 15:43:48,242 [pool-77-thread-1] INFO  server.RaftServerConfigKeys (ConfUtils.java:logGet(43)) - raft.server.snapshot.auto.trigger.threshold = 10000 (custom)
2019-10-24 15:43:48,242 [pool-47-thread-1] INFO  server.RaftServerConfigKeys (ConfUtils.java:logGet(43)) - raft.server.log.statemachine.data.sync.timeout.retry = -1 (default)
2019-10-24 15:43:48,242 [pool-77-thread-1] INFO  server.RaftServerConfigKeys (ConfUtils.java:logGet(43)) - raft.server.snapshot.retention.file.num = 5 (custom)
2019-10-24 15:43:48,242 [pool-107-thread-1] INFO  server.RaftServerConfigKeys (ConfUtils.java:logGet(43)) - raft.server.retrycache.expirytime = 600000ms (custom)
2019-10-24 15:43:48,242 [pool-77-thread-1] INFO  server.RaftServerConfigKeys (ConfUtils.java:logGet(43)) - raft.server.retrycache.expirytime = 600000ms (custom)
2019-10-24 15:43:48,242 [pool-47-thread-1] INFO  server.RaftServerConfigKeys (ConfUtils.java:logGet(43)) - raft.server.log.statemachine.data.caching.enabled = true (custom)
2019-10-24 15:43:48,243 [pool-47-thread-1] INFO  segmented.SegmentedRaftLogWorker (SegmentedRaftLogWorker.java:lambda$new$0(128)) - 131ee32b-eb71-4a4b-82eb-895fd06b61f2@group-D6115FD00A99-SegmentedRaftLogWorker: flushIndex: setUnconditionally 0 -> -1
2019-10-24 15:43:48,243 [pool-47-thread-1] INFO  server.RaftServerConfigKeys (ConfUtils.java:logGet(43)) - raft.server.snapshot.auto.trigger.enabled = true (custom)
2019-10-24 15:43:48,243 [pool-47-thread-1] INFO  server.RaftServerConfigKeys (ConfUtils.java:logGet(43)) - raft.server.snapshot.auto.trigger.threshold = 10000 (custom)
2019-10-24 15:43:48,243 [pool-47-thread-1] INFO  server.RaftServerConfigKeys (ConfUtils.java:logGet(43)) - raft.server.snapshot.retention.file.num = 5 (custom)
2019-10-24 15:43:48,244 [pool-47-thread-1] INFO  server.RaftServerConfigKeys (ConfUtils.java:logGet(43)) - raft.server.retrycache.expirytime = 600000ms (custom)
2019-10-24 15:43:48,245 [pool-107-thread-1] INFO  impl.RaftServerImpl (RaftServerImpl.java:start(195)) - abb8132e-b90b-4ab3-abdd-91ffef5e5962@group-D6115FD00A99: start as a follower, conf=-1: [876b8685-e2e6-4b2b-9f0d-f9ddcb91e852:192.168.164.213:33356, 131ee32b-eb71-4a4b-82eb-895fd06b61f2:192.168.164.213:38159, abb8132e-b90b-4ab3-abdd-91ffef5e5962:192.168.164.213:45083], old=null
2019-10-24 15:43:48,245 [pool-107-thread-1] INFO  impl.RaftServerImpl (RaftServerImpl.java:setRole(184)) - abb8132e-b90b-4ab3-abdd-91ffef5e5962@group-D6115FD00A99: changes role from      null to FOLLOWER at term 0 for startAsFollower
2019-10-24 15:43:48,245 [pool-77-thread-1] INFO  impl.RaftServerImpl (RaftServerImpl.java:start(195)) - 876b8685-e2e6-4b2b-9f0d-f9ddcb91e852@group-D6115FD00A99: start as a follower, conf=-1: [876b8685-e2e6-4b2b-9f0d-f9ddcb91e852:192.168.164.213:33356, 131ee32b-eb71-4a4b-82eb-895fd06b61f2:192.168.164.213:38159, abb8132e-b90b-4ab3-abdd-91ffef5e5962:192.168.164.213:45083], old=null
2019-10-24 15:43:48,245 [pool-107-thread-1] INFO  impl.RoleInfo (RoleInfo.java:updateAndGet(143)) - abb8132e-b90b-4ab3-abdd-91ffef5e5962: start FollowerState
2019-10-24 15:43:48,245 [pool-77-thread-1] INFO  impl.RaftServerImpl (RaftServerImpl.java:setRole(184)) - 876b8685-e2e6-4b2b-9f0d-f9ddcb91e852@group-D6115FD00A99: changes role from      null to FOLLOWER at term 0 for startAsFollower
2019-10-24 15:43:48,245 [pool-77-thread-1] INFO  impl.RoleInfo (RoleInfo.java:updateAndGet(143)) - 876b8685-e2e6-4b2b-9f0d-f9ddcb91e852: start FollowerState
2019-10-24 15:43:48,245 [pool-107-thread-1] INFO  util.JmxRegister (JmxRegister.java:tryRegister(44)) - Successfully registered JMX Bean with object name Ratis:service=RaftServer,group=group-D6115FD00A99,id=abb8132e-b90b-4ab3-abdd-91ffef5e5962
2019-10-24 15:43:48,246 [pool-77-thread-1] INFO  util.JmxRegister (JmxRegister.java:tryRegister(44)) - Successfully registered JMX Bean with object name Ratis:service=RaftServer,group=group-D6115FD00A99,id=876b8685-e2e6-4b2b-9f0d-f9ddcb91e852
2019-10-24 15:43:48,246 [pool-47-thread-1] INFO  impl.RaftServerImpl (RaftServerImpl.java:start(195)) - 131ee32b-eb71-4a4b-82eb-895fd06b61f2@group-D6115FD00A99: start as a follower, conf=-1: [876b8685-e2e6-4b2b-9f0d-f9ddcb91e852:192.168.164.213:33356, 131ee32b-eb71-4a4b-82eb-895fd06b61f2:192.168.164.213:38159, abb8132e-b90b-4ab3-abdd-91ffef5e5962:192.168.164.213:45083], old=null
2019-10-24 15:43:48,246 [pool-47-thread-1] INFO  impl.RaftServerImpl (RaftServerImpl.java:setRole(184)) - 131ee32b-eb71-4a4b-82eb-895fd06b61f2@group-D6115FD00A99: changes role from      null to FOLLOWER at term 0 for startAsFollower
2019-10-24 15:43:48,246 [pool-47-thread-1] INFO  impl.RoleInfo (RoleInfo.java:updateAndGet(143)) - 131ee32b-eb71-4a4b-82eb-895fd06b61f2: start FollowerState
2019-10-24 15:43:48,247 [903a1cac-874e-4718-a4f3-e11699c837d0@group-C26997331DD0-SegmentedRaftLogWorker] INFO  segmented.SegmentedRaftLogWorker (SegmentedRaftLogWorker.java:execute(576)) - 903a1cac-874e-4718-a4f3-e11699c837d0@group-C26997331DD0-SegmentedRaftLogWorker: created new log segment /workdir/hadoop-ozone/integration-test/target/test-dir/MiniOzoneClusterImpl-0feb3ce4-70f4-42f6-988c-6bd7afad892e/datanode-3/data/ratis/9a2a3759-2bf6-4ccc-aba6-c26997331dd0/current/log_inprogress_0
2019-10-24 15:43:48,247 [3a65ecdf-e32f-4548-a2e5-44ab823c11b3@group-A4A6BF8F8CFA-SegmentedRaftLogWorker] INFO  segmented.SegmentedRaftLogWorker (SegmentedRaftLogWorker.java:execute(576)) - 3a65ecdf-e32f-4548-a2e5-44ab823c11b3@group-A4A6BF8F8CFA-SegmentedRaftLogWorker: created new log segment /workdir/hadoop-ozone/integration-test/target/test-dir/MiniOzoneClusterImpl-0feb3ce4-70f4-42f6-988c-6bd7afad892e/datanode-6/data/ratis/865fc170-bd65-41fc-86aa-a4a6bf8f8cfa/current/log_inprogress_0
2019-10-24 15:43:48,247 [pool-47-thread-1] INFO  util.JmxRegister (JmxRegister.java:tryRegister(44)) - Successfully registered JMX Bean with object name Ratis:service=RaftServer,group=group-D6115FD00A99,id=131ee32b-eb71-4a4b-82eb-895fd06b61f2
2019-10-24 15:43:48,284 [Thread-338] INFO  impl.FollowerState (FollowerState.java:run(108)) - abb8132e-b90b-4ab3-abdd-91ffef5e5962@group-D6115FD00A99-FollowerState: change to CANDIDATE, lastRpcTime:38ms, electionTimeout:37ms
2019-10-24 15:43:48,284 [Thread-338] INFO  impl.RoleInfo (RoleInfo.java:shutdownFollowerState(121)) - abb8132e-b90b-4ab3-abdd-91ffef5e5962: shutdown FollowerState
2019-10-24 15:43:48,284 [Thread-338] INFO  impl.RaftServerImpl (RaftServerImpl.java:setRole(184)) - abb8132e-b90b-4ab3-abdd-91ffef5e5962@group-D6115FD00A99: changes role from  FOLLOWER to CANDIDATE at term 0 for changeToCandidate
2019-10-24 15:43:48,286 [Thread-338] INFO  impl.RoleInfo (RoleInfo.java:updateAndGet(143)) - abb8132e-b90b-4ab3-abdd-91ffef5e5962: start LeaderElection
2019-10-24 15:43:48,290 [RatisPipelineUtilsThread] INFO  pipeline.PipelineStateManager (PipelineStateManager.java:addPipeline(56)) - Created pipeline Pipeline[ Id: 029cd483-b1e5-49b9-bdf9-d6115fd00a99, Nodes: 876b8685-e2e6-4b2b-9f0d-f9ddcb91e852{ip: 192.168.164.213, host: pr-hdds-2359-djbrp-462585948, networkLocation: /default-rack, certSerialId: null}abb8132e-b90b-4ab3-abdd-91ffef5e5962{ip: 192.168.164.213, host: pr-hdds-2359-djbrp-462585948, networkLocation: /default-rack, certSerialId: null}131ee32b-eb71-4a4b-82eb-895fd06b61f2{ip: 192.168.164.213, host: pr-hdds-2359-djbrp-462585948, networkLocation: /default-rack, certSerialId: null}, Type:RATIS, Factor:THREE, State:OPEN]
2019-10-24 15:43:48,303 [abb8132e-b90b-4ab3-abdd-91ffef5e5962@group-D6115FD00A99-LeaderElection11] INFO  impl.LeaderElection (LeaderElection.java:askForVotes(178)) - abb8132e-b90b-4ab3-abdd-91ffef5e5962@group-D6115FD00A99-LeaderElection11: begin an election at term 1 for -1: [876b8685-e2e6-4b2b-9f0d-f9ddcb91e852:192.168.164.213:33356, 131ee32b-eb71-4a4b-82eb-895fd06b61f2:192.168.164.213:38159, abb8132e-b90b-4ab3-abdd-91ffef5e5962:192.168.164.213:45083], old=null
2019-10-24 15:43:48,307 [grpc-default-executor-0] INFO  impl.RaftServerProxy (RaftServerProxy.java:addNew(89)) - af280123-6372-4d1f-a5d4-c36229a73203: addNew group-75C85B6D1182:[9092f221-0e0d-4970-bb84-cacd95020f21:192.168.164.213:41903, af280123-6372-4d1f-a5d4-c36229a73203:192.168.164.213:35334, b4ae536c-ed18-4717-a75c-ca4b5d6c4001:192.168.164.213:41180] returns group-75C85B6D1182:java.util.concurrent.CompletableFuture@774a2ac4[Not completed]
2019-10-24 15:43:48,309 [grpc-default-executor-1] INFO  impl.RaftServerProxy (RaftServerProxy.java:addNew(89)) - 9092f221-0e0d-4970-bb84-cacd95020f21: addNew group-75C85B6D1182:[9092f221-0e0d-4970-bb84-cacd95020f21:192.168.164.213:41903, af280123-6372-4d1f-a5d4-c36229a73203:192.168.164.213:35334, b4ae536c-ed18-4717-a75c-ca4b5d6c4001:192.168.164.213:41180] returns group-75C85B6D1182:java.util.concurrent.CompletableFuture@3c396767[Not completed]
2019-10-24 15:43:48,314 [pool-67-thread-1] INFO  impl.RaftServerImpl (RaftServerImpl.java:<init>(104)) - 9092f221-0e0d-4970-bb84-cacd95020f21: new RaftServerImpl for group-75C85B6D1182:[9092f221-0e0d-4970-bb84-cacd95020f21:192.168.164.213:41903, af280123-6372-4d1f-a5d4-c36229a73203:192.168.164.213:35334, b4ae536c-ed18-4717-a75c-ca4b5d6c4001:192.168.164.213:41180] with ContainerStateMachine:uninitialized
2019-10-24 15:43:48,314 [pool-67-thread-1] INFO  server.RaftServerConfigKeys (ConfUtils.java:logGet(43)) - raft.server.rpc.timeout.min = 1s (custom)
2019-10-24 15:43:48,314 [pool-67-thread-1] INFO  server.RaftServerConfigKeys (ConfUtils.java:logGet(43)) - raft.server.rpc.timeout.max = 1200ms (custom)
2019-10-24 15:43:48,314 [grpc-default-executor-1] INFO  impl.RaftServerProxy (RaftServerProxy.java:addNew(89)) - b4ae536c-ed18-4717-a75c-ca4b5d6c4001: addNew group-75C85B6D1182:[9092f221-0e0d-4970-bb84-cacd95020f21:192.168.164.213:41903, af280123-6372-4d1f-a5d4-c36229a73203:192.168.164.213:35334, b4ae536c-ed18-4717-a75c-ca4b5d6c4001:192.168.164.213:41180] returns group-75C85B6D1182:java.util.concurrent.CompletableFuture@537f6489[Not completed]
2019-10-24 15:43:48,314 [pool-67-thread-1] INFO  server.RaftServerConfigKeys (ConfUtils.java:logGet(43)) - raft.server.rpcslowness.timeout = 120s (custom)
2019-10-24 15:43:48,315 [pool-67-thread-1] INFO  server.RaftServerConfigKeys (ConfUtils.java:logGet(43)) - raft.server.sleep.deviation.threshold = 300 (default)
2019-10-24 15:43:48,315 [pool-67-thread-1] INFO  server.RaftServerConfigKeys (ConfUtils.java:logGet(43)) - raft.server.log.appender.install.snapshot.enabled = false (custom)
2019-10-24 15:43:48,315 [pool-97-thread-1] INFO  impl.RaftServerImpl (RaftServerImpl.java:<init>(104)) - af280123-6372-4d1f-a5d4-c36229a73203: new RaftServerImpl for group-75C85B6D1182:[9092f221-0e0d-4970-bb84-cacd95020f21:192.168.164.213:41903, af280123-6372-4d1f-a5d4-c36229a73203:192.168.164.213:35334, b4ae536c-ed18-4717-a75c-ca4b5d6c4001:192.168.164.213:41180] with ContainerStateMachine:uninitialized
2019-10-24 15:43:48,315 [pool-67-thread-1] INFO  impl.RaftServerImpl (ServerState.java:<init>(103)) - 9092f221-0e0d-4970-bb84-cacd95020f21@group-75C85B6D1182: ConfigurationManager, init=-1: [9092f221-0e0d-4970-bb84-cacd95020f21:192.168.164.213:41903, af280123-6372-4d1f-a5d4-c36229a73203:192.168.164.213:35334, b4ae536c-ed18-4717-a75c-ca4b5d6c4001:192.168.164.213:41180], old=null, confs=<EMPTY_MAP>
2019-10-24 15:43:48,315 [pool-97-thread-1] INFO  server.RaftServerConfigKeys (ConfUtils.java:logGet(43)) - raft.server.rpc.timeout.min = 1s (custom)
2019-10-24 15:43:48,315 [pool-67-thread-1] INFO  server.RaftServerConfigKeys (ConfUtils.java:logGet(43)) - raft.server.storage.dir = [/workdir/hadoop-ozone/integration-test/target/test-dir/MiniOzoneClusterImpl-0feb3ce4-70f4-42f6-988c-6bd7afad892e/datanode-4/data/ratis] (custom)
2019-10-24 15:43:48,315 [pool-27-thread-1] INFO  impl.RaftServerImpl (RaftServerImpl.java:<init>(104)) - b4ae536c-ed18-4717-a75c-ca4b5d6c4001: new RaftServerImpl for group-75C85B6D1182:[9092f221-0e0d-4970-bb84-cacd95020f21:192.168.164.213:41903, af280123-6372-4d1f-a5d4-c36229a73203:192.168.164.213:35334, b4ae536c-ed18-4717-a75c-ca4b5d6c4001:192.168.164.213:41180] with ContainerStateMachine:uninitialized
2019-10-24 15:43:48,315 [pool-97-thread-1] INFO  server.RaftServerConfigKeys (ConfUtils.java:logGet(43)) - raft.server.rpc.timeout.max = 1200ms (custom)
2019-10-24 15:43:48,316 [pool-27-thread-1] INFO  server.RaftServerConfigKeys (ConfUtils.java:logGet(43)) - raft.server.rpc.timeout.min = 1s (custom)
2019-10-24 15:43:48,316 [pool-67-thread-1] INFO  server.RaftServerConfigKeys (ConfUtils.java:logGet(43)) - raft.server.log.corruption.policy = EXCEPTION (default)
2019-10-24 15:43:48,316 [pool-97-thread-1] INFO  server.RaftServerConfigKeys (ConfUtils.java:logGet(43)) - raft.server.rpcslowness.timeout = 120s (custom)
2019-10-24 15:43:48,316 [pool-27-thread-1] INFO  server.RaftServerConfigKeys (ConfUtils.java:logGet(43)) - raft.server.rpc.timeout.max = 1200ms (custom)
2019-10-24 15:43:48,316 [pool-67-thread-1] INFO  storage.RaftStorageDirectory (RaftStorageDirectory.java:analyzeStorage(246)) - The storage directory /workdir/hadoop-ozone/integration-test/target/test-dir/MiniOzoneClusterImpl-0feb3ce4-70f4-42f6-988c-6bd7afad892e/datanode-4/data/ratis/92bd9c40-3185-4634-97b8-75c85b6d1182 does not exist. Creating ...
2019-10-24 15:43:48,316 [pool-97-thread-1] INFO  server.RaftServerConfigKeys (ConfUtils.java:logGet(43)) - raft.server.sleep.deviation.threshold = 300 (default)
2019-10-24 15:43:48,316 [pool-27-thread-1] INFO  server.RaftServerConfigKeys (ConfUtils.java:logGet(43)) - raft.server.rpcslowness.timeout = 120s (custom)
2019-10-24 15:43:48,316 [pool-97-thread-1] INFO  server.RaftServerConfigKeys (ConfUtils.java:logGet(43)) - raft.server.log.appender.install.snapshot.enabled = false (custom)
2019-10-24 15:43:48,316 [pool-27-thread-1] INFO  server.RaftServerConfigKeys (ConfUtils.java:logGet(43)) - raft.server.sleep.deviation.threshold = 300 (default)
2019-10-24 15:43:48,317 [pool-97-thread-1] INFO  impl.RaftServerImpl (ServerState.java:<init>(103)) - af280123-6372-4d1f-a5d4-c36229a73203@group-75C85B6D1182: ConfigurationManager, init=-1: [9092f221-0e0d-4970-bb84-cacd95020f21:192.168.164.213:41903, af280123-6372-4d1f-a5d4-c36229a73203:192.168.164.213:35334, b4ae536c-ed18-4717-a75c-ca4b5d6c4001:192.168.164.213:41180], old=null, confs=<EMPTY_MAP>
2019-10-24 15:43:48,317 [pool-27-thread-1] INFO  server.RaftServerConfigKeys (ConfUtils.java:logGet(43)) - raft.server.log.appender.install.snapshot.enabled = false (custom)
2019-10-24 15:43:48,317 [pool-27-thread-1] INFO  impl.RaftServerImpl (ServerState.java:<init>(103)) - b4ae536c-ed18-4717-a75c-ca4b5d6c4001@group-75C85B6D1182: ConfigurationManager, init=-1: [9092f221-0e0d-4970-bb84-cacd95020f21:192.168.164.213:41903, af280123-6372-4d1f-a5d4-c36229a73203:192.168.164.213:35334, b4ae536c-ed18-4717-a75c-ca4b5d6c4001:192.168.164.213:41180], old=null, confs=<EMPTY_MAP>
2019-10-24 15:43:48,317 [pool-97-thread-1] INFO  server.RaftServerConfigKeys (ConfUtils.java:logGet(43)) - raft.server.storage.dir = [/workdir/hadoop-ozone/integration-test/target/test-dir/MiniOzoneClusterImpl-0feb3ce4-70f4-42f6-988c-6bd7afad892e/datanode-7/data/ratis] (custom)
2019-10-24 15:43:48,317 [pool-27-thread-1] INFO  server.RaftServerConfigKeys (ConfUtils.java:logGet(43)) - raft.server.storage.dir = [/workdir/hadoop-ozone/integration-test/target/test-dir/MiniOzoneClusterImpl-0feb3ce4-70f4-42f6-988c-6bd7afad892e/datanode-0/data/ratis] (custom)
2019-10-24 15:43:48,317 [pool-27-thread-1] INFO  server.RaftServerConfigKeys (ConfUtils.java:logGet(43)) - raft.server.log.corruption.policy = EXCEPTION (default)
2019-10-24 15:43:48,317 [pool-97-thread-1] INFO  server.RaftServerConfigKeys (ConfUtils.java:logGet(43)) - raft.server.log.corruption.policy = EXCEPTION (default)
2019-10-24 15:43:48,317 [pool-27-thread-1] INFO  storage.RaftStorageDirectory (RaftStorageDirectory.java:analyzeStorage(246)) - The storage directory /workdir/hadoop-ozone/integration-test/target/test-dir/MiniOzoneClusterImpl-0feb3ce4-70f4-42f6-988c-6bd7afad892e/datanode-0/data/ratis/92bd9c40-3185-4634-97b8-75c85b6d1182 does not exist. Creating ...
2019-10-24 15:43:48,318 [pool-97-thread-1] INFO  storage.RaftStorageDirectory (RaftStorageDirectory.java:analyzeStorage(246)) - The storage directory /workdir/hadoop-ozone/integration-test/target/test-dir/MiniOzoneClusterImpl-0feb3ce4-70f4-42f6-988c-6bd7afad892e/datanode-7/data/ratis/92bd9c40-3185-4634-97b8-75c85b6d1182 does not exist. Creating ...
2019-10-24 15:43:48,332 [pool-27-thread-1] INFO  storage.RaftStorageDirectory (RaftStorageDirectory.java:tryLock(328)) - Lock on /workdir/hadoop-ozone/integration-test/target/test-dir/MiniOzoneClusterImpl-0feb3ce4-70f4-42f6-988c-6bd7afad892e/datanode-0/data/ratis/92bd9c40-3185-4634-97b8-75c85b6d1182/in_use.lock acquired by nodename 4821@pr-hdds-2359-djbrp-462585948
2019-10-24 15:43:48,332 [pool-97-thread-1] INFO  storage.RaftStorageDirectory (RaftStorageDirectory.java:tryLock(328)) - Lock on /workdir/hadoop-ozone/integration-test/target/test-dir/MiniOzoneClusterImpl-0feb3ce4-70f4-42f6-988c-6bd7afad892e/datanode-7/data/ratis/92bd9c40-3185-4634-97b8-75c85b6d1182/in_use.lock acquired by nodename 4821@pr-hdds-2359-djbrp-462585948
2019-10-24 15:43:48,332 [pool-67-thread-1] INFO  storage.RaftStorageDirectory (RaftStorageDirectory.java:tryLock(328)) - Lock on /workdir/hadoop-ozone/integration-test/target/test-dir/MiniOzoneClusterImpl-0feb3ce4-70f4-42f6-988c-6bd7afad892e/datanode-4/data/ratis/92bd9c40-3185-4634-97b8-75c85b6d1182/in_use.lock acquired by nodename 4821@pr-hdds-2359-djbrp-462585948
2019-10-24 15:43:48,337 [grpc-default-executor-1] INFO  impl.RaftServerImpl (RaftServerImpl.java:setRole(184)) - 876b8685-e2e6-4b2b-9f0d-f9ddcb91e852@group-D6115FD00A99: changes role from  FOLLOWER to FOLLOWER at term 1 for recognizeCandidate:abb8132e-b90b-4ab3-abdd-91ffef5e5962
2019-10-24 15:43:48,337 [grpc-default-executor-1] INFO  impl.RoleInfo (RoleInfo.java:shutdownFollowerState(121)) - 876b8685-e2e6-4b2b-9f0d-f9ddcb91e852: shutdown FollowerState
2019-10-24 15:43:48,337 [grpc-default-executor-1] INFO  impl.RoleInfo (RoleInfo.java:updateAndGet(143)) - 876b8685-e2e6-4b2b-9f0d-f9ddcb91e852: start FollowerState
2019-10-24 15:43:48,337 [Thread-339] INFO  impl.FollowerState (FollowerState.java:run(117)) - 876b8685-e2e6-4b2b-9f0d-f9ddcb91e852@group-D6115FD00A99-FollowerState was interrupted: java.lang.InterruptedException: sleep interrupted
2019-10-24 15:43:48,337 [grpc-default-executor-0] INFO  impl.RaftServerImpl (RaftServerImpl.java:setRole(184)) - 131ee32b-eb71-4a4b-82eb-895fd06b61f2@group-D6115FD00A99: changes role from  FOLLOWER to FOLLOWER at term 1 for recognizeCandidate:abb8132e-b90b-4ab3-abdd-91ffef5e5962
2019-10-24 15:43:48,339 [grpc-default-executor-0] INFO  impl.RoleInfo (RoleInfo.java:shutdownFollowerState(121)) - 131ee32b-eb71-4a4b-82eb-895fd06b61f2: shutdown FollowerState
2019-10-24 15:43:48,339 [Thread-340] INFO  impl.FollowerState (FollowerState.java:run(117)) - 131ee32b-eb71-4a4b-82eb-895fd06b61f2@group-D6115FD00A99-FollowerState was interrupted: java.lang.InterruptedException: sleep interrupted
2019-10-24 15:43:48,339 [grpc-default-executor-0] INFO  impl.RoleInfo (RoleInfo.java:updateAndGet(143)) - 131ee32b-eb71-4a4b-82eb-895fd06b61f2: start FollowerState
2019-10-24 15:43:48,347 [pool-27-thread-1] INFO  storage.RaftStorage (RaftStorage.java:format(84)) - Storage directory /workdir/hadoop-ozone/integration-test/target/test-dir/MiniOzoneClusterImpl-0feb3ce4-70f4-42f6-988c-6bd7afad892e/datanode-0/data/ratis/92bd9c40-3185-4634-97b8-75c85b6d1182 has been successfully formatted.
2019-10-24 15:43:48,347 [pool-97-thread-1] INFO  storage.RaftStorage (RaftStorage.java:format(84)) - Storage directory /workdir/hadoop-ozone/integration-test/target/test-dir/MiniOzoneClusterImpl-0feb3ce4-70f4-42f6-988c-6bd7afad892e/datanode-7/data/ratis/92bd9c40-3185-4634-97b8-75c85b6d1182 has been successfully formatted.
2019-10-24 15:43:48,347 [pool-67-thread-1] INFO  storage.RaftStorage (RaftStorage.java:format(84)) - Storage directory /workdir/hadoop-ozone/integration-test/target/test-dir/MiniOzoneClusterImpl-0feb3ce4-70f4-42f6-988c-6bd7afad892e/datanode-4/data/ratis/92bd9c40-3185-4634-97b8-75c85b6d1182 has been successfully formatted.
2019-10-24 15:43:48,347 [pool-27-thread-1] INFO  ratis.ContainerStateMachine (ContainerStateMachine.java:loadSnapshot(231)) - group-75C85B6D1182: The snapshot info is null. Setting the last applied indexto:(t:0, i:~)
2019-10-24 15:43:48,347 [pool-97-thread-1] INFO  ratis.ContainerStateMachine (ContainerStateMachine.java:loadSnapshot(231)) - group-75C85B6D1182: The snapshot info is null. Setting the last applied indexto:(t:0, i:~)
2019-10-24 15:43:48,347 [pool-67-thread-1] INFO  ratis.ContainerStateMachine (ContainerStateMachine.java:loadSnapshot(231)) - group-75C85B6D1182: The snapshot info is null. Setting the last applied indexto:(t:0, i:~)
2019-10-24 15:43:48,347 [pool-27-thread-1] INFO  server.RaftServerConfigKeys (ConfUtils.java:logGet(43)) - raft.server.notification.no-leader.timeout = 120s (custom)
2019-10-24 15:43:48,348 [pool-67-thread-1] INFO  server.RaftServerConfigKeys (ConfUtils.java:logGet(43)) - raft.server.notification.no-leader.timeout = 120s (custom)
2019-10-24 15:43:48,347 [pool-97-thread-1] INFO  server.RaftServerConfigKeys (ConfUtils.java:logGet(43)) - raft.server.notification.no-leader.timeout = 120s (custom)
2019-10-24 15:43:48,348 [pool-67-thread-1] INFO  server.RaftServerConfigKeys (ConfUtils.java:logGet(43)) - raft.server.log.use.memory = false (default)
2019-10-24 15:43:48,348 [pool-27-thread-1] INFO  server.RaftServerConfigKeys (ConfUtils.java:logGet(43)) - raft.server.log.use.memory = false (default)
2019-10-24 15:43:48,348 [pool-67-thread-1] INFO  server.RaftServerConfigKeys (ConfUtils.java:logGet(43)) - raft.server.log.purge.gap = 1000000 (custom)
2019-10-24 15:43:48,348 [pool-97-thread-1] INFO  server.RaftServerConfigKeys (ConfUtils.java:logGet(43)) - raft.server.log.use.memory = false (default)
2019-10-24 15:43:48,348 [pool-67-thread-1] INFO  server.RaftServerConfigKeys (ConfUtils.java:logGet(43)) - raft.server.log.appender.buffer.byte-limit = 33554432 (custom)
2019-10-24 15:43:48,348 [pool-27-thread-1] INFO  server.RaftServerConfigKeys (ConfUtils.java:logGet(43)) - raft.server.log.purge.gap = 1000000 (custom)
2019-10-24 15:43:48,350 [pool-67-thread-1] INFO  server.RaftServerConfigKeys (ConfUtils.java:logGet(43)) - raft.server.log.segment.size.max = 1048576 (custom)
2019-10-24 15:43:48,348 [pool-97-thread-1] INFO  server.RaftServerConfigKeys (ConfUtils.java:logGet(43)) - raft.server.log.purge.gap = 1000000 (custom)
2019-10-24 15:43:48,350 [pool-67-thread-1] INFO  server.RaftServerConfigKeys (ConfUtils.java:logGet(43)) - raft.server.log.segment.cache.num.max = 2 (custom)
2019-10-24 15:43:48,350 [pool-27-thread-1] INFO  server.RaftServerConfigKeys (ConfUtils.java:logGet(43)) - raft.server.log.appender.buffer.byte-limit = 33554432 (custom)
2019-10-24 15:43:48,350 [pool-67-thread-1] INFO  segmented.SegmentedRaftLogWorker (SegmentedRaftLogWorker.java:<init>(173)) - new 9092f221-0e0d-4970-bb84-cacd95020f21@group-75C85B6D1182-SegmentedRaftLogWorker for RaftStorage:Storage Directory /workdir/hadoop-ozone/integration-test/target/test-dir/MiniOzoneClusterImpl-0feb3ce4-70f4-42f6-988c-6bd7afad892e/datanode-4/data/ratis/92bd9c40-3185-4634-97b8-75c85b6d1182
2019-10-24 15:43:48,350 [pool-97-thread-1] INFO  server.RaftServerConfigKeys (ConfUtils.java:logGet(43)) - raft.server.log.appender.buffer.byte-limit = 33554432 (custom)
2019-10-24 15:43:48,355 [pool-67-thread-1] INFO  server.RaftServerConfigKeys (ConfUtils.java:logGet(43)) - raft.server.log.queue.byte-limit = 2147483647 (custom)
2019-10-24 15:43:48,350 [pool-27-thread-1] INFO  server.RaftServerConfigKeys (ConfUtils.java:logGet(43)) - raft.server.log.segment.size.max = 1048576 (custom)
2019-10-24 15:43:48,355 [pool-67-thread-1] INFO  server.RaftServerConfigKeys (ConfUtils.java:logGet(43)) - raft.server.log.queue.element-limit = 1024 (custom)
2019-10-24 15:43:48,355 [pool-97-thread-1] INFO  server.RaftServerConfigKeys (ConfUtils.java:logGet(43)) - raft.server.log.segment.size.max = 1048576 (custom)
2019-10-24 15:43:48,356 [pool-67-thread-1] INFO  server.RaftServerConfigKeys (ConfUtils.java:logGet(43)) - raft.server.log.segment.size.max = 1048576 (custom)
2019-10-24 15:43:48,355 [pool-27-thread-1] INFO  server.RaftServerConfigKeys (ConfUtils.java:logGet(43)) - raft.server.log.segment.cache.num.max = 2 (custom)
2019-10-24 15:43:48,359 [pool-67-thread-1] INFO  server.RaftServerConfigKeys (ConfUtils.java:logGet(43)) - raft.server.log.preallocated.size = 16384 (custom)
2019-10-24 15:43:48,360 [pool-67-thread-1] INFO  server.RaftServerConfigKeys (ConfUtils.java:logGet(43)) - raft.server.log.write.buffer.size = 33554432 (custom)
2019-10-24 15:43:48,357 [pool-97-thread-1] INFO  server.RaftServerConfigKeys (ConfUtils.java:logGet(43)) - raft.server.log.segment.cache.num.max = 2 (custom)
2019-10-24 15:43:48,360 [pool-67-thread-1] INFO  server.RaftServerConfigKeys (ConfUtils.java:logGet(43)) - raft.server.log.force.sync.num = 128 (default)
2019-10-24 15:43:48,360 [pool-27-thread-1] INFO  segmented.SegmentedRaftLogWorker (SegmentedRaftLogWorker.java:<init>(173)) - new b4ae536c-ed18-4717-a75c-ca4b5d6c4001@group-75C85B6D1182-SegmentedRaftLogWorker for RaftStorage:Storage Directory /workdir/hadoop-ozone/integration-test/target/test-dir/MiniOzoneClusterImpl-0feb3ce4-70f4-42f6-988c-6bd7afad892e/datanode-0/data/ratis/92bd9c40-3185-4634-97b8-75c85b6d1182
2019-10-24 15:43:48,362 [pool-67-thread-1] INFO  server.RaftServerConfigKeys (ConfUtils.java:logGet(43)) - raft.server.log.statemachine.data.sync = true (default)
2019-10-24 15:43:48,361 [pool-97-thread-1] INFO  segmented.SegmentedRaftLogWorker (SegmentedRaftLogWorker.java:<init>(173)) - new af280123-6372-4d1f-a5d4-c36229a73203@group-75C85B6D1182-SegmentedRaftLogWorker for RaftStorage:Storage Directory /workdir/hadoop-ozone/integration-test/target/test-dir/MiniOzoneClusterImpl-0feb3ce4-70f4-42f6-988c-6bd7afad892e/datanode-7/data/ratis/92bd9c40-3185-4634-97b8-75c85b6d1182
2019-10-24 15:43:48,362 [pool-67-thread-1] INFO  server.RaftServerConfigKeys (ConfUtils.java:logGet(43)) - raft.server.log.statemachine.data.sync.timeout = 10s (default)
2019-10-24 15:43:48,362 [pool-27-thread-1] INFO  server.RaftServerConfigKeys (ConfUtils.java:logGet(43)) - raft.server.log.queue.byte-limit = 2147483647 (custom)
2019-10-24 15:43:48,362 [pool-67-thread-1] INFO  server.RaftServerConfigKeys (ConfUtils.java:logGet(43)) - raft.server.log.statemachine.data.sync.timeout.retry = -1 (default)
2019-10-24 15:43:48,362 [pool-97-thread-1] INFO  server.RaftServerConfigKeys (ConfUtils.java:logGet(43)) - raft.server.log.queue.byte-limit = 2147483647 (custom)
2019-10-24 15:43:48,362 [pool-67-thread-1] INFO  server.RaftServerConfigKeys (ConfUtils.java:logGet(43)) - raft.server.log.statemachine.data.caching.enabled = true (custom)
2019-10-24 15:43:48,362 [pool-27-thread-1] INFO  server.RaftServerConfigKeys (ConfUtils.java:logGet(43)) - raft.server.log.queue.element-limit = 1024 (custom)
2019-10-24 15:43:48,362 [pool-97-thread-1] INFO  server.RaftServerConfigKeys (ConfUtils.java:logGet(43)) - raft.server.log.queue.element-limit = 1024 (custom)
2019-10-24 15:43:48,363 [pool-27-thread-1] INFO  server.RaftServerConfigKeys (ConfUtils.java:logGet(43)) - raft.server.log.segment.size.max = 1048576 (custom)
2019-10-24 15:43:48,363 [pool-97-thread-1] INFO  server.RaftServerConfigKeys (ConfUtils.java:logGet(43)) - raft.server.log.segment.size.max = 1048576 (custom)
2019-10-24 15:43:48,363 [pool-27-thread-1] INFO  server.RaftServerConfigKeys (ConfUtils.java:logGet(43)) - raft.server.log.preallocated.size = 16384 (custom)
2019-10-24 15:43:48,363 [pool-97-thread-1] INFO  server.RaftServerConfigKeys (ConfUtils.java:logGet(43)) - raft.server.log.preallocated.size = 16384 (custom)
2019-10-24 15:43:48,363 [pool-27-thread-1] INFO  server.RaftServerConfigKeys (ConfUtils.java:logGet(43)) - raft.server.log.write.buffer.size = 33554432 (custom)
2019-10-24 15:43:48,363 [pool-97-thread-1] INFO  server.RaftServerConfigKeys (ConfUtils.java:logGet(43)) - raft.server.log.write.buffer.size = 33554432 (custom)
2019-10-24 15:43:48,363 [pool-27-thread-1] INFO  server.RaftServerConfigKeys (ConfUtils.java:logGet(43)) - raft.server.log.force.sync.num = 128 (default)
2019-10-24 15:43:48,363 [pool-97-thread-1] INFO  server.RaftServerConfigKeys (ConfUtils.java:logGet(43)) - raft.server.log.force.sync.num = 128 (default)
2019-10-24 15:43:48,363 [pool-27-thread-1] INFO  server.RaftServerConfigKeys (ConfUtils.java:logGet(43)) - raft.server.log.statemachine.data.sync = true (default)
2019-10-24 15:43:48,364 [pool-97-thread-1] INFO  server.RaftServerConfigKeys (ConfUtils.java:logGet(43)) - raft.server.log.statemachine.data.sync = true (default)
2019-10-24 15:43:48,364 [pool-27-thread-1] INFO  server.RaftServerConfigKeys (ConfUtils.java:logGet(43)) - raft.server.log.statemachine.data.sync.timeout = 10s (default)
2019-10-24 15:43:48,364 [pool-97-thread-1] INFO  server.RaftServerConfigKeys (ConfUtils.java:logGet(43)) - raft.server.log.statemachine.data.sync.timeout = 10s (default)
2019-10-24 15:43:48,364 [pool-27-thread-1] INFO  server.RaftServerConfigKeys (ConfUtils.java:logGet(43)) - raft.server.log.statemachine.data.sync.timeout.retry = -1 (default)
2019-10-24 15:43:48,364 [pool-97-thread-1] INFO  server.RaftServerConfigKeys (ConfUtils.java:logGet(43)) - raft.server.log.statemachine.data.sync.timeout.retry = -1 (default)
2019-10-24 15:43:48,364 [pool-27-thread-1] INFO  server.RaftServerConfigKeys (ConfUtils.java:logGet(43)) - raft.server.log.statemachine.data.caching.enabled = true (custom)
2019-10-24 15:43:48,365 [pool-97-thread-1] INFO  server.RaftServerConfigKeys (ConfUtils.java:logGet(43)) - raft.server.log.statemachine.data.caching.enabled = true (custom)
2019-10-24 15:43:48,365 [pool-27-thread-1] INFO  segmented.SegmentedRaftLogWorker (SegmentedRaftLogWorker.java:lambda$new$0(128)) - b4ae536c-ed18-4717-a75c-ca4b5d6c4001@group-75C85B6D1182-SegmentedRaftLogWorker: flushIndex: setUnconditionally 0 -> -1
2019-10-24 15:43:48,366 [pool-97-thread-1] INFO  segmented.SegmentedRaftLogWorker (SegmentedRaftLogWorker.java:lambda$new$0(128)) - af280123-6372-4d1f-a5d4-c36229a73203@group-75C85B6D1182-SegmentedRaftLogWorker: flushIndex: setUnconditionally 0 -> -1
2019-10-24 15:43:48,366 [pool-27-thread-1] INFO  server.RaftServerConfigKeys (ConfUtils.java:logGet(43)) - raft.server.snapshot.auto.trigger.enabled = true (custom)
2019-10-24 15:43:48,365 [pool-67-thread-1] INFO  segmented.SegmentedRaftLogWorker (SegmentedRaftLogWorker.java:lambda$new$0(128)) - 9092f221-0e0d-4970-bb84-cacd95020f21@group-75C85B6D1182-SegmentedRaftLogWorker: flushIndex: setUnconditionally 0 -> -1
2019-10-24 15:43:48,366 [pool-27-thread-1] INFO  server.RaftServerConfigKeys (ConfUtils.java:logGet(43)) - raft.server.snapshot.auto.trigger.threshold = 10000 (custom)
2019-10-24 15:43:48,366 [pool-97-thread-1] INFO  server.RaftServerConfigKeys (ConfUtils.java:logGet(43)) - raft.server.snapshot.auto.trigger.enabled = true (custom)
2019-10-24 15:43:48,366 [pool-67-thread-1] INFO  server.RaftServerConfigKeys (ConfUtils.java:logGet(43)) - raft.server.snapshot.auto.trigger.enabled = true (custom)
2019-10-24 15:43:48,366 [pool-97-thread-1] INFO  server.RaftServerConfigKeys (ConfUtils.java:logGet(43)) - raft.server.snapshot.auto.trigger.threshold = 10000 (custom)
2019-10-24 15:43:48,366 [pool-27-thread-1] INFO  server.RaftServerConfigKeys (ConfUtils.java:logGet(43)) - raft.server.snapshot.retention.file.num = 5 (custom)
2019-10-24 15:43:48,366 [pool-97-thread-1] INFO  server.RaftServerConfigKeys (ConfUtils.java:logGet(43)) - raft.server.snapshot.retention.file.num = 5 (custom)
2019-10-24 15:43:48,366 [pool-67-thread-1] INFO  server.RaftServerConfigKeys (ConfUtils.java:logGet(43)) - raft.server.snapshot.auto.trigger.threshold = 10000 (custom)
2019-10-24 15:43:48,367 [pool-27-thread-1] INFO  server.RaftServerConfigKeys (ConfUtils.java:logGet(43)) - raft.server.retrycache.expirytime = 600000ms (custom)
2019-10-24 15:43:48,367 [pool-97-thread-1] INFO  server.RaftServerConfigKeys (ConfUtils.java:logGet(43)) - raft.server.retrycache.expirytime = 600000ms (custom)
2019-10-24 15:43:48,367 [pool-67-thread-1] INFO  server.RaftServerConfigKeys (ConfUtils.java:logGet(43)) - raft.server.snapshot.retention.file.num = 5 (custom)
2019-10-24 15:43:48,367 [pool-67-thread-1] INFO  server.RaftServerConfigKeys (ConfUtils.java:logGet(43)) - raft.server.retrycache.expirytime = 600000ms (custom)
2019-10-24 15:43:48,381 [pool-27-thread-1] INFO  impl.RaftServerImpl (RaftServerImpl.java:start(195)) - b4ae536c-ed18-4717-a75c-ca4b5d6c4001@group-75C85B6D1182: start as a follower, conf=-1: [9092f221-0e0d-4970-bb84-cacd95020f21:192.168.164.213:41903, af280123-6372-4d1f-a5d4-c36229a73203:192.168.164.213:35334, b4ae536c-ed18-4717-a75c-ca4b5d6c4001:192.168.164.213:41180], old=null
2019-10-24 15:43:48,381 [pool-27-thread-1] INFO  impl.RaftServerImpl (RaftServerImpl.java:setRole(184)) - b4ae536c-ed18-4717-a75c-ca4b5d6c4001@group-75C85B6D1182: changes role from      null to FOLLOWER at term 0 for startAsFollower
2019-10-24 15:43:48,381 [pool-27-thread-1] INFO  impl.RoleInfo (RoleInfo.java:updateAndGet(143)) - b4ae536c-ed18-4717-a75c-ca4b5d6c4001: start FollowerState
2019-10-24 15:43:48,381 [pool-67-thread-1] INFO  impl.RaftServerImpl (RaftServerImpl.java:start(195)) - 9092f221-0e0d-4970-bb84-cacd95020f21@group-75C85B6D1182: start as a follower, conf=-1: [9092f221-0e0d-4970-bb84-cacd95020f21:192.168.164.213:41903, af280123-6372-4d1f-a5d4-c36229a73203:192.168.164.213:35334, b4ae536c-ed18-4717-a75c-ca4b5d6c4001:192.168.164.213:41180], old=null
2019-10-24 15:43:48,381 [abb8132e-b90b-4ab3-abdd-91ffef5e5962@group-D6115FD00A99-LeaderElection11] INFO  impl.LeaderElection (LeaderElection.java:logAndReturn(56)) - abb8132e-b90b-4ab3-abdd-91ffef5e5962@group-D6115FD00A99-LeaderElection11: Election PASSED; received 1 response(s) [abb8132e-b90b-4ab3-abdd-91ffef5e5962<-131ee32b-eb71-4a4b-82eb-895fd06b61f2#0:OK-t1] and 0 exception(s); abb8132e-b90b-4ab3-abdd-91ffef5e5962@group-D6115FD00A99:t1, leader=null, voted=abb8132e-b90b-4ab3-abdd-91ffef5e5962, raftlog=abb8132e-b90b-4ab3-abdd-91ffef5e5962@group-D6115FD00A99-SegmentedRaftLog:OPENED:c-1,f-1,i0, conf=-1: [876b8685-e2e6-4b2b-9f0d-f9ddcb91e852:192.168.164.213:33356, 131ee32b-eb71-4a4b-82eb-895fd06b61f2:192.168.164.213:38159, abb8132e-b90b-4ab3-abdd-91ffef5e5962:192.168.164.213:45083], old=null
2019-10-24 15:43:48,381 [pool-67-thread-1] INFO  impl.RaftServerImpl (RaftServerImpl.java:setRole(184)) - 9092f221-0e0d-4970-bb84-cacd95020f21@group-75C85B6D1182: changes role from      null to FOLLOWER at term 0 for startAsFollower
2019-10-24 15:43:48,381 [pool-27-thread-1] INFO  util.JmxRegister (JmxRegister.java:tryRegister(44)) - Successfully registered JMX Bean with object name Ratis:service=RaftServer,group=group-75C85B6D1182,id=b4ae536c-ed18-4717-a75c-ca4b5d6c4001
2019-10-24 15:43:48,383 [pool-67-thread-1] INFO  impl.RoleInfo (RoleInfo.java:updateAndGet(143)) - 9092f221-0e0d-4970-bb84-cacd95020f21: start FollowerState
2019-10-24 15:43:48,383 [abb8132e-b90b-4ab3-abdd-91ffef5e5962@group-D6115FD00A99-LeaderElection11] INFO  impl.RoleInfo (RoleInfo.java:shutdownLeaderElection(134)) - abb8132e-b90b-4ab3-abdd-91ffef5e5962: shutdown LeaderElection
2019-10-24 15:43:48,384 [pool-97-thread-1] INFO  impl.RaftServerImpl (RaftServerImpl.java:start(195)) - af280123-6372-4d1f-a5d4-c36229a73203@group-75C85B6D1182: start as a follower, conf=-1: [9092f221-0e0d-4970-bb84-cacd95020f21:192.168.164.213:41903, af280123-6372-4d1f-a5d4-c36229a73203:192.168.164.213:35334, b4ae536c-ed18-4717-a75c-ca4b5d6c4001:192.168.164.213:41180], old=null
2019-10-24 15:43:48,384 [abb8132e-b90b-4ab3-abdd-91ffef5e5962@group-D6115FD00A99-LeaderElection11] INFO  impl.RaftServerImpl (RaftServerImpl.java:setRole(184)) - abb8132e-b90b-4ab3-abdd-91ffef5e5962@group-D6115FD00A99: changes role from CANDIDATE to LEADER at term 1 for changeToLeader
2019-10-24 15:43:48,386 [pool-67-thread-1] INFO  util.JmxRegister (JmxRegister.java:tryRegister(44)) - Successfully registered JMX Bean with object name Ratis:service=RaftServer,group=group-75C85B6D1182,id=9092f221-0e0d-4970-bb84-cacd95020f21
2019-10-24 15:43:48,386 [pool-97-thread-1] INFO  impl.RaftServerImpl (RaftServerImpl.java:setRole(184)) - af280123-6372-4d1f-a5d4-c36229a73203@group-75C85B6D1182: changes role from      null to FOLLOWER at term 0 for startAsFollower
2019-10-24 15:43:48,386 [abb8132e-b90b-4ab3-abdd-91ffef5e5962@group-D6115FD00A99-LeaderElection11] INFO  impl.RaftServerImpl (ServerState.java:setLeader(256)) - abb8132e-b90b-4ab3-abdd-91ffef5e5962@group-D6115FD00A99: change Leader from null to abb8132e-b90b-4ab3-abdd-91ffef5e5962 at term 1 for becomeLeader, leader elected after 151ms
2019-10-24 15:43:48,387 [pool-97-thread-1] INFO  impl.RoleInfo (RoleInfo.java:updateAndGet(143)) - af280123-6372-4d1f-a5d4-c36229a73203: start FollowerState
2019-10-24 15:43:48,387 [abb8132e-b90b-4ab3-abdd-91ffef5e5962@group-D6115FD00A99-LeaderElection11] INFO  server.RaftServerConfigKeys (ConfUtils.java:logGet(43)) - raft.server.staging.catchup.gap = 1000 (default)
2019-10-24 15:43:48,387 [abb8132e-b90b-4ab3-abdd-91ffef5e5962@group-D6115FD00A99-LeaderElection11] INFO  server.RaftServerConfigKeys (ConfUtils.java:logGet(43)) - raft.server.rpc.sleep.time = 25ms (default)
2019-10-24 15:43:48,387 [pool-97-thread-1] INFO  util.JmxRegister (JmxRegister.java:tryRegister(44)) - Successfully registered JMX Bean with object name Ratis:service=RaftServer,group=group-75C85B6D1182,id=af280123-6372-4d1f-a5d4-c36229a73203
2019-10-24 15:43:48,387 [abb8132e-b90b-4ab3-abdd-91ffef5e5962@group-D6115FD00A99-LeaderElection11] INFO  server.RaftServerConfigKeys (ConfUtils.java:logGet(43)) - raft.server.write.element-limit = 4096 (default)
2019-10-24 15:43:48,388 [abb8132e-b90b-4ab3-abdd-91ffef5e5962@group-D6115FD00A99-LeaderElection11] INFO  server.RaftServerConfigKeys (ConfUtils.java:logGet(43)) - raft.server.watch.timeout = 10s (default)
2019-10-24 15:43:48,388 [abb8132e-b90b-4ab3-abdd-91ffef5e5962@group-D6115FD00A99-LeaderElection11] INFO  server.RaftServerConfigKeys (ConfUtils.java:logGet(43)) - raft.server.watch.timeout.denomination = 1s (default)
2019-10-24 15:43:48,388 [abb8132e-b90b-4ab3-abdd-91ffef5e5962@group-D6115FD00A99-LeaderElection11] INFO  server.RaftServerConfigKeys (ConfUtils.java:logGet(43)) - raft.server.watch.element-limit = 65536 (default)
2019-10-24 15:43:48,401 [Thread-353] INFO  impl.FollowerState (FollowerState.java:run(108)) - b4ae536c-ed18-4717-a75c-ca4b5d6c4001@group-75C85B6D1182-FollowerState: change to CANDIDATE, lastRpcTime:20ms, electionTimeout:20ms
2019-10-24 15:43:48,401 [abb8132e-b90b-4ab3-abdd-91ffef5e5962@group-D6115FD00A99-LeaderElection11] INFO  server.RaftServerConfigKeys (ConfUtils.java:logGet(43)) - raft.server.log.appender.snapshot.chunk.size.max = 16MB (=16777216) (default)
2019-10-24 15:43:48,402 [Thread-353] INFO  impl.RoleInfo (RoleInfo.java:shutdownFollowerState(121)) - b4ae536c-ed18-4717-a75c-ca4b5d6c4001: shutdown FollowerState
2019-10-24 15:43:48,402 [abb8132e-b90b-4ab3-abdd-91ffef5e5962@group-D6115FD00A99-LeaderElection11] INFO  server.RaftServerConfigKeys (ConfUtils.java:logGet(43)) - raft.server.log.appender.buffer.byte-limit = 33554432 (custom)
2019-10-24 15:43:48,402 [Thread-353] INFO  impl.RaftServerImpl (RaftServerImpl.java:setRole(184)) - b4ae536c-ed18-4717-a75c-ca4b5d6c4001@group-75C85B6D1182: changes role from  FOLLOWER to CANDIDATE at term 0 for changeToCandidate
2019-10-24 15:43:48,402 [Thread-353] INFO  impl.RoleInfo (RoleInfo.java:updateAndGet(143)) - b4ae536c-ed18-4717-a75c-ca4b5d6c4001: start LeaderElection
2019-10-24 15:43:48,402 [abb8132e-b90b-4ab3-abdd-91ffef5e5962@group-D6115FD00A99-LeaderElection11] INFO  server.RaftServerConfigKeys (ConfUtils.java:logGet(43)) - raft.server.log.appender.buffer.element-limit = 1 (custom)
2019-10-24 15:43:48,402 [RatisPipelineUtilsThread] INFO  pipeline.PipelineStateManager (PipelineStateManager.java:addPipeline(56)) - Created pipeline Pipeline[ Id: 92bd9c40-3185-4634-97b8-75c85b6d1182, Nodes: 9092f221-0e0d-4970-bb84-cacd95020f21{ip: 192.168.164.213, host: pr-hdds-2359-djbrp-462585948, networkLocation: /default-rack, certSerialId: null}af280123-6372-4d1f-a5d4-c36229a73203{ip: 192.168.164.213, host: pr-hdds-2359-djbrp-462585948, networkLocation: /default-rack, certSerialId: null}b4ae536c-ed18-4717-a75c-ca4b5d6c4001{ip: 192.168.164.213, host: pr-hdds-2359-djbrp-462585948, networkLocation: /default-rack, certSerialId: null}, Type:RATIS, Factor:THREE, State:OPEN]
2019-10-24 15:43:48,418 [abb8132e-b90b-4ab3-abdd-91ffef5e5962@group-D6115FD00A99-LeaderElection11] INFO  grpc.GrpcConfigKeys$Server (ConfUtils.java:logGet(43)) - raft.grpc.server.leader.outstanding.appends.max = 128 (default)
2019-10-24 15:43:48,419 [Thread-354] INFO  impl.FollowerState (FollowerState.java:run(108)) - 9092f221-0e0d-4970-bb84-cacd95020f21@group-75C85B6D1182-FollowerState: change to CANDIDATE, lastRpcTime:36ms, electionTimeout:32ms
2019-10-24 15:43:48,421 [abb8132e-b90b-4ab3-abdd-91ffef5e5962@group-D6115FD00A99-LeaderElection11] INFO  server.RaftServerConfigKeys (ConfUtils.java:logGet(43)) - raft.server.rpc.request.timeout = 3000ms (default)
2019-10-24 15:43:48,421 [Thread-354] INFO  impl.RoleInfo (RoleInfo.java:shutdownFollowerState(121)) - 9092f221-0e0d-4970-bb84-cacd95020f21: shutdown FollowerState
2019-10-24 15:43:48,421 [abb8132e-b90b-4ab3-abdd-91ffef5e5962@group-D6115FD00A99-LeaderElection11] INFO  server.RaftServerConfigKeys (ConfUtils.java:logGet(43)) - raft.server.log.appender.install.snapshot.enabled = false (custom)
2019-10-24 15:43:48,423 [Thread-354] INFO  impl.RaftServerImpl (RaftServerImpl.java:setRole(184)) - 9092f221-0e0d-4970-bb84-cacd95020f21@group-75C85B6D1182: changes role from  FOLLOWER to CANDIDATE at term 0 for changeToCandidate
2019-10-24 15:43:48,424 [Thread-354] INFO  impl.RoleInfo (RoleInfo.java:updateAndGet(143)) - 9092f221-0e0d-4970-bb84-cacd95020f21: start LeaderElection
2019-10-24 15:43:48,431 [abb8132e-b90b-4ab3-abdd-91ffef5e5962@group-D6115FD00A99-LeaderElection11] INFO  server.RaftServerConfigKeys (ConfUtils.java:logGet(43)) - raft.server.log.appender.snapshot.chunk.size.max = 16MB (=16777216) (default)
2019-10-24 15:43:48,439 [b4ae536c-ed18-4717-a75c-ca4b5d6c4001@group-75C85B6D1182-LeaderElection12] INFO  impl.LeaderElection (LeaderElection.java:askForVotes(178)) - b4ae536c-ed18-4717-a75c-ca4b5d6c4001@group-75C85B6D1182-LeaderElection12: begin an election at term 1 for -1: [9092f221-0e0d-4970-bb84-cacd95020f21:192.168.164.213:41903, af280123-6372-4d1f-a5d4-c36229a73203:192.168.164.213:35334, b4ae536c-ed18-4717-a75c-ca4b5d6c4001:192.168.164.213:41180], old=null
2019-10-24 15:43:48,439 [grpc-default-executor-0] INFO  impl.RaftServerProxy (RaftServerProxy.java:addNew(89)) - a667faea-0fef-4f07-8d37-e0d8f63f2a62: addNew group-56059261E3EC:[3a65ecdf-e32f-4548-a2e5-44ab823c11b3:192.168.164.213:44036, a667faea-0fef-4f07-8d37-e0d8f63f2a62:192.168.164.213:36278, 2f81ded6-48e6-408d-9409-3cd44f70bee8:192.168.164.213:36516] returns group-56059261E3EC:java.util.concurrent.CompletableFuture@1913110d[Not completed]
2019-10-24 15:43:48,439 [abb8132e-b90b-4ab3-abdd-91ffef5e5962@group-D6115FD00A99-LeaderElection11] INFO  server.RaftServerConfigKeys (ConfUtils.java:logGet(43)) - raft.server.log.appender.buffer.byte-limit = 33554432 (custom)
2019-10-24 15:43:48,442 [abb8132e-b90b-4ab3-abdd-91ffef5e5962@group-D6115FD00A99-LeaderElection11] INFO  server.RaftServerConfigKeys (ConfUtils.java:logGet(43)) - raft.server.log.appender.buffer.element-limit = 1 (custom)
2019-10-24 15:43:48,439 [9092f221-0e0d-4970-bb84-cacd95020f21@group-75C85B6D1182-LeaderElection13] INFO  impl.LeaderElection (LeaderElection.java:askForVotes(178)) - 9092f221-0e0d-4970-bb84-cacd95020f21@group-75C85B6D1182-LeaderElection13: begin an election at term 1 for -1: [9092f221-0e0d-4970-bb84-cacd95020f21:192.168.164.213:41903, af280123-6372-4d1f-a5d4-c36229a73203:192.168.164.213:35334, b4ae536c-ed18-4717-a75c-ca4b5d6c4001:192.168.164.213:41180], old=null
2019-10-24 15:43:48,442 [grpc-default-executor-2] INFO  impl.RaftServerProxy (RaftServerProxy.java:addNew(89)) - 2f81ded6-48e6-408d-9409-3cd44f70bee8: addNew group-56059261E3EC:[3a65ecdf-e32f-4548-a2e5-44ab823c11b3:192.168.164.213:44036, a667faea-0fef-4f07-8d37-e0d8f63f2a62:192.168.164.213:36278, 2f81ded6-48e6-408d-9409-3cd44f70bee8:192.168.164.213:36516] returns group-56059261E3EC:java.util.concurrent.CompletableFuture@213b1ba3[Not completed]
2019-10-24 15:43:48,442 [abb8132e-b90b-4ab3-abdd-91ffef5e5962@group-D6115FD00A99-LeaderElection11] INFO  grpc.GrpcConfigKeys$Server (ConfUtils.java:logGet(43)) - raft.grpc.server.leader.outstanding.appends.max = 128 (default)
2019-10-24 15:43:48,444 [abb8132e-b90b-4ab3-abdd-91ffef5e5962@group-D6115FD00A99-LeaderElection11] INFO  server.RaftServerConfigKeys (ConfUtils.java:logGet(43)) - raft.server.rpc.request.timeout = 3000ms (default)
2019-10-24 15:43:48,444 [abb8132e-b90b-4ab3-abdd-91ffef5e5962@group-D6115FD00A99-LeaderElection11] INFO  server.RaftServerConfigKeys (ConfUtils.java:logGet(43)) - raft.server.log.appender.install.snapshot.enabled = false (custom)
2019-10-24 15:43:48,445 [pool-37-thread-1] INFO  impl.RaftServerImpl (RaftServerImpl.java:<init>(104)) - a667faea-0fef-4f07-8d37-e0d8f63f2a62: new RaftServerImpl for group-56059261E3EC:[3a65ecdf-e32f-4548-a2e5-44ab823c11b3:192.168.164.213:44036, a667faea-0fef-4f07-8d37-e0d8f63f2a62:192.168.164.213:36278, 2f81ded6-48e6-408d-9409-3cd44f70bee8:192.168.164.213:36516] with ContainerStateMachine:uninitialized
2019-10-24 15:43:48,446 [grpc-default-executor-2] INFO  impl.RaftServerProxy (RaftServerProxy.java:addNew(89)) - 3a65ecdf-e32f-4548-a2e5-44ab823c11b3: addNew group-56059261E3EC:[3a65ecdf-e32f-4548-a2e5-44ab823c11b3:192.168.164.213:44036, a667faea-0fef-4f07-8d37-e0d8f63f2a62:192.168.164.213:36278, 2f81ded6-48e6-408d-9409-3cd44f70bee8:192.168.164.213:36516] returns group-56059261E3EC:java.util.concurrent.CompletableFuture@6d77d453[Not completed]
2019-10-24 15:43:48,447 [pool-37-thread-1] INFO  server.RaftServerConfigKeys (ConfUtils.java:logGet(43)) - raft.server.rpc.timeout.min = 1s (custom)
2019-10-24 15:43:48,450 [pool-37-thread-1] INFO  server.RaftServerConfigKeys (ConfUtils.java:logGet(43)) - raft.server.rpc.timeout.max = 1200ms (custom)
2019-10-24 15:43:48,450 [pool-37-thread-1] INFO  server.RaftServerConfigKeys (ConfUtils.java:logGet(43)) - raft.server.rpcslowness.timeout = 120s (custom)
2019-10-24 15:43:48,450 [pool-37-thread-1] INFO  server.RaftServerConfigKeys (ConfUtils.java:logGet(43)) - raft.server.sleep.deviation.threshold = 300 (default)
2019-10-24 15:43:48,450 [pool-37-thread-1] INFO  server.RaftServerConfigKeys (ConfUtils.java:logGet(43)) - raft.server.log.appender.install.snapshot.enabled = false (custom)
2019-10-24 15:43:48,450 [pool-37-thread-1] INFO  impl.RaftServerImpl (ServerState.java:<init>(103)) - a667faea-0fef-4f07-8d37-e0d8f63f2a62@group-56059261E3EC: ConfigurationManager, init=-1: [3a65ecdf-e32f-4548-a2e5-44ab823c11b3:192.168.164.213:44036, a667faea-0fef-4f07-8d37-e0d8f63f2a62:192.168.164.213:36278, 2f81ded6-48e6-408d-9409-3cd44f70bee8:192.168.164.213:36516], old=null, confs=<EMPTY_MAP>
2019-10-24 15:43:48,450 [pool-37-thread-1] INFO  server.RaftServerConfigKeys (ConfUtils.java:logGet(43)) - raft.server.storage.dir = [/workdir/hadoop-ozone/integration-test/target/test-dir/MiniOzoneClusterImpl-0feb3ce4-70f4-42f6-988c-6bd7afad892e/datanode-1/data/ratis] (custom)
2019-10-24 15:43:48,451 [pool-117-thread-1] INFO  impl.RaftServerImpl (RaftServerImpl.java:<init>(104)) - 2f81ded6-48e6-408d-9409-3cd44f70bee8: new RaftServerImpl for group-56059261E3EC:[3a65ecdf-e32f-4548-a2e5-44ab823c11b3:192.168.164.213:44036, a667faea-0fef-4f07-8d37-e0d8f63f2a62:192.168.164.213:36278, 2f81ded6-48e6-408d-9409-3cd44f70bee8:192.168.164.213:36516] with ContainerStateMachine:uninitialized
2019-10-24 15:43:48,451 [pool-117-thread-1] INFO  server.RaftServerConfigKeys (ConfUtils.java:logGet(43)) - raft.server.rpc.timeout.min = 1s (custom)
2019-10-24 15:43:48,451 [pool-37-thread-1] INFO  server.RaftServerConfigKeys (ConfUtils.java:logGet(43)) - raft.server.log.corruption.policy = EXCEPTION (default)
2019-10-24 15:43:48,451 [pool-117-thread-1] INFO  server.RaftServerConfigKeys (ConfUtils.java:logGet(43)) - raft.server.rpc.timeout.max = 1200ms (custom)
2019-10-24 15:43:48,451 [pool-117-thread-1] INFO  server.RaftServerConfigKeys (ConfUtils.java:logGet(43)) - raft.server.rpcslowness.timeout = 120s (custom)
2019-10-24 15:43:48,451 [pool-37-thread-1] INFO  storage.RaftStorageDirectory (RaftStorageDirectory.java:analyzeStorage(246)) - The storage directory /workdir/hadoop-ozone/integration-test/target/test-dir/MiniOzoneClusterImpl-0feb3ce4-70f4-42f6-988c-6bd7afad892e/datanode-1/data/ratis/1d06b086-ae5b-4193-a29f-56059261e3ec does not exist. Creating ...
2019-10-24 15:43:48,451 [pool-117-thread-1] INFO  server.RaftServerConfigKeys (ConfUtils.java:logGet(43)) - raft.server.sleep.deviation.threshold = 300 (default)
2019-10-24 15:43:48,451 [pool-117-thread-1] INFO  server.RaftServerConfigKeys (ConfUtils.java:logGet(43)) - raft.server.log.appender.install.snapshot.enabled = false (custom)
2019-10-24 15:43:48,451 [pool-87-thread-1] INFO  impl.RaftServerImpl (RaftServerImpl.java:<init>(104)) - 3a65ecdf-e32f-4548-a2e5-44ab823c11b3: new RaftServerImpl for group-56059261E3EC:[3a65ecdf-e32f-4548-a2e5-44ab823c11b3:192.168.164.213:44036, a667faea-0fef-4f07-8d37-e0d8f63f2a62:192.168.164.213:36278, 2f81ded6-48e6-408d-9409-3cd44f70bee8:192.168.164.213:36516] with ContainerStateMachine:uninitialized
2019-10-24 15:43:48,451 [pool-117-thread-1] INFO  impl.RaftServerImpl (ServerState.java:<init>(103)) - 2f81ded6-48e6-408d-9409-3cd44f70bee8@group-56059261E3EC: ConfigurationManager, init=-1: [3a65ecdf-e32f-4548-a2e5-44ab823c11b3:192.168.164.213:44036, a667faea-0fef-4f07-8d37-e0d8f63f2a62:192.168.164.213:36278, 2f81ded6-48e6-408d-9409-3cd44f70bee8:192.168.164.213:36516], old=null, confs=<EMPTY_MAP>
2019-10-24 15:43:48,452 [pool-87-thread-1] INFO  server.RaftServerConfigKeys (ConfUtils.java:logGet(43)) - raft.server.rpc.timeout.min = 1s (custom)
2019-10-24 15:43:48,452 [pool-117-thread-1] INFO  server.RaftServerConfigKeys (ConfUtils.java:logGet(43)) - raft.server.storage.dir = [/workdir/hadoop-ozone/integration-test/target/test-dir/MiniOzoneClusterImpl-0feb3ce4-70f4-42f6-988c-6bd7afad892e/datanode-9/data/ratis] (custom)
2019-10-24 15:43:48,452 [pool-87-thread-1] INFO  server.RaftServerConfigKeys (ConfUtils.java:logGet(43)) - raft.server.rpc.timeout.max = 1200ms (custom)
2019-10-24 15:43:48,452 [pool-87-thread-1] INFO  server.RaftServerConfigKeys (ConfUtils.java:logGet(43)) - raft.server.rpcslowness.timeout = 120s (custom)
2019-10-24 15:43:48,452 [pool-117-thread-1] INFO  server.RaftServerConfigKeys (ConfUtils.java:logGet(43)) - raft.server.log.corruption.policy = EXCEPTION (default)
2019-10-24 15:43:48,452 [pool-87-thread-1] INFO  server.RaftServerConfigKeys (ConfUtils.java:logGet(43)) - raft.server.sleep.deviation.threshold = 300 (default)
2019-10-24 15:43:48,452 [pool-117-thread-1] INFO  storage.RaftStorageDirectory (RaftStorageDirectory.java:analyzeStorage(246)) - The storage directory /workdir/hadoop-ozone/integration-test/target/test-dir/MiniOzoneClusterImpl-0feb3ce4-70f4-42f6-988c-6bd7afad892e/datanode-9/data/ratis/1d06b086-ae5b-4193-a29f-56059261e3ec does not exist. Creating ...
2019-10-24 15:43:48,452 [pool-87-thread-1] INFO  server.RaftServerConfigKeys (ConfUtils.java:logGet(43)) - raft.server.log.appender.install.snapshot.enabled = false (custom)
2019-10-24 15:43:48,452 [pool-87-thread-1] INFO  impl.RaftServerImpl (ServerState.java:<init>(103)) - 3a65ecdf-e32f-4548-a2e5-44ab823c11b3@group-56059261E3EC: ConfigurationManager, init=-1: [3a65ecdf-e32f-4548-a2e5-44ab823c11b3:192.168.164.213:44036, a667faea-0fef-4f07-8d37-e0d8f63f2a62:192.168.164.213:36278, 2f81ded6-48e6-408d-9409-3cd44f70bee8:192.168.164.213:36516], old=null, confs=<EMPTY_MAP>
2019-10-24 15:43:48,453 [pool-87-thread-1] INFO  server.RaftServerConfigKeys (ConfUtils.java:logGet(43)) - raft.server.storage.dir = [/workdir/hadoop-ozone/integration-test/target/test-dir/MiniOzoneClusterImpl-0feb3ce4-70f4-42f6-988c-6bd7afad892e/datanode-6/data/ratis] (custom)
2019-10-24 15:43:48,453 [pool-87-thread-1] INFO  server.RaftServerConfigKeys (ConfUtils.java:logGet(43)) - raft.server.log.corruption.policy = EXCEPTION (default)
2019-10-24 15:43:48,453 [pool-87-thread-1] INFO  storage.RaftStorageDirectory (RaftStorageDirectory.java:analyzeStorage(246)) - The storage directory /workdir/hadoop-ozone/integration-test/target/test-dir/MiniOzoneClusterImpl-0feb3ce4-70f4-42f6-988c-6bd7afad892e/datanode-6/data/ratis/1d06b086-ae5b-4193-a29f-56059261e3ec does not exist. Creating ...
2019-10-24 15:43:48,457 [9092f221-0e0d-4970-bb84-cacd95020f21@group-75C85B6D1182-LeaderElection13] INFO  impl.LeaderElection (LeaderElection.java:logAndReturn(56)) - 9092f221-0e0d-4970-bb84-cacd95020f21@group-75C85B6D1182-LeaderElection13: Election TIMEOUT; received 0 response(s) [] and 0 exception(s); 9092f221-0e0d-4970-bb84-cacd95020f21@group-75C85B6D1182:t1, leader=null, voted=9092f221-0e0d-4970-bb84-cacd95020f21, raftlog=9092f221-0e0d-4970-bb84-cacd95020f21@group-75C85B6D1182-SegmentedRaftLog:OPENED:c-1,f-1,i0, conf=-1: [9092f221-0e0d-4970-bb84-cacd95020f21:192.168.164.213:41903, af280123-6372-4d1f-a5d4-c36229a73203:192.168.164.213:35334, b4ae536c-ed18-4717-a75c-ca4b5d6c4001:192.168.164.213:41180], old=null
2019-10-24 15:43:48,461 [grpc-default-executor-0] INFO  impl.RaftServerImpl (RaftServerImpl.java:setRole(184)) - af280123-6372-4d1f-a5d4-c36229a73203@group-75C85B6D1182: changes role from  FOLLOWER to FOLLOWER at term 1 for recognizeCandidate:b4ae536c-ed18-4717-a75c-ca4b5d6c4001
2019-10-24 15:43:48,462 [grpc-default-executor-0] INFO  impl.RoleInfo (RoleInfo.java:shutdownFollowerState(121)) - af280123-6372-4d1f-a5d4-c36229a73203: shutdown FollowerState
2019-10-24 15:43:48,462 [abb8132e-b90b-4ab3-abdd-91ffef5e5962@group-D6115FD00A99-LeaderElection11] INFO  impl.RoleInfo (RoleInfo.java:updateAndGet(143)) - abb8132e-b90b-4ab3-abdd-91ffef5e5962: start LeaderState
2019-10-24 15:43:48,465 [Thread-355] INFO  impl.FollowerState (FollowerState.java:run(117)) - af280123-6372-4d1f-a5d4-c36229a73203@group-75C85B6D1182-FollowerState was interrupted: java.lang.InterruptedException: sleep interrupted
2019-10-24 15:43:48,465 [grpc-default-executor-0] INFO  impl.RoleInfo (RoleInfo.java:updateAndGet(143)) - af280123-6372-4d1f-a5d4-c36229a73203: start FollowerState
2019-10-24 15:43:48,465 [pool-87-thread-1] INFO  storage.RaftStorageDirectory (RaftStorageDirectory.java:tryLock(328)) - Lock on /workdir/hadoop-ozone/integration-test/target/test-dir/MiniOzoneClusterImpl-0feb3ce4-70f4-42f6-988c-6bd7afad892e/datanode-6/data/ratis/1d06b086-ae5b-4193-a29f-56059261e3ec/in_use.lock acquired by nodename 4821@pr-hdds-2359-djbrp-462585948
2019-10-24 15:43:48,465 [pool-117-thread-1] INFO  storage.RaftStorageDirectory (RaftStorageDirectory.java:tryLock(328)) - Lock on /workdir/hadoop-ozone/integration-test/target/test-dir/MiniOzoneClusterImpl-0feb3ce4-70f4-42f6-988c-6bd7afad892e/datanode-9/data/ratis/1d06b086-ae5b-4193-a29f-56059261e3ec/in_use.lock acquired by nodename 4821@pr-hdds-2359-djbrp-462585948
2019-10-24 15:43:48,465 [pool-37-thread-1] INFO  storage.RaftStorageDirectory (RaftStorageDirectory.java:tryLock(328)) - Lock on /workdir/hadoop-ozone/integration-test/target/test-dir/MiniOzoneClusterImpl-0feb3ce4-70f4-42f6-988c-6bd7afad892e/datanode-1/data/ratis/1d06b086-ae5b-4193-a29f-56059261e3ec/in_use.lock acquired by nodename 4821@pr-hdds-2359-djbrp-462585948
2019-10-24 15:43:48,466 [abb8132e-b90b-4ab3-abdd-91ffef5e5962@group-D6115FD00A99-LeaderElection11] INFO  segmented.SegmentedRaftLogWorker (SegmentedRaftLogWorker.java:startLogSegment(385)) - abb8132e-b90b-4ab3-abdd-91ffef5e5962@group-D6115FD00A99-SegmentedRaftLogWorker: Starting segment from index:0
2019-10-24 15:43:48,466 [9092f221-0e0d-4970-bb84-cacd95020f21@group-75C85B6D1182-LeaderElection13] INFO  impl.LeaderElection (LeaderElection.java:askForVotes(178)) - 9092f221-0e0d-4970-bb84-cacd95020f21@group-75C85B6D1182-LeaderElection13: begin an election at term 2 for -1: [9092f221-0e0d-4970-bb84-cacd95020f21:192.168.164.213:41903, af280123-6372-4d1f-a5d4-c36229a73203:192.168.164.213:35334, b4ae536c-ed18-4717-a75c-ca4b5d6c4001:192.168.164.213:41180], old=null
2019-10-24 15:43:48,470 [b4ae536c-ed18-4717-a75c-ca4b5d6c4001@group-75C85B6D1182-LeaderElection12] INFO  impl.LeaderElection (LeaderElection.java:logAndReturn(56)) - b4ae536c-ed18-4717-a75c-ca4b5d6c4001@group-75C85B6D1182-LeaderElection12: Election TIMEOUT; received 0 response(s) [] and 0 exception(s); b4ae536c-ed18-4717-a75c-ca4b5d6c4001@group-75C85B6D1182:t1, leader=null, voted=b4ae536c-ed18-4717-a75c-ca4b5d6c4001, raftlog=b4ae536c-ed18-4717-a75c-ca4b5d6c4001@group-75C85B6D1182-SegmentedRaftLog:OPENED:c-1,f-1,i0, conf=-1: [9092f221-0e0d-4970-bb84-cacd95020f21:192.168.164.213:41903, af280123-6372-4d1f-a5d4-c36229a73203:192.168.164.213:35334, b4ae536c-ed18-4717-a75c-ca4b5d6c4001:192.168.164.213:41180], old=null
2019-10-24 15:43:48,470 [abb8132e-b90b-4ab3-abdd-91ffef5e5962@group-D6115FD00A99-LeaderElection11] INFO  impl.RaftServerImpl (ServerState.java:setRaftConf(357)) - abb8132e-b90b-4ab3-abdd-91ffef5e5962@group-D6115FD00A99: set configuration 0: [876b8685-e2e6-4b2b-9f0d-f9ddcb91e852:192.168.164.213:33356, 131ee32b-eb71-4a4b-82eb-895fd06b61f2:192.168.164.213:38159, abb8132e-b90b-4ab3-abdd-91ffef5e5962:192.168.164.213:45083], old=null at 0
2019-10-24 15:43:48,510 [pool-87-thread-1] INFO  storage.RaftStorage (RaftStorage.java:format(84)) - Storage directory /workdir/hadoop-ozone/integration-test/target/test-dir/MiniOzoneClusterImpl-0feb3ce4-70f4-42f6-988c-6bd7afad892e/datanode-6/data/ratis/1d06b086-ae5b-4193-a29f-56059261e3ec has been successfully formatted.
2019-10-24 15:43:48,510 [pool-37-thread-1] INFO  storage.RaftStorage (RaftStorage.java:format(84)) - Storage directory /workdir/hadoop-ozone/integration-test/target/test-dir/MiniOzoneClusterImpl-0feb3ce4-70f4-42f6-988c-6bd7afad892e/datanode-1/data/ratis/1d06b086-ae5b-4193-a29f-56059261e3ec has been successfully formatted.
2019-10-24 15:43:48,515 [pool-87-thread-1] INFO  ratis.ContainerStateMachine (ContainerStateMachine.java:loadSnapshot(231)) - group-56059261E3EC: The snapshot info is null. Setting the last applied indexto:(t:0, i:~)
2019-10-24 15:43:48,516 [pool-37-thread-1] INFO  ratis.ContainerStateMachine (ContainerStateMachine.java:loadSnapshot(231)) - group-56059261E3EC: The snapshot info is null. Setting the last applied indexto:(t:0, i:~)
2019-10-24 15:43:48,515 [Thread-368] INFO  impl.FollowerState (FollowerState.java:run(108)) - af280123-6372-4d1f-a5d4-c36229a73203@group-75C85B6D1182-FollowerState: change to CANDIDATE, lastRpcTime:50ms, electionTimeout:12ms
2019-10-24 15:43:48,516 [pool-37-thread-1] INFO  server.RaftServerConfigKeys (ConfUtils.java:logGet(43)) - raft.server.notification.no-leader.timeout = 120s (custom)
2019-10-24 15:43:48,516 [pool-37-thread-1] INFO  server.RaftServerConfigKeys (ConfUtils.java:logGet(43)) - raft.server.log.use.memory = false (default)
2019-10-24 15:43:48,516 [pool-87-thread-1] INFO  server.RaftServerConfigKeys (ConfUtils.java:logGet(43)) - raft.server.notification.no-leader.timeout = 120s (custom)
2019-10-24 15:43:48,519 [pool-37-thread-1] INFO  server.RaftServerConfigKeys (ConfUtils.java:logGet(43)) - raft.server.log.purge.gap = 1000000 (custom)
2019-10-24 15:43:48,519 [Thread-348] INFO  impl.FollowerState (FollowerState.java:run(108)) - 131ee32b-eb71-4a4b-82eb-895fd06b61f2@group-D6115FD00A99-FollowerState: change to CANDIDATE, lastRpcTime:180ms, electionTimeout:176ms
2019-10-24 15:43:48,516 [Thread-368] INFO  impl.RoleInfo (RoleInfo.java:shutdownFollowerState(121)) - af280123-6372-4d1f-a5d4-c36229a73203: shutdown FollowerState
2019-10-24 15:43:48,519 [Thread-348] INFO  impl.RoleInfo (RoleInfo.java:shutdownFollowerState(121)) - 131ee32b-eb71-4a4b-82eb-895fd06b61f2: shutdown FollowerState
2019-10-24 15:43:48,519 [pool-37-thread-1] INFO  server.RaftServerConfigKeys (ConfUtils.java:logGet(43)) - raft.server.log.appender.buffer.byte-limit = 33554432 (custom)
2019-10-24 15:43:48,519 [pool-87-thread-1] INFO  server.RaftServerConfigKeys (ConfUtils.java:logGet(43)) - raft.server.log.use.memory = false (default)
2019-10-24 15:43:48,520 [pool-37-thread-1] INFO  server.RaftServerConfigKeys (ConfUtils.java:logGet(43)) - raft.server.log.segment.size.max = 1048576 (custom)
2019-10-24 15:43:48,520 [Thread-348] INFO  impl.RaftServerImpl (RaftServerImpl.java:setRole(184)) - 131ee32b-eb71-4a4b-82eb-895fd06b61f2@group-D6115FD00A99: changes role from  FOLLOWER to CANDIDATE at term 1 for changeToCandidate
2019-10-24 15:43:48,519 [Thread-368] INFO  impl.RaftServerImpl (RaftServerImpl.java:setRole(184)) - af280123-6372-4d1f-a5d4-c36229a73203@group-75C85B6D1182: changes role from  FOLLOWER to CANDIDATE at term 1 for changeToCandidate
2019-10-24 15:43:48,520 [pool-37-thread-1] INFO  server.RaftServerConfigKeys (ConfUtils.java:logGet(43)) - raft.server.log.segment.cache.num.max = 2 (custom)
2019-10-24 15:43:48,520 [Thread-368] INFO  impl.RoleInfo (RoleInfo.java:updateAndGet(143)) - af280123-6372-4d1f-a5d4-c36229a73203: start LeaderElection
2019-10-24 15:43:48,520 [pool-87-thread-1] INFO  server.RaftServerConfigKeys (ConfUtils.java:logGet(43)) - raft.server.log.purge.gap = 1000000 (custom)
2019-10-24 15:43:48,520 [pool-37-thread-1] INFO  segmented.SegmentedRaftLogWorker (SegmentedRaftLogWorker.java:<init>(173)) - new a667faea-0fef-4f07-8d37-e0d8f63f2a62@group-56059261E3EC-SegmentedRaftLogWorker for RaftStorage:Storage Directory /workdir/hadoop-ozone/integration-test/target/test-dir/MiniOzoneClusterImpl-0feb3ce4-70f4-42f6-988c-6bd7afad892e/datanode-1/data/ratis/1d06b086-ae5b-4193-a29f-56059261e3ec
2019-10-24 15:43:48,520 [Thread-348] INFO  impl.RoleInfo (RoleInfo.java:updateAndGet(143)) - 131ee32b-eb71-4a4b-82eb-895fd06b61f2: start LeaderElection
2019-10-24 15:43:48,531 [Thread-347] INFO  impl.FollowerState (FollowerState.java:run(108)) - 876b8685-e2e6-4b2b-9f0d-f9ddcb91e852@group-D6115FD00A99-FollowerState: change to CANDIDATE, lastRpcTime:194ms, electionTimeout:183ms
2019-10-24 15:43:48,531 [pool-37-thread-1] INFO  server.RaftServerConfigKeys (ConfUtils.java:logGet(43)) - raft.server.log.queue.byte-limit = 2147483647 (custom)
2019-10-24 15:43:48,534 [Thread-347] INFO  impl.RoleInfo (RoleInfo.java:shutdownFollowerState(121)) - 876b8685-e2e6-4b2b-9f0d-f9ddcb91e852: shutdown FollowerState
2019-10-24 15:43:48,531 [pool-87-thread-1] INFO  server.RaftServerConfigKeys (ConfUtils.java:logGet(43)) - raft.server.log.appender.buffer.byte-limit = 33554432 (custom)
2019-10-24 15:43:48,536 [Thread-347] INFO  impl.RaftServerImpl (RaftServerImpl.java:setRole(184)) - 876b8685-e2e6-4b2b-9f0d-f9ddcb91e852@group-D6115FD00A99: changes role from  FOLLOWER to CANDIDATE at term 1 for changeToCandidate
2019-10-24 15:43:48,537 [pool-87-thread-1] INFO  server.RaftServerConfigKeys (ConfUtils.java:logGet(43)) - raft.server.log.segment.size.max = 1048576 (custom)
2019-10-24 15:43:48,535 [pool-37-thread-1] INFO  server.RaftServerConfigKeys (ConfUtils.java:logGet(43)) - raft.server.log.queue.element-limit = 1024 (custom)
2019-10-24 15:43:48,539 [b4ae536c-ed18-4717-a75c-ca4b5d6c4001@group-75C85B6D1182-LeaderElection12] INFO  impl.LeaderElection (LeaderElection.java:askForVotes(178)) - b4ae536c-ed18-4717-a75c-ca4b5d6c4001@group-75C85B6D1182-LeaderElection12: begin an election at term 2 for -1: [9092f221-0e0d-4970-bb84-cacd95020f21:192.168.164.213:41903, af280123-6372-4d1f-a5d4-c36229a73203:192.168.164.213:35334, b4ae536c-ed18-4717-a75c-ca4b5d6c4001:192.168.164.213:41180], old=null
2019-10-24 15:43:48,541 [pool-37-thread-1] INFO  server.RaftServerConfigKeys (ConfUtils.java:logGet(43)) - raft.server.log.segment.size.max = 1048576 (custom)
2019-10-24 15:43:48,538 [pool-117-thread-1] INFO  storage.RaftStorage (RaftStorage.java:format(84)) - Storage directory /workdir/hadoop-ozone/integration-test/target/test-dir/MiniOzoneClusterImpl-0feb3ce4-70f4-42f6-988c-6bd7afad892e/datanode-9/data/ratis/1d06b086-ae5b-4193-a29f-56059261e3ec has been successfully formatted.
2019-10-24 15:43:48,538 [abb8132e-b90b-4ab3-abdd-91ffef5e5962@group-D6115FD00A99-SegmentedRaftLogWorker] INFO  segmented.SegmentedRaftLogWorker (SegmentedRaftLogWorker.java:execute(576)) - abb8132e-b90b-4ab3-abdd-91ffef5e5962@group-D6115FD00A99-SegmentedRaftLogWorker: created new log segment /workdir/hadoop-ozone/integration-test/target/test-dir/MiniOzoneClusterImpl-0feb3ce4-70f4-42f6-988c-6bd7afad892e/datanode-8/data/ratis/029cd483-b1e5-49b9-bdf9-d6115fd00a99/current/log_inprogress_0
2019-10-24 15:43:48,543 [pool-37-thread-1] INFO  server.RaftServerConfigKeys (ConfUtils.java:logGet(43)) - raft.server.log.preallocated.size = 16384 (custom)
2019-10-24 15:43:48,541 [pool-87-thread-1] INFO  server.RaftServerConfigKeys (ConfUtils.java:logGet(43)) - raft.server.log.segment.cache.num.max = 2 (custom)
2019-10-24 15:43:48,542 [Thread-347] INFO  impl.RoleInfo (RoleInfo.java:updateAndGet(143)) - 876b8685-e2e6-4b2b-9f0d-f9ddcb91e852: start LeaderElection
2019-10-24 15:43:48,543 [pool-87-thread-1] INFO  segmented.SegmentedRaftLogWorker (SegmentedRaftLogWorker.java:<init>(173)) - new 3a65ecdf-e32f-4548-a2e5-44ab823c11b3@group-56059261E3EC-SegmentedRaftLogWorker for RaftStorage:Storage Directory /workdir/hadoop-ozone/integration-test/target/test-dir/MiniOzoneClusterImpl-0feb3ce4-70f4-42f6-988c-6bd7afad892e/datanode-6/data/ratis/1d06b086-ae5b-4193-a29f-56059261e3ec
2019-10-24 15:43:48,546 [pool-87-thread-1] INFO  server.RaftServerConfigKeys (ConfUtils.java:logGet(43)) - raft.server.log.queue.byte-limit = 2147483647 (custom)
2019-10-24 15:43:48,550 [pool-87-thread-1] INFO  server.RaftServerConfigKeys (ConfUtils.java:logGet(43)) - raft.server.log.queue.element-limit = 1024 (custom)
2019-10-24 15:43:48,543 [pool-37-thread-1] INFO  server.RaftServerConfigKeys (ConfUtils.java:logGet(43)) - raft.server.log.write.buffer.size = 33554432 (custom)
2019-10-24 15:43:48,543 [pool-117-thread-1] INFO  ratis.ContainerStateMachine (ContainerStateMachine.java:loadSnapshot(231)) - group-56059261E3EC: The snapshot info is null. Setting the last applied indexto:(t:0, i:~)
2019-10-24 15:43:48,550 [pool-37-thread-1] INFO  server.RaftServerConfigKeys (ConfUtils.java:logGet(43)) - raft.server.log.force.sync.num = 128 (default)
2019-10-24 15:43:48,550 [pool-87-thread-1] INFO  server.RaftServerConfigKeys (ConfUtils.java:logGet(43)) - raft.server.log.segment.size.max = 1048576 (custom)
2019-10-24 15:43:48,550 [pool-117-thread-1] INFO  server.RaftServerConfigKeys (ConfUtils.java:logGet(43)) - raft.server.notification.no-leader.timeout = 120s (custom)
2019-10-24 15:43:48,552 [pool-87-thread-1] INFO  server.RaftServerConfigKeys (ConfUtils.java:logGet(43)) - raft.server.log.preallocated.size = 16384 (custom)
2019-10-24 15:43:48,552 [pool-37-thread-1] INFO  server.RaftServerConfigKeys (ConfUtils.java:logGet(43)) - raft.server.log.statemachine.data.sync = true (default)
2019-10-24 15:43:48,553 [pool-87-thread-1] INFO  server.RaftServerConfigKeys (ConfUtils.java:logGet(43)) - raft.server.log.write.buffer.size = 33554432 (custom)
2019-10-24 15:43:48,553 [pool-117-thread-1] INFO  server.RaftServerConfigKeys (ConfUtils.java:logGet(43)) - raft.server.log.use.memory = false (default)
2019-10-24 15:43:48,553 [pool-87-thread-1] INFO  server.RaftServerConfigKeys (ConfUtils.java:logGet(43)) - raft.server.log.force.sync.num = 128 (default)
2019-10-24 15:43:48,553 [pool-37-thread-1] INFO  server.RaftServerConfigKeys (ConfUtils.java:logGet(43)) - raft.server.log.statemachine.data.sync.timeout = 10s (default)
2019-10-24 15:43:48,553 [pool-87-thread-1] INFO  server.RaftServerConfigKeys (ConfUtils.java:logGet(43)) - raft.server.log.statemachine.data.sync = true (default)
2019-10-24 15:43:48,553 [pool-117-thread-1] INFO  server.RaftServerConfigKeys (ConfUtils.java:logGet(43)) - raft.server.log.purge.gap = 1000000 (custom)
2019-10-24 15:43:48,553 [pool-87-thread-1] INFO  server.RaftServerConfigKeys (ConfUtils.java:logGet(43)) - raft.server.log.statemachine.data.sync.timeout = 10s (default)
2019-10-24 15:43:48,553 [pool-37-thread-1] INFO  server.RaftServerConfigKeys (ConfUtils.java:logGet(43)) - raft.server.log.statemachine.data.sync.timeout.retry = -1 (default)
2019-10-24 15:43:48,558 [876b8685-e2e6-4b2b-9f0d-f9ddcb91e852@group-D6115FD00A99-LeaderElection16] INFO  impl.LeaderElection (LeaderElection.java:askForVotes(178)) - 876b8685-e2e6-4b2b-9f0d-f9ddcb91e852@group-D6115FD00A99-LeaderElection16: begin an election at term 2 for -1: [876b8685-e2e6-4b2b-9f0d-f9ddcb91e852:192.168.164.213:33356, 131ee32b-eb71-4a4b-82eb-895fd06b61f2:192.168.164.213:38159, abb8132e-b90b-4ab3-abdd-91ffef5e5962:192.168.164.213:45083], old=null
2019-10-24 15:43:48,558 [af280123-6372-4d1f-a5d4-c36229a73203@group-75C85B6D1182-LeaderElection15] INFO  impl.LeaderElection (LeaderElection.java:askForVotes(178)) - af280123-6372-4d1f-a5d4-c36229a73203@group-75C85B6D1182-LeaderElection15: begin an election at term 2 for -1: [9092f221-0e0d-4970-bb84-cacd95020f21:192.168.164.213:41903, af280123-6372-4d1f-a5d4-c36229a73203:192.168.164.213:35334, b4ae536c-ed18-4717-a75c-ca4b5d6c4001:192.168.164.213:41180], old=null
2019-10-24 15:43:48,559 [pool-37-thread-1] INFO  server.RaftServerConfigKeys (ConfUtils.java:logGet(43)) - raft.server.log.statemachine.data.caching.enabled = true (custom)
2019-10-24 15:43:48,558 [131ee32b-eb71-4a4b-82eb-895fd06b61f2@group-D6115FD00A99-LeaderElection14] INFO  impl.LeaderElection (LeaderElection.java:askForVotes(178)) - 131ee32b-eb71-4a4b-82eb-895fd06b61f2@group-D6115FD00A99-LeaderElection14: begin an election at term 2 for -1: [876b8685-e2e6-4b2b-9f0d-f9ddcb91e852:192.168.164.213:33356, 131ee32b-eb71-4a4b-82eb-895fd06b61f2:192.168.164.213:38159, abb8132e-b90b-4ab3-abdd-91ffef5e5962:192.168.164.213:45083], old=null
2019-10-24 15:43:48,556 [pool-87-thread-1] INFO  server.RaftServerConfigKeys (ConfUtils.java:logGet(43)) - raft.server.log.statemachine.data.sync.timeout.retry = -1 (default)
2019-10-24 15:43:48,556 [pool-117-thread-1] INFO  server.RaftServerConfigKeys (ConfUtils.java:logGet(43)) - raft.server.log.appender.buffer.byte-limit = 33554432 (custom)
2019-10-24 15:43:48,562 [pool-37-thread-1] INFO  segmented.SegmentedRaftLogWorker (SegmentedRaftLogWorker.java:lambda$new$0(128)) - a667faea-0fef-4f07-8d37-e0d8f63f2a62@group-56059261E3EC-SegmentedRaftLogWorker: flushIndex: setUnconditionally 0 -> -1
2019-10-24 15:43:48,564 [pool-87-thread-1] INFO  server.RaftServerConfigKeys (ConfUtils.java:logGet(43)) - raft.server.log.statemachine.data.caching.enabled = true (custom)
2019-10-24 15:43:48,565 [pool-37-thread-1] INFO  server.RaftServerConfigKeys (ConfUtils.java:logGet(43)) - raft.server.snapshot.auto.trigger.enabled = true (custom)
2019-10-24 15:43:48,565 [pool-117-thread-1] INFO  server.RaftServerConfigKeys (ConfUtils.java:logGet(43)) - raft.server.log.segment.size.max = 1048576 (custom)
2019-10-24 15:43:48,567 [pool-37-thread-1] INFO  server.RaftServerConfigKeys (ConfUtils.java:logGet(43)) - raft.server.snapshot.auto.trigger.threshold = 10000 (custom)
2019-10-24 15:43:48,569 [pool-87-thread-1] INFO  segmented.SegmentedRaftLogWorker (SegmentedRaftLogWorker.java:lambda$new$0(128)) - 3a65ecdf-e32f-4548-a2e5-44ab823c11b3@group-56059261E3EC-SegmentedRaftLogWorker: flushIndex: setUnconditionally 0 -> -1
2019-10-24 15:43:48,571 [9092f221-0e0d-4970-bb84-cacd95020f21@group-75C85B6D1182-LeaderElection13] INFO  impl.LeaderElection (LeaderElection.java:logAndReturn(56)) - 9092f221-0e0d-4970-bb84-cacd95020f21@group-75C85B6D1182-LeaderElection13: Election REJECTED; received 2 response(s) [9092f221-0e0d-4970-bb84-cacd95020f21<-b4ae536c-ed18-4717-a75c-ca4b5d6c4001#0:FAIL-t2, 9092f221-0e0d-4970-bb84-cacd95020f21<-af280123-6372-4d1f-a5d4-c36229a73203#0:FAIL-t2] and 0 exception(s); 9092f221-0e0d-4970-bb84-cacd95020f21@group-75C85B6D1182:t2, leader=null, voted=9092f221-0e0d-4970-bb84-cacd95020f21, raftlog=9092f221-0e0d-4970-bb84-cacd95020f21@group-75C85B6D1182-SegmentedRaftLog:OPENED:c-1,f-1,i0, conf=-1: [9092f221-0e0d-4970-bb84-cacd95020f21:192.168.164.213:41903, af280123-6372-4d1f-a5d4-c36229a73203:192.168.164.213:35334, b4ae536c-ed18-4717-a75c-ca4b5d6c4001:192.168.164.213:41180], old=null
2019-10-24 15:43:48,571 [pool-37-thread-1] INFO  server.RaftServerConfigKeys (ConfUtils.java:logGet(43)) - raft.server.snapshot.retention.file.num = 5 (custom)
2019-10-24 15:43:48,571 [pool-117-thread-1] INFO  server.RaftServerConfigKeys (ConfUtils.java:logGet(43)) - raft.server.log.segment.cache.num.max = 2 (custom)
2019-10-24 15:43:48,573 [pool-117-thread-1] INFO  segmented.SegmentedRaftLogWorker (SegmentedRaftLogWorker.java:<init>(173)) - new 2f81ded6-48e6-408d-9409-3cd44f70bee8@group-56059261E3EC-SegmentedRaftLogWorker for RaftStorage:Storage Directory /workdir/hadoop-ozone/integration-test/target/test-dir/MiniOzoneClusterImpl-0feb3ce4-70f4-42f6-988c-6bd7afad892e/datanode-9/data/ratis/1d06b086-ae5b-4193-a29f-56059261e3ec
2019-10-24 15:43:48,573 [pool-117-thread-1] INFO  server.RaftServerConfigKeys (ConfUtils.java:logGet(43)) - raft.server.log.queue.byte-limit = 2147483647 (custom)
2019-10-24 15:43:48,574 [pool-87-thread-1] INFO  server.RaftServerConfigKeys (ConfUtils.java:logGet(43)) - raft.server.snapshot.auto.trigger.enabled = true (custom)
2019-10-24 15:43:48,574 [9092f221-0e0d-4970-bb84-cacd95020f21@group-75C85B6D1182-LeaderElection13] INFO  impl.RaftServerImpl (RaftServerImpl.java:setRole(184)) - 9092f221-0e0d-4970-bb84-cacd95020f21@group-75C85B6D1182: changes role from CANDIDATE to FOLLOWER at term 2 for DISCOVERED_A_NEW_TERM
2019-10-24 15:43:48,574 [pool-37-thread-1] INFO  server.RaftServerConfigKeys (ConfUtils.java:logGet(43)) - raft.server.retrycache.expirytime = 600000ms (custom)
2019-10-24 15:43:48,574 [pool-117-thread-1] INFO  server.RaftServerConfigKeys (ConfUtils.java:logGet(43)) - raft.server.log.queue.element-limit = 1024 (custom)
2019-10-24 15:43:48,578 [9092f221-0e0d-4970-bb84-cacd95020f21@group-75C85B6D1182-LeaderElection13] INFO  impl.RoleInfo (RoleInfo.java:shutdownLeaderElection(134)) - 9092f221-0e0d-4970-bb84-cacd95020f21: shutdown LeaderElection
2019-10-24 15:43:48,577 [pool-87-thread-1] INFO  server.RaftServerConfigKeys (ConfUtils.java:logGet(43)) - raft.server.snapshot.auto.trigger.threshold = 10000 (custom)
2019-10-24 15:43:48,579 [pool-117-thread-1] INFO  server.RaftServerConfigKeys (ConfUtils.java:logGet(43)) - raft.server.log.segment.size.max = 1048576 (custom)
2019-10-24 15:43:48,579 [pool-87-thread-1] INFO  server.RaftServerConfigKeys (ConfUtils.java:logGet(43)) - raft.server.snapshot.retention.file.num = 5 (custom)
2019-10-24 15:43:48,579 [9092f221-0e0d-4970-bb84-cacd95020f21@group-75C85B6D1182-LeaderElection13] INFO  impl.RoleInfo (RoleInfo.java:updateAndGet(143)) - 9092f221-0e0d-4970-bb84-cacd95020f21: start FollowerState
2019-10-24 15:43:48,579 [pool-117-thread-1] INFO  server.RaftServerConfigKeys (ConfUtils.java:logGet(43)) - raft.server.log.preallocated.size = 16384 (custom)
2019-10-24 15:43:48,581 [pool-117-thread-1] INFO  server.RaftServerConfigKeys (ConfUtils.java:logGet(43)) - raft.server.log.write.buffer.size = 33554432 (custom)
2019-10-24 15:43:48,581 [pool-117-thread-1] INFO  server.RaftServerConfigKeys (ConfUtils.java:logGet(43)) - raft.server.log.force.sync.num = 128 (default)
2019-10-24 15:43:48,591 [pool-87-thread-1] INFO  server.RaftServerConfigKeys (ConfUtils.java:logGet(43)) - raft.server.retrycache.expirytime = 600000ms (custom)
2019-10-24 15:43:48,592 [af280123-6372-4d1f-a5d4-c36229a73203@group-75C85B6D1182-LeaderElection15] INFO  impl.LeaderElection (LeaderElection.java:logAndReturn(56)) - af280123-6372-4d1f-a5d4-c36229a73203@group-75C85B6D1182-LeaderElection15: Election TIMEOUT; received 0 response(s) [] and 0 exception(s); af280123-6372-4d1f-a5d4-c36229a73203@group-75C85B6D1182:t2, leader=null, voted=af280123-6372-4d1f-a5d4-c36229a73203, raftlog=af280123-6372-4d1f-a5d4-c36229a73203@group-75C85B6D1182-SegmentedRaftLog:OPENED:c-1,f-1,i0, conf=-1: [9092f221-0e0d-4970-bb84-cacd95020f21:192.168.164.213:41903, af280123-6372-4d1f-a5d4-c36229a73203:192.168.164.213:35334, b4ae536c-ed18-4717-a75c-ca4b5d6c4001:192.168.164.213:41180], old=null
2019-10-24 15:43:48,592 [pool-117-thread-1] INFO  server.RaftServerConfigKeys (ConfUtils.java:logGet(43)) - raft.server.log.statemachine.data.sync = true (default)
2019-10-24 15:43:48,595 [pool-117-thread-1] INFO  server.RaftServerConfigKeys (ConfUtils.java:logGet(43)) - raft.server.log.statemachine.data.sync.timeout = 10s (default)
2019-10-24 15:43:48,595 [pool-117-thread-1] INFO  server.RaftServerConfigKeys (ConfUtils.java:logGet(43)) - raft.server.log.statemachine.data.sync.timeout.retry = -1 (default)
2019-10-24 15:43:48,597 [pool-117-thread-1] INFO  server.RaftServerConfigKeys (ConfUtils.java:logGet(43)) - raft.server.log.statemachine.data.caching.enabled = true (custom)
2019-10-24 15:43:48,597 [pool-117-thread-1] INFO  segmented.SegmentedRaftLogWorker (SegmentedRaftLogWorker.java:lambda$new$0(128)) - 2f81ded6-48e6-408d-9409-3cd44f70bee8@group-56059261E3EC-SegmentedRaftLogWorker: flushIndex: setUnconditionally 0 -> -1
2019-10-24 15:43:48,598 [b4ae536c-ed18-4717-a75c-ca4b5d6c4001@group-75C85B6D1182-LeaderElection12] INFO  impl.LeaderElection (LeaderElection.java:logAndReturn(56)) - b4ae536c-ed18-4717-a75c-ca4b5d6c4001@group-75C85B6D1182-LeaderElection12: Election REJECTED; received 2 response(s) [b4ae536c-ed18-4717-a75c-ca4b5d6c4001<-9092f221-0e0d-4970-bb84-cacd95020f21#0:FAIL-t2, b4ae536c-ed18-4717-a75c-ca4b5d6c4001<-af280123-6372-4d1f-a5d4-c36229a73203#0:FAIL-t2] and 0 exception(s); b4ae536c-ed18-4717-a75c-ca4b5d6c4001@group-75C85B6D1182:t2, leader=null, voted=b4ae536c-ed18-4717-a75c-ca4b5d6c4001, raftlog=b4ae536c-ed18-4717-a75c-ca4b5d6c4001@group-75C85B6D1182-SegmentedRaftLog:OPENED:c-1,f-1,i0, conf=-1: [9092f221-0e0d-4970-bb84-cacd95020f21:192.168.164.213:41903, af280123-6372-4d1f-a5d4-c36229a73203:192.168.164.213:35334, b4ae536c-ed18-4717-a75c-ca4b5d6c4001:192.168.164.213:41180], old=null
2019-10-24 15:43:48,598 [pool-117-thread-1] INFO  server.RaftServerConfigKeys (ConfUtils.java:logGet(43)) - raft.server.snapshot.auto.trigger.enabled = true (custom)
2019-10-24 15:43:48,600 [pool-117-thread-1] INFO  server.RaftServerConfigKeys (ConfUtils.java:logGet(43)) - raft.server.snapshot.auto.trigger.threshold = 10000 (custom)
2019-10-24 15:43:48,600 [b4ae536c-ed18-4717-a75c-ca4b5d6c4001@group-75C85B6D1182-LeaderElection12] INFO  impl.RaftServerImpl (RaftServerImpl.java:setRole(184)) - b4ae536c-ed18-4717-a75c-ca4b5d6c4001@group-75C85B6D1182: changes role from CANDIDATE to FOLLOWER at term 2 for DISCOVERED_A_NEW_TERM
2019-10-24 15:43:48,600 [pool-117-thread-1] INFO  server.RaftServerConfigKeys (ConfUtils.java:logGet(43)) - raft.server.snapshot.retention.file.num = 5 (custom)
2019-10-24 15:43:48,601 [b4ae536c-ed18-4717-a75c-ca4b5d6c4001@group-75C85B6D1182-LeaderElection12] INFO  impl.RoleInfo (RoleInfo.java:shutdownLeaderElection(134)) - b4ae536c-ed18-4717-a75c-ca4b5d6c4001: shutdown LeaderElection
2019-10-24 15:43:48,601 [pool-117-thread-1] INFO  server.RaftServerConfigKeys (ConfUtils.java:logGet(43)) - raft.server.retrycache.expirytime = 600000ms (custom)
2019-10-24 15:43:48,602 [b4ae536c-ed18-4717-a75c-ca4b5d6c4001@group-75C85B6D1182-LeaderElection12] INFO  impl.RoleInfo (RoleInfo.java:updateAndGet(143)) - b4ae536c-ed18-4717-a75c-ca4b5d6c4001: start FollowerState
2019-10-24 15:43:48,608 [pool-87-thread-1] INFO  impl.RaftServerImpl (RaftServerImpl.java:start(195)) - 3a65ecdf-e32f-4548-a2e5-44ab823c11b3@group-56059261E3EC: start as a follower, conf=-1: [3a65ecdf-e32f-4548-a2e5-44ab823c11b3:192.168.164.213:44036, a667faea-0fef-4f07-8d37-e0d8f63f2a62:192.168.164.213:36278, 2f81ded6-48e6-408d-9409-3cd44f70bee8:192.168.164.213:36516], old=null
2019-10-24 15:43:48,608 [pool-37-thread-1] INFO  impl.RaftServerImpl (RaftServerImpl.java:start(195)) - a667faea-0fef-4f07-8d37-e0d8f63f2a62@group-56059261E3EC: start as a follower, conf=-1: [3a65ecdf-e32f-4548-a2e5-44ab823c11b3:192.168.164.213:44036, a667faea-0fef-4f07-8d37-e0d8f63f2a62:192.168.164.213:36278, 2f81ded6-48e6-408d-9409-3cd44f70bee8:192.168.164.213:36516], old=null
2019-10-24 15:43:48,610 [af280123-6372-4d1f-a5d4-c36229a73203@group-75C85B6D1182-LeaderElection15] INFO  impl.LeaderElection (LeaderElection.java:askForVotes(178)) - af280123-6372-4d1f-a5d4-c36229a73203@group-75C85B6D1182-LeaderElection15: begin an election at term 3 for -1: [9092f221-0e0d-4970-bb84-cacd95020f21:192.168.164.213:41903, af280123-6372-4d1f-a5d4-c36229a73203:192.168.164.213:35334, b4ae536c-ed18-4717-a75c-ca4b5d6c4001:192.168.164.213:41180], old=null
2019-10-24 15:43:48,608 [pool-87-thread-1] INFO  impl.RaftServerImpl (RaftServerImpl.java:setRole(184)) - 3a65ecdf-e32f-4548-a2e5-44ab823c11b3@group-56059261E3EC: changes role from      null to FOLLOWER at term 0 for startAsFollower
2019-10-24 15:43:48,610 [pool-37-thread-1] INFO  impl.RaftServerImpl (RaftServerImpl.java:setRole(184)) - a667faea-0fef-4f07-8d37-e0d8f63f2a62@group-56059261E3EC: changes role from      null to FOLLOWER at term 0 for startAsFollower
2019-10-24 15:43:48,611 [pool-87-thread-1] INFO  impl.RoleInfo (RoleInfo.java:updateAndGet(143)) - 3a65ecdf-e32f-4548-a2e5-44ab823c11b3: start FollowerState
2019-10-24 15:43:48,611 [pool-117-thread-1] INFO  impl.RaftServerImpl (RaftServerImpl.java:start(195)) - 2f81ded6-48e6-408d-9409-3cd44f70bee8@group-56059261E3EC: start as a follower, conf=-1: [3a65ecdf-e32f-4548-a2e5-44ab823c11b3:192.168.164.213:44036, a667faea-0fef-4f07-8d37-e0d8f63f2a62:192.168.164.213:36278, 2f81ded6-48e6-408d-9409-3cd44f70bee8:192.168.164.213:36516], old=null
2019-10-24 15:43:48,611 [pool-117-thread-1] INFO  impl.RaftServerImpl (RaftServerImpl.java:setRole(184)) - 2f81ded6-48e6-408d-9409-3cd44f70bee8@group-56059261E3EC: changes role from      null to FOLLOWER at term 0 for startAsFollower
2019-10-24 15:43:48,611 [pool-37-thread-1] INFO  impl.RoleInfo (RoleInfo.java:updateAndGet(143)) - a667faea-0fef-4f07-8d37-e0d8f63f2a62: start FollowerState
2019-10-24 15:43:48,611 [pool-87-thread-1] INFO  util.JmxRegister (JmxRegister.java:tryRegister(44)) - Successfully registered JMX Bean with object name Ratis:service=RaftServer,group=group-56059261E3EC,id=3a65ecdf-e32f-4548-a2e5-44ab823c11b3
2019-10-24 15:43:48,611 [pool-117-thread-1] INFO  impl.RoleInfo (RoleInfo.java:updateAndGet(143)) - 2f81ded6-48e6-408d-9409-3cd44f70bee8: start FollowerState
2019-10-24 15:43:48,914 [pool-37-thread-1] INFO  util.JmxRegister (JmxRegister.java:tryRegister(44)) - Successfully registered JMX Bean with object name Ratis:service=RaftServer,group=group-56059261E3EC,id=a667faea-0fef-4f07-8d37-e0d8f63f2a62
2019-10-24 15:43:48,913 [Thread-392] INFO  impl.FollowerState (FollowerState.java:run(108)) - a667faea-0fef-4f07-8d37-e0d8f63f2a62@group-56059261E3EC-FollowerState: change to CANDIDATE, lastRpcTime:302ms, electionTimeout:5ms
2019-10-24 15:43:48,913 [af280123-6372-4d1f-a5d4-c36229a73203@group-75C85B6D1182-LeaderElection15] INFO  impl.LeaderElection (LeaderElection.java:logAndReturn(56)) - af280123-6372-4d1f-a5d4-c36229a73203@group-75C85B6D1182-LeaderElection15: Election TIMEOUT; received 0 response(s) [] and 0 exception(s); af280123-6372-4d1f-a5d4-c36229a73203@group-75C85B6D1182:t3, leader=null, voted=af280123-6372-4d1f-a5d4-c36229a73203, raftlog=af280123-6372-4d1f-a5d4-c36229a73203@group-75C85B6D1182-SegmentedRaftLog:OPENED:c-1,f-1,i0, conf=-1: [9092f221-0e0d-4970-bb84-cacd95020f21:192.168.164.213:41903, af280123-6372-4d1f-a5d4-c36229a73203:192.168.164.213:35334, b4ae536c-ed18-4717-a75c-ca4b5d6c4001:192.168.164.213:41180], old=null
2019-10-24 15:43:48,913 [876b8685-e2e6-4b2b-9f0d-f9ddcb91e852@group-D6115FD00A99-LeaderElection16] INFO  impl.LeaderElection (LeaderElection.java:logAndReturn(56)) - 876b8685-e2e6-4b2b-9f0d-f9ddcb91e852@group-D6115FD00A99-LeaderElection16: Election TIMEOUT; received 0 response(s) [] and 0 exception(s); 876b8685-e2e6-4b2b-9f0d-f9ddcb91e852@group-D6115FD00A99:t2, leader=null, voted=876b8685-e2e6-4b2b-9f0d-f9ddcb91e852, raftlog=876b8685-e2e6-4b2b-9f0d-f9ddcb91e852@group-D6115FD00A99-SegmentedRaftLog:OPENED:c-1,f-1,i0, conf=-1: [876b8685-e2e6-4b2b-9f0d-f9ddcb91e852:192.168.164.213:33356, 131ee32b-eb71-4a4b-82eb-895fd06b61f2:192.168.164.213:38159, abb8132e-b90b-4ab3-abdd-91ffef5e5962:192.168.164.213:45083], old=null
2019-10-24 15:43:48,888 [Thread-390] INFO  impl.FollowerState (FollowerState.java:run(108)) - 3a65ecdf-e32f-4548-a2e5-44ab823c11b3@group-56059261E3EC-FollowerState: change to CANDIDATE, lastRpcTime:276ms, electionTimeout:22ms
2019-10-24 15:43:48,888 [131ee32b-eb71-4a4b-82eb-895fd06b61f2@group-D6115FD00A99-LeaderElection14] INFO  impl.LeaderElection (LeaderElection.java:logAndReturn(56)) - 131ee32b-eb71-4a4b-82eb-895fd06b61f2@group-D6115FD00A99-LeaderElection14: Election TIMEOUT; received 0 response(s) [] and 0 exception(s); 131ee32b-eb71-4a4b-82eb-895fd06b61f2@group-D6115FD00A99:t2, leader=null, voted=131ee32b-eb71-4a4b-82eb-895fd06b61f2, raftlog=131ee32b-eb71-4a4b-82eb-895fd06b61f2@group-D6115FD00A99-SegmentedRaftLog:OPENED:c-1,f-1,i0, conf=-1: [876b8685-e2e6-4b2b-9f0d-f9ddcb91e852:192.168.164.213:33356, 131ee32b-eb71-4a4b-82eb-895fd06b61f2:192.168.164.213:38159, abb8132e-b90b-4ab3-abdd-91ffef5e5962:192.168.164.213:45083], old=null
2019-10-24 15:43:48,887 [Thread-383] INFO  impl.FollowerState (FollowerState.java:run(108)) - 9092f221-0e0d-4970-bb84-cacd95020f21@group-75C85B6D1182-FollowerState: change to CANDIDATE, lastRpcTime:308ms, electionTimeout:73ms
2019-10-24 15:43:48,885 [Thread-386] INFO  impl.FollowerState (FollowerState.java:run(108)) - b4ae536c-ed18-4717-a75c-ca4b5d6c4001@group-75C85B6D1182-FollowerState: change to CANDIDATE, lastRpcTime:283ms, electionTimeout:136ms
2019-10-24 15:43:48,927 [Thread-390] INFO  impl.RoleInfo (RoleInfo.java:shutdownFollowerState(121)) - 3a65ecdf-e32f-4548-a2e5-44ab823c11b3: shutdown FollowerState
2019-10-24 15:43:48,926 [Thread-383] INFO  impl.RoleInfo (RoleInfo.java:shutdownFollowerState(121)) - 9092f221-0e0d-4970-bb84-cacd95020f21: shutdown FollowerState
2019-10-24 15:43:48,924 [Thread-392] INFO  impl.RoleInfo (RoleInfo.java:shutdownFollowerState(121)) - a667faea-0fef-4f07-8d37-e0d8f63f2a62: shutdown FollowerState
2019-10-24 15:43:48,928 [Thread-383] INFO  impl.RaftServerImpl (RaftServerImpl.java:setRole(184)) - 9092f221-0e0d-4970-bb84-cacd95020f21@group-75C85B6D1182: changes role from  FOLLOWER to CANDIDATE at term 2 for changeToCandidate
2019-10-24 15:43:48,920 [pool-117-thread-1] INFO  util.JmxRegister (JmxRegister.java:tryRegister(44)) - Successfully registered JMX Bean with object name Ratis:service=RaftServer,group=group-56059261E3EC,id=2f81ded6-48e6-408d-9409-3cd44f70bee8
2019-10-24 15:43:48,928 [Thread-383] INFO  impl.RoleInfo (RoleInfo.java:updateAndGet(143)) - 9092f221-0e0d-4970-bb84-cacd95020f21: start LeaderElection
2019-10-24 15:43:48,928 [Thread-392] INFO  impl.RaftServerImpl (RaftServerImpl.java:setRole(184)) - a667faea-0fef-4f07-8d37-e0d8f63f2a62@group-56059261E3EC: changes role from  FOLLOWER to CANDIDATE at term 0 for changeToCandidate
2019-10-24 15:43:48,928 [Thread-390] INFO  impl.RaftServerImpl (RaftServerImpl.java:setRole(184)) - 3a65ecdf-e32f-4548-a2e5-44ab823c11b3@group-56059261E3EC: changes role from  FOLLOWER to CANDIDATE at term 0 for changeToCandidate
2019-10-24 15:43:48,927 [Thread-386] INFO  impl.RoleInfo (RoleInfo.java:shutdownFollowerState(121)) - b4ae536c-ed18-4717-a75c-ca4b5d6c4001: shutdown FollowerState
2019-10-24 15:43:48,939 [Thread-392] INFO  impl.RoleInfo (RoleInfo.java:updateAndGet(143)) - a667faea-0fef-4f07-8d37-e0d8f63f2a62: start LeaderElection
2019-10-24 15:43:48,939 [Thread-386] INFO  impl.RaftServerImpl (RaftServerImpl.java:setRole(184)) - b4ae536c-ed18-4717-a75c-ca4b5d6c4001@group-75C85B6D1182: changes role from  FOLLOWER to CANDIDATE at term 2 for changeToCandidate
2019-10-24 15:43:48,939 [Thread-390] INFO  impl.RoleInfo (RoleInfo.java:updateAndGet(143)) - 3a65ecdf-e32f-4548-a2e5-44ab823c11b3: start LeaderElection
2019-10-24 15:43:48,942 [Thread-386] INFO  impl.RoleInfo (RoleInfo.java:updateAndGet(143)) - b4ae536c-ed18-4717-a75c-ca4b5d6c4001: start LeaderElection
2019-10-24 15:43:48,951 [Thread-283] INFO  container.ReplicationManager (ReplicationManager.java:start(162)) - Starting Replication Monitor Thread.
2019-10-24 15:43:48,953 [876b8685-e2e6-4b2b-9f0d-f9ddcb91e852@group-D6115FD00A99-LeaderElection16] INFO  impl.LeaderElection (LeaderElection.java:askForVotes(178)) - 876b8685-e2e6-4b2b-9f0d-f9ddcb91e852@group-D6115FD00A99-LeaderElection16: begin an election at term 3 for -1: [876b8685-e2e6-4b2b-9f0d-f9ddcb91e852:192.168.164.213:33356, 131ee32b-eb71-4a4b-82eb-895fd06b61f2:192.168.164.213:38159, abb8132e-b90b-4ab3-abdd-91ffef5e5962:192.168.164.213:45083], old=null
2019-10-24 15:43:48,953 [af280123-6372-4d1f-a5d4-c36229a73203@group-75C85B6D1182-LeaderElection15] INFO  impl.LeaderElection (LeaderElection.java:askForVotes(178)) - af280123-6372-4d1f-a5d4-c36229a73203@group-75C85B6D1182-LeaderElection15: begin an election at term 4 for -1: [9092f221-0e0d-4970-bb84-cacd95020f21:192.168.164.213:41903, af280123-6372-4d1f-a5d4-c36229a73203:192.168.164.213:35334, b4ae536c-ed18-4717-a75c-ca4b5d6c4001:192.168.164.213:41180], old=null
2019-10-24 15:43:48,953 [131ee32b-eb71-4a4b-82eb-895fd06b61f2@group-D6115FD00A99-LeaderElection14] INFO  impl.LeaderElection (LeaderElection.java:askForVotes(178)) - 131ee32b-eb71-4a4b-82eb-895fd06b61f2@group-D6115FD00A99-LeaderElection14: begin an election at term 3 for -1: [876b8685-e2e6-4b2b-9f0d-f9ddcb91e852:192.168.164.213:33356, 131ee32b-eb71-4a4b-82eb-895fd06b61f2:192.168.164.213:38159, abb8132e-b90b-4ab3-abdd-91ffef5e5962:192.168.164.213:45083], old=null
2019-10-24 15:43:48,956 [grpc-default-executor-2] INFO  impl.RaftServerImpl (ServerState.java:setLeader(256)) - abb8132e-b90b-4ab3-abdd-91ffef5e5962@group-D6115FD00A99: change Leader from abb8132e-b90b-4ab3-abdd-91ffef5e5962 to null at term 2 for updateCurrentTerm
2019-10-24 15:43:48,956 [grpc-default-executor-2] INFO  impl.RaftServerImpl (RaftServerImpl.java:setRole(184)) - abb8132e-b90b-4ab3-abdd-91ffef5e5962@group-D6115FD00A99: changes role from    LEADER to FOLLOWER at term 2 for recognizeCandidate:131ee32b-eb71-4a4b-82eb-895fd06b61f2
2019-10-24 15:43:48,956 [grpc-default-executor-2] INFO  impl.RoleInfo (RoleInfo.java:shutdownLeaderState(104)) - abb8132e-b90b-4ab3-abdd-91ffef5e5962: shutdown LeaderState
2019-10-24 15:43:48,961 [org.apache.ratis.server.impl.LogAppender$AppenderDaemon$$Lambda$394/977654@35ed8be] WARN  server.GrpcLogAppender (GrpcLogAppender.java:mayWait(149)) - abb8132e-b90b-4ab3-abdd-91ffef5e5962@group-D6115FD00A99->131ee32b-eb71-4a4b-82eb-895fd06b61f2-GrpcLogAppender: Wait interrupted by java.lang.InterruptedException
2019-10-24 15:43:48,962 [ReplicationMonitor] INFO  container.ReplicationManager (ReplicationManager.java:run(225)) - Replication Monitor Thread took 5 milliseconds for processing 0 containers.
2019-10-24 15:43:48,962 [org.apache.ratis.server.impl.LogAppender$AppenderDaemon$$Lambda$394/977654@22b73b78] WARN  server.GrpcLogAppender (GrpcLogAppender.java:mayWait(149)) - abb8132e-b90b-4ab3-abdd-91ffef5e5962@group-D6115FD00A99->876b8685-e2e6-4b2b-9f0d-f9ddcb91e852-GrpcLogAppender: Wait interrupted by java.lang.InterruptedException
2019-10-24 15:43:48,963 [grpc-default-executor-2] INFO  impl.PendingRequests (PendingRequests.java:sendNotLeaderResponses(202)) - abb8132e-b90b-4ab3-abdd-91ffef5e5962@group-D6115FD00A99-PendingRequests: sendNotLeaderResponses
2019-10-24 15:43:48,966 [3a65ecdf-e32f-4548-a2e5-44ab823c11b3@group-56059261E3EC-LeaderElection19] INFO  impl.LeaderElection (LeaderElection.java:askForVotes(178)) - 3a65ecdf-e32f-4548-a2e5-44ab823c11b3@group-56059261E3EC-LeaderElection19: begin an election at term 1 for -1: [3a65ecdf-e32f-4548-a2e5-44ab823c11b3:192.168.164.213:44036, a667faea-0fef-4f07-8d37-e0d8f63f2a62:192.168.164.213:36278, 2f81ded6-48e6-408d-9409-3cd44f70bee8:192.168.164.213:36516], old=null
2019-10-24 15:43:48,966 [a667faea-0fef-4f07-8d37-e0d8f63f2a62@group-56059261E3EC-LeaderElection18] INFO  impl.LeaderElection (LeaderElection.java:askForVotes(178)) - a667faea-0fef-4f07-8d37-e0d8f63f2a62@group-56059261E3EC-LeaderElection18: begin an election at term 1 for -1: [3a65ecdf-e32f-4548-a2e5-44ab823c11b3:192.168.164.213:44036, a667faea-0fef-4f07-8d37-e0d8f63f2a62:192.168.164.213:36278, 2f81ded6-48e6-408d-9409-3cd44f70bee8:192.168.164.213:36516], old=null
2019-10-24 15:43:48,966 [9092f221-0e0d-4970-bb84-cacd95020f21@group-75C85B6D1182-LeaderElection17] INFO  impl.LeaderElection (LeaderElection.java:askForVotes(178)) - 9092f221-0e0d-4970-bb84-cacd95020f21@group-75C85B6D1182-LeaderElection17: begin an election at term 3 for -1: [9092f221-0e0d-4970-bb84-cacd95020f21:192.168.164.213:41903, af280123-6372-4d1f-a5d4-c36229a73203:192.168.164.213:35334, b4ae536c-ed18-4717-a75c-ca4b5d6c4001:192.168.164.213:41180], old=null
2019-10-24 15:43:48,967 [grpc-default-executor-2] INFO  impl.RoleInfo (RoleInfo.java:updateAndGet(143)) - abb8132e-b90b-4ab3-abdd-91ffef5e5962: start FollowerState
2019-10-24 15:43:48,973 [876b8685-e2e6-4b2b-9f0d-f9ddcb91e852@group-D6115FD00A99-LeaderElection16] INFO  impl.LeaderElection (LeaderElection.java:logAndReturn(56)) - 876b8685-e2e6-4b2b-9f0d-f9ddcb91e852@group-D6115FD00A99-LeaderElection16: Election TIMEOUT; received 0 response(s) [] and 0 exception(s); 876b8685-e2e6-4b2b-9f0d-f9ddcb91e852@group-D6115FD00A99:t3, leader=null, voted=876b8685-e2e6-4b2b-9f0d-f9ddcb91e852, raftlog=876b8685-e2e6-4b2b-9f0d-f9ddcb91e852@group-D6115FD00A99-SegmentedRaftLog:OPENED:c-1,f-1,i0, conf=-1: [876b8685-e2e6-4b2b-9f0d-f9ddcb91e852:192.168.164.213:33356, 131ee32b-eb71-4a4b-82eb-895fd06b61f2:192.168.164.213:38159, abb8132e-b90b-4ab3-abdd-91ffef5e5962:192.168.164.213:45083], old=null
2019-10-24 15:43:48,973 [b4ae536c-ed18-4717-a75c-ca4b5d6c4001@group-75C85B6D1182-LeaderElection20] INFO  impl.LeaderElection (LeaderElection.java:askForVotes(178)) - b4ae536c-ed18-4717-a75c-ca4b5d6c4001@group-75C85B6D1182-LeaderElection20: begin an election at term 3 for -1: [9092f221-0e0d-4970-bb84-cacd95020f21:192.168.164.213:41903, af280123-6372-4d1f-a5d4-c36229a73203:192.168.164.213:35334, b4ae536c-ed18-4717-a75c-ca4b5d6c4001:192.168.164.213:41180], old=null
2019-10-24 15:43:48,973 [grpc-default-executor-7] INFO  server.GrpcServerProtocolService (GrpcServerProtocolService.java:onCompleted(113)) - 876b8685-e2e6-4b2b-9f0d-f9ddcb91e852: Completed APPEND_ENTRIES, lastRequest: abb8132e-b90b-4ab3-abdd-91ffef5e5962->876b8685-e2e6-4b2b-9f0d-f9ddcb91e852#0-t1, previous=(t:0, i:0), leaderCommit=-1, initializing? false, entries: <empty>
2019-10-24 15:43:48,973 [grpc-default-executor-4] INFO  server.GrpcServerProtocolService (GrpcServerProtocolService.java:onCompleted(113)) - 131ee32b-eb71-4a4b-82eb-895fd06b61f2: Completed APPEND_ENTRIES, lastRequest: abb8132e-b90b-4ab3-abdd-91ffef5e5962->131ee32b-eb71-4a4b-82eb-895fd06b61f2#0-t1, previous=(t:0, i:0), leaderCommit=-1, initializing? false, entries: <empty>
2019-10-24 15:43:48,990 [876b8685-e2e6-4b2b-9f0d-f9ddcb91e852@group-D6115FD00A99-LeaderElection16] INFO  impl.LeaderElection (LeaderElection.java:askForVotes(178)) - 876b8685-e2e6-4b2b-9f0d-f9ddcb91e852@group-D6115FD00A99-LeaderElection16: begin an election at term 4 for -1: [876b8685-e2e6-4b2b-9f0d-f9ddcb91e852:192.168.164.213:33356, 131ee32b-eb71-4a4b-82eb-895fd06b61f2:192.168.164.213:38159, abb8132e-b90b-4ab3-abdd-91ffef5e5962:192.168.164.213:45083], old=null
2019-10-24 15:43:48,991 [grpc-default-executor-7] INFO  impl.RaftServerImpl (RaftServerImpl.java:setRole(184)) - 9092f221-0e0d-4970-bb84-cacd95020f21@group-75C85B6D1182: changes role from CANDIDATE to FOLLOWER at term 4 for recognizeCandidate:af280123-6372-4d1f-a5d4-c36229a73203
2019-10-24 15:43:48,991 [grpc-default-executor-7] INFO  impl.RoleInfo (RoleInfo.java:shutdownLeaderElection(134)) - 9092f221-0e0d-4970-bb84-cacd95020f21: shutdown LeaderElection
2019-10-24 15:43:48,991 [grpc-default-executor-7] INFO  impl.RoleInfo (RoleInfo.java:updateAndGet(143)) - 9092f221-0e0d-4970-bb84-cacd95020f21: start FollowerState
2019-10-24 15:43:48,992 [grpc-default-executor-1] INFO  impl.RaftServerImpl (RaftServerImpl.java:setRole(184)) - abb8132e-b90b-4ab3-abdd-91ffef5e5962@group-D6115FD00A99: changes role from  FOLLOWER to FOLLOWER at term 2 for recognizeCandidate:876b8685-e2e6-4b2b-9f0d-f9ddcb91e852
2019-10-24 15:43:48,992 [grpc-default-executor-1] INFO  impl.RoleInfo (RoleInfo.java:shutdownFollowerState(121)) - abb8132e-b90b-4ab3-abdd-91ffef5e5962: shutdown FollowerState
2019-10-24 15:43:48,992 [grpc-default-executor-1] INFO  impl.RoleInfo (RoleInfo.java:updateAndGet(143)) - abb8132e-b90b-4ab3-abdd-91ffef5e5962: start FollowerState
2019-10-24 15:43:48,992 [Thread-412] INFO  impl.FollowerState (FollowerState.java:run(117)) - abb8132e-b90b-4ab3-abdd-91ffef5e5962@group-D6115FD00A99-FollowerState was interrupted: java.lang.InterruptedException: sleep interrupted
2019-10-24 15:43:48,994 [grpc-default-executor-9] INFO  impl.RaftServerImpl (RaftServerImpl.java:setRole(184)) - abb8132e-b90b-4ab3-abdd-91ffef5e5962@group-D6115FD00A99: changes role from  FOLLOWER to FOLLOWER at term 3 for recognizeCandidate:876b8685-e2e6-4b2b-9f0d-f9ddcb91e852
2019-10-24 15:43:48,995 [grpc-default-executor-9] INFO  impl.RoleInfo (RoleInfo.java:shutdownFollowerState(121)) - abb8132e-b90b-4ab3-abdd-91ffef5e5962: shutdown FollowerState
2019-10-24 15:43:48,995 [Thread-420] INFO  impl.FollowerState (FollowerState.java:run(117)) - abb8132e-b90b-4ab3-abdd-91ffef5e5962@group-D6115FD00A99-FollowerState was interrupted: java.lang.InterruptedException: sleep interrupted
2019-10-24 15:43:48,995 [grpc-default-executor-9] INFO  impl.RoleInfo (RoleInfo.java:updateAndGet(143)) - abb8132e-b90b-4ab3-abdd-91ffef5e5962: start FollowerState
2019-10-24 15:43:48,995 [a667faea-0fef-4f07-8d37-e0d8f63f2a62@group-56059261E3EC-LeaderElection18] INFO  impl.LeaderElection (LeaderElection.java:logAndReturn(56)) - a667faea-0fef-4f07-8d37-e0d8f63f2a62@group-56059261E3EC-LeaderElection18: Election TIMEOUT; received 0 response(s) [] and 0 exception(s); a667faea-0fef-4f07-8d37-e0d8f63f2a62@group-56059261E3EC:t1, leader=null, voted=a667faea-0fef-4f07-8d37-e0d8f63f2a62, raftlog=a667faea-0fef-4f07-8d37-e0d8f63f2a62@group-56059261E3EC-SegmentedRaftLog:OPENED:c-1,f-1,i0, conf=-1: [3a65ecdf-e32f-4548-a2e5-44ab823c11b3:192.168.164.213:44036, a667faea-0fef-4f07-8d37-e0d8f63f2a62:192.168.164.213:36278, 2f81ded6-48e6-408d-9409-3cd44f70bee8:192.168.164.213:36516], old=null
2019-10-24 15:43:49,001 [grpc-default-executor-0] INFO  server.GrpcLogAppender (GrpcLogAppender.java:onCompleted(308)) - abb8132e-b90b-4ab3-abdd-91ffef5e5962@group-D6115FD00A99->876b8685-e2e6-4b2b-9f0d-f9ddcb91e852-AppendLogResponseHandler: follower responses appendEntries COMPLETED
2019-10-24 15:43:49,013 [grpc-default-executor-2] INFO  impl.RaftServerImpl (RaftServerImpl.java:setRole(184)) - b4ae536c-ed18-4717-a75c-ca4b5d6c4001@group-75C85B6D1182: changes role from CANDIDATE to FOLLOWER at term 4 for recognizeCandidate:af280123-6372-4d1f-a5d4-c36229a73203
2019-10-24 15:43:49,015 [9092f221-0e0d-4970-bb84-cacd95020f21@group-75C85B6D1182-LeaderElection17] INFO  impl.LeaderElection (LeaderElection.java:logAndReturn(56)) - 9092f221-0e0d-4970-bb84-cacd95020f21@group-75C85B6D1182-LeaderElection17: Election REJECTED; received 0 response(s) [] and 0 exception(s); 9092f221-0e0d-4970-bb84-cacd95020f21@group-75C85B6D1182:t4, leader=null, voted=null, raftlog=9092f221-0e0d-4970-bb84-cacd95020f21@group-75C85B6D1182-SegmentedRaftLog:OPENED:c-1,f-1,i0, conf=-1: [9092f221-0e0d-4970-bb84-cacd95020f21:192.168.164.213:41903, af280123-6372-4d1f-a5d4-c36229a73203:192.168.164.213:35334, b4ae536c-ed18-4717-a75c-ca4b5d6c4001:192.168.164.213:41180], old=null
2019-10-24 15:43:49,015 [grpc-default-executor-2] INFO  impl.RoleInfo (RoleInfo.java:shutdownLeaderElection(134)) - b4ae536c-ed18-4717-a75c-ca4b5d6c4001: shutdown LeaderElection
2019-10-24 15:43:49,015 [grpc-default-executor-2] INFO  impl.RoleInfo (RoleInfo.java:updateAndGet(143)) - b4ae536c-ed18-4717-a75c-ca4b5d6c4001: start FollowerState
2019-10-24 15:43:49,016 [grpc-default-executor-8] INFO  impl.RaftServerImpl (RaftServerImpl.java:setRole(184)) - 131ee32b-eb71-4a4b-82eb-895fd06b61f2@group-D6115FD00A99: changes role from CANDIDATE to FOLLOWER at term 4 for recognizeCandidate:876b8685-e2e6-4b2b-9f0d-f9ddcb91e852
2019-10-24 15:43:49,017 [grpc-default-executor-8] INFO  impl.RoleInfo (RoleInfo.java:shutdownLeaderElection(134)) - 131ee32b-eb71-4a4b-82eb-895fd06b61f2: shutdown LeaderElection
2019-10-24 15:43:49,017 [grpc-default-executor-0] INFO  impl.FollowerInfo (FollowerInfo.java:lambda$new$0(51)) - abb8132e-b90b-4ab3-abdd-91ffef5e5962@group-D6115FD00A99->876b8685-e2e6-4b2b-9f0d-f9ddcb91e852: nextIndex: updateUnconditionally 0 -> 0
2019-10-24 15:43:49,017 [grpc-default-executor-8] INFO  impl.RoleInfo (RoleInfo.java:updateAndGet(143)) - 131ee32b-eb71-4a4b-82eb-895fd06b61f2: start FollowerState
2019-10-24 15:43:49,018 [a667faea-0fef-4f07-8d37-e0d8f63f2a62@group-56059261E3EC-LeaderElection18] INFO  impl.LeaderElection (LeaderElection.java:askForVotes(178)) - a667faea-0fef-4f07-8d37-e0d8f63f2a62@group-56059261E3EC-LeaderElection18: begin an election at term 2 for -1: [3a65ecdf-e32f-4548-a2e5-44ab823c11b3:192.168.164.213:44036, a667faea-0fef-4f07-8d37-e0d8f63f2a62:192.168.164.213:36278, 2f81ded6-48e6-408d-9409-3cd44f70bee8:192.168.164.213:36516], old=null
2019-10-24 15:43:49,018 [grpc-default-executor-4] INFO  impl.RaftServerImpl (RaftServerImpl.java:setRole(184)) - abb8132e-b90b-4ab3-abdd-91ffef5e5962@group-D6115FD00A99: changes role from  FOLLOWER to FOLLOWER at term 4 for recognizeCandidate:876b8685-e2e6-4b2b-9f0d-f9ddcb91e852
2019-10-24 15:43:49,018 [grpc-default-executor-4] INFO  impl.RoleInfo (RoleInfo.java:shutdownFollowerState(121)) - abb8132e-b90b-4ab3-abdd-91ffef5e5962: shutdown FollowerState
2019-10-24 15:43:49,020 [Thread-421] INFO  impl.FollowerState (FollowerState.java:run(117)) - abb8132e-b90b-4ab3-abdd-91ffef5e5962@group-D6115FD00A99-FollowerState was interrupted: java.lang.InterruptedException: sleep interrupted
2019-10-24 15:43:49,020 [grpc-default-executor-4] INFO  impl.RoleInfo (RoleInfo.java:updateAndGet(143)) - abb8132e-b90b-4ab3-abdd-91ffef5e5962: start FollowerState
2019-10-24 15:43:49,022 [RatisPipelineUtilsThread] INFO  pipeline.PipelineStateManager (PipelineStateManager.java:addPipeline(56)) - Created pipeline Pipeline[ Id: 1d06b086-ae5b-4193-a29f-56059261e3ec, Nodes: a667faea-0fef-4f07-8d37-e0d8f63f2a62{ip: 192.168.164.213, host: pr-hdds-2359-djbrp-462585948, networkLocation: /default-rack, certSerialId: null}2f81ded6-48e6-408d-9409-3cd44f70bee8{ip: 192.168.164.213, host: pr-hdds-2359-djbrp-462585948, networkLocation: /default-rack, certSerialId: null}3a65ecdf-e32f-4548-a2e5-44ab823c11b3{ip: 192.168.164.213, host: pr-hdds-2359-djbrp-462585948, networkLocation: /default-rack, certSerialId: null}, Type:RATIS, Factor:THREE, State:OPEN]
2019-10-24 15:43:49,023 [131ee32b-eb71-4a4b-82eb-895fd06b61f2@group-D6115FD00A99-LeaderElection14] INFO  impl.LeaderElection (LeaderElection.java:logAndReturn(56)) - 131ee32b-eb71-4a4b-82eb-895fd06b61f2@group-D6115FD00A99-LeaderElection14: Election DISCOVERED_A_NEW_TERM; received 1 response(s) [131ee32b-eb71-4a4b-82eb-895fd06b61f2<-876b8685-e2e6-4b2b-9f0d-f9ddcb91e852#0:FAIL-t4] and 0 exception(s); 131ee32b-eb71-4a4b-82eb-895fd06b61f2@group-D6115FD00A99:t4, leader=null, voted=null, raftlog=131ee32b-eb71-4a4b-82eb-895fd06b61f2@group-D6115FD00A99-SegmentedRaftLog:OPENED:c-1,f-1,i0, conf=-1: [876b8685-e2e6-4b2b-9f0d-f9ddcb91e852:192.168.164.213:33356, 131ee32b-eb71-4a4b-82eb-895fd06b61f2:192.168.164.213:38159, abb8132e-b90b-4ab3-abdd-91ffef5e5962:192.168.164.213:45083], old=null
2019-10-24 15:43:49,023 [b4ae536c-ed18-4717-a75c-ca4b5d6c4001@group-75C85B6D1182-LeaderElection20] INFO  impl.LeaderElection (LeaderElection.java:logAndReturn(56)) - b4ae536c-ed18-4717-a75c-ca4b5d6c4001@group-75C85B6D1182-LeaderElection20: Election DISCOVERED_A_NEW_TERM; received 1 response(s) [b4ae536c-ed18-4717-a75c-ca4b5d6c4001<-af280123-6372-4d1f-a5d4-c36229a73203#0:FAIL-t4] and 0 exception(s); b4ae536c-ed18-4717-a75c-ca4b5d6c4001@group-75C85B6D1182:t4, leader=null, voted=null, raftlog=b4ae536c-ed18-4717-a75c-ca4b5d6c4001@group-75C85B6D1182-SegmentedRaftLog:OPENED:c-1,f-1,i0, conf=-1: [9092f221-0e0d-4970-bb84-cacd95020f21:192.168.164.213:41903, af280123-6372-4d1f-a5d4-c36229a73203:192.168.164.213:35334, b4ae536c-ed18-4717-a75c-ca4b5d6c4001:192.168.164.213:41180], old=null
2019-10-24 15:43:49,034 [grpc-default-executor-2] INFO  impl.RaftServerImpl (RaftServerImpl.java:setRole(184)) - 2f81ded6-48e6-408d-9409-3cd44f70bee8@group-56059261E3EC: changes role from  FOLLOWER to FOLLOWER at term 1 for recognizeCandidate:a667faea-0fef-4f07-8d37-e0d8f63f2a62
2019-10-24 15:43:49,038 [grpc-default-executor-2] INFO  impl.RoleInfo (RoleInfo.java:shutdownFollowerState(121)) - 2f81ded6-48e6-408d-9409-3cd44f70bee8: shutdown FollowerState
2019-10-24 15:43:49,038 [Thread-393] INFO  impl.FollowerState (FollowerState.java:run(117)) - 2f81ded6-48e6-408d-9409-3cd44f70bee8@group-56059261E3EC-FollowerState was interrupted: java.lang.InterruptedException: sleep interrupted
2019-10-24 15:43:49,040 [grpc-default-executor-2] INFO  impl.RoleInfo (RoleInfo.java:updateAndGet(143)) - 2f81ded6-48e6-408d-9409-3cd44f70bee8: start FollowerState
2019-10-24 15:43:49,040 [af280123-6372-4d1f-a5d4-c36229a73203@group-75C85B6D1182-LeaderElection15] INFO  impl.LeaderElection (LeaderElection.java:logAndReturn(56)) - af280123-6372-4d1f-a5d4-c36229a73203@group-75C85B6D1182-LeaderElection15: Election REJECTED; received 2 response(s) [af280123-6372-4d1f-a5d4-c36229a73203<-9092f221-0e0d-4970-bb84-cacd95020f21#0:FAIL-t4, af280123-6372-4d1f-a5d4-c36229a73203<-b4ae536c-ed18-4717-a75c-ca4b5d6c4001#0:FAIL-t4] and 0 exception(s); af280123-6372-4d1f-a5d4-c36229a73203@group-75C85B6D1182:t4, leader=null, voted=af280123-6372-4d1f-a5d4-c36229a73203, raftlog=af280123-6372-4d1f-a5d4-c36229a73203@group-75C85B6D1182-SegmentedRaftLog:OPENED:c-1,f-1,i0, conf=-1: [9092f221-0e0d-4970-bb84-cacd95020f21:192.168.164.213:41903, af280123-6372-4d1f-a5d4-c36229a73203:192.168.164.213:35334, b4ae536c-ed18-4717-a75c-ca4b5d6c4001:192.168.164.213:41180], old=null
2019-10-24 15:43:49,040 [af280123-6372-4d1f-a5d4-c36229a73203@group-75C85B6D1182-LeaderElection15] INFO  impl.RaftServerImpl (RaftServerImpl.java:setRole(184)) - af280123-6372-4d1f-a5d4-c36229a73203@group-75C85B6D1182: changes role from CANDIDATE to FOLLOWER at term 4 for DISCOVERED_A_NEW_TERM
2019-10-24 15:43:49,042 [af280123-6372-4d1f-a5d4-c36229a73203@group-75C85B6D1182-LeaderElection15] INFO  impl.RoleInfo (RoleInfo.java:shutdownLeaderElection(134)) - af280123-6372-4d1f-a5d4-c36229a73203: shutdown LeaderElection
2019-10-24 15:43:49,043 [af280123-6372-4d1f-a5d4-c36229a73203@group-75C85B6D1182-LeaderElection15] INFO  impl.RoleInfo (RoleInfo.java:updateAndGet(143)) - af280123-6372-4d1f-a5d4-c36229a73203: start FollowerState
2019-10-24 15:43:49,045 [grpc-default-executor-1] INFO  server.GrpcLogAppender (GrpcLogAppender.java:onCompleted(308)) - abb8132e-b90b-4ab3-abdd-91ffef5e5962@group-D6115FD00A99->131ee32b-eb71-4a4b-82eb-895fd06b61f2-AppendLogResponseHandler: follower responses appendEntries COMPLETED
2019-10-24 15:43:49,052 [grpc-default-executor-6] INFO  impl.RaftServerImpl (RaftServerImpl.java:setRole(184)) - 3a65ecdf-e32f-4548-a2e5-44ab823c11b3@group-56059261E3EC: changes role from CANDIDATE to FOLLOWER at term 2 for recognizeCandidate:a667faea-0fef-4f07-8d37-e0d8f63f2a62
2019-10-24 15:43:49,053 [grpc-default-executor-6] INFO  impl.RoleInfo (RoleInfo.java:shutdownLeaderElection(134)) - 3a65ecdf-e32f-4548-a2e5-44ab823c11b3: shutdown LeaderElection
2019-10-24 15:43:49,053 [grpc-default-executor-6] INFO  impl.RoleInfo (RoleInfo.java:updateAndGet(143)) - 3a65ecdf-e32f-4548-a2e5-44ab823c11b3: start FollowerState
2019-10-24 15:43:49,062 [grpc-default-executor-3] INFO  impl.RaftServerImpl (RaftServerImpl.java:setRole(184)) - 2f81ded6-48e6-408d-9409-3cd44f70bee8@group-56059261E3EC: changes role from  FOLLOWER to FOLLOWER at term 2 for recognizeCandidate:a667faea-0fef-4f07-8d37-e0d8f63f2a62
2019-10-24 15:43:49,063 [876b8685-e2e6-4b2b-9f0d-f9ddcb91e852@group-D6115FD00A99-LeaderElection16] INFO  impl.LeaderElection (LeaderElection.java:logAndReturn(56)) - 876b8685-e2e6-4b2b-9f0d-f9ddcb91e852@group-D6115FD00A99-LeaderElection16: Election REJECTED; received 2 response(s) [876b8685-e2e6-4b2b-9f0d-f9ddcb91e852<-131ee32b-eb71-4a4b-82eb-895fd06b61f2#0:FAIL-t4, 876b8685-e2e6-4b2b-9f0d-f9ddcb91e852<-abb8132e-b90b-4ab3-abdd-91ffef5e5962#0:FAIL-t4] and 0 exception(s); 876b8685-e2e6-4b2b-9f0d-f9ddcb91e852@group-D6115FD00A99:t4, leader=null, voted=876b8685-e2e6-4b2b-9f0d-f9ddcb91e852, raftlog=876b8685-e2e6-4b2b-9f0d-f9ddcb91e852@group-D6115FD00A99-SegmentedRaftLog:OPENED:c-1,f-1,i0, conf=-1: [876b8685-e2e6-4b2b-9f0d-f9ddcb91e852:192.168.164.213:33356, 131ee32b-eb71-4a4b-82eb-895fd06b61f2:192.168.164.213:38159, abb8132e-b90b-4ab3-abdd-91ffef5e5962:192.168.164.213:45083], old=null
2019-10-24 15:43:49,063 [grpc-default-executor-1] INFO  impl.FollowerInfo (FollowerInfo.java:lambda$new$0(51)) - abb8132e-b90b-4ab3-abdd-91ffef5e5962@group-D6115FD00A99->131ee32b-eb71-4a4b-82eb-895fd06b61f2: nextIndex: updateUnconditionally 0 -> 0
2019-10-24 15:43:49,063 [grpc-default-executor-3] INFO  impl.RoleInfo (RoleInfo.java:shutdownFollowerState(121)) - 2f81ded6-48e6-408d-9409-3cd44f70bee8: shutdown FollowerState
2019-10-24 15:43:49,064 [876b8685-e2e6-4b2b-9f0d-f9ddcb91e852@group-D6115FD00A99-LeaderElection16] INFO  impl.RaftServerImpl (RaftServerImpl.java:setRole(184)) - 876b8685-e2e6-4b2b-9f0d-f9ddcb91e852@group-D6115FD00A99: changes role from CANDIDATE to FOLLOWER at term 4 for DISCOVERED_A_NEW_TERM
2019-10-24 15:43:49,068 [grpc-default-executor-3] INFO  impl.RoleInfo (RoleInfo.java:updateAndGet(143)) - 2f81ded6-48e6-408d-9409-3cd44f70bee8: start FollowerState
2019-10-24 15:43:49,068 [Thread-427] INFO  impl.FollowerState (FollowerState.java:run(117)) - 2f81ded6-48e6-408d-9409-3cd44f70bee8@group-56059261E3EC-FollowerState was interrupted: java.lang.InterruptedException: sleep interrupted
2019-10-24 15:43:49,068 [876b8685-e2e6-4b2b-9f0d-f9ddcb91e852@group-D6115FD00A99-LeaderElection16] INFO  impl.RoleInfo (RoleInfo.java:shutdownLeaderElection(134)) - 876b8685-e2e6-4b2b-9f0d-f9ddcb91e852: shutdown LeaderElection
2019-10-24 15:43:49,069 [3a65ecdf-e32f-4548-a2e5-44ab823c11b3@group-56059261E3EC-LeaderElection19] INFO  impl.LeaderElection (LeaderElection.java:logAndReturn(56)) - 3a65ecdf-e32f-4548-a2e5-44ab823c11b3@group-56059261E3EC-LeaderElection19: Election DISCOVERED_A_NEW_TERM; received 1 response(s) [3a65ecdf-e32f-4548-a2e5-44ab823c11b3<-a667faea-0fef-4f07-8d37-e0d8f63f2a62#0:FAIL-t2] and 0 exception(s); 3a65ecdf-e32f-4548-a2e5-44ab823c11b3@group-56059261E3EC:t2, leader=null, voted=null, raftlog=3a65ecdf-e32f-4548-a2e5-44ab823c11b3@group-56059261E3EC-SegmentedRaftLog:OPENED:c-1,f-1,i0, conf=-1: [3a65ecdf-e32f-4548-a2e5-44ab823c11b3:192.168.164.213:44036, a667faea-0fef-4f07-8d37-e0d8f63f2a62:192.168.164.213:36278, 2f81ded6-48e6-408d-9409-3cd44f70bee8:192.168.164.213:36516], old=null
2019-10-24 15:43:49,069 [876b8685-e2e6-4b2b-9f0d-f9ddcb91e852@group-D6115FD00A99-LeaderElection16] INFO  impl.RoleInfo (RoleInfo.java:updateAndGet(143)) - 876b8685-e2e6-4b2b-9f0d-f9ddcb91e852: start FollowerState
2019-10-24 15:43:49,074 [Thread-422] INFO  impl.FollowerState (FollowerState.java:run(108)) - b4ae536c-ed18-4717-a75c-ca4b5d6c4001@group-75C85B6D1182-FollowerState: change to CANDIDATE, lastRpcTime:58ms, electionTimeout:57ms
2019-10-24 15:43:49,080 [Thread-422] INFO  impl.RoleInfo (RoleInfo.java:shutdownFollowerState(121)) - b4ae536c-ed18-4717-a75c-ca4b5d6c4001: shutdown FollowerState
2019-10-24 15:43:49,081 [Thread-422] INFO  impl.RaftServerImpl (RaftServerImpl.java:setRole(184)) - b4ae536c-ed18-4717-a75c-ca4b5d6c4001@group-75C85B6D1182: changes role from  FOLLOWER to CANDIDATE at term 4 for changeToCandidate
2019-10-24 15:43:49,085 [Thread-422] INFO  impl.RoleInfo (RoleInfo.java:updateAndGet(143)) - b4ae536c-ed18-4717-a75c-ca4b5d6c4001: start LeaderElection
2019-10-24 15:43:49,095 [main] INFO  rpc.RpcClient (RpcClient.java:createVolume(272)) - Creating Volume: datanodefailurehandlingtest, with jenkins1000 as owner.
2019-10-24 15:43:49,099 [a667faea-0fef-4f07-8d37-e0d8f63f2a62@group-56059261E3EC-LeaderElection18] INFO  impl.LeaderElection (LeaderElection.java:logAndReturn(56)) - a667faea-0fef-4f07-8d37-e0d8f63f2a62@group-56059261E3EC-LeaderElection18: Election PASSED; received 1 response(s) [a667faea-0fef-4f07-8d37-e0d8f63f2a62<-2f81ded6-48e6-408d-9409-3cd44f70bee8#0:OK-t2] and 0 exception(s); a667faea-0fef-4f07-8d37-e0d8f63f2a62@group-56059261E3EC:t2, leader=null, voted=a667faea-0fef-4f07-8d37-e0d8f63f2a62, raftlog=a667faea-0fef-4f07-8d37-e0d8f63f2a62@group-56059261E3EC-SegmentedRaftLog:OPENED:c-1,f-1,i0, conf=-1: [3a65ecdf-e32f-4548-a2e5-44ab823c11b3:192.168.164.213:44036, a667faea-0fef-4f07-8d37-e0d8f63f2a62:192.168.164.213:36278, 2f81ded6-48e6-408d-9409-3cd44f70bee8:192.168.164.213:36516], old=null
2019-10-24 15:43:49,102 [a667faea-0fef-4f07-8d37-e0d8f63f2a62@group-56059261E3EC-LeaderElection18] INFO  impl.RoleInfo (RoleInfo.java:shutdownLeaderElection(134)) - a667faea-0fef-4f07-8d37-e0d8f63f2a62: shutdown LeaderElection
2019-10-24 15:43:49,103 [a667faea-0fef-4f07-8d37-e0d8f63f2a62@group-56059261E3EC-LeaderElection18] INFO  impl.RaftServerImpl (RaftServerImpl.java:setRole(184)) - a667faea-0fef-4f07-8d37-e0d8f63f2a62@group-56059261E3EC: changes role from CANDIDATE to LEADER at term 2 for changeToLeader
2019-10-24 15:43:49,103 [a667faea-0fef-4f07-8d37-e0d8f63f2a62@group-56059261E3EC-LeaderElection18] INFO  impl.RaftServerImpl (ServerState.java:setLeader(256)) - a667faea-0fef-4f07-8d37-e0d8f63f2a62@group-56059261E3EC: change Leader from null to a667faea-0fef-4f07-8d37-e0d8f63f2a62 at term 2 for becomeLeader, leader elected after 586ms
2019-10-24 15:43:49,103 [a667faea-0fef-4f07-8d37-e0d8f63f2a62@group-56059261E3EC-LeaderElection18] INFO  server.RaftServerConfigKeys (ConfUtils.java:logGet(43)) - raft.server.staging.catchup.gap = 1000 (default)
2019-10-24 15:43:49,103 [a667faea-0fef-4f07-8d37-e0d8f63f2a62@group-56059261E3EC-LeaderElection18] INFO  server.RaftServerConfigKeys (ConfUtils.java:logGet(43)) - raft.server.rpc.sleep.time = 25ms (default)
2019-10-24 15:43:49,103 [a667faea-0fef-4f07-8d37-e0d8f63f2a62@group-56059261E3EC-LeaderElection18] INFO  server.RaftServerConfigKeys (ConfUtils.java:logGet(43)) - raft.server.write.element-limit = 4096 (default)
2019-10-24 15:43:49,103 [a667faea-0fef-4f07-8d37-e0d8f63f2a62@group-56059261E3EC-LeaderElection18] INFO  server.RaftServerConfigKeys (ConfUtils.java:logGet(43)) - raft.server.watch.timeout = 10s (default)
2019-10-24 15:43:49,103 [a667faea-0fef-4f07-8d37-e0d8f63f2a62@group-56059261E3EC-LeaderElection18] INFO  server.RaftServerConfigKeys (ConfUtils.java:logGet(43)) - raft.server.watch.timeout.denomination = 1s (default)
2019-10-24 15:43:49,103 [a667faea-0fef-4f07-8d37-e0d8f63f2a62@group-56059261E3EC-LeaderElection18] INFO  server.RaftServerConfigKeys (ConfUtils.java:logGet(43)) - raft.server.watch.element-limit = 65536 (default)
2019-10-24 15:43:49,105 [a667faea-0fef-4f07-8d37-e0d8f63f2a62@group-56059261E3EC-LeaderElection18] INFO  server.RaftServerConfigKeys (ConfUtils.java:logGet(43)) - raft.server.log.appender.snapshot.chunk.size.max = 16MB (=16777216) (default)
2019-10-24 15:43:49,108 [a667faea-0fef-4f07-8d37-e0d8f63f2a62@group-56059261E3EC-LeaderElection18] INFO  server.RaftServerConfigKeys (ConfUtils.java:logGet(43)) - raft.server.log.appender.buffer.byte-limit = 33554432 (custom)
2019-10-24 15:43:49,108 [b4ae536c-ed18-4717-a75c-ca4b5d6c4001@group-75C85B6D1182-LeaderElection21] INFO  impl.LeaderElection (LeaderElection.java:askForVotes(178)) - b4ae536c-ed18-4717-a75c-ca4b5d6c4001@group-75C85B6D1182-LeaderElection21: begin an election at term 5 for -1: [9092f221-0e0d-4970-bb84-cacd95020f21:192.168.164.213:41903, af280123-6372-4d1f-a5d4-c36229a73203:192.168.164.213:35334, b4ae536c-ed18-4717-a75c-ca4b5d6c4001:192.168.164.213:41180], old=null
2019-10-24 15:43:49,108 [a667faea-0fef-4f07-8d37-e0d8f63f2a62@group-56059261E3EC-LeaderElection18] INFO  server.RaftServerConfigKeys (ConfUtils.java:logGet(43)) - raft.server.log.appender.buffer.element-limit = 1 (custom)
2019-10-24 15:43:49,110 [a667faea-0fef-4f07-8d37-e0d8f63f2a62@group-56059261E3EC-LeaderElection18] INFO  grpc.GrpcConfigKeys$Server (ConfUtils.java:logGet(43)) - raft.grpc.server.leader.outstanding.appends.max = 128 (default)
2019-10-24 15:43:49,110 [a667faea-0fef-4f07-8d37-e0d8f63f2a62@group-56059261E3EC-LeaderElection18] INFO  server.RaftServerConfigKeys (ConfUtils.java:logGet(43)) - raft.server.rpc.request.timeout = 3000ms (default)
2019-10-24 15:43:49,110 [a667faea-0fef-4f07-8d37-e0d8f63f2a62@group-56059261E3EC-LeaderElection18] INFO  server.RaftServerConfigKeys (ConfUtils.java:logGet(43)) - raft.server.log.appender.install.snapshot.enabled = false (custom)
2019-10-24 15:43:49,115 [a667faea-0fef-4f07-8d37-e0d8f63f2a62@group-56059261E3EC-LeaderElection18] INFO  server.RaftServerConfigKeys (ConfUtils.java:logGet(43)) - raft.server.log.appender.snapshot.chunk.size.max = 16MB (=16777216) (default)
2019-10-24 15:43:49,115 [a667faea-0fef-4f07-8d37-e0d8f63f2a62@group-56059261E3EC-LeaderElection18] INFO  server.RaftServerConfigKeys (ConfUtils.java:logGet(43)) - raft.server.log.appender.buffer.byte-limit = 33554432 (custom)
2019-10-24 15:43:49,115 [a667faea-0fef-4f07-8d37-e0d8f63f2a62@group-56059261E3EC-LeaderElection18] INFO  server.RaftServerConfigKeys (ConfUtils.java:logGet(43)) - raft.server.log.appender.buffer.element-limit = 1 (custom)
2019-10-24 15:43:49,115 [a667faea-0fef-4f07-8d37-e0d8f63f2a62@group-56059261E3EC-LeaderElection18] INFO  grpc.GrpcConfigKeys$Server (ConfUtils.java:logGet(43)) - raft.grpc.server.leader.outstanding.appends.max = 128 (default)
2019-10-24 15:43:49,115 [grpc-default-executor-4] INFO  impl.RaftServerImpl (RaftServerImpl.java:setRole(184)) - 9092f221-0e0d-4970-bb84-cacd95020f21@group-75C85B6D1182: changes role from  FOLLOWER to FOLLOWER at term 5 for recognizeCandidate:b4ae536c-ed18-4717-a75c-ca4b5d6c4001
2019-10-24 15:43:49,115 [a667faea-0fef-4f07-8d37-e0d8f63f2a62@group-56059261E3EC-LeaderElection18] INFO  server.RaftServerConfigKeys (ConfUtils.java:logGet(43)) - raft.server.rpc.request.timeout = 3000ms (default)
2019-10-24 15:43:49,115 [grpc-default-executor-4] INFO  impl.RoleInfo (RoleInfo.java:shutdownFollowerState(121)) - 9092f221-0e0d-4970-bb84-cacd95020f21: shutdown FollowerState
2019-10-24 15:43:49,115 [a667faea-0fef-4f07-8d37-e0d8f63f2a62@group-56059261E3EC-LeaderElection18] INFO  server.RaftServerConfigKeys (ConfUtils.java:logGet(43)) - raft.server.log.appender.install.snapshot.enabled = false (custom)
2019-10-24 15:43:49,115 [grpc-default-executor-6] INFO  impl.RaftServerImpl (RaftServerImpl.java:setRole(184)) - af280123-6372-4d1f-a5d4-c36229a73203@group-75C85B6D1182: changes role from  FOLLOWER to FOLLOWER at term 5 for recognizeCandidate:b4ae536c-ed18-4717-a75c-ca4b5d6c4001
2019-10-24 15:43:49,115 [grpc-default-executor-4] INFO  impl.RoleInfo (RoleInfo.java:updateAndGet(143)) - 9092f221-0e0d-4970-bb84-cacd95020f21: start FollowerState
2019-10-24 15:43:49,116 [Thread-419] INFO  impl.FollowerState (FollowerState.java:run(117)) - 9092f221-0e0d-4970-bb84-cacd95020f21@group-75C85B6D1182-FollowerState was interrupted: java.lang.InterruptedException: sleep interrupted
2019-10-24 15:43:49,116 [grpc-default-executor-6] INFO  impl.RoleInfo (RoleInfo.java:shutdownFollowerState(121)) - af280123-6372-4d1f-a5d4-c36229a73203: shutdown FollowerState
2019-10-24 15:43:49,119 [grpc-default-executor-6] INFO  impl.RoleInfo (RoleInfo.java:updateAndGet(143)) - af280123-6372-4d1f-a5d4-c36229a73203: start FollowerState
2019-10-24 15:43:49,119 [Thread-428] INFO  impl.FollowerState (FollowerState.java:run(117)) - af280123-6372-4d1f-a5d4-c36229a73203@group-75C85B6D1182-FollowerState was interrupted: java.lang.InterruptedException: sleep interrupted
2019-10-24 15:43:49,122 [Thread-432] INFO  impl.FollowerState (FollowerState.java:run(108)) - 876b8685-e2e6-4b2b-9f0d-f9ddcb91e852@group-D6115FD00A99-FollowerState: change to CANDIDATE, lastRpcTime:52ms, electionTimeout:51ms
2019-10-24 15:43:49,122 [Thread-432] INFO  impl.RoleInfo (RoleInfo.java:shutdownFollowerState(121)) - 876b8685-e2e6-4b2b-9f0d-f9ddcb91e852: shutdown FollowerState
2019-10-24 15:43:49,123 [Thread-432] INFO  impl.RaftServerImpl (RaftServerImpl.java:setRole(184)) - 876b8685-e2e6-4b2b-9f0d-f9ddcb91e852@group-D6115FD00A99: changes role from  FOLLOWER to CANDIDATE at term 4 for changeToCandidate
2019-10-24 15:43:49,123 [Thread-432] INFO  impl.RoleInfo (RoleInfo.java:updateAndGet(143)) - 876b8685-e2e6-4b2b-9f0d-f9ddcb91e852: start LeaderElection
2019-10-24 15:43:49,126 [a667faea-0fef-4f07-8d37-e0d8f63f2a62@group-56059261E3EC-LeaderElection18] INFO  impl.RoleInfo (RoleInfo.java:updateAndGet(143)) - a667faea-0fef-4f07-8d37-e0d8f63f2a62: start LeaderState
2019-10-24 15:43:49,127 [a667faea-0fef-4f07-8d37-e0d8f63f2a62@group-56059261E3EC-LeaderElection18] INFO  segmented.SegmentedRaftLogWorker (SegmentedRaftLogWorker.java:startLogSegment(385)) - a667faea-0fef-4f07-8d37-e0d8f63f2a62@group-56059261E3EC-SegmentedRaftLogWorker: Starting segment from index:0
2019-10-24 15:43:49,127 [a667faea-0fef-4f07-8d37-e0d8f63f2a62@group-56059261E3EC-LeaderElection18] INFO  impl.RaftServerImpl (ServerState.java:setRaftConf(357)) - a667faea-0fef-4f07-8d37-e0d8f63f2a62@group-56059261E3EC: set configuration 0: [3a65ecdf-e32f-4548-a2e5-44ab823c11b3:192.168.164.213:44036, a667faea-0fef-4f07-8d37-e0d8f63f2a62:192.168.164.213:36278, 2f81ded6-48e6-408d-9409-3cd44f70bee8:192.168.164.213:36516], old=null at 0
2019-10-24 15:43:49,162 [Thread-431] INFO  impl.FollowerState (FollowerState.java:run(108)) - 2f81ded6-48e6-408d-9409-3cd44f70bee8@group-56059261E3EC-FollowerState: change to CANDIDATE, lastRpcTime:94ms, electionTimeout:90ms
2019-10-24 15:43:49,162 [Thread-423] INFO  impl.FollowerState (FollowerState.java:run(108)) - 131ee32b-eb71-4a4b-82eb-895fd06b61f2@group-D6115FD00A99-FollowerState: change to CANDIDATE, lastRpcTime:144ms, electionTimeout:112ms
2019-10-24 15:43:49,162 [Thread-431] INFO  impl.RoleInfo (RoleInfo.java:shutdownFollowerState(121)) - 2f81ded6-48e6-408d-9409-3cd44f70bee8: shutdown FollowerState
2019-10-24 15:43:49,162 [Thread-423] INFO  impl.RoleInfo (RoleInfo.java:shutdownFollowerState(121)) - 131ee32b-eb71-4a4b-82eb-895fd06b61f2: shutdown FollowerState
2019-10-24 15:43:49,162 [876b8685-e2e6-4b2b-9f0d-f9ddcb91e852@group-D6115FD00A99-LeaderElection22] INFO  impl.LeaderElection (LeaderElection.java:askForVotes(178)) - 876b8685-e2e6-4b2b-9f0d-f9ddcb91e852@group-D6115FD00A99-LeaderElection22: begin an election at term 5 for -1: [876b8685-e2e6-4b2b-9f0d-f9ddcb91e852:192.168.164.213:33356, 131ee32b-eb71-4a4b-82eb-895fd06b61f2:192.168.164.213:38159, abb8132e-b90b-4ab3-abdd-91ffef5e5962:192.168.164.213:45083], old=null
2019-10-24 15:43:49,163 [Thread-423] INFO  impl.RaftServerImpl (RaftServerImpl.java:setRole(184)) - 131ee32b-eb71-4a4b-82eb-895fd06b61f2@group-D6115FD00A99: changes role from  FOLLOWER to CANDIDATE at term 4 for changeToCandidate
2019-10-24 15:43:49,163 [Thread-431] INFO  impl.RaftServerImpl (RaftServerImpl.java:setRole(184)) - 2f81ded6-48e6-408d-9409-3cd44f70bee8@group-56059261E3EC: changes role from  FOLLOWER to CANDIDATE at term 2 for changeToCandidate
2019-10-24 15:43:49,163 [Thread-431] INFO  impl.RoleInfo (RoleInfo.java:updateAndGet(143)) - 2f81ded6-48e6-408d-9409-3cd44f70bee8: start LeaderElection
2019-10-24 15:43:49,163 [Thread-423] INFO  impl.RoleInfo (RoleInfo.java:updateAndGet(143)) - 131ee32b-eb71-4a4b-82eb-895fd06b61f2: start LeaderElection
2019-10-24 15:43:49,173 [b4ae536c-ed18-4717-a75c-ca4b5d6c4001@group-75C85B6D1182-LeaderElection21] INFO  impl.LeaderElection (LeaderElection.java:logAndReturn(56)) - b4ae536c-ed18-4717-a75c-ca4b5d6c4001@group-75C85B6D1182-LeaderElection21: Election PASSED; received 1 response(s) [b4ae536c-ed18-4717-a75c-ca4b5d6c4001<-af280123-6372-4d1f-a5d4-c36229a73203#0:OK-t5] and 0 exception(s); b4ae536c-ed18-4717-a75c-ca4b5d6c4001@group-75C85B6D1182:t5, leader=null, voted=b4ae536c-ed18-4717-a75c-ca4b5d6c4001, raftlog=b4ae536c-ed18-4717-a75c-ca4b5d6c4001@group-75C85B6D1182-SegmentedRaftLog:OPENED:c-1,f-1,i0, conf=-1: [9092f221-0e0d-4970-bb84-cacd95020f21:192.168.164.213:41903, af280123-6372-4d1f-a5d4-c36229a73203:192.168.164.213:35334, b4ae536c-ed18-4717-a75c-ca4b5d6c4001:192.168.164.213:41180], old=null
2019-10-24 15:43:49,173 [b4ae536c-ed18-4717-a75c-ca4b5d6c4001@group-75C85B6D1182-LeaderElection21] INFO  impl.RoleInfo (RoleInfo.java:shutdownLeaderElection(134)) - b4ae536c-ed18-4717-a75c-ca4b5d6c4001: shutdown LeaderElection
2019-10-24 15:43:49,173 [b4ae536c-ed18-4717-a75c-ca4b5d6c4001@group-75C85B6D1182-LeaderElection21] INFO  impl.RaftServerImpl (RaftServerImpl.java:setRole(184)) - b4ae536c-ed18-4717-a75c-ca4b5d6c4001@group-75C85B6D1182: changes role from CANDIDATE to LEADER at term 5 for changeToLeader
2019-10-24 15:43:49,173 [b4ae536c-ed18-4717-a75c-ca4b5d6c4001@group-75C85B6D1182-LeaderElection21] INFO  impl.RaftServerImpl (ServerState.java:setLeader(256)) - b4ae536c-ed18-4717-a75c-ca4b5d6c4001@group-75C85B6D1182: change Leader from null to b4ae536c-ed18-4717-a75c-ca4b5d6c4001 at term 5 for becomeLeader, leader elected after 825ms
2019-10-24 15:43:49,173 [b4ae536c-ed18-4717-a75c-ca4b5d6c4001@group-75C85B6D1182-LeaderElection21] INFO  server.RaftServerConfigKeys (ConfUtils.java:logGet(43)) - raft.server.staging.catchup.gap = 1000 (default)
2019-10-24 15:43:49,173 [b4ae536c-ed18-4717-a75c-ca4b5d6c4001@group-75C85B6D1182-LeaderElection21] INFO  server.RaftServerConfigKeys (ConfUtils.java:logGet(43)) - raft.server.rpc.sleep.time = 25ms (default)
2019-10-24 15:43:49,173 [grpc-default-executor-6] INFO  impl.RaftServerImpl (ServerState.java:setLeader(256)) - 3a65ecdf-e32f-4548-a2e5-44ab823c11b3@group-56059261E3EC: change Leader from null to a667faea-0fef-4f07-8d37-e0d8f63f2a62 at term 2 for appendEntries, leader elected after 657ms
2019-10-24 15:43:49,175 [b4ae536c-ed18-4717-a75c-ca4b5d6c4001@group-75C85B6D1182-LeaderElection21] INFO  server.RaftServerConfigKeys (ConfUtils.java:logGet(43)) - raft.server.write.element-limit = 4096 (default)
2019-10-24 15:43:49,176 [b4ae536c-ed18-4717-a75c-ca4b5d6c4001@group-75C85B6D1182-LeaderElection21] INFO  server.RaftServerConfigKeys (ConfUtils.java:logGet(43)) - raft.server.watch.timeout = 10s (default)
2019-10-24 15:43:49,176 [grpc-default-executor-10] INFO  impl.RaftServerImpl (RaftServerImpl.java:setRole(184)) - abb8132e-b90b-4ab3-abdd-91ffef5e5962@group-D6115FD00A99: changes role from  FOLLOWER to FOLLOWER at term 5 for recognizeCandidate:876b8685-e2e6-4b2b-9f0d-f9ddcb91e852
2019-10-24 15:43:49,176 [b4ae536c-ed18-4717-a75c-ca4b5d6c4001@group-75C85B6D1182-LeaderElection21] INFO  server.RaftServerConfigKeys (ConfUtils.java:logGet(43)) - raft.server.watch.timeout.denomination = 1s (default)
2019-10-24 15:43:49,176 [grpc-default-executor-10] INFO  impl.RoleInfo (RoleInfo.java:shutdownFollowerState(121)) - abb8132e-b90b-4ab3-abdd-91ffef5e5962: shutdown FollowerState
2019-10-24 15:43:49,176 [b4ae536c-ed18-4717-a75c-ca4b5d6c4001@group-75C85B6D1182-LeaderElection21] INFO  server.RaftServerConfigKeys (ConfUtils.java:logGet(43)) - raft.server.watch.element-limit = 65536 (default)
2019-10-24 15:43:49,176 [Thread-426] INFO  impl.FollowerState (FollowerState.java:run(117)) - abb8132e-b90b-4ab3-abdd-91ffef5e5962@group-D6115FD00A99-FollowerState was interrupted: java.lang.InterruptedException: sleep interrupted
2019-10-24 15:43:49,176 [grpc-default-executor-10] INFO  impl.RoleInfo (RoleInfo.java:updateAndGet(143)) - abb8132e-b90b-4ab3-abdd-91ffef5e5962: start FollowerState
2019-10-24 15:43:49,180 [b4ae536c-ed18-4717-a75c-ca4b5d6c4001@group-75C85B6D1182-LeaderElection21] INFO  server.RaftServerConfigKeys (ConfUtils.java:logGet(43)) - raft.server.log.appender.snapshot.chunk.size.max = 16MB (=16777216) (default)
2019-10-24 15:43:49,180 [b4ae536c-ed18-4717-a75c-ca4b5d6c4001@group-75C85B6D1182-LeaderElection21] INFO  server.RaftServerConfigKeys (ConfUtils.java:logGet(43)) - raft.server.log.appender.buffer.byte-limit = 33554432 (custom)
2019-10-24 15:43:49,180 [b4ae536c-ed18-4717-a75c-ca4b5d6c4001@group-75C85B6D1182-LeaderElection21] INFO  server.RaftServerConfigKeys (ConfUtils.java:logGet(43)) - raft.server.log.appender.buffer.element-limit = 1 (custom)
2019-10-24 15:43:49,180 [b4ae536c-ed18-4717-a75c-ca4b5d6c4001@group-75C85B6D1182-LeaderElection21] INFO  grpc.GrpcConfigKeys$Server (ConfUtils.java:logGet(43)) - raft.grpc.server.leader.outstanding.appends.max = 128 (default)
2019-10-24 15:43:49,180 [b4ae536c-ed18-4717-a75c-ca4b5d6c4001@group-75C85B6D1182-LeaderElection21] INFO  server.RaftServerConfigKeys (ConfUtils.java:logGet(43)) - raft.server.rpc.request.timeout = 3000ms (default)
2019-10-24 15:43:49,180 [b4ae536c-ed18-4717-a75c-ca4b5d6c4001@group-75C85B6D1182-LeaderElection21] INFO  server.RaftServerConfigKeys (ConfUtils.java:logGet(43)) - raft.server.log.appender.install.snapshot.enabled = false (custom)
2019-10-24 15:43:49,182 [a667faea-0fef-4f07-8d37-e0d8f63f2a62@group-56059261E3EC-SegmentedRaftLogWorker] INFO  segmented.SegmentedRaftLogWorker (SegmentedRaftLogWorker.java:execute(576)) - a667faea-0fef-4f07-8d37-e0d8f63f2a62@group-56059261E3EC-SegmentedRaftLogWorker: created new log segment /workdir/hadoop-ozone/integration-test/target/test-dir/MiniOzoneClusterImpl-0feb3ce4-70f4-42f6-988c-6bd7afad892e/datanode-1/data/ratis/1d06b086-ae5b-4193-a29f-56059261e3ec/current/log_inprogress_0
2019-10-24 15:43:49,182 [131ee32b-eb71-4a4b-82eb-895fd06b61f2@group-D6115FD00A99-LeaderElection23] INFO  impl.LeaderElection (LeaderElection.java:askForVotes(178)) - 131ee32b-eb71-4a4b-82eb-895fd06b61f2@group-D6115FD00A99-LeaderElection23: begin an election at term 5 for -1: [876b8685-e2e6-4b2b-9f0d-f9ddcb91e852:192.168.164.213:33356, 131ee32b-eb71-4a4b-82eb-895fd06b61f2:192.168.164.213:38159, abb8132e-b90b-4ab3-abdd-91ffef5e5962:192.168.164.213:45083], old=null
2019-10-24 15:43:49,182 [2f81ded6-48e6-408d-9409-3cd44f70bee8@group-56059261E3EC-LeaderElection24] INFO  impl.LeaderElection (LeaderElection.java:askForVotes(178)) - 2f81ded6-48e6-408d-9409-3cd44f70bee8@group-56059261E3EC-LeaderElection24: begin an election at term 3 for -1: [3a65ecdf-e32f-4548-a2e5-44ab823c11b3:192.168.164.213:44036, a667faea-0fef-4f07-8d37-e0d8f63f2a62:192.168.164.213:36278, 2f81ded6-48e6-408d-9409-3cd44f70bee8:192.168.164.213:36516], old=null
2019-10-24 15:43:49,182 [b4ae536c-ed18-4717-a75c-ca4b5d6c4001@group-75C85B6D1182-LeaderElection21] INFO  server.RaftServerConfigKeys (ConfUtils.java:logGet(43)) - raft.server.log.appender.snapshot.chunk.size.max = 16MB (=16777216) (default)
2019-10-24 15:43:49,182 [b4ae536c-ed18-4717-a75c-ca4b5d6c4001@group-75C85B6D1182-LeaderElection21] INFO  server.RaftServerConfigKeys (ConfUtils.java:logGet(43)) - raft.server.log.appender.buffer.byte-limit = 33554432 (custom)
2019-10-24 15:43:49,183 [b4ae536c-ed18-4717-a75c-ca4b5d6c4001@group-75C85B6D1182-LeaderElection21] INFO  server.RaftServerConfigKeys (ConfUtils.java:logGet(43)) - raft.server.log.appender.buffer.element-limit = 1 (custom)
2019-10-24 15:43:49,183 [b4ae536c-ed18-4717-a75c-ca4b5d6c4001@group-75C85B6D1182-LeaderElection21] INFO  grpc.GrpcConfigKeys$Server (ConfUtils.java:logGet(43)) - raft.grpc.server.leader.outstanding.appends.max = 128 (default)
2019-10-24 15:43:49,183 [b4ae536c-ed18-4717-a75c-ca4b5d6c4001@group-75C85B6D1182-LeaderElection21] INFO  server.RaftServerConfigKeys (ConfUtils.java:logGet(43)) - raft.server.rpc.request.timeout = 3000ms (default)
2019-10-24 15:43:49,183 [b4ae536c-ed18-4717-a75c-ca4b5d6c4001@group-75C85B6D1182-LeaderElection21] INFO  server.RaftServerConfigKeys (ConfUtils.java:logGet(43)) - raft.server.log.appender.install.snapshot.enabled = false (custom)
2019-10-24 15:43:49,190 [Thread-434] INFO  impl.RaftServerImpl (ServerState.java:setLeader(256)) - a667faea-0fef-4f07-8d37-e0d8f63f2a62@group-56059261E3EC: change Leader from a667faea-0fef-4f07-8d37-e0d8f63f2a62 to null at term 3 for updateCurrentTerm
2019-10-24 15:43:49,190 [Thread-434] INFO  impl.RaftServerImpl (RaftServerImpl.java:setRole(184)) - a667faea-0fef-4f07-8d37-e0d8f63f2a62@group-56059261E3EC: changes role from    LEADER to FOLLOWER at term 3 for stepDown
2019-10-24 15:43:49,190 [Thread-434] INFO  impl.RoleInfo (RoleInfo.java:shutdownLeaderState(104)) - a667faea-0fef-4f07-8d37-e0d8f63f2a62: shutdown LeaderState
2019-10-24 15:43:49,192 [b4ae536c-ed18-4717-a75c-ca4b5d6c4001@group-75C85B6D1182-LeaderElection21] INFO  impl.RoleInfo (RoleInfo.java:updateAndGet(143)) - b4ae536c-ed18-4717-a75c-ca4b5d6c4001: start LeaderState
2019-10-24 15:43:49,192 [org.apache.ratis.server.impl.LogAppender$AppenderDaemon$$Lambda$394/977654@63079c8c] WARN  server.GrpcLogAppender (GrpcLogAppender.java:mayWait(149)) - a667faea-0fef-4f07-8d37-e0d8f63f2a62@group-56059261E3EC->2f81ded6-48e6-408d-9409-3cd44f70bee8-GrpcLogAppender: Wait interrupted by java.lang.InterruptedException
2019-10-24 15:43:49,193 [org.apache.ratis.server.impl.LogAppender$AppenderDaemon$$Lambda$394/977654@32e1a791] WARN  server.GrpcLogAppender (GrpcLogAppender.java:mayWait(149)) - a667faea-0fef-4f07-8d37-e0d8f63f2a62@group-56059261E3EC->3a65ecdf-e32f-4548-a2e5-44ab823c11b3-GrpcLogAppender: Wait interrupted by java.lang.InterruptedException
2019-10-24 15:43:49,192 [Thread-434] INFO  impl.PendingRequests (PendingRequests.java:sendNotLeaderResponses(202)) - a667faea-0fef-4f07-8d37-e0d8f63f2a62@group-56059261E3EC-PendingRequests: sendNotLeaderResponses
2019-10-24 15:43:49,206 [Thread-434] INFO  impl.RoleInfo (RoleInfo.java:updateAndGet(143)) - a667faea-0fef-4f07-8d37-e0d8f63f2a62: start FollowerState
2019-10-24 15:43:49,206 [b4ae536c-ed18-4717-a75c-ca4b5d6c4001@group-75C85B6D1182-LeaderElection21] INFO  segmented.SegmentedRaftLogWorker (SegmentedRaftLogWorker.java:startLogSegment(385)) - b4ae536c-ed18-4717-a75c-ca4b5d6c4001@group-75C85B6D1182-SegmentedRaftLogWorker: Starting segment from index:0
2019-10-24 15:43:49,206 [grpc-default-executor-1] INFO  impl.RaftServerImpl (RaftServerImpl.java:setRole(184)) - abb8132e-b90b-4ab3-abdd-91ffef5e5962@group-D6115FD00A99: changes role from  FOLLOWER to FOLLOWER at term 5 for recognizeCandidate:131ee32b-eb71-4a4b-82eb-895fd06b61f2
2019-10-24 15:43:49,206 [grpc-default-executor-1] INFO  impl.RoleInfo (RoleInfo.java:shutdownFollowerState(121)) - abb8132e-b90b-4ab3-abdd-91ffef5e5962: shutdown FollowerState
2019-10-24 15:43:49,206 [Thread-449] INFO  impl.FollowerState (FollowerState.java:run(117)) - abb8132e-b90b-4ab3-abdd-91ffef5e5962@group-D6115FD00A99-FollowerState was interrupted: java.lang.InterruptedException: sleep interrupted
2019-10-24 15:43:49,206 [876b8685-e2e6-4b2b-9f0d-f9ddcb91e852@group-D6115FD00A99-LeaderElection22] INFO  impl.LeaderElection (LeaderElection.java:logAndReturn(56)) - 876b8685-e2e6-4b2b-9f0d-f9ddcb91e852@group-D6115FD00A99-LeaderElection22: Election REJECTED; received 2 response(s) [876b8685-e2e6-4b2b-9f0d-f9ddcb91e852<-131ee32b-eb71-4a4b-82eb-895fd06b61f2#0:FAIL-t5, 876b8685-e2e6-4b2b-9f0d-f9ddcb91e852<-abb8132e-b90b-4ab3-abdd-91ffef5e5962#0:FAIL-t5] and 0 exception(s); 876b8685-e2e6-4b2b-9f0d-f9ddcb91e852@group-D6115FD00A99:t5, leader=null, voted=876b8685-e2e6-4b2b-9f0d-f9ddcb91e852, raftlog=876b8685-e2e6-4b2b-9f0d-f9ddcb91e852@group-D6115FD00A99-SegmentedRaftLog:OPENED:c-1,f-1,i0, conf=-1: [876b8685-e2e6-4b2b-9f0d-f9ddcb91e852:192.168.164.213:33356, 131ee32b-eb71-4a4b-82eb-895fd06b61f2:192.168.164.213:38159, abb8132e-b90b-4ab3-abdd-91ffef5e5962:192.168.164.213:45083], old=null
2019-10-24 15:43:49,234 [b4ae536c-ed18-4717-a75c-ca4b5d6c4001@group-75C85B6D1182-LeaderElection21] INFO  impl.RaftServerImpl (ServerState.java:setRaftConf(357)) - b4ae536c-ed18-4717-a75c-ca4b5d6c4001@group-75C85B6D1182: set configuration 0: [9092f221-0e0d-4970-bb84-cacd95020f21:192.168.164.213:41903, af280123-6372-4d1f-a5d4-c36229a73203:192.168.164.213:35334, b4ae536c-ed18-4717-a75c-ca4b5d6c4001:192.168.164.213:41180], old=null at 0
2019-10-24 15:43:49,231 [Thread-440] INFO  impl.FollowerState (FollowerState.java:run(108)) - af280123-6372-4d1f-a5d4-c36229a73203@group-75C85B6D1182-FollowerState: change to CANDIDATE, lastRpcTime:112ms, electionTimeout:101ms
2019-10-24 15:43:49,231 [grpc-default-executor-1] INFO  impl.RoleInfo (RoleInfo.java:updateAndGet(143)) - abb8132e-b90b-4ab3-abdd-91ffef5e5962: start FollowerState
2019-10-24 15:43:49,237 [Thread-440] INFO  impl.RoleInfo (RoleInfo.java:shutdownFollowerState(121)) - af280123-6372-4d1f-a5d4-c36229a73203: shutdown FollowerState
2019-10-24 15:43:49,235 [2f81ded6-48e6-408d-9409-3cd44f70bee8@group-56059261E3EC-LeaderElection24] INFO  impl.LeaderElection (LeaderElection.java:logAndReturn(56)) - 2f81ded6-48e6-408d-9409-3cd44f70bee8@group-56059261E3EC-LeaderElection24: Election TIMEOUT; received 0 response(s) [] and 0 exception(s); 2f81ded6-48e6-408d-9409-3cd44f70bee8@group-56059261E3EC:t3, leader=null, voted=2f81ded6-48e6-408d-9409-3cd44f70bee8, raftlog=2f81ded6-48e6-408d-9409-3cd44f70bee8@group-56059261E3EC-SegmentedRaftLog:OPENED:c-1,f-1,i0, conf=-1: [3a65ecdf-e32f-4548-a2e5-44ab823c11b3:192.168.164.213:44036, a667faea-0fef-4f07-8d37-e0d8f63f2a62:192.168.164.213:36278, 2f81ded6-48e6-408d-9409-3cd44f70bee8:192.168.164.213:36516], old=null
2019-10-24 15:43:49,237 [Thread-440] INFO  impl.RaftServerImpl (RaftServerImpl.java:setRole(184)) - af280123-6372-4d1f-a5d4-c36229a73203@group-75C85B6D1182: changes role from  FOLLOWER to CANDIDATE at term 5 for changeToCandidate
2019-10-24 15:43:49,237 [Thread-440] INFO  impl.RoleInfo (RoleInfo.java:updateAndGet(143)) - af280123-6372-4d1f-a5d4-c36229a73203: start LeaderElection
2019-10-24 15:43:49,239 [876b8685-e2e6-4b2b-9f0d-f9ddcb91e852@group-D6115FD00A99-LeaderElection22] INFO  impl.RaftServerImpl (RaftServerImpl.java:setRole(184)) - 876b8685-e2e6-4b2b-9f0d-f9ddcb91e852@group-D6115FD00A99: changes role from CANDIDATE to FOLLOWER at term 5 for DISCOVERED_A_NEW_TERM
2019-10-24 15:43:49,240 [876b8685-e2e6-4b2b-9f0d-f9ddcb91e852@group-D6115FD00A99-LeaderElection22] INFO  impl.RoleInfo (RoleInfo.java:shutdownLeaderElection(134)) - 876b8685-e2e6-4b2b-9f0d-f9ddcb91e852: shutdown LeaderElection
2019-10-24 15:43:49,240 [876b8685-e2e6-4b2b-9f0d-f9ddcb91e852@group-D6115FD00A99-LeaderElection22] INFO  impl.RoleInfo (RoleInfo.java:updateAndGet(143)) - 876b8685-e2e6-4b2b-9f0d-f9ddcb91e852: start FollowerState
2019-10-24 15:43:49,240 [grpc-default-executor-1] INFO  server.GrpcServerProtocolService (GrpcServerProtocolService.java:onCompleted(113)) - 2f81ded6-48e6-408d-9409-3cd44f70bee8: Completed APPEND_ENTRIES, lastRequest: a667faea-0fef-4f07-8d37-e0d8f63f2a62->2f81ded6-48e6-408d-9409-3cd44f70bee8#0-t2, previous=(t:0, i:0), leaderCommit=-1, initializing? false, entries: <empty>
2019-10-24 15:43:49,243 [grpc-default-executor-1] INFO  server.GrpcLogAppender (GrpcLogAppender.java:onCompleted(308)) - a667faea-0fef-4f07-8d37-e0d8f63f2a62@group-56059261E3EC->2f81ded6-48e6-408d-9409-3cd44f70bee8-AppendLogResponseHandler: follower responses appendEntries COMPLETED
2019-10-24 15:43:49,244 [Thread-439] INFO  impl.FollowerState (FollowerState.java:run(108)) - 9092f221-0e0d-4970-bb84-cacd95020f21@group-75C85B6D1182-FollowerState: change to CANDIDATE, lastRpcTime:128ms, electionTimeout:124ms
2019-10-24 15:43:49,245 [Thread-439] INFO  impl.RoleInfo (RoleInfo.java:shutdownFollowerState(121)) - 9092f221-0e0d-4970-bb84-cacd95020f21: shutdown FollowerState
2019-10-24 15:43:49,245 [Thread-439] INFO  impl.RaftServerImpl (RaftServerImpl.java:setRole(184)) - 9092f221-0e0d-4970-bb84-cacd95020f21@group-75C85B6D1182: changes role from  FOLLOWER to CANDIDATE at term 5 for changeToCandidate
2019-10-24 15:43:49,245 [Thread-439] INFO  impl.RoleInfo (RoleInfo.java:updateAndGet(143)) - 9092f221-0e0d-4970-bb84-cacd95020f21: start LeaderElection
2019-10-24 15:43:49,245 [grpc-default-executor-1] INFO  impl.FollowerInfo (FollowerInfo.java:lambda$new$0(51)) - a667faea-0fef-4f07-8d37-e0d8f63f2a62@group-56059261E3EC->2f81ded6-48e6-408d-9409-3cd44f70bee8: nextIndex: updateUnconditionally 0 -> 0
2019-10-24 15:43:49,246 [af280123-6372-4d1f-a5d4-c36229a73203@group-75C85B6D1182-LeaderElection25] INFO  impl.LeaderElection (LeaderElection.java:askForVotes(178)) - af280123-6372-4d1f-a5d4-c36229a73203@group-75C85B6D1182-LeaderElection25: begin an election at term 6 for -1: [9092f221-0e0d-4970-bb84-cacd95020f21:192.168.164.213:41903, af280123-6372-4d1f-a5d4-c36229a73203:192.168.164.213:35334, b4ae536c-ed18-4717-a75c-ca4b5d6c4001:192.168.164.213:41180], old=null
2019-10-24 15:43:49,246 [2f81ded6-48e6-408d-9409-3cd44f70bee8@group-56059261E3EC-LeaderElection24] INFO  impl.LeaderElection (LeaderElection.java:askForVotes(178)) - 2f81ded6-48e6-408d-9409-3cd44f70bee8@group-56059261E3EC-LeaderElection24: begin an election at term 4 for -1: [3a65ecdf-e32f-4548-a2e5-44ab823c11b3:192.168.164.213:44036, a667faea-0fef-4f07-8d37-e0d8f63f2a62:192.168.164.213:36278, 2f81ded6-48e6-408d-9409-3cd44f70bee8:192.168.164.213:36516], old=null
2019-10-24 15:43:49,246 [b4ae536c-ed18-4717-a75c-ca4b5d6c4001@group-75C85B6D1182-SegmentedRaftLogWorker] INFO  segmented.SegmentedRaftLogWorker (SegmentedRaftLogWorker.java:execute(576)) - b4ae536c-ed18-4717-a75c-ca4b5d6c4001@group-75C85B6D1182-SegmentedRaftLogWorker: created new log segment /workdir/hadoop-ozone/integration-test/target/test-dir/MiniOzoneClusterImpl-0feb3ce4-70f4-42f6-988c-6bd7afad892e/datanode-0/data/ratis/92bd9c40-3185-4634-97b8-75c85b6d1182/current/log_inprogress_0
2019-10-24 15:43:49,247 [grpc-default-executor-1] INFO  server.GrpcServerProtocolService (GrpcServerProtocolService.java:onCompleted(113)) - 3a65ecdf-e32f-4548-a2e5-44ab823c11b3: Completed APPEND_ENTRIES, lastRequest: a667faea-0fef-4f07-8d37-e0d8f63f2a62->3a65ecdf-e32f-4548-a2e5-44ab823c11b3#0-t2, previous=(t:0, i:0), leaderCommit=-1, initializing? false, entries: <empty>
2019-10-24 15:43:49,247 [grpc-default-executor-10] INFO  impl.RaftServerImpl (ServerState.java:setLeader(256)) - 3a65ecdf-e32f-4548-a2e5-44ab823c11b3@group-56059261E3EC: change Leader from a667faea-0fef-4f07-8d37-e0d8f63f2a62 to null at term 3 for updateCurrentTerm
2019-10-24 15:43:49,247 [grpc-default-executor-10] INFO  impl.RaftServerImpl (RaftServerImpl.java:setRole(184)) - 3a65ecdf-e32f-4548-a2e5-44ab823c11b3@group-56059261E3EC: changes role from  FOLLOWER to FOLLOWER at term 3 for recognizeCandidate:2f81ded6-48e6-408d-9409-3cd44f70bee8
2019-10-24 15:43:49,251 [grpc-default-executor-10] INFO  impl.RoleInfo (RoleInfo.java:shutdownFollowerState(121)) - 3a65ecdf-e32f-4548-a2e5-44ab823c11b3: shutdown FollowerState
2019-10-24 15:43:49,251 [131ee32b-eb71-4a4b-82eb-895fd06b61f2@group-D6115FD00A99-LeaderElection23] INFO  impl.LeaderElection (LeaderElection.java:logAndReturn(56)) - 131ee32b-eb71-4a4b-82eb-895fd06b61f2@group-D6115FD00A99-LeaderElection23: Election REJECTED; received 2 response(s) [131ee32b-eb71-4a4b-82eb-895fd06b61f2<-876b8685-e2e6-4b2b-9f0d-f9ddcb91e852#0:FAIL-t5, 131ee32b-eb71-4a4b-82eb-895fd06b61f2<-abb8132e-b90b-4ab3-abdd-91ffef5e5962#0:FAIL-t5] and 0 exception(s); 131ee32b-eb71-4a4b-82eb-895fd06b61f2@group-D6115FD00A99:t5, leader=null, voted=131ee32b-eb71-4a4b-82eb-895fd06b61f2, raftlog=131ee32b-eb71-4a4b-82eb-895fd06b61f2@group-D6115FD00A99-SegmentedRaftLog:OPENED:c-1,f-1,i0, conf=-1: [876b8685-e2e6-4b2b-9f0d-f9ddcb91e852:192.168.164.213:33356, 131ee32b-eb71-4a4b-82eb-895fd06b61f2:192.168.164.213:38159, abb8132e-b90b-4ab3-abdd-91ffef5e5962:192.168.164.213:45083], old=null
2019-10-24 15:43:49,251 [grpc-default-executor-10] INFO  impl.RoleInfo (RoleInfo.java:updateAndGet(143)) - 3a65ecdf-e32f-4548-a2e5-44ab823c11b3: start FollowerState
2019-10-24 15:43:49,251 [Thread-430] INFO  impl.FollowerState (FollowerState.java:run(117)) - 3a65ecdf-e32f-4548-a2e5-44ab823c11b3@group-56059261E3EC-FollowerState was interrupted: java.lang.InterruptedException: sleep interrupted
2019-10-24 15:43:49,251 [131ee32b-eb71-4a4b-82eb-895fd06b61f2@group-D6115FD00A99-LeaderElection23] INFO  impl.RaftServerImpl (RaftServerImpl.java:setRole(184)) - 131ee32b-eb71-4a4b-82eb-895fd06b61f2@group-D6115FD00A99: changes role from CANDIDATE to FOLLOWER at term 5 for DISCOVERED_A_NEW_TERM
2019-10-24 15:43:49,253 [131ee32b-eb71-4a4b-82eb-895fd06b61f2@group-D6115FD00A99-LeaderElection23] INFO  impl.RoleInfo (RoleInfo.java:shutdownLeaderElection(134)) - 131ee32b-eb71-4a4b-82eb-895fd06b61f2: shutdown LeaderElection
2019-10-24 15:43:49,254 [131ee32b-eb71-4a4b-82eb-895fd06b61f2@group-D6115FD00A99-LeaderElection23] INFO  impl.RoleInfo (RoleInfo.java:updateAndGet(143)) - 131ee32b-eb71-4a4b-82eb-895fd06b61f2: start FollowerState
2019-10-24 15:43:49,254 [grpc-default-executor-4] INFO  impl.RaftServerImpl (ServerState.java:setLeader(256)) - b4ae536c-ed18-4717-a75c-ca4b5d6c4001@group-75C85B6D1182: change Leader from b4ae536c-ed18-4717-a75c-ca4b5d6c4001 to null at term 6 for updateCurrentTerm
2019-10-24 15:43:49,254 [grpc-default-executor-4] INFO  impl.RaftServerImpl (RaftServerImpl.java:setRole(184)) - b4ae536c-ed18-4717-a75c-ca4b5d6c4001@group-75C85B6D1182: changes role from    LEADER to FOLLOWER at term 6 for recognizeCandidate:af280123-6372-4d1f-a5d4-c36229a73203
2019-10-24 15:43:49,254 [grpc-default-executor-4] INFO  impl.RoleInfo (RoleInfo.java:shutdownLeaderState(104)) - b4ae536c-ed18-4717-a75c-ca4b5d6c4001: shutdown LeaderState
2019-10-24 15:43:49,257 [org.apache.ratis.server.impl.LogAppender$AppenderDaemon$$Lambda$394/977654@128c0dff] WARN  server.GrpcLogAppender (GrpcLogAppender.java:mayWait(149)) - b4ae536c-ed18-4717-a75c-ca4b5d6c4001@group-75C85B6D1182->af280123-6372-4d1f-a5d4-c36229a73203-GrpcLogAppender: Wait interrupted by java.lang.InterruptedException
2019-10-24 15:43:49,258 [org.apache.ratis.server.impl.LogAppender$AppenderDaemon$$Lambda$394/977654@23e5acb3] WARN  server.GrpcLogAppender (GrpcLogAppender.java:mayWait(149)) - b4ae536c-ed18-4717-a75c-ca4b5d6c4001@group-75C85B6D1182->9092f221-0e0d-4970-bb84-cacd95020f21-GrpcLogAppender: Wait interrupted by java.lang.InterruptedException
2019-10-24 15:43:49,257 [grpc-default-executor-4] INFO  impl.PendingRequests (PendingRequests.java:sendNotLeaderResponses(202)) - b4ae536c-ed18-4717-a75c-ca4b5d6c4001@group-75C85B6D1182-PendingRequests: sendNotLeaderResponses
2019-10-24 15:43:49,259 [grpc-default-executor-4] INFO  impl.RoleInfo (RoleInfo.java:updateAndGet(143)) - b4ae536c-ed18-4717-a75c-ca4b5d6c4001: start FollowerState
2019-10-24 15:43:49,259 [grpc-default-executor-8] INFO  server.GrpcServerProtocolService (GrpcServerProtocolService.java:onCompleted(113)) - af280123-6372-4d1f-a5d4-c36229a73203: Completed APPEND_ENTRIES, lastRequest: b4ae536c-ed18-4717-a75c-ca4b5d6c4001->af280123-6372-4d1f-a5d4-c36229a73203#0-t5, previous=(t:0, i:0), leaderCommit=-1, initializing? false, entries: <empty>
2019-10-24 15:43:49,259 [grpc-default-executor-8] INFO  server.GrpcLogAppender (GrpcLogAppender.java:onCompleted(308)) - a667faea-0fef-4f07-8d37-e0d8f63f2a62@group-56059261E3EC->3a65ecdf-e32f-4548-a2e5-44ab823c11b3-AppendLogResponseHandler: follower responses appendEntries COMPLETED
2019-10-24 15:43:49,260 [grpc-default-executor-5] INFO  impl.RaftServerImpl (RaftServerImpl.java:setRole(184)) - a667faea-0fef-4f07-8d37-e0d8f63f2a62@group-56059261E3EC: changes role from  FOLLOWER to FOLLOWER at term 3 for recognizeCandidate:2f81ded6-48e6-408d-9409-3cd44f70bee8
2019-10-24 15:43:49,260 [grpc-default-executor-5] INFO  impl.RoleInfo (RoleInfo.java:shutdownFollowerState(121)) - a667faea-0fef-4f07-8d37-e0d8f63f2a62: shutdown FollowerState
2019-10-24 15:43:49,272 [9092f221-0e0d-4970-bb84-cacd95020f21@group-75C85B6D1182-LeaderElection26] INFO  impl.LeaderElection (LeaderElection.java:askForVotes(178)) - 9092f221-0e0d-4970-bb84-cacd95020f21@group-75C85B6D1182-LeaderElection26: begin an election at term 6 for -1: [9092f221-0e0d-4970-bb84-cacd95020f21:192.168.164.213:41903, af280123-6372-4d1f-a5d4-c36229a73203:192.168.164.213:35334, b4ae536c-ed18-4717-a75c-ca4b5d6c4001:192.168.164.213:41180], old=null
2019-10-24 15:43:49,272 [grpc-default-executor-1] INFO  server.GrpcLogAppender (GrpcLogAppender.java:onCompleted(308)) - b4ae536c-ed18-4717-a75c-ca4b5d6c4001@group-75C85B6D1182->af280123-6372-4d1f-a5d4-c36229a73203-AppendLogResponseHandler: follower responses appendEntries COMPLETED
2019-10-24 15:43:49,272 [grpc-default-executor-6] INFO  impl.RaftServerImpl (RaftServerImpl.java:setRole(184)) - 3a65ecdf-e32f-4548-a2e5-44ab823c11b3@group-56059261E3EC: changes role from  FOLLOWER to FOLLOWER at term 4 for recognizeCandidate:2f81ded6-48e6-408d-9409-3cd44f70bee8
2019-10-24 15:43:49,272 [grpc-default-executor-6] INFO  impl.RoleInfo (RoleInfo.java:shutdownFollowerState(121)) - 3a65ecdf-e32f-4548-a2e5-44ab823c11b3: shutdown FollowerState
2019-10-24 15:43:49,272 [grpc-default-executor-3] INFO  server.GrpcServerProtocolService (GrpcServerProtocolService.java:onCompleted(113)) - 9092f221-0e0d-4970-bb84-cacd95020f21: Completed APPEND_ENTRIES, lastRequest: b4ae536c-ed18-4717-a75c-ca4b5d6c4001->9092f221-0e0d-4970-bb84-cacd95020f21#0-t5, previous=(t:0, i:0), leaderCommit=-1, initializing? false, entries: <empty>
2019-10-24 15:43:49,281 [Thread-468] INFO  impl.FollowerState (FollowerState.java:run(117)) - 3a65ecdf-e32f-4548-a2e5-44ab823c11b3@group-56059261E3EC-FollowerState was interrupted: java.lang.InterruptedException: sleep interrupted
2019-10-24 15:43:49,281 [grpc-default-executor-6] INFO  impl.RoleInfo (RoleInfo.java:updateAndGet(143)) - 3a65ecdf-e32f-4548-a2e5-44ab823c11b3: start FollowerState
2019-10-24 15:43:49,281 [af280123-6372-4d1f-a5d4-c36229a73203@group-75C85B6D1182-LeaderElection25] INFO  impl.LeaderElection (LeaderElection.java:logAndReturn(56)) - af280123-6372-4d1f-a5d4-c36229a73203@group-75C85B6D1182-LeaderElection25: Election REJECTED; received 2 response(s) [af280123-6372-4d1f-a5d4-c36229a73203<-9092f221-0e0d-4970-bb84-cacd95020f21#0:FAIL-t6, af280123-6372-4d1f-a5d4-c36229a73203<-b4ae536c-ed18-4717-a75c-ca4b5d6c4001#0:FAIL-t6] and 0 exception(s); af280123-6372-4d1f-a5d4-c36229a73203@group-75C85B6D1182:t6, leader=null, voted=af280123-6372-4d1f-a5d4-c36229a73203, raftlog=af280123-6372-4d1f-a5d4-c36229a73203@group-75C85B6D1182-SegmentedRaftLog:OPENED:c-1,f-1,i0, conf=-1: [9092f221-0e0d-4970-bb84-cacd95020f21:192.168.164.213:41903, af280123-6372-4d1f-a5d4-c36229a73203:192.168.164.213:35334, b4ae536c-ed18-4717-a75c-ca4b5d6c4001:192.168.164.213:41180], old=null
2019-10-24 15:43:49,300 [af280123-6372-4d1f-a5d4-c36229a73203@group-75C85B6D1182-LeaderElection25] INFO  impl.RaftServerImpl (RaftServerImpl.java:setRole(184)) - af280123-6372-4d1f-a5d4-c36229a73203@group-75C85B6D1182: changes role from CANDIDATE to FOLLOWER at term 6 for DISCOVERED_A_NEW_TERM
2019-10-24 15:43:49,300 [af280123-6372-4d1f-a5d4-c36229a73203@group-75C85B6D1182-LeaderElection25] INFO  impl.RoleInfo (RoleInfo.java:shutdownLeaderElection(134)) - af280123-6372-4d1f-a5d4-c36229a73203: shutdown LeaderElection
2019-10-24 15:43:49,300 [grpc-default-executor-5] INFO  impl.RoleInfo (RoleInfo.java:updateAndGet(143)) - a667faea-0fef-4f07-8d37-e0d8f63f2a62: start FollowerState
2019-10-24 15:43:49,300 [af280123-6372-4d1f-a5d4-c36229a73203@group-75C85B6D1182-LeaderElection25] INFO  impl.RoleInfo (RoleInfo.java:updateAndGet(143)) - af280123-6372-4d1f-a5d4-c36229a73203: start FollowerState
2019-10-24 15:43:49,300 [Thread-457] INFO  impl.FollowerState (FollowerState.java:run(117)) - a667faea-0fef-4f07-8d37-e0d8f63f2a62@group-56059261E3EC-FollowerState was interrupted: java.lang.InterruptedException: sleep interrupted
2019-10-24 15:43:49,304 [grpc-default-executor-9] INFO  impl.RaftServerImpl (RaftServerImpl.java:setRole(184)) - a667faea-0fef-4f07-8d37-e0d8f63f2a62@group-56059261E3EC: changes role from  FOLLOWER to FOLLOWER at term 4 for recognizeCandidate:2f81ded6-48e6-408d-9409-3cd44f70bee8
2019-10-24 15:43:49,304 [grpc-default-executor-2] INFO  server.GrpcLogAppender (GrpcLogAppender.java:onCompleted(308)) - b4ae536c-ed18-4717-a75c-ca4b5d6c4001@group-75C85B6D1182->9092f221-0e0d-4970-bb84-cacd95020f21-AppendLogResponseHandler: follower responses appendEntries COMPLETED
2019-10-24 15:43:49,306 [grpc-default-executor-9] INFO  impl.RoleInfo (RoleInfo.java:shutdownFollowerState(121)) - a667faea-0fef-4f07-8d37-e0d8f63f2a62: shutdown FollowerState
2019-10-24 15:43:49,309 [grpc-default-executor-9] INFO  impl.RoleInfo (RoleInfo.java:updateAndGet(143)) - a667faea-0fef-4f07-8d37-e0d8f63f2a62: start FollowerState
2019-10-24 15:43:49,309 [Thread-473] INFO  impl.FollowerState (FollowerState.java:run(117)) - a667faea-0fef-4f07-8d37-e0d8f63f2a62@group-56059261E3EC-FollowerState was interrupted: java.lang.InterruptedException: sleep interrupted
2019-10-24 15:43:49,317 [2f81ded6-48e6-408d-9409-3cd44f70bee8@group-56059261E3EC-LeaderElection24] INFO  impl.LeaderElection (LeaderElection.java:logAndReturn(56)) - 2f81ded6-48e6-408d-9409-3cd44f70bee8@group-56059261E3EC-LeaderElection24: Election TIMEOUT; received 0 response(s) [] and 0 exception(s); 2f81ded6-48e6-408d-9409-3cd44f70bee8@group-56059261E3EC:t4, leader=null, voted=2f81ded6-48e6-408d-9409-3cd44f70bee8, raftlog=2f81ded6-48e6-408d-9409-3cd44f70bee8@group-56059261E3EC-SegmentedRaftLog:OPENED:c-1,f-1,i0, conf=-1: [3a65ecdf-e32f-4548-a2e5-44ab823c11b3:192.168.164.213:44036, a667faea-0fef-4f07-8d37-e0d8f63f2a62:192.168.164.213:36278, 2f81ded6-48e6-408d-9409-3cd44f70bee8:192.168.164.213:36516], old=null
2019-10-24 15:43:49,309 [grpc-default-executor-1] INFO  impl.FollowerInfo (FollowerInfo.java:lambda$new$0(51)) - b4ae536c-ed18-4717-a75c-ca4b5d6c4001@group-75C85B6D1182->af280123-6372-4d1f-a5d4-c36229a73203: nextIndex: updateUnconditionally 0 -> 0
2019-10-24 15:43:49,317 [Thread-460] INFO  impl.FollowerState (FollowerState.java:run(108)) - 876b8685-e2e6-4b2b-9f0d-f9ddcb91e852@group-D6115FD00A99-FollowerState: change to CANDIDATE, lastRpcTime:76ms, electionTimeout:70ms
2019-10-24 15:43:49,339 [Thread-460] INFO  impl.RoleInfo (RoleInfo.java:shutdownFollowerState(121)) - 876b8685-e2e6-4b2b-9f0d-f9ddcb91e852: shutdown FollowerState
2019-10-24 15:43:49,339 [Thread-460] INFO  impl.RaftServerImpl (RaftServerImpl.java:setRole(184)) - 876b8685-e2e6-4b2b-9f0d-f9ddcb91e852@group-D6115FD00A99: changes role from  FOLLOWER to CANDIDATE at term 5 for changeToCandidate
2019-10-24 15:43:49,339 [Thread-460] INFO  impl.RoleInfo (RoleInfo.java:updateAndGet(143)) - 876b8685-e2e6-4b2b-9f0d-f9ddcb91e852: start LeaderElection
2019-10-24 15:43:49,341 [grpc-default-executor-6] INFO  impl.RaftServerImpl (RaftServerImpl.java:setRole(184)) - b4ae536c-ed18-4717-a75c-ca4b5d6c4001@group-75C85B6D1182: changes role from  FOLLOWER to FOLLOWER at term 6 for recognizeCandidate:9092f221-0e0d-4970-bb84-cacd95020f21
2019-10-24 15:43:49,341 [grpc-default-executor-6] INFO  impl.RoleInfo (RoleInfo.java:shutdownFollowerState(121)) - b4ae536c-ed18-4717-a75c-ca4b5d6c4001: shutdown FollowerState
2019-10-24 15:43:49,341 [grpc-default-executor-6] INFO  impl.RoleInfo (RoleInfo.java:updateAndGet(143)) - b4ae536c-ed18-4717-a75c-ca4b5d6c4001: start FollowerState
2019-10-24 15:43:49,341 [grpc-default-executor-8] INFO  impl.FollowerInfo (FollowerInfo.java:lambda$new$0(51)) - a667faea-0fef-4f07-8d37-e0d8f63f2a62@group-56059261E3EC->3a65ecdf-e32f-4548-a2e5-44ab823c11b3: nextIndex: updateUnconditionally 0 -> 0
2019-10-24 15:43:49,341 [Thread-470] INFO  impl.FollowerState (FollowerState.java:run(117)) - b4ae536c-ed18-4717-a75c-ca4b5d6c4001@group-75C85B6D1182-FollowerState was interrupted: java.lang.InterruptedException: sleep interrupted
2019-10-24 15:43:49,342 [grpc-default-executor-2] INFO  impl.FollowerInfo (FollowerInfo.java:lambda$new$0(51)) - b4ae536c-ed18-4717-a75c-ca4b5d6c4001@group-75C85B6D1182->9092f221-0e0d-4970-bb84-cacd95020f21: nextIndex: updateUnconditionally 0 -> 0
2019-10-24 15:43:49,356 [876b8685-e2e6-4b2b-9f0d-f9ddcb91e852@group-D6115FD00A99-LeaderElection27] INFO  impl.LeaderElection (LeaderElection.java:askForVotes(178)) - 876b8685-e2e6-4b2b-9f0d-f9ddcb91e852@group-D6115FD00A99-LeaderElection27: begin an election at term 6 for -1: [876b8685-e2e6-4b2b-9f0d-f9ddcb91e852:192.168.164.213:33356, 131ee32b-eb71-4a4b-82eb-895fd06b61f2:192.168.164.213:38159, abb8132e-b90b-4ab3-abdd-91ffef5e5962:192.168.164.213:45083], old=null
2019-10-24 15:43:49,356 [2f81ded6-48e6-408d-9409-3cd44f70bee8@group-56059261E3EC-LeaderElection24] INFO  impl.LeaderElection (LeaderElection.java:askForVotes(178)) - 2f81ded6-48e6-408d-9409-3cd44f70bee8@group-56059261E3EC-LeaderElection24: begin an election at term 5 for -1: [3a65ecdf-e32f-4548-a2e5-44ab823c11b3:192.168.164.213:44036, a667faea-0fef-4f07-8d37-e0d8f63f2a62:192.168.164.213:36278, 2f81ded6-48e6-408d-9409-3cd44f70bee8:192.168.164.213:36516], old=null
2019-10-24 15:43:49,362 [9092f221-0e0d-4970-bb84-cacd95020f21@group-75C85B6D1182-LeaderElection26] INFO  impl.LeaderElection (LeaderElection.java:logAndReturn(56)) - 9092f221-0e0d-4970-bb84-cacd95020f21@group-75C85B6D1182-LeaderElection26: Election TIMEOUT; received 1 response(s) [9092f221-0e0d-4970-bb84-cacd95020f21<-b4ae536c-ed18-4717-a75c-ca4b5d6c4001#0:FAIL-t6] and 0 exception(s); 9092f221-0e0d-4970-bb84-cacd95020f21@group-75C85B6D1182:t6, leader=null, voted=9092f221-0e0d-4970-bb84-cacd95020f21, raftlog=9092f221-0e0d-4970-bb84-cacd95020f21@group-75C85B6D1182-SegmentedRaftLog:OPENED:c-1,f-1,i0, conf=-1: [9092f221-0e0d-4970-bb84-cacd95020f21:192.168.164.213:41903, af280123-6372-4d1f-a5d4-c36229a73203:192.168.164.213:35334, b4ae536c-ed18-4717-a75c-ca4b5d6c4001:192.168.164.213:41180], old=null
2019-10-24 15:43:49,402 [876b8685-e2e6-4b2b-9f0d-f9ddcb91e852@group-D6115FD00A99-LeaderElection27] INFO  impl.LeaderElection (LeaderElection.java:logAndReturn(56)) - 876b8685-e2e6-4b2b-9f0d-f9ddcb91e852@group-D6115FD00A99-LeaderElection27: Election TIMEOUT; received 0 response(s) [] and 0 exception(s); 876b8685-e2e6-4b2b-9f0d-f9ddcb91e852@group-D6115FD00A99:t6, leader=null, voted=876b8685-e2e6-4b2b-9f0d-f9ddcb91e852, raftlog=876b8685-e2e6-4b2b-9f0d-f9ddcb91e852@group-D6115FD00A99-SegmentedRaftLog:OPENED:c-1,f-1,i0, conf=-1: [876b8685-e2e6-4b2b-9f0d-f9ddcb91e852:192.168.164.213:33356, 131ee32b-eb71-4a4b-82eb-895fd06b61f2:192.168.164.213:38159, abb8132e-b90b-4ab3-abdd-91ffef5e5962:192.168.164.213:45083], old=null
2019-10-24 15:43:49,402 [9092f221-0e0d-4970-bb84-cacd95020f21@group-75C85B6D1182-LeaderElection26] INFO  impl.LeaderElection (LeaderElection.java:askForVotes(178)) - 9092f221-0e0d-4970-bb84-cacd95020f21@group-75C85B6D1182-LeaderElection26: begin an election at term 7 for -1: [9092f221-0e0d-4970-bb84-cacd95020f21:192.168.164.213:41903, af280123-6372-4d1f-a5d4-c36229a73203:192.168.164.213:35334, b4ae536c-ed18-4717-a75c-ca4b5d6c4001:192.168.164.213:41180], old=null
2019-10-24 15:43:49,422 [Thread-469] INFO  impl.FollowerState (FollowerState.java:run(108)) - 131ee32b-eb71-4a4b-82eb-895fd06b61f2@group-D6115FD00A99-FollowerState: change to CANDIDATE, lastRpcTime:168ms, electionTimeout:168ms
2019-10-24 15:43:49,417 [876b8685-e2e6-4b2b-9f0d-f9ddcb91e852@group-D6115FD00A99-LeaderElection27] INFO  impl.LeaderElection (LeaderElection.java:askForVotes(178)) - 876b8685-e2e6-4b2b-9f0d-f9ddcb91e852@group-D6115FD00A99-LeaderElection27: begin an election at term 7 for -1: [876b8685-e2e6-4b2b-9f0d-f9ddcb91e852:192.168.164.213:33356, 131ee32b-eb71-4a4b-82eb-895fd06b61f2:192.168.164.213:38159, abb8132e-b90b-4ab3-abdd-91ffef5e5962:192.168.164.213:45083], old=null
2019-10-24 15:43:49,411 [2f81ded6-48e6-408d-9409-3cd44f70bee8@group-56059261E3EC-LeaderElection24] INFO  impl.LeaderElection (LeaderElection.java:logAndReturn(56)) - 2f81ded6-48e6-408d-9409-3cd44f70bee8@group-56059261E3EC-LeaderElection24: Election TIMEOUT; received 0 response(s) [] and 0 exception(s); 2f81ded6-48e6-408d-9409-3cd44f70bee8@group-56059261E3EC:t5, leader=null, voted=2f81ded6-48e6-408d-9409-3cd44f70bee8, raftlog=2f81ded6-48e6-408d-9409-3cd44f70bee8@group-56059261E3EC-SegmentedRaftLog:OPENED:c-1,f-1,i0, conf=-1: [3a65ecdf-e32f-4548-a2e5-44ab823c11b3:192.168.164.213:44036, a667faea-0fef-4f07-8d37-e0d8f63f2a62:192.168.164.213:36278, 2f81ded6-48e6-408d-9409-3cd44f70bee8:192.168.164.213:36516], old=null
2019-10-24 15:43:49,410 [IPC Server handler 6 on 33035] INFO  volume.OMVolumeCreateRequest (OMVolumeCreateRequest.java:validateAndUpdateCache(193)) - created volume:datanodefailurehandlingtest for user:jenkins1000
2019-10-24 15:43:49,427 [Thread-469] INFO  impl.RoleInfo (RoleInfo.java:shutdownFollowerState(121)) - 131ee32b-eb71-4a4b-82eb-895fd06b61f2: shutdown FollowerState
2019-10-24 15:43:49,429 [Thread-469] INFO  impl.RaftServerImpl (RaftServerImpl.java:setRole(184)) - 131ee32b-eb71-4a4b-82eb-895fd06b61f2@group-D6115FD00A99: changes role from  FOLLOWER to CANDIDATE at term 5 for changeToCandidate
2019-10-24 15:43:49,429 [Thread-469] INFO  impl.RoleInfo (RoleInfo.java:updateAndGet(143)) - 131ee32b-eb71-4a4b-82eb-895fd06b61f2: start LeaderElection
2019-10-24 15:43:49,429 [grpc-default-executor-2] INFO  impl.RaftServerImpl (RaftServerImpl.java:setRole(184)) - 3a65ecdf-e32f-4548-a2e5-44ab823c11b3@group-56059261E3EC: changes role from  FOLLOWER to FOLLOWER at term 5 for recognizeCandidate:2f81ded6-48e6-408d-9409-3cd44f70bee8
2019-10-24 15:43:49,430 [grpc-default-executor-2] INFO  impl.RoleInfo (RoleInfo.java:shutdownFollowerState(121)) - 3a65ecdf-e32f-4548-a2e5-44ab823c11b3: shutdown FollowerState
2019-10-24 15:43:49,430 [grpc-default-executor-6] INFO  impl.RaftServerImpl (RaftServerImpl.java:setRole(184)) - a667faea-0fef-4f07-8d37-e0d8f63f2a62@group-56059261E3EC: changes role from  FOLLOWER to FOLLOWER at term 5 for recognizeCandidate:2f81ded6-48e6-408d-9409-3cd44f70bee8
2019-10-24 15:43:49,430 [grpc-default-executor-6] INFO  impl.RoleInfo (RoleInfo.java:shutdownFollowerState(121)) - a667faea-0fef-4f07-8d37-e0d8f63f2a62: shutdown FollowerState
2019-10-24 15:43:49,440 [131ee32b-eb71-4a4b-82eb-895fd06b61f2@group-D6115FD00A99-LeaderElection28] INFO  impl.LeaderElection (LeaderElection.java:askForVotes(178)) - 131ee32b-eb71-4a4b-82eb-895fd06b61f2@group-D6115FD00A99-LeaderElection28: begin an election at term 6 for -1: [876b8685-e2e6-4b2b-9f0d-f9ddcb91e852:192.168.164.213:33356, 131ee32b-eb71-4a4b-82eb-895fd06b61f2:192.168.164.213:38159, abb8132e-b90b-4ab3-abdd-91ffef5e5962:192.168.164.213:45083], old=null
2019-10-24 15:43:49,440 [2f81ded6-48e6-408d-9409-3cd44f70bee8@group-56059261E3EC-LeaderElection24] INFO  impl.LeaderElection (LeaderElection.java:askForVotes(178)) - 2f81ded6-48e6-408d-9409-3cd44f70bee8@group-56059261E3EC-LeaderElection24: begin an election at term 6 for -1: [3a65ecdf-e32f-4548-a2e5-44ab823c11b3:192.168.164.213:44036, a667faea-0fef-4f07-8d37-e0d8f63f2a62:192.168.164.213:36278, 2f81ded6-48e6-408d-9409-3cd44f70bee8:192.168.164.213:36516], old=null
2019-10-24 15:43:49,451 [grpc-default-executor-6] INFO  impl.RoleInfo (RoleInfo.java:updateAndGet(143)) - a667faea-0fef-4f07-8d37-e0d8f63f2a62: start FollowerState
2019-10-24 15:43:49,451 [Thread-476] INFO  impl.FollowerState (FollowerState.java:run(117)) - a667faea-0fef-4f07-8d37-e0d8f63f2a62@group-56059261E3EC-FollowerState was interrupted: java.lang.InterruptedException: sleep interrupted
2019-10-24 15:43:49,454 [Thread-472] INFO  impl.FollowerState (FollowerState.java:run(117)) - 3a65ecdf-e32f-4548-a2e5-44ab823c11b3@group-56059261E3EC-FollowerState was interrupted: java.lang.InterruptedException: sleep interrupted
2019-10-24 15:43:49,454 [grpc-default-executor-2] INFO  impl.RoleInfo (RoleInfo.java:updateAndGet(143)) - 3a65ecdf-e32f-4548-a2e5-44ab823c11b3: start FollowerState
2019-10-24 15:43:49,455 [grpc-default-executor-9] INFO  impl.RaftServerImpl (RaftServerImpl.java:setRole(184)) - 131ee32b-eb71-4a4b-82eb-895fd06b61f2@group-D6115FD00A99: changes role from CANDIDATE to FOLLOWER at term 7 for recognizeCandidate:876b8685-e2e6-4b2b-9f0d-f9ddcb91e852
2019-10-24 15:43:49,455 [grpc-default-executor-9] INFO  impl.RoleInfo (RoleInfo.java:shutdownLeaderElection(134)) - 131ee32b-eb71-4a4b-82eb-895fd06b61f2: shutdown LeaderElection
2019-10-24 15:43:49,455 [grpc-default-executor-9] INFO  impl.RoleInfo (RoleInfo.java:updateAndGet(143)) - 131ee32b-eb71-4a4b-82eb-895fd06b61f2: start FollowerState
2019-10-24 15:43:49,460 [grpc-default-executor-8] INFO  impl.RaftServerImpl (RaftServerImpl.java:setRole(184)) - abb8132e-b90b-4ab3-abdd-91ffef5e5962@group-D6115FD00A99: changes role from  FOLLOWER to FOLLOWER at term 6 for recognizeCandidate:131ee32b-eb71-4a4b-82eb-895fd06b61f2
2019-10-24 15:43:49,460 [grpc-default-executor-8] INFO  impl.RoleInfo (RoleInfo.java:shutdownFollowerState(121)) - abb8132e-b90b-4ab3-abdd-91ffef5e5962: shutdown FollowerState
2019-10-24 15:43:49,460 [grpc-default-executor-1] INFO  impl.RaftServerImpl (RaftServerImpl.java:setRole(184)) - af280123-6372-4d1f-a5d4-c36229a73203@group-75C85B6D1182: changes role from  FOLLOWER to FOLLOWER at term 7 for recognizeCandidate:9092f221-0e0d-4970-bb84-cacd95020f21
2019-10-24 15:43:49,460 [grpc-default-executor-1] INFO  impl.RoleInfo (RoleInfo.java:shutdownFollowerState(121)) - af280123-6372-4d1f-a5d4-c36229a73203: shutdown FollowerState
2019-10-24 15:43:49,460 [grpc-default-executor-10] INFO  impl.RaftServerImpl (RaftServerImpl.java:setRole(184)) - b4ae536c-ed18-4717-a75c-ca4b5d6c4001@group-75C85B6D1182: changes role from  FOLLOWER to FOLLOWER at term 7 for recognizeCandidate:9092f221-0e0d-4970-bb84-cacd95020f21
2019-10-24 15:43:49,460 [grpc-default-executor-10] INFO  impl.RoleInfo (RoleInfo.java:shutdownFollowerState(121)) - b4ae536c-ed18-4717-a75c-ca4b5d6c4001: shutdown FollowerState
2019-10-24 15:43:49,468 [grpc-default-executor-4] INFO  impl.RaftServerImpl (RaftServerImpl.java:setRole(184)) - 3a65ecdf-e32f-4548-a2e5-44ab823c11b3@group-56059261E3EC: changes role from  FOLLOWER to FOLLOWER at term 6 for recognizeCandidate:2f81ded6-48e6-408d-9409-3cd44f70bee8
2019-10-24 15:43:49,468 [grpc-default-executor-5] INFO  impl.RaftServerImpl (RaftServerImpl.java:setRole(184)) - a667faea-0fef-4f07-8d37-e0d8f63f2a62@group-56059261E3EC: changes role from  FOLLOWER to FOLLOWER at term 6 for recognizeCandidate:2f81ded6-48e6-408d-9409-3cd44f70bee8
2019-10-24 15:43:49,468 [grpc-default-executor-4] INFO  impl.RoleInfo (RoleInfo.java:shutdownFollowerState(121)) - 3a65ecdf-e32f-4548-a2e5-44ab823c11b3: shutdown FollowerState
2019-10-24 15:43:49,468 [grpc-default-executor-5] INFO  impl.RoleInfo (RoleInfo.java:shutdownFollowerState(121)) - a667faea-0fef-4f07-8d37-e0d8f63f2a62: shutdown FollowerState
2019-10-24 15:43:49,474 [876b8685-e2e6-4b2b-9f0d-f9ddcb91e852@group-D6115FD00A99-LeaderElection27] INFO  impl.LeaderElection (LeaderElection.java:logAndReturn(56)) - 876b8685-e2e6-4b2b-9f0d-f9ddcb91e852@group-D6115FD00A99-LeaderElection27: Election TIMEOUT; received 1 response(s) [876b8685-e2e6-4b2b-9f0d-f9ddcb91e852<-131ee32b-eb71-4a4b-82eb-895fd06b61f2#0:FAIL-t7] and 0 exception(s); 876b8685-e2e6-4b2b-9f0d-f9ddcb91e852@group-D6115FD00A99:t7, leader=null, voted=876b8685-e2e6-4b2b-9f0d-f9ddcb91e852, raftlog=876b8685-e2e6-4b2b-9f0d-f9ddcb91e852@group-D6115FD00A99-SegmentedRaftLog:OPENED:c-1,f-1,i0, conf=-1: [876b8685-e2e6-4b2b-9f0d-f9ddcb91e852:192.168.164.213:33356, 131ee32b-eb71-4a4b-82eb-895fd06b61f2:192.168.164.213:38159, abb8132e-b90b-4ab3-abdd-91ffef5e5962:192.168.164.213:45083], old=null
2019-10-24 15:43:49,480 [Thread-492] INFO  impl.FollowerState (FollowerState.java:run(117)) - a667faea-0fef-4f07-8d37-e0d8f63f2a62@group-56059261E3EC-FollowerState was interrupted: java.lang.InterruptedException: sleep interrupted
2019-10-24 15:43:49,480 [Thread-493] INFO  impl.FollowerState (FollowerState.java:run(117)) - 3a65ecdf-e32f-4548-a2e5-44ab823c11b3@group-56059261E3EC-FollowerState was interrupted: java.lang.InterruptedException: sleep interrupted
2019-10-24 15:43:49,480 [grpc-default-executor-4] INFO  impl.RoleInfo (RoleInfo.java:updateAndGet(143)) - 3a65ecdf-e32f-4548-a2e5-44ab823c11b3: start FollowerState
2019-10-24 15:43:49,480 [grpc-default-executor-5] INFO  impl.RoleInfo (RoleInfo.java:updateAndGet(143)) - a667faea-0fef-4f07-8d37-e0d8f63f2a62: start FollowerState
2019-10-24 15:43:49,483 [131ee32b-eb71-4a4b-82eb-895fd06b61f2@group-D6115FD00A99-LeaderElection28] INFO  impl.LeaderElection (LeaderElection.java:logAndReturn(56)) - 131ee32b-eb71-4a4b-82eb-895fd06b61f2@group-D6115FD00A99-LeaderElection28: Election DISCOVERED_A_NEW_TERM; received 1 response(s) [131ee32b-eb71-4a4b-82eb-895fd06b61f2<-876b8685-e2e6-4b2b-9f0d-f9ddcb91e852#0:FAIL-t7] and 0 exception(s); 131ee32b-eb71-4a4b-82eb-895fd06b61f2@group-D6115FD00A99:t7, leader=null, voted=null, raftlog=131ee32b-eb71-4a4b-82eb-895fd06b61f2@group-D6115FD00A99-SegmentedRaftLog:OPENED:c-1,f-1,i0, conf=-1: [876b8685-e2e6-4b2b-9f0d-f9ddcb91e852:192.168.164.213:33356, 131ee32b-eb71-4a4b-82eb-895fd06b61f2:192.168.164.213:38159, abb8132e-b90b-4ab3-abdd-91ffef5e5962:192.168.164.213:45083], old=null
2019-10-24 15:43:49,483 [Thread-458] INFO  impl.FollowerState (FollowerState.java:run(117)) - abb8132e-b90b-4ab3-abdd-91ffef5e5962@group-D6115FD00A99-FollowerState was interrupted: java.lang.InterruptedException: sleep interrupted
2019-10-24 15:43:49,483 [grpc-default-executor-1] INFO  impl.RoleInfo (RoleInfo.java:updateAndGet(143)) - af280123-6372-4d1f-a5d4-c36229a73203: start FollowerState
2019-10-24 15:43:49,483 [grpc-default-executor-8] INFO  impl.RoleInfo (RoleInfo.java:updateAndGet(143)) - abb8132e-b90b-4ab3-abdd-91ffef5e5962: start FollowerState
2019-10-24 15:43:49,483 [Thread-475] INFO  impl.FollowerState (FollowerState.java:run(117)) - af280123-6372-4d1f-a5d4-c36229a73203@group-75C85B6D1182-FollowerState was interrupted: java.lang.InterruptedException: sleep interrupted
2019-10-24 15:43:49,480 [grpc-default-executor-10] INFO  impl.RoleInfo (RoleInfo.java:updateAndGet(143)) - b4ae536c-ed18-4717-a75c-ca4b5d6c4001: start FollowerState
2019-10-24 15:43:49,480 [Thread-478] INFO  impl.FollowerState (FollowerState.java:run(117)) - b4ae536c-ed18-4717-a75c-ca4b5d6c4001@group-75C85B6D1182-FollowerState was interrupted: java.lang.InterruptedException: sleep interrupted
2019-10-24 15:43:49,497 [876b8685-e2e6-4b2b-9f0d-f9ddcb91e852@group-D6115FD00A99-LeaderElection27] INFO  impl.LeaderElection (LeaderElection.java:askForVotes(178)) - 876b8685-e2e6-4b2b-9f0d-f9ddcb91e852@group-D6115FD00A99-LeaderElection27: begin an election at term 8 for -1: [876b8685-e2e6-4b2b-9f0d-f9ddcb91e852:192.168.164.213:33356, 131ee32b-eb71-4a4b-82eb-895fd06b61f2:192.168.164.213:38159, abb8132e-b90b-4ab3-abdd-91ffef5e5962:192.168.164.213:45083], old=null
2019-10-24 15:43:49,497 [grpc-default-executor-2] INFO  impl.RaftServerImpl (RaftServerImpl.java:setRole(184)) - abb8132e-b90b-4ab3-abdd-91ffef5e5962@group-D6115FD00A99: changes role from  FOLLOWER to FOLLOWER at term 7 for recognizeCandidate:876b8685-e2e6-4b2b-9f0d-f9ddcb91e852
2019-10-24 15:43:49,497 [grpc-default-executor-2] INFO  impl.RoleInfo (RoleInfo.java:shutdownFollowerState(121)) - abb8132e-b90b-4ab3-abdd-91ffef5e5962: shutdown FollowerState
2019-10-24 15:43:49,499 [9092f221-0e0d-4970-bb84-cacd95020f21@group-75C85B6D1182-LeaderElection26] INFO  impl.LeaderElection (LeaderElection.java:logAndReturn(56)) - 9092f221-0e0d-4970-bb84-cacd95020f21@group-75C85B6D1182-LeaderElection26: Election PASSED; received 2 response(s) [9092f221-0e0d-4970-bb84-cacd95020f21<-b4ae536c-ed18-4717-a75c-ca4b5d6c4001#0:FAIL-t7, 9092f221-0e0d-4970-bb84-cacd95020f21<-af280123-6372-4d1f-a5d4-c36229a73203#0:OK-t7] and 0 exception(s); 9092f221-0e0d-4970-bb84-cacd95020f21@group-75C85B6D1182:t7, leader=null, voted=9092f221-0e0d-4970-bb84-cacd95020f21, raftlog=9092f221-0e0d-4970-bb84-cacd95020f21@group-75C85B6D1182-SegmentedRaftLog:OPENED:c-1,f-1,i0, conf=-1: [9092f221-0e0d-4970-bb84-cacd95020f21:192.168.164.213:41903, af280123-6372-4d1f-a5d4-c36229a73203:192.168.164.213:35334, b4ae536c-ed18-4717-a75c-ca4b5d6c4001:192.168.164.213:41180], old=null
2019-10-24 15:43:49,508 [9092f221-0e0d-4970-bb84-cacd95020f21@group-75C85B6D1182-LeaderElection26] INFO  impl.RoleInfo (RoleInfo.java:shutdownLeaderElection(134)) - 9092f221-0e0d-4970-bb84-cacd95020f21: shutdown LeaderElection
2019-10-24 15:43:49,509 [9092f221-0e0d-4970-bb84-cacd95020f21@group-75C85B6D1182-LeaderElection26] INFO  impl.RaftServerImpl (RaftServerImpl.java:setRole(184)) - 9092f221-0e0d-4970-bb84-cacd95020f21@group-75C85B6D1182: changes role from CANDIDATE to LEADER at term 7 for changeToLeader
2019-10-24 15:43:49,511 [Thread-499] INFO  impl.FollowerState (FollowerState.java:run(117)) - abb8132e-b90b-4ab3-abdd-91ffef5e5962@group-D6115FD00A99-FollowerState was interrupted: java.lang.InterruptedException: sleep interrupted
2019-10-24 15:43:49,509 [2f81ded6-48e6-408d-9409-3cd44f70bee8@group-56059261E3EC-LeaderElection24] INFO  impl.LeaderElection (LeaderElection.java:logAndReturn(56)) - 2f81ded6-48e6-408d-9409-3cd44f70bee8@group-56059261E3EC-LeaderElection24: Election PASSED; received 1 response(s) [2f81ded6-48e6-408d-9409-3cd44f70bee8<-3a65ecdf-e32f-4548-a2e5-44ab823c11b3#0:OK-t6] and 0 exception(s); 2f81ded6-48e6-408d-9409-3cd44f70bee8@group-56059261E3EC:t6, leader=null, voted=2f81ded6-48e6-408d-9409-3cd44f70bee8, raftlog=2f81ded6-48e6-408d-9409-3cd44f70bee8@group-56059261E3EC-SegmentedRaftLog:OPENED:c-1,f-1,i0, conf=-1: [3a65ecdf-e32f-4548-a2e5-44ab823c11b3:192.168.164.213:44036, a667faea-0fef-4f07-8d37-e0d8f63f2a62:192.168.164.213:36278, 2f81ded6-48e6-408d-9409-3cd44f70bee8:192.168.164.213:36516], old=null
2019-10-24 15:43:49,513 [grpc-default-executor-2] INFO  impl.RoleInfo (RoleInfo.java:updateAndGet(143)) - abb8132e-b90b-4ab3-abdd-91ffef5e5962: start FollowerState
2019-10-24 15:43:49,511 [9092f221-0e0d-4970-bb84-cacd95020f21@group-75C85B6D1182-LeaderElection26] INFO  impl.RaftServerImpl (ServerState.java:setLeader(256)) - 9092f221-0e0d-4970-bb84-cacd95020f21@group-75C85B6D1182: change Leader from null to 9092f221-0e0d-4970-bb84-cacd95020f21 at term 7 for becomeLeader, leader elected after 1163ms
2019-10-24 15:43:49,513 [2f81ded6-48e6-408d-9409-3cd44f70bee8@group-56059261E3EC-LeaderElection24] INFO  impl.RoleInfo (RoleInfo.java:shutdownLeaderElection(134)) - 2f81ded6-48e6-408d-9409-3cd44f70bee8: shutdown LeaderElection
2019-10-24 15:43:49,515 [9092f221-0e0d-4970-bb84-cacd95020f21@group-75C85B6D1182-LeaderElection26] INFO  server.RaftServerConfigKeys (ConfUtils.java:logGet(43)) - raft.server.staging.catchup.gap = 1000 (default)
2019-10-24 15:43:49,515 [2f81ded6-48e6-408d-9409-3cd44f70bee8@group-56059261E3EC-LeaderElection24] INFO  impl.RaftServerImpl (RaftServerImpl.java:setRole(184)) - 2f81ded6-48e6-408d-9409-3cd44f70bee8@group-56059261E3EC: changes role from CANDIDATE to LEADER at term 6 for changeToLeader
2019-10-24 15:43:49,515 [9092f221-0e0d-4970-bb84-cacd95020f21@group-75C85B6D1182-LeaderElection26] INFO  server.RaftServerConfigKeys (ConfUtils.java:logGet(43)) - raft.server.rpc.sleep.time = 25ms (default)
2019-10-24 15:43:49,515 [2f81ded6-48e6-408d-9409-3cd44f70bee8@group-56059261E3EC-LeaderElection24] INFO  impl.RaftServerImpl (ServerState.java:setLeader(256)) - 2f81ded6-48e6-408d-9409-3cd44f70bee8@group-56059261E3EC: change Leader from null to 2f81ded6-48e6-408d-9409-3cd44f70bee8 at term 6 for becomeLeader, leader elected after 964ms
2019-10-24 15:43:49,515 [9092f221-0e0d-4970-bb84-cacd95020f21@group-75C85B6D1182-LeaderElection26] INFO  server.RaftServerConfigKeys (ConfUtils.java:logGet(43)) - raft.server.write.element-limit = 4096 (default)
2019-10-24 15:43:49,515 [2f81ded6-48e6-408d-9409-3cd44f70bee8@group-56059261E3EC-LeaderElection24] INFO  server.RaftServerConfigKeys (ConfUtils.java:logGet(43)) - raft.server.staging.catchup.gap = 1000 (default)
2019-10-24 15:43:49,515 [9092f221-0e0d-4970-bb84-cacd95020f21@group-75C85B6D1182-LeaderElection26] INFO  server.RaftServerConfigKeys (ConfUtils.java:logGet(43)) - raft.server.watch.timeout = 10s (default)
2019-10-24 15:43:49,517 [2f81ded6-48e6-408d-9409-3cd44f70bee8@group-56059261E3EC-LeaderElection24] INFO  server.RaftServerConfigKeys (ConfUtils.java:logGet(43)) - raft.server.rpc.sleep.time = 25ms (default)
2019-10-24 15:43:49,517 [9092f221-0e0d-4970-bb84-cacd95020f21@group-75C85B6D1182-LeaderElection26] INFO  server.RaftServerConfigKeys (ConfUtils.java:logGet(43)) - raft.server.watch.timeout.denomination = 1s (default)
2019-10-24 15:43:49,518 [9092f221-0e0d-4970-bb84-cacd95020f21@group-75C85B6D1182-LeaderElection26] INFO  server.RaftServerConfigKeys (ConfUtils.java:logGet(43)) - raft.server.watch.element-limit = 65536 (default)
2019-10-24 15:43:49,518 [2f81ded6-48e6-408d-9409-3cd44f70bee8@group-56059261E3EC-LeaderElection24] INFO  server.RaftServerConfigKeys (ConfUtils.java:logGet(43)) - raft.server.write.element-limit = 4096 (default)
2019-10-24 15:43:49,518 [2f81ded6-48e6-408d-9409-3cd44f70bee8@group-56059261E3EC-LeaderElection24] INFO  server.RaftServerConfigKeys (ConfUtils.java:logGet(43)) - raft.server.watch.timeout = 10s (default)
2019-10-24 15:43:49,519 [2f81ded6-48e6-408d-9409-3cd44f70bee8@group-56059261E3EC-LeaderElection24] INFO  server.RaftServerConfigKeys (ConfUtils.java:logGet(43)) - raft.server.watch.timeout.denomination = 1s (default)
2019-10-24 15:43:49,519 [2f81ded6-48e6-408d-9409-3cd44f70bee8@group-56059261E3EC-LeaderElection24] INFO  server.RaftServerConfigKeys (ConfUtils.java:logGet(43)) - raft.server.watch.element-limit = 65536 (default)
2019-10-24 15:43:49,519 [grpc-default-executor-4] INFO  impl.RaftServerImpl (RaftServerImpl.java:setRole(184)) - 131ee32b-eb71-4a4b-82eb-895fd06b61f2@group-D6115FD00A99: changes role from  FOLLOWER to FOLLOWER at term 8 for recognizeCandidate:876b8685-e2e6-4b2b-9f0d-f9ddcb91e852
2019-10-24 15:43:49,519 [grpc-default-executor-4] INFO  impl.RoleInfo (RoleInfo.java:shutdownFollowerState(121)) - 131ee32b-eb71-4a4b-82eb-895fd06b61f2: shutdown FollowerState
2019-10-24 15:43:49,539 [876b8685-e2e6-4b2b-9f0d-f9ddcb91e852@group-D6115FD00A99-LeaderElection27] INFO  impl.LeaderElection (LeaderElection.java:logAndReturn(56)) - 876b8685-e2e6-4b2b-9f0d-f9ddcb91e852@group-D6115FD00A99-LeaderElection27: Election TIMEOUT; received 0 response(s) [] and 0 exception(s); 876b8685-e2e6-4b2b-9f0d-f9ddcb91e852@group-D6115FD00A99:t8, leader=null, voted=876b8685-e2e6-4b2b-9f0d-f9ddcb91e852, raftlog=876b8685-e2e6-4b2b-9f0d-f9ddcb91e852@group-D6115FD00A99-SegmentedRaftLog:OPENED:c-1,f-1,i0, conf=-1: [876b8685-e2e6-4b2b-9f0d-f9ddcb91e852:192.168.164.213:33356, 131ee32b-eb71-4a4b-82eb-895fd06b61f2:192.168.164.213:38159, abb8132e-b90b-4ab3-abdd-91ffef5e5962:192.168.164.213:45083], old=null
2019-10-24 15:43:49,539 [Thread-494] INFO  impl.FollowerState (FollowerState.java:run(117)) - 131ee32b-eb71-4a4b-82eb-895fd06b61f2@group-D6115FD00A99-FollowerState was interrupted: java.lang.InterruptedException: sleep interrupted
2019-10-24 15:43:49,539 [grpc-default-executor-4] INFO  impl.RoleInfo (RoleInfo.java:updateAndGet(143)) - 131ee32b-eb71-4a4b-82eb-895fd06b61f2: start FollowerState
2019-10-24 15:43:49,547 [grpc-default-executor-2] INFO  impl.RaftServerImpl (RaftServerImpl.java:setRole(184)) - abb8132e-b90b-4ab3-abdd-91ffef5e5962@group-D6115FD00A99: changes role from  FOLLOWER to FOLLOWER at term 8 for recognizeCandidate:876b8685-e2e6-4b2b-9f0d-f9ddcb91e852
2019-10-24 15:43:49,547 [grpc-default-executor-2] INFO  impl.RoleInfo (RoleInfo.java:shutdownFollowerState(121)) - abb8132e-b90b-4ab3-abdd-91ffef5e5962: shutdown FollowerState
2019-10-24 15:43:49,549 [main] INFO  rpc.RpcClient (RpcClient.java:createBucket(411)) - Creating Bucket: datanodefailurehandlingtest/datanodefailurehandlingtest, with Versioning false and Storage Type set to DISK and Encryption set to false 
2019-10-24 15:43:49,555 [876b8685-e2e6-4b2b-9f0d-f9ddcb91e852@group-D6115FD00A99-LeaderElection27] INFO  impl.LeaderElection (LeaderElection.java:askForVotes(178)) - 876b8685-e2e6-4b2b-9f0d-f9ddcb91e852@group-D6115FD00A99-LeaderElection27: begin an election at term 9 for -1: [876b8685-e2e6-4b2b-9f0d-f9ddcb91e852:192.168.164.213:33356, 131ee32b-eb71-4a4b-82eb-895fd06b61f2:192.168.164.213:38159, abb8132e-b90b-4ab3-abdd-91ffef5e5962:192.168.164.213:45083], old=null
2019-10-24 15:43:49,567 [Thread-501] INFO  impl.FollowerState (FollowerState.java:run(117)) - abb8132e-b90b-4ab3-abdd-91ffef5e5962@group-D6115FD00A99-FollowerState was interrupted: java.lang.InterruptedException: sleep interrupted
2019-10-24 15:43:49,567 [grpc-default-executor-2] INFO  impl.RoleInfo (RoleInfo.java:updateAndGet(143)) - abb8132e-b90b-4ab3-abdd-91ffef5e5962: start FollowerState
2019-10-24 15:43:49,572 [grpc-default-executor-4] INFO  impl.RaftServerImpl (RaftServerImpl.java:setRole(184)) - 131ee32b-eb71-4a4b-82eb-895fd06b61f2@group-D6115FD00A99: changes role from  FOLLOWER to FOLLOWER at term 9 for recognizeCandidate:876b8685-e2e6-4b2b-9f0d-f9ddcb91e852
2019-10-24 15:43:49,572 [grpc-default-executor-4] INFO  impl.RoleInfo (RoleInfo.java:shutdownFollowerState(121)) - 131ee32b-eb71-4a4b-82eb-895fd06b61f2: shutdown FollowerState
2019-10-24 15:43:49,594 [Thread-505] INFO  impl.FollowerState (FollowerState.java:run(117)) - 131ee32b-eb71-4a4b-82eb-895fd06b61f2@group-D6115FD00A99-FollowerState was interrupted: java.lang.InterruptedException: sleep interrupted
2019-10-24 15:43:49,594 [grpc-default-executor-4] INFO  impl.RoleInfo (RoleInfo.java:updateAndGet(143)) - 131ee32b-eb71-4a4b-82eb-895fd06b61f2: start FollowerState
2019-10-24 15:43:49,601 [grpc-default-executor-2] INFO  impl.RaftServerImpl (RaftServerImpl.java:setRole(184)) - abb8132e-b90b-4ab3-abdd-91ffef5e5962@group-D6115FD00A99: changes role from  FOLLOWER to FOLLOWER at term 9 for recognizeCandidate:876b8685-e2e6-4b2b-9f0d-f9ddcb91e852
2019-10-24 15:43:49,601 [grpc-default-executor-2] INFO  impl.RoleInfo (RoleInfo.java:shutdownFollowerState(121)) - abb8132e-b90b-4ab3-abdd-91ffef5e5962: shutdown FollowerState
2019-10-24 15:43:49,603 [876b8685-e2e6-4b2b-9f0d-f9ddcb91e852@group-D6115FD00A99-LeaderElection27] INFO  impl.LeaderElection (LeaderElection.java:logAndReturn(56)) - 876b8685-e2e6-4b2b-9f0d-f9ddcb91e852@group-D6115FD00A99-LeaderElection27: Election TIMEOUT; received 0 response(s) [] and 0 exception(s); 876b8685-e2e6-4b2b-9f0d-f9ddcb91e852@group-D6115FD00A99:t9, leader=null, voted=876b8685-e2e6-4b2b-9f0d-f9ddcb91e852, raftlog=876b8685-e2e6-4b2b-9f0d-f9ddcb91e852@group-D6115FD00A99-SegmentedRaftLog:OPENED:c-1,f-1,i0, conf=-1: [876b8685-e2e6-4b2b-9f0d-f9ddcb91e852:192.168.164.213:33356, 131ee32b-eb71-4a4b-82eb-895fd06b61f2:192.168.164.213:38159, abb8132e-b90b-4ab3-abdd-91ffef5e5962:192.168.164.213:45083], old=null
2019-10-24 15:43:49,622 [grpc-default-executor-2] INFO  impl.RoleInfo (RoleInfo.java:updateAndGet(143)) - abb8132e-b90b-4ab3-abdd-91ffef5e5962: start FollowerState
2019-10-24 15:43:49,622 [Thread-507] INFO  impl.FollowerState (FollowerState.java:run(117)) - abb8132e-b90b-4ab3-abdd-91ffef5e5962@group-D6115FD00A99-FollowerState was interrupted: java.lang.InterruptedException: sleep interrupted
2019-10-24 15:43:49,638 [876b8685-e2e6-4b2b-9f0d-f9ddcb91e852@group-D6115FD00A99-LeaderElection27] INFO  impl.LeaderElection (LeaderElection.java:askForVotes(178)) - 876b8685-e2e6-4b2b-9f0d-f9ddcb91e852@group-D6115FD00A99-LeaderElection27: begin an election at term 10 for -1: [876b8685-e2e6-4b2b-9f0d-f9ddcb91e852:192.168.164.213:33356, 131ee32b-eb71-4a4b-82eb-895fd06b61f2:192.168.164.213:38159, abb8132e-b90b-4ab3-abdd-91ffef5e5962:192.168.164.213:45083], old=null
2019-10-24 15:43:49,640 [Thread-498] INFO  impl.FollowerState (FollowerState.java:run(108)) - af280123-6372-4d1f-a5d4-c36229a73203@group-75C85B6D1182-FollowerState: change to CANDIDATE, lastRpcTime:157ms, electionTimeout:155ms
2019-10-24 15:43:49,641 [Thread-498] INFO  impl.RoleInfo (RoleInfo.java:shutdownFollowerState(121)) - af280123-6372-4d1f-a5d4-c36229a73203: shutdown FollowerState
2019-10-24 15:43:49,641 [Thread-498] INFO  impl.RaftServerImpl (RaftServerImpl.java:setRole(184)) - af280123-6372-4d1f-a5d4-c36229a73203@group-75C85B6D1182: changes role from  FOLLOWER to CANDIDATE at term 7 for changeToCandidate
2019-10-24 15:43:49,651 [Thread-498] INFO  impl.RoleInfo (RoleInfo.java:updateAndGet(143)) - af280123-6372-4d1f-a5d4-c36229a73203: start LeaderElection
2019-10-24 15:43:49,658 [grpc-default-executor-4] INFO  impl.RaftServerImpl (RaftServerImpl.java:setRole(184)) - abb8132e-b90b-4ab3-abdd-91ffef5e5962@group-D6115FD00A99: changes role from  FOLLOWER to FOLLOWER at term 10 for recognizeCandidate:876b8685-e2e6-4b2b-9f0d-f9ddcb91e852
2019-10-24 15:43:49,658 [grpc-default-executor-2] INFO  impl.RaftServerImpl (RaftServerImpl.java:setRole(184)) - 131ee32b-eb71-4a4b-82eb-895fd06b61f2@group-D6115FD00A99: changes role from  FOLLOWER to FOLLOWER at term 10 for recognizeCandidate:876b8685-e2e6-4b2b-9f0d-f9ddcb91e852
2019-10-24 15:43:49,659 [grpc-default-executor-4] INFO  impl.RoleInfo (RoleInfo.java:shutdownFollowerState(121)) - abb8132e-b90b-4ab3-abdd-91ffef5e5962: shutdown FollowerState
2019-10-24 15:43:49,659 [grpc-default-executor-2] INFO  impl.RoleInfo (RoleInfo.java:shutdownFollowerState(121)) - 131ee32b-eb71-4a4b-82eb-895fd06b61f2: shutdown FollowerState
2019-10-24 15:43:49,659 [grpc-default-executor-4] INFO  impl.RoleInfo (RoleInfo.java:updateAndGet(143)) - abb8132e-b90b-4ab3-abdd-91ffef5e5962: start FollowerState
2019-10-24 15:43:49,659 [Thread-510] INFO  impl.FollowerState (FollowerState.java:run(117)) - abb8132e-b90b-4ab3-abdd-91ffef5e5962@group-D6115FD00A99-FollowerState was interrupted: java.lang.InterruptedException: sleep interrupted
2019-10-24 15:43:49,664 [grpc-default-executor-2] INFO  impl.RoleInfo (RoleInfo.java:updateAndGet(143)) - 131ee32b-eb71-4a4b-82eb-895fd06b61f2: start FollowerState
2019-10-24 15:43:49,675 [af280123-6372-4d1f-a5d4-c36229a73203@group-75C85B6D1182-LeaderElection29] INFO  impl.LeaderElection (LeaderElection.java:askForVotes(178)) - af280123-6372-4d1f-a5d4-c36229a73203@group-75C85B6D1182-LeaderElection29: begin an election at term 8 for -1: [9092f221-0e0d-4970-bb84-cacd95020f21:192.168.164.213:41903, af280123-6372-4d1f-a5d4-c36229a73203:192.168.164.213:35334, b4ae536c-ed18-4717-a75c-ca4b5d6c4001:192.168.164.213:41180], old=null
2019-10-24 15:43:49,678 [grpc-default-executor-10] INFO  impl.RaftServerImpl (RaftServerImpl.java:setRole(184)) - b4ae536c-ed18-4717-a75c-ca4b5d6c4001@group-75C85B6D1182: changes role from  FOLLOWER to FOLLOWER at term 8 for recognizeCandidate:af280123-6372-4d1f-a5d4-c36229a73203
2019-10-24 15:43:49,678 [grpc-default-executor-10] INFO  impl.RoleInfo (RoleInfo.java:shutdownFollowerState(121)) - b4ae536c-ed18-4717-a75c-ca4b5d6c4001: shutdown FollowerState
2019-10-24 15:43:49,679 [grpc-default-executor-10] INFO  impl.RoleInfo (RoleInfo.java:updateAndGet(143)) - b4ae536c-ed18-4717-a75c-ca4b5d6c4001: start FollowerState
2019-10-24 15:43:49,679 [Thread-497] INFO  impl.FollowerState (FollowerState.java:run(117)) - b4ae536c-ed18-4717-a75c-ca4b5d6c4001@group-75C85B6D1182-FollowerState was interrupted: java.lang.InterruptedException: sleep interrupted
2019-10-24 15:43:49,681 [Timer for 'StorageContainerManager' metrics system] INFO  lib.Interns (Interns.java:removeEldestEntry(50)) - Metrics intern cache overflow at 2011 for MetricsSystem={MetricsSystem=MetricsInfoImpl{name=MetricsSystem, description=MetricsSystem}, MetricsSystem record=MetricsInfoImpl{name=MetricsSystem, description=MetricsSystem record}}
2019-10-24 15:43:49,688 [2f81ded6-48e6-408d-9409-3cd44f70bee8@group-56059261E3EC-LeaderElection24] INFO  server.RaftServerConfigKeys (ConfUtils.java:logGet(43)) - raft.server.log.appender.snapshot.chunk.size.max = 16MB (=16777216) (default)
2019-10-24 15:43:49,688 [9092f221-0e0d-4970-bb84-cacd95020f21@group-75C85B6D1182-LeaderElection26] INFO  server.RaftServerConfigKeys (ConfUtils.java:logGet(43)) - raft.server.log.appender.snapshot.chunk.size.max = 16MB (=16777216) (default)
2019-10-24 15:43:49,688 [2f81ded6-48e6-408d-9409-3cd44f70bee8@group-56059261E3EC-LeaderElection24] INFO  server.RaftServerConfigKeys (ConfUtils.java:logGet(43)) - raft.server.log.appender.buffer.byte-limit = 33554432 (custom)
2019-10-24 15:43:49,688 [9092f221-0e0d-4970-bb84-cacd95020f21@group-75C85B6D1182-LeaderElection26] INFO  server.RaftServerConfigKeys (ConfUtils.java:logGet(43)) - raft.server.log.appender.buffer.byte-limit = 33554432 (custom)
2019-10-24 15:43:49,689 [2f81ded6-48e6-408d-9409-3cd44f70bee8@group-56059261E3EC-LeaderElection24] INFO  server.RaftServerConfigKeys (ConfUtils.java:logGet(43)) - raft.server.log.appender.buffer.element-limit = 1 (custom)
2019-10-24 15:43:49,689 [9092f221-0e0d-4970-bb84-cacd95020f21@group-75C85B6D1182-LeaderElection26] INFO  server.RaftServerConfigKeys (ConfUtils.java:logGet(43)) - raft.server.log.appender.buffer.element-limit = 1 (custom)
2019-10-24 15:43:49,689 [2f81ded6-48e6-408d-9409-3cd44f70bee8@group-56059261E3EC-LeaderElection24] INFO  grpc.GrpcConfigKeys$Server (ConfUtils.java:logGet(43)) - raft.grpc.server.leader.outstanding.appends.max = 128 (default)
2019-10-24 15:43:49,689 [9092f221-0e0d-4970-bb84-cacd95020f21@group-75C85B6D1182-LeaderElection26] INFO  grpc.GrpcConfigKeys$Server (ConfUtils.java:logGet(43)) - raft.grpc.server.leader.outstanding.appends.max = 128 (default)
2019-10-24 15:43:49,689 [2f81ded6-48e6-408d-9409-3cd44f70bee8@group-56059261E3EC-LeaderElection24] INFO  server.RaftServerConfigKeys (ConfUtils.java:logGet(43)) - raft.server.rpc.request.timeout = 3000ms (default)
2019-10-24 15:43:49,689 [9092f221-0e0d-4970-bb84-cacd95020f21@group-75C85B6D1182-LeaderElection26] INFO  server.RaftServerConfigKeys (ConfUtils.java:logGet(43)) - raft.server.rpc.request.timeout = 3000ms (default)
2019-10-24 15:43:49,689 [2f81ded6-48e6-408d-9409-3cd44f70bee8@group-56059261E3EC-LeaderElection24] INFO  server.RaftServerConfigKeys (ConfUtils.java:logGet(43)) - raft.server.log.appender.install.snapshot.enabled = false (custom)
2019-10-24 15:43:49,690 [9092f221-0e0d-4970-bb84-cacd95020f21@group-75C85B6D1182-LeaderElection26] INFO  server.RaftServerConfigKeys (ConfUtils.java:logGet(43)) - raft.server.log.appender.install.snapshot.enabled = false (custom)
2019-10-24 15:43:49,692 [876b8685-e2e6-4b2b-9f0d-f9ddcb91e852@group-D6115FD00A99-LeaderElection27] INFO  impl.LeaderElection (LeaderElection.java:logAndReturn(56)) - 876b8685-e2e6-4b2b-9f0d-f9ddcb91e852@group-D6115FD00A99-LeaderElection27: Election PASSED; received 2 response(s) [876b8685-e2e6-4b2b-9f0d-f9ddcb91e852<-131ee32b-eb71-4a4b-82eb-895fd06b61f2#0:OK-t10, 876b8685-e2e6-4b2b-9f0d-f9ddcb91e852<-abb8132e-b90b-4ab3-abdd-91ffef5e5962#0:FAIL-t10] and 0 exception(s); 876b8685-e2e6-4b2b-9f0d-f9ddcb91e852@group-D6115FD00A99:t10, leader=null, voted=876b8685-e2e6-4b2b-9f0d-f9ddcb91e852, raftlog=876b8685-e2e6-4b2b-9f0d-f9ddcb91e852@group-D6115FD00A99-SegmentedRaftLog:OPENED:c-1,f-1,i0, conf=-1: [876b8685-e2e6-4b2b-9f0d-f9ddcb91e852:192.168.164.213:33356, 131ee32b-eb71-4a4b-82eb-895fd06b61f2:192.168.164.213:38159, abb8132e-b90b-4ab3-abdd-91ffef5e5962:192.168.164.213:45083], old=null
2019-10-24 15:43:49,692 [876b8685-e2e6-4b2b-9f0d-f9ddcb91e852@group-D6115FD00A99-LeaderElection27] INFO  impl.RoleInfo (RoleInfo.java:shutdownLeaderElection(134)) - 876b8685-e2e6-4b2b-9f0d-f9ddcb91e852: shutdown LeaderElection
2019-10-24 15:43:49,692 [876b8685-e2e6-4b2b-9f0d-f9ddcb91e852@group-D6115FD00A99-LeaderElection27] INFO  impl.RaftServerImpl (RaftServerImpl.java:setRole(184)) - 876b8685-e2e6-4b2b-9f0d-f9ddcb91e852@group-D6115FD00A99: changes role from CANDIDATE to LEADER at term 10 for changeToLeader
2019-10-24 15:43:49,692 [876b8685-e2e6-4b2b-9f0d-f9ddcb91e852@group-D6115FD00A99-LeaderElection27] INFO  impl.RaftServerImpl (ServerState.java:setLeader(256)) - 876b8685-e2e6-4b2b-9f0d-f9ddcb91e852@group-D6115FD00A99: change Leader from null to 876b8685-e2e6-4b2b-9f0d-f9ddcb91e852 at term 10 for becomeLeader, leader elected after 1457ms
2019-10-24 15:43:49,692 [876b8685-e2e6-4b2b-9f0d-f9ddcb91e852@group-D6115FD00A99-LeaderElection27] INFO  server.RaftServerConfigKeys (ConfUtils.java:logGet(43)) - raft.server.staging.catchup.gap = 1000 (default)
2019-10-24 15:43:49,692 [876b8685-e2e6-4b2b-9f0d-f9ddcb91e852@group-D6115FD00A99-LeaderElection27] INFO  server.RaftServerConfigKeys (ConfUtils.java:logGet(43)) - raft.server.rpc.sleep.time = 25ms (default)
2019-10-24 15:43:49,692 [2f81ded6-48e6-408d-9409-3cd44f70bee8@group-56059261E3EC-LeaderElection24] INFO  server.RaftServerConfigKeys (ConfUtils.java:logGet(43)) - raft.server.log.appender.snapshot.chunk.size.max = 16MB (=16777216) (default)
2019-10-24 15:43:49,695 [876b8685-e2e6-4b2b-9f0d-f9ddcb91e852@group-D6115FD00A99-LeaderElection27] INFO  server.RaftServerConfigKeys (ConfUtils.java:logGet(43)) - raft.server.write.element-limit = 4096 (default)
2019-10-24 15:43:49,695 [2f81ded6-48e6-408d-9409-3cd44f70bee8@group-56059261E3EC-LeaderElection24] INFO  server.RaftServerConfigKeys (ConfUtils.java:logGet(43)) - raft.server.log.appender.buffer.byte-limit = 33554432 (custom)
2019-10-24 15:43:49,695 [876b8685-e2e6-4b2b-9f0d-f9ddcb91e852@group-D6115FD00A99-LeaderElection27] INFO  server.RaftServerConfigKeys (ConfUtils.java:logGet(43)) - raft.server.watch.timeout = 10s (default)
2019-10-24 15:43:49,695 [2f81ded6-48e6-408d-9409-3cd44f70bee8@group-56059261E3EC-LeaderElection24] INFO  server.RaftServerConfigKeys (ConfUtils.java:logGet(43)) - raft.server.log.appender.buffer.element-limit = 1 (custom)
2019-10-24 15:43:49,695 [876b8685-e2e6-4b2b-9f0d-f9ddcb91e852@group-D6115FD00A99-LeaderElection27] INFO  server.RaftServerConfigKeys (ConfUtils.java:logGet(43)) - raft.server.watch.timeout.denomination = 1s (default)
2019-10-24 15:43:49,696 [2f81ded6-48e6-408d-9409-3cd44f70bee8@group-56059261E3EC-LeaderElection24] INFO  grpc.GrpcConfigKeys$Server (ConfUtils.java:logGet(43)) - raft.grpc.server.leader.outstanding.appends.max = 128 (default)
2019-10-24 15:43:49,696 [876b8685-e2e6-4b2b-9f0d-f9ddcb91e852@group-D6115FD00A99-LeaderElection27] INFO  server.RaftServerConfigKeys (ConfUtils.java:logGet(43)) - raft.server.watch.element-limit = 65536 (default)
2019-10-24 15:43:49,696 [2f81ded6-48e6-408d-9409-3cd44f70bee8@group-56059261E3EC-LeaderElection24] INFO  server.RaftServerConfigKeys (ConfUtils.java:logGet(43)) - raft.server.rpc.request.timeout = 3000ms (default)
2019-10-24 15:43:49,696 [2f81ded6-48e6-408d-9409-3cd44f70bee8@group-56059261E3EC-LeaderElection24] INFO  server.RaftServerConfigKeys (ConfUtils.java:logGet(43)) - raft.server.log.appender.install.snapshot.enabled = false (custom)
2019-10-24 15:43:49,696 [9092f221-0e0d-4970-bb84-cacd95020f21@group-75C85B6D1182-LeaderElection26] INFO  server.RaftServerConfigKeys (ConfUtils.java:logGet(43)) - raft.server.log.appender.snapshot.chunk.size.max = 16MB (=16777216) (default)
2019-10-24 15:43:49,696 [9092f221-0e0d-4970-bb84-cacd95020f21@group-75C85B6D1182-LeaderElection26] INFO  server.RaftServerConfigKeys (ConfUtils.java:logGet(43)) - raft.server.log.appender.buffer.byte-limit = 33554432 (custom)
2019-10-24 15:43:49,697 [9092f221-0e0d-4970-bb84-cacd95020f21@group-75C85B6D1182-LeaderElection26] INFO  server.RaftServerConfigKeys (ConfUtils.java:logGet(43)) - raft.server.log.appender.buffer.element-limit = 1 (custom)
2019-10-24 15:43:49,697 [9092f221-0e0d-4970-bb84-cacd95020f21@group-75C85B6D1182-LeaderElection26] INFO  grpc.GrpcConfigKeys$Server (ConfUtils.java:logGet(43)) - raft.grpc.server.leader.outstanding.appends.max = 128 (default)
2019-10-24 15:43:49,697 [9092f221-0e0d-4970-bb84-cacd95020f21@group-75C85B6D1182-LeaderElection26] INFO  server.RaftServerConfigKeys (ConfUtils.java:logGet(43)) - raft.server.rpc.request.timeout = 3000ms (default)
2019-10-24 15:43:49,697 [9092f221-0e0d-4970-bb84-cacd95020f21@group-75C85B6D1182-LeaderElection26] INFO  server.RaftServerConfigKeys (ConfUtils.java:logGet(43)) - raft.server.log.appender.install.snapshot.enabled = false (custom)
2019-10-24 15:43:49,698 [af280123-6372-4d1f-a5d4-c36229a73203@group-75C85B6D1182-LeaderElection29] INFO  impl.LeaderElection (LeaderElection.java:logAndReturn(56)) - af280123-6372-4d1f-a5d4-c36229a73203@group-75C85B6D1182-LeaderElection29: Election TIMEOUT; received 1 response(s) [af280123-6372-4d1f-a5d4-c36229a73203<-b4ae536c-ed18-4717-a75c-ca4b5d6c4001#0:FAIL-t8] and 0 exception(s); af280123-6372-4d1f-a5d4-c36229a73203@group-75C85B6D1182:t8, leader=null, voted=af280123-6372-4d1f-a5d4-c36229a73203, raftlog=af280123-6372-4d1f-a5d4-c36229a73203@group-75C85B6D1182-SegmentedRaftLog:OPENED:c-1,f-1,i0, conf=-1: [9092f221-0e0d-4970-bb84-cacd95020f21:192.168.164.213:41903, af280123-6372-4d1f-a5d4-c36229a73203:192.168.164.213:35334, b4ae536c-ed18-4717-a75c-ca4b5d6c4001:192.168.164.213:41180], old=null
2019-10-24 15:43:49,698 [876b8685-e2e6-4b2b-9f0d-f9ddcb91e852@group-D6115FD00A99-LeaderElection27] INFO  server.RaftServerConfigKeys (ConfUtils.java:logGet(43)) - raft.server.log.appender.snapshot.chunk.size.max = 16MB (=16777216) (default)
2019-10-24 15:43:49,698 [876b8685-e2e6-4b2b-9f0d-f9ddcb91e852@group-D6115FD00A99-LeaderElection27] INFO  server.RaftServerConfigKeys (ConfUtils.java:logGet(43)) - raft.server.log.appender.buffer.byte-limit = 33554432 (custom)
2019-10-24 15:43:49,699 [2f81ded6-48e6-408d-9409-3cd44f70bee8@group-56059261E3EC-LeaderElection24] INFO  impl.RoleInfo (RoleInfo.java:updateAndGet(143)) - 2f81ded6-48e6-408d-9409-3cd44f70bee8: start LeaderState
2019-10-24 15:43:49,699 [876b8685-e2e6-4b2b-9f0d-f9ddcb91e852@group-D6115FD00A99-LeaderElection27] INFO  server.RaftServerConfigKeys (ConfUtils.java:logGet(43)) - raft.server.log.appender.buffer.element-limit = 1 (custom)
2019-10-24 15:43:49,701 [2f81ded6-48e6-408d-9409-3cd44f70bee8@group-56059261E3EC-LeaderElection24] INFO  segmented.SegmentedRaftLogWorker (SegmentedRaftLogWorker.java:startLogSegment(385)) - 2f81ded6-48e6-408d-9409-3cd44f70bee8@group-56059261E3EC-SegmentedRaftLogWorker: Starting segment from index:0
2019-10-24 15:43:49,701 [876b8685-e2e6-4b2b-9f0d-f9ddcb91e852@group-D6115FD00A99-LeaderElection27] INFO  grpc.GrpcConfigKeys$Server (ConfUtils.java:logGet(43)) - raft.grpc.server.leader.outstanding.appends.max = 128 (default)
2019-10-24 15:43:49,701 [876b8685-e2e6-4b2b-9f0d-f9ddcb91e852@group-D6115FD00A99-LeaderElection27] INFO  server.RaftServerConfigKeys (ConfUtils.java:logGet(43)) - raft.server.rpc.request.timeout = 3000ms (default)
2019-10-24 15:43:49,701 [876b8685-e2e6-4b2b-9f0d-f9ddcb91e852@group-D6115FD00A99-LeaderElection27] INFO  server.RaftServerConfigKeys (ConfUtils.java:logGet(43)) - raft.server.log.appender.install.snapshot.enabled = false (custom)
2019-10-24 15:43:49,701 [2f81ded6-48e6-408d-9409-3cd44f70bee8@group-56059261E3EC-LeaderElection24] INFO  impl.RaftServerImpl (ServerState.java:setRaftConf(357)) - 2f81ded6-48e6-408d-9409-3cd44f70bee8@group-56059261E3EC: set configuration 0: [3a65ecdf-e32f-4548-a2e5-44ab823c11b3:192.168.164.213:44036, a667faea-0fef-4f07-8d37-e0d8f63f2a62:192.168.164.213:36278, 2f81ded6-48e6-408d-9409-3cd44f70bee8:192.168.164.213:36516], old=null at 0
2019-10-24 15:43:49,727 [af280123-6372-4d1f-a5d4-c36229a73203@group-75C85B6D1182-LeaderElection29] INFO  impl.LeaderElection (LeaderElection.java:askForVotes(178)) - af280123-6372-4d1f-a5d4-c36229a73203@group-75C85B6D1182-LeaderElection29: begin an election at term 9 for -1: [9092f221-0e0d-4970-bb84-cacd95020f21:192.168.164.213:41903, af280123-6372-4d1f-a5d4-c36229a73203:192.168.164.213:35334, b4ae536c-ed18-4717-a75c-ca4b5d6c4001:192.168.164.213:41180], old=null
2019-10-24 15:43:49,728 [9092f221-0e0d-4970-bb84-cacd95020f21@group-75C85B6D1182-LeaderElection26] INFO  impl.RoleInfo (RoleInfo.java:updateAndGet(143)) - 9092f221-0e0d-4970-bb84-cacd95020f21: start LeaderState
2019-10-24 15:43:49,729 [9092f221-0e0d-4970-bb84-cacd95020f21@group-75C85B6D1182-LeaderElection26] INFO  segmented.SegmentedRaftLogWorker (SegmentedRaftLogWorker.java:startLogSegment(385)) - 9092f221-0e0d-4970-bb84-cacd95020f21@group-75C85B6D1182-SegmentedRaftLogWorker: Starting segment from index:0
2019-10-24 15:43:49,729 [876b8685-e2e6-4b2b-9f0d-f9ddcb91e852@group-D6115FD00A99-LeaderElection27] INFO  server.RaftServerConfigKeys (ConfUtils.java:logGet(43)) - raft.server.log.appender.snapshot.chunk.size.max = 16MB (=16777216) (default)
2019-10-24 15:43:49,729 [876b8685-e2e6-4b2b-9f0d-f9ddcb91e852@group-D6115FD00A99-LeaderElection27] INFO  server.RaftServerConfigKeys (ConfUtils.java:logGet(43)) - raft.server.log.appender.buffer.byte-limit = 33554432 (custom)
2019-10-24 15:43:49,730 [876b8685-e2e6-4b2b-9f0d-f9ddcb91e852@group-D6115FD00A99-LeaderElection27] INFO  server.RaftServerConfigKeys (ConfUtils.java:logGet(43)) - raft.server.log.appender.buffer.element-limit = 1 (custom)
2019-10-24 15:43:49,730 [876b8685-e2e6-4b2b-9f0d-f9ddcb91e852@group-D6115FD00A99-LeaderElection27] INFO  grpc.GrpcConfigKeys$Server (ConfUtils.java:logGet(43)) - raft.grpc.server.leader.outstanding.appends.max = 128 (default)
2019-10-24 15:43:49,730 [9092f221-0e0d-4970-bb84-cacd95020f21@group-75C85B6D1182-LeaderElection26] INFO  impl.RaftServerImpl (ServerState.java:setRaftConf(357)) - 9092f221-0e0d-4970-bb84-cacd95020f21@group-75C85B6D1182: set configuration 0: [9092f221-0e0d-4970-bb84-cacd95020f21:192.168.164.213:41903, af280123-6372-4d1f-a5d4-c36229a73203:192.168.164.213:35334, b4ae536c-ed18-4717-a75c-ca4b5d6c4001:192.168.164.213:41180], old=null at 0
2019-10-24 15:43:49,730 [876b8685-e2e6-4b2b-9f0d-f9ddcb91e852@group-D6115FD00A99-LeaderElection27] INFO  server.RaftServerConfigKeys (ConfUtils.java:logGet(43)) - raft.server.rpc.request.timeout = 3000ms (default)
2019-10-24 15:43:49,730 [grpc-default-executor-6] INFO  impl.RaftServerImpl (ServerState.java:setLeader(256)) - 9092f221-0e0d-4970-bb84-cacd95020f21@group-75C85B6D1182: change Leader from 9092f221-0e0d-4970-bb84-cacd95020f21 to null at term 8 for updateCurrentTerm
2019-10-24 15:43:49,730 [876b8685-e2e6-4b2b-9f0d-f9ddcb91e852@group-D6115FD00A99-LeaderElection27] INFO  server.RaftServerConfigKeys (ConfUtils.java:logGet(43)) - raft.server.log.appender.install.snapshot.enabled = false (custom)
2019-10-24 15:43:49,730 [grpc-default-executor-2] INFO  impl.RaftServerImpl (ServerState.java:setLeader(256)) - 3a65ecdf-e32f-4548-a2e5-44ab823c11b3@group-56059261E3EC: change Leader from null to 2f81ded6-48e6-408d-9409-3cd44f70bee8 at term 6 for appendEntries, leader elected after 483ms
2019-10-24 15:43:49,731 [grpc-default-executor-1] INFO  impl.RaftServerImpl (RaftServerImpl.java:setRole(184)) - b4ae536c-ed18-4717-a75c-ca4b5d6c4001@group-75C85B6D1182: changes role from  FOLLOWER to FOLLOWER at term 9 for recognizeCandidate:af280123-6372-4d1f-a5d4-c36229a73203
2019-10-24 15:43:49,730 [grpc-default-executor-6] INFO  impl.RaftServerImpl (RaftServerImpl.java:setRole(184)) - 9092f221-0e0d-4970-bb84-cacd95020f21@group-75C85B6D1182: changes role from    LEADER to FOLLOWER at term 8 for recognizeCandidate:af280123-6372-4d1f-a5d4-c36229a73203
2019-10-24 15:43:49,731 [grpc-default-executor-1] INFO  impl.RoleInfo (RoleInfo.java:shutdownFollowerState(121)) - b4ae536c-ed18-4717-a75c-ca4b5d6c4001: shutdown FollowerState
2019-10-24 15:43:49,731 [grpc-default-executor-4] INFO  impl.RaftServerImpl (ServerState.java:setLeader(256)) - a667faea-0fef-4f07-8d37-e0d8f63f2a62@group-56059261E3EC: change Leader from null to 2f81ded6-48e6-408d-9409-3cd44f70bee8 at term 6 for appendEntries, leader elected after 540ms
2019-10-24 15:43:49,731 [Thread-518] INFO  impl.FollowerState (FollowerState.java:run(117)) - b4ae536c-ed18-4717-a75c-ca4b5d6c4001@group-75C85B6D1182-FollowerState was interrupted: java.lang.InterruptedException: sleep interrupted
2019-10-24 15:43:49,731 [grpc-default-executor-1] INFO  impl.RoleInfo (RoleInfo.java:updateAndGet(143)) - b4ae536c-ed18-4717-a75c-ca4b5d6c4001: start FollowerState
2019-10-24 15:43:49,731 [grpc-default-executor-6] INFO  impl.RoleInfo (RoleInfo.java:shutdownLeaderState(104)) - 9092f221-0e0d-4970-bb84-cacd95020f21: shutdown LeaderState
2019-10-24 15:43:49,769 [org.apache.ratis.server.impl.LogAppender$AppenderDaemon$$Lambda$394/977654@48e305d4] WARN  server.GrpcLogAppender (GrpcLogAppender.java:mayWait(149)) - 9092f221-0e0d-4970-bb84-cacd95020f21@group-75C85B6D1182->b4ae536c-ed18-4717-a75c-ca4b5d6c4001-GrpcLogAppender: Wait interrupted by java.lang.InterruptedException
2019-10-24 15:43:49,769 [grpc-default-executor-6] INFO  impl.PendingRequests (PendingRequests.java:sendNotLeaderResponses(202)) - 9092f221-0e0d-4970-bb84-cacd95020f21@group-75C85B6D1182-PendingRequests: sendNotLeaderResponses
2019-10-24 15:43:49,770 [2f81ded6-48e6-408d-9409-3cd44f70bee8@group-56059261E3EC-SegmentedRaftLogWorker] INFO  segmented.SegmentedRaftLogWorker (SegmentedRaftLogWorker.java:execute(576)) - 2f81ded6-48e6-408d-9409-3cd44f70bee8@group-56059261E3EC-SegmentedRaftLogWorker: created new log segment /workdir/hadoop-ozone/integration-test/target/test-dir/MiniOzoneClusterImpl-0feb3ce4-70f4-42f6-988c-6bd7afad892e/datanode-9/data/ratis/1d06b086-ae5b-4193-a29f-56059261e3ec/current/log_inprogress_0
2019-10-24 15:43:49,770 [grpc-default-executor-6] INFO  impl.RoleInfo (RoleInfo.java:updateAndGet(143)) - 9092f221-0e0d-4970-bb84-cacd95020f21: start FollowerState
2019-10-24 15:43:49,770 [org.apache.ratis.server.impl.LogAppender$AppenderDaemon$$Lambda$394/977654@19ae71a1] WARN  server.GrpcLogAppender (GrpcLogAppender.java:mayWait(149)) - 9092f221-0e0d-4970-bb84-cacd95020f21@group-75C85B6D1182->af280123-6372-4d1f-a5d4-c36229a73203-GrpcLogAppender: Wait interrupted by java.lang.InterruptedException
2019-10-24 15:43:49,771 [876b8685-e2e6-4b2b-9f0d-f9ddcb91e852@group-D6115FD00A99-LeaderElection27] INFO  impl.RoleInfo (RoleInfo.java:updateAndGet(143)) - 876b8685-e2e6-4b2b-9f0d-f9ddcb91e852: start LeaderState
2019-10-24 15:43:49,771 [876b8685-e2e6-4b2b-9f0d-f9ddcb91e852@group-D6115FD00A99-LeaderElection27] INFO  segmented.SegmentedRaftLogWorker (SegmentedRaftLogWorker.java:startLogSegment(385)) - 876b8685-e2e6-4b2b-9f0d-f9ddcb91e852@group-D6115FD00A99-SegmentedRaftLogWorker: Starting segment from index:0
2019-10-24 15:43:49,772 [876b8685-e2e6-4b2b-9f0d-f9ddcb91e852@group-D6115FD00A99-LeaderElection27] INFO  impl.RaftServerImpl (ServerState.java:setRaftConf(357)) - 876b8685-e2e6-4b2b-9f0d-f9ddcb91e852@group-D6115FD00A99: set configuration 0: [876b8685-e2e6-4b2b-9f0d-f9ddcb91e852:192.168.164.213:33356, 131ee32b-eb71-4a4b-82eb-895fd06b61f2:192.168.164.213:38159, abb8132e-b90b-4ab3-abdd-91ffef5e5962:192.168.164.213:45083], old=null at 0
2019-10-24 15:43:49,772 [grpc-default-executor-4] INFO  server.GrpcServerProtocolService (GrpcServerProtocolService.java:onCompleted(113)) - af280123-6372-4d1f-a5d4-c36229a73203: Completed APPEND_ENTRIES, lastRequest: 9092f221-0e0d-4970-bb84-cacd95020f21->af280123-6372-4d1f-a5d4-c36229a73203#0-t7, previous=(t:0, i:0), leaderCommit=-1, initializing? false, entries: <empty>
2019-10-24 15:43:49,774 [grpc-default-executor-10] INFO  impl.RaftServerImpl (ServerState.java:setLeader(256)) - 131ee32b-eb71-4a4b-82eb-895fd06b61f2@group-D6115FD00A99: change Leader from null to 876b8685-e2e6-4b2b-9f0d-f9ddcb91e852 at term 10 for appendEntries, leader elected after 1538ms
2019-10-24 15:43:49,774 [grpc-default-executor-4] INFO  impl.RaftServerImpl (ServerState.java:setLeader(256)) - abb8132e-b90b-4ab3-abdd-91ffef5e5962@group-D6115FD00A99: change Leader from null to 876b8685-e2e6-4b2b-9f0d-f9ddcb91e852 at term 10 for appendEntries, leader elected after 817ms
2019-10-24 15:43:49,813 [9092f221-0e0d-4970-bb84-cacd95020f21@group-75C85B6D1182-SegmentedRaftLogWorker] INFO  segmented.SegmentedRaftLogWorker (SegmentedRaftLogWorker.java:execute(576)) - 9092f221-0e0d-4970-bb84-cacd95020f21@group-75C85B6D1182-SegmentedRaftLogWorker: created new log segment /workdir/hadoop-ozone/integration-test/target/test-dir/MiniOzoneClusterImpl-0feb3ce4-70f4-42f6-988c-6bd7afad892e/datanode-4/data/ratis/92bd9c40-3185-4634-97b8-75c85b6d1182/current/log_inprogress_0
2019-10-24 15:43:49,814 [grpc-default-executor-5] INFO  impl.RaftServerImpl (RaftServerImpl.java:setRole(184)) - 9092f221-0e0d-4970-bb84-cacd95020f21@group-75C85B6D1182: changes role from  FOLLOWER to FOLLOWER at term 9 for recognizeCandidate:af280123-6372-4d1f-a5d4-c36229a73203
2019-10-24 15:43:49,814 [grpc-default-executor-8] INFO  server.GrpcServerProtocolService (GrpcServerProtocolService.java:onCompleted(113)) - b4ae536c-ed18-4717-a75c-ca4b5d6c4001: Completed APPEND_ENTRIES, lastRequest: 9092f221-0e0d-4970-bb84-cacd95020f21->b4ae536c-ed18-4717-a75c-ca4b5d6c4001#0-t7, previous=(t:0, i:0), leaderCommit=-1, initializing? false, entries: <empty>
2019-10-24 15:43:49,814 [grpc-default-executor-2] INFO  server.GrpcLogAppender (GrpcLogAppender.java:onCompleted(308)) - 9092f221-0e0d-4970-bb84-cacd95020f21@group-75C85B6D1182->af280123-6372-4d1f-a5d4-c36229a73203-AppendLogResponseHandler: follower responses appendEntries COMPLETED
2019-10-24 15:43:49,814 [grpc-default-executor-5] INFO  impl.RoleInfo (RoleInfo.java:shutdownFollowerState(121)) - 9092f221-0e0d-4970-bb84-cacd95020f21: shutdown FollowerState
2019-10-24 15:43:49,817 [Thread-535] INFO  impl.FollowerState (FollowerState.java:run(117)) - 9092f221-0e0d-4970-bb84-cacd95020f21@group-75C85B6D1182-FollowerState was interrupted: java.lang.InterruptedException: sleep interrupted
2019-10-24 15:43:49,817 [grpc-default-executor-5] INFO  impl.RoleInfo (RoleInfo.java:updateAndGet(143)) - 9092f221-0e0d-4970-bb84-cacd95020f21: start FollowerState
2019-10-24 15:43:49,818 [grpc-default-executor-4] INFO  impl.RaftServerImpl (ServerState.java:setRaftConf(357)) - 3a65ecdf-e32f-4548-a2e5-44ab823c11b3@group-56059261E3EC: set configuration 0: [3a65ecdf-e32f-4548-a2e5-44ab823c11b3:192.168.164.213:44036, a667faea-0fef-4f07-8d37-e0d8f63f2a62:192.168.164.213:36278, 2f81ded6-48e6-408d-9409-3cd44f70bee8:192.168.164.213:36516], old=null at 0
2019-10-24 15:43:49,818 [grpc-default-executor-8] INFO  impl.RaftServerImpl (ServerState.java:setRaftConf(357)) - a667faea-0fef-4f07-8d37-e0d8f63f2a62@group-56059261E3EC: set configuration 0: [3a65ecdf-e32f-4548-a2e5-44ab823c11b3:192.168.164.213:44036, a667faea-0fef-4f07-8d37-e0d8f63f2a62:192.168.164.213:36278, 2f81ded6-48e6-408d-9409-3cd44f70bee8:192.168.164.213:36516], old=null at 0
2019-10-24 15:43:49,818 [grpc-default-executor-4] INFO  segmented.SegmentedRaftLogWorker (SegmentedRaftLogWorker.java:startLogSegment(385)) - 3a65ecdf-e32f-4548-a2e5-44ab823c11b3@group-56059261E3EC-SegmentedRaftLogWorker: Starting segment from index:0
2019-10-24 15:43:49,818 [grpc-default-executor-2] INFO  impl.FollowerInfo (FollowerInfo.java:lambda$new$0(51)) - 9092f221-0e0d-4970-bb84-cacd95020f21@group-75C85B6D1182->af280123-6372-4d1f-a5d4-c36229a73203: nextIndex: updateUnconditionally 0 -> 0
2019-10-24 15:43:49,819 [grpc-default-executor-4] INFO  impl.RaftServerImpl (ServerState.java:setRaftConf(357)) - 131ee32b-eb71-4a4b-82eb-895fd06b61f2@group-D6115FD00A99: set configuration 0: [876b8685-e2e6-4b2b-9f0d-f9ddcb91e852:192.168.164.213:33356, 131ee32b-eb71-4a4b-82eb-895fd06b61f2:192.168.164.213:38159, abb8132e-b90b-4ab3-abdd-91ffef5e5962:192.168.164.213:45083], old=null at 0
2019-10-24 15:43:49,819 [grpc-default-executor-4] INFO  segmented.SegmentedRaftLogWorker (SegmentedRaftLogWorker.java:startLogSegment(385)) - 131ee32b-eb71-4a4b-82eb-895fd06b61f2@group-D6115FD00A99-SegmentedRaftLogWorker: Starting segment from index:0
2019-10-24 15:43:49,820 [grpc-default-executor-6] INFO  impl.RaftServerImpl (ServerState.java:setRaftConf(357)) - abb8132e-b90b-4ab3-abdd-91ffef5e5962@group-D6115FD00A99: set configuration 0: [876b8685-e2e6-4b2b-9f0d-f9ddcb91e852:192.168.164.213:33356, 131ee32b-eb71-4a4b-82eb-895fd06b61f2:192.168.164.213:38159, abb8132e-b90b-4ab3-abdd-91ffef5e5962:192.168.164.213:45083], old=null at 0
2019-10-24 15:43:49,820 [grpc-default-executor-8] INFO  segmented.SegmentedRaftLogWorker (SegmentedRaftLogWorker.java:truncate(401)) - a667faea-0fef-4f07-8d37-e0d8f63f2a62@group-56059261E3EC-SegmentedRaftLogWorker: Truncating segments toTruncate: null
  toDelete: [(0, 0) isOpen? true, length=0, newEndIndex=-1], start index 0
2019-10-24 15:43:49,820 [grpc-default-executor-6] INFO  segmented.SegmentedRaftLogWorker (SegmentedRaftLogWorker.java:truncate(401)) - abb8132e-b90b-4ab3-abdd-91ffef5e5962@group-D6115FD00A99-SegmentedRaftLogWorker: Truncating segments toTruncate: null
  toDelete: [(0, 0) isOpen? true, length=0, newEndIndex=-1], start index 0
2019-10-24 15:43:49,821 [grpc-default-executor-8] INFO  segmented.SegmentedRaftLogWorker (SegmentedRaftLogWorker.java:startLogSegment(385)) - a667faea-0fef-4f07-8d37-e0d8f63f2a62@group-56059261E3EC-SegmentedRaftLogWorker: Starting segment from index:0
2019-10-24 15:43:49,821 [grpc-default-executor-6] INFO  segmented.SegmentedRaftLogWorker (SegmentedRaftLogWorker.java:startLogSegment(385)) - abb8132e-b90b-4ab3-abdd-91ffef5e5962@group-D6115FD00A99-SegmentedRaftLogWorker: Starting segment from index:0
2019-10-24 15:43:49,822 [a667faea-0fef-4f07-8d37-e0d8f63f2a62@group-56059261E3EC-SegmentedRaftLogWorker] INFO  segmented.SegmentedRaftLogWorker (SegmentedRaftLogWorker.java:execute(640)) - a667faea-0fef-4f07-8d37-e0d8f63f2a62@group-56059261E3EC-SegmentedRaftLogWorker: Deleted log file /workdir/hadoop-ozone/integration-test/target/test-dir/MiniOzoneClusterImpl-0feb3ce4-70f4-42f6-988c-6bd7afad892e/datanode-1/data/ratis/1d06b086-ae5b-4193-a29f-56059261e3ec/current/log_inprogress_0
2019-10-24 15:43:49,822 [abb8132e-b90b-4ab3-abdd-91ffef5e5962@group-D6115FD00A99-SegmentedRaftLogWorker] INFO  segmented.SegmentedRaftLogWorker (SegmentedRaftLogWorker.java:execute(640)) - abb8132e-b90b-4ab3-abdd-91ffef5e5962@group-D6115FD00A99-SegmentedRaftLogWorker: Deleted log file /workdir/hadoop-ozone/integration-test/target/test-dir/MiniOzoneClusterImpl-0feb3ce4-70f4-42f6-988c-6bd7afad892e/datanode-8/data/ratis/029cd483-b1e5-49b9-bdf9-d6115fd00a99/current/log_inprogress_0
2019-10-24 15:43:49,822 [a667faea-0fef-4f07-8d37-e0d8f63f2a62@group-56059261E3EC-SegmentedRaftLogWorker] INFO  segmented.SegmentedRaftLogWorker (SegmentedRaftLogWorker.java:lambda$new$0(128)) - a667faea-0fef-4f07-8d37-e0d8f63f2a62@group-56059261E3EC-SegmentedRaftLogWorker: flushIndex: setUnconditionally 0 -> -1
2019-10-24 15:43:49,823 [abb8132e-b90b-4ab3-abdd-91ffef5e5962@group-D6115FD00A99-SegmentedRaftLogWorker] INFO  segmented.SegmentedRaftLogWorker (SegmentedRaftLogWorker.java:lambda$new$0(128)) - abb8132e-b90b-4ab3-abdd-91ffef5e5962@group-D6115FD00A99-SegmentedRaftLogWorker: flushIndex: setUnconditionally 0 -> -1
2019-10-24 15:43:49,826 [876b8685-e2e6-4b2b-9f0d-f9ddcb91e852@group-D6115FD00A99-SegmentedRaftLogWorker] INFO  segmented.SegmentedRaftLogWorker (SegmentedRaftLogWorker.java:execute(576)) - 876b8685-e2e6-4b2b-9f0d-f9ddcb91e852@group-D6115FD00A99-SegmentedRaftLogWorker: created new log segment /workdir/hadoop-ozone/integration-test/target/test-dir/MiniOzoneClusterImpl-0feb3ce4-70f4-42f6-988c-6bd7afad892e/datanode-5/data/ratis/029cd483-b1e5-49b9-bdf9-d6115fd00a99/current/log_inprogress_0
2019-10-24 15:43:49,827 [grpc-default-executor-2] INFO  server.GrpcLogAppender (GrpcLogAppender.java:onCompleted(308)) - 9092f221-0e0d-4970-bb84-cacd95020f21@group-75C85B6D1182->b4ae536c-ed18-4717-a75c-ca4b5d6c4001-AppendLogResponseHandler: follower responses appendEntries COMPLETED
2019-10-24 15:43:49,856 [grpc-default-executor-2] INFO  impl.FollowerInfo (FollowerInfo.java:lambda$new$0(51)) - 9092f221-0e0d-4970-bb84-cacd95020f21@group-75C85B6D1182->b4ae536c-ed18-4717-a75c-ca4b5d6c4001: nextIndex: updateUnconditionally 0 -> 0
2019-10-24 15:43:49,857 [af280123-6372-4d1f-a5d4-c36229a73203@group-75C85B6D1182-LeaderElection29] INFO  impl.LeaderElection (LeaderElection.java:logAndReturn(56)) - af280123-6372-4d1f-a5d4-c36229a73203@group-75C85B6D1182-LeaderElection29: Election REJECTED; received 2 response(s) [af280123-6372-4d1f-a5d4-c36229a73203<-9092f221-0e0d-4970-bb84-cacd95020f21#0:FAIL-t9, af280123-6372-4d1f-a5d4-c36229a73203<-b4ae536c-ed18-4717-a75c-ca4b5d6c4001#0:FAIL-t9] and 0 exception(s); af280123-6372-4d1f-a5d4-c36229a73203@group-75C85B6D1182:t9, leader=null, voted=af280123-6372-4d1f-a5d4-c36229a73203, raftlog=af280123-6372-4d1f-a5d4-c36229a73203@group-75C85B6D1182-SegmentedRaftLog:OPENED:c-1,f-1,i0, conf=-1: [9092f221-0e0d-4970-bb84-cacd95020f21:192.168.164.213:41903, af280123-6372-4d1f-a5d4-c36229a73203:192.168.164.213:35334, b4ae536c-ed18-4717-a75c-ca4b5d6c4001:192.168.164.213:41180], old=null
2019-10-24 15:43:49,859 [af280123-6372-4d1f-a5d4-c36229a73203@group-75C85B6D1182-LeaderElection29] INFO  impl.RaftServerImpl (RaftServerImpl.java:setRole(184)) - af280123-6372-4d1f-a5d4-c36229a73203@group-75C85B6D1182: changes role from CANDIDATE to FOLLOWER at term 9 for DISCOVERED_A_NEW_TERM
2019-10-24 15:43:49,859 [af280123-6372-4d1f-a5d4-c36229a73203@group-75C85B6D1182-LeaderElection29] INFO  impl.RoleInfo (RoleInfo.java:shutdownLeaderElection(134)) - af280123-6372-4d1f-a5d4-c36229a73203: shutdown LeaderElection
2019-10-24 15:43:49,859 [af280123-6372-4d1f-a5d4-c36229a73203@group-75C85B6D1182-LeaderElection29] INFO  impl.RoleInfo (RoleInfo.java:updateAndGet(143)) - af280123-6372-4d1f-a5d4-c36229a73203: start FollowerState
2019-10-24 15:43:49,866 [abb8132e-b90b-4ab3-abdd-91ffef5e5962@group-D6115FD00A99-SegmentedRaftLogWorker] INFO  segmented.SegmentedRaftLogWorker (SegmentedRaftLogWorker.java:execute(576)) - abb8132e-b90b-4ab3-abdd-91ffef5e5962@group-D6115FD00A99-SegmentedRaftLogWorker: created new log segment /workdir/hadoop-ozone/integration-test/target/test-dir/MiniOzoneClusterImpl-0feb3ce4-70f4-42f6-988c-6bd7afad892e/datanode-8/data/ratis/029cd483-b1e5-49b9-bdf9-d6115fd00a99/current/log_inprogress_0
2019-10-24 15:43:49,866 [a667faea-0fef-4f07-8d37-e0d8f63f2a62@group-56059261E3EC-SegmentedRaftLogWorker] INFO  segmented.SegmentedRaftLogWorker (SegmentedRaftLogWorker.java:execute(576)) - a667faea-0fef-4f07-8d37-e0d8f63f2a62@group-56059261E3EC-SegmentedRaftLogWorker: created new log segment /workdir/hadoop-ozone/integration-test/target/test-dir/MiniOzoneClusterImpl-0feb3ce4-70f4-42f6-988c-6bd7afad892e/datanode-1/data/ratis/1d06b086-ae5b-4193-a29f-56059261e3ec/current/log_inprogress_0
2019-10-24 15:43:49,866 [131ee32b-eb71-4a4b-82eb-895fd06b61f2@group-D6115FD00A99-SegmentedRaftLogWorker] INFO  segmented.SegmentedRaftLogWorker (SegmentedRaftLogWorker.java:execute(576)) - 131ee32b-eb71-4a4b-82eb-895fd06b61f2@group-D6115FD00A99-SegmentedRaftLogWorker: created new log segment /workdir/hadoop-ozone/integration-test/target/test-dir/MiniOzoneClusterImpl-0feb3ce4-70f4-42f6-988c-6bd7afad892e/datanode-2/data/ratis/029cd483-b1e5-49b9-bdf9-d6115fd00a99/current/log_inprogress_0
2019-10-24 15:43:49,866 [3a65ecdf-e32f-4548-a2e5-44ab823c11b3@group-56059261E3EC-SegmentedRaftLogWorker] INFO  segmented.SegmentedRaftLogWorker (SegmentedRaftLogWorker.java:execute(576)) - 3a65ecdf-e32f-4548-a2e5-44ab823c11b3@group-56059261E3EC-SegmentedRaftLogWorker: created new log segment /workdir/hadoop-ozone/integration-test/target/test-dir/MiniOzoneClusterImpl-0feb3ce4-70f4-42f6-988c-6bd7afad892e/datanode-6/data/ratis/1d06b086-ae5b-4193-a29f-56059261e3ec/current/log_inprogress_0
2019-10-24 15:43:50,024 [Thread-541] INFO  impl.FollowerState (FollowerState.java:run(108)) - af280123-6372-4d1f-a5d4-c36229a73203@group-75C85B6D1182-FollowerState: change to CANDIDATE, lastRpcTime:164ms, electionTimeout:164ms
2019-10-24 15:43:50,024 [Thread-541] INFO  impl.RoleInfo (RoleInfo.java:shutdownFollowerState(121)) - af280123-6372-4d1f-a5d4-c36229a73203: shutdown FollowerState
2019-10-24 15:43:50,024 [Thread-541] INFO  impl.RaftServerImpl (RaftServerImpl.java:setRole(184)) - af280123-6372-4d1f-a5d4-c36229a73203@group-75C85B6D1182: changes role from  FOLLOWER to CANDIDATE at term 9 for changeToCandidate
2019-10-24 15:43:50,025 [Thread-541] INFO  impl.RoleInfo (RoleInfo.java:updateAndGet(143)) - af280123-6372-4d1f-a5d4-c36229a73203: start LeaderElection
2019-10-24 15:43:50,039 [af280123-6372-4d1f-a5d4-c36229a73203@group-75C85B6D1182-LeaderElection30] INFO  impl.LeaderElection (LeaderElection.java:askForVotes(178)) - af280123-6372-4d1f-a5d4-c36229a73203@group-75C85B6D1182-LeaderElection30: begin an election at term 10 for -1: [9092f221-0e0d-4970-bb84-cacd95020f21:192.168.164.213:41903, af280123-6372-4d1f-a5d4-c36229a73203:192.168.164.213:35334, b4ae536c-ed18-4717-a75c-ca4b5d6c4001:192.168.164.213:41180], old=null
2019-10-24 15:43:50,043 [grpc-default-executor-2] INFO  impl.RaftServerImpl (RaftServerImpl.java:setRole(184)) - b4ae536c-ed18-4717-a75c-ca4b5d6c4001@group-75C85B6D1182: changes role from  FOLLOWER to FOLLOWER at term 10 for recognizeCandidate:af280123-6372-4d1f-a5d4-c36229a73203
2019-10-24 15:43:50,043 [grpc-default-executor-8] INFO  impl.RaftServerImpl (RaftServerImpl.java:setRole(184)) - 9092f221-0e0d-4970-bb84-cacd95020f21@group-75C85B6D1182: changes role from  FOLLOWER to FOLLOWER at term 10 for recognizeCandidate:af280123-6372-4d1f-a5d4-c36229a73203
2019-10-24 15:43:50,043 [grpc-default-executor-2] INFO  impl.RoleInfo (RoleInfo.java:shutdownFollowerState(121)) - b4ae536c-ed18-4717-a75c-ca4b5d6c4001: shutdown FollowerState
2019-10-24 15:43:50,043 [grpc-default-executor-8] INFO  impl.RoleInfo (RoleInfo.java:shutdownFollowerState(121)) - 9092f221-0e0d-4970-bb84-cacd95020f21: shutdown FollowerState
2019-10-24 15:43:50,043 [Thread-533] INFO  impl.FollowerState (FollowerState.java:run(117)) - b4ae536c-ed18-4717-a75c-ca4b5d6c4001@group-75C85B6D1182-FollowerState was interrupted: java.lang.InterruptedException: sleep interrupted
2019-10-24 15:43:50,043 [main] INFO  impl.MetricsSystemImpl (MetricsSystemImpl.java:init(158)) - XceiverClientMetrics metrics system started (again)
2019-10-24 15:43:50,043 [grpc-default-executor-2] INFO  impl.RoleInfo (RoleInfo.java:updateAndGet(143)) - b4ae536c-ed18-4717-a75c-ca4b5d6c4001: start FollowerState
2019-10-24 15:43:50,043 [Thread-540] INFO  impl.FollowerState (FollowerState.java:run(117)) - 9092f221-0e0d-4970-bb84-cacd95020f21@group-75C85B6D1182-FollowerState was interrupted: java.lang.InterruptedException: sleep interrupted
2019-10-24 15:43:50,043 [grpc-default-executor-8] INFO  impl.RoleInfo (RoleInfo.java:updateAndGet(143)) - 9092f221-0e0d-4970-bb84-cacd95020f21: start FollowerState
2019-10-24 15:43:50,060 [af280123-6372-4d1f-a5d4-c36229a73203@group-75C85B6D1182-LeaderElection30] INFO  impl.LeaderElection (LeaderElection.java:logAndReturn(56)) - af280123-6372-4d1f-a5d4-c36229a73203@group-75C85B6D1182-LeaderElection30: Election REJECTED; received 2 response(s) [af280123-6372-4d1f-a5d4-c36229a73203<-9092f221-0e0d-4970-bb84-cacd95020f21#0:FAIL-t10, af280123-6372-4d1f-a5d4-c36229a73203<-b4ae536c-ed18-4717-a75c-ca4b5d6c4001#0:FAIL-t10] and 0 exception(s); af280123-6372-4d1f-a5d4-c36229a73203@group-75C85B6D1182:t10, leader=null, voted=af280123-6372-4d1f-a5d4-c36229a73203, raftlog=af280123-6372-4d1f-a5d4-c36229a73203@group-75C85B6D1182-SegmentedRaftLog:OPENED:c-1,f-1,i0, conf=-1: [9092f221-0e0d-4970-bb84-cacd95020f21:192.168.164.213:41903, af280123-6372-4d1f-a5d4-c36229a73203:192.168.164.213:35334, b4ae536c-ed18-4717-a75c-ca4b5d6c4001:192.168.164.213:41180], old=null
2019-10-24 15:43:50,060 [af280123-6372-4d1f-a5d4-c36229a73203@group-75C85B6D1182-LeaderElection30] INFO  impl.RaftServerImpl (RaftServerImpl.java:setRole(184)) - af280123-6372-4d1f-a5d4-c36229a73203@group-75C85B6D1182: changes role from CANDIDATE to FOLLOWER at term 10 for DISCOVERED_A_NEW_TERM
2019-10-24 15:43:50,061 [af280123-6372-4d1f-a5d4-c36229a73203@group-75C85B6D1182-LeaderElection30] INFO  impl.RoleInfo (RoleInfo.java:shutdownLeaderElection(134)) - af280123-6372-4d1f-a5d4-c36229a73203: shutdown LeaderElection
2019-10-24 15:43:50,061 [af280123-6372-4d1f-a5d4-c36229a73203@group-75C85B6D1182-LeaderElection30] INFO  impl.RoleInfo (RoleInfo.java:updateAndGet(143)) - af280123-6372-4d1f-a5d4-c36229a73203: start FollowerState
2019-10-24 15:43:50,185 [Thread-551] INFO  impl.FollowerState (FollowerState.java:run(108)) - af280123-6372-4d1f-a5d4-c36229a73203@group-75C85B6D1182-FollowerState: change to CANDIDATE, lastRpcTime:123ms, electionTimeout:121ms
2019-10-24 15:43:50,185 [Thread-551] INFO  impl.RoleInfo (RoleInfo.java:shutdownFollowerState(121)) - af280123-6372-4d1f-a5d4-c36229a73203: shutdown FollowerState
2019-10-24 15:43:50,185 [Thread-551] INFO  impl.RaftServerImpl (RaftServerImpl.java:setRole(184)) - af280123-6372-4d1f-a5d4-c36229a73203@group-75C85B6D1182: changes role from  FOLLOWER to CANDIDATE at term 10 for changeToCandidate
2019-10-24 15:43:50,185 [Thread-551] INFO  impl.RoleInfo (RoleInfo.java:updateAndGet(143)) - af280123-6372-4d1f-a5d4-c36229a73203: start LeaderElection
2019-10-24 15:43:50,201 [af280123-6372-4d1f-a5d4-c36229a73203@group-75C85B6D1182-LeaderElection31] INFO  impl.LeaderElection (LeaderElection.java:askForVotes(178)) - af280123-6372-4d1f-a5d4-c36229a73203@group-75C85B6D1182-LeaderElection31: begin an election at term 11 for -1: [9092f221-0e0d-4970-bb84-cacd95020f21:192.168.164.213:41903, af280123-6372-4d1f-a5d4-c36229a73203:192.168.164.213:35334, b4ae536c-ed18-4717-a75c-ca4b5d6c4001:192.168.164.213:41180], old=null
2019-10-24 15:43:50,204 [grpc-default-executor-2] INFO  impl.RaftServerImpl (RaftServerImpl.java:setRole(184)) - 9092f221-0e0d-4970-bb84-cacd95020f21@group-75C85B6D1182: changes role from  FOLLOWER to FOLLOWER at term 11 for recognizeCandidate:af280123-6372-4d1f-a5d4-c36229a73203
2019-10-24 15:43:50,205 [grpc-default-executor-8] INFO  impl.RaftServerImpl (RaftServerImpl.java:setRole(184)) - b4ae536c-ed18-4717-a75c-ca4b5d6c4001@group-75C85B6D1182: changes role from  FOLLOWER to FOLLOWER at term 11 for recognizeCandidate:af280123-6372-4d1f-a5d4-c36229a73203
2019-10-24 15:43:50,205 [grpc-default-executor-2] INFO  impl.RoleInfo (RoleInfo.java:shutdownFollowerState(121)) - 9092f221-0e0d-4970-bb84-cacd95020f21: shutdown FollowerState
2019-10-24 15:43:50,205 [grpc-default-executor-8] INFO  impl.RoleInfo (RoleInfo.java:shutdownFollowerState(121)) - b4ae536c-ed18-4717-a75c-ca4b5d6c4001: shutdown FollowerState
2019-10-24 15:43:50,205 [grpc-default-executor-2] INFO  impl.RoleInfo (RoleInfo.java:updateAndGet(143)) - 9092f221-0e0d-4970-bb84-cacd95020f21: start FollowerState
2019-10-24 15:43:50,205 [Thread-549] INFO  impl.FollowerState (FollowerState.java:run(117)) - b4ae536c-ed18-4717-a75c-ca4b5d6c4001@group-75C85B6D1182-FollowerState was interrupted: java.lang.InterruptedException: sleep interrupted
2019-10-24 15:43:50,205 [Thread-550] INFO  impl.FollowerState (FollowerState.java:run(117)) - 9092f221-0e0d-4970-bb84-cacd95020f21@group-75C85B6D1182-FollowerState was interrupted: java.lang.InterruptedException: sleep interrupted
2019-10-24 15:43:50,205 [grpc-default-executor-8] INFO  impl.RoleInfo (RoleInfo.java:updateAndGet(143)) - b4ae536c-ed18-4717-a75c-ca4b5d6c4001: start FollowerState
2019-10-24 15:43:50,226 [af280123-6372-4d1f-a5d4-c36229a73203@group-75C85B6D1182-LeaderElection31] INFO  impl.LeaderElection (LeaderElection.java:logAndReturn(56)) - af280123-6372-4d1f-a5d4-c36229a73203@group-75C85B6D1182-LeaderElection31: Election REJECTED; received 2 response(s) [af280123-6372-4d1f-a5d4-c36229a73203<-9092f221-0e0d-4970-bb84-cacd95020f21#0:FAIL-t11, af280123-6372-4d1f-a5d4-c36229a73203<-b4ae536c-ed18-4717-a75c-ca4b5d6c4001#0:FAIL-t11] and 0 exception(s); af280123-6372-4d1f-a5d4-c36229a73203@group-75C85B6D1182:t11, leader=null, voted=af280123-6372-4d1f-a5d4-c36229a73203, raftlog=af280123-6372-4d1f-a5d4-c36229a73203@group-75C85B6D1182-SegmentedRaftLog:OPENED:c-1,f-1,i0, conf=-1: [9092f221-0e0d-4970-bb84-cacd95020f21:192.168.164.213:41903, af280123-6372-4d1f-a5d4-c36229a73203:192.168.164.213:35334, b4ae536c-ed18-4717-a75c-ca4b5d6c4001:192.168.164.213:41180], old=null
2019-10-24 15:43:50,226 [af280123-6372-4d1f-a5d4-c36229a73203@group-75C85B6D1182-LeaderElection31] INFO  impl.RaftServerImpl (RaftServerImpl.java:setRole(184)) - af280123-6372-4d1f-a5d4-c36229a73203@group-75C85B6D1182: changes role from CANDIDATE to FOLLOWER at term 11 for DISCOVERED_A_NEW_TERM
2019-10-24 15:43:50,226 [af280123-6372-4d1f-a5d4-c36229a73203@group-75C85B6D1182-LeaderElection31] INFO  impl.RoleInfo (RoleInfo.java:shutdownLeaderElection(134)) - af280123-6372-4d1f-a5d4-c36229a73203: shutdown LeaderElection
2019-10-24 15:43:50,226 [af280123-6372-4d1f-a5d4-c36229a73203@group-75C85B6D1182-LeaderElection31] INFO  impl.RoleInfo (RoleInfo.java:updateAndGet(143)) - af280123-6372-4d1f-a5d4-c36229a73203: start FollowerState
2019-10-24 15:43:50,338 [Thread-560] INFO  impl.FollowerState (FollowerState.java:run(108)) - af280123-6372-4d1f-a5d4-c36229a73203@group-75C85B6D1182-FollowerState: change to CANDIDATE, lastRpcTime:111ms, electionTimeout:111ms
2019-10-24 15:43:50,338 [Thread-560] INFO  impl.RoleInfo (RoleInfo.java:shutdownFollowerState(121)) - af280123-6372-4d1f-a5d4-c36229a73203: shutdown FollowerState
2019-10-24 15:43:50,338 [Thread-560] INFO  impl.RaftServerImpl (RaftServerImpl.java:setRole(184)) - af280123-6372-4d1f-a5d4-c36229a73203@group-75C85B6D1182: changes role from  FOLLOWER to CANDIDATE at term 11 for changeToCandidate
2019-10-24 15:43:50,338 [Thread-560] INFO  impl.RoleInfo (RoleInfo.java:updateAndGet(143)) - af280123-6372-4d1f-a5d4-c36229a73203: start LeaderElection
2019-10-24 15:43:50,352 [af280123-6372-4d1f-a5d4-c36229a73203@group-75C85B6D1182-LeaderElection32] INFO  impl.LeaderElection (LeaderElection.java:askForVotes(178)) - af280123-6372-4d1f-a5d4-c36229a73203@group-75C85B6D1182-LeaderElection32: begin an election at term 12 for -1: [9092f221-0e0d-4970-bb84-cacd95020f21:192.168.164.213:41903, af280123-6372-4d1f-a5d4-c36229a73203:192.168.164.213:35334, b4ae536c-ed18-4717-a75c-ca4b5d6c4001:192.168.164.213:41180], old=null
2019-10-24 15:43:50,355 [grpc-default-executor-2] INFO  impl.RaftServerImpl (RaftServerImpl.java:setRole(184)) - b4ae536c-ed18-4717-a75c-ca4b5d6c4001@group-75C85B6D1182: changes role from  FOLLOWER to FOLLOWER at term 12 for recognizeCandidate:af280123-6372-4d1f-a5d4-c36229a73203
2019-10-24 15:43:50,355 [grpc-default-executor-8] INFO  impl.RaftServerImpl (RaftServerImpl.java:setRole(184)) - 9092f221-0e0d-4970-bb84-cacd95020f21@group-75C85B6D1182: changes role from  FOLLOWER to FOLLOWER at term 12 for recognizeCandidate:af280123-6372-4d1f-a5d4-c36229a73203
2019-10-24 15:43:50,355 [grpc-default-executor-2] INFO  impl.RoleInfo (RoleInfo.java:shutdownFollowerState(121)) - b4ae536c-ed18-4717-a75c-ca4b5d6c4001: shutdown FollowerState
2019-10-24 15:43:50,356 [grpc-default-executor-8] INFO  impl.RoleInfo (RoleInfo.java:shutdownFollowerState(121)) - 9092f221-0e0d-4970-bb84-cacd95020f21: shutdown FollowerState
2019-10-24 15:43:50,356 [grpc-default-executor-2] INFO  impl.RoleInfo (RoleInfo.java:updateAndGet(143)) - b4ae536c-ed18-4717-a75c-ca4b5d6c4001: start FollowerState
2019-10-24 15:43:50,356 [Thread-559] INFO  impl.FollowerState (FollowerState.java:run(117)) - b4ae536c-ed18-4717-a75c-ca4b5d6c4001@group-75C85B6D1182-FollowerState was interrupted: java.lang.InterruptedException: sleep interrupted
2019-10-24 15:43:50,356 [grpc-default-executor-8] INFO  impl.RoleInfo (RoleInfo.java:updateAndGet(143)) - 9092f221-0e0d-4970-bb84-cacd95020f21: start FollowerState
2019-10-24 15:43:50,356 [Thread-558] INFO  impl.FollowerState (FollowerState.java:run(117)) - 9092f221-0e0d-4970-bb84-cacd95020f21@group-75C85B6D1182-FollowerState was interrupted: java.lang.InterruptedException: sleep interrupted
2019-10-24 15:43:50,372 [af280123-6372-4d1f-a5d4-c36229a73203@group-75C85B6D1182-LeaderElection32] INFO  impl.LeaderElection (LeaderElection.java:logAndReturn(56)) - af280123-6372-4d1f-a5d4-c36229a73203@group-75C85B6D1182-LeaderElection32: Election REJECTED; received 2 response(s) [af280123-6372-4d1f-a5d4-c36229a73203<-9092f221-0e0d-4970-bb84-cacd95020f21#0:FAIL-t12, af280123-6372-4d1f-a5d4-c36229a73203<-b4ae536c-ed18-4717-a75c-ca4b5d6c4001#0:FAIL-t12] and 0 exception(s); af280123-6372-4d1f-a5d4-c36229a73203@group-75C85B6D1182:t12, leader=null, voted=af280123-6372-4d1f-a5d4-c36229a73203, raftlog=af280123-6372-4d1f-a5d4-c36229a73203@group-75C85B6D1182-SegmentedRaftLog:OPENED:c-1,f-1,i0, conf=-1: [9092f221-0e0d-4970-bb84-cacd95020f21:192.168.164.213:41903, af280123-6372-4d1f-a5d4-c36229a73203:192.168.164.213:35334, b4ae536c-ed18-4717-a75c-ca4b5d6c4001:192.168.164.213:41180], old=null
2019-10-24 15:43:50,373 [af280123-6372-4d1f-a5d4-c36229a73203@group-75C85B6D1182-LeaderElection32] INFO  impl.RaftServerImpl (RaftServerImpl.java:setRole(184)) - af280123-6372-4d1f-a5d4-c36229a73203@group-75C85B6D1182: changes role from CANDIDATE to FOLLOWER at term 12 for DISCOVERED_A_NEW_TERM
2019-10-24 15:43:50,373 [af280123-6372-4d1f-a5d4-c36229a73203@group-75C85B6D1182-LeaderElection32] INFO  impl.RoleInfo (RoleInfo.java:shutdownLeaderElection(134)) - af280123-6372-4d1f-a5d4-c36229a73203: shutdown LeaderElection
2019-10-24 15:43:50,373 [af280123-6372-4d1f-a5d4-c36229a73203@group-75C85B6D1182-LeaderElection32] INFO  impl.RoleInfo (RoleInfo.java:updateAndGet(143)) - af280123-6372-4d1f-a5d4-c36229a73203: start FollowerState
2019-10-24 15:43:50,445 [Thread-566] INFO  impl.FollowerState (FollowerState.java:run(108)) - af280123-6372-4d1f-a5d4-c36229a73203@group-75C85B6D1182-FollowerState: change to CANDIDATE, lastRpcTime:72ms, electionTimeout:72ms
2019-10-24 15:43:50,445 [Thread-566] INFO  impl.RoleInfo (RoleInfo.java:shutdownFollowerState(121)) - af280123-6372-4d1f-a5d4-c36229a73203: shutdown FollowerState
2019-10-24 15:43:50,446 [Thread-566] INFO  impl.RaftServerImpl (RaftServerImpl.java:setRole(184)) - af280123-6372-4d1f-a5d4-c36229a73203@group-75C85B6D1182: changes role from  FOLLOWER to CANDIDATE at term 12 for changeToCandidate
2019-10-24 15:43:50,446 [Thread-566] INFO  impl.RoleInfo (RoleInfo.java:updateAndGet(143)) - af280123-6372-4d1f-a5d4-c36229a73203: start LeaderElection
2019-10-24 15:43:50,459 [af280123-6372-4d1f-a5d4-c36229a73203@group-75C85B6D1182-LeaderElection33] INFO  impl.LeaderElection (LeaderElection.java:askForVotes(178)) - af280123-6372-4d1f-a5d4-c36229a73203@group-75C85B6D1182-LeaderElection33: begin an election at term 13 for -1: [9092f221-0e0d-4970-bb84-cacd95020f21:192.168.164.213:41903, af280123-6372-4d1f-a5d4-c36229a73203:192.168.164.213:35334, b4ae536c-ed18-4717-a75c-ca4b5d6c4001:192.168.164.213:41180], old=null
2019-10-24 15:43:50,463 [grpc-default-executor-6] INFO  impl.RaftServerImpl (RaftServerImpl.java:setRole(184)) - b4ae536c-ed18-4717-a75c-ca4b5d6c4001@group-75C85B6D1182: changes role from  FOLLOWER to FOLLOWER at term 13 for recognizeCandidate:af280123-6372-4d1f-a5d4-c36229a73203
2019-10-24 15:43:50,463 [grpc-default-executor-2] INFO  impl.RaftServerImpl (RaftServerImpl.java:setRole(184)) - 9092f221-0e0d-4970-bb84-cacd95020f21@group-75C85B6D1182: changes role from  FOLLOWER to FOLLOWER at term 13 for recognizeCandidate:af280123-6372-4d1f-a5d4-c36229a73203
2019-10-24 15:43:50,464 [grpc-default-executor-6] INFO  impl.RoleInfo (RoleInfo.java:shutdownFollowerState(121)) - b4ae536c-ed18-4717-a75c-ca4b5d6c4001: shutdown FollowerState
2019-10-24 15:43:50,464 [grpc-default-executor-2] INFO  impl.RoleInfo (RoleInfo.java:shutdownFollowerState(121)) - 9092f221-0e0d-4970-bb84-cacd95020f21: shutdown FollowerState
2019-10-24 15:43:50,464 [Thread-564] INFO  impl.FollowerState (FollowerState.java:run(117)) - b4ae536c-ed18-4717-a75c-ca4b5d6c4001@group-75C85B6D1182-FollowerState was interrupted: java.lang.InterruptedException: sleep interrupted
2019-10-24 15:43:50,464 [grpc-default-executor-6] INFO  impl.RoleInfo (RoleInfo.java:updateAndGet(143)) - b4ae536c-ed18-4717-a75c-ca4b5d6c4001: start FollowerState
2019-10-24 15:43:50,464 [Thread-565] INFO  impl.FollowerState (FollowerState.java:run(117)) - 9092f221-0e0d-4970-bb84-cacd95020f21@group-75C85B6D1182-FollowerState was interrupted: java.lang.InterruptedException: sleep interrupted
2019-10-24 15:43:50,464 [grpc-default-executor-2] INFO  impl.RoleInfo (RoleInfo.java:updateAndGet(143)) - 9092f221-0e0d-4970-bb84-cacd95020f21: start FollowerState
2019-10-24 15:43:50,476 [af280123-6372-4d1f-a5d4-c36229a73203@group-75C85B6D1182-LeaderElection33] INFO  impl.LeaderElection (LeaderElection.java:logAndReturn(56)) - af280123-6372-4d1f-a5d4-c36229a73203@group-75C85B6D1182-LeaderElection33: Election REJECTED; received 2 response(s) [af280123-6372-4d1f-a5d4-c36229a73203<-9092f221-0e0d-4970-bb84-cacd95020f21#0:FAIL-t13, af280123-6372-4d1f-a5d4-c36229a73203<-b4ae536c-ed18-4717-a75c-ca4b5d6c4001#0:FAIL-t13] and 0 exception(s); af280123-6372-4d1f-a5d4-c36229a73203@group-75C85B6D1182:t13, leader=null, voted=af280123-6372-4d1f-a5d4-c36229a73203, raftlog=af280123-6372-4d1f-a5d4-c36229a73203@group-75C85B6D1182-SegmentedRaftLog:OPENED:c-1,f-1,i0, conf=-1: [9092f221-0e0d-4970-bb84-cacd95020f21:192.168.164.213:41903, af280123-6372-4d1f-a5d4-c36229a73203:192.168.164.213:35334, b4ae536c-ed18-4717-a75c-ca4b5d6c4001:192.168.164.213:41180], old=null
2019-10-24 15:43:50,477 [af280123-6372-4d1f-a5d4-c36229a73203@group-75C85B6D1182-LeaderElection33] INFO  impl.RaftServerImpl (RaftServerImpl.java:setRole(184)) - af280123-6372-4d1f-a5d4-c36229a73203@group-75C85B6D1182: changes role from CANDIDATE to FOLLOWER at term 13 for DISCOVERED_A_NEW_TERM
2019-10-24 15:43:50,477 [af280123-6372-4d1f-a5d4-c36229a73203@group-75C85B6D1182-LeaderElection33] INFO  impl.RoleInfo (RoleInfo.java:shutdownLeaderElection(134)) - af280123-6372-4d1f-a5d4-c36229a73203: shutdown LeaderElection
2019-10-24 15:43:50,477 [af280123-6372-4d1f-a5d4-c36229a73203@group-75C85B6D1182-LeaderElection33] INFO  impl.RoleInfo (RoleInfo.java:updateAndGet(143)) - af280123-6372-4d1f-a5d4-c36229a73203: start FollowerState
2019-10-24 15:43:50,668 [Thread-576] INFO  impl.FollowerState (FollowerState.java:run(108)) - af280123-6372-4d1f-a5d4-c36229a73203@group-75C85B6D1182-FollowerState: change to CANDIDATE, lastRpcTime:191ms, electionTimeout:191ms
2019-10-24 15:43:50,669 [Thread-576] INFO  impl.RoleInfo (RoleInfo.java:shutdownFollowerState(121)) - af280123-6372-4d1f-a5d4-c36229a73203: shutdown FollowerState
2019-10-24 15:43:50,669 [Thread-576] INFO  impl.RaftServerImpl (RaftServerImpl.java:setRole(184)) - af280123-6372-4d1f-a5d4-c36229a73203@group-75C85B6D1182: changes role from  FOLLOWER to CANDIDATE at term 13 for changeToCandidate
2019-10-24 15:43:50,669 [Thread-576] INFO  impl.RoleInfo (RoleInfo.java:updateAndGet(143)) - af280123-6372-4d1f-a5d4-c36229a73203: start LeaderElection
2019-10-24 15:43:50,695 [af280123-6372-4d1f-a5d4-c36229a73203@group-75C85B6D1182-LeaderElection34] INFO  impl.LeaderElection (LeaderElection.java:askForVotes(178)) - af280123-6372-4d1f-a5d4-c36229a73203@group-75C85B6D1182-LeaderElection34: begin an election at term 14 for -1: [9092f221-0e0d-4970-bb84-cacd95020f21:192.168.164.213:41903, af280123-6372-4d1f-a5d4-c36229a73203:192.168.164.213:35334, b4ae536c-ed18-4717-a75c-ca4b5d6c4001:192.168.164.213:41180], old=null
2019-10-24 15:43:50,700 [grpc-default-executor-6] INFO  impl.RaftServerImpl (RaftServerImpl.java:setRole(184)) - b4ae536c-ed18-4717-a75c-ca4b5d6c4001@group-75C85B6D1182: changes role from  FOLLOWER to FOLLOWER at term 14 for recognizeCandidate:af280123-6372-4d1f-a5d4-c36229a73203
2019-10-24 15:43:50,700 [grpc-default-executor-2] INFO  impl.RaftServerImpl (RaftServerImpl.java:setRole(184)) - 9092f221-0e0d-4970-bb84-cacd95020f21@group-75C85B6D1182: changes role from  FOLLOWER to FOLLOWER at term 14 for recognizeCandidate:af280123-6372-4d1f-a5d4-c36229a73203
2019-10-24 15:43:50,700 [grpc-default-executor-6] INFO  impl.RoleInfo (RoleInfo.java:shutdownFollowerState(121)) - b4ae536c-ed18-4717-a75c-ca4b5d6c4001: shutdown FollowerState
2019-10-24 15:43:50,700 [grpc-default-executor-2] INFO  impl.RoleInfo (RoleInfo.java:shutdownFollowerState(121)) - 9092f221-0e0d-4970-bb84-cacd95020f21: shutdown FollowerState
2019-10-24 15:43:50,700 [Thread-574] INFO  impl.FollowerState (FollowerState.java:run(117)) - b4ae536c-ed18-4717-a75c-ca4b5d6c4001@group-75C85B6D1182-FollowerState was interrupted: java.lang.InterruptedException: sleep interrupted
2019-10-24 15:43:50,700 [grpc-default-executor-6] INFO  impl.RoleInfo (RoleInfo.java:updateAndGet(143)) - b4ae536c-ed18-4717-a75c-ca4b5d6c4001: start FollowerState
2019-10-24 15:43:50,701 [Thread-575] INFO  impl.FollowerState (FollowerState.java:run(117)) - 9092f221-0e0d-4970-bb84-cacd95020f21@group-75C85B6D1182-FollowerState was interrupted: java.lang.InterruptedException: sleep interrupted
2019-10-24 15:43:50,701 [grpc-default-executor-2] INFO  impl.RoleInfo (RoleInfo.java:updateAndGet(143)) - 9092f221-0e0d-4970-bb84-cacd95020f21: start FollowerState
2019-10-24 15:43:50,732 [af280123-6372-4d1f-a5d4-c36229a73203@group-75C85B6D1182-LeaderElection34] INFO  impl.LeaderElection (LeaderElection.java:logAndReturn(56)) - af280123-6372-4d1f-a5d4-c36229a73203@group-75C85B6D1182-LeaderElection34: Election REJECTED; received 2 response(s) [af280123-6372-4d1f-a5d4-c36229a73203<-9092f221-0e0d-4970-bb84-cacd95020f21#0:FAIL-t14, af280123-6372-4d1f-a5d4-c36229a73203<-b4ae536c-ed18-4717-a75c-ca4b5d6c4001#0:FAIL-t14] and 0 exception(s); af280123-6372-4d1f-a5d4-c36229a73203@group-75C85B6D1182:t14, leader=null, voted=af280123-6372-4d1f-a5d4-c36229a73203, raftlog=af280123-6372-4d1f-a5d4-c36229a73203@group-75C85B6D1182-SegmentedRaftLog:OPENED:c-1,f-1,i0, conf=-1: [9092f221-0e0d-4970-bb84-cacd95020f21:192.168.164.213:41903, af280123-6372-4d1f-a5d4-c36229a73203:192.168.164.213:35334, b4ae536c-ed18-4717-a75c-ca4b5d6c4001:192.168.164.213:41180], old=null
2019-10-24 15:43:50,733 [af280123-6372-4d1f-a5d4-c36229a73203@group-75C85B6D1182-LeaderElection34] INFO  impl.RaftServerImpl (RaftServerImpl.java:setRole(184)) - af280123-6372-4d1f-a5d4-c36229a73203@group-75C85B6D1182: changes role from CANDIDATE to FOLLOWER at term 14 for DISCOVERED_A_NEW_TERM
2019-10-24 15:43:50,733 [af280123-6372-4d1f-a5d4-c36229a73203@group-75C85B6D1182-LeaderElection34] INFO  impl.RoleInfo (RoleInfo.java:shutdownLeaderElection(134)) - af280123-6372-4d1f-a5d4-c36229a73203: shutdown LeaderElection
2019-10-24 15:43:50,733 [af280123-6372-4d1f-a5d4-c36229a73203@group-75C85B6D1182-LeaderElection34] INFO  impl.RoleInfo (RoleInfo.java:updateAndGet(143)) - af280123-6372-4d1f-a5d4-c36229a73203: start FollowerState
2019-10-24 15:43:50,909 [Thread-582] INFO  impl.FollowerState (FollowerState.java:run(108)) - af280123-6372-4d1f-a5d4-c36229a73203@group-75C85B6D1182-FollowerState: change to CANDIDATE, lastRpcTime:175ms, electionTimeout:175ms
2019-10-24 15:43:50,909 [Thread-582] INFO  impl.RoleInfo (RoleInfo.java:shutdownFollowerState(121)) - af280123-6372-4d1f-a5d4-c36229a73203: shutdown FollowerState
2019-10-24 15:43:50,909 [Thread-582] INFO  impl.RaftServerImpl (RaftServerImpl.java:setRole(184)) - af280123-6372-4d1f-a5d4-c36229a73203@group-75C85B6D1182: changes role from  FOLLOWER to CANDIDATE at term 14 for changeToCandidate
2019-10-24 15:43:50,909 [Thread-582] INFO  impl.RoleInfo (RoleInfo.java:updateAndGet(143)) - af280123-6372-4d1f-a5d4-c36229a73203: start LeaderElection
2019-10-24 15:43:50,923 [af280123-6372-4d1f-a5d4-c36229a73203@group-75C85B6D1182-LeaderElection35] INFO  impl.LeaderElection (LeaderElection.java:askForVotes(178)) - af280123-6372-4d1f-a5d4-c36229a73203@group-75C85B6D1182-LeaderElection35: begin an election at term 15 for -1: [9092f221-0e0d-4970-bb84-cacd95020f21:192.168.164.213:41903, af280123-6372-4d1f-a5d4-c36229a73203:192.168.164.213:35334, b4ae536c-ed18-4717-a75c-ca4b5d6c4001:192.168.164.213:41180], old=null
2019-10-24 15:43:50,928 [grpc-default-executor-8] INFO  impl.RaftServerImpl (RaftServerImpl.java:setRole(184)) - 9092f221-0e0d-4970-bb84-cacd95020f21@group-75C85B6D1182: changes role from  FOLLOWER to FOLLOWER at term 15 for recognizeCandidate:af280123-6372-4d1f-a5d4-c36229a73203
2019-10-24 15:43:50,929 [grpc-default-executor-8] INFO  impl.RoleInfo (RoleInfo.java:shutdownFollowerState(121)) - 9092f221-0e0d-4970-bb84-cacd95020f21: shutdown FollowerState
2019-10-24 15:43:50,929 [grpc-default-executor-8] INFO  impl.RoleInfo (RoleInfo.java:updateAndGet(143)) - 9092f221-0e0d-4970-bb84-cacd95020f21: start FollowerState
2019-10-24 15:43:50,929 [Thread-581] INFO  impl.FollowerState (FollowerState.java:run(117)) - 9092f221-0e0d-4970-bb84-cacd95020f21@group-75C85B6D1182-FollowerState was interrupted: java.lang.InterruptedException: sleep interrupted
2019-10-24 15:43:50,929 [grpc-default-executor-5] INFO  impl.RaftServerImpl (RaftServerImpl.java:setRole(184)) - b4ae536c-ed18-4717-a75c-ca4b5d6c4001@group-75C85B6D1182: changes role from  FOLLOWER to FOLLOWER at term 15 for recognizeCandidate:af280123-6372-4d1f-a5d4-c36229a73203
2019-10-24 15:43:50,931 [grpc-default-executor-5] INFO  impl.RoleInfo (RoleInfo.java:shutdownFollowerState(121)) - b4ae536c-ed18-4717-a75c-ca4b5d6c4001: shutdown FollowerState
2019-10-24 15:43:50,931 [grpc-default-executor-5] INFO  impl.RoleInfo (RoleInfo.java:updateAndGet(143)) - b4ae536c-ed18-4717-a75c-ca4b5d6c4001: start FollowerState
2019-10-24 15:43:50,931 [Thread-580] INFO  impl.FollowerState (FollowerState.java:run(117)) - b4ae536c-ed18-4717-a75c-ca4b5d6c4001@group-75C85B6D1182-FollowerState was interrupted: java.lang.InterruptedException: sleep interrupted
2019-10-24 15:43:50,954 [af280123-6372-4d1f-a5d4-c36229a73203@group-75C85B6D1182-LeaderElection35] INFO  impl.LeaderElection (LeaderElection.java:logAndReturn(56)) - af280123-6372-4d1f-a5d4-c36229a73203@group-75C85B6D1182-LeaderElection35: Election REJECTED; received 2 response(s) [af280123-6372-4d1f-a5d4-c36229a73203<-9092f221-0e0d-4970-bb84-cacd95020f21#0:FAIL-t15, af280123-6372-4d1f-a5d4-c36229a73203<-b4ae536c-ed18-4717-a75c-ca4b5d6c4001#0:FAIL-t15] and 0 exception(s); af280123-6372-4d1f-a5d4-c36229a73203@group-75C85B6D1182:t15, leader=null, voted=af280123-6372-4d1f-a5d4-c36229a73203, raftlog=af280123-6372-4d1f-a5d4-c36229a73203@group-75C85B6D1182-SegmentedRaftLog:OPENED:c-1,f-1,i0, conf=-1: [9092f221-0e0d-4970-bb84-cacd95020f21:192.168.164.213:41903, af280123-6372-4d1f-a5d4-c36229a73203:192.168.164.213:35334, b4ae536c-ed18-4717-a75c-ca4b5d6c4001:192.168.164.213:41180], old=null
2019-10-24 15:43:50,954 [af280123-6372-4d1f-a5d4-c36229a73203@group-75C85B6D1182-LeaderElection35] INFO  impl.RaftServerImpl (RaftServerImpl.java:setRole(184)) - af280123-6372-4d1f-a5d4-c36229a73203@group-75C85B6D1182: changes role from CANDIDATE to FOLLOWER at term 15 for DISCOVERED_A_NEW_TERM
2019-10-24 15:43:50,954 [af280123-6372-4d1f-a5d4-c36229a73203@group-75C85B6D1182-LeaderElection35] INFO  impl.RoleInfo (RoleInfo.java:shutdownLeaderElection(134)) - af280123-6372-4d1f-a5d4-c36229a73203: shutdown LeaderElection
2019-10-24 15:43:50,955 [af280123-6372-4d1f-a5d4-c36229a73203@group-75C85B6D1182-LeaderElection35] INFO  impl.RoleInfo (RoleInfo.java:updateAndGet(143)) - af280123-6372-4d1f-a5d4-c36229a73203: start FollowerState
2019-10-24 15:43:51,131 [Thread-592] INFO  impl.FollowerState (FollowerState.java:run(108)) - af280123-6372-4d1f-a5d4-c36229a73203@group-75C85B6D1182-FollowerState: change to CANDIDATE, lastRpcTime:176ms, electionTimeout:176ms
2019-10-24 15:43:51,132 [Thread-592] INFO  impl.RoleInfo (RoleInfo.java:shutdownFollowerState(121)) - af280123-6372-4d1f-a5d4-c36229a73203: shutdown FollowerState
2019-10-24 15:43:51,132 [Thread-592] INFO  impl.RaftServerImpl (RaftServerImpl.java:setRole(184)) - af280123-6372-4d1f-a5d4-c36229a73203@group-75C85B6D1182: changes role from  FOLLOWER to CANDIDATE at term 15 for changeToCandidate
2019-10-24 15:43:51,132 [Thread-592] INFO  impl.RoleInfo (RoleInfo.java:updateAndGet(143)) - af280123-6372-4d1f-a5d4-c36229a73203: start LeaderElection
2019-10-24 15:43:51,158 [af280123-6372-4d1f-a5d4-c36229a73203@group-75C85B6D1182-LeaderElection36] INFO  impl.LeaderElection (LeaderElection.java:askForVotes(178)) - af280123-6372-4d1f-a5d4-c36229a73203@group-75C85B6D1182-LeaderElection36: begin an election at term 16 for -1: [9092f221-0e0d-4970-bb84-cacd95020f21:192.168.164.213:41903, af280123-6372-4d1f-a5d4-c36229a73203:192.168.164.213:35334, b4ae536c-ed18-4717-a75c-ca4b5d6c4001:192.168.164.213:41180], old=null
2019-10-24 15:43:51,163 [grpc-default-executor-8] INFO  impl.RaftServerImpl (RaftServerImpl.java:setRole(184)) - 9092f221-0e0d-4970-bb84-cacd95020f21@group-75C85B6D1182: changes role from  FOLLOWER to FOLLOWER at term 16 for recognizeCandidate:af280123-6372-4d1f-a5d4-c36229a73203
2019-10-24 15:43:51,163 [grpc-default-executor-5] INFO  impl.RaftServerImpl (RaftServerImpl.java:setRole(184)) - b4ae536c-ed18-4717-a75c-ca4b5d6c4001@group-75C85B6D1182: changes role from  FOLLOWER to FOLLOWER at term 16 for recognizeCandidate:af280123-6372-4d1f-a5d4-c36229a73203
2019-10-24 15:43:51,163 [grpc-default-executor-8] INFO  impl.RoleInfo (RoleInfo.java:shutdownFollowerState(121)) - 9092f221-0e0d-4970-bb84-cacd95020f21: shutdown FollowerState
2019-10-24 15:43:51,163 [grpc-default-executor-5] INFO  impl.RoleInfo (RoleInfo.java:shutdownFollowerState(121)) - b4ae536c-ed18-4717-a75c-ca4b5d6c4001: shutdown FollowerState
2019-10-24 15:43:51,163 [Thread-590] INFO  impl.FollowerState (FollowerState.java:run(117)) - 9092f221-0e0d-4970-bb84-cacd95020f21@group-75C85B6D1182-FollowerState was interrupted: java.lang.InterruptedException: sleep interrupted
2019-10-24 15:43:51,163 [grpc-default-executor-5] INFO  impl.RoleInfo (RoleInfo.java:updateAndGet(143)) - b4ae536c-ed18-4717-a75c-ca4b5d6c4001: start FollowerState
2019-10-24 15:43:51,163 [grpc-default-executor-8] INFO  impl.RoleInfo (RoleInfo.java:updateAndGet(143)) - 9092f221-0e0d-4970-bb84-cacd95020f21: start FollowerState
2019-10-24 15:43:51,163 [Thread-591] INFO  impl.FollowerState (FollowerState.java:run(117)) - b4ae536c-ed18-4717-a75c-ca4b5d6c4001@group-75C85B6D1182-FollowerState was interrupted: java.lang.InterruptedException: sleep interrupted
2019-10-24 15:43:51,195 [af280123-6372-4d1f-a5d4-c36229a73203@group-75C85B6D1182-LeaderElection36] INFO  impl.LeaderElection (LeaderElection.java:logAndReturn(56)) - af280123-6372-4d1f-a5d4-c36229a73203@group-75C85B6D1182-LeaderElection36: Election REJECTED; received 2 response(s) [af280123-6372-4d1f-a5d4-c36229a73203<-9092f221-0e0d-4970-bb84-cacd95020f21#0:FAIL-t16, af280123-6372-4d1f-a5d4-c36229a73203<-b4ae536c-ed18-4717-a75c-ca4b5d6c4001#0:FAIL-t16] and 0 exception(s); af280123-6372-4d1f-a5d4-c36229a73203@group-75C85B6D1182:t16, leader=null, voted=af280123-6372-4d1f-a5d4-c36229a73203, raftlog=af280123-6372-4d1f-a5d4-c36229a73203@group-75C85B6D1182-SegmentedRaftLog:OPENED:c-1,f-1,i0, conf=-1: [9092f221-0e0d-4970-bb84-cacd95020f21:192.168.164.213:41903, af280123-6372-4d1f-a5d4-c36229a73203:192.168.164.213:35334, b4ae536c-ed18-4717-a75c-ca4b5d6c4001:192.168.164.213:41180], old=null
2019-10-24 15:43:51,195 [af280123-6372-4d1f-a5d4-c36229a73203@group-75C85B6D1182-LeaderElection36] INFO  impl.RaftServerImpl (RaftServerImpl.java:setRole(184)) - af280123-6372-4d1f-a5d4-c36229a73203@group-75C85B6D1182: changes role from CANDIDATE to FOLLOWER at term 16 for DISCOVERED_A_NEW_TERM
2019-10-24 15:43:51,195 [af280123-6372-4d1f-a5d4-c36229a73203@group-75C85B6D1182-LeaderElection36] INFO  impl.RoleInfo (RoleInfo.java:shutdownLeaderElection(134)) - af280123-6372-4d1f-a5d4-c36229a73203: shutdown LeaderElection
2019-10-24 15:43:51,195 [af280123-6372-4d1f-a5d4-c36229a73203@group-75C85B6D1182-LeaderElection36] INFO  impl.RoleInfo (RoleInfo.java:updateAndGet(143)) - af280123-6372-4d1f-a5d4-c36229a73203: start FollowerState
2019-10-24 15:43:51,379 [Thread-598] INFO  impl.FollowerState (FollowerState.java:run(108)) - af280123-6372-4d1f-a5d4-c36229a73203@group-75C85B6D1182-FollowerState: change to CANDIDATE, lastRpcTime:183ms, electionTimeout:183ms
2019-10-24 15:43:51,379 [Thread-598] INFO  impl.RoleInfo (RoleInfo.java:shutdownFollowerState(121)) - af280123-6372-4d1f-a5d4-c36229a73203: shutdown FollowerState
2019-10-24 15:43:51,379 [Thread-598] INFO  impl.RaftServerImpl (RaftServerImpl.java:setRole(184)) - af280123-6372-4d1f-a5d4-c36229a73203@group-75C85B6D1182: changes role from  FOLLOWER to CANDIDATE at term 16 for changeToCandidate
2019-10-24 15:43:51,379 [Thread-598] INFO  impl.RoleInfo (RoleInfo.java:updateAndGet(143)) - af280123-6372-4d1f-a5d4-c36229a73203: start LeaderElection
2019-10-24 15:43:51,405 [af280123-6372-4d1f-a5d4-c36229a73203@group-75C85B6D1182-LeaderElection37] INFO  impl.LeaderElection (LeaderElection.java:askForVotes(178)) - af280123-6372-4d1f-a5d4-c36229a73203@group-75C85B6D1182-LeaderElection37: begin an election at term 17 for -1: [9092f221-0e0d-4970-bb84-cacd95020f21:192.168.164.213:41903, af280123-6372-4d1f-a5d4-c36229a73203:192.168.164.213:35334, b4ae536c-ed18-4717-a75c-ca4b5d6c4001:192.168.164.213:41180], old=null
2019-10-24 15:43:51,408 [grpc-default-executor-4] INFO  impl.RaftServerImpl (RaftServerImpl.java:setRole(184)) - 9092f221-0e0d-4970-bb84-cacd95020f21@group-75C85B6D1182: changes role from  FOLLOWER to FOLLOWER at term 17 for recognizeCandidate:af280123-6372-4d1f-a5d4-c36229a73203
2019-10-24 15:43:51,409 [grpc-default-executor-4] INFO  impl.RoleInfo (RoleInfo.java:shutdownFollowerState(121)) - 9092f221-0e0d-4970-bb84-cacd95020f21: shutdown FollowerState
2019-10-24 15:43:51,409 [grpc-default-executor-5] INFO  impl.RaftServerImpl (RaftServerImpl.java:setRole(184)) - b4ae536c-ed18-4717-a75c-ca4b5d6c4001@group-75C85B6D1182: changes role from  FOLLOWER to FOLLOWER at term 17 for recognizeCandidate:af280123-6372-4d1f-a5d4-c36229a73203
2019-10-24 15:43:51,409 [Thread-596] INFO  impl.FollowerState (FollowerState.java:run(117)) - 9092f221-0e0d-4970-bb84-cacd95020f21@group-75C85B6D1182-FollowerState was interrupted: java.lang.InterruptedException: sleep interrupted
2019-10-24 15:43:51,409 [grpc-default-executor-4] INFO  impl.RoleInfo (RoleInfo.java:updateAndGet(143)) - 9092f221-0e0d-4970-bb84-cacd95020f21: start FollowerState
2019-10-24 15:43:51,409 [grpc-default-executor-5] INFO  impl.RoleInfo (RoleInfo.java:shutdownFollowerState(121)) - b4ae536c-ed18-4717-a75c-ca4b5d6c4001: shutdown FollowerState
2019-10-24 15:43:51,410 [grpc-default-executor-5] INFO  impl.RoleInfo (RoleInfo.java:updateAndGet(143)) - b4ae536c-ed18-4717-a75c-ca4b5d6c4001: start FollowerState
2019-10-24 15:43:51,410 [Thread-597] INFO  impl.FollowerState (FollowerState.java:run(117)) - b4ae536c-ed18-4717-a75c-ca4b5d6c4001@group-75C85B6D1182-FollowerState was interrupted: java.lang.InterruptedException: sleep interrupted
2019-10-24 15:43:51,416 [af280123-6372-4d1f-a5d4-c36229a73203@group-75C85B6D1182-LeaderElection37] INFO  impl.LeaderElection (LeaderElection.java:logAndReturn(56)) - af280123-6372-4d1f-a5d4-c36229a73203@group-75C85B6D1182-LeaderElection37: Election TIMEOUT; received 0 response(s) [] and 0 exception(s); af280123-6372-4d1f-a5d4-c36229a73203@group-75C85B6D1182:t17, leader=null, voted=af280123-6372-4d1f-a5d4-c36229a73203, raftlog=af280123-6372-4d1f-a5d4-c36229a73203@group-75C85B6D1182-SegmentedRaftLog:OPENED:c-1,f-1,i0, conf=-1: [9092f221-0e0d-4970-bb84-cacd95020f21:192.168.164.213:41903, af280123-6372-4d1f-a5d4-c36229a73203:192.168.164.213:35334, b4ae536c-ed18-4717-a75c-ca4b5d6c4001:192.168.164.213:41180], old=null
2019-10-24 15:43:51,436 [af280123-6372-4d1f-a5d4-c36229a73203@group-75C85B6D1182-LeaderElection37] INFO  impl.LeaderElection (LeaderElection.java:askForVotes(178)) - af280123-6372-4d1f-a5d4-c36229a73203@group-75C85B6D1182-LeaderElection37: begin an election at term 18 for -1: [9092f221-0e0d-4970-bb84-cacd95020f21:192.168.164.213:41903, af280123-6372-4d1f-a5d4-c36229a73203:192.168.164.213:35334, b4ae536c-ed18-4717-a75c-ca4b5d6c4001:192.168.164.213:41180], old=null
2019-10-24 15:43:51,439 [grpc-default-executor-5] INFO  impl.RaftServerImpl (RaftServerImpl.java:setRole(184)) - 9092f221-0e0d-4970-bb84-cacd95020f21@group-75C85B6D1182: changes role from  FOLLOWER to FOLLOWER at term 18 for recognizeCandidate:af280123-6372-4d1f-a5d4-c36229a73203
2019-10-24 15:43:51,439 [grpc-default-executor-4] INFO  impl.RaftServerImpl (RaftServerImpl.java:setRole(184)) - b4ae536c-ed18-4717-a75c-ca4b5d6c4001@group-75C85B6D1182: changes role from  FOLLOWER to FOLLOWER at term 18 for recognizeCandidate:af280123-6372-4d1f-a5d4-c36229a73203
2019-10-24 15:43:51,439 [grpc-default-executor-5] INFO  impl.RoleInfo (RoleInfo.java:shutdownFollowerState(121)) - 9092f221-0e0d-4970-bb84-cacd95020f21: shutdown FollowerState
2019-10-24 15:43:51,439 [grpc-default-executor-4] INFO  impl.RoleInfo (RoleInfo.java:shutdownFollowerState(121)) - b4ae536c-ed18-4717-a75c-ca4b5d6c4001: shutdown FollowerState
2019-10-24 15:43:51,439 [Thread-608] INFO  impl.FollowerState (FollowerState.java:run(117)) - 9092f221-0e0d-4970-bb84-cacd95020f21@group-75C85B6D1182-FollowerState was interrupted: java.lang.InterruptedException: sleep interrupted
2019-10-24 15:43:51,439 [grpc-default-executor-5] INFO  impl.RoleInfo (RoleInfo.java:updateAndGet(143)) - 9092f221-0e0d-4970-bb84-cacd95020f21: start FollowerState
2019-10-24 15:43:51,439 [Thread-609] INFO  impl.FollowerState (FollowerState.java:run(117)) - b4ae536c-ed18-4717-a75c-ca4b5d6c4001@group-75C85B6D1182-FollowerState was interrupted: java.lang.InterruptedException: sleep interrupted
2019-10-24 15:43:51,439 [grpc-default-executor-4] INFO  impl.RoleInfo (RoleInfo.java:updateAndGet(143)) - b4ae536c-ed18-4717-a75c-ca4b5d6c4001: start FollowerState
2019-10-24 15:43:51,458 [af280123-6372-4d1f-a5d4-c36229a73203@group-75C85B6D1182-LeaderElection37] INFO  impl.LeaderElection (LeaderElection.java:logAndReturn(56)) - af280123-6372-4d1f-a5d4-c36229a73203@group-75C85B6D1182-LeaderElection37: Election REJECTED; received 2 response(s) [af280123-6372-4d1f-a5d4-c36229a73203<-9092f221-0e0d-4970-bb84-cacd95020f21#0:FAIL-t18, af280123-6372-4d1f-a5d4-c36229a73203<-b4ae536c-ed18-4717-a75c-ca4b5d6c4001#0:FAIL-t18] and 0 exception(s); af280123-6372-4d1f-a5d4-c36229a73203@group-75C85B6D1182:t18, leader=null, voted=af280123-6372-4d1f-a5d4-c36229a73203, raftlog=af280123-6372-4d1f-a5d4-c36229a73203@group-75C85B6D1182-SegmentedRaftLog:OPENED:c-1,f-1,i0, conf=-1: [9092f221-0e0d-4970-bb84-cacd95020f21:192.168.164.213:41903, af280123-6372-4d1f-a5d4-c36229a73203:192.168.164.213:35334, b4ae536c-ed18-4717-a75c-ca4b5d6c4001:192.168.164.213:41180], old=null
2019-10-24 15:43:51,458 [af280123-6372-4d1f-a5d4-c36229a73203@group-75C85B6D1182-LeaderElection37] INFO  impl.RaftServerImpl (RaftServerImpl.java:setRole(184)) - af280123-6372-4d1f-a5d4-c36229a73203@group-75C85B6D1182: changes role from CANDIDATE to FOLLOWER at term 18 for DISCOVERED_A_NEW_TERM
2019-10-24 15:43:51,458 [af280123-6372-4d1f-a5d4-c36229a73203@group-75C85B6D1182-LeaderElection37] INFO  impl.RoleInfo (RoleInfo.java:shutdownLeaderElection(134)) - af280123-6372-4d1f-a5d4-c36229a73203: shutdown LeaderElection
2019-10-24 15:43:51,458 [af280123-6372-4d1f-a5d4-c36229a73203@group-75C85B6D1182-LeaderElection37] INFO  impl.RoleInfo (RoleInfo.java:updateAndGet(143)) - af280123-6372-4d1f-a5d4-c36229a73203: start FollowerState
2019-10-24 15:43:51,573 [Thread-614] INFO  impl.FollowerState (FollowerState.java:run(108)) - af280123-6372-4d1f-a5d4-c36229a73203@group-75C85B6D1182-FollowerState: change to CANDIDATE, lastRpcTime:114ms, electionTimeout:114ms
2019-10-24 15:43:51,573 [Thread-614] INFO  impl.RoleInfo (RoleInfo.java:shutdownFollowerState(121)) - af280123-6372-4d1f-a5d4-c36229a73203: shutdown FollowerState
2019-10-24 15:43:51,573 [Thread-614] INFO  impl.RaftServerImpl (RaftServerImpl.java:setRole(184)) - af280123-6372-4d1f-a5d4-c36229a73203@group-75C85B6D1182: changes role from  FOLLOWER to CANDIDATE at term 18 for changeToCandidate
2019-10-24 15:43:51,574 [Thread-614] INFO  impl.RoleInfo (RoleInfo.java:updateAndGet(143)) - af280123-6372-4d1f-a5d4-c36229a73203: start LeaderElection
2019-10-24 15:43:51,587 [af280123-6372-4d1f-a5d4-c36229a73203@group-75C85B6D1182-LeaderElection38] INFO  impl.LeaderElection (LeaderElection.java:askForVotes(178)) - af280123-6372-4d1f-a5d4-c36229a73203@group-75C85B6D1182-LeaderElection38: begin an election at term 19 for -1: [9092f221-0e0d-4970-bb84-cacd95020f21:192.168.164.213:41903, af280123-6372-4d1f-a5d4-c36229a73203:192.168.164.213:35334, b4ae536c-ed18-4717-a75c-ca4b5d6c4001:192.168.164.213:41180], old=null
2019-10-24 15:43:51,591 [grpc-default-executor-4] INFO  impl.RaftServerImpl (RaftServerImpl.java:setRole(184)) - b4ae536c-ed18-4717-a75c-ca4b5d6c4001@group-75C85B6D1182: changes role from  FOLLOWER to FOLLOWER at term 19 for recognizeCandidate:af280123-6372-4d1f-a5d4-c36229a73203
2019-10-24 15:43:51,591 [grpc-default-executor-5] INFO  impl.RaftServerImpl (RaftServerImpl.java:setRole(184)) - 9092f221-0e0d-4970-bb84-cacd95020f21@group-75C85B6D1182: changes role from  FOLLOWER to FOLLOWER at term 19 for recognizeCandidate:af280123-6372-4d1f-a5d4-c36229a73203
2019-10-24 15:43:51,592 [grpc-default-executor-4] INFO  impl.RoleInfo (RoleInfo.java:shutdownFollowerState(121)) - b4ae536c-ed18-4717-a75c-ca4b5d6c4001: shutdown FollowerState
2019-10-24 15:43:51,592 [grpc-default-executor-5] INFO  impl.RoleInfo (RoleInfo.java:shutdownFollowerState(121)) - 9092f221-0e0d-4970-bb84-cacd95020f21: shutdown FollowerState
2019-10-24 15:43:51,592 [Thread-613] INFO  impl.FollowerState (FollowerState.java:run(117)) - b4ae536c-ed18-4717-a75c-ca4b5d6c4001@group-75C85B6D1182-FollowerState was interrupted: java.lang.InterruptedException: sleep interrupted
2019-10-24 15:43:51,592 [grpc-default-executor-4] INFO  impl.RoleInfo (RoleInfo.java:updateAndGet(143)) - b4ae536c-ed18-4717-a75c-ca4b5d6c4001: start FollowerState
2019-10-24 15:43:51,592 [Thread-612] INFO  impl.FollowerState (FollowerState.java:run(117)) - 9092f221-0e0d-4970-bb84-cacd95020f21@group-75C85B6D1182-FollowerState was interrupted: java.lang.InterruptedException: sleep interrupted
2019-10-24 15:43:51,592 [grpc-default-executor-5] INFO  impl.RoleInfo (RoleInfo.java:updateAndGet(143)) - 9092f221-0e0d-4970-bb84-cacd95020f21: start FollowerState
2019-10-24 15:43:51,608 [af280123-6372-4d1f-a5d4-c36229a73203@group-75C85B6D1182-LeaderElection38] INFO  impl.LeaderElection (LeaderElection.java:logAndReturn(56)) - af280123-6372-4d1f-a5d4-c36229a73203@group-75C85B6D1182-LeaderElection38: Election REJECTED; received 2 response(s) [af280123-6372-4d1f-a5d4-c36229a73203<-9092f221-0e0d-4970-bb84-cacd95020f21#0:FAIL-t19, af280123-6372-4d1f-a5d4-c36229a73203<-b4ae536c-ed18-4717-a75c-ca4b5d6c4001#0:FAIL-t19] and 0 exception(s); af280123-6372-4d1f-a5d4-c36229a73203@group-75C85B6D1182:t19, leader=null, voted=af280123-6372-4d1f-a5d4-c36229a73203, raftlog=af280123-6372-4d1f-a5d4-c36229a73203@group-75C85B6D1182-SegmentedRaftLog:OPENED:c-1,f-1,i0, conf=-1: [9092f221-0e0d-4970-bb84-cacd95020f21:192.168.164.213:41903, af280123-6372-4d1f-a5d4-c36229a73203:192.168.164.213:35334, b4ae536c-ed18-4717-a75c-ca4b5d6c4001:192.168.164.213:41180], old=null
2019-10-24 15:43:51,613 [af280123-6372-4d1f-a5d4-c36229a73203@group-75C85B6D1182-LeaderElection38] INFO  impl.RaftServerImpl (RaftServerImpl.java:setRole(184)) - af280123-6372-4d1f-a5d4-c36229a73203@group-75C85B6D1182: changes role from CANDIDATE to FOLLOWER at term 19 for DISCOVERED_A_NEW_TERM
2019-10-24 15:43:51,613 [af280123-6372-4d1f-a5d4-c36229a73203@group-75C85B6D1182-LeaderElection38] INFO  impl.RoleInfo (RoleInfo.java:shutdownLeaderElection(134)) - af280123-6372-4d1f-a5d4-c36229a73203: shutdown LeaderElection
2019-10-24 15:43:51,613 [af280123-6372-4d1f-a5d4-c36229a73203@group-75C85B6D1182-LeaderElection38] INFO  impl.RoleInfo (RoleInfo.java:updateAndGet(143)) - af280123-6372-4d1f-a5d4-c36229a73203: start FollowerState
2019-10-24 15:43:51,747 [Thread-620] INFO  impl.FollowerState (FollowerState.java:run(108)) - af280123-6372-4d1f-a5d4-c36229a73203@group-75C85B6D1182-FollowerState: change to CANDIDATE, lastRpcTime:133ms, electionTimeout:133ms
2019-10-24 15:43:51,747 [Thread-620] INFO  impl.RoleInfo (RoleInfo.java:shutdownFollowerState(121)) - af280123-6372-4d1f-a5d4-c36229a73203: shutdown FollowerState
2019-10-24 15:43:51,747 [Thread-620] INFO  impl.RaftServerImpl (RaftServerImpl.java:setRole(184)) - af280123-6372-4d1f-a5d4-c36229a73203@group-75C85B6D1182: changes role from  FOLLOWER to CANDIDATE at term 19 for changeToCandidate
2019-10-24 15:43:51,747 [Thread-620] INFO  impl.RoleInfo (RoleInfo.java:updateAndGet(143)) - af280123-6372-4d1f-a5d4-c36229a73203: start LeaderElection
2019-10-24 15:43:51,774 [af280123-6372-4d1f-a5d4-c36229a73203@group-75C85B6D1182-LeaderElection39] INFO  impl.LeaderElection (LeaderElection.java:askForVotes(178)) - af280123-6372-4d1f-a5d4-c36229a73203@group-75C85B6D1182-LeaderElection39: begin an election at term 20 for -1: [9092f221-0e0d-4970-bb84-cacd95020f21:192.168.164.213:41903, af280123-6372-4d1f-a5d4-c36229a73203:192.168.164.213:35334, b4ae536c-ed18-4717-a75c-ca4b5d6c4001:192.168.164.213:41180], old=null
2019-10-24 15:43:51,777 [grpc-default-executor-5] INFO  impl.RaftServerImpl (RaftServerImpl.java:setRole(184)) - 9092f221-0e0d-4970-bb84-cacd95020f21@group-75C85B6D1182: changes role from  FOLLOWER to FOLLOWER at term 20 for recognizeCandidate:af280123-6372-4d1f-a5d4-c36229a73203
2019-10-24 15:43:51,777 [grpc-default-executor-4] INFO  impl.RaftServerImpl (RaftServerImpl.java:setRole(184)) - b4ae536c-ed18-4717-a75c-ca4b5d6c4001@group-75C85B6D1182: changes role from  FOLLOWER to FOLLOWER at term 20 for recognizeCandidate:af280123-6372-4d1f-a5d4-c36229a73203
2019-10-24 15:43:51,778 [grpc-default-executor-5] INFO  impl.RoleInfo (RoleInfo.java:shutdownFollowerState(121)) - 9092f221-0e0d-4970-bb84-cacd95020f21: shutdown FollowerState
2019-10-24 15:43:51,778 [grpc-default-executor-4] INFO  impl.RoleInfo (RoleInfo.java:shutdownFollowerState(121)) - b4ae536c-ed18-4717-a75c-ca4b5d6c4001: shutdown FollowerState
2019-10-24 15:43:51,778 [Thread-619] INFO  impl.FollowerState (FollowerState.java:run(117)) - 9092f221-0e0d-4970-bb84-cacd95020f21@group-75C85B6D1182-FollowerState was interrupted: java.lang.InterruptedException: sleep interrupted
2019-10-24 15:43:51,778 [grpc-default-executor-5] INFO  impl.RoleInfo (RoleInfo.java:updateAndGet(143)) - 9092f221-0e0d-4970-bb84-cacd95020f21: start FollowerState
2019-10-24 15:43:51,778 [Thread-618] INFO  impl.FollowerState (FollowerState.java:run(117)) - b4ae536c-ed18-4717-a75c-ca4b5d6c4001@group-75C85B6D1182-FollowerState was interrupted: java.lang.InterruptedException: sleep interrupted
2019-10-24 15:43:51,778 [grpc-default-executor-4] INFO  impl.RoleInfo (RoleInfo.java:updateAndGet(143)) - b4ae536c-ed18-4717-a75c-ca4b5d6c4001: start FollowerState
2019-10-24 15:43:51,809 [af280123-6372-4d1f-a5d4-c36229a73203@group-75C85B6D1182-LeaderElection39] INFO  impl.LeaderElection (LeaderElection.java:logAndReturn(56)) - af280123-6372-4d1f-a5d4-c36229a73203@group-75C85B6D1182-LeaderElection39: Election REJECTED; received 2 response(s) [af280123-6372-4d1f-a5d4-c36229a73203<-9092f221-0e0d-4970-bb84-cacd95020f21#0:FAIL-t20, af280123-6372-4d1f-a5d4-c36229a73203<-b4ae536c-ed18-4717-a75c-ca4b5d6c4001#0:FAIL-t20] and 0 exception(s); af280123-6372-4d1f-a5d4-c36229a73203@group-75C85B6D1182:t20, leader=null, voted=af280123-6372-4d1f-a5d4-c36229a73203, raftlog=af280123-6372-4d1f-a5d4-c36229a73203@group-75C85B6D1182-SegmentedRaftLog:OPENED:c-1,f-1,i0, conf=-1: [9092f221-0e0d-4970-bb84-cacd95020f21:192.168.164.213:41903, af280123-6372-4d1f-a5d4-c36229a73203:192.168.164.213:35334, b4ae536c-ed18-4717-a75c-ca4b5d6c4001:192.168.164.213:41180], old=null
2019-10-24 15:43:51,810 [af280123-6372-4d1f-a5d4-c36229a73203@group-75C85B6D1182-LeaderElection39] INFO  impl.RaftServerImpl (RaftServerImpl.java:setRole(184)) - af280123-6372-4d1f-a5d4-c36229a73203@group-75C85B6D1182: changes role from CANDIDATE to FOLLOWER at term 20 for DISCOVERED_A_NEW_TERM
2019-10-24 15:43:51,810 [af280123-6372-4d1f-a5d4-c36229a73203@group-75C85B6D1182-LeaderElection39] INFO  impl.RoleInfo (RoleInfo.java:shutdownLeaderElection(134)) - af280123-6372-4d1f-a5d4-c36229a73203: shutdown LeaderElection
2019-10-24 15:43:51,810 [af280123-6372-4d1f-a5d4-c36229a73203@group-75C85B6D1182-LeaderElection39] INFO  impl.RoleInfo (RoleInfo.java:updateAndGet(143)) - af280123-6372-4d1f-a5d4-c36229a73203: start FollowerState
2019-10-24 15:43:51,982 [Thread-626] INFO  impl.FollowerState (FollowerState.java:run(108)) - af280123-6372-4d1f-a5d4-c36229a73203@group-75C85B6D1182-FollowerState: change to CANDIDATE, lastRpcTime:171ms, electionTimeout:171ms
2019-10-24 15:43:51,982 [Thread-626] INFO  impl.RoleInfo (RoleInfo.java:shutdownFollowerState(121)) - af280123-6372-4d1f-a5d4-c36229a73203: shutdown FollowerState
2019-10-24 15:43:51,982 [Thread-626] INFO  impl.RaftServerImpl (RaftServerImpl.java:setRole(184)) - af280123-6372-4d1f-a5d4-c36229a73203@group-75C85B6D1182: changes role from  FOLLOWER to CANDIDATE at term 20 for changeToCandidate
2019-10-24 15:43:51,982 [Thread-626] INFO  impl.RoleInfo (RoleInfo.java:updateAndGet(143)) - af280123-6372-4d1f-a5d4-c36229a73203: start LeaderElection
2019-10-24 15:43:51,998 [af280123-6372-4d1f-a5d4-c36229a73203@group-75C85B6D1182-LeaderElection40] INFO  impl.LeaderElection (LeaderElection.java:askForVotes(178)) - af280123-6372-4d1f-a5d4-c36229a73203@group-75C85B6D1182-LeaderElection40: begin an election at term 21 for -1: [9092f221-0e0d-4970-bb84-cacd95020f21:192.168.164.213:41903, af280123-6372-4d1f-a5d4-c36229a73203:192.168.164.213:35334, b4ae536c-ed18-4717-a75c-ca4b5d6c4001:192.168.164.213:41180], old=null
2019-10-24 15:43:52,002 [grpc-default-executor-2] INFO  impl.RaftServerImpl (RaftServerImpl.java:setRole(184)) - 9092f221-0e0d-4970-bb84-cacd95020f21@group-75C85B6D1182: changes role from  FOLLOWER to FOLLOWER at term 21 for recognizeCandidate:af280123-6372-4d1f-a5d4-c36229a73203
2019-10-24 15:43:52,002 [grpc-default-executor-5] INFO  impl.RaftServerImpl (RaftServerImpl.java:setRole(184)) - b4ae536c-ed18-4717-a75c-ca4b5d6c4001@group-75C85B6D1182: changes role from  FOLLOWER to FOLLOWER at term 21 for recognizeCandidate:af280123-6372-4d1f-a5d4-c36229a73203
2019-10-24 15:43:52,002 [grpc-default-executor-2] INFO  impl.RoleInfo (RoleInfo.java:shutdownFollowerState(121)) - 9092f221-0e0d-4970-bb84-cacd95020f21: shutdown FollowerState
2019-10-24 15:43:52,003 [grpc-default-executor-5] INFO  impl.RoleInfo (RoleInfo.java:shutdownFollowerState(121)) - b4ae536c-ed18-4717-a75c-ca4b5d6c4001: shutdown FollowerState
2019-10-24 15:43:52,003 [grpc-default-executor-2] INFO  impl.RoleInfo (RoleInfo.java:updateAndGet(143)) - 9092f221-0e0d-4970-bb84-cacd95020f21: start FollowerState
2019-10-24 15:43:52,003 [Thread-624] INFO  impl.FollowerState (FollowerState.java:run(117)) - 9092f221-0e0d-4970-bb84-cacd95020f21@group-75C85B6D1182-FollowerState was interrupted: java.lang.InterruptedException: sleep interrupted
2019-10-24 15:43:52,003 [grpc-default-executor-5] INFO  impl.RoleInfo (RoleInfo.java:updateAndGet(143)) - b4ae536c-ed18-4717-a75c-ca4b5d6c4001: start FollowerState
2019-10-24 15:43:52,003 [Thread-625] INFO  impl.FollowerState (FollowerState.java:run(117)) - b4ae536c-ed18-4717-a75c-ca4b5d6c4001@group-75C85B6D1182-FollowerState was interrupted: java.lang.InterruptedException: sleep interrupted
2019-10-24 15:43:52,020 [af280123-6372-4d1f-a5d4-c36229a73203@group-75C85B6D1182-LeaderElection40] INFO  impl.LeaderElection (LeaderElection.java:logAndReturn(56)) - af280123-6372-4d1f-a5d4-c36229a73203@group-75C85B6D1182-LeaderElection40: Election REJECTED; received 2 response(s) [af280123-6372-4d1f-a5d4-c36229a73203<-9092f221-0e0d-4970-bb84-cacd95020f21#0:FAIL-t21, af280123-6372-4d1f-a5d4-c36229a73203<-b4ae536c-ed18-4717-a75c-ca4b5d6c4001#0:FAIL-t21] and 0 exception(s); af280123-6372-4d1f-a5d4-c36229a73203@group-75C85B6D1182:t21, leader=null, voted=af280123-6372-4d1f-a5d4-c36229a73203, raftlog=af280123-6372-4d1f-a5d4-c36229a73203@group-75C85B6D1182-SegmentedRaftLog:OPENED:c-1,f-1,i0, conf=-1: [9092f221-0e0d-4970-bb84-cacd95020f21:192.168.164.213:41903, af280123-6372-4d1f-a5d4-c36229a73203:192.168.164.213:35334, b4ae536c-ed18-4717-a75c-ca4b5d6c4001:192.168.164.213:41180], old=null
2019-10-24 15:43:52,020 [af280123-6372-4d1f-a5d4-c36229a73203@group-75C85B6D1182-LeaderElection40] INFO  impl.RaftServerImpl (RaftServerImpl.java:setRole(184)) - af280123-6372-4d1f-a5d4-c36229a73203@group-75C85B6D1182: changes role from CANDIDATE to FOLLOWER at term 21 for DISCOVERED_A_NEW_TERM
2019-10-24 15:43:52,021 [af280123-6372-4d1f-a5d4-c36229a73203@group-75C85B6D1182-LeaderElection40] INFO  impl.RoleInfo (RoleInfo.java:shutdownLeaderElection(134)) - af280123-6372-4d1f-a5d4-c36229a73203: shutdown LeaderElection
2019-10-24 15:43:52,021 [af280123-6372-4d1f-a5d4-c36229a73203@group-75C85B6D1182-LeaderElection40] INFO  impl.RoleInfo (RoleInfo.java:updateAndGet(143)) - af280123-6372-4d1f-a5d4-c36229a73203: start FollowerState
2019-10-24 15:43:52,096 [Thread-636] INFO  impl.FollowerState (FollowerState.java:run(108)) - af280123-6372-4d1f-a5d4-c36229a73203@group-75C85B6D1182-FollowerState: change to CANDIDATE, lastRpcTime:75ms, electionTimeout:75ms
2019-10-24 15:43:52,096 [Thread-636] INFO  impl.RoleInfo (RoleInfo.java:shutdownFollowerState(121)) - af280123-6372-4d1f-a5d4-c36229a73203: shutdown FollowerState
2019-10-24 15:43:52,097 [Thread-636] INFO  impl.RaftServerImpl (RaftServerImpl.java:setRole(184)) - af280123-6372-4d1f-a5d4-c36229a73203@group-75C85B6D1182: changes role from  FOLLOWER to CANDIDATE at term 21 for changeToCandidate
2019-10-24 15:43:52,097 [Thread-636] INFO  impl.RoleInfo (RoleInfo.java:updateAndGet(143)) - af280123-6372-4d1f-a5d4-c36229a73203: start LeaderElection
2019-10-24 15:43:52,111 [af280123-6372-4d1f-a5d4-c36229a73203@group-75C85B6D1182-LeaderElection41] INFO  impl.LeaderElection (LeaderElection.java:askForVotes(178)) - af280123-6372-4d1f-a5d4-c36229a73203@group-75C85B6D1182-LeaderElection41: begin an election at term 22 for -1: [9092f221-0e0d-4970-bb84-cacd95020f21:192.168.164.213:41903, af280123-6372-4d1f-a5d4-c36229a73203:192.168.164.213:35334, b4ae536c-ed18-4717-a75c-ca4b5d6c4001:192.168.164.213:41180], old=null
2019-10-24 15:43:52,114 [grpc-default-executor-5] INFO  impl.RaftServerImpl (RaftServerImpl.java:setRole(184)) - b4ae536c-ed18-4717-a75c-ca4b5d6c4001@group-75C85B6D1182: changes role from  FOLLOWER to FOLLOWER at term 22 for recognizeCandidate:af280123-6372-4d1f-a5d4-c36229a73203
2019-10-24 15:43:52,115 [grpc-default-executor-2] INFO  impl.RaftServerImpl (RaftServerImpl.java:setRole(184)) - 9092f221-0e0d-4970-bb84-cacd95020f21@group-75C85B6D1182: changes role from  FOLLOWER to FOLLOWER at term 22 for recognizeCandidate:af280123-6372-4d1f-a5d4-c36229a73203
2019-10-24 15:43:52,115 [grpc-default-executor-5] INFO  impl.RoleInfo (RoleInfo.java:shutdownFollowerState(121)) - b4ae536c-ed18-4717-a75c-ca4b5d6c4001: shutdown FollowerState
2019-10-24 15:43:52,115 [grpc-default-executor-2] INFO  impl.RoleInfo (RoleInfo.java:shutdownFollowerState(121)) - 9092f221-0e0d-4970-bb84-cacd95020f21: shutdown FollowerState
2019-10-24 15:43:52,115 [grpc-default-executor-5] INFO  impl.RoleInfo (RoleInfo.java:updateAndGet(143)) - b4ae536c-ed18-4717-a75c-ca4b5d6c4001: start FollowerState
2019-10-24 15:43:52,115 [Thread-635] INFO  impl.FollowerState (FollowerState.java:run(117)) - b4ae536c-ed18-4717-a75c-ca4b5d6c4001@group-75C85B6D1182-FollowerState was interrupted: java.lang.InterruptedException: sleep interrupted
2019-10-24 15:43:52,115 [grpc-default-executor-2] INFO  impl.RoleInfo (RoleInfo.java:updateAndGet(143)) - 9092f221-0e0d-4970-bb84-cacd95020f21: start FollowerState
2019-10-24 15:43:52,115 [Thread-634] INFO  impl.FollowerState (FollowerState.java:run(117)) - 9092f221-0e0d-4970-bb84-cacd95020f21@group-75C85B6D1182-FollowerState was interrupted: java.lang.InterruptedException: sleep interrupted
2019-10-24 15:43:52,153 [af280123-6372-4d1f-a5d4-c36229a73203@group-75C85B6D1182-LeaderElection41] INFO  impl.LeaderElection (LeaderElection.java:logAndReturn(56)) - af280123-6372-4d1f-a5d4-c36229a73203@group-75C85B6D1182-LeaderElection41: Election REJECTED; received 2 response(s) [af280123-6372-4d1f-a5d4-c36229a73203<-9092f221-0e0d-4970-bb84-cacd95020f21#0:FAIL-t22, af280123-6372-4d1f-a5d4-c36229a73203<-b4ae536c-ed18-4717-a75c-ca4b5d6c4001#0:FAIL-t22] and 0 exception(s); af280123-6372-4d1f-a5d4-c36229a73203@group-75C85B6D1182:t22, leader=null, voted=af280123-6372-4d1f-a5d4-c36229a73203, raftlog=af280123-6372-4d1f-a5d4-c36229a73203@group-75C85B6D1182-SegmentedRaftLog:OPENED:c-1,f-1,i0, conf=-1: [9092f221-0e0d-4970-bb84-cacd95020f21:192.168.164.213:41903, af280123-6372-4d1f-a5d4-c36229a73203:192.168.164.213:35334, b4ae536c-ed18-4717-a75c-ca4b5d6c4001:192.168.164.213:41180], old=null
2019-10-24 15:43:52,153 [af280123-6372-4d1f-a5d4-c36229a73203@group-75C85B6D1182-LeaderElection41] INFO  impl.RaftServerImpl (RaftServerImpl.java:setRole(184)) - af280123-6372-4d1f-a5d4-c36229a73203@group-75C85B6D1182: changes role from CANDIDATE to FOLLOWER at term 22 for DISCOVERED_A_NEW_TERM
2019-10-24 15:43:52,153 [af280123-6372-4d1f-a5d4-c36229a73203@group-75C85B6D1182-LeaderElection41] INFO  impl.RoleInfo (RoleInfo.java:shutdownLeaderElection(134)) - af280123-6372-4d1f-a5d4-c36229a73203: shutdown LeaderElection
2019-10-24 15:43:52,153 [af280123-6372-4d1f-a5d4-c36229a73203@group-75C85B6D1182-LeaderElection41] INFO  impl.RoleInfo (RoleInfo.java:updateAndGet(143)) - af280123-6372-4d1f-a5d4-c36229a73203: start FollowerState
2019-10-24 15:43:52,299 [Thread-642] INFO  impl.FollowerState (FollowerState.java:run(108)) - af280123-6372-4d1f-a5d4-c36229a73203@group-75C85B6D1182-FollowerState: change to CANDIDATE, lastRpcTime:145ms, electionTimeout:145ms
2019-10-24 15:43:52,299 [Thread-642] INFO  impl.RoleInfo (RoleInfo.java:shutdownFollowerState(121)) - af280123-6372-4d1f-a5d4-c36229a73203: shutdown FollowerState
2019-10-24 15:43:52,299 [Thread-642] INFO  impl.RaftServerImpl (RaftServerImpl.java:setRole(184)) - af280123-6372-4d1f-a5d4-c36229a73203@group-75C85B6D1182: changes role from  FOLLOWER to CANDIDATE at term 22 for changeToCandidate
2019-10-24 15:43:52,299 [Thread-642] INFO  impl.RoleInfo (RoleInfo.java:updateAndGet(143)) - af280123-6372-4d1f-a5d4-c36229a73203: start LeaderElection
2019-10-24 15:43:52,313 [af280123-6372-4d1f-a5d4-c36229a73203@group-75C85B6D1182-LeaderElection42] INFO  impl.LeaderElection (LeaderElection.java:askForVotes(178)) - af280123-6372-4d1f-a5d4-c36229a73203@group-75C85B6D1182-LeaderElection42: begin an election at term 23 for -1: [9092f221-0e0d-4970-bb84-cacd95020f21:192.168.164.213:41903, af280123-6372-4d1f-a5d4-c36229a73203:192.168.164.213:35334, b4ae536c-ed18-4717-a75c-ca4b5d6c4001:192.168.164.213:41180], old=null
2019-10-24 15:43:52,316 [grpc-default-executor-5] INFO  impl.RaftServerImpl (RaftServerImpl.java:setRole(184)) - b4ae536c-ed18-4717-a75c-ca4b5d6c4001@group-75C85B6D1182: changes role from  FOLLOWER to FOLLOWER at term 23 for recognizeCandidate:af280123-6372-4d1f-a5d4-c36229a73203
2019-10-24 15:43:52,316 [grpc-default-executor-2] INFO  impl.RaftServerImpl (RaftServerImpl.java:setRole(184)) - 9092f221-0e0d-4970-bb84-cacd95020f21@group-75C85B6D1182: changes role from  FOLLOWER to FOLLOWER at term 23 for recognizeCandidate:af280123-6372-4d1f-a5d4-c36229a73203
2019-10-24 15:43:52,316 [grpc-default-executor-5] INFO  impl.RoleInfo (RoleInfo.java:shutdownFollowerState(121)) - b4ae536c-ed18-4717-a75c-ca4b5d6c4001: shutdown FollowerState
2019-10-24 15:43:52,316 [grpc-default-executor-2] INFO  impl.RoleInfo (RoleInfo.java:shutdownFollowerState(121)) - 9092f221-0e0d-4970-bb84-cacd95020f21: shutdown FollowerState
2019-10-24 15:43:52,317 [Thread-640] INFO  impl.FollowerState (FollowerState.java:run(117)) - b4ae536c-ed18-4717-a75c-ca4b5d6c4001@group-75C85B6D1182-FollowerState was interrupted: java.lang.InterruptedException: sleep interrupted
2019-10-24 15:43:52,317 [grpc-default-executor-5] INFO  impl.RoleInfo (RoleInfo.java:updateAndGet(143)) - b4ae536c-ed18-4717-a75c-ca4b5d6c4001: start FollowerState
2019-10-24 15:43:52,317 [Thread-641] INFO  impl.FollowerState (FollowerState.java:run(117)) - 9092f221-0e0d-4970-bb84-cacd95020f21@group-75C85B6D1182-FollowerState was interrupted: java.lang.InterruptedException: sleep interrupted
2019-10-24 15:43:52,317 [grpc-default-executor-2] INFO  impl.RoleInfo (RoleInfo.java:updateAndGet(143)) - 9092f221-0e0d-4970-bb84-cacd95020f21: start FollowerState
2019-10-24 15:43:52,333 [af280123-6372-4d1f-a5d4-c36229a73203@group-75C85B6D1182-LeaderElection42] INFO  impl.LeaderElection (LeaderElection.java:logAndReturn(56)) - af280123-6372-4d1f-a5d4-c36229a73203@group-75C85B6D1182-LeaderElection42: Election REJECTED; received 2 response(s) [af280123-6372-4d1f-a5d4-c36229a73203<-9092f221-0e0d-4970-bb84-cacd95020f21#0:FAIL-t23, af280123-6372-4d1f-a5d4-c36229a73203<-b4ae536c-ed18-4717-a75c-ca4b5d6c4001#0:FAIL-t23] and 0 exception(s); af280123-6372-4d1f-a5d4-c36229a73203@group-75C85B6D1182:t23, leader=null, voted=af280123-6372-4d1f-a5d4-c36229a73203, raftlog=af280123-6372-4d1f-a5d4-c36229a73203@group-75C85B6D1182-SegmentedRaftLog:OPENED:c-1,f-1,i0, conf=-1: [9092f221-0e0d-4970-bb84-cacd95020f21:192.168.164.213:41903, af280123-6372-4d1f-a5d4-c36229a73203:192.168.164.213:35334, b4ae536c-ed18-4717-a75c-ca4b5d6c4001:192.168.164.213:41180], old=null
2019-10-24 15:43:52,333 [af280123-6372-4d1f-a5d4-c36229a73203@group-75C85B6D1182-LeaderElection42] INFO  impl.RaftServerImpl (RaftServerImpl.java:setRole(184)) - af280123-6372-4d1f-a5d4-c36229a73203@group-75C85B6D1182: changes role from CANDIDATE to FOLLOWER at term 23 for DISCOVERED_A_NEW_TERM
2019-10-24 15:43:52,333 [af280123-6372-4d1f-a5d4-c36229a73203@group-75C85B6D1182-LeaderElection42] INFO  impl.RoleInfo (RoleInfo.java:shutdownLeaderElection(134)) - af280123-6372-4d1f-a5d4-c36229a73203: shutdown LeaderElection
2019-10-24 15:43:52,333 [af280123-6372-4d1f-a5d4-c36229a73203@group-75C85B6D1182-LeaderElection42] INFO  impl.RoleInfo (RoleInfo.java:updateAndGet(143)) - af280123-6372-4d1f-a5d4-c36229a73203: start FollowerState
2019-10-24 15:43:52,514 [Thread-650] INFO  impl.FollowerState (FollowerState.java:run(108)) - af280123-6372-4d1f-a5d4-c36229a73203@group-75C85B6D1182-FollowerState: change to CANDIDATE, lastRpcTime:180ms, electionTimeout:180ms
2019-10-24 15:43:52,514 [Thread-650] INFO  impl.RoleInfo (RoleInfo.java:shutdownFollowerState(121)) - af280123-6372-4d1f-a5d4-c36229a73203: shutdown FollowerState
2019-10-24 15:43:52,514 [Thread-650] INFO  impl.RaftServerImpl (RaftServerImpl.java:setRole(184)) - af280123-6372-4d1f-a5d4-c36229a73203@group-75C85B6D1182: changes role from  FOLLOWER to CANDIDATE at term 23 for changeToCandidate
2019-10-24 15:43:52,514 [Thread-650] INFO  impl.RoleInfo (RoleInfo.java:updateAndGet(143)) - af280123-6372-4d1f-a5d4-c36229a73203: start LeaderElection
2019-10-24 15:43:52,528 [af280123-6372-4d1f-a5d4-c36229a73203@group-75C85B6D1182-LeaderElection43] INFO  impl.LeaderElection (LeaderElection.java:askForVotes(178)) - af280123-6372-4d1f-a5d4-c36229a73203@group-75C85B6D1182-LeaderElection43: begin an election at term 24 for -1: [9092f221-0e0d-4970-bb84-cacd95020f21:192.168.164.213:41903, af280123-6372-4d1f-a5d4-c36229a73203:192.168.164.213:35334, b4ae536c-ed18-4717-a75c-ca4b5d6c4001:192.168.164.213:41180], old=null
2019-10-24 15:43:52,532 [grpc-default-executor-4] INFO  impl.RaftServerImpl (RaftServerImpl.java:setRole(184)) - 9092f221-0e0d-4970-bb84-cacd95020f21@group-75C85B6D1182: changes role from  FOLLOWER to FOLLOWER at term 24 for recognizeCandidate:af280123-6372-4d1f-a5d4-c36229a73203
2019-10-24 15:43:52,532 [grpc-default-executor-8] INFO  impl.RaftServerImpl (RaftServerImpl.java:setRole(184)) - b4ae536c-ed18-4717-a75c-ca4b5d6c4001@group-75C85B6D1182: changes role from  FOLLOWER to FOLLOWER at term 24 for recognizeCandidate:af280123-6372-4d1f-a5d4-c36229a73203
2019-10-24 15:43:52,532 [grpc-default-executor-4] INFO  impl.RoleInfo (RoleInfo.java:shutdownFollowerState(121)) - 9092f221-0e0d-4970-bb84-cacd95020f21: shutdown FollowerState
2019-10-24 15:43:52,532 [grpc-default-executor-8] INFO  impl.RoleInfo (RoleInfo.java:shutdownFollowerState(121)) - b4ae536c-ed18-4717-a75c-ca4b5d6c4001: shutdown FollowerState
2019-10-24 15:43:52,532 [Thread-649] INFO  impl.FollowerState (FollowerState.java:run(117)) - 9092f221-0e0d-4970-bb84-cacd95020f21@group-75C85B6D1182-FollowerState was interrupted: java.lang.InterruptedException: sleep interrupted
2019-10-24 15:43:52,532 [grpc-default-executor-4] INFO  impl.RoleInfo (RoleInfo.java:updateAndGet(143)) - 9092f221-0e0d-4970-bb84-cacd95020f21: start FollowerState
2019-10-24 15:43:52,532 [Thread-648] INFO  impl.FollowerState (FollowerState.java:run(117)) - b4ae536c-ed18-4717-a75c-ca4b5d6c4001@group-75C85B6D1182-FollowerState was interrupted: java.lang.InterruptedException: sleep interrupted
2019-10-24 15:43:52,532 [grpc-default-executor-8] INFO  impl.RoleInfo (RoleInfo.java:updateAndGet(143)) - b4ae536c-ed18-4717-a75c-ca4b5d6c4001: start FollowerState
2019-10-24 15:43:52,550 [af280123-6372-4d1f-a5d4-c36229a73203@group-75C85B6D1182-LeaderElection43] INFO  impl.LeaderElection (LeaderElection.java:logAndReturn(56)) - af280123-6372-4d1f-a5d4-c36229a73203@group-75C85B6D1182-LeaderElection43: Election REJECTED; received 2 response(s) [af280123-6372-4d1f-a5d4-c36229a73203<-9092f221-0e0d-4970-bb84-cacd95020f21#0:FAIL-t24, af280123-6372-4d1f-a5d4-c36229a73203<-b4ae536c-ed18-4717-a75c-ca4b5d6c4001#0:FAIL-t24] and 0 exception(s); af280123-6372-4d1f-a5d4-c36229a73203@group-75C85B6D1182:t24, leader=null, voted=af280123-6372-4d1f-a5d4-c36229a73203, raftlog=af280123-6372-4d1f-a5d4-c36229a73203@group-75C85B6D1182-SegmentedRaftLog:OPENED:c-1,f-1,i0, conf=-1: [9092f221-0e0d-4970-bb84-cacd95020f21:192.168.164.213:41903, af280123-6372-4d1f-a5d4-c36229a73203:192.168.164.213:35334, b4ae536c-ed18-4717-a75c-ca4b5d6c4001:192.168.164.213:41180], old=null
2019-10-24 15:43:52,551 [af280123-6372-4d1f-a5d4-c36229a73203@group-75C85B6D1182-LeaderElection43] INFO  impl.RaftServerImpl (RaftServerImpl.java:setRole(184)) - af280123-6372-4d1f-a5d4-c36229a73203@group-75C85B6D1182: changes role from CANDIDATE to FOLLOWER at term 24 for DISCOVERED_A_NEW_TERM
2019-10-24 15:43:52,551 [af280123-6372-4d1f-a5d4-c36229a73203@group-75C85B6D1182-LeaderElection43] INFO  impl.RoleInfo (RoleInfo.java:shutdownLeaderElection(134)) - af280123-6372-4d1f-a5d4-c36229a73203: shutdown LeaderElection
2019-10-24 15:43:52,551 [af280123-6372-4d1f-a5d4-c36229a73203@group-75C85B6D1182-LeaderElection43] INFO  impl.RoleInfo (RoleInfo.java:updateAndGet(143)) - af280123-6372-4d1f-a5d4-c36229a73203: start FollowerState
2019-10-24 15:43:52,632 [Thread-660] INFO  impl.FollowerState (FollowerState.java:run(108)) - af280123-6372-4d1f-a5d4-c36229a73203@group-75C85B6D1182-FollowerState: change to CANDIDATE, lastRpcTime:81ms, electionTimeout:81ms
2019-10-24 15:43:52,633 [Thread-660] INFO  impl.RoleInfo (RoleInfo.java:shutdownFollowerState(121)) - af280123-6372-4d1f-a5d4-c36229a73203: shutdown FollowerState
2019-10-24 15:43:52,633 [Thread-660] INFO  impl.RaftServerImpl (RaftServerImpl.java:setRole(184)) - af280123-6372-4d1f-a5d4-c36229a73203@group-75C85B6D1182: changes role from  FOLLOWER to CANDIDATE at term 24 for changeToCandidate
2019-10-24 15:43:52,633 [Thread-660] INFO  impl.RoleInfo (RoleInfo.java:updateAndGet(143)) - af280123-6372-4d1f-a5d4-c36229a73203: start LeaderElection
2019-10-24 15:43:52,647 [af280123-6372-4d1f-a5d4-c36229a73203@group-75C85B6D1182-LeaderElection44] INFO  impl.LeaderElection (LeaderElection.java:askForVotes(178)) - af280123-6372-4d1f-a5d4-c36229a73203@group-75C85B6D1182-LeaderElection44: begin an election at term 25 for -1: [9092f221-0e0d-4970-bb84-cacd95020f21:192.168.164.213:41903, af280123-6372-4d1f-a5d4-c36229a73203:192.168.164.213:35334, b4ae536c-ed18-4717-a75c-ca4b5d6c4001:192.168.164.213:41180], old=null
2019-10-24 15:43:52,650 [grpc-default-executor-4] INFO  impl.RaftServerImpl (RaftServerImpl.java:setRole(184)) - 9092f221-0e0d-4970-bb84-cacd95020f21@group-75C85B6D1182: changes role from  FOLLOWER to FOLLOWER at term 25 for recognizeCandidate:af280123-6372-4d1f-a5d4-c36229a73203
2019-10-24 15:43:52,650 [grpc-default-executor-8] INFO  impl.RaftServerImpl (RaftServerImpl.java:setRole(184)) - b4ae536c-ed18-4717-a75c-ca4b5d6c4001@group-75C85B6D1182: changes role from  FOLLOWER to FOLLOWER at term 25 for recognizeCandidate:af280123-6372-4d1f-a5d4-c36229a73203
2019-10-24 15:43:52,650 [grpc-default-executor-4] INFO  impl.RoleInfo (RoleInfo.java:shutdownFollowerState(121)) - 9092f221-0e0d-4970-bb84-cacd95020f21: shutdown FollowerState
2019-10-24 15:43:52,650 [grpc-default-executor-8] INFO  impl.RoleInfo (RoleInfo.java:shutdownFollowerState(121)) - b4ae536c-ed18-4717-a75c-ca4b5d6c4001: shutdown FollowerState
2019-10-24 15:43:52,651 [grpc-default-executor-4] INFO  impl.RoleInfo (RoleInfo.java:updateAndGet(143)) - 9092f221-0e0d-4970-bb84-cacd95020f21: start FollowerState
2019-10-24 15:43:52,651 [Thread-658] INFO  impl.FollowerState (FollowerState.java:run(117)) - 9092f221-0e0d-4970-bb84-cacd95020f21@group-75C85B6D1182-FollowerState was interrupted: java.lang.InterruptedException: sleep interrupted
2019-10-24 15:43:52,651 [Thread-659] INFO  impl.FollowerState (FollowerState.java:run(117)) - b4ae536c-ed18-4717-a75c-ca4b5d6c4001@group-75C85B6D1182-FollowerState was interrupted: java.lang.InterruptedException: sleep interrupted
2019-10-24 15:43:52,651 [grpc-default-executor-8] INFO  impl.RoleInfo (RoleInfo.java:updateAndGet(143)) - b4ae536c-ed18-4717-a75c-ca4b5d6c4001: start FollowerState
2019-10-24 15:43:52,670 [af280123-6372-4d1f-a5d4-c36229a73203@group-75C85B6D1182-LeaderElection44] INFO  impl.LeaderElection (LeaderElection.java:logAndReturn(56)) - af280123-6372-4d1f-a5d4-c36229a73203@group-75C85B6D1182-LeaderElection44: Election REJECTED; received 2 response(s) [af280123-6372-4d1f-a5d4-c36229a73203<-9092f221-0e0d-4970-bb84-cacd95020f21#0:FAIL-t25, af280123-6372-4d1f-a5d4-c36229a73203<-b4ae536c-ed18-4717-a75c-ca4b5d6c4001#0:FAIL-t25] and 0 exception(s); af280123-6372-4d1f-a5d4-c36229a73203@group-75C85B6D1182:t25, leader=null, voted=af280123-6372-4d1f-a5d4-c36229a73203, raftlog=af280123-6372-4d1f-a5d4-c36229a73203@group-75C85B6D1182-SegmentedRaftLog:OPENED:c-1,f-1,i0, conf=-1: [9092f221-0e0d-4970-bb84-cacd95020f21:192.168.164.213:41903, af280123-6372-4d1f-a5d4-c36229a73203:192.168.164.213:35334, b4ae536c-ed18-4717-a75c-ca4b5d6c4001:192.168.164.213:41180], old=null
2019-10-24 15:43:52,670 [af280123-6372-4d1f-a5d4-c36229a73203@group-75C85B6D1182-LeaderElection44] INFO  impl.RaftServerImpl (RaftServerImpl.java:setRole(184)) - af280123-6372-4d1f-a5d4-c36229a73203@group-75C85B6D1182: changes role from CANDIDATE to FOLLOWER at term 25 for DISCOVERED_A_NEW_TERM
2019-10-24 15:43:52,670 [af280123-6372-4d1f-a5d4-c36229a73203@group-75C85B6D1182-LeaderElection44] INFO  impl.RoleInfo (RoleInfo.java:shutdownLeaderElection(134)) - af280123-6372-4d1f-a5d4-c36229a73203: shutdown LeaderElection
2019-10-24 15:43:52,670 [af280123-6372-4d1f-a5d4-c36229a73203@group-75C85B6D1182-LeaderElection44] INFO  impl.RoleInfo (RoleInfo.java:updateAndGet(143)) - af280123-6372-4d1f-a5d4-c36229a73203: start FollowerState
2019-10-24 15:43:52,853 [Thread-666] INFO  impl.FollowerState (FollowerState.java:run(108)) - af280123-6372-4d1f-a5d4-c36229a73203@group-75C85B6D1182-FollowerState: change to CANDIDATE, lastRpcTime:182ms, electionTimeout:182ms
2019-10-24 15:43:52,853 [Thread-666] INFO  impl.RoleInfo (RoleInfo.java:shutdownFollowerState(121)) - af280123-6372-4d1f-a5d4-c36229a73203: shutdown FollowerState
2019-10-24 15:43:52,853 [Thread-666] INFO  impl.RaftServerImpl (RaftServerImpl.java:setRole(184)) - af280123-6372-4d1f-a5d4-c36229a73203@group-75C85B6D1182: changes role from  FOLLOWER to CANDIDATE at term 25 for changeToCandidate
2019-10-24 15:43:52,853 [Thread-666] INFO  impl.RoleInfo (RoleInfo.java:updateAndGet(143)) - af280123-6372-4d1f-a5d4-c36229a73203: start LeaderElection
2019-10-24 15:43:52,879 [af280123-6372-4d1f-a5d4-c36229a73203@group-75C85B6D1182-LeaderElection45] INFO  impl.LeaderElection (LeaderElection.java:askForVotes(178)) - af280123-6372-4d1f-a5d4-c36229a73203@group-75C85B6D1182-LeaderElection45: begin an election at term 26 for -1: [9092f221-0e0d-4970-bb84-cacd95020f21:192.168.164.213:41903, af280123-6372-4d1f-a5d4-c36229a73203:192.168.164.213:35334, b4ae536c-ed18-4717-a75c-ca4b5d6c4001:192.168.164.213:41180], old=null
2019-10-24 15:43:52,882 [grpc-default-executor-4] INFO  impl.RaftServerImpl (RaftServerImpl.java:setRole(184)) - 9092f221-0e0d-4970-bb84-cacd95020f21@group-75C85B6D1182: changes role from  FOLLOWER to FOLLOWER at term 26 for recognizeCandidate:af280123-6372-4d1f-a5d4-c36229a73203
2019-10-24 15:43:52,882 [grpc-default-executor-8] INFO  impl.RaftServerImpl (RaftServerImpl.java:setRole(184)) - b4ae536c-ed18-4717-a75c-ca4b5d6c4001@group-75C85B6D1182: changes role from  FOLLOWER to FOLLOWER at term 26 for recognizeCandidate:af280123-6372-4d1f-a5d4-c36229a73203
2019-10-24 15:43:52,882 [grpc-default-executor-4] INFO  impl.RoleInfo (RoleInfo.java:shutdownFollowerState(121)) - 9092f221-0e0d-4970-bb84-cacd95020f21: shutdown FollowerState
2019-10-24 15:43:52,882 [grpc-default-executor-8] INFO  impl.RoleInfo (RoleInfo.java:shutdownFollowerState(121)) - b4ae536c-ed18-4717-a75c-ca4b5d6c4001: shutdown FollowerState
2019-10-24 15:43:52,883 [Thread-664] INFO  impl.FollowerState (FollowerState.java:run(117)) - 9092f221-0e0d-4970-bb84-cacd95020f21@group-75C85B6D1182-FollowerState was interrupted: java.lang.InterruptedException: sleep interrupted
2019-10-24 15:43:52,883 [grpc-default-executor-4] INFO  impl.RoleInfo (RoleInfo.java:updateAndGet(143)) - 9092f221-0e0d-4970-bb84-cacd95020f21: start FollowerState
2019-10-24 15:43:52,883 [Thread-665] INFO  impl.FollowerState (FollowerState.java:run(117)) - b4ae536c-ed18-4717-a75c-ca4b5d6c4001@group-75C85B6D1182-FollowerState was interrupted: java.lang.InterruptedException: sleep interrupted
2019-10-24 15:43:52,883 [grpc-default-executor-8] INFO  impl.RoleInfo (RoleInfo.java:updateAndGet(143)) - b4ae536c-ed18-4717-a75c-ca4b5d6c4001: start FollowerState
2019-10-24 15:43:52,907 [af280123-6372-4d1f-a5d4-c36229a73203@group-75C85B6D1182-LeaderElection45] INFO  impl.LeaderElection (LeaderElection.java:logAndReturn(56)) - af280123-6372-4d1f-a5d4-c36229a73203@group-75C85B6D1182-LeaderElection45: Election TIMEOUT; received 0 response(s) [] and 0 exception(s); af280123-6372-4d1f-a5d4-c36229a73203@group-75C85B6D1182:t26, leader=null, voted=af280123-6372-4d1f-a5d4-c36229a73203, raftlog=af280123-6372-4d1f-a5d4-c36229a73203@group-75C85B6D1182-SegmentedRaftLog:OPENED:c-1,f-1,i0, conf=-1: [9092f221-0e0d-4970-bb84-cacd95020f21:192.168.164.213:41903, af280123-6372-4d1f-a5d4-c36229a73203:192.168.164.213:35334, b4ae536c-ed18-4717-a75c-ca4b5d6c4001:192.168.164.213:41180], old=null
2019-10-24 15:43:52,913 [af280123-6372-4d1f-a5d4-c36229a73203@group-75C85B6D1182-LeaderElection45] INFO  impl.LeaderElection (LeaderElection.java:askForVotes(178)) - af280123-6372-4d1f-a5d4-c36229a73203@group-75C85B6D1182-LeaderElection45: begin an election at term 27 for -1: [9092f221-0e0d-4970-bb84-cacd95020f21:192.168.164.213:41903, af280123-6372-4d1f-a5d4-c36229a73203:192.168.164.213:35334, b4ae536c-ed18-4717-a75c-ca4b5d6c4001:192.168.164.213:41180], old=null
2019-10-24 15:43:52,915 [grpc-default-executor-4] INFO  impl.RaftServerImpl (RaftServerImpl.java:setRole(184)) - 9092f221-0e0d-4970-bb84-cacd95020f21@group-75C85B6D1182: changes role from  FOLLOWER to FOLLOWER at term 27 for recognizeCandidate:af280123-6372-4d1f-a5d4-c36229a73203
2019-10-24 15:43:52,915 [grpc-default-executor-8] INFO  impl.RaftServerImpl (RaftServerImpl.java:setRole(184)) - b4ae536c-ed18-4717-a75c-ca4b5d6c4001@group-75C85B6D1182: changes role from  FOLLOWER to FOLLOWER at term 27 for recognizeCandidate:af280123-6372-4d1f-a5d4-c36229a73203
2019-10-24 15:43:52,915 [grpc-default-executor-4] INFO  impl.RoleInfo (RoleInfo.java:shutdownFollowerState(121)) - 9092f221-0e0d-4970-bb84-cacd95020f21: shutdown FollowerState
2019-10-24 15:43:52,916 [grpc-default-executor-8] INFO  impl.RoleInfo (RoleInfo.java:shutdownFollowerState(121)) - b4ae536c-ed18-4717-a75c-ca4b5d6c4001: shutdown FollowerState
2019-10-24 15:43:52,916 [Thread-670] INFO  impl.FollowerState (FollowerState.java:run(117)) - 9092f221-0e0d-4970-bb84-cacd95020f21@group-75C85B6D1182-FollowerState was interrupted: java.lang.InterruptedException: sleep interrupted
2019-10-24 15:43:52,916 [grpc-default-executor-4] INFO  impl.RoleInfo (RoleInfo.java:updateAndGet(143)) - 9092f221-0e0d-4970-bb84-cacd95020f21: start FollowerState
2019-10-24 15:43:52,916 [Thread-671] INFO  impl.FollowerState (FollowerState.java:run(117)) - b4ae536c-ed18-4717-a75c-ca4b5d6c4001@group-75C85B6D1182-FollowerState was interrupted: java.lang.InterruptedException: sleep interrupted
2019-10-24 15:43:52,916 [grpc-default-executor-8] INFO  impl.RoleInfo (RoleInfo.java:updateAndGet(143)) - b4ae536c-ed18-4717-a75c-ca4b5d6c4001: start FollowerState
2019-10-24 15:43:52,932 [af280123-6372-4d1f-a5d4-c36229a73203@group-75C85B6D1182-LeaderElection45] INFO  impl.LeaderElection (LeaderElection.java:logAndReturn(56)) - af280123-6372-4d1f-a5d4-c36229a73203@group-75C85B6D1182-LeaderElection45: Election REJECTED; received 2 response(s) [af280123-6372-4d1f-a5d4-c36229a73203<-9092f221-0e0d-4970-bb84-cacd95020f21#0:FAIL-t27, af280123-6372-4d1f-a5d4-c36229a73203<-b4ae536c-ed18-4717-a75c-ca4b5d6c4001#0:FAIL-t27] and 0 exception(s); af280123-6372-4d1f-a5d4-c36229a73203@group-75C85B6D1182:t27, leader=null, voted=af280123-6372-4d1f-a5d4-c36229a73203, raftlog=af280123-6372-4d1f-a5d4-c36229a73203@group-75C85B6D1182-SegmentedRaftLog:OPENED:c-1,f-1,i0, conf=-1: [9092f221-0e0d-4970-bb84-cacd95020f21:192.168.164.213:41903, af280123-6372-4d1f-a5d4-c36229a73203:192.168.164.213:35334, b4ae536c-ed18-4717-a75c-ca4b5d6c4001:192.168.164.213:41180], old=null
2019-10-24 15:43:52,932 [af280123-6372-4d1f-a5d4-c36229a73203@group-75C85B6D1182-LeaderElection45] INFO  impl.RaftServerImpl (RaftServerImpl.java:setRole(184)) - af280123-6372-4d1f-a5d4-c36229a73203@group-75C85B6D1182: changes role from CANDIDATE to FOLLOWER at term 27 for DISCOVERED_A_NEW_TERM
2019-10-24 15:43:52,932 [af280123-6372-4d1f-a5d4-c36229a73203@group-75C85B6D1182-LeaderElection45] INFO  impl.RoleInfo (RoleInfo.java:shutdownLeaderElection(134)) - af280123-6372-4d1f-a5d4-c36229a73203: shutdown LeaderElection
2019-10-24 15:43:52,932 [af280123-6372-4d1f-a5d4-c36229a73203@group-75C85B6D1182-LeaderElection45] INFO  impl.RoleInfo (RoleInfo.java:updateAndGet(143)) - af280123-6372-4d1f-a5d4-c36229a73203: start FollowerState
2019-10-24 15:43:53,081 [Thread-680] INFO  impl.FollowerState (FollowerState.java:run(108)) - af280123-6372-4d1f-a5d4-c36229a73203@group-75C85B6D1182-FollowerState: change to CANDIDATE, lastRpcTime:148ms, electionTimeout:148ms
2019-10-24 15:43:53,081 [Thread-680] INFO  impl.RoleInfo (RoleInfo.java:shutdownFollowerState(121)) - af280123-6372-4d1f-a5d4-c36229a73203: shutdown FollowerState
2019-10-24 15:43:53,081 [Thread-680] INFO  impl.RaftServerImpl (RaftServerImpl.java:setRole(184)) - af280123-6372-4d1f-a5d4-c36229a73203@group-75C85B6D1182: changes role from  FOLLOWER to CANDIDATE at term 27 for changeToCandidate
2019-10-24 15:43:53,082 [Thread-680] INFO  impl.RoleInfo (RoleInfo.java:updateAndGet(143)) - af280123-6372-4d1f-a5d4-c36229a73203: start LeaderElection
2019-10-24 15:43:53,107 [af280123-6372-4d1f-a5d4-c36229a73203@group-75C85B6D1182-LeaderElection46] INFO  impl.LeaderElection (LeaderElection.java:askForVotes(178)) - af280123-6372-4d1f-a5d4-c36229a73203@group-75C85B6D1182-LeaderElection46: begin an election at term 28 for -1: [9092f221-0e0d-4970-bb84-cacd95020f21:192.168.164.213:41903, af280123-6372-4d1f-a5d4-c36229a73203:192.168.164.213:35334, b4ae536c-ed18-4717-a75c-ca4b5d6c4001:192.168.164.213:41180], old=null
2019-10-24 15:43:53,112 [grpc-default-executor-8] INFO  impl.RaftServerImpl (RaftServerImpl.java:setRole(184)) - 9092f221-0e0d-4970-bb84-cacd95020f21@group-75C85B6D1182: changes role from  FOLLOWER to FOLLOWER at term 28 for recognizeCandidate:af280123-6372-4d1f-a5d4-c36229a73203
2019-10-24 15:43:53,112 [grpc-default-executor-4] INFO  impl.RaftServerImpl (RaftServerImpl.java:setRole(184)) - b4ae536c-ed18-4717-a75c-ca4b5d6c4001@group-75C85B6D1182: changes role from  FOLLOWER to FOLLOWER at term 28 for recognizeCandidate:af280123-6372-4d1f-a5d4-c36229a73203
2019-10-24 15:43:53,112 [grpc-default-executor-8] INFO  impl.RoleInfo (RoleInfo.java:shutdownFollowerState(121)) - 9092f221-0e0d-4970-bb84-cacd95020f21: shutdown FollowerState
2019-10-24 15:43:53,112 [grpc-default-executor-4] INFO  impl.RoleInfo (RoleInfo.java:shutdownFollowerState(121)) - b4ae536c-ed18-4717-a75c-ca4b5d6c4001: shutdown FollowerState
2019-10-24 15:43:53,112 [Thread-674] INFO  impl.FollowerState (FollowerState.java:run(117)) - 9092f221-0e0d-4970-bb84-cacd95020f21@group-75C85B6D1182-FollowerState was interrupted: java.lang.InterruptedException: sleep interrupted
2019-10-24 15:43:53,112 [grpc-default-executor-8] INFO  impl.RoleInfo (RoleInfo.java:updateAndGet(143)) - 9092f221-0e0d-4970-bb84-cacd95020f21: start FollowerState
2019-10-24 15:43:53,112 [grpc-default-executor-4] INFO  impl.RoleInfo (RoleInfo.java:updateAndGet(143)) - b4ae536c-ed18-4717-a75c-ca4b5d6c4001: start FollowerState
2019-10-24 15:43:53,112 [Thread-675] INFO  impl.FollowerState (FollowerState.java:run(117)) - b4ae536c-ed18-4717-a75c-ca4b5d6c4001@group-75C85B6D1182-FollowerState was interrupted: java.lang.InterruptedException: sleep interrupted
2019-10-24 15:43:53,133 [af280123-6372-4d1f-a5d4-c36229a73203@group-75C85B6D1182-LeaderElection46] INFO  impl.LeaderElection (LeaderElection.java:logAndReturn(56)) - af280123-6372-4d1f-a5d4-c36229a73203@group-75C85B6D1182-LeaderElection46: Election REJECTED; received 2 response(s) [af280123-6372-4d1f-a5d4-c36229a73203<-9092f221-0e0d-4970-bb84-cacd95020f21#0:FAIL-t28, af280123-6372-4d1f-a5d4-c36229a73203<-b4ae536c-ed18-4717-a75c-ca4b5d6c4001#0:FAIL-t28] and 0 exception(s); af280123-6372-4d1f-a5d4-c36229a73203@group-75C85B6D1182:t28, leader=null, voted=af280123-6372-4d1f-a5d4-c36229a73203, raftlog=af280123-6372-4d1f-a5d4-c36229a73203@group-75C85B6D1182-SegmentedRaftLog:OPENED:c-1,f-1,i0, conf=-1: [9092f221-0e0d-4970-bb84-cacd95020f21:192.168.164.213:41903, af280123-6372-4d1f-a5d4-c36229a73203:192.168.164.213:35334, b4ae536c-ed18-4717-a75c-ca4b5d6c4001:192.168.164.213:41180], old=null
2019-10-24 15:43:53,133 [af280123-6372-4d1f-a5d4-c36229a73203@group-75C85B6D1182-LeaderElection46] INFO  impl.RaftServerImpl (RaftServerImpl.java:setRole(184)) - af280123-6372-4d1f-a5d4-c36229a73203@group-75C85B6D1182: changes role from CANDIDATE to FOLLOWER at term 28 for DISCOVERED_A_NEW_TERM
2019-10-24 15:43:53,133 [af280123-6372-4d1f-a5d4-c36229a73203@group-75C85B6D1182-LeaderElection46] INFO  impl.RoleInfo (RoleInfo.java:shutdownLeaderElection(134)) - af280123-6372-4d1f-a5d4-c36229a73203: shutdown LeaderElection
2019-10-24 15:43:53,133 [af280123-6372-4d1f-a5d4-c36229a73203@group-75C85B6D1182-LeaderElection46] INFO  impl.RoleInfo (RoleInfo.java:updateAndGet(143)) - af280123-6372-4d1f-a5d4-c36229a73203: start FollowerState
2019-10-24 15:43:53,134 [Thread-686] INFO  impl.FollowerState (FollowerState.java:run(108)) - af280123-6372-4d1f-a5d4-c36229a73203@group-75C85B6D1182-FollowerState: change to CANDIDATE, lastRpcTime:0ms, electionTimeout:0ms
2019-10-24 15:43:53,134 [Thread-686] INFO  impl.RoleInfo (RoleInfo.java:shutdownFollowerState(121)) - af280123-6372-4d1f-a5d4-c36229a73203: shutdown FollowerState
2019-10-24 15:43:53,134 [Thread-686] INFO  impl.RaftServerImpl (RaftServerImpl.java:setRole(184)) - af280123-6372-4d1f-a5d4-c36229a73203@group-75C85B6D1182: changes role from  FOLLOWER to CANDIDATE at term 28 for changeToCandidate
2019-10-24 15:43:53,134 [Thread-686] INFO  impl.RoleInfo (RoleInfo.java:updateAndGet(143)) - af280123-6372-4d1f-a5d4-c36229a73203: start LeaderElection
2019-10-24 15:43:53,147 [af280123-6372-4d1f-a5d4-c36229a73203@group-75C85B6D1182-LeaderElection47] INFO  impl.LeaderElection (LeaderElection.java:askForVotes(178)) - af280123-6372-4d1f-a5d4-c36229a73203@group-75C85B6D1182-LeaderElection47: begin an election at term 29 for -1: [9092f221-0e0d-4970-bb84-cacd95020f21:192.168.164.213:41903, af280123-6372-4d1f-a5d4-c36229a73203:192.168.164.213:35334, b4ae536c-ed18-4717-a75c-ca4b5d6c4001:192.168.164.213:41180], old=null
2019-10-24 15:43:53,149 [grpc-default-executor-8] INFO  impl.RaftServerImpl (RaftServerImpl.java:setRole(184)) - b4ae536c-ed18-4717-a75c-ca4b5d6c4001@group-75C85B6D1182: changes role from  FOLLOWER to FOLLOWER at term 29 for recognizeCandidate:af280123-6372-4d1f-a5d4-c36229a73203
2019-10-24 15:43:53,149 [grpc-default-executor-8] INFO  impl.RoleInfo (RoleInfo.java:shutdownFollowerState(121)) - b4ae536c-ed18-4717-a75c-ca4b5d6c4001: shutdown FollowerState
2019-10-24 15:43:53,149 [grpc-default-executor-4] INFO  impl.RaftServerImpl (RaftServerImpl.java:setRole(184)) - 9092f221-0e0d-4970-bb84-cacd95020f21@group-75C85B6D1182: changes role from  FOLLOWER to FOLLOWER at term 29 for recognizeCandidate:af280123-6372-4d1f-a5d4-c36229a73203
2019-10-24 15:43:53,149 [Thread-685] INFO  impl.FollowerState (FollowerState.java:run(117)) - b4ae536c-ed18-4717-a75c-ca4b5d6c4001@group-75C85B6D1182-FollowerState was interrupted: java.lang.InterruptedException: sleep interrupted
2019-10-24 15:43:53,149 [grpc-default-executor-8] INFO  impl.RoleInfo (RoleInfo.java:updateAndGet(143)) - b4ae536c-ed18-4717-a75c-ca4b5d6c4001: start FollowerState
2019-10-24 15:43:53,149 [grpc-default-executor-4] INFO  impl.RoleInfo (RoleInfo.java:shutdownFollowerState(121)) - 9092f221-0e0d-4970-bb84-cacd95020f21: shutdown FollowerState
2019-10-24 15:43:53,150 [Thread-684] INFO  impl.FollowerState (FollowerState.java:run(117)) - 9092f221-0e0d-4970-bb84-cacd95020f21@group-75C85B6D1182-FollowerState was interrupted: java.lang.InterruptedException: sleep interrupted
2019-10-24 15:43:53,150 [grpc-default-executor-4] INFO  impl.RoleInfo (RoleInfo.java:updateAndGet(143)) - 9092f221-0e0d-4970-bb84-cacd95020f21: start FollowerState
2019-10-24 15:43:53,164 [af280123-6372-4d1f-a5d4-c36229a73203@group-75C85B6D1182-LeaderElection47] INFO  impl.LeaderElection (LeaderElection.java:logAndReturn(56)) - af280123-6372-4d1f-a5d4-c36229a73203@group-75C85B6D1182-LeaderElection47: Election REJECTED; received 2 response(s) [af280123-6372-4d1f-a5d4-c36229a73203<-9092f221-0e0d-4970-bb84-cacd95020f21#0:FAIL-t29, af280123-6372-4d1f-a5d4-c36229a73203<-b4ae536c-ed18-4717-a75c-ca4b5d6c4001#0:FAIL-t29] and 0 exception(s); af280123-6372-4d1f-a5d4-c36229a73203@group-75C85B6D1182:t29, leader=null, voted=af280123-6372-4d1f-a5d4-c36229a73203, raftlog=af280123-6372-4d1f-a5d4-c36229a73203@group-75C85B6D1182-SegmentedRaftLog:OPENED:c-1,f-1,i0, conf=-1: [9092f221-0e0d-4970-bb84-cacd95020f21:192.168.164.213:41903, af280123-6372-4d1f-a5d4-c36229a73203:192.168.164.213:35334, b4ae536c-ed18-4717-a75c-ca4b5d6c4001:192.168.164.213:41180], old=null
2019-10-24 15:43:53,164 [af280123-6372-4d1f-a5d4-c36229a73203@group-75C85B6D1182-LeaderElection47] INFO  impl.RaftServerImpl (RaftServerImpl.java:setRole(184)) - af280123-6372-4d1f-a5d4-c36229a73203@group-75C85B6D1182: changes role from CANDIDATE to FOLLOWER at term 29 for DISCOVERED_A_NEW_TERM
2019-10-24 15:43:53,164 [af280123-6372-4d1f-a5d4-c36229a73203@group-75C85B6D1182-LeaderElection47] INFO  impl.RoleInfo (RoleInfo.java:shutdownLeaderElection(134)) - af280123-6372-4d1f-a5d4-c36229a73203: shutdown LeaderElection
2019-10-24 15:43:53,164 [af280123-6372-4d1f-a5d4-c36229a73203@group-75C85B6D1182-LeaderElection47] INFO  impl.RoleInfo (RoleInfo.java:updateAndGet(143)) - af280123-6372-4d1f-a5d4-c36229a73203: start FollowerState
2019-10-24 15:43:53,295 [Thread-692] INFO  impl.FollowerState (FollowerState.java:run(108)) - af280123-6372-4d1f-a5d4-c36229a73203@group-75C85B6D1182-FollowerState: change to CANDIDATE, lastRpcTime:130ms, electionTimeout:130ms
2019-10-24 15:43:53,296 [Thread-692] INFO  impl.RoleInfo (RoleInfo.java:shutdownFollowerState(121)) - af280123-6372-4d1f-a5d4-c36229a73203: shutdown FollowerState
2019-10-24 15:43:53,296 [Thread-692] INFO  impl.RaftServerImpl (RaftServerImpl.java:setRole(184)) - af280123-6372-4d1f-a5d4-c36229a73203@group-75C85B6D1182: changes role from  FOLLOWER to CANDIDATE at term 29 for changeToCandidate
2019-10-24 15:43:53,296 [Thread-692] INFO  impl.RoleInfo (RoleInfo.java:updateAndGet(143)) - af280123-6372-4d1f-a5d4-c36229a73203: start LeaderElection
2019-10-24 15:43:53,329 [af280123-6372-4d1f-a5d4-c36229a73203@group-75C85B6D1182-LeaderElection48] INFO  impl.LeaderElection (LeaderElection.java:askForVotes(178)) - af280123-6372-4d1f-a5d4-c36229a73203@group-75C85B6D1182-LeaderElection48: begin an election at term 30 for -1: [9092f221-0e0d-4970-bb84-cacd95020f21:192.168.164.213:41903, af280123-6372-4d1f-a5d4-c36229a73203:192.168.164.213:35334, b4ae536c-ed18-4717-a75c-ca4b5d6c4001:192.168.164.213:41180], old=null
2019-10-24 15:43:53,335 [grpc-default-executor-8] INFO  impl.RaftServerImpl (RaftServerImpl.java:setRole(184)) - b4ae536c-ed18-4717-a75c-ca4b5d6c4001@group-75C85B6D1182: changes role from  FOLLOWER to FOLLOWER at term 30 for recognizeCandidate:af280123-6372-4d1f-a5d4-c36229a73203
2019-10-24 15:43:53,335 [grpc-default-executor-4] INFO  impl.RaftServerImpl (RaftServerImpl.java:setRole(184)) - 9092f221-0e0d-4970-bb84-cacd95020f21@group-75C85B6D1182: changes role from  FOLLOWER to FOLLOWER at term 30 for recognizeCandidate:af280123-6372-4d1f-a5d4-c36229a73203
2019-10-24 15:43:53,335 [grpc-default-executor-8] INFO  impl.RoleInfo (RoleInfo.java:shutdownFollowerState(121)) - b4ae536c-ed18-4717-a75c-ca4b5d6c4001: shutdown FollowerState
2019-10-24 15:43:53,336 [grpc-default-executor-4] INFO  impl.RoleInfo (RoleInfo.java:shutdownFollowerState(121)) - 9092f221-0e0d-4970-bb84-cacd95020f21: shutdown FollowerState
2019-10-24 15:43:53,336 [af280123-6372-4d1f-a5d4-c36229a73203@group-75C85B6D1182-LeaderElection48] INFO  impl.LeaderElection (LeaderElection.java:logAndReturn(56)) - af280123-6372-4d1f-a5d4-c36229a73203@group-75C85B6D1182-LeaderElection48: Election TIMEOUT; received 0 response(s) [] and 0 exception(s); af280123-6372-4d1f-a5d4-c36229a73203@group-75C85B6D1182:t30, leader=null, voted=af280123-6372-4d1f-a5d4-c36229a73203, raftlog=af280123-6372-4d1f-a5d4-c36229a73203@group-75C85B6D1182-SegmentedRaftLog:OPENED:c-1,f-1,i0, conf=-1: [9092f221-0e0d-4970-bb84-cacd95020f21:192.168.164.213:41903, af280123-6372-4d1f-a5d4-c36229a73203:192.168.164.213:35334, b4ae536c-ed18-4717-a75c-ca4b5d6c4001:192.168.164.213:41180], old=null
2019-10-24 15:43:53,336 [Thread-690] INFO  impl.FollowerState (FollowerState.java:run(117)) - b4ae536c-ed18-4717-a75c-ca4b5d6c4001@group-75C85B6D1182-FollowerState was interrupted: java.lang.InterruptedException: sleep interrupted
2019-10-24 15:43:53,336 [grpc-default-executor-8] INFO  impl.RoleInfo (RoleInfo.java:updateAndGet(143)) - b4ae536c-ed18-4717-a75c-ca4b5d6c4001: start FollowerState
2019-10-24 15:43:53,336 [Thread-691] INFO  impl.FollowerState (FollowerState.java:run(117)) - 9092f221-0e0d-4970-bb84-cacd95020f21@group-75C85B6D1182-FollowerState was interrupted: java.lang.InterruptedException: sleep interrupted
2019-10-24 15:43:53,336 [grpc-default-executor-4] INFO  impl.RoleInfo (RoleInfo.java:updateAndGet(143)) - 9092f221-0e0d-4970-bb84-cacd95020f21: start FollowerState
2019-10-24 15:43:53,362 [af280123-6372-4d1f-a5d4-c36229a73203@group-75C85B6D1182-LeaderElection48] INFO  impl.LeaderElection (LeaderElection.java:askForVotes(178)) - af280123-6372-4d1f-a5d4-c36229a73203@group-75C85B6D1182-LeaderElection48: begin an election at term 31 for -1: [9092f221-0e0d-4970-bb84-cacd95020f21:192.168.164.213:41903, af280123-6372-4d1f-a5d4-c36229a73203:192.168.164.213:35334, b4ae536c-ed18-4717-a75c-ca4b5d6c4001:192.168.164.213:41180], old=null
2019-10-24 15:43:53,365 [grpc-default-executor-4] INFO  impl.RaftServerImpl (RaftServerImpl.java:setRole(184)) - b4ae536c-ed18-4717-a75c-ca4b5d6c4001@group-75C85B6D1182: changes role from  FOLLOWER to FOLLOWER at term 31 for recognizeCandidate:af280123-6372-4d1f-a5d4-c36229a73203
2019-10-24 15:43:53,365 [grpc-default-executor-8] INFO  impl.RaftServerImpl (RaftServerImpl.java:setRole(184)) - 9092f221-0e0d-4970-bb84-cacd95020f21@group-75C85B6D1182: changes role from  FOLLOWER to FOLLOWER at term 31 for recognizeCandidate:af280123-6372-4d1f-a5d4-c36229a73203
2019-10-24 15:43:53,365 [grpc-default-executor-4] INFO  impl.RoleInfo (RoleInfo.java:shutdownFollowerState(121)) - b4ae536c-ed18-4717-a75c-ca4b5d6c4001: shutdown FollowerState
2019-10-24 15:43:53,365 [grpc-default-executor-8] INFO  impl.RoleInfo (RoleInfo.java:shutdownFollowerState(121)) - 9092f221-0e0d-4970-bb84-cacd95020f21: shutdown FollowerState
2019-10-24 15:43:53,366 [Thread-698] INFO  impl.FollowerState (FollowerState.java:run(117)) - b4ae536c-ed18-4717-a75c-ca4b5d6c4001@group-75C85B6D1182-FollowerState was interrupted: java.lang.InterruptedException: sleep interrupted
2019-10-24 15:43:53,365 [grpc-default-executor-4] INFO  impl.RoleInfo (RoleInfo.java:updateAndGet(143)) - b4ae536c-ed18-4717-a75c-ca4b5d6c4001: start FollowerState
2019-10-24 15:43:53,366 [grpc-default-executor-8] INFO  impl.RoleInfo (RoleInfo.java:updateAndGet(143)) - 9092f221-0e0d-4970-bb84-cacd95020f21: start FollowerState
2019-10-24 15:43:53,366 [Thread-699] INFO  impl.FollowerState (FollowerState.java:run(117)) - 9092f221-0e0d-4970-bb84-cacd95020f21@group-75C85B6D1182-FollowerState was interrupted: java.lang.InterruptedException: sleep interrupted
2019-10-24 15:43:53,388 [af280123-6372-4d1f-a5d4-c36229a73203@group-75C85B6D1182-LeaderElection48] INFO  impl.LeaderElection (LeaderElection.java:logAndReturn(56)) - af280123-6372-4d1f-a5d4-c36229a73203@group-75C85B6D1182-LeaderElection48: Election REJECTED; received 2 response(s) [af280123-6372-4d1f-a5d4-c36229a73203<-9092f221-0e0d-4970-bb84-cacd95020f21#0:FAIL-t31, af280123-6372-4d1f-a5d4-c36229a73203<-b4ae536c-ed18-4717-a75c-ca4b5d6c4001#0:FAIL-t31] and 0 exception(s); af280123-6372-4d1f-a5d4-c36229a73203@group-75C85B6D1182:t31, leader=null, voted=af280123-6372-4d1f-a5d4-c36229a73203, raftlog=af280123-6372-4d1f-a5d4-c36229a73203@group-75C85B6D1182-SegmentedRaftLog:OPENED:c-1,f-1,i0, conf=-1: [9092f221-0e0d-4970-bb84-cacd95020f21:192.168.164.213:41903, af280123-6372-4d1f-a5d4-c36229a73203:192.168.164.213:35334, b4ae536c-ed18-4717-a75c-ca4b5d6c4001:192.168.164.213:41180], old=null
2019-10-24 15:43:53,389 [af280123-6372-4d1f-a5d4-c36229a73203@group-75C85B6D1182-LeaderElection48] INFO  impl.RaftServerImpl (RaftServerImpl.java:setRole(184)) - af280123-6372-4d1f-a5d4-c36229a73203@group-75C85B6D1182: changes role from CANDIDATE to FOLLOWER at term 31 for DISCOVERED_A_NEW_TERM
2019-10-24 15:43:53,389 [af280123-6372-4d1f-a5d4-c36229a73203@group-75C85B6D1182-LeaderElection48] INFO  impl.RoleInfo (RoleInfo.java:shutdownLeaderElection(134)) - af280123-6372-4d1f-a5d4-c36229a73203: shutdown LeaderElection
2019-10-24 15:43:53,389 [af280123-6372-4d1f-a5d4-c36229a73203@group-75C85B6D1182-LeaderElection48] INFO  impl.RoleInfo (RoleInfo.java:updateAndGet(143)) - af280123-6372-4d1f-a5d4-c36229a73203: start FollowerState
2019-10-24 15:43:53,430 [Thread-704] INFO  impl.FollowerState (FollowerState.java:run(108)) - af280123-6372-4d1f-a5d4-c36229a73203@group-75C85B6D1182-FollowerState: change to CANDIDATE, lastRpcTime:41ms, electionTimeout:37ms
2019-10-24 15:43:53,430 [Thread-704] INFO  impl.RoleInfo (RoleInfo.java:shutdownFollowerState(121)) - af280123-6372-4d1f-a5d4-c36229a73203: shutdown FollowerState
2019-10-24 15:43:53,430 [Thread-704] INFO  impl.RaftServerImpl (RaftServerImpl.java:setRole(184)) - af280123-6372-4d1f-a5d4-c36229a73203@group-75C85B6D1182: changes role from  FOLLOWER to CANDIDATE at term 31 for changeToCandidate
2019-10-24 15:43:53,430 [Thread-704] INFO  impl.RoleInfo (RoleInfo.java:updateAndGet(143)) - af280123-6372-4d1f-a5d4-c36229a73203: start LeaderElection
2019-10-24 15:43:53,444 [af280123-6372-4d1f-a5d4-c36229a73203@group-75C85B6D1182-LeaderElection49] INFO  impl.LeaderElection (LeaderElection.java:askForVotes(178)) - af280123-6372-4d1f-a5d4-c36229a73203@group-75C85B6D1182-LeaderElection49: begin an election at term 32 for -1: [9092f221-0e0d-4970-bb84-cacd95020f21:192.168.164.213:41903, af280123-6372-4d1f-a5d4-c36229a73203:192.168.164.213:35334, b4ae536c-ed18-4717-a75c-ca4b5d6c4001:192.168.164.213:41180], old=null
2019-10-24 15:43:53,451 [grpc-default-executor-6] INFO  impl.RaftServerImpl (RaftServerImpl.java:setRole(184)) - 9092f221-0e0d-4970-bb84-cacd95020f21@group-75C85B6D1182: changes role from  FOLLOWER to FOLLOWER at term 32 for recognizeCandidate:af280123-6372-4d1f-a5d4-c36229a73203
2019-10-24 15:43:53,451 [grpc-default-executor-8] INFO  impl.RaftServerImpl (RaftServerImpl.java:setRole(184)) - b4ae536c-ed18-4717-a75c-ca4b5d6c4001@group-75C85B6D1182: changes role from  FOLLOWER to FOLLOWER at term 32 for recognizeCandidate:af280123-6372-4d1f-a5d4-c36229a73203
2019-10-24 15:43:53,451 [grpc-default-executor-6] INFO  impl.RoleInfo (RoleInfo.java:shutdownFollowerState(121)) - 9092f221-0e0d-4970-bb84-cacd95020f21: shutdown FollowerState
2019-10-24 15:43:53,451 [grpc-default-executor-8] INFO  impl.RoleInfo (RoleInfo.java:shutdownFollowerState(121)) - b4ae536c-ed18-4717-a75c-ca4b5d6c4001: shutdown FollowerState
2019-10-24 15:43:53,452 [Thread-703] INFO  impl.FollowerState (FollowerState.java:run(117)) - 9092f221-0e0d-4970-bb84-cacd95020f21@group-75C85B6D1182-FollowerState was interrupted: java.lang.InterruptedException: sleep interrupted
2019-10-24 15:43:53,452 [grpc-default-executor-6] INFO  impl.RoleInfo (RoleInfo.java:updateAndGet(143)) - 9092f221-0e0d-4970-bb84-cacd95020f21: start FollowerState
2019-10-24 15:43:53,452 [Thread-702] INFO  impl.FollowerState (FollowerState.java:run(117)) - b4ae536c-ed18-4717-a75c-ca4b5d6c4001@group-75C85B6D1182-FollowerState was interrupted: java.lang.InterruptedException: sleep interrupted
2019-10-24 15:43:53,452 [grpc-default-executor-8] INFO  impl.RoleInfo (RoleInfo.java:updateAndGet(143)) - b4ae536c-ed18-4717-a75c-ca4b5d6c4001: start FollowerState
2019-10-24 15:43:53,472 [af280123-6372-4d1f-a5d4-c36229a73203@group-75C85B6D1182-LeaderElection49] INFO  impl.LeaderElection (LeaderElection.java:logAndReturn(56)) - af280123-6372-4d1f-a5d4-c36229a73203@group-75C85B6D1182-LeaderElection49: Election REJECTED; received 2 response(s) [af280123-6372-4d1f-a5d4-c36229a73203<-9092f221-0e0d-4970-bb84-cacd95020f21#0:FAIL-t32, af280123-6372-4d1f-a5d4-c36229a73203<-b4ae536c-ed18-4717-a75c-ca4b5d6c4001#0:FAIL-t32] and 0 exception(s); af280123-6372-4d1f-a5d4-c36229a73203@group-75C85B6D1182:t32, leader=null, voted=af280123-6372-4d1f-a5d4-c36229a73203, raftlog=af280123-6372-4d1f-a5d4-c36229a73203@group-75C85B6D1182-SegmentedRaftLog:OPENED:c-1,f-1,i0, conf=-1: [9092f221-0e0d-4970-bb84-cacd95020f21:192.168.164.213:41903, af280123-6372-4d1f-a5d4-c36229a73203:192.168.164.213:35334, b4ae536c-ed18-4717-a75c-ca4b5d6c4001:192.168.164.213:41180], old=null
2019-10-24 15:43:53,473 [af280123-6372-4d1f-a5d4-c36229a73203@group-75C85B6D1182-LeaderElection49] INFO  impl.RaftServerImpl (RaftServerImpl.java:setRole(184)) - af280123-6372-4d1f-a5d4-c36229a73203@group-75C85B6D1182: changes role from CANDIDATE to FOLLOWER at term 32 for DISCOVERED_A_NEW_TERM
2019-10-24 15:43:53,473 [af280123-6372-4d1f-a5d4-c36229a73203@group-75C85B6D1182-LeaderElection49] INFO  impl.RoleInfo (RoleInfo.java:shutdownLeaderElection(134)) - af280123-6372-4d1f-a5d4-c36229a73203: shutdown LeaderElection
2019-10-24 15:43:53,473 [af280123-6372-4d1f-a5d4-c36229a73203@group-75C85B6D1182-LeaderElection49] INFO  impl.RoleInfo (RoleInfo.java:updateAndGet(143)) - af280123-6372-4d1f-a5d4-c36229a73203: start FollowerState
2019-10-24 15:43:53,489 [Thread-714] INFO  impl.FollowerState (FollowerState.java:run(108)) - af280123-6372-4d1f-a5d4-c36229a73203@group-75C85B6D1182-FollowerState: change to CANDIDATE, lastRpcTime:16ms, electionTimeout:16ms
2019-10-24 15:43:53,490 [Thread-714] INFO  impl.RoleInfo (RoleInfo.java:shutdownFollowerState(121)) - af280123-6372-4d1f-a5d4-c36229a73203: shutdown FollowerState
2019-10-24 15:43:53,490 [Thread-714] INFO  impl.RaftServerImpl (RaftServerImpl.java:setRole(184)) - af280123-6372-4d1f-a5d4-c36229a73203@group-75C85B6D1182: changes role from  FOLLOWER to CANDIDATE at term 32 for changeToCandidate
2019-10-24 15:43:53,490 [Thread-714] INFO  impl.RoleInfo (RoleInfo.java:updateAndGet(143)) - af280123-6372-4d1f-a5d4-c36229a73203: start LeaderElection
2019-10-24 15:43:53,504 [af280123-6372-4d1f-a5d4-c36229a73203@group-75C85B6D1182-LeaderElection50] INFO  impl.LeaderElection (LeaderElection.java:askForVotes(178)) - af280123-6372-4d1f-a5d4-c36229a73203@group-75C85B6D1182-LeaderElection50: begin an election at term 33 for -1: [9092f221-0e0d-4970-bb84-cacd95020f21:192.168.164.213:41903, af280123-6372-4d1f-a5d4-c36229a73203:192.168.164.213:35334, b4ae536c-ed18-4717-a75c-ca4b5d6c4001:192.168.164.213:41180], old=null
2019-10-24 15:43:53,507 [grpc-default-executor-6] INFO  impl.RaftServerImpl (RaftServerImpl.java:setRole(184)) - b4ae536c-ed18-4717-a75c-ca4b5d6c4001@group-75C85B6D1182: changes role from  FOLLOWER to FOLLOWER at term 33 for recognizeCandidate:af280123-6372-4d1f-a5d4-c36229a73203
2019-10-24 15:43:53,507 [grpc-default-executor-8] INFO  impl.RaftServerImpl (RaftServerImpl.java:setRole(184)) - 9092f221-0e0d-4970-bb84-cacd95020f21@group-75C85B6D1182: changes role from  FOLLOWER to FOLLOWER at term 33 for recognizeCandidate:af280123-6372-4d1f-a5d4-c36229a73203
2019-10-24 15:43:53,507 [grpc-default-executor-8] INFO  impl.RoleInfo (RoleInfo.java:shutdownFollowerState(121)) - 9092f221-0e0d-4970-bb84-cacd95020f21: shutdown FollowerState
2019-10-24 15:43:53,507 [grpc-default-executor-6] INFO  impl.RoleInfo (RoleInfo.java:shutdownFollowerState(121)) - b4ae536c-ed18-4717-a75c-ca4b5d6c4001: shutdown FollowerState
2019-10-24 15:43:53,508 [Thread-712] INFO  impl.FollowerState (FollowerState.java:run(117)) - 9092f221-0e0d-4970-bb84-cacd95020f21@group-75C85B6D1182-FollowerState was interrupted: java.lang.InterruptedException: sleep interrupted
2019-10-24 15:43:53,508 [Thread-713] INFO  impl.FollowerState (FollowerState.java:run(117)) - b4ae536c-ed18-4717-a75c-ca4b5d6c4001@group-75C85B6D1182-FollowerState was interrupted: java.lang.InterruptedException: sleep interrupted
2019-10-24 15:43:53,507 [grpc-default-executor-8] INFO  impl.RoleInfo (RoleInfo.java:updateAndGet(143)) - 9092f221-0e0d-4970-bb84-cacd95020f21: start FollowerState
2019-10-24 15:43:53,508 [grpc-default-executor-6] INFO  impl.RoleInfo (RoleInfo.java:updateAndGet(143)) - b4ae536c-ed18-4717-a75c-ca4b5d6c4001: start FollowerState
2019-10-24 15:43:53,523 [af280123-6372-4d1f-a5d4-c36229a73203@group-75C85B6D1182-LeaderElection50] INFO  impl.LeaderElection (LeaderElection.java:logAndReturn(56)) - af280123-6372-4d1f-a5d4-c36229a73203@group-75C85B6D1182-LeaderElection50: Election REJECTED; received 2 response(s) [af280123-6372-4d1f-a5d4-c36229a73203<-9092f221-0e0d-4970-bb84-cacd95020f21#0:FAIL-t33, af280123-6372-4d1f-a5d4-c36229a73203<-b4ae536c-ed18-4717-a75c-ca4b5d6c4001#0:FAIL-t33] and 0 exception(s); af280123-6372-4d1f-a5d4-c36229a73203@group-75C85B6D1182:t33, leader=null, voted=af280123-6372-4d1f-a5d4-c36229a73203, raftlog=af280123-6372-4d1f-a5d4-c36229a73203@group-75C85B6D1182-SegmentedRaftLog:OPENED:c-1,f-1,i0, conf=-1: [9092f221-0e0d-4970-bb84-cacd95020f21:192.168.164.213:41903, af280123-6372-4d1f-a5d4-c36229a73203:192.168.164.213:35334, b4ae536c-ed18-4717-a75c-ca4b5d6c4001:192.168.164.213:41180], old=null
2019-10-24 15:43:53,524 [af280123-6372-4d1f-a5d4-c36229a73203@group-75C85B6D1182-LeaderElection50] INFO  impl.RaftServerImpl (RaftServerImpl.java:setRole(184)) - af280123-6372-4d1f-a5d4-c36229a73203@group-75C85B6D1182: changes role from CANDIDATE to FOLLOWER at term 33 for DISCOVERED_A_NEW_TERM
2019-10-24 15:43:53,524 [af280123-6372-4d1f-a5d4-c36229a73203@group-75C85B6D1182-LeaderElection50] INFO  impl.RoleInfo (RoleInfo.java:shutdownLeaderElection(134)) - af280123-6372-4d1f-a5d4-c36229a73203: shutdown LeaderElection
2019-10-24 15:43:53,524 [af280123-6372-4d1f-a5d4-c36229a73203@group-75C85B6D1182-LeaderElection50] INFO  impl.RoleInfo (RoleInfo.java:updateAndGet(143)) - af280123-6372-4d1f-a5d4-c36229a73203: start FollowerState
2019-10-24 15:43:53,664 [Thread-720] INFO  impl.FollowerState (FollowerState.java:run(108)) - af280123-6372-4d1f-a5d4-c36229a73203@group-75C85B6D1182-FollowerState: change to CANDIDATE, lastRpcTime:140ms, electionTimeout:140ms
2019-10-24 15:43:53,665 [Thread-720] INFO  impl.RoleInfo (RoleInfo.java:shutdownFollowerState(121)) - af280123-6372-4d1f-a5d4-c36229a73203: shutdown FollowerState
2019-10-24 15:43:53,665 [Thread-720] INFO  impl.RaftServerImpl (RaftServerImpl.java:setRole(184)) - af280123-6372-4d1f-a5d4-c36229a73203@group-75C85B6D1182: changes role from  FOLLOWER to CANDIDATE at term 33 for changeToCandidate
2019-10-24 15:43:53,665 [Thread-720] INFO  impl.RoleInfo (RoleInfo.java:updateAndGet(143)) - af280123-6372-4d1f-a5d4-c36229a73203: start LeaderElection
2019-10-24 15:43:53,687 [af280123-6372-4d1f-a5d4-c36229a73203@group-75C85B6D1182-LeaderElection51] INFO  impl.LeaderElection (LeaderElection.java:askForVotes(178)) - af280123-6372-4d1f-a5d4-c36229a73203@group-75C85B6D1182-LeaderElection51: begin an election at term 34 for -1: [9092f221-0e0d-4970-bb84-cacd95020f21:192.168.164.213:41903, af280123-6372-4d1f-a5d4-c36229a73203:192.168.164.213:35334, b4ae536c-ed18-4717-a75c-ca4b5d6c4001:192.168.164.213:41180], old=null
2019-10-24 15:43:53,693 [grpc-default-executor-8] INFO  impl.RaftServerImpl (RaftServerImpl.java:setRole(184)) - 9092f221-0e0d-4970-bb84-cacd95020f21@group-75C85B6D1182: changes role from  FOLLOWER to FOLLOWER at term 34 for recognizeCandidate:af280123-6372-4d1f-a5d4-c36229a73203
2019-10-24 15:43:53,693 [grpc-default-executor-6] INFO  impl.RaftServerImpl (RaftServerImpl.java:setRole(184)) - b4ae536c-ed18-4717-a75c-ca4b5d6c4001@group-75C85B6D1182: changes role from  FOLLOWER to FOLLOWER at term 34 for recognizeCandidate:af280123-6372-4d1f-a5d4-c36229a73203
2019-10-24 15:43:53,694 [grpc-default-executor-8] INFO  impl.RoleInfo (RoleInfo.java:shutdownFollowerState(121)) - 9092f221-0e0d-4970-bb84-cacd95020f21: shutdown FollowerState
2019-10-24 15:43:53,694 [grpc-default-executor-6] INFO  impl.RoleInfo (RoleInfo.java:shutdownFollowerState(121)) - b4ae536c-ed18-4717-a75c-ca4b5d6c4001: shutdown FollowerState
2019-10-24 15:43:53,694 [Thread-718] INFO  impl.FollowerState (FollowerState.java:run(117)) - 9092f221-0e0d-4970-bb84-cacd95020f21@group-75C85B6D1182-FollowerState was interrupted: java.lang.InterruptedException: sleep interrupted
2019-10-24 15:43:53,694 [Thread-719] INFO  impl.FollowerState (FollowerState.java:run(117)) - b4ae536c-ed18-4717-a75c-ca4b5d6c4001@group-75C85B6D1182-FollowerState was interrupted: java.lang.InterruptedException: sleep interrupted
2019-10-24 15:43:53,694 [grpc-default-executor-8] INFO  impl.RoleInfo (RoleInfo.java:updateAndGet(143)) - 9092f221-0e0d-4970-bb84-cacd95020f21: start FollowerState
2019-10-24 15:43:53,694 [grpc-default-executor-6] INFO  impl.RoleInfo (RoleInfo.java:updateAndGet(143)) - b4ae536c-ed18-4717-a75c-ca4b5d6c4001: start FollowerState
2019-10-24 15:43:53,706 [af280123-6372-4d1f-a5d4-c36229a73203@group-75C85B6D1182-LeaderElection51] INFO  impl.LeaderElection (LeaderElection.java:logAndReturn(56)) - af280123-6372-4d1f-a5d4-c36229a73203@group-75C85B6D1182-LeaderElection51: Election REJECTED; received 2 response(s) [af280123-6372-4d1f-a5d4-c36229a73203<-9092f221-0e0d-4970-bb84-cacd95020f21#0:FAIL-t34, af280123-6372-4d1f-a5d4-c36229a73203<-b4ae536c-ed18-4717-a75c-ca4b5d6c4001#0:FAIL-t34] and 0 exception(s); af280123-6372-4d1f-a5d4-c36229a73203@group-75C85B6D1182:t34, leader=null, voted=af280123-6372-4d1f-a5d4-c36229a73203, raftlog=af280123-6372-4d1f-a5d4-c36229a73203@group-75C85B6D1182-SegmentedRaftLog:OPENED:c-1,f-1,i0, conf=-1: [9092f221-0e0d-4970-bb84-cacd95020f21:192.168.164.213:41903, af280123-6372-4d1f-a5d4-c36229a73203:192.168.164.213:35334, b4ae536c-ed18-4717-a75c-ca4b5d6c4001:192.168.164.213:41180], old=null
2019-10-24 15:43:53,707 [af280123-6372-4d1f-a5d4-c36229a73203@group-75C85B6D1182-LeaderElection51] INFO  impl.RaftServerImpl (RaftServerImpl.java:setRole(184)) - af280123-6372-4d1f-a5d4-c36229a73203@group-75C85B6D1182: changes role from CANDIDATE to FOLLOWER at term 34 for DISCOVERED_A_NEW_TERM
2019-10-24 15:43:53,707 [af280123-6372-4d1f-a5d4-c36229a73203@group-75C85B6D1182-LeaderElection51] INFO  impl.RoleInfo (RoleInfo.java:shutdownLeaderElection(134)) - af280123-6372-4d1f-a5d4-c36229a73203: shutdown LeaderElection
2019-10-24 15:43:53,707 [af280123-6372-4d1f-a5d4-c36229a73203@group-75C85B6D1182-LeaderElection51] INFO  impl.RoleInfo (RoleInfo.java:updateAndGet(143)) - af280123-6372-4d1f-a5d4-c36229a73203: start FollowerState
2019-10-24 15:43:53,823 [Thread-726] INFO  impl.FollowerState (FollowerState.java:run(108)) - af280123-6372-4d1f-a5d4-c36229a73203@group-75C85B6D1182-FollowerState: change to CANDIDATE, lastRpcTime:116ms, electionTimeout:116ms
2019-10-24 15:43:53,824 [Thread-726] INFO  impl.RoleInfo (RoleInfo.java:shutdownFollowerState(121)) - af280123-6372-4d1f-a5d4-c36229a73203: shutdown FollowerState
2019-10-24 15:43:53,824 [Thread-726] INFO  impl.RaftServerImpl (RaftServerImpl.java:setRole(184)) - af280123-6372-4d1f-a5d4-c36229a73203@group-75C85B6D1182: changes role from  FOLLOWER to CANDIDATE at term 34 for changeToCandidate
2019-10-24 15:43:53,824 [Thread-726] INFO  impl.RoleInfo (RoleInfo.java:updateAndGet(143)) - af280123-6372-4d1f-a5d4-c36229a73203: start LeaderElection
2019-10-24 15:43:53,837 [af280123-6372-4d1f-a5d4-c36229a73203@group-75C85B6D1182-LeaderElection52] INFO  impl.LeaderElection (LeaderElection.java:askForVotes(178)) - af280123-6372-4d1f-a5d4-c36229a73203@group-75C85B6D1182-LeaderElection52: begin an election at term 35 for -1: [9092f221-0e0d-4970-bb84-cacd95020f21:192.168.164.213:41903, af280123-6372-4d1f-a5d4-c36229a73203:192.168.164.213:35334, b4ae536c-ed18-4717-a75c-ca4b5d6c4001:192.168.164.213:41180], old=null
2019-10-24 15:43:53,841 [grpc-default-executor-6] INFO  impl.RaftServerImpl (RaftServerImpl.java:setRole(184)) - 9092f221-0e0d-4970-bb84-cacd95020f21@group-75C85B6D1182: changes role from  FOLLOWER to FOLLOWER at term 35 for recognizeCandidate:af280123-6372-4d1f-a5d4-c36229a73203
2019-10-24 15:43:53,841 [grpc-default-executor-6] INFO  impl.RoleInfo (RoleInfo.java:shutdownFollowerState(121)) - 9092f221-0e0d-4970-bb84-cacd95020f21: shutdown FollowerState
2019-10-24 15:43:53,841 [grpc-default-executor-8] INFO  impl.RaftServerImpl (RaftServerImpl.java:setRole(184)) - b4ae536c-ed18-4717-a75c-ca4b5d6c4001@group-75C85B6D1182: changes role from  FOLLOWER to FOLLOWER at term 35 for recognizeCandidate:af280123-6372-4d1f-a5d4-c36229a73203
2019-10-24 15:43:53,841 [Thread-724] INFO  impl.FollowerState (FollowerState.java:run(117)) - 9092f221-0e0d-4970-bb84-cacd95020f21@group-75C85B6D1182-FollowerState was interrupted: java.lang.InterruptedException: sleep interrupted
2019-10-24 15:43:53,841 [grpc-default-executor-6] INFO  impl.RoleInfo (RoleInfo.java:updateAndGet(143)) - 9092f221-0e0d-4970-bb84-cacd95020f21: start FollowerState
2019-10-24 15:43:53,841 [grpc-default-executor-8] INFO  impl.RoleInfo (RoleInfo.java:shutdownFollowerState(121)) - b4ae536c-ed18-4717-a75c-ca4b5d6c4001: shutdown FollowerState
2019-10-24 15:43:53,842 [grpc-default-executor-8] INFO  impl.RoleInfo (RoleInfo.java:updateAndGet(143)) - b4ae536c-ed18-4717-a75c-ca4b5d6c4001: start FollowerState
2019-10-24 15:43:53,842 [Thread-725] INFO  impl.FollowerState (FollowerState.java:run(117)) - b4ae536c-ed18-4717-a75c-ca4b5d6c4001@group-75C85B6D1182-FollowerState was interrupted: java.lang.InterruptedException: sleep interrupted
2019-10-24 15:43:53,859 [af280123-6372-4d1f-a5d4-c36229a73203@group-75C85B6D1182-LeaderElection52] INFO  impl.LeaderElection (LeaderElection.java:logAndReturn(56)) - af280123-6372-4d1f-a5d4-c36229a73203@group-75C85B6D1182-LeaderElection52: Election REJECTED; received 2 response(s) [af280123-6372-4d1f-a5d4-c36229a73203<-9092f221-0e0d-4970-bb84-cacd95020f21#0:FAIL-t35, af280123-6372-4d1f-a5d4-c36229a73203<-b4ae536c-ed18-4717-a75c-ca4b5d6c4001#0:FAIL-t35] and 0 exception(s); af280123-6372-4d1f-a5d4-c36229a73203@group-75C85B6D1182:t35, leader=null, voted=af280123-6372-4d1f-a5d4-c36229a73203, raftlog=af280123-6372-4d1f-a5d4-c36229a73203@group-75C85B6D1182-SegmentedRaftLog:OPENED:c-1,f-1,i0, conf=-1: [9092f221-0e0d-4970-bb84-cacd95020f21:192.168.164.213:41903, af280123-6372-4d1f-a5d4-c36229a73203:192.168.164.213:35334, b4ae536c-ed18-4717-a75c-ca4b5d6c4001:192.168.164.213:41180], old=null
2019-10-24 15:43:53,859 [af280123-6372-4d1f-a5d4-c36229a73203@group-75C85B6D1182-LeaderElection52] INFO  impl.RaftServerImpl (RaftServerImpl.java:setRole(184)) - af280123-6372-4d1f-a5d4-c36229a73203@group-75C85B6D1182: changes role from CANDIDATE to FOLLOWER at term 35 for DISCOVERED_A_NEW_TERM
2019-10-24 15:43:53,859 [af280123-6372-4d1f-a5d4-c36229a73203@group-75C85B6D1182-LeaderElection52] INFO  impl.RoleInfo (RoleInfo.java:shutdownLeaderElection(134)) - af280123-6372-4d1f-a5d4-c36229a73203: shutdown LeaderElection
2019-10-24 15:43:53,859 [af280123-6372-4d1f-a5d4-c36229a73203@group-75C85B6D1182-LeaderElection52] INFO  impl.RoleInfo (RoleInfo.java:updateAndGet(143)) - af280123-6372-4d1f-a5d4-c36229a73203: start FollowerState
2019-10-24 15:43:53,953 [Thread-732] INFO  impl.FollowerState (FollowerState.java:run(108)) - af280123-6372-4d1f-a5d4-c36229a73203@group-75C85B6D1182-FollowerState: change to CANDIDATE, lastRpcTime:93ms, electionTimeout:93ms
2019-10-24 15:43:53,953 [Thread-732] INFO  impl.RoleInfo (RoleInfo.java:shutdownFollowerState(121)) - af280123-6372-4d1f-a5d4-c36229a73203: shutdown FollowerState
2019-10-24 15:43:53,953 [Thread-732] INFO  impl.RaftServerImpl (RaftServerImpl.java:setRole(184)) - af280123-6372-4d1f-a5d4-c36229a73203@group-75C85B6D1182: changes role from  FOLLOWER to CANDIDATE at term 35 for changeToCandidate
2019-10-24 15:43:53,953 [Thread-732] INFO  impl.RoleInfo (RoleInfo.java:updateAndGet(143)) - af280123-6372-4d1f-a5d4-c36229a73203: start LeaderElection
2019-10-24 15:43:53,968 [af280123-6372-4d1f-a5d4-c36229a73203@group-75C85B6D1182-LeaderElection53] INFO  impl.LeaderElection (LeaderElection.java:askForVotes(178)) - af280123-6372-4d1f-a5d4-c36229a73203@group-75C85B6D1182-LeaderElection53: begin an election at term 36 for -1: [9092f221-0e0d-4970-bb84-cacd95020f21:192.168.164.213:41903, af280123-6372-4d1f-a5d4-c36229a73203:192.168.164.213:35334, b4ae536c-ed18-4717-a75c-ca4b5d6c4001:192.168.164.213:41180], old=null
2019-10-24 15:43:53,971 [grpc-default-executor-2] INFO  impl.RaftServerImpl (RaftServerImpl.java:setRole(184)) - 9092f221-0e0d-4970-bb84-cacd95020f21@group-75C85B6D1182: changes role from  FOLLOWER to FOLLOWER at term 36 for recognizeCandidate:af280123-6372-4d1f-a5d4-c36229a73203
2019-10-24 15:43:53,971 [grpc-default-executor-2] INFO  impl.RoleInfo (RoleInfo.java:shutdownFollowerState(121)) - 9092f221-0e0d-4970-bb84-cacd95020f21: shutdown FollowerState
2019-10-24 15:43:53,971 [grpc-default-executor-8] INFO  impl.RaftServerImpl (RaftServerImpl.java:setRole(184)) - b4ae536c-ed18-4717-a75c-ca4b5d6c4001@group-75C85B6D1182: changes role from  FOLLOWER to FOLLOWER at term 36 for recognizeCandidate:af280123-6372-4d1f-a5d4-c36229a73203
2019-10-24 15:43:53,971 [Thread-730] INFO  impl.FollowerState (FollowerState.java:run(117)) - 9092f221-0e0d-4970-bb84-cacd95020f21@group-75C85B6D1182-FollowerState was interrupted: java.lang.InterruptedException: sleep interrupted
2019-10-24 15:43:53,971 [grpc-default-executor-2] INFO  impl.RoleInfo (RoleInfo.java:updateAndGet(143)) - 9092f221-0e0d-4970-bb84-cacd95020f21: start FollowerState
2019-10-24 15:43:53,971 [grpc-default-executor-8] INFO  impl.RoleInfo (RoleInfo.java:shutdownFollowerState(121)) - b4ae536c-ed18-4717-a75c-ca4b5d6c4001: shutdown FollowerState
2019-10-24 15:43:53,972 [Thread-731] INFO  impl.FollowerState (FollowerState.java:run(117)) - b4ae536c-ed18-4717-a75c-ca4b5d6c4001@group-75C85B6D1182-FollowerState was interrupted: java.lang.InterruptedException: sleep interrupted
2019-10-24 15:43:53,972 [grpc-default-executor-8] INFO  impl.RoleInfo (RoleInfo.java:updateAndGet(143)) - b4ae536c-ed18-4717-a75c-ca4b5d6c4001: start FollowerState
2019-10-24 15:43:53,987 [af280123-6372-4d1f-a5d4-c36229a73203@group-75C85B6D1182-LeaderElection53] INFO  impl.LeaderElection (LeaderElection.java:logAndReturn(56)) - af280123-6372-4d1f-a5d4-c36229a73203@group-75C85B6D1182-LeaderElection53: Election REJECTED; received 2 response(s) [af280123-6372-4d1f-a5d4-c36229a73203<-9092f221-0e0d-4970-bb84-cacd95020f21#0:FAIL-t36, af280123-6372-4d1f-a5d4-c36229a73203<-b4ae536c-ed18-4717-a75c-ca4b5d6c4001#0:FAIL-t36] and 0 exception(s); af280123-6372-4d1f-a5d4-c36229a73203@group-75C85B6D1182:t36, leader=null, voted=af280123-6372-4d1f-a5d4-c36229a73203, raftlog=af280123-6372-4d1f-a5d4-c36229a73203@group-75C85B6D1182-SegmentedRaftLog:OPENED:c-1,f-1,i0, conf=-1: [9092f221-0e0d-4970-bb84-cacd95020f21:192.168.164.213:41903, af280123-6372-4d1f-a5d4-c36229a73203:192.168.164.213:35334, b4ae536c-ed18-4717-a75c-ca4b5d6c4001:192.168.164.213:41180], old=null
2019-10-24 15:43:53,987 [af280123-6372-4d1f-a5d4-c36229a73203@group-75C85B6D1182-LeaderElection53] INFO  impl.RaftServerImpl (RaftServerImpl.java:setRole(184)) - af280123-6372-4d1f-a5d4-c36229a73203@group-75C85B6D1182: changes role from CANDIDATE to FOLLOWER at term 36 for DISCOVERED_A_NEW_TERM
2019-10-24 15:43:53,987 [af280123-6372-4d1f-a5d4-c36229a73203@group-75C85B6D1182-LeaderElection53] INFO  impl.RoleInfo (RoleInfo.java:shutdownLeaderElection(134)) - af280123-6372-4d1f-a5d4-c36229a73203: shutdown LeaderElection
2019-10-24 15:43:53,987 [af280123-6372-4d1f-a5d4-c36229a73203@group-75C85B6D1182-LeaderElection53] INFO  impl.RoleInfo (RoleInfo.java:updateAndGet(143)) - af280123-6372-4d1f-a5d4-c36229a73203: start FollowerState
2019-10-24 15:43:54,147 [Thread-742] INFO  impl.FollowerState (FollowerState.java:run(108)) - af280123-6372-4d1f-a5d4-c36229a73203@group-75C85B6D1182-FollowerState: change to CANDIDATE, lastRpcTime:159ms, electionTimeout:159ms
2019-10-24 15:43:54,147 [Thread-742] INFO  impl.RoleInfo (RoleInfo.java:shutdownFollowerState(121)) - af280123-6372-4d1f-a5d4-c36229a73203: shutdown FollowerState
2019-10-24 15:43:54,147 [Thread-742] INFO  impl.RaftServerImpl (RaftServerImpl.java:setRole(184)) - af280123-6372-4d1f-a5d4-c36229a73203@group-75C85B6D1182: changes role from  FOLLOWER to CANDIDATE at term 36 for changeToCandidate
2019-10-24 15:43:54,147 [Thread-742] INFO  impl.RoleInfo (RoleInfo.java:updateAndGet(143)) - af280123-6372-4d1f-a5d4-c36229a73203: start LeaderElection
2019-10-24 15:43:54,162 [af280123-6372-4d1f-a5d4-c36229a73203@group-75C85B6D1182-LeaderElection54] INFO  impl.LeaderElection (LeaderElection.java:askForVotes(178)) - af280123-6372-4d1f-a5d4-c36229a73203@group-75C85B6D1182-LeaderElection54: begin an election at term 37 for -1: [9092f221-0e0d-4970-bb84-cacd95020f21:192.168.164.213:41903, af280123-6372-4d1f-a5d4-c36229a73203:192.168.164.213:35334, b4ae536c-ed18-4717-a75c-ca4b5d6c4001:192.168.164.213:41180], old=null
2019-10-24 15:43:54,165 [grpc-default-executor-8] INFO  impl.RaftServerImpl (RaftServerImpl.java:setRole(184)) - 9092f221-0e0d-4970-bb84-cacd95020f21@group-75C85B6D1182: changes role from  FOLLOWER to FOLLOWER at term 37 for recognizeCandidate:af280123-6372-4d1f-a5d4-c36229a73203
2019-10-24 15:43:54,165 [grpc-default-executor-2] INFO  impl.RaftServerImpl (RaftServerImpl.java:setRole(184)) - b4ae536c-ed18-4717-a75c-ca4b5d6c4001@group-75C85B6D1182: changes role from  FOLLOWER to FOLLOWER at term 37 for recognizeCandidate:af280123-6372-4d1f-a5d4-c36229a73203
2019-10-24 15:43:54,166 [grpc-default-executor-8] INFO  impl.RoleInfo (RoleInfo.java:shutdownFollowerState(121)) - 9092f221-0e0d-4970-bb84-cacd95020f21: shutdown FollowerState
2019-10-24 15:43:54,166 [grpc-default-executor-2] INFO  impl.RoleInfo (RoleInfo.java:shutdownFollowerState(121)) - b4ae536c-ed18-4717-a75c-ca4b5d6c4001: shutdown FollowerState
2019-10-24 15:43:54,166 [Thread-740] INFO  impl.FollowerState (FollowerState.java:run(117)) - 9092f221-0e0d-4970-bb84-cacd95020f21@group-75C85B6D1182-FollowerState was interrupted: java.lang.InterruptedException: sleep interrupted
2019-10-24 15:43:54,166 [grpc-default-executor-8] INFO  impl.RoleInfo (RoleInfo.java:updateAndGet(143)) - 9092f221-0e0d-4970-bb84-cacd95020f21: start FollowerState
2019-10-24 15:43:54,166 [grpc-default-executor-2] INFO  impl.RoleInfo (RoleInfo.java:updateAndGet(143)) - b4ae536c-ed18-4717-a75c-ca4b5d6c4001: start FollowerState
2019-10-24 15:43:54,166 [Thread-741] INFO  impl.FollowerState (FollowerState.java:run(117)) - b4ae536c-ed18-4717-a75c-ca4b5d6c4001@group-75C85B6D1182-FollowerState was interrupted: java.lang.InterruptedException: sleep interrupted
2019-10-24 15:43:54,181 [af280123-6372-4d1f-a5d4-c36229a73203@group-75C85B6D1182-LeaderElection54] INFO  impl.LeaderElection (LeaderElection.java:logAndReturn(56)) - af280123-6372-4d1f-a5d4-c36229a73203@group-75C85B6D1182-LeaderElection54: Election REJECTED; received 2 response(s) [af280123-6372-4d1f-a5d4-c36229a73203<-9092f221-0e0d-4970-bb84-cacd95020f21#0:FAIL-t37, af280123-6372-4d1f-a5d4-c36229a73203<-b4ae536c-ed18-4717-a75c-ca4b5d6c4001#0:FAIL-t37] and 0 exception(s); af280123-6372-4d1f-a5d4-c36229a73203@group-75C85B6D1182:t37, leader=null, voted=af280123-6372-4d1f-a5d4-c36229a73203, raftlog=af280123-6372-4d1f-a5d4-c36229a73203@group-75C85B6D1182-SegmentedRaftLog:OPENED:c-1,f-1,i0, conf=-1: [9092f221-0e0d-4970-bb84-cacd95020f21:192.168.164.213:41903, af280123-6372-4d1f-a5d4-c36229a73203:192.168.164.213:35334, b4ae536c-ed18-4717-a75c-ca4b5d6c4001:192.168.164.213:41180], old=null
2019-10-24 15:43:54,182 [af280123-6372-4d1f-a5d4-c36229a73203@group-75C85B6D1182-LeaderElection54] INFO  impl.RaftServerImpl (RaftServerImpl.java:setRole(184)) - af280123-6372-4d1f-a5d4-c36229a73203@group-75C85B6D1182: changes role from CANDIDATE to FOLLOWER at term 37 for DISCOVERED_A_NEW_TERM
2019-10-24 15:43:54,182 [af280123-6372-4d1f-a5d4-c36229a73203@group-75C85B6D1182-LeaderElection54] INFO  impl.RoleInfo (RoleInfo.java:shutdownLeaderElection(134)) - af280123-6372-4d1f-a5d4-c36229a73203: shutdown LeaderElection
2019-10-24 15:43:54,182 [af280123-6372-4d1f-a5d4-c36229a73203@group-75C85B6D1182-LeaderElection54] INFO  impl.RoleInfo (RoleInfo.java:updateAndGet(143)) - af280123-6372-4d1f-a5d4-c36229a73203: start FollowerState
2019-10-24 15:43:54,354 [Thread-748] INFO  impl.FollowerState (FollowerState.java:run(108)) - af280123-6372-4d1f-a5d4-c36229a73203@group-75C85B6D1182-FollowerState: change to CANDIDATE, lastRpcTime:172ms, electionTimeout:172ms
2019-10-24 15:43:54,355 [Thread-748] INFO  impl.RoleInfo (RoleInfo.java:shutdownFollowerState(121)) - af280123-6372-4d1f-a5d4-c36229a73203: shutdown FollowerState
2019-10-24 15:43:54,355 [Thread-748] INFO  impl.RaftServerImpl (RaftServerImpl.java:setRole(184)) - af280123-6372-4d1f-a5d4-c36229a73203@group-75C85B6D1182: changes role from  FOLLOWER to CANDIDATE at term 37 for changeToCandidate
2019-10-24 15:43:54,355 [Thread-748] INFO  impl.RoleInfo (RoleInfo.java:updateAndGet(143)) - af280123-6372-4d1f-a5d4-c36229a73203: start LeaderElection
2019-10-24 15:43:54,370 [af280123-6372-4d1f-a5d4-c36229a73203@group-75C85B6D1182-LeaderElection55] INFO  impl.LeaderElection (LeaderElection.java:askForVotes(178)) - af280123-6372-4d1f-a5d4-c36229a73203@group-75C85B6D1182-LeaderElection55: begin an election at term 38 for -1: [9092f221-0e0d-4970-bb84-cacd95020f21:192.168.164.213:41903, af280123-6372-4d1f-a5d4-c36229a73203:192.168.164.213:35334, b4ae536c-ed18-4717-a75c-ca4b5d6c4001:192.168.164.213:41180], old=null
2019-10-24 15:43:54,388 [grpc-default-executor-2] INFO  impl.RaftServerImpl (RaftServerImpl.java:setRole(184)) - b4ae536c-ed18-4717-a75c-ca4b5d6c4001@group-75C85B6D1182: changes role from  FOLLOWER to FOLLOWER at term 38 for recognizeCandidate:af280123-6372-4d1f-a5d4-c36229a73203
2019-10-24 15:43:54,388 [grpc-default-executor-8] INFO  impl.RaftServerImpl (RaftServerImpl.java:setRole(184)) - 9092f221-0e0d-4970-bb84-cacd95020f21@group-75C85B6D1182: changes role from  FOLLOWER to FOLLOWER at term 38 for recognizeCandidate:af280123-6372-4d1f-a5d4-c36229a73203
2019-10-24 15:43:54,388 [grpc-default-executor-2] INFO  impl.RoleInfo (RoleInfo.java:shutdownFollowerState(121)) - b4ae536c-ed18-4717-a75c-ca4b5d6c4001: shutdown FollowerState
2019-10-24 15:43:54,389 [grpc-default-executor-8] INFO  impl.RoleInfo (RoleInfo.java:shutdownFollowerState(121)) - 9092f221-0e0d-4970-bb84-cacd95020f21: shutdown FollowerState
2019-10-24 15:43:54,389 [Thread-747] INFO  impl.FollowerState (FollowerState.java:run(117)) - b4ae536c-ed18-4717-a75c-ca4b5d6c4001@group-75C85B6D1182-FollowerState was interrupted: java.lang.InterruptedException: sleep interrupted
2019-10-24 15:43:54,389 [grpc-default-executor-2] INFO  impl.RoleInfo (RoleInfo.java:updateAndGet(143)) - b4ae536c-ed18-4717-a75c-ca4b5d6c4001: start FollowerState
2019-10-24 15:43:54,389 [Thread-746] INFO  impl.FollowerState (FollowerState.java:run(117)) - 9092f221-0e0d-4970-bb84-cacd95020f21@group-75C85B6D1182-FollowerState was interrupted: java.lang.InterruptedException: sleep interrupted
2019-10-24 15:43:54,389 [grpc-default-executor-8] INFO  impl.RoleInfo (RoleInfo.java:updateAndGet(143)) - 9092f221-0e0d-4970-bb84-cacd95020f21: start FollowerState
2019-10-24 15:43:54,405 [af280123-6372-4d1f-a5d4-c36229a73203@group-75C85B6D1182-LeaderElection55] INFO  impl.LeaderElection (LeaderElection.java:logAndReturn(56)) - af280123-6372-4d1f-a5d4-c36229a73203@group-75C85B6D1182-LeaderElection55: Election REJECTED; received 2 response(s) [af280123-6372-4d1f-a5d4-c36229a73203<-9092f221-0e0d-4970-bb84-cacd95020f21#0:FAIL-t38, af280123-6372-4d1f-a5d4-c36229a73203<-b4ae536c-ed18-4717-a75c-ca4b5d6c4001#0:FAIL-t38] and 0 exception(s); af280123-6372-4d1f-a5d4-c36229a73203@group-75C85B6D1182:t38, leader=null, voted=af280123-6372-4d1f-a5d4-c36229a73203, raftlog=af280123-6372-4d1f-a5d4-c36229a73203@group-75C85B6D1182-SegmentedRaftLog:OPENED:c-1,f-1,i0, conf=-1: [9092f221-0e0d-4970-bb84-cacd95020f21:192.168.164.213:41903, af280123-6372-4d1f-a5d4-c36229a73203:192.168.164.213:35334, b4ae536c-ed18-4717-a75c-ca4b5d6c4001:192.168.164.213:41180], old=null
2019-10-24 15:43:54,405 [af280123-6372-4d1f-a5d4-c36229a73203@group-75C85B6D1182-LeaderElection55] INFO  impl.RaftServerImpl (RaftServerImpl.java:setRole(184)) - af280123-6372-4d1f-a5d4-c36229a73203@group-75C85B6D1182: changes role from CANDIDATE to FOLLOWER at term 38 for DISCOVERED_A_NEW_TERM
2019-10-24 15:43:54,405 [af280123-6372-4d1f-a5d4-c36229a73203@group-75C85B6D1182-LeaderElection55] INFO  impl.RoleInfo (RoleInfo.java:shutdownLeaderElection(134)) - af280123-6372-4d1f-a5d4-c36229a73203: shutdown LeaderElection
2019-10-24 15:43:54,406 [af280123-6372-4d1f-a5d4-c36229a73203@group-75C85B6D1182-LeaderElection55] INFO  impl.RoleInfo (RoleInfo.java:updateAndGet(143)) - af280123-6372-4d1f-a5d4-c36229a73203: start FollowerState
2019-10-24 15:43:54,578 [Thread-756] INFO  impl.FollowerState (FollowerState.java:run(108)) - af280123-6372-4d1f-a5d4-c36229a73203@group-75C85B6D1182-FollowerState: change to CANDIDATE, lastRpcTime:172ms, electionTimeout:172ms
2019-10-24 15:43:54,578 [Thread-756] INFO  impl.RoleInfo (RoleInfo.java:shutdownFollowerState(121)) - af280123-6372-4d1f-a5d4-c36229a73203: shutdown FollowerState
2019-10-24 15:43:54,578 [Thread-756] INFO  impl.RaftServerImpl (RaftServerImpl.java:setRole(184)) - af280123-6372-4d1f-a5d4-c36229a73203@group-75C85B6D1182: changes role from  FOLLOWER to CANDIDATE at term 38 for changeToCandidate
2019-10-24 15:43:54,579 [Thread-756] INFO  impl.RoleInfo (RoleInfo.java:updateAndGet(143)) - af280123-6372-4d1f-a5d4-c36229a73203: start LeaderElection
2019-10-24 15:43:54,604 [af280123-6372-4d1f-a5d4-c36229a73203@group-75C85B6D1182-LeaderElection56] INFO  impl.LeaderElection (LeaderElection.java:askForVotes(178)) - af280123-6372-4d1f-a5d4-c36229a73203@group-75C85B6D1182-LeaderElection56: begin an election at term 39 for -1: [9092f221-0e0d-4970-bb84-cacd95020f21:192.168.164.213:41903, af280123-6372-4d1f-a5d4-c36229a73203:192.168.164.213:35334, b4ae536c-ed18-4717-a75c-ca4b5d6c4001:192.168.164.213:41180], old=null
2019-10-24 15:43:54,608 [grpc-default-executor-4] INFO  impl.RaftServerImpl (RaftServerImpl.java:setRole(184)) - b4ae536c-ed18-4717-a75c-ca4b5d6c4001@group-75C85B6D1182: changes role from  FOLLOWER to FOLLOWER at term 39 for recognizeCandidate:af280123-6372-4d1f-a5d4-c36229a73203
2019-10-24 15:43:54,608 [grpc-default-executor-8] INFO  impl.RaftServerImpl (RaftServerImpl.java:setRole(184)) - 9092f221-0e0d-4970-bb84-cacd95020f21@group-75C85B6D1182: changes role from  FOLLOWER to FOLLOWER at term 39 for recognizeCandidate:af280123-6372-4d1f-a5d4-c36229a73203
2019-10-24 15:43:54,608 [grpc-default-executor-4] INFO  impl.RoleInfo (RoleInfo.java:shutdownFollowerState(121)) - b4ae536c-ed18-4717-a75c-ca4b5d6c4001: shutdown FollowerState
2019-10-24 15:43:54,608 [grpc-default-executor-8] INFO  impl.RoleInfo (RoleInfo.java:shutdownFollowerState(121)) - 9092f221-0e0d-4970-bb84-cacd95020f21: shutdown FollowerState
2019-10-24 15:43:54,608 [grpc-default-executor-4] INFO  impl.RoleInfo (RoleInfo.java:updateAndGet(143)) - b4ae536c-ed18-4717-a75c-ca4b5d6c4001: start FollowerState
2019-10-24 15:43:54,608 [Thread-754] INFO  impl.FollowerState (FollowerState.java:run(117)) - b4ae536c-ed18-4717-a75c-ca4b5d6c4001@group-75C85B6D1182-FollowerState was interrupted: java.lang.InterruptedException: sleep interrupted
2019-10-24 15:43:54,609 [Thread-755] INFO  impl.FollowerState (FollowerState.java:run(117)) - 9092f221-0e0d-4970-bb84-cacd95020f21@group-75C85B6D1182-FollowerState was interrupted: java.lang.InterruptedException: sleep interrupted
2019-10-24 15:43:54,609 [grpc-default-executor-8] INFO  impl.RoleInfo (RoleInfo.java:updateAndGet(143)) - 9092f221-0e0d-4970-bb84-cacd95020f21: start FollowerState
2019-10-24 15:43:54,624 [af280123-6372-4d1f-a5d4-c36229a73203@group-75C85B6D1182-LeaderElection56] INFO  impl.LeaderElection (LeaderElection.java:logAndReturn(56)) - af280123-6372-4d1f-a5d4-c36229a73203@group-75C85B6D1182-LeaderElection56: Election REJECTED; received 2 response(s) [af280123-6372-4d1f-a5d4-c36229a73203<-9092f221-0e0d-4970-bb84-cacd95020f21#0:FAIL-t39, af280123-6372-4d1f-a5d4-c36229a73203<-b4ae536c-ed18-4717-a75c-ca4b5d6c4001#0:FAIL-t39] and 0 exception(s); af280123-6372-4d1f-a5d4-c36229a73203@group-75C85B6D1182:t39, leader=null, voted=af280123-6372-4d1f-a5d4-c36229a73203, raftlog=af280123-6372-4d1f-a5d4-c36229a73203@group-75C85B6D1182-SegmentedRaftLog:OPENED:c-1,f-1,i0, conf=-1: [9092f221-0e0d-4970-bb84-cacd95020f21:192.168.164.213:41903, af280123-6372-4d1f-a5d4-c36229a73203:192.168.164.213:35334, b4ae536c-ed18-4717-a75c-ca4b5d6c4001:192.168.164.213:41180], old=null
2019-10-24 15:43:54,624 [af280123-6372-4d1f-a5d4-c36229a73203@group-75C85B6D1182-LeaderElection56] INFO  impl.RaftServerImpl (RaftServerImpl.java:setRole(184)) - af280123-6372-4d1f-a5d4-c36229a73203@group-75C85B6D1182: changes role from CANDIDATE to FOLLOWER at term 39 for DISCOVERED_A_NEW_TERM
2019-10-24 15:43:54,624 [af280123-6372-4d1f-a5d4-c36229a73203@group-75C85B6D1182-LeaderElection56] INFO  impl.RoleInfo (RoleInfo.java:shutdownLeaderElection(134)) - af280123-6372-4d1f-a5d4-c36229a73203: shutdown LeaderElection
2019-10-24 15:43:54,624 [af280123-6372-4d1f-a5d4-c36229a73203@group-75C85B6D1182-LeaderElection56] INFO  impl.RoleInfo (RoleInfo.java:updateAndGet(143)) - af280123-6372-4d1f-a5d4-c36229a73203: start FollowerState
2019-10-24 15:43:54,669 [Thread-766] INFO  impl.FollowerState (FollowerState.java:run(108)) - af280123-6372-4d1f-a5d4-c36229a73203@group-75C85B6D1182-FollowerState: change to CANDIDATE, lastRpcTime:44ms, electionTimeout:44ms
2019-10-24 15:43:54,669 [Thread-766] INFO  impl.RoleInfo (RoleInfo.java:shutdownFollowerState(121)) - af280123-6372-4d1f-a5d4-c36229a73203: shutdown FollowerState
2019-10-24 15:43:54,669 [Thread-766] INFO  impl.RaftServerImpl (RaftServerImpl.java:setRole(184)) - af280123-6372-4d1f-a5d4-c36229a73203@group-75C85B6D1182: changes role from  FOLLOWER to CANDIDATE at term 39 for changeToCandidate
2019-10-24 15:43:54,669 [Thread-766] INFO  impl.RoleInfo (RoleInfo.java:updateAndGet(143)) - af280123-6372-4d1f-a5d4-c36229a73203: start LeaderElection
2019-10-24 15:43:54,683 [af280123-6372-4d1f-a5d4-c36229a73203@group-75C85B6D1182-LeaderElection57] INFO  impl.LeaderElection (LeaderElection.java:askForVotes(178)) - af280123-6372-4d1f-a5d4-c36229a73203@group-75C85B6D1182-LeaderElection57: begin an election at term 40 for -1: [9092f221-0e0d-4970-bb84-cacd95020f21:192.168.164.213:41903, af280123-6372-4d1f-a5d4-c36229a73203:192.168.164.213:35334, b4ae536c-ed18-4717-a75c-ca4b5d6c4001:192.168.164.213:41180], old=null
2019-10-24 15:43:54,685 [grpc-default-executor-8] INFO  impl.RaftServerImpl (RaftServerImpl.java:setRole(184)) - 9092f221-0e0d-4970-bb84-cacd95020f21@group-75C85B6D1182: changes role from  FOLLOWER to FOLLOWER at term 40 for recognizeCandidate:af280123-6372-4d1f-a5d4-c36229a73203
2019-10-24 15:43:54,685 [grpc-default-executor-4] INFO  impl.RaftServerImpl (RaftServerImpl.java:setRole(184)) - b4ae536c-ed18-4717-a75c-ca4b5d6c4001@group-75C85B6D1182: changes role from  FOLLOWER to FOLLOWER at term 40 for recognizeCandidate:af280123-6372-4d1f-a5d4-c36229a73203
2019-10-24 15:43:54,686 [grpc-default-executor-8] INFO  impl.RoleInfo (RoleInfo.java:shutdownFollowerState(121)) - 9092f221-0e0d-4970-bb84-cacd95020f21: shutdown FollowerState
2019-10-24 15:43:54,686 [grpc-default-executor-4] INFO  impl.RoleInfo (RoleInfo.java:shutdownFollowerState(121)) - b4ae536c-ed18-4717-a75c-ca4b5d6c4001: shutdown FollowerState
2019-10-24 15:43:54,686 [Thread-765] INFO  impl.FollowerState (FollowerState.java:run(117)) - 9092f221-0e0d-4970-bb84-cacd95020f21@group-75C85B6D1182-FollowerState was interrupted: java.lang.InterruptedException: sleep interrupted
2019-10-24 15:43:54,686 [Thread-764] INFO  impl.FollowerState (FollowerState.java:run(117)) - b4ae536c-ed18-4717-a75c-ca4b5d6c4001@group-75C85B6D1182-FollowerState was interrupted: java.lang.InterruptedException: sleep interrupted
2019-10-24 15:43:54,686 [grpc-default-executor-8] INFO  impl.RoleInfo (RoleInfo.java:updateAndGet(143)) - 9092f221-0e0d-4970-bb84-cacd95020f21: start FollowerState
2019-10-24 15:43:54,686 [grpc-default-executor-4] INFO  impl.RoleInfo (RoleInfo.java:updateAndGet(143)) - b4ae536c-ed18-4717-a75c-ca4b5d6c4001: start FollowerState
2019-10-24 15:43:54,701 [af280123-6372-4d1f-a5d4-c36229a73203@group-75C85B6D1182-LeaderElection57] INFO  impl.LeaderElection (LeaderElection.java:logAndReturn(56)) - af280123-6372-4d1f-a5d4-c36229a73203@group-75C85B6D1182-LeaderElection57: Election REJECTED; received 2 response(s) [af280123-6372-4d1f-a5d4-c36229a73203<-9092f221-0e0d-4970-bb84-cacd95020f21#0:FAIL-t40, af280123-6372-4d1f-a5d4-c36229a73203<-b4ae536c-ed18-4717-a75c-ca4b5d6c4001#0:FAIL-t40] and 0 exception(s); af280123-6372-4d1f-a5d4-c36229a73203@group-75C85B6D1182:t40, leader=null, voted=af280123-6372-4d1f-a5d4-c36229a73203, raftlog=af280123-6372-4d1f-a5d4-c36229a73203@group-75C85B6D1182-SegmentedRaftLog:OPENED:c-1,f-1,i0, conf=-1: [9092f221-0e0d-4970-bb84-cacd95020f21:192.168.164.213:41903, af280123-6372-4d1f-a5d4-c36229a73203:192.168.164.213:35334, b4ae536c-ed18-4717-a75c-ca4b5d6c4001:192.168.164.213:41180], old=null
2019-10-24 15:43:54,701 [af280123-6372-4d1f-a5d4-c36229a73203@group-75C85B6D1182-LeaderElection57] INFO  impl.RaftServerImpl (RaftServerImpl.java:setRole(184)) - af280123-6372-4d1f-a5d4-c36229a73203@group-75C85B6D1182: changes role from CANDIDATE to FOLLOWER at term 40 for DISCOVERED_A_NEW_TERM
2019-10-24 15:43:54,701 [af280123-6372-4d1f-a5d4-c36229a73203@group-75C85B6D1182-LeaderElection57] INFO  impl.RoleInfo (RoleInfo.java:shutdownLeaderElection(134)) - af280123-6372-4d1f-a5d4-c36229a73203: shutdown LeaderElection
2019-10-24 15:43:54,701 [af280123-6372-4d1f-a5d4-c36229a73203@group-75C85B6D1182-LeaderElection57] INFO  impl.RoleInfo (RoleInfo.java:updateAndGet(143)) - af280123-6372-4d1f-a5d4-c36229a73203: start FollowerState
2019-10-24 15:43:54,744 [Thread-772] INFO  impl.FollowerState (FollowerState.java:run(108)) - af280123-6372-4d1f-a5d4-c36229a73203@group-75C85B6D1182-FollowerState: change to CANDIDATE, lastRpcTime:42ms, electionTimeout:42ms
2019-10-24 15:43:54,744 [Thread-772] INFO  impl.RoleInfo (RoleInfo.java:shutdownFollowerState(121)) - af280123-6372-4d1f-a5d4-c36229a73203: shutdown FollowerState
2019-10-24 15:43:54,744 [Thread-772] INFO  impl.RaftServerImpl (RaftServerImpl.java:setRole(184)) - af280123-6372-4d1f-a5d4-c36229a73203@group-75C85B6D1182: changes role from  FOLLOWER to CANDIDATE at term 40 for changeToCandidate
2019-10-24 15:43:54,744 [Thread-772] INFO  impl.RoleInfo (RoleInfo.java:updateAndGet(143)) - af280123-6372-4d1f-a5d4-c36229a73203: start LeaderElection
2019-10-24 15:43:54,758 [af280123-6372-4d1f-a5d4-c36229a73203@group-75C85B6D1182-LeaderElection58] INFO  impl.LeaderElection (LeaderElection.java:askForVotes(178)) - af280123-6372-4d1f-a5d4-c36229a73203@group-75C85B6D1182-LeaderElection58: begin an election at term 41 for -1: [9092f221-0e0d-4970-bb84-cacd95020f21:192.168.164.213:41903, af280123-6372-4d1f-a5d4-c36229a73203:192.168.164.213:35334, b4ae536c-ed18-4717-a75c-ca4b5d6c4001:192.168.164.213:41180], old=null
2019-10-24 15:43:54,760 [grpc-default-executor-8] INFO  impl.RaftServerImpl (RaftServerImpl.java:setRole(184)) - 9092f221-0e0d-4970-bb84-cacd95020f21@group-75C85B6D1182: changes role from  FOLLOWER to FOLLOWER at term 41 for recognizeCandidate:af280123-6372-4d1f-a5d4-c36229a73203
2019-10-24 15:43:54,760 [grpc-default-executor-8] INFO  impl.RoleInfo (RoleInfo.java:shutdownFollowerState(121)) - 9092f221-0e0d-4970-bb84-cacd95020f21: shutdown FollowerState
2019-10-24 15:43:54,760 [grpc-default-executor-8] INFO  impl.RoleInfo (RoleInfo.java:updateAndGet(143)) - 9092f221-0e0d-4970-bb84-cacd95020f21: start FollowerState
2019-10-24 15:43:54,760 [grpc-default-executor-4] INFO  impl.RaftServerImpl (RaftServerImpl.java:setRole(184)) - b4ae536c-ed18-4717-a75c-ca4b5d6c4001@group-75C85B6D1182: changes role from  FOLLOWER to FOLLOWER at term 41 for recognizeCandidate:af280123-6372-4d1f-a5d4-c36229a73203
2019-10-24 15:43:54,760 [Thread-770] INFO  impl.FollowerState (FollowerState.java:run(117)) - 9092f221-0e0d-4970-bb84-cacd95020f21@group-75C85B6D1182-FollowerState was interrupted: java.lang.InterruptedException: sleep interrupted
2019-10-24 15:43:54,761 [grpc-default-executor-4] INFO  impl.RoleInfo (RoleInfo.java:shutdownFollowerState(121)) - b4ae536c-ed18-4717-a75c-ca4b5d6c4001: shutdown FollowerState
2019-10-24 15:43:54,761 [Thread-771] INFO  impl.FollowerState (FollowerState.java:run(117)) - b4ae536c-ed18-4717-a75c-ca4b5d6c4001@group-75C85B6D1182-FollowerState was interrupted: java.lang.InterruptedException: sleep interrupted
2019-10-24 15:43:54,761 [grpc-default-executor-4] INFO  impl.RoleInfo (RoleInfo.java:updateAndGet(143)) - b4ae536c-ed18-4717-a75c-ca4b5d6c4001: start FollowerState
2019-10-24 15:43:54,775 [af280123-6372-4d1f-a5d4-c36229a73203@group-75C85B6D1182-LeaderElection58] INFO  impl.LeaderElection (LeaderElection.java:logAndReturn(56)) - af280123-6372-4d1f-a5d4-c36229a73203@group-75C85B6D1182-LeaderElection58: Election REJECTED; received 2 response(s) [af280123-6372-4d1f-a5d4-c36229a73203<-9092f221-0e0d-4970-bb84-cacd95020f21#0:FAIL-t41, af280123-6372-4d1f-a5d4-c36229a73203<-b4ae536c-ed18-4717-a75c-ca4b5d6c4001#0:FAIL-t41] and 0 exception(s); af280123-6372-4d1f-a5d4-c36229a73203@group-75C85B6D1182:t41, leader=null, voted=af280123-6372-4d1f-a5d4-c36229a73203, raftlog=af280123-6372-4d1f-a5d4-c36229a73203@group-75C85B6D1182-SegmentedRaftLog:OPENED:c-1,f-1,i0, conf=-1: [9092f221-0e0d-4970-bb84-cacd95020f21:192.168.164.213:41903, af280123-6372-4d1f-a5d4-c36229a73203:192.168.164.213:35334, b4ae536c-ed18-4717-a75c-ca4b5d6c4001:192.168.164.213:41180], old=null
2019-10-24 15:43:54,775 [af280123-6372-4d1f-a5d4-c36229a73203@group-75C85B6D1182-LeaderElection58] INFO  impl.RaftServerImpl (RaftServerImpl.java:setRole(184)) - af280123-6372-4d1f-a5d4-c36229a73203@group-75C85B6D1182: changes role from CANDIDATE to FOLLOWER at term 41 for DISCOVERED_A_NEW_TERM
2019-10-24 15:43:54,775 [af280123-6372-4d1f-a5d4-c36229a73203@group-75C85B6D1182-LeaderElection58] INFO  impl.RoleInfo (RoleInfo.java:shutdownLeaderElection(134)) - af280123-6372-4d1f-a5d4-c36229a73203: shutdown LeaderElection
2019-10-24 15:43:54,775 [af280123-6372-4d1f-a5d4-c36229a73203@group-75C85B6D1182-LeaderElection58] INFO  impl.RoleInfo (RoleInfo.java:updateAndGet(143)) - af280123-6372-4d1f-a5d4-c36229a73203: start FollowerState
2019-10-24 15:43:54,898 [Thread-778] INFO  impl.FollowerState (FollowerState.java:run(108)) - af280123-6372-4d1f-a5d4-c36229a73203@group-75C85B6D1182-FollowerState: change to CANDIDATE, lastRpcTime:123ms, electionTimeout:123ms
2019-10-24 15:43:54,899 [Thread-778] INFO  impl.RoleInfo (RoleInfo.java:shutdownFollowerState(121)) - af280123-6372-4d1f-a5d4-c36229a73203: shutdown FollowerState
2019-10-24 15:43:54,899 [Thread-778] INFO  impl.RaftServerImpl (RaftServerImpl.java:setRole(184)) - af280123-6372-4d1f-a5d4-c36229a73203@group-75C85B6D1182: changes role from  FOLLOWER to CANDIDATE at term 41 for changeToCandidate
2019-10-24 15:43:54,899 [Thread-778] INFO  impl.RoleInfo (RoleInfo.java:updateAndGet(143)) - af280123-6372-4d1f-a5d4-c36229a73203: start LeaderElection
2019-10-24 15:43:54,913 [af280123-6372-4d1f-a5d4-c36229a73203@group-75C85B6D1182-LeaderElection59] INFO  impl.LeaderElection (LeaderElection.java:askForVotes(178)) - af280123-6372-4d1f-a5d4-c36229a73203@group-75C85B6D1182-LeaderElection59: begin an election at term 42 for -1: [9092f221-0e0d-4970-bb84-cacd95020f21:192.168.164.213:41903, af280123-6372-4d1f-a5d4-c36229a73203:192.168.164.213:35334, b4ae536c-ed18-4717-a75c-ca4b5d6c4001:192.168.164.213:41180], old=null
2019-10-24 15:43:54,916 [grpc-default-executor-8] INFO  impl.RaftServerImpl (RaftServerImpl.java:setRole(184)) - b4ae536c-ed18-4717-a75c-ca4b5d6c4001@group-75C85B6D1182: changes role from  FOLLOWER to FOLLOWER at term 42 for recognizeCandidate:af280123-6372-4d1f-a5d4-c36229a73203
2019-10-24 15:43:54,917 [grpc-default-executor-8] INFO  impl.RoleInfo (RoleInfo.java:shutdownFollowerState(121)) - b4ae536c-ed18-4717-a75c-ca4b5d6c4001: shutdown FollowerState
2019-10-24 15:43:54,916 [grpc-default-executor-4] INFO  impl.RaftServerImpl (RaftServerImpl.java:setRole(184)) - 9092f221-0e0d-4970-bb84-cacd95020f21@group-75C85B6D1182: changes role from  FOLLOWER to FOLLOWER at term 42 for recognizeCandidate:af280123-6372-4d1f-a5d4-c36229a73203
2019-10-24 15:43:54,917 [Thread-777] INFO  impl.FollowerState (FollowerState.java:run(117)) - b4ae536c-ed18-4717-a75c-ca4b5d6c4001@group-75C85B6D1182-FollowerState was interrupted: java.lang.InterruptedException: sleep interrupted
2019-10-24 15:43:54,917 [grpc-default-executor-8] INFO  impl.RoleInfo (RoleInfo.java:updateAndGet(143)) - b4ae536c-ed18-4717-a75c-ca4b5d6c4001: start FollowerState
2019-10-24 15:43:54,917 [grpc-default-executor-4] INFO  impl.RoleInfo (RoleInfo.java:shutdownFollowerState(121)) - 9092f221-0e0d-4970-bb84-cacd95020f21: shutdown FollowerState
2019-10-24 15:43:54,917 [grpc-default-executor-4] INFO  impl.RoleInfo (RoleInfo.java:updateAndGet(143)) - 9092f221-0e0d-4970-bb84-cacd95020f21: start FollowerState
2019-10-24 15:43:54,918 [Thread-776] INFO  impl.FollowerState (FollowerState.java:run(117)) - 9092f221-0e0d-4970-bb84-cacd95020f21@group-75C85B6D1182-FollowerState was interrupted: java.lang.InterruptedException: sleep interrupted
2019-10-24 15:43:54,919 [af280123-6372-4d1f-a5d4-c36229a73203@group-75C85B6D1182-LeaderElection59] INFO  impl.LeaderElection (LeaderElection.java:logAndReturn(56)) - af280123-6372-4d1f-a5d4-c36229a73203@group-75C85B6D1182-LeaderElection59: Election TIMEOUT; received 0 response(s) [] and 0 exception(s); af280123-6372-4d1f-a5d4-c36229a73203@group-75C85B6D1182:t42, leader=null, voted=af280123-6372-4d1f-a5d4-c36229a73203, raftlog=af280123-6372-4d1f-a5d4-c36229a73203@group-75C85B6D1182-SegmentedRaftLog:OPENED:c-1,f-1,i0, conf=-1: [9092f221-0e0d-4970-bb84-cacd95020f21:192.168.164.213:41903, af280123-6372-4d1f-a5d4-c36229a73203:192.168.164.213:35334, b4ae536c-ed18-4717-a75c-ca4b5d6c4001:192.168.164.213:41180], old=null
2019-10-24 15:43:54,931 [af280123-6372-4d1f-a5d4-c36229a73203@group-75C85B6D1182-LeaderElection59] INFO  impl.LeaderElection (LeaderElection.java:askForVotes(178)) - af280123-6372-4d1f-a5d4-c36229a73203@group-75C85B6D1182-LeaderElection59: begin an election at term 43 for -1: [9092f221-0e0d-4970-bb84-cacd95020f21:192.168.164.213:41903, af280123-6372-4d1f-a5d4-c36229a73203:192.168.164.213:35334, b4ae536c-ed18-4717-a75c-ca4b5d6c4001:192.168.164.213:41180], old=null
2019-10-24 15:43:54,934 [grpc-default-executor-4] INFO  impl.RaftServerImpl (RaftServerImpl.java:setRole(184)) - b4ae536c-ed18-4717-a75c-ca4b5d6c4001@group-75C85B6D1182: changes role from  FOLLOWER to FOLLOWER at term 43 for recognizeCandidate:af280123-6372-4d1f-a5d4-c36229a73203
2019-10-24 15:43:54,934 [grpc-default-executor-8] INFO  impl.RaftServerImpl (RaftServerImpl.java:setRole(184)) - 9092f221-0e0d-4970-bb84-cacd95020f21@group-75C85B6D1182: changes role from  FOLLOWER to FOLLOWER at term 43 for recognizeCandidate:af280123-6372-4d1f-a5d4-c36229a73203
2019-10-24 15:43:54,934 [grpc-default-executor-4] INFO  impl.RoleInfo (RoleInfo.java:shutdownFollowerState(121)) - b4ae536c-ed18-4717-a75c-ca4b5d6c4001: shutdown FollowerState
2019-10-24 15:43:54,934 [grpc-default-executor-8] INFO  impl.RoleInfo (RoleInfo.java:shutdownFollowerState(121)) - 9092f221-0e0d-4970-bb84-cacd95020f21: shutdown FollowerState
2019-10-24 15:43:54,934 [Thread-782] INFO  impl.FollowerState (FollowerState.java:run(117)) - b4ae536c-ed18-4717-a75c-ca4b5d6c4001@group-75C85B6D1182-FollowerState was interrupted: java.lang.InterruptedException: sleep interrupted
2019-10-24 15:43:54,934 [grpc-default-executor-4] INFO  impl.RoleInfo (RoleInfo.java:updateAndGet(143)) - b4ae536c-ed18-4717-a75c-ca4b5d6c4001: start FollowerState
2019-10-24 15:43:54,934 [Thread-783] INFO  impl.FollowerState (FollowerState.java:run(117)) - 9092f221-0e0d-4970-bb84-cacd95020f21@group-75C85B6D1182-FollowerState was interrupted: java.lang.InterruptedException: sleep interrupted
2019-10-24 15:43:54,934 [grpc-default-executor-8] INFO  impl.RoleInfo (RoleInfo.java:updateAndGet(143)) - 9092f221-0e0d-4970-bb84-cacd95020f21: start FollowerState
2019-10-24 15:43:54,950 [af280123-6372-4d1f-a5d4-c36229a73203@group-75C85B6D1182-LeaderElection59] INFO  impl.LeaderElection (LeaderElection.java:logAndReturn(56)) - af280123-6372-4d1f-a5d4-c36229a73203@group-75C85B6D1182-LeaderElection59: Election REJECTED; received 2 response(s) [af280123-6372-4d1f-a5d4-c36229a73203<-9092f221-0e0d-4970-bb84-cacd95020f21#0:FAIL-t43, af280123-6372-4d1f-a5d4-c36229a73203<-b4ae536c-ed18-4717-a75c-ca4b5d6c4001#0:FAIL-t43] and 0 exception(s); af280123-6372-4d1f-a5d4-c36229a73203@group-75C85B6D1182:t43, leader=null, voted=af280123-6372-4d1f-a5d4-c36229a73203, raftlog=af280123-6372-4d1f-a5d4-c36229a73203@group-75C85B6D1182-SegmentedRaftLog:OPENED:c-1,f-1,i0, conf=-1: [9092f221-0e0d-4970-bb84-cacd95020f21:192.168.164.213:41903, af280123-6372-4d1f-a5d4-c36229a73203:192.168.164.213:35334, b4ae536c-ed18-4717-a75c-ca4b5d6c4001:192.168.164.213:41180], old=null
2019-10-24 15:43:54,950 [af280123-6372-4d1f-a5d4-c36229a73203@group-75C85B6D1182-LeaderElection59] INFO  impl.RaftServerImpl (RaftServerImpl.java:setRole(184)) - af280123-6372-4d1f-a5d4-c36229a73203@group-75C85B6D1182: changes role from CANDIDATE to FOLLOWER at term 43 for DISCOVERED_A_NEW_TERM
2019-10-24 15:43:54,950 [af280123-6372-4d1f-a5d4-c36229a73203@group-75C85B6D1182-LeaderElection59] INFO  impl.RoleInfo (RoleInfo.java:shutdownLeaderElection(134)) - af280123-6372-4d1f-a5d4-c36229a73203: shutdown LeaderElection
2019-10-24 15:43:54,951 [af280123-6372-4d1f-a5d4-c36229a73203@group-75C85B6D1182-LeaderElection59] INFO  impl.RoleInfo (RoleInfo.java:updateAndGet(143)) - af280123-6372-4d1f-a5d4-c36229a73203: start FollowerState
2019-10-24 15:43:55,106 [Thread-792] INFO  impl.FollowerState (FollowerState.java:run(108)) - af280123-6372-4d1f-a5d4-c36229a73203@group-75C85B6D1182-FollowerState: change to CANDIDATE, lastRpcTime:155ms, electionTimeout:155ms
2019-10-24 15:43:55,106 [Thread-792] INFO  impl.RoleInfo (RoleInfo.java:shutdownFollowerState(121)) - af280123-6372-4d1f-a5d4-c36229a73203: shutdown FollowerState
2019-10-24 15:43:55,107 [Thread-792] INFO  impl.RaftServerImpl (RaftServerImpl.java:setRole(184)) - af280123-6372-4d1f-a5d4-c36229a73203@group-75C85B6D1182: changes role from  FOLLOWER to CANDIDATE at term 43 for changeToCandidate
2019-10-24 15:43:55,107 [Thread-792] INFO  impl.RoleInfo (RoleInfo.java:updateAndGet(143)) - af280123-6372-4d1f-a5d4-c36229a73203: start LeaderElection
2019-10-24 15:43:55,121 [af280123-6372-4d1f-a5d4-c36229a73203@group-75C85B6D1182-LeaderElection60] INFO  impl.LeaderElection (LeaderElection.java:askForVotes(178)) - af280123-6372-4d1f-a5d4-c36229a73203@group-75C85B6D1182-LeaderElection60: begin an election at term 44 for -1: [9092f221-0e0d-4970-bb84-cacd95020f21:192.168.164.213:41903, af280123-6372-4d1f-a5d4-c36229a73203:192.168.164.213:35334, b4ae536c-ed18-4717-a75c-ca4b5d6c4001:192.168.164.213:41180], old=null
2019-10-24 15:43:55,124 [grpc-default-executor-8] INFO  impl.RaftServerImpl (RaftServerImpl.java:setRole(184)) - 9092f221-0e0d-4970-bb84-cacd95020f21@group-75C85B6D1182: changes role from  FOLLOWER to FOLLOWER at term 44 for recognizeCandidate:af280123-6372-4d1f-a5d4-c36229a73203
2019-10-24 15:43:55,124 [grpc-default-executor-4] INFO  impl.RaftServerImpl (RaftServerImpl.java:setRole(184)) - b4ae536c-ed18-4717-a75c-ca4b5d6c4001@group-75C85B6D1182: changes role from  FOLLOWER to FOLLOWER at term 44 for recognizeCandidate:af280123-6372-4d1f-a5d4-c36229a73203
2019-10-24 15:43:55,124 [grpc-default-executor-8] INFO  impl.RoleInfo (RoleInfo.java:shutdownFollowerState(121)) - 9092f221-0e0d-4970-bb84-cacd95020f21: shutdown FollowerState
2019-10-24 15:43:55,125 [grpc-default-executor-4] INFO  impl.RoleInfo (RoleInfo.java:shutdownFollowerState(121)) - b4ae536c-ed18-4717-a75c-ca4b5d6c4001: shutdown FollowerState
2019-10-24 15:43:55,125 [Thread-787] INFO  impl.FollowerState (FollowerState.java:run(117)) - 9092f221-0e0d-4970-bb84-cacd95020f21@group-75C85B6D1182-FollowerState was interrupted: java.lang.InterruptedException: sleep interrupted
2019-10-24 15:43:55,125 [Thread-786] INFO  impl.FollowerState (FollowerState.java:run(117)) - b4ae536c-ed18-4717-a75c-ca4b5d6c4001@group-75C85B6D1182-FollowerState was interrupted: java.lang.InterruptedException: sleep interrupted
2019-10-24 15:43:55,125 [grpc-default-executor-8] INFO  impl.RoleInfo (RoleInfo.java:updateAndGet(143)) - 9092f221-0e0d-4970-bb84-cacd95020f21: start FollowerState
2019-10-24 15:43:55,125 [grpc-default-executor-4] INFO  impl.RoleInfo (RoleInfo.java:updateAndGet(143)) - b4ae536c-ed18-4717-a75c-ca4b5d6c4001: start FollowerState
2019-10-24 15:43:55,142 [af280123-6372-4d1f-a5d4-c36229a73203@group-75C85B6D1182-LeaderElection60] INFO  impl.LeaderElection (LeaderElection.java:logAndReturn(56)) - af280123-6372-4d1f-a5d4-c36229a73203@group-75C85B6D1182-LeaderElection60: Election REJECTED; received 2 response(s) [af280123-6372-4d1f-a5d4-c36229a73203<-9092f221-0e0d-4970-bb84-cacd95020f21#0:FAIL-t44, af280123-6372-4d1f-a5d4-c36229a73203<-b4ae536c-ed18-4717-a75c-ca4b5d6c4001#0:FAIL-t44] and 0 exception(s); af280123-6372-4d1f-a5d4-c36229a73203@group-75C85B6D1182:t44, leader=null, voted=af280123-6372-4d1f-a5d4-c36229a73203, raftlog=af280123-6372-4d1f-a5d4-c36229a73203@group-75C85B6D1182-SegmentedRaftLog:OPENED:c-1,f-1,i0, conf=-1: [9092f221-0e0d-4970-bb84-cacd95020f21:192.168.164.213:41903, af280123-6372-4d1f-a5d4-c36229a73203:192.168.164.213:35334, b4ae536c-ed18-4717-a75c-ca4b5d6c4001:192.168.164.213:41180], old=null
2019-10-24 15:43:55,142 [af280123-6372-4d1f-a5d4-c36229a73203@group-75C85B6D1182-LeaderElection60] INFO  impl.RaftServerImpl (RaftServerImpl.java:setRole(184)) - af280123-6372-4d1f-a5d4-c36229a73203@group-75C85B6D1182: changes role from CANDIDATE to FOLLOWER at term 44 for DISCOVERED_A_NEW_TERM
2019-10-24 15:43:55,143 [af280123-6372-4d1f-a5d4-c36229a73203@group-75C85B6D1182-LeaderElection60] INFO  impl.RoleInfo (RoleInfo.java:shutdownLeaderElection(134)) - af280123-6372-4d1f-a5d4-c36229a73203: shutdown LeaderElection
2019-10-24 15:43:55,143 [af280123-6372-4d1f-a5d4-c36229a73203@group-75C85B6D1182-LeaderElection60] INFO  impl.RoleInfo (RoleInfo.java:updateAndGet(143)) - af280123-6372-4d1f-a5d4-c36229a73203: start FollowerState
2019-10-24 15:43:55,223 [Thread-798] INFO  impl.FollowerState (FollowerState.java:run(108)) - af280123-6372-4d1f-a5d4-c36229a73203@group-75C85B6D1182-FollowerState: change to CANDIDATE, lastRpcTime:80ms, electionTimeout:80ms
2019-10-24 15:43:55,223 [Thread-798] INFO  impl.RoleInfo (RoleInfo.java:shutdownFollowerState(121)) - af280123-6372-4d1f-a5d4-c36229a73203: shutdown FollowerState
2019-10-24 15:43:55,224 [Thread-798] INFO  impl.RaftServerImpl (RaftServerImpl.java:setRole(184)) - af280123-6372-4d1f-a5d4-c36229a73203@group-75C85B6D1182: changes role from  FOLLOWER to CANDIDATE at term 44 for changeToCandidate
2019-10-24 15:43:55,224 [Thread-798] INFO  impl.RoleInfo (RoleInfo.java:updateAndGet(143)) - af280123-6372-4d1f-a5d4-c36229a73203: start LeaderElection
2019-10-24 15:43:55,238 [af280123-6372-4d1f-a5d4-c36229a73203@group-75C85B6D1182-LeaderElection61] INFO  impl.LeaderElection (LeaderElection.java:askForVotes(178)) - af280123-6372-4d1f-a5d4-c36229a73203@group-75C85B6D1182-LeaderElection61: begin an election at term 45 for -1: [9092f221-0e0d-4970-bb84-cacd95020f21:192.168.164.213:41903, af280123-6372-4d1f-a5d4-c36229a73203:192.168.164.213:35334, b4ae536c-ed18-4717-a75c-ca4b5d6c4001:192.168.164.213:41180], old=null
2019-10-24 15:43:55,241 [grpc-default-executor-8] INFO  impl.RaftServerImpl (RaftServerImpl.java:setRole(184)) - 9092f221-0e0d-4970-bb84-cacd95020f21@group-75C85B6D1182: changes role from  FOLLOWER to FOLLOWER at term 45 for recognizeCandidate:af280123-6372-4d1f-a5d4-c36229a73203
2019-10-24 15:43:55,241 [grpc-default-executor-8] INFO  impl.RoleInfo (RoleInfo.java:shutdownFollowerState(121)) - 9092f221-0e0d-4970-bb84-cacd95020f21: shutdown FollowerState
2019-10-24 15:43:55,241 [grpc-default-executor-4] INFO  impl.RaftServerImpl (RaftServerImpl.java:setRole(184)) - b4ae536c-ed18-4717-a75c-ca4b5d6c4001@group-75C85B6D1182: changes role from  FOLLOWER to FOLLOWER at term 45 for recognizeCandidate:af280123-6372-4d1f-a5d4-c36229a73203
2019-10-24 15:43:55,242 [Thread-796] INFO  impl.FollowerState (FollowerState.java:run(117)) - 9092f221-0e0d-4970-bb84-cacd95020f21@group-75C85B6D1182-FollowerState was interrupted: java.lang.InterruptedException: sleep interrupted
2019-10-24 15:43:55,242 [grpc-default-executor-8] INFO  impl.RoleInfo (RoleInfo.java:updateAndGet(143)) - 9092f221-0e0d-4970-bb84-cacd95020f21: start FollowerState
2019-10-24 15:43:55,242 [grpc-default-executor-4] INFO  impl.RoleInfo (RoleInfo.java:shutdownFollowerState(121)) - b4ae536c-ed18-4717-a75c-ca4b5d6c4001: shutdown FollowerState
2019-10-24 15:43:55,242 [Thread-797] INFO  impl.FollowerState (FollowerState.java:run(117)) - b4ae536c-ed18-4717-a75c-ca4b5d6c4001@group-75C85B6D1182-FollowerState was interrupted: java.lang.InterruptedException: sleep interrupted
2019-10-24 15:43:55,242 [grpc-default-executor-4] INFO  impl.RoleInfo (RoleInfo.java:updateAndGet(143)) - b4ae536c-ed18-4717-a75c-ca4b5d6c4001: start FollowerState
2019-10-24 15:43:55,258 [af280123-6372-4d1f-a5d4-c36229a73203@group-75C85B6D1182-LeaderElection61] INFO  impl.LeaderElection (LeaderElection.java:logAndReturn(56)) - af280123-6372-4d1f-a5d4-c36229a73203@group-75C85B6D1182-LeaderElection61: Election REJECTED; received 2 response(s) [af280123-6372-4d1f-a5d4-c36229a73203<-9092f221-0e0d-4970-bb84-cacd95020f21#0:FAIL-t45, af280123-6372-4d1f-a5d4-c36229a73203<-b4ae536c-ed18-4717-a75c-ca4b5d6c4001#0:FAIL-t45] and 0 exception(s); af280123-6372-4d1f-a5d4-c36229a73203@group-75C85B6D1182:t45, leader=null, voted=af280123-6372-4d1f-a5d4-c36229a73203, raftlog=af280123-6372-4d1f-a5d4-c36229a73203@group-75C85B6D1182-SegmentedRaftLog:OPENED:c-1,f-1,i0, conf=-1: [9092f221-0e0d-4970-bb84-cacd95020f21:192.168.164.213:41903, af280123-6372-4d1f-a5d4-c36229a73203:192.168.164.213:35334, b4ae536c-ed18-4717-a75c-ca4b5d6c4001:192.168.164.213:41180], old=null
2019-10-24 15:43:55,258 [af280123-6372-4d1f-a5d4-c36229a73203@group-75C85B6D1182-LeaderElection61] INFO  impl.RaftServerImpl (RaftServerImpl.java:setRole(184)) - af280123-6372-4d1f-a5d4-c36229a73203@group-75C85B6D1182: changes role from CANDIDATE to FOLLOWER at term 45 for DISCOVERED_A_NEW_TERM
2019-10-24 15:43:55,258 [af280123-6372-4d1f-a5d4-c36229a73203@group-75C85B6D1182-LeaderElection61] INFO  impl.RoleInfo (RoleInfo.java:shutdownLeaderElection(134)) - af280123-6372-4d1f-a5d4-c36229a73203: shutdown LeaderElection
2019-10-24 15:43:55,258 [af280123-6372-4d1f-a5d4-c36229a73203@group-75C85B6D1182-LeaderElection61] INFO  impl.RoleInfo (RoleInfo.java:updateAndGet(143)) - af280123-6372-4d1f-a5d4-c36229a73203: start FollowerState
2019-10-24 15:43:55,276 [Thread-804] INFO  impl.FollowerState (FollowerState.java:run(108)) - af280123-6372-4d1f-a5d4-c36229a73203@group-75C85B6D1182-FollowerState: change to CANDIDATE, lastRpcTime:17ms, electionTimeout:17ms
2019-10-24 15:43:55,276 [Thread-804] INFO  impl.RoleInfo (RoleInfo.java:shutdownFollowerState(121)) - af280123-6372-4d1f-a5d4-c36229a73203: shutdown FollowerState
2019-10-24 15:43:55,276 [Thread-804] INFO  impl.RaftServerImpl (RaftServerImpl.java:setRole(184)) - af280123-6372-4d1f-a5d4-c36229a73203@group-75C85B6D1182: changes role from  FOLLOWER to CANDIDATE at term 45 for changeToCandidate
2019-10-24 15:43:55,277 [Thread-804] INFO  impl.RoleInfo (RoleInfo.java:updateAndGet(143)) - af280123-6372-4d1f-a5d4-c36229a73203: start LeaderElection
2019-10-24 15:43:55,291 [af280123-6372-4d1f-a5d4-c36229a73203@group-75C85B6D1182-LeaderElection62] INFO  impl.LeaderElection (LeaderElection.java:askForVotes(178)) - af280123-6372-4d1f-a5d4-c36229a73203@group-75C85B6D1182-LeaderElection62: begin an election at term 46 for -1: [9092f221-0e0d-4970-bb84-cacd95020f21:192.168.164.213:41903, af280123-6372-4d1f-a5d4-c36229a73203:192.168.164.213:35334, b4ae536c-ed18-4717-a75c-ca4b5d6c4001:192.168.164.213:41180], old=null
2019-10-24 15:43:55,294 [grpc-default-executor-4] INFO  impl.RaftServerImpl (RaftServerImpl.java:setRole(184)) - 9092f221-0e0d-4970-bb84-cacd95020f21@group-75C85B6D1182: changes role from  FOLLOWER to FOLLOWER at term 46 for recognizeCandidate:af280123-6372-4d1f-a5d4-c36229a73203
2019-10-24 15:43:55,294 [grpc-default-executor-8] INFO  impl.RaftServerImpl (RaftServerImpl.java:setRole(184)) - b4ae536c-ed18-4717-a75c-ca4b5d6c4001@group-75C85B6D1182: changes role from  FOLLOWER to FOLLOWER at term 46 for recognizeCandidate:af280123-6372-4d1f-a5d4-c36229a73203
2019-10-24 15:43:55,294 [grpc-default-executor-4] INFO  impl.RoleInfo (RoleInfo.java:shutdownFollowerState(121)) - 9092f221-0e0d-4970-bb84-cacd95020f21: shutdown FollowerState
2019-10-24 15:43:55,295 [grpc-default-executor-8] INFO  impl.RoleInfo (RoleInfo.java:shutdownFollowerState(121)) - b4ae536c-ed18-4717-a75c-ca4b5d6c4001: shutdown FollowerState
2019-10-24 15:43:55,295 [Thread-802] INFO  impl.FollowerState (FollowerState.java:run(117)) - 9092f221-0e0d-4970-bb84-cacd95020f21@group-75C85B6D1182-FollowerState was interrupted: java.lang.InterruptedException: sleep interrupted
2019-10-24 15:43:55,295 [grpc-default-executor-4] INFO  impl.RoleInfo (RoleInfo.java:updateAndGet(143)) - 9092f221-0e0d-4970-bb84-cacd95020f21: start FollowerState
2019-10-24 15:43:55,295 [Thread-803] INFO  impl.FollowerState (FollowerState.java:run(117)) - b4ae536c-ed18-4717-a75c-ca4b5d6c4001@group-75C85B6D1182-FollowerState was interrupted: java.lang.InterruptedException: sleep interrupted
2019-10-24 15:43:55,295 [grpc-default-executor-8] INFO  impl.RoleInfo (RoleInfo.java:updateAndGet(143)) - b4ae536c-ed18-4717-a75c-ca4b5d6c4001: start FollowerState
2019-10-24 15:43:55,310 [af280123-6372-4d1f-a5d4-c36229a73203@group-75C85B6D1182-LeaderElection62] INFO  impl.LeaderElection (LeaderElection.java:logAndReturn(56)) - af280123-6372-4d1f-a5d4-c36229a73203@group-75C85B6D1182-LeaderElection62: Election REJECTED; received 2 response(s) [af280123-6372-4d1f-a5d4-c36229a73203<-9092f221-0e0d-4970-bb84-cacd95020f21#0:FAIL-t46, af280123-6372-4d1f-a5d4-c36229a73203<-b4ae536c-ed18-4717-a75c-ca4b5d6c4001#0:FAIL-t46] and 0 exception(s); af280123-6372-4d1f-a5d4-c36229a73203@group-75C85B6D1182:t46, leader=null, voted=af280123-6372-4d1f-a5d4-c36229a73203, raftlog=af280123-6372-4d1f-a5d4-c36229a73203@group-75C85B6D1182-SegmentedRaftLog:OPENED:c-1,f-1,i0, conf=-1: [9092f221-0e0d-4970-bb84-cacd95020f21:192.168.164.213:41903, af280123-6372-4d1f-a5d4-c36229a73203:192.168.164.213:35334, b4ae536c-ed18-4717-a75c-ca4b5d6c4001:192.168.164.213:41180], old=null
2019-10-24 15:43:55,310 [af280123-6372-4d1f-a5d4-c36229a73203@group-75C85B6D1182-LeaderElection62] INFO  impl.RaftServerImpl (RaftServerImpl.java:setRole(184)) - af280123-6372-4d1f-a5d4-c36229a73203@group-75C85B6D1182: changes role from CANDIDATE to FOLLOWER at term 46 for DISCOVERED_A_NEW_TERM
2019-10-24 15:43:55,311 [af280123-6372-4d1f-a5d4-c36229a73203@group-75C85B6D1182-LeaderElection62] INFO  impl.RoleInfo (RoleInfo.java:shutdownLeaderElection(134)) - af280123-6372-4d1f-a5d4-c36229a73203: shutdown LeaderElection
2019-10-24 15:43:55,311 [af280123-6372-4d1f-a5d4-c36229a73203@group-75C85B6D1182-LeaderElection62] INFO  impl.RoleInfo (RoleInfo.java:updateAndGet(143)) - af280123-6372-4d1f-a5d4-c36229a73203: start FollowerState
2019-10-24 15:43:55,325 [Thread-810] INFO  impl.FollowerState (FollowerState.java:run(108)) - af280123-6372-4d1f-a5d4-c36229a73203@group-75C85B6D1182-FollowerState: change to CANDIDATE, lastRpcTime:14ms, electionTimeout:14ms
2019-10-24 15:43:55,325 [Thread-810] INFO  impl.RoleInfo (RoleInfo.java:shutdownFollowerState(121)) - af280123-6372-4d1f-a5d4-c36229a73203: shutdown FollowerState
2019-10-24 15:43:55,325 [Thread-810] INFO  impl.RaftServerImpl (RaftServerImpl.java:setRole(184)) - af280123-6372-4d1f-a5d4-c36229a73203@group-75C85B6D1182: changes role from  FOLLOWER to CANDIDATE at term 46 for changeToCandidate
2019-10-24 15:43:55,326 [Thread-810] INFO  impl.RoleInfo (RoleInfo.java:updateAndGet(143)) - af280123-6372-4d1f-a5d4-c36229a73203: start LeaderElection
2019-10-24 15:43:55,340 [af280123-6372-4d1f-a5d4-c36229a73203@group-75C85B6D1182-LeaderElection63] INFO  impl.LeaderElection (LeaderElection.java:askForVotes(178)) - af280123-6372-4d1f-a5d4-c36229a73203@group-75C85B6D1182-LeaderElection63: begin an election at term 47 for -1: [9092f221-0e0d-4970-bb84-cacd95020f21:192.168.164.213:41903, af280123-6372-4d1f-a5d4-c36229a73203:192.168.164.213:35334, b4ae536c-ed18-4717-a75c-ca4b5d6c4001:192.168.164.213:41180], old=null
2019-10-24 15:43:55,343 [grpc-default-executor-4] INFO  impl.RaftServerImpl (RaftServerImpl.java:setRole(184)) - 9092f221-0e0d-4970-bb84-cacd95020f21@group-75C85B6D1182: changes role from  FOLLOWER to FOLLOWER at term 47 for recognizeCandidate:af280123-6372-4d1f-a5d4-c36229a73203
2019-10-24 15:43:55,343 [grpc-default-executor-8] INFO  impl.RaftServerImpl (RaftServerImpl.java:setRole(184)) - b4ae536c-ed18-4717-a75c-ca4b5d6c4001@group-75C85B6D1182: changes role from  FOLLOWER to FOLLOWER at term 47 for recognizeCandidate:af280123-6372-4d1f-a5d4-c36229a73203
2019-10-24 15:43:55,343 [grpc-default-executor-4] INFO  impl.RoleInfo (RoleInfo.java:shutdownFollowerState(121)) - 9092f221-0e0d-4970-bb84-cacd95020f21: shutdown FollowerState
2019-10-24 15:43:55,343 [grpc-default-executor-8] INFO  impl.RoleInfo (RoleInfo.java:shutdownFollowerState(121)) - b4ae536c-ed18-4717-a75c-ca4b5d6c4001: shutdown FollowerState
2019-10-24 15:43:55,343 [Thread-808] INFO  impl.FollowerState (FollowerState.java:run(117)) - 9092f221-0e0d-4970-bb84-cacd95020f21@group-75C85B6D1182-FollowerState was interrupted: java.lang.InterruptedException: sleep interrupted
2019-10-24 15:43:55,343 [grpc-default-executor-4] INFO  impl.RoleInfo (RoleInfo.java:updateAndGet(143)) - 9092f221-0e0d-4970-bb84-cacd95020f21: start FollowerState
2019-10-24 15:43:55,343 [Thread-809] INFO  impl.FollowerState (FollowerState.java:run(117)) - b4ae536c-ed18-4717-a75c-ca4b5d6c4001@group-75C85B6D1182-FollowerState was interrupted: java.lang.InterruptedException: sleep interrupted
2019-10-24 15:43:55,343 [grpc-default-executor-8] INFO  impl.RoleInfo (RoleInfo.java:updateAndGet(143)) - b4ae536c-ed18-4717-a75c-ca4b5d6c4001: start FollowerState
2019-10-24 15:43:55,359 [af280123-6372-4d1f-a5d4-c36229a73203@group-75C85B6D1182-LeaderElection63] INFO  impl.LeaderElection (LeaderElection.java:logAndReturn(56)) - af280123-6372-4d1f-a5d4-c36229a73203@group-75C85B6D1182-LeaderElection63: Election REJECTED; received 2 response(s) [af280123-6372-4d1f-a5d4-c36229a73203<-9092f221-0e0d-4970-bb84-cacd95020f21#0:FAIL-t47, af280123-6372-4d1f-a5d4-c36229a73203<-b4ae536c-ed18-4717-a75c-ca4b5d6c4001#0:FAIL-t47] and 0 exception(s); af280123-6372-4d1f-a5d4-c36229a73203@group-75C85B6D1182:t47, leader=null, voted=af280123-6372-4d1f-a5d4-c36229a73203, raftlog=af280123-6372-4d1f-a5d4-c36229a73203@group-75C85B6D1182-SegmentedRaftLog:OPENED:c-1,f-1,i0, conf=-1: [9092f221-0e0d-4970-bb84-cacd95020f21:192.168.164.213:41903, af280123-6372-4d1f-a5d4-c36229a73203:192.168.164.213:35334, b4ae536c-ed18-4717-a75c-ca4b5d6c4001:192.168.164.213:41180], old=null
2019-10-24 15:43:55,360 [af280123-6372-4d1f-a5d4-c36229a73203@group-75C85B6D1182-LeaderElection63] INFO  impl.RaftServerImpl (RaftServerImpl.java:setRole(184)) - af280123-6372-4d1f-a5d4-c36229a73203@group-75C85B6D1182: changes role from CANDIDATE to FOLLOWER at term 47 for DISCOVERED_A_NEW_TERM
2019-10-24 15:43:55,360 [af280123-6372-4d1f-a5d4-c36229a73203@group-75C85B6D1182-LeaderElection63] INFO  impl.RoleInfo (RoleInfo.java:shutdownLeaderElection(134)) - af280123-6372-4d1f-a5d4-c36229a73203: shutdown LeaderElection
2019-10-24 15:43:55,360 [af280123-6372-4d1f-a5d4-c36229a73203@group-75C85B6D1182-LeaderElection63] INFO  impl.RoleInfo (RoleInfo.java:updateAndGet(143)) - af280123-6372-4d1f-a5d4-c36229a73203: start FollowerState
2019-10-24 15:43:55,492 [Thread-817] INFO  impl.FollowerState (FollowerState.java:run(108)) - af280123-6372-4d1f-a5d4-c36229a73203@group-75C85B6D1182-FollowerState: change to CANDIDATE, lastRpcTime:132ms, electionTimeout:132ms
2019-10-24 15:43:55,493 [Thread-817] INFO  impl.RoleInfo (RoleInfo.java:shutdownFollowerState(121)) - af280123-6372-4d1f-a5d4-c36229a73203: shutdown FollowerState
2019-10-24 15:43:55,493 [Thread-817] INFO  impl.RaftServerImpl (RaftServerImpl.java:setRole(184)) - af280123-6372-4d1f-a5d4-c36229a73203@group-75C85B6D1182: changes role from  FOLLOWER to CANDIDATE at term 47 for changeToCandidate
2019-10-24 15:43:55,539 [Thread-817] INFO  impl.RoleInfo (RoleInfo.java:updateAndGet(143)) - af280123-6372-4d1f-a5d4-c36229a73203: start LeaderElection
2019-10-24 15:43:55,554 [af280123-6372-4d1f-a5d4-c36229a73203@group-75C85B6D1182-LeaderElection64] INFO  impl.LeaderElection (LeaderElection.java:askForVotes(178)) - af280123-6372-4d1f-a5d4-c36229a73203@group-75C85B6D1182-LeaderElection64: begin an election at term 48 for -1: [9092f221-0e0d-4970-bb84-cacd95020f21:192.168.164.213:41903, af280123-6372-4d1f-a5d4-c36229a73203:192.168.164.213:35334, b4ae536c-ed18-4717-a75c-ca4b5d6c4001:192.168.164.213:41180], old=null
2019-10-24 15:43:55,557 [grpc-default-executor-5] INFO  impl.RaftServerImpl (RaftServerImpl.java:setRole(184)) - 9092f221-0e0d-4970-bb84-cacd95020f21@group-75C85B6D1182: changes role from  FOLLOWER to FOLLOWER at term 48 for recognizeCandidate:af280123-6372-4d1f-a5d4-c36229a73203
2019-10-24 15:43:55,557 [grpc-default-executor-1] INFO  impl.RaftServerImpl (RaftServerImpl.java:setRole(184)) - b4ae536c-ed18-4717-a75c-ca4b5d6c4001@group-75C85B6D1182: changes role from  FOLLOWER to FOLLOWER at term 48 for recognizeCandidate:af280123-6372-4d1f-a5d4-c36229a73203
2019-10-24 15:43:55,557 [grpc-default-executor-5] INFO  impl.RoleInfo (RoleInfo.java:shutdownFollowerState(121)) - 9092f221-0e0d-4970-bb84-cacd95020f21: shutdown FollowerState
2019-10-24 15:43:55,557 [grpc-default-executor-1] INFO  impl.RoleInfo (RoleInfo.java:shutdownFollowerState(121)) - b4ae536c-ed18-4717-a75c-ca4b5d6c4001: shutdown FollowerState
2019-10-24 15:43:55,557 [Thread-814] INFO  impl.FollowerState (FollowerState.java:run(117)) - 9092f221-0e0d-4970-bb84-cacd95020f21@group-75C85B6D1182-FollowerState was interrupted: java.lang.InterruptedException: sleep interrupted
2019-10-24 15:43:55,557 [grpc-default-executor-5] INFO  impl.RoleInfo (RoleInfo.java:updateAndGet(143)) - 9092f221-0e0d-4970-bb84-cacd95020f21: start FollowerState
2019-10-24 15:43:55,557 [Thread-815] INFO  impl.FollowerState (FollowerState.java:run(117)) - b4ae536c-ed18-4717-a75c-ca4b5d6c4001@group-75C85B6D1182-FollowerState was interrupted: java.lang.InterruptedException: sleep interrupted
2019-10-24 15:43:55,557 [grpc-default-executor-1] INFO  impl.RoleInfo (RoleInfo.java:updateAndGet(143)) - b4ae536c-ed18-4717-a75c-ca4b5d6c4001: start FollowerState
2019-10-24 15:43:55,572 [af280123-6372-4d1f-a5d4-c36229a73203@group-75C85B6D1182-LeaderElection64] INFO  impl.LeaderElection (LeaderElection.java:logAndReturn(56)) - af280123-6372-4d1f-a5d4-c36229a73203@group-75C85B6D1182-LeaderElection64: Election REJECTED; received 2 response(s) [af280123-6372-4d1f-a5d4-c36229a73203<-9092f221-0e0d-4970-bb84-cacd95020f21#0:FAIL-t48, af280123-6372-4d1f-a5d4-c36229a73203<-b4ae536c-ed18-4717-a75c-ca4b5d6c4001#0:FAIL-t48] and 0 exception(s); af280123-6372-4d1f-a5d4-c36229a73203@group-75C85B6D1182:t48, leader=null, voted=af280123-6372-4d1f-a5d4-c36229a73203, raftlog=af280123-6372-4d1f-a5d4-c36229a73203@group-75C85B6D1182-SegmentedRaftLog:OPENED:c-1,f-1,i0, conf=-1: [9092f221-0e0d-4970-bb84-cacd95020f21:192.168.164.213:41903, af280123-6372-4d1f-a5d4-c36229a73203:192.168.164.213:35334, b4ae536c-ed18-4717-a75c-ca4b5d6c4001:192.168.164.213:41180], old=null
2019-10-24 15:43:55,572 [af280123-6372-4d1f-a5d4-c36229a73203@group-75C85B6D1182-LeaderElection64] INFO  impl.RaftServerImpl (RaftServerImpl.java:setRole(184)) - af280123-6372-4d1f-a5d4-c36229a73203@group-75C85B6D1182: changes role from CANDIDATE to FOLLOWER at term 48 for DISCOVERED_A_NEW_TERM
2019-10-24 15:43:55,572 [af280123-6372-4d1f-a5d4-c36229a73203@group-75C85B6D1182-LeaderElection64] INFO  impl.RoleInfo (RoleInfo.java:shutdownLeaderElection(134)) - af280123-6372-4d1f-a5d4-c36229a73203: shutdown LeaderElection
2019-10-24 15:43:55,573 [af280123-6372-4d1f-a5d4-c36229a73203@group-75C85B6D1182-LeaderElection64] INFO  impl.RoleInfo (RoleInfo.java:updateAndGet(143)) - af280123-6372-4d1f-a5d4-c36229a73203: start FollowerState
2019-10-24 15:43:55,629 [Thread-828] INFO  impl.FollowerState (FollowerState.java:run(108)) - af280123-6372-4d1f-a5d4-c36229a73203@group-75C85B6D1182-FollowerState: change to CANDIDATE, lastRpcTime:56ms, electionTimeout:56ms
2019-10-24 15:43:55,629 [Thread-828] INFO  impl.RoleInfo (RoleInfo.java:shutdownFollowerState(121)) - af280123-6372-4d1f-a5d4-c36229a73203: shutdown FollowerState
2019-10-24 15:43:55,629 [Thread-828] INFO  impl.RaftServerImpl (RaftServerImpl.java:setRole(184)) - af280123-6372-4d1f-a5d4-c36229a73203@group-75C85B6D1182: changes role from  FOLLOWER to CANDIDATE at term 48 for changeToCandidate
2019-10-24 15:43:55,630 [Thread-828] INFO  impl.RoleInfo (RoleInfo.java:updateAndGet(143)) - af280123-6372-4d1f-a5d4-c36229a73203: start LeaderElection
2019-10-24 15:43:55,643 [af280123-6372-4d1f-a5d4-c36229a73203@group-75C85B6D1182-LeaderElection65] INFO  impl.LeaderElection (LeaderElection.java:askForVotes(178)) - af280123-6372-4d1f-a5d4-c36229a73203@group-75C85B6D1182-LeaderElection65: begin an election at term 49 for -1: [9092f221-0e0d-4970-bb84-cacd95020f21:192.168.164.213:41903, af280123-6372-4d1f-a5d4-c36229a73203:192.168.164.213:35334, b4ae536c-ed18-4717-a75c-ca4b5d6c4001:192.168.164.213:41180], old=null
2019-10-24 15:43:55,647 [grpc-default-executor-1] INFO  impl.RaftServerImpl (RaftServerImpl.java:setRole(184)) - 9092f221-0e0d-4970-bb84-cacd95020f21@group-75C85B6D1182: changes role from  FOLLOWER to FOLLOWER at term 49 for recognizeCandidate:af280123-6372-4d1f-a5d4-c36229a73203
2019-10-24 15:43:55,647 [grpc-default-executor-5] INFO  impl.RaftServerImpl (RaftServerImpl.java:setRole(184)) - b4ae536c-ed18-4717-a75c-ca4b5d6c4001@group-75C85B6D1182: changes role from  FOLLOWER to FOLLOWER at term 49 for recognizeCandidate:af280123-6372-4d1f-a5d4-c36229a73203
2019-10-24 15:43:55,647 [grpc-default-executor-1] INFO  impl.RoleInfo (RoleInfo.java:shutdownFollowerState(121)) - 9092f221-0e0d-4970-bb84-cacd95020f21: shutdown FollowerState
2019-10-24 15:43:55,647 [grpc-default-executor-5] INFO  impl.RoleInfo (RoleInfo.java:shutdownFollowerState(121)) - b4ae536c-ed18-4717-a75c-ca4b5d6c4001: shutdown FollowerState
2019-10-24 15:43:55,647 [Thread-826] INFO  impl.FollowerState (FollowerState.java:run(117)) - 9092f221-0e0d-4970-bb84-cacd95020f21@group-75C85B6D1182-FollowerState was interrupted: java.lang.InterruptedException: sleep interrupted
2019-10-24 15:43:55,647 [grpc-default-executor-5] INFO  impl.RoleInfo (RoleInfo.java:updateAndGet(143)) - b4ae536c-ed18-4717-a75c-ca4b5d6c4001: start FollowerState
2019-10-24 15:43:55,647 [grpc-default-executor-1] INFO  impl.RoleInfo (RoleInfo.java:updateAndGet(143)) - 9092f221-0e0d-4970-bb84-cacd95020f21: start FollowerState
2019-10-24 15:43:55,647 [Thread-827] INFO  impl.FollowerState (FollowerState.java:run(117)) - b4ae536c-ed18-4717-a75c-ca4b5d6c4001@group-75C85B6D1182-FollowerState was interrupted: java.lang.InterruptedException: sleep interrupted
2019-10-24 15:43:55,649 [af280123-6372-4d1f-a5d4-c36229a73203@group-75C85B6D1182-LeaderElection65] INFO  impl.LeaderElection (LeaderElection.java:logAndReturn(56)) - af280123-6372-4d1f-a5d4-c36229a73203@group-75C85B6D1182-LeaderElection65: Election TIMEOUT; received 0 response(s) [] and 0 exception(s); af280123-6372-4d1f-a5d4-c36229a73203@group-75C85B6D1182:t49, leader=null, voted=af280123-6372-4d1f-a5d4-c36229a73203, raftlog=af280123-6372-4d1f-a5d4-c36229a73203@group-75C85B6D1182-SegmentedRaftLog:OPENED:c-1,f-1,i0, conf=-1: [9092f221-0e0d-4970-bb84-cacd95020f21:192.168.164.213:41903, af280123-6372-4d1f-a5d4-c36229a73203:192.168.164.213:35334, b4ae536c-ed18-4717-a75c-ca4b5d6c4001:192.168.164.213:41180], old=null
2019-10-24 15:43:55,659 [af280123-6372-4d1f-a5d4-c36229a73203@group-75C85B6D1182-LeaderElection65] INFO  impl.LeaderElection (LeaderElection.java:askForVotes(178)) - af280123-6372-4d1f-a5d4-c36229a73203@group-75C85B6D1182-LeaderElection65: begin an election at term 50 for -1: [9092f221-0e0d-4970-bb84-cacd95020f21:192.168.164.213:41903, af280123-6372-4d1f-a5d4-c36229a73203:192.168.164.213:35334, b4ae536c-ed18-4717-a75c-ca4b5d6c4001:192.168.164.213:41180], old=null
2019-10-24 15:43:55,662 [grpc-default-executor-1] INFO  impl.RaftServerImpl (RaftServerImpl.java:setRole(184)) - 9092f221-0e0d-4970-bb84-cacd95020f21@group-75C85B6D1182: changes role from  FOLLOWER to FOLLOWER at term 50 for recognizeCandidate:af280123-6372-4d1f-a5d4-c36229a73203
2019-10-24 15:43:55,662 [grpc-default-executor-5] INFO  impl.RaftServerImpl (RaftServerImpl.java:setRole(184)) - b4ae536c-ed18-4717-a75c-ca4b5d6c4001@group-75C85B6D1182: changes role from  FOLLOWER to FOLLOWER at term 50 for recognizeCandidate:af280123-6372-4d1f-a5d4-c36229a73203
2019-10-24 15:43:55,662 [grpc-default-executor-1] INFO  impl.RoleInfo (RoleInfo.java:shutdownFollowerState(121)) - 9092f221-0e0d-4970-bb84-cacd95020f21: shutdown FollowerState
2019-10-24 15:43:55,662 [grpc-default-executor-5] INFO  impl.RoleInfo (RoleInfo.java:shutdownFollowerState(121)) - b4ae536c-ed18-4717-a75c-ca4b5d6c4001: shutdown FollowerState
2019-10-24 15:43:55,662 [Thread-832] INFO  impl.FollowerState (FollowerState.java:run(117)) - 9092f221-0e0d-4970-bb84-cacd95020f21@group-75C85B6D1182-FollowerState was interrupted: java.lang.InterruptedException: sleep interrupted
2019-10-24 15:43:55,662 [grpc-default-executor-1] INFO  impl.RoleInfo (RoleInfo.java:updateAndGet(143)) - 9092f221-0e0d-4970-bb84-cacd95020f21: start FollowerState
2019-10-24 15:43:55,662 [grpc-default-executor-5] INFO  impl.RoleInfo (RoleInfo.java:updateAndGet(143)) - b4ae536c-ed18-4717-a75c-ca4b5d6c4001: start FollowerState
2019-10-24 15:43:55,662 [Thread-833] INFO  impl.FollowerState (FollowerState.java:run(117)) - b4ae536c-ed18-4717-a75c-ca4b5d6c4001@group-75C85B6D1182-FollowerState was interrupted: java.lang.InterruptedException: sleep interrupted
2019-10-24 15:43:55,674 [af280123-6372-4d1f-a5d4-c36229a73203@group-75C85B6D1182-LeaderElection65] INFO  impl.LeaderElection (LeaderElection.java:logAndReturn(56)) - af280123-6372-4d1f-a5d4-c36229a73203@group-75C85B6D1182-LeaderElection65: Election REJECTED; received 2 response(s) [af280123-6372-4d1f-a5d4-c36229a73203<-9092f221-0e0d-4970-bb84-cacd95020f21#0:FAIL-t50, af280123-6372-4d1f-a5d4-c36229a73203<-b4ae536c-ed18-4717-a75c-ca4b5d6c4001#0:FAIL-t50] and 0 exception(s); af280123-6372-4d1f-a5d4-c36229a73203@group-75C85B6D1182:t50, leader=null, voted=af280123-6372-4d1f-a5d4-c36229a73203, raftlog=af280123-6372-4d1f-a5d4-c36229a73203@group-75C85B6D1182-SegmentedRaftLog:OPENED:c-1,f-1,i0, conf=-1: [9092f221-0e0d-4970-bb84-cacd95020f21:192.168.164.213:41903, af280123-6372-4d1f-a5d4-c36229a73203:192.168.164.213:35334, b4ae536c-ed18-4717-a75c-ca4b5d6c4001:192.168.164.213:41180], old=null
2019-10-24 15:43:55,674 [af280123-6372-4d1f-a5d4-c36229a73203@group-75C85B6D1182-LeaderElection65] INFO  impl.RaftServerImpl (RaftServerImpl.java:setRole(184)) - af280123-6372-4d1f-a5d4-c36229a73203@group-75C85B6D1182: changes role from CANDIDATE to FOLLOWER at term 50 for DISCOVERED_A_NEW_TERM
2019-10-24 15:43:55,674 [af280123-6372-4d1f-a5d4-c36229a73203@group-75C85B6D1182-LeaderElection65] INFO  impl.RoleInfo (RoleInfo.java:shutdownLeaderElection(134)) - af280123-6372-4d1f-a5d4-c36229a73203: shutdown LeaderElection
2019-10-24 15:43:55,674 [af280123-6372-4d1f-a5d4-c36229a73203@group-75C85B6D1182-LeaderElection65] INFO  impl.RoleInfo (RoleInfo.java:updateAndGet(143)) - af280123-6372-4d1f-a5d4-c36229a73203: start FollowerState
2019-10-24 15:43:55,675 [Thread-838] INFO  impl.FollowerState (FollowerState.java:run(108)) - af280123-6372-4d1f-a5d4-c36229a73203@group-75C85B6D1182-FollowerState: change to CANDIDATE, lastRpcTime:1ms, electionTimeout:1ms
2019-10-24 15:43:55,675 [Thread-838] INFO  impl.RoleInfo (RoleInfo.java:shutdownFollowerState(121)) - af280123-6372-4d1f-a5d4-c36229a73203: shutdown FollowerState
2019-10-24 15:43:55,675 [Thread-838] INFO  impl.RaftServerImpl (RaftServerImpl.java:setRole(184)) - af280123-6372-4d1f-a5d4-c36229a73203@group-75C85B6D1182: changes role from  FOLLOWER to CANDIDATE at term 50 for changeToCandidate
2019-10-24 15:43:55,675 [Thread-838] INFO  impl.RoleInfo (RoleInfo.java:updateAndGet(143)) - af280123-6372-4d1f-a5d4-c36229a73203: start LeaderElection
2019-10-24 15:43:55,689 [af280123-6372-4d1f-a5d4-c36229a73203@group-75C85B6D1182-LeaderElection66] INFO  impl.LeaderElection (LeaderElection.java:askForVotes(178)) - af280123-6372-4d1f-a5d4-c36229a73203@group-75C85B6D1182-LeaderElection66: begin an election at term 51 for -1: [9092f221-0e0d-4970-bb84-cacd95020f21:192.168.164.213:41903, af280123-6372-4d1f-a5d4-c36229a73203:192.168.164.213:35334, b4ae536c-ed18-4717-a75c-ca4b5d6c4001:192.168.164.213:41180], old=null
2019-10-24 15:43:55,691 [grpc-default-executor-1] INFO  impl.RaftServerImpl (RaftServerImpl.java:setRole(184)) - 9092f221-0e0d-4970-bb84-cacd95020f21@group-75C85B6D1182: changes role from  FOLLOWER to FOLLOWER at term 51 for recognizeCandidate:af280123-6372-4d1f-a5d4-c36229a73203
2019-10-24 15:43:55,692 [grpc-default-executor-1] INFO  impl.RoleInfo (RoleInfo.java:shutdownFollowerState(121)) - 9092f221-0e0d-4970-bb84-cacd95020f21: shutdown FollowerState
2019-10-24 15:43:55,692 [grpc-default-executor-5] INFO  impl.RaftServerImpl (RaftServerImpl.java:setRole(184)) - b4ae536c-ed18-4717-a75c-ca4b5d6c4001@group-75C85B6D1182: changes role from  FOLLOWER to FOLLOWER at term 51 for recognizeCandidate:af280123-6372-4d1f-a5d4-c36229a73203
2019-10-24 15:43:55,692 [Thread-836] INFO  impl.FollowerState (FollowerState.java:run(117)) - 9092f221-0e0d-4970-bb84-cacd95020f21@group-75C85B6D1182-FollowerState was interrupted: java.lang.InterruptedException: sleep interrupted
2019-10-24 15:43:55,692 [grpc-default-executor-1] INFO  impl.RoleInfo (RoleInfo.java:updateAndGet(143)) - 9092f221-0e0d-4970-bb84-cacd95020f21: start FollowerState
2019-10-24 15:43:55,692 [grpc-default-executor-5] INFO  impl.RoleInfo (RoleInfo.java:shutdownFollowerState(121)) - b4ae536c-ed18-4717-a75c-ca4b5d6c4001: shutdown FollowerState
2019-10-24 15:43:55,692 [Thread-837] INFO  impl.FollowerState (FollowerState.java:run(117)) - b4ae536c-ed18-4717-a75c-ca4b5d6c4001@group-75C85B6D1182-FollowerState was interrupted: java.lang.InterruptedException: sleep interrupted
2019-10-24 15:43:55,692 [grpc-default-executor-5] INFO  impl.RoleInfo (RoleInfo.java:updateAndGet(143)) - b4ae536c-ed18-4717-a75c-ca4b5d6c4001: start FollowerState
2019-10-24 15:43:55,707 [af280123-6372-4d1f-a5d4-c36229a73203@group-75C85B6D1182-LeaderElection66] INFO  impl.LeaderElection (LeaderElection.java:logAndReturn(56)) - af280123-6372-4d1f-a5d4-c36229a73203@group-75C85B6D1182-LeaderElection66: Election REJECTED; received 2 response(s) [af280123-6372-4d1f-a5d4-c36229a73203<-9092f221-0e0d-4970-bb84-cacd95020f21#0:FAIL-t51, af280123-6372-4d1f-a5d4-c36229a73203<-b4ae536c-ed18-4717-a75c-ca4b5d6c4001#0:FAIL-t51] and 0 exception(s); af280123-6372-4d1f-a5d4-c36229a73203@group-75C85B6D1182:t51, leader=null, voted=af280123-6372-4d1f-a5d4-c36229a73203, raftlog=af280123-6372-4d1f-a5d4-c36229a73203@group-75C85B6D1182-SegmentedRaftLog:OPENED:c-1,f-1,i0, conf=-1: [9092f221-0e0d-4970-bb84-cacd95020f21:192.168.164.213:41903, af280123-6372-4d1f-a5d4-c36229a73203:192.168.164.213:35334, b4ae536c-ed18-4717-a75c-ca4b5d6c4001:192.168.164.213:41180], old=null
2019-10-24 15:43:55,707 [af280123-6372-4d1f-a5d4-c36229a73203@group-75C85B6D1182-LeaderElection66] INFO  impl.RaftServerImpl (RaftServerImpl.java:setRole(184)) - af280123-6372-4d1f-a5d4-c36229a73203@group-75C85B6D1182: changes role from CANDIDATE to FOLLOWER at term 51 for DISCOVERED_A_NEW_TERM
2019-10-24 15:43:55,707 [af280123-6372-4d1f-a5d4-c36229a73203@group-75C85B6D1182-LeaderElection66] INFO  impl.RoleInfo (RoleInfo.java:shutdownLeaderElection(134)) - af280123-6372-4d1f-a5d4-c36229a73203: shutdown LeaderElection
2019-10-24 15:43:55,707 [af280123-6372-4d1f-a5d4-c36229a73203@group-75C85B6D1182-LeaderElection66] INFO  impl.RoleInfo (RoleInfo.java:updateAndGet(143)) - af280123-6372-4d1f-a5d4-c36229a73203: start FollowerState
2019-10-24 15:43:55,835 [Thread-844] INFO  impl.FollowerState (FollowerState.java:run(108)) - af280123-6372-4d1f-a5d4-c36229a73203@group-75C85B6D1182-FollowerState: change to CANDIDATE, lastRpcTime:127ms, electionTimeout:127ms
2019-10-24 15:43:55,835 [Thread-844] INFO  impl.RoleInfo (RoleInfo.java:shutdownFollowerState(121)) - af280123-6372-4d1f-a5d4-c36229a73203: shutdown FollowerState
2019-10-24 15:43:55,835 [Thread-844] INFO  impl.RaftServerImpl (RaftServerImpl.java:setRole(184)) - af280123-6372-4d1f-a5d4-c36229a73203@group-75C85B6D1182: changes role from  FOLLOWER to CANDIDATE at term 51 for changeToCandidate
2019-10-24 15:43:55,835 [Thread-844] INFO  impl.RoleInfo (RoleInfo.java:updateAndGet(143)) - af280123-6372-4d1f-a5d4-c36229a73203: start LeaderElection
2019-10-24 15:43:55,849 [af280123-6372-4d1f-a5d4-c36229a73203@group-75C85B6D1182-LeaderElection67] INFO  impl.LeaderElection (LeaderElection.java:askForVotes(178)) - af280123-6372-4d1f-a5d4-c36229a73203@group-75C85B6D1182-LeaderElection67: begin an election at term 52 for -1: [9092f221-0e0d-4970-bb84-cacd95020f21:192.168.164.213:41903, af280123-6372-4d1f-a5d4-c36229a73203:192.168.164.213:35334, b4ae536c-ed18-4717-a75c-ca4b5d6c4001:192.168.164.213:41180], old=null
2019-10-24 15:43:55,851 [grpc-default-executor-1] INFO  impl.RaftServerImpl (RaftServerImpl.java:setRole(184)) - 9092f221-0e0d-4970-bb84-cacd95020f21@group-75C85B6D1182: changes role from  FOLLOWER to FOLLOWER at term 52 for recognizeCandidate:af280123-6372-4d1f-a5d4-c36229a73203
2019-10-24 15:43:55,851 [grpc-default-executor-1] INFO  impl.RoleInfo (RoleInfo.java:shutdownFollowerState(121)) - 9092f221-0e0d-4970-bb84-cacd95020f21: shutdown FollowerState
2019-10-24 15:43:55,851 [grpc-default-executor-5] INFO  impl.RaftServerImpl (RaftServerImpl.java:setRole(184)) - b4ae536c-ed18-4717-a75c-ca4b5d6c4001@group-75C85B6D1182: changes role from  FOLLOWER to FOLLOWER at term 52 for recognizeCandidate:af280123-6372-4d1f-a5d4-c36229a73203
2019-10-24 15:43:55,852 [Thread-842] INFO  impl.FollowerState (FollowerState.java:run(117)) - 9092f221-0e0d-4970-bb84-cacd95020f21@group-75C85B6D1182-FollowerState was interrupted: java.lang.InterruptedException: sleep interrupted
2019-10-24 15:43:55,852 [grpc-default-executor-1] INFO  impl.RoleInfo (RoleInfo.java:updateAndGet(143)) - 9092f221-0e0d-4970-bb84-cacd95020f21: start FollowerState
2019-10-24 15:43:55,852 [grpc-default-executor-5] INFO  impl.RoleInfo (RoleInfo.java:shutdownFollowerState(121)) - b4ae536c-ed18-4717-a75c-ca4b5d6c4001: shutdown FollowerState
2019-10-24 15:43:55,852 [grpc-default-executor-5] INFO  impl.RoleInfo (RoleInfo.java:updateAndGet(143)) - b4ae536c-ed18-4717-a75c-ca4b5d6c4001: start FollowerState
2019-10-24 15:43:55,852 [Thread-843] INFO  impl.FollowerState (FollowerState.java:run(117)) - b4ae536c-ed18-4717-a75c-ca4b5d6c4001@group-75C85B6D1182-FollowerState was interrupted: java.lang.InterruptedException: sleep interrupted
2019-10-24 15:43:55,867 [af280123-6372-4d1f-a5d4-c36229a73203@group-75C85B6D1182-LeaderElection67] INFO  impl.LeaderElection (LeaderElection.java:logAndReturn(56)) - af280123-6372-4d1f-a5d4-c36229a73203@group-75C85B6D1182-LeaderElection67: Election REJECTED; received 2 response(s) [af280123-6372-4d1f-a5d4-c36229a73203<-9092f221-0e0d-4970-bb84-cacd95020f21#0:FAIL-t52, af280123-6372-4d1f-a5d4-c36229a73203<-b4ae536c-ed18-4717-a75c-ca4b5d6c4001#0:FAIL-t52] and 0 exception(s); af280123-6372-4d1f-a5d4-c36229a73203@group-75C85B6D1182:t52, leader=null, voted=af280123-6372-4d1f-a5d4-c36229a73203, raftlog=af280123-6372-4d1f-a5d4-c36229a73203@group-75C85B6D1182-SegmentedRaftLog:OPENED:c-1,f-1,i0, conf=-1: [9092f221-0e0d-4970-bb84-cacd95020f21:192.168.164.213:41903, af280123-6372-4d1f-a5d4-c36229a73203:192.168.164.213:35334, b4ae536c-ed18-4717-a75c-ca4b5d6c4001:192.168.164.213:41180], old=null
2019-10-24 15:43:55,867 [af280123-6372-4d1f-a5d4-c36229a73203@group-75C85B6D1182-LeaderElection67] INFO  impl.RaftServerImpl (RaftServerImpl.java:setRole(184)) - af280123-6372-4d1f-a5d4-c36229a73203@group-75C85B6D1182: changes role from CANDIDATE to FOLLOWER at term 52 for DISCOVERED_A_NEW_TERM
2019-10-24 15:43:55,867 [af280123-6372-4d1f-a5d4-c36229a73203@group-75C85B6D1182-LeaderElection67] INFO  impl.RoleInfo (RoleInfo.java:shutdownLeaderElection(134)) - af280123-6372-4d1f-a5d4-c36229a73203: shutdown LeaderElection
2019-10-24 15:43:55,867 [af280123-6372-4d1f-a5d4-c36229a73203@group-75C85B6D1182-LeaderElection67] INFO  impl.RoleInfo (RoleInfo.java:updateAndGet(143)) - af280123-6372-4d1f-a5d4-c36229a73203: start FollowerState
2019-10-24 15:43:55,873 [Thread-850] INFO  impl.FollowerState (FollowerState.java:run(108)) - af280123-6372-4d1f-a5d4-c36229a73203@group-75C85B6D1182-FollowerState: change to CANDIDATE, lastRpcTime:6ms, electionTimeout:6ms
2019-10-24 15:43:55,873 [Thread-850] INFO  impl.RoleInfo (RoleInfo.java:shutdownFollowerState(121)) - af280123-6372-4d1f-a5d4-c36229a73203: shutdown FollowerState
2019-10-24 15:43:55,873 [Thread-850] INFO  impl.RaftServerImpl (RaftServerImpl.java:setRole(184)) - af280123-6372-4d1f-a5d4-c36229a73203@group-75C85B6D1182: changes role from  FOLLOWER to CANDIDATE at term 52 for changeToCandidate
2019-10-24 15:43:55,874 [Thread-850] INFO  impl.RoleInfo (RoleInfo.java:updateAndGet(143)) - af280123-6372-4d1f-a5d4-c36229a73203: start LeaderElection
2019-10-24 15:43:55,887 [af280123-6372-4d1f-a5d4-c36229a73203@group-75C85B6D1182-LeaderElection68] INFO  impl.LeaderElection (LeaderElection.java:askForVotes(178)) - af280123-6372-4d1f-a5d4-c36229a73203@group-75C85B6D1182-LeaderElection68: begin an election at term 53 for -1: [9092f221-0e0d-4970-bb84-cacd95020f21:192.168.164.213:41903, af280123-6372-4d1f-a5d4-c36229a73203:192.168.164.213:35334, b4ae536c-ed18-4717-a75c-ca4b5d6c4001:192.168.164.213:41180], old=null
2019-10-24 15:43:55,890 [grpc-default-executor-1] INFO  impl.RaftServerImpl (RaftServerImpl.java:setRole(184)) - 9092f221-0e0d-4970-bb84-cacd95020f21@group-75C85B6D1182: changes role from  FOLLOWER to FOLLOWER at term 53 for recognizeCandidate:af280123-6372-4d1f-a5d4-c36229a73203
2019-10-24 15:43:55,890 [grpc-default-executor-5] INFO  impl.RaftServerImpl (RaftServerImpl.java:setRole(184)) - b4ae536c-ed18-4717-a75c-ca4b5d6c4001@group-75C85B6D1182: changes role from  FOLLOWER to FOLLOWER at term 53 for recognizeCandidate:af280123-6372-4d1f-a5d4-c36229a73203
2019-10-24 15:43:55,890 [grpc-default-executor-5] INFO  impl.RoleInfo (RoleInfo.java:shutdownFollowerState(121)) - b4ae536c-ed18-4717-a75c-ca4b5d6c4001: shutdown FollowerState
2019-10-24 15:43:55,890 [grpc-default-executor-1] INFO  impl.RoleInfo (RoleInfo.java:shutdownFollowerState(121)) - 9092f221-0e0d-4970-bb84-cacd95020f21: shutdown FollowerState
2019-10-24 15:43:55,890 [Thread-849] INFO  impl.FollowerState (FollowerState.java:run(117)) - b4ae536c-ed18-4717-a75c-ca4b5d6c4001@group-75C85B6D1182-FollowerState was interrupted: java.lang.InterruptedException: sleep interrupted
2019-10-24 15:43:55,890 [grpc-default-executor-5] INFO  impl.RoleInfo (RoleInfo.java:updateAndGet(143)) - b4ae536c-ed18-4717-a75c-ca4b5d6c4001: start FollowerState
2019-10-24 15:43:55,891 [Thread-848] INFO  impl.FollowerState (FollowerState.java:run(117)) - 9092f221-0e0d-4970-bb84-cacd95020f21@group-75C85B6D1182-FollowerState was interrupted: java.lang.InterruptedException: sleep interrupted
2019-10-24 15:43:55,891 [grpc-default-executor-1] INFO  impl.RoleInfo (RoleInfo.java:updateAndGet(143)) - 9092f221-0e0d-4970-bb84-cacd95020f21: start FollowerState
2019-10-24 15:43:55,905 [af280123-6372-4d1f-a5d4-c36229a73203@group-75C85B6D1182-LeaderElection68] INFO  impl.LeaderElection (LeaderElection.java:logAndReturn(56)) - af280123-6372-4d1f-a5d4-c36229a73203@group-75C85B6D1182-LeaderElection68: Election REJECTED; received 2 response(s) [af280123-6372-4d1f-a5d4-c36229a73203<-9092f221-0e0d-4970-bb84-cacd95020f21#0:FAIL-t53, af280123-6372-4d1f-a5d4-c36229a73203<-b4ae536c-ed18-4717-a75c-ca4b5d6c4001#0:FAIL-t53] and 0 exception(s); af280123-6372-4d1f-a5d4-c36229a73203@group-75C85B6D1182:t53, leader=null, voted=af280123-6372-4d1f-a5d4-c36229a73203, raftlog=af280123-6372-4d1f-a5d4-c36229a73203@group-75C85B6D1182-SegmentedRaftLog:OPENED:c-1,f-1,i0, conf=-1: [9092f221-0e0d-4970-bb84-cacd95020f21:192.168.164.213:41903, af280123-6372-4d1f-a5d4-c36229a73203:192.168.164.213:35334, b4ae536c-ed18-4717-a75c-ca4b5d6c4001:192.168.164.213:41180], old=null
2019-10-24 15:43:55,906 [af280123-6372-4d1f-a5d4-c36229a73203@group-75C85B6D1182-LeaderElection68] INFO  impl.RaftServerImpl (RaftServerImpl.java:setRole(184)) - af280123-6372-4d1f-a5d4-c36229a73203@group-75C85B6D1182: changes role from CANDIDATE to FOLLOWER at term 53 for DISCOVERED_A_NEW_TERM
2019-10-24 15:43:55,906 [af280123-6372-4d1f-a5d4-c36229a73203@group-75C85B6D1182-LeaderElection68] INFO  impl.RoleInfo (RoleInfo.java:shutdownLeaderElection(134)) - af280123-6372-4d1f-a5d4-c36229a73203: shutdown LeaderElection
2019-10-24 15:43:55,906 [af280123-6372-4d1f-a5d4-c36229a73203@group-75C85B6D1182-LeaderElection68] INFO  impl.RoleInfo (RoleInfo.java:updateAndGet(143)) - af280123-6372-4d1f-a5d4-c36229a73203: start FollowerState
2019-10-24 15:43:56,021 [Thread-856] INFO  impl.FollowerState (FollowerState.java:run(108)) - af280123-6372-4d1f-a5d4-c36229a73203@group-75C85B6D1182-FollowerState: change to CANDIDATE, lastRpcTime:115ms, electionTimeout:115ms
2019-10-24 15:43:56,022 [Thread-856] INFO  impl.RoleInfo (RoleInfo.java:shutdownFollowerState(121)) - af280123-6372-4d1f-a5d4-c36229a73203: shutdown FollowerState
2019-10-24 15:43:56,022 [Thread-856] INFO  impl.RaftServerImpl (RaftServerImpl.java:setRole(184)) - af280123-6372-4d1f-a5d4-c36229a73203@group-75C85B6D1182: changes role from  FOLLOWER to CANDIDATE at term 53 for changeToCandidate
2019-10-24 15:43:56,022 [Thread-856] INFO  impl.RoleInfo (RoleInfo.java:updateAndGet(143)) - af280123-6372-4d1f-a5d4-c36229a73203: start LeaderElection
2019-10-24 15:43:56,036 [af280123-6372-4d1f-a5d4-c36229a73203@group-75C85B6D1182-LeaderElection69] INFO  impl.LeaderElection (LeaderElection.java:askForVotes(178)) - af280123-6372-4d1f-a5d4-c36229a73203@group-75C85B6D1182-LeaderElection69: begin an election at term 54 for -1: [9092f221-0e0d-4970-bb84-cacd95020f21:192.168.164.213:41903, af280123-6372-4d1f-a5d4-c36229a73203:192.168.164.213:35334, b4ae536c-ed18-4717-a75c-ca4b5d6c4001:192.168.164.213:41180], old=null
2019-10-24 15:43:56,040 [grpc-default-executor-1] INFO  impl.RaftServerImpl (RaftServerImpl.java:setRole(184)) - b4ae536c-ed18-4717-a75c-ca4b5d6c4001@group-75C85B6D1182: changes role from  FOLLOWER to FOLLOWER at term 54 for recognizeCandidate:af280123-6372-4d1f-a5d4-c36229a73203
2019-10-24 15:43:56,040 [grpc-default-executor-5] INFO  impl.RaftServerImpl (RaftServerImpl.java:setRole(184)) - 9092f221-0e0d-4970-bb84-cacd95020f21@group-75C85B6D1182: changes role from  FOLLOWER to FOLLOWER at term 54 for recognizeCandidate:af280123-6372-4d1f-a5d4-c36229a73203
2019-10-24 15:43:56,040 [grpc-default-executor-1] INFO  impl.RoleInfo (RoleInfo.java:shutdownFollowerState(121)) - b4ae536c-ed18-4717-a75c-ca4b5d6c4001: shutdown FollowerState
2019-10-24 15:43:56,040 [grpc-default-executor-5] INFO  impl.RoleInfo (RoleInfo.java:shutdownFollowerState(121)) - 9092f221-0e0d-4970-bb84-cacd95020f21: shutdown FollowerState
2019-10-24 15:43:56,040 [Thread-854] INFO  impl.FollowerState (FollowerState.java:run(117)) - b4ae536c-ed18-4717-a75c-ca4b5d6c4001@group-75C85B6D1182-FollowerState was interrupted: java.lang.InterruptedException: sleep interrupted
2019-10-24 15:43:56,040 [grpc-default-executor-1] INFO  impl.RoleInfo (RoleInfo.java:updateAndGet(143)) - b4ae536c-ed18-4717-a75c-ca4b5d6c4001: start FollowerState
2019-10-24 15:43:56,040 [grpc-default-executor-5] INFO  impl.RoleInfo (RoleInfo.java:updateAndGet(143)) - 9092f221-0e0d-4970-bb84-cacd95020f21: start FollowerState
2019-10-24 15:43:56,040 [Thread-855] INFO  impl.FollowerState (FollowerState.java:run(117)) - 9092f221-0e0d-4970-bb84-cacd95020f21@group-75C85B6D1182-FollowerState was interrupted: java.lang.InterruptedException: sleep interrupted
2019-10-24 15:43:56,056 [af280123-6372-4d1f-a5d4-c36229a73203@group-75C85B6D1182-LeaderElection69] INFO  impl.LeaderElection (LeaderElection.java:logAndReturn(56)) - af280123-6372-4d1f-a5d4-c36229a73203@group-75C85B6D1182-LeaderElection69: Election REJECTED; received 2 response(s) [af280123-6372-4d1f-a5d4-c36229a73203<-9092f221-0e0d-4970-bb84-cacd95020f21#0:FAIL-t54, af280123-6372-4d1f-a5d4-c36229a73203<-b4ae536c-ed18-4717-a75c-ca4b5d6c4001#0:FAIL-t54] and 0 exception(s); af280123-6372-4d1f-a5d4-c36229a73203@group-75C85B6D1182:t54, leader=null, voted=af280123-6372-4d1f-a5d4-c36229a73203, raftlog=af280123-6372-4d1f-a5d4-c36229a73203@group-75C85B6D1182-SegmentedRaftLog:OPENED:c-1,f-1,i0, conf=-1: [9092f221-0e0d-4970-bb84-cacd95020f21:192.168.164.213:41903, af280123-6372-4d1f-a5d4-c36229a73203:192.168.164.213:35334, b4ae536c-ed18-4717-a75c-ca4b5d6c4001:192.168.164.213:41180], old=null
2019-10-24 15:43:56,056 [af280123-6372-4d1f-a5d4-c36229a73203@group-75C85B6D1182-LeaderElection69] INFO  impl.RaftServerImpl (RaftServerImpl.java:setRole(184)) - af280123-6372-4d1f-a5d4-c36229a73203@group-75C85B6D1182: changes role from CANDIDATE to FOLLOWER at term 54 for DISCOVERED_A_NEW_TERM
2019-10-24 15:43:56,056 [af280123-6372-4d1f-a5d4-c36229a73203@group-75C85B6D1182-LeaderElection69] INFO  impl.RoleInfo (RoleInfo.java:shutdownLeaderElection(134)) - af280123-6372-4d1f-a5d4-c36229a73203: shutdown LeaderElection
2019-10-24 15:43:56,056 [af280123-6372-4d1f-a5d4-c36229a73203@group-75C85B6D1182-LeaderElection69] INFO  impl.RoleInfo (RoleInfo.java:updateAndGet(143)) - af280123-6372-4d1f-a5d4-c36229a73203: start FollowerState
2019-10-24 15:43:56,192 [Thread-866] INFO  impl.FollowerState (FollowerState.java:run(108)) - af280123-6372-4d1f-a5d4-c36229a73203@group-75C85B6D1182-FollowerState: change to CANDIDATE, lastRpcTime:136ms, electionTimeout:136ms
2019-10-24 15:43:56,193 [Thread-866] INFO  impl.RoleInfo (RoleInfo.java:shutdownFollowerState(121)) - af280123-6372-4d1f-a5d4-c36229a73203: shutdown FollowerState
2019-10-24 15:43:56,193 [Thread-866] INFO  impl.RaftServerImpl (RaftServerImpl.java:setRole(184)) - af280123-6372-4d1f-a5d4-c36229a73203@group-75C85B6D1182: changes role from  FOLLOWER to CANDIDATE at term 54 for changeToCandidate
2019-10-24 15:43:56,193 [Thread-866] INFO  impl.RoleInfo (RoleInfo.java:updateAndGet(143)) - af280123-6372-4d1f-a5d4-c36229a73203: start LeaderElection
2019-10-24 15:43:56,222 [af280123-6372-4d1f-a5d4-c36229a73203@group-75C85B6D1182-LeaderElection70] INFO  impl.LeaderElection (LeaderElection.java:askForVotes(178)) - af280123-6372-4d1f-a5d4-c36229a73203@group-75C85B6D1182-LeaderElection70: begin an election at term 55 for -1: [9092f221-0e0d-4970-bb84-cacd95020f21:192.168.164.213:41903, af280123-6372-4d1f-a5d4-c36229a73203:192.168.164.213:35334, b4ae536c-ed18-4717-a75c-ca4b5d6c4001:192.168.164.213:41180], old=null
2019-10-24 15:43:56,228 [grpc-default-executor-1] INFO  impl.RaftServerImpl (RaftServerImpl.java:setRole(184)) - 9092f221-0e0d-4970-bb84-cacd95020f21@group-75C85B6D1182: changes role from  FOLLOWER to FOLLOWER at term 55 for recognizeCandidate:af280123-6372-4d1f-a5d4-c36229a73203
2019-10-24 15:43:56,228 [grpc-default-executor-5] INFO  impl.RaftServerImpl (RaftServerImpl.java:setRole(184)) - b4ae536c-ed18-4717-a75c-ca4b5d6c4001@group-75C85B6D1182: changes role from  FOLLOWER to FOLLOWER at term 55 for recognizeCandidate:af280123-6372-4d1f-a5d4-c36229a73203
2019-10-24 15:43:56,228 [grpc-default-executor-1] INFO  impl.RoleInfo (RoleInfo.java:shutdownFollowerState(121)) - 9092f221-0e0d-4970-bb84-cacd95020f21: shutdown FollowerState
2019-10-24 15:43:56,228 [grpc-default-executor-5] INFO  impl.RoleInfo (RoleInfo.java:shutdownFollowerState(121)) - b4ae536c-ed18-4717-a75c-ca4b5d6c4001: shutdown FollowerState
2019-10-24 15:43:56,228 [Thread-863] INFO  impl.FollowerState (FollowerState.java:run(117)) - 9092f221-0e0d-4970-bb84-cacd95020f21@group-75C85B6D1182-FollowerState was interrupted: java.lang.InterruptedException: sleep interrupted
2019-10-24 15:43:56,228 [grpc-default-executor-1] INFO  impl.RoleInfo (RoleInfo.java:updateAndGet(143)) - 9092f221-0e0d-4970-bb84-cacd95020f21: start FollowerState
2019-10-24 15:43:56,228 [Thread-862] INFO  impl.FollowerState (FollowerState.java:run(117)) - b4ae536c-ed18-4717-a75c-ca4b5d6c4001@group-75C85B6D1182-FollowerState was interrupted: java.lang.InterruptedException: sleep interrupted
2019-10-24 15:43:56,228 [grpc-default-executor-5] INFO  impl.RoleInfo (RoleInfo.java:updateAndGet(143)) - b4ae536c-ed18-4717-a75c-ca4b5d6c4001: start FollowerState
2019-10-24 15:43:56,241 [af280123-6372-4d1f-a5d4-c36229a73203@group-75C85B6D1182-LeaderElection70] INFO  impl.LeaderElection (LeaderElection.java:logAndReturn(56)) - af280123-6372-4d1f-a5d4-c36229a73203@group-75C85B6D1182-LeaderElection70: Election REJECTED; received 2 response(s) [af280123-6372-4d1f-a5d4-c36229a73203<-9092f221-0e0d-4970-bb84-cacd95020f21#0:FAIL-t55, af280123-6372-4d1f-a5d4-c36229a73203<-b4ae536c-ed18-4717-a75c-ca4b5d6c4001#0:FAIL-t55] and 0 exception(s); af280123-6372-4d1f-a5d4-c36229a73203@group-75C85B6D1182:t55, leader=null, voted=af280123-6372-4d1f-a5d4-c36229a73203, raftlog=af280123-6372-4d1f-a5d4-c36229a73203@group-75C85B6D1182-SegmentedRaftLog:OPENED:c-1,f-1,i0, conf=-1: [9092f221-0e0d-4970-bb84-cacd95020f21:192.168.164.213:41903, af280123-6372-4d1f-a5d4-c36229a73203:192.168.164.213:35334, b4ae536c-ed18-4717-a75c-ca4b5d6c4001:192.168.164.213:41180], old=null
2019-10-24 15:43:56,241 [af280123-6372-4d1f-a5d4-c36229a73203@group-75C85B6D1182-LeaderElection70] INFO  impl.RaftServerImpl (RaftServerImpl.java:setRole(184)) - af280123-6372-4d1f-a5d4-c36229a73203@group-75C85B6D1182: changes role from CANDIDATE to FOLLOWER at term 55 for DISCOVERED_A_NEW_TERM
2019-10-24 15:43:56,241 [af280123-6372-4d1f-a5d4-c36229a73203@group-75C85B6D1182-LeaderElection70] INFO  impl.RoleInfo (RoleInfo.java:shutdownLeaderElection(134)) - af280123-6372-4d1f-a5d4-c36229a73203: shutdown LeaderElection
2019-10-24 15:43:56,241 [af280123-6372-4d1f-a5d4-c36229a73203@group-75C85B6D1182-LeaderElection70] INFO  impl.RoleInfo (RoleInfo.java:updateAndGet(143)) - af280123-6372-4d1f-a5d4-c36229a73203: start FollowerState
2019-10-24 15:43:56,280 [Thread-872] INFO  impl.FollowerState (FollowerState.java:run(108)) - af280123-6372-4d1f-a5d4-c36229a73203@group-75C85B6D1182-FollowerState: change to CANDIDATE, lastRpcTime:38ms, electionTimeout:38ms
2019-10-24 15:43:56,280 [Thread-872] INFO  impl.RoleInfo (RoleInfo.java:shutdownFollowerState(121)) - af280123-6372-4d1f-a5d4-c36229a73203: shutdown FollowerState
2019-10-24 15:43:56,280 [Thread-872] INFO  impl.RaftServerImpl (RaftServerImpl.java:setRole(184)) - af280123-6372-4d1f-a5d4-c36229a73203@group-75C85B6D1182: changes role from  FOLLOWER to CANDIDATE at term 55 for changeToCandidate
2019-10-24 15:43:56,281 [Thread-872] INFO  impl.RoleInfo (RoleInfo.java:updateAndGet(143)) - af280123-6372-4d1f-a5d4-c36229a73203: start LeaderElection
2019-10-24 15:43:56,295 [af280123-6372-4d1f-a5d4-c36229a73203@group-75C85B6D1182-LeaderElection71] INFO  impl.LeaderElection (LeaderElection.java:askForVotes(178)) - af280123-6372-4d1f-a5d4-c36229a73203@group-75C85B6D1182-LeaderElection71: begin an election at term 56 for -1: [9092f221-0e0d-4970-bb84-cacd95020f21:192.168.164.213:41903, af280123-6372-4d1f-a5d4-c36229a73203:192.168.164.213:35334, b4ae536c-ed18-4717-a75c-ca4b5d6c4001:192.168.164.213:41180], old=null
2019-10-24 15:43:56,296 [af280123-6372-4d1f-a5d4-c36229a73203@group-75C85B6D1182-LeaderElection71] INFO  impl.LeaderElection (LeaderElection.java:logAndReturn(56)) - af280123-6372-4d1f-a5d4-c36229a73203@group-75C85B6D1182-LeaderElection71: Election TIMEOUT; received 0 response(s) [] and 0 exception(s); af280123-6372-4d1f-a5d4-c36229a73203@group-75C85B6D1182:t56, leader=null, voted=af280123-6372-4d1f-a5d4-c36229a73203, raftlog=af280123-6372-4d1f-a5d4-c36229a73203@group-75C85B6D1182-SegmentedRaftLog:OPENED:c-1,f-1,i0, conf=-1: [9092f221-0e0d-4970-bb84-cacd95020f21:192.168.164.213:41903, af280123-6372-4d1f-a5d4-c36229a73203:192.168.164.213:35334, b4ae536c-ed18-4717-a75c-ca4b5d6c4001:192.168.164.213:41180], old=null
2019-10-24 15:43:56,298 [grpc-default-executor-5] INFO  impl.RaftServerImpl (RaftServerImpl.java:setRole(184)) - b4ae536c-ed18-4717-a75c-ca4b5d6c4001@group-75C85B6D1182: changes role from  FOLLOWER to FOLLOWER at term 56 for recognizeCandidate:af280123-6372-4d1f-a5d4-c36229a73203
2019-10-24 15:43:56,298 [grpc-default-executor-1] INFO  impl.RaftServerImpl (RaftServerImpl.java:setRole(184)) - 9092f221-0e0d-4970-bb84-cacd95020f21@group-75C85B6D1182: changes role from  FOLLOWER to FOLLOWER at term 56 for recognizeCandidate:af280123-6372-4d1f-a5d4-c36229a73203
2019-10-24 15:43:56,298 [grpc-default-executor-5] INFO  impl.RoleInfo (RoleInfo.java:shutdownFollowerState(121)) - b4ae536c-ed18-4717-a75c-ca4b5d6c4001: shutdown FollowerState
2019-10-24 15:43:56,298 [grpc-default-executor-1] INFO  impl.RoleInfo (RoleInfo.java:shutdownFollowerState(121)) - 9092f221-0e0d-4970-bb84-cacd95020f21: shutdown FollowerState
2019-10-24 15:43:56,298 [grpc-default-executor-5] INFO  impl.RoleInfo (RoleInfo.java:updateAndGet(143)) - b4ae536c-ed18-4717-a75c-ca4b5d6c4001: start FollowerState
2019-10-24 15:43:56,298 [Thread-871] INFO  impl.FollowerState (FollowerState.java:run(117)) - b4ae536c-ed18-4717-a75c-ca4b5d6c4001@group-75C85B6D1182-FollowerState was interrupted: java.lang.InterruptedException: sleep interrupted
2019-10-24 15:43:56,298 [grpc-default-executor-1] INFO  impl.RoleInfo (RoleInfo.java:updateAndGet(143)) - 9092f221-0e0d-4970-bb84-cacd95020f21: start FollowerState
2019-10-24 15:43:56,298 [Thread-870] INFO  impl.FollowerState (FollowerState.java:run(117)) - 9092f221-0e0d-4970-bb84-cacd95020f21@group-75C85B6D1182-FollowerState was interrupted: java.lang.InterruptedException: sleep interrupted
2019-10-24 15:43:56,309 [af280123-6372-4d1f-a5d4-c36229a73203@group-75C85B6D1182-LeaderElection71] INFO  impl.LeaderElection (LeaderElection.java:askForVotes(178)) - af280123-6372-4d1f-a5d4-c36229a73203@group-75C85B6D1182-LeaderElection71: begin an election at term 57 for -1: [9092f221-0e0d-4970-bb84-cacd95020f21:192.168.164.213:41903, af280123-6372-4d1f-a5d4-c36229a73203:192.168.164.213:35334, b4ae536c-ed18-4717-a75c-ca4b5d6c4001:192.168.164.213:41180], old=null
2019-10-24 15:43:56,312 [grpc-default-executor-1] INFO  impl.RaftServerImpl (RaftServerImpl.java:setRole(184)) - 9092f221-0e0d-4970-bb84-cacd95020f21@group-75C85B6D1182: changes role from  FOLLOWER to FOLLOWER at term 57 for recognizeCandidate:af280123-6372-4d1f-a5d4-c36229a73203
2019-10-24 15:43:56,312 [grpc-default-executor-5] INFO  impl.RaftServerImpl (RaftServerImpl.java:setRole(184)) - b4ae536c-ed18-4717-a75c-ca4b5d6c4001@group-75C85B6D1182: changes role from  FOLLOWER to FOLLOWER at term 57 for recognizeCandidate:af280123-6372-4d1f-a5d4-c36229a73203
2019-10-24 15:43:56,312 [grpc-default-executor-1] INFO  impl.RoleInfo (RoleInfo.java:shutdownFollowerState(121)) - 9092f221-0e0d-4970-bb84-cacd95020f21: shutdown FollowerState
2019-10-24 15:43:56,312 [grpc-default-executor-5] INFO  impl.RoleInfo (RoleInfo.java:shutdownFollowerState(121)) - b4ae536c-ed18-4717-a75c-ca4b5d6c4001: shutdown FollowerState
2019-10-24 15:43:56,312 [Thread-877] INFO  impl.FollowerState (FollowerState.java:run(117)) - 9092f221-0e0d-4970-bb84-cacd95020f21@group-75C85B6D1182-FollowerState was interrupted: java.lang.InterruptedException: sleep interrupted
2019-10-24 15:43:56,312 [grpc-default-executor-1] INFO  impl.RoleInfo (RoleInfo.java:updateAndGet(143)) - 9092f221-0e0d-4970-bb84-cacd95020f21: start FollowerState
2019-10-24 15:43:56,312 [Thread-876] INFO  impl.FollowerState (FollowerState.java:run(117)) - b4ae536c-ed18-4717-a75c-ca4b5d6c4001@group-75C85B6D1182-FollowerState was interrupted: java.lang.InterruptedException: sleep interrupted
2019-10-24 15:43:56,312 [grpc-default-executor-5] INFO  impl.RoleInfo (RoleInfo.java:updateAndGet(143)) - b4ae536c-ed18-4717-a75c-ca4b5d6c4001: start FollowerState
2019-10-24 15:43:56,327 [af280123-6372-4d1f-a5d4-c36229a73203@group-75C85B6D1182-LeaderElection71] INFO  impl.LeaderElection (LeaderElection.java:logAndReturn(56)) - af280123-6372-4d1f-a5d4-c36229a73203@group-75C85B6D1182-LeaderElection71: Election REJECTED; received 2 response(s) [af280123-6372-4d1f-a5d4-c36229a73203<-9092f221-0e0d-4970-bb84-cacd95020f21#0:FAIL-t57, af280123-6372-4d1f-a5d4-c36229a73203<-b4ae536c-ed18-4717-a75c-ca4b5d6c4001#0:FAIL-t57] and 0 exception(s); af280123-6372-4d1f-a5d4-c36229a73203@group-75C85B6D1182:t57, leader=null, voted=af280123-6372-4d1f-a5d4-c36229a73203, raftlog=af280123-6372-4d1f-a5d4-c36229a73203@group-75C85B6D1182-SegmentedRaftLog:OPENED:c-1,f-1,i0, conf=-1: [9092f221-0e0d-4970-bb84-cacd95020f21:192.168.164.213:41903, af280123-6372-4d1f-a5d4-c36229a73203:192.168.164.213:35334, b4ae536c-ed18-4717-a75c-ca4b5d6c4001:192.168.164.213:41180], old=null
2019-10-24 15:43:56,327 [af280123-6372-4d1f-a5d4-c36229a73203@group-75C85B6D1182-LeaderElection71] INFO  impl.RaftServerImpl (RaftServerImpl.java:setRole(184)) - af280123-6372-4d1f-a5d4-c36229a73203@group-75C85B6D1182: changes role from CANDIDATE to FOLLOWER at term 57 for DISCOVERED_A_NEW_TERM
2019-10-24 15:43:56,327 [af280123-6372-4d1f-a5d4-c36229a73203@group-75C85B6D1182-LeaderElection71] INFO  impl.RoleInfo (RoleInfo.java:shutdownLeaderElection(134)) - af280123-6372-4d1f-a5d4-c36229a73203: shutdown LeaderElection
2019-10-24 15:43:56,327 [af280123-6372-4d1f-a5d4-c36229a73203@group-75C85B6D1182-LeaderElection71] INFO  impl.RoleInfo (RoleInfo.java:updateAndGet(143)) - af280123-6372-4d1f-a5d4-c36229a73203: start FollowerState
2019-10-24 15:43:56,459 [Thread-882] INFO  impl.FollowerState (FollowerState.java:run(108)) - af280123-6372-4d1f-a5d4-c36229a73203@group-75C85B6D1182-FollowerState: change to CANDIDATE, lastRpcTime:131ms, electionTimeout:131ms
2019-10-24 15:43:56,459 [Thread-882] INFO  impl.RoleInfo (RoleInfo.java:shutdownFollowerState(121)) - af280123-6372-4d1f-a5d4-c36229a73203: shutdown FollowerState
2019-10-24 15:43:56,459 [Thread-882] INFO  impl.RaftServerImpl (RaftServerImpl.java:setRole(184)) - af280123-6372-4d1f-a5d4-c36229a73203@group-75C85B6D1182: changes role from  FOLLOWER to CANDIDATE at term 57 for changeToCandidate
2019-10-24 15:43:56,459 [Thread-882] INFO  impl.RoleInfo (RoleInfo.java:updateAndGet(143)) - af280123-6372-4d1f-a5d4-c36229a73203: start LeaderElection
2019-10-24 15:43:56,473 [af280123-6372-4d1f-a5d4-c36229a73203@group-75C85B6D1182-LeaderElection72] INFO  impl.LeaderElection (LeaderElection.java:askForVotes(178)) - af280123-6372-4d1f-a5d4-c36229a73203@group-75C85B6D1182-LeaderElection72: begin an election at term 58 for -1: [9092f221-0e0d-4970-bb84-cacd95020f21:192.168.164.213:41903, af280123-6372-4d1f-a5d4-c36229a73203:192.168.164.213:35334, b4ae536c-ed18-4717-a75c-ca4b5d6c4001:192.168.164.213:41180], old=null
2019-10-24 15:43:56,475 [grpc-default-executor-4] INFO  impl.RaftServerImpl (RaftServerImpl.java:setRole(184)) - b4ae536c-ed18-4717-a75c-ca4b5d6c4001@group-75C85B6D1182: changes role from  FOLLOWER to FOLLOWER at term 58 for recognizeCandidate:af280123-6372-4d1f-a5d4-c36229a73203
2019-10-24 15:43:56,476 [grpc-default-executor-5] INFO  impl.RaftServerImpl (RaftServerImpl.java:setRole(184)) - 9092f221-0e0d-4970-bb84-cacd95020f21@group-75C85B6D1182: changes role from  FOLLOWER to FOLLOWER at term 58 for recognizeCandidate:af280123-6372-4d1f-a5d4-c36229a73203
2019-10-24 15:43:56,476 [grpc-default-executor-4] INFO  impl.RoleInfo (RoleInfo.java:shutdownFollowerState(121)) - b4ae536c-ed18-4717-a75c-ca4b5d6c4001: shutdown FollowerState
2019-10-24 15:43:56,476 [grpc-default-executor-5] INFO  impl.RoleInfo (RoleInfo.java:shutdownFollowerState(121)) - 9092f221-0e0d-4970-bb84-cacd95020f21: shutdown FollowerState
2019-10-24 15:43:56,476 [Thread-881] INFO  impl.FollowerState (FollowerState.java:run(117)) - b4ae536c-ed18-4717-a75c-ca4b5d6c4001@group-75C85B6D1182-FollowerState was interrupted: java.lang.InterruptedException: sleep interrupted
2019-10-24 15:43:56,476 [grpc-default-executor-4] INFO  impl.RoleInfo (RoleInfo.java:updateAndGet(143)) - b4ae536c-ed18-4717-a75c-ca4b5d6c4001: start FollowerState
2019-10-24 15:43:56,476 [Thread-880] INFO  impl.FollowerState (FollowerState.java:run(117)) - 9092f221-0e0d-4970-bb84-cacd95020f21@group-75C85B6D1182-FollowerState was interrupted: java.lang.InterruptedException: sleep interrupted
2019-10-24 15:43:56,476 [grpc-default-executor-5] INFO  impl.RoleInfo (RoleInfo.java:updateAndGet(143)) - 9092f221-0e0d-4970-bb84-cacd95020f21: start FollowerState
2019-10-24 15:43:56,494 [af280123-6372-4d1f-a5d4-c36229a73203@group-75C85B6D1182-LeaderElection72] INFO  impl.LeaderElection (LeaderElection.java:logAndReturn(56)) - af280123-6372-4d1f-a5d4-c36229a73203@group-75C85B6D1182-LeaderElection72: Election REJECTED; received 2 response(s) [af280123-6372-4d1f-a5d4-c36229a73203<-9092f221-0e0d-4970-bb84-cacd95020f21#0:FAIL-t58, af280123-6372-4d1f-a5d4-c36229a73203<-b4ae536c-ed18-4717-a75c-ca4b5d6c4001#0:FAIL-t58] and 0 exception(s); af280123-6372-4d1f-a5d4-c36229a73203@group-75C85B6D1182:t58, leader=null, voted=af280123-6372-4d1f-a5d4-c36229a73203, raftlog=af280123-6372-4d1f-a5d4-c36229a73203@group-75C85B6D1182-SegmentedRaftLog:OPENED:c-1,f-1,i0, conf=-1: [9092f221-0e0d-4970-bb84-cacd95020f21:192.168.164.213:41903, af280123-6372-4d1f-a5d4-c36229a73203:192.168.164.213:35334, b4ae536c-ed18-4717-a75c-ca4b5d6c4001:192.168.164.213:41180], old=null
2019-10-24 15:43:56,494 [af280123-6372-4d1f-a5d4-c36229a73203@group-75C85B6D1182-LeaderElection72] INFO  impl.RaftServerImpl (RaftServerImpl.java:setRole(184)) - af280123-6372-4d1f-a5d4-c36229a73203@group-75C85B6D1182: changes role from CANDIDATE to FOLLOWER at term 58 for DISCOVERED_A_NEW_TERM
2019-10-24 15:43:56,495 [af280123-6372-4d1f-a5d4-c36229a73203@group-75C85B6D1182-LeaderElection72] INFO  impl.RoleInfo (RoleInfo.java:shutdownLeaderElection(134)) - af280123-6372-4d1f-a5d4-c36229a73203: shutdown LeaderElection
2019-10-24 15:43:56,495 [af280123-6372-4d1f-a5d4-c36229a73203@group-75C85B6D1182-LeaderElection72] INFO  impl.RoleInfo (RoleInfo.java:updateAndGet(143)) - af280123-6372-4d1f-a5d4-c36229a73203: start FollowerState
2019-10-24 15:43:56,662 [Thread-892] INFO  impl.FollowerState (FollowerState.java:run(108)) - af280123-6372-4d1f-a5d4-c36229a73203@group-75C85B6D1182-FollowerState: change to CANDIDATE, lastRpcTime:167ms, electionTimeout:167ms
2019-10-24 15:43:56,663 [Thread-892] INFO  impl.RoleInfo (RoleInfo.java:shutdownFollowerState(121)) - af280123-6372-4d1f-a5d4-c36229a73203: shutdown FollowerState
2019-10-24 15:43:56,663 [Thread-892] INFO  impl.RaftServerImpl (RaftServerImpl.java:setRole(184)) - af280123-6372-4d1f-a5d4-c36229a73203@group-75C85B6D1182: changes role from  FOLLOWER to CANDIDATE at term 58 for changeToCandidate
2019-10-24 15:43:56,663 [Thread-892] INFO  impl.RoleInfo (RoleInfo.java:updateAndGet(143)) - af280123-6372-4d1f-a5d4-c36229a73203: start LeaderElection
2019-10-24 15:43:56,678 [af280123-6372-4d1f-a5d4-c36229a73203@group-75C85B6D1182-LeaderElection73] INFO  impl.LeaderElection (LeaderElection.java:askForVotes(178)) - af280123-6372-4d1f-a5d4-c36229a73203@group-75C85B6D1182-LeaderElection73: begin an election at term 59 for -1: [9092f221-0e0d-4970-bb84-cacd95020f21:192.168.164.213:41903, af280123-6372-4d1f-a5d4-c36229a73203:192.168.164.213:35334, b4ae536c-ed18-4717-a75c-ca4b5d6c4001:192.168.164.213:41180], old=null
2019-10-24 15:43:56,681 [grpc-default-executor-5] INFO  impl.RaftServerImpl (RaftServerImpl.java:setRole(184)) - b4ae536c-ed18-4717-a75c-ca4b5d6c4001@group-75C85B6D1182: changes role from  FOLLOWER to FOLLOWER at term 59 for recognizeCandidate:af280123-6372-4d1f-a5d4-c36229a73203
2019-10-24 15:43:56,681 [grpc-default-executor-4] INFO  impl.RaftServerImpl (RaftServerImpl.java:setRole(184)) - 9092f221-0e0d-4970-bb84-cacd95020f21@group-75C85B6D1182: changes role from  FOLLOWER to FOLLOWER at term 59 for recognizeCandidate:af280123-6372-4d1f-a5d4-c36229a73203
2019-10-24 15:43:56,681 [grpc-default-executor-5] INFO  impl.RoleInfo (RoleInfo.java:shutdownFollowerState(121)) - b4ae536c-ed18-4717-a75c-ca4b5d6c4001: shutdown FollowerState
2019-10-24 15:43:56,681 [grpc-default-executor-4] INFO  impl.RoleInfo (RoleInfo.java:shutdownFollowerState(121)) - 9092f221-0e0d-4970-bb84-cacd95020f21: shutdown FollowerState
2019-10-24 15:43:56,681 [grpc-default-executor-5] INFO  impl.RoleInfo (RoleInfo.java:updateAndGet(143)) - b4ae536c-ed18-4717-a75c-ca4b5d6c4001: start FollowerState
2019-10-24 15:43:56,681 [Thread-890] INFO  impl.FollowerState (FollowerState.java:run(117)) - b4ae536c-ed18-4717-a75c-ca4b5d6c4001@group-75C85B6D1182-FollowerState was interrupted: java.lang.InterruptedException: sleep interrupted
2019-10-24 15:43:56,682 [Thread-891] INFO  impl.FollowerState (FollowerState.java:run(117)) - 9092f221-0e0d-4970-bb84-cacd95020f21@group-75C85B6D1182-FollowerState was interrupted: java.lang.InterruptedException: sleep interrupted
2019-10-24 15:43:56,682 [grpc-default-executor-4] INFO  impl.RoleInfo (RoleInfo.java:updateAndGet(143)) - 9092f221-0e0d-4970-bb84-cacd95020f21: start FollowerState
2019-10-24 15:43:56,697 [af280123-6372-4d1f-a5d4-c36229a73203@group-75C85B6D1182-LeaderElection73] INFO  impl.LeaderElection (LeaderElection.java:logAndReturn(56)) - af280123-6372-4d1f-a5d4-c36229a73203@group-75C85B6D1182-LeaderElection73: Election REJECTED; received 2 response(s) [af280123-6372-4d1f-a5d4-c36229a73203<-9092f221-0e0d-4970-bb84-cacd95020f21#0:FAIL-t59, af280123-6372-4d1f-a5d4-c36229a73203<-b4ae536c-ed18-4717-a75c-ca4b5d6c4001#0:FAIL-t59] and 0 exception(s); af280123-6372-4d1f-a5d4-c36229a73203@group-75C85B6D1182:t59, leader=null, voted=af280123-6372-4d1f-a5d4-c36229a73203, raftlog=af280123-6372-4d1f-a5d4-c36229a73203@group-75C85B6D1182-SegmentedRaftLog:OPENED:c-1,f-1,i0, conf=-1: [9092f221-0e0d-4970-bb84-cacd95020f21:192.168.164.213:41903, af280123-6372-4d1f-a5d4-c36229a73203:192.168.164.213:35334, b4ae536c-ed18-4717-a75c-ca4b5d6c4001:192.168.164.213:41180], old=null
2019-10-24 15:43:56,697 [af280123-6372-4d1f-a5d4-c36229a73203@group-75C85B6D1182-LeaderElection73] INFO  impl.RaftServerImpl (RaftServerImpl.java:setRole(184)) - af280123-6372-4d1f-a5d4-c36229a73203@group-75C85B6D1182: changes role from CANDIDATE to FOLLOWER at term 59 for DISCOVERED_A_NEW_TERM
2019-10-24 15:43:56,697 [af280123-6372-4d1f-a5d4-c36229a73203@group-75C85B6D1182-LeaderElection73] INFO  impl.RoleInfo (RoleInfo.java:shutdownLeaderElection(134)) - af280123-6372-4d1f-a5d4-c36229a73203: shutdown LeaderElection
2019-10-24 15:43:56,698 [af280123-6372-4d1f-a5d4-c36229a73203@group-75C85B6D1182-LeaderElection73] INFO  impl.RoleInfo (RoleInfo.java:updateAndGet(143)) - af280123-6372-4d1f-a5d4-c36229a73203: start FollowerState
2019-10-24 15:43:56,820 [Thread-900] INFO  impl.FollowerState (FollowerState.java:run(108)) - af280123-6372-4d1f-a5d4-c36229a73203@group-75C85B6D1182-FollowerState: change to CANDIDATE, lastRpcTime:122ms, electionTimeout:122ms
2019-10-24 15:43:56,820 [Thread-900] INFO  impl.RoleInfo (RoleInfo.java:shutdownFollowerState(121)) - af280123-6372-4d1f-a5d4-c36229a73203: shutdown FollowerState
2019-10-24 15:43:56,821 [Thread-900] INFO  impl.RaftServerImpl (RaftServerImpl.java:setRole(184)) - af280123-6372-4d1f-a5d4-c36229a73203@group-75C85B6D1182: changes role from  FOLLOWER to CANDIDATE at term 59 for changeToCandidate
2019-10-24 15:43:56,821 [Thread-900] INFO  impl.RoleInfo (RoleInfo.java:updateAndGet(143)) - af280123-6372-4d1f-a5d4-c36229a73203: start LeaderElection
2019-10-24 15:43:56,835 [af280123-6372-4d1f-a5d4-c36229a73203@group-75C85B6D1182-LeaderElection74] INFO  impl.LeaderElection (LeaderElection.java:askForVotes(178)) - af280123-6372-4d1f-a5d4-c36229a73203@group-75C85B6D1182-LeaderElection74: begin an election at term 60 for -1: [9092f221-0e0d-4970-bb84-cacd95020f21:192.168.164.213:41903, af280123-6372-4d1f-a5d4-c36229a73203:192.168.164.213:35334, b4ae536c-ed18-4717-a75c-ca4b5d6c4001:192.168.164.213:41180], old=null
2019-10-24 15:43:56,838 [grpc-default-executor-5] INFO  impl.RaftServerImpl (RaftServerImpl.java:setRole(184)) - 9092f221-0e0d-4970-bb84-cacd95020f21@group-75C85B6D1182: changes role from  FOLLOWER to FOLLOWER at term 60 for recognizeCandidate:af280123-6372-4d1f-a5d4-c36229a73203
2019-10-24 15:43:56,838 [grpc-default-executor-4] INFO  impl.RaftServerImpl (RaftServerImpl.java:setRole(184)) - b4ae536c-ed18-4717-a75c-ca4b5d6c4001@group-75C85B6D1182: changes role from  FOLLOWER to FOLLOWER at term 60 for recognizeCandidate:af280123-6372-4d1f-a5d4-c36229a73203
2019-10-24 15:43:56,838 [grpc-default-executor-5] INFO  impl.RoleInfo (RoleInfo.java:shutdownFollowerState(121)) - 9092f221-0e0d-4970-bb84-cacd95020f21: shutdown FollowerState
2019-10-24 15:43:56,838 [grpc-default-executor-4] INFO  impl.RoleInfo (RoleInfo.java:shutdownFollowerState(121)) - b4ae536c-ed18-4717-a75c-ca4b5d6c4001: shutdown FollowerState
2019-10-24 15:43:56,839 [Thread-899] INFO  impl.FollowerState (FollowerState.java:run(117)) - 9092f221-0e0d-4970-bb84-cacd95020f21@group-75C85B6D1182-FollowerState was interrupted: java.lang.InterruptedException: sleep interrupted
2019-10-24 15:43:56,838 [grpc-default-executor-5] INFO  impl.RoleInfo (RoleInfo.java:updateAndGet(143)) - 9092f221-0e0d-4970-bb84-cacd95020f21: start FollowerState
2019-10-24 15:43:56,839 [Thread-898] INFO  impl.FollowerState (FollowerState.java:run(117)) - b4ae536c-ed18-4717-a75c-ca4b5d6c4001@group-75C85B6D1182-FollowerState was interrupted: java.lang.InterruptedException: sleep interrupted
2019-10-24 15:43:56,839 [grpc-default-executor-4] INFO  impl.RoleInfo (RoleInfo.java:updateAndGet(143)) - b4ae536c-ed18-4717-a75c-ca4b5d6c4001: start FollowerState
2019-10-24 15:43:56,853 [af280123-6372-4d1f-a5d4-c36229a73203@group-75C85B6D1182-LeaderElection74] INFO  impl.LeaderElection (LeaderElection.java:logAndReturn(56)) - af280123-6372-4d1f-a5d4-c36229a73203@group-75C85B6D1182-LeaderElection74: Election REJECTED; received 2 response(s) [af280123-6372-4d1f-a5d4-c36229a73203<-9092f221-0e0d-4970-bb84-cacd95020f21#0:FAIL-t60, af280123-6372-4d1f-a5d4-c36229a73203<-b4ae536c-ed18-4717-a75c-ca4b5d6c4001#0:FAIL-t60] and 0 exception(s); af280123-6372-4d1f-a5d4-c36229a73203@group-75C85B6D1182:t60, leader=null, voted=af280123-6372-4d1f-a5d4-c36229a73203, raftlog=af280123-6372-4d1f-a5d4-c36229a73203@group-75C85B6D1182-SegmentedRaftLog:OPENED:c-1,f-1,i0, conf=-1: [9092f221-0e0d-4970-bb84-cacd95020f21:192.168.164.213:41903, af280123-6372-4d1f-a5d4-c36229a73203:192.168.164.213:35334, b4ae536c-ed18-4717-a75c-ca4b5d6c4001:192.168.164.213:41180], old=null
2019-10-24 15:43:56,854 [af280123-6372-4d1f-a5d4-c36229a73203@group-75C85B6D1182-LeaderElection74] INFO  impl.RaftServerImpl (RaftServerImpl.java:setRole(184)) - af280123-6372-4d1f-a5d4-c36229a73203@group-75C85B6D1182: changes role from CANDIDATE to FOLLOWER at term 60 for DISCOVERED_A_NEW_TERM
2019-10-24 15:43:56,854 [af280123-6372-4d1f-a5d4-c36229a73203@group-75C85B6D1182-LeaderElection74] INFO  impl.RoleInfo (RoleInfo.java:shutdownLeaderElection(134)) - af280123-6372-4d1f-a5d4-c36229a73203: shutdown LeaderElection
2019-10-24 15:43:56,854 [af280123-6372-4d1f-a5d4-c36229a73203@group-75C85B6D1182-LeaderElection74] INFO  impl.RoleInfo (RoleInfo.java:updateAndGet(143)) - af280123-6372-4d1f-a5d4-c36229a73203: start FollowerState
2019-10-24 15:43:57,001 [Thread-906] INFO  impl.FollowerState (FollowerState.java:run(108)) - af280123-6372-4d1f-a5d4-c36229a73203@group-75C85B6D1182-FollowerState: change to CANDIDATE, lastRpcTime:147ms, electionTimeout:147ms
2019-10-24 15:43:57,002 [Thread-906] INFO  impl.RoleInfo (RoleInfo.java:shutdownFollowerState(121)) - af280123-6372-4d1f-a5d4-c36229a73203: shutdown FollowerState
2019-10-24 15:43:57,002 [Thread-906] INFO  impl.RaftServerImpl (RaftServerImpl.java:setRole(184)) - af280123-6372-4d1f-a5d4-c36229a73203@group-75C85B6D1182: changes role from  FOLLOWER to CANDIDATE at term 60 for changeToCandidate
2019-10-24 15:43:57,002 [Thread-906] INFO  impl.RoleInfo (RoleInfo.java:updateAndGet(143)) - af280123-6372-4d1f-a5d4-c36229a73203: start LeaderElection
2019-10-24 15:43:57,016 [af280123-6372-4d1f-a5d4-c36229a73203@group-75C85B6D1182-LeaderElection75] INFO  impl.LeaderElection (LeaderElection.java:askForVotes(178)) - af280123-6372-4d1f-a5d4-c36229a73203@group-75C85B6D1182-LeaderElection75: begin an election at term 61 for -1: [9092f221-0e0d-4970-bb84-cacd95020f21:192.168.164.213:41903, af280123-6372-4d1f-a5d4-c36229a73203:192.168.164.213:35334, b4ae536c-ed18-4717-a75c-ca4b5d6c4001:192.168.164.213:41180], old=null
2019-10-24 15:43:57,018 [grpc-default-executor-5] INFO  impl.RaftServerImpl (RaftServerImpl.java:setRole(184)) - b4ae536c-ed18-4717-a75c-ca4b5d6c4001@group-75C85B6D1182: changes role from  FOLLOWER to FOLLOWER at term 61 for recognizeCandidate:af280123-6372-4d1f-a5d4-c36229a73203
2019-10-24 15:43:57,018 [grpc-default-executor-4] INFO  impl.RaftServerImpl (RaftServerImpl.java:setRole(184)) - 9092f221-0e0d-4970-bb84-cacd95020f21@group-75C85B6D1182: changes role from  FOLLOWER to FOLLOWER at term 61 for recognizeCandidate:af280123-6372-4d1f-a5d4-c36229a73203
2019-10-24 15:43:57,019 [grpc-default-executor-5] INFO  impl.RoleInfo (RoleInfo.java:shutdownFollowerState(121)) - b4ae536c-ed18-4717-a75c-ca4b5d6c4001: shutdown FollowerState
2019-10-24 15:43:57,019 [grpc-default-executor-4] INFO  impl.RoleInfo (RoleInfo.java:shutdownFollowerState(121)) - 9092f221-0e0d-4970-bb84-cacd95020f21: shutdown FollowerState
2019-10-24 15:43:57,019 [Thread-905] INFO  impl.FollowerState (FollowerState.java:run(117)) - b4ae536c-ed18-4717-a75c-ca4b5d6c4001@group-75C85B6D1182-FollowerState was interrupted: java.lang.InterruptedException: sleep interrupted
2019-10-24 15:43:57,019 [Thread-904] INFO  impl.FollowerState (FollowerState.java:run(117)) - 9092f221-0e0d-4970-bb84-cacd95020f21@group-75C85B6D1182-FollowerState was interrupted: java.lang.InterruptedException: sleep interrupted
2019-10-24 15:43:57,019 [grpc-default-executor-5] INFO  impl.RoleInfo (RoleInfo.java:updateAndGet(143)) - b4ae536c-ed18-4717-a75c-ca4b5d6c4001: start FollowerState
2019-10-24 15:43:57,019 [af280123-6372-4d1f-a5d4-c36229a73203@group-75C85B6D1182-LeaderElection75] INFO  impl.LeaderElection (LeaderElection.java:logAndReturn(56)) - af280123-6372-4d1f-a5d4-c36229a73203@group-75C85B6D1182-LeaderElection75: Election TIMEOUT; received 0 response(s) [] and 0 exception(s); af280123-6372-4d1f-a5d4-c36229a73203@group-75C85B6D1182:t61, leader=null, voted=af280123-6372-4d1f-a5d4-c36229a73203, raftlog=af280123-6372-4d1f-a5d4-c36229a73203@group-75C85B6D1182-SegmentedRaftLog:OPENED:c-1,f-1,i0, conf=-1: [9092f221-0e0d-4970-bb84-cacd95020f21:192.168.164.213:41903, af280123-6372-4d1f-a5d4-c36229a73203:192.168.164.213:35334, b4ae536c-ed18-4717-a75c-ca4b5d6c4001:192.168.164.213:41180], old=null
2019-10-24 15:43:57,019 [grpc-default-executor-4] INFO  impl.RoleInfo (RoleInfo.java:updateAndGet(143)) - 9092f221-0e0d-4970-bb84-cacd95020f21: start FollowerState
2019-10-24 15:43:57,041 [af280123-6372-4d1f-a5d4-c36229a73203@group-75C85B6D1182-LeaderElection75] INFO  impl.LeaderElection (LeaderElection.java:askForVotes(178)) - af280123-6372-4d1f-a5d4-c36229a73203@group-75C85B6D1182-LeaderElection75: begin an election at term 62 for -1: [9092f221-0e0d-4970-bb84-cacd95020f21:192.168.164.213:41903, af280123-6372-4d1f-a5d4-c36229a73203:192.168.164.213:35334, b4ae536c-ed18-4717-a75c-ca4b5d6c4001:192.168.164.213:41180], old=null
2019-10-24 15:43:57,043 [grpc-default-executor-5] INFO  impl.RaftServerImpl (RaftServerImpl.java:setRole(184)) - b4ae536c-ed18-4717-a75c-ca4b5d6c4001@group-75C85B6D1182: changes role from  FOLLOWER to FOLLOWER at term 62 for recognizeCandidate:af280123-6372-4d1f-a5d4-c36229a73203
2019-10-24 15:43:57,043 [grpc-default-executor-4] INFO  impl.RaftServerImpl (RaftServerImpl.java:setRole(184)) - 9092f221-0e0d-4970-bb84-cacd95020f21@group-75C85B6D1182: changes role from  FOLLOWER to FOLLOWER at term 62 for recognizeCandidate:af280123-6372-4d1f-a5d4-c36229a73203
2019-10-24 15:43:57,043 [grpc-default-executor-5] INFO  impl.RoleInfo (RoleInfo.java:shutdownFollowerState(121)) - b4ae536c-ed18-4717-a75c-ca4b5d6c4001: shutdown FollowerState
2019-10-24 15:43:57,043 [grpc-default-executor-4] INFO  impl.RoleInfo (RoleInfo.java:shutdownFollowerState(121)) - 9092f221-0e0d-4970-bb84-cacd95020f21: shutdown FollowerState
2019-10-24 15:43:57,043 [Thread-912] INFO  impl.FollowerState (FollowerState.java:run(117)) - b4ae536c-ed18-4717-a75c-ca4b5d6c4001@group-75C85B6D1182-FollowerState was interrupted: java.lang.InterruptedException: sleep interrupted
2019-10-24 15:43:57,043 [grpc-default-executor-5] INFO  impl.RoleInfo (RoleInfo.java:updateAndGet(143)) - b4ae536c-ed18-4717-a75c-ca4b5d6c4001: start FollowerState
2019-10-24 15:43:57,044 [Thread-913] INFO  impl.FollowerState (FollowerState.java:run(117)) - 9092f221-0e0d-4970-bb84-cacd95020f21@group-75C85B6D1182-FollowerState was interrupted: java.lang.InterruptedException: sleep interrupted
2019-10-24 15:43:57,044 [grpc-default-executor-4] INFO  impl.RoleInfo (RoleInfo.java:updateAndGet(143)) - 9092f221-0e0d-4970-bb84-cacd95020f21: start FollowerState
2019-10-24 15:43:57,059 [af280123-6372-4d1f-a5d4-c36229a73203@group-75C85B6D1182-LeaderElection75] INFO  impl.LeaderElection (LeaderElection.java:logAndReturn(56)) - af280123-6372-4d1f-a5d4-c36229a73203@group-75C85B6D1182-LeaderElection75: Election REJECTED; received 2 response(s) [af280123-6372-4d1f-a5d4-c36229a73203<-9092f221-0e0d-4970-bb84-cacd95020f21#0:FAIL-t62, af280123-6372-4d1f-a5d4-c36229a73203<-b4ae536c-ed18-4717-a75c-ca4b5d6c4001#0:FAIL-t62] and 0 exception(s); af280123-6372-4d1f-a5d4-c36229a73203@group-75C85B6D1182:t62, leader=null, voted=af280123-6372-4d1f-a5d4-c36229a73203, raftlog=af280123-6372-4d1f-a5d4-c36229a73203@group-75C85B6D1182-SegmentedRaftLog:OPENED:c-1,f-1,i0, conf=-1: [9092f221-0e0d-4970-bb84-cacd95020f21:192.168.164.213:41903, af280123-6372-4d1f-a5d4-c36229a73203:192.168.164.213:35334, b4ae536c-ed18-4717-a75c-ca4b5d6c4001:192.168.164.213:41180], old=null
2019-10-24 15:43:57,059 [af280123-6372-4d1f-a5d4-c36229a73203@group-75C85B6D1182-LeaderElection75] INFO  impl.RaftServerImpl (RaftServerImpl.java:setRole(184)) - af280123-6372-4d1f-a5d4-c36229a73203@group-75C85B6D1182: changes role from CANDIDATE to FOLLOWER at term 62 for DISCOVERED_A_NEW_TERM
2019-10-24 15:43:57,060 [af280123-6372-4d1f-a5d4-c36229a73203@group-75C85B6D1182-LeaderElection75] INFO  impl.RoleInfo (RoleInfo.java:shutdownLeaderElection(134)) - af280123-6372-4d1f-a5d4-c36229a73203: shutdown LeaderElection
2019-10-24 15:43:57,060 [af280123-6372-4d1f-a5d4-c36229a73203@group-75C85B6D1182-LeaderElection75] INFO  impl.RoleInfo (RoleInfo.java:updateAndGet(143)) - af280123-6372-4d1f-a5d4-c36229a73203: start FollowerState
2019-10-24 15:43:57,106 [Thread-920] INFO  impl.FollowerState (FollowerState.java:run(108)) - af280123-6372-4d1f-a5d4-c36229a73203@group-75C85B6D1182-FollowerState: change to CANDIDATE, lastRpcTime:46ms, electionTimeout:46ms
2019-10-24 15:43:57,106 [Thread-920] INFO  impl.RoleInfo (RoleInfo.java:shutdownFollowerState(121)) - af280123-6372-4d1f-a5d4-c36229a73203: shutdown FollowerState
2019-10-24 15:43:57,107 [Thread-920] INFO  impl.RaftServerImpl (RaftServerImpl.java:setRole(184)) - af280123-6372-4d1f-a5d4-c36229a73203@group-75C85B6D1182: changes role from  FOLLOWER to CANDIDATE at term 62 for changeToCandidate
2019-10-24 15:43:57,107 [Thread-920] INFO  impl.RoleInfo (RoleInfo.java:updateAndGet(143)) - af280123-6372-4d1f-a5d4-c36229a73203: start LeaderElection
2019-10-24 15:43:57,121 [af280123-6372-4d1f-a5d4-c36229a73203@group-75C85B6D1182-LeaderElection76] INFO  impl.LeaderElection (LeaderElection.java:askForVotes(178)) - af280123-6372-4d1f-a5d4-c36229a73203@group-75C85B6D1182-LeaderElection76: begin an election at term 63 for -1: [9092f221-0e0d-4970-bb84-cacd95020f21:192.168.164.213:41903, af280123-6372-4d1f-a5d4-c36229a73203:192.168.164.213:35334, b4ae536c-ed18-4717-a75c-ca4b5d6c4001:192.168.164.213:41180], old=null
2019-10-24 15:43:57,124 [grpc-default-executor-5] INFO  impl.RaftServerImpl (RaftServerImpl.java:setRole(184)) - 9092f221-0e0d-4970-bb84-cacd95020f21@group-75C85B6D1182: changes role from  FOLLOWER to FOLLOWER at term 63 for recognizeCandidate:af280123-6372-4d1f-a5d4-c36229a73203
2019-10-24 15:43:57,124 [grpc-default-executor-4] INFO  impl.RaftServerImpl (RaftServerImpl.java:setRole(184)) - b4ae536c-ed18-4717-a75c-ca4b5d6c4001@group-75C85B6D1182: changes role from  FOLLOWER to FOLLOWER at term 63 for recognizeCandidate:af280123-6372-4d1f-a5d4-c36229a73203
2019-10-24 15:43:57,124 [grpc-default-executor-5] INFO  impl.RoleInfo (RoleInfo.java:shutdownFollowerState(121)) - 9092f221-0e0d-4970-bb84-cacd95020f21: shutdown FollowerState
2019-10-24 15:43:57,124 [grpc-default-executor-4] INFO  impl.RoleInfo (RoleInfo.java:shutdownFollowerState(121)) - b4ae536c-ed18-4717-a75c-ca4b5d6c4001: shutdown FollowerState
2019-10-24 15:43:57,124 [grpc-default-executor-5] INFO  impl.RoleInfo (RoleInfo.java:updateAndGet(143)) - 9092f221-0e0d-4970-bb84-cacd95020f21: start FollowerState
2019-10-24 15:43:57,124 [Thread-917] INFO  impl.FollowerState (FollowerState.java:run(117)) - 9092f221-0e0d-4970-bb84-cacd95020f21@group-75C85B6D1182-FollowerState was interrupted: java.lang.InterruptedException: sleep interrupted
2019-10-24 15:43:57,125 [grpc-default-executor-4] INFO  impl.RoleInfo (RoleInfo.java:updateAndGet(143)) - b4ae536c-ed18-4717-a75c-ca4b5d6c4001: start FollowerState
2019-10-24 15:43:57,125 [Thread-916] INFO  impl.FollowerState (FollowerState.java:run(117)) - b4ae536c-ed18-4717-a75c-ca4b5d6c4001@group-75C85B6D1182-FollowerState was interrupted: java.lang.InterruptedException: sleep interrupted
2019-10-24 15:43:57,139 [af280123-6372-4d1f-a5d4-c36229a73203@group-75C85B6D1182-LeaderElection76] INFO  impl.LeaderElection (LeaderElection.java:logAndReturn(56)) - af280123-6372-4d1f-a5d4-c36229a73203@group-75C85B6D1182-LeaderElection76: Election REJECTED; received 2 response(s) [af280123-6372-4d1f-a5d4-c36229a73203<-9092f221-0e0d-4970-bb84-cacd95020f21#0:FAIL-t63, af280123-6372-4d1f-a5d4-c36229a73203<-b4ae536c-ed18-4717-a75c-ca4b5d6c4001#0:FAIL-t63] and 0 exception(s); af280123-6372-4d1f-a5d4-c36229a73203@group-75C85B6D1182:t63, leader=null, voted=af280123-6372-4d1f-a5d4-c36229a73203, raftlog=af280123-6372-4d1f-a5d4-c36229a73203@group-75C85B6D1182-SegmentedRaftLog:OPENED:c-1,f-1,i0, conf=-1: [9092f221-0e0d-4970-bb84-cacd95020f21:192.168.164.213:41903, af280123-6372-4d1f-a5d4-c36229a73203:192.168.164.213:35334, b4ae536c-ed18-4717-a75c-ca4b5d6c4001:192.168.164.213:41180], old=null
2019-10-24 15:43:57,140 [af280123-6372-4d1f-a5d4-c36229a73203@group-75C85B6D1182-LeaderElection76] INFO  impl.RaftServerImpl (RaftServerImpl.java:setRole(184)) - af280123-6372-4d1f-a5d4-c36229a73203@group-75C85B6D1182: changes role from CANDIDATE to FOLLOWER at term 63 for DISCOVERED_A_NEW_TERM
2019-10-24 15:43:57,140 [af280123-6372-4d1f-a5d4-c36229a73203@group-75C85B6D1182-LeaderElection76] INFO  impl.RoleInfo (RoleInfo.java:shutdownLeaderElection(134)) - af280123-6372-4d1f-a5d4-c36229a73203: shutdown LeaderElection
2019-10-24 15:43:57,140 [af280123-6372-4d1f-a5d4-c36229a73203@group-75C85B6D1182-LeaderElection76] INFO  impl.RoleInfo (RoleInfo.java:updateAndGet(143)) - af280123-6372-4d1f-a5d4-c36229a73203: start FollowerState
2019-10-24 15:43:57,147 [Thread-926] INFO  impl.FollowerState (FollowerState.java:run(108)) - af280123-6372-4d1f-a5d4-c36229a73203@group-75C85B6D1182-FollowerState: change to CANDIDATE, lastRpcTime:7ms, electionTimeout:7ms
2019-10-24 15:43:57,147 [Thread-926] INFO  impl.RoleInfo (RoleInfo.java:shutdownFollowerState(121)) - af280123-6372-4d1f-a5d4-c36229a73203: shutdown FollowerState
2019-10-24 15:43:57,148 [Thread-926] INFO  impl.RaftServerImpl (RaftServerImpl.java:setRole(184)) - af280123-6372-4d1f-a5d4-c36229a73203@group-75C85B6D1182: changes role from  FOLLOWER to CANDIDATE at term 63 for changeToCandidate
2019-10-24 15:43:57,148 [Thread-926] INFO  impl.RoleInfo (RoleInfo.java:updateAndGet(143)) - af280123-6372-4d1f-a5d4-c36229a73203: start LeaderElection
2019-10-24 15:43:57,161 [af280123-6372-4d1f-a5d4-c36229a73203@group-75C85B6D1182-LeaderElection77] INFO  impl.LeaderElection (LeaderElection.java:askForVotes(178)) - af280123-6372-4d1f-a5d4-c36229a73203@group-75C85B6D1182-LeaderElection77: begin an election at term 64 for -1: [9092f221-0e0d-4970-bb84-cacd95020f21:192.168.164.213:41903, af280123-6372-4d1f-a5d4-c36229a73203:192.168.164.213:35334, b4ae536c-ed18-4717-a75c-ca4b5d6c4001:192.168.164.213:41180], old=null
2019-10-24 15:43:57,164 [grpc-default-executor-4] INFO  impl.RaftServerImpl (RaftServerImpl.java:setRole(184)) - b4ae536c-ed18-4717-a75c-ca4b5d6c4001@group-75C85B6D1182: changes role from  FOLLOWER to FOLLOWER at term 64 for recognizeCandidate:af280123-6372-4d1f-a5d4-c36229a73203
2019-10-24 15:43:57,164 [grpc-default-executor-5] INFO  impl.RaftServerImpl (RaftServerImpl.java:setRole(184)) - 9092f221-0e0d-4970-bb84-cacd95020f21@group-75C85B6D1182: changes role from  FOLLOWER to FOLLOWER at term 64 for recognizeCandidate:af280123-6372-4d1f-a5d4-c36229a73203
2019-10-24 15:43:57,164 [grpc-default-executor-5] INFO  impl.RoleInfo (RoleInfo.java:shutdownFollowerState(121)) - 9092f221-0e0d-4970-bb84-cacd95020f21: shutdown FollowerState
2019-10-24 15:43:57,164 [grpc-default-executor-4] INFO  impl.RoleInfo (RoleInfo.java:shutdownFollowerState(121)) - b4ae536c-ed18-4717-a75c-ca4b5d6c4001: shutdown FollowerState
2019-10-24 15:43:57,164 [Thread-924] INFO  impl.FollowerState (FollowerState.java:run(117)) - 9092f221-0e0d-4970-bb84-cacd95020f21@group-75C85B6D1182-FollowerState was interrupted: java.lang.InterruptedException: sleep interrupted
2019-10-24 15:43:57,164 [grpc-default-executor-4] INFO  impl.RoleInfo (RoleInfo.java:updateAndGet(143)) - b4ae536c-ed18-4717-a75c-ca4b5d6c4001: start FollowerState
2019-10-24 15:43:57,164 [grpc-default-executor-5] INFO  impl.RoleInfo (RoleInfo.java:updateAndGet(143)) - 9092f221-0e0d-4970-bb84-cacd95020f21: start FollowerState
2019-10-24 15:43:57,164 [Thread-925] INFO  impl.FollowerState (FollowerState.java:run(117)) - b4ae536c-ed18-4717-a75c-ca4b5d6c4001@group-75C85B6D1182-FollowerState was interrupted: java.lang.InterruptedException: sleep interrupted
2019-10-24 15:43:57,179 [af280123-6372-4d1f-a5d4-c36229a73203@group-75C85B6D1182-LeaderElection77] INFO  impl.LeaderElection (LeaderElection.java:logAndReturn(56)) - af280123-6372-4d1f-a5d4-c36229a73203@group-75C85B6D1182-LeaderElection77: Election REJECTED; received 2 response(s) [af280123-6372-4d1f-a5d4-c36229a73203<-9092f221-0e0d-4970-bb84-cacd95020f21#0:FAIL-t64, af280123-6372-4d1f-a5d4-c36229a73203<-b4ae536c-ed18-4717-a75c-ca4b5d6c4001#0:FAIL-t64] and 0 exception(s); af280123-6372-4d1f-a5d4-c36229a73203@group-75C85B6D1182:t64, leader=null, voted=af280123-6372-4d1f-a5d4-c36229a73203, raftlog=af280123-6372-4d1f-a5d4-c36229a73203@group-75C85B6D1182-SegmentedRaftLog:OPENED:c-1,f-1,i0, conf=-1: [9092f221-0e0d-4970-bb84-cacd95020f21:192.168.164.213:41903, af280123-6372-4d1f-a5d4-c36229a73203:192.168.164.213:35334, b4ae536c-ed18-4717-a75c-ca4b5d6c4001:192.168.164.213:41180], old=null
2019-10-24 15:43:57,179 [af280123-6372-4d1f-a5d4-c36229a73203@group-75C85B6D1182-LeaderElection77] INFO  impl.RaftServerImpl (RaftServerImpl.java:setRole(184)) - af280123-6372-4d1f-a5d4-c36229a73203@group-75C85B6D1182: changes role from CANDIDATE to FOLLOWER at term 64 for DISCOVERED_A_NEW_TERM
2019-10-24 15:43:57,179 [af280123-6372-4d1f-a5d4-c36229a73203@group-75C85B6D1182-LeaderElection77] INFO  impl.RoleInfo (RoleInfo.java:shutdownLeaderElection(134)) - af280123-6372-4d1f-a5d4-c36229a73203: shutdown LeaderElection
2019-10-24 15:43:57,180 [af280123-6372-4d1f-a5d4-c36229a73203@group-75C85B6D1182-LeaderElection77] INFO  impl.RoleInfo (RoleInfo.java:updateAndGet(143)) - af280123-6372-4d1f-a5d4-c36229a73203: start FollowerState
2019-10-24 15:43:57,264 [Thread-932] INFO  impl.FollowerState (FollowerState.java:run(108)) - af280123-6372-4d1f-a5d4-c36229a73203@group-75C85B6D1182-FollowerState: change to CANDIDATE, lastRpcTime:84ms, electionTimeout:84ms
2019-10-24 15:43:57,264 [Thread-932] INFO  impl.RoleInfo (RoleInfo.java:shutdownFollowerState(121)) - af280123-6372-4d1f-a5d4-c36229a73203: shutdown FollowerState
2019-10-24 15:43:57,265 [Thread-932] INFO  impl.RaftServerImpl (RaftServerImpl.java:setRole(184)) - af280123-6372-4d1f-a5d4-c36229a73203@group-75C85B6D1182: changes role from  FOLLOWER to CANDIDATE at term 64 for changeToCandidate
2019-10-24 15:43:57,265 [Thread-932] INFO  impl.RoleInfo (RoleInfo.java:updateAndGet(143)) - af280123-6372-4d1f-a5d4-c36229a73203: start LeaderElection
2019-10-24 15:43:57,278 [af280123-6372-4d1f-a5d4-c36229a73203@group-75C85B6D1182-LeaderElection78] INFO  impl.LeaderElection (LeaderElection.java:askForVotes(178)) - af280123-6372-4d1f-a5d4-c36229a73203@group-75C85B6D1182-LeaderElection78: begin an election at term 65 for -1: [9092f221-0e0d-4970-bb84-cacd95020f21:192.168.164.213:41903, af280123-6372-4d1f-a5d4-c36229a73203:192.168.164.213:35334, b4ae536c-ed18-4717-a75c-ca4b5d6c4001:192.168.164.213:41180], old=null
2019-10-24 15:43:57,281 [grpc-default-executor-5] INFO  impl.RaftServerImpl (RaftServerImpl.java:setRole(184)) - b4ae536c-ed18-4717-a75c-ca4b5d6c4001@group-75C85B6D1182: changes role from  FOLLOWER to FOLLOWER at term 65 for recognizeCandidate:af280123-6372-4d1f-a5d4-c36229a73203
2019-10-24 15:43:57,281 [grpc-default-executor-5] INFO  impl.RoleInfo (RoleInfo.java:shutdownFollowerState(121)) - b4ae536c-ed18-4717-a75c-ca4b5d6c4001: shutdown FollowerState
2019-10-24 15:43:57,281 [grpc-default-executor-5] INFO  impl.RoleInfo (RoleInfo.java:updateAndGet(143)) - b4ae536c-ed18-4717-a75c-ca4b5d6c4001: start FollowerState
2019-10-24 15:43:57,281 [grpc-default-executor-4] INFO  impl.RaftServerImpl (RaftServerImpl.java:setRole(184)) - 9092f221-0e0d-4970-bb84-cacd95020f21@group-75C85B6D1182: changes role from  FOLLOWER to FOLLOWER at term 65 for recognizeCandidate:af280123-6372-4d1f-a5d4-c36229a73203
2019-10-24 15:43:57,281 [Thread-931] INFO  impl.FollowerState (FollowerState.java:run(117)) - b4ae536c-ed18-4717-a75c-ca4b5d6c4001@group-75C85B6D1182-FollowerState was interrupted: java.lang.InterruptedException: sleep interrupted
2019-10-24 15:43:57,282 [grpc-default-executor-4] INFO  impl.RoleInfo (RoleInfo.java:shutdownFollowerState(121)) - 9092f221-0e0d-4970-bb84-cacd95020f21: shutdown FollowerState
2019-10-24 15:43:57,282 [grpc-default-executor-4] INFO  impl.RoleInfo (RoleInfo.java:updateAndGet(143)) - 9092f221-0e0d-4970-bb84-cacd95020f21: start FollowerState
2019-10-24 15:43:57,282 [Thread-930] INFO  impl.FollowerState (FollowerState.java:run(117)) - 9092f221-0e0d-4970-bb84-cacd95020f21@group-75C85B6D1182-FollowerState was interrupted: java.lang.InterruptedException: sleep interrupted
2019-10-24 15:43:57,301 [af280123-6372-4d1f-a5d4-c36229a73203@group-75C85B6D1182-LeaderElection78] INFO  impl.LeaderElection (LeaderElection.java:logAndReturn(56)) - af280123-6372-4d1f-a5d4-c36229a73203@group-75C85B6D1182-LeaderElection78: Election REJECTED; received 2 response(s) [af280123-6372-4d1f-a5d4-c36229a73203<-9092f221-0e0d-4970-bb84-cacd95020f21#0:FAIL-t65, af280123-6372-4d1f-a5d4-c36229a73203<-b4ae536c-ed18-4717-a75c-ca4b5d6c4001#0:FAIL-t65] and 0 exception(s); af280123-6372-4d1f-a5d4-c36229a73203@group-75C85B6D1182:t65, leader=null, voted=af280123-6372-4d1f-a5d4-c36229a73203, raftlog=af280123-6372-4d1f-a5d4-c36229a73203@group-75C85B6D1182-SegmentedRaftLog:OPENED:c-1,f-1,i0, conf=-1: [9092f221-0e0d-4970-bb84-cacd95020f21:192.168.164.213:41903, af280123-6372-4d1f-a5d4-c36229a73203:192.168.164.213:35334, b4ae536c-ed18-4717-a75c-ca4b5d6c4001:192.168.164.213:41180], old=null
2019-10-24 15:43:57,301 [af280123-6372-4d1f-a5d4-c36229a73203@group-75C85B6D1182-LeaderElection78] INFO  impl.RaftServerImpl (RaftServerImpl.java:setRole(184)) - af280123-6372-4d1f-a5d4-c36229a73203@group-75C85B6D1182: changes role from CANDIDATE to FOLLOWER at term 65 for DISCOVERED_A_NEW_TERM
2019-10-24 15:43:57,301 [af280123-6372-4d1f-a5d4-c36229a73203@group-75C85B6D1182-LeaderElection78] INFO  impl.RoleInfo (RoleInfo.java:shutdownLeaderElection(134)) - af280123-6372-4d1f-a5d4-c36229a73203: shutdown LeaderElection
2019-10-24 15:43:57,301 [af280123-6372-4d1f-a5d4-c36229a73203@group-75C85B6D1182-LeaderElection78] INFO  impl.RoleInfo (RoleInfo.java:updateAndGet(143)) - af280123-6372-4d1f-a5d4-c36229a73203: start FollowerState
2019-10-24 15:43:57,351 [Thread-938] INFO  impl.FollowerState (FollowerState.java:run(108)) - af280123-6372-4d1f-a5d4-c36229a73203@group-75C85B6D1182-FollowerState: change to CANDIDATE, lastRpcTime:49ms, electionTimeout:49ms
2019-10-24 15:43:57,351 [Thread-938] INFO  impl.RoleInfo (RoleInfo.java:shutdownFollowerState(121)) - af280123-6372-4d1f-a5d4-c36229a73203: shutdown FollowerState
2019-10-24 15:43:57,351 [Thread-938] INFO  impl.RaftServerImpl (RaftServerImpl.java:setRole(184)) - af280123-6372-4d1f-a5d4-c36229a73203@group-75C85B6D1182: changes role from  FOLLOWER to CANDIDATE at term 65 for changeToCandidate
2019-10-24 15:43:57,352 [Thread-938] INFO  impl.RoleInfo (RoleInfo.java:updateAndGet(143)) - af280123-6372-4d1f-a5d4-c36229a73203: start LeaderElection
2019-10-24 15:43:57,366 [af280123-6372-4d1f-a5d4-c36229a73203@group-75C85B6D1182-LeaderElection79] INFO  impl.LeaderElection (LeaderElection.java:askForVotes(178)) - af280123-6372-4d1f-a5d4-c36229a73203@group-75C85B6D1182-LeaderElection79: begin an election at term 66 for -1: [9092f221-0e0d-4970-bb84-cacd95020f21:192.168.164.213:41903, af280123-6372-4d1f-a5d4-c36229a73203:192.168.164.213:35334, b4ae536c-ed18-4717-a75c-ca4b5d6c4001:192.168.164.213:41180], old=null
2019-10-24 15:43:57,368 [grpc-default-executor-5] INFO  impl.RaftServerImpl (RaftServerImpl.java:setRole(184)) - b4ae536c-ed18-4717-a75c-ca4b5d6c4001@group-75C85B6D1182: changes role from  FOLLOWER to FOLLOWER at term 66 for recognizeCandidate:af280123-6372-4d1f-a5d4-c36229a73203
2019-10-24 15:43:57,368 [grpc-default-executor-4] INFO  impl.RaftServerImpl (RaftServerImpl.java:setRole(184)) - 9092f221-0e0d-4970-bb84-cacd95020f21@group-75C85B6D1182: changes role from  FOLLOWER to FOLLOWER at term 66 for recognizeCandidate:af280123-6372-4d1f-a5d4-c36229a73203
2019-10-24 15:43:57,368 [grpc-default-executor-5] INFO  impl.RoleInfo (RoleInfo.java:shutdownFollowerState(121)) - b4ae536c-ed18-4717-a75c-ca4b5d6c4001: shutdown FollowerState
2019-10-24 15:43:57,368 [grpc-default-executor-4] INFO  impl.RoleInfo (RoleInfo.java:shutdownFollowerState(121)) - 9092f221-0e0d-4970-bb84-cacd95020f21: shutdown FollowerState
2019-10-24 15:43:57,368 [Thread-936] INFO  impl.FollowerState (FollowerState.java:run(117)) - b4ae536c-ed18-4717-a75c-ca4b5d6c4001@group-75C85B6D1182-FollowerState was interrupted: java.lang.InterruptedException: sleep interrupted
2019-10-24 15:43:57,368 [grpc-default-executor-5] INFO  impl.RoleInfo (RoleInfo.java:updateAndGet(143)) - b4ae536c-ed18-4717-a75c-ca4b5d6c4001: start FollowerState
2019-10-24 15:43:57,369 [Thread-937] INFO  impl.FollowerState (FollowerState.java:run(117)) - 9092f221-0e0d-4970-bb84-cacd95020f21@group-75C85B6D1182-FollowerState was interrupted: java.lang.InterruptedException: sleep interrupted
2019-10-24 15:43:57,369 [grpc-default-executor-4] INFO  impl.RoleInfo (RoleInfo.java:updateAndGet(143)) - 9092f221-0e0d-4970-bb84-cacd95020f21: start FollowerState
2019-10-24 15:43:57,384 [af280123-6372-4d1f-a5d4-c36229a73203@group-75C85B6D1182-LeaderElection79] INFO  impl.LeaderElection (LeaderElection.java:logAndReturn(56)) - af280123-6372-4d1f-a5d4-c36229a73203@group-75C85B6D1182-LeaderElection79: Election REJECTED; received 2 response(s) [af280123-6372-4d1f-a5d4-c36229a73203<-9092f221-0e0d-4970-bb84-cacd95020f21#0:FAIL-t66, af280123-6372-4d1f-a5d4-c36229a73203<-b4ae536c-ed18-4717-a75c-ca4b5d6c4001#0:FAIL-t66] and 0 exception(s); af280123-6372-4d1f-a5d4-c36229a73203@group-75C85B6D1182:t66, leader=null, voted=af280123-6372-4d1f-a5d4-c36229a73203, raftlog=af280123-6372-4d1f-a5d4-c36229a73203@group-75C85B6D1182-SegmentedRaftLog:OPENED:c-1,f-1,i0, conf=-1: [9092f221-0e0d-4970-bb84-cacd95020f21:192.168.164.213:41903, af280123-6372-4d1f-a5d4-c36229a73203:192.168.164.213:35334, b4ae536c-ed18-4717-a75c-ca4b5d6c4001:192.168.164.213:41180], old=null
2019-10-24 15:43:57,384 [af280123-6372-4d1f-a5d4-c36229a73203@group-75C85B6D1182-LeaderElection79] INFO  impl.RaftServerImpl (RaftServerImpl.java:setRole(184)) - af280123-6372-4d1f-a5d4-c36229a73203@group-75C85B6D1182: changes role from CANDIDATE to FOLLOWER at term 66 for DISCOVERED_A_NEW_TERM
2019-10-24 15:43:57,384 [af280123-6372-4d1f-a5d4-c36229a73203@group-75C85B6D1182-LeaderElection79] INFO  impl.RoleInfo (RoleInfo.java:shutdownLeaderElection(134)) - af280123-6372-4d1f-a5d4-c36229a73203: shutdown LeaderElection
2019-10-24 15:43:57,384 [af280123-6372-4d1f-a5d4-c36229a73203@group-75C85B6D1182-LeaderElection79] INFO  impl.RoleInfo (RoleInfo.java:updateAndGet(143)) - af280123-6372-4d1f-a5d4-c36229a73203: start FollowerState
2019-10-24 15:43:57,512 [Thread-944] INFO  impl.FollowerState (FollowerState.java:run(108)) - af280123-6372-4d1f-a5d4-c36229a73203@group-75C85B6D1182-FollowerState: change to CANDIDATE, lastRpcTime:127ms, electionTimeout:127ms
2019-10-24 15:43:57,512 [Thread-944] INFO  impl.RoleInfo (RoleInfo.java:shutdownFollowerState(121)) - af280123-6372-4d1f-a5d4-c36229a73203: shutdown FollowerState
2019-10-24 15:43:57,512 [Thread-944] INFO  impl.RaftServerImpl (RaftServerImpl.java:setRole(184)) - af280123-6372-4d1f-a5d4-c36229a73203@group-75C85B6D1182: changes role from  FOLLOWER to CANDIDATE at term 66 for changeToCandidate
2019-10-24 15:43:57,512 [Thread-944] INFO  impl.RoleInfo (RoleInfo.java:updateAndGet(143)) - af280123-6372-4d1f-a5d4-c36229a73203: start LeaderElection
2019-10-24 15:43:57,536 [af280123-6372-4d1f-a5d4-c36229a73203@group-75C85B6D1182-LeaderElection80] INFO  impl.LeaderElection (LeaderElection.java:askForVotes(178)) - af280123-6372-4d1f-a5d4-c36229a73203@group-75C85B6D1182-LeaderElection80: begin an election at term 67 for -1: [9092f221-0e0d-4970-bb84-cacd95020f21:192.168.164.213:41903, af280123-6372-4d1f-a5d4-c36229a73203:192.168.164.213:35334, b4ae536c-ed18-4717-a75c-ca4b5d6c4001:192.168.164.213:41180], old=null
2019-10-24 15:43:57,540 [grpc-default-executor-4] INFO  impl.RaftServerImpl (RaftServerImpl.java:setRole(184)) - 9092f221-0e0d-4970-bb84-cacd95020f21@group-75C85B6D1182: changes role from  FOLLOWER to FOLLOWER at term 67 for recognizeCandidate:af280123-6372-4d1f-a5d4-c36229a73203
2019-10-24 15:43:57,540 [grpc-default-executor-4] INFO  impl.RoleInfo (RoleInfo.java:shutdownFollowerState(121)) - 9092f221-0e0d-4970-bb84-cacd95020f21: shutdown FollowerState
2019-10-24 15:43:57,540 [grpc-default-executor-4] INFO  impl.RoleInfo (RoleInfo.java:updateAndGet(143)) - 9092f221-0e0d-4970-bb84-cacd95020f21: start FollowerState
2019-10-24 15:43:57,540 [grpc-default-executor-5] INFO  impl.RaftServerImpl (RaftServerImpl.java:setRole(184)) - b4ae536c-ed18-4717-a75c-ca4b5d6c4001@group-75C85B6D1182: changes role from  FOLLOWER to FOLLOWER at term 67 for recognizeCandidate:af280123-6372-4d1f-a5d4-c36229a73203
2019-10-24 15:43:57,540 [Thread-943] INFO  impl.FollowerState (FollowerState.java:run(117)) - 9092f221-0e0d-4970-bb84-cacd95020f21@group-75C85B6D1182-FollowerState was interrupted: java.lang.InterruptedException: sleep interrupted
2019-10-24 15:43:57,541 [grpc-default-executor-5] INFO  impl.RoleInfo (RoleInfo.java:shutdownFollowerState(121)) - b4ae536c-ed18-4717-a75c-ca4b5d6c4001: shutdown FollowerState
2019-10-24 15:43:57,541 [grpc-default-executor-5] INFO  impl.RoleInfo (RoleInfo.java:updateAndGet(143)) - b4ae536c-ed18-4717-a75c-ca4b5d6c4001: start FollowerState
2019-10-24 15:43:57,541 [Thread-942] INFO  impl.FollowerState (FollowerState.java:run(117)) - b4ae536c-ed18-4717-a75c-ca4b5d6c4001@group-75C85B6D1182-FollowerState was interrupted: java.lang.InterruptedException: sleep interrupted
2019-10-24 15:43:57,566 [af280123-6372-4d1f-a5d4-c36229a73203@group-75C85B6D1182-LeaderElection80] INFO  impl.LeaderElection (LeaderElection.java:logAndReturn(56)) - af280123-6372-4d1f-a5d4-c36229a73203@group-75C85B6D1182-LeaderElection80: Election REJECTED; received 2 response(s) [af280123-6372-4d1f-a5d4-c36229a73203<-9092f221-0e0d-4970-bb84-cacd95020f21#0:FAIL-t67, af280123-6372-4d1f-a5d4-c36229a73203<-b4ae536c-ed18-4717-a75c-ca4b5d6c4001#0:FAIL-t67] and 0 exception(s); af280123-6372-4d1f-a5d4-c36229a73203@group-75C85B6D1182:t67, leader=null, voted=af280123-6372-4d1f-a5d4-c36229a73203, raftlog=af280123-6372-4d1f-a5d4-c36229a73203@group-75C85B6D1182-SegmentedRaftLog:OPENED:c-1,f-1,i0, conf=-1: [9092f221-0e0d-4970-bb84-cacd95020f21:192.168.164.213:41903, af280123-6372-4d1f-a5d4-c36229a73203:192.168.164.213:35334, b4ae536c-ed18-4717-a75c-ca4b5d6c4001:192.168.164.213:41180], old=null
2019-10-24 15:43:57,567 [af280123-6372-4d1f-a5d4-c36229a73203@group-75C85B6D1182-LeaderElection80] INFO  impl.RaftServerImpl (RaftServerImpl.java:setRole(184)) - af280123-6372-4d1f-a5d4-c36229a73203@group-75C85B6D1182: changes role from CANDIDATE to FOLLOWER at term 67 for DISCOVERED_A_NEW_TERM
2019-10-24 15:43:57,567 [af280123-6372-4d1f-a5d4-c36229a73203@group-75C85B6D1182-LeaderElection80] INFO  impl.RoleInfo (RoleInfo.java:shutdownLeaderElection(134)) - af280123-6372-4d1f-a5d4-c36229a73203: shutdown LeaderElection
2019-10-24 15:43:57,567 [af280123-6372-4d1f-a5d4-c36229a73203@group-75C85B6D1182-LeaderElection80] INFO  impl.RoleInfo (RoleInfo.java:updateAndGet(143)) - af280123-6372-4d1f-a5d4-c36229a73203: start FollowerState
2019-10-24 15:43:57,600 [Thread-956] INFO  impl.FollowerState (FollowerState.java:run(108)) - af280123-6372-4d1f-a5d4-c36229a73203@group-75C85B6D1182-FollowerState: change to CANDIDATE, lastRpcTime:33ms, electionTimeout:33ms
2019-10-24 15:43:57,600 [Thread-956] INFO  impl.RoleInfo (RoleInfo.java:shutdownFollowerState(121)) - af280123-6372-4d1f-a5d4-c36229a73203: shutdown FollowerState
2019-10-24 15:43:57,601 [Thread-956] INFO  impl.RaftServerImpl (RaftServerImpl.java:setRole(184)) - af280123-6372-4d1f-a5d4-c36229a73203@group-75C85B6D1182: changes role from  FOLLOWER to CANDIDATE at term 67 for changeToCandidate
2019-10-24 15:43:57,601 [Thread-956] INFO  impl.RoleInfo (RoleInfo.java:updateAndGet(143)) - af280123-6372-4d1f-a5d4-c36229a73203: start LeaderElection
2019-10-24 15:43:57,615 [af280123-6372-4d1f-a5d4-c36229a73203@group-75C85B6D1182-LeaderElection81] INFO  impl.LeaderElection (LeaderElection.java:askForVotes(178)) - af280123-6372-4d1f-a5d4-c36229a73203@group-75C85B6D1182-LeaderElection81: begin an election at term 68 for -1: [9092f221-0e0d-4970-bb84-cacd95020f21:192.168.164.213:41903, af280123-6372-4d1f-a5d4-c36229a73203:192.168.164.213:35334, b4ae536c-ed18-4717-a75c-ca4b5d6c4001:192.168.164.213:41180], old=null
2019-10-24 15:43:57,617 [grpc-default-executor-5] INFO  impl.RaftServerImpl (RaftServerImpl.java:setRole(184)) - 9092f221-0e0d-4970-bb84-cacd95020f21@group-75C85B6D1182: changes role from  FOLLOWER to FOLLOWER at term 68 for recognizeCandidate:af280123-6372-4d1f-a5d4-c36229a73203
2019-10-24 15:43:57,617 [grpc-default-executor-5] INFO  impl.RoleInfo (RoleInfo.java:shutdownFollowerState(121)) - 9092f221-0e0d-4970-bb84-cacd95020f21: shutdown FollowerState
2019-10-24 15:43:57,618 [grpc-default-executor-5] INFO  impl.RoleInfo (RoleInfo.java:updateAndGet(143)) - 9092f221-0e0d-4970-bb84-cacd95020f21: start FollowerState
2019-10-24 15:43:57,618 [Thread-952] INFO  impl.FollowerState (FollowerState.java:run(117)) - 9092f221-0e0d-4970-bb84-cacd95020f21@group-75C85B6D1182-FollowerState was interrupted: java.lang.InterruptedException: sleep interrupted
2019-10-24 15:43:57,618 [grpc-default-executor-4] INFO  impl.RaftServerImpl (RaftServerImpl.java:setRole(184)) - b4ae536c-ed18-4717-a75c-ca4b5d6c4001@group-75C85B6D1182: changes role from  FOLLOWER to FOLLOWER at term 68 for recognizeCandidate:af280123-6372-4d1f-a5d4-c36229a73203
2019-10-24 15:43:57,618 [grpc-default-executor-4] INFO  impl.RoleInfo (RoleInfo.java:shutdownFollowerState(121)) - b4ae536c-ed18-4717-a75c-ca4b5d6c4001: shutdown FollowerState
2019-10-24 15:43:57,618 [grpc-default-executor-4] INFO  impl.RoleInfo (RoleInfo.java:updateAndGet(143)) - b4ae536c-ed18-4717-a75c-ca4b5d6c4001: start FollowerState
2019-10-24 15:43:57,619 [Thread-953] INFO  impl.FollowerState (FollowerState.java:run(117)) - b4ae536c-ed18-4717-a75c-ca4b5d6c4001@group-75C85B6D1182-FollowerState was interrupted: java.lang.InterruptedException: sleep interrupted
2019-10-24 15:43:57,633 [af280123-6372-4d1f-a5d4-c36229a73203@group-75C85B6D1182-LeaderElection81] INFO  impl.LeaderElection (LeaderElection.java:logAndReturn(56)) - af280123-6372-4d1f-a5d4-c36229a73203@group-75C85B6D1182-LeaderElection81: Election REJECTED; received 2 response(s) [af280123-6372-4d1f-a5d4-c36229a73203<-9092f221-0e0d-4970-bb84-cacd95020f21#0:FAIL-t68, af280123-6372-4d1f-a5d4-c36229a73203<-b4ae536c-ed18-4717-a75c-ca4b5d6c4001#0:FAIL-t68] and 0 exception(s); af280123-6372-4d1f-a5d4-c36229a73203@group-75C85B6D1182:t68, leader=null, voted=af280123-6372-4d1f-a5d4-c36229a73203, raftlog=af280123-6372-4d1f-a5d4-c36229a73203@group-75C85B6D1182-SegmentedRaftLog:OPENED:c-1,f-1,i0, conf=-1: [9092f221-0e0d-4970-bb84-cacd95020f21:192.168.164.213:41903, af280123-6372-4d1f-a5d4-c36229a73203:192.168.164.213:35334, b4ae536c-ed18-4717-a75c-ca4b5d6c4001:192.168.164.213:41180], old=null
2019-10-24 15:43:57,633 [af280123-6372-4d1f-a5d4-c36229a73203@group-75C85B6D1182-LeaderElection81] INFO  impl.RaftServerImpl (RaftServerImpl.java:setRole(184)) - af280123-6372-4d1f-a5d4-c36229a73203@group-75C85B6D1182: changes role from CANDIDATE to FOLLOWER at term 68 for DISCOVERED_A_NEW_TERM
2019-10-24 15:43:57,633 [af280123-6372-4d1f-a5d4-c36229a73203@group-75C85B6D1182-LeaderElection81] INFO  impl.RoleInfo (RoleInfo.java:shutdownLeaderElection(134)) - af280123-6372-4d1f-a5d4-c36229a73203: shutdown LeaderElection
2019-10-24 15:43:57,634 [af280123-6372-4d1f-a5d4-c36229a73203@group-75C85B6D1182-LeaderElection81] INFO  impl.RoleInfo (RoleInfo.java:updateAndGet(143)) - af280123-6372-4d1f-a5d4-c36229a73203: start FollowerState
2019-10-24 15:43:57,638 [Thread-962] INFO  impl.FollowerState (FollowerState.java:run(108)) - af280123-6372-4d1f-a5d4-c36229a73203@group-75C85B6D1182-FollowerState: change to CANDIDATE, lastRpcTime:4ms, electionTimeout:4ms
2019-10-24 15:43:57,638 [Thread-962] INFO  impl.RoleInfo (RoleInfo.java:shutdownFollowerState(121)) - af280123-6372-4d1f-a5d4-c36229a73203: shutdown FollowerState
2019-10-24 15:43:57,638 [Thread-962] INFO  impl.RaftServerImpl (RaftServerImpl.java:setRole(184)) - af280123-6372-4d1f-a5d4-c36229a73203@group-75C85B6D1182: changes role from  FOLLOWER to CANDIDATE at term 68 for changeToCandidate
2019-10-24 15:43:57,638 [Thread-962] INFO  impl.RoleInfo (RoleInfo.java:updateAndGet(143)) - af280123-6372-4d1f-a5d4-c36229a73203: start LeaderElection
2019-10-24 15:43:57,652 [af280123-6372-4d1f-a5d4-c36229a73203@group-75C85B6D1182-LeaderElection82] INFO  impl.LeaderElection (LeaderElection.java:askForVotes(178)) - af280123-6372-4d1f-a5d4-c36229a73203@group-75C85B6D1182-LeaderElection82: begin an election at term 69 for -1: [9092f221-0e0d-4970-bb84-cacd95020f21:192.168.164.213:41903, af280123-6372-4d1f-a5d4-c36229a73203:192.168.164.213:35334, b4ae536c-ed18-4717-a75c-ca4b5d6c4001:192.168.164.213:41180], old=null
2019-10-24 15:43:57,654 [grpc-default-executor-5] INFO  impl.RaftServerImpl (RaftServerImpl.java:setRole(184)) - 9092f221-0e0d-4970-bb84-cacd95020f21@group-75C85B6D1182: changes role from  FOLLOWER to FOLLOWER at term 69 for recognizeCandidate:af280123-6372-4d1f-a5d4-c36229a73203
2019-10-24 15:43:57,654 [grpc-default-executor-4] INFO  impl.RaftServerImpl (RaftServerImpl.java:setRole(184)) - b4ae536c-ed18-4717-a75c-ca4b5d6c4001@group-75C85B6D1182: changes role from  FOLLOWER to FOLLOWER at term 69 for recognizeCandidate:af280123-6372-4d1f-a5d4-c36229a73203
2019-10-24 15:43:57,654 [grpc-default-executor-5] INFO  impl.RoleInfo (RoleInfo.java:shutdownFollowerState(121)) - 9092f221-0e0d-4970-bb84-cacd95020f21: shutdown FollowerState
2019-10-24 15:43:57,654 [grpc-default-executor-4] INFO  impl.RoleInfo (RoleInfo.java:shutdownFollowerState(121)) - b4ae536c-ed18-4717-a75c-ca4b5d6c4001: shutdown FollowerState
2019-10-24 15:43:57,654 [Thread-960] INFO  impl.FollowerState (FollowerState.java:run(117)) - 9092f221-0e0d-4970-bb84-cacd95020f21@group-75C85B6D1182-FollowerState was interrupted: java.lang.InterruptedException: sleep interrupted
2019-10-24 15:43:57,654 [grpc-default-executor-5] INFO  impl.RoleInfo (RoleInfo.java:updateAndGet(143)) - 9092f221-0e0d-4970-bb84-cacd95020f21: start FollowerState
2019-10-24 15:43:57,655 [Thread-961] INFO  impl.FollowerState (FollowerState.java:run(117)) - b4ae536c-ed18-4717-a75c-ca4b5d6c4001@group-75C85B6D1182-FollowerState was interrupted: java.lang.InterruptedException: sleep interrupted
2019-10-24 15:43:57,655 [grpc-default-executor-4] INFO  impl.RoleInfo (RoleInfo.java:updateAndGet(143)) - b4ae536c-ed18-4717-a75c-ca4b5d6c4001: start FollowerState
2019-10-24 15:43:57,669 [af280123-6372-4d1f-a5d4-c36229a73203@group-75C85B6D1182-LeaderElection82] INFO  impl.LeaderElection (LeaderElection.java:logAndReturn(56)) - af280123-6372-4d1f-a5d4-c36229a73203@group-75C85B6D1182-LeaderElection82: Election REJECTED; received 2 response(s) [af280123-6372-4d1f-a5d4-c36229a73203<-9092f221-0e0d-4970-bb84-cacd95020f21#0:FAIL-t69, af280123-6372-4d1f-a5d4-c36229a73203<-b4ae536c-ed18-4717-a75c-ca4b5d6c4001#0:FAIL-t69] and 0 exception(s); af280123-6372-4d1f-a5d4-c36229a73203@group-75C85B6D1182:t69, leader=null, voted=af280123-6372-4d1f-a5d4-c36229a73203, raftlog=af280123-6372-4d1f-a5d4-c36229a73203@group-75C85B6D1182-SegmentedRaftLog:OPENED:c-1,f-1,i0, conf=-1: [9092f221-0e0d-4970-bb84-cacd95020f21:192.168.164.213:41903, af280123-6372-4d1f-a5d4-c36229a73203:192.168.164.213:35334, b4ae536c-ed18-4717-a75c-ca4b5d6c4001:192.168.164.213:41180], old=null
2019-10-24 15:43:57,669 [af280123-6372-4d1f-a5d4-c36229a73203@group-75C85B6D1182-LeaderElection82] INFO  impl.RaftServerImpl (RaftServerImpl.java:setRole(184)) - af280123-6372-4d1f-a5d4-c36229a73203@group-75C85B6D1182: changes role from CANDIDATE to FOLLOWER at term 69 for DISCOVERED_A_NEW_TERM
2019-10-24 15:43:57,670 [af280123-6372-4d1f-a5d4-c36229a73203@group-75C85B6D1182-LeaderElection82] INFO  impl.RoleInfo (RoleInfo.java:shutdownLeaderElection(134)) - af280123-6372-4d1f-a5d4-c36229a73203: shutdown LeaderElection
2019-10-24 15:43:57,670 [af280123-6372-4d1f-a5d4-c36229a73203@group-75C85B6D1182-LeaderElection82] INFO  impl.RoleInfo (RoleInfo.java:updateAndGet(143)) - af280123-6372-4d1f-a5d4-c36229a73203: start FollowerState
2019-10-24 15:43:57,845 [Thread-968] INFO  impl.FollowerState (FollowerState.java:run(108)) - af280123-6372-4d1f-a5d4-c36229a73203@group-75C85B6D1182-FollowerState: change to CANDIDATE, lastRpcTime:175ms, electionTimeout:175ms
2019-10-24 15:43:57,846 [Thread-968] INFO  impl.RoleInfo (RoleInfo.java:shutdownFollowerState(121)) - af280123-6372-4d1f-a5d4-c36229a73203: shutdown FollowerState
2019-10-24 15:43:57,846 [Thread-968] INFO  impl.RaftServerImpl (RaftServerImpl.java:setRole(184)) - af280123-6372-4d1f-a5d4-c36229a73203@group-75C85B6D1182: changes role from  FOLLOWER to CANDIDATE at term 69 for changeToCandidate
2019-10-24 15:43:57,846 [Thread-968] INFO  impl.RoleInfo (RoleInfo.java:updateAndGet(143)) - af280123-6372-4d1f-a5d4-c36229a73203: start LeaderElection
2019-10-24 15:43:57,861 [af280123-6372-4d1f-a5d4-c36229a73203@group-75C85B6D1182-LeaderElection83] INFO  impl.LeaderElection (LeaderElection.java:askForVotes(178)) - af280123-6372-4d1f-a5d4-c36229a73203@group-75C85B6D1182-LeaderElection83: begin an election at term 70 for -1: [9092f221-0e0d-4970-bb84-cacd95020f21:192.168.164.213:41903, af280123-6372-4d1f-a5d4-c36229a73203:192.168.164.213:35334, b4ae536c-ed18-4717-a75c-ca4b5d6c4001:192.168.164.213:41180], old=null
2019-10-24 15:43:57,865 [grpc-default-executor-4] INFO  impl.RaftServerImpl (RaftServerImpl.java:setRole(184)) - b4ae536c-ed18-4717-a75c-ca4b5d6c4001@group-75C85B6D1182: changes role from  FOLLOWER to FOLLOWER at term 70 for recognizeCandidate:af280123-6372-4d1f-a5d4-c36229a73203
2019-10-24 15:43:57,866 [grpc-default-executor-4] INFO  impl.RoleInfo (RoleInfo.java:shutdownFollowerState(121)) - b4ae536c-ed18-4717-a75c-ca4b5d6c4001: shutdown FollowerState
2019-10-24 15:43:57,866 [grpc-default-executor-4] INFO  impl.RoleInfo (RoleInfo.java:updateAndGet(143)) - b4ae536c-ed18-4717-a75c-ca4b5d6c4001: start FollowerState
2019-10-24 15:43:57,866 [Thread-967] INFO  impl.FollowerState (FollowerState.java:run(117)) - b4ae536c-ed18-4717-a75c-ca4b5d6c4001@group-75C85B6D1182-FollowerState was interrupted: java.lang.InterruptedException: sleep interrupted
2019-10-24 15:43:57,866 [grpc-default-executor-5] INFO  impl.RaftServerImpl (RaftServerImpl.java:setRole(184)) - 9092f221-0e0d-4970-bb84-cacd95020f21@group-75C85B6D1182: changes role from  FOLLOWER to FOLLOWER at term 70 for recognizeCandidate:af280123-6372-4d1f-a5d4-c36229a73203
2019-10-24 15:43:57,867 [grpc-default-executor-5] INFO  impl.RoleInfo (RoleInfo.java:shutdownFollowerState(121)) - 9092f221-0e0d-4970-bb84-cacd95020f21: shutdown FollowerState
2019-10-24 15:43:57,867 [grpc-default-executor-5] INFO  impl.RoleInfo (RoleInfo.java:updateAndGet(143)) - 9092f221-0e0d-4970-bb84-cacd95020f21: start FollowerState
2019-10-24 15:43:57,867 [Thread-966] INFO  impl.FollowerState (FollowerState.java:run(117)) - 9092f221-0e0d-4970-bb84-cacd95020f21@group-75C85B6D1182-FollowerState was interrupted: java.lang.InterruptedException: sleep interrupted
2019-10-24 15:43:57,882 [af280123-6372-4d1f-a5d4-c36229a73203@group-75C85B6D1182-LeaderElection83] INFO  impl.LeaderElection (LeaderElection.java:logAndReturn(56)) - af280123-6372-4d1f-a5d4-c36229a73203@group-75C85B6D1182-LeaderElection83: Election REJECTED; received 2 response(s) [af280123-6372-4d1f-a5d4-c36229a73203<-9092f221-0e0d-4970-bb84-cacd95020f21#0:FAIL-t70, af280123-6372-4d1f-a5d4-c36229a73203<-b4ae536c-ed18-4717-a75c-ca4b5d6c4001#0:FAIL-t70] and 0 exception(s); af280123-6372-4d1f-a5d4-c36229a73203@group-75C85B6D1182:t70, leader=null, voted=af280123-6372-4d1f-a5d4-c36229a73203, raftlog=af280123-6372-4d1f-a5d4-c36229a73203@group-75C85B6D1182-SegmentedRaftLog:OPENED:c-1,f-1,i0, conf=-1: [9092f221-0e0d-4970-bb84-cacd95020f21:192.168.164.213:41903, af280123-6372-4d1f-a5d4-c36229a73203:192.168.164.213:35334, b4ae536c-ed18-4717-a75c-ca4b5d6c4001:192.168.164.213:41180], old=null
2019-10-24 15:43:57,883 [af280123-6372-4d1f-a5d4-c36229a73203@group-75C85B6D1182-LeaderElection83] INFO  impl.RaftServerImpl (RaftServerImpl.java:setRole(184)) - af280123-6372-4d1f-a5d4-c36229a73203@group-75C85B6D1182: changes role from CANDIDATE to FOLLOWER at term 70 for DISCOVERED_A_NEW_TERM
2019-10-24 15:43:57,883 [af280123-6372-4d1f-a5d4-c36229a73203@group-75C85B6D1182-LeaderElection83] INFO  impl.RoleInfo (RoleInfo.java:shutdownLeaderElection(134)) - af280123-6372-4d1f-a5d4-c36229a73203: shutdown LeaderElection
2019-10-24 15:43:57,883 [af280123-6372-4d1f-a5d4-c36229a73203@group-75C85B6D1182-LeaderElection83] INFO  impl.RoleInfo (RoleInfo.java:updateAndGet(143)) - af280123-6372-4d1f-a5d4-c36229a73203: start FollowerState
2019-10-24 15:43:58,023 [Thread-974] INFO  impl.FollowerState (FollowerState.java:run(108)) - af280123-6372-4d1f-a5d4-c36229a73203@group-75C85B6D1182-FollowerState: change to CANDIDATE, lastRpcTime:140ms, electionTimeout:140ms
2019-10-24 15:43:58,024 [Thread-974] INFO  impl.RoleInfo (RoleInfo.java:shutdownFollowerState(121)) - af280123-6372-4d1f-a5d4-c36229a73203: shutdown FollowerState
2019-10-24 15:43:58,024 [Thread-974] INFO  impl.RaftServerImpl (RaftServerImpl.java:setRole(184)) - af280123-6372-4d1f-a5d4-c36229a73203@group-75C85B6D1182: changes role from  FOLLOWER to CANDIDATE at term 70 for changeToCandidate
2019-10-24 15:43:58,024 [Thread-974] INFO  impl.RoleInfo (RoleInfo.java:updateAndGet(143)) - af280123-6372-4d1f-a5d4-c36229a73203: start LeaderElection
2019-10-24 15:43:58,038 [af280123-6372-4d1f-a5d4-c36229a73203@group-75C85B6D1182-LeaderElection84] INFO  impl.LeaderElection (LeaderElection.java:askForVotes(178)) - af280123-6372-4d1f-a5d4-c36229a73203@group-75C85B6D1182-LeaderElection84: begin an election at term 71 for -1: [9092f221-0e0d-4970-bb84-cacd95020f21:192.168.164.213:41903, af280123-6372-4d1f-a5d4-c36229a73203:192.168.164.213:35334, b4ae536c-ed18-4717-a75c-ca4b5d6c4001:192.168.164.213:41180], old=null
2019-10-24 15:43:58,041 [grpc-default-executor-5] INFO  impl.RaftServerImpl (RaftServerImpl.java:setRole(184)) - 9092f221-0e0d-4970-bb84-cacd95020f21@group-75C85B6D1182: changes role from  FOLLOWER to FOLLOWER at term 71 for recognizeCandidate:af280123-6372-4d1f-a5d4-c36229a73203
2019-10-24 15:43:58,041 [grpc-default-executor-4] INFO  impl.RaftServerImpl (RaftServerImpl.java:setRole(184)) - b4ae536c-ed18-4717-a75c-ca4b5d6c4001@group-75C85B6D1182: changes role from  FOLLOWER to FOLLOWER at term 71 for recognizeCandidate:af280123-6372-4d1f-a5d4-c36229a73203
2019-10-24 15:43:58,041 [grpc-default-executor-5] INFO  impl.RoleInfo (RoleInfo.java:shutdownFollowerState(121)) - 9092f221-0e0d-4970-bb84-cacd95020f21: shutdown FollowerState
2019-10-24 15:43:58,041 [grpc-default-executor-4] INFO  impl.RoleInfo (RoleInfo.java:shutdownFollowerState(121)) - b4ae536c-ed18-4717-a75c-ca4b5d6c4001: shutdown FollowerState
2019-10-24 15:43:58,041 [grpc-default-executor-5] INFO  impl.RoleInfo (RoleInfo.java:updateAndGet(143)) - 9092f221-0e0d-4970-bb84-cacd95020f21: start FollowerState
2019-10-24 15:43:58,042 [Thread-972] INFO  impl.FollowerState (FollowerState.java:run(117)) - b4ae536c-ed18-4717-a75c-ca4b5d6c4001@group-75C85B6D1182-FollowerState was interrupted: java.lang.InterruptedException: sleep interrupted
2019-10-24 15:43:58,042 [grpc-default-executor-4] INFO  impl.RoleInfo (RoleInfo.java:updateAndGet(143)) - b4ae536c-ed18-4717-a75c-ca4b5d6c4001: start FollowerState
2019-10-24 15:43:58,042 [Thread-973] INFO  impl.FollowerState (FollowerState.java:run(117)) - 9092f221-0e0d-4970-bb84-cacd95020f21@group-75C85B6D1182-FollowerState was interrupted: java.lang.InterruptedException: sleep interrupted
2019-10-24 15:43:58,057 [af280123-6372-4d1f-a5d4-c36229a73203@group-75C85B6D1182-LeaderElection84] INFO  impl.LeaderElection (LeaderElection.java:logAndReturn(56)) - af280123-6372-4d1f-a5d4-c36229a73203@group-75C85B6D1182-LeaderElection84: Election REJECTED; received 2 response(s) [af280123-6372-4d1f-a5d4-c36229a73203<-9092f221-0e0d-4970-bb84-cacd95020f21#0:FAIL-t71, af280123-6372-4d1f-a5d4-c36229a73203<-b4ae536c-ed18-4717-a75c-ca4b5d6c4001#0:FAIL-t71] and 0 exception(s); af280123-6372-4d1f-a5d4-c36229a73203@group-75C85B6D1182:t71, leader=null, voted=af280123-6372-4d1f-a5d4-c36229a73203, raftlog=af280123-6372-4d1f-a5d4-c36229a73203@group-75C85B6D1182-SegmentedRaftLog:OPENED:c-1,f-1,i0, conf=-1: [9092f221-0e0d-4970-bb84-cacd95020f21:192.168.164.213:41903, af280123-6372-4d1f-a5d4-c36229a73203:192.168.164.213:35334, b4ae536c-ed18-4717-a75c-ca4b5d6c4001:192.168.164.213:41180], old=null
2019-10-24 15:43:58,057 [af280123-6372-4d1f-a5d4-c36229a73203@group-75C85B6D1182-LeaderElection84] INFO  impl.RaftServerImpl (RaftServerImpl.java:setRole(184)) - af280123-6372-4d1f-a5d4-c36229a73203@group-75C85B6D1182: changes role from CANDIDATE to FOLLOWER at term 71 for DISCOVERED_A_NEW_TERM
2019-10-24 15:43:58,057 [af280123-6372-4d1f-a5d4-c36229a73203@group-75C85B6D1182-LeaderElection84] INFO  impl.RoleInfo (RoleInfo.java:shutdownLeaderElection(134)) - af280123-6372-4d1f-a5d4-c36229a73203: shutdown LeaderElection
2019-10-24 15:43:58,057 [af280123-6372-4d1f-a5d4-c36229a73203@group-75C85B6D1182-LeaderElection84] INFO  impl.RoleInfo (RoleInfo.java:updateAndGet(143)) - af280123-6372-4d1f-a5d4-c36229a73203: start FollowerState
2019-10-24 15:43:58,158 [Thread-984] INFO  impl.FollowerState (FollowerState.java:run(108)) - af280123-6372-4d1f-a5d4-c36229a73203@group-75C85B6D1182-FollowerState: change to CANDIDATE, lastRpcTime:100ms, electionTimeout:100ms
2019-10-24 15:43:58,158 [Thread-984] INFO  impl.RoleInfo (RoleInfo.java:shutdownFollowerState(121)) - af280123-6372-4d1f-a5d4-c36229a73203: shutdown FollowerState
2019-10-24 15:43:58,158 [Thread-984] INFO  impl.RaftServerImpl (RaftServerImpl.java:setRole(184)) - af280123-6372-4d1f-a5d4-c36229a73203@group-75C85B6D1182: changes role from  FOLLOWER to CANDIDATE at term 71 for changeToCandidate
2019-10-24 15:43:58,158 [Thread-984] INFO  impl.RoleInfo (RoleInfo.java:updateAndGet(143)) - af280123-6372-4d1f-a5d4-c36229a73203: start LeaderElection
2019-10-24 15:43:58,176 [af280123-6372-4d1f-a5d4-c36229a73203@group-75C85B6D1182-LeaderElection85] INFO  impl.LeaderElection (LeaderElection.java:askForVotes(178)) - af280123-6372-4d1f-a5d4-c36229a73203@group-75C85B6D1182-LeaderElection85: begin an election at term 72 for -1: [9092f221-0e0d-4970-bb84-cacd95020f21:192.168.164.213:41903, af280123-6372-4d1f-a5d4-c36229a73203:192.168.164.213:35334, b4ae536c-ed18-4717-a75c-ca4b5d6c4001:192.168.164.213:41180], old=null
2019-10-24 15:43:58,180 [grpc-default-executor-5] INFO  impl.RaftServerImpl (RaftServerImpl.java:setRole(184)) - b4ae536c-ed18-4717-a75c-ca4b5d6c4001@group-75C85B6D1182: changes role from  FOLLOWER to FOLLOWER at term 72 for recognizeCandidate:af280123-6372-4d1f-a5d4-c36229a73203
2019-10-24 15:43:58,180 [grpc-default-executor-4] INFO  impl.RaftServerImpl (RaftServerImpl.java:setRole(184)) - 9092f221-0e0d-4970-bb84-cacd95020f21@group-75C85B6D1182: changes role from  FOLLOWER to FOLLOWER at term 72 for recognizeCandidate:af280123-6372-4d1f-a5d4-c36229a73203
2019-10-24 15:43:58,180 [grpc-default-executor-5] INFO  impl.RoleInfo (RoleInfo.java:shutdownFollowerState(121)) - b4ae536c-ed18-4717-a75c-ca4b5d6c4001: shutdown FollowerState
2019-10-24 15:43:58,181 [grpc-default-executor-4] INFO  impl.RoleInfo (RoleInfo.java:shutdownFollowerState(121)) - 9092f221-0e0d-4970-bb84-cacd95020f21: shutdown FollowerState
2019-10-24 15:43:58,181 [Thread-981] INFO  impl.FollowerState (FollowerState.java:run(117)) - b4ae536c-ed18-4717-a75c-ca4b5d6c4001@group-75C85B6D1182-FollowerState was interrupted: java.lang.InterruptedException: sleep interrupted
2019-10-24 15:43:58,181 [grpc-default-executor-5] INFO  impl.RoleInfo (RoleInfo.java:updateAndGet(143)) - b4ae536c-ed18-4717-a75c-ca4b5d6c4001: start FollowerState
2019-10-24 15:43:58,181 [grpc-default-executor-4] INFO  impl.RoleInfo (RoleInfo.java:updateAndGet(143)) - 9092f221-0e0d-4970-bb84-cacd95020f21: start FollowerState
2019-10-24 15:43:58,181 [Thread-980] INFO  impl.FollowerState (FollowerState.java:run(117)) - 9092f221-0e0d-4970-bb84-cacd95020f21@group-75C85B6D1182-FollowerState was interrupted: java.lang.InterruptedException: sleep interrupted
2019-10-24 15:43:58,192 [af280123-6372-4d1f-a5d4-c36229a73203@group-75C85B6D1182-LeaderElection85] INFO  impl.LeaderElection (LeaderElection.java:logAndReturn(56)) - af280123-6372-4d1f-a5d4-c36229a73203@group-75C85B6D1182-LeaderElection85: Election REJECTED; received 2 response(s) [af280123-6372-4d1f-a5d4-c36229a73203<-9092f221-0e0d-4970-bb84-cacd95020f21#0:FAIL-t72, af280123-6372-4d1f-a5d4-c36229a73203<-b4ae536c-ed18-4717-a75c-ca4b5d6c4001#0:FAIL-t72] and 0 exception(s); af280123-6372-4d1f-a5d4-c36229a73203@group-75C85B6D1182:t72, leader=null, voted=af280123-6372-4d1f-a5d4-c36229a73203, raftlog=af280123-6372-4d1f-a5d4-c36229a73203@group-75C85B6D1182-SegmentedRaftLog:OPENED:c-1,f-1,i0, conf=-1: [9092f221-0e0d-4970-bb84-cacd95020f21:192.168.164.213:41903, af280123-6372-4d1f-a5d4-c36229a73203:192.168.164.213:35334, b4ae536c-ed18-4717-a75c-ca4b5d6c4001:192.168.164.213:41180], old=null
2019-10-24 15:43:58,193 [af280123-6372-4d1f-a5d4-c36229a73203@group-75C85B6D1182-LeaderElection85] INFO  impl.RaftServerImpl (RaftServerImpl.java:setRole(184)) - af280123-6372-4d1f-a5d4-c36229a73203@group-75C85B6D1182: changes role from CANDIDATE to FOLLOWER at term 72 for DISCOVERED_A_NEW_TERM
2019-10-24 15:43:58,193 [af280123-6372-4d1f-a5d4-c36229a73203@group-75C85B6D1182-LeaderElection85] INFO  impl.RoleInfo (RoleInfo.java:shutdownLeaderElection(134)) - af280123-6372-4d1f-a5d4-c36229a73203: shutdown LeaderElection
2019-10-24 15:43:58,193 [af280123-6372-4d1f-a5d4-c36229a73203@group-75C85B6D1182-LeaderElection85] INFO  impl.RoleInfo (RoleInfo.java:updateAndGet(143)) - af280123-6372-4d1f-a5d4-c36229a73203: start FollowerState
2019-10-24 15:43:58,289 [Thread-990] INFO  impl.FollowerState (FollowerState.java:run(108)) - af280123-6372-4d1f-a5d4-c36229a73203@group-75C85B6D1182-FollowerState: change to CANDIDATE, lastRpcTime:95ms, electionTimeout:95ms
2019-10-24 15:43:58,289 [Thread-990] INFO  impl.RoleInfo (RoleInfo.java:shutdownFollowerState(121)) - af280123-6372-4d1f-a5d4-c36229a73203: shutdown FollowerState
2019-10-24 15:43:58,289 [Thread-990] INFO  impl.RaftServerImpl (RaftServerImpl.java:setRole(184)) - af280123-6372-4d1f-a5d4-c36229a73203@group-75C85B6D1182: changes role from  FOLLOWER to CANDIDATE at term 72 for changeToCandidate
2019-10-24 15:43:58,289 [Thread-990] INFO  impl.RoleInfo (RoleInfo.java:updateAndGet(143)) - af280123-6372-4d1f-a5d4-c36229a73203: start LeaderElection
2019-10-24 15:43:58,303 [af280123-6372-4d1f-a5d4-c36229a73203@group-75C85B6D1182-LeaderElection86] INFO  impl.LeaderElection (LeaderElection.java:askForVotes(178)) - af280123-6372-4d1f-a5d4-c36229a73203@group-75C85B6D1182-LeaderElection86: begin an election at term 73 for -1: [9092f221-0e0d-4970-bb84-cacd95020f21:192.168.164.213:41903, af280123-6372-4d1f-a5d4-c36229a73203:192.168.164.213:35334, b4ae536c-ed18-4717-a75c-ca4b5d6c4001:192.168.164.213:41180], old=null
2019-10-24 15:43:58,306 [grpc-default-executor-5] INFO  impl.RaftServerImpl (RaftServerImpl.java:setRole(184)) - 9092f221-0e0d-4970-bb84-cacd95020f21@group-75C85B6D1182: changes role from  FOLLOWER to FOLLOWER at term 73 for recognizeCandidate:af280123-6372-4d1f-a5d4-c36229a73203
2019-10-24 15:43:58,306 [grpc-default-executor-4] INFO  impl.RaftServerImpl (RaftServerImpl.java:setRole(184)) - b4ae536c-ed18-4717-a75c-ca4b5d6c4001@group-75C85B6D1182: changes role from  FOLLOWER to FOLLOWER at term 73 for recognizeCandidate:af280123-6372-4d1f-a5d4-c36229a73203
2019-10-24 15:43:58,306 [grpc-default-executor-5] INFO  impl.RoleInfo (RoleInfo.java:shutdownFollowerState(121)) - 9092f221-0e0d-4970-bb84-cacd95020f21: shutdown FollowerState
2019-10-24 15:43:58,306 [grpc-default-executor-4] INFO  impl.RoleInfo (RoleInfo.java:shutdownFollowerState(121)) - b4ae536c-ed18-4717-a75c-ca4b5d6c4001: shutdown FollowerState
2019-10-24 15:43:58,307 [grpc-default-executor-5] INFO  impl.RoleInfo (RoleInfo.java:updateAndGet(143)) - 9092f221-0e0d-4970-bb84-cacd95020f21: start FollowerState
2019-10-24 15:43:58,307 [Thread-988] INFO  impl.FollowerState (FollowerState.java:run(117)) - b4ae536c-ed18-4717-a75c-ca4b5d6c4001@group-75C85B6D1182-FollowerState was interrupted: java.lang.InterruptedException: sleep interrupted
2019-10-24 15:43:58,307 [Thread-989] INFO  impl.FollowerState (FollowerState.java:run(117)) - 9092f221-0e0d-4970-bb84-cacd95020f21@group-75C85B6D1182-FollowerState was interrupted: java.lang.InterruptedException: sleep interrupted
2019-10-24 15:43:58,307 [grpc-default-executor-4] INFO  impl.RoleInfo (RoleInfo.java:updateAndGet(143)) - b4ae536c-ed18-4717-a75c-ca4b5d6c4001: start FollowerState
2019-10-24 15:43:58,322 [af280123-6372-4d1f-a5d4-c36229a73203@group-75C85B6D1182-LeaderElection86] INFO  impl.LeaderElection (LeaderElection.java:logAndReturn(56)) - af280123-6372-4d1f-a5d4-c36229a73203@group-75C85B6D1182-LeaderElection86: Election REJECTED; received 2 response(s) [af280123-6372-4d1f-a5d4-c36229a73203<-9092f221-0e0d-4970-bb84-cacd95020f21#0:FAIL-t73, af280123-6372-4d1f-a5d4-c36229a73203<-b4ae536c-ed18-4717-a75c-ca4b5d6c4001#0:FAIL-t73] and 0 exception(s); af280123-6372-4d1f-a5d4-c36229a73203@group-75C85B6D1182:t73, leader=null, voted=af280123-6372-4d1f-a5d4-c36229a73203, raftlog=af280123-6372-4d1f-a5d4-c36229a73203@group-75C85B6D1182-SegmentedRaftLog:OPENED:c-1,f-1,i0, conf=-1: [9092f221-0e0d-4970-bb84-cacd95020f21:192.168.164.213:41903, af280123-6372-4d1f-a5d4-c36229a73203:192.168.164.213:35334, b4ae536c-ed18-4717-a75c-ca4b5d6c4001:192.168.164.213:41180], old=null
2019-10-24 15:43:58,322 [af280123-6372-4d1f-a5d4-c36229a73203@group-75C85B6D1182-LeaderElection86] INFO  impl.RaftServerImpl (RaftServerImpl.java:setRole(184)) - af280123-6372-4d1f-a5d4-c36229a73203@group-75C85B6D1182: changes role from CANDIDATE to FOLLOWER at term 73 for DISCOVERED_A_NEW_TERM
2019-10-24 15:43:58,322 [af280123-6372-4d1f-a5d4-c36229a73203@group-75C85B6D1182-LeaderElection86] INFO  impl.RoleInfo (RoleInfo.java:shutdownLeaderElection(134)) - af280123-6372-4d1f-a5d4-c36229a73203: shutdown LeaderElection
2019-10-24 15:43:58,322 [af280123-6372-4d1f-a5d4-c36229a73203@group-75C85B6D1182-LeaderElection86] INFO  impl.RoleInfo (RoleInfo.java:updateAndGet(143)) - af280123-6372-4d1f-a5d4-c36229a73203: start FollowerState
2019-10-24 15:43:58,441 [Thread-996] INFO  impl.FollowerState (FollowerState.java:run(108)) - af280123-6372-4d1f-a5d4-c36229a73203@group-75C85B6D1182-FollowerState: change to CANDIDATE, lastRpcTime:118ms, electionTimeout:118ms
2019-10-24 15:43:58,441 [Thread-996] INFO  impl.RoleInfo (RoleInfo.java:shutdownFollowerState(121)) - af280123-6372-4d1f-a5d4-c36229a73203: shutdown FollowerState
2019-10-24 15:43:58,441 [Thread-996] INFO  impl.RaftServerImpl (RaftServerImpl.java:setRole(184)) - af280123-6372-4d1f-a5d4-c36229a73203@group-75C85B6D1182: changes role from  FOLLOWER to CANDIDATE at term 73 for changeToCandidate
2019-10-24 15:43:58,441 [Thread-996] INFO  impl.RoleInfo (RoleInfo.java:updateAndGet(143)) - af280123-6372-4d1f-a5d4-c36229a73203: start LeaderElection
2019-10-24 15:43:58,469 [af280123-6372-4d1f-a5d4-c36229a73203@group-75C85B6D1182-LeaderElection87] INFO  impl.LeaderElection (LeaderElection.java:askForVotes(178)) - af280123-6372-4d1f-a5d4-c36229a73203@group-75C85B6D1182-LeaderElection87: begin an election at term 74 for -1: [9092f221-0e0d-4970-bb84-cacd95020f21:192.168.164.213:41903, af280123-6372-4d1f-a5d4-c36229a73203:192.168.164.213:35334, b4ae536c-ed18-4717-a75c-ca4b5d6c4001:192.168.164.213:41180], old=null
2019-10-24 15:43:58,483 [af280123-6372-4d1f-a5d4-c36229a73203@group-75C85B6D1182-LeaderElection87] INFO  impl.LeaderElection (LeaderElection.java:logAndReturn(56)) - af280123-6372-4d1f-a5d4-c36229a73203@group-75C85B6D1182-LeaderElection87: Election TIMEOUT; received 0 response(s) [] and 0 exception(s); af280123-6372-4d1f-a5d4-c36229a73203@group-75C85B6D1182:t74, leader=null, voted=af280123-6372-4d1f-a5d4-c36229a73203, raftlog=af280123-6372-4d1f-a5d4-c36229a73203@group-75C85B6D1182-SegmentedRaftLog:OPENED:c-1,f-1,i0, conf=-1: [9092f221-0e0d-4970-bb84-cacd95020f21:192.168.164.213:41903, af280123-6372-4d1f-a5d4-c36229a73203:192.168.164.213:35334, b4ae536c-ed18-4717-a75c-ca4b5d6c4001:192.168.164.213:41180], old=null
2019-10-24 15:43:58,486 [grpc-default-executor-4] INFO  impl.RaftServerImpl (RaftServerImpl.java:setRole(184)) - b4ae536c-ed18-4717-a75c-ca4b5d6c4001@group-75C85B6D1182: changes role from  FOLLOWER to FOLLOWER at term 74 for recognizeCandidate:af280123-6372-4d1f-a5d4-c36229a73203
2019-10-24 15:43:58,486 [grpc-default-executor-4] INFO  impl.RoleInfo (RoleInfo.java:shutdownFollowerState(121)) - b4ae536c-ed18-4717-a75c-ca4b5d6c4001: shutdown FollowerState
2019-10-24 15:43:58,486 [grpc-default-executor-5] INFO  impl.RaftServerImpl (RaftServerImpl.java:setRole(184)) - 9092f221-0e0d-4970-bb84-cacd95020f21@group-75C85B6D1182: changes role from  FOLLOWER to FOLLOWER at term 74 for recognizeCandidate:af280123-6372-4d1f-a5d4-c36229a73203
2019-10-24 15:43:58,487 [Thread-995] INFO  impl.FollowerState (FollowerState.java:run(117)) - b4ae536c-ed18-4717-a75c-ca4b5d6c4001@group-75C85B6D1182-FollowerState was interrupted: java.lang.InterruptedException: sleep interrupted
2019-10-24 15:43:58,487 [grpc-default-executor-4] INFO  impl.RoleInfo (RoleInfo.java:updateAndGet(143)) - b4ae536c-ed18-4717-a75c-ca4b5d6c4001: start FollowerState
2019-10-24 15:43:58,487 [grpc-default-executor-5] INFO  impl.RoleInfo (RoleInfo.java:shutdownFollowerState(121)) - 9092f221-0e0d-4970-bb84-cacd95020f21: shutdown FollowerState
2019-10-24 15:43:58,487 [grpc-default-executor-5] INFO  impl.RoleInfo (RoleInfo.java:updateAndGet(143)) - 9092f221-0e0d-4970-bb84-cacd95020f21: start FollowerState
2019-10-24 15:43:58,487 [Thread-994] INFO  impl.FollowerState (FollowerState.java:run(117)) - 9092f221-0e0d-4970-bb84-cacd95020f21@group-75C85B6D1182-FollowerState was interrupted: java.lang.InterruptedException: sleep interrupted
2019-10-24 15:43:58,498 [af280123-6372-4d1f-a5d4-c36229a73203@group-75C85B6D1182-LeaderElection87] INFO  impl.LeaderElection (LeaderElection.java:askForVotes(178)) - af280123-6372-4d1f-a5d4-c36229a73203@group-75C85B6D1182-LeaderElection87: begin an election at term 75 for -1: [9092f221-0e0d-4970-bb84-cacd95020f21:192.168.164.213:41903, af280123-6372-4d1f-a5d4-c36229a73203:192.168.164.213:35334, b4ae536c-ed18-4717-a75c-ca4b5d6c4001:192.168.164.213:41180], old=null
2019-10-24 15:43:58,500 [grpc-default-executor-5] INFO  impl.RaftServerImpl (RaftServerImpl.java:setRole(184)) - 9092f221-0e0d-4970-bb84-cacd95020f21@group-75C85B6D1182: changes role from  FOLLOWER to FOLLOWER at term 75 for recognizeCandidate:af280123-6372-4d1f-a5d4-c36229a73203
2019-10-24 15:43:58,500 [grpc-default-executor-5] INFO  impl.RoleInfo (RoleInfo.java:shutdownFollowerState(121)) - 9092f221-0e0d-4970-bb84-cacd95020f21: shutdown FollowerState
2019-10-24 15:43:58,501 [Thread-1005] INFO  impl.FollowerState (FollowerState.java:run(117)) - 9092f221-0e0d-4970-bb84-cacd95020f21@group-75C85B6D1182-FollowerState was interrupted: java.lang.InterruptedException: sleep interrupted
2019-10-24 15:43:58,501 [grpc-default-executor-5] INFO  impl.RoleInfo (RoleInfo.java:updateAndGet(143)) - 9092f221-0e0d-4970-bb84-cacd95020f21: start FollowerState
2019-10-24 15:43:58,501 [grpc-default-executor-4] INFO  impl.RaftServerImpl (RaftServerImpl.java:setRole(184)) - b4ae536c-ed18-4717-a75c-ca4b5d6c4001@group-75C85B6D1182: changes role from  FOLLOWER to FOLLOWER at term 75 for recognizeCandidate:af280123-6372-4d1f-a5d4-c36229a73203
2019-10-24 15:43:58,501 [grpc-default-executor-4] INFO  impl.RoleInfo (RoleInfo.java:shutdownFollowerState(121)) - b4ae536c-ed18-4717-a75c-ca4b5d6c4001: shutdown FollowerState
2019-10-24 15:43:58,502 [grpc-default-executor-4] INFO  impl.RoleInfo (RoleInfo.java:updateAndGet(143)) - b4ae536c-ed18-4717-a75c-ca4b5d6c4001: start FollowerState
2019-10-24 15:43:58,502 [Thread-1004] INFO  impl.FollowerState (FollowerState.java:run(117)) - b4ae536c-ed18-4717-a75c-ca4b5d6c4001@group-75C85B6D1182-FollowerState was interrupted: java.lang.InterruptedException: sleep interrupted
2019-10-24 15:43:58,516 [af280123-6372-4d1f-a5d4-c36229a73203@group-75C85B6D1182-LeaderElection87] INFO  impl.LeaderElection (LeaderElection.java:logAndReturn(56)) - af280123-6372-4d1f-a5d4-c36229a73203@group-75C85B6D1182-LeaderElection87: Election REJECTED; received 2 response(s) [af280123-6372-4d1f-a5d4-c36229a73203<-9092f221-0e0d-4970-bb84-cacd95020f21#0:FAIL-t75, af280123-6372-4d1f-a5d4-c36229a73203<-b4ae536c-ed18-4717-a75c-ca4b5d6c4001#0:FAIL-t75] and 0 exception(s); af280123-6372-4d1f-a5d4-c36229a73203@group-75C85B6D1182:t75, leader=null, voted=af280123-6372-4d1f-a5d4-c36229a73203, raftlog=af280123-6372-4d1f-a5d4-c36229a73203@group-75C85B6D1182-SegmentedRaftLog:OPENED:c-1,f-1,i0, conf=-1: [9092f221-0e0d-4970-bb84-cacd95020f21:192.168.164.213:41903, af280123-6372-4d1f-a5d4-c36229a73203:192.168.164.213:35334, b4ae536c-ed18-4717-a75c-ca4b5d6c4001:192.168.164.213:41180], old=null
2019-10-24 15:43:58,516 [af280123-6372-4d1f-a5d4-c36229a73203@group-75C85B6D1182-LeaderElection87] INFO  impl.RaftServerImpl (RaftServerImpl.java:setRole(184)) - af280123-6372-4d1f-a5d4-c36229a73203@group-75C85B6D1182: changes role from CANDIDATE to FOLLOWER at term 75 for DISCOVERED_A_NEW_TERM
2019-10-24 15:43:58,516 [af280123-6372-4d1f-a5d4-c36229a73203@group-75C85B6D1182-LeaderElection87] INFO  impl.RoleInfo (RoleInfo.java:shutdownLeaderElection(134)) - af280123-6372-4d1f-a5d4-c36229a73203: shutdown LeaderElection
2019-10-24 15:43:58,516 [af280123-6372-4d1f-a5d4-c36229a73203@group-75C85B6D1182-LeaderElection87] INFO  impl.RoleInfo (RoleInfo.java:updateAndGet(143)) - af280123-6372-4d1f-a5d4-c36229a73203: start FollowerState
2019-10-24 15:43:58,647 [Thread-1010] INFO  impl.FollowerState (FollowerState.java:run(108)) - af280123-6372-4d1f-a5d4-c36229a73203@group-75C85B6D1182-FollowerState: change to CANDIDATE, lastRpcTime:130ms, electionTimeout:130ms
2019-10-24 15:43:58,647 [Thread-1010] INFO  impl.RoleInfo (RoleInfo.java:shutdownFollowerState(121)) - af280123-6372-4d1f-a5d4-c36229a73203: shutdown FollowerState
2019-10-24 15:43:58,647 [Thread-1010] INFO  impl.RaftServerImpl (RaftServerImpl.java:setRole(184)) - af280123-6372-4d1f-a5d4-c36229a73203@group-75C85B6D1182: changes role from  FOLLOWER to CANDIDATE at term 75 for changeToCandidate
2019-10-24 15:43:58,647 [Thread-1010] INFO  impl.RoleInfo (RoleInfo.java:updateAndGet(143)) - af280123-6372-4d1f-a5d4-c36229a73203: start LeaderElection
2019-10-24 15:43:58,661 [af280123-6372-4d1f-a5d4-c36229a73203@group-75C85B6D1182-LeaderElection88] INFO  impl.LeaderElection (LeaderElection.java:askForVotes(178)) - af280123-6372-4d1f-a5d4-c36229a73203@group-75C85B6D1182-LeaderElection88: begin an election at term 76 for -1: [9092f221-0e0d-4970-bb84-cacd95020f21:192.168.164.213:41903, af280123-6372-4d1f-a5d4-c36229a73203:192.168.164.213:35334, b4ae536c-ed18-4717-a75c-ca4b5d6c4001:192.168.164.213:41180], old=null
2019-10-24 15:43:58,664 [grpc-default-executor-5] INFO  impl.RaftServerImpl (RaftServerImpl.java:setRole(184)) - 9092f221-0e0d-4970-bb84-cacd95020f21@group-75C85B6D1182: changes role from  FOLLOWER to FOLLOWER at term 76 for recognizeCandidate:af280123-6372-4d1f-a5d4-c36229a73203
2019-10-24 15:43:58,664 [grpc-default-executor-4] INFO  impl.RaftServerImpl (RaftServerImpl.java:setRole(184)) - b4ae536c-ed18-4717-a75c-ca4b5d6c4001@group-75C85B6D1182: changes role from  FOLLOWER to FOLLOWER at term 76 for recognizeCandidate:af280123-6372-4d1f-a5d4-c36229a73203
2019-10-24 15:43:58,664 [grpc-default-executor-5] INFO  impl.RoleInfo (RoleInfo.java:shutdownFollowerState(121)) - 9092f221-0e0d-4970-bb84-cacd95020f21: shutdown FollowerState
2019-10-24 15:43:58,665 [grpc-default-executor-4] INFO  impl.RoleInfo (RoleInfo.java:shutdownFollowerState(121)) - b4ae536c-ed18-4717-a75c-ca4b5d6c4001: shutdown FollowerState
2019-10-24 15:43:58,665 [grpc-default-executor-5] INFO  impl.RoleInfo (RoleInfo.java:updateAndGet(143)) - 9092f221-0e0d-4970-bb84-cacd95020f21: start FollowerState
2019-10-24 15:43:58,665 [grpc-default-executor-4] INFO  impl.RoleInfo (RoleInfo.java:updateAndGet(143)) - b4ae536c-ed18-4717-a75c-ca4b5d6c4001: start FollowerState
2019-10-24 15:43:58,665 [Thread-1009] INFO  impl.FollowerState (FollowerState.java:run(117)) - b4ae536c-ed18-4717-a75c-ca4b5d6c4001@group-75C85B6D1182-FollowerState was interrupted: java.lang.InterruptedException: sleep interrupted
2019-10-24 15:43:58,665 [Thread-1008] INFO  impl.FollowerState (FollowerState.java:run(117)) - 9092f221-0e0d-4970-bb84-cacd95020f21@group-75C85B6D1182-FollowerState was interrupted: java.lang.InterruptedException: sleep interrupted
2019-10-24 15:43:58,680 [af280123-6372-4d1f-a5d4-c36229a73203@group-75C85B6D1182-LeaderElection88] INFO  impl.LeaderElection (LeaderElection.java:logAndReturn(56)) - af280123-6372-4d1f-a5d4-c36229a73203@group-75C85B6D1182-LeaderElection88: Election REJECTED; received 2 response(s) [af280123-6372-4d1f-a5d4-c36229a73203<-9092f221-0e0d-4970-bb84-cacd95020f21#0:FAIL-t76, af280123-6372-4d1f-a5d4-c36229a73203<-b4ae536c-ed18-4717-a75c-ca4b5d6c4001#0:FAIL-t76] and 0 exception(s); af280123-6372-4d1f-a5d4-c36229a73203@group-75C85B6D1182:t76, leader=null, voted=af280123-6372-4d1f-a5d4-c36229a73203, raftlog=af280123-6372-4d1f-a5d4-c36229a73203@group-75C85B6D1182-SegmentedRaftLog:OPENED:c-1,f-1,i0, conf=-1: [9092f221-0e0d-4970-bb84-cacd95020f21:192.168.164.213:41903, af280123-6372-4d1f-a5d4-c36229a73203:192.168.164.213:35334, b4ae536c-ed18-4717-a75c-ca4b5d6c4001:192.168.164.213:41180], old=null
2019-10-24 15:43:58,680 [af280123-6372-4d1f-a5d4-c36229a73203@group-75C85B6D1182-LeaderElection88] INFO  impl.RaftServerImpl (RaftServerImpl.java:setRole(184)) - af280123-6372-4d1f-a5d4-c36229a73203@group-75C85B6D1182: changes role from CANDIDATE to FOLLOWER at term 76 for DISCOVERED_A_NEW_TERM
2019-10-24 15:43:58,680 [af280123-6372-4d1f-a5d4-c36229a73203@group-75C85B6D1182-LeaderElection88] INFO  impl.RoleInfo (RoleInfo.java:shutdownLeaderElection(134)) - af280123-6372-4d1f-a5d4-c36229a73203: shutdown LeaderElection
2019-10-24 15:43:58,680 [af280123-6372-4d1f-a5d4-c36229a73203@group-75C85B6D1182-LeaderElection88] INFO  impl.RoleInfo (RoleInfo.java:updateAndGet(143)) - af280123-6372-4d1f-a5d4-c36229a73203: start FollowerState
2019-10-24 15:43:58,861 [Thread-1018] INFO  impl.FollowerState (FollowerState.java:run(108)) - af280123-6372-4d1f-a5d4-c36229a73203@group-75C85B6D1182-FollowerState: change to CANDIDATE, lastRpcTime:181ms, electionTimeout:181ms
2019-10-24 15:43:58,862 [Thread-1018] INFO  impl.RoleInfo (RoleInfo.java:shutdownFollowerState(121)) - af280123-6372-4d1f-a5d4-c36229a73203: shutdown FollowerState
2019-10-24 15:43:58,862 [Thread-1018] INFO  impl.RaftServerImpl (RaftServerImpl.java:setRole(184)) - af280123-6372-4d1f-a5d4-c36229a73203@group-75C85B6D1182: changes role from  FOLLOWER to CANDIDATE at term 76 for changeToCandidate
2019-10-24 15:43:58,862 [Thread-1018] INFO  impl.RoleInfo (RoleInfo.java:updateAndGet(143)) - af280123-6372-4d1f-a5d4-c36229a73203: start LeaderElection
2019-10-24 15:43:58,876 [af280123-6372-4d1f-a5d4-c36229a73203@group-75C85B6D1182-LeaderElection89] INFO  impl.LeaderElection (LeaderElection.java:askForVotes(178)) - af280123-6372-4d1f-a5d4-c36229a73203@group-75C85B6D1182-LeaderElection89: begin an election at term 77 for -1: [9092f221-0e0d-4970-bb84-cacd95020f21:192.168.164.213:41903, af280123-6372-4d1f-a5d4-c36229a73203:192.168.164.213:35334, b4ae536c-ed18-4717-a75c-ca4b5d6c4001:192.168.164.213:41180], old=null
2019-10-24 15:43:58,880 [grpc-default-executor-4] INFO  impl.RaftServerImpl (RaftServerImpl.java:setRole(184)) - 9092f221-0e0d-4970-bb84-cacd95020f21@group-75C85B6D1182: changes role from  FOLLOWER to FOLLOWER at term 77 for recognizeCandidate:af280123-6372-4d1f-a5d4-c36229a73203
2019-10-24 15:43:58,880 [grpc-default-executor-5] INFO  impl.RaftServerImpl (RaftServerImpl.java:setRole(184)) - b4ae536c-ed18-4717-a75c-ca4b5d6c4001@group-75C85B6D1182: changes role from  FOLLOWER to FOLLOWER at term 77 for recognizeCandidate:af280123-6372-4d1f-a5d4-c36229a73203
2019-10-24 15:43:58,880 [grpc-default-executor-4] INFO  impl.RoleInfo (RoleInfo.java:shutdownFollowerState(121)) - 9092f221-0e0d-4970-bb84-cacd95020f21: shutdown FollowerState
2019-10-24 15:43:58,880 [grpc-default-executor-5] INFO  impl.RoleInfo (RoleInfo.java:shutdownFollowerState(121)) - b4ae536c-ed18-4717-a75c-ca4b5d6c4001: shutdown FollowerState
2019-10-24 15:43:58,880 [grpc-default-executor-4] INFO  impl.RoleInfo (RoleInfo.java:updateAndGet(143)) - 9092f221-0e0d-4970-bb84-cacd95020f21: start FollowerState
2019-10-24 15:43:58,881 [grpc-default-executor-5] INFO  impl.RoleInfo (RoleInfo.java:updateAndGet(143)) - b4ae536c-ed18-4717-a75c-ca4b5d6c4001: start FollowerState
2019-10-24 15:43:58,881 [Thread-1016] INFO  impl.FollowerState (FollowerState.java:run(117)) - 9092f221-0e0d-4970-bb84-cacd95020f21@group-75C85B6D1182-FollowerState was interrupted: java.lang.InterruptedException: sleep interrupted
2019-10-24 15:43:58,881 [Thread-1017] INFO  impl.FollowerState (FollowerState.java:run(117)) - b4ae536c-ed18-4717-a75c-ca4b5d6c4001@group-75C85B6D1182-FollowerState was interrupted: java.lang.InterruptedException: sleep interrupted
2019-10-24 15:43:58,896 [af280123-6372-4d1f-a5d4-c36229a73203@group-75C85B6D1182-LeaderElection89] INFO  impl.LeaderElection (LeaderElection.java:logAndReturn(56)) - af280123-6372-4d1f-a5d4-c36229a73203@group-75C85B6D1182-LeaderElection89: Election REJECTED; received 2 response(s) [af280123-6372-4d1f-a5d4-c36229a73203<-9092f221-0e0d-4970-bb84-cacd95020f21#0:FAIL-t77, af280123-6372-4d1f-a5d4-c36229a73203<-b4ae536c-ed18-4717-a75c-ca4b5d6c4001#0:FAIL-t77] and 0 exception(s); af280123-6372-4d1f-a5d4-c36229a73203@group-75C85B6D1182:t77, leader=null, voted=af280123-6372-4d1f-a5d4-c36229a73203, raftlog=af280123-6372-4d1f-a5d4-c36229a73203@group-75C85B6D1182-SegmentedRaftLog:OPENED:c-1,f-1,i0, conf=-1: [9092f221-0e0d-4970-bb84-cacd95020f21:192.168.164.213:41903, af280123-6372-4d1f-a5d4-c36229a73203:192.168.164.213:35334, b4ae536c-ed18-4717-a75c-ca4b5d6c4001:192.168.164.213:41180], old=null
2019-10-24 15:43:58,897 [af280123-6372-4d1f-a5d4-c36229a73203@group-75C85B6D1182-LeaderElection89] INFO  impl.RaftServerImpl (RaftServerImpl.java:setRole(184)) - af280123-6372-4d1f-a5d4-c36229a73203@group-75C85B6D1182: changes role from CANDIDATE to FOLLOWER at term 77 for DISCOVERED_A_NEW_TERM
2019-10-24 15:43:58,897 [af280123-6372-4d1f-a5d4-c36229a73203@group-75C85B6D1182-LeaderElection89] INFO  impl.RoleInfo (RoleInfo.java:shutdownLeaderElection(134)) - af280123-6372-4d1f-a5d4-c36229a73203: shutdown LeaderElection
2019-10-24 15:43:58,897 [af280123-6372-4d1f-a5d4-c36229a73203@group-75C85B6D1182-LeaderElection89] INFO  impl.RoleInfo (RoleInfo.java:updateAndGet(143)) - af280123-6372-4d1f-a5d4-c36229a73203: start FollowerState
2019-10-24 15:43:58,918 [Thread-1024] INFO  impl.FollowerState (FollowerState.java:run(108)) - af280123-6372-4d1f-a5d4-c36229a73203@group-75C85B6D1182-FollowerState: change to CANDIDATE, lastRpcTime:21ms, electionTimeout:21ms
2019-10-24 15:43:58,919 [Thread-1024] INFO  impl.RoleInfo (RoleInfo.java:shutdownFollowerState(121)) - af280123-6372-4d1f-a5d4-c36229a73203: shutdown FollowerState
2019-10-24 15:43:58,919 [Thread-1024] INFO  impl.RaftServerImpl (RaftServerImpl.java:setRole(184)) - af280123-6372-4d1f-a5d4-c36229a73203@group-75C85B6D1182: changes role from  FOLLOWER to CANDIDATE at term 77 for changeToCandidate
2019-10-24 15:43:58,919 [Thread-1024] INFO  impl.RoleInfo (RoleInfo.java:updateAndGet(143)) - af280123-6372-4d1f-a5d4-c36229a73203: start LeaderElection
2019-10-24 15:43:58,932 [af280123-6372-4d1f-a5d4-c36229a73203@group-75C85B6D1182-LeaderElection90] INFO  impl.LeaderElection (LeaderElection.java:askForVotes(178)) - af280123-6372-4d1f-a5d4-c36229a73203@group-75C85B6D1182-LeaderElection90: begin an election at term 78 for -1: [9092f221-0e0d-4970-bb84-cacd95020f21:192.168.164.213:41903, af280123-6372-4d1f-a5d4-c36229a73203:192.168.164.213:35334, b4ae536c-ed18-4717-a75c-ca4b5d6c4001:192.168.164.213:41180], old=null
2019-10-24 15:43:58,936 [grpc-default-executor-5] INFO  impl.RaftServerImpl (RaftServerImpl.java:setRole(184)) - 9092f221-0e0d-4970-bb84-cacd95020f21@group-75C85B6D1182: changes role from  FOLLOWER to FOLLOWER at term 78 for recognizeCandidate:af280123-6372-4d1f-a5d4-c36229a73203
2019-10-24 15:43:58,936 [grpc-default-executor-4] INFO  impl.RaftServerImpl (RaftServerImpl.java:setRole(184)) - b4ae536c-ed18-4717-a75c-ca4b5d6c4001@group-75C85B6D1182: changes role from  FOLLOWER to FOLLOWER at term 78 for recognizeCandidate:af280123-6372-4d1f-a5d4-c36229a73203
2019-10-24 15:43:58,936 [grpc-default-executor-5] INFO  impl.RoleInfo (RoleInfo.java:shutdownFollowerState(121)) - 9092f221-0e0d-4970-bb84-cacd95020f21: shutdown FollowerState
2019-10-24 15:43:58,936 [grpc-default-executor-4] INFO  impl.RoleInfo (RoleInfo.java:shutdownFollowerState(121)) - b4ae536c-ed18-4717-a75c-ca4b5d6c4001: shutdown FollowerState
2019-10-24 15:43:58,936 [grpc-default-executor-5] INFO  impl.RoleInfo (RoleInfo.java:updateAndGet(143)) - 9092f221-0e0d-4970-bb84-cacd95020f21: start FollowerState
2019-10-24 15:43:58,937 [grpc-default-executor-4] INFO  impl.RoleInfo (RoleInfo.java:updateAndGet(143)) - b4ae536c-ed18-4717-a75c-ca4b5d6c4001: start FollowerState
2019-10-24 15:43:58,937 [Thread-1022] INFO  impl.FollowerState (FollowerState.java:run(117)) - 9092f221-0e0d-4970-bb84-cacd95020f21@group-75C85B6D1182-FollowerState was interrupted: java.lang.InterruptedException: sleep interrupted
2019-10-24 15:43:58,937 [Thread-1023] INFO  impl.FollowerState (FollowerState.java:run(117)) - b4ae536c-ed18-4717-a75c-ca4b5d6c4001@group-75C85B6D1182-FollowerState was interrupted: java.lang.InterruptedException: sleep interrupted
2019-10-24 15:43:58,941 [af280123-6372-4d1f-a5d4-c36229a73203@group-75C85B6D1182-LeaderElection90] INFO  impl.LeaderElection (LeaderElection.java:logAndReturn(56)) - af280123-6372-4d1f-a5d4-c36229a73203@group-75C85B6D1182-LeaderElection90: Election TIMEOUT; received 0 response(s) [] and 0 exception(s); af280123-6372-4d1f-a5d4-c36229a73203@group-75C85B6D1182:t78, leader=null, voted=af280123-6372-4d1f-a5d4-c36229a73203, raftlog=af280123-6372-4d1f-a5d4-c36229a73203@group-75C85B6D1182-SegmentedRaftLog:OPENED:c-1,f-1,i0, conf=-1: [9092f221-0e0d-4970-bb84-cacd95020f21:192.168.164.213:41903, af280123-6372-4d1f-a5d4-c36229a73203:192.168.164.213:35334, b4ae536c-ed18-4717-a75c-ca4b5d6c4001:192.168.164.213:41180], old=null
2019-10-24 15:43:58,950 [af280123-6372-4d1f-a5d4-c36229a73203@group-75C85B6D1182-LeaderElection90] INFO  impl.LeaderElection (LeaderElection.java:askForVotes(178)) - af280123-6372-4d1f-a5d4-c36229a73203@group-75C85B6D1182-LeaderElection90: begin an election at term 79 for -1: [9092f221-0e0d-4970-bb84-cacd95020f21:192.168.164.213:41903, af280123-6372-4d1f-a5d4-c36229a73203:192.168.164.213:35334, b4ae536c-ed18-4717-a75c-ca4b5d6c4001:192.168.164.213:41180], old=null
2019-10-24 15:43:58,953 [grpc-default-executor-5] INFO  impl.RaftServerImpl (RaftServerImpl.java:setRole(184)) - b4ae536c-ed18-4717-a75c-ca4b5d6c4001@group-75C85B6D1182: changes role from  FOLLOWER to FOLLOWER at term 79 for recognizeCandidate:af280123-6372-4d1f-a5d4-c36229a73203
2019-10-24 15:43:58,953 [grpc-default-executor-4] INFO  impl.RaftServerImpl (RaftServerImpl.java:setRole(184)) - 9092f221-0e0d-4970-bb84-cacd95020f21@group-75C85B6D1182: changes role from  FOLLOWER to FOLLOWER at term 79 for recognizeCandidate:af280123-6372-4d1f-a5d4-c36229a73203
2019-10-24 15:43:58,953 [grpc-default-executor-5] INFO  impl.RoleInfo (RoleInfo.java:shutdownFollowerState(121)) - b4ae536c-ed18-4717-a75c-ca4b5d6c4001: shutdown FollowerState
2019-10-24 15:43:58,953 [grpc-default-executor-4] INFO  impl.RoleInfo (RoleInfo.java:shutdownFollowerState(121)) - 9092f221-0e0d-4970-bb84-cacd95020f21: shutdown FollowerState
2019-10-24 15:43:58,953 [grpc-default-executor-5] INFO  impl.RoleInfo (RoleInfo.java:updateAndGet(143)) - b4ae536c-ed18-4717-a75c-ca4b5d6c4001: start FollowerState
2019-10-24 15:43:58,953 [grpc-default-executor-4] INFO  impl.RoleInfo (RoleInfo.java:updateAndGet(143)) - 9092f221-0e0d-4970-bb84-cacd95020f21: start FollowerState
2019-10-24 15:43:58,953 [Thread-1029] INFO  impl.FollowerState (FollowerState.java:run(117)) - b4ae536c-ed18-4717-a75c-ca4b5d6c4001@group-75C85B6D1182-FollowerState was interrupted: java.lang.InterruptedException: sleep interrupted
2019-10-24 15:43:58,953 [Thread-1028] INFO  impl.FollowerState (FollowerState.java:run(117)) - 9092f221-0e0d-4970-bb84-cacd95020f21@group-75C85B6D1182-FollowerState was interrupted: java.lang.InterruptedException: sleep interrupted
2019-10-24 15:43:58,967 [af280123-6372-4d1f-a5d4-c36229a73203@group-75C85B6D1182-LeaderElection90] INFO  impl.LeaderElection (LeaderElection.java:logAndReturn(56)) - af280123-6372-4d1f-a5d4-c36229a73203@group-75C85B6D1182-LeaderElection90: Election REJECTED; received 2 response(s) [af280123-6372-4d1f-a5d4-c36229a73203<-9092f221-0e0d-4970-bb84-cacd95020f21#0:FAIL-t79, af280123-6372-4d1f-a5d4-c36229a73203<-b4ae536c-ed18-4717-a75c-ca4b5d6c4001#0:FAIL-t79] and 0 exception(s); af280123-6372-4d1f-a5d4-c36229a73203@group-75C85B6D1182:t79, leader=null, voted=af280123-6372-4d1f-a5d4-c36229a73203, raftlog=af280123-6372-4d1f-a5d4-c36229a73203@group-75C85B6D1182-SegmentedRaftLog:OPENED:c-1,f-1,i0, conf=-1: [9092f221-0e0d-4970-bb84-cacd95020f21:192.168.164.213:41903, af280123-6372-4d1f-a5d4-c36229a73203:192.168.164.213:35334, b4ae536c-ed18-4717-a75c-ca4b5d6c4001:192.168.164.213:41180], old=null
2019-10-24 15:43:58,967 [af280123-6372-4d1f-a5d4-c36229a73203@group-75C85B6D1182-LeaderElection90] INFO  impl.RaftServerImpl (RaftServerImpl.java:setRole(184)) - af280123-6372-4d1f-a5d4-c36229a73203@group-75C85B6D1182: changes role from CANDIDATE to FOLLOWER at term 79 for DISCOVERED_A_NEW_TERM
2019-10-24 15:43:58,968 [af280123-6372-4d1f-a5d4-c36229a73203@group-75C85B6D1182-LeaderElection90] INFO  impl.RoleInfo (RoleInfo.java:shutdownLeaderElection(134)) - af280123-6372-4d1f-a5d4-c36229a73203: shutdown LeaderElection
2019-10-24 15:43:58,968 [af280123-6372-4d1f-a5d4-c36229a73203@group-75C85B6D1182-LeaderElection90] INFO  impl.RoleInfo (RoleInfo.java:updateAndGet(143)) - af280123-6372-4d1f-a5d4-c36229a73203: start FollowerState
2019-10-24 15:43:59,147 [Thread-1036] INFO  impl.FollowerState (FollowerState.java:run(108)) - af280123-6372-4d1f-a5d4-c36229a73203@group-75C85B6D1182-FollowerState: change to CANDIDATE, lastRpcTime:179ms, electionTimeout:179ms
2019-10-24 15:43:59,148 [Thread-1036] INFO  impl.RoleInfo (RoleInfo.java:shutdownFollowerState(121)) - af280123-6372-4d1f-a5d4-c36229a73203: shutdown FollowerState
2019-10-24 15:43:59,148 [Thread-1036] INFO  impl.RaftServerImpl (RaftServerImpl.java:setRole(184)) - af280123-6372-4d1f-a5d4-c36229a73203@group-75C85B6D1182: changes role from  FOLLOWER to CANDIDATE at term 79 for changeToCandidate
2019-10-24 15:43:59,148 [Thread-1036] INFO  impl.RoleInfo (RoleInfo.java:updateAndGet(143)) - af280123-6372-4d1f-a5d4-c36229a73203: start LeaderElection
2019-10-24 15:43:59,162 [af280123-6372-4d1f-a5d4-c36229a73203@group-75C85B6D1182-LeaderElection91] INFO  impl.LeaderElection (LeaderElection.java:askForVotes(178)) - af280123-6372-4d1f-a5d4-c36229a73203@group-75C85B6D1182-LeaderElection91: begin an election at term 80 for -1: [9092f221-0e0d-4970-bb84-cacd95020f21:192.168.164.213:41903, af280123-6372-4d1f-a5d4-c36229a73203:192.168.164.213:35334, b4ae536c-ed18-4717-a75c-ca4b5d6c4001:192.168.164.213:41180], old=null
2019-10-24 15:43:59,166 [grpc-default-executor-5] INFO  impl.RaftServerImpl (RaftServerImpl.java:setRole(184)) - b4ae536c-ed18-4717-a75c-ca4b5d6c4001@group-75C85B6D1182: changes role from  FOLLOWER to FOLLOWER at term 80 for recognizeCandidate:af280123-6372-4d1f-a5d4-c36229a73203
2019-10-24 15:43:59,166 [grpc-default-executor-5] INFO  impl.RoleInfo (RoleInfo.java:shutdownFollowerState(121)) - b4ae536c-ed18-4717-a75c-ca4b5d6c4001: shutdown FollowerState
2019-10-24 15:43:59,166 [grpc-default-executor-4] INFO  impl.RaftServerImpl (RaftServerImpl.java:setRole(184)) - 9092f221-0e0d-4970-bb84-cacd95020f21@group-75C85B6D1182: changes role from  FOLLOWER to FOLLOWER at term 80 for recognizeCandidate:af280123-6372-4d1f-a5d4-c36229a73203
2019-10-24 15:43:59,167 [grpc-default-executor-5] INFO  impl.RoleInfo (RoleInfo.java:updateAndGet(143)) - b4ae536c-ed18-4717-a75c-ca4b5d6c4001: start FollowerState
2019-10-24 15:43:59,167 [Thread-1032] INFO  impl.FollowerState (FollowerState.java:run(117)) - b4ae536c-ed18-4717-a75c-ca4b5d6c4001@group-75C85B6D1182-FollowerState was interrupted: java.lang.InterruptedException: sleep interrupted
2019-10-24 15:43:59,167 [grpc-default-executor-4] INFO  impl.RoleInfo (RoleInfo.java:shutdownFollowerState(121)) - 9092f221-0e0d-4970-bb84-cacd95020f21: shutdown FollowerState
2019-10-24 15:43:59,167 [Thread-1033] INFO  impl.FollowerState (FollowerState.java:run(117)) - 9092f221-0e0d-4970-bb84-cacd95020f21@group-75C85B6D1182-FollowerState was interrupted: java.lang.InterruptedException: sleep interrupted
2019-10-24 15:43:59,171 [grpc-default-executor-4] INFO  impl.RoleInfo (RoleInfo.java:updateAndGet(143)) - 9092f221-0e0d-4970-bb84-cacd95020f21: start FollowerState
2019-10-24 15:43:59,184 [af280123-6372-4d1f-a5d4-c36229a73203@group-75C85B6D1182-LeaderElection91] INFO  impl.LeaderElection (LeaderElection.java:logAndReturn(56)) - af280123-6372-4d1f-a5d4-c36229a73203@group-75C85B6D1182-LeaderElection91: Election REJECTED; received 2 response(s) [af280123-6372-4d1f-a5d4-c36229a73203<-9092f221-0e0d-4970-bb84-cacd95020f21#0:FAIL-t80, af280123-6372-4d1f-a5d4-c36229a73203<-b4ae536c-ed18-4717-a75c-ca4b5d6c4001#0:FAIL-t80] and 0 exception(s); af280123-6372-4d1f-a5d4-c36229a73203@group-75C85B6D1182:t80, leader=null, voted=af280123-6372-4d1f-a5d4-c36229a73203, raftlog=af280123-6372-4d1f-a5d4-c36229a73203@group-75C85B6D1182-SegmentedRaftLog:OPENED:c-1,f-1,i0, conf=-1: [9092f221-0e0d-4970-bb84-cacd95020f21:192.168.164.213:41903, af280123-6372-4d1f-a5d4-c36229a73203:192.168.164.213:35334, b4ae536c-ed18-4717-a75c-ca4b5d6c4001:192.168.164.213:41180], old=null
2019-10-24 15:43:59,184 [af280123-6372-4d1f-a5d4-c36229a73203@group-75C85B6D1182-LeaderElection91] INFO  impl.RaftServerImpl (RaftServerImpl.java:setRole(184)) - af280123-6372-4d1f-a5d4-c36229a73203@group-75C85B6D1182: changes role from CANDIDATE to FOLLOWER at term 80 for DISCOVERED_A_NEW_TERM
2019-10-24 15:43:59,184 [af280123-6372-4d1f-a5d4-c36229a73203@group-75C85B6D1182-LeaderElection91] INFO  impl.RoleInfo (RoleInfo.java:shutdownLeaderElection(134)) - af280123-6372-4d1f-a5d4-c36229a73203: shutdown LeaderElection
2019-10-24 15:43:59,184 [af280123-6372-4d1f-a5d4-c36229a73203@group-75C85B6D1182-LeaderElection91] INFO  impl.RoleInfo (RoleInfo.java:updateAndGet(143)) - af280123-6372-4d1f-a5d4-c36229a73203: start FollowerState
2019-10-24 15:43:59,192 [Thread-1044] INFO  impl.FollowerState (FollowerState.java:run(108)) - af280123-6372-4d1f-a5d4-c36229a73203@group-75C85B6D1182-FollowerState: change to CANDIDATE, lastRpcTime:7ms, electionTimeout:7ms
2019-10-24 15:43:59,208 [Thread-1044] INFO  impl.RoleInfo (RoleInfo.java:shutdownFollowerState(121)) - af280123-6372-4d1f-a5d4-c36229a73203: shutdown FollowerState
2019-10-24 15:43:59,208 [Thread-1044] INFO  impl.RaftServerImpl (RaftServerImpl.java:setRole(184)) - af280123-6372-4d1f-a5d4-c36229a73203@group-75C85B6D1182: changes role from  FOLLOWER to CANDIDATE at term 80 for changeToCandidate
2019-10-24 15:43:59,209 [Thread-1044] INFO  impl.RoleInfo (RoleInfo.java:updateAndGet(143)) - af280123-6372-4d1f-a5d4-c36229a73203: start LeaderElection
2019-10-24 15:43:59,223 [af280123-6372-4d1f-a5d4-c36229a73203@group-75C85B6D1182-LeaderElection92] INFO  impl.LeaderElection (LeaderElection.java:askForVotes(178)) - af280123-6372-4d1f-a5d4-c36229a73203@group-75C85B6D1182-LeaderElection92: begin an election at term 81 for -1: [9092f221-0e0d-4970-bb84-cacd95020f21:192.168.164.213:41903, af280123-6372-4d1f-a5d4-c36229a73203:192.168.164.213:35334, b4ae536c-ed18-4717-a75c-ca4b5d6c4001:192.168.164.213:41180], old=null
2019-10-24 15:43:59,241 [grpc-default-executor-5] INFO  impl.RaftServerImpl (RaftServerImpl.java:setRole(184)) - b4ae536c-ed18-4717-a75c-ca4b5d6c4001@group-75C85B6D1182: changes role from  FOLLOWER to FOLLOWER at term 81 for recognizeCandidate:af280123-6372-4d1f-a5d4-c36229a73203
2019-10-24 15:43:59,242 [grpc-default-executor-5] INFO  impl.RoleInfo (RoleInfo.java:shutdownFollowerState(121)) - b4ae536c-ed18-4717-a75c-ca4b5d6c4001: shutdown FollowerState
2019-10-24 15:43:59,242 [grpc-default-executor-4] INFO  impl.RaftServerImpl (RaftServerImpl.java:setRole(184)) - 9092f221-0e0d-4970-bb84-cacd95020f21@group-75C85B6D1182: changes role from  FOLLOWER to FOLLOWER at term 81 for recognizeCandidate:af280123-6372-4d1f-a5d4-c36229a73203
2019-10-24 15:43:59,242 [Thread-1042] INFO  impl.FollowerState (FollowerState.java:run(117)) - b4ae536c-ed18-4717-a75c-ca4b5d6c4001@group-75C85B6D1182-FollowerState was interrupted: java.lang.InterruptedException: sleep interrupted
2019-10-24 15:43:59,242 [grpc-default-executor-4] INFO  impl.RoleInfo (RoleInfo.java:shutdownFollowerState(121)) - 9092f221-0e0d-4970-bb84-cacd95020f21: shutdown FollowerState
2019-10-24 15:43:59,242 [grpc-default-executor-5] INFO  impl.RoleInfo (RoleInfo.java:updateAndGet(143)) - b4ae536c-ed18-4717-a75c-ca4b5d6c4001: start FollowerState
2019-10-24 15:43:59,242 [Thread-1043] INFO  impl.FollowerState (FollowerState.java:run(117)) - 9092f221-0e0d-4970-bb84-cacd95020f21@group-75C85B6D1182-FollowerState was interrupted: java.lang.InterruptedException: sleep interrupted
2019-10-24 15:43:59,242 [grpc-default-executor-4] INFO  impl.RoleInfo (RoleInfo.java:updateAndGet(143)) - 9092f221-0e0d-4970-bb84-cacd95020f21: start FollowerState
2019-10-24 15:43:59,267 [af280123-6372-4d1f-a5d4-c36229a73203@group-75C85B6D1182-LeaderElection92] INFO  impl.LeaderElection (LeaderElection.java:logAndReturn(56)) - af280123-6372-4d1f-a5d4-c36229a73203@group-75C85B6D1182-LeaderElection92: Election REJECTED; received 2 response(s) [af280123-6372-4d1f-a5d4-c36229a73203<-9092f221-0e0d-4970-bb84-cacd95020f21#0:FAIL-t81, af280123-6372-4d1f-a5d4-c36229a73203<-b4ae536c-ed18-4717-a75c-ca4b5d6c4001#0:FAIL-t81] and 0 exception(s); af280123-6372-4d1f-a5d4-c36229a73203@group-75C85B6D1182:t81, leader=null, voted=af280123-6372-4d1f-a5d4-c36229a73203, raftlog=af280123-6372-4d1f-a5d4-c36229a73203@group-75C85B6D1182-SegmentedRaftLog:OPENED:c-1,f-1,i0, conf=-1: [9092f221-0e0d-4970-bb84-cacd95020f21:192.168.164.213:41903, af280123-6372-4d1f-a5d4-c36229a73203:192.168.164.213:35334, b4ae536c-ed18-4717-a75c-ca4b5d6c4001:192.168.164.213:41180], old=null
2019-10-24 15:43:59,268 [af280123-6372-4d1f-a5d4-c36229a73203@group-75C85B6D1182-LeaderElection92] INFO  impl.RaftServerImpl (RaftServerImpl.java:setRole(184)) - af280123-6372-4d1f-a5d4-c36229a73203@group-75C85B6D1182: changes role from CANDIDATE to FOLLOWER at term 81 for DISCOVERED_A_NEW_TERM
2019-10-24 15:43:59,268 [af280123-6372-4d1f-a5d4-c36229a73203@group-75C85B6D1182-LeaderElection92] INFO  impl.RoleInfo (RoleInfo.java:shutdownLeaderElection(134)) - af280123-6372-4d1f-a5d4-c36229a73203: shutdown LeaderElection
2019-10-24 15:43:59,268 [af280123-6372-4d1f-a5d4-c36229a73203@group-75C85B6D1182-LeaderElection92] INFO  impl.RoleInfo (RoleInfo.java:updateAndGet(143)) - af280123-6372-4d1f-a5d4-c36229a73203: start FollowerState
2019-10-24 15:43:59,378 [Thread-1050] INFO  impl.FollowerState (FollowerState.java:run(108)) - af280123-6372-4d1f-a5d4-c36229a73203@group-75C85B6D1182-FollowerState: change to CANDIDATE, lastRpcTime:110ms, electionTimeout:110ms
2019-10-24 15:43:59,379 [Thread-1050] INFO  impl.RoleInfo (RoleInfo.java:shutdownFollowerState(121)) - af280123-6372-4d1f-a5d4-c36229a73203: shutdown FollowerState
2019-10-24 15:43:59,379 [Thread-1050] INFO  impl.RaftServerImpl (RaftServerImpl.java:setRole(184)) - af280123-6372-4d1f-a5d4-c36229a73203@group-75C85B6D1182: changes role from  FOLLOWER to CANDIDATE at term 81 for changeToCandidate
2019-10-24 15:43:59,402 [Thread-1050] INFO  impl.RoleInfo (RoleInfo.java:updateAndGet(143)) - af280123-6372-4d1f-a5d4-c36229a73203: start LeaderElection
2019-10-24 15:43:59,416 [af280123-6372-4d1f-a5d4-c36229a73203@group-75C85B6D1182-LeaderElection93] INFO  impl.LeaderElection (LeaderElection.java:askForVotes(178)) - af280123-6372-4d1f-a5d4-c36229a73203@group-75C85B6D1182-LeaderElection93: begin an election at term 82 for -1: [9092f221-0e0d-4970-bb84-cacd95020f21:192.168.164.213:41903, af280123-6372-4d1f-a5d4-c36229a73203:192.168.164.213:35334, b4ae536c-ed18-4717-a75c-ca4b5d6c4001:192.168.164.213:41180], old=null
2019-10-24 15:43:59,441 [grpc-default-executor-4] INFO  impl.RaftServerImpl (RaftServerImpl.java:setRole(184)) - b4ae536c-ed18-4717-a75c-ca4b5d6c4001@group-75C85B6D1182: changes role from  FOLLOWER to FOLLOWER at term 82 for recognizeCandidate:af280123-6372-4d1f-a5d4-c36229a73203
2019-10-24 15:43:59,441 [grpc-default-executor-5] INFO  impl.RaftServerImpl (RaftServerImpl.java:setRole(184)) - 9092f221-0e0d-4970-bb84-cacd95020f21@group-75C85B6D1182: changes role from  FOLLOWER to FOLLOWER at term 82 for recognizeCandidate:af280123-6372-4d1f-a5d4-c36229a73203
2019-10-24 15:43:59,441 [grpc-default-executor-5] INFO  impl.RoleInfo (RoleInfo.java:shutdownFollowerState(121)) - 9092f221-0e0d-4970-bb84-cacd95020f21: shutdown FollowerState
2019-10-24 15:43:59,441 [grpc-default-executor-4] INFO  impl.RoleInfo (RoleInfo.java:shutdownFollowerState(121)) - b4ae536c-ed18-4717-a75c-ca4b5d6c4001: shutdown FollowerState
2019-10-24 15:43:59,469 [grpc-default-executor-4] INFO  impl.RoleInfo (RoleInfo.java:updateAndGet(143)) - b4ae536c-ed18-4717-a75c-ca4b5d6c4001: start FollowerState
2019-10-24 15:43:59,469 [Thread-1049] INFO  impl.FollowerState (FollowerState.java:run(117)) - 9092f221-0e0d-4970-bb84-cacd95020f21@group-75C85B6D1182-FollowerState was interrupted: java.lang.InterruptedException: sleep interrupted
2019-10-24 15:43:59,469 [grpc-default-executor-5] INFO  impl.RoleInfo (RoleInfo.java:updateAndGet(143)) - 9092f221-0e0d-4970-bb84-cacd95020f21: start FollowerState
2019-10-24 15:43:59,469 [Thread-1048] INFO  impl.FollowerState (FollowerState.java:run(117)) - b4ae536c-ed18-4717-a75c-ca4b5d6c4001@group-75C85B6D1182-FollowerState was interrupted: java.lang.InterruptedException: sleep interrupted
2019-10-24 15:43:59,496 [af280123-6372-4d1f-a5d4-c36229a73203@group-75C85B6D1182-LeaderElection93] INFO  impl.LeaderElection (LeaderElection.java:logAndReturn(56)) - af280123-6372-4d1f-a5d4-c36229a73203@group-75C85B6D1182-LeaderElection93: Election REJECTED; received 2 response(s) [af280123-6372-4d1f-a5d4-c36229a73203<-9092f221-0e0d-4970-bb84-cacd95020f21#0:FAIL-t82, af280123-6372-4d1f-a5d4-c36229a73203<-b4ae536c-ed18-4717-a75c-ca4b5d6c4001#0:FAIL-t82] and 0 exception(s); af280123-6372-4d1f-a5d4-c36229a73203@group-75C85B6D1182:t82, leader=null, voted=af280123-6372-4d1f-a5d4-c36229a73203, raftlog=af280123-6372-4d1f-a5d4-c36229a73203@group-75C85B6D1182-SegmentedRaftLog:OPENED:c-1,f-1,i0, conf=-1: [9092f221-0e0d-4970-bb84-cacd95020f21:192.168.164.213:41903, af280123-6372-4d1f-a5d4-c36229a73203:192.168.164.213:35334, b4ae536c-ed18-4717-a75c-ca4b5d6c4001:192.168.164.213:41180], old=null
2019-10-24 15:43:59,501 [af280123-6372-4d1f-a5d4-c36229a73203@group-75C85B6D1182-LeaderElection93] INFO  impl.RaftServerImpl (RaftServerImpl.java:setRole(184)) - af280123-6372-4d1f-a5d4-c36229a73203@group-75C85B6D1182: changes role from CANDIDATE to FOLLOWER at term 82 for DISCOVERED_A_NEW_TERM
2019-10-24 15:43:59,504 [af280123-6372-4d1f-a5d4-c36229a73203@group-75C85B6D1182-LeaderElection93] INFO  impl.RoleInfo (RoleInfo.java:shutdownLeaderElection(134)) - af280123-6372-4d1f-a5d4-c36229a73203: shutdown LeaderElection
2019-10-24 15:43:59,505 [af280123-6372-4d1f-a5d4-c36229a73203@group-75C85B6D1182-LeaderElection93] INFO  impl.RoleInfo (RoleInfo.java:updateAndGet(143)) - af280123-6372-4d1f-a5d4-c36229a73203: start FollowerState
2019-10-24 15:43:59,661 [Thread-1060] INFO  impl.FollowerState (FollowerState.java:run(108)) - af280123-6372-4d1f-a5d4-c36229a73203@group-75C85B6D1182-FollowerState: change to CANDIDATE, lastRpcTime:155ms, electionTimeout:155ms
2019-10-24 15:43:59,661 [Thread-1060] INFO  impl.RoleInfo (RoleInfo.java:shutdownFollowerState(121)) - af280123-6372-4d1f-a5d4-c36229a73203: shutdown FollowerState
2019-10-24 15:43:59,661 [Thread-1060] INFO  impl.RaftServerImpl (RaftServerImpl.java:setRole(184)) - af280123-6372-4d1f-a5d4-c36229a73203@group-75C85B6D1182: changes role from  FOLLOWER to CANDIDATE at term 82 for changeToCandidate
2019-10-24 15:43:59,661 [Thread-1060] INFO  impl.RoleInfo (RoleInfo.java:updateAndGet(143)) - af280123-6372-4d1f-a5d4-c36229a73203: start LeaderElection
2019-10-24 15:43:59,675 [af280123-6372-4d1f-a5d4-c36229a73203@group-75C85B6D1182-LeaderElection94] INFO  impl.LeaderElection (LeaderElection.java:askForVotes(178)) - af280123-6372-4d1f-a5d4-c36229a73203@group-75C85B6D1182-LeaderElection94: begin an election at term 83 for -1: [9092f221-0e0d-4970-bb84-cacd95020f21:192.168.164.213:41903, af280123-6372-4d1f-a5d4-c36229a73203:192.168.164.213:35334, b4ae536c-ed18-4717-a75c-ca4b5d6c4001:192.168.164.213:41180], old=null
2019-10-24 15:43:59,678 [grpc-default-executor-4] INFO  impl.RaftServerImpl (RaftServerImpl.java:setRole(184)) - 9092f221-0e0d-4970-bb84-cacd95020f21@group-75C85B6D1182: changes role from  FOLLOWER to FOLLOWER at term 83 for recognizeCandidate:af280123-6372-4d1f-a5d4-c36229a73203
2019-10-24 15:43:59,678 [grpc-default-executor-1] INFO  impl.RaftServerImpl (RaftServerImpl.java:setRole(184)) - b4ae536c-ed18-4717-a75c-ca4b5d6c4001@group-75C85B6D1182: changes role from  FOLLOWER to FOLLOWER at term 83 for recognizeCandidate:af280123-6372-4d1f-a5d4-c36229a73203
2019-10-24 15:43:59,679 [grpc-default-executor-4] INFO  impl.RoleInfo (RoleInfo.java:shutdownFollowerState(121)) - 9092f221-0e0d-4970-bb84-cacd95020f21: shutdown FollowerState
2019-10-24 15:43:59,679 [grpc-default-executor-1] INFO  impl.RoleInfo (RoleInfo.java:shutdownFollowerState(121)) - b4ae536c-ed18-4717-a75c-ca4b5d6c4001: shutdown FollowerState
2019-10-24 15:43:59,679 [Thread-1056] INFO  impl.FollowerState (FollowerState.java:run(117)) - 9092f221-0e0d-4970-bb84-cacd95020f21@group-75C85B6D1182-FollowerState was interrupted: java.lang.InterruptedException: sleep interrupted
2019-10-24 15:43:59,679 [grpc-default-executor-4] INFO  impl.RoleInfo (RoleInfo.java:updateAndGet(143)) - 9092f221-0e0d-4970-bb84-cacd95020f21: start FollowerState
2019-10-24 15:43:59,679 [grpc-default-executor-1] INFO  impl.RoleInfo (RoleInfo.java:updateAndGet(143)) - b4ae536c-ed18-4717-a75c-ca4b5d6c4001: start FollowerState
2019-10-24 15:43:59,680 [Thread-1055] INFO  impl.FollowerState (FollowerState.java:run(117)) - b4ae536c-ed18-4717-a75c-ca4b5d6c4001@group-75C85B6D1182-FollowerState was interrupted: java.lang.InterruptedException: sleep interrupted
2019-10-24 15:43:59,695 [af280123-6372-4d1f-a5d4-c36229a73203@group-75C85B6D1182-LeaderElection94] INFO  impl.LeaderElection (LeaderElection.java:logAndReturn(56)) - af280123-6372-4d1f-a5d4-c36229a73203@group-75C85B6D1182-LeaderElection94: Election REJECTED; received 2 response(s) [af280123-6372-4d1f-a5d4-c36229a73203<-9092f221-0e0d-4970-bb84-cacd95020f21#0:FAIL-t83, af280123-6372-4d1f-a5d4-c36229a73203<-b4ae536c-ed18-4717-a75c-ca4b5d6c4001#0:FAIL-t83] and 0 exception(s); af280123-6372-4d1f-a5d4-c36229a73203@group-75C85B6D1182:t83, leader=null, voted=af280123-6372-4d1f-a5d4-c36229a73203, raftlog=af280123-6372-4d1f-a5d4-c36229a73203@group-75C85B6D1182-SegmentedRaftLog:OPENED:c-1,f-1,i0, conf=-1: [9092f221-0e0d-4970-bb84-cacd95020f21:192.168.164.213:41903, af280123-6372-4d1f-a5d4-c36229a73203:192.168.164.213:35334, b4ae536c-ed18-4717-a75c-ca4b5d6c4001:192.168.164.213:41180], old=null
2019-10-24 15:43:59,695 [af280123-6372-4d1f-a5d4-c36229a73203@group-75C85B6D1182-LeaderElection94] INFO  impl.RaftServerImpl (RaftServerImpl.java:setRole(184)) - af280123-6372-4d1f-a5d4-c36229a73203@group-75C85B6D1182: changes role from CANDIDATE to FOLLOWER at term 83 for DISCOVERED_A_NEW_TERM
2019-10-24 15:43:59,695 [af280123-6372-4d1f-a5d4-c36229a73203@group-75C85B6D1182-LeaderElection94] INFO  impl.RoleInfo (RoleInfo.java:shutdownLeaderElection(134)) - af280123-6372-4d1f-a5d4-c36229a73203: shutdown LeaderElection
2019-10-24 15:43:59,695 [af280123-6372-4d1f-a5d4-c36229a73203@group-75C85B6D1182-LeaderElection94] INFO  impl.RoleInfo (RoleInfo.java:updateAndGet(143)) - af280123-6372-4d1f-a5d4-c36229a73203: start FollowerState
2019-10-24 15:43:59,716 [main] WARN  io.KeyOutputStream (KeyOutputStream.java:handleException(274)) - Encountered exception java.io.IOException: Unexpected Storage Container Exception: java.util.concurrent.CompletionException: java.util.concurrent.CompletionException: org.apache.ratis.protocol.RaftRetryFailureException: Failed RaftClientRequest:client-0547AB5AFFFC->af280123-6372-4d1f-a5d4-c36229a73203@group-75C85B6D1182, cid=19, seq=1*, RW, cmdType: WriteChunk
traceID: "b7861bc8dd88f40f:b7861bc8dd88f40f:0:0"
containerID: 1
datanodeUuid: "9092f221-0e0d-4970-bb84-cacd95020f21"
writeChunk {
  blockID {
    containerID: 1
    localID: 103018124393185280
    blockCommitSequenceId: 0
  }
  chunkData {
    chunkName: "103018124393185280_chunk_1"
    offset: 0
    len: 1048576
    checksumData {
      type: CRC32
      bytesPerChecksum: 1048576
      checksums: "\361\003\002\247"
    }
  }
}
, data.size=1048576 for 10 attempts with RetryLimited(maxAttempts=10, sleepTime=1000ms) on the pipeline Pipeline[ Id: 92bd9c40-3185-4634-97b8-75c85b6d1182, Nodes: 9092f221-0e0d-4970-bb84-cacd95020f21{ip: 192.168.164.213, host: pr-hdds-2359-djbrp-462585948, networkLocation: /default-rack, certSerialId: null}af280123-6372-4d1f-a5d4-c36229a73203{ip: 192.168.164.213, host: pr-hdds-2359-djbrp-462585948, networkLocation: /default-rack, certSerialId: null}b4ae536c-ed18-4717-a75c-ca4b5d6c4001{ip: 192.168.164.213, host: pr-hdds-2359-djbrp-462585948, networkLocation: /default-rack, certSerialId: null}, Type:RATIS, Factor:THREE, State:OPEN]. The last committed block length is 0, uncommitted data length is 2097152 retry count 0
2019-10-24 15:43:59,766 [Thread-1068] INFO  impl.FollowerState (FollowerState.java:run(108)) - af280123-6372-4d1f-a5d4-c36229a73203@group-75C85B6D1182-FollowerState: change to CANDIDATE, lastRpcTime:70ms, electionTimeout:70ms
2019-10-24 15:43:59,766 [Thread-1068] INFO  impl.RoleInfo (RoleInfo.java:shutdownFollowerState(121)) - af280123-6372-4d1f-a5d4-c36229a73203: shutdown FollowerState
2019-10-24 15:43:59,766 [Thread-1068] INFO  impl.RaftServerImpl (RaftServerImpl.java:setRole(184)) - af280123-6372-4d1f-a5d4-c36229a73203@group-75C85B6D1182: changes role from  FOLLOWER to CANDIDATE at term 83 for changeToCandidate
2019-10-24 15:43:59,769 [Thread-1068] INFO  impl.RoleInfo (RoleInfo.java:updateAndGet(143)) - af280123-6372-4d1f-a5d4-c36229a73203: start LeaderElection
2019-10-24 15:43:59,790 [af280123-6372-4d1f-a5d4-c36229a73203@group-75C85B6D1182-LeaderElection95] INFO  impl.LeaderElection (LeaderElection.java:askForVotes(178)) - af280123-6372-4d1f-a5d4-c36229a73203@group-75C85B6D1182-LeaderElection95: begin an election at term 84 for -1: [9092f221-0e0d-4970-bb84-cacd95020f21:192.168.164.213:41903, af280123-6372-4d1f-a5d4-c36229a73203:192.168.164.213:35334, b4ae536c-ed18-4717-a75c-ca4b5d6c4001:192.168.164.213:41180], old=null
2019-10-24 15:43:59,792 [grpc-default-executor-1] INFO  impl.RaftServerImpl (RaftServerImpl.java:setRole(184)) - b4ae536c-ed18-4717-a75c-ca4b5d6c4001@group-75C85B6D1182: changes role from  FOLLOWER to FOLLOWER at term 84 for recognizeCandidate:af280123-6372-4d1f-a5d4-c36229a73203
2019-10-24 15:43:59,792 [grpc-default-executor-1] INFO  impl.RoleInfo (RoleInfo.java:shutdownFollowerState(121)) - b4ae536c-ed18-4717-a75c-ca4b5d6c4001: shutdown FollowerState
2019-10-24 15:43:59,792 [grpc-default-executor-4] INFO  impl.RaftServerImpl (RaftServerImpl.java:setRole(184)) - 9092f221-0e0d-4970-bb84-cacd95020f21@group-75C85B6D1182: changes role from  FOLLOWER to FOLLOWER at term 84 for recognizeCandidate:af280123-6372-4d1f-a5d4-c36229a73203
2019-10-24 15:43:59,793 [Thread-1067] INFO  impl.FollowerState (FollowerState.java:run(117)) - b4ae536c-ed18-4717-a75c-ca4b5d6c4001@group-75C85B6D1182-FollowerState was interrupted: java.lang.InterruptedException: sleep interrupted
2019-10-24 15:43:59,793 [grpc-default-executor-1] INFO  impl.RoleInfo (RoleInfo.java:updateAndGet(143)) - b4ae536c-ed18-4717-a75c-ca4b5d6c4001: start FollowerState
2019-10-24 15:43:59,793 [grpc-default-executor-4] INFO  impl.RoleInfo (RoleInfo.java:shutdownFollowerState(121)) - 9092f221-0e0d-4970-bb84-cacd95020f21: shutdown FollowerState
2019-10-24 15:43:59,793 [grpc-default-executor-4] INFO  impl.RoleInfo (RoleInfo.java:updateAndGet(143)) - 9092f221-0e0d-4970-bb84-cacd95020f21: start FollowerState
2019-10-24 15:43:59,793 [Thread-1066] INFO  impl.FollowerState (FollowerState.java:run(117)) - 9092f221-0e0d-4970-bb84-cacd95020f21@group-75C85B6D1182-FollowerState was interrupted: java.lang.InterruptedException: sleep interrupted
2019-10-24 15:43:59,808 [af280123-6372-4d1f-a5d4-c36229a73203@group-75C85B6D1182-LeaderElection95] INFO  impl.LeaderElection (LeaderElection.java:logAndReturn(56)) - af280123-6372-4d1f-a5d4-c36229a73203@group-75C85B6D1182-LeaderElection95: Election REJECTED; received 2 response(s) [af280123-6372-4d1f-a5d4-c36229a73203<-9092f221-0e0d-4970-bb84-cacd95020f21#0:FAIL-t84, af280123-6372-4d1f-a5d4-c36229a73203<-b4ae536c-ed18-4717-a75c-ca4b5d6c4001#0:FAIL-t84] and 0 exception(s); af280123-6372-4d1f-a5d4-c36229a73203@group-75C85B6D1182:t84, leader=null, voted=af280123-6372-4d1f-a5d4-c36229a73203, raftlog=af280123-6372-4d1f-a5d4-c36229a73203@group-75C85B6D1182-SegmentedRaftLog:OPENED:c-1,f-1,i0, conf=-1: [9092f221-0e0d-4970-bb84-cacd95020f21:192.168.164.213:41903, af280123-6372-4d1f-a5d4-c36229a73203:192.168.164.213:35334, b4ae536c-ed18-4717-a75c-ca4b5d6c4001:192.168.164.213:41180], old=null
2019-10-24 15:43:59,809 [af280123-6372-4d1f-a5d4-c36229a73203@group-75C85B6D1182-LeaderElection95] INFO  impl.RaftServerImpl (RaftServerImpl.java:setRole(184)) - af280123-6372-4d1f-a5d4-c36229a73203@group-75C85B6D1182: changes role from CANDIDATE to FOLLOWER at term 84 for DISCOVERED_A_NEW_TERM
2019-10-24 15:43:59,809 [af280123-6372-4d1f-a5d4-c36229a73203@group-75C85B6D1182-LeaderElection95] INFO  impl.RoleInfo (RoleInfo.java:shutdownLeaderElection(134)) - af280123-6372-4d1f-a5d4-c36229a73203: shutdown LeaderElection
2019-10-24 15:43:59,809 [af280123-6372-4d1f-a5d4-c36229a73203@group-75C85B6D1182-LeaderElection95] INFO  impl.RoleInfo (RoleInfo.java:updateAndGet(143)) - af280123-6372-4d1f-a5d4-c36229a73203: start FollowerState
2019-10-24 15:43:59,948 [Thread-1078] INFO  impl.FollowerState (FollowerState.java:run(108)) - af280123-6372-4d1f-a5d4-c36229a73203@group-75C85B6D1182-FollowerState: change to CANDIDATE, lastRpcTime:139ms, electionTimeout:136ms
2019-10-24 15:43:59,951 [Thread-1078] INFO  impl.RoleInfo (RoleInfo.java:shutdownFollowerState(121)) - af280123-6372-4d1f-a5d4-c36229a73203: shutdown FollowerState
2019-10-24 15:43:59,951 [Thread-1078] INFO  impl.RaftServerImpl (RaftServerImpl.java:setRole(184)) - af280123-6372-4d1f-a5d4-c36229a73203@group-75C85B6D1182: changes role from  FOLLOWER to CANDIDATE at term 84 for changeToCandidate
2019-10-24 15:43:59,951 [Thread-1078] INFO  impl.RoleInfo (RoleInfo.java:updateAndGet(143)) - af280123-6372-4d1f-a5d4-c36229a73203: start LeaderElection
2019-10-24 15:43:59,967 [af280123-6372-4d1f-a5d4-c36229a73203@group-75C85B6D1182-LeaderElection96] INFO  impl.LeaderElection (LeaderElection.java:askForVotes(178)) - af280123-6372-4d1f-a5d4-c36229a73203@group-75C85B6D1182-LeaderElection96: begin an election at term 85 for -1: [9092f221-0e0d-4970-bb84-cacd95020f21:192.168.164.213:41903, af280123-6372-4d1f-a5d4-c36229a73203:192.168.164.213:35334, b4ae536c-ed18-4717-a75c-ca4b5d6c4001:192.168.164.213:41180], old=null
2019-10-24 15:43:59,970 [grpc-default-executor-2] INFO  impl.RaftServerImpl (RaftServerImpl.java:setRole(184)) - 9092f221-0e0d-4970-bb84-cacd95020f21@group-75C85B6D1182: changes role from  FOLLOWER to FOLLOWER at term 85 for recognizeCandidate:af280123-6372-4d1f-a5d4-c36229a73203
2019-10-24 15:43:59,970 [grpc-default-executor-1] INFO  impl.RaftServerImpl (RaftServerImpl.java:setRole(184)) - b4ae536c-ed18-4717-a75c-ca4b5d6c4001@group-75C85B6D1182: changes role from  FOLLOWER to FOLLOWER at term 85 for recognizeCandidate:af280123-6372-4d1f-a5d4-c36229a73203
2019-10-24 15:43:59,970 [grpc-default-executor-2] INFO  impl.RoleInfo (RoleInfo.java:shutdownFollowerState(121)) - 9092f221-0e0d-4970-bb84-cacd95020f21: shutdown FollowerState
2019-10-24 15:43:59,970 [grpc-default-executor-1] INFO  impl.RoleInfo (RoleInfo.java:shutdownFollowerState(121)) - b4ae536c-ed18-4717-a75c-ca4b5d6c4001: shutdown FollowerState
2019-10-24 15:43:59,970 [grpc-default-executor-2] INFO  impl.RoleInfo (RoleInfo.java:updateAndGet(143)) - 9092f221-0e0d-4970-bb84-cacd95020f21: start FollowerState
2019-10-24 15:43:59,971 [grpc-default-executor-1] INFO  impl.RoleInfo (RoleInfo.java:updateAndGet(143)) - b4ae536c-ed18-4717-a75c-ca4b5d6c4001: start FollowerState
2019-10-24 15:43:59,971 [Thread-1077] INFO  impl.FollowerState (FollowerState.java:run(117)) - 9092f221-0e0d-4970-bb84-cacd95020f21@group-75C85B6D1182-FollowerState was interrupted: java.lang.InterruptedException: sleep interrupted
2019-10-24 15:43:59,971 [Thread-1076] INFO  impl.FollowerState (FollowerState.java:run(117)) - b4ae536c-ed18-4717-a75c-ca4b5d6c4001@group-75C85B6D1182-FollowerState was interrupted: java.lang.InterruptedException: sleep interrupted
2019-10-24 15:43:59,987 [af280123-6372-4d1f-a5d4-c36229a73203@group-75C85B6D1182-LeaderElection96] INFO  impl.LeaderElection (LeaderElection.java:logAndReturn(56)) - af280123-6372-4d1f-a5d4-c36229a73203@group-75C85B6D1182-LeaderElection96: Election REJECTED; received 2 response(s) [af280123-6372-4d1f-a5d4-c36229a73203<-9092f221-0e0d-4970-bb84-cacd95020f21#0:FAIL-t85, af280123-6372-4d1f-a5d4-c36229a73203<-b4ae536c-ed18-4717-a75c-ca4b5d6c4001#0:FAIL-t85] and 0 exception(s); af280123-6372-4d1f-a5d4-c36229a73203@group-75C85B6D1182:t85, leader=null, voted=af280123-6372-4d1f-a5d4-c36229a73203, raftlog=af280123-6372-4d1f-a5d4-c36229a73203@group-75C85B6D1182-SegmentedRaftLog:OPENED:c-1,f-1,i0, conf=-1: [9092f221-0e0d-4970-bb84-cacd95020f21:192.168.164.213:41903, af280123-6372-4d1f-a5d4-c36229a73203:192.168.164.213:35334, b4ae536c-ed18-4717-a75c-ca4b5d6c4001:192.168.164.213:41180], old=null
2019-10-24 15:43:59,988 [af280123-6372-4d1f-a5d4-c36229a73203@group-75C85B6D1182-LeaderElection96] INFO  impl.RaftServerImpl (RaftServerImpl.java:setRole(184)) - af280123-6372-4d1f-a5d4-c36229a73203@group-75C85B6D1182: changes role from CANDIDATE to FOLLOWER at term 85 for DISCOVERED_A_NEW_TERM
2019-10-24 15:43:59,988 [af280123-6372-4d1f-a5d4-c36229a73203@group-75C85B6D1182-LeaderElection96] INFO  impl.RoleInfo (RoleInfo.java:shutdownLeaderElection(134)) - af280123-6372-4d1f-a5d4-c36229a73203: shutdown LeaderElection
2019-10-24 15:43:59,988 [af280123-6372-4d1f-a5d4-c36229a73203@group-75C85B6D1182-LeaderElection96] INFO  impl.RoleInfo (RoleInfo.java:updateAndGet(143)) - af280123-6372-4d1f-a5d4-c36229a73203: start FollowerState
2019-10-24 15:44:00,092 [Thread-1086] INFO  impl.FollowerState (FollowerState.java:run(108)) - af280123-6372-4d1f-a5d4-c36229a73203@group-75C85B6D1182-FollowerState: change to CANDIDATE, lastRpcTime:104ms, electionTimeout:104ms
2019-10-24 15:44:00,093 [Thread-1086] INFO  impl.RoleInfo (RoleInfo.java:shutdownFollowerState(121)) - af280123-6372-4d1f-a5d4-c36229a73203: shutdown FollowerState
2019-10-24 15:44:00,093 [Thread-1086] INFO  impl.RaftServerImpl (RaftServerImpl.java:setRole(184)) - af280123-6372-4d1f-a5d4-c36229a73203@group-75C85B6D1182: changes role from  FOLLOWER to CANDIDATE at term 85 for changeToCandidate
2019-10-24 15:44:00,093 [Thread-1086] INFO  impl.RoleInfo (RoleInfo.java:updateAndGet(143)) - af280123-6372-4d1f-a5d4-c36229a73203: start LeaderElection
2019-10-24 15:44:00,101 [af280123-6372-4d1f-a5d4-c36229a73203@group-75C85B6D1182-LeaderElection97] INFO  impl.LeaderElection (LeaderElection.java:askForVotes(178)) - af280123-6372-4d1f-a5d4-c36229a73203@group-75C85B6D1182-LeaderElection97: begin an election at term 86 for -1: [9092f221-0e0d-4970-bb84-cacd95020f21:192.168.164.213:41903, af280123-6372-4d1f-a5d4-c36229a73203:192.168.164.213:35334, b4ae536c-ed18-4717-a75c-ca4b5d6c4001:192.168.164.213:41180], old=null
2019-10-24 15:44:00,103 [grpc-default-executor-1] INFO  impl.RaftServerImpl (RaftServerImpl.java:setRole(184)) - b4ae536c-ed18-4717-a75c-ca4b5d6c4001@group-75C85B6D1182: changes role from  FOLLOWER to FOLLOWER at term 86 for recognizeCandidate:af280123-6372-4d1f-a5d4-c36229a73203
2019-10-24 15:44:00,103 [grpc-default-executor-2] INFO  impl.RaftServerImpl (RaftServerImpl.java:setRole(184)) - 9092f221-0e0d-4970-bb84-cacd95020f21@group-75C85B6D1182: changes role from  FOLLOWER to FOLLOWER at term 86 for recognizeCandidate:af280123-6372-4d1f-a5d4-c36229a73203
2019-10-24 15:44:00,104 [grpc-default-executor-1] INFO  impl.RoleInfo (RoleInfo.java:shutdownFollowerState(121)) - b4ae536c-ed18-4717-a75c-ca4b5d6c4001: shutdown FollowerState
2019-10-24 15:44:00,104 [grpc-default-executor-2] INFO  impl.RoleInfo (RoleInfo.java:shutdownFollowerState(121)) - 9092f221-0e0d-4970-bb84-cacd95020f21: shutdown FollowerState
2019-10-24 15:44:00,104 [grpc-default-executor-1] INFO  impl.RoleInfo (RoleInfo.java:updateAndGet(143)) - b4ae536c-ed18-4717-a75c-ca4b5d6c4001: start FollowerState
2019-10-24 15:44:00,104 [grpc-default-executor-2] INFO  impl.RoleInfo (RoleInfo.java:updateAndGet(143)) - 9092f221-0e0d-4970-bb84-cacd95020f21: start FollowerState
2019-10-24 15:44:00,104 [Thread-1084] INFO  impl.FollowerState (FollowerState.java:run(117)) - b4ae536c-ed18-4717-a75c-ca4b5d6c4001@group-75C85B6D1182-FollowerState was interrupted: java.lang.InterruptedException: sleep interrupted
2019-10-24 15:44:00,104 [Thread-1083] INFO  impl.FollowerState (FollowerState.java:run(117)) - 9092f221-0e0d-4970-bb84-cacd95020f21@group-75C85B6D1182-FollowerState was interrupted: java.lang.InterruptedException: sleep interrupted
2019-10-24 15:44:00,124 [af280123-6372-4d1f-a5d4-c36229a73203@group-75C85B6D1182-LeaderElection97] INFO  impl.LeaderElection (LeaderElection.java:logAndReturn(56)) - af280123-6372-4d1f-a5d4-c36229a73203@group-75C85B6D1182-LeaderElection97: Election REJECTED; received 2 response(s) [af280123-6372-4d1f-a5d4-c36229a73203<-9092f221-0e0d-4970-bb84-cacd95020f21#0:FAIL-t86, af280123-6372-4d1f-a5d4-c36229a73203<-b4ae536c-ed18-4717-a75c-ca4b5d6c4001#0:FAIL-t86] and 0 exception(s); af280123-6372-4d1f-a5d4-c36229a73203@group-75C85B6D1182:t86, leader=null, voted=af280123-6372-4d1f-a5d4-c36229a73203, raftlog=af280123-6372-4d1f-a5d4-c36229a73203@group-75C85B6D1182-SegmentedRaftLog:OPENED:c-1,f-1,i0, conf=-1: [9092f221-0e0d-4970-bb84-cacd95020f21:192.168.164.213:41903, af280123-6372-4d1f-a5d4-c36229a73203:192.168.164.213:35334, b4ae536c-ed18-4717-a75c-ca4b5d6c4001:192.168.164.213:41180], old=null
2019-10-24 15:44:00,124 [af280123-6372-4d1f-a5d4-c36229a73203@group-75C85B6D1182-LeaderElection97] INFO  impl.RaftServerImpl (RaftServerImpl.java:setRole(184)) - af280123-6372-4d1f-a5d4-c36229a73203@group-75C85B6D1182: changes role from CANDIDATE to FOLLOWER at term 86 for DISCOVERED_A_NEW_TERM
2019-10-24 15:44:00,124 [af280123-6372-4d1f-a5d4-c36229a73203@group-75C85B6D1182-LeaderElection97] INFO  impl.RoleInfo (RoleInfo.java:shutdownLeaderElection(134)) - af280123-6372-4d1f-a5d4-c36229a73203: shutdown LeaderElection
2019-10-24 15:44:00,125 [af280123-6372-4d1f-a5d4-c36229a73203@group-75C85B6D1182-LeaderElection97] INFO  impl.RoleInfo (RoleInfo.java:updateAndGet(143)) - af280123-6372-4d1f-a5d4-c36229a73203: start FollowerState
2019-10-24 15:44:00,204 [Thread-1115] INFO  impl.FollowerState (FollowerState.java:run(108)) - af280123-6372-4d1f-a5d4-c36229a73203@group-75C85B6D1182-FollowerState: change to CANDIDATE, lastRpcTime:79ms, electionTimeout:79ms
2019-10-24 15:44:00,209 [Thread-1115] INFO  impl.RoleInfo (RoleInfo.java:shutdownFollowerState(121)) - af280123-6372-4d1f-a5d4-c36229a73203: shutdown FollowerState
2019-10-24 15:44:00,212 [Thread-1115] INFO  impl.RaftServerImpl (RaftServerImpl.java:setRole(184)) - af280123-6372-4d1f-a5d4-c36229a73203@group-75C85B6D1182: changes role from  FOLLOWER to CANDIDATE at term 86 for changeToCandidate
2019-10-24 15:44:00,212 [Thread-1115] INFO  impl.RoleInfo (RoleInfo.java:updateAndGet(143)) - af280123-6372-4d1f-a5d4-c36229a73203: start LeaderElection
2019-10-24 15:44:00,228 [af280123-6372-4d1f-a5d4-c36229a73203@group-75C85B6D1182-LeaderElection98] INFO  impl.LeaderElection (LeaderElection.java:askForVotes(178)) - af280123-6372-4d1f-a5d4-c36229a73203@group-75C85B6D1182-LeaderElection98: begin an election at term 87 for -1: [9092f221-0e0d-4970-bb84-cacd95020f21:192.168.164.213:41903, af280123-6372-4d1f-a5d4-c36229a73203:192.168.164.213:35334, b4ae536c-ed18-4717-a75c-ca4b5d6c4001:192.168.164.213:41180], old=null
2019-10-24 15:44:00,231 [grpc-default-executor-2] INFO  impl.RaftServerImpl (RaftServerImpl.java:setRole(184)) - b4ae536c-ed18-4717-a75c-ca4b5d6c4001@group-75C85B6D1182: changes role from  FOLLOWER to FOLLOWER at term 87 for recognizeCandidate:af280123-6372-4d1f-a5d4-c36229a73203
2019-10-24 15:44:00,231 [grpc-default-executor-2] INFO  impl.RoleInfo (RoleInfo.java:shutdownFollowerState(121)) - b4ae536c-ed18-4717-a75c-ca4b5d6c4001: shutdown FollowerState
2019-10-24 15:44:00,231 [grpc-default-executor-2] INFO  impl.RoleInfo (RoleInfo.java:updateAndGet(143)) - b4ae536c-ed18-4717-a75c-ca4b5d6c4001: start FollowerState
2019-10-24 15:44:00,231 [Thread-1110] INFO  impl.FollowerState (FollowerState.java:run(117)) - b4ae536c-ed18-4717-a75c-ca4b5d6c4001@group-75C85B6D1182-FollowerState was interrupted: java.lang.InterruptedException: sleep interrupted
2019-10-24 15:44:00,232 [grpc-default-executor-1] INFO  impl.RaftServerImpl (RaftServerImpl.java:setRole(184)) - 9092f221-0e0d-4970-bb84-cacd95020f21@group-75C85B6D1182: changes role from  FOLLOWER to FOLLOWER at term 87 for recognizeCandidate:af280123-6372-4d1f-a5d4-c36229a73203
2019-10-24 15:44:00,232 [grpc-default-executor-1] INFO  impl.RoleInfo (RoleInfo.java:shutdownFollowerState(121)) - 9092f221-0e0d-4970-bb84-cacd95020f21: shutdown FollowerState
2019-10-24 15:44:00,232 [grpc-default-executor-1] INFO  impl.RoleInfo (RoleInfo.java:updateAndGet(143)) - 9092f221-0e0d-4970-bb84-cacd95020f21: start FollowerState
2019-10-24 15:44:00,232 [Thread-1111] INFO  impl.FollowerState (FollowerState.java:run(117)) - 9092f221-0e0d-4970-bb84-cacd95020f21@group-75C85B6D1182-FollowerState was interrupted: java.lang.InterruptedException: sleep interrupted
2019-10-24 15:44:00,244 [af280123-6372-4d1f-a5d4-c36229a73203@group-75C85B6D1182-LeaderElection98] INFO  impl.LeaderElection (LeaderElection.java:logAndReturn(56)) - af280123-6372-4d1f-a5d4-c36229a73203@group-75C85B6D1182-LeaderElection98: Election REJECTED; received 2 response(s) [af280123-6372-4d1f-a5d4-c36229a73203<-9092f221-0e0d-4970-bb84-cacd95020f21#0:FAIL-t87, af280123-6372-4d1f-a5d4-c36229a73203<-b4ae536c-ed18-4717-a75c-ca4b5d6c4001#0:FAIL-t87] and 0 exception(s); af280123-6372-4d1f-a5d4-c36229a73203@group-75C85B6D1182:t87, leader=null, voted=af280123-6372-4d1f-a5d4-c36229a73203, raftlog=af280123-6372-4d1f-a5d4-c36229a73203@group-75C85B6D1182-SegmentedRaftLog:OPENED:c-1,f-1,i0, conf=-1: [9092f221-0e0d-4970-bb84-cacd95020f21:192.168.164.213:41903, af280123-6372-4d1f-a5d4-c36229a73203:192.168.164.213:35334, b4ae536c-ed18-4717-a75c-ca4b5d6c4001:192.168.164.213:41180], old=null
2019-10-24 15:44:00,244 [af280123-6372-4d1f-a5d4-c36229a73203@group-75C85B6D1182-LeaderElection98] INFO  impl.RaftServerImpl (RaftServerImpl.java:setRole(184)) - af280123-6372-4d1f-a5d4-c36229a73203@group-75C85B6D1182: changes role from CANDIDATE to FOLLOWER at term 87 for DISCOVERED_A_NEW_TERM
2019-10-24 15:44:00,244 [af280123-6372-4d1f-a5d4-c36229a73203@group-75C85B6D1182-LeaderElection98] INFO  impl.RoleInfo (RoleInfo.java:shutdownLeaderElection(134)) - af280123-6372-4d1f-a5d4-c36229a73203: shutdown LeaderElection
2019-10-24 15:44:00,244 [af280123-6372-4d1f-a5d4-c36229a73203@group-75C85B6D1182-LeaderElection98] INFO  impl.RoleInfo (RoleInfo.java:updateAndGet(143)) - af280123-6372-4d1f-a5d4-c36229a73203: start FollowerState
2019-10-24 15:44:00,299 [main] INFO  ozone.MiniOzoneClusterImpl (MiniOzoneClusterImpl.java:shutdown(314)) - Shutting down the Mini Ozone Cluster
2019-10-24 15:44:00,299 [main] INFO  ozone.MiniOzoneClusterImpl (MiniOzoneClusterImpl.java:stop(330)) - Stopping the Mini Ozone Cluster
2019-10-24 15:44:00,300 [main] INFO  ozone.MiniOzoneClusterImpl (MiniOzoneClusterImpl.java:stopOM(400)) - Stopping the OzoneManager
2019-10-24 15:44:00,300 [main] INFO  ipc.Server (Server.java:stop(3082)) - Stopping server on 33035
2019-10-24 15:44:00,312 [IPC Server listener on 33035] INFO  ipc.Server (Server.java:run(1185)) - Stopping IPC Server listener on 33035
2019-10-24 15:44:00,315 [IPC Server Responder] INFO  ipc.Server (Server.java:run(1319)) - Stopping IPC Server Responder
2019-10-24 15:44:00,312 [main] INFO  ratis.OzoneManagerDoubleBuffer (OzoneManagerDoubleBuffer.java:stop(250)) - Stopping OMDoubleBuffer flush thread
2019-10-24 15:44:00,328 [OMDoubleBufferFlushThread] INFO  ratis.OzoneManagerDoubleBuffer (OzoneManagerDoubleBuffer.java:flushTransactions(193)) - OMDoubleBuffer flush thread OMDoubleBufferFlushThread is interrupted and will exit. OMDoubleBufferFlushThread
2019-10-24 15:44:00,332 [main] INFO  utils.BackgroundService (BackgroundService.java:shutdown(151)) - Shutting down service KeyDeletingService
2019-10-24 15:44:00,336 [main] INFO  handler.ContextHandler (ContextHandler.java:doStop(910)) - Stopped o.e.j.w.WebAppContext@12db3386{/,null,UNAVAILABLE}{/ozoneManager}
2019-10-24 15:44:00,343 [main] INFO  server.AbstractConnector (AbstractConnector.java:doStop(318)) - Stopped ServerConnector@4078695f{HTTP/1.1,[http/1.1]}{0.0.0.0:0}
2019-10-24 15:44:00,343 [main] INFO  handler.ContextHandler (ContextHandler.java:doStop(910)) - Stopped o.e.j.s.ServletContextHandler@30b2b76f{/static,file:///workdir/hadoop-ozone/integration-test/target/test-classes/webapps/static,UNAVAILABLE}
2019-10-24 15:44:00,343 [main] INFO  handler.ContextHandler (ContextHandler.java:doStop(910)) - Stopped o.e.j.s.ServletContextHandler@6b63d445{/logs,file:///workdir/hadoop-ozone/integration-test/target/log,UNAVAILABLE}
2019-10-24 15:44:00,348 [main] INFO  ozone.MiniOzoneClusterImpl (MiniOzoneClusterImpl.java:stopDatanodes(377)) - Stopping the HddsDatanodes
2019-10-24 15:44:00,419 [Thread-1122] INFO  impl.FollowerState (FollowerState.java:run(108)) - af280123-6372-4d1f-a5d4-c36229a73203@group-75C85B6D1182-FollowerState: change to CANDIDATE, lastRpcTime:174ms, electionTimeout:174ms
2019-10-24 15:44:00,419 [Thread-1122] INFO  impl.RoleInfo (RoleInfo.java:shutdownFollowerState(121)) - af280123-6372-4d1f-a5d4-c36229a73203: shutdown FollowerState
2019-10-24 15:44:00,419 [Thread-1122] INFO  impl.RaftServerImpl (RaftServerImpl.java:setRole(184)) - af280123-6372-4d1f-a5d4-c36229a73203@group-75C85B6D1182: changes role from  FOLLOWER to CANDIDATE at term 87 for changeToCandidate
2019-10-24 15:44:00,419 [Thread-1122] INFO  impl.RoleInfo (RoleInfo.java:updateAndGet(143)) - af280123-6372-4d1f-a5d4-c36229a73203: start LeaderElection
2019-10-24 15:44:00,426 [af280123-6372-4d1f-a5d4-c36229a73203@group-75C85B6D1182-LeaderElection99] INFO  impl.LeaderElection (LeaderElection.java:askForVotes(178)) - af280123-6372-4d1f-a5d4-c36229a73203@group-75C85B6D1182-LeaderElection99: begin an election at term 88 for -1: [9092f221-0e0d-4970-bb84-cacd95020f21:192.168.164.213:41903, af280123-6372-4d1f-a5d4-c36229a73203:192.168.164.213:35334, b4ae536c-ed18-4717-a75c-ca4b5d6c4001:192.168.164.213:41180], old=null
2019-10-24 15:44:00,432 [Datanode State Machine Thread - 0] INFO  statemachine.DatanodeStateMachine (DatanodeStateMachine.java:lambda$startDaemon$0(350)) - Ozone container server started.
2019-10-24 15:44:00,432 [Datanode State Machine Thread - 0] INFO  statemachine.DatanodeStateMachine (DatanodeStateMachine.java:lambda$startDaemon$0(350)) - Ozone container server started.
2019-10-24 15:44:00,436 [grpc-default-executor-8] INFO  impl.RaftServerImpl (RaftServerImpl.java:setRole(184)) - 9092f221-0e0d-4970-bb84-cacd95020f21@group-75C85B6D1182: changes role from  FOLLOWER to FOLLOWER at term 88 for recognizeCandidate:af280123-6372-4d1f-a5d4-c36229a73203
2019-10-24 15:44:00,436 [grpc-default-executor-4] INFO  impl.RaftServerImpl (RaftServerImpl.java:setRole(184)) - b4ae536c-ed18-4717-a75c-ca4b5d6c4001@group-75C85B6D1182: changes role from  FOLLOWER to FOLLOWER at term 88 for recognizeCandidate:af280123-6372-4d1f-a5d4-c36229a73203
2019-10-24 15:44:00,436 [grpc-default-executor-8] INFO  impl.RoleInfo (RoleInfo.java:shutdownFollowerState(121)) - 9092f221-0e0d-4970-bb84-cacd95020f21: shutdown FollowerState
2019-10-24 15:44:00,436 [grpc-default-executor-4] INFO  impl.RoleInfo (RoleInfo.java:shutdownFollowerState(121)) - b4ae536c-ed18-4717-a75c-ca4b5d6c4001: shutdown FollowerState
2019-10-24 15:44:00,436 [grpc-default-executor-8] INFO  impl.RoleInfo (RoleInfo.java:updateAndGet(143)) - 9092f221-0e0d-4970-bb84-cacd95020f21: start FollowerState
2019-10-24 15:44:00,436 [Thread-1120] INFO  impl.FollowerState (FollowerState.java:run(117)) - b4ae536c-ed18-4717-a75c-ca4b5d6c4001@group-75C85B6D1182-FollowerState was interrupted: java.lang.InterruptedException: sleep interrupted
2019-10-24 15:44:00,436 [grpc-default-executor-4] INFO  impl.RoleInfo (RoleInfo.java:updateAndGet(143)) - b4ae536c-ed18-4717-a75c-ca4b5d6c4001: start FollowerState
2019-10-24 15:44:00,436 [Thread-1121] INFO  impl.FollowerState (FollowerState.java:run(117)) - 9092f221-0e0d-4970-bb84-cacd95020f21@group-75C85B6D1182-FollowerState was interrupted: java.lang.InterruptedException: sleep interrupted
2019-10-24 15:44:00,447 [af280123-6372-4d1f-a5d4-c36229a73203@group-75C85B6D1182-LeaderElection99] INFO  impl.LeaderElection (LeaderElection.java:logAndReturn(56)) - af280123-6372-4d1f-a5d4-c36229a73203@group-75C85B6D1182-LeaderElection99: Election REJECTED; received 2 response(s) [af280123-6372-4d1f-a5d4-c36229a73203<-9092f221-0e0d-4970-bb84-cacd95020f21#0:FAIL-t88, af280123-6372-4d1f-a5d4-c36229a73203<-b4ae536c-ed18-4717-a75c-ca4b5d6c4001#0:FAIL-t88] and 0 exception(s); af280123-6372-4d1f-a5d4-c36229a73203@group-75C85B6D1182:t88, leader=null, voted=af280123-6372-4d1f-a5d4-c36229a73203, raftlog=af280123-6372-4d1f-a5d4-c36229a73203@group-75C85B6D1182-SegmentedRaftLog:OPENED:c-1,f-1,i0, conf=-1: [9092f221-0e0d-4970-bb84-cacd95020f21:192.168.164.213:41903, af280123-6372-4d1f-a5d4-c36229a73203:192.168.164.213:35334, b4ae536c-ed18-4717-a75c-ca4b5d6c4001:192.168.164.213:41180], old=null
2019-10-24 15:44:00,447 [af280123-6372-4d1f-a5d4-c36229a73203@group-75C85B6D1182-LeaderElection99] INFO  impl.RaftServerImpl (RaftServerImpl.java:setRole(184)) - af280123-6372-4d1f-a5d4-c36229a73203@group-75C85B6D1182: changes role from CANDIDATE to FOLLOWER at term 88 for DISCOVERED_A_NEW_TERM
2019-10-24 15:44:00,449 [af280123-6372-4d1f-a5d4-c36229a73203@group-75C85B6D1182-LeaderElection99] INFO  impl.RoleInfo (RoleInfo.java:shutdownLeaderElection(134)) - af280123-6372-4d1f-a5d4-c36229a73203: shutdown LeaderElection
2019-10-24 15:44:00,449 [af280123-6372-4d1f-a5d4-c36229a73203@group-75C85B6D1182-LeaderElection99] INFO  impl.RoleInfo (RoleInfo.java:updateAndGet(143)) - af280123-6372-4d1f-a5d4-c36229a73203: start FollowerState
2019-10-24 15:44:00,478 [Thread-1157] INFO  impl.FollowerState (FollowerState.java:run(108)) - af280123-6372-4d1f-a5d4-c36229a73203@group-75C85B6D1182-FollowerState: change to CANDIDATE, lastRpcTime:28ms, electionTimeout:24ms
2019-10-24 15:44:00,478 [Thread-1157] INFO  impl.RoleInfo (RoleInfo.java:shutdownFollowerState(121)) - af280123-6372-4d1f-a5d4-c36229a73203: shutdown FollowerState
2019-10-24 15:44:00,478 [Thread-1157] INFO  impl.RaftServerImpl (RaftServerImpl.java:setRole(184)) - af280123-6372-4d1f-a5d4-c36229a73203@group-75C85B6D1182: changes role from  FOLLOWER to CANDIDATE at term 88 for changeToCandidate
2019-10-24 15:44:00,478 [Thread-1157] INFO  impl.RoleInfo (RoleInfo.java:updateAndGet(143)) - af280123-6372-4d1f-a5d4-c36229a73203: start LeaderElection
2019-10-24 15:44:00,768 [af280123-6372-4d1f-a5d4-c36229a73203@group-75C85B6D1182-LeaderElection100] INFO  impl.LeaderElection (LeaderElection.java:askForVotes(178)) - af280123-6372-4d1f-a5d4-c36229a73203@group-75C85B6D1182-LeaderElection100: begin an election at term 89 for -1: [9092f221-0e0d-4970-bb84-cacd95020f21:192.168.164.213:41903, af280123-6372-4d1f-a5d4-c36229a73203:192.168.164.213:35334, b4ae536c-ed18-4717-a75c-ca4b5d6c4001:192.168.164.213:41180], old=null
2019-10-24 15:44:00,771 [grpc-default-executor-4] INFO  impl.RaftServerImpl (RaftServerImpl.java:setRole(184)) - b4ae536c-ed18-4717-a75c-ca4b5d6c4001@group-75C85B6D1182: changes role from  FOLLOWER to FOLLOWER at term 89 for recognizeCandidate:af280123-6372-4d1f-a5d4-c36229a73203
2019-10-24 15:44:00,771 [grpc-default-executor-5] INFO  impl.RaftServerImpl (RaftServerImpl.java:setRole(184)) - 9092f221-0e0d-4970-bb84-cacd95020f21@group-75C85B6D1182: changes role from  FOLLOWER to FOLLOWER at term 89 for recognizeCandidate:af280123-6372-4d1f-a5d4-c36229a73203
2019-10-24 15:44:00,771 [grpc-default-executor-4] INFO  impl.RoleInfo (RoleInfo.java:shutdownFollowerState(121)) - b4ae536c-ed18-4717-a75c-ca4b5d6c4001: shutdown FollowerState
2019-10-24 15:44:00,771 [grpc-default-executor-5] INFO  impl.RoleInfo (RoleInfo.java:shutdownFollowerState(121)) - 9092f221-0e0d-4970-bb84-cacd95020f21: shutdown FollowerState
2019-10-24 15:44:00,771 [grpc-default-executor-4] INFO  impl.RoleInfo (RoleInfo.java:updateAndGet(143)) - b4ae536c-ed18-4717-a75c-ca4b5d6c4001: start FollowerState
2019-10-24 15:44:00,771 [grpc-default-executor-5] INFO  impl.RoleInfo (RoleInfo.java:updateAndGet(143)) - 9092f221-0e0d-4970-bb84-cacd95020f21: start FollowerState
2019-10-24 15:44:00,771 [Thread-1152] INFO  impl.FollowerState (FollowerState.java:run(117)) - b4ae536c-ed18-4717-a75c-ca4b5d6c4001@group-75C85B6D1182-FollowerState was interrupted: java.lang.InterruptedException: sleep interrupted
2019-10-24 15:44:00,771 [Thread-1151] INFO  impl.FollowerState (FollowerState.java:run(117)) - 9092f221-0e0d-4970-bb84-cacd95020f21@group-75C85B6D1182-FollowerState was interrupted: java.lang.InterruptedException: sleep interrupted
2019-10-24 15:44:00,782 [af280123-6372-4d1f-a5d4-c36229a73203@group-75C85B6D1182-LeaderElection100] INFO  impl.LeaderElection (LeaderElection.java:logAndReturn(56)) - af280123-6372-4d1f-a5d4-c36229a73203@group-75C85B6D1182-LeaderElection100: Election REJECTED; received 2 response(s) [af280123-6372-4d1f-a5d4-c36229a73203<-9092f221-0e0d-4970-bb84-cacd95020f21#0:FAIL-t89, af280123-6372-4d1f-a5d4-c36229a73203<-b4ae536c-ed18-4717-a75c-ca4b5d6c4001#0:FAIL-t89] and 0 exception(s); af280123-6372-4d1f-a5d4-c36229a73203@group-75C85B6D1182:t89, leader=null, voted=af280123-6372-4d1f-a5d4-c36229a73203, raftlog=af280123-6372-4d1f-a5d4-c36229a73203@group-75C85B6D1182-SegmentedRaftLog:OPENED:c-1,f-1,i0, conf=-1: [9092f221-0e0d-4970-bb84-cacd95020f21:192.168.164.213:41903, af280123-6372-4d1f-a5d4-c36229a73203:192.168.164.213:35334, b4ae536c-ed18-4717-a75c-ca4b5d6c4001:192.168.164.213:41180], old=null
2019-10-24 15:44:00,783 [af280123-6372-4d1f-a5d4-c36229a73203@group-75C85B6D1182-LeaderElection100] INFO  impl.RaftServerImpl (RaftServerImpl.java:setRole(184)) - af280123-6372-4d1f-a5d4-c36229a73203@group-75C85B6D1182: changes role from CANDIDATE to FOLLOWER at term 89 for DISCOVERED_A_NEW_TERM
2019-10-24 15:44:00,783 [af280123-6372-4d1f-a5d4-c36229a73203@group-75C85B6D1182-LeaderElection100] INFO  impl.RoleInfo (RoleInfo.java:shutdownLeaderElection(134)) - af280123-6372-4d1f-a5d4-c36229a73203: shutdown LeaderElection
2019-10-24 15:44:00,783 [af280123-6372-4d1f-a5d4-c36229a73203@group-75C85B6D1182-LeaderElection100] INFO  impl.RoleInfo (RoleInfo.java:updateAndGet(143)) - af280123-6372-4d1f-a5d4-c36229a73203: start FollowerState
2019-10-24 15:44:00,855 [Thread-1171] INFO  impl.FollowerState (FollowerState.java:run(108)) - af280123-6372-4d1f-a5d4-c36229a73203@group-75C85B6D1182-FollowerState: change to CANDIDATE, lastRpcTime:72ms, electionTimeout:72ms
2019-10-24 15:44:00,855 [Thread-1171] INFO  impl.RoleInfo (RoleInfo.java:shutdownFollowerState(121)) - af280123-6372-4d1f-a5d4-c36229a73203: shutdown FollowerState
2019-10-24 15:44:00,856 [Thread-1171] INFO  impl.RaftServerImpl (RaftServerImpl.java:setRole(184)) - af280123-6372-4d1f-a5d4-c36229a73203@group-75C85B6D1182: changes role from  FOLLOWER to CANDIDATE at term 89 for changeToCandidate
2019-10-24 15:44:00,856 [Thread-1171] INFO  impl.RoleInfo (RoleInfo.java:updateAndGet(143)) - af280123-6372-4d1f-a5d4-c36229a73203: start LeaderElection
2019-10-24 15:44:00,869 [af280123-6372-4d1f-a5d4-c36229a73203@group-75C85B6D1182-LeaderElection101] INFO  impl.LeaderElection (LeaderElection.java:askForVotes(178)) - af280123-6372-4d1f-a5d4-c36229a73203@group-75C85B6D1182-LeaderElection101: begin an election at term 90 for -1: [9092f221-0e0d-4970-bb84-cacd95020f21:192.168.164.213:41903, af280123-6372-4d1f-a5d4-c36229a73203:192.168.164.213:35334, b4ae536c-ed18-4717-a75c-ca4b5d6c4001:192.168.164.213:41180], old=null
2019-10-24 15:44:00,872 [grpc-default-executor-4] INFO  impl.RaftServerImpl (RaftServerImpl.java:setRole(184)) - 9092f221-0e0d-4970-bb84-cacd95020f21@group-75C85B6D1182: changes role from  FOLLOWER to FOLLOWER at term 90 for recognizeCandidate:af280123-6372-4d1f-a5d4-c36229a73203
2019-10-24 15:44:00,872 [grpc-default-executor-4] INFO  impl.RoleInfo (RoleInfo.java:shutdownFollowerState(121)) - 9092f221-0e0d-4970-bb84-cacd95020f21: shutdown FollowerState
2019-10-24 15:44:00,872 [grpc-default-executor-5] INFO  impl.RaftServerImpl (RaftServerImpl.java:setRole(184)) - b4ae536c-ed18-4717-a75c-ca4b5d6c4001@group-75C85B6D1182: changes role from  FOLLOWER to FOLLOWER at term 90 for recognizeCandidate:af280123-6372-4d1f-a5d4-c36229a73203
2019-10-24 15:44:00,873 [grpc-default-executor-5] INFO  impl.RoleInfo (RoleInfo.java:shutdownFollowerState(121)) - b4ae536c-ed18-4717-a75c-ca4b5d6c4001: shutdown FollowerState
2019-10-24 15:44:00,873 [grpc-default-executor-4] INFO  impl.RoleInfo (RoleInfo.java:updateAndGet(143)) - 9092f221-0e0d-4970-bb84-cacd95020f21: start FollowerState
2019-10-24 15:44:00,873 [Thread-1169] INFO  impl.FollowerState (FollowerState.java:run(117)) - b4ae536c-ed18-4717-a75c-ca4b5d6c4001@group-75C85B6D1182-FollowerState was interrupted: java.lang.InterruptedException: sleep interrupted
2019-10-24 15:44:00,873 [grpc-default-executor-5] INFO  impl.RoleInfo (RoleInfo.java:updateAndGet(143)) - b4ae536c-ed18-4717-a75c-ca4b5d6c4001: start FollowerState
2019-10-24 15:44:00,873 [Thread-1170] INFO  impl.FollowerState (FollowerState.java:run(117)) - 9092f221-0e0d-4970-bb84-cacd95020f21@group-75C85B6D1182-FollowerState was interrupted: java.lang.InterruptedException: sleep interrupted
2019-10-24 15:44:00,882 [af280123-6372-4d1f-a5d4-c36229a73203@group-75C85B6D1182-LeaderElection101] INFO  impl.LeaderElection (LeaderElection.java:logAndReturn(56)) - af280123-6372-4d1f-a5d4-c36229a73203@group-75C85B6D1182-LeaderElection101: Election REJECTED; received 2 response(s) [af280123-6372-4d1f-a5d4-c36229a73203<-9092f221-0e0d-4970-bb84-cacd95020f21#0:FAIL-t90, af280123-6372-4d1f-a5d4-c36229a73203<-b4ae536c-ed18-4717-a75c-ca4b5d6c4001#0:FAIL-t90] and 0 exception(s); af280123-6372-4d1f-a5d4-c36229a73203@group-75C85B6D1182:t90, leader=null, voted=af280123-6372-4d1f-a5d4-c36229a73203, raftlog=af280123-6372-4d1f-a5d4-c36229a73203@group-75C85B6D1182-SegmentedRaftLog:OPENED:c-1,f-1,i0, conf=-1: [9092f221-0e0d-4970-bb84-cacd95020f21:192.168.164.213:41903, af280123-6372-4d1f-a5d4-c36229a73203:192.168.164.213:35334, b4ae536c-ed18-4717-a75c-ca4b5d6c4001:192.168.164.213:41180], old=null
2019-10-24 15:44:00,882 [af280123-6372-4d1f-a5d4-c36229a73203@group-75C85B6D1182-LeaderElection101] INFO  impl.RaftServerImpl (RaftServerImpl.java:setRole(184)) - af280123-6372-4d1f-a5d4-c36229a73203@group-75C85B6D1182: changes role from CANDIDATE to FOLLOWER at term 90 for DISCOVERED_A_NEW_TERM
2019-10-24 15:44:00,883 [af280123-6372-4d1f-a5d4-c36229a73203@group-75C85B6D1182-LeaderElection101] INFO  impl.RoleInfo (RoleInfo.java:shutdownLeaderElection(134)) - af280123-6372-4d1f-a5d4-c36229a73203: shutdown LeaderElection
2019-10-24 15:44:00,883 [af280123-6372-4d1f-a5d4-c36229a73203@group-75C85B6D1182-LeaderElection101] INFO  impl.RoleInfo (RoleInfo.java:updateAndGet(143)) - af280123-6372-4d1f-a5d4-c36229a73203: start FollowerState
2019-10-24 15:44:01,045 [Thread-1180] INFO  impl.FollowerState (FollowerState.java:run(108)) - af280123-6372-4d1f-a5d4-c36229a73203@group-75C85B6D1182-FollowerState: change to CANDIDATE, lastRpcTime:162ms, electionTimeout:162ms
2019-10-24 15:44:01,046 [Thread-1180] INFO  impl.RoleInfo (RoleInfo.java:shutdownFollowerState(121)) - af280123-6372-4d1f-a5d4-c36229a73203: shutdown FollowerState
2019-10-24 15:44:01,046 [Thread-1180] INFO  impl.RaftServerImpl (RaftServerImpl.java:setRole(184)) - af280123-6372-4d1f-a5d4-c36229a73203@group-75C85B6D1182: changes role from  FOLLOWER to CANDIDATE at term 90 for changeToCandidate
2019-10-24 15:44:01,046 [Thread-1180] INFO  impl.RoleInfo (RoleInfo.java:updateAndGet(143)) - af280123-6372-4d1f-a5d4-c36229a73203: start LeaderElection
2019-10-24 15:44:01,058 [af280123-6372-4d1f-a5d4-c36229a73203@group-75C85B6D1182-LeaderElection102] INFO  impl.LeaderElection (LeaderElection.java:askForVotes(178)) - af280123-6372-4d1f-a5d4-c36229a73203@group-75C85B6D1182-LeaderElection102: begin an election at term 91 for -1: [9092f221-0e0d-4970-bb84-cacd95020f21:192.168.164.213:41903, af280123-6372-4d1f-a5d4-c36229a73203:192.168.164.213:35334, b4ae536c-ed18-4717-a75c-ca4b5d6c4001:192.168.164.213:41180], old=null
2019-10-24 15:44:01,060 [grpc-default-executor-4] INFO  impl.RaftServerImpl (RaftServerImpl.java:setRole(184)) - b4ae536c-ed18-4717-a75c-ca4b5d6c4001@group-75C85B6D1182: changes role from  FOLLOWER to FOLLOWER at term 91 for recognizeCandidate:af280123-6372-4d1f-a5d4-c36229a73203
2019-10-24 15:44:01,060 [grpc-default-executor-5] INFO  impl.RaftServerImpl (RaftServerImpl.java:setRole(184)) - 9092f221-0e0d-4970-bb84-cacd95020f21@group-75C85B6D1182: changes role from  FOLLOWER to FOLLOWER at term 91 for recognizeCandidate:af280123-6372-4d1f-a5d4-c36229a73203
2019-10-24 15:44:01,060 [grpc-default-executor-4] INFO  impl.RoleInfo (RoleInfo.java:shutdownFollowerState(121)) - b4ae536c-ed18-4717-a75c-ca4b5d6c4001: shutdown FollowerState
2019-10-24 15:44:01,061 [grpc-default-executor-5] INFO  impl.RoleInfo (RoleInfo.java:shutdownFollowerState(121)) - 9092f221-0e0d-4970-bb84-cacd95020f21: shutdown FollowerState
2019-10-24 15:44:01,061 [grpc-default-executor-4] INFO  impl.RoleInfo (RoleInfo.java:updateAndGet(143)) - b4ae536c-ed18-4717-a75c-ca4b5d6c4001: start FollowerState
2019-10-24 15:44:01,061 [Thread-1179] INFO  impl.FollowerState (FollowerState.java:run(117)) - b4ae536c-ed18-4717-a75c-ca4b5d6c4001@group-75C85B6D1182-FollowerState was interrupted: java.lang.InterruptedException: sleep interrupted
2019-10-24 15:44:01,061 [grpc-default-executor-5] INFO  impl.RoleInfo (RoleInfo.java:updateAndGet(143)) - 9092f221-0e0d-4970-bb84-cacd95020f21: start FollowerState
2019-10-24 15:44:01,061 [Thread-1178] INFO  impl.FollowerState (FollowerState.java:run(117)) - 9092f221-0e0d-4970-bb84-cacd95020f21@group-75C85B6D1182-FollowerState was interrupted: java.lang.InterruptedException: sleep interrupted
2019-10-24 15:44:01,068 [af280123-6372-4d1f-a5d4-c36229a73203@group-75C85B6D1182-LeaderElection102] INFO  impl.LeaderElection (LeaderElection.java:logAndReturn(56)) - af280123-6372-4d1f-a5d4-c36229a73203@group-75C85B6D1182-LeaderElection102: Election REJECTED; received 2 response(s) [af280123-6372-4d1f-a5d4-c36229a73203<-9092f221-0e0d-4970-bb84-cacd95020f21#0:FAIL-t91, af280123-6372-4d1f-a5d4-c36229a73203<-b4ae536c-ed18-4717-a75c-ca4b5d6c4001#0:FAIL-t91] and 0 exception(s); af280123-6372-4d1f-a5d4-c36229a73203@group-75C85B6D1182:t91, leader=null, voted=af280123-6372-4d1f-a5d4-c36229a73203, raftlog=af280123-6372-4d1f-a5d4-c36229a73203@group-75C85B6D1182-SegmentedRaftLog:OPENED:c-1,f-1,i0, conf=-1: [9092f221-0e0d-4970-bb84-cacd95020f21:192.168.164.213:41903, af280123-6372-4d1f-a5d4-c36229a73203:192.168.164.213:35334, b4ae536c-ed18-4717-a75c-ca4b5d6c4001:192.168.164.213:41180], old=null
2019-10-24 15:44:01,068 [af280123-6372-4d1f-a5d4-c36229a73203@group-75C85B6D1182-LeaderElection102] INFO  impl.RaftServerImpl (RaftServerImpl.java:setRole(184)) - af280123-6372-4d1f-a5d4-c36229a73203@group-75C85B6D1182: changes role from CANDIDATE to FOLLOWER at term 91 for DISCOVERED_A_NEW_TERM
2019-10-24 15:44:01,068 [af280123-6372-4d1f-a5d4-c36229a73203@group-75C85B6D1182-LeaderElection102] INFO  impl.RoleInfo (RoleInfo.java:shutdownLeaderElection(134)) - af280123-6372-4d1f-a5d4-c36229a73203: shutdown LeaderElection
2019-10-24 15:44:01,068 [af280123-6372-4d1f-a5d4-c36229a73203@group-75C85B6D1182-LeaderElection102] INFO  impl.RoleInfo (RoleInfo.java:updateAndGet(143)) - af280123-6372-4d1f-a5d4-c36229a73203: start FollowerState
2019-10-24 15:44:01,227 [Thread-1186] INFO  impl.FollowerState (FollowerState.java:run(108)) - af280123-6372-4d1f-a5d4-c36229a73203@group-75C85B6D1182-FollowerState: change to CANDIDATE, lastRpcTime:159ms, electionTimeout:159ms
2019-10-24 15:44:01,228 [Thread-1186] INFO  impl.RoleInfo (RoleInfo.java:shutdownFollowerState(121)) - af280123-6372-4d1f-a5d4-c36229a73203: shutdown FollowerState
2019-10-24 15:44:01,228 [Thread-1186] INFO  impl.RaftServerImpl (RaftServerImpl.java:setRole(184)) - af280123-6372-4d1f-a5d4-c36229a73203@group-75C85B6D1182: changes role from  FOLLOWER to CANDIDATE at term 91 for changeToCandidate
2019-10-24 15:44:01,228 [Thread-1186] INFO  impl.RoleInfo (RoleInfo.java:updateAndGet(143)) - af280123-6372-4d1f-a5d4-c36229a73203: start LeaderElection
2019-10-24 15:44:01,242 [af280123-6372-4d1f-a5d4-c36229a73203@group-75C85B6D1182-LeaderElection103] INFO  impl.LeaderElection (LeaderElection.java:askForVotes(178)) - af280123-6372-4d1f-a5d4-c36229a73203@group-75C85B6D1182-LeaderElection103: begin an election at term 92 for -1: [9092f221-0e0d-4970-bb84-cacd95020f21:192.168.164.213:41903, af280123-6372-4d1f-a5d4-c36229a73203:192.168.164.213:35334, b4ae536c-ed18-4717-a75c-ca4b5d6c4001:192.168.164.213:41180], old=null
2019-10-24 15:44:01,245 [grpc-default-executor-5] INFO  impl.RaftServerImpl (RaftServerImpl.java:setRole(184)) - 9092f221-0e0d-4970-bb84-cacd95020f21@group-75C85B6D1182: changes role from  FOLLOWER to FOLLOWER at term 92 for recognizeCandidate:af280123-6372-4d1f-a5d4-c36229a73203
2019-10-24 15:44:01,245 [grpc-default-executor-4] INFO  impl.RaftServerImpl (RaftServerImpl.java:setRole(184)) - b4ae536c-ed18-4717-a75c-ca4b5d6c4001@group-75C85B6D1182: changes role from  FOLLOWER to FOLLOWER at term 92 for recognizeCandidate:af280123-6372-4d1f-a5d4-c36229a73203
2019-10-24 15:44:01,245 [grpc-default-executor-5] INFO  impl.RoleInfo (RoleInfo.java:shutdownFollowerState(121)) - 9092f221-0e0d-4970-bb84-cacd95020f21: shutdown FollowerState
2019-10-24 15:44:01,245 [grpc-default-executor-4] INFO  impl.RoleInfo (RoleInfo.java:shutdownFollowerState(121)) - b4ae536c-ed18-4717-a75c-ca4b5d6c4001: shutdown FollowerState
2019-10-24 15:44:01,245 [grpc-default-executor-5] INFO  impl.RoleInfo (RoleInfo.java:updateAndGet(143)) - 9092f221-0e0d-4970-bb84-cacd95020f21: start FollowerState
2019-10-24 15:44:01,245 [Thread-1184] INFO  impl.FollowerState (FollowerState.java:run(117)) - b4ae536c-ed18-4717-a75c-ca4b5d6c4001@group-75C85B6D1182-FollowerState was interrupted: java.lang.InterruptedException: sleep interrupted
2019-10-24 15:44:01,245 [grpc-default-executor-4] INFO  impl.RoleInfo (RoleInfo.java:updateAndGet(143)) - b4ae536c-ed18-4717-a75c-ca4b5d6c4001: start FollowerState
2019-10-24 15:44:01,245 [Thread-1185] INFO  impl.FollowerState (FollowerState.java:run(117)) - 9092f221-0e0d-4970-bb84-cacd95020f21@group-75C85B6D1182-FollowerState was interrupted: java.lang.InterruptedException: sleep interrupted
2019-10-24 15:44:01,259 [af280123-6372-4d1f-a5d4-c36229a73203@group-75C85B6D1182-LeaderElection103] INFO  impl.LeaderElection (LeaderElection.java:logAndReturn(56)) - af280123-6372-4d1f-a5d4-c36229a73203@group-75C85B6D1182-LeaderElection103: Election REJECTED; received 2 response(s) [af280123-6372-4d1f-a5d4-c36229a73203<-9092f221-0e0d-4970-bb84-cacd95020f21#0:FAIL-t92, af280123-6372-4d1f-a5d4-c36229a73203<-b4ae536c-ed18-4717-a75c-ca4b5d6c4001#0:FAIL-t92] and 0 exception(s); af280123-6372-4d1f-a5d4-c36229a73203@group-75C85B6D1182:t92, leader=null, voted=af280123-6372-4d1f-a5d4-c36229a73203, raftlog=af280123-6372-4d1f-a5d4-c36229a73203@group-75C85B6D1182-SegmentedRaftLog:OPENED:c-1,f-1,i0, conf=-1: [9092f221-0e0d-4970-bb84-cacd95020f21:192.168.164.213:41903, af280123-6372-4d1f-a5d4-c36229a73203:192.168.164.213:35334, b4ae536c-ed18-4717-a75c-ca4b5d6c4001:192.168.164.213:41180], old=null
2019-10-24 15:44:01,260 [af280123-6372-4d1f-a5d4-c36229a73203@group-75C85B6D1182-LeaderElection103] INFO  impl.RaftServerImpl (RaftServerImpl.java:setRole(184)) - af280123-6372-4d1f-a5d4-c36229a73203@group-75C85B6D1182: changes role from CANDIDATE to FOLLOWER at term 92 for DISCOVERED_A_NEW_TERM
2019-10-24 15:44:01,260 [af280123-6372-4d1f-a5d4-c36229a73203@group-75C85B6D1182-LeaderElection103] INFO  impl.RoleInfo (RoleInfo.java:shutdownLeaderElection(134)) - af280123-6372-4d1f-a5d4-c36229a73203: shutdown LeaderElection
2019-10-24 15:44:01,260 [af280123-6372-4d1f-a5d4-c36229a73203@group-75C85B6D1182-LeaderElection103] INFO  impl.RoleInfo (RoleInfo.java:updateAndGet(143)) - af280123-6372-4d1f-a5d4-c36229a73203: start FollowerState
2019-10-24 15:44:01,399 [Thread-1194] INFO  impl.FollowerState (FollowerState.java:run(108)) - af280123-6372-4d1f-a5d4-c36229a73203@group-75C85B6D1182-FollowerState: change to CANDIDATE, lastRpcTime:138ms, electionTimeout:138ms
2019-10-24 15:44:01,399 [Thread-1194] INFO  impl.RoleInfo (RoleInfo.java:shutdownFollowerState(121)) - af280123-6372-4d1f-a5d4-c36229a73203: shutdown FollowerState
2019-10-24 15:44:01,399 [Thread-1194] INFO  impl.RaftServerImpl (RaftServerImpl.java:setRole(184)) - af280123-6372-4d1f-a5d4-c36229a73203@group-75C85B6D1182: changes role from  FOLLOWER to CANDIDATE at term 92 for changeToCandidate
2019-10-24 15:44:01,399 [Thread-1194] INFO  impl.RoleInfo (RoleInfo.java:updateAndGet(143)) - af280123-6372-4d1f-a5d4-c36229a73203: start LeaderElection
2019-10-24 15:44:01,412 [af280123-6372-4d1f-a5d4-c36229a73203@group-75C85B6D1182-LeaderElection104] INFO  impl.LeaderElection (LeaderElection.java:askForVotes(178)) - af280123-6372-4d1f-a5d4-c36229a73203@group-75C85B6D1182-LeaderElection104: begin an election at term 93 for -1: [9092f221-0e0d-4970-bb84-cacd95020f21:192.168.164.213:41903, af280123-6372-4d1f-a5d4-c36229a73203:192.168.164.213:35334, b4ae536c-ed18-4717-a75c-ca4b5d6c4001:192.168.164.213:41180], old=null
2019-10-24 15:44:01,602 [af280123-6372-4d1f-a5d4-c36229a73203@group-75C85B6D1182-LeaderElection104] INFO  impl.LeaderElection (LeaderElection.java:logAndReturn(56)) - af280123-6372-4d1f-a5d4-c36229a73203@group-75C85B6D1182-LeaderElection104: Election TIMEOUT; received 0 response(s) [] and 0 exception(s); af280123-6372-4d1f-a5d4-c36229a73203@group-75C85B6D1182:t93, leader=null, voted=af280123-6372-4d1f-a5d4-c36229a73203, raftlog=af280123-6372-4d1f-a5d4-c36229a73203@group-75C85B6D1182-SegmentedRaftLog:OPENED:c-1,f-1,i0, conf=-1: [9092f221-0e0d-4970-bb84-cacd95020f21:192.168.164.213:41903, af280123-6372-4d1f-a5d4-c36229a73203:192.168.164.213:35334, b4ae536c-ed18-4717-a75c-ca4b5d6c4001:192.168.164.213:41180], old=null
2019-10-24 15:44:01,604 [grpc-default-executor-4] INFO  impl.RaftServerImpl (RaftServerImpl.java:setRole(184)) - 9092f221-0e0d-4970-bb84-cacd95020f21@group-75C85B6D1182: changes role from  FOLLOWER to FOLLOWER at term 93 for recognizeCandidate:af280123-6372-4d1f-a5d4-c36229a73203
2019-10-24 15:44:01,604 [grpc-default-executor-5] INFO  impl.RaftServerImpl (RaftServerImpl.java:setRole(184)) - b4ae536c-ed18-4717-a75c-ca4b5d6c4001@group-75C85B6D1182: changes role from  FOLLOWER to FOLLOWER at term 93 for recognizeCandidate:af280123-6372-4d1f-a5d4-c36229a73203
2019-10-24 15:44:01,604 [grpc-default-executor-4] INFO  impl.RoleInfo (RoleInfo.java:shutdownFollowerState(121)) - 9092f221-0e0d-4970-bb84-cacd95020f21: shutdown FollowerState
2019-10-24 15:44:01,604 [grpc-default-executor-5] INFO  impl.RoleInfo (RoleInfo.java:shutdownFollowerState(121)) - b4ae536c-ed18-4717-a75c-ca4b5d6c4001: shutdown FollowerState
2019-10-24 15:44:01,604 [grpc-default-executor-4] INFO  impl.RoleInfo (RoleInfo.java:updateAndGet(143)) - 9092f221-0e0d-4970-bb84-cacd95020f21: start FollowerState
2019-10-24 15:44:01,604 [Thread-1193] INFO  impl.FollowerState (FollowerState.java:run(117)) - b4ae536c-ed18-4717-a75c-ca4b5d6c4001@group-75C85B6D1182-FollowerState was interrupted: java.lang.InterruptedException: sleep interrupted
2019-10-24 15:44:01,604 [Thread-1192] INFO  impl.FollowerState (FollowerState.java:run(117)) - 9092f221-0e0d-4970-bb84-cacd95020f21@group-75C85B6D1182-FollowerState was interrupted: java.lang.InterruptedException: sleep interrupted
2019-10-24 15:44:01,604 [grpc-default-executor-5] INFO  impl.RoleInfo (RoleInfo.java:updateAndGet(143)) - b4ae536c-ed18-4717-a75c-ca4b5d6c4001: start FollowerState
2019-10-24 15:44:01,616 [af280123-6372-4d1f-a5d4-c36229a73203@group-75C85B6D1182-LeaderElection104] INFO  impl.LeaderElection (LeaderElection.java:askForVotes(178)) - af280123-6372-4d1f-a5d4-c36229a73203@group-75C85B6D1182-LeaderElection104: begin an election at term 94 for -1: [9092f221-0e0d-4970-bb84-cacd95020f21:192.168.164.213:41903, af280123-6372-4d1f-a5d4-c36229a73203:192.168.164.213:35334, b4ae536c-ed18-4717-a75c-ca4b5d6c4001:192.168.164.213:41180], old=null
2019-10-24 15:44:01,621 [grpc-default-executor-5] INFO  impl.RaftServerImpl (RaftServerImpl.java:setRole(184)) - b4ae536c-ed18-4717-a75c-ca4b5d6c4001@group-75C85B6D1182: changes role from  FOLLOWER to FOLLOWER at term 94 for recognizeCandidate:af280123-6372-4d1f-a5d4-c36229a73203
2019-10-24 15:44:01,621 [grpc-default-executor-4] INFO  impl.RaftServerImpl (RaftServerImpl.java:setRole(184)) - 9092f221-0e0d-4970-bb84-cacd95020f21@group-75C85B6D1182: changes role from  FOLLOWER to FOLLOWER at term 94 for recognizeCandidate:af280123-6372-4d1f-a5d4-c36229a73203
2019-10-24 15:44:01,622 [grpc-default-executor-5] INFO  impl.RoleInfo (RoleInfo.java:shutdownFollowerState(121)) - b4ae536c-ed18-4717-a75c-ca4b5d6c4001: shutdown FollowerState
2019-10-24 15:44:01,622 [grpc-default-executor-4] INFO  impl.RoleInfo (RoleInfo.java:shutdownFollowerState(121)) - 9092f221-0e0d-4970-bb84-cacd95020f21: shutdown FollowerState
2019-10-24 15:44:01,622 [grpc-default-executor-5] INFO  impl.RoleInfo (RoleInfo.java:updateAndGet(143)) - b4ae536c-ed18-4717-a75c-ca4b5d6c4001: start FollowerState
2019-10-24 15:44:01,622 [Thread-1202] INFO  impl.FollowerState (FollowerState.java:run(117)) - 9092f221-0e0d-4970-bb84-cacd95020f21@group-75C85B6D1182-FollowerState was interrupted: java.lang.InterruptedException: sleep interrupted
2019-10-24 15:44:01,622 [grpc-default-executor-4] INFO  impl.RoleInfo (RoleInfo.java:updateAndGet(143)) - 9092f221-0e0d-4970-bb84-cacd95020f21: start FollowerState
2019-10-24 15:44:01,622 [Thread-1203] INFO  impl.FollowerState (FollowerState.java:run(117)) - b4ae536c-ed18-4717-a75c-ca4b5d6c4001@group-75C85B6D1182-FollowerState was interrupted: java.lang.InterruptedException: sleep interrupted
2019-10-24 15:44:01,636 [af280123-6372-4d1f-a5d4-c36229a73203@group-75C85B6D1182-LeaderElection104] INFO  impl.LeaderElection (LeaderElection.java:logAndReturn(56)) - af280123-6372-4d1f-a5d4-c36229a73203@group-75C85B6D1182-LeaderElection104: Election REJECTED; received 2 response(s) [af280123-6372-4d1f-a5d4-c36229a73203<-9092f221-0e0d-4970-bb84-cacd95020f21#0:FAIL-t94, af280123-6372-4d1f-a5d4-c36229a73203<-b4ae536c-ed18-4717-a75c-ca4b5d6c4001#0:FAIL-t94] and 0 exception(s); af280123-6372-4d1f-a5d4-c36229a73203@group-75C85B6D1182:t94, leader=null, voted=af280123-6372-4d1f-a5d4-c36229a73203, raftlog=af280123-6372-4d1f-a5d4-c36229a73203@group-75C85B6D1182-SegmentedRaftLog:OPENED:c-1,f-1,i0, conf=-1: [9092f221-0e0d-4970-bb84-cacd95020f21:192.168.164.213:41903, af280123-6372-4d1f-a5d4-c36229a73203:192.168.164.213:35334, b4ae536c-ed18-4717-a75c-ca4b5d6c4001:192.168.164.213:41180], old=null
2019-10-24 15:44:01,636 [af280123-6372-4d1f-a5d4-c36229a73203@group-75C85B6D1182-LeaderElection104] INFO  impl.RaftServerImpl (RaftServerImpl.java:setRole(184)) - af280123-6372-4d1f-a5d4-c36229a73203@group-75C85B6D1182: changes role from CANDIDATE to FOLLOWER at term 94 for DISCOVERED_A_NEW_TERM
2019-10-24 15:44:01,636 [af280123-6372-4d1f-a5d4-c36229a73203@group-75C85B6D1182-LeaderElection104] INFO  impl.RoleInfo (RoleInfo.java:shutdownLeaderElection(134)) - af280123-6372-4d1f-a5d4-c36229a73203: shutdown LeaderElection
2019-10-24 15:44:01,636 [af280123-6372-4d1f-a5d4-c36229a73203@group-75C85B6D1182-LeaderElection104] INFO  impl.RoleInfo (RoleInfo.java:updateAndGet(143)) - af280123-6372-4d1f-a5d4-c36229a73203: start FollowerState
2019-10-24 15:44:01,819 [Thread-1208] INFO  impl.FollowerState (FollowerState.java:run(108)) - af280123-6372-4d1f-a5d4-c36229a73203@group-75C85B6D1182-FollowerState: change to CANDIDATE, lastRpcTime:183ms, electionTimeout:183ms
2019-10-24 15:44:01,820 [Thread-1208] INFO  impl.RoleInfo (RoleInfo.java:shutdownFollowerState(121)) - af280123-6372-4d1f-a5d4-c36229a73203: shutdown FollowerState
2019-10-24 15:44:01,820 [Thread-1208] INFO  impl.RaftServerImpl (RaftServerImpl.java:setRole(184)) - af280123-6372-4d1f-a5d4-c36229a73203@group-75C85B6D1182: changes role from  FOLLOWER to CANDIDATE at term 94 for changeToCandidate
2019-10-24 15:44:01,820 [Thread-1208] INFO  impl.RoleInfo (RoleInfo.java:updateAndGet(143)) - af280123-6372-4d1f-a5d4-c36229a73203: start LeaderElection
2019-10-24 15:44:01,834 [af280123-6372-4d1f-a5d4-c36229a73203@group-75C85B6D1182-LeaderElection105] INFO  impl.LeaderElection (LeaderElection.java:askForVotes(178)) - af280123-6372-4d1f-a5d4-c36229a73203@group-75C85B6D1182-LeaderElection105: begin an election at term 95 for -1: [9092f221-0e0d-4970-bb84-cacd95020f21:192.168.164.213:41903, af280123-6372-4d1f-a5d4-c36229a73203:192.168.164.213:35334, b4ae536c-ed18-4717-a75c-ca4b5d6c4001:192.168.164.213:41180], old=null
2019-10-24 15:44:01,837 [grpc-default-executor-5] INFO  impl.RaftServerImpl (RaftServerImpl.java:setRole(184)) - 9092f221-0e0d-4970-bb84-cacd95020f21@group-75C85B6D1182: changes role from  FOLLOWER to FOLLOWER at term 95 for recognizeCandidate:af280123-6372-4d1f-a5d4-c36229a73203
2019-10-24 15:44:01,838 [grpc-default-executor-5] INFO  impl.RoleInfo (RoleInfo.java:shutdownFollowerState(121)) - 9092f221-0e0d-4970-bb84-cacd95020f21: shutdown FollowerState
2019-10-24 15:44:01,838 [grpc-default-executor-4] INFO  impl.RaftServerImpl (RaftServerImpl.java:setRole(184)) - b4ae536c-ed18-4717-a75c-ca4b5d6c4001@group-75C85B6D1182: changes role from  FOLLOWER to FOLLOWER at term 95 for recognizeCandidate:af280123-6372-4d1f-a5d4-c36229a73203
2019-10-24 15:44:01,838 [Thread-1207] INFO  impl.FollowerState (FollowerState.java:run(117)) - 9092f221-0e0d-4970-bb84-cacd95020f21@group-75C85B6D1182-FollowerState was interrupted: java.lang.InterruptedException: sleep interrupted
2019-10-24 15:44:01,838 [grpc-default-executor-5] INFO  impl.RoleInfo (RoleInfo.java:updateAndGet(143)) - 9092f221-0e0d-4970-bb84-cacd95020f21: start FollowerState
2019-10-24 15:44:01,838 [grpc-default-executor-4] INFO  impl.RoleInfo (RoleInfo.java:shutdownFollowerState(121)) - b4ae536c-ed18-4717-a75c-ca4b5d6c4001: shutdown FollowerState
2019-10-24 15:44:01,838 [grpc-default-executor-4] INFO  impl.RoleInfo (RoleInfo.java:updateAndGet(143)) - b4ae536c-ed18-4717-a75c-ca4b5d6c4001: start FollowerState
2019-10-24 15:44:01,838 [Thread-1206] INFO  impl.FollowerState (FollowerState.java:run(117)) - b4ae536c-ed18-4717-a75c-ca4b5d6c4001@group-75C85B6D1182-FollowerState was interrupted: java.lang.InterruptedException: sleep interrupted
2019-10-24 15:44:01,853 [af280123-6372-4d1f-a5d4-c36229a73203@group-75C85B6D1182-LeaderElection105] INFO  impl.LeaderElection (LeaderElection.java:logAndReturn(56)) - af280123-6372-4d1f-a5d4-c36229a73203@group-75C85B6D1182-LeaderElection105: Election REJECTED; received 2 response(s) [af280123-6372-4d1f-a5d4-c36229a73203<-9092f221-0e0d-4970-bb84-cacd95020f21#0:FAIL-t95, af280123-6372-4d1f-a5d4-c36229a73203<-b4ae536c-ed18-4717-a75c-ca4b5d6c4001#0:FAIL-t95] and 0 exception(s); af280123-6372-4d1f-a5d4-c36229a73203@group-75C85B6D1182:t95, leader=null, voted=af280123-6372-4d1f-a5d4-c36229a73203, raftlog=af280123-6372-4d1f-a5d4-c36229a73203@group-75C85B6D1182-SegmentedRaftLog:OPENED:c-1,f-1,i0, conf=-1: [9092f221-0e0d-4970-bb84-cacd95020f21:192.168.164.213:41903, af280123-6372-4d1f-a5d4-c36229a73203:192.168.164.213:35334, b4ae536c-ed18-4717-a75c-ca4b5d6c4001:192.168.164.213:41180], old=null
2019-10-24 15:44:01,853 [af280123-6372-4d1f-a5d4-c36229a73203@group-75C85B6D1182-LeaderElection105] INFO  impl.RaftServerImpl (RaftServerImpl.java:setRole(184)) - af280123-6372-4d1f-a5d4-c36229a73203@group-75C85B6D1182: changes role from CANDIDATE to FOLLOWER at term 95 for DISCOVERED_A_NEW_TERM
2019-10-24 15:44:01,853 [af280123-6372-4d1f-a5d4-c36229a73203@group-75C85B6D1182-LeaderElection105] INFO  impl.RoleInfo (RoleInfo.java:shutdownLeaderElection(134)) - af280123-6372-4d1f-a5d4-c36229a73203: shutdown LeaderElection
2019-10-24 15:44:01,854 [af280123-6372-4d1f-a5d4-c36229a73203@group-75C85B6D1182-LeaderElection105] INFO  impl.RoleInfo (RoleInfo.java:updateAndGet(143)) - af280123-6372-4d1f-a5d4-c36229a73203: start FollowerState
2019-10-24 15:44:01,860 [Thread-1216] INFO  impl.FollowerState (FollowerState.java:run(108)) - af280123-6372-4d1f-a5d4-c36229a73203@group-75C85B6D1182-FollowerState: change to CANDIDATE, lastRpcTime:6ms, electionTimeout:6ms
2019-10-24 15:44:01,860 [Thread-1216] INFO  impl.RoleInfo (RoleInfo.java:shutdownFollowerState(121)) - af280123-6372-4d1f-a5d4-c36229a73203: shutdown FollowerState
2019-10-24 15:44:01,860 [Thread-1216] INFO  impl.RaftServerImpl (RaftServerImpl.java:setRole(184)) - af280123-6372-4d1f-a5d4-c36229a73203@group-75C85B6D1182: changes role from  FOLLOWER to CANDIDATE at term 95 for changeToCandidate
2019-10-24 15:44:01,861 [Thread-1216] INFO  impl.RoleInfo (RoleInfo.java:updateAndGet(143)) - af280123-6372-4d1f-a5d4-c36229a73203: start LeaderElection
2019-10-24 15:44:01,873 [af280123-6372-4d1f-a5d4-c36229a73203@group-75C85B6D1182-LeaderElection106] INFO  impl.LeaderElection (LeaderElection.java:askForVotes(178)) - af280123-6372-4d1f-a5d4-c36229a73203@group-75C85B6D1182-LeaderElection106: begin an election at term 96 for -1: [9092f221-0e0d-4970-bb84-cacd95020f21:192.168.164.213:41903, af280123-6372-4d1f-a5d4-c36229a73203:192.168.164.213:35334, b4ae536c-ed18-4717-a75c-ca4b5d6c4001:192.168.164.213:41180], old=null
2019-10-24 15:44:01,877 [grpc-default-executor-4] INFO  impl.RaftServerImpl (RaftServerImpl.java:setRole(184)) - 9092f221-0e0d-4970-bb84-cacd95020f21@group-75C85B6D1182: changes role from  FOLLOWER to FOLLOWER at term 96 for recognizeCandidate:af280123-6372-4d1f-a5d4-c36229a73203
2019-10-24 15:44:01,877 [grpc-default-executor-5] INFO  impl.RaftServerImpl (RaftServerImpl.java:setRole(184)) - b4ae536c-ed18-4717-a75c-ca4b5d6c4001@group-75C85B6D1182: changes role from  FOLLOWER to FOLLOWER at term 96 for recognizeCandidate:af280123-6372-4d1f-a5d4-c36229a73203
2019-10-24 15:44:01,877 [grpc-default-executor-4] INFO  impl.RoleInfo (RoleInfo.java:shutdownFollowerState(121)) - 9092f221-0e0d-4970-bb84-cacd95020f21: shutdown FollowerState
2019-10-24 15:44:01,877 [grpc-default-executor-5] INFO  impl.RoleInfo (RoleInfo.java:shutdownFollowerState(121)) - b4ae536c-ed18-4717-a75c-ca4b5d6c4001: shutdown FollowerState
2019-10-24 15:44:01,877 [grpc-default-executor-4] INFO  impl.RoleInfo (RoleInfo.java:updateAndGet(143)) - 9092f221-0e0d-4970-bb84-cacd95020f21: start FollowerState
2019-10-24 15:44:01,878 [Thread-1215] INFO  impl.FollowerState (FollowerState.java:run(117)) - b4ae536c-ed18-4717-a75c-ca4b5d6c4001@group-75C85B6D1182-FollowerState was interrupted: java.lang.InterruptedException: sleep interrupted
2019-10-24 15:44:01,877 [Thread-1214] INFO  impl.FollowerState (FollowerState.java:run(117)) - 9092f221-0e0d-4970-bb84-cacd95020f21@group-75C85B6D1182-FollowerState was interrupted: java.lang.InterruptedException: sleep interrupted
2019-10-24 15:44:01,877 [grpc-default-executor-5] INFO  impl.RoleInfo (RoleInfo.java:updateAndGet(143)) - b4ae536c-ed18-4717-a75c-ca4b5d6c4001: start FollowerState
2019-10-24 15:44:01,892 [af280123-6372-4d1f-a5d4-c36229a73203@group-75C85B6D1182-LeaderElection106] INFO  impl.LeaderElection (LeaderElection.java:logAndReturn(56)) - af280123-6372-4d1f-a5d4-c36229a73203@group-75C85B6D1182-LeaderElection106: Election REJECTED; received 2 response(s) [af280123-6372-4d1f-a5d4-c36229a73203<-9092f221-0e0d-4970-bb84-cacd95020f21#0:FAIL-t96, af280123-6372-4d1f-a5d4-c36229a73203<-b4ae536c-ed18-4717-a75c-ca4b5d6c4001#0:FAIL-t96] and 0 exception(s); af280123-6372-4d1f-a5d4-c36229a73203@group-75C85B6D1182:t96, leader=null, voted=af280123-6372-4d1f-a5d4-c36229a73203, raftlog=af280123-6372-4d1f-a5d4-c36229a73203@group-75C85B6D1182-SegmentedRaftLog:OPENED:c-1,f-1,i0, conf=-1: [9092f221-0e0d-4970-bb84-cacd95020f21:192.168.164.213:41903, af280123-6372-4d1f-a5d4-c36229a73203:192.168.164.213:35334, b4ae536c-ed18-4717-a75c-ca4b5d6c4001:192.168.164.213:41180], old=null
2019-10-24 15:44:01,893 [af280123-6372-4d1f-a5d4-c36229a73203@group-75C85B6D1182-LeaderElection106] INFO  impl.RaftServerImpl (RaftServerImpl.java:setRole(184)) - af280123-6372-4d1f-a5d4-c36229a73203@group-75C85B6D1182: changes role from CANDIDATE to FOLLOWER at term 96 for DISCOVERED_A_NEW_TERM
2019-10-24 15:44:01,893 [af280123-6372-4d1f-a5d4-c36229a73203@group-75C85B6D1182-LeaderElection106] INFO  impl.RoleInfo (RoleInfo.java:shutdownLeaderElection(134)) - af280123-6372-4d1f-a5d4-c36229a73203: shutdown LeaderElection
2019-10-24 15:44:01,893 [af280123-6372-4d1f-a5d4-c36229a73203@group-75C85B6D1182-LeaderElection106] INFO  impl.RoleInfo (RoleInfo.java:updateAndGet(143)) - af280123-6372-4d1f-a5d4-c36229a73203: start FollowerState
2019-10-24 15:44:01,966 [Thread-1222] INFO  impl.FollowerState (FollowerState.java:run(108)) - af280123-6372-4d1f-a5d4-c36229a73203@group-75C85B6D1182-FollowerState: change to CANDIDATE, lastRpcTime:73ms, electionTimeout:73ms
2019-10-24 15:44:01,966 [Thread-1222] INFO  impl.RoleInfo (RoleInfo.java:shutdownFollowerState(121)) - af280123-6372-4d1f-a5d4-c36229a73203: shutdown FollowerState
2019-10-24 15:44:01,967 [Thread-1222] INFO  impl.RaftServerImpl (RaftServerImpl.java:setRole(184)) - af280123-6372-4d1f-a5d4-c36229a73203@group-75C85B6D1182: changes role from  FOLLOWER to CANDIDATE at term 96 for changeToCandidate
2019-10-24 15:44:01,967 [Thread-1222] INFO  impl.RoleInfo (RoleInfo.java:updateAndGet(143)) - af280123-6372-4d1f-a5d4-c36229a73203: start LeaderElection
2019-10-24 15:44:01,980 [af280123-6372-4d1f-a5d4-c36229a73203@group-75C85B6D1182-LeaderElection107] INFO  impl.LeaderElection (LeaderElection.java:askForVotes(178)) - af280123-6372-4d1f-a5d4-c36229a73203@group-75C85B6D1182-LeaderElection107: begin an election at term 97 for -1: [9092f221-0e0d-4970-bb84-cacd95020f21:192.168.164.213:41903, af280123-6372-4d1f-a5d4-c36229a73203:192.168.164.213:35334, b4ae536c-ed18-4717-a75c-ca4b5d6c4001:192.168.164.213:41180], old=null
2019-10-24 15:44:01,982 [grpc-default-executor-4] INFO  impl.RaftServerImpl (RaftServerImpl.java:setRole(184)) - 9092f221-0e0d-4970-bb84-cacd95020f21@group-75C85B6D1182: changes role from  FOLLOWER to FOLLOWER at term 97 for recognizeCandidate:af280123-6372-4d1f-a5d4-c36229a73203
2019-10-24 15:44:01,982 [grpc-default-executor-4] INFO  impl.RoleInfo (RoleInfo.java:shutdownFollowerState(121)) - 9092f221-0e0d-4970-bb84-cacd95020f21: shutdown FollowerState
2019-10-24 15:44:01,982 [grpc-default-executor-5] INFO  impl.RaftServerImpl (RaftServerImpl.java:setRole(184)) - b4ae536c-ed18-4717-a75c-ca4b5d6c4001@group-75C85B6D1182: changes role from  FOLLOWER to FOLLOWER at term 97 for recognizeCandidate:af280123-6372-4d1f-a5d4-c36229a73203
2019-10-24 15:44:01,983 [Thread-1220] INFO  impl.FollowerState (FollowerState.java:run(117)) - 9092f221-0e0d-4970-bb84-cacd95020f21@group-75C85B6D1182-FollowerState was interrupted: java.lang.InterruptedException: sleep interrupted
2019-10-24 15:44:01,982 [grpc-default-executor-4] INFO  impl.RoleInfo (RoleInfo.java:updateAndGet(143)) - 9092f221-0e0d-4970-bb84-cacd95020f21: start FollowerState
2019-10-24 15:44:01,983 [grpc-default-executor-5] INFO  impl.RoleInfo (RoleInfo.java:shutdownFollowerState(121)) - b4ae536c-ed18-4717-a75c-ca4b5d6c4001: shutdown FollowerState
2019-10-24 15:44:01,983 [grpc-default-executor-5] INFO  impl.RoleInfo (RoleInfo.java:updateAndGet(143)) - b4ae536c-ed18-4717-a75c-ca4b5d6c4001: start FollowerState
2019-10-24 15:44:01,983 [Thread-1221] INFO  impl.FollowerState (FollowerState.java:run(117)) - b4ae536c-ed18-4717-a75c-ca4b5d6c4001@group-75C85B6D1182-FollowerState was interrupted: java.lang.InterruptedException: sleep interrupted
2019-10-24 15:44:01,997 [af280123-6372-4d1f-a5d4-c36229a73203@group-75C85B6D1182-LeaderElection107] INFO  impl.LeaderElection (LeaderElection.java:logAndReturn(56)) - af280123-6372-4d1f-a5d4-c36229a73203@group-75C85B6D1182-LeaderElection107: Election REJECTED; received 2 response(s) [af280123-6372-4d1f-a5d4-c36229a73203<-9092f221-0e0d-4970-bb84-cacd95020f21#0:FAIL-t97, af280123-6372-4d1f-a5d4-c36229a73203<-b4ae536c-ed18-4717-a75c-ca4b5d6c4001#0:FAIL-t97] and 0 exception(s); af280123-6372-4d1f-a5d4-c36229a73203@group-75C85B6D1182:t97, leader=null, voted=af280123-6372-4d1f-a5d4-c36229a73203, raftlog=af280123-6372-4d1f-a5d4-c36229a73203@group-75C85B6D1182-SegmentedRaftLog:OPENED:c-1,f-1,i0, conf=-1: [9092f221-0e0d-4970-bb84-cacd95020f21:192.168.164.213:41903, af280123-6372-4d1f-a5d4-c36229a73203:192.168.164.213:35334, b4ae536c-ed18-4717-a75c-ca4b5d6c4001:192.168.164.213:41180], old=null
2019-10-24 15:44:01,997 [af280123-6372-4d1f-a5d4-c36229a73203@group-75C85B6D1182-LeaderElection107] INFO  impl.RaftServerImpl (RaftServerImpl.java:setRole(184)) - af280123-6372-4d1f-a5d4-c36229a73203@group-75C85B6D1182: changes role from CANDIDATE to FOLLOWER at term 97 for DISCOVERED_A_NEW_TERM
2019-10-24 15:44:01,997 [af280123-6372-4d1f-a5d4-c36229a73203@group-75C85B6D1182-LeaderElection107] INFO  impl.RoleInfo (RoleInfo.java:shutdownLeaderElection(134)) - af280123-6372-4d1f-a5d4-c36229a73203: shutdown LeaderElection
2019-10-24 15:44:01,997 [af280123-6372-4d1f-a5d4-c36229a73203@group-75C85B6D1182-LeaderElection107] INFO  impl.RoleInfo (RoleInfo.java:updateAndGet(143)) - af280123-6372-4d1f-a5d4-c36229a73203: start FollowerState
2019-10-24 15:44:02,152 [Thread-1228] INFO  impl.FollowerState (FollowerState.java:run(108)) - af280123-6372-4d1f-a5d4-c36229a73203@group-75C85B6D1182-FollowerState: change to CANDIDATE, lastRpcTime:154ms, electionTimeout:154ms
2019-10-24 15:44:02,152 [Thread-1228] INFO  impl.RoleInfo (RoleInfo.java:shutdownFollowerState(121)) - af280123-6372-4d1f-a5d4-c36229a73203: shutdown FollowerState
2019-10-24 15:44:02,152 [Thread-1228] INFO  impl.RaftServerImpl (RaftServerImpl.java:setRole(184)) - af280123-6372-4d1f-a5d4-c36229a73203@group-75C85B6D1182: changes role from  FOLLOWER to CANDIDATE at term 97 for changeToCandidate
2019-10-24 15:44:02,152 [Thread-1228] INFO  impl.RoleInfo (RoleInfo.java:updateAndGet(143)) - af280123-6372-4d1f-a5d4-c36229a73203: start LeaderElection
2019-10-24 15:44:02,166 [af280123-6372-4d1f-a5d4-c36229a73203@group-75C85B6D1182-LeaderElection108] INFO  impl.LeaderElection (LeaderElection.java:askForVotes(178)) - af280123-6372-4d1f-a5d4-c36229a73203@group-75C85B6D1182-LeaderElection108: begin an election at term 98 for -1: [9092f221-0e0d-4970-bb84-cacd95020f21:192.168.164.213:41903, af280123-6372-4d1f-a5d4-c36229a73203:192.168.164.213:35334, b4ae536c-ed18-4717-a75c-ca4b5d6c4001:192.168.164.213:41180], old=null
2019-10-24 15:44:02,169 [grpc-default-executor-4] INFO  impl.RaftServerImpl (RaftServerImpl.java:setRole(184)) - 9092f221-0e0d-4970-bb84-cacd95020f21@group-75C85B6D1182: changes role from  FOLLOWER to FOLLOWER at term 98 for recognizeCandidate:af280123-6372-4d1f-a5d4-c36229a73203
2019-10-24 15:44:02,169 [grpc-default-executor-5] INFO  impl.RaftServerImpl (RaftServerImpl.java:setRole(184)) - b4ae536c-ed18-4717-a75c-ca4b5d6c4001@group-75C85B6D1182: changes role from  FOLLOWER to FOLLOWER at term 98 for recognizeCandidate:af280123-6372-4d1f-a5d4-c36229a73203
2019-10-24 15:44:02,169 [grpc-default-executor-4] INFO  impl.RoleInfo (RoleInfo.java:shutdownFollowerState(121)) - 9092f221-0e0d-4970-bb84-cacd95020f21: shutdown FollowerState
2019-10-24 15:44:02,169 [grpc-default-executor-5] INFO  impl.RoleInfo (RoleInfo.java:shutdownFollowerState(121)) - b4ae536c-ed18-4717-a75c-ca4b5d6c4001: shutdown FollowerState
2019-10-24 15:44:02,169 [grpc-default-executor-4] INFO  impl.RoleInfo (RoleInfo.java:updateAndGet(143)) - 9092f221-0e0d-4970-bb84-cacd95020f21: start FollowerState
2019-10-24 15:44:02,169 [Thread-1227] INFO  impl.FollowerState (FollowerState.java:run(117)) - b4ae536c-ed18-4717-a75c-ca4b5d6c4001@group-75C85B6D1182-FollowerState was interrupted: java.lang.InterruptedException: sleep interrupted
2019-10-24 15:44:02,169 [grpc-default-executor-5] INFO  impl.RoleInfo (RoleInfo.java:updateAndGet(143)) - b4ae536c-ed18-4717-a75c-ca4b5d6c4001: start FollowerState
2019-10-24 15:44:02,169 [Thread-1226] INFO  impl.FollowerState (FollowerState.java:run(117)) - 9092f221-0e0d-4970-bb84-cacd95020f21@group-75C85B6D1182-FollowerState was interrupted: java.lang.InterruptedException: sleep interrupted
2019-10-24 15:44:02,175 [af280123-6372-4d1f-a5d4-c36229a73203@group-75C85B6D1182-LeaderElection108] INFO  impl.LeaderElection (LeaderElection.java:logAndReturn(56)) - af280123-6372-4d1f-a5d4-c36229a73203@group-75C85B6D1182-LeaderElection108: Election TIMEOUT; received 0 response(s) [] and 0 exception(s); af280123-6372-4d1f-a5d4-c36229a73203@group-75C85B6D1182:t98, leader=null, voted=af280123-6372-4d1f-a5d4-c36229a73203, raftlog=af280123-6372-4d1f-a5d4-c36229a73203@group-75C85B6D1182-SegmentedRaftLog:OPENED:c-1,f-1,i0, conf=-1: [9092f221-0e0d-4970-bb84-cacd95020f21:192.168.164.213:41903, af280123-6372-4d1f-a5d4-c36229a73203:192.168.164.213:35334, b4ae536c-ed18-4717-a75c-ca4b5d6c4001:192.168.164.213:41180], old=null
2019-10-24 15:44:02,183 [af280123-6372-4d1f-a5d4-c36229a73203@group-75C85B6D1182-LeaderElection108] INFO  impl.LeaderElection (LeaderElection.java:askForVotes(178)) - af280123-6372-4d1f-a5d4-c36229a73203@group-75C85B6D1182-LeaderElection108: begin an election at term 99 for -1: [9092f221-0e0d-4970-bb84-cacd95020f21:192.168.164.213:41903, af280123-6372-4d1f-a5d4-c36229a73203:192.168.164.213:35334, b4ae536c-ed18-4717-a75c-ca4b5d6c4001:192.168.164.213:41180], old=null
2019-10-24 15:44:02,185 [grpc-default-executor-5] INFO  impl.RaftServerImpl (RaftServerImpl.java:setRole(184)) - 9092f221-0e0d-4970-bb84-cacd95020f21@group-75C85B6D1182: changes role from  FOLLOWER to FOLLOWER at term 99 for recognizeCandidate:af280123-6372-4d1f-a5d4-c36229a73203
2019-10-24 15:44:02,185 [grpc-default-executor-4] INFO  impl.RaftServerImpl (RaftServerImpl.java:setRole(184)) - b4ae536c-ed18-4717-a75c-ca4b5d6c4001@group-75C85B6D1182: changes role from  FOLLOWER to FOLLOWER at term 99 for recognizeCandidate:af280123-6372-4d1f-a5d4-c36229a73203
2019-10-24 15:44:02,185 [grpc-default-executor-5] INFO  impl.RoleInfo (RoleInfo.java:shutdownFollowerState(121)) - 9092f221-0e0d-4970-bb84-cacd95020f21: shutdown FollowerState
2019-10-24 15:44:02,185 [grpc-default-executor-4] INFO  impl.RoleInfo (RoleInfo.java:shutdownFollowerState(121)) - b4ae536c-ed18-4717-a75c-ca4b5d6c4001: shutdown FollowerState
2019-10-24 15:44:02,185 [grpc-default-executor-5] INFO  impl.RoleInfo (RoleInfo.java:updateAndGet(143)) - 9092f221-0e0d-4970-bb84-cacd95020f21: start FollowerState
2019-10-24 15:44:02,186 [grpc-default-executor-4] INFO  impl.RoleInfo (RoleInfo.java:updateAndGet(143)) - b4ae536c-ed18-4717-a75c-ca4b5d6c4001: start FollowerState
2019-10-24 15:44:02,186 [Thread-1234] INFO  impl.FollowerState (FollowerState.java:run(117)) - 9092f221-0e0d-4970-bb84-cacd95020f21@group-75C85B6D1182-FollowerState was interrupted: java.lang.InterruptedException: sleep interrupted
2019-10-24 15:44:02,186 [Thread-1235] INFO  impl.FollowerState (FollowerState.java:run(117)) - b4ae536c-ed18-4717-a75c-ca4b5d6c4001@group-75C85B6D1182-FollowerState was interrupted: java.lang.InterruptedException: sleep interrupted
2019-10-24 15:44:02,199 [af280123-6372-4d1f-a5d4-c36229a73203@group-75C85B6D1182-LeaderElection108] INFO  impl.LeaderElection (LeaderElection.java:logAndReturn(56)) - af280123-6372-4d1f-a5d4-c36229a73203@group-75C85B6D1182-LeaderElection108: Election REJECTED; received 2 response(s) [af280123-6372-4d1f-a5d4-c36229a73203<-9092f221-0e0d-4970-bb84-cacd95020f21#0:FAIL-t99, af280123-6372-4d1f-a5d4-c36229a73203<-b4ae536c-ed18-4717-a75c-ca4b5d6c4001#0:FAIL-t99] and 0 exception(s); af280123-6372-4d1f-a5d4-c36229a73203@group-75C85B6D1182:t99, leader=null, voted=af280123-6372-4d1f-a5d4-c36229a73203, raftlog=af280123-6372-4d1f-a5d4-c36229a73203@group-75C85B6D1182-SegmentedRaftLog:OPENED:c-1,f-1,i0, conf=-1: [9092f221-0e0d-4970-bb84-cacd95020f21:192.168.164.213:41903, af280123-6372-4d1f-a5d4-c36229a73203:192.168.164.213:35334, b4ae536c-ed18-4717-a75c-ca4b5d6c4001:192.168.164.213:41180], old=null
2019-10-24 15:44:02,200 [af280123-6372-4d1f-a5d4-c36229a73203@group-75C85B6D1182-LeaderElection108] INFO  impl.RaftServerImpl (RaftServerImpl.java:setRole(184)) - af280123-6372-4d1f-a5d4-c36229a73203@group-75C85B6D1182: changes role from CANDIDATE to FOLLOWER at term 99 for DISCOVERED_A_NEW_TERM
2019-10-24 15:44:02,200 [af280123-6372-4d1f-a5d4-c36229a73203@group-75C85B6D1182-LeaderElection108] INFO  impl.RoleInfo (RoleInfo.java:shutdownLeaderElection(134)) - af280123-6372-4d1f-a5d4-c36229a73203: shutdown LeaderElection
2019-10-24 15:44:02,200 [af280123-6372-4d1f-a5d4-c36229a73203@group-75C85B6D1182-LeaderElection108] INFO  impl.RoleInfo (RoleInfo.java:updateAndGet(143)) - af280123-6372-4d1f-a5d4-c36229a73203: start FollowerState
2019-10-24 15:44:02,218 [Thread-1240] INFO  impl.FollowerState (FollowerState.java:run(108)) - af280123-6372-4d1f-a5d4-c36229a73203@group-75C85B6D1182-FollowerState: change to CANDIDATE, lastRpcTime:18ms, electionTimeout:18ms
2019-10-24 15:44:02,218 [Thread-1240] INFO  impl.RoleInfo (RoleInfo.java:shutdownFollowerState(121)) - af280123-6372-4d1f-a5d4-c36229a73203: shutdown FollowerState
2019-10-24 15:44:02,219 [Thread-1240] INFO  impl.RaftServerImpl (RaftServerImpl.java:setRole(184)) - af280123-6372-4d1f-a5d4-c36229a73203@group-75C85B6D1182: changes role from  FOLLOWER to CANDIDATE at term 99 for changeToCandidate
2019-10-24 15:44:02,219 [Thread-1240] INFO  impl.RoleInfo (RoleInfo.java:updateAndGet(143)) - af280123-6372-4d1f-a5d4-c36229a73203: start LeaderElection
2019-10-24 15:44:02,232 [af280123-6372-4d1f-a5d4-c36229a73203@group-75C85B6D1182-LeaderElection109] INFO  impl.LeaderElection (LeaderElection.java:askForVotes(178)) - af280123-6372-4d1f-a5d4-c36229a73203@group-75C85B6D1182-LeaderElection109: begin an election at term 100 for -1: [9092f221-0e0d-4970-bb84-cacd95020f21:192.168.164.213:41903, af280123-6372-4d1f-a5d4-c36229a73203:192.168.164.213:35334, b4ae536c-ed18-4717-a75c-ca4b5d6c4001:192.168.164.213:41180], old=null
2019-10-24 15:44:02,234 [grpc-default-executor-5] INFO  impl.RaftServerImpl (RaftServerImpl.java:setRole(184)) - 9092f221-0e0d-4970-bb84-cacd95020f21@group-75C85B6D1182: changes role from  FOLLOWER to FOLLOWER at term 100 for recognizeCandidate:af280123-6372-4d1f-a5d4-c36229a73203
2019-10-24 15:44:02,234 [grpc-default-executor-4] INFO  impl.RaftServerImpl (RaftServerImpl.java:setRole(184)) - b4ae536c-ed18-4717-a75c-ca4b5d6c4001@group-75C85B6D1182: changes role from  FOLLOWER to FOLLOWER at term 100 for recognizeCandidate:af280123-6372-4d1f-a5d4-c36229a73203
2019-10-24 15:44:02,235 [grpc-default-executor-5] INFO  impl.RoleInfo (RoleInfo.java:shutdownFollowerState(121)) - 9092f221-0e0d-4970-bb84-cacd95020f21: shutdown FollowerState
2019-10-24 15:44:02,235 [grpc-default-executor-4] INFO  impl.RoleInfo (RoleInfo.java:shutdownFollowerState(121)) - b4ae536c-ed18-4717-a75c-ca4b5d6c4001: shutdown FollowerState
2019-10-24 15:44:02,235 [grpc-default-executor-5] INFO  impl.RoleInfo (RoleInfo.java:updateAndGet(143)) - 9092f221-0e0d-4970-bb84-cacd95020f21: start FollowerState
2019-10-24 15:44:02,235 [grpc-default-executor-4] INFO  impl.RoleInfo (RoleInfo.java:updateAndGet(143)) - b4ae536c-ed18-4717-a75c-ca4b5d6c4001: start FollowerState
2019-10-24 15:44:02,235 [Thread-1239] INFO  impl.FollowerState (FollowerState.java:run(117)) - b4ae536c-ed18-4717-a75c-ca4b5d6c4001@group-75C85B6D1182-FollowerState was interrupted: java.lang.InterruptedException: sleep interrupted
2019-10-24 15:44:02,235 [Thread-1238] INFO  impl.FollowerState (FollowerState.java:run(117)) - 9092f221-0e0d-4970-bb84-cacd95020f21@group-75C85B6D1182-FollowerState was interrupted: java.lang.InterruptedException: sleep interrupted
2019-10-24 15:44:02,238 [af280123-6372-4d1f-a5d4-c36229a73203@group-75C85B6D1182-LeaderElection109] INFO  impl.LeaderElection (LeaderElection.java:logAndReturn(56)) - af280123-6372-4d1f-a5d4-c36229a73203@group-75C85B6D1182-LeaderElection109: Election TIMEOUT; received 0 response(s) [] and 0 exception(s); af280123-6372-4d1f-a5d4-c36229a73203@group-75C85B6D1182:t100, leader=null, voted=af280123-6372-4d1f-a5d4-c36229a73203, raftlog=af280123-6372-4d1f-a5d4-c36229a73203@group-75C85B6D1182-SegmentedRaftLog:OPENED:c-1,f-1,i0, conf=-1: [9092f221-0e0d-4970-bb84-cacd95020f21:192.168.164.213:41903, af280123-6372-4d1f-a5d4-c36229a73203:192.168.164.213:35334, b4ae536c-ed18-4717-a75c-ca4b5d6c4001:192.168.164.213:41180], old=null
2019-10-24 15:44:02,249 [af280123-6372-4d1f-a5d4-c36229a73203@group-75C85B6D1182-LeaderElection109] INFO  impl.LeaderElection (LeaderElection.java:askForVotes(178)) - af280123-6372-4d1f-a5d4-c36229a73203@group-75C85B6D1182-LeaderElection109: begin an election at term 101 for -1: [9092f221-0e0d-4970-bb84-cacd95020f21:192.168.164.213:41903, af280123-6372-4d1f-a5d4-c36229a73203:192.168.164.213:35334, b4ae536c-ed18-4717-a75c-ca4b5d6c4001:192.168.164.213:41180], old=null
2019-10-24 15:44:02,251 [grpc-default-executor-5] INFO  impl.RaftServerImpl (RaftServerImpl.java:setRole(184)) - 9092f221-0e0d-4970-bb84-cacd95020f21@group-75C85B6D1182: changes role from  FOLLOWER to FOLLOWER at term 101 for recognizeCandidate:af280123-6372-4d1f-a5d4-c36229a73203
2019-10-24 15:44:02,251 [grpc-default-executor-4] INFO  impl.RaftServerImpl (RaftServerImpl.java:setRole(184)) - b4ae536c-ed18-4717-a75c-ca4b5d6c4001@group-75C85B6D1182: changes role from  FOLLOWER to FOLLOWER at term 101 for recognizeCandidate:af280123-6372-4d1f-a5d4-c36229a73203
2019-10-24 15:44:02,251 [grpc-default-executor-5] INFO  impl.RoleInfo (RoleInfo.java:shutdownFollowerState(121)) - 9092f221-0e0d-4970-bb84-cacd95020f21: shutdown FollowerState
2019-10-24 15:44:02,251 [grpc-default-executor-4] INFO  impl.RoleInfo (RoleInfo.java:shutdownFollowerState(121)) - b4ae536c-ed18-4717-a75c-ca4b5d6c4001: shutdown FollowerState
2019-10-24 15:44:02,251 [grpc-default-executor-5] INFO  impl.RoleInfo (RoleInfo.java:updateAndGet(143)) - 9092f221-0e0d-4970-bb84-cacd95020f21: start FollowerState
2019-10-24 15:44:02,251 [grpc-default-executor-4] INFO  impl.RoleInfo (RoleInfo.java:updateAndGet(143)) - b4ae536c-ed18-4717-a75c-ca4b5d6c4001: start FollowerState
2019-10-24 15:44:02,251 [Thread-1244] INFO  impl.FollowerState (FollowerState.java:run(117)) - 9092f221-0e0d-4970-bb84-cacd95020f21@group-75C85B6D1182-FollowerState was interrupted: java.lang.InterruptedException: sleep interrupted
2019-10-24 15:44:02,251 [Thread-1245] INFO  impl.FollowerState (FollowerState.java:run(117)) - b4ae536c-ed18-4717-a75c-ca4b5d6c4001@group-75C85B6D1182-FollowerState was interrupted: java.lang.InterruptedException: sleep interrupted
2019-10-24 15:44:02,265 [af280123-6372-4d1f-a5d4-c36229a73203@group-75C85B6D1182-LeaderElection109] INFO  impl.LeaderElection (LeaderElection.java:logAndReturn(56)) - af280123-6372-4d1f-a5d4-c36229a73203@group-75C85B6D1182-LeaderElection109: Election REJECTED; received 2 response(s) [af280123-6372-4d1f-a5d4-c36229a73203<-9092f221-0e0d-4970-bb84-cacd95020f21#0:FAIL-t101, af280123-6372-4d1f-a5d4-c36229a73203<-b4ae536c-ed18-4717-a75c-ca4b5d6c4001#0:FAIL-t101] and 0 exception(s); af280123-6372-4d1f-a5d4-c36229a73203@group-75C85B6D1182:t101, leader=null, voted=af280123-6372-4d1f-a5d4-c36229a73203, raftlog=af280123-6372-4d1f-a5d4-c36229a73203@group-75C85B6D1182-SegmentedRaftLog:OPENED:c-1,f-1,i0, conf=-1: [9092f221-0e0d-4970-bb84-cacd95020f21:192.168.164.213:41903, af280123-6372-4d1f-a5d4-c36229a73203:192.168.164.213:35334, b4ae536c-ed18-4717-a75c-ca4b5d6c4001:192.168.164.213:41180], old=null
2019-10-24 15:44:02,266 [af280123-6372-4d1f-a5d4-c36229a73203@group-75C85B6D1182-LeaderElection109] INFO  impl.RaftServerImpl (RaftServerImpl.java:setRole(184)) - af280123-6372-4d1f-a5d4-c36229a73203@group-75C85B6D1182: changes role from CANDIDATE to FOLLOWER at term 101 for DISCOVERED_A_NEW_TERM
2019-10-24 15:44:02,266 [af280123-6372-4d1f-a5d4-c36229a73203@group-75C85B6D1182-LeaderElection109] INFO  impl.RoleInfo (RoleInfo.java:shutdownLeaderElection(134)) - af280123-6372-4d1f-a5d4-c36229a73203: shutdown LeaderElection
2019-10-24 15:44:02,266 [af280123-6372-4d1f-a5d4-c36229a73203@group-75C85B6D1182-LeaderElection109] INFO  impl.RoleInfo (RoleInfo.java:updateAndGet(143)) - af280123-6372-4d1f-a5d4-c36229a73203: start FollowerState
2019-10-24 15:44:02,436 [Thread-1250] INFO  impl.FollowerState (FollowerState.java:run(108)) - af280123-6372-4d1f-a5d4-c36229a73203@group-75C85B6D1182-FollowerState: change to CANDIDATE, lastRpcTime:170ms, electionTimeout:170ms
2019-10-24 15:44:02,437 [Thread-1250] INFO  impl.RoleInfo (RoleInfo.java:shutdownFollowerState(121)) - af280123-6372-4d1f-a5d4-c36229a73203: shutdown FollowerState
2019-10-24 15:44:02,437 [Thread-1250] INFO  impl.RaftServerImpl (RaftServerImpl.java:setRole(184)) - af280123-6372-4d1f-a5d4-c36229a73203@group-75C85B6D1182: changes role from  FOLLOWER to CANDIDATE at term 101 for changeToCandidate
2019-10-24 15:44:02,437 [Thread-1250] INFO  impl.RoleInfo (RoleInfo.java:updateAndGet(143)) - af280123-6372-4d1f-a5d4-c36229a73203: start LeaderElection
2019-10-24 15:44:02,451 [af280123-6372-4d1f-a5d4-c36229a73203@group-75C85B6D1182-LeaderElection110] INFO  impl.LeaderElection (LeaderElection.java:askForVotes(178)) - af280123-6372-4d1f-a5d4-c36229a73203@group-75C85B6D1182-LeaderElection110: begin an election at term 102 for -1: [9092f221-0e0d-4970-bb84-cacd95020f21:192.168.164.213:41903, af280123-6372-4d1f-a5d4-c36229a73203:192.168.164.213:35334, b4ae536c-ed18-4717-a75c-ca4b5d6c4001:192.168.164.213:41180], old=null
2019-10-24 15:44:02,454 [grpc-default-executor-4] INFO  impl.RaftServerImpl (RaftServerImpl.java:setRole(184)) - b4ae536c-ed18-4717-a75c-ca4b5d6c4001@group-75C85B6D1182: changes role from  FOLLOWER to FOLLOWER at term 102 for recognizeCandidate:af280123-6372-4d1f-a5d4-c36229a73203
2019-10-24 15:44:02,454 [grpc-default-executor-4] INFO  impl.RoleInfo (RoleInfo.java:shutdownFollowerState(121)) - b4ae536c-ed18-4717-a75c-ca4b5d6c4001: shutdown FollowerState
2019-10-24 15:44:02,454 [grpc-default-executor-5] INFO  impl.RaftServerImpl (RaftServerImpl.java:setRole(184)) - 9092f221-0e0d-4970-bb84-cacd95020f21@group-75C85B6D1182: changes role from  FOLLOWER to FOLLOWER at term 102 for recognizeCandidate:af280123-6372-4d1f-a5d4-c36229a73203
2019-10-24 15:44:02,454 [Thread-1249] INFO  impl.FollowerState (FollowerState.java:run(117)) - b4ae536c-ed18-4717-a75c-ca4b5d6c4001@group-75C85B6D1182-FollowerState was interrupted: java.lang.InterruptedException: sleep interrupted
2019-10-24 15:44:02,454 [grpc-default-executor-4] INFO  impl.RoleInfo (RoleInfo.java:updateAndGet(143)) - b4ae536c-ed18-4717-a75c-ca4b5d6c4001: start FollowerState
2019-10-24 15:44:02,454 [grpc-default-executor-5] INFO  impl.RoleInfo (RoleInfo.java:shutdownFollowerState(121)) - 9092f221-0e0d-4970-bb84-cacd95020f21: shutdown FollowerState
2019-10-24 15:44:02,455 [grpc-default-executor-5] INFO  impl.RoleInfo (RoleInfo.java:updateAndGet(143)) - 9092f221-0e0d-4970-bb84-cacd95020f21: start FollowerState
2019-10-24 15:44:02,455 [Thread-1248] INFO  impl.FollowerState (FollowerState.java:run(117)) - 9092f221-0e0d-4970-bb84-cacd95020f21@group-75C85B6D1182-FollowerState was interrupted: java.lang.InterruptedException: sleep interrupted
2019-10-24 15:44:02,469 [af280123-6372-4d1f-a5d4-c36229a73203@group-75C85B6D1182-LeaderElection110] INFO  impl.LeaderElection (LeaderElection.java:logAndReturn(56)) - af280123-6372-4d1f-a5d4-c36229a73203@group-75C85B6D1182-LeaderElection110: Election REJECTED; received 2 response(s) [af280123-6372-4d1f-a5d4-c36229a73203<-9092f221-0e0d-4970-bb84-cacd95020f21#0:FAIL-t102, af280123-6372-4d1f-a5d4-c36229a73203<-b4ae536c-ed18-4717-a75c-ca4b5d6c4001#0:FAIL-t102] and 0 exception(s); af280123-6372-4d1f-a5d4-c36229a73203@group-75C85B6D1182:t102, leader=null, voted=af280123-6372-4d1f-a5d4-c36229a73203, raftlog=af280123-6372-4d1f-a5d4-c36229a73203@group-75C85B6D1182-SegmentedRaftLog:OPENED:c-1,f-1,i0, conf=-1: [9092f221-0e0d-4970-bb84-cacd95020f21:192.168.164.213:41903, af280123-6372-4d1f-a5d4-c36229a73203:192.168.164.213:35334, b4ae536c-ed18-4717-a75c-ca4b5d6c4001:192.168.164.213:41180], old=null
2019-10-24 15:44:02,469 [af280123-6372-4d1f-a5d4-c36229a73203@group-75C85B6D1182-LeaderElection110] INFO  impl.RaftServerImpl (RaftServerImpl.java:setRole(184)) - af280123-6372-4d1f-a5d4-c36229a73203@group-75C85B6D1182: changes role from CANDIDATE to FOLLOWER at term 102 for DISCOVERED_A_NEW_TERM
2019-10-24 15:44:02,469 [af280123-6372-4d1f-a5d4-c36229a73203@group-75C85B6D1182-LeaderElection110] INFO  impl.RoleInfo (RoleInfo.java:shutdownLeaderElection(134)) - af280123-6372-4d1f-a5d4-c36229a73203: shutdown LeaderElection
2019-10-24 15:44:02,469 [af280123-6372-4d1f-a5d4-c36229a73203@group-75C85B6D1182-LeaderElection110] INFO  impl.RoleInfo (RoleInfo.java:updateAndGet(143)) - af280123-6372-4d1f-a5d4-c36229a73203: start FollowerState
2019-10-24 15:44:02,513 [Thread-1258] INFO  impl.FollowerState (FollowerState.java:run(108)) - af280123-6372-4d1f-a5d4-c36229a73203@group-75C85B6D1182-FollowerState: change to CANDIDATE, lastRpcTime:43ms, electionTimeout:43ms
2019-10-24 15:44:02,513 [Thread-1258] INFO  impl.RoleInfo (RoleInfo.java:shutdownFollowerState(121)) - af280123-6372-4d1f-a5d4-c36229a73203: shutdown FollowerState
2019-10-24 15:44:02,513 [Thread-1258] INFO  impl.RaftServerImpl (RaftServerImpl.java:setRole(184)) - af280123-6372-4d1f-a5d4-c36229a73203@group-75C85B6D1182: changes role from  FOLLOWER to CANDIDATE at term 102 for changeToCandidate
2019-10-24 15:44:02,513 [Thread-1258] INFO  impl.RoleInfo (RoleInfo.java:updateAndGet(143)) - af280123-6372-4d1f-a5d4-c36229a73203: start LeaderElection
2019-10-24 15:44:02,526 [af280123-6372-4d1f-a5d4-c36229a73203@group-75C85B6D1182-LeaderElection111] INFO  impl.LeaderElection (LeaderElection.java:askForVotes(178)) - af280123-6372-4d1f-a5d4-c36229a73203@group-75C85B6D1182-LeaderElection111: begin an election at term 103 for -1: [9092f221-0e0d-4970-bb84-cacd95020f21:192.168.164.213:41903, af280123-6372-4d1f-a5d4-c36229a73203:192.168.164.213:35334, b4ae536c-ed18-4717-a75c-ca4b5d6c4001:192.168.164.213:41180], old=null
2019-10-24 15:44:02,528 [grpc-default-executor-5] INFO  impl.RaftServerImpl (RaftServerImpl.java:setRole(184)) - 9092f221-0e0d-4970-bb84-cacd95020f21@group-75C85B6D1182: changes role from  FOLLOWER to FOLLOWER at term 103 for recognizeCandidate:af280123-6372-4d1f-a5d4-c36229a73203
2019-10-24 15:44:02,528 [grpc-default-executor-4] INFO  impl.RaftServerImpl (RaftServerImpl.java:setRole(184)) - b4ae536c-ed18-4717-a75c-ca4b5d6c4001@group-75C85B6D1182: changes role from  FOLLOWER to FOLLOWER at term 103 for recognizeCandidate:af280123-6372-4d1f-a5d4-c36229a73203
2019-10-24 15:44:02,528 [grpc-default-executor-5] INFO  impl.RoleInfo (RoleInfo.java:shutdownFollowerState(121)) - 9092f221-0e0d-4970-bb84-cacd95020f21: shutdown FollowerState
2019-10-24 15:44:02,528 [grpc-default-executor-4] INFO  impl.RoleInfo (RoleInfo.java:shutdownFollowerState(121)) - b4ae536c-ed18-4717-a75c-ca4b5d6c4001: shutdown FollowerState
2019-10-24 15:44:02,529 [Thread-1257] INFO  impl.FollowerState (FollowerState.java:run(117)) - 9092f221-0e0d-4970-bb84-cacd95020f21@group-75C85B6D1182-FollowerState was interrupted: java.lang.InterruptedException: sleep interrupted
2019-10-24 15:44:02,529 [grpc-default-executor-5] INFO  impl.RoleInfo (RoleInfo.java:updateAndGet(143)) - 9092f221-0e0d-4970-bb84-cacd95020f21: start FollowerState
2019-10-24 15:44:02,529 [Thread-1256] INFO  impl.FollowerState (FollowerState.java:run(117)) - b4ae536c-ed18-4717-a75c-ca4b5d6c4001@group-75C85B6D1182-FollowerState was interrupted: java.lang.InterruptedException: sleep interrupted
2019-10-24 15:44:02,529 [grpc-default-executor-4] INFO  impl.RoleInfo (RoleInfo.java:updateAndGet(143)) - b4ae536c-ed18-4717-a75c-ca4b5d6c4001: start FollowerState
2019-10-24 15:44:02,571 [af280123-6372-4d1f-a5d4-c36229a73203@group-75C85B6D1182-LeaderElection111] INFO  impl.LeaderElection (LeaderElection.java:logAndReturn(56)) - af280123-6372-4d1f-a5d4-c36229a73203@group-75C85B6D1182-LeaderElection111: Election REJECTED; received 2 response(s) [af280123-6372-4d1f-a5d4-c36229a73203<-9092f221-0e0d-4970-bb84-cacd95020f21#0:FAIL-t103, af280123-6372-4d1f-a5d4-c36229a73203<-b4ae536c-ed18-4717-a75c-ca4b5d6c4001#0:FAIL-t103] and 0 exception(s); af280123-6372-4d1f-a5d4-c36229a73203@group-75C85B6D1182:t103, leader=null, voted=af280123-6372-4d1f-a5d4-c36229a73203, raftlog=af280123-6372-4d1f-a5d4-c36229a73203@group-75C85B6D1182-SegmentedRaftLog:OPENED:c-1,f-1,i0, conf=-1: [9092f221-0e0d-4970-bb84-cacd95020f21:192.168.164.213:41903, af280123-6372-4d1f-a5d4-c36229a73203:192.168.164.213:35334, b4ae536c-ed18-4717-a75c-ca4b5d6c4001:192.168.164.213:41180], old=null
2019-10-24 15:44:02,571 [af280123-6372-4d1f-a5d4-c36229a73203@group-75C85B6D1182-LeaderElection111] INFO  impl.RaftServerImpl (RaftServerImpl.java:setRole(184)) - af280123-6372-4d1f-a5d4-c36229a73203@group-75C85B6D1182: changes role from CANDIDATE to FOLLOWER at term 103 for DISCOVERED_A_NEW_TERM
2019-10-24 15:44:02,572 [af280123-6372-4d1f-a5d4-c36229a73203@group-75C85B6D1182-LeaderElection111] INFO  impl.RoleInfo (RoleInfo.java:shutdownLeaderElection(134)) - af280123-6372-4d1f-a5d4-c36229a73203: shutdown LeaderElection
2019-10-24 15:44:02,572 [af280123-6372-4d1f-a5d4-c36229a73203@group-75C85B6D1182-LeaderElection111] INFO  impl.RoleInfo (RoleInfo.java:updateAndGet(143)) - af280123-6372-4d1f-a5d4-c36229a73203: start FollowerState
2019-10-24 15:44:02,633 [Thread-1264] INFO  impl.FollowerState (FollowerState.java:run(108)) - af280123-6372-4d1f-a5d4-c36229a73203@group-75C85B6D1182-FollowerState: change to CANDIDATE, lastRpcTime:61ms, electionTimeout:61ms
2019-10-24 15:44:02,633 [Thread-1264] INFO  impl.RoleInfo (RoleInfo.java:shutdownFollowerState(121)) - af280123-6372-4d1f-a5d4-c36229a73203: shutdown FollowerState
2019-10-24 15:44:02,633 [Thread-1264] INFO  impl.RaftServerImpl (RaftServerImpl.java:setRole(184)) - af280123-6372-4d1f-a5d4-c36229a73203@group-75C85B6D1182: changes role from  FOLLOWER to CANDIDATE at term 103 for changeToCandidate
2019-10-24 15:44:02,634 [Thread-1264] INFO  impl.RoleInfo (RoleInfo.java:updateAndGet(143)) - af280123-6372-4d1f-a5d4-c36229a73203: start LeaderElection
2019-10-24 15:44:02,648 [af280123-6372-4d1f-a5d4-c36229a73203@group-75C85B6D1182-LeaderElection112] INFO  impl.LeaderElection (LeaderElection.java:askForVotes(178)) - af280123-6372-4d1f-a5d4-c36229a73203@group-75C85B6D1182-LeaderElection112: begin an election at term 104 for -1: [9092f221-0e0d-4970-bb84-cacd95020f21:192.168.164.213:41903, af280123-6372-4d1f-a5d4-c36229a73203:192.168.164.213:35334, b4ae536c-ed18-4717-a75c-ca4b5d6c4001:192.168.164.213:41180], old=null
2019-10-24 15:44:02,650 [grpc-default-executor-4] INFO  impl.RaftServerImpl (RaftServerImpl.java:setRole(184)) - b4ae536c-ed18-4717-a75c-ca4b5d6c4001@group-75C85B6D1182: changes role from  FOLLOWER to FOLLOWER at term 104 for recognizeCandidate:af280123-6372-4d1f-a5d4-c36229a73203
2019-10-24 15:44:02,650 [grpc-default-executor-5] INFO  impl.RaftServerImpl (RaftServerImpl.java:setRole(184)) - 9092f221-0e0d-4970-bb84-cacd95020f21@group-75C85B6D1182: changes role from  FOLLOWER to FOLLOWER at term 104 for recognizeCandidate:af280123-6372-4d1f-a5d4-c36229a73203
2019-10-24 15:44:02,650 [grpc-default-executor-4] INFO  impl.RoleInfo (RoleInfo.java:shutdownFollowerState(121)) - b4ae536c-ed18-4717-a75c-ca4b5d6c4001: shutdown FollowerState
2019-10-24 15:44:02,650 [grpc-default-executor-5] INFO  impl.RoleInfo (RoleInfo.java:shutdownFollowerState(121)) - 9092f221-0e0d-4970-bb84-cacd95020f21: shutdown FollowerState
2019-10-24 15:44:02,651 [grpc-default-executor-4] INFO  impl.RoleInfo (RoleInfo.java:updateAndGet(143)) - b4ae536c-ed18-4717-a75c-ca4b5d6c4001: start FollowerState
2019-10-24 15:44:02,651 [Thread-1262] INFO  impl.FollowerState (FollowerState.java:run(117)) - 9092f221-0e0d-4970-bb84-cacd95020f21@group-75C85B6D1182-FollowerState was interrupted: java.lang.InterruptedException: sleep interrupted
2019-10-24 15:44:02,651 [grpc-default-executor-5] INFO  impl.RoleInfo (RoleInfo.java:updateAndGet(143)) - 9092f221-0e0d-4970-bb84-cacd95020f21: start FollowerState
2019-10-24 15:44:02,651 [Thread-1263] INFO  impl.FollowerState (FollowerState.java:run(117)) - b4ae536c-ed18-4717-a75c-ca4b5d6c4001@group-75C85B6D1182-FollowerState was interrupted: java.lang.InterruptedException: sleep interrupted
2019-10-24 15:44:02,666 [af280123-6372-4d1f-a5d4-c36229a73203@group-75C85B6D1182-LeaderElection112] INFO  impl.LeaderElection (LeaderElection.java:logAndReturn(56)) - af280123-6372-4d1f-a5d4-c36229a73203@group-75C85B6D1182-LeaderElection112: Election REJECTED; received 2 response(s) [af280123-6372-4d1f-a5d4-c36229a73203<-9092f221-0e0d-4970-bb84-cacd95020f21#0:FAIL-t104, af280123-6372-4d1f-a5d4-c36229a73203<-b4ae536c-ed18-4717-a75c-ca4b5d6c4001#0:FAIL-t104] and 0 exception(s); af280123-6372-4d1f-a5d4-c36229a73203@group-75C85B6D1182:t104, leader=null, voted=af280123-6372-4d1f-a5d4-c36229a73203, raftlog=af280123-6372-4d1f-a5d4-c36229a73203@group-75C85B6D1182-SegmentedRaftLog:OPENED:c-1,f-1,i0, conf=-1: [9092f221-0e0d-4970-bb84-cacd95020f21:192.168.164.213:41903, af280123-6372-4d1f-a5d4-c36229a73203:192.168.164.213:35334, b4ae536c-ed18-4717-a75c-ca4b5d6c4001:192.168.164.213:41180], old=null
2019-10-24 15:44:02,666 [af280123-6372-4d1f-a5d4-c36229a73203@group-75C85B6D1182-LeaderElection112] INFO  impl.RaftServerImpl (RaftServerImpl.java:setRole(184)) - af280123-6372-4d1f-a5d4-c36229a73203@group-75C85B6D1182: changes role from CANDIDATE to FOLLOWER at term 104 for DISCOVERED_A_NEW_TERM
2019-10-24 15:44:02,666 [af280123-6372-4d1f-a5d4-c36229a73203@group-75C85B6D1182-LeaderElection112] INFO  impl.RoleInfo (RoleInfo.java:shutdownLeaderElection(134)) - af280123-6372-4d1f-a5d4-c36229a73203: shutdown LeaderElection
2019-10-24 15:44:02,666 [af280123-6372-4d1f-a5d4-c36229a73203@group-75C85B6D1182-LeaderElection112] INFO  impl.RoleInfo (RoleInfo.java:updateAndGet(143)) - af280123-6372-4d1f-a5d4-c36229a73203: start FollowerState
2019-10-24 15:44:02,813 [Thread-1272] INFO  impl.FollowerState (FollowerState.java:run(108)) - af280123-6372-4d1f-a5d4-c36229a73203@group-75C85B6D1182-FollowerState: change to CANDIDATE, lastRpcTime:146ms, electionTimeout:146ms
2019-10-24 15:44:02,813 [Thread-1272] INFO  impl.RoleInfo (RoleInfo.java:shutdownFollowerState(121)) - af280123-6372-4d1f-a5d4-c36229a73203: shutdown FollowerState
2019-10-24 15:44:02,813 [Thread-1272] INFO  impl.RaftServerImpl (RaftServerImpl.java:setRole(184)) - af280123-6372-4d1f-a5d4-c36229a73203@group-75C85B6D1182: changes role from  FOLLOWER to CANDIDATE at term 104 for changeToCandidate
2019-10-24 15:44:02,813 [Thread-1272] INFO  impl.RoleInfo (RoleInfo.java:updateAndGet(143)) - af280123-6372-4d1f-a5d4-c36229a73203: start LeaderElection
2019-10-24 15:44:02,827 [af280123-6372-4d1f-a5d4-c36229a73203@group-75C85B6D1182-LeaderElection113] INFO  impl.LeaderElection (LeaderElection.java:askForVotes(178)) - af280123-6372-4d1f-a5d4-c36229a73203@group-75C85B6D1182-LeaderElection113: begin an election at term 105 for -1: [9092f221-0e0d-4970-bb84-cacd95020f21:192.168.164.213:41903, af280123-6372-4d1f-a5d4-c36229a73203:192.168.164.213:35334, b4ae536c-ed18-4717-a75c-ca4b5d6c4001:192.168.164.213:41180], old=null
2019-10-24 15:44:02,830 [grpc-default-executor-4] INFO  impl.RaftServerImpl (RaftServerImpl.java:setRole(184)) - b4ae536c-ed18-4717-a75c-ca4b5d6c4001@group-75C85B6D1182: changes role from  FOLLOWER to FOLLOWER at term 105 for recognizeCandidate:af280123-6372-4d1f-a5d4-c36229a73203
2019-10-24 15:44:02,830 [grpc-default-executor-5] INFO  impl.RaftServerImpl (RaftServerImpl.java:setRole(184)) - 9092f221-0e0d-4970-bb84-cacd95020f21@group-75C85B6D1182: changes role from  FOLLOWER to FOLLOWER at term 105 for recognizeCandidate:af280123-6372-4d1f-a5d4-c36229a73203
2019-10-24 15:44:02,830 [grpc-default-executor-4] INFO  impl.RoleInfo (RoleInfo.java:shutdownFollowerState(121)) - b4ae536c-ed18-4717-a75c-ca4b5d6c4001: shutdown FollowerState
2019-10-24 15:44:02,830 [grpc-default-executor-5] INFO  impl.RoleInfo (RoleInfo.java:shutdownFollowerState(121)) - 9092f221-0e0d-4970-bb84-cacd95020f21: shutdown FollowerState
2019-10-24 15:44:02,830 [Thread-1270] INFO  impl.FollowerState (FollowerState.java:run(117)) - b4ae536c-ed18-4717-a75c-ca4b5d6c4001@group-75C85B6D1182-FollowerState was interrupted: java.lang.InterruptedException: sleep interrupted
2019-10-24 15:44:02,830 [grpc-default-executor-4] INFO  impl.RoleInfo (RoleInfo.java:updateAndGet(143)) - b4ae536c-ed18-4717-a75c-ca4b5d6c4001: start FollowerState
2019-10-24 15:44:02,831 [Thread-1271] INFO  impl.FollowerState (FollowerState.java:run(117)) - 9092f221-0e0d-4970-bb84-cacd95020f21@group-75C85B6D1182-FollowerState was interrupted: java.lang.InterruptedException: sleep interrupted
2019-10-24 15:44:02,831 [grpc-default-executor-5] INFO  impl.RoleInfo (RoleInfo.java:updateAndGet(143)) - 9092f221-0e0d-4970-bb84-cacd95020f21: start FollowerState
2019-10-24 15:44:02,845 [af280123-6372-4d1f-a5d4-c36229a73203@group-75C85B6D1182-LeaderElection113] INFO  impl.LeaderElection (LeaderElection.java:logAndReturn(56)) - af280123-6372-4d1f-a5d4-c36229a73203@group-75C85B6D1182-LeaderElection113: Election REJECTED; received 2 response(s) [af280123-6372-4d1f-a5d4-c36229a73203<-9092f221-0e0d-4970-bb84-cacd95020f21#0:FAIL-t105, af280123-6372-4d1f-a5d4-c36229a73203<-b4ae536c-ed18-4717-a75c-ca4b5d6c4001#0:FAIL-t105] and 0 exception(s); af280123-6372-4d1f-a5d4-c36229a73203@group-75C85B6D1182:t105, leader=null, voted=af280123-6372-4d1f-a5d4-c36229a73203, raftlog=af280123-6372-4d1f-a5d4-c36229a73203@group-75C85B6D1182-SegmentedRaftLog:OPENED:c-1,f-1,i0, conf=-1: [9092f221-0e0d-4970-bb84-cacd95020f21:192.168.164.213:41903, af280123-6372-4d1f-a5d4-c36229a73203:192.168.164.213:35334, b4ae536c-ed18-4717-a75c-ca4b5d6c4001:192.168.164.213:41180], old=null
2019-10-24 15:44:02,846 [af280123-6372-4d1f-a5d4-c36229a73203@group-75C85B6D1182-LeaderElection113] INFO  impl.RaftServerImpl (RaftServerImpl.java:setRole(184)) - af280123-6372-4d1f-a5d4-c36229a73203@group-75C85B6D1182: changes role from CANDIDATE to FOLLOWER at term 105 for DISCOVERED_A_NEW_TERM
2019-10-24 15:44:02,846 [af280123-6372-4d1f-a5d4-c36229a73203@group-75C85B6D1182-LeaderElection113] INFO  impl.RoleInfo (RoleInfo.java:shutdownLeaderElection(134)) - af280123-6372-4d1f-a5d4-c36229a73203: shutdown LeaderElection
2019-10-24 15:44:02,846 [af280123-6372-4d1f-a5d4-c36229a73203@group-75C85B6D1182-LeaderElection113] INFO  impl.RoleInfo (RoleInfo.java:updateAndGet(143)) - af280123-6372-4d1f-a5d4-c36229a73203: start FollowerState
2019-10-24 15:44:02,882 [Thread-1280] INFO  impl.FollowerState (FollowerState.java:run(108)) - af280123-6372-4d1f-a5d4-c36229a73203@group-75C85B6D1182-FollowerState: change to CANDIDATE, lastRpcTime:36ms, electionTimeout:36ms
2019-10-24 15:44:02,883 [Thread-1280] INFO  impl.RoleInfo (RoleInfo.java:shutdownFollowerState(121)) - af280123-6372-4d1f-a5d4-c36229a73203: shutdown FollowerState
2019-10-24 15:44:02,883 [Thread-1280] INFO  impl.RaftServerImpl (RaftServerImpl.java:setRole(184)) - af280123-6372-4d1f-a5d4-c36229a73203@group-75C85B6D1182: changes role from  FOLLOWER to CANDIDATE at term 105 for changeToCandidate
2019-10-24 15:44:02,883 [Thread-1280] INFO  impl.RoleInfo (RoleInfo.java:updateAndGet(143)) - af280123-6372-4d1f-a5d4-c36229a73203: start LeaderElection
2019-10-24 15:44:02,897 [af280123-6372-4d1f-a5d4-c36229a73203@group-75C85B6D1182-LeaderElection114] INFO  impl.LeaderElection (LeaderElection.java:askForVotes(178)) - af280123-6372-4d1f-a5d4-c36229a73203@group-75C85B6D1182-LeaderElection114: begin an election at term 106 for -1: [9092f221-0e0d-4970-bb84-cacd95020f21:192.168.164.213:41903, af280123-6372-4d1f-a5d4-c36229a73203:192.168.164.213:35334, b4ae536c-ed18-4717-a75c-ca4b5d6c4001:192.168.164.213:41180], old=null
2019-10-24 15:44:02,899 [grpc-default-executor-5] INFO  impl.RaftServerImpl (RaftServerImpl.java:setRole(184)) - b4ae536c-ed18-4717-a75c-ca4b5d6c4001@group-75C85B6D1182: changes role from  FOLLOWER to FOLLOWER at term 106 for recognizeCandidate:af280123-6372-4d1f-a5d4-c36229a73203
2019-10-24 15:44:02,899 [grpc-default-executor-4] INFO  impl.RaftServerImpl (RaftServerImpl.java:setRole(184)) - 9092f221-0e0d-4970-bb84-cacd95020f21@group-75C85B6D1182: changes role from  FOLLOWER to FOLLOWER at term 106 for recognizeCandidate:af280123-6372-4d1f-a5d4-c36229a73203
2019-10-24 15:44:02,899 [grpc-default-executor-5] INFO  impl.RoleInfo (RoleInfo.java:shutdownFollowerState(121)) - b4ae536c-ed18-4717-a75c-ca4b5d6c4001: shutdown FollowerState
2019-10-24 15:44:02,899 [grpc-default-executor-4] INFO  impl.RoleInfo (RoleInfo.java:shutdownFollowerState(121)) - 9092f221-0e0d-4970-bb84-cacd95020f21: shutdown FollowerState
2019-10-24 15:44:02,900 [grpc-default-executor-4] INFO  impl.RoleInfo (RoleInfo.java:updateAndGet(143)) - 9092f221-0e0d-4970-bb84-cacd95020f21: start FollowerState
2019-10-24 15:44:02,899 [Thread-1278] INFO  impl.FollowerState (FollowerState.java:run(117)) - b4ae536c-ed18-4717-a75c-ca4b5d6c4001@group-75C85B6D1182-FollowerState was interrupted: java.lang.InterruptedException: sleep interrupted
2019-10-24 15:44:02,899 [grpc-default-executor-5] INFO  impl.RoleInfo (RoleInfo.java:updateAndGet(143)) - b4ae536c-ed18-4717-a75c-ca4b5d6c4001: start FollowerState
2019-10-24 15:44:02,900 [Thread-1279] INFO  impl.FollowerState (FollowerState.java:run(117)) - 9092f221-0e0d-4970-bb84-cacd95020f21@group-75C85B6D1182-FollowerState was interrupted: java.lang.InterruptedException: sleep interrupted
2019-10-24 15:44:02,917 [af280123-6372-4d1f-a5d4-c36229a73203@group-75C85B6D1182-LeaderElection114] INFO  impl.LeaderElection (LeaderElection.java:logAndReturn(56)) - af280123-6372-4d1f-a5d4-c36229a73203@group-75C85B6D1182-LeaderElection114: Election REJECTED; received 2 response(s) [af280123-6372-4d1f-a5d4-c36229a73203<-9092f221-0e0d-4970-bb84-cacd95020f21#0:FAIL-t106, af280123-6372-4d1f-a5d4-c36229a73203<-b4ae536c-ed18-4717-a75c-ca4b5d6c4001#0:FAIL-t106] and 0 exception(s); af280123-6372-4d1f-a5d4-c36229a73203@group-75C85B6D1182:t106, leader=null, voted=af280123-6372-4d1f-a5d4-c36229a73203, raftlog=af280123-6372-4d1f-a5d4-c36229a73203@group-75C85B6D1182-SegmentedRaftLog:OPENED:c-1,f-1,i0, conf=-1: [9092f221-0e0d-4970-bb84-cacd95020f21:192.168.164.213:41903, af280123-6372-4d1f-a5d4-c36229a73203:192.168.164.213:35334, b4ae536c-ed18-4717-a75c-ca4b5d6c4001:192.168.164.213:41180], old=null
2019-10-24 15:44:02,917 [af280123-6372-4d1f-a5d4-c36229a73203@group-75C85B6D1182-LeaderElection114] INFO  impl.RaftServerImpl (RaftServerImpl.java:setRole(184)) - af280123-6372-4d1f-a5d4-c36229a73203@group-75C85B6D1182: changes role from CANDIDATE to FOLLOWER at term 106 for DISCOVERED_A_NEW_TERM
2019-10-24 15:44:02,917 [af280123-6372-4d1f-a5d4-c36229a73203@group-75C85B6D1182-LeaderElection114] INFO  impl.RoleInfo (RoleInfo.java:shutdownLeaderElection(134)) - af280123-6372-4d1f-a5d4-c36229a73203: shutdown LeaderElection
2019-10-24 15:44:02,917 [af280123-6372-4d1f-a5d4-c36229a73203@group-75C85B6D1182-LeaderElection114] INFO  impl.RoleInfo (RoleInfo.java:updateAndGet(143)) - af280123-6372-4d1f-a5d4-c36229a73203: start FollowerState
2019-10-24 15:44:02,981 [Thread-1286] INFO  impl.FollowerState (FollowerState.java:run(108)) - af280123-6372-4d1f-a5d4-c36229a73203@group-75C85B6D1182-FollowerState: change to CANDIDATE, lastRpcTime:64ms, electionTimeout:64ms
2019-10-24 15:44:02,982 [Thread-1286] INFO  impl.RoleInfo (RoleInfo.java:shutdownFollowerState(121)) - af280123-6372-4d1f-a5d4-c36229a73203: shutdown FollowerState
2019-10-24 15:44:02,982 [Thread-1286] INFO  impl.RaftServerImpl (RaftServerImpl.java:setRole(184)) - af280123-6372-4d1f-a5d4-c36229a73203@group-75C85B6D1182: changes role from  FOLLOWER to CANDIDATE at term 106 for changeToCandidate
2019-10-24 15:44:02,982 [Thread-1286] INFO  impl.RoleInfo (RoleInfo.java:updateAndGet(143)) - af280123-6372-4d1f-a5d4-c36229a73203: start LeaderElection
2019-10-24 15:44:02,996 [af280123-6372-4d1f-a5d4-c36229a73203@group-75C85B6D1182-LeaderElection115] INFO  impl.LeaderElection (LeaderElection.java:askForVotes(178)) - af280123-6372-4d1f-a5d4-c36229a73203@group-75C85B6D1182-LeaderElection115: begin an election at term 107 for -1: [9092f221-0e0d-4970-bb84-cacd95020f21:192.168.164.213:41903, af280123-6372-4d1f-a5d4-c36229a73203:192.168.164.213:35334, b4ae536c-ed18-4717-a75c-ca4b5d6c4001:192.168.164.213:41180], old=null
2019-10-24 15:44:02,998 [grpc-default-executor-4] INFO  impl.RaftServerImpl (RaftServerImpl.java:setRole(184)) - 9092f221-0e0d-4970-bb84-cacd95020f21@group-75C85B6D1182: changes role from  FOLLOWER to FOLLOWER at term 107 for recognizeCandidate:af280123-6372-4d1f-a5d4-c36229a73203
2019-10-24 15:44:02,998 [grpc-default-executor-4] INFO  impl.RoleInfo (RoleInfo.java:shutdownFollowerState(121)) - 9092f221-0e0d-4970-bb84-cacd95020f21: shutdown FollowerState
2019-10-24 15:44:02,998 [grpc-default-executor-5] INFO  impl.RaftServerImpl (RaftServerImpl.java:setRole(184)) - b4ae536c-ed18-4717-a75c-ca4b5d6c4001@group-75C85B6D1182: changes role from  FOLLOWER to FOLLOWER at term 107 for recognizeCandidate:af280123-6372-4d1f-a5d4-c36229a73203
2019-10-24 15:44:02,998 [Thread-1285] INFO  impl.FollowerState (FollowerState.java:run(117)) - 9092f221-0e0d-4970-bb84-cacd95020f21@group-75C85B6D1182-FollowerState was interrupted: java.lang.InterruptedException: sleep interrupted
2019-10-24 15:44:02,998 [grpc-default-executor-4] INFO  impl.RoleInfo (RoleInfo.java:updateAndGet(143)) - 9092f221-0e0d-4970-bb84-cacd95020f21: start FollowerState
2019-10-24 15:44:02,998 [grpc-default-executor-5] INFO  impl.RoleInfo (RoleInfo.java:shutdownFollowerState(121)) - b4ae536c-ed18-4717-a75c-ca4b5d6c4001: shutdown FollowerState
2019-10-24 15:44:02,998 [grpc-default-executor-5] INFO  impl.RoleInfo (RoleInfo.java:updateAndGet(143)) - b4ae536c-ed18-4717-a75c-ca4b5d6c4001: start FollowerState
2019-10-24 15:44:02,999 [Thread-1284] INFO  impl.FollowerState (FollowerState.java:run(117)) - b4ae536c-ed18-4717-a75c-ca4b5d6c4001@group-75C85B6D1182-FollowerState was interrupted: java.lang.InterruptedException: sleep interrupted
2019-10-24 15:44:03,013 [af280123-6372-4d1f-a5d4-c36229a73203@group-75C85B6D1182-LeaderElection115] INFO  impl.LeaderElection (LeaderElection.java:logAndReturn(56)) - af280123-6372-4d1f-a5d4-c36229a73203@group-75C85B6D1182-LeaderElection115: Election REJECTED; received 2 response(s) [af280123-6372-4d1f-a5d4-c36229a73203<-9092f221-0e0d-4970-bb84-cacd95020f21#0:FAIL-t107, af280123-6372-4d1f-a5d4-c36229a73203<-b4ae536c-ed18-4717-a75c-ca4b5d6c4001#0:FAIL-t107] and 0 exception(s); af280123-6372-4d1f-a5d4-c36229a73203@group-75C85B6D1182:t107, leader=null, voted=af280123-6372-4d1f-a5d4-c36229a73203, raftlog=af280123-6372-4d1f-a5d4-c36229a73203@group-75C85B6D1182-SegmentedRaftLog:OPENED:c-1,f-1,i0, conf=-1: [9092f221-0e0d-4970-bb84-cacd95020f21:192.168.164.213:41903, af280123-6372-4d1f-a5d4-c36229a73203:192.168.164.213:35334, b4ae536c-ed18-4717-a75c-ca4b5d6c4001:192.168.164.213:41180], old=null
2019-10-24 15:44:03,013 [af280123-6372-4d1f-a5d4-c36229a73203@group-75C85B6D1182-LeaderElection115] INFO  impl.RaftServerImpl (RaftServerImpl.java:setRole(184)) - af280123-6372-4d1f-a5d4-c36229a73203@group-75C85B6D1182: changes role from CANDIDATE to FOLLOWER at term 107 for DISCOVERED_A_NEW_TERM
2019-10-24 15:44:03,013 [af280123-6372-4d1f-a5d4-c36229a73203@group-75C85B6D1182-LeaderElection115] INFO  impl.RoleInfo (RoleInfo.java:shutdownLeaderElection(134)) - af280123-6372-4d1f-a5d4-c36229a73203: shutdown LeaderElection
2019-10-24 15:44:03,013 [af280123-6372-4d1f-a5d4-c36229a73203@group-75C85B6D1182-LeaderElection115] INFO  impl.RoleInfo (RoleInfo.java:updateAndGet(143)) - af280123-6372-4d1f-a5d4-c36229a73203: start FollowerState
2019-10-24 15:44:03,035 [Thread-1292] INFO  impl.FollowerState (FollowerState.java:run(108)) - af280123-6372-4d1f-a5d4-c36229a73203@group-75C85B6D1182-FollowerState: change to CANDIDATE, lastRpcTime:21ms, electionTimeout:21ms
2019-10-24 15:44:03,035 [Thread-1292] INFO  impl.RoleInfo (RoleInfo.java:shutdownFollowerState(121)) - af280123-6372-4d1f-a5d4-c36229a73203: shutdown FollowerState
2019-10-24 15:44:03,035 [Thread-1292] INFO  impl.RaftServerImpl (RaftServerImpl.java:setRole(184)) - af280123-6372-4d1f-a5d4-c36229a73203@group-75C85B6D1182: changes role from  FOLLOWER to CANDIDATE at term 107 for changeToCandidate
2019-10-24 15:44:03,036 [Thread-1292] INFO  impl.RoleInfo (RoleInfo.java:updateAndGet(143)) - af280123-6372-4d1f-a5d4-c36229a73203: start LeaderElection
2019-10-24 15:44:03,050 [af280123-6372-4d1f-a5d4-c36229a73203@group-75C85B6D1182-LeaderElection116] INFO  impl.LeaderElection (LeaderElection.java:askForVotes(178)) - af280123-6372-4d1f-a5d4-c36229a73203@group-75C85B6D1182-LeaderElection116: begin an election at term 108 for -1: [9092f221-0e0d-4970-bb84-cacd95020f21:192.168.164.213:41903, af280123-6372-4d1f-a5d4-c36229a73203:192.168.164.213:35334, b4ae536c-ed18-4717-a75c-ca4b5d6c4001:192.168.164.213:41180], old=null
2019-10-24 15:44:03,052 [grpc-default-executor-5] INFO  impl.RaftServerImpl (RaftServerImpl.java:setRole(184)) - 9092f221-0e0d-4970-bb84-cacd95020f21@group-75C85B6D1182: changes role from  FOLLOWER to FOLLOWER at term 108 for recognizeCandidate:af280123-6372-4d1f-a5d4-c36229a73203
2019-10-24 15:44:03,052 [grpc-default-executor-5] INFO  impl.RoleInfo (RoleInfo.java:shutdownFollowerState(121)) - 9092f221-0e0d-4970-bb84-cacd95020f21: shutdown FollowerState
2019-10-24 15:44:03,052 [grpc-default-executor-5] INFO  impl.RoleInfo (RoleInfo.java:updateAndGet(143)) - 9092f221-0e0d-4970-bb84-cacd95020f21: start FollowerState
2019-10-24 15:44:03,052 [Thread-1290] INFO  impl.FollowerState (FollowerState.java:run(117)) - 9092f221-0e0d-4970-bb84-cacd95020f21@group-75C85B6D1182-FollowerState was interrupted: java.lang.InterruptedException: sleep interrupted
2019-10-24 15:44:03,053 [grpc-default-executor-4] INFO  impl.RaftServerImpl (RaftServerImpl.java:setRole(184)) - b4ae536c-ed18-4717-a75c-ca4b5d6c4001@group-75C85B6D1182: changes role from  FOLLOWER to FOLLOWER at term 108 for recognizeCandidate:af280123-6372-4d1f-a5d4-c36229a73203
2019-10-24 15:44:03,053 [grpc-default-executor-4] INFO  impl.RoleInfo (RoleInfo.java:shutdownFollowerState(121)) - b4ae536c-ed18-4717-a75c-ca4b5d6c4001: shutdown FollowerState
2019-10-24 15:44:03,053 [grpc-default-executor-4] INFO  impl.RoleInfo (RoleInfo.java:updateAndGet(143)) - b4ae536c-ed18-4717-a75c-ca4b5d6c4001: start FollowerState
2019-10-24 15:44:03,053 [Thread-1291] INFO  impl.FollowerState (FollowerState.java:run(117)) - b4ae536c-ed18-4717-a75c-ca4b5d6c4001@group-75C85B6D1182-FollowerState was interrupted: java.lang.InterruptedException: sleep interrupted
2019-10-24 15:44:03,067 [af280123-6372-4d1f-a5d4-c36229a73203@group-75C85B6D1182-LeaderElection116] INFO  impl.LeaderElection (LeaderElection.java:logAndReturn(56)) - af280123-6372-4d1f-a5d4-c36229a73203@group-75C85B6D1182-LeaderElection116: Election REJECTED; received 2 response(s) [af280123-6372-4d1f-a5d4-c36229a73203<-9092f221-0e0d-4970-bb84-cacd95020f21#0:FAIL-t108, af280123-6372-4d1f-a5d4-c36229a73203<-b4ae536c-ed18-4717-a75c-ca4b5d6c4001#0:FAIL-t108] and 0 exception(s); af280123-6372-4d1f-a5d4-c36229a73203@group-75C85B6D1182:t108, leader=null, voted=af280123-6372-4d1f-a5d4-c36229a73203, raftlog=af280123-6372-4d1f-a5d4-c36229a73203@group-75C85B6D1182-SegmentedRaftLog:OPENED:c-1,f-1,i0, conf=-1: [9092f221-0e0d-4970-bb84-cacd95020f21:192.168.164.213:41903, af280123-6372-4d1f-a5d4-c36229a73203:192.168.164.213:35334, b4ae536c-ed18-4717-a75c-ca4b5d6c4001:192.168.164.213:41180], old=null
2019-10-24 15:44:03,067 [af280123-6372-4d1f-a5d4-c36229a73203@group-75C85B6D1182-LeaderElection116] INFO  impl.RaftServerImpl (RaftServerImpl.java:setRole(184)) - af280123-6372-4d1f-a5d4-c36229a73203@group-75C85B6D1182: changes role from CANDIDATE to FOLLOWER at term 108 for DISCOVERED_A_NEW_TERM
2019-10-24 15:44:03,067 [af280123-6372-4d1f-a5d4-c36229a73203@group-75C85B6D1182-LeaderElection116] INFO  impl.RoleInfo (RoleInfo.java:shutdownLeaderElection(134)) - af280123-6372-4d1f-a5d4-c36229a73203: shutdown LeaderElection
2019-10-24 15:44:03,068 [af280123-6372-4d1f-a5d4-c36229a73203@group-75C85B6D1182-LeaderElection116] INFO  impl.RoleInfo (RoleInfo.java:updateAndGet(143)) - af280123-6372-4d1f-a5d4-c36229a73203: start FollowerState
2019-10-24 15:44:03,081 [Thread-1298] INFO  impl.FollowerState (FollowerState.java:run(108)) - af280123-6372-4d1f-a5d4-c36229a73203@group-75C85B6D1182-FollowerState: change to CANDIDATE, lastRpcTime:13ms, electionTimeout:13ms
2019-10-24 15:44:03,081 [Thread-1298] INFO  impl.RoleInfo (RoleInfo.java:shutdownFollowerState(121)) - af280123-6372-4d1f-a5d4-c36229a73203: shutdown FollowerState
2019-10-24 15:44:03,081 [Thread-1298] INFO  impl.RaftServerImpl (RaftServerImpl.java:setRole(184)) - af280123-6372-4d1f-a5d4-c36229a73203@group-75C85B6D1182: changes role from  FOLLOWER to CANDIDATE at term 108 for changeToCandidate
2019-10-24 15:44:03,081 [Thread-1298] INFO  impl.RoleInfo (RoleInfo.java:updateAndGet(143)) - af280123-6372-4d1f-a5d4-c36229a73203: start LeaderElection
2019-10-24 15:44:03,095 [af280123-6372-4d1f-a5d4-c36229a73203@group-75C85B6D1182-LeaderElection117] INFO  impl.LeaderElection (LeaderElection.java:askForVotes(178)) - af280123-6372-4d1f-a5d4-c36229a73203@group-75C85B6D1182-LeaderElection117: begin an election at term 109 for -1: [9092f221-0e0d-4970-bb84-cacd95020f21:192.168.164.213:41903, af280123-6372-4d1f-a5d4-c36229a73203:192.168.164.213:35334, b4ae536c-ed18-4717-a75c-ca4b5d6c4001:192.168.164.213:41180], old=null
2019-10-24 15:44:03,096 [grpc-default-executor-5] INFO  impl.RaftServerImpl (RaftServerImpl.java:setRole(184)) - 9092f221-0e0d-4970-bb84-cacd95020f21@group-75C85B6D1182: changes role from  FOLLOWER to FOLLOWER at term 109 for recognizeCandidate:af280123-6372-4d1f-a5d4-c36229a73203
2019-10-24 15:44:03,096 [grpc-default-executor-4] INFO  impl.RaftServerImpl (RaftServerImpl.java:setRole(184)) - b4ae536c-ed18-4717-a75c-ca4b5d6c4001@group-75C85B6D1182: changes role from  FOLLOWER to FOLLOWER at term 109 for recognizeCandidate:af280123-6372-4d1f-a5d4-c36229a73203
2019-10-24 15:44:03,096 [grpc-default-executor-5] INFO  impl.RoleInfo (RoleInfo.java:shutdownFollowerState(121)) - 9092f221-0e0d-4970-bb84-cacd95020f21: shutdown FollowerState
2019-10-24 15:44:03,097 [grpc-default-executor-4] INFO  impl.RoleInfo (RoleInfo.java:shutdownFollowerState(121)) - b4ae536c-ed18-4717-a75c-ca4b5d6c4001: shutdown FollowerState
2019-10-24 15:44:03,097 [grpc-default-executor-5] INFO  impl.RoleInfo (RoleInfo.java:updateAndGet(143)) - 9092f221-0e0d-4970-bb84-cacd95020f21: start FollowerState
2019-10-24 15:44:03,097 [Thread-1297] INFO  impl.FollowerState (FollowerState.java:run(117)) - b4ae536c-ed18-4717-a75c-ca4b5d6c4001@group-75C85B6D1182-FollowerState was interrupted: java.lang.InterruptedException: sleep interrupted
2019-10-24 15:44:03,097 [Thread-1296] INFO  impl.FollowerState (FollowerState.java:run(117)) - 9092f221-0e0d-4970-bb84-cacd95020f21@group-75C85B6D1182-FollowerState was interrupted: java.lang.InterruptedException: sleep interrupted
2019-10-24 15:44:03,097 [grpc-default-executor-4] INFO  impl.RoleInfo (RoleInfo.java:updateAndGet(143)) - b4ae536c-ed18-4717-a75c-ca4b5d6c4001: start FollowerState
2019-10-24 15:44:03,106 [af280123-6372-4d1f-a5d4-c36229a73203@group-75C85B6D1182-LeaderElection117] INFO  impl.LeaderElection (LeaderElection.java:logAndReturn(56)) - af280123-6372-4d1f-a5d4-c36229a73203@group-75C85B6D1182-LeaderElection117: Election TIMEOUT; received 0 response(s) [] and 0 exception(s); af280123-6372-4d1f-a5d4-c36229a73203@group-75C85B6D1182:t109, leader=null, voted=af280123-6372-4d1f-a5d4-c36229a73203, raftlog=af280123-6372-4d1f-a5d4-c36229a73203@group-75C85B6D1182-SegmentedRaftLog:OPENED:c-1,f-1,i0, conf=-1: [9092f221-0e0d-4970-bb84-cacd95020f21:192.168.164.213:41903, af280123-6372-4d1f-a5d4-c36229a73203:192.168.164.213:35334, b4ae536c-ed18-4717-a75c-ca4b5d6c4001:192.168.164.213:41180], old=null
2019-10-24 15:44:03,110 [af280123-6372-4d1f-a5d4-c36229a73203@group-75C85B6D1182-LeaderElection117] INFO  impl.LeaderElection (LeaderElection.java:askForVotes(178)) - af280123-6372-4d1f-a5d4-c36229a73203@group-75C85B6D1182-LeaderElection117: begin an election at term 110 for -1: [9092f221-0e0d-4970-bb84-cacd95020f21:192.168.164.213:41903, af280123-6372-4d1f-a5d4-c36229a73203:192.168.164.213:35334, b4ae536c-ed18-4717-a75c-ca4b5d6c4001:192.168.164.213:41180], old=null
2019-10-24 15:44:03,111 [grpc-default-executor-4] INFO  impl.RaftServerImpl (RaftServerImpl.java:setRole(184)) - 9092f221-0e0d-4970-bb84-cacd95020f21@group-75C85B6D1182: changes role from  FOLLOWER to FOLLOWER at term 110 for recognizeCandidate:af280123-6372-4d1f-a5d4-c36229a73203
2019-10-24 15:44:03,112 [grpc-default-executor-4] INFO  impl.RoleInfo (RoleInfo.java:shutdownFollowerState(121)) - 9092f221-0e0d-4970-bb84-cacd95020f21: shutdown FollowerState
2019-10-24 15:44:03,112 [grpc-default-executor-5] INFO  impl.RaftServerImpl (RaftServerImpl.java:setRole(184)) - b4ae536c-ed18-4717-a75c-ca4b5d6c4001@group-75C85B6D1182: changes role from  FOLLOWER to FOLLOWER at term 110 for recognizeCandidate:af280123-6372-4d1f-a5d4-c36229a73203
2019-10-24 15:44:03,112 [Thread-1302] INFO  impl.FollowerState (FollowerState.java:run(117)) - 9092f221-0e0d-4970-bb84-cacd95020f21@group-75C85B6D1182-FollowerState was interrupted: java.lang.InterruptedException: sleep interrupted
2019-10-24 15:44:03,112 [grpc-default-executor-4] INFO  impl.RoleInfo (RoleInfo.java:updateAndGet(143)) - 9092f221-0e0d-4970-bb84-cacd95020f21: start FollowerState
2019-10-24 15:44:03,112 [grpc-default-executor-5] INFO  impl.RoleInfo (RoleInfo.java:shutdownFollowerState(121)) - b4ae536c-ed18-4717-a75c-ca4b5d6c4001: shutdown FollowerState
2019-10-24 15:44:03,112 [grpc-default-executor-5] INFO  impl.RoleInfo (RoleInfo.java:updateAndGet(143)) - b4ae536c-ed18-4717-a75c-ca4b5d6c4001: start FollowerState
2019-10-24 15:44:03,112 [Thread-1303] INFO  impl.FollowerState (FollowerState.java:run(117)) - b4ae536c-ed18-4717-a75c-ca4b5d6c4001@group-75C85B6D1182-FollowerState was interrupted: java.lang.InterruptedException: sleep interrupted
2019-10-24 15:44:03,127 [af280123-6372-4d1f-a5d4-c36229a73203@group-75C85B6D1182-LeaderElection117] INFO  impl.LeaderElection (LeaderElection.java:logAndReturn(56)) - af280123-6372-4d1f-a5d4-c36229a73203@group-75C85B6D1182-LeaderElection117: Election REJECTED; received 2 response(s) [af280123-6372-4d1f-a5d4-c36229a73203<-9092f221-0e0d-4970-bb84-cacd95020f21#0:FAIL-t110, af280123-6372-4d1f-a5d4-c36229a73203<-b4ae536c-ed18-4717-a75c-ca4b5d6c4001#0:FAIL-t110] and 0 exception(s); af280123-6372-4d1f-a5d4-c36229a73203@group-75C85B6D1182:t110, leader=null, voted=af280123-6372-4d1f-a5d4-c36229a73203, raftlog=af280123-6372-4d1f-a5d4-c36229a73203@group-75C85B6D1182-SegmentedRaftLog:OPENED:c-1,f-1,i0, conf=-1: [9092f221-0e0d-4970-bb84-cacd95020f21:192.168.164.213:41903, af280123-6372-4d1f-a5d4-c36229a73203:192.168.164.213:35334, b4ae536c-ed18-4717-a75c-ca4b5d6c4001:192.168.164.213:41180], old=null
2019-10-24 15:44:03,127 [af280123-6372-4d1f-a5d4-c36229a73203@group-75C85B6D1182-LeaderElection117] INFO  impl.RaftServerImpl (RaftServerImpl.java:setRole(184)) - af280123-6372-4d1f-a5d4-c36229a73203@group-75C85B6D1182: changes role from CANDIDATE to FOLLOWER at term 110 for DISCOVERED_A_NEW_TERM
2019-10-24 15:44:03,127 [af280123-6372-4d1f-a5d4-c36229a73203@group-75C85B6D1182-LeaderElection117] INFO  impl.RoleInfo (RoleInfo.java:shutdownLeaderElection(134)) - af280123-6372-4d1f-a5d4-c36229a73203: shutdown LeaderElection
2019-10-24 15:44:03,127 [af280123-6372-4d1f-a5d4-c36229a73203@group-75C85B6D1182-LeaderElection117] INFO  impl.RoleInfo (RoleInfo.java:updateAndGet(143)) - af280123-6372-4d1f-a5d4-c36229a73203: start FollowerState
2019-10-24 15:44:03,130 [Thread-1310] INFO  impl.FollowerState (FollowerState.java:run(108)) - af280123-6372-4d1f-a5d4-c36229a73203@group-75C85B6D1182-FollowerState: change to CANDIDATE, lastRpcTime:3ms, electionTimeout:3ms
2019-10-24 15:44:03,130 [Thread-1310] INFO  impl.RoleInfo (RoleInfo.java:shutdownFollowerState(121)) - af280123-6372-4d1f-a5d4-c36229a73203: shutdown FollowerState
2019-10-24 15:44:03,131 [Thread-1310] INFO  impl.RaftServerImpl (RaftServerImpl.java:setRole(184)) - af280123-6372-4d1f-a5d4-c36229a73203@group-75C85B6D1182: changes role from  FOLLOWER to CANDIDATE at term 110 for changeToCandidate
2019-10-24 15:44:03,131 [Thread-1310] INFO  impl.RoleInfo (RoleInfo.java:updateAndGet(143)) - af280123-6372-4d1f-a5d4-c36229a73203: start LeaderElection
2019-10-24 15:44:03,143 [af280123-6372-4d1f-a5d4-c36229a73203@group-75C85B6D1182-LeaderElection118] INFO  impl.LeaderElection (LeaderElection.java:askForVotes(178)) - af280123-6372-4d1f-a5d4-c36229a73203@group-75C85B6D1182-LeaderElection118: begin an election at term 111 for -1: [9092f221-0e0d-4970-bb84-cacd95020f21:192.168.164.213:41903, af280123-6372-4d1f-a5d4-c36229a73203:192.168.164.213:35334, b4ae536c-ed18-4717-a75c-ca4b5d6c4001:192.168.164.213:41180], old=null
2019-10-24 15:44:03,145 [grpc-default-executor-5] INFO  impl.RaftServerImpl (RaftServerImpl.java:setRole(184)) - b4ae536c-ed18-4717-a75c-ca4b5d6c4001@group-75C85B6D1182: changes role from  FOLLOWER to FOLLOWER at term 111 for recognizeCandidate:af280123-6372-4d1f-a5d4-c36229a73203
2019-10-24 15:44:03,145 [grpc-default-executor-4] INFO  impl.RaftServerImpl (RaftServerImpl.java:setRole(184)) - 9092f221-0e0d-4970-bb84-cacd95020f21@group-75C85B6D1182: changes role from  FOLLOWER to FOLLOWER at term 111 for recognizeCandidate:af280123-6372-4d1f-a5d4-c36229a73203
2019-10-24 15:44:03,145 [grpc-default-executor-5] INFO  impl.RoleInfo (RoleInfo.java:shutdownFollowerState(121)) - b4ae536c-ed18-4717-a75c-ca4b5d6c4001: shutdown FollowerState
2019-10-24 15:44:03,145 [grpc-default-executor-4] INFO  impl.RoleInfo (RoleInfo.java:shutdownFollowerState(121)) - 9092f221-0e0d-4970-bb84-cacd95020f21: shutdown FollowerState
2019-10-24 15:44:03,146 [Thread-1309] INFO  impl.FollowerState (FollowerState.java:run(117)) - b4ae536c-ed18-4717-a75c-ca4b5d6c4001@group-75C85B6D1182-FollowerState was interrupted: java.lang.InterruptedException: sleep interrupted
2019-10-24 15:44:03,145 [grpc-default-executor-5] INFO  impl.RoleInfo (RoleInfo.java:updateAndGet(143)) - b4ae536c-ed18-4717-a75c-ca4b5d6c4001: start FollowerState
2019-10-24 15:44:03,146 [Thread-1308] INFO  impl.FollowerState (FollowerState.java:run(117)) - 9092f221-0e0d-4970-bb84-cacd95020f21@group-75C85B6D1182-FollowerState was interrupted: java.lang.InterruptedException: sleep interrupted
2019-10-24 15:44:03,146 [grpc-default-executor-4] INFO  impl.RoleInfo (RoleInfo.java:updateAndGet(143)) - 9092f221-0e0d-4970-bb84-cacd95020f21: start FollowerState
2019-10-24 15:44:03,160 [af280123-6372-4d1f-a5d4-c36229a73203@group-75C85B6D1182-LeaderElection118] INFO  impl.LeaderElection (LeaderElection.java:logAndReturn(56)) - af280123-6372-4d1f-a5d4-c36229a73203@group-75C85B6D1182-LeaderElection118: Election REJECTED; received 2 response(s) [af280123-6372-4d1f-a5d4-c36229a73203<-9092f221-0e0d-4970-bb84-cacd95020f21#0:FAIL-t111, af280123-6372-4d1f-a5d4-c36229a73203<-b4ae536c-ed18-4717-a75c-ca4b5d6c4001#0:FAIL-t111] and 0 exception(s); af280123-6372-4d1f-a5d4-c36229a73203@group-75C85B6D1182:t111, leader=null, voted=af280123-6372-4d1f-a5d4-c36229a73203, raftlog=af280123-6372-4d1f-a5d4-c36229a73203@group-75C85B6D1182-SegmentedRaftLog:OPENED:c-1,f-1,i0, conf=-1: [9092f221-0e0d-4970-bb84-cacd95020f21:192.168.164.213:41903, af280123-6372-4d1f-a5d4-c36229a73203:192.168.164.213:35334, b4ae536c-ed18-4717-a75c-ca4b5d6c4001:192.168.164.213:41180], old=null
2019-10-24 15:44:03,160 [af280123-6372-4d1f-a5d4-c36229a73203@group-75C85B6D1182-LeaderElection118] INFO  impl.RaftServerImpl (RaftServerImpl.java:setRole(184)) - af280123-6372-4d1f-a5d4-c36229a73203@group-75C85B6D1182: changes role from CANDIDATE to FOLLOWER at term 111 for DISCOVERED_A_NEW_TERM
2019-10-24 15:44:03,160 [af280123-6372-4d1f-a5d4-c36229a73203@group-75C85B6D1182-LeaderElection118] INFO  impl.RoleInfo (RoleInfo.java:shutdownLeaderElection(134)) - af280123-6372-4d1f-a5d4-c36229a73203: shutdown LeaderElection
2019-10-24 15:44:03,160 [af280123-6372-4d1f-a5d4-c36229a73203@group-75C85B6D1182-LeaderElection118] INFO  impl.RoleInfo (RoleInfo.java:updateAndGet(143)) - af280123-6372-4d1f-a5d4-c36229a73203: start FollowerState
2019-10-24 15:44:03,334 [Thread-1316] INFO  impl.FollowerState (FollowerState.java:run(108)) - af280123-6372-4d1f-a5d4-c36229a73203@group-75C85B6D1182-FollowerState: change to CANDIDATE, lastRpcTime:173ms, electionTimeout:173ms
2019-10-24 15:44:03,334 [Thread-1316] INFO  impl.RoleInfo (RoleInfo.java:shutdownFollowerState(121)) - af280123-6372-4d1f-a5d4-c36229a73203: shutdown FollowerState
2019-10-24 15:44:03,334 [Thread-1316] INFO  impl.RaftServerImpl (RaftServerImpl.java:setRole(184)) - af280123-6372-4d1f-a5d4-c36229a73203@group-75C85B6D1182: changes role from  FOLLOWER to CANDIDATE at term 111 for changeToCandidate
2019-10-24 15:44:03,334 [Thread-1316] INFO  impl.RoleInfo (RoleInfo.java:updateAndGet(143)) - af280123-6372-4d1f-a5d4-c36229a73203: start LeaderElection
2019-10-24 15:44:03,348 [af280123-6372-4d1f-a5d4-c36229a73203@group-75C85B6D1182-LeaderElection119] INFO  impl.LeaderElection (LeaderElection.java:askForVotes(178)) - af280123-6372-4d1f-a5d4-c36229a73203@group-75C85B6D1182-LeaderElection119: begin an election at term 112 for -1: [9092f221-0e0d-4970-bb84-cacd95020f21:192.168.164.213:41903, af280123-6372-4d1f-a5d4-c36229a73203:192.168.164.213:35334, b4ae536c-ed18-4717-a75c-ca4b5d6c4001:192.168.164.213:41180], old=null
2019-10-24 15:44:03,351 [grpc-default-executor-5] INFO  impl.RaftServerImpl (RaftServerImpl.java:setRole(184)) - b4ae536c-ed18-4717-a75c-ca4b5d6c4001@group-75C85B6D1182: changes role from  FOLLOWER to FOLLOWER at term 112 for recognizeCandidate:af280123-6372-4d1f-a5d4-c36229a73203
2019-10-24 15:44:03,352 [grpc-default-executor-4] INFO  impl.RaftServerImpl (RaftServerImpl.java:setRole(184)) - 9092f221-0e0d-4970-bb84-cacd95020f21@group-75C85B6D1182: changes role from  FOLLOWER to FOLLOWER at term 112 for recognizeCandidate:af280123-6372-4d1f-a5d4-c36229a73203
2019-10-24 15:44:03,352 [grpc-default-executor-5] INFO  impl.RoleInfo (RoleInfo.java:shutdownFollowerState(121)) - b4ae536c-ed18-4717-a75c-ca4b5d6c4001: shutdown FollowerState
2019-10-24 15:44:03,352 [grpc-default-executor-4] INFO  impl.RoleInfo (RoleInfo.java:shutdownFollowerState(121)) - 9092f221-0e0d-4970-bb84-cacd95020f21: shutdown FollowerState
2019-10-24 15:44:03,352 [Thread-1314] INFO  impl.FollowerState (FollowerState.java:run(117)) - b4ae536c-ed18-4717-a75c-ca4b5d6c4001@group-75C85B6D1182-FollowerState was interrupted: java.lang.InterruptedException: sleep interrupted
2019-10-24 15:44:03,352 [grpc-default-executor-4] INFO  impl.RoleInfo (RoleInfo.java:updateAndGet(143)) - 9092f221-0e0d-4970-bb84-cacd95020f21: start FollowerState
2019-10-24 15:44:03,352 [grpc-default-executor-5] INFO  impl.RoleInfo (RoleInfo.java:updateAndGet(143)) - b4ae536c-ed18-4717-a75c-ca4b5d6c4001: start FollowerState
2019-10-24 15:44:03,352 [Thread-1315] INFO  impl.FollowerState (FollowerState.java:run(117)) - 9092f221-0e0d-4970-bb84-cacd95020f21@group-75C85B6D1182-FollowerState was interrupted: java.lang.InterruptedException: sleep interrupted
2019-10-24 15:44:03,368 [af280123-6372-4d1f-a5d4-c36229a73203@group-75C85B6D1182-LeaderElection119] INFO  impl.LeaderElection (LeaderElection.java:logAndReturn(56)) - af280123-6372-4d1f-a5d4-c36229a73203@group-75C85B6D1182-LeaderElection119: Election REJECTED; received 2 response(s) [af280123-6372-4d1f-a5d4-c36229a73203<-9092f221-0e0d-4970-bb84-cacd95020f21#0:FAIL-t112, af280123-6372-4d1f-a5d4-c36229a73203<-b4ae536c-ed18-4717-a75c-ca4b5d6c4001#0:FAIL-t112] and 0 exception(s); af280123-6372-4d1f-a5d4-c36229a73203@group-75C85B6D1182:t112, leader=null, voted=af280123-6372-4d1f-a5d4-c36229a73203, raftlog=af280123-6372-4d1f-a5d4-c36229a73203@group-75C85B6D1182-SegmentedRaftLog:OPENED:c-1,f-1,i0, conf=-1: [9092f221-0e0d-4970-bb84-cacd95020f21:192.168.164.213:41903, af280123-6372-4d1f-a5d4-c36229a73203:192.168.164.213:35334, b4ae536c-ed18-4717-a75c-ca4b5d6c4001:192.168.164.213:41180], old=null
2019-10-24 15:44:03,368 [af280123-6372-4d1f-a5d4-c36229a73203@group-75C85B6D1182-LeaderElection119] INFO  impl.RaftServerImpl (RaftServerImpl.java:setRole(184)) - af280123-6372-4d1f-a5d4-c36229a73203@group-75C85B6D1182: changes role from CANDIDATE to FOLLOWER at term 112 for DISCOVERED_A_NEW_TERM
2019-10-24 15:44:03,368 [af280123-6372-4d1f-a5d4-c36229a73203@group-75C85B6D1182-LeaderElection119] INFO  impl.RoleInfo (RoleInfo.java:shutdownLeaderElection(134)) - af280123-6372-4d1f-a5d4-c36229a73203: shutdown LeaderElection
2019-10-24 15:44:03,368 [af280123-6372-4d1f-a5d4-c36229a73203@group-75C85B6D1182-LeaderElection119] INFO  impl.RoleInfo (RoleInfo.java:updateAndGet(143)) - af280123-6372-4d1f-a5d4-c36229a73203: start FollowerState
2019-10-24 15:44:03,490 [Thread-1324] INFO  impl.FollowerState (FollowerState.java:run(108)) - af280123-6372-4d1f-a5d4-c36229a73203@group-75C85B6D1182-FollowerState: change to CANDIDATE, lastRpcTime:121ms, electionTimeout:121ms
2019-10-24 15:44:03,490 [Thread-1324] INFO  impl.RoleInfo (RoleInfo.java:shutdownFollowerState(121)) - af280123-6372-4d1f-a5d4-c36229a73203: shutdown FollowerState
2019-10-24 15:44:03,490 [Thread-1324] INFO  impl.RaftServerImpl (RaftServerImpl.java:setRole(184)) - af280123-6372-4d1f-a5d4-c36229a73203@group-75C85B6D1182: changes role from  FOLLOWER to CANDIDATE at term 112 for changeToCandidate
2019-10-24 15:44:03,491 [Thread-1324] INFO  impl.RoleInfo (RoleInfo.java:updateAndGet(143)) - af280123-6372-4d1f-a5d4-c36229a73203: start LeaderElection
2019-10-24 15:44:03,504 [af280123-6372-4d1f-a5d4-c36229a73203@group-75C85B6D1182-LeaderElection120] INFO  impl.LeaderElection (LeaderElection.java:askForVotes(178)) - af280123-6372-4d1f-a5d4-c36229a73203@group-75C85B6D1182-LeaderElection120: begin an election at term 113 for -1: [9092f221-0e0d-4970-bb84-cacd95020f21:192.168.164.213:41903, af280123-6372-4d1f-a5d4-c36229a73203:192.168.164.213:35334, b4ae536c-ed18-4717-a75c-ca4b5d6c4001:192.168.164.213:41180], old=null
2019-10-24 15:44:03,506 [grpc-default-executor-4] INFO  impl.RaftServerImpl (RaftServerImpl.java:setRole(184)) - b4ae536c-ed18-4717-a75c-ca4b5d6c4001@group-75C85B6D1182: changes role from  FOLLOWER to FOLLOWER at term 113 for recognizeCandidate:af280123-6372-4d1f-a5d4-c36229a73203
2019-10-24 15:44:03,506 [grpc-default-executor-5] INFO  impl.RaftServerImpl (RaftServerImpl.java:setRole(184)) - 9092f221-0e0d-4970-bb84-cacd95020f21@group-75C85B6D1182: changes role from  FOLLOWER to FOLLOWER at term 113 for recognizeCandidate:af280123-6372-4d1f-a5d4-c36229a73203
2019-10-24 15:44:03,507 [grpc-default-executor-4] INFO  impl.RoleInfo (RoleInfo.java:shutdownFollowerState(121)) - b4ae536c-ed18-4717-a75c-ca4b5d6c4001: shutdown FollowerState
2019-10-24 15:44:03,507 [grpc-default-executor-5] INFO  impl.RoleInfo (RoleInfo.java:shutdownFollowerState(121)) - 9092f221-0e0d-4970-bb84-cacd95020f21: shutdown FollowerState
2019-10-24 15:44:03,507 [grpc-default-executor-4] INFO  impl.RoleInfo (RoleInfo.java:updateAndGet(143)) - b4ae536c-ed18-4717-a75c-ca4b5d6c4001: start FollowerState
2019-10-24 15:44:03,507 [grpc-default-executor-5] INFO  impl.RoleInfo (RoleInfo.java:updateAndGet(143)) - 9092f221-0e0d-4970-bb84-cacd95020f21: start FollowerState
2019-10-24 15:44:03,507 [Thread-1322] INFO  impl.FollowerState (FollowerState.java:run(117)) - b4ae536c-ed18-4717-a75c-ca4b5d6c4001@group-75C85B6D1182-FollowerState was interrupted: java.lang.InterruptedException: sleep interrupted
2019-10-24 15:44:03,507 [Thread-1323] INFO  impl.FollowerState (FollowerState.java:run(117)) - 9092f221-0e0d-4970-bb84-cacd95020f21@group-75C85B6D1182-FollowerState was interrupted: java.lang.InterruptedException: sleep interrupted
2019-10-24 15:44:03,522 [af280123-6372-4d1f-a5d4-c36229a73203@group-75C85B6D1182-LeaderElection120] INFO  impl.LeaderElection (LeaderElection.java:logAndReturn(56)) - af280123-6372-4d1f-a5d4-c36229a73203@group-75C85B6D1182-LeaderElection120: Election REJECTED; received 2 response(s) [af280123-6372-4d1f-a5d4-c36229a73203<-9092f221-0e0d-4970-bb84-cacd95020f21#0:FAIL-t113, af280123-6372-4d1f-a5d4-c36229a73203<-b4ae536c-ed18-4717-a75c-ca4b5d6c4001#0:FAIL-t113] and 0 exception(s); af280123-6372-4d1f-a5d4-c36229a73203@group-75C85B6D1182:t113, leader=null, voted=af280123-6372-4d1f-a5d4-c36229a73203, raftlog=af280123-6372-4d1f-a5d4-c36229a73203@group-75C85B6D1182-SegmentedRaftLog:OPENED:c-1,f-1,i0, conf=-1: [9092f221-0e0d-4970-bb84-cacd95020f21:192.168.164.213:41903, af280123-6372-4d1f-a5d4-c36229a73203:192.168.164.213:35334, b4ae536c-ed18-4717-a75c-ca4b5d6c4001:192.168.164.213:41180], old=null
2019-10-24 15:44:03,523 [af280123-6372-4d1f-a5d4-c36229a73203@group-75C85B6D1182-LeaderElection120] INFO  impl.RaftServerImpl (RaftServerImpl.java:setRole(184)) - af280123-6372-4d1f-a5d4-c36229a73203@group-75C85B6D1182: changes role from CANDIDATE to FOLLOWER at term 113 for DISCOVERED_A_NEW_TERM
2019-10-24 15:44:03,523 [af280123-6372-4d1f-a5d4-c36229a73203@group-75C85B6D1182-LeaderElection120] INFO  impl.RoleInfo (RoleInfo.java:shutdownLeaderElection(134)) - af280123-6372-4d1f-a5d4-c36229a73203: shutdown LeaderElection
2019-10-24 15:44:03,523 [af280123-6372-4d1f-a5d4-c36229a73203@group-75C85B6D1182-LeaderElection120] INFO  impl.RoleInfo (RoleInfo.java:updateAndGet(143)) - af280123-6372-4d1f-a5d4-c36229a73203: start FollowerState
2019-10-24 15:44:03,710 [Thread-1330] INFO  impl.FollowerState (FollowerState.java:run(108)) - af280123-6372-4d1f-a5d4-c36229a73203@group-75C85B6D1182-FollowerState: change to CANDIDATE, lastRpcTime:187ms, electionTimeout:187ms
2019-10-24 15:44:03,711 [Thread-1330] INFO  impl.RoleInfo (RoleInfo.java:shutdownFollowerState(121)) - af280123-6372-4d1f-a5d4-c36229a73203: shutdown FollowerState
2019-10-24 15:44:03,711 [Thread-1330] INFO  impl.RaftServerImpl (RaftServerImpl.java:setRole(184)) - af280123-6372-4d1f-a5d4-c36229a73203@group-75C85B6D1182: changes role from  FOLLOWER to CANDIDATE at term 113 for changeToCandidate
2019-10-24 15:44:03,711 [Thread-1330] INFO  impl.RoleInfo (RoleInfo.java:updateAndGet(143)) - af280123-6372-4d1f-a5d4-c36229a73203: start LeaderElection
2019-10-24 15:44:03,725 [af280123-6372-4d1f-a5d4-c36229a73203@group-75C85B6D1182-LeaderElection121] INFO  impl.LeaderElection (LeaderElection.java:askForVotes(178)) - af280123-6372-4d1f-a5d4-c36229a73203@group-75C85B6D1182-LeaderElection121: begin an election at term 114 for -1: [9092f221-0e0d-4970-bb84-cacd95020f21:192.168.164.213:41903, af280123-6372-4d1f-a5d4-c36229a73203:192.168.164.213:35334, b4ae536c-ed18-4717-a75c-ca4b5d6c4001:192.168.164.213:41180], old=null
2019-10-24 15:44:03,727 [grpc-default-executor-4] INFO  impl.RaftServerImpl (RaftServerImpl.java:setRole(184)) - b4ae536c-ed18-4717-a75c-ca4b5d6c4001@group-75C85B6D1182: changes role from  FOLLOWER to FOLLOWER at term 114 for recognizeCandidate:af280123-6372-4d1f-a5d4-c36229a73203
2019-10-24 15:44:03,727 [grpc-default-executor-4] INFO  impl.RoleInfo (RoleInfo.java:shutdownFollowerState(121)) - b4ae536c-ed18-4717-a75c-ca4b5d6c4001: shutdown FollowerState
2019-10-24 15:44:03,727 [grpc-default-executor-5] INFO  impl.RaftServerImpl (RaftServerImpl.java:setRole(184)) - 9092f221-0e0d-4970-bb84-cacd95020f21@group-75C85B6D1182: changes role from  FOLLOWER to FOLLOWER at term 114 for recognizeCandidate:af280123-6372-4d1f-a5d4-c36229a73203
2019-10-24 15:44:03,728 [grpc-default-executor-4] INFO  impl.RoleInfo (RoleInfo.java:updateAndGet(143)) - b4ae536c-ed18-4717-a75c-ca4b5d6c4001: start FollowerState
2019-10-24 15:44:03,728 [grpc-default-executor-5] INFO  impl.RoleInfo (RoleInfo.java:shutdownFollowerState(121)) - 9092f221-0e0d-4970-bb84-cacd95020f21: shutdown FollowerState
2019-10-24 15:44:03,728 [Thread-1328] INFO  impl.FollowerState (FollowerState.java:run(117)) - b4ae536c-ed18-4717-a75c-ca4b5d6c4001@group-75C85B6D1182-FollowerState was interrupted: java.lang.InterruptedException: sleep interrupted
2019-10-24 15:44:03,728 [Thread-1329] INFO  impl.FollowerState (FollowerState.java:run(117)) - 9092f221-0e0d-4970-bb84-cacd95020f21@group-75C85B6D1182-FollowerState was interrupted: java.lang.InterruptedException: sleep interrupted
2019-10-24 15:44:03,728 [grpc-default-executor-5] INFO  impl.RoleInfo (RoleInfo.java:updateAndGet(143)) - 9092f221-0e0d-4970-bb84-cacd95020f21: start FollowerState
2019-10-24 15:44:03,746 [af280123-6372-4d1f-a5d4-c36229a73203@group-75C85B6D1182-LeaderElection121] INFO  impl.LeaderElection (LeaderElection.java:logAndReturn(56)) - af280123-6372-4d1f-a5d4-c36229a73203@group-75C85B6D1182-LeaderElection121: Election REJECTED; received 2 response(s) [af280123-6372-4d1f-a5d4-c36229a73203<-9092f221-0e0d-4970-bb84-cacd95020f21#0:FAIL-t114, af280123-6372-4d1f-a5d4-c36229a73203<-b4ae536c-ed18-4717-a75c-ca4b5d6c4001#0:FAIL-t114] and 0 exception(s); af280123-6372-4d1f-a5d4-c36229a73203@group-75C85B6D1182:t114, leader=null, voted=af280123-6372-4d1f-a5d4-c36229a73203, raftlog=af280123-6372-4d1f-a5d4-c36229a73203@group-75C85B6D1182-SegmentedRaftLog:OPENED:c-1,f-1,i0, conf=-1: [9092f221-0e0d-4970-bb84-cacd95020f21:192.168.164.213:41903, af280123-6372-4d1f-a5d4-c36229a73203:192.168.164.213:35334, b4ae536c-ed18-4717-a75c-ca4b5d6c4001:192.168.164.213:41180], old=null
2019-10-24 15:44:03,746 [af280123-6372-4d1f-a5d4-c36229a73203@group-75C85B6D1182-LeaderElection121] INFO  impl.RaftServerImpl (RaftServerImpl.java:setRole(184)) - af280123-6372-4d1f-a5d4-c36229a73203@group-75C85B6D1182: changes role from CANDIDATE to FOLLOWER at term 114 for DISCOVERED_A_NEW_TERM
2019-10-24 15:44:03,746 [af280123-6372-4d1f-a5d4-c36229a73203@group-75C85B6D1182-LeaderElection121] INFO  impl.RoleInfo (RoleInfo.java:shutdownLeaderElection(134)) - af280123-6372-4d1f-a5d4-c36229a73203: shutdown LeaderElection
2019-10-24 15:44:03,746 [af280123-6372-4d1f-a5d4-c36229a73203@group-75C85B6D1182-LeaderElection121] INFO  impl.RoleInfo (RoleInfo.java:updateAndGet(143)) - af280123-6372-4d1f-a5d4-c36229a73203: start FollowerState
2019-10-24 15:44:03,752 [Thread-1338] INFO  impl.FollowerState (FollowerState.java:run(108)) - af280123-6372-4d1f-a5d4-c36229a73203@group-75C85B6D1182-FollowerState: change to CANDIDATE, lastRpcTime:6ms, electionTimeout:6ms
2019-10-24 15:44:03,752 [Thread-1338] INFO  impl.RoleInfo (RoleInfo.java:shutdownFollowerState(121)) - af280123-6372-4d1f-a5d4-c36229a73203: shutdown FollowerState
2019-10-24 15:44:03,753 [Thread-1338] INFO  impl.RaftServerImpl (RaftServerImpl.java:setRole(184)) - af280123-6372-4d1f-a5d4-c36229a73203@group-75C85B6D1182: changes role from  FOLLOWER to CANDIDATE at term 114 for changeToCandidate
2019-10-24 15:44:03,753 [Thread-1338] INFO  impl.RoleInfo (RoleInfo.java:updateAndGet(143)) - af280123-6372-4d1f-a5d4-c36229a73203: start LeaderElection
2019-10-24 15:44:03,766 [af280123-6372-4d1f-a5d4-c36229a73203@group-75C85B6D1182-LeaderElection122] INFO  impl.LeaderElection (LeaderElection.java:askForVotes(178)) - af280123-6372-4d1f-a5d4-c36229a73203@group-75C85B6D1182-LeaderElection122: begin an election at term 115 for -1: [9092f221-0e0d-4970-bb84-cacd95020f21:192.168.164.213:41903, af280123-6372-4d1f-a5d4-c36229a73203:192.168.164.213:35334, b4ae536c-ed18-4717-a75c-ca4b5d6c4001:192.168.164.213:41180], old=null
2019-10-24 15:44:03,768 [grpc-default-executor-5] INFO  impl.RaftServerImpl (RaftServerImpl.java:setRole(184)) - 9092f221-0e0d-4970-bb84-cacd95020f21@group-75C85B6D1182: changes role from  FOLLOWER to FOLLOWER at term 115 for recognizeCandidate:af280123-6372-4d1f-a5d4-c36229a73203
2019-10-24 15:44:03,768 [grpc-default-executor-4] INFO  impl.RaftServerImpl (RaftServerImpl.java:setRole(184)) - b4ae536c-ed18-4717-a75c-ca4b5d6c4001@group-75C85B6D1182: changes role from  FOLLOWER to FOLLOWER at term 115 for recognizeCandidate:af280123-6372-4d1f-a5d4-c36229a73203
2019-10-24 15:44:03,768 [grpc-default-executor-5] INFO  impl.RoleInfo (RoleInfo.java:shutdownFollowerState(121)) - 9092f221-0e0d-4970-bb84-cacd95020f21: shutdown FollowerState
2019-10-24 15:44:03,768 [grpc-default-executor-4] INFO  impl.RoleInfo (RoleInfo.java:shutdownFollowerState(121)) - b4ae536c-ed18-4717-a75c-ca4b5d6c4001: shutdown FollowerState
2019-10-24 15:44:03,769 [Thread-1337] INFO  impl.FollowerState (FollowerState.java:run(117)) - 9092f221-0e0d-4970-bb84-cacd95020f21@group-75C85B6D1182-FollowerState was interrupted: java.lang.InterruptedException: sleep interrupted
2019-10-24 15:44:03,769 [grpc-default-executor-4] INFO  impl.RoleInfo (RoleInfo.java:updateAndGet(143)) - b4ae536c-ed18-4717-a75c-ca4b5d6c4001: start FollowerState
2019-10-24 15:44:03,769 [grpc-default-executor-5] INFO  impl.RoleInfo (RoleInfo.java:updateAndGet(143)) - 9092f221-0e0d-4970-bb84-cacd95020f21: start FollowerState
2019-10-24 15:44:03,769 [Thread-1336] INFO  impl.FollowerState (FollowerState.java:run(117)) - b4ae536c-ed18-4717-a75c-ca4b5d6c4001@group-75C85B6D1182-FollowerState was interrupted: java.lang.InterruptedException: sleep interrupted
2019-10-24 15:44:03,784 [af280123-6372-4d1f-a5d4-c36229a73203@group-75C85B6D1182-LeaderElection122] INFO  impl.LeaderElection (LeaderElection.java:logAndReturn(56)) - af280123-6372-4d1f-a5d4-c36229a73203@group-75C85B6D1182-LeaderElection122: Election REJECTED; received 2 response(s) [af280123-6372-4d1f-a5d4-c36229a73203<-9092f221-0e0d-4970-bb84-cacd95020f21#0:FAIL-t115, af280123-6372-4d1f-a5d4-c36229a73203<-b4ae536c-ed18-4717-a75c-ca4b5d6c4001#0:FAIL-t115] and 0 exception(s); af280123-6372-4d1f-a5d4-c36229a73203@group-75C85B6D1182:t115, leader=null, voted=af280123-6372-4d1f-a5d4-c36229a73203, raftlog=af280123-6372-4d1f-a5d4-c36229a73203@group-75C85B6D1182-SegmentedRaftLog:OPENED:c-1,f-1,i0, conf=-1: [9092f221-0e0d-4970-bb84-cacd95020f21:192.168.164.213:41903, af280123-6372-4d1f-a5d4-c36229a73203:192.168.164.213:35334, b4ae536c-ed18-4717-a75c-ca4b5d6c4001:192.168.164.213:41180], old=null
2019-10-24 15:44:03,785 [af280123-6372-4d1f-a5d4-c36229a73203@group-75C85B6D1182-LeaderElection122] INFO  impl.RaftServerImpl (RaftServerImpl.java:setRole(184)) - af280123-6372-4d1f-a5d4-c36229a73203@group-75C85B6D1182: changes role from CANDIDATE to FOLLOWER at term 115 for DISCOVERED_A_NEW_TERM
2019-10-24 15:44:03,785 [af280123-6372-4d1f-a5d4-c36229a73203@group-75C85B6D1182-LeaderElection122] INFO  impl.RoleInfo (RoleInfo.java:shutdownLeaderElection(134)) - af280123-6372-4d1f-a5d4-c36229a73203: shutdown LeaderElection
2019-10-24 15:44:03,785 [af280123-6372-4d1f-a5d4-c36229a73203@group-75C85B6D1182-LeaderElection122] INFO  impl.RoleInfo (RoleInfo.java:updateAndGet(143)) - af280123-6372-4d1f-a5d4-c36229a73203: start FollowerState
2019-10-24 15:44:03,843 [Thread-1344] INFO  impl.FollowerState (FollowerState.java:run(108)) - af280123-6372-4d1f-a5d4-c36229a73203@group-75C85B6D1182-FollowerState: change to CANDIDATE, lastRpcTime:57ms, electionTimeout:57ms
2019-10-24 15:44:03,843 [Thread-1344] INFO  impl.RoleInfo (RoleInfo.java:shutdownFollowerState(121)) - af280123-6372-4d1f-a5d4-c36229a73203: shutdown FollowerState
2019-10-24 15:44:03,843 [Thread-1344] INFO  impl.RaftServerImpl (RaftServerImpl.java:setRole(184)) - af280123-6372-4d1f-a5d4-c36229a73203@group-75C85B6D1182: changes role from  FOLLOWER to CANDIDATE at term 115 for changeToCandidate
2019-10-24 15:44:03,843 [Thread-1344] INFO  impl.RoleInfo (RoleInfo.java:updateAndGet(143)) - af280123-6372-4d1f-a5d4-c36229a73203: start LeaderElection
2019-10-24 15:44:03,857 [af280123-6372-4d1f-a5d4-c36229a73203@group-75C85B6D1182-LeaderElection123] INFO  impl.LeaderElection (LeaderElection.java:askForVotes(178)) - af280123-6372-4d1f-a5d4-c36229a73203@group-75C85B6D1182-LeaderElection123: begin an election at term 116 for -1: [9092f221-0e0d-4970-bb84-cacd95020f21:192.168.164.213:41903, af280123-6372-4d1f-a5d4-c36229a73203:192.168.164.213:35334, b4ae536c-ed18-4717-a75c-ca4b5d6c4001:192.168.164.213:41180], old=null
2019-10-24 15:44:03,859 [grpc-default-executor-5] INFO  impl.RaftServerImpl (RaftServerImpl.java:setRole(184)) - b4ae536c-ed18-4717-a75c-ca4b5d6c4001@group-75C85B6D1182: changes role from  FOLLOWER to FOLLOWER at term 116 for recognizeCandidate:af280123-6372-4d1f-a5d4-c36229a73203
2019-10-24 15:44:03,859 [grpc-default-executor-4] INFO  impl.RaftServerImpl (RaftServerImpl.java:setRole(184)) - 9092f221-0e0d-4970-bb84-cacd95020f21@group-75C85B6D1182: changes role from  FOLLOWER to FOLLOWER at term 116 for recognizeCandidate:af280123-6372-4d1f-a5d4-c36229a73203
2019-10-24 15:44:03,859 [grpc-default-executor-5] INFO  impl.RoleInfo (RoleInfo.java:shutdownFollowerState(121)) - b4ae536c-ed18-4717-a75c-ca4b5d6c4001: shutdown FollowerState
2019-10-24 15:44:03,859 [grpc-default-executor-4] INFO  impl.RoleInfo (RoleInfo.java:shutdownFollowerState(121)) - 9092f221-0e0d-4970-bb84-cacd95020f21: shutdown FollowerState
2019-10-24 15:44:03,860 [grpc-default-executor-5] INFO  impl.RoleInfo (RoleInfo.java:updateAndGet(143)) - b4ae536c-ed18-4717-a75c-ca4b5d6c4001: start FollowerState
2019-10-24 15:44:03,860 [Thread-1342] INFO  impl.FollowerState (FollowerState.java:run(117)) - 9092f221-0e0d-4970-bb84-cacd95020f21@group-75C85B6D1182-FollowerState was interrupted: java.lang.InterruptedException: sleep interrupted
2019-10-24 15:44:03,860 [grpc-default-executor-4] INFO  impl.RoleInfo (RoleInfo.java:updateAndGet(143)) - 9092f221-0e0d-4970-bb84-cacd95020f21: start FollowerState
2019-10-24 15:44:03,860 [Thread-1343] INFO  impl.FollowerState (FollowerState.java:run(117)) - b4ae536c-ed18-4717-a75c-ca4b5d6c4001@group-75C85B6D1182-FollowerState was interrupted: java.lang.InterruptedException: sleep interrupted
2019-10-24 15:44:03,875 [af280123-6372-4d1f-a5d4-c36229a73203@group-75C85B6D1182-LeaderElection123] INFO  impl.LeaderElection (LeaderElection.java:logAndReturn(56)) - af280123-6372-4d1f-a5d4-c36229a73203@group-75C85B6D1182-LeaderElection123: Election REJECTED; received 2 response(s) [af280123-6372-4d1f-a5d4-c36229a73203<-9092f221-0e0d-4970-bb84-cacd95020f21#0:FAIL-t116, af280123-6372-4d1f-a5d4-c36229a73203<-b4ae536c-ed18-4717-a75c-ca4b5d6c4001#0:FAIL-t116] and 0 exception(s); af280123-6372-4d1f-a5d4-c36229a73203@group-75C85B6D1182:t116, leader=null, voted=af280123-6372-4d1f-a5d4-c36229a73203, raftlog=af280123-6372-4d1f-a5d4-c36229a73203@group-75C85B6D1182-SegmentedRaftLog:OPENED:c-1,f-1,i0, conf=-1: [9092f221-0e0d-4970-bb84-cacd95020f21:192.168.164.213:41903, af280123-6372-4d1f-a5d4-c36229a73203:192.168.164.213:35334, b4ae536c-ed18-4717-a75c-ca4b5d6c4001:192.168.164.213:41180], old=null
2019-10-24 15:44:03,875 [af280123-6372-4d1f-a5d4-c36229a73203@group-75C85B6D1182-LeaderElection123] INFO  impl.RaftServerImpl (RaftServerImpl.java:setRole(184)) - af280123-6372-4d1f-a5d4-c36229a73203@group-75C85B6D1182: changes role from CANDIDATE to FOLLOWER at term 116 for DISCOVERED_A_NEW_TERM
2019-10-24 15:44:03,875 [af280123-6372-4d1f-a5d4-c36229a73203@group-75C85B6D1182-LeaderElection123] INFO  impl.RoleInfo (RoleInfo.java:shutdownLeaderElection(134)) - af280123-6372-4d1f-a5d4-c36229a73203: shutdown LeaderElection
2019-10-24 15:44:03,875 [af280123-6372-4d1f-a5d4-c36229a73203@group-75C85B6D1182-LeaderElection123] INFO  impl.RoleInfo (RoleInfo.java:updateAndGet(143)) - af280123-6372-4d1f-a5d4-c36229a73203: start FollowerState
2019-10-24 15:44:04,058 [Thread-1352] INFO  impl.FollowerState (FollowerState.java:run(108)) - af280123-6372-4d1f-a5d4-c36229a73203@group-75C85B6D1182-FollowerState: change to CANDIDATE, lastRpcTime:182ms, electionTimeout:182ms
2019-10-24 15:44:04,058 [Thread-1352] INFO  impl.RoleInfo (RoleInfo.java:shutdownFollowerState(121)) - af280123-6372-4d1f-a5d4-c36229a73203: shutdown FollowerState
2019-10-24 15:44:04,058 [Thread-1352] INFO  impl.RaftServerImpl (RaftServerImpl.java:setRole(184)) - af280123-6372-4d1f-a5d4-c36229a73203@group-75C85B6D1182: changes role from  FOLLOWER to CANDIDATE at term 116 for changeToCandidate
2019-10-24 15:44:04,058 [Thread-1352] INFO  impl.RoleInfo (RoleInfo.java:updateAndGet(143)) - af280123-6372-4d1f-a5d4-c36229a73203: start LeaderElection
2019-10-24 15:44:04,073 [af280123-6372-4d1f-a5d4-c36229a73203@group-75C85B6D1182-LeaderElection124] INFO  impl.LeaderElection (LeaderElection.java:askForVotes(178)) - af280123-6372-4d1f-a5d4-c36229a73203@group-75C85B6D1182-LeaderElection124: begin an election at term 117 for -1: [9092f221-0e0d-4970-bb84-cacd95020f21:192.168.164.213:41903, af280123-6372-4d1f-a5d4-c36229a73203:192.168.164.213:35334, b4ae536c-ed18-4717-a75c-ca4b5d6c4001:192.168.164.213:41180], old=null
2019-10-24 15:44:04,075 [grpc-default-executor-5] INFO  impl.RaftServerImpl (RaftServerImpl.java:setRole(184)) - b4ae536c-ed18-4717-a75c-ca4b5d6c4001@group-75C85B6D1182: changes role from  FOLLOWER to FOLLOWER at term 117 for recognizeCandidate:af280123-6372-4d1f-a5d4-c36229a73203
2019-10-24 15:44:04,075 [grpc-default-executor-4] INFO  impl.RaftServerImpl (RaftServerImpl.java:setRole(184)) - 9092f221-0e0d-4970-bb84-cacd95020f21@group-75C85B6D1182: changes role from  FOLLOWER to FOLLOWER at term 117 for recognizeCandidate:af280123-6372-4d1f-a5d4-c36229a73203
2019-10-24 15:44:04,075 [grpc-default-executor-5] INFO  impl.RoleInfo (RoleInfo.java:shutdownFollowerState(121)) - b4ae536c-ed18-4717-a75c-ca4b5d6c4001: shutdown FollowerState
2019-10-24 15:44:04,076 [grpc-default-executor-4] INFO  impl.RoleInfo (RoleInfo.java:shutdownFollowerState(121)) - 9092f221-0e0d-4970-bb84-cacd95020f21: shutdown FollowerState
2019-10-24 15:44:04,076 [grpc-default-executor-5] INFO  impl.RoleInfo (RoleInfo.java:updateAndGet(143)) - b4ae536c-ed18-4717-a75c-ca4b5d6c4001: start FollowerState
2019-10-24 15:44:04,076 [Thread-1350] INFO  impl.FollowerState (FollowerState.java:run(117)) - b4ae536c-ed18-4717-a75c-ca4b5d6c4001@group-75C85B6D1182-FollowerState was interrupted: java.lang.InterruptedException: sleep interrupted
2019-10-24 15:44:04,076 [grpc-default-executor-4] INFO  impl.RoleInfo (RoleInfo.java:updateAndGet(143)) - 9092f221-0e0d-4970-bb84-cacd95020f21: start FollowerState
2019-10-24 15:44:04,076 [Thread-1351] INFO  impl.FollowerState (FollowerState.java:run(117)) - 9092f221-0e0d-4970-bb84-cacd95020f21@group-75C85B6D1182-FollowerState was interrupted: java.lang.InterruptedException: sleep interrupted
2019-10-24 15:44:04,091 [af280123-6372-4d1f-a5d4-c36229a73203@group-75C85B6D1182-LeaderElection124] INFO  impl.LeaderElection (LeaderElection.java:logAndReturn(56)) - af280123-6372-4d1f-a5d4-c36229a73203@group-75C85B6D1182-LeaderElection124: Election REJECTED; received 2 response(s) [af280123-6372-4d1f-a5d4-c36229a73203<-9092f221-0e0d-4970-bb84-cacd95020f21#0:FAIL-t117, af280123-6372-4d1f-a5d4-c36229a73203<-b4ae536c-ed18-4717-a75c-ca4b5d6c4001#0:FAIL-t117] and 0 exception(s); af280123-6372-4d1f-a5d4-c36229a73203@group-75C85B6D1182:t117, leader=null, voted=af280123-6372-4d1f-a5d4-c36229a73203, raftlog=af280123-6372-4d1f-a5d4-c36229a73203@group-75C85B6D1182-SegmentedRaftLog:OPENED:c-1,f-1,i0, conf=-1: [9092f221-0e0d-4970-bb84-cacd95020f21:192.168.164.213:41903, af280123-6372-4d1f-a5d4-c36229a73203:192.168.164.213:35334, b4ae536c-ed18-4717-a75c-ca4b5d6c4001:192.168.164.213:41180], old=null
2019-10-24 15:44:04,091 [af280123-6372-4d1f-a5d4-c36229a73203@group-75C85B6D1182-LeaderElection124] INFO  impl.RaftServerImpl (RaftServerImpl.java:setRole(184)) - af280123-6372-4d1f-a5d4-c36229a73203@group-75C85B6D1182: changes role from CANDIDATE to FOLLOWER at term 117 for DISCOVERED_A_NEW_TERM
2019-10-24 15:44:04,091 [af280123-6372-4d1f-a5d4-c36229a73203@group-75C85B6D1182-LeaderElection124] INFO  impl.RoleInfo (RoleInfo.java:shutdownLeaderElection(134)) - af280123-6372-4d1f-a5d4-c36229a73203: shutdown LeaderElection
2019-10-24 15:44:04,091 [af280123-6372-4d1f-a5d4-c36229a73203@group-75C85B6D1182-LeaderElection124] INFO  impl.RoleInfo (RoleInfo.java:updateAndGet(143)) - af280123-6372-4d1f-a5d4-c36229a73203: start FollowerState
2019-10-24 15:44:04,137 [Thread-1358] INFO  impl.FollowerState (FollowerState.java:run(108)) - af280123-6372-4d1f-a5d4-c36229a73203@group-75C85B6D1182-FollowerState: change to CANDIDATE, lastRpcTime:45ms, electionTimeout:45ms
2019-10-24 15:44:04,137 [Thread-1358] INFO  impl.RoleInfo (RoleInfo.java:shutdownFollowerState(121)) - af280123-6372-4d1f-a5d4-c36229a73203: shutdown FollowerState
2019-10-24 15:44:04,137 [Thread-1358] INFO  impl.RaftServerImpl (RaftServerImpl.java:setRole(184)) - af280123-6372-4d1f-a5d4-c36229a73203@group-75C85B6D1182: changes role from  FOLLOWER to CANDIDATE at term 117 for changeToCandidate
2019-10-24 15:44:04,137 [Thread-1358] INFO  impl.RoleInfo (RoleInfo.java:updateAndGet(143)) - af280123-6372-4d1f-a5d4-c36229a73203: start LeaderElection
2019-10-24 15:44:04,151 [af280123-6372-4d1f-a5d4-c36229a73203@group-75C85B6D1182-LeaderElection125] INFO  impl.LeaderElection (LeaderElection.java:askForVotes(178)) - af280123-6372-4d1f-a5d4-c36229a73203@group-75C85B6D1182-LeaderElection125: begin an election at term 118 for -1: [9092f221-0e0d-4970-bb84-cacd95020f21:192.168.164.213:41903, af280123-6372-4d1f-a5d4-c36229a73203:192.168.164.213:35334, b4ae536c-ed18-4717-a75c-ca4b5d6c4001:192.168.164.213:41180], old=null
2019-10-24 15:44:04,153 [grpc-default-executor-5] INFO  impl.RaftServerImpl (RaftServerImpl.java:setRole(184)) - 9092f221-0e0d-4970-bb84-cacd95020f21@group-75C85B6D1182: changes role from  FOLLOWER to FOLLOWER at term 118 for recognizeCandidate:af280123-6372-4d1f-a5d4-c36229a73203
2019-10-24 15:44:04,153 [grpc-default-executor-4] INFO  impl.RaftServerImpl (RaftServerImpl.java:setRole(184)) - b4ae536c-ed18-4717-a75c-ca4b5d6c4001@group-75C85B6D1182: changes role from  FOLLOWER to FOLLOWER at term 118 for recognizeCandidate:af280123-6372-4d1f-a5d4-c36229a73203
2019-10-24 15:44:04,153 [grpc-default-executor-5] INFO  impl.RoleInfo (RoleInfo.java:shutdownFollowerState(121)) - 9092f221-0e0d-4970-bb84-cacd95020f21: shutdown FollowerState
2019-10-24 15:44:04,153 [grpc-default-executor-4] INFO  impl.RoleInfo (RoleInfo.java:shutdownFollowerState(121)) - b4ae536c-ed18-4717-a75c-ca4b5d6c4001: shutdown FollowerState
2019-10-24 15:44:04,153 [Thread-1357] INFO  impl.FollowerState (FollowerState.java:run(117)) - 9092f221-0e0d-4970-bb84-cacd95020f21@group-75C85B6D1182-FollowerState was interrupted: java.lang.InterruptedException: sleep interrupted
2019-10-24 15:44:04,154 [Thread-1356] INFO  impl.FollowerState (FollowerState.java:run(117)) - b4ae536c-ed18-4717-a75c-ca4b5d6c4001@group-75C85B6D1182-FollowerState was interrupted: java.lang.InterruptedException: sleep interrupted
2019-10-24 15:44:04,153 [grpc-default-executor-5] INFO  impl.RoleInfo (RoleInfo.java:updateAndGet(143)) - 9092f221-0e0d-4970-bb84-cacd95020f21: start FollowerState
2019-10-24 15:44:04,154 [grpc-default-executor-4] INFO  impl.RoleInfo (RoleInfo.java:updateAndGet(143)) - b4ae536c-ed18-4717-a75c-ca4b5d6c4001: start FollowerState
2019-10-24 15:44:04,168 [af280123-6372-4d1f-a5d4-c36229a73203@group-75C85B6D1182-LeaderElection125] INFO  impl.LeaderElection (LeaderElection.java:logAndReturn(56)) - af280123-6372-4d1f-a5d4-c36229a73203@group-75C85B6D1182-LeaderElection125: Election REJECTED; received 2 response(s) [af280123-6372-4d1f-a5d4-c36229a73203<-9092f221-0e0d-4970-bb84-cacd95020f21#0:FAIL-t118, af280123-6372-4d1f-a5d4-c36229a73203<-b4ae536c-ed18-4717-a75c-ca4b5d6c4001#0:FAIL-t118] and 0 exception(s); af280123-6372-4d1f-a5d4-c36229a73203@group-75C85B6D1182:t118, leader=null, voted=af280123-6372-4d1f-a5d4-c36229a73203, raftlog=af280123-6372-4d1f-a5d4-c36229a73203@group-75C85B6D1182-SegmentedRaftLog:OPENED:c-1,f-1,i0, conf=-1: [9092f221-0e0d-4970-bb84-cacd95020f21:192.168.164.213:41903, af280123-6372-4d1f-a5d4-c36229a73203:192.168.164.213:35334, b4ae536c-ed18-4717-a75c-ca4b5d6c4001:192.168.164.213:41180], old=null
2019-10-24 15:44:04,168 [af280123-6372-4d1f-a5d4-c36229a73203@group-75C85B6D1182-LeaderElection125] INFO  impl.RaftServerImpl (RaftServerImpl.java:setRole(184)) - af280123-6372-4d1f-a5d4-c36229a73203@group-75C85B6D1182: changes role from CANDIDATE to FOLLOWER at term 118 for DISCOVERED_A_NEW_TERM
2019-10-24 15:44:04,168 [af280123-6372-4d1f-a5d4-c36229a73203@group-75C85B6D1182-LeaderElection125] INFO  impl.RoleInfo (RoleInfo.java:shutdownLeaderElection(134)) - af280123-6372-4d1f-a5d4-c36229a73203: shutdown LeaderElection
2019-10-24 15:44:04,168 [af280123-6372-4d1f-a5d4-c36229a73203@group-75C85B6D1182-LeaderElection125] INFO  impl.RoleInfo (RoleInfo.java:updateAndGet(143)) - af280123-6372-4d1f-a5d4-c36229a73203: start FollowerState
2019-10-24 15:44:04,234 [Thread-1366] INFO  impl.FollowerState (FollowerState.java:run(108)) - af280123-6372-4d1f-a5d4-c36229a73203@group-75C85B6D1182-FollowerState: change to CANDIDATE, lastRpcTime:65ms, electionTimeout:65ms
2019-10-24 15:44:04,234 [Thread-1366] INFO  impl.RoleInfo (RoleInfo.java:shutdownFollowerState(121)) - af280123-6372-4d1f-a5d4-c36229a73203: shutdown FollowerState
2019-10-24 15:44:04,234 [Thread-1366] INFO  impl.RaftServerImpl (RaftServerImpl.java:setRole(184)) - af280123-6372-4d1f-a5d4-c36229a73203@group-75C85B6D1182: changes role from  FOLLOWER to CANDIDATE at term 118 for changeToCandidate
2019-10-24 15:44:04,234 [Thread-1366] INFO  impl.RoleInfo (RoleInfo.java:updateAndGet(143)) - af280123-6372-4d1f-a5d4-c36229a73203: start LeaderElection
2019-10-24 15:44:04,247 [af280123-6372-4d1f-a5d4-c36229a73203@group-75C85B6D1182-LeaderElection126] INFO  impl.LeaderElection (LeaderElection.java:askForVotes(178)) - af280123-6372-4d1f-a5d4-c36229a73203@group-75C85B6D1182-LeaderElection126: begin an election at term 119 for -1: [9092f221-0e0d-4970-bb84-cacd95020f21:192.168.164.213:41903, af280123-6372-4d1f-a5d4-c36229a73203:192.168.164.213:35334, b4ae536c-ed18-4717-a75c-ca4b5d6c4001:192.168.164.213:41180], old=null
2019-10-24 15:44:04,250 [grpc-default-executor-4] INFO  impl.RaftServerImpl (RaftServerImpl.java:setRole(184)) - b4ae536c-ed18-4717-a75c-ca4b5d6c4001@group-75C85B6D1182: changes role from  FOLLOWER to FOLLOWER at term 119 for recognizeCandidate:af280123-6372-4d1f-a5d4-c36229a73203
2019-10-24 15:44:04,250 [grpc-default-executor-5] INFO  impl.RaftServerImpl (RaftServerImpl.java:setRole(184)) - 9092f221-0e0d-4970-bb84-cacd95020f21@group-75C85B6D1182: changes role from  FOLLOWER to FOLLOWER at term 119 for recognizeCandidate:af280123-6372-4d1f-a5d4-c36229a73203
2019-10-24 15:44:04,250 [grpc-default-executor-5] INFO  impl.RoleInfo (RoleInfo.java:shutdownFollowerState(121)) - 9092f221-0e0d-4970-bb84-cacd95020f21: shutdown FollowerState
2019-10-24 15:44:04,250 [grpc-default-executor-4] INFO  impl.RoleInfo (RoleInfo.java:shutdownFollowerState(121)) - b4ae536c-ed18-4717-a75c-ca4b5d6c4001: shutdown FollowerState
2019-10-24 15:44:04,250 [Thread-1364] INFO  impl.FollowerState (FollowerState.java:run(117)) - 9092f221-0e0d-4970-bb84-cacd95020f21@group-75C85B6D1182-FollowerState was interrupted: java.lang.InterruptedException: sleep interrupted
2019-10-24 15:44:04,250 [grpc-default-executor-5] INFO  impl.RoleInfo (RoleInfo.java:updateAndGet(143)) - 9092f221-0e0d-4970-bb84-cacd95020f21: start FollowerState
2019-10-24 15:44:04,250 [Thread-1365] INFO  impl.FollowerState (FollowerState.java:run(117)) - b4ae536c-ed18-4717-a75c-ca4b5d6c4001@group-75C85B6D1182-FollowerState was interrupted: java.lang.InterruptedException: sleep interrupted
2019-10-24 15:44:04,250 [grpc-default-executor-4] INFO  impl.RoleInfo (RoleInfo.java:updateAndGet(143)) - b4ae536c-ed18-4717-a75c-ca4b5d6c4001: start FollowerState
2019-10-24 15:44:04,265 [af280123-6372-4d1f-a5d4-c36229a73203@group-75C85B6D1182-LeaderElection126] INFO  impl.LeaderElection (LeaderElection.java:logAndReturn(56)) - af280123-6372-4d1f-a5d4-c36229a73203@group-75C85B6D1182-LeaderElection126: Election REJECTED; received 2 response(s) [af280123-6372-4d1f-a5d4-c36229a73203<-9092f221-0e0d-4970-bb84-cacd95020f21#0:FAIL-t119, af280123-6372-4d1f-a5d4-c36229a73203<-b4ae536c-ed18-4717-a75c-ca4b5d6c4001#0:FAIL-t119] and 0 exception(s); af280123-6372-4d1f-a5d4-c36229a73203@group-75C85B6D1182:t119, leader=null, voted=af280123-6372-4d1f-a5d4-c36229a73203, raftlog=af280123-6372-4d1f-a5d4-c36229a73203@group-75C85B6D1182-SegmentedRaftLog:OPENED:c-1,f-1,i0, conf=-1: [9092f221-0e0d-4970-bb84-cacd95020f21:192.168.164.213:41903, af280123-6372-4d1f-a5d4-c36229a73203:192.168.164.213:35334, b4ae536c-ed18-4717-a75c-ca4b5d6c4001:192.168.164.213:41180], old=null
2019-10-24 15:44:04,265 [af280123-6372-4d1f-a5d4-c36229a73203@group-75C85B6D1182-LeaderElection126] INFO  impl.RaftServerImpl (RaftServerImpl.java:setRole(184)) - af280123-6372-4d1f-a5d4-c36229a73203@group-75C85B6D1182: changes role from CANDIDATE to FOLLOWER at term 119 for DISCOVERED_A_NEW_TERM
2019-10-24 15:44:04,266 [af280123-6372-4d1f-a5d4-c36229a73203@group-75C85B6D1182-LeaderElection126] INFO  impl.RoleInfo (RoleInfo.java:shutdownLeaderElection(134)) - af280123-6372-4d1f-a5d4-c36229a73203: shutdown LeaderElection
2019-10-24 15:44:04,266 [af280123-6372-4d1f-a5d4-c36229a73203@group-75C85B6D1182-LeaderElection126] INFO  impl.RoleInfo (RoleInfo.java:updateAndGet(143)) - af280123-6372-4d1f-a5d4-c36229a73203: start FollowerState
2019-10-24 15:44:04,301 [Thread-1372] INFO  impl.FollowerState (FollowerState.java:run(108)) - af280123-6372-4d1f-a5d4-c36229a73203@group-75C85B6D1182-FollowerState: change to CANDIDATE, lastRpcTime:35ms, electionTimeout:35ms
2019-10-24 15:44:04,301 [Thread-1372] INFO  impl.RoleInfo (RoleInfo.java:shutdownFollowerState(121)) - af280123-6372-4d1f-a5d4-c36229a73203: shutdown FollowerState
2019-10-24 15:44:04,301 [Thread-1372] INFO  impl.RaftServerImpl (RaftServerImpl.java:setRole(184)) - af280123-6372-4d1f-a5d4-c36229a73203@group-75C85B6D1182: changes role from  FOLLOWER to CANDIDATE at term 119 for changeToCandidate
2019-10-24 15:44:04,301 [Thread-1372] INFO  impl.RoleInfo (RoleInfo.java:updateAndGet(143)) - af280123-6372-4d1f-a5d4-c36229a73203: start LeaderElection
2019-10-24 15:44:04,315 [af280123-6372-4d1f-a5d4-c36229a73203@group-75C85B6D1182-LeaderElection127] INFO  impl.LeaderElection (LeaderElection.java:askForVotes(178)) - af280123-6372-4d1f-a5d4-c36229a73203@group-75C85B6D1182-LeaderElection127: begin an election at term 120 for -1: [9092f221-0e0d-4970-bb84-cacd95020f21:192.168.164.213:41903, af280123-6372-4d1f-a5d4-c36229a73203:192.168.164.213:35334, b4ae536c-ed18-4717-a75c-ca4b5d6c4001:192.168.164.213:41180], old=null
2019-10-24 15:44:04,316 [grpc-default-executor-5] INFO  impl.RaftServerImpl (RaftServerImpl.java:setRole(184)) - b4ae536c-ed18-4717-a75c-ca4b5d6c4001@group-75C85B6D1182: changes role from  FOLLOWER to FOLLOWER at term 120 for recognizeCandidate:af280123-6372-4d1f-a5d4-c36229a73203
2019-10-24 15:44:04,316 [grpc-default-executor-5] INFO  impl.RoleInfo (RoleInfo.java:shutdownFollowerState(121)) - b4ae536c-ed18-4717-a75c-ca4b5d6c4001: shutdown FollowerState
2019-10-24 15:44:04,316 [grpc-default-executor-4] INFO  impl.RaftServerImpl (RaftServerImpl.java:setRole(184)) - 9092f221-0e0d-4970-bb84-cacd95020f21@group-75C85B6D1182: changes role from  FOLLOWER to FOLLOWER at term 120 for recognizeCandidate:af280123-6372-4d1f-a5d4-c36229a73203
2019-10-24 15:44:04,316 [grpc-default-executor-4] INFO  impl.RoleInfo (RoleInfo.java:shutdownFollowerState(121)) - 9092f221-0e0d-4970-bb84-cacd95020f21: shutdown FollowerState
2019-10-24 15:44:04,316 [Thread-1371] INFO  impl.FollowerState (FollowerState.java:run(117)) - b4ae536c-ed18-4717-a75c-ca4b5d6c4001@group-75C85B6D1182-FollowerState was interrupted: java.lang.InterruptedException: sleep interrupted
2019-10-24 15:44:04,316 [grpc-default-executor-5] INFO  impl.RoleInfo (RoleInfo.java:updateAndGet(143)) - b4ae536c-ed18-4717-a75c-ca4b5d6c4001: start FollowerState
2019-10-24 15:44:04,317 [Thread-1370] INFO  impl.FollowerState (FollowerState.java:run(117)) - 9092f221-0e0d-4970-bb84-cacd95020f21@group-75C85B6D1182-FollowerState was interrupted: java.lang.InterruptedException: sleep interrupted
2019-10-24 15:44:04,317 [grpc-default-executor-4] INFO  impl.RoleInfo (RoleInfo.java:updateAndGet(143)) - 9092f221-0e0d-4970-bb84-cacd95020f21: start FollowerState
2019-10-24 15:44:04,330 [af280123-6372-4d1f-a5d4-c36229a73203@group-75C85B6D1182-LeaderElection127] INFO  impl.LeaderElection (LeaderElection.java:logAndReturn(56)) - af280123-6372-4d1f-a5d4-c36229a73203@group-75C85B6D1182-LeaderElection127: Election REJECTED; received 2 response(s) [af280123-6372-4d1f-a5d4-c36229a73203<-9092f221-0e0d-4970-bb84-cacd95020f21#0:FAIL-t120, af280123-6372-4d1f-a5d4-c36229a73203<-b4ae536c-ed18-4717-a75c-ca4b5d6c4001#0:FAIL-t120] and 0 exception(s); af280123-6372-4d1f-a5d4-c36229a73203@group-75C85B6D1182:t120, leader=null, voted=af280123-6372-4d1f-a5d4-c36229a73203, raftlog=af280123-6372-4d1f-a5d4-c36229a73203@group-75C85B6D1182-SegmentedRaftLog:OPENED:c-1,f-1,i0, conf=-1: [9092f221-0e0d-4970-bb84-cacd95020f21:192.168.164.213:41903, af280123-6372-4d1f-a5d4-c36229a73203:192.168.164.213:35334, b4ae536c-ed18-4717-a75c-ca4b5d6c4001:192.168.164.213:41180], old=null
2019-10-24 15:44:04,330 [af280123-6372-4d1f-a5d4-c36229a73203@group-75C85B6D1182-LeaderElection127] INFO  impl.RaftServerImpl (RaftServerImpl.java:setRole(184)) - af280123-6372-4d1f-a5d4-c36229a73203@group-75C85B6D1182: changes role from CANDIDATE to FOLLOWER at term 120 for DISCOVERED_A_NEW_TERM
2019-10-24 15:44:04,330 [af280123-6372-4d1f-a5d4-c36229a73203@group-75C85B6D1182-LeaderElection127] INFO  impl.RoleInfo (RoleInfo.java:shutdownLeaderElection(134)) - af280123-6372-4d1f-a5d4-c36229a73203: shutdown LeaderElection
2019-10-24 15:44:04,330 [af280123-6372-4d1f-a5d4-c36229a73203@group-75C85B6D1182-LeaderElection127] INFO  impl.RoleInfo (RoleInfo.java:updateAndGet(143)) - af280123-6372-4d1f-a5d4-c36229a73203: start FollowerState
2019-10-24 15:44:04,434 [Thread-1380] INFO  impl.FollowerState (FollowerState.java:run(108)) - af280123-6372-4d1f-a5d4-c36229a73203@group-75C85B6D1182-FollowerState: change to CANDIDATE, lastRpcTime:104ms, electionTimeout:104ms
2019-10-24 15:44:04,435 [Thread-1380] INFO  impl.RoleInfo (RoleInfo.java:shutdownFollowerState(121)) - af280123-6372-4d1f-a5d4-c36229a73203: shutdown FollowerState
2019-10-24 15:44:04,435 [Thread-1380] INFO  impl.RaftServerImpl (RaftServerImpl.java:setRole(184)) - af280123-6372-4d1f-a5d4-c36229a73203@group-75C85B6D1182: changes role from  FOLLOWER to CANDIDATE at term 120 for changeToCandidate
2019-10-24 15:44:04,435 [Thread-1380] INFO  impl.RoleInfo (RoleInfo.java:updateAndGet(143)) - af280123-6372-4d1f-a5d4-c36229a73203: start LeaderElection
2019-10-24 15:44:04,448 [af280123-6372-4d1f-a5d4-c36229a73203@group-75C85B6D1182-LeaderElection128] INFO  impl.LeaderElection (LeaderElection.java:askForVotes(178)) - af280123-6372-4d1f-a5d4-c36229a73203@group-75C85B6D1182-LeaderElection128: begin an election at term 121 for -1: [9092f221-0e0d-4970-bb84-cacd95020f21:192.168.164.213:41903, af280123-6372-4d1f-a5d4-c36229a73203:192.168.164.213:35334, b4ae536c-ed18-4717-a75c-ca4b5d6c4001:192.168.164.213:41180], old=null
2019-10-24 15:44:04,450 [grpc-default-executor-5] INFO  impl.RaftServerImpl (RaftServerImpl.java:setRole(184)) - b4ae536c-ed18-4717-a75c-ca4b5d6c4001@group-75C85B6D1182: changes role from  FOLLOWER to FOLLOWER at term 121 for recognizeCandidate:af280123-6372-4d1f-a5d4-c36229a73203
2019-10-24 15:44:04,450 [grpc-default-executor-4] INFO  impl.RaftServerImpl (RaftServerImpl.java:setRole(184)) - 9092f221-0e0d-4970-bb84-cacd95020f21@group-75C85B6D1182: changes role from  FOLLOWER to FOLLOWER at term 121 for recognizeCandidate:af280123-6372-4d1f-a5d4-c36229a73203
2019-10-24 15:44:04,450 [grpc-default-executor-5] INFO  impl.RoleInfo (RoleInfo.java:shutdownFollowerState(121)) - b4ae536c-ed18-4717-a75c-ca4b5d6c4001: shutdown FollowerState
2019-10-24 15:44:04,450 [grpc-default-executor-4] INFO  impl.RoleInfo (RoleInfo.java:shutdownFollowerState(121)) - 9092f221-0e0d-4970-bb84-cacd95020f21: shutdown FollowerState
2019-10-24 15:44:04,450 [grpc-default-executor-5] INFO  impl.RoleInfo (RoleInfo.java:updateAndGet(143)) - b4ae536c-ed18-4717-a75c-ca4b5d6c4001: start FollowerState
2019-10-24 15:44:04,451 [grpc-default-executor-4] INFO  impl.RoleInfo (RoleInfo.java:updateAndGet(143)) - 9092f221-0e0d-4970-bb84-cacd95020f21: start FollowerState
2019-10-24 15:44:04,451 [Thread-1378] INFO  impl.FollowerState (FollowerState.java:run(117)) - b4ae536c-ed18-4717-a75c-ca4b5d6c4001@group-75C85B6D1182-FollowerState was interrupted: java.lang.InterruptedException: sleep interrupted
2019-10-24 15:44:04,451 [Thread-1379] INFO  impl.FollowerState (FollowerState.java:run(117)) - 9092f221-0e0d-4970-bb84-cacd95020f21@group-75C85B6D1182-FollowerState was interrupted: java.lang.InterruptedException: sleep interrupted
2019-10-24 15:44:04,465 [af280123-6372-4d1f-a5d4-c36229a73203@group-75C85B6D1182-LeaderElection128] INFO  impl.LeaderElection (LeaderElection.java:logAndReturn(56)) - af280123-6372-4d1f-a5d4-c36229a73203@group-75C85B6D1182-LeaderElection128: Election REJECTED; received 2 response(s) [af280123-6372-4d1f-a5d4-c36229a73203<-9092f221-0e0d-4970-bb84-cacd95020f21#0:FAIL-t121, af280123-6372-4d1f-a5d4-c36229a73203<-b4ae536c-ed18-4717-a75c-ca4b5d6c4001#0:FAIL-t121] and 0 exception(s); af280123-6372-4d1f-a5d4-c36229a73203@group-75C85B6D1182:t121, leader=null, voted=af280123-6372-4d1f-a5d4-c36229a73203, raftlog=af280123-6372-4d1f-a5d4-c36229a73203@group-75C85B6D1182-SegmentedRaftLog:OPENED:c-1,f-1,i0, conf=-1: [9092f221-0e0d-4970-bb84-cacd95020f21:192.168.164.213:41903, af280123-6372-4d1f-a5d4-c36229a73203:192.168.164.213:35334, b4ae536c-ed18-4717-a75c-ca4b5d6c4001:192.168.164.213:41180], old=null
2019-10-24 15:44:04,465 [af280123-6372-4d1f-a5d4-c36229a73203@group-75C85B6D1182-LeaderElection128] INFO  impl.RaftServerImpl (RaftServerImpl.java:setRole(184)) - af280123-6372-4d1f-a5d4-c36229a73203@group-75C85B6D1182: changes role from CANDIDATE to FOLLOWER at term 121 for DISCOVERED_A_NEW_TERM
2019-10-24 15:44:04,465 [af280123-6372-4d1f-a5d4-c36229a73203@group-75C85B6D1182-LeaderElection128] INFO  impl.RoleInfo (RoleInfo.java:shutdownLeaderElection(134)) - af280123-6372-4d1f-a5d4-c36229a73203: shutdown LeaderElection
2019-10-24 15:44:04,465 [af280123-6372-4d1f-a5d4-c36229a73203@group-75C85B6D1182-LeaderElection128] INFO  impl.RoleInfo (RoleInfo.java:updateAndGet(143)) - af280123-6372-4d1f-a5d4-c36229a73203: start FollowerState
2019-10-24 15:44:04,517 [Thread-1386] INFO  impl.FollowerState (FollowerState.java:run(108)) - af280123-6372-4d1f-a5d4-c36229a73203@group-75C85B6D1182-FollowerState: change to CANDIDATE, lastRpcTime:52ms, electionTimeout:52ms
2019-10-24 15:44:04,518 [Thread-1386] INFO  impl.RoleInfo (RoleInfo.java:shutdownFollowerState(121)) - af280123-6372-4d1f-a5d4-c36229a73203: shutdown FollowerState
2019-10-24 15:44:04,518 [Thread-1386] INFO  impl.RaftServerImpl (RaftServerImpl.java:setRole(184)) - af280123-6372-4d1f-a5d4-c36229a73203@group-75C85B6D1182: changes role from  FOLLOWER to CANDIDATE at term 121 for changeToCandidate
2019-10-24 15:44:04,518 [Thread-1386] INFO  impl.RoleInfo (RoleInfo.java:updateAndGet(143)) - af280123-6372-4d1f-a5d4-c36229a73203: start LeaderElection
2019-10-24 15:44:04,531 [af280123-6372-4d1f-a5d4-c36229a73203@group-75C85B6D1182-LeaderElection129] INFO  impl.LeaderElection (LeaderElection.java:askForVotes(178)) - af280123-6372-4d1f-a5d4-c36229a73203@group-75C85B6D1182-LeaderElection129: begin an election at term 122 for -1: [9092f221-0e0d-4970-bb84-cacd95020f21:192.168.164.213:41903, af280123-6372-4d1f-a5d4-c36229a73203:192.168.164.213:35334, b4ae536c-ed18-4717-a75c-ca4b5d6c4001:192.168.164.213:41180], old=null
2019-10-24 15:44:04,533 [grpc-default-executor-5] INFO  impl.RaftServerImpl (RaftServerImpl.java:setRole(184)) - b4ae536c-ed18-4717-a75c-ca4b5d6c4001@group-75C85B6D1182: changes role from  FOLLOWER to FOLLOWER at term 122 for recognizeCandidate:af280123-6372-4d1f-a5d4-c36229a73203
2019-10-24 15:44:04,533 [grpc-default-executor-5] INFO  impl.RoleInfo (RoleInfo.java:shutdownFollowerState(121)) - b4ae536c-ed18-4717-a75c-ca4b5d6c4001: shutdown FollowerState
2019-10-24 15:44:04,533 [grpc-default-executor-4] INFO  impl.RaftServerImpl (RaftServerImpl.java:setRole(184)) - 9092f221-0e0d-4970-bb84-cacd95020f21@group-75C85B6D1182: changes role from  FOLLOWER to FOLLOWER at term 122 for recognizeCandidate:af280123-6372-4d1f-a5d4-c36229a73203
2019-10-24 15:44:04,533 [grpc-default-executor-5] INFO  impl.RoleInfo (RoleInfo.java:updateAndGet(143)) - b4ae536c-ed18-4717-a75c-ca4b5d6c4001: start FollowerState
2019-10-24 15:44:04,533 [grpc-default-executor-4] INFO  impl.RoleInfo (RoleInfo.java:shutdownFollowerState(121)) - 9092f221-0e0d-4970-bb84-cacd95020f21: shutdown FollowerState
2019-10-24 15:44:04,533 [Thread-1384] INFO  impl.FollowerState (FollowerState.java:run(117)) - b4ae536c-ed18-4717-a75c-ca4b5d6c4001@group-75C85B6D1182-FollowerState was interrupted: java.lang.InterruptedException: sleep interrupted
2019-10-24 15:44:04,533 [Thread-1385] INFO  impl.FollowerState (FollowerState.java:run(117)) - 9092f221-0e0d-4970-bb84-cacd95020f21@group-75C85B6D1182-FollowerState was interrupted: java.lang.InterruptedException: sleep interrupted
2019-10-24 15:44:04,533 [grpc-default-executor-4] INFO  impl.RoleInfo (RoleInfo.java:updateAndGet(143)) - 9092f221-0e0d-4970-bb84-cacd95020f21: start FollowerState
2019-10-24 15:44:04,550 [af280123-6372-4d1f-a5d4-c36229a73203@group-75C85B6D1182-LeaderElection129] INFO  impl.LeaderElection (LeaderElection.java:logAndReturn(56)) - af280123-6372-4d1f-a5d4-c36229a73203@group-75C85B6D1182-LeaderElection129: Election REJECTED; received 2 response(s) [af280123-6372-4d1f-a5d4-c36229a73203<-9092f221-0e0d-4970-bb84-cacd95020f21#0:FAIL-t122, af280123-6372-4d1f-a5d4-c36229a73203<-b4ae536c-ed18-4717-a75c-ca4b5d6c4001#0:FAIL-t122] and 0 exception(s); af280123-6372-4d1f-a5d4-c36229a73203@group-75C85B6D1182:t122, leader=null, voted=af280123-6372-4d1f-a5d4-c36229a73203, raftlog=af280123-6372-4d1f-a5d4-c36229a73203@group-75C85B6D1182-SegmentedRaftLog:OPENED:c-1,f-1,i0, conf=-1: [9092f221-0e0d-4970-bb84-cacd95020f21:192.168.164.213:41903, af280123-6372-4d1f-a5d4-c36229a73203:192.168.164.213:35334, b4ae536c-ed18-4717-a75c-ca4b5d6c4001:192.168.164.213:41180], old=null
2019-10-24 15:44:04,550 [af280123-6372-4d1f-a5d4-c36229a73203@group-75C85B6D1182-LeaderElection129] INFO  impl.RaftServerImpl (RaftServerImpl.java:setRole(184)) - af280123-6372-4d1f-a5d4-c36229a73203@group-75C85B6D1182: changes role from CANDIDATE to FOLLOWER at term 122 for DISCOVERED_A_NEW_TERM
2019-10-24 15:44:04,550 [af280123-6372-4d1f-a5d4-c36229a73203@group-75C85B6D1182-LeaderElection129] INFO  impl.RoleInfo (RoleInfo.java:shutdownLeaderElection(134)) - af280123-6372-4d1f-a5d4-c36229a73203: shutdown LeaderElection
2019-10-24 15:44:04,550 [af280123-6372-4d1f-a5d4-c36229a73203@group-75C85B6D1182-LeaderElection129] INFO  impl.RoleInfo (RoleInfo.java:updateAndGet(143)) - af280123-6372-4d1f-a5d4-c36229a73203: start FollowerState
2019-10-24 15:44:04,664 [Thread-1392] INFO  impl.FollowerState (FollowerState.java:run(108)) - af280123-6372-4d1f-a5d4-c36229a73203@group-75C85B6D1182-FollowerState: change to CANDIDATE, lastRpcTime:113ms, electionTimeout:111ms
2019-10-24 15:44:04,664 [Thread-1392] INFO  impl.RoleInfo (RoleInfo.java:shutdownFollowerState(121)) - af280123-6372-4d1f-a5d4-c36229a73203: shutdown FollowerState
2019-10-24 15:44:04,664 [Thread-1392] INFO  impl.RaftServerImpl (RaftServerImpl.java:setRole(184)) - af280123-6372-4d1f-a5d4-c36229a73203@group-75C85B6D1182: changes role from  FOLLOWER to CANDIDATE at term 122 for changeToCandidate
2019-10-24 15:44:04,664 [Thread-1392] INFO  impl.RoleInfo (RoleInfo.java:updateAndGet(143)) - af280123-6372-4d1f-a5d4-c36229a73203: start LeaderElection
2019-10-24 15:44:04,677 [af280123-6372-4d1f-a5d4-c36229a73203@group-75C85B6D1182-LeaderElection130] INFO  impl.LeaderElection (LeaderElection.java:askForVotes(178)) - af280123-6372-4d1f-a5d4-c36229a73203@group-75C85B6D1182-LeaderElection130: begin an election at term 123 for -1: [9092f221-0e0d-4970-bb84-cacd95020f21:192.168.164.213:41903, af280123-6372-4d1f-a5d4-c36229a73203:192.168.164.213:35334, b4ae536c-ed18-4717-a75c-ca4b5d6c4001:192.168.164.213:41180], old=null
2019-10-24 15:44:04,679 [grpc-default-executor-4] INFO  impl.RaftServerImpl (RaftServerImpl.java:setRole(184)) - 9092f221-0e0d-4970-bb84-cacd95020f21@group-75C85B6D1182: changes role from  FOLLOWER to FOLLOWER at term 123 for recognizeCandidate:af280123-6372-4d1f-a5d4-c36229a73203
2019-10-24 15:44:04,679 [grpc-default-executor-5] INFO  impl.RaftServerImpl (RaftServerImpl.java:setRole(184)) - b4ae536c-ed18-4717-a75c-ca4b5d6c4001@group-75C85B6D1182: changes role from  FOLLOWER to FOLLOWER at term 123 for recognizeCandidate:af280123-6372-4d1f-a5d4-c36229a73203
2019-10-24 15:44:04,680 [grpc-default-executor-5] INFO  impl.RoleInfo (RoleInfo.java:shutdownFollowerState(121)) - b4ae536c-ed18-4717-a75c-ca4b5d6c4001: shutdown FollowerState
2019-10-24 15:44:04,680 [grpc-default-executor-4] INFO  impl.RoleInfo (RoleInfo.java:shutdownFollowerState(121)) - 9092f221-0e0d-4970-bb84-cacd95020f21: shutdown FollowerState
2019-10-24 15:44:04,680 [grpc-default-executor-5] INFO  impl.RoleInfo (RoleInfo.java:updateAndGet(143)) - b4ae536c-ed18-4717-a75c-ca4b5d6c4001: start FollowerState
2019-10-24 15:44:04,680 [Thread-1390] INFO  impl.FollowerState (FollowerState.java:run(117)) - b4ae536c-ed18-4717-a75c-ca4b5d6c4001@group-75C85B6D1182-FollowerState was interrupted: java.lang.InterruptedException: sleep interrupted
2019-10-24 15:44:04,680 [grpc-default-executor-4] INFO  impl.RoleInfo (RoleInfo.java:updateAndGet(143)) - 9092f221-0e0d-4970-bb84-cacd95020f21: start FollowerState
2019-10-24 15:44:04,680 [Thread-1391] INFO  impl.FollowerState (FollowerState.java:run(117)) - 9092f221-0e0d-4970-bb84-cacd95020f21@group-75C85B6D1182-FollowerState was interrupted: java.lang.InterruptedException: sleep interrupted
2019-10-24 15:44:04,694 [af280123-6372-4d1f-a5d4-c36229a73203@group-75C85B6D1182-LeaderElection130] INFO  impl.LeaderElection (LeaderElection.java:logAndReturn(56)) - af280123-6372-4d1f-a5d4-c36229a73203@group-75C85B6D1182-LeaderElection130: Election REJECTED; received 2 response(s) [af280123-6372-4d1f-a5d4-c36229a73203<-9092f221-0e0d-4970-bb84-cacd95020f21#0:FAIL-t123, af280123-6372-4d1f-a5d4-c36229a73203<-b4ae536c-ed18-4717-a75c-ca4b5d6c4001#0:FAIL-t123] and 0 exception(s); af280123-6372-4d1f-a5d4-c36229a73203@group-75C85B6D1182:t123, leader=null, voted=af280123-6372-4d1f-a5d4-c36229a73203, raftlog=af280123-6372-4d1f-a5d4-c36229a73203@group-75C85B6D1182-SegmentedRaftLog:OPENED:c-1,f-1,i0, conf=-1: [9092f221-0e0d-4970-bb84-cacd95020f21:192.168.164.213:41903, af280123-6372-4d1f-a5d4-c36229a73203:192.168.164.213:35334, b4ae536c-ed18-4717-a75c-ca4b5d6c4001:192.168.164.213:41180], old=null
2019-10-24 15:44:04,695 [af280123-6372-4d1f-a5d4-c36229a73203@group-75C85B6D1182-LeaderElection130] INFO  impl.RaftServerImpl (RaftServerImpl.java:setRole(184)) - af280123-6372-4d1f-a5d4-c36229a73203@group-75C85B6D1182: changes role from CANDIDATE to FOLLOWER at term 123 for DISCOVERED_A_NEW_TERM
2019-10-24 15:44:04,695 [af280123-6372-4d1f-a5d4-c36229a73203@group-75C85B6D1182-LeaderElection130] INFO  impl.RoleInfo (RoleInfo.java:shutdownLeaderElection(134)) - af280123-6372-4d1f-a5d4-c36229a73203: shutdown LeaderElection
2019-10-24 15:44:04,695 [af280123-6372-4d1f-a5d4-c36229a73203@group-75C85B6D1182-LeaderElection130] INFO  impl.RoleInfo (RoleInfo.java:updateAndGet(143)) - af280123-6372-4d1f-a5d4-c36229a73203: start FollowerState
2019-10-24 15:44:04,785 [Thread-1400] INFO  impl.FollowerState (FollowerState.java:run(108)) - af280123-6372-4d1f-a5d4-c36229a73203@group-75C85B6D1182-FollowerState: change to CANDIDATE, lastRpcTime:90ms, electionTimeout:90ms
2019-10-24 15:44:04,785 [Thread-1400] INFO  impl.RoleInfo (RoleInfo.java:shutdownFollowerState(121)) - af280123-6372-4d1f-a5d4-c36229a73203: shutdown FollowerState
2019-10-24 15:44:04,786 [Thread-1400] INFO  impl.RaftServerImpl (RaftServerImpl.java:setRole(184)) - af280123-6372-4d1f-a5d4-c36229a73203@group-75C85B6D1182: changes role from  FOLLOWER to CANDIDATE at term 123 for changeToCandidate
2019-10-24 15:44:04,786 [Thread-1400] INFO  impl.RoleInfo (RoleInfo.java:updateAndGet(143)) - af280123-6372-4d1f-a5d4-c36229a73203: start LeaderElection
2019-10-24 15:44:04,838 [af280123-6372-4d1f-a5d4-c36229a73203@group-75C85B6D1182-LeaderElection131] INFO  impl.LeaderElection (LeaderElection.java:askForVotes(178)) - af280123-6372-4d1f-a5d4-c36229a73203@group-75C85B6D1182-LeaderElection131: begin an election at term 124 for -1: [9092f221-0e0d-4970-bb84-cacd95020f21:192.168.164.213:41903, af280123-6372-4d1f-a5d4-c36229a73203:192.168.164.213:35334, b4ae536c-ed18-4717-a75c-ca4b5d6c4001:192.168.164.213:41180], old=null
2019-10-24 15:44:04,840 [grpc-default-executor-4] INFO  impl.RaftServerImpl (RaftServerImpl.java:setRole(184)) - b4ae536c-ed18-4717-a75c-ca4b5d6c4001@group-75C85B6D1182: changes role from  FOLLOWER to FOLLOWER at term 124 for recognizeCandidate:af280123-6372-4d1f-a5d4-c36229a73203
2019-10-24 15:44:04,840 [grpc-default-executor-4] INFO  impl.RoleInfo (RoleInfo.java:shutdownFollowerState(121)) - b4ae536c-ed18-4717-a75c-ca4b5d6c4001: shutdown FollowerState
2019-10-24 15:44:04,840 [grpc-default-executor-5] INFO  impl.RaftServerImpl (RaftServerImpl.java:setRole(184)) - 9092f221-0e0d-4970-bb84-cacd95020f21@group-75C85B6D1182: changes role from  FOLLOWER to FOLLOWER at term 124 for recognizeCandidate:af280123-6372-4d1f-a5d4-c36229a73203
2019-10-24 15:44:04,840 [grpc-default-executor-4] INFO  impl.RoleInfo (RoleInfo.java:updateAndGet(143)) - b4ae536c-ed18-4717-a75c-ca4b5d6c4001: start FollowerState
2019-10-24 15:44:04,840 [grpc-default-executor-5] INFO  impl.RoleInfo (RoleInfo.java:shutdownFollowerState(121)) - 9092f221-0e0d-4970-bb84-cacd95020f21: shutdown FollowerState
2019-10-24 15:44:04,840 [Thread-1398] INFO  impl.FollowerState (FollowerState.java:run(117)) - b4ae536c-ed18-4717-a75c-ca4b5d6c4001@group-75C85B6D1182-FollowerState was interrupted: java.lang.InterruptedException: sleep interrupted
2019-10-24 15:44:04,841 [Thread-1399] INFO  impl.FollowerState (FollowerState.java:run(117)) - 9092f221-0e0d-4970-bb84-cacd95020f21@group-75C85B6D1182-FollowerState was interrupted: java.lang.InterruptedException: sleep interrupted
2019-10-24 15:44:04,841 [grpc-default-executor-5] INFO  impl.RoleInfo (RoleInfo.java:updateAndGet(143)) - 9092f221-0e0d-4970-bb84-cacd95020f21: start FollowerState
2019-10-24 15:44:04,846 [af280123-6372-4d1f-a5d4-c36229a73203@group-75C85B6D1182-LeaderElection131] INFO  impl.LeaderElection (LeaderElection.java:logAndReturn(56)) - af280123-6372-4d1f-a5d4-c36229a73203@group-75C85B6D1182-LeaderElection131: Election TIMEOUT; received 0 response(s) [] and 0 exception(s); af280123-6372-4d1f-a5d4-c36229a73203@group-75C85B6D1182:t124, leader=null, voted=af280123-6372-4d1f-a5d4-c36229a73203, raftlog=af280123-6372-4d1f-a5d4-c36229a73203@group-75C85B6D1182-SegmentedRaftLog:OPENED:c-1,f-1,i0, conf=-1: [9092f221-0e0d-4970-bb84-cacd95020f21:192.168.164.213:41903, af280123-6372-4d1f-a5d4-c36229a73203:192.168.164.213:35334, b4ae536c-ed18-4717-a75c-ca4b5d6c4001:192.168.164.213:41180], old=null
2019-10-24 15:44:04,853 [af280123-6372-4d1f-a5d4-c36229a73203@group-75C85B6D1182-LeaderElection131] INFO  impl.LeaderElection (LeaderElection.java:askForVotes(178)) - af280123-6372-4d1f-a5d4-c36229a73203@group-75C85B6D1182-LeaderElection131: begin an election at term 125 for -1: [9092f221-0e0d-4970-bb84-cacd95020f21:192.168.164.213:41903, af280123-6372-4d1f-a5d4-c36229a73203:192.168.164.213:35334, b4ae536c-ed18-4717-a75c-ca4b5d6c4001:192.168.164.213:41180], old=null
2019-10-24 15:44:04,856 [grpc-default-executor-4] INFO  impl.RaftServerImpl (RaftServerImpl.java:setRole(184)) - b4ae536c-ed18-4717-a75c-ca4b5d6c4001@group-75C85B6D1182: changes role from  FOLLOWER to FOLLOWER at term 125 for recognizeCandidate:af280123-6372-4d1f-a5d4-c36229a73203
2019-10-24 15:44:04,856 [grpc-default-executor-5] INFO  impl.RaftServerImpl (RaftServerImpl.java:setRole(184)) - 9092f221-0e0d-4970-bb84-cacd95020f21@group-75C85B6D1182: changes role from  FOLLOWER to FOLLOWER at term 125 for recognizeCandidate:af280123-6372-4d1f-a5d4-c36229a73203
2019-10-24 15:44:04,856 [grpc-default-executor-4] INFO  impl.RoleInfo (RoleInfo.java:shutdownFollowerState(121)) - b4ae536c-ed18-4717-a75c-ca4b5d6c4001: shutdown FollowerState
2019-10-24 15:44:04,856 [grpc-default-executor-5] INFO  impl.RoleInfo (RoleInfo.java:shutdownFollowerState(121)) - 9092f221-0e0d-4970-bb84-cacd95020f21: shutdown FollowerState
2019-10-24 15:44:04,856 [Thread-1406] INFO  impl.FollowerState (FollowerState.java:run(117)) - b4ae536c-ed18-4717-a75c-ca4b5d6c4001@group-75C85B6D1182-FollowerState was interrupted: java.lang.InterruptedException: sleep interrupted
2019-10-24 15:44:04,856 [grpc-default-executor-4] INFO  impl.RoleInfo (RoleInfo.java:updateAndGet(143)) - b4ae536c-ed18-4717-a75c-ca4b5d6c4001: start FollowerState
2019-10-24 15:44:04,856 [Thread-1407] INFO  impl.FollowerState (FollowerState.java:run(117)) - 9092f221-0e0d-4970-bb84-cacd95020f21@group-75C85B6D1182-FollowerState was interrupted: java.lang.InterruptedException: sleep interrupted
2019-10-24 15:44:04,856 [grpc-default-executor-5] INFO  impl.RoleInfo (RoleInfo.java:updateAndGet(143)) - 9092f221-0e0d-4970-bb84-cacd95020f21: start FollowerState
2019-10-24 15:44:04,870 [af280123-6372-4d1f-a5d4-c36229a73203@group-75C85B6D1182-LeaderElection131] INFO  impl.LeaderElection (LeaderElection.java:logAndReturn(56)) - af280123-6372-4d1f-a5d4-c36229a73203@group-75C85B6D1182-LeaderElection131: Election REJECTED; received 2 response(s) [af280123-6372-4d1f-a5d4-c36229a73203<-9092f221-0e0d-4970-bb84-cacd95020f21#0:FAIL-t125, af280123-6372-4d1f-a5d4-c36229a73203<-b4ae536c-ed18-4717-a75c-ca4b5d6c4001#0:FAIL-t125] and 0 exception(s); af280123-6372-4d1f-a5d4-c36229a73203@group-75C85B6D1182:t125, leader=null, voted=af280123-6372-4d1f-a5d4-c36229a73203, raftlog=af280123-6372-4d1f-a5d4-c36229a73203@group-75C85B6D1182-SegmentedRaftLog:OPENED:c-1,f-1,i0, conf=-1: [9092f221-0e0d-4970-bb84-cacd95020f21:192.168.164.213:41903, af280123-6372-4d1f-a5d4-c36229a73203:192.168.164.213:35334, b4ae536c-ed18-4717-a75c-ca4b5d6c4001:192.168.164.213:41180], old=null
2019-10-24 15:44:04,871 [af280123-6372-4d1f-a5d4-c36229a73203@group-75C85B6D1182-LeaderElection131] INFO  impl.RaftServerImpl (RaftServerImpl.java:setRole(184)) - af280123-6372-4d1f-a5d4-c36229a73203@group-75C85B6D1182: changes role from CANDIDATE to FOLLOWER at term 125 for DISCOVERED_A_NEW_TERM
2019-10-24 15:44:04,871 [af280123-6372-4d1f-a5d4-c36229a73203@group-75C85B6D1182-LeaderElection131] INFO  impl.RoleInfo (RoleInfo.java:shutdownLeaderElection(134)) - af280123-6372-4d1f-a5d4-c36229a73203: shutdown LeaderElection
2019-10-24 15:44:04,871 [af280123-6372-4d1f-a5d4-c36229a73203@group-75C85B6D1182-LeaderElection131] INFO  impl.RoleInfo (RoleInfo.java:updateAndGet(143)) - af280123-6372-4d1f-a5d4-c36229a73203: start FollowerState
2019-10-24 15:44:04,922 [Thread-1412] INFO  impl.FollowerState (FollowerState.java:run(108)) - af280123-6372-4d1f-a5d4-c36229a73203@group-75C85B6D1182-FollowerState: change to CANDIDATE, lastRpcTime:51ms, electionTimeout:51ms
2019-10-24 15:44:04,923 [Thread-1412] INFO  impl.RoleInfo (RoleInfo.java:shutdownFollowerState(121)) - af280123-6372-4d1f-a5d4-c36229a73203: shutdown FollowerState
2019-10-24 15:44:04,923 [Thread-1412] INFO  impl.RaftServerImpl (RaftServerImpl.java:setRole(184)) - af280123-6372-4d1f-a5d4-c36229a73203@group-75C85B6D1182: changes role from  FOLLOWER to CANDIDATE at term 125 for changeToCandidate
2019-10-24 15:44:04,923 [Thread-1412] INFO  impl.RoleInfo (RoleInfo.java:updateAndGet(143)) - af280123-6372-4d1f-a5d4-c36229a73203: start LeaderElection
2019-10-24 15:44:04,937 [af280123-6372-4d1f-a5d4-c36229a73203@group-75C85B6D1182-LeaderElection132] INFO  impl.LeaderElection (LeaderElection.java:askForVotes(178)) - af280123-6372-4d1f-a5d4-c36229a73203@group-75C85B6D1182-LeaderElection132: begin an election at term 126 for -1: [9092f221-0e0d-4970-bb84-cacd95020f21:192.168.164.213:41903, af280123-6372-4d1f-a5d4-c36229a73203:192.168.164.213:35334, b4ae536c-ed18-4717-a75c-ca4b5d6c4001:192.168.164.213:41180], old=null
2019-10-24 15:44:04,939 [grpc-default-executor-4] INFO  impl.RaftServerImpl (RaftServerImpl.java:setRole(184)) - 9092f221-0e0d-4970-bb84-cacd95020f21@group-75C85B6D1182: changes role from  FOLLOWER to FOLLOWER at term 126 for recognizeCandidate:af280123-6372-4d1f-a5d4-c36229a73203
2019-10-24 15:44:04,939 [grpc-default-executor-5] INFO  impl.RaftServerImpl (RaftServerImpl.java:setRole(184)) - b4ae536c-ed18-4717-a75c-ca4b5d6c4001@group-75C85B6D1182: changes role from  FOLLOWER to FOLLOWER at term 126 for recognizeCandidate:af280123-6372-4d1f-a5d4-c36229a73203
2019-10-24 15:44:04,940 [grpc-default-executor-5] INFO  impl.RoleInfo (RoleInfo.java:shutdownFollowerState(121)) - b4ae536c-ed18-4717-a75c-ca4b5d6c4001: shutdown FollowerState
2019-10-24 15:44:04,940 [grpc-default-executor-4] INFO  impl.RoleInfo (RoleInfo.java:shutdownFollowerState(121)) - 9092f221-0e0d-4970-bb84-cacd95020f21: shutdown FollowerState
2019-10-24 15:44:04,940 [grpc-default-executor-5] INFO  impl.RoleInfo (RoleInfo.java:updateAndGet(143)) - b4ae536c-ed18-4717-a75c-ca4b5d6c4001: start FollowerState
2019-10-24 15:44:04,940 [grpc-default-executor-4] INFO  impl.RoleInfo (RoleInfo.java:updateAndGet(143)) - 9092f221-0e0d-4970-bb84-cacd95020f21: start FollowerState
2019-10-24 15:44:04,940 [Thread-1410] INFO  impl.FollowerState (FollowerState.java:run(117)) - b4ae536c-ed18-4717-a75c-ca4b5d6c4001@group-75C85B6D1182-FollowerState was interrupted: java.lang.InterruptedException: sleep interrupted
2019-10-24 15:44:04,940 [Thread-1411] INFO  impl.FollowerState (FollowerState.java:run(117)) - 9092f221-0e0d-4970-bb84-cacd95020f21@group-75C85B6D1182-FollowerState was interrupted: java.lang.InterruptedException: sleep interrupted
2019-10-24 15:44:04,956 [af280123-6372-4d1f-a5d4-c36229a73203@group-75C85B6D1182-LeaderElection132] INFO  impl.LeaderElection (LeaderElection.java:logAndReturn(56)) - af280123-6372-4d1f-a5d4-c36229a73203@group-75C85B6D1182-LeaderElection132: Election REJECTED; received 2 response(s) [af280123-6372-4d1f-a5d4-c36229a73203<-9092f221-0e0d-4970-bb84-cacd95020f21#0:FAIL-t126, af280123-6372-4d1f-a5d4-c36229a73203<-b4ae536c-ed18-4717-a75c-ca4b5d6c4001#0:FAIL-t126] and 0 exception(s); af280123-6372-4d1f-a5d4-c36229a73203@group-75C85B6D1182:t126, leader=null, voted=af280123-6372-4d1f-a5d4-c36229a73203, raftlog=af280123-6372-4d1f-a5d4-c36229a73203@group-75C85B6D1182-SegmentedRaftLog:OPENED:c-1,f-1,i0, conf=-1: [9092f221-0e0d-4970-bb84-cacd95020f21:192.168.164.213:41903, af280123-6372-4d1f-a5d4-c36229a73203:192.168.164.213:35334, b4ae536c-ed18-4717-a75c-ca4b5d6c4001:192.168.164.213:41180], old=null
2019-10-24 15:44:04,956 [af280123-6372-4d1f-a5d4-c36229a73203@group-75C85B6D1182-LeaderElection132] INFO  impl.RaftServerImpl (RaftServerImpl.java:setRole(184)) - af280123-6372-4d1f-a5d4-c36229a73203@group-75C85B6D1182: changes role from CANDIDATE to FOLLOWER at term 126 for DISCOVERED_A_NEW_TERM
2019-10-24 15:44:04,956 [af280123-6372-4d1f-a5d4-c36229a73203@group-75C85B6D1182-LeaderElection132] INFO  impl.RoleInfo (RoleInfo.java:shutdownLeaderElection(134)) - af280123-6372-4d1f-a5d4-c36229a73203: shutdown LeaderElection
2019-10-24 15:44:04,956 [af280123-6372-4d1f-a5d4-c36229a73203@group-75C85B6D1182-LeaderElection132] INFO  impl.RoleInfo (RoleInfo.java:updateAndGet(143)) - af280123-6372-4d1f-a5d4-c36229a73203: start FollowerState
2019-10-24 15:44:05,032 [Thread-1418] INFO  impl.FollowerState (FollowerState.java:run(108)) - af280123-6372-4d1f-a5d4-c36229a73203@group-75C85B6D1182-FollowerState: change to CANDIDATE, lastRpcTime:75ms, electionTimeout:75ms
2019-10-24 15:44:05,032 [Thread-1418] INFO  impl.RoleInfo (RoleInfo.java:shutdownFollowerState(121)) - af280123-6372-4d1f-a5d4-c36229a73203: shutdown FollowerState
2019-10-24 15:44:05,032 [Thread-1418] INFO  impl.RaftServerImpl (RaftServerImpl.java:setRole(184)) - af280123-6372-4d1f-a5d4-c36229a73203@group-75C85B6D1182: changes role from  FOLLOWER to CANDIDATE at term 126 for changeToCandidate
2019-10-24 15:44:05,032 [Thread-1418] INFO  impl.RoleInfo (RoleInfo.java:updateAndGet(143)) - af280123-6372-4d1f-a5d4-c36229a73203: start LeaderElection
2019-10-24 15:44:05,046 [af280123-6372-4d1f-a5d4-c36229a73203@group-75C85B6D1182-LeaderElection133] INFO  impl.LeaderElection (LeaderElection.java:askForVotes(178)) - af280123-6372-4d1f-a5d4-c36229a73203@group-75C85B6D1182-LeaderElection133: begin an election at term 127 for -1: [9092f221-0e0d-4970-bb84-cacd95020f21:192.168.164.213:41903, af280123-6372-4d1f-a5d4-c36229a73203:192.168.164.213:35334, b4ae536c-ed18-4717-a75c-ca4b5d6c4001:192.168.164.213:41180], old=null
2019-10-24 15:44:05,048 [grpc-default-executor-5] INFO  impl.RaftServerImpl (RaftServerImpl.java:setRole(184)) - 9092f221-0e0d-4970-bb84-cacd95020f21@group-75C85B6D1182: changes role from  FOLLOWER to FOLLOWER at term 127 for recognizeCandidate:af280123-6372-4d1f-a5d4-c36229a73203
2019-10-24 15:44:05,048 [grpc-default-executor-5] INFO  impl.RoleInfo (RoleInfo.java:shutdownFollowerState(121)) - 9092f221-0e0d-4970-bb84-cacd95020f21: shutdown FollowerState
2019-10-24 15:44:05,048 [grpc-default-executor-4] INFO  impl.RaftServerImpl (RaftServerImpl.java:setRole(184)) - b4ae536c-ed18-4717-a75c-ca4b5d6c4001@group-75C85B6D1182: changes role from  FOLLOWER to FOLLOWER at term 127 for recognizeCandidate:af280123-6372-4d1f-a5d4-c36229a73203
2019-10-24 15:44:05,048 [Thread-1417] INFO  impl.FollowerState (FollowerState.java:run(117)) - 9092f221-0e0d-4970-bb84-cacd95020f21@group-75C85B6D1182-FollowerState was interrupted: java.lang.InterruptedException: sleep interrupted
2019-10-24 15:44:05,048 [grpc-default-executor-5] INFO  impl.RoleInfo (RoleInfo.java:updateAndGet(143)) - 9092f221-0e0d-4970-bb84-cacd95020f21: start FollowerState
2019-10-24 15:44:05,048 [grpc-default-executor-4] INFO  impl.RoleInfo (RoleInfo.java:shutdownFollowerState(121)) - b4ae536c-ed18-4717-a75c-ca4b5d6c4001: shutdown FollowerState
2019-10-24 15:44:05,049 [grpc-default-executor-4] INFO  impl.RoleInfo (RoleInfo.java:updateAndGet(143)) - b4ae536c-ed18-4717-a75c-ca4b5d6c4001: start FollowerState
2019-10-24 15:44:05,049 [Thread-1416] INFO  impl.FollowerState (FollowerState.java:run(117)) - b4ae536c-ed18-4717-a75c-ca4b5d6c4001@group-75C85B6D1182-FollowerState was interrupted: java.lang.InterruptedException: sleep interrupted
2019-10-24 15:44:05,067 [af280123-6372-4d1f-a5d4-c36229a73203@group-75C85B6D1182-LeaderElection133] INFO  impl.LeaderElection (LeaderElection.java:logAndReturn(56)) - af280123-6372-4d1f-a5d4-c36229a73203@group-75C85B6D1182-LeaderElection133: Election REJECTED; received 2 response(s) [af280123-6372-4d1f-a5d4-c36229a73203<-9092f221-0e0d-4970-bb84-cacd95020f21#0:FAIL-t127, af280123-6372-4d1f-a5d4-c36229a73203<-b4ae536c-ed18-4717-a75c-ca4b5d6c4001#0:FAIL-t127] and 0 exception(s); af280123-6372-4d1f-a5d4-c36229a73203@group-75C85B6D1182:t127, leader=null, voted=af280123-6372-4d1f-a5d4-c36229a73203, raftlog=af280123-6372-4d1f-a5d4-c36229a73203@group-75C85B6D1182-SegmentedRaftLog:OPENED:c-1,f-1,i0, conf=-1: [9092f221-0e0d-4970-bb84-cacd95020f21:192.168.164.213:41903, af280123-6372-4d1f-a5d4-c36229a73203:192.168.164.213:35334, b4ae536c-ed18-4717-a75c-ca4b5d6c4001:192.168.164.213:41180], old=null
2019-10-24 15:44:05,068 [af280123-6372-4d1f-a5d4-c36229a73203@group-75C85B6D1182-LeaderElection133] INFO  impl.RaftServerImpl (RaftServerImpl.java:setRole(184)) - af280123-6372-4d1f-a5d4-c36229a73203@group-75C85B6D1182: changes role from CANDIDATE to FOLLOWER at term 127 for DISCOVERED_A_NEW_TERM
2019-10-24 15:44:05,068 [af280123-6372-4d1f-a5d4-c36229a73203@group-75C85B6D1182-LeaderElection133] INFO  impl.RoleInfo (RoleInfo.java:shutdownLeaderElection(134)) - af280123-6372-4d1f-a5d4-c36229a73203: shutdown LeaderElection
2019-10-24 15:44:05,068 [af280123-6372-4d1f-a5d4-c36229a73203@group-75C85B6D1182-LeaderElection133] INFO  impl.RoleInfo (RoleInfo.java:updateAndGet(143)) - af280123-6372-4d1f-a5d4-c36229a73203: start FollowerState
2019-10-24 15:44:05,227 [Thread-1424] INFO  impl.FollowerState (FollowerState.java:run(108)) - af280123-6372-4d1f-a5d4-c36229a73203@group-75C85B6D1182-FollowerState: change to CANDIDATE, lastRpcTime:159ms, electionTimeout:159ms
2019-10-24 15:44:05,228 [Thread-1424] INFO  impl.RoleInfo (RoleInfo.java:shutdownFollowerState(121)) - af280123-6372-4d1f-a5d4-c36229a73203: shutdown FollowerState
2019-10-24 15:44:05,228 [Thread-1424] INFO  impl.RaftServerImpl (RaftServerImpl.java:setRole(184)) - af280123-6372-4d1f-a5d4-c36229a73203@group-75C85B6D1182: changes role from  FOLLOWER to CANDIDATE at term 127 for changeToCandidate
2019-10-24 15:44:05,228 [Thread-1424] INFO  impl.RoleInfo (RoleInfo.java:updateAndGet(143)) - af280123-6372-4d1f-a5d4-c36229a73203: start LeaderElection
2019-10-24 15:44:05,241 [af280123-6372-4d1f-a5d4-c36229a73203@group-75C85B6D1182-LeaderElection134] INFO  impl.LeaderElection (LeaderElection.java:askForVotes(178)) - af280123-6372-4d1f-a5d4-c36229a73203@group-75C85B6D1182-LeaderElection134: begin an election at term 128 for -1: [9092f221-0e0d-4970-bb84-cacd95020f21:192.168.164.213:41903, af280123-6372-4d1f-a5d4-c36229a73203:192.168.164.213:35334, b4ae536c-ed18-4717-a75c-ca4b5d6c4001:192.168.164.213:41180], old=null
2019-10-24 15:44:05,243 [grpc-default-executor-4] INFO  impl.RaftServerImpl (RaftServerImpl.java:setRole(184)) - 9092f221-0e0d-4970-bb84-cacd95020f21@group-75C85B6D1182: changes role from  FOLLOWER to FOLLOWER at term 128 for recognizeCandidate:af280123-6372-4d1f-a5d4-c36229a73203
2019-10-24 15:44:05,243 [grpc-default-executor-4] INFO  impl.RoleInfo (RoleInfo.java:shutdownFollowerState(121)) - 9092f221-0e0d-4970-bb84-cacd95020f21: shutdown FollowerState
2019-10-24 15:44:05,243 [grpc-default-executor-4] INFO  impl.RoleInfo (RoleInfo.java:updateAndGet(143)) - 9092f221-0e0d-4970-bb84-cacd95020f21: start FollowerState
2019-10-24 15:44:05,243 [grpc-default-executor-5] INFO  impl.RaftServerImpl (RaftServerImpl.java:setRole(184)) - b4ae536c-ed18-4717-a75c-ca4b5d6c4001@group-75C85B6D1182: changes role from  FOLLOWER to FOLLOWER at term 128 for recognizeCandidate:af280123-6372-4d1f-a5d4-c36229a73203
2019-10-24 15:44:05,243 [Thread-1422] INFO  impl.FollowerState (FollowerState.java:run(117)) - 9092f221-0e0d-4970-bb84-cacd95020f21@group-75C85B6D1182-FollowerState was interrupted: java.lang.InterruptedException: sleep interrupted
2019-10-24 15:44:05,244 [grpc-default-executor-5] INFO  impl.RoleInfo (RoleInfo.java:shutdownFollowerState(121)) - b4ae536c-ed18-4717-a75c-ca4b5d6c4001: shutdown FollowerState
2019-10-24 15:44:05,244 [grpc-default-executor-5] INFO  impl.RoleInfo (RoleInfo.java:updateAndGet(143)) - b4ae536c-ed18-4717-a75c-ca4b5d6c4001: start FollowerState
2019-10-24 15:44:05,244 [Thread-1423] INFO  impl.FollowerState (FollowerState.java:run(117)) - b4ae536c-ed18-4717-a75c-ca4b5d6c4001@group-75C85B6D1182-FollowerState was interrupted: java.lang.InterruptedException: sleep interrupted
2019-10-24 15:44:05,247 [af280123-6372-4d1f-a5d4-c36229a73203@group-75C85B6D1182-LeaderElection134] INFO  impl.LeaderElection (LeaderElection.java:logAndReturn(56)) - af280123-6372-4d1f-a5d4-c36229a73203@group-75C85B6D1182-LeaderElection134: Election TIMEOUT; received 0 response(s) [] and 0 exception(s); af280123-6372-4d1f-a5d4-c36229a73203@group-75C85B6D1182:t128, leader=null, voted=af280123-6372-4d1f-a5d4-c36229a73203, raftlog=af280123-6372-4d1f-a5d4-c36229a73203@group-75C85B6D1182-SegmentedRaftLog:OPENED:c-1,f-1,i0, conf=-1: [9092f221-0e0d-4970-bb84-cacd95020f21:192.168.164.213:41903, af280123-6372-4d1f-a5d4-c36229a73203:192.168.164.213:35334, b4ae536c-ed18-4717-a75c-ca4b5d6c4001:192.168.164.213:41180], old=null
2019-10-24 15:44:05,257 [af280123-6372-4d1f-a5d4-c36229a73203@group-75C85B6D1182-LeaderElection134] INFO  impl.LeaderElection (LeaderElection.java:askForVotes(178)) - af280123-6372-4d1f-a5d4-c36229a73203@group-75C85B6D1182-LeaderElection134: begin an election at term 129 for -1: [9092f221-0e0d-4970-bb84-cacd95020f21:192.168.164.213:41903, af280123-6372-4d1f-a5d4-c36229a73203:192.168.164.213:35334, b4ae536c-ed18-4717-a75c-ca4b5d6c4001:192.168.164.213:41180], old=null
2019-10-24 15:44:05,258 [grpc-default-executor-4] INFO  impl.RaftServerImpl (RaftServerImpl.java:setRole(184)) - 9092f221-0e0d-4970-bb84-cacd95020f21@group-75C85B6D1182: changes role from  FOLLOWER to FOLLOWER at term 129 for recognizeCandidate:af280123-6372-4d1f-a5d4-c36229a73203
2019-10-24 15:44:05,259 [grpc-default-executor-4] INFO  impl.RoleInfo (RoleInfo.java:shutdownFollowerState(121)) - 9092f221-0e0d-4970-bb84-cacd95020f21: shutdown FollowerState
2019-10-24 15:44:05,259 [grpc-default-executor-4] INFO  impl.RoleInfo (RoleInfo.java:updateAndGet(143)) - 9092f221-0e0d-4970-bb84-cacd95020f21: start FollowerState
2019-10-24 15:44:05,259 [grpc-default-executor-5] INFO  impl.RaftServerImpl (RaftServerImpl.java:setRole(184)) - b4ae536c-ed18-4717-a75c-ca4b5d6c4001@group-75C85B6D1182: changes role from  FOLLOWER to FOLLOWER at term 129 for recognizeCandidate:af280123-6372-4d1f-a5d4-c36229a73203
2019-10-24 15:44:05,259 [grpc-default-executor-5] INFO  impl.RoleInfo (RoleInfo.java:shutdownFollowerState(121)) - b4ae536c-ed18-4717-a75c-ca4b5d6c4001: shutdown FollowerState
2019-10-24 15:44:05,259 [Thread-1430] INFO  impl.FollowerState (FollowerState.java:run(117)) - 9092f221-0e0d-4970-bb84-cacd95020f21@group-75C85B6D1182-FollowerState was interrupted: java.lang.InterruptedException: sleep interrupted
2019-10-24 15:44:05,259 [Thread-1431] INFO  impl.FollowerState (FollowerState.java:run(117)) - b4ae536c-ed18-4717-a75c-ca4b5d6c4001@group-75C85B6D1182-FollowerState was interrupted: java.lang.InterruptedException: sleep interrupted
2019-10-24 15:44:05,259 [grpc-default-executor-5] INFO  impl.RoleInfo (RoleInfo.java:updateAndGet(143)) - b4ae536c-ed18-4717-a75c-ca4b5d6c4001: start FollowerState
2019-10-24 15:44:05,273 [af280123-6372-4d1f-a5d4-c36229a73203@group-75C85B6D1182-LeaderElection134] INFO  impl.LeaderElection (LeaderElection.java:logAndReturn(56)) - af280123-6372-4d1f-a5d4-c36229a73203@group-75C85B6D1182-LeaderElection134: Election REJECTED; received 2 response(s) [af280123-6372-4d1f-a5d4-c36229a73203<-9092f221-0e0d-4970-bb84-cacd95020f21#0:FAIL-t129, af280123-6372-4d1f-a5d4-c36229a73203<-b4ae536c-ed18-4717-a75c-ca4b5d6c4001#0:FAIL-t129] and 0 exception(s); af280123-6372-4d1f-a5d4-c36229a73203@group-75C85B6D1182:t129, leader=null, voted=af280123-6372-4d1f-a5d4-c36229a73203, raftlog=af280123-6372-4d1f-a5d4-c36229a73203@group-75C85B6D1182-SegmentedRaftLog:OPENED:c-1,f-1,i0, conf=-1: [9092f221-0e0d-4970-bb84-cacd95020f21:192.168.164.213:41903, af280123-6372-4d1f-a5d4-c36229a73203:192.168.164.213:35334, b4ae536c-ed18-4717-a75c-ca4b5d6c4001:192.168.164.213:41180], old=null
2019-10-24 15:44:05,273 [af280123-6372-4d1f-a5d4-c36229a73203@group-75C85B6D1182-LeaderElection134] INFO  impl.RaftServerImpl (RaftServerImpl.java:setRole(184)) - af280123-6372-4d1f-a5d4-c36229a73203@group-75C85B6D1182: changes role from CANDIDATE to FOLLOWER at term 129 for DISCOVERED_A_NEW_TERM
2019-10-24 15:44:05,273 [af280123-6372-4d1f-a5d4-c36229a73203@group-75C85B6D1182-LeaderElection134] INFO  impl.RoleInfo (RoleInfo.java:shutdownLeaderElection(134)) - af280123-6372-4d1f-a5d4-c36229a73203: shutdown LeaderElection
2019-10-24 15:44:05,274 [af280123-6372-4d1f-a5d4-c36229a73203@group-75C85B6D1182-LeaderElection134] INFO  impl.RoleInfo (RoleInfo.java:updateAndGet(143)) - af280123-6372-4d1f-a5d4-c36229a73203: start FollowerState
2019-10-24 15:44:05,350 [ForkJoinPool.commonPool-worker-0] INFO  ozoneimpl.OzoneContainer (OzoneContainer.java:stop(227)) - Attempting to stop container services.
2019-10-24 15:44:05,350 [main] INFO  ozoneimpl.OzoneContainer (OzoneContainer.java:stop(227)) - Attempting to stop container services.
2019-10-24 15:44:05,351 [ForkJoinPool.commonPool-worker-0] INFO  impl.RaftServerProxy (RaftServerProxy.java:lambda$close$4(314)) - 131ee32b-eb71-4a4b-82eb-895fd06b61f2: close
2019-10-24 15:44:05,351 [main] INFO  impl.RaftServerProxy (RaftServerProxy.java:lambda$close$4(314)) - 876b8685-e2e6-4b2b-9f0d-f9ddcb91e852: close
2019-10-24 15:44:05,352 [main] INFO  impl.RaftServerImpl (RaftServerImpl.java:lambda$shutdown$3(261)) - 876b8685-e2e6-4b2b-9f0d-f9ddcb91e852@group-ACC4C9B47EF8: shutdown
2019-10-24 15:44:05,352 [ForkJoinPool.commonPool-worker-0] INFO  impl.RaftServerImpl (RaftServerImpl.java:lambda$shutdown$3(261)) - 131ee32b-eb71-4a4b-82eb-895fd06b61f2@group-D6115FD00A99: shutdown
2019-10-24 15:44:05,352 [main] INFO  util.JmxRegister (JmxRegister.java:unregister(73)) - Successfully un-registered JMX Bean with object name Ratis:service=RaftServer,group=group-ACC4C9B47EF8,id=876b8685-e2e6-4b2b-9f0d-f9ddcb91e852
2019-10-24 15:44:05,353 [ForkJoinPool.commonPool-worker-0] INFO  util.JmxRegister (JmxRegister.java:unregister(73)) - Successfully un-registered JMX Bean with object name Ratis:service=RaftServer,group=group-D6115FD00A99,id=131ee32b-eb71-4a4b-82eb-895fd06b61f2
2019-10-24 15:44:05,353 [main] INFO  impl.RoleInfo (RoleInfo.java:shutdownLeaderState(104)) - 876b8685-e2e6-4b2b-9f0d-f9ddcb91e852: shutdown LeaderState
2019-10-24 15:44:05,353 [ForkJoinPool.commonPool-worker-0] INFO  impl.RoleInfo (RoleInfo.java:shutdownFollowerState(121)) - 131ee32b-eb71-4a4b-82eb-895fd06b61f2: shutdown FollowerState
2019-10-24 15:44:05,353 [main] INFO  impl.PendingRequests (PendingRequests.java:sendNotLeaderResponses(202)) - 876b8685-e2e6-4b2b-9f0d-f9ddcb91e852@group-ACC4C9B47EF8-PendingRequests: sendNotLeaderResponses
2019-10-24 15:44:05,353 [ForkJoinPool.commonPool-worker-0] INFO  impl.StateMachineUpdater (StateMachineUpdater.java:stopAndJoin(136)) - 131ee32b-eb71-4a4b-82eb-895fd06b61f2@group-D6115FD00A99-StateMachineUpdater: set stopIndex = 4
2019-10-24 15:44:05,354 [131ee32b-eb71-4a4b-82eb-895fd06b61f2@group-D6115FD00A99-StateMachineUpdater] INFO  ratis.ContainerStateMachine (ContainerStateMachine.java:takeSnapshot(294)) - group-D6115FD00A99: Taking a snapshot at:(t:10, i:3) file /workdir/hadoop-ozone/integration-test/target/test-dir/MiniOzoneClusterImpl-0feb3ce4-70f4-42f6-988c-6bd7afad892e/datanode-2/data/ratis/029cd483-b1e5-49b9-bdf9-d6115fd00a99/sm/snapshot.10_3
2019-10-24 15:44:05,354 [Thread-515] INFO  impl.FollowerState (FollowerState.java:run(117)) - 131ee32b-eb71-4a4b-82eb-895fd06b61f2@group-D6115FD00A99-FollowerState was interrupted: java.lang.InterruptedException: sleep interrupted
2019-10-24 15:44:05,354 [main] INFO  impl.StateMachineUpdater (StateMachineUpdater.java:stopAndJoin(136)) - 876b8685-e2e6-4b2b-9f0d-f9ddcb91e852@group-ACC4C9B47EF8-StateMachineUpdater: set stopIndex = 0
2019-10-24 15:44:05,357 [main] INFO  impl.RaftServerImpl (ServerState.java:close(388)) - 876b8685-e2e6-4b2b-9f0d-f9ddcb91e852@group-ACC4C9B47EF8: closes. applyIndex: 0
2019-10-24 15:44:05,358 [876b8685-e2e6-4b2b-9f0d-f9ddcb91e852@group-ACC4C9B47EF8-SegmentedRaftLogWorker] INFO  segmented.SegmentedRaftLogWorker (SegmentedRaftLogWorker.java:run(316)) - 876b8685-e2e6-4b2b-9f0d-f9ddcb91e852@group-ACC4C9B47EF8-SegmentedRaftLogWorker was interrupted, exiting. There are 0 tasks remaining in the queue.
2019-10-24 15:44:05,360 [main] INFO  segmented.SegmentedRaftLogWorker (SegmentedRaftLogWorker.java:close(224)) - 876b8685-e2e6-4b2b-9f0d-f9ddcb91e852@group-ACC4C9B47EF8-SegmentedRaftLogWorker close()
2019-10-24 15:44:05,364 [main] INFO  impl.RaftServerImpl (RaftServerImpl.java:lambda$shutdown$3(261)) - 876b8685-e2e6-4b2b-9f0d-f9ddcb91e852@group-D6115FD00A99: shutdown
2019-10-24 15:44:05,365 [main] INFO  util.JmxRegister (JmxRegister.java:unregister(73)) - Successfully un-registered JMX Bean with object name Ratis:service=RaftServer,group=group-D6115FD00A99,id=876b8685-e2e6-4b2b-9f0d-f9ddcb91e852
2019-10-24 15:44:05,365 [main] INFO  impl.RoleInfo (RoleInfo.java:shutdownLeaderState(104)) - 876b8685-e2e6-4b2b-9f0d-f9ddcb91e852: shutdown LeaderState
2019-10-24 15:44:05,368 [main] INFO  impl.PendingRequests (PendingRequests.java:sendNotLeaderResponses(202)) - 876b8685-e2e6-4b2b-9f0d-f9ddcb91e852@group-D6115FD00A99-PendingRequests: sendNotLeaderResponses
2019-10-24 15:44:05,368 [org.apache.ratis.server.impl.LogAppender$AppenderDaemon$$Lambda$394/977654@1deb8e9f] WARN  server.GrpcLogAppender (GrpcLogAppender.java:mayWait(149)) - 876b8685-e2e6-4b2b-9f0d-f9ddcb91e852@group-D6115FD00A99->131ee32b-eb71-4a4b-82eb-895fd06b61f2-GrpcLogAppender: Wait interrupted by java.lang.InterruptedException
2019-10-24 15:44:05,368 [org.apache.ratis.server.impl.LogAppender$AppenderDaemon$$Lambda$394/977654@676bdedf] WARN  server.GrpcLogAppender (GrpcLogAppender.java:mayWait(149)) - 876b8685-e2e6-4b2b-9f0d-f9ddcb91e852@group-D6115FD00A99->abb8132e-b90b-4ab3-abdd-91ffef5e5962-GrpcLogAppender: Wait interrupted by java.lang.InterruptedException
2019-10-24 15:44:05,375 [main] INFO  impl.StateMachineUpdater (StateMachineUpdater.java:stopAndJoin(136)) - 876b8685-e2e6-4b2b-9f0d-f9ddcb91e852@group-D6115FD00A99-StateMachineUpdater: set stopIndex = 4
2019-10-24 15:44:05,375 [grpc-default-executor-4] INFO  server.GrpcServerProtocolService (GrpcServerProtocolService.java:onCompleted(113)) - 131ee32b-eb71-4a4b-82eb-895fd06b61f2: Completed APPEND_ENTRIES, lastRequest: 876b8685-e2e6-4b2b-9f0d-f9ddcb91e852->131ee32b-eb71-4a4b-82eb-895fd06b61f2#34-t10, previous=(t:10, i:4), leaderCommit=4, initializing? false, entries: <empty>
2019-10-24 15:44:05,375 [grpc-default-executor-5] INFO  server.GrpcServerProtocolService (GrpcServerProtocolService.java:onCompleted(113)) - abb8132e-b90b-4ab3-abdd-91ffef5e5962: Completed APPEND_ENTRIES, lastRequest: 876b8685-e2e6-4b2b-9f0d-f9ddcb91e852->abb8132e-b90b-4ab3-abdd-91ffef5e5962#34-t10, previous=(t:10, i:4), leaderCommit=4, initializing? false, entries: <empty>
2019-10-24 15:44:05,375 [876b8685-e2e6-4b2b-9f0d-f9ddcb91e852@group-D6115FD00A99-StateMachineUpdater] INFO  ratis.ContainerStateMachine (ContainerStateMachine.java:takeSnapshot(294)) - group-D6115FD00A99: Taking a snapshot at:(t:10, i:4) file /workdir/hadoop-ozone/integration-test/target/test-dir/MiniOzoneClusterImpl-0feb3ce4-70f4-42f6-988c-6bd7afad892e/datanode-5/data/ratis/029cd483-b1e5-49b9-bdf9-d6115fd00a99/sm/snapshot.10_4
2019-10-24 15:44:05,376 [grpc-default-executor-4] INFO  server.GrpcLogAppender (GrpcLogAppender.java:onCompleted(308)) - 876b8685-e2e6-4b2b-9f0d-f9ddcb91e852@group-D6115FD00A99->131ee32b-eb71-4a4b-82eb-895fd06b61f2-AppendLogResponseHandler: follower responses appendEntries COMPLETED
2019-10-24 15:44:05,385 [grpc-default-executor-5] INFO  server.GrpcLogAppender (GrpcLogAppender.java:onCompleted(308)) - 876b8685-e2e6-4b2b-9f0d-f9ddcb91e852@group-D6115FD00A99->abb8132e-b90b-4ab3-abdd-91ffef5e5962-AppendLogResponseHandler: follower responses appendEntries COMPLETED
2019-10-24 15:44:05,386 [grpc-default-executor-4] INFO  impl.FollowerInfo (FollowerInfo.java:lambda$new$0(51)) - 876b8685-e2e6-4b2b-9f0d-f9ddcb91e852@group-D6115FD00A99->131ee32b-eb71-4a4b-82eb-895fd06b61f2: nextIndex: updateUnconditionally 5 -> 4
2019-10-24 15:44:05,386 [grpc-default-executor-5] INFO  impl.FollowerInfo (FollowerInfo.java:lambda$new$0(51)) - 876b8685-e2e6-4b2b-9f0d-f9ddcb91e852@group-D6115FD00A99->abb8132e-b90b-4ab3-abdd-91ffef5e5962: nextIndex: updateUnconditionally 5 -> 4
2019-10-24 15:44:05,410 [876b8685-e2e6-4b2b-9f0d-f9ddcb91e852@group-D6115FD00A99-StateMachineUpdater] INFO  ratis.ContainerStateMachine (ContainerStateMachine.java:takeSnapshot(305)) - group-D6115FD00A99: Finished taking a snapshot at:(t:10, i:4) file:/workdir/hadoop-ozone/integration-test/target/test-dir/MiniOzoneClusterImpl-0feb3ce4-70f4-42f6-988c-6bd7afad892e/datanode-5/data/ratis/029cd483-b1e5-49b9-bdf9-d6115fd00a99/sm/snapshot.10_4 time:35
2019-10-24 15:44:05,410 [131ee32b-eb71-4a4b-82eb-895fd06b61f2@group-D6115FD00A99-StateMachineUpdater] INFO  ratis.ContainerStateMachine (ContainerStateMachine.java:takeSnapshot(305)) - group-D6115FD00A99: Finished taking a snapshot at:(t:10, i:3) file:/workdir/hadoop-ozone/integration-test/target/test-dir/MiniOzoneClusterImpl-0feb3ce4-70f4-42f6-988c-6bd7afad892e/datanode-2/data/ratis/029cd483-b1e5-49b9-bdf9-d6115fd00a99/sm/snapshot.10_3 time:56
2019-10-24 15:44:05,416 [876b8685-e2e6-4b2b-9f0d-f9ddcb91e852@group-D6115FD00A99-StateMachineUpdater] INFO  impl.StateMachineUpdater (StateMachineUpdater.java:takeSnapshot(269)) - 876b8685-e2e6-4b2b-9f0d-f9ddcb91e852@group-D6115FD00A99-StateMachineUpdater: Took a snapshot at index 4
2019-10-24 15:44:05,416 [131ee32b-eb71-4a4b-82eb-895fd06b61f2@group-D6115FD00A99-StateMachineUpdater] INFO  impl.StateMachineUpdater (StateMachineUpdater.java:takeSnapshot(269)) - 131ee32b-eb71-4a4b-82eb-895fd06b61f2@group-D6115FD00A99-StateMachineUpdater: Took a snapshot at index 3
2019-10-24 15:44:05,416 [876b8685-e2e6-4b2b-9f0d-f9ddcb91e852@group-D6115FD00A99-StateMachineUpdater] INFO  impl.StateMachineUpdater (StateMachineUpdater.java:lambda$new$0(84)) - 876b8685-e2e6-4b2b-9f0d-f9ddcb91e852@group-D6115FD00A99-StateMachineUpdater: snapshotIndex: updateIncreasingly -1 -> 4
2019-10-24 15:44:05,416 [131ee32b-eb71-4a4b-82eb-895fd06b61f2@group-D6115FD00A99-StateMachineUpdater] INFO  impl.StateMachineUpdater (StateMachineUpdater.java:lambda$new$0(84)) - 131ee32b-eb71-4a4b-82eb-895fd06b61f2@group-D6115FD00A99-StateMachineUpdater: snapshotIndex: updateIncreasingly -1 -> 3
2019-10-24 15:44:05,422 [131ee32b-eb71-4a4b-82eb-895fd06b61f2@group-D6115FD00A99-StateMachineUpdater] INFO  ratis.ContainerStateMachine (ContainerStateMachine.java:takeSnapshot(294)) - group-D6115FD00A99: Taking a snapshot at:(t:10, i:3) file /workdir/hadoop-ozone/integration-test/target/test-dir/MiniOzoneClusterImpl-0feb3ce4-70f4-42f6-988c-6bd7afad892e/datanode-2/data/ratis/029cd483-b1e5-49b9-bdf9-d6115fd00a99/sm/snapshot.10_3
2019-10-24 15:44:05,422 [main] INFO  impl.RaftServerImpl (ServerState.java:close(388)) - 876b8685-e2e6-4b2b-9f0d-f9ddcb91e852@group-D6115FD00A99: closes. applyIndex: 4
2019-10-24 15:44:05,423 [876b8685-e2e6-4b2b-9f0d-f9ddcb91e852@group-D6115FD00A99-SegmentedRaftLogWorker] INFO  segmented.SegmentedRaftLogWorker (SegmentedRaftLogWorker.java:run(316)) - 876b8685-e2e6-4b2b-9f0d-f9ddcb91e852@group-D6115FD00A99-SegmentedRaftLogWorker was interrupted, exiting. There are 0 tasks remaining in the queue.
2019-10-24 15:44:05,425 [main] INFO  segmented.SegmentedRaftLogWorker (SegmentedRaftLogWorker.java:close(224)) - 876b8685-e2e6-4b2b-9f0d-f9ddcb91e852@group-D6115FD00A99-SegmentedRaftLogWorker close()
2019-10-24 15:44:05,429 [main] INFO  server.GrpcService (GrpcService.java:closeImpl(164)) - 876b8685-e2e6-4b2b-9f0d-f9ddcb91e852: shutdown server with port 33356 now
2019-10-24 15:44:05,432 [main] INFO  server.GrpcService (GrpcService.java:closeImpl(172)) - 876b8685-e2e6-4b2b-9f0d-f9ddcb91e852: shutdown server with port 33356 successfully
2019-10-24 15:44:05,435 [131ee32b-eb71-4a4b-82eb-895fd06b61f2@group-D6115FD00A99-StateMachineUpdater] INFO  ratis.ContainerStateMachine (ContainerStateMachine.java:takeSnapshot(305)) - group-D6115FD00A99: Finished taking a snapshot at:(t:10, i:3) file:/workdir/hadoop-ozone/integration-test/target/test-dir/MiniOzoneClusterImpl-0feb3ce4-70f4-42f6-988c-6bd7afad892e/datanode-2/data/ratis/029cd483-b1e5-49b9-bdf9-d6115fd00a99/sm/snapshot.10_3 time:13
2019-10-24 15:44:05,435 [refreshUsed-/workdir/hadoop-ozone/integration-test/target/test-dir/MiniOzoneClusterImpl-0feb3ce4-70f4-42f6-988c-6bd7afad892e/datanode-5/data/containers] WARN  fs.CachingGetSpaceUsed (CachingGetSpaceUsed.java:run(183)) - Thread Interrupted waiting to refresh disk information: sleep interrupted
2019-10-24 15:44:05,435 [131ee32b-eb71-4a4b-82eb-895fd06b61f2@group-D6115FD00A99-StateMachineUpdater] INFO  impl.StateMachineUpdater (StateMachineUpdater.java:takeSnapshot(269)) - 131ee32b-eb71-4a4b-82eb-895fd06b61f2@group-D6115FD00A99-StateMachineUpdater: Took a snapshot at index 3
2019-10-24 15:44:05,435 [131ee32b-eb71-4a4b-82eb-895fd06b61f2@group-D6115FD00A99-StateMachineUpdater] INFO  impl.StateMachineUpdater (StateMachineUpdater.java:lambda$new$0(84)) - 131ee32b-eb71-4a4b-82eb-895fd06b61f2@group-D6115FD00A99-StateMachineUpdater: snapshotIndex: updateIncreasingly 3 -> 3
2019-10-24 15:44:05,436 [ForkJoinPool.commonPool-worker-0] INFO  impl.RaftServerImpl (ServerState.java:close(388)) - 131ee32b-eb71-4a4b-82eb-895fd06b61f2@group-D6115FD00A99: closes. applyIndex: 4
2019-10-24 15:44:05,436 [131ee32b-eb71-4a4b-82eb-895fd06b61f2@group-D6115FD00A99-SegmentedRaftLogWorker] INFO  segmented.SegmentedRaftLogWorker (SegmentedRaftLogWorker.java:run(316)) - 131ee32b-eb71-4a4b-82eb-895fd06b61f2@group-D6115FD00A99-SegmentedRaftLogWorker was interrupted, exiting. There are 0 tasks remaining in the queue.
2019-10-24 15:44:05,440 [ForkJoinPool.commonPool-worker-0] INFO  segmented.SegmentedRaftLogWorker (SegmentedRaftLogWorker.java:close(224)) - 131ee32b-eb71-4a4b-82eb-895fd06b61f2@group-D6115FD00A99-SegmentedRaftLogWorker close()
2019-10-24 15:44:05,443 [Thread-1436] INFO  impl.FollowerState (FollowerState.java:run(108)) - af280123-6372-4d1f-a5d4-c36229a73203@group-75C85B6D1182-FollowerState: change to CANDIDATE, lastRpcTime:169ms, electionTimeout:163ms
2019-10-24 15:44:05,443 [ForkJoinPool.commonPool-worker-0] INFO  impl.RaftServerImpl (RaftServerImpl.java:lambda$shutdown$3(261)) - 131ee32b-eb71-4a4b-82eb-895fd06b61f2@group-2D14CBC2F866: shutdown
2019-10-24 15:44:05,444 [Thread-1436] INFO  impl.RoleInfo (RoleInfo.java:shutdownFollowerState(121)) - af280123-6372-4d1f-a5d4-c36229a73203: shutdown FollowerState
2019-10-24 15:44:05,444 [ForkJoinPool.commonPool-worker-0] INFO  util.JmxRegister (JmxRegister.java:unregister(73)) - Successfully un-registered JMX Bean with object name Ratis:service=RaftServer,group=group-2D14CBC2F866,id=131ee32b-eb71-4a4b-82eb-895fd06b61f2
2019-10-24 15:44:05,444 [ForkJoinPool.commonPool-worker-0] INFO  impl.RoleInfo (RoleInfo.java:shutdownLeaderState(104)) - 131ee32b-eb71-4a4b-82eb-895fd06b61f2: shutdown LeaderState
2019-10-24 15:44:05,444 [Thread-1436] INFO  impl.RaftServerImpl (RaftServerImpl.java:setRole(184)) - af280123-6372-4d1f-a5d4-c36229a73203@group-75C85B6D1182: changes role from  FOLLOWER to CANDIDATE at term 129 for changeToCandidate
2019-10-24 15:44:05,445 [ForkJoinPool.commonPool-worker-0] INFO  impl.PendingRequests (PendingRequests.java:sendNotLeaderResponses(202)) - 131ee32b-eb71-4a4b-82eb-895fd06b61f2@group-2D14CBC2F866-PendingRequests: sendNotLeaderResponses
2019-10-24 15:44:05,445 [Thread-1436] INFO  impl.RoleInfo (RoleInfo.java:updateAndGet(143)) - af280123-6372-4d1f-a5d4-c36229a73203: start LeaderElection
2019-10-24 15:44:05,445 [ForkJoinPool.commonPool-worker-0] INFO  impl.StateMachineUpdater (StateMachineUpdater.java:stopAndJoin(136)) - 131ee32b-eb71-4a4b-82eb-895fd06b61f2@group-2D14CBC2F866-StateMachineUpdater: set stopIndex = 0
2019-10-24 15:44:05,445 [ForkJoinPool.commonPool-worker-0] INFO  impl.RaftServerImpl (ServerState.java:close(388)) - 131ee32b-eb71-4a4b-82eb-895fd06b61f2@group-2D14CBC2F866: closes. applyIndex: 0
2019-10-24 15:44:05,446 [131ee32b-eb71-4a4b-82eb-895fd06b61f2@group-2D14CBC2F866-SegmentedRaftLogWorker] INFO  segmented.SegmentedRaftLogWorker (SegmentedRaftLogWorker.java:run(316)) - 131ee32b-eb71-4a4b-82eb-895fd06b61f2@group-2D14CBC2F866-SegmentedRaftLogWorker was interrupted, exiting. There are 0 tasks remaining in the queue.
2019-10-24 15:44:05,447 [ForkJoinPool.commonPool-worker-0] INFO  segmented.SegmentedRaftLogWorker (SegmentedRaftLogWorker.java:close(224)) - 131ee32b-eb71-4a4b-82eb-895fd06b61f2@group-2D14CBC2F866-SegmentedRaftLogWorker close()
2019-10-24 15:44:05,450 [ForkJoinPool.commonPool-worker-0] INFO  server.GrpcService (GrpcService.java:closeImpl(164)) - 131ee32b-eb71-4a4b-82eb-895fd06b61f2: shutdown server with port 38159 now
2019-10-24 15:44:05,451 [ForkJoinPool.commonPool-worker-0] INFO  server.GrpcService (GrpcService.java:closeImpl(172)) - 131ee32b-eb71-4a4b-82eb-895fd06b61f2: shutdown server with port 38159 successfully
2019-10-24 15:44:05,453 [refreshUsed-/workdir/hadoop-ozone/integration-test/target/test-dir/MiniOzoneClusterImpl-0feb3ce4-70f4-42f6-988c-6bd7afad892e/datanode-2/data/containers] WARN  fs.CachingGetSpaceUsed (CachingGetSpaceUsed.java:run(183)) - Thread Interrupted waiting to refresh disk information: sleep interrupted
2019-10-24 15:44:05,460 [af280123-6372-4d1f-a5d4-c36229a73203@group-75C85B6D1182-LeaderElection135] INFO  impl.LeaderElection (LeaderElection.java:askForVotes(178)) - af280123-6372-4d1f-a5d4-c36229a73203@group-75C85B6D1182-LeaderElection135: begin an election at term 130 for -1: [9092f221-0e0d-4970-bb84-cacd95020f21:192.168.164.213:41903, af280123-6372-4d1f-a5d4-c36229a73203:192.168.164.213:35334, b4ae536c-ed18-4717-a75c-ca4b5d6c4001:192.168.164.213:41180], old=null
2019-10-24 15:44:05,463 [grpc-default-executor-4] INFO  impl.RaftServerImpl (RaftServerImpl.java:setRole(184)) - 9092f221-0e0d-4970-bb84-cacd95020f21@group-75C85B6D1182: changes role from  FOLLOWER to FOLLOWER at term 130 for recognizeCandidate:af280123-6372-4d1f-a5d4-c36229a73203
2019-10-24 15:44:05,463 [grpc-default-executor-4] INFO  impl.RoleInfo (RoleInfo.java:shutdownFollowerState(121)) - 9092f221-0e0d-4970-bb84-cacd95020f21: shutdown FollowerState
2019-10-24 15:44:05,463 [grpc-default-executor-4] INFO  impl.RoleInfo (RoleInfo.java:updateAndGet(143)) - 9092f221-0e0d-4970-bb84-cacd95020f21: start FollowerState
2019-10-24 15:44:05,463 [Thread-1434] INFO  impl.FollowerState (FollowerState.java:run(117)) - 9092f221-0e0d-4970-bb84-cacd95020f21@group-75C85B6D1182-FollowerState was interrupted: java.lang.InterruptedException: sleep interrupted
2019-10-24 15:44:05,463 [grpc-default-executor-5] INFO  impl.RaftServerImpl (RaftServerImpl.java:setRole(184)) - b4ae536c-ed18-4717-a75c-ca4b5d6c4001@group-75C85B6D1182: changes role from  FOLLOWER to FOLLOWER at term 130 for recognizeCandidate:af280123-6372-4d1f-a5d4-c36229a73203
2019-10-24 15:44:05,463 [grpc-default-executor-5] INFO  impl.RoleInfo (RoleInfo.java:shutdownFollowerState(121)) - b4ae536c-ed18-4717-a75c-ca4b5d6c4001: shutdown FollowerState
2019-10-24 15:44:05,464 [grpc-default-executor-5] INFO  impl.RoleInfo (RoleInfo.java:updateAndGet(143)) - b4ae536c-ed18-4717-a75c-ca4b5d6c4001: start FollowerState
2019-10-24 15:44:05,464 [Thread-1435] INFO  impl.FollowerState (FollowerState.java:run(117)) - b4ae536c-ed18-4717-a75c-ca4b5d6c4001@group-75C85B6D1182-FollowerState was interrupted: java.lang.InterruptedException: sleep interrupted
2019-10-24 15:44:05,465 [main] INFO  utils.BackgroundService (BackgroundService.java:shutdown(151)) - Shutting down service BlockDeletingService
2019-10-24 15:44:05,471 [main] INFO  statemachine.DatanodeStateMachine (DatanodeStateMachine.java:stopDaemon(395)) - Ozone container server stopped.
2019-10-24 15:44:05,474 [ForkJoinPool.commonPool-worker-0] INFO  utils.BackgroundService (BackgroundService.java:shutdown(151)) - Shutting down service BlockDeletingService
2019-10-24 15:44:05,474 [main] INFO  handler.ContextHandler (ContextHandler.java:doStop(910)) - Stopped o.e.j.w.WebAppContext@7fb29ca9{/,null,UNAVAILABLE}{/hddsDatanode}
2019-10-24 15:44:05,478 [ForkJoinPool.commonPool-worker-0] INFO  statemachine.DatanodeStateMachine (DatanodeStateMachine.java:stopDaemon(395)) - Ozone container server stopped.
2019-10-24 15:44:05,481 [ForkJoinPool.commonPool-worker-0] INFO  handler.ContextHandler (ContextHandler.java:doStop(910)) - Stopped o.e.j.w.WebAppContext@6edcad64{/,null,UNAVAILABLE}{/hddsDatanode}
2019-10-24 15:44:05,481 [main] INFO  server.AbstractConnector (AbstractConnector.java:doStop(318)) - Stopped ServerConnector@1e253c9d{HTTP/1.1,[http/1.1]}{0.0.0.0:0}
2019-10-24 15:44:05,482 [ForkJoinPool.commonPool-worker-0] INFO  server.AbstractConnector (AbstractConnector.java:doStop(318)) - Stopped ServerConnector@4c6007fb{HTTP/1.1,[http/1.1]}{0.0.0.0:0}
2019-10-24 15:44:05,482 [af280123-6372-4d1f-a5d4-c36229a73203@group-75C85B6D1182-LeaderElection135] INFO  impl.LeaderElection (LeaderElection.java:logAndReturn(56)) - af280123-6372-4d1f-a5d4-c36229a73203@group-75C85B6D1182-LeaderElection135: Election REJECTED; received 2 response(s) [af280123-6372-4d1f-a5d4-c36229a73203<-9092f221-0e0d-4970-bb84-cacd95020f21#0:FAIL-t130, af280123-6372-4d1f-a5d4-c36229a73203<-b4ae536c-ed18-4717-a75c-ca4b5d6c4001#0:FAIL-t130] and 0 exception(s); af280123-6372-4d1f-a5d4-c36229a73203@group-75C85B6D1182:t130, leader=null, voted=af280123-6372-4d1f-a5d4-c36229a73203, raftlog=af280123-6372-4d1f-a5d4-c36229a73203@group-75C85B6D1182-SegmentedRaftLog:OPENED:c-1,f-1,i0, conf=-1: [9092f221-0e0d-4970-bb84-cacd95020f21:192.168.164.213:41903, af280123-6372-4d1f-a5d4-c36229a73203:192.168.164.213:35334, b4ae536c-ed18-4717-a75c-ca4b5d6c4001:192.168.164.213:41180], old=null
2019-10-24 15:44:05,484 [ForkJoinPool.commonPool-worker-0] INFO  handler.ContextHandler (ContextHandler.java:doStop(910)) - Stopped o.e.j.s.ServletContextHandler@3968bc60{/static,jar:file:/home/user/.m2/repository/org/apache/hadoop/hadoop-hdds-container-service/0.5.0-SNAPSHOT/hadoop-hdds-container-service-0.5.0-SNAPSHOT.jar!/webapps/static,UNAVAILABLE}
2019-10-24 15:44:05,484 [main] INFO  handler.ContextHandler (ContextHandler.java:doStop(910)) - Stopped o.e.j.s.ServletContextHandler@762637be{/static,jar:file:/home/user/.m2/repository/org/apache/hadoop/hadoop-hdds-container-service/0.5.0-SNAPSHOT/hadoop-hdds-container-service-0.5.0-SNAPSHOT.jar!/webapps/static,UNAVAILABLE}
2019-10-24 15:44:05,484 [af280123-6372-4d1f-a5d4-c36229a73203@group-75C85B6D1182-LeaderElection135] INFO  impl.RaftServerImpl (RaftServerImpl.java:setRole(184)) - af280123-6372-4d1f-a5d4-c36229a73203@group-75C85B6D1182: changes role from CANDIDATE to FOLLOWER at term 130 for DISCOVERED_A_NEW_TERM
2019-10-24 15:44:05,486 [ForkJoinPool.commonPool-worker-0] INFO  handler.ContextHandler (ContextHandler.java:doStop(910)) - Stopped o.e.j.s.ServletContextHandler@767a014e{/logs,file:///workdir/hadoop-ozone/integration-test/target/log,UNAVAILABLE}
2019-10-24 15:44:05,486 [main] INFO  handler.ContextHandler (ContextHandler.java:doStop(910)) - Stopped o.e.j.s.ServletContextHandler@72f9f27c{/logs,file:///workdir/hadoop-ozone/integration-test/target/log,UNAVAILABLE}
2019-10-24 15:44:05,486 [af280123-6372-4d1f-a5d4-c36229a73203@group-75C85B6D1182-LeaderElection135] INFO  impl.RoleInfo (RoleInfo.java:shutdownLeaderElection(134)) - af280123-6372-4d1f-a5d4-c36229a73203: shutdown LeaderElection
2019-10-24 15:44:05,487 [af280123-6372-4d1f-a5d4-c36229a73203@group-75C85B6D1182-LeaderElection135] INFO  impl.RoleInfo (RoleInfo.java:updateAndGet(143)) - af280123-6372-4d1f-a5d4-c36229a73203: start FollowerState
2019-10-24 15:44:05,522 [Thread-1444] INFO  impl.FollowerState (FollowerState.java:run(108)) - af280123-6372-4d1f-a5d4-c36229a73203@group-75C85B6D1182-FollowerState: change to CANDIDATE, lastRpcTime:35ms, electionTimeout:35ms
2019-10-24 15:44:05,523 [Thread-1444] INFO  impl.RoleInfo (RoleInfo.java:shutdownFollowerState(121)) - af280123-6372-4d1f-a5d4-c36229a73203: shutdown FollowerState
2019-10-24 15:44:05,523 [Thread-1444] INFO  impl.RaftServerImpl (RaftServerImpl.java:setRole(184)) - af280123-6372-4d1f-a5d4-c36229a73203@group-75C85B6D1182: changes role from  FOLLOWER to CANDIDATE at term 130 for changeToCandidate
2019-10-24 15:44:05,523 [Thread-1444] INFO  impl.RoleInfo (RoleInfo.java:updateAndGet(143)) - af280123-6372-4d1f-a5d4-c36229a73203: start LeaderElection
2019-10-24 15:44:05,536 [af280123-6372-4d1f-a5d4-c36229a73203@group-75C85B6D1182-LeaderElection136] INFO  impl.LeaderElection (LeaderElection.java:askForVotes(178)) - af280123-6372-4d1f-a5d4-c36229a73203@group-75C85B6D1182-LeaderElection136: begin an election at term 131 for -1: [9092f221-0e0d-4970-bb84-cacd95020f21:192.168.164.213:41903, af280123-6372-4d1f-a5d4-c36229a73203:192.168.164.213:35334, b4ae536c-ed18-4717-a75c-ca4b5d6c4001:192.168.164.213:41180], old=null
2019-10-24 15:44:05,538 [grpc-default-executor-5] INFO  impl.RaftServerImpl (RaftServerImpl.java:setRole(184)) - b4ae536c-ed18-4717-a75c-ca4b5d6c4001@group-75C85B6D1182: changes role from  FOLLOWER to FOLLOWER at term 131 for recognizeCandidate:af280123-6372-4d1f-a5d4-c36229a73203
2019-10-24 15:44:05,539 [grpc-default-executor-5] INFO  impl.RoleInfo (RoleInfo.java:shutdownFollowerState(121)) - b4ae536c-ed18-4717-a75c-ca4b5d6c4001: shutdown FollowerState
2019-10-24 15:44:05,538 [grpc-default-executor-4] INFO  impl.RaftServerImpl (RaftServerImpl.java:setRole(184)) - 9092f221-0e0d-4970-bb84-cacd95020f21@group-75C85B6D1182: changes role from  FOLLOWER to FOLLOWER at term 131 for recognizeCandidate:af280123-6372-4d1f-a5d4-c36229a73203
2019-10-24 15:44:05,539 [Thread-1443] INFO  impl.FollowerState (FollowerState.java:run(117)) - b4ae536c-ed18-4717-a75c-ca4b5d6c4001@group-75C85B6D1182-FollowerState was interrupted: java.lang.InterruptedException: sleep interrupted
2019-10-24 15:44:05,539 [grpc-default-executor-5] INFO  impl.RoleInfo (RoleInfo.java:updateAndGet(143)) - b4ae536c-ed18-4717-a75c-ca4b5d6c4001: start FollowerState
2019-10-24 15:44:05,539 [grpc-default-executor-4] INFO  impl.RoleInfo (RoleInfo.java:shutdownFollowerState(121)) - 9092f221-0e0d-4970-bb84-cacd95020f21: shutdown FollowerState
2019-10-24 15:44:05,539 [grpc-default-executor-4] INFO  impl.RoleInfo (RoleInfo.java:updateAndGet(143)) - 9092f221-0e0d-4970-bb84-cacd95020f21: start FollowerState
2019-10-24 15:44:05,539 [Thread-1442] INFO  impl.FollowerState (FollowerState.java:run(117)) - 9092f221-0e0d-4970-bb84-cacd95020f21@group-75C85B6D1182-FollowerState was interrupted: java.lang.InterruptedException: sleep interrupted
2019-10-24 15:44:05,553 [af280123-6372-4d1f-a5d4-c36229a73203@group-75C85B6D1182-LeaderElection136] INFO  impl.LeaderElection (LeaderElection.java:logAndReturn(56)) - af280123-6372-4d1f-a5d4-c36229a73203@group-75C85B6D1182-LeaderElection136: Election REJECTED; received 2 response(s) [af280123-6372-4d1f-a5d4-c36229a73203<-9092f221-0e0d-4970-bb84-cacd95020f21#0:FAIL-t131, af280123-6372-4d1f-a5d4-c36229a73203<-b4ae536c-ed18-4717-a75c-ca4b5d6c4001#0:FAIL-t131] and 0 exception(s); af280123-6372-4d1f-a5d4-c36229a73203@group-75C85B6D1182:t131, leader=null, voted=af280123-6372-4d1f-a5d4-c36229a73203, raftlog=af280123-6372-4d1f-a5d4-c36229a73203@group-75C85B6D1182-SegmentedRaftLog:OPENED:c-1,f-1,i0, conf=-1: [9092f221-0e0d-4970-bb84-cacd95020f21:192.168.164.213:41903, af280123-6372-4d1f-a5d4-c36229a73203:192.168.164.213:35334, b4ae536c-ed18-4717-a75c-ca4b5d6c4001:192.168.164.213:41180], old=null
2019-10-24 15:44:05,553 [af280123-6372-4d1f-a5d4-c36229a73203@group-75C85B6D1182-LeaderElection136] INFO  impl.RaftServerImpl (RaftServerImpl.java:setRole(184)) - af280123-6372-4d1f-a5d4-c36229a73203@group-75C85B6D1182: changes role from CANDIDATE to FOLLOWER at term 131 for DISCOVERED_A_NEW_TERM
2019-10-24 15:44:05,553 [af280123-6372-4d1f-a5d4-c36229a73203@group-75C85B6D1182-LeaderElection136] INFO  impl.RoleInfo (RoleInfo.java:shutdownLeaderElection(134)) - af280123-6372-4d1f-a5d4-c36229a73203: shutdown LeaderElection
2019-10-24 15:44:05,553 [af280123-6372-4d1f-a5d4-c36229a73203@group-75C85B6D1182-LeaderElection136] INFO  impl.RoleInfo (RoleInfo.java:updateAndGet(143)) - af280123-6372-4d1f-a5d4-c36229a73203: start FollowerState
2019-10-24 15:44:05,676 [Thread-1450] INFO  impl.FollowerState (FollowerState.java:run(108)) - af280123-6372-4d1f-a5d4-c36229a73203@group-75C85B6D1182-FollowerState: change to CANDIDATE, lastRpcTime:122ms, electionTimeout:122ms
2019-10-24 15:44:05,679 [Thread-1450] INFO  impl.RoleInfo (RoleInfo.java:shutdownFollowerState(121)) - af280123-6372-4d1f-a5d4-c36229a73203: shutdown FollowerState
2019-10-24 15:44:05,680 [Thread-1450] INFO  impl.RaftServerImpl (RaftServerImpl.java:setRole(184)) - af280123-6372-4d1f-a5d4-c36229a73203@group-75C85B6D1182: changes role from  FOLLOWER to CANDIDATE at term 131 for changeToCandidate
2019-10-24 15:44:05,680 [Thread-1450] INFO  impl.RoleInfo (RoleInfo.java:updateAndGet(143)) - af280123-6372-4d1f-a5d4-c36229a73203: start LeaderElection
2019-10-24 15:44:05,694 [af280123-6372-4d1f-a5d4-c36229a73203@group-75C85B6D1182-LeaderElection137] INFO  impl.LeaderElection (LeaderElection.java:askForVotes(178)) - af280123-6372-4d1f-a5d4-c36229a73203@group-75C85B6D1182-LeaderElection137: begin an election at term 132 for -1: [9092f221-0e0d-4970-bb84-cacd95020f21:192.168.164.213:41903, af280123-6372-4d1f-a5d4-c36229a73203:192.168.164.213:35334, b4ae536c-ed18-4717-a75c-ca4b5d6c4001:192.168.164.213:41180], old=null
2019-10-24 15:44:05,697 [grpc-default-executor-4] INFO  impl.RaftServerImpl (RaftServerImpl.java:setRole(184)) - 9092f221-0e0d-4970-bb84-cacd95020f21@group-75C85B6D1182: changes role from  FOLLOWER to FOLLOWER at term 132 for recognizeCandidate:af280123-6372-4d1f-a5d4-c36229a73203
2019-10-24 15:44:05,697 [grpc-default-executor-4] INFO  impl.RoleInfo (RoleInfo.java:shutdownFollowerState(121)) - 9092f221-0e0d-4970-bb84-cacd95020f21: shutdown FollowerState
2019-10-24 15:44:05,697 [grpc-default-executor-5] INFO  impl.RaftServerImpl (RaftServerImpl.java:setRole(184)) - b4ae536c-ed18-4717-a75c-ca4b5d6c4001@group-75C85B6D1182: changes role from  FOLLOWER to FOLLOWER at term 132 for recognizeCandidate:af280123-6372-4d1f-a5d4-c36229a73203
2019-10-24 15:44:05,698 [Thread-1449] INFO  impl.FollowerState (FollowerState.java:run(117)) - 9092f221-0e0d-4970-bb84-cacd95020f21@group-75C85B6D1182-FollowerState was interrupted: java.lang.InterruptedException: sleep interrupted
2019-10-24 15:44:05,698 [grpc-default-executor-4] INFO  impl.RoleInfo (RoleInfo.java:updateAndGet(143)) - 9092f221-0e0d-4970-bb84-cacd95020f21: start FollowerState
2019-10-24 15:44:05,698 [grpc-default-executor-5] INFO  impl.RoleInfo (RoleInfo.java:shutdownFollowerState(121)) - b4ae536c-ed18-4717-a75c-ca4b5d6c4001: shutdown FollowerState
2019-10-24 15:44:05,698 [grpc-default-executor-5] INFO  impl.RoleInfo (RoleInfo.java:updateAndGet(143)) - b4ae536c-ed18-4717-a75c-ca4b5d6c4001: start FollowerState
2019-10-24 15:44:05,698 [Thread-1448] INFO  impl.FollowerState (FollowerState.java:run(117)) - b4ae536c-ed18-4717-a75c-ca4b5d6c4001@group-75C85B6D1182-FollowerState was interrupted: java.lang.InterruptedException: sleep interrupted
2019-10-24 15:44:05,713 [af280123-6372-4d1f-a5d4-c36229a73203@group-75C85B6D1182-LeaderElection137] INFO  impl.LeaderElection (LeaderElection.java:logAndReturn(56)) - af280123-6372-4d1f-a5d4-c36229a73203@group-75C85B6D1182-LeaderElection137: Election REJECTED; received 2 response(s) [af280123-6372-4d1f-a5d4-c36229a73203<-9092f221-0e0d-4970-bb84-cacd95020f21#0:FAIL-t132, af280123-6372-4d1f-a5d4-c36229a73203<-b4ae536c-ed18-4717-a75c-ca4b5d6c4001#0:FAIL-t132] and 0 exception(s); af280123-6372-4d1f-a5d4-c36229a73203@group-75C85B6D1182:t132, leader=null, voted=af280123-6372-4d1f-a5d4-c36229a73203, raftlog=af280123-6372-4d1f-a5d4-c36229a73203@group-75C85B6D1182-SegmentedRaftLog:OPENED:c-1,f-1,i0, conf=-1: [9092f221-0e0d-4970-bb84-cacd95020f21:192.168.164.213:41903, af280123-6372-4d1f-a5d4-c36229a73203:192.168.164.213:35334, b4ae536c-ed18-4717-a75c-ca4b5d6c4001:192.168.164.213:41180], old=null
2019-10-24 15:44:05,713 [af280123-6372-4d1f-a5d4-c36229a73203@group-75C85B6D1182-LeaderElection137] INFO  impl.RaftServerImpl (RaftServerImpl.java:setRole(184)) - af280123-6372-4d1f-a5d4-c36229a73203@group-75C85B6D1182: changes role from CANDIDATE to FOLLOWER at term 132 for DISCOVERED_A_NEW_TERM
2019-10-24 15:44:05,713 [af280123-6372-4d1f-a5d4-c36229a73203@group-75C85B6D1182-LeaderElection137] INFO  impl.RoleInfo (RoleInfo.java:shutdownLeaderElection(134)) - af280123-6372-4d1f-a5d4-c36229a73203: shutdown LeaderElection
2019-10-24 15:44:05,713 [af280123-6372-4d1f-a5d4-c36229a73203@group-75C85B6D1182-LeaderElection137] INFO  impl.RoleInfo (RoleInfo.java:updateAndGet(143)) - af280123-6372-4d1f-a5d4-c36229a73203: start FollowerState
2019-10-24 15:44:05,856 [Thread-1456] INFO  impl.FollowerState (FollowerState.java:run(108)) - af280123-6372-4d1f-a5d4-c36229a73203@group-75C85B6D1182-FollowerState: change to CANDIDATE, lastRpcTime:142ms, electionTimeout:142ms
2019-10-24 15:44:05,856 [Thread-1456] INFO  impl.RoleInfo (RoleInfo.java:shutdownFollowerState(121)) - af280123-6372-4d1f-a5d4-c36229a73203: shutdown FollowerState
2019-10-24 15:44:05,856 [Thread-1456] INFO  impl.RaftServerImpl (RaftServerImpl.java:setRole(184)) - af280123-6372-4d1f-a5d4-c36229a73203@group-75C85B6D1182: changes role from  FOLLOWER to CANDIDATE at term 132 for changeToCandidate
2019-10-24 15:44:05,856 [Thread-1456] INFO  impl.RoleInfo (RoleInfo.java:updateAndGet(143)) - af280123-6372-4d1f-a5d4-c36229a73203: start LeaderElection
2019-10-24 15:44:05,878 [af280123-6372-4d1f-a5d4-c36229a73203@group-75C85B6D1182-LeaderElection138] INFO  impl.LeaderElection (LeaderElection.java:askForVotes(178)) - af280123-6372-4d1f-a5d4-c36229a73203@group-75C85B6D1182-LeaderElection138: begin an election at term 133 for -1: [9092f221-0e0d-4970-bb84-cacd95020f21:192.168.164.213:41903, af280123-6372-4d1f-a5d4-c36229a73203:192.168.164.213:35334, b4ae536c-ed18-4717-a75c-ca4b5d6c4001:192.168.164.213:41180], old=null
2019-10-24 15:44:05,881 [grpc-default-executor-4] INFO  impl.RaftServerImpl (RaftServerImpl.java:setRole(184)) - 9092f221-0e0d-4970-bb84-cacd95020f21@group-75C85B6D1182: changes role from  FOLLOWER to FOLLOWER at term 133 for recognizeCandidate:af280123-6372-4d1f-a5d4-c36229a73203
2019-10-24 15:44:05,881 [grpc-default-executor-4] INFO  impl.RoleInfo (RoleInfo.java:shutdownFollowerState(121)) - 9092f221-0e0d-4970-bb84-cacd95020f21: shutdown FollowerState
2019-10-24 15:44:05,881 [grpc-default-executor-5] INFO  impl.RaftServerImpl (RaftServerImpl.java:setRole(184)) - b4ae536c-ed18-4717-a75c-ca4b5d6c4001@group-75C85B6D1182: changes role from  FOLLOWER to FOLLOWER at term 133 for recognizeCandidate:af280123-6372-4d1f-a5d4-c36229a73203
2019-10-24 15:44:05,882 [grpc-default-executor-5] INFO  impl.RoleInfo (RoleInfo.java:shutdownFollowerState(121)) - b4ae536c-ed18-4717-a75c-ca4b5d6c4001: shutdown FollowerState
2019-10-24 15:44:05,881 [Thread-1454] INFO  impl.FollowerState (FollowerState.java:run(117)) - 9092f221-0e0d-4970-bb84-cacd95020f21@group-75C85B6D1182-FollowerState was interrupted: java.lang.InterruptedException: sleep interrupted
2019-10-24 15:44:05,881 [grpc-default-executor-4] INFO  impl.RoleInfo (RoleInfo.java:updateAndGet(143)) - 9092f221-0e0d-4970-bb84-cacd95020f21: start FollowerState
2019-10-24 15:44:05,882 [Thread-1455] INFO  impl.FollowerState (FollowerState.java:run(117)) - b4ae536c-ed18-4717-a75c-ca4b5d6c4001@group-75C85B6D1182-FollowerState was interrupted: java.lang.InterruptedException: sleep interrupted
2019-10-24 15:44:05,882 [grpc-default-executor-5] INFO  impl.RoleInfo (RoleInfo.java:updateAndGet(143)) - b4ae536c-ed18-4717-a75c-ca4b5d6c4001: start FollowerState
2019-10-24 15:44:05,897 [af280123-6372-4d1f-a5d4-c36229a73203@group-75C85B6D1182-LeaderElection138] INFO  impl.LeaderElection (LeaderElection.java:logAndReturn(56)) - af280123-6372-4d1f-a5d4-c36229a73203@group-75C85B6D1182-LeaderElection138: Election REJECTED; received 2 response(s) [af280123-6372-4d1f-a5d4-c36229a73203<-9092f221-0e0d-4970-bb84-cacd95020f21#0:FAIL-t133, af280123-6372-4d1f-a5d4-c36229a73203<-b4ae536c-ed18-4717-a75c-ca4b5d6c4001#0:FAIL-t133] and 0 exception(s); af280123-6372-4d1f-a5d4-c36229a73203@group-75C85B6D1182:t133, leader=null, voted=af280123-6372-4d1f-a5d4-c36229a73203, raftlog=af280123-6372-4d1f-a5d4-c36229a73203@group-75C85B6D1182-SegmentedRaftLog:OPENED:c-1,f-1,i0, conf=-1: [9092f221-0e0d-4970-bb84-cacd95020f21:192.168.164.213:41903, af280123-6372-4d1f-a5d4-c36229a73203:192.168.164.213:35334, b4ae536c-ed18-4717-a75c-ca4b5d6c4001:192.168.164.213:41180], old=null
2019-10-24 15:44:05,897 [af280123-6372-4d1f-a5d4-c36229a73203@group-75C85B6D1182-LeaderElection138] INFO  impl.RaftServerImpl (RaftServerImpl.java:setRole(184)) - af280123-6372-4d1f-a5d4-c36229a73203@group-75C85B6D1182: changes role from CANDIDATE to FOLLOWER at term 133 for DISCOVERED_A_NEW_TERM
2019-10-24 15:44:05,897 [af280123-6372-4d1f-a5d4-c36229a73203@group-75C85B6D1182-LeaderElection138] INFO  impl.RoleInfo (RoleInfo.java:shutdownLeaderElection(134)) - af280123-6372-4d1f-a5d4-c36229a73203: shutdown LeaderElection
2019-10-24 15:44:05,898 [af280123-6372-4d1f-a5d4-c36229a73203@group-75C85B6D1182-LeaderElection138] INFO  impl.RoleInfo (RoleInfo.java:updateAndGet(143)) - af280123-6372-4d1f-a5d4-c36229a73203: start FollowerState
2019-10-24 15:44:05,949 [Datanode State Machine Thread - 0] INFO  statemachine.DatanodeStateMachine (DatanodeStateMachine.java:lambda$startDaemon$0(350)) - Ozone container server started.
2019-10-24 15:44:06,070 [Thread-1464] INFO  impl.FollowerState (FollowerState.java:run(108)) - af280123-6372-4d1f-a5d4-c36229a73203@group-75C85B6D1182-FollowerState: change to CANDIDATE, lastRpcTime:172ms, electionTimeout:172ms
2019-10-24 15:44:06,070 [Thread-1464] INFO  impl.RoleInfo (RoleInfo.java:shutdownFollowerState(121)) - af280123-6372-4d1f-a5d4-c36229a73203: shutdown FollowerState
2019-10-24 15:44:06,070 [Thread-1464] INFO  impl.RaftServerImpl (RaftServerImpl.java:setRole(184)) - af280123-6372-4d1f-a5d4-c36229a73203@group-75C85B6D1182: changes role from  FOLLOWER to CANDIDATE at term 133 for changeToCandidate
2019-10-24 15:44:06,071 [Thread-1464] INFO  impl.RoleInfo (RoleInfo.java:updateAndGet(143)) - af280123-6372-4d1f-a5d4-c36229a73203: start LeaderElection
2019-10-24 15:44:06,084 [af280123-6372-4d1f-a5d4-c36229a73203@group-75C85B6D1182-LeaderElection139] INFO  impl.LeaderElection (LeaderElection.java:askForVotes(178)) - af280123-6372-4d1f-a5d4-c36229a73203@group-75C85B6D1182-LeaderElection139: begin an election at term 134 for -1: [9092f221-0e0d-4970-bb84-cacd95020f21:192.168.164.213:41903, af280123-6372-4d1f-a5d4-c36229a73203:192.168.164.213:35334, b4ae536c-ed18-4717-a75c-ca4b5d6c4001:192.168.164.213:41180], old=null
2019-10-24 15:44:06,087 [grpc-default-executor-5] INFO  impl.RaftServerImpl (RaftServerImpl.java:setRole(184)) - 9092f221-0e0d-4970-bb84-cacd95020f21@group-75C85B6D1182: changes role from  FOLLOWER to FOLLOWER at term 134 for recognizeCandidate:af280123-6372-4d1f-a5d4-c36229a73203
2019-10-24 15:44:06,088 [grpc-default-executor-5] INFO  impl.RoleInfo (RoleInfo.java:shutdownFollowerState(121)) - 9092f221-0e0d-4970-bb84-cacd95020f21: shutdown FollowerState
2019-10-24 15:44:06,088 [grpc-default-executor-5] INFO  impl.RoleInfo (RoleInfo.java:updateAndGet(143)) - 9092f221-0e0d-4970-bb84-cacd95020f21: start FollowerState
2019-10-24 15:44:06,088 [grpc-default-executor-4] INFO  impl.RaftServerImpl (RaftServerImpl.java:setRole(184)) - b4ae536c-ed18-4717-a75c-ca4b5d6c4001@group-75C85B6D1182: changes role from  FOLLOWER to FOLLOWER at term 134 for recognizeCandidate:af280123-6372-4d1f-a5d4-c36229a73203
2019-10-24 15:44:06,088 [grpc-default-executor-4] INFO  impl.RoleInfo (RoleInfo.java:shutdownFollowerState(121)) - b4ae536c-ed18-4717-a75c-ca4b5d6c4001: shutdown FollowerState
2019-10-24 15:44:06,088 [Thread-1462] INFO  impl.FollowerState (FollowerState.java:run(117)) - 9092f221-0e0d-4970-bb84-cacd95020f21@group-75C85B6D1182-FollowerState was interrupted: java.lang.InterruptedException: sleep interrupted
2019-10-24 15:44:06,089 [Thread-1463] INFO  impl.FollowerState (FollowerState.java:run(117)) - b4ae536c-ed18-4717-a75c-ca4b5d6c4001@group-75C85B6D1182-FollowerState was interrupted: java.lang.InterruptedException: sleep interrupted
2019-10-24 15:44:06,089 [grpc-default-executor-4] INFO  impl.RoleInfo (RoleInfo.java:updateAndGet(143)) - b4ae536c-ed18-4717-a75c-ca4b5d6c4001: start FollowerState
2019-10-24 15:44:06,103 [af280123-6372-4d1f-a5d4-c36229a73203@group-75C85B6D1182-LeaderElection139] INFO  impl.LeaderElection (LeaderElection.java:logAndReturn(56)) - af280123-6372-4d1f-a5d4-c36229a73203@group-75C85B6D1182-LeaderElection139: Election REJECTED; received 2 response(s) [af280123-6372-4d1f-a5d4-c36229a73203<-9092f221-0e0d-4970-bb84-cacd95020f21#0:FAIL-t134, af280123-6372-4d1f-a5d4-c36229a73203<-b4ae536c-ed18-4717-a75c-ca4b5d6c4001#0:FAIL-t134] and 0 exception(s); af280123-6372-4d1f-a5d4-c36229a73203@group-75C85B6D1182:t134, leader=null, voted=af280123-6372-4d1f-a5d4-c36229a73203, raftlog=af280123-6372-4d1f-a5d4-c36229a73203@group-75C85B6D1182-SegmentedRaftLog:OPENED:c-1,f-1,i0, conf=-1: [9092f221-0e0d-4970-bb84-cacd95020f21:192.168.164.213:41903, af280123-6372-4d1f-a5d4-c36229a73203:192.168.164.213:35334, b4ae536c-ed18-4717-a75c-ca4b5d6c4001:192.168.164.213:41180], old=null
2019-10-24 15:44:06,103 [af280123-6372-4d1f-a5d4-c36229a73203@group-75C85B6D1182-LeaderElection139] INFO  impl.RaftServerImpl (RaftServerImpl.java:setRole(184)) - af280123-6372-4d1f-a5d4-c36229a73203@group-75C85B6D1182: changes role from CANDIDATE to FOLLOWER at term 134 for DISCOVERED_A_NEW_TERM
2019-10-24 15:44:06,103 [af280123-6372-4d1f-a5d4-c36229a73203@group-75C85B6D1182-LeaderElection139] INFO  impl.RoleInfo (RoleInfo.java:shutdownLeaderElection(134)) - af280123-6372-4d1f-a5d4-c36229a73203: shutdown LeaderElection
2019-10-24 15:44:06,103 [af280123-6372-4d1f-a5d4-c36229a73203@group-75C85B6D1182-LeaderElection139] INFO  impl.RoleInfo (RoleInfo.java:updateAndGet(143)) - af280123-6372-4d1f-a5d4-c36229a73203: start FollowerState
2019-10-24 15:44:06,115 [Datanode State Machine Thread - 0] INFO  statemachine.DatanodeStateMachine (DatanodeStateMachine.java:lambda$startDaemon$0(350)) - Ozone container server started.
2019-10-24 15:44:06,187 [Thread-1470] INFO  impl.FollowerState (FollowerState.java:run(108)) - af280123-6372-4d1f-a5d4-c36229a73203@group-75C85B6D1182-FollowerState: change to CANDIDATE, lastRpcTime:83ms, electionTimeout:83ms
2019-10-24 15:44:06,187 [Thread-1470] INFO  impl.RoleInfo (RoleInfo.java:shutdownFollowerState(121)) - af280123-6372-4d1f-a5d4-c36229a73203: shutdown FollowerState
2019-10-24 15:44:06,187 [Thread-1470] INFO  impl.RaftServerImpl (RaftServerImpl.java:setRole(184)) - af280123-6372-4d1f-a5d4-c36229a73203@group-75C85B6D1182: changes role from  FOLLOWER to CANDIDATE at term 134 for changeToCandidate
2019-10-24 15:44:06,187 [Thread-1470] INFO  impl.RoleInfo (RoleInfo.java:updateAndGet(143)) - af280123-6372-4d1f-a5d4-c36229a73203: start LeaderElection
2019-10-24 15:44:06,212 [af280123-6372-4d1f-a5d4-c36229a73203@group-75C85B6D1182-LeaderElection140] INFO  impl.LeaderElection (LeaderElection.java:askForVotes(178)) - af280123-6372-4d1f-a5d4-c36229a73203@group-75C85B6D1182-LeaderElection140: begin an election at term 135 for -1: [9092f221-0e0d-4970-bb84-cacd95020f21:192.168.164.213:41903, af280123-6372-4d1f-a5d4-c36229a73203:192.168.164.213:35334, b4ae536c-ed18-4717-a75c-ca4b5d6c4001:192.168.164.213:41180], old=null
2019-10-24 15:44:06,214 [grpc-default-executor-5] INFO  impl.RaftServerImpl (RaftServerImpl.java:setRole(184)) - 9092f221-0e0d-4970-bb84-cacd95020f21@group-75C85B6D1182: changes role from  FOLLOWER to FOLLOWER at term 135 for recognizeCandidate:af280123-6372-4d1f-a5d4-c36229a73203
2019-10-24 15:44:06,214 [grpc-default-executor-5] INFO  impl.RoleInfo (RoleInfo.java:shutdownFollowerState(121)) - 9092f221-0e0d-4970-bb84-cacd95020f21: shutdown FollowerState
2019-10-24 15:44:06,214 [grpc-default-executor-5] INFO  impl.RoleInfo (RoleInfo.java:updateAndGet(143)) - 9092f221-0e0d-4970-bb84-cacd95020f21: start FollowerState
2019-10-24 15:44:06,214 [Thread-1468] INFO  impl.FollowerState (FollowerState.java:run(117)) - 9092f221-0e0d-4970-bb84-cacd95020f21@group-75C85B6D1182-FollowerState was interrupted: java.lang.InterruptedException: sleep interrupted
2019-10-24 15:44:06,215 [grpc-default-executor-4] INFO  impl.RaftServerImpl (RaftServerImpl.java:setRole(184)) - b4ae536c-ed18-4717-a75c-ca4b5d6c4001@group-75C85B6D1182: changes role from  FOLLOWER to FOLLOWER at term 135 for recognizeCandidate:af280123-6372-4d1f-a5d4-c36229a73203
2019-10-24 15:44:06,215 [grpc-default-executor-4] INFO  impl.RoleInfo (RoleInfo.java:shutdownFollowerState(121)) - b4ae536c-ed18-4717-a75c-ca4b5d6c4001: shutdown FollowerState
2019-10-24 15:44:06,215 [grpc-default-executor-4] INFO  impl.RoleInfo (RoleInfo.java:updateAndGet(143)) - b4ae536c-ed18-4717-a75c-ca4b5d6c4001: start FollowerState
2019-10-24 15:44:06,215 [Thread-1469] INFO  impl.FollowerState (FollowerState.java:run(117)) - b4ae536c-ed18-4717-a75c-ca4b5d6c4001@group-75C85B6D1182-FollowerState was interrupted: java.lang.InterruptedException: sleep interrupted
2019-10-24 15:44:06,228 [af280123-6372-4d1f-a5d4-c36229a73203@group-75C85B6D1182-LeaderElection140] INFO  impl.LeaderElection (LeaderElection.java:logAndReturn(56)) - af280123-6372-4d1f-a5d4-c36229a73203@group-75C85B6D1182-LeaderElection140: Election REJECTED; received 2 response(s) [af280123-6372-4d1f-a5d4-c36229a73203<-9092f221-0e0d-4970-bb84-cacd95020f21#0:FAIL-t135, af280123-6372-4d1f-a5d4-c36229a73203<-b4ae536c-ed18-4717-a75c-ca4b5d6c4001#0:FAIL-t135] and 0 exception(s); af280123-6372-4d1f-a5d4-c36229a73203@group-75C85B6D1182:t135, leader=null, voted=af280123-6372-4d1f-a5d4-c36229a73203, raftlog=af280123-6372-4d1f-a5d4-c36229a73203@group-75C85B6D1182-SegmentedRaftLog:OPENED:c-1,f-1,i0, conf=-1: [9092f221-0e0d-4970-bb84-cacd95020f21:192.168.164.213:41903, af280123-6372-4d1f-a5d4-c36229a73203:192.168.164.213:35334, b4ae536c-ed18-4717-a75c-ca4b5d6c4001:192.168.164.213:41180], old=null
2019-10-24 15:44:06,228 [af280123-6372-4d1f-a5d4-c36229a73203@group-75C85B6D1182-LeaderElection140] INFO  impl.RaftServerImpl (RaftServerImpl.java:setRole(184)) - af280123-6372-4d1f-a5d4-c36229a73203@group-75C85B6D1182: changes role from CANDIDATE to FOLLOWER at term 135 for DISCOVERED_A_NEW_TERM
2019-10-24 15:44:06,229 [af280123-6372-4d1f-a5d4-c36229a73203@group-75C85B6D1182-LeaderElection140] INFO  impl.RoleInfo (RoleInfo.java:shutdownLeaderElection(134)) - af280123-6372-4d1f-a5d4-c36229a73203: shutdown LeaderElection
2019-10-24 15:44:06,229 [af280123-6372-4d1f-a5d4-c36229a73203@group-75C85B6D1182-LeaderElection140] INFO  impl.RoleInfo (RoleInfo.java:updateAndGet(143)) - af280123-6372-4d1f-a5d4-c36229a73203: start FollowerState
2019-10-24 15:44:06,229 [Thread-1476] INFO  impl.FollowerState (FollowerState.java:run(108)) - af280123-6372-4d1f-a5d4-c36229a73203@group-75C85B6D1182-FollowerState: change to CANDIDATE, lastRpcTime:0ms, electionTimeout:0ms
2019-10-24 15:44:06,229 [Thread-1476] INFO  impl.RoleInfo (RoleInfo.java:shutdownFollowerState(121)) - af280123-6372-4d1f-a5d4-c36229a73203: shutdown FollowerState
2019-10-24 15:44:06,229 [Thread-1476] INFO  impl.RaftServerImpl (RaftServerImpl.java:setRole(184)) - af280123-6372-4d1f-a5d4-c36229a73203@group-75C85B6D1182: changes role from  FOLLOWER to CANDIDATE at term 135 for changeToCandidate
2019-10-24 15:44:06,229 [Thread-1476] INFO  impl.RoleInfo (RoleInfo.java:updateAndGet(143)) - af280123-6372-4d1f-a5d4-c36229a73203: start LeaderElection
2019-10-24 15:44:06,242 [af280123-6372-4d1f-a5d4-c36229a73203@group-75C85B6D1182-LeaderElection141] INFO  impl.LeaderElection (LeaderElection.java:askForVotes(178)) - af280123-6372-4d1f-a5d4-c36229a73203@group-75C85B6D1182-LeaderElection141: begin an election at term 136 for -1: [9092f221-0e0d-4970-bb84-cacd95020f21:192.168.164.213:41903, af280123-6372-4d1f-a5d4-c36229a73203:192.168.164.213:35334, b4ae536c-ed18-4717-a75c-ca4b5d6c4001:192.168.164.213:41180], old=null
2019-10-24 15:44:06,244 [grpc-default-executor-4] INFO  impl.RaftServerImpl (RaftServerImpl.java:setRole(184)) - 9092f221-0e0d-4970-bb84-cacd95020f21@group-75C85B6D1182: changes role from  FOLLOWER to FOLLOWER at term 136 for recognizeCandidate:af280123-6372-4d1f-a5d4-c36229a73203
2019-10-24 15:44:06,244 [grpc-default-executor-4] INFO  impl.RoleInfo (RoleInfo.java:shutdownFollowerState(121)) - 9092f221-0e0d-4970-bb84-cacd95020f21: shutdown FollowerState
2019-10-24 15:44:06,244 [grpc-default-executor-4] INFO  impl.RoleInfo (RoleInfo.java:updateAndGet(143)) - 9092f221-0e0d-4970-bb84-cacd95020f21: start FollowerState
2019-10-24 15:44:06,244 [Thread-1474] INFO  impl.FollowerState (FollowerState.java:run(117)) - 9092f221-0e0d-4970-bb84-cacd95020f21@group-75C85B6D1182-FollowerState was interrupted: java.lang.InterruptedException: sleep interrupted
2019-10-24 15:44:06,245 [grpc-default-executor-5] INFO  impl.RaftServerImpl (RaftServerImpl.java:setRole(184)) - b4ae536c-ed18-4717-a75c-ca4b5d6c4001@group-75C85B6D1182: changes role from  FOLLOWER to FOLLOWER at term 136 for recognizeCandidate:af280123-6372-4d1f-a5d4-c36229a73203
2019-10-24 15:44:06,245 [grpc-default-executor-5] INFO  impl.RoleInfo (RoleInfo.java:shutdownFollowerState(121)) - b4ae536c-ed18-4717-a75c-ca4b5d6c4001: shutdown FollowerState
2019-10-24 15:44:06,245 [grpc-default-executor-5] INFO  impl.RoleInfo (RoleInfo.java:updateAndGet(143)) - b4ae536c-ed18-4717-a75c-ca4b5d6c4001: start FollowerState
2019-10-24 15:44:06,245 [Thread-1475] INFO  impl.FollowerState (FollowerState.java:run(117)) - b4ae536c-ed18-4717-a75c-ca4b5d6c4001@group-75C85B6D1182-FollowerState was interrupted: java.lang.InterruptedException: sleep interrupted
2019-10-24 15:44:06,258 [af280123-6372-4d1f-a5d4-c36229a73203@group-75C85B6D1182-LeaderElection141] INFO  impl.LeaderElection (LeaderElection.java:logAndReturn(56)) - af280123-6372-4d1f-a5d4-c36229a73203@group-75C85B6D1182-LeaderElection141: Election REJECTED; received 2 response(s) [af280123-6372-4d1f-a5d4-c36229a73203<-9092f221-0e0d-4970-bb84-cacd95020f21#0:FAIL-t136, af280123-6372-4d1f-a5d4-c36229a73203<-b4ae536c-ed18-4717-a75c-ca4b5d6c4001#0:FAIL-t136] and 0 exception(s); af280123-6372-4d1f-a5d4-c36229a73203@group-75C85B6D1182:t136, leader=null, voted=af280123-6372-4d1f-a5d4-c36229a73203, raftlog=af280123-6372-4d1f-a5d4-c36229a73203@group-75C85B6D1182-SegmentedRaftLog:OPENED:c-1,f-1,i0, conf=-1: [9092f221-0e0d-4970-bb84-cacd95020f21:192.168.164.213:41903, af280123-6372-4d1f-a5d4-c36229a73203:192.168.164.213:35334, b4ae536c-ed18-4717-a75c-ca4b5d6c4001:192.168.164.213:41180], old=null
2019-10-24 15:44:06,259 [af280123-6372-4d1f-a5d4-c36229a73203@group-75C85B6D1182-LeaderElection141] INFO  impl.RaftServerImpl (RaftServerImpl.java:setRole(184)) - af280123-6372-4d1f-a5d4-c36229a73203@group-75C85B6D1182: changes role from CANDIDATE to FOLLOWER at term 136 for DISCOVERED_A_NEW_TERM
2019-10-24 15:44:06,259 [af280123-6372-4d1f-a5d4-c36229a73203@group-75C85B6D1182-LeaderElection141] INFO  impl.RoleInfo (RoleInfo.java:shutdownLeaderElection(134)) - af280123-6372-4d1f-a5d4-c36229a73203: shutdown LeaderElection
2019-10-24 15:44:06,259 [af280123-6372-4d1f-a5d4-c36229a73203@group-75C85B6D1182-LeaderElection141] INFO  impl.RoleInfo (RoleInfo.java:updateAndGet(143)) - af280123-6372-4d1f-a5d4-c36229a73203: start FollowerState
2019-10-24 15:44:06,392 [Thread-514] INFO  impl.FollowerState (FollowerState.java:run(108)) - abb8132e-b90b-4ab3-abdd-91ffef5e5962@group-D6115FD00A99-FollowerState: change to CANDIDATE, lastRpcTime:1273ms, electionTimeout:1020ms
2019-10-24 15:44:06,392 [Thread-514] INFO  impl.RoleInfo (RoleInfo.java:shutdownFollowerState(121)) - abb8132e-b90b-4ab3-abdd-91ffef5e5962: shutdown FollowerState
2019-10-24 15:44:06,392 [Thread-514] INFO  impl.RaftServerImpl (RaftServerImpl.java:setRole(184)) - abb8132e-b90b-4ab3-abdd-91ffef5e5962@group-D6115FD00A99: changes role from  FOLLOWER to CANDIDATE at term 10 for changeToCandidate
2019-10-24 15:44:06,392 [Thread-514] INFO  impl.RoleInfo (RoleInfo.java:updateAndGet(143)) - abb8132e-b90b-4ab3-abdd-91ffef5e5962: start LeaderElection
2019-10-24 15:44:06,393 [abb8132e-b90b-4ab3-abdd-91ffef5e5962@group-D6115FD00A99-LeaderElection142] INFO  impl.RaftServerImpl (ServerState.java:setLeader(256)) - abb8132e-b90b-4ab3-abdd-91ffef5e5962@group-D6115FD00A99: change Leader from 876b8685-e2e6-4b2b-9f0d-f9ddcb91e852 to null at term 10 for initElection
2019-10-24 15:44:06,406 [abb8132e-b90b-4ab3-abdd-91ffef5e5962@group-D6115FD00A99-LeaderElection142] INFO  impl.LeaderElection (LeaderElection.java:askForVotes(178)) - abb8132e-b90b-4ab3-abdd-91ffef5e5962@group-D6115FD00A99-LeaderElection142: begin an election at term 11 for 0: [876b8685-e2e6-4b2b-9f0d-f9ddcb91e852:192.168.164.213:33356, 131ee32b-eb71-4a4b-82eb-895fd06b61f2:192.168.164.213:38159, abb8132e-b90b-4ab3-abdd-91ffef5e5962:192.168.164.213:45083], old=null
2019-10-24 15:44:06,424 [abb8132e-b90b-4ab3-abdd-91ffef5e5962@group-D6115FD00A99-LeaderElection142] INFO  impl.LeaderElection (LogUtils.java:infoOrTrace(149)) - abb8132e-b90b-4ab3-abdd-91ffef5e5962@group-D6115FD00A99-LeaderElection142 got exception when requesting votes: {}
java.util.concurrent.ExecutionException: org.apache.ratis.thirdparty.io.grpc.StatusRuntimeException: UNAVAILABLE: io exception
	at java.util.concurrent.FutureTask.report(FutureTask.java:122)
	at java.util.concurrent.FutureTask.get(FutureTask.java:192)
	at org.apache.ratis.server.impl.LeaderElection.waitForResults(LeaderElection.java:259)
	at org.apache.ratis.server.impl.LeaderElection.askForVotes(LeaderElection.java:197)
	at org.apache.ratis.server.impl.LeaderElection.run(LeaderElection.java:133)
	at java.lang.Thread.run(Thread.java:748)
Caused by: org.apache.ratis.thirdparty.io.grpc.StatusRuntimeException: UNAVAILABLE: io exception
	at org.apache.ratis.thirdparty.io.grpc.stub.ClientCalls.toStatusRuntimeException(ClientCalls.java:233)
	at org.apache.ratis.thirdparty.io.grpc.stub.ClientCalls.getUnchecked(ClientCalls.java:214)
	at org.apache.ratis.thirdparty.io.grpc.stub.ClientCalls.blockingUnaryCall(ClientCalls.java:139)
	at org.apache.ratis.proto.grpc.RaftServerProtocolServiceGrpc$RaftServerProtocolServiceBlockingStub.requestVote(RaftServerProtocolServiceGrpc.java:265)
	at org.apache.ratis.grpc.server.GrpcServerProtocolClient.requestVote(GrpcServerProtocolClient.java:99)
	at org.apache.ratis.grpc.server.GrpcService.requestVote(GrpcService.java:204)
	at org.apache.ratis.server.impl.LeaderElection.lambda$submitRequests$1(LeaderElection.java:234)
	at java.util.concurrent.FutureTask.run(FutureTask.java:266)
	at java.util.concurrent.Executors$RunnableAdapter.call(Executors.java:511)
	at java.util.concurrent.FutureTask.run(FutureTask.java:266)
	at java.util.concurrent.ThreadPoolExecutor.runWorker(ThreadPoolExecutor.java:1149)
	at java.util.concurrent.ThreadPoolExecutor$Worker.run(ThreadPoolExecutor.java:624)
	... 1 more
Caused by: org.apache.ratis.thirdparty.io.netty.channel.AbstractChannel$AnnotatedConnectException: Connection refused: /192.168.164.213:33356
	at sun.nio.ch.SocketChannelImpl.checkConnect(Native Method)
	at sun.nio.ch.SocketChannelImpl.finishConnect(SocketChannelImpl.java:717)
	at org.apache.ratis.thirdparty.io.netty.channel.socket.nio.NioSocketChannel.doFinishConnect(NioSocketChannel.java:327)
	at org.apache.ratis.thirdparty.io.netty.channel.nio.AbstractNioChannel$AbstractNioUnsafe.finishConnect(AbstractNioChannel.java:340)
	at org.apache.ratis.thirdparty.io.netty.channel.nio.NioEventLoop.processSelectedKey(NioEventLoop.java:632)
	at org.apache.ratis.thirdparty.io.netty.channel.nio.NioEventLoop.processSelectedKeysOptimized(NioEventLoop.java:579)
	at org.apache.ratis.thirdparty.io.netty.channel.nio.NioEventLoop.processSelectedKeys(NioEventLoop.java:496)
	at org.apache.ratis.thirdparty.io.netty.channel.nio.NioEventLoop.run(NioEventLoop.java:458)
	at org.apache.ratis.thirdparty.io.netty.util.concurrent.SingleThreadEventExecutor$5.run(SingleThreadEventExecutor.java:897)
	at org.apache.ratis.thirdparty.io.netty.util.concurrent.FastThreadLocalRunnable.run(FastThreadLocalRunnable.java:30)
	... 1 more
Caused by: java.net.ConnectException: Connection refused
	... 11 more
2019-10-24 15:44:06,429 [abb8132e-b90b-4ab3-abdd-91ffef5e5962@group-D6115FD00A99-LeaderElection142] INFO  impl.LeaderElection (LogUtils.java:infoOrTrace(149)) - abb8132e-b90b-4ab3-abdd-91ffef5e5962@group-D6115FD00A99-LeaderElection142 got exception when requesting votes: {}
java.util.concurrent.ExecutionException: org.apache.ratis.thirdparty.io.grpc.StatusRuntimeException: UNAVAILABLE: io exception
	at java.util.concurrent.FutureTask.report(FutureTask.java:122)
	at java.util.concurrent.FutureTask.get(FutureTask.java:192)
	at org.apache.ratis.server.impl.LeaderElection.waitForResults(LeaderElection.java:259)
	at org.apache.ratis.server.impl.LeaderElection.askForVotes(LeaderElection.java:197)
	at org.apache.ratis.server.impl.LeaderElection.run(LeaderElection.java:133)
	at java.lang.Thread.run(Thread.java:748)
Caused by: org.apache.ratis.thirdparty.io.grpc.StatusRuntimeException: UNAVAILABLE: io exception
	at org.apache.ratis.thirdparty.io.grpc.stub.ClientCalls.toStatusRuntimeException(ClientCalls.java:233)
	at org.apache.ratis.thirdparty.io.grpc.stub.ClientCalls.getUnchecked(ClientCalls.java:214)
	at org.apache.ratis.thirdparty.io.grpc.stub.ClientCalls.blockingUnaryCall(ClientCalls.java:139)
	at org.apache.ratis.proto.grpc.RaftServerProtocolServiceGrpc$RaftServerProtocolServiceBlockingStub.requestVote(RaftServerProtocolServiceGrpc.java:265)
	at org.apache.ratis.grpc.server.GrpcServerProtocolClient.requestVote(GrpcServerProtocolClient.java:99)
	at org.apache.ratis.grpc.server.GrpcService.requestVote(GrpcService.java:204)
	at org.apache.ratis.server.impl.LeaderElection.lambda$submitRequests$1(LeaderElection.java:234)
	at java.util.concurrent.FutureTask.run(FutureTask.java:266)
	at java.util.concurrent.Executors$RunnableAdapter.call(Executors.java:511)
	at java.util.concurrent.FutureTask.run(FutureTask.java:266)
	at java.util.concurrent.ThreadPoolExecutor.runWorker(ThreadPoolExecutor.java:1149)
	at java.util.concurrent.ThreadPoolExecutor$Worker.run(ThreadPoolExecutor.java:624)
	... 1 more
Caused by: org.apache.ratis.thirdparty.io.netty.channel.AbstractChannel$AnnotatedConnectException: Connection refused: /192.168.164.213:38159
	at sun.nio.ch.SocketChannelImpl.checkConnect(Native Method)
	at sun.nio.ch.SocketChannelImpl.finishConnect(SocketChannelImpl.java:717)
	at org.apache.ratis.thirdparty.io.netty.channel.socket.nio.NioSocketChannel.doFinishConnect(NioSocketChannel.java:327)
	at org.apache.ratis.thirdparty.io.netty.channel.nio.AbstractNioChannel$AbstractNioUnsafe.finishConnect(AbstractNioChannel.java:340)
	at org.apache.ratis.thirdparty.io.netty.channel.nio.NioEventLoop.processSelectedKey(NioEventLoop.java:632)
	at org.apache.ratis.thirdparty.io.netty.channel.nio.NioEventLoop.processSelectedKeysOptimized(NioEventLoop.java:579)
	at org.apache.ratis.thirdparty.io.netty.channel.nio.NioEventLoop.processSelectedKeys(NioEventLoop.java:496)
	at org.apache.ratis.thirdparty.io.netty.channel.nio.NioEventLoop.run(NioEventLoop.java:458)
	at org.apache.ratis.thirdparty.io.netty.util.concurrent.SingleThreadEventExecutor$5.run(SingleThreadEventExecutor.java:897)
	at org.apache.ratis.thirdparty.io.netty.util.concurrent.FastThreadLocalRunnable.run(FastThreadLocalRunnable.java:30)
	... 1 more
Caused by: java.net.ConnectException: Connection refused
	... 11 more
2019-10-24 15:44:06,432 [abb8132e-b90b-4ab3-abdd-91ffef5e5962@group-D6115FD00A99-LeaderElection142] INFO  impl.LeaderElection (LeaderElection.java:logAndReturn(56)) - abb8132e-b90b-4ab3-abdd-91ffef5e5962@group-D6115FD00A99-LeaderElection142: Election REJECTED; received 0 response(s) [] and 2 exception(s); abb8132e-b90b-4ab3-abdd-91ffef5e5962@group-D6115FD00A99:t11, leader=null, voted=abb8132e-b90b-4ab3-abdd-91ffef5e5962, raftlog=abb8132e-b90b-4ab3-abdd-91ffef5e5962@group-D6115FD00A99-SegmentedRaftLog:OPENED:c4,f4,i4, conf=0: [876b8685-e2e6-4b2b-9f0d-f9ddcb91e852:192.168.164.213:33356, 131ee32b-eb71-4a4b-82eb-895fd06b61f2:192.168.164.213:38159, abb8132e-b90b-4ab3-abdd-91ffef5e5962:192.168.164.213:45083], old=null
2019-10-24 15:44:06,432 [abb8132e-b90b-4ab3-abdd-91ffef5e5962@group-D6115FD00A99-LeaderElection142] INFO  impl.LeaderElection (LogUtils.java:infoOrTrace(149)) -   Exception 0: {}
java.util.concurrent.ExecutionException: org.apache.ratis.thirdparty.io.grpc.StatusRuntimeException: UNAVAILABLE: io exception
	at java.util.concurrent.FutureTask.report(FutureTask.java:122)
	at java.util.concurrent.FutureTask.get(FutureTask.java:192)
	at org.apache.ratis.server.impl.LeaderElection.waitForResults(LeaderElection.java:259)
	at org.apache.ratis.server.impl.LeaderElection.askForVotes(LeaderElection.java:197)
	at org.apache.ratis.server.impl.LeaderElection.run(LeaderElection.java:133)
	at java.lang.Thread.run(Thread.java:748)
Caused by: org.apache.ratis.thirdparty.io.grpc.StatusRuntimeException: UNAVAILABLE: io exception
	at org.apache.ratis.thirdparty.io.grpc.stub.ClientCalls.toStatusRuntimeException(ClientCalls.java:233)
	at org.apache.ratis.thirdparty.io.grpc.stub.ClientCalls.getUnchecked(ClientCalls.java:214)
	at org.apache.ratis.thirdparty.io.grpc.stub.ClientCalls.blockingUnaryCall(ClientCalls.java:139)
	at org.apache.ratis.proto.grpc.RaftServerProtocolServiceGrpc$RaftServerProtocolServiceBlockingStub.requestVote(RaftServerProtocolServiceGrpc.java:265)
	at org.apache.ratis.grpc.server.GrpcServerProtocolClient.requestVote(GrpcServerProtocolClient.java:99)
	at org.apache.ratis.grpc.server.GrpcService.requestVote(GrpcService.java:204)
	at org.apache.ratis.server.impl.LeaderElection.lambda$submitRequests$1(LeaderElection.java:234)
	at java.util.concurrent.FutureTask.run(FutureTask.java:266)
	at java.util.concurrent.Executors$RunnableAdapter.call(Executors.java:511)
	at java.util.concurrent.FutureTask.run(FutureTask.java:266)
	at java.util.concurrent.ThreadPoolExecutor.runWorker(ThreadPoolExecutor.java:1149)
	at java.util.concurrent.ThreadPoolExecutor$Worker.run(ThreadPoolExecutor.java:624)
	... 1 more
Caused by: org.apache.ratis.thirdparty.io.netty.channel.AbstractChannel$AnnotatedConnectException: Connection refused: /192.168.164.213:33356
	at sun.nio.ch.SocketChannelImpl.checkConnect(Native Method)
	at sun.nio.ch.SocketChannelImpl.finishConnect(SocketChannelImpl.java:717)
	at org.apache.ratis.thirdparty.io.netty.channel.socket.nio.NioSocketChannel.doFinishConnect(NioSocketChannel.java:327)
	at org.apache.ratis.thirdparty.io.netty.channel.nio.AbstractNioChannel$AbstractNioUnsafe.finishConnect(AbstractNioChannel.java:340)
	at org.apache.ratis.thirdparty.io.netty.channel.nio.NioEventLoop.processSelectedKey(NioEventLoop.java:632)
	at org.apache.ratis.thirdparty.io.netty.channel.nio.NioEventLoop.processSelectedKeysOptimized(NioEventLoop.java:579)
	at org.apache.ratis.thirdparty.io.netty.channel.nio.NioEventLoop.processSelectedKeys(NioEventLoop.java:496)
	at org.apache.ratis.thirdparty.io.netty.channel.nio.NioEventLoop.run(NioEventLoop.java:458)
	at org.apache.ratis.thirdparty.io.netty.util.concurrent.SingleThreadEventExecutor$5.run(SingleThreadEventExecutor.java:897)
	at org.apache.ratis.thirdparty.io.netty.util.concurrent.FastThreadLocalRunnable.run(FastThreadLocalRunnable.java:30)
	... 1 more
Caused by: java.net.ConnectException: Connection refused
	... 11 more
2019-10-24 15:44:06,432 [abb8132e-b90b-4ab3-abdd-91ffef5e5962@group-D6115FD00A99-LeaderElection142] INFO  impl.LeaderElection (LogUtils.java:infoOrTrace(149)) -   Exception 1: {}
java.util.concurrent.ExecutionException: org.apache.ratis.thirdparty.io.grpc.StatusRuntimeException: UNAVAILABLE: io exception
	at java.util.concurrent.FutureTask.report(FutureTask.java:122)
	at java.util.concurrent.FutureTask.get(FutureTask.java:192)
	at org.apache.ratis.server.impl.LeaderElection.waitForResults(LeaderElection.java:259)
	at org.apache.ratis.server.impl.LeaderElection.askForVotes(LeaderElection.java:197)
	at org.apache.ratis.server.impl.LeaderElection.run(LeaderElection.java:133)
	at java.lang.Thread.run(Thread.java:748)
Caused by: org.apache.ratis.thirdparty.io.grpc.StatusRuntimeException: UNAVAILABLE: io exception
	at org.apache.ratis.thirdparty.io.grpc.stub.ClientCalls.toStatusRuntimeException(ClientCalls.java:233)
	at org.apache.ratis.thirdparty.io.grpc.stub.ClientCalls.getUnchecked(ClientCalls.java:214)
	at org.apache.ratis.thirdparty.io.grpc.stub.ClientCalls.blockingUnaryCall(ClientCalls.java:139)
	at org.apache.ratis.proto.grpc.RaftServerProtocolServiceGrpc$RaftServerProtocolServiceBlockingStub.requestVote(RaftServerProtocolServiceGrpc.java:265)
	at org.apache.ratis.grpc.server.GrpcServerProtocolClient.requestVote(GrpcServerProtocolClient.java:99)
	at org.apache.ratis.grpc.server.GrpcService.requestVote(GrpcService.java:204)
	at org.apache.ratis.server.impl.LeaderElection.lambda$submitRequests$1(LeaderElection.java:234)
	at java.util.concurrent.FutureTask.run(FutureTask.java:266)
	at java.util.concurrent.Executors$RunnableAdapter.call(Executors.java:511)
	at java.util.concurrent.FutureTask.run(FutureTask.java:266)
	at java.util.concurrent.ThreadPoolExecutor.runWorker(ThreadPoolExecutor.java:1149)
	at java.util.concurrent.ThreadPoolExecutor$Worker.run(ThreadPoolExecutor.java:624)
	... 1 more
Caused by: org.apache.ratis.thirdparty.io.netty.channel.AbstractChannel$AnnotatedConnectException: Connection refused: /192.168.164.213:38159
	at sun.nio.ch.SocketChannelImpl.checkConnect(Native Method)
	at sun.nio.ch.SocketChannelImpl.finishConnect(SocketChannelImpl.java:717)
	at org.apache.ratis.thirdparty.io.netty.channel.socket.nio.NioSocketChannel.doFinishConnect(NioSocketChannel.java:327)
	at org.apache.ratis.thirdparty.io.netty.channel.nio.AbstractNioChannel$AbstractNioUnsafe.finishConnect(AbstractNioChannel.java:340)
	at org.apache.ratis.thirdparty.io.netty.channel.nio.NioEventLoop.processSelectedKey(NioEventLoop.java:632)
	at org.apache.ratis.thirdparty.io.netty.channel.nio.NioEventLoop.processSelectedKeysOptimized(NioEventLoop.java:579)
	at org.apache.ratis.thirdparty.io.netty.channel.nio.NioEventLoop.processSelectedKeys(NioEventLoop.java:496)
	at org.apache.ratis.thirdparty.io.netty.channel.nio.NioEventLoop.run(NioEventLoop.java:458)
	at org.apache.ratis.thirdparty.io.netty.util.concurrent.SingleThreadEventExecutor$5.run(SingleThreadEventExecutor.java:897)
	at org.apache.ratis.thirdparty.io.netty.util.concurrent.FastThreadLocalRunnable.run(FastThreadLocalRunnable.java:30)
	... 1 more
Caused by: java.net.ConnectException: Connection refused
	... 11 more
2019-10-24 15:44:06,433 [abb8132e-b90b-4ab3-abdd-91ffef5e5962@group-D6115FD00A99-LeaderElection142] INFO  impl.RaftServerImpl (RaftServerImpl.java:setRole(184)) - abb8132e-b90b-4ab3-abdd-91ffef5e5962@group-D6115FD00A99: changes role from CANDIDATE to FOLLOWER at term 11 for DISCOVERED_A_NEW_TERM
2019-10-24 15:44:06,433 [abb8132e-b90b-4ab3-abdd-91ffef5e5962@group-D6115FD00A99-LeaderElection142] INFO  impl.RoleInfo (RoleInfo.java:shutdownLeaderElection(134)) - abb8132e-b90b-4ab3-abdd-91ffef5e5962: shutdown LeaderElection
2019-10-24 15:44:06,433 [abb8132e-b90b-4ab3-abdd-91ffef5e5962@group-D6115FD00A99-LeaderElection142] INFO  impl.RoleInfo (RoleInfo.java:updateAndGet(143)) - abb8132e-b90b-4ab3-abdd-91ffef5e5962: start FollowerState
2019-10-24 15:44:06,449 [Thread-1482] INFO  impl.FollowerState (FollowerState.java:run(108)) - af280123-6372-4d1f-a5d4-c36229a73203@group-75C85B6D1182-FollowerState: change to CANDIDATE, lastRpcTime:190ms, electionTimeout:190ms
2019-10-24 15:44:06,450 [Thread-1482] INFO  impl.RoleInfo (RoleInfo.java:shutdownFollowerState(121)) - af280123-6372-4d1f-a5d4-c36229a73203: shutdown FollowerState
2019-10-24 15:44:06,450 [Thread-1482] INFO  impl.RaftServerImpl (RaftServerImpl.java:setRole(184)) - af280123-6372-4d1f-a5d4-c36229a73203@group-75C85B6D1182: changes role from  FOLLOWER to CANDIDATE at term 136 for changeToCandidate
2019-10-24 15:44:06,450 [Thread-1482] INFO  impl.RoleInfo (RoleInfo.java:updateAndGet(143)) - af280123-6372-4d1f-a5d4-c36229a73203: start LeaderElection
2019-10-24 15:44:06,461 [af280123-6372-4d1f-a5d4-c36229a73203@group-75C85B6D1182-LeaderElection143] INFO  impl.LeaderElection (LeaderElection.java:askForVotes(178)) - af280123-6372-4d1f-a5d4-c36229a73203@group-75C85B6D1182-LeaderElection143: begin an election at term 137 for -1: [9092f221-0e0d-4970-bb84-cacd95020f21:192.168.164.213:41903, af280123-6372-4d1f-a5d4-c36229a73203:192.168.164.213:35334, b4ae536c-ed18-4717-a75c-ca4b5d6c4001:192.168.164.213:41180], old=null
2019-10-24 15:44:06,464 [grpc-default-executor-5] INFO  impl.RaftServerImpl (RaftServerImpl.java:setRole(184)) - b4ae536c-ed18-4717-a75c-ca4b5d6c4001@group-75C85B6D1182: changes role from  FOLLOWER to FOLLOWER at term 137 for recognizeCandidate:af280123-6372-4d1f-a5d4-c36229a73203
2019-10-24 15:44:06,464 [grpc-default-executor-4] INFO  impl.RaftServerImpl (RaftServerImpl.java:setRole(184)) - 9092f221-0e0d-4970-bb84-cacd95020f21@group-75C85B6D1182: changes role from  FOLLOWER to FOLLOWER at term 137 for recognizeCandidate:af280123-6372-4d1f-a5d4-c36229a73203
2019-10-24 15:44:06,464 [grpc-default-executor-5] INFO  impl.RoleInfo (RoleInfo.java:shutdownFollowerState(121)) - b4ae536c-ed18-4717-a75c-ca4b5d6c4001: shutdown FollowerState
2019-10-24 15:44:06,464 [grpc-default-executor-4] INFO  impl.RoleInfo (RoleInfo.java:shutdownFollowerState(121)) - 9092f221-0e0d-4970-bb84-cacd95020f21: shutdown FollowerState
2019-10-24 15:44:06,464 [grpc-default-executor-5] INFO  impl.RoleInfo (RoleInfo.java:updateAndGet(143)) - b4ae536c-ed18-4717-a75c-ca4b5d6c4001: start FollowerState
2019-10-24 15:44:06,465 [Thread-1480] INFO  impl.FollowerState (FollowerState.java:run(117)) - 9092f221-0e0d-4970-bb84-cacd95020f21@group-75C85B6D1182-FollowerState was interrupted: java.lang.InterruptedException: sleep interrupted
2019-10-24 15:44:06,464 [Thread-1481] INFO  impl.FollowerState (FollowerState.java:run(117)) - b4ae536c-ed18-4717-a75c-ca4b5d6c4001@group-75C85B6D1182-FollowerState was interrupted: java.lang.InterruptedException: sleep interrupted
2019-10-24 15:44:06,465 [grpc-default-executor-4] INFO  impl.RoleInfo (RoleInfo.java:updateAndGet(143)) - 9092f221-0e0d-4970-bb84-cacd95020f21: start FollowerState
2019-10-24 15:44:06,481 [af280123-6372-4d1f-a5d4-c36229a73203@group-75C85B6D1182-LeaderElection143] INFO  impl.LeaderElection (LeaderElection.java:logAndReturn(56)) - af280123-6372-4d1f-a5d4-c36229a73203@group-75C85B6D1182-LeaderElection143: Election REJECTED; received 2 response(s) [af280123-6372-4d1f-a5d4-c36229a73203<-9092f221-0e0d-4970-bb84-cacd95020f21#0:FAIL-t137, af280123-6372-4d1f-a5d4-c36229a73203<-b4ae536c-ed18-4717-a75c-ca4b5d6c4001#0:FAIL-t137] and 0 exception(s); af280123-6372-4d1f-a5d4-c36229a73203@group-75C85B6D1182:t137, leader=null, voted=af280123-6372-4d1f-a5d4-c36229a73203, raftlog=af280123-6372-4d1f-a5d4-c36229a73203@group-75C85B6D1182-SegmentedRaftLog:OPENED:c-1,f-1,i0, conf=-1: [9092f221-0e0d-4970-bb84-cacd95020f21:192.168.164.213:41903, af280123-6372-4d1f-a5d4-c36229a73203:192.168.164.213:35334, b4ae536c-ed18-4717-a75c-ca4b5d6c4001:192.168.164.213:41180], old=null
2019-10-24 15:44:06,481 [af280123-6372-4d1f-a5d4-c36229a73203@group-75C85B6D1182-LeaderElection143] INFO  impl.RaftServerImpl (RaftServerImpl.java:setRole(184)) - af280123-6372-4d1f-a5d4-c36229a73203@group-75C85B6D1182: changes role from CANDIDATE to FOLLOWER at term 137 for DISCOVERED_A_NEW_TERM
2019-10-24 15:44:06,481 [af280123-6372-4d1f-a5d4-c36229a73203@group-75C85B6D1182-LeaderElection143] INFO  impl.RoleInfo (RoleInfo.java:shutdownLeaderElection(134)) - af280123-6372-4d1f-a5d4-c36229a73203: shutdown LeaderElection
2019-10-24 15:44:06,482 [af280123-6372-4d1f-a5d4-c36229a73203@group-75C85B6D1182-LeaderElection143] INFO  impl.RoleInfo (RoleInfo.java:updateAndGet(143)) - af280123-6372-4d1f-a5d4-c36229a73203: start FollowerState
2019-10-24 15:44:06,679 [Thread-1494] INFO  impl.FollowerState (FollowerState.java:run(108)) - af280123-6372-4d1f-a5d4-c36229a73203@group-75C85B6D1182-FollowerState: change to CANDIDATE, lastRpcTime:197ms, electionTimeout:197ms
2019-10-24 15:44:06,679 [Thread-1494] INFO  impl.RoleInfo (RoleInfo.java:shutdownFollowerState(121)) - af280123-6372-4d1f-a5d4-c36229a73203: shutdown FollowerState
2019-10-24 15:44:06,679 [Thread-1494] INFO  impl.RaftServerImpl (RaftServerImpl.java:setRole(184)) - af280123-6372-4d1f-a5d4-c36229a73203@group-75C85B6D1182: changes role from  FOLLOWER to CANDIDATE at term 137 for changeToCandidate
2019-10-24 15:44:06,680 [Thread-1494] INFO  impl.RoleInfo (RoleInfo.java:updateAndGet(143)) - af280123-6372-4d1f-a5d4-c36229a73203: start LeaderElection
2019-10-24 15:44:06,695 [af280123-6372-4d1f-a5d4-c36229a73203@group-75C85B6D1182-LeaderElection144] INFO  impl.LeaderElection (LeaderElection.java:askForVotes(178)) - af280123-6372-4d1f-a5d4-c36229a73203@group-75C85B6D1182-LeaderElection144: begin an election at term 138 for -1: [9092f221-0e0d-4970-bb84-cacd95020f21:192.168.164.213:41903, af280123-6372-4d1f-a5d4-c36229a73203:192.168.164.213:35334, b4ae536c-ed18-4717-a75c-ca4b5d6c4001:192.168.164.213:41180], old=null
2019-10-24 15:44:06,698 [grpc-default-executor-5] INFO  impl.RaftServerImpl (RaftServerImpl.java:setRole(184)) - 9092f221-0e0d-4970-bb84-cacd95020f21@group-75C85B6D1182: changes role from  FOLLOWER to FOLLOWER at term 138 for recognizeCandidate:af280123-6372-4d1f-a5d4-c36229a73203
2019-10-24 15:44:06,698 [grpc-default-executor-4] INFO  impl.RaftServerImpl (RaftServerImpl.java:setRole(184)) - b4ae536c-ed18-4717-a75c-ca4b5d6c4001@group-75C85B6D1182: changes role from  FOLLOWER to FOLLOWER at term 138 for recognizeCandidate:af280123-6372-4d1f-a5d4-c36229a73203
2019-10-24 15:44:06,698 [grpc-default-executor-5] INFO  impl.RoleInfo (RoleInfo.java:shutdownFollowerState(121)) - 9092f221-0e0d-4970-bb84-cacd95020f21: shutdown FollowerState
2019-10-24 15:44:06,698 [grpc-default-executor-4] INFO  impl.RoleInfo (RoleInfo.java:shutdownFollowerState(121)) - b4ae536c-ed18-4717-a75c-ca4b5d6c4001: shutdown FollowerState
2019-10-24 15:44:06,699 [Thread-1493] INFO  impl.FollowerState (FollowerState.java:run(117)) - 9092f221-0e0d-4970-bb84-cacd95020f21@group-75C85B6D1182-FollowerState was interrupted: java.lang.InterruptedException: sleep interrupted
2019-10-24 15:44:06,699 [grpc-default-executor-5] INFO  impl.RoleInfo (RoleInfo.java:updateAndGet(143)) - 9092f221-0e0d-4970-bb84-cacd95020f21: start FollowerState
2019-10-24 15:44:06,699 [Thread-1492] INFO  impl.FollowerState (FollowerState.java:run(117)) - b4ae536c-ed18-4717-a75c-ca4b5d6c4001@group-75C85B6D1182-FollowerState was interrupted: java.lang.InterruptedException: sleep interrupted
2019-10-24 15:44:06,699 [grpc-default-executor-4] INFO  impl.RoleInfo (RoleInfo.java:updateAndGet(143)) - b4ae536c-ed18-4717-a75c-ca4b5d6c4001: start FollowerState
2019-10-24 15:44:06,713 [af280123-6372-4d1f-a5d4-c36229a73203@group-75C85B6D1182-LeaderElection144] INFO  impl.LeaderElection (LeaderElection.java:logAndReturn(56)) - af280123-6372-4d1f-a5d4-c36229a73203@group-75C85B6D1182-LeaderElection144: Election REJECTED; received 2 response(s) [af280123-6372-4d1f-a5d4-c36229a73203<-9092f221-0e0d-4970-bb84-cacd95020f21#0:FAIL-t138, af280123-6372-4d1f-a5d4-c36229a73203<-b4ae536c-ed18-4717-a75c-ca4b5d6c4001#0:FAIL-t138] and 0 exception(s); af280123-6372-4d1f-a5d4-c36229a73203@group-75C85B6D1182:t138, leader=null, voted=af280123-6372-4d1f-a5d4-c36229a73203, raftlog=af280123-6372-4d1f-a5d4-c36229a73203@group-75C85B6D1182-SegmentedRaftLog:OPENED:c-1,f-1,i0, conf=-1: [9092f221-0e0d-4970-bb84-cacd95020f21:192.168.164.213:41903, af280123-6372-4d1f-a5d4-c36229a73203:192.168.164.213:35334, b4ae536c-ed18-4717-a75c-ca4b5d6c4001:192.168.164.213:41180], old=null
2019-10-24 15:44:06,714 [af280123-6372-4d1f-a5d4-c36229a73203@group-75C85B6D1182-LeaderElection144] INFO  impl.RaftServerImpl (RaftServerImpl.java:setRole(184)) - af280123-6372-4d1f-a5d4-c36229a73203@group-75C85B6D1182: changes role from CANDIDATE to FOLLOWER at term 138 for DISCOVERED_A_NEW_TERM
2019-10-24 15:44:06,714 [af280123-6372-4d1f-a5d4-c36229a73203@group-75C85B6D1182-LeaderElection144] INFO  impl.RoleInfo (RoleInfo.java:shutdownLeaderElection(134)) - af280123-6372-4d1f-a5d4-c36229a73203: shutdown LeaderElection
2019-10-24 15:44:06,714 [af280123-6372-4d1f-a5d4-c36229a73203@group-75C85B6D1182-LeaderElection144] INFO  impl.RoleInfo (RoleInfo.java:updateAndGet(143)) - af280123-6372-4d1f-a5d4-c36229a73203: start FollowerState
2019-10-24 15:44:06,754 [Thread-1500] INFO  impl.FollowerState (FollowerState.java:run(108)) - af280123-6372-4d1f-a5d4-c36229a73203@group-75C85B6D1182-FollowerState: change to CANDIDATE, lastRpcTime:39ms, electionTimeout:39ms
2019-10-24 15:44:06,754 [Thread-1500] INFO  impl.RoleInfo (RoleInfo.java:shutdownFollowerState(121)) - af280123-6372-4d1f-a5d4-c36229a73203: shutdown FollowerState
2019-10-24 15:44:06,754 [Thread-1500] INFO  impl.RaftServerImpl (RaftServerImpl.java:setRole(184)) - af280123-6372-4d1f-a5d4-c36229a73203@group-75C85B6D1182: changes role from  FOLLOWER to CANDIDATE at term 138 for changeToCandidate
2019-10-24 15:44:06,754 [Thread-1500] INFO  impl.RoleInfo (RoleInfo.java:updateAndGet(143)) - af280123-6372-4d1f-a5d4-c36229a73203: start LeaderElection
2019-10-24 15:44:06,768 [af280123-6372-4d1f-a5d4-c36229a73203@group-75C85B6D1182-LeaderElection145] INFO  impl.LeaderElection (LeaderElection.java:askForVotes(178)) - af280123-6372-4d1f-a5d4-c36229a73203@group-75C85B6D1182-LeaderElection145: begin an election at term 139 for -1: [9092f221-0e0d-4970-bb84-cacd95020f21:192.168.164.213:41903, af280123-6372-4d1f-a5d4-c36229a73203:192.168.164.213:35334, b4ae536c-ed18-4717-a75c-ca4b5d6c4001:192.168.164.213:41180], old=null
2019-10-24 15:44:06,772 [grpc-default-executor-4] INFO  impl.RaftServerImpl (RaftServerImpl.java:setRole(184)) - 9092f221-0e0d-4970-bb84-cacd95020f21@group-75C85B6D1182: changes role from  FOLLOWER to FOLLOWER at term 139 for recognizeCandidate:af280123-6372-4d1f-a5d4-c36229a73203
2019-10-24 15:44:06,772 [grpc-default-executor-5] INFO  impl.RaftServerImpl (RaftServerImpl.java:setRole(184)) - b4ae536c-ed18-4717-a75c-ca4b5d6c4001@group-75C85B6D1182: changes role from  FOLLOWER to FOLLOWER at term 139 for recognizeCandidate:af280123-6372-4d1f-a5d4-c36229a73203
2019-10-24 15:44:06,772 [grpc-default-executor-5] INFO  impl.RoleInfo (RoleInfo.java:shutdownFollowerState(121)) - b4ae536c-ed18-4717-a75c-ca4b5d6c4001: shutdown FollowerState
2019-10-24 15:44:06,772 [grpc-default-executor-4] INFO  impl.RoleInfo (RoleInfo.java:shutdownFollowerState(121)) - 9092f221-0e0d-4970-bb84-cacd95020f21: shutdown FollowerState
2019-10-24 15:44:06,772 [grpc-default-executor-5] INFO  impl.RoleInfo (RoleInfo.java:updateAndGet(143)) - b4ae536c-ed18-4717-a75c-ca4b5d6c4001: start FollowerState
2019-10-24 15:44:06,776 [Thread-1498] INFO  impl.FollowerState (FollowerState.java:run(117)) - 9092f221-0e0d-4970-bb84-cacd95020f21@group-75C85B6D1182-FollowerState was interrupted: java.lang.InterruptedException: sleep interrupted
2019-10-24 15:44:06,776 [Thread-1499] INFO  impl.FollowerState (FollowerState.java:run(117)) - b4ae536c-ed18-4717-a75c-ca4b5d6c4001@group-75C85B6D1182-FollowerState was interrupted: java.lang.InterruptedException: sleep interrupted
2019-10-24 15:44:06,776 [grpc-default-executor-4] INFO  impl.RoleInfo (RoleInfo.java:updateAndGet(143)) - 9092f221-0e0d-4970-bb84-cacd95020f21: start FollowerState
2019-10-24 15:44:06,790 [af280123-6372-4d1f-a5d4-c36229a73203@group-75C85B6D1182-LeaderElection145] INFO  impl.LeaderElection (LeaderElection.java:logAndReturn(56)) - af280123-6372-4d1f-a5d4-c36229a73203@group-75C85B6D1182-LeaderElection145: Election REJECTED; received 2 response(s) [af280123-6372-4d1f-a5d4-c36229a73203<-9092f221-0e0d-4970-bb84-cacd95020f21#0:FAIL-t139, af280123-6372-4d1f-a5d4-c36229a73203<-b4ae536c-ed18-4717-a75c-ca4b5d6c4001#0:FAIL-t139] and 0 exception(s); af280123-6372-4d1f-a5d4-c36229a73203@group-75C85B6D1182:t139, leader=null, voted=af280123-6372-4d1f-a5d4-c36229a73203, raftlog=af280123-6372-4d1f-a5d4-c36229a73203@group-75C85B6D1182-SegmentedRaftLog:OPENED:c-1,f-1,i0, conf=-1: [9092f221-0e0d-4970-bb84-cacd95020f21:192.168.164.213:41903, af280123-6372-4d1f-a5d4-c36229a73203:192.168.164.213:35334, b4ae536c-ed18-4717-a75c-ca4b5d6c4001:192.168.164.213:41180], old=null
2019-10-24 15:44:06,791 [af280123-6372-4d1f-a5d4-c36229a73203@group-75C85B6D1182-LeaderElection145] INFO  impl.RaftServerImpl (RaftServerImpl.java:setRole(184)) - af280123-6372-4d1f-a5d4-c36229a73203@group-75C85B6D1182: changes role from CANDIDATE to FOLLOWER at term 139 for DISCOVERED_A_NEW_TERM
2019-10-24 15:44:06,791 [af280123-6372-4d1f-a5d4-c36229a73203@group-75C85B6D1182-LeaderElection145] INFO  impl.RoleInfo (RoleInfo.java:shutdownLeaderElection(134)) - af280123-6372-4d1f-a5d4-c36229a73203: shutdown LeaderElection
2019-10-24 15:44:06,791 [af280123-6372-4d1f-a5d4-c36229a73203@group-75C85B6D1182-LeaderElection145] INFO  impl.RoleInfo (RoleInfo.java:updateAndGet(143)) - af280123-6372-4d1f-a5d4-c36229a73203: start FollowerState
2019-10-24 15:44:06,849 [Thread-1506] INFO  impl.FollowerState (FollowerState.java:run(108)) - af280123-6372-4d1f-a5d4-c36229a73203@group-75C85B6D1182-FollowerState: change to CANDIDATE, lastRpcTime:58ms, electionTimeout:58ms
2019-10-24 15:44:06,850 [Thread-1506] INFO  impl.RoleInfo (RoleInfo.java:shutdownFollowerState(121)) - af280123-6372-4d1f-a5d4-c36229a73203: shutdown FollowerState
2019-10-24 15:44:06,850 [Thread-1506] INFO  impl.RaftServerImpl (RaftServerImpl.java:setRole(184)) - af280123-6372-4d1f-a5d4-c36229a73203@group-75C85B6D1182: changes role from  FOLLOWER to CANDIDATE at term 139 for changeToCandidate
2019-10-24 15:44:06,850 [Thread-1506] INFO  impl.RoleInfo (RoleInfo.java:updateAndGet(143)) - af280123-6372-4d1f-a5d4-c36229a73203: start LeaderElection
2019-10-24 15:44:06,864 [af280123-6372-4d1f-a5d4-c36229a73203@group-75C85B6D1182-LeaderElection146] INFO  impl.LeaderElection (LeaderElection.java:askForVotes(178)) - af280123-6372-4d1f-a5d4-c36229a73203@group-75C85B6D1182-LeaderElection146: begin an election at term 140 for -1: [9092f221-0e0d-4970-bb84-cacd95020f21:192.168.164.213:41903, af280123-6372-4d1f-a5d4-c36229a73203:192.168.164.213:35334, b4ae536c-ed18-4717-a75c-ca4b5d6c4001:192.168.164.213:41180], old=null
2019-10-24 15:44:06,866 [grpc-default-executor-4] INFO  impl.RaftServerImpl (RaftServerImpl.java:setRole(184)) - 9092f221-0e0d-4970-bb84-cacd95020f21@group-75C85B6D1182: changes role from  FOLLOWER to FOLLOWER at term 140 for recognizeCandidate:af280123-6372-4d1f-a5d4-c36229a73203
2019-10-24 15:44:06,866 [grpc-default-executor-5] INFO  impl.RaftServerImpl (RaftServerImpl.java:setRole(184)) - b4ae536c-ed18-4717-a75c-ca4b5d6c4001@group-75C85B6D1182: changes role from  FOLLOWER to FOLLOWER at term 140 for recognizeCandidate:af280123-6372-4d1f-a5d4-c36229a73203
2019-10-24 15:44:06,866 [grpc-default-executor-4] INFO  impl.RoleInfo (RoleInfo.java:shutdownFollowerState(121)) - 9092f221-0e0d-4970-bb84-cacd95020f21: shutdown FollowerState
2019-10-24 15:44:06,866 [grpc-default-executor-5] INFO  impl.RoleInfo (RoleInfo.java:shutdownFollowerState(121)) - b4ae536c-ed18-4717-a75c-ca4b5d6c4001: shutdown FollowerState
2019-10-24 15:44:06,866 [grpc-default-executor-4] INFO  impl.RoleInfo (RoleInfo.java:updateAndGet(143)) - 9092f221-0e0d-4970-bb84-cacd95020f21: start FollowerState
2019-10-24 15:44:06,867 [Thread-1504] INFO  impl.FollowerState (FollowerState.java:run(117)) - b4ae536c-ed18-4717-a75c-ca4b5d6c4001@group-75C85B6D1182-FollowerState was interrupted: java.lang.InterruptedException: sleep interrupted
2019-10-24 15:44:06,867 [Thread-1505] INFO  impl.FollowerState (FollowerState.java:run(117)) - 9092f221-0e0d-4970-bb84-cacd95020f21@group-75C85B6D1182-FollowerState was interrupted: java.lang.InterruptedException: sleep interrupted
2019-10-24 15:44:06,867 [grpc-default-executor-5] INFO  impl.RoleInfo (RoleInfo.java:updateAndGet(143)) - b4ae536c-ed18-4717-a75c-ca4b5d6c4001: start FollowerState
2019-10-24 15:44:06,881 [af280123-6372-4d1f-a5d4-c36229a73203@group-75C85B6D1182-LeaderElection146] INFO  impl.LeaderElection (LeaderElection.java:logAndReturn(56)) - af280123-6372-4d1f-a5d4-c36229a73203@group-75C85B6D1182-LeaderElection146: Election REJECTED; received 2 response(s) [af280123-6372-4d1f-a5d4-c36229a73203<-9092f221-0e0d-4970-bb84-cacd95020f21#0:FAIL-t140, af280123-6372-4d1f-a5d4-c36229a73203<-b4ae536c-ed18-4717-a75c-ca4b5d6c4001#0:FAIL-t140] and 0 exception(s); af280123-6372-4d1f-a5d4-c36229a73203@group-75C85B6D1182:t140, leader=null, voted=af280123-6372-4d1f-a5d4-c36229a73203, raftlog=af280123-6372-4d1f-a5d4-c36229a73203@group-75C85B6D1182-SegmentedRaftLog:OPENED:c-1,f-1,i0, conf=-1: [9092f221-0e0d-4970-bb84-cacd95020f21:192.168.164.213:41903, af280123-6372-4d1f-a5d4-c36229a73203:192.168.164.213:35334, b4ae536c-ed18-4717-a75c-ca4b5d6c4001:192.168.164.213:41180], old=null
2019-10-24 15:44:06,881 [af280123-6372-4d1f-a5d4-c36229a73203@group-75C85B6D1182-LeaderElection146] INFO  impl.RaftServerImpl (RaftServerImpl.java:setRole(184)) - af280123-6372-4d1f-a5d4-c36229a73203@group-75C85B6D1182: changes role from CANDIDATE to FOLLOWER at term 140 for DISCOVERED_A_NEW_TERM
2019-10-24 15:44:06,881 [af280123-6372-4d1f-a5d4-c36229a73203@group-75C85B6D1182-LeaderElection146] INFO  impl.RoleInfo (RoleInfo.java:shutdownLeaderElection(134)) - af280123-6372-4d1f-a5d4-c36229a73203: shutdown LeaderElection
2019-10-24 15:44:06,881 [af280123-6372-4d1f-a5d4-c36229a73203@group-75C85B6D1182-LeaderElection146] INFO  impl.RoleInfo (RoleInfo.java:updateAndGet(143)) - af280123-6372-4d1f-a5d4-c36229a73203: start FollowerState
2019-10-24 15:44:06,890 [Thread-1514] INFO  impl.FollowerState (FollowerState.java:run(108)) - af280123-6372-4d1f-a5d4-c36229a73203@group-75C85B6D1182-FollowerState: change to CANDIDATE, lastRpcTime:9ms, electionTimeout:9ms
2019-10-24 15:44:06,891 [Thread-1514] INFO  impl.RoleInfo (RoleInfo.java:shutdownFollowerState(121)) - af280123-6372-4d1f-a5d4-c36229a73203: shutdown FollowerState
2019-10-24 15:44:06,891 [Thread-1514] INFO  impl.RaftServerImpl (RaftServerImpl.java:setRole(184)) - af280123-6372-4d1f-a5d4-c36229a73203@group-75C85B6D1182: changes role from  FOLLOWER to CANDIDATE at term 140 for changeToCandidate
2019-10-24 15:44:06,891 [Thread-1514] INFO  impl.RoleInfo (RoleInfo.java:updateAndGet(143)) - af280123-6372-4d1f-a5d4-c36229a73203: start LeaderElection
2019-10-24 15:44:06,904 [af280123-6372-4d1f-a5d4-c36229a73203@group-75C85B6D1182-LeaderElection147] INFO  impl.LeaderElection (LeaderElection.java:askForVotes(178)) - af280123-6372-4d1f-a5d4-c36229a73203@group-75C85B6D1182-LeaderElection147: begin an election at term 141 for -1: [9092f221-0e0d-4970-bb84-cacd95020f21:192.168.164.213:41903, af280123-6372-4d1f-a5d4-c36229a73203:192.168.164.213:35334, b4ae536c-ed18-4717-a75c-ca4b5d6c4001:192.168.164.213:41180], old=null
2019-10-24 15:44:06,906 [grpc-default-executor-5] INFO  impl.RaftServerImpl (RaftServerImpl.java:setRole(184)) - 9092f221-0e0d-4970-bb84-cacd95020f21@group-75C85B6D1182: changes role from  FOLLOWER to FOLLOWER at term 141 for recognizeCandidate:af280123-6372-4d1f-a5d4-c36229a73203
2019-10-24 15:44:06,906 [grpc-default-executor-4] INFO  impl.RaftServerImpl (RaftServerImpl.java:setRole(184)) - b4ae536c-ed18-4717-a75c-ca4b5d6c4001@group-75C85B6D1182: changes role from  FOLLOWER to FOLLOWER at term 141 for recognizeCandidate:af280123-6372-4d1f-a5d4-c36229a73203
2019-10-24 15:44:06,906 [grpc-default-executor-5] INFO  impl.RoleInfo (RoleInfo.java:shutdownFollowerState(121)) - 9092f221-0e0d-4970-bb84-cacd95020f21: shutdown FollowerState
2019-10-24 15:44:06,906 [grpc-default-executor-4] INFO  impl.RoleInfo (RoleInfo.java:shutdownFollowerState(121)) - b4ae536c-ed18-4717-a75c-ca4b5d6c4001: shutdown FollowerState
2019-10-24 15:44:06,907 [grpc-default-executor-5] INFO  impl.RoleInfo (RoleInfo.java:updateAndGet(143)) - 9092f221-0e0d-4970-bb84-cacd95020f21: start FollowerState
2019-10-24 15:44:06,907 [grpc-default-executor-4] INFO  impl.RoleInfo (RoleInfo.java:updateAndGet(143)) - b4ae536c-ed18-4717-a75c-ca4b5d6c4001: start FollowerState
2019-10-24 15:44:06,907 [Thread-1512] INFO  impl.FollowerState (FollowerState.java:run(117)) - 9092f221-0e0d-4970-bb84-cacd95020f21@group-75C85B6D1182-FollowerState was interrupted: java.lang.InterruptedException: sleep interrupted
2019-10-24 15:44:06,907 [Thread-1513] INFO  impl.FollowerState (FollowerState.java:run(117)) - b4ae536c-ed18-4717-a75c-ca4b5d6c4001@group-75C85B6D1182-FollowerState was interrupted: java.lang.InterruptedException: sleep interrupted
2019-10-24 15:44:06,921 [af280123-6372-4d1f-a5d4-c36229a73203@group-75C85B6D1182-LeaderElection147] INFO  impl.LeaderElection (LeaderElection.java:logAndReturn(56)) - af280123-6372-4d1f-a5d4-c36229a73203@group-75C85B6D1182-LeaderElection147: Election REJECTED; received 2 response(s) [af280123-6372-4d1f-a5d4-c36229a73203<-9092f221-0e0d-4970-bb84-cacd95020f21#0:FAIL-t141, af280123-6372-4d1f-a5d4-c36229a73203<-b4ae536c-ed18-4717-a75c-ca4b5d6c4001#0:FAIL-t141] and 0 exception(s); af280123-6372-4d1f-a5d4-c36229a73203@group-75C85B6D1182:t141, leader=null, voted=af280123-6372-4d1f-a5d4-c36229a73203, raftlog=af280123-6372-4d1f-a5d4-c36229a73203@group-75C85B6D1182-SegmentedRaftLog:OPENED:c-1,f-1,i0, conf=-1: [9092f221-0e0d-4970-bb84-cacd95020f21:192.168.164.213:41903, af280123-6372-4d1f-a5d4-c36229a73203:192.168.164.213:35334, b4ae536c-ed18-4717-a75c-ca4b5d6c4001:192.168.164.213:41180], old=null
2019-10-24 15:44:06,921 [af280123-6372-4d1f-a5d4-c36229a73203@group-75C85B6D1182-LeaderElection147] INFO  impl.RaftServerImpl (RaftServerImpl.java:setRole(184)) - af280123-6372-4d1f-a5d4-c36229a73203@group-75C85B6D1182: changes role from CANDIDATE to FOLLOWER at term 141 for DISCOVERED_A_NEW_TERM
2019-10-24 15:44:06,921 [af280123-6372-4d1f-a5d4-c36229a73203@group-75C85B6D1182-LeaderElection147] INFO  impl.RoleInfo (RoleInfo.java:shutdownLeaderElection(134)) - af280123-6372-4d1f-a5d4-c36229a73203: shutdown LeaderElection
2019-10-24 15:44:06,921 [af280123-6372-4d1f-a5d4-c36229a73203@group-75C85B6D1182-LeaderElection147] INFO  impl.RoleInfo (RoleInfo.java:updateAndGet(143)) - af280123-6372-4d1f-a5d4-c36229a73203: start FollowerState
2019-10-24 15:44:06,952 [Thread-1520] INFO  impl.FollowerState (FollowerState.java:run(108)) - af280123-6372-4d1f-a5d4-c36229a73203@group-75C85B6D1182-FollowerState: change to CANDIDATE, lastRpcTime:30ms, electionTimeout:30ms
2019-10-24 15:44:06,952 [Thread-1520] INFO  impl.RoleInfo (RoleInfo.java:shutdownFollowerState(121)) - af280123-6372-4d1f-a5d4-c36229a73203: shutdown FollowerState
2019-10-24 15:44:06,952 [Thread-1520] INFO  impl.RaftServerImpl (RaftServerImpl.java:setRole(184)) - af280123-6372-4d1f-a5d4-c36229a73203@group-75C85B6D1182: changes role from  FOLLOWER to CANDIDATE at term 141 for changeToCandidate
2019-10-24 15:44:06,952 [Thread-1520] INFO  impl.RoleInfo (RoleInfo.java:updateAndGet(143)) - af280123-6372-4d1f-a5d4-c36229a73203: start LeaderElection
2019-10-24 15:44:06,965 [af280123-6372-4d1f-a5d4-c36229a73203@group-75C85B6D1182-LeaderElection148] INFO  impl.LeaderElection (LeaderElection.java:askForVotes(178)) - af280123-6372-4d1f-a5d4-c36229a73203@group-75C85B6D1182-LeaderElection148: begin an election at term 142 for -1: [9092f221-0e0d-4970-bb84-cacd95020f21:192.168.164.213:41903, af280123-6372-4d1f-a5d4-c36229a73203:192.168.164.213:35334, b4ae536c-ed18-4717-a75c-ca4b5d6c4001:192.168.164.213:41180], old=null
2019-10-24 15:44:06,967 [grpc-default-executor-5] INFO  impl.RaftServerImpl (RaftServerImpl.java:setRole(184)) - 9092f221-0e0d-4970-bb84-cacd95020f21@group-75C85B6D1182: changes role from  FOLLOWER to FOLLOWER at term 142 for recognizeCandidate:af280123-6372-4d1f-a5d4-c36229a73203
2019-10-24 15:44:06,967 [grpc-default-executor-4] INFO  impl.RaftServerImpl (RaftServerImpl.java:setRole(184)) - b4ae536c-ed18-4717-a75c-ca4b5d6c4001@group-75C85B6D1182: changes role from  FOLLOWER to FOLLOWER at term 142 for recognizeCandidate:af280123-6372-4d1f-a5d4-c36229a73203
2019-10-24 15:44:06,967 [grpc-default-executor-4] INFO  impl.RoleInfo (RoleInfo.java:shutdownFollowerState(121)) - b4ae536c-ed18-4717-a75c-ca4b5d6c4001: shutdown FollowerState
2019-10-24 15:44:06,967 [grpc-default-executor-5] INFO  impl.RoleInfo (RoleInfo.java:shutdownFollowerState(121)) - 9092f221-0e0d-4970-bb84-cacd95020f21: shutdown FollowerState
2019-10-24 15:44:06,968 [grpc-default-executor-4] INFO  impl.RoleInfo (RoleInfo.java:updateAndGet(143)) - b4ae536c-ed18-4717-a75c-ca4b5d6c4001: start FollowerState
2019-10-24 15:44:06,968 [Thread-1519] INFO  impl.FollowerState (FollowerState.java:run(117)) - b4ae536c-ed18-4717-a75c-ca4b5d6c4001@group-75C85B6D1182-FollowerState was interrupted: java.lang.InterruptedException: sleep interrupted
2019-10-24 15:44:06,968 [grpc-default-executor-5] INFO  impl.RoleInfo (RoleInfo.java:updateAndGet(143)) - 9092f221-0e0d-4970-bb84-cacd95020f21: start FollowerState
2019-10-24 15:44:06,968 [Thread-1518] INFO  impl.FollowerState (FollowerState.java:run(117)) - 9092f221-0e0d-4970-bb84-cacd95020f21@group-75C85B6D1182-FollowerState was interrupted: java.lang.InterruptedException: sleep interrupted
2019-10-24 15:44:06,985 [af280123-6372-4d1f-a5d4-c36229a73203@group-75C85B6D1182-LeaderElection148] INFO  impl.LeaderElection (LeaderElection.java:logAndReturn(56)) - af280123-6372-4d1f-a5d4-c36229a73203@group-75C85B6D1182-LeaderElection148: Election REJECTED; received 2 response(s) [af280123-6372-4d1f-a5d4-c36229a73203<-9092f221-0e0d-4970-bb84-cacd95020f21#0:FAIL-t142, af280123-6372-4d1f-a5d4-c36229a73203<-b4ae536c-ed18-4717-a75c-ca4b5d6c4001#0:FAIL-t142] and 0 exception(s); af280123-6372-4d1f-a5d4-c36229a73203@group-75C85B6D1182:t142, leader=null, voted=af280123-6372-4d1f-a5d4-c36229a73203, raftlog=af280123-6372-4d1f-a5d4-c36229a73203@group-75C85B6D1182-SegmentedRaftLog:OPENED:c-1,f-1,i0, conf=-1: [9092f221-0e0d-4970-bb84-cacd95020f21:192.168.164.213:41903, af280123-6372-4d1f-a5d4-c36229a73203:192.168.164.213:35334, b4ae536c-ed18-4717-a75c-ca4b5d6c4001:192.168.164.213:41180], old=null
2019-10-24 15:44:06,985 [af280123-6372-4d1f-a5d4-c36229a73203@group-75C85B6D1182-LeaderElection148] INFO  impl.RaftServerImpl (RaftServerImpl.java:setRole(184)) - af280123-6372-4d1f-a5d4-c36229a73203@group-75C85B6D1182: changes role from CANDIDATE to FOLLOWER at term 142 for DISCOVERED_A_NEW_TERM
2019-10-24 15:44:06,985 [af280123-6372-4d1f-a5d4-c36229a73203@group-75C85B6D1182-LeaderElection148] INFO  impl.RoleInfo (RoleInfo.java:shutdownLeaderElection(134)) - af280123-6372-4d1f-a5d4-c36229a73203: shutdown LeaderElection
2019-10-24 15:44:06,985 [af280123-6372-4d1f-a5d4-c36229a73203@group-75C85B6D1182-LeaderElection148] INFO  impl.RoleInfo (RoleInfo.java:updateAndGet(143)) - af280123-6372-4d1f-a5d4-c36229a73203: start FollowerState
2019-10-24 15:44:07,132 [Thread-1526] INFO  impl.FollowerState (FollowerState.java:run(108)) - af280123-6372-4d1f-a5d4-c36229a73203@group-75C85B6D1182-FollowerState: change to CANDIDATE, lastRpcTime:146ms, electionTimeout:146ms
2019-10-24 15:44:07,132 [Thread-1526] INFO  impl.RoleInfo (RoleInfo.java:shutdownFollowerState(121)) - af280123-6372-4d1f-a5d4-c36229a73203: shutdown FollowerState
2019-10-24 15:44:07,132 [Thread-1526] INFO  impl.RaftServerImpl (RaftServerImpl.java:setRole(184)) - af280123-6372-4d1f-a5d4-c36229a73203@group-75C85B6D1182: changes role from  FOLLOWER to CANDIDATE at term 142 for changeToCandidate
2019-10-24 15:44:07,132 [Thread-1526] INFO  impl.RoleInfo (RoleInfo.java:updateAndGet(143)) - af280123-6372-4d1f-a5d4-c36229a73203: start LeaderElection
2019-10-24 15:44:07,145 [af280123-6372-4d1f-a5d4-c36229a73203@group-75C85B6D1182-LeaderElection149] INFO  impl.LeaderElection (LeaderElection.java:askForVotes(178)) - af280123-6372-4d1f-a5d4-c36229a73203@group-75C85B6D1182-LeaderElection149: begin an election at term 143 for -1: [9092f221-0e0d-4970-bb84-cacd95020f21:192.168.164.213:41903, af280123-6372-4d1f-a5d4-c36229a73203:192.168.164.213:35334, b4ae536c-ed18-4717-a75c-ca4b5d6c4001:192.168.164.213:41180], old=null
2019-10-24 15:44:07,148 [grpc-default-executor-5] INFO  impl.RaftServerImpl (RaftServerImpl.java:setRole(184)) - 9092f221-0e0d-4970-bb84-cacd95020f21@group-75C85B6D1182: changes role from  FOLLOWER to FOLLOWER at term 143 for recognizeCandidate:af280123-6372-4d1f-a5d4-c36229a73203
2019-10-24 15:44:07,148 [grpc-default-executor-4] INFO  impl.RaftServerImpl (RaftServerImpl.java:setRole(184)) - b4ae536c-ed18-4717-a75c-ca4b5d6c4001@group-75C85B6D1182: changes role from  FOLLOWER to FOLLOWER at term 143 for recognizeCandidate:af280123-6372-4d1f-a5d4-c36229a73203
2019-10-24 15:44:07,148 [grpc-default-executor-5] INFO  impl.RoleInfo (RoleInfo.java:shutdownFollowerState(121)) - 9092f221-0e0d-4970-bb84-cacd95020f21: shutdown FollowerState
2019-10-24 15:44:07,148 [grpc-default-executor-4] INFO  impl.RoleInfo (RoleInfo.java:shutdownFollowerState(121)) - b4ae536c-ed18-4717-a75c-ca4b5d6c4001: shutdown FollowerState
2019-10-24 15:44:07,148 [grpc-default-executor-5] INFO  impl.RoleInfo (RoleInfo.java:updateAndGet(143)) - 9092f221-0e0d-4970-bb84-cacd95020f21: start FollowerState
2019-10-24 15:44:07,148 [grpc-default-executor-4] INFO  impl.RoleInfo (RoleInfo.java:updateAndGet(143)) - b4ae536c-ed18-4717-a75c-ca4b5d6c4001: start FollowerState
2019-10-24 15:44:07,149 [Thread-1524] INFO  impl.FollowerState (FollowerState.java:run(117)) - b4ae536c-ed18-4717-a75c-ca4b5d6c4001@group-75C85B6D1182-FollowerState was interrupted: java.lang.InterruptedException: sleep interrupted
2019-10-24 15:44:07,148 [Thread-1525] INFO  impl.FollowerState (FollowerState.java:run(117)) - 9092f221-0e0d-4970-bb84-cacd95020f21@group-75C85B6D1182-FollowerState was interrupted: java.lang.InterruptedException: sleep interrupted
2019-10-24 15:44:07,162 [af280123-6372-4d1f-a5d4-c36229a73203@group-75C85B6D1182-LeaderElection149] INFO  impl.LeaderElection (LeaderElection.java:logAndReturn(56)) - af280123-6372-4d1f-a5d4-c36229a73203@group-75C85B6D1182-LeaderElection149: Election REJECTED; received 2 response(s) [af280123-6372-4d1f-a5d4-c36229a73203<-9092f221-0e0d-4970-bb84-cacd95020f21#0:FAIL-t143, af280123-6372-4d1f-a5d4-c36229a73203<-b4ae536c-ed18-4717-a75c-ca4b5d6c4001#0:FAIL-t143] and 0 exception(s); af280123-6372-4d1f-a5d4-c36229a73203@group-75C85B6D1182:t143, leader=null, voted=af280123-6372-4d1f-a5d4-c36229a73203, raftlog=af280123-6372-4d1f-a5d4-c36229a73203@group-75C85B6D1182-SegmentedRaftLog:OPENED:c-1,f-1,i0, conf=-1: [9092f221-0e0d-4970-bb84-cacd95020f21:192.168.164.213:41903, af280123-6372-4d1f-a5d4-c36229a73203:192.168.164.213:35334, b4ae536c-ed18-4717-a75c-ca4b5d6c4001:192.168.164.213:41180], old=null
2019-10-24 15:44:07,162 [af280123-6372-4d1f-a5d4-c36229a73203@group-75C85B6D1182-LeaderElection149] INFO  impl.RaftServerImpl (RaftServerImpl.java:setRole(184)) - af280123-6372-4d1f-a5d4-c36229a73203@group-75C85B6D1182: changes role from CANDIDATE to FOLLOWER at term 143 for DISCOVERED_A_NEW_TERM
2019-10-24 15:44:07,163 [af280123-6372-4d1f-a5d4-c36229a73203@group-75C85B6D1182-LeaderElection149] INFO  impl.RoleInfo (RoleInfo.java:shutdownLeaderElection(134)) - af280123-6372-4d1f-a5d4-c36229a73203: shutdown LeaderElection
2019-10-24 15:44:07,163 [af280123-6372-4d1f-a5d4-c36229a73203@group-75C85B6D1182-LeaderElection149] INFO  impl.RoleInfo (RoleInfo.java:updateAndGet(143)) - af280123-6372-4d1f-a5d4-c36229a73203: start FollowerState
2019-10-24 15:44:07,178 [Thread-1532] INFO  impl.FollowerState (FollowerState.java:run(108)) - af280123-6372-4d1f-a5d4-c36229a73203@group-75C85B6D1182-FollowerState: change to CANDIDATE, lastRpcTime:15ms, electionTimeout:15ms
2019-10-24 15:44:07,178 [Thread-1532] INFO  impl.RoleInfo (RoleInfo.java:shutdownFollowerState(121)) - af280123-6372-4d1f-a5d4-c36229a73203: shutdown FollowerState
2019-10-24 15:44:07,178 [Thread-1532] INFO  impl.RaftServerImpl (RaftServerImpl.java:setRole(184)) - af280123-6372-4d1f-a5d4-c36229a73203@group-75C85B6D1182: changes role from  FOLLOWER to CANDIDATE at term 143 for changeToCandidate
2019-10-24 15:44:07,179 [Thread-1532] INFO  impl.RoleInfo (RoleInfo.java:updateAndGet(143)) - af280123-6372-4d1f-a5d4-c36229a73203: start LeaderElection
2019-10-24 15:44:07,191 [af280123-6372-4d1f-a5d4-c36229a73203@group-75C85B6D1182-LeaderElection150] INFO  impl.LeaderElection (LeaderElection.java:askForVotes(178)) - af280123-6372-4d1f-a5d4-c36229a73203@group-75C85B6D1182-LeaderElection150: begin an election at term 144 for -1: [9092f221-0e0d-4970-bb84-cacd95020f21:192.168.164.213:41903, af280123-6372-4d1f-a5d4-c36229a73203:192.168.164.213:35334, b4ae536c-ed18-4717-a75c-ca4b5d6c4001:192.168.164.213:41180], old=null
2019-10-24 15:44:07,194 [grpc-default-executor-4] INFO  impl.RaftServerImpl (RaftServerImpl.java:setRole(184)) - b4ae536c-ed18-4717-a75c-ca4b5d6c4001@group-75C85B6D1182: changes role from  FOLLOWER to FOLLOWER at term 144 for recognizeCandidate:af280123-6372-4d1f-a5d4-c36229a73203
2019-10-24 15:44:07,194 [grpc-default-executor-5] INFO  impl.RaftServerImpl (RaftServerImpl.java:setRole(184)) - 9092f221-0e0d-4970-bb84-cacd95020f21@group-75C85B6D1182: changes role from  FOLLOWER to FOLLOWER at term 144 for recognizeCandidate:af280123-6372-4d1f-a5d4-c36229a73203
2019-10-24 15:44:07,194 [grpc-default-executor-4] INFO  impl.RoleInfo (RoleInfo.java:shutdownFollowerState(121)) - b4ae536c-ed18-4717-a75c-ca4b5d6c4001: shutdown FollowerState
2019-10-24 15:44:07,194 [grpc-default-executor-5] INFO  impl.RoleInfo (RoleInfo.java:shutdownFollowerState(121)) - 9092f221-0e0d-4970-bb84-cacd95020f21: shutdown FollowerState
2019-10-24 15:44:07,195 [Thread-1531] INFO  impl.FollowerState (FollowerState.java:run(117)) - b4ae536c-ed18-4717-a75c-ca4b5d6c4001@group-75C85B6D1182-FollowerState was interrupted: java.lang.InterruptedException: sleep interrupted
2019-10-24 15:44:07,195 [Thread-1530] INFO  impl.FollowerState (FollowerState.java:run(117)) - 9092f221-0e0d-4970-bb84-cacd95020f21@group-75C85B6D1182-FollowerState was interrupted: java.lang.InterruptedException: sleep interrupted
2019-10-24 15:44:07,195 [grpc-default-executor-4] INFO  impl.RoleInfo (RoleInfo.java:updateAndGet(143)) - b4ae536c-ed18-4717-a75c-ca4b5d6c4001: start FollowerState
2019-10-24 15:44:07,195 [grpc-default-executor-5] INFO  impl.RoleInfo (RoleInfo.java:updateAndGet(143)) - 9092f221-0e0d-4970-bb84-cacd95020f21: start FollowerState
2019-10-24 15:44:07,210 [af280123-6372-4d1f-a5d4-c36229a73203@group-75C85B6D1182-LeaderElection150] INFO  impl.LeaderElection (LeaderElection.java:logAndReturn(56)) - af280123-6372-4d1f-a5d4-c36229a73203@group-75C85B6D1182-LeaderElection150: Election REJECTED; received 2 response(s) [af280123-6372-4d1f-a5d4-c36229a73203<-9092f221-0e0d-4970-bb84-cacd95020f21#0:FAIL-t144, af280123-6372-4d1f-a5d4-c36229a73203<-b4ae536c-ed18-4717-a75c-ca4b5d6c4001#0:FAIL-t144] and 0 exception(s); af280123-6372-4d1f-a5d4-c36229a73203@group-75C85B6D1182:t144, leader=null, voted=af280123-6372-4d1f-a5d4-c36229a73203, raftlog=af280123-6372-4d1f-a5d4-c36229a73203@group-75C85B6D1182-SegmentedRaftLog:OPENED:c-1,f-1,i0, conf=-1: [9092f221-0e0d-4970-bb84-cacd95020f21:192.168.164.213:41903, af280123-6372-4d1f-a5d4-c36229a73203:192.168.164.213:35334, b4ae536c-ed18-4717-a75c-ca4b5d6c4001:192.168.164.213:41180], old=null
2019-10-24 15:44:07,210 [af280123-6372-4d1f-a5d4-c36229a73203@group-75C85B6D1182-LeaderElection150] INFO  impl.RaftServerImpl (RaftServerImpl.java:setRole(184)) - af280123-6372-4d1f-a5d4-c36229a73203@group-75C85B6D1182: changes role from CANDIDATE to FOLLOWER at term 144 for DISCOVERED_A_NEW_TERM
2019-10-24 15:44:07,210 [af280123-6372-4d1f-a5d4-c36229a73203@group-75C85B6D1182-LeaderElection150] INFO  impl.RoleInfo (RoleInfo.java:shutdownLeaderElection(134)) - af280123-6372-4d1f-a5d4-c36229a73203: shutdown LeaderElection
2019-10-24 15:44:07,210 [af280123-6372-4d1f-a5d4-c36229a73203@group-75C85B6D1182-LeaderElection150] INFO  impl.RoleInfo (RoleInfo.java:updateAndGet(143)) - af280123-6372-4d1f-a5d4-c36229a73203: start FollowerState
2019-10-24 15:44:07,317 [Thread-1538] INFO  impl.FollowerState (FollowerState.java:run(108)) - af280123-6372-4d1f-a5d4-c36229a73203@group-75C85B6D1182-FollowerState: change to CANDIDATE, lastRpcTime:106ms, electionTimeout:106ms
2019-10-24 15:44:07,317 [Thread-1538] INFO  impl.RoleInfo (RoleInfo.java:shutdownFollowerState(121)) - af280123-6372-4d1f-a5d4-c36229a73203: shutdown FollowerState
2019-10-24 15:44:07,317 [Thread-1538] INFO  impl.RaftServerImpl (RaftServerImpl.java:setRole(184)) - af280123-6372-4d1f-a5d4-c36229a73203@group-75C85B6D1182: changes role from  FOLLOWER to CANDIDATE at term 144 for changeToCandidate
2019-10-24 15:44:07,317 [Thread-1538] INFO  impl.RoleInfo (RoleInfo.java:updateAndGet(143)) - af280123-6372-4d1f-a5d4-c36229a73203: start LeaderElection
2019-10-24 15:44:07,331 [af280123-6372-4d1f-a5d4-c36229a73203@group-75C85B6D1182-LeaderElection151] INFO  impl.LeaderElection (LeaderElection.java:askForVotes(178)) - af280123-6372-4d1f-a5d4-c36229a73203@group-75C85B6D1182-LeaderElection151: begin an election at term 145 for -1: [9092f221-0e0d-4970-bb84-cacd95020f21:192.168.164.213:41903, af280123-6372-4d1f-a5d4-c36229a73203:192.168.164.213:35334, b4ae536c-ed18-4717-a75c-ca4b5d6c4001:192.168.164.213:41180], old=null
2019-10-24 15:44:07,333 [grpc-default-executor-4] INFO  impl.RaftServerImpl (RaftServerImpl.java:setRole(184)) - 9092f221-0e0d-4970-bb84-cacd95020f21@group-75C85B6D1182: changes role from  FOLLOWER to FOLLOWER at term 145 for recognizeCandidate:af280123-6372-4d1f-a5d4-c36229a73203
2019-10-24 15:44:07,334 [grpc-default-executor-5] INFO  impl.RaftServerImpl (RaftServerImpl.java:setRole(184)) - b4ae536c-ed18-4717-a75c-ca4b5d6c4001@group-75C85B6D1182: changes role from  FOLLOWER to FOLLOWER at term 145 for recognizeCandidate:af280123-6372-4d1f-a5d4-c36229a73203
2019-10-24 15:44:07,334 [grpc-default-executor-4] INFO  impl.RoleInfo (RoleInfo.java:shutdownFollowerState(121)) - 9092f221-0e0d-4970-bb84-cacd95020f21: shutdown FollowerState
2019-10-24 15:44:07,334 [grpc-default-executor-5] INFO  impl.RoleInfo (RoleInfo.java:shutdownFollowerState(121)) - b4ae536c-ed18-4717-a75c-ca4b5d6c4001: shutdown FollowerState
2019-10-24 15:44:07,334 [Thread-1537] INFO  impl.FollowerState (FollowerState.java:run(117)) - 9092f221-0e0d-4970-bb84-cacd95020f21@group-75C85B6D1182-FollowerState was interrupted: java.lang.InterruptedException: sleep interrupted
2019-10-24 15:44:07,334 [grpc-default-executor-4] INFO  impl.RoleInfo (RoleInfo.java:updateAndGet(143)) - 9092f221-0e0d-4970-bb84-cacd95020f21: start FollowerState
2019-10-24 15:44:07,334 [grpc-default-executor-5] INFO  impl.RoleInfo (RoleInfo.java:updateAndGet(143)) - b4ae536c-ed18-4717-a75c-ca4b5d6c4001: start FollowerState
2019-10-24 15:44:07,334 [Thread-1536] INFO  impl.FollowerState (FollowerState.java:run(117)) - b4ae536c-ed18-4717-a75c-ca4b5d6c4001@group-75C85B6D1182-FollowerState was interrupted: java.lang.InterruptedException: sleep interrupted
2019-10-24 15:44:07,348 [af280123-6372-4d1f-a5d4-c36229a73203@group-75C85B6D1182-LeaderElection151] INFO  impl.LeaderElection (LeaderElection.java:logAndReturn(56)) - af280123-6372-4d1f-a5d4-c36229a73203@group-75C85B6D1182-LeaderElection151: Election REJECTED; received 2 response(s) [af280123-6372-4d1f-a5d4-c36229a73203<-9092f221-0e0d-4970-bb84-cacd95020f21#0:FAIL-t145, af280123-6372-4d1f-a5d4-c36229a73203<-b4ae536c-ed18-4717-a75c-ca4b5d6c4001#0:FAIL-t145] and 0 exception(s); af280123-6372-4d1f-a5d4-c36229a73203@group-75C85B6D1182:t145, leader=null, voted=af280123-6372-4d1f-a5d4-c36229a73203, raftlog=af280123-6372-4d1f-a5d4-c36229a73203@group-75C85B6D1182-SegmentedRaftLog:OPENED:c-1,f-1,i0, conf=-1: [9092f221-0e0d-4970-bb84-cacd95020f21:192.168.164.213:41903, af280123-6372-4d1f-a5d4-c36229a73203:192.168.164.213:35334, b4ae536c-ed18-4717-a75c-ca4b5d6c4001:192.168.164.213:41180], old=null
2019-10-24 15:44:07,348 [af280123-6372-4d1f-a5d4-c36229a73203@group-75C85B6D1182-LeaderElection151] INFO  impl.RaftServerImpl (RaftServerImpl.java:setRole(184)) - af280123-6372-4d1f-a5d4-c36229a73203@group-75C85B6D1182: changes role from CANDIDATE to FOLLOWER at term 145 for DISCOVERED_A_NEW_TERM
2019-10-24 15:44:07,348 [af280123-6372-4d1f-a5d4-c36229a73203@group-75C85B6D1182-LeaderElection151] INFO  impl.RoleInfo (RoleInfo.java:shutdownLeaderElection(134)) - af280123-6372-4d1f-a5d4-c36229a73203: shutdown LeaderElection
2019-10-24 15:44:07,349 [af280123-6372-4d1f-a5d4-c36229a73203@group-75C85B6D1182-LeaderElection151] INFO  impl.RoleInfo (RoleInfo.java:updateAndGet(143)) - af280123-6372-4d1f-a5d4-c36229a73203: start FollowerState
2019-10-24 15:44:07,427 [Thread-1546] INFO  impl.FollowerState (FollowerState.java:run(108)) - af280123-6372-4d1f-a5d4-c36229a73203@group-75C85B6D1182-FollowerState: change to CANDIDATE, lastRpcTime:78ms, electionTimeout:78ms
2019-10-24 15:44:07,427 [Thread-1546] INFO  impl.RoleInfo (RoleInfo.java:shutdownFollowerState(121)) - af280123-6372-4d1f-a5d4-c36229a73203: shutdown FollowerState
2019-10-24 15:44:07,427 [Thread-1546] INFO  impl.RaftServerImpl (RaftServerImpl.java:setRole(184)) - af280123-6372-4d1f-a5d4-c36229a73203@group-75C85B6D1182: changes role from  FOLLOWER to CANDIDATE at term 145 for changeToCandidate
2019-10-24 15:44:07,427 [Thread-1546] INFO  impl.RoleInfo (RoleInfo.java:updateAndGet(143)) - af280123-6372-4d1f-a5d4-c36229a73203: start LeaderElection
2019-10-24 15:44:07,441 [af280123-6372-4d1f-a5d4-c36229a73203@group-75C85B6D1182-LeaderElection152] INFO  impl.LeaderElection (LeaderElection.java:askForVotes(178)) - af280123-6372-4d1f-a5d4-c36229a73203@group-75C85B6D1182-LeaderElection152: begin an election at term 146 for -1: [9092f221-0e0d-4970-bb84-cacd95020f21:192.168.164.213:41903, af280123-6372-4d1f-a5d4-c36229a73203:192.168.164.213:35334, b4ae536c-ed18-4717-a75c-ca4b5d6c4001:192.168.164.213:41180], old=null
2019-10-24 15:44:07,443 [grpc-default-executor-5] INFO  impl.RaftServerImpl (RaftServerImpl.java:setRole(184)) - b4ae536c-ed18-4717-a75c-ca4b5d6c4001@group-75C85B6D1182: changes role from  FOLLOWER to FOLLOWER at term 146 for recognizeCandidate:af280123-6372-4d1f-a5d4-c36229a73203
2019-10-24 15:44:07,443 [grpc-default-executor-4] INFO  impl.RaftServerImpl (RaftServerImpl.java:setRole(184)) - 9092f221-0e0d-4970-bb84-cacd95020f21@group-75C85B6D1182: changes role from  FOLLOWER to FOLLOWER at term 146 for recognizeCandidate:af280123-6372-4d1f-a5d4-c36229a73203
2019-10-24 15:44:07,444 [grpc-default-executor-5] INFO  impl.RoleInfo (RoleInfo.java:shutdownFollowerState(121)) - b4ae536c-ed18-4717-a75c-ca4b5d6c4001: shutdown FollowerState
2019-10-24 15:44:07,444 [grpc-default-executor-4] INFO  impl.RoleInfo (RoleInfo.java:shutdownFollowerState(121)) - 9092f221-0e0d-4970-bb84-cacd95020f21: shutdown FollowerState
2019-10-24 15:44:07,444 [grpc-default-executor-5] INFO  impl.RoleInfo (RoleInfo.java:updateAndGet(143)) - b4ae536c-ed18-4717-a75c-ca4b5d6c4001: start FollowerState
2019-10-24 15:44:07,444 [Thread-1544] INFO  impl.FollowerState (FollowerState.java:run(117)) - 9092f221-0e0d-4970-bb84-cacd95020f21@group-75C85B6D1182-FollowerState was interrupted: java.lang.InterruptedException: sleep interrupted
2019-10-24 15:44:07,444 [grpc-default-executor-4] INFO  impl.RoleInfo (RoleInfo.java:updateAndGet(143)) - 9092f221-0e0d-4970-bb84-cacd95020f21: start FollowerState
2019-10-24 15:44:07,444 [Thread-1545] INFO  impl.FollowerState (FollowerState.java:run(117)) - b4ae536c-ed18-4717-a75c-ca4b5d6c4001@group-75C85B6D1182-FollowerState was interrupted: java.lang.InterruptedException: sleep interrupted
2019-10-24 15:44:07,459 [af280123-6372-4d1f-a5d4-c36229a73203@group-75C85B6D1182-LeaderElection152] INFO  impl.LeaderElection (LeaderElection.java:logAndReturn(56)) - af280123-6372-4d1f-a5d4-c36229a73203@group-75C85B6D1182-LeaderElection152: Election REJECTED; received 2 response(s) [af280123-6372-4d1f-a5d4-c36229a73203<-9092f221-0e0d-4970-bb84-cacd95020f21#0:FAIL-t146, af280123-6372-4d1f-a5d4-c36229a73203<-b4ae536c-ed18-4717-a75c-ca4b5d6c4001#0:FAIL-t146] and 0 exception(s); af280123-6372-4d1f-a5d4-c36229a73203@group-75C85B6D1182:t146, leader=null, voted=af280123-6372-4d1f-a5d4-c36229a73203, raftlog=af280123-6372-4d1f-a5d4-c36229a73203@group-75C85B6D1182-SegmentedRaftLog:OPENED:c-1,f-1,i0, conf=-1: [9092f221-0e0d-4970-bb84-cacd95020f21:192.168.164.213:41903, af280123-6372-4d1f-a5d4-c36229a73203:192.168.164.213:35334, b4ae536c-ed18-4717-a75c-ca4b5d6c4001:192.168.164.213:41180], old=null
2019-10-24 15:44:07,459 [af280123-6372-4d1f-a5d4-c36229a73203@group-75C85B6D1182-LeaderElection152] INFO  impl.RaftServerImpl (RaftServerImpl.java:setRole(184)) - af280123-6372-4d1f-a5d4-c36229a73203@group-75C85B6D1182: changes role from CANDIDATE to FOLLOWER at term 146 for DISCOVERED_A_NEW_TERM
2019-10-24 15:44:07,459 [af280123-6372-4d1f-a5d4-c36229a73203@group-75C85B6D1182-LeaderElection152] INFO  impl.RoleInfo (RoleInfo.java:shutdownLeaderElection(134)) - af280123-6372-4d1f-a5d4-c36229a73203: shutdown LeaderElection
2019-10-24 15:44:07,459 [af280123-6372-4d1f-a5d4-c36229a73203@group-75C85B6D1182-LeaderElection152] INFO  impl.RoleInfo (RoleInfo.java:updateAndGet(143)) - af280123-6372-4d1f-a5d4-c36229a73203: start FollowerState
2019-10-24 15:44:07,517 [Thread-1552] INFO  impl.FollowerState (FollowerState.java:run(108)) - af280123-6372-4d1f-a5d4-c36229a73203@group-75C85B6D1182-FollowerState: change to CANDIDATE, lastRpcTime:57ms, electionTimeout:57ms
2019-10-24 15:44:07,518 [Thread-1552] INFO  impl.RoleInfo (RoleInfo.java:shutdownFollowerState(121)) - af280123-6372-4d1f-a5d4-c36229a73203: shutdown FollowerState
2019-10-24 15:44:07,518 [Thread-1552] INFO  impl.RaftServerImpl (RaftServerImpl.java:setRole(184)) - af280123-6372-4d1f-a5d4-c36229a73203@group-75C85B6D1182: changes role from  FOLLOWER to CANDIDATE at term 146 for changeToCandidate
2019-10-24 15:44:07,519 [Thread-1552] INFO  impl.RoleInfo (RoleInfo.java:updateAndGet(143)) - af280123-6372-4d1f-a5d4-c36229a73203: start LeaderElection
2019-10-24 15:44:07,533 [af280123-6372-4d1f-a5d4-c36229a73203@group-75C85B6D1182-LeaderElection153] INFO  impl.LeaderElection (LeaderElection.java:askForVotes(178)) - af280123-6372-4d1f-a5d4-c36229a73203@group-75C85B6D1182-LeaderElection153: begin an election at term 147 for -1: [9092f221-0e0d-4970-bb84-cacd95020f21:192.168.164.213:41903, af280123-6372-4d1f-a5d4-c36229a73203:192.168.164.213:35334, b4ae536c-ed18-4717-a75c-ca4b5d6c4001:192.168.164.213:41180], old=null
2019-10-24 15:44:07,537 [af280123-6372-4d1f-a5d4-c36229a73203@group-75C85B6D1182-LeaderElection153] INFO  impl.LeaderElection (LeaderElection.java:logAndReturn(56)) - af280123-6372-4d1f-a5d4-c36229a73203@group-75C85B6D1182-LeaderElection153: Election TIMEOUT; received 0 response(s) [] and 0 exception(s); af280123-6372-4d1f-a5d4-c36229a73203@group-75C85B6D1182:t147, leader=null, voted=af280123-6372-4d1f-a5d4-c36229a73203, raftlog=af280123-6372-4d1f-a5d4-c36229a73203@group-75C85B6D1182-SegmentedRaftLog:OPENED:c-1,f-1,i0, conf=-1: [9092f221-0e0d-4970-bb84-cacd95020f21:192.168.164.213:41903, af280123-6372-4d1f-a5d4-c36229a73203:192.168.164.213:35334, b4ae536c-ed18-4717-a75c-ca4b5d6c4001:192.168.164.213:41180], old=null
2019-10-24 15:44:07,538 [grpc-default-executor-5] INFO  impl.RaftServerImpl (RaftServerImpl.java:setRole(184)) - 9092f221-0e0d-4970-bb84-cacd95020f21@group-75C85B6D1182: changes role from  FOLLOWER to FOLLOWER at term 147 for recognizeCandidate:af280123-6372-4d1f-a5d4-c36229a73203
2019-10-24 15:44:07,538 [grpc-default-executor-4] INFO  impl.RaftServerImpl (RaftServerImpl.java:setRole(184)) - b4ae536c-ed18-4717-a75c-ca4b5d6c4001@group-75C85B6D1182: changes role from  FOLLOWER to FOLLOWER at term 147 for recognizeCandidate:af280123-6372-4d1f-a5d4-c36229a73203
2019-10-24 15:44:07,538 [grpc-default-executor-5] INFO  impl.RoleInfo (RoleInfo.java:shutdownFollowerState(121)) - 9092f221-0e0d-4970-bb84-cacd95020f21: shutdown FollowerState
2019-10-24 15:44:07,539 [grpc-default-executor-4] INFO  impl.RoleInfo (RoleInfo.java:shutdownFollowerState(121)) - b4ae536c-ed18-4717-a75c-ca4b5d6c4001: shutdown FollowerState
2019-10-24 15:44:07,539 [grpc-default-executor-5] INFO  impl.RoleInfo (RoleInfo.java:updateAndGet(143)) - 9092f221-0e0d-4970-bb84-cacd95020f21: start FollowerState
2019-10-24 15:44:07,539 [grpc-default-executor-4] INFO  impl.RoleInfo (RoleInfo.java:updateAndGet(143)) - b4ae536c-ed18-4717-a75c-ca4b5d6c4001: start FollowerState
2019-10-24 15:44:07,539 [Thread-1551] INFO  impl.FollowerState (FollowerState.java:run(117)) - 9092f221-0e0d-4970-bb84-cacd95020f21@group-75C85B6D1182-FollowerState was interrupted: java.lang.InterruptedException: sleep interrupted
2019-10-24 15:44:07,539 [Thread-1550] INFO  impl.FollowerState (FollowerState.java:run(117)) - b4ae536c-ed18-4717-a75c-ca4b5d6c4001@group-75C85B6D1182-FollowerState was interrupted: java.lang.InterruptedException: sleep interrupted
2019-10-24 15:44:07,557 [Thread-1488] INFO  impl.FollowerState (FollowerState.java:run(108)) - abb8132e-b90b-4ab3-abdd-91ffef5e5962@group-D6115FD00A99-FollowerState: change to CANDIDATE, lastRpcTime:1123ms, electionTimeout:1123ms
2019-10-24 15:44:07,557 [Thread-1488] INFO  impl.RoleInfo (RoleInfo.java:shutdownFollowerState(121)) - abb8132e-b90b-4ab3-abdd-91ffef5e5962: shutdown FollowerState
2019-10-24 15:44:07,557 [Thread-1488] INFO  impl.RaftServerImpl (RaftServerImpl.java:setRole(184)) - abb8132e-b90b-4ab3-abdd-91ffef5e5962@group-D6115FD00A99: changes role from  FOLLOWER to CANDIDATE at term 11 for changeToCandidate
2019-10-24 15:44:07,557 [Thread-1488] INFO  impl.RoleInfo (RoleInfo.java:updateAndGet(143)) - abb8132e-b90b-4ab3-abdd-91ffef5e5962: start LeaderElection
2019-10-24 15:44:07,574 [af280123-6372-4d1f-a5d4-c36229a73203@group-75C85B6D1182-LeaderElection153] INFO  impl.LeaderElection (LeaderElection.java:askForVotes(178)) - af280123-6372-4d1f-a5d4-c36229a73203@group-75C85B6D1182-LeaderElection153: begin an election at term 148 for -1: [9092f221-0e0d-4970-bb84-cacd95020f21:192.168.164.213:41903, af280123-6372-4d1f-a5d4-c36229a73203:192.168.164.213:35334, b4ae536c-ed18-4717-a75c-ca4b5d6c4001:192.168.164.213:41180], old=null
2019-10-24 15:44:07,574 [abb8132e-b90b-4ab3-abdd-91ffef5e5962@group-D6115FD00A99-LeaderElection154] INFO  impl.LeaderElection (LeaderElection.java:askForVotes(178)) - abb8132e-b90b-4ab3-abdd-91ffef5e5962@group-D6115FD00A99-LeaderElection154: begin an election at term 12 for 0: [876b8685-e2e6-4b2b-9f0d-f9ddcb91e852:192.168.164.213:33356, 131ee32b-eb71-4a4b-82eb-895fd06b61f2:192.168.164.213:38159, abb8132e-b90b-4ab3-abdd-91ffef5e5962:192.168.164.213:45083], old=null
2019-10-24 15:44:07,575 [abb8132e-b90b-4ab3-abdd-91ffef5e5962@group-D6115FD00A99-LeaderElection154] INFO  impl.LeaderElection (LogUtils.java:infoOrTrace(149)) - abb8132e-b90b-4ab3-abdd-91ffef5e5962@group-D6115FD00A99-LeaderElection154 got exception when requesting votes: {}
java.util.concurrent.ExecutionException: org.apache.ratis.thirdparty.io.grpc.StatusRuntimeException: UNAVAILABLE: io exception
	at java.util.concurrent.FutureTask.report(FutureTask.java:122)
	at java.util.concurrent.FutureTask.get(FutureTask.java:192)
	at org.apache.ratis.server.impl.LeaderElection.waitForResults(LeaderElection.java:259)
	at org.apache.ratis.server.impl.LeaderElection.askForVotes(LeaderElection.java:197)
	at org.apache.ratis.server.impl.LeaderElection.run(LeaderElection.java:133)
	at java.lang.Thread.run(Thread.java:748)
Caused by: org.apache.ratis.thirdparty.io.grpc.StatusRuntimeException: UNAVAILABLE: io exception
	at org.apache.ratis.thirdparty.io.grpc.stub.ClientCalls.toStatusRuntimeException(ClientCalls.java:233)
	at org.apache.ratis.thirdparty.io.grpc.stub.ClientCalls.getUnchecked(ClientCalls.java:214)
	at org.apache.ratis.thirdparty.io.grpc.stub.ClientCalls.blockingUnaryCall(ClientCalls.java:139)
	at org.apache.ratis.proto.grpc.RaftServerProtocolServiceGrpc$RaftServerProtocolServiceBlockingStub.requestVote(RaftServerProtocolServiceGrpc.java:265)
	at org.apache.ratis.grpc.server.GrpcServerProtocolClient.requestVote(GrpcServerProtocolClient.java:99)
	at org.apache.ratis.grpc.server.GrpcService.requestVote(GrpcService.java:204)
	at org.apache.ratis.server.impl.LeaderElection.lambda$submitRequests$1(LeaderElection.java:234)
	at java.util.concurrent.FutureTask.run(FutureTask.java:266)
	at java.util.concurrent.Executors$RunnableAdapter.call(Executors.java:511)
	at java.util.concurrent.FutureTask.run(FutureTask.java:266)
	at java.util.concurrent.ThreadPoolExecutor.runWorker(ThreadPoolExecutor.java:1149)
	at java.util.concurrent.ThreadPoolExecutor$Worker.run(ThreadPoolExecutor.java:624)
	... 1 more
Caused by: org.apache.ratis.thirdparty.io.netty.channel.AbstractChannel$AnnotatedConnectException: Connection refused: /192.168.164.213:33356
	at sun.nio.ch.SocketChannelImpl.checkConnect(Native Method)
	at sun.nio.ch.SocketChannelImpl.finishConnect(SocketChannelImpl.java:717)
	at org.apache.ratis.thirdparty.io.netty.channel.socket.nio.NioSocketChannel.doFinishConnect(NioSocketChannel.java:327)
	at org.apache.ratis.thirdparty.io.netty.channel.nio.AbstractNioChannel$AbstractNioUnsafe.finishConnect(AbstractNioChannel.java:340)
	at org.apache.ratis.thirdparty.io.netty.channel.nio.NioEventLoop.processSelectedKey(NioEventLoop.java:632)
	at org.apache.ratis.thirdparty.io.netty.channel.nio.NioEventLoop.processSelectedKeysOptimized(NioEventLoop.java:579)
	at org.apache.ratis.thirdparty.io.netty.channel.nio.NioEventLoop.processSelectedKeys(NioEventLoop.java:496)
	at org.apache.ratis.thirdparty.io.netty.channel.nio.NioEventLoop.run(NioEventLoop.java:458)
	at org.apache.ratis.thirdparty.io.netty.util.concurrent.SingleThreadEventExecutor$5.run(SingleThreadEventExecutor.java:897)
	at org.apache.ratis.thirdparty.io.netty.util.concurrent.FastThreadLocalRunnable.run(FastThreadLocalRunnable.java:30)
	... 1 more
Caused by: java.net.ConnectException: Connection refused
	... 11 more
2019-10-24 15:44:07,581 [grpc-default-executor-5] INFO  impl.RaftServerImpl (RaftServerImpl.java:setRole(184)) - b4ae536c-ed18-4717-a75c-ca4b5d6c4001@group-75C85B6D1182: changes role from  FOLLOWER to FOLLOWER at term 148 for recognizeCandidate:af280123-6372-4d1f-a5d4-c36229a73203
2019-10-24 15:44:07,581 [grpc-default-executor-4] INFO  impl.RaftServerImpl (RaftServerImpl.java:setRole(184)) - 9092f221-0e0d-4970-bb84-cacd95020f21@group-75C85B6D1182: changes role from  FOLLOWER to FOLLOWER at term 148 for recognizeCandidate:af280123-6372-4d1f-a5d4-c36229a73203
2019-10-24 15:44:07,581 [grpc-default-executor-5] INFO  impl.RoleInfo (RoleInfo.java:shutdownFollowerState(121)) - b4ae536c-ed18-4717-a75c-ca4b5d6c4001: shutdown FollowerState
2019-10-24 15:44:07,581 [abb8132e-b90b-4ab3-abdd-91ffef5e5962@group-D6115FD00A99-LeaderElection154] INFO  impl.LeaderElection (LogUtils.java:infoOrTrace(149)) - abb8132e-b90b-4ab3-abdd-91ffef5e5962@group-D6115FD00A99-LeaderElection154 got exception when requesting votes: {}
java.util.concurrent.ExecutionException: org.apache.ratis.thirdparty.io.grpc.StatusRuntimeException: UNAVAILABLE: io exception
	at java.util.concurrent.FutureTask.report(FutureTask.java:122)
	at java.util.concurrent.FutureTask.get(FutureTask.java:192)
	at org.apache.ratis.server.impl.LeaderElection.waitForResults(LeaderElection.java:259)
	at org.apache.ratis.server.impl.LeaderElection.askForVotes(LeaderElection.java:197)
	at org.apache.ratis.server.impl.LeaderElection.run(LeaderElection.java:133)
	at java.lang.Thread.run(Thread.java:748)
Caused by: org.apache.ratis.thirdparty.io.grpc.StatusRuntimeException: UNAVAILABLE: io exception
	at org.apache.ratis.thirdparty.io.grpc.stub.ClientCalls.toStatusRuntimeException(ClientCalls.java:233)
	at org.apache.ratis.thirdparty.io.grpc.stub.ClientCalls.getUnchecked(ClientCalls.java:214)
	at org.apache.ratis.thirdparty.io.grpc.stub.ClientCalls.blockingUnaryCall(ClientCalls.java:139)
	at org.apache.ratis.proto.grpc.RaftServerProtocolServiceGrpc$RaftServerProtocolServiceBlockingStub.requestVote(RaftServerProtocolServiceGrpc.java:265)
	at org.apache.ratis.grpc.server.GrpcServerProtocolClient.requestVote(GrpcServerProtocolClient.java:99)
	at org.apache.ratis.grpc.server.GrpcService.requestVote(GrpcService.java:204)
	at org.apache.ratis.server.impl.LeaderElection.lambda$submitRequests$1(LeaderElection.java:234)
	at java.util.concurrent.FutureTask.run(FutureTask.java:266)
	at java.util.concurrent.Executors$RunnableAdapter.call(Executors.java:511)
	at java.util.concurrent.FutureTask.run(FutureTask.java:266)
	at java.util.concurrent.ThreadPoolExecutor.runWorker(ThreadPoolExecutor.java:1149)
	at java.util.concurrent.ThreadPoolExecutor$Worker.run(ThreadPoolExecutor.java:624)
	... 1 more
Caused by: org.apache.ratis.thirdparty.io.netty.channel.AbstractChannel$AnnotatedConnectException: Connection refused: /192.168.164.213:38159
	at sun.nio.ch.SocketChannelImpl.checkConnect(Native Method)
	at sun.nio.ch.SocketChannelImpl.finishConnect(SocketChannelImpl.java:717)
	at org.apache.ratis.thirdparty.io.netty.channel.socket.nio.NioSocketChannel.doFinishConnect(NioSocketChannel.java:327)
	at org.apache.ratis.thirdparty.io.netty.channel.nio.AbstractNioChannel$AbstractNioUnsafe.finishConnect(AbstractNioChannel.java:340)
	at org.apache.ratis.thirdparty.io.netty.channel.nio.NioEventLoop.processSelectedKey(NioEventLoop.java:632)
	at org.apache.ratis.thirdparty.io.netty.channel.nio.NioEventLoop.processSelectedKeysOptimized(NioEventLoop.java:579)
	at org.apache.ratis.thirdparty.io.netty.channel.nio.NioEventLoop.processSelectedKeys(NioEventLoop.java:496)
	at org.apache.ratis.thirdparty.io.netty.channel.nio.NioEventLoop.run(NioEventLoop.java:458)
	at org.apache.ratis.thirdparty.io.netty.util.concurrent.SingleThreadEventExecutor$5.run(SingleThreadEventExecutor.java:897)
	at org.apache.ratis.thirdparty.io.netty.util.concurrent.FastThreadLocalRunnable.run(FastThreadLocalRunnable.java:30)
	... 1 more
Caused by: java.net.ConnectException: Connection refused
	... 11 more
2019-10-24 15:44:07,583 [af280123-6372-4d1f-a5d4-c36229a73203@group-75C85B6D1182-LeaderElection153] INFO  impl.LeaderElection (LeaderElection.java:logAndReturn(56)) - af280123-6372-4d1f-a5d4-c36229a73203@group-75C85B6D1182-LeaderElection153: Election TIMEOUT; received 0 response(s) [] and 0 exception(s); af280123-6372-4d1f-a5d4-c36229a73203@group-75C85B6D1182:t148, leader=null, voted=af280123-6372-4d1f-a5d4-c36229a73203, raftlog=af280123-6372-4d1f-a5d4-c36229a73203@group-75C85B6D1182-SegmentedRaftLog:OPENED:c-1,f-1,i0, conf=-1: [9092f221-0e0d-4970-bb84-cacd95020f21:192.168.164.213:41903, af280123-6372-4d1f-a5d4-c36229a73203:192.168.164.213:35334, b4ae536c-ed18-4717-a75c-ca4b5d6c4001:192.168.164.213:41180], old=null
2019-10-24 15:44:07,582 [Thread-1557] INFO  impl.FollowerState (FollowerState.java:run(117)) - b4ae536c-ed18-4717-a75c-ca4b5d6c4001@group-75C85B6D1182-FollowerState was interrupted: java.lang.InterruptedException: sleep interrupted
2019-10-24 15:44:07,581 [grpc-default-executor-5] INFO  impl.RoleInfo (RoleInfo.java:updateAndGet(143)) - b4ae536c-ed18-4717-a75c-ca4b5d6c4001: start FollowerState
2019-10-24 15:44:07,581 [grpc-default-executor-4] INFO  impl.RoleInfo (RoleInfo.java:shutdownFollowerState(121)) - 9092f221-0e0d-4970-bb84-cacd95020f21: shutdown FollowerState
2019-10-24 15:44:07,584 [abb8132e-b90b-4ab3-abdd-91ffef5e5962@group-D6115FD00A99-LeaderElection154] INFO  impl.LeaderElection (LeaderElection.java:logAndReturn(56)) - abb8132e-b90b-4ab3-abdd-91ffef5e5962@group-D6115FD00A99-LeaderElection154: Election REJECTED; received 0 response(s) [] and 2 exception(s); abb8132e-b90b-4ab3-abdd-91ffef5e5962@group-D6115FD00A99:t12, leader=null, voted=abb8132e-b90b-4ab3-abdd-91ffef5e5962, raftlog=abb8132e-b90b-4ab3-abdd-91ffef5e5962@group-D6115FD00A99-SegmentedRaftLog:OPENED:c4,f4,i4, conf=0: [876b8685-e2e6-4b2b-9f0d-f9ddcb91e852:192.168.164.213:33356, 131ee32b-eb71-4a4b-82eb-895fd06b61f2:192.168.164.213:38159, abb8132e-b90b-4ab3-abdd-91ffef5e5962:192.168.164.213:45083], old=null
2019-10-24 15:44:07,585 [Thread-1556] INFO  impl.FollowerState (FollowerState.java:run(117)) - 9092f221-0e0d-4970-bb84-cacd95020f21@group-75C85B6D1182-FollowerState was interrupted: java.lang.InterruptedException: sleep interrupted
2019-10-24 15:44:07,585 [abb8132e-b90b-4ab3-abdd-91ffef5e5962@group-D6115FD00A99-LeaderElection154] INFO  impl.LeaderElection (LogUtils.java:infoOrTrace(149)) -   Exception 0: {}
java.util.concurrent.ExecutionException: org.apache.ratis.thirdparty.io.grpc.StatusRuntimeException: UNAVAILABLE: io exception
	at java.util.concurrent.FutureTask.report(FutureTask.java:122)
	at java.util.concurrent.FutureTask.get(FutureTask.java:192)
	at org.apache.ratis.server.impl.LeaderElection.waitForResults(LeaderElection.java:259)
	at org.apache.ratis.server.impl.LeaderElection.askForVotes(LeaderElection.java:197)
	at org.apache.ratis.server.impl.LeaderElection.run(LeaderElection.java:133)
	at java.lang.Thread.run(Thread.java:748)
Caused by: org.apache.ratis.thirdparty.io.grpc.StatusRuntimeException: UNAVAILABLE: io exception
	at org.apache.ratis.thirdparty.io.grpc.stub.ClientCalls.toStatusRuntimeException(ClientCalls.java:233)
	at org.apache.ratis.thirdparty.io.grpc.stub.ClientCalls.getUnchecked(ClientCalls.java:214)
	at org.apache.ratis.thirdparty.io.grpc.stub.ClientCalls.blockingUnaryCall(ClientCalls.java:139)
	at org.apache.ratis.proto.grpc.RaftServerProtocolServiceGrpc$RaftServerProtocolServiceBlockingStub.requestVote(RaftServerProtocolServiceGrpc.java:265)
	at org.apache.ratis.grpc.server.GrpcServerProtocolClient.requestVote(GrpcServerProtocolClient.java:99)
	at org.apache.ratis.grpc.server.GrpcService.requestVote(GrpcService.java:204)
	at org.apache.ratis.server.impl.LeaderElection.lambda$submitRequests$1(LeaderElection.java:234)
	at java.util.concurrent.FutureTask.run(FutureTask.java:266)
	at java.util.concurrent.Executors$RunnableAdapter.call(Executors.java:511)
	at java.util.concurrent.FutureTask.run(FutureTask.java:266)
	at java.util.concurrent.ThreadPoolExecutor.runWorker(ThreadPoolExecutor.java:1149)
	at java.util.concurrent.ThreadPoolExecutor$Worker.run(ThreadPoolExecutor.java:624)
	... 1 more
Caused by: org.apache.ratis.thirdparty.io.netty.channel.AbstractChannel$AnnotatedConnectException: Connection refused: /192.168.164.213:33356
	at sun.nio.ch.SocketChannelImpl.checkConnect(Native Method)
	at sun.nio.ch.SocketChannelImpl.finishConnect(SocketChannelImpl.java:717)
	at org.apache.ratis.thirdparty.io.netty.channel.socket.nio.NioSocketChannel.doFinishConnect(NioSocketChannel.java:327)
	at org.apache.ratis.thirdparty.io.netty.channel.nio.AbstractNioChannel$AbstractNioUnsafe.finishConnect(AbstractNioChannel.java:340)
	at org.apache.ratis.thirdparty.io.netty.channel.nio.NioEventLoop.processSelectedKey(NioEventLoop.java:632)
	at org.apache.ratis.thirdparty.io.netty.channel.nio.NioEventLoop.processSelectedKeysOptimized(NioEventLoop.java:579)
	at org.apache.ratis.thirdparty.io.netty.channel.nio.NioEventLoop.processSelectedKeys(NioEventLoop.java:496)
	at org.apache.ratis.thirdparty.io.netty.channel.nio.NioEventLoop.run(NioEventLoop.java:458)
	at org.apache.ratis.thirdparty.io.netty.util.concurrent.SingleThreadEventExecutor$5.run(SingleThreadEventExecutor.java:897)
	at org.apache.ratis.thirdparty.io.netty.util.concurrent.FastThreadLocalRunnable.run(FastThreadLocalRunnable.java:30)
	... 1 more
Caused by: java.net.ConnectException: Connection refused
	... 11 more
2019-10-24 15:44:07,584 [grpc-default-executor-4] INFO  impl.RoleInfo (RoleInfo.java:updateAndGet(143)) - 9092f221-0e0d-4970-bb84-cacd95020f21: start FollowerState
2019-10-24 15:44:07,585 [abb8132e-b90b-4ab3-abdd-91ffef5e5962@group-D6115FD00A99-LeaderElection154] INFO  impl.LeaderElection (LogUtils.java:infoOrTrace(149)) -   Exception 1: {}
java.util.concurrent.ExecutionException: org.apache.ratis.thirdparty.io.grpc.StatusRuntimeException: UNAVAILABLE: io exception
	at java.util.concurrent.FutureTask.report(FutureTask.java:122)
	at java.util.concurrent.FutureTask.get(FutureTask.java:192)
	at org.apache.ratis.server.impl.LeaderElection.waitForResults(LeaderElection.java:259)
	at org.apache.ratis.server.impl.LeaderElection.askForVotes(LeaderElection.java:197)
	at org.apache.ratis.server.impl.LeaderElection.run(LeaderElection.java:133)
	at java.lang.Thread.run(Thread.java:748)
Caused by: org.apache.ratis.thirdparty.io.grpc.StatusRuntimeException: UNAVAILABLE: io exception
	at org.apache.ratis.thirdparty.io.grpc.stub.ClientCalls.toStatusRuntimeException(ClientCalls.java:233)
	at org.apache.ratis.thirdparty.io.grpc.stub.ClientCalls.getUnchecked(ClientCalls.java:214)
	at org.apache.ratis.thirdparty.io.grpc.stub.ClientCalls.blockingUnaryCall(ClientCalls.java:139)
	at org.apache.ratis.proto.grpc.RaftServerProtocolServiceGrpc$RaftServerProtocolServiceBlockingStub.requestVote(RaftServerProtocolServiceGrpc.java:265)
	at org.apache.ratis.grpc.server.GrpcServerProtocolClient.requestVote(GrpcServerProtocolClient.java:99)
	at org.apache.ratis.grpc.server.GrpcService.requestVote(GrpcService.java:204)
	at org.apache.ratis.server.impl.LeaderElection.lambda$submitRequests$1(LeaderElection.java:234)
	at java.util.concurrent.FutureTask.run(FutureTask.java:266)
	at java.util.concurrent.Executors$RunnableAdapter.call(Executors.java:511)
	at java.util.concurrent.FutureTask.run(FutureTask.java:266)
	at java.util.concurrent.ThreadPoolExecutor.runWorker(ThreadPoolExecutor.java:1149)
	at java.util.concurrent.ThreadPoolExecutor$Worker.run(ThreadPoolExecutor.java:624)
	... 1 more
Caused by: org.apache.ratis.thirdparty.io.netty.channel.AbstractChannel$AnnotatedConnectException: Connection refused: /192.168.164.213:38159
	at sun.nio.ch.SocketChannelImpl.checkConnect(Native Method)
	at sun.nio.ch.SocketChannelImpl.finishConnect(SocketChannelImpl.java:717)
	at org.apache.ratis.thirdparty.io.netty.channel.socket.nio.NioSocketChannel.doFinishConnect(NioSocketChannel.java:327)
	at org.apache.ratis.thirdparty.io.netty.channel.nio.AbstractNioChannel$AbstractNioUnsafe.finishConnect(AbstractNioChannel.java:340)
	at org.apache.ratis.thirdparty.io.netty.channel.nio.NioEventLoop.processSelectedKey(NioEventLoop.java:632)
	at org.apache.ratis.thirdparty.io.netty.channel.nio.NioEventLoop.processSelectedKeysOptimized(NioEventLoop.java:579)
	at org.apache.ratis.thirdparty.io.netty.channel.nio.NioEventLoop.processSelectedKeys(NioEventLoop.java:496)
	at org.apache.ratis.thirdparty.io.netty.channel.nio.NioEventLoop.run(NioEventLoop.java:458)
	at org.apache.ratis.thirdparty.io.netty.util.concurrent.SingleThreadEventExecutor$5.run(SingleThreadEventExecutor.java:897)
	at org.apache.ratis.thirdparty.io.netty.util.concurrent.FastThreadLocalRunnable.run(FastThreadLocalRunnable.java:30)
	... 1 more
Caused by: java.net.ConnectException: Connection refused
	... 11 more
2019-10-24 15:44:07,586 [abb8132e-b90b-4ab3-abdd-91ffef5e5962@group-D6115FD00A99-LeaderElection154] INFO  impl.RaftServerImpl (RaftServerImpl.java:setRole(184)) - abb8132e-b90b-4ab3-abdd-91ffef5e5962@group-D6115FD00A99: changes role from CANDIDATE to FOLLOWER at term 12 for DISCOVERED_A_NEW_TERM
2019-10-24 15:44:07,586 [abb8132e-b90b-4ab3-abdd-91ffef5e5962@group-D6115FD00A99-LeaderElection154] INFO  impl.RoleInfo (RoleInfo.java:shutdownLeaderElection(134)) - abb8132e-b90b-4ab3-abdd-91ffef5e5962: shutdown LeaderElection
2019-10-24 15:44:07,586 [abb8132e-b90b-4ab3-abdd-91ffef5e5962@group-D6115FD00A99-LeaderElection154] INFO  impl.RoleInfo (RoleInfo.java:updateAndGet(143)) - abb8132e-b90b-4ab3-abdd-91ffef5e5962: start FollowerState
2019-10-24 15:44:07,597 [af280123-6372-4d1f-a5d4-c36229a73203@group-75C85B6D1182-LeaderElection153] INFO  impl.LeaderElection (LeaderElection.java:askForVotes(178)) - af280123-6372-4d1f-a5d4-c36229a73203@group-75C85B6D1182-LeaderElection153: begin an election at term 149 for -1: [9092f221-0e0d-4970-bb84-cacd95020f21:192.168.164.213:41903, af280123-6372-4d1f-a5d4-c36229a73203:192.168.164.213:35334, b4ae536c-ed18-4717-a75c-ca4b5d6c4001:192.168.164.213:41180], old=null
2019-10-24 15:44:07,599 [grpc-default-executor-5] INFO  impl.RaftServerImpl (RaftServerImpl.java:setRole(184)) - 9092f221-0e0d-4970-bb84-cacd95020f21@group-75C85B6D1182: changes role from  FOLLOWER to FOLLOWER at term 149 for recognizeCandidate:af280123-6372-4d1f-a5d4-c36229a73203
2019-10-24 15:44:07,599 [grpc-default-executor-5] INFO  impl.RoleInfo (RoleInfo.java:shutdownFollowerState(121)) - 9092f221-0e0d-4970-bb84-cacd95020f21: shutdown FollowerState
2019-10-24 15:44:07,599 [grpc-default-executor-4] INFO  impl.RaftServerImpl (RaftServerImpl.java:setRole(184)) - b4ae536c-ed18-4717-a75c-ca4b5d6c4001@group-75C85B6D1182: changes role from  FOLLOWER to FOLLOWER at term 149 for recognizeCandidate:af280123-6372-4d1f-a5d4-c36229a73203
2019-10-24 15:44:07,599 [Thread-1564] INFO  impl.FollowerState (FollowerState.java:run(117)) - 9092f221-0e0d-4970-bb84-cacd95020f21@group-75C85B6D1182-FollowerState was interrupted: java.lang.InterruptedException: sleep interrupted
2019-10-24 15:44:07,599 [grpc-default-executor-5] INFO  impl.RoleInfo (RoleInfo.java:updateAndGet(143)) - 9092f221-0e0d-4970-bb84-cacd95020f21: start FollowerState
2019-10-24 15:44:07,600 [grpc-default-executor-4] INFO  impl.RoleInfo (RoleInfo.java:shutdownFollowerState(121)) - b4ae536c-ed18-4717-a75c-ca4b5d6c4001: shutdown FollowerState
2019-10-24 15:44:07,600 [grpc-default-executor-4] INFO  impl.RoleInfo (RoleInfo.java:updateAndGet(143)) - b4ae536c-ed18-4717-a75c-ca4b5d6c4001: start FollowerState
2019-10-24 15:44:07,600 [Thread-1563] INFO  impl.FollowerState (FollowerState.java:run(117)) - b4ae536c-ed18-4717-a75c-ca4b5d6c4001@group-75C85B6D1182-FollowerState was interrupted: java.lang.InterruptedException: sleep interrupted
2019-10-24 15:44:07,615 [af280123-6372-4d1f-a5d4-c36229a73203@group-75C85B6D1182-LeaderElection153] INFO  impl.LeaderElection (LeaderElection.java:logAndReturn(56)) - af280123-6372-4d1f-a5d4-c36229a73203@group-75C85B6D1182-LeaderElection153: Election REJECTED; received 2 response(s) [af280123-6372-4d1f-a5d4-c36229a73203<-9092f221-0e0d-4970-bb84-cacd95020f21#0:FAIL-t149, af280123-6372-4d1f-a5d4-c36229a73203<-b4ae536c-ed18-4717-a75c-ca4b5d6c4001#0:FAIL-t149] and 0 exception(s); af280123-6372-4d1f-a5d4-c36229a73203@group-75C85B6D1182:t149, leader=null, voted=af280123-6372-4d1f-a5d4-c36229a73203, raftlog=af280123-6372-4d1f-a5d4-c36229a73203@group-75C85B6D1182-SegmentedRaftLog:OPENED:c-1,f-1,i0, conf=-1: [9092f221-0e0d-4970-bb84-cacd95020f21:192.168.164.213:41903, af280123-6372-4d1f-a5d4-c36229a73203:192.168.164.213:35334, b4ae536c-ed18-4717-a75c-ca4b5d6c4001:192.168.164.213:41180], old=null
2019-10-24 15:44:07,615 [af280123-6372-4d1f-a5d4-c36229a73203@group-75C85B6D1182-LeaderElection153] INFO  impl.RaftServerImpl (RaftServerImpl.java:setRole(184)) - af280123-6372-4d1f-a5d4-c36229a73203@group-75C85B6D1182: changes role from CANDIDATE to FOLLOWER at term 149 for DISCOVERED_A_NEW_TERM
2019-10-24 15:44:07,615 [af280123-6372-4d1f-a5d4-c36229a73203@group-75C85B6D1182-LeaderElection153] INFO  impl.RoleInfo (RoleInfo.java:shutdownLeaderElection(134)) - af280123-6372-4d1f-a5d4-c36229a73203: shutdown LeaderElection
2019-10-24 15:44:07,615 [af280123-6372-4d1f-a5d4-c36229a73203@group-75C85B6D1182-LeaderElection153] INFO  impl.RoleInfo (RoleInfo.java:updateAndGet(143)) - af280123-6372-4d1f-a5d4-c36229a73203: start FollowerState
2019-10-24 15:44:07,700 [Thread-1570] INFO  impl.FollowerState (FollowerState.java:run(108)) - af280123-6372-4d1f-a5d4-c36229a73203@group-75C85B6D1182-FollowerState: change to CANDIDATE, lastRpcTime:84ms, electionTimeout:84ms
2019-10-24 15:44:07,700 [Thread-1570] INFO  impl.RoleInfo (RoleInfo.java:shutdownFollowerState(121)) - af280123-6372-4d1f-a5d4-c36229a73203: shutdown FollowerState
2019-10-24 15:44:07,700 [Thread-1570] INFO  impl.RaftServerImpl (RaftServerImpl.java:setRole(184)) - af280123-6372-4d1f-a5d4-c36229a73203@group-75C85B6D1182: changes role from  FOLLOWER to CANDIDATE at term 149 for changeToCandidate
2019-10-24 15:44:07,700 [Thread-1570] INFO  impl.RoleInfo (RoleInfo.java:updateAndGet(143)) - af280123-6372-4d1f-a5d4-c36229a73203: start LeaderElection
2019-10-24 15:44:07,713 [af280123-6372-4d1f-a5d4-c36229a73203@group-75C85B6D1182-LeaderElection155] INFO  impl.LeaderElection (LeaderElection.java:askForVotes(178)) - af280123-6372-4d1f-a5d4-c36229a73203@group-75C85B6D1182-LeaderElection155: begin an election at term 150 for -1: [9092f221-0e0d-4970-bb84-cacd95020f21:192.168.164.213:41903, af280123-6372-4d1f-a5d4-c36229a73203:192.168.164.213:35334, b4ae536c-ed18-4717-a75c-ca4b5d6c4001:192.168.164.213:41180], old=null
2019-10-24 15:44:07,716 [grpc-default-executor-5] INFO  impl.RaftServerImpl (RaftServerImpl.java:setRole(184)) - 9092f221-0e0d-4970-bb84-cacd95020f21@group-75C85B6D1182: changes role from  FOLLOWER to FOLLOWER at term 150 for recognizeCandidate:af280123-6372-4d1f-a5d4-c36229a73203
2019-10-24 15:44:07,716 [grpc-default-executor-4] INFO  impl.RaftServerImpl (RaftServerImpl.java:setRole(184)) - b4ae536c-ed18-4717-a75c-ca4b5d6c4001@group-75C85B6D1182: changes role from  FOLLOWER to FOLLOWER at term 150 for recognizeCandidate:af280123-6372-4d1f-a5d4-c36229a73203
2019-10-24 15:44:07,716 [grpc-default-executor-5] INFO  impl.RoleInfo (RoleInfo.java:shutdownFollowerState(121)) - 9092f221-0e0d-4970-bb84-cacd95020f21: shutdown FollowerState
2019-10-24 15:44:07,716 [grpc-default-executor-4] INFO  impl.RoleInfo (RoleInfo.java:shutdownFollowerState(121)) - b4ae536c-ed18-4717-a75c-ca4b5d6c4001: shutdown FollowerState
2019-10-24 15:44:07,716 [grpc-default-executor-5] INFO  impl.RoleInfo (RoleInfo.java:updateAndGet(143)) - 9092f221-0e0d-4970-bb84-cacd95020f21: start FollowerState
2019-10-24 15:44:07,716 [Thread-1568] INFO  impl.FollowerState (FollowerState.java:run(117)) - 9092f221-0e0d-4970-bb84-cacd95020f21@group-75C85B6D1182-FollowerState was interrupted: java.lang.InterruptedException: sleep interrupted
2019-10-24 15:44:07,716 [grpc-default-executor-4] INFO  impl.RoleInfo (RoleInfo.java:updateAndGet(143)) - b4ae536c-ed18-4717-a75c-ca4b5d6c4001: start FollowerState
2019-10-24 15:44:07,716 [Thread-1569] INFO  impl.FollowerState (FollowerState.java:run(117)) - b4ae536c-ed18-4717-a75c-ca4b5d6c4001@group-75C85B6D1182-FollowerState was interrupted: java.lang.InterruptedException: sleep interrupted
2019-10-24 15:44:07,731 [af280123-6372-4d1f-a5d4-c36229a73203@group-75C85B6D1182-LeaderElection155] INFO  impl.LeaderElection (LeaderElection.java:logAndReturn(56)) - af280123-6372-4d1f-a5d4-c36229a73203@group-75C85B6D1182-LeaderElection155: Election REJECTED; received 2 response(s) [af280123-6372-4d1f-a5d4-c36229a73203<-9092f221-0e0d-4970-bb84-cacd95020f21#0:FAIL-t150, af280123-6372-4d1f-a5d4-c36229a73203<-b4ae536c-ed18-4717-a75c-ca4b5d6c4001#0:FAIL-t150] and 0 exception(s); af280123-6372-4d1f-a5d4-c36229a73203@group-75C85B6D1182:t150, leader=null, voted=af280123-6372-4d1f-a5d4-c36229a73203, raftlog=af280123-6372-4d1f-a5d4-c36229a73203@group-75C85B6D1182-SegmentedRaftLog:OPENED:c-1,f-1,i0, conf=-1: [9092f221-0e0d-4970-bb84-cacd95020f21:192.168.164.213:41903, af280123-6372-4d1f-a5d4-c36229a73203:192.168.164.213:35334, b4ae536c-ed18-4717-a75c-ca4b5d6c4001:192.168.164.213:41180], old=null
2019-10-24 15:44:07,731 [af280123-6372-4d1f-a5d4-c36229a73203@group-75C85B6D1182-LeaderElection155] INFO  impl.RaftServerImpl (RaftServerImpl.java:setRole(184)) - af280123-6372-4d1f-a5d4-c36229a73203@group-75C85B6D1182: changes role from CANDIDATE to FOLLOWER at term 150 for DISCOVERED_A_NEW_TERM
2019-10-24 15:44:07,731 [af280123-6372-4d1f-a5d4-c36229a73203@group-75C85B6D1182-LeaderElection155] INFO  impl.RoleInfo (RoleInfo.java:shutdownLeaderElection(134)) - af280123-6372-4d1f-a5d4-c36229a73203: shutdown LeaderElection
2019-10-24 15:44:07,731 [af280123-6372-4d1f-a5d4-c36229a73203@group-75C85B6D1182-LeaderElection155] INFO  impl.RoleInfo (RoleInfo.java:updateAndGet(143)) - af280123-6372-4d1f-a5d4-c36229a73203: start FollowerState
2019-10-24 15:44:07,926 [Thread-1576] INFO  impl.FollowerState (FollowerState.java:run(108)) - af280123-6372-4d1f-a5d4-c36229a73203@group-75C85B6D1182-FollowerState: change to CANDIDATE, lastRpcTime:194ms, electionTimeout:194ms
2019-10-24 15:44:07,926 [Thread-1576] INFO  impl.RoleInfo (RoleInfo.java:shutdownFollowerState(121)) - af280123-6372-4d1f-a5d4-c36229a73203: shutdown FollowerState
2019-10-24 15:44:07,926 [Thread-1576] INFO  impl.RaftServerImpl (RaftServerImpl.java:setRole(184)) - af280123-6372-4d1f-a5d4-c36229a73203@group-75C85B6D1182: changes role from  FOLLOWER to CANDIDATE at term 150 for changeToCandidate
2019-10-24 15:44:07,926 [Thread-1576] INFO  impl.RoleInfo (RoleInfo.java:updateAndGet(143)) - af280123-6372-4d1f-a5d4-c36229a73203: start LeaderElection
2019-10-24 15:44:07,951 [af280123-6372-4d1f-a5d4-c36229a73203@group-75C85B6D1182-LeaderElection156] INFO  impl.LeaderElection (LeaderElection.java:askForVotes(178)) - af280123-6372-4d1f-a5d4-c36229a73203@group-75C85B6D1182-LeaderElection156: begin an election at term 151 for -1: [9092f221-0e0d-4970-bb84-cacd95020f21:192.168.164.213:41903, af280123-6372-4d1f-a5d4-c36229a73203:192.168.164.213:35334, b4ae536c-ed18-4717-a75c-ca4b5d6c4001:192.168.164.213:41180], old=null
2019-10-24 15:44:07,954 [grpc-default-executor-5] INFO  impl.RaftServerImpl (RaftServerImpl.java:setRole(184)) - 9092f221-0e0d-4970-bb84-cacd95020f21@group-75C85B6D1182: changes role from  FOLLOWER to FOLLOWER at term 151 for recognizeCandidate:af280123-6372-4d1f-a5d4-c36229a73203
2019-10-24 15:44:07,954 [grpc-default-executor-4] INFO  impl.RaftServerImpl (RaftServerImpl.java:setRole(184)) - b4ae536c-ed18-4717-a75c-ca4b5d6c4001@group-75C85B6D1182: changes role from  FOLLOWER to FOLLOWER at term 151 for recognizeCandidate:af280123-6372-4d1f-a5d4-c36229a73203
2019-10-24 15:44:07,954 [grpc-default-executor-5] INFO  impl.RoleInfo (RoleInfo.java:shutdownFollowerState(121)) - 9092f221-0e0d-4970-bb84-cacd95020f21: shutdown FollowerState
2019-10-24 15:44:07,954 [grpc-default-executor-4] INFO  impl.RoleInfo (RoleInfo.java:shutdownFollowerState(121)) - b4ae536c-ed18-4717-a75c-ca4b5d6c4001: shutdown FollowerState
2019-10-24 15:44:07,955 [Thread-1574] INFO  impl.FollowerState (FollowerState.java:run(117)) - 9092f221-0e0d-4970-bb84-cacd95020f21@group-75C85B6D1182-FollowerState was interrupted: java.lang.InterruptedException: sleep interrupted
2019-10-24 15:44:07,955 [grpc-default-executor-5] INFO  impl.RoleInfo (RoleInfo.java:updateAndGet(143)) - 9092f221-0e0d-4970-bb84-cacd95020f21: start FollowerState
2019-10-24 15:44:07,955 [Thread-1575] INFO  impl.FollowerState (FollowerState.java:run(117)) - b4ae536c-ed18-4717-a75c-ca4b5d6c4001@group-75C85B6D1182-FollowerState was interrupted: java.lang.InterruptedException: sleep interrupted
2019-10-24 15:44:07,955 [grpc-default-executor-4] INFO  impl.RoleInfo (RoleInfo.java:updateAndGet(143)) - b4ae536c-ed18-4717-a75c-ca4b5d6c4001: start FollowerState
2019-10-24 15:44:07,971 [af280123-6372-4d1f-a5d4-c36229a73203@group-75C85B6D1182-LeaderElection156] INFO  impl.LeaderElection (LeaderElection.java:logAndReturn(56)) - af280123-6372-4d1f-a5d4-c36229a73203@group-75C85B6D1182-LeaderElection156: Election REJECTED; received 2 response(s) [af280123-6372-4d1f-a5d4-c36229a73203<-9092f221-0e0d-4970-bb84-cacd95020f21#0:FAIL-t151, af280123-6372-4d1f-a5d4-c36229a73203<-b4ae536c-ed18-4717-a75c-ca4b5d6c4001#0:FAIL-t151] and 0 exception(s); af280123-6372-4d1f-a5d4-c36229a73203@group-75C85B6D1182:t151, leader=null, voted=af280123-6372-4d1f-a5d4-c36229a73203, raftlog=af280123-6372-4d1f-a5d4-c36229a73203@group-75C85B6D1182-SegmentedRaftLog:OPENED:c-1,f-1,i0, conf=-1: [9092f221-0e0d-4970-bb84-cacd95020f21:192.168.164.213:41903, af280123-6372-4d1f-a5d4-c36229a73203:192.168.164.213:35334, b4ae536c-ed18-4717-a75c-ca4b5d6c4001:192.168.164.213:41180], old=null
2019-10-24 15:44:07,971 [af280123-6372-4d1f-a5d4-c36229a73203@group-75C85B6D1182-LeaderElection156] INFO  impl.RaftServerImpl (RaftServerImpl.java:setRole(184)) - af280123-6372-4d1f-a5d4-c36229a73203@group-75C85B6D1182: changes role from CANDIDATE to FOLLOWER at term 151 for DISCOVERED_A_NEW_TERM
2019-10-24 15:44:07,972 [af280123-6372-4d1f-a5d4-c36229a73203@group-75C85B6D1182-LeaderElection156] INFO  impl.RoleInfo (RoleInfo.java:shutdownLeaderElection(134)) - af280123-6372-4d1f-a5d4-c36229a73203: shutdown LeaderElection
2019-10-24 15:44:07,972 [af280123-6372-4d1f-a5d4-c36229a73203@group-75C85B6D1182-LeaderElection156] INFO  impl.RoleInfo (RoleInfo.java:updateAndGet(143)) - af280123-6372-4d1f-a5d4-c36229a73203: start FollowerState
2019-10-24 15:44:08,003 [Thread-1584] INFO  impl.FollowerState (FollowerState.java:run(108)) - af280123-6372-4d1f-a5d4-c36229a73203@group-75C85B6D1182-FollowerState: change to CANDIDATE, lastRpcTime:31ms, electionTimeout:31ms
2019-10-24 15:44:08,004 [Thread-1584] INFO  impl.RoleInfo (RoleInfo.java:shutdownFollowerState(121)) - af280123-6372-4d1f-a5d4-c36229a73203: shutdown FollowerState
2019-10-24 15:44:08,004 [Thread-1584] INFO  impl.RaftServerImpl (RaftServerImpl.java:setRole(184)) - af280123-6372-4d1f-a5d4-c36229a73203@group-75C85B6D1182: changes role from  FOLLOWER to CANDIDATE at term 151 for changeToCandidate
2019-10-24 15:44:08,004 [Thread-1584] INFO  impl.RoleInfo (RoleInfo.java:updateAndGet(143)) - af280123-6372-4d1f-a5d4-c36229a73203: start LeaderElection
2019-10-24 15:44:08,029 [af280123-6372-4d1f-a5d4-c36229a73203@group-75C85B6D1182-LeaderElection157] INFO  impl.LeaderElection (LeaderElection.java:askForVotes(178)) - af280123-6372-4d1f-a5d4-c36229a73203@group-75C85B6D1182-LeaderElection157: begin an election at term 152 for -1: [9092f221-0e0d-4970-bb84-cacd95020f21:192.168.164.213:41903, af280123-6372-4d1f-a5d4-c36229a73203:192.168.164.213:35334, b4ae536c-ed18-4717-a75c-ca4b5d6c4001:192.168.164.213:41180], old=null
2019-10-24 15:44:08,032 [grpc-default-executor-4] INFO  impl.RaftServerImpl (RaftServerImpl.java:setRole(184)) - b4ae536c-ed18-4717-a75c-ca4b5d6c4001@group-75C85B6D1182: changes role from  FOLLOWER to FOLLOWER at term 152 for recognizeCandidate:af280123-6372-4d1f-a5d4-c36229a73203
2019-10-24 15:44:08,032 [grpc-default-executor-5] INFO  impl.RaftServerImpl (RaftServerImpl.java:setRole(184)) - 9092f221-0e0d-4970-bb84-cacd95020f21@group-75C85B6D1182: changes role from  FOLLOWER to FOLLOWER at term 152 for recognizeCandidate:af280123-6372-4d1f-a5d4-c36229a73203
2019-10-24 15:44:08,032 [grpc-default-executor-4] INFO  impl.RoleInfo (RoleInfo.java:shutdownFollowerState(121)) - b4ae536c-ed18-4717-a75c-ca4b5d6c4001: shutdown FollowerState
2019-10-24 15:44:08,032 [grpc-default-executor-5] INFO  impl.RoleInfo (RoleInfo.java:shutdownFollowerState(121)) - 9092f221-0e0d-4970-bb84-cacd95020f21: shutdown FollowerState
2019-10-24 15:44:08,032 [Thread-1583] INFO  impl.FollowerState (FollowerState.java:run(117)) - b4ae536c-ed18-4717-a75c-ca4b5d6c4001@group-75C85B6D1182-FollowerState was interrupted: java.lang.InterruptedException: sleep interrupted
2019-10-24 15:44:08,032 [Thread-1582] INFO  impl.FollowerState (FollowerState.java:run(117)) - 9092f221-0e0d-4970-bb84-cacd95020f21@group-75C85B6D1182-FollowerState was interrupted: java.lang.InterruptedException: sleep interrupted
2019-10-24 15:44:08,032 [grpc-default-executor-4] INFO  impl.RoleInfo (RoleInfo.java:updateAndGet(143)) - b4ae536c-ed18-4717-a75c-ca4b5d6c4001: start FollowerState
2019-10-24 15:44:08,032 [grpc-default-executor-5] INFO  impl.RoleInfo (RoleInfo.java:updateAndGet(143)) - 9092f221-0e0d-4970-bb84-cacd95020f21: start FollowerState
2019-10-24 15:44:08,047 [af280123-6372-4d1f-a5d4-c36229a73203@group-75C85B6D1182-LeaderElection157] INFO  impl.LeaderElection (LeaderElection.java:logAndReturn(56)) - af280123-6372-4d1f-a5d4-c36229a73203@group-75C85B6D1182-LeaderElection157: Election REJECTED; received 2 response(s) [af280123-6372-4d1f-a5d4-c36229a73203<-9092f221-0e0d-4970-bb84-cacd95020f21#0:FAIL-t152, af280123-6372-4d1f-a5d4-c36229a73203<-b4ae536c-ed18-4717-a75c-ca4b5d6c4001#0:FAIL-t152] and 0 exception(s); af280123-6372-4d1f-a5d4-c36229a73203@group-75C85B6D1182:t152, leader=null, voted=af280123-6372-4d1f-a5d4-c36229a73203, raftlog=af280123-6372-4d1f-a5d4-c36229a73203@group-75C85B6D1182-SegmentedRaftLog:OPENED:c-1,f-1,i0, conf=-1: [9092f221-0e0d-4970-bb84-cacd95020f21:192.168.164.213:41903, af280123-6372-4d1f-a5d4-c36229a73203:192.168.164.213:35334, b4ae536c-ed18-4717-a75c-ca4b5d6c4001:192.168.164.213:41180], old=null
2019-10-24 15:44:08,047 [af280123-6372-4d1f-a5d4-c36229a73203@group-75C85B6D1182-LeaderElection157] INFO  impl.RaftServerImpl (RaftServerImpl.java:setRole(184)) - af280123-6372-4d1f-a5d4-c36229a73203@group-75C85B6D1182: changes role from CANDIDATE to FOLLOWER at term 152 for DISCOVERED_A_NEW_TERM
2019-10-24 15:44:08,047 [af280123-6372-4d1f-a5d4-c36229a73203@group-75C85B6D1182-LeaderElection157] INFO  impl.RoleInfo (RoleInfo.java:shutdownLeaderElection(134)) - af280123-6372-4d1f-a5d4-c36229a73203: shutdown LeaderElection
2019-10-24 15:44:08,047 [af280123-6372-4d1f-a5d4-c36229a73203@group-75C85B6D1182-LeaderElection157] INFO  impl.RoleInfo (RoleInfo.java:updateAndGet(143)) - af280123-6372-4d1f-a5d4-c36229a73203: start FollowerState
2019-10-24 15:44:08,170 [Thread-1590] INFO  impl.FollowerState (FollowerState.java:run(108)) - af280123-6372-4d1f-a5d4-c36229a73203@group-75C85B6D1182-FollowerState: change to CANDIDATE, lastRpcTime:122ms, electionTimeout:122ms
2019-10-24 15:44:08,170 [Thread-1590] INFO  impl.RoleInfo (RoleInfo.java:shutdownFollowerState(121)) - af280123-6372-4d1f-a5d4-c36229a73203: shutdown FollowerState
2019-10-24 15:44:08,170 [Thread-1590] INFO  impl.RaftServerImpl (RaftServerImpl.java:setRole(184)) - af280123-6372-4d1f-a5d4-c36229a73203@group-75C85B6D1182: changes role from  FOLLOWER to CANDIDATE at term 152 for changeToCandidate
2019-10-24 15:44:08,170 [Thread-1590] INFO  impl.RoleInfo (RoleInfo.java:updateAndGet(143)) - af280123-6372-4d1f-a5d4-c36229a73203: start LeaderElection
2019-10-24 15:44:08,184 [af280123-6372-4d1f-a5d4-c36229a73203@group-75C85B6D1182-LeaderElection158] INFO  impl.LeaderElection (LeaderElection.java:askForVotes(178)) - af280123-6372-4d1f-a5d4-c36229a73203@group-75C85B6D1182-LeaderElection158: begin an election at term 153 for -1: [9092f221-0e0d-4970-bb84-cacd95020f21:192.168.164.213:41903, af280123-6372-4d1f-a5d4-c36229a73203:192.168.164.213:35334, b4ae536c-ed18-4717-a75c-ca4b5d6c4001:192.168.164.213:41180], old=null
2019-10-24 15:44:08,186 [grpc-default-executor-4] INFO  impl.RaftServerImpl (RaftServerImpl.java:setRole(184)) - b4ae536c-ed18-4717-a75c-ca4b5d6c4001@group-75C85B6D1182: changes role from  FOLLOWER to FOLLOWER at term 153 for recognizeCandidate:af280123-6372-4d1f-a5d4-c36229a73203
2019-10-24 15:44:08,186 [grpc-default-executor-5] INFO  impl.RaftServerImpl (RaftServerImpl.java:setRole(184)) - 9092f221-0e0d-4970-bb84-cacd95020f21@group-75C85B6D1182: changes role from  FOLLOWER to FOLLOWER at term 153 for recognizeCandidate:af280123-6372-4d1f-a5d4-c36229a73203
2019-10-24 15:44:08,186 [grpc-default-executor-4] INFO  impl.RoleInfo (RoleInfo.java:shutdownFollowerState(121)) - b4ae536c-ed18-4717-a75c-ca4b5d6c4001: shutdown FollowerState
2019-10-24 15:44:08,186 [grpc-default-executor-5] INFO  impl.RoleInfo (RoleInfo.java:shutdownFollowerState(121)) - 9092f221-0e0d-4970-bb84-cacd95020f21: shutdown FollowerState
2019-10-24 15:44:08,187 [Thread-1588] INFO  impl.FollowerState (FollowerState.java:run(117)) - b4ae536c-ed18-4717-a75c-ca4b5d6c4001@group-75C85B6D1182-FollowerState was interrupted: java.lang.InterruptedException: sleep interrupted
2019-10-24 15:44:08,187 [Thread-1589] INFO  impl.FollowerState (FollowerState.java:run(117)) - 9092f221-0e0d-4970-bb84-cacd95020f21@group-75C85B6D1182-FollowerState was interrupted: java.lang.InterruptedException: sleep interrupted
2019-10-24 15:44:08,187 [grpc-default-executor-4] INFO  impl.RoleInfo (RoleInfo.java:updateAndGet(143)) - b4ae536c-ed18-4717-a75c-ca4b5d6c4001: start FollowerState
2019-10-24 15:44:08,187 [grpc-default-executor-5] INFO  impl.RoleInfo (RoleInfo.java:updateAndGet(143)) - 9092f221-0e0d-4970-bb84-cacd95020f21: start FollowerState
2019-10-24 15:44:08,201 [af280123-6372-4d1f-a5d4-c36229a73203@group-75C85B6D1182-LeaderElection158] INFO  impl.LeaderElection (LeaderElection.java:logAndReturn(56)) - af280123-6372-4d1f-a5d4-c36229a73203@group-75C85B6D1182-LeaderElection158: Election REJECTED; received 2 response(s) [af280123-6372-4d1f-a5d4-c36229a73203<-9092f221-0e0d-4970-bb84-cacd95020f21#0:FAIL-t153, af280123-6372-4d1f-a5d4-c36229a73203<-b4ae536c-ed18-4717-a75c-ca4b5d6c4001#0:FAIL-t153] and 0 exception(s); af280123-6372-4d1f-a5d4-c36229a73203@group-75C85B6D1182:t153, leader=null, voted=af280123-6372-4d1f-a5d4-c36229a73203, raftlog=af280123-6372-4d1f-a5d4-c36229a73203@group-75C85B6D1182-SegmentedRaftLog:OPENED:c-1,f-1,i0, conf=-1: [9092f221-0e0d-4970-bb84-cacd95020f21:192.168.164.213:41903, af280123-6372-4d1f-a5d4-c36229a73203:192.168.164.213:35334, b4ae536c-ed18-4717-a75c-ca4b5d6c4001:192.168.164.213:41180], old=null
2019-10-24 15:44:08,201 [af280123-6372-4d1f-a5d4-c36229a73203@group-75C85B6D1182-LeaderElection158] INFO  impl.RaftServerImpl (RaftServerImpl.java:setRole(184)) - af280123-6372-4d1f-a5d4-c36229a73203@group-75C85B6D1182: changes role from CANDIDATE to FOLLOWER at term 153 for DISCOVERED_A_NEW_TERM
2019-10-24 15:44:08,201 [af280123-6372-4d1f-a5d4-c36229a73203@group-75C85B6D1182-LeaderElection158] INFO  impl.RoleInfo (RoleInfo.java:shutdownLeaderElection(134)) - af280123-6372-4d1f-a5d4-c36229a73203: shutdown LeaderElection
2019-10-24 15:44:08,201 [af280123-6372-4d1f-a5d4-c36229a73203@group-75C85B6D1182-LeaderElection158] INFO  impl.RoleInfo (RoleInfo.java:updateAndGet(143)) - af280123-6372-4d1f-a5d4-c36229a73203: start FollowerState
2019-10-24 15:44:08,204 [Thread-1596] INFO  impl.FollowerState (FollowerState.java:run(108)) - af280123-6372-4d1f-a5d4-c36229a73203@group-75C85B6D1182-FollowerState: change to CANDIDATE, lastRpcTime:2ms, electionTimeout:2ms
2019-10-24 15:44:08,204 [Thread-1596] INFO  impl.RoleInfo (RoleInfo.java:shutdownFollowerState(121)) - af280123-6372-4d1f-a5d4-c36229a73203: shutdown FollowerState
2019-10-24 15:44:08,204 [Thread-1596] INFO  impl.RaftServerImpl (RaftServerImpl.java:setRole(184)) - af280123-6372-4d1f-a5d4-c36229a73203@group-75C85B6D1182: changes role from  FOLLOWER to CANDIDATE at term 153 for changeToCandidate
2019-10-24 15:44:08,204 [Thread-1596] INFO  impl.RoleInfo (RoleInfo.java:updateAndGet(143)) - af280123-6372-4d1f-a5d4-c36229a73203: start LeaderElection
2019-10-24 15:44:08,217 [af280123-6372-4d1f-a5d4-c36229a73203@group-75C85B6D1182-LeaderElection159] INFO  impl.LeaderElection (LeaderElection.java:askForVotes(178)) - af280123-6372-4d1f-a5d4-c36229a73203@group-75C85B6D1182-LeaderElection159: begin an election at term 154 for -1: [9092f221-0e0d-4970-bb84-cacd95020f21:192.168.164.213:41903, af280123-6372-4d1f-a5d4-c36229a73203:192.168.164.213:35334, b4ae536c-ed18-4717-a75c-ca4b5d6c4001:192.168.164.213:41180], old=null
2019-10-24 15:44:08,218 [grpc-default-executor-4] INFO  impl.RaftServerImpl (RaftServerImpl.java:setRole(184)) - 9092f221-0e0d-4970-bb84-cacd95020f21@group-75C85B6D1182: changes role from  FOLLOWER to FOLLOWER at term 154 for recognizeCandidate:af280123-6372-4d1f-a5d4-c36229a73203
2019-10-24 15:44:08,218 [grpc-default-executor-4] INFO  impl.RoleInfo (RoleInfo.java:shutdownFollowerState(121)) - 9092f221-0e0d-4970-bb84-cacd95020f21: shutdown FollowerState
2019-10-24 15:44:08,219 [grpc-default-executor-4] INFO  impl.RoleInfo (RoleInfo.java:updateAndGet(143)) - 9092f221-0e0d-4970-bb84-cacd95020f21: start FollowerState
2019-10-24 15:44:08,219 [grpc-default-executor-5] INFO  impl.RaftServerImpl (RaftServerImpl.java:setRole(184)) - b4ae536c-ed18-4717-a75c-ca4b5d6c4001@group-75C85B6D1182: changes role from  FOLLOWER to FOLLOWER at term 154 for recognizeCandidate:af280123-6372-4d1f-a5d4-c36229a73203
2019-10-24 15:44:08,219 [Thread-1595] INFO  impl.FollowerState (FollowerState.java:run(117)) - 9092f221-0e0d-4970-bb84-cacd95020f21@group-75C85B6D1182-FollowerState was interrupted: java.lang.InterruptedException: sleep interrupted
2019-10-24 15:44:08,219 [grpc-default-executor-5] INFO  impl.RoleInfo (RoleInfo.java:shutdownFollowerState(121)) - b4ae536c-ed18-4717-a75c-ca4b5d6c4001: shutdown FollowerState
2019-10-24 15:44:08,219 [grpc-default-executor-5] INFO  impl.RoleInfo (RoleInfo.java:updateAndGet(143)) - b4ae536c-ed18-4717-a75c-ca4b5d6c4001: start FollowerState
2019-10-24 15:44:08,219 [Thread-1594] INFO  impl.FollowerState (FollowerState.java:run(117)) - b4ae536c-ed18-4717-a75c-ca4b5d6c4001@group-75C85B6D1182-FollowerState was interrupted: java.lang.InterruptedException: sleep interrupted
2019-10-24 15:44:08,234 [af280123-6372-4d1f-a5d4-c36229a73203@group-75C85B6D1182-LeaderElection159] INFO  impl.LeaderElection (LeaderElection.java:logAndReturn(56)) - af280123-6372-4d1f-a5d4-c36229a73203@group-75C85B6D1182-LeaderElection159: Election REJECTED; received 2 response(s) [af280123-6372-4d1f-a5d4-c36229a73203<-9092f221-0e0d-4970-bb84-cacd95020f21#0:FAIL-t154, af280123-6372-4d1f-a5d4-c36229a73203<-b4ae536c-ed18-4717-a75c-ca4b5d6c4001#0:FAIL-t154] and 0 exception(s); af280123-6372-4d1f-a5d4-c36229a73203@group-75C85B6D1182:t154, leader=null, voted=af280123-6372-4d1f-a5d4-c36229a73203, raftlog=af280123-6372-4d1f-a5d4-c36229a73203@group-75C85B6D1182-SegmentedRaftLog:OPENED:c-1,f-1,i0, conf=-1: [9092f221-0e0d-4970-bb84-cacd95020f21:192.168.164.213:41903, af280123-6372-4d1f-a5d4-c36229a73203:192.168.164.213:35334, b4ae536c-ed18-4717-a75c-ca4b5d6c4001:192.168.164.213:41180], old=null
2019-10-24 15:44:08,234 [af280123-6372-4d1f-a5d4-c36229a73203@group-75C85B6D1182-LeaderElection159] INFO  impl.RaftServerImpl (RaftServerImpl.java:setRole(184)) - af280123-6372-4d1f-a5d4-c36229a73203@group-75C85B6D1182: changes role from CANDIDATE to FOLLOWER at term 154 for DISCOVERED_A_NEW_TERM
2019-10-24 15:44:08,235 [af280123-6372-4d1f-a5d4-c36229a73203@group-75C85B6D1182-LeaderElection159] INFO  impl.RoleInfo (RoleInfo.java:shutdownLeaderElection(134)) - af280123-6372-4d1f-a5d4-c36229a73203: shutdown LeaderElection
2019-10-24 15:44:08,235 [af280123-6372-4d1f-a5d4-c36229a73203@group-75C85B6D1182-LeaderElection159] INFO  impl.RoleInfo (RoleInfo.java:updateAndGet(143)) - af280123-6372-4d1f-a5d4-c36229a73203: start FollowerState
2019-10-24 15:44:08,274 [Thread-1602] INFO  impl.FollowerState (FollowerState.java:run(108)) - af280123-6372-4d1f-a5d4-c36229a73203@group-75C85B6D1182-FollowerState: change to CANDIDATE, lastRpcTime:39ms, electionTimeout:39ms
2019-10-24 15:44:08,274 [Thread-1602] INFO  impl.RoleInfo (RoleInfo.java:shutdownFollowerState(121)) - af280123-6372-4d1f-a5d4-c36229a73203: shutdown FollowerState
2019-10-24 15:44:08,275 [Thread-1602] INFO  impl.RaftServerImpl (RaftServerImpl.java:setRole(184)) - af280123-6372-4d1f-a5d4-c36229a73203@group-75C85B6D1182: changes role from  FOLLOWER to CANDIDATE at term 154 for changeToCandidate
2019-10-24 15:44:08,275 [Thread-1602] INFO  impl.RoleInfo (RoleInfo.java:updateAndGet(143)) - af280123-6372-4d1f-a5d4-c36229a73203: start LeaderElection
2019-10-24 15:44:08,288 [af280123-6372-4d1f-a5d4-c36229a73203@group-75C85B6D1182-LeaderElection160] INFO  impl.LeaderElection (LeaderElection.java:askForVotes(178)) - af280123-6372-4d1f-a5d4-c36229a73203@group-75C85B6D1182-LeaderElection160: begin an election at term 155 for -1: [9092f221-0e0d-4970-bb84-cacd95020f21:192.168.164.213:41903, af280123-6372-4d1f-a5d4-c36229a73203:192.168.164.213:35334, b4ae536c-ed18-4717-a75c-ca4b5d6c4001:192.168.164.213:41180], old=null
2019-10-24 15:44:08,290 [grpc-default-executor-5] INFO  impl.RaftServerImpl (RaftServerImpl.java:setRole(184)) - 9092f221-0e0d-4970-bb84-cacd95020f21@group-75C85B6D1182: changes role from  FOLLOWER to FOLLOWER at term 155 for recognizeCandidate:af280123-6372-4d1f-a5d4-c36229a73203
2019-10-24 15:44:08,290 [grpc-default-executor-4] INFO  impl.RaftServerImpl (RaftServerImpl.java:setRole(184)) - b4ae536c-ed18-4717-a75c-ca4b5d6c4001@group-75C85B6D1182: changes role from  FOLLOWER to FOLLOWER at term 155 for recognizeCandidate:af280123-6372-4d1f-a5d4-c36229a73203
2019-10-24 15:44:08,290 [grpc-default-executor-5] INFO  impl.RoleInfo (RoleInfo.java:shutdownFollowerState(121)) - 9092f221-0e0d-4970-bb84-cacd95020f21: shutdown FollowerState
2019-10-24 15:44:08,290 [grpc-default-executor-4] INFO  impl.RoleInfo (RoleInfo.java:shutdownFollowerState(121)) - b4ae536c-ed18-4717-a75c-ca4b5d6c4001: shutdown FollowerState
2019-10-24 15:44:08,290 [Thread-1600] INFO  impl.FollowerState (FollowerState.java:run(117)) - 9092f221-0e0d-4970-bb84-cacd95020f21@group-75C85B6D1182-FollowerState was interrupted: java.lang.InterruptedException: sleep interrupted
2019-10-24 15:44:08,290 [grpc-default-executor-5] INFO  impl.RoleInfo (RoleInfo.java:updateAndGet(143)) - 9092f221-0e0d-4970-bb84-cacd95020f21: start FollowerState
2019-10-24 15:44:08,290 [Thread-1601] INFO  impl.FollowerState (FollowerState.java:run(117)) - b4ae536c-ed18-4717-a75c-ca4b5d6c4001@group-75C85B6D1182-FollowerState was interrupted: java.lang.InterruptedException: sleep interrupted
2019-10-24 15:44:08,290 [grpc-default-executor-4] INFO  impl.RoleInfo (RoleInfo.java:updateAndGet(143)) - b4ae536c-ed18-4717-a75c-ca4b5d6c4001: start FollowerState
2019-10-24 15:44:08,305 [af280123-6372-4d1f-a5d4-c36229a73203@group-75C85B6D1182-LeaderElection160] INFO  impl.LeaderElection (LeaderElection.java:logAndReturn(56)) - af280123-6372-4d1f-a5d4-c36229a73203@group-75C85B6D1182-LeaderElection160: Election REJECTED; received 2 response(s) [af280123-6372-4d1f-a5d4-c36229a73203<-9092f221-0e0d-4970-bb84-cacd95020f21#0:FAIL-t155, af280123-6372-4d1f-a5d4-c36229a73203<-b4ae536c-ed18-4717-a75c-ca4b5d6c4001#0:FAIL-t155] and 0 exception(s); af280123-6372-4d1f-a5d4-c36229a73203@group-75C85B6D1182:t155, leader=null, voted=af280123-6372-4d1f-a5d4-c36229a73203, raftlog=af280123-6372-4d1f-a5d4-c36229a73203@group-75C85B6D1182-SegmentedRaftLog:OPENED:c-1,f-1,i0, conf=-1: [9092f221-0e0d-4970-bb84-cacd95020f21:192.168.164.213:41903, af280123-6372-4d1f-a5d4-c36229a73203:192.168.164.213:35334, b4ae536c-ed18-4717-a75c-ca4b5d6c4001:192.168.164.213:41180], old=null
2019-10-24 15:44:08,306 [af280123-6372-4d1f-a5d4-c36229a73203@group-75C85B6D1182-LeaderElection160] INFO  impl.RaftServerImpl (RaftServerImpl.java:setRole(184)) - af280123-6372-4d1f-a5d4-c36229a73203@group-75C85B6D1182: changes role from CANDIDATE to FOLLOWER at term 155 for DISCOVERED_A_NEW_TERM
2019-10-24 15:44:08,306 [af280123-6372-4d1f-a5d4-c36229a73203@group-75C85B6D1182-LeaderElection160] INFO  impl.RoleInfo (RoleInfo.java:shutdownLeaderElection(134)) - af280123-6372-4d1f-a5d4-c36229a73203: shutdown LeaderElection
2019-10-24 15:44:08,306 [af280123-6372-4d1f-a5d4-c36229a73203@group-75C85B6D1182-LeaderElection160] INFO  impl.RoleInfo (RoleInfo.java:updateAndGet(143)) - af280123-6372-4d1f-a5d4-c36229a73203: start FollowerState
2019-10-24 15:44:08,336 [Thread-1608] INFO  impl.FollowerState (FollowerState.java:run(108)) - af280123-6372-4d1f-a5d4-c36229a73203@group-75C85B6D1182-FollowerState: change to CANDIDATE, lastRpcTime:30ms, electionTimeout:30ms
2019-10-24 15:44:08,336 [Thread-1608] INFO  impl.RoleInfo (RoleInfo.java:shutdownFollowerState(121)) - af280123-6372-4d1f-a5d4-c36229a73203: shutdown FollowerState
2019-10-24 15:44:08,337 [Thread-1608] INFO  impl.RaftServerImpl (RaftServerImpl.java:setRole(184)) - af280123-6372-4d1f-a5d4-c36229a73203@group-75C85B6D1182: changes role from  FOLLOWER to CANDIDATE at term 155 for changeToCandidate
2019-10-24 15:44:08,337 [Thread-1608] INFO  impl.RoleInfo (RoleInfo.java:updateAndGet(143)) - af280123-6372-4d1f-a5d4-c36229a73203: start LeaderElection
2019-10-24 15:44:08,350 [af280123-6372-4d1f-a5d4-c36229a73203@group-75C85B6D1182-LeaderElection161] INFO  impl.LeaderElection (LeaderElection.java:askForVotes(178)) - af280123-6372-4d1f-a5d4-c36229a73203@group-75C85B6D1182-LeaderElection161: begin an election at term 156 for -1: [9092f221-0e0d-4970-bb84-cacd95020f21:192.168.164.213:41903, af280123-6372-4d1f-a5d4-c36229a73203:192.168.164.213:35334, b4ae536c-ed18-4717-a75c-ca4b5d6c4001:192.168.164.213:41180], old=null
2019-10-24 15:44:08,352 [grpc-default-executor-4] INFO  impl.RaftServerImpl (RaftServerImpl.java:setRole(184)) - 9092f221-0e0d-4970-bb84-cacd95020f21@group-75C85B6D1182: changes role from  FOLLOWER to FOLLOWER at term 156 for recognizeCandidate:af280123-6372-4d1f-a5d4-c36229a73203
2019-10-24 15:44:08,352 [grpc-default-executor-4] INFO  impl.RoleInfo (RoleInfo.java:shutdownFollowerState(121)) - 9092f221-0e0d-4970-bb84-cacd95020f21: shutdown FollowerState
2019-10-24 15:44:08,352 [grpc-default-executor-5] INFO  impl.RaftServerImpl (RaftServerImpl.java:setRole(184)) - b4ae536c-ed18-4717-a75c-ca4b5d6c4001@group-75C85B6D1182: changes role from  FOLLOWER to FOLLOWER at term 156 for recognizeCandidate:af280123-6372-4d1f-a5d4-c36229a73203
2019-10-24 15:44:08,353 [Thread-1606] INFO  impl.FollowerState (FollowerState.java:run(117)) - 9092f221-0e0d-4970-bb84-cacd95020f21@group-75C85B6D1182-FollowerState was interrupted: java.lang.InterruptedException: sleep interrupted
2019-10-24 15:44:08,353 [grpc-default-executor-4] INFO  impl.RoleInfo (RoleInfo.java:updateAndGet(143)) - 9092f221-0e0d-4970-bb84-cacd95020f21: start FollowerState
2019-10-24 15:44:08,353 [grpc-default-executor-5] INFO  impl.RoleInfo (RoleInfo.java:shutdownFollowerState(121)) - b4ae536c-ed18-4717-a75c-ca4b5d6c4001: shutdown FollowerState
2019-10-24 15:44:08,353 [grpc-default-executor-5] INFO  impl.RoleInfo (RoleInfo.java:updateAndGet(143)) - b4ae536c-ed18-4717-a75c-ca4b5d6c4001: start FollowerState
2019-10-24 15:44:08,353 [Thread-1607] INFO  impl.FollowerState (FollowerState.java:run(117)) - b4ae536c-ed18-4717-a75c-ca4b5d6c4001@group-75C85B6D1182-FollowerState was interrupted: java.lang.InterruptedException: sleep interrupted
2019-10-24 15:44:08,367 [af280123-6372-4d1f-a5d4-c36229a73203@group-75C85B6D1182-LeaderElection161] INFO  impl.LeaderElection (LeaderElection.java:logAndReturn(56)) - af280123-6372-4d1f-a5d4-c36229a73203@group-75C85B6D1182-LeaderElection161: Election REJECTED; received 2 response(s) [af280123-6372-4d1f-a5d4-c36229a73203<-9092f221-0e0d-4970-bb84-cacd95020f21#0:FAIL-t156, af280123-6372-4d1f-a5d4-c36229a73203<-b4ae536c-ed18-4717-a75c-ca4b5d6c4001#0:FAIL-t156] and 0 exception(s); af280123-6372-4d1f-a5d4-c36229a73203@group-75C85B6D1182:t156, leader=null, voted=af280123-6372-4d1f-a5d4-c36229a73203, raftlog=af280123-6372-4d1f-a5d4-c36229a73203@group-75C85B6D1182-SegmentedRaftLog:OPENED:c-1,f-1,i0, conf=-1: [9092f221-0e0d-4970-bb84-cacd95020f21:192.168.164.213:41903, af280123-6372-4d1f-a5d4-c36229a73203:192.168.164.213:35334, b4ae536c-ed18-4717-a75c-ca4b5d6c4001:192.168.164.213:41180], old=null
2019-10-24 15:44:08,368 [af280123-6372-4d1f-a5d4-c36229a73203@group-75C85B6D1182-LeaderElection161] INFO  impl.RaftServerImpl (RaftServerImpl.java:setRole(184)) - af280123-6372-4d1f-a5d4-c36229a73203@group-75C85B6D1182: changes role from CANDIDATE to FOLLOWER at term 156 for DISCOVERED_A_NEW_TERM
2019-10-24 15:44:08,368 [af280123-6372-4d1f-a5d4-c36229a73203@group-75C85B6D1182-LeaderElection161] INFO  impl.RoleInfo (RoleInfo.java:shutdownLeaderElection(134)) - af280123-6372-4d1f-a5d4-c36229a73203: shutdown LeaderElection
2019-10-24 15:44:08,368 [af280123-6372-4d1f-a5d4-c36229a73203@group-75C85B6D1182-LeaderElection161] INFO  impl.RoleInfo (RoleInfo.java:updateAndGet(143)) - af280123-6372-4d1f-a5d4-c36229a73203: start FollowerState
2019-10-24 15:44:08,389 [Thread-1616] INFO  impl.FollowerState (FollowerState.java:run(108)) - af280123-6372-4d1f-a5d4-c36229a73203@group-75C85B6D1182-FollowerState: change to CANDIDATE, lastRpcTime:21ms, electionTimeout:21ms
2019-10-24 15:44:08,389 [Thread-1616] INFO  impl.RoleInfo (RoleInfo.java:shutdownFollowerState(121)) - af280123-6372-4d1f-a5d4-c36229a73203: shutdown FollowerState
2019-10-24 15:44:08,389 [Thread-1616] INFO  impl.RaftServerImpl (RaftServerImpl.java:setRole(184)) - af280123-6372-4d1f-a5d4-c36229a73203@group-75C85B6D1182: changes role from  FOLLOWER to CANDIDATE at term 156 for changeToCandidate
2019-10-24 15:44:08,390 [Thread-1616] INFO  impl.RoleInfo (RoleInfo.java:updateAndGet(143)) - af280123-6372-4d1f-a5d4-c36229a73203: start LeaderElection
2019-10-24 15:44:08,402 [af280123-6372-4d1f-a5d4-c36229a73203@group-75C85B6D1182-LeaderElection162] INFO  impl.LeaderElection (LeaderElection.java:askForVotes(178)) - af280123-6372-4d1f-a5d4-c36229a73203@group-75C85B6D1182-LeaderElection162: begin an election at term 157 for -1: [9092f221-0e0d-4970-bb84-cacd95020f21:192.168.164.213:41903, af280123-6372-4d1f-a5d4-c36229a73203:192.168.164.213:35334, b4ae536c-ed18-4717-a75c-ca4b5d6c4001:192.168.164.213:41180], old=null
2019-10-24 15:44:08,404 [grpc-default-executor-4] INFO  impl.RaftServerImpl (RaftServerImpl.java:setRole(184)) - 9092f221-0e0d-4970-bb84-cacd95020f21@group-75C85B6D1182: changes role from  FOLLOWER to FOLLOWER at term 157 for recognizeCandidate:af280123-6372-4d1f-a5d4-c36229a73203
2019-10-24 15:44:08,404 [grpc-default-executor-5] INFO  impl.RaftServerImpl (RaftServerImpl.java:setRole(184)) - b4ae536c-ed18-4717-a75c-ca4b5d6c4001@group-75C85B6D1182: changes role from  FOLLOWER to FOLLOWER at term 157 for recognizeCandidate:af280123-6372-4d1f-a5d4-c36229a73203
2019-10-24 15:44:08,405 [grpc-default-executor-5] INFO  impl.RoleInfo (RoleInfo.java:shutdownFollowerState(121)) - b4ae536c-ed18-4717-a75c-ca4b5d6c4001: shutdown FollowerState
2019-10-24 15:44:08,405 [grpc-default-executor-4] INFO  impl.RoleInfo (RoleInfo.java:shutdownFollowerState(121)) - 9092f221-0e0d-4970-bb84-cacd95020f21: shutdown FollowerState
2019-10-24 15:44:08,405 [grpc-default-executor-5] INFO  impl.RoleInfo (RoleInfo.java:updateAndGet(143)) - b4ae536c-ed18-4717-a75c-ca4b5d6c4001: start FollowerState
2019-10-24 15:44:08,405 [Thread-1614] INFO  impl.FollowerState (FollowerState.java:run(117)) - 9092f221-0e0d-4970-bb84-cacd95020f21@group-75C85B6D1182-FollowerState was interrupted: java.lang.InterruptedException: sleep interrupted
2019-10-24 15:44:08,405 [Thread-1615] INFO  impl.FollowerState (FollowerState.java:run(117)) - b4ae536c-ed18-4717-a75c-ca4b5d6c4001@group-75C85B6D1182-FollowerState was interrupted: java.lang.InterruptedException: sleep interrupted
2019-10-24 15:44:08,405 [grpc-default-executor-4] INFO  impl.RoleInfo (RoleInfo.java:updateAndGet(143)) - 9092f221-0e0d-4970-bb84-cacd95020f21: start FollowerState
2019-10-24 15:44:08,419 [af280123-6372-4d1f-a5d4-c36229a73203@group-75C85B6D1182-LeaderElection162] INFO  impl.LeaderElection (LeaderElection.java:logAndReturn(56)) - af280123-6372-4d1f-a5d4-c36229a73203@group-75C85B6D1182-LeaderElection162: Election REJECTED; received 2 response(s) [af280123-6372-4d1f-a5d4-c36229a73203<-9092f221-0e0d-4970-bb84-cacd95020f21#0:FAIL-t157, af280123-6372-4d1f-a5d4-c36229a73203<-b4ae536c-ed18-4717-a75c-ca4b5d6c4001#0:FAIL-t157] and 0 exception(s); af280123-6372-4d1f-a5d4-c36229a73203@group-75C85B6D1182:t157, leader=null, voted=af280123-6372-4d1f-a5d4-c36229a73203, raftlog=af280123-6372-4d1f-a5d4-c36229a73203@group-75C85B6D1182-SegmentedRaftLog:OPENED:c-1,f-1,i0, conf=-1: [9092f221-0e0d-4970-bb84-cacd95020f21:192.168.164.213:41903, af280123-6372-4d1f-a5d4-c36229a73203:192.168.164.213:35334, b4ae536c-ed18-4717-a75c-ca4b5d6c4001:192.168.164.213:41180], old=null
2019-10-24 15:44:08,420 [af280123-6372-4d1f-a5d4-c36229a73203@group-75C85B6D1182-LeaderElection162] INFO  impl.RaftServerImpl (RaftServerImpl.java:setRole(184)) - af280123-6372-4d1f-a5d4-c36229a73203@group-75C85B6D1182: changes role from CANDIDATE to FOLLOWER at term 157 for DISCOVERED_A_NEW_TERM
2019-10-24 15:44:08,420 [af280123-6372-4d1f-a5d4-c36229a73203@group-75C85B6D1182-LeaderElection162] INFO  impl.RoleInfo (RoleInfo.java:shutdownLeaderElection(134)) - af280123-6372-4d1f-a5d4-c36229a73203: shutdown LeaderElection
2019-10-24 15:44:08,420 [af280123-6372-4d1f-a5d4-c36229a73203@group-75C85B6D1182-LeaderElection162] INFO  impl.RoleInfo (RoleInfo.java:updateAndGet(143)) - af280123-6372-4d1f-a5d4-c36229a73203: start FollowerState
2019-10-24 15:44:08,500 [Thread-1622] INFO  impl.FollowerState (FollowerState.java:run(108)) - af280123-6372-4d1f-a5d4-c36229a73203@group-75C85B6D1182-FollowerState: change to CANDIDATE, lastRpcTime:80ms, electionTimeout:80ms
2019-10-24 15:44:08,501 [Thread-1622] INFO  impl.RoleInfo (RoleInfo.java:shutdownFollowerState(121)) - af280123-6372-4d1f-a5d4-c36229a73203: shutdown FollowerState
2019-10-24 15:44:08,501 [Thread-1622] INFO  impl.RaftServerImpl (RaftServerImpl.java:setRole(184)) - af280123-6372-4d1f-a5d4-c36229a73203@group-75C85B6D1182: changes role from  FOLLOWER to CANDIDATE at term 157 for changeToCandidate
2019-10-24 15:44:08,501 [Thread-1622] INFO  impl.RoleInfo (RoleInfo.java:updateAndGet(143)) - af280123-6372-4d1f-a5d4-c36229a73203: start LeaderElection
2019-10-24 15:44:08,515 [af280123-6372-4d1f-a5d4-c36229a73203@group-75C85B6D1182-LeaderElection163] INFO  impl.LeaderElection (LeaderElection.java:askForVotes(178)) - af280123-6372-4d1f-a5d4-c36229a73203@group-75C85B6D1182-LeaderElection163: begin an election at term 158 for -1: [9092f221-0e0d-4970-bb84-cacd95020f21:192.168.164.213:41903, af280123-6372-4d1f-a5d4-c36229a73203:192.168.164.213:35334, b4ae536c-ed18-4717-a75c-ca4b5d6c4001:192.168.164.213:41180], old=null
2019-10-24 15:44:08,517 [grpc-default-executor-5] INFO  impl.RaftServerImpl (RaftServerImpl.java:setRole(184)) - 9092f221-0e0d-4970-bb84-cacd95020f21@group-75C85B6D1182: changes role from  FOLLOWER to FOLLOWER at term 158 for recognizeCandidate:af280123-6372-4d1f-a5d4-c36229a73203
2019-10-24 15:44:08,517 [grpc-default-executor-4] INFO  impl.RaftServerImpl (RaftServerImpl.java:setRole(184)) - b4ae536c-ed18-4717-a75c-ca4b5d6c4001@group-75C85B6D1182: changes role from  FOLLOWER to FOLLOWER at term 158 for recognizeCandidate:af280123-6372-4d1f-a5d4-c36229a73203
2019-10-24 15:44:08,517 [grpc-default-executor-5] INFO  impl.RoleInfo (RoleInfo.java:shutdownFollowerState(121)) - 9092f221-0e0d-4970-bb84-cacd95020f21: shutdown FollowerState
2019-10-24 15:44:08,517 [grpc-default-executor-4] INFO  impl.RoleInfo (RoleInfo.java:shutdownFollowerState(121)) - b4ae536c-ed18-4717-a75c-ca4b5d6c4001: shutdown FollowerState
2019-10-24 15:44:08,517 [Thread-1621] INFO  impl.FollowerState (FollowerState.java:run(117)) - 9092f221-0e0d-4970-bb84-cacd95020f21@group-75C85B6D1182-FollowerState was interrupted: java.lang.InterruptedException: sleep interrupted
2019-10-24 15:44:08,517 [grpc-default-executor-5] INFO  impl.RoleInfo (RoleInfo.java:updateAndGet(143)) - 9092f221-0e0d-4970-bb84-cacd95020f21: start FollowerState
2019-10-24 15:44:08,517 [Thread-1620] INFO  impl.FollowerState (FollowerState.java:run(117)) - b4ae536c-ed18-4717-a75c-ca4b5d6c4001@group-75C85B6D1182-FollowerState was interrupted: java.lang.InterruptedException: sleep interrupted
2019-10-24 15:44:08,517 [grpc-default-executor-4] INFO  impl.RoleInfo (RoleInfo.java:updateAndGet(143)) - b4ae536c-ed18-4717-a75c-ca4b5d6c4001: start FollowerState
2019-10-24 15:44:08,532 [af280123-6372-4d1f-a5d4-c36229a73203@group-75C85B6D1182-LeaderElection163] INFO  impl.LeaderElection (LeaderElection.java:logAndReturn(56)) - af280123-6372-4d1f-a5d4-c36229a73203@group-75C85B6D1182-LeaderElection163: Election REJECTED; received 2 response(s) [af280123-6372-4d1f-a5d4-c36229a73203<-9092f221-0e0d-4970-bb84-cacd95020f21#0:FAIL-t158, af280123-6372-4d1f-a5d4-c36229a73203<-b4ae536c-ed18-4717-a75c-ca4b5d6c4001#0:FAIL-t158] and 0 exception(s); af280123-6372-4d1f-a5d4-c36229a73203@group-75C85B6D1182:t158, leader=null, voted=af280123-6372-4d1f-a5d4-c36229a73203, raftlog=af280123-6372-4d1f-a5d4-c36229a73203@group-75C85B6D1182-SegmentedRaftLog:OPENED:c-1,f-1,i0, conf=-1: [9092f221-0e0d-4970-bb84-cacd95020f21:192.168.164.213:41903, af280123-6372-4d1f-a5d4-c36229a73203:192.168.164.213:35334, b4ae536c-ed18-4717-a75c-ca4b5d6c4001:192.168.164.213:41180], old=null
2019-10-24 15:44:08,532 [af280123-6372-4d1f-a5d4-c36229a73203@group-75C85B6D1182-LeaderElection163] INFO  impl.RaftServerImpl (RaftServerImpl.java:setRole(184)) - af280123-6372-4d1f-a5d4-c36229a73203@group-75C85B6D1182: changes role from CANDIDATE to FOLLOWER at term 158 for DISCOVERED_A_NEW_TERM
2019-10-24 15:44:08,532 [af280123-6372-4d1f-a5d4-c36229a73203@group-75C85B6D1182-LeaderElection163] INFO  impl.RoleInfo (RoleInfo.java:shutdownLeaderElection(134)) - af280123-6372-4d1f-a5d4-c36229a73203: shutdown LeaderElection
2019-10-24 15:44:08,532 [af280123-6372-4d1f-a5d4-c36229a73203@group-75C85B6D1182-LeaderElection163] INFO  impl.RoleInfo (RoleInfo.java:updateAndGet(143)) - af280123-6372-4d1f-a5d4-c36229a73203: start FollowerState
2019-10-24 15:44:08,630 [Thread-1628] INFO  impl.FollowerState (FollowerState.java:run(108)) - af280123-6372-4d1f-a5d4-c36229a73203@group-75C85B6D1182-FollowerState: change to CANDIDATE, lastRpcTime:97ms, electionTimeout:97ms
2019-10-24 15:44:08,630 [Thread-1628] INFO  impl.RoleInfo (RoleInfo.java:shutdownFollowerState(121)) - af280123-6372-4d1f-a5d4-c36229a73203: shutdown FollowerState
2019-10-24 15:44:08,630 [Thread-1628] INFO  impl.RaftServerImpl (RaftServerImpl.java:setRole(184)) - af280123-6372-4d1f-a5d4-c36229a73203@group-75C85B6D1182: changes role from  FOLLOWER to CANDIDATE at term 158 for changeToCandidate
2019-10-24 15:44:08,630 [Thread-1628] INFO  impl.RoleInfo (RoleInfo.java:updateAndGet(143)) - af280123-6372-4d1f-a5d4-c36229a73203: start LeaderElection
2019-10-24 15:44:08,644 [af280123-6372-4d1f-a5d4-c36229a73203@group-75C85B6D1182-LeaderElection164] INFO  impl.LeaderElection (LeaderElection.java:askForVotes(178)) - af280123-6372-4d1f-a5d4-c36229a73203@group-75C85B6D1182-LeaderElection164: begin an election at term 159 for -1: [9092f221-0e0d-4970-bb84-cacd95020f21:192.168.164.213:41903, af280123-6372-4d1f-a5d4-c36229a73203:192.168.164.213:35334, b4ae536c-ed18-4717-a75c-ca4b5d6c4001:192.168.164.213:41180], old=null
2019-10-24 15:44:08,646 [grpc-default-executor-5] INFO  impl.RaftServerImpl (RaftServerImpl.java:setRole(184)) - 9092f221-0e0d-4970-bb84-cacd95020f21@group-75C85B6D1182: changes role from  FOLLOWER to FOLLOWER at term 159 for recognizeCandidate:af280123-6372-4d1f-a5d4-c36229a73203
2019-10-24 15:44:08,646 [grpc-default-executor-5] INFO  impl.RoleInfo (RoleInfo.java:shutdownFollowerState(121)) - 9092f221-0e0d-4970-bb84-cacd95020f21: shutdown FollowerState
2019-10-24 15:44:08,646 [grpc-default-executor-4] INFO  impl.RaftServerImpl (RaftServerImpl.java:setRole(184)) - b4ae536c-ed18-4717-a75c-ca4b5d6c4001@group-75C85B6D1182: changes role from  FOLLOWER to FOLLOWER at term 159 for recognizeCandidate:af280123-6372-4d1f-a5d4-c36229a73203
2019-10-24 15:44:08,646 [grpc-default-executor-4] INFO  impl.RoleInfo (RoleInfo.java:shutdownFollowerState(121)) - b4ae536c-ed18-4717-a75c-ca4b5d6c4001: shutdown FollowerState
2019-10-24 15:44:08,646 [Thread-1626] INFO  impl.FollowerState (FollowerState.java:run(117)) - 9092f221-0e0d-4970-bb84-cacd95020f21@group-75C85B6D1182-FollowerState was interrupted: java.lang.InterruptedException: sleep interrupted
2019-10-24 15:44:08,646 [grpc-default-executor-5] INFO  impl.RoleInfo (RoleInfo.java:updateAndGet(143)) - 9092f221-0e0d-4970-bb84-cacd95020f21: start FollowerState
2019-10-24 15:44:08,646 [Thread-1627] INFO  impl.FollowerState (FollowerState.java:run(117)) - b4ae536c-ed18-4717-a75c-ca4b5d6c4001@group-75C85B6D1182-FollowerState was interrupted: java.lang.InterruptedException: sleep interrupted
2019-10-24 15:44:08,646 [grpc-default-executor-4] INFO  impl.RoleInfo (RoleInfo.java:updateAndGet(143)) - b4ae536c-ed18-4717-a75c-ca4b5d6c4001: start FollowerState
2019-10-24 15:44:08,662 [af280123-6372-4d1f-a5d4-c36229a73203@group-75C85B6D1182-LeaderElection164] INFO  impl.LeaderElection (LeaderElection.java:logAndReturn(56)) - af280123-6372-4d1f-a5d4-c36229a73203@group-75C85B6D1182-LeaderElection164: Election REJECTED; received 2 response(s) [af280123-6372-4d1f-a5d4-c36229a73203<-9092f221-0e0d-4970-bb84-cacd95020f21#0:FAIL-t159, af280123-6372-4d1f-a5d4-c36229a73203<-b4ae536c-ed18-4717-a75c-ca4b5d6c4001#0:FAIL-t159] and 0 exception(s); af280123-6372-4d1f-a5d4-c36229a73203@group-75C85B6D1182:t159, leader=null, voted=af280123-6372-4d1f-a5d4-c36229a73203, raftlog=af280123-6372-4d1f-a5d4-c36229a73203@group-75C85B6D1182-SegmentedRaftLog:OPENED:c-1,f-1,i0, conf=-1: [9092f221-0e0d-4970-bb84-cacd95020f21:192.168.164.213:41903, af280123-6372-4d1f-a5d4-c36229a73203:192.168.164.213:35334, b4ae536c-ed18-4717-a75c-ca4b5d6c4001:192.168.164.213:41180], old=null
2019-10-24 15:44:08,662 [af280123-6372-4d1f-a5d4-c36229a73203@group-75C85B6D1182-LeaderElection164] INFO  impl.RaftServerImpl (RaftServerImpl.java:setRole(184)) - af280123-6372-4d1f-a5d4-c36229a73203@group-75C85B6D1182: changes role from CANDIDATE to FOLLOWER at term 159 for DISCOVERED_A_NEW_TERM
2019-10-24 15:44:08,662 [af280123-6372-4d1f-a5d4-c36229a73203@group-75C85B6D1182-LeaderElection164] INFO  impl.RoleInfo (RoleInfo.java:shutdownLeaderElection(134)) - af280123-6372-4d1f-a5d4-c36229a73203: shutdown LeaderElection
2019-10-24 15:44:08,662 [af280123-6372-4d1f-a5d4-c36229a73203@group-75C85B6D1182-LeaderElection164] INFO  impl.RoleInfo (RoleInfo.java:updateAndGet(143)) - af280123-6372-4d1f-a5d4-c36229a73203: start FollowerState
2019-10-24 15:44:08,690 [Thread-1634] INFO  impl.FollowerState (FollowerState.java:run(108)) - af280123-6372-4d1f-a5d4-c36229a73203@group-75C85B6D1182-FollowerState: change to CANDIDATE, lastRpcTime:28ms, electionTimeout:28ms
2019-10-24 15:44:08,691 [Thread-1634] INFO  impl.RoleInfo (RoleInfo.java:shutdownFollowerState(121)) - af280123-6372-4d1f-a5d4-c36229a73203: shutdown FollowerState
2019-10-24 15:44:08,691 [Thread-1634] INFO  impl.RaftServerImpl (RaftServerImpl.java:setRole(184)) - af280123-6372-4d1f-a5d4-c36229a73203@group-75C85B6D1182: changes role from  FOLLOWER to CANDIDATE at term 159 for changeToCandidate
2019-10-24 15:44:08,691 [Thread-1634] INFO  impl.RoleInfo (RoleInfo.java:updateAndGet(143)) - af280123-6372-4d1f-a5d4-c36229a73203: start LeaderElection
2019-10-24 15:44:08,694 [Thread-1565] INFO  impl.FollowerState (FollowerState.java:run(108)) - abb8132e-b90b-4ab3-abdd-91ffef5e5962@group-D6115FD00A99-FollowerState: change to CANDIDATE, lastRpcTime:1108ms, electionTimeout:1108ms
2019-10-24 15:44:08,695 [Thread-1565] INFO  impl.RoleInfo (RoleInfo.java:shutdownFollowerState(121)) - abb8132e-b90b-4ab3-abdd-91ffef5e5962: shutdown FollowerState
2019-10-24 15:44:08,695 [Thread-1565] INFO  impl.RaftServerImpl (RaftServerImpl.java:setRole(184)) - abb8132e-b90b-4ab3-abdd-91ffef5e5962@group-D6115FD00A99: changes role from  FOLLOWER to CANDIDATE at term 12 for changeToCandidate
2019-10-24 15:44:08,695 [Thread-1565] INFO  impl.RoleInfo (RoleInfo.java:updateAndGet(143)) - abb8132e-b90b-4ab3-abdd-91ffef5e5962: start LeaderElection
2019-10-24 15:44:08,704 [af280123-6372-4d1f-a5d4-c36229a73203@group-75C85B6D1182-LeaderElection165] INFO  impl.LeaderElection (LeaderElection.java:askForVotes(178)) - af280123-6372-4d1f-a5d4-c36229a73203@group-75C85B6D1182-LeaderElection165: begin an election at term 160 for -1: [9092f221-0e0d-4970-bb84-cacd95020f21:192.168.164.213:41903, af280123-6372-4d1f-a5d4-c36229a73203:192.168.164.213:35334, b4ae536c-ed18-4717-a75c-ca4b5d6c4001:192.168.164.213:41180], old=null
2019-10-24 15:44:08,704 [abb8132e-b90b-4ab3-abdd-91ffef5e5962@group-D6115FD00A99-LeaderElection166] INFO  impl.LeaderElection (LeaderElection.java:askForVotes(178)) - abb8132e-b90b-4ab3-abdd-91ffef5e5962@group-D6115FD00A99-LeaderElection166: begin an election at term 13 for 0: [876b8685-e2e6-4b2b-9f0d-f9ddcb91e852:192.168.164.213:33356, 131ee32b-eb71-4a4b-82eb-895fd06b61f2:192.168.164.213:38159, abb8132e-b90b-4ab3-abdd-91ffef5e5962:192.168.164.213:45083], old=null
2019-10-24 15:44:08,705 [abb8132e-b90b-4ab3-abdd-91ffef5e5962@group-D6115FD00A99-LeaderElection166] INFO  impl.LeaderElection (LogUtils.java:infoOrTrace(149)) - abb8132e-b90b-4ab3-abdd-91ffef5e5962@group-D6115FD00A99-LeaderElection166 got exception when requesting votes: {}
java.util.concurrent.ExecutionException: org.apache.ratis.thirdparty.io.grpc.StatusRuntimeException: UNAVAILABLE: io exception
	at java.util.concurrent.FutureTask.report(FutureTask.java:122)
	at java.util.concurrent.FutureTask.get(FutureTask.java:192)
	at org.apache.ratis.server.impl.LeaderElection.waitForResults(LeaderElection.java:259)
	at org.apache.ratis.server.impl.LeaderElection.askForVotes(LeaderElection.java:197)
	at org.apache.ratis.server.impl.LeaderElection.run(LeaderElection.java:133)
	at java.lang.Thread.run(Thread.java:748)
Caused by: org.apache.ratis.thirdparty.io.grpc.StatusRuntimeException: UNAVAILABLE: io exception
	at org.apache.ratis.thirdparty.io.grpc.stub.ClientCalls.toStatusRuntimeException(ClientCalls.java:233)
	at org.apache.ratis.thirdparty.io.grpc.stub.ClientCalls.getUnchecked(ClientCalls.java:214)
	at org.apache.ratis.thirdparty.io.grpc.stub.ClientCalls.blockingUnaryCall(ClientCalls.java:139)
	at org.apache.ratis.proto.grpc.RaftServerProtocolServiceGrpc$RaftServerProtocolServiceBlockingStub.requestVote(RaftServerProtocolServiceGrpc.java:265)
	at org.apache.ratis.grpc.server.GrpcServerProtocolClient.requestVote(GrpcServerProtocolClient.java:99)
	at org.apache.ratis.grpc.server.GrpcService.requestVote(GrpcService.java:204)
	at org.apache.ratis.server.impl.LeaderElection.lambda$submitRequests$1(LeaderElection.java:234)
	at java.util.concurrent.FutureTask.run(FutureTask.java:266)
	at java.util.concurrent.Executors$RunnableAdapter.call(Executors.java:511)
	at java.util.concurrent.FutureTask.run(FutureTask.java:266)
	at java.util.concurrent.ThreadPoolExecutor.runWorker(ThreadPoolExecutor.java:1149)
	at java.util.concurrent.ThreadPoolExecutor$Worker.run(ThreadPoolExecutor.java:624)
	... 1 more
Caused by: org.apache.ratis.thirdparty.io.netty.channel.AbstractChannel$AnnotatedConnectException: Connection refused: /192.168.164.213:33356
	at sun.nio.ch.SocketChannelImpl.checkConnect(Native Method)
	at sun.nio.ch.SocketChannelImpl.finishConnect(SocketChannelImpl.java:717)
	at org.apache.ratis.thirdparty.io.netty.channel.socket.nio.NioSocketChannel.doFinishConnect(NioSocketChannel.java:327)
	at org.apache.ratis.thirdparty.io.netty.channel.nio.AbstractNioChannel$AbstractNioUnsafe.finishConnect(AbstractNioChannel.java:340)
	at org.apache.ratis.thirdparty.io.netty.channel.nio.NioEventLoop.processSelectedKey(NioEventLoop.java:632)
	at org.apache.ratis.thirdparty.io.netty.channel.nio.NioEventLoop.processSelectedKeysOptimized(NioEventLoop.java:579)
	at org.apache.ratis.thirdparty.io.netty.channel.nio.NioEventLoop.processSelectedKeys(NioEventLoop.java:496)
	at org.apache.ratis.thirdparty.io.netty.channel.nio.NioEventLoop.run(NioEventLoop.java:458)
	at org.apache.ratis.thirdparty.io.netty.util.concurrent.SingleThreadEventExecutor$5.run(SingleThreadEventExecutor.java:897)
	at org.apache.ratis.thirdparty.io.netty.util.concurrent.FastThreadLocalRunnable.run(FastThreadLocalRunnable.java:30)
	... 1 more
Caused by: java.net.ConnectException: Connection refused
	... 11 more
2019-10-24 15:44:08,708 [grpc-default-executor-5] INFO  impl.RaftServerImpl (RaftServerImpl.java:setRole(184)) - 9092f221-0e0d-4970-bb84-cacd95020f21@group-75C85B6D1182: changes role from  FOLLOWER to FOLLOWER at term 160 for recognizeCandidate:af280123-6372-4d1f-a5d4-c36229a73203
2019-10-24 15:44:08,709 [abb8132e-b90b-4ab3-abdd-91ffef5e5962@group-D6115FD00A99-LeaderElection166] INFO  impl.LeaderElection (LogUtils.java:infoOrTrace(149)) - abb8132e-b90b-4ab3-abdd-91ffef5e5962@group-D6115FD00A99-LeaderElection166 got exception when requesting votes: {}
java.util.concurrent.ExecutionException: org.apache.ratis.thirdparty.io.grpc.StatusRuntimeException: UNAVAILABLE: io exception
	at java.util.concurrent.FutureTask.report(FutureTask.java:122)
	at java.util.concurrent.FutureTask.get(FutureTask.java:192)
	at org.apache.ratis.server.impl.LeaderElection.waitForResults(LeaderElection.java:259)
	at org.apache.ratis.server.impl.LeaderElection.askForVotes(LeaderElection.java:197)
	at org.apache.ratis.server.impl.LeaderElection.run(LeaderElection.java:133)
	at java.lang.Thread.run(Thread.java:748)
Caused by: org.apache.ratis.thirdparty.io.grpc.StatusRuntimeException: UNAVAILABLE: io exception
	at org.apache.ratis.thirdparty.io.grpc.stub.ClientCalls.toStatusRuntimeException(ClientCalls.java:233)
	at org.apache.ratis.thirdparty.io.grpc.stub.ClientCalls.getUnchecked(ClientCalls.java:214)
	at org.apache.ratis.thirdparty.io.grpc.stub.ClientCalls.blockingUnaryCall(ClientCalls.java:139)
	at org.apache.ratis.proto.grpc.RaftServerProtocolServiceGrpc$RaftServerProtocolServiceBlockingStub.requestVote(RaftServerProtocolServiceGrpc.java:265)
	at org.apache.ratis.grpc.server.GrpcServerProtocolClient.requestVote(GrpcServerProtocolClient.java:99)
	at org.apache.ratis.grpc.server.GrpcService.requestVote(GrpcService.java:204)
	at org.apache.ratis.server.impl.LeaderElection.lambda$submitRequests$1(LeaderElection.java:234)
	at java.util.concurrent.FutureTask.run(FutureTask.java:266)
	at java.util.concurrent.Executors$RunnableAdapter.call(Executors.java:511)
	at java.util.concurrent.FutureTask.run(FutureTask.java:266)
	at java.util.concurrent.ThreadPoolExecutor.runWorker(ThreadPoolExecutor.java:1149)
	at java.util.concurrent.ThreadPoolExecutor$Worker.run(ThreadPoolExecutor.java:624)
	... 1 more
Caused by: org.apache.ratis.thirdparty.io.netty.channel.AbstractChannel$AnnotatedConnectException: Connection refused: /192.168.164.213:38159
	at sun.nio.ch.SocketChannelImpl.checkConnect(Native Method)
	at sun.nio.ch.SocketChannelImpl.finishConnect(SocketChannelImpl.java:717)
	at org.apache.ratis.thirdparty.io.netty.channel.socket.nio.NioSocketChannel.doFinishConnect(NioSocketChannel.java:327)
	at org.apache.ratis.thirdparty.io.netty.channel.nio.AbstractNioChannel$AbstractNioUnsafe.finishConnect(AbstractNioChannel.java:340)
	at org.apache.ratis.thirdparty.io.netty.channel.nio.NioEventLoop.processSelectedKey(NioEventLoop.java:632)
	at org.apache.ratis.thirdparty.io.netty.channel.nio.NioEventLoop.processSelectedKeysOptimized(NioEventLoop.java:579)
	at org.apache.ratis.thirdparty.io.netty.channel.nio.NioEventLoop.processSelectedKeys(NioEventLoop.java:496)
	at org.apache.ratis.thirdparty.io.netty.channel.nio.NioEventLoop.run(NioEventLoop.java:458)
	at org.apache.ratis.thirdparty.io.netty.util.concurrent.SingleThreadEventExecutor$5.run(SingleThreadEventExecutor.java:897)
	at org.apache.ratis.thirdparty.io.netty.util.concurrent.FastThreadLocalRunnable.run(FastThreadLocalRunnable.java:30)
	... 1 more
Caused by: java.net.ConnectException: Connection refused
	... 11 more
2019-10-24 15:44:08,709 [grpc-default-executor-4] INFO  impl.RaftServerImpl (RaftServerImpl.java:setRole(184)) - b4ae536c-ed18-4717-a75c-ca4b5d6c4001@group-75C85B6D1182: changes role from  FOLLOWER to FOLLOWER at term 160 for recognizeCandidate:af280123-6372-4d1f-a5d4-c36229a73203
2019-10-24 15:44:08,714 [grpc-default-executor-4] INFO  impl.RoleInfo (RoleInfo.java:shutdownFollowerState(121)) - b4ae536c-ed18-4717-a75c-ca4b5d6c4001: shutdown FollowerState
2019-10-24 15:44:08,714 [abb8132e-b90b-4ab3-abdd-91ffef5e5962@group-D6115FD00A99-LeaderElection166] INFO  impl.LeaderElection (LeaderElection.java:logAndReturn(56)) - abb8132e-b90b-4ab3-abdd-91ffef5e5962@group-D6115FD00A99-LeaderElection166: Election REJECTED; received 0 response(s) [] and 2 exception(s); abb8132e-b90b-4ab3-abdd-91ffef5e5962@group-D6115FD00A99:t13, leader=null, voted=abb8132e-b90b-4ab3-abdd-91ffef5e5962, raftlog=abb8132e-b90b-4ab3-abdd-91ffef5e5962@group-D6115FD00A99-SegmentedRaftLog:OPENED:c4,f4,i4, conf=0: [876b8685-e2e6-4b2b-9f0d-f9ddcb91e852:192.168.164.213:33356, 131ee32b-eb71-4a4b-82eb-895fd06b61f2:192.168.164.213:38159, abb8132e-b90b-4ab3-abdd-91ffef5e5962:192.168.164.213:45083], old=null
2019-10-24 15:44:08,709 [grpc-default-executor-5] INFO  impl.RoleInfo (RoleInfo.java:shutdownFollowerState(121)) - 9092f221-0e0d-4970-bb84-cacd95020f21: shutdown FollowerState
2019-10-24 15:44:08,715 [abb8132e-b90b-4ab3-abdd-91ffef5e5962@group-D6115FD00A99-LeaderElection166] INFO  impl.LeaderElection (LogUtils.java:infoOrTrace(149)) -   Exception 0: {}
java.util.concurrent.ExecutionException: org.apache.ratis.thirdparty.io.grpc.StatusRuntimeException: UNAVAILABLE: io exception
	at java.util.concurrent.FutureTask.report(FutureTask.java:122)
	at java.util.concurrent.FutureTask.get(FutureTask.java:192)
	at org.apache.ratis.server.impl.LeaderElection.waitForResults(LeaderElection.java:259)
	at org.apache.ratis.server.impl.LeaderElection.askForVotes(LeaderElection.java:197)
	at org.apache.ratis.server.impl.LeaderElection.run(LeaderElection.java:133)
	at java.lang.Thread.run(Thread.java:748)
Caused by: org.apache.ratis.thirdparty.io.grpc.StatusRuntimeException: UNAVAILABLE: io exception
	at org.apache.ratis.thirdparty.io.grpc.stub.ClientCalls.toStatusRuntimeException(ClientCalls.java:233)
	at org.apache.ratis.thirdparty.io.grpc.stub.ClientCalls.getUnchecked(ClientCalls.java:214)
	at org.apache.ratis.thirdparty.io.grpc.stub.ClientCalls.blockingUnaryCall(ClientCalls.java:139)
	at org.apache.ratis.proto.grpc.RaftServerProtocolServiceGrpc$RaftServerProtocolServiceBlockingStub.requestVote(RaftServerProtocolServiceGrpc.java:265)
	at org.apache.ratis.grpc.server.GrpcServerProtocolClient.requestVote(GrpcServerProtocolClient.java:99)
	at org.apache.ratis.grpc.server.GrpcService.requestVote(GrpcService.java:204)
	at org.apache.ratis.server.impl.LeaderElection.lambda$submitRequests$1(LeaderElection.java:234)
	at java.util.concurrent.FutureTask.run(FutureTask.java:266)
	at java.util.concurrent.Executors$RunnableAdapter.call(Executors.java:511)
	at java.util.concurrent.FutureTask.run(FutureTask.java:266)
	at java.util.concurrent.ThreadPoolExecutor.runWorker(ThreadPoolExecutor.java:1149)
	at java.util.concurrent.ThreadPoolExecutor$Worker.run(ThreadPoolExecutor.java:624)
	... 1 more
Caused by: org.apache.ratis.thirdparty.io.netty.channel.AbstractChannel$AnnotatedConnectException: Connection refused: /192.168.164.213:33356
	at sun.nio.ch.SocketChannelImpl.checkConnect(Native Method)
	at sun.nio.ch.SocketChannelImpl.finishConnect(SocketChannelImpl.java:717)
	at org.apache.ratis.thirdparty.io.netty.channel.socket.nio.NioSocketChannel.doFinishConnect(NioSocketChannel.java:327)
	at org.apache.ratis.thirdparty.io.netty.channel.nio.AbstractNioChannel$AbstractNioUnsafe.finishConnect(AbstractNioChannel.java:340)
	at org.apache.ratis.thirdparty.io.netty.channel.nio.NioEventLoop.processSelectedKey(NioEventLoop.java:632)
	at org.apache.ratis.thirdparty.io.netty.channel.nio.NioEventLoop.processSelectedKeysOptimized(NioEventLoop.java:579)
	at org.apache.ratis.thirdparty.io.netty.channel.nio.NioEventLoop.processSelectedKeys(NioEventLoop.java:496)
	at org.apache.ratis.thirdparty.io.netty.channel.nio.NioEventLoop.run(NioEventLoop.java:458)
	at org.apache.ratis.thirdparty.io.netty.util.concurrent.SingleThreadEventExecutor$5.run(SingleThreadEventExecutor.java:897)
	at org.apache.ratis.thirdparty.io.netty.util.concurrent.FastThreadLocalRunnable.run(FastThreadLocalRunnable.java:30)
	... 1 more
Caused by: java.net.ConnectException: Connection refused
	... 11 more
2019-10-24 15:44:08,715 [abb8132e-b90b-4ab3-abdd-91ffef5e5962@group-D6115FD00A99-LeaderElection166] INFO  impl.LeaderElection (LogUtils.java:infoOrTrace(149)) -   Exception 1: {}
java.util.concurrent.ExecutionException: org.apache.ratis.thirdparty.io.grpc.StatusRuntimeException: UNAVAILABLE: io exception
	at java.util.concurrent.FutureTask.report(FutureTask.java:122)
	at java.util.concurrent.FutureTask.get(FutureTask.java:192)
	at org.apache.ratis.server.impl.LeaderElection.waitForResults(LeaderElection.java:259)
	at org.apache.ratis.server.impl.LeaderElection.askForVotes(LeaderElection.java:197)
	at org.apache.ratis.server.impl.LeaderElection.run(LeaderElection.java:133)
	at java.lang.Thread.run(Thread.java:748)
Caused by: org.apache.ratis.thirdparty.io.grpc.StatusRuntimeException: UNAVAILABLE: io exception
	at org.apache.ratis.thirdparty.io.grpc.stub.ClientCalls.toStatusRuntimeException(ClientCalls.java:233)
	at org.apache.ratis.thirdparty.io.grpc.stub.ClientCalls.getUnchecked(ClientCalls.java:214)
	at org.apache.ratis.thirdparty.io.grpc.stub.ClientCalls.blockingUnaryCall(ClientCalls.java:139)
	at org.apache.ratis.proto.grpc.RaftServerProtocolServiceGrpc$RaftServerProtocolServiceBlockingStub.requestVote(RaftServerProtocolServiceGrpc.java:265)
	at org.apache.ratis.grpc.server.GrpcServerProtocolClient.requestVote(GrpcServerProtocolClient.java:99)
	at org.apache.ratis.grpc.server.GrpcService.requestVote(GrpcService.java:204)
	at org.apache.ratis.server.impl.LeaderElection.lambda$submitRequests$1(LeaderElection.java:234)
	at java.util.concurrent.FutureTask.run(FutureTask.java:266)
	at java.util.concurrent.Executors$RunnableAdapter.call(Executors.java:511)
	at java.util.concurrent.FutureTask.run(FutureTask.java:266)
	at java.util.concurrent.ThreadPoolExecutor.runWorker(ThreadPoolExecutor.java:1149)
	at java.util.concurrent.ThreadPoolExecutor$Worker.run(ThreadPoolExecutor.java:624)
	... 1 more
Caused by: org.apache.ratis.thirdparty.io.netty.channel.AbstractChannel$AnnotatedConnectException: Connection refused: /192.168.164.213:38159
	at sun.nio.ch.SocketChannelImpl.checkConnect(Native Method)
	at sun.nio.ch.SocketChannelImpl.finishConnect(SocketChannelImpl.java:717)
	at org.apache.ratis.thirdparty.io.netty.channel.socket.nio.NioSocketChannel.doFinishConnect(NioSocketChannel.java:327)
	at org.apache.ratis.thirdparty.io.netty.channel.nio.AbstractNioChannel$AbstractNioUnsafe.finishConnect(AbstractNioChannel.java:340)
	at org.apache.ratis.thirdparty.io.netty.channel.nio.NioEventLoop.processSelectedKey(NioEventLoop.java:632)
	at org.apache.ratis.thirdparty.io.netty.channel.nio.NioEventLoop.processSelectedKeysOptimized(NioEventLoop.java:579)
	at org.apache.ratis.thirdparty.io.netty.channel.nio.NioEventLoop.processSelectedKeys(NioEventLoop.java:496)
	at org.apache.ratis.thirdparty.io.netty.channel.nio.NioEventLoop.run(NioEventLoop.java:458)
	at org.apache.ratis.thirdparty.io.netty.util.concurrent.SingleThreadEventExecutor$5.run(SingleThreadEventExecutor.java:897)
	at org.apache.ratis.thirdparty.io.netty.util.concurrent.FastThreadLocalRunnable.run(FastThreadLocalRunnable.java:30)
	... 1 more
Caused by: java.net.ConnectException: Connection refused
	... 11 more
2019-10-24 15:44:08,715 [Thread-1633] INFO  impl.FollowerState (FollowerState.java:run(117)) - b4ae536c-ed18-4717-a75c-ca4b5d6c4001@group-75C85B6D1182-FollowerState was interrupted: java.lang.InterruptedException: sleep interrupted
2019-10-24 15:44:08,715 [grpc-default-executor-4] INFO  impl.RoleInfo (RoleInfo.java:updateAndGet(143)) - b4ae536c-ed18-4717-a75c-ca4b5d6c4001: start FollowerState
2019-10-24 15:44:08,716 [abb8132e-b90b-4ab3-abdd-91ffef5e5962@group-D6115FD00A99-LeaderElection166] INFO  impl.RaftServerImpl (RaftServerImpl.java:setRole(184)) - abb8132e-b90b-4ab3-abdd-91ffef5e5962@group-D6115FD00A99: changes role from CANDIDATE to FOLLOWER at term 13 for DISCOVERED_A_NEW_TERM
2019-10-24 15:44:08,715 [Thread-1632] INFO  impl.FollowerState (FollowerState.java:run(117)) - 9092f221-0e0d-4970-bb84-cacd95020f21@group-75C85B6D1182-FollowerState was interrupted: java.lang.InterruptedException: sleep interrupted
2019-10-24 15:44:08,715 [grpc-default-executor-5] INFO  impl.RoleInfo (RoleInfo.java:updateAndGet(143)) - 9092f221-0e0d-4970-bb84-cacd95020f21: start FollowerState
2019-10-24 15:44:08,716 [abb8132e-b90b-4ab3-abdd-91ffef5e5962@group-D6115FD00A99-LeaderElection166] INFO  impl.RoleInfo (RoleInfo.java:shutdownLeaderElection(134)) - abb8132e-b90b-4ab3-abdd-91ffef5e5962: shutdown LeaderElection
2019-10-24 15:44:08,716 [abb8132e-b90b-4ab3-abdd-91ffef5e5962@group-D6115FD00A99-LeaderElection166] INFO  impl.RoleInfo (RoleInfo.java:updateAndGet(143)) - abb8132e-b90b-4ab3-abdd-91ffef5e5962: start FollowerState
2019-10-24 15:44:08,730 [af280123-6372-4d1f-a5d4-c36229a73203@group-75C85B6D1182-LeaderElection165] INFO  impl.LeaderElection (LeaderElection.java:logAndReturn(56)) - af280123-6372-4d1f-a5d4-c36229a73203@group-75C85B6D1182-LeaderElection165: Election REJECTED; received 2 response(s) [af280123-6372-4d1f-a5d4-c36229a73203<-9092f221-0e0d-4970-bb84-cacd95020f21#0:FAIL-t160, af280123-6372-4d1f-a5d4-c36229a73203<-b4ae536c-ed18-4717-a75c-ca4b5d6c4001#0:FAIL-t160] and 0 exception(s); af280123-6372-4d1f-a5d4-c36229a73203@group-75C85B6D1182:t160, leader=null, voted=af280123-6372-4d1f-a5d4-c36229a73203, raftlog=af280123-6372-4d1f-a5d4-c36229a73203@group-75C85B6D1182-SegmentedRaftLog:OPENED:c-1,f-1,i0, conf=-1: [9092f221-0e0d-4970-bb84-cacd95020f21:192.168.164.213:41903, af280123-6372-4d1f-a5d4-c36229a73203:192.168.164.213:35334, b4ae536c-ed18-4717-a75c-ca4b5d6c4001:192.168.164.213:41180], old=null
2019-10-24 15:44:08,731 [af280123-6372-4d1f-a5d4-c36229a73203@group-75C85B6D1182-LeaderElection165] INFO  impl.RaftServerImpl (RaftServerImpl.java:setRole(184)) - af280123-6372-4d1f-a5d4-c36229a73203@group-75C85B6D1182: changes role from CANDIDATE to FOLLOWER at term 160 for DISCOVERED_A_NEW_TERM
2019-10-24 15:44:08,731 [af280123-6372-4d1f-a5d4-c36229a73203@group-75C85B6D1182-LeaderElection165] INFO  impl.RoleInfo (RoleInfo.java:shutdownLeaderElection(134)) - af280123-6372-4d1f-a5d4-c36229a73203: shutdown LeaderElection
2019-10-24 15:44:08,731 [af280123-6372-4d1f-a5d4-c36229a73203@group-75C85B6D1182-LeaderElection165] INFO  impl.RoleInfo (RoleInfo.java:updateAndGet(143)) - af280123-6372-4d1f-a5d4-c36229a73203: start FollowerState
2019-10-24 15:44:08,772 [Thread-1644] INFO  impl.FollowerState (FollowerState.java:run(108)) - af280123-6372-4d1f-a5d4-c36229a73203@group-75C85B6D1182-FollowerState: change to CANDIDATE, lastRpcTime:41ms, electionTimeout:41ms
2019-10-24 15:44:08,772 [Thread-1644] INFO  impl.RoleInfo (RoleInfo.java:shutdownFollowerState(121)) - af280123-6372-4d1f-a5d4-c36229a73203: shutdown FollowerState
2019-10-24 15:44:08,773 [Thread-1644] INFO  impl.RaftServerImpl (RaftServerImpl.java:setRole(184)) - af280123-6372-4d1f-a5d4-c36229a73203@group-75C85B6D1182: changes role from  FOLLOWER to CANDIDATE at term 160 for changeToCandidate
2019-10-24 15:44:08,773 [Thread-1644] INFO  impl.RoleInfo (RoleInfo.java:updateAndGet(143)) - af280123-6372-4d1f-a5d4-c36229a73203: start LeaderElection
2019-10-24 15:44:08,786 [af280123-6372-4d1f-a5d4-c36229a73203@group-75C85B6D1182-LeaderElection167] INFO  impl.LeaderElection (LeaderElection.java:askForVotes(178)) - af280123-6372-4d1f-a5d4-c36229a73203@group-75C85B6D1182-LeaderElection167: begin an election at term 161 for -1: [9092f221-0e0d-4970-bb84-cacd95020f21:192.168.164.213:41903, af280123-6372-4d1f-a5d4-c36229a73203:192.168.164.213:35334, b4ae536c-ed18-4717-a75c-ca4b5d6c4001:192.168.164.213:41180], old=null
2019-10-24 15:44:08,788 [grpc-default-executor-5] INFO  impl.RaftServerImpl (RaftServerImpl.java:setRole(184)) - b4ae536c-ed18-4717-a75c-ca4b5d6c4001@group-75C85B6D1182: changes role from  FOLLOWER to FOLLOWER at term 161 for recognizeCandidate:af280123-6372-4d1f-a5d4-c36229a73203
2019-10-24 15:44:08,788 [grpc-default-executor-4] INFO  impl.RaftServerImpl (RaftServerImpl.java:setRole(184)) - 9092f221-0e0d-4970-bb84-cacd95020f21@group-75C85B6D1182: changes role from  FOLLOWER to FOLLOWER at term 161 for recognizeCandidate:af280123-6372-4d1f-a5d4-c36229a73203
2019-10-24 15:44:08,788 [grpc-default-executor-5] INFO  impl.RoleInfo (RoleInfo.java:shutdownFollowerState(121)) - b4ae536c-ed18-4717-a75c-ca4b5d6c4001: shutdown FollowerState
2019-10-24 15:44:08,789 [grpc-default-executor-4] INFO  impl.RoleInfo (RoleInfo.java:shutdownFollowerState(121)) - 9092f221-0e0d-4970-bb84-cacd95020f21: shutdown FollowerState
2019-10-24 15:44:08,789 [Thread-1641] INFO  impl.FollowerState (FollowerState.java:run(117)) - b4ae536c-ed18-4717-a75c-ca4b5d6c4001@group-75C85B6D1182-FollowerState was interrupted: java.lang.InterruptedException: sleep interrupted
2019-10-24 15:44:08,789 [grpc-default-executor-5] INFO  impl.RoleInfo (RoleInfo.java:updateAndGet(143)) - b4ae536c-ed18-4717-a75c-ca4b5d6c4001: start FollowerState
2019-10-24 15:44:08,789 [Thread-1642] INFO  impl.FollowerState (FollowerState.java:run(117)) - 9092f221-0e0d-4970-bb84-cacd95020f21@group-75C85B6D1182-FollowerState was interrupted: java.lang.InterruptedException: sleep interrupted
2019-10-24 15:44:08,789 [grpc-default-executor-4] INFO  impl.RoleInfo (RoleInfo.java:updateAndGet(143)) - 9092f221-0e0d-4970-bb84-cacd95020f21: start FollowerState
2019-10-24 15:44:08,803 [af280123-6372-4d1f-a5d4-c36229a73203@group-75C85B6D1182-LeaderElection167] INFO  impl.LeaderElection (LeaderElection.java:logAndReturn(56)) - af280123-6372-4d1f-a5d4-c36229a73203@group-75C85B6D1182-LeaderElection167: Election REJECTED; received 2 response(s) [af280123-6372-4d1f-a5d4-c36229a73203<-9092f221-0e0d-4970-bb84-cacd95020f21#0:FAIL-t161, af280123-6372-4d1f-a5d4-c36229a73203<-b4ae536c-ed18-4717-a75c-ca4b5d6c4001#0:FAIL-t161] and 0 exception(s); af280123-6372-4d1f-a5d4-c36229a73203@group-75C85B6D1182:t161, leader=null, voted=af280123-6372-4d1f-a5d4-c36229a73203, raftlog=af280123-6372-4d1f-a5d4-c36229a73203@group-75C85B6D1182-SegmentedRaftLog:OPENED:c-1,f-1,i0, conf=-1: [9092f221-0e0d-4970-bb84-cacd95020f21:192.168.164.213:41903, af280123-6372-4d1f-a5d4-c36229a73203:192.168.164.213:35334, b4ae536c-ed18-4717-a75c-ca4b5d6c4001:192.168.164.213:41180], old=null
2019-10-24 15:44:08,803 [af280123-6372-4d1f-a5d4-c36229a73203@group-75C85B6D1182-LeaderElection167] INFO  impl.RaftServerImpl (RaftServerImpl.java:setRole(184)) - af280123-6372-4d1f-a5d4-c36229a73203@group-75C85B6D1182: changes role from CANDIDATE to FOLLOWER at term 161 for DISCOVERED_A_NEW_TERM
2019-10-24 15:44:08,804 [af280123-6372-4d1f-a5d4-c36229a73203@group-75C85B6D1182-LeaderElection167] INFO  impl.RoleInfo (RoleInfo.java:shutdownLeaderElection(134)) - af280123-6372-4d1f-a5d4-c36229a73203: shutdown LeaderElection
2019-10-24 15:44:08,804 [af280123-6372-4d1f-a5d4-c36229a73203@group-75C85B6D1182-LeaderElection167] INFO  impl.RoleInfo (RoleInfo.java:updateAndGet(143)) - af280123-6372-4d1f-a5d4-c36229a73203: start FollowerState
2019-10-24 15:44:08,822 [Thread-1650] INFO  impl.FollowerState (FollowerState.java:run(108)) - af280123-6372-4d1f-a5d4-c36229a73203@group-75C85B6D1182-FollowerState: change to CANDIDATE, lastRpcTime:18ms, electionTimeout:18ms
2019-10-24 15:44:08,822 [Thread-1650] INFO  impl.RoleInfo (RoleInfo.java:shutdownFollowerState(121)) - af280123-6372-4d1f-a5d4-c36229a73203: shutdown FollowerState
2019-10-24 15:44:08,822 [Thread-1650] INFO  impl.RaftServerImpl (RaftServerImpl.java:setRole(184)) - af280123-6372-4d1f-a5d4-c36229a73203@group-75C85B6D1182: changes role from  FOLLOWER to CANDIDATE at term 161 for changeToCandidate
2019-10-24 15:44:08,822 [Thread-1650] INFO  impl.RoleInfo (RoleInfo.java:updateAndGet(143)) - af280123-6372-4d1f-a5d4-c36229a73203: start LeaderElection
2019-10-24 15:44:08,837 [af280123-6372-4d1f-a5d4-c36229a73203@group-75C85B6D1182-LeaderElection168] INFO  impl.LeaderElection (LeaderElection.java:askForVotes(178)) - af280123-6372-4d1f-a5d4-c36229a73203@group-75C85B6D1182-LeaderElection168: begin an election at term 162 for -1: [9092f221-0e0d-4970-bb84-cacd95020f21:192.168.164.213:41903, af280123-6372-4d1f-a5d4-c36229a73203:192.168.164.213:35334, b4ae536c-ed18-4717-a75c-ca4b5d6c4001:192.168.164.213:41180], old=null
2019-10-24 15:44:08,839 [grpc-default-executor-4] INFO  impl.RaftServerImpl (RaftServerImpl.java:setRole(184)) - 9092f221-0e0d-4970-bb84-cacd95020f21@group-75C85B6D1182: changes role from  FOLLOWER to FOLLOWER at term 162 for recognizeCandidate:af280123-6372-4d1f-a5d4-c36229a73203
2019-10-24 15:44:08,839 [grpc-default-executor-5] INFO  impl.RaftServerImpl (RaftServerImpl.java:setRole(184)) - b4ae536c-ed18-4717-a75c-ca4b5d6c4001@group-75C85B6D1182: changes role from  FOLLOWER to FOLLOWER at term 162 for recognizeCandidate:af280123-6372-4d1f-a5d4-c36229a73203
2019-10-24 15:44:08,840 [grpc-default-executor-4] INFO  impl.RoleInfo (RoleInfo.java:shutdownFollowerState(121)) - 9092f221-0e0d-4970-bb84-cacd95020f21: shutdown FollowerState
2019-10-24 15:44:08,840 [grpc-default-executor-5] INFO  impl.RoleInfo (RoleInfo.java:shutdownFollowerState(121)) - b4ae536c-ed18-4717-a75c-ca4b5d6c4001: shutdown FollowerState
2019-10-24 15:44:08,840 [Thread-1649] INFO  impl.FollowerState (FollowerState.java:run(117)) - 9092f221-0e0d-4970-bb84-cacd95020f21@group-75C85B6D1182-FollowerState was interrupted: java.lang.InterruptedException: sleep interrupted
2019-10-24 15:44:08,840 [grpc-default-executor-4] INFO  impl.RoleInfo (RoleInfo.java:updateAndGet(143)) - 9092f221-0e0d-4970-bb84-cacd95020f21: start FollowerState
2019-10-24 15:44:08,840 [Thread-1648] INFO  impl.FollowerState (FollowerState.java:run(117)) - b4ae536c-ed18-4717-a75c-ca4b5d6c4001@group-75C85B6D1182-FollowerState was interrupted: java.lang.InterruptedException: sleep interrupted
2019-10-24 15:44:08,840 [grpc-default-executor-5] INFO  impl.RoleInfo (RoleInfo.java:updateAndGet(143)) - b4ae536c-ed18-4717-a75c-ca4b5d6c4001: start FollowerState
2019-10-24 15:44:08,856 [af280123-6372-4d1f-a5d4-c36229a73203@group-75C85B6D1182-LeaderElection168] INFO  impl.LeaderElection (LeaderElection.java:logAndReturn(56)) - af280123-6372-4d1f-a5d4-c36229a73203@group-75C85B6D1182-LeaderElection168: Election REJECTED; received 2 response(s) [af280123-6372-4d1f-a5d4-c36229a73203<-9092f221-0e0d-4970-bb84-cacd95020f21#0:FAIL-t162, af280123-6372-4d1f-a5d4-c36229a73203<-b4ae536c-ed18-4717-a75c-ca4b5d6c4001#0:FAIL-t162] and 0 exception(s); af280123-6372-4d1f-a5d4-c36229a73203@group-75C85B6D1182:t162, leader=null, voted=af280123-6372-4d1f-a5d4-c36229a73203, raftlog=af280123-6372-4d1f-a5d4-c36229a73203@group-75C85B6D1182-SegmentedRaftLog:OPENED:c-1,f-1,i0, conf=-1: [9092f221-0e0d-4970-bb84-cacd95020f21:192.168.164.213:41903, af280123-6372-4d1f-a5d4-c36229a73203:192.168.164.213:35334, b4ae536c-ed18-4717-a75c-ca4b5d6c4001:192.168.164.213:41180], old=null
2019-10-24 15:44:08,856 [af280123-6372-4d1f-a5d4-c36229a73203@group-75C85B6D1182-LeaderElection168] INFO  impl.RaftServerImpl (RaftServerImpl.java:setRole(184)) - af280123-6372-4d1f-a5d4-c36229a73203@group-75C85B6D1182: changes role from CANDIDATE to FOLLOWER at term 162 for DISCOVERED_A_NEW_TERM
2019-10-24 15:44:08,856 [af280123-6372-4d1f-a5d4-c36229a73203@group-75C85B6D1182-LeaderElection168] INFO  impl.RoleInfo (RoleInfo.java:shutdownLeaderElection(134)) - af280123-6372-4d1f-a5d4-c36229a73203: shutdown LeaderElection
2019-10-24 15:44:08,856 [af280123-6372-4d1f-a5d4-c36229a73203@group-75C85B6D1182-LeaderElection168] INFO  impl.RoleInfo (RoleInfo.java:updateAndGet(143)) - af280123-6372-4d1f-a5d4-c36229a73203: start FollowerState
2019-10-24 15:44:08,947 [Thread-1658] INFO  impl.FollowerState (FollowerState.java:run(108)) - af280123-6372-4d1f-a5d4-c36229a73203@group-75C85B6D1182-FollowerState: change to CANDIDATE, lastRpcTime:90ms, electionTimeout:90ms
2019-10-24 15:44:08,947 [Thread-1658] INFO  impl.RoleInfo (RoleInfo.java:shutdownFollowerState(121)) - af280123-6372-4d1f-a5d4-c36229a73203: shutdown FollowerState
2019-10-24 15:44:08,947 [Thread-1658] INFO  impl.RaftServerImpl (RaftServerImpl.java:setRole(184)) - af280123-6372-4d1f-a5d4-c36229a73203@group-75C85B6D1182: changes role from  FOLLOWER to CANDIDATE at term 162 for changeToCandidate
2019-10-24 15:44:08,947 [Thread-1658] INFO  impl.RoleInfo (RoleInfo.java:updateAndGet(143)) - af280123-6372-4d1f-a5d4-c36229a73203: start LeaderElection
2019-10-24 15:44:08,961 [af280123-6372-4d1f-a5d4-c36229a73203@group-75C85B6D1182-LeaderElection169] INFO  impl.LeaderElection (LeaderElection.java:askForVotes(178)) - af280123-6372-4d1f-a5d4-c36229a73203@group-75C85B6D1182-LeaderElection169: begin an election at term 163 for -1: [9092f221-0e0d-4970-bb84-cacd95020f21:192.168.164.213:41903, af280123-6372-4d1f-a5d4-c36229a73203:192.168.164.213:35334, b4ae536c-ed18-4717-a75c-ca4b5d6c4001:192.168.164.213:41180], old=null
2019-10-24 15:44:08,963 [grpc-default-executor-4] INFO  impl.RaftServerImpl (RaftServerImpl.java:setRole(184)) - 9092f221-0e0d-4970-bb84-cacd95020f21@group-75C85B6D1182: changes role from  FOLLOWER to FOLLOWER at term 163 for recognizeCandidate:af280123-6372-4d1f-a5d4-c36229a73203
2019-10-24 15:44:08,963 [grpc-default-executor-5] INFO  impl.RaftServerImpl (RaftServerImpl.java:setRole(184)) - b4ae536c-ed18-4717-a75c-ca4b5d6c4001@group-75C85B6D1182: changes role from  FOLLOWER to FOLLOWER at term 163 for recognizeCandidate:af280123-6372-4d1f-a5d4-c36229a73203
2019-10-24 15:44:08,963 [grpc-default-executor-4] INFO  impl.RoleInfo (RoleInfo.java:shutdownFollowerState(121)) - 9092f221-0e0d-4970-bb84-cacd95020f21: shutdown FollowerState
2019-10-24 15:44:08,963 [grpc-default-executor-5] INFO  impl.RoleInfo (RoleInfo.java:shutdownFollowerState(121)) - b4ae536c-ed18-4717-a75c-ca4b5d6c4001: shutdown FollowerState
2019-10-24 15:44:08,963 [Thread-1656] INFO  impl.FollowerState (FollowerState.java:run(117)) - 9092f221-0e0d-4970-bb84-cacd95020f21@group-75C85B6D1182-FollowerState was interrupted: java.lang.InterruptedException: sleep interrupted
2019-10-24 15:44:08,963 [Thread-1657] INFO  impl.FollowerState (FollowerState.java:run(117)) - b4ae536c-ed18-4717-a75c-ca4b5d6c4001@group-75C85B6D1182-FollowerState was interrupted: java.lang.InterruptedException: sleep interrupted
2019-10-24 15:44:08,963 [grpc-default-executor-5] INFO  impl.RoleInfo (RoleInfo.java:updateAndGet(143)) - b4ae536c-ed18-4717-a75c-ca4b5d6c4001: start FollowerState
2019-10-24 15:44:08,963 [grpc-default-executor-4] INFO  impl.RoleInfo (RoleInfo.java:updateAndGet(143)) - 9092f221-0e0d-4970-bb84-cacd95020f21: start FollowerState
2019-10-24 15:44:08,965 [af280123-6372-4d1f-a5d4-c36229a73203@group-75C85B6D1182-LeaderElection169] INFO  impl.LeaderElection (LeaderElection.java:logAndReturn(56)) - af280123-6372-4d1f-a5d4-c36229a73203@group-75C85B6D1182-LeaderElection169: Election TIMEOUT; received 0 response(s) [] and 0 exception(s); af280123-6372-4d1f-a5d4-c36229a73203@group-75C85B6D1182:t163, leader=null, voted=af280123-6372-4d1f-a5d4-c36229a73203, raftlog=af280123-6372-4d1f-a5d4-c36229a73203@group-75C85B6D1182-SegmentedRaftLog:OPENED:c-1,f-1,i0, conf=-1: [9092f221-0e0d-4970-bb84-cacd95020f21:192.168.164.213:41903, af280123-6372-4d1f-a5d4-c36229a73203:192.168.164.213:35334, b4ae536c-ed18-4717-a75c-ca4b5d6c4001:192.168.164.213:41180], old=null
2019-10-24 15:44:08,978 [af280123-6372-4d1f-a5d4-c36229a73203@group-75C85B6D1182-LeaderElection169] INFO  impl.LeaderElection (LeaderElection.java:askForVotes(178)) - af280123-6372-4d1f-a5d4-c36229a73203@group-75C85B6D1182-LeaderElection169: begin an election at term 164 for -1: [9092f221-0e0d-4970-bb84-cacd95020f21:192.168.164.213:41903, af280123-6372-4d1f-a5d4-c36229a73203:192.168.164.213:35334, b4ae536c-ed18-4717-a75c-ca4b5d6c4001:192.168.164.213:41180], old=null
2019-10-24 15:44:08,980 [grpc-default-executor-5] INFO  impl.RaftServerImpl (RaftServerImpl.java:setRole(184)) - 9092f221-0e0d-4970-bb84-cacd95020f21@group-75C85B6D1182: changes role from  FOLLOWER to FOLLOWER at term 164 for recognizeCandidate:af280123-6372-4d1f-a5d4-c36229a73203
2019-10-24 15:44:08,980 [grpc-default-executor-4] INFO  impl.RaftServerImpl (RaftServerImpl.java:setRole(184)) - b4ae536c-ed18-4717-a75c-ca4b5d6c4001@group-75C85B6D1182: changes role from  FOLLOWER to FOLLOWER at term 164 for recognizeCandidate:af280123-6372-4d1f-a5d4-c36229a73203
2019-10-24 15:44:08,980 [grpc-default-executor-5] INFO  impl.RoleInfo (RoleInfo.java:shutdownFollowerState(121)) - 9092f221-0e0d-4970-bb84-cacd95020f21: shutdown FollowerState
2019-10-24 15:44:08,980 [grpc-default-executor-4] INFO  impl.RoleInfo (RoleInfo.java:shutdownFollowerState(121)) - b4ae536c-ed18-4717-a75c-ca4b5d6c4001: shutdown FollowerState
2019-10-24 15:44:08,980 [Thread-1662] INFO  impl.FollowerState (FollowerState.java:run(117)) - 9092f221-0e0d-4970-bb84-cacd95020f21@group-75C85B6D1182-FollowerState was interrupted: java.lang.InterruptedException: sleep interrupted
2019-10-24 15:44:08,980 [Thread-1663] INFO  impl.FollowerState (FollowerState.java:run(117)) - b4ae536c-ed18-4717-a75c-ca4b5d6c4001@group-75C85B6D1182-FollowerState was interrupted: java.lang.InterruptedException: sleep interrupted
2019-10-24 15:44:08,980 [grpc-default-executor-5] INFO  impl.RoleInfo (RoleInfo.java:updateAndGet(143)) - 9092f221-0e0d-4970-bb84-cacd95020f21: start FollowerState
2019-10-24 15:44:08,980 [grpc-default-executor-4] INFO  impl.RoleInfo (RoleInfo.java:updateAndGet(143)) - b4ae536c-ed18-4717-a75c-ca4b5d6c4001: start FollowerState
2019-10-24 15:44:08,994 [af280123-6372-4d1f-a5d4-c36229a73203@group-75C85B6D1182-LeaderElection169] INFO  impl.LeaderElection (LeaderElection.java:logAndReturn(56)) - af280123-6372-4d1f-a5d4-c36229a73203@group-75C85B6D1182-LeaderElection169: Election REJECTED; received 2 response(s) [af280123-6372-4d1f-a5d4-c36229a73203<-9092f221-0e0d-4970-bb84-cacd95020f21#0:FAIL-t164, af280123-6372-4d1f-a5d4-c36229a73203<-b4ae536c-ed18-4717-a75c-ca4b5d6c4001#0:FAIL-t164] and 0 exception(s); af280123-6372-4d1f-a5d4-c36229a73203@group-75C85B6D1182:t164, leader=null, voted=af280123-6372-4d1f-a5d4-c36229a73203, raftlog=af280123-6372-4d1f-a5d4-c36229a73203@group-75C85B6D1182-SegmentedRaftLog:OPENED:c-1,f-1,i0, conf=-1: [9092f221-0e0d-4970-bb84-cacd95020f21:192.168.164.213:41903, af280123-6372-4d1f-a5d4-c36229a73203:192.168.164.213:35334, b4ae536c-ed18-4717-a75c-ca4b5d6c4001:192.168.164.213:41180], old=null
2019-10-24 15:44:08,994 [af280123-6372-4d1f-a5d4-c36229a73203@group-75C85B6D1182-LeaderElection169] INFO  impl.RaftServerImpl (RaftServerImpl.java:setRole(184)) - af280123-6372-4d1f-a5d4-c36229a73203@group-75C85B6D1182: changes role from CANDIDATE to FOLLOWER at term 164 for DISCOVERED_A_NEW_TERM
2019-10-24 15:44:08,994 [af280123-6372-4d1f-a5d4-c36229a73203@group-75C85B6D1182-LeaderElection169] INFO  impl.RoleInfo (RoleInfo.java:shutdownLeaderElection(134)) - af280123-6372-4d1f-a5d4-c36229a73203: shutdown LeaderElection
2019-10-24 15:44:08,994 [af280123-6372-4d1f-a5d4-c36229a73203@group-75C85B6D1182-LeaderElection169] INFO  impl.RoleInfo (RoleInfo.java:updateAndGet(143)) - af280123-6372-4d1f-a5d4-c36229a73203: start FollowerState
2019-10-24 15:44:09,063 [Thread-1668] INFO  impl.FollowerState (FollowerState.java:run(108)) - af280123-6372-4d1f-a5d4-c36229a73203@group-75C85B6D1182-FollowerState: change to CANDIDATE, lastRpcTime:68ms, electionTimeout:68ms
2019-10-24 15:44:09,063 [Thread-1668] INFO  impl.RoleInfo (RoleInfo.java:shutdownFollowerState(121)) - af280123-6372-4d1f-a5d4-c36229a73203: shutdown FollowerState
2019-10-24 15:44:09,063 [Thread-1668] INFO  impl.RaftServerImpl (RaftServerImpl.java:setRole(184)) - af280123-6372-4d1f-a5d4-c36229a73203@group-75C85B6D1182: changes role from  FOLLOWER to CANDIDATE at term 164 for changeToCandidate
2019-10-24 15:44:09,064 [Thread-1668] INFO  impl.RoleInfo (RoleInfo.java:updateAndGet(143)) - af280123-6372-4d1f-a5d4-c36229a73203: start LeaderElection
2019-10-24 15:44:09,078 [af280123-6372-4d1f-a5d4-c36229a73203@group-75C85B6D1182-LeaderElection170] INFO  impl.LeaderElection (LeaderElection.java:askForVotes(178)) - af280123-6372-4d1f-a5d4-c36229a73203@group-75C85B6D1182-LeaderElection170: begin an election at term 165 for -1: [9092f221-0e0d-4970-bb84-cacd95020f21:192.168.164.213:41903, af280123-6372-4d1f-a5d4-c36229a73203:192.168.164.213:35334, b4ae536c-ed18-4717-a75c-ca4b5d6c4001:192.168.164.213:41180], old=null
2019-10-24 15:44:09,080 [grpc-default-executor-4] INFO  impl.RaftServerImpl (RaftServerImpl.java:setRole(184)) - 9092f221-0e0d-4970-bb84-cacd95020f21@group-75C85B6D1182: changes role from  FOLLOWER to FOLLOWER at term 165 for recognizeCandidate:af280123-6372-4d1f-a5d4-c36229a73203
2019-10-24 15:44:09,080 [grpc-default-executor-5] INFO  impl.RaftServerImpl (RaftServerImpl.java:setRole(184)) - b4ae536c-ed18-4717-a75c-ca4b5d6c4001@group-75C85B6D1182: changes role from  FOLLOWER to FOLLOWER at term 165 for recognizeCandidate:af280123-6372-4d1f-a5d4-c36229a73203
2019-10-24 15:44:09,080 [grpc-default-executor-4] INFO  impl.RoleInfo (RoleInfo.java:shutdownFollowerState(121)) - 9092f221-0e0d-4970-bb84-cacd95020f21: shutdown FollowerState
2019-10-24 15:44:09,080 [grpc-default-executor-5] INFO  impl.RoleInfo (RoleInfo.java:shutdownFollowerState(121)) - b4ae536c-ed18-4717-a75c-ca4b5d6c4001: shutdown FollowerState
2019-10-24 15:44:09,081 [Thread-1666] INFO  impl.FollowerState (FollowerState.java:run(117)) - 9092f221-0e0d-4970-bb84-cacd95020f21@group-75C85B6D1182-FollowerState was interrupted: java.lang.InterruptedException: sleep interrupted
2019-10-24 15:44:09,081 [grpc-default-executor-4] INFO  impl.RoleInfo (RoleInfo.java:updateAndGet(143)) - 9092f221-0e0d-4970-bb84-cacd95020f21: start FollowerState
2019-10-24 15:44:09,081 [Thread-1667] INFO  impl.FollowerState (FollowerState.java:run(117)) - b4ae536c-ed18-4717-a75c-ca4b5d6c4001@group-75C85B6D1182-FollowerState was interrupted: java.lang.InterruptedException: sleep interrupted
2019-10-24 15:44:09,081 [grpc-default-executor-5] INFO  impl.RoleInfo (RoleInfo.java:updateAndGet(143)) - b4ae536c-ed18-4717-a75c-ca4b5d6c4001: start FollowerState
2019-10-24 15:44:09,095 [af280123-6372-4d1f-a5d4-c36229a73203@group-75C85B6D1182-LeaderElection170] INFO  impl.LeaderElection (LeaderElection.java:logAndReturn(56)) - af280123-6372-4d1f-a5d4-c36229a73203@group-75C85B6D1182-LeaderElection170: Election REJECTED; received 2 response(s) [af280123-6372-4d1f-a5d4-c36229a73203<-9092f221-0e0d-4970-bb84-cacd95020f21#0:FAIL-t165, af280123-6372-4d1f-a5d4-c36229a73203<-b4ae536c-ed18-4717-a75c-ca4b5d6c4001#0:FAIL-t165] and 0 exception(s); af280123-6372-4d1f-a5d4-c36229a73203@group-75C85B6D1182:t165, leader=null, voted=af280123-6372-4d1f-a5d4-c36229a73203, raftlog=af280123-6372-4d1f-a5d4-c36229a73203@group-75C85B6D1182-SegmentedRaftLog:OPENED:c-1,f-1,i0, conf=-1: [9092f221-0e0d-4970-bb84-cacd95020f21:192.168.164.213:41903, af280123-6372-4d1f-a5d4-c36229a73203:192.168.164.213:35334, b4ae536c-ed18-4717-a75c-ca4b5d6c4001:192.168.164.213:41180], old=null
2019-10-24 15:44:09,095 [af280123-6372-4d1f-a5d4-c36229a73203@group-75C85B6D1182-LeaderElection170] INFO  impl.RaftServerImpl (RaftServerImpl.java:setRole(184)) - af280123-6372-4d1f-a5d4-c36229a73203@group-75C85B6D1182: changes role from CANDIDATE to FOLLOWER at term 165 for DISCOVERED_A_NEW_TERM
2019-10-24 15:44:09,096 [af280123-6372-4d1f-a5d4-c36229a73203@group-75C85B6D1182-LeaderElection170] INFO  impl.RoleInfo (RoleInfo.java:shutdownLeaderElection(134)) - af280123-6372-4d1f-a5d4-c36229a73203: shutdown LeaderElection
2019-10-24 15:44:09,096 [af280123-6372-4d1f-a5d4-c36229a73203@group-75C85B6D1182-LeaderElection170] INFO  impl.RoleInfo (RoleInfo.java:updateAndGet(143)) - af280123-6372-4d1f-a5d4-c36229a73203: start FollowerState
2019-10-24 15:44:09,258 [Thread-1674] INFO  impl.FollowerState (FollowerState.java:run(108)) - af280123-6372-4d1f-a5d4-c36229a73203@group-75C85B6D1182-FollowerState: change to CANDIDATE, lastRpcTime:162ms, electionTimeout:162ms
2019-10-24 15:44:09,259 [Thread-1674] INFO  impl.RoleInfo (RoleInfo.java:shutdownFollowerState(121)) - af280123-6372-4d1f-a5d4-c36229a73203: shutdown FollowerState
2019-10-24 15:44:09,259 [Thread-1674] INFO  impl.RaftServerImpl (RaftServerImpl.java:setRole(184)) - af280123-6372-4d1f-a5d4-c36229a73203@group-75C85B6D1182: changes role from  FOLLOWER to CANDIDATE at term 165 for changeToCandidate
2019-10-24 15:44:09,268 [Thread-1674] INFO  impl.RoleInfo (RoleInfo.java:updateAndGet(143)) - af280123-6372-4d1f-a5d4-c36229a73203: start LeaderElection
2019-10-24 15:44:09,282 [af280123-6372-4d1f-a5d4-c36229a73203@group-75C85B6D1182-LeaderElection171] INFO  impl.LeaderElection (LeaderElection.java:askForVotes(178)) - af280123-6372-4d1f-a5d4-c36229a73203@group-75C85B6D1182-LeaderElection171: begin an election at term 166 for -1: [9092f221-0e0d-4970-bb84-cacd95020f21:192.168.164.213:41903, af280123-6372-4d1f-a5d4-c36229a73203:192.168.164.213:35334, b4ae536c-ed18-4717-a75c-ca4b5d6c4001:192.168.164.213:41180], old=null
2019-10-24 15:44:09,285 [grpc-default-executor-5] INFO  impl.RaftServerImpl (RaftServerImpl.java:setRole(184)) - 9092f221-0e0d-4970-bb84-cacd95020f21@group-75C85B6D1182: changes role from  FOLLOWER to FOLLOWER at term 166 for recognizeCandidate:af280123-6372-4d1f-a5d4-c36229a73203
2019-10-24 15:44:09,285 [grpc-default-executor-5] INFO  impl.RoleInfo (RoleInfo.java:shutdownFollowerState(121)) - 9092f221-0e0d-4970-bb84-cacd95020f21: shutdown FollowerState
2019-10-24 15:44:09,297 [grpc-default-executor-5] INFO  impl.RoleInfo (RoleInfo.java:updateAndGet(143)) - 9092f221-0e0d-4970-bb84-cacd95020f21: start FollowerState
2019-10-24 15:44:09,297 [Thread-1672] INFO  impl.FollowerState (FollowerState.java:run(117)) - 9092f221-0e0d-4970-bb84-cacd95020f21@group-75C85B6D1182-FollowerState was interrupted: java.lang.InterruptedException: sleep interrupted
2019-10-24 15:44:09,298 [grpc-default-executor-4] INFO  impl.RaftServerImpl (RaftServerImpl.java:setRole(184)) - b4ae536c-ed18-4717-a75c-ca4b5d6c4001@group-75C85B6D1182: changes role from  FOLLOWER to FOLLOWER at term 166 for recognizeCandidate:af280123-6372-4d1f-a5d4-c36229a73203
2019-10-24 15:44:09,298 [grpc-default-executor-4] INFO  impl.RoleInfo (RoleInfo.java:shutdownFollowerState(121)) - b4ae536c-ed18-4717-a75c-ca4b5d6c4001: shutdown FollowerState
2019-10-24 15:44:09,298 [grpc-default-executor-4] INFO  impl.RoleInfo (RoleInfo.java:updateAndGet(143)) - b4ae536c-ed18-4717-a75c-ca4b5d6c4001: start FollowerState
2019-10-24 15:44:09,298 [Thread-1673] INFO  impl.FollowerState (FollowerState.java:run(117)) - b4ae536c-ed18-4717-a75c-ca4b5d6c4001@group-75C85B6D1182-FollowerState was interrupted: java.lang.InterruptedException: sleep interrupted
2019-10-24 15:44:09,312 [af280123-6372-4d1f-a5d4-c36229a73203@group-75C85B6D1182-LeaderElection171] INFO  impl.LeaderElection (LeaderElection.java:logAndReturn(56)) - af280123-6372-4d1f-a5d4-c36229a73203@group-75C85B6D1182-LeaderElection171: Election REJECTED; received 2 response(s) [af280123-6372-4d1f-a5d4-c36229a73203<-9092f221-0e0d-4970-bb84-cacd95020f21#0:FAIL-t166, af280123-6372-4d1f-a5d4-c36229a73203<-b4ae536c-ed18-4717-a75c-ca4b5d6c4001#0:FAIL-t166] and 0 exception(s); af280123-6372-4d1f-a5d4-c36229a73203@group-75C85B6D1182:t166, leader=null, voted=af280123-6372-4d1f-a5d4-c36229a73203, raftlog=af280123-6372-4d1f-a5d4-c36229a73203@group-75C85B6D1182-SegmentedRaftLog:OPENED:c-1,f-1,i0, conf=-1: [9092f221-0e0d-4970-bb84-cacd95020f21:192.168.164.213:41903, af280123-6372-4d1f-a5d4-c36229a73203:192.168.164.213:35334, b4ae536c-ed18-4717-a75c-ca4b5d6c4001:192.168.164.213:41180], old=null
2019-10-24 15:44:09,312 [af280123-6372-4d1f-a5d4-c36229a73203@group-75C85B6D1182-LeaderElection171] INFO  impl.RaftServerImpl (RaftServerImpl.java:setRole(184)) - af280123-6372-4d1f-a5d4-c36229a73203@group-75C85B6D1182: changes role from CANDIDATE to FOLLOWER at term 166 for DISCOVERED_A_NEW_TERM
2019-10-24 15:44:09,312 [af280123-6372-4d1f-a5d4-c36229a73203@group-75C85B6D1182-LeaderElection171] INFO  impl.RoleInfo (RoleInfo.java:shutdownLeaderElection(134)) - af280123-6372-4d1f-a5d4-c36229a73203: shutdown LeaderElection
2019-10-24 15:44:09,312 [af280123-6372-4d1f-a5d4-c36229a73203@group-75C85B6D1182-LeaderElection171] INFO  impl.RoleInfo (RoleInfo.java:updateAndGet(143)) - af280123-6372-4d1f-a5d4-c36229a73203: start FollowerState
2019-10-24 15:44:09,428 [Thread-1680] INFO  impl.FollowerState (FollowerState.java:run(108)) - af280123-6372-4d1f-a5d4-c36229a73203@group-75C85B6D1182-FollowerState: change to CANDIDATE, lastRpcTime:116ms, electionTimeout:116ms
2019-10-24 15:44:09,429 [Thread-1680] INFO  impl.RoleInfo (RoleInfo.java:shutdownFollowerState(121)) - af280123-6372-4d1f-a5d4-c36229a73203: shutdown FollowerState
2019-10-24 15:44:09,429 [Thread-1680] INFO  impl.RaftServerImpl (RaftServerImpl.java:setRole(184)) - af280123-6372-4d1f-a5d4-c36229a73203@group-75C85B6D1182: changes role from  FOLLOWER to CANDIDATE at term 166 for changeToCandidate
2019-10-24 15:44:09,429 [Thread-1680] INFO  impl.RoleInfo (RoleInfo.java:updateAndGet(143)) - af280123-6372-4d1f-a5d4-c36229a73203: start LeaderElection
2019-10-24 15:44:09,444 [af280123-6372-4d1f-a5d4-c36229a73203@group-75C85B6D1182-LeaderElection172] INFO  impl.LeaderElection (LeaderElection.java:askForVotes(178)) - af280123-6372-4d1f-a5d4-c36229a73203@group-75C85B6D1182-LeaderElection172: begin an election at term 167 for -1: [9092f221-0e0d-4970-bb84-cacd95020f21:192.168.164.213:41903, af280123-6372-4d1f-a5d4-c36229a73203:192.168.164.213:35334, b4ae536c-ed18-4717-a75c-ca4b5d6c4001:192.168.164.213:41180], old=null
2019-10-24 15:44:09,446 [grpc-default-executor-4] INFO  impl.RaftServerImpl (RaftServerImpl.java:setRole(184)) - 9092f221-0e0d-4970-bb84-cacd95020f21@group-75C85B6D1182: changes role from  FOLLOWER to FOLLOWER at term 167 for recognizeCandidate:af280123-6372-4d1f-a5d4-c36229a73203
2019-10-24 15:44:09,446 [grpc-default-executor-5] INFO  impl.RaftServerImpl (RaftServerImpl.java:setRole(184)) - b4ae536c-ed18-4717-a75c-ca4b5d6c4001@group-75C85B6D1182: changes role from  FOLLOWER to FOLLOWER at term 167 for recognizeCandidate:af280123-6372-4d1f-a5d4-c36229a73203
2019-10-24 15:44:09,446 [grpc-default-executor-5] INFO  impl.RoleInfo (RoleInfo.java:shutdownFollowerState(121)) - b4ae536c-ed18-4717-a75c-ca4b5d6c4001: shutdown FollowerState
2019-10-24 15:44:09,446 [grpc-default-executor-4] INFO  impl.RoleInfo (RoleInfo.java:shutdownFollowerState(121)) - 9092f221-0e0d-4970-bb84-cacd95020f21: shutdown FollowerState
2019-10-24 15:44:09,446 [Thread-1679] INFO  impl.FollowerState (FollowerState.java:run(117)) - b4ae536c-ed18-4717-a75c-ca4b5d6c4001@group-75C85B6D1182-FollowerState was interrupted: java.lang.InterruptedException: sleep interrupted
2019-10-24 15:44:09,446 [grpc-default-executor-5] INFO  impl.RoleInfo (RoleInfo.java:updateAndGet(143)) - b4ae536c-ed18-4717-a75c-ca4b5d6c4001: start FollowerState
2019-10-24 15:44:09,447 [Thread-1678] INFO  impl.FollowerState (FollowerState.java:run(117)) - 9092f221-0e0d-4970-bb84-cacd95020f21@group-75C85B6D1182-FollowerState was interrupted: java.lang.InterruptedException: sleep interrupted
2019-10-24 15:44:09,447 [grpc-default-executor-4] INFO  impl.RoleInfo (RoleInfo.java:updateAndGet(143)) - 9092f221-0e0d-4970-bb84-cacd95020f21: start FollowerState
2019-10-24 15:44:09,461 [af280123-6372-4d1f-a5d4-c36229a73203@group-75C85B6D1182-LeaderElection172] INFO  impl.LeaderElection (LeaderElection.java:logAndReturn(56)) - af280123-6372-4d1f-a5d4-c36229a73203@group-75C85B6D1182-LeaderElection172: Election REJECTED; received 2 response(s) [af280123-6372-4d1f-a5d4-c36229a73203<-9092f221-0e0d-4970-bb84-cacd95020f21#0:FAIL-t167, af280123-6372-4d1f-a5d4-c36229a73203<-b4ae536c-ed18-4717-a75c-ca4b5d6c4001#0:FAIL-t167] and 0 exception(s); af280123-6372-4d1f-a5d4-c36229a73203@group-75C85B6D1182:t167, leader=null, voted=af280123-6372-4d1f-a5d4-c36229a73203, raftlog=af280123-6372-4d1f-a5d4-c36229a73203@group-75C85B6D1182-SegmentedRaftLog:OPENED:c-1,f-1,i0, conf=-1: [9092f221-0e0d-4970-bb84-cacd95020f21:192.168.164.213:41903, af280123-6372-4d1f-a5d4-c36229a73203:192.168.164.213:35334, b4ae536c-ed18-4717-a75c-ca4b5d6c4001:192.168.164.213:41180], old=null
2019-10-24 15:44:09,461 [af280123-6372-4d1f-a5d4-c36229a73203@group-75C85B6D1182-LeaderElection172] INFO  impl.RaftServerImpl (RaftServerImpl.java:setRole(184)) - af280123-6372-4d1f-a5d4-c36229a73203@group-75C85B6D1182: changes role from CANDIDATE to FOLLOWER at term 167 for DISCOVERED_A_NEW_TERM
2019-10-24 15:44:09,461 [af280123-6372-4d1f-a5d4-c36229a73203@group-75C85B6D1182-LeaderElection172] INFO  impl.RoleInfo (RoleInfo.java:shutdownLeaderElection(134)) - af280123-6372-4d1f-a5d4-c36229a73203: shutdown LeaderElection
2019-10-24 15:44:09,462 [af280123-6372-4d1f-a5d4-c36229a73203@group-75C85B6D1182-LeaderElection172] INFO  impl.RoleInfo (RoleInfo.java:updateAndGet(143)) - af280123-6372-4d1f-a5d4-c36229a73203: start FollowerState
2019-10-24 15:44:09,553 [Thread-1688] INFO  impl.FollowerState (FollowerState.java:run(108)) - af280123-6372-4d1f-a5d4-c36229a73203@group-75C85B6D1182-FollowerState: change to CANDIDATE, lastRpcTime:91ms, electionTimeout:91ms
2019-10-24 15:44:09,553 [Thread-1688] INFO  impl.RoleInfo (RoleInfo.java:shutdownFollowerState(121)) - af280123-6372-4d1f-a5d4-c36229a73203: shutdown FollowerState
2019-10-24 15:44:09,553 [Thread-1688] INFO  impl.RaftServerImpl (RaftServerImpl.java:setRole(184)) - af280123-6372-4d1f-a5d4-c36229a73203@group-75C85B6D1182: changes role from  FOLLOWER to CANDIDATE at term 167 for changeToCandidate
2019-10-24 15:44:09,554 [Thread-1688] INFO  impl.RoleInfo (RoleInfo.java:updateAndGet(143)) - af280123-6372-4d1f-a5d4-c36229a73203: start LeaderElection
2019-10-24 15:44:09,567 [af280123-6372-4d1f-a5d4-c36229a73203@group-75C85B6D1182-LeaderElection173] INFO  impl.LeaderElection (LeaderElection.java:askForVotes(178)) - af280123-6372-4d1f-a5d4-c36229a73203@group-75C85B6D1182-LeaderElection173: begin an election at term 168 for -1: [9092f221-0e0d-4970-bb84-cacd95020f21:192.168.164.213:41903, af280123-6372-4d1f-a5d4-c36229a73203:192.168.164.213:35334, b4ae536c-ed18-4717-a75c-ca4b5d6c4001:192.168.164.213:41180], old=null
2019-10-24 15:44:09,570 [grpc-default-executor-4] INFO  impl.RaftServerImpl (RaftServerImpl.java:setRole(184)) - 9092f221-0e0d-4970-bb84-cacd95020f21@group-75C85B6D1182: changes role from  FOLLOWER to FOLLOWER at term 168 for recognizeCandidate:af280123-6372-4d1f-a5d4-c36229a73203
2019-10-24 15:44:09,570 [grpc-default-executor-4] INFO  impl.RoleInfo (RoleInfo.java:shutdownFollowerState(121)) - 9092f221-0e0d-4970-bb84-cacd95020f21: shutdown FollowerState
2019-10-24 15:44:09,570 [grpc-default-executor-5] INFO  impl.RaftServerImpl (RaftServerImpl.java:setRole(184)) - b4ae536c-ed18-4717-a75c-ca4b5d6c4001@group-75C85B6D1182: changes role from  FOLLOWER to FOLLOWER at term 168 for recognizeCandidate:af280123-6372-4d1f-a5d4-c36229a73203
2019-10-24 15:44:09,570 [Thread-1687] INFO  impl.FollowerState (FollowerState.java:run(117)) - 9092f221-0e0d-4970-bb84-cacd95020f21@group-75C85B6D1182-FollowerState was interrupted: java.lang.InterruptedException: sleep interrupted
2019-10-24 15:44:09,570 [grpc-default-executor-4] INFO  impl.RoleInfo (RoleInfo.java:updateAndGet(143)) - 9092f221-0e0d-4970-bb84-cacd95020f21: start FollowerState
2019-10-24 15:44:09,570 [grpc-default-executor-5] INFO  impl.RoleInfo (RoleInfo.java:shutdownFollowerState(121)) - b4ae536c-ed18-4717-a75c-ca4b5d6c4001: shutdown FollowerState
2019-10-24 15:44:09,571 [grpc-default-executor-5] INFO  impl.RoleInfo (RoleInfo.java:updateAndGet(143)) - b4ae536c-ed18-4717-a75c-ca4b5d6c4001: start FollowerState
2019-10-24 15:44:09,571 [Thread-1686] INFO  impl.FollowerState (FollowerState.java:run(117)) - b4ae536c-ed18-4717-a75c-ca4b5d6c4001@group-75C85B6D1182-FollowerState was interrupted: java.lang.InterruptedException: sleep interrupted
2019-10-24 15:44:09,585 [af280123-6372-4d1f-a5d4-c36229a73203@group-75C85B6D1182-LeaderElection173] INFO  impl.LeaderElection (LeaderElection.java:logAndReturn(56)) - af280123-6372-4d1f-a5d4-c36229a73203@group-75C85B6D1182-LeaderElection173: Election REJECTED; received 2 response(s) [af280123-6372-4d1f-a5d4-c36229a73203<-9092f221-0e0d-4970-bb84-cacd95020f21#0:FAIL-t168, af280123-6372-4d1f-a5d4-c36229a73203<-b4ae536c-ed18-4717-a75c-ca4b5d6c4001#0:FAIL-t168] and 0 exception(s); af280123-6372-4d1f-a5d4-c36229a73203@group-75C85B6D1182:t168, leader=null, voted=af280123-6372-4d1f-a5d4-c36229a73203, raftlog=af280123-6372-4d1f-a5d4-c36229a73203@group-75C85B6D1182-SegmentedRaftLog:OPENED:c-1,f-1,i0, conf=-1: [9092f221-0e0d-4970-bb84-cacd95020f21:192.168.164.213:41903, af280123-6372-4d1f-a5d4-c36229a73203:192.168.164.213:35334, b4ae536c-ed18-4717-a75c-ca4b5d6c4001:192.168.164.213:41180], old=null
2019-10-24 15:44:09,585 [af280123-6372-4d1f-a5d4-c36229a73203@group-75C85B6D1182-LeaderElection173] INFO  impl.RaftServerImpl (RaftServerImpl.java:setRole(184)) - af280123-6372-4d1f-a5d4-c36229a73203@group-75C85B6D1182: changes role from CANDIDATE to FOLLOWER at term 168 for DISCOVERED_A_NEW_TERM
2019-10-24 15:44:09,585 [af280123-6372-4d1f-a5d4-c36229a73203@group-75C85B6D1182-LeaderElection173] INFO  impl.RoleInfo (RoleInfo.java:shutdownLeaderElection(134)) - af280123-6372-4d1f-a5d4-c36229a73203: shutdown LeaderElection
2019-10-24 15:44:09,586 [af280123-6372-4d1f-a5d4-c36229a73203@group-75C85B6D1182-LeaderElection173] INFO  impl.RoleInfo (RoleInfo.java:updateAndGet(143)) - af280123-6372-4d1f-a5d4-c36229a73203: start FollowerState
2019-10-24 15:44:09,629 [Thread-1694] INFO  impl.FollowerState (FollowerState.java:run(108)) - af280123-6372-4d1f-a5d4-c36229a73203@group-75C85B6D1182-FollowerState: change to CANDIDATE, lastRpcTime:43ms, electionTimeout:43ms
2019-10-24 15:44:09,629 [Thread-1694] INFO  impl.RoleInfo (RoleInfo.java:shutdownFollowerState(121)) - af280123-6372-4d1f-a5d4-c36229a73203: shutdown FollowerState
2019-10-24 15:44:09,629 [Thread-1694] INFO  impl.RaftServerImpl (RaftServerImpl.java:setRole(184)) - af280123-6372-4d1f-a5d4-c36229a73203@group-75C85B6D1182: changes role from  FOLLOWER to CANDIDATE at term 168 for changeToCandidate
2019-10-24 15:44:09,629 [Thread-1694] INFO  impl.RoleInfo (RoleInfo.java:updateAndGet(143)) - af280123-6372-4d1f-a5d4-c36229a73203: start LeaderElection
2019-10-24 15:44:09,644 [af280123-6372-4d1f-a5d4-c36229a73203@group-75C85B6D1182-LeaderElection174] INFO  impl.LeaderElection (LeaderElection.java:askForVotes(178)) - af280123-6372-4d1f-a5d4-c36229a73203@group-75C85B6D1182-LeaderElection174: begin an election at term 169 for -1: [9092f221-0e0d-4970-bb84-cacd95020f21:192.168.164.213:41903, af280123-6372-4d1f-a5d4-c36229a73203:192.168.164.213:35334, b4ae536c-ed18-4717-a75c-ca4b5d6c4001:192.168.164.213:41180], old=null
2019-10-24 15:44:09,646 [grpc-default-executor-5] INFO  impl.RaftServerImpl (RaftServerImpl.java:setRole(184)) - 9092f221-0e0d-4970-bb84-cacd95020f21@group-75C85B6D1182: changes role from  FOLLOWER to FOLLOWER at term 169 for recognizeCandidate:af280123-6372-4d1f-a5d4-c36229a73203
2019-10-24 15:44:09,646 [grpc-default-executor-4] INFO  impl.RaftServerImpl (RaftServerImpl.java:setRole(184)) - b4ae536c-ed18-4717-a75c-ca4b5d6c4001@group-75C85B6D1182: changes role from  FOLLOWER to FOLLOWER at term 169 for recognizeCandidate:af280123-6372-4d1f-a5d4-c36229a73203
2019-10-24 15:44:09,646 [grpc-default-executor-5] INFO  impl.RoleInfo (RoleInfo.java:shutdownFollowerState(121)) - 9092f221-0e0d-4970-bb84-cacd95020f21: shutdown FollowerState
2019-10-24 15:44:09,647 [grpc-default-executor-4] INFO  impl.RoleInfo (RoleInfo.java:shutdownFollowerState(121)) - b4ae536c-ed18-4717-a75c-ca4b5d6c4001: shutdown FollowerState
2019-10-24 15:44:09,647 [grpc-default-executor-5] INFO  impl.RoleInfo (RoleInfo.java:updateAndGet(143)) - 9092f221-0e0d-4970-bb84-cacd95020f21: start FollowerState
2019-10-24 15:44:09,647 [Thread-1692] INFO  impl.FollowerState (FollowerState.java:run(117)) - 9092f221-0e0d-4970-bb84-cacd95020f21@group-75C85B6D1182-FollowerState was interrupted: java.lang.InterruptedException: sleep interrupted
2019-10-24 15:44:09,647 [Thread-1693] INFO  impl.FollowerState (FollowerState.java:run(117)) - b4ae536c-ed18-4717-a75c-ca4b5d6c4001@group-75C85B6D1182-FollowerState was interrupted: java.lang.InterruptedException: sleep interrupted
2019-10-24 15:44:09,647 [grpc-default-executor-4] INFO  impl.RoleInfo (RoleInfo.java:updateAndGet(143)) - b4ae536c-ed18-4717-a75c-ca4b5d6c4001: start FollowerState
2019-10-24 15:44:09,675 [af280123-6372-4d1f-a5d4-c36229a73203@group-75C85B6D1182-LeaderElection174] INFO  impl.LeaderElection (LeaderElection.java:logAndReturn(56)) - af280123-6372-4d1f-a5d4-c36229a73203@group-75C85B6D1182-LeaderElection174: Election REJECTED; received 2 response(s) [af280123-6372-4d1f-a5d4-c36229a73203<-9092f221-0e0d-4970-bb84-cacd95020f21#0:FAIL-t169, af280123-6372-4d1f-a5d4-c36229a73203<-b4ae536c-ed18-4717-a75c-ca4b5d6c4001#0:FAIL-t169] and 0 exception(s); af280123-6372-4d1f-a5d4-c36229a73203@group-75C85B6D1182:t169, leader=null, voted=af280123-6372-4d1f-a5d4-c36229a73203, raftlog=af280123-6372-4d1f-a5d4-c36229a73203@group-75C85B6D1182-SegmentedRaftLog:OPENED:c-1,f-1,i0, conf=-1: [9092f221-0e0d-4970-bb84-cacd95020f21:192.168.164.213:41903, af280123-6372-4d1f-a5d4-c36229a73203:192.168.164.213:35334, b4ae536c-ed18-4717-a75c-ca4b5d6c4001:192.168.164.213:41180], old=null
2019-10-24 15:44:09,675 [af280123-6372-4d1f-a5d4-c36229a73203@group-75C85B6D1182-LeaderElection174] INFO  impl.RaftServerImpl (RaftServerImpl.java:setRole(184)) - af280123-6372-4d1f-a5d4-c36229a73203@group-75C85B6D1182: changes role from CANDIDATE to FOLLOWER at term 169 for DISCOVERED_A_NEW_TERM
2019-10-24 15:44:09,675 [af280123-6372-4d1f-a5d4-c36229a73203@group-75C85B6D1182-LeaderElection174] INFO  impl.RoleInfo (RoleInfo.java:shutdownLeaderElection(134)) - af280123-6372-4d1f-a5d4-c36229a73203: shutdown LeaderElection
2019-10-24 15:44:09,675 [af280123-6372-4d1f-a5d4-c36229a73203@group-75C85B6D1182-LeaderElection174] INFO  impl.RoleInfo (RoleInfo.java:updateAndGet(143)) - af280123-6372-4d1f-a5d4-c36229a73203: start FollowerState
2019-10-24 15:44:09,828 [Thread-1643] INFO  impl.FollowerState (FollowerState.java:run(108)) - abb8132e-b90b-4ab3-abdd-91ffef5e5962@group-D6115FD00A99-FollowerState: change to CANDIDATE, lastRpcTime:1111ms, electionTimeout:1111ms
2019-10-24 15:44:09,828 [Thread-1643] INFO  impl.RoleInfo (RoleInfo.java:shutdownFollowerState(121)) - abb8132e-b90b-4ab3-abdd-91ffef5e5962: shutdown FollowerState
2019-10-24 15:44:09,828 [Thread-1643] INFO  impl.RaftServerImpl (RaftServerImpl.java:setRole(184)) - abb8132e-b90b-4ab3-abdd-91ffef5e5962@group-D6115FD00A99: changes role from  FOLLOWER to CANDIDATE at term 13 for changeToCandidate
2019-10-24 15:44:09,828 [Thread-1643] INFO  impl.RoleInfo (RoleInfo.java:updateAndGet(143)) - abb8132e-b90b-4ab3-abdd-91ffef5e5962: start LeaderElection
2019-10-24 15:44:09,842 [abb8132e-b90b-4ab3-abdd-91ffef5e5962@group-D6115FD00A99-LeaderElection175] INFO  impl.LeaderElection (LeaderElection.java:askForVotes(178)) - abb8132e-b90b-4ab3-abdd-91ffef5e5962@group-D6115FD00A99-LeaderElection175: begin an election at term 14 for 0: [876b8685-e2e6-4b2b-9f0d-f9ddcb91e852:192.168.164.213:33356, 131ee32b-eb71-4a4b-82eb-895fd06b61f2:192.168.164.213:38159, abb8132e-b90b-4ab3-abdd-91ffef5e5962:192.168.164.213:45083], old=null
2019-10-24 15:44:09,843 [abb8132e-b90b-4ab3-abdd-91ffef5e5962@group-D6115FD00A99-LeaderElection175] INFO  impl.LeaderElection (LogUtils.java:infoOrTrace(149)) - abb8132e-b90b-4ab3-abdd-91ffef5e5962@group-D6115FD00A99-LeaderElection175 got exception when requesting votes: {}
java.util.concurrent.ExecutionException: org.apache.ratis.thirdparty.io.grpc.StatusRuntimeException: UNAVAILABLE: io exception
	at java.util.concurrent.FutureTask.report(FutureTask.java:122)
	at java.util.concurrent.FutureTask.get(FutureTask.java:192)
	at org.apache.ratis.server.impl.LeaderElection.waitForResults(LeaderElection.java:259)
	at org.apache.ratis.server.impl.LeaderElection.askForVotes(LeaderElection.java:197)
	at org.apache.ratis.server.impl.LeaderElection.run(LeaderElection.java:133)
	at java.lang.Thread.run(Thread.java:748)
Caused by: org.apache.ratis.thirdparty.io.grpc.StatusRuntimeException: UNAVAILABLE: io exception
	at org.apache.ratis.thirdparty.io.grpc.stub.ClientCalls.toStatusRuntimeException(ClientCalls.java:233)
	at org.apache.ratis.thirdparty.io.grpc.stub.ClientCalls.getUnchecked(ClientCalls.java:214)
	at org.apache.ratis.thirdparty.io.grpc.stub.ClientCalls.blockingUnaryCall(ClientCalls.java:139)
	at org.apache.ratis.proto.grpc.RaftServerProtocolServiceGrpc$RaftServerProtocolServiceBlockingStub.requestVote(RaftServerProtocolServiceGrpc.java:265)
	at org.apache.ratis.grpc.server.GrpcServerProtocolClient.requestVote(GrpcServerProtocolClient.java:99)
	at org.apache.ratis.grpc.server.GrpcService.requestVote(GrpcService.java:204)
	at org.apache.ratis.server.impl.LeaderElection.lambda$submitRequests$1(LeaderElection.java:234)
	at java.util.concurrent.FutureTask.run(FutureTask.java:266)
	at java.util.concurrent.Executors$RunnableAdapter.call(Executors.java:511)
	at java.util.concurrent.FutureTask.run(FutureTask.java:266)
	at java.util.concurrent.ThreadPoolExecutor.runWorker(ThreadPoolExecutor.java:1149)
	at java.util.concurrent.ThreadPoolExecutor$Worker.run(ThreadPoolExecutor.java:624)
	... 1 more
Caused by: org.apache.ratis.thirdparty.io.netty.channel.AbstractChannel$AnnotatedConnectException: Connection refused: /192.168.164.213:38159
	at sun.nio.ch.SocketChannelImpl.checkConnect(Native Method)
	at sun.nio.ch.SocketChannelImpl.finishConnect(SocketChannelImpl.java:717)
	at org.apache.ratis.thirdparty.io.netty.channel.socket.nio.NioSocketChannel.doFinishConnect(NioSocketChannel.java:327)
	at org.apache.ratis.thirdparty.io.netty.channel.nio.AbstractNioChannel$AbstractNioUnsafe.finishConnect(AbstractNioChannel.java:340)
	at org.apache.ratis.thirdparty.io.netty.channel.nio.NioEventLoop.processSelectedKey(NioEventLoop.java:632)
	at org.apache.ratis.thirdparty.io.netty.channel.nio.NioEventLoop.processSelectedKeysOptimized(NioEventLoop.java:579)
	at org.apache.ratis.thirdparty.io.netty.channel.nio.NioEventLoop.processSelectedKeys(NioEventLoop.java:496)
	at org.apache.ratis.thirdparty.io.netty.channel.nio.NioEventLoop.run(NioEventLoop.java:458)
	at org.apache.ratis.thirdparty.io.netty.util.concurrent.SingleThreadEventExecutor$5.run(SingleThreadEventExecutor.java:897)
	at org.apache.ratis.thirdparty.io.netty.util.concurrent.FastThreadLocalRunnable.run(FastThreadLocalRunnable.java:30)
	... 1 more
Caused by: java.net.ConnectException: Connection refused
	... 11 more
2019-10-24 15:44:09,846 [abb8132e-b90b-4ab3-abdd-91ffef5e5962@group-D6115FD00A99-LeaderElection175] INFO  impl.LeaderElection (LogUtils.java:infoOrTrace(149)) - abb8132e-b90b-4ab3-abdd-91ffef5e5962@group-D6115FD00A99-LeaderElection175 got exception when requesting votes: {}
java.util.concurrent.ExecutionException: org.apache.ratis.thirdparty.io.grpc.StatusRuntimeException: UNAVAILABLE: io exception
	at java.util.concurrent.FutureTask.report(FutureTask.java:122)
	at java.util.concurrent.FutureTask.get(FutureTask.java:192)
	at org.apache.ratis.server.impl.LeaderElection.waitForResults(LeaderElection.java:259)
	at org.apache.ratis.server.impl.LeaderElection.askForVotes(LeaderElection.java:197)
	at org.apache.ratis.server.impl.LeaderElection.run(LeaderElection.java:133)
	at java.lang.Thread.run(Thread.java:748)
Caused by: org.apache.ratis.thirdparty.io.grpc.StatusRuntimeException: UNAVAILABLE: io exception
	at org.apache.ratis.thirdparty.io.grpc.stub.ClientCalls.toStatusRuntimeException(ClientCalls.java:233)
	at org.apache.ratis.thirdparty.io.grpc.stub.ClientCalls.getUnchecked(ClientCalls.java:214)
	at org.apache.ratis.thirdparty.io.grpc.stub.ClientCalls.blockingUnaryCall(ClientCalls.java:139)
	at org.apache.ratis.proto.grpc.RaftServerProtocolServiceGrpc$RaftServerProtocolServiceBlockingStub.requestVote(RaftServerProtocolServiceGrpc.java:265)
	at org.apache.ratis.grpc.server.GrpcServerProtocolClient.requestVote(GrpcServerProtocolClient.java:99)
	at org.apache.ratis.grpc.server.GrpcService.requestVote(GrpcService.java:204)
	at org.apache.ratis.server.impl.LeaderElection.lambda$submitRequests$1(LeaderElection.java:234)
	at java.util.concurrent.FutureTask.run(FutureTask.java:266)
	at java.util.concurrent.Executors$RunnableAdapter.call(Executors.java:511)
	at java.util.concurrent.FutureTask.run(FutureTask.java:266)
	at java.util.concurrent.ThreadPoolExecutor.runWorker(ThreadPoolExecutor.java:1149)
	at java.util.concurrent.ThreadPoolExecutor$Worker.run(ThreadPoolExecutor.java:624)
	... 1 more
Caused by: org.apache.ratis.thirdparty.io.netty.channel.AbstractChannel$AnnotatedConnectException: Connection refused: /192.168.164.213:33356
	at sun.nio.ch.SocketChannelImpl.checkConnect(Native Method)
	at sun.nio.ch.SocketChannelImpl.finishConnect(SocketChannelImpl.java:717)
	at org.apache.ratis.thirdparty.io.netty.channel.socket.nio.NioSocketChannel.doFinishConnect(NioSocketChannel.java:327)
	at org.apache.ratis.thirdparty.io.netty.channel.nio.AbstractNioChannel$AbstractNioUnsafe.finishConnect(AbstractNioChannel.java:340)
	at org.apache.ratis.thirdparty.io.netty.channel.nio.NioEventLoop.processSelectedKey(NioEventLoop.java:632)
	at org.apache.ratis.thirdparty.io.netty.channel.nio.NioEventLoop.processSelectedKeysOptimized(NioEventLoop.java:579)
	at org.apache.ratis.thirdparty.io.netty.channel.nio.NioEventLoop.processSelectedKeys(NioEventLoop.java:496)
	at org.apache.ratis.thirdparty.io.netty.channel.nio.NioEventLoop.run(NioEventLoop.java:458)
	at org.apache.ratis.thirdparty.io.netty.util.concurrent.SingleThreadEventExecutor$5.run(SingleThreadEventExecutor.java:897)
	at org.apache.ratis.thirdparty.io.netty.util.concurrent.FastThreadLocalRunnable.run(FastThreadLocalRunnable.java:30)
	... 1 more
Caused by: java.net.ConnectException: Connection refused
	... 11 more
2019-10-24 15:44:09,848 [abb8132e-b90b-4ab3-abdd-91ffef5e5962@group-D6115FD00A99-LeaderElection175] INFO  impl.LeaderElection (LeaderElection.java:logAndReturn(56)) - abb8132e-b90b-4ab3-abdd-91ffef5e5962@group-D6115FD00A99-LeaderElection175: Election REJECTED; received 0 response(s) [] and 2 exception(s); abb8132e-b90b-4ab3-abdd-91ffef5e5962@group-D6115FD00A99:t14, leader=null, voted=abb8132e-b90b-4ab3-abdd-91ffef5e5962, raftlog=abb8132e-b90b-4ab3-abdd-91ffef5e5962@group-D6115FD00A99-SegmentedRaftLog:OPENED:c4,f4,i4, conf=0: [876b8685-e2e6-4b2b-9f0d-f9ddcb91e852:192.168.164.213:33356, 131ee32b-eb71-4a4b-82eb-895fd06b61f2:192.168.164.213:38159, abb8132e-b90b-4ab3-abdd-91ffef5e5962:192.168.164.213:45083], old=null
2019-10-24 15:44:09,848 [abb8132e-b90b-4ab3-abdd-91ffef5e5962@group-D6115FD00A99-LeaderElection175] INFO  impl.LeaderElection (LogUtils.java:infoOrTrace(149)) -   Exception 0: {}
java.util.concurrent.ExecutionException: org.apache.ratis.thirdparty.io.grpc.StatusRuntimeException: UNAVAILABLE: io exception
	at java.util.concurrent.FutureTask.report(FutureTask.java:122)
	at java.util.concurrent.FutureTask.get(FutureTask.java:192)
	at org.apache.ratis.server.impl.LeaderElection.waitForResults(LeaderElection.java:259)
	at org.apache.ratis.server.impl.LeaderElection.askForVotes(LeaderElection.java:197)
	at org.apache.ratis.server.impl.LeaderElection.run(LeaderElection.java:133)
	at java.lang.Thread.run(Thread.java:748)
Caused by: org.apache.ratis.thirdparty.io.grpc.StatusRuntimeException: UNAVAILABLE: io exception
	at org.apache.ratis.thirdparty.io.grpc.stub.ClientCalls.toStatusRuntimeException(ClientCalls.java:233)
	at org.apache.ratis.thirdparty.io.grpc.stub.ClientCalls.getUnchecked(ClientCalls.java:214)
	at org.apache.ratis.thirdparty.io.grpc.stub.ClientCalls.blockingUnaryCall(ClientCalls.java:139)
	at org.apache.ratis.proto.grpc.RaftServerProtocolServiceGrpc$RaftServerProtocolServiceBlockingStub.requestVote(RaftServerProtocolServiceGrpc.java:265)
	at org.apache.ratis.grpc.server.GrpcServerProtocolClient.requestVote(GrpcServerProtocolClient.java:99)
	at org.apache.ratis.grpc.server.GrpcService.requestVote(GrpcService.java:204)
	at org.apache.ratis.server.impl.LeaderElection.lambda$submitRequests$1(LeaderElection.java:234)
	at java.util.concurrent.FutureTask.run(FutureTask.java:266)
	at java.util.concurrent.Executors$RunnableAdapter.call(Executors.java:511)
	at java.util.concurrent.FutureTask.run(FutureTask.java:266)
	at java.util.concurrent.ThreadPoolExecutor.runWorker(ThreadPoolExecutor.java:1149)
	at java.util.concurrent.ThreadPoolExecutor$Worker.run(ThreadPoolExecutor.java:624)
	... 1 more
Caused by: org.apache.ratis.thirdparty.io.netty.channel.AbstractChannel$AnnotatedConnectException: Connection refused: /192.168.164.213:38159
	at sun.nio.ch.SocketChannelImpl.checkConnect(Native Method)
	at sun.nio.ch.SocketChannelImpl.finishConnect(SocketChannelImpl.java:717)
	at org.apache.ratis.thirdparty.io.netty.channel.socket.nio.NioSocketChannel.doFinishConnect(NioSocketChannel.java:327)
	at org.apache.ratis.thirdparty.io.netty.channel.nio.AbstractNioChannel$AbstractNioUnsafe.finishConnect(AbstractNioChannel.java:340)
	at org.apache.ratis.thirdparty.io.netty.channel.nio.NioEventLoop.processSelectedKey(NioEventLoop.java:632)
	at org.apache.ratis.thirdparty.io.netty.channel.nio.NioEventLoop.processSelectedKeysOptimized(NioEventLoop.java:579)
	at org.apache.ratis.thirdparty.io.netty.channel.nio.NioEventLoop.processSelectedKeys(NioEventLoop.java:496)
	at org.apache.ratis.thirdparty.io.netty.channel.nio.NioEventLoop.run(NioEventLoop.java:458)
	at org.apache.ratis.thirdparty.io.netty.util.concurrent.SingleThreadEventExecutor$5.run(SingleThreadEventExecutor.java:897)
	at org.apache.ratis.thirdparty.io.netty.util.concurrent.FastThreadLocalRunnable.run(FastThreadLocalRunnable.java:30)
	... 1 more
Caused by: java.net.ConnectException: Connection refused
	... 11 more
2019-10-24 15:44:09,849 [abb8132e-b90b-4ab3-abdd-91ffef5e5962@group-D6115FD00A99-LeaderElection175] INFO  impl.LeaderElection (LogUtils.java:infoOrTrace(149)) -   Exception 1: {}
java.util.concurrent.ExecutionException: org.apache.ratis.thirdparty.io.grpc.StatusRuntimeException: UNAVAILABLE: io exception
	at java.util.concurrent.FutureTask.report(FutureTask.java:122)
	at java.util.concurrent.FutureTask.get(FutureTask.java:192)
	at org.apache.ratis.server.impl.LeaderElection.waitForResults(LeaderElection.java:259)
	at org.apache.ratis.server.impl.LeaderElection.askForVotes(LeaderElection.java:197)
	at org.apache.ratis.server.impl.LeaderElection.run(LeaderElection.java:133)
	at java.lang.Thread.run(Thread.java:748)
Caused by: org.apache.ratis.thirdparty.io.grpc.StatusRuntimeException: UNAVAILABLE: io exception
	at org.apache.ratis.thirdparty.io.grpc.stub.ClientCalls.toStatusRuntimeException(ClientCalls.java:233)
	at org.apache.ratis.thirdparty.io.grpc.stub.ClientCalls.getUnchecked(ClientCalls.java:214)
	at org.apache.ratis.thirdparty.io.grpc.stub.ClientCalls.blockingUnaryCall(ClientCalls.java:139)
	at org.apache.ratis.proto.grpc.RaftServerProtocolServiceGrpc$RaftServerProtocolServiceBlockingStub.requestVote(RaftServerProtocolServiceGrpc.java:265)
	at org.apache.ratis.grpc.server.GrpcServerProtocolClient.requestVote(GrpcServerProtocolClient.java:99)
	at org.apache.ratis.grpc.server.GrpcService.requestVote(GrpcService.java:204)
	at org.apache.ratis.server.impl.LeaderElection.lambda$submitRequests$1(LeaderElection.java:234)
	at java.util.concurrent.FutureTask.run(FutureTask.java:266)
	at java.util.concurrent.Executors$RunnableAdapter.call(Executors.java:511)
	at java.util.concurrent.FutureTask.run(FutureTask.java:266)
	at java.util.concurrent.ThreadPoolExecutor.runWorker(ThreadPoolExecutor.java:1149)
	at java.util.concurrent.ThreadPoolExecutor$Worker.run(ThreadPoolExecutor.java:624)
	... 1 more
Caused by: org.apache.ratis.thirdparty.io.netty.channel.AbstractChannel$AnnotatedConnectException: Connection refused: /192.168.164.213:33356
	at sun.nio.ch.SocketChannelImpl.checkConnect(Native Method)
	at sun.nio.ch.SocketChannelImpl.finishConnect(SocketChannelImpl.java:717)
	at org.apache.ratis.thirdparty.io.netty.channel.socket.nio.NioSocketChannel.doFinishConnect(NioSocketChannel.java:327)
	at org.apache.ratis.thirdparty.io.netty.channel.nio.AbstractNioChannel$AbstractNioUnsafe.finishConnect(AbstractNioChannel.java:340)
	at org.apache.ratis.thirdparty.io.netty.channel.nio.NioEventLoop.processSelectedKey(NioEventLoop.java:632)
	at org.apache.ratis.thirdparty.io.netty.channel.nio.NioEventLoop.processSelectedKeysOptimized(NioEventLoop.java:579)
	at org.apache.ratis.thirdparty.io.netty.channel.nio.NioEventLoop.processSelectedKeys(NioEventLoop.java:496)
	at org.apache.ratis.thirdparty.io.netty.channel.nio.NioEventLoop.run(NioEventLoop.java:458)
	at org.apache.ratis.thirdparty.io.netty.util.concurrent.SingleThreadEventExecutor$5.run(SingleThreadEventExecutor.java:897)
	at org.apache.ratis.thirdparty.io.netty.util.concurrent.FastThreadLocalRunnable.run(FastThreadLocalRunnable.java:30)
	... 1 more
Caused by: java.net.ConnectException: Connection refused
	... 11 more
2019-10-24 15:44:09,849 [abb8132e-b90b-4ab3-abdd-91ffef5e5962@group-D6115FD00A99-LeaderElection175] INFO  impl.RaftServerImpl (RaftServerImpl.java:setRole(184)) - abb8132e-b90b-4ab3-abdd-91ffef5e5962@group-D6115FD00A99: changes role from CANDIDATE to FOLLOWER at term 14 for DISCOVERED_A_NEW_TERM
2019-10-24 15:44:09,849 [abb8132e-b90b-4ab3-abdd-91ffef5e5962@group-D6115FD00A99-LeaderElection175] INFO  impl.RoleInfo (RoleInfo.java:shutdownLeaderElection(134)) - abb8132e-b90b-4ab3-abdd-91ffef5e5962: shutdown LeaderElection
2019-10-24 15:44:09,849 [abb8132e-b90b-4ab3-abdd-91ffef5e5962@group-D6115FD00A99-LeaderElection175] INFO  impl.RoleInfo (RoleInfo.java:updateAndGet(143)) - abb8132e-b90b-4ab3-abdd-91ffef5e5962: start FollowerState
2019-10-24 15:44:09,865 [Thread-1700] INFO  impl.FollowerState (FollowerState.java:run(108)) - af280123-6372-4d1f-a5d4-c36229a73203@group-75C85B6D1182-FollowerState: change to CANDIDATE, lastRpcTime:189ms, electionTimeout:189ms
2019-10-24 15:44:09,865 [Thread-1700] INFO  impl.RoleInfo (RoleInfo.java:shutdownFollowerState(121)) - af280123-6372-4d1f-a5d4-c36229a73203: shutdown FollowerState
2019-10-24 15:44:09,865 [Thread-1700] INFO  impl.RaftServerImpl (RaftServerImpl.java:setRole(184)) - af280123-6372-4d1f-a5d4-c36229a73203@group-75C85B6D1182: changes role from  FOLLOWER to CANDIDATE at term 169 for changeToCandidate
2019-10-24 15:44:09,865 [Thread-1700] INFO  impl.RoleInfo (RoleInfo.java:updateAndGet(143)) - af280123-6372-4d1f-a5d4-c36229a73203: start LeaderElection
2019-10-24 15:44:09,880 [af280123-6372-4d1f-a5d4-c36229a73203@group-75C85B6D1182-LeaderElection176] INFO  impl.LeaderElection (LeaderElection.java:askForVotes(178)) - af280123-6372-4d1f-a5d4-c36229a73203@group-75C85B6D1182-LeaderElection176: begin an election at term 170 for -1: [9092f221-0e0d-4970-bb84-cacd95020f21:192.168.164.213:41903, af280123-6372-4d1f-a5d4-c36229a73203:192.168.164.213:35334, b4ae536c-ed18-4717-a75c-ca4b5d6c4001:192.168.164.213:41180], old=null
2019-10-24 15:44:09,882 [grpc-default-executor-5] INFO  impl.RaftServerImpl (RaftServerImpl.java:setRole(184)) - 9092f221-0e0d-4970-bb84-cacd95020f21@group-75C85B6D1182: changes role from  FOLLOWER to FOLLOWER at term 170 for recognizeCandidate:af280123-6372-4d1f-a5d4-c36229a73203
2019-10-24 15:44:09,882 [grpc-default-executor-4] INFO  impl.RaftServerImpl (RaftServerImpl.java:setRole(184)) - b4ae536c-ed18-4717-a75c-ca4b5d6c4001@group-75C85B6D1182: changes role from  FOLLOWER to FOLLOWER at term 170 for recognizeCandidate:af280123-6372-4d1f-a5d4-c36229a73203
2019-10-24 15:44:09,882 [grpc-default-executor-5] INFO  impl.RoleInfo (RoleInfo.java:shutdownFollowerState(121)) - 9092f221-0e0d-4970-bb84-cacd95020f21: shutdown FollowerState
2019-10-24 15:44:09,882 [grpc-default-executor-4] INFO  impl.RoleInfo (RoleInfo.java:shutdownFollowerState(121)) - b4ae536c-ed18-4717-a75c-ca4b5d6c4001: shutdown FollowerState
2019-10-24 15:44:09,882 [Thread-1698] INFO  impl.FollowerState (FollowerState.java:run(117)) - 9092f221-0e0d-4970-bb84-cacd95020f21@group-75C85B6D1182-FollowerState was interrupted: java.lang.InterruptedException: sleep interrupted
2019-10-24 15:44:09,882 [grpc-default-executor-5] INFO  impl.RoleInfo (RoleInfo.java:updateAndGet(143)) - 9092f221-0e0d-4970-bb84-cacd95020f21: start FollowerState
2019-10-24 15:44:09,882 [Thread-1699] INFO  impl.FollowerState (FollowerState.java:run(117)) - b4ae536c-ed18-4717-a75c-ca4b5d6c4001@group-75C85B6D1182-FollowerState was interrupted: java.lang.InterruptedException: sleep interrupted
2019-10-24 15:44:09,882 [grpc-default-executor-4] INFO  impl.RoleInfo (RoleInfo.java:updateAndGet(143)) - b4ae536c-ed18-4717-a75c-ca4b5d6c4001: start FollowerState
2019-10-24 15:44:09,897 [af280123-6372-4d1f-a5d4-c36229a73203@group-75C85B6D1182-LeaderElection176] INFO  impl.LeaderElection (LeaderElection.java:logAndReturn(56)) - af280123-6372-4d1f-a5d4-c36229a73203@group-75C85B6D1182-LeaderElection176: Election REJECTED; received 2 response(s) [af280123-6372-4d1f-a5d4-c36229a73203<-9092f221-0e0d-4970-bb84-cacd95020f21#0:FAIL-t170, af280123-6372-4d1f-a5d4-c36229a73203<-b4ae536c-ed18-4717-a75c-ca4b5d6c4001#0:FAIL-t170] and 0 exception(s); af280123-6372-4d1f-a5d4-c36229a73203@group-75C85B6D1182:t170, leader=null, voted=af280123-6372-4d1f-a5d4-c36229a73203, raftlog=af280123-6372-4d1f-a5d4-c36229a73203@group-75C85B6D1182-SegmentedRaftLog:OPENED:c-1,f-1,i0, conf=-1: [9092f221-0e0d-4970-bb84-cacd95020f21:192.168.164.213:41903, af280123-6372-4d1f-a5d4-c36229a73203:192.168.164.213:35334, b4ae536c-ed18-4717-a75c-ca4b5d6c4001:192.168.164.213:41180], old=null
2019-10-24 15:44:09,897 [af280123-6372-4d1f-a5d4-c36229a73203@group-75C85B6D1182-LeaderElection176] INFO  impl.RaftServerImpl (RaftServerImpl.java:setRole(184)) - af280123-6372-4d1f-a5d4-c36229a73203@group-75C85B6D1182: changes role from CANDIDATE to FOLLOWER at term 170 for DISCOVERED_A_NEW_TERM
2019-10-24 15:44:09,897 [af280123-6372-4d1f-a5d4-c36229a73203@group-75C85B6D1182-LeaderElection176] INFO  impl.RoleInfo (RoleInfo.java:shutdownLeaderElection(134)) - af280123-6372-4d1f-a5d4-c36229a73203: shutdown LeaderElection
2019-10-24 15:44:09,897 [af280123-6372-4d1f-a5d4-c36229a73203@group-75C85B6D1182-LeaderElection176] INFO  impl.RoleInfo (RoleInfo.java:updateAndGet(143)) - af280123-6372-4d1f-a5d4-c36229a73203: start FollowerState
2019-10-24 15:44:10,090 [Thread-1712] INFO  impl.FollowerState (FollowerState.java:run(108)) - af280123-6372-4d1f-a5d4-c36229a73203@group-75C85B6D1182-FollowerState: change to CANDIDATE, lastRpcTime:193ms, electionTimeout:193ms
2019-10-24 15:44:10,091 [Thread-1712] INFO  impl.RoleInfo (RoleInfo.java:shutdownFollowerState(121)) - af280123-6372-4d1f-a5d4-c36229a73203: shutdown FollowerState
2019-10-24 15:44:10,091 [Thread-1712] INFO  impl.RaftServerImpl (RaftServerImpl.java:setRole(184)) - af280123-6372-4d1f-a5d4-c36229a73203@group-75C85B6D1182: changes role from  FOLLOWER to CANDIDATE at term 170 for changeToCandidate
2019-10-24 15:44:10,091 [Thread-1712] INFO  impl.RoleInfo (RoleInfo.java:updateAndGet(143)) - af280123-6372-4d1f-a5d4-c36229a73203: start LeaderElection
2019-10-24 15:44:10,105 [af280123-6372-4d1f-a5d4-c36229a73203@group-75C85B6D1182-LeaderElection177] INFO  impl.LeaderElection (LeaderElection.java:askForVotes(178)) - af280123-6372-4d1f-a5d4-c36229a73203@group-75C85B6D1182-LeaderElection177: begin an election at term 171 for -1: [9092f221-0e0d-4970-bb84-cacd95020f21:192.168.164.213:41903, af280123-6372-4d1f-a5d4-c36229a73203:192.168.164.213:35334, b4ae536c-ed18-4717-a75c-ca4b5d6c4001:192.168.164.213:41180], old=null
2019-10-24 15:44:10,107 [grpc-default-executor-5] INFO  impl.RaftServerImpl (RaftServerImpl.java:setRole(184)) - 9092f221-0e0d-4970-bb84-cacd95020f21@group-75C85B6D1182: changes role from  FOLLOWER to FOLLOWER at term 171 for recognizeCandidate:af280123-6372-4d1f-a5d4-c36229a73203
2019-10-24 15:44:10,107 [grpc-default-executor-4] INFO  impl.RaftServerImpl (RaftServerImpl.java:setRole(184)) - b4ae536c-ed18-4717-a75c-ca4b5d6c4001@group-75C85B6D1182: changes role from  FOLLOWER to FOLLOWER at term 171 for recognizeCandidate:af280123-6372-4d1f-a5d4-c36229a73203
2019-10-24 15:44:10,108 [grpc-default-executor-5] INFO  impl.RoleInfo (RoleInfo.java:shutdownFollowerState(121)) - 9092f221-0e0d-4970-bb84-cacd95020f21: shutdown FollowerState
2019-10-24 15:44:10,108 [grpc-default-executor-4] INFO  impl.RoleInfo (RoleInfo.java:shutdownFollowerState(121)) - b4ae536c-ed18-4717-a75c-ca4b5d6c4001: shutdown FollowerState
2019-10-24 15:44:10,108 [Thread-1710] INFO  impl.FollowerState (FollowerState.java:run(117)) - 9092f221-0e0d-4970-bb84-cacd95020f21@group-75C85B6D1182-FollowerState was interrupted: java.lang.InterruptedException: sleep interrupted
2019-10-24 15:44:10,108 [grpc-default-executor-5] INFO  impl.RoleInfo (RoleInfo.java:updateAndGet(143)) - 9092f221-0e0d-4970-bb84-cacd95020f21: start FollowerState
2019-10-24 15:44:10,108 [Thread-1711] INFO  impl.FollowerState (FollowerState.java:run(117)) - b4ae536c-ed18-4717-a75c-ca4b5d6c4001@group-75C85B6D1182-FollowerState was interrupted: java.lang.InterruptedException: sleep interrupted
2019-10-24 15:44:10,108 [grpc-default-executor-4] INFO  impl.RoleInfo (RoleInfo.java:updateAndGet(143)) - b4ae536c-ed18-4717-a75c-ca4b5d6c4001: start FollowerState
2019-10-24 15:44:10,122 [af280123-6372-4d1f-a5d4-c36229a73203@group-75C85B6D1182-LeaderElection177] INFO  impl.LeaderElection (LeaderElection.java:logAndReturn(56)) - af280123-6372-4d1f-a5d4-c36229a73203@group-75C85B6D1182-LeaderElection177: Election REJECTED; received 2 response(s) [af280123-6372-4d1f-a5d4-c36229a73203<-9092f221-0e0d-4970-bb84-cacd95020f21#0:FAIL-t171, af280123-6372-4d1f-a5d4-c36229a73203<-b4ae536c-ed18-4717-a75c-ca4b5d6c4001#0:FAIL-t171] and 0 exception(s); af280123-6372-4d1f-a5d4-c36229a73203@group-75C85B6D1182:t171, leader=null, voted=af280123-6372-4d1f-a5d4-c36229a73203, raftlog=af280123-6372-4d1f-a5d4-c36229a73203@group-75C85B6D1182-SegmentedRaftLog:OPENED:c-1,f-1,i0, conf=-1: [9092f221-0e0d-4970-bb84-cacd95020f21:192.168.164.213:41903, af280123-6372-4d1f-a5d4-c36229a73203:192.168.164.213:35334, b4ae536c-ed18-4717-a75c-ca4b5d6c4001:192.168.164.213:41180], old=null
2019-10-24 15:44:10,123 [af280123-6372-4d1f-a5d4-c36229a73203@group-75C85B6D1182-LeaderElection177] INFO  impl.RaftServerImpl (RaftServerImpl.java:setRole(184)) - af280123-6372-4d1f-a5d4-c36229a73203@group-75C85B6D1182: changes role from CANDIDATE to FOLLOWER at term 171 for DISCOVERED_A_NEW_TERM
2019-10-24 15:44:10,123 [af280123-6372-4d1f-a5d4-c36229a73203@group-75C85B6D1182-LeaderElection177] INFO  impl.RoleInfo (RoleInfo.java:shutdownLeaderElection(134)) - af280123-6372-4d1f-a5d4-c36229a73203: shutdown LeaderElection
2019-10-24 15:44:10,123 [af280123-6372-4d1f-a5d4-c36229a73203@group-75C85B6D1182-LeaderElection177] INFO  impl.RoleInfo (RoleInfo.java:updateAndGet(143)) - af280123-6372-4d1f-a5d4-c36229a73203: start FollowerState
2019-10-24 15:44:10,152 [Thread-1718] INFO  impl.FollowerState (FollowerState.java:run(108)) - af280123-6372-4d1f-a5d4-c36229a73203@group-75C85B6D1182-FollowerState: change to CANDIDATE, lastRpcTime:29ms, electionTimeout:29ms
2019-10-24 15:44:10,152 [Thread-1718] INFO  impl.RoleInfo (RoleInfo.java:shutdownFollowerState(121)) - af280123-6372-4d1f-a5d4-c36229a73203: shutdown FollowerState
2019-10-24 15:44:10,153 [Thread-1718] INFO  impl.RaftServerImpl (RaftServerImpl.java:setRole(184)) - af280123-6372-4d1f-a5d4-c36229a73203@group-75C85B6D1182: changes role from  FOLLOWER to CANDIDATE at term 171 for changeToCandidate
2019-10-24 15:44:10,153 [Thread-1718] INFO  impl.RoleInfo (RoleInfo.java:updateAndGet(143)) - af280123-6372-4d1f-a5d4-c36229a73203: start LeaderElection
2019-10-24 15:44:10,175 [af280123-6372-4d1f-a5d4-c36229a73203@group-75C85B6D1182-LeaderElection178] INFO  impl.LeaderElection (LeaderElection.java:askForVotes(178)) - af280123-6372-4d1f-a5d4-c36229a73203@group-75C85B6D1182-LeaderElection178: begin an election at term 172 for -1: [9092f221-0e0d-4970-bb84-cacd95020f21:192.168.164.213:41903, af280123-6372-4d1f-a5d4-c36229a73203:192.168.164.213:35334, b4ae536c-ed18-4717-a75c-ca4b5d6c4001:192.168.164.213:41180], old=null
2019-10-24 15:44:10,177 [grpc-default-executor-4] INFO  impl.RaftServerImpl (RaftServerImpl.java:setRole(184)) - b4ae536c-ed18-4717-a75c-ca4b5d6c4001@group-75C85B6D1182: changes role from  FOLLOWER to FOLLOWER at term 172 for recognizeCandidate:af280123-6372-4d1f-a5d4-c36229a73203
2019-10-24 15:44:10,177 [grpc-default-executor-5] INFO  impl.RaftServerImpl (RaftServerImpl.java:setRole(184)) - 9092f221-0e0d-4970-bb84-cacd95020f21@group-75C85B6D1182: changes role from  FOLLOWER to FOLLOWER at term 172 for recognizeCandidate:af280123-6372-4d1f-a5d4-c36229a73203
2019-10-24 15:44:10,177 [grpc-default-executor-4] INFO  impl.RoleInfo (RoleInfo.java:shutdownFollowerState(121)) - b4ae536c-ed18-4717-a75c-ca4b5d6c4001: shutdown FollowerState
2019-10-24 15:44:10,177 [grpc-default-executor-5] INFO  impl.RoleInfo (RoleInfo.java:shutdownFollowerState(121)) - 9092f221-0e0d-4970-bb84-cacd95020f21: shutdown FollowerState
2019-10-24 15:44:10,177 [Thread-1717] INFO  impl.FollowerState (FollowerState.java:run(117)) - b4ae536c-ed18-4717-a75c-ca4b5d6c4001@group-75C85B6D1182-FollowerState was interrupted: java.lang.InterruptedException: sleep interrupted
2019-10-24 15:44:10,177 [grpc-default-executor-4] INFO  impl.RoleInfo (RoleInfo.java:updateAndGet(143)) - b4ae536c-ed18-4717-a75c-ca4b5d6c4001: start FollowerState
2019-10-24 15:44:10,177 [Thread-1716] INFO  impl.FollowerState (FollowerState.java:run(117)) - 9092f221-0e0d-4970-bb84-cacd95020f21@group-75C85B6D1182-FollowerState was interrupted: java.lang.InterruptedException: sleep interrupted
2019-10-24 15:44:10,177 [grpc-default-executor-5] INFO  impl.RoleInfo (RoleInfo.java:updateAndGet(143)) - 9092f221-0e0d-4970-bb84-cacd95020f21: start FollowerState
2019-10-24 15:44:10,190 [af280123-6372-4d1f-a5d4-c36229a73203@group-75C85B6D1182-LeaderElection178] INFO  impl.LeaderElection (LeaderElection.java:logAndReturn(56)) - af280123-6372-4d1f-a5d4-c36229a73203@group-75C85B6D1182-LeaderElection178: Election REJECTED; received 2 response(s) [af280123-6372-4d1f-a5d4-c36229a73203<-9092f221-0e0d-4970-bb84-cacd95020f21#0:FAIL-t172, af280123-6372-4d1f-a5d4-c36229a73203<-b4ae536c-ed18-4717-a75c-ca4b5d6c4001#0:FAIL-t172] and 0 exception(s); af280123-6372-4d1f-a5d4-c36229a73203@group-75C85B6D1182:t172, leader=null, voted=af280123-6372-4d1f-a5d4-c36229a73203, raftlog=af280123-6372-4d1f-a5d4-c36229a73203@group-75C85B6D1182-SegmentedRaftLog:OPENED:c-1,f-1,i0, conf=-1: [9092f221-0e0d-4970-bb84-cacd95020f21:192.168.164.213:41903, af280123-6372-4d1f-a5d4-c36229a73203:192.168.164.213:35334, b4ae536c-ed18-4717-a75c-ca4b5d6c4001:192.168.164.213:41180], old=null
2019-10-24 15:44:10,190 [af280123-6372-4d1f-a5d4-c36229a73203@group-75C85B6D1182-LeaderElection178] INFO  impl.RaftServerImpl (RaftServerImpl.java:setRole(184)) - af280123-6372-4d1f-a5d4-c36229a73203@group-75C85B6D1182: changes role from CANDIDATE to FOLLOWER at term 172 for DISCOVERED_A_NEW_TERM
2019-10-24 15:44:10,190 [af280123-6372-4d1f-a5d4-c36229a73203@group-75C85B6D1182-LeaderElection178] INFO  impl.RoleInfo (RoleInfo.java:shutdownLeaderElection(134)) - af280123-6372-4d1f-a5d4-c36229a73203: shutdown LeaderElection
2019-10-24 15:44:10,190 [af280123-6372-4d1f-a5d4-c36229a73203@group-75C85B6D1182-LeaderElection178] INFO  impl.RoleInfo (RoleInfo.java:updateAndGet(143)) - af280123-6372-4d1f-a5d4-c36229a73203: start FollowerState
2019-10-24 15:44:10,353 [Thread-1724] INFO  impl.FollowerState (FollowerState.java:run(108)) - af280123-6372-4d1f-a5d4-c36229a73203@group-75C85B6D1182-FollowerState: change to CANDIDATE, lastRpcTime:162ms, electionTimeout:162ms
2019-10-24 15:44:10,353 [Thread-1724] INFO  impl.RoleInfo (RoleInfo.java:shutdownFollowerState(121)) - af280123-6372-4d1f-a5d4-c36229a73203: shutdown FollowerState
2019-10-24 15:44:10,353 [Thread-1724] INFO  impl.RaftServerImpl (RaftServerImpl.java:setRole(184)) - af280123-6372-4d1f-a5d4-c36229a73203@group-75C85B6D1182: changes role from  FOLLOWER to CANDIDATE at term 172 for changeToCandidate
2019-10-24 15:44:10,354 [Thread-1724] INFO  impl.RoleInfo (RoleInfo.java:updateAndGet(143)) - af280123-6372-4d1f-a5d4-c36229a73203: start LeaderElection
2019-10-24 15:44:10,379 [af280123-6372-4d1f-a5d4-c36229a73203@group-75C85B6D1182-LeaderElection179] INFO  impl.LeaderElection (LeaderElection.java:askForVotes(178)) - af280123-6372-4d1f-a5d4-c36229a73203@group-75C85B6D1182-LeaderElection179: begin an election at term 173 for -1: [9092f221-0e0d-4970-bb84-cacd95020f21:192.168.164.213:41903, af280123-6372-4d1f-a5d4-c36229a73203:192.168.164.213:35334, b4ae536c-ed18-4717-a75c-ca4b5d6c4001:192.168.164.213:41180], old=null
2019-10-24 15:44:10,382 [grpc-default-executor-4] INFO  impl.RaftServerImpl (RaftServerImpl.java:setRole(184)) - 9092f221-0e0d-4970-bb84-cacd95020f21@group-75C85B6D1182: changes role from  FOLLOWER to FOLLOWER at term 173 for recognizeCandidate:af280123-6372-4d1f-a5d4-c36229a73203
2019-10-24 15:44:10,382 [grpc-default-executor-5] INFO  impl.RaftServerImpl (RaftServerImpl.java:setRole(184)) - b4ae536c-ed18-4717-a75c-ca4b5d6c4001@group-75C85B6D1182: changes role from  FOLLOWER to FOLLOWER at term 173 for recognizeCandidate:af280123-6372-4d1f-a5d4-c36229a73203
2019-10-24 15:44:10,382 [grpc-default-executor-4] INFO  impl.RoleInfo (RoleInfo.java:shutdownFollowerState(121)) - 9092f221-0e0d-4970-bb84-cacd95020f21: shutdown FollowerState
2019-10-24 15:44:10,382 [grpc-default-executor-5] INFO  impl.RoleInfo (RoleInfo.java:shutdownFollowerState(121)) - b4ae536c-ed18-4717-a75c-ca4b5d6c4001: shutdown FollowerState
2019-10-24 15:44:10,382 [Thread-1723] INFO  impl.FollowerState (FollowerState.java:run(117)) - 9092f221-0e0d-4970-bb84-cacd95020f21@group-75C85B6D1182-FollowerState was interrupted: java.lang.InterruptedException: sleep interrupted
2019-10-24 15:44:10,383 [Thread-1722] INFO  impl.FollowerState (FollowerState.java:run(117)) - b4ae536c-ed18-4717-a75c-ca4b5d6c4001@group-75C85B6D1182-FollowerState was interrupted: java.lang.InterruptedException: sleep interrupted
2019-10-24 15:44:10,382 [grpc-default-executor-4] INFO  impl.RoleInfo (RoleInfo.java:updateAndGet(143)) - 9092f221-0e0d-4970-bb84-cacd95020f21: start FollowerState
2019-10-24 15:44:10,383 [grpc-default-executor-5] INFO  impl.RoleInfo (RoleInfo.java:updateAndGet(143)) - b4ae536c-ed18-4717-a75c-ca4b5d6c4001: start FollowerState
2019-10-24 15:44:10,397 [af280123-6372-4d1f-a5d4-c36229a73203@group-75C85B6D1182-LeaderElection179] INFO  impl.LeaderElection (LeaderElection.java:logAndReturn(56)) - af280123-6372-4d1f-a5d4-c36229a73203@group-75C85B6D1182-LeaderElection179: Election REJECTED; received 2 response(s) [af280123-6372-4d1f-a5d4-c36229a73203<-9092f221-0e0d-4970-bb84-cacd95020f21#0:FAIL-t173, af280123-6372-4d1f-a5d4-c36229a73203<-b4ae536c-ed18-4717-a75c-ca4b5d6c4001#0:FAIL-t173] and 0 exception(s); af280123-6372-4d1f-a5d4-c36229a73203@group-75C85B6D1182:t173, leader=null, voted=af280123-6372-4d1f-a5d4-c36229a73203, raftlog=af280123-6372-4d1f-a5d4-c36229a73203@group-75C85B6D1182-SegmentedRaftLog:OPENED:c-1,f-1,i0, conf=-1: [9092f221-0e0d-4970-bb84-cacd95020f21:192.168.164.213:41903, af280123-6372-4d1f-a5d4-c36229a73203:192.168.164.213:35334, b4ae536c-ed18-4717-a75c-ca4b5d6c4001:192.168.164.213:41180], old=null
2019-10-24 15:44:10,397 [af280123-6372-4d1f-a5d4-c36229a73203@group-75C85B6D1182-LeaderElection179] INFO  impl.RaftServerImpl (RaftServerImpl.java:setRole(184)) - af280123-6372-4d1f-a5d4-c36229a73203@group-75C85B6D1182: changes role from CANDIDATE to FOLLOWER at term 173 for DISCOVERED_A_NEW_TERM
2019-10-24 15:44:10,397 [af280123-6372-4d1f-a5d4-c36229a73203@group-75C85B6D1182-LeaderElection179] INFO  impl.RoleInfo (RoleInfo.java:shutdownLeaderElection(134)) - af280123-6372-4d1f-a5d4-c36229a73203: shutdown LeaderElection
2019-10-24 15:44:10,398 [af280123-6372-4d1f-a5d4-c36229a73203@group-75C85B6D1182-LeaderElection179] INFO  impl.RoleInfo (RoleInfo.java:updateAndGet(143)) - af280123-6372-4d1f-a5d4-c36229a73203: start FollowerState
2019-10-24 15:44:10,488 [ForkJoinPool.commonPool-worker-0] INFO  ozoneimpl.OzoneContainer (OzoneContainer.java:stop(227)) - Attempting to stop container services.
2019-10-24 15:44:10,488 [ForkJoinPool.commonPool-worker-0] INFO  impl.RaftServerProxy (RaftServerProxy.java:lambda$close$4(314)) - 903a1cac-874e-4718-a4f3-e11699c837d0: close
2019-10-24 15:44:10,489 [ForkJoinPool.commonPool-worker-0] INFO  impl.RaftServerImpl (RaftServerImpl.java:lambda$shutdown$3(261)) - 903a1cac-874e-4718-a4f3-e11699c837d0@group-C26997331DD0: shutdown
2019-10-24 15:44:10,489 [ForkJoinPool.commonPool-worker-0] INFO  util.JmxRegister (JmxRegister.java:unregister(73)) - Successfully un-registered JMX Bean with object name Ratis:service=RaftServer,group=group-C26997331DD0,id=903a1cac-874e-4718-a4f3-e11699c837d0
2019-10-24 15:44:10,489 [main] INFO  ozoneimpl.OzoneContainer (OzoneContainer.java:stop(227)) - Attempting to stop container services.
2019-10-24 15:44:10,489 [ForkJoinPool.commonPool-worker-0] INFO  impl.RoleInfo (RoleInfo.java:shutdownLeaderState(104)) - 903a1cac-874e-4718-a4f3-e11699c837d0: shutdown LeaderState
2019-10-24 15:44:10,490 [main] INFO  impl.RaftServerProxy (RaftServerProxy.java:lambda$close$4(314)) - 3a65ecdf-e32f-4548-a2e5-44ab823c11b3: close
2019-10-24 15:44:10,490 [ForkJoinPool.commonPool-worker-0] INFO  impl.PendingRequests (PendingRequests.java:sendNotLeaderResponses(202)) - 903a1cac-874e-4718-a4f3-e11699c837d0@group-C26997331DD0-PendingRequests: sendNotLeaderResponses
2019-10-24 15:44:10,490 [main] INFO  impl.RaftServerImpl (RaftServerImpl.java:lambda$shutdown$3(261)) - 3a65ecdf-e32f-4548-a2e5-44ab823c11b3@group-A4A6BF8F8CFA: shutdown
2019-10-24 15:44:10,490 [ForkJoinPool.commonPool-worker-0] INFO  impl.StateMachineUpdater (StateMachineUpdater.java:stopAndJoin(136)) - 903a1cac-874e-4718-a4f3-e11699c837d0@group-C26997331DD0-StateMachineUpdater: set stopIndex = 0
2019-10-24 15:44:10,491 [main] INFO  util.JmxRegister (JmxRegister.java:unregister(73)) - Successfully un-registered JMX Bean with object name Ratis:service=RaftServer,group=group-A4A6BF8F8CFA,id=3a65ecdf-e32f-4548-a2e5-44ab823c11b3
2019-10-24 15:44:10,491 [Thread-1732] INFO  impl.FollowerState (FollowerState.java:run(108)) - af280123-6372-4d1f-a5d4-c36229a73203@group-75C85B6D1182-FollowerState: change to CANDIDATE, lastRpcTime:93ms, electionTimeout:93ms
2019-10-24 15:44:10,491 [ForkJoinPool.commonPool-worker-0] INFO  impl.RaftServerImpl (ServerState.java:close(388)) - 903a1cac-874e-4718-a4f3-e11699c837d0@group-C26997331DD0: closes. applyIndex: 0
2019-10-24 15:44:10,491 [Thread-1732] INFO  impl.RoleInfo (RoleInfo.java:shutdownFollowerState(121)) - af280123-6372-4d1f-a5d4-c36229a73203: shutdown FollowerState
2019-10-24 15:44:10,492 [Thread-1732] INFO  impl.RaftServerImpl (RaftServerImpl.java:setRole(184)) - af280123-6372-4d1f-a5d4-c36229a73203@group-75C85B6D1182: changes role from  FOLLOWER to CANDIDATE at term 173 for changeToCandidate
2019-10-24 15:44:10,491 [main] INFO  impl.RoleInfo (RoleInfo.java:shutdownLeaderState(104)) - 3a65ecdf-e32f-4548-a2e5-44ab823c11b3: shutdown LeaderState
2019-10-24 15:44:10,492 [Thread-1732] INFO  impl.RoleInfo (RoleInfo.java:updateAndGet(143)) - af280123-6372-4d1f-a5d4-c36229a73203: start LeaderElection
2019-10-24 15:44:10,492 [main] INFO  impl.PendingRequests (PendingRequests.java:sendNotLeaderResponses(202)) - 3a65ecdf-e32f-4548-a2e5-44ab823c11b3@group-A4A6BF8F8CFA-PendingRequests: sendNotLeaderResponses
2019-10-24 15:44:10,492 [903a1cac-874e-4718-a4f3-e11699c837d0@group-C26997331DD0-SegmentedRaftLogWorker] INFO  segmented.SegmentedRaftLogWorker (SegmentedRaftLogWorker.java:run(316)) - 903a1cac-874e-4718-a4f3-e11699c837d0@group-C26997331DD0-SegmentedRaftLogWorker was interrupted, exiting. There are 0 tasks remaining in the queue.
2019-10-24 15:44:10,493 [main] INFO  impl.StateMachineUpdater (StateMachineUpdater.java:stopAndJoin(136)) - 3a65ecdf-e32f-4548-a2e5-44ab823c11b3@group-A4A6BF8F8CFA-StateMachineUpdater: set stopIndex = 0
2019-10-24 15:44:10,496 [ForkJoinPool.commonPool-worker-0] INFO  segmented.SegmentedRaftLogWorker (SegmentedRaftLogWorker.java:close(224)) - 903a1cac-874e-4718-a4f3-e11699c837d0@group-C26997331DD0-SegmentedRaftLogWorker close()
2019-10-24 15:44:10,496 [main] INFO  impl.RaftServerImpl (ServerState.java:close(388)) - 3a65ecdf-e32f-4548-a2e5-44ab823c11b3@group-A4A6BF8F8CFA: closes. applyIndex: 0
2019-10-24 15:44:10,500 [ForkJoinPool.commonPool-worker-0] INFO  server.GrpcService (GrpcService.java:closeImpl(164)) - 903a1cac-874e-4718-a4f3-e11699c837d0: shutdown server with port 41438 now
2019-10-24 15:44:10,501 [3a65ecdf-e32f-4548-a2e5-44ab823c11b3@group-A4A6BF8F8CFA-SegmentedRaftLogWorker] INFO  segmented.SegmentedRaftLogWorker (SegmentedRaftLogWorker.java:run(316)) - 3a65ecdf-e32f-4548-a2e5-44ab823c11b3@group-A4A6BF8F8CFA-SegmentedRaftLogWorker was interrupted, exiting. There are 0 tasks remaining in the queue.
2019-10-24 15:44:10,503 [ForkJoinPool.commonPool-worker-0] INFO  server.GrpcService (GrpcService.java:closeImpl(172)) - 903a1cac-874e-4718-a4f3-e11699c837d0: shutdown server with port 41438 successfully
2019-10-24 15:44:10,503 [main] INFO  segmented.SegmentedRaftLogWorker (SegmentedRaftLogWorker.java:close(224)) - 3a65ecdf-e32f-4548-a2e5-44ab823c11b3@group-A4A6BF8F8CFA-SegmentedRaftLogWorker close()
2019-10-24 15:44:10,507 [main] INFO  impl.RaftServerImpl (RaftServerImpl.java:lambda$shutdown$3(261)) - 3a65ecdf-e32f-4548-a2e5-44ab823c11b3@group-56059261E3EC: shutdown
2019-10-24 15:44:10,508 [main] INFO  util.JmxRegister (JmxRegister.java:unregister(73)) - Successfully un-registered JMX Bean with object name Ratis:service=RaftServer,group=group-56059261E3EC,id=3a65ecdf-e32f-4548-a2e5-44ab823c11b3
2019-10-24 15:44:10,508 [refreshUsed-/workdir/hadoop-ozone/integration-test/target/test-dir/MiniOzoneClusterImpl-0feb3ce4-70f4-42f6-988c-6bd7afad892e/datanode-3/data/containers] WARN  fs.CachingGetSpaceUsed (CachingGetSpaceUsed.java:run(183)) - Thread Interrupted waiting to refresh disk information: sleep interrupted
2019-10-24 15:44:10,508 [main] INFO  impl.RoleInfo (RoleInfo.java:shutdownFollowerState(121)) - 3a65ecdf-e32f-4548-a2e5-44ab823c11b3: shutdown FollowerState
2019-10-24 15:44:10,509 [main] INFO  impl.StateMachineUpdater (StateMachineUpdater.java:stopAndJoin(136)) - 3a65ecdf-e32f-4548-a2e5-44ab823c11b3@group-56059261E3EC-StateMachineUpdater: set stopIndex = 16
2019-10-24 15:44:10,509 [Thread-496] INFO  impl.FollowerState (FollowerState.java:run(117)) - 3a65ecdf-e32f-4548-a2e5-44ab823c11b3@group-56059261E3EC-FollowerState was interrupted: java.lang.InterruptedException: sleep interrupted
2019-10-24 15:44:10,509 [3a65ecdf-e32f-4548-a2e5-44ab823c11b3@group-56059261E3EC-StateMachineUpdater] INFO  ratis.ContainerStateMachine (ContainerStateMachine.java:takeSnapshot(294)) - group-56059261E3EC: Taking a snapshot at:(t:6, i:12) file /workdir/hadoop-ozone/integration-test/target/test-dir/MiniOzoneClusterImpl-0feb3ce4-70f4-42f6-988c-6bd7afad892e/datanode-6/data/ratis/1d06b086-ae5b-4193-a29f-56059261e3ec/sm/snapshot.6_12
2019-10-24 15:44:10,514 [3a65ecdf-e32f-4548-a2e5-44ab823c11b3@group-56059261E3EC-StateMachineUpdater] INFO  ratis.ContainerStateMachine (ContainerStateMachine.java:takeSnapshot(305)) - group-56059261E3EC: Finished taking a snapshot at:(t:6, i:12) file:/workdir/hadoop-ozone/integration-test/target/test-dir/MiniOzoneClusterImpl-0feb3ce4-70f4-42f6-988c-6bd7afad892e/datanode-6/data/ratis/1d06b086-ae5b-4193-a29f-56059261e3ec/sm/snapshot.6_12 time:5
2019-10-24 15:44:10,514 [af280123-6372-4d1f-a5d4-c36229a73203@group-75C85B6D1182-LeaderElection180] INFO  impl.LeaderElection (LeaderElection.java:askForVotes(178)) - af280123-6372-4d1f-a5d4-c36229a73203@group-75C85B6D1182-LeaderElection180: begin an election at term 174 for -1: [9092f221-0e0d-4970-bb84-cacd95020f21:192.168.164.213:41903, af280123-6372-4d1f-a5d4-c36229a73203:192.168.164.213:35334, b4ae536c-ed18-4717-a75c-ca4b5d6c4001:192.168.164.213:41180], old=null
2019-10-24 15:44:10,514 [3a65ecdf-e32f-4548-a2e5-44ab823c11b3@group-56059261E3EC-StateMachineUpdater] INFO  impl.StateMachineUpdater (StateMachineUpdater.java:takeSnapshot(269)) - 3a65ecdf-e32f-4548-a2e5-44ab823c11b3@group-56059261E3EC-StateMachineUpdater: Took a snapshot at index 12
2019-10-24 15:44:10,514 [3a65ecdf-e32f-4548-a2e5-44ab823c11b3@group-56059261E3EC-StateMachineUpdater] INFO  impl.StateMachineUpdater (StateMachineUpdater.java:lambda$new$0(84)) - 3a65ecdf-e32f-4548-a2e5-44ab823c11b3@group-56059261E3EC-StateMachineUpdater: snapshotIndex: updateIncreasingly -1 -> 12
2019-10-24 15:44:10,515 [3a65ecdf-e32f-4548-a2e5-44ab823c11b3@group-56059261E3EC-StateMachineUpdater] INFO  ratis.ContainerStateMachine (ContainerStateMachine.java:takeSnapshot(294)) - group-56059261E3EC: Taking a snapshot at:(t:6, i:12) file /workdir/hadoop-ozone/integration-test/target/test-dir/MiniOzoneClusterImpl-0feb3ce4-70f4-42f6-988c-6bd7afad892e/datanode-6/data/ratis/1d06b086-ae5b-4193-a29f-56059261e3ec/sm/snapshot.6_12
2019-10-24 15:44:10,516 [grpc-default-executor-4] INFO  impl.RaftServerImpl (RaftServerImpl.java:setRole(184)) - 9092f221-0e0d-4970-bb84-cacd95020f21@group-75C85B6D1182: changes role from  FOLLOWER to FOLLOWER at term 174 for recognizeCandidate:af280123-6372-4d1f-a5d4-c36229a73203
2019-10-24 15:44:10,516 [grpc-default-executor-5] INFO  impl.RaftServerImpl (RaftServerImpl.java:setRole(184)) - b4ae536c-ed18-4717-a75c-ca4b5d6c4001@group-75C85B6D1182: changes role from  FOLLOWER to FOLLOWER at term 174 for recognizeCandidate:af280123-6372-4d1f-a5d4-c36229a73203
2019-10-24 15:44:10,516 [grpc-default-executor-5] INFO  impl.RoleInfo (RoleInfo.java:shutdownFollowerState(121)) - b4ae536c-ed18-4717-a75c-ca4b5d6c4001: shutdown FollowerState
2019-10-24 15:44:10,516 [grpc-default-executor-4] INFO  impl.RoleInfo (RoleInfo.java:shutdownFollowerState(121)) - 9092f221-0e0d-4970-bb84-cacd95020f21: shutdown FollowerState
2019-10-24 15:44:10,517 [Thread-1731] INFO  impl.FollowerState (FollowerState.java:run(117)) - b4ae536c-ed18-4717-a75c-ca4b5d6c4001@group-75C85B6D1182-FollowerState was interrupted: java.lang.InterruptedException: sleep interrupted
2019-10-24 15:44:10,517 [grpc-default-executor-5] INFO  impl.RoleInfo (RoleInfo.java:updateAndGet(143)) - b4ae536c-ed18-4717-a75c-ca4b5d6c4001: start FollowerState
2019-10-24 15:44:10,517 [Thread-1730] INFO  impl.FollowerState (FollowerState.java:run(117)) - 9092f221-0e0d-4970-bb84-cacd95020f21@group-75C85B6D1182-FollowerState was interrupted: java.lang.InterruptedException: sleep interrupted
2019-10-24 15:44:10,517 [grpc-default-executor-4] INFO  impl.RoleInfo (RoleInfo.java:updateAndGet(143)) - 9092f221-0e0d-4970-bb84-cacd95020f21: start FollowerState
2019-10-24 15:44:10,526 [ForkJoinPool.commonPool-worker-0] INFO  utils.BackgroundService (BackgroundService.java:shutdown(151)) - Shutting down service BlockDeletingService
2019-10-24 15:44:10,531 [ForkJoinPool.commonPool-worker-0] INFO  statemachine.DatanodeStateMachine (DatanodeStateMachine.java:stopDaemon(395)) - Ozone container server stopped.
2019-10-24 15:44:10,535 [ForkJoinPool.commonPool-worker-0] INFO  handler.ContextHandler (ContextHandler.java:doStop(910)) - Stopped o.e.j.w.WebAppContext@4da6d664{/,null,UNAVAILABLE}{/hddsDatanode}
2019-10-24 15:44:10,536 [ForkJoinPool.commonPool-worker-0] INFO  server.AbstractConnector (AbstractConnector.java:doStop(318)) - Stopped ServerConnector@5e5af8e1{HTTP/1.1,[http/1.1]}{0.0.0.0:0}
2019-10-24 15:44:10,537 [ForkJoinPool.commonPool-worker-0] INFO  handler.ContextHandler (ContextHandler.java:doStop(910)) - Stopped o.e.j.s.ServletContextHandler@68d7a2df{/static,jar:file:/home/user/.m2/repository/org/apache/hadoop/hadoop-hdds-container-service/0.5.0-SNAPSHOT/hadoop-hdds-container-service-0.5.0-SNAPSHOT.jar!/webapps/static,UNAVAILABLE}
2019-10-24 15:44:10,537 [3a65ecdf-e32f-4548-a2e5-44ab823c11b3@group-56059261E3EC-StateMachineUpdater] INFO  ratis.ContainerStateMachine (ContainerStateMachine.java:takeSnapshot(305)) - group-56059261E3EC: Finished taking a snapshot at:(t:6, i:12) file:/workdir/hadoop-ozone/integration-test/target/test-dir/MiniOzoneClusterImpl-0feb3ce4-70f4-42f6-988c-6bd7afad892e/datanode-6/data/ratis/1d06b086-ae5b-4193-a29f-56059261e3ec/sm/snapshot.6_12 time:22
2019-10-24 15:44:10,539 [ForkJoinPool.commonPool-worker-0] INFO  handler.ContextHandler (ContextHandler.java:doStop(910)) - Stopped o.e.j.s.ServletContextHandler@4b200971{/logs,file:///workdir/hadoop-ozone/integration-test/target/log,UNAVAILABLE}
2019-10-24 15:44:10,539 [3a65ecdf-e32f-4548-a2e5-44ab823c11b3@group-56059261E3EC-StateMachineUpdater] INFO  impl.StateMachineUpdater (StateMachineUpdater.java:takeSnapshot(269)) - 3a65ecdf-e32f-4548-a2e5-44ab823c11b3@group-56059261E3EC-StateMachineUpdater: Took a snapshot at index 12
2019-10-24 15:44:10,539 [3a65ecdf-e32f-4548-a2e5-44ab823c11b3@group-56059261E3EC-StateMachineUpdater] INFO  impl.StateMachineUpdater (StateMachineUpdater.java:lambda$new$0(84)) - 3a65ecdf-e32f-4548-a2e5-44ab823c11b3@group-56059261E3EC-StateMachineUpdater: snapshotIndex: updateIncreasingly 12 -> 12
2019-10-24 15:44:10,540 [main] INFO  impl.RaftServerImpl (ServerState.java:close(388)) - 3a65ecdf-e32f-4548-a2e5-44ab823c11b3@group-56059261E3EC: closes. applyIndex: 16
2019-10-24 15:44:10,540 [af280123-6372-4d1f-a5d4-c36229a73203@group-75C85B6D1182-LeaderElection180] INFO  impl.LeaderElection (LeaderElection.java:logAndReturn(56)) - af280123-6372-4d1f-a5d4-c36229a73203@group-75C85B6D1182-LeaderElection180: Election REJECTED; received 2 response(s) [af280123-6372-4d1f-a5d4-c36229a73203<-9092f221-0e0d-4970-bb84-cacd95020f21#0:FAIL-t174, af280123-6372-4d1f-a5d4-c36229a73203<-b4ae536c-ed18-4717-a75c-ca4b5d6c4001#0:FAIL-t174] and 0 exception(s); af280123-6372-4d1f-a5d4-c36229a73203@group-75C85B6D1182:t174, leader=null, voted=af280123-6372-4d1f-a5d4-c36229a73203, raftlog=af280123-6372-4d1f-a5d4-c36229a73203@group-75C85B6D1182-SegmentedRaftLog:OPENED:c-1,f-1,i0, conf=-1: [9092f221-0e0d-4970-bb84-cacd95020f21:192.168.164.213:41903, af280123-6372-4d1f-a5d4-c36229a73203:192.168.164.213:35334, b4ae536c-ed18-4717-a75c-ca4b5d6c4001:192.168.164.213:41180], old=null
2019-10-24 15:44:10,540 [3a65ecdf-e32f-4548-a2e5-44ab823c11b3@group-56059261E3EC-SegmentedRaftLogWorker] INFO  segmented.SegmentedRaftLogWorker (SegmentedRaftLogWorker.java:run(316)) - 3a65ecdf-e32f-4548-a2e5-44ab823c11b3@group-56059261E3EC-SegmentedRaftLogWorker was interrupted, exiting. There are 0 tasks remaining in the queue.
2019-10-24 15:44:10,540 [af280123-6372-4d1f-a5d4-c36229a73203@group-75C85B6D1182-LeaderElection180] INFO  impl.RaftServerImpl (RaftServerImpl.java:setRole(184)) - af280123-6372-4d1f-a5d4-c36229a73203@group-75C85B6D1182: changes role from CANDIDATE to FOLLOWER at term 174 for DISCOVERED_A_NEW_TERM
2019-10-24 15:44:10,542 [main] INFO  segmented.SegmentedRaftLogWorker (SegmentedRaftLogWorker.java:close(224)) - 3a65ecdf-e32f-4548-a2e5-44ab823c11b3@group-56059261E3EC-SegmentedRaftLogWorker close()
2019-10-24 15:44:10,542 [af280123-6372-4d1f-a5d4-c36229a73203@group-75C85B6D1182-LeaderElection180] INFO  impl.RoleInfo (RoleInfo.java:shutdownLeaderElection(134)) - af280123-6372-4d1f-a5d4-c36229a73203: shutdown LeaderElection
2019-10-24 15:44:10,544 [main] INFO  server.GrpcService (GrpcService.java:closeImpl(164)) - 3a65ecdf-e32f-4548-a2e5-44ab823c11b3: shutdown server with port 44036 now
2019-10-24 15:44:10,544 [af280123-6372-4d1f-a5d4-c36229a73203@group-75C85B6D1182-LeaderElection180] INFO  impl.RoleInfo (RoleInfo.java:updateAndGet(143)) - af280123-6372-4d1f-a5d4-c36229a73203: start FollowerState
2019-10-24 15:44:10,547 [grpc-default-executor-4] WARN  server.GrpcServerProtocolService (LogUtils.java:warn(134)) - 3a65ecdf-e32f-4548-a2e5-44ab823c11b3: installSnapshot onError, lastRequest: 2f81ded6-48e6-408d-9409-3cd44f70bee8->3a65ecdf-e32f-4548-a2e5-44ab823c11b3#56-t6, previous=(t:6, i:16), leaderCommit=16, initializing? false, entries: <empty>: org.apache.ratis.thirdparty.io.grpc.StatusRuntimeException: CANCELLED: cancelled before receiving half close
2019-10-24 15:44:10,547 [main] INFO  server.GrpcService (GrpcService.java:closeImpl(172)) - 3a65ecdf-e32f-4548-a2e5-44ab823c11b3: shutdown server with port 44036 successfully
2019-10-24 15:44:10,548 [grpc-default-executor-5] WARN  server.GrpcLogAppender (LogUtils.java:warn(134)) - 2f81ded6-48e6-408d-9409-3cd44f70bee8@group-56059261E3EC->3a65ecdf-e32f-4548-a2e5-44ab823c11b3-AppendLogResponseHandler: Failed appendEntries: org.apache.ratis.thirdparty.io.grpc.StatusRuntimeException: CANCELLED: HTTP/2 error code: CANCEL
Received Rst Stream
2019-10-24 15:44:10,554 [refreshUsed-/workdir/hadoop-ozone/integration-test/target/test-dir/MiniOzoneClusterImpl-0feb3ce4-70f4-42f6-988c-6bd7afad892e/datanode-6/data/containers] WARN  fs.CachingGetSpaceUsed (CachingGetSpaceUsed.java:run(183)) - Thread Interrupted waiting to refresh disk information: sleep interrupted
2019-10-24 15:44:10,571 [main] INFO  utils.BackgroundService (BackgroundService.java:shutdown(151)) - Shutting down service BlockDeletingService
2019-10-24 15:44:10,576 [main] INFO  statemachine.DatanodeStateMachine (DatanodeStateMachine.java:stopDaemon(395)) - Ozone container server stopped.
2019-10-24 15:44:10,577 [main] INFO  handler.ContextHandler (ContextHandler.java:doStop(910)) - Stopped o.e.j.w.WebAppContext@2630dbc4{/,null,UNAVAILABLE}{/hddsDatanode}
2019-10-24 15:44:10,577 [main] INFO  server.AbstractConnector (AbstractConnector.java:doStop(318)) - Stopped ServerConnector@5ea4300e{HTTP/1.1,[http/1.1]}{0.0.0.0:0}
2019-10-24 15:44:10,578 [main] INFO  handler.ContextHandler (ContextHandler.java:doStop(910)) - Stopped o.e.j.s.ServletContextHandler@68b9834c{/static,jar:file:/home/user/.m2/repository/org/apache/hadoop/hadoop-hdds-container-service/0.5.0-SNAPSHOT/hadoop-hdds-container-service-0.5.0-SNAPSHOT.jar!/webapps/static,UNAVAILABLE}
2019-10-24 15:44:10,578 [main] INFO  handler.ContextHandler (ContextHandler.java:doStop(910)) - Stopped o.e.j.s.ServletContextHandler@17fa1336{/logs,file:///workdir/hadoop-ozone/integration-test/target/log,UNAVAILABLE}
2019-10-24 15:44:10,602 [Datanode State Machine Thread - 0] INFO  statemachine.DatanodeStateMachine (DatanodeStateMachine.java:lambda$startDaemon$0(350)) - Ozone container server started.
2019-10-24 15:44:10,733 [Thread-1738] INFO  impl.FollowerState (FollowerState.java:run(108)) - af280123-6372-4d1f-a5d4-c36229a73203@group-75C85B6D1182-FollowerState: change to CANDIDATE, lastRpcTime:188ms, electionTimeout:188ms
2019-10-24 15:44:10,733 [Thread-1738] INFO  impl.RoleInfo (RoleInfo.java:shutdownFollowerState(121)) - af280123-6372-4d1f-a5d4-c36229a73203: shutdown FollowerState
2019-10-24 15:44:10,733 [Thread-1738] INFO  impl.RaftServerImpl (RaftServerImpl.java:setRole(184)) - af280123-6372-4d1f-a5d4-c36229a73203@group-75C85B6D1182: changes role from  FOLLOWER to CANDIDATE at term 174 for changeToCandidate
2019-10-24 15:44:10,734 [Thread-1738] INFO  impl.RoleInfo (RoleInfo.java:updateAndGet(143)) - af280123-6372-4d1f-a5d4-c36229a73203: start LeaderElection
2019-10-24 15:44:10,748 [af280123-6372-4d1f-a5d4-c36229a73203@group-75C85B6D1182-LeaderElection181] INFO  impl.LeaderElection (LeaderElection.java:askForVotes(178)) - af280123-6372-4d1f-a5d4-c36229a73203@group-75C85B6D1182-LeaderElection181: begin an election at term 175 for -1: [9092f221-0e0d-4970-bb84-cacd95020f21:192.168.164.213:41903, af280123-6372-4d1f-a5d4-c36229a73203:192.168.164.213:35334, b4ae536c-ed18-4717-a75c-ca4b5d6c4001:192.168.164.213:41180], old=null
2019-10-24 15:44:10,750 [grpc-default-executor-5] INFO  impl.RaftServerImpl (RaftServerImpl.java:setRole(184)) - 9092f221-0e0d-4970-bb84-cacd95020f21@group-75C85B6D1182: changes role from  FOLLOWER to FOLLOWER at term 175 for recognizeCandidate:af280123-6372-4d1f-a5d4-c36229a73203
2019-10-24 15:44:10,750 [grpc-default-executor-5] INFO  impl.RoleInfo (RoleInfo.java:shutdownFollowerState(121)) - 9092f221-0e0d-4970-bb84-cacd95020f21: shutdown FollowerState
2019-10-24 15:44:10,750 [grpc-default-executor-4] INFO  impl.RaftServerImpl (RaftServerImpl.java:setRole(184)) - b4ae536c-ed18-4717-a75c-ca4b5d6c4001@group-75C85B6D1182: changes role from  FOLLOWER to FOLLOWER at term 175 for recognizeCandidate:af280123-6372-4d1f-a5d4-c36229a73203
2019-10-24 15:44:10,751 [Thread-1737] INFO  impl.FollowerState (FollowerState.java:run(117)) - 9092f221-0e0d-4970-bb84-cacd95020f21@group-75C85B6D1182-FollowerState was interrupted: java.lang.InterruptedException: sleep interrupted
2019-10-24 15:44:10,751 [grpc-default-executor-5] INFO  impl.RoleInfo (RoleInfo.java:updateAndGet(143)) - 9092f221-0e0d-4970-bb84-cacd95020f21: start FollowerState
2019-10-24 15:44:10,751 [grpc-default-executor-4] INFO  impl.RoleInfo (RoleInfo.java:shutdownFollowerState(121)) - b4ae536c-ed18-4717-a75c-ca4b5d6c4001: shutdown FollowerState
2019-10-24 15:44:10,751 [grpc-default-executor-4] INFO  impl.RoleInfo (RoleInfo.java:updateAndGet(143)) - b4ae536c-ed18-4717-a75c-ca4b5d6c4001: start FollowerState
2019-10-24 15:44:10,751 [Thread-1736] INFO  impl.FollowerState (FollowerState.java:run(117)) - b4ae536c-ed18-4717-a75c-ca4b5d6c4001@group-75C85B6D1182-FollowerState was interrupted: java.lang.InterruptedException: sleep interrupted
2019-10-24 15:44:10,767 [af280123-6372-4d1f-a5d4-c36229a73203@group-75C85B6D1182-LeaderElection181] INFO  impl.LeaderElection (LeaderElection.java:logAndReturn(56)) - af280123-6372-4d1f-a5d4-c36229a73203@group-75C85B6D1182-LeaderElection181: Election REJECTED; received 2 response(s) [af280123-6372-4d1f-a5d4-c36229a73203<-9092f221-0e0d-4970-bb84-cacd95020f21#0:FAIL-t175, af280123-6372-4d1f-a5d4-c36229a73203<-b4ae536c-ed18-4717-a75c-ca4b5d6c4001#0:FAIL-t175] and 0 exception(s); af280123-6372-4d1f-a5d4-c36229a73203@group-75C85B6D1182:t175, leader=null, voted=af280123-6372-4d1f-a5d4-c36229a73203, raftlog=af280123-6372-4d1f-a5d4-c36229a73203@group-75C85B6D1182-SegmentedRaftLog:OPENED:c-1,f-1,i0, conf=-1: [9092f221-0e0d-4970-bb84-cacd95020f21:192.168.164.213:41903, af280123-6372-4d1f-a5d4-c36229a73203:192.168.164.213:35334, b4ae536c-ed18-4717-a75c-ca4b5d6c4001:192.168.164.213:41180], old=null
2019-10-24 15:44:10,767 [af280123-6372-4d1f-a5d4-c36229a73203@group-75C85B6D1182-LeaderElection181] INFO  impl.RaftServerImpl (RaftServerImpl.java:setRole(184)) - af280123-6372-4d1f-a5d4-c36229a73203@group-75C85B6D1182: changes role from CANDIDATE to FOLLOWER at term 175 for DISCOVERED_A_NEW_TERM
2019-10-24 15:44:10,767 [af280123-6372-4d1f-a5d4-c36229a73203@group-75C85B6D1182-LeaderElection181] INFO  impl.RoleInfo (RoleInfo.java:shutdownLeaderElection(134)) - af280123-6372-4d1f-a5d4-c36229a73203: shutdown LeaderElection
2019-10-24 15:44:10,767 [af280123-6372-4d1f-a5d4-c36229a73203@group-75C85B6D1182-LeaderElection181] INFO  impl.RoleInfo (RoleInfo.java:updateAndGet(143)) - af280123-6372-4d1f-a5d4-c36229a73203: start FollowerState
2019-10-24 15:44:10,874 [Thread-1706] INFO  impl.FollowerState (FollowerState.java:run(108)) - abb8132e-b90b-4ab3-abdd-91ffef5e5962@group-D6115FD00A99-FollowerState: change to CANDIDATE, lastRpcTime:1024ms, electionTimeout:1024ms
2019-10-24 15:44:10,874 [Thread-1706] INFO  impl.RoleInfo (RoleInfo.java:shutdownFollowerState(121)) - abb8132e-b90b-4ab3-abdd-91ffef5e5962: shutdown FollowerState
2019-10-24 15:44:10,874 [Thread-1706] INFO  impl.RaftServerImpl (RaftServerImpl.java:setRole(184)) - abb8132e-b90b-4ab3-abdd-91ffef5e5962@group-D6115FD00A99: changes role from  FOLLOWER to CANDIDATE at term 14 for changeToCandidate
2019-10-24 15:44:10,874 [Thread-1706] INFO  impl.RoleInfo (RoleInfo.java:updateAndGet(143)) - abb8132e-b90b-4ab3-abdd-91ffef5e5962: start LeaderElection
2019-10-24 15:44:10,878 [Thread-1744] INFO  impl.FollowerState (FollowerState.java:run(108)) - af280123-6372-4d1f-a5d4-c36229a73203@group-75C85B6D1182-FollowerState: change to CANDIDATE, lastRpcTime:110ms, electionTimeout:110ms
2019-10-24 15:44:10,878 [Thread-1744] INFO  impl.RoleInfo (RoleInfo.java:shutdownFollowerState(121)) - af280123-6372-4d1f-a5d4-c36229a73203: shutdown FollowerState
2019-10-24 15:44:10,878 [Thread-1744] INFO  impl.RaftServerImpl (RaftServerImpl.java:setRole(184)) - af280123-6372-4d1f-a5d4-c36229a73203@group-75C85B6D1182: changes role from  FOLLOWER to CANDIDATE at term 175 for changeToCandidate
2019-10-24 15:44:10,878 [Thread-1744] INFO  impl.RoleInfo (RoleInfo.java:updateAndGet(143)) - af280123-6372-4d1f-a5d4-c36229a73203: start LeaderElection
2019-10-24 15:44:10,889 [af280123-6372-4d1f-a5d4-c36229a73203@group-75C85B6D1182-LeaderElection183] INFO  impl.LeaderElection (LeaderElection.java:askForVotes(178)) - af280123-6372-4d1f-a5d4-c36229a73203@group-75C85B6D1182-LeaderElection183: begin an election at term 176 for -1: [9092f221-0e0d-4970-bb84-cacd95020f21:192.168.164.213:41903, af280123-6372-4d1f-a5d4-c36229a73203:192.168.164.213:35334, b4ae536c-ed18-4717-a75c-ca4b5d6c4001:192.168.164.213:41180], old=null
2019-10-24 15:44:10,889 [abb8132e-b90b-4ab3-abdd-91ffef5e5962@group-D6115FD00A99-LeaderElection182] INFO  impl.LeaderElection (LeaderElection.java:askForVotes(178)) - abb8132e-b90b-4ab3-abdd-91ffef5e5962@group-D6115FD00A99-LeaderElection182: begin an election at term 15 for 0: [876b8685-e2e6-4b2b-9f0d-f9ddcb91e852:192.168.164.213:33356, 131ee32b-eb71-4a4b-82eb-895fd06b61f2:192.168.164.213:38159, abb8132e-b90b-4ab3-abdd-91ffef5e5962:192.168.164.213:45083], old=null
2019-10-24 15:44:10,890 [abb8132e-b90b-4ab3-abdd-91ffef5e5962@group-D6115FD00A99-LeaderElection182] INFO  impl.LeaderElection (LogUtils.java:infoOrTrace(149)) - abb8132e-b90b-4ab3-abdd-91ffef5e5962@group-D6115FD00A99-LeaderElection182 got exception when requesting votes: {}
java.util.concurrent.ExecutionException: org.apache.ratis.thirdparty.io.grpc.StatusRuntimeException: UNAVAILABLE: io exception
	at java.util.concurrent.FutureTask.report(FutureTask.java:122)
	at java.util.concurrent.FutureTask.get(FutureTask.java:192)
	at org.apache.ratis.server.impl.LeaderElection.waitForResults(LeaderElection.java:259)
	at org.apache.ratis.server.impl.LeaderElection.askForVotes(LeaderElection.java:197)
	at org.apache.ratis.server.impl.LeaderElection.run(LeaderElection.java:133)
	at java.lang.Thread.run(Thread.java:748)
Caused by: org.apache.ratis.thirdparty.io.grpc.StatusRuntimeException: UNAVAILABLE: io exception
	at org.apache.ratis.thirdparty.io.grpc.stub.ClientCalls.toStatusRuntimeException(ClientCalls.java:233)
	at org.apache.ratis.thirdparty.io.grpc.stub.ClientCalls.getUnchecked(ClientCalls.java:214)
	at org.apache.ratis.thirdparty.io.grpc.stub.ClientCalls.blockingUnaryCall(ClientCalls.java:139)
	at org.apache.ratis.proto.grpc.RaftServerProtocolServiceGrpc$RaftServerProtocolServiceBlockingStub.requestVote(RaftServerProtocolServiceGrpc.java:265)
	at org.apache.ratis.grpc.server.GrpcServerProtocolClient.requestVote(GrpcServerProtocolClient.java:99)
	at org.apache.ratis.grpc.server.GrpcService.requestVote(GrpcService.java:204)
	at org.apache.ratis.server.impl.LeaderElection.lambda$submitRequests$1(LeaderElection.java:234)
	at java.util.concurrent.FutureTask.run(FutureTask.java:266)
	at java.util.concurrent.Executors$RunnableAdapter.call(Executors.java:511)
	at java.util.concurrent.FutureTask.run(FutureTask.java:266)
	at java.util.concurrent.ThreadPoolExecutor.runWorker(ThreadPoolExecutor.java:1149)
	at java.util.concurrent.ThreadPoolExecutor$Worker.run(ThreadPoolExecutor.java:624)
	... 1 more
Caused by: org.apache.ratis.thirdparty.io.netty.channel.AbstractChannel$AnnotatedConnectException: Connection refused: /192.168.164.213:38159
	at sun.nio.ch.SocketChannelImpl.checkConnect(Native Method)
	at sun.nio.ch.SocketChannelImpl.finishConnect(SocketChannelImpl.java:717)
	at org.apache.ratis.thirdparty.io.netty.channel.socket.nio.NioSocketChannel.doFinishConnect(NioSocketChannel.java:327)
	at org.apache.ratis.thirdparty.io.netty.channel.nio.AbstractNioChannel$AbstractNioUnsafe.finishConnect(AbstractNioChannel.java:340)
	at org.apache.ratis.thirdparty.io.netty.channel.nio.NioEventLoop.processSelectedKey(NioEventLoop.java:632)
	at org.apache.ratis.thirdparty.io.netty.channel.nio.NioEventLoop.processSelectedKeysOptimized(NioEventLoop.java:579)
	at org.apache.ratis.thirdparty.io.netty.channel.nio.NioEventLoop.processSelectedKeys(NioEventLoop.java:496)
	at org.apache.ratis.thirdparty.io.netty.channel.nio.NioEventLoop.run(NioEventLoop.java:458)
	at org.apache.ratis.thirdparty.io.netty.util.concurrent.SingleThreadEventExecutor$5.run(SingleThreadEventExecutor.java:897)
	at org.apache.ratis.thirdparty.io.netty.util.concurrent.FastThreadLocalRunnable.run(FastThreadLocalRunnable.java:30)
	... 1 more
Caused by: java.net.ConnectException: Connection refused
	... 11 more
2019-10-24 15:44:10,894 [abb8132e-b90b-4ab3-abdd-91ffef5e5962@group-D6115FD00A99-LeaderElection182] INFO  impl.LeaderElection (LogUtils.java:infoOrTrace(149)) - abb8132e-b90b-4ab3-abdd-91ffef5e5962@group-D6115FD00A99-LeaderElection182 got exception when requesting votes: {}
java.util.concurrent.ExecutionException: org.apache.ratis.thirdparty.io.grpc.StatusRuntimeException: UNAVAILABLE: io exception
	at java.util.concurrent.FutureTask.report(FutureTask.java:122)
	at java.util.concurrent.FutureTask.get(FutureTask.java:192)
	at org.apache.ratis.server.impl.LeaderElection.waitForResults(LeaderElection.java:259)
	at org.apache.ratis.server.impl.LeaderElection.askForVotes(LeaderElection.java:197)
	at org.apache.ratis.server.impl.LeaderElection.run(LeaderElection.java:133)
	at java.lang.Thread.run(Thread.java:748)
Caused by: org.apache.ratis.thirdparty.io.grpc.StatusRuntimeException: UNAVAILABLE: io exception
	at org.apache.ratis.thirdparty.io.grpc.stub.ClientCalls.toStatusRuntimeException(ClientCalls.java:233)
	at org.apache.ratis.thirdparty.io.grpc.stub.ClientCalls.getUnchecked(ClientCalls.java:214)
	at org.apache.ratis.thirdparty.io.grpc.stub.ClientCalls.blockingUnaryCall(ClientCalls.java:139)
	at org.apache.ratis.proto.grpc.RaftServerProtocolServiceGrpc$RaftServerProtocolServiceBlockingStub.requestVote(RaftServerProtocolServiceGrpc.java:265)
	at org.apache.ratis.grpc.server.GrpcServerProtocolClient.requestVote(GrpcServerProtocolClient.java:99)
	at org.apache.ratis.grpc.server.GrpcService.requestVote(GrpcService.java:204)
	at org.apache.ratis.server.impl.LeaderElection.lambda$submitRequests$1(LeaderElection.java:234)
	at java.util.concurrent.FutureTask.run(FutureTask.java:266)
	at java.util.concurrent.Executors$RunnableAdapter.call(Executors.java:511)
	at java.util.concurrent.FutureTask.run(FutureTask.java:266)
	at java.util.concurrent.ThreadPoolExecutor.runWorker(ThreadPoolExecutor.java:1149)
	at java.util.concurrent.ThreadPoolExecutor$Worker.run(ThreadPoolExecutor.java:624)
	... 1 more
Caused by: org.apache.ratis.thirdparty.io.netty.channel.AbstractChannel$AnnotatedConnectException: Connection refused: /192.168.164.213:33356
	at sun.nio.ch.SocketChannelImpl.checkConnect(Native Method)
	at sun.nio.ch.SocketChannelImpl.finishConnect(SocketChannelImpl.java:717)
	at org.apache.ratis.thirdparty.io.netty.channel.socket.nio.NioSocketChannel.doFinishConnect(NioSocketChannel.java:327)
	at org.apache.ratis.thirdparty.io.netty.channel.nio.AbstractNioChannel$AbstractNioUnsafe.finishConnect(AbstractNioChannel.java:340)
	at org.apache.ratis.thirdparty.io.netty.channel.nio.NioEventLoop.processSelectedKey(NioEventLoop.java:632)
	at org.apache.ratis.thirdparty.io.netty.channel.nio.NioEventLoop.processSelectedKeysOptimized(NioEventLoop.java:579)
	at org.apache.ratis.thirdparty.io.netty.channel.nio.NioEventLoop.processSelectedKeys(NioEventLoop.java:496)
	at org.apache.ratis.thirdparty.io.netty.channel.nio.NioEventLoop.run(NioEventLoop.java:458)
	at org.apache.ratis.thirdparty.io.netty.util.concurrent.SingleThreadEventExecutor$5.run(SingleThreadEventExecutor.java:897)
	at org.apache.ratis.thirdparty.io.netty.util.concurrent.FastThreadLocalRunnable.run(FastThreadLocalRunnable.java:30)
	... 1 more
Caused by: java.net.ConnectException: Connection refused
	... 11 more
2019-10-24 15:44:10,895 [grpc-default-executor-4] INFO  impl.RaftServerImpl (RaftServerImpl.java:setRole(184)) - b4ae536c-ed18-4717-a75c-ca4b5d6c4001@group-75C85B6D1182: changes role from  FOLLOWER to FOLLOWER at term 176 for recognizeCandidate:af280123-6372-4d1f-a5d4-c36229a73203
2019-10-24 15:44:10,897 [abb8132e-b90b-4ab3-abdd-91ffef5e5962@group-D6115FD00A99-LeaderElection182] INFO  impl.LeaderElection (LeaderElection.java:logAndReturn(56)) - abb8132e-b90b-4ab3-abdd-91ffef5e5962@group-D6115FD00A99-LeaderElection182: Election REJECTED; received 0 response(s) [] and 2 exception(s); abb8132e-b90b-4ab3-abdd-91ffef5e5962@group-D6115FD00A99:t15, leader=null, voted=abb8132e-b90b-4ab3-abdd-91ffef5e5962, raftlog=abb8132e-b90b-4ab3-abdd-91ffef5e5962@group-D6115FD00A99-SegmentedRaftLog:OPENED:c4,f4,i4, conf=0: [876b8685-e2e6-4b2b-9f0d-f9ddcb91e852:192.168.164.213:33356, 131ee32b-eb71-4a4b-82eb-895fd06b61f2:192.168.164.213:38159, abb8132e-b90b-4ab3-abdd-91ffef5e5962:192.168.164.213:45083], old=null
2019-10-24 15:44:10,897 [abb8132e-b90b-4ab3-abdd-91ffef5e5962@group-D6115FD00A99-LeaderElection182] INFO  impl.LeaderElection (LogUtils.java:infoOrTrace(149)) -   Exception 0: {}
java.util.concurrent.ExecutionException: org.apache.ratis.thirdparty.io.grpc.StatusRuntimeException: UNAVAILABLE: io exception
	at java.util.concurrent.FutureTask.report(FutureTask.java:122)
	at java.util.concurrent.FutureTask.get(FutureTask.java:192)
	at org.apache.ratis.server.impl.LeaderElection.waitForResults(LeaderElection.java:259)
	at org.apache.ratis.server.impl.LeaderElection.askForVotes(LeaderElection.java:197)
	at org.apache.ratis.server.impl.LeaderElection.run(LeaderElection.java:133)
	at java.lang.Thread.run(Thread.java:748)
Caused by: org.apache.ratis.thirdparty.io.grpc.StatusRuntimeException: UNAVAILABLE: io exception
	at org.apache.ratis.thirdparty.io.grpc.stub.ClientCalls.toStatusRuntimeException(ClientCalls.java:233)
	at org.apache.ratis.thirdparty.io.grpc.stub.ClientCalls.getUnchecked(ClientCalls.java:214)
	at org.apache.ratis.thirdparty.io.grpc.stub.ClientCalls.blockingUnaryCall(ClientCalls.java:139)
	at org.apache.ratis.proto.grpc.RaftServerProtocolServiceGrpc$RaftServerProtocolServiceBlockingStub.requestVote(RaftServerProtocolServiceGrpc.java:265)
	at org.apache.ratis.grpc.server.GrpcServerProtocolClient.requestVote(GrpcServerProtocolClient.java:99)
	at org.apache.ratis.grpc.server.GrpcService.requestVote(GrpcService.java:204)
	at org.apache.ratis.server.impl.LeaderElection.lambda$submitRequests$1(LeaderElection.java:234)
	at java.util.concurrent.FutureTask.run(FutureTask.java:266)
	at java.util.concurrent.Executors$RunnableAdapter.call(Executors.java:511)
	at java.util.concurrent.FutureTask.run(FutureTask.java:266)
	at java.util.concurrent.ThreadPoolExecutor.runWorker(ThreadPoolExecutor.java:1149)
	at java.util.concurrent.ThreadPoolExecutor$Worker.run(ThreadPoolExecutor.java:624)
	... 1 more
Caused by: org.apache.ratis.thirdparty.io.netty.channel.AbstractChannel$AnnotatedConnectException: Connection refused: /192.168.164.213:38159
	at sun.nio.ch.SocketChannelImpl.checkConnect(Native Method)
	at sun.nio.ch.SocketChannelImpl.finishConnect(SocketChannelImpl.java:717)
	at org.apache.ratis.thirdparty.io.netty.channel.socket.nio.NioSocketChannel.doFinishConnect(NioSocketChannel.java:327)
	at org.apache.ratis.thirdparty.io.netty.channel.nio.AbstractNioChannel$AbstractNioUnsafe.finishConnect(AbstractNioChannel.java:340)
	at org.apache.ratis.thirdparty.io.netty.channel.nio.NioEventLoop.processSelectedKey(NioEventLoop.java:632)
	at org.apache.ratis.thirdparty.io.netty.channel.nio.NioEventLoop.processSelectedKeysOptimized(NioEventLoop.java:579)
	at org.apache.ratis.thirdparty.io.netty.channel.nio.NioEventLoop.processSelectedKeys(NioEventLoop.java:496)
	at org.apache.ratis.thirdparty.io.netty.channel.nio.NioEventLoop.run(NioEventLoop.java:458)
	at org.apache.ratis.thirdparty.io.netty.util.concurrent.SingleThreadEventExecutor$5.run(SingleThreadEventExecutor.java:897)
	at org.apache.ratis.thirdparty.io.netty.util.concurrent.FastThreadLocalRunnable.run(FastThreadLocalRunnable.java:30)
	... 1 more
Caused by: java.net.ConnectException: Connection refused
	... 11 more
2019-10-24 15:44:10,898 [abb8132e-b90b-4ab3-abdd-91ffef5e5962@group-D6115FD00A99-LeaderElection182] INFO  impl.LeaderElection (LogUtils.java:infoOrTrace(149)) -   Exception 1: {}
java.util.concurrent.ExecutionException: org.apache.ratis.thirdparty.io.grpc.StatusRuntimeException: UNAVAILABLE: io exception
	at java.util.concurrent.FutureTask.report(FutureTask.java:122)
	at java.util.concurrent.FutureTask.get(FutureTask.java:192)
	at org.apache.ratis.server.impl.LeaderElection.waitForResults(LeaderElection.java:259)
	at org.apache.ratis.server.impl.LeaderElection.askForVotes(LeaderElection.java:197)
	at org.apache.ratis.server.impl.LeaderElection.run(LeaderElection.java:133)
	at java.lang.Thread.run(Thread.java:748)
Caused by: org.apache.ratis.thirdparty.io.grpc.StatusRuntimeException: UNAVAILABLE: io exception
	at org.apache.ratis.thirdparty.io.grpc.stub.ClientCalls.toStatusRuntimeException(ClientCalls.java:233)
	at org.apache.ratis.thirdparty.io.grpc.stub.ClientCalls.getUnchecked(ClientCalls.java:214)
	at org.apache.ratis.thirdparty.io.grpc.stub.ClientCalls.blockingUnaryCall(ClientCalls.java:139)
	at org.apache.ratis.proto.grpc.RaftServerProtocolServiceGrpc$RaftServerProtocolServiceBlockingStub.requestVote(RaftServerProtocolServiceGrpc.java:265)
	at org.apache.ratis.grpc.server.GrpcServerProtocolClient.requestVote(GrpcServerProtocolClient.java:99)
	at org.apache.ratis.grpc.server.GrpcService.requestVote(GrpcService.java:204)
	at org.apache.ratis.server.impl.LeaderElection.lambda$submitRequests$1(LeaderElection.java:234)
	at java.util.concurrent.FutureTask.run(FutureTask.java:266)
	at java.util.concurrent.Executors$RunnableAdapter.call(Executors.java:511)
	at java.util.concurrent.FutureTask.run(FutureTask.java:266)
	at java.util.concurrent.ThreadPoolExecutor.runWorker(ThreadPoolExecutor.java:1149)
	at java.util.concurrent.ThreadPoolExecutor$Worker.run(ThreadPoolExecutor.java:624)
	... 1 more
Caused by: org.apache.ratis.thirdparty.io.netty.channel.AbstractChannel$AnnotatedConnectException: Connection refused: /192.168.164.213:33356
	at sun.nio.ch.SocketChannelImpl.checkConnect(Native Method)
	at sun.nio.ch.SocketChannelImpl.finishConnect(SocketChannelImpl.java:717)
	at org.apache.ratis.thirdparty.io.netty.channel.socket.nio.NioSocketChannel.doFinishConnect(NioSocketChannel.java:327)
	at org.apache.ratis.thirdparty.io.netty.channel.nio.AbstractNioChannel$AbstractNioUnsafe.finishConnect(AbstractNioChannel.java:340)
	at org.apache.ratis.thirdparty.io.netty.channel.nio.NioEventLoop.processSelectedKey(NioEventLoop.java:632)
	at org.apache.ratis.thirdparty.io.netty.channel.nio.NioEventLoop.processSelectedKeysOptimized(NioEventLoop.java:579)
	at org.apache.ratis.thirdparty.io.netty.channel.nio.NioEventLoop.processSelectedKeys(NioEventLoop.java:496)
	at org.apache.ratis.thirdparty.io.netty.channel.nio.NioEventLoop.run(NioEventLoop.java:458)
	at org.apache.ratis.thirdparty.io.netty.util.concurrent.SingleThreadEventExecutor$5.run(SingleThreadEventExecutor.java:897)
	at org.apache.ratis.thirdparty.io.netty.util.concurrent.FastThreadLocalRunnable.run(FastThreadLocalRunnable.java:30)
	... 1 more
Caused by: java.net.ConnectException: Connection refused
	... 11 more
2019-10-24 15:44:10,897 [grpc-default-executor-5] INFO  impl.RaftServerImpl (RaftServerImpl.java:setRole(184)) - 9092f221-0e0d-4970-bb84-cacd95020f21@group-75C85B6D1182: changes role from  FOLLOWER to FOLLOWER at term 176 for recognizeCandidate:af280123-6372-4d1f-a5d4-c36229a73203
2019-10-24 15:44:10,899 [abb8132e-b90b-4ab3-abdd-91ffef5e5962@group-D6115FD00A99-LeaderElection182] INFO  impl.RaftServerImpl (RaftServerImpl.java:setRole(184)) - abb8132e-b90b-4ab3-abdd-91ffef5e5962@group-D6115FD00A99: changes role from CANDIDATE to FOLLOWER at term 15 for DISCOVERED_A_NEW_TERM
2019-10-24 15:44:10,899 [abb8132e-b90b-4ab3-abdd-91ffef5e5962@group-D6115FD00A99-LeaderElection182] INFO  impl.RoleInfo (RoleInfo.java:shutdownLeaderElection(134)) - abb8132e-b90b-4ab3-abdd-91ffef5e5962: shutdown LeaderElection
2019-10-24 15:44:10,897 [grpc-default-executor-4] INFO  impl.RoleInfo (RoleInfo.java:shutdownFollowerState(121)) - b4ae536c-ed18-4717-a75c-ca4b5d6c4001: shutdown FollowerState
2019-10-24 15:44:10,899 [abb8132e-b90b-4ab3-abdd-91ffef5e5962@group-D6115FD00A99-LeaderElection182] INFO  impl.RoleInfo (RoleInfo.java:updateAndGet(143)) - abb8132e-b90b-4ab3-abdd-91ffef5e5962: start FollowerState
2019-10-24 15:44:10,899 [grpc-default-executor-5] INFO  impl.RoleInfo (RoleInfo.java:shutdownFollowerState(121)) - 9092f221-0e0d-4970-bb84-cacd95020f21: shutdown FollowerState
2019-10-24 15:44:10,900 [Thread-1743] INFO  impl.FollowerState (FollowerState.java:run(117)) - b4ae536c-ed18-4717-a75c-ca4b5d6c4001@group-75C85B6D1182-FollowerState was interrupted: java.lang.InterruptedException: sleep interrupted
2019-10-24 15:44:10,900 [grpc-default-executor-4] INFO  impl.RoleInfo (RoleInfo.java:updateAndGet(143)) - b4ae536c-ed18-4717-a75c-ca4b5d6c4001: start FollowerState
2019-10-24 15:44:10,900 [Thread-1742] INFO  impl.FollowerState (FollowerState.java:run(117)) - 9092f221-0e0d-4970-bb84-cacd95020f21@group-75C85B6D1182-FollowerState was interrupted: java.lang.InterruptedException: sleep interrupted
2019-10-24 15:44:10,900 [grpc-default-executor-5] INFO  impl.RoleInfo (RoleInfo.java:updateAndGet(143)) - 9092f221-0e0d-4970-bb84-cacd95020f21: start FollowerState
2019-10-24 15:44:10,916 [af280123-6372-4d1f-a5d4-c36229a73203@group-75C85B6D1182-LeaderElection183] INFO  impl.LeaderElection (LeaderElection.java:logAndReturn(56)) - af280123-6372-4d1f-a5d4-c36229a73203@group-75C85B6D1182-LeaderElection183: Election REJECTED; received 2 response(s) [af280123-6372-4d1f-a5d4-c36229a73203<-9092f221-0e0d-4970-bb84-cacd95020f21#0:FAIL-t176, af280123-6372-4d1f-a5d4-c36229a73203<-b4ae536c-ed18-4717-a75c-ca4b5d6c4001#0:FAIL-t176] and 0 exception(s); af280123-6372-4d1f-a5d4-c36229a73203@group-75C85B6D1182:t176, leader=null, voted=af280123-6372-4d1f-a5d4-c36229a73203, raftlog=af280123-6372-4d1f-a5d4-c36229a73203@group-75C85B6D1182-SegmentedRaftLog:OPENED:c-1,f-1,i0, conf=-1: [9092f221-0e0d-4970-bb84-cacd95020f21:192.168.164.213:41903, af280123-6372-4d1f-a5d4-c36229a73203:192.168.164.213:35334, b4ae536c-ed18-4717-a75c-ca4b5d6c4001:192.168.164.213:41180], old=null
2019-10-24 15:44:10,916 [af280123-6372-4d1f-a5d4-c36229a73203@group-75C85B6D1182-LeaderElection183] INFO  impl.RaftServerImpl (RaftServerImpl.java:setRole(184)) - af280123-6372-4d1f-a5d4-c36229a73203@group-75C85B6D1182: changes role from CANDIDATE to FOLLOWER at term 176 for DISCOVERED_A_NEW_TERM
2019-10-24 15:44:10,916 [af280123-6372-4d1f-a5d4-c36229a73203@group-75C85B6D1182-LeaderElection183] INFO  impl.RoleInfo (RoleInfo.java:shutdownLeaderElection(134)) - af280123-6372-4d1f-a5d4-c36229a73203: shutdown LeaderElection
2019-10-24 15:44:10,916 [af280123-6372-4d1f-a5d4-c36229a73203@group-75C85B6D1182-LeaderElection183] INFO  impl.RoleInfo (RoleInfo.java:updateAndGet(143)) - af280123-6372-4d1f-a5d4-c36229a73203: start FollowerState
2019-10-24 15:44:11,078 [Thread-1755] INFO  impl.FollowerState (FollowerState.java:run(108)) - af280123-6372-4d1f-a5d4-c36229a73203@group-75C85B6D1182-FollowerState: change to CANDIDATE, lastRpcTime:161ms, electionTimeout:161ms
2019-10-24 15:44:11,078 [Thread-1755] INFO  impl.RoleInfo (RoleInfo.java:shutdownFollowerState(121)) - af280123-6372-4d1f-a5d4-c36229a73203: shutdown FollowerState
2019-10-24 15:44:11,078 [Thread-1755] INFO  impl.RaftServerImpl (RaftServerImpl.java:setRole(184)) - af280123-6372-4d1f-a5d4-c36229a73203@group-75C85B6D1182: changes role from  FOLLOWER to CANDIDATE at term 176 for changeToCandidate
2019-10-24 15:44:11,079 [Thread-1755] INFO  impl.RoleInfo (RoleInfo.java:updateAndGet(143)) - af280123-6372-4d1f-a5d4-c36229a73203: start LeaderElection
2019-10-24 15:44:11,101 [af280123-6372-4d1f-a5d4-c36229a73203@group-75C85B6D1182-LeaderElection184] INFO  impl.LeaderElection (LeaderElection.java:askForVotes(178)) - af280123-6372-4d1f-a5d4-c36229a73203@group-75C85B6D1182-LeaderElection184: begin an election at term 177 for -1: [9092f221-0e0d-4970-bb84-cacd95020f21:192.168.164.213:41903, af280123-6372-4d1f-a5d4-c36229a73203:192.168.164.213:35334, b4ae536c-ed18-4717-a75c-ca4b5d6c4001:192.168.164.213:41180], old=null
2019-10-24 15:44:11,104 [grpc-default-executor-5] INFO  impl.RaftServerImpl (RaftServerImpl.java:setRole(184)) - 9092f221-0e0d-4970-bb84-cacd95020f21@group-75C85B6D1182: changes role from  FOLLOWER to FOLLOWER at term 177 for recognizeCandidate:af280123-6372-4d1f-a5d4-c36229a73203
2019-10-24 15:44:11,105 [grpc-default-executor-5] INFO  impl.RoleInfo (RoleInfo.java:shutdownFollowerState(121)) - 9092f221-0e0d-4970-bb84-cacd95020f21: shutdown FollowerState
2019-10-24 15:44:11,105 [grpc-default-executor-5] INFO  impl.RoleInfo (RoleInfo.java:updateAndGet(143)) - 9092f221-0e0d-4970-bb84-cacd95020f21: start FollowerState
2019-10-24 15:44:11,105 [grpc-default-executor-4] INFO  impl.RaftServerImpl (RaftServerImpl.java:setRole(184)) - b4ae536c-ed18-4717-a75c-ca4b5d6c4001@group-75C85B6D1182: changes role from  FOLLOWER to FOLLOWER at term 177 for recognizeCandidate:af280123-6372-4d1f-a5d4-c36229a73203
2019-10-24 15:44:11,105 [grpc-default-executor-4] INFO  impl.RoleInfo (RoleInfo.java:shutdownFollowerState(121)) - b4ae536c-ed18-4717-a75c-ca4b5d6c4001: shutdown FollowerState
2019-10-24 15:44:11,105 [Thread-1754] INFO  impl.FollowerState (FollowerState.java:run(117)) - 9092f221-0e0d-4970-bb84-cacd95020f21@group-75C85B6D1182-FollowerState was interrupted: java.lang.InterruptedException: sleep interrupted
2019-10-24 15:44:11,105 [Thread-1753] INFO  impl.FollowerState (FollowerState.java:run(117)) - b4ae536c-ed18-4717-a75c-ca4b5d6c4001@group-75C85B6D1182-FollowerState was interrupted: java.lang.InterruptedException: sleep interrupted
2019-10-24 15:44:11,105 [grpc-default-executor-4] INFO  impl.RoleInfo (RoleInfo.java:updateAndGet(143)) - b4ae536c-ed18-4717-a75c-ca4b5d6c4001: start FollowerState
2019-10-24 15:44:11,128 [af280123-6372-4d1f-a5d4-c36229a73203@group-75C85B6D1182-LeaderElection184] INFO  impl.LeaderElection (LeaderElection.java:logAndReturn(56)) - af280123-6372-4d1f-a5d4-c36229a73203@group-75C85B6D1182-LeaderElection184: Election REJECTED; received 2 response(s) [af280123-6372-4d1f-a5d4-c36229a73203<-9092f221-0e0d-4970-bb84-cacd95020f21#0:FAIL-t177, af280123-6372-4d1f-a5d4-c36229a73203<-b4ae536c-ed18-4717-a75c-ca4b5d6c4001#0:FAIL-t177] and 0 exception(s); af280123-6372-4d1f-a5d4-c36229a73203@group-75C85B6D1182:t177, leader=null, voted=af280123-6372-4d1f-a5d4-c36229a73203, raftlog=af280123-6372-4d1f-a5d4-c36229a73203@group-75C85B6D1182-SegmentedRaftLog:OPENED:c-1,f-1,i0, conf=-1: [9092f221-0e0d-4970-bb84-cacd95020f21:192.168.164.213:41903, af280123-6372-4d1f-a5d4-c36229a73203:192.168.164.213:35334, b4ae536c-ed18-4717-a75c-ca4b5d6c4001:192.168.164.213:41180], old=null
2019-10-24 15:44:11,128 [af280123-6372-4d1f-a5d4-c36229a73203@group-75C85B6D1182-LeaderElection184] INFO  impl.RaftServerImpl (RaftServerImpl.java:setRole(184)) - af280123-6372-4d1f-a5d4-c36229a73203@group-75C85B6D1182: changes role from CANDIDATE to FOLLOWER at term 177 for DISCOVERED_A_NEW_TERM
2019-10-24 15:44:11,128 [af280123-6372-4d1f-a5d4-c36229a73203@group-75C85B6D1182-LeaderElection184] INFO  impl.RoleInfo (RoleInfo.java:shutdownLeaderElection(134)) - af280123-6372-4d1f-a5d4-c36229a73203: shutdown LeaderElection
2019-10-24 15:44:11,128 [af280123-6372-4d1f-a5d4-c36229a73203@group-75C85B6D1182-LeaderElection184] INFO  impl.RoleInfo (RoleInfo.java:updateAndGet(143)) - af280123-6372-4d1f-a5d4-c36229a73203: start FollowerState
2019-10-24 15:44:11,209 [Datanode State Machine Thread - 0] INFO  statemachine.DatanodeStateMachine (DatanodeStateMachine.java:lambda$startDaemon$0(350)) - Ozone container server started.
2019-10-24 15:44:11,315 [Thread-1761] INFO  impl.FollowerState (FollowerState.java:run(108)) - af280123-6372-4d1f-a5d4-c36229a73203@group-75C85B6D1182-FollowerState: change to CANDIDATE, lastRpcTime:186ms, electionTimeout:186ms
2019-10-24 15:44:11,315 [Thread-1761] INFO  impl.RoleInfo (RoleInfo.java:shutdownFollowerState(121)) - af280123-6372-4d1f-a5d4-c36229a73203: shutdown FollowerState
2019-10-24 15:44:11,315 [Thread-1761] INFO  impl.RaftServerImpl (RaftServerImpl.java:setRole(184)) - af280123-6372-4d1f-a5d4-c36229a73203@group-75C85B6D1182: changes role from  FOLLOWER to CANDIDATE at term 177 for changeToCandidate
2019-10-24 15:44:11,316 [Thread-1761] INFO  impl.RoleInfo (RoleInfo.java:updateAndGet(143)) - af280123-6372-4d1f-a5d4-c36229a73203: start LeaderElection
2019-10-24 15:44:11,330 [af280123-6372-4d1f-a5d4-c36229a73203@group-75C85B6D1182-LeaderElection185] INFO  impl.LeaderElection (LeaderElection.java:askForVotes(178)) - af280123-6372-4d1f-a5d4-c36229a73203@group-75C85B6D1182-LeaderElection185: begin an election at term 178 for -1: [9092f221-0e0d-4970-bb84-cacd95020f21:192.168.164.213:41903, af280123-6372-4d1f-a5d4-c36229a73203:192.168.164.213:35334, b4ae536c-ed18-4717-a75c-ca4b5d6c4001:192.168.164.213:41180], old=null
2019-10-24 15:44:11,334 [grpc-default-executor-4] INFO  impl.RaftServerImpl (RaftServerImpl.java:setRole(184)) - b4ae536c-ed18-4717-a75c-ca4b5d6c4001@group-75C85B6D1182: changes role from  FOLLOWER to FOLLOWER at term 178 for recognizeCandidate:af280123-6372-4d1f-a5d4-c36229a73203
2019-10-24 15:44:11,334 [grpc-default-executor-4] INFO  impl.RoleInfo (RoleInfo.java:shutdownFollowerState(121)) - b4ae536c-ed18-4717-a75c-ca4b5d6c4001: shutdown FollowerState
2019-10-24 15:44:11,334 [grpc-default-executor-5] INFO  impl.RaftServerImpl (RaftServerImpl.java:setRole(184)) - 9092f221-0e0d-4970-bb84-cacd95020f21@group-75C85B6D1182: changes role from  FOLLOWER to FOLLOWER at term 178 for recognizeCandidate:af280123-6372-4d1f-a5d4-c36229a73203
2019-10-24 15:44:11,334 [Thread-1760] INFO  impl.FollowerState (FollowerState.java:run(117)) - b4ae536c-ed18-4717-a75c-ca4b5d6c4001@group-75C85B6D1182-FollowerState was interrupted: java.lang.InterruptedException: sleep interrupted
2019-10-24 15:44:11,334 [grpc-default-executor-4] INFO  impl.RoleInfo (RoleInfo.java:updateAndGet(143)) - b4ae536c-ed18-4717-a75c-ca4b5d6c4001: start FollowerState
2019-10-24 15:44:11,334 [grpc-default-executor-5] INFO  impl.RoleInfo (RoleInfo.java:shutdownFollowerState(121)) - 9092f221-0e0d-4970-bb84-cacd95020f21: shutdown FollowerState
2019-10-24 15:44:11,335 [grpc-default-executor-5] INFO  impl.RoleInfo (RoleInfo.java:updateAndGet(143)) - 9092f221-0e0d-4970-bb84-cacd95020f21: start FollowerState
2019-10-24 15:44:11,335 [Thread-1759] INFO  impl.FollowerState (FollowerState.java:run(117)) - 9092f221-0e0d-4970-bb84-cacd95020f21@group-75C85B6D1182-FollowerState was interrupted: java.lang.InterruptedException: sleep interrupted
2019-10-24 15:44:11,350 [af280123-6372-4d1f-a5d4-c36229a73203@group-75C85B6D1182-LeaderElection185] INFO  impl.LeaderElection (LeaderElection.java:logAndReturn(56)) - af280123-6372-4d1f-a5d4-c36229a73203@group-75C85B6D1182-LeaderElection185: Election REJECTED; received 2 response(s) [af280123-6372-4d1f-a5d4-c36229a73203<-9092f221-0e0d-4970-bb84-cacd95020f21#0:FAIL-t178, af280123-6372-4d1f-a5d4-c36229a73203<-b4ae536c-ed18-4717-a75c-ca4b5d6c4001#0:FAIL-t178] and 0 exception(s); af280123-6372-4d1f-a5d4-c36229a73203@group-75C85B6D1182:t178, leader=null, voted=af280123-6372-4d1f-a5d4-c36229a73203, raftlog=af280123-6372-4d1f-a5d4-c36229a73203@group-75C85B6D1182-SegmentedRaftLog:OPENED:c-1,f-1,i0, conf=-1: [9092f221-0e0d-4970-bb84-cacd95020f21:192.168.164.213:41903, af280123-6372-4d1f-a5d4-c36229a73203:192.168.164.213:35334, b4ae536c-ed18-4717-a75c-ca4b5d6c4001:192.168.164.213:41180], old=null
2019-10-24 15:44:11,350 [af280123-6372-4d1f-a5d4-c36229a73203@group-75C85B6D1182-LeaderElection185] INFO  impl.RaftServerImpl (RaftServerImpl.java:setRole(184)) - af280123-6372-4d1f-a5d4-c36229a73203@group-75C85B6D1182: changes role from CANDIDATE to FOLLOWER at term 178 for DISCOVERED_A_NEW_TERM
2019-10-24 15:44:11,351 [af280123-6372-4d1f-a5d4-c36229a73203@group-75C85B6D1182-LeaderElection185] INFO  impl.RoleInfo (RoleInfo.java:shutdownLeaderElection(134)) - af280123-6372-4d1f-a5d4-c36229a73203: shutdown LeaderElection
2019-10-24 15:44:11,351 [af280123-6372-4d1f-a5d4-c36229a73203@group-75C85B6D1182-LeaderElection185] INFO  impl.RoleInfo (RoleInfo.java:updateAndGet(143)) - af280123-6372-4d1f-a5d4-c36229a73203: start FollowerState
2019-10-24 15:44:11,451 [Thread-1768] INFO  impl.FollowerState (FollowerState.java:run(108)) - af280123-6372-4d1f-a5d4-c36229a73203@group-75C85B6D1182-FollowerState: change to CANDIDATE, lastRpcTime:100ms, electionTimeout:100ms
2019-10-24 15:44:11,451 [Thread-1768] INFO  impl.RoleInfo (RoleInfo.java:shutdownFollowerState(121)) - af280123-6372-4d1f-a5d4-c36229a73203: shutdown FollowerState
2019-10-24 15:44:11,452 [Thread-1768] INFO  impl.RaftServerImpl (RaftServerImpl.java:setRole(184)) - af280123-6372-4d1f-a5d4-c36229a73203@group-75C85B6D1182: changes role from  FOLLOWER to CANDIDATE at term 178 for changeToCandidate
2019-10-24 15:44:11,452 [Thread-1768] INFO  impl.RoleInfo (RoleInfo.java:updateAndGet(143)) - af280123-6372-4d1f-a5d4-c36229a73203: start LeaderElection
2019-10-24 15:44:11,465 [af280123-6372-4d1f-a5d4-c36229a73203@group-75C85B6D1182-LeaderElection186] INFO  impl.LeaderElection (LeaderElection.java:askForVotes(178)) - af280123-6372-4d1f-a5d4-c36229a73203@group-75C85B6D1182-LeaderElection186: begin an election at term 179 for -1: [9092f221-0e0d-4970-bb84-cacd95020f21:192.168.164.213:41903, af280123-6372-4d1f-a5d4-c36229a73203:192.168.164.213:35334, b4ae536c-ed18-4717-a75c-ca4b5d6c4001:192.168.164.213:41180], old=null
2019-10-24 15:44:11,468 [grpc-default-executor-5] INFO  impl.RaftServerImpl (RaftServerImpl.java:setRole(184)) - 9092f221-0e0d-4970-bb84-cacd95020f21@group-75C85B6D1182: changes role from  FOLLOWER to FOLLOWER at term 179 for recognizeCandidate:af280123-6372-4d1f-a5d4-c36229a73203
2019-10-24 15:44:11,468 [grpc-default-executor-4] INFO  impl.RaftServerImpl (RaftServerImpl.java:setRole(184)) - b4ae536c-ed18-4717-a75c-ca4b5d6c4001@group-75C85B6D1182: changes role from  FOLLOWER to FOLLOWER at term 179 for recognizeCandidate:af280123-6372-4d1f-a5d4-c36229a73203
2019-10-24 15:44:11,468 [grpc-default-executor-4] INFO  impl.RoleInfo (RoleInfo.java:shutdownFollowerState(121)) - b4ae536c-ed18-4717-a75c-ca4b5d6c4001: shutdown FollowerState
2019-10-24 15:44:11,468 [grpc-default-executor-5] INFO  impl.RoleInfo (RoleInfo.java:shutdownFollowerState(121)) - 9092f221-0e0d-4970-bb84-cacd95020f21: shutdown FollowerState
2019-10-24 15:44:11,468 [grpc-default-executor-4] INFO  impl.RoleInfo (RoleInfo.java:updateAndGet(143)) - b4ae536c-ed18-4717-a75c-ca4b5d6c4001: start FollowerState
2019-10-24 15:44:11,468 [Thread-1765] INFO  impl.FollowerState (FollowerState.java:run(117)) - b4ae536c-ed18-4717-a75c-ca4b5d6c4001@group-75C85B6D1182-FollowerState was interrupted: java.lang.InterruptedException: sleep interrupted
2019-10-24 15:44:11,469 [Thread-1766] INFO  impl.FollowerState (FollowerState.java:run(117)) - 9092f221-0e0d-4970-bb84-cacd95020f21@group-75C85B6D1182-FollowerState was interrupted: java.lang.InterruptedException: sleep interrupted
2019-10-24 15:44:11,469 [grpc-default-executor-5] INFO  impl.RoleInfo (RoleInfo.java:updateAndGet(143)) - 9092f221-0e0d-4970-bb84-cacd95020f21: start FollowerState
2019-10-24 15:44:11,483 [af280123-6372-4d1f-a5d4-c36229a73203@group-75C85B6D1182-LeaderElection186] INFO  impl.LeaderElection (LeaderElection.java:logAndReturn(56)) - af280123-6372-4d1f-a5d4-c36229a73203@group-75C85B6D1182-LeaderElection186: Election REJECTED; received 2 response(s) [af280123-6372-4d1f-a5d4-c36229a73203<-9092f221-0e0d-4970-bb84-cacd95020f21#0:FAIL-t179, af280123-6372-4d1f-a5d4-c36229a73203<-b4ae536c-ed18-4717-a75c-ca4b5d6c4001#0:FAIL-t179] and 0 exception(s); af280123-6372-4d1f-a5d4-c36229a73203@group-75C85B6D1182:t179, leader=null, voted=af280123-6372-4d1f-a5d4-c36229a73203, raftlog=af280123-6372-4d1f-a5d4-c36229a73203@group-75C85B6D1182-SegmentedRaftLog:OPENED:c-1,f-1,i0, conf=-1: [9092f221-0e0d-4970-bb84-cacd95020f21:192.168.164.213:41903, af280123-6372-4d1f-a5d4-c36229a73203:192.168.164.213:35334, b4ae536c-ed18-4717-a75c-ca4b5d6c4001:192.168.164.213:41180], old=null
2019-10-24 15:44:11,483 [af280123-6372-4d1f-a5d4-c36229a73203@group-75C85B6D1182-LeaderElection186] INFO  impl.RaftServerImpl (RaftServerImpl.java:setRole(184)) - af280123-6372-4d1f-a5d4-c36229a73203@group-75C85B6D1182: changes role from CANDIDATE to FOLLOWER at term 179 for DISCOVERED_A_NEW_TERM
2019-10-24 15:44:11,484 [af280123-6372-4d1f-a5d4-c36229a73203@group-75C85B6D1182-LeaderElection186] INFO  impl.RoleInfo (RoleInfo.java:shutdownLeaderElection(134)) - af280123-6372-4d1f-a5d4-c36229a73203: shutdown LeaderElection
2019-10-24 15:44:11,484 [af280123-6372-4d1f-a5d4-c36229a73203@group-75C85B6D1182-LeaderElection186] INFO  impl.RoleInfo (RoleInfo.java:updateAndGet(143)) - af280123-6372-4d1f-a5d4-c36229a73203: start FollowerState
2019-10-24 15:44:11,636 [Thread-1774] INFO  impl.FollowerState (FollowerState.java:run(108)) - af280123-6372-4d1f-a5d4-c36229a73203@group-75C85B6D1182-FollowerState: change to CANDIDATE, lastRpcTime:152ms, electionTimeout:152ms
2019-10-24 15:44:11,636 [Thread-1774] INFO  impl.RoleInfo (RoleInfo.java:shutdownFollowerState(121)) - af280123-6372-4d1f-a5d4-c36229a73203: shutdown FollowerState
2019-10-24 15:44:11,636 [Thread-1774] INFO  impl.RaftServerImpl (RaftServerImpl.java:setRole(184)) - af280123-6372-4d1f-a5d4-c36229a73203@group-75C85B6D1182: changes role from  FOLLOWER to CANDIDATE at term 179 for changeToCandidate
2019-10-24 15:44:11,637 [Thread-1774] INFO  impl.RoleInfo (RoleInfo.java:updateAndGet(143)) - af280123-6372-4d1f-a5d4-c36229a73203: start LeaderElection
2019-10-24 15:44:11,650 [af280123-6372-4d1f-a5d4-c36229a73203@group-75C85B6D1182-LeaderElection187] INFO  impl.LeaderElection (LeaderElection.java:askForVotes(178)) - af280123-6372-4d1f-a5d4-c36229a73203@group-75C85B6D1182-LeaderElection187: begin an election at term 180 for -1: [9092f221-0e0d-4970-bb84-cacd95020f21:192.168.164.213:41903, af280123-6372-4d1f-a5d4-c36229a73203:192.168.164.213:35334, b4ae536c-ed18-4717-a75c-ca4b5d6c4001:192.168.164.213:41180], old=null
2019-10-24 15:44:11,652 [grpc-default-executor-4] INFO  impl.RaftServerImpl (RaftServerImpl.java:setRole(184)) - 9092f221-0e0d-4970-bb84-cacd95020f21@group-75C85B6D1182: changes role from  FOLLOWER to FOLLOWER at term 180 for recognizeCandidate:af280123-6372-4d1f-a5d4-c36229a73203
2019-10-24 15:44:11,652 [grpc-default-executor-4] INFO  impl.RoleInfo (RoleInfo.java:shutdownFollowerState(121)) - 9092f221-0e0d-4970-bb84-cacd95020f21: shutdown FollowerState
2019-10-24 15:44:11,652 [grpc-default-executor-5] INFO  impl.RaftServerImpl (RaftServerImpl.java:setRole(184)) - b4ae536c-ed18-4717-a75c-ca4b5d6c4001@group-75C85B6D1182: changes role from  FOLLOWER to FOLLOWER at term 180 for recognizeCandidate:af280123-6372-4d1f-a5d4-c36229a73203
2019-10-24 15:44:11,652 [Thread-1773] INFO  impl.FollowerState (FollowerState.java:run(117)) - 9092f221-0e0d-4970-bb84-cacd95020f21@group-75C85B6D1182-FollowerState was interrupted: java.lang.InterruptedException: sleep interrupted
2019-10-24 15:44:11,652 [grpc-default-executor-4] INFO  impl.RoleInfo (RoleInfo.java:updateAndGet(143)) - 9092f221-0e0d-4970-bb84-cacd95020f21: start FollowerState
2019-10-24 15:44:11,653 [grpc-default-executor-5] INFO  impl.RoleInfo (RoleInfo.java:shutdownFollowerState(121)) - b4ae536c-ed18-4717-a75c-ca4b5d6c4001: shutdown FollowerState
2019-10-24 15:44:11,653 [grpc-default-executor-5] INFO  impl.RoleInfo (RoleInfo.java:updateAndGet(143)) - b4ae536c-ed18-4717-a75c-ca4b5d6c4001: start FollowerState
2019-10-24 15:44:11,653 [Thread-1772] INFO  impl.FollowerState (FollowerState.java:run(117)) - b4ae536c-ed18-4717-a75c-ca4b5d6c4001@group-75C85B6D1182-FollowerState was interrupted: java.lang.InterruptedException: sleep interrupted
2019-10-24 15:44:11,667 [af280123-6372-4d1f-a5d4-c36229a73203@group-75C85B6D1182-LeaderElection187] INFO  impl.LeaderElection (LeaderElection.java:logAndReturn(56)) - af280123-6372-4d1f-a5d4-c36229a73203@group-75C85B6D1182-LeaderElection187: Election REJECTED; received 2 response(s) [af280123-6372-4d1f-a5d4-c36229a73203<-9092f221-0e0d-4970-bb84-cacd95020f21#0:FAIL-t180, af280123-6372-4d1f-a5d4-c36229a73203<-b4ae536c-ed18-4717-a75c-ca4b5d6c4001#0:FAIL-t180] and 0 exception(s); af280123-6372-4d1f-a5d4-c36229a73203@group-75C85B6D1182:t180, leader=null, voted=af280123-6372-4d1f-a5d4-c36229a73203, raftlog=af280123-6372-4d1f-a5d4-c36229a73203@group-75C85B6D1182-SegmentedRaftLog:OPENED:c-1,f-1,i0, conf=-1: [9092f221-0e0d-4970-bb84-cacd95020f21:192.168.164.213:41903, af280123-6372-4d1f-a5d4-c36229a73203:192.168.164.213:35334, b4ae536c-ed18-4717-a75c-ca4b5d6c4001:192.168.164.213:41180], old=null
2019-10-24 15:44:11,667 [af280123-6372-4d1f-a5d4-c36229a73203@group-75C85B6D1182-LeaderElection187] INFO  impl.RaftServerImpl (RaftServerImpl.java:setRole(184)) - af280123-6372-4d1f-a5d4-c36229a73203@group-75C85B6D1182: changes role from CANDIDATE to FOLLOWER at term 180 for DISCOVERED_A_NEW_TERM
2019-10-24 15:44:11,667 [af280123-6372-4d1f-a5d4-c36229a73203@group-75C85B6D1182-LeaderElection187] INFO  impl.RoleInfo (RoleInfo.java:shutdownLeaderElection(134)) - af280123-6372-4d1f-a5d4-c36229a73203: shutdown LeaderElection
2019-10-24 15:44:11,668 [af280123-6372-4d1f-a5d4-c36229a73203@group-75C85B6D1182-LeaderElection187] INFO  impl.RoleInfo (RoleInfo.java:updateAndGet(143)) - af280123-6372-4d1f-a5d4-c36229a73203: start FollowerState
2019-10-24 15:44:11,856 [Thread-1780] INFO  impl.FollowerState (FollowerState.java:run(108)) - af280123-6372-4d1f-a5d4-c36229a73203@group-75C85B6D1182-FollowerState: change to CANDIDATE, lastRpcTime:188ms, electionTimeout:188ms
2019-10-24 15:44:11,856 [Thread-1780] INFO  impl.RoleInfo (RoleInfo.java:shutdownFollowerState(121)) - af280123-6372-4d1f-a5d4-c36229a73203: shutdown FollowerState
2019-10-24 15:44:11,856 [Thread-1780] INFO  impl.RaftServerImpl (RaftServerImpl.java:setRole(184)) - af280123-6372-4d1f-a5d4-c36229a73203@group-75C85B6D1182: changes role from  FOLLOWER to CANDIDATE at term 180 for changeToCandidate
2019-10-24 15:44:11,856 [Thread-1780] INFO  impl.RoleInfo (RoleInfo.java:updateAndGet(143)) - af280123-6372-4d1f-a5d4-c36229a73203: start LeaderElection
2019-10-24 15:44:11,870 [af280123-6372-4d1f-a5d4-c36229a73203@group-75C85B6D1182-LeaderElection188] INFO  impl.LeaderElection (LeaderElection.java:askForVotes(178)) - af280123-6372-4d1f-a5d4-c36229a73203@group-75C85B6D1182-LeaderElection188: begin an election at term 181 for -1: [9092f221-0e0d-4970-bb84-cacd95020f21:192.168.164.213:41903, af280123-6372-4d1f-a5d4-c36229a73203:192.168.164.213:35334, b4ae536c-ed18-4717-a75c-ca4b5d6c4001:192.168.164.213:41180], old=null
2019-10-24 15:44:11,872 [grpc-default-executor-5] INFO  impl.RaftServerImpl (RaftServerImpl.java:setRole(184)) - 9092f221-0e0d-4970-bb84-cacd95020f21@group-75C85B6D1182: changes role from  FOLLOWER to FOLLOWER at term 181 for recognizeCandidate:af280123-6372-4d1f-a5d4-c36229a73203
2019-10-24 15:44:11,872 [grpc-default-executor-5] INFO  impl.RoleInfo (RoleInfo.java:shutdownFollowerState(121)) - 9092f221-0e0d-4970-bb84-cacd95020f21: shutdown FollowerState
2019-10-24 15:44:11,872 [grpc-default-executor-4] INFO  impl.RaftServerImpl (RaftServerImpl.java:setRole(184)) - b4ae536c-ed18-4717-a75c-ca4b5d6c4001@group-75C85B6D1182: changes role from  FOLLOWER to FOLLOWER at term 181 for recognizeCandidate:af280123-6372-4d1f-a5d4-c36229a73203
2019-10-24 15:44:11,872 [Thread-1778] INFO  impl.FollowerState (FollowerState.java:run(117)) - 9092f221-0e0d-4970-bb84-cacd95020f21@group-75C85B6D1182-FollowerState was interrupted: java.lang.InterruptedException: sleep interrupted
2019-10-24 15:44:11,872 [grpc-default-executor-5] INFO  impl.RoleInfo (RoleInfo.java:updateAndGet(143)) - 9092f221-0e0d-4970-bb84-cacd95020f21: start FollowerState
2019-10-24 15:44:11,872 [grpc-default-executor-4] INFO  impl.RoleInfo (RoleInfo.java:shutdownFollowerState(121)) - b4ae536c-ed18-4717-a75c-ca4b5d6c4001: shutdown FollowerState
2019-10-24 15:44:11,873 [grpc-default-executor-4] INFO  impl.RoleInfo (RoleInfo.java:updateAndGet(143)) - b4ae536c-ed18-4717-a75c-ca4b5d6c4001: start FollowerState
2019-10-24 15:44:11,873 [Thread-1779] INFO  impl.FollowerState (FollowerState.java:run(117)) - b4ae536c-ed18-4717-a75c-ca4b5d6c4001@group-75C85B6D1182-FollowerState was interrupted: java.lang.InterruptedException: sleep interrupted
2019-10-24 15:44:11,888 [af280123-6372-4d1f-a5d4-c36229a73203@group-75C85B6D1182-LeaderElection188] INFO  impl.LeaderElection (LeaderElection.java:logAndReturn(56)) - af280123-6372-4d1f-a5d4-c36229a73203@group-75C85B6D1182-LeaderElection188: Election REJECTED; received 2 response(s) [af280123-6372-4d1f-a5d4-c36229a73203<-9092f221-0e0d-4970-bb84-cacd95020f21#0:FAIL-t181, af280123-6372-4d1f-a5d4-c36229a73203<-b4ae536c-ed18-4717-a75c-ca4b5d6c4001#0:FAIL-t181] and 0 exception(s); af280123-6372-4d1f-a5d4-c36229a73203@group-75C85B6D1182:t181, leader=null, voted=af280123-6372-4d1f-a5d4-c36229a73203, raftlog=af280123-6372-4d1f-a5d4-c36229a73203@group-75C85B6D1182-SegmentedRaftLog:OPENED:c-1,f-1,i0, conf=-1: [9092f221-0e0d-4970-bb84-cacd95020f21:192.168.164.213:41903, af280123-6372-4d1f-a5d4-c36229a73203:192.168.164.213:35334, b4ae536c-ed18-4717-a75c-ca4b5d6c4001:192.168.164.213:41180], old=null
2019-10-24 15:44:11,888 [af280123-6372-4d1f-a5d4-c36229a73203@group-75C85B6D1182-LeaderElection188] INFO  impl.RaftServerImpl (RaftServerImpl.java:setRole(184)) - af280123-6372-4d1f-a5d4-c36229a73203@group-75C85B6D1182: changes role from CANDIDATE to FOLLOWER at term 181 for DISCOVERED_A_NEW_TERM
2019-10-24 15:44:11,888 [af280123-6372-4d1f-a5d4-c36229a73203@group-75C85B6D1182-LeaderElection188] INFO  impl.RoleInfo (RoleInfo.java:shutdownLeaderElection(134)) - af280123-6372-4d1f-a5d4-c36229a73203: shutdown LeaderElection
2019-10-24 15:44:11,888 [af280123-6372-4d1f-a5d4-c36229a73203@group-75C85B6D1182-LeaderElection188] INFO  impl.RoleInfo (RoleInfo.java:updateAndGet(143)) - af280123-6372-4d1f-a5d4-c36229a73203: start FollowerState
2019-10-24 15:44:11,959 [Thread-1787] INFO  impl.FollowerState (FollowerState.java:run(108)) - af280123-6372-4d1f-a5d4-c36229a73203@group-75C85B6D1182-FollowerState: change to CANDIDATE, lastRpcTime:70ms, electionTimeout:70ms
2019-10-24 15:44:11,959 [Thread-1787] INFO  impl.RoleInfo (RoleInfo.java:shutdownFollowerState(121)) - af280123-6372-4d1f-a5d4-c36229a73203: shutdown FollowerState
2019-10-24 15:44:11,959 [Thread-1787] INFO  impl.RaftServerImpl (RaftServerImpl.java:setRole(184)) - af280123-6372-4d1f-a5d4-c36229a73203@group-75C85B6D1182: changes role from  FOLLOWER to CANDIDATE at term 181 for changeToCandidate
2019-10-24 15:44:11,959 [Thread-1787] INFO  impl.RoleInfo (RoleInfo.java:updateAndGet(143)) - af280123-6372-4d1f-a5d4-c36229a73203: start LeaderElection
2019-10-24 15:44:11,968 [Thread-1752] INFO  impl.FollowerState (FollowerState.java:run(108)) - abb8132e-b90b-4ab3-abdd-91ffef5e5962@group-D6115FD00A99-FollowerState: change to CANDIDATE, lastRpcTime:1068ms, electionTimeout:1068ms
2019-10-24 15:44:11,968 [Thread-1752] INFO  impl.RoleInfo (RoleInfo.java:shutdownFollowerState(121)) - abb8132e-b90b-4ab3-abdd-91ffef5e5962: shutdown FollowerState
2019-10-24 15:44:11,968 [Thread-1752] INFO  impl.RaftServerImpl (RaftServerImpl.java:setRole(184)) - abb8132e-b90b-4ab3-abdd-91ffef5e5962@group-D6115FD00A99: changes role from  FOLLOWER to CANDIDATE at term 15 for changeToCandidate
2019-10-24 15:44:11,969 [Thread-1752] INFO  impl.RoleInfo (RoleInfo.java:updateAndGet(143)) - abb8132e-b90b-4ab3-abdd-91ffef5e5962: start LeaderElection
2019-10-24 15:44:11,973 [af280123-6372-4d1f-a5d4-c36229a73203@group-75C85B6D1182-LeaderElection189] INFO  impl.LeaderElection (LeaderElection.java:askForVotes(178)) - af280123-6372-4d1f-a5d4-c36229a73203@group-75C85B6D1182-LeaderElection189: begin an election at term 182 for -1: [9092f221-0e0d-4970-bb84-cacd95020f21:192.168.164.213:41903, af280123-6372-4d1f-a5d4-c36229a73203:192.168.164.213:35334, b4ae536c-ed18-4717-a75c-ca4b5d6c4001:192.168.164.213:41180], old=null
2019-10-24 15:44:11,973 [abb8132e-b90b-4ab3-abdd-91ffef5e5962@group-D6115FD00A99-LeaderElection190] INFO  impl.LeaderElection (LeaderElection.java:askForVotes(178)) - abb8132e-b90b-4ab3-abdd-91ffef5e5962@group-D6115FD00A99-LeaderElection190: begin an election at term 16 for 0: [876b8685-e2e6-4b2b-9f0d-f9ddcb91e852:192.168.164.213:33356, 131ee32b-eb71-4a4b-82eb-895fd06b61f2:192.168.164.213:38159, abb8132e-b90b-4ab3-abdd-91ffef5e5962:192.168.164.213:45083], old=null
2019-10-24 15:44:11,974 [abb8132e-b90b-4ab3-abdd-91ffef5e5962@group-D6115FD00A99-LeaderElection190] INFO  impl.LeaderElection (LogUtils.java:infoOrTrace(149)) - abb8132e-b90b-4ab3-abdd-91ffef5e5962@group-D6115FD00A99-LeaderElection190 got exception when requesting votes: {}
java.util.concurrent.ExecutionException: org.apache.ratis.thirdparty.io.grpc.StatusRuntimeException: UNAVAILABLE: io exception
	at java.util.concurrent.FutureTask.report(FutureTask.java:122)
	at java.util.concurrent.FutureTask.get(FutureTask.java:192)
	at org.apache.ratis.server.impl.LeaderElection.waitForResults(LeaderElection.java:259)
	at org.apache.ratis.server.impl.LeaderElection.askForVotes(LeaderElection.java:197)
	at org.apache.ratis.server.impl.LeaderElection.run(LeaderElection.java:133)
	at java.lang.Thread.run(Thread.java:748)
Caused by: org.apache.ratis.thirdparty.io.grpc.StatusRuntimeException: UNAVAILABLE: io exception
	at org.apache.ratis.thirdparty.io.grpc.stub.ClientCalls.toStatusRuntimeException(ClientCalls.java:233)
	at org.apache.ratis.thirdparty.io.grpc.stub.ClientCalls.getUnchecked(ClientCalls.java:214)
	at org.apache.ratis.thirdparty.io.grpc.stub.ClientCalls.blockingUnaryCall(ClientCalls.java:139)
	at org.apache.ratis.proto.grpc.RaftServerProtocolServiceGrpc$RaftServerProtocolServiceBlockingStub.requestVote(RaftServerProtocolServiceGrpc.java:265)
	at org.apache.ratis.grpc.server.GrpcServerProtocolClient.requestVote(GrpcServerProtocolClient.java:99)
	at org.apache.ratis.grpc.server.GrpcService.requestVote(GrpcService.java:204)
	at org.apache.ratis.server.impl.LeaderElection.lambda$submitRequests$1(LeaderElection.java:234)
	at java.util.concurrent.FutureTask.run(FutureTask.java:266)
	at java.util.concurrent.Executors$RunnableAdapter.call(Executors.java:511)
	at java.util.concurrent.FutureTask.run(FutureTask.java:266)
	at java.util.concurrent.ThreadPoolExecutor.runWorker(ThreadPoolExecutor.java:1149)
	at java.util.concurrent.ThreadPoolExecutor$Worker.run(ThreadPoolExecutor.java:624)
	... 1 more
Caused by: org.apache.ratis.thirdparty.io.netty.channel.AbstractChannel$AnnotatedConnectException: Connection refused: /192.168.164.213:38159
	at sun.nio.ch.SocketChannelImpl.checkConnect(Native Method)
	at sun.nio.ch.SocketChannelImpl.finishConnect(SocketChannelImpl.java:717)
	at org.apache.ratis.thirdparty.io.netty.channel.socket.nio.NioSocketChannel.doFinishConnect(NioSocketChannel.java:327)
	at org.apache.ratis.thirdparty.io.netty.channel.nio.AbstractNioChannel$AbstractNioUnsafe.finishConnect(AbstractNioChannel.java:340)
	at org.apache.ratis.thirdparty.io.netty.channel.nio.NioEventLoop.processSelectedKey(NioEventLoop.java:632)
	at org.apache.ratis.thirdparty.io.netty.channel.nio.NioEventLoop.processSelectedKeysOptimized(NioEventLoop.java:579)
	at org.apache.ratis.thirdparty.io.netty.channel.nio.NioEventLoop.processSelectedKeys(NioEventLoop.java:496)
	at org.apache.ratis.thirdparty.io.netty.channel.nio.NioEventLoop.run(NioEventLoop.java:458)
	at org.apache.ratis.thirdparty.io.netty.util.concurrent.SingleThreadEventExecutor$5.run(SingleThreadEventExecutor.java:897)
	at org.apache.ratis.thirdparty.io.netty.util.concurrent.FastThreadLocalRunnable.run(FastThreadLocalRunnable.java:30)
	... 1 more
Caused by: java.net.ConnectException: Connection refused
	... 11 more
2019-10-24 15:44:11,977 [abb8132e-b90b-4ab3-abdd-91ffef5e5962@group-D6115FD00A99-LeaderElection190] INFO  impl.LeaderElection (LogUtils.java:infoOrTrace(149)) - abb8132e-b90b-4ab3-abdd-91ffef5e5962@group-D6115FD00A99-LeaderElection190 got exception when requesting votes: {}
java.util.concurrent.ExecutionException: org.apache.ratis.thirdparty.io.grpc.StatusRuntimeException: UNAVAILABLE: io exception
	at java.util.concurrent.FutureTask.report(FutureTask.java:122)
	at java.util.concurrent.FutureTask.get(FutureTask.java:192)
	at org.apache.ratis.server.impl.LeaderElection.waitForResults(LeaderElection.java:259)
	at org.apache.ratis.server.impl.LeaderElection.askForVotes(LeaderElection.java:197)
	at org.apache.ratis.server.impl.LeaderElection.run(LeaderElection.java:133)
	at java.lang.Thread.run(Thread.java:748)
Caused by: org.apache.ratis.thirdparty.io.grpc.StatusRuntimeException: UNAVAILABLE: io exception
	at org.apache.ratis.thirdparty.io.grpc.stub.ClientCalls.toStatusRuntimeException(ClientCalls.java:233)
	at org.apache.ratis.thirdparty.io.grpc.stub.ClientCalls.getUnchecked(ClientCalls.java:214)
	at org.apache.ratis.thirdparty.io.grpc.stub.ClientCalls.blockingUnaryCall(ClientCalls.java:139)
	at org.apache.ratis.proto.grpc.RaftServerProtocolServiceGrpc$RaftServerProtocolServiceBlockingStub.requestVote(RaftServerProtocolServiceGrpc.java:265)
	at org.apache.ratis.grpc.server.GrpcServerProtocolClient.requestVote(GrpcServerProtocolClient.java:99)
	at org.apache.ratis.grpc.server.GrpcService.requestVote(GrpcService.java:204)
	at org.apache.ratis.server.impl.LeaderElection.lambda$submitRequests$1(LeaderElection.java:234)
	at java.util.concurrent.FutureTask.run(FutureTask.java:266)
	at java.util.concurrent.Executors$RunnableAdapter.call(Executors.java:511)
	at java.util.concurrent.FutureTask.run(FutureTask.java:266)
	at java.util.concurrent.ThreadPoolExecutor.runWorker(ThreadPoolExecutor.java:1149)
	at java.util.concurrent.ThreadPoolExecutor$Worker.run(ThreadPoolExecutor.java:624)
	... 1 more
Caused by: org.apache.ratis.thirdparty.io.netty.channel.AbstractChannel$AnnotatedConnectException: Connection refused: /192.168.164.213:33356
	at sun.nio.ch.SocketChannelImpl.checkConnect(Native Method)
	at sun.nio.ch.SocketChannelImpl.finishConnect(SocketChannelImpl.java:717)
	at org.apache.ratis.thirdparty.io.netty.channel.socket.nio.NioSocketChannel.doFinishConnect(NioSocketChannel.java:327)
	at org.apache.ratis.thirdparty.io.netty.channel.nio.AbstractNioChannel$AbstractNioUnsafe.finishConnect(AbstractNioChannel.java:340)
	at org.apache.ratis.thirdparty.io.netty.channel.nio.NioEventLoop.processSelectedKey(NioEventLoop.java:632)
	at org.apache.ratis.thirdparty.io.netty.channel.nio.NioEventLoop.processSelectedKeysOptimized(NioEventLoop.java:579)
	at org.apache.ratis.thirdparty.io.netty.channel.nio.NioEventLoop.processSelectedKeys(NioEventLoop.java:496)
	at org.apache.ratis.thirdparty.io.netty.channel.nio.NioEventLoop.run(NioEventLoop.java:458)
	at org.apache.ratis.thirdparty.io.netty.util.concurrent.SingleThreadEventExecutor$5.run(SingleThreadEventExecutor.java:897)
	at org.apache.ratis.thirdparty.io.netty.util.concurrent.FastThreadLocalRunnable.run(FastThreadLocalRunnable.java:30)
	... 1 more
Caused by: java.net.ConnectException: Connection refused
	... 11 more
2019-10-24 15:44:11,980 [abb8132e-b90b-4ab3-abdd-91ffef5e5962@group-D6115FD00A99-LeaderElection190] INFO  impl.LeaderElection (LeaderElection.java:logAndReturn(56)) - abb8132e-b90b-4ab3-abdd-91ffef5e5962@group-D6115FD00A99-LeaderElection190: Election REJECTED; received 0 response(s) [] and 2 exception(s); abb8132e-b90b-4ab3-abdd-91ffef5e5962@group-D6115FD00A99:t16, leader=null, voted=abb8132e-b90b-4ab3-abdd-91ffef5e5962, raftlog=abb8132e-b90b-4ab3-abdd-91ffef5e5962@group-D6115FD00A99-SegmentedRaftLog:OPENED:c4,f4,i4, conf=0: [876b8685-e2e6-4b2b-9f0d-f9ddcb91e852:192.168.164.213:33356, 131ee32b-eb71-4a4b-82eb-895fd06b61f2:192.168.164.213:38159, abb8132e-b90b-4ab3-abdd-91ffef5e5962:192.168.164.213:45083], old=null
2019-10-24 15:44:11,980 [grpc-default-executor-5] INFO  impl.RaftServerImpl (RaftServerImpl.java:setRole(184)) - 9092f221-0e0d-4970-bb84-cacd95020f21@group-75C85B6D1182: changes role from  FOLLOWER to FOLLOWER at term 182 for recognizeCandidate:af280123-6372-4d1f-a5d4-c36229a73203
2019-10-24 15:44:11,980 [grpc-default-executor-5] INFO  impl.RoleInfo (RoleInfo.java:shutdownFollowerState(121)) - 9092f221-0e0d-4970-bb84-cacd95020f21: shutdown FollowerState
2019-10-24 15:44:11,980 [grpc-default-executor-4] INFO  impl.RaftServerImpl (RaftServerImpl.java:setRole(184)) - b4ae536c-ed18-4717-a75c-ca4b5d6c4001@group-75C85B6D1182: changes role from  FOLLOWER to FOLLOWER at term 182 for recognizeCandidate:af280123-6372-4d1f-a5d4-c36229a73203
2019-10-24 15:44:11,980 [Thread-1785] INFO  impl.FollowerState (FollowerState.java:run(117)) - 9092f221-0e0d-4970-bb84-cacd95020f21@group-75C85B6D1182-FollowerState was interrupted: java.lang.InterruptedException: sleep interrupted
2019-10-24 15:44:11,980 [grpc-default-executor-5] INFO  impl.RoleInfo (RoleInfo.java:updateAndGet(143)) - 9092f221-0e0d-4970-bb84-cacd95020f21: start FollowerState
2019-10-24 15:44:11,980 [abb8132e-b90b-4ab3-abdd-91ffef5e5962@group-D6115FD00A99-LeaderElection190] INFO  impl.LeaderElection (LogUtils.java:infoOrTrace(149)) -   Exception 0: {}
java.util.concurrent.ExecutionException: org.apache.ratis.thirdparty.io.grpc.StatusRuntimeException: UNAVAILABLE: io exception
	at java.util.concurrent.FutureTask.report(FutureTask.java:122)
	at java.util.concurrent.FutureTask.get(FutureTask.java:192)
	at org.apache.ratis.server.impl.LeaderElection.waitForResults(LeaderElection.java:259)
	at org.apache.ratis.server.impl.LeaderElection.askForVotes(LeaderElection.java:197)
	at org.apache.ratis.server.impl.LeaderElection.run(LeaderElection.java:133)
	at java.lang.Thread.run(Thread.java:748)
Caused by: org.apache.ratis.thirdparty.io.grpc.StatusRuntimeException: UNAVAILABLE: io exception
	at org.apache.ratis.thirdparty.io.grpc.stub.ClientCalls.toStatusRuntimeException(ClientCalls.java:233)
	at org.apache.ratis.thirdparty.io.grpc.stub.ClientCalls.getUnchecked(ClientCalls.java:214)
	at org.apache.ratis.thirdparty.io.grpc.stub.ClientCalls.blockingUnaryCall(ClientCalls.java:139)
	at org.apache.ratis.proto.grpc.RaftServerProtocolServiceGrpc$RaftServerProtocolServiceBlockingStub.requestVote(RaftServerProtocolServiceGrpc.java:265)
	at org.apache.ratis.grpc.server.GrpcServerProtocolClient.requestVote(GrpcServerProtocolClient.java:99)
	at org.apache.ratis.grpc.server.GrpcService.requestVote(GrpcService.java:204)
	at org.apache.ratis.server.impl.LeaderElection.lambda$submitRequests$1(LeaderElection.java:234)
	at java.util.concurrent.FutureTask.run(FutureTask.java:266)
	at java.util.concurrent.Executors$RunnableAdapter.call(Executors.java:511)
	at java.util.concurrent.FutureTask.run(FutureTask.java:266)
	at java.util.concurrent.ThreadPoolExecutor.runWorker(ThreadPoolExecutor.java:1149)
	at java.util.concurrent.ThreadPoolExecutor$Worker.run(ThreadPoolExecutor.java:624)
	... 1 more
Caused by: org.apache.ratis.thirdparty.io.netty.channel.AbstractChannel$AnnotatedConnectException: Connection refused: /192.168.164.213:38159
	at sun.nio.ch.SocketChannelImpl.checkConnect(Native Method)
	at sun.nio.ch.SocketChannelImpl.finishConnect(SocketChannelImpl.java:717)
	at org.apache.ratis.thirdparty.io.netty.channel.socket.nio.NioSocketChannel.doFinishConnect(NioSocketChannel.java:327)
	at org.apache.ratis.thirdparty.io.netty.channel.nio.AbstractNioChannel$AbstractNioUnsafe.finishConnect(AbstractNioChannel.java:340)
	at org.apache.ratis.thirdparty.io.netty.channel.nio.NioEventLoop.processSelectedKey(NioEventLoop.java:632)
	at org.apache.ratis.thirdparty.io.netty.channel.nio.NioEventLoop.processSelectedKeysOptimized(NioEventLoop.java:579)
	at org.apache.ratis.thirdparty.io.netty.channel.nio.NioEventLoop.processSelectedKeys(NioEventLoop.java:496)
	at org.apache.ratis.thirdparty.io.netty.channel.nio.NioEventLoop.run(NioEventLoop.java:458)
	at org.apache.ratis.thirdparty.io.netty.util.concurrent.SingleThreadEventExecutor$5.run(SingleThreadEventExecutor.java:897)
	at org.apache.ratis.thirdparty.io.netty.util.concurrent.FastThreadLocalRunnable.run(FastThreadLocalRunnable.java:30)
	... 1 more
Caused by: java.net.ConnectException: Connection refused
	... 11 more
2019-10-24 15:44:11,981 [abb8132e-b90b-4ab3-abdd-91ffef5e5962@group-D6115FD00A99-LeaderElection190] INFO  impl.LeaderElection (LogUtils.java:infoOrTrace(149)) -   Exception 1: {}
java.util.concurrent.ExecutionException: org.apache.ratis.thirdparty.io.grpc.StatusRuntimeException: UNAVAILABLE: io exception
	at java.util.concurrent.FutureTask.report(FutureTask.java:122)
	at java.util.concurrent.FutureTask.get(FutureTask.java:192)
	at org.apache.ratis.server.impl.LeaderElection.waitForResults(LeaderElection.java:259)
	at org.apache.ratis.server.impl.LeaderElection.askForVotes(LeaderElection.java:197)
	at org.apache.ratis.server.impl.LeaderElection.run(LeaderElection.java:133)
	at java.lang.Thread.run(Thread.java:748)
Caused by: org.apache.ratis.thirdparty.io.grpc.StatusRuntimeException: UNAVAILABLE: io exception
	at org.apache.ratis.thirdparty.io.grpc.stub.ClientCalls.toStatusRuntimeException(ClientCalls.java:233)
	at org.apache.ratis.thirdparty.io.grpc.stub.ClientCalls.getUnchecked(ClientCalls.java:214)
	at org.apache.ratis.thirdparty.io.grpc.stub.ClientCalls.blockingUnaryCall(ClientCalls.java:139)
	at org.apache.ratis.proto.grpc.RaftServerProtocolServiceGrpc$RaftServerProtocolServiceBlockingStub.requestVote(RaftServerProtocolServiceGrpc.java:265)
	at org.apache.ratis.grpc.server.GrpcServerProtocolClient.requestVote(GrpcServerProtocolClient.java:99)
	at org.apache.ratis.grpc.server.GrpcService.requestVote(GrpcService.java:204)
	at org.apache.ratis.server.impl.LeaderElection.lambda$submitRequests$1(LeaderElection.java:234)
	at java.util.concurrent.FutureTask.run(FutureTask.java:266)
	at java.util.concurrent.Executors$RunnableAdapter.call(Executors.java:511)
	at java.util.concurrent.FutureTask.run(FutureTask.java:266)
	at java.util.concurrent.ThreadPoolExecutor.runWorker(ThreadPoolExecutor.java:1149)
	at java.util.concurrent.ThreadPoolExecutor$Worker.run(ThreadPoolExecutor.java:624)
	... 1 more
Caused by: org.apache.ratis.thirdparty.io.netty.channel.AbstractChannel$AnnotatedConnectException: Connection refused: /192.168.164.213:33356
	at sun.nio.ch.SocketChannelImpl.checkConnect(Native Method)
	at sun.nio.ch.SocketChannelImpl.finishConnect(SocketChannelImpl.java:717)
	at org.apache.ratis.thirdparty.io.netty.channel.socket.nio.NioSocketChannel.doFinishConnect(NioSocketChannel.java:327)
	at org.apache.ratis.thirdparty.io.netty.channel.nio.AbstractNioChannel$AbstractNioUnsafe.finishConnect(AbstractNioChannel.java:340)
	at org.apache.ratis.thirdparty.io.netty.channel.nio.NioEventLoop.processSelectedKey(NioEventLoop.java:632)
	at org.apache.ratis.thirdparty.io.netty.channel.nio.NioEventLoop.processSelectedKeysOptimized(NioEventLoop.java:579)
	at org.apache.ratis.thirdparty.io.netty.channel.nio.NioEventLoop.processSelectedKeys(NioEventLoop.java:496)
	at org.apache.ratis.thirdparty.io.netty.channel.nio.NioEventLoop.run(NioEventLoop.java:458)
	at org.apache.ratis.thirdparty.io.netty.util.concurrent.SingleThreadEventExecutor$5.run(SingleThreadEventExecutor.java:897)
	at org.apache.ratis.thirdparty.io.netty.util.concurrent.FastThreadLocalRunnable.run(FastThreadLocalRunnable.java:30)
	... 1 more
Caused by: java.net.ConnectException: Connection refused
	... 11 more
2019-10-24 15:44:11,980 [grpc-default-executor-4] INFO  impl.RoleInfo (RoleInfo.java:shutdownFollowerState(121)) - b4ae536c-ed18-4717-a75c-ca4b5d6c4001: shutdown FollowerState
2019-10-24 15:44:11,981 [abb8132e-b90b-4ab3-abdd-91ffef5e5962@group-D6115FD00A99-LeaderElection190] INFO  impl.RaftServerImpl (RaftServerImpl.java:setRole(184)) - abb8132e-b90b-4ab3-abdd-91ffef5e5962@group-D6115FD00A99: changes role from CANDIDATE to FOLLOWER at term 16 for DISCOVERED_A_NEW_TERM
2019-10-24 15:44:11,981 [Thread-1786] INFO  impl.FollowerState (FollowerState.java:run(117)) - b4ae536c-ed18-4717-a75c-ca4b5d6c4001@group-75C85B6D1182-FollowerState was interrupted: java.lang.InterruptedException: sleep interrupted
2019-10-24 15:44:11,981 [grpc-default-executor-4] INFO  impl.RoleInfo (RoleInfo.java:updateAndGet(143)) - b4ae536c-ed18-4717-a75c-ca4b5d6c4001: start FollowerState
2019-10-24 15:44:11,981 [abb8132e-b90b-4ab3-abdd-91ffef5e5962@group-D6115FD00A99-LeaderElection190] INFO  impl.RoleInfo (RoleInfo.java:shutdownLeaderElection(134)) - abb8132e-b90b-4ab3-abdd-91ffef5e5962: shutdown LeaderElection
2019-10-24 15:44:11,982 [abb8132e-b90b-4ab3-abdd-91ffef5e5962@group-D6115FD00A99-LeaderElection190] INFO  impl.RoleInfo (RoleInfo.java:updateAndGet(143)) - abb8132e-b90b-4ab3-abdd-91ffef5e5962: start FollowerState
2019-10-24 15:44:11,995 [af280123-6372-4d1f-a5d4-c36229a73203@group-75C85B6D1182-LeaderElection189] INFO  impl.LeaderElection (LeaderElection.java:logAndReturn(56)) - af280123-6372-4d1f-a5d4-c36229a73203@group-75C85B6D1182-LeaderElection189: Election REJECTED; received 2 response(s) [af280123-6372-4d1f-a5d4-c36229a73203<-9092f221-0e0d-4970-bb84-cacd95020f21#0:FAIL-t182, af280123-6372-4d1f-a5d4-c36229a73203<-b4ae536c-ed18-4717-a75c-ca4b5d6c4001#0:FAIL-t182] and 0 exception(s); af280123-6372-4d1f-a5d4-c36229a73203@group-75C85B6D1182:t182, leader=null, voted=af280123-6372-4d1f-a5d4-c36229a73203, raftlog=af280123-6372-4d1f-a5d4-c36229a73203@group-75C85B6D1182-SegmentedRaftLog:OPENED:c-1,f-1,i0, conf=-1: [9092f221-0e0d-4970-bb84-cacd95020f21:192.168.164.213:41903, af280123-6372-4d1f-a5d4-c36229a73203:192.168.164.213:35334, b4ae536c-ed18-4717-a75c-ca4b5d6c4001:192.168.164.213:41180], old=null
2019-10-24 15:44:11,995 [af280123-6372-4d1f-a5d4-c36229a73203@group-75C85B6D1182-LeaderElection189] INFO  impl.RaftServerImpl (RaftServerImpl.java:setRole(184)) - af280123-6372-4d1f-a5d4-c36229a73203@group-75C85B6D1182: changes role from CANDIDATE to FOLLOWER at term 182 for DISCOVERED_A_NEW_TERM
2019-10-24 15:44:11,995 [af280123-6372-4d1f-a5d4-c36229a73203@group-75C85B6D1182-LeaderElection189] INFO  impl.RoleInfo (RoleInfo.java:shutdownLeaderElection(134)) - af280123-6372-4d1f-a5d4-c36229a73203: shutdown LeaderElection
2019-10-24 15:44:11,995 [af280123-6372-4d1f-a5d4-c36229a73203@group-75C85B6D1182-LeaderElection189] INFO  impl.RoleInfo (RoleInfo.java:updateAndGet(143)) - af280123-6372-4d1f-a5d4-c36229a73203: start FollowerState
2019-10-24 15:44:12,003 [Thread-1797] INFO  impl.FollowerState (FollowerState.java:run(108)) - af280123-6372-4d1f-a5d4-c36229a73203@group-75C85B6D1182-FollowerState: change to CANDIDATE, lastRpcTime:7ms, electionTimeout:7ms
2019-10-24 15:44:12,003 [Thread-1797] INFO  impl.RoleInfo (RoleInfo.java:shutdownFollowerState(121)) - af280123-6372-4d1f-a5d4-c36229a73203: shutdown FollowerState
2019-10-24 15:44:12,003 [Thread-1797] INFO  impl.RaftServerImpl (RaftServerImpl.java:setRole(184)) - af280123-6372-4d1f-a5d4-c36229a73203@group-75C85B6D1182: changes role from  FOLLOWER to CANDIDATE at term 182 for changeToCandidate
2019-10-24 15:44:12,003 [Thread-1797] INFO  impl.RoleInfo (RoleInfo.java:updateAndGet(143)) - af280123-6372-4d1f-a5d4-c36229a73203: start LeaderElection
2019-10-24 15:44:12,025 [af280123-6372-4d1f-a5d4-c36229a73203@group-75C85B6D1182-LeaderElection191] INFO  impl.LeaderElection (LeaderElection.java:askForVotes(178)) - af280123-6372-4d1f-a5d4-c36229a73203@group-75C85B6D1182-LeaderElection191: begin an election at term 183 for -1: [9092f221-0e0d-4970-bb84-cacd95020f21:192.168.164.213:41903, af280123-6372-4d1f-a5d4-c36229a73203:192.168.164.213:35334, b4ae536c-ed18-4717-a75c-ca4b5d6c4001:192.168.164.213:41180], old=null
2019-10-24 15:44:12,027 [grpc-default-executor-4] INFO  impl.RaftServerImpl (RaftServerImpl.java:setRole(184)) - 9092f221-0e0d-4970-bb84-cacd95020f21@group-75C85B6D1182: changes role from  FOLLOWER to FOLLOWER at term 183 for recognizeCandidate:af280123-6372-4d1f-a5d4-c36229a73203
2019-10-24 15:44:12,028 [grpc-default-executor-4] INFO  impl.RoleInfo (RoleInfo.java:shutdownFollowerState(121)) - 9092f221-0e0d-4970-bb84-cacd95020f21: shutdown FollowerState
2019-10-24 15:44:12,028 [grpc-default-executor-4] INFO  impl.RoleInfo (RoleInfo.java:updateAndGet(143)) - 9092f221-0e0d-4970-bb84-cacd95020f21: start FollowerState
2019-10-24 15:44:12,028 [Thread-1794] INFO  impl.FollowerState (FollowerState.java:run(117)) - 9092f221-0e0d-4970-bb84-cacd95020f21@group-75C85B6D1182-FollowerState was interrupted: java.lang.InterruptedException: sleep interrupted
2019-10-24 15:44:12,028 [grpc-default-executor-5] INFO  impl.RaftServerImpl (RaftServerImpl.java:setRole(184)) - b4ae536c-ed18-4717-a75c-ca4b5d6c4001@group-75C85B6D1182: changes role from  FOLLOWER to FOLLOWER at term 183 for recognizeCandidate:af280123-6372-4d1f-a5d4-c36229a73203
2019-10-24 15:44:12,028 [grpc-default-executor-5] INFO  impl.RoleInfo (RoleInfo.java:shutdownFollowerState(121)) - b4ae536c-ed18-4717-a75c-ca4b5d6c4001: shutdown FollowerState
2019-10-24 15:44:12,028 [grpc-default-executor-5] INFO  impl.RoleInfo (RoleInfo.java:updateAndGet(143)) - b4ae536c-ed18-4717-a75c-ca4b5d6c4001: start FollowerState
2019-10-24 15:44:12,028 [Thread-1795] INFO  impl.FollowerState (FollowerState.java:run(117)) - b4ae536c-ed18-4717-a75c-ca4b5d6c4001@group-75C85B6D1182-FollowerState was interrupted: java.lang.InterruptedException: sleep interrupted
2019-10-24 15:44:12,030 [af280123-6372-4d1f-a5d4-c36229a73203@group-75C85B6D1182-LeaderElection191] INFO  impl.LeaderElection (LeaderElection.java:logAndReturn(56)) - af280123-6372-4d1f-a5d4-c36229a73203@group-75C85B6D1182-LeaderElection191: Election TIMEOUT; received 0 response(s) [] and 0 exception(s); af280123-6372-4d1f-a5d4-c36229a73203@group-75C85B6D1182:t183, leader=null, voted=af280123-6372-4d1f-a5d4-c36229a73203, raftlog=af280123-6372-4d1f-a5d4-c36229a73203@group-75C85B6D1182-SegmentedRaftLog:OPENED:c-1,f-1,i0, conf=-1: [9092f221-0e0d-4970-bb84-cacd95020f21:192.168.164.213:41903, af280123-6372-4d1f-a5d4-c36229a73203:192.168.164.213:35334, b4ae536c-ed18-4717-a75c-ca4b5d6c4001:192.168.164.213:41180], old=null
2019-10-24 15:44:12,041 [af280123-6372-4d1f-a5d4-c36229a73203@group-75C85B6D1182-LeaderElection191] INFO  impl.LeaderElection (LeaderElection.java:askForVotes(178)) - af280123-6372-4d1f-a5d4-c36229a73203@group-75C85B6D1182-LeaderElection191: begin an election at term 184 for -1: [9092f221-0e0d-4970-bb84-cacd95020f21:192.168.164.213:41903, af280123-6372-4d1f-a5d4-c36229a73203:192.168.164.213:35334, b4ae536c-ed18-4717-a75c-ca4b5d6c4001:192.168.164.213:41180], old=null
2019-10-24 15:44:12,043 [grpc-default-executor-5] INFO  impl.RaftServerImpl (RaftServerImpl.java:setRole(184)) - 9092f221-0e0d-4970-bb84-cacd95020f21@group-75C85B6D1182: changes role from  FOLLOWER to FOLLOWER at term 184 for recognizeCandidate:af280123-6372-4d1f-a5d4-c36229a73203
2019-10-24 15:44:12,043 [grpc-default-executor-5] INFO  impl.RoleInfo (RoleInfo.java:shutdownFollowerState(121)) - 9092f221-0e0d-4970-bb84-cacd95020f21: shutdown FollowerState
2019-10-24 15:44:12,043 [grpc-default-executor-5] INFO  impl.RoleInfo (RoleInfo.java:updateAndGet(143)) - 9092f221-0e0d-4970-bb84-cacd95020f21: start FollowerState
2019-10-24 15:44:12,043 [Thread-1801] INFO  impl.FollowerState (FollowerState.java:run(117)) - 9092f221-0e0d-4970-bb84-cacd95020f21@group-75C85B6D1182-FollowerState was interrupted: java.lang.InterruptedException: sleep interrupted
2019-10-24 15:44:12,043 [grpc-default-executor-4] INFO  impl.RaftServerImpl (RaftServerImpl.java:setRole(184)) - b4ae536c-ed18-4717-a75c-ca4b5d6c4001@group-75C85B6D1182: changes role from  FOLLOWER to FOLLOWER at term 184 for recognizeCandidate:af280123-6372-4d1f-a5d4-c36229a73203
2019-10-24 15:44:12,044 [grpc-default-executor-4] INFO  impl.RoleInfo (RoleInfo.java:shutdownFollowerState(121)) - b4ae536c-ed18-4717-a75c-ca4b5d6c4001: shutdown FollowerState
2019-10-24 15:44:12,044 [grpc-default-executor-4] INFO  impl.RoleInfo (RoleInfo.java:updateAndGet(143)) - b4ae536c-ed18-4717-a75c-ca4b5d6c4001: start FollowerState
2019-10-24 15:44:12,044 [Thread-1802] INFO  impl.FollowerState (FollowerState.java:run(117)) - b4ae536c-ed18-4717-a75c-ca4b5d6c4001@group-75C85B6D1182-FollowerState was interrupted: java.lang.InterruptedException: sleep interrupted
2019-10-24 15:44:12,058 [af280123-6372-4d1f-a5d4-c36229a73203@group-75C85B6D1182-LeaderElection191] INFO  impl.LeaderElection (LeaderElection.java:logAndReturn(56)) - af280123-6372-4d1f-a5d4-c36229a73203@group-75C85B6D1182-LeaderElection191: Election REJECTED; received 2 response(s) [af280123-6372-4d1f-a5d4-c36229a73203<-9092f221-0e0d-4970-bb84-cacd95020f21#0:FAIL-t184, af280123-6372-4d1f-a5d4-c36229a73203<-b4ae536c-ed18-4717-a75c-ca4b5d6c4001#0:FAIL-t184] and 0 exception(s); af280123-6372-4d1f-a5d4-c36229a73203@group-75C85B6D1182:t184, leader=null, voted=af280123-6372-4d1f-a5d4-c36229a73203, raftlog=af280123-6372-4d1f-a5d4-c36229a73203@group-75C85B6D1182-SegmentedRaftLog:OPENED:c-1,f-1,i0, conf=-1: [9092f221-0e0d-4970-bb84-cacd95020f21:192.168.164.213:41903, af280123-6372-4d1f-a5d4-c36229a73203:192.168.164.213:35334, b4ae536c-ed18-4717-a75c-ca4b5d6c4001:192.168.164.213:41180], old=null
2019-10-24 15:44:12,059 [af280123-6372-4d1f-a5d4-c36229a73203@group-75C85B6D1182-LeaderElection191] INFO  impl.RaftServerImpl (RaftServerImpl.java:setRole(184)) - af280123-6372-4d1f-a5d4-c36229a73203@group-75C85B6D1182: changes role from CANDIDATE to FOLLOWER at term 184 for DISCOVERED_A_NEW_TERM
2019-10-24 15:44:12,059 [af280123-6372-4d1f-a5d4-c36229a73203@group-75C85B6D1182-LeaderElection191] INFO  impl.RoleInfo (RoleInfo.java:shutdownLeaderElection(134)) - af280123-6372-4d1f-a5d4-c36229a73203: shutdown LeaderElection
2019-10-24 15:44:12,059 [af280123-6372-4d1f-a5d4-c36229a73203@group-75C85B6D1182-LeaderElection191] INFO  impl.RoleInfo (RoleInfo.java:updateAndGet(143)) - af280123-6372-4d1f-a5d4-c36229a73203: start FollowerState
2019-10-24 15:44:12,123 [Thread-1807] INFO  impl.FollowerState (FollowerState.java:run(108)) - af280123-6372-4d1f-a5d4-c36229a73203@group-75C85B6D1182-FollowerState: change to CANDIDATE, lastRpcTime:64ms, electionTimeout:64ms
2019-10-24 15:44:12,123 [Thread-1807] INFO  impl.RoleInfo (RoleInfo.java:shutdownFollowerState(121)) - af280123-6372-4d1f-a5d4-c36229a73203: shutdown FollowerState
2019-10-24 15:44:12,123 [Thread-1807] INFO  impl.RaftServerImpl (RaftServerImpl.java:setRole(184)) - af280123-6372-4d1f-a5d4-c36229a73203@group-75C85B6D1182: changes role from  FOLLOWER to CANDIDATE at term 184 for changeToCandidate
2019-10-24 15:44:12,123 [Thread-1807] INFO  impl.RoleInfo (RoleInfo.java:updateAndGet(143)) - af280123-6372-4d1f-a5d4-c36229a73203: start LeaderElection
2019-10-24 15:44:12,137 [af280123-6372-4d1f-a5d4-c36229a73203@group-75C85B6D1182-LeaderElection192] INFO  impl.LeaderElection (LeaderElection.java:askForVotes(178)) - af280123-6372-4d1f-a5d4-c36229a73203@group-75C85B6D1182-LeaderElection192: begin an election at term 185 for -1: [9092f221-0e0d-4970-bb84-cacd95020f21:192.168.164.213:41903, af280123-6372-4d1f-a5d4-c36229a73203:192.168.164.213:35334, b4ae536c-ed18-4717-a75c-ca4b5d6c4001:192.168.164.213:41180], old=null
2019-10-24 15:44:12,138 [grpc-default-executor-4] INFO  impl.RaftServerImpl (RaftServerImpl.java:setRole(184)) - 9092f221-0e0d-4970-bb84-cacd95020f21@group-75C85B6D1182: changes role from  FOLLOWER to FOLLOWER at term 185 for recognizeCandidate:af280123-6372-4d1f-a5d4-c36229a73203
2019-10-24 15:44:12,138 [grpc-default-executor-5] INFO  impl.RaftServerImpl (RaftServerImpl.java:setRole(184)) - b4ae536c-ed18-4717-a75c-ca4b5d6c4001@group-75C85B6D1182: changes role from  FOLLOWER to FOLLOWER at term 185 for recognizeCandidate:af280123-6372-4d1f-a5d4-c36229a73203
2019-10-24 15:44:12,139 [grpc-default-executor-5] INFO  impl.RoleInfo (RoleInfo.java:shutdownFollowerState(121)) - b4ae536c-ed18-4717-a75c-ca4b5d6c4001: shutdown FollowerState
2019-10-24 15:44:12,139 [grpc-default-executor-4] INFO  impl.RoleInfo (RoleInfo.java:shutdownFollowerState(121)) - 9092f221-0e0d-4970-bb84-cacd95020f21: shutdown FollowerState
2019-10-24 15:44:12,139 [Thread-1806] INFO  impl.FollowerState (FollowerState.java:run(117)) - b4ae536c-ed18-4717-a75c-ca4b5d6c4001@group-75C85B6D1182-FollowerState was interrupted: java.lang.InterruptedException: sleep interrupted
2019-10-24 15:44:12,139 [grpc-default-executor-5] INFO  impl.RoleInfo (RoleInfo.java:updateAndGet(143)) - b4ae536c-ed18-4717-a75c-ca4b5d6c4001: start FollowerState
2019-10-24 15:44:12,139 [Thread-1805] INFO  impl.FollowerState (FollowerState.java:run(117)) - 9092f221-0e0d-4970-bb84-cacd95020f21@group-75C85B6D1182-FollowerState was interrupted: java.lang.InterruptedException: sleep interrupted
2019-10-24 15:44:12,139 [grpc-default-executor-4] INFO  impl.RoleInfo (RoleInfo.java:updateAndGet(143)) - 9092f221-0e0d-4970-bb84-cacd95020f21: start FollowerState
2019-10-24 15:44:12,159 [af280123-6372-4d1f-a5d4-c36229a73203@group-75C85B6D1182-LeaderElection192] INFO  impl.LeaderElection (LeaderElection.java:logAndReturn(56)) - af280123-6372-4d1f-a5d4-c36229a73203@group-75C85B6D1182-LeaderElection192: Election REJECTED; received 2 response(s) [af280123-6372-4d1f-a5d4-c36229a73203<-9092f221-0e0d-4970-bb84-cacd95020f21#0:FAIL-t185, af280123-6372-4d1f-a5d4-c36229a73203<-b4ae536c-ed18-4717-a75c-ca4b5d6c4001#0:FAIL-t185] and 0 exception(s); af280123-6372-4d1f-a5d4-c36229a73203@group-75C85B6D1182:t185, leader=null, voted=af280123-6372-4d1f-a5d4-c36229a73203, raftlog=af280123-6372-4d1f-a5d4-c36229a73203@group-75C85B6D1182-SegmentedRaftLog:OPENED:c-1,f-1,i0, conf=-1: [9092f221-0e0d-4970-bb84-cacd95020f21:192.168.164.213:41903, af280123-6372-4d1f-a5d4-c36229a73203:192.168.164.213:35334, b4ae536c-ed18-4717-a75c-ca4b5d6c4001:192.168.164.213:41180], old=null
2019-10-24 15:44:12,159 [af280123-6372-4d1f-a5d4-c36229a73203@group-75C85B6D1182-LeaderElection192] INFO  impl.RaftServerImpl (RaftServerImpl.java:setRole(184)) - af280123-6372-4d1f-a5d4-c36229a73203@group-75C85B6D1182: changes role from CANDIDATE to FOLLOWER at term 185 for DISCOVERED_A_NEW_TERM
2019-10-24 15:44:12,159 [af280123-6372-4d1f-a5d4-c36229a73203@group-75C85B6D1182-LeaderElection192] INFO  impl.RoleInfo (RoleInfo.java:shutdownLeaderElection(134)) - af280123-6372-4d1f-a5d4-c36229a73203: shutdown LeaderElection
2019-10-24 15:44:12,159 [af280123-6372-4d1f-a5d4-c36229a73203@group-75C85B6D1182-LeaderElection192] INFO  impl.RoleInfo (RoleInfo.java:updateAndGet(143)) - af280123-6372-4d1f-a5d4-c36229a73203: start FollowerState
2019-10-24 15:44:12,237 [Thread-1813] INFO  impl.FollowerState (FollowerState.java:run(108)) - af280123-6372-4d1f-a5d4-c36229a73203@group-75C85B6D1182-FollowerState: change to CANDIDATE, lastRpcTime:77ms, electionTimeout:77ms
2019-10-24 15:44:12,237 [Thread-1813] INFO  impl.RoleInfo (RoleInfo.java:shutdownFollowerState(121)) - af280123-6372-4d1f-a5d4-c36229a73203: shutdown FollowerState
2019-10-24 15:44:12,237 [Thread-1813] INFO  impl.RaftServerImpl (RaftServerImpl.java:setRole(184)) - af280123-6372-4d1f-a5d4-c36229a73203@group-75C85B6D1182: changes role from  FOLLOWER to CANDIDATE at term 185 for changeToCandidate
2019-10-24 15:44:12,237 [Thread-1813] INFO  impl.RoleInfo (RoleInfo.java:updateAndGet(143)) - af280123-6372-4d1f-a5d4-c36229a73203: start LeaderElection
2019-10-24 15:44:12,250 [af280123-6372-4d1f-a5d4-c36229a73203@group-75C85B6D1182-LeaderElection193] INFO  impl.LeaderElection (LeaderElection.java:askForVotes(178)) - af280123-6372-4d1f-a5d4-c36229a73203@group-75C85B6D1182-LeaderElection193: begin an election at term 186 for -1: [9092f221-0e0d-4970-bb84-cacd95020f21:192.168.164.213:41903, af280123-6372-4d1f-a5d4-c36229a73203:192.168.164.213:35334, b4ae536c-ed18-4717-a75c-ca4b5d6c4001:192.168.164.213:41180], old=null
2019-10-24 15:44:12,252 [grpc-default-executor-5] INFO  impl.RaftServerImpl (RaftServerImpl.java:setRole(184)) - b4ae536c-ed18-4717-a75c-ca4b5d6c4001@group-75C85B6D1182: changes role from  FOLLOWER to FOLLOWER at term 186 for recognizeCandidate:af280123-6372-4d1f-a5d4-c36229a73203
2019-10-24 15:44:12,252 [grpc-default-executor-4] INFO  impl.RaftServerImpl (RaftServerImpl.java:setRole(184)) - 9092f221-0e0d-4970-bb84-cacd95020f21@group-75C85B6D1182: changes role from  FOLLOWER to FOLLOWER at term 186 for recognizeCandidate:af280123-6372-4d1f-a5d4-c36229a73203
2019-10-24 15:44:12,253 [grpc-default-executor-5] INFO  impl.RoleInfo (RoleInfo.java:shutdownFollowerState(121)) - b4ae536c-ed18-4717-a75c-ca4b5d6c4001: shutdown FollowerState
2019-10-24 15:44:12,253 [grpc-default-executor-4] INFO  impl.RoleInfo (RoleInfo.java:shutdownFollowerState(121)) - 9092f221-0e0d-4970-bb84-cacd95020f21: shutdown FollowerState
2019-10-24 15:44:12,253 [Thread-1811] INFO  impl.FollowerState (FollowerState.java:run(117)) - b4ae536c-ed18-4717-a75c-ca4b5d6c4001@group-75C85B6D1182-FollowerState was interrupted: java.lang.InterruptedException: sleep interrupted
2019-10-24 15:44:12,253 [Thread-1812] INFO  impl.FollowerState (FollowerState.java:run(117)) - 9092f221-0e0d-4970-bb84-cacd95020f21@group-75C85B6D1182-FollowerState was interrupted: java.lang.InterruptedException: sleep interrupted
2019-10-24 15:44:12,253 [grpc-default-executor-5] INFO  impl.RoleInfo (RoleInfo.java:updateAndGet(143)) - b4ae536c-ed18-4717-a75c-ca4b5d6c4001: start FollowerState
2019-10-24 15:44:12,253 [grpc-default-executor-4] INFO  impl.RoleInfo (RoleInfo.java:updateAndGet(143)) - 9092f221-0e0d-4970-bb84-cacd95020f21: start FollowerState
2019-10-24 15:44:12,267 [af280123-6372-4d1f-a5d4-c36229a73203@group-75C85B6D1182-LeaderElection193] INFO  impl.LeaderElection (LeaderElection.java:logAndReturn(56)) - af280123-6372-4d1f-a5d4-c36229a73203@group-75C85B6D1182-LeaderElection193: Election REJECTED; received 2 response(s) [af280123-6372-4d1f-a5d4-c36229a73203<-9092f221-0e0d-4970-bb84-cacd95020f21#0:FAIL-t186, af280123-6372-4d1f-a5d4-c36229a73203<-b4ae536c-ed18-4717-a75c-ca4b5d6c4001#0:FAIL-t186] and 0 exception(s); af280123-6372-4d1f-a5d4-c36229a73203@group-75C85B6D1182:t186, leader=null, voted=af280123-6372-4d1f-a5d4-c36229a73203, raftlog=af280123-6372-4d1f-a5d4-c36229a73203@group-75C85B6D1182-SegmentedRaftLog:OPENED:c-1,f-1,i0, conf=-1: [9092f221-0e0d-4970-bb84-cacd95020f21:192.168.164.213:41903, af280123-6372-4d1f-a5d4-c36229a73203:192.168.164.213:35334, b4ae536c-ed18-4717-a75c-ca4b5d6c4001:192.168.164.213:41180], old=null
2019-10-24 15:44:12,267 [af280123-6372-4d1f-a5d4-c36229a73203@group-75C85B6D1182-LeaderElection193] INFO  impl.RaftServerImpl (RaftServerImpl.java:setRole(184)) - af280123-6372-4d1f-a5d4-c36229a73203@group-75C85B6D1182: changes role from CANDIDATE to FOLLOWER at term 186 for DISCOVERED_A_NEW_TERM
2019-10-24 15:44:12,267 [af280123-6372-4d1f-a5d4-c36229a73203@group-75C85B6D1182-LeaderElection193] INFO  impl.RoleInfo (RoleInfo.java:shutdownLeaderElection(134)) - af280123-6372-4d1f-a5d4-c36229a73203: shutdown LeaderElection
2019-10-24 15:44:12,267 [af280123-6372-4d1f-a5d4-c36229a73203@group-75C85B6D1182-LeaderElection193] INFO  impl.RoleInfo (RoleInfo.java:updateAndGet(143)) - af280123-6372-4d1f-a5d4-c36229a73203: start FollowerState
2019-10-24 15:44:12,364 [Thread-1819] INFO  impl.FollowerState (FollowerState.java:run(108)) - af280123-6372-4d1f-a5d4-c36229a73203@group-75C85B6D1182-FollowerState: change to CANDIDATE, lastRpcTime:96ms, electionTimeout:96ms
2019-10-24 15:44:12,364 [Thread-1819] INFO  impl.RoleInfo (RoleInfo.java:shutdownFollowerState(121)) - af280123-6372-4d1f-a5d4-c36229a73203: shutdown FollowerState
2019-10-24 15:44:12,364 [Thread-1819] INFO  impl.RaftServerImpl (RaftServerImpl.java:setRole(184)) - af280123-6372-4d1f-a5d4-c36229a73203@group-75C85B6D1182: changes role from  FOLLOWER to CANDIDATE at term 186 for changeToCandidate
2019-10-24 15:44:12,365 [Thread-1819] INFO  impl.RoleInfo (RoleInfo.java:updateAndGet(143)) - af280123-6372-4d1f-a5d4-c36229a73203: start LeaderElection
2019-10-24 15:44:12,388 [af280123-6372-4d1f-a5d4-c36229a73203@group-75C85B6D1182-LeaderElection194] INFO  impl.LeaderElection (LeaderElection.java:askForVotes(178)) - af280123-6372-4d1f-a5d4-c36229a73203@group-75C85B6D1182-LeaderElection194: begin an election at term 187 for -1: [9092f221-0e0d-4970-bb84-cacd95020f21:192.168.164.213:41903, af280123-6372-4d1f-a5d4-c36229a73203:192.168.164.213:35334, b4ae536c-ed18-4717-a75c-ca4b5d6c4001:192.168.164.213:41180], old=null
2019-10-24 15:44:12,390 [grpc-default-executor-5] INFO  impl.RaftServerImpl (RaftServerImpl.java:setRole(184)) - 9092f221-0e0d-4970-bb84-cacd95020f21@group-75C85B6D1182: changes role from  FOLLOWER to FOLLOWER at term 187 for recognizeCandidate:af280123-6372-4d1f-a5d4-c36229a73203
2019-10-24 15:44:12,390 [grpc-default-executor-4] INFO  impl.RaftServerImpl (RaftServerImpl.java:setRole(184)) - b4ae536c-ed18-4717-a75c-ca4b5d6c4001@group-75C85B6D1182: changes role from  FOLLOWER to FOLLOWER at term 187 for recognizeCandidate:af280123-6372-4d1f-a5d4-c36229a73203
2019-10-24 15:44:12,391 [grpc-default-executor-5] INFO  impl.RoleInfo (RoleInfo.java:shutdownFollowerState(121)) - 9092f221-0e0d-4970-bb84-cacd95020f21: shutdown FollowerState
2019-10-24 15:44:12,391 [grpc-default-executor-4] INFO  impl.RoleInfo (RoleInfo.java:shutdownFollowerState(121)) - b4ae536c-ed18-4717-a75c-ca4b5d6c4001: shutdown FollowerState
2019-10-24 15:44:12,391 [Thread-1818] INFO  impl.FollowerState (FollowerState.java:run(117)) - 9092f221-0e0d-4970-bb84-cacd95020f21@group-75C85B6D1182-FollowerState was interrupted: java.lang.InterruptedException: sleep interrupted
2019-10-24 15:44:12,391 [grpc-default-executor-5] INFO  impl.RoleInfo (RoleInfo.java:updateAndGet(143)) - 9092f221-0e0d-4970-bb84-cacd95020f21: start FollowerState
2019-10-24 15:44:12,391 [Thread-1817] INFO  impl.FollowerState (FollowerState.java:run(117)) - b4ae536c-ed18-4717-a75c-ca4b5d6c4001@group-75C85B6D1182-FollowerState was interrupted: java.lang.InterruptedException: sleep interrupted
2019-10-24 15:44:12,391 [grpc-default-executor-4] INFO  impl.RoleInfo (RoleInfo.java:updateAndGet(143)) - b4ae536c-ed18-4717-a75c-ca4b5d6c4001: start FollowerState
2019-10-24 15:44:12,405 [af280123-6372-4d1f-a5d4-c36229a73203@group-75C85B6D1182-LeaderElection194] INFO  impl.LeaderElection (LeaderElection.java:logAndReturn(56)) - af280123-6372-4d1f-a5d4-c36229a73203@group-75C85B6D1182-LeaderElection194: Election REJECTED; received 2 response(s) [af280123-6372-4d1f-a5d4-c36229a73203<-9092f221-0e0d-4970-bb84-cacd95020f21#0:FAIL-t187, af280123-6372-4d1f-a5d4-c36229a73203<-b4ae536c-ed18-4717-a75c-ca4b5d6c4001#0:FAIL-t187] and 0 exception(s); af280123-6372-4d1f-a5d4-c36229a73203@group-75C85B6D1182:t187, leader=null, voted=af280123-6372-4d1f-a5d4-c36229a73203, raftlog=af280123-6372-4d1f-a5d4-c36229a73203@group-75C85B6D1182-SegmentedRaftLog:OPENED:c-1,f-1,i0, conf=-1: [9092f221-0e0d-4970-bb84-cacd95020f21:192.168.164.213:41903, af280123-6372-4d1f-a5d4-c36229a73203:192.168.164.213:35334, b4ae536c-ed18-4717-a75c-ca4b5d6c4001:192.168.164.213:41180], old=null
2019-10-24 15:44:12,405 [af280123-6372-4d1f-a5d4-c36229a73203@group-75C85B6D1182-LeaderElection194] INFO  impl.RaftServerImpl (RaftServerImpl.java:setRole(184)) - af280123-6372-4d1f-a5d4-c36229a73203@group-75C85B6D1182: changes role from CANDIDATE to FOLLOWER at term 187 for DISCOVERED_A_NEW_TERM
2019-10-24 15:44:12,406 [af280123-6372-4d1f-a5d4-c36229a73203@group-75C85B6D1182-LeaderElection194] INFO  impl.RoleInfo (RoleInfo.java:shutdownLeaderElection(134)) - af280123-6372-4d1f-a5d4-c36229a73203: shutdown LeaderElection
2019-10-24 15:44:12,406 [af280123-6372-4d1f-a5d4-c36229a73203@group-75C85B6D1182-LeaderElection194] INFO  impl.RoleInfo (RoleInfo.java:updateAndGet(143)) - af280123-6372-4d1f-a5d4-c36229a73203: start FollowerState
2019-10-24 15:44:12,513 [Thread-1826] INFO  impl.FollowerState (FollowerState.java:run(108)) - af280123-6372-4d1f-a5d4-c36229a73203@group-75C85B6D1182-FollowerState: change to CANDIDATE, lastRpcTime:107ms, electionTimeout:107ms
2019-10-24 15:44:12,513 [Thread-1826] INFO  impl.RoleInfo (RoleInfo.java:shutdownFollowerState(121)) - af280123-6372-4d1f-a5d4-c36229a73203: shutdown FollowerState
2019-10-24 15:44:12,513 [Thread-1826] INFO  impl.RaftServerImpl (RaftServerImpl.java:setRole(184)) - af280123-6372-4d1f-a5d4-c36229a73203@group-75C85B6D1182: changes role from  FOLLOWER to CANDIDATE at term 187 for changeToCandidate
2019-10-24 15:44:12,514 [Thread-1826] INFO  impl.RoleInfo (RoleInfo.java:updateAndGet(143)) - af280123-6372-4d1f-a5d4-c36229a73203: start LeaderElection
2019-10-24 15:44:12,536 [af280123-6372-4d1f-a5d4-c36229a73203@group-75C85B6D1182-LeaderElection195] INFO  impl.LeaderElection (LeaderElection.java:askForVotes(178)) - af280123-6372-4d1f-a5d4-c36229a73203@group-75C85B6D1182-LeaderElection195: begin an election at term 188 for -1: [9092f221-0e0d-4970-bb84-cacd95020f21:192.168.164.213:41903, af280123-6372-4d1f-a5d4-c36229a73203:192.168.164.213:35334, b4ae536c-ed18-4717-a75c-ca4b5d6c4001:192.168.164.213:41180], old=null
2019-10-24 15:44:12,538 [grpc-default-executor-4] INFO  impl.RaftServerImpl (RaftServerImpl.java:setRole(184)) - 9092f221-0e0d-4970-bb84-cacd95020f21@group-75C85B6D1182: changes role from  FOLLOWER to FOLLOWER at term 188 for recognizeCandidate:af280123-6372-4d1f-a5d4-c36229a73203
2019-10-24 15:44:12,538 [grpc-default-executor-5] INFO  impl.RaftServerImpl (RaftServerImpl.java:setRole(184)) - b4ae536c-ed18-4717-a75c-ca4b5d6c4001@group-75C85B6D1182: changes role from  FOLLOWER to FOLLOWER at term 188 for recognizeCandidate:af280123-6372-4d1f-a5d4-c36229a73203
2019-10-24 15:44:12,539 [grpc-default-executor-5] INFO  impl.RoleInfo (RoleInfo.java:shutdownFollowerState(121)) - b4ae536c-ed18-4717-a75c-ca4b5d6c4001: shutdown FollowerState
2019-10-24 15:44:12,539 [grpc-default-executor-4] INFO  impl.RoleInfo (RoleInfo.java:shutdownFollowerState(121)) - 9092f221-0e0d-4970-bb84-cacd95020f21: shutdown FollowerState
2019-10-24 15:44:12,539 [Thread-1825] INFO  impl.FollowerState (FollowerState.java:run(117)) - b4ae536c-ed18-4717-a75c-ca4b5d6c4001@group-75C85B6D1182-FollowerState was interrupted: java.lang.InterruptedException: sleep interrupted
2019-10-24 15:44:12,539 [Thread-1824] INFO  impl.FollowerState (FollowerState.java:run(117)) - 9092f221-0e0d-4970-bb84-cacd95020f21@group-75C85B6D1182-FollowerState was interrupted: java.lang.InterruptedException: sleep interrupted
2019-10-24 15:44:12,539 [grpc-default-executor-5] INFO  impl.RoleInfo (RoleInfo.java:updateAndGet(143)) - b4ae536c-ed18-4717-a75c-ca4b5d6c4001: start FollowerState
2019-10-24 15:44:12,539 [grpc-default-executor-4] INFO  impl.RoleInfo (RoleInfo.java:updateAndGet(143)) - 9092f221-0e0d-4970-bb84-cacd95020f21: start FollowerState
2019-10-24 15:44:12,562 [af280123-6372-4d1f-a5d4-c36229a73203@group-75C85B6D1182-LeaderElection195] INFO  impl.LeaderElection (LeaderElection.java:logAndReturn(56)) - af280123-6372-4d1f-a5d4-c36229a73203@group-75C85B6D1182-LeaderElection195: Election REJECTED; received 2 response(s) [af280123-6372-4d1f-a5d4-c36229a73203<-9092f221-0e0d-4970-bb84-cacd95020f21#0:FAIL-t188, af280123-6372-4d1f-a5d4-c36229a73203<-b4ae536c-ed18-4717-a75c-ca4b5d6c4001#0:FAIL-t188] and 0 exception(s); af280123-6372-4d1f-a5d4-c36229a73203@group-75C85B6D1182:t188, leader=null, voted=af280123-6372-4d1f-a5d4-c36229a73203, raftlog=af280123-6372-4d1f-a5d4-c36229a73203@group-75C85B6D1182-SegmentedRaftLog:OPENED:c-1,f-1,i0, conf=-1: [9092f221-0e0d-4970-bb84-cacd95020f21:192.168.164.213:41903, af280123-6372-4d1f-a5d4-c36229a73203:192.168.164.213:35334, b4ae536c-ed18-4717-a75c-ca4b5d6c4001:192.168.164.213:41180], old=null
2019-10-24 15:44:12,562 [af280123-6372-4d1f-a5d4-c36229a73203@group-75C85B6D1182-LeaderElection195] INFO  impl.RaftServerImpl (RaftServerImpl.java:setRole(184)) - af280123-6372-4d1f-a5d4-c36229a73203@group-75C85B6D1182: changes role from CANDIDATE to FOLLOWER at term 188 for DISCOVERED_A_NEW_TERM
2019-10-24 15:44:12,563 [af280123-6372-4d1f-a5d4-c36229a73203@group-75C85B6D1182-LeaderElection195] INFO  impl.RoleInfo (RoleInfo.java:shutdownLeaderElection(134)) - af280123-6372-4d1f-a5d4-c36229a73203: shutdown LeaderElection
2019-10-24 15:44:12,563 [af280123-6372-4d1f-a5d4-c36229a73203@group-75C85B6D1182-LeaderElection195] INFO  impl.RoleInfo (RoleInfo.java:updateAndGet(143)) - af280123-6372-4d1f-a5d4-c36229a73203: start FollowerState
2019-10-24 15:44:12,641 [Thread-1832] INFO  impl.FollowerState (FollowerState.java:run(108)) - af280123-6372-4d1f-a5d4-c36229a73203@group-75C85B6D1182-FollowerState: change to CANDIDATE, lastRpcTime:78ms, electionTimeout:78ms
2019-10-24 15:44:12,642 [Thread-1832] INFO  impl.RoleInfo (RoleInfo.java:shutdownFollowerState(121)) - af280123-6372-4d1f-a5d4-c36229a73203: shutdown FollowerState
2019-10-24 15:44:12,642 [Thread-1832] INFO  impl.RaftServerImpl (RaftServerImpl.java:setRole(184)) - af280123-6372-4d1f-a5d4-c36229a73203@group-75C85B6D1182: changes role from  FOLLOWER to CANDIDATE at term 188 for changeToCandidate
2019-10-24 15:44:12,642 [Thread-1832] INFO  impl.RoleInfo (RoleInfo.java:updateAndGet(143)) - af280123-6372-4d1f-a5d4-c36229a73203: start LeaderElection
2019-10-24 15:44:12,655 [af280123-6372-4d1f-a5d4-c36229a73203@group-75C85B6D1182-LeaderElection196] INFO  impl.LeaderElection (LeaderElection.java:askForVotes(178)) - af280123-6372-4d1f-a5d4-c36229a73203@group-75C85B6D1182-LeaderElection196: begin an election at term 189 for -1: [9092f221-0e0d-4970-bb84-cacd95020f21:192.168.164.213:41903, af280123-6372-4d1f-a5d4-c36229a73203:192.168.164.213:35334, b4ae536c-ed18-4717-a75c-ca4b5d6c4001:192.168.164.213:41180], old=null
2019-10-24 15:44:12,658 [grpc-default-executor-5] INFO  impl.RaftServerImpl (RaftServerImpl.java:setRole(184)) - 9092f221-0e0d-4970-bb84-cacd95020f21@group-75C85B6D1182: changes role from  FOLLOWER to FOLLOWER at term 189 for recognizeCandidate:af280123-6372-4d1f-a5d4-c36229a73203
2019-10-24 15:44:12,658 [grpc-default-executor-4] INFO  impl.RaftServerImpl (RaftServerImpl.java:setRole(184)) - b4ae536c-ed18-4717-a75c-ca4b5d6c4001@group-75C85B6D1182: changes role from  FOLLOWER to FOLLOWER at term 189 for recognizeCandidate:af280123-6372-4d1f-a5d4-c36229a73203
2019-10-24 15:44:12,658 [grpc-default-executor-5] INFO  impl.RoleInfo (RoleInfo.java:shutdownFollowerState(121)) - 9092f221-0e0d-4970-bb84-cacd95020f21: shutdown FollowerState
2019-10-24 15:44:12,658 [grpc-default-executor-4] INFO  impl.RoleInfo (RoleInfo.java:shutdownFollowerState(121)) - b4ae536c-ed18-4717-a75c-ca4b5d6c4001: shutdown FollowerState
2019-10-24 15:44:12,658 [grpc-default-executor-5] INFO  impl.RoleInfo (RoleInfo.java:updateAndGet(143)) - 9092f221-0e0d-4970-bb84-cacd95020f21: start FollowerState
2019-10-24 15:44:12,658 [Thread-1831] INFO  impl.FollowerState (FollowerState.java:run(117)) - 9092f221-0e0d-4970-bb84-cacd95020f21@group-75C85B6D1182-FollowerState was interrupted: java.lang.InterruptedException: sleep interrupted
2019-10-24 15:44:12,658 [grpc-default-executor-4] INFO  impl.RoleInfo (RoleInfo.java:updateAndGet(143)) - b4ae536c-ed18-4717-a75c-ca4b5d6c4001: start FollowerState
2019-10-24 15:44:12,658 [Thread-1830] INFO  impl.FollowerState (FollowerState.java:run(117)) - b4ae536c-ed18-4717-a75c-ca4b5d6c4001@group-75C85B6D1182-FollowerState was interrupted: java.lang.InterruptedException: sleep interrupted
2019-10-24 15:44:12,692 [af280123-6372-4d1f-a5d4-c36229a73203@group-75C85B6D1182-LeaderElection196] INFO  impl.LeaderElection (LeaderElection.java:logAndReturn(56)) - af280123-6372-4d1f-a5d4-c36229a73203@group-75C85B6D1182-LeaderElection196: Election REJECTED; received 2 response(s) [af280123-6372-4d1f-a5d4-c36229a73203<-9092f221-0e0d-4970-bb84-cacd95020f21#0:FAIL-t189, af280123-6372-4d1f-a5d4-c36229a73203<-b4ae536c-ed18-4717-a75c-ca4b5d6c4001#0:FAIL-t189] and 0 exception(s); af280123-6372-4d1f-a5d4-c36229a73203@group-75C85B6D1182:t189, leader=null, voted=af280123-6372-4d1f-a5d4-c36229a73203, raftlog=af280123-6372-4d1f-a5d4-c36229a73203@group-75C85B6D1182-SegmentedRaftLog:OPENED:c-1,f-1,i0, conf=-1: [9092f221-0e0d-4970-bb84-cacd95020f21:192.168.164.213:41903, af280123-6372-4d1f-a5d4-c36229a73203:192.168.164.213:35334, b4ae536c-ed18-4717-a75c-ca4b5d6c4001:192.168.164.213:41180], old=null
2019-10-24 15:44:12,692 [af280123-6372-4d1f-a5d4-c36229a73203@group-75C85B6D1182-LeaderElection196] INFO  impl.RaftServerImpl (RaftServerImpl.java:setRole(184)) - af280123-6372-4d1f-a5d4-c36229a73203@group-75C85B6D1182: changes role from CANDIDATE to FOLLOWER at term 189 for DISCOVERED_A_NEW_TERM
2019-10-24 15:44:12,692 [af280123-6372-4d1f-a5d4-c36229a73203@group-75C85B6D1182-LeaderElection196] INFO  impl.RoleInfo (RoleInfo.java:shutdownLeaderElection(134)) - af280123-6372-4d1f-a5d4-c36229a73203: shutdown LeaderElection
2019-10-24 15:44:12,692 [af280123-6372-4d1f-a5d4-c36229a73203@group-75C85B6D1182-LeaderElection196] INFO  impl.RoleInfo (RoleInfo.java:updateAndGet(143)) - af280123-6372-4d1f-a5d4-c36229a73203: start FollowerState
2019-10-24 15:44:12,857 [Thread-1838] INFO  impl.FollowerState (FollowerState.java:run(108)) - af280123-6372-4d1f-a5d4-c36229a73203@group-75C85B6D1182-FollowerState: change to CANDIDATE, lastRpcTime:165ms, electionTimeout:165ms
2019-10-24 15:44:12,858 [Thread-1838] INFO  impl.RoleInfo (RoleInfo.java:shutdownFollowerState(121)) - af280123-6372-4d1f-a5d4-c36229a73203: shutdown FollowerState
2019-10-24 15:44:12,858 [Thread-1838] INFO  impl.RaftServerImpl (RaftServerImpl.java:setRole(184)) - af280123-6372-4d1f-a5d4-c36229a73203@group-75C85B6D1182: changes role from  FOLLOWER to CANDIDATE at term 189 for changeToCandidate
2019-10-24 15:44:12,858 [Thread-1838] INFO  impl.RoleInfo (RoleInfo.java:updateAndGet(143)) - af280123-6372-4d1f-a5d4-c36229a73203: start LeaderElection
2019-10-24 15:44:12,872 [af280123-6372-4d1f-a5d4-c36229a73203@group-75C85B6D1182-LeaderElection197] INFO  impl.LeaderElection (LeaderElection.java:askForVotes(178)) - af280123-6372-4d1f-a5d4-c36229a73203@group-75C85B6D1182-LeaderElection197: begin an election at term 190 for -1: [9092f221-0e0d-4970-bb84-cacd95020f21:192.168.164.213:41903, af280123-6372-4d1f-a5d4-c36229a73203:192.168.164.213:35334, b4ae536c-ed18-4717-a75c-ca4b5d6c4001:192.168.164.213:41180], old=null
2019-10-24 15:44:12,874 [grpc-default-executor-5] INFO  impl.RaftServerImpl (RaftServerImpl.java:setRole(184)) - 9092f221-0e0d-4970-bb84-cacd95020f21@group-75C85B6D1182: changes role from  FOLLOWER to FOLLOWER at term 190 for recognizeCandidate:af280123-6372-4d1f-a5d4-c36229a73203
2019-10-24 15:44:12,874 [grpc-default-executor-4] INFO  impl.RaftServerImpl (RaftServerImpl.java:setRole(184)) - b4ae536c-ed18-4717-a75c-ca4b5d6c4001@group-75C85B6D1182: changes role from  FOLLOWER to FOLLOWER at term 190 for recognizeCandidate:af280123-6372-4d1f-a5d4-c36229a73203
2019-10-24 15:44:12,874 [grpc-default-executor-5] INFO  impl.RoleInfo (RoleInfo.java:shutdownFollowerState(121)) - 9092f221-0e0d-4970-bb84-cacd95020f21: shutdown FollowerState
2019-10-24 15:44:12,874 [grpc-default-executor-4] INFO  impl.RoleInfo (RoleInfo.java:shutdownFollowerState(121)) - b4ae536c-ed18-4717-a75c-ca4b5d6c4001: shutdown FollowerState
2019-10-24 15:44:12,874 [Thread-1836] INFO  impl.FollowerState (FollowerState.java:run(117)) - 9092f221-0e0d-4970-bb84-cacd95020f21@group-75C85B6D1182-FollowerState was interrupted: java.lang.InterruptedException: sleep interrupted
2019-10-24 15:44:12,874 [grpc-default-executor-5] INFO  impl.RoleInfo (RoleInfo.java:updateAndGet(143)) - 9092f221-0e0d-4970-bb84-cacd95020f21: start FollowerState
2019-10-24 15:44:12,874 [Thread-1837] INFO  impl.FollowerState (FollowerState.java:run(117)) - b4ae536c-ed18-4717-a75c-ca4b5d6c4001@group-75C85B6D1182-FollowerState was interrupted: java.lang.InterruptedException: sleep interrupted
2019-10-24 15:44:12,874 [grpc-default-executor-4] INFO  impl.RoleInfo (RoleInfo.java:updateAndGet(143)) - b4ae536c-ed18-4717-a75c-ca4b5d6c4001: start FollowerState
2019-10-24 15:44:12,890 [af280123-6372-4d1f-a5d4-c36229a73203@group-75C85B6D1182-LeaderElection197] INFO  impl.LeaderElection (LeaderElection.java:logAndReturn(56)) - af280123-6372-4d1f-a5d4-c36229a73203@group-75C85B6D1182-LeaderElection197: Election REJECTED; received 2 response(s) [af280123-6372-4d1f-a5d4-c36229a73203<-9092f221-0e0d-4970-bb84-cacd95020f21#0:FAIL-t190, af280123-6372-4d1f-a5d4-c36229a73203<-b4ae536c-ed18-4717-a75c-ca4b5d6c4001#0:FAIL-t190] and 0 exception(s); af280123-6372-4d1f-a5d4-c36229a73203@group-75C85B6D1182:t190, leader=null, voted=af280123-6372-4d1f-a5d4-c36229a73203, raftlog=af280123-6372-4d1f-a5d4-c36229a73203@group-75C85B6D1182-SegmentedRaftLog:OPENED:c-1,f-1,i0, conf=-1: [9092f221-0e0d-4970-bb84-cacd95020f21:192.168.164.213:41903, af280123-6372-4d1f-a5d4-c36229a73203:192.168.164.213:35334, b4ae536c-ed18-4717-a75c-ca4b5d6c4001:192.168.164.213:41180], old=null
2019-10-24 15:44:12,890 [af280123-6372-4d1f-a5d4-c36229a73203@group-75C85B6D1182-LeaderElection197] INFO  impl.RaftServerImpl (RaftServerImpl.java:setRole(184)) - af280123-6372-4d1f-a5d4-c36229a73203@group-75C85B6D1182: changes role from CANDIDATE to FOLLOWER at term 190 for DISCOVERED_A_NEW_TERM
2019-10-24 15:44:12,891 [af280123-6372-4d1f-a5d4-c36229a73203@group-75C85B6D1182-LeaderElection197] INFO  impl.RoleInfo (RoleInfo.java:shutdownLeaderElection(134)) - af280123-6372-4d1f-a5d4-c36229a73203: shutdown LeaderElection
2019-10-24 15:44:12,891 [af280123-6372-4d1f-a5d4-c36229a73203@group-75C85B6D1182-LeaderElection197] INFO  impl.RoleInfo (RoleInfo.java:updateAndGet(143)) - af280123-6372-4d1f-a5d4-c36229a73203: start FollowerState
2019-10-24 15:44:12,953 [Thread-1845] INFO  impl.FollowerState (FollowerState.java:run(108)) - af280123-6372-4d1f-a5d4-c36229a73203@group-75C85B6D1182-FollowerState: change to CANDIDATE, lastRpcTime:62ms, electionTimeout:62ms
2019-10-24 15:44:12,953 [Thread-1845] INFO  impl.RoleInfo (RoleInfo.java:shutdownFollowerState(121)) - af280123-6372-4d1f-a5d4-c36229a73203: shutdown FollowerState
2019-10-24 15:44:12,953 [Thread-1845] INFO  impl.RaftServerImpl (RaftServerImpl.java:setRole(184)) - af280123-6372-4d1f-a5d4-c36229a73203@group-75C85B6D1182: changes role from  FOLLOWER to CANDIDATE at term 190 for changeToCandidate
2019-10-24 15:44:12,954 [Thread-1845] INFO  impl.RoleInfo (RoleInfo.java:updateAndGet(143)) - af280123-6372-4d1f-a5d4-c36229a73203: start LeaderElection
2019-10-24 15:44:12,968 [af280123-6372-4d1f-a5d4-c36229a73203@group-75C85B6D1182-LeaderElection198] INFO  impl.LeaderElection (LeaderElection.java:askForVotes(178)) - af280123-6372-4d1f-a5d4-c36229a73203@group-75C85B6D1182-LeaderElection198: begin an election at term 191 for -1: [9092f221-0e0d-4970-bb84-cacd95020f21:192.168.164.213:41903, af280123-6372-4d1f-a5d4-c36229a73203:192.168.164.213:35334, b4ae536c-ed18-4717-a75c-ca4b5d6c4001:192.168.164.213:41180], old=null
2019-10-24 15:44:12,970 [grpc-default-executor-5] INFO  impl.RaftServerImpl (RaftServerImpl.java:setRole(184)) - b4ae536c-ed18-4717-a75c-ca4b5d6c4001@group-75C85B6D1182: changes role from  FOLLOWER to FOLLOWER at term 191 for recognizeCandidate:af280123-6372-4d1f-a5d4-c36229a73203
2019-10-24 15:44:12,970 [grpc-default-executor-4] INFO  impl.RaftServerImpl (RaftServerImpl.java:setRole(184)) - 9092f221-0e0d-4970-bb84-cacd95020f21@group-75C85B6D1182: changes role from  FOLLOWER to FOLLOWER at term 191 for recognizeCandidate:af280123-6372-4d1f-a5d4-c36229a73203
2019-10-24 15:44:12,971 [grpc-default-executor-5] INFO  impl.RoleInfo (RoleInfo.java:shutdownFollowerState(121)) - b4ae536c-ed18-4717-a75c-ca4b5d6c4001: shutdown FollowerState
2019-10-24 15:44:12,971 [grpc-default-executor-4] INFO  impl.RoleInfo (RoleInfo.java:shutdownFollowerState(121)) - 9092f221-0e0d-4970-bb84-cacd95020f21: shutdown FollowerState
2019-10-24 15:44:12,971 [grpc-default-executor-5] INFO  impl.RoleInfo (RoleInfo.java:updateAndGet(143)) - b4ae536c-ed18-4717-a75c-ca4b5d6c4001: start FollowerState
2019-10-24 15:44:12,971 [Thread-1843] INFO  impl.FollowerState (FollowerState.java:run(117)) - 9092f221-0e0d-4970-bb84-cacd95020f21@group-75C85B6D1182-FollowerState was interrupted: java.lang.InterruptedException: sleep interrupted
2019-10-24 15:44:12,971 [grpc-default-executor-4] INFO  impl.RoleInfo (RoleInfo.java:updateAndGet(143)) - 9092f221-0e0d-4970-bb84-cacd95020f21: start FollowerState
2019-10-24 15:44:12,971 [Thread-1844] INFO  impl.FollowerState (FollowerState.java:run(117)) - b4ae536c-ed18-4717-a75c-ca4b5d6c4001@group-75C85B6D1182-FollowerState was interrupted: java.lang.InterruptedException: sleep interrupted
2019-10-24 15:44:12,987 [af280123-6372-4d1f-a5d4-c36229a73203@group-75C85B6D1182-LeaderElection198] INFO  impl.LeaderElection (LeaderElection.java:logAndReturn(56)) - af280123-6372-4d1f-a5d4-c36229a73203@group-75C85B6D1182-LeaderElection198: Election REJECTED; received 2 response(s) [af280123-6372-4d1f-a5d4-c36229a73203<-9092f221-0e0d-4970-bb84-cacd95020f21#0:FAIL-t191, af280123-6372-4d1f-a5d4-c36229a73203<-b4ae536c-ed18-4717-a75c-ca4b5d6c4001#0:FAIL-t191] and 0 exception(s); af280123-6372-4d1f-a5d4-c36229a73203@group-75C85B6D1182:t191, leader=null, voted=af280123-6372-4d1f-a5d4-c36229a73203, raftlog=af280123-6372-4d1f-a5d4-c36229a73203@group-75C85B6D1182-SegmentedRaftLog:OPENED:c-1,f-1,i0, conf=-1: [9092f221-0e0d-4970-bb84-cacd95020f21:192.168.164.213:41903, af280123-6372-4d1f-a5d4-c36229a73203:192.168.164.213:35334, b4ae536c-ed18-4717-a75c-ca4b5d6c4001:192.168.164.213:41180], old=null
2019-10-24 15:44:12,987 [af280123-6372-4d1f-a5d4-c36229a73203@group-75C85B6D1182-LeaderElection198] INFO  impl.RaftServerImpl (RaftServerImpl.java:setRole(184)) - af280123-6372-4d1f-a5d4-c36229a73203@group-75C85B6D1182: changes role from CANDIDATE to FOLLOWER at term 191 for DISCOVERED_A_NEW_TERM
2019-10-24 15:44:12,987 [af280123-6372-4d1f-a5d4-c36229a73203@group-75C85B6D1182-LeaderElection198] INFO  impl.RoleInfo (RoleInfo.java:shutdownLeaderElection(134)) - af280123-6372-4d1f-a5d4-c36229a73203: shutdown LeaderElection
2019-10-24 15:44:12,988 [af280123-6372-4d1f-a5d4-c36229a73203@group-75C85B6D1182-LeaderElection198] INFO  impl.RoleInfo (RoleInfo.java:updateAndGet(143)) - af280123-6372-4d1f-a5d4-c36229a73203: start FollowerState
2019-10-24 15:44:12,994 [Thread-1796] INFO  impl.FollowerState (FollowerState.java:run(108)) - abb8132e-b90b-4ab3-abdd-91ffef5e5962@group-D6115FD00A99-FollowerState: change to CANDIDATE, lastRpcTime:1012ms, electionTimeout:1012ms
2019-10-24 15:44:12,994 [Thread-1796] INFO  impl.RoleInfo (RoleInfo.java:shutdownFollowerState(121)) - abb8132e-b90b-4ab3-abdd-91ffef5e5962: shutdown FollowerState
2019-10-24 15:44:12,994 [Thread-1796] INFO  impl.RaftServerImpl (RaftServerImpl.java:setRole(184)) - abb8132e-b90b-4ab3-abdd-91ffef5e5962@group-D6115FD00A99: changes role from  FOLLOWER to CANDIDATE at term 16 for changeToCandidate
2019-10-24 15:44:12,995 [Thread-1796] INFO  impl.RoleInfo (RoleInfo.java:updateAndGet(143)) - abb8132e-b90b-4ab3-abdd-91ffef5e5962: start LeaderElection
2019-10-24 15:44:13,008 [abb8132e-b90b-4ab3-abdd-91ffef5e5962@group-D6115FD00A99-LeaderElection199] INFO  impl.LeaderElection (LeaderElection.java:askForVotes(178)) - abb8132e-b90b-4ab3-abdd-91ffef5e5962@group-D6115FD00A99-LeaderElection199: begin an election at term 17 for 0: [876b8685-e2e6-4b2b-9f0d-f9ddcb91e852:192.168.164.213:33356, 131ee32b-eb71-4a4b-82eb-895fd06b61f2:192.168.164.213:38159, abb8132e-b90b-4ab3-abdd-91ffef5e5962:192.168.164.213:45083], old=null
2019-10-24 15:44:13,009 [abb8132e-b90b-4ab3-abdd-91ffef5e5962@group-D6115FD00A99-LeaderElection199] INFO  impl.LeaderElection (LogUtils.java:infoOrTrace(149)) - abb8132e-b90b-4ab3-abdd-91ffef5e5962@group-D6115FD00A99-LeaderElection199 got exception when requesting votes: {}
java.util.concurrent.ExecutionException: org.apache.ratis.thirdparty.io.grpc.StatusRuntimeException: UNAVAILABLE: io exception
	at java.util.concurrent.FutureTask.report(FutureTask.java:122)
	at java.util.concurrent.FutureTask.get(FutureTask.java:192)
	at org.apache.ratis.server.impl.LeaderElection.waitForResults(LeaderElection.java:259)
	at org.apache.ratis.server.impl.LeaderElection.askForVotes(LeaderElection.java:197)
	at org.apache.ratis.server.impl.LeaderElection.run(LeaderElection.java:133)
	at java.lang.Thread.run(Thread.java:748)
Caused by: org.apache.ratis.thirdparty.io.grpc.StatusRuntimeException: UNAVAILABLE: io exception
	at org.apache.ratis.thirdparty.io.grpc.stub.ClientCalls.toStatusRuntimeException(ClientCalls.java:233)
	at org.apache.ratis.thirdparty.io.grpc.stub.ClientCalls.getUnchecked(ClientCalls.java:214)
	at org.apache.ratis.thirdparty.io.grpc.stub.ClientCalls.blockingUnaryCall(ClientCalls.java:139)
	at org.apache.ratis.proto.grpc.RaftServerProtocolServiceGrpc$RaftServerProtocolServiceBlockingStub.requestVote(RaftServerProtocolServiceGrpc.java:265)
	at org.apache.ratis.grpc.server.GrpcServerProtocolClient.requestVote(GrpcServerProtocolClient.java:99)
	at org.apache.ratis.grpc.server.GrpcService.requestVote(GrpcService.java:204)
	at org.apache.ratis.server.impl.LeaderElection.lambda$submitRequests$1(LeaderElection.java:234)
	at java.util.concurrent.FutureTask.run(FutureTask.java:266)
	at java.util.concurrent.Executors$RunnableAdapter.call(Executors.java:511)
	at java.util.concurrent.FutureTask.run(FutureTask.java:266)
	at java.util.concurrent.ThreadPoolExecutor.runWorker(ThreadPoolExecutor.java:1149)
	at java.util.concurrent.ThreadPoolExecutor$Worker.run(ThreadPoolExecutor.java:624)
	... 1 more
Caused by: org.apache.ratis.thirdparty.io.netty.channel.AbstractChannel$AnnotatedConnectException: Connection refused: /192.168.164.213:38159
	at sun.nio.ch.SocketChannelImpl.checkConnect(Native Method)
	at sun.nio.ch.SocketChannelImpl.finishConnect(SocketChannelImpl.java:717)
	at org.apache.ratis.thirdparty.io.netty.channel.socket.nio.NioSocketChannel.doFinishConnect(NioSocketChannel.java:327)
	at org.apache.ratis.thirdparty.io.netty.channel.nio.AbstractNioChannel$AbstractNioUnsafe.finishConnect(AbstractNioChannel.java:340)
	at org.apache.ratis.thirdparty.io.netty.channel.nio.NioEventLoop.processSelectedKey(NioEventLoop.java:632)
	at org.apache.ratis.thirdparty.io.netty.channel.nio.NioEventLoop.processSelectedKeysOptimized(NioEventLoop.java:579)
	at org.apache.ratis.thirdparty.io.netty.channel.nio.NioEventLoop.processSelectedKeys(NioEventLoop.java:496)
	at org.apache.ratis.thirdparty.io.netty.channel.nio.NioEventLoop.run(NioEventLoop.java:458)
	at org.apache.ratis.thirdparty.io.netty.util.concurrent.SingleThreadEventExecutor$5.run(SingleThreadEventExecutor.java:897)
	at org.apache.ratis.thirdparty.io.netty.util.concurrent.FastThreadLocalRunnable.run(FastThreadLocalRunnable.java:30)
	... 1 more
Caused by: java.net.ConnectException: Connection refused
	... 11 more
2019-10-24 15:44:13,012 [abb8132e-b90b-4ab3-abdd-91ffef5e5962@group-D6115FD00A99-LeaderElection199] INFO  impl.LeaderElection (LogUtils.java:infoOrTrace(149)) - abb8132e-b90b-4ab3-abdd-91ffef5e5962@group-D6115FD00A99-LeaderElection199 got exception when requesting votes: {}
java.util.concurrent.ExecutionException: org.apache.ratis.thirdparty.io.grpc.StatusRuntimeException: UNAVAILABLE: io exception
	at java.util.concurrent.FutureTask.report(FutureTask.java:122)
	at java.util.concurrent.FutureTask.get(FutureTask.java:192)
	at org.apache.ratis.server.impl.LeaderElection.waitForResults(LeaderElection.java:259)
	at org.apache.ratis.server.impl.LeaderElection.askForVotes(LeaderElection.java:197)
	at org.apache.ratis.server.impl.LeaderElection.run(LeaderElection.java:133)
	at java.lang.Thread.run(Thread.java:748)
Caused by: org.apache.ratis.thirdparty.io.grpc.StatusRuntimeException: UNAVAILABLE: io exception
	at org.apache.ratis.thirdparty.io.grpc.stub.ClientCalls.toStatusRuntimeException(ClientCalls.java:233)
	at org.apache.ratis.thirdparty.io.grpc.stub.ClientCalls.getUnchecked(ClientCalls.java:214)
	at org.apache.ratis.thirdparty.io.grpc.stub.ClientCalls.blockingUnaryCall(ClientCalls.java:139)
	at org.apache.ratis.proto.grpc.RaftServerProtocolServiceGrpc$RaftServerProtocolServiceBlockingStub.requestVote(RaftServerProtocolServiceGrpc.java:265)
	at org.apache.ratis.grpc.server.GrpcServerProtocolClient.requestVote(GrpcServerProtocolClient.java:99)
	at org.apache.ratis.grpc.server.GrpcService.requestVote(GrpcService.java:204)
	at org.apache.ratis.server.impl.LeaderElection.lambda$submitRequests$1(LeaderElection.java:234)
	at java.util.concurrent.FutureTask.run(FutureTask.java:266)
	at java.util.concurrent.Executors$RunnableAdapter.call(Executors.java:511)
	at java.util.concurrent.FutureTask.run(FutureTask.java:266)
	at java.util.concurrent.ThreadPoolExecutor.runWorker(ThreadPoolExecutor.java:1149)
	at java.util.concurrent.ThreadPoolExecutor$Worker.run(ThreadPoolExecutor.java:624)
	... 1 more
Caused by: org.apache.ratis.thirdparty.io.netty.channel.AbstractChannel$AnnotatedConnectException: Connection refused: /192.168.164.213:33356
	at sun.nio.ch.SocketChannelImpl.checkConnect(Native Method)
	at sun.nio.ch.SocketChannelImpl.finishConnect(SocketChannelImpl.java:717)
	at org.apache.ratis.thirdparty.io.netty.channel.socket.nio.NioSocketChannel.doFinishConnect(NioSocketChannel.java:327)
	at org.apache.ratis.thirdparty.io.netty.channel.nio.AbstractNioChannel$AbstractNioUnsafe.finishConnect(AbstractNioChannel.java:340)
	at org.apache.ratis.thirdparty.io.netty.channel.nio.NioEventLoop.processSelectedKey(NioEventLoop.java:632)
	at org.apache.ratis.thirdparty.io.netty.channel.nio.NioEventLoop.processSelectedKeysOptimized(NioEventLoop.java:579)
	at org.apache.ratis.thirdparty.io.netty.channel.nio.NioEventLoop.processSelectedKeys(NioEventLoop.java:496)
	at org.apache.ratis.thirdparty.io.netty.channel.nio.NioEventLoop.run(NioEventLoop.java:458)
	at org.apache.ratis.thirdparty.io.netty.util.concurrent.SingleThreadEventExecutor$5.run(SingleThreadEventExecutor.java:897)
	at org.apache.ratis.thirdparty.io.netty.util.concurrent.FastThreadLocalRunnable.run(FastThreadLocalRunnable.java:30)
	... 1 more
Caused by: java.net.ConnectException: Connection refused
	... 11 more
2019-10-24 15:44:13,016 [abb8132e-b90b-4ab3-abdd-91ffef5e5962@group-D6115FD00A99-LeaderElection199] INFO  impl.LeaderElection (LeaderElection.java:logAndReturn(56)) - abb8132e-b90b-4ab3-abdd-91ffef5e5962@group-D6115FD00A99-LeaderElection199: Election REJECTED; received 0 response(s) [] and 2 exception(s); abb8132e-b90b-4ab3-abdd-91ffef5e5962@group-D6115FD00A99:t17, leader=null, voted=abb8132e-b90b-4ab3-abdd-91ffef5e5962, raftlog=abb8132e-b90b-4ab3-abdd-91ffef5e5962@group-D6115FD00A99-SegmentedRaftLog:OPENED:c4,f4,i4, conf=0: [876b8685-e2e6-4b2b-9f0d-f9ddcb91e852:192.168.164.213:33356, 131ee32b-eb71-4a4b-82eb-895fd06b61f2:192.168.164.213:38159, abb8132e-b90b-4ab3-abdd-91ffef5e5962:192.168.164.213:45083], old=null
2019-10-24 15:44:13,017 [abb8132e-b90b-4ab3-abdd-91ffef5e5962@group-D6115FD00A99-LeaderElection199] INFO  impl.LeaderElection (LogUtils.java:infoOrTrace(149)) -   Exception 0: {}
java.util.concurrent.ExecutionException: org.apache.ratis.thirdparty.io.grpc.StatusRuntimeException: UNAVAILABLE: io exception
	at java.util.concurrent.FutureTask.report(FutureTask.java:122)
	at java.util.concurrent.FutureTask.get(FutureTask.java:192)
	at org.apache.ratis.server.impl.LeaderElection.waitForResults(LeaderElection.java:259)
	at org.apache.ratis.server.impl.LeaderElection.askForVotes(LeaderElection.java:197)
	at org.apache.ratis.server.impl.LeaderElection.run(LeaderElection.java:133)
	at java.lang.Thread.run(Thread.java:748)
Caused by: org.apache.ratis.thirdparty.io.grpc.StatusRuntimeException: UNAVAILABLE: io exception
	at org.apache.ratis.thirdparty.io.grpc.stub.ClientCalls.toStatusRuntimeException(ClientCalls.java:233)
	at org.apache.ratis.thirdparty.io.grpc.stub.ClientCalls.getUnchecked(ClientCalls.java:214)
	at org.apache.ratis.thirdparty.io.grpc.stub.ClientCalls.blockingUnaryCall(ClientCalls.java:139)
	at org.apache.ratis.proto.grpc.RaftServerProtocolServiceGrpc$RaftServerProtocolServiceBlockingStub.requestVote(RaftServerProtocolServiceGrpc.java:265)
	at org.apache.ratis.grpc.server.GrpcServerProtocolClient.requestVote(GrpcServerProtocolClient.java:99)
	at org.apache.ratis.grpc.server.GrpcService.requestVote(GrpcService.java:204)
	at org.apache.ratis.server.impl.LeaderElection.lambda$submitRequests$1(LeaderElection.java:234)
	at java.util.concurrent.FutureTask.run(FutureTask.java:266)
	at java.util.concurrent.Executors$RunnableAdapter.call(Executors.java:511)
	at java.util.concurrent.FutureTask.run(FutureTask.java:266)
	at java.util.concurrent.ThreadPoolExecutor.runWorker(ThreadPoolExecutor.java:1149)
	at java.util.concurrent.ThreadPoolExecutor$Worker.run(ThreadPoolExecutor.java:624)
	... 1 more
Caused by: org.apache.ratis.thirdparty.io.netty.channel.AbstractChannel$AnnotatedConnectException: Connection refused: /192.168.164.213:38159
	at sun.nio.ch.SocketChannelImpl.checkConnect(Native Method)
	at sun.nio.ch.SocketChannelImpl.finishConnect(SocketChannelImpl.java:717)
	at org.apache.ratis.thirdparty.io.netty.channel.socket.nio.NioSocketChannel.doFinishConnect(NioSocketChannel.java:327)
	at org.apache.ratis.thirdparty.io.netty.channel.nio.AbstractNioChannel$AbstractNioUnsafe.finishConnect(AbstractNioChannel.java:340)
	at org.apache.ratis.thirdparty.io.netty.channel.nio.NioEventLoop.processSelectedKey(NioEventLoop.java:632)
	at org.apache.ratis.thirdparty.io.netty.channel.nio.NioEventLoop.processSelectedKeysOptimized(NioEventLoop.java:579)
	at org.apache.ratis.thirdparty.io.netty.channel.nio.NioEventLoop.processSelectedKeys(NioEventLoop.java:496)
	at org.apache.ratis.thirdparty.io.netty.channel.nio.NioEventLoop.run(NioEventLoop.java:458)
	at org.apache.ratis.thirdparty.io.netty.util.concurrent.SingleThreadEventExecutor$5.run(SingleThreadEventExecutor.java:897)
	at org.apache.ratis.thirdparty.io.netty.util.concurrent.FastThreadLocalRunnable.run(FastThreadLocalRunnable.java:30)
	... 1 more
Caused by: java.net.ConnectException: Connection refused
	... 11 more
2019-10-24 15:44:13,017 [abb8132e-b90b-4ab3-abdd-91ffef5e5962@group-D6115FD00A99-LeaderElection199] INFO  impl.LeaderElection (LogUtils.java:infoOrTrace(149)) -   Exception 1: {}
java.util.concurrent.ExecutionException: org.apache.ratis.thirdparty.io.grpc.StatusRuntimeException: UNAVAILABLE: io exception
	at java.util.concurrent.FutureTask.report(FutureTask.java:122)
	at java.util.concurrent.FutureTask.get(FutureTask.java:192)
	at org.apache.ratis.server.impl.LeaderElection.waitForResults(LeaderElection.java:259)
	at org.apache.ratis.server.impl.LeaderElection.askForVotes(LeaderElection.java:197)
	at org.apache.ratis.server.impl.LeaderElection.run(LeaderElection.java:133)
	at java.lang.Thread.run(Thread.java:748)
Caused by: org.apache.ratis.thirdparty.io.grpc.StatusRuntimeException: UNAVAILABLE: io exception
	at org.apache.ratis.thirdparty.io.grpc.stub.ClientCalls.toStatusRuntimeException(ClientCalls.java:233)
	at org.apache.ratis.thirdparty.io.grpc.stub.ClientCalls.getUnchecked(ClientCalls.java:214)
	at org.apache.ratis.thirdparty.io.grpc.stub.ClientCalls.blockingUnaryCall(ClientCalls.java:139)
	at org.apache.ratis.proto.grpc.RaftServerProtocolServiceGrpc$RaftServerProtocolServiceBlockingStub.requestVote(RaftServerProtocolServiceGrpc.java:265)
	at org.apache.ratis.grpc.server.GrpcServerProtocolClient.requestVote(GrpcServerProtocolClient.java:99)
	at org.apache.ratis.grpc.server.GrpcService.requestVote(GrpcService.java:204)
	at org.apache.ratis.server.impl.LeaderElection.lambda$submitRequests$1(LeaderElection.java:234)
	at java.util.concurrent.FutureTask.run(FutureTask.java:266)
	at java.util.concurrent.Executors$RunnableAdapter.call(Executors.java:511)
	at java.util.concurrent.FutureTask.run(FutureTask.java:266)
	at java.util.concurrent.ThreadPoolExecutor.runWorker(ThreadPoolExecutor.java:1149)
	at java.util.concurrent.ThreadPoolExecutor$Worker.run(ThreadPoolExecutor.java:624)
	... 1 more
Caused by: org.apache.ratis.thirdparty.io.netty.channel.AbstractChannel$AnnotatedConnectException: Connection refused: /192.168.164.213:33356
	at sun.nio.ch.SocketChannelImpl.checkConnect(Native Method)
	at sun.nio.ch.SocketChannelImpl.finishConnect(SocketChannelImpl.java:717)
	at org.apache.ratis.thirdparty.io.netty.channel.socket.nio.NioSocketChannel.doFinishConnect(NioSocketChannel.java:327)
	at org.apache.ratis.thirdparty.io.netty.channel.nio.AbstractNioChannel$AbstractNioUnsafe.finishConnect(AbstractNioChannel.java:340)
	at org.apache.ratis.thirdparty.io.netty.channel.nio.NioEventLoop.processSelectedKey(NioEventLoop.java:632)
	at org.apache.ratis.thirdparty.io.netty.channel.nio.NioEventLoop.processSelectedKeysOptimized(NioEventLoop.java:579)
	at org.apache.ratis.thirdparty.io.netty.channel.nio.NioEventLoop.processSelectedKeys(NioEventLoop.java:496)
	at org.apache.ratis.thirdparty.io.netty.channel.nio.NioEventLoop.run(NioEventLoop.java:458)
	at org.apache.ratis.thirdparty.io.netty.util.concurrent.SingleThreadEventExecutor$5.run(SingleThreadEventExecutor.java:897)
	at org.apache.ratis.thirdparty.io.netty.util.concurrent.FastThreadLocalRunnable.run(FastThreadLocalRunnable.java:30)
	... 1 more
Caused by: java.net.ConnectException: Connection refused
	... 11 more
2019-10-24 15:44:13,017 [abb8132e-b90b-4ab3-abdd-91ffef5e5962@group-D6115FD00A99-LeaderElection199] INFO  impl.RaftServerImpl (RaftServerImpl.java:setRole(184)) - abb8132e-b90b-4ab3-abdd-91ffef5e5962@group-D6115FD00A99: changes role from CANDIDATE to FOLLOWER at term 17 for DISCOVERED_A_NEW_TERM
2019-10-24 15:44:13,017 [abb8132e-b90b-4ab3-abdd-91ffef5e5962@group-D6115FD00A99-LeaderElection199] INFO  impl.RoleInfo (RoleInfo.java:shutdownLeaderElection(134)) - abb8132e-b90b-4ab3-abdd-91ffef5e5962: shutdown LeaderElection
2019-10-24 15:44:13,018 [abb8132e-b90b-4ab3-abdd-91ffef5e5962@group-D6115FD00A99-LeaderElection199] INFO  impl.RoleInfo (RoleInfo.java:updateAndGet(143)) - abb8132e-b90b-4ab3-abdd-91ffef5e5962: start FollowerState
2019-10-24 15:44:13,129 [Thread-1851] INFO  impl.FollowerState (FollowerState.java:run(108)) - af280123-6372-4d1f-a5d4-c36229a73203@group-75C85B6D1182-FollowerState: change to CANDIDATE, lastRpcTime:141ms, electionTimeout:141ms
2019-10-24 15:44:13,129 [Thread-1851] INFO  impl.RoleInfo (RoleInfo.java:shutdownFollowerState(121)) - af280123-6372-4d1f-a5d4-c36229a73203: shutdown FollowerState
2019-10-24 15:44:13,129 [Thread-1851] INFO  impl.RaftServerImpl (RaftServerImpl.java:setRole(184)) - af280123-6372-4d1f-a5d4-c36229a73203@group-75C85B6D1182: changes role from  FOLLOWER to CANDIDATE at term 191 for changeToCandidate
2019-10-24 15:44:13,129 [Thread-1851] INFO  impl.RoleInfo (RoleInfo.java:updateAndGet(143)) - af280123-6372-4d1f-a5d4-c36229a73203: start LeaderElection
2019-10-24 15:44:13,143 [af280123-6372-4d1f-a5d4-c36229a73203@group-75C85B6D1182-LeaderElection200] INFO  impl.LeaderElection (LeaderElection.java:askForVotes(178)) - af280123-6372-4d1f-a5d4-c36229a73203@group-75C85B6D1182-LeaderElection200: begin an election at term 192 for -1: [9092f221-0e0d-4970-bb84-cacd95020f21:192.168.164.213:41903, af280123-6372-4d1f-a5d4-c36229a73203:192.168.164.213:35334, b4ae536c-ed18-4717-a75c-ca4b5d6c4001:192.168.164.213:41180], old=null
2019-10-24 15:44:13,145 [grpc-default-executor-4] INFO  impl.RaftServerImpl (RaftServerImpl.java:setRole(184)) - 9092f221-0e0d-4970-bb84-cacd95020f21@group-75C85B6D1182: changes role from  FOLLOWER to FOLLOWER at term 192 for recognizeCandidate:af280123-6372-4d1f-a5d4-c36229a73203
2019-10-24 15:44:13,145 [grpc-default-executor-5] INFO  impl.RaftServerImpl (RaftServerImpl.java:setRole(184)) - b4ae536c-ed18-4717-a75c-ca4b5d6c4001@group-75C85B6D1182: changes role from  FOLLOWER to FOLLOWER at term 192 for recognizeCandidate:af280123-6372-4d1f-a5d4-c36229a73203
2019-10-24 15:44:13,145 [grpc-default-executor-4] INFO  impl.RoleInfo (RoleInfo.java:shutdownFollowerState(121)) - 9092f221-0e0d-4970-bb84-cacd95020f21: shutdown FollowerState
2019-10-24 15:44:13,146 [grpc-default-executor-5] INFO  impl.RoleInfo (RoleInfo.java:shutdownFollowerState(121)) - b4ae536c-ed18-4717-a75c-ca4b5d6c4001: shutdown FollowerState
2019-10-24 15:44:13,146 [Thread-1850] INFO  impl.FollowerState (FollowerState.java:run(117)) - 9092f221-0e0d-4970-bb84-cacd95020f21@group-75C85B6D1182-FollowerState was interrupted: java.lang.InterruptedException: sleep interrupted
2019-10-24 15:44:13,146 [Thread-1849] INFO  impl.FollowerState (FollowerState.java:run(117)) - b4ae536c-ed18-4717-a75c-ca4b5d6c4001@group-75C85B6D1182-FollowerState was interrupted: java.lang.InterruptedException: sleep interrupted
2019-10-24 15:44:13,146 [grpc-default-executor-4] INFO  impl.RoleInfo (RoleInfo.java:updateAndGet(143)) - 9092f221-0e0d-4970-bb84-cacd95020f21: start FollowerState
2019-10-24 15:44:13,146 [grpc-default-executor-5] INFO  impl.RoleInfo (RoleInfo.java:updateAndGet(143)) - b4ae536c-ed18-4717-a75c-ca4b5d6c4001: start FollowerState
2019-10-24 15:44:13,160 [af280123-6372-4d1f-a5d4-c36229a73203@group-75C85B6D1182-LeaderElection200] INFO  impl.LeaderElection (LeaderElection.java:logAndReturn(56)) - af280123-6372-4d1f-a5d4-c36229a73203@group-75C85B6D1182-LeaderElection200: Election REJECTED; received 2 response(s) [af280123-6372-4d1f-a5d4-c36229a73203<-9092f221-0e0d-4970-bb84-cacd95020f21#0:FAIL-t192, af280123-6372-4d1f-a5d4-c36229a73203<-b4ae536c-ed18-4717-a75c-ca4b5d6c4001#0:FAIL-t192] and 0 exception(s); af280123-6372-4d1f-a5d4-c36229a73203@group-75C85B6D1182:t192, leader=null, voted=af280123-6372-4d1f-a5d4-c36229a73203, raftlog=af280123-6372-4d1f-a5d4-c36229a73203@group-75C85B6D1182-SegmentedRaftLog:OPENED:c-1,f-1,i0, conf=-1: [9092f221-0e0d-4970-bb84-cacd95020f21:192.168.164.213:41903, af280123-6372-4d1f-a5d4-c36229a73203:192.168.164.213:35334, b4ae536c-ed18-4717-a75c-ca4b5d6c4001:192.168.164.213:41180], old=null
2019-10-24 15:44:13,160 [af280123-6372-4d1f-a5d4-c36229a73203@group-75C85B6D1182-LeaderElection200] INFO  impl.RaftServerImpl (RaftServerImpl.java:setRole(184)) - af280123-6372-4d1f-a5d4-c36229a73203@group-75C85B6D1182: changes role from CANDIDATE to FOLLOWER at term 192 for DISCOVERED_A_NEW_TERM
2019-10-24 15:44:13,160 [af280123-6372-4d1f-a5d4-c36229a73203@group-75C85B6D1182-LeaderElection200] INFO  impl.RoleInfo (RoleInfo.java:shutdownLeaderElection(134)) - af280123-6372-4d1f-a5d4-c36229a73203: shutdown LeaderElection
2019-10-24 15:44:13,160 [af280123-6372-4d1f-a5d4-c36229a73203@group-75C85B6D1182-LeaderElection200] INFO  impl.RoleInfo (RoleInfo.java:updateAndGet(143)) - af280123-6372-4d1f-a5d4-c36229a73203: start FollowerState
2019-10-24 15:44:13,257 [Thread-1861] INFO  impl.FollowerState (FollowerState.java:run(108)) - af280123-6372-4d1f-a5d4-c36229a73203@group-75C85B6D1182-FollowerState: change to CANDIDATE, lastRpcTime:96ms, electionTimeout:96ms
2019-10-24 15:44:13,257 [Thread-1861] INFO  impl.RoleInfo (RoleInfo.java:shutdownFollowerState(121)) - af280123-6372-4d1f-a5d4-c36229a73203: shutdown FollowerState
2019-10-24 15:44:13,257 [Thread-1861] INFO  impl.RaftServerImpl (RaftServerImpl.java:setRole(184)) - af280123-6372-4d1f-a5d4-c36229a73203@group-75C85B6D1182: changes role from  FOLLOWER to CANDIDATE at term 192 for changeToCandidate
2019-10-24 15:44:13,257 [Thread-1861] INFO  impl.RoleInfo (RoleInfo.java:updateAndGet(143)) - af280123-6372-4d1f-a5d4-c36229a73203: start LeaderElection
2019-10-24 15:44:13,270 [af280123-6372-4d1f-a5d4-c36229a73203@group-75C85B6D1182-LeaderElection201] INFO  impl.LeaderElection (LeaderElection.java:askForVotes(178)) - af280123-6372-4d1f-a5d4-c36229a73203@group-75C85B6D1182-LeaderElection201: begin an election at term 193 for -1: [9092f221-0e0d-4970-bb84-cacd95020f21:192.168.164.213:41903, af280123-6372-4d1f-a5d4-c36229a73203:192.168.164.213:35334, b4ae536c-ed18-4717-a75c-ca4b5d6c4001:192.168.164.213:41180], old=null
2019-10-24 15:44:13,273 [grpc-default-executor-4] INFO  impl.RaftServerImpl (RaftServerImpl.java:setRole(184)) - 9092f221-0e0d-4970-bb84-cacd95020f21@group-75C85B6D1182: changes role from  FOLLOWER to FOLLOWER at term 193 for recognizeCandidate:af280123-6372-4d1f-a5d4-c36229a73203
2019-10-24 15:44:13,273 [grpc-default-executor-5] INFO  impl.RaftServerImpl (RaftServerImpl.java:setRole(184)) - b4ae536c-ed18-4717-a75c-ca4b5d6c4001@group-75C85B6D1182: changes role from  FOLLOWER to FOLLOWER at term 193 for recognizeCandidate:af280123-6372-4d1f-a5d4-c36229a73203
2019-10-24 15:44:13,273 [grpc-default-executor-4] INFO  impl.RoleInfo (RoleInfo.java:shutdownFollowerState(121)) - 9092f221-0e0d-4970-bb84-cacd95020f21: shutdown FollowerState
2019-10-24 15:44:13,273 [grpc-default-executor-5] INFO  impl.RoleInfo (RoleInfo.java:shutdownFollowerState(121)) - b4ae536c-ed18-4717-a75c-ca4b5d6c4001: shutdown FollowerState
2019-10-24 15:44:13,273 [grpc-default-executor-4] INFO  impl.RoleInfo (RoleInfo.java:updateAndGet(143)) - 9092f221-0e0d-4970-bb84-cacd95020f21: start FollowerState
2019-10-24 15:44:13,273 [Thread-1860] INFO  impl.FollowerState (FollowerState.java:run(117)) - b4ae536c-ed18-4717-a75c-ca4b5d6c4001@group-75C85B6D1182-FollowerState was interrupted: java.lang.InterruptedException: sleep interrupted
2019-10-24 15:44:13,273 [Thread-1859] INFO  impl.FollowerState (FollowerState.java:run(117)) - 9092f221-0e0d-4970-bb84-cacd95020f21@group-75C85B6D1182-FollowerState was interrupted: java.lang.InterruptedException: sleep interrupted
2019-10-24 15:44:13,273 [grpc-default-executor-5] INFO  impl.RoleInfo (RoleInfo.java:updateAndGet(143)) - b4ae536c-ed18-4717-a75c-ca4b5d6c4001: start FollowerState
2019-10-24 15:44:13,282 [af280123-6372-4d1f-a5d4-c36229a73203@group-75C85B6D1182-LeaderElection201] INFO  impl.LeaderElection (LeaderElection.java:logAndReturn(56)) - af280123-6372-4d1f-a5d4-c36229a73203@group-75C85B6D1182-LeaderElection201: Election TIMEOUT; received 0 response(s) [] and 0 exception(s); af280123-6372-4d1f-a5d4-c36229a73203@group-75C85B6D1182:t193, leader=null, voted=af280123-6372-4d1f-a5d4-c36229a73203, raftlog=af280123-6372-4d1f-a5d4-c36229a73203@group-75C85B6D1182-SegmentedRaftLog:OPENED:c-1,f-1,i0, conf=-1: [9092f221-0e0d-4970-bb84-cacd95020f21:192.168.164.213:41903, af280123-6372-4d1f-a5d4-c36229a73203:192.168.164.213:35334, b4ae536c-ed18-4717-a75c-ca4b5d6c4001:192.168.164.213:41180], old=null
2019-10-24 15:44:13,287 [af280123-6372-4d1f-a5d4-c36229a73203@group-75C85B6D1182-LeaderElection201] INFO  impl.LeaderElection (LeaderElection.java:askForVotes(178)) - af280123-6372-4d1f-a5d4-c36229a73203@group-75C85B6D1182-LeaderElection201: begin an election at term 194 for -1: [9092f221-0e0d-4970-bb84-cacd95020f21:192.168.164.213:41903, af280123-6372-4d1f-a5d4-c36229a73203:192.168.164.213:35334, b4ae536c-ed18-4717-a75c-ca4b5d6c4001:192.168.164.213:41180], old=null
2019-10-24 15:44:13,289 [grpc-default-executor-5] INFO  impl.RaftServerImpl (RaftServerImpl.java:setRole(184)) - b4ae536c-ed18-4717-a75c-ca4b5d6c4001@group-75C85B6D1182: changes role from  FOLLOWER to FOLLOWER at term 194 for recognizeCandidate:af280123-6372-4d1f-a5d4-c36229a73203
2019-10-24 15:44:13,289 [grpc-default-executor-5] INFO  impl.RoleInfo (RoleInfo.java:shutdownFollowerState(121)) - b4ae536c-ed18-4717-a75c-ca4b5d6c4001: shutdown FollowerState
2019-10-24 15:44:13,289 [grpc-default-executor-5] INFO  impl.RoleInfo (RoleInfo.java:updateAndGet(143)) - b4ae536c-ed18-4717-a75c-ca4b5d6c4001: start FollowerState
2019-10-24 15:44:13,289 [Thread-1866] INFO  impl.FollowerState (FollowerState.java:run(117)) - b4ae536c-ed18-4717-a75c-ca4b5d6c4001@group-75C85B6D1182-FollowerState was interrupted: java.lang.InterruptedException: sleep interrupted
2019-10-24 15:44:13,289 [grpc-default-executor-4] INFO  impl.RaftServerImpl (RaftServerImpl.java:setRole(184)) - 9092f221-0e0d-4970-bb84-cacd95020f21@group-75C85B6D1182: changes role from  FOLLOWER to FOLLOWER at term 194 for recognizeCandidate:af280123-6372-4d1f-a5d4-c36229a73203
2019-10-24 15:44:13,290 [grpc-default-executor-4] INFO  impl.RoleInfo (RoleInfo.java:shutdownFollowerState(121)) - 9092f221-0e0d-4970-bb84-cacd95020f21: shutdown FollowerState
2019-10-24 15:44:13,290 [grpc-default-executor-4] INFO  impl.RoleInfo (RoleInfo.java:updateAndGet(143)) - 9092f221-0e0d-4970-bb84-cacd95020f21: start FollowerState
2019-10-24 15:44:13,290 [Thread-1865] INFO  impl.FollowerState (FollowerState.java:run(117)) - 9092f221-0e0d-4970-bb84-cacd95020f21@group-75C85B6D1182-FollowerState was interrupted: java.lang.InterruptedException: sleep interrupted
2019-10-24 15:44:13,292 [af280123-6372-4d1f-a5d4-c36229a73203@group-75C85B6D1182-LeaderElection201] INFO  impl.LeaderElection (LeaderElection.java:logAndReturn(56)) - af280123-6372-4d1f-a5d4-c36229a73203@group-75C85B6D1182-LeaderElection201: Election TIMEOUT; received 0 response(s) [] and 0 exception(s); af280123-6372-4d1f-a5d4-c36229a73203@group-75C85B6D1182:t194, leader=null, voted=af280123-6372-4d1f-a5d4-c36229a73203, raftlog=af280123-6372-4d1f-a5d4-c36229a73203@group-75C85B6D1182-SegmentedRaftLog:OPENED:c-1,f-1,i0, conf=-1: [9092f221-0e0d-4970-bb84-cacd95020f21:192.168.164.213:41903, af280123-6372-4d1f-a5d4-c36229a73203:192.168.164.213:35334, b4ae536c-ed18-4717-a75c-ca4b5d6c4001:192.168.164.213:41180], old=null
2019-10-24 15:44:13,303 [af280123-6372-4d1f-a5d4-c36229a73203@group-75C85B6D1182-LeaderElection201] INFO  impl.LeaderElection (LeaderElection.java:askForVotes(178)) - af280123-6372-4d1f-a5d4-c36229a73203@group-75C85B6D1182-LeaderElection201: begin an election at term 195 for -1: [9092f221-0e0d-4970-bb84-cacd95020f21:192.168.164.213:41903, af280123-6372-4d1f-a5d4-c36229a73203:192.168.164.213:35334, b4ae536c-ed18-4717-a75c-ca4b5d6c4001:192.168.164.213:41180], old=null
2019-10-24 15:44:13,305 [grpc-default-executor-4] INFO  impl.RaftServerImpl (RaftServerImpl.java:setRole(184)) - 9092f221-0e0d-4970-bb84-cacd95020f21@group-75C85B6D1182: changes role from  FOLLOWER to FOLLOWER at term 195 for recognizeCandidate:af280123-6372-4d1f-a5d4-c36229a73203
2019-10-24 15:44:13,305 [grpc-default-executor-4] INFO  impl.RoleInfo (RoleInfo.java:shutdownFollowerState(121)) - 9092f221-0e0d-4970-bb84-cacd95020f21: shutdown FollowerState
2019-10-24 15:44:13,305 [grpc-default-executor-4] INFO  impl.RoleInfo (RoleInfo.java:updateAndGet(143)) - 9092f221-0e0d-4970-bb84-cacd95020f21: start FollowerState
2019-10-24 15:44:13,305 [Thread-1870] INFO  impl.FollowerState (FollowerState.java:run(117)) - 9092f221-0e0d-4970-bb84-cacd95020f21@group-75C85B6D1182-FollowerState was interrupted: java.lang.InterruptedException: sleep interrupted
2019-10-24 15:44:13,306 [grpc-default-executor-5] INFO  impl.RaftServerImpl (RaftServerImpl.java:setRole(184)) - b4ae536c-ed18-4717-a75c-ca4b5d6c4001@group-75C85B6D1182: changes role from  FOLLOWER to FOLLOWER at term 195 for recognizeCandidate:af280123-6372-4d1f-a5d4-c36229a73203
2019-10-24 15:44:13,306 [grpc-default-executor-5] INFO  impl.RoleInfo (RoleInfo.java:shutdownFollowerState(121)) - b4ae536c-ed18-4717-a75c-ca4b5d6c4001: shutdown FollowerState
2019-10-24 15:44:13,306 [grpc-default-executor-5] INFO  impl.RoleInfo (RoleInfo.java:updateAndGet(143)) - b4ae536c-ed18-4717-a75c-ca4b5d6c4001: start FollowerState
2019-10-24 15:44:13,306 [Thread-1869] INFO  impl.FollowerState (FollowerState.java:run(117)) - b4ae536c-ed18-4717-a75c-ca4b5d6c4001@group-75C85B6D1182-FollowerState was interrupted: java.lang.InterruptedException: sleep interrupted
2019-10-24 15:44:13,320 [af280123-6372-4d1f-a5d4-c36229a73203@group-75C85B6D1182-LeaderElection201] INFO  impl.LeaderElection (LeaderElection.java:logAndReturn(56)) - af280123-6372-4d1f-a5d4-c36229a73203@group-75C85B6D1182-LeaderElection201: Election REJECTED; received 2 response(s) [af280123-6372-4d1f-a5d4-c36229a73203<-9092f221-0e0d-4970-bb84-cacd95020f21#0:FAIL-t195, af280123-6372-4d1f-a5d4-c36229a73203<-b4ae536c-ed18-4717-a75c-ca4b5d6c4001#0:FAIL-t195] and 0 exception(s); af280123-6372-4d1f-a5d4-c36229a73203@group-75C85B6D1182:t195, leader=null, voted=af280123-6372-4d1f-a5d4-c36229a73203, raftlog=af280123-6372-4d1f-a5d4-c36229a73203@group-75C85B6D1182-SegmentedRaftLog:OPENED:c-1,f-1,i0, conf=-1: [9092f221-0e0d-4970-bb84-cacd95020f21:192.168.164.213:41903, af280123-6372-4d1f-a5d4-c36229a73203:192.168.164.213:35334, b4ae536c-ed18-4717-a75c-ca4b5d6c4001:192.168.164.213:41180], old=null
2019-10-24 15:44:13,320 [af280123-6372-4d1f-a5d4-c36229a73203@group-75C85B6D1182-LeaderElection201] INFO  impl.RaftServerImpl (RaftServerImpl.java:setRole(184)) - af280123-6372-4d1f-a5d4-c36229a73203@group-75C85B6D1182: changes role from CANDIDATE to FOLLOWER at term 195 for DISCOVERED_A_NEW_TERM
2019-10-24 15:44:13,320 [af280123-6372-4d1f-a5d4-c36229a73203@group-75C85B6D1182-LeaderElection201] INFO  impl.RoleInfo (RoleInfo.java:shutdownLeaderElection(134)) - af280123-6372-4d1f-a5d4-c36229a73203: shutdown LeaderElection
2019-10-24 15:44:13,320 [af280123-6372-4d1f-a5d4-c36229a73203@group-75C85B6D1182-LeaderElection201] INFO  impl.RoleInfo (RoleInfo.java:updateAndGet(143)) - af280123-6372-4d1f-a5d4-c36229a73203: start FollowerState
2019-10-24 15:44:13,441 [Thread-1875] INFO  impl.FollowerState (FollowerState.java:run(108)) - af280123-6372-4d1f-a5d4-c36229a73203@group-75C85B6D1182-FollowerState: change to CANDIDATE, lastRpcTime:120ms, electionTimeout:120ms
2019-10-24 15:44:13,441 [Thread-1875] INFO  impl.RoleInfo (RoleInfo.java:shutdownFollowerState(121)) - af280123-6372-4d1f-a5d4-c36229a73203: shutdown FollowerState
2019-10-24 15:44:13,441 [Thread-1875] INFO  impl.RaftServerImpl (RaftServerImpl.java:setRole(184)) - af280123-6372-4d1f-a5d4-c36229a73203@group-75C85B6D1182: changes role from  FOLLOWER to CANDIDATE at term 195 for changeToCandidate
2019-10-24 15:44:13,441 [Thread-1875] INFO  impl.RoleInfo (RoleInfo.java:updateAndGet(143)) - af280123-6372-4d1f-a5d4-c36229a73203: start LeaderElection
2019-10-24 15:44:13,455 [af280123-6372-4d1f-a5d4-c36229a73203@group-75C85B6D1182-LeaderElection202] INFO  impl.LeaderElection (LeaderElection.java:askForVotes(178)) - af280123-6372-4d1f-a5d4-c36229a73203@group-75C85B6D1182-LeaderElection202: begin an election at term 196 for -1: [9092f221-0e0d-4970-bb84-cacd95020f21:192.168.164.213:41903, af280123-6372-4d1f-a5d4-c36229a73203:192.168.164.213:35334, b4ae536c-ed18-4717-a75c-ca4b5d6c4001:192.168.164.213:41180], old=null
2019-10-24 15:44:13,457 [grpc-default-executor-4] INFO  impl.RaftServerImpl (RaftServerImpl.java:setRole(184)) - 9092f221-0e0d-4970-bb84-cacd95020f21@group-75C85B6D1182: changes role from  FOLLOWER to FOLLOWER at term 196 for recognizeCandidate:af280123-6372-4d1f-a5d4-c36229a73203
2019-10-24 15:44:13,457 [grpc-default-executor-5] INFO  impl.RaftServerImpl (RaftServerImpl.java:setRole(184)) - b4ae536c-ed18-4717-a75c-ca4b5d6c4001@group-75C85B6D1182: changes role from  FOLLOWER to FOLLOWER at term 196 for recognizeCandidate:af280123-6372-4d1f-a5d4-c36229a73203
2019-10-24 15:44:13,457 [grpc-default-executor-4] INFO  impl.RoleInfo (RoleInfo.java:shutdownFollowerState(121)) - 9092f221-0e0d-4970-bb84-cacd95020f21: shutdown FollowerState
2019-10-24 15:44:13,457 [grpc-default-executor-5] INFO  impl.RoleInfo (RoleInfo.java:shutdownFollowerState(121)) - b4ae536c-ed18-4717-a75c-ca4b5d6c4001: shutdown FollowerState
2019-10-24 15:44:13,457 [Thread-1873] INFO  impl.FollowerState (FollowerState.java:run(117)) - 9092f221-0e0d-4970-bb84-cacd95020f21@group-75C85B6D1182-FollowerState was interrupted: java.lang.InterruptedException: sleep interrupted
2019-10-24 15:44:13,457 [grpc-default-executor-4] INFO  impl.RoleInfo (RoleInfo.java:updateAndGet(143)) - 9092f221-0e0d-4970-bb84-cacd95020f21: start FollowerState
2019-10-24 15:44:13,458 [Thread-1874] INFO  impl.FollowerState (FollowerState.java:run(117)) - b4ae536c-ed18-4717-a75c-ca4b5d6c4001@group-75C85B6D1182-FollowerState was interrupted: java.lang.InterruptedException: sleep interrupted
2019-10-24 15:44:13,457 [grpc-default-executor-5] INFO  impl.RoleInfo (RoleInfo.java:updateAndGet(143)) - b4ae536c-ed18-4717-a75c-ca4b5d6c4001: start FollowerState
2019-10-24 15:44:13,472 [af280123-6372-4d1f-a5d4-c36229a73203@group-75C85B6D1182-LeaderElection202] INFO  impl.LeaderElection (LeaderElection.java:logAndReturn(56)) - af280123-6372-4d1f-a5d4-c36229a73203@group-75C85B6D1182-LeaderElection202: Election REJECTED; received 2 response(s) [af280123-6372-4d1f-a5d4-c36229a73203<-9092f221-0e0d-4970-bb84-cacd95020f21#0:FAIL-t196, af280123-6372-4d1f-a5d4-c36229a73203<-b4ae536c-ed18-4717-a75c-ca4b5d6c4001#0:FAIL-t196] and 0 exception(s); af280123-6372-4d1f-a5d4-c36229a73203@group-75C85B6D1182:t196, leader=null, voted=af280123-6372-4d1f-a5d4-c36229a73203, raftlog=af280123-6372-4d1f-a5d4-c36229a73203@group-75C85B6D1182-SegmentedRaftLog:OPENED:c-1,f-1,i0, conf=-1: [9092f221-0e0d-4970-bb84-cacd95020f21:192.168.164.213:41903, af280123-6372-4d1f-a5d4-c36229a73203:192.168.164.213:35334, b4ae536c-ed18-4717-a75c-ca4b5d6c4001:192.168.164.213:41180], old=null
2019-10-24 15:44:13,473 [af280123-6372-4d1f-a5d4-c36229a73203@group-75C85B6D1182-LeaderElection202] INFO  impl.RaftServerImpl (RaftServerImpl.java:setRole(184)) - af280123-6372-4d1f-a5d4-c36229a73203@group-75C85B6D1182: changes role from CANDIDATE to FOLLOWER at term 196 for DISCOVERED_A_NEW_TERM
2019-10-24 15:44:13,473 [af280123-6372-4d1f-a5d4-c36229a73203@group-75C85B6D1182-LeaderElection202] INFO  impl.RoleInfo (RoleInfo.java:shutdownLeaderElection(134)) - af280123-6372-4d1f-a5d4-c36229a73203: shutdown LeaderElection
2019-10-24 15:44:13,473 [af280123-6372-4d1f-a5d4-c36229a73203@group-75C85B6D1182-LeaderElection202] INFO  impl.RoleInfo (RoleInfo.java:updateAndGet(143)) - af280123-6372-4d1f-a5d4-c36229a73203: start FollowerState
2019-10-24 15:44:13,550 [Thread-1882] INFO  impl.FollowerState (FollowerState.java:run(108)) - af280123-6372-4d1f-a5d4-c36229a73203@group-75C85B6D1182-FollowerState: change to CANDIDATE, lastRpcTime:77ms, electionTimeout:77ms
2019-10-24 15:44:13,551 [Thread-1882] INFO  impl.RoleInfo (RoleInfo.java:shutdownFollowerState(121)) - af280123-6372-4d1f-a5d4-c36229a73203: shutdown FollowerState
2019-10-24 15:44:13,551 [Thread-1882] INFO  impl.RaftServerImpl (RaftServerImpl.java:setRole(184)) - af280123-6372-4d1f-a5d4-c36229a73203@group-75C85B6D1182: changes role from  FOLLOWER to CANDIDATE at term 196 for changeToCandidate
2019-10-24 15:44:13,551 [Thread-1882] INFO  impl.RoleInfo (RoleInfo.java:updateAndGet(143)) - af280123-6372-4d1f-a5d4-c36229a73203: start LeaderElection
2019-10-24 15:44:13,579 [af280123-6372-4d1f-a5d4-c36229a73203@group-75C85B6D1182-LeaderElection203] INFO  impl.LeaderElection (LeaderElection.java:askForVotes(178)) - af280123-6372-4d1f-a5d4-c36229a73203@group-75C85B6D1182-LeaderElection203: begin an election at term 197 for -1: [9092f221-0e0d-4970-bb84-cacd95020f21:192.168.164.213:41903, af280123-6372-4d1f-a5d4-c36229a73203:192.168.164.213:35334, b4ae536c-ed18-4717-a75c-ca4b5d6c4001:192.168.164.213:41180], old=null
2019-10-24 15:44:13,581 [grpc-default-executor-4] INFO  impl.RaftServerImpl (RaftServerImpl.java:setRole(184)) - 9092f221-0e0d-4970-bb84-cacd95020f21@group-75C85B6D1182: changes role from  FOLLOWER to FOLLOWER at term 197 for recognizeCandidate:af280123-6372-4d1f-a5d4-c36229a73203
2019-10-24 15:44:13,581 [grpc-default-executor-5] INFO  impl.RaftServerImpl (RaftServerImpl.java:setRole(184)) - b4ae536c-ed18-4717-a75c-ca4b5d6c4001@group-75C85B6D1182: changes role from  FOLLOWER to FOLLOWER at term 197 for recognizeCandidate:af280123-6372-4d1f-a5d4-c36229a73203
2019-10-24 15:44:13,582 [grpc-default-executor-5] INFO  impl.RoleInfo (RoleInfo.java:shutdownFollowerState(121)) - b4ae536c-ed18-4717-a75c-ca4b5d6c4001: shutdown FollowerState
2019-10-24 15:44:13,582 [grpc-default-executor-4] INFO  impl.RoleInfo (RoleInfo.java:shutdownFollowerState(121)) - 9092f221-0e0d-4970-bb84-cacd95020f21: shutdown FollowerState
2019-10-24 15:44:13,582 [grpc-default-executor-4] INFO  impl.RoleInfo (RoleInfo.java:updateAndGet(143)) - 9092f221-0e0d-4970-bb84-cacd95020f21: start FollowerState
2019-10-24 15:44:13,582 [Thread-1881] INFO  impl.FollowerState (FollowerState.java:run(117)) - b4ae536c-ed18-4717-a75c-ca4b5d6c4001@group-75C85B6D1182-FollowerState was interrupted: java.lang.InterruptedException: sleep interrupted
2019-10-24 15:44:13,582 [grpc-default-executor-5] INFO  impl.RoleInfo (RoleInfo.java:updateAndGet(143)) - b4ae536c-ed18-4717-a75c-ca4b5d6c4001: start FollowerState
2019-10-24 15:44:13,582 [Thread-1880] INFO  impl.FollowerState (FollowerState.java:run(117)) - 9092f221-0e0d-4970-bb84-cacd95020f21@group-75C85B6D1182-FollowerState was interrupted: java.lang.InterruptedException: sleep interrupted
2019-10-24 15:44:13,591 [af280123-6372-4d1f-a5d4-c36229a73203@group-75C85B6D1182-LeaderElection203] INFO  impl.LeaderElection (LeaderElection.java:logAndReturn(56)) - af280123-6372-4d1f-a5d4-c36229a73203@group-75C85B6D1182-LeaderElection203: Election REJECTED; received 2 response(s) [af280123-6372-4d1f-a5d4-c36229a73203<-9092f221-0e0d-4970-bb84-cacd95020f21#0:FAIL-t197, af280123-6372-4d1f-a5d4-c36229a73203<-b4ae536c-ed18-4717-a75c-ca4b5d6c4001#0:FAIL-t197] and 0 exception(s); af280123-6372-4d1f-a5d4-c36229a73203@group-75C85B6D1182:t197, leader=null, voted=af280123-6372-4d1f-a5d4-c36229a73203, raftlog=af280123-6372-4d1f-a5d4-c36229a73203@group-75C85B6D1182-SegmentedRaftLog:OPENED:c-1,f-1,i0, conf=-1: [9092f221-0e0d-4970-bb84-cacd95020f21:192.168.164.213:41903, af280123-6372-4d1f-a5d4-c36229a73203:192.168.164.213:35334, b4ae536c-ed18-4717-a75c-ca4b5d6c4001:192.168.164.213:41180], old=null
2019-10-24 15:44:13,591 [af280123-6372-4d1f-a5d4-c36229a73203@group-75C85B6D1182-LeaderElection203] INFO  impl.RaftServerImpl (RaftServerImpl.java:setRole(184)) - af280123-6372-4d1f-a5d4-c36229a73203@group-75C85B6D1182: changes role from CANDIDATE to FOLLOWER at term 197 for DISCOVERED_A_NEW_TERM
2019-10-24 15:44:13,591 [af280123-6372-4d1f-a5d4-c36229a73203@group-75C85B6D1182-LeaderElection203] INFO  impl.RoleInfo (RoleInfo.java:shutdownLeaderElection(134)) - af280123-6372-4d1f-a5d4-c36229a73203: shutdown LeaderElection
2019-10-24 15:44:13,592 [af280123-6372-4d1f-a5d4-c36229a73203@group-75C85B6D1182-LeaderElection203] INFO  impl.RoleInfo (RoleInfo.java:updateAndGet(143)) - af280123-6372-4d1f-a5d4-c36229a73203: start FollowerState
2019-10-24 15:44:13,742 [Thread-1888] INFO  impl.FollowerState (FollowerState.java:run(108)) - af280123-6372-4d1f-a5d4-c36229a73203@group-75C85B6D1182-FollowerState: change to CANDIDATE, lastRpcTime:150ms, electionTimeout:150ms
2019-10-24 15:44:13,742 [Thread-1888] INFO  impl.RoleInfo (RoleInfo.java:shutdownFollowerState(121)) - af280123-6372-4d1f-a5d4-c36229a73203: shutdown FollowerState
2019-10-24 15:44:13,743 [Thread-1888] INFO  impl.RaftServerImpl (RaftServerImpl.java:setRole(184)) - af280123-6372-4d1f-a5d4-c36229a73203@group-75C85B6D1182: changes role from  FOLLOWER to CANDIDATE at term 197 for changeToCandidate
2019-10-24 15:44:13,743 [Thread-1888] INFO  impl.RoleInfo (RoleInfo.java:updateAndGet(143)) - af280123-6372-4d1f-a5d4-c36229a73203: start LeaderElection
2019-10-24 15:44:13,767 [af280123-6372-4d1f-a5d4-c36229a73203@group-75C85B6D1182-LeaderElection204] INFO  impl.LeaderElection (LeaderElection.java:askForVotes(178)) - af280123-6372-4d1f-a5d4-c36229a73203@group-75C85B6D1182-LeaderElection204: begin an election at term 198 for -1: [9092f221-0e0d-4970-bb84-cacd95020f21:192.168.164.213:41903, af280123-6372-4d1f-a5d4-c36229a73203:192.168.164.213:35334, b4ae536c-ed18-4717-a75c-ca4b5d6c4001:192.168.164.213:41180], old=null
2019-10-24 15:44:13,769 [grpc-default-executor-4] INFO  impl.RaftServerImpl (RaftServerImpl.java:setRole(184)) - 9092f221-0e0d-4970-bb84-cacd95020f21@group-75C85B6D1182: changes role from  FOLLOWER to FOLLOWER at term 198 for recognizeCandidate:af280123-6372-4d1f-a5d4-c36229a73203
2019-10-24 15:44:13,769 [grpc-default-executor-4] INFO  impl.RoleInfo (RoleInfo.java:shutdownFollowerState(121)) - 9092f221-0e0d-4970-bb84-cacd95020f21: shutdown FollowerState
2019-10-24 15:44:13,769 [grpc-default-executor-5] INFO  impl.RaftServerImpl (RaftServerImpl.java:setRole(184)) - b4ae536c-ed18-4717-a75c-ca4b5d6c4001@group-75C85B6D1182: changes role from  FOLLOWER to FOLLOWER at term 198 for recognizeCandidate:af280123-6372-4d1f-a5d4-c36229a73203
2019-10-24 15:44:13,769 [Thread-1887] INFO  impl.FollowerState (FollowerState.java:run(117)) - 9092f221-0e0d-4970-bb84-cacd95020f21@group-75C85B6D1182-FollowerState was interrupted: java.lang.InterruptedException: sleep interrupted
2019-10-24 15:44:13,769 [grpc-default-executor-4] INFO  impl.RoleInfo (RoleInfo.java:updateAndGet(143)) - 9092f221-0e0d-4970-bb84-cacd95020f21: start FollowerState
2019-10-24 15:44:13,769 [grpc-default-executor-5] INFO  impl.RoleInfo (RoleInfo.java:shutdownFollowerState(121)) - b4ae536c-ed18-4717-a75c-ca4b5d6c4001: shutdown FollowerState
2019-10-24 15:44:13,770 [grpc-default-executor-5] INFO  impl.RoleInfo (RoleInfo.java:updateAndGet(143)) - b4ae536c-ed18-4717-a75c-ca4b5d6c4001: start FollowerState
2019-10-24 15:44:13,770 [Thread-1886] INFO  impl.FollowerState (FollowerState.java:run(117)) - b4ae536c-ed18-4717-a75c-ca4b5d6c4001@group-75C85B6D1182-FollowerState was interrupted: java.lang.InterruptedException: sleep interrupted
2019-10-24 15:44:13,781 [af280123-6372-4d1f-a5d4-c36229a73203@group-75C85B6D1182-LeaderElection204] INFO  impl.LeaderElection (LeaderElection.java:logAndReturn(56)) - af280123-6372-4d1f-a5d4-c36229a73203@group-75C85B6D1182-LeaderElection204: Election REJECTED; received 2 response(s) [af280123-6372-4d1f-a5d4-c36229a73203<-9092f221-0e0d-4970-bb84-cacd95020f21#0:FAIL-t198, af280123-6372-4d1f-a5d4-c36229a73203<-b4ae536c-ed18-4717-a75c-ca4b5d6c4001#0:FAIL-t198] and 0 exception(s); af280123-6372-4d1f-a5d4-c36229a73203@group-75C85B6D1182:t198, leader=null, voted=af280123-6372-4d1f-a5d4-c36229a73203, raftlog=af280123-6372-4d1f-a5d4-c36229a73203@group-75C85B6D1182-SegmentedRaftLog:OPENED:c-1,f-1,i0, conf=-1: [9092f221-0e0d-4970-bb84-cacd95020f21:192.168.164.213:41903, af280123-6372-4d1f-a5d4-c36229a73203:192.168.164.213:35334, b4ae536c-ed18-4717-a75c-ca4b5d6c4001:192.168.164.213:41180], old=null
2019-10-24 15:44:13,782 [af280123-6372-4d1f-a5d4-c36229a73203@group-75C85B6D1182-LeaderElection204] INFO  impl.RaftServerImpl (RaftServerImpl.java:setRole(184)) - af280123-6372-4d1f-a5d4-c36229a73203@group-75C85B6D1182: changes role from CANDIDATE to FOLLOWER at term 198 for DISCOVERED_A_NEW_TERM
2019-10-24 15:44:13,782 [af280123-6372-4d1f-a5d4-c36229a73203@group-75C85B6D1182-LeaderElection204] INFO  impl.RoleInfo (RoleInfo.java:shutdownLeaderElection(134)) - af280123-6372-4d1f-a5d4-c36229a73203: shutdown LeaderElection
2019-10-24 15:44:13,782 [af280123-6372-4d1f-a5d4-c36229a73203@group-75C85B6D1182-LeaderElection204] INFO  impl.RoleInfo (RoleInfo.java:updateAndGet(143)) - af280123-6372-4d1f-a5d4-c36229a73203: start FollowerState
2019-10-24 15:44:13,832 [java.util.concurrent.ThreadPoolExecutor$Worker@15849834[State = -1, empty queue]] WARN  server.GrpcLogAppender (GrpcLogAppender.java:timeoutAppendRequest(209)) - 2f81ded6-48e6-408d-9409-3cd44f70bee8@group-56059261E3EC->3a65ecdf-e32f-4548-a2e5-44ab823c11b3-GrpcLogAppender: appendEntries Timeout, request=2f81ded6-48e6-408d-9409-3cd44f70bee8->3a65ecdf-e32f-4548-a2e5-44ab823c11b3#57-t6, previous=(t:6, i:16), leaderCommit=16, initializing? false, entries: <empty>
2019-10-24 15:44:13,931 [Thread-1894] INFO  impl.FollowerState (FollowerState.java:run(108)) - af280123-6372-4d1f-a5d4-c36229a73203@group-75C85B6D1182-FollowerState: change to CANDIDATE, lastRpcTime:149ms, electionTimeout:149ms
2019-10-24 15:44:13,932 [Thread-1894] INFO  impl.RoleInfo (RoleInfo.java:shutdownFollowerState(121)) - af280123-6372-4d1f-a5d4-c36229a73203: shutdown FollowerState
2019-10-24 15:44:13,932 [Thread-1894] INFO  impl.RaftServerImpl (RaftServerImpl.java:setRole(184)) - af280123-6372-4d1f-a5d4-c36229a73203@group-75C85B6D1182: changes role from  FOLLOWER to CANDIDATE at term 198 for changeToCandidate
2019-10-24 15:44:13,932 [Thread-1894] INFO  impl.RoleInfo (RoleInfo.java:updateAndGet(143)) - af280123-6372-4d1f-a5d4-c36229a73203: start LeaderElection
2019-10-24 15:44:13,958 [af280123-6372-4d1f-a5d4-c36229a73203@group-75C85B6D1182-LeaderElection205] INFO  impl.LeaderElection (LeaderElection.java:askForVotes(178)) - af280123-6372-4d1f-a5d4-c36229a73203@group-75C85B6D1182-LeaderElection205: begin an election at term 199 for -1: [9092f221-0e0d-4970-bb84-cacd95020f21:192.168.164.213:41903, af280123-6372-4d1f-a5d4-c36229a73203:192.168.164.213:35334, b4ae536c-ed18-4717-a75c-ca4b5d6c4001:192.168.164.213:41180], old=null
2019-10-24 15:44:13,960 [grpc-default-executor-4] INFO  impl.RaftServerImpl (RaftServerImpl.java:setRole(184)) - b4ae536c-ed18-4717-a75c-ca4b5d6c4001@group-75C85B6D1182: changes role from  FOLLOWER to FOLLOWER at term 199 for recognizeCandidate:af280123-6372-4d1f-a5d4-c36229a73203
2019-10-24 15:44:13,961 [grpc-default-executor-4] INFO  impl.RoleInfo (RoleInfo.java:shutdownFollowerState(121)) - b4ae536c-ed18-4717-a75c-ca4b5d6c4001: shutdown FollowerState
2019-10-24 15:44:13,960 [grpc-default-executor-5] INFO  impl.RaftServerImpl (RaftServerImpl.java:setRole(184)) - 9092f221-0e0d-4970-bb84-cacd95020f21@group-75C85B6D1182: changes role from  FOLLOWER to FOLLOWER at term 199 for recognizeCandidate:af280123-6372-4d1f-a5d4-c36229a73203
2019-10-24 15:44:13,961 [grpc-default-executor-5] INFO  impl.RoleInfo (RoleInfo.java:shutdownFollowerState(121)) - 9092f221-0e0d-4970-bb84-cacd95020f21: shutdown FollowerState
2019-10-24 15:44:13,961 [Thread-1893] INFO  impl.FollowerState (FollowerState.java:run(117)) - b4ae536c-ed18-4717-a75c-ca4b5d6c4001@group-75C85B6D1182-FollowerState was interrupted: java.lang.InterruptedException: sleep interrupted
2019-10-24 15:44:13,961 [grpc-default-executor-4] INFO  impl.RoleInfo (RoleInfo.java:updateAndGet(143)) - b4ae536c-ed18-4717-a75c-ca4b5d6c4001: start FollowerState
2019-10-24 15:44:13,961 [Thread-1892] INFO  impl.FollowerState (FollowerState.java:run(117)) - 9092f221-0e0d-4970-bb84-cacd95020f21@group-75C85B6D1182-FollowerState was interrupted: java.lang.InterruptedException: sleep interrupted
2019-10-24 15:44:13,961 [grpc-default-executor-5] INFO  impl.RoleInfo (RoleInfo.java:updateAndGet(143)) - 9092f221-0e0d-4970-bb84-cacd95020f21: start FollowerState
2019-10-24 15:44:13,988 [af280123-6372-4d1f-a5d4-c36229a73203@group-75C85B6D1182-LeaderElection205] INFO  impl.LeaderElection (LeaderElection.java:logAndReturn(56)) - af280123-6372-4d1f-a5d4-c36229a73203@group-75C85B6D1182-LeaderElection205: Election REJECTED; received 2 response(s) [af280123-6372-4d1f-a5d4-c36229a73203<-9092f221-0e0d-4970-bb84-cacd95020f21#0:FAIL-t199, af280123-6372-4d1f-a5d4-c36229a73203<-b4ae536c-ed18-4717-a75c-ca4b5d6c4001#0:FAIL-t199] and 0 exception(s); af280123-6372-4d1f-a5d4-c36229a73203@group-75C85B6D1182:t199, leader=null, voted=af280123-6372-4d1f-a5d4-c36229a73203, raftlog=af280123-6372-4d1f-a5d4-c36229a73203@group-75C85B6D1182-SegmentedRaftLog:OPENED:c-1,f-1,i0, conf=-1: [9092f221-0e0d-4970-bb84-cacd95020f21:192.168.164.213:41903, af280123-6372-4d1f-a5d4-c36229a73203:192.168.164.213:35334, b4ae536c-ed18-4717-a75c-ca4b5d6c4001:192.168.164.213:41180], old=null
2019-10-24 15:44:13,988 [af280123-6372-4d1f-a5d4-c36229a73203@group-75C85B6D1182-LeaderElection205] INFO  impl.RaftServerImpl (RaftServerImpl.java:setRole(184)) - af280123-6372-4d1f-a5d4-c36229a73203@group-75C85B6D1182: changes role from CANDIDATE to FOLLOWER at term 199 for DISCOVERED_A_NEW_TERM
2019-10-24 15:44:13,988 [af280123-6372-4d1f-a5d4-c36229a73203@group-75C85B6D1182-LeaderElection205] INFO  impl.RoleInfo (RoleInfo.java:shutdownLeaderElection(134)) - af280123-6372-4d1f-a5d4-c36229a73203: shutdown LeaderElection
2019-10-24 15:44:13,988 [af280123-6372-4d1f-a5d4-c36229a73203@group-75C85B6D1182-LeaderElection205] INFO  impl.RoleInfo (RoleInfo.java:updateAndGet(143)) - af280123-6372-4d1f-a5d4-c36229a73203: start FollowerState
2019-10-24 15:44:14,074 [Thread-1855] INFO  impl.FollowerState (FollowerState.java:run(108)) - abb8132e-b90b-4ab3-abdd-91ffef5e5962@group-D6115FD00A99-FollowerState: change to CANDIDATE, lastRpcTime:1056ms, electionTimeout:1056ms
2019-10-24 15:44:14,074 [Thread-1855] INFO  impl.RoleInfo (RoleInfo.java:shutdownFollowerState(121)) - abb8132e-b90b-4ab3-abdd-91ffef5e5962: shutdown FollowerState
2019-10-24 15:44:14,074 [Thread-1855] INFO  impl.RaftServerImpl (RaftServerImpl.java:setRole(184)) - abb8132e-b90b-4ab3-abdd-91ffef5e5962@group-D6115FD00A99: changes role from  FOLLOWER to CANDIDATE at term 17 for changeToCandidate
2019-10-24 15:44:14,075 [Thread-1855] INFO  impl.RoleInfo (RoleInfo.java:updateAndGet(143)) - abb8132e-b90b-4ab3-abdd-91ffef5e5962: start LeaderElection
2019-10-24 15:44:14,088 [abb8132e-b90b-4ab3-abdd-91ffef5e5962@group-D6115FD00A99-LeaderElection206] INFO  impl.LeaderElection (LeaderElection.java:askForVotes(178)) - abb8132e-b90b-4ab3-abdd-91ffef5e5962@group-D6115FD00A99-LeaderElection206: begin an election at term 18 for 0: [876b8685-e2e6-4b2b-9f0d-f9ddcb91e852:192.168.164.213:33356, 131ee32b-eb71-4a4b-82eb-895fd06b61f2:192.168.164.213:38159, abb8132e-b90b-4ab3-abdd-91ffef5e5962:192.168.164.213:45083], old=null
2019-10-24 15:44:14,089 [abb8132e-b90b-4ab3-abdd-91ffef5e5962@group-D6115FD00A99-LeaderElection206] INFO  impl.LeaderElection (LogUtils.java:infoOrTrace(149)) - abb8132e-b90b-4ab3-abdd-91ffef5e5962@group-D6115FD00A99-LeaderElection206 got exception when requesting votes: {}
java.util.concurrent.ExecutionException: org.apache.ratis.thirdparty.io.grpc.StatusRuntimeException: UNAVAILABLE: io exception
	at java.util.concurrent.FutureTask.report(FutureTask.java:122)
	at java.util.concurrent.FutureTask.get(FutureTask.java:192)
	at org.apache.ratis.server.impl.LeaderElection.waitForResults(LeaderElection.java:259)
	at org.apache.ratis.server.impl.LeaderElection.askForVotes(LeaderElection.java:197)
	at org.apache.ratis.server.impl.LeaderElection.run(LeaderElection.java:133)
	at java.lang.Thread.run(Thread.java:748)
Caused by: org.apache.ratis.thirdparty.io.grpc.StatusRuntimeException: UNAVAILABLE: io exception
	at org.apache.ratis.thirdparty.io.grpc.stub.ClientCalls.toStatusRuntimeException(ClientCalls.java:233)
	at org.apache.ratis.thirdparty.io.grpc.stub.ClientCalls.getUnchecked(ClientCalls.java:214)
	at org.apache.ratis.thirdparty.io.grpc.stub.ClientCalls.blockingUnaryCall(ClientCalls.java:139)
	at org.apache.ratis.proto.grpc.RaftServerProtocolServiceGrpc$RaftServerProtocolServiceBlockingStub.requestVote(RaftServerProtocolServiceGrpc.java:265)
	at org.apache.ratis.grpc.server.GrpcServerProtocolClient.requestVote(GrpcServerProtocolClient.java:99)
	at org.apache.ratis.grpc.server.GrpcService.requestVote(GrpcService.java:204)
	at org.apache.ratis.server.impl.LeaderElection.lambda$submitRequests$1(LeaderElection.java:234)
	at java.util.concurrent.FutureTask.run(FutureTask.java:266)
	at java.util.concurrent.Executors$RunnableAdapter.call(Executors.java:511)
	at java.util.concurrent.FutureTask.run(FutureTask.java:266)
	at java.util.concurrent.ThreadPoolExecutor.runWorker(ThreadPoolExecutor.java:1149)
	at java.util.concurrent.ThreadPoolExecutor$Worker.run(ThreadPoolExecutor.java:624)
	... 1 more
Caused by: org.apache.ratis.thirdparty.io.netty.channel.AbstractChannel$AnnotatedConnectException: Connection refused: /192.168.164.213:33356
	at sun.nio.ch.SocketChannelImpl.checkConnect(Native Method)
	at sun.nio.ch.SocketChannelImpl.finishConnect(SocketChannelImpl.java:717)
	at org.apache.ratis.thirdparty.io.netty.channel.socket.nio.NioSocketChannel.doFinishConnect(NioSocketChannel.java:327)
	at org.apache.ratis.thirdparty.io.netty.channel.nio.AbstractNioChannel$AbstractNioUnsafe.finishConnect(AbstractNioChannel.java:340)
	at org.apache.ratis.thirdparty.io.netty.channel.nio.NioEventLoop.processSelectedKey(NioEventLoop.java:632)
	at org.apache.ratis.thirdparty.io.netty.channel.nio.NioEventLoop.processSelectedKeysOptimized(NioEventLoop.java:579)
	at org.apache.ratis.thirdparty.io.netty.channel.nio.NioEventLoop.processSelectedKeys(NioEventLoop.java:496)
	at org.apache.ratis.thirdparty.io.netty.channel.nio.NioEventLoop.run(NioEventLoop.java:458)
	at org.apache.ratis.thirdparty.io.netty.util.concurrent.SingleThreadEventExecutor$5.run(SingleThreadEventExecutor.java:897)
	at org.apache.ratis.thirdparty.io.netty.util.concurrent.FastThreadLocalRunnable.run(FastThreadLocalRunnable.java:30)
	... 1 more
Caused by: java.net.ConnectException: Connection refused
	... 11 more
2019-10-24 15:44:14,093 [abb8132e-b90b-4ab3-abdd-91ffef5e5962@group-D6115FD00A99-LeaderElection206] INFO  impl.LeaderElection (LogUtils.java:infoOrTrace(149)) - abb8132e-b90b-4ab3-abdd-91ffef5e5962@group-D6115FD00A99-LeaderElection206 got exception when requesting votes: {}
java.util.concurrent.ExecutionException: org.apache.ratis.thirdparty.io.grpc.StatusRuntimeException: UNAVAILABLE: io exception
	at java.util.concurrent.FutureTask.report(FutureTask.java:122)
	at java.util.concurrent.FutureTask.get(FutureTask.java:192)
	at org.apache.ratis.server.impl.LeaderElection.waitForResults(LeaderElection.java:259)
	at org.apache.ratis.server.impl.LeaderElection.askForVotes(LeaderElection.java:197)
	at org.apache.ratis.server.impl.LeaderElection.run(LeaderElection.java:133)
	at java.lang.Thread.run(Thread.java:748)
Caused by: org.apache.ratis.thirdparty.io.grpc.StatusRuntimeException: UNAVAILABLE: io exception
	at org.apache.ratis.thirdparty.io.grpc.stub.ClientCalls.toStatusRuntimeException(ClientCalls.java:233)
	at org.apache.ratis.thirdparty.io.grpc.stub.ClientCalls.getUnchecked(ClientCalls.java:214)
	at org.apache.ratis.thirdparty.io.grpc.stub.ClientCalls.blockingUnaryCall(ClientCalls.java:139)
	at org.apache.ratis.proto.grpc.RaftServerProtocolServiceGrpc$RaftServerProtocolServiceBlockingStub.requestVote(RaftServerProtocolServiceGrpc.java:265)
	at org.apache.ratis.grpc.server.GrpcServerProtocolClient.requestVote(GrpcServerProtocolClient.java:99)
	at org.apache.ratis.grpc.server.GrpcService.requestVote(GrpcService.java:204)
	at org.apache.ratis.server.impl.LeaderElection.lambda$submitRequests$1(LeaderElection.java:234)
	at java.util.concurrent.FutureTask.run(FutureTask.java:266)
	at java.util.concurrent.Executors$RunnableAdapter.call(Executors.java:511)
	at java.util.concurrent.FutureTask.run(FutureTask.java:266)
	at java.util.concurrent.ThreadPoolExecutor.runWorker(ThreadPoolExecutor.java:1149)
	at java.util.concurrent.ThreadPoolExecutor$Worker.run(ThreadPoolExecutor.java:624)
	... 1 more
Caused by: org.apache.ratis.thirdparty.io.netty.channel.AbstractChannel$AnnotatedConnectException: Connection refused: /192.168.164.213:38159
	at sun.nio.ch.SocketChannelImpl.checkConnect(Native Method)
	at sun.nio.ch.SocketChannelImpl.finishConnect(SocketChannelImpl.java:717)
	at org.apache.ratis.thirdparty.io.netty.channel.socket.nio.NioSocketChannel.doFinishConnect(NioSocketChannel.java:327)
	at org.apache.ratis.thirdparty.io.netty.channel.nio.AbstractNioChannel$AbstractNioUnsafe.finishConnect(AbstractNioChannel.java:340)
	at org.apache.ratis.thirdparty.io.netty.channel.nio.NioEventLoop.processSelectedKey(NioEventLoop.java:632)
	at org.apache.ratis.thirdparty.io.netty.channel.nio.NioEventLoop.processSelectedKeysOptimized(NioEventLoop.java:579)
	at org.apache.ratis.thirdparty.io.netty.channel.nio.NioEventLoop.processSelectedKeys(NioEventLoop.java:496)
	at org.apache.ratis.thirdparty.io.netty.channel.nio.NioEventLoop.run(NioEventLoop.java:458)
	at org.apache.ratis.thirdparty.io.netty.util.concurrent.SingleThreadEventExecutor$5.run(SingleThreadEventExecutor.java:897)
	at org.apache.ratis.thirdparty.io.netty.util.concurrent.FastThreadLocalRunnable.run(FastThreadLocalRunnable.java:30)
	... 1 more
Caused by: java.net.ConnectException: Connection refused
	... 11 more
2019-10-24 15:44:14,095 [abb8132e-b90b-4ab3-abdd-91ffef5e5962@group-D6115FD00A99-LeaderElection206] INFO  impl.LeaderElection (LeaderElection.java:logAndReturn(56)) - abb8132e-b90b-4ab3-abdd-91ffef5e5962@group-D6115FD00A99-LeaderElection206: Election REJECTED; received 0 response(s) [] and 2 exception(s); abb8132e-b90b-4ab3-abdd-91ffef5e5962@group-D6115FD00A99:t18, leader=null, voted=abb8132e-b90b-4ab3-abdd-91ffef5e5962, raftlog=abb8132e-b90b-4ab3-abdd-91ffef5e5962@group-D6115FD00A99-SegmentedRaftLog:OPENED:c4,f4,i4, conf=0: [876b8685-e2e6-4b2b-9f0d-f9ddcb91e852:192.168.164.213:33356, 131ee32b-eb71-4a4b-82eb-895fd06b61f2:192.168.164.213:38159, abb8132e-b90b-4ab3-abdd-91ffef5e5962:192.168.164.213:45083], old=null
2019-10-24 15:44:14,095 [abb8132e-b90b-4ab3-abdd-91ffef5e5962@group-D6115FD00A99-LeaderElection206] INFO  impl.LeaderElection (LogUtils.java:infoOrTrace(149)) -   Exception 0: {}
java.util.concurrent.ExecutionException: org.apache.ratis.thirdparty.io.grpc.StatusRuntimeException: UNAVAILABLE: io exception
	at java.util.concurrent.FutureTask.report(FutureTask.java:122)
	at java.util.concurrent.FutureTask.get(FutureTask.java:192)
	at org.apache.ratis.server.impl.LeaderElection.waitForResults(LeaderElection.java:259)
	at org.apache.ratis.server.impl.LeaderElection.askForVotes(LeaderElection.java:197)
	at org.apache.ratis.server.impl.LeaderElection.run(LeaderElection.java:133)
	at java.lang.Thread.run(Thread.java:748)
Caused by: org.apache.ratis.thirdparty.io.grpc.StatusRuntimeException: UNAVAILABLE: io exception
	at org.apache.ratis.thirdparty.io.grpc.stub.ClientCalls.toStatusRuntimeException(ClientCalls.java:233)
	at org.apache.ratis.thirdparty.io.grpc.stub.ClientCalls.getUnchecked(ClientCalls.java:214)
	at org.apache.ratis.thirdparty.io.grpc.stub.ClientCalls.blockingUnaryCall(ClientCalls.java:139)
	at org.apache.ratis.proto.grpc.RaftServerProtocolServiceGrpc$RaftServerProtocolServiceBlockingStub.requestVote(RaftServerProtocolServiceGrpc.java:265)
	at org.apache.ratis.grpc.server.GrpcServerProtocolClient.requestVote(GrpcServerProtocolClient.java:99)
	at org.apache.ratis.grpc.server.GrpcService.requestVote(GrpcService.java:204)
	at org.apache.ratis.server.impl.LeaderElection.lambda$submitRequests$1(LeaderElection.java:234)
	at java.util.concurrent.FutureTask.run(FutureTask.java:266)
	at java.util.concurrent.Executors$RunnableAdapter.call(Executors.java:511)
	at java.util.concurrent.FutureTask.run(FutureTask.java:266)
	at java.util.concurrent.ThreadPoolExecutor.runWorker(ThreadPoolExecutor.java:1149)
	at java.util.concurrent.ThreadPoolExecutor$Worker.run(ThreadPoolExecutor.java:624)
	... 1 more
Caused by: org.apache.ratis.thirdparty.io.netty.channel.AbstractChannel$AnnotatedConnectException: Connection refused: /192.168.164.213:33356
	at sun.nio.ch.SocketChannelImpl.checkConnect(Native Method)
	at sun.nio.ch.SocketChannelImpl.finishConnect(SocketChannelImpl.java:717)
	at org.apache.ratis.thirdparty.io.netty.channel.socket.nio.NioSocketChannel.doFinishConnect(NioSocketChannel.java:327)
	at org.apache.ratis.thirdparty.io.netty.channel.nio.AbstractNioChannel$AbstractNioUnsafe.finishConnect(AbstractNioChannel.java:340)
	at org.apache.ratis.thirdparty.io.netty.channel.nio.NioEventLoop.processSelectedKey(NioEventLoop.java:632)
	at org.apache.ratis.thirdparty.io.netty.channel.nio.NioEventLoop.processSelectedKeysOptimized(NioEventLoop.java:579)
	at org.apache.ratis.thirdparty.io.netty.channel.nio.NioEventLoop.processSelectedKeys(NioEventLoop.java:496)
	at org.apache.ratis.thirdparty.io.netty.channel.nio.NioEventLoop.run(NioEventLoop.java:458)
	at org.apache.ratis.thirdparty.io.netty.util.concurrent.SingleThreadEventExecutor$5.run(SingleThreadEventExecutor.java:897)
	at org.apache.ratis.thirdparty.io.netty.util.concurrent.FastThreadLocalRunnable.run(FastThreadLocalRunnable.java:30)
	... 1 more
Caused by: java.net.ConnectException: Connection refused
	... 11 more
2019-10-24 15:44:14,096 [abb8132e-b90b-4ab3-abdd-91ffef5e5962@group-D6115FD00A99-LeaderElection206] INFO  impl.LeaderElection (LogUtils.java:infoOrTrace(149)) -   Exception 1: {}
java.util.concurrent.ExecutionException: org.apache.ratis.thirdparty.io.grpc.StatusRuntimeException: UNAVAILABLE: io exception
	at java.util.concurrent.FutureTask.report(FutureTask.java:122)
	at java.util.concurrent.FutureTask.get(FutureTask.java:192)
	at org.apache.ratis.server.impl.LeaderElection.waitForResults(LeaderElection.java:259)
	at org.apache.ratis.server.impl.LeaderElection.askForVotes(LeaderElection.java:197)
	at org.apache.ratis.server.impl.LeaderElection.run(LeaderElection.java:133)
	at java.lang.Thread.run(Thread.java:748)
Caused by: org.apache.ratis.thirdparty.io.grpc.StatusRuntimeException: UNAVAILABLE: io exception
	at org.apache.ratis.thirdparty.io.grpc.stub.ClientCalls.toStatusRuntimeException(ClientCalls.java:233)
	at org.apache.ratis.thirdparty.io.grpc.stub.ClientCalls.getUnchecked(ClientCalls.java:214)
	at org.apache.ratis.thirdparty.io.grpc.stub.ClientCalls.blockingUnaryCall(ClientCalls.java:139)
	at org.apache.ratis.proto.grpc.RaftServerProtocolServiceGrpc$RaftServerProtocolServiceBlockingStub.requestVote(RaftServerProtocolServiceGrpc.java:265)
	at org.apache.ratis.grpc.server.GrpcServerProtocolClient.requestVote(GrpcServerProtocolClient.java:99)
	at org.apache.ratis.grpc.server.GrpcService.requestVote(GrpcService.java:204)
	at org.apache.ratis.server.impl.LeaderElection.lambda$submitRequests$1(LeaderElection.java:234)
	at java.util.concurrent.FutureTask.run(FutureTask.java:266)
	at java.util.concurrent.Executors$RunnableAdapter.call(Executors.java:511)
	at java.util.concurrent.FutureTask.run(FutureTask.java:266)
	at java.util.concurrent.ThreadPoolExecutor.runWorker(ThreadPoolExecutor.java:1149)
	at java.util.concurrent.ThreadPoolExecutor$Worker.run(ThreadPoolExecutor.java:624)
	... 1 more
Caused by: org.apache.ratis.thirdparty.io.netty.channel.AbstractChannel$AnnotatedConnectException: Connection refused: /192.168.164.213:38159
	at sun.nio.ch.SocketChannelImpl.checkConnect(Native Method)
	at sun.nio.ch.SocketChannelImpl.finishConnect(SocketChannelImpl.java:717)
	at org.apache.ratis.thirdparty.io.netty.channel.socket.nio.NioSocketChannel.doFinishConnect(NioSocketChannel.java:327)
	at org.apache.ratis.thirdparty.io.netty.channel.nio.AbstractNioChannel$AbstractNioUnsafe.finishConnect(AbstractNioChannel.java:340)
	at org.apache.ratis.thirdparty.io.netty.channel.nio.NioEventLoop.processSelectedKey(NioEventLoop.java:632)
	at org.apache.ratis.thirdparty.io.netty.channel.nio.NioEventLoop.processSelectedKeysOptimized(NioEventLoop.java:579)
	at org.apache.ratis.thirdparty.io.netty.channel.nio.NioEventLoop.processSelectedKeys(NioEventLoop.java:496)
	at org.apache.ratis.thirdparty.io.netty.channel.nio.NioEventLoop.run(NioEventLoop.java:458)
	at org.apache.ratis.thirdparty.io.netty.util.concurrent.SingleThreadEventExecutor$5.run(SingleThreadEventExecutor.java:897)
	at org.apache.ratis.thirdparty.io.netty.util.concurrent.FastThreadLocalRunnable.run(FastThreadLocalRunnable.java:30)
	... 1 more
Caused by: java.net.ConnectException: Connection refused
	... 11 more
2019-10-24 15:44:14,098 [abb8132e-b90b-4ab3-abdd-91ffef5e5962@group-D6115FD00A99-LeaderElection206] INFO  impl.RaftServerImpl (RaftServerImpl.java:setRole(184)) - abb8132e-b90b-4ab3-abdd-91ffef5e5962@group-D6115FD00A99: changes role from CANDIDATE to FOLLOWER at term 18 for DISCOVERED_A_NEW_TERM
2019-10-24 15:44:14,098 [abb8132e-b90b-4ab3-abdd-91ffef5e5962@group-D6115FD00A99-LeaderElection206] INFO  impl.RoleInfo (RoleInfo.java:shutdownLeaderElection(134)) - abb8132e-b90b-4ab3-abdd-91ffef5e5962: shutdown LeaderElection
2019-10-24 15:44:14,098 [abb8132e-b90b-4ab3-abdd-91ffef5e5962@group-D6115FD00A99-LeaderElection206] INFO  impl.RoleInfo (RoleInfo.java:updateAndGet(143)) - abb8132e-b90b-4ab3-abdd-91ffef5e5962: start FollowerState
2019-10-24 15:44:14,178 [Thread-1901] INFO  impl.FollowerState (FollowerState.java:run(108)) - af280123-6372-4d1f-a5d4-c36229a73203@group-75C85B6D1182-FollowerState: change to CANDIDATE, lastRpcTime:189ms, electionTimeout:189ms
2019-10-24 15:44:14,178 [Thread-1901] INFO  impl.RoleInfo (RoleInfo.java:shutdownFollowerState(121)) - af280123-6372-4d1f-a5d4-c36229a73203: shutdown FollowerState
2019-10-24 15:44:14,178 [Thread-1901] INFO  impl.RaftServerImpl (RaftServerImpl.java:setRole(184)) - af280123-6372-4d1f-a5d4-c36229a73203@group-75C85B6D1182: changes role from  FOLLOWER to CANDIDATE at term 199 for changeToCandidate
2019-10-24 15:44:14,179 [Thread-1901] INFO  impl.RoleInfo (RoleInfo.java:updateAndGet(143)) - af280123-6372-4d1f-a5d4-c36229a73203: start LeaderElection
2019-10-24 15:44:14,204 [af280123-6372-4d1f-a5d4-c36229a73203@group-75C85B6D1182-LeaderElection207] INFO  impl.LeaderElection (LeaderElection.java:askForVotes(178)) - af280123-6372-4d1f-a5d4-c36229a73203@group-75C85B6D1182-LeaderElection207: begin an election at term 200 for -1: [9092f221-0e0d-4970-bb84-cacd95020f21:192.168.164.213:41903, af280123-6372-4d1f-a5d4-c36229a73203:192.168.164.213:35334, b4ae536c-ed18-4717-a75c-ca4b5d6c4001:192.168.164.213:41180], old=null
2019-10-24 15:44:14,206 [grpc-default-executor-4] INFO  impl.RaftServerImpl (RaftServerImpl.java:setRole(184)) - 9092f221-0e0d-4970-bb84-cacd95020f21@group-75C85B6D1182: changes role from  FOLLOWER to FOLLOWER at term 200 for recognizeCandidate:af280123-6372-4d1f-a5d4-c36229a73203
2019-10-24 15:44:14,207 [grpc-default-executor-4] INFO  impl.RoleInfo (RoleInfo.java:shutdownFollowerState(121)) - 9092f221-0e0d-4970-bb84-cacd95020f21: shutdown FollowerState
2019-10-24 15:44:14,207 [grpc-default-executor-5] INFO  impl.RaftServerImpl (RaftServerImpl.java:setRole(184)) - b4ae536c-ed18-4717-a75c-ca4b5d6c4001@group-75C85B6D1182: changes role from  FOLLOWER to FOLLOWER at term 200 for recognizeCandidate:af280123-6372-4d1f-a5d4-c36229a73203
2019-10-24 15:44:14,207 [Thread-1900] INFO  impl.FollowerState (FollowerState.java:run(117)) - 9092f221-0e0d-4970-bb84-cacd95020f21@group-75C85B6D1182-FollowerState was interrupted: java.lang.InterruptedException: sleep interrupted
2019-10-24 15:44:14,207 [grpc-default-executor-5] INFO  impl.RoleInfo (RoleInfo.java:shutdownFollowerState(121)) - b4ae536c-ed18-4717-a75c-ca4b5d6c4001: shutdown FollowerState
2019-10-24 15:44:14,207 [grpc-default-executor-4] INFO  impl.RoleInfo (RoleInfo.java:updateAndGet(143)) - 9092f221-0e0d-4970-bb84-cacd95020f21: start FollowerState
2019-10-24 15:44:14,207 [grpc-default-executor-5] INFO  impl.RoleInfo (RoleInfo.java:updateAndGet(143)) - b4ae536c-ed18-4717-a75c-ca4b5d6c4001: start FollowerState
2019-10-24 15:44:14,207 [Thread-1899] INFO  impl.FollowerState (FollowerState.java:run(117)) - b4ae536c-ed18-4717-a75c-ca4b5d6c4001@group-75C85B6D1182-FollowerState was interrupted: java.lang.InterruptedException: sleep interrupted
2019-10-24 15:44:14,220 [af280123-6372-4d1f-a5d4-c36229a73203@group-75C85B6D1182-LeaderElection207] INFO  impl.LeaderElection (LeaderElection.java:logAndReturn(56)) - af280123-6372-4d1f-a5d4-c36229a73203@group-75C85B6D1182-LeaderElection207: Election REJECTED; received 2 response(s) [af280123-6372-4d1f-a5d4-c36229a73203<-9092f221-0e0d-4970-bb84-cacd95020f21#0:FAIL-t200, af280123-6372-4d1f-a5d4-c36229a73203<-b4ae536c-ed18-4717-a75c-ca4b5d6c4001#0:FAIL-t200] and 0 exception(s); af280123-6372-4d1f-a5d4-c36229a73203@group-75C85B6D1182:t200, leader=null, voted=af280123-6372-4d1f-a5d4-c36229a73203, raftlog=af280123-6372-4d1f-a5d4-c36229a73203@group-75C85B6D1182-SegmentedRaftLog:OPENED:c-1,f-1,i0, conf=-1: [9092f221-0e0d-4970-bb84-cacd95020f21:192.168.164.213:41903, af280123-6372-4d1f-a5d4-c36229a73203:192.168.164.213:35334, b4ae536c-ed18-4717-a75c-ca4b5d6c4001:192.168.164.213:41180], old=null
2019-10-24 15:44:14,220 [af280123-6372-4d1f-a5d4-c36229a73203@group-75C85B6D1182-LeaderElection207] INFO  impl.RaftServerImpl (RaftServerImpl.java:setRole(184)) - af280123-6372-4d1f-a5d4-c36229a73203@group-75C85B6D1182: changes role from CANDIDATE to FOLLOWER at term 200 for DISCOVERED_A_NEW_TERM
2019-10-24 15:44:14,221 [af280123-6372-4d1f-a5d4-c36229a73203@group-75C85B6D1182-LeaderElection207] INFO  impl.RoleInfo (RoleInfo.java:shutdownLeaderElection(134)) - af280123-6372-4d1f-a5d4-c36229a73203: shutdown LeaderElection
2019-10-24 15:44:14,221 [af280123-6372-4d1f-a5d4-c36229a73203@group-75C85B6D1182-LeaderElection207] INFO  impl.RoleInfo (RoleInfo.java:updateAndGet(143)) - af280123-6372-4d1f-a5d4-c36229a73203: start FollowerState
2019-10-24 15:44:14,333 [java.util.concurrent.ThreadPoolExecutor$Worker@15849834[State = -1, empty queue]] WARN  server.GrpcLogAppender (GrpcLogAppender.java:timeoutAppendRequest(209)) - 2f81ded6-48e6-408d-9409-3cd44f70bee8@group-56059261E3EC->3a65ecdf-e32f-4548-a2e5-44ab823c11b3-GrpcLogAppender: appendEntries Timeout, request=2f81ded6-48e6-408d-9409-3cd44f70bee8->3a65ecdf-e32f-4548-a2e5-44ab823c11b3#58-t6, previous=(t:6, i:16), leaderCommit=16, initializing? false, entries: <empty>
2019-10-24 15:44:14,400 [Thread-1911] INFO  impl.FollowerState (FollowerState.java:run(108)) - af280123-6372-4d1f-a5d4-c36229a73203@group-75C85B6D1182-FollowerState: change to CANDIDATE, lastRpcTime:179ms, electionTimeout:179ms
2019-10-24 15:44:14,400 [Thread-1911] INFO  impl.RoleInfo (RoleInfo.java:shutdownFollowerState(121)) - af280123-6372-4d1f-a5d4-c36229a73203: shutdown FollowerState
2019-10-24 15:44:14,400 [Thread-1911] INFO  impl.RaftServerImpl (RaftServerImpl.java:setRole(184)) - af280123-6372-4d1f-a5d4-c36229a73203@group-75C85B6D1182: changes role from  FOLLOWER to CANDIDATE at term 200 for changeToCandidate
2019-10-24 15:44:14,400 [Thread-1911] INFO  impl.RoleInfo (RoleInfo.java:updateAndGet(143)) - af280123-6372-4d1f-a5d4-c36229a73203: start LeaderElection
2019-10-24 15:44:14,416 [af280123-6372-4d1f-a5d4-c36229a73203@group-75C85B6D1182-LeaderElection208] INFO  impl.LeaderElection (LeaderElection.java:askForVotes(178)) - af280123-6372-4d1f-a5d4-c36229a73203@group-75C85B6D1182-LeaderElection208: begin an election at term 201 for -1: [9092f221-0e0d-4970-bb84-cacd95020f21:192.168.164.213:41903, af280123-6372-4d1f-a5d4-c36229a73203:192.168.164.213:35334, b4ae536c-ed18-4717-a75c-ca4b5d6c4001:192.168.164.213:41180], old=null
2019-10-24 15:44:14,417 [grpc-default-executor-5] INFO  impl.RaftServerImpl (RaftServerImpl.java:setRole(184)) - b4ae536c-ed18-4717-a75c-ca4b5d6c4001@group-75C85B6D1182: changes role from  FOLLOWER to FOLLOWER at term 201 for recognizeCandidate:af280123-6372-4d1f-a5d4-c36229a73203
2019-10-24 15:44:14,417 [grpc-default-executor-4] INFO  impl.RaftServerImpl (RaftServerImpl.java:setRole(184)) - 9092f221-0e0d-4970-bb84-cacd95020f21@group-75C85B6D1182: changes role from  FOLLOWER to FOLLOWER at term 201 for recognizeCandidate:af280123-6372-4d1f-a5d4-c36229a73203
2019-10-24 15:44:14,417 [grpc-default-executor-5] INFO  impl.RoleInfo (RoleInfo.java:shutdownFollowerState(121)) - b4ae536c-ed18-4717-a75c-ca4b5d6c4001: shutdown FollowerState
2019-10-24 15:44:14,417 [grpc-default-executor-4] INFO  impl.RoleInfo (RoleInfo.java:shutdownFollowerState(121)) - 9092f221-0e0d-4970-bb84-cacd95020f21: shutdown FollowerState
2019-10-24 15:44:14,418 [Thread-1910] INFO  impl.FollowerState (FollowerState.java:run(117)) - b4ae536c-ed18-4717-a75c-ca4b5d6c4001@group-75C85B6D1182-FollowerState was interrupted: java.lang.InterruptedException: sleep interrupted
2019-10-24 15:44:14,418 [grpc-default-executor-5] INFO  impl.RoleInfo (RoleInfo.java:updateAndGet(143)) - b4ae536c-ed18-4717-a75c-ca4b5d6c4001: start FollowerState
2019-10-24 15:44:14,418 [Thread-1909] INFO  impl.FollowerState (FollowerState.java:run(117)) - 9092f221-0e0d-4970-bb84-cacd95020f21@group-75C85B6D1182-FollowerState was interrupted: java.lang.InterruptedException: sleep interrupted
2019-10-24 15:44:14,418 [grpc-default-executor-4] INFO  impl.RoleInfo (RoleInfo.java:updateAndGet(143)) - 9092f221-0e0d-4970-bb84-cacd95020f21: start FollowerState
2019-10-24 15:44:14,431 [af280123-6372-4d1f-a5d4-c36229a73203@group-75C85B6D1182-LeaderElection208] INFO  impl.LeaderElection (LeaderElection.java:logAndReturn(56)) - af280123-6372-4d1f-a5d4-c36229a73203@group-75C85B6D1182-LeaderElection208: Election REJECTED; received 2 response(s) [af280123-6372-4d1f-a5d4-c36229a73203<-9092f221-0e0d-4970-bb84-cacd95020f21#0:FAIL-t201, af280123-6372-4d1f-a5d4-c36229a73203<-b4ae536c-ed18-4717-a75c-ca4b5d6c4001#0:FAIL-t201] and 0 exception(s); af280123-6372-4d1f-a5d4-c36229a73203@group-75C85B6D1182:t201, leader=null, voted=af280123-6372-4d1f-a5d4-c36229a73203, raftlog=af280123-6372-4d1f-a5d4-c36229a73203@group-75C85B6D1182-SegmentedRaftLog:OPENED:c-1,f-1,i0, conf=-1: [9092f221-0e0d-4970-bb84-cacd95020f21:192.168.164.213:41903, af280123-6372-4d1f-a5d4-c36229a73203:192.168.164.213:35334, b4ae536c-ed18-4717-a75c-ca4b5d6c4001:192.168.164.213:41180], old=null
2019-10-24 15:44:14,431 [af280123-6372-4d1f-a5d4-c36229a73203@group-75C85B6D1182-LeaderElection208] INFO  impl.RaftServerImpl (RaftServerImpl.java:setRole(184)) - af280123-6372-4d1f-a5d4-c36229a73203@group-75C85B6D1182: changes role from CANDIDATE to FOLLOWER at term 201 for DISCOVERED_A_NEW_TERM
2019-10-24 15:44:14,431 [af280123-6372-4d1f-a5d4-c36229a73203@group-75C85B6D1182-LeaderElection208] INFO  impl.RoleInfo (RoleInfo.java:shutdownLeaderElection(134)) - af280123-6372-4d1f-a5d4-c36229a73203: shutdown LeaderElection
2019-10-24 15:44:14,431 [af280123-6372-4d1f-a5d4-c36229a73203@group-75C85B6D1182-LeaderElection208] INFO  impl.RoleInfo (RoleInfo.java:updateAndGet(143)) - af280123-6372-4d1f-a5d4-c36229a73203: start FollowerState
2019-10-24 15:44:14,537 [Thread-1918] INFO  impl.FollowerState (FollowerState.java:run(108)) - af280123-6372-4d1f-a5d4-c36229a73203@group-75C85B6D1182-FollowerState: change to CANDIDATE, lastRpcTime:106ms, electionTimeout:106ms
2019-10-24 15:44:14,538 [Thread-1918] INFO  impl.RoleInfo (RoleInfo.java:shutdownFollowerState(121)) - af280123-6372-4d1f-a5d4-c36229a73203: shutdown FollowerState
2019-10-24 15:44:14,538 [Thread-1918] INFO  impl.RaftServerImpl (RaftServerImpl.java:setRole(184)) - af280123-6372-4d1f-a5d4-c36229a73203@group-75C85B6D1182: changes role from  FOLLOWER to CANDIDATE at term 201 for changeToCandidate
2019-10-24 15:44:14,538 [Thread-1918] INFO  impl.RoleInfo (RoleInfo.java:updateAndGet(143)) - af280123-6372-4d1f-a5d4-c36229a73203: start LeaderElection
2019-10-24 15:44:14,552 [af280123-6372-4d1f-a5d4-c36229a73203@group-75C85B6D1182-LeaderElection209] INFO  impl.LeaderElection (LeaderElection.java:askForVotes(178)) - af280123-6372-4d1f-a5d4-c36229a73203@group-75C85B6D1182-LeaderElection209: begin an election at term 202 for -1: [9092f221-0e0d-4970-bb84-cacd95020f21:192.168.164.213:41903, af280123-6372-4d1f-a5d4-c36229a73203:192.168.164.213:35334, b4ae536c-ed18-4717-a75c-ca4b5d6c4001:192.168.164.213:41180], old=null
2019-10-24 15:44:14,554 [grpc-default-executor-4] INFO  impl.RaftServerImpl (RaftServerImpl.java:setRole(184)) - b4ae536c-ed18-4717-a75c-ca4b5d6c4001@group-75C85B6D1182: changes role from  FOLLOWER to FOLLOWER at term 202 for recognizeCandidate:af280123-6372-4d1f-a5d4-c36229a73203
2019-10-24 15:44:14,554 [grpc-default-executor-5] INFO  impl.RaftServerImpl (RaftServerImpl.java:setRole(184)) - 9092f221-0e0d-4970-bb84-cacd95020f21@group-75C85B6D1182: changes role from  FOLLOWER to FOLLOWER at term 202 for recognizeCandidate:af280123-6372-4d1f-a5d4-c36229a73203
2019-10-24 15:44:14,554 [grpc-default-executor-4] INFO  impl.RoleInfo (RoleInfo.java:shutdownFollowerState(121)) - b4ae536c-ed18-4717-a75c-ca4b5d6c4001: shutdown FollowerState
2019-10-24 15:44:14,554 [grpc-default-executor-5] INFO  impl.RoleInfo (RoleInfo.java:shutdownFollowerState(121)) - 9092f221-0e0d-4970-bb84-cacd95020f21: shutdown FollowerState
2019-10-24 15:44:14,554 [Thread-1916] INFO  impl.FollowerState (FollowerState.java:run(117)) - b4ae536c-ed18-4717-a75c-ca4b5d6c4001@group-75C85B6D1182-FollowerState was interrupted: java.lang.InterruptedException: sleep interrupted
2019-10-24 15:44:14,554 [grpc-default-executor-4] INFO  impl.RoleInfo (RoleInfo.java:updateAndGet(143)) - b4ae536c-ed18-4717-a75c-ca4b5d6c4001: start FollowerState
2019-10-24 15:44:14,554 [Thread-1917] INFO  impl.FollowerState (FollowerState.java:run(117)) - 9092f221-0e0d-4970-bb84-cacd95020f21@group-75C85B6D1182-FollowerState was interrupted: java.lang.InterruptedException: sleep interrupted
2019-10-24 15:44:14,554 [grpc-default-executor-5] INFO  impl.RoleInfo (RoleInfo.java:updateAndGet(143)) - 9092f221-0e0d-4970-bb84-cacd95020f21: start FollowerState
2019-10-24 15:44:14,580 [af280123-6372-4d1f-a5d4-c36229a73203@group-75C85B6D1182-LeaderElection209] INFO  impl.LeaderElection (LeaderElection.java:logAndReturn(56)) - af280123-6372-4d1f-a5d4-c36229a73203@group-75C85B6D1182-LeaderElection209: Election REJECTED; received 2 response(s) [af280123-6372-4d1f-a5d4-c36229a73203<-9092f221-0e0d-4970-bb84-cacd95020f21#0:FAIL-t202, af280123-6372-4d1f-a5d4-c36229a73203<-b4ae536c-ed18-4717-a75c-ca4b5d6c4001#0:FAIL-t202] and 0 exception(s); af280123-6372-4d1f-a5d4-c36229a73203@group-75C85B6D1182:t202, leader=null, voted=af280123-6372-4d1f-a5d4-c36229a73203, raftlog=af280123-6372-4d1f-a5d4-c36229a73203@group-75C85B6D1182-SegmentedRaftLog:OPENED:c-1,f-1,i0, conf=-1: [9092f221-0e0d-4970-bb84-cacd95020f21:192.168.164.213:41903, af280123-6372-4d1f-a5d4-c36229a73203:192.168.164.213:35334, b4ae536c-ed18-4717-a75c-ca4b5d6c4001:192.168.164.213:41180], old=null
2019-10-24 15:44:14,580 [af280123-6372-4d1f-a5d4-c36229a73203@group-75C85B6D1182-LeaderElection209] INFO  impl.RaftServerImpl (RaftServerImpl.java:setRole(184)) - af280123-6372-4d1f-a5d4-c36229a73203@group-75C85B6D1182: changes role from CANDIDATE to FOLLOWER at term 202 for DISCOVERED_A_NEW_TERM
2019-10-24 15:44:14,580 [af280123-6372-4d1f-a5d4-c36229a73203@group-75C85B6D1182-LeaderElection209] INFO  impl.RoleInfo (RoleInfo.java:shutdownLeaderElection(134)) - af280123-6372-4d1f-a5d4-c36229a73203: shutdown LeaderElection
2019-10-24 15:44:14,580 [af280123-6372-4d1f-a5d4-c36229a73203@group-75C85B6D1182-LeaderElection209] INFO  impl.RoleInfo (RoleInfo.java:updateAndGet(143)) - af280123-6372-4d1f-a5d4-c36229a73203: start FollowerState
2019-10-24 15:44:14,608 [Thread-1924] INFO  impl.FollowerState (FollowerState.java:run(108)) - af280123-6372-4d1f-a5d4-c36229a73203@group-75C85B6D1182-FollowerState: change to CANDIDATE, lastRpcTime:28ms, electionTimeout:28ms
2019-10-24 15:44:14,609 [Thread-1924] INFO  impl.RoleInfo (RoleInfo.java:shutdownFollowerState(121)) - af280123-6372-4d1f-a5d4-c36229a73203: shutdown FollowerState
2019-10-24 15:44:14,609 [Thread-1924] INFO  impl.RaftServerImpl (RaftServerImpl.java:setRole(184)) - af280123-6372-4d1f-a5d4-c36229a73203@group-75C85B6D1182: changes role from  FOLLOWER to CANDIDATE at term 202 for changeToCandidate
2019-10-24 15:44:14,609 [Thread-1924] INFO  impl.RoleInfo (RoleInfo.java:updateAndGet(143)) - af280123-6372-4d1f-a5d4-c36229a73203: start LeaderElection
2019-10-24 15:44:14,622 [af280123-6372-4d1f-a5d4-c36229a73203@group-75C85B6D1182-LeaderElection210] INFO  impl.LeaderElection (LeaderElection.java:askForVotes(178)) - af280123-6372-4d1f-a5d4-c36229a73203@group-75C85B6D1182-LeaderElection210: begin an election at term 203 for -1: [9092f221-0e0d-4970-bb84-cacd95020f21:192.168.164.213:41903, af280123-6372-4d1f-a5d4-c36229a73203:192.168.164.213:35334, b4ae536c-ed18-4717-a75c-ca4b5d6c4001:192.168.164.213:41180], old=null
2019-10-24 15:44:14,623 [grpc-default-executor-5] INFO  impl.RaftServerImpl (RaftServerImpl.java:setRole(184)) - b4ae536c-ed18-4717-a75c-ca4b5d6c4001@group-75C85B6D1182: changes role from  FOLLOWER to FOLLOWER at term 203 for recognizeCandidate:af280123-6372-4d1f-a5d4-c36229a73203
2019-10-24 15:44:14,623 [grpc-default-executor-5] INFO  impl.RoleInfo (RoleInfo.java:shutdownFollowerState(121)) - b4ae536c-ed18-4717-a75c-ca4b5d6c4001: shutdown FollowerState
2019-10-24 15:44:14,623 [grpc-default-executor-4] INFO  impl.RaftServerImpl (RaftServerImpl.java:setRole(184)) - 9092f221-0e0d-4970-bb84-cacd95020f21@group-75C85B6D1182: changes role from  FOLLOWER to FOLLOWER at term 203 for recognizeCandidate:af280123-6372-4d1f-a5d4-c36229a73203
2019-10-24 15:44:14,624 [grpc-default-executor-4] INFO  impl.RoleInfo (RoleInfo.java:shutdownFollowerState(121)) - 9092f221-0e0d-4970-bb84-cacd95020f21: shutdown FollowerState
2019-10-24 15:44:14,624 [Thread-1922] INFO  impl.FollowerState (FollowerState.java:run(117)) - b4ae536c-ed18-4717-a75c-ca4b5d6c4001@group-75C85B6D1182-FollowerState was interrupted: java.lang.InterruptedException: sleep interrupted
2019-10-24 15:44:14,623 [grpc-default-executor-5] INFO  impl.RoleInfo (RoleInfo.java:updateAndGet(143)) - b4ae536c-ed18-4717-a75c-ca4b5d6c4001: start FollowerState
2019-10-24 15:44:14,624 [Thread-1923] INFO  impl.FollowerState (FollowerState.java:run(117)) - 9092f221-0e0d-4970-bb84-cacd95020f21@group-75C85B6D1182-FollowerState was interrupted: java.lang.InterruptedException: sleep interrupted
2019-10-24 15:44:14,624 [grpc-default-executor-4] INFO  impl.RoleInfo (RoleInfo.java:updateAndGet(143)) - 9092f221-0e0d-4970-bb84-cacd95020f21: start FollowerState
2019-10-24 15:44:14,649 [af280123-6372-4d1f-a5d4-c36229a73203@group-75C85B6D1182-LeaderElection210] INFO  impl.LeaderElection (LeaderElection.java:logAndReturn(56)) - af280123-6372-4d1f-a5d4-c36229a73203@group-75C85B6D1182-LeaderElection210: Election REJECTED; received 2 response(s) [af280123-6372-4d1f-a5d4-c36229a73203<-9092f221-0e0d-4970-bb84-cacd95020f21#0:FAIL-t203, af280123-6372-4d1f-a5d4-c36229a73203<-b4ae536c-ed18-4717-a75c-ca4b5d6c4001#0:FAIL-t203] and 0 exception(s); af280123-6372-4d1f-a5d4-c36229a73203@group-75C85B6D1182:t203, leader=null, voted=af280123-6372-4d1f-a5d4-c36229a73203, raftlog=af280123-6372-4d1f-a5d4-c36229a73203@group-75C85B6D1182-SegmentedRaftLog:OPENED:c-1,f-1,i0, conf=-1: [9092f221-0e0d-4970-bb84-cacd95020f21:192.168.164.213:41903, af280123-6372-4d1f-a5d4-c36229a73203:192.168.164.213:35334, b4ae536c-ed18-4717-a75c-ca4b5d6c4001:192.168.164.213:41180], old=null
2019-10-24 15:44:14,649 [af280123-6372-4d1f-a5d4-c36229a73203@group-75C85B6D1182-LeaderElection210] INFO  impl.RaftServerImpl (RaftServerImpl.java:setRole(184)) - af280123-6372-4d1f-a5d4-c36229a73203@group-75C85B6D1182: changes role from CANDIDATE to FOLLOWER at term 203 for DISCOVERED_A_NEW_TERM
2019-10-24 15:44:14,649 [af280123-6372-4d1f-a5d4-c36229a73203@group-75C85B6D1182-LeaderElection210] INFO  impl.RoleInfo (RoleInfo.java:shutdownLeaderElection(134)) - af280123-6372-4d1f-a5d4-c36229a73203: shutdown LeaderElection
2019-10-24 15:44:14,649 [af280123-6372-4d1f-a5d4-c36229a73203@group-75C85B6D1182-LeaderElection210] INFO  impl.RoleInfo (RoleInfo.java:updateAndGet(143)) - af280123-6372-4d1f-a5d4-c36229a73203: start FollowerState
2019-10-24 15:44:14,706 [Thread-1930] INFO  impl.FollowerState (FollowerState.java:run(108)) - af280123-6372-4d1f-a5d4-c36229a73203@group-75C85B6D1182-FollowerState: change to CANDIDATE, lastRpcTime:56ms, electionTimeout:56ms
2019-10-24 15:44:14,706 [Thread-1930] INFO  impl.RoleInfo (RoleInfo.java:shutdownFollowerState(121)) - af280123-6372-4d1f-a5d4-c36229a73203: shutdown FollowerState
2019-10-24 15:44:14,706 [Thread-1930] INFO  impl.RaftServerImpl (RaftServerImpl.java:setRole(184)) - af280123-6372-4d1f-a5d4-c36229a73203@group-75C85B6D1182: changes role from  FOLLOWER to CANDIDATE at term 203 for changeToCandidate
2019-10-24 15:44:14,706 [Thread-1930] INFO  impl.RoleInfo (RoleInfo.java:updateAndGet(143)) - af280123-6372-4d1f-a5d4-c36229a73203: start LeaderElection
2019-10-24 15:44:14,720 [af280123-6372-4d1f-a5d4-c36229a73203@group-75C85B6D1182-LeaderElection211] INFO  impl.LeaderElection (LeaderElection.java:askForVotes(178)) - af280123-6372-4d1f-a5d4-c36229a73203@group-75C85B6D1182-LeaderElection211: begin an election at term 204 for -1: [9092f221-0e0d-4970-bb84-cacd95020f21:192.168.164.213:41903, af280123-6372-4d1f-a5d4-c36229a73203:192.168.164.213:35334, b4ae536c-ed18-4717-a75c-ca4b5d6c4001:192.168.164.213:41180], old=null
2019-10-24 15:44:14,721 [grpc-default-executor-4] INFO  impl.RaftServerImpl (RaftServerImpl.java:setRole(184)) - 9092f221-0e0d-4970-bb84-cacd95020f21@group-75C85B6D1182: changes role from  FOLLOWER to FOLLOWER at term 204 for recognizeCandidate:af280123-6372-4d1f-a5d4-c36229a73203
2019-10-24 15:44:14,721 [grpc-default-executor-5] INFO  impl.RaftServerImpl (RaftServerImpl.java:setRole(184)) - b4ae536c-ed18-4717-a75c-ca4b5d6c4001@group-75C85B6D1182: changes role from  FOLLOWER to FOLLOWER at term 204 for recognizeCandidate:af280123-6372-4d1f-a5d4-c36229a73203
2019-10-24 15:44:14,721 [grpc-default-executor-4] INFO  impl.RoleInfo (RoleInfo.java:shutdownFollowerState(121)) - 9092f221-0e0d-4970-bb84-cacd95020f21: shutdown FollowerState
2019-10-24 15:44:14,721 [grpc-default-executor-5] INFO  impl.RoleInfo (RoleInfo.java:shutdownFollowerState(121)) - b4ae536c-ed18-4717-a75c-ca4b5d6c4001: shutdown FollowerState
2019-10-24 15:44:14,721 [Thread-1929] INFO  impl.FollowerState (FollowerState.java:run(117)) - 9092f221-0e0d-4970-bb84-cacd95020f21@group-75C85B6D1182-FollowerState was interrupted: java.lang.InterruptedException: sleep interrupted
2019-10-24 15:44:14,721 [grpc-default-executor-4] INFO  impl.RoleInfo (RoleInfo.java:updateAndGet(143)) - 9092f221-0e0d-4970-bb84-cacd95020f21: start FollowerState
2019-10-24 15:44:14,722 [Thread-1928] INFO  impl.FollowerState (FollowerState.java:run(117)) - b4ae536c-ed18-4717-a75c-ca4b5d6c4001@group-75C85B6D1182-FollowerState was interrupted: java.lang.InterruptedException: sleep interrupted
2019-10-24 15:44:14,722 [grpc-default-executor-5] INFO  impl.RoleInfo (RoleInfo.java:updateAndGet(143)) - b4ae536c-ed18-4717-a75c-ca4b5d6c4001: start FollowerState
2019-10-24 15:44:14,737 [af280123-6372-4d1f-a5d4-c36229a73203@group-75C85B6D1182-LeaderElection211] INFO  impl.LeaderElection (LeaderElection.java:logAndReturn(56)) - af280123-6372-4d1f-a5d4-c36229a73203@group-75C85B6D1182-LeaderElection211: Election REJECTED; received 2 response(s) [af280123-6372-4d1f-a5d4-c36229a73203<-9092f221-0e0d-4970-bb84-cacd95020f21#0:FAIL-t204, af280123-6372-4d1f-a5d4-c36229a73203<-b4ae536c-ed18-4717-a75c-ca4b5d6c4001#0:FAIL-t204] and 0 exception(s); af280123-6372-4d1f-a5d4-c36229a73203@group-75C85B6D1182:t204, leader=null, voted=af280123-6372-4d1f-a5d4-c36229a73203, raftlog=af280123-6372-4d1f-a5d4-c36229a73203@group-75C85B6D1182-SegmentedRaftLog:OPENED:c-1,f-1,i0, conf=-1: [9092f221-0e0d-4970-bb84-cacd95020f21:192.168.164.213:41903, af280123-6372-4d1f-a5d4-c36229a73203:192.168.164.213:35334, b4ae536c-ed18-4717-a75c-ca4b5d6c4001:192.168.164.213:41180], old=null
2019-10-24 15:44:14,737 [af280123-6372-4d1f-a5d4-c36229a73203@group-75C85B6D1182-LeaderElection211] INFO  impl.RaftServerImpl (RaftServerImpl.java:setRole(184)) - af280123-6372-4d1f-a5d4-c36229a73203@group-75C85B6D1182: changes role from CANDIDATE to FOLLOWER at term 204 for DISCOVERED_A_NEW_TERM
2019-10-24 15:44:14,737 [af280123-6372-4d1f-a5d4-c36229a73203@group-75C85B6D1182-LeaderElection211] INFO  impl.RoleInfo (RoleInfo.java:shutdownLeaderElection(134)) - af280123-6372-4d1f-a5d4-c36229a73203: shutdown LeaderElection
2019-10-24 15:44:14,737 [af280123-6372-4d1f-a5d4-c36229a73203@group-75C85B6D1182-LeaderElection211] INFO  impl.RoleInfo (RoleInfo.java:updateAndGet(143)) - af280123-6372-4d1f-a5d4-c36229a73203: start FollowerState
2019-10-24 15:44:14,783 [Thread-1936] INFO  impl.FollowerState (FollowerState.java:run(108)) - af280123-6372-4d1f-a5d4-c36229a73203@group-75C85B6D1182-FollowerState: change to CANDIDATE, lastRpcTime:45ms, electionTimeout:45ms
2019-10-24 15:44:14,783 [Thread-1936] INFO  impl.RoleInfo (RoleInfo.java:shutdownFollowerState(121)) - af280123-6372-4d1f-a5d4-c36229a73203: shutdown FollowerState
2019-10-24 15:44:14,783 [Thread-1936] INFO  impl.RaftServerImpl (RaftServerImpl.java:setRole(184)) - af280123-6372-4d1f-a5d4-c36229a73203@group-75C85B6D1182: changes role from  FOLLOWER to CANDIDATE at term 204 for changeToCandidate
2019-10-24 15:44:14,784 [Thread-1936] INFO  impl.RoleInfo (RoleInfo.java:updateAndGet(143)) - af280123-6372-4d1f-a5d4-c36229a73203: start LeaderElection
2019-10-24 15:44:14,810 [af280123-6372-4d1f-a5d4-c36229a73203@group-75C85B6D1182-LeaderElection212] INFO  impl.LeaderElection (LeaderElection.java:askForVotes(178)) - af280123-6372-4d1f-a5d4-c36229a73203@group-75C85B6D1182-LeaderElection212: begin an election at term 205 for -1: [9092f221-0e0d-4970-bb84-cacd95020f21:192.168.164.213:41903, af280123-6372-4d1f-a5d4-c36229a73203:192.168.164.213:35334, b4ae536c-ed18-4717-a75c-ca4b5d6c4001:192.168.164.213:41180], old=null
2019-10-24 15:44:14,812 [af280123-6372-4d1f-a5d4-c36229a73203@group-75C85B6D1182-LeaderElection212] INFO  impl.LeaderElection (LeaderElection.java:logAndReturn(56)) - af280123-6372-4d1f-a5d4-c36229a73203@group-75C85B6D1182-LeaderElection212: Election TIMEOUT; received 0 response(s) [] and 0 exception(s); af280123-6372-4d1f-a5d4-c36229a73203@group-75C85B6D1182:t205, leader=null, voted=af280123-6372-4d1f-a5d4-c36229a73203, raftlog=af280123-6372-4d1f-a5d4-c36229a73203@group-75C85B6D1182-SegmentedRaftLog:OPENED:c-1,f-1,i0, conf=-1: [9092f221-0e0d-4970-bb84-cacd95020f21:192.168.164.213:41903, af280123-6372-4d1f-a5d4-c36229a73203:192.168.164.213:35334, b4ae536c-ed18-4717-a75c-ca4b5d6c4001:192.168.164.213:41180], old=null
2019-10-24 15:44:14,813 [grpc-default-executor-4] INFO  impl.RaftServerImpl (RaftServerImpl.java:setRole(184)) - b4ae536c-ed18-4717-a75c-ca4b5d6c4001@group-75C85B6D1182: changes role from  FOLLOWER to FOLLOWER at term 205 for recognizeCandidate:af280123-6372-4d1f-a5d4-c36229a73203
2019-10-24 15:44:14,813 [grpc-default-executor-5] INFO  impl.RaftServerImpl (RaftServerImpl.java:setRole(184)) - 9092f221-0e0d-4970-bb84-cacd95020f21@group-75C85B6D1182: changes role from  FOLLOWER to FOLLOWER at term 205 for recognizeCandidate:af280123-6372-4d1f-a5d4-c36229a73203
2019-10-24 15:44:14,813 [grpc-default-executor-4] INFO  impl.RoleInfo (RoleInfo.java:shutdownFollowerState(121)) - b4ae536c-ed18-4717-a75c-ca4b5d6c4001: shutdown FollowerState
2019-10-24 15:44:14,813 [grpc-default-executor-5] INFO  impl.RoleInfo (RoleInfo.java:shutdownFollowerState(121)) - 9092f221-0e0d-4970-bb84-cacd95020f21: shutdown FollowerState
2019-10-24 15:44:14,813 [grpc-default-executor-4] INFO  impl.RoleInfo (RoleInfo.java:updateAndGet(143)) - b4ae536c-ed18-4717-a75c-ca4b5d6c4001: start FollowerState
2019-10-24 15:44:14,813 [Thread-1934] INFO  impl.FollowerState (FollowerState.java:run(117)) - 9092f221-0e0d-4970-bb84-cacd95020f21@group-75C85B6D1182-FollowerState was interrupted: java.lang.InterruptedException: sleep interrupted
2019-10-24 15:44:14,813 [grpc-default-executor-5] INFO  impl.RoleInfo (RoleInfo.java:updateAndGet(143)) - 9092f221-0e0d-4970-bb84-cacd95020f21: start FollowerState
2019-10-24 15:44:14,813 [Thread-1935] INFO  impl.FollowerState (FollowerState.java:run(117)) - b4ae536c-ed18-4717-a75c-ca4b5d6c4001@group-75C85B6D1182-FollowerState was interrupted: java.lang.InterruptedException: sleep interrupted
2019-10-24 15:44:14,833 [java.util.concurrent.ThreadPoolExecutor$Worker@15849834[State = -1, empty queue]] WARN  server.GrpcLogAppender (GrpcLogAppender.java:timeoutAppendRequest(209)) - 2f81ded6-48e6-408d-9409-3cd44f70bee8@group-56059261E3EC->3a65ecdf-e32f-4548-a2e5-44ab823c11b3-GrpcLogAppender: appendEntries Timeout, request=2f81ded6-48e6-408d-9409-3cd44f70bee8->3a65ecdf-e32f-4548-a2e5-44ab823c11b3#59-t6, previous=(t:6, i:16), leaderCommit=16, initializing? false, entries: <empty>
2019-10-24 15:44:14,838 [af280123-6372-4d1f-a5d4-c36229a73203@group-75C85B6D1182-LeaderElection212] INFO  impl.LeaderElection (LeaderElection.java:askForVotes(178)) - af280123-6372-4d1f-a5d4-c36229a73203@group-75C85B6D1182-LeaderElection212: begin an election at term 206 for -1: [9092f221-0e0d-4970-bb84-cacd95020f21:192.168.164.213:41903, af280123-6372-4d1f-a5d4-c36229a73203:192.168.164.213:35334, b4ae536c-ed18-4717-a75c-ca4b5d6c4001:192.168.164.213:41180], old=null
2019-10-24 15:44:14,840 [grpc-default-executor-5] INFO  impl.RaftServerImpl (RaftServerImpl.java:setRole(184)) - 9092f221-0e0d-4970-bb84-cacd95020f21@group-75C85B6D1182: changes role from  FOLLOWER to FOLLOWER at term 206 for recognizeCandidate:af280123-6372-4d1f-a5d4-c36229a73203
2019-10-24 15:44:14,840 [grpc-default-executor-4] INFO  impl.RaftServerImpl (RaftServerImpl.java:setRole(184)) - b4ae536c-ed18-4717-a75c-ca4b5d6c4001@group-75C85B6D1182: changes role from  FOLLOWER to FOLLOWER at term 206 for recognizeCandidate:af280123-6372-4d1f-a5d4-c36229a73203
2019-10-24 15:44:14,840 [grpc-default-executor-5] INFO  impl.RoleInfo (RoleInfo.java:shutdownFollowerState(121)) - 9092f221-0e0d-4970-bb84-cacd95020f21: shutdown FollowerState
2019-10-24 15:44:14,840 [grpc-default-executor-4] INFO  impl.RoleInfo (RoleInfo.java:shutdownFollowerState(121)) - b4ae536c-ed18-4717-a75c-ca4b5d6c4001: shutdown FollowerState
2019-10-24 15:44:14,840 [Thread-1941] INFO  impl.FollowerState (FollowerState.java:run(117)) - 9092f221-0e0d-4970-bb84-cacd95020f21@group-75C85B6D1182-FollowerState was interrupted: java.lang.InterruptedException: sleep interrupted
2019-10-24 15:44:14,840 [grpc-default-executor-5] INFO  impl.RoleInfo (RoleInfo.java:updateAndGet(143)) - 9092f221-0e0d-4970-bb84-cacd95020f21: start FollowerState
2019-10-24 15:44:14,840 [Thread-1940] INFO  impl.FollowerState (FollowerState.java:run(117)) - b4ae536c-ed18-4717-a75c-ca4b5d6c4001@group-75C85B6D1182-FollowerState was interrupted: java.lang.InterruptedException: sleep interrupted
2019-10-24 15:44:14,840 [grpc-default-executor-4] INFO  impl.RoleInfo (RoleInfo.java:updateAndGet(143)) - b4ae536c-ed18-4717-a75c-ca4b5d6c4001: start FollowerState
2019-10-24 15:44:14,866 [af280123-6372-4d1f-a5d4-c36229a73203@group-75C85B6D1182-LeaderElection212] INFO  impl.LeaderElection (LeaderElection.java:logAndReturn(56)) - af280123-6372-4d1f-a5d4-c36229a73203@group-75C85B6D1182-LeaderElection212: Election REJECTED; received 2 response(s) [af280123-6372-4d1f-a5d4-c36229a73203<-9092f221-0e0d-4970-bb84-cacd95020f21#0:FAIL-t206, af280123-6372-4d1f-a5d4-c36229a73203<-b4ae536c-ed18-4717-a75c-ca4b5d6c4001#0:FAIL-t206] and 0 exception(s); af280123-6372-4d1f-a5d4-c36229a73203@group-75C85B6D1182:t206, leader=null, voted=af280123-6372-4d1f-a5d4-c36229a73203, raftlog=af280123-6372-4d1f-a5d4-c36229a73203@group-75C85B6D1182-SegmentedRaftLog:OPENED:c-1,f-1,i0, conf=-1: [9092f221-0e0d-4970-bb84-cacd95020f21:192.168.164.213:41903, af280123-6372-4d1f-a5d4-c36229a73203:192.168.164.213:35334, b4ae536c-ed18-4717-a75c-ca4b5d6c4001:192.168.164.213:41180], old=null
2019-10-24 15:44:14,867 [af280123-6372-4d1f-a5d4-c36229a73203@group-75C85B6D1182-LeaderElection212] INFO  impl.RaftServerImpl (RaftServerImpl.java:setRole(184)) - af280123-6372-4d1f-a5d4-c36229a73203@group-75C85B6D1182: changes role from CANDIDATE to FOLLOWER at term 206 for DISCOVERED_A_NEW_TERM
2019-10-24 15:44:14,867 [af280123-6372-4d1f-a5d4-c36229a73203@group-75C85B6D1182-LeaderElection212] INFO  impl.RoleInfo (RoleInfo.java:shutdownLeaderElection(134)) - af280123-6372-4d1f-a5d4-c36229a73203: shutdown LeaderElection
2019-10-24 15:44:14,867 [af280123-6372-4d1f-a5d4-c36229a73203@group-75C85B6D1182-LeaderElection212] INFO  impl.RoleInfo (RoleInfo.java:updateAndGet(143)) - af280123-6372-4d1f-a5d4-c36229a73203: start FollowerState
2019-10-24 15:44:14,981 [Thread-1947] INFO  impl.FollowerState (FollowerState.java:run(108)) - af280123-6372-4d1f-a5d4-c36229a73203@group-75C85B6D1182-FollowerState: change to CANDIDATE, lastRpcTime:114ms, electionTimeout:114ms
2019-10-24 15:44:14,981 [Thread-1947] INFO  impl.RoleInfo (RoleInfo.java:shutdownFollowerState(121)) - af280123-6372-4d1f-a5d4-c36229a73203: shutdown FollowerState
2019-10-24 15:44:14,981 [Thread-1947] INFO  impl.RaftServerImpl (RaftServerImpl.java:setRole(184)) - af280123-6372-4d1f-a5d4-c36229a73203@group-75C85B6D1182: changes role from  FOLLOWER to CANDIDATE at term 206 for changeToCandidate
2019-10-24 15:44:14,982 [Thread-1947] INFO  impl.RoleInfo (RoleInfo.java:updateAndGet(143)) - af280123-6372-4d1f-a5d4-c36229a73203: start LeaderElection
2019-10-24 15:44:14,996 [af280123-6372-4d1f-a5d4-c36229a73203@group-75C85B6D1182-LeaderElection213] INFO  impl.LeaderElection (LeaderElection.java:askForVotes(178)) - af280123-6372-4d1f-a5d4-c36229a73203@group-75C85B6D1182-LeaderElection213: begin an election at term 207 for -1: [9092f221-0e0d-4970-bb84-cacd95020f21:192.168.164.213:41903, af280123-6372-4d1f-a5d4-c36229a73203:192.168.164.213:35334, b4ae536c-ed18-4717-a75c-ca4b5d6c4001:192.168.164.213:41180], old=null
2019-10-24 15:44:14,998 [grpc-default-executor-5] INFO  impl.RaftServerImpl (RaftServerImpl.java:setRole(184)) - b4ae536c-ed18-4717-a75c-ca4b5d6c4001@group-75C85B6D1182: changes role from  FOLLOWER to FOLLOWER at term 207 for recognizeCandidate:af280123-6372-4d1f-a5d4-c36229a73203
2019-10-24 15:44:14,998 [grpc-default-executor-4] INFO  impl.RaftServerImpl (RaftServerImpl.java:setRole(184)) - 9092f221-0e0d-4970-bb84-cacd95020f21@group-75C85B6D1182: changes role from  FOLLOWER to FOLLOWER at term 207 for recognizeCandidate:af280123-6372-4d1f-a5d4-c36229a73203
2019-10-24 15:44:14,998 [grpc-default-executor-5] INFO  impl.RoleInfo (RoleInfo.java:shutdownFollowerState(121)) - b4ae536c-ed18-4717-a75c-ca4b5d6c4001: shutdown FollowerState
2019-10-24 15:44:14,998 [grpc-default-executor-4] INFO  impl.RoleInfo (RoleInfo.java:shutdownFollowerState(121)) - 9092f221-0e0d-4970-bb84-cacd95020f21: shutdown FollowerState
2019-10-24 15:44:14,999 [Thread-1945] INFO  impl.FollowerState (FollowerState.java:run(117)) - b4ae536c-ed18-4717-a75c-ca4b5d6c4001@group-75C85B6D1182-FollowerState was interrupted: java.lang.InterruptedException: sleep interrupted
2019-10-24 15:44:14,999 [Thread-1944] INFO  impl.FollowerState (FollowerState.java:run(117)) - 9092f221-0e0d-4970-bb84-cacd95020f21@group-75C85B6D1182-FollowerState was interrupted: java.lang.InterruptedException: sleep interrupted
2019-10-24 15:44:14,999 [grpc-default-executor-5] INFO  impl.RoleInfo (RoleInfo.java:updateAndGet(143)) - b4ae536c-ed18-4717-a75c-ca4b5d6c4001: start FollowerState
2019-10-24 15:44:14,999 [grpc-default-executor-4] INFO  impl.RoleInfo (RoleInfo.java:updateAndGet(143)) - 9092f221-0e0d-4970-bb84-cacd95020f21: start FollowerState
2019-10-24 15:44:15,024 [af280123-6372-4d1f-a5d4-c36229a73203@group-75C85B6D1182-LeaderElection213] INFO  impl.LeaderElection (LeaderElection.java:logAndReturn(56)) - af280123-6372-4d1f-a5d4-c36229a73203@group-75C85B6D1182-LeaderElection213: Election REJECTED; received 2 response(s) [af280123-6372-4d1f-a5d4-c36229a73203<-9092f221-0e0d-4970-bb84-cacd95020f21#0:FAIL-t207, af280123-6372-4d1f-a5d4-c36229a73203<-b4ae536c-ed18-4717-a75c-ca4b5d6c4001#0:FAIL-t207] and 0 exception(s); af280123-6372-4d1f-a5d4-c36229a73203@group-75C85B6D1182:t207, leader=null, voted=af280123-6372-4d1f-a5d4-c36229a73203, raftlog=af280123-6372-4d1f-a5d4-c36229a73203@group-75C85B6D1182-SegmentedRaftLog:OPENED:c-1,f-1,i0, conf=-1: [9092f221-0e0d-4970-bb84-cacd95020f21:192.168.164.213:41903, af280123-6372-4d1f-a5d4-c36229a73203:192.168.164.213:35334, b4ae536c-ed18-4717-a75c-ca4b5d6c4001:192.168.164.213:41180], old=null
2019-10-24 15:44:15,025 [af280123-6372-4d1f-a5d4-c36229a73203@group-75C85B6D1182-LeaderElection213] INFO  impl.RaftServerImpl (RaftServerImpl.java:setRole(184)) - af280123-6372-4d1f-a5d4-c36229a73203@group-75C85B6D1182: changes role from CANDIDATE to FOLLOWER at term 207 for DISCOVERED_A_NEW_TERM
2019-10-24 15:44:15,025 [af280123-6372-4d1f-a5d4-c36229a73203@group-75C85B6D1182-LeaderElection213] INFO  impl.RoleInfo (RoleInfo.java:shutdownLeaderElection(134)) - af280123-6372-4d1f-a5d4-c36229a73203: shutdown LeaderElection
2019-10-24 15:44:15,025 [af280123-6372-4d1f-a5d4-c36229a73203@group-75C85B6D1182-LeaderElection213] INFO  impl.RoleInfo (RoleInfo.java:updateAndGet(143)) - af280123-6372-4d1f-a5d4-c36229a73203: start FollowerState
2019-10-24 15:44:15,028 [Thread-1953] INFO  impl.FollowerState (FollowerState.java:run(108)) - af280123-6372-4d1f-a5d4-c36229a73203@group-75C85B6D1182-FollowerState: change to CANDIDATE, lastRpcTime:3ms, electionTimeout:3ms
2019-10-24 15:44:15,029 [Thread-1953] INFO  impl.RoleInfo (RoleInfo.java:shutdownFollowerState(121)) - af280123-6372-4d1f-a5d4-c36229a73203: shutdown FollowerState
2019-10-24 15:44:15,029 [Thread-1953] INFO  impl.RaftServerImpl (RaftServerImpl.java:setRole(184)) - af280123-6372-4d1f-a5d4-c36229a73203@group-75C85B6D1182: changes role from  FOLLOWER to CANDIDATE at term 207 for changeToCandidate
2019-10-24 15:44:15,029 [Thread-1953] INFO  impl.RoleInfo (RoleInfo.java:updateAndGet(143)) - af280123-6372-4d1f-a5d4-c36229a73203: start LeaderElection
2019-10-24 15:44:15,044 [af280123-6372-4d1f-a5d4-c36229a73203@group-75C85B6D1182-LeaderElection214] INFO  impl.LeaderElection (LeaderElection.java:askForVotes(178)) - af280123-6372-4d1f-a5d4-c36229a73203@group-75C85B6D1182-LeaderElection214: begin an election at term 208 for -1: [9092f221-0e0d-4970-bb84-cacd95020f21:192.168.164.213:41903, af280123-6372-4d1f-a5d4-c36229a73203:192.168.164.213:35334, b4ae536c-ed18-4717-a75c-ca4b5d6c4001:192.168.164.213:41180], old=null
2019-10-24 15:44:15,046 [grpc-default-executor-5] INFO  impl.RaftServerImpl (RaftServerImpl.java:setRole(184)) - b4ae536c-ed18-4717-a75c-ca4b5d6c4001@group-75C85B6D1182: changes role from  FOLLOWER to FOLLOWER at term 208 for recognizeCandidate:af280123-6372-4d1f-a5d4-c36229a73203
2019-10-24 15:44:15,046 [grpc-default-executor-4] INFO  impl.RaftServerImpl (RaftServerImpl.java:setRole(184)) - 9092f221-0e0d-4970-bb84-cacd95020f21@group-75C85B6D1182: changes role from  FOLLOWER to FOLLOWER at term 208 for recognizeCandidate:af280123-6372-4d1f-a5d4-c36229a73203
2019-10-24 15:44:15,046 [grpc-default-executor-5] INFO  impl.RoleInfo (RoleInfo.java:shutdownFollowerState(121)) - b4ae536c-ed18-4717-a75c-ca4b5d6c4001: shutdown FollowerState
2019-10-24 15:44:15,047 [grpc-default-executor-4] INFO  impl.RoleInfo (RoleInfo.java:shutdownFollowerState(121)) - 9092f221-0e0d-4970-bb84-cacd95020f21: shutdown FollowerState
2019-10-24 15:44:15,047 [Thread-1951] INFO  impl.FollowerState (FollowerState.java:run(117)) - b4ae536c-ed18-4717-a75c-ca4b5d6c4001@group-75C85B6D1182-FollowerState was interrupted: java.lang.InterruptedException: sleep interrupted
2019-10-24 15:44:15,047 [grpc-default-executor-5] INFO  impl.RoleInfo (RoleInfo.java:updateAndGet(143)) - b4ae536c-ed18-4717-a75c-ca4b5d6c4001: start FollowerState
2019-10-24 15:44:15,047 [Thread-1952] INFO  impl.FollowerState (FollowerState.java:run(117)) - 9092f221-0e0d-4970-bb84-cacd95020f21@group-75C85B6D1182-FollowerState was interrupted: java.lang.InterruptedException: sleep interrupted
2019-10-24 15:44:15,047 [grpc-default-executor-4] INFO  impl.RoleInfo (RoleInfo.java:updateAndGet(143)) - 9092f221-0e0d-4970-bb84-cacd95020f21: start FollowerState
2019-10-24 15:44:15,073 [af280123-6372-4d1f-a5d4-c36229a73203@group-75C85B6D1182-LeaderElection214] INFO  impl.LeaderElection (LeaderElection.java:logAndReturn(56)) - af280123-6372-4d1f-a5d4-c36229a73203@group-75C85B6D1182-LeaderElection214: Election REJECTED; received 2 response(s) [af280123-6372-4d1f-a5d4-c36229a73203<-9092f221-0e0d-4970-bb84-cacd95020f21#0:FAIL-t208, af280123-6372-4d1f-a5d4-c36229a73203<-b4ae536c-ed18-4717-a75c-ca4b5d6c4001#0:FAIL-t208] and 0 exception(s); af280123-6372-4d1f-a5d4-c36229a73203@group-75C85B6D1182:t208, leader=null, voted=af280123-6372-4d1f-a5d4-c36229a73203, raftlog=af280123-6372-4d1f-a5d4-c36229a73203@group-75C85B6D1182-SegmentedRaftLog:OPENED:c-1,f-1,i0, conf=-1: [9092f221-0e0d-4970-bb84-cacd95020f21:192.168.164.213:41903, af280123-6372-4d1f-a5d4-c36229a73203:192.168.164.213:35334, b4ae536c-ed18-4717-a75c-ca4b5d6c4001:192.168.164.213:41180], old=null
2019-10-24 15:44:15,073 [af280123-6372-4d1f-a5d4-c36229a73203@group-75C85B6D1182-LeaderElection214] INFO  impl.RaftServerImpl (RaftServerImpl.java:setRole(184)) - af280123-6372-4d1f-a5d4-c36229a73203@group-75C85B6D1182: changes role from CANDIDATE to FOLLOWER at term 208 for DISCOVERED_A_NEW_TERM
2019-10-24 15:44:15,073 [af280123-6372-4d1f-a5d4-c36229a73203@group-75C85B6D1182-LeaderElection214] INFO  impl.RoleInfo (RoleInfo.java:shutdownLeaderElection(134)) - af280123-6372-4d1f-a5d4-c36229a73203: shutdown LeaderElection
2019-10-24 15:44:15,073 [af280123-6372-4d1f-a5d4-c36229a73203@group-75C85B6D1182-LeaderElection214] INFO  impl.RoleInfo (RoleInfo.java:updateAndGet(143)) - af280123-6372-4d1f-a5d4-c36229a73203: start FollowerState
2019-10-24 15:44:15,109 [Thread-1959] INFO  impl.FollowerState (FollowerState.java:run(108)) - af280123-6372-4d1f-a5d4-c36229a73203@group-75C85B6D1182-FollowerState: change to CANDIDATE, lastRpcTime:35ms, electionTimeout:35ms
2019-10-24 15:44:15,109 [Thread-1959] INFO  impl.RoleInfo (RoleInfo.java:shutdownFollowerState(121)) - af280123-6372-4d1f-a5d4-c36229a73203: shutdown FollowerState
2019-10-24 15:44:15,109 [Thread-1959] INFO  impl.RaftServerImpl (RaftServerImpl.java:setRole(184)) - af280123-6372-4d1f-a5d4-c36229a73203@group-75C85B6D1182: changes role from  FOLLOWER to CANDIDATE at term 208 for changeToCandidate
2019-10-24 15:44:15,110 [Thread-1959] INFO  impl.RoleInfo (RoleInfo.java:updateAndGet(143)) - af280123-6372-4d1f-a5d4-c36229a73203: start LeaderElection
2019-10-24 15:44:15,117 [Thread-1905] INFO  impl.FollowerState (FollowerState.java:run(108)) - abb8132e-b90b-4ab3-abdd-91ffef5e5962@group-D6115FD00A99-FollowerState: change to CANDIDATE, lastRpcTime:1019ms, electionTimeout:1019ms
2019-10-24 15:44:15,117 [Thread-1905] INFO  impl.RoleInfo (RoleInfo.java:shutdownFollowerState(121)) - abb8132e-b90b-4ab3-abdd-91ffef5e5962: shutdown FollowerState
2019-10-24 15:44:15,118 [Thread-1905] INFO  impl.RaftServerImpl (RaftServerImpl.java:setRole(184)) - abb8132e-b90b-4ab3-abdd-91ffef5e5962@group-D6115FD00A99: changes role from  FOLLOWER to CANDIDATE at term 18 for changeToCandidate
2019-10-24 15:44:15,118 [Thread-1905] INFO  impl.RoleInfo (RoleInfo.java:updateAndGet(143)) - abb8132e-b90b-4ab3-abdd-91ffef5e5962: start LeaderElection
2019-10-24 15:44:15,136 [abb8132e-b90b-4ab3-abdd-91ffef5e5962@group-D6115FD00A99-LeaderElection216] INFO  impl.LeaderElection (LeaderElection.java:askForVotes(178)) - abb8132e-b90b-4ab3-abdd-91ffef5e5962@group-D6115FD00A99-LeaderElection216: begin an election at term 19 for 0: [876b8685-e2e6-4b2b-9f0d-f9ddcb91e852:192.168.164.213:33356, 131ee32b-eb71-4a4b-82eb-895fd06b61f2:192.168.164.213:38159, abb8132e-b90b-4ab3-abdd-91ffef5e5962:192.168.164.213:45083], old=null
2019-10-24 15:44:15,136 [af280123-6372-4d1f-a5d4-c36229a73203@group-75C85B6D1182-LeaderElection215] INFO  impl.LeaderElection (LeaderElection.java:askForVotes(178)) - af280123-6372-4d1f-a5d4-c36229a73203@group-75C85B6D1182-LeaderElection215: begin an election at term 209 for -1: [9092f221-0e0d-4970-bb84-cacd95020f21:192.168.164.213:41903, af280123-6372-4d1f-a5d4-c36229a73203:192.168.164.213:35334, b4ae536c-ed18-4717-a75c-ca4b5d6c4001:192.168.164.213:41180], old=null
2019-10-24 15:44:15,137 [abb8132e-b90b-4ab3-abdd-91ffef5e5962@group-D6115FD00A99-LeaderElection216] INFO  impl.LeaderElection (LogUtils.java:infoOrTrace(149)) - abb8132e-b90b-4ab3-abdd-91ffef5e5962@group-D6115FD00A99-LeaderElection216 got exception when requesting votes: {}
java.util.concurrent.ExecutionException: org.apache.ratis.thirdparty.io.grpc.StatusRuntimeException: UNAVAILABLE: io exception
	at java.util.concurrent.FutureTask.report(FutureTask.java:122)
	at java.util.concurrent.FutureTask.get(FutureTask.java:192)
	at org.apache.ratis.server.impl.LeaderElection.waitForResults(LeaderElection.java:259)
	at org.apache.ratis.server.impl.LeaderElection.askForVotes(LeaderElection.java:197)
	at org.apache.ratis.server.impl.LeaderElection.run(LeaderElection.java:133)
	at java.lang.Thread.run(Thread.java:748)
Caused by: org.apache.ratis.thirdparty.io.grpc.StatusRuntimeException: UNAVAILABLE: io exception
	at org.apache.ratis.thirdparty.io.grpc.stub.ClientCalls.toStatusRuntimeException(ClientCalls.java:233)
	at org.apache.ratis.thirdparty.io.grpc.stub.ClientCalls.getUnchecked(ClientCalls.java:214)
	at org.apache.ratis.thirdparty.io.grpc.stub.ClientCalls.blockingUnaryCall(ClientCalls.java:139)
	at org.apache.ratis.proto.grpc.RaftServerProtocolServiceGrpc$RaftServerProtocolServiceBlockingStub.requestVote(RaftServerProtocolServiceGrpc.java:265)
	at org.apache.ratis.grpc.server.GrpcServerProtocolClient.requestVote(GrpcServerProtocolClient.java:99)
	at org.apache.ratis.grpc.server.GrpcService.requestVote(GrpcService.java:204)
	at org.apache.ratis.server.impl.LeaderElection.lambda$submitRequests$1(LeaderElection.java:234)
	at java.util.concurrent.FutureTask.run(FutureTask.java:266)
	at java.util.concurrent.Executors$RunnableAdapter.call(Executors.java:511)
	at java.util.concurrent.FutureTask.run(FutureTask.java:266)
	at java.util.concurrent.ThreadPoolExecutor.runWorker(ThreadPoolExecutor.java:1149)
	at java.util.concurrent.ThreadPoolExecutor$Worker.run(ThreadPoolExecutor.java:624)
	... 1 more
Caused by: org.apache.ratis.thirdparty.io.netty.channel.AbstractChannel$AnnotatedConnectException: Connection refused: /192.168.164.213:33356
	at sun.nio.ch.SocketChannelImpl.checkConnect(Native Method)
	at sun.nio.ch.SocketChannelImpl.finishConnect(SocketChannelImpl.java:717)
	at org.apache.ratis.thirdparty.io.netty.channel.socket.nio.NioSocketChannel.doFinishConnect(NioSocketChannel.java:327)
	at org.apache.ratis.thirdparty.io.netty.channel.nio.AbstractNioChannel$AbstractNioUnsafe.finishConnect(AbstractNioChannel.java:340)
	at org.apache.ratis.thirdparty.io.netty.channel.nio.NioEventLoop.processSelectedKey(NioEventLoop.java:632)
	at org.apache.ratis.thirdparty.io.netty.channel.nio.NioEventLoop.processSelectedKeysOptimized(NioEventLoop.java:579)
	at org.apache.ratis.thirdparty.io.netty.channel.nio.NioEventLoop.processSelectedKeys(NioEventLoop.java:496)
	at org.apache.ratis.thirdparty.io.netty.channel.nio.NioEventLoop.run(NioEventLoop.java:458)
	at org.apache.ratis.thirdparty.io.netty.util.concurrent.SingleThreadEventExecutor$5.run(SingleThreadEventExecutor.java:897)
	at org.apache.ratis.thirdparty.io.netty.util.concurrent.FastThreadLocalRunnable.run(FastThreadLocalRunnable.java:30)
	... 1 more
Caused by: java.net.ConnectException: Connection refused
	... 11 more
2019-10-24 15:44:15,139 [abb8132e-b90b-4ab3-abdd-91ffef5e5962@group-D6115FD00A99-LeaderElection216] INFO  impl.LeaderElection (LogUtils.java:infoOrTrace(149)) - abb8132e-b90b-4ab3-abdd-91ffef5e5962@group-D6115FD00A99-LeaderElection216 got exception when requesting votes: {}
java.util.concurrent.ExecutionException: org.apache.ratis.thirdparty.io.grpc.StatusRuntimeException: UNAVAILABLE: io exception
	at java.util.concurrent.FutureTask.report(FutureTask.java:122)
	at java.util.concurrent.FutureTask.get(FutureTask.java:192)
	at org.apache.ratis.server.impl.LeaderElection.waitForResults(LeaderElection.java:259)
	at org.apache.ratis.server.impl.LeaderElection.askForVotes(LeaderElection.java:197)
	at org.apache.ratis.server.impl.LeaderElection.run(LeaderElection.java:133)
	at java.lang.Thread.run(Thread.java:748)
Caused by: org.apache.ratis.thirdparty.io.grpc.StatusRuntimeException: UNAVAILABLE: io exception
	at org.apache.ratis.thirdparty.io.grpc.stub.ClientCalls.toStatusRuntimeException(ClientCalls.java:233)
	at org.apache.ratis.thirdparty.io.grpc.stub.ClientCalls.getUnchecked(ClientCalls.java:214)
	at org.apache.ratis.thirdparty.io.grpc.stub.ClientCalls.blockingUnaryCall(ClientCalls.java:139)
	at org.apache.ratis.proto.grpc.RaftServerProtocolServiceGrpc$RaftServerProtocolServiceBlockingStub.requestVote(RaftServerProtocolServiceGrpc.java:265)
	at org.apache.ratis.grpc.server.GrpcServerProtocolClient.requestVote(GrpcServerProtocolClient.java:99)
	at org.apache.ratis.grpc.server.GrpcService.requestVote(GrpcService.java:204)
	at org.apache.ratis.server.impl.LeaderElection.lambda$submitRequests$1(LeaderElection.java:234)
	at java.util.concurrent.FutureTask.run(FutureTask.java:266)
	at java.util.concurrent.Executors$RunnableAdapter.call(Executors.java:511)
	at java.util.concurrent.FutureTask.run(FutureTask.java:266)
	at java.util.concurrent.ThreadPoolExecutor.runWorker(ThreadPoolExecutor.java:1149)
	at java.util.concurrent.ThreadPoolExecutor$Worker.run(ThreadPoolExecutor.java:624)
	... 1 more
Caused by: org.apache.ratis.thirdparty.io.netty.channel.AbstractChannel$AnnotatedConnectException: Connection refused: /192.168.164.213:38159
	at sun.nio.ch.SocketChannelImpl.checkConnect(Native Method)
	at sun.nio.ch.SocketChannelImpl.finishConnect(SocketChannelImpl.java:717)
	at org.apache.ratis.thirdparty.io.netty.channel.socket.nio.NioSocketChannel.doFinishConnect(NioSocketChannel.java:327)
	at org.apache.ratis.thirdparty.io.netty.channel.nio.AbstractNioChannel$AbstractNioUnsafe.finishConnect(AbstractNioChannel.java:340)
	at org.apache.ratis.thirdparty.io.netty.channel.nio.NioEventLoop.processSelectedKey(NioEventLoop.java:632)
	at org.apache.ratis.thirdparty.io.netty.channel.nio.NioEventLoop.processSelectedKeysOptimized(NioEventLoop.java:579)
	at org.apache.ratis.thirdparty.io.netty.channel.nio.NioEventLoop.processSelectedKeys(NioEventLoop.java:496)
	at org.apache.ratis.thirdparty.io.netty.channel.nio.NioEventLoop.run(NioEventLoop.java:458)
	at org.apache.ratis.thirdparty.io.netty.util.concurrent.SingleThreadEventExecutor$5.run(SingleThreadEventExecutor.java:897)
	at org.apache.ratis.thirdparty.io.netty.util.concurrent.FastThreadLocalRunnable.run(FastThreadLocalRunnable.java:30)
	... 1 more
Caused by: java.net.ConnectException: Connection refused
	... 11 more
2019-10-24 15:44:15,141 [abb8132e-b90b-4ab3-abdd-91ffef5e5962@group-D6115FD00A99-LeaderElection216] INFO  impl.LeaderElection (LeaderElection.java:logAndReturn(56)) - abb8132e-b90b-4ab3-abdd-91ffef5e5962@group-D6115FD00A99-LeaderElection216: Election REJECTED; received 0 response(s) [] and 2 exception(s); abb8132e-b90b-4ab3-abdd-91ffef5e5962@group-D6115FD00A99:t19, leader=null, voted=abb8132e-b90b-4ab3-abdd-91ffef5e5962, raftlog=abb8132e-b90b-4ab3-abdd-91ffef5e5962@group-D6115FD00A99-SegmentedRaftLog:OPENED:c4,f4,i4, conf=0: [876b8685-e2e6-4b2b-9f0d-f9ddcb91e852:192.168.164.213:33356, 131ee32b-eb71-4a4b-82eb-895fd06b61f2:192.168.164.213:38159, abb8132e-b90b-4ab3-abdd-91ffef5e5962:192.168.164.213:45083], old=null
2019-10-24 15:44:15,141 [abb8132e-b90b-4ab3-abdd-91ffef5e5962@group-D6115FD00A99-LeaderElection216] INFO  impl.LeaderElection (LogUtils.java:infoOrTrace(149)) -   Exception 0: {}
java.util.concurrent.ExecutionException: org.apache.ratis.thirdparty.io.grpc.StatusRuntimeException: UNAVAILABLE: io exception
	at java.util.concurrent.FutureTask.report(FutureTask.java:122)
	at java.util.concurrent.FutureTask.get(FutureTask.java:192)
	at org.apache.ratis.server.impl.LeaderElection.waitForResults(LeaderElection.java:259)
	at org.apache.ratis.server.impl.LeaderElection.askForVotes(LeaderElection.java:197)
	at org.apache.ratis.server.impl.LeaderElection.run(LeaderElection.java:133)
	at java.lang.Thread.run(Thread.java:748)
Caused by: org.apache.ratis.thirdparty.io.grpc.StatusRuntimeException: UNAVAILABLE: io exception
	at org.apache.ratis.thirdparty.io.grpc.stub.ClientCalls.toStatusRuntimeException(ClientCalls.java:233)
	at org.apache.ratis.thirdparty.io.grpc.stub.ClientCalls.getUnchecked(ClientCalls.java:214)
	at org.apache.ratis.thirdparty.io.grpc.stub.ClientCalls.blockingUnaryCall(ClientCalls.java:139)
	at org.apache.ratis.proto.grpc.RaftServerProtocolServiceGrpc$RaftServerProtocolServiceBlockingStub.requestVote(RaftServerProtocolServiceGrpc.java:265)
	at org.apache.ratis.grpc.server.GrpcServerProtocolClient.requestVote(GrpcServerProtocolClient.java:99)
	at org.apache.ratis.grpc.server.GrpcService.requestVote(GrpcService.java:204)
	at org.apache.ratis.server.impl.LeaderElection.lambda$submitRequests$1(LeaderElection.java:234)
	at java.util.concurrent.FutureTask.run(FutureTask.java:266)
	at java.util.concurrent.Executors$RunnableAdapter.call(Executors.java:511)
	at java.util.concurrent.FutureTask.run(FutureTask.java:266)
	at java.util.concurrent.ThreadPoolExecutor.runWorker(ThreadPoolExecutor.java:1149)
	at java.util.concurrent.ThreadPoolExecutor$Worker.run(ThreadPoolExecutor.java:624)
	... 1 more
Caused by: org.apache.ratis.thirdparty.io.netty.channel.AbstractChannel$AnnotatedConnectException: Connection refused: /192.168.164.213:33356
	at sun.nio.ch.SocketChannelImpl.checkConnect(Native Method)
	at sun.nio.ch.SocketChannelImpl.finishConnect(SocketChannelImpl.java:717)
	at org.apache.ratis.thirdparty.io.netty.channel.socket.nio.NioSocketChannel.doFinishConnect(NioSocketChannel.java:327)
	at org.apache.ratis.thirdparty.io.netty.channel.nio.AbstractNioChannel$AbstractNioUnsafe.finishConnect(AbstractNioChannel.java:340)
	at org.apache.ratis.thirdparty.io.netty.channel.nio.NioEventLoop.processSelectedKey(NioEventLoop.java:632)
	at org.apache.ratis.thirdparty.io.netty.channel.nio.NioEventLoop.processSelectedKeysOptimized(NioEventLoop.java:579)
	at org.apache.ratis.thirdparty.io.netty.channel.nio.NioEventLoop.processSelectedKeys(NioEventLoop.java:496)
	at org.apache.ratis.thirdparty.io.netty.channel.nio.NioEventLoop.run(NioEventLoop.java:458)
	at org.apache.ratis.thirdparty.io.netty.util.concurrent.SingleThreadEventExecutor$5.run(SingleThreadEventExecutor.java:897)
	at org.apache.ratis.thirdparty.io.netty.util.concurrent.FastThreadLocalRunnable.run(FastThreadLocalRunnable.java:30)
	... 1 more
Caused by: java.net.ConnectException: Connection refused
	... 11 more
2019-10-24 15:44:15,142 [abb8132e-b90b-4ab3-abdd-91ffef5e5962@group-D6115FD00A99-LeaderElection216] INFO  impl.LeaderElection (LogUtils.java:infoOrTrace(149)) -   Exception 1: {}
java.util.concurrent.ExecutionException: org.apache.ratis.thirdparty.io.grpc.StatusRuntimeException: UNAVAILABLE: io exception
	at java.util.concurrent.FutureTask.report(FutureTask.java:122)
	at java.util.concurrent.FutureTask.get(FutureTask.java:192)
	at org.apache.ratis.server.impl.LeaderElection.waitForResults(LeaderElection.java:259)
	at org.apache.ratis.server.impl.LeaderElection.askForVotes(LeaderElection.java:197)
	at org.apache.ratis.server.impl.LeaderElection.run(LeaderElection.java:133)
	at java.lang.Thread.run(Thread.java:748)
Caused by: org.apache.ratis.thirdparty.io.grpc.StatusRuntimeException: UNAVAILABLE: io exception
	at org.apache.ratis.thirdparty.io.grpc.stub.ClientCalls.toStatusRuntimeException(ClientCalls.java:233)
	at org.apache.ratis.thirdparty.io.grpc.stub.ClientCalls.getUnchecked(ClientCalls.java:214)
	at org.apache.ratis.thirdparty.io.grpc.stub.ClientCalls.blockingUnaryCall(ClientCalls.java:139)
	at org.apache.ratis.proto.grpc.RaftServerProtocolServiceGrpc$RaftServerProtocolServiceBlockingStub.requestVote(RaftServerProtocolServiceGrpc.java:265)
	at org.apache.ratis.grpc.server.GrpcServerProtocolClient.requestVote(GrpcServerProtocolClient.java:99)
	at org.apache.ratis.grpc.server.GrpcService.requestVote(GrpcService.java:204)
	at org.apache.ratis.server.impl.LeaderElection.lambda$submitRequests$1(LeaderElection.java:234)
	at java.util.concurrent.FutureTask.run(FutureTask.java:266)
	at java.util.concurrent.Executors$RunnableAdapter.call(Executors.java:511)
	at java.util.concurrent.FutureTask.run(FutureTask.java:266)
	at java.util.concurrent.ThreadPoolExecutor.runWorker(ThreadPoolExecutor.java:1149)
	at java.util.concurrent.ThreadPoolExecutor$Worker.run(ThreadPoolExecutor.java:624)
	... 1 more
Caused by: org.apache.ratis.thirdparty.io.netty.channel.AbstractChannel$AnnotatedConnectException: Connection refused: /192.168.164.213:38159
	at sun.nio.ch.SocketChannelImpl.checkConnect(Native Method)
	at sun.nio.ch.SocketChannelImpl.finishConnect(SocketChannelImpl.java:717)
	at org.apache.ratis.thirdparty.io.netty.channel.socket.nio.NioSocketChannel.doFinishConnect(NioSocketChannel.java:327)
	at org.apache.ratis.thirdparty.io.netty.channel.nio.AbstractNioChannel$AbstractNioUnsafe.finishConnect(AbstractNioChannel.java:340)
	at org.apache.ratis.thirdparty.io.netty.channel.nio.NioEventLoop.processSelectedKey(NioEventLoop.java:632)
	at org.apache.ratis.thirdparty.io.netty.channel.nio.NioEventLoop.processSelectedKeysOptimized(NioEventLoop.java:579)
	at org.apache.ratis.thirdparty.io.netty.channel.nio.NioEventLoop.processSelectedKeys(NioEventLoop.java:496)
	at org.apache.ratis.thirdparty.io.netty.channel.nio.NioEventLoop.run(NioEventLoop.java:458)
	at org.apache.ratis.thirdparty.io.netty.util.concurrent.SingleThreadEventExecutor$5.run(SingleThreadEventExecutor.java:897)
	at org.apache.ratis.thirdparty.io.netty.util.concurrent.FastThreadLocalRunnable.run(FastThreadLocalRunnable.java:30)
	... 1 more
Caused by: java.net.ConnectException: Connection refused
	... 11 more
2019-10-24 15:44:15,142 [grpc-default-executor-4] INFO  impl.RaftServerImpl (RaftServerImpl.java:setRole(184)) - 9092f221-0e0d-4970-bb84-cacd95020f21@group-75C85B6D1182: changes role from  FOLLOWER to FOLLOWER at term 209 for recognizeCandidate:af280123-6372-4d1f-a5d4-c36229a73203
2019-10-24 15:44:15,142 [grpc-default-executor-5] INFO  impl.RaftServerImpl (RaftServerImpl.java:setRole(184)) - b4ae536c-ed18-4717-a75c-ca4b5d6c4001@group-75C85B6D1182: changes role from  FOLLOWER to FOLLOWER at term 209 for recognizeCandidate:af280123-6372-4d1f-a5d4-c36229a73203
2019-10-24 15:44:15,142 [grpc-default-executor-4] INFO  impl.RoleInfo (RoleInfo.java:shutdownFollowerState(121)) - 9092f221-0e0d-4970-bb84-cacd95020f21: shutdown FollowerState
2019-10-24 15:44:15,142 [abb8132e-b90b-4ab3-abdd-91ffef5e5962@group-D6115FD00A99-LeaderElection216] INFO  impl.RaftServerImpl (RaftServerImpl.java:setRole(184)) - abb8132e-b90b-4ab3-abdd-91ffef5e5962@group-D6115FD00A99: changes role from CANDIDATE to FOLLOWER at term 19 for DISCOVERED_A_NEW_TERM
2019-10-24 15:44:15,143 [Thread-1958] INFO  impl.FollowerState (FollowerState.java:run(117)) - 9092f221-0e0d-4970-bb84-cacd95020f21@group-75C85B6D1182-FollowerState was interrupted: java.lang.InterruptedException: sleep interrupted
2019-10-24 15:44:15,143 [grpc-default-executor-4] INFO  impl.RoleInfo (RoleInfo.java:updateAndGet(143)) - 9092f221-0e0d-4970-bb84-cacd95020f21: start FollowerState
2019-10-24 15:44:15,142 [grpc-default-executor-5] INFO  impl.RoleInfo (RoleInfo.java:shutdownFollowerState(121)) - b4ae536c-ed18-4717-a75c-ca4b5d6c4001: shutdown FollowerState
2019-10-24 15:44:15,143 [abb8132e-b90b-4ab3-abdd-91ffef5e5962@group-D6115FD00A99-LeaderElection216] INFO  impl.RoleInfo (RoleInfo.java:shutdownLeaderElection(134)) - abb8132e-b90b-4ab3-abdd-91ffef5e5962: shutdown LeaderElection
2019-10-24 15:44:15,143 [grpc-default-executor-5] INFO  impl.RoleInfo (RoleInfo.java:updateAndGet(143)) - b4ae536c-ed18-4717-a75c-ca4b5d6c4001: start FollowerState
2019-10-24 15:44:15,143 [Thread-1957] INFO  impl.FollowerState (FollowerState.java:run(117)) - b4ae536c-ed18-4717-a75c-ca4b5d6c4001@group-75C85B6D1182-FollowerState was interrupted: java.lang.InterruptedException: sleep interrupted
2019-10-24 15:44:15,143 [abb8132e-b90b-4ab3-abdd-91ffef5e5962@group-D6115FD00A99-LeaderElection216] INFO  impl.RoleInfo (RoleInfo.java:updateAndGet(143)) - abb8132e-b90b-4ab3-abdd-91ffef5e5962: start FollowerState
2019-10-24 15:44:15,169 [af280123-6372-4d1f-a5d4-c36229a73203@group-75C85B6D1182-LeaderElection215] INFO  impl.LeaderElection (LeaderElection.java:logAndReturn(56)) - af280123-6372-4d1f-a5d4-c36229a73203@group-75C85B6D1182-LeaderElection215: Election REJECTED; received 2 response(s) [af280123-6372-4d1f-a5d4-c36229a73203<-9092f221-0e0d-4970-bb84-cacd95020f21#0:FAIL-t209, af280123-6372-4d1f-a5d4-c36229a73203<-b4ae536c-ed18-4717-a75c-ca4b5d6c4001#0:FAIL-t209] and 0 exception(s); af280123-6372-4d1f-a5d4-c36229a73203@group-75C85B6D1182:t209, leader=null, voted=af280123-6372-4d1f-a5d4-c36229a73203, raftlog=af280123-6372-4d1f-a5d4-c36229a73203@group-75C85B6D1182-SegmentedRaftLog:OPENED:c-1,f-1,i0, conf=-1: [9092f221-0e0d-4970-bb84-cacd95020f21:192.168.164.213:41903, af280123-6372-4d1f-a5d4-c36229a73203:192.168.164.213:35334, b4ae536c-ed18-4717-a75c-ca4b5d6c4001:192.168.164.213:41180], old=null
2019-10-24 15:44:15,169 [af280123-6372-4d1f-a5d4-c36229a73203@group-75C85B6D1182-LeaderElection215] INFO  impl.RaftServerImpl (RaftServerImpl.java:setRole(184)) - af280123-6372-4d1f-a5d4-c36229a73203@group-75C85B6D1182: changes role from CANDIDATE to FOLLOWER at term 209 for DISCOVERED_A_NEW_TERM
2019-10-24 15:44:15,170 [af280123-6372-4d1f-a5d4-c36229a73203@group-75C85B6D1182-LeaderElection215] INFO  impl.RoleInfo (RoleInfo.java:shutdownLeaderElection(134)) - af280123-6372-4d1f-a5d4-c36229a73203: shutdown LeaderElection
2019-10-24 15:44:15,170 [af280123-6372-4d1f-a5d4-c36229a73203@group-75C85B6D1182-LeaderElection215] INFO  impl.RoleInfo (RoleInfo.java:updateAndGet(143)) - af280123-6372-4d1f-a5d4-c36229a73203: start FollowerState
2019-10-24 15:44:15,334 [java.util.concurrent.ThreadPoolExecutor$Worker@15849834[State = -1, empty queue]] WARN  server.GrpcLogAppender (GrpcLogAppender.java:timeoutAppendRequest(209)) - 2f81ded6-48e6-408d-9409-3cd44f70bee8@group-56059261E3EC->3a65ecdf-e32f-4548-a2e5-44ab823c11b3-GrpcLogAppender: appendEntries Timeout, request=2f81ded6-48e6-408d-9409-3cd44f70bee8->3a65ecdf-e32f-4548-a2e5-44ab823c11b3#60-t6, previous=(t:6, i:16), leaderCommit=16, initializing? false, entries: <empty>
2019-10-24 15:44:15,360 [Thread-1969] INFO  impl.FollowerState (FollowerState.java:run(108)) - af280123-6372-4d1f-a5d4-c36229a73203@group-75C85B6D1182-FollowerState: change to CANDIDATE, lastRpcTime:190ms, electionTimeout:190ms
2019-10-24 15:44:15,360 [Thread-1969] INFO  impl.RoleInfo (RoleInfo.java:shutdownFollowerState(121)) - af280123-6372-4d1f-a5d4-c36229a73203: shutdown FollowerState
2019-10-24 15:44:15,360 [Thread-1969] INFO  impl.RaftServerImpl (RaftServerImpl.java:setRole(184)) - af280123-6372-4d1f-a5d4-c36229a73203@group-75C85B6D1182: changes role from  FOLLOWER to CANDIDATE at term 209 for changeToCandidate
2019-10-24 15:44:15,361 [Thread-1969] INFO  impl.RoleInfo (RoleInfo.java:updateAndGet(143)) - af280123-6372-4d1f-a5d4-c36229a73203: start LeaderElection
2019-10-24 15:44:15,374 [af280123-6372-4d1f-a5d4-c36229a73203@group-75C85B6D1182-LeaderElection217] INFO  impl.LeaderElection (LeaderElection.java:askForVotes(178)) - af280123-6372-4d1f-a5d4-c36229a73203@group-75C85B6D1182-LeaderElection217: begin an election at term 210 for -1: [9092f221-0e0d-4970-bb84-cacd95020f21:192.168.164.213:41903, af280123-6372-4d1f-a5d4-c36229a73203:192.168.164.213:35334, b4ae536c-ed18-4717-a75c-ca4b5d6c4001:192.168.164.213:41180], old=null
2019-10-24 15:44:15,377 [grpc-default-executor-5] INFO  impl.RaftServerImpl (RaftServerImpl.java:setRole(184)) - 9092f221-0e0d-4970-bb84-cacd95020f21@group-75C85B6D1182: changes role from  FOLLOWER to FOLLOWER at term 210 for recognizeCandidate:af280123-6372-4d1f-a5d4-c36229a73203
2019-10-24 15:44:15,377 [grpc-default-executor-4] INFO  impl.RaftServerImpl (RaftServerImpl.java:setRole(184)) - b4ae536c-ed18-4717-a75c-ca4b5d6c4001@group-75C85B6D1182: changes role from  FOLLOWER to FOLLOWER at term 210 for recognizeCandidate:af280123-6372-4d1f-a5d4-c36229a73203
2019-10-24 15:44:15,377 [grpc-default-executor-5] INFO  impl.RoleInfo (RoleInfo.java:shutdownFollowerState(121)) - 9092f221-0e0d-4970-bb84-cacd95020f21: shutdown FollowerState
2019-10-24 15:44:15,377 [grpc-default-executor-4] INFO  impl.RoleInfo (RoleInfo.java:shutdownFollowerState(121)) - b4ae536c-ed18-4717-a75c-ca4b5d6c4001: shutdown FollowerState
2019-10-24 15:44:15,377 [Thread-1966] INFO  impl.FollowerState (FollowerState.java:run(117)) - 9092f221-0e0d-4970-bb84-cacd95020f21@group-75C85B6D1182-FollowerState was interrupted: java.lang.InterruptedException: sleep interrupted
2019-10-24 15:44:15,377 [grpc-default-executor-5] INFO  impl.RoleInfo (RoleInfo.java:updateAndGet(143)) - 9092f221-0e0d-4970-bb84-cacd95020f21: start FollowerState
2019-10-24 15:44:15,377 [Thread-1967] INFO  impl.FollowerState (FollowerState.java:run(117)) - b4ae536c-ed18-4717-a75c-ca4b5d6c4001@group-75C85B6D1182-FollowerState was interrupted: java.lang.InterruptedException: sleep interrupted
2019-10-24 15:44:15,377 [grpc-default-executor-4] INFO  impl.RoleInfo (RoleInfo.java:updateAndGet(143)) - b4ae536c-ed18-4717-a75c-ca4b5d6c4001: start FollowerState
2019-10-24 15:44:15,392 [af280123-6372-4d1f-a5d4-c36229a73203@group-75C85B6D1182-LeaderElection217] INFO  impl.LeaderElection (LeaderElection.java:logAndReturn(56)) - af280123-6372-4d1f-a5d4-c36229a73203@group-75C85B6D1182-LeaderElection217: Election REJECTED; received 2 response(s) [af280123-6372-4d1f-a5d4-c36229a73203<-9092f221-0e0d-4970-bb84-cacd95020f21#0:FAIL-t210, af280123-6372-4d1f-a5d4-c36229a73203<-b4ae536c-ed18-4717-a75c-ca4b5d6c4001#0:FAIL-t210] and 0 exception(s); af280123-6372-4d1f-a5d4-c36229a73203@group-75C85B6D1182:t210, leader=null, voted=af280123-6372-4d1f-a5d4-c36229a73203, raftlog=af280123-6372-4d1f-a5d4-c36229a73203@group-75C85B6D1182-SegmentedRaftLog:OPENED:c-1,f-1,i0, conf=-1: [9092f221-0e0d-4970-bb84-cacd95020f21:192.168.164.213:41903, af280123-6372-4d1f-a5d4-c36229a73203:192.168.164.213:35334, b4ae536c-ed18-4717-a75c-ca4b5d6c4001:192.168.164.213:41180], old=null
2019-10-24 15:44:15,392 [af280123-6372-4d1f-a5d4-c36229a73203@group-75C85B6D1182-LeaderElection217] INFO  impl.RaftServerImpl (RaftServerImpl.java:setRole(184)) - af280123-6372-4d1f-a5d4-c36229a73203@group-75C85B6D1182: changes role from CANDIDATE to FOLLOWER at term 210 for DISCOVERED_A_NEW_TERM
2019-10-24 15:44:15,392 [af280123-6372-4d1f-a5d4-c36229a73203@group-75C85B6D1182-LeaderElection217] INFO  impl.RoleInfo (RoleInfo.java:shutdownLeaderElection(134)) - af280123-6372-4d1f-a5d4-c36229a73203: shutdown LeaderElection
2019-10-24 15:44:15,392 [af280123-6372-4d1f-a5d4-c36229a73203@group-75C85B6D1182-LeaderElection217] INFO  impl.RoleInfo (RoleInfo.java:updateAndGet(143)) - af280123-6372-4d1f-a5d4-c36229a73203: start FollowerState
2019-10-24 15:44:15,400 [Thread-1976] INFO  impl.FollowerState (FollowerState.java:run(108)) - af280123-6372-4d1f-a5d4-c36229a73203@group-75C85B6D1182-FollowerState: change to CANDIDATE, lastRpcTime:8ms, electionTimeout:8ms
2019-10-24 15:44:15,400 [Thread-1976] INFO  impl.RoleInfo (RoleInfo.java:shutdownFollowerState(121)) - af280123-6372-4d1f-a5d4-c36229a73203: shutdown FollowerState
2019-10-24 15:44:15,401 [Thread-1976] INFO  impl.RaftServerImpl (RaftServerImpl.java:setRole(184)) - af280123-6372-4d1f-a5d4-c36229a73203@group-75C85B6D1182: changes role from  FOLLOWER to CANDIDATE at term 210 for changeToCandidate
2019-10-24 15:44:15,401 [Thread-1976] INFO  impl.RoleInfo (RoleInfo.java:updateAndGet(143)) - af280123-6372-4d1f-a5d4-c36229a73203: start LeaderElection
2019-10-24 15:44:15,414 [af280123-6372-4d1f-a5d4-c36229a73203@group-75C85B6D1182-LeaderElection218] INFO  impl.LeaderElection (LeaderElection.java:askForVotes(178)) - af280123-6372-4d1f-a5d4-c36229a73203@group-75C85B6D1182-LeaderElection218: begin an election at term 211 for -1: [9092f221-0e0d-4970-bb84-cacd95020f21:192.168.164.213:41903, af280123-6372-4d1f-a5d4-c36229a73203:192.168.164.213:35334, b4ae536c-ed18-4717-a75c-ca4b5d6c4001:192.168.164.213:41180], old=null
2019-10-24 15:44:15,416 [grpc-default-executor-4] INFO  impl.RaftServerImpl (RaftServerImpl.java:setRole(184)) - b4ae536c-ed18-4717-a75c-ca4b5d6c4001@group-75C85B6D1182: changes role from  FOLLOWER to FOLLOWER at term 211 for recognizeCandidate:af280123-6372-4d1f-a5d4-c36229a73203
2019-10-24 15:44:15,416 [grpc-default-executor-5] INFO  impl.RaftServerImpl (RaftServerImpl.java:setRole(184)) - 9092f221-0e0d-4970-bb84-cacd95020f21@group-75C85B6D1182: changes role from  FOLLOWER to FOLLOWER at term 211 for recognizeCandidate:af280123-6372-4d1f-a5d4-c36229a73203
2019-10-24 15:44:15,416 [grpc-default-executor-4] INFO  impl.RoleInfo (RoleInfo.java:shutdownFollowerState(121)) - b4ae536c-ed18-4717-a75c-ca4b5d6c4001: shutdown FollowerState
2019-10-24 15:44:15,416 [grpc-default-executor-5] INFO  impl.RoleInfo (RoleInfo.java:shutdownFollowerState(121)) - 9092f221-0e0d-4970-bb84-cacd95020f21: shutdown FollowerState
2019-10-24 15:44:15,416 [Thread-1975] INFO  impl.FollowerState (FollowerState.java:run(117)) - b4ae536c-ed18-4717-a75c-ca4b5d6c4001@group-75C85B6D1182-FollowerState was interrupted: java.lang.InterruptedException: sleep interrupted
2019-10-24 15:44:15,416 [grpc-default-executor-4] INFO  impl.RoleInfo (RoleInfo.java:updateAndGet(143)) - b4ae536c-ed18-4717-a75c-ca4b5d6c4001: start FollowerState
2019-10-24 15:44:15,417 [Thread-1974] INFO  impl.FollowerState (FollowerState.java:run(117)) - 9092f221-0e0d-4970-bb84-cacd95020f21@group-75C85B6D1182-FollowerState was interrupted: java.lang.InterruptedException: sleep interrupted
2019-10-24 15:44:15,417 [grpc-default-executor-5] INFO  impl.RoleInfo (RoleInfo.java:updateAndGet(143)) - 9092f221-0e0d-4970-bb84-cacd95020f21: start FollowerState
2019-10-24 15:44:15,439 [af280123-6372-4d1f-a5d4-c36229a73203@group-75C85B6D1182-LeaderElection218] INFO  impl.LeaderElection (LeaderElection.java:logAndReturn(56)) - af280123-6372-4d1f-a5d4-c36229a73203@group-75C85B6D1182-LeaderElection218: Election REJECTED; received 2 response(s) [af280123-6372-4d1f-a5d4-c36229a73203<-9092f221-0e0d-4970-bb84-cacd95020f21#0:FAIL-t211, af280123-6372-4d1f-a5d4-c36229a73203<-b4ae536c-ed18-4717-a75c-ca4b5d6c4001#0:FAIL-t211] and 0 exception(s); af280123-6372-4d1f-a5d4-c36229a73203@group-75C85B6D1182:t211, leader=null, voted=af280123-6372-4d1f-a5d4-c36229a73203, raftlog=af280123-6372-4d1f-a5d4-c36229a73203@group-75C85B6D1182-SegmentedRaftLog:OPENED:c-1,f-1,i0, conf=-1: [9092f221-0e0d-4970-bb84-cacd95020f21:192.168.164.213:41903, af280123-6372-4d1f-a5d4-c36229a73203:192.168.164.213:35334, b4ae536c-ed18-4717-a75c-ca4b5d6c4001:192.168.164.213:41180], old=null
2019-10-24 15:44:15,440 [af280123-6372-4d1f-a5d4-c36229a73203@group-75C85B6D1182-LeaderElection218] INFO  impl.RaftServerImpl (RaftServerImpl.java:setRole(184)) - af280123-6372-4d1f-a5d4-c36229a73203@group-75C85B6D1182: changes role from CANDIDATE to FOLLOWER at term 211 for DISCOVERED_A_NEW_TERM
2019-10-24 15:44:15,440 [af280123-6372-4d1f-a5d4-c36229a73203@group-75C85B6D1182-LeaderElection218] INFO  impl.RoleInfo (RoleInfo.java:shutdownLeaderElection(134)) - af280123-6372-4d1f-a5d4-c36229a73203: shutdown LeaderElection
2019-10-24 15:44:15,440 [af280123-6372-4d1f-a5d4-c36229a73203@group-75C85B6D1182-LeaderElection218] INFO  impl.RoleInfo (RoleInfo.java:updateAndGet(143)) - af280123-6372-4d1f-a5d4-c36229a73203: start FollowerState
2019-10-24 15:44:15,471 [Thread-1982] INFO  impl.FollowerState (FollowerState.java:run(108)) - af280123-6372-4d1f-a5d4-c36229a73203@group-75C85B6D1182-FollowerState: change to CANDIDATE, lastRpcTime:31ms, electionTimeout:31ms
2019-10-24 15:44:15,471 [Thread-1982] INFO  impl.RoleInfo (RoleInfo.java:shutdownFollowerState(121)) - af280123-6372-4d1f-a5d4-c36229a73203: shutdown FollowerState
2019-10-24 15:44:15,472 [Thread-1982] INFO  impl.RaftServerImpl (RaftServerImpl.java:setRole(184)) - af280123-6372-4d1f-a5d4-c36229a73203@group-75C85B6D1182: changes role from  FOLLOWER to CANDIDATE at term 211 for changeToCandidate
2019-10-24 15:44:15,472 [Thread-1982] INFO  impl.RoleInfo (RoleInfo.java:updateAndGet(143)) - af280123-6372-4d1f-a5d4-c36229a73203: start LeaderElection
2019-10-24 15:44:15,498 [af280123-6372-4d1f-a5d4-c36229a73203@group-75C85B6D1182-LeaderElection219] INFO  impl.LeaderElection (LeaderElection.java:askForVotes(178)) - af280123-6372-4d1f-a5d4-c36229a73203@group-75C85B6D1182-LeaderElection219: begin an election at term 212 for -1: [9092f221-0e0d-4970-bb84-cacd95020f21:192.168.164.213:41903, af280123-6372-4d1f-a5d4-c36229a73203:192.168.164.213:35334, b4ae536c-ed18-4717-a75c-ca4b5d6c4001:192.168.164.213:41180], old=null
2019-10-24 15:44:15,500 [grpc-default-executor-4] INFO  impl.RaftServerImpl (RaftServerImpl.java:setRole(184)) - b4ae536c-ed18-4717-a75c-ca4b5d6c4001@group-75C85B6D1182: changes role from  FOLLOWER to FOLLOWER at term 212 for recognizeCandidate:af280123-6372-4d1f-a5d4-c36229a73203
2019-10-24 15:44:15,500 [grpc-default-executor-5] INFO  impl.RaftServerImpl (RaftServerImpl.java:setRole(184)) - 9092f221-0e0d-4970-bb84-cacd95020f21@group-75C85B6D1182: changes role from  FOLLOWER to FOLLOWER at term 212 for recognizeCandidate:af280123-6372-4d1f-a5d4-c36229a73203
2019-10-24 15:44:15,500 [grpc-default-executor-4] INFO  impl.RoleInfo (RoleInfo.java:shutdownFollowerState(121)) - b4ae536c-ed18-4717-a75c-ca4b5d6c4001: shutdown FollowerState
2019-10-24 15:44:15,501 [grpc-default-executor-5] INFO  impl.RoleInfo (RoleInfo.java:shutdownFollowerState(121)) - 9092f221-0e0d-4970-bb84-cacd95020f21: shutdown FollowerState
2019-10-24 15:44:15,501 [Thread-1980] INFO  impl.FollowerState (FollowerState.java:run(117)) - b4ae536c-ed18-4717-a75c-ca4b5d6c4001@group-75C85B6D1182-FollowerState was interrupted: java.lang.InterruptedException: sleep interrupted
2019-10-24 15:44:15,501 [grpc-default-executor-4] INFO  impl.RoleInfo (RoleInfo.java:updateAndGet(143)) - b4ae536c-ed18-4717-a75c-ca4b5d6c4001: start FollowerState
2019-10-24 15:44:15,501 [Thread-1981] INFO  impl.FollowerState (FollowerState.java:run(117)) - 9092f221-0e0d-4970-bb84-cacd95020f21@group-75C85B6D1182-FollowerState was interrupted: java.lang.InterruptedException: sleep interrupted
2019-10-24 15:44:15,501 [grpc-default-executor-5] INFO  impl.RoleInfo (RoleInfo.java:updateAndGet(143)) - 9092f221-0e0d-4970-bb84-cacd95020f21: start FollowerState
2019-10-24 15:44:15,529 [af280123-6372-4d1f-a5d4-c36229a73203@group-75C85B6D1182-LeaderElection219] INFO  impl.LeaderElection (LeaderElection.java:logAndReturn(56)) - af280123-6372-4d1f-a5d4-c36229a73203@group-75C85B6D1182-LeaderElection219: Election REJECTED; received 2 response(s) [af280123-6372-4d1f-a5d4-c36229a73203<-9092f221-0e0d-4970-bb84-cacd95020f21#0:FAIL-t212, af280123-6372-4d1f-a5d4-c36229a73203<-b4ae536c-ed18-4717-a75c-ca4b5d6c4001#0:FAIL-t212] and 0 exception(s); af280123-6372-4d1f-a5d4-c36229a73203@group-75C85B6D1182:t212, leader=null, voted=af280123-6372-4d1f-a5d4-c36229a73203, raftlog=af280123-6372-4d1f-a5d4-c36229a73203@group-75C85B6D1182-SegmentedRaftLog:OPENED:c-1,f-1,i0, conf=-1: [9092f221-0e0d-4970-bb84-cacd95020f21:192.168.164.213:41903, af280123-6372-4d1f-a5d4-c36229a73203:192.168.164.213:35334, b4ae536c-ed18-4717-a75c-ca4b5d6c4001:192.168.164.213:41180], old=null
2019-10-24 15:44:15,529 [af280123-6372-4d1f-a5d4-c36229a73203@group-75C85B6D1182-LeaderElection219] INFO  impl.RaftServerImpl (RaftServerImpl.java:setRole(184)) - af280123-6372-4d1f-a5d4-c36229a73203@group-75C85B6D1182: changes role from CANDIDATE to FOLLOWER at term 212 for DISCOVERED_A_NEW_TERM
2019-10-24 15:44:15,530 [af280123-6372-4d1f-a5d4-c36229a73203@group-75C85B6D1182-LeaderElection219] INFO  impl.RoleInfo (RoleInfo.java:shutdownLeaderElection(134)) - af280123-6372-4d1f-a5d4-c36229a73203: shutdown LeaderElection
2019-10-24 15:44:15,530 [af280123-6372-4d1f-a5d4-c36229a73203@group-75C85B6D1182-LeaderElection219] INFO  impl.RoleInfo (RoleInfo.java:updateAndGet(143)) - af280123-6372-4d1f-a5d4-c36229a73203: start FollowerState
2019-10-24 15:44:15,540 [ForkJoinPool.commonPool-worker-0] INFO  ozoneimpl.OzoneContainer (OzoneContainer.java:stop(227)) - Attempting to stop container services.
2019-10-24 15:44:15,540 [ForkJoinPool.commonPool-worker-0] INFO  impl.RaftServerProxy (RaftServerProxy.java:lambda$close$4(314)) - 9092f221-0e0d-4970-bb84-cacd95020f21: close
2019-10-24 15:44:15,541 [ForkJoinPool.commonPool-worker-0] INFO  impl.RaftServerImpl (RaftServerImpl.java:lambda$shutdown$3(261)) - 9092f221-0e0d-4970-bb84-cacd95020f21@group-75C85B6D1182: shutdown
2019-10-24 15:44:15,541 [ForkJoinPool.commonPool-worker-0] INFO  util.JmxRegister (JmxRegister.java:unregister(73)) - Successfully un-registered JMX Bean with object name Ratis:service=RaftServer,group=group-75C85B6D1182,id=9092f221-0e0d-4970-bb84-cacd95020f21
2019-10-24 15:44:15,541 [ForkJoinPool.commonPool-worker-0] INFO  impl.RoleInfo (RoleInfo.java:shutdownFollowerState(121)) - 9092f221-0e0d-4970-bb84-cacd95020f21: shutdown FollowerState
2019-10-24 15:44:15,541 [ForkJoinPool.commonPool-worker-0] INFO  impl.StateMachineUpdater (StateMachineUpdater.java:stopAndJoin(136)) - 9092f221-0e0d-4970-bb84-cacd95020f21@group-75C85B6D1182-StateMachineUpdater: set stopIndex = -1
2019-10-24 15:44:15,541 [Thread-1987] INFO  impl.FollowerState (FollowerState.java:run(117)) - 9092f221-0e0d-4970-bb84-cacd95020f21@group-75C85B6D1182-FollowerState was interrupted: java.lang.InterruptedException: sleep interrupted
2019-10-24 15:44:15,541 [ForkJoinPool.commonPool-worker-0] INFO  impl.RaftServerImpl (ServerState.java:close(388)) - 9092f221-0e0d-4970-bb84-cacd95020f21@group-75C85B6D1182: closes. applyIndex: -1
2019-10-24 15:44:15,542 [9092f221-0e0d-4970-bb84-cacd95020f21@group-75C85B6D1182-SegmentedRaftLogWorker] INFO  segmented.SegmentedRaftLogWorker (SegmentedRaftLogWorker.java:run(316)) - 9092f221-0e0d-4970-bb84-cacd95020f21@group-75C85B6D1182-SegmentedRaftLogWorker was interrupted, exiting. There are 0 tasks remaining in the queue.
2019-10-24 15:44:15,544 [ForkJoinPool.commonPool-worker-0] INFO  segmented.SegmentedRaftLogWorker (SegmentedRaftLogWorker.java:close(224)) - 9092f221-0e0d-4970-bb84-cacd95020f21@group-75C85B6D1182-SegmentedRaftLogWorker close()
2019-10-24 15:44:15,547 [ForkJoinPool.commonPool-worker-0] INFO  impl.RaftServerImpl (RaftServerImpl.java:lambda$shutdown$3(261)) - 9092f221-0e0d-4970-bb84-cacd95020f21@group-C6629A6417E7: shutdown
2019-10-24 15:44:15,548 [ForkJoinPool.commonPool-worker-0] INFO  util.JmxRegister (JmxRegister.java:unregister(73)) - Successfully un-registered JMX Bean with object name Ratis:service=RaftServer,group=group-C6629A6417E7,id=9092f221-0e0d-4970-bb84-cacd95020f21
2019-10-24 15:44:15,548 [ForkJoinPool.commonPool-worker-0] INFO  impl.RoleInfo (RoleInfo.java:shutdownLeaderState(104)) - 9092f221-0e0d-4970-bb84-cacd95020f21: shutdown LeaderState
2019-10-24 15:44:15,548 [ForkJoinPool.commonPool-worker-0] INFO  impl.PendingRequests (PendingRequests.java:sendNotLeaderResponses(202)) - 9092f221-0e0d-4970-bb84-cacd95020f21@group-C6629A6417E7-PendingRequests: sendNotLeaderResponses
2019-10-24 15:44:15,548 [ForkJoinPool.commonPool-worker-0] INFO  impl.StateMachineUpdater (StateMachineUpdater.java:stopAndJoin(136)) - 9092f221-0e0d-4970-bb84-cacd95020f21@group-C6629A6417E7-StateMachineUpdater: set stopIndex = 0
2019-10-24 15:44:15,549 [ForkJoinPool.commonPool-worker-0] INFO  impl.RaftServerImpl (ServerState.java:close(388)) - 9092f221-0e0d-4970-bb84-cacd95020f21@group-C6629A6417E7: closes. applyIndex: 0
2019-10-24 15:44:15,549 [9092f221-0e0d-4970-bb84-cacd95020f21@group-C6629A6417E7-SegmentedRaftLogWorker] INFO  segmented.SegmentedRaftLogWorker (SegmentedRaftLogWorker.java:run(316)) - 9092f221-0e0d-4970-bb84-cacd95020f21@group-C6629A6417E7-SegmentedRaftLogWorker was interrupted, exiting. There are 0 tasks remaining in the queue.
2019-10-24 15:44:15,551 [ForkJoinPool.commonPool-worker-0] INFO  segmented.SegmentedRaftLogWorker (SegmentedRaftLogWorker.java:close(224)) - 9092f221-0e0d-4970-bb84-cacd95020f21@group-C6629A6417E7-SegmentedRaftLogWorker close()
2019-10-24 15:44:15,553 [ForkJoinPool.commonPool-worker-0] INFO  server.GrpcService (GrpcService.java:closeImpl(164)) - 9092f221-0e0d-4970-bb84-cacd95020f21: shutdown server with port 41903 now
2019-10-24 15:44:15,554 [ForkJoinPool.commonPool-worker-0] INFO  server.GrpcService (GrpcService.java:closeImpl(172)) - 9092f221-0e0d-4970-bb84-cacd95020f21: shutdown server with port 41903 successfully
2019-10-24 15:44:15,559 [refreshUsed-/workdir/hadoop-ozone/integration-test/target/test-dir/MiniOzoneClusterImpl-0feb3ce4-70f4-42f6-988c-6bd7afad892e/datanode-4/data/containers] WARN  fs.CachingGetSpaceUsed (CachingGetSpaceUsed.java:run(183)) - Thread Interrupted waiting to refresh disk information: sleep interrupted
2019-10-24 15:44:15,580 [main] INFO  ozoneimpl.OzoneContainer (OzoneContainer.java:stop(227)) - Attempting to stop container services.
2019-10-24 15:44:15,580 [main] INFO  impl.RaftServerProxy (RaftServerProxy.java:lambda$close$4(314)) - abb8132e-b90b-4ab3-abdd-91ffef5e5962: close
2019-10-24 15:44:15,580 [main] INFO  impl.RaftServerImpl (RaftServerImpl.java:lambda$shutdown$3(261)) - abb8132e-b90b-4ab3-abdd-91ffef5e5962@group-D6115FD00A99: shutdown
2019-10-24 15:44:15,580 [ForkJoinPool.commonPool-worker-0] INFO  utils.BackgroundService (BackgroundService.java:shutdown(151)) - Shutting down service BlockDeletingService
2019-10-24 15:44:15,581 [main] INFO  util.JmxRegister (JmxRegister.java:unregister(73)) - Successfully un-registered JMX Bean with object name Ratis:service=RaftServer,group=group-D6115FD00A99,id=abb8132e-b90b-4ab3-abdd-91ffef5e5962
2019-10-24 15:44:15,581 [main] INFO  impl.RoleInfo (RoleInfo.java:shutdownFollowerState(121)) - abb8132e-b90b-4ab3-abdd-91ffef5e5962: shutdown FollowerState
2019-10-24 15:44:15,584 [main] INFO  impl.StateMachineUpdater (StateMachineUpdater.java:stopAndJoin(136)) - abb8132e-b90b-4ab3-abdd-91ffef5e5962@group-D6115FD00A99-StateMachineUpdater: set stopIndex = 4
2019-10-24 15:44:15,585 [ForkJoinPool.commonPool-worker-0] INFO  statemachine.DatanodeStateMachine (DatanodeStateMachine.java:stopDaemon(395)) - Ozone container server stopped.
2019-10-24 15:44:15,585 [abb8132e-b90b-4ab3-abdd-91ffef5e5962@group-D6115FD00A99-StateMachineUpdater] INFO  ratis.ContainerStateMachine (ContainerStateMachine.java:takeSnapshot(294)) - group-D6115FD00A99: Taking a snapshot at:(t:10, i:3) file /workdir/hadoop-ozone/integration-test/target/test-dir/MiniOzoneClusterImpl-0feb3ce4-70f4-42f6-988c-6bd7afad892e/datanode-8/data/ratis/029cd483-b1e5-49b9-bdf9-d6115fd00a99/sm/snapshot.10_3
2019-10-24 15:44:15,584 [Thread-1968] INFO  impl.FollowerState (FollowerState.java:run(117)) - abb8132e-b90b-4ab3-abdd-91ffef5e5962@group-D6115FD00A99-FollowerState was interrupted: java.lang.InterruptedException: sleep interrupted
2019-10-24 15:44:15,613 [abb8132e-b90b-4ab3-abdd-91ffef5e5962@group-D6115FD00A99-StateMachineUpdater] INFO  ratis.ContainerStateMachine (ContainerStateMachine.java:takeSnapshot(305)) - group-D6115FD00A99: Finished taking a snapshot at:(t:10, i:3) file:/workdir/hadoop-ozone/integration-test/target/test-dir/MiniOzoneClusterImpl-0feb3ce4-70f4-42f6-988c-6bd7afad892e/datanode-8/data/ratis/029cd483-b1e5-49b9-bdf9-d6115fd00a99/sm/snapshot.10_3 time:29
2019-10-24 15:44:15,614 [abb8132e-b90b-4ab3-abdd-91ffef5e5962@group-D6115FD00A99-StateMachineUpdater] INFO  impl.StateMachineUpdater (StateMachineUpdater.java:takeSnapshot(269)) - abb8132e-b90b-4ab3-abdd-91ffef5e5962@group-D6115FD00A99-StateMachineUpdater: Took a snapshot at index 3
2019-10-24 15:44:15,614 [abb8132e-b90b-4ab3-abdd-91ffef5e5962@group-D6115FD00A99-StateMachineUpdater] INFO  impl.StateMachineUpdater (StateMachineUpdater.java:lambda$new$0(84)) - abb8132e-b90b-4ab3-abdd-91ffef5e5962@group-D6115FD00A99-StateMachineUpdater: snapshotIndex: updateIncreasingly -1 -> 3
2019-10-24 15:44:15,614 [abb8132e-b90b-4ab3-abdd-91ffef5e5962@group-D6115FD00A99-StateMachineUpdater] INFO  ratis.ContainerStateMachine (ContainerStateMachine.java:takeSnapshot(294)) - group-D6115FD00A99: Taking a snapshot at:(t:10, i:3) file /workdir/hadoop-ozone/integration-test/target/test-dir/MiniOzoneClusterImpl-0feb3ce4-70f4-42f6-988c-6bd7afad892e/datanode-8/data/ratis/029cd483-b1e5-49b9-bdf9-d6115fd00a99/sm/snapshot.10_3
2019-10-24 15:44:15,627 [abb8132e-b90b-4ab3-abdd-91ffef5e5962@group-D6115FD00A99-StateMachineUpdater] INFO  ratis.ContainerStateMachine (ContainerStateMachine.java:takeSnapshot(305)) - group-D6115FD00A99: Finished taking a snapshot at:(t:10, i:3) file:/workdir/hadoop-ozone/integration-test/target/test-dir/MiniOzoneClusterImpl-0feb3ce4-70f4-42f6-988c-6bd7afad892e/datanode-8/data/ratis/029cd483-b1e5-49b9-bdf9-d6115fd00a99/sm/snapshot.10_3 time:13
2019-10-24 15:44:15,627 [abb8132e-b90b-4ab3-abdd-91ffef5e5962@group-D6115FD00A99-StateMachineUpdater] INFO  impl.StateMachineUpdater (StateMachineUpdater.java:takeSnapshot(269)) - abb8132e-b90b-4ab3-abdd-91ffef5e5962@group-D6115FD00A99-StateMachineUpdater: Took a snapshot at index 3
2019-10-24 15:44:15,627 [abb8132e-b90b-4ab3-abdd-91ffef5e5962@group-D6115FD00A99-StateMachineUpdater] INFO  impl.StateMachineUpdater (StateMachineUpdater.java:lambda$new$0(84)) - abb8132e-b90b-4ab3-abdd-91ffef5e5962@group-D6115FD00A99-StateMachineUpdater: snapshotIndex: updateIncreasingly 3 -> 3
2019-10-24 15:44:15,627 [main] INFO  impl.RaftServerImpl (ServerState.java:close(388)) - abb8132e-b90b-4ab3-abdd-91ffef5e5962@group-D6115FD00A99: closes. applyIndex: 4
2019-10-24 15:44:15,628 [abb8132e-b90b-4ab3-abdd-91ffef5e5962@group-D6115FD00A99-SegmentedRaftLogWorker] INFO  segmented.SegmentedRaftLogWorker (SegmentedRaftLogWorker.java:run(316)) - abb8132e-b90b-4ab3-abdd-91ffef5e5962@group-D6115FD00A99-SegmentedRaftLogWorker was interrupted, exiting. There are 0 tasks remaining in the queue.
2019-10-24 15:44:15,630 [main] INFO  segmented.SegmentedRaftLogWorker (SegmentedRaftLogWorker.java:close(224)) - abb8132e-b90b-4ab3-abdd-91ffef5e5962@group-D6115FD00A99-SegmentedRaftLogWorker close()
2019-10-24 15:44:15,637 [Thread-1988] INFO  impl.FollowerState (FollowerState.java:run(108)) - af280123-6372-4d1f-a5d4-c36229a73203@group-75C85B6D1182-FollowerState: change to CANDIDATE, lastRpcTime:107ms, electionTimeout:107ms
2019-10-24 15:44:15,638 [main] INFO  impl.RaftServerImpl (RaftServerImpl.java:lambda$shutdown$3(261)) - abb8132e-b90b-4ab3-abdd-91ffef5e5962@group-3D1C18BFD4B7: shutdown
2019-10-24 15:44:15,639 [main] INFO  util.JmxRegister (JmxRegister.java:unregister(73)) - Successfully un-registered JMX Bean with object name Ratis:service=RaftServer,group=group-3D1C18BFD4B7,id=abb8132e-b90b-4ab3-abdd-91ffef5e5962
2019-10-24 15:44:15,638 [Thread-1988] INFO  impl.RoleInfo (RoleInfo.java:shutdownFollowerState(121)) - af280123-6372-4d1f-a5d4-c36229a73203: shutdown FollowerState
2019-10-24 15:44:15,639 [main] INFO  impl.RoleInfo (RoleInfo.java:shutdownLeaderState(104)) - abb8132e-b90b-4ab3-abdd-91ffef5e5962: shutdown LeaderState
2019-10-24 15:44:15,639 [Thread-1988] INFO  impl.RaftServerImpl (RaftServerImpl.java:setRole(184)) - af280123-6372-4d1f-a5d4-c36229a73203@group-75C85B6D1182: changes role from  FOLLOWER to CANDIDATE at term 212 for changeToCandidate
2019-10-24 15:44:15,640 [main] INFO  impl.PendingRequests (PendingRequests.java:sendNotLeaderResponses(202)) - abb8132e-b90b-4ab3-abdd-91ffef5e5962@group-3D1C18BFD4B7-PendingRequests: sendNotLeaderResponses
2019-10-24 15:44:15,640 [Thread-1988] INFO  impl.RoleInfo (RoleInfo.java:updateAndGet(143)) - af280123-6372-4d1f-a5d4-c36229a73203: start LeaderElection
2019-10-24 15:44:15,640 [main] INFO  impl.StateMachineUpdater (StateMachineUpdater.java:stopAndJoin(136)) - abb8132e-b90b-4ab3-abdd-91ffef5e5962@group-3D1C18BFD4B7-StateMachineUpdater: set stopIndex = 0
2019-10-24 15:44:15,640 [main] INFO  impl.RaftServerImpl (ServerState.java:close(388)) - abb8132e-b90b-4ab3-abdd-91ffef5e5962@group-3D1C18BFD4B7: closes. applyIndex: 0
2019-10-24 15:44:15,641 [abb8132e-b90b-4ab3-abdd-91ffef5e5962@group-3D1C18BFD4B7-SegmentedRaftLogWorker] INFO  segmented.SegmentedRaftLogWorker (SegmentedRaftLogWorker.java:run(316)) - abb8132e-b90b-4ab3-abdd-91ffef5e5962@group-3D1C18BFD4B7-SegmentedRaftLogWorker was interrupted, exiting. There are 0 tasks remaining in the queue.
2019-10-24 15:44:15,641 [main] INFO  segmented.SegmentedRaftLogWorker (SegmentedRaftLogWorker.java:close(224)) - abb8132e-b90b-4ab3-abdd-91ffef5e5962@group-3D1C18BFD4B7-SegmentedRaftLogWorker close()
2019-10-24 15:44:15,642 [main] INFO  server.GrpcService (GrpcService.java:closeImpl(164)) - abb8132e-b90b-4ab3-abdd-91ffef5e5962: shutdown server with port 45083 now
2019-10-24 15:44:15,644 [main] INFO  server.GrpcService (GrpcService.java:closeImpl(172)) - abb8132e-b90b-4ab3-abdd-91ffef5e5962: shutdown server with port 45083 successfully
2019-10-24 15:44:15,645 [refreshUsed-/workdir/hadoop-ozone/integration-test/target/test-dir/MiniOzoneClusterImpl-0feb3ce4-70f4-42f6-988c-6bd7afad892e/datanode-8/data/containers] WARN  fs.CachingGetSpaceUsed (CachingGetSpaceUsed.java:run(183)) - Thread Interrupted waiting to refresh disk information: sleep interrupted
2019-10-24 15:44:15,654 [af280123-6372-4d1f-a5d4-c36229a73203@group-75C85B6D1182-LeaderElection220] INFO  impl.LeaderElection (LeaderElection.java:askForVotes(178)) - af280123-6372-4d1f-a5d4-c36229a73203@group-75C85B6D1182-LeaderElection220: begin an election at term 213 for -1: [9092f221-0e0d-4970-bb84-cacd95020f21:192.168.164.213:41903, af280123-6372-4d1f-a5d4-c36229a73203:192.168.164.213:35334, b4ae536c-ed18-4717-a75c-ca4b5d6c4001:192.168.164.213:41180], old=null
2019-10-24 15:44:15,655 [grpc-default-executor-4] INFO  impl.RaftServerImpl (RaftServerImpl.java:setRole(184)) - b4ae536c-ed18-4717-a75c-ca4b5d6c4001@group-75C85B6D1182: changes role from  FOLLOWER to FOLLOWER at term 213 for recognizeCandidate:af280123-6372-4d1f-a5d4-c36229a73203
2019-10-24 15:44:15,655 [grpc-default-executor-4] INFO  impl.RoleInfo (RoleInfo.java:shutdownFollowerState(121)) - b4ae536c-ed18-4717-a75c-ca4b5d6c4001: shutdown FollowerState
2019-10-24 15:44:15,655 [grpc-default-executor-4] INFO  impl.RoleInfo (RoleInfo.java:updateAndGet(143)) - b4ae536c-ed18-4717-a75c-ca4b5d6c4001: start FollowerState
2019-10-24 15:44:15,656 [Thread-1986] INFO  impl.FollowerState (FollowerState.java:run(117)) - b4ae536c-ed18-4717-a75c-ca4b5d6c4001@group-75C85B6D1182-FollowerState was interrupted: java.lang.InterruptedException: sleep interrupted
2019-10-24 15:44:15,656 [af280123-6372-4d1f-a5d4-c36229a73203@group-75C85B6D1182-LeaderElection220] INFO  impl.LeaderElection (LogUtils.java:infoOrTrace(149)) - af280123-6372-4d1f-a5d4-c36229a73203@group-75C85B6D1182-LeaderElection220 got exception when requesting votes: {}
java.util.concurrent.ExecutionException: org.apache.ratis.thirdparty.io.grpc.StatusRuntimeException: UNAVAILABLE: io exception
	at java.util.concurrent.FutureTask.report(FutureTask.java:122)
	at java.util.concurrent.FutureTask.get(FutureTask.java:192)
	at org.apache.ratis.server.impl.LeaderElection.waitForResults(LeaderElection.java:259)
	at org.apache.ratis.server.impl.LeaderElection.askForVotes(LeaderElection.java:197)
	at org.apache.ratis.server.impl.LeaderElection.run(LeaderElection.java:133)
	at java.lang.Thread.run(Thread.java:748)
Caused by: org.apache.ratis.thirdparty.io.grpc.StatusRuntimeException: UNAVAILABLE: io exception
	at org.apache.ratis.thirdparty.io.grpc.stub.ClientCalls.toStatusRuntimeException(ClientCalls.java:233)
	at org.apache.ratis.thirdparty.io.grpc.stub.ClientCalls.getUnchecked(ClientCalls.java:214)
	at org.apache.ratis.thirdparty.io.grpc.stub.ClientCalls.blockingUnaryCall(ClientCalls.java:139)
	at org.apache.ratis.proto.grpc.RaftServerProtocolServiceGrpc$RaftServerProtocolServiceBlockingStub.requestVote(RaftServerProtocolServiceGrpc.java:265)
	at org.apache.ratis.grpc.server.GrpcServerProtocolClient.requestVote(GrpcServerProtocolClient.java:99)
	at org.apache.ratis.grpc.server.GrpcService.requestVote(GrpcService.java:204)
	at org.apache.ratis.server.impl.LeaderElection.lambda$submitRequests$1(LeaderElection.java:234)
	at java.util.concurrent.FutureTask.run(FutureTask.java:266)
	at java.util.concurrent.Executors$RunnableAdapter.call(Executors.java:511)
	at java.util.concurrent.FutureTask.run(FutureTask.java:266)
	at java.util.concurrent.ThreadPoolExecutor.runWorker(ThreadPoolExecutor.java:1149)
	at java.util.concurrent.ThreadPoolExecutor$Worker.run(ThreadPoolExecutor.java:624)
	... 1 more
Caused by: org.apache.ratis.thirdparty.io.netty.channel.AbstractChannel$AnnotatedConnectException: Connection refused: /192.168.164.213:41903
	at sun.nio.ch.SocketChannelImpl.checkConnect(Native Method)
	at sun.nio.ch.SocketChannelImpl.finishConnect(SocketChannelImpl.java:717)
	at org.apache.ratis.thirdparty.io.netty.channel.socket.nio.NioSocketChannel.doFinishConnect(NioSocketChannel.java:327)
	at org.apache.ratis.thirdparty.io.netty.channel.nio.AbstractNioChannel$AbstractNioUnsafe.finishConnect(AbstractNioChannel.java:340)
	at org.apache.ratis.thirdparty.io.netty.channel.nio.NioEventLoop.processSelectedKey(NioEventLoop.java:632)
	at org.apache.ratis.thirdparty.io.netty.channel.nio.NioEventLoop.processSelectedKeysOptimized(NioEventLoop.java:579)
	at org.apache.ratis.thirdparty.io.netty.channel.nio.NioEventLoop.processSelectedKeys(NioEventLoop.java:496)
	at org.apache.ratis.thirdparty.io.netty.channel.nio.NioEventLoop.run(NioEventLoop.java:458)
	at org.apache.ratis.thirdparty.io.netty.util.concurrent.SingleThreadEventExecutor$5.run(SingleThreadEventExecutor.java:897)
	at org.apache.ratis.thirdparty.io.netty.util.concurrent.FastThreadLocalRunnable.run(FastThreadLocalRunnable.java:30)
	... 1 more
Caused by: java.net.ConnectException: Connection refused
	... 11 more
2019-10-24 15:44:15,665 [main] INFO  utils.BackgroundService (BackgroundService.java:shutdown(151)) - Shutting down service BlockDeletingService
2019-10-24 15:44:15,668 [main] INFO  statemachine.DatanodeStateMachine (DatanodeStateMachine.java:stopDaemon(395)) - Ozone container server stopped.
2019-10-24 15:44:15,669 [af280123-6372-4d1f-a5d4-c36229a73203@group-75C85B6D1182-LeaderElection220] INFO  impl.LeaderElection (LeaderElection.java:logAndReturn(56)) - af280123-6372-4d1f-a5d4-c36229a73203@group-75C85B6D1182-LeaderElection220: Election REJECTED; received 1 response(s) [af280123-6372-4d1f-a5d4-c36229a73203<-b4ae536c-ed18-4717-a75c-ca4b5d6c4001#0:FAIL-t213] and 1 exception(s); af280123-6372-4d1f-a5d4-c36229a73203@group-75C85B6D1182:t213, leader=null, voted=af280123-6372-4d1f-a5d4-c36229a73203, raftlog=af280123-6372-4d1f-a5d4-c36229a73203@group-75C85B6D1182-SegmentedRaftLog:OPENED:c-1,f-1,i0, conf=-1: [9092f221-0e0d-4970-bb84-cacd95020f21:192.168.164.213:41903, af280123-6372-4d1f-a5d4-c36229a73203:192.168.164.213:35334, b4ae536c-ed18-4717-a75c-ca4b5d6c4001:192.168.164.213:41180], old=null
2019-10-24 15:44:15,669 [af280123-6372-4d1f-a5d4-c36229a73203@group-75C85B6D1182-LeaderElection220] INFO  impl.LeaderElection (LogUtils.java:infoOrTrace(149)) -   Exception 0: {}
java.util.concurrent.ExecutionException: org.apache.ratis.thirdparty.io.grpc.StatusRuntimeException: UNAVAILABLE: io exception
	at java.util.concurrent.FutureTask.report(FutureTask.java:122)
	at java.util.concurrent.FutureTask.get(FutureTask.java:192)
	at org.apache.ratis.server.impl.LeaderElection.waitForResults(LeaderElection.java:259)
	at org.apache.ratis.server.impl.LeaderElection.askForVotes(LeaderElection.java:197)
	at org.apache.ratis.server.impl.LeaderElection.run(LeaderElection.java:133)
	at java.lang.Thread.run(Thread.java:748)
Caused by: org.apache.ratis.thirdparty.io.grpc.StatusRuntimeException: UNAVAILABLE: io exception
	at org.apache.ratis.thirdparty.io.grpc.stub.ClientCalls.toStatusRuntimeException(ClientCalls.java:233)
	at org.apache.ratis.thirdparty.io.grpc.stub.ClientCalls.getUnchecked(ClientCalls.java:214)
	at org.apache.ratis.thirdparty.io.grpc.stub.ClientCalls.blockingUnaryCall(ClientCalls.java:139)
	at org.apache.ratis.proto.grpc.RaftServerProtocolServiceGrpc$RaftServerProtocolServiceBlockingStub.requestVote(RaftServerProtocolServiceGrpc.java:265)
	at org.apache.ratis.grpc.server.GrpcServerProtocolClient.requestVote(GrpcServerProtocolClient.java:99)
	at org.apache.ratis.grpc.server.GrpcService.requestVote(GrpcService.java:204)
	at org.apache.ratis.server.impl.LeaderElection.lambda$submitRequests$1(LeaderElection.java:234)
	at java.util.concurrent.FutureTask.run(FutureTask.java:266)
	at java.util.concurrent.Executors$RunnableAdapter.call(Executors.java:511)
	at java.util.concurrent.FutureTask.run(FutureTask.java:266)
	at java.util.concurrent.ThreadPoolExecutor.runWorker(ThreadPoolExecutor.java:1149)
	at java.util.concurrent.ThreadPoolExecutor$Worker.run(ThreadPoolExecutor.java:624)
	... 1 more
Caused by: org.apache.ratis.thirdparty.io.netty.channel.AbstractChannel$AnnotatedConnectException: Connection refused: /192.168.164.213:41903
	at sun.nio.ch.SocketChannelImpl.checkConnect(Native Method)
	at sun.nio.ch.SocketChannelImpl.finishConnect(SocketChannelImpl.java:717)
	at org.apache.ratis.thirdparty.io.netty.channel.socket.nio.NioSocketChannel.doFinishConnect(NioSocketChannel.java:327)
	at org.apache.ratis.thirdparty.io.netty.channel.nio.AbstractNioChannel$AbstractNioUnsafe.finishConnect(AbstractNioChannel.java:340)
	at org.apache.ratis.thirdparty.io.netty.channel.nio.NioEventLoop.processSelectedKey(NioEventLoop.java:632)
	at org.apache.ratis.thirdparty.io.netty.channel.nio.NioEventLoop.processSelectedKeysOptimized(NioEventLoop.java:579)
	at org.apache.ratis.thirdparty.io.netty.channel.nio.NioEventLoop.processSelectedKeys(NioEventLoop.java:496)
	at org.apache.ratis.thirdparty.io.netty.channel.nio.NioEventLoop.run(NioEventLoop.java:458)
	at org.apache.ratis.thirdparty.io.netty.util.concurrent.SingleThreadEventExecutor$5.run(SingleThreadEventExecutor.java:897)
	at org.apache.ratis.thirdparty.io.netty.util.concurrent.FastThreadLocalRunnable.run(FastThreadLocalRunnable.java:30)
	... 1 more
Caused by: java.net.ConnectException: Connection refused
	... 11 more
2019-10-24 15:44:15,669 [af280123-6372-4d1f-a5d4-c36229a73203@group-75C85B6D1182-LeaderElection220] INFO  impl.RaftServerImpl (RaftServerImpl.java:setRole(184)) - af280123-6372-4d1f-a5d4-c36229a73203@group-75C85B6D1182: changes role from CANDIDATE to FOLLOWER at term 213 for DISCOVERED_A_NEW_TERM
2019-10-24 15:44:15,669 [af280123-6372-4d1f-a5d4-c36229a73203@group-75C85B6D1182-LeaderElection220] INFO  impl.RoleInfo (RoleInfo.java:shutdownLeaderElection(134)) - af280123-6372-4d1f-a5d4-c36229a73203: shutdown LeaderElection
2019-10-24 15:44:15,670 [af280123-6372-4d1f-a5d4-c36229a73203@group-75C85B6D1182-LeaderElection220] INFO  impl.RoleInfo (RoleInfo.java:updateAndGet(143)) - af280123-6372-4d1f-a5d4-c36229a73203: start FollowerState
2019-10-24 15:44:15,766 [Thread-1993] INFO  impl.FollowerState (FollowerState.java:run(108)) - af280123-6372-4d1f-a5d4-c36229a73203@group-75C85B6D1182-FollowerState: change to CANDIDATE, lastRpcTime:96ms, electionTimeout:96ms
2019-10-24 15:44:15,766 [Thread-1993] INFO  impl.RoleInfo (RoleInfo.java:shutdownFollowerState(121)) - af280123-6372-4d1f-a5d4-c36229a73203: shutdown FollowerState
2019-10-24 15:44:15,766 [Thread-1993] INFO  impl.RaftServerImpl (RaftServerImpl.java:setRole(184)) - af280123-6372-4d1f-a5d4-c36229a73203@group-75C85B6D1182: changes role from  FOLLOWER to CANDIDATE at term 213 for changeToCandidate
2019-10-24 15:44:15,766 [Thread-1993] INFO  impl.RoleInfo (RoleInfo.java:updateAndGet(143)) - af280123-6372-4d1f-a5d4-c36229a73203: start LeaderElection
2019-10-24 15:44:15,780 [af280123-6372-4d1f-a5d4-c36229a73203@group-75C85B6D1182-LeaderElection221] INFO  impl.LeaderElection (LeaderElection.java:askForVotes(178)) - af280123-6372-4d1f-a5d4-c36229a73203@group-75C85B6D1182-LeaderElection221: begin an election at term 214 for -1: [9092f221-0e0d-4970-bb84-cacd95020f21:192.168.164.213:41903, af280123-6372-4d1f-a5d4-c36229a73203:192.168.164.213:35334, b4ae536c-ed18-4717-a75c-ca4b5d6c4001:192.168.164.213:41180], old=null
2019-10-24 15:44:15,781 [af280123-6372-4d1f-a5d4-c36229a73203@group-75C85B6D1182-LeaderElection221] INFO  impl.LeaderElection (LogUtils.java:infoOrTrace(149)) - af280123-6372-4d1f-a5d4-c36229a73203@group-75C85B6D1182-LeaderElection221 got exception when requesting votes: {}
java.util.concurrent.ExecutionException: org.apache.ratis.thirdparty.io.grpc.StatusRuntimeException: UNAVAILABLE: io exception
	at java.util.concurrent.FutureTask.report(FutureTask.java:122)
	at java.util.concurrent.FutureTask.get(FutureTask.java:192)
	at org.apache.ratis.server.impl.LeaderElection.waitForResults(LeaderElection.java:259)
	at org.apache.ratis.server.impl.LeaderElection.askForVotes(LeaderElection.java:197)
	at org.apache.ratis.server.impl.LeaderElection.run(LeaderElection.java:133)
	at java.lang.Thread.run(Thread.java:748)
Caused by: org.apache.ratis.thirdparty.io.grpc.StatusRuntimeException: UNAVAILABLE: io exception
	at org.apache.ratis.thirdparty.io.grpc.stub.ClientCalls.toStatusRuntimeException(ClientCalls.java:233)
	at org.apache.ratis.thirdparty.io.grpc.stub.ClientCalls.getUnchecked(ClientCalls.java:214)
	at org.apache.ratis.thirdparty.io.grpc.stub.ClientCalls.blockingUnaryCall(ClientCalls.java:139)
	at org.apache.ratis.proto.grpc.RaftServerProtocolServiceGrpc$RaftServerProtocolServiceBlockingStub.requestVote(RaftServerProtocolServiceGrpc.java:265)
	at org.apache.ratis.grpc.server.GrpcServerProtocolClient.requestVote(GrpcServerProtocolClient.java:99)
	at org.apache.ratis.grpc.server.GrpcService.requestVote(GrpcService.java:204)
	at org.apache.ratis.server.impl.LeaderElection.lambda$submitRequests$1(LeaderElection.java:234)
	at java.util.concurrent.FutureTask.run(FutureTask.java:266)
	at java.util.concurrent.Executors$RunnableAdapter.call(Executors.java:511)
	at java.util.concurrent.FutureTask.run(FutureTask.java:266)
	at java.util.concurrent.ThreadPoolExecutor.runWorker(ThreadPoolExecutor.java:1149)
	at java.util.concurrent.ThreadPoolExecutor$Worker.run(ThreadPoolExecutor.java:624)
	... 1 more
Caused by: org.apache.ratis.thirdparty.io.netty.channel.AbstractChannel$AnnotatedConnectException: Connection refused: /192.168.164.213:41903
	at sun.nio.ch.SocketChannelImpl.checkConnect(Native Method)
	at sun.nio.ch.SocketChannelImpl.finishConnect(SocketChannelImpl.java:717)
	at org.apache.ratis.thirdparty.io.netty.channel.socket.nio.NioSocketChannel.doFinishConnect(NioSocketChannel.java:327)
	at org.apache.ratis.thirdparty.io.netty.channel.nio.AbstractNioChannel$AbstractNioUnsafe.finishConnect(AbstractNioChannel.java:340)
	at org.apache.ratis.thirdparty.io.netty.channel.nio.NioEventLoop.processSelectedKey(NioEventLoop.java:632)
	at org.apache.ratis.thirdparty.io.netty.channel.nio.NioEventLoop.processSelectedKeysOptimized(NioEventLoop.java:579)
	at org.apache.ratis.thirdparty.io.netty.channel.nio.NioEventLoop.processSelectedKeys(NioEventLoop.java:496)
	at org.apache.ratis.thirdparty.io.netty.channel.nio.NioEventLoop.run(NioEventLoop.java:458)
	at org.apache.ratis.thirdparty.io.netty.util.concurrent.SingleThreadEventExecutor$5.run(SingleThreadEventExecutor.java:897)
	at org.apache.ratis.thirdparty.io.netty.util.concurrent.FastThreadLocalRunnable.run(FastThreadLocalRunnable.java:30)
	... 1 more
Caused by: java.net.ConnectException: Connection refused
	... 11 more
2019-10-24 15:44:15,788 [grpc-default-executor-4] INFO  impl.RaftServerImpl (RaftServerImpl.java:setRole(184)) - b4ae536c-ed18-4717-a75c-ca4b5d6c4001@group-75C85B6D1182: changes role from  FOLLOWER to FOLLOWER at term 214 for recognizeCandidate:af280123-6372-4d1f-a5d4-c36229a73203
2019-10-24 15:44:15,788 [grpc-default-executor-4] INFO  impl.RoleInfo (RoleInfo.java:shutdownFollowerState(121)) - b4ae536c-ed18-4717-a75c-ca4b5d6c4001: shutdown FollowerState
2019-10-24 15:44:15,788 [grpc-default-executor-4] INFO  impl.RoleInfo (RoleInfo.java:updateAndGet(143)) - b4ae536c-ed18-4717-a75c-ca4b5d6c4001: start FollowerState
2019-10-24 15:44:15,789 [Thread-1992] INFO  impl.FollowerState (FollowerState.java:run(117)) - b4ae536c-ed18-4717-a75c-ca4b5d6c4001@group-75C85B6D1182-FollowerState was interrupted: java.lang.InterruptedException: sleep interrupted
2019-10-24 15:44:15,802 [af280123-6372-4d1f-a5d4-c36229a73203@group-75C85B6D1182-LeaderElection221] INFO  impl.LeaderElection (LeaderElection.java:logAndReturn(56)) - af280123-6372-4d1f-a5d4-c36229a73203@group-75C85B6D1182-LeaderElection221: Election REJECTED; received 1 response(s) [af280123-6372-4d1f-a5d4-c36229a73203<-b4ae536c-ed18-4717-a75c-ca4b5d6c4001#0:FAIL-t214] and 1 exception(s); af280123-6372-4d1f-a5d4-c36229a73203@group-75C85B6D1182:t214, leader=null, voted=af280123-6372-4d1f-a5d4-c36229a73203, raftlog=af280123-6372-4d1f-a5d4-c36229a73203@group-75C85B6D1182-SegmentedRaftLog:OPENED:c-1,f-1,i0, conf=-1: [9092f221-0e0d-4970-bb84-cacd95020f21:192.168.164.213:41903, af280123-6372-4d1f-a5d4-c36229a73203:192.168.164.213:35334, b4ae536c-ed18-4717-a75c-ca4b5d6c4001:192.168.164.213:41180], old=null
2019-10-24 15:44:15,802 [af280123-6372-4d1f-a5d4-c36229a73203@group-75C85B6D1182-LeaderElection221] INFO  impl.LeaderElection (LogUtils.java:infoOrTrace(149)) -   Exception 0: {}
java.util.concurrent.ExecutionException: org.apache.ratis.thirdparty.io.grpc.StatusRuntimeException: UNAVAILABLE: io exception
	at java.util.concurrent.FutureTask.report(FutureTask.java:122)
	at java.util.concurrent.FutureTask.get(FutureTask.java:192)
	at org.apache.ratis.server.impl.LeaderElection.waitForResults(LeaderElection.java:259)
	at org.apache.ratis.server.impl.LeaderElection.askForVotes(LeaderElection.java:197)
	at org.apache.ratis.server.impl.LeaderElection.run(LeaderElection.java:133)
	at java.lang.Thread.run(Thread.java:748)
Caused by: org.apache.ratis.thirdparty.io.grpc.StatusRuntimeException: UNAVAILABLE: io exception
	at org.apache.ratis.thirdparty.io.grpc.stub.ClientCalls.toStatusRuntimeException(ClientCalls.java:233)
	at org.apache.ratis.thirdparty.io.grpc.stub.ClientCalls.getUnchecked(ClientCalls.java:214)
	at org.apache.ratis.thirdparty.io.grpc.stub.ClientCalls.blockingUnaryCall(ClientCalls.java:139)
	at org.apache.ratis.proto.grpc.RaftServerProtocolServiceGrpc$RaftServerProtocolServiceBlockingStub.requestVote(RaftServerProtocolServiceGrpc.java:265)
	at org.apache.ratis.grpc.server.GrpcServerProtocolClient.requestVote(GrpcServerProtocolClient.java:99)
	at org.apache.ratis.grpc.server.GrpcService.requestVote(GrpcService.java:204)
	at org.apache.ratis.server.impl.LeaderElection.lambda$submitRequests$1(LeaderElection.java:234)
	at java.util.concurrent.FutureTask.run(FutureTask.java:266)
	at java.util.concurrent.Executors$RunnableAdapter.call(Executors.java:511)
	at java.util.concurrent.FutureTask.run(FutureTask.java:266)
	at java.util.concurrent.ThreadPoolExecutor.runWorker(ThreadPoolExecutor.java:1149)
	at java.util.concurrent.ThreadPoolExecutor$Worker.run(ThreadPoolExecutor.java:624)
	... 1 more
Caused by: org.apache.ratis.thirdparty.io.netty.channel.AbstractChannel$AnnotatedConnectException: Connection refused: /192.168.164.213:41903
	at sun.nio.ch.SocketChannelImpl.checkConnect(Native Method)
	at sun.nio.ch.SocketChannelImpl.finishConnect(SocketChannelImpl.java:717)
	at org.apache.ratis.thirdparty.io.netty.channel.socket.nio.NioSocketChannel.doFinishConnect(NioSocketChannel.java:327)
	at org.apache.ratis.thirdparty.io.netty.channel.nio.AbstractNioChannel$AbstractNioUnsafe.finishConnect(AbstractNioChannel.java:340)
	at org.apache.ratis.thirdparty.io.netty.channel.nio.NioEventLoop.processSelectedKey(NioEventLoop.java:632)
	at org.apache.ratis.thirdparty.io.netty.channel.nio.NioEventLoop.processSelectedKeysOptimized(NioEventLoop.java:579)
	at org.apache.ratis.thirdparty.io.netty.channel.nio.NioEventLoop.processSelectedKeys(NioEventLoop.java:496)
	at org.apache.ratis.thirdparty.io.netty.channel.nio.NioEventLoop.run(NioEventLoop.java:458)
	at org.apache.ratis.thirdparty.io.netty.util.concurrent.SingleThreadEventExecutor$5.run(SingleThreadEventExecutor.java:897)
	at org.apache.ratis.thirdparty.io.netty.util.concurrent.FastThreadLocalRunnable.run(FastThreadLocalRunnable.java:30)
	... 1 more
Caused by: java.net.ConnectException: Connection refused
	... 11 more
2019-10-24 15:44:15,802 [af280123-6372-4d1f-a5d4-c36229a73203@group-75C85B6D1182-LeaderElection221] INFO  impl.RaftServerImpl (RaftServerImpl.java:setRole(184)) - af280123-6372-4d1f-a5d4-c36229a73203@group-75C85B6D1182: changes role from CANDIDATE to FOLLOWER at term 214 for DISCOVERED_A_NEW_TERM
2019-10-24 15:44:15,802 [af280123-6372-4d1f-a5d4-c36229a73203@group-75C85B6D1182-LeaderElection221] INFO  impl.RoleInfo (RoleInfo.java:shutdownLeaderElection(134)) - af280123-6372-4d1f-a5d4-c36229a73203: shutdown LeaderElection
2019-10-24 15:44:15,802 [af280123-6372-4d1f-a5d4-c36229a73203@group-75C85B6D1182-LeaderElection221] INFO  impl.RoleInfo (RoleInfo.java:updateAndGet(143)) - af280123-6372-4d1f-a5d4-c36229a73203: start FollowerState
2019-10-24 15:44:15,813 [ForkJoinPool.commonPool-worker-0] INFO  handler.ContextHandler (ContextHandler.java:doStop(910)) - Stopped o.e.j.w.WebAppContext@5a6fa56e{/,null,UNAVAILABLE}{/hddsDatanode}
2019-10-24 15:44:15,813 [main] INFO  handler.ContextHandler (ContextHandler.java:doStop(910)) - Stopped o.e.j.w.WebAppContext@59696551{/,null,UNAVAILABLE}{/hddsDatanode}
2019-10-24 15:44:15,815 [main] INFO  server.AbstractConnector (AbstractConnector.java:doStop(318)) - Stopped ServerConnector@648d0e6d{HTTP/1.1,[http/1.1]}{0.0.0.0:0}
2019-10-24 15:44:15,815 [ForkJoinPool.commonPool-worker-0] INFO  server.AbstractConnector (AbstractConnector.java:doStop(318)) - Stopped ServerConnector@1981d861{HTTP/1.1,[http/1.1]}{0.0.0.0:0}
2019-10-24 15:44:15,815 [main] INFO  handler.ContextHandler (ContextHandler.java:doStop(910)) - Stopped o.e.j.s.ServletContextHandler@53311681{/static,jar:file:/home/user/.m2/repository/org/apache/hadoop/hadoop-hdds-container-service/0.5.0-SNAPSHOT/hadoop-hdds-container-service-0.5.0-SNAPSHOT.jar!/webapps/static,UNAVAILABLE}
2019-10-24 15:44:15,817 [ForkJoinPool.commonPool-worker-0] INFO  handler.ContextHandler (ContextHandler.java:doStop(910)) - Stopped o.e.j.s.ServletContextHandler@15639440{/static,jar:file:/home/user/.m2/repository/org/apache/hadoop/hadoop-hdds-container-service/0.5.0-SNAPSHOT/hadoop-hdds-container-service-0.5.0-SNAPSHOT.jar!/webapps/static,UNAVAILABLE}
2019-10-24 15:44:15,817 [main] INFO  handler.ContextHandler (ContextHandler.java:doStop(910)) - Stopped o.e.j.s.ServletContextHandler@79a04e5f{/logs,file:///workdir/hadoop-ozone/integration-test/target/log,UNAVAILABLE}
2019-10-24 15:44:15,818 [ForkJoinPool.commonPool-worker-0] INFO  handler.ContextHandler (ContextHandler.java:doStop(910)) - Stopped o.e.j.s.ServletContextHandler@712cfb63{/logs,file:///workdir/hadoop-ozone/integration-test/target/log,UNAVAILABLE}
2019-10-24 15:44:15,834 [java.util.concurrent.ThreadPoolExecutor$Worker@15849834[State = -1, empty queue]] WARN  server.GrpcLogAppender (GrpcLogAppender.java:timeoutAppendRequest(209)) - 2f81ded6-48e6-408d-9409-3cd44f70bee8@group-56059261E3EC->3a65ecdf-e32f-4548-a2e5-44ab823c11b3-GrpcLogAppender: appendEntries Timeout, request=2f81ded6-48e6-408d-9409-3cd44f70bee8->3a65ecdf-e32f-4548-a2e5-44ab823c11b3#61-t6, previous=(t:6, i:16), leaderCommit=16, initializing? false, entries: <empty>
2019-10-24 15:44:15,887 [Datanode State Machine Thread - 0] INFO  statemachine.DatanodeStateMachine (DatanodeStateMachine.java:lambda$startDaemon$0(350)) - Ozone container server started.
2019-10-24 15:44:15,947 [Thread-1998] INFO  impl.FollowerState (FollowerState.java:run(108)) - af280123-6372-4d1f-a5d4-c36229a73203@group-75C85B6D1182-FollowerState: change to CANDIDATE, lastRpcTime:144ms, electionTimeout:144ms
2019-10-24 15:44:15,947 [Thread-1998] INFO  impl.RoleInfo (RoleInfo.java:shutdownFollowerState(121)) - af280123-6372-4d1f-a5d4-c36229a73203: shutdown FollowerState
2019-10-24 15:44:15,947 [Thread-1998] INFO  impl.RaftServerImpl (RaftServerImpl.java:setRole(184)) - af280123-6372-4d1f-a5d4-c36229a73203@group-75C85B6D1182: changes role from  FOLLOWER to CANDIDATE at term 214 for changeToCandidate
2019-10-24 15:44:15,947 [Thread-1998] INFO  impl.RoleInfo (RoleInfo.java:updateAndGet(143)) - af280123-6372-4d1f-a5d4-c36229a73203: start LeaderElection
2019-10-24 15:44:15,951 [Datanode State Machine Thread - 0] INFO  statemachine.DatanodeStateMachine (DatanodeStateMachine.java:lambda$startDaemon$0(350)) - Ozone container server started.
2019-10-24 15:44:15,960 [af280123-6372-4d1f-a5d4-c36229a73203@group-75C85B6D1182-LeaderElection222] INFO  impl.LeaderElection (LeaderElection.java:askForVotes(178)) - af280123-6372-4d1f-a5d4-c36229a73203@group-75C85B6D1182-LeaderElection222: begin an election at term 215 for -1: [9092f221-0e0d-4970-bb84-cacd95020f21:192.168.164.213:41903, af280123-6372-4d1f-a5d4-c36229a73203:192.168.164.213:35334, b4ae536c-ed18-4717-a75c-ca4b5d6c4001:192.168.164.213:41180], old=null
2019-10-24 15:44:15,961 [af280123-6372-4d1f-a5d4-c36229a73203@group-75C85B6D1182-LeaderElection222] INFO  impl.LeaderElection (LogUtils.java:infoOrTrace(149)) - af280123-6372-4d1f-a5d4-c36229a73203@group-75C85B6D1182-LeaderElection222 got exception when requesting votes: {}
java.util.concurrent.ExecutionException: org.apache.ratis.thirdparty.io.grpc.StatusRuntimeException: UNAVAILABLE: io exception
	at java.util.concurrent.FutureTask.report(FutureTask.java:122)
	at java.util.concurrent.FutureTask.get(FutureTask.java:192)
	at org.apache.ratis.server.impl.LeaderElection.waitForResults(LeaderElection.java:259)
	at org.apache.ratis.server.impl.LeaderElection.askForVotes(LeaderElection.java:197)
	at org.apache.ratis.server.impl.LeaderElection.run(LeaderElection.java:133)
	at java.lang.Thread.run(Thread.java:748)
Caused by: org.apache.ratis.thirdparty.io.grpc.StatusRuntimeException: UNAVAILABLE: io exception
	at org.apache.ratis.thirdparty.io.grpc.stub.ClientCalls.toStatusRuntimeException(ClientCalls.java:233)
	at org.apache.ratis.thirdparty.io.grpc.stub.ClientCalls.getUnchecked(ClientCalls.java:214)
	at org.apache.ratis.thirdparty.io.grpc.stub.ClientCalls.blockingUnaryCall(ClientCalls.java:139)
	at org.apache.ratis.proto.grpc.RaftServerProtocolServiceGrpc$RaftServerProtocolServiceBlockingStub.requestVote(RaftServerProtocolServiceGrpc.java:265)
	at org.apache.ratis.grpc.server.GrpcServerProtocolClient.requestVote(GrpcServerProtocolClient.java:99)
	at org.apache.ratis.grpc.server.GrpcService.requestVote(GrpcService.java:204)
	at org.apache.ratis.server.impl.LeaderElection.lambda$submitRequests$1(LeaderElection.java:234)
	at java.util.concurrent.FutureTask.run(FutureTask.java:266)
	at java.util.concurrent.Executors$RunnableAdapter.call(Executors.java:511)
	at java.util.concurrent.FutureTask.run(FutureTask.java:266)
	at java.util.concurrent.ThreadPoolExecutor.runWorker(ThreadPoolExecutor.java:1149)
	at java.util.concurrent.ThreadPoolExecutor$Worker.run(ThreadPoolExecutor.java:624)
	... 1 more
Caused by: org.apache.ratis.thirdparty.io.netty.channel.AbstractChannel$AnnotatedConnectException: Connection refused: /192.168.164.213:41903
	at sun.nio.ch.SocketChannelImpl.checkConnect(Native Method)
	at sun.nio.ch.SocketChannelImpl.finishConnect(SocketChannelImpl.java:717)
	at org.apache.ratis.thirdparty.io.netty.channel.socket.nio.NioSocketChannel.doFinishConnect(NioSocketChannel.java:327)
	at org.apache.ratis.thirdparty.io.netty.channel.nio.AbstractNioChannel$AbstractNioUnsafe.finishConnect(AbstractNioChannel.java:340)
	at org.apache.ratis.thirdparty.io.netty.channel.nio.NioEventLoop.processSelectedKey(NioEventLoop.java:632)
	at org.apache.ratis.thirdparty.io.netty.channel.nio.NioEventLoop.processSelectedKeysOptimized(NioEventLoop.java:579)
	at org.apache.ratis.thirdparty.io.netty.channel.nio.NioEventLoop.processSelectedKeys(NioEventLoop.java:496)
	at org.apache.ratis.thirdparty.io.netty.channel.nio.NioEventLoop.run(NioEventLoop.java:458)
	at org.apache.ratis.thirdparty.io.netty.util.concurrent.SingleThreadEventExecutor$5.run(SingleThreadEventExecutor.java:897)
	at org.apache.ratis.thirdparty.io.netty.util.concurrent.FastThreadLocalRunnable.run(FastThreadLocalRunnable.java:30)
	... 1 more
Caused by: java.net.ConnectException: Connection refused
	... 11 more
2019-10-24 15:44:15,964 [grpc-default-executor-4] INFO  impl.RaftServerImpl (RaftServerImpl.java:setRole(184)) - b4ae536c-ed18-4717-a75c-ca4b5d6c4001@group-75C85B6D1182: changes role from  FOLLOWER to FOLLOWER at term 215 for recognizeCandidate:af280123-6372-4d1f-a5d4-c36229a73203
2019-10-24 15:44:15,964 [grpc-default-executor-4] INFO  impl.RoleInfo (RoleInfo.java:shutdownFollowerState(121)) - b4ae536c-ed18-4717-a75c-ca4b5d6c4001: shutdown FollowerState
2019-10-24 15:44:15,965 [grpc-default-executor-4] INFO  impl.RoleInfo (RoleInfo.java:updateAndGet(143)) - b4ae536c-ed18-4717-a75c-ca4b5d6c4001: start FollowerState
2019-10-24 15:44:15,965 [Thread-1997] INFO  impl.FollowerState (FollowerState.java:run(117)) - b4ae536c-ed18-4717-a75c-ca4b5d6c4001@group-75C85B6D1182-FollowerState was interrupted: java.lang.InterruptedException: sleep interrupted
2019-10-24 15:44:15,978 [af280123-6372-4d1f-a5d4-c36229a73203@group-75C85B6D1182-LeaderElection222] INFO  impl.LeaderElection (LeaderElection.java:logAndReturn(56)) - af280123-6372-4d1f-a5d4-c36229a73203@group-75C85B6D1182-LeaderElection222: Election REJECTED; received 1 response(s) [af280123-6372-4d1f-a5d4-c36229a73203<-b4ae536c-ed18-4717-a75c-ca4b5d6c4001#0:FAIL-t215] and 1 exception(s); af280123-6372-4d1f-a5d4-c36229a73203@group-75C85B6D1182:t215, leader=null, voted=af280123-6372-4d1f-a5d4-c36229a73203, raftlog=af280123-6372-4d1f-a5d4-c36229a73203@group-75C85B6D1182-SegmentedRaftLog:OPENED:c-1,f-1,i0, conf=-1: [9092f221-0e0d-4970-bb84-cacd95020f21:192.168.164.213:41903, af280123-6372-4d1f-a5d4-c36229a73203:192.168.164.213:35334, b4ae536c-ed18-4717-a75c-ca4b5d6c4001:192.168.164.213:41180], old=null
2019-10-24 15:44:15,978 [af280123-6372-4d1f-a5d4-c36229a73203@group-75C85B6D1182-LeaderElection222] INFO  impl.LeaderElection (LogUtils.java:infoOrTrace(149)) -   Exception 0: {}
java.util.concurrent.ExecutionException: org.apache.ratis.thirdparty.io.grpc.StatusRuntimeException: UNAVAILABLE: io exception
	at java.util.concurrent.FutureTask.report(FutureTask.java:122)
	at java.util.concurrent.FutureTask.get(FutureTask.java:192)
	at org.apache.ratis.server.impl.LeaderElection.waitForResults(LeaderElection.java:259)
	at org.apache.ratis.server.impl.LeaderElection.askForVotes(LeaderElection.java:197)
	at org.apache.ratis.server.impl.LeaderElection.run(LeaderElection.java:133)
	at java.lang.Thread.run(Thread.java:748)
Caused by: org.apache.ratis.thirdparty.io.grpc.StatusRuntimeException: UNAVAILABLE: io exception
	at org.apache.ratis.thirdparty.io.grpc.stub.ClientCalls.toStatusRuntimeException(ClientCalls.java:233)
	at org.apache.ratis.thirdparty.io.grpc.stub.ClientCalls.getUnchecked(ClientCalls.java:214)
	at org.apache.ratis.thirdparty.io.grpc.stub.ClientCalls.blockingUnaryCall(ClientCalls.java:139)
	at org.apache.ratis.proto.grpc.RaftServerProtocolServiceGrpc$RaftServerProtocolServiceBlockingStub.requestVote(RaftServerProtocolServiceGrpc.java:265)
	at org.apache.ratis.grpc.server.GrpcServerProtocolClient.requestVote(GrpcServerProtocolClient.java:99)
	at org.apache.ratis.grpc.server.GrpcService.requestVote(GrpcService.java:204)
	at org.apache.ratis.server.impl.LeaderElection.lambda$submitRequests$1(LeaderElection.java:234)
	at java.util.concurrent.FutureTask.run(FutureTask.java:266)
	at java.util.concurrent.Executors$RunnableAdapter.call(Executors.java:511)
	at java.util.concurrent.FutureTask.run(FutureTask.java:266)
	at java.util.concurrent.ThreadPoolExecutor.runWorker(ThreadPoolExecutor.java:1149)
	at java.util.concurrent.ThreadPoolExecutor$Worker.run(ThreadPoolExecutor.java:624)
	... 1 more
Caused by: org.apache.ratis.thirdparty.io.netty.channel.AbstractChannel$AnnotatedConnectException: Connection refused: /192.168.164.213:41903
	at sun.nio.ch.SocketChannelImpl.checkConnect(Native Method)
	at sun.nio.ch.SocketChannelImpl.finishConnect(SocketChannelImpl.java:717)
	at org.apache.ratis.thirdparty.io.netty.channel.socket.nio.NioSocketChannel.doFinishConnect(NioSocketChannel.java:327)
	at org.apache.ratis.thirdparty.io.netty.channel.nio.AbstractNioChannel$AbstractNioUnsafe.finishConnect(AbstractNioChannel.java:340)
	at org.apache.ratis.thirdparty.io.netty.channel.nio.NioEventLoop.processSelectedKey(NioEventLoop.java:632)
	at org.apache.ratis.thirdparty.io.netty.channel.nio.NioEventLoop.processSelectedKeysOptimized(NioEventLoop.java:579)
	at org.apache.ratis.thirdparty.io.netty.channel.nio.NioEventLoop.processSelectedKeys(NioEventLoop.java:496)
	at org.apache.ratis.thirdparty.io.netty.channel.nio.NioEventLoop.run(NioEventLoop.java:458)
	at org.apache.ratis.thirdparty.io.netty.util.concurrent.SingleThreadEventExecutor$5.run(SingleThreadEventExecutor.java:897)
	at org.apache.ratis.thirdparty.io.netty.util.concurrent.FastThreadLocalRunnable.run(FastThreadLocalRunnable.java:30)
	... 1 more
Caused by: java.net.ConnectException: Connection refused
	... 11 more
2019-10-24 15:44:15,979 [af280123-6372-4d1f-a5d4-c36229a73203@group-75C85B6D1182-LeaderElection222] INFO  impl.RaftServerImpl (RaftServerImpl.java:setRole(184)) - af280123-6372-4d1f-a5d4-c36229a73203@group-75C85B6D1182: changes role from CANDIDATE to FOLLOWER at term 215 for DISCOVERED_A_NEW_TERM
2019-10-24 15:44:15,979 [af280123-6372-4d1f-a5d4-c36229a73203@group-75C85B6D1182-LeaderElection222] INFO  impl.RoleInfo (RoleInfo.java:shutdownLeaderElection(134)) - af280123-6372-4d1f-a5d4-c36229a73203: shutdown LeaderElection
2019-10-24 15:44:15,979 [af280123-6372-4d1f-a5d4-c36229a73203@group-75C85B6D1182-LeaderElection222] INFO  impl.RoleInfo (RoleInfo.java:updateAndGet(143)) - af280123-6372-4d1f-a5d4-c36229a73203: start FollowerState
2019-10-24 15:44:16,116 [Thread-2004] INFO  impl.FollowerState (FollowerState.java:run(108)) - af280123-6372-4d1f-a5d4-c36229a73203@group-75C85B6D1182-FollowerState: change to CANDIDATE, lastRpcTime:137ms, electionTimeout:137ms
2019-10-24 15:44:16,117 [Thread-2004] INFO  impl.RoleInfo (RoleInfo.java:shutdownFollowerState(121)) - af280123-6372-4d1f-a5d4-c36229a73203: shutdown FollowerState
2019-10-24 15:44:16,117 [Thread-2004] INFO  impl.RaftServerImpl (RaftServerImpl.java:setRole(184)) - af280123-6372-4d1f-a5d4-c36229a73203@group-75C85B6D1182: changes role from  FOLLOWER to CANDIDATE at term 215 for changeToCandidate
2019-10-24 15:44:16,117 [Thread-2004] INFO  impl.RoleInfo (RoleInfo.java:updateAndGet(143)) - af280123-6372-4d1f-a5d4-c36229a73203: start LeaderElection
2019-10-24 15:44:16,130 [af280123-6372-4d1f-a5d4-c36229a73203@group-75C85B6D1182-LeaderElection223] INFO  impl.LeaderElection (LeaderElection.java:askForVotes(178)) - af280123-6372-4d1f-a5d4-c36229a73203@group-75C85B6D1182-LeaderElection223: begin an election at term 216 for -1: [9092f221-0e0d-4970-bb84-cacd95020f21:192.168.164.213:41903, af280123-6372-4d1f-a5d4-c36229a73203:192.168.164.213:35334, b4ae536c-ed18-4717-a75c-ca4b5d6c4001:192.168.164.213:41180], old=null
2019-10-24 15:44:16,131 [af280123-6372-4d1f-a5d4-c36229a73203@group-75C85B6D1182-LeaderElection223] INFO  impl.LeaderElection (LogUtils.java:infoOrTrace(149)) - af280123-6372-4d1f-a5d4-c36229a73203@group-75C85B6D1182-LeaderElection223 got exception when requesting votes: {}
java.util.concurrent.ExecutionException: org.apache.ratis.thirdparty.io.grpc.StatusRuntimeException: UNAVAILABLE: io exception
	at java.util.concurrent.FutureTask.report(FutureTask.java:122)
	at java.util.concurrent.FutureTask.get(FutureTask.java:192)
	at org.apache.ratis.server.impl.LeaderElection.waitForResults(LeaderElection.java:259)
	at org.apache.ratis.server.impl.LeaderElection.askForVotes(LeaderElection.java:197)
	at org.apache.ratis.server.impl.LeaderElection.run(LeaderElection.java:133)
	at java.lang.Thread.run(Thread.java:748)
Caused by: org.apache.ratis.thirdparty.io.grpc.StatusRuntimeException: UNAVAILABLE: io exception
	at org.apache.ratis.thirdparty.io.grpc.stub.ClientCalls.toStatusRuntimeException(ClientCalls.java:233)
	at org.apache.ratis.thirdparty.io.grpc.stub.ClientCalls.getUnchecked(ClientCalls.java:214)
	at org.apache.ratis.thirdparty.io.grpc.stub.ClientCalls.blockingUnaryCall(ClientCalls.java:139)
	at org.apache.ratis.proto.grpc.RaftServerProtocolServiceGrpc$RaftServerProtocolServiceBlockingStub.requestVote(RaftServerProtocolServiceGrpc.java:265)
	at org.apache.ratis.grpc.server.GrpcServerProtocolClient.requestVote(GrpcServerProtocolClient.java:99)
	at org.apache.ratis.grpc.server.GrpcService.requestVote(GrpcService.java:204)
	at org.apache.ratis.server.impl.LeaderElection.lambda$submitRequests$1(LeaderElection.java:234)
	at java.util.concurrent.FutureTask.run(FutureTask.java:266)
	at java.util.concurrent.Executors$RunnableAdapter.call(Executors.java:511)
	at java.util.concurrent.FutureTask.run(FutureTask.java:266)
	at java.util.concurrent.ThreadPoolExecutor.runWorker(ThreadPoolExecutor.java:1149)
	at java.util.concurrent.ThreadPoolExecutor$Worker.run(ThreadPoolExecutor.java:624)
	... 1 more
Caused by: org.apache.ratis.thirdparty.io.netty.channel.AbstractChannel$AnnotatedConnectException: Connection refused: /192.168.164.213:41903
	at sun.nio.ch.SocketChannelImpl.checkConnect(Native Method)
	at sun.nio.ch.SocketChannelImpl.finishConnect(SocketChannelImpl.java:717)
	at org.apache.ratis.thirdparty.io.netty.channel.socket.nio.NioSocketChannel.doFinishConnect(NioSocketChannel.java:327)
	at org.apache.ratis.thirdparty.io.netty.channel.nio.AbstractNioChannel$AbstractNioUnsafe.finishConnect(AbstractNioChannel.java:340)
	at org.apache.ratis.thirdparty.io.netty.channel.nio.NioEventLoop.processSelectedKey(NioEventLoop.java:632)
	at org.apache.ratis.thirdparty.io.netty.channel.nio.NioEventLoop.processSelectedKeysOptimized(NioEventLoop.java:579)
	at org.apache.ratis.thirdparty.io.netty.channel.nio.NioEventLoop.processSelectedKeys(NioEventLoop.java:496)
	at org.apache.ratis.thirdparty.io.netty.channel.nio.NioEventLoop.run(NioEventLoop.java:458)
	at org.apache.ratis.thirdparty.io.netty.util.concurrent.SingleThreadEventExecutor$5.run(SingleThreadEventExecutor.java:897)
	at org.apache.ratis.thirdparty.io.netty.util.concurrent.FastThreadLocalRunnable.run(FastThreadLocalRunnable.java:30)
	... 1 more
Caused by: java.net.ConnectException: Connection refused
	... 11 more
2019-10-24 15:44:16,135 [grpc-default-executor-4] INFO  impl.RaftServerImpl (RaftServerImpl.java:setRole(184)) - b4ae536c-ed18-4717-a75c-ca4b5d6c4001@group-75C85B6D1182: changes role from  FOLLOWER to FOLLOWER at term 216 for recognizeCandidate:af280123-6372-4d1f-a5d4-c36229a73203
2019-10-24 15:44:16,135 [grpc-default-executor-4] INFO  impl.RoleInfo (RoleInfo.java:shutdownFollowerState(121)) - b4ae536c-ed18-4717-a75c-ca4b5d6c4001: shutdown FollowerState
2019-10-24 15:44:16,135 [grpc-default-executor-4] INFO  impl.RoleInfo (RoleInfo.java:updateAndGet(143)) - b4ae536c-ed18-4717-a75c-ca4b5d6c4001: start FollowerState
2019-10-24 15:44:16,135 [Thread-2003] INFO  impl.FollowerState (FollowerState.java:run(117)) - b4ae536c-ed18-4717-a75c-ca4b5d6c4001@group-75C85B6D1182-FollowerState was interrupted: java.lang.InterruptedException: sleep interrupted
2019-10-24 15:44:16,162 [af280123-6372-4d1f-a5d4-c36229a73203@group-75C85B6D1182-LeaderElection223] INFO  impl.LeaderElection (LeaderElection.java:logAndReturn(56)) - af280123-6372-4d1f-a5d4-c36229a73203@group-75C85B6D1182-LeaderElection223: Election REJECTED; received 1 response(s) [af280123-6372-4d1f-a5d4-c36229a73203<-b4ae536c-ed18-4717-a75c-ca4b5d6c4001#0:FAIL-t216] and 1 exception(s); af280123-6372-4d1f-a5d4-c36229a73203@group-75C85B6D1182:t216, leader=null, voted=af280123-6372-4d1f-a5d4-c36229a73203, raftlog=af280123-6372-4d1f-a5d4-c36229a73203@group-75C85B6D1182-SegmentedRaftLog:OPENED:c-1,f-1,i0, conf=-1: [9092f221-0e0d-4970-bb84-cacd95020f21:192.168.164.213:41903, af280123-6372-4d1f-a5d4-c36229a73203:192.168.164.213:35334, b4ae536c-ed18-4717-a75c-ca4b5d6c4001:192.168.164.213:41180], old=null
2019-10-24 15:44:16,162 [af280123-6372-4d1f-a5d4-c36229a73203@group-75C85B6D1182-LeaderElection223] INFO  impl.LeaderElection (LogUtils.java:infoOrTrace(149)) -   Exception 0: {}
java.util.concurrent.ExecutionException: org.apache.ratis.thirdparty.io.grpc.StatusRuntimeException: UNAVAILABLE: io exception
	at java.util.concurrent.FutureTask.report(FutureTask.java:122)
	at java.util.concurrent.FutureTask.get(FutureTask.java:192)
	at org.apache.ratis.server.impl.LeaderElection.waitForResults(LeaderElection.java:259)
	at org.apache.ratis.server.impl.LeaderElection.askForVotes(LeaderElection.java:197)
	at org.apache.ratis.server.impl.LeaderElection.run(LeaderElection.java:133)
	at java.lang.Thread.run(Thread.java:748)
Caused by: org.apache.ratis.thirdparty.io.grpc.StatusRuntimeException: UNAVAILABLE: io exception
	at org.apache.ratis.thirdparty.io.grpc.stub.ClientCalls.toStatusRuntimeException(ClientCalls.java:233)
	at org.apache.ratis.thirdparty.io.grpc.stub.ClientCalls.getUnchecked(ClientCalls.java:214)
	at org.apache.ratis.thirdparty.io.grpc.stub.ClientCalls.blockingUnaryCall(ClientCalls.java:139)
	at org.apache.ratis.proto.grpc.RaftServerProtocolServiceGrpc$RaftServerProtocolServiceBlockingStub.requestVote(RaftServerProtocolServiceGrpc.java:265)
	at org.apache.ratis.grpc.server.GrpcServerProtocolClient.requestVote(GrpcServerProtocolClient.java:99)
	at org.apache.ratis.grpc.server.GrpcService.requestVote(GrpcService.java:204)
	at org.apache.ratis.server.impl.LeaderElection.lambda$submitRequests$1(LeaderElection.java:234)
	at java.util.concurrent.FutureTask.run(FutureTask.java:266)
	at java.util.concurrent.Executors$RunnableAdapter.call(Executors.java:511)
	at java.util.concurrent.FutureTask.run(FutureTask.java:266)
	at java.util.concurrent.ThreadPoolExecutor.runWorker(ThreadPoolExecutor.java:1149)
	at java.util.concurrent.ThreadPoolExecutor$Worker.run(ThreadPoolExecutor.java:624)
	... 1 more
Caused by: org.apache.ratis.thirdparty.io.netty.channel.AbstractChannel$AnnotatedConnectException: Connection refused: /192.168.164.213:41903
	at sun.nio.ch.SocketChannelImpl.checkConnect(Native Method)
	at sun.nio.ch.SocketChannelImpl.finishConnect(SocketChannelImpl.java:717)
	at org.apache.ratis.thirdparty.io.netty.channel.socket.nio.NioSocketChannel.doFinishConnect(NioSocketChannel.java:327)
	at org.apache.ratis.thirdparty.io.netty.channel.nio.AbstractNioChannel$AbstractNioUnsafe.finishConnect(AbstractNioChannel.java:340)
	at org.apache.ratis.thirdparty.io.netty.channel.nio.NioEventLoop.processSelectedKey(NioEventLoop.java:632)
	at org.apache.ratis.thirdparty.io.netty.channel.nio.NioEventLoop.processSelectedKeysOptimized(NioEventLoop.java:579)
	at org.apache.ratis.thirdparty.io.netty.channel.nio.NioEventLoop.processSelectedKeys(NioEventLoop.java:496)
	at org.apache.ratis.thirdparty.io.netty.channel.nio.NioEventLoop.run(NioEventLoop.java:458)
	at org.apache.ratis.thirdparty.io.netty.util.concurrent.SingleThreadEventExecutor$5.run(SingleThreadEventExecutor.java:897)
	at org.apache.ratis.thirdparty.io.netty.util.concurrent.FastThreadLocalRunnable.run(FastThreadLocalRunnable.java:30)
	... 1 more
Caused by: java.net.ConnectException: Connection refused
	... 11 more
2019-10-24 15:44:16,162 [af280123-6372-4d1f-a5d4-c36229a73203@group-75C85B6D1182-LeaderElection223] INFO  impl.RaftServerImpl (RaftServerImpl.java:setRole(184)) - af280123-6372-4d1f-a5d4-c36229a73203@group-75C85B6D1182: changes role from CANDIDATE to FOLLOWER at term 216 for DISCOVERED_A_NEW_TERM
2019-10-24 15:44:16,162 [af280123-6372-4d1f-a5d4-c36229a73203@group-75C85B6D1182-LeaderElection223] INFO  impl.RoleInfo (RoleInfo.java:shutdownLeaderElection(134)) - af280123-6372-4d1f-a5d4-c36229a73203: shutdown LeaderElection
2019-10-24 15:44:16,163 [af280123-6372-4d1f-a5d4-c36229a73203@group-75C85B6D1182-LeaderElection223] INFO  impl.RoleInfo (RoleInfo.java:updateAndGet(143)) - af280123-6372-4d1f-a5d4-c36229a73203: start FollowerState
2019-10-24 15:44:16,312 [Thread-2009] INFO  impl.FollowerState (FollowerState.java:run(108)) - af280123-6372-4d1f-a5d4-c36229a73203@group-75C85B6D1182-FollowerState: change to CANDIDATE, lastRpcTime:149ms, electionTimeout:149ms
2019-10-24 15:44:16,312 [Thread-2009] INFO  impl.RoleInfo (RoleInfo.java:shutdownFollowerState(121)) - af280123-6372-4d1f-a5d4-c36229a73203: shutdown FollowerState
2019-10-24 15:44:16,312 [Thread-2009] INFO  impl.RaftServerImpl (RaftServerImpl.java:setRole(184)) - af280123-6372-4d1f-a5d4-c36229a73203@group-75C85B6D1182: changes role from  FOLLOWER to CANDIDATE at term 216 for changeToCandidate
2019-10-24 15:44:16,313 [Thread-2009] INFO  impl.RoleInfo (RoleInfo.java:updateAndGet(143)) - af280123-6372-4d1f-a5d4-c36229a73203: start LeaderElection
2019-10-24 15:44:16,326 [af280123-6372-4d1f-a5d4-c36229a73203@group-75C85B6D1182-LeaderElection224] INFO  impl.LeaderElection (LeaderElection.java:askForVotes(178)) - af280123-6372-4d1f-a5d4-c36229a73203@group-75C85B6D1182-LeaderElection224: begin an election at term 217 for -1: [9092f221-0e0d-4970-bb84-cacd95020f21:192.168.164.213:41903, af280123-6372-4d1f-a5d4-c36229a73203:192.168.164.213:35334, b4ae536c-ed18-4717-a75c-ca4b5d6c4001:192.168.164.213:41180], old=null
2019-10-24 15:44:16,327 [af280123-6372-4d1f-a5d4-c36229a73203@group-75C85B6D1182-LeaderElection224] INFO  impl.LeaderElection (LogUtils.java:infoOrTrace(149)) - af280123-6372-4d1f-a5d4-c36229a73203@group-75C85B6D1182-LeaderElection224 got exception when requesting votes: {}
java.util.concurrent.ExecutionException: org.apache.ratis.thirdparty.io.grpc.StatusRuntimeException: UNAVAILABLE: io exception
	at java.util.concurrent.FutureTask.report(FutureTask.java:122)
	at java.util.concurrent.FutureTask.get(FutureTask.java:192)
	at org.apache.ratis.server.impl.LeaderElection.waitForResults(LeaderElection.java:259)
	at org.apache.ratis.server.impl.LeaderElection.askForVotes(LeaderElection.java:197)
	at org.apache.ratis.server.impl.LeaderElection.run(LeaderElection.java:133)
	at java.lang.Thread.run(Thread.java:748)
Caused by: org.apache.ratis.thirdparty.io.grpc.StatusRuntimeException: UNAVAILABLE: io exception
	at org.apache.ratis.thirdparty.io.grpc.stub.ClientCalls.toStatusRuntimeException(ClientCalls.java:233)
	at org.apache.ratis.thirdparty.io.grpc.stub.ClientCalls.getUnchecked(ClientCalls.java:214)
	at org.apache.ratis.thirdparty.io.grpc.stub.ClientCalls.blockingUnaryCall(ClientCalls.java:139)
	at org.apache.ratis.proto.grpc.RaftServerProtocolServiceGrpc$RaftServerProtocolServiceBlockingStub.requestVote(RaftServerProtocolServiceGrpc.java:265)
	at org.apache.ratis.grpc.server.GrpcServerProtocolClient.requestVote(GrpcServerProtocolClient.java:99)
	at org.apache.ratis.grpc.server.GrpcService.requestVote(GrpcService.java:204)
	at org.apache.ratis.server.impl.LeaderElection.lambda$submitRequests$1(LeaderElection.java:234)
	at java.util.concurrent.FutureTask.run(FutureTask.java:266)
	at java.util.concurrent.Executors$RunnableAdapter.call(Executors.java:511)
	at java.util.concurrent.FutureTask.run(FutureTask.java:266)
	at java.util.concurrent.ThreadPoolExecutor.runWorker(ThreadPoolExecutor.java:1149)
	at java.util.concurrent.ThreadPoolExecutor$Worker.run(ThreadPoolExecutor.java:624)
	... 1 more
Caused by: org.apache.ratis.thirdparty.io.netty.channel.AbstractChannel$AnnotatedConnectException: Connection refused: /192.168.164.213:41903
	at sun.nio.ch.SocketChannelImpl.checkConnect(Native Method)
	at sun.nio.ch.SocketChannelImpl.finishConnect(SocketChannelImpl.java:717)
	at org.apache.ratis.thirdparty.io.netty.channel.socket.nio.NioSocketChannel.doFinishConnect(NioSocketChannel.java:327)
	at org.apache.ratis.thirdparty.io.netty.channel.nio.AbstractNioChannel$AbstractNioUnsafe.finishConnect(AbstractNioChannel.java:340)
	at org.apache.ratis.thirdparty.io.netty.channel.nio.NioEventLoop.processSelectedKey(NioEventLoop.java:632)
	at org.apache.ratis.thirdparty.io.netty.channel.nio.NioEventLoop.processSelectedKeysOptimized(NioEventLoop.java:579)
	at org.apache.ratis.thirdparty.io.netty.channel.nio.NioEventLoop.processSelectedKeys(NioEventLoop.java:496)
	at org.apache.ratis.thirdparty.io.netty.channel.nio.NioEventLoop.run(NioEventLoop.java:458)
	at org.apache.ratis.thirdparty.io.netty.util.concurrent.SingleThreadEventExecutor$5.run(SingleThreadEventExecutor.java:897)
	at org.apache.ratis.thirdparty.io.netty.util.concurrent.FastThreadLocalRunnable.run(FastThreadLocalRunnable.java:30)
	... 1 more
Caused by: java.net.ConnectException: Connection refused
	... 11 more
2019-10-24 15:44:16,330 [grpc-default-executor-4] INFO  impl.RaftServerImpl (RaftServerImpl.java:setRole(184)) - b4ae536c-ed18-4717-a75c-ca4b5d6c4001@group-75C85B6D1182: changes role from  FOLLOWER to FOLLOWER at term 217 for recognizeCandidate:af280123-6372-4d1f-a5d4-c36229a73203
2019-10-24 15:44:16,330 [grpc-default-executor-4] INFO  impl.RoleInfo (RoleInfo.java:shutdownFollowerState(121)) - b4ae536c-ed18-4717-a75c-ca4b5d6c4001: shutdown FollowerState
2019-10-24 15:44:16,331 [grpc-default-executor-4] INFO  impl.RoleInfo (RoleInfo.java:updateAndGet(143)) - b4ae536c-ed18-4717-a75c-ca4b5d6c4001: start FollowerState
2019-10-24 15:44:16,331 [Thread-2008] INFO  impl.FollowerState (FollowerState.java:run(117)) - b4ae536c-ed18-4717-a75c-ca4b5d6c4001@group-75C85B6D1182-FollowerState was interrupted: java.lang.InterruptedException: sleep interrupted
2019-10-24 15:44:16,335 [java.util.concurrent.ThreadPoolExecutor$Worker@15849834[State = -1, empty queue]] WARN  server.GrpcLogAppender (GrpcLogAppender.java:timeoutAppendRequest(209)) - 2f81ded6-48e6-408d-9409-3cd44f70bee8@group-56059261E3EC->3a65ecdf-e32f-4548-a2e5-44ab823c11b3-GrpcLogAppender: appendEntries Timeout, request=2f81ded6-48e6-408d-9409-3cd44f70bee8->3a65ecdf-e32f-4548-a2e5-44ab823c11b3#62-t6, previous=(t:6, i:16), leaderCommit=16, initializing? false, entries: <empty>
2019-10-24 15:44:16,341 [af280123-6372-4d1f-a5d4-c36229a73203@group-75C85B6D1182-LeaderElection224] INFO  impl.LeaderElection (LeaderElection.java:logAndReturn(56)) - af280123-6372-4d1f-a5d4-c36229a73203@group-75C85B6D1182-LeaderElection224: Election REJECTED; received 1 response(s) [af280123-6372-4d1f-a5d4-c36229a73203<-b4ae536c-ed18-4717-a75c-ca4b5d6c4001#0:FAIL-t217] and 1 exception(s); af280123-6372-4d1f-a5d4-c36229a73203@group-75C85B6D1182:t217, leader=null, voted=af280123-6372-4d1f-a5d4-c36229a73203, raftlog=af280123-6372-4d1f-a5d4-c36229a73203@group-75C85B6D1182-SegmentedRaftLog:OPENED:c-1,f-1,i0, conf=-1: [9092f221-0e0d-4970-bb84-cacd95020f21:192.168.164.213:41903, af280123-6372-4d1f-a5d4-c36229a73203:192.168.164.213:35334, b4ae536c-ed18-4717-a75c-ca4b5d6c4001:192.168.164.213:41180], old=null
2019-10-24 15:44:16,341 [af280123-6372-4d1f-a5d4-c36229a73203@group-75C85B6D1182-LeaderElection224] INFO  impl.LeaderElection (LogUtils.java:infoOrTrace(149)) -   Exception 0: {}
java.util.concurrent.ExecutionException: org.apache.ratis.thirdparty.io.grpc.StatusRuntimeException: UNAVAILABLE: io exception
	at java.util.concurrent.FutureTask.report(FutureTask.java:122)
	at java.util.concurrent.FutureTask.get(FutureTask.java:192)
	at org.apache.ratis.server.impl.LeaderElection.waitForResults(LeaderElection.java:259)
	at org.apache.ratis.server.impl.LeaderElection.askForVotes(LeaderElection.java:197)
	at org.apache.ratis.server.impl.LeaderElection.run(LeaderElection.java:133)
	at java.lang.Thread.run(Thread.java:748)
Caused by: org.apache.ratis.thirdparty.io.grpc.StatusRuntimeException: UNAVAILABLE: io exception
	at org.apache.ratis.thirdparty.io.grpc.stub.ClientCalls.toStatusRuntimeException(ClientCalls.java:233)
	at org.apache.ratis.thirdparty.io.grpc.stub.ClientCalls.getUnchecked(ClientCalls.java:214)
	at org.apache.ratis.thirdparty.io.grpc.stub.ClientCalls.blockingUnaryCall(ClientCalls.java:139)
	at org.apache.ratis.proto.grpc.RaftServerProtocolServiceGrpc$RaftServerProtocolServiceBlockingStub.requestVote(RaftServerProtocolServiceGrpc.java:265)
	at org.apache.ratis.grpc.server.GrpcServerProtocolClient.requestVote(GrpcServerProtocolClient.java:99)
	at org.apache.ratis.grpc.server.GrpcService.requestVote(GrpcService.java:204)
	at org.apache.ratis.server.impl.LeaderElection.lambda$submitRequests$1(LeaderElection.java:234)
	at java.util.concurrent.FutureTask.run(FutureTask.java:266)
	at java.util.concurrent.Executors$RunnableAdapter.call(Executors.java:511)
	at java.util.concurrent.FutureTask.run(FutureTask.java:266)
	at java.util.concurrent.ThreadPoolExecutor.runWorker(ThreadPoolExecutor.java:1149)
	at java.util.concurrent.ThreadPoolExecutor$Worker.run(ThreadPoolExecutor.java:624)
	... 1 more
Caused by: org.apache.ratis.thirdparty.io.netty.channel.AbstractChannel$AnnotatedConnectException: Connection refused: /192.168.164.213:41903
	at sun.nio.ch.SocketChannelImpl.checkConnect(Native Method)
	at sun.nio.ch.SocketChannelImpl.finishConnect(SocketChannelImpl.java:717)
	at org.apache.ratis.thirdparty.io.netty.channel.socket.nio.NioSocketChannel.doFinishConnect(NioSocketChannel.java:327)
	at org.apache.ratis.thirdparty.io.netty.channel.nio.AbstractNioChannel$AbstractNioUnsafe.finishConnect(AbstractNioChannel.java:340)
	at org.apache.ratis.thirdparty.io.netty.channel.nio.NioEventLoop.processSelectedKey(NioEventLoop.java:632)
	at org.apache.ratis.thirdparty.io.netty.channel.nio.NioEventLoop.processSelectedKeysOptimized(NioEventLoop.java:579)
	at org.apache.ratis.thirdparty.io.netty.channel.nio.NioEventLoop.processSelectedKeys(NioEventLoop.java:496)
	at org.apache.ratis.thirdparty.io.netty.channel.nio.NioEventLoop.run(NioEventLoop.java:458)
	at org.apache.ratis.thirdparty.io.netty.util.concurrent.SingleThreadEventExecutor$5.run(SingleThreadEventExecutor.java:897)
	at org.apache.ratis.thirdparty.io.netty.util.concurrent.FastThreadLocalRunnable.run(FastThreadLocalRunnable.java:30)
	... 1 more
Caused by: java.net.ConnectException: Connection refused
	... 11 more
2019-10-24 15:44:16,342 [af280123-6372-4d1f-a5d4-c36229a73203@group-75C85B6D1182-LeaderElection224] INFO  impl.RaftServerImpl (RaftServerImpl.java:setRole(184)) - af280123-6372-4d1f-a5d4-c36229a73203@group-75C85B6D1182: changes role from CANDIDATE to FOLLOWER at term 217 for DISCOVERED_A_NEW_TERM
2019-10-24 15:44:16,342 [af280123-6372-4d1f-a5d4-c36229a73203@group-75C85B6D1182-LeaderElection224] INFO  impl.RoleInfo (RoleInfo.java:shutdownLeaderElection(134)) - af280123-6372-4d1f-a5d4-c36229a73203: shutdown LeaderElection
2019-10-24 15:44:16,342 [af280123-6372-4d1f-a5d4-c36229a73203@group-75C85B6D1182-LeaderElection224] INFO  impl.RoleInfo (RoleInfo.java:updateAndGet(143)) - af280123-6372-4d1f-a5d4-c36229a73203: start FollowerState
2019-10-24 15:44:16,512 [Thread-2014] INFO  impl.FollowerState (FollowerState.java:run(108)) - af280123-6372-4d1f-a5d4-c36229a73203@group-75C85B6D1182-FollowerState: change to CANDIDATE, lastRpcTime:169ms, electionTimeout:169ms
2019-10-24 15:44:16,512 [Thread-2014] INFO  impl.RoleInfo (RoleInfo.java:shutdownFollowerState(121)) - af280123-6372-4d1f-a5d4-c36229a73203: shutdown FollowerState
2019-10-24 15:44:16,512 [Thread-2014] INFO  impl.RaftServerImpl (RaftServerImpl.java:setRole(184)) - af280123-6372-4d1f-a5d4-c36229a73203@group-75C85B6D1182: changes role from  FOLLOWER to CANDIDATE at term 217 for changeToCandidate
2019-10-24 15:44:16,512 [Thread-2014] INFO  impl.RoleInfo (RoleInfo.java:updateAndGet(143)) - af280123-6372-4d1f-a5d4-c36229a73203: start LeaderElection
2019-10-24 15:44:16,526 [af280123-6372-4d1f-a5d4-c36229a73203@group-75C85B6D1182-LeaderElection225] INFO  impl.LeaderElection (LeaderElection.java:askForVotes(178)) - af280123-6372-4d1f-a5d4-c36229a73203@group-75C85B6D1182-LeaderElection225: begin an election at term 218 for -1: [9092f221-0e0d-4970-bb84-cacd95020f21:192.168.164.213:41903, af280123-6372-4d1f-a5d4-c36229a73203:192.168.164.213:35334, b4ae536c-ed18-4717-a75c-ca4b5d6c4001:192.168.164.213:41180], old=null
2019-10-24 15:44:16,527 [af280123-6372-4d1f-a5d4-c36229a73203@group-75C85B6D1182-LeaderElection225] INFO  impl.LeaderElection (LogUtils.java:infoOrTrace(149)) - af280123-6372-4d1f-a5d4-c36229a73203@group-75C85B6D1182-LeaderElection225 got exception when requesting votes: {}
java.util.concurrent.ExecutionException: org.apache.ratis.thirdparty.io.grpc.StatusRuntimeException: UNAVAILABLE: io exception
	at java.util.concurrent.FutureTask.report(FutureTask.java:122)
	at java.util.concurrent.FutureTask.get(FutureTask.java:192)
	at org.apache.ratis.server.impl.LeaderElection.waitForResults(LeaderElection.java:259)
	at org.apache.ratis.server.impl.LeaderElection.askForVotes(LeaderElection.java:197)
	at org.apache.ratis.server.impl.LeaderElection.run(LeaderElection.java:133)
	at java.lang.Thread.run(Thread.java:748)
Caused by: org.apache.ratis.thirdparty.io.grpc.StatusRuntimeException: UNAVAILABLE: io exception
	at org.apache.ratis.thirdparty.io.grpc.stub.ClientCalls.toStatusRuntimeException(ClientCalls.java:233)
	at org.apache.ratis.thirdparty.io.grpc.stub.ClientCalls.getUnchecked(ClientCalls.java:214)
	at org.apache.ratis.thirdparty.io.grpc.stub.ClientCalls.blockingUnaryCall(ClientCalls.java:139)
	at org.apache.ratis.proto.grpc.RaftServerProtocolServiceGrpc$RaftServerProtocolServiceBlockingStub.requestVote(RaftServerProtocolServiceGrpc.java:265)
	at org.apache.ratis.grpc.server.GrpcServerProtocolClient.requestVote(GrpcServerProtocolClient.java:99)
	at org.apache.ratis.grpc.server.GrpcService.requestVote(GrpcService.java:204)
	at org.apache.ratis.server.impl.LeaderElection.lambda$submitRequests$1(LeaderElection.java:234)
	at java.util.concurrent.FutureTask.run(FutureTask.java:266)
	at java.util.concurrent.Executors$RunnableAdapter.call(Executors.java:511)
	at java.util.concurrent.FutureTask.run(FutureTask.java:266)
	at java.util.concurrent.ThreadPoolExecutor.runWorker(ThreadPoolExecutor.java:1149)
	at java.util.concurrent.ThreadPoolExecutor$Worker.run(ThreadPoolExecutor.java:624)
	... 1 more
Caused by: org.apache.ratis.thirdparty.io.netty.channel.AbstractChannel$AnnotatedConnectException: Connection refused: /192.168.164.213:41903
	at sun.nio.ch.SocketChannelImpl.checkConnect(Native Method)
	at sun.nio.ch.SocketChannelImpl.finishConnect(SocketChannelImpl.java:717)
	at org.apache.ratis.thirdparty.io.netty.channel.socket.nio.NioSocketChannel.doFinishConnect(NioSocketChannel.java:327)
	at org.apache.ratis.thirdparty.io.netty.channel.nio.AbstractNioChannel$AbstractNioUnsafe.finishConnect(AbstractNioChannel.java:340)
	at org.apache.ratis.thirdparty.io.netty.channel.nio.NioEventLoop.processSelectedKey(NioEventLoop.java:632)
	at org.apache.ratis.thirdparty.io.netty.channel.nio.NioEventLoop.processSelectedKeysOptimized(NioEventLoop.java:579)
	at org.apache.ratis.thirdparty.io.netty.channel.nio.NioEventLoop.processSelectedKeys(NioEventLoop.java:496)
	at org.apache.ratis.thirdparty.io.netty.channel.nio.NioEventLoop.run(NioEventLoop.java:458)
	at org.apache.ratis.thirdparty.io.netty.util.concurrent.SingleThreadEventExecutor$5.run(SingleThreadEventExecutor.java:897)
	at org.apache.ratis.thirdparty.io.netty.util.concurrent.FastThreadLocalRunnable.run(FastThreadLocalRunnable.java:30)
	... 1 more
Caused by: java.net.ConnectException: Connection refused
	... 11 more
2019-10-24 15:44:16,530 [grpc-default-executor-4] INFO  impl.RaftServerImpl (RaftServerImpl.java:setRole(184)) - b4ae536c-ed18-4717-a75c-ca4b5d6c4001@group-75C85B6D1182: changes role from  FOLLOWER to FOLLOWER at term 218 for recognizeCandidate:af280123-6372-4d1f-a5d4-c36229a73203
2019-10-24 15:44:16,530 [grpc-default-executor-4] INFO  impl.RoleInfo (RoleInfo.java:shutdownFollowerState(121)) - b4ae536c-ed18-4717-a75c-ca4b5d6c4001: shutdown FollowerState
2019-10-24 15:44:16,530 [grpc-default-executor-4] INFO  impl.RoleInfo (RoleInfo.java:updateAndGet(143)) - b4ae536c-ed18-4717-a75c-ca4b5d6c4001: start FollowerState
2019-10-24 15:44:16,530 [Thread-2013] INFO  impl.FollowerState (FollowerState.java:run(117)) - b4ae536c-ed18-4717-a75c-ca4b5d6c4001@group-75C85B6D1182-FollowerState was interrupted: java.lang.InterruptedException: sleep interrupted
2019-10-24 15:44:16,544 [af280123-6372-4d1f-a5d4-c36229a73203@group-75C85B6D1182-LeaderElection225] INFO  impl.LeaderElection (LeaderElection.java:logAndReturn(56)) - af280123-6372-4d1f-a5d4-c36229a73203@group-75C85B6D1182-LeaderElection225: Election REJECTED; received 1 response(s) [af280123-6372-4d1f-a5d4-c36229a73203<-b4ae536c-ed18-4717-a75c-ca4b5d6c4001#0:FAIL-t218] and 1 exception(s); af280123-6372-4d1f-a5d4-c36229a73203@group-75C85B6D1182:t218, leader=null, voted=af280123-6372-4d1f-a5d4-c36229a73203, raftlog=af280123-6372-4d1f-a5d4-c36229a73203@group-75C85B6D1182-SegmentedRaftLog:OPENED:c-1,f-1,i0, conf=-1: [9092f221-0e0d-4970-bb84-cacd95020f21:192.168.164.213:41903, af280123-6372-4d1f-a5d4-c36229a73203:192.168.164.213:35334, b4ae536c-ed18-4717-a75c-ca4b5d6c4001:192.168.164.213:41180], old=null
2019-10-24 15:44:16,544 [af280123-6372-4d1f-a5d4-c36229a73203@group-75C85B6D1182-LeaderElection225] INFO  impl.LeaderElection (LogUtils.java:infoOrTrace(149)) -   Exception 0: {}
java.util.concurrent.ExecutionException: org.apache.ratis.thirdparty.io.grpc.StatusRuntimeException: UNAVAILABLE: io exception
	at java.util.concurrent.FutureTask.report(FutureTask.java:122)
	at java.util.concurrent.FutureTask.get(FutureTask.java:192)
	at org.apache.ratis.server.impl.LeaderElection.waitForResults(LeaderElection.java:259)
	at org.apache.ratis.server.impl.LeaderElection.askForVotes(LeaderElection.java:197)
	at org.apache.ratis.server.impl.LeaderElection.run(LeaderElection.java:133)
	at java.lang.Thread.run(Thread.java:748)
Caused by: org.apache.ratis.thirdparty.io.grpc.StatusRuntimeException: UNAVAILABLE: io exception
	at org.apache.ratis.thirdparty.io.grpc.stub.ClientCalls.toStatusRuntimeException(ClientCalls.java:233)
	at org.apache.ratis.thirdparty.io.grpc.stub.ClientCalls.getUnchecked(ClientCalls.java:214)
	at org.apache.ratis.thirdparty.io.grpc.stub.ClientCalls.blockingUnaryCall(ClientCalls.java:139)
	at org.apache.ratis.proto.grpc.RaftServerProtocolServiceGrpc$RaftServerProtocolServiceBlockingStub.requestVote(RaftServerProtocolServiceGrpc.java:265)
	at org.apache.ratis.grpc.server.GrpcServerProtocolClient.requestVote(GrpcServerProtocolClient.java:99)
	at org.apache.ratis.grpc.server.GrpcService.requestVote(GrpcService.java:204)
	at org.apache.ratis.server.impl.LeaderElection.lambda$submitRequests$1(LeaderElection.java:234)
	at java.util.concurrent.FutureTask.run(FutureTask.java:266)
	at java.util.concurrent.Executors$RunnableAdapter.call(Executors.java:511)
	at java.util.concurrent.FutureTask.run(FutureTask.java:266)
	at java.util.concurrent.ThreadPoolExecutor.runWorker(ThreadPoolExecutor.java:1149)
	at java.util.concurrent.ThreadPoolExecutor$Worker.run(ThreadPoolExecutor.java:624)
	... 1 more
Caused by: org.apache.ratis.thirdparty.io.netty.channel.AbstractChannel$AnnotatedConnectException: Connection refused: /192.168.164.213:41903
	at sun.nio.ch.SocketChannelImpl.checkConnect(Native Method)
	at sun.nio.ch.SocketChannelImpl.finishConnect(SocketChannelImpl.java:717)
	at org.apache.ratis.thirdparty.io.netty.channel.socket.nio.NioSocketChannel.doFinishConnect(NioSocketChannel.java:327)
	at org.apache.ratis.thirdparty.io.netty.channel.nio.AbstractNioChannel$AbstractNioUnsafe.finishConnect(AbstractNioChannel.java:340)
	at org.apache.ratis.thirdparty.io.netty.channel.nio.NioEventLoop.processSelectedKey(NioEventLoop.java:632)
	at org.apache.ratis.thirdparty.io.netty.channel.nio.NioEventLoop.processSelectedKeysOptimized(NioEventLoop.java:579)
	at org.apache.ratis.thirdparty.io.netty.channel.nio.NioEventLoop.processSelectedKeys(NioEventLoop.java:496)
	at org.apache.ratis.thirdparty.io.netty.channel.nio.NioEventLoop.run(NioEventLoop.java:458)
	at org.apache.ratis.thirdparty.io.netty.util.concurrent.SingleThreadEventExecutor$5.run(SingleThreadEventExecutor.java:897)
	at org.apache.ratis.thirdparty.io.netty.util.concurrent.FastThreadLocalRunnable.run(FastThreadLocalRunnable.java:30)
	... 1 more
Caused by: java.net.ConnectException: Connection refused
	... 11 more
2019-10-24 15:44:16,545 [af280123-6372-4d1f-a5d4-c36229a73203@group-75C85B6D1182-LeaderElection225] INFO  impl.RaftServerImpl (RaftServerImpl.java:setRole(184)) - af280123-6372-4d1f-a5d4-c36229a73203@group-75C85B6D1182: changes role from CANDIDATE to FOLLOWER at term 218 for DISCOVERED_A_NEW_TERM
2019-10-24 15:44:16,545 [af280123-6372-4d1f-a5d4-c36229a73203@group-75C85B6D1182-LeaderElection225] INFO  impl.RoleInfo (RoleInfo.java:shutdownLeaderElection(134)) - af280123-6372-4d1f-a5d4-c36229a73203: shutdown LeaderElection
2019-10-24 15:44:16,545 [af280123-6372-4d1f-a5d4-c36229a73203@group-75C85B6D1182-LeaderElection225] INFO  impl.RoleInfo (RoleInfo.java:updateAndGet(143)) - af280123-6372-4d1f-a5d4-c36229a73203: start FollowerState
2019-10-24 15:44:16,671 [Thread-2020] INFO  impl.FollowerState (FollowerState.java:run(108)) - af280123-6372-4d1f-a5d4-c36229a73203@group-75C85B6D1182-FollowerState: change to CANDIDATE, lastRpcTime:126ms, electionTimeout:126ms
2019-10-24 15:44:16,671 [Thread-2020] INFO  impl.RoleInfo (RoleInfo.java:shutdownFollowerState(121)) - af280123-6372-4d1f-a5d4-c36229a73203: shutdown FollowerState
2019-10-24 15:44:16,672 [Thread-2020] INFO  impl.RaftServerImpl (RaftServerImpl.java:setRole(184)) - af280123-6372-4d1f-a5d4-c36229a73203@group-75C85B6D1182: changes role from  FOLLOWER to CANDIDATE at term 218 for changeToCandidate
2019-10-24 15:44:16,672 [Thread-2020] INFO  impl.RoleInfo (RoleInfo.java:updateAndGet(143)) - af280123-6372-4d1f-a5d4-c36229a73203: start LeaderElection
2019-10-24 15:44:16,687 [af280123-6372-4d1f-a5d4-c36229a73203@group-75C85B6D1182-LeaderElection226] INFO  impl.LeaderElection (LeaderElection.java:askForVotes(178)) - af280123-6372-4d1f-a5d4-c36229a73203@group-75C85B6D1182-LeaderElection226: begin an election at term 219 for -1: [9092f221-0e0d-4970-bb84-cacd95020f21:192.168.164.213:41903, af280123-6372-4d1f-a5d4-c36229a73203:192.168.164.213:35334, b4ae536c-ed18-4717-a75c-ca4b5d6c4001:192.168.164.213:41180], old=null
2019-10-24 15:44:16,688 [af280123-6372-4d1f-a5d4-c36229a73203@group-75C85B6D1182-LeaderElection226] INFO  impl.LeaderElection (LogUtils.java:infoOrTrace(149)) - af280123-6372-4d1f-a5d4-c36229a73203@group-75C85B6D1182-LeaderElection226 got exception when requesting votes: {}
java.util.concurrent.ExecutionException: org.apache.ratis.thirdparty.io.grpc.StatusRuntimeException: UNAVAILABLE: io exception
	at java.util.concurrent.FutureTask.report(FutureTask.java:122)
	at java.util.concurrent.FutureTask.get(FutureTask.java:192)
	at org.apache.ratis.server.impl.LeaderElection.waitForResults(LeaderElection.java:259)
	at org.apache.ratis.server.impl.LeaderElection.askForVotes(LeaderElection.java:197)
	at org.apache.ratis.server.impl.LeaderElection.run(LeaderElection.java:133)
	at java.lang.Thread.run(Thread.java:748)
Caused by: org.apache.ratis.thirdparty.io.grpc.StatusRuntimeException: UNAVAILABLE: io exception
	at org.apache.ratis.thirdparty.io.grpc.stub.ClientCalls.toStatusRuntimeException(ClientCalls.java:233)
	at org.apache.ratis.thirdparty.io.grpc.stub.ClientCalls.getUnchecked(ClientCalls.java:214)
	at org.apache.ratis.thirdparty.io.grpc.stub.ClientCalls.blockingUnaryCall(ClientCalls.java:139)
	at org.apache.ratis.proto.grpc.RaftServerProtocolServiceGrpc$RaftServerProtocolServiceBlockingStub.requestVote(RaftServerProtocolServiceGrpc.java:265)
	at org.apache.ratis.grpc.server.GrpcServerProtocolClient.requestVote(GrpcServerProtocolClient.java:99)
	at org.apache.ratis.grpc.server.GrpcService.requestVote(GrpcService.java:204)
	at org.apache.ratis.server.impl.LeaderElection.lambda$submitRequests$1(LeaderElection.java:234)
	at java.util.concurrent.FutureTask.run(FutureTask.java:266)
	at java.util.concurrent.Executors$RunnableAdapter.call(Executors.java:511)
	at java.util.concurrent.FutureTask.run(FutureTask.java:266)
	at java.util.concurrent.ThreadPoolExecutor.runWorker(ThreadPoolExecutor.java:1149)
	at java.util.concurrent.ThreadPoolExecutor$Worker.run(ThreadPoolExecutor.java:624)
	... 1 more
Caused by: org.apache.ratis.thirdparty.io.netty.channel.AbstractChannel$AnnotatedConnectException: Connection refused: /192.168.164.213:41903
	at sun.nio.ch.SocketChannelImpl.checkConnect(Native Method)
	at sun.nio.ch.SocketChannelImpl.finishConnect(SocketChannelImpl.java:717)
	at org.apache.ratis.thirdparty.io.netty.channel.socket.nio.NioSocketChannel.doFinishConnect(NioSocketChannel.java:327)
	at org.apache.ratis.thirdparty.io.netty.channel.nio.AbstractNioChannel$AbstractNioUnsafe.finishConnect(AbstractNioChannel.java:340)
	at org.apache.ratis.thirdparty.io.netty.channel.nio.NioEventLoop.processSelectedKey(NioEventLoop.java:632)
	at org.apache.ratis.thirdparty.io.netty.channel.nio.NioEventLoop.processSelectedKeysOptimized(NioEventLoop.java:579)
	at org.apache.ratis.thirdparty.io.netty.channel.nio.NioEventLoop.processSelectedKeys(NioEventLoop.java:496)
	at org.apache.ratis.thirdparty.io.netty.channel.nio.NioEventLoop.run(NioEventLoop.java:458)
	at org.apache.ratis.thirdparty.io.netty.util.concurrent.SingleThreadEventExecutor$5.run(SingleThreadEventExecutor.java:897)
	at org.apache.ratis.thirdparty.io.netty.util.concurrent.FastThreadLocalRunnable.run(FastThreadLocalRunnable.java:30)
	... 1 more
Caused by: java.net.ConnectException: Connection refused
	... 11 more
2019-10-24 15:44:16,691 [grpc-default-executor-4] INFO  impl.RaftServerImpl (RaftServerImpl.java:setRole(184)) - b4ae536c-ed18-4717-a75c-ca4b5d6c4001@group-75C85B6D1182: changes role from  FOLLOWER to FOLLOWER at term 219 for recognizeCandidate:af280123-6372-4d1f-a5d4-c36229a73203
2019-10-24 15:44:16,691 [grpc-default-executor-4] INFO  impl.RoleInfo (RoleInfo.java:shutdownFollowerState(121)) - b4ae536c-ed18-4717-a75c-ca4b5d6c4001: shutdown FollowerState
2019-10-24 15:44:16,691 [grpc-default-executor-4] INFO  impl.RoleInfo (RoleInfo.java:updateAndGet(143)) - b4ae536c-ed18-4717-a75c-ca4b5d6c4001: start FollowerState
2019-10-24 15:44:16,691 [Thread-2019] INFO  impl.FollowerState (FollowerState.java:run(117)) - b4ae536c-ed18-4717-a75c-ca4b5d6c4001@group-75C85B6D1182-FollowerState was interrupted: java.lang.InterruptedException: sleep interrupted
2019-10-24 15:44:16,705 [af280123-6372-4d1f-a5d4-c36229a73203@group-75C85B6D1182-LeaderElection226] INFO  impl.LeaderElection (LeaderElection.java:logAndReturn(56)) - af280123-6372-4d1f-a5d4-c36229a73203@group-75C85B6D1182-LeaderElection226: Election REJECTED; received 1 response(s) [af280123-6372-4d1f-a5d4-c36229a73203<-b4ae536c-ed18-4717-a75c-ca4b5d6c4001#0:FAIL-t219] and 1 exception(s); af280123-6372-4d1f-a5d4-c36229a73203@group-75C85B6D1182:t219, leader=null, voted=af280123-6372-4d1f-a5d4-c36229a73203, raftlog=af280123-6372-4d1f-a5d4-c36229a73203@group-75C85B6D1182-SegmentedRaftLog:OPENED:c-1,f-1,i0, conf=-1: [9092f221-0e0d-4970-bb84-cacd95020f21:192.168.164.213:41903, af280123-6372-4d1f-a5d4-c36229a73203:192.168.164.213:35334, b4ae536c-ed18-4717-a75c-ca4b5d6c4001:192.168.164.213:41180], old=null
2019-10-24 15:44:16,705 [af280123-6372-4d1f-a5d4-c36229a73203@group-75C85B6D1182-LeaderElection226] INFO  impl.LeaderElection (LogUtils.java:infoOrTrace(149)) -   Exception 0: {}
java.util.concurrent.ExecutionException: org.apache.ratis.thirdparty.io.grpc.StatusRuntimeException: UNAVAILABLE: io exception
	at java.util.concurrent.FutureTask.report(FutureTask.java:122)
	at java.util.concurrent.FutureTask.get(FutureTask.java:192)
	at org.apache.ratis.server.impl.LeaderElection.waitForResults(LeaderElection.java:259)
	at org.apache.ratis.server.impl.LeaderElection.askForVotes(LeaderElection.java:197)
	at org.apache.ratis.server.impl.LeaderElection.run(LeaderElection.java:133)
	at java.lang.Thread.run(Thread.java:748)
Caused by: org.apache.ratis.thirdparty.io.grpc.StatusRuntimeException: UNAVAILABLE: io exception
	at org.apache.ratis.thirdparty.io.grpc.stub.ClientCalls.toStatusRuntimeException(ClientCalls.java:233)
	at org.apache.ratis.thirdparty.io.grpc.stub.ClientCalls.getUnchecked(ClientCalls.java:214)
	at org.apache.ratis.thirdparty.io.grpc.stub.ClientCalls.blockingUnaryCall(ClientCalls.java:139)
	at org.apache.ratis.proto.grpc.RaftServerProtocolServiceGrpc$RaftServerProtocolServiceBlockingStub.requestVote(RaftServerProtocolServiceGrpc.java:265)
	at org.apache.ratis.grpc.server.GrpcServerProtocolClient.requestVote(GrpcServerProtocolClient.java:99)
	at org.apache.ratis.grpc.server.GrpcService.requestVote(GrpcService.java:204)
	at org.apache.ratis.server.impl.LeaderElection.lambda$submitRequests$1(LeaderElection.java:234)
	at java.util.concurrent.FutureTask.run(FutureTask.java:266)
	at java.util.concurrent.Executors$RunnableAdapter.call(Executors.java:511)
	at java.util.concurrent.FutureTask.run(FutureTask.java:266)
	at java.util.concurrent.ThreadPoolExecutor.runWorker(ThreadPoolExecutor.java:1149)
	at java.util.concurrent.ThreadPoolExecutor$Worker.run(ThreadPoolExecutor.java:624)
	... 1 more
Caused by: org.apache.ratis.thirdparty.io.netty.channel.AbstractChannel$AnnotatedConnectException: Connection refused: /192.168.164.213:41903
	at sun.nio.ch.SocketChannelImpl.checkConnect(Native Method)
	at sun.nio.ch.SocketChannelImpl.finishConnect(SocketChannelImpl.java:717)
	at org.apache.ratis.thirdparty.io.netty.channel.socket.nio.NioSocketChannel.doFinishConnect(NioSocketChannel.java:327)
	at org.apache.ratis.thirdparty.io.netty.channel.nio.AbstractNioChannel$AbstractNioUnsafe.finishConnect(AbstractNioChannel.java:340)
	at org.apache.ratis.thirdparty.io.netty.channel.nio.NioEventLoop.processSelectedKey(NioEventLoop.java:632)
	at org.apache.ratis.thirdparty.io.netty.channel.nio.NioEventLoop.processSelectedKeysOptimized(NioEventLoop.java:579)
	at org.apache.ratis.thirdparty.io.netty.channel.nio.NioEventLoop.processSelectedKeys(NioEventLoop.java:496)
	at org.apache.ratis.thirdparty.io.netty.channel.nio.NioEventLoop.run(NioEventLoop.java:458)
	at org.apache.ratis.thirdparty.io.netty.util.concurrent.SingleThreadEventExecutor$5.run(SingleThreadEventExecutor.java:897)
	at org.apache.ratis.thirdparty.io.netty.util.concurrent.FastThreadLocalRunnable.run(FastThreadLocalRunnable.java:30)
	... 1 more
Caused by: java.net.ConnectException: Connection refused
	... 11 more
2019-10-24 15:44:16,706 [af280123-6372-4d1f-a5d4-c36229a73203@group-75C85B6D1182-LeaderElection226] INFO  impl.RaftServerImpl (RaftServerImpl.java:setRole(184)) - af280123-6372-4d1f-a5d4-c36229a73203@group-75C85B6D1182: changes role from CANDIDATE to FOLLOWER at term 219 for DISCOVERED_A_NEW_TERM
2019-10-24 15:44:16,706 [af280123-6372-4d1f-a5d4-c36229a73203@group-75C85B6D1182-LeaderElection226] INFO  impl.RoleInfo (RoleInfo.java:shutdownLeaderElection(134)) - af280123-6372-4d1f-a5d4-c36229a73203: shutdown LeaderElection
2019-10-24 15:44:16,706 [af280123-6372-4d1f-a5d4-c36229a73203@group-75C85B6D1182-LeaderElection226] INFO  impl.RoleInfo (RoleInfo.java:updateAndGet(143)) - af280123-6372-4d1f-a5d4-c36229a73203: start FollowerState
2019-10-24 15:44:16,835 [java.util.concurrent.ThreadPoolExecutor$Worker@15849834[State = -1, empty queue]] WARN  server.GrpcLogAppender (GrpcLogAppender.java:timeoutAppendRequest(209)) - 2f81ded6-48e6-408d-9409-3cd44f70bee8@group-56059261E3EC->3a65ecdf-e32f-4548-a2e5-44ab823c11b3-GrpcLogAppender: appendEntries Timeout, request=2f81ded6-48e6-408d-9409-3cd44f70bee8->3a65ecdf-e32f-4548-a2e5-44ab823c11b3#63-t6, previous=(t:6, i:16), leaderCommit=16, initializing? false, entries: <empty>
2019-10-24 15:44:16,884 [Thread-2025] INFO  impl.FollowerState (FollowerState.java:run(108)) - af280123-6372-4d1f-a5d4-c36229a73203@group-75C85B6D1182-FollowerState: change to CANDIDATE, lastRpcTime:178ms, electionTimeout:178ms
2019-10-24 15:44:16,884 [Thread-2025] INFO  impl.RoleInfo (RoleInfo.java:shutdownFollowerState(121)) - af280123-6372-4d1f-a5d4-c36229a73203: shutdown FollowerState
2019-10-24 15:44:16,885 [Thread-2025] INFO  impl.RaftServerImpl (RaftServerImpl.java:setRole(184)) - af280123-6372-4d1f-a5d4-c36229a73203@group-75C85B6D1182: changes role from  FOLLOWER to CANDIDATE at term 219 for changeToCandidate
2019-10-24 15:44:16,885 [Thread-2025] INFO  impl.RoleInfo (RoleInfo.java:updateAndGet(143)) - af280123-6372-4d1f-a5d4-c36229a73203: start LeaderElection
2019-10-24 15:44:16,911 [af280123-6372-4d1f-a5d4-c36229a73203@group-75C85B6D1182-LeaderElection227] INFO  impl.LeaderElection (LeaderElection.java:askForVotes(178)) - af280123-6372-4d1f-a5d4-c36229a73203@group-75C85B6D1182-LeaderElection227: begin an election at term 220 for -1: [9092f221-0e0d-4970-bb84-cacd95020f21:192.168.164.213:41903, af280123-6372-4d1f-a5d4-c36229a73203:192.168.164.213:35334, b4ae536c-ed18-4717-a75c-ca4b5d6c4001:192.168.164.213:41180], old=null
2019-10-24 15:44:16,912 [af280123-6372-4d1f-a5d4-c36229a73203@group-75C85B6D1182-LeaderElection227] INFO  impl.LeaderElection (LogUtils.java:infoOrTrace(149)) - af280123-6372-4d1f-a5d4-c36229a73203@group-75C85B6D1182-LeaderElection227 got exception when requesting votes: {}
java.util.concurrent.ExecutionException: org.apache.ratis.thirdparty.io.grpc.StatusRuntimeException: UNAVAILABLE: io exception
	at java.util.concurrent.FutureTask.report(FutureTask.java:122)
	at java.util.concurrent.FutureTask.get(FutureTask.java:192)
	at org.apache.ratis.server.impl.LeaderElection.waitForResults(LeaderElection.java:259)
	at org.apache.ratis.server.impl.LeaderElection.askForVotes(LeaderElection.java:197)
	at org.apache.ratis.server.impl.LeaderElection.run(LeaderElection.java:133)
	at java.lang.Thread.run(Thread.java:748)
Caused by: org.apache.ratis.thirdparty.io.grpc.StatusRuntimeException: UNAVAILABLE: io exception
	at org.apache.ratis.thirdparty.io.grpc.stub.ClientCalls.toStatusRuntimeException(ClientCalls.java:233)
	at org.apache.ratis.thirdparty.io.grpc.stub.ClientCalls.getUnchecked(ClientCalls.java:214)
	at org.apache.ratis.thirdparty.io.grpc.stub.ClientCalls.blockingUnaryCall(ClientCalls.java:139)
	at org.apache.ratis.proto.grpc.RaftServerProtocolServiceGrpc$RaftServerProtocolServiceBlockingStub.requestVote(RaftServerProtocolServiceGrpc.java:265)
	at org.apache.ratis.grpc.server.GrpcServerProtocolClient.requestVote(GrpcServerProtocolClient.java:99)
	at org.apache.ratis.grpc.server.GrpcService.requestVote(GrpcService.java:204)
	at org.apache.ratis.server.impl.LeaderElection.lambda$submitRequests$1(LeaderElection.java:234)
	at java.util.concurrent.FutureTask.run(FutureTask.java:266)
	at java.util.concurrent.Executors$RunnableAdapter.call(Executors.java:511)
	at java.util.concurrent.FutureTask.run(FutureTask.java:266)
	at java.util.concurrent.ThreadPoolExecutor.runWorker(ThreadPoolExecutor.java:1149)
	at java.util.concurrent.ThreadPoolExecutor$Worker.run(ThreadPoolExecutor.java:624)
	... 1 more
Caused by: org.apache.ratis.thirdparty.io.netty.channel.AbstractChannel$AnnotatedConnectException: Connection refused: /192.168.164.213:41903
	at sun.nio.ch.SocketChannelImpl.checkConnect(Native Method)
	at sun.nio.ch.SocketChannelImpl.finishConnect(SocketChannelImpl.java:717)
	at org.apache.ratis.thirdparty.io.netty.channel.socket.nio.NioSocketChannel.doFinishConnect(NioSocketChannel.java:327)
	at org.apache.ratis.thirdparty.io.netty.channel.nio.AbstractNioChannel$AbstractNioUnsafe.finishConnect(AbstractNioChannel.java:340)
	at org.apache.ratis.thirdparty.io.netty.channel.nio.NioEventLoop.processSelectedKey(NioEventLoop.java:632)
	at org.apache.ratis.thirdparty.io.netty.channel.nio.NioEventLoop.processSelectedKeysOptimized(NioEventLoop.java:579)
	at org.apache.ratis.thirdparty.io.netty.channel.nio.NioEventLoop.processSelectedKeys(NioEventLoop.java:496)
	at org.apache.ratis.thirdparty.io.netty.channel.nio.NioEventLoop.run(NioEventLoop.java:458)
	at org.apache.ratis.thirdparty.io.netty.util.concurrent.SingleThreadEventExecutor$5.run(SingleThreadEventExecutor.java:897)
	at org.apache.ratis.thirdparty.io.netty.util.concurrent.FastThreadLocalRunnable.run(FastThreadLocalRunnable.java:30)
	... 1 more
Caused by: java.net.ConnectException: Connection refused
	... 11 more
2019-10-24 15:44:16,915 [grpc-default-executor-4] INFO  impl.RaftServerImpl (RaftServerImpl.java:setRole(184)) - b4ae536c-ed18-4717-a75c-ca4b5d6c4001@group-75C85B6D1182: changes role from  FOLLOWER to FOLLOWER at term 220 for recognizeCandidate:af280123-6372-4d1f-a5d4-c36229a73203
2019-10-24 15:44:16,916 [grpc-default-executor-4] INFO  impl.RoleInfo (RoleInfo.java:shutdownFollowerState(121)) - b4ae536c-ed18-4717-a75c-ca4b5d6c4001: shutdown FollowerState
2019-10-24 15:44:16,916 [grpc-default-executor-4] INFO  impl.RoleInfo (RoleInfo.java:updateAndGet(143)) - b4ae536c-ed18-4717-a75c-ca4b5d6c4001: start FollowerState
2019-10-24 15:44:16,916 [Thread-2024] INFO  impl.FollowerState (FollowerState.java:run(117)) - b4ae536c-ed18-4717-a75c-ca4b5d6c4001@group-75C85B6D1182-FollowerState was interrupted: java.lang.InterruptedException: sleep interrupted
2019-10-24 15:44:16,927 [af280123-6372-4d1f-a5d4-c36229a73203@group-75C85B6D1182-LeaderElection227] INFO  impl.LeaderElection (LeaderElection.java:logAndReturn(56)) - af280123-6372-4d1f-a5d4-c36229a73203@group-75C85B6D1182-LeaderElection227: Election TIMEOUT; received 0 response(s) [] and 1 exception(s); af280123-6372-4d1f-a5d4-c36229a73203@group-75C85B6D1182:t220, leader=null, voted=af280123-6372-4d1f-a5d4-c36229a73203, raftlog=af280123-6372-4d1f-a5d4-c36229a73203@group-75C85B6D1182-SegmentedRaftLog:OPENED:c-1,f-1,i0, conf=-1: [9092f221-0e0d-4970-bb84-cacd95020f21:192.168.164.213:41903, af280123-6372-4d1f-a5d4-c36229a73203:192.168.164.213:35334, b4ae536c-ed18-4717-a75c-ca4b5d6c4001:192.168.164.213:41180], old=null
2019-10-24 15:44:16,927 [af280123-6372-4d1f-a5d4-c36229a73203@group-75C85B6D1182-LeaderElection227] INFO  impl.LeaderElection (LogUtils.java:infoOrTrace(149)) -   Exception 0: {}
java.util.concurrent.ExecutionException: org.apache.ratis.thirdparty.io.grpc.StatusRuntimeException: UNAVAILABLE: io exception
	at java.util.concurrent.FutureTask.report(FutureTask.java:122)
	at java.util.concurrent.FutureTask.get(FutureTask.java:192)
	at org.apache.ratis.server.impl.LeaderElection.waitForResults(LeaderElection.java:259)
	at org.apache.ratis.server.impl.LeaderElection.askForVotes(LeaderElection.java:197)
	at org.apache.ratis.server.impl.LeaderElection.run(LeaderElection.java:133)
	at java.lang.Thread.run(Thread.java:748)
Caused by: org.apache.ratis.thirdparty.io.grpc.StatusRuntimeException: UNAVAILABLE: io exception
	at org.apache.ratis.thirdparty.io.grpc.stub.ClientCalls.toStatusRuntimeException(ClientCalls.java:233)
	at org.apache.ratis.thirdparty.io.grpc.stub.ClientCalls.getUnchecked(ClientCalls.java:214)
	at org.apache.ratis.thirdparty.io.grpc.stub.ClientCalls.blockingUnaryCall(ClientCalls.java:139)
	at org.apache.ratis.proto.grpc.RaftServerProtocolServiceGrpc$RaftServerProtocolServiceBlockingStub.requestVote(RaftServerProtocolServiceGrpc.java:265)
	at org.apache.ratis.grpc.server.GrpcServerProtocolClient.requestVote(GrpcServerProtocolClient.java:99)
	at org.apache.ratis.grpc.server.GrpcService.requestVote(GrpcService.java:204)
	at org.apache.ratis.server.impl.LeaderElection.lambda$submitRequests$1(LeaderElection.java:234)
	at java.util.concurrent.FutureTask.run(FutureTask.java:266)
	at java.util.concurrent.Executors$RunnableAdapter.call(Executors.java:511)
	at java.util.concurrent.FutureTask.run(FutureTask.java:266)
	at java.util.concurrent.ThreadPoolExecutor.runWorker(ThreadPoolExecutor.java:1149)
	at java.util.concurrent.ThreadPoolExecutor$Worker.run(ThreadPoolExecutor.java:624)
	... 1 more
Caused by: org.apache.ratis.thirdparty.io.netty.channel.AbstractChannel$AnnotatedConnectException: Connection refused: /192.168.164.213:41903
	at sun.nio.ch.SocketChannelImpl.checkConnect(Native Method)
	at sun.nio.ch.SocketChannelImpl.finishConnect(SocketChannelImpl.java:717)
	at org.apache.ratis.thirdparty.io.netty.channel.socket.nio.NioSocketChannel.doFinishConnect(NioSocketChannel.java:327)
	at org.apache.ratis.thirdparty.io.netty.channel.nio.AbstractNioChannel$AbstractNioUnsafe.finishConnect(AbstractNioChannel.java:340)
	at org.apache.ratis.thirdparty.io.netty.channel.nio.NioEventLoop.processSelectedKey(NioEventLoop.java:632)
	at org.apache.ratis.thirdparty.io.netty.channel.nio.NioEventLoop.processSelectedKeysOptimized(NioEventLoop.java:579)
	at org.apache.ratis.thirdparty.io.netty.channel.nio.NioEventLoop.processSelectedKeys(NioEventLoop.java:496)
	at org.apache.ratis.thirdparty.io.netty.channel.nio.NioEventLoop.run(NioEventLoop.java:458)
	at org.apache.ratis.thirdparty.io.netty.util.concurrent.SingleThreadEventExecutor$5.run(SingleThreadEventExecutor.java:897)
	at org.apache.ratis.thirdparty.io.netty.util.concurrent.FastThreadLocalRunnable.run(FastThreadLocalRunnable.java:30)
	... 1 more
Caused by: java.net.ConnectException: Connection refused
	... 11 more
2019-10-24 15:44:16,943 [af280123-6372-4d1f-a5d4-c36229a73203@group-75C85B6D1182-LeaderElection227] INFO  impl.LeaderElection (LeaderElection.java:askForVotes(178)) - af280123-6372-4d1f-a5d4-c36229a73203@group-75C85B6D1182-LeaderElection227: begin an election at term 221 for -1: [9092f221-0e0d-4970-bb84-cacd95020f21:192.168.164.213:41903, af280123-6372-4d1f-a5d4-c36229a73203:192.168.164.213:35334, b4ae536c-ed18-4717-a75c-ca4b5d6c4001:192.168.164.213:41180], old=null
2019-10-24 15:44:16,944 [af280123-6372-4d1f-a5d4-c36229a73203@group-75C85B6D1182-LeaderElection227] INFO  impl.LeaderElection (LogUtils.java:infoOrTrace(149)) - af280123-6372-4d1f-a5d4-c36229a73203@group-75C85B6D1182-LeaderElection227 got exception when requesting votes: {}
java.util.concurrent.ExecutionException: org.apache.ratis.thirdparty.io.grpc.StatusRuntimeException: UNAVAILABLE: io exception
	at java.util.concurrent.FutureTask.report(FutureTask.java:122)
	at java.util.concurrent.FutureTask.get(FutureTask.java:192)
	at org.apache.ratis.server.impl.LeaderElection.waitForResults(LeaderElection.java:259)
	at org.apache.ratis.server.impl.LeaderElection.askForVotes(LeaderElection.java:197)
	at org.apache.ratis.server.impl.LeaderElection.run(LeaderElection.java:133)
	at java.lang.Thread.run(Thread.java:748)
Caused by: org.apache.ratis.thirdparty.io.grpc.StatusRuntimeException: UNAVAILABLE: io exception
	at org.apache.ratis.thirdparty.io.grpc.stub.ClientCalls.toStatusRuntimeException(ClientCalls.java:233)
	at org.apache.ratis.thirdparty.io.grpc.stub.ClientCalls.getUnchecked(ClientCalls.java:214)
	at org.apache.ratis.thirdparty.io.grpc.stub.ClientCalls.blockingUnaryCall(ClientCalls.java:139)
	at org.apache.ratis.proto.grpc.RaftServerProtocolServiceGrpc$RaftServerProtocolServiceBlockingStub.requestVote(RaftServerProtocolServiceGrpc.java:265)
	at org.apache.ratis.grpc.server.GrpcServerProtocolClient.requestVote(GrpcServerProtocolClient.java:99)
	at org.apache.ratis.grpc.server.GrpcService.requestVote(GrpcService.java:204)
	at org.apache.ratis.server.impl.LeaderElection.lambda$submitRequests$1(LeaderElection.java:234)
	at java.util.concurrent.FutureTask.run(FutureTask.java:266)
	at java.util.concurrent.Executors$RunnableAdapter.call(Executors.java:511)
	at java.util.concurrent.FutureTask.run(FutureTask.java:266)
	at java.util.concurrent.ThreadPoolExecutor.runWorker(ThreadPoolExecutor.java:1149)
	at java.util.concurrent.ThreadPoolExecutor$Worker.run(ThreadPoolExecutor.java:624)
	... 1 more
Caused by: org.apache.ratis.thirdparty.io.netty.channel.AbstractChannel$AnnotatedConnectException: Connection refused: /192.168.164.213:41903
	at sun.nio.ch.SocketChannelImpl.checkConnect(Native Method)
	at sun.nio.ch.SocketChannelImpl.finishConnect(SocketChannelImpl.java:717)
	at org.apache.ratis.thirdparty.io.netty.channel.socket.nio.NioSocketChannel.doFinishConnect(NioSocketChannel.java:327)
	at org.apache.ratis.thirdparty.io.netty.channel.nio.AbstractNioChannel$AbstractNioUnsafe.finishConnect(AbstractNioChannel.java:340)
	at org.apache.ratis.thirdparty.io.netty.channel.nio.NioEventLoop.processSelectedKey(NioEventLoop.java:632)
	at org.apache.ratis.thirdparty.io.netty.channel.nio.NioEventLoop.processSelectedKeysOptimized(NioEventLoop.java:579)
	at org.apache.ratis.thirdparty.io.netty.channel.nio.NioEventLoop.processSelectedKeys(NioEventLoop.java:496)
	at org.apache.ratis.thirdparty.io.netty.channel.nio.NioEventLoop.run(NioEventLoop.java:458)
	at org.apache.ratis.thirdparty.io.netty.util.concurrent.SingleThreadEventExecutor$5.run(SingleThreadEventExecutor.java:897)
	at org.apache.ratis.thirdparty.io.netty.util.concurrent.FastThreadLocalRunnable.run(FastThreadLocalRunnable.java:30)
	... 1 more
Caused by: java.net.ConnectException: Connection refused
	... 11 more
2019-10-24 15:44:16,947 [grpc-default-executor-4] INFO  impl.RaftServerImpl (RaftServerImpl.java:setRole(184)) - b4ae536c-ed18-4717-a75c-ca4b5d6c4001@group-75C85B6D1182: changes role from  FOLLOWER to FOLLOWER at term 221 for recognizeCandidate:af280123-6372-4d1f-a5d4-c36229a73203
2019-10-24 15:44:16,947 [grpc-default-executor-4] INFO  impl.RoleInfo (RoleInfo.java:shutdownFollowerState(121)) - b4ae536c-ed18-4717-a75c-ca4b5d6c4001: shutdown FollowerState
2019-10-24 15:44:16,947 [grpc-default-executor-4] INFO  impl.RoleInfo (RoleInfo.java:updateAndGet(143)) - b4ae536c-ed18-4717-a75c-ca4b5d6c4001: start FollowerState
2019-10-24 15:44:16,947 [Thread-2030] INFO  impl.FollowerState (FollowerState.java:run(117)) - b4ae536c-ed18-4717-a75c-ca4b5d6c4001@group-75C85B6D1182-FollowerState was interrupted: java.lang.InterruptedException: sleep interrupted
2019-10-24 15:44:16,961 [af280123-6372-4d1f-a5d4-c36229a73203@group-75C85B6D1182-LeaderElection227] INFO  impl.LeaderElection (LeaderElection.java:logAndReturn(56)) - af280123-6372-4d1f-a5d4-c36229a73203@group-75C85B6D1182-LeaderElection227: Election REJECTED; received 1 response(s) [af280123-6372-4d1f-a5d4-c36229a73203<-b4ae536c-ed18-4717-a75c-ca4b5d6c4001#0:FAIL-t221] and 1 exception(s); af280123-6372-4d1f-a5d4-c36229a73203@group-75C85B6D1182:t221, leader=null, voted=af280123-6372-4d1f-a5d4-c36229a73203, raftlog=af280123-6372-4d1f-a5d4-c36229a73203@group-75C85B6D1182-SegmentedRaftLog:OPENED:c-1,f-1,i0, conf=-1: [9092f221-0e0d-4970-bb84-cacd95020f21:192.168.164.213:41903, af280123-6372-4d1f-a5d4-c36229a73203:192.168.164.213:35334, b4ae536c-ed18-4717-a75c-ca4b5d6c4001:192.168.164.213:41180], old=null
2019-10-24 15:44:16,961 [af280123-6372-4d1f-a5d4-c36229a73203@group-75C85B6D1182-LeaderElection227] INFO  impl.LeaderElection (LogUtils.java:infoOrTrace(149)) -   Exception 0: {}
java.util.concurrent.ExecutionException: org.apache.ratis.thirdparty.io.grpc.StatusRuntimeException: UNAVAILABLE: io exception
	at java.util.concurrent.FutureTask.report(FutureTask.java:122)
	at java.util.concurrent.FutureTask.get(FutureTask.java:192)
	at org.apache.ratis.server.impl.LeaderElection.waitForResults(LeaderElection.java:259)
	at org.apache.ratis.server.impl.LeaderElection.askForVotes(LeaderElection.java:197)
	at org.apache.ratis.server.impl.LeaderElection.run(LeaderElection.java:133)
	at java.lang.Thread.run(Thread.java:748)
Caused by: org.apache.ratis.thirdparty.io.grpc.StatusRuntimeException: UNAVAILABLE: io exception
	at org.apache.ratis.thirdparty.io.grpc.stub.ClientCalls.toStatusRuntimeException(ClientCalls.java:233)
	at org.apache.ratis.thirdparty.io.grpc.stub.ClientCalls.getUnchecked(ClientCalls.java:214)
	at org.apache.ratis.thirdparty.io.grpc.stub.ClientCalls.blockingUnaryCall(ClientCalls.java:139)
	at org.apache.ratis.proto.grpc.RaftServerProtocolServiceGrpc$RaftServerProtocolServiceBlockingStub.requestVote(RaftServerProtocolServiceGrpc.java:265)
	at org.apache.ratis.grpc.server.GrpcServerProtocolClient.requestVote(GrpcServerProtocolClient.java:99)
	at org.apache.ratis.grpc.server.GrpcService.requestVote(GrpcService.java:204)
	at org.apache.ratis.server.impl.LeaderElection.lambda$submitRequests$1(LeaderElection.java:234)
	at java.util.concurrent.FutureTask.run(FutureTask.java:266)
	at java.util.concurrent.Executors$RunnableAdapter.call(Executors.java:511)
	at java.util.concurrent.FutureTask.run(FutureTask.java:266)
	at java.util.concurrent.ThreadPoolExecutor.runWorker(ThreadPoolExecutor.java:1149)
	at java.util.concurrent.ThreadPoolExecutor$Worker.run(ThreadPoolExecutor.java:624)
	... 1 more
Caused by: org.apache.ratis.thirdparty.io.netty.channel.AbstractChannel$AnnotatedConnectException: Connection refused: /192.168.164.213:41903
	at sun.nio.ch.SocketChannelImpl.checkConnect(Native Method)
	at sun.nio.ch.SocketChannelImpl.finishConnect(SocketChannelImpl.java:717)
	at org.apache.ratis.thirdparty.io.netty.channel.socket.nio.NioSocketChannel.doFinishConnect(NioSocketChannel.java:327)
	at org.apache.ratis.thirdparty.io.netty.channel.nio.AbstractNioChannel$AbstractNioUnsafe.finishConnect(AbstractNioChannel.java:340)
	at org.apache.ratis.thirdparty.io.netty.channel.nio.NioEventLoop.processSelectedKey(NioEventLoop.java:632)
	at org.apache.ratis.thirdparty.io.netty.channel.nio.NioEventLoop.processSelectedKeysOptimized(NioEventLoop.java:579)
	at org.apache.ratis.thirdparty.io.netty.channel.nio.NioEventLoop.processSelectedKeys(NioEventLoop.java:496)
	at org.apache.ratis.thirdparty.io.netty.channel.nio.NioEventLoop.run(NioEventLoop.java:458)
	at org.apache.ratis.thirdparty.io.netty.util.concurrent.SingleThreadEventExecutor$5.run(SingleThreadEventExecutor.java:897)
	at org.apache.ratis.thirdparty.io.netty.util.concurrent.FastThreadLocalRunnable.run(FastThreadLocalRunnable.java:30)
	... 1 more
Caused by: java.net.ConnectException: Connection refused
	... 11 more
2019-10-24 15:44:16,962 [af280123-6372-4d1f-a5d4-c36229a73203@group-75C85B6D1182-LeaderElection227] INFO  impl.RaftServerImpl (RaftServerImpl.java:setRole(184)) - af280123-6372-4d1f-a5d4-c36229a73203@group-75C85B6D1182: changes role from CANDIDATE to FOLLOWER at term 221 for DISCOVERED_A_NEW_TERM
2019-10-24 15:44:16,962 [af280123-6372-4d1f-a5d4-c36229a73203@group-75C85B6D1182-LeaderElection227] INFO  impl.RoleInfo (RoleInfo.java:shutdownLeaderElection(134)) - af280123-6372-4d1f-a5d4-c36229a73203: shutdown LeaderElection
2019-10-24 15:44:16,962 [af280123-6372-4d1f-a5d4-c36229a73203@group-75C85B6D1182-LeaderElection227] INFO  impl.RoleInfo (RoleInfo.java:updateAndGet(143)) - af280123-6372-4d1f-a5d4-c36229a73203: start FollowerState
2019-10-24 15:44:17,101 [Thread-2034] INFO  impl.FollowerState (FollowerState.java:run(108)) - af280123-6372-4d1f-a5d4-c36229a73203@group-75C85B6D1182-FollowerState: change to CANDIDATE, lastRpcTime:138ms, electionTimeout:138ms
2019-10-24 15:44:17,101 [Thread-2034] INFO  impl.RoleInfo (RoleInfo.java:shutdownFollowerState(121)) - af280123-6372-4d1f-a5d4-c36229a73203: shutdown FollowerState
2019-10-24 15:44:17,101 [Thread-2034] INFO  impl.RaftServerImpl (RaftServerImpl.java:setRole(184)) - af280123-6372-4d1f-a5d4-c36229a73203@group-75C85B6D1182: changes role from  FOLLOWER to CANDIDATE at term 221 for changeToCandidate
2019-10-24 15:44:17,101 [Thread-2034] INFO  impl.RoleInfo (RoleInfo.java:updateAndGet(143)) - af280123-6372-4d1f-a5d4-c36229a73203: start LeaderElection
2019-10-24 15:44:17,127 [af280123-6372-4d1f-a5d4-c36229a73203@group-75C85B6D1182-LeaderElection228] INFO  impl.LeaderElection (LeaderElection.java:askForVotes(178)) - af280123-6372-4d1f-a5d4-c36229a73203@group-75C85B6D1182-LeaderElection228: begin an election at term 222 for -1: [9092f221-0e0d-4970-bb84-cacd95020f21:192.168.164.213:41903, af280123-6372-4d1f-a5d4-c36229a73203:192.168.164.213:35334, b4ae536c-ed18-4717-a75c-ca4b5d6c4001:192.168.164.213:41180], old=null
2019-10-24 15:44:17,128 [af280123-6372-4d1f-a5d4-c36229a73203@group-75C85B6D1182-LeaderElection228] INFO  impl.LeaderElection (LogUtils.java:infoOrTrace(149)) - af280123-6372-4d1f-a5d4-c36229a73203@group-75C85B6D1182-LeaderElection228 got exception when requesting votes: {}
java.util.concurrent.ExecutionException: org.apache.ratis.thirdparty.io.grpc.StatusRuntimeException: UNAVAILABLE: io exception
	at java.util.concurrent.FutureTask.report(FutureTask.java:122)
	at java.util.concurrent.FutureTask.get(FutureTask.java:192)
	at org.apache.ratis.server.impl.LeaderElection.waitForResults(LeaderElection.java:259)
	at org.apache.ratis.server.impl.LeaderElection.askForVotes(LeaderElection.java:197)
	at org.apache.ratis.server.impl.LeaderElection.run(LeaderElection.java:133)
	at java.lang.Thread.run(Thread.java:748)
Caused by: org.apache.ratis.thirdparty.io.grpc.StatusRuntimeException: UNAVAILABLE: io exception
	at org.apache.ratis.thirdparty.io.grpc.stub.ClientCalls.toStatusRuntimeException(ClientCalls.java:233)
	at org.apache.ratis.thirdparty.io.grpc.stub.ClientCalls.getUnchecked(ClientCalls.java:214)
	at org.apache.ratis.thirdparty.io.grpc.stub.ClientCalls.blockingUnaryCall(ClientCalls.java:139)
	at org.apache.ratis.proto.grpc.RaftServerProtocolServiceGrpc$RaftServerProtocolServiceBlockingStub.requestVote(RaftServerProtocolServiceGrpc.java:265)
	at org.apache.ratis.grpc.server.GrpcServerProtocolClient.requestVote(GrpcServerProtocolClient.java:99)
	at org.apache.ratis.grpc.server.GrpcService.requestVote(GrpcService.java:204)
	at org.apache.ratis.server.impl.LeaderElection.lambda$submitRequests$1(LeaderElection.java:234)
	at java.util.concurrent.FutureTask.run(FutureTask.java:266)
	at java.util.concurrent.Executors$RunnableAdapter.call(Executors.java:511)
	at java.util.concurrent.FutureTask.run(FutureTask.java:266)
	at java.util.concurrent.ThreadPoolExecutor.runWorker(ThreadPoolExecutor.java:1149)
	at java.util.concurrent.ThreadPoolExecutor$Worker.run(ThreadPoolExecutor.java:624)
	... 1 more
Caused by: org.apache.ratis.thirdparty.io.netty.channel.AbstractChannel$AnnotatedConnectException: Connection refused: /192.168.164.213:41903
	at sun.nio.ch.SocketChannelImpl.checkConnect(Native Method)
	at sun.nio.ch.SocketChannelImpl.finishConnect(SocketChannelImpl.java:717)
	at org.apache.ratis.thirdparty.io.netty.channel.socket.nio.NioSocketChannel.doFinishConnect(NioSocketChannel.java:327)
	at org.apache.ratis.thirdparty.io.netty.channel.nio.AbstractNioChannel$AbstractNioUnsafe.finishConnect(AbstractNioChannel.java:340)
	at org.apache.ratis.thirdparty.io.netty.channel.nio.NioEventLoop.processSelectedKey(NioEventLoop.java:632)
	at org.apache.ratis.thirdparty.io.netty.channel.nio.NioEventLoop.processSelectedKeysOptimized(NioEventLoop.java:579)
	at org.apache.ratis.thirdparty.io.netty.channel.nio.NioEventLoop.processSelectedKeys(NioEventLoop.java:496)
	at org.apache.ratis.thirdparty.io.netty.channel.nio.NioEventLoop.run(NioEventLoop.java:458)
	at org.apache.ratis.thirdparty.io.netty.util.concurrent.SingleThreadEventExecutor$5.run(SingleThreadEventExecutor.java:897)
	at org.apache.ratis.thirdparty.io.netty.util.concurrent.FastThreadLocalRunnable.run(FastThreadLocalRunnable.java:30)
	... 1 more
Caused by: java.net.ConnectException: Connection refused
	... 11 more
2019-10-24 15:44:17,131 [grpc-default-executor-4] INFO  impl.RaftServerImpl (RaftServerImpl.java:setRole(184)) - b4ae536c-ed18-4717-a75c-ca4b5d6c4001@group-75C85B6D1182: changes role from  FOLLOWER to FOLLOWER at term 222 for recognizeCandidate:af280123-6372-4d1f-a5d4-c36229a73203
2019-10-24 15:44:17,131 [grpc-default-executor-4] INFO  impl.RoleInfo (RoleInfo.java:shutdownFollowerState(121)) - b4ae536c-ed18-4717-a75c-ca4b5d6c4001: shutdown FollowerState
2019-10-24 15:44:17,131 [grpc-default-executor-4] INFO  impl.RoleInfo (RoleInfo.java:updateAndGet(143)) - b4ae536c-ed18-4717-a75c-ca4b5d6c4001: start FollowerState
2019-10-24 15:44:17,131 [Thread-2033] INFO  impl.FollowerState (FollowerState.java:run(117)) - b4ae536c-ed18-4717-a75c-ca4b5d6c4001@group-75C85B6D1182-FollowerState was interrupted: java.lang.InterruptedException: sleep interrupted
2019-10-24 15:44:17,144 [af280123-6372-4d1f-a5d4-c36229a73203@group-75C85B6D1182-LeaderElection228] INFO  impl.LeaderElection (LeaderElection.java:logAndReturn(56)) - af280123-6372-4d1f-a5d4-c36229a73203@group-75C85B6D1182-LeaderElection228: Election REJECTED; received 1 response(s) [af280123-6372-4d1f-a5d4-c36229a73203<-b4ae536c-ed18-4717-a75c-ca4b5d6c4001#0:FAIL-t222] and 1 exception(s); af280123-6372-4d1f-a5d4-c36229a73203@group-75C85B6D1182:t222, leader=null, voted=af280123-6372-4d1f-a5d4-c36229a73203, raftlog=af280123-6372-4d1f-a5d4-c36229a73203@group-75C85B6D1182-SegmentedRaftLog:OPENED:c-1,f-1,i0, conf=-1: [9092f221-0e0d-4970-bb84-cacd95020f21:192.168.164.213:41903, af280123-6372-4d1f-a5d4-c36229a73203:192.168.164.213:35334, b4ae536c-ed18-4717-a75c-ca4b5d6c4001:192.168.164.213:41180], old=null
2019-10-24 15:44:17,145 [af280123-6372-4d1f-a5d4-c36229a73203@group-75C85B6D1182-LeaderElection228] INFO  impl.LeaderElection (LogUtils.java:infoOrTrace(149)) -   Exception 0: {}
java.util.concurrent.ExecutionException: org.apache.ratis.thirdparty.io.grpc.StatusRuntimeException: UNAVAILABLE: io exception
	at java.util.concurrent.FutureTask.report(FutureTask.java:122)
	at java.util.concurrent.FutureTask.get(FutureTask.java:192)
	at org.apache.ratis.server.impl.LeaderElection.waitForResults(LeaderElection.java:259)
	at org.apache.ratis.server.impl.LeaderElection.askForVotes(LeaderElection.java:197)
	at org.apache.ratis.server.impl.LeaderElection.run(LeaderElection.java:133)
	at java.lang.Thread.run(Thread.java:748)
Caused by: org.apache.ratis.thirdparty.io.grpc.StatusRuntimeException: UNAVAILABLE: io exception
	at org.apache.ratis.thirdparty.io.grpc.stub.ClientCalls.toStatusRuntimeException(ClientCalls.java:233)
	at org.apache.ratis.thirdparty.io.grpc.stub.ClientCalls.getUnchecked(ClientCalls.java:214)
	at org.apache.ratis.thirdparty.io.grpc.stub.ClientCalls.blockingUnaryCall(ClientCalls.java:139)
	at org.apache.ratis.proto.grpc.RaftServerProtocolServiceGrpc$RaftServerProtocolServiceBlockingStub.requestVote(RaftServerProtocolServiceGrpc.java:265)
	at org.apache.ratis.grpc.server.GrpcServerProtocolClient.requestVote(GrpcServerProtocolClient.java:99)
	at org.apache.ratis.grpc.server.GrpcService.requestVote(GrpcService.java:204)
	at org.apache.ratis.server.impl.LeaderElection.lambda$submitRequests$1(LeaderElection.java:234)
	at java.util.concurrent.FutureTask.run(FutureTask.java:266)
	at java.util.concurrent.Executors$RunnableAdapter.call(Executors.java:511)
	at java.util.concurrent.FutureTask.run(FutureTask.java:266)
	at java.util.concurrent.ThreadPoolExecutor.runWorker(ThreadPoolExecutor.java:1149)
	at java.util.concurrent.ThreadPoolExecutor$Worker.run(ThreadPoolExecutor.java:624)
	... 1 more
Caused by: org.apache.ratis.thirdparty.io.netty.channel.AbstractChannel$AnnotatedConnectException: Connection refused: /192.168.164.213:41903
	at sun.nio.ch.SocketChannelImpl.checkConnect(Native Method)
	at sun.nio.ch.SocketChannelImpl.finishConnect(SocketChannelImpl.java:717)
	at org.apache.ratis.thirdparty.io.netty.channel.socket.nio.NioSocketChannel.doFinishConnect(NioSocketChannel.java:327)
	at org.apache.ratis.thirdparty.io.netty.channel.nio.AbstractNioChannel$AbstractNioUnsafe.finishConnect(AbstractNioChannel.java:340)
	at org.apache.ratis.thirdparty.io.netty.channel.nio.NioEventLoop.processSelectedKey(NioEventLoop.java:632)
	at org.apache.ratis.thirdparty.io.netty.channel.nio.NioEventLoop.processSelectedKeysOptimized(NioEventLoop.java:579)
	at org.apache.ratis.thirdparty.io.netty.channel.nio.NioEventLoop.processSelectedKeys(NioEventLoop.java:496)
	at org.apache.ratis.thirdparty.io.netty.channel.nio.NioEventLoop.run(NioEventLoop.java:458)
	at org.apache.ratis.thirdparty.io.netty.util.concurrent.SingleThreadEventExecutor$5.run(SingleThreadEventExecutor.java:897)
	at org.apache.ratis.thirdparty.io.netty.util.concurrent.FastThreadLocalRunnable.run(FastThreadLocalRunnable.java:30)
	... 1 more
Caused by: java.net.ConnectException: Connection refused
	... 11 more
2019-10-24 15:44:17,145 [af280123-6372-4d1f-a5d4-c36229a73203@group-75C85B6D1182-LeaderElection228] INFO  impl.RaftServerImpl (RaftServerImpl.java:setRole(184)) - af280123-6372-4d1f-a5d4-c36229a73203@group-75C85B6D1182: changes role from CANDIDATE to FOLLOWER at term 222 for DISCOVERED_A_NEW_TERM
2019-10-24 15:44:17,146 [af280123-6372-4d1f-a5d4-c36229a73203@group-75C85B6D1182-LeaderElection228] INFO  impl.RoleInfo (RoleInfo.java:shutdownLeaderElection(134)) - af280123-6372-4d1f-a5d4-c36229a73203: shutdown LeaderElection
2019-10-24 15:44:17,146 [af280123-6372-4d1f-a5d4-c36229a73203@group-75C85B6D1182-LeaderElection228] INFO  impl.RoleInfo (RoleInfo.java:updateAndGet(143)) - af280123-6372-4d1f-a5d4-c36229a73203: start FollowerState
2019-10-24 15:44:17,320 [Thread-2039] INFO  impl.FollowerState (FollowerState.java:run(108)) - af280123-6372-4d1f-a5d4-c36229a73203@group-75C85B6D1182-FollowerState: change to CANDIDATE, lastRpcTime:174ms, electionTimeout:174ms
2019-10-24 15:44:17,320 [Thread-2039] INFO  impl.RoleInfo (RoleInfo.java:shutdownFollowerState(121)) - af280123-6372-4d1f-a5d4-c36229a73203: shutdown FollowerState
2019-10-24 15:44:17,320 [Thread-2039] INFO  impl.RaftServerImpl (RaftServerImpl.java:setRole(184)) - af280123-6372-4d1f-a5d4-c36229a73203@group-75C85B6D1182: changes role from  FOLLOWER to CANDIDATE at term 222 for changeToCandidate
2019-10-24 15:44:17,321 [Thread-2039] INFO  impl.RoleInfo (RoleInfo.java:updateAndGet(143)) - af280123-6372-4d1f-a5d4-c36229a73203: start LeaderElection
2019-10-24 15:44:17,336 [java.util.concurrent.ThreadPoolExecutor$Worker@15849834[State = -1, empty queue]] WARN  server.GrpcLogAppender (GrpcLogAppender.java:timeoutAppendRequest(209)) - 2f81ded6-48e6-408d-9409-3cd44f70bee8@group-56059261E3EC->3a65ecdf-e32f-4548-a2e5-44ab823c11b3-GrpcLogAppender: appendEntries Timeout, request=2f81ded6-48e6-408d-9409-3cd44f70bee8->3a65ecdf-e32f-4548-a2e5-44ab823c11b3#64-t6, previous=(t:6, i:16), leaderCommit=16, initializing? false, entries: <empty>
2019-10-24 15:44:17,344 [af280123-6372-4d1f-a5d4-c36229a73203@group-75C85B6D1182-LeaderElection229] INFO  impl.LeaderElection (LeaderElection.java:askForVotes(178)) - af280123-6372-4d1f-a5d4-c36229a73203@group-75C85B6D1182-LeaderElection229: begin an election at term 223 for -1: [9092f221-0e0d-4970-bb84-cacd95020f21:192.168.164.213:41903, af280123-6372-4d1f-a5d4-c36229a73203:192.168.164.213:35334, b4ae536c-ed18-4717-a75c-ca4b5d6c4001:192.168.164.213:41180], old=null
2019-10-24 15:44:17,345 [af280123-6372-4d1f-a5d4-c36229a73203@group-75C85B6D1182-LeaderElection229] INFO  impl.LeaderElection (LogUtils.java:infoOrTrace(149)) - af280123-6372-4d1f-a5d4-c36229a73203@group-75C85B6D1182-LeaderElection229 got exception when requesting votes: {}
java.util.concurrent.ExecutionException: org.apache.ratis.thirdparty.io.grpc.StatusRuntimeException: UNAVAILABLE: io exception
	at java.util.concurrent.FutureTask.report(FutureTask.java:122)
	at java.util.concurrent.FutureTask.get(FutureTask.java:192)
	at org.apache.ratis.server.impl.LeaderElection.waitForResults(LeaderElection.java:259)
	at org.apache.ratis.server.impl.LeaderElection.askForVotes(LeaderElection.java:197)
	at org.apache.ratis.server.impl.LeaderElection.run(LeaderElection.java:133)
	at java.lang.Thread.run(Thread.java:748)
Caused by: org.apache.ratis.thirdparty.io.grpc.StatusRuntimeException: UNAVAILABLE: io exception
	at org.apache.ratis.thirdparty.io.grpc.stub.ClientCalls.toStatusRuntimeException(ClientCalls.java:233)
	at org.apache.ratis.thirdparty.io.grpc.stub.ClientCalls.getUnchecked(ClientCalls.java:214)
	at org.apache.ratis.thirdparty.io.grpc.stub.ClientCalls.blockingUnaryCall(ClientCalls.java:139)
	at org.apache.ratis.proto.grpc.RaftServerProtocolServiceGrpc$RaftServerProtocolServiceBlockingStub.requestVote(RaftServerProtocolServiceGrpc.java:265)
	at org.apache.ratis.grpc.server.GrpcServerProtocolClient.requestVote(GrpcServerProtocolClient.java:99)
	at org.apache.ratis.grpc.server.GrpcService.requestVote(GrpcService.java:204)
	at org.apache.ratis.server.impl.LeaderElection.lambda$submitRequests$1(LeaderElection.java:234)
	at java.util.concurrent.FutureTask.run(FutureTask.java:266)
	at java.util.concurrent.Executors$RunnableAdapter.call(Executors.java:511)
	at java.util.concurrent.FutureTask.run(FutureTask.java:266)
	at java.util.concurrent.ThreadPoolExecutor.runWorker(ThreadPoolExecutor.java:1149)
	at java.util.concurrent.ThreadPoolExecutor$Worker.run(ThreadPoolExecutor.java:624)
	... 1 more
Caused by: org.apache.ratis.thirdparty.io.netty.channel.AbstractChannel$AnnotatedConnectException: Connection refused: /192.168.164.213:41903
	at sun.nio.ch.SocketChannelImpl.checkConnect(Native Method)
	at sun.nio.ch.SocketChannelImpl.finishConnect(SocketChannelImpl.java:717)
	at org.apache.ratis.thirdparty.io.netty.channel.socket.nio.NioSocketChannel.doFinishConnect(NioSocketChannel.java:327)
	at org.apache.ratis.thirdparty.io.netty.channel.nio.AbstractNioChannel$AbstractNioUnsafe.finishConnect(AbstractNioChannel.java:340)
	at org.apache.ratis.thirdparty.io.netty.channel.nio.NioEventLoop.processSelectedKey(NioEventLoop.java:632)
	at org.apache.ratis.thirdparty.io.netty.channel.nio.NioEventLoop.processSelectedKeysOptimized(NioEventLoop.java:579)
	at org.apache.ratis.thirdparty.io.netty.channel.nio.NioEventLoop.processSelectedKeys(NioEventLoop.java:496)
	at org.apache.ratis.thirdparty.io.netty.channel.nio.NioEventLoop.run(NioEventLoop.java:458)
	at org.apache.ratis.thirdparty.io.netty.util.concurrent.SingleThreadEventExecutor$5.run(SingleThreadEventExecutor.java:897)
	at org.apache.ratis.thirdparty.io.netty.util.concurrent.FastThreadLocalRunnable.run(FastThreadLocalRunnable.java:30)
	... 1 more
Caused by: java.net.ConnectException: Connection refused
	... 11 more
2019-10-24 15:44:17,348 [grpc-default-executor-4] INFO  impl.RaftServerImpl (RaftServerImpl.java:setRole(184)) - b4ae536c-ed18-4717-a75c-ca4b5d6c4001@group-75C85B6D1182: changes role from  FOLLOWER to FOLLOWER at term 223 for recognizeCandidate:af280123-6372-4d1f-a5d4-c36229a73203
2019-10-24 15:44:17,348 [grpc-default-executor-4] INFO  impl.RoleInfo (RoleInfo.java:shutdownFollowerState(121)) - b4ae536c-ed18-4717-a75c-ca4b5d6c4001: shutdown FollowerState
2019-10-24 15:44:17,348 [grpc-default-executor-4] INFO  impl.RoleInfo (RoleInfo.java:updateAndGet(143)) - b4ae536c-ed18-4717-a75c-ca4b5d6c4001: start FollowerState
2019-10-24 15:44:17,348 [Thread-2038] INFO  impl.FollowerState (FollowerState.java:run(117)) - b4ae536c-ed18-4717-a75c-ca4b5d6c4001@group-75C85B6D1182-FollowerState was interrupted: java.lang.InterruptedException: sleep interrupted
2019-10-24 15:44:17,362 [af280123-6372-4d1f-a5d4-c36229a73203@group-75C85B6D1182-LeaderElection229] INFO  impl.LeaderElection (LeaderElection.java:logAndReturn(56)) - af280123-6372-4d1f-a5d4-c36229a73203@group-75C85B6D1182-LeaderElection229: Election REJECTED; received 1 response(s) [af280123-6372-4d1f-a5d4-c36229a73203<-b4ae536c-ed18-4717-a75c-ca4b5d6c4001#0:FAIL-t223] and 1 exception(s); af280123-6372-4d1f-a5d4-c36229a73203@group-75C85B6D1182:t223, leader=null, voted=af280123-6372-4d1f-a5d4-c36229a73203, raftlog=af280123-6372-4d1f-a5d4-c36229a73203@group-75C85B6D1182-SegmentedRaftLog:OPENED:c-1,f-1,i0, conf=-1: [9092f221-0e0d-4970-bb84-cacd95020f21:192.168.164.213:41903, af280123-6372-4d1f-a5d4-c36229a73203:192.168.164.213:35334, b4ae536c-ed18-4717-a75c-ca4b5d6c4001:192.168.164.213:41180], old=null
2019-10-24 15:44:17,362 [af280123-6372-4d1f-a5d4-c36229a73203@group-75C85B6D1182-LeaderElection229] INFO  impl.LeaderElection (LogUtils.java:infoOrTrace(149)) -   Exception 0: {}
java.util.concurrent.ExecutionException: org.apache.ratis.thirdparty.io.grpc.StatusRuntimeException: UNAVAILABLE: io exception
	at java.util.concurrent.FutureTask.report(FutureTask.java:122)
	at java.util.concurrent.FutureTask.get(FutureTask.java:192)
	at org.apache.ratis.server.impl.LeaderElection.waitForResults(LeaderElection.java:259)
	at org.apache.ratis.server.impl.LeaderElection.askForVotes(LeaderElection.java:197)
	at org.apache.ratis.server.impl.LeaderElection.run(LeaderElection.java:133)
	at java.lang.Thread.run(Thread.java:748)
Caused by: org.apache.ratis.thirdparty.io.grpc.StatusRuntimeException: UNAVAILABLE: io exception
	at org.apache.ratis.thirdparty.io.grpc.stub.ClientCalls.toStatusRuntimeException(ClientCalls.java:233)
	at org.apache.ratis.thirdparty.io.grpc.stub.ClientCalls.getUnchecked(ClientCalls.java:214)
	at org.apache.ratis.thirdparty.io.grpc.stub.ClientCalls.blockingUnaryCall(ClientCalls.java:139)
	at org.apache.ratis.proto.grpc.RaftServerProtocolServiceGrpc$RaftServerProtocolServiceBlockingStub.requestVote(RaftServerProtocolServiceGrpc.java:265)
	at org.apache.ratis.grpc.server.GrpcServerProtocolClient.requestVote(GrpcServerProtocolClient.java:99)
	at org.apache.ratis.grpc.server.GrpcService.requestVote(GrpcService.java:204)
	at org.apache.ratis.server.impl.LeaderElection.lambda$submitRequests$1(LeaderElection.java:234)
	at java.util.concurrent.FutureTask.run(FutureTask.java:266)
	at java.util.concurrent.Executors$RunnableAdapter.call(Executors.java:511)
	at java.util.concurrent.FutureTask.run(FutureTask.java:266)
	at java.util.concurrent.ThreadPoolExecutor.runWorker(ThreadPoolExecutor.java:1149)
	at java.util.concurrent.ThreadPoolExecutor$Worker.run(ThreadPoolExecutor.java:624)
	... 1 more
Caused by: org.apache.ratis.thirdparty.io.netty.channel.AbstractChannel$AnnotatedConnectException: Connection refused: /192.168.164.213:41903
	at sun.nio.ch.SocketChannelImpl.checkConnect(Native Method)
	at sun.nio.ch.SocketChannelImpl.finishConnect(SocketChannelImpl.java:717)
	at org.apache.ratis.thirdparty.io.netty.channel.socket.nio.NioSocketChannel.doFinishConnect(NioSocketChannel.java:327)
	at org.apache.ratis.thirdparty.io.netty.channel.nio.AbstractNioChannel$AbstractNioUnsafe.finishConnect(AbstractNioChannel.java:340)
	at org.apache.ratis.thirdparty.io.netty.channel.nio.NioEventLoop.processSelectedKey(NioEventLoop.java:632)
	at org.apache.ratis.thirdparty.io.netty.channel.nio.NioEventLoop.processSelectedKeysOptimized(NioEventLoop.java:579)
	at org.apache.ratis.thirdparty.io.netty.channel.nio.NioEventLoop.processSelectedKeys(NioEventLoop.java:496)
	at org.apache.ratis.thirdparty.io.netty.channel.nio.NioEventLoop.run(NioEventLoop.java:458)
	at org.apache.ratis.thirdparty.io.netty.util.concurrent.SingleThreadEventExecutor$5.run(SingleThreadEventExecutor.java:897)
	at org.apache.ratis.thirdparty.io.netty.util.concurrent.FastThreadLocalRunnable.run(FastThreadLocalRunnable.java:30)
	... 1 more
Caused by: java.net.ConnectException: Connection refused
	... 11 more
2019-10-24 15:44:17,363 [af280123-6372-4d1f-a5d4-c36229a73203@group-75C85B6D1182-LeaderElection229] INFO  impl.RaftServerImpl (RaftServerImpl.java:setRole(184)) - af280123-6372-4d1f-a5d4-c36229a73203@group-75C85B6D1182: changes role from CANDIDATE to FOLLOWER at term 223 for DISCOVERED_A_NEW_TERM
2019-10-24 15:44:17,363 [af280123-6372-4d1f-a5d4-c36229a73203@group-75C85B6D1182-LeaderElection229] INFO  impl.RoleInfo (RoleInfo.java:shutdownLeaderElection(134)) - af280123-6372-4d1f-a5d4-c36229a73203: shutdown LeaderElection
2019-10-24 15:44:17,363 [af280123-6372-4d1f-a5d4-c36229a73203@group-75C85B6D1182-LeaderElection229] INFO  impl.RoleInfo (RoleInfo.java:updateAndGet(143)) - af280123-6372-4d1f-a5d4-c36229a73203: start FollowerState
2019-10-24 15:44:17,496 [Thread-2045] INFO  impl.FollowerState (FollowerState.java:run(108)) - af280123-6372-4d1f-a5d4-c36229a73203@group-75C85B6D1182-FollowerState: change to CANDIDATE, lastRpcTime:133ms, electionTimeout:133ms
2019-10-24 15:44:17,496 [Thread-2045] INFO  impl.RoleInfo (RoleInfo.java:shutdownFollowerState(121)) - af280123-6372-4d1f-a5d4-c36229a73203: shutdown FollowerState
2019-10-24 15:44:17,497 [Thread-2045] INFO  impl.RaftServerImpl (RaftServerImpl.java:setRole(184)) - af280123-6372-4d1f-a5d4-c36229a73203@group-75C85B6D1182: changes role from  FOLLOWER to CANDIDATE at term 223 for changeToCandidate
2019-10-24 15:44:17,497 [Thread-2045] INFO  impl.RoleInfo (RoleInfo.java:updateAndGet(143)) - af280123-6372-4d1f-a5d4-c36229a73203: start LeaderElection
2019-10-24 15:44:17,511 [af280123-6372-4d1f-a5d4-c36229a73203@group-75C85B6D1182-LeaderElection230] INFO  impl.LeaderElection (LeaderElection.java:askForVotes(178)) - af280123-6372-4d1f-a5d4-c36229a73203@group-75C85B6D1182-LeaderElection230: begin an election at term 224 for -1: [9092f221-0e0d-4970-bb84-cacd95020f21:192.168.164.213:41903, af280123-6372-4d1f-a5d4-c36229a73203:192.168.164.213:35334, b4ae536c-ed18-4717-a75c-ca4b5d6c4001:192.168.164.213:41180], old=null
2019-10-24 15:44:17,512 [af280123-6372-4d1f-a5d4-c36229a73203@group-75C85B6D1182-LeaderElection230] INFO  impl.LeaderElection (LogUtils.java:infoOrTrace(149)) - af280123-6372-4d1f-a5d4-c36229a73203@group-75C85B6D1182-LeaderElection230 got exception when requesting votes: {}
java.util.concurrent.ExecutionException: org.apache.ratis.thirdparty.io.grpc.StatusRuntimeException: UNAVAILABLE: io exception
	at java.util.concurrent.FutureTask.report(FutureTask.java:122)
	at java.util.concurrent.FutureTask.get(FutureTask.java:192)
	at org.apache.ratis.server.impl.LeaderElection.waitForResults(LeaderElection.java:259)
	at org.apache.ratis.server.impl.LeaderElection.askForVotes(LeaderElection.java:197)
	at org.apache.ratis.server.impl.LeaderElection.run(LeaderElection.java:133)
	at java.lang.Thread.run(Thread.java:748)
Caused by: org.apache.ratis.thirdparty.io.grpc.StatusRuntimeException: UNAVAILABLE: io exception
	at org.apache.ratis.thirdparty.io.grpc.stub.ClientCalls.toStatusRuntimeException(ClientCalls.java:233)
	at org.apache.ratis.thirdparty.io.grpc.stub.ClientCalls.getUnchecked(ClientCalls.java:214)
	at org.apache.ratis.thirdparty.io.grpc.stub.ClientCalls.blockingUnaryCall(ClientCalls.java:139)
	at org.apache.ratis.proto.grpc.RaftServerProtocolServiceGrpc$RaftServerProtocolServiceBlockingStub.requestVote(RaftServerProtocolServiceGrpc.java:265)
	at org.apache.ratis.grpc.server.GrpcServerProtocolClient.requestVote(GrpcServerProtocolClient.java:99)
	at org.apache.ratis.grpc.server.GrpcService.requestVote(GrpcService.java:204)
	at org.apache.ratis.server.impl.LeaderElection.lambda$submitRequests$1(LeaderElection.java:234)
	at java.util.concurrent.FutureTask.run(FutureTask.java:266)
	at java.util.concurrent.Executors$RunnableAdapter.call(Executors.java:511)
	at java.util.concurrent.FutureTask.run(FutureTask.java:266)
	at java.util.concurrent.ThreadPoolExecutor.runWorker(ThreadPoolExecutor.java:1149)
	at java.util.concurrent.ThreadPoolExecutor$Worker.run(ThreadPoolExecutor.java:624)
	... 1 more
Caused by: org.apache.ratis.thirdparty.io.netty.channel.AbstractChannel$AnnotatedConnectException: Connection refused: /192.168.164.213:41903
	at sun.nio.ch.SocketChannelImpl.checkConnect(Native Method)
	at sun.nio.ch.SocketChannelImpl.finishConnect(SocketChannelImpl.java:717)
	at org.apache.ratis.thirdparty.io.netty.channel.socket.nio.NioSocketChannel.doFinishConnect(NioSocketChannel.java:327)
	at org.apache.ratis.thirdparty.io.netty.channel.nio.AbstractNioChannel$AbstractNioUnsafe.finishConnect(AbstractNioChannel.java:340)
	at org.apache.ratis.thirdparty.io.netty.channel.nio.NioEventLoop.processSelectedKey(NioEventLoop.java:632)
	at org.apache.ratis.thirdparty.io.netty.channel.nio.NioEventLoop.processSelectedKeysOptimized(NioEventLoop.java:579)
	at org.apache.ratis.thirdparty.io.netty.channel.nio.NioEventLoop.processSelectedKeys(NioEventLoop.java:496)
	at org.apache.ratis.thirdparty.io.netty.channel.nio.NioEventLoop.run(NioEventLoop.java:458)
	at org.apache.ratis.thirdparty.io.netty.util.concurrent.SingleThreadEventExecutor$5.run(SingleThreadEventExecutor.java:897)
	at org.apache.ratis.thirdparty.io.netty.util.concurrent.FastThreadLocalRunnable.run(FastThreadLocalRunnable.java:30)
	... 1 more
Caused by: java.net.ConnectException: Connection refused
	... 11 more
2019-10-24 15:44:17,515 [grpc-default-executor-4] INFO  impl.RaftServerImpl (RaftServerImpl.java:setRole(184)) - b4ae536c-ed18-4717-a75c-ca4b5d6c4001@group-75C85B6D1182: changes role from  FOLLOWER to FOLLOWER at term 224 for recognizeCandidate:af280123-6372-4d1f-a5d4-c36229a73203
2019-10-24 15:44:17,515 [grpc-default-executor-4] INFO  impl.RoleInfo (RoleInfo.java:shutdownFollowerState(121)) - b4ae536c-ed18-4717-a75c-ca4b5d6c4001: shutdown FollowerState
2019-10-24 15:44:17,516 [grpc-default-executor-4] INFO  impl.RoleInfo (RoleInfo.java:updateAndGet(143)) - b4ae536c-ed18-4717-a75c-ca4b5d6c4001: start FollowerState
2019-10-24 15:44:17,516 [Thread-2043] INFO  impl.FollowerState (FollowerState.java:run(117)) - b4ae536c-ed18-4717-a75c-ca4b5d6c4001@group-75C85B6D1182-FollowerState was interrupted: java.lang.InterruptedException: sleep interrupted
2019-10-24 15:44:17,538 [af280123-6372-4d1f-a5d4-c36229a73203@group-75C85B6D1182-LeaderElection230] INFO  impl.LeaderElection (LeaderElection.java:logAndReturn(56)) - af280123-6372-4d1f-a5d4-c36229a73203@group-75C85B6D1182-LeaderElection230: Election REJECTED; received 1 response(s) [af280123-6372-4d1f-a5d4-c36229a73203<-b4ae536c-ed18-4717-a75c-ca4b5d6c4001#0:FAIL-t224] and 1 exception(s); af280123-6372-4d1f-a5d4-c36229a73203@group-75C85B6D1182:t224, leader=null, voted=af280123-6372-4d1f-a5d4-c36229a73203, raftlog=af280123-6372-4d1f-a5d4-c36229a73203@group-75C85B6D1182-SegmentedRaftLog:OPENED:c-1,f-1,i0, conf=-1: [9092f221-0e0d-4970-bb84-cacd95020f21:192.168.164.213:41903, af280123-6372-4d1f-a5d4-c36229a73203:192.168.164.213:35334, b4ae536c-ed18-4717-a75c-ca4b5d6c4001:192.168.164.213:41180], old=null
2019-10-24 15:44:17,538 [af280123-6372-4d1f-a5d4-c36229a73203@group-75C85B6D1182-LeaderElection230] INFO  impl.LeaderElection (LogUtils.java:infoOrTrace(149)) -   Exception 0: {}
java.util.concurrent.ExecutionException: org.apache.ratis.thirdparty.io.grpc.StatusRuntimeException: UNAVAILABLE: io exception
	at java.util.concurrent.FutureTask.report(FutureTask.java:122)
	at java.util.concurrent.FutureTask.get(FutureTask.java:192)
	at org.apache.ratis.server.impl.LeaderElection.waitForResults(LeaderElection.java:259)
	at org.apache.ratis.server.impl.LeaderElection.askForVotes(LeaderElection.java:197)
	at org.apache.ratis.server.impl.LeaderElection.run(LeaderElection.java:133)
	at java.lang.Thread.run(Thread.java:748)
Caused by: org.apache.ratis.thirdparty.io.grpc.StatusRuntimeException: UNAVAILABLE: io exception
	at org.apache.ratis.thirdparty.io.grpc.stub.ClientCalls.toStatusRuntimeException(ClientCalls.java:233)
	at org.apache.ratis.thirdparty.io.grpc.stub.ClientCalls.getUnchecked(ClientCalls.java:214)
	at org.apache.ratis.thirdparty.io.grpc.stub.ClientCalls.blockingUnaryCall(ClientCalls.java:139)
	at org.apache.ratis.proto.grpc.RaftServerProtocolServiceGrpc$RaftServerProtocolServiceBlockingStub.requestVote(RaftServerProtocolServiceGrpc.java:265)
	at org.apache.ratis.grpc.server.GrpcServerProtocolClient.requestVote(GrpcServerProtocolClient.java:99)
	at org.apache.ratis.grpc.server.GrpcService.requestVote(GrpcService.java:204)
	at org.apache.ratis.server.impl.LeaderElection.lambda$submitRequests$1(LeaderElection.java:234)
	at java.util.concurrent.FutureTask.run(FutureTask.java:266)
	at java.util.concurrent.Executors$RunnableAdapter.call(Executors.java:511)
	at java.util.concurrent.FutureTask.run(FutureTask.java:266)
	at java.util.concurrent.ThreadPoolExecutor.runWorker(ThreadPoolExecutor.java:1149)
	at java.util.concurrent.ThreadPoolExecutor$Worker.run(ThreadPoolExecutor.java:624)
	... 1 more
Caused by: org.apache.ratis.thirdparty.io.netty.channel.AbstractChannel$AnnotatedConnectException: Connection refused: /192.168.164.213:41903
	at sun.nio.ch.SocketChannelImpl.checkConnect(Native Method)
	at sun.nio.ch.SocketChannelImpl.finishConnect(SocketChannelImpl.java:717)
	at org.apache.ratis.thirdparty.io.netty.channel.socket.nio.NioSocketChannel.doFinishConnect(NioSocketChannel.java:327)
	at org.apache.ratis.thirdparty.io.netty.channel.nio.AbstractNioChannel$AbstractNioUnsafe.finishConnect(AbstractNioChannel.java:340)
	at org.apache.ratis.thirdparty.io.netty.channel.nio.NioEventLoop.processSelectedKey(NioEventLoop.java:632)
	at org.apache.ratis.thirdparty.io.netty.channel.nio.NioEventLoop.processSelectedKeysOptimized(NioEventLoop.java:579)
	at org.apache.ratis.thirdparty.io.netty.channel.nio.NioEventLoop.processSelectedKeys(NioEventLoop.java:496)
	at org.apache.ratis.thirdparty.io.netty.channel.nio.NioEventLoop.run(NioEventLoop.java:458)
	at org.apache.ratis.thirdparty.io.netty.util.concurrent.SingleThreadEventExecutor$5.run(SingleThreadEventExecutor.java:897)
	at org.apache.ratis.thirdparty.io.netty.util.concurrent.FastThreadLocalRunnable.run(FastThreadLocalRunnable.java:30)
	... 1 more
Caused by: java.net.ConnectException: Connection refused
	... 11 more
2019-10-24 15:44:17,539 [af280123-6372-4d1f-a5d4-c36229a73203@group-75C85B6D1182-LeaderElection230] INFO  impl.RaftServerImpl (RaftServerImpl.java:setRole(184)) - af280123-6372-4d1f-a5d4-c36229a73203@group-75C85B6D1182: changes role from CANDIDATE to FOLLOWER at term 224 for DISCOVERED_A_NEW_TERM
2019-10-24 15:44:17,539 [af280123-6372-4d1f-a5d4-c36229a73203@group-75C85B6D1182-LeaderElection230] INFO  impl.RoleInfo (RoleInfo.java:shutdownLeaderElection(134)) - af280123-6372-4d1f-a5d4-c36229a73203: shutdown LeaderElection
2019-10-24 15:44:17,539 [af280123-6372-4d1f-a5d4-c36229a73203@group-75C85B6D1182-LeaderElection230] INFO  impl.RoleInfo (RoleInfo.java:updateAndGet(143)) - af280123-6372-4d1f-a5d4-c36229a73203: start FollowerState
2019-10-24 15:44:17,613 [Thread-2050] INFO  impl.FollowerState (FollowerState.java:run(108)) - af280123-6372-4d1f-a5d4-c36229a73203@group-75C85B6D1182-FollowerState: change to CANDIDATE, lastRpcTime:74ms, electionTimeout:74ms
2019-10-24 15:44:17,613 [Thread-2050] INFO  impl.RoleInfo (RoleInfo.java:shutdownFollowerState(121)) - af280123-6372-4d1f-a5d4-c36229a73203: shutdown FollowerState
2019-10-24 15:44:17,613 [Thread-2050] INFO  impl.RaftServerImpl (RaftServerImpl.java:setRole(184)) - af280123-6372-4d1f-a5d4-c36229a73203@group-75C85B6D1182: changes role from  FOLLOWER to CANDIDATE at term 224 for changeToCandidate
2019-10-24 15:44:17,614 [Thread-2050] INFO  impl.RoleInfo (RoleInfo.java:updateAndGet(143)) - af280123-6372-4d1f-a5d4-c36229a73203: start LeaderElection
2019-10-24 15:44:17,627 [af280123-6372-4d1f-a5d4-c36229a73203@group-75C85B6D1182-LeaderElection231] INFO  impl.LeaderElection (LeaderElection.java:askForVotes(178)) - af280123-6372-4d1f-a5d4-c36229a73203@group-75C85B6D1182-LeaderElection231: begin an election at term 225 for -1: [9092f221-0e0d-4970-bb84-cacd95020f21:192.168.164.213:41903, af280123-6372-4d1f-a5d4-c36229a73203:192.168.164.213:35334, b4ae536c-ed18-4717-a75c-ca4b5d6c4001:192.168.164.213:41180], old=null
2019-10-24 15:44:17,627 [af280123-6372-4d1f-a5d4-c36229a73203@group-75C85B6D1182-LeaderElection231] INFO  impl.LeaderElection (LogUtils.java:infoOrTrace(149)) - af280123-6372-4d1f-a5d4-c36229a73203@group-75C85B6D1182-LeaderElection231 got exception when requesting votes: {}
java.util.concurrent.ExecutionException: org.apache.ratis.thirdparty.io.grpc.StatusRuntimeException: UNAVAILABLE: io exception
	at java.util.concurrent.FutureTask.report(FutureTask.java:122)
	at java.util.concurrent.FutureTask.get(FutureTask.java:192)
	at org.apache.ratis.server.impl.LeaderElection.waitForResults(LeaderElection.java:259)
	at org.apache.ratis.server.impl.LeaderElection.askForVotes(LeaderElection.java:197)
	at org.apache.ratis.server.impl.LeaderElection.run(LeaderElection.java:133)
	at java.lang.Thread.run(Thread.java:748)
Caused by: org.apache.ratis.thirdparty.io.grpc.StatusRuntimeException: UNAVAILABLE: io exception
	at org.apache.ratis.thirdparty.io.grpc.stub.ClientCalls.toStatusRuntimeException(ClientCalls.java:233)
	at org.apache.ratis.thirdparty.io.grpc.stub.ClientCalls.getUnchecked(ClientCalls.java:214)
	at org.apache.ratis.thirdparty.io.grpc.stub.ClientCalls.blockingUnaryCall(ClientCalls.java:139)
	at org.apache.ratis.proto.grpc.RaftServerProtocolServiceGrpc$RaftServerProtocolServiceBlockingStub.requestVote(RaftServerProtocolServiceGrpc.java:265)
	at org.apache.ratis.grpc.server.GrpcServerProtocolClient.requestVote(GrpcServerProtocolClient.java:99)
	at org.apache.ratis.grpc.server.GrpcService.requestVote(GrpcService.java:204)
	at org.apache.ratis.server.impl.LeaderElection.lambda$submitRequests$1(LeaderElection.java:234)
	at java.util.concurrent.FutureTask.run(FutureTask.java:266)
	at java.util.concurrent.Executors$RunnableAdapter.call(Executors.java:511)
	at java.util.concurrent.FutureTask.run(FutureTask.java:266)
	at java.util.concurrent.ThreadPoolExecutor.runWorker(ThreadPoolExecutor.java:1149)
	at java.util.concurrent.ThreadPoolExecutor$Worker.run(ThreadPoolExecutor.java:624)
	... 1 more
Caused by: org.apache.ratis.thirdparty.io.netty.channel.AbstractChannel$AnnotatedConnectException: Connection refused: /192.168.164.213:41903
	at sun.nio.ch.SocketChannelImpl.checkConnect(Native Method)
	at sun.nio.ch.SocketChannelImpl.finishConnect(SocketChannelImpl.java:717)
	at org.apache.ratis.thirdparty.io.netty.channel.socket.nio.NioSocketChannel.doFinishConnect(NioSocketChannel.java:327)
	at org.apache.ratis.thirdparty.io.netty.channel.nio.AbstractNioChannel$AbstractNioUnsafe.finishConnect(AbstractNioChannel.java:340)
	at org.apache.ratis.thirdparty.io.netty.channel.nio.NioEventLoop.processSelectedKey(NioEventLoop.java:632)
	at org.apache.ratis.thirdparty.io.netty.channel.nio.NioEventLoop.processSelectedKeysOptimized(NioEventLoop.java:579)
	at org.apache.ratis.thirdparty.io.netty.channel.nio.NioEventLoop.processSelectedKeys(NioEventLoop.java:496)
	at org.apache.ratis.thirdparty.io.netty.channel.nio.NioEventLoop.run(NioEventLoop.java:458)
	at org.apache.ratis.thirdparty.io.netty.util.concurrent.SingleThreadEventExecutor$5.run(SingleThreadEventExecutor.java:897)
	at org.apache.ratis.thirdparty.io.netty.util.concurrent.FastThreadLocalRunnable.run(FastThreadLocalRunnable.java:30)
	... 1 more
Caused by: java.net.ConnectException: Connection refused
	... 11 more
2019-10-24 15:44:17,630 [grpc-default-executor-4] INFO  impl.RaftServerImpl (RaftServerImpl.java:setRole(184)) - b4ae536c-ed18-4717-a75c-ca4b5d6c4001@group-75C85B6D1182: changes role from  FOLLOWER to FOLLOWER at term 225 for recognizeCandidate:af280123-6372-4d1f-a5d4-c36229a73203
2019-10-24 15:44:17,630 [grpc-default-executor-4] INFO  impl.RoleInfo (RoleInfo.java:shutdownFollowerState(121)) - b4ae536c-ed18-4717-a75c-ca4b5d6c4001: shutdown FollowerState
2019-10-24 15:44:17,630 [grpc-default-executor-4] INFO  impl.RoleInfo (RoleInfo.java:updateAndGet(143)) - b4ae536c-ed18-4717-a75c-ca4b5d6c4001: start FollowerState
2019-10-24 15:44:17,630 [Thread-2049] INFO  impl.FollowerState (FollowerState.java:run(117)) - b4ae536c-ed18-4717-a75c-ca4b5d6c4001@group-75C85B6D1182-FollowerState was interrupted: java.lang.InterruptedException: sleep interrupted
2019-10-24 15:44:17,644 [af280123-6372-4d1f-a5d4-c36229a73203@group-75C85B6D1182-LeaderElection231] INFO  impl.LeaderElection (LeaderElection.java:logAndReturn(56)) - af280123-6372-4d1f-a5d4-c36229a73203@group-75C85B6D1182-LeaderElection231: Election REJECTED; received 1 response(s) [af280123-6372-4d1f-a5d4-c36229a73203<-b4ae536c-ed18-4717-a75c-ca4b5d6c4001#0:FAIL-t225] and 1 exception(s); af280123-6372-4d1f-a5d4-c36229a73203@group-75C85B6D1182:t225, leader=null, voted=af280123-6372-4d1f-a5d4-c36229a73203, raftlog=af280123-6372-4d1f-a5d4-c36229a73203@group-75C85B6D1182-SegmentedRaftLog:OPENED:c-1,f-1,i0, conf=-1: [9092f221-0e0d-4970-bb84-cacd95020f21:192.168.164.213:41903, af280123-6372-4d1f-a5d4-c36229a73203:192.168.164.213:35334, b4ae536c-ed18-4717-a75c-ca4b5d6c4001:192.168.164.213:41180], old=null
2019-10-24 15:44:17,644 [af280123-6372-4d1f-a5d4-c36229a73203@group-75C85B6D1182-LeaderElection231] INFO  impl.LeaderElection (LogUtils.java:infoOrTrace(149)) -   Exception 0: {}
java.util.concurrent.ExecutionException: org.apache.ratis.thirdparty.io.grpc.StatusRuntimeException: UNAVAILABLE: io exception
	at java.util.concurrent.FutureTask.report(FutureTask.java:122)
	at java.util.concurrent.FutureTask.get(FutureTask.java:192)
	at org.apache.ratis.server.impl.LeaderElection.waitForResults(LeaderElection.java:259)
	at org.apache.ratis.server.impl.LeaderElection.askForVotes(LeaderElection.java:197)
	at org.apache.ratis.server.impl.LeaderElection.run(LeaderElection.java:133)
	at java.lang.Thread.run(Thread.java:748)
Caused by: org.apache.ratis.thirdparty.io.grpc.StatusRuntimeException: UNAVAILABLE: io exception
	at org.apache.ratis.thirdparty.io.grpc.stub.ClientCalls.toStatusRuntimeException(ClientCalls.java:233)
	at org.apache.ratis.thirdparty.io.grpc.stub.ClientCalls.getUnchecked(ClientCalls.java:214)
	at org.apache.ratis.thirdparty.io.grpc.stub.ClientCalls.blockingUnaryCall(ClientCalls.java:139)
	at org.apache.ratis.proto.grpc.RaftServerProtocolServiceGrpc$RaftServerProtocolServiceBlockingStub.requestVote(RaftServerProtocolServiceGrpc.java:265)
	at org.apache.ratis.grpc.server.GrpcServerProtocolClient.requestVote(GrpcServerProtocolClient.java:99)
	at org.apache.ratis.grpc.server.GrpcService.requestVote(GrpcService.java:204)
	at org.apache.ratis.server.impl.LeaderElection.lambda$submitRequests$1(LeaderElection.java:234)
	at java.util.concurrent.FutureTask.run(FutureTask.java:266)
	at java.util.concurrent.Executors$RunnableAdapter.call(Executors.java:511)
	at java.util.concurrent.FutureTask.run(FutureTask.java:266)
	at java.util.concurrent.ThreadPoolExecutor.runWorker(ThreadPoolExecutor.java:1149)
	at java.util.concurrent.ThreadPoolExecutor$Worker.run(ThreadPoolExecutor.java:624)
	... 1 more
Caused by: org.apache.ratis.thirdparty.io.netty.channel.AbstractChannel$AnnotatedConnectException: Connection refused: /192.168.164.213:41903
	at sun.nio.ch.SocketChannelImpl.checkConnect(Native Method)
	at sun.nio.ch.SocketChannelImpl.finishConnect(SocketChannelImpl.java:717)
	at org.apache.ratis.thirdparty.io.netty.channel.socket.nio.NioSocketChannel.doFinishConnect(NioSocketChannel.java:327)
	at org.apache.ratis.thirdparty.io.netty.channel.nio.AbstractNioChannel$AbstractNioUnsafe.finishConnect(AbstractNioChannel.java:340)
	at org.apache.ratis.thirdparty.io.netty.channel.nio.NioEventLoop.processSelectedKey(NioEventLoop.java:632)
	at org.apache.ratis.thirdparty.io.netty.channel.nio.NioEventLoop.processSelectedKeysOptimized(NioEventLoop.java:579)
	at org.apache.ratis.thirdparty.io.netty.channel.nio.NioEventLoop.processSelectedKeys(NioEventLoop.java:496)
	at org.apache.ratis.thirdparty.io.netty.channel.nio.NioEventLoop.run(NioEventLoop.java:458)
	at org.apache.ratis.thirdparty.io.netty.util.concurrent.SingleThreadEventExecutor$5.run(SingleThreadEventExecutor.java:897)
	at org.apache.ratis.thirdparty.io.netty.util.concurrent.FastThreadLocalRunnable.run(FastThreadLocalRunnable.java:30)
	... 1 more
Caused by: java.net.ConnectException: Connection refused
	... 11 more
2019-10-24 15:44:17,645 [af280123-6372-4d1f-a5d4-c36229a73203@group-75C85B6D1182-LeaderElection231] INFO  impl.RaftServerImpl (RaftServerImpl.java:setRole(184)) - af280123-6372-4d1f-a5d4-c36229a73203@group-75C85B6D1182: changes role from CANDIDATE to FOLLOWER at term 225 for DISCOVERED_A_NEW_TERM
2019-10-24 15:44:17,645 [af280123-6372-4d1f-a5d4-c36229a73203@group-75C85B6D1182-LeaderElection231] INFO  impl.RoleInfo (RoleInfo.java:shutdownLeaderElection(134)) - af280123-6372-4d1f-a5d4-c36229a73203: shutdown LeaderElection
2019-10-24 15:44:17,645 [af280123-6372-4d1f-a5d4-c36229a73203@group-75C85B6D1182-LeaderElection231] INFO  impl.RoleInfo (RoleInfo.java:updateAndGet(143)) - af280123-6372-4d1f-a5d4-c36229a73203: start FollowerState
2019-10-24 15:44:17,729 [Thread-2055] INFO  impl.FollowerState (FollowerState.java:run(108)) - af280123-6372-4d1f-a5d4-c36229a73203@group-75C85B6D1182-FollowerState: change to CANDIDATE, lastRpcTime:84ms, electionTimeout:84ms
2019-10-24 15:44:17,729 [Thread-2055] INFO  impl.RoleInfo (RoleInfo.java:shutdownFollowerState(121)) - af280123-6372-4d1f-a5d4-c36229a73203: shutdown FollowerState
2019-10-24 15:44:17,729 [Thread-2055] INFO  impl.RaftServerImpl (RaftServerImpl.java:setRole(184)) - af280123-6372-4d1f-a5d4-c36229a73203@group-75C85B6D1182: changes role from  FOLLOWER to CANDIDATE at term 225 for changeToCandidate
2019-10-24 15:44:17,730 [Thread-2055] INFO  impl.RoleInfo (RoleInfo.java:updateAndGet(143)) - af280123-6372-4d1f-a5d4-c36229a73203: start LeaderElection
2019-10-24 15:44:17,743 [af280123-6372-4d1f-a5d4-c36229a73203@group-75C85B6D1182-LeaderElection232] INFO  impl.LeaderElection (LeaderElection.java:askForVotes(178)) - af280123-6372-4d1f-a5d4-c36229a73203@group-75C85B6D1182-LeaderElection232: begin an election at term 226 for -1: [9092f221-0e0d-4970-bb84-cacd95020f21:192.168.164.213:41903, af280123-6372-4d1f-a5d4-c36229a73203:192.168.164.213:35334, b4ae536c-ed18-4717-a75c-ca4b5d6c4001:192.168.164.213:41180], old=null
2019-10-24 15:44:17,744 [af280123-6372-4d1f-a5d4-c36229a73203@group-75C85B6D1182-LeaderElection232] INFO  impl.LeaderElection (LogUtils.java:infoOrTrace(149)) - af280123-6372-4d1f-a5d4-c36229a73203@group-75C85B6D1182-LeaderElection232 got exception when requesting votes: {}
java.util.concurrent.ExecutionException: org.apache.ratis.thirdparty.io.grpc.StatusRuntimeException: UNAVAILABLE: io exception
	at java.util.concurrent.FutureTask.report(FutureTask.java:122)
	at java.util.concurrent.FutureTask.get(FutureTask.java:192)
	at org.apache.ratis.server.impl.LeaderElection.waitForResults(LeaderElection.java:259)
	at org.apache.ratis.server.impl.LeaderElection.askForVotes(LeaderElection.java:197)
	at org.apache.ratis.server.impl.LeaderElection.run(LeaderElection.java:133)
	at java.lang.Thread.run(Thread.java:748)
Caused by: org.apache.ratis.thirdparty.io.grpc.StatusRuntimeException: UNAVAILABLE: io exception
	at org.apache.ratis.thirdparty.io.grpc.stub.ClientCalls.toStatusRuntimeException(ClientCalls.java:233)
	at org.apache.ratis.thirdparty.io.grpc.stub.ClientCalls.getUnchecked(ClientCalls.java:214)
	at org.apache.ratis.thirdparty.io.grpc.stub.ClientCalls.blockingUnaryCall(ClientCalls.java:139)
	at org.apache.ratis.proto.grpc.RaftServerProtocolServiceGrpc$RaftServerProtocolServiceBlockingStub.requestVote(RaftServerProtocolServiceGrpc.java:265)
	at org.apache.ratis.grpc.server.GrpcServerProtocolClient.requestVote(GrpcServerProtocolClient.java:99)
	at org.apache.ratis.grpc.server.GrpcService.requestVote(GrpcService.java:204)
	at org.apache.ratis.server.impl.LeaderElection.lambda$submitRequests$1(LeaderElection.java:234)
	at java.util.concurrent.FutureTask.run(FutureTask.java:266)
	at java.util.concurrent.Executors$RunnableAdapter.call(Executors.java:511)
	at java.util.concurrent.FutureTask.run(FutureTask.java:266)
	at java.util.concurrent.ThreadPoolExecutor.runWorker(ThreadPoolExecutor.java:1149)
	at java.util.concurrent.ThreadPoolExecutor$Worker.run(ThreadPoolExecutor.java:624)
	... 1 more
Caused by: org.apache.ratis.thirdparty.io.netty.channel.AbstractChannel$AnnotatedConnectException: Connection refused: /192.168.164.213:41903
	at sun.nio.ch.SocketChannelImpl.checkConnect(Native Method)
	at sun.nio.ch.SocketChannelImpl.finishConnect(SocketChannelImpl.java:717)
	at org.apache.ratis.thirdparty.io.netty.channel.socket.nio.NioSocketChannel.doFinishConnect(NioSocketChannel.java:327)
	at org.apache.ratis.thirdparty.io.netty.channel.nio.AbstractNioChannel$AbstractNioUnsafe.finishConnect(AbstractNioChannel.java:340)
	at org.apache.ratis.thirdparty.io.netty.channel.nio.NioEventLoop.processSelectedKey(NioEventLoop.java:632)
	at org.apache.ratis.thirdparty.io.netty.channel.nio.NioEventLoop.processSelectedKeysOptimized(NioEventLoop.java:579)
	at org.apache.ratis.thirdparty.io.netty.channel.nio.NioEventLoop.processSelectedKeys(NioEventLoop.java:496)
	at org.apache.ratis.thirdparty.io.netty.channel.nio.NioEventLoop.run(NioEventLoop.java:458)
	at org.apache.ratis.thirdparty.io.netty.util.concurrent.SingleThreadEventExecutor$5.run(SingleThreadEventExecutor.java:897)
	at org.apache.ratis.thirdparty.io.netty.util.concurrent.FastThreadLocalRunnable.run(FastThreadLocalRunnable.java:30)
	... 1 more
Caused by: java.net.ConnectException: Connection refused
	... 11 more
2019-10-24 15:44:17,746 [grpc-default-executor-4] INFO  impl.RaftServerImpl (RaftServerImpl.java:setRole(184)) - b4ae536c-ed18-4717-a75c-ca4b5d6c4001@group-75C85B6D1182: changes role from  FOLLOWER to FOLLOWER at term 226 for recognizeCandidate:af280123-6372-4d1f-a5d4-c36229a73203
2019-10-24 15:44:17,746 [grpc-default-executor-4] INFO  impl.RoleInfo (RoleInfo.java:shutdownFollowerState(121)) - b4ae536c-ed18-4717-a75c-ca4b5d6c4001: shutdown FollowerState
2019-10-24 15:44:17,747 [grpc-default-executor-4] INFO  impl.RoleInfo (RoleInfo.java:updateAndGet(143)) - b4ae536c-ed18-4717-a75c-ca4b5d6c4001: start FollowerState
2019-10-24 15:44:17,747 [Thread-2054] INFO  impl.FollowerState (FollowerState.java:run(117)) - b4ae536c-ed18-4717-a75c-ca4b5d6c4001@group-75C85B6D1182-FollowerState was interrupted: java.lang.InterruptedException: sleep interrupted
2019-10-24 15:44:17,761 [af280123-6372-4d1f-a5d4-c36229a73203@group-75C85B6D1182-LeaderElection232] INFO  impl.LeaderElection (LeaderElection.java:logAndReturn(56)) - af280123-6372-4d1f-a5d4-c36229a73203@group-75C85B6D1182-LeaderElection232: Election REJECTED; received 1 response(s) [af280123-6372-4d1f-a5d4-c36229a73203<-b4ae536c-ed18-4717-a75c-ca4b5d6c4001#0:FAIL-t226] and 1 exception(s); af280123-6372-4d1f-a5d4-c36229a73203@group-75C85B6D1182:t226, leader=null, voted=af280123-6372-4d1f-a5d4-c36229a73203, raftlog=af280123-6372-4d1f-a5d4-c36229a73203@group-75C85B6D1182-SegmentedRaftLog:OPENED:c-1,f-1,i0, conf=-1: [9092f221-0e0d-4970-bb84-cacd95020f21:192.168.164.213:41903, af280123-6372-4d1f-a5d4-c36229a73203:192.168.164.213:35334, b4ae536c-ed18-4717-a75c-ca4b5d6c4001:192.168.164.213:41180], old=null
2019-10-24 15:44:17,761 [af280123-6372-4d1f-a5d4-c36229a73203@group-75C85B6D1182-LeaderElection232] INFO  impl.LeaderElection (LogUtils.java:infoOrTrace(149)) -   Exception 0: {}
java.util.concurrent.ExecutionException: org.apache.ratis.thirdparty.io.grpc.StatusRuntimeException: UNAVAILABLE: io exception
	at java.util.concurrent.FutureTask.report(FutureTask.java:122)
	at java.util.concurrent.FutureTask.get(FutureTask.java:192)
	at org.apache.ratis.server.impl.LeaderElection.waitForResults(LeaderElection.java:259)
	at org.apache.ratis.server.impl.LeaderElection.askForVotes(LeaderElection.java:197)
	at org.apache.ratis.server.impl.LeaderElection.run(LeaderElection.java:133)
	at java.lang.Thread.run(Thread.java:748)
Caused by: org.apache.ratis.thirdparty.io.grpc.StatusRuntimeException: UNAVAILABLE: io exception
	at org.apache.ratis.thirdparty.io.grpc.stub.ClientCalls.toStatusRuntimeException(ClientCalls.java:233)
	at org.apache.ratis.thirdparty.io.grpc.stub.ClientCalls.getUnchecked(ClientCalls.java:214)
	at org.apache.ratis.thirdparty.io.grpc.stub.ClientCalls.blockingUnaryCall(ClientCalls.java:139)
	at org.apache.ratis.proto.grpc.RaftServerProtocolServiceGrpc$RaftServerProtocolServiceBlockingStub.requestVote(RaftServerProtocolServiceGrpc.java:265)
	at org.apache.ratis.grpc.server.GrpcServerProtocolClient.requestVote(GrpcServerProtocolClient.java:99)
	at org.apache.ratis.grpc.server.GrpcService.requestVote(GrpcService.java:204)
	at org.apache.ratis.server.impl.LeaderElection.lambda$submitRequests$1(LeaderElection.java:234)
	at java.util.concurrent.FutureTask.run(FutureTask.java:266)
	at java.util.concurrent.Executors$RunnableAdapter.call(Executors.java:511)
	at java.util.concurrent.FutureTask.run(FutureTask.java:266)
	at java.util.concurrent.ThreadPoolExecutor.runWorker(ThreadPoolExecutor.java:1149)
	at java.util.concurrent.ThreadPoolExecutor$Worker.run(ThreadPoolExecutor.java:624)
	... 1 more
Caused by: org.apache.ratis.thirdparty.io.netty.channel.AbstractChannel$AnnotatedConnectException: Connection refused: /192.168.164.213:41903
	at sun.nio.ch.SocketChannelImpl.checkConnect(Native Method)
	at sun.nio.ch.SocketChannelImpl.finishConnect(SocketChannelImpl.java:717)
	at org.apache.ratis.thirdparty.io.netty.channel.socket.nio.NioSocketChannel.doFinishConnect(NioSocketChannel.java:327)
	at org.apache.ratis.thirdparty.io.netty.channel.nio.AbstractNioChannel$AbstractNioUnsafe.finishConnect(AbstractNioChannel.java:340)
	at org.apache.ratis.thirdparty.io.netty.channel.nio.NioEventLoop.processSelectedKey(NioEventLoop.java:632)
	at org.apache.ratis.thirdparty.io.netty.channel.nio.NioEventLoop.processSelectedKeysOptimized(NioEventLoop.java:579)
	at org.apache.ratis.thirdparty.io.netty.channel.nio.NioEventLoop.processSelectedKeys(NioEventLoop.java:496)
	at org.apache.ratis.thirdparty.io.netty.channel.nio.NioEventLoop.run(NioEventLoop.java:458)
	at org.apache.ratis.thirdparty.io.netty.util.concurrent.SingleThreadEventExecutor$5.run(SingleThreadEventExecutor.java:897)
	at org.apache.ratis.thirdparty.io.netty.util.concurrent.FastThreadLocalRunnable.run(FastThreadLocalRunnable.java:30)
	... 1 more
Caused by: java.net.ConnectException: Connection refused
	... 11 more
2019-10-24 15:44:17,762 [af280123-6372-4d1f-a5d4-c36229a73203@group-75C85B6D1182-LeaderElection232] INFO  impl.RaftServerImpl (RaftServerImpl.java:setRole(184)) - af280123-6372-4d1f-a5d4-c36229a73203@group-75C85B6D1182: changes role from CANDIDATE to FOLLOWER at term 226 for DISCOVERED_A_NEW_TERM
2019-10-24 15:44:17,762 [af280123-6372-4d1f-a5d4-c36229a73203@group-75C85B6D1182-LeaderElection232] INFO  impl.RoleInfo (RoleInfo.java:shutdownLeaderElection(134)) - af280123-6372-4d1f-a5d4-c36229a73203: shutdown LeaderElection
2019-10-24 15:44:17,762 [af280123-6372-4d1f-a5d4-c36229a73203@group-75C85B6D1182-LeaderElection232] INFO  impl.RoleInfo (RoleInfo.java:updateAndGet(143)) - af280123-6372-4d1f-a5d4-c36229a73203: start FollowerState
2019-10-24 15:44:17,836 [java.util.concurrent.ThreadPoolExecutor$Worker@15849834[State = -1, empty queue]] WARN  server.GrpcLogAppender (GrpcLogAppender.java:timeoutAppendRequest(209)) - 2f81ded6-48e6-408d-9409-3cd44f70bee8@group-56059261E3EC->3a65ecdf-e32f-4548-a2e5-44ab823c11b3-GrpcLogAppender: appendEntries Timeout, request=2f81ded6-48e6-408d-9409-3cd44f70bee8->3a65ecdf-e32f-4548-a2e5-44ab823c11b3#65-t6, previous=(t:6, i:16), leaderCommit=16, initializing? false, entries: <empty>
2019-10-24 15:44:17,837 [Thread-2060] INFO  impl.FollowerState (FollowerState.java:run(108)) - af280123-6372-4d1f-a5d4-c36229a73203@group-75C85B6D1182-FollowerState: change to CANDIDATE, lastRpcTime:75ms, electionTimeout:75ms
2019-10-24 15:44:17,838 [Thread-2060] INFO  impl.RoleInfo (RoleInfo.java:shutdownFollowerState(121)) - af280123-6372-4d1f-a5d4-c36229a73203: shutdown FollowerState
2019-10-24 15:44:17,838 [Thread-2060] INFO  impl.RaftServerImpl (RaftServerImpl.java:setRole(184)) - af280123-6372-4d1f-a5d4-c36229a73203@group-75C85B6D1182: changes role from  FOLLOWER to CANDIDATE at term 226 for changeToCandidate
2019-10-24 15:44:17,838 [Thread-2060] INFO  impl.RoleInfo (RoleInfo.java:updateAndGet(143)) - af280123-6372-4d1f-a5d4-c36229a73203: start LeaderElection
2019-10-24 15:44:17,852 [af280123-6372-4d1f-a5d4-c36229a73203@group-75C85B6D1182-LeaderElection233] INFO  impl.LeaderElection (LeaderElection.java:askForVotes(178)) - af280123-6372-4d1f-a5d4-c36229a73203@group-75C85B6D1182-LeaderElection233: begin an election at term 227 for -1: [9092f221-0e0d-4970-bb84-cacd95020f21:192.168.164.213:41903, af280123-6372-4d1f-a5d4-c36229a73203:192.168.164.213:35334, b4ae536c-ed18-4717-a75c-ca4b5d6c4001:192.168.164.213:41180], old=null
2019-10-24 15:44:17,853 [af280123-6372-4d1f-a5d4-c36229a73203@group-75C85B6D1182-LeaderElection233] INFO  impl.LeaderElection (LogUtils.java:infoOrTrace(149)) - af280123-6372-4d1f-a5d4-c36229a73203@group-75C85B6D1182-LeaderElection233 got exception when requesting votes: {}
java.util.concurrent.ExecutionException: org.apache.ratis.thirdparty.io.grpc.StatusRuntimeException: UNAVAILABLE: io exception
	at java.util.concurrent.FutureTask.report(FutureTask.java:122)
	at java.util.concurrent.FutureTask.get(FutureTask.java:192)
	at org.apache.ratis.server.impl.LeaderElection.waitForResults(LeaderElection.java:259)
	at org.apache.ratis.server.impl.LeaderElection.askForVotes(LeaderElection.java:197)
	at org.apache.ratis.server.impl.LeaderElection.run(LeaderElection.java:133)
	at java.lang.Thread.run(Thread.java:748)
Caused by: org.apache.ratis.thirdparty.io.grpc.StatusRuntimeException: UNAVAILABLE: io exception
	at org.apache.ratis.thirdparty.io.grpc.stub.ClientCalls.toStatusRuntimeException(ClientCalls.java:233)
	at org.apache.ratis.thirdparty.io.grpc.stub.ClientCalls.getUnchecked(ClientCalls.java:214)
	at org.apache.ratis.thirdparty.io.grpc.stub.ClientCalls.blockingUnaryCall(ClientCalls.java:139)
	at org.apache.ratis.proto.grpc.RaftServerProtocolServiceGrpc$RaftServerProtocolServiceBlockingStub.requestVote(RaftServerProtocolServiceGrpc.java:265)
	at org.apache.ratis.grpc.server.GrpcServerProtocolClient.requestVote(GrpcServerProtocolClient.java:99)
	at org.apache.ratis.grpc.server.GrpcService.requestVote(GrpcService.java:204)
	at org.apache.ratis.server.impl.LeaderElection.lambda$submitRequests$1(LeaderElection.java:234)
	at java.util.concurrent.FutureTask.run(FutureTask.java:266)
	at java.util.concurrent.Executors$RunnableAdapter.call(Executors.java:511)
	at java.util.concurrent.FutureTask.run(FutureTask.java:266)
	at java.util.concurrent.ThreadPoolExecutor.runWorker(ThreadPoolExecutor.java:1149)
	at java.util.concurrent.ThreadPoolExecutor$Worker.run(ThreadPoolExecutor.java:624)
	... 1 more
Caused by: org.apache.ratis.thirdparty.io.netty.channel.AbstractChannel$AnnotatedConnectException: Connection refused: /192.168.164.213:41903
	at sun.nio.ch.SocketChannelImpl.checkConnect(Native Method)
	at sun.nio.ch.SocketChannelImpl.finishConnect(SocketChannelImpl.java:717)
	at org.apache.ratis.thirdparty.io.netty.channel.socket.nio.NioSocketChannel.doFinishConnect(NioSocketChannel.java:327)
	at org.apache.ratis.thirdparty.io.netty.channel.nio.AbstractNioChannel$AbstractNioUnsafe.finishConnect(AbstractNioChannel.java:340)
	at org.apache.ratis.thirdparty.io.netty.channel.nio.NioEventLoop.processSelectedKey(NioEventLoop.java:632)
	at org.apache.ratis.thirdparty.io.netty.channel.nio.NioEventLoop.processSelectedKeysOptimized(NioEventLoop.java:579)
	at org.apache.ratis.thirdparty.io.netty.channel.nio.NioEventLoop.processSelectedKeys(NioEventLoop.java:496)
	at org.apache.ratis.thirdparty.io.netty.channel.nio.NioEventLoop.run(NioEventLoop.java:458)
	at org.apache.ratis.thirdparty.io.netty.util.concurrent.SingleThreadEventExecutor$5.run(SingleThreadEventExecutor.java:897)
	at org.apache.ratis.thirdparty.io.netty.util.concurrent.FastThreadLocalRunnable.run(FastThreadLocalRunnable.java:30)
	... 1 more
Caused by: java.net.ConnectException: Connection refused
	... 11 more
2019-10-24 15:44:17,855 [grpc-default-executor-4] INFO  impl.RaftServerImpl (RaftServerImpl.java:setRole(184)) - b4ae536c-ed18-4717-a75c-ca4b5d6c4001@group-75C85B6D1182: changes role from  FOLLOWER to FOLLOWER at term 227 for recognizeCandidate:af280123-6372-4d1f-a5d4-c36229a73203
2019-10-24 15:44:17,855 [grpc-default-executor-4] INFO  impl.RoleInfo (RoleInfo.java:shutdownFollowerState(121)) - b4ae536c-ed18-4717-a75c-ca4b5d6c4001: shutdown FollowerState
2019-10-24 15:44:17,856 [grpc-default-executor-4] INFO  impl.RoleInfo (RoleInfo.java:updateAndGet(143)) - b4ae536c-ed18-4717-a75c-ca4b5d6c4001: start FollowerState
2019-10-24 15:44:17,856 [Thread-2059] INFO  impl.FollowerState (FollowerState.java:run(117)) - b4ae536c-ed18-4717-a75c-ca4b5d6c4001@group-75C85B6D1182-FollowerState was interrupted: java.lang.InterruptedException: sleep interrupted
2019-10-24 15:44:17,871 [af280123-6372-4d1f-a5d4-c36229a73203@group-75C85B6D1182-LeaderElection233] INFO  impl.LeaderElection (LeaderElection.java:logAndReturn(56)) - af280123-6372-4d1f-a5d4-c36229a73203@group-75C85B6D1182-LeaderElection233: Election REJECTED; received 1 response(s) [af280123-6372-4d1f-a5d4-c36229a73203<-b4ae536c-ed18-4717-a75c-ca4b5d6c4001#0:FAIL-t227] and 1 exception(s); af280123-6372-4d1f-a5d4-c36229a73203@group-75C85B6D1182:t227, leader=null, voted=af280123-6372-4d1f-a5d4-c36229a73203, raftlog=af280123-6372-4d1f-a5d4-c36229a73203@group-75C85B6D1182-SegmentedRaftLog:OPENED:c-1,f-1,i0, conf=-1: [9092f221-0e0d-4970-bb84-cacd95020f21:192.168.164.213:41903, af280123-6372-4d1f-a5d4-c36229a73203:192.168.164.213:35334, b4ae536c-ed18-4717-a75c-ca4b5d6c4001:192.168.164.213:41180], old=null
2019-10-24 15:44:17,871 [af280123-6372-4d1f-a5d4-c36229a73203@group-75C85B6D1182-LeaderElection233] INFO  impl.LeaderElection (LogUtils.java:infoOrTrace(149)) -   Exception 0: {}
java.util.concurrent.ExecutionException: org.apache.ratis.thirdparty.io.grpc.StatusRuntimeException: UNAVAILABLE: io exception
	at java.util.concurrent.FutureTask.report(FutureTask.java:122)
	at java.util.concurrent.FutureTask.get(FutureTask.java:192)
	at org.apache.ratis.server.impl.LeaderElection.waitForResults(LeaderElection.java:259)
	at org.apache.ratis.server.impl.LeaderElection.askForVotes(LeaderElection.java:197)
	at org.apache.ratis.server.impl.LeaderElection.run(LeaderElection.java:133)
	at java.lang.Thread.run(Thread.java:748)
Caused by: org.apache.ratis.thirdparty.io.grpc.StatusRuntimeException: UNAVAILABLE: io exception
	at org.apache.ratis.thirdparty.io.grpc.stub.ClientCalls.toStatusRuntimeException(ClientCalls.java:233)
	at org.apache.ratis.thirdparty.io.grpc.stub.ClientCalls.getUnchecked(ClientCalls.java:214)
	at org.apache.ratis.thirdparty.io.grpc.stub.ClientCalls.blockingUnaryCall(ClientCalls.java:139)
	at org.apache.ratis.proto.grpc.RaftServerProtocolServiceGrpc$RaftServerProtocolServiceBlockingStub.requestVote(RaftServerProtocolServiceGrpc.java:265)
	at org.apache.ratis.grpc.server.GrpcServerProtocolClient.requestVote(GrpcServerProtocolClient.java:99)
	at org.apache.ratis.grpc.server.GrpcService.requestVote(GrpcService.java:204)
	at org.apache.ratis.server.impl.LeaderElection.lambda$submitRequests$1(LeaderElection.java:234)
	at java.util.concurrent.FutureTask.run(FutureTask.java:266)
	at java.util.concurrent.Executors$RunnableAdapter.call(Executors.java:511)
	at java.util.concurrent.FutureTask.run(FutureTask.java:266)
	at java.util.concurrent.ThreadPoolExecutor.runWorker(ThreadPoolExecutor.java:1149)
	at java.util.concurrent.ThreadPoolExecutor$Worker.run(ThreadPoolExecutor.java:624)
	... 1 more
Caused by: org.apache.ratis.thirdparty.io.netty.channel.AbstractChannel$AnnotatedConnectException: Connection refused: /192.168.164.213:41903
	at sun.nio.ch.SocketChannelImpl.checkConnect(Native Method)
	at sun.nio.ch.SocketChannelImpl.finishConnect(SocketChannelImpl.java:717)
	at org.apache.ratis.thirdparty.io.netty.channel.socket.nio.NioSocketChannel.doFinishConnect(NioSocketChannel.java:327)
	at org.apache.ratis.thirdparty.io.netty.channel.nio.AbstractNioChannel$AbstractNioUnsafe.finishConnect(AbstractNioChannel.java:340)
	at org.apache.ratis.thirdparty.io.netty.channel.nio.NioEventLoop.processSelectedKey(NioEventLoop.java:632)
	at org.apache.ratis.thirdparty.io.netty.channel.nio.NioEventLoop.processSelectedKeysOptimized(NioEventLoop.java:579)
	at org.apache.ratis.thirdparty.io.netty.channel.nio.NioEventLoop.processSelectedKeys(NioEventLoop.java:496)
	at org.apache.ratis.thirdparty.io.netty.channel.nio.NioEventLoop.run(NioEventLoop.java:458)
	at org.apache.ratis.thirdparty.io.netty.util.concurrent.SingleThreadEventExecutor$5.run(SingleThreadEventExecutor.java:897)
	at org.apache.ratis.thirdparty.io.netty.util.concurrent.FastThreadLocalRunnable.run(FastThreadLocalRunnable.java:30)
	... 1 more
Caused by: java.net.ConnectException: Connection refused
	... 11 more
2019-10-24 15:44:17,871 [af280123-6372-4d1f-a5d4-c36229a73203@group-75C85B6D1182-LeaderElection233] INFO  impl.RaftServerImpl (RaftServerImpl.java:setRole(184)) - af280123-6372-4d1f-a5d4-c36229a73203@group-75C85B6D1182: changes role from CANDIDATE to FOLLOWER at term 227 for DISCOVERED_A_NEW_TERM
2019-10-24 15:44:17,872 [af280123-6372-4d1f-a5d4-c36229a73203@group-75C85B6D1182-LeaderElection233] INFO  impl.RoleInfo (RoleInfo.java:shutdownLeaderElection(134)) - af280123-6372-4d1f-a5d4-c36229a73203: shutdown LeaderElection
2019-10-24 15:44:17,872 [af280123-6372-4d1f-a5d4-c36229a73203@group-75C85B6D1182-LeaderElection233] INFO  impl.RoleInfo (RoleInfo.java:updateAndGet(143)) - af280123-6372-4d1f-a5d4-c36229a73203: start FollowerState
2019-10-24 15:44:17,974 [Thread-2066] INFO  impl.FollowerState (FollowerState.java:run(108)) - af280123-6372-4d1f-a5d4-c36229a73203@group-75C85B6D1182-FollowerState: change to CANDIDATE, lastRpcTime:102ms, electionTimeout:102ms
2019-10-24 15:44:17,974 [Thread-2066] INFO  impl.RoleInfo (RoleInfo.java:shutdownFollowerState(121)) - af280123-6372-4d1f-a5d4-c36229a73203: shutdown FollowerState
2019-10-24 15:44:17,974 [Thread-2066] INFO  impl.RaftServerImpl (RaftServerImpl.java:setRole(184)) - af280123-6372-4d1f-a5d4-c36229a73203@group-75C85B6D1182: changes role from  FOLLOWER to CANDIDATE at term 227 for changeToCandidate
2019-10-24 15:44:17,975 [Thread-2066] INFO  impl.RoleInfo (RoleInfo.java:updateAndGet(143)) - af280123-6372-4d1f-a5d4-c36229a73203: start LeaderElection
2019-10-24 15:44:17,988 [af280123-6372-4d1f-a5d4-c36229a73203@group-75C85B6D1182-LeaderElection234] INFO  impl.LeaderElection (LeaderElection.java:askForVotes(178)) - af280123-6372-4d1f-a5d4-c36229a73203@group-75C85B6D1182-LeaderElection234: begin an election at term 228 for -1: [9092f221-0e0d-4970-bb84-cacd95020f21:192.168.164.213:41903, af280123-6372-4d1f-a5d4-c36229a73203:192.168.164.213:35334, b4ae536c-ed18-4717-a75c-ca4b5d6c4001:192.168.164.213:41180], old=null
2019-10-24 15:44:17,989 [af280123-6372-4d1f-a5d4-c36229a73203@group-75C85B6D1182-LeaderElection234] INFO  impl.LeaderElection (LogUtils.java:infoOrTrace(149)) - af280123-6372-4d1f-a5d4-c36229a73203@group-75C85B6D1182-LeaderElection234 got exception when requesting votes: {}
java.util.concurrent.ExecutionException: org.apache.ratis.thirdparty.io.grpc.StatusRuntimeException: UNAVAILABLE: io exception
	at java.util.concurrent.FutureTask.report(FutureTask.java:122)
	at java.util.concurrent.FutureTask.get(FutureTask.java:192)
	at org.apache.ratis.server.impl.LeaderElection.waitForResults(LeaderElection.java:259)
	at org.apache.ratis.server.impl.LeaderElection.askForVotes(LeaderElection.java:197)
	at org.apache.ratis.server.impl.LeaderElection.run(LeaderElection.java:133)
	at java.lang.Thread.run(Thread.java:748)
Caused by: org.apache.ratis.thirdparty.io.grpc.StatusRuntimeException: UNAVAILABLE: io exception
	at org.apache.ratis.thirdparty.io.grpc.stub.ClientCalls.toStatusRuntimeException(ClientCalls.java:233)
	at org.apache.ratis.thirdparty.io.grpc.stub.ClientCalls.getUnchecked(ClientCalls.java:214)
	at org.apache.ratis.thirdparty.io.grpc.stub.ClientCalls.blockingUnaryCall(ClientCalls.java:139)
	at org.apache.ratis.proto.grpc.RaftServerProtocolServiceGrpc$RaftServerProtocolServiceBlockingStub.requestVote(RaftServerProtocolServiceGrpc.java:265)
	at org.apache.ratis.grpc.server.GrpcServerProtocolClient.requestVote(GrpcServerProtocolClient.java:99)
	at org.apache.ratis.grpc.server.GrpcService.requestVote(GrpcService.java:204)
	at org.apache.ratis.server.impl.LeaderElection.lambda$submitRequests$1(LeaderElection.java:234)
	at java.util.concurrent.FutureTask.run(FutureTask.java:266)
	at java.util.concurrent.Executors$RunnableAdapter.call(Executors.java:511)
	at java.util.concurrent.FutureTask.run(FutureTask.java:266)
	at java.util.concurrent.ThreadPoolExecutor.runWorker(ThreadPoolExecutor.java:1149)
	at java.util.concurrent.ThreadPoolExecutor$Worker.run(ThreadPoolExecutor.java:624)
	... 1 more
Caused by: org.apache.ratis.thirdparty.io.netty.channel.AbstractChannel$AnnotatedConnectException: Connection refused: /192.168.164.213:41903
	at sun.nio.ch.SocketChannelImpl.checkConnect(Native Method)
	at sun.nio.ch.SocketChannelImpl.finishConnect(SocketChannelImpl.java:717)
	at org.apache.ratis.thirdparty.io.netty.channel.socket.nio.NioSocketChannel.doFinishConnect(NioSocketChannel.java:327)
	at org.apache.ratis.thirdparty.io.netty.channel.nio.AbstractNioChannel$AbstractNioUnsafe.finishConnect(AbstractNioChannel.java:340)
	at org.apache.ratis.thirdparty.io.netty.channel.nio.NioEventLoop.processSelectedKey(NioEventLoop.java:632)
	at org.apache.ratis.thirdparty.io.netty.channel.nio.NioEventLoop.processSelectedKeysOptimized(NioEventLoop.java:579)
	at org.apache.ratis.thirdparty.io.netty.channel.nio.NioEventLoop.processSelectedKeys(NioEventLoop.java:496)
	at org.apache.ratis.thirdparty.io.netty.channel.nio.NioEventLoop.run(NioEventLoop.java:458)
	at org.apache.ratis.thirdparty.io.netty.util.concurrent.SingleThreadEventExecutor$5.run(SingleThreadEventExecutor.java:897)
	at org.apache.ratis.thirdparty.io.netty.util.concurrent.FastThreadLocalRunnable.run(FastThreadLocalRunnable.java:30)
	... 1 more
Caused by: java.net.ConnectException: Connection refused
	... 11 more
2019-10-24 15:44:17,991 [grpc-default-executor-4] INFO  impl.RaftServerImpl (RaftServerImpl.java:setRole(184)) - b4ae536c-ed18-4717-a75c-ca4b5d6c4001@group-75C85B6D1182: changes role from  FOLLOWER to FOLLOWER at term 228 for recognizeCandidate:af280123-6372-4d1f-a5d4-c36229a73203
2019-10-24 15:44:17,991 [grpc-default-executor-4] INFO  impl.RoleInfo (RoleInfo.java:shutdownFollowerState(121)) - b4ae536c-ed18-4717-a75c-ca4b5d6c4001: shutdown FollowerState
2019-10-24 15:44:17,991 [grpc-default-executor-4] INFO  impl.RoleInfo (RoleInfo.java:updateAndGet(143)) - b4ae536c-ed18-4717-a75c-ca4b5d6c4001: start FollowerState
2019-10-24 15:44:17,991 [Thread-2064] INFO  impl.FollowerState (FollowerState.java:run(117)) - b4ae536c-ed18-4717-a75c-ca4b5d6c4001@group-75C85B6D1182-FollowerState was interrupted: java.lang.InterruptedException: sleep interrupted
2019-10-24 15:44:18,003 [af280123-6372-4d1f-a5d4-c36229a73203@group-75C85B6D1182-LeaderElection234] INFO  impl.LeaderElection (LeaderElection.java:logAndReturn(56)) - af280123-6372-4d1f-a5d4-c36229a73203@group-75C85B6D1182-LeaderElection234: Election REJECTED; received 1 response(s) [af280123-6372-4d1f-a5d4-c36229a73203<-b4ae536c-ed18-4717-a75c-ca4b5d6c4001#0:FAIL-t228] and 1 exception(s); af280123-6372-4d1f-a5d4-c36229a73203@group-75C85B6D1182:t228, leader=null, voted=af280123-6372-4d1f-a5d4-c36229a73203, raftlog=af280123-6372-4d1f-a5d4-c36229a73203@group-75C85B6D1182-SegmentedRaftLog:OPENED:c-1,f-1,i0, conf=-1: [9092f221-0e0d-4970-bb84-cacd95020f21:192.168.164.213:41903, af280123-6372-4d1f-a5d4-c36229a73203:192.168.164.213:35334, b4ae536c-ed18-4717-a75c-ca4b5d6c4001:192.168.164.213:41180], old=null
2019-10-24 15:44:18,003 [af280123-6372-4d1f-a5d4-c36229a73203@group-75C85B6D1182-LeaderElection234] INFO  impl.LeaderElection (LogUtils.java:infoOrTrace(149)) -   Exception 0: {}
java.util.concurrent.ExecutionException: org.apache.ratis.thirdparty.io.grpc.StatusRuntimeException: UNAVAILABLE: io exception
	at java.util.concurrent.FutureTask.report(FutureTask.java:122)
	at java.util.concurrent.FutureTask.get(FutureTask.java:192)
	at org.apache.ratis.server.impl.LeaderElection.waitForResults(LeaderElection.java:259)
	at org.apache.ratis.server.impl.LeaderElection.askForVotes(LeaderElection.java:197)
	at org.apache.ratis.server.impl.LeaderElection.run(LeaderElection.java:133)
	at java.lang.Thread.run(Thread.java:748)
Caused by: org.apache.ratis.thirdparty.io.grpc.StatusRuntimeException: UNAVAILABLE: io exception
	at org.apache.ratis.thirdparty.io.grpc.stub.ClientCalls.toStatusRuntimeException(ClientCalls.java:233)
	at org.apache.ratis.thirdparty.io.grpc.stub.ClientCalls.getUnchecked(ClientCalls.java:214)
	at org.apache.ratis.thirdparty.io.grpc.stub.ClientCalls.blockingUnaryCall(ClientCalls.java:139)
	at org.apache.ratis.proto.grpc.RaftServerProtocolServiceGrpc$RaftServerProtocolServiceBlockingStub.requestVote(RaftServerProtocolServiceGrpc.java:265)
	at org.apache.ratis.grpc.server.GrpcServerProtocolClient.requestVote(GrpcServerProtocolClient.java:99)
	at org.apache.ratis.grpc.server.GrpcService.requestVote(GrpcService.java:204)
	at org.apache.ratis.server.impl.LeaderElection.lambda$submitRequests$1(LeaderElection.java:234)
	at java.util.concurrent.FutureTask.run(FutureTask.java:266)
	at java.util.concurrent.Executors$RunnableAdapter.call(Executors.java:511)
	at java.util.concurrent.FutureTask.run(FutureTask.java:266)
	at java.util.concurrent.ThreadPoolExecutor.runWorker(ThreadPoolExecutor.java:1149)
	at java.util.concurrent.ThreadPoolExecutor$Worker.run(ThreadPoolExecutor.java:624)
	... 1 more
Caused by: org.apache.ratis.thirdparty.io.netty.channel.AbstractChannel$AnnotatedConnectException: Connection refused: /192.168.164.213:41903
	at sun.nio.ch.SocketChannelImpl.checkConnect(Native Method)
	at sun.nio.ch.SocketChannelImpl.finishConnect(SocketChannelImpl.java:717)
	at org.apache.ratis.thirdparty.io.netty.channel.socket.nio.NioSocketChannel.doFinishConnect(NioSocketChannel.java:327)
	at org.apache.ratis.thirdparty.io.netty.channel.nio.AbstractNioChannel$AbstractNioUnsafe.finishConnect(AbstractNioChannel.java:340)
	at org.apache.ratis.thirdparty.io.netty.channel.nio.NioEventLoop.processSelectedKey(NioEventLoop.java:632)
	at org.apache.ratis.thirdparty.io.netty.channel.nio.NioEventLoop.processSelectedKeysOptimized(NioEventLoop.java:579)
	at org.apache.ratis.thirdparty.io.netty.channel.nio.NioEventLoop.processSelectedKeys(NioEventLoop.java:496)
	at org.apache.ratis.thirdparty.io.netty.channel.nio.NioEventLoop.run(NioEventLoop.java:458)
	at org.apache.ratis.thirdparty.io.netty.util.concurrent.SingleThreadEventExecutor$5.run(SingleThreadEventExecutor.java:897)
	at org.apache.ratis.thirdparty.io.netty.util.concurrent.FastThreadLocalRunnable.run(FastThreadLocalRunnable.java:30)
	... 1 more
Caused by: java.net.ConnectException: Connection refused
	... 11 more
2019-10-24 15:44:18,004 [af280123-6372-4d1f-a5d4-c36229a73203@group-75C85B6D1182-LeaderElection234] INFO  impl.RaftServerImpl (RaftServerImpl.java:setRole(184)) - af280123-6372-4d1f-a5d4-c36229a73203@group-75C85B6D1182: changes role from CANDIDATE to FOLLOWER at term 228 for DISCOVERED_A_NEW_TERM
2019-10-24 15:44:18,004 [af280123-6372-4d1f-a5d4-c36229a73203@group-75C85B6D1182-LeaderElection234] INFO  impl.RoleInfo (RoleInfo.java:shutdownLeaderElection(134)) - af280123-6372-4d1f-a5d4-c36229a73203: shutdown LeaderElection
2019-10-24 15:44:18,004 [af280123-6372-4d1f-a5d4-c36229a73203@group-75C85B6D1182-LeaderElection234] INFO  impl.RoleInfo (RoleInfo.java:updateAndGet(143)) - af280123-6372-4d1f-a5d4-c36229a73203: start FollowerState
2019-10-24 15:44:18,159 [Thread-2071] INFO  impl.FollowerState (FollowerState.java:run(108)) - af280123-6372-4d1f-a5d4-c36229a73203@group-75C85B6D1182-FollowerState: change to CANDIDATE, lastRpcTime:155ms, electionTimeout:155ms
2019-10-24 15:44:18,159 [Thread-2071] INFO  impl.RoleInfo (RoleInfo.java:shutdownFollowerState(121)) - af280123-6372-4d1f-a5d4-c36229a73203: shutdown FollowerState
2019-10-24 15:44:18,160 [Thread-2071] INFO  impl.RaftServerImpl (RaftServerImpl.java:setRole(184)) - af280123-6372-4d1f-a5d4-c36229a73203@group-75C85B6D1182: changes role from  FOLLOWER to CANDIDATE at term 228 for changeToCandidate
2019-10-24 15:44:18,160 [Thread-2071] INFO  impl.RoleInfo (RoleInfo.java:updateAndGet(143)) - af280123-6372-4d1f-a5d4-c36229a73203: start LeaderElection
2019-10-24 15:44:18,186 [af280123-6372-4d1f-a5d4-c36229a73203@group-75C85B6D1182-LeaderElection235] INFO  impl.LeaderElection (LeaderElection.java:askForVotes(178)) - af280123-6372-4d1f-a5d4-c36229a73203@group-75C85B6D1182-LeaderElection235: begin an election at term 229 for -1: [9092f221-0e0d-4970-bb84-cacd95020f21:192.168.164.213:41903, af280123-6372-4d1f-a5d4-c36229a73203:192.168.164.213:35334, b4ae536c-ed18-4717-a75c-ca4b5d6c4001:192.168.164.213:41180], old=null
2019-10-24 15:44:18,187 [af280123-6372-4d1f-a5d4-c36229a73203@group-75C85B6D1182-LeaderElection235] INFO  impl.LeaderElection (LogUtils.java:infoOrTrace(149)) - af280123-6372-4d1f-a5d4-c36229a73203@group-75C85B6D1182-LeaderElection235 got exception when requesting votes: {}
java.util.concurrent.ExecutionException: org.apache.ratis.thirdparty.io.grpc.StatusRuntimeException: UNAVAILABLE: io exception
	at java.util.concurrent.FutureTask.report(FutureTask.java:122)
	at java.util.concurrent.FutureTask.get(FutureTask.java:192)
	at org.apache.ratis.server.impl.LeaderElection.waitForResults(LeaderElection.java:259)
	at org.apache.ratis.server.impl.LeaderElection.askForVotes(LeaderElection.java:197)
	at org.apache.ratis.server.impl.LeaderElection.run(LeaderElection.java:133)
	at java.lang.Thread.run(Thread.java:748)
Caused by: org.apache.ratis.thirdparty.io.grpc.StatusRuntimeException: UNAVAILABLE: io exception
	at org.apache.ratis.thirdparty.io.grpc.stub.ClientCalls.toStatusRuntimeException(ClientCalls.java:233)
	at org.apache.ratis.thirdparty.io.grpc.stub.ClientCalls.getUnchecked(ClientCalls.java:214)
	at org.apache.ratis.thirdparty.io.grpc.stub.ClientCalls.blockingUnaryCall(ClientCalls.java:139)
	at org.apache.ratis.proto.grpc.RaftServerProtocolServiceGrpc$RaftServerProtocolServiceBlockingStub.requestVote(RaftServerProtocolServiceGrpc.java:265)
	at org.apache.ratis.grpc.server.GrpcServerProtocolClient.requestVote(GrpcServerProtocolClient.java:99)
	at org.apache.ratis.grpc.server.GrpcService.requestVote(GrpcService.java:204)
	at org.apache.ratis.server.impl.LeaderElection.lambda$submitRequests$1(LeaderElection.java:234)
	at java.util.concurrent.FutureTask.run(FutureTask.java:266)
	at java.util.concurrent.Executors$RunnableAdapter.call(Executors.java:511)
	at java.util.concurrent.FutureTask.run(FutureTask.java:266)
	at java.util.concurrent.ThreadPoolExecutor.runWorker(ThreadPoolExecutor.java:1149)
	at java.util.concurrent.ThreadPoolExecutor$Worker.run(ThreadPoolExecutor.java:624)
	... 1 more
Caused by: org.apache.ratis.thirdparty.io.netty.channel.AbstractChannel$AnnotatedConnectException: Connection refused: /192.168.164.213:41903
	at sun.nio.ch.SocketChannelImpl.checkConnect(Native Method)
	at sun.nio.ch.SocketChannelImpl.finishConnect(SocketChannelImpl.java:717)
	at org.apache.ratis.thirdparty.io.netty.channel.socket.nio.NioSocketChannel.doFinishConnect(NioSocketChannel.java:327)
	at org.apache.ratis.thirdparty.io.netty.channel.nio.AbstractNioChannel$AbstractNioUnsafe.finishConnect(AbstractNioChannel.java:340)
	at org.apache.ratis.thirdparty.io.netty.channel.nio.NioEventLoop.processSelectedKey(NioEventLoop.java:632)
	at org.apache.ratis.thirdparty.io.netty.channel.nio.NioEventLoop.processSelectedKeysOptimized(NioEventLoop.java:579)
	at org.apache.ratis.thirdparty.io.netty.channel.nio.NioEventLoop.processSelectedKeys(NioEventLoop.java:496)
	at org.apache.ratis.thirdparty.io.netty.channel.nio.NioEventLoop.run(NioEventLoop.java:458)
	at org.apache.ratis.thirdparty.io.netty.util.concurrent.SingleThreadEventExecutor$5.run(SingleThreadEventExecutor.java:897)
	at org.apache.ratis.thirdparty.io.netty.util.concurrent.FastThreadLocalRunnable.run(FastThreadLocalRunnable.java:30)
	... 1 more
Caused by: java.net.ConnectException: Connection refused
	... 11 more
2019-10-24 15:44:18,189 [grpc-default-executor-4] INFO  impl.RaftServerImpl (RaftServerImpl.java:setRole(184)) - b4ae536c-ed18-4717-a75c-ca4b5d6c4001@group-75C85B6D1182: changes role from  FOLLOWER to FOLLOWER at term 229 for recognizeCandidate:af280123-6372-4d1f-a5d4-c36229a73203
2019-10-24 15:44:18,189 [grpc-default-executor-4] INFO  impl.RoleInfo (RoleInfo.java:shutdownFollowerState(121)) - b4ae536c-ed18-4717-a75c-ca4b5d6c4001: shutdown FollowerState
2019-10-24 15:44:18,190 [grpc-default-executor-4] INFO  impl.RoleInfo (RoleInfo.java:updateAndGet(143)) - b4ae536c-ed18-4717-a75c-ca4b5d6c4001: start FollowerState
2019-10-24 15:44:18,190 [Thread-2070] INFO  impl.FollowerState (FollowerState.java:run(117)) - b4ae536c-ed18-4717-a75c-ca4b5d6c4001@group-75C85B6D1182-FollowerState was interrupted: java.lang.InterruptedException: sleep interrupted
2019-10-24 15:44:18,203 [af280123-6372-4d1f-a5d4-c36229a73203@group-75C85B6D1182-LeaderElection235] INFO  impl.LeaderElection (LeaderElection.java:logAndReturn(56)) - af280123-6372-4d1f-a5d4-c36229a73203@group-75C85B6D1182-LeaderElection235: Election REJECTED; received 1 response(s) [af280123-6372-4d1f-a5d4-c36229a73203<-b4ae536c-ed18-4717-a75c-ca4b5d6c4001#0:FAIL-t229] and 1 exception(s); af280123-6372-4d1f-a5d4-c36229a73203@group-75C85B6D1182:t229, leader=null, voted=af280123-6372-4d1f-a5d4-c36229a73203, raftlog=af280123-6372-4d1f-a5d4-c36229a73203@group-75C85B6D1182-SegmentedRaftLog:OPENED:c-1,f-1,i0, conf=-1: [9092f221-0e0d-4970-bb84-cacd95020f21:192.168.164.213:41903, af280123-6372-4d1f-a5d4-c36229a73203:192.168.164.213:35334, b4ae536c-ed18-4717-a75c-ca4b5d6c4001:192.168.164.213:41180], old=null
2019-10-24 15:44:18,203 [af280123-6372-4d1f-a5d4-c36229a73203@group-75C85B6D1182-LeaderElection235] INFO  impl.LeaderElection (LogUtils.java:infoOrTrace(149)) -   Exception 0: {}
java.util.concurrent.ExecutionException: org.apache.ratis.thirdparty.io.grpc.StatusRuntimeException: UNAVAILABLE: io exception
	at java.util.concurrent.FutureTask.report(FutureTask.java:122)
	at java.util.concurrent.FutureTask.get(FutureTask.java:192)
	at org.apache.ratis.server.impl.LeaderElection.waitForResults(LeaderElection.java:259)
	at org.apache.ratis.server.impl.LeaderElection.askForVotes(LeaderElection.java:197)
	at org.apache.ratis.server.impl.LeaderElection.run(LeaderElection.java:133)
	at java.lang.Thread.run(Thread.java:748)
Caused by: org.apache.ratis.thirdparty.io.grpc.StatusRuntimeException: UNAVAILABLE: io exception
	at org.apache.ratis.thirdparty.io.grpc.stub.ClientCalls.toStatusRuntimeException(ClientCalls.java:233)
	at org.apache.ratis.thirdparty.io.grpc.stub.ClientCalls.getUnchecked(ClientCalls.java:214)
	at org.apache.ratis.thirdparty.io.grpc.stub.ClientCalls.blockingUnaryCall(ClientCalls.java:139)
	at org.apache.ratis.proto.grpc.RaftServerProtocolServiceGrpc$RaftServerProtocolServiceBlockingStub.requestVote(RaftServerProtocolServiceGrpc.java:265)
	at org.apache.ratis.grpc.server.GrpcServerProtocolClient.requestVote(GrpcServerProtocolClient.java:99)
	at org.apache.ratis.grpc.server.GrpcService.requestVote(GrpcService.java:204)
	at org.apache.ratis.server.impl.LeaderElection.lambda$submitRequests$1(LeaderElection.java:234)
	at java.util.concurrent.FutureTask.run(FutureTask.java:266)
	at java.util.concurrent.Executors$RunnableAdapter.call(Executors.java:511)
	at java.util.concurrent.FutureTask.run(FutureTask.java:266)
	at java.util.concurrent.ThreadPoolExecutor.runWorker(ThreadPoolExecutor.java:1149)
	at java.util.concurrent.ThreadPoolExecutor$Worker.run(ThreadPoolExecutor.java:624)
	... 1 more
Caused by: org.apache.ratis.thirdparty.io.netty.channel.AbstractChannel$AnnotatedConnectException: Connection refused: /192.168.164.213:41903
	at sun.nio.ch.SocketChannelImpl.checkConnect(Native Method)
	at sun.nio.ch.SocketChannelImpl.finishConnect(SocketChannelImpl.java:717)
	at org.apache.ratis.thirdparty.io.netty.channel.socket.nio.NioSocketChannel.doFinishConnect(NioSocketChannel.java:327)
	at org.apache.ratis.thirdparty.io.netty.channel.nio.AbstractNioChannel$AbstractNioUnsafe.finishConnect(AbstractNioChannel.java:340)
	at org.apache.ratis.thirdparty.io.netty.channel.nio.NioEventLoop.processSelectedKey(NioEventLoop.java:632)
	at org.apache.ratis.thirdparty.io.netty.channel.nio.NioEventLoop.processSelectedKeysOptimized(NioEventLoop.java:579)
	at org.apache.ratis.thirdparty.io.netty.channel.nio.NioEventLoop.processSelectedKeys(NioEventLoop.java:496)
	at org.apache.ratis.thirdparty.io.netty.channel.nio.NioEventLoop.run(NioEventLoop.java:458)
	at org.apache.ratis.thirdparty.io.netty.util.concurrent.SingleThreadEventExecutor$5.run(SingleThreadEventExecutor.java:897)
	at org.apache.ratis.thirdparty.io.netty.util.concurrent.FastThreadLocalRunnable.run(FastThreadLocalRunnable.java:30)
	... 1 more
Caused by: java.net.ConnectException: Connection refused
	... 11 more
2019-10-24 15:44:18,203 [af280123-6372-4d1f-a5d4-c36229a73203@group-75C85B6D1182-LeaderElection235] INFO  impl.RaftServerImpl (RaftServerImpl.java:setRole(184)) - af280123-6372-4d1f-a5d4-c36229a73203@group-75C85B6D1182: changes role from CANDIDATE to FOLLOWER at term 229 for DISCOVERED_A_NEW_TERM
2019-10-24 15:44:18,203 [af280123-6372-4d1f-a5d4-c36229a73203@group-75C85B6D1182-LeaderElection235] INFO  impl.RoleInfo (RoleInfo.java:shutdownLeaderElection(134)) - af280123-6372-4d1f-a5d4-c36229a73203: shutdown LeaderElection
2019-10-24 15:44:18,203 [af280123-6372-4d1f-a5d4-c36229a73203@group-75C85B6D1182-LeaderElection235] INFO  impl.RoleInfo (RoleInfo.java:updateAndGet(143)) - af280123-6372-4d1f-a5d4-c36229a73203: start FollowerState
2019-10-24 15:44:18,284 [Thread-2076] INFO  impl.FollowerState (FollowerState.java:run(108)) - af280123-6372-4d1f-a5d4-c36229a73203@group-75C85B6D1182-FollowerState: change to CANDIDATE, lastRpcTime:80ms, electionTimeout:80ms
2019-10-24 15:44:18,284 [Thread-2076] INFO  impl.RoleInfo (RoleInfo.java:shutdownFollowerState(121)) - af280123-6372-4d1f-a5d4-c36229a73203: shutdown FollowerState
2019-10-24 15:44:18,284 [Thread-2076] INFO  impl.RaftServerImpl (RaftServerImpl.java:setRole(184)) - af280123-6372-4d1f-a5d4-c36229a73203@group-75C85B6D1182: changes role from  FOLLOWER to CANDIDATE at term 229 for changeToCandidate
2019-10-24 15:44:18,285 [Thread-2076] INFO  impl.RoleInfo (RoleInfo.java:updateAndGet(143)) - af280123-6372-4d1f-a5d4-c36229a73203: start LeaderElection
2019-10-24 15:44:18,298 [af280123-6372-4d1f-a5d4-c36229a73203@group-75C85B6D1182-LeaderElection236] INFO  impl.LeaderElection (LeaderElection.java:askForVotes(178)) - af280123-6372-4d1f-a5d4-c36229a73203@group-75C85B6D1182-LeaderElection236: begin an election at term 230 for -1: [9092f221-0e0d-4970-bb84-cacd95020f21:192.168.164.213:41903, af280123-6372-4d1f-a5d4-c36229a73203:192.168.164.213:35334, b4ae536c-ed18-4717-a75c-ca4b5d6c4001:192.168.164.213:41180], old=null
2019-10-24 15:44:18,299 [af280123-6372-4d1f-a5d4-c36229a73203@group-75C85B6D1182-LeaderElection236] INFO  impl.LeaderElection (LogUtils.java:infoOrTrace(149)) - af280123-6372-4d1f-a5d4-c36229a73203@group-75C85B6D1182-LeaderElection236 got exception when requesting votes: {}
java.util.concurrent.ExecutionException: org.apache.ratis.thirdparty.io.grpc.StatusRuntimeException: UNAVAILABLE: io exception
	at java.util.concurrent.FutureTask.report(FutureTask.java:122)
	at java.util.concurrent.FutureTask.get(FutureTask.java:192)
	at org.apache.ratis.server.impl.LeaderElection.waitForResults(LeaderElection.java:259)
	at org.apache.ratis.server.impl.LeaderElection.askForVotes(LeaderElection.java:197)
	at org.apache.ratis.server.impl.LeaderElection.run(LeaderElection.java:133)
	at java.lang.Thread.run(Thread.java:748)
Caused by: org.apache.ratis.thirdparty.io.grpc.StatusRuntimeException: UNAVAILABLE: io exception
	at org.apache.ratis.thirdparty.io.grpc.stub.ClientCalls.toStatusRuntimeException(ClientCalls.java:233)
	at org.apache.ratis.thirdparty.io.grpc.stub.ClientCalls.getUnchecked(ClientCalls.java:214)
	at org.apache.ratis.thirdparty.io.grpc.stub.ClientCalls.blockingUnaryCall(ClientCalls.java:139)
	at org.apache.ratis.proto.grpc.RaftServerProtocolServiceGrpc$RaftServerProtocolServiceBlockingStub.requestVote(RaftServerProtocolServiceGrpc.java:265)
	at org.apache.ratis.grpc.server.GrpcServerProtocolClient.requestVote(GrpcServerProtocolClient.java:99)
	at org.apache.ratis.grpc.server.GrpcService.requestVote(GrpcService.java:204)
	at org.apache.ratis.server.impl.LeaderElection.lambda$submitRequests$1(LeaderElection.java:234)
	at java.util.concurrent.FutureTask.run(FutureTask.java:266)
	at java.util.concurrent.Executors$RunnableAdapter.call(Executors.java:511)
	at java.util.concurrent.FutureTask.run(FutureTask.java:266)
	at java.util.concurrent.ThreadPoolExecutor.runWorker(ThreadPoolExecutor.java:1149)
	at java.util.concurrent.ThreadPoolExecutor$Worker.run(ThreadPoolExecutor.java:624)
	... 1 more
Caused by: org.apache.ratis.thirdparty.io.netty.channel.AbstractChannel$AnnotatedConnectException: Connection refused: /192.168.164.213:41903
	at sun.nio.ch.SocketChannelImpl.checkConnect(Native Method)
	at sun.nio.ch.SocketChannelImpl.finishConnect(SocketChannelImpl.java:717)
	at org.apache.ratis.thirdparty.io.netty.channel.socket.nio.NioSocketChannel.doFinishConnect(NioSocketChannel.java:327)
	at org.apache.ratis.thirdparty.io.netty.channel.nio.AbstractNioChannel$AbstractNioUnsafe.finishConnect(AbstractNioChannel.java:340)
	at org.apache.ratis.thirdparty.io.netty.channel.nio.NioEventLoop.processSelectedKey(NioEventLoop.java:632)
	at org.apache.ratis.thirdparty.io.netty.channel.nio.NioEventLoop.processSelectedKeysOptimized(NioEventLoop.java:579)
	at org.apache.ratis.thirdparty.io.netty.channel.nio.NioEventLoop.processSelectedKeys(NioEventLoop.java:496)
	at org.apache.ratis.thirdparty.io.netty.channel.nio.NioEventLoop.run(NioEventLoop.java:458)
	at org.apache.ratis.thirdparty.io.netty.util.concurrent.SingleThreadEventExecutor$5.run(SingleThreadEventExecutor.java:897)
	at org.apache.ratis.thirdparty.io.netty.util.concurrent.FastThreadLocalRunnable.run(FastThreadLocalRunnable.java:30)
	... 1 more
Caused by: java.net.ConnectException: Connection refused
	... 11 more
2019-10-24 15:44:18,301 [grpc-default-executor-4] INFO  impl.RaftServerImpl (RaftServerImpl.java:setRole(184)) - b4ae536c-ed18-4717-a75c-ca4b5d6c4001@group-75C85B6D1182: changes role from  FOLLOWER to FOLLOWER at term 230 for recognizeCandidate:af280123-6372-4d1f-a5d4-c36229a73203
2019-10-24 15:44:18,302 [grpc-default-executor-4] INFO  impl.RoleInfo (RoleInfo.java:shutdownFollowerState(121)) - b4ae536c-ed18-4717-a75c-ca4b5d6c4001: shutdown FollowerState
2019-10-24 15:44:18,302 [grpc-default-executor-4] INFO  impl.RoleInfo (RoleInfo.java:updateAndGet(143)) - b4ae536c-ed18-4717-a75c-ca4b5d6c4001: start FollowerState
2019-10-24 15:44:18,302 [Thread-2075] INFO  impl.FollowerState (FollowerState.java:run(117)) - b4ae536c-ed18-4717-a75c-ca4b5d6c4001@group-75C85B6D1182-FollowerState was interrupted: java.lang.InterruptedException: sleep interrupted
2019-10-24 15:44:18,309 [af280123-6372-4d1f-a5d4-c36229a73203@group-75C85B6D1182-LeaderElection236] INFO  impl.LeaderElection (LeaderElection.java:logAndReturn(56)) - af280123-6372-4d1f-a5d4-c36229a73203@group-75C85B6D1182-LeaderElection236: Election REJECTED; received 1 response(s) [af280123-6372-4d1f-a5d4-c36229a73203<-b4ae536c-ed18-4717-a75c-ca4b5d6c4001#0:FAIL-t230] and 1 exception(s); af280123-6372-4d1f-a5d4-c36229a73203@group-75C85B6D1182:t230, leader=null, voted=af280123-6372-4d1f-a5d4-c36229a73203, raftlog=af280123-6372-4d1f-a5d4-c36229a73203@group-75C85B6D1182-SegmentedRaftLog:OPENED:c-1,f-1,i0, conf=-1: [9092f221-0e0d-4970-bb84-cacd95020f21:192.168.164.213:41903, af280123-6372-4d1f-a5d4-c36229a73203:192.168.164.213:35334, b4ae536c-ed18-4717-a75c-ca4b5d6c4001:192.168.164.213:41180], old=null
2019-10-24 15:44:18,309 [af280123-6372-4d1f-a5d4-c36229a73203@group-75C85B6D1182-LeaderElection236] INFO  impl.LeaderElection (LogUtils.java:infoOrTrace(149)) -   Exception 0: {}
java.util.concurrent.ExecutionException: org.apache.ratis.thirdparty.io.grpc.StatusRuntimeException: UNAVAILABLE: io exception
	at java.util.concurrent.FutureTask.report(FutureTask.java:122)
	at java.util.concurrent.FutureTask.get(FutureTask.java:192)
	at org.apache.ratis.server.impl.LeaderElection.waitForResults(LeaderElection.java:259)
	at org.apache.ratis.server.impl.LeaderElection.askForVotes(LeaderElection.java:197)
	at org.apache.ratis.server.impl.LeaderElection.run(LeaderElection.java:133)
	at java.lang.Thread.run(Thread.java:748)
Caused by: org.apache.ratis.thirdparty.io.grpc.StatusRuntimeException: UNAVAILABLE: io exception
	at org.apache.ratis.thirdparty.io.grpc.stub.ClientCalls.toStatusRuntimeException(ClientCalls.java:233)
	at org.apache.ratis.thirdparty.io.grpc.stub.ClientCalls.getUnchecked(ClientCalls.java:214)
	at org.apache.ratis.thirdparty.io.grpc.stub.ClientCalls.blockingUnaryCall(ClientCalls.java:139)
	at org.apache.ratis.proto.grpc.RaftServerProtocolServiceGrpc$RaftServerProtocolServiceBlockingStub.requestVote(RaftServerProtocolServiceGrpc.java:265)
	at org.apache.ratis.grpc.server.GrpcServerProtocolClient.requestVote(GrpcServerProtocolClient.java:99)
	at org.apache.ratis.grpc.server.GrpcService.requestVote(GrpcService.java:204)
	at org.apache.ratis.server.impl.LeaderElection.lambda$submitRequests$1(LeaderElection.java:234)
	at java.util.concurrent.FutureTask.run(FutureTask.java:266)
	at java.util.concurrent.Executors$RunnableAdapter.call(Executors.java:511)
	at java.util.concurrent.FutureTask.run(FutureTask.java:266)
	at java.util.concurrent.ThreadPoolExecutor.runWorker(ThreadPoolExecutor.java:1149)
	at java.util.concurrent.ThreadPoolExecutor$Worker.run(ThreadPoolExecutor.java:624)
	... 1 more
Caused by: org.apache.ratis.thirdparty.io.netty.channel.AbstractChannel$AnnotatedConnectException: Connection refused: /192.168.164.213:41903
	at sun.nio.ch.SocketChannelImpl.checkConnect(Native Method)
	at sun.nio.ch.SocketChannelImpl.finishConnect(SocketChannelImpl.java:717)
	at org.apache.ratis.thirdparty.io.netty.channel.socket.nio.NioSocketChannel.doFinishConnect(NioSocketChannel.java:327)
	at org.apache.ratis.thirdparty.io.netty.channel.nio.AbstractNioChannel$AbstractNioUnsafe.finishConnect(AbstractNioChannel.java:340)
	at org.apache.ratis.thirdparty.io.netty.channel.nio.NioEventLoop.processSelectedKey(NioEventLoop.java:632)
	at org.apache.ratis.thirdparty.io.netty.channel.nio.NioEventLoop.processSelectedKeysOptimized(NioEventLoop.java:579)
	at org.apache.ratis.thirdparty.io.netty.channel.nio.NioEventLoop.processSelectedKeys(NioEventLoop.java:496)
	at org.apache.ratis.thirdparty.io.netty.channel.nio.NioEventLoop.run(NioEventLoop.java:458)
	at org.apache.ratis.thirdparty.io.netty.util.concurrent.SingleThreadEventExecutor$5.run(SingleThreadEventExecutor.java:897)
	at org.apache.ratis.thirdparty.io.netty.util.concurrent.FastThreadLocalRunnable.run(FastThreadLocalRunnable.java:30)
	... 1 more
Caused by: java.net.ConnectException: Connection refused
	... 11 more
2019-10-24 15:44:18,309 [af280123-6372-4d1f-a5d4-c36229a73203@group-75C85B6D1182-LeaderElection236] INFO  impl.RaftServerImpl (RaftServerImpl.java:setRole(184)) - af280123-6372-4d1f-a5d4-c36229a73203@group-75C85B6D1182: changes role from CANDIDATE to FOLLOWER at term 230 for DISCOVERED_A_NEW_TERM
2019-10-24 15:44:18,309 [af280123-6372-4d1f-a5d4-c36229a73203@group-75C85B6D1182-LeaderElection236] INFO  impl.RoleInfo (RoleInfo.java:shutdownLeaderElection(134)) - af280123-6372-4d1f-a5d4-c36229a73203: shutdown LeaderElection
2019-10-24 15:44:18,310 [af280123-6372-4d1f-a5d4-c36229a73203@group-75C85B6D1182-LeaderElection236] INFO  impl.RoleInfo (RoleInfo.java:updateAndGet(143)) - af280123-6372-4d1f-a5d4-c36229a73203: start FollowerState
2019-10-24 15:44:18,336 [java.util.concurrent.ThreadPoolExecutor$Worker@15849834[State = -1, empty queue]] WARN  server.GrpcLogAppender (GrpcLogAppender.java:timeoutAppendRequest(209)) - 2f81ded6-48e6-408d-9409-3cd44f70bee8@group-56059261E3EC->3a65ecdf-e32f-4548-a2e5-44ab823c11b3-GrpcLogAppender: appendEntries Timeout, request=2f81ded6-48e6-408d-9409-3cd44f70bee8->3a65ecdf-e32f-4548-a2e5-44ab823c11b3#66-t6, previous=(t:6, i:16), leaderCommit=16, initializing? false, entries: <empty>
2019-10-24 15:44:18,431 [Thread-2081] INFO  impl.FollowerState (FollowerState.java:run(108)) - af280123-6372-4d1f-a5d4-c36229a73203@group-75C85B6D1182-FollowerState: change to CANDIDATE, lastRpcTime:121ms, electionTimeout:121ms
2019-10-24 15:44:18,431 [Thread-2081] INFO  impl.RoleInfo (RoleInfo.java:shutdownFollowerState(121)) - af280123-6372-4d1f-a5d4-c36229a73203: shutdown FollowerState
2019-10-24 15:44:18,431 [Thread-2081] INFO  impl.RaftServerImpl (RaftServerImpl.java:setRole(184)) - af280123-6372-4d1f-a5d4-c36229a73203@group-75C85B6D1182: changes role from  FOLLOWER to CANDIDATE at term 230 for changeToCandidate
2019-10-24 15:44:18,431 [Thread-2081] INFO  impl.RoleInfo (RoleInfo.java:updateAndGet(143)) - af280123-6372-4d1f-a5d4-c36229a73203: start LeaderElection
2019-10-24 15:44:18,447 [af280123-6372-4d1f-a5d4-c36229a73203@group-75C85B6D1182-LeaderElection237] INFO  impl.LeaderElection (LeaderElection.java:askForVotes(178)) - af280123-6372-4d1f-a5d4-c36229a73203@group-75C85B6D1182-LeaderElection237: begin an election at term 231 for -1: [9092f221-0e0d-4970-bb84-cacd95020f21:192.168.164.213:41903, af280123-6372-4d1f-a5d4-c36229a73203:192.168.164.213:35334, b4ae536c-ed18-4717-a75c-ca4b5d6c4001:192.168.164.213:41180], old=null
2019-10-24 15:44:18,448 [af280123-6372-4d1f-a5d4-c36229a73203@group-75C85B6D1182-LeaderElection237] INFO  impl.LeaderElection (LogUtils.java:infoOrTrace(149)) - af280123-6372-4d1f-a5d4-c36229a73203@group-75C85B6D1182-LeaderElection237 got exception when requesting votes: {}
java.util.concurrent.ExecutionException: org.apache.ratis.thirdparty.io.grpc.StatusRuntimeException: UNAVAILABLE: io exception
	at java.util.concurrent.FutureTask.report(FutureTask.java:122)
	at java.util.concurrent.FutureTask.get(FutureTask.java:192)
	at org.apache.ratis.server.impl.LeaderElection.waitForResults(LeaderElection.java:259)
	at org.apache.ratis.server.impl.LeaderElection.askForVotes(LeaderElection.java:197)
	at org.apache.ratis.server.impl.LeaderElection.run(LeaderElection.java:133)
	at java.lang.Thread.run(Thread.java:748)
Caused by: org.apache.ratis.thirdparty.io.grpc.StatusRuntimeException: UNAVAILABLE: io exception
	at org.apache.ratis.thirdparty.io.grpc.stub.ClientCalls.toStatusRuntimeException(ClientCalls.java:233)
	at org.apache.ratis.thirdparty.io.grpc.stub.ClientCalls.getUnchecked(ClientCalls.java:214)
	at org.apache.ratis.thirdparty.io.grpc.stub.ClientCalls.blockingUnaryCall(ClientCalls.java:139)
	at org.apache.ratis.proto.grpc.RaftServerProtocolServiceGrpc$RaftServerProtocolServiceBlockingStub.requestVote(RaftServerProtocolServiceGrpc.java:265)
	at org.apache.ratis.grpc.server.GrpcServerProtocolClient.requestVote(GrpcServerProtocolClient.java:99)
	at org.apache.ratis.grpc.server.GrpcService.requestVote(GrpcService.java:204)
	at org.apache.ratis.server.impl.LeaderElection.lambda$submitRequests$1(LeaderElection.java:234)
	at java.util.concurrent.FutureTask.run(FutureTask.java:266)
	at java.util.concurrent.Executors$RunnableAdapter.call(Executors.java:511)
	at java.util.concurrent.FutureTask.run(FutureTask.java:266)
	at java.util.concurrent.ThreadPoolExecutor.runWorker(ThreadPoolExecutor.java:1149)
	at java.util.concurrent.ThreadPoolExecutor$Worker.run(ThreadPoolExecutor.java:624)
	... 1 more
Caused by: org.apache.ratis.thirdparty.io.netty.channel.AbstractChannel$AnnotatedConnectException: Connection refused: /192.168.164.213:41903
	at sun.nio.ch.SocketChannelImpl.checkConnect(Native Method)
	at sun.nio.ch.SocketChannelImpl.finishConnect(SocketChannelImpl.java:717)
	at org.apache.ratis.thirdparty.io.netty.channel.socket.nio.NioSocketChannel.doFinishConnect(NioSocketChannel.java:327)
	at org.apache.ratis.thirdparty.io.netty.channel.nio.AbstractNioChannel$AbstractNioUnsafe.finishConnect(AbstractNioChannel.java:340)
	at org.apache.ratis.thirdparty.io.netty.channel.nio.NioEventLoop.processSelectedKey(NioEventLoop.java:632)
	at org.apache.ratis.thirdparty.io.netty.channel.nio.NioEventLoop.processSelectedKeysOptimized(NioEventLoop.java:579)
	at org.apache.ratis.thirdparty.io.netty.channel.nio.NioEventLoop.processSelectedKeys(NioEventLoop.java:496)
	at org.apache.ratis.thirdparty.io.netty.channel.nio.NioEventLoop.run(NioEventLoop.java:458)
	at org.apache.ratis.thirdparty.io.netty.util.concurrent.SingleThreadEventExecutor$5.run(SingleThreadEventExecutor.java:897)
	at org.apache.ratis.thirdparty.io.netty.util.concurrent.FastThreadLocalRunnable.run(FastThreadLocalRunnable.java:30)
	... 1 more
Caused by: java.net.ConnectException: Connection refused
	... 11 more
2019-10-24 15:44:18,451 [grpc-default-executor-4] INFO  impl.RaftServerImpl (RaftServerImpl.java:setRole(184)) - b4ae536c-ed18-4717-a75c-ca4b5d6c4001@group-75C85B6D1182: changes role from  FOLLOWER to FOLLOWER at term 231 for recognizeCandidate:af280123-6372-4d1f-a5d4-c36229a73203
2019-10-24 15:44:18,452 [grpc-default-executor-4] INFO  impl.RoleInfo (RoleInfo.java:shutdownFollowerState(121)) - b4ae536c-ed18-4717-a75c-ca4b5d6c4001: shutdown FollowerState
2019-10-24 15:44:18,452 [grpc-default-executor-4] INFO  impl.RoleInfo (RoleInfo.java:updateAndGet(143)) - b4ae536c-ed18-4717-a75c-ca4b5d6c4001: start FollowerState
2019-10-24 15:44:18,452 [Thread-2080] INFO  impl.FollowerState (FollowerState.java:run(117)) - b4ae536c-ed18-4717-a75c-ca4b5d6c4001@group-75C85B6D1182-FollowerState was interrupted: java.lang.InterruptedException: sleep interrupted
2019-10-24 15:44:18,466 [af280123-6372-4d1f-a5d4-c36229a73203@group-75C85B6D1182-LeaderElection237] INFO  impl.LeaderElection (LeaderElection.java:logAndReturn(56)) - af280123-6372-4d1f-a5d4-c36229a73203@group-75C85B6D1182-LeaderElection237: Election REJECTED; received 1 response(s) [af280123-6372-4d1f-a5d4-c36229a73203<-b4ae536c-ed18-4717-a75c-ca4b5d6c4001#0:FAIL-t231] and 1 exception(s); af280123-6372-4d1f-a5d4-c36229a73203@group-75C85B6D1182:t231, leader=null, voted=af280123-6372-4d1f-a5d4-c36229a73203, raftlog=af280123-6372-4d1f-a5d4-c36229a73203@group-75C85B6D1182-SegmentedRaftLog:OPENED:c-1,f-1,i0, conf=-1: [9092f221-0e0d-4970-bb84-cacd95020f21:192.168.164.213:41903, af280123-6372-4d1f-a5d4-c36229a73203:192.168.164.213:35334, b4ae536c-ed18-4717-a75c-ca4b5d6c4001:192.168.164.213:41180], old=null
2019-10-24 15:44:18,466 [af280123-6372-4d1f-a5d4-c36229a73203@group-75C85B6D1182-LeaderElection237] INFO  impl.LeaderElection (LogUtils.java:infoOrTrace(149)) -   Exception 0: {}
java.util.concurrent.ExecutionException: org.apache.ratis.thirdparty.io.grpc.StatusRuntimeException: UNAVAILABLE: io exception
	at java.util.concurrent.FutureTask.report(FutureTask.java:122)
	at java.util.concurrent.FutureTask.get(FutureTask.java:192)
	at org.apache.ratis.server.impl.LeaderElection.waitForResults(LeaderElection.java:259)
	at org.apache.ratis.server.impl.LeaderElection.askForVotes(LeaderElection.java:197)
	at org.apache.ratis.server.impl.LeaderElection.run(LeaderElection.java:133)
	at java.lang.Thread.run(Thread.java:748)
Caused by: org.apache.ratis.thirdparty.io.grpc.StatusRuntimeException: UNAVAILABLE: io exception
	at org.apache.ratis.thirdparty.io.grpc.stub.ClientCalls.toStatusRuntimeException(ClientCalls.java:233)
	at org.apache.ratis.thirdparty.io.grpc.stub.ClientCalls.getUnchecked(ClientCalls.java:214)
	at org.apache.ratis.thirdparty.io.grpc.stub.ClientCalls.blockingUnaryCall(ClientCalls.java:139)
	at org.apache.ratis.proto.grpc.RaftServerProtocolServiceGrpc$RaftServerProtocolServiceBlockingStub.requestVote(RaftServerProtocolServiceGrpc.java:265)
	at org.apache.ratis.grpc.server.GrpcServerProtocolClient.requestVote(GrpcServerProtocolClient.java:99)
	at org.apache.ratis.grpc.server.GrpcService.requestVote(GrpcService.java:204)
	at org.apache.ratis.server.impl.LeaderElection.lambda$submitRequests$1(LeaderElection.java:234)
	at java.util.concurrent.FutureTask.run(FutureTask.java:266)
	at java.util.concurrent.Executors$RunnableAdapter.call(Executors.java:511)
	at java.util.concurrent.FutureTask.run(FutureTask.java:266)
	at java.util.concurrent.ThreadPoolExecutor.runWorker(ThreadPoolExecutor.java:1149)
	at java.util.concurrent.ThreadPoolExecutor$Worker.run(ThreadPoolExecutor.java:624)
	... 1 more
Caused by: org.apache.ratis.thirdparty.io.netty.channel.AbstractChannel$AnnotatedConnectException: Connection refused: /192.168.164.213:41903
	at sun.nio.ch.SocketChannelImpl.checkConnect(Native Method)
	at sun.nio.ch.SocketChannelImpl.finishConnect(SocketChannelImpl.java:717)
	at org.apache.ratis.thirdparty.io.netty.channel.socket.nio.NioSocketChannel.doFinishConnect(NioSocketChannel.java:327)
	at org.apache.ratis.thirdparty.io.netty.channel.nio.AbstractNioChannel$AbstractNioUnsafe.finishConnect(AbstractNioChannel.java:340)
	at org.apache.ratis.thirdparty.io.netty.channel.nio.NioEventLoop.processSelectedKey(NioEventLoop.java:632)
	at org.apache.ratis.thirdparty.io.netty.channel.nio.NioEventLoop.processSelectedKeysOptimized(NioEventLoop.java:579)
	at org.apache.ratis.thirdparty.io.netty.channel.nio.NioEventLoop.processSelectedKeys(NioEventLoop.java:496)
	at org.apache.ratis.thirdparty.io.netty.channel.nio.NioEventLoop.run(NioEventLoop.java:458)
	at org.apache.ratis.thirdparty.io.netty.util.concurrent.SingleThreadEventExecutor$5.run(SingleThreadEventExecutor.java:897)
	at org.apache.ratis.thirdparty.io.netty.util.concurrent.FastThreadLocalRunnable.run(FastThreadLocalRunnable.java:30)
	... 1 more
Caused by: java.net.ConnectException: Connection refused
	... 11 more
2019-10-24 15:44:18,466 [af280123-6372-4d1f-a5d4-c36229a73203@group-75C85B6D1182-LeaderElection237] INFO  impl.RaftServerImpl (RaftServerImpl.java:setRole(184)) - af280123-6372-4d1f-a5d4-c36229a73203@group-75C85B6D1182: changes role from CANDIDATE to FOLLOWER at term 231 for DISCOVERED_A_NEW_TERM
2019-10-24 15:44:18,466 [af280123-6372-4d1f-a5d4-c36229a73203@group-75C85B6D1182-LeaderElection237] INFO  impl.RoleInfo (RoleInfo.java:shutdownLeaderElection(134)) - af280123-6372-4d1f-a5d4-c36229a73203: shutdown LeaderElection
2019-10-24 15:44:18,466 [af280123-6372-4d1f-a5d4-c36229a73203@group-75C85B6D1182-LeaderElection237] INFO  impl.RoleInfo (RoleInfo.java:updateAndGet(143)) - af280123-6372-4d1f-a5d4-c36229a73203: start FollowerState
2019-10-24 15:44:18,520 [Thread-2087] INFO  impl.FollowerState (FollowerState.java:run(108)) - af280123-6372-4d1f-a5d4-c36229a73203@group-75C85B6D1182-FollowerState: change to CANDIDATE, lastRpcTime:53ms, electionTimeout:53ms
2019-10-24 15:44:18,520 [Thread-2087] INFO  impl.RoleInfo (RoleInfo.java:shutdownFollowerState(121)) - af280123-6372-4d1f-a5d4-c36229a73203: shutdown FollowerState
2019-10-24 15:44:18,520 [Thread-2087] INFO  impl.RaftServerImpl (RaftServerImpl.java:setRole(184)) - af280123-6372-4d1f-a5d4-c36229a73203@group-75C85B6D1182: changes role from  FOLLOWER to CANDIDATE at term 231 for changeToCandidate
2019-10-24 15:44:18,520 [Thread-2087] INFO  impl.RoleInfo (RoleInfo.java:updateAndGet(143)) - af280123-6372-4d1f-a5d4-c36229a73203: start LeaderElection
2019-10-24 15:44:18,534 [af280123-6372-4d1f-a5d4-c36229a73203@group-75C85B6D1182-LeaderElection238] INFO  impl.LeaderElection (LeaderElection.java:askForVotes(178)) - af280123-6372-4d1f-a5d4-c36229a73203@group-75C85B6D1182-LeaderElection238: begin an election at term 232 for -1: [9092f221-0e0d-4970-bb84-cacd95020f21:192.168.164.213:41903, af280123-6372-4d1f-a5d4-c36229a73203:192.168.164.213:35334, b4ae536c-ed18-4717-a75c-ca4b5d6c4001:192.168.164.213:41180], old=null
2019-10-24 15:44:18,535 [af280123-6372-4d1f-a5d4-c36229a73203@group-75C85B6D1182-LeaderElection238] INFO  impl.LeaderElection (LogUtils.java:infoOrTrace(149)) - af280123-6372-4d1f-a5d4-c36229a73203@group-75C85B6D1182-LeaderElection238 got exception when requesting votes: {}
java.util.concurrent.ExecutionException: org.apache.ratis.thirdparty.io.grpc.StatusRuntimeException: UNAVAILABLE: io exception
	at java.util.concurrent.FutureTask.report(FutureTask.java:122)
	at java.util.concurrent.FutureTask.get(FutureTask.java:192)
	at org.apache.ratis.server.impl.LeaderElection.waitForResults(LeaderElection.java:259)
	at org.apache.ratis.server.impl.LeaderElection.askForVotes(LeaderElection.java:197)
	at org.apache.ratis.server.impl.LeaderElection.run(LeaderElection.java:133)
	at java.lang.Thread.run(Thread.java:748)
Caused by: org.apache.ratis.thirdparty.io.grpc.StatusRuntimeException: UNAVAILABLE: io exception
	at org.apache.ratis.thirdparty.io.grpc.stub.ClientCalls.toStatusRuntimeException(ClientCalls.java:233)
	at org.apache.ratis.thirdparty.io.grpc.stub.ClientCalls.getUnchecked(ClientCalls.java:214)
	at org.apache.ratis.thirdparty.io.grpc.stub.ClientCalls.blockingUnaryCall(ClientCalls.java:139)
	at org.apache.ratis.proto.grpc.RaftServerProtocolServiceGrpc$RaftServerProtocolServiceBlockingStub.requestVote(RaftServerProtocolServiceGrpc.java:265)
	at org.apache.ratis.grpc.server.GrpcServerProtocolClient.requestVote(GrpcServerProtocolClient.java:99)
	at org.apache.ratis.grpc.server.GrpcService.requestVote(GrpcService.java:204)
	at org.apache.ratis.server.impl.LeaderElection.lambda$submitRequests$1(LeaderElection.java:234)
	at java.util.concurrent.FutureTask.run(FutureTask.java:266)
	at java.util.concurrent.Executors$RunnableAdapter.call(Executors.java:511)
	at java.util.concurrent.FutureTask.run(FutureTask.java:266)
	at java.util.concurrent.ThreadPoolExecutor.runWorker(ThreadPoolExecutor.java:1149)
	at java.util.concurrent.ThreadPoolExecutor$Worker.run(ThreadPoolExecutor.java:624)
	... 1 more
Caused by: org.apache.ratis.thirdparty.io.netty.channel.AbstractChannel$AnnotatedConnectException: Connection refused: /192.168.164.213:41903
	at sun.nio.ch.SocketChannelImpl.checkConnect(Native Method)
	at sun.nio.ch.SocketChannelImpl.finishConnect(SocketChannelImpl.java:717)
	at org.apache.ratis.thirdparty.io.netty.channel.socket.nio.NioSocketChannel.doFinishConnect(NioSocketChannel.java:327)
	at org.apache.ratis.thirdparty.io.netty.channel.nio.AbstractNioChannel$AbstractNioUnsafe.finishConnect(AbstractNioChannel.java:340)
	at org.apache.ratis.thirdparty.io.netty.channel.nio.NioEventLoop.processSelectedKey(NioEventLoop.java:632)
	at org.apache.ratis.thirdparty.io.netty.channel.nio.NioEventLoop.processSelectedKeysOptimized(NioEventLoop.java:579)
	at org.apache.ratis.thirdparty.io.netty.channel.nio.NioEventLoop.processSelectedKeys(NioEventLoop.java:496)
	at org.apache.ratis.thirdparty.io.netty.channel.nio.NioEventLoop.run(NioEventLoop.java:458)
	at org.apache.ratis.thirdparty.io.netty.util.concurrent.SingleThreadEventExecutor$5.run(SingleThreadEventExecutor.java:897)
	at org.apache.ratis.thirdparty.io.netty.util.concurrent.FastThreadLocalRunnable.run(FastThreadLocalRunnable.java:30)
	... 1 more
Caused by: java.net.ConnectException: Connection refused
	... 11 more
2019-10-24 15:44:18,538 [grpc-default-executor-4] INFO  impl.RaftServerImpl (RaftServerImpl.java:setRole(184)) - b4ae536c-ed18-4717-a75c-ca4b5d6c4001@group-75C85B6D1182: changes role from  FOLLOWER to FOLLOWER at term 232 for recognizeCandidate:af280123-6372-4d1f-a5d4-c36229a73203
2019-10-24 15:44:18,539 [grpc-default-executor-4] INFO  impl.RoleInfo (RoleInfo.java:shutdownFollowerState(121)) - b4ae536c-ed18-4717-a75c-ca4b5d6c4001: shutdown FollowerState
2019-10-24 15:44:18,539 [grpc-default-executor-4] INFO  impl.RoleInfo (RoleInfo.java:updateAndGet(143)) - b4ae536c-ed18-4717-a75c-ca4b5d6c4001: start FollowerState
2019-10-24 15:44:18,539 [Thread-2086] INFO  impl.FollowerState (FollowerState.java:run(117)) - b4ae536c-ed18-4717-a75c-ca4b5d6c4001@group-75C85B6D1182-FollowerState was interrupted: java.lang.InterruptedException: sleep interrupted
2019-10-24 15:44:18,549 [af280123-6372-4d1f-a5d4-c36229a73203@group-75C85B6D1182-LeaderElection238] INFO  impl.LeaderElection (LeaderElection.java:logAndReturn(56)) - af280123-6372-4d1f-a5d4-c36229a73203@group-75C85B6D1182-LeaderElection238: Election TIMEOUT; received 0 response(s) [] and 1 exception(s); af280123-6372-4d1f-a5d4-c36229a73203@group-75C85B6D1182:t232, leader=null, voted=af280123-6372-4d1f-a5d4-c36229a73203, raftlog=af280123-6372-4d1f-a5d4-c36229a73203@group-75C85B6D1182-SegmentedRaftLog:OPENED:c-1,f-1,i0, conf=-1: [9092f221-0e0d-4970-bb84-cacd95020f21:192.168.164.213:41903, af280123-6372-4d1f-a5d4-c36229a73203:192.168.164.213:35334, b4ae536c-ed18-4717-a75c-ca4b5d6c4001:192.168.164.213:41180], old=null
2019-10-24 15:44:18,549 [af280123-6372-4d1f-a5d4-c36229a73203@group-75C85B6D1182-LeaderElection238] INFO  impl.LeaderElection (LogUtils.java:infoOrTrace(149)) -   Exception 0: {}
java.util.concurrent.ExecutionException: org.apache.ratis.thirdparty.io.grpc.StatusRuntimeException: UNAVAILABLE: io exception
	at java.util.concurrent.FutureTask.report(FutureTask.java:122)
	at java.util.concurrent.FutureTask.get(FutureTask.java:192)
	at org.apache.ratis.server.impl.LeaderElection.waitForResults(LeaderElection.java:259)
	at org.apache.ratis.server.impl.LeaderElection.askForVotes(LeaderElection.java:197)
	at org.apache.ratis.server.impl.LeaderElection.run(LeaderElection.java:133)
	at java.lang.Thread.run(Thread.java:748)
Caused by: org.apache.ratis.thirdparty.io.grpc.StatusRuntimeException: UNAVAILABLE: io exception
	at org.apache.ratis.thirdparty.io.grpc.stub.ClientCalls.toStatusRuntimeException(ClientCalls.java:233)
	at org.apache.ratis.thirdparty.io.grpc.stub.ClientCalls.getUnchecked(ClientCalls.java:214)
	at org.apache.ratis.thirdparty.io.grpc.stub.ClientCalls.blockingUnaryCall(ClientCalls.java:139)
	at org.apache.ratis.proto.grpc.RaftServerProtocolServiceGrpc$RaftServerProtocolServiceBlockingStub.requestVote(RaftServerProtocolServiceGrpc.java:265)
	at org.apache.ratis.grpc.server.GrpcServerProtocolClient.requestVote(GrpcServerProtocolClient.java:99)
	at org.apache.ratis.grpc.server.GrpcService.requestVote(GrpcService.java:204)
	at org.apache.ratis.server.impl.LeaderElection.lambda$submitRequests$1(LeaderElection.java:234)
	at java.util.concurrent.FutureTask.run(FutureTask.java:266)
	at java.util.concurrent.Executors$RunnableAdapter.call(Executors.java:511)
	at java.util.concurrent.FutureTask.run(FutureTask.java:266)
	at java.util.concurrent.ThreadPoolExecutor.runWorker(ThreadPoolExecutor.java:1149)
	at java.util.concurrent.ThreadPoolExecutor$Worker.run(ThreadPoolExecutor.java:624)
	... 1 more
Caused by: org.apache.ratis.thirdparty.io.netty.channel.AbstractChannel$AnnotatedConnectException: Connection refused: /192.168.164.213:41903
	at sun.nio.ch.SocketChannelImpl.checkConnect(Native Method)
	at sun.nio.ch.SocketChannelImpl.finishConnect(SocketChannelImpl.java:717)
	at org.apache.ratis.thirdparty.io.netty.channel.socket.nio.NioSocketChannel.doFinishConnect(NioSocketChannel.java:327)
	at org.apache.ratis.thirdparty.io.netty.channel.nio.AbstractNioChannel$AbstractNioUnsafe.finishConnect(AbstractNioChannel.java:340)
	at org.apache.ratis.thirdparty.io.netty.channel.nio.NioEventLoop.processSelectedKey(NioEventLoop.java:632)
	at org.apache.ratis.thirdparty.io.netty.channel.nio.NioEventLoop.processSelectedKeysOptimized(NioEventLoop.java:579)
	at org.apache.ratis.thirdparty.io.netty.channel.nio.NioEventLoop.processSelectedKeys(NioEventLoop.java:496)
	at org.apache.ratis.thirdparty.io.netty.channel.nio.NioEventLoop.run(NioEventLoop.java:458)
	at org.apache.ratis.thirdparty.io.netty.util.concurrent.SingleThreadEventExecutor$5.run(SingleThreadEventExecutor.java:897)
	at org.apache.ratis.thirdparty.io.netty.util.concurrent.FastThreadLocalRunnable.run(FastThreadLocalRunnable.java:30)
	... 1 more
Caused by: java.net.ConnectException: Connection refused
	... 11 more
2019-10-24 15:44:18,565 [af280123-6372-4d1f-a5d4-c36229a73203@group-75C85B6D1182-LeaderElection238] INFO  impl.LeaderElection (LeaderElection.java:askForVotes(178)) - af280123-6372-4d1f-a5d4-c36229a73203@group-75C85B6D1182-LeaderElection238: begin an election at term 233 for -1: [9092f221-0e0d-4970-bb84-cacd95020f21:192.168.164.213:41903, af280123-6372-4d1f-a5d4-c36229a73203:192.168.164.213:35334, b4ae536c-ed18-4717-a75c-ca4b5d6c4001:192.168.164.213:41180], old=null
2019-10-24 15:44:18,566 [af280123-6372-4d1f-a5d4-c36229a73203@group-75C85B6D1182-LeaderElection238] INFO  impl.LeaderElection (LogUtils.java:infoOrTrace(149)) - af280123-6372-4d1f-a5d4-c36229a73203@group-75C85B6D1182-LeaderElection238 got exception when requesting votes: {}
java.util.concurrent.ExecutionException: org.apache.ratis.thirdparty.io.grpc.StatusRuntimeException: UNAVAILABLE: io exception
	at java.util.concurrent.FutureTask.report(FutureTask.java:122)
	at java.util.concurrent.FutureTask.get(FutureTask.java:192)
	at org.apache.ratis.server.impl.LeaderElection.waitForResults(LeaderElection.java:259)
	at org.apache.ratis.server.impl.LeaderElection.askForVotes(LeaderElection.java:197)
	at org.apache.ratis.server.impl.LeaderElection.run(LeaderElection.java:133)
	at java.lang.Thread.run(Thread.java:748)
Caused by: org.apache.ratis.thirdparty.io.grpc.StatusRuntimeException: UNAVAILABLE: io exception
	at org.apache.ratis.thirdparty.io.grpc.stub.ClientCalls.toStatusRuntimeException(ClientCalls.java:233)
	at org.apache.ratis.thirdparty.io.grpc.stub.ClientCalls.getUnchecked(ClientCalls.java:214)
	at org.apache.ratis.thirdparty.io.grpc.stub.ClientCalls.blockingUnaryCall(ClientCalls.java:139)
	at org.apache.ratis.proto.grpc.RaftServerProtocolServiceGrpc$RaftServerProtocolServiceBlockingStub.requestVote(RaftServerProtocolServiceGrpc.java:265)
	at org.apache.ratis.grpc.server.GrpcServerProtocolClient.requestVote(GrpcServerProtocolClient.java:99)
	at org.apache.ratis.grpc.server.GrpcService.requestVote(GrpcService.java:204)
	at org.apache.ratis.server.impl.LeaderElection.lambda$submitRequests$1(LeaderElection.java:234)
	at java.util.concurrent.FutureTask.run(FutureTask.java:266)
	at java.util.concurrent.Executors$RunnableAdapter.call(Executors.java:511)
	at java.util.concurrent.FutureTask.run(FutureTask.java:266)
	at java.util.concurrent.ThreadPoolExecutor.runWorker(ThreadPoolExecutor.java:1149)
	at java.util.concurrent.ThreadPoolExecutor$Worker.run(ThreadPoolExecutor.java:624)
	... 1 more
Caused by: org.apache.ratis.thirdparty.io.netty.channel.AbstractChannel$AnnotatedConnectException: Connection refused: /192.168.164.213:41903
	at sun.nio.ch.SocketChannelImpl.checkConnect(Native Method)
	at sun.nio.ch.SocketChannelImpl.finishConnect(SocketChannelImpl.java:717)
	at org.apache.ratis.thirdparty.io.netty.channel.socket.nio.NioSocketChannel.doFinishConnect(NioSocketChannel.java:327)
	at org.apache.ratis.thirdparty.io.netty.channel.nio.AbstractNioChannel$AbstractNioUnsafe.finishConnect(AbstractNioChannel.java:340)
	at org.apache.ratis.thirdparty.io.netty.channel.nio.NioEventLoop.processSelectedKey(NioEventLoop.java:632)
	at org.apache.ratis.thirdparty.io.netty.channel.nio.NioEventLoop.processSelectedKeysOptimized(NioEventLoop.java:579)
	at org.apache.ratis.thirdparty.io.netty.channel.nio.NioEventLoop.processSelectedKeys(NioEventLoop.java:496)
	at org.apache.ratis.thirdparty.io.netty.channel.nio.NioEventLoop.run(NioEventLoop.java:458)
	at org.apache.ratis.thirdparty.io.netty.util.concurrent.SingleThreadEventExecutor$5.run(SingleThreadEventExecutor.java:897)
	at org.apache.ratis.thirdparty.io.netty.util.concurrent.FastThreadLocalRunnable.run(FastThreadLocalRunnable.java:30)
	... 1 more
Caused by: java.net.ConnectException: Connection refused
	... 11 more
2019-10-24 15:44:18,573 [grpc-default-executor-4] INFO  impl.RaftServerImpl (RaftServerImpl.java:setRole(184)) - b4ae536c-ed18-4717-a75c-ca4b5d6c4001@group-75C85B6D1182: changes role from  FOLLOWER to FOLLOWER at term 233 for recognizeCandidate:af280123-6372-4d1f-a5d4-c36229a73203
2019-10-24 15:44:18,573 [grpc-default-executor-4] INFO  impl.RoleInfo (RoleInfo.java:shutdownFollowerState(121)) - b4ae536c-ed18-4717-a75c-ca4b5d6c4001: shutdown FollowerState
2019-10-24 15:44:18,573 [grpc-default-executor-4] INFO  impl.RoleInfo (RoleInfo.java:updateAndGet(143)) - b4ae536c-ed18-4717-a75c-ca4b5d6c4001: start FollowerState
2019-10-24 15:44:18,573 [Thread-2091] INFO  impl.FollowerState (FollowerState.java:run(117)) - b4ae536c-ed18-4717-a75c-ca4b5d6c4001@group-75C85B6D1182-FollowerState was interrupted: java.lang.InterruptedException: sleep interrupted
2019-10-24 15:44:18,581 [af280123-6372-4d1f-a5d4-c36229a73203@group-75C85B6D1182-LeaderElection238] INFO  impl.LeaderElection (LeaderElection.java:logAndReturn(56)) - af280123-6372-4d1f-a5d4-c36229a73203@group-75C85B6D1182-LeaderElection238: Election TIMEOUT; received 0 response(s) [] and 1 exception(s); af280123-6372-4d1f-a5d4-c36229a73203@group-75C85B6D1182:t233, leader=null, voted=af280123-6372-4d1f-a5d4-c36229a73203, raftlog=af280123-6372-4d1f-a5d4-c36229a73203@group-75C85B6D1182-SegmentedRaftLog:OPENED:c-1,f-1,i0, conf=-1: [9092f221-0e0d-4970-bb84-cacd95020f21:192.168.164.213:41903, af280123-6372-4d1f-a5d4-c36229a73203:192.168.164.213:35334, b4ae536c-ed18-4717-a75c-ca4b5d6c4001:192.168.164.213:41180], old=null
2019-10-24 15:44:18,581 [af280123-6372-4d1f-a5d4-c36229a73203@group-75C85B6D1182-LeaderElection238] INFO  impl.LeaderElection (LogUtils.java:infoOrTrace(149)) -   Exception 0: {}
java.util.concurrent.ExecutionException: org.apache.ratis.thirdparty.io.grpc.StatusRuntimeException: UNAVAILABLE: io exception
	at java.util.concurrent.FutureTask.report(FutureTask.java:122)
	at java.util.concurrent.FutureTask.get(FutureTask.java:192)
	at org.apache.ratis.server.impl.LeaderElection.waitForResults(LeaderElection.java:259)
	at org.apache.ratis.server.impl.LeaderElection.askForVotes(LeaderElection.java:197)
	at org.apache.ratis.server.impl.LeaderElection.run(LeaderElection.java:133)
	at java.lang.Thread.run(Thread.java:748)
Caused by: org.apache.ratis.thirdparty.io.grpc.StatusRuntimeException: UNAVAILABLE: io exception
	at org.apache.ratis.thirdparty.io.grpc.stub.ClientCalls.toStatusRuntimeException(ClientCalls.java:233)
	at org.apache.ratis.thirdparty.io.grpc.stub.ClientCalls.getUnchecked(ClientCalls.java:214)
	at org.apache.ratis.thirdparty.io.grpc.stub.ClientCalls.blockingUnaryCall(ClientCalls.java:139)
	at org.apache.ratis.proto.grpc.RaftServerProtocolServiceGrpc$RaftServerProtocolServiceBlockingStub.requestVote(RaftServerProtocolServiceGrpc.java:265)
	at org.apache.ratis.grpc.server.GrpcServerProtocolClient.requestVote(GrpcServerProtocolClient.java:99)
	at org.apache.ratis.grpc.server.GrpcService.requestVote(GrpcService.java:204)
	at org.apache.ratis.server.impl.LeaderElection.lambda$submitRequests$1(LeaderElection.java:234)
	at java.util.concurrent.FutureTask.run(FutureTask.java:266)
	at java.util.concurrent.Executors$RunnableAdapter.call(Executors.java:511)
	at java.util.concurrent.FutureTask.run(FutureTask.java:266)
	at java.util.concurrent.ThreadPoolExecutor.runWorker(ThreadPoolExecutor.java:1149)
	at java.util.concurrent.ThreadPoolExecutor$Worker.run(ThreadPoolExecutor.java:624)
	... 1 more
Caused by: org.apache.ratis.thirdparty.io.netty.channel.AbstractChannel$AnnotatedConnectException: Connection refused: /192.168.164.213:41903
	at sun.nio.ch.SocketChannelImpl.checkConnect(Native Method)
	at sun.nio.ch.SocketChannelImpl.finishConnect(SocketChannelImpl.java:717)
	at org.apache.ratis.thirdparty.io.netty.channel.socket.nio.NioSocketChannel.doFinishConnect(NioSocketChannel.java:327)
	at org.apache.ratis.thirdparty.io.netty.channel.nio.AbstractNioChannel$AbstractNioUnsafe.finishConnect(AbstractNioChannel.java:340)
	at org.apache.ratis.thirdparty.io.netty.channel.nio.NioEventLoop.processSelectedKey(NioEventLoop.java:632)
	at org.apache.ratis.thirdparty.io.netty.channel.nio.NioEventLoop.processSelectedKeysOptimized(NioEventLoop.java:579)
	at org.apache.ratis.thirdparty.io.netty.channel.nio.NioEventLoop.processSelectedKeys(NioEventLoop.java:496)
	at org.apache.ratis.thirdparty.io.netty.channel.nio.NioEventLoop.run(NioEventLoop.java:458)
	at org.apache.ratis.thirdparty.io.netty.util.concurrent.SingleThreadEventExecutor$5.run(SingleThreadEventExecutor.java:897)
	at org.apache.ratis.thirdparty.io.netty.util.concurrent.FastThreadLocalRunnable.run(FastThreadLocalRunnable.java:30)
	... 1 more
Caused by: java.net.ConnectException: Connection refused
	... 11 more
2019-10-24 15:44:18,589 [af280123-6372-4d1f-a5d4-c36229a73203@group-75C85B6D1182-LeaderElection238] INFO  impl.LeaderElection (LeaderElection.java:askForVotes(178)) - af280123-6372-4d1f-a5d4-c36229a73203@group-75C85B6D1182-LeaderElection238: begin an election at term 234 for -1: [9092f221-0e0d-4970-bb84-cacd95020f21:192.168.164.213:41903, af280123-6372-4d1f-a5d4-c36229a73203:192.168.164.213:35334, b4ae536c-ed18-4717-a75c-ca4b5d6c4001:192.168.164.213:41180], old=null
2019-10-24 15:44:18,590 [af280123-6372-4d1f-a5d4-c36229a73203@group-75C85B6D1182-LeaderElection238] INFO  impl.LeaderElection (LogUtils.java:infoOrTrace(149)) - af280123-6372-4d1f-a5d4-c36229a73203@group-75C85B6D1182-LeaderElection238 got exception when requesting votes: {}
java.util.concurrent.ExecutionException: org.apache.ratis.thirdparty.io.grpc.StatusRuntimeException: UNAVAILABLE: io exception
	at java.util.concurrent.FutureTask.report(FutureTask.java:122)
	at java.util.concurrent.FutureTask.get(FutureTask.java:192)
	at org.apache.ratis.server.impl.LeaderElection.waitForResults(LeaderElection.java:259)
	at org.apache.ratis.server.impl.LeaderElection.askForVotes(LeaderElection.java:197)
	at org.apache.ratis.server.impl.LeaderElection.run(LeaderElection.java:133)
	at java.lang.Thread.run(Thread.java:748)
Caused by: org.apache.ratis.thirdparty.io.grpc.StatusRuntimeException: UNAVAILABLE: io exception
	at org.apache.ratis.thirdparty.io.grpc.stub.ClientCalls.toStatusRuntimeException(ClientCalls.java:233)
	at org.apache.ratis.thirdparty.io.grpc.stub.ClientCalls.getUnchecked(ClientCalls.java:214)
	at org.apache.ratis.thirdparty.io.grpc.stub.ClientCalls.blockingUnaryCall(ClientCalls.java:139)
	at org.apache.ratis.proto.grpc.RaftServerProtocolServiceGrpc$RaftServerProtocolServiceBlockingStub.requestVote(RaftServerProtocolServiceGrpc.java:265)
	at org.apache.ratis.grpc.server.GrpcServerProtocolClient.requestVote(GrpcServerProtocolClient.java:99)
	at org.apache.ratis.grpc.server.GrpcService.requestVote(GrpcService.java:204)
	at org.apache.ratis.server.impl.LeaderElection.lambda$submitRequests$1(LeaderElection.java:234)
	at java.util.concurrent.FutureTask.run(FutureTask.java:266)
	at java.util.concurrent.Executors$RunnableAdapter.call(Executors.java:511)
	at java.util.concurrent.FutureTask.run(FutureTask.java:266)
	at java.util.concurrent.ThreadPoolExecutor.runWorker(ThreadPoolExecutor.java:1149)
	at java.util.concurrent.ThreadPoolExecutor$Worker.run(ThreadPoolExecutor.java:624)
	... 1 more
Caused by: org.apache.ratis.thirdparty.io.netty.channel.AbstractChannel$AnnotatedConnectException: Connection refused: /192.168.164.213:41903
	at sun.nio.ch.SocketChannelImpl.checkConnect(Native Method)
	at sun.nio.ch.SocketChannelImpl.finishConnect(SocketChannelImpl.java:717)
	at org.apache.ratis.thirdparty.io.netty.channel.socket.nio.NioSocketChannel.doFinishConnect(NioSocketChannel.java:327)
	at org.apache.ratis.thirdparty.io.netty.channel.nio.AbstractNioChannel$AbstractNioUnsafe.finishConnect(AbstractNioChannel.java:340)
	at org.apache.ratis.thirdparty.io.netty.channel.nio.NioEventLoop.processSelectedKey(NioEventLoop.java:632)
	at org.apache.ratis.thirdparty.io.netty.channel.nio.NioEventLoop.processSelectedKeysOptimized(NioEventLoop.java:579)
	at org.apache.ratis.thirdparty.io.netty.channel.nio.NioEventLoop.processSelectedKeys(NioEventLoop.java:496)
	at org.apache.ratis.thirdparty.io.netty.channel.nio.NioEventLoop.run(NioEventLoop.java:458)
	at org.apache.ratis.thirdparty.io.netty.util.concurrent.SingleThreadEventExecutor$5.run(SingleThreadEventExecutor.java:897)
	at org.apache.ratis.thirdparty.io.netty.util.concurrent.FastThreadLocalRunnable.run(FastThreadLocalRunnable.java:30)
	... 1 more
Caused by: java.net.ConnectException: Connection refused
	... 11 more
2019-10-24 15:44:18,597 [grpc-default-executor-4] INFO  impl.RaftServerImpl (RaftServerImpl.java:setRole(184)) - b4ae536c-ed18-4717-a75c-ca4b5d6c4001@group-75C85B6D1182: changes role from  FOLLOWER to FOLLOWER at term 234 for recognizeCandidate:af280123-6372-4d1f-a5d4-c36229a73203
2019-10-24 15:44:18,597 [grpc-default-executor-4] INFO  impl.RoleInfo (RoleInfo.java:shutdownFollowerState(121)) - b4ae536c-ed18-4717-a75c-ca4b5d6c4001: shutdown FollowerState
2019-10-24 15:44:18,597 [grpc-default-executor-4] INFO  impl.RoleInfo (RoleInfo.java:updateAndGet(143)) - b4ae536c-ed18-4717-a75c-ca4b5d6c4001: start FollowerState
2019-10-24 15:44:18,598 [Thread-2094] INFO  impl.FollowerState (FollowerState.java:run(117)) - b4ae536c-ed18-4717-a75c-ca4b5d6c4001@group-75C85B6D1182-FollowerState was interrupted: java.lang.InterruptedException: sleep interrupted
2019-10-24 15:44:18,611 [af280123-6372-4d1f-a5d4-c36229a73203@group-75C85B6D1182-LeaderElection238] INFO  impl.LeaderElection (LeaderElection.java:logAndReturn(56)) - af280123-6372-4d1f-a5d4-c36229a73203@group-75C85B6D1182-LeaderElection238: Election REJECTED; received 1 response(s) [af280123-6372-4d1f-a5d4-c36229a73203<-b4ae536c-ed18-4717-a75c-ca4b5d6c4001#0:FAIL-t234] and 1 exception(s); af280123-6372-4d1f-a5d4-c36229a73203@group-75C85B6D1182:t234, leader=null, voted=af280123-6372-4d1f-a5d4-c36229a73203, raftlog=af280123-6372-4d1f-a5d4-c36229a73203@group-75C85B6D1182-SegmentedRaftLog:OPENED:c-1,f-1,i0, conf=-1: [9092f221-0e0d-4970-bb84-cacd95020f21:192.168.164.213:41903, af280123-6372-4d1f-a5d4-c36229a73203:192.168.164.213:35334, b4ae536c-ed18-4717-a75c-ca4b5d6c4001:192.168.164.213:41180], old=null
2019-10-24 15:44:18,612 [af280123-6372-4d1f-a5d4-c36229a73203@group-75C85B6D1182-LeaderElection238] INFO  impl.LeaderElection (LogUtils.java:infoOrTrace(149)) -   Exception 0: {}
java.util.concurrent.ExecutionException: org.apache.ratis.thirdparty.io.grpc.StatusRuntimeException: UNAVAILABLE: io exception
	at java.util.concurrent.FutureTask.report(FutureTask.java:122)
	at java.util.concurrent.FutureTask.get(FutureTask.java:192)
	at org.apache.ratis.server.impl.LeaderElection.waitForResults(LeaderElection.java:259)
	at org.apache.ratis.server.impl.LeaderElection.askForVotes(LeaderElection.java:197)
	at org.apache.ratis.server.impl.LeaderElection.run(LeaderElection.java:133)
	at java.lang.Thread.run(Thread.java:748)
Caused by: org.apache.ratis.thirdparty.io.grpc.StatusRuntimeException: UNAVAILABLE: io exception
	at org.apache.ratis.thirdparty.io.grpc.stub.ClientCalls.toStatusRuntimeException(ClientCalls.java:233)
	at org.apache.ratis.thirdparty.io.grpc.stub.ClientCalls.getUnchecked(ClientCalls.java:214)
	at org.apache.ratis.thirdparty.io.grpc.stub.ClientCalls.blockingUnaryCall(ClientCalls.java:139)
	at org.apache.ratis.proto.grpc.RaftServerProtocolServiceGrpc$RaftServerProtocolServiceBlockingStub.requestVote(RaftServerProtocolServiceGrpc.java:265)
	at org.apache.ratis.grpc.server.GrpcServerProtocolClient.requestVote(GrpcServerProtocolClient.java:99)
	at org.apache.ratis.grpc.server.GrpcService.requestVote(GrpcService.java:204)
	at org.apache.ratis.server.impl.LeaderElection.lambda$submitRequests$1(LeaderElection.java:234)
	at java.util.concurrent.FutureTask.run(FutureTask.java:266)
	at java.util.concurrent.Executors$RunnableAdapter.call(Executors.java:511)
	at java.util.concurrent.FutureTask.run(FutureTask.java:266)
	at java.util.concurrent.ThreadPoolExecutor.runWorker(ThreadPoolExecutor.java:1149)
	at java.util.concurrent.ThreadPoolExecutor$Worker.run(ThreadPoolExecutor.java:624)
	... 1 more
Caused by: org.apache.ratis.thirdparty.io.netty.channel.AbstractChannel$AnnotatedConnectException: Connection refused: /192.168.164.213:41903
	at sun.nio.ch.SocketChannelImpl.checkConnect(Native Method)
	at sun.nio.ch.SocketChannelImpl.finishConnect(SocketChannelImpl.java:717)
	at org.apache.ratis.thirdparty.io.netty.channel.socket.nio.NioSocketChannel.doFinishConnect(NioSocketChannel.java:327)
	at org.apache.ratis.thirdparty.io.netty.channel.nio.AbstractNioChannel$AbstractNioUnsafe.finishConnect(AbstractNioChannel.java:340)
	at org.apache.ratis.thirdparty.io.netty.channel.nio.NioEventLoop.processSelectedKey(NioEventLoop.java:632)
	at org.apache.ratis.thirdparty.io.netty.channel.nio.NioEventLoop.processSelectedKeysOptimized(NioEventLoop.java:579)
	at org.apache.ratis.thirdparty.io.netty.channel.nio.NioEventLoop.processSelectedKeys(NioEventLoop.java:496)
	at org.apache.ratis.thirdparty.io.netty.channel.nio.NioEventLoop.run(NioEventLoop.java:458)
	at org.apache.ratis.thirdparty.io.netty.util.concurrent.SingleThreadEventExecutor$5.run(SingleThreadEventExecutor.java:897)
	at org.apache.ratis.thirdparty.io.netty.util.concurrent.FastThreadLocalRunnable.run(FastThreadLocalRunnable.java:30)
	... 1 more
Caused by: java.net.ConnectException: Connection refused
	... 11 more
2019-10-24 15:44:18,612 [af280123-6372-4d1f-a5d4-c36229a73203@group-75C85B6D1182-LeaderElection238] INFO  impl.RaftServerImpl (RaftServerImpl.java:setRole(184)) - af280123-6372-4d1f-a5d4-c36229a73203@group-75C85B6D1182: changes role from CANDIDATE to FOLLOWER at term 234 for DISCOVERED_A_NEW_TERM
2019-10-24 15:44:18,612 [af280123-6372-4d1f-a5d4-c36229a73203@group-75C85B6D1182-LeaderElection238] INFO  impl.RoleInfo (RoleInfo.java:shutdownLeaderElection(134)) - af280123-6372-4d1f-a5d4-c36229a73203: shutdown LeaderElection
2019-10-24 15:44:18,612 [af280123-6372-4d1f-a5d4-c36229a73203@group-75C85B6D1182-LeaderElection238] INFO  impl.RoleInfo (RoleInfo.java:updateAndGet(143)) - af280123-6372-4d1f-a5d4-c36229a73203: start FollowerState
2019-10-24 15:44:18,797 [Thread-2098] INFO  impl.FollowerState (FollowerState.java:run(108)) - af280123-6372-4d1f-a5d4-c36229a73203@group-75C85B6D1182-FollowerState: change to CANDIDATE, lastRpcTime:184ms, electionTimeout:184ms
2019-10-24 15:44:18,797 [Thread-2098] INFO  impl.RoleInfo (RoleInfo.java:shutdownFollowerState(121)) - af280123-6372-4d1f-a5d4-c36229a73203: shutdown FollowerState
2019-10-24 15:44:18,798 [Thread-2098] INFO  impl.RaftServerImpl (RaftServerImpl.java:setRole(184)) - af280123-6372-4d1f-a5d4-c36229a73203@group-75C85B6D1182: changes role from  FOLLOWER to CANDIDATE at term 234 for changeToCandidate
2019-10-24 15:44:18,798 [Thread-2098] INFO  impl.RoleInfo (RoleInfo.java:updateAndGet(143)) - af280123-6372-4d1f-a5d4-c36229a73203: start LeaderElection
2019-10-24 15:44:18,814 [af280123-6372-4d1f-a5d4-c36229a73203@group-75C85B6D1182-LeaderElection239] INFO  impl.LeaderElection (LeaderElection.java:askForVotes(178)) - af280123-6372-4d1f-a5d4-c36229a73203@group-75C85B6D1182-LeaderElection239: begin an election at term 235 for -1: [9092f221-0e0d-4970-bb84-cacd95020f21:192.168.164.213:41903, af280123-6372-4d1f-a5d4-c36229a73203:192.168.164.213:35334, b4ae536c-ed18-4717-a75c-ca4b5d6c4001:192.168.164.213:41180], old=null
2019-10-24 15:44:18,816 [af280123-6372-4d1f-a5d4-c36229a73203@group-75C85B6D1182-LeaderElection239] INFO  impl.LeaderElection (LogUtils.java:infoOrTrace(149)) - af280123-6372-4d1f-a5d4-c36229a73203@group-75C85B6D1182-LeaderElection239 got exception when requesting votes: {}
java.util.concurrent.ExecutionException: org.apache.ratis.thirdparty.io.grpc.StatusRuntimeException: UNAVAILABLE: io exception
	at java.util.concurrent.FutureTask.report(FutureTask.java:122)
	at java.util.concurrent.FutureTask.get(FutureTask.java:192)
	at org.apache.ratis.server.impl.LeaderElection.waitForResults(LeaderElection.java:259)
	at org.apache.ratis.server.impl.LeaderElection.askForVotes(LeaderElection.java:197)
	at org.apache.ratis.server.impl.LeaderElection.run(LeaderElection.java:133)
	at java.lang.Thread.run(Thread.java:748)
Caused by: org.apache.ratis.thirdparty.io.grpc.StatusRuntimeException: UNAVAILABLE: io exception
	at org.apache.ratis.thirdparty.io.grpc.stub.ClientCalls.toStatusRuntimeException(ClientCalls.java:233)
	at org.apache.ratis.thirdparty.io.grpc.stub.ClientCalls.getUnchecked(ClientCalls.java:214)
	at org.apache.ratis.thirdparty.io.grpc.stub.ClientCalls.blockingUnaryCall(ClientCalls.java:139)
	at org.apache.ratis.proto.grpc.RaftServerProtocolServiceGrpc$RaftServerProtocolServiceBlockingStub.requestVote(RaftServerProtocolServiceGrpc.java:265)
	at org.apache.ratis.grpc.server.GrpcServerProtocolClient.requestVote(GrpcServerProtocolClient.java:99)
	at org.apache.ratis.grpc.server.GrpcService.requestVote(GrpcService.java:204)
	at org.apache.ratis.server.impl.LeaderElection.lambda$submitRequests$1(LeaderElection.java:234)
	at java.util.concurrent.FutureTask.run(FutureTask.java:266)
	at java.util.concurrent.Executors$RunnableAdapter.call(Executors.java:511)
	at java.util.concurrent.FutureTask.run(FutureTask.java:266)
	at java.util.concurrent.ThreadPoolExecutor.runWorker(ThreadPoolExecutor.java:1149)
	at java.util.concurrent.ThreadPoolExecutor$Worker.run(ThreadPoolExecutor.java:624)
	... 1 more
Caused by: org.apache.ratis.thirdparty.io.netty.channel.AbstractChannel$AnnotatedConnectException: Connection refused: /192.168.164.213:41903
	at sun.nio.ch.SocketChannelImpl.checkConnect(Native Method)
	at sun.nio.ch.SocketChannelImpl.finishConnect(SocketChannelImpl.java:717)
	at org.apache.ratis.thirdparty.io.netty.channel.socket.nio.NioSocketChannel.doFinishConnect(NioSocketChannel.java:327)
	at org.apache.ratis.thirdparty.io.netty.channel.nio.AbstractNioChannel$AbstractNioUnsafe.finishConnect(AbstractNioChannel.java:340)
	at org.apache.ratis.thirdparty.io.netty.channel.nio.NioEventLoop.processSelectedKey(NioEventLoop.java:632)
	at org.apache.ratis.thirdparty.io.netty.channel.nio.NioEventLoop.processSelectedKeysOptimized(NioEventLoop.java:579)
	at org.apache.ratis.thirdparty.io.netty.channel.nio.NioEventLoop.processSelectedKeys(NioEventLoop.java:496)
	at org.apache.ratis.thirdparty.io.netty.channel.nio.NioEventLoop.run(NioEventLoop.java:458)
	at org.apache.ratis.thirdparty.io.netty.util.concurrent.SingleThreadEventExecutor$5.run(SingleThreadEventExecutor.java:897)
	at org.apache.ratis.thirdparty.io.netty.util.concurrent.FastThreadLocalRunnable.run(FastThreadLocalRunnable.java:30)
	... 1 more
Caused by: java.net.ConnectException: Connection refused
	... 11 more
2019-10-24 15:44:18,819 [grpc-default-executor-4] INFO  impl.RaftServerImpl (RaftServerImpl.java:setRole(184)) - b4ae536c-ed18-4717-a75c-ca4b5d6c4001@group-75C85B6D1182: changes role from  FOLLOWER to FOLLOWER at term 235 for recognizeCandidate:af280123-6372-4d1f-a5d4-c36229a73203
2019-10-24 15:44:18,820 [grpc-default-executor-4] INFO  impl.RoleInfo (RoleInfo.java:shutdownFollowerState(121)) - b4ae536c-ed18-4717-a75c-ca4b5d6c4001: shutdown FollowerState
2019-10-24 15:44:18,820 [grpc-default-executor-4] INFO  impl.RoleInfo (RoleInfo.java:updateAndGet(143)) - b4ae536c-ed18-4717-a75c-ca4b5d6c4001: start FollowerState
2019-10-24 15:44:18,820 [Thread-2097] INFO  impl.FollowerState (FollowerState.java:run(117)) - b4ae536c-ed18-4717-a75c-ca4b5d6c4001@group-75C85B6D1182-FollowerState was interrupted: java.lang.InterruptedException: sleep interrupted
2019-10-24 15:44:18,833 [af280123-6372-4d1f-a5d4-c36229a73203@group-75C85B6D1182-LeaderElection239] INFO  impl.LeaderElection (LeaderElection.java:logAndReturn(56)) - af280123-6372-4d1f-a5d4-c36229a73203@group-75C85B6D1182-LeaderElection239: Election REJECTED; received 1 response(s) [af280123-6372-4d1f-a5d4-c36229a73203<-b4ae536c-ed18-4717-a75c-ca4b5d6c4001#0:FAIL-t235] and 1 exception(s); af280123-6372-4d1f-a5d4-c36229a73203@group-75C85B6D1182:t235, leader=null, voted=af280123-6372-4d1f-a5d4-c36229a73203, raftlog=af280123-6372-4d1f-a5d4-c36229a73203@group-75C85B6D1182-SegmentedRaftLog:OPENED:c-1,f-1,i0, conf=-1: [9092f221-0e0d-4970-bb84-cacd95020f21:192.168.164.213:41903, af280123-6372-4d1f-a5d4-c36229a73203:192.168.164.213:35334, b4ae536c-ed18-4717-a75c-ca4b5d6c4001:192.168.164.213:41180], old=null
2019-10-24 15:44:18,833 [af280123-6372-4d1f-a5d4-c36229a73203@group-75C85B6D1182-LeaderElection239] INFO  impl.LeaderElection (LogUtils.java:infoOrTrace(149)) -   Exception 0: {}
java.util.concurrent.ExecutionException: org.apache.ratis.thirdparty.io.grpc.StatusRuntimeException: UNAVAILABLE: io exception
	at java.util.concurrent.FutureTask.report(FutureTask.java:122)
	at java.util.concurrent.FutureTask.get(FutureTask.java:192)
	at org.apache.ratis.server.impl.LeaderElection.waitForResults(LeaderElection.java:259)
	at org.apache.ratis.server.impl.LeaderElection.askForVotes(LeaderElection.java:197)
	at org.apache.ratis.server.impl.LeaderElection.run(LeaderElection.java:133)
	at java.lang.Thread.run(Thread.java:748)
Caused by: org.apache.ratis.thirdparty.io.grpc.StatusRuntimeException: UNAVAILABLE: io exception
	at org.apache.ratis.thirdparty.io.grpc.stub.ClientCalls.toStatusRuntimeException(ClientCalls.java:233)
	at org.apache.ratis.thirdparty.io.grpc.stub.ClientCalls.getUnchecked(ClientCalls.java:214)
	at org.apache.ratis.thirdparty.io.grpc.stub.ClientCalls.blockingUnaryCall(ClientCalls.java:139)
	at org.apache.ratis.proto.grpc.RaftServerProtocolServiceGrpc$RaftServerProtocolServiceBlockingStub.requestVote(RaftServerProtocolServiceGrpc.java:265)
	at org.apache.ratis.grpc.server.GrpcServerProtocolClient.requestVote(GrpcServerProtocolClient.java:99)
	at org.apache.ratis.grpc.server.GrpcService.requestVote(GrpcService.java:204)
	at org.apache.ratis.server.impl.LeaderElection.lambda$submitRequests$1(LeaderElection.java:234)
	at java.util.concurrent.FutureTask.run(FutureTask.java:266)
	at java.util.concurrent.Executors$RunnableAdapter.call(Executors.java:511)
	at java.util.concurrent.FutureTask.run(FutureTask.java:266)
	at java.util.concurrent.ThreadPoolExecutor.runWorker(ThreadPoolExecutor.java:1149)
	at java.util.concurrent.ThreadPoolExecutor$Worker.run(ThreadPoolExecutor.java:624)
	... 1 more
Caused by: org.apache.ratis.thirdparty.io.netty.channel.AbstractChannel$AnnotatedConnectException: Connection refused: /192.168.164.213:41903
	at sun.nio.ch.SocketChannelImpl.checkConnect(Native Method)
	at sun.nio.ch.SocketChannelImpl.finishConnect(SocketChannelImpl.java:717)
	at org.apache.ratis.thirdparty.io.netty.channel.socket.nio.NioSocketChannel.doFinishConnect(NioSocketChannel.java:327)
	at org.apache.ratis.thirdparty.io.netty.channel.nio.AbstractNioChannel$AbstractNioUnsafe.finishConnect(AbstractNioChannel.java:340)
	at org.apache.ratis.thirdparty.io.netty.channel.nio.NioEventLoop.processSelectedKey(NioEventLoop.java:632)
	at org.apache.ratis.thirdparty.io.netty.channel.nio.NioEventLoop.processSelectedKeysOptimized(NioEventLoop.java:579)
	at org.apache.ratis.thirdparty.io.netty.channel.nio.NioEventLoop.processSelectedKeys(NioEventLoop.java:496)
	at org.apache.ratis.thirdparty.io.netty.channel.nio.NioEventLoop.run(NioEventLoop.java:458)
	at org.apache.ratis.thirdparty.io.netty.util.concurrent.SingleThreadEventExecutor$5.run(SingleThreadEventExecutor.java:897)
	at org.apache.ratis.thirdparty.io.netty.util.concurrent.FastThreadLocalRunnable.run(FastThreadLocalRunnable.java:30)
	... 1 more
Caused by: java.net.ConnectException: Connection refused
	... 11 more
2019-10-24 15:44:18,834 [af280123-6372-4d1f-a5d4-c36229a73203@group-75C85B6D1182-LeaderElection239] INFO  impl.RaftServerImpl (RaftServerImpl.java:setRole(184)) - af280123-6372-4d1f-a5d4-c36229a73203@group-75C85B6D1182: changes role from CANDIDATE to FOLLOWER at term 235 for DISCOVERED_A_NEW_TERM
2019-10-24 15:44:18,834 [af280123-6372-4d1f-a5d4-c36229a73203@group-75C85B6D1182-LeaderElection239] INFO  impl.RoleInfo (RoleInfo.java:shutdownLeaderElection(134)) - af280123-6372-4d1f-a5d4-c36229a73203: shutdown LeaderElection
2019-10-24 15:44:18,834 [af280123-6372-4d1f-a5d4-c36229a73203@group-75C85B6D1182-LeaderElection239] INFO  impl.RoleInfo (RoleInfo.java:updateAndGet(143)) - af280123-6372-4d1f-a5d4-c36229a73203: start FollowerState
2019-10-24 15:44:18,837 [java.util.concurrent.ThreadPoolExecutor$Worker@15849834[State = -1, empty queue]] WARN  server.GrpcLogAppender (GrpcLogAppender.java:timeoutAppendRequest(209)) - 2f81ded6-48e6-408d-9409-3cd44f70bee8@group-56059261E3EC->3a65ecdf-e32f-4548-a2e5-44ab823c11b3-GrpcLogAppender: appendEntries Timeout, request=2f81ded6-48e6-408d-9409-3cd44f70bee8->3a65ecdf-e32f-4548-a2e5-44ab823c11b3#67-t6, previous=(t:6, i:16), leaderCommit=16, initializing? false, entries: <empty>
2019-10-24 15:44:18,906 [Thread-2103] INFO  impl.FollowerState (FollowerState.java:run(108)) - af280123-6372-4d1f-a5d4-c36229a73203@group-75C85B6D1182-FollowerState: change to CANDIDATE, lastRpcTime:72ms, electionTimeout:72ms
2019-10-24 15:44:18,906 [Thread-2103] INFO  impl.RoleInfo (RoleInfo.java:shutdownFollowerState(121)) - af280123-6372-4d1f-a5d4-c36229a73203: shutdown FollowerState
2019-10-24 15:44:18,906 [Thread-2103] INFO  impl.RaftServerImpl (RaftServerImpl.java:setRole(184)) - af280123-6372-4d1f-a5d4-c36229a73203@group-75C85B6D1182: changes role from  FOLLOWER to CANDIDATE at term 235 for changeToCandidate
2019-10-24 15:44:18,906 [Thread-2103] INFO  impl.RoleInfo (RoleInfo.java:updateAndGet(143)) - af280123-6372-4d1f-a5d4-c36229a73203: start LeaderElection
2019-10-24 15:44:18,928 [af280123-6372-4d1f-a5d4-c36229a73203@group-75C85B6D1182-LeaderElection240] INFO  impl.LeaderElection (LeaderElection.java:askForVotes(178)) - af280123-6372-4d1f-a5d4-c36229a73203@group-75C85B6D1182-LeaderElection240: begin an election at term 236 for -1: [9092f221-0e0d-4970-bb84-cacd95020f21:192.168.164.213:41903, af280123-6372-4d1f-a5d4-c36229a73203:192.168.164.213:35334, b4ae536c-ed18-4717-a75c-ca4b5d6c4001:192.168.164.213:41180], old=null
2019-10-24 15:44:18,929 [af280123-6372-4d1f-a5d4-c36229a73203@group-75C85B6D1182-LeaderElection240] INFO  impl.LeaderElection (LogUtils.java:infoOrTrace(149)) - af280123-6372-4d1f-a5d4-c36229a73203@group-75C85B6D1182-LeaderElection240 got exception when requesting votes: {}
java.util.concurrent.ExecutionException: org.apache.ratis.thirdparty.io.grpc.StatusRuntimeException: UNAVAILABLE: io exception
	at java.util.concurrent.FutureTask.report(FutureTask.java:122)
	at java.util.concurrent.FutureTask.get(FutureTask.java:192)
	at org.apache.ratis.server.impl.LeaderElection.waitForResults(LeaderElection.java:259)
	at org.apache.ratis.server.impl.LeaderElection.askForVotes(LeaderElection.java:197)
	at org.apache.ratis.server.impl.LeaderElection.run(LeaderElection.java:133)
	at java.lang.Thread.run(Thread.java:748)
Caused by: org.apache.ratis.thirdparty.io.grpc.StatusRuntimeException: UNAVAILABLE: io exception
	at org.apache.ratis.thirdparty.io.grpc.stub.ClientCalls.toStatusRuntimeException(ClientCalls.java:233)
	at org.apache.ratis.thirdparty.io.grpc.stub.ClientCalls.getUnchecked(ClientCalls.java:214)
	at org.apache.ratis.thirdparty.io.grpc.stub.ClientCalls.blockingUnaryCall(ClientCalls.java:139)
	at org.apache.ratis.proto.grpc.RaftServerProtocolServiceGrpc$RaftServerProtocolServiceBlockingStub.requestVote(RaftServerProtocolServiceGrpc.java:265)
	at org.apache.ratis.grpc.server.GrpcServerProtocolClient.requestVote(GrpcServerProtocolClient.java:99)
	at org.apache.ratis.grpc.server.GrpcService.requestVote(GrpcService.java:204)
	at org.apache.ratis.server.impl.LeaderElection.lambda$submitRequests$1(LeaderElection.java:234)
	at java.util.concurrent.FutureTask.run(FutureTask.java:266)
	at java.util.concurrent.Executors$RunnableAdapter.call(Executors.java:511)
	at java.util.concurrent.FutureTask.run(FutureTask.java:266)
	at java.util.concurrent.ThreadPoolExecutor.runWorker(ThreadPoolExecutor.java:1149)
	at java.util.concurrent.ThreadPoolExecutor$Worker.run(ThreadPoolExecutor.java:624)
	... 1 more
Caused by: org.apache.ratis.thirdparty.io.netty.channel.AbstractChannel$AnnotatedConnectException: Connection refused: /192.168.164.213:41903
	at sun.nio.ch.SocketChannelImpl.checkConnect(Native Method)
	at sun.nio.ch.SocketChannelImpl.finishConnect(SocketChannelImpl.java:717)
	at org.apache.ratis.thirdparty.io.netty.channel.socket.nio.NioSocketChannel.doFinishConnect(NioSocketChannel.java:327)
	at org.apache.ratis.thirdparty.io.netty.channel.nio.AbstractNioChannel$AbstractNioUnsafe.finishConnect(AbstractNioChannel.java:340)
	at org.apache.ratis.thirdparty.io.netty.channel.nio.NioEventLoop.processSelectedKey(NioEventLoop.java:632)
	at org.apache.ratis.thirdparty.io.netty.channel.nio.NioEventLoop.processSelectedKeysOptimized(NioEventLoop.java:579)
	at org.apache.ratis.thirdparty.io.netty.channel.nio.NioEventLoop.processSelectedKeys(NioEventLoop.java:496)
	at org.apache.ratis.thirdparty.io.netty.channel.nio.NioEventLoop.run(NioEventLoop.java:458)
	at org.apache.ratis.thirdparty.io.netty.util.concurrent.SingleThreadEventExecutor$5.run(SingleThreadEventExecutor.java:897)
	at org.apache.ratis.thirdparty.io.netty.util.concurrent.FastThreadLocalRunnable.run(FastThreadLocalRunnable.java:30)
	... 1 more
Caused by: java.net.ConnectException: Connection refused
	... 11 more
2019-10-24 15:44:18,930 [grpc-default-executor-4] INFO  impl.RaftServerImpl (RaftServerImpl.java:setRole(184)) - b4ae536c-ed18-4717-a75c-ca4b5d6c4001@group-75C85B6D1182: changes role from  FOLLOWER to FOLLOWER at term 236 for recognizeCandidate:af280123-6372-4d1f-a5d4-c36229a73203
2019-10-24 15:44:18,931 [grpc-default-executor-4] INFO  impl.RoleInfo (RoleInfo.java:shutdownFollowerState(121)) - b4ae536c-ed18-4717-a75c-ca4b5d6c4001: shutdown FollowerState
2019-10-24 15:44:18,931 [grpc-default-executor-4] INFO  impl.RoleInfo (RoleInfo.java:updateAndGet(143)) - b4ae536c-ed18-4717-a75c-ca4b5d6c4001: start FollowerState
2019-10-24 15:44:18,931 [Thread-2102] INFO  impl.FollowerState (FollowerState.java:run(117)) - b4ae536c-ed18-4717-a75c-ca4b5d6c4001@group-75C85B6D1182-FollowerState was interrupted: java.lang.InterruptedException: sleep interrupted
2019-10-24 15:44:18,944 [af280123-6372-4d1f-a5d4-c36229a73203@group-75C85B6D1182-LeaderElection240] INFO  impl.LeaderElection (LeaderElection.java:logAndReturn(56)) - af280123-6372-4d1f-a5d4-c36229a73203@group-75C85B6D1182-LeaderElection240: Election REJECTED; received 1 response(s) [af280123-6372-4d1f-a5d4-c36229a73203<-b4ae536c-ed18-4717-a75c-ca4b5d6c4001#0:FAIL-t236] and 1 exception(s); af280123-6372-4d1f-a5d4-c36229a73203@group-75C85B6D1182:t236, leader=null, voted=af280123-6372-4d1f-a5d4-c36229a73203, raftlog=af280123-6372-4d1f-a5d4-c36229a73203@group-75C85B6D1182-SegmentedRaftLog:OPENED:c-1,f-1,i0, conf=-1: [9092f221-0e0d-4970-bb84-cacd95020f21:192.168.164.213:41903, af280123-6372-4d1f-a5d4-c36229a73203:192.168.164.213:35334, b4ae536c-ed18-4717-a75c-ca4b5d6c4001:192.168.164.213:41180], old=null
2019-10-24 15:44:18,944 [af280123-6372-4d1f-a5d4-c36229a73203@group-75C85B6D1182-LeaderElection240] INFO  impl.LeaderElection (LogUtils.java:infoOrTrace(149)) -   Exception 0: {}
java.util.concurrent.ExecutionException: org.apache.ratis.thirdparty.io.grpc.StatusRuntimeException: UNAVAILABLE: io exception
	at java.util.concurrent.FutureTask.report(FutureTask.java:122)
	at java.util.concurrent.FutureTask.get(FutureTask.java:192)
	at org.apache.ratis.server.impl.LeaderElection.waitForResults(LeaderElection.java:259)
	at org.apache.ratis.server.impl.LeaderElection.askForVotes(LeaderElection.java:197)
	at org.apache.ratis.server.impl.LeaderElection.run(LeaderElection.java:133)
	at java.lang.Thread.run(Thread.java:748)
Caused by: org.apache.ratis.thirdparty.io.grpc.StatusRuntimeException: UNAVAILABLE: io exception
	at org.apache.ratis.thirdparty.io.grpc.stub.ClientCalls.toStatusRuntimeException(ClientCalls.java:233)
	at org.apache.ratis.thirdparty.io.grpc.stub.ClientCalls.getUnchecked(ClientCalls.java:214)
	at org.apache.ratis.thirdparty.io.grpc.stub.ClientCalls.blockingUnaryCall(ClientCalls.java:139)
	at org.apache.ratis.proto.grpc.RaftServerProtocolServiceGrpc$RaftServerProtocolServiceBlockingStub.requestVote(RaftServerProtocolServiceGrpc.java:265)
	at org.apache.ratis.grpc.server.GrpcServerProtocolClient.requestVote(GrpcServerProtocolClient.java:99)
	at org.apache.ratis.grpc.server.GrpcService.requestVote(GrpcService.java:204)
	at org.apache.ratis.server.impl.LeaderElection.lambda$submitRequests$1(LeaderElection.java:234)
	at java.util.concurrent.FutureTask.run(FutureTask.java:266)
	at java.util.concurrent.Executors$RunnableAdapter.call(Executors.java:511)
	at java.util.concurrent.FutureTask.run(FutureTask.java:266)
	at java.util.concurrent.ThreadPoolExecutor.runWorker(ThreadPoolExecutor.java:1149)
	at java.util.concurrent.ThreadPoolExecutor$Worker.run(ThreadPoolExecutor.java:624)
	... 1 more
Caused by: org.apache.ratis.thirdparty.io.netty.channel.AbstractChannel$AnnotatedConnectException: Connection refused: /192.168.164.213:41903
	at sun.nio.ch.SocketChannelImpl.checkConnect(Native Method)
	at sun.nio.ch.SocketChannelImpl.finishConnect(SocketChannelImpl.java:717)
	at org.apache.ratis.thirdparty.io.netty.channel.socket.nio.NioSocketChannel.doFinishConnect(NioSocketChannel.java:327)
	at org.apache.ratis.thirdparty.io.netty.channel.nio.AbstractNioChannel$AbstractNioUnsafe.finishConnect(AbstractNioChannel.java:340)
	at org.apache.ratis.thirdparty.io.netty.channel.nio.NioEventLoop.processSelectedKey(NioEventLoop.java:632)
	at org.apache.ratis.thirdparty.io.netty.channel.nio.NioEventLoop.processSelectedKeysOptimized(NioEventLoop.java:579)
	at org.apache.ratis.thirdparty.io.netty.channel.nio.NioEventLoop.processSelectedKeys(NioEventLoop.java:496)
	at org.apache.ratis.thirdparty.io.netty.channel.nio.NioEventLoop.run(NioEventLoop.java:458)
	at org.apache.ratis.thirdparty.io.netty.util.concurrent.SingleThreadEventExecutor$5.run(SingleThreadEventExecutor.java:897)
	at org.apache.ratis.thirdparty.io.netty.util.concurrent.FastThreadLocalRunnable.run(FastThreadLocalRunnable.java:30)
	... 1 more
Caused by: java.net.ConnectException: Connection refused
	... 11 more
2019-10-24 15:44:18,944 [af280123-6372-4d1f-a5d4-c36229a73203@group-75C85B6D1182-LeaderElection240] INFO  impl.RaftServerImpl (RaftServerImpl.java:setRole(184)) - af280123-6372-4d1f-a5d4-c36229a73203@group-75C85B6D1182: changes role from CANDIDATE to FOLLOWER at term 236 for DISCOVERED_A_NEW_TERM
2019-10-24 15:44:18,945 [af280123-6372-4d1f-a5d4-c36229a73203@group-75C85B6D1182-LeaderElection240] INFO  impl.RoleInfo (RoleInfo.java:shutdownLeaderElection(134)) - af280123-6372-4d1f-a5d4-c36229a73203: shutdown LeaderElection
2019-10-24 15:44:18,945 [af280123-6372-4d1f-a5d4-c36229a73203@group-75C85B6D1182-LeaderElection240] INFO  impl.RoleInfo (RoleInfo.java:updateAndGet(143)) - af280123-6372-4d1f-a5d4-c36229a73203: start FollowerState
2019-10-24 15:44:18,979 [Thread-2109] INFO  impl.FollowerState (FollowerState.java:run(108)) - af280123-6372-4d1f-a5d4-c36229a73203@group-75C85B6D1182-FollowerState: change to CANDIDATE, lastRpcTime:34ms, electionTimeout:34ms
2019-10-24 15:44:18,979 [Thread-2109] INFO  impl.RoleInfo (RoleInfo.java:shutdownFollowerState(121)) - af280123-6372-4d1f-a5d4-c36229a73203: shutdown FollowerState
2019-10-24 15:44:18,979 [Thread-2109] INFO  impl.RaftServerImpl (RaftServerImpl.java:setRole(184)) - af280123-6372-4d1f-a5d4-c36229a73203@group-75C85B6D1182: changes role from  FOLLOWER to CANDIDATE at term 236 for changeToCandidate
2019-10-24 15:44:18,980 [Thread-2109] INFO  impl.RoleInfo (RoleInfo.java:updateAndGet(143)) - af280123-6372-4d1f-a5d4-c36229a73203: start LeaderElection
2019-10-24 15:44:18,993 [af280123-6372-4d1f-a5d4-c36229a73203@group-75C85B6D1182-LeaderElection241] INFO  impl.LeaderElection (LeaderElection.java:askForVotes(178)) - af280123-6372-4d1f-a5d4-c36229a73203@group-75C85B6D1182-LeaderElection241: begin an election at term 237 for -1: [9092f221-0e0d-4970-bb84-cacd95020f21:192.168.164.213:41903, af280123-6372-4d1f-a5d4-c36229a73203:192.168.164.213:35334, b4ae536c-ed18-4717-a75c-ca4b5d6c4001:192.168.164.213:41180], old=null
2019-10-24 15:44:18,994 [af280123-6372-4d1f-a5d4-c36229a73203@group-75C85B6D1182-LeaderElection241] INFO  impl.LeaderElection (LogUtils.java:infoOrTrace(149)) - af280123-6372-4d1f-a5d4-c36229a73203@group-75C85B6D1182-LeaderElection241 got exception when requesting votes: {}
java.util.concurrent.ExecutionException: org.apache.ratis.thirdparty.io.grpc.StatusRuntimeException: UNAVAILABLE: io exception
	at java.util.concurrent.FutureTask.report(FutureTask.java:122)
	at java.util.concurrent.FutureTask.get(FutureTask.java:192)
	at org.apache.ratis.server.impl.LeaderElection.waitForResults(LeaderElection.java:259)
	at org.apache.ratis.server.impl.LeaderElection.askForVotes(LeaderElection.java:197)
	at org.apache.ratis.server.impl.LeaderElection.run(LeaderElection.java:133)
	at java.lang.Thread.run(Thread.java:748)
Caused by: org.apache.ratis.thirdparty.io.grpc.StatusRuntimeException: UNAVAILABLE: io exception
	at org.apache.ratis.thirdparty.io.grpc.stub.ClientCalls.toStatusRuntimeException(ClientCalls.java:233)
	at org.apache.ratis.thirdparty.io.grpc.stub.ClientCalls.getUnchecked(ClientCalls.java:214)
	at org.apache.ratis.thirdparty.io.grpc.stub.ClientCalls.blockingUnaryCall(ClientCalls.java:139)
	at org.apache.ratis.proto.grpc.RaftServerProtocolServiceGrpc$RaftServerProtocolServiceBlockingStub.requestVote(RaftServerProtocolServiceGrpc.java:265)
	at org.apache.ratis.grpc.server.GrpcServerProtocolClient.requestVote(GrpcServerProtocolClient.java:99)
	at org.apache.ratis.grpc.server.GrpcService.requestVote(GrpcService.java:204)
	at org.apache.ratis.server.impl.LeaderElection.lambda$submitRequests$1(LeaderElection.java:234)
	at java.util.concurrent.FutureTask.run(FutureTask.java:266)
	at java.util.concurrent.Executors$RunnableAdapter.call(Executors.java:511)
	at java.util.concurrent.FutureTask.run(FutureTask.java:266)
	at java.util.concurrent.ThreadPoolExecutor.runWorker(ThreadPoolExecutor.java:1149)
	at java.util.concurrent.ThreadPoolExecutor$Worker.run(ThreadPoolExecutor.java:624)
	... 1 more
Caused by: org.apache.ratis.thirdparty.io.netty.channel.AbstractChannel$AnnotatedConnectException: Connection refused: /192.168.164.213:41903
	at sun.nio.ch.SocketChannelImpl.checkConnect(Native Method)
	at sun.nio.ch.SocketChannelImpl.finishConnect(SocketChannelImpl.java:717)
	at org.apache.ratis.thirdparty.io.netty.channel.socket.nio.NioSocketChannel.doFinishConnect(NioSocketChannel.java:327)
	at org.apache.ratis.thirdparty.io.netty.channel.nio.AbstractNioChannel$AbstractNioUnsafe.finishConnect(AbstractNioChannel.java:340)
	at org.apache.ratis.thirdparty.io.netty.channel.nio.NioEventLoop.processSelectedKey(NioEventLoop.java:632)
	at org.apache.ratis.thirdparty.io.netty.channel.nio.NioEventLoop.processSelectedKeysOptimized(NioEventLoop.java:579)
	at org.apache.ratis.thirdparty.io.netty.channel.nio.NioEventLoop.processSelectedKeys(NioEventLoop.java:496)
	at org.apache.ratis.thirdparty.io.netty.channel.nio.NioEventLoop.run(NioEventLoop.java:458)
	at org.apache.ratis.thirdparty.io.netty.util.concurrent.SingleThreadEventExecutor$5.run(SingleThreadEventExecutor.java:897)
	at org.apache.ratis.thirdparty.io.netty.util.concurrent.FastThreadLocalRunnable.run(FastThreadLocalRunnable.java:30)
	... 1 more
Caused by: java.net.ConnectException: Connection refused
	... 11 more
2019-10-24 15:44:18,995 [grpc-default-executor-4] INFO  impl.RaftServerImpl (RaftServerImpl.java:setRole(184)) - b4ae536c-ed18-4717-a75c-ca4b5d6c4001@group-75C85B6D1182: changes role from  FOLLOWER to FOLLOWER at term 237 for recognizeCandidate:af280123-6372-4d1f-a5d4-c36229a73203
2019-10-24 15:44:18,996 [grpc-default-executor-4] INFO  impl.RoleInfo (RoleInfo.java:shutdownFollowerState(121)) - b4ae536c-ed18-4717-a75c-ca4b5d6c4001: shutdown FollowerState
2019-10-24 15:44:18,996 [grpc-default-executor-4] INFO  impl.RoleInfo (RoleInfo.java:updateAndGet(143)) - b4ae536c-ed18-4717-a75c-ca4b5d6c4001: start FollowerState
2019-10-24 15:44:18,996 [Thread-2108] INFO  impl.FollowerState (FollowerState.java:run(117)) - b4ae536c-ed18-4717-a75c-ca4b5d6c4001@group-75C85B6D1182-FollowerState was interrupted: java.lang.InterruptedException: sleep interrupted
2019-10-24 15:44:19,010 [af280123-6372-4d1f-a5d4-c36229a73203@group-75C85B6D1182-LeaderElection241] INFO  impl.LeaderElection (LeaderElection.java:logAndReturn(56)) - af280123-6372-4d1f-a5d4-c36229a73203@group-75C85B6D1182-LeaderElection241: Election REJECTED; received 1 response(s) [af280123-6372-4d1f-a5d4-c36229a73203<-b4ae536c-ed18-4717-a75c-ca4b5d6c4001#0:FAIL-t237] and 1 exception(s); af280123-6372-4d1f-a5d4-c36229a73203@group-75C85B6D1182:t237, leader=null, voted=af280123-6372-4d1f-a5d4-c36229a73203, raftlog=af280123-6372-4d1f-a5d4-c36229a73203@group-75C85B6D1182-SegmentedRaftLog:OPENED:c-1,f-1,i0, conf=-1: [9092f221-0e0d-4970-bb84-cacd95020f21:192.168.164.213:41903, af280123-6372-4d1f-a5d4-c36229a73203:192.168.164.213:35334, b4ae536c-ed18-4717-a75c-ca4b5d6c4001:192.168.164.213:41180], old=null
2019-10-24 15:44:19,011 [af280123-6372-4d1f-a5d4-c36229a73203@group-75C85B6D1182-LeaderElection241] INFO  impl.LeaderElection (LogUtils.java:infoOrTrace(149)) -   Exception 0: {}
java.util.concurrent.ExecutionException: org.apache.ratis.thirdparty.io.grpc.StatusRuntimeException: UNAVAILABLE: io exception
	at java.util.concurrent.FutureTask.report(FutureTask.java:122)
	at java.util.concurrent.FutureTask.get(FutureTask.java:192)
	at org.apache.ratis.server.impl.LeaderElection.waitForResults(LeaderElection.java:259)
	at org.apache.ratis.server.impl.LeaderElection.askForVotes(LeaderElection.java:197)
	at org.apache.ratis.server.impl.LeaderElection.run(LeaderElection.java:133)
	at java.lang.Thread.run(Thread.java:748)
Caused by: org.apache.ratis.thirdparty.io.grpc.StatusRuntimeException: UNAVAILABLE: io exception
	at org.apache.ratis.thirdparty.io.grpc.stub.ClientCalls.toStatusRuntimeException(ClientCalls.java:233)
	at org.apache.ratis.thirdparty.io.grpc.stub.ClientCalls.getUnchecked(ClientCalls.java:214)
	at org.apache.ratis.thirdparty.io.grpc.stub.ClientCalls.blockingUnaryCall(ClientCalls.java:139)
	at org.apache.ratis.proto.grpc.RaftServerProtocolServiceGrpc$RaftServerProtocolServiceBlockingStub.requestVote(RaftServerProtocolServiceGrpc.java:265)
	at org.apache.ratis.grpc.server.GrpcServerProtocolClient.requestVote(GrpcServerProtocolClient.java:99)
	at org.apache.ratis.grpc.server.GrpcService.requestVote(GrpcService.java:204)
	at org.apache.ratis.server.impl.LeaderElection.lambda$submitRequests$1(LeaderElection.java:234)
	at java.util.concurrent.FutureTask.run(FutureTask.java:266)
	at java.util.concurrent.Executors$RunnableAdapter.call(Executors.java:511)
	at java.util.concurrent.FutureTask.run(FutureTask.java:266)
	at java.util.concurrent.ThreadPoolExecutor.runWorker(ThreadPoolExecutor.java:1149)
	at java.util.concurrent.ThreadPoolExecutor$Worker.run(ThreadPoolExecutor.java:624)
	... 1 more
Caused by: org.apache.ratis.thirdparty.io.netty.channel.AbstractChannel$AnnotatedConnectException: Connection refused: /192.168.164.213:41903
	at sun.nio.ch.SocketChannelImpl.checkConnect(Native Method)
	at sun.nio.ch.SocketChannelImpl.finishConnect(SocketChannelImpl.java:717)
	at org.apache.ratis.thirdparty.io.netty.channel.socket.nio.NioSocketChannel.doFinishConnect(NioSocketChannel.java:327)
	at org.apache.ratis.thirdparty.io.netty.channel.nio.AbstractNioChannel$AbstractNioUnsafe.finishConnect(AbstractNioChannel.java:340)
	at org.apache.ratis.thirdparty.io.netty.channel.nio.NioEventLoop.processSelectedKey(NioEventLoop.java:632)
	at org.apache.ratis.thirdparty.io.netty.channel.nio.NioEventLoop.processSelectedKeysOptimized(NioEventLoop.java:579)
	at org.apache.ratis.thirdparty.io.netty.channel.nio.NioEventLoop.processSelectedKeys(NioEventLoop.java:496)
	at org.apache.ratis.thirdparty.io.netty.channel.nio.NioEventLoop.run(NioEventLoop.java:458)
	at org.apache.ratis.thirdparty.io.netty.util.concurrent.SingleThreadEventExecutor$5.run(SingleThreadEventExecutor.java:897)
	at org.apache.ratis.thirdparty.io.netty.util.concurrent.FastThreadLocalRunnable.run(FastThreadLocalRunnable.java:30)
	... 1 more
Caused by: java.net.ConnectException: Connection refused
	... 11 more
2019-10-24 15:44:19,012 [af280123-6372-4d1f-a5d4-c36229a73203@group-75C85B6D1182-LeaderElection241] INFO  impl.RaftServerImpl (RaftServerImpl.java:setRole(184)) - af280123-6372-4d1f-a5d4-c36229a73203@group-75C85B6D1182: changes role from CANDIDATE to FOLLOWER at term 237 for DISCOVERED_A_NEW_TERM
2019-10-24 15:44:19,012 [af280123-6372-4d1f-a5d4-c36229a73203@group-75C85B6D1182-LeaderElection241] INFO  impl.RoleInfo (RoleInfo.java:shutdownLeaderElection(134)) - af280123-6372-4d1f-a5d4-c36229a73203: shutdown LeaderElection
2019-10-24 15:44:19,012 [af280123-6372-4d1f-a5d4-c36229a73203@group-75C85B6D1182-LeaderElection241] INFO  impl.RoleInfo (RoleInfo.java:updateAndGet(143)) - af280123-6372-4d1f-a5d4-c36229a73203: start FollowerState
2019-10-24 15:44:19,133 [Thread-2114] INFO  impl.FollowerState (FollowerState.java:run(108)) - af280123-6372-4d1f-a5d4-c36229a73203@group-75C85B6D1182-FollowerState: change to CANDIDATE, lastRpcTime:120ms, electionTimeout:120ms
2019-10-24 15:44:19,133 [Thread-2114] INFO  impl.RoleInfo (RoleInfo.java:shutdownFollowerState(121)) - af280123-6372-4d1f-a5d4-c36229a73203: shutdown FollowerState
2019-10-24 15:44:19,133 [Thread-2114] INFO  impl.RaftServerImpl (RaftServerImpl.java:setRole(184)) - af280123-6372-4d1f-a5d4-c36229a73203@group-75C85B6D1182: changes role from  FOLLOWER to CANDIDATE at term 237 for changeToCandidate
2019-10-24 15:44:19,133 [Thread-2114] INFO  impl.RoleInfo (RoleInfo.java:updateAndGet(143)) - af280123-6372-4d1f-a5d4-c36229a73203: start LeaderElection
2019-10-24 15:44:19,147 [af280123-6372-4d1f-a5d4-c36229a73203@group-75C85B6D1182-LeaderElection242] INFO  impl.LeaderElection (LeaderElection.java:askForVotes(178)) - af280123-6372-4d1f-a5d4-c36229a73203@group-75C85B6D1182-LeaderElection242: begin an election at term 238 for -1: [9092f221-0e0d-4970-bb84-cacd95020f21:192.168.164.213:41903, af280123-6372-4d1f-a5d4-c36229a73203:192.168.164.213:35334, b4ae536c-ed18-4717-a75c-ca4b5d6c4001:192.168.164.213:41180], old=null
2019-10-24 15:44:19,148 [af280123-6372-4d1f-a5d4-c36229a73203@group-75C85B6D1182-LeaderElection242] INFO  impl.LeaderElection (LogUtils.java:infoOrTrace(149)) - af280123-6372-4d1f-a5d4-c36229a73203@group-75C85B6D1182-LeaderElection242 got exception when requesting votes: {}
java.util.concurrent.ExecutionException: org.apache.ratis.thirdparty.io.grpc.StatusRuntimeException: UNAVAILABLE: io exception
	at java.util.concurrent.FutureTask.report(FutureTask.java:122)
	at java.util.concurrent.FutureTask.get(FutureTask.java:192)
	at org.apache.ratis.server.impl.LeaderElection.waitForResults(LeaderElection.java:259)
	at org.apache.ratis.server.impl.LeaderElection.askForVotes(LeaderElection.java:197)
	at org.apache.ratis.server.impl.LeaderElection.run(LeaderElection.java:133)
	at java.lang.Thread.run(Thread.java:748)
Caused by: org.apache.ratis.thirdparty.io.grpc.StatusRuntimeException: UNAVAILABLE: io exception
	at org.apache.ratis.thirdparty.io.grpc.stub.ClientCalls.toStatusRuntimeException(ClientCalls.java:233)
	at org.apache.ratis.thirdparty.io.grpc.stub.ClientCalls.getUnchecked(ClientCalls.java:214)
	at org.apache.ratis.thirdparty.io.grpc.stub.ClientCalls.blockingUnaryCall(ClientCalls.java:139)
	at org.apache.ratis.proto.grpc.RaftServerProtocolServiceGrpc$RaftServerProtocolServiceBlockingStub.requestVote(RaftServerProtocolServiceGrpc.java:265)
	at org.apache.ratis.grpc.server.GrpcServerProtocolClient.requestVote(GrpcServerProtocolClient.java:99)
	at org.apache.ratis.grpc.server.GrpcService.requestVote(GrpcService.java:204)
	at org.apache.ratis.server.impl.LeaderElection.lambda$submitRequests$1(LeaderElection.java:234)
	at java.util.concurrent.FutureTask.run(FutureTask.java:266)
	at java.util.concurrent.Executors$RunnableAdapter.call(Executors.java:511)
	at java.util.concurrent.FutureTask.run(FutureTask.java:266)
	at java.util.concurrent.ThreadPoolExecutor.runWorker(ThreadPoolExecutor.java:1149)
	at java.util.concurrent.ThreadPoolExecutor$Worker.run(ThreadPoolExecutor.java:624)
	... 1 more
Caused by: org.apache.ratis.thirdparty.io.netty.channel.AbstractChannel$AnnotatedConnectException: Connection refused: /192.168.164.213:41903
	at sun.nio.ch.SocketChannelImpl.checkConnect(Native Method)
	at sun.nio.ch.SocketChannelImpl.finishConnect(SocketChannelImpl.java:717)
	at org.apache.ratis.thirdparty.io.netty.channel.socket.nio.NioSocketChannel.doFinishConnect(NioSocketChannel.java:327)
	at org.apache.ratis.thirdparty.io.netty.channel.nio.AbstractNioChannel$AbstractNioUnsafe.finishConnect(AbstractNioChannel.java:340)
	at org.apache.ratis.thirdparty.io.netty.channel.nio.NioEventLoop.processSelectedKey(NioEventLoop.java:632)
	at org.apache.ratis.thirdparty.io.netty.channel.nio.NioEventLoop.processSelectedKeysOptimized(NioEventLoop.java:579)
	at org.apache.ratis.thirdparty.io.netty.channel.nio.NioEventLoop.processSelectedKeys(NioEventLoop.java:496)
	at org.apache.ratis.thirdparty.io.netty.channel.nio.NioEventLoop.run(NioEventLoop.java:458)
	at org.apache.ratis.thirdparty.io.netty.util.concurrent.SingleThreadEventExecutor$5.run(SingleThreadEventExecutor.java:897)
	at org.apache.ratis.thirdparty.io.netty.util.concurrent.FastThreadLocalRunnable.run(FastThreadLocalRunnable.java:30)
	... 1 more
Caused by: java.net.ConnectException: Connection refused
	... 11 more
2019-10-24 15:44:19,149 [grpc-default-executor-4] INFO  impl.RaftServerImpl (RaftServerImpl.java:setRole(184)) - b4ae536c-ed18-4717-a75c-ca4b5d6c4001@group-75C85B6D1182: changes role from  FOLLOWER to FOLLOWER at term 238 for recognizeCandidate:af280123-6372-4d1f-a5d4-c36229a73203
2019-10-24 15:44:19,149 [grpc-default-executor-4] INFO  impl.RoleInfo (RoleInfo.java:shutdownFollowerState(121)) - b4ae536c-ed18-4717-a75c-ca4b5d6c4001: shutdown FollowerState
2019-10-24 15:44:19,149 [grpc-default-executor-4] INFO  impl.RoleInfo (RoleInfo.java:updateAndGet(143)) - b4ae536c-ed18-4717-a75c-ca4b5d6c4001: start FollowerState
2019-10-24 15:44:19,149 [Thread-2113] INFO  impl.FollowerState (FollowerState.java:run(117)) - b4ae536c-ed18-4717-a75c-ca4b5d6c4001@group-75C85B6D1182-FollowerState was interrupted: java.lang.InterruptedException: sleep interrupted
2019-10-24 15:44:19,165 [af280123-6372-4d1f-a5d4-c36229a73203@group-75C85B6D1182-LeaderElection242] INFO  impl.LeaderElection (LeaderElection.java:logAndReturn(56)) - af280123-6372-4d1f-a5d4-c36229a73203@group-75C85B6D1182-LeaderElection242: Election REJECTED; received 1 response(s) [af280123-6372-4d1f-a5d4-c36229a73203<-b4ae536c-ed18-4717-a75c-ca4b5d6c4001#0:FAIL-t238] and 1 exception(s); af280123-6372-4d1f-a5d4-c36229a73203@group-75C85B6D1182:t238, leader=null, voted=af280123-6372-4d1f-a5d4-c36229a73203, raftlog=af280123-6372-4d1f-a5d4-c36229a73203@group-75C85B6D1182-SegmentedRaftLog:OPENED:c-1,f-1,i0, conf=-1: [9092f221-0e0d-4970-bb84-cacd95020f21:192.168.164.213:41903, af280123-6372-4d1f-a5d4-c36229a73203:192.168.164.213:35334, b4ae536c-ed18-4717-a75c-ca4b5d6c4001:192.168.164.213:41180], old=null
2019-10-24 15:44:19,165 [af280123-6372-4d1f-a5d4-c36229a73203@group-75C85B6D1182-LeaderElection242] INFO  impl.LeaderElection (LogUtils.java:infoOrTrace(149)) -   Exception 0: {}
java.util.concurrent.ExecutionException: org.apache.ratis.thirdparty.io.grpc.StatusRuntimeException: UNAVAILABLE: io exception
	at java.util.concurrent.FutureTask.report(FutureTask.java:122)
	at java.util.concurrent.FutureTask.get(FutureTask.java:192)
	at org.apache.ratis.server.impl.LeaderElection.waitForResults(LeaderElection.java:259)
	at org.apache.ratis.server.impl.LeaderElection.askForVotes(LeaderElection.java:197)
	at org.apache.ratis.server.impl.LeaderElection.run(LeaderElection.java:133)
	at java.lang.Thread.run(Thread.java:748)
Caused by: org.apache.ratis.thirdparty.io.grpc.StatusRuntimeException: UNAVAILABLE: io exception
	at org.apache.ratis.thirdparty.io.grpc.stub.ClientCalls.toStatusRuntimeException(ClientCalls.java:233)
	at org.apache.ratis.thirdparty.io.grpc.stub.ClientCalls.getUnchecked(ClientCalls.java:214)
	at org.apache.ratis.thirdparty.io.grpc.stub.ClientCalls.blockingUnaryCall(ClientCalls.java:139)
	at org.apache.ratis.proto.grpc.RaftServerProtocolServiceGrpc$RaftServerProtocolServiceBlockingStub.requestVote(RaftServerProtocolServiceGrpc.java:265)
	at org.apache.ratis.grpc.server.GrpcServerProtocolClient.requestVote(GrpcServerProtocolClient.java:99)
	at org.apache.ratis.grpc.server.GrpcService.requestVote(GrpcService.java:204)
	at org.apache.ratis.server.impl.LeaderElection.lambda$submitRequests$1(LeaderElection.java:234)
	at java.util.concurrent.FutureTask.run(FutureTask.java:266)
	at java.util.concurrent.Executors$RunnableAdapter.call(Executors.java:511)
	at java.util.concurrent.FutureTask.run(FutureTask.java:266)
	at java.util.concurrent.ThreadPoolExecutor.runWorker(ThreadPoolExecutor.java:1149)
	at java.util.concurrent.ThreadPoolExecutor$Worker.run(ThreadPoolExecutor.java:624)
	... 1 more
Caused by: org.apache.ratis.thirdparty.io.netty.channel.AbstractChannel$AnnotatedConnectException: Connection refused: /192.168.164.213:41903
	at sun.nio.ch.SocketChannelImpl.checkConnect(Native Method)
	at sun.nio.ch.SocketChannelImpl.finishConnect(SocketChannelImpl.java:717)
	at org.apache.ratis.thirdparty.io.netty.channel.socket.nio.NioSocketChannel.doFinishConnect(NioSocketChannel.java:327)
	at org.apache.ratis.thirdparty.io.netty.channel.nio.AbstractNioChannel$AbstractNioUnsafe.finishConnect(AbstractNioChannel.java:340)
	at org.apache.ratis.thirdparty.io.netty.channel.nio.NioEventLoop.processSelectedKey(NioEventLoop.java:632)
	at org.apache.ratis.thirdparty.io.netty.channel.nio.NioEventLoop.processSelectedKeysOptimized(NioEventLoop.java:579)
	at org.apache.ratis.thirdparty.io.netty.channel.nio.NioEventLoop.processSelectedKeys(NioEventLoop.java:496)
	at org.apache.ratis.thirdparty.io.netty.channel.nio.NioEventLoop.run(NioEventLoop.java:458)
	at org.apache.ratis.thirdparty.io.netty.util.concurrent.SingleThreadEventExecutor$5.run(SingleThreadEventExecutor.java:897)
	at org.apache.ratis.thirdparty.io.netty.util.concurrent.FastThreadLocalRunnable.run(FastThreadLocalRunnable.java:30)
	... 1 more
Caused by: java.net.ConnectException: Connection refused
	... 11 more
2019-10-24 15:44:19,165 [af280123-6372-4d1f-a5d4-c36229a73203@group-75C85B6D1182-LeaderElection242] INFO  impl.RaftServerImpl (RaftServerImpl.java:setRole(184)) - af280123-6372-4d1f-a5d4-c36229a73203@group-75C85B6D1182: changes role from CANDIDATE to FOLLOWER at term 238 for DISCOVERED_A_NEW_TERM
2019-10-24 15:44:19,165 [af280123-6372-4d1f-a5d4-c36229a73203@group-75C85B6D1182-LeaderElection242] INFO  impl.RoleInfo (RoleInfo.java:shutdownLeaderElection(134)) - af280123-6372-4d1f-a5d4-c36229a73203: shutdown LeaderElection
2019-10-24 15:44:19,165 [af280123-6372-4d1f-a5d4-c36229a73203@group-75C85B6D1182-LeaderElection242] INFO  impl.RoleInfo (RoleInfo.java:updateAndGet(143)) - af280123-6372-4d1f-a5d4-c36229a73203: start FollowerState
2019-10-24 15:44:19,231 [Thread-2119] INFO  impl.FollowerState (FollowerState.java:run(108)) - af280123-6372-4d1f-a5d4-c36229a73203@group-75C85B6D1182-FollowerState: change to CANDIDATE, lastRpcTime:65ms, electionTimeout:65ms
2019-10-24 15:44:19,231 [Thread-2119] INFO  impl.RoleInfo (RoleInfo.java:shutdownFollowerState(121)) - af280123-6372-4d1f-a5d4-c36229a73203: shutdown FollowerState
2019-10-24 15:44:19,231 [Thread-2119] INFO  impl.RaftServerImpl (RaftServerImpl.java:setRole(184)) - af280123-6372-4d1f-a5d4-c36229a73203@group-75C85B6D1182: changes role from  FOLLOWER to CANDIDATE at term 238 for changeToCandidate
2019-10-24 15:44:19,232 [Thread-2119] INFO  impl.RoleInfo (RoleInfo.java:updateAndGet(143)) - af280123-6372-4d1f-a5d4-c36229a73203: start LeaderElection
2019-10-24 15:44:19,245 [af280123-6372-4d1f-a5d4-c36229a73203@group-75C85B6D1182-LeaderElection243] INFO  impl.LeaderElection (LeaderElection.java:askForVotes(178)) - af280123-6372-4d1f-a5d4-c36229a73203@group-75C85B6D1182-LeaderElection243: begin an election at term 239 for -1: [9092f221-0e0d-4970-bb84-cacd95020f21:192.168.164.213:41903, af280123-6372-4d1f-a5d4-c36229a73203:192.168.164.213:35334, b4ae536c-ed18-4717-a75c-ca4b5d6c4001:192.168.164.213:41180], old=null
2019-10-24 15:44:19,247 [af280123-6372-4d1f-a5d4-c36229a73203@group-75C85B6D1182-LeaderElection243] INFO  impl.LeaderElection (LogUtils.java:infoOrTrace(149)) - af280123-6372-4d1f-a5d4-c36229a73203@group-75C85B6D1182-LeaderElection243 got exception when requesting votes: {}
java.util.concurrent.ExecutionException: org.apache.ratis.thirdparty.io.grpc.StatusRuntimeException: UNAVAILABLE: io exception
	at java.util.concurrent.FutureTask.report(FutureTask.java:122)
	at java.util.concurrent.FutureTask.get(FutureTask.java:192)
	at org.apache.ratis.server.impl.LeaderElection.waitForResults(LeaderElection.java:259)
	at org.apache.ratis.server.impl.LeaderElection.askForVotes(LeaderElection.java:197)
	at org.apache.ratis.server.impl.LeaderElection.run(LeaderElection.java:133)
	at java.lang.Thread.run(Thread.java:748)
Caused by: org.apache.ratis.thirdparty.io.grpc.StatusRuntimeException: UNAVAILABLE: io exception
	at org.apache.ratis.thirdparty.io.grpc.stub.ClientCalls.toStatusRuntimeException(ClientCalls.java:233)
	at org.apache.ratis.thirdparty.io.grpc.stub.ClientCalls.getUnchecked(ClientCalls.java:214)
	at org.apache.ratis.thirdparty.io.grpc.stub.ClientCalls.blockingUnaryCall(ClientCalls.java:139)
	at org.apache.ratis.proto.grpc.RaftServerProtocolServiceGrpc$RaftServerProtocolServiceBlockingStub.requestVote(RaftServerProtocolServiceGrpc.java:265)
	at org.apache.ratis.grpc.server.GrpcServerProtocolClient.requestVote(GrpcServerProtocolClient.java:99)
	at org.apache.ratis.grpc.server.GrpcService.requestVote(GrpcService.java:204)
	at org.apache.ratis.server.impl.LeaderElection.lambda$submitRequests$1(LeaderElection.java:234)
	at java.util.concurrent.FutureTask.run(FutureTask.java:266)
	at java.util.concurrent.Executors$RunnableAdapter.call(Executors.java:511)
	at java.util.concurrent.FutureTask.run(FutureTask.java:266)
	at java.util.concurrent.ThreadPoolExecutor.runWorker(ThreadPoolExecutor.java:1149)
	at java.util.concurrent.ThreadPoolExecutor$Worker.run(ThreadPoolExecutor.java:624)
	... 1 more
Caused by: org.apache.ratis.thirdparty.io.netty.channel.AbstractChannel$AnnotatedConnectException: Connection refused: /192.168.164.213:41903
	at sun.nio.ch.SocketChannelImpl.checkConnect(Native Method)
	at sun.nio.ch.SocketChannelImpl.finishConnect(SocketChannelImpl.java:717)
	at org.apache.ratis.thirdparty.io.netty.channel.socket.nio.NioSocketChannel.doFinishConnect(NioSocketChannel.java:327)
	at org.apache.ratis.thirdparty.io.netty.channel.nio.AbstractNioChannel$AbstractNioUnsafe.finishConnect(AbstractNioChannel.java:340)
	at org.apache.ratis.thirdparty.io.netty.channel.nio.NioEventLoop.processSelectedKey(NioEventLoop.java:632)
	at org.apache.ratis.thirdparty.io.netty.channel.nio.NioEventLoop.processSelectedKeysOptimized(NioEventLoop.java:579)
	at org.apache.ratis.thirdparty.io.netty.channel.nio.NioEventLoop.processSelectedKeys(NioEventLoop.java:496)
	at org.apache.ratis.thirdparty.io.netty.channel.nio.NioEventLoop.run(NioEventLoop.java:458)
	at org.apache.ratis.thirdparty.io.netty.util.concurrent.SingleThreadEventExecutor$5.run(SingleThreadEventExecutor.java:897)
	at org.apache.ratis.thirdparty.io.netty.util.concurrent.FastThreadLocalRunnable.run(FastThreadLocalRunnable.java:30)
	... 1 more
Caused by: java.net.ConnectException: Connection refused
	... 11 more
2019-10-24 15:44:19,248 [grpc-default-executor-4] INFO  impl.RaftServerImpl (RaftServerImpl.java:setRole(184)) - b4ae536c-ed18-4717-a75c-ca4b5d6c4001@group-75C85B6D1182: changes role from  FOLLOWER to FOLLOWER at term 239 for recognizeCandidate:af280123-6372-4d1f-a5d4-c36229a73203
2019-10-24 15:44:19,248 [grpc-default-executor-4] INFO  impl.RoleInfo (RoleInfo.java:shutdownFollowerState(121)) - b4ae536c-ed18-4717-a75c-ca4b5d6c4001: shutdown FollowerState
2019-10-24 15:44:19,253 [grpc-default-executor-4] INFO  impl.RoleInfo (RoleInfo.java:updateAndGet(143)) - b4ae536c-ed18-4717-a75c-ca4b5d6c4001: start FollowerState
2019-10-24 15:44:19,253 [Thread-2118] INFO  impl.FollowerState (FollowerState.java:run(117)) - b4ae536c-ed18-4717-a75c-ca4b5d6c4001@group-75C85B6D1182-FollowerState was interrupted: java.lang.InterruptedException: sleep interrupted
2019-10-24 15:44:19,266 [af280123-6372-4d1f-a5d4-c36229a73203@group-75C85B6D1182-LeaderElection243] INFO  impl.LeaderElection (LeaderElection.java:logAndReturn(56)) - af280123-6372-4d1f-a5d4-c36229a73203@group-75C85B6D1182-LeaderElection243: Election REJECTED; received 1 response(s) [af280123-6372-4d1f-a5d4-c36229a73203<-b4ae536c-ed18-4717-a75c-ca4b5d6c4001#0:FAIL-t239] and 1 exception(s); af280123-6372-4d1f-a5d4-c36229a73203@group-75C85B6D1182:t239, leader=null, voted=af280123-6372-4d1f-a5d4-c36229a73203, raftlog=af280123-6372-4d1f-a5d4-c36229a73203@group-75C85B6D1182-SegmentedRaftLog:OPENED:c-1,f-1,i0, conf=-1: [9092f221-0e0d-4970-bb84-cacd95020f21:192.168.164.213:41903, af280123-6372-4d1f-a5d4-c36229a73203:192.168.164.213:35334, b4ae536c-ed18-4717-a75c-ca4b5d6c4001:192.168.164.213:41180], old=null
2019-10-24 15:44:19,266 [af280123-6372-4d1f-a5d4-c36229a73203@group-75C85B6D1182-LeaderElection243] INFO  impl.LeaderElection (LogUtils.java:infoOrTrace(149)) -   Exception 0: {}
java.util.concurrent.ExecutionException: org.apache.ratis.thirdparty.io.grpc.StatusRuntimeException: UNAVAILABLE: io exception
	at java.util.concurrent.FutureTask.report(FutureTask.java:122)
	at java.util.concurrent.FutureTask.get(FutureTask.java:192)
	at org.apache.ratis.server.impl.LeaderElection.waitForResults(LeaderElection.java:259)
	at org.apache.ratis.server.impl.LeaderElection.askForVotes(LeaderElection.java:197)
	at org.apache.ratis.server.impl.LeaderElection.run(LeaderElection.java:133)
	at java.lang.Thread.run(Thread.java:748)
Caused by: org.apache.ratis.thirdparty.io.grpc.StatusRuntimeException: UNAVAILABLE: io exception
	at org.apache.ratis.thirdparty.io.grpc.stub.ClientCalls.toStatusRuntimeException(ClientCalls.java:233)
	at org.apache.ratis.thirdparty.io.grpc.stub.ClientCalls.getUnchecked(ClientCalls.java:214)
	at org.apache.ratis.thirdparty.io.grpc.stub.ClientCalls.blockingUnaryCall(ClientCalls.java:139)
	at org.apache.ratis.proto.grpc.RaftServerProtocolServiceGrpc$RaftServerProtocolServiceBlockingStub.requestVote(RaftServerProtocolServiceGrpc.java:265)
	at org.apache.ratis.grpc.server.GrpcServerProtocolClient.requestVote(GrpcServerProtocolClient.java:99)
	at org.apache.ratis.grpc.server.GrpcService.requestVote(GrpcService.java:204)
	at org.apache.ratis.server.impl.LeaderElection.lambda$submitRequests$1(LeaderElection.java:234)
	at java.util.concurrent.FutureTask.run(FutureTask.java:266)
	at java.util.concurrent.Executors$RunnableAdapter.call(Executors.java:511)
	at java.util.concurrent.FutureTask.run(FutureTask.java:266)
	at java.util.concurrent.ThreadPoolExecutor.runWorker(ThreadPoolExecutor.java:1149)
	at java.util.concurrent.ThreadPoolExecutor$Worker.run(ThreadPoolExecutor.java:624)
	... 1 more
Caused by: org.apache.ratis.thirdparty.io.netty.channel.AbstractChannel$AnnotatedConnectException: Connection refused: /192.168.164.213:41903
	at sun.nio.ch.SocketChannelImpl.checkConnect(Native Method)
	at sun.nio.ch.SocketChannelImpl.finishConnect(SocketChannelImpl.java:717)
	at org.apache.ratis.thirdparty.io.netty.channel.socket.nio.NioSocketChannel.doFinishConnect(NioSocketChannel.java:327)
	at org.apache.ratis.thirdparty.io.netty.channel.nio.AbstractNioChannel$AbstractNioUnsafe.finishConnect(AbstractNioChannel.java:340)
	at org.apache.ratis.thirdparty.io.netty.channel.nio.NioEventLoop.processSelectedKey(NioEventLoop.java:632)
	at org.apache.ratis.thirdparty.io.netty.channel.nio.NioEventLoop.processSelectedKeysOptimized(NioEventLoop.java:579)
	at org.apache.ratis.thirdparty.io.netty.channel.nio.NioEventLoop.processSelectedKeys(NioEventLoop.java:496)
	at org.apache.ratis.thirdparty.io.netty.channel.nio.NioEventLoop.run(NioEventLoop.java:458)
	at org.apache.ratis.thirdparty.io.netty.util.concurrent.SingleThreadEventExecutor$5.run(SingleThreadEventExecutor.java:897)
	at org.apache.ratis.thirdparty.io.netty.util.concurrent.FastThreadLocalRunnable.run(FastThreadLocalRunnable.java:30)
	... 1 more
Caused by: java.net.ConnectException: Connection refused
	... 11 more
2019-10-24 15:44:19,266 [af280123-6372-4d1f-a5d4-c36229a73203@group-75C85B6D1182-LeaderElection243] INFO  impl.RaftServerImpl (RaftServerImpl.java:setRole(184)) - af280123-6372-4d1f-a5d4-c36229a73203@group-75C85B6D1182: changes role from CANDIDATE to FOLLOWER at term 239 for DISCOVERED_A_NEW_TERM
2019-10-24 15:44:19,267 [af280123-6372-4d1f-a5d4-c36229a73203@group-75C85B6D1182-LeaderElection243] INFO  impl.RoleInfo (RoleInfo.java:shutdownLeaderElection(134)) - af280123-6372-4d1f-a5d4-c36229a73203: shutdown LeaderElection
2019-10-24 15:44:19,267 [af280123-6372-4d1f-a5d4-c36229a73203@group-75C85B6D1182-LeaderElection243] INFO  impl.RoleInfo (RoleInfo.java:updateAndGet(143)) - af280123-6372-4d1f-a5d4-c36229a73203: start FollowerState
2019-10-24 15:44:19,337 [java.util.concurrent.ThreadPoolExecutor$Worker@15849834[State = -1, empty queue]] WARN  server.GrpcLogAppender (GrpcLogAppender.java:timeoutAppendRequest(209)) - 2f81ded6-48e6-408d-9409-3cd44f70bee8@group-56059261E3EC->3a65ecdf-e32f-4548-a2e5-44ab823c11b3-GrpcLogAppender: appendEntries Timeout, request=2f81ded6-48e6-408d-9409-3cd44f70bee8->3a65ecdf-e32f-4548-a2e5-44ab823c11b3#68-t6, previous=(t:6, i:16), leaderCommit=16, initializing? false, entries: <empty>
2019-10-24 15:44:19,411 [Thread-2124] INFO  impl.FollowerState (FollowerState.java:run(108)) - af280123-6372-4d1f-a5d4-c36229a73203@group-75C85B6D1182-FollowerState: change to CANDIDATE, lastRpcTime:144ms, electionTimeout:144ms
2019-10-24 15:44:19,411 [Thread-2124] INFO  impl.RoleInfo (RoleInfo.java:shutdownFollowerState(121)) - af280123-6372-4d1f-a5d4-c36229a73203: shutdown FollowerState
2019-10-24 15:44:19,411 [Thread-2124] INFO  impl.RaftServerImpl (RaftServerImpl.java:setRole(184)) - af280123-6372-4d1f-a5d4-c36229a73203@group-75C85B6D1182: changes role from  FOLLOWER to CANDIDATE at term 239 for changeToCandidate
2019-10-24 15:44:19,411 [Thread-2124] INFO  impl.RoleInfo (RoleInfo.java:updateAndGet(143)) - af280123-6372-4d1f-a5d4-c36229a73203: start LeaderElection
2019-10-24 15:44:19,436 [af280123-6372-4d1f-a5d4-c36229a73203@group-75C85B6D1182-LeaderElection244] INFO  impl.LeaderElection (LeaderElection.java:askForVotes(178)) - af280123-6372-4d1f-a5d4-c36229a73203@group-75C85B6D1182-LeaderElection244: begin an election at term 240 for -1: [9092f221-0e0d-4970-bb84-cacd95020f21:192.168.164.213:41903, af280123-6372-4d1f-a5d4-c36229a73203:192.168.164.213:35334, b4ae536c-ed18-4717-a75c-ca4b5d6c4001:192.168.164.213:41180], old=null
2019-10-24 15:44:19,437 [af280123-6372-4d1f-a5d4-c36229a73203@group-75C85B6D1182-LeaderElection244] INFO  impl.LeaderElection (LogUtils.java:infoOrTrace(149)) - af280123-6372-4d1f-a5d4-c36229a73203@group-75C85B6D1182-LeaderElection244 got exception when requesting votes: {}
java.util.concurrent.ExecutionException: org.apache.ratis.thirdparty.io.grpc.StatusRuntimeException: UNAVAILABLE: io exception
	at java.util.concurrent.FutureTask.report(FutureTask.java:122)
	at java.util.concurrent.FutureTask.get(FutureTask.java:192)
	at org.apache.ratis.server.impl.LeaderElection.waitForResults(LeaderElection.java:259)
	at org.apache.ratis.server.impl.LeaderElection.askForVotes(LeaderElection.java:197)
	at org.apache.ratis.server.impl.LeaderElection.run(LeaderElection.java:133)
	at java.lang.Thread.run(Thread.java:748)
Caused by: org.apache.ratis.thirdparty.io.grpc.StatusRuntimeException: UNAVAILABLE: io exception
	at org.apache.ratis.thirdparty.io.grpc.stub.ClientCalls.toStatusRuntimeException(ClientCalls.java:233)
	at org.apache.ratis.thirdparty.io.grpc.stub.ClientCalls.getUnchecked(ClientCalls.java:214)
	at org.apache.ratis.thirdparty.io.grpc.stub.ClientCalls.blockingUnaryCall(ClientCalls.java:139)
	at org.apache.ratis.proto.grpc.RaftServerProtocolServiceGrpc$RaftServerProtocolServiceBlockingStub.requestVote(RaftServerProtocolServiceGrpc.java:265)
	at org.apache.ratis.grpc.server.GrpcServerProtocolClient.requestVote(GrpcServerProtocolClient.java:99)
	at org.apache.ratis.grpc.server.GrpcService.requestVote(GrpcService.java:204)
	at org.apache.ratis.server.impl.LeaderElection.lambda$submitRequests$1(LeaderElection.java:234)
	at java.util.concurrent.FutureTask.run(FutureTask.java:266)
	at java.util.concurrent.Executors$RunnableAdapter.call(Executors.java:511)
	at java.util.concurrent.FutureTask.run(FutureTask.java:266)
	at java.util.concurrent.ThreadPoolExecutor.runWorker(ThreadPoolExecutor.java:1149)
	at java.util.concurrent.ThreadPoolExecutor$Worker.run(ThreadPoolExecutor.java:624)
	... 1 more
Caused by: org.apache.ratis.thirdparty.io.netty.channel.AbstractChannel$AnnotatedConnectException: Connection refused: /192.168.164.213:41903
	at sun.nio.ch.SocketChannelImpl.checkConnect(Native Method)
	at sun.nio.ch.SocketChannelImpl.finishConnect(SocketChannelImpl.java:717)
	at org.apache.ratis.thirdparty.io.netty.channel.socket.nio.NioSocketChannel.doFinishConnect(NioSocketChannel.java:327)
	at org.apache.ratis.thirdparty.io.netty.channel.nio.AbstractNioChannel$AbstractNioUnsafe.finishConnect(AbstractNioChannel.java:340)
	at org.apache.ratis.thirdparty.io.netty.channel.nio.NioEventLoop.processSelectedKey(NioEventLoop.java:632)
	at org.apache.ratis.thirdparty.io.netty.channel.nio.NioEventLoop.processSelectedKeysOptimized(NioEventLoop.java:579)
	at org.apache.ratis.thirdparty.io.netty.channel.nio.NioEventLoop.processSelectedKeys(NioEventLoop.java:496)
	at org.apache.ratis.thirdparty.io.netty.channel.nio.NioEventLoop.run(NioEventLoop.java:458)
	at org.apache.ratis.thirdparty.io.netty.util.concurrent.SingleThreadEventExecutor$5.run(SingleThreadEventExecutor.java:897)
	at org.apache.ratis.thirdparty.io.netty.util.concurrent.FastThreadLocalRunnable.run(FastThreadLocalRunnable.java:30)
	... 1 more
Caused by: java.net.ConnectException: Connection refused
	... 11 more
2019-10-24 15:44:19,439 [grpc-default-executor-4] INFO  impl.RaftServerImpl (RaftServerImpl.java:setRole(184)) - b4ae536c-ed18-4717-a75c-ca4b5d6c4001@group-75C85B6D1182: changes role from  FOLLOWER to FOLLOWER at term 240 for recognizeCandidate:af280123-6372-4d1f-a5d4-c36229a73203
2019-10-24 15:44:19,439 [grpc-default-executor-4] INFO  impl.RoleInfo (RoleInfo.java:shutdownFollowerState(121)) - b4ae536c-ed18-4717-a75c-ca4b5d6c4001: shutdown FollowerState
2019-10-24 15:44:19,439 [grpc-default-executor-4] INFO  impl.RoleInfo (RoleInfo.java:updateAndGet(143)) - b4ae536c-ed18-4717-a75c-ca4b5d6c4001: start FollowerState
2019-10-24 15:44:19,439 [Thread-2123] INFO  impl.FollowerState (FollowerState.java:run(117)) - b4ae536c-ed18-4717-a75c-ca4b5d6c4001@group-75C85B6D1182-FollowerState was interrupted: java.lang.InterruptedException: sleep interrupted
2019-10-24 15:44:19,461 [af280123-6372-4d1f-a5d4-c36229a73203@group-75C85B6D1182-LeaderElection244] INFO  impl.LeaderElection (LeaderElection.java:logAndReturn(56)) - af280123-6372-4d1f-a5d4-c36229a73203@group-75C85B6D1182-LeaderElection244: Election REJECTED; received 1 response(s) [af280123-6372-4d1f-a5d4-c36229a73203<-b4ae536c-ed18-4717-a75c-ca4b5d6c4001#0:FAIL-t240] and 1 exception(s); af280123-6372-4d1f-a5d4-c36229a73203@group-75C85B6D1182:t240, leader=null, voted=af280123-6372-4d1f-a5d4-c36229a73203, raftlog=af280123-6372-4d1f-a5d4-c36229a73203@group-75C85B6D1182-SegmentedRaftLog:OPENED:c-1,f-1,i0, conf=-1: [9092f221-0e0d-4970-bb84-cacd95020f21:192.168.164.213:41903, af280123-6372-4d1f-a5d4-c36229a73203:192.168.164.213:35334, b4ae536c-ed18-4717-a75c-ca4b5d6c4001:192.168.164.213:41180], old=null
2019-10-24 15:44:19,461 [af280123-6372-4d1f-a5d4-c36229a73203@group-75C85B6D1182-LeaderElection244] INFO  impl.LeaderElection (LogUtils.java:infoOrTrace(149)) -   Exception 0: {}
java.util.concurrent.ExecutionException: org.apache.ratis.thirdparty.io.grpc.StatusRuntimeException: UNAVAILABLE: io exception
	at java.util.concurrent.FutureTask.report(FutureTask.java:122)
	at java.util.concurrent.FutureTask.get(FutureTask.java:192)
	at org.apache.ratis.server.impl.LeaderElection.waitForResults(LeaderElection.java:259)
	at org.apache.ratis.server.impl.LeaderElection.askForVotes(LeaderElection.java:197)
	at org.apache.ratis.server.impl.LeaderElection.run(LeaderElection.java:133)
	at java.lang.Thread.run(Thread.java:748)
Caused by: org.apache.ratis.thirdparty.io.grpc.StatusRuntimeException: UNAVAILABLE: io exception
	at org.apache.ratis.thirdparty.io.grpc.stub.ClientCalls.toStatusRuntimeException(ClientCalls.java:233)
	at org.apache.ratis.thirdparty.io.grpc.stub.ClientCalls.getUnchecked(ClientCalls.java:214)
	at org.apache.ratis.thirdparty.io.grpc.stub.ClientCalls.blockingUnaryCall(ClientCalls.java:139)
	at org.apache.ratis.proto.grpc.RaftServerProtocolServiceGrpc$RaftServerProtocolServiceBlockingStub.requestVote(RaftServerProtocolServiceGrpc.java:265)
	at org.apache.ratis.grpc.server.GrpcServerProtocolClient.requestVote(GrpcServerProtocolClient.java:99)
	at org.apache.ratis.grpc.server.GrpcService.requestVote(GrpcService.java:204)
	at org.apache.ratis.server.impl.LeaderElection.lambda$submitRequests$1(LeaderElection.java:234)
	at java.util.concurrent.FutureTask.run(FutureTask.java:266)
	at java.util.concurrent.Executors$RunnableAdapter.call(Executors.java:511)
	at java.util.concurrent.FutureTask.run(FutureTask.java:266)
	at java.util.concurrent.ThreadPoolExecutor.runWorker(ThreadPoolExecutor.java:1149)
	at java.util.concurrent.ThreadPoolExecutor$Worker.run(ThreadPoolExecutor.java:624)
	... 1 more
Caused by: org.apache.ratis.thirdparty.io.netty.channel.AbstractChannel$AnnotatedConnectException: Connection refused: /192.168.164.213:41903
	at sun.nio.ch.SocketChannelImpl.checkConnect(Native Method)
	at sun.nio.ch.SocketChannelImpl.finishConnect(SocketChannelImpl.java:717)
	at org.apache.ratis.thirdparty.io.netty.channel.socket.nio.NioSocketChannel.doFinishConnect(NioSocketChannel.java:327)
	at org.apache.ratis.thirdparty.io.netty.channel.nio.AbstractNioChannel$AbstractNioUnsafe.finishConnect(AbstractNioChannel.java:340)
	at org.apache.ratis.thirdparty.io.netty.channel.nio.NioEventLoop.processSelectedKey(NioEventLoop.java:632)
	at org.apache.ratis.thirdparty.io.netty.channel.nio.NioEventLoop.processSelectedKeysOptimized(NioEventLoop.java:579)
	at org.apache.ratis.thirdparty.io.netty.channel.nio.NioEventLoop.processSelectedKeys(NioEventLoop.java:496)
	at org.apache.ratis.thirdparty.io.netty.channel.nio.NioEventLoop.run(NioEventLoop.java:458)
	at org.apache.ratis.thirdparty.io.netty.util.concurrent.SingleThreadEventExecutor$5.run(SingleThreadEventExecutor.java:897)
	at org.apache.ratis.thirdparty.io.netty.util.concurrent.FastThreadLocalRunnable.run(FastThreadLocalRunnable.java:30)
	... 1 more
Caused by: java.net.ConnectException: Connection refused
	... 11 more
2019-10-24 15:44:19,462 [af280123-6372-4d1f-a5d4-c36229a73203@group-75C85B6D1182-LeaderElection244] INFO  impl.RaftServerImpl (RaftServerImpl.java:setRole(184)) - af280123-6372-4d1f-a5d4-c36229a73203@group-75C85B6D1182: changes role from CANDIDATE to FOLLOWER at term 240 for DISCOVERED_A_NEW_TERM
2019-10-24 15:44:19,462 [af280123-6372-4d1f-a5d4-c36229a73203@group-75C85B6D1182-LeaderElection244] INFO  impl.RoleInfo (RoleInfo.java:shutdownLeaderElection(134)) - af280123-6372-4d1f-a5d4-c36229a73203: shutdown LeaderElection
2019-10-24 15:44:19,462 [af280123-6372-4d1f-a5d4-c36229a73203@group-75C85B6D1182-LeaderElection244] INFO  impl.RoleInfo (RoleInfo.java:updateAndGet(143)) - af280123-6372-4d1f-a5d4-c36229a73203: start FollowerState
2019-10-24 15:44:19,586 [Thread-2130] INFO  impl.FollowerState (FollowerState.java:run(108)) - af280123-6372-4d1f-a5d4-c36229a73203@group-75C85B6D1182-FollowerState: change to CANDIDATE, lastRpcTime:124ms, electionTimeout:124ms
2019-10-24 15:44:19,587 [Thread-2130] INFO  impl.RoleInfo (RoleInfo.java:shutdownFollowerState(121)) - af280123-6372-4d1f-a5d4-c36229a73203: shutdown FollowerState
2019-10-24 15:44:19,587 [Thread-2130] INFO  impl.RaftServerImpl (RaftServerImpl.java:setRole(184)) - af280123-6372-4d1f-a5d4-c36229a73203@group-75C85B6D1182: changes role from  FOLLOWER to CANDIDATE at term 240 for changeToCandidate
2019-10-24 15:44:19,587 [Thread-2130] INFO  impl.RoleInfo (RoleInfo.java:updateAndGet(143)) - af280123-6372-4d1f-a5d4-c36229a73203: start LeaderElection
2019-10-24 15:44:19,600 [af280123-6372-4d1f-a5d4-c36229a73203@group-75C85B6D1182-LeaderElection245] INFO  impl.LeaderElection (LeaderElection.java:askForVotes(178)) - af280123-6372-4d1f-a5d4-c36229a73203@group-75C85B6D1182-LeaderElection245: begin an election at term 241 for -1: [9092f221-0e0d-4970-bb84-cacd95020f21:192.168.164.213:41903, af280123-6372-4d1f-a5d4-c36229a73203:192.168.164.213:35334, b4ae536c-ed18-4717-a75c-ca4b5d6c4001:192.168.164.213:41180], old=null
2019-10-24 15:44:19,601 [af280123-6372-4d1f-a5d4-c36229a73203@group-75C85B6D1182-LeaderElection245] INFO  impl.LeaderElection (LogUtils.java:infoOrTrace(149)) - af280123-6372-4d1f-a5d4-c36229a73203@group-75C85B6D1182-LeaderElection245 got exception when requesting votes: {}
java.util.concurrent.ExecutionException: org.apache.ratis.thirdparty.io.grpc.StatusRuntimeException: UNAVAILABLE: io exception
	at java.util.concurrent.FutureTask.report(FutureTask.java:122)
	at java.util.concurrent.FutureTask.get(FutureTask.java:192)
	at org.apache.ratis.server.impl.LeaderElection.waitForResults(LeaderElection.java:259)
	at org.apache.ratis.server.impl.LeaderElection.askForVotes(LeaderElection.java:197)
	at org.apache.ratis.server.impl.LeaderElection.run(LeaderElection.java:133)
	at java.lang.Thread.run(Thread.java:748)
Caused by: org.apache.ratis.thirdparty.io.grpc.StatusRuntimeException: UNAVAILABLE: io exception
	at org.apache.ratis.thirdparty.io.grpc.stub.ClientCalls.toStatusRuntimeException(ClientCalls.java:233)
	at org.apache.ratis.thirdparty.io.grpc.stub.ClientCalls.getUnchecked(ClientCalls.java:214)
	at org.apache.ratis.thirdparty.io.grpc.stub.ClientCalls.blockingUnaryCall(ClientCalls.java:139)
	at org.apache.ratis.proto.grpc.RaftServerProtocolServiceGrpc$RaftServerProtocolServiceBlockingStub.requestVote(RaftServerProtocolServiceGrpc.java:265)
	at org.apache.ratis.grpc.server.GrpcServerProtocolClient.requestVote(GrpcServerProtocolClient.java:99)
	at org.apache.ratis.grpc.server.GrpcService.requestVote(GrpcService.java:204)
	at org.apache.ratis.server.impl.LeaderElection.lambda$submitRequests$1(LeaderElection.java:234)
	at java.util.concurrent.FutureTask.run(FutureTask.java:266)
	at java.util.concurrent.Executors$RunnableAdapter.call(Executors.java:511)
	at java.util.concurrent.FutureTask.run(FutureTask.java:266)
	at java.util.concurrent.ThreadPoolExecutor.runWorker(ThreadPoolExecutor.java:1149)
	at java.util.concurrent.ThreadPoolExecutor$Worker.run(ThreadPoolExecutor.java:624)
	... 1 more
Caused by: org.apache.ratis.thirdparty.io.netty.channel.AbstractChannel$AnnotatedConnectException: Connection refused: /192.168.164.213:41903
	at sun.nio.ch.SocketChannelImpl.checkConnect(Native Method)
	at sun.nio.ch.SocketChannelImpl.finishConnect(SocketChannelImpl.java:717)
	at org.apache.ratis.thirdparty.io.netty.channel.socket.nio.NioSocketChannel.doFinishConnect(NioSocketChannel.java:327)
	at org.apache.ratis.thirdparty.io.netty.channel.nio.AbstractNioChannel$AbstractNioUnsafe.finishConnect(AbstractNioChannel.java:340)
	at org.apache.ratis.thirdparty.io.netty.channel.nio.NioEventLoop.processSelectedKey(NioEventLoop.java:632)
	at org.apache.ratis.thirdparty.io.netty.channel.nio.NioEventLoop.processSelectedKeysOptimized(NioEventLoop.java:579)
	at org.apache.ratis.thirdparty.io.netty.channel.nio.NioEventLoop.processSelectedKeys(NioEventLoop.java:496)
	at org.apache.ratis.thirdparty.io.netty.channel.nio.NioEventLoop.run(NioEventLoop.java:458)
	at org.apache.ratis.thirdparty.io.netty.util.concurrent.SingleThreadEventExecutor$5.run(SingleThreadEventExecutor.java:897)
	at org.apache.ratis.thirdparty.io.netty.util.concurrent.FastThreadLocalRunnable.run(FastThreadLocalRunnable.java:30)
	... 1 more
Caused by: java.net.ConnectException: Connection refused
	... 11 more
2019-10-24 15:44:19,603 [grpc-default-executor-4] INFO  impl.RaftServerImpl (RaftServerImpl.java:setRole(184)) - b4ae536c-ed18-4717-a75c-ca4b5d6c4001@group-75C85B6D1182: changes role from  FOLLOWER to FOLLOWER at term 241 for recognizeCandidate:af280123-6372-4d1f-a5d4-c36229a73203
2019-10-24 15:44:19,603 [grpc-default-executor-4] INFO  impl.RoleInfo (RoleInfo.java:shutdownFollowerState(121)) - b4ae536c-ed18-4717-a75c-ca4b5d6c4001: shutdown FollowerState
2019-10-24 15:44:19,603 [grpc-default-executor-4] INFO  impl.RoleInfo (RoleInfo.java:updateAndGet(143)) - b4ae536c-ed18-4717-a75c-ca4b5d6c4001: start FollowerState
2019-10-24 15:44:19,603 [Thread-2129] INFO  impl.FollowerState (FollowerState.java:run(117)) - b4ae536c-ed18-4717-a75c-ca4b5d6c4001@group-75C85B6D1182-FollowerState was interrupted: java.lang.InterruptedException: sleep interrupted
2019-10-24 15:44:19,625 [af280123-6372-4d1f-a5d4-c36229a73203@group-75C85B6D1182-LeaderElection245] INFO  impl.LeaderElection (LeaderElection.java:logAndReturn(56)) - af280123-6372-4d1f-a5d4-c36229a73203@group-75C85B6D1182-LeaderElection245: Election REJECTED; received 1 response(s) [af280123-6372-4d1f-a5d4-c36229a73203<-b4ae536c-ed18-4717-a75c-ca4b5d6c4001#0:FAIL-t241] and 1 exception(s); af280123-6372-4d1f-a5d4-c36229a73203@group-75C85B6D1182:t241, leader=null, voted=af280123-6372-4d1f-a5d4-c36229a73203, raftlog=af280123-6372-4d1f-a5d4-c36229a73203@group-75C85B6D1182-SegmentedRaftLog:OPENED:c-1,f-1,i0, conf=-1: [9092f221-0e0d-4970-bb84-cacd95020f21:192.168.164.213:41903, af280123-6372-4d1f-a5d4-c36229a73203:192.168.164.213:35334, b4ae536c-ed18-4717-a75c-ca4b5d6c4001:192.168.164.213:41180], old=null
2019-10-24 15:44:19,625 [af280123-6372-4d1f-a5d4-c36229a73203@group-75C85B6D1182-LeaderElection245] INFO  impl.LeaderElection (LogUtils.java:infoOrTrace(149)) -   Exception 0: {}
java.util.concurrent.ExecutionException: org.apache.ratis.thirdparty.io.grpc.StatusRuntimeException: UNAVAILABLE: io exception
	at java.util.concurrent.FutureTask.report(FutureTask.java:122)
	at java.util.concurrent.FutureTask.get(FutureTask.java:192)
	at org.apache.ratis.server.impl.LeaderElection.waitForResults(LeaderElection.java:259)
	at org.apache.ratis.server.impl.LeaderElection.askForVotes(LeaderElection.java:197)
	at org.apache.ratis.server.impl.LeaderElection.run(LeaderElection.java:133)
	at java.lang.Thread.run(Thread.java:748)
Caused by: org.apache.ratis.thirdparty.io.grpc.StatusRuntimeException: UNAVAILABLE: io exception
	at org.apache.ratis.thirdparty.io.grpc.stub.ClientCalls.toStatusRuntimeException(ClientCalls.java:233)
	at org.apache.ratis.thirdparty.io.grpc.stub.ClientCalls.getUnchecked(ClientCalls.java:214)
	at org.apache.ratis.thirdparty.io.grpc.stub.ClientCalls.blockingUnaryCall(ClientCalls.java:139)
	at org.apache.ratis.proto.grpc.RaftServerProtocolServiceGrpc$RaftServerProtocolServiceBlockingStub.requestVote(RaftServerProtocolServiceGrpc.java:265)
	at org.apache.ratis.grpc.server.GrpcServerProtocolClient.requestVote(GrpcServerProtocolClient.java:99)
	at org.apache.ratis.grpc.server.GrpcService.requestVote(GrpcService.java:204)
	at org.apache.ratis.server.impl.LeaderElection.lambda$submitRequests$1(LeaderElection.java:234)
	at java.util.concurrent.FutureTask.run(FutureTask.java:266)
	at java.util.concurrent.Executors$RunnableAdapter.call(Executors.java:511)
	at java.util.concurrent.FutureTask.run(FutureTask.java:266)
	at java.util.concurrent.ThreadPoolExecutor.runWorker(ThreadPoolExecutor.java:1149)
	at java.util.concurrent.ThreadPoolExecutor$Worker.run(ThreadPoolExecutor.java:624)
	... 1 more
Caused by: org.apache.ratis.thirdparty.io.netty.channel.AbstractChannel$AnnotatedConnectException: Connection refused: /192.168.164.213:41903
	at sun.nio.ch.SocketChannelImpl.checkConnect(Native Method)
	at sun.nio.ch.SocketChannelImpl.finishConnect(SocketChannelImpl.java:717)
	at org.apache.ratis.thirdparty.io.netty.channel.socket.nio.NioSocketChannel.doFinishConnect(NioSocketChannel.java:327)
	at org.apache.ratis.thirdparty.io.netty.channel.nio.AbstractNioChannel$AbstractNioUnsafe.finishConnect(AbstractNioChannel.java:340)
	at org.apache.ratis.thirdparty.io.netty.channel.nio.NioEventLoop.processSelectedKey(NioEventLoop.java:632)
	at org.apache.ratis.thirdparty.io.netty.channel.nio.NioEventLoop.processSelectedKeysOptimized(NioEventLoop.java:579)
	at org.apache.ratis.thirdparty.io.netty.channel.nio.NioEventLoop.processSelectedKeys(NioEventLoop.java:496)
	at org.apache.ratis.thirdparty.io.netty.channel.nio.NioEventLoop.run(NioEventLoop.java:458)
	at org.apache.ratis.thirdparty.io.netty.util.concurrent.SingleThreadEventExecutor$5.run(SingleThreadEventExecutor.java:897)
	at org.apache.ratis.thirdparty.io.netty.util.concurrent.FastThreadLocalRunnable.run(FastThreadLocalRunnable.java:30)
	... 1 more
Caused by: java.net.ConnectException: Connection refused
	... 11 more
2019-10-24 15:44:19,626 [af280123-6372-4d1f-a5d4-c36229a73203@group-75C85B6D1182-LeaderElection245] INFO  impl.RaftServerImpl (RaftServerImpl.java:setRole(184)) - af280123-6372-4d1f-a5d4-c36229a73203@group-75C85B6D1182: changes role from CANDIDATE to FOLLOWER at term 241 for DISCOVERED_A_NEW_TERM
2019-10-24 15:44:19,626 [af280123-6372-4d1f-a5d4-c36229a73203@group-75C85B6D1182-LeaderElection245] INFO  impl.RoleInfo (RoleInfo.java:shutdownLeaderElection(134)) - af280123-6372-4d1f-a5d4-c36229a73203: shutdown LeaderElection
2019-10-24 15:44:19,626 [af280123-6372-4d1f-a5d4-c36229a73203@group-75C85B6D1182-LeaderElection245] INFO  impl.RoleInfo (RoleInfo.java:updateAndGet(143)) - af280123-6372-4d1f-a5d4-c36229a73203: start FollowerState
2019-10-24 15:44:19,689 [Thread-2135] INFO  impl.FollowerState (FollowerState.java:run(108)) - af280123-6372-4d1f-a5d4-c36229a73203@group-75C85B6D1182-FollowerState: change to CANDIDATE, lastRpcTime:62ms, electionTimeout:62ms
2019-10-24 15:44:19,689 [Thread-2135] INFO  impl.RoleInfo (RoleInfo.java:shutdownFollowerState(121)) - af280123-6372-4d1f-a5d4-c36229a73203: shutdown FollowerState
2019-10-24 15:44:19,689 [Thread-2135] INFO  impl.RaftServerImpl (RaftServerImpl.java:setRole(184)) - af280123-6372-4d1f-a5d4-c36229a73203@group-75C85B6D1182: changes role from  FOLLOWER to CANDIDATE at term 241 for changeToCandidate
2019-10-24 15:44:19,689 [Thread-2135] INFO  impl.RoleInfo (RoleInfo.java:updateAndGet(143)) - af280123-6372-4d1f-a5d4-c36229a73203: start LeaderElection
2019-10-24 15:44:19,706 [af280123-6372-4d1f-a5d4-c36229a73203@group-75C85B6D1182-LeaderElection246] INFO  impl.LeaderElection (LeaderElection.java:askForVotes(178)) - af280123-6372-4d1f-a5d4-c36229a73203@group-75C85B6D1182-LeaderElection246: begin an election at term 242 for -1: [9092f221-0e0d-4970-bb84-cacd95020f21:192.168.164.213:41903, af280123-6372-4d1f-a5d4-c36229a73203:192.168.164.213:35334, b4ae536c-ed18-4717-a75c-ca4b5d6c4001:192.168.164.213:41180], old=null
2019-10-24 15:44:19,707 [af280123-6372-4d1f-a5d4-c36229a73203@group-75C85B6D1182-LeaderElection246] INFO  impl.LeaderElection (LogUtils.java:infoOrTrace(149)) - af280123-6372-4d1f-a5d4-c36229a73203@group-75C85B6D1182-LeaderElection246 got exception when requesting votes: {}
java.util.concurrent.ExecutionException: org.apache.ratis.thirdparty.io.grpc.StatusRuntimeException: UNAVAILABLE: io exception
	at java.util.concurrent.FutureTask.report(FutureTask.java:122)
	at java.util.concurrent.FutureTask.get(FutureTask.java:192)
	at org.apache.ratis.server.impl.LeaderElection.waitForResults(LeaderElection.java:259)
	at org.apache.ratis.server.impl.LeaderElection.askForVotes(LeaderElection.java:197)
	at org.apache.ratis.server.impl.LeaderElection.run(LeaderElection.java:133)
	at java.lang.Thread.run(Thread.java:748)
Caused by: org.apache.ratis.thirdparty.io.grpc.StatusRuntimeException: UNAVAILABLE: io exception
	at org.apache.ratis.thirdparty.io.grpc.stub.ClientCalls.toStatusRuntimeException(ClientCalls.java:233)
	at org.apache.ratis.thirdparty.io.grpc.stub.ClientCalls.getUnchecked(ClientCalls.java:214)
	at org.apache.ratis.thirdparty.io.grpc.stub.ClientCalls.blockingUnaryCall(ClientCalls.java:139)
	at org.apache.ratis.proto.grpc.RaftServerProtocolServiceGrpc$RaftServerProtocolServiceBlockingStub.requestVote(RaftServerProtocolServiceGrpc.java:265)
	at org.apache.ratis.grpc.server.GrpcServerProtocolClient.requestVote(GrpcServerProtocolClient.java:99)
	at org.apache.ratis.grpc.server.GrpcService.requestVote(GrpcService.java:204)
	at org.apache.ratis.server.impl.LeaderElection.lambda$submitRequests$1(LeaderElection.java:234)
	at java.util.concurrent.FutureTask.run(FutureTask.java:266)
	at java.util.concurrent.Executors$RunnableAdapter.call(Executors.java:511)
	at java.util.concurrent.FutureTask.run(FutureTask.java:266)
	at java.util.concurrent.ThreadPoolExecutor.runWorker(ThreadPoolExecutor.java:1149)
	at java.util.concurrent.ThreadPoolExecutor$Worker.run(ThreadPoolExecutor.java:624)
	... 1 more
Caused by: org.apache.ratis.thirdparty.io.netty.channel.AbstractChannel$AnnotatedConnectException: Connection refused: /192.168.164.213:41903
	at sun.nio.ch.SocketChannelImpl.checkConnect(Native Method)
	at sun.nio.ch.SocketChannelImpl.finishConnect(SocketChannelImpl.java:717)
	at org.apache.ratis.thirdparty.io.netty.channel.socket.nio.NioSocketChannel.doFinishConnect(NioSocketChannel.java:327)
	at org.apache.ratis.thirdparty.io.netty.channel.nio.AbstractNioChannel$AbstractNioUnsafe.finishConnect(AbstractNioChannel.java:340)
	at org.apache.ratis.thirdparty.io.netty.channel.nio.NioEventLoop.processSelectedKey(NioEventLoop.java:632)
	at org.apache.ratis.thirdparty.io.netty.channel.nio.NioEventLoop.processSelectedKeysOptimized(NioEventLoop.java:579)
	at org.apache.ratis.thirdparty.io.netty.channel.nio.NioEventLoop.processSelectedKeys(NioEventLoop.java:496)
	at org.apache.ratis.thirdparty.io.netty.channel.nio.NioEventLoop.run(NioEventLoop.java:458)
	at org.apache.ratis.thirdparty.io.netty.util.concurrent.SingleThreadEventExecutor$5.run(SingleThreadEventExecutor.java:897)
	at org.apache.ratis.thirdparty.io.netty.util.concurrent.FastThreadLocalRunnable.run(FastThreadLocalRunnable.java:30)
	... 1 more
Caused by: java.net.ConnectException: Connection refused
	... 11 more
2019-10-24 15:44:19,708 [grpc-default-executor-4] INFO  impl.RaftServerImpl (RaftServerImpl.java:setRole(184)) - b4ae536c-ed18-4717-a75c-ca4b5d6c4001@group-75C85B6D1182: changes role from  FOLLOWER to FOLLOWER at term 242 for recognizeCandidate:af280123-6372-4d1f-a5d4-c36229a73203
2019-10-24 15:44:19,708 [grpc-default-executor-4] INFO  impl.RoleInfo (RoleInfo.java:shutdownFollowerState(121)) - b4ae536c-ed18-4717-a75c-ca4b5d6c4001: shutdown FollowerState
2019-10-24 15:44:19,708 [grpc-default-executor-4] INFO  impl.RoleInfo (RoleInfo.java:updateAndGet(143)) - b4ae536c-ed18-4717-a75c-ca4b5d6c4001: start FollowerState
2019-10-24 15:44:19,708 [Thread-2134] INFO  impl.FollowerState (FollowerState.java:run(117)) - b4ae536c-ed18-4717-a75c-ca4b5d6c4001@group-75C85B6D1182-FollowerState was interrupted: java.lang.InterruptedException: sleep interrupted
2019-10-24 15:44:19,722 [af280123-6372-4d1f-a5d4-c36229a73203@group-75C85B6D1182-LeaderElection246] INFO  impl.LeaderElection (LeaderElection.java:logAndReturn(56)) - af280123-6372-4d1f-a5d4-c36229a73203@group-75C85B6D1182-LeaderElection246: Election REJECTED; received 1 response(s) [af280123-6372-4d1f-a5d4-c36229a73203<-b4ae536c-ed18-4717-a75c-ca4b5d6c4001#0:FAIL-t242] and 1 exception(s); af280123-6372-4d1f-a5d4-c36229a73203@group-75C85B6D1182:t242, leader=null, voted=af280123-6372-4d1f-a5d4-c36229a73203, raftlog=af280123-6372-4d1f-a5d4-c36229a73203@group-75C85B6D1182-SegmentedRaftLog:OPENED:c-1,f-1,i0, conf=-1: [9092f221-0e0d-4970-bb84-cacd95020f21:192.168.164.213:41903, af280123-6372-4d1f-a5d4-c36229a73203:192.168.164.213:35334, b4ae536c-ed18-4717-a75c-ca4b5d6c4001:192.168.164.213:41180], old=null
2019-10-24 15:44:19,722 [af280123-6372-4d1f-a5d4-c36229a73203@group-75C85B6D1182-LeaderElection246] INFO  impl.LeaderElection (LogUtils.java:infoOrTrace(149)) -   Exception 0: {}
java.util.concurrent.ExecutionException: org.apache.ratis.thirdparty.io.grpc.StatusRuntimeException: UNAVAILABLE: io exception
	at java.util.concurrent.FutureTask.report(FutureTask.java:122)
	at java.util.concurrent.FutureTask.get(FutureTask.java:192)
	at org.apache.ratis.server.impl.LeaderElection.waitForResults(LeaderElection.java:259)
	at org.apache.ratis.server.impl.LeaderElection.askForVotes(LeaderElection.java:197)
	at org.apache.ratis.server.impl.LeaderElection.run(LeaderElection.java:133)
	at java.lang.Thread.run(Thread.java:748)
Caused by: org.apache.ratis.thirdparty.io.grpc.StatusRuntimeException: UNAVAILABLE: io exception
	at org.apache.ratis.thirdparty.io.grpc.stub.ClientCalls.toStatusRuntimeException(ClientCalls.java:233)
	at org.apache.ratis.thirdparty.io.grpc.stub.ClientCalls.getUnchecked(ClientCalls.java:214)
	at org.apache.ratis.thirdparty.io.grpc.stub.ClientCalls.blockingUnaryCall(ClientCalls.java:139)
	at org.apache.ratis.proto.grpc.RaftServerProtocolServiceGrpc$RaftServerProtocolServiceBlockingStub.requestVote(RaftServerProtocolServiceGrpc.java:265)
	at org.apache.ratis.grpc.server.GrpcServerProtocolClient.requestVote(GrpcServerProtocolClient.java:99)
	at org.apache.ratis.grpc.server.GrpcService.requestVote(GrpcService.java:204)
	at org.apache.ratis.server.impl.LeaderElection.lambda$submitRequests$1(LeaderElection.java:234)
	at java.util.concurrent.FutureTask.run(FutureTask.java:266)
	at java.util.concurrent.Executors$RunnableAdapter.call(Executors.java:511)
	at java.util.concurrent.FutureTask.run(FutureTask.java:266)
	at java.util.concurrent.ThreadPoolExecutor.runWorker(ThreadPoolExecutor.java:1149)
	at java.util.concurrent.ThreadPoolExecutor$Worker.run(ThreadPoolExecutor.java:624)
	... 1 more
Caused by: org.apache.ratis.thirdparty.io.netty.channel.AbstractChannel$AnnotatedConnectException: Connection refused: /192.168.164.213:41903
	at sun.nio.ch.SocketChannelImpl.checkConnect(Native Method)
	at sun.nio.ch.SocketChannelImpl.finishConnect(SocketChannelImpl.java:717)
	at org.apache.ratis.thirdparty.io.netty.channel.socket.nio.NioSocketChannel.doFinishConnect(NioSocketChannel.java:327)
	at org.apache.ratis.thirdparty.io.netty.channel.nio.AbstractNioChannel$AbstractNioUnsafe.finishConnect(AbstractNioChannel.java:340)
	at org.apache.ratis.thirdparty.io.netty.channel.nio.NioEventLoop.processSelectedKey(NioEventLoop.java:632)
	at org.apache.ratis.thirdparty.io.netty.channel.nio.NioEventLoop.processSelectedKeysOptimized(NioEventLoop.java:579)
	at org.apache.ratis.thirdparty.io.netty.channel.nio.NioEventLoop.processSelectedKeys(NioEventLoop.java:496)
	at org.apache.ratis.thirdparty.io.netty.channel.nio.NioEventLoop.run(NioEventLoop.java:458)
	at org.apache.ratis.thirdparty.io.netty.util.concurrent.SingleThreadEventExecutor$5.run(SingleThreadEventExecutor.java:897)
	at org.apache.ratis.thirdparty.io.netty.util.concurrent.FastThreadLocalRunnable.run(FastThreadLocalRunnable.java:30)
	... 1 more
Caused by: java.net.ConnectException: Connection refused
	... 11 more
2019-10-24 15:44:19,723 [af280123-6372-4d1f-a5d4-c36229a73203@group-75C85B6D1182-LeaderElection246] INFO  impl.RaftServerImpl (RaftServerImpl.java:setRole(184)) - af280123-6372-4d1f-a5d4-c36229a73203@group-75C85B6D1182: changes role from CANDIDATE to FOLLOWER at term 242 for DISCOVERED_A_NEW_TERM
2019-10-24 15:44:19,723 [af280123-6372-4d1f-a5d4-c36229a73203@group-75C85B6D1182-LeaderElection246] INFO  impl.RoleInfo (RoleInfo.java:shutdownLeaderElection(134)) - af280123-6372-4d1f-a5d4-c36229a73203: shutdown LeaderElection
2019-10-24 15:44:19,723 [af280123-6372-4d1f-a5d4-c36229a73203@group-75C85B6D1182-LeaderElection246] INFO  impl.RoleInfo (RoleInfo.java:updateAndGet(143)) - af280123-6372-4d1f-a5d4-c36229a73203: start FollowerState
2019-10-24 15:44:19,783 [Thread-2140] INFO  impl.FollowerState (FollowerState.java:run(108)) - af280123-6372-4d1f-a5d4-c36229a73203@group-75C85B6D1182-FollowerState: change to CANDIDATE, lastRpcTime:60ms, electionTimeout:60ms
2019-10-24 15:44:19,783 [Thread-2140] INFO  impl.RoleInfo (RoleInfo.java:shutdownFollowerState(121)) - af280123-6372-4d1f-a5d4-c36229a73203: shutdown FollowerState
2019-10-24 15:44:19,784 [Thread-2140] INFO  impl.RaftServerImpl (RaftServerImpl.java:setRole(184)) - af280123-6372-4d1f-a5d4-c36229a73203@group-75C85B6D1182: changes role from  FOLLOWER to CANDIDATE at term 242 for changeToCandidate
2019-10-24 15:44:19,784 [Thread-2140] INFO  impl.RoleInfo (RoleInfo.java:updateAndGet(143)) - af280123-6372-4d1f-a5d4-c36229a73203: start LeaderElection
2019-10-24 15:44:19,797 [af280123-6372-4d1f-a5d4-c36229a73203@group-75C85B6D1182-LeaderElection247] INFO  impl.LeaderElection (LeaderElection.java:askForVotes(178)) - af280123-6372-4d1f-a5d4-c36229a73203@group-75C85B6D1182-LeaderElection247: begin an election at term 243 for -1: [9092f221-0e0d-4970-bb84-cacd95020f21:192.168.164.213:41903, af280123-6372-4d1f-a5d4-c36229a73203:192.168.164.213:35334, b4ae536c-ed18-4717-a75c-ca4b5d6c4001:192.168.164.213:41180], old=null
2019-10-24 15:44:19,798 [af280123-6372-4d1f-a5d4-c36229a73203@group-75C85B6D1182-LeaderElection247] INFO  impl.LeaderElection (LogUtils.java:infoOrTrace(149)) - af280123-6372-4d1f-a5d4-c36229a73203@group-75C85B6D1182-LeaderElection247 got exception when requesting votes: {}
java.util.concurrent.ExecutionException: org.apache.ratis.thirdparty.io.grpc.StatusRuntimeException: UNAVAILABLE: io exception
	at java.util.concurrent.FutureTask.report(FutureTask.java:122)
	at java.util.concurrent.FutureTask.get(FutureTask.java:192)
	at org.apache.ratis.server.impl.LeaderElection.waitForResults(LeaderElection.java:259)
	at org.apache.ratis.server.impl.LeaderElection.askForVotes(LeaderElection.java:197)
	at org.apache.ratis.server.impl.LeaderElection.run(LeaderElection.java:133)
	at java.lang.Thread.run(Thread.java:748)
Caused by: org.apache.ratis.thirdparty.io.grpc.StatusRuntimeException: UNAVAILABLE: io exception
	at org.apache.ratis.thirdparty.io.grpc.stub.ClientCalls.toStatusRuntimeException(ClientCalls.java:233)
	at org.apache.ratis.thirdparty.io.grpc.stub.ClientCalls.getUnchecked(ClientCalls.java:214)
	at org.apache.ratis.thirdparty.io.grpc.stub.ClientCalls.blockingUnaryCall(ClientCalls.java:139)
	at org.apache.ratis.proto.grpc.RaftServerProtocolServiceGrpc$RaftServerProtocolServiceBlockingStub.requestVote(RaftServerProtocolServiceGrpc.java:265)
	at org.apache.ratis.grpc.server.GrpcServerProtocolClient.requestVote(GrpcServerProtocolClient.java:99)
	at org.apache.ratis.grpc.server.GrpcService.requestVote(GrpcService.java:204)
	at org.apache.ratis.server.impl.LeaderElection.lambda$submitRequests$1(LeaderElection.java:234)
	at java.util.concurrent.FutureTask.run(FutureTask.java:266)
	at java.util.concurrent.Executors$RunnableAdapter.call(Executors.java:511)
	at java.util.concurrent.FutureTask.run(FutureTask.java:266)
	at java.util.concurrent.ThreadPoolExecutor.runWorker(ThreadPoolExecutor.java:1149)
	at java.util.concurrent.ThreadPoolExecutor$Worker.run(ThreadPoolExecutor.java:624)
	... 1 more
Caused by: org.apache.ratis.thirdparty.io.netty.channel.AbstractChannel$AnnotatedConnectException: Connection refused: /192.168.164.213:41903
	at sun.nio.ch.SocketChannelImpl.checkConnect(Native Method)
	at sun.nio.ch.SocketChannelImpl.finishConnect(SocketChannelImpl.java:717)
	at org.apache.ratis.thirdparty.io.netty.channel.socket.nio.NioSocketChannel.doFinishConnect(NioSocketChannel.java:327)
	at org.apache.ratis.thirdparty.io.netty.channel.nio.AbstractNioChannel$AbstractNioUnsafe.finishConnect(AbstractNioChannel.java:340)
	at org.apache.ratis.thirdparty.io.netty.channel.nio.NioEventLoop.processSelectedKey(NioEventLoop.java:632)
	at org.apache.ratis.thirdparty.io.netty.channel.nio.NioEventLoop.processSelectedKeysOptimized(NioEventLoop.java:579)
	at org.apache.ratis.thirdparty.io.netty.channel.nio.NioEventLoop.processSelectedKeys(NioEventLoop.java:496)
	at org.apache.ratis.thirdparty.io.netty.channel.nio.NioEventLoop.run(NioEventLoop.java:458)
	at org.apache.ratis.thirdparty.io.netty.util.concurrent.SingleThreadEventExecutor$5.run(SingleThreadEventExecutor.java:897)
	at org.apache.ratis.thirdparty.io.netty.util.concurrent.FastThreadLocalRunnable.run(FastThreadLocalRunnable.java:30)
	... 1 more
Caused by: java.net.ConnectException: Connection refused
	... 11 more
2019-10-24 15:44:19,799 [grpc-default-executor-4] INFO  impl.RaftServerImpl (RaftServerImpl.java:setRole(184)) - b4ae536c-ed18-4717-a75c-ca4b5d6c4001@group-75C85B6D1182: changes role from  FOLLOWER to FOLLOWER at term 243 for recognizeCandidate:af280123-6372-4d1f-a5d4-c36229a73203
2019-10-24 15:44:19,799 [grpc-default-executor-4] INFO  impl.RoleInfo (RoleInfo.java:shutdownFollowerState(121)) - b4ae536c-ed18-4717-a75c-ca4b5d6c4001: shutdown FollowerState
2019-10-24 15:44:19,799 [grpc-default-executor-4] INFO  impl.RoleInfo (RoleInfo.java:updateAndGet(143)) - b4ae536c-ed18-4717-a75c-ca4b5d6c4001: start FollowerState
2019-10-24 15:44:19,800 [Thread-2139] INFO  impl.FollowerState (FollowerState.java:run(117)) - b4ae536c-ed18-4717-a75c-ca4b5d6c4001@group-75C85B6D1182-FollowerState was interrupted: java.lang.InterruptedException: sleep interrupted
2019-10-24 15:44:19,813 [af280123-6372-4d1f-a5d4-c36229a73203@group-75C85B6D1182-LeaderElection247] INFO  impl.LeaderElection (LeaderElection.java:logAndReturn(56)) - af280123-6372-4d1f-a5d4-c36229a73203@group-75C85B6D1182-LeaderElection247: Election REJECTED; received 1 response(s) [af280123-6372-4d1f-a5d4-c36229a73203<-b4ae536c-ed18-4717-a75c-ca4b5d6c4001#0:FAIL-t243] and 1 exception(s); af280123-6372-4d1f-a5d4-c36229a73203@group-75C85B6D1182:t243, leader=null, voted=af280123-6372-4d1f-a5d4-c36229a73203, raftlog=af280123-6372-4d1f-a5d4-c36229a73203@group-75C85B6D1182-SegmentedRaftLog:OPENED:c-1,f-1,i0, conf=-1: [9092f221-0e0d-4970-bb84-cacd95020f21:192.168.164.213:41903, af280123-6372-4d1f-a5d4-c36229a73203:192.168.164.213:35334, b4ae536c-ed18-4717-a75c-ca4b5d6c4001:192.168.164.213:41180], old=null
2019-10-24 15:44:19,813 [af280123-6372-4d1f-a5d4-c36229a73203@group-75C85B6D1182-LeaderElection247] INFO  impl.LeaderElection (LogUtils.java:infoOrTrace(149)) -   Exception 0: {}
java.util.concurrent.ExecutionException: org.apache.ratis.thirdparty.io.grpc.StatusRuntimeException: UNAVAILABLE: io exception
	at java.util.concurrent.FutureTask.report(FutureTask.java:122)
	at java.util.concurrent.FutureTask.get(FutureTask.java:192)
	at org.apache.ratis.server.impl.LeaderElection.waitForResults(LeaderElection.java:259)
	at org.apache.ratis.server.impl.LeaderElection.askForVotes(LeaderElection.java:197)
	at org.apache.ratis.server.impl.LeaderElection.run(LeaderElection.java:133)
	at java.lang.Thread.run(Thread.java:748)
Caused by: org.apache.ratis.thirdparty.io.grpc.StatusRuntimeException: UNAVAILABLE: io exception
	at org.apache.ratis.thirdparty.io.grpc.stub.ClientCalls.toStatusRuntimeException(ClientCalls.java:233)
	at org.apache.ratis.thirdparty.io.grpc.stub.ClientCalls.getUnchecked(ClientCalls.java:214)
	at org.apache.ratis.thirdparty.io.grpc.stub.ClientCalls.blockingUnaryCall(ClientCalls.java:139)
	at org.apache.ratis.proto.grpc.RaftServerProtocolServiceGrpc$RaftServerProtocolServiceBlockingStub.requestVote(RaftServerProtocolServiceGrpc.java:265)
	at org.apache.ratis.grpc.server.GrpcServerProtocolClient.requestVote(GrpcServerProtocolClient.java:99)
	at org.apache.ratis.grpc.server.GrpcService.requestVote(GrpcService.java:204)
	at org.apache.ratis.server.impl.LeaderElection.lambda$submitRequests$1(LeaderElection.java:234)
	at java.util.concurrent.FutureTask.run(FutureTask.java:266)
	at java.util.concurrent.Executors$RunnableAdapter.call(Executors.java:511)
	at java.util.concurrent.FutureTask.run(FutureTask.java:266)
	at java.util.concurrent.ThreadPoolExecutor.runWorker(ThreadPoolExecutor.java:1149)
	at java.util.concurrent.ThreadPoolExecutor$Worker.run(ThreadPoolExecutor.java:624)
	... 1 more
Caused by: org.apache.ratis.thirdparty.io.netty.channel.AbstractChannel$AnnotatedConnectException: Connection refused: /192.168.164.213:41903
	at sun.nio.ch.SocketChannelImpl.checkConnect(Native Method)
	at sun.nio.ch.SocketChannelImpl.finishConnect(SocketChannelImpl.java:717)
	at org.apache.ratis.thirdparty.io.netty.channel.socket.nio.NioSocketChannel.doFinishConnect(NioSocketChannel.java:327)
	at org.apache.ratis.thirdparty.io.netty.channel.nio.AbstractNioChannel$AbstractNioUnsafe.finishConnect(AbstractNioChannel.java:340)
	at org.apache.ratis.thirdparty.io.netty.channel.nio.NioEventLoop.processSelectedKey(NioEventLoop.java:632)
	at org.apache.ratis.thirdparty.io.netty.channel.nio.NioEventLoop.processSelectedKeysOptimized(NioEventLoop.java:579)
	at org.apache.ratis.thirdparty.io.netty.channel.nio.NioEventLoop.processSelectedKeys(NioEventLoop.java:496)
	at org.apache.ratis.thirdparty.io.netty.channel.nio.NioEventLoop.run(NioEventLoop.java:458)
	at org.apache.ratis.thirdparty.io.netty.util.concurrent.SingleThreadEventExecutor$5.run(SingleThreadEventExecutor.java:897)
	at org.apache.ratis.thirdparty.io.netty.util.concurrent.FastThreadLocalRunnable.run(FastThreadLocalRunnable.java:30)
	... 1 more
Caused by: java.net.ConnectException: Connection refused
	... 11 more
2019-10-24 15:44:19,814 [af280123-6372-4d1f-a5d4-c36229a73203@group-75C85B6D1182-LeaderElection247] INFO  impl.RaftServerImpl (RaftServerImpl.java:setRole(184)) - af280123-6372-4d1f-a5d4-c36229a73203@group-75C85B6D1182: changes role from CANDIDATE to FOLLOWER at term 243 for DISCOVERED_A_NEW_TERM
2019-10-24 15:44:19,814 [af280123-6372-4d1f-a5d4-c36229a73203@group-75C85B6D1182-LeaderElection247] INFO  impl.RoleInfo (RoleInfo.java:shutdownLeaderElection(134)) - af280123-6372-4d1f-a5d4-c36229a73203: shutdown LeaderElection
2019-10-24 15:44:19,814 [af280123-6372-4d1f-a5d4-c36229a73203@group-75C85B6D1182-LeaderElection247] INFO  impl.RoleInfo (RoleInfo.java:updateAndGet(143)) - af280123-6372-4d1f-a5d4-c36229a73203: start FollowerState
2019-10-24 15:44:19,838 [java.util.concurrent.ThreadPoolExecutor$Worker@15849834[State = -1, empty queue]] WARN  server.GrpcLogAppender (GrpcLogAppender.java:timeoutAppendRequest(209)) - 2f81ded6-48e6-408d-9409-3cd44f70bee8@group-56059261E3EC->3a65ecdf-e32f-4548-a2e5-44ab823c11b3-GrpcLogAppender: appendEntries Timeout, request=2f81ded6-48e6-408d-9409-3cd44f70bee8->3a65ecdf-e32f-4548-a2e5-44ab823c11b3#69-t6, previous=(t:6, i:16), leaderCommit=16, initializing? false, entries: <empty>
2019-10-24 15:44:19,840 [Thread-2145] INFO  impl.FollowerState (FollowerState.java:run(108)) - af280123-6372-4d1f-a5d4-c36229a73203@group-75C85B6D1182-FollowerState: change to CANDIDATE, lastRpcTime:26ms, electionTimeout:26ms
2019-10-24 15:44:19,840 [Thread-2145] INFO  impl.RoleInfo (RoleInfo.java:shutdownFollowerState(121)) - af280123-6372-4d1f-a5d4-c36229a73203: shutdown FollowerState
2019-10-24 15:44:19,840 [Thread-2145] INFO  impl.RaftServerImpl (RaftServerImpl.java:setRole(184)) - af280123-6372-4d1f-a5d4-c36229a73203@group-75C85B6D1182: changes role from  FOLLOWER to CANDIDATE at term 243 for changeToCandidate
2019-10-24 15:44:19,841 [Thread-2145] INFO  impl.RoleInfo (RoleInfo.java:updateAndGet(143)) - af280123-6372-4d1f-a5d4-c36229a73203: start LeaderElection
2019-10-24 15:44:19,854 [af280123-6372-4d1f-a5d4-c36229a73203@group-75C85B6D1182-LeaderElection248] INFO  impl.LeaderElection (LeaderElection.java:askForVotes(178)) - af280123-6372-4d1f-a5d4-c36229a73203@group-75C85B6D1182-LeaderElection248: begin an election at term 244 for -1: [9092f221-0e0d-4970-bb84-cacd95020f21:192.168.164.213:41903, af280123-6372-4d1f-a5d4-c36229a73203:192.168.164.213:35334, b4ae536c-ed18-4717-a75c-ca4b5d6c4001:192.168.164.213:41180], old=null
2019-10-24 15:44:19,855 [af280123-6372-4d1f-a5d4-c36229a73203@group-75C85B6D1182-LeaderElection248] INFO  impl.LeaderElection (LogUtils.java:infoOrTrace(149)) - af280123-6372-4d1f-a5d4-c36229a73203@group-75C85B6D1182-LeaderElection248 got exception when requesting votes: {}
java.util.concurrent.ExecutionException: org.apache.ratis.thirdparty.io.grpc.StatusRuntimeException: UNAVAILABLE: io exception
	at java.util.concurrent.FutureTask.report(FutureTask.java:122)
	at java.util.concurrent.FutureTask.get(FutureTask.java:192)
	at org.apache.ratis.server.impl.LeaderElection.waitForResults(LeaderElection.java:259)
	at org.apache.ratis.server.impl.LeaderElection.askForVotes(LeaderElection.java:197)
	at org.apache.ratis.server.impl.LeaderElection.run(LeaderElection.java:133)
	at java.lang.Thread.run(Thread.java:748)
Caused by: org.apache.ratis.thirdparty.io.grpc.StatusRuntimeException: UNAVAILABLE: io exception
	at org.apache.ratis.thirdparty.io.grpc.stub.ClientCalls.toStatusRuntimeException(ClientCalls.java:233)
	at org.apache.ratis.thirdparty.io.grpc.stub.ClientCalls.getUnchecked(ClientCalls.java:214)
	at org.apache.ratis.thirdparty.io.grpc.stub.ClientCalls.blockingUnaryCall(ClientCalls.java:139)
	at org.apache.ratis.proto.grpc.RaftServerProtocolServiceGrpc$RaftServerProtocolServiceBlockingStub.requestVote(RaftServerProtocolServiceGrpc.java:265)
	at org.apache.ratis.grpc.server.GrpcServerProtocolClient.requestVote(GrpcServerProtocolClient.java:99)
	at org.apache.ratis.grpc.server.GrpcService.requestVote(GrpcService.java:204)
	at org.apache.ratis.server.impl.LeaderElection.lambda$submitRequests$1(LeaderElection.java:234)
	at java.util.concurrent.FutureTask.run(FutureTask.java:266)
	at java.util.concurrent.Executors$RunnableAdapter.call(Executors.java:511)
	at java.util.concurrent.FutureTask.run(FutureTask.java:266)
	at java.util.concurrent.ThreadPoolExecutor.runWorker(ThreadPoolExecutor.java:1149)
	at java.util.concurrent.ThreadPoolExecutor$Worker.run(ThreadPoolExecutor.java:624)
	... 1 more
Caused by: org.apache.ratis.thirdparty.io.netty.channel.AbstractChannel$AnnotatedConnectException: Connection refused: /192.168.164.213:41903
	at sun.nio.ch.SocketChannelImpl.checkConnect(Native Method)
	at sun.nio.ch.SocketChannelImpl.finishConnect(SocketChannelImpl.java:717)
	at org.apache.ratis.thirdparty.io.netty.channel.socket.nio.NioSocketChannel.doFinishConnect(NioSocketChannel.java:327)
	at org.apache.ratis.thirdparty.io.netty.channel.nio.AbstractNioChannel$AbstractNioUnsafe.finishConnect(AbstractNioChannel.java:340)
	at org.apache.ratis.thirdparty.io.netty.channel.nio.NioEventLoop.processSelectedKey(NioEventLoop.java:632)
	at org.apache.ratis.thirdparty.io.netty.channel.nio.NioEventLoop.processSelectedKeysOptimized(NioEventLoop.java:579)
	at org.apache.ratis.thirdparty.io.netty.channel.nio.NioEventLoop.processSelectedKeys(NioEventLoop.java:496)
	at org.apache.ratis.thirdparty.io.netty.channel.nio.NioEventLoop.run(NioEventLoop.java:458)
	at org.apache.ratis.thirdparty.io.netty.util.concurrent.SingleThreadEventExecutor$5.run(SingleThreadEventExecutor.java:897)
	at org.apache.ratis.thirdparty.io.netty.util.concurrent.FastThreadLocalRunnable.run(FastThreadLocalRunnable.java:30)
	... 1 more
Caused by: java.net.ConnectException: Connection refused
	... 11 more
2019-10-24 15:44:19,856 [grpc-default-executor-4] INFO  impl.RaftServerImpl (RaftServerImpl.java:setRole(184)) - b4ae536c-ed18-4717-a75c-ca4b5d6c4001@group-75C85B6D1182: changes role from  FOLLOWER to FOLLOWER at term 244 for recognizeCandidate:af280123-6372-4d1f-a5d4-c36229a73203
2019-10-24 15:44:19,856 [grpc-default-executor-4] INFO  impl.RoleInfo (RoleInfo.java:shutdownFollowerState(121)) - b4ae536c-ed18-4717-a75c-ca4b5d6c4001: shutdown FollowerState
2019-10-24 15:44:19,856 [grpc-default-executor-4] INFO  impl.RoleInfo (RoleInfo.java:updateAndGet(143)) - b4ae536c-ed18-4717-a75c-ca4b5d6c4001: start FollowerState
2019-10-24 15:44:19,857 [Thread-2144] INFO  impl.FollowerState (FollowerState.java:run(117)) - b4ae536c-ed18-4717-a75c-ca4b5d6c4001@group-75C85B6D1182-FollowerState was interrupted: java.lang.InterruptedException: sleep interrupted
2019-10-24 15:44:19,870 [af280123-6372-4d1f-a5d4-c36229a73203@group-75C85B6D1182-LeaderElection248] INFO  impl.LeaderElection (LeaderElection.java:logAndReturn(56)) - af280123-6372-4d1f-a5d4-c36229a73203@group-75C85B6D1182-LeaderElection248: Election REJECTED; received 1 response(s) [af280123-6372-4d1f-a5d4-c36229a73203<-b4ae536c-ed18-4717-a75c-ca4b5d6c4001#0:FAIL-t244] and 1 exception(s); af280123-6372-4d1f-a5d4-c36229a73203@group-75C85B6D1182:t244, leader=null, voted=af280123-6372-4d1f-a5d4-c36229a73203, raftlog=af280123-6372-4d1f-a5d4-c36229a73203@group-75C85B6D1182-SegmentedRaftLog:OPENED:c-1,f-1,i0, conf=-1: [9092f221-0e0d-4970-bb84-cacd95020f21:192.168.164.213:41903, af280123-6372-4d1f-a5d4-c36229a73203:192.168.164.213:35334, b4ae536c-ed18-4717-a75c-ca4b5d6c4001:192.168.164.213:41180], old=null
2019-10-24 15:44:19,870 [af280123-6372-4d1f-a5d4-c36229a73203@group-75C85B6D1182-LeaderElection248] INFO  impl.LeaderElection (LogUtils.java:infoOrTrace(149)) -   Exception 0: {}
java.util.concurrent.ExecutionException: org.apache.ratis.thirdparty.io.grpc.StatusRuntimeException: UNAVAILABLE: io exception
	at java.util.concurrent.FutureTask.report(FutureTask.java:122)
	at java.util.concurrent.FutureTask.get(FutureTask.java:192)
	at org.apache.ratis.server.impl.LeaderElection.waitForResults(LeaderElection.java:259)
	at org.apache.ratis.server.impl.LeaderElection.askForVotes(LeaderElection.java:197)
	at org.apache.ratis.server.impl.LeaderElection.run(LeaderElection.java:133)
	at java.lang.Thread.run(Thread.java:748)
Caused by: org.apache.ratis.thirdparty.io.grpc.StatusRuntimeException: UNAVAILABLE: io exception
	at org.apache.ratis.thirdparty.io.grpc.stub.ClientCalls.toStatusRuntimeException(ClientCalls.java:233)
	at org.apache.ratis.thirdparty.io.grpc.stub.ClientCalls.getUnchecked(ClientCalls.java:214)
	at org.apache.ratis.thirdparty.io.grpc.stub.ClientCalls.blockingUnaryCall(ClientCalls.java:139)
	at org.apache.ratis.proto.grpc.RaftServerProtocolServiceGrpc$RaftServerProtocolServiceBlockingStub.requestVote(RaftServerProtocolServiceGrpc.java:265)
	at org.apache.ratis.grpc.server.GrpcServerProtocolClient.requestVote(GrpcServerProtocolClient.java:99)
	at org.apache.ratis.grpc.server.GrpcService.requestVote(GrpcService.java:204)
	at org.apache.ratis.server.impl.LeaderElection.lambda$submitRequests$1(LeaderElection.java:234)
	at java.util.concurrent.FutureTask.run(FutureTask.java:266)
	at java.util.concurrent.Executors$RunnableAdapter.call(Executors.java:511)
	at java.util.concurrent.FutureTask.run(FutureTask.java:266)
	at java.util.concurrent.ThreadPoolExecutor.runWorker(ThreadPoolExecutor.java:1149)
	at java.util.concurrent.ThreadPoolExecutor$Worker.run(ThreadPoolExecutor.java:624)
	... 1 more
Caused by: org.apache.ratis.thirdparty.io.netty.channel.AbstractChannel$AnnotatedConnectException: Connection refused: /192.168.164.213:41903
	at sun.nio.ch.SocketChannelImpl.checkConnect(Native Method)
	at sun.nio.ch.SocketChannelImpl.finishConnect(SocketChannelImpl.java:717)
	at org.apache.ratis.thirdparty.io.netty.channel.socket.nio.NioSocketChannel.doFinishConnect(NioSocketChannel.java:327)
	at org.apache.ratis.thirdparty.io.netty.channel.nio.AbstractNioChannel$AbstractNioUnsafe.finishConnect(AbstractNioChannel.java:340)
	at org.apache.ratis.thirdparty.io.netty.channel.nio.NioEventLoop.processSelectedKey(NioEventLoop.java:632)
	at org.apache.ratis.thirdparty.io.netty.channel.nio.NioEventLoop.processSelectedKeysOptimized(NioEventLoop.java:579)
	at org.apache.ratis.thirdparty.io.netty.channel.nio.NioEventLoop.processSelectedKeys(NioEventLoop.java:496)
	at org.apache.ratis.thirdparty.io.netty.channel.nio.NioEventLoop.run(NioEventLoop.java:458)
	at org.apache.ratis.thirdparty.io.netty.util.concurrent.SingleThreadEventExecutor$5.run(SingleThreadEventExecutor.java:897)
	at org.apache.ratis.thirdparty.io.netty.util.concurrent.FastThreadLocalRunnable.run(FastThreadLocalRunnable.java:30)
	... 1 more
Caused by: java.net.ConnectException: Connection refused
	... 11 more
2019-10-24 15:44:19,871 [af280123-6372-4d1f-a5d4-c36229a73203@group-75C85B6D1182-LeaderElection248] INFO  impl.RaftServerImpl (RaftServerImpl.java:setRole(184)) - af280123-6372-4d1f-a5d4-c36229a73203@group-75C85B6D1182: changes role from CANDIDATE to FOLLOWER at term 244 for DISCOVERED_A_NEW_TERM
2019-10-24 15:44:19,871 [af280123-6372-4d1f-a5d4-c36229a73203@group-75C85B6D1182-LeaderElection248] INFO  impl.RoleInfo (RoleInfo.java:shutdownLeaderElection(134)) - af280123-6372-4d1f-a5d4-c36229a73203: shutdown LeaderElection
2019-10-24 15:44:19,871 [af280123-6372-4d1f-a5d4-c36229a73203@group-75C85B6D1182-LeaderElection248] INFO  impl.RoleInfo (RoleInfo.java:updateAndGet(143)) - af280123-6372-4d1f-a5d4-c36229a73203: start FollowerState
2019-10-24 15:44:20,065 [Thread-2151] INFO  impl.FollowerState (FollowerState.java:run(108)) - af280123-6372-4d1f-a5d4-c36229a73203@group-75C85B6D1182-FollowerState: change to CANDIDATE, lastRpcTime:193ms, electionTimeout:193ms
2019-10-24 15:44:20,065 [Thread-2151] INFO  impl.RoleInfo (RoleInfo.java:shutdownFollowerState(121)) - af280123-6372-4d1f-a5d4-c36229a73203: shutdown FollowerState
2019-10-24 15:44:20,065 [Thread-2151] INFO  impl.RaftServerImpl (RaftServerImpl.java:setRole(184)) - af280123-6372-4d1f-a5d4-c36229a73203@group-75C85B6D1182: changes role from  FOLLOWER to CANDIDATE at term 244 for changeToCandidate
2019-10-24 15:44:20,065 [Thread-2151] INFO  impl.RoleInfo (RoleInfo.java:updateAndGet(143)) - af280123-6372-4d1f-a5d4-c36229a73203: start LeaderElection
2019-10-24 15:44:20,079 [af280123-6372-4d1f-a5d4-c36229a73203@group-75C85B6D1182-LeaderElection249] INFO  impl.LeaderElection (LeaderElection.java:askForVotes(178)) - af280123-6372-4d1f-a5d4-c36229a73203@group-75C85B6D1182-LeaderElection249: begin an election at term 245 for -1: [9092f221-0e0d-4970-bb84-cacd95020f21:192.168.164.213:41903, af280123-6372-4d1f-a5d4-c36229a73203:192.168.164.213:35334, b4ae536c-ed18-4717-a75c-ca4b5d6c4001:192.168.164.213:41180], old=null
2019-10-24 15:44:20,080 [af280123-6372-4d1f-a5d4-c36229a73203@group-75C85B6D1182-LeaderElection249] INFO  impl.LeaderElection (LogUtils.java:infoOrTrace(149)) - af280123-6372-4d1f-a5d4-c36229a73203@group-75C85B6D1182-LeaderElection249 got exception when requesting votes: {}
java.util.concurrent.ExecutionException: org.apache.ratis.thirdparty.io.grpc.StatusRuntimeException: UNAVAILABLE: io exception
	at java.util.concurrent.FutureTask.report(FutureTask.java:122)
	at java.util.concurrent.FutureTask.get(FutureTask.java:192)
	at org.apache.ratis.server.impl.LeaderElection.waitForResults(LeaderElection.java:259)
	at org.apache.ratis.server.impl.LeaderElection.askForVotes(LeaderElection.java:197)
	at org.apache.ratis.server.impl.LeaderElection.run(LeaderElection.java:133)
	at java.lang.Thread.run(Thread.java:748)
Caused by: org.apache.ratis.thirdparty.io.grpc.StatusRuntimeException: UNAVAILABLE: io exception
	at org.apache.ratis.thirdparty.io.grpc.stub.ClientCalls.toStatusRuntimeException(ClientCalls.java:233)
	at org.apache.ratis.thirdparty.io.grpc.stub.ClientCalls.getUnchecked(ClientCalls.java:214)
	at org.apache.ratis.thirdparty.io.grpc.stub.ClientCalls.blockingUnaryCall(ClientCalls.java:139)
	at org.apache.ratis.proto.grpc.RaftServerProtocolServiceGrpc$RaftServerProtocolServiceBlockingStub.requestVote(RaftServerProtocolServiceGrpc.java:265)
	at org.apache.ratis.grpc.server.GrpcServerProtocolClient.requestVote(GrpcServerProtocolClient.java:99)
	at org.apache.ratis.grpc.server.GrpcService.requestVote(GrpcService.java:204)
	at org.apache.ratis.server.impl.LeaderElection.lambda$submitRequests$1(LeaderElection.java:234)
	at java.util.concurrent.FutureTask.run(FutureTask.java:266)
	at java.util.concurrent.Executors$RunnableAdapter.call(Executors.java:511)
	at java.util.concurrent.FutureTask.run(FutureTask.java:266)
	at java.util.concurrent.ThreadPoolExecutor.runWorker(ThreadPoolExecutor.java:1149)
	at java.util.concurrent.ThreadPoolExecutor$Worker.run(ThreadPoolExecutor.java:624)
	... 1 more
Caused by: org.apache.ratis.thirdparty.io.netty.channel.AbstractChannel$AnnotatedConnectException: Connection refused: /192.168.164.213:41903
	at sun.nio.ch.SocketChannelImpl.checkConnect(Native Method)
	at sun.nio.ch.SocketChannelImpl.finishConnect(SocketChannelImpl.java:717)
	at org.apache.ratis.thirdparty.io.netty.channel.socket.nio.NioSocketChannel.doFinishConnect(NioSocketChannel.java:327)
	at org.apache.ratis.thirdparty.io.netty.channel.nio.AbstractNioChannel$AbstractNioUnsafe.finishConnect(AbstractNioChannel.java:340)
	at org.apache.ratis.thirdparty.io.netty.channel.nio.NioEventLoop.processSelectedKey(NioEventLoop.java:632)
	at org.apache.ratis.thirdparty.io.netty.channel.nio.NioEventLoop.processSelectedKeysOptimized(NioEventLoop.java:579)
	at org.apache.ratis.thirdparty.io.netty.channel.nio.NioEventLoop.processSelectedKeys(NioEventLoop.java:496)
	at org.apache.ratis.thirdparty.io.netty.channel.nio.NioEventLoop.run(NioEventLoop.java:458)
	at org.apache.ratis.thirdparty.io.netty.util.concurrent.SingleThreadEventExecutor$5.run(SingleThreadEventExecutor.java:897)
	at org.apache.ratis.thirdparty.io.netty.util.concurrent.FastThreadLocalRunnable.run(FastThreadLocalRunnable.java:30)
	... 1 more
Caused by: java.net.ConnectException: Connection refused
	... 11 more
2019-10-24 15:44:20,081 [grpc-default-executor-4] INFO  impl.RaftServerImpl (RaftServerImpl.java:setRole(184)) - b4ae536c-ed18-4717-a75c-ca4b5d6c4001@group-75C85B6D1182: changes role from  FOLLOWER to FOLLOWER at term 245 for recognizeCandidate:af280123-6372-4d1f-a5d4-c36229a73203
2019-10-24 15:44:20,081 [grpc-default-executor-4] INFO  impl.RoleInfo (RoleInfo.java:shutdownFollowerState(121)) - b4ae536c-ed18-4717-a75c-ca4b5d6c4001: shutdown FollowerState
2019-10-24 15:44:20,082 [grpc-default-executor-4] INFO  impl.RoleInfo (RoleInfo.java:updateAndGet(143)) - b4ae536c-ed18-4717-a75c-ca4b5d6c4001: start FollowerState
2019-10-24 15:44:20,082 [Thread-2149] INFO  impl.FollowerState (FollowerState.java:run(117)) - b4ae536c-ed18-4717-a75c-ca4b5d6c4001@group-75C85B6D1182-FollowerState was interrupted: java.lang.InterruptedException: sleep interrupted
2019-10-24 15:44:20,108 [af280123-6372-4d1f-a5d4-c36229a73203@group-75C85B6D1182-LeaderElection249] INFO  impl.LeaderElection (LeaderElection.java:logAndReturn(56)) - af280123-6372-4d1f-a5d4-c36229a73203@group-75C85B6D1182-LeaderElection249: Election REJECTED; received 1 response(s) [af280123-6372-4d1f-a5d4-c36229a73203<-b4ae536c-ed18-4717-a75c-ca4b5d6c4001#0:FAIL-t245] and 1 exception(s); af280123-6372-4d1f-a5d4-c36229a73203@group-75C85B6D1182:t245, leader=null, voted=af280123-6372-4d1f-a5d4-c36229a73203, raftlog=af280123-6372-4d1f-a5d4-c36229a73203@group-75C85B6D1182-SegmentedRaftLog:OPENED:c-1,f-1,i0, conf=-1: [9092f221-0e0d-4970-bb84-cacd95020f21:192.168.164.213:41903, af280123-6372-4d1f-a5d4-c36229a73203:192.168.164.213:35334, b4ae536c-ed18-4717-a75c-ca4b5d6c4001:192.168.164.213:41180], old=null
2019-10-24 15:44:20,108 [af280123-6372-4d1f-a5d4-c36229a73203@group-75C85B6D1182-LeaderElection249] INFO  impl.LeaderElection (LogUtils.java:infoOrTrace(149)) -   Exception 0: {}
java.util.concurrent.ExecutionException: org.apache.ratis.thirdparty.io.grpc.StatusRuntimeException: UNAVAILABLE: io exception
	at java.util.concurrent.FutureTask.report(FutureTask.java:122)
	at java.util.concurrent.FutureTask.get(FutureTask.java:192)
	at org.apache.ratis.server.impl.LeaderElection.waitForResults(LeaderElection.java:259)
	at org.apache.ratis.server.impl.LeaderElection.askForVotes(LeaderElection.java:197)
	at org.apache.ratis.server.impl.LeaderElection.run(LeaderElection.java:133)
	at java.lang.Thread.run(Thread.java:748)
Caused by: org.apache.ratis.thirdparty.io.grpc.StatusRuntimeException: UNAVAILABLE: io exception
	at org.apache.ratis.thirdparty.io.grpc.stub.ClientCalls.toStatusRuntimeException(ClientCalls.java:233)
	at org.apache.ratis.thirdparty.io.grpc.stub.ClientCalls.getUnchecked(ClientCalls.java:214)
	at org.apache.ratis.thirdparty.io.grpc.stub.ClientCalls.blockingUnaryCall(ClientCalls.java:139)
	at org.apache.ratis.proto.grpc.RaftServerProtocolServiceGrpc$RaftServerProtocolServiceBlockingStub.requestVote(RaftServerProtocolServiceGrpc.java:265)
	at org.apache.ratis.grpc.server.GrpcServerProtocolClient.requestVote(GrpcServerProtocolClient.java:99)
	at org.apache.ratis.grpc.server.GrpcService.requestVote(GrpcService.java:204)
	at org.apache.ratis.server.impl.LeaderElection.lambda$submitRequests$1(LeaderElection.java:234)
	at java.util.concurrent.FutureTask.run(FutureTask.java:266)
	at java.util.concurrent.Executors$RunnableAdapter.call(Executors.java:511)
	at java.util.concurrent.FutureTask.run(FutureTask.java:266)
	at java.util.concurrent.ThreadPoolExecutor.runWorker(ThreadPoolExecutor.java:1149)
	at java.util.concurrent.ThreadPoolExecutor$Worker.run(ThreadPoolExecutor.java:624)
	... 1 more
Caused by: org.apache.ratis.thirdparty.io.netty.channel.AbstractChannel$AnnotatedConnectException: Connection refused: /192.168.164.213:41903
	at sun.nio.ch.SocketChannelImpl.checkConnect(Native Method)
	at sun.nio.ch.SocketChannelImpl.finishConnect(SocketChannelImpl.java:717)
	at org.apache.ratis.thirdparty.io.netty.channel.socket.nio.NioSocketChannel.doFinishConnect(NioSocketChannel.java:327)
	at org.apache.ratis.thirdparty.io.netty.channel.nio.AbstractNioChannel$AbstractNioUnsafe.finishConnect(AbstractNioChannel.java:340)
	at org.apache.ratis.thirdparty.io.netty.channel.nio.NioEventLoop.processSelectedKey(NioEventLoop.java:632)
	at org.apache.ratis.thirdparty.io.netty.channel.nio.NioEventLoop.processSelectedKeysOptimized(NioEventLoop.java:579)
	at org.apache.ratis.thirdparty.io.netty.channel.nio.NioEventLoop.processSelectedKeys(NioEventLoop.java:496)
	at org.apache.ratis.thirdparty.io.netty.channel.nio.NioEventLoop.run(NioEventLoop.java:458)
	at org.apache.ratis.thirdparty.io.netty.util.concurrent.SingleThreadEventExecutor$5.run(SingleThreadEventExecutor.java:897)
	at org.apache.ratis.thirdparty.io.netty.util.concurrent.FastThreadLocalRunnable.run(FastThreadLocalRunnable.java:30)
	... 1 more
Caused by: java.net.ConnectException: Connection refused
	... 11 more
2019-10-24 15:44:20,108 [af280123-6372-4d1f-a5d4-c36229a73203@group-75C85B6D1182-LeaderElection249] INFO  impl.RaftServerImpl (RaftServerImpl.java:setRole(184)) - af280123-6372-4d1f-a5d4-c36229a73203@group-75C85B6D1182: changes role from CANDIDATE to FOLLOWER at term 245 for DISCOVERED_A_NEW_TERM
2019-10-24 15:44:20,109 [af280123-6372-4d1f-a5d4-c36229a73203@group-75C85B6D1182-LeaderElection249] INFO  impl.RoleInfo (RoleInfo.java:shutdownLeaderElection(134)) - af280123-6372-4d1f-a5d4-c36229a73203: shutdown LeaderElection
2019-10-24 15:44:20,109 [af280123-6372-4d1f-a5d4-c36229a73203@group-75C85B6D1182-LeaderElection249] INFO  impl.RoleInfo (RoleInfo.java:updateAndGet(143)) - af280123-6372-4d1f-a5d4-c36229a73203: start FollowerState
2019-10-24 15:44:20,256 [Thread-2156] INFO  impl.FollowerState (FollowerState.java:run(108)) - af280123-6372-4d1f-a5d4-c36229a73203@group-75C85B6D1182-FollowerState: change to CANDIDATE, lastRpcTime:147ms, electionTimeout:147ms
2019-10-24 15:44:20,256 [Thread-2156] INFO  impl.RoleInfo (RoleInfo.java:shutdownFollowerState(121)) - af280123-6372-4d1f-a5d4-c36229a73203: shutdown FollowerState
2019-10-24 15:44:20,256 [Thread-2156] INFO  impl.RaftServerImpl (RaftServerImpl.java:setRole(184)) - af280123-6372-4d1f-a5d4-c36229a73203@group-75C85B6D1182: changes role from  FOLLOWER to CANDIDATE at term 245 for changeToCandidate
2019-10-24 15:44:20,257 [Thread-2156] INFO  impl.RoleInfo (RoleInfo.java:updateAndGet(143)) - af280123-6372-4d1f-a5d4-c36229a73203: start LeaderElection
2019-10-24 15:44:20,270 [af280123-6372-4d1f-a5d4-c36229a73203@group-75C85B6D1182-LeaderElection250] INFO  impl.LeaderElection (LeaderElection.java:askForVotes(178)) - af280123-6372-4d1f-a5d4-c36229a73203@group-75C85B6D1182-LeaderElection250: begin an election at term 246 for -1: [9092f221-0e0d-4970-bb84-cacd95020f21:192.168.164.213:41903, af280123-6372-4d1f-a5d4-c36229a73203:192.168.164.213:35334, b4ae536c-ed18-4717-a75c-ca4b5d6c4001:192.168.164.213:41180], old=null
2019-10-24 15:44:20,271 [af280123-6372-4d1f-a5d4-c36229a73203@group-75C85B6D1182-LeaderElection250] INFO  impl.LeaderElection (LogUtils.java:infoOrTrace(149)) - af280123-6372-4d1f-a5d4-c36229a73203@group-75C85B6D1182-LeaderElection250 got exception when requesting votes: {}
java.util.concurrent.ExecutionException: org.apache.ratis.thirdparty.io.grpc.StatusRuntimeException: UNAVAILABLE: io exception
	at java.util.concurrent.FutureTask.report(FutureTask.java:122)
	at java.util.concurrent.FutureTask.get(FutureTask.java:192)
	at org.apache.ratis.server.impl.LeaderElection.waitForResults(LeaderElection.java:259)
	at org.apache.ratis.server.impl.LeaderElection.askForVotes(LeaderElection.java:197)
	at org.apache.ratis.server.impl.LeaderElection.run(LeaderElection.java:133)
	at java.lang.Thread.run(Thread.java:748)
Caused by: org.apache.ratis.thirdparty.io.grpc.StatusRuntimeException: UNAVAILABLE: io exception
	at org.apache.ratis.thirdparty.io.grpc.stub.ClientCalls.toStatusRuntimeException(ClientCalls.java:233)
	at org.apache.ratis.thirdparty.io.grpc.stub.ClientCalls.getUnchecked(ClientCalls.java:214)
	at org.apache.ratis.thirdparty.io.grpc.stub.ClientCalls.blockingUnaryCall(ClientCalls.java:139)
	at org.apache.ratis.proto.grpc.RaftServerProtocolServiceGrpc$RaftServerProtocolServiceBlockingStub.requestVote(RaftServerProtocolServiceGrpc.java:265)
	at org.apache.ratis.grpc.server.GrpcServerProtocolClient.requestVote(GrpcServerProtocolClient.java:99)
	at org.apache.ratis.grpc.server.GrpcService.requestVote(GrpcService.java:204)
	at org.apache.ratis.server.impl.LeaderElection.lambda$submitRequests$1(LeaderElection.java:234)
	at java.util.concurrent.FutureTask.run(FutureTask.java:266)
	at java.util.concurrent.Executors$RunnableAdapter.call(Executors.java:511)
	at java.util.concurrent.FutureTask.run(FutureTask.java:266)
	at java.util.concurrent.ThreadPoolExecutor.runWorker(ThreadPoolExecutor.java:1149)
	at java.util.concurrent.ThreadPoolExecutor$Worker.run(ThreadPoolExecutor.java:624)
	... 1 more
Caused by: org.apache.ratis.thirdparty.io.netty.channel.AbstractChannel$AnnotatedConnectException: Connection refused: /192.168.164.213:41903
	at sun.nio.ch.SocketChannelImpl.checkConnect(Native Method)
	at sun.nio.ch.SocketChannelImpl.finishConnect(SocketChannelImpl.java:717)
	at org.apache.ratis.thirdparty.io.netty.channel.socket.nio.NioSocketChannel.doFinishConnect(NioSocketChannel.java:327)
	at org.apache.ratis.thirdparty.io.netty.channel.nio.AbstractNioChannel$AbstractNioUnsafe.finishConnect(AbstractNioChannel.java:340)
	at org.apache.ratis.thirdparty.io.netty.channel.nio.NioEventLoop.processSelectedKey(NioEventLoop.java:632)
	at org.apache.ratis.thirdparty.io.netty.channel.nio.NioEventLoop.processSelectedKeysOptimized(NioEventLoop.java:579)
	at org.apache.ratis.thirdparty.io.netty.channel.nio.NioEventLoop.processSelectedKeys(NioEventLoop.java:496)
	at org.apache.ratis.thirdparty.io.netty.channel.nio.NioEventLoop.run(NioEventLoop.java:458)
	at org.apache.ratis.thirdparty.io.netty.util.concurrent.SingleThreadEventExecutor$5.run(SingleThreadEventExecutor.java:897)
	at org.apache.ratis.thirdparty.io.netty.util.concurrent.FastThreadLocalRunnable.run(FastThreadLocalRunnable.java:30)
	... 1 more
Caused by: java.net.ConnectException: Connection refused
	... 11 more
2019-10-24 15:44:20,272 [grpc-default-executor-4] INFO  impl.RaftServerImpl (RaftServerImpl.java:setRole(184)) - b4ae536c-ed18-4717-a75c-ca4b5d6c4001@group-75C85B6D1182: changes role from  FOLLOWER to FOLLOWER at term 246 for recognizeCandidate:af280123-6372-4d1f-a5d4-c36229a73203
2019-10-24 15:44:20,272 [grpc-default-executor-4] INFO  impl.RoleInfo (RoleInfo.java:shutdownFollowerState(121)) - b4ae536c-ed18-4717-a75c-ca4b5d6c4001: shutdown FollowerState
2019-10-24 15:44:20,272 [grpc-default-executor-4] INFO  impl.RoleInfo (RoleInfo.java:updateAndGet(143)) - b4ae536c-ed18-4717-a75c-ca4b5d6c4001: start FollowerState
2019-10-24 15:44:20,272 [Thread-2155] INFO  impl.FollowerState (FollowerState.java:run(117)) - b4ae536c-ed18-4717-a75c-ca4b5d6c4001@group-75C85B6D1182-FollowerState was interrupted: java.lang.InterruptedException: sleep interrupted
2019-10-24 15:44:20,288 [af280123-6372-4d1f-a5d4-c36229a73203@group-75C85B6D1182-LeaderElection250] INFO  impl.LeaderElection (LeaderElection.java:logAndReturn(56)) - af280123-6372-4d1f-a5d4-c36229a73203@group-75C85B6D1182-LeaderElection250: Election REJECTED; received 1 response(s) [af280123-6372-4d1f-a5d4-c36229a73203<-b4ae536c-ed18-4717-a75c-ca4b5d6c4001#0:FAIL-t246] and 1 exception(s); af280123-6372-4d1f-a5d4-c36229a73203@group-75C85B6D1182:t246, leader=null, voted=af280123-6372-4d1f-a5d4-c36229a73203, raftlog=af280123-6372-4d1f-a5d4-c36229a73203@group-75C85B6D1182-SegmentedRaftLog:OPENED:c-1,f-1,i0, conf=-1: [9092f221-0e0d-4970-bb84-cacd95020f21:192.168.164.213:41903, af280123-6372-4d1f-a5d4-c36229a73203:192.168.164.213:35334, b4ae536c-ed18-4717-a75c-ca4b5d6c4001:192.168.164.213:41180], old=null
2019-10-24 15:44:20,288 [af280123-6372-4d1f-a5d4-c36229a73203@group-75C85B6D1182-LeaderElection250] INFO  impl.LeaderElection (LogUtils.java:infoOrTrace(149)) -   Exception 0: {}
java.util.concurrent.ExecutionException: org.apache.ratis.thirdparty.io.grpc.StatusRuntimeException: UNAVAILABLE: io exception
	at java.util.concurrent.FutureTask.report(FutureTask.java:122)
	at java.util.concurrent.FutureTask.get(FutureTask.java:192)
	at org.apache.ratis.server.impl.LeaderElection.waitForResults(LeaderElection.java:259)
	at org.apache.ratis.server.impl.LeaderElection.askForVotes(LeaderElection.java:197)
	at org.apache.ratis.server.impl.LeaderElection.run(LeaderElection.java:133)
	at java.lang.Thread.run(Thread.java:748)
Caused by: org.apache.ratis.thirdparty.io.grpc.StatusRuntimeException: UNAVAILABLE: io exception
	at org.apache.ratis.thirdparty.io.grpc.stub.ClientCalls.toStatusRuntimeException(ClientCalls.java:233)
	at org.apache.ratis.thirdparty.io.grpc.stub.ClientCalls.getUnchecked(ClientCalls.java:214)
	at org.apache.ratis.thirdparty.io.grpc.stub.ClientCalls.blockingUnaryCall(ClientCalls.java:139)
	at org.apache.ratis.proto.grpc.RaftServerProtocolServiceGrpc$RaftServerProtocolServiceBlockingStub.requestVote(RaftServerProtocolServiceGrpc.java:265)
	at org.apache.ratis.grpc.server.GrpcServerProtocolClient.requestVote(GrpcServerProtocolClient.java:99)
	at org.apache.ratis.grpc.server.GrpcService.requestVote(GrpcService.java:204)
	at org.apache.ratis.server.impl.LeaderElection.lambda$submitRequests$1(LeaderElection.java:234)
	at java.util.concurrent.FutureTask.run(FutureTask.java:266)
	at java.util.concurrent.Executors$RunnableAdapter.call(Executors.java:511)
	at java.util.concurrent.FutureTask.run(FutureTask.java:266)
	at java.util.concurrent.ThreadPoolExecutor.runWorker(ThreadPoolExecutor.java:1149)
	at java.util.concurrent.ThreadPoolExecutor$Worker.run(ThreadPoolExecutor.java:624)
	... 1 more
Caused by: org.apache.ratis.thirdparty.io.netty.channel.AbstractChannel$AnnotatedConnectException: Connection refused: /192.168.164.213:41903
	at sun.nio.ch.SocketChannelImpl.checkConnect(Native Method)
	at sun.nio.ch.SocketChannelImpl.finishConnect(SocketChannelImpl.java:717)
	at org.apache.ratis.thirdparty.io.netty.channel.socket.nio.NioSocketChannel.doFinishConnect(NioSocketChannel.java:327)
	at org.apache.ratis.thirdparty.io.netty.channel.nio.AbstractNioChannel$AbstractNioUnsafe.finishConnect(AbstractNioChannel.java:340)
	at org.apache.ratis.thirdparty.io.netty.channel.nio.NioEventLoop.processSelectedKey(NioEventLoop.java:632)
	at org.apache.ratis.thirdparty.io.netty.channel.nio.NioEventLoop.processSelectedKeysOptimized(NioEventLoop.java:579)
	at org.apache.ratis.thirdparty.io.netty.channel.nio.NioEventLoop.processSelectedKeys(NioEventLoop.java:496)
	at org.apache.ratis.thirdparty.io.netty.channel.nio.NioEventLoop.run(NioEventLoop.java:458)
	at org.apache.ratis.thirdparty.io.netty.util.concurrent.SingleThreadEventExecutor$5.run(SingleThreadEventExecutor.java:897)
	at org.apache.ratis.thirdparty.io.netty.util.concurrent.FastThreadLocalRunnable.run(FastThreadLocalRunnable.java:30)
	... 1 more
Caused by: java.net.ConnectException: Connection refused
	... 11 more
2019-10-24 15:44:20,288 [af280123-6372-4d1f-a5d4-c36229a73203@group-75C85B6D1182-LeaderElection250] INFO  impl.RaftServerImpl (RaftServerImpl.java:setRole(184)) - af280123-6372-4d1f-a5d4-c36229a73203@group-75C85B6D1182: changes role from CANDIDATE to FOLLOWER at term 246 for DISCOVERED_A_NEW_TERM
2019-10-24 15:44:20,289 [af280123-6372-4d1f-a5d4-c36229a73203@group-75C85B6D1182-LeaderElection250] INFO  impl.RoleInfo (RoleInfo.java:shutdownLeaderElection(134)) - af280123-6372-4d1f-a5d4-c36229a73203: shutdown LeaderElection
2019-10-24 15:44:20,289 [af280123-6372-4d1f-a5d4-c36229a73203@group-75C85B6D1182-LeaderElection250] INFO  impl.RoleInfo (RoleInfo.java:updateAndGet(143)) - af280123-6372-4d1f-a5d4-c36229a73203: start FollowerState
2019-10-24 15:44:20,309 [Thread-2161] INFO  impl.FollowerState (FollowerState.java:run(108)) - af280123-6372-4d1f-a5d4-c36229a73203@group-75C85B6D1182-FollowerState: change to CANDIDATE, lastRpcTime:20ms, electionTimeout:20ms
2019-10-24 15:44:20,309 [Thread-2161] INFO  impl.RoleInfo (RoleInfo.java:shutdownFollowerState(121)) - af280123-6372-4d1f-a5d4-c36229a73203: shutdown FollowerState
2019-10-24 15:44:20,309 [Thread-2161] INFO  impl.RaftServerImpl (RaftServerImpl.java:setRole(184)) - af280123-6372-4d1f-a5d4-c36229a73203@group-75C85B6D1182: changes role from  FOLLOWER to CANDIDATE at term 246 for changeToCandidate
2019-10-24 15:44:20,310 [Thread-2161] INFO  impl.RoleInfo (RoleInfo.java:updateAndGet(143)) - af280123-6372-4d1f-a5d4-c36229a73203: start LeaderElection
2019-10-24 15:44:20,322 [af280123-6372-4d1f-a5d4-c36229a73203@group-75C85B6D1182-LeaderElection251] INFO  impl.LeaderElection (LeaderElection.java:askForVotes(178)) - af280123-6372-4d1f-a5d4-c36229a73203@group-75C85B6D1182-LeaderElection251: begin an election at term 247 for -1: [9092f221-0e0d-4970-bb84-cacd95020f21:192.168.164.213:41903, af280123-6372-4d1f-a5d4-c36229a73203:192.168.164.213:35334, b4ae536c-ed18-4717-a75c-ca4b5d6c4001:192.168.164.213:41180], old=null
2019-10-24 15:44:20,323 [af280123-6372-4d1f-a5d4-c36229a73203@group-75C85B6D1182-LeaderElection251] INFO  impl.LeaderElection (LogUtils.java:infoOrTrace(149)) - af280123-6372-4d1f-a5d4-c36229a73203@group-75C85B6D1182-LeaderElection251 got exception when requesting votes: {}
java.util.concurrent.ExecutionException: org.apache.ratis.thirdparty.io.grpc.StatusRuntimeException: UNAVAILABLE: io exception
	at java.util.concurrent.FutureTask.report(FutureTask.java:122)
	at java.util.concurrent.FutureTask.get(FutureTask.java:192)
	at org.apache.ratis.server.impl.LeaderElection.waitForResults(LeaderElection.java:259)
	at org.apache.ratis.server.impl.LeaderElection.askForVotes(LeaderElection.java:197)
	at org.apache.ratis.server.impl.LeaderElection.run(LeaderElection.java:133)
	at java.lang.Thread.run(Thread.java:748)
Caused by: org.apache.ratis.thirdparty.io.grpc.StatusRuntimeException: UNAVAILABLE: io exception
	at org.apache.ratis.thirdparty.io.grpc.stub.ClientCalls.toStatusRuntimeException(ClientCalls.java:233)
	at org.apache.ratis.thirdparty.io.grpc.stub.ClientCalls.getUnchecked(ClientCalls.java:214)
	at org.apache.ratis.thirdparty.io.grpc.stub.ClientCalls.blockingUnaryCall(ClientCalls.java:139)
	at org.apache.ratis.proto.grpc.RaftServerProtocolServiceGrpc$RaftServerProtocolServiceBlockingStub.requestVote(RaftServerProtocolServiceGrpc.java:265)
	at org.apache.ratis.grpc.server.GrpcServerProtocolClient.requestVote(GrpcServerProtocolClient.java:99)
	at org.apache.ratis.grpc.server.GrpcService.requestVote(GrpcService.java:204)
	at org.apache.ratis.server.impl.LeaderElection.lambda$submitRequests$1(LeaderElection.java:234)
	at java.util.concurrent.FutureTask.run(FutureTask.java:266)
	at java.util.concurrent.Executors$RunnableAdapter.call(Executors.java:511)
	at java.util.concurrent.FutureTask.run(FutureTask.java:266)
	at java.util.concurrent.ThreadPoolExecutor.runWorker(ThreadPoolExecutor.java:1149)
	at java.util.concurrent.ThreadPoolExecutor$Worker.run(ThreadPoolExecutor.java:624)
	... 1 more
Caused by: org.apache.ratis.thirdparty.io.netty.channel.AbstractChannel$AnnotatedConnectException: Connection refused: /192.168.164.213:41903
	at sun.nio.ch.SocketChannelImpl.checkConnect(Native Method)
	at sun.nio.ch.SocketChannelImpl.finishConnect(SocketChannelImpl.java:717)
	at org.apache.ratis.thirdparty.io.netty.channel.socket.nio.NioSocketChannel.doFinishConnect(NioSocketChannel.java:327)
	at org.apache.ratis.thirdparty.io.netty.channel.nio.AbstractNioChannel$AbstractNioUnsafe.finishConnect(AbstractNioChannel.java:340)
	at org.apache.ratis.thirdparty.io.netty.channel.nio.NioEventLoop.processSelectedKey(NioEventLoop.java:632)
	at org.apache.ratis.thirdparty.io.netty.channel.nio.NioEventLoop.processSelectedKeysOptimized(NioEventLoop.java:579)
	at org.apache.ratis.thirdparty.io.netty.channel.nio.NioEventLoop.processSelectedKeys(NioEventLoop.java:496)
	at org.apache.ratis.thirdparty.io.netty.channel.nio.NioEventLoop.run(NioEventLoop.java:458)
	at org.apache.ratis.thirdparty.io.netty.util.concurrent.SingleThreadEventExecutor$5.run(SingleThreadEventExecutor.java:897)
	at org.apache.ratis.thirdparty.io.netty.util.concurrent.FastThreadLocalRunnable.run(FastThreadLocalRunnable.java:30)
	... 1 more
Caused by: java.net.ConnectException: Connection refused
	... 11 more
2019-10-24 15:44:20,324 [grpc-default-executor-4] INFO  impl.RaftServerImpl (RaftServerImpl.java:setRole(184)) - b4ae536c-ed18-4717-a75c-ca4b5d6c4001@group-75C85B6D1182: changes role from  FOLLOWER to FOLLOWER at term 247 for recognizeCandidate:af280123-6372-4d1f-a5d4-c36229a73203
2019-10-24 15:44:20,324 [grpc-default-executor-4] INFO  impl.RoleInfo (RoleInfo.java:shutdownFollowerState(121)) - b4ae536c-ed18-4717-a75c-ca4b5d6c4001: shutdown FollowerState
2019-10-24 15:44:20,324 [Thread-2160] INFO  impl.FollowerState (FollowerState.java:run(117)) - b4ae536c-ed18-4717-a75c-ca4b5d6c4001@group-75C85B6D1182-FollowerState was interrupted: java.lang.InterruptedException: sleep interrupted
2019-10-24 15:44:20,324 [grpc-default-executor-4] INFO  impl.RoleInfo (RoleInfo.java:updateAndGet(143)) - b4ae536c-ed18-4717-a75c-ca4b5d6c4001: start FollowerState
2019-10-24 15:44:20,338 [af280123-6372-4d1f-a5d4-c36229a73203@group-75C85B6D1182-LeaderElection251] INFO  impl.LeaderElection (LeaderElection.java:logAndReturn(56)) - af280123-6372-4d1f-a5d4-c36229a73203@group-75C85B6D1182-LeaderElection251: Election REJECTED; received 1 response(s) [af280123-6372-4d1f-a5d4-c36229a73203<-b4ae536c-ed18-4717-a75c-ca4b5d6c4001#0:FAIL-t247] and 1 exception(s); af280123-6372-4d1f-a5d4-c36229a73203@group-75C85B6D1182:t247, leader=null, voted=af280123-6372-4d1f-a5d4-c36229a73203, raftlog=af280123-6372-4d1f-a5d4-c36229a73203@group-75C85B6D1182-SegmentedRaftLog:OPENED:c-1,f-1,i0, conf=-1: [9092f221-0e0d-4970-bb84-cacd95020f21:192.168.164.213:41903, af280123-6372-4d1f-a5d4-c36229a73203:192.168.164.213:35334, b4ae536c-ed18-4717-a75c-ca4b5d6c4001:192.168.164.213:41180], old=null
2019-10-24 15:44:20,338 [af280123-6372-4d1f-a5d4-c36229a73203@group-75C85B6D1182-LeaderElection251] INFO  impl.LeaderElection (LogUtils.java:infoOrTrace(149)) -   Exception 0: {}
java.util.concurrent.ExecutionException: org.apache.ratis.thirdparty.io.grpc.StatusRuntimeException: UNAVAILABLE: io exception
	at java.util.concurrent.FutureTask.report(FutureTask.java:122)
	at java.util.concurrent.FutureTask.get(FutureTask.java:192)
	at org.apache.ratis.server.impl.LeaderElection.waitForResults(LeaderElection.java:259)
	at org.apache.ratis.server.impl.LeaderElection.askForVotes(LeaderElection.java:197)
	at org.apache.ratis.server.impl.LeaderElection.run(LeaderElection.java:133)
	at java.lang.Thread.run(Thread.java:748)
Caused by: org.apache.ratis.thirdparty.io.grpc.StatusRuntimeException: UNAVAILABLE: io exception
	at org.apache.ratis.thirdparty.io.grpc.stub.ClientCalls.toStatusRuntimeException(ClientCalls.java:233)
	at org.apache.ratis.thirdparty.io.grpc.stub.ClientCalls.getUnchecked(ClientCalls.java:214)
	at org.apache.ratis.thirdparty.io.grpc.stub.ClientCalls.blockingUnaryCall(ClientCalls.java:139)
	at org.apache.ratis.proto.grpc.RaftServerProtocolServiceGrpc$RaftServerProtocolServiceBlockingStub.requestVote(RaftServerProtocolServiceGrpc.java:265)
	at org.apache.ratis.grpc.server.GrpcServerProtocolClient.requestVote(GrpcServerProtocolClient.java:99)
	at org.apache.ratis.grpc.server.GrpcService.requestVote(GrpcService.java:204)
	at org.apache.ratis.server.impl.LeaderElection.lambda$submitRequests$1(LeaderElection.java:234)
	at java.util.concurrent.FutureTask.run(FutureTask.java:266)
	at java.util.concurrent.Executors$RunnableAdapter.call(Executors.java:511)
	at java.util.concurrent.FutureTask.run(FutureTask.java:266)
	at java.util.concurrent.ThreadPoolExecutor.runWorker(ThreadPoolExecutor.java:1149)
	at java.util.concurrent.ThreadPoolExecutor$Worker.run(ThreadPoolExecutor.java:624)
	... 1 more
Caused by: org.apache.ratis.thirdparty.io.netty.channel.AbstractChannel$AnnotatedConnectException: Connection refused: /192.168.164.213:41903
	at sun.nio.ch.SocketChannelImpl.checkConnect(Native Method)
	at sun.nio.ch.SocketChannelImpl.finishConnect(SocketChannelImpl.java:717)
	at org.apache.ratis.thirdparty.io.netty.channel.socket.nio.NioSocketChannel.doFinishConnect(NioSocketChannel.java:327)
	at org.apache.ratis.thirdparty.io.netty.channel.nio.AbstractNioChannel$AbstractNioUnsafe.finishConnect(AbstractNioChannel.java:340)
	at org.apache.ratis.thirdparty.io.netty.channel.nio.NioEventLoop.processSelectedKey(NioEventLoop.java:632)
	at org.apache.ratis.thirdparty.io.netty.channel.nio.NioEventLoop.processSelectedKeysOptimized(NioEventLoop.java:579)
	at org.apache.ratis.thirdparty.io.netty.channel.nio.NioEventLoop.processSelectedKeys(NioEventLoop.java:496)
	at org.apache.ratis.thirdparty.io.netty.channel.nio.NioEventLoop.run(NioEventLoop.java:458)
	at org.apache.ratis.thirdparty.io.netty.util.concurrent.SingleThreadEventExecutor$5.run(SingleThreadEventExecutor.java:897)
	at org.apache.ratis.thirdparty.io.netty.util.concurrent.FastThreadLocalRunnable.run(FastThreadLocalRunnable.java:30)
	... 1 more
Caused by: java.net.ConnectException: Connection refused
	... 11 more
2019-10-24 15:44:20,338 [af280123-6372-4d1f-a5d4-c36229a73203@group-75C85B6D1182-LeaderElection251] INFO  impl.RaftServerImpl (RaftServerImpl.java:setRole(184)) - af280123-6372-4d1f-a5d4-c36229a73203@group-75C85B6D1182: changes role from CANDIDATE to FOLLOWER at term 247 for DISCOVERED_A_NEW_TERM
2019-10-24 15:44:20,338 [af280123-6372-4d1f-a5d4-c36229a73203@group-75C85B6D1182-LeaderElection251] INFO  impl.RoleInfo (RoleInfo.java:shutdownLeaderElection(134)) - af280123-6372-4d1f-a5d4-c36229a73203: shutdown LeaderElection
2019-10-24 15:44:20,338 [af280123-6372-4d1f-a5d4-c36229a73203@group-75C85B6D1182-LeaderElection251] INFO  impl.RoleInfo (RoleInfo.java:updateAndGet(143)) - af280123-6372-4d1f-a5d4-c36229a73203: start FollowerState
2019-10-24 15:44:20,338 [java.util.concurrent.ThreadPoolExecutor$Worker@15849834[State = -1, empty queue]] WARN  server.GrpcLogAppender (GrpcLogAppender.java:timeoutAppendRequest(209)) - 2f81ded6-48e6-408d-9409-3cd44f70bee8@group-56059261E3EC->3a65ecdf-e32f-4548-a2e5-44ab823c11b3-GrpcLogAppender: appendEntries Timeout, request=2f81ded6-48e6-408d-9409-3cd44f70bee8->3a65ecdf-e32f-4548-a2e5-44ab823c11b3#70-t6, previous=(t:6, i:16), leaderCommit=16, initializing? false, entries: <empty>
2019-10-24 15:44:20,522 [Thread-2166] INFO  impl.FollowerState (FollowerState.java:run(108)) - af280123-6372-4d1f-a5d4-c36229a73203@group-75C85B6D1182-FollowerState: change to CANDIDATE, lastRpcTime:183ms, electionTimeout:183ms
2019-10-24 15:44:20,522 [Thread-2166] INFO  impl.RoleInfo (RoleInfo.java:shutdownFollowerState(121)) - af280123-6372-4d1f-a5d4-c36229a73203: shutdown FollowerState
2019-10-24 15:44:20,522 [Thread-2166] INFO  impl.RaftServerImpl (RaftServerImpl.java:setRole(184)) - af280123-6372-4d1f-a5d4-c36229a73203@group-75C85B6D1182: changes role from  FOLLOWER to CANDIDATE at term 247 for changeToCandidate
2019-10-24 15:44:20,522 [Thread-2166] INFO  impl.RoleInfo (RoleInfo.java:updateAndGet(143)) - af280123-6372-4d1f-a5d4-c36229a73203: start LeaderElection
2019-10-24 15:44:20,536 [af280123-6372-4d1f-a5d4-c36229a73203@group-75C85B6D1182-LeaderElection252] INFO  impl.LeaderElection (LeaderElection.java:askForVotes(178)) - af280123-6372-4d1f-a5d4-c36229a73203@group-75C85B6D1182-LeaderElection252: begin an election at term 248 for -1: [9092f221-0e0d-4970-bb84-cacd95020f21:192.168.164.213:41903, af280123-6372-4d1f-a5d4-c36229a73203:192.168.164.213:35334, b4ae536c-ed18-4717-a75c-ca4b5d6c4001:192.168.164.213:41180], old=null
2019-10-24 15:44:20,537 [af280123-6372-4d1f-a5d4-c36229a73203@group-75C85B6D1182-LeaderElection252] INFO  impl.LeaderElection (LogUtils.java:infoOrTrace(149)) - af280123-6372-4d1f-a5d4-c36229a73203@group-75C85B6D1182-LeaderElection252 got exception when requesting votes: {}
java.util.concurrent.ExecutionException: org.apache.ratis.thirdparty.io.grpc.StatusRuntimeException: UNAVAILABLE: io exception
	at java.util.concurrent.FutureTask.report(FutureTask.java:122)
	at java.util.concurrent.FutureTask.get(FutureTask.java:192)
	at org.apache.ratis.server.impl.LeaderElection.waitForResults(LeaderElection.java:259)
	at org.apache.ratis.server.impl.LeaderElection.askForVotes(LeaderElection.java:197)
	at org.apache.ratis.server.impl.LeaderElection.run(LeaderElection.java:133)
	at java.lang.Thread.run(Thread.java:748)
Caused by: org.apache.ratis.thirdparty.io.grpc.StatusRuntimeException: UNAVAILABLE: io exception
	at org.apache.ratis.thirdparty.io.grpc.stub.ClientCalls.toStatusRuntimeException(ClientCalls.java:233)
	at org.apache.ratis.thirdparty.io.grpc.stub.ClientCalls.getUnchecked(ClientCalls.java:214)
	at org.apache.ratis.thirdparty.io.grpc.stub.ClientCalls.blockingUnaryCall(ClientCalls.java:139)
	at org.apache.ratis.proto.grpc.RaftServerProtocolServiceGrpc$RaftServerProtocolServiceBlockingStub.requestVote(RaftServerProtocolServiceGrpc.java:265)
	at org.apache.ratis.grpc.server.GrpcServerProtocolClient.requestVote(GrpcServerProtocolClient.java:99)
	at org.apache.ratis.grpc.server.GrpcService.requestVote(GrpcService.java:204)
	at org.apache.ratis.server.impl.LeaderElection.lambda$submitRequests$1(LeaderElection.java:234)
	at java.util.concurrent.FutureTask.run(FutureTask.java:266)
	at java.util.concurrent.Executors$RunnableAdapter.call(Executors.java:511)
	at java.util.concurrent.FutureTask.run(FutureTask.java:266)
	at java.util.concurrent.ThreadPoolExecutor.runWorker(ThreadPoolExecutor.java:1149)
	at java.util.concurrent.ThreadPoolExecutor$Worker.run(ThreadPoolExecutor.java:624)
	... 1 more
Caused by: org.apache.ratis.thirdparty.io.netty.channel.AbstractChannel$AnnotatedConnectException: Connection refused: /192.168.164.213:41903
	at sun.nio.ch.SocketChannelImpl.checkConnect(Native Method)
	at sun.nio.ch.SocketChannelImpl.finishConnect(SocketChannelImpl.java:717)
	at org.apache.ratis.thirdparty.io.netty.channel.socket.nio.NioSocketChannel.doFinishConnect(NioSocketChannel.java:327)
	at org.apache.ratis.thirdparty.io.netty.channel.nio.AbstractNioChannel$AbstractNioUnsafe.finishConnect(AbstractNioChannel.java:340)
	at org.apache.ratis.thirdparty.io.netty.channel.nio.NioEventLoop.processSelectedKey(NioEventLoop.java:632)
	at org.apache.ratis.thirdparty.io.netty.channel.nio.NioEventLoop.processSelectedKeysOptimized(NioEventLoop.java:579)
	at org.apache.ratis.thirdparty.io.netty.channel.nio.NioEventLoop.processSelectedKeys(NioEventLoop.java:496)
	at org.apache.ratis.thirdparty.io.netty.channel.nio.NioEventLoop.run(NioEventLoop.java:458)
	at org.apache.ratis.thirdparty.io.netty.util.concurrent.SingleThreadEventExecutor$5.run(SingleThreadEventExecutor.java:897)
	at org.apache.ratis.thirdparty.io.netty.util.concurrent.FastThreadLocalRunnable.run(FastThreadLocalRunnable.java:30)
	... 1 more
Caused by: java.net.ConnectException: Connection refused
	... 11 more
2019-10-24 15:44:20,538 [grpc-default-executor-4] INFO  impl.RaftServerImpl (RaftServerImpl.java:setRole(184)) - b4ae536c-ed18-4717-a75c-ca4b5d6c4001@group-75C85B6D1182: changes role from  FOLLOWER to FOLLOWER at term 248 for recognizeCandidate:af280123-6372-4d1f-a5d4-c36229a73203
2019-10-24 15:44:20,538 [grpc-default-executor-4] INFO  impl.RoleInfo (RoleInfo.java:shutdownFollowerState(121)) - b4ae536c-ed18-4717-a75c-ca4b5d6c4001: shutdown FollowerState
2019-10-24 15:44:20,538 [grpc-default-executor-4] INFO  impl.RoleInfo (RoleInfo.java:updateAndGet(143)) - b4ae536c-ed18-4717-a75c-ca4b5d6c4001: start FollowerState
2019-10-24 15:44:20,539 [Thread-2165] INFO  impl.FollowerState (FollowerState.java:run(117)) - b4ae536c-ed18-4717-a75c-ca4b5d6c4001@group-75C85B6D1182-FollowerState was interrupted: java.lang.InterruptedException: sleep interrupted
2019-10-24 15:44:20,567 [af280123-6372-4d1f-a5d4-c36229a73203@group-75C85B6D1182-LeaderElection252] INFO  impl.LeaderElection (LeaderElection.java:logAndReturn(56)) - af280123-6372-4d1f-a5d4-c36229a73203@group-75C85B6D1182-LeaderElection252: Election REJECTED; received 1 response(s) [af280123-6372-4d1f-a5d4-c36229a73203<-b4ae536c-ed18-4717-a75c-ca4b5d6c4001#0:FAIL-t248] and 1 exception(s); af280123-6372-4d1f-a5d4-c36229a73203@group-75C85B6D1182:t248, leader=null, voted=af280123-6372-4d1f-a5d4-c36229a73203, raftlog=af280123-6372-4d1f-a5d4-c36229a73203@group-75C85B6D1182-SegmentedRaftLog:OPENED:c-1,f-1,i0, conf=-1: [9092f221-0e0d-4970-bb84-cacd95020f21:192.168.164.213:41903, af280123-6372-4d1f-a5d4-c36229a73203:192.168.164.213:35334, b4ae536c-ed18-4717-a75c-ca4b5d6c4001:192.168.164.213:41180], old=null
2019-10-24 15:44:20,567 [af280123-6372-4d1f-a5d4-c36229a73203@group-75C85B6D1182-LeaderElection252] INFO  impl.LeaderElection (LogUtils.java:infoOrTrace(149)) -   Exception 0: {}
java.util.concurrent.ExecutionException: org.apache.ratis.thirdparty.io.grpc.StatusRuntimeException: UNAVAILABLE: io exception
	at java.util.concurrent.FutureTask.report(FutureTask.java:122)
	at java.util.concurrent.FutureTask.get(FutureTask.java:192)
	at org.apache.ratis.server.impl.LeaderElection.waitForResults(LeaderElection.java:259)
	at org.apache.ratis.server.impl.LeaderElection.askForVotes(LeaderElection.java:197)
	at org.apache.ratis.server.impl.LeaderElection.run(LeaderElection.java:133)
	at java.lang.Thread.run(Thread.java:748)
Caused by: org.apache.ratis.thirdparty.io.grpc.StatusRuntimeException: UNAVAILABLE: io exception
	at org.apache.ratis.thirdparty.io.grpc.stub.ClientCalls.toStatusRuntimeException(ClientCalls.java:233)
	at org.apache.ratis.thirdparty.io.grpc.stub.ClientCalls.getUnchecked(ClientCalls.java:214)
	at org.apache.ratis.thirdparty.io.grpc.stub.ClientCalls.blockingUnaryCall(ClientCalls.java:139)
	at org.apache.ratis.proto.grpc.RaftServerProtocolServiceGrpc$RaftServerProtocolServiceBlockingStub.requestVote(RaftServerProtocolServiceGrpc.java:265)
	at org.apache.ratis.grpc.server.GrpcServerProtocolClient.requestVote(GrpcServerProtocolClient.java:99)
	at org.apache.ratis.grpc.server.GrpcService.requestVote(GrpcService.java:204)
	at org.apache.ratis.server.impl.LeaderElection.lambda$submitRequests$1(LeaderElection.java:234)
	at java.util.concurrent.FutureTask.run(FutureTask.java:266)
	at java.util.concurrent.Executors$RunnableAdapter.call(Executors.java:511)
	at java.util.concurrent.FutureTask.run(FutureTask.java:266)
	at java.util.concurrent.ThreadPoolExecutor.runWorker(ThreadPoolExecutor.java:1149)
	at java.util.concurrent.ThreadPoolExecutor$Worker.run(ThreadPoolExecutor.java:624)
	... 1 more
Caused by: org.apache.ratis.thirdparty.io.netty.channel.AbstractChannel$AnnotatedConnectException: Connection refused: /192.168.164.213:41903
	at sun.nio.ch.SocketChannelImpl.checkConnect(Native Method)
	at sun.nio.ch.SocketChannelImpl.finishConnect(SocketChannelImpl.java:717)
	at org.apache.ratis.thirdparty.io.netty.channel.socket.nio.NioSocketChannel.doFinishConnect(NioSocketChannel.java:327)
	at org.apache.ratis.thirdparty.io.netty.channel.nio.AbstractNioChannel$AbstractNioUnsafe.finishConnect(AbstractNioChannel.java:340)
	at org.apache.ratis.thirdparty.io.netty.channel.nio.NioEventLoop.processSelectedKey(NioEventLoop.java:632)
	at org.apache.ratis.thirdparty.io.netty.channel.nio.NioEventLoop.processSelectedKeysOptimized(NioEventLoop.java:579)
	at org.apache.ratis.thirdparty.io.netty.channel.nio.NioEventLoop.processSelectedKeys(NioEventLoop.java:496)
	at org.apache.ratis.thirdparty.io.netty.channel.nio.NioEventLoop.run(NioEventLoop.java:458)
	at org.apache.ratis.thirdparty.io.netty.util.concurrent.SingleThreadEventExecutor$5.run(SingleThreadEventExecutor.java:897)
	at org.apache.ratis.thirdparty.io.netty.util.concurrent.FastThreadLocalRunnable.run(FastThreadLocalRunnable.java:30)
	... 1 more
Caused by: java.net.ConnectException: Connection refused
	... 11 more
2019-10-24 15:44:20,567 [af280123-6372-4d1f-a5d4-c36229a73203@group-75C85B6D1182-LeaderElection252] INFO  impl.RaftServerImpl (RaftServerImpl.java:setRole(184)) - af280123-6372-4d1f-a5d4-c36229a73203@group-75C85B6D1182: changes role from CANDIDATE to FOLLOWER at term 248 for DISCOVERED_A_NEW_TERM
2019-10-24 15:44:20,568 [af280123-6372-4d1f-a5d4-c36229a73203@group-75C85B6D1182-LeaderElection252] INFO  impl.RoleInfo (RoleInfo.java:shutdownLeaderElection(134)) - af280123-6372-4d1f-a5d4-c36229a73203: shutdown LeaderElection
2019-10-24 15:44:20,568 [af280123-6372-4d1f-a5d4-c36229a73203@group-75C85B6D1182-LeaderElection252] INFO  impl.RoleInfo (RoleInfo.java:updateAndGet(143)) - af280123-6372-4d1f-a5d4-c36229a73203: start FollowerState
2019-10-24 15:44:20,578 [Thread-2172] INFO  impl.FollowerState (FollowerState.java:run(108)) - af280123-6372-4d1f-a5d4-c36229a73203@group-75C85B6D1182-FollowerState: change to CANDIDATE, lastRpcTime:10ms, electionTimeout:10ms
2019-10-24 15:44:20,578 [Thread-2172] INFO  impl.RoleInfo (RoleInfo.java:shutdownFollowerState(121)) - af280123-6372-4d1f-a5d4-c36229a73203: shutdown FollowerState
2019-10-24 15:44:20,578 [Thread-2172] INFO  impl.RaftServerImpl (RaftServerImpl.java:setRole(184)) - af280123-6372-4d1f-a5d4-c36229a73203@group-75C85B6D1182: changes role from  FOLLOWER to CANDIDATE at term 248 for changeToCandidate
2019-10-24 15:44:20,579 [Thread-2172] INFO  impl.RoleInfo (RoleInfo.java:updateAndGet(143)) - af280123-6372-4d1f-a5d4-c36229a73203: start LeaderElection
2019-10-24 15:44:20,600 [af280123-6372-4d1f-a5d4-c36229a73203@group-75C85B6D1182-LeaderElection253] INFO  impl.LeaderElection (LeaderElection.java:askForVotes(178)) - af280123-6372-4d1f-a5d4-c36229a73203@group-75C85B6D1182-LeaderElection253: begin an election at term 249 for -1: [9092f221-0e0d-4970-bb84-cacd95020f21:192.168.164.213:41903, af280123-6372-4d1f-a5d4-c36229a73203:192.168.164.213:35334, b4ae536c-ed18-4717-a75c-ca4b5d6c4001:192.168.164.213:41180], old=null
2019-10-24 15:44:20,603 [af280123-6372-4d1f-a5d4-c36229a73203@group-75C85B6D1182-LeaderElection253] INFO  impl.LeaderElection (LogUtils.java:infoOrTrace(149)) - af280123-6372-4d1f-a5d4-c36229a73203@group-75C85B6D1182-LeaderElection253 got exception when requesting votes: {}
java.util.concurrent.ExecutionException: org.apache.ratis.thirdparty.io.grpc.StatusRuntimeException: UNAVAILABLE: io exception
	at java.util.concurrent.FutureTask.report(FutureTask.java:122)
	at java.util.concurrent.FutureTask.get(FutureTask.java:192)
	at org.apache.ratis.server.impl.LeaderElection.waitForResults(LeaderElection.java:259)
	at org.apache.ratis.server.impl.LeaderElection.askForVotes(LeaderElection.java:197)
	at org.apache.ratis.server.impl.LeaderElection.run(LeaderElection.java:133)
	at java.lang.Thread.run(Thread.java:748)
Caused by: org.apache.ratis.thirdparty.io.grpc.StatusRuntimeException: UNAVAILABLE: io exception
	at org.apache.ratis.thirdparty.io.grpc.stub.ClientCalls.toStatusRuntimeException(ClientCalls.java:233)
	at org.apache.ratis.thirdparty.io.grpc.stub.ClientCalls.getUnchecked(ClientCalls.java:214)
	at org.apache.ratis.thirdparty.io.grpc.stub.ClientCalls.blockingUnaryCall(ClientCalls.java:139)
	at org.apache.ratis.proto.grpc.RaftServerProtocolServiceGrpc$RaftServerProtocolServiceBlockingStub.requestVote(RaftServerProtocolServiceGrpc.java:265)
	at org.apache.ratis.grpc.server.GrpcServerProtocolClient.requestVote(GrpcServerProtocolClient.java:99)
	at org.apache.ratis.grpc.server.GrpcService.requestVote(GrpcService.java:204)
	at org.apache.ratis.server.impl.LeaderElection.lambda$submitRequests$1(LeaderElection.java:234)
	at java.util.concurrent.FutureTask.run(FutureTask.java:266)
	at java.util.concurrent.Executors$RunnableAdapter.call(Executors.java:511)
	at java.util.concurrent.FutureTask.run(FutureTask.java:266)
	at java.util.concurrent.ThreadPoolExecutor.runWorker(ThreadPoolExecutor.java:1149)
	at java.util.concurrent.ThreadPoolExecutor$Worker.run(ThreadPoolExecutor.java:624)
	... 1 more
Caused by: org.apache.ratis.thirdparty.io.netty.channel.AbstractChannel$AnnotatedConnectException: Connection refused: /192.168.164.213:41903
	at sun.nio.ch.SocketChannelImpl.checkConnect(Native Method)
	at sun.nio.ch.SocketChannelImpl.finishConnect(SocketChannelImpl.java:717)
	at org.apache.ratis.thirdparty.io.netty.channel.socket.nio.NioSocketChannel.doFinishConnect(NioSocketChannel.java:327)
	at org.apache.ratis.thirdparty.io.netty.channel.nio.AbstractNioChannel$AbstractNioUnsafe.finishConnect(AbstractNioChannel.java:340)
	at org.apache.ratis.thirdparty.io.netty.channel.nio.NioEventLoop.processSelectedKey(NioEventLoop.java:632)
	at org.apache.ratis.thirdparty.io.netty.channel.nio.NioEventLoop.processSelectedKeysOptimized(NioEventLoop.java:579)
	at org.apache.ratis.thirdparty.io.netty.channel.nio.NioEventLoop.processSelectedKeys(NioEventLoop.java:496)
	at org.apache.ratis.thirdparty.io.netty.channel.nio.NioEventLoop.run(NioEventLoop.java:458)
	at org.apache.ratis.thirdparty.io.netty.util.concurrent.SingleThreadEventExecutor$5.run(SingleThreadEventExecutor.java:897)
	at org.apache.ratis.thirdparty.io.netty.util.concurrent.FastThreadLocalRunnable.run(FastThreadLocalRunnable.java:30)
	... 1 more
Caused by: java.net.ConnectException: Connection refused
	... 11 more
2019-10-24 15:44:20,603 [grpc-default-executor-4] INFO  impl.RaftServerImpl (RaftServerImpl.java:setRole(184)) - b4ae536c-ed18-4717-a75c-ca4b5d6c4001@group-75C85B6D1182: changes role from  FOLLOWER to FOLLOWER at term 249 for recognizeCandidate:af280123-6372-4d1f-a5d4-c36229a73203
2019-10-24 15:44:20,604 [grpc-default-executor-4] INFO  impl.RoleInfo (RoleInfo.java:shutdownFollowerState(121)) - b4ae536c-ed18-4717-a75c-ca4b5d6c4001: shutdown FollowerState
2019-10-24 15:44:20,604 [grpc-default-executor-4] INFO  impl.RoleInfo (RoleInfo.java:updateAndGet(143)) - b4ae536c-ed18-4717-a75c-ca4b5d6c4001: start FollowerState
2019-10-24 15:44:20,604 [Thread-2171] INFO  impl.FollowerState (FollowerState.java:run(117)) - b4ae536c-ed18-4717-a75c-ca4b5d6c4001@group-75C85B6D1182-FollowerState was interrupted: java.lang.InterruptedException: sleep interrupted
2019-10-24 15:44:20,617 [af280123-6372-4d1f-a5d4-c36229a73203@group-75C85B6D1182-LeaderElection253] INFO  impl.LeaderElection (LeaderElection.java:logAndReturn(56)) - af280123-6372-4d1f-a5d4-c36229a73203@group-75C85B6D1182-LeaderElection253: Election REJECTED; received 1 response(s) [af280123-6372-4d1f-a5d4-c36229a73203<-b4ae536c-ed18-4717-a75c-ca4b5d6c4001#0:FAIL-t249] and 1 exception(s); af280123-6372-4d1f-a5d4-c36229a73203@group-75C85B6D1182:t249, leader=null, voted=af280123-6372-4d1f-a5d4-c36229a73203, raftlog=af280123-6372-4d1f-a5d4-c36229a73203@group-75C85B6D1182-SegmentedRaftLog:OPENED:c-1,f-1,i0, conf=-1: [9092f221-0e0d-4970-bb84-cacd95020f21:192.168.164.213:41903, af280123-6372-4d1f-a5d4-c36229a73203:192.168.164.213:35334, b4ae536c-ed18-4717-a75c-ca4b5d6c4001:192.168.164.213:41180], old=null
2019-10-24 15:44:20,617 [af280123-6372-4d1f-a5d4-c36229a73203@group-75C85B6D1182-LeaderElection253] INFO  impl.LeaderElection (LogUtils.java:infoOrTrace(149)) -   Exception 0: {}
java.util.concurrent.ExecutionException: org.apache.ratis.thirdparty.io.grpc.StatusRuntimeException: UNAVAILABLE: io exception
	at java.util.concurrent.FutureTask.report(FutureTask.java:122)
	at java.util.concurrent.FutureTask.get(FutureTask.java:192)
	at org.apache.ratis.server.impl.LeaderElection.waitForResults(LeaderElection.java:259)
	at org.apache.ratis.server.impl.LeaderElection.askForVotes(LeaderElection.java:197)
	at org.apache.ratis.server.impl.LeaderElection.run(LeaderElection.java:133)
	at java.lang.Thread.run(Thread.java:748)
Caused by: org.apache.ratis.thirdparty.io.grpc.StatusRuntimeException: UNAVAILABLE: io exception
	at org.apache.ratis.thirdparty.io.grpc.stub.ClientCalls.toStatusRuntimeException(ClientCalls.java:233)
	at org.apache.ratis.thirdparty.io.grpc.stub.ClientCalls.getUnchecked(ClientCalls.java:214)
	at org.apache.ratis.thirdparty.io.grpc.stub.ClientCalls.blockingUnaryCall(ClientCalls.java:139)
	at org.apache.ratis.proto.grpc.RaftServerProtocolServiceGrpc$RaftServerProtocolServiceBlockingStub.requestVote(RaftServerProtocolServiceGrpc.java:265)
	at org.apache.ratis.grpc.server.GrpcServerProtocolClient.requestVote(GrpcServerProtocolClient.java:99)
	at org.apache.ratis.grpc.server.GrpcService.requestVote(GrpcService.java:204)
	at org.apache.ratis.server.impl.LeaderElection.lambda$submitRequests$1(LeaderElection.java:234)
	at java.util.concurrent.FutureTask.run(FutureTask.java:266)
	at java.util.concurrent.Executors$RunnableAdapter.call(Executors.java:511)
	at java.util.concurrent.FutureTask.run(FutureTask.java:266)
	at java.util.concurrent.ThreadPoolExecutor.runWorker(ThreadPoolExecutor.java:1149)
	at java.util.concurrent.ThreadPoolExecutor$Worker.run(ThreadPoolExecutor.java:624)
	... 1 more
Caused by: org.apache.ratis.thirdparty.io.netty.channel.AbstractChannel$AnnotatedConnectException: Connection refused: /192.168.164.213:41903
	at sun.nio.ch.SocketChannelImpl.checkConnect(Native Method)
	at sun.nio.ch.SocketChannelImpl.finishConnect(SocketChannelImpl.java:717)
	at org.apache.ratis.thirdparty.io.netty.channel.socket.nio.NioSocketChannel.doFinishConnect(NioSocketChannel.java:327)
	at org.apache.ratis.thirdparty.io.netty.channel.nio.AbstractNioChannel$AbstractNioUnsafe.finishConnect(AbstractNioChannel.java:340)
	at org.apache.ratis.thirdparty.io.netty.channel.nio.NioEventLoop.processSelectedKey(NioEventLoop.java:632)
	at org.apache.ratis.thirdparty.io.netty.channel.nio.NioEventLoop.processSelectedKeysOptimized(NioEventLoop.java:579)
	at org.apache.ratis.thirdparty.io.netty.channel.nio.NioEventLoop.processSelectedKeys(NioEventLoop.java:496)
	at org.apache.ratis.thirdparty.io.netty.channel.nio.NioEventLoop.run(NioEventLoop.java:458)
	at org.apache.ratis.thirdparty.io.netty.util.concurrent.SingleThreadEventExecutor$5.run(SingleThreadEventExecutor.java:897)
	at org.apache.ratis.thirdparty.io.netty.util.concurrent.FastThreadLocalRunnable.run(FastThreadLocalRunnable.java:30)
	... 1 more
Caused by: java.net.ConnectException: Connection refused
	... 11 more
2019-10-24 15:44:20,618 [af280123-6372-4d1f-a5d4-c36229a73203@group-75C85B6D1182-LeaderElection253] INFO  impl.RaftServerImpl (RaftServerImpl.java:setRole(184)) - af280123-6372-4d1f-a5d4-c36229a73203@group-75C85B6D1182: changes role from CANDIDATE to FOLLOWER at term 249 for DISCOVERED_A_NEW_TERM
2019-10-24 15:44:20,618 [af280123-6372-4d1f-a5d4-c36229a73203@group-75C85B6D1182-LeaderElection253] INFO  impl.RoleInfo (RoleInfo.java:shutdownLeaderElection(134)) - af280123-6372-4d1f-a5d4-c36229a73203: shutdown LeaderElection
2019-10-24 15:44:20,618 [af280123-6372-4d1f-a5d4-c36229a73203@group-75C85B6D1182-LeaderElection253] INFO  impl.RoleInfo (RoleInfo.java:updateAndGet(143)) - af280123-6372-4d1f-a5d4-c36229a73203: start FollowerState
2019-10-24 15:44:20,787 [Thread-2177] INFO  impl.FollowerState (FollowerState.java:run(108)) - af280123-6372-4d1f-a5d4-c36229a73203@group-75C85B6D1182-FollowerState: change to CANDIDATE, lastRpcTime:169ms, electionTimeout:169ms
2019-10-24 15:44:20,787 [Thread-2177] INFO  impl.RoleInfo (RoleInfo.java:shutdownFollowerState(121)) - af280123-6372-4d1f-a5d4-c36229a73203: shutdown FollowerState
2019-10-24 15:44:20,788 [Thread-2177] INFO  impl.RaftServerImpl (RaftServerImpl.java:setRole(184)) - af280123-6372-4d1f-a5d4-c36229a73203@group-75C85B6D1182: changes role from  FOLLOWER to CANDIDATE at term 249 for changeToCandidate
2019-10-24 15:44:20,788 [Thread-2177] INFO  impl.RoleInfo (RoleInfo.java:updateAndGet(143)) - af280123-6372-4d1f-a5d4-c36229a73203: start LeaderElection
2019-10-24 15:44:20,805 [af280123-6372-4d1f-a5d4-c36229a73203@group-75C85B6D1182-LeaderElection254] INFO  impl.LeaderElection (LeaderElection.java:askForVotes(178)) - af280123-6372-4d1f-a5d4-c36229a73203@group-75C85B6D1182-LeaderElection254: begin an election at term 250 for -1: [9092f221-0e0d-4970-bb84-cacd95020f21:192.168.164.213:41903, af280123-6372-4d1f-a5d4-c36229a73203:192.168.164.213:35334, b4ae536c-ed18-4717-a75c-ca4b5d6c4001:192.168.164.213:41180], old=null
2019-10-24 15:44:20,806 [af280123-6372-4d1f-a5d4-c36229a73203@group-75C85B6D1182-LeaderElection254] INFO  impl.LeaderElection (LogUtils.java:infoOrTrace(149)) - af280123-6372-4d1f-a5d4-c36229a73203@group-75C85B6D1182-LeaderElection254 got exception when requesting votes: {}
java.util.concurrent.ExecutionException: org.apache.ratis.thirdparty.io.grpc.StatusRuntimeException: UNAVAILABLE: io exception
	at java.util.concurrent.FutureTask.report(FutureTask.java:122)
	at java.util.concurrent.FutureTask.get(FutureTask.java:192)
	at org.apache.ratis.server.impl.LeaderElection.waitForResults(LeaderElection.java:259)
	at org.apache.ratis.server.impl.LeaderElection.askForVotes(LeaderElection.java:197)
	at org.apache.ratis.server.impl.LeaderElection.run(LeaderElection.java:133)
	at java.lang.Thread.run(Thread.java:748)
Caused by: org.apache.ratis.thirdparty.io.grpc.StatusRuntimeException: UNAVAILABLE: io exception
	at org.apache.ratis.thirdparty.io.grpc.stub.ClientCalls.toStatusRuntimeException(ClientCalls.java:233)
	at org.apache.ratis.thirdparty.io.grpc.stub.ClientCalls.getUnchecked(ClientCalls.java:214)
	at org.apache.ratis.thirdparty.io.grpc.stub.ClientCalls.blockingUnaryCall(ClientCalls.java:139)
	at org.apache.ratis.proto.grpc.RaftServerProtocolServiceGrpc$RaftServerProtocolServiceBlockingStub.requestVote(RaftServerProtocolServiceGrpc.java:265)
	at org.apache.ratis.grpc.server.GrpcServerProtocolClient.requestVote(GrpcServerProtocolClient.java:99)
	at org.apache.ratis.grpc.server.GrpcService.requestVote(GrpcService.java:204)
	at org.apache.ratis.server.impl.LeaderElection.lambda$submitRequests$1(LeaderElection.java:234)
	at java.util.concurrent.FutureTask.run(FutureTask.java:266)
	at java.util.concurrent.Executors$RunnableAdapter.call(Executors.java:511)
	at java.util.concurrent.FutureTask.run(FutureTask.java:266)
	at java.util.concurrent.ThreadPoolExecutor.runWorker(ThreadPoolExecutor.java:1149)
	at java.util.concurrent.ThreadPoolExecutor$Worker.run(ThreadPoolExecutor.java:624)
	... 1 more
Caused by: org.apache.ratis.thirdparty.io.netty.channel.AbstractChannel$AnnotatedConnectException: Connection refused: /192.168.164.213:41903
	at sun.nio.ch.SocketChannelImpl.checkConnect(Native Method)
	at sun.nio.ch.SocketChannelImpl.finishConnect(SocketChannelImpl.java:717)
	at org.apache.ratis.thirdparty.io.netty.channel.socket.nio.NioSocketChannel.doFinishConnect(NioSocketChannel.java:327)
	at org.apache.ratis.thirdparty.io.netty.channel.nio.AbstractNioChannel$AbstractNioUnsafe.finishConnect(AbstractNioChannel.java:340)
	at org.apache.ratis.thirdparty.io.netty.channel.nio.NioEventLoop.processSelectedKey(NioEventLoop.java:632)
	at org.apache.ratis.thirdparty.io.netty.channel.nio.NioEventLoop.processSelectedKeysOptimized(NioEventLoop.java:579)
	at org.apache.ratis.thirdparty.io.netty.channel.nio.NioEventLoop.processSelectedKeys(NioEventLoop.java:496)
	at org.apache.ratis.thirdparty.io.netty.channel.nio.NioEventLoop.run(NioEventLoop.java:458)
	at org.apache.ratis.thirdparty.io.netty.util.concurrent.SingleThreadEventExecutor$5.run(SingleThreadEventExecutor.java:897)
	at org.apache.ratis.thirdparty.io.netty.util.concurrent.FastThreadLocalRunnable.run(FastThreadLocalRunnable.java:30)
	... 1 more
Caused by: java.net.ConnectException: Connection refused
	... 11 more
2019-10-24 15:44:20,808 [grpc-default-executor-4] INFO  impl.RaftServerImpl (RaftServerImpl.java:setRole(184)) - b4ae536c-ed18-4717-a75c-ca4b5d6c4001@group-75C85B6D1182: changes role from  FOLLOWER to FOLLOWER at term 250 for recognizeCandidate:af280123-6372-4d1f-a5d4-c36229a73203
2019-10-24 15:44:20,808 [grpc-default-executor-4] INFO  impl.RoleInfo (RoleInfo.java:shutdownFollowerState(121)) - b4ae536c-ed18-4717-a75c-ca4b5d6c4001: shutdown FollowerState
2019-10-24 15:44:20,808 [grpc-default-executor-4] INFO  impl.RoleInfo (RoleInfo.java:updateAndGet(143)) - b4ae536c-ed18-4717-a75c-ca4b5d6c4001: start FollowerState
2019-10-24 15:44:20,808 [Thread-2176] INFO  impl.FollowerState (FollowerState.java:run(117)) - b4ae536c-ed18-4717-a75c-ca4b5d6c4001@group-75C85B6D1182-FollowerState was interrupted: java.lang.InterruptedException: sleep interrupted
2019-10-24 15:44:20,820 [main] INFO  ozoneimpl.OzoneContainer (OzoneContainer.java:stop(227)) - Attempting to stop container services.
2019-10-24 15:44:20,820 [ForkJoinPool.commonPool-worker-0] INFO  ozoneimpl.OzoneContainer (OzoneContainer.java:stop(227)) - Attempting to stop container services.
2019-10-24 15:44:20,821 [main] INFO  impl.RaftServerProxy (RaftServerProxy.java:lambda$close$4(314)) - 2f81ded6-48e6-408d-9409-3cd44f70bee8: close
2019-10-24 15:44:20,822 [ForkJoinPool.commonPool-worker-0] INFO  impl.RaftServerProxy (RaftServerProxy.java:lambda$close$4(314)) - b4ae536c-ed18-4717-a75c-ca4b5d6c4001: close
2019-10-24 15:44:20,822 [main] INFO  impl.RaftServerImpl (RaftServerImpl.java:lambda$shutdown$3(261)) - 2f81ded6-48e6-408d-9409-3cd44f70bee8@group-42AE6B04FFCC: shutdown
2019-10-24 15:44:20,822 [ForkJoinPool.commonPool-worker-0] INFO  impl.RaftServerImpl (RaftServerImpl.java:lambda$shutdown$3(261)) - b4ae536c-ed18-4717-a75c-ca4b5d6c4001@group-75C85B6D1182: shutdown
2019-10-24 15:44:20,822 [main] INFO  util.JmxRegister (JmxRegister.java:unregister(73)) - Successfully un-registered JMX Bean with object name Ratis:service=RaftServer,group=group-42AE6B04FFCC,id=2f81ded6-48e6-408d-9409-3cd44f70bee8
2019-10-24 15:44:20,823 [ForkJoinPool.commonPool-worker-0] INFO  util.JmxRegister (JmxRegister.java:unregister(73)) - Successfully un-registered JMX Bean with object name Ratis:service=RaftServer,group=group-75C85B6D1182,id=b4ae536c-ed18-4717-a75c-ca4b5d6c4001
2019-10-24 15:44:20,823 [ForkJoinPool.commonPool-worker-0] INFO  impl.RoleInfo (RoleInfo.java:shutdownFollowerState(121)) - b4ae536c-ed18-4717-a75c-ca4b5d6c4001: shutdown FollowerState
2019-10-24 15:44:20,823 [af280123-6372-4d1f-a5d4-c36229a73203@group-75C85B6D1182-LeaderElection254] INFO  impl.LeaderElection (LeaderElection.java:logAndReturn(56)) - af280123-6372-4d1f-a5d4-c36229a73203@group-75C85B6D1182-LeaderElection254: Election REJECTED; received 1 response(s) [af280123-6372-4d1f-a5d4-c36229a73203<-b4ae536c-ed18-4717-a75c-ca4b5d6c4001#0:FAIL-t250] and 1 exception(s); af280123-6372-4d1f-a5d4-c36229a73203@group-75C85B6D1182:t250, leader=null, voted=af280123-6372-4d1f-a5d4-c36229a73203, raftlog=af280123-6372-4d1f-a5d4-c36229a73203@group-75C85B6D1182-SegmentedRaftLog:OPENED:c-1,f-1,i0, conf=-1: [9092f221-0e0d-4970-bb84-cacd95020f21:192.168.164.213:41903, af280123-6372-4d1f-a5d4-c36229a73203:192.168.164.213:35334, b4ae536c-ed18-4717-a75c-ca4b5d6c4001:192.168.164.213:41180], old=null
2019-10-24 15:44:20,823 [main] INFO  impl.RoleInfo (RoleInfo.java:shutdownLeaderState(104)) - 2f81ded6-48e6-408d-9409-3cd44f70bee8: shutdown LeaderState
2019-10-24 15:44:20,824 [af280123-6372-4d1f-a5d4-c36229a73203@group-75C85B6D1182-LeaderElection254] INFO  impl.LeaderElection (LogUtils.java:infoOrTrace(149)) -   Exception 0: {}
java.util.concurrent.ExecutionException: org.apache.ratis.thirdparty.io.grpc.StatusRuntimeException: UNAVAILABLE: io exception
	at java.util.concurrent.FutureTask.report(FutureTask.java:122)
	at java.util.concurrent.FutureTask.get(FutureTask.java:192)
	at org.apache.ratis.server.impl.LeaderElection.waitForResults(LeaderElection.java:259)
	at org.apache.ratis.server.impl.LeaderElection.askForVotes(LeaderElection.java:197)
	at org.apache.ratis.server.impl.LeaderElection.run(LeaderElection.java:133)
	at java.lang.Thread.run(Thread.java:748)
Caused by: org.apache.ratis.thirdparty.io.grpc.StatusRuntimeException: UNAVAILABLE: io exception
	at org.apache.ratis.thirdparty.io.grpc.stub.ClientCalls.toStatusRuntimeException(ClientCalls.java:233)
	at org.apache.ratis.thirdparty.io.grpc.stub.ClientCalls.getUnchecked(ClientCalls.java:214)
	at org.apache.ratis.thirdparty.io.grpc.stub.ClientCalls.blockingUnaryCall(ClientCalls.java:139)
	at org.apache.ratis.proto.grpc.RaftServerProtocolServiceGrpc$RaftServerProtocolServiceBlockingStub.requestVote(RaftServerProtocolServiceGrpc.java:265)
	at org.apache.ratis.grpc.server.GrpcServerProtocolClient.requestVote(GrpcServerProtocolClient.java:99)
	at org.apache.ratis.grpc.server.GrpcService.requestVote(GrpcService.java:204)
	at org.apache.ratis.server.impl.LeaderElection.lambda$submitRequests$1(LeaderElection.java:234)
	at java.util.concurrent.FutureTask.run(FutureTask.java:266)
	at java.util.concurrent.Executors$RunnableAdapter.call(Executors.java:511)
	at java.util.concurrent.FutureTask.run(FutureTask.java:266)
	at java.util.concurrent.ThreadPoolExecutor.runWorker(ThreadPoolExecutor.java:1149)
	at java.util.concurrent.ThreadPoolExecutor$Worker.run(ThreadPoolExecutor.java:624)
	... 1 more
Caused by: org.apache.ratis.thirdparty.io.netty.channel.AbstractChannel$AnnotatedConnectException: Connection refused: /192.168.164.213:41903
	at sun.nio.ch.SocketChannelImpl.checkConnect(Native Method)
	at sun.nio.ch.SocketChannelImpl.finishConnect(SocketChannelImpl.java:717)
	at org.apache.ratis.thirdparty.io.netty.channel.socket.nio.NioSocketChannel.doFinishConnect(NioSocketChannel.java:327)
	at org.apache.ratis.thirdparty.io.netty.channel.nio.AbstractNioChannel$AbstractNioUnsafe.finishConnect(AbstractNioChannel.java:340)
	at org.apache.ratis.thirdparty.io.netty.channel.nio.NioEventLoop.processSelectedKey(NioEventLoop.java:632)
	at org.apache.ratis.thirdparty.io.netty.channel.nio.NioEventLoop.processSelectedKeysOptimized(NioEventLoop.java:579)
	at org.apache.ratis.thirdparty.io.netty.channel.nio.NioEventLoop.processSelectedKeys(NioEventLoop.java:496)
	at org.apache.ratis.thirdparty.io.netty.channel.nio.NioEventLoop.run(NioEventLoop.java:458)
	at org.apache.ratis.thirdparty.io.netty.util.concurrent.SingleThreadEventExecutor$5.run(SingleThreadEventExecutor.java:897)
	at org.apache.ratis.thirdparty.io.netty.util.concurrent.FastThreadLocalRunnable.run(FastThreadLocalRunnable.java:30)
	... 1 more
Caused by: java.net.ConnectException: Connection refused
	... 11 more
2019-10-24 15:44:20,823 [Thread-2181] INFO  impl.FollowerState (FollowerState.java:run(117)) - b4ae536c-ed18-4717-a75c-ca4b5d6c4001@group-75C85B6D1182-FollowerState was interrupted: java.lang.InterruptedException: sleep interrupted
2019-10-24 15:44:20,823 [ForkJoinPool.commonPool-worker-0] INFO  impl.StateMachineUpdater (StateMachineUpdater.java:stopAndJoin(136)) - b4ae536c-ed18-4717-a75c-ca4b5d6c4001@group-75C85B6D1182-StateMachineUpdater: set stopIndex = -1
2019-10-24 15:44:20,824 [af280123-6372-4d1f-a5d4-c36229a73203@group-75C85B6D1182-LeaderElection254] INFO  impl.RaftServerImpl (RaftServerImpl.java:setRole(184)) - af280123-6372-4d1f-a5d4-c36229a73203@group-75C85B6D1182: changes role from CANDIDATE to FOLLOWER at term 250 for DISCOVERED_A_NEW_TERM
2019-10-24 15:44:20,825 [af280123-6372-4d1f-a5d4-c36229a73203@group-75C85B6D1182-LeaderElection254] INFO  impl.RoleInfo (RoleInfo.java:shutdownLeaderElection(134)) - af280123-6372-4d1f-a5d4-c36229a73203: shutdown LeaderElection
2019-10-24 15:44:20,824 [main] INFO  impl.PendingRequests (PendingRequests.java:sendNotLeaderResponses(202)) - 2f81ded6-48e6-408d-9409-3cd44f70bee8@group-42AE6B04FFCC-PendingRequests: sendNotLeaderResponses
2019-10-24 15:44:20,825 [af280123-6372-4d1f-a5d4-c36229a73203@group-75C85B6D1182-LeaderElection254] INFO  impl.RoleInfo (RoleInfo.java:updateAndGet(143)) - af280123-6372-4d1f-a5d4-c36229a73203: start FollowerState
2019-10-24 15:44:20,825 [ForkJoinPool.commonPool-worker-0] INFO  impl.RaftServerImpl (ServerState.java:close(388)) - b4ae536c-ed18-4717-a75c-ca4b5d6c4001@group-75C85B6D1182: closes. applyIndex: -1
2019-10-24 15:44:20,826 [main] INFO  impl.StateMachineUpdater (StateMachineUpdater.java:stopAndJoin(136)) - 2f81ded6-48e6-408d-9409-3cd44f70bee8@group-42AE6B04FFCC-StateMachineUpdater: set stopIndex = 0
2019-10-24 15:44:20,826 [b4ae536c-ed18-4717-a75c-ca4b5d6c4001@group-75C85B6D1182-SegmentedRaftLogWorker] INFO  segmented.SegmentedRaftLogWorker (SegmentedRaftLogWorker.java:run(316)) - b4ae536c-ed18-4717-a75c-ca4b5d6c4001@group-75C85B6D1182-SegmentedRaftLogWorker was interrupted, exiting. There are 0 tasks remaining in the queue.
2019-10-24 15:44:20,827 [main] INFO  impl.RaftServerImpl (ServerState.java:close(388)) - 2f81ded6-48e6-408d-9409-3cd44f70bee8@group-42AE6B04FFCC: closes. applyIndex: 0
2019-10-24 15:44:20,827 [ForkJoinPool.commonPool-worker-0] INFO  segmented.SegmentedRaftLogWorker (SegmentedRaftLogWorker.java:close(224)) - b4ae536c-ed18-4717-a75c-ca4b5d6c4001@group-75C85B6D1182-SegmentedRaftLogWorker close()
2019-10-24 15:44:20,827 [2f81ded6-48e6-408d-9409-3cd44f70bee8@group-42AE6B04FFCC-SegmentedRaftLogWorker] INFO  segmented.SegmentedRaftLogWorker (SegmentedRaftLogWorker.java:run(316)) - 2f81ded6-48e6-408d-9409-3cd44f70bee8@group-42AE6B04FFCC-SegmentedRaftLogWorker was interrupted, exiting. There are 0 tasks remaining in the queue.
2019-10-24 15:44:20,829 [ForkJoinPool.commonPool-worker-0] INFO  impl.RaftServerImpl (RaftServerImpl.java:lambda$shutdown$3(261)) - b4ae536c-ed18-4717-a75c-ca4b5d6c4001@group-22E99AD14ED1: shutdown
2019-10-24 15:44:20,829 [main] INFO  segmented.SegmentedRaftLogWorker (SegmentedRaftLogWorker.java:close(224)) - 2f81ded6-48e6-408d-9409-3cd44f70bee8@group-42AE6B04FFCC-SegmentedRaftLogWorker close()
2019-10-24 15:44:20,829 [ForkJoinPool.commonPool-worker-0] INFO  util.JmxRegister (JmxRegister.java:unregister(73)) - Successfully un-registered JMX Bean with object name Ratis:service=RaftServer,group=group-22E99AD14ED1,id=b4ae536c-ed18-4717-a75c-ca4b5d6c4001
2019-10-24 15:44:20,831 [main] INFO  impl.RaftServerImpl (RaftServerImpl.java:lambda$shutdown$3(261)) - 2f81ded6-48e6-408d-9409-3cd44f70bee8@group-56059261E3EC: shutdown
2019-10-24 15:44:20,831 [ForkJoinPool.commonPool-worker-0] INFO  impl.RoleInfo (RoleInfo.java:shutdownLeaderState(104)) - b4ae536c-ed18-4717-a75c-ca4b5d6c4001: shutdown LeaderState
2019-10-24 15:44:20,831 [main] INFO  util.JmxRegister (JmxRegister.java:unregister(73)) - Successfully un-registered JMX Bean with object name Ratis:service=RaftServer,group=group-56059261E3EC,id=2f81ded6-48e6-408d-9409-3cd44f70bee8
2019-10-24 15:44:20,832 [ForkJoinPool.commonPool-worker-0] INFO  impl.PendingRequests (PendingRequests.java:sendNotLeaderResponses(202)) - b4ae536c-ed18-4717-a75c-ca4b5d6c4001@group-22E99AD14ED1-PendingRequests: sendNotLeaderResponses
2019-10-24 15:44:20,832 [main] INFO  impl.RoleInfo (RoleInfo.java:shutdownLeaderState(104)) - 2f81ded6-48e6-408d-9409-3cd44f70bee8: shutdown LeaderState
2019-10-24 15:44:20,832 [ForkJoinPool.commonPool-worker-0] INFO  impl.StateMachineUpdater (StateMachineUpdater.java:stopAndJoin(136)) - b4ae536c-ed18-4717-a75c-ca4b5d6c4001@group-22E99AD14ED1-StateMachineUpdater: set stopIndex = 0
2019-10-24 15:44:20,835 [org.apache.ratis.server.impl.LogAppender$AppenderDaemon$$Lambda$394/977654@63abd0f4] WARN  server.GrpcLogAppender (GrpcLogAppender.java:mayWait(149)) - 2f81ded6-48e6-408d-9409-3cd44f70bee8@group-56059261E3EC->a667faea-0fef-4f07-8d37-e0d8f63f2a62-GrpcLogAppender: Wait interrupted by java.lang.InterruptedException
2019-10-24 15:44:20,835 [main] INFO  impl.PendingRequests (PendingRequests.java:sendNotLeaderResponses(202)) - 2f81ded6-48e6-408d-9409-3cd44f70bee8@group-56059261E3EC-PendingRequests: sendNotLeaderResponses
2019-10-24 15:44:20,835 [org.apache.ratis.server.impl.LogAppender$AppenderDaemon$$Lambda$394/977654@68a3acc4] WARN  server.GrpcLogAppender (GrpcLogAppender.java:mayWait(149)) - 2f81ded6-48e6-408d-9409-3cd44f70bee8@group-56059261E3EC->3a65ecdf-e32f-4548-a2e5-44ab823c11b3-GrpcLogAppender: Wait interrupted by java.lang.InterruptedException
2019-10-24 15:44:20,835 [grpc-default-executor-4] INFO  server.GrpcServerProtocolService (GrpcServerProtocolService.java:onCompleted(113)) - a667faea-0fef-4f07-8d37-e0d8f63f2a62: Completed APPEND_ENTRIES, lastRequest: 2f81ded6-48e6-408d-9409-3cd44f70bee8->a667faea-0fef-4f07-8d37-e0d8f63f2a62#76-t6, previous=(t:6, i:16), leaderCommit=16, initializing? false, entries: <empty>
2019-10-24 15:44:20,838 [main] INFO  impl.StateMachineUpdater (StateMachineUpdater.java:stopAndJoin(136)) - 2f81ded6-48e6-408d-9409-3cd44f70bee8@group-56059261E3EC-StateMachineUpdater: set stopIndex = 16
2019-10-24 15:44:20,838 [grpc-default-executor-5] INFO  server.GrpcLogAppender (GrpcLogAppender.java:onCompleted(308)) - 2f81ded6-48e6-408d-9409-3cd44f70bee8@group-56059261E3EC->a667faea-0fef-4f07-8d37-e0d8f63f2a62-AppendLogResponseHandler: follower responses appendEntries COMPLETED
2019-10-24 15:44:20,835 [ForkJoinPool.commonPool-worker-0] INFO  impl.RaftServerImpl (ServerState.java:close(388)) - b4ae536c-ed18-4717-a75c-ca4b5d6c4001@group-22E99AD14ED1: closes. applyIndex: 0
2019-10-24 15:44:20,838 [2f81ded6-48e6-408d-9409-3cd44f70bee8@group-56059261E3EC-StateMachineUpdater] INFO  ratis.ContainerStateMachine (ContainerStateMachine.java:takeSnapshot(294)) - group-56059261E3EC: Taking a snapshot at:(t:6, i:12) file /workdir/hadoop-ozone/integration-test/target/test-dir/MiniOzoneClusterImpl-0feb3ce4-70f4-42f6-988c-6bd7afad892e/datanode-9/data/ratis/1d06b086-ae5b-4193-a29f-56059261e3ec/sm/snapshot.6_12
2019-10-24 15:44:20,839 [java.util.concurrent.ThreadPoolExecutor$Worker@15849834[State = -1, empty queue]] WARN  server.GrpcLogAppender (GrpcLogAppender.java:timeoutAppendRequest(209)) - 2f81ded6-48e6-408d-9409-3cd44f70bee8@group-56059261E3EC->3a65ecdf-e32f-4548-a2e5-44ab823c11b3-GrpcLogAppender: appendEntries Timeout, request=2f81ded6-48e6-408d-9409-3cd44f70bee8->3a65ecdf-e32f-4548-a2e5-44ab823c11b3#71-t6, previous=(t:6, i:16), leaderCommit=16, initializing? false, entries: <empty>
2019-10-24 15:44:20,839 [grpc-default-executor-5] INFO  impl.FollowerInfo (FollowerInfo.java:lambda$new$0(51)) - 2f81ded6-48e6-408d-9409-3cd44f70bee8@group-56059261E3EC->a667faea-0fef-4f07-8d37-e0d8f63f2a62: nextIndex: updateUnconditionally 17 -> 16
2019-10-24 15:44:20,839 [b4ae536c-ed18-4717-a75c-ca4b5d6c4001@group-22E99AD14ED1-SegmentedRaftLogWorker] INFO  segmented.SegmentedRaftLogWorker (SegmentedRaftLogWorker.java:run(316)) - b4ae536c-ed18-4717-a75c-ca4b5d6c4001@group-22E99AD14ED1-SegmentedRaftLogWorker was interrupted, exiting. There are 0 tasks remaining in the queue.
2019-10-24 15:44:20,840 [ForkJoinPool.commonPool-worker-0] INFO  segmented.SegmentedRaftLogWorker (SegmentedRaftLogWorker.java:close(224)) - b4ae536c-ed18-4717-a75c-ca4b5d6c4001@group-22E99AD14ED1-SegmentedRaftLogWorker close()
2019-10-24 15:44:20,841 [ForkJoinPool.commonPool-worker-0] INFO  server.GrpcService (GrpcService.java:closeImpl(164)) - b4ae536c-ed18-4717-a75c-ca4b5d6c4001: shutdown server with port 41180 now
2019-10-24 15:44:20,842 [ForkJoinPool.commonPool-worker-0] INFO  server.GrpcService (GrpcService.java:closeImpl(172)) - b4ae536c-ed18-4717-a75c-ca4b5d6c4001: shutdown server with port 41180 successfully
2019-10-24 15:44:20,845 [refreshUsed-/workdir/hadoop-ozone/integration-test/target/test-dir/MiniOzoneClusterImpl-0feb3ce4-70f4-42f6-988c-6bd7afad892e/datanode-0/data/containers] WARN  fs.CachingGetSpaceUsed (CachingGetSpaceUsed.java:run(183)) - Thread Interrupted waiting to refresh disk information: sleep interrupted
2019-10-24 15:44:20,864 [2f81ded6-48e6-408d-9409-3cd44f70bee8@group-56059261E3EC-StateMachineUpdater] INFO  ratis.ContainerStateMachine (ContainerStateMachine.java:takeSnapshot(305)) - group-56059261E3EC: Finished taking a snapshot at:(t:6, i:12) file:/workdir/hadoop-ozone/integration-test/target/test-dir/MiniOzoneClusterImpl-0feb3ce4-70f4-42f6-988c-6bd7afad892e/datanode-9/data/ratis/1d06b086-ae5b-4193-a29f-56059261e3ec/sm/snapshot.6_12 time:26
2019-10-24 15:44:20,865 [2f81ded6-48e6-408d-9409-3cd44f70bee8@group-56059261E3EC-StateMachineUpdater] INFO  impl.StateMachineUpdater (StateMachineUpdater.java:takeSnapshot(269)) - 2f81ded6-48e6-408d-9409-3cd44f70bee8@group-56059261E3EC-StateMachineUpdater: Took a snapshot at index 12
2019-10-24 15:44:20,865 [2f81ded6-48e6-408d-9409-3cd44f70bee8@group-56059261E3EC-StateMachineUpdater] INFO  impl.StateMachineUpdater (StateMachineUpdater.java:lambda$new$0(84)) - 2f81ded6-48e6-408d-9409-3cd44f70bee8@group-56059261E3EC-StateMachineUpdater: snapshotIndex: updateIncreasingly -1 -> 12
2019-10-24 15:44:20,865 [2f81ded6-48e6-408d-9409-3cd44f70bee8@group-56059261E3EC-StateMachineUpdater] INFO  ratis.ContainerStateMachine (ContainerStateMachine.java:takeSnapshot(294)) - group-56059261E3EC: Taking a snapshot at:(t:6, i:12) file /workdir/hadoop-ozone/integration-test/target/test-dir/MiniOzoneClusterImpl-0feb3ce4-70f4-42f6-988c-6bd7afad892e/datanode-9/data/ratis/1d06b086-ae5b-4193-a29f-56059261e3ec/sm/snapshot.6_12
2019-10-24 15:44:20,872 [ForkJoinPool.commonPool-worker-0] INFO  utils.BackgroundService (BackgroundService.java:shutdown(151)) - Shutting down service BlockDeletingService
2019-10-24 15:44:20,877 [ForkJoinPool.commonPool-worker-0] INFO  statemachine.DatanodeStateMachine (DatanodeStateMachine.java:stopDaemon(395)) - Ozone container server stopped.
2019-10-24 15:44:20,878 [2f81ded6-48e6-408d-9409-3cd44f70bee8@group-56059261E3EC-StateMachineUpdater] INFO  ratis.ContainerStateMachine (ContainerStateMachine.java:takeSnapshot(305)) - group-56059261E3EC: Finished taking a snapshot at:(t:6, i:12) file:/workdir/hadoop-ozone/integration-test/target/test-dir/MiniOzoneClusterImpl-0feb3ce4-70f4-42f6-988c-6bd7afad892e/datanode-9/data/ratis/1d06b086-ae5b-4193-a29f-56059261e3ec/sm/snapshot.6_12 time:13
2019-10-24 15:44:20,879 [2f81ded6-48e6-408d-9409-3cd44f70bee8@group-56059261E3EC-StateMachineUpdater] INFO  impl.StateMachineUpdater (StateMachineUpdater.java:takeSnapshot(269)) - 2f81ded6-48e6-408d-9409-3cd44f70bee8@group-56059261E3EC-StateMachineUpdater: Took a snapshot at index 12
2019-10-24 15:44:20,879 [2f81ded6-48e6-408d-9409-3cd44f70bee8@group-56059261E3EC-StateMachineUpdater] INFO  impl.StateMachineUpdater (StateMachineUpdater.java:lambda$new$0(84)) - 2f81ded6-48e6-408d-9409-3cd44f70bee8@group-56059261E3EC-StateMachineUpdater: snapshotIndex: updateIncreasingly 12 -> 12
2019-10-24 15:44:20,880 [main] INFO  impl.RaftServerImpl (ServerState.java:close(388)) - 2f81ded6-48e6-408d-9409-3cd44f70bee8@group-56059261E3EC: closes. applyIndex: 16
2019-10-24 15:44:20,881 [ForkJoinPool.commonPool-worker-0] INFO  handler.ContextHandler (ContextHandler.java:doStop(910)) - Stopped o.e.j.w.WebAppContext@61cd1c71{/,null,UNAVAILABLE}{/hddsDatanode}
2019-10-24 15:44:20,882 [2f81ded6-48e6-408d-9409-3cd44f70bee8@group-56059261E3EC-SegmentedRaftLogWorker] INFO  segmented.SegmentedRaftLogWorker (SegmentedRaftLogWorker.java:run(316)) - 2f81ded6-48e6-408d-9409-3cd44f70bee8@group-56059261E3EC-SegmentedRaftLogWorker was interrupted, exiting. There are 0 tasks remaining in the queue.
2019-10-24 15:44:20,882 [main] INFO  segmented.SegmentedRaftLogWorker (SegmentedRaftLogWorker.java:close(224)) - 2f81ded6-48e6-408d-9409-3cd44f70bee8@group-56059261E3EC-SegmentedRaftLogWorker close()
2019-10-24 15:44:20,882 [ForkJoinPool.commonPool-worker-0] INFO  server.AbstractConnector (AbstractConnector.java:doStop(318)) - Stopped ServerConnector@6724cdec{HTTP/1.1,[http/1.1]}{0.0.0.0:0}
2019-10-24 15:44:20,883 [main] INFO  server.GrpcService (GrpcService.java:closeImpl(164)) - 2f81ded6-48e6-408d-9409-3cd44f70bee8: shutdown server with port 36516 now
2019-10-24 15:44:20,884 [ForkJoinPool.commonPool-worker-0] INFO  handler.ContextHandler (ContextHandler.java:doStop(910)) - Stopped o.e.j.s.ServletContextHandler@13d9261f{/static,jar:file:/home/user/.m2/repository/org/apache/hadoop/hadoop-hdds-container-service/0.5.0-SNAPSHOT/hadoop-hdds-container-service-0.5.0-SNAPSHOT.jar!/webapps/static,UNAVAILABLE}
2019-10-24 15:44:20,885 [ForkJoinPool.commonPool-worker-0] INFO  handler.ContextHandler (ContextHandler.java:doStop(910)) - Stopped o.e.j.s.ServletContextHandler@644ded04{/logs,file:///workdir/hadoop-ozone/integration-test/target/log,UNAVAILABLE}
2019-10-24 15:44:20,886 [main] INFO  server.GrpcService (GrpcService.java:closeImpl(172)) - 2f81ded6-48e6-408d-9409-3cd44f70bee8: shutdown server with port 36516 successfully
2019-10-24 15:44:20,889 [grpc-default-executor-4] WARN  client.GrpcClientProtocolService (LogUtils.java:warn(134)) - 1-UnorderedRequestStreamObserver1: onError: org.apache.ratis.thirdparty.io.grpc.StatusRuntimeException: CANCELLED: cancelled before receiving half close
2019-10-24 15:44:20,889 [refreshUsed-/workdir/hadoop-ozone/integration-test/target/test-dir/MiniOzoneClusterImpl-0feb3ce4-70f4-42f6-988c-6bd7afad892e/datanode-9/data/containers] WARN  fs.CachingGetSpaceUsed (CachingGetSpaceUsed.java:run(183)) - Thread Interrupted waiting to refresh disk information: sleep interrupted
2019-10-24 15:44:20,905 [main] INFO  utils.BackgroundService (BackgroundService.java:shutdown(151)) - Shutting down service BlockDeletingService
2019-10-24 15:44:20,908 [main] INFO  statemachine.DatanodeStateMachine (DatanodeStateMachine.java:stopDaemon(395)) - Ozone container server stopped.
2019-10-24 15:44:20,909 [main] INFO  handler.ContextHandler (ContextHandler.java:doStop(910)) - Stopped o.e.j.w.WebAppContext@10c72a6f{/,null,UNAVAILABLE}{/hddsDatanode}
2019-10-24 15:44:20,909 [main] INFO  server.AbstractConnector (AbstractConnector.java:doStop(318)) - Stopped ServerConnector@70e94ecb{HTTP/1.1,[http/1.1]}{0.0.0.0:0}
2019-10-24 15:44:20,910 [main] INFO  handler.ContextHandler (ContextHandler.java:doStop(910)) - Stopped o.e.j.s.ServletContextHandler@19a64eae{/static,jar:file:/home/user/.m2/repository/org/apache/hadoop/hadoop-hdds-container-service/0.5.0-SNAPSHOT/hadoop-hdds-container-service-0.5.0-SNAPSHOT.jar!/webapps/static,UNAVAILABLE}
2019-10-24 15:44:20,910 [main] INFO  handler.ContextHandler (ContextHandler.java:doStop(910)) - Stopped o.e.j.s.ServletContextHandler@6cbd0674{/logs,file:///workdir/hadoop-ozone/integration-test/target/log,UNAVAILABLE}
2019-10-24 15:44:20,941 [Thread-2182] INFO  impl.FollowerState (FollowerState.java:run(108)) - af280123-6372-4d1f-a5d4-c36229a73203@group-75C85B6D1182-FollowerState: change to CANDIDATE, lastRpcTime:115ms, electionTimeout:115ms
2019-10-24 15:44:20,941 [Thread-2182] INFO  impl.RoleInfo (RoleInfo.java:shutdownFollowerState(121)) - af280123-6372-4d1f-a5d4-c36229a73203: shutdown FollowerState
2019-10-24 15:44:20,941 [Thread-2182] INFO  impl.RaftServerImpl (RaftServerImpl.java:setRole(184)) - af280123-6372-4d1f-a5d4-c36229a73203@group-75C85B6D1182: changes role from  FOLLOWER to CANDIDATE at term 250 for changeToCandidate
2019-10-24 15:44:20,941 [Thread-2182] INFO  impl.RoleInfo (RoleInfo.java:updateAndGet(143)) - af280123-6372-4d1f-a5d4-c36229a73203: start LeaderElection
2019-10-24 15:44:20,952 [Datanode State Machine Thread - 0] INFO  statemachine.DatanodeStateMachine (DatanodeStateMachine.java:lambda$startDaemon$0(350)) - Ozone container server started.
2019-10-24 15:44:20,955 [af280123-6372-4d1f-a5d4-c36229a73203@group-75C85B6D1182-LeaderElection255] INFO  impl.LeaderElection (LeaderElection.java:askForVotes(178)) - af280123-6372-4d1f-a5d4-c36229a73203@group-75C85B6D1182-LeaderElection255: begin an election at term 251 for -1: [9092f221-0e0d-4970-bb84-cacd95020f21:192.168.164.213:41903, af280123-6372-4d1f-a5d4-c36229a73203:192.168.164.213:35334, b4ae536c-ed18-4717-a75c-ca4b5d6c4001:192.168.164.213:41180], old=null
2019-10-24 15:44:20,957 [af280123-6372-4d1f-a5d4-c36229a73203@group-75C85B6D1182-LeaderElection255] INFO  impl.LeaderElection (LogUtils.java:infoOrTrace(149)) - af280123-6372-4d1f-a5d4-c36229a73203@group-75C85B6D1182-LeaderElection255 got exception when requesting votes: {}
java.util.concurrent.ExecutionException: org.apache.ratis.thirdparty.io.grpc.StatusRuntimeException: UNAVAILABLE: io exception
	at java.util.concurrent.FutureTask.report(FutureTask.java:122)
	at java.util.concurrent.FutureTask.get(FutureTask.java:192)
	at org.apache.ratis.server.impl.LeaderElection.waitForResults(LeaderElection.java:259)
	at org.apache.ratis.server.impl.LeaderElection.askForVotes(LeaderElection.java:197)
	at org.apache.ratis.server.impl.LeaderElection.run(LeaderElection.java:133)
	at java.lang.Thread.run(Thread.java:748)
Caused by: org.apache.ratis.thirdparty.io.grpc.StatusRuntimeException: UNAVAILABLE: io exception
	at org.apache.ratis.thirdparty.io.grpc.stub.ClientCalls.toStatusRuntimeException(ClientCalls.java:233)
	at org.apache.ratis.thirdparty.io.grpc.stub.ClientCalls.getUnchecked(ClientCalls.java:214)
	at org.apache.ratis.thirdparty.io.grpc.stub.ClientCalls.blockingUnaryCall(ClientCalls.java:139)
	at org.apache.ratis.proto.grpc.RaftServerProtocolServiceGrpc$RaftServerProtocolServiceBlockingStub.requestVote(RaftServerProtocolServiceGrpc.java:265)
	at org.apache.ratis.grpc.server.GrpcServerProtocolClient.requestVote(GrpcServerProtocolClient.java:99)
	at org.apache.ratis.grpc.server.GrpcService.requestVote(GrpcService.java:204)
	at org.apache.ratis.server.impl.LeaderElection.lambda$submitRequests$1(LeaderElection.java:234)
	at java.util.concurrent.FutureTask.run(FutureTask.java:266)
	at java.util.concurrent.Executors$RunnableAdapter.call(Executors.java:511)
	at java.util.concurrent.FutureTask.run(FutureTask.java:266)
	at java.util.concurrent.ThreadPoolExecutor.runWorker(ThreadPoolExecutor.java:1149)
	at java.util.concurrent.ThreadPoolExecutor$Worker.run(ThreadPoolExecutor.java:624)
	... 1 more
Caused by: org.apache.ratis.thirdparty.io.netty.channel.AbstractChannel$AnnotatedConnectException: Connection refused: /192.168.164.213:41903
	at sun.nio.ch.SocketChannelImpl.checkConnect(Native Method)
	at sun.nio.ch.SocketChannelImpl.finishConnect(SocketChannelImpl.java:717)
	at org.apache.ratis.thirdparty.io.netty.channel.socket.nio.NioSocketChannel.doFinishConnect(NioSocketChannel.java:327)
	at org.apache.ratis.thirdparty.io.netty.channel.nio.AbstractNioChannel$AbstractNioUnsafe.finishConnect(AbstractNioChannel.java:340)
	at org.apache.ratis.thirdparty.io.netty.channel.nio.NioEventLoop.processSelectedKey(NioEventLoop.java:632)
	at org.apache.ratis.thirdparty.io.netty.channel.nio.NioEventLoop.processSelectedKeysOptimized(NioEventLoop.java:579)
	at org.apache.ratis.thirdparty.io.netty.channel.nio.NioEventLoop.processSelectedKeys(NioEventLoop.java:496)
	at org.apache.ratis.thirdparty.io.netty.channel.nio.NioEventLoop.run(NioEventLoop.java:458)
	at org.apache.ratis.thirdparty.io.netty.util.concurrent.SingleThreadEventExecutor$5.run(SingleThreadEventExecutor.java:897)
	at org.apache.ratis.thirdparty.io.netty.util.concurrent.FastThreadLocalRunnable.run(FastThreadLocalRunnable.java:30)
	... 1 more
Caused by: java.net.ConnectException: Connection refused
	... 11 more
2019-10-24 15:44:20,959 [af280123-6372-4d1f-a5d4-c36229a73203@group-75C85B6D1182-LeaderElection255] INFO  impl.LeaderElection (LogUtils.java:infoOrTrace(149)) - af280123-6372-4d1f-a5d4-c36229a73203@group-75C85B6D1182-LeaderElection255 got exception when requesting votes: {}
java.util.concurrent.ExecutionException: org.apache.ratis.thirdparty.io.grpc.StatusRuntimeException: UNAVAILABLE: io exception
	at java.util.concurrent.FutureTask.report(FutureTask.java:122)
	at java.util.concurrent.FutureTask.get(FutureTask.java:192)
	at org.apache.ratis.server.impl.LeaderElection.waitForResults(LeaderElection.java:259)
	at org.apache.ratis.server.impl.LeaderElection.askForVotes(LeaderElection.java:197)
	at org.apache.ratis.server.impl.LeaderElection.run(LeaderElection.java:133)
	at java.lang.Thread.run(Thread.java:748)
Caused by: org.apache.ratis.thirdparty.io.grpc.StatusRuntimeException: UNAVAILABLE: io exception
	at org.apache.ratis.thirdparty.io.grpc.stub.ClientCalls.toStatusRuntimeException(ClientCalls.java:233)
	at org.apache.ratis.thirdparty.io.grpc.stub.ClientCalls.getUnchecked(ClientCalls.java:214)
	at org.apache.ratis.thirdparty.io.grpc.stub.ClientCalls.blockingUnaryCall(ClientCalls.java:139)
	at org.apache.ratis.proto.grpc.RaftServerProtocolServiceGrpc$RaftServerProtocolServiceBlockingStub.requestVote(RaftServerProtocolServiceGrpc.java:265)
	at org.apache.ratis.grpc.server.GrpcServerProtocolClient.requestVote(GrpcServerProtocolClient.java:99)
	at org.apache.ratis.grpc.server.GrpcService.requestVote(GrpcService.java:204)
	at org.apache.ratis.server.impl.LeaderElection.lambda$submitRequests$1(LeaderElection.java:234)
	at java.util.concurrent.FutureTask.run(FutureTask.java:266)
	at java.util.concurrent.Executors$RunnableAdapter.call(Executors.java:511)
	at java.util.concurrent.FutureTask.run(FutureTask.java:266)
	at java.util.concurrent.ThreadPoolExecutor.runWorker(ThreadPoolExecutor.java:1149)
	at java.util.concurrent.ThreadPoolExecutor$Worker.run(ThreadPoolExecutor.java:624)
	... 1 more
Caused by: org.apache.ratis.thirdparty.io.netty.channel.AbstractChannel$AnnotatedConnectException: Connection refused: /192.168.164.213:41180
	at sun.nio.ch.SocketChannelImpl.checkConnect(Native Method)
	at sun.nio.ch.SocketChannelImpl.finishConnect(SocketChannelImpl.java:717)
	at org.apache.ratis.thirdparty.io.netty.channel.socket.nio.NioSocketChannel.doFinishConnect(NioSocketChannel.java:327)
	at org.apache.ratis.thirdparty.io.netty.channel.nio.AbstractNioChannel$AbstractNioUnsafe.finishConnect(AbstractNioChannel.java:340)
	at org.apache.ratis.thirdparty.io.netty.channel.nio.NioEventLoop.processSelectedKey(NioEventLoop.java:632)
	at org.apache.ratis.thirdparty.io.netty.channel.nio.NioEventLoop.processSelectedKeysOptimized(NioEventLoop.java:579)
	at org.apache.ratis.thirdparty.io.netty.channel.nio.NioEventLoop.processSelectedKeys(NioEventLoop.java:496)
	at org.apache.ratis.thirdparty.io.netty.channel.nio.NioEventLoop.run(NioEventLoop.java:458)
	at org.apache.ratis.thirdparty.io.netty.util.concurrent.SingleThreadEventExecutor$5.run(SingleThreadEventExecutor.java:897)
	at org.apache.ratis.thirdparty.io.netty.util.concurrent.FastThreadLocalRunnable.run(FastThreadLocalRunnable.java:30)
	... 1 more
Caused by: java.net.ConnectException: Connection refused
	... 11 more
2019-10-24 15:44:20,960 [af280123-6372-4d1f-a5d4-c36229a73203@group-75C85B6D1182-LeaderElection255] INFO  impl.LeaderElection (LeaderElection.java:logAndReturn(56)) - af280123-6372-4d1f-a5d4-c36229a73203@group-75C85B6D1182-LeaderElection255: Election REJECTED; received 0 response(s) [] and 2 exception(s); af280123-6372-4d1f-a5d4-c36229a73203@group-75C85B6D1182:t251, leader=null, voted=af280123-6372-4d1f-a5d4-c36229a73203, raftlog=af280123-6372-4d1f-a5d4-c36229a73203@group-75C85B6D1182-SegmentedRaftLog:OPENED:c-1,f-1,i0, conf=-1: [9092f221-0e0d-4970-bb84-cacd95020f21:192.168.164.213:41903, af280123-6372-4d1f-a5d4-c36229a73203:192.168.164.213:35334, b4ae536c-ed18-4717-a75c-ca4b5d6c4001:192.168.164.213:41180], old=null
2019-10-24 15:44:20,960 [af280123-6372-4d1f-a5d4-c36229a73203@group-75C85B6D1182-LeaderElection255] INFO  impl.LeaderElection (LogUtils.java:infoOrTrace(149)) -   Exception 0: {}
java.util.concurrent.ExecutionException: org.apache.ratis.thirdparty.io.grpc.StatusRuntimeException: UNAVAILABLE: io exception
	at java.util.concurrent.FutureTask.report(FutureTask.java:122)
	at java.util.concurrent.FutureTask.get(FutureTask.java:192)
	at org.apache.ratis.server.impl.LeaderElection.waitForResults(LeaderElection.java:259)
	at org.apache.ratis.server.impl.LeaderElection.askForVotes(LeaderElection.java:197)
	at org.apache.ratis.server.impl.LeaderElection.run(LeaderElection.java:133)
	at java.lang.Thread.run(Thread.java:748)
Caused by: org.apache.ratis.thirdparty.io.grpc.StatusRuntimeException: UNAVAILABLE: io exception
	at org.apache.ratis.thirdparty.io.grpc.stub.ClientCalls.toStatusRuntimeException(ClientCalls.java:233)
	at org.apache.ratis.thirdparty.io.grpc.stub.ClientCalls.getUnchecked(ClientCalls.java:214)
	at org.apache.ratis.thirdparty.io.grpc.stub.ClientCalls.blockingUnaryCall(ClientCalls.java:139)
	at org.apache.ratis.proto.grpc.RaftServerProtocolServiceGrpc$RaftServerProtocolServiceBlockingStub.requestVote(RaftServerProtocolServiceGrpc.java:265)
	at org.apache.ratis.grpc.server.GrpcServerProtocolClient.requestVote(GrpcServerProtocolClient.java:99)
	at org.apache.ratis.grpc.server.GrpcService.requestVote(GrpcService.java:204)
	at org.apache.ratis.server.impl.LeaderElection.lambda$submitRequests$1(LeaderElection.java:234)
	at java.util.concurrent.FutureTask.run(FutureTask.java:266)
	at java.util.concurrent.Executors$RunnableAdapter.call(Executors.java:511)
	at java.util.concurrent.FutureTask.run(FutureTask.java:266)
	at java.util.concurrent.ThreadPoolExecutor.runWorker(ThreadPoolExecutor.java:1149)
	at java.util.concurrent.ThreadPoolExecutor$Worker.run(ThreadPoolExecutor.java:624)
	... 1 more
Caused by: org.apache.ratis.thirdparty.io.netty.channel.AbstractChannel$AnnotatedConnectException: Connection refused: /192.168.164.213:41903
	at sun.nio.ch.SocketChannelImpl.checkConnect(Native Method)
	at sun.nio.ch.SocketChannelImpl.finishConnect(SocketChannelImpl.java:717)
	at org.apache.ratis.thirdparty.io.netty.channel.socket.nio.NioSocketChannel.doFinishConnect(NioSocketChannel.java:327)
	at org.apache.ratis.thirdparty.io.netty.channel.nio.AbstractNioChannel$AbstractNioUnsafe.finishConnect(AbstractNioChannel.java:340)
	at org.apache.ratis.thirdparty.io.netty.channel.nio.NioEventLoop.processSelectedKey(NioEventLoop.java:632)
	at org.apache.ratis.thirdparty.io.netty.channel.nio.NioEventLoop.processSelectedKeysOptimized(NioEventLoop.java:579)
	at org.apache.ratis.thirdparty.io.netty.channel.nio.NioEventLoop.processSelectedKeys(NioEventLoop.java:496)
	at org.apache.ratis.thirdparty.io.netty.channel.nio.NioEventLoop.run(NioEventLoop.java:458)
	at org.apache.ratis.thirdparty.io.netty.util.concurrent.SingleThreadEventExecutor$5.run(SingleThreadEventExecutor.java:897)
	at org.apache.ratis.thirdparty.io.netty.util.concurrent.FastThreadLocalRunnable.run(FastThreadLocalRunnable.java:30)
	... 1 more
Caused by: java.net.ConnectException: Connection refused
	... 11 more
2019-10-24 15:44:20,960 [af280123-6372-4d1f-a5d4-c36229a73203@group-75C85B6D1182-LeaderElection255] INFO  impl.LeaderElection (LogUtils.java:infoOrTrace(149)) -   Exception 1: {}
java.util.concurrent.ExecutionException: org.apache.ratis.thirdparty.io.grpc.StatusRuntimeException: UNAVAILABLE: io exception
	at java.util.concurrent.FutureTask.report(FutureTask.java:122)
	at java.util.concurrent.FutureTask.get(FutureTask.java:192)
	at org.apache.ratis.server.impl.LeaderElection.waitForResults(LeaderElection.java:259)
	at org.apache.ratis.server.impl.LeaderElection.askForVotes(LeaderElection.java:197)
	at org.apache.ratis.server.impl.LeaderElection.run(LeaderElection.java:133)
	at java.lang.Thread.run(Thread.java:748)
Caused by: org.apache.ratis.thirdparty.io.grpc.StatusRuntimeException: UNAVAILABLE: io exception
	at org.apache.ratis.thirdparty.io.grpc.stub.ClientCalls.toStatusRuntimeException(ClientCalls.java:233)
	at org.apache.ratis.thirdparty.io.grpc.stub.ClientCalls.getUnchecked(ClientCalls.java:214)
	at org.apache.ratis.thirdparty.io.grpc.stub.ClientCalls.blockingUnaryCall(ClientCalls.java:139)
	at org.apache.ratis.proto.grpc.RaftServerProtocolServiceGrpc$RaftServerProtocolServiceBlockingStub.requestVote(RaftServerProtocolServiceGrpc.java:265)
	at org.apache.ratis.grpc.server.GrpcServerProtocolClient.requestVote(GrpcServerProtocolClient.java:99)
	at org.apache.ratis.grpc.server.GrpcService.requestVote(GrpcService.java:204)
	at org.apache.ratis.server.impl.LeaderElection.lambda$submitRequests$1(LeaderElection.java:234)
	at java.util.concurrent.FutureTask.run(FutureTask.java:266)
	at java.util.concurrent.Executors$RunnableAdapter.call(Executors.java:511)
	at java.util.concurrent.FutureTask.run(FutureTask.java:266)
	at java.util.concurrent.ThreadPoolExecutor.runWorker(ThreadPoolExecutor.java:1149)
	at java.util.concurrent.ThreadPoolExecutor$Worker.run(ThreadPoolExecutor.java:624)
	... 1 more
Caused by: org.apache.ratis.thirdparty.io.netty.channel.AbstractChannel$AnnotatedConnectException: Connection refused: /192.168.164.213:41180
	at sun.nio.ch.SocketChannelImpl.checkConnect(Native Method)
	at sun.nio.ch.SocketChannelImpl.finishConnect(SocketChannelImpl.java:717)
	at org.apache.ratis.thirdparty.io.netty.channel.socket.nio.NioSocketChannel.doFinishConnect(NioSocketChannel.java:327)
	at org.apache.ratis.thirdparty.io.netty.channel.nio.AbstractNioChannel$AbstractNioUnsafe.finishConnect(AbstractNioChannel.java:340)
	at org.apache.ratis.thirdparty.io.netty.channel.nio.NioEventLoop.processSelectedKey(NioEventLoop.java:632)
	at org.apache.ratis.thirdparty.io.netty.channel.nio.NioEventLoop.processSelectedKeysOptimized(NioEventLoop.java:579)
	at org.apache.ratis.thirdparty.io.netty.channel.nio.NioEventLoop.processSelectedKeys(NioEventLoop.java:496)
	at org.apache.ratis.thirdparty.io.netty.channel.nio.NioEventLoop.run(NioEventLoop.java:458)
	at org.apache.ratis.thirdparty.io.netty.util.concurrent.SingleThreadEventExecutor$5.run(SingleThreadEventExecutor.java:897)
	at org.apache.ratis.thirdparty.io.netty.util.concurrent.FastThreadLocalRunnable.run(FastThreadLocalRunnable.java:30)
	... 1 more
Caused by: java.net.ConnectException: Connection refused
	... 11 more
2019-10-24 15:44:20,961 [af280123-6372-4d1f-a5d4-c36229a73203@group-75C85B6D1182-LeaderElection255] INFO  impl.RaftServerImpl (RaftServerImpl.java:setRole(184)) - af280123-6372-4d1f-a5d4-c36229a73203@group-75C85B6D1182: changes role from CANDIDATE to FOLLOWER at term 251 for DISCOVERED_A_NEW_TERM
2019-10-24 15:44:20,961 [af280123-6372-4d1f-a5d4-c36229a73203@group-75C85B6D1182-LeaderElection255] INFO  impl.RoleInfo (RoleInfo.java:shutdownLeaderElection(134)) - af280123-6372-4d1f-a5d4-c36229a73203: shutdown LeaderElection
2019-10-24 15:44:20,961 [af280123-6372-4d1f-a5d4-c36229a73203@group-75C85B6D1182-LeaderElection255] INFO  impl.RoleInfo (RoleInfo.java:updateAndGet(143)) - af280123-6372-4d1f-a5d4-c36229a73203: start FollowerState
2019-10-24 15:44:21,039 [Thread-2186] INFO  impl.FollowerState (FollowerState.java:run(108)) - af280123-6372-4d1f-a5d4-c36229a73203@group-75C85B6D1182-FollowerState: change to CANDIDATE, lastRpcTime:78ms, electionTimeout:78ms
2019-10-24 15:44:21,040 [Thread-2186] INFO  impl.RoleInfo (RoleInfo.java:shutdownFollowerState(121)) - af280123-6372-4d1f-a5d4-c36229a73203: shutdown FollowerState
2019-10-24 15:44:21,040 [Thread-2186] INFO  impl.RaftServerImpl (RaftServerImpl.java:setRole(184)) - af280123-6372-4d1f-a5d4-c36229a73203@group-75C85B6D1182: changes role from  FOLLOWER to CANDIDATE at term 251 for changeToCandidate
2019-10-24 15:44:21,040 [Thread-2186] INFO  impl.RoleInfo (RoleInfo.java:updateAndGet(143)) - af280123-6372-4d1f-a5d4-c36229a73203: start LeaderElection
2019-10-24 15:44:21,054 [af280123-6372-4d1f-a5d4-c36229a73203@group-75C85B6D1182-LeaderElection256] INFO  impl.LeaderElection (LeaderElection.java:askForVotes(178)) - af280123-6372-4d1f-a5d4-c36229a73203@group-75C85B6D1182-LeaderElection256: begin an election at term 252 for -1: [9092f221-0e0d-4970-bb84-cacd95020f21:192.168.164.213:41903, af280123-6372-4d1f-a5d4-c36229a73203:192.168.164.213:35334, b4ae536c-ed18-4717-a75c-ca4b5d6c4001:192.168.164.213:41180], old=null
2019-10-24 15:44:21,055 [af280123-6372-4d1f-a5d4-c36229a73203@group-75C85B6D1182-LeaderElection256] INFO  impl.LeaderElection (LogUtils.java:infoOrTrace(149)) - af280123-6372-4d1f-a5d4-c36229a73203@group-75C85B6D1182-LeaderElection256 got exception when requesting votes: {}
java.util.concurrent.ExecutionException: org.apache.ratis.thirdparty.io.grpc.StatusRuntimeException: UNAVAILABLE: io exception
	at java.util.concurrent.FutureTask.report(FutureTask.java:122)
	at java.util.concurrent.FutureTask.get(FutureTask.java:192)
	at org.apache.ratis.server.impl.LeaderElection.waitForResults(LeaderElection.java:259)
	at org.apache.ratis.server.impl.LeaderElection.askForVotes(LeaderElection.java:197)
	at org.apache.ratis.server.impl.LeaderElection.run(LeaderElection.java:133)
	at java.lang.Thread.run(Thread.java:748)
Caused by: org.apache.ratis.thirdparty.io.grpc.StatusRuntimeException: UNAVAILABLE: io exception
	at org.apache.ratis.thirdparty.io.grpc.stub.ClientCalls.toStatusRuntimeException(ClientCalls.java:233)
	at org.apache.ratis.thirdparty.io.grpc.stub.ClientCalls.getUnchecked(ClientCalls.java:214)
	at org.apache.ratis.thirdparty.io.grpc.stub.ClientCalls.blockingUnaryCall(ClientCalls.java:139)
	at org.apache.ratis.proto.grpc.RaftServerProtocolServiceGrpc$RaftServerProtocolServiceBlockingStub.requestVote(RaftServerProtocolServiceGrpc.java:265)
	at org.apache.ratis.grpc.server.GrpcServerProtocolClient.requestVote(GrpcServerProtocolClient.java:99)
	at org.apache.ratis.grpc.server.GrpcService.requestVote(GrpcService.java:204)
	at org.apache.ratis.server.impl.LeaderElection.lambda$submitRequests$1(LeaderElection.java:234)
	at java.util.concurrent.FutureTask.run(FutureTask.java:266)
	at java.util.concurrent.Executors$RunnableAdapter.call(Executors.java:511)
	at java.util.concurrent.FutureTask.run(FutureTask.java:266)
	at java.util.concurrent.ThreadPoolExecutor.runWorker(ThreadPoolExecutor.java:1149)
	at java.util.concurrent.ThreadPoolExecutor$Worker.run(ThreadPoolExecutor.java:624)
	... 1 more
Caused by: org.apache.ratis.thirdparty.io.netty.channel.AbstractChannel$AnnotatedConnectException: Connection refused: /192.168.164.213:41903
	at sun.nio.ch.SocketChannelImpl.checkConnect(Native Method)
	at sun.nio.ch.SocketChannelImpl.finishConnect(SocketChannelImpl.java:717)
	at org.apache.ratis.thirdparty.io.netty.channel.socket.nio.NioSocketChannel.doFinishConnect(NioSocketChannel.java:327)
	at org.apache.ratis.thirdparty.io.netty.channel.nio.AbstractNioChannel$AbstractNioUnsafe.finishConnect(AbstractNioChannel.java:340)
	at org.apache.ratis.thirdparty.io.netty.channel.nio.NioEventLoop.processSelectedKey(NioEventLoop.java:632)
	at org.apache.ratis.thirdparty.io.netty.channel.nio.NioEventLoop.processSelectedKeysOptimized(NioEventLoop.java:579)
	at org.apache.ratis.thirdparty.io.netty.channel.nio.NioEventLoop.processSelectedKeys(NioEventLoop.java:496)
	at org.apache.ratis.thirdparty.io.netty.channel.nio.NioEventLoop.run(NioEventLoop.java:458)
	at org.apache.ratis.thirdparty.io.netty.util.concurrent.SingleThreadEventExecutor$5.run(SingleThreadEventExecutor.java:897)
	at org.apache.ratis.thirdparty.io.netty.util.concurrent.FastThreadLocalRunnable.run(FastThreadLocalRunnable.java:30)
	... 1 more
Caused by: java.net.ConnectException: Connection refused
	... 11 more
2019-10-24 15:44:21,056 [af280123-6372-4d1f-a5d4-c36229a73203@group-75C85B6D1182-LeaderElection256] INFO  impl.LeaderElection (LogUtils.java:infoOrTrace(149)) - af280123-6372-4d1f-a5d4-c36229a73203@group-75C85B6D1182-LeaderElection256 got exception when requesting votes: {}
java.util.concurrent.ExecutionException: org.apache.ratis.thirdparty.io.grpc.StatusRuntimeException: UNAVAILABLE: io exception
	at java.util.concurrent.FutureTask.report(FutureTask.java:122)
	at java.util.concurrent.FutureTask.get(FutureTask.java:192)
	at org.apache.ratis.server.impl.LeaderElection.waitForResults(LeaderElection.java:259)
	at org.apache.ratis.server.impl.LeaderElection.askForVotes(LeaderElection.java:197)
	at org.apache.ratis.server.impl.LeaderElection.run(LeaderElection.java:133)
	at java.lang.Thread.run(Thread.java:748)
Caused by: org.apache.ratis.thirdparty.io.grpc.StatusRuntimeException: UNAVAILABLE: io exception
	at org.apache.ratis.thirdparty.io.grpc.stub.ClientCalls.toStatusRuntimeException(ClientCalls.java:233)
	at org.apache.ratis.thirdparty.io.grpc.stub.ClientCalls.getUnchecked(ClientCalls.java:214)
	at org.apache.ratis.thirdparty.io.grpc.stub.ClientCalls.blockingUnaryCall(ClientCalls.java:139)
	at org.apache.ratis.proto.grpc.RaftServerProtocolServiceGrpc$RaftServerProtocolServiceBlockingStub.requestVote(RaftServerProtocolServiceGrpc.java:265)
	at org.apache.ratis.grpc.server.GrpcServerProtocolClient.requestVote(GrpcServerProtocolClient.java:99)
	at org.apache.ratis.grpc.server.GrpcService.requestVote(GrpcService.java:204)
	at org.apache.ratis.server.impl.LeaderElection.lambda$submitRequests$1(LeaderElection.java:234)
	at java.util.concurrent.FutureTask.run(FutureTask.java:266)
	at java.util.concurrent.Executors$RunnableAdapter.call(Executors.java:511)
	at java.util.concurrent.FutureTask.run(FutureTask.java:266)
	at java.util.concurrent.ThreadPoolExecutor.runWorker(ThreadPoolExecutor.java:1149)
	at java.util.concurrent.ThreadPoolExecutor$Worker.run(ThreadPoolExecutor.java:624)
	... 1 more
Caused by: org.apache.ratis.thirdparty.io.netty.channel.AbstractChannel$AnnotatedConnectException: Connection refused: /192.168.164.213:41180
	at sun.nio.ch.SocketChannelImpl.checkConnect(Native Method)
	at sun.nio.ch.SocketChannelImpl.finishConnect(SocketChannelImpl.java:717)
	at org.apache.ratis.thirdparty.io.netty.channel.socket.nio.NioSocketChannel.doFinishConnect(NioSocketChannel.java:327)
	at org.apache.ratis.thirdparty.io.netty.channel.nio.AbstractNioChannel$AbstractNioUnsafe.finishConnect(AbstractNioChannel.java:340)
	at org.apache.ratis.thirdparty.io.netty.channel.nio.NioEventLoop.processSelectedKey(NioEventLoop.java:632)
	at org.apache.ratis.thirdparty.io.netty.channel.nio.NioEventLoop.processSelectedKeysOptimized(NioEventLoop.java:579)
	at org.apache.ratis.thirdparty.io.netty.channel.nio.NioEventLoop.processSelectedKeys(NioEventLoop.java:496)
	at org.apache.ratis.thirdparty.io.netty.channel.nio.NioEventLoop.run(NioEventLoop.java:458)
	at org.apache.ratis.thirdparty.io.netty.util.concurrent.SingleThreadEventExecutor$5.run(SingleThreadEventExecutor.java:897)
	at org.apache.ratis.thirdparty.io.netty.util.concurrent.FastThreadLocalRunnable.run(FastThreadLocalRunnable.java:30)
	... 1 more
Caused by: java.net.ConnectException: Connection refused
	... 11 more
2019-10-24 15:44:21,056 [af280123-6372-4d1f-a5d4-c36229a73203@group-75C85B6D1182-LeaderElection256] INFO  impl.LeaderElection (LeaderElection.java:logAndReturn(56)) - af280123-6372-4d1f-a5d4-c36229a73203@group-75C85B6D1182-LeaderElection256: Election REJECTED; received 0 response(s) [] and 2 exception(s); af280123-6372-4d1f-a5d4-c36229a73203@group-75C85B6D1182:t252, leader=null, voted=af280123-6372-4d1f-a5d4-c36229a73203, raftlog=af280123-6372-4d1f-a5d4-c36229a73203@group-75C85B6D1182-SegmentedRaftLog:OPENED:c-1,f-1,i0, conf=-1: [9092f221-0e0d-4970-bb84-cacd95020f21:192.168.164.213:41903, af280123-6372-4d1f-a5d4-c36229a73203:192.168.164.213:35334, b4ae536c-ed18-4717-a75c-ca4b5d6c4001:192.168.164.213:41180], old=null
2019-10-24 15:44:21,057 [af280123-6372-4d1f-a5d4-c36229a73203@group-75C85B6D1182-LeaderElection256] INFO  impl.LeaderElection (LogUtils.java:infoOrTrace(149)) -   Exception 0: {}
java.util.concurrent.ExecutionException: org.apache.ratis.thirdparty.io.grpc.StatusRuntimeException: UNAVAILABLE: io exception
	at java.util.concurrent.FutureTask.report(FutureTask.java:122)
	at java.util.concurrent.FutureTask.get(FutureTask.java:192)
	at org.apache.ratis.server.impl.LeaderElection.waitForResults(LeaderElection.java:259)
	at org.apache.ratis.server.impl.LeaderElection.askForVotes(LeaderElection.java:197)
	at org.apache.ratis.server.impl.LeaderElection.run(LeaderElection.java:133)
	at java.lang.Thread.run(Thread.java:748)
Caused by: org.apache.ratis.thirdparty.io.grpc.StatusRuntimeException: UNAVAILABLE: io exception
	at org.apache.ratis.thirdparty.io.grpc.stub.ClientCalls.toStatusRuntimeException(ClientCalls.java:233)
	at org.apache.ratis.thirdparty.io.grpc.stub.ClientCalls.getUnchecked(ClientCalls.java:214)
	at org.apache.ratis.thirdparty.io.grpc.stub.ClientCalls.blockingUnaryCall(ClientCalls.java:139)
	at org.apache.ratis.proto.grpc.RaftServerProtocolServiceGrpc$RaftServerProtocolServiceBlockingStub.requestVote(RaftServerProtocolServiceGrpc.java:265)
	at org.apache.ratis.grpc.server.GrpcServerProtocolClient.requestVote(GrpcServerProtocolClient.java:99)
	at org.apache.ratis.grpc.server.GrpcService.requestVote(GrpcService.java:204)
	at org.apache.ratis.server.impl.LeaderElection.lambda$submitRequests$1(LeaderElection.java:234)
	at java.util.concurrent.FutureTask.run(FutureTask.java:266)
	at java.util.concurrent.Executors$RunnableAdapter.call(Executors.java:511)
	at java.util.concurrent.FutureTask.run(FutureTask.java:266)
	at java.util.concurrent.ThreadPoolExecutor.runWorker(ThreadPoolExecutor.java:1149)
	at java.util.concurrent.ThreadPoolExecutor$Worker.run(ThreadPoolExecutor.java:624)
	... 1 more
Caused by: org.apache.ratis.thirdparty.io.netty.channel.AbstractChannel$AnnotatedConnectException: Connection refused: /192.168.164.213:41903
	at sun.nio.ch.SocketChannelImpl.checkConnect(Native Method)
	at sun.nio.ch.SocketChannelImpl.finishConnect(SocketChannelImpl.java:717)
	at org.apache.ratis.thirdparty.io.netty.channel.socket.nio.NioSocketChannel.doFinishConnect(NioSocketChannel.java:327)
	at org.apache.ratis.thirdparty.io.netty.channel.nio.AbstractNioChannel$AbstractNioUnsafe.finishConnect(AbstractNioChannel.java:340)
	at org.apache.ratis.thirdparty.io.netty.channel.nio.NioEventLoop.processSelectedKey(NioEventLoop.java:632)
	at org.apache.ratis.thirdparty.io.netty.channel.nio.NioEventLoop.processSelectedKeysOptimized(NioEventLoop.java:579)
	at org.apache.ratis.thirdparty.io.netty.channel.nio.NioEventLoop.processSelectedKeys(NioEventLoop.java:496)
	at org.apache.ratis.thirdparty.io.netty.channel.nio.NioEventLoop.run(NioEventLoop.java:458)
	at org.apache.ratis.thirdparty.io.netty.util.concurrent.SingleThreadEventExecutor$5.run(SingleThreadEventExecutor.java:897)
	at org.apache.ratis.thirdparty.io.netty.util.concurrent.FastThreadLocalRunnable.run(FastThreadLocalRunnable.java:30)
	... 1 more
Caused by: java.net.ConnectException: Connection refused
	... 11 more
2019-10-24 15:44:21,057 [af280123-6372-4d1f-a5d4-c36229a73203@group-75C85B6D1182-LeaderElection256] INFO  impl.LeaderElection (LogUtils.java:infoOrTrace(149)) -   Exception 1: {}
java.util.concurrent.ExecutionException: org.apache.ratis.thirdparty.io.grpc.StatusRuntimeException: UNAVAILABLE: io exception
	at java.util.concurrent.FutureTask.report(FutureTask.java:122)
	at java.util.concurrent.FutureTask.get(FutureTask.java:192)
	at org.apache.ratis.server.impl.LeaderElection.waitForResults(LeaderElection.java:259)
	at org.apache.ratis.server.impl.LeaderElection.askForVotes(LeaderElection.java:197)
	at org.apache.ratis.server.impl.LeaderElection.run(LeaderElection.java:133)
	at java.lang.Thread.run(Thread.java:748)
Caused by: org.apache.ratis.thirdparty.io.grpc.StatusRuntimeException: UNAVAILABLE: io exception
	at org.apache.ratis.thirdparty.io.grpc.stub.ClientCalls.toStatusRuntimeException(ClientCalls.java:233)
	at org.apache.ratis.thirdparty.io.grpc.stub.ClientCalls.getUnchecked(ClientCalls.java:214)
	at org.apache.ratis.thirdparty.io.grpc.stub.ClientCalls.blockingUnaryCall(ClientCalls.java:139)
	at org.apache.ratis.proto.grpc.RaftServerProtocolServiceGrpc$RaftServerProtocolServiceBlockingStub.requestVote(RaftServerProtocolServiceGrpc.java:265)
	at org.apache.ratis.grpc.server.GrpcServerProtocolClient.requestVote(GrpcServerProtocolClient.java:99)
	at org.apache.ratis.grpc.server.GrpcService.requestVote(GrpcService.java:204)
	at org.apache.ratis.server.impl.LeaderElection.lambda$submitRequests$1(LeaderElection.java:234)
	at java.util.concurrent.FutureTask.run(FutureTask.java:266)
	at java.util.concurrent.Executors$RunnableAdapter.call(Executors.java:511)
	at java.util.concurrent.FutureTask.run(FutureTask.java:266)
	at java.util.concurrent.ThreadPoolExecutor.runWorker(ThreadPoolExecutor.java:1149)
	at java.util.concurrent.ThreadPoolExecutor$Worker.run(ThreadPoolExecutor.java:624)
	... 1 more
Caused by: org.apache.ratis.thirdparty.io.netty.channel.AbstractChannel$AnnotatedConnectException: Connection refused: /192.168.164.213:41180
	at sun.nio.ch.SocketChannelImpl.checkConnect(Native Method)
	at sun.nio.ch.SocketChannelImpl.finishConnect(SocketChannelImpl.java:717)
	at org.apache.ratis.thirdparty.io.netty.channel.socket.nio.NioSocketChannel.doFinishConnect(NioSocketChannel.java:327)
	at org.apache.ratis.thirdparty.io.netty.channel.nio.AbstractNioChannel$AbstractNioUnsafe.finishConnect(AbstractNioChannel.java:340)
	at org.apache.ratis.thirdparty.io.netty.channel.nio.NioEventLoop.processSelectedKey(NioEventLoop.java:632)
	at org.apache.ratis.thirdparty.io.netty.channel.nio.NioEventLoop.processSelectedKeysOptimized(NioEventLoop.java:579)
	at org.apache.ratis.thirdparty.io.netty.channel.nio.NioEventLoop.processSelectedKeys(NioEventLoop.java:496)
	at org.apache.ratis.thirdparty.io.netty.channel.nio.NioEventLoop.run(NioEventLoop.java:458)
	at org.apache.ratis.thirdparty.io.netty.util.concurrent.SingleThreadEventExecutor$5.run(SingleThreadEventExecutor.java:897)
	at org.apache.ratis.thirdparty.io.netty.util.concurrent.FastThreadLocalRunnable.run(FastThreadLocalRunnable.java:30)
	... 1 more
Caused by: java.net.ConnectException: Connection refused
	... 11 more
2019-10-24 15:44:21,058 [af280123-6372-4d1f-a5d4-c36229a73203@group-75C85B6D1182-LeaderElection256] INFO  impl.RaftServerImpl (RaftServerImpl.java:setRole(184)) - af280123-6372-4d1f-a5d4-c36229a73203@group-75C85B6D1182: changes role from CANDIDATE to FOLLOWER at term 252 for DISCOVERED_A_NEW_TERM
2019-10-24 15:44:21,058 [af280123-6372-4d1f-a5d4-c36229a73203@group-75C85B6D1182-LeaderElection256] INFO  impl.RoleInfo (RoleInfo.java:shutdownLeaderElection(134)) - af280123-6372-4d1f-a5d4-c36229a73203: shutdown LeaderElection
2019-10-24 15:44:21,058 [af280123-6372-4d1f-a5d4-c36229a73203@group-75C85B6D1182-LeaderElection256] INFO  impl.RoleInfo (RoleInfo.java:updateAndGet(143)) - af280123-6372-4d1f-a5d4-c36229a73203: start FollowerState
2019-10-24 15:44:21,235 [Thread-2190] INFO  impl.FollowerState (FollowerState.java:run(108)) - af280123-6372-4d1f-a5d4-c36229a73203@group-75C85B6D1182-FollowerState: change to CANDIDATE, lastRpcTime:176ms, electionTimeout:176ms
2019-10-24 15:44:21,235 [Thread-2190] INFO  impl.RoleInfo (RoleInfo.java:shutdownFollowerState(121)) - af280123-6372-4d1f-a5d4-c36229a73203: shutdown FollowerState
2019-10-24 15:44:21,235 [Thread-2190] INFO  impl.RaftServerImpl (RaftServerImpl.java:setRole(184)) - af280123-6372-4d1f-a5d4-c36229a73203@group-75C85B6D1182: changes role from  FOLLOWER to CANDIDATE at term 252 for changeToCandidate
2019-10-24 15:44:21,235 [Thread-2190] INFO  impl.RoleInfo (RoleInfo.java:updateAndGet(143)) - af280123-6372-4d1f-a5d4-c36229a73203: start LeaderElection
2019-10-24 15:44:21,249 [af280123-6372-4d1f-a5d4-c36229a73203@group-75C85B6D1182-LeaderElection257] INFO  impl.LeaderElection (LeaderElection.java:askForVotes(178)) - af280123-6372-4d1f-a5d4-c36229a73203@group-75C85B6D1182-LeaderElection257: begin an election at term 253 for -1: [9092f221-0e0d-4970-bb84-cacd95020f21:192.168.164.213:41903, af280123-6372-4d1f-a5d4-c36229a73203:192.168.164.213:35334, b4ae536c-ed18-4717-a75c-ca4b5d6c4001:192.168.164.213:41180], old=null
2019-10-24 15:44:21,250 [af280123-6372-4d1f-a5d4-c36229a73203@group-75C85B6D1182-LeaderElection257] INFO  impl.LeaderElection (LogUtils.java:infoOrTrace(149)) - af280123-6372-4d1f-a5d4-c36229a73203@group-75C85B6D1182-LeaderElection257 got exception when requesting votes: {}
java.util.concurrent.ExecutionException: org.apache.ratis.thirdparty.io.grpc.StatusRuntimeException: UNAVAILABLE: io exception
	at java.util.concurrent.FutureTask.report(FutureTask.java:122)
	at java.util.concurrent.FutureTask.get(FutureTask.java:192)
	at org.apache.ratis.server.impl.LeaderElection.waitForResults(LeaderElection.java:259)
	at org.apache.ratis.server.impl.LeaderElection.askForVotes(LeaderElection.java:197)
	at org.apache.ratis.server.impl.LeaderElection.run(LeaderElection.java:133)
	at java.lang.Thread.run(Thread.java:748)
Caused by: org.apache.ratis.thirdparty.io.grpc.StatusRuntimeException: UNAVAILABLE: io exception
	at org.apache.ratis.thirdparty.io.grpc.stub.ClientCalls.toStatusRuntimeException(ClientCalls.java:233)
	at org.apache.ratis.thirdparty.io.grpc.stub.ClientCalls.getUnchecked(ClientCalls.java:214)
	at org.apache.ratis.thirdparty.io.grpc.stub.ClientCalls.blockingUnaryCall(ClientCalls.java:139)
	at org.apache.ratis.proto.grpc.RaftServerProtocolServiceGrpc$RaftServerProtocolServiceBlockingStub.requestVote(RaftServerProtocolServiceGrpc.java:265)
	at org.apache.ratis.grpc.server.GrpcServerProtocolClient.requestVote(GrpcServerProtocolClient.java:99)
	at org.apache.ratis.grpc.server.GrpcService.requestVote(GrpcService.java:204)
	at org.apache.ratis.server.impl.LeaderElection.lambda$submitRequests$1(LeaderElection.java:234)
	at java.util.concurrent.FutureTask.run(FutureTask.java:266)
	at java.util.concurrent.Executors$RunnableAdapter.call(Executors.java:511)
	at java.util.concurrent.FutureTask.run(FutureTask.java:266)
	at java.util.concurrent.ThreadPoolExecutor.runWorker(ThreadPoolExecutor.java:1149)
	at java.util.concurrent.ThreadPoolExecutor$Worker.run(ThreadPoolExecutor.java:624)
	... 1 more
Caused by: org.apache.ratis.thirdparty.io.netty.channel.AbstractChannel$AnnotatedConnectException: Connection refused: /192.168.164.213:41903
	at sun.nio.ch.SocketChannelImpl.checkConnect(Native Method)
	at sun.nio.ch.SocketChannelImpl.finishConnect(SocketChannelImpl.java:717)
	at org.apache.ratis.thirdparty.io.netty.channel.socket.nio.NioSocketChannel.doFinishConnect(NioSocketChannel.java:327)
	at org.apache.ratis.thirdparty.io.netty.channel.nio.AbstractNioChannel$AbstractNioUnsafe.finishConnect(AbstractNioChannel.java:340)
	at org.apache.ratis.thirdparty.io.netty.channel.nio.NioEventLoop.processSelectedKey(NioEventLoop.java:632)
	at org.apache.ratis.thirdparty.io.netty.channel.nio.NioEventLoop.processSelectedKeysOptimized(NioEventLoop.java:579)
	at org.apache.ratis.thirdparty.io.netty.channel.nio.NioEventLoop.processSelectedKeys(NioEventLoop.java:496)
	at org.apache.ratis.thirdparty.io.netty.channel.nio.NioEventLoop.run(NioEventLoop.java:458)
	at org.apache.ratis.thirdparty.io.netty.util.concurrent.SingleThreadEventExecutor$5.run(SingleThreadEventExecutor.java:897)
	at org.apache.ratis.thirdparty.io.netty.util.concurrent.FastThreadLocalRunnable.run(FastThreadLocalRunnable.java:30)
	... 1 more
Caused by: java.net.ConnectException: Connection refused
	... 11 more
2019-10-24 15:44:21,250 [af280123-6372-4d1f-a5d4-c36229a73203@group-75C85B6D1182-LeaderElection257] INFO  impl.LeaderElection (LogUtils.java:infoOrTrace(149)) - af280123-6372-4d1f-a5d4-c36229a73203@group-75C85B6D1182-LeaderElection257 got exception when requesting votes: {}
java.util.concurrent.ExecutionException: org.apache.ratis.thirdparty.io.grpc.StatusRuntimeException: UNAVAILABLE: io exception
	at java.util.concurrent.FutureTask.report(FutureTask.java:122)
	at java.util.concurrent.FutureTask.get(FutureTask.java:192)
	at org.apache.ratis.server.impl.LeaderElection.waitForResults(LeaderElection.java:259)
	at org.apache.ratis.server.impl.LeaderElection.askForVotes(LeaderElection.java:197)
	at org.apache.ratis.server.impl.LeaderElection.run(LeaderElection.java:133)
	at java.lang.Thread.run(Thread.java:748)
Caused by: org.apache.ratis.thirdparty.io.grpc.StatusRuntimeException: UNAVAILABLE: io exception
	at org.apache.ratis.thirdparty.io.grpc.stub.ClientCalls.toStatusRuntimeException(ClientCalls.java:233)
	at org.apache.ratis.thirdparty.io.grpc.stub.ClientCalls.getUnchecked(ClientCalls.java:214)
	at org.apache.ratis.thirdparty.io.grpc.stub.ClientCalls.blockingUnaryCall(ClientCalls.java:139)
	at org.apache.ratis.proto.grpc.RaftServerProtocolServiceGrpc$RaftServerProtocolServiceBlockingStub.requestVote(RaftServerProtocolServiceGrpc.java:265)
	at org.apache.ratis.grpc.server.GrpcServerProtocolClient.requestVote(GrpcServerProtocolClient.java:99)
	at org.apache.ratis.grpc.server.GrpcService.requestVote(GrpcService.java:204)
	at org.apache.ratis.server.impl.LeaderElection.lambda$submitRequests$1(LeaderElection.java:234)
	at java.util.concurrent.FutureTask.run(FutureTask.java:266)
	at java.util.concurrent.Executors$RunnableAdapter.call(Executors.java:511)
	at java.util.concurrent.FutureTask.run(FutureTask.java:266)
	at java.util.concurrent.ThreadPoolExecutor.runWorker(ThreadPoolExecutor.java:1149)
	at java.util.concurrent.ThreadPoolExecutor$Worker.run(ThreadPoolExecutor.java:624)
	... 1 more
Caused by: org.apache.ratis.thirdparty.io.netty.channel.AbstractChannel$AnnotatedConnectException: Connection refused: /192.168.164.213:41180
	at sun.nio.ch.SocketChannelImpl.checkConnect(Native Method)
	at sun.nio.ch.SocketChannelImpl.finishConnect(SocketChannelImpl.java:717)
	at org.apache.ratis.thirdparty.io.netty.channel.socket.nio.NioSocketChannel.doFinishConnect(NioSocketChannel.java:327)
	at org.apache.ratis.thirdparty.io.netty.channel.nio.AbstractNioChannel$AbstractNioUnsafe.finishConnect(AbstractNioChannel.java:340)
	at org.apache.ratis.thirdparty.io.netty.channel.nio.NioEventLoop.processSelectedKey(NioEventLoop.java:632)
	at org.apache.ratis.thirdparty.io.netty.channel.nio.NioEventLoop.processSelectedKeysOptimized(NioEventLoop.java:579)
	at org.apache.ratis.thirdparty.io.netty.channel.nio.NioEventLoop.processSelectedKeys(NioEventLoop.java:496)
	at org.apache.ratis.thirdparty.io.netty.channel.nio.NioEventLoop.run(NioEventLoop.java:458)
	at org.apache.ratis.thirdparty.io.netty.util.concurrent.SingleThreadEventExecutor$5.run(SingleThreadEventExecutor.java:897)
	at org.apache.ratis.thirdparty.io.netty.util.concurrent.FastThreadLocalRunnable.run(FastThreadLocalRunnable.java:30)
	... 1 more
Caused by: java.net.ConnectException: Connection refused
	... 11 more
2019-10-24 15:44:21,250 [af280123-6372-4d1f-a5d4-c36229a73203@group-75C85B6D1182-LeaderElection257] INFO  impl.LeaderElection (LeaderElection.java:logAndReturn(56)) - af280123-6372-4d1f-a5d4-c36229a73203@group-75C85B6D1182-LeaderElection257: Election REJECTED; received 0 response(s) [] and 2 exception(s); af280123-6372-4d1f-a5d4-c36229a73203@group-75C85B6D1182:t253, leader=null, voted=af280123-6372-4d1f-a5d4-c36229a73203, raftlog=af280123-6372-4d1f-a5d4-c36229a73203@group-75C85B6D1182-SegmentedRaftLog:OPENED:c-1,f-1,i0, conf=-1: [9092f221-0e0d-4970-bb84-cacd95020f21:192.168.164.213:41903, af280123-6372-4d1f-a5d4-c36229a73203:192.168.164.213:35334, b4ae536c-ed18-4717-a75c-ca4b5d6c4001:192.168.164.213:41180], old=null
2019-10-24 15:44:21,250 [af280123-6372-4d1f-a5d4-c36229a73203@group-75C85B6D1182-LeaderElection257] INFO  impl.LeaderElection (LogUtils.java:infoOrTrace(149)) -   Exception 0: {}
java.util.concurrent.ExecutionException: org.apache.ratis.thirdparty.io.grpc.StatusRuntimeException: UNAVAILABLE: io exception
	at java.util.concurrent.FutureTask.report(FutureTask.java:122)
	at java.util.concurrent.FutureTask.get(FutureTask.java:192)
	at org.apache.ratis.server.impl.LeaderElection.waitForResults(LeaderElection.java:259)
	at org.apache.ratis.server.impl.LeaderElection.askForVotes(LeaderElection.java:197)
	at org.apache.ratis.server.impl.LeaderElection.run(LeaderElection.java:133)
	at java.lang.Thread.run(Thread.java:748)
Caused by: org.apache.ratis.thirdparty.io.grpc.StatusRuntimeException: UNAVAILABLE: io exception
	at org.apache.ratis.thirdparty.io.grpc.stub.ClientCalls.toStatusRuntimeException(ClientCalls.java:233)
	at org.apache.ratis.thirdparty.io.grpc.stub.ClientCalls.getUnchecked(ClientCalls.java:214)
	at org.apache.ratis.thirdparty.io.grpc.stub.ClientCalls.blockingUnaryCall(ClientCalls.java:139)
	at org.apache.ratis.proto.grpc.RaftServerProtocolServiceGrpc$RaftServerProtocolServiceBlockingStub.requestVote(RaftServerProtocolServiceGrpc.java:265)
	at org.apache.ratis.grpc.server.GrpcServerProtocolClient.requestVote(GrpcServerProtocolClient.java:99)
	at org.apache.ratis.grpc.server.GrpcService.requestVote(GrpcService.java:204)
	at org.apache.ratis.server.impl.LeaderElection.lambda$submitRequests$1(LeaderElection.java:234)
	at java.util.concurrent.FutureTask.run(FutureTask.java:266)
	at java.util.concurrent.Executors$RunnableAdapter.call(Executors.java:511)
	at java.util.concurrent.FutureTask.run(FutureTask.java:266)
	at java.util.concurrent.ThreadPoolExecutor.runWorker(ThreadPoolExecutor.java:1149)
	at java.util.concurrent.ThreadPoolExecutor$Worker.run(ThreadPoolExecutor.java:624)
	... 1 more
Caused by: org.apache.ratis.thirdparty.io.netty.channel.AbstractChannel$AnnotatedConnectException: Connection refused: /192.168.164.213:41903
	at sun.nio.ch.SocketChannelImpl.checkConnect(Native Method)
	at sun.nio.ch.SocketChannelImpl.finishConnect(SocketChannelImpl.java:717)
	at org.apache.ratis.thirdparty.io.netty.channel.socket.nio.NioSocketChannel.doFinishConnect(NioSocketChannel.java:327)
	at org.apache.ratis.thirdparty.io.netty.channel.nio.AbstractNioChannel$AbstractNioUnsafe.finishConnect(AbstractNioChannel.java:340)
	at org.apache.ratis.thirdparty.io.netty.channel.nio.NioEventLoop.processSelectedKey(NioEventLoop.java:632)
	at org.apache.ratis.thirdparty.io.netty.channel.nio.NioEventLoop.processSelectedKeysOptimized(NioEventLoop.java:579)
	at org.apache.ratis.thirdparty.io.netty.channel.nio.NioEventLoop.processSelectedKeys(NioEventLoop.java:496)
	at org.apache.ratis.thirdparty.io.netty.channel.nio.NioEventLoop.run(NioEventLoop.java:458)
	at org.apache.ratis.thirdparty.io.netty.util.concurrent.SingleThreadEventExecutor$5.run(SingleThreadEventExecutor.java:897)
	at org.apache.ratis.thirdparty.io.netty.util.concurrent.FastThreadLocalRunnable.run(FastThreadLocalRunnable.java:30)
	... 1 more
Caused by: java.net.ConnectException: Connection refused
	... 11 more
2019-10-24 15:44:21,251 [af280123-6372-4d1f-a5d4-c36229a73203@group-75C85B6D1182-LeaderElection257] INFO  impl.LeaderElection (LogUtils.java:infoOrTrace(149)) -   Exception 1: {}
java.util.concurrent.ExecutionException: org.apache.ratis.thirdparty.io.grpc.StatusRuntimeException: UNAVAILABLE: io exception
	at java.util.concurrent.FutureTask.report(FutureTask.java:122)
	at java.util.concurrent.FutureTask.get(FutureTask.java:192)
	at org.apache.ratis.server.impl.LeaderElection.waitForResults(LeaderElection.java:259)
	at org.apache.ratis.server.impl.LeaderElection.askForVotes(LeaderElection.java:197)
	at org.apache.ratis.server.impl.LeaderElection.run(LeaderElection.java:133)
	at java.lang.Thread.run(Thread.java:748)
Caused by: org.apache.ratis.thirdparty.io.grpc.StatusRuntimeException: UNAVAILABLE: io exception
	at org.apache.ratis.thirdparty.io.grpc.stub.ClientCalls.toStatusRuntimeException(ClientCalls.java:233)
	at org.apache.ratis.thirdparty.io.grpc.stub.ClientCalls.getUnchecked(ClientCalls.java:214)
	at org.apache.ratis.thirdparty.io.grpc.stub.ClientCalls.blockingUnaryCall(ClientCalls.java:139)
	at org.apache.ratis.proto.grpc.RaftServerProtocolServiceGrpc$RaftServerProtocolServiceBlockingStub.requestVote(RaftServerProtocolServiceGrpc.java:265)
	at org.apache.ratis.grpc.server.GrpcServerProtocolClient.requestVote(GrpcServerProtocolClient.java:99)
	at org.apache.ratis.grpc.server.GrpcService.requestVote(GrpcService.java:204)
	at org.apache.ratis.server.impl.LeaderElection.lambda$submitRequests$1(LeaderElection.java:234)
	at java.util.concurrent.FutureTask.run(FutureTask.java:266)
	at java.util.concurrent.Executors$RunnableAdapter.call(Executors.java:511)
	at java.util.concurrent.FutureTask.run(FutureTask.java:266)
	at java.util.concurrent.ThreadPoolExecutor.runWorker(ThreadPoolExecutor.java:1149)
	at java.util.concurrent.ThreadPoolExecutor$Worker.run(ThreadPoolExecutor.java:624)
	... 1 more
Caused by: org.apache.ratis.thirdparty.io.netty.channel.AbstractChannel$AnnotatedConnectException: Connection refused: /192.168.164.213:41180
	at sun.nio.ch.SocketChannelImpl.checkConnect(Native Method)
	at sun.nio.ch.SocketChannelImpl.finishConnect(SocketChannelImpl.java:717)
	at org.apache.ratis.thirdparty.io.netty.channel.socket.nio.NioSocketChannel.doFinishConnect(NioSocketChannel.java:327)
	at org.apache.ratis.thirdparty.io.netty.channel.nio.AbstractNioChannel$AbstractNioUnsafe.finishConnect(AbstractNioChannel.java:340)
	at org.apache.ratis.thirdparty.io.netty.channel.nio.NioEventLoop.processSelectedKey(NioEventLoop.java:632)
	at org.apache.ratis.thirdparty.io.netty.channel.nio.NioEventLoop.processSelectedKeysOptimized(NioEventLoop.java:579)
	at org.apache.ratis.thirdparty.io.netty.channel.nio.NioEventLoop.processSelectedKeys(NioEventLoop.java:496)
	at org.apache.ratis.thirdparty.io.netty.channel.nio.NioEventLoop.run(NioEventLoop.java:458)
	at org.apache.ratis.thirdparty.io.netty.util.concurrent.SingleThreadEventExecutor$5.run(SingleThreadEventExecutor.java:897)
	at org.apache.ratis.thirdparty.io.netty.util.concurrent.FastThreadLocalRunnable.run(FastThreadLocalRunnable.java:30)
	... 1 more
Caused by: java.net.ConnectException: Connection refused
	... 11 more
2019-10-24 15:44:21,251 [af280123-6372-4d1f-a5d4-c36229a73203@group-75C85B6D1182-LeaderElection257] INFO  impl.RaftServerImpl (RaftServerImpl.java:setRole(184)) - af280123-6372-4d1f-a5d4-c36229a73203@group-75C85B6D1182: changes role from CANDIDATE to FOLLOWER at term 253 for DISCOVERED_A_NEW_TERM
2019-10-24 15:44:21,251 [af280123-6372-4d1f-a5d4-c36229a73203@group-75C85B6D1182-LeaderElection257] INFO  impl.RoleInfo (RoleInfo.java:shutdownLeaderElection(134)) - af280123-6372-4d1f-a5d4-c36229a73203: shutdown LeaderElection
2019-10-24 15:44:21,251 [af280123-6372-4d1f-a5d4-c36229a73203@group-75C85B6D1182-LeaderElection257] INFO  impl.RoleInfo (RoleInfo.java:updateAndGet(143)) - af280123-6372-4d1f-a5d4-c36229a73203: start FollowerState
2019-10-24 15:44:21,340 [java.util.concurrent.ThreadPoolExecutor$Worker@15849834[State = -1, empty queue]] WARN  server.GrpcLogAppender (GrpcLogAppender.java:timeoutAppendRequest(209)) - 2f81ded6-48e6-408d-9409-3cd44f70bee8@group-56059261E3EC->3a65ecdf-e32f-4548-a2e5-44ab823c11b3-GrpcLogAppender: appendEntries Timeout, request=2f81ded6-48e6-408d-9409-3cd44f70bee8->3a65ecdf-e32f-4548-a2e5-44ab823c11b3#72-t6, previous=(t:6, i:16), leaderCommit=16, initializing? false, entries: <empty>
2019-10-24 15:44:21,443 [Thread-495] INFO  impl.FollowerState (FollowerState.java:run(108)) - a667faea-0fef-4f07-8d37-e0d8f63f2a62@group-56059261E3EC-FollowerState: change to CANDIDATE, lastRpcTime:1069ms, electionTimeout:1008ms
2019-10-24 15:44:21,443 [Thread-495] INFO  impl.RoleInfo (RoleInfo.java:shutdownFollowerState(121)) - a667faea-0fef-4f07-8d37-e0d8f63f2a62: shutdown FollowerState
2019-10-24 15:44:21,443 [Thread-495] INFO  impl.RaftServerImpl (RaftServerImpl.java:setRole(184)) - a667faea-0fef-4f07-8d37-e0d8f63f2a62@group-56059261E3EC: changes role from  FOLLOWER to CANDIDATE at term 6 for changeToCandidate
2019-10-24 15:44:21,444 [Thread-2194] INFO  impl.FollowerState (FollowerState.java:run(108)) - af280123-6372-4d1f-a5d4-c36229a73203@group-75C85B6D1182-FollowerState: change to CANDIDATE, lastRpcTime:192ms, electionTimeout:192ms
2019-10-24 15:44:21,444 [Thread-495] INFO  impl.RoleInfo (RoleInfo.java:updateAndGet(143)) - a667faea-0fef-4f07-8d37-e0d8f63f2a62: start LeaderElection
2019-10-24 15:44:21,444 [Thread-2194] INFO  impl.RoleInfo (RoleInfo.java:shutdownFollowerState(121)) - af280123-6372-4d1f-a5d4-c36229a73203: shutdown FollowerState
2019-10-24 15:44:21,444 [Thread-2194] INFO  impl.RaftServerImpl (RaftServerImpl.java:setRole(184)) - af280123-6372-4d1f-a5d4-c36229a73203@group-75C85B6D1182: changes role from  FOLLOWER to CANDIDATE at term 253 for changeToCandidate
2019-10-24 15:44:21,444 [a667faea-0fef-4f07-8d37-e0d8f63f2a62@group-56059261E3EC-LeaderElection258] INFO  impl.RaftServerImpl (ServerState.java:setLeader(256)) - a667faea-0fef-4f07-8d37-e0d8f63f2a62@group-56059261E3EC: change Leader from 2f81ded6-48e6-408d-9409-3cd44f70bee8 to null at term 6 for initElection
2019-10-24 15:44:21,444 [Thread-2194] INFO  impl.RoleInfo (RoleInfo.java:updateAndGet(143)) - af280123-6372-4d1f-a5d4-c36229a73203: start LeaderElection
2019-10-24 15:44:21,458 [af280123-6372-4d1f-a5d4-c36229a73203@group-75C85B6D1182-LeaderElection259] INFO  impl.LeaderElection (LeaderElection.java:askForVotes(178)) - af280123-6372-4d1f-a5d4-c36229a73203@group-75C85B6D1182-LeaderElection259: begin an election at term 254 for -1: [9092f221-0e0d-4970-bb84-cacd95020f21:192.168.164.213:41903, af280123-6372-4d1f-a5d4-c36229a73203:192.168.164.213:35334, b4ae536c-ed18-4717-a75c-ca4b5d6c4001:192.168.164.213:41180], old=null
2019-10-24 15:44:21,458 [a667faea-0fef-4f07-8d37-e0d8f63f2a62@group-56059261E3EC-LeaderElection258] INFO  impl.LeaderElection (LeaderElection.java:askForVotes(178)) - a667faea-0fef-4f07-8d37-e0d8f63f2a62@group-56059261E3EC-LeaderElection258: begin an election at term 7 for 0: [3a65ecdf-e32f-4548-a2e5-44ab823c11b3:192.168.164.213:44036, a667faea-0fef-4f07-8d37-e0d8f63f2a62:192.168.164.213:36278, 2f81ded6-48e6-408d-9409-3cd44f70bee8:192.168.164.213:36516], old=null
2019-10-24 15:44:21,459 [af280123-6372-4d1f-a5d4-c36229a73203@group-75C85B6D1182-LeaderElection259] INFO  impl.LeaderElection (LogUtils.java:infoOrTrace(149)) - af280123-6372-4d1f-a5d4-c36229a73203@group-75C85B6D1182-LeaderElection259 got exception when requesting votes: {}
java.util.concurrent.ExecutionException: org.apache.ratis.thirdparty.io.grpc.StatusRuntimeException: UNAVAILABLE: io exception
	at java.util.concurrent.FutureTask.report(FutureTask.java:122)
	at java.util.concurrent.FutureTask.get(FutureTask.java:192)
	at org.apache.ratis.server.impl.LeaderElection.waitForResults(LeaderElection.java:259)
	at org.apache.ratis.server.impl.LeaderElection.askForVotes(LeaderElection.java:197)
	at org.apache.ratis.server.impl.LeaderElection.run(LeaderElection.java:133)
	at java.lang.Thread.run(Thread.java:748)
Caused by: org.apache.ratis.thirdparty.io.grpc.StatusRuntimeException: UNAVAILABLE: io exception
	at org.apache.ratis.thirdparty.io.grpc.stub.ClientCalls.toStatusRuntimeException(ClientCalls.java:233)
	at org.apache.ratis.thirdparty.io.grpc.stub.ClientCalls.getUnchecked(ClientCalls.java:214)
	at org.apache.ratis.thirdparty.io.grpc.stub.ClientCalls.blockingUnaryCall(ClientCalls.java:139)
	at org.apache.ratis.proto.grpc.RaftServerProtocolServiceGrpc$RaftServerProtocolServiceBlockingStub.requestVote(RaftServerProtocolServiceGrpc.java:265)
	at org.apache.ratis.grpc.server.GrpcServerProtocolClient.requestVote(GrpcServerProtocolClient.java:99)
	at org.apache.ratis.grpc.server.GrpcService.requestVote(GrpcService.java:204)
	at org.apache.ratis.server.impl.LeaderElection.lambda$submitRequests$1(LeaderElection.java:234)
	at java.util.concurrent.FutureTask.run(FutureTask.java:266)
	at java.util.concurrent.Executors$RunnableAdapter.call(Executors.java:511)
	at java.util.concurrent.FutureTask.run(FutureTask.java:266)
	at java.util.concurrent.ThreadPoolExecutor.runWorker(ThreadPoolExecutor.java:1149)
	at java.util.concurrent.ThreadPoolExecutor$Worker.run(ThreadPoolExecutor.java:624)
	... 1 more
Caused by: org.apache.ratis.thirdparty.io.netty.channel.AbstractChannel$AnnotatedConnectException: Connection refused: /192.168.164.213:41903
	at sun.nio.ch.SocketChannelImpl.checkConnect(Native Method)
	at sun.nio.ch.SocketChannelImpl.finishConnect(SocketChannelImpl.java:717)
	at org.apache.ratis.thirdparty.io.netty.channel.socket.nio.NioSocketChannel.doFinishConnect(NioSocketChannel.java:327)
	at org.apache.ratis.thirdparty.io.netty.channel.nio.AbstractNioChannel$AbstractNioUnsafe.finishConnect(AbstractNioChannel.java:340)
	at org.apache.ratis.thirdparty.io.netty.channel.nio.NioEventLoop.processSelectedKey(NioEventLoop.java:632)
	at org.apache.ratis.thirdparty.io.netty.channel.nio.NioEventLoop.processSelectedKeysOptimized(NioEventLoop.java:579)
	at org.apache.ratis.thirdparty.io.netty.channel.nio.NioEventLoop.processSelectedKeys(NioEventLoop.java:496)
	at org.apache.ratis.thirdparty.io.netty.channel.nio.NioEventLoop.run(NioEventLoop.java:458)
	at org.apache.ratis.thirdparty.io.netty.util.concurrent.SingleThreadEventExecutor$5.run(SingleThreadEventExecutor.java:897)
	at org.apache.ratis.thirdparty.io.netty.util.concurrent.FastThreadLocalRunnable.run(FastThreadLocalRunnable.java:30)
	... 1 more
Caused by: java.net.ConnectException: Connection refused
	... 11 more
2019-10-24 15:44:21,460 [af280123-6372-4d1f-a5d4-c36229a73203@group-75C85B6D1182-LeaderElection259] INFO  impl.LeaderElection (LogUtils.java:infoOrTrace(149)) - af280123-6372-4d1f-a5d4-c36229a73203@group-75C85B6D1182-LeaderElection259 got exception when requesting votes: {}
java.util.concurrent.ExecutionException: org.apache.ratis.thirdparty.io.grpc.StatusRuntimeException: UNAVAILABLE: io exception
	at java.util.concurrent.FutureTask.report(FutureTask.java:122)
	at java.util.concurrent.FutureTask.get(FutureTask.java:192)
	at org.apache.ratis.server.impl.LeaderElection.waitForResults(LeaderElection.java:259)
	at org.apache.ratis.server.impl.LeaderElection.askForVotes(LeaderElection.java:197)
	at org.apache.ratis.server.impl.LeaderElection.run(LeaderElection.java:133)
	at java.lang.Thread.run(Thread.java:748)
Caused by: org.apache.ratis.thirdparty.io.grpc.StatusRuntimeException: UNAVAILABLE: io exception
	at org.apache.ratis.thirdparty.io.grpc.stub.ClientCalls.toStatusRuntimeException(ClientCalls.java:233)
	at org.apache.ratis.thirdparty.io.grpc.stub.ClientCalls.getUnchecked(ClientCalls.java:214)
	at org.apache.ratis.thirdparty.io.grpc.stub.ClientCalls.blockingUnaryCall(ClientCalls.java:139)
	at org.apache.ratis.proto.grpc.RaftServerProtocolServiceGrpc$RaftServerProtocolServiceBlockingStub.requestVote(RaftServerProtocolServiceGrpc.java:265)
	at org.apache.ratis.grpc.server.GrpcServerProtocolClient.requestVote(GrpcServerProtocolClient.java:99)
	at org.apache.ratis.grpc.server.GrpcService.requestVote(GrpcService.java:204)
	at org.apache.ratis.server.impl.LeaderElection.lambda$submitRequests$1(LeaderElection.java:234)
	at java.util.concurrent.FutureTask.run(FutureTask.java:266)
	at java.util.concurrent.Executors$RunnableAdapter.call(Executors.java:511)
	at java.util.concurrent.FutureTask.run(FutureTask.java:266)
	at java.util.concurrent.ThreadPoolExecutor.runWorker(ThreadPoolExecutor.java:1149)
	at java.util.concurrent.ThreadPoolExecutor$Worker.run(ThreadPoolExecutor.java:624)
	... 1 more
Caused by: org.apache.ratis.thirdparty.io.netty.channel.AbstractChannel$AnnotatedConnectException: Connection refused: /192.168.164.213:41180
	at sun.nio.ch.SocketChannelImpl.checkConnect(Native Method)
	at sun.nio.ch.SocketChannelImpl.finishConnect(SocketChannelImpl.java:717)
	at org.apache.ratis.thirdparty.io.netty.channel.socket.nio.NioSocketChannel.doFinishConnect(NioSocketChannel.java:327)
	at org.apache.ratis.thirdparty.io.netty.channel.nio.AbstractNioChannel$AbstractNioUnsafe.finishConnect(AbstractNioChannel.java:340)
	at org.apache.ratis.thirdparty.io.netty.channel.nio.NioEventLoop.processSelectedKey(NioEventLoop.java:632)
	at org.apache.ratis.thirdparty.io.netty.channel.nio.NioEventLoop.processSelectedKeysOptimized(NioEventLoop.java:579)
	at org.apache.ratis.thirdparty.io.netty.channel.nio.NioEventLoop.processSelectedKeys(NioEventLoop.java:496)
	at org.apache.ratis.thirdparty.io.netty.channel.nio.NioEventLoop.run(NioEventLoop.java:458)
	at org.apache.ratis.thirdparty.io.netty.util.concurrent.SingleThreadEventExecutor$5.run(SingleThreadEventExecutor.java:897)
	at org.apache.ratis.thirdparty.io.netty.util.concurrent.FastThreadLocalRunnable.run(FastThreadLocalRunnable.java:30)
	... 1 more
Caused by: java.net.ConnectException: Connection refused
	... 11 more
2019-10-24 15:44:21,460 [af280123-6372-4d1f-a5d4-c36229a73203@group-75C85B6D1182-LeaderElection259] INFO  impl.LeaderElection (LeaderElection.java:logAndReturn(56)) - af280123-6372-4d1f-a5d4-c36229a73203@group-75C85B6D1182-LeaderElection259: Election REJECTED; received 0 response(s) [] and 2 exception(s); af280123-6372-4d1f-a5d4-c36229a73203@group-75C85B6D1182:t254, leader=null, voted=af280123-6372-4d1f-a5d4-c36229a73203, raftlog=af280123-6372-4d1f-a5d4-c36229a73203@group-75C85B6D1182-SegmentedRaftLog:OPENED:c-1,f-1,i0, conf=-1: [9092f221-0e0d-4970-bb84-cacd95020f21:192.168.164.213:41903, af280123-6372-4d1f-a5d4-c36229a73203:192.168.164.213:35334, b4ae536c-ed18-4717-a75c-ca4b5d6c4001:192.168.164.213:41180], old=null
2019-10-24 15:44:21,460 [af280123-6372-4d1f-a5d4-c36229a73203@group-75C85B6D1182-LeaderElection259] INFO  impl.LeaderElection (LogUtils.java:infoOrTrace(149)) -   Exception 0: {}
java.util.concurrent.ExecutionException: org.apache.ratis.thirdparty.io.grpc.StatusRuntimeException: UNAVAILABLE: io exception
	at java.util.concurrent.FutureTask.report(FutureTask.java:122)
	at java.util.concurrent.FutureTask.get(FutureTask.java:192)
	at org.apache.ratis.server.impl.LeaderElection.waitForResults(LeaderElection.java:259)
	at org.apache.ratis.server.impl.LeaderElection.askForVotes(LeaderElection.java:197)
	at org.apache.ratis.server.impl.LeaderElection.run(LeaderElection.java:133)
	at java.lang.Thread.run(Thread.java:748)
Caused by: org.apache.ratis.thirdparty.io.grpc.StatusRuntimeException: UNAVAILABLE: io exception
	at org.apache.ratis.thirdparty.io.grpc.stub.ClientCalls.toStatusRuntimeException(ClientCalls.java:233)
	at org.apache.ratis.thirdparty.io.grpc.stub.ClientCalls.getUnchecked(ClientCalls.java:214)
	at org.apache.ratis.thirdparty.io.grpc.stub.ClientCalls.blockingUnaryCall(ClientCalls.java:139)
	at org.apache.ratis.proto.grpc.RaftServerProtocolServiceGrpc$RaftServerProtocolServiceBlockingStub.requestVote(RaftServerProtocolServiceGrpc.java:265)
	at org.apache.ratis.grpc.server.GrpcServerProtocolClient.requestVote(GrpcServerProtocolClient.java:99)
	at org.apache.ratis.grpc.server.GrpcService.requestVote(GrpcService.java:204)
	at org.apache.ratis.server.impl.LeaderElection.lambda$submitRequests$1(LeaderElection.java:234)
	at java.util.concurrent.FutureTask.run(FutureTask.java:266)
	at java.util.concurrent.Executors$RunnableAdapter.call(Executors.java:511)
	at java.util.concurrent.FutureTask.run(FutureTask.java:266)
	at java.util.concurrent.ThreadPoolExecutor.runWorker(ThreadPoolExecutor.java:1149)
	at java.util.concurrent.ThreadPoolExecutor$Worker.run(ThreadPoolExecutor.java:624)
	... 1 more
Caused by: org.apache.ratis.thirdparty.io.netty.channel.AbstractChannel$AnnotatedConnectException: Connection refused: /192.168.164.213:41903
	at sun.nio.ch.SocketChannelImpl.checkConnect(Native Method)
	at sun.nio.ch.SocketChannelImpl.finishConnect(SocketChannelImpl.java:717)
	at org.apache.ratis.thirdparty.io.netty.channel.socket.nio.NioSocketChannel.doFinishConnect(NioSocketChannel.java:327)
	at org.apache.ratis.thirdparty.io.netty.channel.nio.AbstractNioChannel$AbstractNioUnsafe.finishConnect(AbstractNioChannel.java:340)
	at org.apache.ratis.thirdparty.io.netty.channel.nio.NioEventLoop.processSelectedKey(NioEventLoop.java:632)
	at org.apache.ratis.thirdparty.io.netty.channel.nio.NioEventLoop.processSelectedKeysOptimized(NioEventLoop.java:579)
	at org.apache.ratis.thirdparty.io.netty.channel.nio.NioEventLoop.processSelectedKeys(NioEventLoop.java:496)
	at org.apache.ratis.thirdparty.io.netty.channel.nio.NioEventLoop.run(NioEventLoop.java:458)
	at org.apache.ratis.thirdparty.io.netty.util.concurrent.SingleThreadEventExecutor$5.run(SingleThreadEventExecutor.java:897)
	at org.apache.ratis.thirdparty.io.netty.util.concurrent.FastThreadLocalRunnable.run(FastThreadLocalRunnable.java:30)
	... 1 more
Caused by: java.net.ConnectException: Connection refused
	... 11 more
2019-10-24 15:44:21,461 [af280123-6372-4d1f-a5d4-c36229a73203@group-75C85B6D1182-LeaderElection259] INFO  impl.LeaderElection (LogUtils.java:infoOrTrace(149)) -   Exception 1: {}
java.util.concurrent.ExecutionException: org.apache.ratis.thirdparty.io.grpc.StatusRuntimeException: UNAVAILABLE: io exception
	at java.util.concurrent.FutureTask.report(FutureTask.java:122)
	at java.util.concurrent.FutureTask.get(FutureTask.java:192)
	at org.apache.ratis.server.impl.LeaderElection.waitForResults(LeaderElection.java:259)
	at org.apache.ratis.server.impl.LeaderElection.askForVotes(LeaderElection.java:197)
	at org.apache.ratis.server.impl.LeaderElection.run(LeaderElection.java:133)
	at java.lang.Thread.run(Thread.java:748)
Caused by: org.apache.ratis.thirdparty.io.grpc.StatusRuntimeException: UNAVAILABLE: io exception
	at org.apache.ratis.thirdparty.io.grpc.stub.ClientCalls.toStatusRuntimeException(ClientCalls.java:233)
	at org.apache.ratis.thirdparty.io.grpc.stub.ClientCalls.getUnchecked(ClientCalls.java:214)
	at org.apache.ratis.thirdparty.io.grpc.stub.ClientCalls.blockingUnaryCall(ClientCalls.java:139)
	at org.apache.ratis.proto.grpc.RaftServerProtocolServiceGrpc$RaftServerProtocolServiceBlockingStub.requestVote(RaftServerProtocolServiceGrpc.java:265)
	at org.apache.ratis.grpc.server.GrpcServerProtocolClient.requestVote(GrpcServerProtocolClient.java:99)
	at org.apache.ratis.grpc.server.GrpcService.requestVote(GrpcService.java:204)
	at org.apache.ratis.server.impl.LeaderElection.lambda$submitRequests$1(LeaderElection.java:234)
	at java.util.concurrent.FutureTask.run(FutureTask.java:266)
	at java.util.concurrent.Executors$RunnableAdapter.call(Executors.java:511)
	at java.util.concurrent.FutureTask.run(FutureTask.java:266)
	at java.util.concurrent.ThreadPoolExecutor.runWorker(ThreadPoolExecutor.java:1149)
	at java.util.concurrent.ThreadPoolExecutor$Worker.run(ThreadPoolExecutor.java:624)
	... 1 more
Caused by: org.apache.ratis.thirdparty.io.netty.channel.AbstractChannel$AnnotatedConnectException: Connection refused: /192.168.164.213:41180
	at sun.nio.ch.SocketChannelImpl.checkConnect(Native Method)
	at sun.nio.ch.SocketChannelImpl.finishConnect(SocketChannelImpl.java:717)
	at org.apache.ratis.thirdparty.io.netty.channel.socket.nio.NioSocketChannel.doFinishConnect(NioSocketChannel.java:327)
	at org.apache.ratis.thirdparty.io.netty.channel.nio.AbstractNioChannel$AbstractNioUnsafe.finishConnect(AbstractNioChannel.java:340)
	at org.apache.ratis.thirdparty.io.netty.channel.nio.NioEventLoop.processSelectedKey(NioEventLoop.java:632)
	at org.apache.ratis.thirdparty.io.netty.channel.nio.NioEventLoop.processSelectedKeysOptimized(NioEventLoop.java:579)
	at org.apache.ratis.thirdparty.io.netty.channel.nio.NioEventLoop.processSelectedKeys(NioEventLoop.java:496)
	at org.apache.ratis.thirdparty.io.netty.channel.nio.NioEventLoop.run(NioEventLoop.java:458)
	at org.apache.ratis.thirdparty.io.netty.util.concurrent.SingleThreadEventExecutor$5.run(SingleThreadEventExecutor.java:897)
	at org.apache.ratis.thirdparty.io.netty.util.concurrent.FastThreadLocalRunnable.run(FastThreadLocalRunnable.java:30)
	... 1 more
Caused by: java.net.ConnectException: Connection refused
	... 11 more
2019-10-24 15:44:21,461 [af280123-6372-4d1f-a5d4-c36229a73203@group-75C85B6D1182-LeaderElection259] INFO  impl.RaftServerImpl (RaftServerImpl.java:setRole(184)) - af280123-6372-4d1f-a5d4-c36229a73203@group-75C85B6D1182: changes role from CANDIDATE to FOLLOWER at term 254 for DISCOVERED_A_NEW_TERM
2019-10-24 15:44:21,461 [af280123-6372-4d1f-a5d4-c36229a73203@group-75C85B6D1182-LeaderElection259] INFO  impl.RoleInfo (RoleInfo.java:shutdownLeaderElection(134)) - af280123-6372-4d1f-a5d4-c36229a73203: shutdown LeaderElection
2019-10-24 15:44:21,461 [af280123-6372-4d1f-a5d4-c36229a73203@group-75C85B6D1182-LeaderElection259] INFO  impl.RoleInfo (RoleInfo.java:updateAndGet(143)) - af280123-6372-4d1f-a5d4-c36229a73203: start FollowerState
2019-10-24 15:44:21,462 [a667faea-0fef-4f07-8d37-e0d8f63f2a62@group-56059261E3EC-LeaderElection258] INFO  impl.LeaderElection (LogUtils.java:infoOrTrace(149)) - a667faea-0fef-4f07-8d37-e0d8f63f2a62@group-56059261E3EC-LeaderElection258 got exception when requesting votes: {}
java.util.concurrent.ExecutionException: org.apache.ratis.thirdparty.io.grpc.StatusRuntimeException: UNAVAILABLE: io exception
	at java.util.concurrent.FutureTask.report(FutureTask.java:122)
	at java.util.concurrent.FutureTask.get(FutureTask.java:192)
	at org.apache.ratis.server.impl.LeaderElection.waitForResults(LeaderElection.java:259)
	at org.apache.ratis.server.impl.LeaderElection.askForVotes(LeaderElection.java:197)
	at org.apache.ratis.server.impl.LeaderElection.run(LeaderElection.java:133)
	at java.lang.Thread.run(Thread.java:748)
Caused by: org.apache.ratis.thirdparty.io.grpc.StatusRuntimeException: UNAVAILABLE: io exception
	at org.apache.ratis.thirdparty.io.grpc.stub.ClientCalls.toStatusRuntimeException(ClientCalls.java:233)
	at org.apache.ratis.thirdparty.io.grpc.stub.ClientCalls.getUnchecked(ClientCalls.java:214)
	at org.apache.ratis.thirdparty.io.grpc.stub.ClientCalls.blockingUnaryCall(ClientCalls.java:139)
	at org.apache.ratis.proto.grpc.RaftServerProtocolServiceGrpc$RaftServerProtocolServiceBlockingStub.requestVote(RaftServerProtocolServiceGrpc.java:265)
	at org.apache.ratis.grpc.server.GrpcServerProtocolClient.requestVote(GrpcServerProtocolClient.java:99)
	at org.apache.ratis.grpc.server.GrpcService.requestVote(GrpcService.java:204)
	at org.apache.ratis.server.impl.LeaderElection.lambda$submitRequests$1(LeaderElection.java:234)
	at java.util.concurrent.FutureTask.run(FutureTask.java:266)
	at java.util.concurrent.Executors$RunnableAdapter.call(Executors.java:511)
	at java.util.concurrent.FutureTask.run(FutureTask.java:266)
	at java.util.concurrent.ThreadPoolExecutor.runWorker(ThreadPoolExecutor.java:1149)
	at java.util.concurrent.ThreadPoolExecutor$Worker.run(ThreadPoolExecutor.java:624)
	... 1 more
Caused by: org.apache.ratis.thirdparty.io.netty.channel.AbstractChannel$AnnotatedConnectException: Connection refused: /192.168.164.213:36516
	at sun.nio.ch.SocketChannelImpl.checkConnect(Native Method)
	at sun.nio.ch.SocketChannelImpl.finishConnect(SocketChannelImpl.java:717)
	at org.apache.ratis.thirdparty.io.netty.channel.socket.nio.NioSocketChannel.doFinishConnect(NioSocketChannel.java:327)
	at org.apache.ratis.thirdparty.io.netty.channel.nio.AbstractNioChannel$AbstractNioUnsafe.finishConnect(AbstractNioChannel.java:340)
	at org.apache.ratis.thirdparty.io.netty.channel.nio.NioEventLoop.processSelectedKey(NioEventLoop.java:632)
	at org.apache.ratis.thirdparty.io.netty.channel.nio.NioEventLoop.processSelectedKeysOptimized(NioEventLoop.java:579)
	at org.apache.ratis.thirdparty.io.netty.channel.nio.NioEventLoop.processSelectedKeys(NioEventLoop.java:496)
	at org.apache.ratis.thirdparty.io.netty.channel.nio.NioEventLoop.run(NioEventLoop.java:458)
	at org.apache.ratis.thirdparty.io.netty.util.concurrent.SingleThreadEventExecutor$5.run(SingleThreadEventExecutor.java:897)
	at org.apache.ratis.thirdparty.io.netty.util.concurrent.FastThreadLocalRunnable.run(FastThreadLocalRunnable.java:30)
	... 1 more
Caused by: java.net.ConnectException: Connection refused
	... 11 more
2019-10-24 15:44:21,462 [a667faea-0fef-4f07-8d37-e0d8f63f2a62@group-56059261E3EC-LeaderElection258] INFO  impl.LeaderElection (LogUtils.java:infoOrTrace(149)) - a667faea-0fef-4f07-8d37-e0d8f63f2a62@group-56059261E3EC-LeaderElection258 got exception when requesting votes: {}
java.util.concurrent.ExecutionException: org.apache.ratis.thirdparty.io.grpc.StatusRuntimeException: UNAVAILABLE: io exception
	at java.util.concurrent.FutureTask.report(FutureTask.java:122)
	at java.util.concurrent.FutureTask.get(FutureTask.java:192)
	at org.apache.ratis.server.impl.LeaderElection.waitForResults(LeaderElection.java:259)
	at org.apache.ratis.server.impl.LeaderElection.askForVotes(LeaderElection.java:197)
	at org.apache.ratis.server.impl.LeaderElection.run(LeaderElection.java:133)
	at java.lang.Thread.run(Thread.java:748)
Caused by: org.apache.ratis.thirdparty.io.grpc.StatusRuntimeException: UNAVAILABLE: io exception
	at org.apache.ratis.thirdparty.io.grpc.stub.ClientCalls.toStatusRuntimeException(ClientCalls.java:233)
	at org.apache.ratis.thirdparty.io.grpc.stub.ClientCalls.getUnchecked(ClientCalls.java:214)
	at org.apache.ratis.thirdparty.io.grpc.stub.ClientCalls.blockingUnaryCall(ClientCalls.java:139)
	at org.apache.ratis.proto.grpc.RaftServerProtocolServiceGrpc$RaftServerProtocolServiceBlockingStub.requestVote(RaftServerProtocolServiceGrpc.java:265)
	at org.apache.ratis.grpc.server.GrpcServerProtocolClient.requestVote(GrpcServerProtocolClient.java:99)
	at org.apache.ratis.grpc.server.GrpcService.requestVote(GrpcService.java:204)
	at org.apache.ratis.server.impl.LeaderElection.lambda$submitRequests$1(LeaderElection.java:234)
	at java.util.concurrent.FutureTask.run(FutureTask.java:266)
	at java.util.concurrent.Executors$RunnableAdapter.call(Executors.java:511)
	at java.util.concurrent.FutureTask.run(FutureTask.java:266)
	at java.util.concurrent.ThreadPoolExecutor.runWorker(ThreadPoolExecutor.java:1149)
	at java.util.concurrent.ThreadPoolExecutor$Worker.run(ThreadPoolExecutor.java:624)
	... 1 more
Caused by: org.apache.ratis.thirdparty.io.netty.channel.AbstractChannel$AnnotatedConnectException: Connection refused: /192.168.164.213:44036
	at sun.nio.ch.SocketChannelImpl.checkConnect(Native Method)
	at sun.nio.ch.SocketChannelImpl.finishConnect(SocketChannelImpl.java:717)
	at org.apache.ratis.thirdparty.io.netty.channel.socket.nio.NioSocketChannel.doFinishConnect(NioSocketChannel.java:327)
	at org.apache.ratis.thirdparty.io.netty.channel.nio.AbstractNioChannel$AbstractNioUnsafe.finishConnect(AbstractNioChannel.java:340)
	at org.apache.ratis.thirdparty.io.netty.channel.nio.NioEventLoop.processSelectedKey(NioEventLoop.java:632)
	at org.apache.ratis.thirdparty.io.netty.channel.nio.NioEventLoop.processSelectedKeysOptimized(NioEventLoop.java:579)
	at org.apache.ratis.thirdparty.io.netty.channel.nio.NioEventLoop.processSelectedKeys(NioEventLoop.java:496)
	at org.apache.ratis.thirdparty.io.netty.channel.nio.NioEventLoop.run(NioEventLoop.java:458)
	at org.apache.ratis.thirdparty.io.netty.util.concurrent.SingleThreadEventExecutor$5.run(SingleThreadEventExecutor.java:897)
	at org.apache.ratis.thirdparty.io.netty.util.concurrent.FastThreadLocalRunnable.run(FastThreadLocalRunnable.java:30)
	... 1 more
Caused by: java.net.ConnectException: Connection refused
	... 11 more
2019-10-24 15:44:21,463 [a667faea-0fef-4f07-8d37-e0d8f63f2a62@group-56059261E3EC-LeaderElection258] INFO  impl.LeaderElection (LeaderElection.java:logAndReturn(56)) - a667faea-0fef-4f07-8d37-e0d8f63f2a62@group-56059261E3EC-LeaderElection258: Election REJECTED; received 0 response(s) [] and 2 exception(s); a667faea-0fef-4f07-8d37-e0d8f63f2a62@group-56059261E3EC:t7, leader=null, voted=a667faea-0fef-4f07-8d37-e0d8f63f2a62, raftlog=a667faea-0fef-4f07-8d37-e0d8f63f2a62@group-56059261E3EC-SegmentedRaftLog:OPENED:c16,f16,i16, conf=0: [3a65ecdf-e32f-4548-a2e5-44ab823c11b3:192.168.164.213:44036, a667faea-0fef-4f07-8d37-e0d8f63f2a62:192.168.164.213:36278, 2f81ded6-48e6-408d-9409-3cd44f70bee8:192.168.164.213:36516], old=null
2019-10-24 15:44:21,463 [a667faea-0fef-4f07-8d37-e0d8f63f2a62@group-56059261E3EC-LeaderElection258] INFO  impl.LeaderElection (LogUtils.java:infoOrTrace(149)) -   Exception 0: {}
java.util.concurrent.ExecutionException: org.apache.ratis.thirdparty.io.grpc.StatusRuntimeException: UNAVAILABLE: io exception
	at java.util.concurrent.FutureTask.report(FutureTask.java:122)
	at java.util.concurrent.FutureTask.get(FutureTask.java:192)
	at org.apache.ratis.server.impl.LeaderElection.waitForResults(LeaderElection.java:259)
	at org.apache.ratis.server.impl.LeaderElection.askForVotes(LeaderElection.java:197)
	at org.apache.ratis.server.impl.LeaderElection.run(LeaderElection.java:133)
	at java.lang.Thread.run(Thread.java:748)
Caused by: org.apache.ratis.thirdparty.io.grpc.StatusRuntimeException: UNAVAILABLE: io exception
	at org.apache.ratis.thirdparty.io.grpc.stub.ClientCalls.toStatusRuntimeException(ClientCalls.java:233)
	at org.apache.ratis.thirdparty.io.grpc.stub.ClientCalls.getUnchecked(ClientCalls.java:214)
	at org.apache.ratis.thirdparty.io.grpc.stub.ClientCalls.blockingUnaryCall(ClientCalls.java:139)
	at org.apache.ratis.proto.grpc.RaftServerProtocolServiceGrpc$RaftServerProtocolServiceBlockingStub.requestVote(RaftServerProtocolServiceGrpc.java:265)
	at org.apache.ratis.grpc.server.GrpcServerProtocolClient.requestVote(GrpcServerProtocolClient.java:99)
	at org.apache.ratis.grpc.server.GrpcService.requestVote(GrpcService.java:204)
	at org.apache.ratis.server.impl.LeaderElection.lambda$submitRequests$1(LeaderElection.java:234)
	at java.util.concurrent.FutureTask.run(FutureTask.java:266)
	at java.util.concurrent.Executors$RunnableAdapter.call(Executors.java:511)
	at java.util.concurrent.FutureTask.run(FutureTask.java:266)
	at java.util.concurrent.ThreadPoolExecutor.runWorker(ThreadPoolExecutor.java:1149)
	at java.util.concurrent.ThreadPoolExecutor$Worker.run(ThreadPoolExecutor.java:624)
	... 1 more
Caused by: org.apache.ratis.thirdparty.io.netty.channel.AbstractChannel$AnnotatedConnectException: Connection refused: /192.168.164.213:36516
	at sun.nio.ch.SocketChannelImpl.checkConnect(Native Method)
	at sun.nio.ch.SocketChannelImpl.finishConnect(SocketChannelImpl.java:717)
	at org.apache.ratis.thirdparty.io.netty.channel.socket.nio.NioSocketChannel.doFinishConnect(NioSocketChannel.java:327)
	at org.apache.ratis.thirdparty.io.netty.channel.nio.AbstractNioChannel$AbstractNioUnsafe.finishConnect(AbstractNioChannel.java:340)
	at org.apache.ratis.thirdparty.io.netty.channel.nio.NioEventLoop.processSelectedKey(NioEventLoop.java:632)
	at org.apache.ratis.thirdparty.io.netty.channel.nio.NioEventLoop.processSelectedKeysOptimized(NioEventLoop.java:579)
	at org.apache.ratis.thirdparty.io.netty.channel.nio.NioEventLoop.processSelectedKeys(NioEventLoop.java:496)
	at org.apache.ratis.thirdparty.io.netty.channel.nio.NioEventLoop.run(NioEventLoop.java:458)
	at org.apache.ratis.thirdparty.io.netty.util.concurrent.SingleThreadEventExecutor$5.run(SingleThreadEventExecutor.java:897)
	at org.apache.ratis.thirdparty.io.netty.util.concurrent.FastThreadLocalRunnable.run(FastThreadLocalRunnable.java:30)
	... 1 more
Caused by: java.net.ConnectException: Connection refused
	... 11 more
2019-10-24 15:44:21,463 [a667faea-0fef-4f07-8d37-e0d8f63f2a62@group-56059261E3EC-LeaderElection258] INFO  impl.LeaderElection (LogUtils.java:infoOrTrace(149)) -   Exception 1: {}
java.util.concurrent.ExecutionException: org.apache.ratis.thirdparty.io.grpc.StatusRuntimeException: UNAVAILABLE: io exception
	at java.util.concurrent.FutureTask.report(FutureTask.java:122)
	at java.util.concurrent.FutureTask.get(FutureTask.java:192)
	at org.apache.ratis.server.impl.LeaderElection.waitForResults(LeaderElection.java:259)
	at org.apache.ratis.server.impl.LeaderElection.askForVotes(LeaderElection.java:197)
	at org.apache.ratis.server.impl.LeaderElection.run(LeaderElection.java:133)
	at java.lang.Thread.run(Thread.java:748)
Caused by: org.apache.ratis.thirdparty.io.grpc.StatusRuntimeException: UNAVAILABLE: io exception
	at org.apache.ratis.thirdparty.io.grpc.stub.ClientCalls.toStatusRuntimeException(ClientCalls.java:233)
	at org.apache.ratis.thirdparty.io.grpc.stub.ClientCalls.getUnchecked(ClientCalls.java:214)
	at org.apache.ratis.thirdparty.io.grpc.stub.ClientCalls.blockingUnaryCall(ClientCalls.java:139)
	at org.apache.ratis.proto.grpc.RaftServerProtocolServiceGrpc$RaftServerProtocolServiceBlockingStub.requestVote(RaftServerProtocolServiceGrpc.java:265)
	at org.apache.ratis.grpc.server.GrpcServerProtocolClient.requestVote(GrpcServerProtocolClient.java:99)
	at org.apache.ratis.grpc.server.GrpcService.requestVote(GrpcService.java:204)
	at org.apache.ratis.server.impl.LeaderElection.lambda$submitRequests$1(LeaderElection.java:234)
	at java.util.concurrent.FutureTask.run(FutureTask.java:266)
	at java.util.concurrent.Executors$RunnableAdapter.call(Executors.java:511)
	at java.util.concurrent.FutureTask.run(FutureTask.java:266)
	at java.util.concurrent.ThreadPoolExecutor.runWorker(ThreadPoolExecutor.java:1149)
	at java.util.concurrent.ThreadPoolExecutor$Worker.run(ThreadPoolExecutor.java:624)
	... 1 more
Caused by: org.apache.ratis.thirdparty.io.netty.channel.AbstractChannel$AnnotatedConnectException: Connection refused: /192.168.164.213:44036
	at sun.nio.ch.SocketChannelImpl.checkConnect(Native Method)
	at sun.nio.ch.SocketChannelImpl.finishConnect(SocketChannelImpl.java:717)
	at org.apache.ratis.thirdparty.io.netty.channel.socket.nio.NioSocketChannel.doFinishConnect(NioSocketChannel.java:327)
	at org.apache.ratis.thirdparty.io.netty.channel.nio.AbstractNioChannel$AbstractNioUnsafe.finishConnect(AbstractNioChannel.java:340)
	at org.apache.ratis.thirdparty.io.netty.channel.nio.NioEventLoop.processSelectedKey(NioEventLoop.java:632)
	at org.apache.ratis.thirdparty.io.netty.channel.nio.NioEventLoop.processSelectedKeysOptimized(NioEventLoop.java:579)
	at org.apache.ratis.thirdparty.io.netty.channel.nio.NioEventLoop.processSelectedKeys(NioEventLoop.java:496)
	at org.apache.ratis.thirdparty.io.netty.channel.nio.NioEventLoop.run(NioEventLoop.java:458)
	at org.apache.ratis.thirdparty.io.netty.util.concurrent.SingleThreadEventExecutor$5.run(SingleThreadEventExecutor.java:897)
	at org.apache.ratis.thirdparty.io.netty.util.concurrent.FastThreadLocalRunnable.run(FastThreadLocalRunnable.java:30)
	... 1 more
Caused by: java.net.ConnectException: Connection refused
	... 11 more
2019-10-24 15:44:21,464 [a667faea-0fef-4f07-8d37-e0d8f63f2a62@group-56059261E3EC-LeaderElection258] INFO  impl.RaftServerImpl (RaftServerImpl.java:setRole(184)) - a667faea-0fef-4f07-8d37-e0d8f63f2a62@group-56059261E3EC: changes role from CANDIDATE to FOLLOWER at term 7 for DISCOVERED_A_NEW_TERM
2019-10-24 15:44:21,464 [a667faea-0fef-4f07-8d37-e0d8f63f2a62@group-56059261E3EC-LeaderElection258] INFO  impl.RoleInfo (RoleInfo.java:shutdownLeaderElection(134)) - a667faea-0fef-4f07-8d37-e0d8f63f2a62: shutdown LeaderElection
2019-10-24 15:44:21,464 [a667faea-0fef-4f07-8d37-e0d8f63f2a62@group-56059261E3EC-LeaderElection258] INFO  impl.RoleInfo (RoleInfo.java:updateAndGet(143)) - a667faea-0fef-4f07-8d37-e0d8f63f2a62: start FollowerState
2019-10-24 15:44:21,474 [Thread-2201] INFO  impl.FollowerState (FollowerState.java:run(108)) - af280123-6372-4d1f-a5d4-c36229a73203@group-75C85B6D1182-FollowerState: change to CANDIDATE, lastRpcTime:12ms, electionTimeout:12ms
2019-10-24 15:44:21,474 [Thread-2201] INFO  impl.RoleInfo (RoleInfo.java:shutdownFollowerState(121)) - af280123-6372-4d1f-a5d4-c36229a73203: shutdown FollowerState
2019-10-24 15:44:21,474 [Thread-2201] INFO  impl.RaftServerImpl (RaftServerImpl.java:setRole(184)) - af280123-6372-4d1f-a5d4-c36229a73203@group-75C85B6D1182: changes role from  FOLLOWER to CANDIDATE at term 254 for changeToCandidate
2019-10-24 15:44:21,474 [Thread-2201] INFO  impl.RoleInfo (RoleInfo.java:updateAndGet(143)) - af280123-6372-4d1f-a5d4-c36229a73203: start LeaderElection
2019-10-24 15:44:21,489 [af280123-6372-4d1f-a5d4-c36229a73203@group-75C85B6D1182-LeaderElection260] INFO  impl.LeaderElection (LeaderElection.java:askForVotes(178)) - af280123-6372-4d1f-a5d4-c36229a73203@group-75C85B6D1182-LeaderElection260: begin an election at term 255 for -1: [9092f221-0e0d-4970-bb84-cacd95020f21:192.168.164.213:41903, af280123-6372-4d1f-a5d4-c36229a73203:192.168.164.213:35334, b4ae536c-ed18-4717-a75c-ca4b5d6c4001:192.168.164.213:41180], old=null
2019-10-24 15:44:21,490 [af280123-6372-4d1f-a5d4-c36229a73203@group-75C85B6D1182-LeaderElection260] INFO  impl.LeaderElection (LogUtils.java:infoOrTrace(149)) - af280123-6372-4d1f-a5d4-c36229a73203@group-75C85B6D1182-LeaderElection260 got exception when requesting votes: {}
java.util.concurrent.ExecutionException: org.apache.ratis.thirdparty.io.grpc.StatusRuntimeException: UNAVAILABLE: io exception
	at java.util.concurrent.FutureTask.report(FutureTask.java:122)
	at java.util.concurrent.FutureTask.get(FutureTask.java:192)
	at org.apache.ratis.server.impl.LeaderElection.waitForResults(LeaderElection.java:259)
	at org.apache.ratis.server.impl.LeaderElection.askForVotes(LeaderElection.java:197)
	at org.apache.ratis.server.impl.LeaderElection.run(LeaderElection.java:133)
	at java.lang.Thread.run(Thread.java:748)
Caused by: org.apache.ratis.thirdparty.io.grpc.StatusRuntimeException: UNAVAILABLE: io exception
	at org.apache.ratis.thirdparty.io.grpc.stub.ClientCalls.toStatusRuntimeException(ClientCalls.java:233)
	at org.apache.ratis.thirdparty.io.grpc.stub.ClientCalls.getUnchecked(ClientCalls.java:214)
	at org.apache.ratis.thirdparty.io.grpc.stub.ClientCalls.blockingUnaryCall(ClientCalls.java:139)
	at org.apache.ratis.proto.grpc.RaftServerProtocolServiceGrpc$RaftServerProtocolServiceBlockingStub.requestVote(RaftServerProtocolServiceGrpc.java:265)
	at org.apache.ratis.grpc.server.GrpcServerProtocolClient.requestVote(GrpcServerProtocolClient.java:99)
	at org.apache.ratis.grpc.server.GrpcService.requestVote(GrpcService.java:204)
	at org.apache.ratis.server.impl.LeaderElection.lambda$submitRequests$1(LeaderElection.java:234)
	at java.util.concurrent.FutureTask.run(FutureTask.java:266)
	at java.util.concurrent.Executors$RunnableAdapter.call(Executors.java:511)
	at java.util.concurrent.FutureTask.run(FutureTask.java:266)
	at java.util.concurrent.ThreadPoolExecutor.runWorker(ThreadPoolExecutor.java:1149)
	at java.util.concurrent.ThreadPoolExecutor$Worker.run(ThreadPoolExecutor.java:624)
	... 1 more
Caused by: org.apache.ratis.thirdparty.io.netty.channel.AbstractChannel$AnnotatedConnectException: Connection refused: /192.168.164.213:41180
	at sun.nio.ch.SocketChannelImpl.checkConnect(Native Method)
	at sun.nio.ch.SocketChannelImpl.finishConnect(SocketChannelImpl.java:717)
	at org.apache.ratis.thirdparty.io.netty.channel.socket.nio.NioSocketChannel.doFinishConnect(NioSocketChannel.java:327)
	at org.apache.ratis.thirdparty.io.netty.channel.nio.AbstractNioChannel$AbstractNioUnsafe.finishConnect(AbstractNioChannel.java:340)
	at org.apache.ratis.thirdparty.io.netty.channel.nio.NioEventLoop.processSelectedKey(NioEventLoop.java:632)
	at org.apache.ratis.thirdparty.io.netty.channel.nio.NioEventLoop.processSelectedKeysOptimized(NioEventLoop.java:579)
	at org.apache.ratis.thirdparty.io.netty.channel.nio.NioEventLoop.processSelectedKeys(NioEventLoop.java:496)
	at org.apache.ratis.thirdparty.io.netty.channel.nio.NioEventLoop.run(NioEventLoop.java:458)
	at org.apache.ratis.thirdparty.io.netty.util.concurrent.SingleThreadEventExecutor$5.run(SingleThreadEventExecutor.java:897)
	at org.apache.ratis.thirdparty.io.netty.util.concurrent.FastThreadLocalRunnable.run(FastThreadLocalRunnable.java:30)
	... 1 more
Caused by: java.net.ConnectException: Connection refused
	... 11 more
2019-10-24 15:44:21,491 [af280123-6372-4d1f-a5d4-c36229a73203@group-75C85B6D1182-LeaderElection260] INFO  impl.LeaderElection (LogUtils.java:infoOrTrace(149)) - af280123-6372-4d1f-a5d4-c36229a73203@group-75C85B6D1182-LeaderElection260 got exception when requesting votes: {}
java.util.concurrent.ExecutionException: org.apache.ratis.thirdparty.io.grpc.StatusRuntimeException: UNAVAILABLE: io exception
	at java.util.concurrent.FutureTask.report(FutureTask.java:122)
	at java.util.concurrent.FutureTask.get(FutureTask.java:192)
	at org.apache.ratis.server.impl.LeaderElection.waitForResults(LeaderElection.java:259)
	at org.apache.ratis.server.impl.LeaderElection.askForVotes(LeaderElection.java:197)
	at org.apache.ratis.server.impl.LeaderElection.run(LeaderElection.java:133)
	at java.lang.Thread.run(Thread.java:748)
Caused by: org.apache.ratis.thirdparty.io.grpc.StatusRuntimeException: UNAVAILABLE: io exception
	at org.apache.ratis.thirdparty.io.grpc.stub.ClientCalls.toStatusRuntimeException(ClientCalls.java:233)
	at org.apache.ratis.thirdparty.io.grpc.stub.ClientCalls.getUnchecked(ClientCalls.java:214)
	at org.apache.ratis.thirdparty.io.grpc.stub.ClientCalls.blockingUnaryCall(ClientCalls.java:139)
	at org.apache.ratis.proto.grpc.RaftServerProtocolServiceGrpc$RaftServerProtocolServiceBlockingStub.requestVote(RaftServerProtocolServiceGrpc.java:265)
	at org.apache.ratis.grpc.server.GrpcServerProtocolClient.requestVote(GrpcServerProtocolClient.java:99)
	at org.apache.ratis.grpc.server.GrpcService.requestVote(GrpcService.java:204)
	at org.apache.ratis.server.impl.LeaderElection.lambda$submitRequests$1(LeaderElection.java:234)
	at java.util.concurrent.FutureTask.run(FutureTask.java:266)
	at java.util.concurrent.Executors$RunnableAdapter.call(Executors.java:511)
	at java.util.concurrent.FutureTask.run(FutureTask.java:266)
	at java.util.concurrent.ThreadPoolExecutor.runWorker(ThreadPoolExecutor.java:1149)
	at java.util.concurrent.ThreadPoolExecutor$Worker.run(ThreadPoolExecutor.java:624)
	... 1 more
Caused by: org.apache.ratis.thirdparty.io.netty.channel.AbstractChannel$AnnotatedConnectException: Connection refused: /192.168.164.213:41903
	at sun.nio.ch.SocketChannelImpl.checkConnect(Native Method)
	at sun.nio.ch.SocketChannelImpl.finishConnect(SocketChannelImpl.java:717)
	at org.apache.ratis.thirdparty.io.netty.channel.socket.nio.NioSocketChannel.doFinishConnect(NioSocketChannel.java:327)
	at org.apache.ratis.thirdparty.io.netty.channel.nio.AbstractNioChannel$AbstractNioUnsafe.finishConnect(AbstractNioChannel.java:340)
	at org.apache.ratis.thirdparty.io.netty.channel.nio.NioEventLoop.processSelectedKey(NioEventLoop.java:632)
	at org.apache.ratis.thirdparty.io.netty.channel.nio.NioEventLoop.processSelectedKeysOptimized(NioEventLoop.java:579)
	at org.apache.ratis.thirdparty.io.netty.channel.nio.NioEventLoop.processSelectedKeys(NioEventLoop.java:496)
	at org.apache.ratis.thirdparty.io.netty.channel.nio.NioEventLoop.run(NioEventLoop.java:458)
	at org.apache.ratis.thirdparty.io.netty.util.concurrent.SingleThreadEventExecutor$5.run(SingleThreadEventExecutor.java:897)
	at org.apache.ratis.thirdparty.io.netty.util.concurrent.FastThreadLocalRunnable.run(FastThreadLocalRunnable.java:30)
	... 1 more
Caused by: java.net.ConnectException: Connection refused
	... 11 more
2019-10-24 15:44:21,491 [af280123-6372-4d1f-a5d4-c36229a73203@group-75C85B6D1182-LeaderElection260] INFO  impl.LeaderElection (LeaderElection.java:logAndReturn(56)) - af280123-6372-4d1f-a5d4-c36229a73203@group-75C85B6D1182-LeaderElection260: Election REJECTED; received 0 response(s) [] and 2 exception(s); af280123-6372-4d1f-a5d4-c36229a73203@group-75C85B6D1182:t255, leader=null, voted=af280123-6372-4d1f-a5d4-c36229a73203, raftlog=af280123-6372-4d1f-a5d4-c36229a73203@group-75C85B6D1182-SegmentedRaftLog:OPENED:c-1,f-1,i0, conf=-1: [9092f221-0e0d-4970-bb84-cacd95020f21:192.168.164.213:41903, af280123-6372-4d1f-a5d4-c36229a73203:192.168.164.213:35334, b4ae536c-ed18-4717-a75c-ca4b5d6c4001:192.168.164.213:41180], old=null
2019-10-24 15:44:21,491 [af280123-6372-4d1f-a5d4-c36229a73203@group-75C85B6D1182-LeaderElection260] INFO  impl.LeaderElection (LogUtils.java:infoOrTrace(149)) -   Exception 0: {}
java.util.concurrent.ExecutionException: org.apache.ratis.thirdparty.io.grpc.StatusRuntimeException: UNAVAILABLE: io exception
	at java.util.concurrent.FutureTask.report(FutureTask.java:122)
	at java.util.concurrent.FutureTask.get(FutureTask.java:192)
	at org.apache.ratis.server.impl.LeaderElection.waitForResults(LeaderElection.java:259)
	at org.apache.ratis.server.impl.LeaderElection.askForVotes(LeaderElection.java:197)
	at org.apache.ratis.server.impl.LeaderElection.run(LeaderElection.java:133)
	at java.lang.Thread.run(Thread.java:748)
Caused by: org.apache.ratis.thirdparty.io.grpc.StatusRuntimeException: UNAVAILABLE: io exception
	at org.apache.ratis.thirdparty.io.grpc.stub.ClientCalls.toStatusRuntimeException(ClientCalls.java:233)
	at org.apache.ratis.thirdparty.io.grpc.stub.ClientCalls.getUnchecked(ClientCalls.java:214)
	at org.apache.ratis.thirdparty.io.grpc.stub.ClientCalls.blockingUnaryCall(ClientCalls.java:139)
	at org.apache.ratis.proto.grpc.RaftServerProtocolServiceGrpc$RaftServerProtocolServiceBlockingStub.requestVote(RaftServerProtocolServiceGrpc.java:265)
	at org.apache.ratis.grpc.server.GrpcServerProtocolClient.requestVote(GrpcServerProtocolClient.java:99)
	at org.apache.ratis.grpc.server.GrpcService.requestVote(GrpcService.java:204)
	at org.apache.ratis.server.impl.LeaderElection.lambda$submitRequests$1(LeaderElection.java:234)
	at java.util.concurrent.FutureTask.run(FutureTask.java:266)
	at java.util.concurrent.Executors$RunnableAdapter.call(Executors.java:511)
	at java.util.concurrent.FutureTask.run(FutureTask.java:266)
	at java.util.concurrent.ThreadPoolExecutor.runWorker(ThreadPoolExecutor.java:1149)
	at java.util.concurrent.ThreadPoolExecutor$Worker.run(ThreadPoolExecutor.java:624)
	... 1 more
Caused by: org.apache.ratis.thirdparty.io.netty.channel.AbstractChannel$AnnotatedConnectException: Connection refused: /192.168.164.213:41180
	at sun.nio.ch.SocketChannelImpl.checkConnect(Native Method)
	at sun.nio.ch.SocketChannelImpl.finishConnect(SocketChannelImpl.java:717)
	at org.apache.ratis.thirdparty.io.netty.channel.socket.nio.NioSocketChannel.doFinishConnect(NioSocketChannel.java:327)
	at org.apache.ratis.thirdparty.io.netty.channel.nio.AbstractNioChannel$AbstractNioUnsafe.finishConnect(AbstractNioChannel.java:340)
	at org.apache.ratis.thirdparty.io.netty.channel.nio.NioEventLoop.processSelectedKey(NioEventLoop.java:632)
	at org.apache.ratis.thirdparty.io.netty.channel.nio.NioEventLoop.processSelectedKeysOptimized(NioEventLoop.java:579)
	at org.apache.ratis.thirdparty.io.netty.channel.nio.NioEventLoop.processSelectedKeys(NioEventLoop.java:496)
	at org.apache.ratis.thirdparty.io.netty.channel.nio.NioEventLoop.run(NioEventLoop.java:458)
	at org.apache.ratis.thirdparty.io.netty.util.concurrent.SingleThreadEventExecutor$5.run(SingleThreadEventExecutor.java:897)
	at org.apache.ratis.thirdparty.io.netty.util.concurrent.FastThreadLocalRunnable.run(FastThreadLocalRunnable.java:30)
	... 1 more
Caused by: java.net.ConnectException: Connection refused
	... 11 more
2019-10-24 15:44:21,492 [af280123-6372-4d1f-a5d4-c36229a73203@group-75C85B6D1182-LeaderElection260] INFO  impl.LeaderElection (LogUtils.java:infoOrTrace(149)) -   Exception 1: {}
java.util.concurrent.ExecutionException: org.apache.ratis.thirdparty.io.grpc.StatusRuntimeException: UNAVAILABLE: io exception
	at java.util.concurrent.FutureTask.report(FutureTask.java:122)
	at java.util.concurrent.FutureTask.get(FutureTask.java:192)
	at org.apache.ratis.server.impl.LeaderElection.waitForResults(LeaderElection.java:259)
	at org.apache.ratis.server.impl.LeaderElection.askForVotes(LeaderElection.java:197)
	at org.apache.ratis.server.impl.LeaderElection.run(LeaderElection.java:133)
	at java.lang.Thread.run(Thread.java:748)
Caused by: org.apache.ratis.thirdparty.io.grpc.StatusRuntimeException: UNAVAILABLE: io exception
	at org.apache.ratis.thirdparty.io.grpc.stub.ClientCalls.toStatusRuntimeException(ClientCalls.java:233)
	at org.apache.ratis.thirdparty.io.grpc.stub.ClientCalls.getUnchecked(ClientCalls.java:214)
	at org.apache.ratis.thirdparty.io.grpc.stub.ClientCalls.blockingUnaryCall(ClientCalls.java:139)
	at org.apache.ratis.proto.grpc.RaftServerProtocolServiceGrpc$RaftServerProtocolServiceBlockingStub.requestVote(RaftServerProtocolServiceGrpc.java:265)
	at org.apache.ratis.grpc.server.GrpcServerProtocolClient.requestVote(GrpcServerProtocolClient.java:99)
	at org.apache.ratis.grpc.server.GrpcService.requestVote(GrpcService.java:204)
	at org.apache.ratis.server.impl.LeaderElection.lambda$submitRequests$1(LeaderElection.java:234)
	at java.util.concurrent.FutureTask.run(FutureTask.java:266)
	at java.util.concurrent.Executors$RunnableAdapter.call(Executors.java:511)
	at java.util.concurrent.FutureTask.run(FutureTask.java:266)
	at java.util.concurrent.ThreadPoolExecutor.runWorker(ThreadPoolExecutor.java:1149)
	at java.util.concurrent.ThreadPoolExecutor$Worker.run(ThreadPoolExecutor.java:624)
	... 1 more
Caused by: org.apache.ratis.thirdparty.io.netty.channel.AbstractChannel$AnnotatedConnectException: Connection refused: /192.168.164.213:41903
	at sun.nio.ch.SocketChannelImpl.checkConnect(Native Method)
	at sun.nio.ch.SocketChannelImpl.finishConnect(SocketChannelImpl.java:717)
	at org.apache.ratis.thirdparty.io.netty.channel.socket.nio.NioSocketChannel.doFinishConnect(NioSocketChannel.java:327)
	at org.apache.ratis.thirdparty.io.netty.channel.nio.AbstractNioChannel$AbstractNioUnsafe.finishConnect(AbstractNioChannel.java:340)
	at org.apache.ratis.thirdparty.io.netty.channel.nio.NioEventLoop.processSelectedKey(NioEventLoop.java:632)
	at org.apache.ratis.thirdparty.io.netty.channel.nio.NioEventLoop.processSelectedKeysOptimized(NioEventLoop.java:579)
	at org.apache.ratis.thirdparty.io.netty.channel.nio.NioEventLoop.processSelectedKeys(NioEventLoop.java:496)
	at org.apache.ratis.thirdparty.io.netty.channel.nio.NioEventLoop.run(NioEventLoop.java:458)
	at org.apache.ratis.thirdparty.io.netty.util.concurrent.SingleThreadEventExecutor$5.run(SingleThreadEventExecutor.java:897)
	at org.apache.ratis.thirdparty.io.netty.util.concurrent.FastThreadLocalRunnable.run(FastThreadLocalRunnable.java:30)
	... 1 more
Caused by: java.net.ConnectException: Connection refused
	... 11 more
2019-10-24 15:44:21,493 [af280123-6372-4d1f-a5d4-c36229a73203@group-75C85B6D1182-LeaderElection260] INFO  impl.RaftServerImpl (RaftServerImpl.java:setRole(184)) - af280123-6372-4d1f-a5d4-c36229a73203@group-75C85B6D1182: changes role from CANDIDATE to FOLLOWER at term 255 for DISCOVERED_A_NEW_TERM
2019-10-24 15:44:21,493 [af280123-6372-4d1f-a5d4-c36229a73203@group-75C85B6D1182-LeaderElection260] INFO  impl.RoleInfo (RoleInfo.java:shutdownLeaderElection(134)) - af280123-6372-4d1f-a5d4-c36229a73203: shutdown LeaderElection
2019-10-24 15:44:21,493 [af280123-6372-4d1f-a5d4-c36229a73203@group-75C85B6D1182-LeaderElection260] INFO  impl.RoleInfo (RoleInfo.java:updateAndGet(143)) - af280123-6372-4d1f-a5d4-c36229a73203: start FollowerState
2019-10-24 15:44:21,602 [Datanode State Machine Thread - 0] INFO  statemachine.DatanodeStateMachine (DatanodeStateMachine.java:lambda$startDaemon$0(350)) - Ozone container server started.
2019-10-24 15:44:21,656 [Thread-2206] INFO  impl.FollowerState (FollowerState.java:run(108)) - af280123-6372-4d1f-a5d4-c36229a73203@group-75C85B6D1182-FollowerState: change to CANDIDATE, lastRpcTime:163ms, electionTimeout:163ms
2019-10-24 15:44:21,656 [Thread-2206] INFO  impl.RoleInfo (RoleInfo.java:shutdownFollowerState(121)) - af280123-6372-4d1f-a5d4-c36229a73203: shutdown FollowerState
2019-10-24 15:44:21,657 [Thread-2206] INFO  impl.RaftServerImpl (RaftServerImpl.java:setRole(184)) - af280123-6372-4d1f-a5d4-c36229a73203@group-75C85B6D1182: changes role from  FOLLOWER to CANDIDATE at term 255 for changeToCandidate
2019-10-24 15:44:21,657 [Thread-2206] INFO  impl.RoleInfo (RoleInfo.java:updateAndGet(143)) - af280123-6372-4d1f-a5d4-c36229a73203: start LeaderElection
2019-10-24 15:44:21,682 [af280123-6372-4d1f-a5d4-c36229a73203@group-75C85B6D1182-LeaderElection261] INFO  impl.LeaderElection (LeaderElection.java:askForVotes(178)) - af280123-6372-4d1f-a5d4-c36229a73203@group-75C85B6D1182-LeaderElection261: begin an election at term 256 for -1: [9092f221-0e0d-4970-bb84-cacd95020f21:192.168.164.213:41903, af280123-6372-4d1f-a5d4-c36229a73203:192.168.164.213:35334, b4ae536c-ed18-4717-a75c-ca4b5d6c4001:192.168.164.213:41180], old=null
2019-10-24 15:44:21,683 [af280123-6372-4d1f-a5d4-c36229a73203@group-75C85B6D1182-LeaderElection261] INFO  impl.LeaderElection (LogUtils.java:infoOrTrace(149)) - af280123-6372-4d1f-a5d4-c36229a73203@group-75C85B6D1182-LeaderElection261 got exception when requesting votes: {}
java.util.concurrent.ExecutionException: org.apache.ratis.thirdparty.io.grpc.StatusRuntimeException: UNAVAILABLE: io exception
	at java.util.concurrent.FutureTask.report(FutureTask.java:122)
	at java.util.concurrent.FutureTask.get(FutureTask.java:192)
	at org.apache.ratis.server.impl.LeaderElection.waitForResults(LeaderElection.java:259)
	at org.apache.ratis.server.impl.LeaderElection.askForVotes(LeaderElection.java:197)
	at org.apache.ratis.server.impl.LeaderElection.run(LeaderElection.java:133)
	at java.lang.Thread.run(Thread.java:748)
Caused by: org.apache.ratis.thirdparty.io.grpc.StatusRuntimeException: UNAVAILABLE: io exception
	at org.apache.ratis.thirdparty.io.grpc.stub.ClientCalls.toStatusRuntimeException(ClientCalls.java:233)
	at org.apache.ratis.thirdparty.io.grpc.stub.ClientCalls.getUnchecked(ClientCalls.java:214)
	at org.apache.ratis.thirdparty.io.grpc.stub.ClientCalls.blockingUnaryCall(ClientCalls.java:139)
	at org.apache.ratis.proto.grpc.RaftServerProtocolServiceGrpc$RaftServerProtocolServiceBlockingStub.requestVote(RaftServerProtocolServiceGrpc.java:265)
	at org.apache.ratis.grpc.server.GrpcServerProtocolClient.requestVote(GrpcServerProtocolClient.java:99)
	at org.apache.ratis.grpc.server.GrpcService.requestVote(GrpcService.java:204)
	at org.apache.ratis.server.impl.LeaderElection.lambda$submitRequests$1(LeaderElection.java:234)
	at java.util.concurrent.FutureTask.run(FutureTask.java:266)
	at java.util.concurrent.Executors$RunnableAdapter.call(Executors.java:511)
	at java.util.concurrent.FutureTask.run(FutureTask.java:266)
	at java.util.concurrent.ThreadPoolExecutor.runWorker(ThreadPoolExecutor.java:1149)
	at java.util.concurrent.ThreadPoolExecutor$Worker.run(ThreadPoolExecutor.java:624)
	... 1 more
Caused by: org.apache.ratis.thirdparty.io.netty.channel.AbstractChannel$AnnotatedConnectException: Connection refused: /192.168.164.213:41903
	at sun.nio.ch.SocketChannelImpl.checkConnect(Native Method)
	at sun.nio.ch.SocketChannelImpl.finishConnect(SocketChannelImpl.java:717)
	at org.apache.ratis.thirdparty.io.netty.channel.socket.nio.NioSocketChannel.doFinishConnect(NioSocketChannel.java:327)
	at org.apache.ratis.thirdparty.io.netty.channel.nio.AbstractNioChannel$AbstractNioUnsafe.finishConnect(AbstractNioChannel.java:340)
	at org.apache.ratis.thirdparty.io.netty.channel.nio.NioEventLoop.processSelectedKey(NioEventLoop.java:632)
	at org.apache.ratis.thirdparty.io.netty.channel.nio.NioEventLoop.processSelectedKeysOptimized(NioEventLoop.java:579)
	at org.apache.ratis.thirdparty.io.netty.channel.nio.NioEventLoop.processSelectedKeys(NioEventLoop.java:496)
	at org.apache.ratis.thirdparty.io.netty.channel.nio.NioEventLoop.run(NioEventLoop.java:458)
	at org.apache.ratis.thirdparty.io.netty.util.concurrent.SingleThreadEventExecutor$5.run(SingleThreadEventExecutor.java:897)
	at org.apache.ratis.thirdparty.io.netty.util.concurrent.FastThreadLocalRunnable.run(FastThreadLocalRunnable.java:30)
	... 1 more
Caused by: java.net.ConnectException: Connection refused
	... 11 more
2019-10-24 15:44:21,684 [af280123-6372-4d1f-a5d4-c36229a73203@group-75C85B6D1182-LeaderElection261] INFO  impl.LeaderElection (LogUtils.java:infoOrTrace(149)) - af280123-6372-4d1f-a5d4-c36229a73203@group-75C85B6D1182-LeaderElection261 got exception when requesting votes: {}
java.util.concurrent.ExecutionException: org.apache.ratis.thirdparty.io.grpc.StatusRuntimeException: UNAVAILABLE: io exception
	at java.util.concurrent.FutureTask.report(FutureTask.java:122)
	at java.util.concurrent.FutureTask.get(FutureTask.java:192)
	at org.apache.ratis.server.impl.LeaderElection.waitForResults(LeaderElection.java:259)
	at org.apache.ratis.server.impl.LeaderElection.askForVotes(LeaderElection.java:197)
	at org.apache.ratis.server.impl.LeaderElection.run(LeaderElection.java:133)
	at java.lang.Thread.run(Thread.java:748)
Caused by: org.apache.ratis.thirdparty.io.grpc.StatusRuntimeException: UNAVAILABLE: io exception
	at org.apache.ratis.thirdparty.io.grpc.stub.ClientCalls.toStatusRuntimeException(ClientCalls.java:233)
	at org.apache.ratis.thirdparty.io.grpc.stub.ClientCalls.getUnchecked(ClientCalls.java:214)
	at org.apache.ratis.thirdparty.io.grpc.stub.ClientCalls.blockingUnaryCall(ClientCalls.java:139)
	at org.apache.ratis.proto.grpc.RaftServerProtocolServiceGrpc$RaftServerProtocolServiceBlockingStub.requestVote(RaftServerProtocolServiceGrpc.java:265)
	at org.apache.ratis.grpc.server.GrpcServerProtocolClient.requestVote(GrpcServerProtocolClient.java:99)
	at org.apache.ratis.grpc.server.GrpcService.requestVote(GrpcService.java:204)
	at org.apache.ratis.server.impl.LeaderElection.lambda$submitRequests$1(LeaderElection.java:234)
	at java.util.concurrent.FutureTask.run(FutureTask.java:266)
	at java.util.concurrent.Executors$RunnableAdapter.call(Executors.java:511)
	at java.util.concurrent.FutureTask.run(FutureTask.java:266)
	at java.util.concurrent.ThreadPoolExecutor.runWorker(ThreadPoolExecutor.java:1149)
	at java.util.concurrent.ThreadPoolExecutor$Worker.run(ThreadPoolExecutor.java:624)
	... 1 more
Caused by: org.apache.ratis.thirdparty.io.netty.channel.AbstractChannel$AnnotatedConnectException: Connection refused: /192.168.164.213:41180
	at sun.nio.ch.SocketChannelImpl.checkConnect(Native Method)
	at sun.nio.ch.SocketChannelImpl.finishConnect(SocketChannelImpl.java:717)
	at org.apache.ratis.thirdparty.io.netty.channel.socket.nio.NioSocketChannel.doFinishConnect(NioSocketChannel.java:327)
	at org.apache.ratis.thirdparty.io.netty.channel.nio.AbstractNioChannel$AbstractNioUnsafe.finishConnect(AbstractNioChannel.java:340)
	at org.apache.ratis.thirdparty.io.netty.channel.nio.NioEventLoop.processSelectedKey(NioEventLoop.java:632)
	at org.apache.ratis.thirdparty.io.netty.channel.nio.NioEventLoop.processSelectedKeysOptimized(NioEventLoop.java:579)
	at org.apache.ratis.thirdparty.io.netty.channel.nio.NioEventLoop.processSelectedKeys(NioEventLoop.java:496)
	at org.apache.ratis.thirdparty.io.netty.channel.nio.NioEventLoop.run(NioEventLoop.java:458)
	at org.apache.ratis.thirdparty.io.netty.util.concurrent.SingleThreadEventExecutor$5.run(SingleThreadEventExecutor.java:897)
	at org.apache.ratis.thirdparty.io.netty.util.concurrent.FastThreadLocalRunnable.run(FastThreadLocalRunnable.java:30)
	... 1 more
Caused by: java.net.ConnectException: Connection refused
	... 11 more
2019-10-24 15:44:21,684 [af280123-6372-4d1f-a5d4-c36229a73203@group-75C85B6D1182-LeaderElection261] INFO  impl.LeaderElection (LeaderElection.java:logAndReturn(56)) - af280123-6372-4d1f-a5d4-c36229a73203@group-75C85B6D1182-LeaderElection261: Election REJECTED; received 0 response(s) [] and 2 exception(s); af280123-6372-4d1f-a5d4-c36229a73203@group-75C85B6D1182:t256, leader=null, voted=af280123-6372-4d1f-a5d4-c36229a73203, raftlog=af280123-6372-4d1f-a5d4-c36229a73203@group-75C85B6D1182-SegmentedRaftLog:OPENED:c-1,f-1,i0, conf=-1: [9092f221-0e0d-4970-bb84-cacd95020f21:192.168.164.213:41903, af280123-6372-4d1f-a5d4-c36229a73203:192.168.164.213:35334, b4ae536c-ed18-4717-a75c-ca4b5d6c4001:192.168.164.213:41180], old=null
2019-10-24 15:44:21,684 [af280123-6372-4d1f-a5d4-c36229a73203@group-75C85B6D1182-LeaderElection261] INFO  impl.LeaderElection (LogUtils.java:infoOrTrace(149)) -   Exception 0: {}
java.util.concurrent.ExecutionException: org.apache.ratis.thirdparty.io.grpc.StatusRuntimeException: UNAVAILABLE: io exception
	at java.util.concurrent.FutureTask.report(FutureTask.java:122)
	at java.util.concurrent.FutureTask.get(FutureTask.java:192)
	at org.apache.ratis.server.impl.LeaderElection.waitForResults(LeaderElection.java:259)
	at org.apache.ratis.server.impl.LeaderElection.askForVotes(LeaderElection.java:197)
	at org.apache.ratis.server.impl.LeaderElection.run(LeaderElection.java:133)
	at java.lang.Thread.run(Thread.java:748)
Caused by: org.apache.ratis.thirdparty.io.grpc.StatusRuntimeException: UNAVAILABLE: io exception
	at org.apache.ratis.thirdparty.io.grpc.stub.ClientCalls.toStatusRuntimeException(ClientCalls.java:233)
	at org.apache.ratis.thirdparty.io.grpc.stub.ClientCalls.getUnchecked(ClientCalls.java:214)
	at org.apache.ratis.thirdparty.io.grpc.stub.ClientCalls.blockingUnaryCall(ClientCalls.java:139)
	at org.apache.ratis.proto.grpc.RaftServerProtocolServiceGrpc$RaftServerProtocolServiceBlockingStub.requestVote(RaftServerProtocolServiceGrpc.java:265)
	at org.apache.ratis.grpc.server.GrpcServerProtocolClient.requestVote(GrpcServerProtocolClient.java:99)
	at org.apache.ratis.grpc.server.GrpcService.requestVote(GrpcService.java:204)
	at org.apache.ratis.server.impl.LeaderElection.lambda$submitRequests$1(LeaderElection.java:234)
	at java.util.concurrent.FutureTask.run(FutureTask.java:266)
	at java.util.concurrent.Executors$RunnableAdapter.call(Executors.java:511)
	at java.util.concurrent.FutureTask.run(FutureTask.java:266)
	at java.util.concurrent.ThreadPoolExecutor.runWorker(ThreadPoolExecutor.java:1149)
	at java.util.concurrent.ThreadPoolExecutor$Worker.run(ThreadPoolExecutor.java:624)
	... 1 more
Caused by: org.apache.ratis.thirdparty.io.netty.channel.AbstractChannel$AnnotatedConnectException: Connection refused: /192.168.164.213:41903
	at sun.nio.ch.SocketChannelImpl.checkConnect(Native Method)
	at sun.nio.ch.SocketChannelImpl.finishConnect(SocketChannelImpl.java:717)
	at org.apache.ratis.thirdparty.io.netty.channel.socket.nio.NioSocketChannel.doFinishConnect(NioSocketChannel.java:327)
	at org.apache.ratis.thirdparty.io.netty.channel.nio.AbstractNioChannel$AbstractNioUnsafe.finishConnect(AbstractNioChannel.java:340)
	at org.apache.ratis.thirdparty.io.netty.channel.nio.NioEventLoop.processSelectedKey(NioEventLoop.java:632)
	at org.apache.ratis.thirdparty.io.netty.channel.nio.NioEventLoop.processSelectedKeysOptimized(NioEventLoop.java:579)
	at org.apache.ratis.thirdparty.io.netty.channel.nio.NioEventLoop.processSelectedKeys(NioEventLoop.java:496)
	at org.apache.ratis.thirdparty.io.netty.channel.nio.NioEventLoop.run(NioEventLoop.java:458)
	at org.apache.ratis.thirdparty.io.netty.util.concurrent.SingleThreadEventExecutor$5.run(SingleThreadEventExecutor.java:897)
	at org.apache.ratis.thirdparty.io.netty.util.concurrent.FastThreadLocalRunnable.run(FastThreadLocalRunnable.java:30)
	... 1 more
Caused by: java.net.ConnectException: Connection refused
	... 11 more
2019-10-24 15:44:21,685 [af280123-6372-4d1f-a5d4-c36229a73203@group-75C85B6D1182-LeaderElection261] INFO  impl.LeaderElection (LogUtils.java:infoOrTrace(149)) -   Exception 1: {}
java.util.concurrent.ExecutionException: org.apache.ratis.thirdparty.io.grpc.StatusRuntimeException: UNAVAILABLE: io exception
	at java.util.concurrent.FutureTask.report(FutureTask.java:122)
	at java.util.concurrent.FutureTask.get(FutureTask.java:192)
	at org.apache.ratis.server.impl.LeaderElection.waitForResults(LeaderElection.java:259)
	at org.apache.ratis.server.impl.LeaderElection.askForVotes(LeaderElection.java:197)
	at org.apache.ratis.server.impl.LeaderElection.run(LeaderElection.java:133)
	at java.lang.Thread.run(Thread.java:748)
Caused by: org.apache.ratis.thirdparty.io.grpc.StatusRuntimeException: UNAVAILABLE: io exception
	at org.apache.ratis.thirdparty.io.grpc.stub.ClientCalls.toStatusRuntimeException(ClientCalls.java:233)
	at org.apache.ratis.thirdparty.io.grpc.stub.ClientCalls.getUnchecked(ClientCalls.java:214)
	at org.apache.ratis.thirdparty.io.grpc.stub.ClientCalls.blockingUnaryCall(ClientCalls.java:139)
	at org.apache.ratis.proto.grpc.RaftServerProtocolServiceGrpc$RaftServerProtocolServiceBlockingStub.requestVote(RaftServerProtocolServiceGrpc.java:265)
	at org.apache.ratis.grpc.server.GrpcServerProtocolClient.requestVote(GrpcServerProtocolClient.java:99)
	at org.apache.ratis.grpc.server.GrpcService.requestVote(GrpcService.java:204)
	at org.apache.ratis.server.impl.LeaderElection.lambda$submitRequests$1(LeaderElection.java:234)
	at java.util.concurrent.FutureTask.run(FutureTask.java:266)
	at java.util.concurrent.Executors$RunnableAdapter.call(Executors.java:511)
	at java.util.concurrent.FutureTask.run(FutureTask.java:266)
	at java.util.concurrent.ThreadPoolExecutor.runWorker(ThreadPoolExecutor.java:1149)
	at java.util.concurrent.ThreadPoolExecutor$Worker.run(ThreadPoolExecutor.java:624)
	... 1 more
Caused by: org.apache.ratis.thirdparty.io.netty.channel.AbstractChannel$AnnotatedConnectException: Connection refused: /192.168.164.213:41180
	at sun.nio.ch.SocketChannelImpl.checkConnect(Native Method)
	at sun.nio.ch.SocketChannelImpl.finishConnect(SocketChannelImpl.java:717)
	at org.apache.ratis.thirdparty.io.netty.channel.socket.nio.NioSocketChannel.doFinishConnect(NioSocketChannel.java:327)
	at org.apache.ratis.thirdparty.io.netty.channel.nio.AbstractNioChannel$AbstractNioUnsafe.finishConnect(AbstractNioChannel.java:340)
	at org.apache.ratis.thirdparty.io.netty.channel.nio.NioEventLoop.processSelectedKey(NioEventLoop.java:632)
	at org.apache.ratis.thirdparty.io.netty.channel.nio.NioEventLoop.processSelectedKeysOptimized(NioEventLoop.java:579)
	at org.apache.ratis.thirdparty.io.netty.channel.nio.NioEventLoop.processSelectedKeys(NioEventLoop.java:496)
	at org.apache.ratis.thirdparty.io.netty.channel.nio.NioEventLoop.run(NioEventLoop.java:458)
	at org.apache.ratis.thirdparty.io.netty.util.concurrent.SingleThreadEventExecutor$5.run(SingleThreadEventExecutor.java:897)
	at org.apache.ratis.thirdparty.io.netty.util.concurrent.FastThreadLocalRunnable.run(FastThreadLocalRunnable.java:30)
	... 1 more
Caused by: java.net.ConnectException: Connection refused
	... 11 more
2019-10-24 15:44:21,685 [af280123-6372-4d1f-a5d4-c36229a73203@group-75C85B6D1182-LeaderElection261] INFO  impl.RaftServerImpl (RaftServerImpl.java:setRole(184)) - af280123-6372-4d1f-a5d4-c36229a73203@group-75C85B6D1182: changes role from CANDIDATE to FOLLOWER at term 256 for DISCOVERED_A_NEW_TERM
2019-10-24 15:44:21,685 [af280123-6372-4d1f-a5d4-c36229a73203@group-75C85B6D1182-LeaderElection261] INFO  impl.RoleInfo (RoleInfo.java:shutdownLeaderElection(134)) - af280123-6372-4d1f-a5d4-c36229a73203: shutdown LeaderElection
2019-10-24 15:44:21,685 [af280123-6372-4d1f-a5d4-c36229a73203@group-75C85B6D1182-LeaderElection261] INFO  impl.RoleInfo (RoleInfo.java:updateAndGet(143)) - af280123-6372-4d1f-a5d4-c36229a73203: start FollowerState
2019-10-24 15:44:21,756 [Thread-2210] INFO  impl.FollowerState (FollowerState.java:run(108)) - af280123-6372-4d1f-a5d4-c36229a73203@group-75C85B6D1182-FollowerState: change to CANDIDATE, lastRpcTime:70ms, electionTimeout:70ms
2019-10-24 15:44:21,756 [Thread-2210] INFO  impl.RoleInfo (RoleInfo.java:shutdownFollowerState(121)) - af280123-6372-4d1f-a5d4-c36229a73203: shutdown FollowerState
2019-10-24 15:44:21,756 [Thread-2210] INFO  impl.RaftServerImpl (RaftServerImpl.java:setRole(184)) - af280123-6372-4d1f-a5d4-c36229a73203@group-75C85B6D1182: changes role from  FOLLOWER to CANDIDATE at term 256 for changeToCandidate
2019-10-24 15:44:21,756 [Thread-2210] INFO  impl.RoleInfo (RoleInfo.java:updateAndGet(143)) - af280123-6372-4d1f-a5d4-c36229a73203: start LeaderElection
2019-10-24 15:44:21,769 [af280123-6372-4d1f-a5d4-c36229a73203@group-75C85B6D1182-LeaderElection262] INFO  impl.LeaderElection (LeaderElection.java:askForVotes(178)) - af280123-6372-4d1f-a5d4-c36229a73203@group-75C85B6D1182-LeaderElection262: begin an election at term 257 for -1: [9092f221-0e0d-4970-bb84-cacd95020f21:192.168.164.213:41903, af280123-6372-4d1f-a5d4-c36229a73203:192.168.164.213:35334, b4ae536c-ed18-4717-a75c-ca4b5d6c4001:192.168.164.213:41180], old=null
2019-10-24 15:44:21,770 [af280123-6372-4d1f-a5d4-c36229a73203@group-75C85B6D1182-LeaderElection262] INFO  impl.LeaderElection (LogUtils.java:infoOrTrace(149)) - af280123-6372-4d1f-a5d4-c36229a73203@group-75C85B6D1182-LeaderElection262 got exception when requesting votes: {}
java.util.concurrent.ExecutionException: org.apache.ratis.thirdparty.io.grpc.StatusRuntimeException: UNAVAILABLE: io exception
	at java.util.concurrent.FutureTask.report(FutureTask.java:122)
	at java.util.concurrent.FutureTask.get(FutureTask.java:192)
	at org.apache.ratis.server.impl.LeaderElection.waitForResults(LeaderElection.java:259)
	at org.apache.ratis.server.impl.LeaderElection.askForVotes(LeaderElection.java:197)
	at org.apache.ratis.server.impl.LeaderElection.run(LeaderElection.java:133)
	at java.lang.Thread.run(Thread.java:748)
Caused by: org.apache.ratis.thirdparty.io.grpc.StatusRuntimeException: UNAVAILABLE: io exception
	at org.apache.ratis.thirdparty.io.grpc.stub.ClientCalls.toStatusRuntimeException(ClientCalls.java:233)
	at org.apache.ratis.thirdparty.io.grpc.stub.ClientCalls.getUnchecked(ClientCalls.java:214)
	at org.apache.ratis.thirdparty.io.grpc.stub.ClientCalls.blockingUnaryCall(ClientCalls.java:139)
	at org.apache.ratis.proto.grpc.RaftServerProtocolServiceGrpc$RaftServerProtocolServiceBlockingStub.requestVote(RaftServerProtocolServiceGrpc.java:265)
	at org.apache.ratis.grpc.server.GrpcServerProtocolClient.requestVote(GrpcServerProtocolClient.java:99)
	at org.apache.ratis.grpc.server.GrpcService.requestVote(GrpcService.java:204)
	at org.apache.ratis.server.impl.LeaderElection.lambda$submitRequests$1(LeaderElection.java:234)
	at java.util.concurrent.FutureTask.run(FutureTask.java:266)
	at java.util.concurrent.Executors$RunnableAdapter.call(Executors.java:511)
	at java.util.concurrent.FutureTask.run(FutureTask.java:266)
	at java.util.concurrent.ThreadPoolExecutor.runWorker(ThreadPoolExecutor.java:1149)
	at java.util.concurrent.ThreadPoolExecutor$Worker.run(ThreadPoolExecutor.java:624)
	... 1 more
Caused by: org.apache.ratis.thirdparty.io.netty.channel.AbstractChannel$AnnotatedConnectException: Connection refused: /192.168.164.213:41180
	at sun.nio.ch.SocketChannelImpl.checkConnect(Native Method)
	at sun.nio.ch.SocketChannelImpl.finishConnect(SocketChannelImpl.java:717)
	at org.apache.ratis.thirdparty.io.netty.channel.socket.nio.NioSocketChannel.doFinishConnect(NioSocketChannel.java:327)
	at org.apache.ratis.thirdparty.io.netty.channel.nio.AbstractNioChannel$AbstractNioUnsafe.finishConnect(AbstractNioChannel.java:340)
	at org.apache.ratis.thirdparty.io.netty.channel.nio.NioEventLoop.processSelectedKey(NioEventLoop.java:632)
	at org.apache.ratis.thirdparty.io.netty.channel.nio.NioEventLoop.processSelectedKeysOptimized(NioEventLoop.java:579)
	at org.apache.ratis.thirdparty.io.netty.channel.nio.NioEventLoop.processSelectedKeys(NioEventLoop.java:496)
	at org.apache.ratis.thirdparty.io.netty.channel.nio.NioEventLoop.run(NioEventLoop.java:458)
	at org.apache.ratis.thirdparty.io.netty.util.concurrent.SingleThreadEventExecutor$5.run(SingleThreadEventExecutor.java:897)
	at org.apache.ratis.thirdparty.io.netty.util.concurrent.FastThreadLocalRunnable.run(FastThreadLocalRunnable.java:30)
	... 1 more
Caused by: java.net.ConnectException: Connection refused
	... 11 more
2019-10-24 15:44:21,771 [af280123-6372-4d1f-a5d4-c36229a73203@group-75C85B6D1182-LeaderElection262] INFO  impl.LeaderElection (LogUtils.java:infoOrTrace(149)) - af280123-6372-4d1f-a5d4-c36229a73203@group-75C85B6D1182-LeaderElection262 got exception when requesting votes: {}
java.util.concurrent.ExecutionException: org.apache.ratis.thirdparty.io.grpc.StatusRuntimeException: UNAVAILABLE: io exception
	at java.util.concurrent.FutureTask.report(FutureTask.java:122)
	at java.util.concurrent.FutureTask.get(FutureTask.java:192)
	at org.apache.ratis.server.impl.LeaderElection.waitForResults(LeaderElection.java:259)
	at org.apache.ratis.server.impl.LeaderElection.askForVotes(LeaderElection.java:197)
	at org.apache.ratis.server.impl.LeaderElection.run(LeaderElection.java:133)
	at java.lang.Thread.run(Thread.java:748)
Caused by: org.apache.ratis.thirdparty.io.grpc.StatusRuntimeException: UNAVAILABLE: io exception
	at org.apache.ratis.thirdparty.io.grpc.stub.ClientCalls.toStatusRuntimeException(ClientCalls.java:233)
	at org.apache.ratis.thirdparty.io.grpc.stub.ClientCalls.getUnchecked(ClientCalls.java:214)
	at org.apache.ratis.thirdparty.io.grpc.stub.ClientCalls.blockingUnaryCall(ClientCalls.java:139)
	at org.apache.ratis.proto.grpc.RaftServerProtocolServiceGrpc$RaftServerProtocolServiceBlockingStub.requestVote(RaftServerProtocolServiceGrpc.java:265)
	at org.apache.ratis.grpc.server.GrpcServerProtocolClient.requestVote(GrpcServerProtocolClient.java:99)
	at org.apache.ratis.grpc.server.GrpcService.requestVote(GrpcService.java:204)
	at org.apache.ratis.server.impl.LeaderElection.lambda$submitRequests$1(LeaderElection.java:234)
	at java.util.concurrent.FutureTask.run(FutureTask.java:266)
	at java.util.concurrent.Executors$RunnableAdapter.call(Executors.java:511)
	at java.util.concurrent.FutureTask.run(FutureTask.java:266)
	at java.util.concurrent.ThreadPoolExecutor.runWorker(ThreadPoolExecutor.java:1149)
	at java.util.concurrent.ThreadPoolExecutor$Worker.run(ThreadPoolExecutor.java:624)
	... 1 more
Caused by: org.apache.ratis.thirdparty.io.netty.channel.AbstractChannel$AnnotatedConnectException: Connection refused: /192.168.164.213:41903
	at sun.nio.ch.SocketChannelImpl.checkConnect(Native Method)
	at sun.nio.ch.SocketChannelImpl.finishConnect(SocketChannelImpl.java:717)
	at org.apache.ratis.thirdparty.io.netty.channel.socket.nio.NioSocketChannel.doFinishConnect(NioSocketChannel.java:327)
	at org.apache.ratis.thirdparty.io.netty.channel.nio.AbstractNioChannel$AbstractNioUnsafe.finishConnect(AbstractNioChannel.java:340)
	at org.apache.ratis.thirdparty.io.netty.channel.nio.NioEventLoop.processSelectedKey(NioEventLoop.java:632)
	at org.apache.ratis.thirdparty.io.netty.channel.nio.NioEventLoop.processSelectedKeysOptimized(NioEventLoop.java:579)
	at org.apache.ratis.thirdparty.io.netty.channel.nio.NioEventLoop.processSelectedKeys(NioEventLoop.java:496)
	at org.apache.ratis.thirdparty.io.netty.channel.nio.NioEventLoop.run(NioEventLoop.java:458)
	at org.apache.ratis.thirdparty.io.netty.util.concurrent.SingleThreadEventExecutor$5.run(SingleThreadEventExecutor.java:897)
	at org.apache.ratis.thirdparty.io.netty.util.concurrent.FastThreadLocalRunnable.run(FastThreadLocalRunnable.java:30)
	... 1 more
Caused by: java.net.ConnectException: Connection refused
	... 11 more
2019-10-24 15:44:21,772 [af280123-6372-4d1f-a5d4-c36229a73203@group-75C85B6D1182-LeaderElection262] INFO  impl.LeaderElection (LeaderElection.java:logAndReturn(56)) - af280123-6372-4d1f-a5d4-c36229a73203@group-75C85B6D1182-LeaderElection262: Election REJECTED; received 0 response(s) [] and 2 exception(s); af280123-6372-4d1f-a5d4-c36229a73203@group-75C85B6D1182:t257, leader=null, voted=af280123-6372-4d1f-a5d4-c36229a73203, raftlog=af280123-6372-4d1f-a5d4-c36229a73203@group-75C85B6D1182-SegmentedRaftLog:OPENED:c-1,f-1,i0, conf=-1: [9092f221-0e0d-4970-bb84-cacd95020f21:192.168.164.213:41903, af280123-6372-4d1f-a5d4-c36229a73203:192.168.164.213:35334, b4ae536c-ed18-4717-a75c-ca4b5d6c4001:192.168.164.213:41180], old=null
2019-10-24 15:44:21,772 [af280123-6372-4d1f-a5d4-c36229a73203@group-75C85B6D1182-LeaderElection262] INFO  impl.LeaderElection (LogUtils.java:infoOrTrace(149)) -   Exception 0: {}
java.util.concurrent.ExecutionException: org.apache.ratis.thirdparty.io.grpc.StatusRuntimeException: UNAVAILABLE: io exception
	at java.util.concurrent.FutureTask.report(FutureTask.java:122)
	at java.util.concurrent.FutureTask.get(FutureTask.java:192)
	at org.apache.ratis.server.impl.LeaderElection.waitForResults(LeaderElection.java:259)
	at org.apache.ratis.server.impl.LeaderElection.askForVotes(LeaderElection.java:197)
	at org.apache.ratis.server.impl.LeaderElection.run(LeaderElection.java:133)
	at java.lang.Thread.run(Thread.java:748)
Caused by: org.apache.ratis.thirdparty.io.grpc.StatusRuntimeException: UNAVAILABLE: io exception
	at org.apache.ratis.thirdparty.io.grpc.stub.ClientCalls.toStatusRuntimeException(ClientCalls.java:233)
	at org.apache.ratis.thirdparty.io.grpc.stub.ClientCalls.getUnchecked(ClientCalls.java:214)
	at org.apache.ratis.thirdparty.io.grpc.stub.ClientCalls.blockingUnaryCall(ClientCalls.java:139)
	at org.apache.ratis.proto.grpc.RaftServerProtocolServiceGrpc$RaftServerProtocolServiceBlockingStub.requestVote(RaftServerProtocolServiceGrpc.java:265)
	at org.apache.ratis.grpc.server.GrpcServerProtocolClient.requestVote(GrpcServerProtocolClient.java:99)
	at org.apache.ratis.grpc.server.GrpcService.requestVote(GrpcService.java:204)
	at org.apache.ratis.server.impl.LeaderElection.lambda$submitRequests$1(LeaderElection.java:234)
	at java.util.concurrent.FutureTask.run(FutureTask.java:266)
	at java.util.concurrent.Executors$RunnableAdapter.call(Executors.java:511)
	at java.util.concurrent.FutureTask.run(FutureTask.java:266)
	at java.util.concurrent.ThreadPoolExecutor.runWorker(ThreadPoolExecutor.java:1149)
	at java.util.concurrent.ThreadPoolExecutor$Worker.run(ThreadPoolExecutor.java:624)
	... 1 more
Caused by: org.apache.ratis.thirdparty.io.netty.channel.AbstractChannel$AnnotatedConnectException: Connection refused: /192.168.164.213:41180
	at sun.nio.ch.SocketChannelImpl.checkConnect(Native Method)
	at sun.nio.ch.SocketChannelImpl.finishConnect(SocketChannelImpl.java:717)
	at org.apache.ratis.thirdparty.io.netty.channel.socket.nio.NioSocketChannel.doFinishConnect(NioSocketChannel.java:327)
	at org.apache.ratis.thirdparty.io.netty.channel.nio.AbstractNioChannel$AbstractNioUnsafe.finishConnect(AbstractNioChannel.java:340)
	at org.apache.ratis.thirdparty.io.netty.channel.nio.NioEventLoop.processSelectedKey(NioEventLoop.java:632)
	at org.apache.ratis.thirdparty.io.netty.channel.nio.NioEventLoop.processSelectedKeysOptimized(NioEventLoop.java:579)
	at org.apache.ratis.thirdparty.io.netty.channel.nio.NioEventLoop.processSelectedKeys(NioEventLoop.java:496)
	at org.apache.ratis.thirdparty.io.netty.channel.nio.NioEventLoop.run(NioEventLoop.java:458)
	at org.apache.ratis.thirdparty.io.netty.util.concurrent.SingleThreadEventExecutor$5.run(SingleThreadEventExecutor.java:897)
	at org.apache.ratis.thirdparty.io.netty.util.concurrent.FastThreadLocalRunnable.run(FastThreadLocalRunnable.java:30)
	... 1 more
Caused by: java.net.ConnectException: Connection refused
	... 11 more
2019-10-24 15:44:21,772 [af280123-6372-4d1f-a5d4-c36229a73203@group-75C85B6D1182-LeaderElection262] INFO  impl.LeaderElection (LogUtils.java:infoOrTrace(149)) -   Exception 1: {}
java.util.concurrent.ExecutionException: org.apache.ratis.thirdparty.io.grpc.StatusRuntimeException: UNAVAILABLE: io exception
	at java.util.concurrent.FutureTask.report(FutureTask.java:122)
	at java.util.concurrent.FutureTask.get(FutureTask.java:192)
	at org.apache.ratis.server.impl.LeaderElection.waitForResults(LeaderElection.java:259)
	at org.apache.ratis.server.impl.LeaderElection.askForVotes(LeaderElection.java:197)
	at org.apache.ratis.server.impl.LeaderElection.run(LeaderElection.java:133)
	at java.lang.Thread.run(Thread.java:748)
Caused by: org.apache.ratis.thirdparty.io.grpc.StatusRuntimeException: UNAVAILABLE: io exception
	at org.apache.ratis.thirdparty.io.grpc.stub.ClientCalls.toStatusRuntimeException(ClientCalls.java:233)
	at org.apache.ratis.thirdparty.io.grpc.stub.ClientCalls.getUnchecked(ClientCalls.java:214)
	at org.apache.ratis.thirdparty.io.grpc.stub.ClientCalls.blockingUnaryCall(ClientCalls.java:139)
	at org.apache.ratis.proto.grpc.RaftServerProtocolServiceGrpc$RaftServerProtocolServiceBlockingStub.requestVote(RaftServerProtocolServiceGrpc.java:265)
	at org.apache.ratis.grpc.server.GrpcServerProtocolClient.requestVote(GrpcServerProtocolClient.java:99)
	at org.apache.ratis.grpc.server.GrpcService.requestVote(GrpcService.java:204)
	at org.apache.ratis.server.impl.LeaderElection.lambda$submitRequests$1(LeaderElection.java:234)
	at java.util.concurrent.FutureTask.run(FutureTask.java:266)
	at java.util.concurrent.Executors$RunnableAdapter.call(Executors.java:511)
	at java.util.concurrent.FutureTask.run(FutureTask.java:266)
	at java.util.concurrent.ThreadPoolExecutor.runWorker(ThreadPoolExecutor.java:1149)
	at java.util.concurrent.ThreadPoolExecutor$Worker.run(ThreadPoolExecutor.java:624)
	... 1 more
Caused by: org.apache.ratis.thirdparty.io.netty.channel.AbstractChannel$AnnotatedConnectException: Connection refused: /192.168.164.213:41903
	at sun.nio.ch.SocketChannelImpl.checkConnect(Native Method)
	at sun.nio.ch.SocketChannelImpl.finishConnect(SocketChannelImpl.java:717)
	at org.apache.ratis.thirdparty.io.netty.channel.socket.nio.NioSocketChannel.doFinishConnect(NioSocketChannel.java:327)
	at org.apache.ratis.thirdparty.io.netty.channel.nio.AbstractNioChannel$AbstractNioUnsafe.finishConnect(AbstractNioChannel.java:340)
	at org.apache.ratis.thirdparty.io.netty.channel.nio.NioEventLoop.processSelectedKey(NioEventLoop.java:632)
	at org.apache.ratis.thirdparty.io.netty.channel.nio.NioEventLoop.processSelectedKeysOptimized(NioEventLoop.java:579)
	at org.apache.ratis.thirdparty.io.netty.channel.nio.NioEventLoop.processSelectedKeys(NioEventLoop.java:496)
	at org.apache.ratis.thirdparty.io.netty.channel.nio.NioEventLoop.run(NioEventLoop.java:458)
	at org.apache.ratis.thirdparty.io.netty.util.concurrent.SingleThreadEventExecutor$5.run(SingleThreadEventExecutor.java:897)
	at org.apache.ratis.thirdparty.io.netty.util.concurrent.FastThreadLocalRunnable.run(FastThreadLocalRunnable.java:30)
	... 1 more
Caused by: java.net.ConnectException: Connection refused
	... 11 more
2019-10-24 15:44:21,773 [af280123-6372-4d1f-a5d4-c36229a73203@group-75C85B6D1182-LeaderElection262] INFO  impl.RaftServerImpl (RaftServerImpl.java:setRole(184)) - af280123-6372-4d1f-a5d4-c36229a73203@group-75C85B6D1182: changes role from CANDIDATE to FOLLOWER at term 257 for DISCOVERED_A_NEW_TERM
2019-10-24 15:44:21,773 [af280123-6372-4d1f-a5d4-c36229a73203@group-75C85B6D1182-LeaderElection262] INFO  impl.RoleInfo (RoleInfo.java:shutdownLeaderElection(134)) - af280123-6372-4d1f-a5d4-c36229a73203: shutdown LeaderElection
2019-10-24 15:44:21,773 [af280123-6372-4d1f-a5d4-c36229a73203@group-75C85B6D1182-LeaderElection262] INFO  impl.RoleInfo (RoleInfo.java:updateAndGet(143)) - af280123-6372-4d1f-a5d4-c36229a73203: start FollowerState
2019-10-24 15:44:21,800 [Thread-2214] INFO  impl.FollowerState (FollowerState.java:run(108)) - af280123-6372-4d1f-a5d4-c36229a73203@group-75C85B6D1182-FollowerState: change to CANDIDATE, lastRpcTime:27ms, electionTimeout:27ms
2019-10-24 15:44:21,801 [Thread-2214] INFO  impl.RoleInfo (RoleInfo.java:shutdownFollowerState(121)) - af280123-6372-4d1f-a5d4-c36229a73203: shutdown FollowerState
2019-10-24 15:44:21,801 [Thread-2214] INFO  impl.RaftServerImpl (RaftServerImpl.java:setRole(184)) - af280123-6372-4d1f-a5d4-c36229a73203@group-75C85B6D1182: changes role from  FOLLOWER to CANDIDATE at term 257 for changeToCandidate
2019-10-24 15:44:21,801 [Thread-2214] INFO  impl.RoleInfo (RoleInfo.java:updateAndGet(143)) - af280123-6372-4d1f-a5d4-c36229a73203: start LeaderElection
2019-10-24 15:44:21,814 [af280123-6372-4d1f-a5d4-c36229a73203@group-75C85B6D1182-LeaderElection263] INFO  impl.LeaderElection (LeaderElection.java:askForVotes(178)) - af280123-6372-4d1f-a5d4-c36229a73203@group-75C85B6D1182-LeaderElection263: begin an election at term 258 for -1: [9092f221-0e0d-4970-bb84-cacd95020f21:192.168.164.213:41903, af280123-6372-4d1f-a5d4-c36229a73203:192.168.164.213:35334, b4ae536c-ed18-4717-a75c-ca4b5d6c4001:192.168.164.213:41180], old=null
2019-10-24 15:44:21,815 [af280123-6372-4d1f-a5d4-c36229a73203@group-75C85B6D1182-LeaderElection263] INFO  impl.LeaderElection (LogUtils.java:infoOrTrace(149)) - af280123-6372-4d1f-a5d4-c36229a73203@group-75C85B6D1182-LeaderElection263 got exception when requesting votes: {}
java.util.concurrent.ExecutionException: org.apache.ratis.thirdparty.io.grpc.StatusRuntimeException: UNAVAILABLE: io exception
	at java.util.concurrent.FutureTask.report(FutureTask.java:122)
	at java.util.concurrent.FutureTask.get(FutureTask.java:192)
	at org.apache.ratis.server.impl.LeaderElection.waitForResults(LeaderElection.java:259)
	at org.apache.ratis.server.impl.LeaderElection.askForVotes(LeaderElection.java:197)
	at org.apache.ratis.server.impl.LeaderElection.run(LeaderElection.java:133)
	at java.lang.Thread.run(Thread.java:748)
Caused by: org.apache.ratis.thirdparty.io.grpc.StatusRuntimeException: UNAVAILABLE: io exception
	at org.apache.ratis.thirdparty.io.grpc.stub.ClientCalls.toStatusRuntimeException(ClientCalls.java:233)
	at org.apache.ratis.thirdparty.io.grpc.stub.ClientCalls.getUnchecked(ClientCalls.java:214)
	at org.apache.ratis.thirdparty.io.grpc.stub.ClientCalls.blockingUnaryCall(ClientCalls.java:139)
	at org.apache.ratis.proto.grpc.RaftServerProtocolServiceGrpc$RaftServerProtocolServiceBlockingStub.requestVote(RaftServerProtocolServiceGrpc.java:265)
	at org.apache.ratis.grpc.server.GrpcServerProtocolClient.requestVote(GrpcServerProtocolClient.java:99)
	at org.apache.ratis.grpc.server.GrpcService.requestVote(GrpcService.java:204)
	at org.apache.ratis.server.impl.LeaderElection.lambda$submitRequests$1(LeaderElection.java:234)
	at java.util.concurrent.FutureTask.run(FutureTask.java:266)
	at java.util.concurrent.Executors$RunnableAdapter.call(Executors.java:511)
	at java.util.concurrent.FutureTask.run(FutureTask.java:266)
	at java.util.concurrent.ThreadPoolExecutor.runWorker(ThreadPoolExecutor.java:1149)
	at java.util.concurrent.ThreadPoolExecutor$Worker.run(ThreadPoolExecutor.java:624)
	... 1 more
Caused by: org.apache.ratis.thirdparty.io.netty.channel.AbstractChannel$AnnotatedConnectException: Connection refused: /192.168.164.213:41903
	at sun.nio.ch.SocketChannelImpl.checkConnect(Native Method)
	at sun.nio.ch.SocketChannelImpl.finishConnect(SocketChannelImpl.java:717)
	at org.apache.ratis.thirdparty.io.netty.channel.socket.nio.NioSocketChannel.doFinishConnect(NioSocketChannel.java:327)
	at org.apache.ratis.thirdparty.io.netty.channel.nio.AbstractNioChannel$AbstractNioUnsafe.finishConnect(AbstractNioChannel.java:340)
	at org.apache.ratis.thirdparty.io.netty.channel.nio.NioEventLoop.processSelectedKey(NioEventLoop.java:632)
	at org.apache.ratis.thirdparty.io.netty.channel.nio.NioEventLoop.processSelectedKeysOptimized(NioEventLoop.java:579)
	at org.apache.ratis.thirdparty.io.netty.channel.nio.NioEventLoop.processSelectedKeys(NioEventLoop.java:496)
	at org.apache.ratis.thirdparty.io.netty.channel.nio.NioEventLoop.run(NioEventLoop.java:458)
	at org.apache.ratis.thirdparty.io.netty.util.concurrent.SingleThreadEventExecutor$5.run(SingleThreadEventExecutor.java:897)
	at org.apache.ratis.thirdparty.io.netty.util.concurrent.FastThreadLocalRunnable.run(FastThreadLocalRunnable.java:30)
	... 1 more
Caused by: java.net.ConnectException: Connection refused
	... 11 more
2019-10-24 15:44:21,816 [af280123-6372-4d1f-a5d4-c36229a73203@group-75C85B6D1182-LeaderElection263] INFO  impl.LeaderElection (LogUtils.java:infoOrTrace(149)) - af280123-6372-4d1f-a5d4-c36229a73203@group-75C85B6D1182-LeaderElection263 got exception when requesting votes: {}
java.util.concurrent.ExecutionException: org.apache.ratis.thirdparty.io.grpc.StatusRuntimeException: UNAVAILABLE: io exception
	at java.util.concurrent.FutureTask.report(FutureTask.java:122)
	at java.util.concurrent.FutureTask.get(FutureTask.java:192)
	at org.apache.ratis.server.impl.LeaderElection.waitForResults(LeaderElection.java:259)
	at org.apache.ratis.server.impl.LeaderElection.askForVotes(LeaderElection.java:197)
	at org.apache.ratis.server.impl.LeaderElection.run(LeaderElection.java:133)
	at java.lang.Thread.run(Thread.java:748)
Caused by: org.apache.ratis.thirdparty.io.grpc.StatusRuntimeException: UNAVAILABLE: io exception
	at org.apache.ratis.thirdparty.io.grpc.stub.ClientCalls.toStatusRuntimeException(ClientCalls.java:233)
	at org.apache.ratis.thirdparty.io.grpc.stub.ClientCalls.getUnchecked(ClientCalls.java:214)
	at org.apache.ratis.thirdparty.io.grpc.stub.ClientCalls.blockingUnaryCall(ClientCalls.java:139)
	at org.apache.ratis.proto.grpc.RaftServerProtocolServiceGrpc$RaftServerProtocolServiceBlockingStub.requestVote(RaftServerProtocolServiceGrpc.java:265)
	at org.apache.ratis.grpc.server.GrpcServerProtocolClient.requestVote(GrpcServerProtocolClient.java:99)
	at org.apache.ratis.grpc.server.GrpcService.requestVote(GrpcService.java:204)
	at org.apache.ratis.server.impl.LeaderElection.lambda$submitRequests$1(LeaderElection.java:234)
	at java.util.concurrent.FutureTask.run(FutureTask.java:266)
	at java.util.concurrent.Executors$RunnableAdapter.call(Executors.java:511)
	at java.util.concurrent.FutureTask.run(FutureTask.java:266)
	at java.util.concurrent.ThreadPoolExecutor.runWorker(ThreadPoolExecutor.java:1149)
	at java.util.concurrent.ThreadPoolExecutor$Worker.run(ThreadPoolExecutor.java:624)
	... 1 more
Caused by: org.apache.ratis.thirdparty.io.netty.channel.AbstractChannel$AnnotatedConnectException: Connection refused: /192.168.164.213:41180
	at sun.nio.ch.SocketChannelImpl.checkConnect(Native Method)
	at sun.nio.ch.SocketChannelImpl.finishConnect(SocketChannelImpl.java:717)
	at org.apache.ratis.thirdparty.io.netty.channel.socket.nio.NioSocketChannel.doFinishConnect(NioSocketChannel.java:327)
	at org.apache.ratis.thirdparty.io.netty.channel.nio.AbstractNioChannel$AbstractNioUnsafe.finishConnect(AbstractNioChannel.java:340)
	at org.apache.ratis.thirdparty.io.netty.channel.nio.NioEventLoop.processSelectedKey(NioEventLoop.java:632)
	at org.apache.ratis.thirdparty.io.netty.channel.nio.NioEventLoop.processSelectedKeysOptimized(NioEventLoop.java:579)
	at org.apache.ratis.thirdparty.io.netty.channel.nio.NioEventLoop.processSelectedKeys(NioEventLoop.java:496)
	at org.apache.ratis.thirdparty.io.netty.channel.nio.NioEventLoop.run(NioEventLoop.java:458)
	at org.apache.ratis.thirdparty.io.netty.util.concurrent.SingleThreadEventExecutor$5.run(SingleThreadEventExecutor.java:897)
	at org.apache.ratis.thirdparty.io.netty.util.concurrent.FastThreadLocalRunnable.run(FastThreadLocalRunnable.java:30)
	... 1 more
Caused by: java.net.ConnectException: Connection refused
	... 11 more
2019-10-24 15:44:21,816 [af280123-6372-4d1f-a5d4-c36229a73203@group-75C85B6D1182-LeaderElection263] INFO  impl.LeaderElection (LeaderElection.java:logAndReturn(56)) - af280123-6372-4d1f-a5d4-c36229a73203@group-75C85B6D1182-LeaderElection263: Election REJECTED; received 0 response(s) [] and 2 exception(s); af280123-6372-4d1f-a5d4-c36229a73203@group-75C85B6D1182:t258, leader=null, voted=af280123-6372-4d1f-a5d4-c36229a73203, raftlog=af280123-6372-4d1f-a5d4-c36229a73203@group-75C85B6D1182-SegmentedRaftLog:OPENED:c-1,f-1,i0, conf=-1: [9092f221-0e0d-4970-bb84-cacd95020f21:192.168.164.213:41903, af280123-6372-4d1f-a5d4-c36229a73203:192.168.164.213:35334, b4ae536c-ed18-4717-a75c-ca4b5d6c4001:192.168.164.213:41180], old=null
2019-10-24 15:44:21,817 [af280123-6372-4d1f-a5d4-c36229a73203@group-75C85B6D1182-LeaderElection263] INFO  impl.LeaderElection (LogUtils.java:infoOrTrace(149)) -   Exception 0: {}
java.util.concurrent.ExecutionException: org.apache.ratis.thirdparty.io.grpc.StatusRuntimeException: UNAVAILABLE: io exception
	at java.util.concurrent.FutureTask.report(FutureTask.java:122)
	at java.util.concurrent.FutureTask.get(FutureTask.java:192)
	at org.apache.ratis.server.impl.LeaderElection.waitForResults(LeaderElection.java:259)
	at org.apache.ratis.server.impl.LeaderElection.askForVotes(LeaderElection.java:197)
	at org.apache.ratis.server.impl.LeaderElection.run(LeaderElection.java:133)
	at java.lang.Thread.run(Thread.java:748)
Caused by: org.apache.ratis.thirdparty.io.grpc.StatusRuntimeException: UNAVAILABLE: io exception
	at org.apache.ratis.thirdparty.io.grpc.stub.ClientCalls.toStatusRuntimeException(ClientCalls.java:233)
	at org.apache.ratis.thirdparty.io.grpc.stub.ClientCalls.getUnchecked(ClientCalls.java:214)
	at org.apache.ratis.thirdparty.io.grpc.stub.ClientCalls.blockingUnaryCall(ClientCalls.java:139)
	at org.apache.ratis.proto.grpc.RaftServerProtocolServiceGrpc$RaftServerProtocolServiceBlockingStub.requestVote(RaftServerProtocolServiceGrpc.java:265)
	at org.apache.ratis.grpc.server.GrpcServerProtocolClient.requestVote(GrpcServerProtocolClient.java:99)
	at org.apache.ratis.grpc.server.GrpcService.requestVote(GrpcService.java:204)
	at org.apache.ratis.server.impl.LeaderElection.lambda$submitRequests$1(LeaderElection.java:234)
	at java.util.concurrent.FutureTask.run(FutureTask.java:266)
	at java.util.concurrent.Executors$RunnableAdapter.call(Executors.java:511)
	at java.util.concurrent.FutureTask.run(FutureTask.java:266)
	at java.util.concurrent.ThreadPoolExecutor.runWorker(ThreadPoolExecutor.java:1149)
	at java.util.concurrent.ThreadPoolExecutor$Worker.run(ThreadPoolExecutor.java:624)
	... 1 more
Caused by: org.apache.ratis.thirdparty.io.netty.channel.AbstractChannel$AnnotatedConnectException: Connection refused: /192.168.164.213:41903
	at sun.nio.ch.SocketChannelImpl.checkConnect(Native Method)
	at sun.nio.ch.SocketChannelImpl.finishConnect(SocketChannelImpl.java:717)
	at org.apache.ratis.thirdparty.io.netty.channel.socket.nio.NioSocketChannel.doFinishConnect(NioSocketChannel.java:327)
	at org.apache.ratis.thirdparty.io.netty.channel.nio.AbstractNioChannel$AbstractNioUnsafe.finishConnect(AbstractNioChannel.java:340)
	at org.apache.ratis.thirdparty.io.netty.channel.nio.NioEventLoop.processSelectedKey(NioEventLoop.java:632)
	at org.apache.ratis.thirdparty.io.netty.channel.nio.NioEventLoop.processSelectedKeysOptimized(NioEventLoop.java:579)
	at org.apache.ratis.thirdparty.io.netty.channel.nio.NioEventLoop.processSelectedKeys(NioEventLoop.java:496)
	at org.apache.ratis.thirdparty.io.netty.channel.nio.NioEventLoop.run(NioEventLoop.java:458)
	at org.apache.ratis.thirdparty.io.netty.util.concurrent.SingleThreadEventExecutor$5.run(SingleThreadEventExecutor.java:897)
	at org.apache.ratis.thirdparty.io.netty.util.concurrent.FastThreadLocalRunnable.run(FastThreadLocalRunnable.java:30)
	... 1 more
Caused by: java.net.ConnectException: Connection refused
	... 11 more
2019-10-24 15:44:21,817 [af280123-6372-4d1f-a5d4-c36229a73203@group-75C85B6D1182-LeaderElection263] INFO  impl.LeaderElection (LogUtils.java:infoOrTrace(149)) -   Exception 1: {}
java.util.concurrent.ExecutionException: org.apache.ratis.thirdparty.io.grpc.StatusRuntimeException: UNAVAILABLE: io exception
	at java.util.concurrent.FutureTask.report(FutureTask.java:122)
	at java.util.concurrent.FutureTask.get(FutureTask.java:192)
	at org.apache.ratis.server.impl.LeaderElection.waitForResults(LeaderElection.java:259)
	at org.apache.ratis.server.impl.LeaderElection.askForVotes(LeaderElection.java:197)
	at org.apache.ratis.server.impl.LeaderElection.run(LeaderElection.java:133)
	at java.lang.Thread.run(Thread.java:748)
Caused by: org.apache.ratis.thirdparty.io.grpc.StatusRuntimeException: UNAVAILABLE: io exception
	at org.apache.ratis.thirdparty.io.grpc.stub.ClientCalls.toStatusRuntimeException(ClientCalls.java:233)
	at org.apache.ratis.thirdparty.io.grpc.stub.ClientCalls.getUnchecked(ClientCalls.java:214)
	at org.apache.ratis.thirdparty.io.grpc.stub.ClientCalls.blockingUnaryCall(ClientCalls.java:139)
	at org.apache.ratis.proto.grpc.RaftServerProtocolServiceGrpc$RaftServerProtocolServiceBlockingStub.requestVote(RaftServerProtocolServiceGrpc.java:265)
	at org.apache.ratis.grpc.server.GrpcServerProtocolClient.requestVote(GrpcServerProtocolClient.java:99)
	at org.apache.ratis.grpc.server.GrpcService.requestVote(GrpcService.java:204)
	at org.apache.ratis.server.impl.LeaderElection.lambda$submitRequests$1(LeaderElection.java:234)
	at java.util.concurrent.FutureTask.run(FutureTask.java:266)
	at java.util.concurrent.Executors$RunnableAdapter.call(Executors.java:511)
	at java.util.concurrent.FutureTask.run(FutureTask.java:266)
	at java.util.concurrent.ThreadPoolExecutor.runWorker(ThreadPoolExecutor.java:1149)
	at java.util.concurrent.ThreadPoolExecutor$Worker.run(ThreadPoolExecutor.java:624)
	... 1 more
Caused by: org.apache.ratis.thirdparty.io.netty.channel.AbstractChannel$AnnotatedConnectException: Connection refused: /192.168.164.213:41180
	at sun.nio.ch.SocketChannelImpl.checkConnect(Native Method)
	at sun.nio.ch.SocketChannelImpl.finishConnect(SocketChannelImpl.java:717)
	at org.apache.ratis.thirdparty.io.netty.channel.socket.nio.NioSocketChannel.doFinishConnect(NioSocketChannel.java:327)
	at org.apache.ratis.thirdparty.io.netty.channel.nio.AbstractNioChannel$AbstractNioUnsafe.finishConnect(AbstractNioChannel.java:340)
	at org.apache.ratis.thirdparty.io.netty.channel.nio.NioEventLoop.processSelectedKey(NioEventLoop.java:632)
	at org.apache.ratis.thirdparty.io.netty.channel.nio.NioEventLoop.processSelectedKeysOptimized(NioEventLoop.java:579)
	at org.apache.ratis.thirdparty.io.netty.channel.nio.NioEventLoop.processSelectedKeys(NioEventLoop.java:496)
	at org.apache.ratis.thirdparty.io.netty.channel.nio.NioEventLoop.run(NioEventLoop.java:458)
	at org.apache.ratis.thirdparty.io.netty.util.concurrent.SingleThreadEventExecutor$5.run(SingleThreadEventExecutor.java:897)
	at org.apache.ratis.thirdparty.io.netty.util.concurrent.FastThreadLocalRunnable.run(FastThreadLocalRunnable.java:30)
	... 1 more
Caused by: java.net.ConnectException: Connection refused
	... 11 more
2019-10-24 15:44:21,817 [af280123-6372-4d1f-a5d4-c36229a73203@group-75C85B6D1182-LeaderElection263] INFO  impl.RaftServerImpl (RaftServerImpl.java:setRole(184)) - af280123-6372-4d1f-a5d4-c36229a73203@group-75C85B6D1182: changes role from CANDIDATE to FOLLOWER at term 258 for DISCOVERED_A_NEW_TERM
2019-10-24 15:44:21,818 [af280123-6372-4d1f-a5d4-c36229a73203@group-75C85B6D1182-LeaderElection263] INFO  impl.RoleInfo (RoleInfo.java:shutdownLeaderElection(134)) - af280123-6372-4d1f-a5d4-c36229a73203: shutdown LeaderElection
2019-10-24 15:44:21,818 [af280123-6372-4d1f-a5d4-c36229a73203@group-75C85B6D1182-LeaderElection263] INFO  impl.RoleInfo (RoleInfo.java:updateAndGet(143)) - af280123-6372-4d1f-a5d4-c36229a73203: start FollowerState
2019-10-24 15:44:21,824 [Thread-2218] INFO  impl.FollowerState (FollowerState.java:run(108)) - af280123-6372-4d1f-a5d4-c36229a73203@group-75C85B6D1182-FollowerState: change to CANDIDATE, lastRpcTime:6ms, electionTimeout:6ms
2019-10-24 15:44:21,824 [Thread-2218] INFO  impl.RoleInfo (RoleInfo.java:shutdownFollowerState(121)) - af280123-6372-4d1f-a5d4-c36229a73203: shutdown FollowerState
2019-10-24 15:44:21,824 [Thread-2218] INFO  impl.RaftServerImpl (RaftServerImpl.java:setRole(184)) - af280123-6372-4d1f-a5d4-c36229a73203@group-75C85B6D1182: changes role from  FOLLOWER to CANDIDATE at term 258 for changeToCandidate
2019-10-24 15:44:21,824 [Thread-2218] INFO  impl.RoleInfo (RoleInfo.java:updateAndGet(143)) - af280123-6372-4d1f-a5d4-c36229a73203: start LeaderElection
2019-10-24 15:44:21,837 [af280123-6372-4d1f-a5d4-c36229a73203@group-75C85B6D1182-LeaderElection264] INFO  impl.LeaderElection (LeaderElection.java:askForVotes(178)) - af280123-6372-4d1f-a5d4-c36229a73203@group-75C85B6D1182-LeaderElection264: begin an election at term 259 for -1: [9092f221-0e0d-4970-bb84-cacd95020f21:192.168.164.213:41903, af280123-6372-4d1f-a5d4-c36229a73203:192.168.164.213:35334, b4ae536c-ed18-4717-a75c-ca4b5d6c4001:192.168.164.213:41180], old=null
2019-10-24 15:44:21,837 [af280123-6372-4d1f-a5d4-c36229a73203@group-75C85B6D1182-LeaderElection264] INFO  impl.LeaderElection (LogUtils.java:infoOrTrace(149)) - af280123-6372-4d1f-a5d4-c36229a73203@group-75C85B6D1182-LeaderElection264 got exception when requesting votes: {}
java.util.concurrent.ExecutionException: org.apache.ratis.thirdparty.io.grpc.StatusRuntimeException: UNAVAILABLE: io exception
	at java.util.concurrent.FutureTask.report(FutureTask.java:122)
	at java.util.concurrent.FutureTask.get(FutureTask.java:192)
	at org.apache.ratis.server.impl.LeaderElection.waitForResults(LeaderElection.java:259)
	at org.apache.ratis.server.impl.LeaderElection.askForVotes(LeaderElection.java:197)
	at org.apache.ratis.server.impl.LeaderElection.run(LeaderElection.java:133)
	at java.lang.Thread.run(Thread.java:748)
Caused by: org.apache.ratis.thirdparty.io.grpc.StatusRuntimeException: UNAVAILABLE: io exception
	at org.apache.ratis.thirdparty.io.grpc.stub.ClientCalls.toStatusRuntimeException(ClientCalls.java:233)
	at org.apache.ratis.thirdparty.io.grpc.stub.ClientCalls.getUnchecked(ClientCalls.java:214)
	at org.apache.ratis.thirdparty.io.grpc.stub.ClientCalls.blockingUnaryCall(ClientCalls.java:139)
	at org.apache.ratis.proto.grpc.RaftServerProtocolServiceGrpc$RaftServerProtocolServiceBlockingStub.requestVote(RaftServerProtocolServiceGrpc.java:265)
	at org.apache.ratis.grpc.server.GrpcServerProtocolClient.requestVote(GrpcServerProtocolClient.java:99)
	at org.apache.ratis.grpc.server.GrpcService.requestVote(GrpcService.java:204)
	at org.apache.ratis.server.impl.LeaderElection.lambda$submitRequests$1(LeaderElection.java:234)
	at java.util.concurrent.FutureTask.run(FutureTask.java:266)
	at java.util.concurrent.Executors$RunnableAdapter.call(Executors.java:511)
	at java.util.concurrent.FutureTask.run(FutureTask.java:266)
	at java.util.concurrent.ThreadPoolExecutor.runWorker(ThreadPoolExecutor.java:1149)
	at java.util.concurrent.ThreadPoolExecutor$Worker.run(ThreadPoolExecutor.java:624)
	... 1 more
Caused by: org.apache.ratis.thirdparty.io.netty.channel.AbstractChannel$AnnotatedConnectException: Connection refused: /192.168.164.213:41903
	at sun.nio.ch.SocketChannelImpl.checkConnect(Native Method)
	at sun.nio.ch.SocketChannelImpl.finishConnect(SocketChannelImpl.java:717)
	at org.apache.ratis.thirdparty.io.netty.channel.socket.nio.NioSocketChannel.doFinishConnect(NioSocketChannel.java:327)
	at org.apache.ratis.thirdparty.io.netty.channel.nio.AbstractNioChannel$AbstractNioUnsafe.finishConnect(AbstractNioChannel.java:340)
	at org.apache.ratis.thirdparty.io.netty.channel.nio.NioEventLoop.processSelectedKey(NioEventLoop.java:632)
	at org.apache.ratis.thirdparty.io.netty.channel.nio.NioEventLoop.processSelectedKeysOptimized(NioEventLoop.java:579)
	at org.apache.ratis.thirdparty.io.netty.channel.nio.NioEventLoop.processSelectedKeys(NioEventLoop.java:496)
	at org.apache.ratis.thirdparty.io.netty.channel.nio.NioEventLoop.run(NioEventLoop.java:458)
	at org.apache.ratis.thirdparty.io.netty.util.concurrent.SingleThreadEventExecutor$5.run(SingleThreadEventExecutor.java:897)
	at org.apache.ratis.thirdparty.io.netty.util.concurrent.FastThreadLocalRunnable.run(FastThreadLocalRunnable.java:30)
	... 1 more
Caused by: java.net.ConnectException: Connection refused
	... 11 more
2019-10-24 15:44:21,838 [af280123-6372-4d1f-a5d4-c36229a73203@group-75C85B6D1182-LeaderElection264] INFO  impl.LeaderElection (LogUtils.java:infoOrTrace(149)) - af280123-6372-4d1f-a5d4-c36229a73203@group-75C85B6D1182-LeaderElection264 got exception when requesting votes: {}
java.util.concurrent.ExecutionException: org.apache.ratis.thirdparty.io.grpc.StatusRuntimeException: UNAVAILABLE: io exception
	at java.util.concurrent.FutureTask.report(FutureTask.java:122)
	at java.util.concurrent.FutureTask.get(FutureTask.java:192)
	at org.apache.ratis.server.impl.LeaderElection.waitForResults(LeaderElection.java:259)
	at org.apache.ratis.server.impl.LeaderElection.askForVotes(LeaderElection.java:197)
	at org.apache.ratis.server.impl.LeaderElection.run(LeaderElection.java:133)
	at java.lang.Thread.run(Thread.java:748)
Caused by: org.apache.ratis.thirdparty.io.grpc.StatusRuntimeException: UNAVAILABLE: io exception
	at org.apache.ratis.thirdparty.io.grpc.stub.ClientCalls.toStatusRuntimeException(ClientCalls.java:233)
	at org.apache.ratis.thirdparty.io.grpc.stub.ClientCalls.getUnchecked(ClientCalls.java:214)
	at org.apache.ratis.thirdparty.io.grpc.stub.ClientCalls.blockingUnaryCall(ClientCalls.java:139)
	at org.apache.ratis.proto.grpc.RaftServerProtocolServiceGrpc$RaftServerProtocolServiceBlockingStub.requestVote(RaftServerProtocolServiceGrpc.java:265)
	at org.apache.ratis.grpc.server.GrpcServerProtocolClient.requestVote(GrpcServerProtocolClient.java:99)
	at org.apache.ratis.grpc.server.GrpcService.requestVote(GrpcService.java:204)
	at org.apache.ratis.server.impl.LeaderElection.lambda$submitRequests$1(LeaderElection.java:234)
	at java.util.concurrent.FutureTask.run(FutureTask.java:266)
	at java.util.concurrent.Executors$RunnableAdapter.call(Executors.java:511)
	at java.util.concurrent.FutureTask.run(FutureTask.java:266)
	at java.util.concurrent.ThreadPoolExecutor.runWorker(ThreadPoolExecutor.java:1149)
	at java.util.concurrent.ThreadPoolExecutor$Worker.run(ThreadPoolExecutor.java:624)
	... 1 more
Caused by: org.apache.ratis.thirdparty.io.netty.channel.AbstractChannel$AnnotatedConnectException: Connection refused: /192.168.164.213:41180
	at sun.nio.ch.SocketChannelImpl.checkConnect(Native Method)
	at sun.nio.ch.SocketChannelImpl.finishConnect(SocketChannelImpl.java:717)
	at org.apache.ratis.thirdparty.io.netty.channel.socket.nio.NioSocketChannel.doFinishConnect(NioSocketChannel.java:327)
	at org.apache.ratis.thirdparty.io.netty.channel.nio.AbstractNioChannel$AbstractNioUnsafe.finishConnect(AbstractNioChannel.java:340)
	at org.apache.ratis.thirdparty.io.netty.channel.nio.NioEventLoop.processSelectedKey(NioEventLoop.java:632)
	at org.apache.ratis.thirdparty.io.netty.channel.nio.NioEventLoop.processSelectedKeysOptimized(NioEventLoop.java:579)
	at org.apache.ratis.thirdparty.io.netty.channel.nio.NioEventLoop.processSelectedKeys(NioEventLoop.java:496)
	at org.apache.ratis.thirdparty.io.netty.channel.nio.NioEventLoop.run(NioEventLoop.java:458)
	at org.apache.ratis.thirdparty.io.netty.util.concurrent.SingleThreadEventExecutor$5.run(SingleThreadEventExecutor.java:897)
	at org.apache.ratis.thirdparty.io.netty.util.concurrent.FastThreadLocalRunnable.run(FastThreadLocalRunnable.java:30)
	... 1 more
Caused by: java.net.ConnectException: Connection refused
	... 11 more
2019-10-24 15:44:21,838 [af280123-6372-4d1f-a5d4-c36229a73203@group-75C85B6D1182-LeaderElection264] INFO  impl.LeaderElection (LeaderElection.java:logAndReturn(56)) - af280123-6372-4d1f-a5d4-c36229a73203@group-75C85B6D1182-LeaderElection264: Election REJECTED; received 0 response(s) [] and 2 exception(s); af280123-6372-4d1f-a5d4-c36229a73203@group-75C85B6D1182:t259, leader=null, voted=af280123-6372-4d1f-a5d4-c36229a73203, raftlog=af280123-6372-4d1f-a5d4-c36229a73203@group-75C85B6D1182-SegmentedRaftLog:OPENED:c-1,f-1,i0, conf=-1: [9092f221-0e0d-4970-bb84-cacd95020f21:192.168.164.213:41903, af280123-6372-4d1f-a5d4-c36229a73203:192.168.164.213:35334, b4ae536c-ed18-4717-a75c-ca4b5d6c4001:192.168.164.213:41180], old=null
2019-10-24 15:44:21,838 [af280123-6372-4d1f-a5d4-c36229a73203@group-75C85B6D1182-LeaderElection264] INFO  impl.LeaderElection (LogUtils.java:infoOrTrace(149)) -   Exception 0: {}
java.util.concurrent.ExecutionException: org.apache.ratis.thirdparty.io.grpc.StatusRuntimeException: UNAVAILABLE: io exception
	at java.util.concurrent.FutureTask.report(FutureTask.java:122)
	at java.util.concurrent.FutureTask.get(FutureTask.java:192)
	at org.apache.ratis.server.impl.LeaderElection.waitForResults(LeaderElection.java:259)
	at org.apache.ratis.server.impl.LeaderElection.askForVotes(LeaderElection.java:197)
	at org.apache.ratis.server.impl.LeaderElection.run(LeaderElection.java:133)
	at java.lang.Thread.run(Thread.java:748)
Caused by: org.apache.ratis.thirdparty.io.grpc.StatusRuntimeException: UNAVAILABLE: io exception
	at org.apache.ratis.thirdparty.io.grpc.stub.ClientCalls.toStatusRuntimeException(ClientCalls.java:233)
	at org.apache.ratis.thirdparty.io.grpc.stub.ClientCalls.getUnchecked(ClientCalls.java:214)
	at org.apache.ratis.thirdparty.io.grpc.stub.ClientCalls.blockingUnaryCall(ClientCalls.java:139)
	at org.apache.ratis.proto.grpc.RaftServerProtocolServiceGrpc$RaftServerProtocolServiceBlockingStub.requestVote(RaftServerProtocolServiceGrpc.java:265)
	at org.apache.ratis.grpc.server.GrpcServerProtocolClient.requestVote(GrpcServerProtocolClient.java:99)
	at org.apache.ratis.grpc.server.GrpcService.requestVote(GrpcService.java:204)
	at org.apache.ratis.server.impl.LeaderElection.lambda$submitRequests$1(LeaderElection.java:234)
	at java.util.concurrent.FutureTask.run(FutureTask.java:266)
	at java.util.concurrent.Executors$RunnableAdapter.call(Executors.java:511)
	at java.util.concurrent.FutureTask.run(FutureTask.java:266)
	at java.util.concurrent.ThreadPoolExecutor.runWorker(ThreadPoolExecutor.java:1149)
	at java.util.concurrent.ThreadPoolExecutor$Worker.run(ThreadPoolExecutor.java:624)
	... 1 more
Caused by: org.apache.ratis.thirdparty.io.netty.channel.AbstractChannel$AnnotatedConnectException: Connection refused: /192.168.164.213:41903
	at sun.nio.ch.SocketChannelImpl.checkConnect(Native Method)
	at sun.nio.ch.SocketChannelImpl.finishConnect(SocketChannelImpl.java:717)
	at org.apache.ratis.thirdparty.io.netty.channel.socket.nio.NioSocketChannel.doFinishConnect(NioSocketChannel.java:327)
	at org.apache.ratis.thirdparty.io.netty.channel.nio.AbstractNioChannel$AbstractNioUnsafe.finishConnect(AbstractNioChannel.java:340)
	at org.apache.ratis.thirdparty.io.netty.channel.nio.NioEventLoop.processSelectedKey(NioEventLoop.java:632)
	at org.apache.ratis.thirdparty.io.netty.channel.nio.NioEventLoop.processSelectedKeysOptimized(NioEventLoop.java:579)
	at org.apache.ratis.thirdparty.io.netty.channel.nio.NioEventLoop.processSelectedKeys(NioEventLoop.java:496)
	at org.apache.ratis.thirdparty.io.netty.channel.nio.NioEventLoop.run(NioEventLoop.java:458)
	at org.apache.ratis.thirdparty.io.netty.util.concurrent.SingleThreadEventExecutor$5.run(SingleThreadEventExecutor.java:897)
	at org.apache.ratis.thirdparty.io.netty.util.concurrent.FastThreadLocalRunnable.run(FastThreadLocalRunnable.java:30)
	... 1 more
Caused by: java.net.ConnectException: Connection refused
	... 11 more
2019-10-24 15:44:21,838 [af280123-6372-4d1f-a5d4-c36229a73203@group-75C85B6D1182-LeaderElection264] INFO  impl.LeaderElection (LogUtils.java:infoOrTrace(149)) -   Exception 1: {}
java.util.concurrent.ExecutionException: org.apache.ratis.thirdparty.io.grpc.StatusRuntimeException: UNAVAILABLE: io exception
	at java.util.concurrent.FutureTask.report(FutureTask.java:122)
	at java.util.concurrent.FutureTask.get(FutureTask.java:192)
	at org.apache.ratis.server.impl.LeaderElection.waitForResults(LeaderElection.java:259)
	at org.apache.ratis.server.impl.LeaderElection.askForVotes(LeaderElection.java:197)
	at org.apache.ratis.server.impl.LeaderElection.run(LeaderElection.java:133)
	at java.lang.Thread.run(Thread.java:748)
Caused by: org.apache.ratis.thirdparty.io.grpc.StatusRuntimeException: UNAVAILABLE: io exception
	at org.apache.ratis.thirdparty.io.grpc.stub.ClientCalls.toStatusRuntimeException(ClientCalls.java:233)
	at org.apache.ratis.thirdparty.io.grpc.stub.ClientCalls.getUnchecked(ClientCalls.java:214)
	at org.apache.ratis.thirdparty.io.grpc.stub.ClientCalls.blockingUnaryCall(ClientCalls.java:139)
	at org.apache.ratis.proto.grpc.RaftServerProtocolServiceGrpc$RaftServerProtocolServiceBlockingStub.requestVote(RaftServerProtocolServiceGrpc.java:265)
	at org.apache.ratis.grpc.server.GrpcServerProtocolClient.requestVote(GrpcServerProtocolClient.java:99)
	at org.apache.ratis.grpc.server.GrpcService.requestVote(GrpcService.java:204)
	at org.apache.ratis.server.impl.LeaderElection.lambda$submitRequests$1(LeaderElection.java:234)
	at java.util.concurrent.FutureTask.run(FutureTask.java:266)
	at java.util.concurrent.Executors$RunnableAdapter.call(Executors.java:511)
	at java.util.concurrent.FutureTask.run(FutureTask.java:266)
	at java.util.concurrent.ThreadPoolExecutor.runWorker(ThreadPoolExecutor.java:1149)
	at java.util.concurrent.ThreadPoolExecutor$Worker.run(ThreadPoolExecutor.java:624)
	... 1 more
Caused by: org.apache.ratis.thirdparty.io.netty.channel.AbstractChannel$AnnotatedConnectException: Connection refused: /192.168.164.213:41180
	at sun.nio.ch.SocketChannelImpl.checkConnect(Native Method)
	at sun.nio.ch.SocketChannelImpl.finishConnect(SocketChannelImpl.java:717)
	at org.apache.ratis.thirdparty.io.netty.channel.socket.nio.NioSocketChannel.doFinishConnect(NioSocketChannel.java:327)
	at org.apache.ratis.thirdparty.io.netty.channel.nio.AbstractNioChannel$AbstractNioUnsafe.finishConnect(AbstractNioChannel.java:340)
	at org.apache.ratis.thirdparty.io.netty.channel.nio.NioEventLoop.processSelectedKey(NioEventLoop.java:632)
	at org.apache.ratis.thirdparty.io.netty.channel.nio.NioEventLoop.processSelectedKeysOptimized(NioEventLoop.java:579)
	at org.apache.ratis.thirdparty.io.netty.channel.nio.NioEventLoop.processSelectedKeys(NioEventLoop.java:496)
	at org.apache.ratis.thirdparty.io.netty.channel.nio.NioEventLoop.run(NioEventLoop.java:458)
	at org.apache.ratis.thirdparty.io.netty.util.concurrent.SingleThreadEventExecutor$5.run(SingleThreadEventExecutor.java:897)
	at org.apache.ratis.thirdparty.io.netty.util.concurrent.FastThreadLocalRunnable.run(FastThreadLocalRunnable.java:30)
	... 1 more
Caused by: java.net.ConnectException: Connection refused
	... 11 more
2019-10-24 15:44:21,838 [af280123-6372-4d1f-a5d4-c36229a73203@group-75C85B6D1182-LeaderElection264] INFO  impl.RaftServerImpl (RaftServerImpl.java:setRole(184)) - af280123-6372-4d1f-a5d4-c36229a73203@group-75C85B6D1182: changes role from CANDIDATE to FOLLOWER at term 259 for DISCOVERED_A_NEW_TERM
2019-10-24 15:44:21,838 [af280123-6372-4d1f-a5d4-c36229a73203@group-75C85B6D1182-LeaderElection264] INFO  impl.RoleInfo (RoleInfo.java:shutdownLeaderElection(134)) - af280123-6372-4d1f-a5d4-c36229a73203: shutdown LeaderElection
2019-10-24 15:44:21,838 [af280123-6372-4d1f-a5d4-c36229a73203@group-75C85B6D1182-LeaderElection264] INFO  impl.RoleInfo (RoleInfo.java:updateAndGet(143)) - af280123-6372-4d1f-a5d4-c36229a73203: start FollowerState
2019-10-24 15:44:21,840 [java.util.concurrent.ThreadPoolExecutor$Worker@15849834[State = -1, empty queue]] WARN  server.GrpcLogAppender (GrpcLogAppender.java:timeoutAppendRequest(209)) - 2f81ded6-48e6-408d-9409-3cd44f70bee8@group-56059261E3EC->3a65ecdf-e32f-4548-a2e5-44ab823c11b3-GrpcLogAppender: appendEntries Timeout, request=2f81ded6-48e6-408d-9409-3cd44f70bee8->3a65ecdf-e32f-4548-a2e5-44ab823c11b3#73-t6, previous=(t:6, i:16), leaderCommit=16, initializing? false, entries: <empty>
2019-10-24 15:44:21,919 [Thread-2222] INFO  impl.FollowerState (FollowerState.java:run(108)) - af280123-6372-4d1f-a5d4-c36229a73203@group-75C85B6D1182-FollowerState: change to CANDIDATE, lastRpcTime:80ms, electionTimeout:80ms
2019-10-24 15:44:21,919 [Thread-2222] INFO  impl.RoleInfo (RoleInfo.java:shutdownFollowerState(121)) - af280123-6372-4d1f-a5d4-c36229a73203: shutdown FollowerState
2019-10-24 15:44:21,919 [Thread-2222] INFO  impl.RaftServerImpl (RaftServerImpl.java:setRole(184)) - af280123-6372-4d1f-a5d4-c36229a73203@group-75C85B6D1182: changes role from  FOLLOWER to CANDIDATE at term 259 for changeToCandidate
2019-10-24 15:44:21,919 [Thread-2222] INFO  impl.RoleInfo (RoleInfo.java:updateAndGet(143)) - af280123-6372-4d1f-a5d4-c36229a73203: start LeaderElection
2019-10-24 15:44:21,933 [af280123-6372-4d1f-a5d4-c36229a73203@group-75C85B6D1182-LeaderElection265] INFO  impl.LeaderElection (LeaderElection.java:askForVotes(178)) - af280123-6372-4d1f-a5d4-c36229a73203@group-75C85B6D1182-LeaderElection265: begin an election at term 260 for -1: [9092f221-0e0d-4970-bb84-cacd95020f21:192.168.164.213:41903, af280123-6372-4d1f-a5d4-c36229a73203:192.168.164.213:35334, b4ae536c-ed18-4717-a75c-ca4b5d6c4001:192.168.164.213:41180], old=null
2019-10-24 15:44:21,934 [af280123-6372-4d1f-a5d4-c36229a73203@group-75C85B6D1182-LeaderElection265] INFO  impl.LeaderElection (LogUtils.java:infoOrTrace(149)) - af280123-6372-4d1f-a5d4-c36229a73203@group-75C85B6D1182-LeaderElection265 got exception when requesting votes: {}
java.util.concurrent.ExecutionException: org.apache.ratis.thirdparty.io.grpc.StatusRuntimeException: UNAVAILABLE: io exception
	at java.util.concurrent.FutureTask.report(FutureTask.java:122)
	at java.util.concurrent.FutureTask.get(FutureTask.java:192)
	at org.apache.ratis.server.impl.LeaderElection.waitForResults(LeaderElection.java:259)
	at org.apache.ratis.server.impl.LeaderElection.askForVotes(LeaderElection.java:197)
	at org.apache.ratis.server.impl.LeaderElection.run(LeaderElection.java:133)
	at java.lang.Thread.run(Thread.java:748)
Caused by: org.apache.ratis.thirdparty.io.grpc.StatusRuntimeException: UNAVAILABLE: io exception
	at org.apache.ratis.thirdparty.io.grpc.stub.ClientCalls.toStatusRuntimeException(ClientCalls.java:233)
	at org.apache.ratis.thirdparty.io.grpc.stub.ClientCalls.getUnchecked(ClientCalls.java:214)
	at org.apache.ratis.thirdparty.io.grpc.stub.ClientCalls.blockingUnaryCall(ClientCalls.java:139)
	at org.apache.ratis.proto.grpc.RaftServerProtocolServiceGrpc$RaftServerProtocolServiceBlockingStub.requestVote(RaftServerProtocolServiceGrpc.java:265)
	at org.apache.ratis.grpc.server.GrpcServerProtocolClient.requestVote(GrpcServerProtocolClient.java:99)
	at org.apache.ratis.grpc.server.GrpcService.requestVote(GrpcService.java:204)
	at org.apache.ratis.server.impl.LeaderElection.lambda$submitRequests$1(LeaderElection.java:234)
	at java.util.concurrent.FutureTask.run(FutureTask.java:266)
	at java.util.concurrent.Executors$RunnableAdapter.call(Executors.java:511)
	at java.util.concurrent.FutureTask.run(FutureTask.java:266)
	at java.util.concurrent.ThreadPoolExecutor.runWorker(ThreadPoolExecutor.java:1149)
	at java.util.concurrent.ThreadPoolExecutor$Worker.run(ThreadPoolExecutor.java:624)
	... 1 more
Caused by: org.apache.ratis.thirdparty.io.netty.channel.AbstractChannel$AnnotatedConnectException: Connection refused: /192.168.164.213:41180
	at sun.nio.ch.SocketChannelImpl.checkConnect(Native Method)
	at sun.nio.ch.SocketChannelImpl.finishConnect(SocketChannelImpl.java:717)
	at org.apache.ratis.thirdparty.io.netty.channel.socket.nio.NioSocketChannel.doFinishConnect(NioSocketChannel.java:327)
	at org.apache.ratis.thirdparty.io.netty.channel.nio.AbstractNioChannel$AbstractNioUnsafe.finishConnect(AbstractNioChannel.java:340)
	at org.apache.ratis.thirdparty.io.netty.channel.nio.NioEventLoop.processSelectedKey(NioEventLoop.java:632)
	at org.apache.ratis.thirdparty.io.netty.channel.nio.NioEventLoop.processSelectedKeysOptimized(NioEventLoop.java:579)
	at org.apache.ratis.thirdparty.io.netty.channel.nio.NioEventLoop.processSelectedKeys(NioEventLoop.java:496)
	at org.apache.ratis.thirdparty.io.netty.channel.nio.NioEventLoop.run(NioEventLoop.java:458)
	at org.apache.ratis.thirdparty.io.netty.util.concurrent.SingleThreadEventExecutor$5.run(SingleThreadEventExecutor.java:897)
	at org.apache.ratis.thirdparty.io.netty.util.concurrent.FastThreadLocalRunnable.run(FastThreadLocalRunnable.java:30)
	... 1 more
Caused by: java.net.ConnectException: Connection refused
	... 11 more
2019-10-24 15:44:21,934 [af280123-6372-4d1f-a5d4-c36229a73203@group-75C85B6D1182-LeaderElection265] INFO  impl.LeaderElection (LogUtils.java:infoOrTrace(149)) - af280123-6372-4d1f-a5d4-c36229a73203@group-75C85B6D1182-LeaderElection265 got exception when requesting votes: {}
java.util.concurrent.ExecutionException: org.apache.ratis.thirdparty.io.grpc.StatusRuntimeException: UNAVAILABLE: io exception
	at java.util.concurrent.FutureTask.report(FutureTask.java:122)
	at java.util.concurrent.FutureTask.get(FutureTask.java:192)
	at org.apache.ratis.server.impl.LeaderElection.waitForResults(LeaderElection.java:259)
	at org.apache.ratis.server.impl.LeaderElection.askForVotes(LeaderElection.java:197)
	at org.apache.ratis.server.impl.LeaderElection.run(LeaderElection.java:133)
	at java.lang.Thread.run(Thread.java:748)
Caused by: org.apache.ratis.thirdparty.io.grpc.StatusRuntimeException: UNAVAILABLE: io exception
	at org.apache.ratis.thirdparty.io.grpc.stub.ClientCalls.toStatusRuntimeException(ClientCalls.java:233)
	at org.apache.ratis.thirdparty.io.grpc.stub.ClientCalls.getUnchecked(ClientCalls.java:214)
	at org.apache.ratis.thirdparty.io.grpc.stub.ClientCalls.blockingUnaryCall(ClientCalls.java:139)
	at org.apache.ratis.proto.grpc.RaftServerProtocolServiceGrpc$RaftServerProtocolServiceBlockingStub.requestVote(RaftServerProtocolServiceGrpc.java:265)
	at org.apache.ratis.grpc.server.GrpcServerProtocolClient.requestVote(GrpcServerProtocolClient.java:99)
	at org.apache.ratis.grpc.server.GrpcService.requestVote(GrpcService.java:204)
	at org.apache.ratis.server.impl.LeaderElection.lambda$submitRequests$1(LeaderElection.java:234)
	at java.util.concurrent.FutureTask.run(FutureTask.java:266)
	at java.util.concurrent.Executors$RunnableAdapter.call(Executors.java:511)
	at java.util.concurrent.FutureTask.run(FutureTask.java:266)
	at java.util.concurrent.ThreadPoolExecutor.runWorker(ThreadPoolExecutor.java:1149)
	at java.util.concurrent.ThreadPoolExecutor$Worker.run(ThreadPoolExecutor.java:624)
	... 1 more
Caused by: org.apache.ratis.thirdparty.io.netty.channel.AbstractChannel$AnnotatedConnectException: Connection refused: /192.168.164.213:41903
	at sun.nio.ch.SocketChannelImpl.checkConnect(Native Method)
	at sun.nio.ch.SocketChannelImpl.finishConnect(SocketChannelImpl.java:717)
	at org.apache.ratis.thirdparty.io.netty.channel.socket.nio.NioSocketChannel.doFinishConnect(NioSocketChannel.java:327)
	at org.apache.ratis.thirdparty.io.netty.channel.nio.AbstractNioChannel$AbstractNioUnsafe.finishConnect(AbstractNioChannel.java:340)
	at org.apache.ratis.thirdparty.io.netty.channel.nio.NioEventLoop.processSelectedKey(NioEventLoop.java:632)
	at org.apache.ratis.thirdparty.io.netty.channel.nio.NioEventLoop.processSelectedKeysOptimized(NioEventLoop.java:579)
	at org.apache.ratis.thirdparty.io.netty.channel.nio.NioEventLoop.processSelectedKeys(NioEventLoop.java:496)
	at org.apache.ratis.thirdparty.io.netty.channel.nio.NioEventLoop.run(NioEventLoop.java:458)
	at org.apache.ratis.thirdparty.io.netty.util.concurrent.SingleThreadEventExecutor$5.run(SingleThreadEventExecutor.java:897)
	at org.apache.ratis.thirdparty.io.netty.util.concurrent.FastThreadLocalRunnable.run(FastThreadLocalRunnable.java:30)
	... 1 more
Caused by: java.net.ConnectException: Connection refused
	... 11 more
2019-10-24 15:44:21,935 [af280123-6372-4d1f-a5d4-c36229a73203@group-75C85B6D1182-LeaderElection265] INFO  impl.LeaderElection (LeaderElection.java:logAndReturn(56)) - af280123-6372-4d1f-a5d4-c36229a73203@group-75C85B6D1182-LeaderElection265: Election REJECTED; received 0 response(s) [] and 2 exception(s); af280123-6372-4d1f-a5d4-c36229a73203@group-75C85B6D1182:t260, leader=null, voted=af280123-6372-4d1f-a5d4-c36229a73203, raftlog=af280123-6372-4d1f-a5d4-c36229a73203@group-75C85B6D1182-SegmentedRaftLog:OPENED:c-1,f-1,i0, conf=-1: [9092f221-0e0d-4970-bb84-cacd95020f21:192.168.164.213:41903, af280123-6372-4d1f-a5d4-c36229a73203:192.168.164.213:35334, b4ae536c-ed18-4717-a75c-ca4b5d6c4001:192.168.164.213:41180], old=null
2019-10-24 15:44:21,935 [af280123-6372-4d1f-a5d4-c36229a73203@group-75C85B6D1182-LeaderElection265] INFO  impl.LeaderElection (LogUtils.java:infoOrTrace(149)) -   Exception 0: {}
java.util.concurrent.ExecutionException: org.apache.ratis.thirdparty.io.grpc.StatusRuntimeException: UNAVAILABLE: io exception
	at java.util.concurrent.FutureTask.report(FutureTask.java:122)
	at java.util.concurrent.FutureTask.get(FutureTask.java:192)
	at org.apache.ratis.server.impl.LeaderElection.waitForResults(LeaderElection.java:259)
	at org.apache.ratis.server.impl.LeaderElection.askForVotes(LeaderElection.java:197)
	at org.apache.ratis.server.impl.LeaderElection.run(LeaderElection.java:133)
	at java.lang.Thread.run(Thread.java:748)
Caused by: org.apache.ratis.thirdparty.io.grpc.StatusRuntimeException: UNAVAILABLE: io exception
	at org.apache.ratis.thirdparty.io.grpc.stub.ClientCalls.toStatusRuntimeException(ClientCalls.java:233)
	at org.apache.ratis.thirdparty.io.grpc.stub.ClientCalls.getUnchecked(ClientCalls.java:214)
	at org.apache.ratis.thirdparty.io.grpc.stub.ClientCalls.blockingUnaryCall(ClientCalls.java:139)
	at org.apache.ratis.proto.grpc.RaftServerProtocolServiceGrpc$RaftServerProtocolServiceBlockingStub.requestVote(RaftServerProtocolServiceGrpc.java:265)
	at org.apache.ratis.grpc.server.GrpcServerProtocolClient.requestVote(GrpcServerProtocolClient.java:99)
	at org.apache.ratis.grpc.server.GrpcService.requestVote(GrpcService.java:204)
	at org.apache.ratis.server.impl.LeaderElection.lambda$submitRequests$1(LeaderElection.java:234)
	at java.util.concurrent.FutureTask.run(FutureTask.java:266)
	at java.util.concurrent.Executors$RunnableAdapter.call(Executors.java:511)
	at java.util.concurrent.FutureTask.run(FutureTask.java:266)
	at java.util.concurrent.ThreadPoolExecutor.runWorker(ThreadPoolExecutor.java:1149)
	at java.util.concurrent.ThreadPoolExecutor$Worker.run(ThreadPoolExecutor.java:624)
	... 1 more
Caused by: org.apache.ratis.thirdparty.io.netty.channel.AbstractChannel$AnnotatedConnectException: Connection refused: /192.168.164.213:41180
	at sun.nio.ch.SocketChannelImpl.checkConnect(Native Method)
	at sun.nio.ch.SocketChannelImpl.finishConnect(SocketChannelImpl.java:717)
	at org.apache.ratis.thirdparty.io.netty.channel.socket.nio.NioSocketChannel.doFinishConnect(NioSocketChannel.java:327)
	at org.apache.ratis.thirdparty.io.netty.channel.nio.AbstractNioChannel$AbstractNioUnsafe.finishConnect(AbstractNioChannel.java:340)
	at org.apache.ratis.thirdparty.io.netty.channel.nio.NioEventLoop.processSelectedKey(NioEventLoop.java:632)
	at org.apache.ratis.thirdparty.io.netty.channel.nio.NioEventLoop.processSelectedKeysOptimized(NioEventLoop.java:579)
	at org.apache.ratis.thirdparty.io.netty.channel.nio.NioEventLoop.processSelectedKeys(NioEventLoop.java:496)
	at org.apache.ratis.thirdparty.io.netty.channel.nio.NioEventLoop.run(NioEventLoop.java:458)
	at org.apache.ratis.thirdparty.io.netty.util.concurrent.SingleThreadEventExecutor$5.run(SingleThreadEventExecutor.java:897)
	at org.apache.ratis.thirdparty.io.netty.util.concurrent.FastThreadLocalRunnable.run(FastThreadLocalRunnable.java:30)
	... 1 more
Caused by: java.net.ConnectException: Connection refused
	... 11 more
2019-10-24 15:44:21,935 [af280123-6372-4d1f-a5d4-c36229a73203@group-75C85B6D1182-LeaderElection265] INFO  impl.LeaderElection (LogUtils.java:infoOrTrace(149)) -   Exception 1: {}
java.util.concurrent.ExecutionException: org.apache.ratis.thirdparty.io.grpc.StatusRuntimeException: UNAVAILABLE: io exception
	at java.util.concurrent.FutureTask.report(FutureTask.java:122)
	at java.util.concurrent.FutureTask.get(FutureTask.java:192)
	at org.apache.ratis.server.impl.LeaderElection.waitForResults(LeaderElection.java:259)
	at org.apache.ratis.server.impl.LeaderElection.askForVotes(LeaderElection.java:197)
	at org.apache.ratis.server.impl.LeaderElection.run(LeaderElection.java:133)
	at java.lang.Thread.run(Thread.java:748)
Caused by: org.apache.ratis.thirdparty.io.grpc.StatusRuntimeException: UNAVAILABLE: io exception
	at org.apache.ratis.thirdparty.io.grpc.stub.ClientCalls.toStatusRuntimeException(ClientCalls.java:233)
	at org.apache.ratis.thirdparty.io.grpc.stub.ClientCalls.getUnchecked(ClientCalls.java:214)
	at org.apache.ratis.thirdparty.io.grpc.stub.ClientCalls.blockingUnaryCall(ClientCalls.java:139)
	at org.apache.ratis.proto.grpc.RaftServerProtocolServiceGrpc$RaftServerProtocolServiceBlockingStub.requestVote(RaftServerProtocolServiceGrpc.java:265)
	at org.apache.ratis.grpc.server.GrpcServerProtocolClient.requestVote(GrpcServerProtocolClient.java:99)
	at org.apache.ratis.grpc.server.GrpcService.requestVote(GrpcService.java:204)
	at org.apache.ratis.server.impl.LeaderElection.lambda$submitRequests$1(LeaderElection.java:234)
	at java.util.concurrent.FutureTask.run(FutureTask.java:266)
	at java.util.concurrent.Executors$RunnableAdapter.call(Executors.java:511)
	at java.util.concurrent.FutureTask.run(FutureTask.java:266)
	at java.util.concurrent.ThreadPoolExecutor.runWorker(ThreadPoolExecutor.java:1149)
	at java.util.concurrent.ThreadPoolExecutor$Worker.run(ThreadPoolExecutor.java:624)
	... 1 more
Caused by: org.apache.ratis.thirdparty.io.netty.channel.AbstractChannel$AnnotatedConnectException: Connection refused: /192.168.164.213:41903
	at sun.nio.ch.SocketChannelImpl.checkConnect(Native Method)
	at sun.nio.ch.SocketChannelImpl.finishConnect(SocketChannelImpl.java:717)
	at org.apache.ratis.thirdparty.io.netty.channel.socket.nio.NioSocketChannel.doFinishConnect(NioSocketChannel.java:327)
	at org.apache.ratis.thirdparty.io.netty.channel.nio.AbstractNioChannel$AbstractNioUnsafe.finishConnect(AbstractNioChannel.java:340)
	at org.apache.ratis.thirdparty.io.netty.channel.nio.NioEventLoop.processSelectedKey(NioEventLoop.java:632)
	at org.apache.ratis.thirdparty.io.netty.channel.nio.NioEventLoop.processSelectedKeysOptimized(NioEventLoop.java:579)
	at org.apache.ratis.thirdparty.io.netty.channel.nio.NioEventLoop.processSelectedKeys(NioEventLoop.java:496)
	at org.apache.ratis.thirdparty.io.netty.channel.nio.NioEventLoop.run(NioEventLoop.java:458)
	at org.apache.ratis.thirdparty.io.netty.util.concurrent.SingleThreadEventExecutor$5.run(SingleThreadEventExecutor.java:897)
	at org.apache.ratis.thirdparty.io.netty.util.concurrent.FastThreadLocalRunnable.run(FastThreadLocalRunnable.java:30)
	... 1 more
Caused by: java.net.ConnectException: Connection refused
	... 11 more
2019-10-24 15:44:21,935 [af280123-6372-4d1f-a5d4-c36229a73203@group-75C85B6D1182-LeaderElection265] INFO  impl.RaftServerImpl (RaftServerImpl.java:setRole(184)) - af280123-6372-4d1f-a5d4-c36229a73203@group-75C85B6D1182: changes role from CANDIDATE to FOLLOWER at term 260 for DISCOVERED_A_NEW_TERM
2019-10-24 15:44:21,936 [af280123-6372-4d1f-a5d4-c36229a73203@group-75C85B6D1182-LeaderElection265] INFO  impl.RoleInfo (RoleInfo.java:shutdownLeaderElection(134)) - af280123-6372-4d1f-a5d4-c36229a73203: shutdown LeaderElection
2019-10-24 15:44:21,936 [af280123-6372-4d1f-a5d4-c36229a73203@group-75C85B6D1182-LeaderElection265] INFO  impl.RoleInfo (RoleInfo.java:updateAndGet(143)) - af280123-6372-4d1f-a5d4-c36229a73203: start FollowerState
2019-10-24 15:44:22,088 [Thread-2226] INFO  impl.FollowerState (FollowerState.java:run(108)) - af280123-6372-4d1f-a5d4-c36229a73203@group-75C85B6D1182-FollowerState: change to CANDIDATE, lastRpcTime:152ms, electionTimeout:152ms
2019-10-24 15:44:22,089 [Thread-2226] INFO  impl.RoleInfo (RoleInfo.java:shutdownFollowerState(121)) - af280123-6372-4d1f-a5d4-c36229a73203: shutdown FollowerState
2019-10-24 15:44:22,089 [Thread-2226] INFO  impl.RaftServerImpl (RaftServerImpl.java:setRole(184)) - af280123-6372-4d1f-a5d4-c36229a73203@group-75C85B6D1182: changes role from  FOLLOWER to CANDIDATE at term 260 for changeToCandidate
2019-10-24 15:44:22,089 [Thread-2226] INFO  impl.RoleInfo (RoleInfo.java:updateAndGet(143)) - af280123-6372-4d1f-a5d4-c36229a73203: start LeaderElection
2019-10-24 15:44:22,103 [af280123-6372-4d1f-a5d4-c36229a73203@group-75C85B6D1182-LeaderElection266] INFO  impl.LeaderElection (LeaderElection.java:askForVotes(178)) - af280123-6372-4d1f-a5d4-c36229a73203@group-75C85B6D1182-LeaderElection266: begin an election at term 261 for -1: [9092f221-0e0d-4970-bb84-cacd95020f21:192.168.164.213:41903, af280123-6372-4d1f-a5d4-c36229a73203:192.168.164.213:35334, b4ae536c-ed18-4717-a75c-ca4b5d6c4001:192.168.164.213:41180], old=null
2019-10-24 15:44:22,104 [af280123-6372-4d1f-a5d4-c36229a73203@group-75C85B6D1182-LeaderElection266] INFO  impl.LeaderElection (LogUtils.java:infoOrTrace(149)) - af280123-6372-4d1f-a5d4-c36229a73203@group-75C85B6D1182-LeaderElection266 got exception when requesting votes: {}
java.util.concurrent.ExecutionException: org.apache.ratis.thirdparty.io.grpc.StatusRuntimeException: UNAVAILABLE: io exception
	at java.util.concurrent.FutureTask.report(FutureTask.java:122)
	at java.util.concurrent.FutureTask.get(FutureTask.java:192)
	at org.apache.ratis.server.impl.LeaderElection.waitForResults(LeaderElection.java:259)
	at org.apache.ratis.server.impl.LeaderElection.askForVotes(LeaderElection.java:197)
	at org.apache.ratis.server.impl.LeaderElection.run(LeaderElection.java:133)
	at java.lang.Thread.run(Thread.java:748)
Caused by: org.apache.ratis.thirdparty.io.grpc.StatusRuntimeException: UNAVAILABLE: io exception
	at org.apache.ratis.thirdparty.io.grpc.stub.ClientCalls.toStatusRuntimeException(ClientCalls.java:233)
	at org.apache.ratis.thirdparty.io.grpc.stub.ClientCalls.getUnchecked(ClientCalls.java:214)
	at org.apache.ratis.thirdparty.io.grpc.stub.ClientCalls.blockingUnaryCall(ClientCalls.java:139)
	at org.apache.ratis.proto.grpc.RaftServerProtocolServiceGrpc$RaftServerProtocolServiceBlockingStub.requestVote(RaftServerProtocolServiceGrpc.java:265)
	at org.apache.ratis.grpc.server.GrpcServerProtocolClient.requestVote(GrpcServerProtocolClient.java:99)
	at org.apache.ratis.grpc.server.GrpcService.requestVote(GrpcService.java:204)
	at org.apache.ratis.server.impl.LeaderElection.lambda$submitRequests$1(LeaderElection.java:234)
	at java.util.concurrent.FutureTask.run(FutureTask.java:266)
	at java.util.concurrent.Executors$RunnableAdapter.call(Executors.java:511)
	at java.util.concurrent.FutureTask.run(FutureTask.java:266)
	at java.util.concurrent.ThreadPoolExecutor.runWorker(ThreadPoolExecutor.java:1149)
	at java.util.concurrent.ThreadPoolExecutor$Worker.run(ThreadPoolExecutor.java:624)
	... 1 more
Caused by: org.apache.ratis.thirdparty.io.netty.channel.AbstractChannel$AnnotatedConnectException: Connection refused: /192.168.164.213:41180
	at sun.nio.ch.SocketChannelImpl.checkConnect(Native Method)
	at sun.nio.ch.SocketChannelImpl.finishConnect(SocketChannelImpl.java:717)
	at org.apache.ratis.thirdparty.io.netty.channel.socket.nio.NioSocketChannel.doFinishConnect(NioSocketChannel.java:327)
	at org.apache.ratis.thirdparty.io.netty.channel.nio.AbstractNioChannel$AbstractNioUnsafe.finishConnect(AbstractNioChannel.java:340)
	at org.apache.ratis.thirdparty.io.netty.channel.nio.NioEventLoop.processSelectedKey(NioEventLoop.java:632)
	at org.apache.ratis.thirdparty.io.netty.channel.nio.NioEventLoop.processSelectedKeysOptimized(NioEventLoop.java:579)
	at org.apache.ratis.thirdparty.io.netty.channel.nio.NioEventLoop.processSelectedKeys(NioEventLoop.java:496)
	at org.apache.ratis.thirdparty.io.netty.channel.nio.NioEventLoop.run(NioEventLoop.java:458)
	at org.apache.ratis.thirdparty.io.netty.util.concurrent.SingleThreadEventExecutor$5.run(SingleThreadEventExecutor.java:897)
	at org.apache.ratis.thirdparty.io.netty.util.concurrent.FastThreadLocalRunnable.run(FastThreadLocalRunnable.java:30)
	... 1 more
Caused by: java.net.ConnectException: Connection refused
	... 11 more
2019-10-24 15:44:22,104 [af280123-6372-4d1f-a5d4-c36229a73203@group-75C85B6D1182-LeaderElection266] INFO  impl.LeaderElection (LogUtils.java:infoOrTrace(149)) - af280123-6372-4d1f-a5d4-c36229a73203@group-75C85B6D1182-LeaderElection266 got exception when requesting votes: {}
java.util.concurrent.ExecutionException: org.apache.ratis.thirdparty.io.grpc.StatusRuntimeException: UNAVAILABLE: io exception
	at java.util.concurrent.FutureTask.report(FutureTask.java:122)
	at java.util.concurrent.FutureTask.get(FutureTask.java:192)
	at org.apache.ratis.server.impl.LeaderElection.waitForResults(LeaderElection.java:259)
	at org.apache.ratis.server.impl.LeaderElection.askForVotes(LeaderElection.java:197)
	at org.apache.ratis.server.impl.LeaderElection.run(LeaderElection.java:133)
	at java.lang.Thread.run(Thread.java:748)
Caused by: org.apache.ratis.thirdparty.io.grpc.StatusRuntimeException: UNAVAILABLE: io exception
	at org.apache.ratis.thirdparty.io.grpc.stub.ClientCalls.toStatusRuntimeException(ClientCalls.java:233)
	at org.apache.ratis.thirdparty.io.grpc.stub.ClientCalls.getUnchecked(ClientCalls.java:214)
	at org.apache.ratis.thirdparty.io.grpc.stub.ClientCalls.blockingUnaryCall(ClientCalls.java:139)
	at org.apache.ratis.proto.grpc.RaftServerProtocolServiceGrpc$RaftServerProtocolServiceBlockingStub.requestVote(RaftServerProtocolServiceGrpc.java:265)
	at org.apache.ratis.grpc.server.GrpcServerProtocolClient.requestVote(GrpcServerProtocolClient.java:99)
	at org.apache.ratis.grpc.server.GrpcService.requestVote(GrpcService.java:204)
	at org.apache.ratis.server.impl.LeaderElection.lambda$submitRequests$1(LeaderElection.java:234)
	at java.util.concurrent.FutureTask.run(FutureTask.java:266)
	at java.util.concurrent.Executors$RunnableAdapter.call(Executors.java:511)
	at java.util.concurrent.FutureTask.run(FutureTask.java:266)
	at java.util.concurrent.ThreadPoolExecutor.runWorker(ThreadPoolExecutor.java:1149)
	at java.util.concurrent.ThreadPoolExecutor$Worker.run(ThreadPoolExecutor.java:624)
	... 1 more
Caused by: org.apache.ratis.thirdparty.io.netty.channel.AbstractChannel$AnnotatedConnectException: Connection refused: /192.168.164.213:41903
	at sun.nio.ch.SocketChannelImpl.checkConnect(Native Method)
	at sun.nio.ch.SocketChannelImpl.finishConnect(SocketChannelImpl.java:717)
	at org.apache.ratis.thirdparty.io.netty.channel.socket.nio.NioSocketChannel.doFinishConnect(NioSocketChannel.java:327)
	at org.apache.ratis.thirdparty.io.netty.channel.nio.AbstractNioChannel$AbstractNioUnsafe.finishConnect(AbstractNioChannel.java:340)
	at org.apache.ratis.thirdparty.io.netty.channel.nio.NioEventLoop.processSelectedKey(NioEventLoop.java:632)
	at org.apache.ratis.thirdparty.io.netty.channel.nio.NioEventLoop.processSelectedKeysOptimized(NioEventLoop.java:579)
	at org.apache.ratis.thirdparty.io.netty.channel.nio.NioEventLoop.processSelectedKeys(NioEventLoop.java:496)
	at org.apache.ratis.thirdparty.io.netty.channel.nio.NioEventLoop.run(NioEventLoop.java:458)
	at org.apache.ratis.thirdparty.io.netty.util.concurrent.SingleThreadEventExecutor$5.run(SingleThreadEventExecutor.java:897)
	at org.apache.ratis.thirdparty.io.netty.util.concurrent.FastThreadLocalRunnable.run(FastThreadLocalRunnable.java:30)
	... 1 more
Caused by: java.net.ConnectException: Connection refused
	... 11 more
2019-10-24 15:44:22,105 [af280123-6372-4d1f-a5d4-c36229a73203@group-75C85B6D1182-LeaderElection266] INFO  impl.LeaderElection (LeaderElection.java:logAndReturn(56)) - af280123-6372-4d1f-a5d4-c36229a73203@group-75C85B6D1182-LeaderElection266: Election REJECTED; received 0 response(s) [] and 2 exception(s); af280123-6372-4d1f-a5d4-c36229a73203@group-75C85B6D1182:t261, leader=null, voted=af280123-6372-4d1f-a5d4-c36229a73203, raftlog=af280123-6372-4d1f-a5d4-c36229a73203@group-75C85B6D1182-SegmentedRaftLog:OPENED:c-1,f-1,i0, conf=-1: [9092f221-0e0d-4970-bb84-cacd95020f21:192.168.164.213:41903, af280123-6372-4d1f-a5d4-c36229a73203:192.168.164.213:35334, b4ae536c-ed18-4717-a75c-ca4b5d6c4001:192.168.164.213:41180], old=null
2019-10-24 15:44:22,105 [af280123-6372-4d1f-a5d4-c36229a73203@group-75C85B6D1182-LeaderElection266] INFO  impl.LeaderElection (LogUtils.java:infoOrTrace(149)) -   Exception 0: {}
java.util.concurrent.ExecutionException: org.apache.ratis.thirdparty.io.grpc.StatusRuntimeException: UNAVAILABLE: io exception
	at java.util.concurrent.FutureTask.report(FutureTask.java:122)
	at java.util.concurrent.FutureTask.get(FutureTask.java:192)
	at org.apache.ratis.server.impl.LeaderElection.waitForResults(LeaderElection.java:259)
	at org.apache.ratis.server.impl.LeaderElection.askForVotes(LeaderElection.java:197)
	at org.apache.ratis.server.impl.LeaderElection.run(LeaderElection.java:133)
	at java.lang.Thread.run(Thread.java:748)
Caused by: org.apache.ratis.thirdparty.io.grpc.StatusRuntimeException: UNAVAILABLE: io exception
	at org.apache.ratis.thirdparty.io.grpc.stub.ClientCalls.toStatusRuntimeException(ClientCalls.java:233)
	at org.apache.ratis.thirdparty.io.grpc.stub.ClientCalls.getUnchecked(ClientCalls.java:214)
	at org.apache.ratis.thirdparty.io.grpc.stub.ClientCalls.blockingUnaryCall(ClientCalls.java:139)
	at org.apache.ratis.proto.grpc.RaftServerProtocolServiceGrpc$RaftServerProtocolServiceBlockingStub.requestVote(RaftServerProtocolServiceGrpc.java:265)
	at org.apache.ratis.grpc.server.GrpcServerProtocolClient.requestVote(GrpcServerProtocolClient.java:99)
	at org.apache.ratis.grpc.server.GrpcService.requestVote(GrpcService.java:204)
	at org.apache.ratis.server.impl.LeaderElection.lambda$submitRequests$1(LeaderElection.java:234)
	at java.util.concurrent.FutureTask.run(FutureTask.java:266)
	at java.util.concurrent.Executors$RunnableAdapter.call(Executors.java:511)
	at java.util.concurrent.FutureTask.run(FutureTask.java:266)
	at java.util.concurrent.ThreadPoolExecutor.runWorker(ThreadPoolExecutor.java:1149)
	at java.util.concurrent.ThreadPoolExecutor$Worker.run(ThreadPoolExecutor.java:624)
	... 1 more
Caused by: org.apache.ratis.thirdparty.io.netty.channel.AbstractChannel$AnnotatedConnectException: Connection refused: /192.168.164.213:41180
	at sun.nio.ch.SocketChannelImpl.checkConnect(Native Method)
	at sun.nio.ch.SocketChannelImpl.finishConnect(SocketChannelImpl.java:717)
	at org.apache.ratis.thirdparty.io.netty.channel.socket.nio.NioSocketChannel.doFinishConnect(NioSocketChannel.java:327)
	at org.apache.ratis.thirdparty.io.netty.channel.nio.AbstractNioChannel$AbstractNioUnsafe.finishConnect(AbstractNioChannel.java:340)
	at org.apache.ratis.thirdparty.io.netty.channel.nio.NioEventLoop.processSelectedKey(NioEventLoop.java:632)
	at org.apache.ratis.thirdparty.io.netty.channel.nio.NioEventLoop.processSelectedKeysOptimized(NioEventLoop.java:579)
	at org.apache.ratis.thirdparty.io.netty.channel.nio.NioEventLoop.processSelectedKeys(NioEventLoop.java:496)
	at org.apache.ratis.thirdparty.io.netty.channel.nio.NioEventLoop.run(NioEventLoop.java:458)
	at org.apache.ratis.thirdparty.io.netty.util.concurrent.SingleThreadEventExecutor$5.run(SingleThreadEventExecutor.java:897)
	at org.apache.ratis.thirdparty.io.netty.util.concurrent.FastThreadLocalRunnable.run(FastThreadLocalRunnable.java:30)
	... 1 more
Caused by: java.net.ConnectException: Connection refused
	... 11 more
2019-10-24 15:44:22,105 [af280123-6372-4d1f-a5d4-c36229a73203@group-75C85B6D1182-LeaderElection266] INFO  impl.LeaderElection (LogUtils.java:infoOrTrace(149)) -   Exception 1: {}
java.util.concurrent.ExecutionException: org.apache.ratis.thirdparty.io.grpc.StatusRuntimeException: UNAVAILABLE: io exception
	at java.util.concurrent.FutureTask.report(FutureTask.java:122)
	at java.util.concurrent.FutureTask.get(FutureTask.java:192)
	at org.apache.ratis.server.impl.LeaderElection.waitForResults(LeaderElection.java:259)
	at org.apache.ratis.server.impl.LeaderElection.askForVotes(LeaderElection.java:197)
	at org.apache.ratis.server.impl.LeaderElection.run(LeaderElection.java:133)
	at java.lang.Thread.run(Thread.java:748)
Caused by: org.apache.ratis.thirdparty.io.grpc.StatusRuntimeException: UNAVAILABLE: io exception
	at org.apache.ratis.thirdparty.io.grpc.stub.ClientCalls.toStatusRuntimeException(ClientCalls.java:233)
	at org.apache.ratis.thirdparty.io.grpc.stub.ClientCalls.getUnchecked(ClientCalls.java:214)
	at org.apache.ratis.thirdparty.io.grpc.stub.ClientCalls.blockingUnaryCall(ClientCalls.java:139)
	at org.apache.ratis.proto.grpc.RaftServerProtocolServiceGrpc$RaftServerProtocolServiceBlockingStub.requestVote(RaftServerProtocolServiceGrpc.java:265)
	at org.apache.ratis.grpc.server.GrpcServerProtocolClient.requestVote(GrpcServerProtocolClient.java:99)
	at org.apache.ratis.grpc.server.GrpcService.requestVote(GrpcService.java:204)
	at org.apache.ratis.server.impl.LeaderElection.lambda$submitRequests$1(LeaderElection.java:234)
	at java.util.concurrent.FutureTask.run(FutureTask.java:266)
	at java.util.concurrent.Executors$RunnableAdapter.call(Executors.java:511)
	at java.util.concurrent.FutureTask.run(FutureTask.java:266)
	at java.util.concurrent.ThreadPoolExecutor.runWorker(ThreadPoolExecutor.java:1149)
	at java.util.concurrent.ThreadPoolExecutor$Worker.run(ThreadPoolExecutor.java:624)
	... 1 more
Caused by: org.apache.ratis.thirdparty.io.netty.channel.AbstractChannel$AnnotatedConnectException: Connection refused: /192.168.164.213:41903
	at sun.nio.ch.SocketChannelImpl.checkConnect(Native Method)
	at sun.nio.ch.SocketChannelImpl.finishConnect(SocketChannelImpl.java:717)
	at org.apache.ratis.thirdparty.io.netty.channel.socket.nio.NioSocketChannel.doFinishConnect(NioSocketChannel.java:327)
	at org.apache.ratis.thirdparty.io.netty.channel.nio.AbstractNioChannel$AbstractNioUnsafe.finishConnect(AbstractNioChannel.java:340)
	at org.apache.ratis.thirdparty.io.netty.channel.nio.NioEventLoop.processSelectedKey(NioEventLoop.java:632)
	at org.apache.ratis.thirdparty.io.netty.channel.nio.NioEventLoop.processSelectedKeysOptimized(NioEventLoop.java:579)
	at org.apache.ratis.thirdparty.io.netty.channel.nio.NioEventLoop.processSelectedKeys(NioEventLoop.java:496)
	at org.apache.ratis.thirdparty.io.netty.channel.nio.NioEventLoop.run(NioEventLoop.java:458)
	at org.apache.ratis.thirdparty.io.netty.util.concurrent.SingleThreadEventExecutor$5.run(SingleThreadEventExecutor.java:897)
	at org.apache.ratis.thirdparty.io.netty.util.concurrent.FastThreadLocalRunnable.run(FastThreadLocalRunnable.java:30)
	... 1 more
Caused by: java.net.ConnectException: Connection refused
	... 11 more
2019-10-24 15:44:22,106 [af280123-6372-4d1f-a5d4-c36229a73203@group-75C85B6D1182-LeaderElection266] INFO  impl.RaftServerImpl (RaftServerImpl.java:setRole(184)) - af280123-6372-4d1f-a5d4-c36229a73203@group-75C85B6D1182: changes role from CANDIDATE to FOLLOWER at term 261 for DISCOVERED_A_NEW_TERM
2019-10-24 15:44:22,106 [af280123-6372-4d1f-a5d4-c36229a73203@group-75C85B6D1182-LeaderElection266] INFO  impl.RoleInfo (RoleInfo.java:shutdownLeaderElection(134)) - af280123-6372-4d1f-a5d4-c36229a73203: shutdown LeaderElection
2019-10-24 15:44:22,106 [af280123-6372-4d1f-a5d4-c36229a73203@group-75C85B6D1182-LeaderElection266] INFO  impl.RoleInfo (RoleInfo.java:updateAndGet(143)) - af280123-6372-4d1f-a5d4-c36229a73203: start FollowerState
2019-10-24 15:44:22,266 [Thread-2230] INFO  impl.FollowerState (FollowerState.java:run(108)) - af280123-6372-4d1f-a5d4-c36229a73203@group-75C85B6D1182-FollowerState: change to CANDIDATE, lastRpcTime:160ms, electionTimeout:160ms
2019-10-24 15:44:22,266 [Thread-2230] INFO  impl.RoleInfo (RoleInfo.java:shutdownFollowerState(121)) - af280123-6372-4d1f-a5d4-c36229a73203: shutdown FollowerState
2019-10-24 15:44:22,267 [Thread-2230] INFO  impl.RaftServerImpl (RaftServerImpl.java:setRole(184)) - af280123-6372-4d1f-a5d4-c36229a73203@group-75C85B6D1182: changes role from  FOLLOWER to CANDIDATE at term 261 for changeToCandidate
2019-10-24 15:44:22,267 [Thread-2230] INFO  impl.RoleInfo (RoleInfo.java:updateAndGet(143)) - af280123-6372-4d1f-a5d4-c36229a73203: start LeaderElection
2019-10-24 15:44:22,292 [af280123-6372-4d1f-a5d4-c36229a73203@group-75C85B6D1182-LeaderElection267] INFO  impl.LeaderElection (LeaderElection.java:askForVotes(178)) - af280123-6372-4d1f-a5d4-c36229a73203@group-75C85B6D1182-LeaderElection267: begin an election at term 262 for -1: [9092f221-0e0d-4970-bb84-cacd95020f21:192.168.164.213:41903, af280123-6372-4d1f-a5d4-c36229a73203:192.168.164.213:35334, b4ae536c-ed18-4717-a75c-ca4b5d6c4001:192.168.164.213:41180], old=null
2019-10-24 15:44:22,293 [af280123-6372-4d1f-a5d4-c36229a73203@group-75C85B6D1182-LeaderElection267] INFO  impl.LeaderElection (LogUtils.java:infoOrTrace(149)) - af280123-6372-4d1f-a5d4-c36229a73203@group-75C85B6D1182-LeaderElection267 got exception when requesting votes: {}
java.util.concurrent.ExecutionException: org.apache.ratis.thirdparty.io.grpc.StatusRuntimeException: UNAVAILABLE: io exception
	at java.util.concurrent.FutureTask.report(FutureTask.java:122)
	at java.util.concurrent.FutureTask.get(FutureTask.java:192)
	at org.apache.ratis.server.impl.LeaderElection.waitForResults(LeaderElection.java:259)
	at org.apache.ratis.server.impl.LeaderElection.askForVotes(LeaderElection.java:197)
	at org.apache.ratis.server.impl.LeaderElection.run(LeaderElection.java:133)
	at java.lang.Thread.run(Thread.java:748)
Caused by: org.apache.ratis.thirdparty.io.grpc.StatusRuntimeException: UNAVAILABLE: io exception
	at org.apache.ratis.thirdparty.io.grpc.stub.ClientCalls.toStatusRuntimeException(ClientCalls.java:233)
	at org.apache.ratis.thirdparty.io.grpc.stub.ClientCalls.getUnchecked(ClientCalls.java:214)
	at org.apache.ratis.thirdparty.io.grpc.stub.ClientCalls.blockingUnaryCall(ClientCalls.java:139)
	at org.apache.ratis.proto.grpc.RaftServerProtocolServiceGrpc$RaftServerProtocolServiceBlockingStub.requestVote(RaftServerProtocolServiceGrpc.java:265)
	at org.apache.ratis.grpc.server.GrpcServerProtocolClient.requestVote(GrpcServerProtocolClient.java:99)
	at org.apache.ratis.grpc.server.GrpcService.requestVote(GrpcService.java:204)
	at org.apache.ratis.server.impl.LeaderElection.lambda$submitRequests$1(LeaderElection.java:234)
	at java.util.concurrent.FutureTask.run(FutureTask.java:266)
	at java.util.concurrent.Executors$RunnableAdapter.call(Executors.java:511)
	at java.util.concurrent.FutureTask.run(FutureTask.java:266)
	at java.util.concurrent.ThreadPoolExecutor.runWorker(ThreadPoolExecutor.java:1149)
	at java.util.concurrent.ThreadPoolExecutor$Worker.run(ThreadPoolExecutor.java:624)
	... 1 more
Caused by: org.apache.ratis.thirdparty.io.netty.channel.AbstractChannel$AnnotatedConnectException: Connection refused: /192.168.164.213:41903
	at sun.nio.ch.SocketChannelImpl.checkConnect(Native Method)
	at sun.nio.ch.SocketChannelImpl.finishConnect(SocketChannelImpl.java:717)
	at org.apache.ratis.thirdparty.io.netty.channel.socket.nio.NioSocketChannel.doFinishConnect(NioSocketChannel.java:327)
	at org.apache.ratis.thirdparty.io.netty.channel.nio.AbstractNioChannel$AbstractNioUnsafe.finishConnect(AbstractNioChannel.java:340)
	at org.apache.ratis.thirdparty.io.netty.channel.nio.NioEventLoop.processSelectedKey(NioEventLoop.java:632)
	at org.apache.ratis.thirdparty.io.netty.channel.nio.NioEventLoop.processSelectedKeysOptimized(NioEventLoop.java:579)
	at org.apache.ratis.thirdparty.io.netty.channel.nio.NioEventLoop.processSelectedKeys(NioEventLoop.java:496)
	at org.apache.ratis.thirdparty.io.netty.channel.nio.NioEventLoop.run(NioEventLoop.java:458)
	at org.apache.ratis.thirdparty.io.netty.util.concurrent.SingleThreadEventExecutor$5.run(SingleThreadEventExecutor.java:897)
	at org.apache.ratis.thirdparty.io.netty.util.concurrent.FastThreadLocalRunnable.run(FastThreadLocalRunnable.java:30)
	... 1 more
Caused by: java.net.ConnectException: Connection refused
	... 11 more
2019-10-24 15:44:22,294 [af280123-6372-4d1f-a5d4-c36229a73203@group-75C85B6D1182-LeaderElection267] INFO  impl.LeaderElection (LogUtils.java:infoOrTrace(149)) - af280123-6372-4d1f-a5d4-c36229a73203@group-75C85B6D1182-LeaderElection267 got exception when requesting votes: {}
java.util.concurrent.ExecutionException: org.apache.ratis.thirdparty.io.grpc.StatusRuntimeException: UNAVAILABLE: io exception
	at java.util.concurrent.FutureTask.report(FutureTask.java:122)
	at java.util.concurrent.FutureTask.get(FutureTask.java:192)
	at org.apache.ratis.server.impl.LeaderElection.waitForResults(LeaderElection.java:259)
	at org.apache.ratis.server.impl.LeaderElection.askForVotes(LeaderElection.java:197)
	at org.apache.ratis.server.impl.LeaderElection.run(LeaderElection.java:133)
	at java.lang.Thread.run(Thread.java:748)
Caused by: org.apache.ratis.thirdparty.io.grpc.StatusRuntimeException: UNAVAILABLE: io exception
	at org.apache.ratis.thirdparty.io.grpc.stub.ClientCalls.toStatusRuntimeException(ClientCalls.java:233)
	at org.apache.ratis.thirdparty.io.grpc.stub.ClientCalls.getUnchecked(ClientCalls.java:214)
	at org.apache.ratis.thirdparty.io.grpc.stub.ClientCalls.blockingUnaryCall(ClientCalls.java:139)
	at org.apache.ratis.proto.grpc.RaftServerProtocolServiceGrpc$RaftServerProtocolServiceBlockingStub.requestVote(RaftServerProtocolServiceGrpc.java:265)
	at org.apache.ratis.grpc.server.GrpcServerProtocolClient.requestVote(GrpcServerProtocolClient.java:99)
	at org.apache.ratis.grpc.server.GrpcService.requestVote(GrpcService.java:204)
	at org.apache.ratis.server.impl.LeaderElection.lambda$submitRequests$1(LeaderElection.java:234)
	at java.util.concurrent.FutureTask.run(FutureTask.java:266)
	at java.util.concurrent.Executors$RunnableAdapter.call(Executors.java:511)
	at java.util.concurrent.FutureTask.run(FutureTask.java:266)
	at java.util.concurrent.ThreadPoolExecutor.runWorker(ThreadPoolExecutor.java:1149)
	at java.util.concurrent.ThreadPoolExecutor$Worker.run(ThreadPoolExecutor.java:624)
	... 1 more
Caused by: org.apache.ratis.thirdparty.io.netty.channel.AbstractChannel$AnnotatedConnectException: Connection refused: /192.168.164.213:41180
	at sun.nio.ch.SocketChannelImpl.checkConnect(Native Method)
	at sun.nio.ch.SocketChannelImpl.finishConnect(SocketChannelImpl.java:717)
	at org.apache.ratis.thirdparty.io.netty.channel.socket.nio.NioSocketChannel.doFinishConnect(NioSocketChannel.java:327)
	at org.apache.ratis.thirdparty.io.netty.channel.nio.AbstractNioChannel$AbstractNioUnsafe.finishConnect(AbstractNioChannel.java:340)
	at org.apache.ratis.thirdparty.io.netty.channel.nio.NioEventLoop.processSelectedKey(NioEventLoop.java:632)
	at org.apache.ratis.thirdparty.io.netty.channel.nio.NioEventLoop.processSelectedKeysOptimized(NioEventLoop.java:579)
	at org.apache.ratis.thirdparty.io.netty.channel.nio.NioEventLoop.processSelectedKeys(NioEventLoop.java:496)
	at org.apache.ratis.thirdparty.io.netty.channel.nio.NioEventLoop.run(NioEventLoop.java:458)
	at org.apache.ratis.thirdparty.io.netty.util.concurrent.SingleThreadEventExecutor$5.run(SingleThreadEventExecutor.java:897)
	at org.apache.ratis.thirdparty.io.netty.util.concurrent.FastThreadLocalRunnable.run(FastThreadLocalRunnable.java:30)
	... 1 more
Caused by: java.net.ConnectException: Connection refused
	... 11 more
2019-10-24 15:44:22,295 [af280123-6372-4d1f-a5d4-c36229a73203@group-75C85B6D1182-LeaderElection267] INFO  impl.LeaderElection (LeaderElection.java:logAndReturn(56)) - af280123-6372-4d1f-a5d4-c36229a73203@group-75C85B6D1182-LeaderElection267: Election REJECTED; received 0 response(s) [] and 2 exception(s); af280123-6372-4d1f-a5d4-c36229a73203@group-75C85B6D1182:t262, leader=null, voted=af280123-6372-4d1f-a5d4-c36229a73203, raftlog=af280123-6372-4d1f-a5d4-c36229a73203@group-75C85B6D1182-SegmentedRaftLog:OPENED:c-1,f-1,i0, conf=-1: [9092f221-0e0d-4970-bb84-cacd95020f21:192.168.164.213:41903, af280123-6372-4d1f-a5d4-c36229a73203:192.168.164.213:35334, b4ae536c-ed18-4717-a75c-ca4b5d6c4001:192.168.164.213:41180], old=null
2019-10-24 15:44:22,295 [af280123-6372-4d1f-a5d4-c36229a73203@group-75C85B6D1182-LeaderElection267] INFO  impl.LeaderElection (LogUtils.java:infoOrTrace(149)) -   Exception 0: {}
java.util.concurrent.ExecutionException: org.apache.ratis.thirdparty.io.grpc.StatusRuntimeException: UNAVAILABLE: io exception
	at java.util.concurrent.FutureTask.report(FutureTask.java:122)
	at java.util.concurrent.FutureTask.get(FutureTask.java:192)
	at org.apache.ratis.server.impl.LeaderElection.waitForResults(LeaderElection.java:259)
	at org.apache.ratis.server.impl.LeaderElection.askForVotes(LeaderElection.java:197)
	at org.apache.ratis.server.impl.LeaderElection.run(LeaderElection.java:133)
	at java.lang.Thread.run(Thread.java:748)
Caused by: org.apache.ratis.thirdparty.io.grpc.StatusRuntimeException: UNAVAILABLE: io exception
	at org.apache.ratis.thirdparty.io.grpc.stub.ClientCalls.toStatusRuntimeException(ClientCalls.java:233)
	at org.apache.ratis.thirdparty.io.grpc.stub.ClientCalls.getUnchecked(ClientCalls.java:214)
	at org.apache.ratis.thirdparty.io.grpc.stub.ClientCalls.blockingUnaryCall(ClientCalls.java:139)
	at org.apache.ratis.proto.grpc.RaftServerProtocolServiceGrpc$RaftServerProtocolServiceBlockingStub.requestVote(RaftServerProtocolServiceGrpc.java:265)
	at org.apache.ratis.grpc.server.GrpcServerProtocolClient.requestVote(GrpcServerProtocolClient.java:99)
	at org.apache.ratis.grpc.server.GrpcService.requestVote(GrpcService.java:204)
	at org.apache.ratis.server.impl.LeaderElection.lambda$submitRequests$1(LeaderElection.java:234)
	at java.util.concurrent.FutureTask.run(FutureTask.java:266)
	at java.util.concurrent.Executors$RunnableAdapter.call(Executors.java:511)
	at java.util.concurrent.FutureTask.run(FutureTask.java:266)
	at java.util.concurrent.ThreadPoolExecutor.runWorker(ThreadPoolExecutor.java:1149)
	at java.util.concurrent.ThreadPoolExecutor$Worker.run(ThreadPoolExecutor.java:624)
	... 1 more
Caused by: org.apache.ratis.thirdparty.io.netty.channel.AbstractChannel$AnnotatedConnectException: Connection refused: /192.168.164.213:41903
	at sun.nio.ch.SocketChannelImpl.checkConnect(Native Method)
	at sun.nio.ch.SocketChannelImpl.finishConnect(SocketChannelImpl.java:717)
	at org.apache.ratis.thirdparty.io.netty.channel.socket.nio.NioSocketChannel.doFinishConnect(NioSocketChannel.java:327)
	at org.apache.ratis.thirdparty.io.netty.channel.nio.AbstractNioChannel$AbstractNioUnsafe.finishConnect(AbstractNioChannel.java:340)
	at org.apache.ratis.thirdparty.io.netty.channel.nio.NioEventLoop.processSelectedKey(NioEventLoop.java:632)
	at org.apache.ratis.thirdparty.io.netty.channel.nio.NioEventLoop.processSelectedKeysOptimized(NioEventLoop.java:579)
	at org.apache.ratis.thirdparty.io.netty.channel.nio.NioEventLoop.processSelectedKeys(NioEventLoop.java:496)
	at org.apache.ratis.thirdparty.io.netty.channel.nio.NioEventLoop.run(NioEventLoop.java:458)
	at org.apache.ratis.thirdparty.io.netty.util.concurrent.SingleThreadEventExecutor$5.run(SingleThreadEventExecutor.java:897)
	at org.apache.ratis.thirdparty.io.netty.util.concurrent.FastThreadLocalRunnable.run(FastThreadLocalRunnable.java:30)
	... 1 more
Caused by: java.net.ConnectException: Connection refused
	... 11 more
2019-10-24 15:44:22,296 [af280123-6372-4d1f-a5d4-c36229a73203@group-75C85B6D1182-LeaderElection267] INFO  impl.LeaderElection (LogUtils.java:infoOrTrace(149)) -   Exception 1: {}
java.util.concurrent.ExecutionException: org.apache.ratis.thirdparty.io.grpc.StatusRuntimeException: UNAVAILABLE: io exception
	at java.util.concurrent.FutureTask.report(FutureTask.java:122)
	at java.util.concurrent.FutureTask.get(FutureTask.java:192)
	at org.apache.ratis.server.impl.LeaderElection.waitForResults(LeaderElection.java:259)
	at org.apache.ratis.server.impl.LeaderElection.askForVotes(LeaderElection.java:197)
	at org.apache.ratis.server.impl.LeaderElection.run(LeaderElection.java:133)
	at java.lang.Thread.run(Thread.java:748)
Caused by: org.apache.ratis.thirdparty.io.grpc.StatusRuntimeException: UNAVAILABLE: io exception
	at org.apache.ratis.thirdparty.io.grpc.stub.ClientCalls.toStatusRuntimeException(ClientCalls.java:233)
	at org.apache.ratis.thirdparty.io.grpc.stub.ClientCalls.getUnchecked(ClientCalls.java:214)
	at org.apache.ratis.thirdparty.io.grpc.stub.ClientCalls.blockingUnaryCall(ClientCalls.java:139)
	at org.apache.ratis.proto.grpc.RaftServerProtocolServiceGrpc$RaftServerProtocolServiceBlockingStub.requestVote(RaftServerProtocolServiceGrpc.java:265)
	at org.apache.ratis.grpc.server.GrpcServerProtocolClient.requestVote(GrpcServerProtocolClient.java:99)
	at org.apache.ratis.grpc.server.GrpcService.requestVote(GrpcService.java:204)
	at org.apache.ratis.server.impl.LeaderElection.lambda$submitRequests$1(LeaderElection.java:234)
	at java.util.concurrent.FutureTask.run(FutureTask.java:266)
	at java.util.concurrent.Executors$RunnableAdapter.call(Executors.java:511)
	at java.util.concurrent.FutureTask.run(FutureTask.java:266)
	at java.util.concurrent.ThreadPoolExecutor.runWorker(ThreadPoolExecutor.java:1149)
	at java.util.concurrent.ThreadPoolExecutor$Worker.run(ThreadPoolExecutor.java:624)
	... 1 more
Caused by: org.apache.ratis.thirdparty.io.netty.channel.AbstractChannel$AnnotatedConnectException: Connection refused: /192.168.164.213:41180
	at sun.nio.ch.SocketChannelImpl.checkConnect(Native Method)
	at sun.nio.ch.SocketChannelImpl.finishConnect(SocketChannelImpl.java:717)
	at org.apache.ratis.thirdparty.io.netty.channel.socket.nio.NioSocketChannel.doFinishConnect(NioSocketChannel.java:327)
	at org.apache.ratis.thirdparty.io.netty.channel.nio.AbstractNioChannel$AbstractNioUnsafe.finishConnect(AbstractNioChannel.java:340)
	at org.apache.ratis.thirdparty.io.netty.channel.nio.NioEventLoop.processSelectedKey(NioEventLoop.java:632)
	at org.apache.ratis.thirdparty.io.netty.channel.nio.NioEventLoop.processSelectedKeysOptimized(NioEventLoop.java:579)
	at org.apache.ratis.thirdparty.io.netty.channel.nio.NioEventLoop.processSelectedKeys(NioEventLoop.java:496)
	at org.apache.ratis.thirdparty.io.netty.channel.nio.NioEventLoop.run(NioEventLoop.java:458)
	at org.apache.ratis.thirdparty.io.netty.util.concurrent.SingleThreadEventExecutor$5.run(SingleThreadEventExecutor.java:897)
	at org.apache.ratis.thirdparty.io.netty.util.concurrent.FastThreadLocalRunnable.run(FastThreadLocalRunnable.java:30)
	... 1 more
Caused by: java.net.ConnectException: Connection refused
	... 11 more
2019-10-24 15:44:22,297 [af280123-6372-4d1f-a5d4-c36229a73203@group-75C85B6D1182-LeaderElection267] INFO  impl.RaftServerImpl (RaftServerImpl.java:setRole(184)) - af280123-6372-4d1f-a5d4-c36229a73203@group-75C85B6D1182: changes role from CANDIDATE to FOLLOWER at term 262 for DISCOVERED_A_NEW_TERM
2019-10-24 15:44:22,297 [af280123-6372-4d1f-a5d4-c36229a73203@group-75C85B6D1182-LeaderElection267] INFO  impl.RoleInfo (RoleInfo.java:shutdownLeaderElection(134)) - af280123-6372-4d1f-a5d4-c36229a73203: shutdown LeaderElection
2019-10-24 15:44:22,297 [af280123-6372-4d1f-a5d4-c36229a73203@group-75C85B6D1182-LeaderElection267] INFO  impl.RoleInfo (RoleInfo.java:updateAndGet(143)) - af280123-6372-4d1f-a5d4-c36229a73203: start FollowerState
2019-10-24 15:44:22,341 [java.util.concurrent.ThreadPoolExecutor$Worker@15849834[State = -1, empty queue]] WARN  server.GrpcLogAppender (GrpcLogAppender.java:timeoutAppendRequest(209)) - 2f81ded6-48e6-408d-9409-3cd44f70bee8@group-56059261E3EC->3a65ecdf-e32f-4548-a2e5-44ab823c11b3-GrpcLogAppender: appendEntries Timeout, request=2f81ded6-48e6-408d-9409-3cd44f70bee8->3a65ecdf-e32f-4548-a2e5-44ab823c11b3#74-t6, previous=(t:6, i:16), leaderCommit=16, initializing? false, entries: <empty>
2019-10-24 15:44:22,421 [Thread-2234] INFO  impl.FollowerState (FollowerState.java:run(108)) - af280123-6372-4d1f-a5d4-c36229a73203@group-75C85B6D1182-FollowerState: change to CANDIDATE, lastRpcTime:123ms, electionTimeout:123ms
2019-10-24 15:44:22,421 [Thread-2234] INFO  impl.RoleInfo (RoleInfo.java:shutdownFollowerState(121)) - af280123-6372-4d1f-a5d4-c36229a73203: shutdown FollowerState
2019-10-24 15:44:22,421 [Thread-2234] INFO  impl.RaftServerImpl (RaftServerImpl.java:setRole(184)) - af280123-6372-4d1f-a5d4-c36229a73203@group-75C85B6D1182: changes role from  FOLLOWER to CANDIDATE at term 262 for changeToCandidate
2019-10-24 15:44:22,422 [Thread-2234] INFO  impl.RoleInfo (RoleInfo.java:updateAndGet(143)) - af280123-6372-4d1f-a5d4-c36229a73203: start LeaderElection
2019-10-24 15:44:22,435 [af280123-6372-4d1f-a5d4-c36229a73203@group-75C85B6D1182-LeaderElection268] INFO  impl.LeaderElection (LeaderElection.java:askForVotes(178)) - af280123-6372-4d1f-a5d4-c36229a73203@group-75C85B6D1182-LeaderElection268: begin an election at term 263 for -1: [9092f221-0e0d-4970-bb84-cacd95020f21:192.168.164.213:41903, af280123-6372-4d1f-a5d4-c36229a73203:192.168.164.213:35334, b4ae536c-ed18-4717-a75c-ca4b5d6c4001:192.168.164.213:41180], old=null
2019-10-24 15:44:22,436 [af280123-6372-4d1f-a5d4-c36229a73203@group-75C85B6D1182-LeaderElection268] INFO  impl.LeaderElection (LogUtils.java:infoOrTrace(149)) - af280123-6372-4d1f-a5d4-c36229a73203@group-75C85B6D1182-LeaderElection268 got exception when requesting votes: {}
java.util.concurrent.ExecutionException: org.apache.ratis.thirdparty.io.grpc.StatusRuntimeException: UNAVAILABLE: io exception
	at java.util.concurrent.FutureTask.report(FutureTask.java:122)
	at java.util.concurrent.FutureTask.get(FutureTask.java:192)
	at org.apache.ratis.server.impl.LeaderElection.waitForResults(LeaderElection.java:259)
	at org.apache.ratis.server.impl.LeaderElection.askForVotes(LeaderElection.java:197)
	at org.apache.ratis.server.impl.LeaderElection.run(LeaderElection.java:133)
	at java.lang.Thread.run(Thread.java:748)
Caused by: org.apache.ratis.thirdparty.io.grpc.StatusRuntimeException: UNAVAILABLE: io exception
	at org.apache.ratis.thirdparty.io.grpc.stub.ClientCalls.toStatusRuntimeException(ClientCalls.java:233)
	at org.apache.ratis.thirdparty.io.grpc.stub.ClientCalls.getUnchecked(ClientCalls.java:214)
	at org.apache.ratis.thirdparty.io.grpc.stub.ClientCalls.blockingUnaryCall(ClientCalls.java:139)
	at org.apache.ratis.proto.grpc.RaftServerProtocolServiceGrpc$RaftServerProtocolServiceBlockingStub.requestVote(RaftServerProtocolServiceGrpc.java:265)
	at org.apache.ratis.grpc.server.GrpcServerProtocolClient.requestVote(GrpcServerProtocolClient.java:99)
	at org.apache.ratis.grpc.server.GrpcService.requestVote(GrpcService.java:204)
	at org.apache.ratis.server.impl.LeaderElection.lambda$submitRequests$1(LeaderElection.java:234)
	at java.util.concurrent.FutureTask.run(FutureTask.java:266)
	at java.util.concurrent.Executors$RunnableAdapter.call(Executors.java:511)
	at java.util.concurrent.FutureTask.run(FutureTask.java:266)
	at java.util.concurrent.ThreadPoolExecutor.runWorker(ThreadPoolExecutor.java:1149)
	at java.util.concurrent.ThreadPoolExecutor$Worker.run(ThreadPoolExecutor.java:624)
	... 1 more
Caused by: org.apache.ratis.thirdparty.io.netty.channel.AbstractChannel$AnnotatedConnectException: Connection refused: /192.168.164.213:41903
	at sun.nio.ch.SocketChannelImpl.checkConnect(Native Method)
	at sun.nio.ch.SocketChannelImpl.finishConnect(SocketChannelImpl.java:717)
	at org.apache.ratis.thirdparty.io.netty.channel.socket.nio.NioSocketChannel.doFinishConnect(NioSocketChannel.java:327)
	at org.apache.ratis.thirdparty.io.netty.channel.nio.AbstractNioChannel$AbstractNioUnsafe.finishConnect(AbstractNioChannel.java:340)
	at org.apache.ratis.thirdparty.io.netty.channel.nio.NioEventLoop.processSelectedKey(NioEventLoop.java:632)
	at org.apache.ratis.thirdparty.io.netty.channel.nio.NioEventLoop.processSelectedKeysOptimized(NioEventLoop.java:579)
	at org.apache.ratis.thirdparty.io.netty.channel.nio.NioEventLoop.processSelectedKeys(NioEventLoop.java:496)
	at org.apache.ratis.thirdparty.io.netty.channel.nio.NioEventLoop.run(NioEventLoop.java:458)
	at org.apache.ratis.thirdparty.io.netty.util.concurrent.SingleThreadEventExecutor$5.run(SingleThreadEventExecutor.java:897)
	at org.apache.ratis.thirdparty.io.netty.util.concurrent.FastThreadLocalRunnable.run(FastThreadLocalRunnable.java:30)
	... 1 more
Caused by: java.net.ConnectException: Connection refused
	... 11 more
2019-10-24 15:44:22,436 [af280123-6372-4d1f-a5d4-c36229a73203@group-75C85B6D1182-LeaderElection268] INFO  impl.LeaderElection (LogUtils.java:infoOrTrace(149)) - af280123-6372-4d1f-a5d4-c36229a73203@group-75C85B6D1182-LeaderElection268 got exception when requesting votes: {}
java.util.concurrent.ExecutionException: org.apache.ratis.thirdparty.io.grpc.StatusRuntimeException: UNAVAILABLE: io exception
	at java.util.concurrent.FutureTask.report(FutureTask.java:122)
	at java.util.concurrent.FutureTask.get(FutureTask.java:192)
	at org.apache.ratis.server.impl.LeaderElection.waitForResults(LeaderElection.java:259)
	at org.apache.ratis.server.impl.LeaderElection.askForVotes(LeaderElection.java:197)
	at org.apache.ratis.server.impl.LeaderElection.run(LeaderElection.java:133)
	at java.lang.Thread.run(Thread.java:748)
Caused by: org.apache.ratis.thirdparty.io.grpc.StatusRuntimeException: UNAVAILABLE: io exception
	at org.apache.ratis.thirdparty.io.grpc.stub.ClientCalls.toStatusRuntimeException(ClientCalls.java:233)
	at org.apache.ratis.thirdparty.io.grpc.stub.ClientCalls.getUnchecked(ClientCalls.java:214)
	at org.apache.ratis.thirdparty.io.grpc.stub.ClientCalls.blockingUnaryCall(ClientCalls.java:139)
	at org.apache.ratis.proto.grpc.RaftServerProtocolServiceGrpc$RaftServerProtocolServiceBlockingStub.requestVote(RaftServerProtocolServiceGrpc.java:265)
	at org.apache.ratis.grpc.server.GrpcServerProtocolClient.requestVote(GrpcServerProtocolClient.java:99)
	at org.apache.ratis.grpc.server.GrpcService.requestVote(GrpcService.java:204)
	at org.apache.ratis.server.impl.LeaderElection.lambda$submitRequests$1(LeaderElection.java:234)
	at java.util.concurrent.FutureTask.run(FutureTask.java:266)
	at java.util.concurrent.Executors$RunnableAdapter.call(Executors.java:511)
	at java.util.concurrent.FutureTask.run(FutureTask.java:266)
	at java.util.concurrent.ThreadPoolExecutor.runWorker(ThreadPoolExecutor.java:1149)
	at java.util.concurrent.ThreadPoolExecutor$Worker.run(ThreadPoolExecutor.java:624)
	... 1 more
Caused by: org.apache.ratis.thirdparty.io.netty.channel.AbstractChannel$AnnotatedConnectException: Connection refused: /192.168.164.213:41180
	at sun.nio.ch.SocketChannelImpl.checkConnect(Native Method)
	at sun.nio.ch.SocketChannelImpl.finishConnect(SocketChannelImpl.java:717)
	at org.apache.ratis.thirdparty.io.netty.channel.socket.nio.NioSocketChannel.doFinishConnect(NioSocketChannel.java:327)
	at org.apache.ratis.thirdparty.io.netty.channel.nio.AbstractNioChannel$AbstractNioUnsafe.finishConnect(AbstractNioChannel.java:340)
	at org.apache.ratis.thirdparty.io.netty.channel.nio.NioEventLoop.processSelectedKey(NioEventLoop.java:632)
	at org.apache.ratis.thirdparty.io.netty.channel.nio.NioEventLoop.processSelectedKeysOptimized(NioEventLoop.java:579)
	at org.apache.ratis.thirdparty.io.netty.channel.nio.NioEventLoop.processSelectedKeys(NioEventLoop.java:496)
	at org.apache.ratis.thirdparty.io.netty.channel.nio.NioEventLoop.run(NioEventLoop.java:458)
	at org.apache.ratis.thirdparty.io.netty.util.concurrent.SingleThreadEventExecutor$5.run(SingleThreadEventExecutor.java:897)
	at org.apache.ratis.thirdparty.io.netty.util.concurrent.FastThreadLocalRunnable.run(FastThreadLocalRunnable.java:30)
	... 1 more
Caused by: java.net.ConnectException: Connection refused
	... 11 more
2019-10-24 15:44:22,437 [af280123-6372-4d1f-a5d4-c36229a73203@group-75C85B6D1182-LeaderElection268] INFO  impl.LeaderElection (LeaderElection.java:logAndReturn(56)) - af280123-6372-4d1f-a5d4-c36229a73203@group-75C85B6D1182-LeaderElection268: Election REJECTED; received 0 response(s) [] and 2 exception(s); af280123-6372-4d1f-a5d4-c36229a73203@group-75C85B6D1182:t263, leader=null, voted=af280123-6372-4d1f-a5d4-c36229a73203, raftlog=af280123-6372-4d1f-a5d4-c36229a73203@group-75C85B6D1182-SegmentedRaftLog:OPENED:c-1,f-1,i0, conf=-1: [9092f221-0e0d-4970-bb84-cacd95020f21:192.168.164.213:41903, af280123-6372-4d1f-a5d4-c36229a73203:192.168.164.213:35334, b4ae536c-ed18-4717-a75c-ca4b5d6c4001:192.168.164.213:41180], old=null
2019-10-24 15:44:22,437 [af280123-6372-4d1f-a5d4-c36229a73203@group-75C85B6D1182-LeaderElection268] INFO  impl.LeaderElection (LogUtils.java:infoOrTrace(149)) -   Exception 0: {}
java.util.concurrent.ExecutionException: org.apache.ratis.thirdparty.io.grpc.StatusRuntimeException: UNAVAILABLE: io exception
	at java.util.concurrent.FutureTask.report(FutureTask.java:122)
	at java.util.concurrent.FutureTask.get(FutureTask.java:192)
	at org.apache.ratis.server.impl.LeaderElection.waitForResults(LeaderElection.java:259)
	at org.apache.ratis.server.impl.LeaderElection.askForVotes(LeaderElection.java:197)
	at org.apache.ratis.server.impl.LeaderElection.run(LeaderElection.java:133)
	at java.lang.Thread.run(Thread.java:748)
Caused by: org.apache.ratis.thirdparty.io.grpc.StatusRuntimeException: UNAVAILABLE: io exception
	at org.apache.ratis.thirdparty.io.grpc.stub.ClientCalls.toStatusRuntimeException(ClientCalls.java:233)
	at org.apache.ratis.thirdparty.io.grpc.stub.ClientCalls.getUnchecked(ClientCalls.java:214)
	at org.apache.ratis.thirdparty.io.grpc.stub.ClientCalls.blockingUnaryCall(ClientCalls.java:139)
	at org.apache.ratis.proto.grpc.RaftServerProtocolServiceGrpc$RaftServerProtocolServiceBlockingStub.requestVote(RaftServerProtocolServiceGrpc.java:265)
	at org.apache.ratis.grpc.server.GrpcServerProtocolClient.requestVote(GrpcServerProtocolClient.java:99)
	at org.apache.ratis.grpc.server.GrpcService.requestVote(GrpcService.java:204)
	at org.apache.ratis.server.impl.LeaderElection.lambda$submitRequests$1(LeaderElection.java:234)
	at java.util.concurrent.FutureTask.run(FutureTask.java:266)
	at java.util.concurrent.Executors$RunnableAdapter.call(Executors.java:511)
	at java.util.concurrent.FutureTask.run(FutureTask.java:266)
	at java.util.concurrent.ThreadPoolExecutor.runWorker(ThreadPoolExecutor.java:1149)
	at java.util.concurrent.ThreadPoolExecutor$Worker.run(ThreadPoolExecutor.java:624)
	... 1 more
Caused by: org.apache.ratis.thirdparty.io.netty.channel.AbstractChannel$AnnotatedConnectException: Connection refused: /192.168.164.213:41903
	at sun.nio.ch.SocketChannelImpl.checkConnect(Native Method)
	at sun.nio.ch.SocketChannelImpl.finishConnect(SocketChannelImpl.java:717)
	at org.apache.ratis.thirdparty.io.netty.channel.socket.nio.NioSocketChannel.doFinishConnect(NioSocketChannel.java:327)
	at org.apache.ratis.thirdparty.io.netty.channel.nio.AbstractNioChannel$AbstractNioUnsafe.finishConnect(AbstractNioChannel.java:340)
	at org.apache.ratis.thirdparty.io.netty.channel.nio.NioEventLoop.processSelectedKey(NioEventLoop.java:632)
	at org.apache.ratis.thirdparty.io.netty.channel.nio.NioEventLoop.processSelectedKeysOptimized(NioEventLoop.java:579)
	at org.apache.ratis.thirdparty.io.netty.channel.nio.NioEventLoop.processSelectedKeys(NioEventLoop.java:496)
	at org.apache.ratis.thirdparty.io.netty.channel.nio.NioEventLoop.run(NioEventLoop.java:458)
	at org.apache.ratis.thirdparty.io.netty.util.concurrent.SingleThreadEventExecutor$5.run(SingleThreadEventExecutor.java:897)
	at org.apache.ratis.thirdparty.io.netty.util.concurrent.FastThreadLocalRunnable.run(FastThreadLocalRunnable.java:30)
	... 1 more
Caused by: java.net.ConnectException: Connection refused
	... 11 more
2019-10-24 15:44:22,438 [af280123-6372-4d1f-a5d4-c36229a73203@group-75C85B6D1182-LeaderElection268] INFO  impl.LeaderElection (LogUtils.java:infoOrTrace(149)) -   Exception 1: {}
java.util.concurrent.ExecutionException: org.apache.ratis.thirdparty.io.grpc.StatusRuntimeException: UNAVAILABLE: io exception
	at java.util.concurrent.FutureTask.report(FutureTask.java:122)
	at java.util.concurrent.FutureTask.get(FutureTask.java:192)
	at org.apache.ratis.server.impl.LeaderElection.waitForResults(LeaderElection.java:259)
	at org.apache.ratis.server.impl.LeaderElection.askForVotes(LeaderElection.java:197)
	at org.apache.ratis.server.impl.LeaderElection.run(LeaderElection.java:133)
	at java.lang.Thread.run(Thread.java:748)
Caused by: org.apache.ratis.thirdparty.io.grpc.StatusRuntimeException: UNAVAILABLE: io exception
	at org.apache.ratis.thirdparty.io.grpc.stub.ClientCalls.toStatusRuntimeException(ClientCalls.java:233)
	at org.apache.ratis.thirdparty.io.grpc.stub.ClientCalls.getUnchecked(ClientCalls.java:214)
	at org.apache.ratis.thirdparty.io.grpc.stub.ClientCalls.blockingUnaryCall(ClientCalls.java:139)
	at org.apache.ratis.proto.grpc.RaftServerProtocolServiceGrpc$RaftServerProtocolServiceBlockingStub.requestVote(RaftServerProtocolServiceGrpc.java:265)
	at org.apache.ratis.grpc.server.GrpcServerProtocolClient.requestVote(GrpcServerProtocolClient.java:99)
	at org.apache.ratis.grpc.server.GrpcService.requestVote(GrpcService.java:204)
	at org.apache.ratis.server.impl.LeaderElection.lambda$submitRequests$1(LeaderElection.java:234)
	at java.util.concurrent.FutureTask.run(FutureTask.java:266)
	at java.util.concurrent.Executors$RunnableAdapter.call(Executors.java:511)
	at java.util.concurrent.FutureTask.run(FutureTask.java:266)
	at java.util.concurrent.ThreadPoolExecutor.runWorker(ThreadPoolExecutor.java:1149)
	at java.util.concurrent.ThreadPoolExecutor$Worker.run(ThreadPoolExecutor.java:624)
	... 1 more
Caused by: org.apache.ratis.thirdparty.io.netty.channel.AbstractChannel$AnnotatedConnectException: Connection refused: /192.168.164.213:41180
	at sun.nio.ch.SocketChannelImpl.checkConnect(Native Method)
	at sun.nio.ch.SocketChannelImpl.finishConnect(SocketChannelImpl.java:717)
	at org.apache.ratis.thirdparty.io.netty.channel.socket.nio.NioSocketChannel.doFinishConnect(NioSocketChannel.java:327)
	at org.apache.ratis.thirdparty.io.netty.channel.nio.AbstractNioChannel$AbstractNioUnsafe.finishConnect(AbstractNioChannel.java:340)
	at org.apache.ratis.thirdparty.io.netty.channel.nio.NioEventLoop.processSelectedKey(NioEventLoop.java:632)
	at org.apache.ratis.thirdparty.io.netty.channel.nio.NioEventLoop.processSelectedKeysOptimized(NioEventLoop.java:579)
	at org.apache.ratis.thirdparty.io.netty.channel.nio.NioEventLoop.processSelectedKeys(NioEventLoop.java:496)
	at org.apache.ratis.thirdparty.io.netty.channel.nio.NioEventLoop.run(NioEventLoop.java:458)
	at org.apache.ratis.thirdparty.io.netty.util.concurrent.SingleThreadEventExecutor$5.run(SingleThreadEventExecutor.java:897)
	at org.apache.ratis.thirdparty.io.netty.util.concurrent.FastThreadLocalRunnable.run(FastThreadLocalRunnable.java:30)
	... 1 more
Caused by: java.net.ConnectException: Connection refused
	... 11 more
2019-10-24 15:44:22,438 [af280123-6372-4d1f-a5d4-c36229a73203@group-75C85B6D1182-LeaderElection268] INFO  impl.RaftServerImpl (RaftServerImpl.java:setRole(184)) - af280123-6372-4d1f-a5d4-c36229a73203@group-75C85B6D1182: changes role from CANDIDATE to FOLLOWER at term 263 for DISCOVERED_A_NEW_TERM
2019-10-24 15:44:22,438 [af280123-6372-4d1f-a5d4-c36229a73203@group-75C85B6D1182-LeaderElection268] INFO  impl.RoleInfo (RoleInfo.java:shutdownLeaderElection(134)) - af280123-6372-4d1f-a5d4-c36229a73203: shutdown LeaderElection
2019-10-24 15:44:22,438 [af280123-6372-4d1f-a5d4-c36229a73203@group-75C85B6D1182-LeaderElection268] INFO  impl.RoleInfo (RoleInfo.java:updateAndGet(143)) - af280123-6372-4d1f-a5d4-c36229a73203: start FollowerState
2019-10-24 15:44:22,461 [Thread-2238] INFO  impl.FollowerState (FollowerState.java:run(108)) - af280123-6372-4d1f-a5d4-c36229a73203@group-75C85B6D1182-FollowerState: change to CANDIDATE, lastRpcTime:22ms, electionTimeout:22ms
2019-10-24 15:44:22,461 [Thread-2238] INFO  impl.RoleInfo (RoleInfo.java:shutdownFollowerState(121)) - af280123-6372-4d1f-a5d4-c36229a73203: shutdown FollowerState
2019-10-24 15:44:22,461 [Thread-2238] INFO  impl.RaftServerImpl (RaftServerImpl.java:setRole(184)) - af280123-6372-4d1f-a5d4-c36229a73203@group-75C85B6D1182: changes role from  FOLLOWER to CANDIDATE at term 263 for changeToCandidate
2019-10-24 15:44:22,461 [Thread-2238] INFO  impl.RoleInfo (RoleInfo.java:updateAndGet(143)) - af280123-6372-4d1f-a5d4-c36229a73203: start LeaderElection
2019-10-24 15:44:22,482 [af280123-6372-4d1f-a5d4-c36229a73203@group-75C85B6D1182-LeaderElection269] INFO  impl.LeaderElection (LeaderElection.java:askForVotes(178)) - af280123-6372-4d1f-a5d4-c36229a73203@group-75C85B6D1182-LeaderElection269: begin an election at term 264 for -1: [9092f221-0e0d-4970-bb84-cacd95020f21:192.168.164.213:41903, af280123-6372-4d1f-a5d4-c36229a73203:192.168.164.213:35334, b4ae536c-ed18-4717-a75c-ca4b5d6c4001:192.168.164.213:41180], old=null
2019-10-24 15:44:22,483 [af280123-6372-4d1f-a5d4-c36229a73203@group-75C85B6D1182-LeaderElection269] INFO  impl.LeaderElection (LogUtils.java:infoOrTrace(149)) - af280123-6372-4d1f-a5d4-c36229a73203@group-75C85B6D1182-LeaderElection269 got exception when requesting votes: {}
java.util.concurrent.ExecutionException: org.apache.ratis.thirdparty.io.grpc.StatusRuntimeException: UNAVAILABLE: io exception
	at java.util.concurrent.FutureTask.report(FutureTask.java:122)
	at java.util.concurrent.FutureTask.get(FutureTask.java:192)
	at org.apache.ratis.server.impl.LeaderElection.waitForResults(LeaderElection.java:259)
	at org.apache.ratis.server.impl.LeaderElection.askForVotes(LeaderElection.java:197)
	at org.apache.ratis.server.impl.LeaderElection.run(LeaderElection.java:133)
	at java.lang.Thread.run(Thread.java:748)
Caused by: org.apache.ratis.thirdparty.io.grpc.StatusRuntimeException: UNAVAILABLE: io exception
	at org.apache.ratis.thirdparty.io.grpc.stub.ClientCalls.toStatusRuntimeException(ClientCalls.java:233)
	at org.apache.ratis.thirdparty.io.grpc.stub.ClientCalls.getUnchecked(ClientCalls.java:214)
	at org.apache.ratis.thirdparty.io.grpc.stub.ClientCalls.blockingUnaryCall(ClientCalls.java:139)
	at org.apache.ratis.proto.grpc.RaftServerProtocolServiceGrpc$RaftServerProtocolServiceBlockingStub.requestVote(RaftServerProtocolServiceGrpc.java:265)
	at org.apache.ratis.grpc.server.GrpcServerProtocolClient.requestVote(GrpcServerProtocolClient.java:99)
	at org.apache.ratis.grpc.server.GrpcService.requestVote(GrpcService.java:204)
	at org.apache.ratis.server.impl.LeaderElection.lambda$submitRequests$1(LeaderElection.java:234)
	at java.util.concurrent.FutureTask.run(FutureTask.java:266)
	at java.util.concurrent.Executors$RunnableAdapter.call(Executors.java:511)
	at java.util.concurrent.FutureTask.run(FutureTask.java:266)
	at java.util.concurrent.ThreadPoolExecutor.runWorker(ThreadPoolExecutor.java:1149)
	at java.util.concurrent.ThreadPoolExecutor$Worker.run(ThreadPoolExecutor.java:624)
	... 1 more
Caused by: org.apache.ratis.thirdparty.io.netty.channel.AbstractChannel$AnnotatedConnectException: Connection refused: /192.168.164.213:41903
	at sun.nio.ch.SocketChannelImpl.checkConnect(Native Method)
	at sun.nio.ch.SocketChannelImpl.finishConnect(SocketChannelImpl.java:717)
	at org.apache.ratis.thirdparty.io.netty.channel.socket.nio.NioSocketChannel.doFinishConnect(NioSocketChannel.java:327)
	at org.apache.ratis.thirdparty.io.netty.channel.nio.AbstractNioChannel$AbstractNioUnsafe.finishConnect(AbstractNioChannel.java:340)
	at org.apache.ratis.thirdparty.io.netty.channel.nio.NioEventLoop.processSelectedKey(NioEventLoop.java:632)
	at org.apache.ratis.thirdparty.io.netty.channel.nio.NioEventLoop.processSelectedKeysOptimized(NioEventLoop.java:579)
	at org.apache.ratis.thirdparty.io.netty.channel.nio.NioEventLoop.processSelectedKeys(NioEventLoop.java:496)
	at org.apache.ratis.thirdparty.io.netty.channel.nio.NioEventLoop.run(NioEventLoop.java:458)
	at org.apache.ratis.thirdparty.io.netty.util.concurrent.SingleThreadEventExecutor$5.run(SingleThreadEventExecutor.java:897)
	at org.apache.ratis.thirdparty.io.netty.util.concurrent.FastThreadLocalRunnable.run(FastThreadLocalRunnable.java:30)
	... 1 more
Caused by: java.net.ConnectException: Connection refused
	... 11 more
2019-10-24 15:44:22,484 [af280123-6372-4d1f-a5d4-c36229a73203@group-75C85B6D1182-LeaderElection269] INFO  impl.LeaderElection (LogUtils.java:infoOrTrace(149)) - af280123-6372-4d1f-a5d4-c36229a73203@group-75C85B6D1182-LeaderElection269 got exception when requesting votes: {}
java.util.concurrent.ExecutionException: org.apache.ratis.thirdparty.io.grpc.StatusRuntimeException: UNAVAILABLE: io exception
	at java.util.concurrent.FutureTask.report(FutureTask.java:122)
	at java.util.concurrent.FutureTask.get(FutureTask.java:192)
	at org.apache.ratis.server.impl.LeaderElection.waitForResults(LeaderElection.java:259)
	at org.apache.ratis.server.impl.LeaderElection.askForVotes(LeaderElection.java:197)
	at org.apache.ratis.server.impl.LeaderElection.run(LeaderElection.java:133)
	at java.lang.Thread.run(Thread.java:748)
Caused by: org.apache.ratis.thirdparty.io.grpc.StatusRuntimeException: UNAVAILABLE: io exception
	at org.apache.ratis.thirdparty.io.grpc.stub.ClientCalls.toStatusRuntimeException(ClientCalls.java:233)
	at org.apache.ratis.thirdparty.io.grpc.stub.ClientCalls.getUnchecked(ClientCalls.java:214)
	at org.apache.ratis.thirdparty.io.grpc.stub.ClientCalls.blockingUnaryCall(ClientCalls.java:139)
	at org.apache.ratis.proto.grpc.RaftServerProtocolServiceGrpc$RaftServerProtocolServiceBlockingStub.requestVote(RaftServerProtocolServiceGrpc.java:265)
	at org.apache.ratis.grpc.server.GrpcServerProtocolClient.requestVote(GrpcServerProtocolClient.java:99)
	at org.apache.ratis.grpc.server.GrpcService.requestVote(GrpcService.java:204)
	at org.apache.ratis.server.impl.LeaderElection.lambda$submitRequests$1(LeaderElection.java:234)
	at java.util.concurrent.FutureTask.run(FutureTask.java:266)
	at java.util.concurrent.Executors$RunnableAdapter.call(Executors.java:511)
	at java.util.concurrent.FutureTask.run(FutureTask.java:266)
	at java.util.concurrent.ThreadPoolExecutor.runWorker(ThreadPoolExecutor.java:1149)
	at java.util.concurrent.ThreadPoolExecutor$Worker.run(ThreadPoolExecutor.java:624)
	... 1 more
Caused by: org.apache.ratis.thirdparty.io.netty.channel.AbstractChannel$AnnotatedConnectException: Connection refused: /192.168.164.213:41180
	at sun.nio.ch.SocketChannelImpl.checkConnect(Native Method)
	at sun.nio.ch.SocketChannelImpl.finishConnect(SocketChannelImpl.java:717)
	at org.apache.ratis.thirdparty.io.netty.channel.socket.nio.NioSocketChannel.doFinishConnect(NioSocketChannel.java:327)
	at org.apache.ratis.thirdparty.io.netty.channel.nio.AbstractNioChannel$AbstractNioUnsafe.finishConnect(AbstractNioChannel.java:340)
	at org.apache.ratis.thirdparty.io.netty.channel.nio.NioEventLoop.processSelectedKey(NioEventLoop.java:632)
	at org.apache.ratis.thirdparty.io.netty.channel.nio.NioEventLoop.processSelectedKeysOptimized(NioEventLoop.java:579)
	at org.apache.ratis.thirdparty.io.netty.channel.nio.NioEventLoop.processSelectedKeys(NioEventLoop.java:496)
	at org.apache.ratis.thirdparty.io.netty.channel.nio.NioEventLoop.run(NioEventLoop.java:458)
	at org.apache.ratis.thirdparty.io.netty.util.concurrent.SingleThreadEventExecutor$5.run(SingleThreadEventExecutor.java:897)
	at org.apache.ratis.thirdparty.io.netty.util.concurrent.FastThreadLocalRunnable.run(FastThreadLocalRunnable.java:30)
	... 1 more
Caused by: java.net.ConnectException: Connection refused
	... 11 more
2019-10-24 15:44:22,484 [af280123-6372-4d1f-a5d4-c36229a73203@group-75C85B6D1182-LeaderElection269] INFO  impl.LeaderElection (LeaderElection.java:logAndReturn(56)) - af280123-6372-4d1f-a5d4-c36229a73203@group-75C85B6D1182-LeaderElection269: Election REJECTED; received 0 response(s) [] and 2 exception(s); af280123-6372-4d1f-a5d4-c36229a73203@group-75C85B6D1182:t264, leader=null, voted=af280123-6372-4d1f-a5d4-c36229a73203, raftlog=af280123-6372-4d1f-a5d4-c36229a73203@group-75C85B6D1182-SegmentedRaftLog:OPENED:c-1,f-1,i0, conf=-1: [9092f221-0e0d-4970-bb84-cacd95020f21:192.168.164.213:41903, af280123-6372-4d1f-a5d4-c36229a73203:192.168.164.213:35334, b4ae536c-ed18-4717-a75c-ca4b5d6c4001:192.168.164.213:41180], old=null
2019-10-24 15:44:22,484 [af280123-6372-4d1f-a5d4-c36229a73203@group-75C85B6D1182-LeaderElection269] INFO  impl.LeaderElection (LogUtils.java:infoOrTrace(149)) -   Exception 0: {}
java.util.concurrent.ExecutionException: org.apache.ratis.thirdparty.io.grpc.StatusRuntimeException: UNAVAILABLE: io exception
	at java.util.concurrent.FutureTask.report(FutureTask.java:122)
	at java.util.concurrent.FutureTask.get(FutureTask.java:192)
	at org.apache.ratis.server.impl.LeaderElection.waitForResults(LeaderElection.java:259)
	at org.apache.ratis.server.impl.LeaderElection.askForVotes(LeaderElection.java:197)
	at org.apache.ratis.server.impl.LeaderElection.run(LeaderElection.java:133)
	at java.lang.Thread.run(Thread.java:748)
Caused by: org.apache.ratis.thirdparty.io.grpc.StatusRuntimeException: UNAVAILABLE: io exception
	at org.apache.ratis.thirdparty.io.grpc.stub.ClientCalls.toStatusRuntimeException(ClientCalls.java:233)
	at org.apache.ratis.thirdparty.io.grpc.stub.ClientCalls.getUnchecked(ClientCalls.java:214)
	at org.apache.ratis.thirdparty.io.grpc.stub.ClientCalls.blockingUnaryCall(ClientCalls.java:139)
	at org.apache.ratis.proto.grpc.RaftServerProtocolServiceGrpc$RaftServerProtocolServiceBlockingStub.requestVote(RaftServerProtocolServiceGrpc.java:265)
	at org.apache.ratis.grpc.server.GrpcServerProtocolClient.requestVote(GrpcServerProtocolClient.java:99)
	at org.apache.ratis.grpc.server.GrpcService.requestVote(GrpcService.java:204)
	at org.apache.ratis.server.impl.LeaderElection.lambda$submitRequests$1(LeaderElection.java:234)
	at java.util.concurrent.FutureTask.run(FutureTask.java:266)
	at java.util.concurrent.Executors$RunnableAdapter.call(Executors.java:511)
	at java.util.concurrent.FutureTask.run(FutureTask.java:266)
	at java.util.concurrent.ThreadPoolExecutor.runWorker(ThreadPoolExecutor.java:1149)
	at java.util.concurrent.ThreadPoolExecutor$Worker.run(ThreadPoolExecutor.java:624)
	... 1 more
Caused by: org.apache.ratis.thirdparty.io.netty.channel.AbstractChannel$AnnotatedConnectException: Connection refused: /192.168.164.213:41903
	at sun.nio.ch.SocketChannelImpl.checkConnect(Native Method)
	at sun.nio.ch.SocketChannelImpl.finishConnect(SocketChannelImpl.java:717)
	at org.apache.ratis.thirdparty.io.netty.channel.socket.nio.NioSocketChannel.doFinishConnect(NioSocketChannel.java:327)
	at org.apache.ratis.thirdparty.io.netty.channel.nio.AbstractNioChannel$AbstractNioUnsafe.finishConnect(AbstractNioChannel.java:340)
	at org.apache.ratis.thirdparty.io.netty.channel.nio.NioEventLoop.processSelectedKey(NioEventLoop.java:632)
	at org.apache.ratis.thirdparty.io.netty.channel.nio.NioEventLoop.processSelectedKeysOptimized(NioEventLoop.java:579)
	at org.apache.ratis.thirdparty.io.netty.channel.nio.NioEventLoop.processSelectedKeys(NioEventLoop.java:496)
	at org.apache.ratis.thirdparty.io.netty.channel.nio.NioEventLoop.run(NioEventLoop.java:458)
	at org.apache.ratis.thirdparty.io.netty.util.concurrent.SingleThreadEventExecutor$5.run(SingleThreadEventExecutor.java:897)
	at org.apache.ratis.thirdparty.io.netty.util.concurrent.FastThreadLocalRunnable.run(FastThreadLocalRunnable.java:30)
	... 1 more
Caused by: java.net.ConnectException: Connection refused
	... 11 more
2019-10-24 15:44:22,485 [af280123-6372-4d1f-a5d4-c36229a73203@group-75C85B6D1182-LeaderElection269] INFO  impl.LeaderElection (LogUtils.java:infoOrTrace(149)) -   Exception 1: {}
java.util.concurrent.ExecutionException: org.apache.ratis.thirdparty.io.grpc.StatusRuntimeException: UNAVAILABLE: io exception
	at java.util.concurrent.FutureTask.report(FutureTask.java:122)
	at java.util.concurrent.FutureTask.get(FutureTask.java:192)
	at org.apache.ratis.server.impl.LeaderElection.waitForResults(LeaderElection.java:259)
	at org.apache.ratis.server.impl.LeaderElection.askForVotes(LeaderElection.java:197)
	at org.apache.ratis.server.impl.LeaderElection.run(LeaderElection.java:133)
	at java.lang.Thread.run(Thread.java:748)
Caused by: org.apache.ratis.thirdparty.io.grpc.StatusRuntimeException: UNAVAILABLE: io exception
	at org.apache.ratis.thirdparty.io.grpc.stub.ClientCalls.toStatusRuntimeException(ClientCalls.java:233)
	at org.apache.ratis.thirdparty.io.grpc.stub.ClientCalls.getUnchecked(ClientCalls.java:214)
	at org.apache.ratis.thirdparty.io.grpc.stub.ClientCalls.blockingUnaryCall(ClientCalls.java:139)
	at org.apache.ratis.proto.grpc.RaftServerProtocolServiceGrpc$RaftServerProtocolServiceBlockingStub.requestVote(RaftServerProtocolServiceGrpc.java:265)
	at org.apache.ratis.grpc.server.GrpcServerProtocolClient.requestVote(GrpcServerProtocolClient.java:99)
	at org.apache.ratis.grpc.server.GrpcService.requestVote(GrpcService.java:204)
	at org.apache.ratis.server.impl.LeaderElection.lambda$submitRequests$1(LeaderElection.java:234)
	at java.util.concurrent.FutureTask.run(FutureTask.java:266)
	at java.util.concurrent.Executors$RunnableAdapter.call(Executors.java:511)
	at java.util.concurrent.FutureTask.run(FutureTask.java:266)
	at java.util.concurrent.ThreadPoolExecutor.runWorker(ThreadPoolExecutor.java:1149)
	at java.util.concurrent.ThreadPoolExecutor$Worker.run(ThreadPoolExecutor.java:624)
	... 1 more
Caused by: org.apache.ratis.thirdparty.io.netty.channel.AbstractChannel$AnnotatedConnectException: Connection refused: /192.168.164.213:41180
	at sun.nio.ch.SocketChannelImpl.checkConnect(Native Method)
	at sun.nio.ch.SocketChannelImpl.finishConnect(SocketChannelImpl.java:717)
	at org.apache.ratis.thirdparty.io.netty.channel.socket.nio.NioSocketChannel.doFinishConnect(NioSocketChannel.java:327)
	at org.apache.ratis.thirdparty.io.netty.channel.nio.AbstractNioChannel$AbstractNioUnsafe.finishConnect(AbstractNioChannel.java:340)
	at org.apache.ratis.thirdparty.io.netty.channel.nio.NioEventLoop.processSelectedKey(NioEventLoop.java:632)
	at org.apache.ratis.thirdparty.io.netty.channel.nio.NioEventLoop.processSelectedKeysOptimized(NioEventLoop.java:579)
	at org.apache.ratis.thirdparty.io.netty.channel.nio.NioEventLoop.processSelectedKeys(NioEventLoop.java:496)
	at org.apache.ratis.thirdparty.io.netty.channel.nio.NioEventLoop.run(NioEventLoop.java:458)
	at org.apache.ratis.thirdparty.io.netty.util.concurrent.SingleThreadEventExecutor$5.run(SingleThreadEventExecutor.java:897)
	at org.apache.ratis.thirdparty.io.netty.util.concurrent.FastThreadLocalRunnable.run(FastThreadLocalRunnable.java:30)
	... 1 more
Caused by: java.net.ConnectException: Connection refused
	... 11 more
2019-10-24 15:44:22,485 [af280123-6372-4d1f-a5d4-c36229a73203@group-75C85B6D1182-LeaderElection269] INFO  impl.RaftServerImpl (RaftServerImpl.java:setRole(184)) - af280123-6372-4d1f-a5d4-c36229a73203@group-75C85B6D1182: changes role from CANDIDATE to FOLLOWER at term 264 for DISCOVERED_A_NEW_TERM
2019-10-24 15:44:22,485 [af280123-6372-4d1f-a5d4-c36229a73203@group-75C85B6D1182-LeaderElection269] INFO  impl.RoleInfo (RoleInfo.java:shutdownLeaderElection(134)) - af280123-6372-4d1f-a5d4-c36229a73203: shutdown LeaderElection
2019-10-24 15:44:22,485 [af280123-6372-4d1f-a5d4-c36229a73203@group-75C85B6D1182-LeaderElection269] INFO  impl.RoleInfo (RoleInfo.java:updateAndGet(143)) - af280123-6372-4d1f-a5d4-c36229a73203: start FollowerState
2019-10-24 15:44:22,503 [Thread-2202] INFO  impl.FollowerState (FollowerState.java:run(108)) - a667faea-0fef-4f07-8d37-e0d8f63f2a62@group-56059261E3EC-FollowerState: change to CANDIDATE, lastRpcTime:1039ms, electionTimeout:1039ms
2019-10-24 15:44:22,503 [Thread-2202] INFO  impl.RoleInfo (RoleInfo.java:shutdownFollowerState(121)) - a667faea-0fef-4f07-8d37-e0d8f63f2a62: shutdown FollowerState
2019-10-24 15:44:22,504 [Thread-2202] INFO  impl.RaftServerImpl (RaftServerImpl.java:setRole(184)) - a667faea-0fef-4f07-8d37-e0d8f63f2a62@group-56059261E3EC: changes role from  FOLLOWER to CANDIDATE at term 7 for changeToCandidate
2019-10-24 15:44:22,504 [Thread-2202] INFO  impl.RoleInfo (RoleInfo.java:updateAndGet(143)) - a667faea-0fef-4f07-8d37-e0d8f63f2a62: start LeaderElection
2019-10-24 15:44:22,525 [a667faea-0fef-4f07-8d37-e0d8f63f2a62@group-56059261E3EC-LeaderElection270] INFO  impl.LeaderElection (LeaderElection.java:askForVotes(178)) - a667faea-0fef-4f07-8d37-e0d8f63f2a62@group-56059261E3EC-LeaderElection270: begin an election at term 8 for 0: [3a65ecdf-e32f-4548-a2e5-44ab823c11b3:192.168.164.213:44036, a667faea-0fef-4f07-8d37-e0d8f63f2a62:192.168.164.213:36278, 2f81ded6-48e6-408d-9409-3cd44f70bee8:192.168.164.213:36516], old=null
2019-10-24 15:44:22,527 [a667faea-0fef-4f07-8d37-e0d8f63f2a62@group-56059261E3EC-LeaderElection270] INFO  impl.LeaderElection (LogUtils.java:infoOrTrace(149)) - a667faea-0fef-4f07-8d37-e0d8f63f2a62@group-56059261E3EC-LeaderElection270 got exception when requesting votes: {}
java.util.concurrent.ExecutionException: org.apache.ratis.thirdparty.io.grpc.StatusRuntimeException: UNAVAILABLE: io exception
	at java.util.concurrent.FutureTask.report(FutureTask.java:122)
	at java.util.concurrent.FutureTask.get(FutureTask.java:192)
	at org.apache.ratis.server.impl.LeaderElection.waitForResults(LeaderElection.java:259)
	at org.apache.ratis.server.impl.LeaderElection.askForVotes(LeaderElection.java:197)
	at org.apache.ratis.server.impl.LeaderElection.run(LeaderElection.java:133)
	at java.lang.Thread.run(Thread.java:748)
Caused by: org.apache.ratis.thirdparty.io.grpc.StatusRuntimeException: UNAVAILABLE: io exception
	at org.apache.ratis.thirdparty.io.grpc.stub.ClientCalls.toStatusRuntimeException(ClientCalls.java:233)
	at org.apache.ratis.thirdparty.io.grpc.stub.ClientCalls.getUnchecked(ClientCalls.java:214)
	at org.apache.ratis.thirdparty.io.grpc.stub.ClientCalls.blockingUnaryCall(ClientCalls.java:139)
	at org.apache.ratis.proto.grpc.RaftServerProtocolServiceGrpc$RaftServerProtocolServiceBlockingStub.requestVote(RaftServerProtocolServiceGrpc.java:265)
	at org.apache.ratis.grpc.server.GrpcServerProtocolClient.requestVote(GrpcServerProtocolClient.java:99)
	at org.apache.ratis.grpc.server.GrpcService.requestVote(GrpcService.java:204)
	at org.apache.ratis.server.impl.LeaderElection.lambda$submitRequests$1(LeaderElection.java:234)
	at java.util.concurrent.FutureTask.run(FutureTask.java:266)
	at java.util.concurrent.Executors$RunnableAdapter.call(Executors.java:511)
	at java.util.concurrent.FutureTask.run(FutureTask.java:266)
	at java.util.concurrent.ThreadPoolExecutor.runWorker(ThreadPoolExecutor.java:1149)
	at java.util.concurrent.ThreadPoolExecutor$Worker.run(ThreadPoolExecutor.java:624)
	... 1 more
Caused by: org.apache.ratis.thirdparty.io.netty.channel.AbstractChannel$AnnotatedConnectException: Connection refused: /192.168.164.213:36516
	at sun.nio.ch.SocketChannelImpl.checkConnect(Native Method)
	at sun.nio.ch.SocketChannelImpl.finishConnect(SocketChannelImpl.java:717)
	at org.apache.ratis.thirdparty.io.netty.channel.socket.nio.NioSocketChannel.doFinishConnect(NioSocketChannel.java:327)
	at org.apache.ratis.thirdparty.io.netty.channel.nio.AbstractNioChannel$AbstractNioUnsafe.finishConnect(AbstractNioChannel.java:340)
	at org.apache.ratis.thirdparty.io.netty.channel.nio.NioEventLoop.processSelectedKey(NioEventLoop.java:632)
	at org.apache.ratis.thirdparty.io.netty.channel.nio.NioEventLoop.processSelectedKeysOptimized(NioEventLoop.java:579)
	at org.apache.ratis.thirdparty.io.netty.channel.nio.NioEventLoop.processSelectedKeys(NioEventLoop.java:496)
	at org.apache.ratis.thirdparty.io.netty.channel.nio.NioEventLoop.run(NioEventLoop.java:458)
	at org.apache.ratis.thirdparty.io.netty.util.concurrent.SingleThreadEventExecutor$5.run(SingleThreadEventExecutor.java:897)
	at org.apache.ratis.thirdparty.io.netty.util.concurrent.FastThreadLocalRunnable.run(FastThreadLocalRunnable.java:30)
	... 1 more
Caused by: java.net.ConnectException: Connection refused
	... 11 more
2019-10-24 15:44:22,527 [a667faea-0fef-4f07-8d37-e0d8f63f2a62@group-56059261E3EC-LeaderElection270] INFO  impl.LeaderElection (LogUtils.java:infoOrTrace(149)) - a667faea-0fef-4f07-8d37-e0d8f63f2a62@group-56059261E3EC-LeaderElection270 got exception when requesting votes: {}
java.util.concurrent.ExecutionException: org.apache.ratis.thirdparty.io.grpc.StatusRuntimeException: UNAVAILABLE: io exception
	at java.util.concurrent.FutureTask.report(FutureTask.java:122)
	at java.util.concurrent.FutureTask.get(FutureTask.java:192)
	at org.apache.ratis.server.impl.LeaderElection.waitForResults(LeaderElection.java:259)
	at org.apache.ratis.server.impl.LeaderElection.askForVotes(LeaderElection.java:197)
	at org.apache.ratis.server.impl.LeaderElection.run(LeaderElection.java:133)
	at java.lang.Thread.run(Thread.java:748)
Caused by: org.apache.ratis.thirdparty.io.grpc.StatusRuntimeException: UNAVAILABLE: io exception
	at org.apache.ratis.thirdparty.io.grpc.stub.ClientCalls.toStatusRuntimeException(ClientCalls.java:233)
	at org.apache.ratis.thirdparty.io.grpc.stub.ClientCalls.getUnchecked(ClientCalls.java:214)
	at org.apache.ratis.thirdparty.io.grpc.stub.ClientCalls.blockingUnaryCall(ClientCalls.java:139)
	at org.apache.ratis.proto.grpc.RaftServerProtocolServiceGrpc$RaftServerProtocolServiceBlockingStub.requestVote(RaftServerProtocolServiceGrpc.java:265)
	at org.apache.ratis.grpc.server.GrpcServerProtocolClient.requestVote(GrpcServerProtocolClient.java:99)
	at org.apache.ratis.grpc.server.GrpcService.requestVote(GrpcService.java:204)
	at org.apache.ratis.server.impl.LeaderElection.lambda$submitRequests$1(LeaderElection.java:234)
	at java.util.concurrent.FutureTask.run(FutureTask.java:266)
	at java.util.concurrent.Executors$RunnableAdapter.call(Executors.java:511)
	at java.util.concurrent.FutureTask.run(FutureTask.java:266)
	at java.util.concurrent.ThreadPoolExecutor.runWorker(ThreadPoolExecutor.java:1149)
	at java.util.concurrent.ThreadPoolExecutor$Worker.run(ThreadPoolExecutor.java:624)
	... 1 more
Caused by: org.apache.ratis.thirdparty.io.netty.channel.AbstractChannel$AnnotatedConnectException: Connection refused: /192.168.164.213:44036
	at sun.nio.ch.SocketChannelImpl.checkConnect(Native Method)
	at sun.nio.ch.SocketChannelImpl.finishConnect(SocketChannelImpl.java:717)
	at org.apache.ratis.thirdparty.io.netty.channel.socket.nio.NioSocketChannel.doFinishConnect(NioSocketChannel.java:327)
	at org.apache.ratis.thirdparty.io.netty.channel.nio.AbstractNioChannel$AbstractNioUnsafe.finishConnect(AbstractNioChannel.java:340)
	at org.apache.ratis.thirdparty.io.netty.channel.nio.NioEventLoop.processSelectedKey(NioEventLoop.java:632)
	at org.apache.ratis.thirdparty.io.netty.channel.nio.NioEventLoop.processSelectedKeysOptimized(NioEventLoop.java:579)
	at org.apache.ratis.thirdparty.io.netty.channel.nio.NioEventLoop.processSelectedKeys(NioEventLoop.java:496)
	at org.apache.ratis.thirdparty.io.netty.channel.nio.NioEventLoop.run(NioEventLoop.java:458)
	at org.apache.ratis.thirdparty.io.netty.util.concurrent.SingleThreadEventExecutor$5.run(SingleThreadEventExecutor.java:897)
	at org.apache.ratis.thirdparty.io.netty.util.concurrent.FastThreadLocalRunnable.run(FastThreadLocalRunnable.java:30)
	... 1 more
Caused by: java.net.ConnectException: Connection refused
	... 11 more
2019-10-24 15:44:22,527 [a667faea-0fef-4f07-8d37-e0d8f63f2a62@group-56059261E3EC-LeaderElection270] INFO  impl.LeaderElection (LeaderElection.java:logAndReturn(56)) - a667faea-0fef-4f07-8d37-e0d8f63f2a62@group-56059261E3EC-LeaderElection270: Election REJECTED; received 0 response(s) [] and 2 exception(s); a667faea-0fef-4f07-8d37-e0d8f63f2a62@group-56059261E3EC:t8, leader=null, voted=a667faea-0fef-4f07-8d37-e0d8f63f2a62, raftlog=a667faea-0fef-4f07-8d37-e0d8f63f2a62@group-56059261E3EC-SegmentedRaftLog:OPENED:c16,f16,i16, conf=0: [3a65ecdf-e32f-4548-a2e5-44ab823c11b3:192.168.164.213:44036, a667faea-0fef-4f07-8d37-e0d8f63f2a62:192.168.164.213:36278, 2f81ded6-48e6-408d-9409-3cd44f70bee8:192.168.164.213:36516], old=null
2019-10-24 15:44:22,528 [a667faea-0fef-4f07-8d37-e0d8f63f2a62@group-56059261E3EC-LeaderElection270] INFO  impl.LeaderElection (LogUtils.java:infoOrTrace(149)) -   Exception 0: {}
java.util.concurrent.ExecutionException: org.apache.ratis.thirdparty.io.grpc.StatusRuntimeException: UNAVAILABLE: io exception
	at java.util.concurrent.FutureTask.report(FutureTask.java:122)
	at java.util.concurrent.FutureTask.get(FutureTask.java:192)
	at org.apache.ratis.server.impl.LeaderElection.waitForResults(LeaderElection.java:259)
	at org.apache.ratis.server.impl.LeaderElection.askForVotes(LeaderElection.java:197)
	at org.apache.ratis.server.impl.LeaderElection.run(LeaderElection.java:133)
	at java.lang.Thread.run(Thread.java:748)
Caused by: org.apache.ratis.thirdparty.io.grpc.StatusRuntimeException: UNAVAILABLE: io exception
	at org.apache.ratis.thirdparty.io.grpc.stub.ClientCalls.toStatusRuntimeException(ClientCalls.java:233)
	at org.apache.ratis.thirdparty.io.grpc.stub.ClientCalls.getUnchecked(ClientCalls.java:214)
	at org.apache.ratis.thirdparty.io.grpc.stub.ClientCalls.blockingUnaryCall(ClientCalls.java:139)
	at org.apache.ratis.proto.grpc.RaftServerProtocolServiceGrpc$RaftServerProtocolServiceBlockingStub.requestVote(RaftServerProtocolServiceGrpc.java:265)
	at org.apache.ratis.grpc.server.GrpcServerProtocolClient.requestVote(GrpcServerProtocolClient.java:99)
	at org.apache.ratis.grpc.server.GrpcService.requestVote(GrpcService.java:204)
	at org.apache.ratis.server.impl.LeaderElection.lambda$submitRequests$1(LeaderElection.java:234)
	at java.util.concurrent.FutureTask.run(FutureTask.java:266)
	at java.util.concurrent.Executors$RunnableAdapter.call(Executors.java:511)
	at java.util.concurrent.FutureTask.run(FutureTask.java:266)
	at java.util.concurrent.ThreadPoolExecutor.runWorker(ThreadPoolExecutor.java:1149)
	at java.util.concurrent.ThreadPoolExecutor$Worker.run(ThreadPoolExecutor.java:624)
	... 1 more
Caused by: org.apache.ratis.thirdparty.io.netty.channel.AbstractChannel$AnnotatedConnectException: Connection refused: /192.168.164.213:36516
	at sun.nio.ch.SocketChannelImpl.checkConnect(Native Method)
	at sun.nio.ch.SocketChannelImpl.finishConnect(SocketChannelImpl.java:717)
	at org.apache.ratis.thirdparty.io.netty.channel.socket.nio.NioSocketChannel.doFinishConnect(NioSocketChannel.java:327)
	at org.apache.ratis.thirdparty.io.netty.channel.nio.AbstractNioChannel$AbstractNioUnsafe.finishConnect(AbstractNioChannel.java:340)
	at org.apache.ratis.thirdparty.io.netty.channel.nio.NioEventLoop.processSelectedKey(NioEventLoop.java:632)
	at org.apache.ratis.thirdparty.io.netty.channel.nio.NioEventLoop.processSelectedKeysOptimized(NioEventLoop.java:579)
	at org.apache.ratis.thirdparty.io.netty.channel.nio.NioEventLoop.processSelectedKeys(NioEventLoop.java:496)
	at org.apache.ratis.thirdparty.io.netty.channel.nio.NioEventLoop.run(NioEventLoop.java:458)
	at org.apache.ratis.thirdparty.io.netty.util.concurrent.SingleThreadEventExecutor$5.run(SingleThreadEventExecutor.java:897)
	at org.apache.ratis.thirdparty.io.netty.util.concurrent.FastThreadLocalRunnable.run(FastThreadLocalRunnable.java:30)
	... 1 more
Caused by: java.net.ConnectException: Connection refused
	... 11 more
2019-10-24 15:44:22,528 [a667faea-0fef-4f07-8d37-e0d8f63f2a62@group-56059261E3EC-LeaderElection270] INFO  impl.LeaderElection (LogUtils.java:infoOrTrace(149)) -   Exception 1: {}
java.util.concurrent.ExecutionException: org.apache.ratis.thirdparty.io.grpc.StatusRuntimeException: UNAVAILABLE: io exception
	at java.util.concurrent.FutureTask.report(FutureTask.java:122)
	at java.util.concurrent.FutureTask.get(FutureTask.java:192)
	at org.apache.ratis.server.impl.LeaderElection.waitForResults(LeaderElection.java:259)
	at org.apache.ratis.server.impl.LeaderElection.askForVotes(LeaderElection.java:197)
	at org.apache.ratis.server.impl.LeaderElection.run(LeaderElection.java:133)
	at java.lang.Thread.run(Thread.java:748)
Caused by: org.apache.ratis.thirdparty.io.grpc.StatusRuntimeException: UNAVAILABLE: io exception
	at org.apache.ratis.thirdparty.io.grpc.stub.ClientCalls.toStatusRuntimeException(ClientCalls.java:233)
	at org.apache.ratis.thirdparty.io.grpc.stub.ClientCalls.getUnchecked(ClientCalls.java:214)
	at org.apache.ratis.thirdparty.io.grpc.stub.ClientCalls.blockingUnaryCall(ClientCalls.java:139)
	at org.apache.ratis.proto.grpc.RaftServerProtocolServiceGrpc$RaftServerProtocolServiceBlockingStub.requestVote(RaftServerProtocolServiceGrpc.java:265)
	at org.apache.ratis.grpc.server.GrpcServerProtocolClient.requestVote(GrpcServerProtocolClient.java:99)
	at org.apache.ratis.grpc.server.GrpcService.requestVote(GrpcService.java:204)
	at org.apache.ratis.server.impl.LeaderElection.lambda$submitRequests$1(LeaderElection.java:234)
	at java.util.concurrent.FutureTask.run(FutureTask.java:266)
	at java.util.concurrent.Executors$RunnableAdapter.call(Executors.java:511)
	at java.util.concurrent.FutureTask.run(FutureTask.java:266)
	at java.util.concurrent.ThreadPoolExecutor.runWorker(ThreadPoolExecutor.java:1149)
	at java.util.concurrent.ThreadPoolExecutor$Worker.run(ThreadPoolExecutor.java:624)
	... 1 more
Caused by: org.apache.ratis.thirdparty.io.netty.channel.AbstractChannel$AnnotatedConnectException: Connection refused: /192.168.164.213:44036
	at sun.nio.ch.SocketChannelImpl.checkConnect(Native Method)
	at sun.nio.ch.SocketChannelImpl.finishConnect(SocketChannelImpl.java:717)
	at org.apache.ratis.thirdparty.io.netty.channel.socket.nio.NioSocketChannel.doFinishConnect(NioSocketChannel.java:327)
	at org.apache.ratis.thirdparty.io.netty.channel.nio.AbstractNioChannel$AbstractNioUnsafe.finishConnect(AbstractNioChannel.java:340)
	at org.apache.ratis.thirdparty.io.netty.channel.nio.NioEventLoop.processSelectedKey(NioEventLoop.java:632)
	at org.apache.ratis.thirdparty.io.netty.channel.nio.NioEventLoop.processSelectedKeysOptimized(NioEventLoop.java:579)
	at org.apache.ratis.thirdparty.io.netty.channel.nio.NioEventLoop.processSelectedKeys(NioEventLoop.java:496)
	at org.apache.ratis.thirdparty.io.netty.channel.nio.NioEventLoop.run(NioEventLoop.java:458)
	at org.apache.ratis.thirdparty.io.netty.util.concurrent.SingleThreadEventExecutor$5.run(SingleThreadEventExecutor.java:897)
	at org.apache.ratis.thirdparty.io.netty.util.concurrent.FastThreadLocalRunnable.run(FastThreadLocalRunnable.java:30)
	... 1 more
Caused by: java.net.ConnectException: Connection refused
	... 11 more
2019-10-24 15:44:22,528 [a667faea-0fef-4f07-8d37-e0d8f63f2a62@group-56059261E3EC-LeaderElection270] INFO  impl.RaftServerImpl (RaftServerImpl.java:setRole(184)) - a667faea-0fef-4f07-8d37-e0d8f63f2a62@group-56059261E3EC: changes role from CANDIDATE to FOLLOWER at term 8 for DISCOVERED_A_NEW_TERM
2019-10-24 15:44:22,528 [a667faea-0fef-4f07-8d37-e0d8f63f2a62@group-56059261E3EC-LeaderElection270] INFO  impl.RoleInfo (RoleInfo.java:shutdownLeaderElection(134)) - a667faea-0fef-4f07-8d37-e0d8f63f2a62: shutdown LeaderElection
2019-10-24 15:44:22,529 [a667faea-0fef-4f07-8d37-e0d8f63f2a62@group-56059261E3EC-LeaderElection270] INFO  impl.RoleInfo (RoleInfo.java:updateAndGet(143)) - a667faea-0fef-4f07-8d37-e0d8f63f2a62: start FollowerState
2019-10-24 15:44:22,595 [Thread-2242] INFO  impl.FollowerState (FollowerState.java:run(108)) - af280123-6372-4d1f-a5d4-c36229a73203@group-75C85B6D1182-FollowerState: change to CANDIDATE, lastRpcTime:110ms, electionTimeout:110ms
2019-10-24 15:44:22,596 [Thread-2242] INFO  impl.RoleInfo (RoleInfo.java:shutdownFollowerState(121)) - af280123-6372-4d1f-a5d4-c36229a73203: shutdown FollowerState
2019-10-24 15:44:22,596 [Thread-2242] INFO  impl.RaftServerImpl (RaftServerImpl.java:setRole(184)) - af280123-6372-4d1f-a5d4-c36229a73203@group-75C85B6D1182: changes role from  FOLLOWER to CANDIDATE at term 264 for changeToCandidate
2019-10-24 15:44:22,596 [Thread-2242] INFO  impl.RoleInfo (RoleInfo.java:updateAndGet(143)) - af280123-6372-4d1f-a5d4-c36229a73203: start LeaderElection
2019-10-24 15:44:22,609 [af280123-6372-4d1f-a5d4-c36229a73203@group-75C85B6D1182-LeaderElection271] INFO  impl.LeaderElection (LeaderElection.java:askForVotes(178)) - af280123-6372-4d1f-a5d4-c36229a73203@group-75C85B6D1182-LeaderElection271: begin an election at term 265 for -1: [9092f221-0e0d-4970-bb84-cacd95020f21:192.168.164.213:41903, af280123-6372-4d1f-a5d4-c36229a73203:192.168.164.213:35334, b4ae536c-ed18-4717-a75c-ca4b5d6c4001:192.168.164.213:41180], old=null
2019-10-24 15:44:22,610 [af280123-6372-4d1f-a5d4-c36229a73203@group-75C85B6D1182-LeaderElection271] INFO  impl.LeaderElection (LogUtils.java:infoOrTrace(149)) - af280123-6372-4d1f-a5d4-c36229a73203@group-75C85B6D1182-LeaderElection271 got exception when requesting votes: {}
java.util.concurrent.ExecutionException: org.apache.ratis.thirdparty.io.grpc.StatusRuntimeException: UNAVAILABLE: io exception
	at java.util.concurrent.FutureTask.report(FutureTask.java:122)
	at java.util.concurrent.FutureTask.get(FutureTask.java:192)
	at org.apache.ratis.server.impl.LeaderElection.waitForResults(LeaderElection.java:259)
	at org.apache.ratis.server.impl.LeaderElection.askForVotes(LeaderElection.java:197)
	at org.apache.ratis.server.impl.LeaderElection.run(LeaderElection.java:133)
	at java.lang.Thread.run(Thread.java:748)
Caused by: org.apache.ratis.thirdparty.io.grpc.StatusRuntimeException: UNAVAILABLE: io exception
	at org.apache.ratis.thirdparty.io.grpc.stub.ClientCalls.toStatusRuntimeException(ClientCalls.java:233)
	at org.apache.ratis.thirdparty.io.grpc.stub.ClientCalls.getUnchecked(ClientCalls.java:214)
	at org.apache.ratis.thirdparty.io.grpc.stub.ClientCalls.blockingUnaryCall(ClientCalls.java:139)
	at org.apache.ratis.proto.grpc.RaftServerProtocolServiceGrpc$RaftServerProtocolServiceBlockingStub.requestVote(RaftServerProtocolServiceGrpc.java:265)
	at org.apache.ratis.grpc.server.GrpcServerProtocolClient.requestVote(GrpcServerProtocolClient.java:99)
	at org.apache.ratis.grpc.server.GrpcService.requestVote(GrpcService.java:204)
	at org.apache.ratis.server.impl.LeaderElection.lambda$submitRequests$1(LeaderElection.java:234)
	at java.util.concurrent.FutureTask.run(FutureTask.java:266)
	at java.util.concurrent.Executors$RunnableAdapter.call(Executors.java:511)
	at java.util.concurrent.FutureTask.run(FutureTask.java:266)
	at java.util.concurrent.ThreadPoolExecutor.runWorker(ThreadPoolExecutor.java:1149)
	at java.util.concurrent.ThreadPoolExecutor$Worker.run(ThreadPoolExecutor.java:624)
	... 1 more
Caused by: org.apache.ratis.thirdparty.io.netty.channel.AbstractChannel$AnnotatedConnectException: Connection refused: /192.168.164.213:41903
	at sun.nio.ch.SocketChannelImpl.checkConnect(Native Method)
	at sun.nio.ch.SocketChannelImpl.finishConnect(SocketChannelImpl.java:717)
	at org.apache.ratis.thirdparty.io.netty.channel.socket.nio.NioSocketChannel.doFinishConnect(NioSocketChannel.java:327)
	at org.apache.ratis.thirdparty.io.netty.channel.nio.AbstractNioChannel$AbstractNioUnsafe.finishConnect(AbstractNioChannel.java:340)
	at org.apache.ratis.thirdparty.io.netty.channel.nio.NioEventLoop.processSelectedKey(NioEventLoop.java:632)
	at org.apache.ratis.thirdparty.io.netty.channel.nio.NioEventLoop.processSelectedKeysOptimized(NioEventLoop.java:579)
	at org.apache.ratis.thirdparty.io.netty.channel.nio.NioEventLoop.processSelectedKeys(NioEventLoop.java:496)
	at org.apache.ratis.thirdparty.io.netty.channel.nio.NioEventLoop.run(NioEventLoop.java:458)
	at org.apache.ratis.thirdparty.io.netty.util.concurrent.SingleThreadEventExecutor$5.run(SingleThreadEventExecutor.java:897)
	at org.apache.ratis.thirdparty.io.netty.util.concurrent.FastThreadLocalRunnable.run(FastThreadLocalRunnable.java:30)
	... 1 more
Caused by: java.net.ConnectException: Connection refused
	... 11 more
2019-10-24 15:44:22,611 [af280123-6372-4d1f-a5d4-c36229a73203@group-75C85B6D1182-LeaderElection271] INFO  impl.LeaderElection (LogUtils.java:infoOrTrace(149)) - af280123-6372-4d1f-a5d4-c36229a73203@group-75C85B6D1182-LeaderElection271 got exception when requesting votes: {}
java.util.concurrent.ExecutionException: org.apache.ratis.thirdparty.io.grpc.StatusRuntimeException: UNAVAILABLE: io exception
	at java.util.concurrent.FutureTask.report(FutureTask.java:122)
	at java.util.concurrent.FutureTask.get(FutureTask.java:192)
	at org.apache.ratis.server.impl.LeaderElection.waitForResults(LeaderElection.java:259)
	at org.apache.ratis.server.impl.LeaderElection.askForVotes(LeaderElection.java:197)
	at org.apache.ratis.server.impl.LeaderElection.run(LeaderElection.java:133)
	at java.lang.Thread.run(Thread.java:748)
Caused by: org.apache.ratis.thirdparty.io.grpc.StatusRuntimeException: UNAVAILABLE: io exception
	at org.apache.ratis.thirdparty.io.grpc.stub.ClientCalls.toStatusRuntimeException(ClientCalls.java:233)
	at org.apache.ratis.thirdparty.io.grpc.stub.ClientCalls.getUnchecked(ClientCalls.java:214)
	at org.apache.ratis.thirdparty.io.grpc.stub.ClientCalls.blockingUnaryCall(ClientCalls.java:139)
	at org.apache.ratis.proto.grpc.RaftServerProtocolServiceGrpc$RaftServerProtocolServiceBlockingStub.requestVote(RaftServerProtocolServiceGrpc.java:265)
	at org.apache.ratis.grpc.server.GrpcServerProtocolClient.requestVote(GrpcServerProtocolClient.java:99)
	at org.apache.ratis.grpc.server.GrpcService.requestVote(GrpcService.java:204)
	at org.apache.ratis.server.impl.LeaderElection.lambda$submitRequests$1(LeaderElection.java:234)
	at java.util.concurrent.FutureTask.run(FutureTask.java:266)
	at java.util.concurrent.Executors$RunnableAdapter.call(Executors.java:511)
	at java.util.concurrent.FutureTask.run(FutureTask.java:266)
	at java.util.concurrent.ThreadPoolExecutor.runWorker(ThreadPoolExecutor.java:1149)
	at java.util.concurrent.ThreadPoolExecutor$Worker.run(ThreadPoolExecutor.java:624)
	... 1 more
Caused by: org.apache.ratis.thirdparty.io.netty.channel.AbstractChannel$AnnotatedConnectException: Connection refused: /192.168.164.213:41180
	at sun.nio.ch.SocketChannelImpl.checkConnect(Native Method)
	at sun.nio.ch.SocketChannelImpl.finishConnect(SocketChannelImpl.java:717)
	at org.apache.ratis.thirdparty.io.netty.channel.socket.nio.NioSocketChannel.doFinishConnect(NioSocketChannel.java:327)
	at org.apache.ratis.thirdparty.io.netty.channel.nio.AbstractNioChannel$AbstractNioUnsafe.finishConnect(AbstractNioChannel.java:340)
	at org.apache.ratis.thirdparty.io.netty.channel.nio.NioEventLoop.processSelectedKey(NioEventLoop.java:632)
	at org.apache.ratis.thirdparty.io.netty.channel.nio.NioEventLoop.processSelectedKeysOptimized(NioEventLoop.java:579)
	at org.apache.ratis.thirdparty.io.netty.channel.nio.NioEventLoop.processSelectedKeys(NioEventLoop.java:496)
	at org.apache.ratis.thirdparty.io.netty.channel.nio.NioEventLoop.run(NioEventLoop.java:458)
	at org.apache.ratis.thirdparty.io.netty.util.concurrent.SingleThreadEventExecutor$5.run(SingleThreadEventExecutor.java:897)
	at org.apache.ratis.thirdparty.io.netty.util.concurrent.FastThreadLocalRunnable.run(FastThreadLocalRunnable.java:30)
	... 1 more
Caused by: java.net.ConnectException: Connection refused
	... 11 more
2019-10-24 15:44:22,612 [af280123-6372-4d1f-a5d4-c36229a73203@group-75C85B6D1182-LeaderElection271] INFO  impl.LeaderElection (LeaderElection.java:logAndReturn(56)) - af280123-6372-4d1f-a5d4-c36229a73203@group-75C85B6D1182-LeaderElection271: Election REJECTED; received 0 response(s) [] and 2 exception(s); af280123-6372-4d1f-a5d4-c36229a73203@group-75C85B6D1182:t265, leader=null, voted=af280123-6372-4d1f-a5d4-c36229a73203, raftlog=af280123-6372-4d1f-a5d4-c36229a73203@group-75C85B6D1182-SegmentedRaftLog:OPENED:c-1,f-1,i0, conf=-1: [9092f221-0e0d-4970-bb84-cacd95020f21:192.168.164.213:41903, af280123-6372-4d1f-a5d4-c36229a73203:192.168.164.213:35334, b4ae536c-ed18-4717-a75c-ca4b5d6c4001:192.168.164.213:41180], old=null
2019-10-24 15:44:22,612 [af280123-6372-4d1f-a5d4-c36229a73203@group-75C85B6D1182-LeaderElection271] INFO  impl.LeaderElection (LogUtils.java:infoOrTrace(149)) -   Exception 0: {}
java.util.concurrent.ExecutionException: org.apache.ratis.thirdparty.io.grpc.StatusRuntimeException: UNAVAILABLE: io exception
	at java.util.concurrent.FutureTask.report(FutureTask.java:122)
	at java.util.concurrent.FutureTask.get(FutureTask.java:192)
	at org.apache.ratis.server.impl.LeaderElection.waitForResults(LeaderElection.java:259)
	at org.apache.ratis.server.impl.LeaderElection.askForVotes(LeaderElection.java:197)
	at org.apache.ratis.server.impl.LeaderElection.run(LeaderElection.java:133)
	at java.lang.Thread.run(Thread.java:748)
Caused by: org.apache.ratis.thirdparty.io.grpc.StatusRuntimeException: UNAVAILABLE: io exception
	at org.apache.ratis.thirdparty.io.grpc.stub.ClientCalls.toStatusRuntimeException(ClientCalls.java:233)
	at org.apache.ratis.thirdparty.io.grpc.stub.ClientCalls.getUnchecked(ClientCalls.java:214)
	at org.apache.ratis.thirdparty.io.grpc.stub.ClientCalls.blockingUnaryCall(ClientCalls.java:139)
	at org.apache.ratis.proto.grpc.RaftServerProtocolServiceGrpc$RaftServerProtocolServiceBlockingStub.requestVote(RaftServerProtocolServiceGrpc.java:265)
	at org.apache.ratis.grpc.server.GrpcServerProtocolClient.requestVote(GrpcServerProtocolClient.java:99)
	at org.apache.ratis.grpc.server.GrpcService.requestVote(GrpcService.java:204)
	at org.apache.ratis.server.impl.LeaderElection.lambda$submitRequests$1(LeaderElection.java:234)
	at java.util.concurrent.FutureTask.run(FutureTask.java:266)
	at java.util.concurrent.Executors$RunnableAdapter.call(Executors.java:511)
	at java.util.concurrent.FutureTask.run(FutureTask.java:266)
	at java.util.concurrent.ThreadPoolExecutor.runWorker(ThreadPoolExecutor.java:1149)
	at java.util.concurrent.ThreadPoolExecutor$Worker.run(ThreadPoolExecutor.java:624)
	... 1 more
Caused by: org.apache.ratis.thirdparty.io.netty.channel.AbstractChannel$AnnotatedConnectException: Connection refused: /192.168.164.213:41903
	at sun.nio.ch.SocketChannelImpl.checkConnect(Native Method)
	at sun.nio.ch.SocketChannelImpl.finishConnect(SocketChannelImpl.java:717)
	at org.apache.ratis.thirdparty.io.netty.channel.socket.nio.NioSocketChannel.doFinishConnect(NioSocketChannel.java:327)
	at org.apache.ratis.thirdparty.io.netty.channel.nio.AbstractNioChannel$AbstractNioUnsafe.finishConnect(AbstractNioChannel.java:340)
	at org.apache.ratis.thirdparty.io.netty.channel.nio.NioEventLoop.processSelectedKey(NioEventLoop.java:632)
	at org.apache.ratis.thirdparty.io.netty.channel.nio.NioEventLoop.processSelectedKeysOptimized(NioEventLoop.java:579)
	at org.apache.ratis.thirdparty.io.netty.channel.nio.NioEventLoop.processSelectedKeys(NioEventLoop.java:496)
	at org.apache.ratis.thirdparty.io.netty.channel.nio.NioEventLoop.run(NioEventLoop.java:458)
	at org.apache.ratis.thirdparty.io.netty.util.concurrent.SingleThreadEventExecutor$5.run(SingleThreadEventExecutor.java:897)
	at org.apache.ratis.thirdparty.io.netty.util.concurrent.FastThreadLocalRunnable.run(FastThreadLocalRunnable.java:30)
	... 1 more
Caused by: java.net.ConnectException: Connection refused
	... 11 more
2019-10-24 15:44:22,613 [af280123-6372-4d1f-a5d4-c36229a73203@group-75C85B6D1182-LeaderElection271] INFO  impl.LeaderElection (LogUtils.java:infoOrTrace(149)) -   Exception 1: {}
java.util.concurrent.ExecutionException: org.apache.ratis.thirdparty.io.grpc.StatusRuntimeException: UNAVAILABLE: io exception
	at java.util.concurrent.FutureTask.report(FutureTask.java:122)
	at java.util.concurrent.FutureTask.get(FutureTask.java:192)
	at org.apache.ratis.server.impl.LeaderElection.waitForResults(LeaderElection.java:259)
	at org.apache.ratis.server.impl.LeaderElection.askForVotes(LeaderElection.java:197)
	at org.apache.ratis.server.impl.LeaderElection.run(LeaderElection.java:133)
	at java.lang.Thread.run(Thread.java:748)
Caused by: org.apache.ratis.thirdparty.io.grpc.StatusRuntimeException: UNAVAILABLE: io exception
	at org.apache.ratis.thirdparty.io.grpc.stub.ClientCalls.toStatusRuntimeException(ClientCalls.java:233)
	at org.apache.ratis.thirdparty.io.grpc.stub.ClientCalls.getUnchecked(ClientCalls.java:214)
	at org.apache.ratis.thirdparty.io.grpc.stub.ClientCalls.blockingUnaryCall(ClientCalls.java:139)
	at org.apache.ratis.proto.grpc.RaftServerProtocolServiceGrpc$RaftServerProtocolServiceBlockingStub.requestVote(RaftServerProtocolServiceGrpc.java:265)
	at org.apache.ratis.grpc.server.GrpcServerProtocolClient.requestVote(GrpcServerProtocolClient.java:99)
	at org.apache.ratis.grpc.server.GrpcService.requestVote(GrpcService.java:204)
	at org.apache.ratis.server.impl.LeaderElection.lambda$submitRequests$1(LeaderElection.java:234)
	at java.util.concurrent.FutureTask.run(FutureTask.java:266)
	at java.util.concurrent.Executors$RunnableAdapter.call(Executors.java:511)
	at java.util.concurrent.FutureTask.run(FutureTask.java:266)
	at java.util.concurrent.ThreadPoolExecutor.runWorker(ThreadPoolExecutor.java:1149)
	at java.util.concurrent.ThreadPoolExecutor$Worker.run(ThreadPoolExecutor.java:624)
	... 1 more
Caused by: org.apache.ratis.thirdparty.io.netty.channel.AbstractChannel$AnnotatedConnectException: Connection refused: /192.168.164.213:41180
	at sun.nio.ch.SocketChannelImpl.checkConnect(Native Method)
	at sun.nio.ch.SocketChannelImpl.finishConnect(SocketChannelImpl.java:717)
	at org.apache.ratis.thirdparty.io.netty.channel.socket.nio.NioSocketChannel.doFinishConnect(NioSocketChannel.java:327)
	at org.apache.ratis.thirdparty.io.netty.channel.nio.AbstractNioChannel$AbstractNioUnsafe.finishConnect(AbstractNioChannel.java:340)
	at org.apache.ratis.thirdparty.io.netty.channel.nio.NioEventLoop.processSelectedKey(NioEventLoop.java:632)
	at org.apache.ratis.thirdparty.io.netty.channel.nio.NioEventLoop.processSelectedKeysOptimized(NioEventLoop.java:579)
	at org.apache.ratis.thirdparty.io.netty.channel.nio.NioEventLoop.processSelectedKeys(NioEventLoop.java:496)
	at org.apache.ratis.thirdparty.io.netty.channel.nio.NioEventLoop.run(NioEventLoop.java:458)
	at org.apache.ratis.thirdparty.io.netty.util.concurrent.SingleThreadEventExecutor$5.run(SingleThreadEventExecutor.java:897)
	at org.apache.ratis.thirdparty.io.netty.util.concurrent.FastThreadLocalRunnable.run(FastThreadLocalRunnable.java:30)
	... 1 more
Caused by: java.net.ConnectException: Connection refused
	... 11 more
2019-10-24 15:44:22,613 [af280123-6372-4d1f-a5d4-c36229a73203@group-75C85B6D1182-LeaderElection271] INFO  impl.RaftServerImpl (RaftServerImpl.java:setRole(184)) - af280123-6372-4d1f-a5d4-c36229a73203@group-75C85B6D1182: changes role from CANDIDATE to FOLLOWER at term 265 for DISCOVERED_A_NEW_TERM
2019-10-24 15:44:22,613 [af280123-6372-4d1f-a5d4-c36229a73203@group-75C85B6D1182-LeaderElection271] INFO  impl.RoleInfo (RoleInfo.java:shutdownLeaderElection(134)) - af280123-6372-4d1f-a5d4-c36229a73203: shutdown LeaderElection
2019-10-24 15:44:22,613 [af280123-6372-4d1f-a5d4-c36229a73203@group-75C85B6D1182-LeaderElection271] INFO  impl.RoleInfo (RoleInfo.java:updateAndGet(143)) - af280123-6372-4d1f-a5d4-c36229a73203: start FollowerState
2019-10-24 15:44:22,738 [Thread-2250] INFO  impl.FollowerState (FollowerState.java:run(108)) - af280123-6372-4d1f-a5d4-c36229a73203@group-75C85B6D1182-FollowerState: change to CANDIDATE, lastRpcTime:124ms, electionTimeout:124ms
2019-10-24 15:44:22,738 [Thread-2250] INFO  impl.RoleInfo (RoleInfo.java:shutdownFollowerState(121)) - af280123-6372-4d1f-a5d4-c36229a73203: shutdown FollowerState
2019-10-24 15:44:22,738 [Thread-2250] INFO  impl.RaftServerImpl (RaftServerImpl.java:setRole(184)) - af280123-6372-4d1f-a5d4-c36229a73203@group-75C85B6D1182: changes role from  FOLLOWER to CANDIDATE at term 265 for changeToCandidate
2019-10-24 15:44:22,738 [Thread-2250] INFO  impl.RoleInfo (RoleInfo.java:updateAndGet(143)) - af280123-6372-4d1f-a5d4-c36229a73203: start LeaderElection
2019-10-24 15:44:22,765 [af280123-6372-4d1f-a5d4-c36229a73203@group-75C85B6D1182-LeaderElection272] INFO  impl.LeaderElection (LeaderElection.java:askForVotes(178)) - af280123-6372-4d1f-a5d4-c36229a73203@group-75C85B6D1182-LeaderElection272: begin an election at term 266 for -1: [9092f221-0e0d-4970-bb84-cacd95020f21:192.168.164.213:41903, af280123-6372-4d1f-a5d4-c36229a73203:192.168.164.213:35334, b4ae536c-ed18-4717-a75c-ca4b5d6c4001:192.168.164.213:41180], old=null
2019-10-24 15:44:22,766 [af280123-6372-4d1f-a5d4-c36229a73203@group-75C85B6D1182-LeaderElection272] INFO  impl.LeaderElection (LogUtils.java:infoOrTrace(149)) - af280123-6372-4d1f-a5d4-c36229a73203@group-75C85B6D1182-LeaderElection272 got exception when requesting votes: {}
java.util.concurrent.ExecutionException: org.apache.ratis.thirdparty.io.grpc.StatusRuntimeException: UNAVAILABLE: io exception
	at java.util.concurrent.FutureTask.report(FutureTask.java:122)
	at java.util.concurrent.FutureTask.get(FutureTask.java:192)
	at org.apache.ratis.server.impl.LeaderElection.waitForResults(LeaderElection.java:259)
	at org.apache.ratis.server.impl.LeaderElection.askForVotes(LeaderElection.java:197)
	at org.apache.ratis.server.impl.LeaderElection.run(LeaderElection.java:133)
	at java.lang.Thread.run(Thread.java:748)
Caused by: org.apache.ratis.thirdparty.io.grpc.StatusRuntimeException: UNAVAILABLE: io exception
	at org.apache.ratis.thirdparty.io.grpc.stub.ClientCalls.toStatusRuntimeException(ClientCalls.java:233)
	at org.apache.ratis.thirdparty.io.grpc.stub.ClientCalls.getUnchecked(ClientCalls.java:214)
	at org.apache.ratis.thirdparty.io.grpc.stub.ClientCalls.blockingUnaryCall(ClientCalls.java:139)
	at org.apache.ratis.proto.grpc.RaftServerProtocolServiceGrpc$RaftServerProtocolServiceBlockingStub.requestVote(RaftServerProtocolServiceGrpc.java:265)
	at org.apache.ratis.grpc.server.GrpcServerProtocolClient.requestVote(GrpcServerProtocolClient.java:99)
	at org.apache.ratis.grpc.server.GrpcService.requestVote(GrpcService.java:204)
	at org.apache.ratis.server.impl.LeaderElection.lambda$submitRequests$1(LeaderElection.java:234)
	at java.util.concurrent.FutureTask.run(FutureTask.java:266)
	at java.util.concurrent.Executors$RunnableAdapter.call(Executors.java:511)
	at java.util.concurrent.FutureTask.run(FutureTask.java:266)
	at java.util.concurrent.ThreadPoolExecutor.runWorker(ThreadPoolExecutor.java:1149)
	at java.util.concurrent.ThreadPoolExecutor$Worker.run(ThreadPoolExecutor.java:624)
	... 1 more
Caused by: org.apache.ratis.thirdparty.io.netty.channel.AbstractChannel$AnnotatedConnectException: Connection refused: /192.168.164.213:41180
	at sun.nio.ch.SocketChannelImpl.checkConnect(Native Method)
	at sun.nio.ch.SocketChannelImpl.finishConnect(SocketChannelImpl.java:717)
	at org.apache.ratis.thirdparty.io.netty.channel.socket.nio.NioSocketChannel.doFinishConnect(NioSocketChannel.java:327)
	at org.apache.ratis.thirdparty.io.netty.channel.nio.AbstractNioChannel$AbstractNioUnsafe.finishConnect(AbstractNioChannel.java:340)
	at org.apache.ratis.thirdparty.io.netty.channel.nio.NioEventLoop.processSelectedKey(NioEventLoop.java:632)
	at org.apache.ratis.thirdparty.io.netty.channel.nio.NioEventLoop.processSelectedKeysOptimized(NioEventLoop.java:579)
	at org.apache.ratis.thirdparty.io.netty.channel.nio.NioEventLoop.processSelectedKeys(NioEventLoop.java:496)
	at org.apache.ratis.thirdparty.io.netty.channel.nio.NioEventLoop.run(NioEventLoop.java:458)
	at org.apache.ratis.thirdparty.io.netty.util.concurrent.SingleThreadEventExecutor$5.run(SingleThreadEventExecutor.java:897)
	at org.apache.ratis.thirdparty.io.netty.util.concurrent.FastThreadLocalRunnable.run(FastThreadLocalRunnable.java:30)
	... 1 more
Caused by: java.net.ConnectException: Connection refused
	... 11 more
2019-10-24 15:44:22,767 [af280123-6372-4d1f-a5d4-c36229a73203@group-75C85B6D1182-LeaderElection272] INFO  impl.LeaderElection (LogUtils.java:infoOrTrace(149)) - af280123-6372-4d1f-a5d4-c36229a73203@group-75C85B6D1182-LeaderElection272 got exception when requesting votes: {}
java.util.concurrent.ExecutionException: org.apache.ratis.thirdparty.io.grpc.StatusRuntimeException: UNAVAILABLE: io exception
	at java.util.concurrent.FutureTask.report(FutureTask.java:122)
	at java.util.concurrent.FutureTask.get(FutureTask.java:192)
	at org.apache.ratis.server.impl.LeaderElection.waitForResults(LeaderElection.java:259)
	at org.apache.ratis.server.impl.LeaderElection.askForVotes(LeaderElection.java:197)
	at org.apache.ratis.server.impl.LeaderElection.run(LeaderElection.java:133)
	at java.lang.Thread.run(Thread.java:748)
Caused by: org.apache.ratis.thirdparty.io.grpc.StatusRuntimeException: UNAVAILABLE: io exception
	at org.apache.ratis.thirdparty.io.grpc.stub.ClientCalls.toStatusRuntimeException(ClientCalls.java:233)
	at org.apache.ratis.thirdparty.io.grpc.stub.ClientCalls.getUnchecked(ClientCalls.java:214)
	at org.apache.ratis.thirdparty.io.grpc.stub.ClientCalls.blockingUnaryCall(ClientCalls.java:139)
	at org.apache.ratis.proto.grpc.RaftServerProtocolServiceGrpc$RaftServerProtocolServiceBlockingStub.requestVote(RaftServerProtocolServiceGrpc.java:265)
	at org.apache.ratis.grpc.server.GrpcServerProtocolClient.requestVote(GrpcServerProtocolClient.java:99)
	at org.apache.ratis.grpc.server.GrpcService.requestVote(GrpcService.java:204)
	at org.apache.ratis.server.impl.LeaderElection.lambda$submitRequests$1(LeaderElection.java:234)
	at java.util.concurrent.FutureTask.run(FutureTask.java:266)
	at java.util.concurrent.Executors$RunnableAdapter.call(Executors.java:511)
	at java.util.concurrent.FutureTask.run(FutureTask.java:266)
	at java.util.concurrent.ThreadPoolExecutor.runWorker(ThreadPoolExecutor.java:1149)
	at java.util.concurrent.ThreadPoolExecutor$Worker.run(ThreadPoolExecutor.java:624)
	... 1 more
Caused by: org.apache.ratis.thirdparty.io.netty.channel.AbstractChannel$AnnotatedConnectException: Connection refused: /192.168.164.213:41903
	at sun.nio.ch.SocketChannelImpl.checkConnect(Native Method)
	at sun.nio.ch.SocketChannelImpl.finishConnect(SocketChannelImpl.java:717)
	at org.apache.ratis.thirdparty.io.netty.channel.socket.nio.NioSocketChannel.doFinishConnect(NioSocketChannel.java:327)
	at org.apache.ratis.thirdparty.io.netty.channel.nio.AbstractNioChannel$AbstractNioUnsafe.finishConnect(AbstractNioChannel.java:340)
	at org.apache.ratis.thirdparty.io.netty.channel.nio.NioEventLoop.processSelectedKey(NioEventLoop.java:632)
	at org.apache.ratis.thirdparty.io.netty.channel.nio.NioEventLoop.processSelectedKeysOptimized(NioEventLoop.java:579)
	at org.apache.ratis.thirdparty.io.netty.channel.nio.NioEventLoop.processSelectedKeys(NioEventLoop.java:496)
	at org.apache.ratis.thirdparty.io.netty.channel.nio.NioEventLoop.run(NioEventLoop.java:458)
	at org.apache.ratis.thirdparty.io.netty.util.concurrent.SingleThreadEventExecutor$5.run(SingleThreadEventExecutor.java:897)
	at org.apache.ratis.thirdparty.io.netty.util.concurrent.FastThreadLocalRunnable.run(FastThreadLocalRunnable.java:30)
	... 1 more
Caused by: java.net.ConnectException: Connection refused
	... 11 more
2019-10-24 15:44:22,767 [af280123-6372-4d1f-a5d4-c36229a73203@group-75C85B6D1182-LeaderElection272] INFO  impl.LeaderElection (LeaderElection.java:logAndReturn(56)) - af280123-6372-4d1f-a5d4-c36229a73203@group-75C85B6D1182-LeaderElection272: Election REJECTED; received 0 response(s) [] and 2 exception(s); af280123-6372-4d1f-a5d4-c36229a73203@group-75C85B6D1182:t266, leader=null, voted=af280123-6372-4d1f-a5d4-c36229a73203, raftlog=af280123-6372-4d1f-a5d4-c36229a73203@group-75C85B6D1182-SegmentedRaftLog:OPENED:c-1,f-1,i0, conf=-1: [9092f221-0e0d-4970-bb84-cacd95020f21:192.168.164.213:41903, af280123-6372-4d1f-a5d4-c36229a73203:192.168.164.213:35334, b4ae536c-ed18-4717-a75c-ca4b5d6c4001:192.168.164.213:41180], old=null
2019-10-24 15:44:22,768 [af280123-6372-4d1f-a5d4-c36229a73203@group-75C85B6D1182-LeaderElection272] INFO  impl.LeaderElection (LogUtils.java:infoOrTrace(149)) -   Exception 0: {}
java.util.concurrent.ExecutionException: org.apache.ratis.thirdparty.io.grpc.StatusRuntimeException: UNAVAILABLE: io exception
	at java.util.concurrent.FutureTask.report(FutureTask.java:122)
	at java.util.concurrent.FutureTask.get(FutureTask.java:192)
	at org.apache.ratis.server.impl.LeaderElection.waitForResults(LeaderElection.java:259)
	at org.apache.ratis.server.impl.LeaderElection.askForVotes(LeaderElection.java:197)
	at org.apache.ratis.server.impl.LeaderElection.run(LeaderElection.java:133)
	at java.lang.Thread.run(Thread.java:748)
Caused by: org.apache.ratis.thirdparty.io.grpc.StatusRuntimeException: UNAVAILABLE: io exception
	at org.apache.ratis.thirdparty.io.grpc.stub.ClientCalls.toStatusRuntimeException(ClientCalls.java:233)
	at org.apache.ratis.thirdparty.io.grpc.stub.ClientCalls.getUnchecked(ClientCalls.java:214)
	at org.apache.ratis.thirdparty.io.grpc.stub.ClientCalls.blockingUnaryCall(ClientCalls.java:139)
	at org.apache.ratis.proto.grpc.RaftServerProtocolServiceGrpc$RaftServerProtocolServiceBlockingStub.requestVote(RaftServerProtocolServiceGrpc.java:265)
	at org.apache.ratis.grpc.server.GrpcServerProtocolClient.requestVote(GrpcServerProtocolClient.java:99)
	at org.apache.ratis.grpc.server.GrpcService.requestVote(GrpcService.java:204)
	at org.apache.ratis.server.impl.LeaderElection.lambda$submitRequests$1(LeaderElection.java:234)
	at java.util.concurrent.FutureTask.run(FutureTask.java:266)
	at java.util.concurrent.Executors$RunnableAdapter.call(Executors.java:511)
	at java.util.concurrent.FutureTask.run(FutureTask.java:266)
	at java.util.concurrent.ThreadPoolExecutor.runWorker(ThreadPoolExecutor.java:1149)
	at java.util.concurrent.ThreadPoolExecutor$Worker.run(ThreadPoolExecutor.java:624)
	... 1 more
Caused by: org.apache.ratis.thirdparty.io.netty.channel.AbstractChannel$AnnotatedConnectException: Connection refused: /192.168.164.213:41180
	at sun.nio.ch.SocketChannelImpl.checkConnect(Native Method)
	at sun.nio.ch.SocketChannelImpl.finishConnect(SocketChannelImpl.java:717)
	at org.apache.ratis.thirdparty.io.netty.channel.socket.nio.NioSocketChannel.doFinishConnect(NioSocketChannel.java:327)
	at org.apache.ratis.thirdparty.io.netty.channel.nio.AbstractNioChannel$AbstractNioUnsafe.finishConnect(AbstractNioChannel.java:340)
	at org.apache.ratis.thirdparty.io.netty.channel.nio.NioEventLoop.processSelectedKey(NioEventLoop.java:632)
	at org.apache.ratis.thirdparty.io.netty.channel.nio.NioEventLoop.processSelectedKeysOptimized(NioEventLoop.java:579)
	at org.apache.ratis.thirdparty.io.netty.channel.nio.NioEventLoop.processSelectedKeys(NioEventLoop.java:496)
	at org.apache.ratis.thirdparty.io.netty.channel.nio.NioEventLoop.run(NioEventLoop.java:458)
	at org.apache.ratis.thirdparty.io.netty.util.concurrent.SingleThreadEventExecutor$5.run(SingleThreadEventExecutor.java:897)
	at org.apache.ratis.thirdparty.io.netty.util.concurrent.FastThreadLocalRunnable.run(FastThreadLocalRunnable.java:30)
	... 1 more
Caused by: java.net.ConnectException: Connection refused
	... 11 more
2019-10-24 15:44:22,768 [af280123-6372-4d1f-a5d4-c36229a73203@group-75C85B6D1182-LeaderElection272] INFO  impl.LeaderElection (LogUtils.java:infoOrTrace(149)) -   Exception 1: {}
java.util.concurrent.ExecutionException: org.apache.ratis.thirdparty.io.grpc.StatusRuntimeException: UNAVAILABLE: io exception
	at java.util.concurrent.FutureTask.report(FutureTask.java:122)
	at java.util.concurrent.FutureTask.get(FutureTask.java:192)
	at org.apache.ratis.server.impl.LeaderElection.waitForResults(LeaderElection.java:259)
	at org.apache.ratis.server.impl.LeaderElection.askForVotes(LeaderElection.java:197)
	at org.apache.ratis.server.impl.LeaderElection.run(LeaderElection.java:133)
	at java.lang.Thread.run(Thread.java:748)
Caused by: org.apache.ratis.thirdparty.io.grpc.StatusRuntimeException: UNAVAILABLE: io exception
	at org.apache.ratis.thirdparty.io.grpc.stub.ClientCalls.toStatusRuntimeException(ClientCalls.java:233)
	at org.apache.ratis.thirdparty.io.grpc.stub.ClientCalls.getUnchecked(ClientCalls.java:214)
	at org.apache.ratis.thirdparty.io.grpc.stub.ClientCalls.blockingUnaryCall(ClientCalls.java:139)
	at org.apache.ratis.proto.grpc.RaftServerProtocolServiceGrpc$RaftServerProtocolServiceBlockingStub.requestVote(RaftServerProtocolServiceGrpc.java:265)
	at org.apache.ratis.grpc.server.GrpcServerProtocolClient.requestVote(GrpcServerProtocolClient.java:99)
	at org.apache.ratis.grpc.server.GrpcService.requestVote(GrpcService.java:204)
	at org.apache.ratis.server.impl.LeaderElection.lambda$submitRequests$1(LeaderElection.java:234)
	at java.util.concurrent.FutureTask.run(FutureTask.java:266)
	at java.util.concurrent.Executors$RunnableAdapter.call(Executors.java:511)
	at java.util.concurrent.FutureTask.run(FutureTask.java:266)
	at java.util.concurrent.ThreadPoolExecutor.runWorker(ThreadPoolExecutor.java:1149)
	at java.util.concurrent.ThreadPoolExecutor$Worker.run(ThreadPoolExecutor.java:624)
	... 1 more
Caused by: org.apache.ratis.thirdparty.io.netty.channel.AbstractChannel$AnnotatedConnectException: Connection refused: /192.168.164.213:41903
	at sun.nio.ch.SocketChannelImpl.checkConnect(Native Method)
	at sun.nio.ch.SocketChannelImpl.finishConnect(SocketChannelImpl.java:717)
	at org.apache.ratis.thirdparty.io.netty.channel.socket.nio.NioSocketChannel.doFinishConnect(NioSocketChannel.java:327)
	at org.apache.ratis.thirdparty.io.netty.channel.nio.AbstractNioChannel$AbstractNioUnsafe.finishConnect(AbstractNioChannel.java:340)
	at org.apache.ratis.thirdparty.io.netty.channel.nio.NioEventLoop.processSelectedKey(NioEventLoop.java:632)
	at org.apache.ratis.thirdparty.io.netty.channel.nio.NioEventLoop.processSelectedKeysOptimized(NioEventLoop.java:579)
	at org.apache.ratis.thirdparty.io.netty.channel.nio.NioEventLoop.processSelectedKeys(NioEventLoop.java:496)
	at org.apache.ratis.thirdparty.io.netty.channel.nio.NioEventLoop.run(NioEventLoop.java:458)
	at org.apache.ratis.thirdparty.io.netty.util.concurrent.SingleThreadEventExecutor$5.run(SingleThreadEventExecutor.java:897)
	at org.apache.ratis.thirdparty.io.netty.util.concurrent.FastThreadLocalRunnable.run(FastThreadLocalRunnable.java:30)
	... 1 more
Caused by: java.net.ConnectException: Connection refused
	... 11 more
2019-10-24 15:44:22,768 [af280123-6372-4d1f-a5d4-c36229a73203@group-75C85B6D1182-LeaderElection272] INFO  impl.RaftServerImpl (RaftServerImpl.java:setRole(184)) - af280123-6372-4d1f-a5d4-c36229a73203@group-75C85B6D1182: changes role from CANDIDATE to FOLLOWER at term 266 for DISCOVERED_A_NEW_TERM
2019-10-24 15:44:22,768 [af280123-6372-4d1f-a5d4-c36229a73203@group-75C85B6D1182-LeaderElection272] INFO  impl.RoleInfo (RoleInfo.java:shutdownLeaderElection(134)) - af280123-6372-4d1f-a5d4-c36229a73203: shutdown LeaderElection
2019-10-24 15:44:22,768 [af280123-6372-4d1f-a5d4-c36229a73203@group-75C85B6D1182-LeaderElection272] INFO  impl.RoleInfo (RoleInfo.java:updateAndGet(143)) - af280123-6372-4d1f-a5d4-c36229a73203: start FollowerState
2019-10-24 15:44:22,842 [java.util.concurrent.ThreadPoolExecutor$Worker@15849834[State = -1, empty queue]] WARN  server.GrpcLogAppender (GrpcLogAppender.java:timeoutAppendRequest(209)) - 2f81ded6-48e6-408d-9409-3cd44f70bee8@group-56059261E3EC->3a65ecdf-e32f-4548-a2e5-44ab823c11b3-GrpcLogAppender: appendEntries Timeout, request=2f81ded6-48e6-408d-9409-3cd44f70bee8->3a65ecdf-e32f-4548-a2e5-44ab823c11b3#75-t6, previous=(t:6, i:16), leaderCommit=16, initializing? false, entries: <empty>
2019-10-24 15:44:22,924 [Thread-2254] INFO  impl.FollowerState (FollowerState.java:run(108)) - af280123-6372-4d1f-a5d4-c36229a73203@group-75C85B6D1182-FollowerState: change to CANDIDATE, lastRpcTime:155ms, electionTimeout:155ms
2019-10-24 15:44:22,924 [Thread-2254] INFO  impl.RoleInfo (RoleInfo.java:shutdownFollowerState(121)) - af280123-6372-4d1f-a5d4-c36229a73203: shutdown FollowerState
2019-10-24 15:44:22,924 [Thread-2254] INFO  impl.RaftServerImpl (RaftServerImpl.java:setRole(184)) - af280123-6372-4d1f-a5d4-c36229a73203@group-75C85B6D1182: changes role from  FOLLOWER to CANDIDATE at term 266 for changeToCandidate
2019-10-24 15:44:22,924 [Thread-2254] INFO  impl.RoleInfo (RoleInfo.java:updateAndGet(143)) - af280123-6372-4d1f-a5d4-c36229a73203: start LeaderElection
2019-10-24 15:44:22,950 [af280123-6372-4d1f-a5d4-c36229a73203@group-75C85B6D1182-LeaderElection273] INFO  impl.LeaderElection (LeaderElection.java:askForVotes(178)) - af280123-6372-4d1f-a5d4-c36229a73203@group-75C85B6D1182-LeaderElection273: begin an election at term 267 for -1: [9092f221-0e0d-4970-bb84-cacd95020f21:192.168.164.213:41903, af280123-6372-4d1f-a5d4-c36229a73203:192.168.164.213:35334, b4ae536c-ed18-4717-a75c-ca4b5d6c4001:192.168.164.213:41180], old=null
2019-10-24 15:44:22,951 [af280123-6372-4d1f-a5d4-c36229a73203@group-75C85B6D1182-LeaderElection273] INFO  impl.LeaderElection (LogUtils.java:infoOrTrace(149)) - af280123-6372-4d1f-a5d4-c36229a73203@group-75C85B6D1182-LeaderElection273 got exception when requesting votes: {}
java.util.concurrent.ExecutionException: org.apache.ratis.thirdparty.io.grpc.StatusRuntimeException: UNAVAILABLE: io exception
	at java.util.concurrent.FutureTask.report(FutureTask.java:122)
	at java.util.concurrent.FutureTask.get(FutureTask.java:192)
	at org.apache.ratis.server.impl.LeaderElection.waitForResults(LeaderElection.java:259)
	at org.apache.ratis.server.impl.LeaderElection.askForVotes(LeaderElection.java:197)
	at org.apache.ratis.server.impl.LeaderElection.run(LeaderElection.java:133)
	at java.lang.Thread.run(Thread.java:748)
Caused by: org.apache.ratis.thirdparty.io.grpc.StatusRuntimeException: UNAVAILABLE: io exception
	at org.apache.ratis.thirdparty.io.grpc.stub.ClientCalls.toStatusRuntimeException(ClientCalls.java:233)
	at org.apache.ratis.thirdparty.io.grpc.stub.ClientCalls.getUnchecked(ClientCalls.java:214)
	at org.apache.ratis.thirdparty.io.grpc.stub.ClientCalls.blockingUnaryCall(ClientCalls.java:139)
	at org.apache.ratis.proto.grpc.RaftServerProtocolServiceGrpc$RaftServerProtocolServiceBlockingStub.requestVote(RaftServerProtocolServiceGrpc.java:265)
	at org.apache.ratis.grpc.server.GrpcServerProtocolClient.requestVote(GrpcServerProtocolClient.java:99)
	at org.apache.ratis.grpc.server.GrpcService.requestVote(GrpcService.java:204)
	at org.apache.ratis.server.impl.LeaderElection.lambda$submitRequests$1(LeaderElection.java:234)
	at java.util.concurrent.FutureTask.run(FutureTask.java:266)
	at java.util.concurrent.Executors$RunnableAdapter.call(Executors.java:511)
	at java.util.concurrent.FutureTask.run(FutureTask.java:266)
	at java.util.concurrent.ThreadPoolExecutor.runWorker(ThreadPoolExecutor.java:1149)
	at java.util.concurrent.ThreadPoolExecutor$Worker.run(ThreadPoolExecutor.java:624)
	... 1 more
Caused by: org.apache.ratis.thirdparty.io.netty.channel.AbstractChannel$AnnotatedConnectException: Connection refused: /192.168.164.213:41903
	at sun.nio.ch.SocketChannelImpl.checkConnect(Native Method)
	at sun.nio.ch.SocketChannelImpl.finishConnect(SocketChannelImpl.java:717)
	at org.apache.ratis.thirdparty.io.netty.channel.socket.nio.NioSocketChannel.doFinishConnect(NioSocketChannel.java:327)
	at org.apache.ratis.thirdparty.io.netty.channel.nio.AbstractNioChannel$AbstractNioUnsafe.finishConnect(AbstractNioChannel.java:340)
	at org.apache.ratis.thirdparty.io.netty.channel.nio.NioEventLoop.processSelectedKey(NioEventLoop.java:632)
	at org.apache.ratis.thirdparty.io.netty.channel.nio.NioEventLoop.processSelectedKeysOptimized(NioEventLoop.java:579)
	at org.apache.ratis.thirdparty.io.netty.channel.nio.NioEventLoop.processSelectedKeys(NioEventLoop.java:496)
	at org.apache.ratis.thirdparty.io.netty.channel.nio.NioEventLoop.run(NioEventLoop.java:458)
	at org.apache.ratis.thirdparty.io.netty.util.concurrent.SingleThreadEventExecutor$5.run(SingleThreadEventExecutor.java:897)
	at org.apache.ratis.thirdparty.io.netty.util.concurrent.FastThreadLocalRunnable.run(FastThreadLocalRunnable.java:30)
	... 1 more
Caused by: java.net.ConnectException: Connection refused
	... 11 more
2019-10-24 15:44:22,951 [af280123-6372-4d1f-a5d4-c36229a73203@group-75C85B6D1182-LeaderElection273] INFO  impl.LeaderElection (LogUtils.java:infoOrTrace(149)) - af280123-6372-4d1f-a5d4-c36229a73203@group-75C85B6D1182-LeaderElection273 got exception when requesting votes: {}
java.util.concurrent.ExecutionException: org.apache.ratis.thirdparty.io.grpc.StatusRuntimeException: UNAVAILABLE: io exception
	at java.util.concurrent.FutureTask.report(FutureTask.java:122)
	at java.util.concurrent.FutureTask.get(FutureTask.java:192)
	at org.apache.ratis.server.impl.LeaderElection.waitForResults(LeaderElection.java:259)
	at org.apache.ratis.server.impl.LeaderElection.askForVotes(LeaderElection.java:197)
	at org.apache.ratis.server.impl.LeaderElection.run(LeaderElection.java:133)
	at java.lang.Thread.run(Thread.java:748)
Caused by: org.apache.ratis.thirdparty.io.grpc.StatusRuntimeException: UNAVAILABLE: io exception
	at org.apache.ratis.thirdparty.io.grpc.stub.ClientCalls.toStatusRuntimeException(ClientCalls.java:233)
	at org.apache.ratis.thirdparty.io.grpc.stub.ClientCalls.getUnchecked(ClientCalls.java:214)
	at org.apache.ratis.thirdparty.io.grpc.stub.ClientCalls.blockingUnaryCall(ClientCalls.java:139)
	at org.apache.ratis.proto.grpc.RaftServerProtocolServiceGrpc$RaftServerProtocolServiceBlockingStub.requestVote(RaftServerProtocolServiceGrpc.java:265)
	at org.apache.ratis.grpc.server.GrpcServerProtocolClient.requestVote(GrpcServerProtocolClient.java:99)
	at org.apache.ratis.grpc.server.GrpcService.requestVote(GrpcService.java:204)
	at org.apache.ratis.server.impl.LeaderElection.lambda$submitRequests$1(LeaderElection.java:234)
	at java.util.concurrent.FutureTask.run(FutureTask.java:266)
	at java.util.concurrent.Executors$RunnableAdapter.call(Executors.java:511)
	at java.util.concurrent.FutureTask.run(FutureTask.java:266)
	at java.util.concurrent.ThreadPoolExecutor.runWorker(ThreadPoolExecutor.java:1149)
	at java.util.concurrent.ThreadPoolExecutor$Worker.run(ThreadPoolExecutor.java:624)
	... 1 more
Caused by: org.apache.ratis.thirdparty.io.netty.channel.AbstractChannel$AnnotatedConnectException: Connection refused: /192.168.164.213:41180
	at sun.nio.ch.SocketChannelImpl.checkConnect(Native Method)
	at sun.nio.ch.SocketChannelImpl.finishConnect(SocketChannelImpl.java:717)
	at org.apache.ratis.thirdparty.io.netty.channel.socket.nio.NioSocketChannel.doFinishConnect(NioSocketChannel.java:327)
	at org.apache.ratis.thirdparty.io.netty.channel.nio.AbstractNioChannel$AbstractNioUnsafe.finishConnect(AbstractNioChannel.java:340)
	at org.apache.ratis.thirdparty.io.netty.channel.nio.NioEventLoop.processSelectedKey(NioEventLoop.java:632)
	at org.apache.ratis.thirdparty.io.netty.channel.nio.NioEventLoop.processSelectedKeysOptimized(NioEventLoop.java:579)
	at org.apache.ratis.thirdparty.io.netty.channel.nio.NioEventLoop.processSelectedKeys(NioEventLoop.java:496)
	at org.apache.ratis.thirdparty.io.netty.channel.nio.NioEventLoop.run(NioEventLoop.java:458)
	at org.apache.ratis.thirdparty.io.netty.util.concurrent.SingleThreadEventExecutor$5.run(SingleThreadEventExecutor.java:897)
	at org.apache.ratis.thirdparty.io.netty.util.concurrent.FastThreadLocalRunnable.run(FastThreadLocalRunnable.java:30)
	... 1 more
Caused by: java.net.ConnectException: Connection refused
	... 11 more
2019-10-24 15:44:22,952 [af280123-6372-4d1f-a5d4-c36229a73203@group-75C85B6D1182-LeaderElection273] INFO  impl.LeaderElection (LeaderElection.java:logAndReturn(56)) - af280123-6372-4d1f-a5d4-c36229a73203@group-75C85B6D1182-LeaderElection273: Election REJECTED; received 0 response(s) [] and 2 exception(s); af280123-6372-4d1f-a5d4-c36229a73203@group-75C85B6D1182:t267, leader=null, voted=af280123-6372-4d1f-a5d4-c36229a73203, raftlog=af280123-6372-4d1f-a5d4-c36229a73203@group-75C85B6D1182-SegmentedRaftLog:OPENED:c-1,f-1,i0, conf=-1: [9092f221-0e0d-4970-bb84-cacd95020f21:192.168.164.213:41903, af280123-6372-4d1f-a5d4-c36229a73203:192.168.164.213:35334, b4ae536c-ed18-4717-a75c-ca4b5d6c4001:192.168.164.213:41180], old=null
2019-10-24 15:44:22,952 [af280123-6372-4d1f-a5d4-c36229a73203@group-75C85B6D1182-LeaderElection273] INFO  impl.LeaderElection (LogUtils.java:infoOrTrace(149)) -   Exception 0: {}
java.util.concurrent.ExecutionException: org.apache.ratis.thirdparty.io.grpc.StatusRuntimeException: UNAVAILABLE: io exception
	at java.util.concurrent.FutureTask.report(FutureTask.java:122)
	at java.util.concurrent.FutureTask.get(FutureTask.java:192)
	at org.apache.ratis.server.impl.LeaderElection.waitForResults(LeaderElection.java:259)
	at org.apache.ratis.server.impl.LeaderElection.askForVotes(LeaderElection.java:197)
	at org.apache.ratis.server.impl.LeaderElection.run(LeaderElection.java:133)
	at java.lang.Thread.run(Thread.java:748)
Caused by: org.apache.ratis.thirdparty.io.grpc.StatusRuntimeException: UNAVAILABLE: io exception
	at org.apache.ratis.thirdparty.io.grpc.stub.ClientCalls.toStatusRuntimeException(ClientCalls.java:233)
	at org.apache.ratis.thirdparty.io.grpc.stub.ClientCalls.getUnchecked(ClientCalls.java:214)
	at org.apache.ratis.thirdparty.io.grpc.stub.ClientCalls.blockingUnaryCall(ClientCalls.java:139)
	at org.apache.ratis.proto.grpc.RaftServerProtocolServiceGrpc$RaftServerProtocolServiceBlockingStub.requestVote(RaftServerProtocolServiceGrpc.java:265)
	at org.apache.ratis.grpc.server.GrpcServerProtocolClient.requestVote(GrpcServerProtocolClient.java:99)
	at org.apache.ratis.grpc.server.GrpcService.requestVote(GrpcService.java:204)
	at org.apache.ratis.server.impl.LeaderElection.lambda$submitRequests$1(LeaderElection.java:234)
	at java.util.concurrent.FutureTask.run(FutureTask.java:266)
	at java.util.concurrent.Executors$RunnableAdapter.call(Executors.java:511)
	at java.util.concurrent.FutureTask.run(FutureTask.java:266)
	at java.util.concurrent.ThreadPoolExecutor.runWorker(ThreadPoolExecutor.java:1149)
	at java.util.concurrent.ThreadPoolExecutor$Worker.run(ThreadPoolExecutor.java:624)
	... 1 more
Caused by: org.apache.ratis.thirdparty.io.netty.channel.AbstractChannel$AnnotatedConnectException: Connection refused: /192.168.164.213:41903
	at sun.nio.ch.SocketChannelImpl.checkConnect(Native Method)
	at sun.nio.ch.SocketChannelImpl.finishConnect(SocketChannelImpl.java:717)
	at org.apache.ratis.thirdparty.io.netty.channel.socket.nio.NioSocketChannel.doFinishConnect(NioSocketChannel.java:327)
	at org.apache.ratis.thirdparty.io.netty.channel.nio.AbstractNioChannel$AbstractNioUnsafe.finishConnect(AbstractNioChannel.java:340)
	at org.apache.ratis.thirdparty.io.netty.channel.nio.NioEventLoop.processSelectedKey(NioEventLoop.java:632)
	at org.apache.ratis.thirdparty.io.netty.channel.nio.NioEventLoop.processSelectedKeysOptimized(NioEventLoop.java:579)
	at org.apache.ratis.thirdparty.io.netty.channel.nio.NioEventLoop.processSelectedKeys(NioEventLoop.java:496)
	at org.apache.ratis.thirdparty.io.netty.channel.nio.NioEventLoop.run(NioEventLoop.java:458)
	at org.apache.ratis.thirdparty.io.netty.util.concurrent.SingleThreadEventExecutor$5.run(SingleThreadEventExecutor.java:897)
	at org.apache.ratis.thirdparty.io.netty.util.concurrent.FastThreadLocalRunnable.run(FastThreadLocalRunnable.java:30)
	... 1 more
Caused by: java.net.ConnectException: Connection refused
	... 11 more
2019-10-24 15:44:22,952 [af280123-6372-4d1f-a5d4-c36229a73203@group-75C85B6D1182-LeaderElection273] INFO  impl.LeaderElection (LogUtils.java:infoOrTrace(149)) -   Exception 1: {}
java.util.concurrent.ExecutionException: org.apache.ratis.thirdparty.io.grpc.StatusRuntimeException: UNAVAILABLE: io exception
	at java.util.concurrent.FutureTask.report(FutureTask.java:122)
	at java.util.concurrent.FutureTask.get(FutureTask.java:192)
	at org.apache.ratis.server.impl.LeaderElection.waitForResults(LeaderElection.java:259)
	at org.apache.ratis.server.impl.LeaderElection.askForVotes(LeaderElection.java:197)
	at org.apache.ratis.server.impl.LeaderElection.run(LeaderElection.java:133)
	at java.lang.Thread.run(Thread.java:748)
Caused by: org.apache.ratis.thirdparty.io.grpc.StatusRuntimeException: UNAVAILABLE: io exception
	at org.apache.ratis.thirdparty.io.grpc.stub.ClientCalls.toStatusRuntimeException(ClientCalls.java:233)
	at org.apache.ratis.thirdparty.io.grpc.stub.ClientCalls.getUnchecked(ClientCalls.java:214)
	at org.apache.ratis.thirdparty.io.grpc.stub.ClientCalls.blockingUnaryCall(ClientCalls.java:139)
	at org.apache.ratis.proto.grpc.RaftServerProtocolServiceGrpc$RaftServerProtocolServiceBlockingStub.requestVote(RaftServerProtocolServiceGrpc.java:265)
	at org.apache.ratis.grpc.server.GrpcServerProtocolClient.requestVote(GrpcServerProtocolClient.java:99)
	at org.apache.ratis.grpc.server.GrpcService.requestVote(GrpcService.java:204)
	at org.apache.ratis.server.impl.LeaderElection.lambda$submitRequests$1(LeaderElection.java:234)
	at java.util.concurrent.FutureTask.run(FutureTask.java:266)
	at java.util.concurrent.Executors$RunnableAdapter.call(Executors.java:511)
	at java.util.concurrent.FutureTask.run(FutureTask.java:266)
	at java.util.concurrent.ThreadPoolExecutor.runWorker(ThreadPoolExecutor.java:1149)
	at java.util.concurrent.ThreadPoolExecutor$Worker.run(ThreadPoolExecutor.java:624)
	... 1 more
Caused by: org.apache.ratis.thirdparty.io.netty.channel.AbstractChannel$AnnotatedConnectException: Connection refused: /192.168.164.213:41180
	at sun.nio.ch.SocketChannelImpl.checkConnect(Native Method)
	at sun.nio.ch.SocketChannelImpl.finishConnect(SocketChannelImpl.java:717)
	at org.apache.ratis.thirdparty.io.netty.channel.socket.nio.NioSocketChannel.doFinishConnect(NioSocketChannel.java:327)
	at org.apache.ratis.thirdparty.io.netty.channel.nio.AbstractNioChannel$AbstractNioUnsafe.finishConnect(AbstractNioChannel.java:340)
	at org.apache.ratis.thirdparty.io.netty.channel.nio.NioEventLoop.processSelectedKey(NioEventLoop.java:632)
	at org.apache.ratis.thirdparty.io.netty.channel.nio.NioEventLoop.processSelectedKeysOptimized(NioEventLoop.java:579)
	at org.apache.ratis.thirdparty.io.netty.channel.nio.NioEventLoop.processSelectedKeys(NioEventLoop.java:496)
	at org.apache.ratis.thirdparty.io.netty.channel.nio.NioEventLoop.run(NioEventLoop.java:458)
	at org.apache.ratis.thirdparty.io.netty.util.concurrent.SingleThreadEventExecutor$5.run(SingleThreadEventExecutor.java:897)
	at org.apache.ratis.thirdparty.io.netty.util.concurrent.FastThreadLocalRunnable.run(FastThreadLocalRunnable.java:30)
	... 1 more
Caused by: java.net.ConnectException: Connection refused
	... 11 more
2019-10-24 15:44:22,952 [af280123-6372-4d1f-a5d4-c36229a73203@group-75C85B6D1182-LeaderElection273] INFO  impl.RaftServerImpl (RaftServerImpl.java:setRole(184)) - af280123-6372-4d1f-a5d4-c36229a73203@group-75C85B6D1182: changes role from CANDIDATE to FOLLOWER at term 267 for DISCOVERED_A_NEW_TERM
2019-10-24 15:44:22,953 [af280123-6372-4d1f-a5d4-c36229a73203@group-75C85B6D1182-LeaderElection273] INFO  impl.RoleInfo (RoleInfo.java:shutdownLeaderElection(134)) - af280123-6372-4d1f-a5d4-c36229a73203: shutdown LeaderElection
2019-10-24 15:44:22,953 [af280123-6372-4d1f-a5d4-c36229a73203@group-75C85B6D1182-LeaderElection273] INFO  impl.RoleInfo (RoleInfo.java:updateAndGet(143)) - af280123-6372-4d1f-a5d4-c36229a73203: start FollowerState
2019-10-24 15:44:23,028 [Thread-2258] INFO  impl.FollowerState (FollowerState.java:run(108)) - af280123-6372-4d1f-a5d4-c36229a73203@group-75C85B6D1182-FollowerState: change to CANDIDATE, lastRpcTime:75ms, electionTimeout:75ms
2019-10-24 15:44:23,028 [Thread-2258] INFO  impl.RoleInfo (RoleInfo.java:shutdownFollowerState(121)) - af280123-6372-4d1f-a5d4-c36229a73203: shutdown FollowerState
2019-10-24 15:44:23,029 [Thread-2258] INFO  impl.RaftServerImpl (RaftServerImpl.java:setRole(184)) - af280123-6372-4d1f-a5d4-c36229a73203@group-75C85B6D1182: changes role from  FOLLOWER to CANDIDATE at term 267 for changeToCandidate
2019-10-24 15:44:23,029 [Thread-2258] INFO  impl.RoleInfo (RoleInfo.java:updateAndGet(143)) - af280123-6372-4d1f-a5d4-c36229a73203: start LeaderElection
2019-10-24 15:44:23,042 [af280123-6372-4d1f-a5d4-c36229a73203@group-75C85B6D1182-LeaderElection274] INFO  impl.LeaderElection (LeaderElection.java:askForVotes(178)) - af280123-6372-4d1f-a5d4-c36229a73203@group-75C85B6D1182-LeaderElection274: begin an election at term 268 for -1: [9092f221-0e0d-4970-bb84-cacd95020f21:192.168.164.213:41903, af280123-6372-4d1f-a5d4-c36229a73203:192.168.164.213:35334, b4ae536c-ed18-4717-a75c-ca4b5d6c4001:192.168.164.213:41180], old=null
2019-10-24 15:44:23,044 [af280123-6372-4d1f-a5d4-c36229a73203@group-75C85B6D1182-LeaderElection274] INFO  impl.LeaderElection (LogUtils.java:infoOrTrace(149)) - af280123-6372-4d1f-a5d4-c36229a73203@group-75C85B6D1182-LeaderElection274 got exception when requesting votes: {}
java.util.concurrent.ExecutionException: org.apache.ratis.thirdparty.io.grpc.StatusRuntimeException: UNAVAILABLE: io exception
	at java.util.concurrent.FutureTask.report(FutureTask.java:122)
	at java.util.concurrent.FutureTask.get(FutureTask.java:192)
	at org.apache.ratis.server.impl.LeaderElection.waitForResults(LeaderElection.java:259)
	at org.apache.ratis.server.impl.LeaderElection.askForVotes(LeaderElection.java:197)
	at org.apache.ratis.server.impl.LeaderElection.run(LeaderElection.java:133)
	at java.lang.Thread.run(Thread.java:748)
Caused by: org.apache.ratis.thirdparty.io.grpc.StatusRuntimeException: UNAVAILABLE: io exception
	at org.apache.ratis.thirdparty.io.grpc.stub.ClientCalls.toStatusRuntimeException(ClientCalls.java:233)
	at org.apache.ratis.thirdparty.io.grpc.stub.ClientCalls.getUnchecked(ClientCalls.java:214)
	at org.apache.ratis.thirdparty.io.grpc.stub.ClientCalls.blockingUnaryCall(ClientCalls.java:139)
	at org.apache.ratis.proto.grpc.RaftServerProtocolServiceGrpc$RaftServerProtocolServiceBlockingStub.requestVote(RaftServerProtocolServiceGrpc.java:265)
	at org.apache.ratis.grpc.server.GrpcServerProtocolClient.requestVote(GrpcServerProtocolClient.java:99)
	at org.apache.ratis.grpc.server.GrpcService.requestVote(GrpcService.java:204)
	at org.apache.ratis.server.impl.LeaderElection.lambda$submitRequests$1(LeaderElection.java:234)
	at java.util.concurrent.FutureTask.run(FutureTask.java:266)
	at java.util.concurrent.Executors$RunnableAdapter.call(Executors.java:511)
	at java.util.concurrent.FutureTask.run(FutureTask.java:266)
	at java.util.concurrent.ThreadPoolExecutor.runWorker(ThreadPoolExecutor.java:1149)
	at java.util.concurrent.ThreadPoolExecutor$Worker.run(ThreadPoolExecutor.java:624)
	... 1 more
Caused by: org.apache.ratis.thirdparty.io.netty.channel.AbstractChannel$AnnotatedConnectException: Connection refused: /192.168.164.213:41903
	at sun.nio.ch.SocketChannelImpl.checkConnect(Native Method)
	at sun.nio.ch.SocketChannelImpl.finishConnect(SocketChannelImpl.java:717)
	at org.apache.ratis.thirdparty.io.netty.channel.socket.nio.NioSocketChannel.doFinishConnect(NioSocketChannel.java:327)
	at org.apache.ratis.thirdparty.io.netty.channel.nio.AbstractNioChannel$AbstractNioUnsafe.finishConnect(AbstractNioChannel.java:340)
	at org.apache.ratis.thirdparty.io.netty.channel.nio.NioEventLoop.processSelectedKey(NioEventLoop.java:632)
	at org.apache.ratis.thirdparty.io.netty.channel.nio.NioEventLoop.processSelectedKeysOptimized(NioEventLoop.java:579)
	at org.apache.ratis.thirdparty.io.netty.channel.nio.NioEventLoop.processSelectedKeys(NioEventLoop.java:496)
	at org.apache.ratis.thirdparty.io.netty.channel.nio.NioEventLoop.run(NioEventLoop.java:458)
	at org.apache.ratis.thirdparty.io.netty.util.concurrent.SingleThreadEventExecutor$5.run(SingleThreadEventExecutor.java:897)
	at org.apache.ratis.thirdparty.io.netty.util.concurrent.FastThreadLocalRunnable.run(FastThreadLocalRunnable.java:30)
	... 1 more
Caused by: java.net.ConnectException: Connection refused
	... 11 more
2019-10-24 15:44:23,044 [af280123-6372-4d1f-a5d4-c36229a73203@group-75C85B6D1182-LeaderElection274] INFO  impl.LeaderElection (LogUtils.java:infoOrTrace(149)) - af280123-6372-4d1f-a5d4-c36229a73203@group-75C85B6D1182-LeaderElection274 got exception when requesting votes: {}
java.util.concurrent.ExecutionException: org.apache.ratis.thirdparty.io.grpc.StatusRuntimeException: UNAVAILABLE: io exception
	at java.util.concurrent.FutureTask.report(FutureTask.java:122)
	at java.util.concurrent.FutureTask.get(FutureTask.java:192)
	at org.apache.ratis.server.impl.LeaderElection.waitForResults(LeaderElection.java:259)
	at org.apache.ratis.server.impl.LeaderElection.askForVotes(LeaderElection.java:197)
	at org.apache.ratis.server.impl.LeaderElection.run(LeaderElection.java:133)
	at java.lang.Thread.run(Thread.java:748)
Caused by: org.apache.ratis.thirdparty.io.grpc.StatusRuntimeException: UNAVAILABLE: io exception
	at org.apache.ratis.thirdparty.io.grpc.stub.ClientCalls.toStatusRuntimeException(ClientCalls.java:233)
	at org.apache.ratis.thirdparty.io.grpc.stub.ClientCalls.getUnchecked(ClientCalls.java:214)
	at org.apache.ratis.thirdparty.io.grpc.stub.ClientCalls.blockingUnaryCall(ClientCalls.java:139)
	at org.apache.ratis.proto.grpc.RaftServerProtocolServiceGrpc$RaftServerProtocolServiceBlockingStub.requestVote(RaftServerProtocolServiceGrpc.java:265)
	at org.apache.ratis.grpc.server.GrpcServerProtocolClient.requestVote(GrpcServerProtocolClient.java:99)
	at org.apache.ratis.grpc.server.GrpcService.requestVote(GrpcService.java:204)
	at org.apache.ratis.server.impl.LeaderElection.lambda$submitRequests$1(LeaderElection.java:234)
	at java.util.concurrent.FutureTask.run(FutureTask.java:266)
	at java.util.concurrent.Executors$RunnableAdapter.call(Executors.java:511)
	at java.util.concurrent.FutureTask.run(FutureTask.java:266)
	at java.util.concurrent.ThreadPoolExecutor.runWorker(ThreadPoolExecutor.java:1149)
	at java.util.concurrent.ThreadPoolExecutor$Worker.run(ThreadPoolExecutor.java:624)
	... 1 more
Caused by: org.apache.ratis.thirdparty.io.netty.channel.AbstractChannel$AnnotatedConnectException: Connection refused: /192.168.164.213:41180
	at sun.nio.ch.SocketChannelImpl.checkConnect(Native Method)
	at sun.nio.ch.SocketChannelImpl.finishConnect(SocketChannelImpl.java:717)
	at org.apache.ratis.thirdparty.io.netty.channel.socket.nio.NioSocketChannel.doFinishConnect(NioSocketChannel.java:327)
	at org.apache.ratis.thirdparty.io.netty.channel.nio.AbstractNioChannel$AbstractNioUnsafe.finishConnect(AbstractNioChannel.java:340)
	at org.apache.ratis.thirdparty.io.netty.channel.nio.NioEventLoop.processSelectedKey(NioEventLoop.java:632)
	at org.apache.ratis.thirdparty.io.netty.channel.nio.NioEventLoop.processSelectedKeysOptimized(NioEventLoop.java:579)
	at org.apache.ratis.thirdparty.io.netty.channel.nio.NioEventLoop.processSelectedKeys(NioEventLoop.java:496)
	at org.apache.ratis.thirdparty.io.netty.channel.nio.NioEventLoop.run(NioEventLoop.java:458)
	at org.apache.ratis.thirdparty.io.netty.util.concurrent.SingleThreadEventExecutor$5.run(SingleThreadEventExecutor.java:897)
	at org.apache.ratis.thirdparty.io.netty.util.concurrent.FastThreadLocalRunnable.run(FastThreadLocalRunnable.java:30)
	... 1 more
Caused by: java.net.ConnectException: Connection refused
	... 11 more
2019-10-24 15:44:23,045 [af280123-6372-4d1f-a5d4-c36229a73203@group-75C85B6D1182-LeaderElection274] INFO  impl.LeaderElection (LeaderElection.java:logAndReturn(56)) - af280123-6372-4d1f-a5d4-c36229a73203@group-75C85B6D1182-LeaderElection274: Election REJECTED; received 0 response(s) [] and 2 exception(s); af280123-6372-4d1f-a5d4-c36229a73203@group-75C85B6D1182:t268, leader=null, voted=af280123-6372-4d1f-a5d4-c36229a73203, raftlog=af280123-6372-4d1f-a5d4-c36229a73203@group-75C85B6D1182-SegmentedRaftLog:OPENED:c-1,f-1,i0, conf=-1: [9092f221-0e0d-4970-bb84-cacd95020f21:192.168.164.213:41903, af280123-6372-4d1f-a5d4-c36229a73203:192.168.164.213:35334, b4ae536c-ed18-4717-a75c-ca4b5d6c4001:192.168.164.213:41180], old=null
2019-10-24 15:44:23,045 [af280123-6372-4d1f-a5d4-c36229a73203@group-75C85B6D1182-LeaderElection274] INFO  impl.LeaderElection (LogUtils.java:infoOrTrace(149)) -   Exception 0: {}
java.util.concurrent.ExecutionException: org.apache.ratis.thirdparty.io.grpc.StatusRuntimeException: UNAVAILABLE: io exception
	at java.util.concurrent.FutureTask.report(FutureTask.java:122)
	at java.util.concurrent.FutureTask.get(FutureTask.java:192)
	at org.apache.ratis.server.impl.LeaderElection.waitForResults(LeaderElection.java:259)
	at org.apache.ratis.server.impl.LeaderElection.askForVotes(LeaderElection.java:197)
	at org.apache.ratis.server.impl.LeaderElection.run(LeaderElection.java:133)
	at java.lang.Thread.run(Thread.java:748)
Caused by: org.apache.ratis.thirdparty.io.grpc.StatusRuntimeException: UNAVAILABLE: io exception
	at org.apache.ratis.thirdparty.io.grpc.stub.ClientCalls.toStatusRuntimeException(ClientCalls.java:233)
	at org.apache.ratis.thirdparty.io.grpc.stub.ClientCalls.getUnchecked(ClientCalls.java:214)
	at org.apache.ratis.thirdparty.io.grpc.stub.ClientCalls.blockingUnaryCall(ClientCalls.java:139)
	at org.apache.ratis.proto.grpc.RaftServerProtocolServiceGrpc$RaftServerProtocolServiceBlockingStub.requestVote(RaftServerProtocolServiceGrpc.java:265)
	at org.apache.ratis.grpc.server.GrpcServerProtocolClient.requestVote(GrpcServerProtocolClient.java:99)
	at org.apache.ratis.grpc.server.GrpcService.requestVote(GrpcService.java:204)
	at org.apache.ratis.server.impl.LeaderElection.lambda$submitRequests$1(LeaderElection.java:234)
	at java.util.concurrent.FutureTask.run(FutureTask.java:266)
	at java.util.concurrent.Executors$RunnableAdapter.call(Executors.java:511)
	at java.util.concurrent.FutureTask.run(FutureTask.java:266)
	at java.util.concurrent.ThreadPoolExecutor.runWorker(ThreadPoolExecutor.java:1149)
	at java.util.concurrent.ThreadPoolExecutor$Worker.run(ThreadPoolExecutor.java:624)
	... 1 more
Caused by: org.apache.ratis.thirdparty.io.netty.channel.AbstractChannel$AnnotatedConnectException: Connection refused: /192.168.164.213:41903
	at sun.nio.ch.SocketChannelImpl.checkConnect(Native Method)
	at sun.nio.ch.SocketChannelImpl.finishConnect(SocketChannelImpl.java:717)
	at org.apache.ratis.thirdparty.io.netty.channel.socket.nio.NioSocketChannel.doFinishConnect(NioSocketChannel.java:327)
	at org.apache.ratis.thirdparty.io.netty.channel.nio.AbstractNioChannel$AbstractNioUnsafe.finishConnect(AbstractNioChannel.java:340)
	at org.apache.ratis.thirdparty.io.netty.channel.nio.NioEventLoop.processSelectedKey(NioEventLoop.java:632)
	at org.apache.ratis.thirdparty.io.netty.channel.nio.NioEventLoop.processSelectedKeysOptimized(NioEventLoop.java:579)
	at org.apache.ratis.thirdparty.io.netty.channel.nio.NioEventLoop.processSelectedKeys(NioEventLoop.java:496)
	at org.apache.ratis.thirdparty.io.netty.channel.nio.NioEventLoop.run(NioEventLoop.java:458)
	at org.apache.ratis.thirdparty.io.netty.util.concurrent.SingleThreadEventExecutor$5.run(SingleThreadEventExecutor.java:897)
	at org.apache.ratis.thirdparty.io.netty.util.concurrent.FastThreadLocalRunnable.run(FastThreadLocalRunnable.java:30)
	... 1 more
Caused by: java.net.ConnectException: Connection refused
	... 11 more
2019-10-24 15:44:23,046 [af280123-6372-4d1f-a5d4-c36229a73203@group-75C85B6D1182-LeaderElection274] INFO  impl.LeaderElection (LogUtils.java:infoOrTrace(149)) -   Exception 1: {}
java.util.concurrent.ExecutionException: org.apache.ratis.thirdparty.io.grpc.StatusRuntimeException: UNAVAILABLE: io exception
	at java.util.concurrent.FutureTask.report(FutureTask.java:122)
	at java.util.concurrent.FutureTask.get(FutureTask.java:192)
	at org.apache.ratis.server.impl.LeaderElection.waitForResults(LeaderElection.java:259)
	at org.apache.ratis.server.impl.LeaderElection.askForVotes(LeaderElection.java:197)
	at org.apache.ratis.server.impl.LeaderElection.run(LeaderElection.java:133)
	at java.lang.Thread.run(Thread.java:748)
Caused by: org.apache.ratis.thirdparty.io.grpc.StatusRuntimeException: UNAVAILABLE: io exception
	at org.apache.ratis.thirdparty.io.grpc.stub.ClientCalls.toStatusRuntimeException(ClientCalls.java:233)
	at org.apache.ratis.thirdparty.io.grpc.stub.ClientCalls.getUnchecked(ClientCalls.java:214)
	at org.apache.ratis.thirdparty.io.grpc.stub.ClientCalls.blockingUnaryCall(ClientCalls.java:139)
	at org.apache.ratis.proto.grpc.RaftServerProtocolServiceGrpc$RaftServerProtocolServiceBlockingStub.requestVote(RaftServerProtocolServiceGrpc.java:265)
	at org.apache.ratis.grpc.server.GrpcServerProtocolClient.requestVote(GrpcServerProtocolClient.java:99)
	at org.apache.ratis.grpc.server.GrpcService.requestVote(GrpcService.java:204)
	at org.apache.ratis.server.impl.LeaderElection.lambda$submitRequests$1(LeaderElection.java:234)
	at java.util.concurrent.FutureTask.run(FutureTask.java:266)
	at java.util.concurrent.Executors$RunnableAdapter.call(Executors.java:511)
	at java.util.concurrent.FutureTask.run(FutureTask.java:266)
	at java.util.concurrent.ThreadPoolExecutor.runWorker(ThreadPoolExecutor.java:1149)
	at java.util.concurrent.ThreadPoolExecutor$Worker.run(ThreadPoolExecutor.java:624)
	... 1 more
Caused by: org.apache.ratis.thirdparty.io.netty.channel.AbstractChannel$AnnotatedConnectException: Connection refused: /192.168.164.213:41180
	at sun.nio.ch.SocketChannelImpl.checkConnect(Native Method)
	at sun.nio.ch.SocketChannelImpl.finishConnect(SocketChannelImpl.java:717)
	at org.apache.ratis.thirdparty.io.netty.channel.socket.nio.NioSocketChannel.doFinishConnect(NioSocketChannel.java:327)
	at org.apache.ratis.thirdparty.io.netty.channel.nio.AbstractNioChannel$AbstractNioUnsafe.finishConnect(AbstractNioChannel.java:340)
	at org.apache.ratis.thirdparty.io.netty.channel.nio.NioEventLoop.processSelectedKey(NioEventLoop.java:632)
	at org.apache.ratis.thirdparty.io.netty.channel.nio.NioEventLoop.processSelectedKeysOptimized(NioEventLoop.java:579)
	at org.apache.ratis.thirdparty.io.netty.channel.nio.NioEventLoop.processSelectedKeys(NioEventLoop.java:496)
	at org.apache.ratis.thirdparty.io.netty.channel.nio.NioEventLoop.run(NioEventLoop.java:458)
	at org.apache.ratis.thirdparty.io.netty.util.concurrent.SingleThreadEventExecutor$5.run(SingleThreadEventExecutor.java:897)
	at org.apache.ratis.thirdparty.io.netty.util.concurrent.FastThreadLocalRunnable.run(FastThreadLocalRunnable.java:30)
	... 1 more
Caused by: java.net.ConnectException: Connection refused
	... 11 more
2019-10-24 15:44:23,047 [af280123-6372-4d1f-a5d4-c36229a73203@group-75C85B6D1182-LeaderElection274] INFO  impl.RaftServerImpl (RaftServerImpl.java:setRole(184)) - af280123-6372-4d1f-a5d4-c36229a73203@group-75C85B6D1182: changes role from CANDIDATE to FOLLOWER at term 268 for DISCOVERED_A_NEW_TERM
2019-10-24 15:44:23,047 [af280123-6372-4d1f-a5d4-c36229a73203@group-75C85B6D1182-LeaderElection274] INFO  impl.RoleInfo (RoleInfo.java:shutdownLeaderElection(134)) - af280123-6372-4d1f-a5d4-c36229a73203: shutdown LeaderElection
2019-10-24 15:44:23,047 [af280123-6372-4d1f-a5d4-c36229a73203@group-75C85B6D1182-LeaderElection274] INFO  impl.RoleInfo (RoleInfo.java:updateAndGet(143)) - af280123-6372-4d1f-a5d4-c36229a73203: start FollowerState
2019-10-24 15:44:23,190 [Thread-2262] INFO  impl.FollowerState (FollowerState.java:run(108)) - af280123-6372-4d1f-a5d4-c36229a73203@group-75C85B6D1182-FollowerState: change to CANDIDATE, lastRpcTime:143ms, electionTimeout:143ms
2019-10-24 15:44:23,191 [Thread-2262] INFO  impl.RoleInfo (RoleInfo.java:shutdownFollowerState(121)) - af280123-6372-4d1f-a5d4-c36229a73203: shutdown FollowerState
2019-10-24 15:44:23,191 [Thread-2262] INFO  impl.RaftServerImpl (RaftServerImpl.java:setRole(184)) - af280123-6372-4d1f-a5d4-c36229a73203@group-75C85B6D1182: changes role from  FOLLOWER to CANDIDATE at term 268 for changeToCandidate
2019-10-24 15:44:23,191 [Thread-2262] INFO  impl.RoleInfo (RoleInfo.java:updateAndGet(143)) - af280123-6372-4d1f-a5d4-c36229a73203: start LeaderElection
2019-10-24 15:44:23,204 [af280123-6372-4d1f-a5d4-c36229a73203@group-75C85B6D1182-LeaderElection275] INFO  impl.LeaderElection (LeaderElection.java:askForVotes(178)) - af280123-6372-4d1f-a5d4-c36229a73203@group-75C85B6D1182-LeaderElection275: begin an election at term 269 for -1: [9092f221-0e0d-4970-bb84-cacd95020f21:192.168.164.213:41903, af280123-6372-4d1f-a5d4-c36229a73203:192.168.164.213:35334, b4ae536c-ed18-4717-a75c-ca4b5d6c4001:192.168.164.213:41180], old=null
2019-10-24 15:44:23,205 [af280123-6372-4d1f-a5d4-c36229a73203@group-75C85B6D1182-LeaderElection275] INFO  impl.LeaderElection (LogUtils.java:infoOrTrace(149)) - af280123-6372-4d1f-a5d4-c36229a73203@group-75C85B6D1182-LeaderElection275 got exception when requesting votes: {}
java.util.concurrent.ExecutionException: org.apache.ratis.thirdparty.io.grpc.StatusRuntimeException: UNAVAILABLE: io exception
	at java.util.concurrent.FutureTask.report(FutureTask.java:122)
	at java.util.concurrent.FutureTask.get(FutureTask.java:192)
	at org.apache.ratis.server.impl.LeaderElection.waitForResults(LeaderElection.java:259)
	at org.apache.ratis.server.impl.LeaderElection.askForVotes(LeaderElection.java:197)
	at org.apache.ratis.server.impl.LeaderElection.run(LeaderElection.java:133)
	at java.lang.Thread.run(Thread.java:748)
Caused by: org.apache.ratis.thirdparty.io.grpc.StatusRuntimeException: UNAVAILABLE: io exception
	at org.apache.ratis.thirdparty.io.grpc.stub.ClientCalls.toStatusRuntimeException(ClientCalls.java:233)
	at org.apache.ratis.thirdparty.io.grpc.stub.ClientCalls.getUnchecked(ClientCalls.java:214)
	at org.apache.ratis.thirdparty.io.grpc.stub.ClientCalls.blockingUnaryCall(ClientCalls.java:139)
	at org.apache.ratis.proto.grpc.RaftServerProtocolServiceGrpc$RaftServerProtocolServiceBlockingStub.requestVote(RaftServerProtocolServiceGrpc.java:265)
	at org.apache.ratis.grpc.server.GrpcServerProtocolClient.requestVote(GrpcServerProtocolClient.java:99)
	at org.apache.ratis.grpc.server.GrpcService.requestVote(GrpcService.java:204)
	at org.apache.ratis.server.impl.LeaderElection.lambda$submitRequests$1(LeaderElection.java:234)
	at java.util.concurrent.FutureTask.run(FutureTask.java:266)
	at java.util.concurrent.Executors$RunnableAdapter.call(Executors.java:511)
	at java.util.concurrent.FutureTask.run(FutureTask.java:266)
	at java.util.concurrent.ThreadPoolExecutor.runWorker(ThreadPoolExecutor.java:1149)
	at java.util.concurrent.ThreadPoolExecutor$Worker.run(ThreadPoolExecutor.java:624)
	... 1 more
Caused by: org.apache.ratis.thirdparty.io.netty.channel.AbstractChannel$AnnotatedConnectException: Connection refused: /192.168.164.213:41903
	at sun.nio.ch.SocketChannelImpl.checkConnect(Native Method)
	at sun.nio.ch.SocketChannelImpl.finishConnect(SocketChannelImpl.java:717)
	at org.apache.ratis.thirdparty.io.netty.channel.socket.nio.NioSocketChannel.doFinishConnect(NioSocketChannel.java:327)
	at org.apache.ratis.thirdparty.io.netty.channel.nio.AbstractNioChannel$AbstractNioUnsafe.finishConnect(AbstractNioChannel.java:340)
	at org.apache.ratis.thirdparty.io.netty.channel.nio.NioEventLoop.processSelectedKey(NioEventLoop.java:632)
	at org.apache.ratis.thirdparty.io.netty.channel.nio.NioEventLoop.processSelectedKeysOptimized(NioEventLoop.java:579)
	at org.apache.ratis.thirdparty.io.netty.channel.nio.NioEventLoop.processSelectedKeys(NioEventLoop.java:496)
	at org.apache.ratis.thirdparty.io.netty.channel.nio.NioEventLoop.run(NioEventLoop.java:458)
	at org.apache.ratis.thirdparty.io.netty.util.concurrent.SingleThreadEventExecutor$5.run(SingleThreadEventExecutor.java:897)
	at org.apache.ratis.thirdparty.io.netty.util.concurrent.FastThreadLocalRunnable.run(FastThreadLocalRunnable.java:30)
	... 1 more
Caused by: java.net.ConnectException: Connection refused
	... 11 more
2019-10-24 15:44:23,206 [af280123-6372-4d1f-a5d4-c36229a73203@group-75C85B6D1182-LeaderElection275] INFO  impl.LeaderElection (LogUtils.java:infoOrTrace(149)) - af280123-6372-4d1f-a5d4-c36229a73203@group-75C85B6D1182-LeaderElection275 got exception when requesting votes: {}
java.util.concurrent.ExecutionException: org.apache.ratis.thirdparty.io.grpc.StatusRuntimeException: UNAVAILABLE: io exception
	at java.util.concurrent.FutureTask.report(FutureTask.java:122)
	at java.util.concurrent.FutureTask.get(FutureTask.java:192)
	at org.apache.ratis.server.impl.LeaderElection.waitForResults(LeaderElection.java:259)
	at org.apache.ratis.server.impl.LeaderElection.askForVotes(LeaderElection.java:197)
	at org.apache.ratis.server.impl.LeaderElection.run(LeaderElection.java:133)
	at java.lang.Thread.run(Thread.java:748)
Caused by: org.apache.ratis.thirdparty.io.grpc.StatusRuntimeException: UNAVAILABLE: io exception
	at org.apache.ratis.thirdparty.io.grpc.stub.ClientCalls.toStatusRuntimeException(ClientCalls.java:233)
	at org.apache.ratis.thirdparty.io.grpc.stub.ClientCalls.getUnchecked(ClientCalls.java:214)
	at org.apache.ratis.thirdparty.io.grpc.stub.ClientCalls.blockingUnaryCall(ClientCalls.java:139)
	at org.apache.ratis.proto.grpc.RaftServerProtocolServiceGrpc$RaftServerProtocolServiceBlockingStub.requestVote(RaftServerProtocolServiceGrpc.java:265)
	at org.apache.ratis.grpc.server.GrpcServerProtocolClient.requestVote(GrpcServerProtocolClient.java:99)
	at org.apache.ratis.grpc.server.GrpcService.requestVote(GrpcService.java:204)
	at org.apache.ratis.server.impl.LeaderElection.lambda$submitRequests$1(LeaderElection.java:234)
	at java.util.concurrent.FutureTask.run(FutureTask.java:266)
	at java.util.concurrent.Executors$RunnableAdapter.call(Executors.java:511)
	at java.util.concurrent.FutureTask.run(FutureTask.java:266)
	at java.util.concurrent.ThreadPoolExecutor.runWorker(ThreadPoolExecutor.java:1149)
	at java.util.concurrent.ThreadPoolExecutor$Worker.run(ThreadPoolExecutor.java:624)
	... 1 more
Caused by: org.apache.ratis.thirdparty.io.netty.channel.AbstractChannel$AnnotatedConnectException: Connection refused: /192.168.164.213:41180
	at sun.nio.ch.SocketChannelImpl.checkConnect(Native Method)
	at sun.nio.ch.SocketChannelImpl.finishConnect(SocketChannelImpl.java:717)
	at org.apache.ratis.thirdparty.io.netty.channel.socket.nio.NioSocketChannel.doFinishConnect(NioSocketChannel.java:327)
	at org.apache.ratis.thirdparty.io.netty.channel.nio.AbstractNioChannel$AbstractNioUnsafe.finishConnect(AbstractNioChannel.java:340)
	at org.apache.ratis.thirdparty.io.netty.channel.nio.NioEventLoop.processSelectedKey(NioEventLoop.java:632)
	at org.apache.ratis.thirdparty.io.netty.channel.nio.NioEventLoop.processSelectedKeysOptimized(NioEventLoop.java:579)
	at org.apache.ratis.thirdparty.io.netty.channel.nio.NioEventLoop.processSelectedKeys(NioEventLoop.java:496)
	at org.apache.ratis.thirdparty.io.netty.channel.nio.NioEventLoop.run(NioEventLoop.java:458)
	at org.apache.ratis.thirdparty.io.netty.util.concurrent.SingleThreadEventExecutor$5.run(SingleThreadEventExecutor.java:897)
	at org.apache.ratis.thirdparty.io.netty.util.concurrent.FastThreadLocalRunnable.run(FastThreadLocalRunnable.java:30)
	... 1 more
Caused by: java.net.ConnectException: Connection refused
	... 11 more
2019-10-24 15:44:23,206 [af280123-6372-4d1f-a5d4-c36229a73203@group-75C85B6D1182-LeaderElection275] INFO  impl.LeaderElection (LeaderElection.java:logAndReturn(56)) - af280123-6372-4d1f-a5d4-c36229a73203@group-75C85B6D1182-LeaderElection275: Election REJECTED; received 0 response(s) [] and 2 exception(s); af280123-6372-4d1f-a5d4-c36229a73203@group-75C85B6D1182:t269, leader=null, voted=af280123-6372-4d1f-a5d4-c36229a73203, raftlog=af280123-6372-4d1f-a5d4-c36229a73203@group-75C85B6D1182-SegmentedRaftLog:OPENED:c-1,f-1,i0, conf=-1: [9092f221-0e0d-4970-bb84-cacd95020f21:192.168.164.213:41903, af280123-6372-4d1f-a5d4-c36229a73203:192.168.164.213:35334, b4ae536c-ed18-4717-a75c-ca4b5d6c4001:192.168.164.213:41180], old=null
2019-10-24 15:44:23,206 [af280123-6372-4d1f-a5d4-c36229a73203@group-75C85B6D1182-LeaderElection275] INFO  impl.LeaderElection (LogUtils.java:infoOrTrace(149)) -   Exception 0: {}
java.util.concurrent.ExecutionException: org.apache.ratis.thirdparty.io.grpc.StatusRuntimeException: UNAVAILABLE: io exception
	at java.util.concurrent.FutureTask.report(FutureTask.java:122)
	at java.util.concurrent.FutureTask.get(FutureTask.java:192)
	at org.apache.ratis.server.impl.LeaderElection.waitForResults(LeaderElection.java:259)
	at org.apache.ratis.server.impl.LeaderElection.askForVotes(LeaderElection.java:197)
	at org.apache.ratis.server.impl.LeaderElection.run(LeaderElection.java:133)
	at java.lang.Thread.run(Thread.java:748)
Caused by: org.apache.ratis.thirdparty.io.grpc.StatusRuntimeException: UNAVAILABLE: io exception
	at org.apache.ratis.thirdparty.io.grpc.stub.ClientCalls.toStatusRuntimeException(ClientCalls.java:233)
	at org.apache.ratis.thirdparty.io.grpc.stub.ClientCalls.getUnchecked(ClientCalls.java:214)
	at org.apache.ratis.thirdparty.io.grpc.stub.ClientCalls.blockingUnaryCall(ClientCalls.java:139)
	at org.apache.ratis.proto.grpc.RaftServerProtocolServiceGrpc$RaftServerProtocolServiceBlockingStub.requestVote(RaftServerProtocolServiceGrpc.java:265)
	at org.apache.ratis.grpc.server.GrpcServerProtocolClient.requestVote(GrpcServerProtocolClient.java:99)
	at org.apache.ratis.grpc.server.GrpcService.requestVote(GrpcService.java:204)
	at org.apache.ratis.server.impl.LeaderElection.lambda$submitRequests$1(LeaderElection.java:234)
	at java.util.concurrent.FutureTask.run(FutureTask.java:266)
	at java.util.concurrent.Executors$RunnableAdapter.call(Executors.java:511)
	at java.util.concurrent.FutureTask.run(FutureTask.java:266)
	at java.util.concurrent.ThreadPoolExecutor.runWorker(ThreadPoolExecutor.java:1149)
	at java.util.concurrent.ThreadPoolExecutor$Worker.run(ThreadPoolExecutor.java:624)
	... 1 more
Caused by: org.apache.ratis.thirdparty.io.netty.channel.AbstractChannel$AnnotatedConnectException: Connection refused: /192.168.164.213:41903
	at sun.nio.ch.SocketChannelImpl.checkConnect(Native Method)
	at sun.nio.ch.SocketChannelImpl.finishConnect(SocketChannelImpl.java:717)
	at org.apache.ratis.thirdparty.io.netty.channel.socket.nio.NioSocketChannel.doFinishConnect(NioSocketChannel.java:327)
	at org.apache.ratis.thirdparty.io.netty.channel.nio.AbstractNioChannel$AbstractNioUnsafe.finishConnect(AbstractNioChannel.java:340)
	at org.apache.ratis.thirdparty.io.netty.channel.nio.NioEventLoop.processSelectedKey(NioEventLoop.java:632)
	at org.apache.ratis.thirdparty.io.netty.channel.nio.NioEventLoop.processSelectedKeysOptimized(NioEventLoop.java:579)
	at org.apache.ratis.thirdparty.io.netty.channel.nio.NioEventLoop.processSelectedKeys(NioEventLoop.java:496)
	at org.apache.ratis.thirdparty.io.netty.channel.nio.NioEventLoop.run(NioEventLoop.java:458)
	at org.apache.ratis.thirdparty.io.netty.util.concurrent.SingleThreadEventExecutor$5.run(SingleThreadEventExecutor.java:897)
	at org.apache.ratis.thirdparty.io.netty.util.concurrent.FastThreadLocalRunnable.run(FastThreadLocalRunnable.java:30)
	... 1 more
Caused by: java.net.ConnectException: Connection refused
	... 11 more
2019-10-24 15:44:23,207 [af280123-6372-4d1f-a5d4-c36229a73203@group-75C85B6D1182-LeaderElection275] INFO  impl.LeaderElection (LogUtils.java:infoOrTrace(149)) -   Exception 1: {}
java.util.concurrent.ExecutionException: org.apache.ratis.thirdparty.io.grpc.StatusRuntimeException: UNAVAILABLE: io exception
	at java.util.concurrent.FutureTask.report(FutureTask.java:122)
	at java.util.concurrent.FutureTask.get(FutureTask.java:192)
	at org.apache.ratis.server.impl.LeaderElection.waitForResults(LeaderElection.java:259)
	at org.apache.ratis.server.impl.LeaderElection.askForVotes(LeaderElection.java:197)
	at org.apache.ratis.server.impl.LeaderElection.run(LeaderElection.java:133)
	at java.lang.Thread.run(Thread.java:748)
Caused by: org.apache.ratis.thirdparty.io.grpc.StatusRuntimeException: UNAVAILABLE: io exception
	at org.apache.ratis.thirdparty.io.grpc.stub.ClientCalls.toStatusRuntimeException(ClientCalls.java:233)
	at org.apache.ratis.thirdparty.io.grpc.stub.ClientCalls.getUnchecked(ClientCalls.java:214)
	at org.apache.ratis.thirdparty.io.grpc.stub.ClientCalls.blockingUnaryCall(ClientCalls.java:139)
	at org.apache.ratis.proto.grpc.RaftServerProtocolServiceGrpc$RaftServerProtocolServiceBlockingStub.requestVote(RaftServerProtocolServiceGrpc.java:265)
	at org.apache.ratis.grpc.server.GrpcServerProtocolClient.requestVote(GrpcServerProtocolClient.java:99)
	at org.apache.ratis.grpc.server.GrpcService.requestVote(GrpcService.java:204)
	at org.apache.ratis.server.impl.LeaderElection.lambda$submitRequests$1(LeaderElection.java:234)
	at java.util.concurrent.FutureTask.run(FutureTask.java:266)
	at java.util.concurrent.Executors$RunnableAdapter.call(Executors.java:511)
	at java.util.concurrent.FutureTask.run(FutureTask.java:266)
	at java.util.concurrent.ThreadPoolExecutor.runWorker(ThreadPoolExecutor.java:1149)
	at java.util.concurrent.ThreadPoolExecutor$Worker.run(ThreadPoolExecutor.java:624)
	... 1 more
Caused by: org.apache.ratis.thirdparty.io.netty.channel.AbstractChannel$AnnotatedConnectException: Connection refused: /192.168.164.213:41180
	at sun.nio.ch.SocketChannelImpl.checkConnect(Native Method)
	at sun.nio.ch.SocketChannelImpl.finishConnect(SocketChannelImpl.java:717)
	at org.apache.ratis.thirdparty.io.netty.channel.socket.nio.NioSocketChannel.doFinishConnect(NioSocketChannel.java:327)
	at org.apache.ratis.thirdparty.io.netty.channel.nio.AbstractNioChannel$AbstractNioUnsafe.finishConnect(AbstractNioChannel.java:340)
	at org.apache.ratis.thirdparty.io.netty.channel.nio.NioEventLoop.processSelectedKey(NioEventLoop.java:632)
	at org.apache.ratis.thirdparty.io.netty.channel.nio.NioEventLoop.processSelectedKeysOptimized(NioEventLoop.java:579)
	at org.apache.ratis.thirdparty.io.netty.channel.nio.NioEventLoop.processSelectedKeys(NioEventLoop.java:496)
	at org.apache.ratis.thirdparty.io.netty.channel.nio.NioEventLoop.run(NioEventLoop.java:458)
	at org.apache.ratis.thirdparty.io.netty.util.concurrent.SingleThreadEventExecutor$5.run(SingleThreadEventExecutor.java:897)
	at org.apache.ratis.thirdparty.io.netty.util.concurrent.FastThreadLocalRunnable.run(FastThreadLocalRunnable.java:30)
	... 1 more
Caused by: java.net.ConnectException: Connection refused
	... 11 more
2019-10-24 15:44:23,207 [af280123-6372-4d1f-a5d4-c36229a73203@group-75C85B6D1182-LeaderElection275] INFO  impl.RaftServerImpl (RaftServerImpl.java:setRole(184)) - af280123-6372-4d1f-a5d4-c36229a73203@group-75C85B6D1182: changes role from CANDIDATE to FOLLOWER at term 269 for DISCOVERED_A_NEW_TERM
2019-10-24 15:44:23,207 [af280123-6372-4d1f-a5d4-c36229a73203@group-75C85B6D1182-LeaderElection275] INFO  impl.RoleInfo (RoleInfo.java:shutdownLeaderElection(134)) - af280123-6372-4d1f-a5d4-c36229a73203: shutdown LeaderElection
2019-10-24 15:44:23,207 [af280123-6372-4d1f-a5d4-c36229a73203@group-75C85B6D1182-LeaderElection275] INFO  impl.RoleInfo (RoleInfo.java:updateAndGet(143)) - af280123-6372-4d1f-a5d4-c36229a73203: start FollowerState
2019-10-24 15:44:23,269 [Thread-2266] INFO  impl.FollowerState (FollowerState.java:run(108)) - af280123-6372-4d1f-a5d4-c36229a73203@group-75C85B6D1182-FollowerState: change to CANDIDATE, lastRpcTime:61ms, electionTimeout:61ms
2019-10-24 15:44:23,269 [Thread-2266] INFO  impl.RoleInfo (RoleInfo.java:shutdownFollowerState(121)) - af280123-6372-4d1f-a5d4-c36229a73203: shutdown FollowerState
2019-10-24 15:44:23,269 [Thread-2266] INFO  impl.RaftServerImpl (RaftServerImpl.java:setRole(184)) - af280123-6372-4d1f-a5d4-c36229a73203@group-75C85B6D1182: changes role from  FOLLOWER to CANDIDATE at term 269 for changeToCandidate
2019-10-24 15:44:23,269 [Thread-2266] INFO  impl.RoleInfo (RoleInfo.java:updateAndGet(143)) - af280123-6372-4d1f-a5d4-c36229a73203: start LeaderElection
2019-10-24 15:44:23,282 [af280123-6372-4d1f-a5d4-c36229a73203@group-75C85B6D1182-LeaderElection276] INFO  impl.LeaderElection (LeaderElection.java:askForVotes(178)) - af280123-6372-4d1f-a5d4-c36229a73203@group-75C85B6D1182-LeaderElection276: begin an election at term 270 for -1: [9092f221-0e0d-4970-bb84-cacd95020f21:192.168.164.213:41903, af280123-6372-4d1f-a5d4-c36229a73203:192.168.164.213:35334, b4ae536c-ed18-4717-a75c-ca4b5d6c4001:192.168.164.213:41180], old=null
2019-10-24 15:44:23,283 [af280123-6372-4d1f-a5d4-c36229a73203@group-75C85B6D1182-LeaderElection276] INFO  impl.LeaderElection (LogUtils.java:infoOrTrace(149)) - af280123-6372-4d1f-a5d4-c36229a73203@group-75C85B6D1182-LeaderElection276 got exception when requesting votes: {}
java.util.concurrent.ExecutionException: org.apache.ratis.thirdparty.io.grpc.StatusRuntimeException: UNAVAILABLE: io exception
	at java.util.concurrent.FutureTask.report(FutureTask.java:122)
	at java.util.concurrent.FutureTask.get(FutureTask.java:192)
	at org.apache.ratis.server.impl.LeaderElection.waitForResults(LeaderElection.java:259)
	at org.apache.ratis.server.impl.LeaderElection.askForVotes(LeaderElection.java:197)
	at org.apache.ratis.server.impl.LeaderElection.run(LeaderElection.java:133)
	at java.lang.Thread.run(Thread.java:748)
Caused by: org.apache.ratis.thirdparty.io.grpc.StatusRuntimeException: UNAVAILABLE: io exception
	at org.apache.ratis.thirdparty.io.grpc.stub.ClientCalls.toStatusRuntimeException(ClientCalls.java:233)
	at org.apache.ratis.thirdparty.io.grpc.stub.ClientCalls.getUnchecked(ClientCalls.java:214)
	at org.apache.ratis.thirdparty.io.grpc.stub.ClientCalls.blockingUnaryCall(ClientCalls.java:139)
	at org.apache.ratis.proto.grpc.RaftServerProtocolServiceGrpc$RaftServerProtocolServiceBlockingStub.requestVote(RaftServerProtocolServiceGrpc.java:265)
	at org.apache.ratis.grpc.server.GrpcServerProtocolClient.requestVote(GrpcServerProtocolClient.java:99)
	at org.apache.ratis.grpc.server.GrpcService.requestVote(GrpcService.java:204)
	at org.apache.ratis.server.impl.LeaderElection.lambda$submitRequests$1(LeaderElection.java:234)
	at java.util.concurrent.FutureTask.run(FutureTask.java:266)
	at java.util.concurrent.Executors$RunnableAdapter.call(Executors.java:511)
	at java.util.concurrent.FutureTask.run(FutureTask.java:266)
	at java.util.concurrent.ThreadPoolExecutor.runWorker(ThreadPoolExecutor.java:1149)
	at java.util.concurrent.ThreadPoolExecutor$Worker.run(ThreadPoolExecutor.java:624)
	... 1 more
Caused by: org.apache.ratis.thirdparty.io.netty.channel.AbstractChannel$AnnotatedConnectException: Connection refused: /192.168.164.213:41180
	at sun.nio.ch.SocketChannelImpl.checkConnect(Native Method)
	at sun.nio.ch.SocketChannelImpl.finishConnect(SocketChannelImpl.java:717)
	at org.apache.ratis.thirdparty.io.netty.channel.socket.nio.NioSocketChannel.doFinishConnect(NioSocketChannel.java:327)
	at org.apache.ratis.thirdparty.io.netty.channel.nio.AbstractNioChannel$AbstractNioUnsafe.finishConnect(AbstractNioChannel.java:340)
	at org.apache.ratis.thirdparty.io.netty.channel.nio.NioEventLoop.processSelectedKey(NioEventLoop.java:632)
	at org.apache.ratis.thirdparty.io.netty.channel.nio.NioEventLoop.processSelectedKeysOptimized(NioEventLoop.java:579)
	at org.apache.ratis.thirdparty.io.netty.channel.nio.NioEventLoop.processSelectedKeys(NioEventLoop.java:496)
	at org.apache.ratis.thirdparty.io.netty.channel.nio.NioEventLoop.run(NioEventLoop.java:458)
	at org.apache.ratis.thirdparty.io.netty.util.concurrent.SingleThreadEventExecutor$5.run(SingleThreadEventExecutor.java:897)
	at org.apache.ratis.thirdparty.io.netty.util.concurrent.FastThreadLocalRunnable.run(FastThreadLocalRunnable.java:30)
	... 1 more
Caused by: java.net.ConnectException: Connection refused
	... 11 more
2019-10-24 15:44:23,284 [af280123-6372-4d1f-a5d4-c36229a73203@group-75C85B6D1182-LeaderElection276] INFO  impl.LeaderElection (LogUtils.java:infoOrTrace(149)) - af280123-6372-4d1f-a5d4-c36229a73203@group-75C85B6D1182-LeaderElection276 got exception when requesting votes: {}
java.util.concurrent.ExecutionException: org.apache.ratis.thirdparty.io.grpc.StatusRuntimeException: UNAVAILABLE: io exception
	at java.util.concurrent.FutureTask.report(FutureTask.java:122)
	at java.util.concurrent.FutureTask.get(FutureTask.java:192)
	at org.apache.ratis.server.impl.LeaderElection.waitForResults(LeaderElection.java:259)
	at org.apache.ratis.server.impl.LeaderElection.askForVotes(LeaderElection.java:197)
	at org.apache.ratis.server.impl.LeaderElection.run(LeaderElection.java:133)
	at java.lang.Thread.run(Thread.java:748)
Caused by: org.apache.ratis.thirdparty.io.grpc.StatusRuntimeException: UNAVAILABLE: io exception
	at org.apache.ratis.thirdparty.io.grpc.stub.ClientCalls.toStatusRuntimeException(ClientCalls.java:233)
	at org.apache.ratis.thirdparty.io.grpc.stub.ClientCalls.getUnchecked(ClientCalls.java:214)
	at org.apache.ratis.thirdparty.io.grpc.stub.ClientCalls.blockingUnaryCall(ClientCalls.java:139)
	at org.apache.ratis.proto.grpc.RaftServerProtocolServiceGrpc$RaftServerProtocolServiceBlockingStub.requestVote(RaftServerProtocolServiceGrpc.java:265)
	at org.apache.ratis.grpc.server.GrpcServerProtocolClient.requestVote(GrpcServerProtocolClient.java:99)
	at org.apache.ratis.grpc.server.GrpcService.requestVote(GrpcService.java:204)
	at org.apache.ratis.server.impl.LeaderElection.lambda$submitRequests$1(LeaderElection.java:234)
	at java.util.concurrent.FutureTask.run(FutureTask.java:266)
	at java.util.concurrent.Executors$RunnableAdapter.call(Executors.java:511)
	at java.util.concurrent.FutureTask.run(FutureTask.java:266)
	at java.util.concurrent.ThreadPoolExecutor.runWorker(ThreadPoolExecutor.java:1149)
	at java.util.concurrent.ThreadPoolExecutor$Worker.run(ThreadPoolExecutor.java:624)
	... 1 more
Caused by: org.apache.ratis.thirdparty.io.netty.channel.AbstractChannel$AnnotatedConnectException: Connection refused: /192.168.164.213:41903
	at sun.nio.ch.SocketChannelImpl.checkConnect(Native Method)
	at sun.nio.ch.SocketChannelImpl.finishConnect(SocketChannelImpl.java:717)
	at org.apache.ratis.thirdparty.io.netty.channel.socket.nio.NioSocketChannel.doFinishConnect(NioSocketChannel.java:327)
	at org.apache.ratis.thirdparty.io.netty.channel.nio.AbstractNioChannel$AbstractNioUnsafe.finishConnect(AbstractNioChannel.java:340)
	at org.apache.ratis.thirdparty.io.netty.channel.nio.NioEventLoop.processSelectedKey(NioEventLoop.java:632)
	at org.apache.ratis.thirdparty.io.netty.channel.nio.NioEventLoop.processSelectedKeysOptimized(NioEventLoop.java:579)
	at org.apache.ratis.thirdparty.io.netty.channel.nio.NioEventLoop.processSelectedKeys(NioEventLoop.java:496)
	at org.apache.ratis.thirdparty.io.netty.channel.nio.NioEventLoop.run(NioEventLoop.java:458)
	at org.apache.ratis.thirdparty.io.netty.util.concurrent.SingleThreadEventExecutor$5.run(SingleThreadEventExecutor.java:897)
	at org.apache.ratis.thirdparty.io.netty.util.concurrent.FastThreadLocalRunnable.run(FastThreadLocalRunnable.java:30)
	... 1 more
Caused by: java.net.ConnectException: Connection refused
	... 11 more
2019-10-24 15:44:23,284 [af280123-6372-4d1f-a5d4-c36229a73203@group-75C85B6D1182-LeaderElection276] INFO  impl.LeaderElection (LeaderElection.java:logAndReturn(56)) - af280123-6372-4d1f-a5d4-c36229a73203@group-75C85B6D1182-LeaderElection276: Election REJECTED; received 0 response(s) [] and 2 exception(s); af280123-6372-4d1f-a5d4-c36229a73203@group-75C85B6D1182:t270, leader=null, voted=af280123-6372-4d1f-a5d4-c36229a73203, raftlog=af280123-6372-4d1f-a5d4-c36229a73203@group-75C85B6D1182-SegmentedRaftLog:OPENED:c-1,f-1,i0, conf=-1: [9092f221-0e0d-4970-bb84-cacd95020f21:192.168.164.213:41903, af280123-6372-4d1f-a5d4-c36229a73203:192.168.164.213:35334, b4ae536c-ed18-4717-a75c-ca4b5d6c4001:192.168.164.213:41180], old=null
2019-10-24 15:44:23,284 [af280123-6372-4d1f-a5d4-c36229a73203@group-75C85B6D1182-LeaderElection276] INFO  impl.LeaderElection (LogUtils.java:infoOrTrace(149)) -   Exception 0: {}
java.util.concurrent.ExecutionException: org.apache.ratis.thirdparty.io.grpc.StatusRuntimeException: UNAVAILABLE: io exception
	at java.util.concurrent.FutureTask.report(FutureTask.java:122)
	at java.util.concurrent.FutureTask.get(FutureTask.java:192)
	at org.apache.ratis.server.impl.LeaderElection.waitForResults(LeaderElection.java:259)
	at org.apache.ratis.server.impl.LeaderElection.askForVotes(LeaderElection.java:197)
	at org.apache.ratis.server.impl.LeaderElection.run(LeaderElection.java:133)
	at java.lang.Thread.run(Thread.java:748)
Caused by: org.apache.ratis.thirdparty.io.grpc.StatusRuntimeException: UNAVAILABLE: io exception
	at org.apache.ratis.thirdparty.io.grpc.stub.ClientCalls.toStatusRuntimeException(ClientCalls.java:233)
	at org.apache.ratis.thirdparty.io.grpc.stub.ClientCalls.getUnchecked(ClientCalls.java:214)
	at org.apache.ratis.thirdparty.io.grpc.stub.ClientCalls.blockingUnaryCall(ClientCalls.java:139)
	at org.apache.ratis.proto.grpc.RaftServerProtocolServiceGrpc$RaftServerProtocolServiceBlockingStub.requestVote(RaftServerProtocolServiceGrpc.java:265)
	at org.apache.ratis.grpc.server.GrpcServerProtocolClient.requestVote(GrpcServerProtocolClient.java:99)
	at org.apache.ratis.grpc.server.GrpcService.requestVote(GrpcService.java:204)
	at org.apache.ratis.server.impl.LeaderElection.lambda$submitRequests$1(LeaderElection.java:234)
	at java.util.concurrent.FutureTask.run(FutureTask.java:266)
	at java.util.concurrent.Executors$RunnableAdapter.call(Executors.java:511)
	at java.util.concurrent.FutureTask.run(FutureTask.java:266)
	at java.util.concurrent.ThreadPoolExecutor.runWorker(ThreadPoolExecutor.java:1149)
	at java.util.concurrent.ThreadPoolExecutor$Worker.run(ThreadPoolExecutor.java:624)
	... 1 more
Caused by: org.apache.ratis.thirdparty.io.netty.channel.AbstractChannel$AnnotatedConnectException: Connection refused: /192.168.164.213:41180
	at sun.nio.ch.SocketChannelImpl.checkConnect(Native Method)
	at sun.nio.ch.SocketChannelImpl.finishConnect(SocketChannelImpl.java:717)
	at org.apache.ratis.thirdparty.io.netty.channel.socket.nio.NioSocketChannel.doFinishConnect(NioSocketChannel.java:327)
	at org.apache.ratis.thirdparty.io.netty.channel.nio.AbstractNioChannel$AbstractNioUnsafe.finishConnect(AbstractNioChannel.java:340)
	at org.apache.ratis.thirdparty.io.netty.channel.nio.NioEventLoop.processSelectedKey(NioEventLoop.java:632)
	at org.apache.ratis.thirdparty.io.netty.channel.nio.NioEventLoop.processSelectedKeysOptimized(NioEventLoop.java:579)
	at org.apache.ratis.thirdparty.io.netty.channel.nio.NioEventLoop.processSelectedKeys(NioEventLoop.java:496)
	at org.apache.ratis.thirdparty.io.netty.channel.nio.NioEventLoop.run(NioEventLoop.java:458)
	at org.apache.ratis.thirdparty.io.netty.util.concurrent.SingleThreadEventExecutor$5.run(SingleThreadEventExecutor.java:897)
	at org.apache.ratis.thirdparty.io.netty.util.concurrent.FastThreadLocalRunnable.run(FastThreadLocalRunnable.java:30)
	... 1 more
Caused by: java.net.ConnectException: Connection refused
	... 11 more
2019-10-24 15:44:23,285 [af280123-6372-4d1f-a5d4-c36229a73203@group-75C85B6D1182-LeaderElection276] INFO  impl.LeaderElection (LogUtils.java:infoOrTrace(149)) -   Exception 1: {}
java.util.concurrent.ExecutionException: org.apache.ratis.thirdparty.io.grpc.StatusRuntimeException: UNAVAILABLE: io exception
	at java.util.concurrent.FutureTask.report(FutureTask.java:122)
	at java.util.concurrent.FutureTask.get(FutureTask.java:192)
	at org.apache.ratis.server.impl.LeaderElection.waitForResults(LeaderElection.java:259)
	at org.apache.ratis.server.impl.LeaderElection.askForVotes(LeaderElection.java:197)
	at org.apache.ratis.server.impl.LeaderElection.run(LeaderElection.java:133)
	at java.lang.Thread.run(Thread.java:748)
Caused by: org.apache.ratis.thirdparty.io.grpc.StatusRuntimeException: UNAVAILABLE: io exception
	at org.apache.ratis.thirdparty.io.grpc.stub.ClientCalls.toStatusRuntimeException(ClientCalls.java:233)
	at org.apache.ratis.thirdparty.io.grpc.stub.ClientCalls.getUnchecked(ClientCalls.java:214)
	at org.apache.ratis.thirdparty.io.grpc.stub.ClientCalls.blockingUnaryCall(ClientCalls.java:139)
	at org.apache.ratis.proto.grpc.RaftServerProtocolServiceGrpc$RaftServerProtocolServiceBlockingStub.requestVote(RaftServerProtocolServiceGrpc.java:265)
	at org.apache.ratis.grpc.server.GrpcServerProtocolClient.requestVote(GrpcServerProtocolClient.java:99)
	at org.apache.ratis.grpc.server.GrpcService.requestVote(GrpcService.java:204)
	at org.apache.ratis.server.impl.LeaderElection.lambda$submitRequests$1(LeaderElection.java:234)
	at java.util.concurrent.FutureTask.run(FutureTask.java:266)
	at java.util.concurrent.Executors$RunnableAdapter.call(Executors.java:511)
	at java.util.concurrent.FutureTask.run(FutureTask.java:266)
	at java.util.concurrent.ThreadPoolExecutor.runWorker(ThreadPoolExecutor.java:1149)
	at java.util.concurrent.ThreadPoolExecutor$Worker.run(ThreadPoolExecutor.java:624)
	... 1 more
Caused by: org.apache.ratis.thirdparty.io.netty.channel.AbstractChannel$AnnotatedConnectException: Connection refused: /192.168.164.213:41903
	at sun.nio.ch.SocketChannelImpl.checkConnect(Native Method)
	at sun.nio.ch.SocketChannelImpl.finishConnect(SocketChannelImpl.java:717)
	at org.apache.ratis.thirdparty.io.netty.channel.socket.nio.NioSocketChannel.doFinishConnect(NioSocketChannel.java:327)
	at org.apache.ratis.thirdparty.io.netty.channel.nio.AbstractNioChannel$AbstractNioUnsafe.finishConnect(AbstractNioChannel.java:340)
	at org.apache.ratis.thirdparty.io.netty.channel.nio.NioEventLoop.processSelectedKey(NioEventLoop.java:632)
	at org.apache.ratis.thirdparty.io.netty.channel.nio.NioEventLoop.processSelectedKeysOptimized(NioEventLoop.java:579)
	at org.apache.ratis.thirdparty.io.netty.channel.nio.NioEventLoop.processSelectedKeys(NioEventLoop.java:496)
	at org.apache.ratis.thirdparty.io.netty.channel.nio.NioEventLoop.run(NioEventLoop.java:458)
	at org.apache.ratis.thirdparty.io.netty.util.concurrent.SingleThreadEventExecutor$5.run(SingleThreadEventExecutor.java:897)
	at org.apache.ratis.thirdparty.io.netty.util.concurrent.FastThreadLocalRunnable.run(FastThreadLocalRunnable.java:30)
	... 1 more
Caused by: java.net.ConnectException: Connection refused
	... 11 more
2019-10-24 15:44:23,285 [af280123-6372-4d1f-a5d4-c36229a73203@group-75C85B6D1182-LeaderElection276] INFO  impl.RaftServerImpl (RaftServerImpl.java:setRole(184)) - af280123-6372-4d1f-a5d4-c36229a73203@group-75C85B6D1182: changes role from CANDIDATE to FOLLOWER at term 270 for DISCOVERED_A_NEW_TERM
2019-10-24 15:44:23,285 [af280123-6372-4d1f-a5d4-c36229a73203@group-75C85B6D1182-LeaderElection276] INFO  impl.RoleInfo (RoleInfo.java:shutdownLeaderElection(134)) - af280123-6372-4d1f-a5d4-c36229a73203: shutdown LeaderElection
2019-10-24 15:44:23,285 [af280123-6372-4d1f-a5d4-c36229a73203@group-75C85B6D1182-LeaderElection276] INFO  impl.RoleInfo (RoleInfo.java:updateAndGet(143)) - af280123-6372-4d1f-a5d4-c36229a73203: start FollowerState
2019-10-24 15:44:23,319 [Thread-2270] INFO  impl.FollowerState (FollowerState.java:run(108)) - af280123-6372-4d1f-a5d4-c36229a73203@group-75C85B6D1182-FollowerState: change to CANDIDATE, lastRpcTime:33ms, electionTimeout:33ms
2019-10-24 15:44:23,319 [Thread-2270] INFO  impl.RoleInfo (RoleInfo.java:shutdownFollowerState(121)) - af280123-6372-4d1f-a5d4-c36229a73203: shutdown FollowerState
2019-10-24 15:44:23,319 [Thread-2270] INFO  impl.RaftServerImpl (RaftServerImpl.java:setRole(184)) - af280123-6372-4d1f-a5d4-c36229a73203@group-75C85B6D1182: changes role from  FOLLOWER to CANDIDATE at term 270 for changeToCandidate
2019-10-24 15:44:23,319 [Thread-2270] INFO  impl.RoleInfo (RoleInfo.java:updateAndGet(143)) - af280123-6372-4d1f-a5d4-c36229a73203: start LeaderElection
2019-10-24 15:44:23,333 [af280123-6372-4d1f-a5d4-c36229a73203@group-75C85B6D1182-LeaderElection277] INFO  impl.LeaderElection (LeaderElection.java:askForVotes(178)) - af280123-6372-4d1f-a5d4-c36229a73203@group-75C85B6D1182-LeaderElection277: begin an election at term 271 for -1: [9092f221-0e0d-4970-bb84-cacd95020f21:192.168.164.213:41903, af280123-6372-4d1f-a5d4-c36229a73203:192.168.164.213:35334, b4ae536c-ed18-4717-a75c-ca4b5d6c4001:192.168.164.213:41180], old=null
2019-10-24 15:44:23,334 [af280123-6372-4d1f-a5d4-c36229a73203@group-75C85B6D1182-LeaderElection277] INFO  impl.LeaderElection (LogUtils.java:infoOrTrace(149)) - af280123-6372-4d1f-a5d4-c36229a73203@group-75C85B6D1182-LeaderElection277 got exception when requesting votes: {}
java.util.concurrent.ExecutionException: org.apache.ratis.thirdparty.io.grpc.StatusRuntimeException: UNAVAILABLE: io exception
	at java.util.concurrent.FutureTask.report(FutureTask.java:122)
	at java.util.concurrent.FutureTask.get(FutureTask.java:192)
	at org.apache.ratis.server.impl.LeaderElection.waitForResults(LeaderElection.java:259)
	at org.apache.ratis.server.impl.LeaderElection.askForVotes(LeaderElection.java:197)
	at org.apache.ratis.server.impl.LeaderElection.run(LeaderElection.java:133)
	at java.lang.Thread.run(Thread.java:748)
Caused by: org.apache.ratis.thirdparty.io.grpc.StatusRuntimeException: UNAVAILABLE: io exception
	at org.apache.ratis.thirdparty.io.grpc.stub.ClientCalls.toStatusRuntimeException(ClientCalls.java:233)
	at org.apache.ratis.thirdparty.io.grpc.stub.ClientCalls.getUnchecked(ClientCalls.java:214)
	at org.apache.ratis.thirdparty.io.grpc.stub.ClientCalls.blockingUnaryCall(ClientCalls.java:139)
	at org.apache.ratis.proto.grpc.RaftServerProtocolServiceGrpc$RaftServerProtocolServiceBlockingStub.requestVote(RaftServerProtocolServiceGrpc.java:265)
	at org.apache.ratis.grpc.server.GrpcServerProtocolClient.requestVote(GrpcServerProtocolClient.java:99)
	at org.apache.ratis.grpc.server.GrpcService.requestVote(GrpcService.java:204)
	at org.apache.ratis.server.impl.LeaderElection.lambda$submitRequests$1(LeaderElection.java:234)
	at java.util.concurrent.FutureTask.run(FutureTask.java:266)
	at java.util.concurrent.Executors$RunnableAdapter.call(Executors.java:511)
	at java.util.concurrent.FutureTask.run(FutureTask.java:266)
	at java.util.concurrent.ThreadPoolExecutor.runWorker(ThreadPoolExecutor.java:1149)
	at java.util.concurrent.ThreadPoolExecutor$Worker.run(ThreadPoolExecutor.java:624)
	... 1 more
Caused by: org.apache.ratis.thirdparty.io.netty.channel.AbstractChannel$AnnotatedConnectException: Connection refused: /192.168.164.213:41180
	at sun.nio.ch.SocketChannelImpl.checkConnect(Native Method)
	at sun.nio.ch.SocketChannelImpl.finishConnect(SocketChannelImpl.java:717)
	at org.apache.ratis.thirdparty.io.netty.channel.socket.nio.NioSocketChannel.doFinishConnect(NioSocketChannel.java:327)
	at org.apache.ratis.thirdparty.io.netty.channel.nio.AbstractNioChannel$AbstractNioUnsafe.finishConnect(AbstractNioChannel.java:340)
	at org.apache.ratis.thirdparty.io.netty.channel.nio.NioEventLoop.processSelectedKey(NioEventLoop.java:632)
	at org.apache.ratis.thirdparty.io.netty.channel.nio.NioEventLoop.processSelectedKeysOptimized(NioEventLoop.java:579)
	at org.apache.ratis.thirdparty.io.netty.channel.nio.NioEventLoop.processSelectedKeys(NioEventLoop.java:496)
	at org.apache.ratis.thirdparty.io.netty.channel.nio.NioEventLoop.run(NioEventLoop.java:458)
	at org.apache.ratis.thirdparty.io.netty.util.concurrent.SingleThreadEventExecutor$5.run(SingleThreadEventExecutor.java:897)
	at org.apache.ratis.thirdparty.io.netty.util.concurrent.FastThreadLocalRunnable.run(FastThreadLocalRunnable.java:30)
	... 1 more
Caused by: java.net.ConnectException: Connection refused
	... 11 more
2019-10-24 15:44:23,334 [af280123-6372-4d1f-a5d4-c36229a73203@group-75C85B6D1182-LeaderElection277] INFO  impl.LeaderElection (LogUtils.java:infoOrTrace(149)) - af280123-6372-4d1f-a5d4-c36229a73203@group-75C85B6D1182-LeaderElection277 got exception when requesting votes: {}
java.util.concurrent.ExecutionException: org.apache.ratis.thirdparty.io.grpc.StatusRuntimeException: UNAVAILABLE: io exception
	at java.util.concurrent.FutureTask.report(FutureTask.java:122)
	at java.util.concurrent.FutureTask.get(FutureTask.java:192)
	at org.apache.ratis.server.impl.LeaderElection.waitForResults(LeaderElection.java:259)
	at org.apache.ratis.server.impl.LeaderElection.askForVotes(LeaderElection.java:197)
	at org.apache.ratis.server.impl.LeaderElection.run(LeaderElection.java:133)
	at java.lang.Thread.run(Thread.java:748)
Caused by: org.apache.ratis.thirdparty.io.grpc.StatusRuntimeException: UNAVAILABLE: io exception
	at org.apache.ratis.thirdparty.io.grpc.stub.ClientCalls.toStatusRuntimeException(ClientCalls.java:233)
	at org.apache.ratis.thirdparty.io.grpc.stub.ClientCalls.getUnchecked(ClientCalls.java:214)
	at org.apache.ratis.thirdparty.io.grpc.stub.ClientCalls.blockingUnaryCall(ClientCalls.java:139)
	at org.apache.ratis.proto.grpc.RaftServerProtocolServiceGrpc$RaftServerProtocolServiceBlockingStub.requestVote(RaftServerProtocolServiceGrpc.java:265)
	at org.apache.ratis.grpc.server.GrpcServerProtocolClient.requestVote(GrpcServerProtocolClient.java:99)
	at org.apache.ratis.grpc.server.GrpcService.requestVote(GrpcService.java:204)
	at org.apache.ratis.server.impl.LeaderElection.lambda$submitRequests$1(LeaderElection.java:234)
	at java.util.concurrent.FutureTask.run(FutureTask.java:266)
	at java.util.concurrent.Executors$RunnableAdapter.call(Executors.java:511)
	at java.util.concurrent.FutureTask.run(FutureTask.java:266)
	at java.util.concurrent.ThreadPoolExecutor.runWorker(ThreadPoolExecutor.java:1149)
	at java.util.concurrent.ThreadPoolExecutor$Worker.run(ThreadPoolExecutor.java:624)
	... 1 more
Caused by: org.apache.ratis.thirdparty.io.netty.channel.AbstractChannel$AnnotatedConnectException: Connection refused: /192.168.164.213:41903
	at sun.nio.ch.SocketChannelImpl.checkConnect(Native Method)
	at sun.nio.ch.SocketChannelImpl.finishConnect(SocketChannelImpl.java:717)
	at org.apache.ratis.thirdparty.io.netty.channel.socket.nio.NioSocketChannel.doFinishConnect(NioSocketChannel.java:327)
	at org.apache.ratis.thirdparty.io.netty.channel.nio.AbstractNioChannel$AbstractNioUnsafe.finishConnect(AbstractNioChannel.java:340)
	at org.apache.ratis.thirdparty.io.netty.channel.nio.NioEventLoop.processSelectedKey(NioEventLoop.java:632)
	at org.apache.ratis.thirdparty.io.netty.channel.nio.NioEventLoop.processSelectedKeysOptimized(NioEventLoop.java:579)
	at org.apache.ratis.thirdparty.io.netty.channel.nio.NioEventLoop.processSelectedKeys(NioEventLoop.java:496)
	at org.apache.ratis.thirdparty.io.netty.channel.nio.NioEventLoop.run(NioEventLoop.java:458)
	at org.apache.ratis.thirdparty.io.netty.util.concurrent.SingleThreadEventExecutor$5.run(SingleThreadEventExecutor.java:897)
	at org.apache.ratis.thirdparty.io.netty.util.concurrent.FastThreadLocalRunnable.run(FastThreadLocalRunnable.java:30)
	... 1 more
Caused by: java.net.ConnectException: Connection refused
	... 11 more
2019-10-24 15:44:23,335 [af280123-6372-4d1f-a5d4-c36229a73203@group-75C85B6D1182-LeaderElection277] INFO  impl.LeaderElection (LeaderElection.java:logAndReturn(56)) - af280123-6372-4d1f-a5d4-c36229a73203@group-75C85B6D1182-LeaderElection277: Election REJECTED; received 0 response(s) [] and 2 exception(s); af280123-6372-4d1f-a5d4-c36229a73203@group-75C85B6D1182:t271, leader=null, voted=af280123-6372-4d1f-a5d4-c36229a73203, raftlog=af280123-6372-4d1f-a5d4-c36229a73203@group-75C85B6D1182-SegmentedRaftLog:OPENED:c-1,f-1,i0, conf=-1: [9092f221-0e0d-4970-bb84-cacd95020f21:192.168.164.213:41903, af280123-6372-4d1f-a5d4-c36229a73203:192.168.164.213:35334, b4ae536c-ed18-4717-a75c-ca4b5d6c4001:192.168.164.213:41180], old=null
2019-10-24 15:44:23,335 [af280123-6372-4d1f-a5d4-c36229a73203@group-75C85B6D1182-LeaderElection277] INFO  impl.LeaderElection (LogUtils.java:infoOrTrace(149)) -   Exception 0: {}
java.util.concurrent.ExecutionException: org.apache.ratis.thirdparty.io.grpc.StatusRuntimeException: UNAVAILABLE: io exception
	at java.util.concurrent.FutureTask.report(FutureTask.java:122)
	at java.util.concurrent.FutureTask.get(FutureTask.java:192)
	at org.apache.ratis.server.impl.LeaderElection.waitForResults(LeaderElection.java:259)
	at org.apache.ratis.server.impl.LeaderElection.askForVotes(LeaderElection.java:197)
	at org.apache.ratis.server.impl.LeaderElection.run(LeaderElection.java:133)
	at java.lang.Thread.run(Thread.java:748)
Caused by: org.apache.ratis.thirdparty.io.grpc.StatusRuntimeException: UNAVAILABLE: io exception
	at org.apache.ratis.thirdparty.io.grpc.stub.ClientCalls.toStatusRuntimeException(ClientCalls.java:233)
	at org.apache.ratis.thirdparty.io.grpc.stub.ClientCalls.getUnchecked(ClientCalls.java:214)
	at org.apache.ratis.thirdparty.io.grpc.stub.ClientCalls.blockingUnaryCall(ClientCalls.java:139)
	at org.apache.ratis.proto.grpc.RaftServerProtocolServiceGrpc$RaftServerProtocolServiceBlockingStub.requestVote(RaftServerProtocolServiceGrpc.java:265)
	at org.apache.ratis.grpc.server.GrpcServerProtocolClient.requestVote(GrpcServerProtocolClient.java:99)
	at org.apache.ratis.grpc.server.GrpcService.requestVote(GrpcService.java:204)
	at org.apache.ratis.server.impl.LeaderElection.lambda$submitRequests$1(LeaderElection.java:234)
	at java.util.concurrent.FutureTask.run(FutureTask.java:266)
	at java.util.concurrent.Executors$RunnableAdapter.call(Executors.java:511)
	at java.util.concurrent.FutureTask.run(FutureTask.java:266)
	at java.util.concurrent.ThreadPoolExecutor.runWorker(ThreadPoolExecutor.java:1149)
	at java.util.concurrent.ThreadPoolExecutor$Worker.run(ThreadPoolExecutor.java:624)
	... 1 more
Caused by: org.apache.ratis.thirdparty.io.netty.channel.AbstractChannel$AnnotatedConnectException: Connection refused: /192.168.164.213:41180
	at sun.nio.ch.SocketChannelImpl.checkConnect(Native Method)
	at sun.nio.ch.SocketChannelImpl.finishConnect(SocketChannelImpl.java:717)
	at org.apache.ratis.thirdparty.io.netty.channel.socket.nio.NioSocketChannel.doFinishConnect(NioSocketChannel.java:327)
	at org.apache.ratis.thirdparty.io.netty.channel.nio.AbstractNioChannel$AbstractNioUnsafe.finishConnect(AbstractNioChannel.java:340)
	at org.apache.ratis.thirdparty.io.netty.channel.nio.NioEventLoop.processSelectedKey(NioEventLoop.java:632)
	at org.apache.ratis.thirdparty.io.netty.channel.nio.NioEventLoop.processSelectedKeysOptimized(NioEventLoop.java:579)
	at org.apache.ratis.thirdparty.io.netty.channel.nio.NioEventLoop.processSelectedKeys(NioEventLoop.java:496)
	at org.apache.ratis.thirdparty.io.netty.channel.nio.NioEventLoop.run(NioEventLoop.java:458)
	at org.apache.ratis.thirdparty.io.netty.util.concurrent.SingleThreadEventExecutor$5.run(SingleThreadEventExecutor.java:897)
	at org.apache.ratis.thirdparty.io.netty.util.concurrent.FastThreadLocalRunnable.run(FastThreadLocalRunnable.java:30)
	... 1 more
Caused by: java.net.ConnectException: Connection refused
	... 11 more
2019-10-24 15:44:23,335 [af280123-6372-4d1f-a5d4-c36229a73203@group-75C85B6D1182-LeaderElection277] INFO  impl.LeaderElection (LogUtils.java:infoOrTrace(149)) -   Exception 1: {}
java.util.concurrent.ExecutionException: org.apache.ratis.thirdparty.io.grpc.StatusRuntimeException: UNAVAILABLE: io exception
	at java.util.concurrent.FutureTask.report(FutureTask.java:122)
	at java.util.concurrent.FutureTask.get(FutureTask.java:192)
	at org.apache.ratis.server.impl.LeaderElection.waitForResults(LeaderElection.java:259)
	at org.apache.ratis.server.impl.LeaderElection.askForVotes(LeaderElection.java:197)
	at org.apache.ratis.server.impl.LeaderElection.run(LeaderElection.java:133)
	at java.lang.Thread.run(Thread.java:748)
Caused by: org.apache.ratis.thirdparty.io.grpc.StatusRuntimeException: UNAVAILABLE: io exception
	at org.apache.ratis.thirdparty.io.grpc.stub.ClientCalls.toStatusRuntimeException(ClientCalls.java:233)
	at org.apache.ratis.thirdparty.io.grpc.stub.ClientCalls.getUnchecked(ClientCalls.java:214)
	at org.apache.ratis.thirdparty.io.grpc.stub.ClientCalls.blockingUnaryCall(ClientCalls.java:139)
	at org.apache.ratis.proto.grpc.RaftServerProtocolServiceGrpc$RaftServerProtocolServiceBlockingStub.requestVote(RaftServerProtocolServiceGrpc.java:265)
	at org.apache.ratis.grpc.server.GrpcServerProtocolClient.requestVote(GrpcServerProtocolClient.java:99)
	at org.apache.ratis.grpc.server.GrpcService.requestVote(GrpcService.java:204)
	at org.apache.ratis.server.impl.LeaderElection.lambda$submitRequests$1(LeaderElection.java:234)
	at java.util.concurrent.FutureTask.run(FutureTask.java:266)
	at java.util.concurrent.Executors$RunnableAdapter.call(Executors.java:511)
	at java.util.concurrent.FutureTask.run(FutureTask.java:266)
	at java.util.concurrent.ThreadPoolExecutor.runWorker(ThreadPoolExecutor.java:1149)
	at java.util.concurrent.ThreadPoolExecutor$Worker.run(ThreadPoolExecutor.java:624)
	... 1 more
Caused by: org.apache.ratis.thirdparty.io.netty.channel.AbstractChannel$AnnotatedConnectException: Connection refused: /192.168.164.213:41903
	at sun.nio.ch.SocketChannelImpl.checkConnect(Native Method)
	at sun.nio.ch.SocketChannelImpl.finishConnect(SocketChannelImpl.java:717)
	at org.apache.ratis.thirdparty.io.netty.channel.socket.nio.NioSocketChannel.doFinishConnect(NioSocketChannel.java:327)
	at org.apache.ratis.thirdparty.io.netty.channel.nio.AbstractNioChannel$AbstractNioUnsafe.finishConnect(AbstractNioChannel.java:340)
	at org.apache.ratis.thirdparty.io.netty.channel.nio.NioEventLoop.processSelectedKey(NioEventLoop.java:632)
	at org.apache.ratis.thirdparty.io.netty.channel.nio.NioEventLoop.processSelectedKeysOptimized(NioEventLoop.java:579)
	at org.apache.ratis.thirdparty.io.netty.channel.nio.NioEventLoop.processSelectedKeys(NioEventLoop.java:496)
	at org.apache.ratis.thirdparty.io.netty.channel.nio.NioEventLoop.run(NioEventLoop.java:458)
	at org.apache.ratis.thirdparty.io.netty.util.concurrent.SingleThreadEventExecutor$5.run(SingleThreadEventExecutor.java:897)
	at org.apache.ratis.thirdparty.io.netty.util.concurrent.FastThreadLocalRunnable.run(FastThreadLocalRunnable.java:30)
	... 1 more
Caused by: java.net.ConnectException: Connection refused
	... 11 more
2019-10-24 15:44:23,336 [af280123-6372-4d1f-a5d4-c36229a73203@group-75C85B6D1182-LeaderElection277] INFO  impl.RaftServerImpl (RaftServerImpl.java:setRole(184)) - af280123-6372-4d1f-a5d4-c36229a73203@group-75C85B6D1182: changes role from CANDIDATE to FOLLOWER at term 271 for DISCOVERED_A_NEW_TERM
2019-10-24 15:44:23,336 [af280123-6372-4d1f-a5d4-c36229a73203@group-75C85B6D1182-LeaderElection277] INFO  impl.RoleInfo (RoleInfo.java:shutdownLeaderElection(134)) - af280123-6372-4d1f-a5d4-c36229a73203: shutdown LeaderElection
2019-10-24 15:44:23,336 [af280123-6372-4d1f-a5d4-c36229a73203@group-75C85B6D1182-LeaderElection277] INFO  impl.RoleInfo (RoleInfo.java:updateAndGet(143)) - af280123-6372-4d1f-a5d4-c36229a73203: start FollowerState
2019-10-24 15:44:23,342 [java.util.concurrent.ThreadPoolExecutor$Worker@15849834[State = -1, empty queue]] WARN  server.GrpcLogAppender (GrpcLogAppender.java:timeoutAppendRequest(209)) - 2f81ded6-48e6-408d-9409-3cd44f70bee8@group-56059261E3EC->3a65ecdf-e32f-4548-a2e5-44ab823c11b3-GrpcLogAppender: appendEntries Timeout, request=2f81ded6-48e6-408d-9409-3cd44f70bee8->3a65ecdf-e32f-4548-a2e5-44ab823c11b3#76-t6, previous=(t:6, i:16), leaderCommit=16, initializing? false, entries: <empty>
2019-10-24 15:44:23,527 [Thread-2274] INFO  impl.FollowerState (FollowerState.java:run(108)) - af280123-6372-4d1f-a5d4-c36229a73203@group-75C85B6D1182-FollowerState: change to CANDIDATE, lastRpcTime:191ms, electionTimeout:191ms
2019-10-24 15:44:23,528 [Thread-2274] INFO  impl.RoleInfo (RoleInfo.java:shutdownFollowerState(121)) - af280123-6372-4d1f-a5d4-c36229a73203: shutdown FollowerState
2019-10-24 15:44:23,528 [Thread-2274] INFO  impl.RaftServerImpl (RaftServerImpl.java:setRole(184)) - af280123-6372-4d1f-a5d4-c36229a73203@group-75C85B6D1182: changes role from  FOLLOWER to CANDIDATE at term 271 for changeToCandidate
2019-10-24 15:44:23,528 [Thread-2274] INFO  impl.RoleInfo (RoleInfo.java:updateAndGet(143)) - af280123-6372-4d1f-a5d4-c36229a73203: start LeaderElection
2019-10-24 15:44:23,542 [af280123-6372-4d1f-a5d4-c36229a73203@group-75C85B6D1182-LeaderElection278] INFO  impl.LeaderElection (LeaderElection.java:askForVotes(178)) - af280123-6372-4d1f-a5d4-c36229a73203@group-75C85B6D1182-LeaderElection278: begin an election at term 272 for -1: [9092f221-0e0d-4970-bb84-cacd95020f21:192.168.164.213:41903, af280123-6372-4d1f-a5d4-c36229a73203:192.168.164.213:35334, b4ae536c-ed18-4717-a75c-ca4b5d6c4001:192.168.164.213:41180], old=null
2019-10-24 15:44:23,544 [af280123-6372-4d1f-a5d4-c36229a73203@group-75C85B6D1182-LeaderElection278] INFO  impl.LeaderElection (LogUtils.java:infoOrTrace(149)) - af280123-6372-4d1f-a5d4-c36229a73203@group-75C85B6D1182-LeaderElection278 got exception when requesting votes: {}
java.util.concurrent.ExecutionException: org.apache.ratis.thirdparty.io.grpc.StatusRuntimeException: UNAVAILABLE: io exception
	at java.util.concurrent.FutureTask.report(FutureTask.java:122)
	at java.util.concurrent.FutureTask.get(FutureTask.java:192)
	at org.apache.ratis.server.impl.LeaderElection.waitForResults(LeaderElection.java:259)
	at org.apache.ratis.server.impl.LeaderElection.askForVotes(LeaderElection.java:197)
	at org.apache.ratis.server.impl.LeaderElection.run(LeaderElection.java:133)
	at java.lang.Thread.run(Thread.java:748)
Caused by: org.apache.ratis.thirdparty.io.grpc.StatusRuntimeException: UNAVAILABLE: io exception
	at org.apache.ratis.thirdparty.io.grpc.stub.ClientCalls.toStatusRuntimeException(ClientCalls.java:233)
	at org.apache.ratis.thirdparty.io.grpc.stub.ClientCalls.getUnchecked(ClientCalls.java:214)
	at org.apache.ratis.thirdparty.io.grpc.stub.ClientCalls.blockingUnaryCall(ClientCalls.java:139)
	at org.apache.ratis.proto.grpc.RaftServerProtocolServiceGrpc$RaftServerProtocolServiceBlockingStub.requestVote(RaftServerProtocolServiceGrpc.java:265)
	at org.apache.ratis.grpc.server.GrpcServerProtocolClient.requestVote(GrpcServerProtocolClient.java:99)
	at org.apache.ratis.grpc.server.GrpcService.requestVote(GrpcService.java:204)
	at org.apache.ratis.server.impl.LeaderElection.lambda$submitRequests$1(LeaderElection.java:234)
	at java.util.concurrent.FutureTask.run(FutureTask.java:266)
	at java.util.concurrent.Executors$RunnableAdapter.call(Executors.java:511)
	at java.util.concurrent.FutureTask.run(FutureTask.java:266)
	at java.util.concurrent.ThreadPoolExecutor.runWorker(ThreadPoolExecutor.java:1149)
	at java.util.concurrent.ThreadPoolExecutor$Worker.run(ThreadPoolExecutor.java:624)
	... 1 more
Caused by: org.apache.ratis.thirdparty.io.netty.channel.AbstractChannel$AnnotatedConnectException: Connection refused: /192.168.164.213:41180
	at sun.nio.ch.SocketChannelImpl.checkConnect(Native Method)
	at sun.nio.ch.SocketChannelImpl.finishConnect(SocketChannelImpl.java:717)
	at org.apache.ratis.thirdparty.io.netty.channel.socket.nio.NioSocketChannel.doFinishConnect(NioSocketChannel.java:327)
	at org.apache.ratis.thirdparty.io.netty.channel.nio.AbstractNioChannel$AbstractNioUnsafe.finishConnect(AbstractNioChannel.java:340)
	at org.apache.ratis.thirdparty.io.netty.channel.nio.NioEventLoop.processSelectedKey(NioEventLoop.java:632)
	at org.apache.ratis.thirdparty.io.netty.channel.nio.NioEventLoop.processSelectedKeysOptimized(NioEventLoop.java:579)
	at org.apache.ratis.thirdparty.io.netty.channel.nio.NioEventLoop.processSelectedKeys(NioEventLoop.java:496)
	at org.apache.ratis.thirdparty.io.netty.channel.nio.NioEventLoop.run(NioEventLoop.java:458)
	at org.apache.ratis.thirdparty.io.netty.util.concurrent.SingleThreadEventExecutor$5.run(SingleThreadEventExecutor.java:897)
	at org.apache.ratis.thirdparty.io.netty.util.concurrent.FastThreadLocalRunnable.run(FastThreadLocalRunnable.java:30)
	... 1 more
Caused by: java.net.ConnectException: Connection refused
	... 11 more
2019-10-24 15:44:23,544 [af280123-6372-4d1f-a5d4-c36229a73203@group-75C85B6D1182-LeaderElection278] INFO  impl.LeaderElection (LogUtils.java:infoOrTrace(149)) - af280123-6372-4d1f-a5d4-c36229a73203@group-75C85B6D1182-LeaderElection278 got exception when requesting votes: {}
java.util.concurrent.ExecutionException: org.apache.ratis.thirdparty.io.grpc.StatusRuntimeException: UNAVAILABLE: io exception
	at java.util.concurrent.FutureTask.report(FutureTask.java:122)
	at java.util.concurrent.FutureTask.get(FutureTask.java:192)
	at org.apache.ratis.server.impl.LeaderElection.waitForResults(LeaderElection.java:259)
	at org.apache.ratis.server.impl.LeaderElection.askForVotes(LeaderElection.java:197)
	at org.apache.ratis.server.impl.LeaderElection.run(LeaderElection.java:133)
	at java.lang.Thread.run(Thread.java:748)
Caused by: org.apache.ratis.thirdparty.io.grpc.StatusRuntimeException: UNAVAILABLE: io exception
	at org.apache.ratis.thirdparty.io.grpc.stub.ClientCalls.toStatusRuntimeException(ClientCalls.java:233)
	at org.apache.ratis.thirdparty.io.grpc.stub.ClientCalls.getUnchecked(ClientCalls.java:214)
	at org.apache.ratis.thirdparty.io.grpc.stub.ClientCalls.blockingUnaryCall(ClientCalls.java:139)
	at org.apache.ratis.proto.grpc.RaftServerProtocolServiceGrpc$RaftServerProtocolServiceBlockingStub.requestVote(RaftServerProtocolServiceGrpc.java:265)
	at org.apache.ratis.grpc.server.GrpcServerProtocolClient.requestVote(GrpcServerProtocolClient.java:99)
	at org.apache.ratis.grpc.server.GrpcService.requestVote(GrpcService.java:204)
	at org.apache.ratis.server.impl.LeaderElection.lambda$submitRequests$1(LeaderElection.java:234)
	at java.util.concurrent.FutureTask.run(FutureTask.java:266)
	at java.util.concurrent.Executors$RunnableAdapter.call(Executors.java:511)
	at java.util.concurrent.FutureTask.run(FutureTask.java:266)
	at java.util.concurrent.ThreadPoolExecutor.runWorker(ThreadPoolExecutor.java:1149)
	at java.util.concurrent.ThreadPoolExecutor$Worker.run(ThreadPoolExecutor.java:624)
	... 1 more
Caused by: org.apache.ratis.thirdparty.io.netty.channel.AbstractChannel$AnnotatedConnectException: Connection refused: /192.168.164.213:41903
	at sun.nio.ch.SocketChannelImpl.checkConnect(Native Method)
	at sun.nio.ch.SocketChannelImpl.finishConnect(SocketChannelImpl.java:717)
	at org.apache.ratis.thirdparty.io.netty.channel.socket.nio.NioSocketChannel.doFinishConnect(NioSocketChannel.java:327)
	at org.apache.ratis.thirdparty.io.netty.channel.nio.AbstractNioChannel$AbstractNioUnsafe.finishConnect(AbstractNioChannel.java:340)
	at org.apache.ratis.thirdparty.io.netty.channel.nio.NioEventLoop.processSelectedKey(NioEventLoop.java:632)
	at org.apache.ratis.thirdparty.io.netty.channel.nio.NioEventLoop.processSelectedKeysOptimized(NioEventLoop.java:579)
	at org.apache.ratis.thirdparty.io.netty.channel.nio.NioEventLoop.processSelectedKeys(NioEventLoop.java:496)
	at org.apache.ratis.thirdparty.io.netty.channel.nio.NioEventLoop.run(NioEventLoop.java:458)
	at org.apache.ratis.thirdparty.io.netty.util.concurrent.SingleThreadEventExecutor$5.run(SingleThreadEventExecutor.java:897)
	at org.apache.ratis.thirdparty.io.netty.util.concurrent.FastThreadLocalRunnable.run(FastThreadLocalRunnable.java:30)
	... 1 more
Caused by: java.net.ConnectException: Connection refused
	... 11 more
2019-10-24 15:44:23,545 [af280123-6372-4d1f-a5d4-c36229a73203@group-75C85B6D1182-LeaderElection278] INFO  impl.LeaderElection (LeaderElection.java:logAndReturn(56)) - af280123-6372-4d1f-a5d4-c36229a73203@group-75C85B6D1182-LeaderElection278: Election REJECTED; received 0 response(s) [] and 2 exception(s); af280123-6372-4d1f-a5d4-c36229a73203@group-75C85B6D1182:t272, leader=null, voted=af280123-6372-4d1f-a5d4-c36229a73203, raftlog=af280123-6372-4d1f-a5d4-c36229a73203@group-75C85B6D1182-SegmentedRaftLog:OPENED:c-1,f-1,i0, conf=-1: [9092f221-0e0d-4970-bb84-cacd95020f21:192.168.164.213:41903, af280123-6372-4d1f-a5d4-c36229a73203:192.168.164.213:35334, b4ae536c-ed18-4717-a75c-ca4b5d6c4001:192.168.164.213:41180], old=null
2019-10-24 15:44:23,546 [af280123-6372-4d1f-a5d4-c36229a73203@group-75C85B6D1182-LeaderElection278] INFO  impl.LeaderElection (LogUtils.java:infoOrTrace(149)) -   Exception 0: {}
java.util.concurrent.ExecutionException: org.apache.ratis.thirdparty.io.grpc.StatusRuntimeException: UNAVAILABLE: io exception
	at java.util.concurrent.FutureTask.report(FutureTask.java:122)
	at java.util.concurrent.FutureTask.get(FutureTask.java:192)
	at org.apache.ratis.server.impl.LeaderElection.waitForResults(LeaderElection.java:259)
	at org.apache.ratis.server.impl.LeaderElection.askForVotes(LeaderElection.java:197)
	at org.apache.ratis.server.impl.LeaderElection.run(LeaderElection.java:133)
	at java.lang.Thread.run(Thread.java:748)
Caused by: org.apache.ratis.thirdparty.io.grpc.StatusRuntimeException: UNAVAILABLE: io exception
	at org.apache.ratis.thirdparty.io.grpc.stub.ClientCalls.toStatusRuntimeException(ClientCalls.java:233)
	at org.apache.ratis.thirdparty.io.grpc.stub.ClientCalls.getUnchecked(ClientCalls.java:214)
	at org.apache.ratis.thirdparty.io.grpc.stub.ClientCalls.blockingUnaryCall(ClientCalls.java:139)
	at org.apache.ratis.proto.grpc.RaftServerProtocolServiceGrpc$RaftServerProtocolServiceBlockingStub.requestVote(RaftServerProtocolServiceGrpc.java:265)
	at org.apache.ratis.grpc.server.GrpcServerProtocolClient.requestVote(GrpcServerProtocolClient.java:99)
	at org.apache.ratis.grpc.server.GrpcService.requestVote(GrpcService.java:204)
	at org.apache.ratis.server.impl.LeaderElection.lambda$submitRequests$1(LeaderElection.java:234)
	at java.util.concurrent.FutureTask.run(FutureTask.java:266)
	at java.util.concurrent.Executors$RunnableAdapter.call(Executors.java:511)
	at java.util.concurrent.FutureTask.run(FutureTask.java:266)
	at java.util.concurrent.ThreadPoolExecutor.runWorker(ThreadPoolExecutor.java:1149)
	at java.util.concurrent.ThreadPoolExecutor$Worker.run(ThreadPoolExecutor.java:624)
	... 1 more
Caused by: org.apache.ratis.thirdparty.io.netty.channel.AbstractChannel$AnnotatedConnectException: Connection refused: /192.168.164.213:41180
	at sun.nio.ch.SocketChannelImpl.checkConnect(Native Method)
	at sun.nio.ch.SocketChannelImpl.finishConnect(SocketChannelImpl.java:717)
	at org.apache.ratis.thirdparty.io.netty.channel.socket.nio.NioSocketChannel.doFinishConnect(NioSocketChannel.java:327)
	at org.apache.ratis.thirdparty.io.netty.channel.nio.AbstractNioChannel$AbstractNioUnsafe.finishConnect(AbstractNioChannel.java:340)
	at org.apache.ratis.thirdparty.io.netty.channel.nio.NioEventLoop.processSelectedKey(NioEventLoop.java:632)
	at org.apache.ratis.thirdparty.io.netty.channel.nio.NioEventLoop.processSelectedKeysOptimized(NioEventLoop.java:579)
	at org.apache.ratis.thirdparty.io.netty.channel.nio.NioEventLoop.processSelectedKeys(NioEventLoop.java:496)
	at org.apache.ratis.thirdparty.io.netty.channel.nio.NioEventLoop.run(NioEventLoop.java:458)
	at org.apache.ratis.thirdparty.io.netty.util.concurrent.SingleThreadEventExecutor$5.run(SingleThreadEventExecutor.java:897)
	at org.apache.ratis.thirdparty.io.netty.util.concurrent.FastThreadLocalRunnable.run(FastThreadLocalRunnable.java:30)
	... 1 more
Caused by: java.net.ConnectException: Connection refused
	... 11 more
2019-10-24 15:44:23,546 [af280123-6372-4d1f-a5d4-c36229a73203@group-75C85B6D1182-LeaderElection278] INFO  impl.LeaderElection (LogUtils.java:infoOrTrace(149)) -   Exception 1: {}
java.util.concurrent.ExecutionException: org.apache.ratis.thirdparty.io.grpc.StatusRuntimeException: UNAVAILABLE: io exception
	at java.util.concurrent.FutureTask.report(FutureTask.java:122)
	at java.util.concurrent.FutureTask.get(FutureTask.java:192)
	at org.apache.ratis.server.impl.LeaderElection.waitForResults(LeaderElection.java:259)
	at org.apache.ratis.server.impl.LeaderElection.askForVotes(LeaderElection.java:197)
	at org.apache.ratis.server.impl.LeaderElection.run(LeaderElection.java:133)
	at java.lang.Thread.run(Thread.java:748)
Caused by: org.apache.ratis.thirdparty.io.grpc.StatusRuntimeException: UNAVAILABLE: io exception
	at org.apache.ratis.thirdparty.io.grpc.stub.ClientCalls.toStatusRuntimeException(ClientCalls.java:233)
	at org.apache.ratis.thirdparty.io.grpc.stub.ClientCalls.getUnchecked(ClientCalls.java:214)
	at org.apache.ratis.thirdparty.io.grpc.stub.ClientCalls.blockingUnaryCall(ClientCalls.java:139)
	at org.apache.ratis.proto.grpc.RaftServerProtocolServiceGrpc$RaftServerProtocolServiceBlockingStub.requestVote(RaftServerProtocolServiceGrpc.java:265)
	at org.apache.ratis.grpc.server.GrpcServerProtocolClient.requestVote(GrpcServerProtocolClient.java:99)
	at org.apache.ratis.grpc.server.GrpcService.requestVote(GrpcService.java:204)
	at org.apache.ratis.server.impl.LeaderElection.lambda$submitRequests$1(LeaderElection.java:234)
	at java.util.concurrent.FutureTask.run(FutureTask.java:266)
	at java.util.concurrent.Executors$RunnableAdapter.call(Executors.java:511)
	at java.util.concurrent.FutureTask.run(FutureTask.java:266)
	at java.util.concurrent.ThreadPoolExecutor.runWorker(ThreadPoolExecutor.java:1149)
	at java.util.concurrent.ThreadPoolExecutor$Worker.run(ThreadPoolExecutor.java:624)
	... 1 more
Caused by: org.apache.ratis.thirdparty.io.netty.channel.AbstractChannel$AnnotatedConnectException: Connection refused: /192.168.164.213:41903
	at sun.nio.ch.SocketChannelImpl.checkConnect(Native Method)
	at sun.nio.ch.SocketChannelImpl.finishConnect(SocketChannelImpl.java:717)
	at org.apache.ratis.thirdparty.io.netty.channel.socket.nio.NioSocketChannel.doFinishConnect(NioSocketChannel.java:327)
	at org.apache.ratis.thirdparty.io.netty.channel.nio.AbstractNioChannel$AbstractNioUnsafe.finishConnect(AbstractNioChannel.java:340)
	at org.apache.ratis.thirdparty.io.netty.channel.nio.NioEventLoop.processSelectedKey(NioEventLoop.java:632)
	at org.apache.ratis.thirdparty.io.netty.channel.nio.NioEventLoop.processSelectedKeysOptimized(NioEventLoop.java:579)
	at org.apache.ratis.thirdparty.io.netty.channel.nio.NioEventLoop.processSelectedKeys(NioEventLoop.java:496)
	at org.apache.ratis.thirdparty.io.netty.channel.nio.NioEventLoop.run(NioEventLoop.java:458)
	at org.apache.ratis.thirdparty.io.netty.util.concurrent.SingleThreadEventExecutor$5.run(SingleThreadEventExecutor.java:897)
	at org.apache.ratis.thirdparty.io.netty.util.concurrent.FastThreadLocalRunnable.run(FastThreadLocalRunnable.java:30)
	... 1 more
Caused by: java.net.ConnectException: Connection refused
	... 11 more
2019-10-24 15:44:23,547 [af280123-6372-4d1f-a5d4-c36229a73203@group-75C85B6D1182-LeaderElection278] INFO  impl.RaftServerImpl (RaftServerImpl.java:setRole(184)) - af280123-6372-4d1f-a5d4-c36229a73203@group-75C85B6D1182: changes role from CANDIDATE to FOLLOWER at term 272 for DISCOVERED_A_NEW_TERM
2019-10-24 15:44:23,547 [af280123-6372-4d1f-a5d4-c36229a73203@group-75C85B6D1182-LeaderElection278] INFO  impl.RoleInfo (RoleInfo.java:shutdownLeaderElection(134)) - af280123-6372-4d1f-a5d4-c36229a73203: shutdown LeaderElection
2019-10-24 15:44:23,547 [af280123-6372-4d1f-a5d4-c36229a73203@group-75C85B6D1182-LeaderElection278] INFO  impl.RoleInfo (RoleInfo.java:updateAndGet(143)) - af280123-6372-4d1f-a5d4-c36229a73203: start FollowerState
2019-10-24 15:44:23,556 [Thread-2246] INFO  impl.FollowerState (FollowerState.java:run(108)) - a667faea-0fef-4f07-8d37-e0d8f63f2a62@group-56059261E3EC-FollowerState: change to CANDIDATE, lastRpcTime:1027ms, electionTimeout:1027ms
2019-10-24 15:44:23,556 [Thread-2246] INFO  impl.RoleInfo (RoleInfo.java:shutdownFollowerState(121)) - a667faea-0fef-4f07-8d37-e0d8f63f2a62: shutdown FollowerState
2019-10-24 15:44:23,556 [Thread-2246] INFO  impl.RaftServerImpl (RaftServerImpl.java:setRole(184)) - a667faea-0fef-4f07-8d37-e0d8f63f2a62@group-56059261E3EC: changes role from  FOLLOWER to CANDIDATE at term 8 for changeToCandidate
2019-10-24 15:44:23,556 [Thread-2246] INFO  impl.RoleInfo (RoleInfo.java:updateAndGet(143)) - a667faea-0fef-4f07-8d37-e0d8f63f2a62: start LeaderElection
2019-10-24 15:44:23,563 [a667faea-0fef-4f07-8d37-e0d8f63f2a62@group-56059261E3EC-LeaderElection279] INFO  impl.LeaderElection (LeaderElection.java:askForVotes(178)) - a667faea-0fef-4f07-8d37-e0d8f63f2a62@group-56059261E3EC-LeaderElection279: begin an election at term 9 for 0: [3a65ecdf-e32f-4548-a2e5-44ab823c11b3:192.168.164.213:44036, a667faea-0fef-4f07-8d37-e0d8f63f2a62:192.168.164.213:36278, 2f81ded6-48e6-408d-9409-3cd44f70bee8:192.168.164.213:36516], old=null
2019-10-24 15:44:23,564 [a667faea-0fef-4f07-8d37-e0d8f63f2a62@group-56059261E3EC-LeaderElection279] INFO  impl.LeaderElection (LogUtils.java:infoOrTrace(149)) - a667faea-0fef-4f07-8d37-e0d8f63f2a62@group-56059261E3EC-LeaderElection279 got exception when requesting votes: {}
java.util.concurrent.ExecutionException: org.apache.ratis.thirdparty.io.grpc.StatusRuntimeException: UNAVAILABLE: io exception
	at java.util.concurrent.FutureTask.report(FutureTask.java:122)
	at java.util.concurrent.FutureTask.get(FutureTask.java:192)
	at org.apache.ratis.server.impl.LeaderElection.waitForResults(LeaderElection.java:259)
	at org.apache.ratis.server.impl.LeaderElection.askForVotes(LeaderElection.java:197)
	at org.apache.ratis.server.impl.LeaderElection.run(LeaderElection.java:133)
	at java.lang.Thread.run(Thread.java:748)
Caused by: org.apache.ratis.thirdparty.io.grpc.StatusRuntimeException: UNAVAILABLE: io exception
	at org.apache.ratis.thirdparty.io.grpc.stub.ClientCalls.toStatusRuntimeException(ClientCalls.java:233)
	at org.apache.ratis.thirdparty.io.grpc.stub.ClientCalls.getUnchecked(ClientCalls.java:214)
	at org.apache.ratis.thirdparty.io.grpc.stub.ClientCalls.blockingUnaryCall(ClientCalls.java:139)
	at org.apache.ratis.proto.grpc.RaftServerProtocolServiceGrpc$RaftServerProtocolServiceBlockingStub.requestVote(RaftServerProtocolServiceGrpc.java:265)
	at org.apache.ratis.grpc.server.GrpcServerProtocolClient.requestVote(GrpcServerProtocolClient.java:99)
	at org.apache.ratis.grpc.server.GrpcService.requestVote(GrpcService.java:204)
	at org.apache.ratis.server.impl.LeaderElection.lambda$submitRequests$1(LeaderElection.java:234)
	at java.util.concurrent.FutureTask.run(FutureTask.java:266)
	at java.util.concurrent.Executors$RunnableAdapter.call(Executors.java:511)
	at java.util.concurrent.FutureTask.run(FutureTask.java:266)
	at java.util.concurrent.ThreadPoolExecutor.runWorker(ThreadPoolExecutor.java:1149)
	at java.util.concurrent.ThreadPoolExecutor$Worker.run(ThreadPoolExecutor.java:624)
	... 1 more
Caused by: org.apache.ratis.thirdparty.io.netty.channel.AbstractChannel$AnnotatedConnectException: Connection refused: /192.168.164.213:44036
	at sun.nio.ch.SocketChannelImpl.checkConnect(Native Method)
	at sun.nio.ch.SocketChannelImpl.finishConnect(SocketChannelImpl.java:717)
	at org.apache.ratis.thirdparty.io.netty.channel.socket.nio.NioSocketChannel.doFinishConnect(NioSocketChannel.java:327)
	at org.apache.ratis.thirdparty.io.netty.channel.nio.AbstractNioChannel$AbstractNioUnsafe.finishConnect(AbstractNioChannel.java:340)
	at org.apache.ratis.thirdparty.io.netty.channel.nio.NioEventLoop.processSelectedKey(NioEventLoop.java:632)
	at org.apache.ratis.thirdparty.io.netty.channel.nio.NioEventLoop.processSelectedKeysOptimized(NioEventLoop.java:579)
	at org.apache.ratis.thirdparty.io.netty.channel.nio.NioEventLoop.processSelectedKeys(NioEventLoop.java:496)
	at org.apache.ratis.thirdparty.io.netty.channel.nio.NioEventLoop.run(NioEventLoop.java:458)
	at org.apache.ratis.thirdparty.io.netty.util.concurrent.SingleThreadEventExecutor$5.run(SingleThreadEventExecutor.java:897)
	at org.apache.ratis.thirdparty.io.netty.util.concurrent.FastThreadLocalRunnable.run(FastThreadLocalRunnable.java:30)
	... 1 more
Caused by: java.net.ConnectException: Connection refused
	... 11 more
2019-10-24 15:44:23,565 [a667faea-0fef-4f07-8d37-e0d8f63f2a62@group-56059261E3EC-LeaderElection279] INFO  impl.LeaderElection (LogUtils.java:infoOrTrace(149)) - a667faea-0fef-4f07-8d37-e0d8f63f2a62@group-56059261E3EC-LeaderElection279 got exception when requesting votes: {}
java.util.concurrent.ExecutionException: org.apache.ratis.thirdparty.io.grpc.StatusRuntimeException: UNAVAILABLE: io exception
	at java.util.concurrent.FutureTask.report(FutureTask.java:122)
	at java.util.concurrent.FutureTask.get(FutureTask.java:192)
	at org.apache.ratis.server.impl.LeaderElection.waitForResults(LeaderElection.java:259)
	at org.apache.ratis.server.impl.LeaderElection.askForVotes(LeaderElection.java:197)
	at org.apache.ratis.server.impl.LeaderElection.run(LeaderElection.java:133)
	at java.lang.Thread.run(Thread.java:748)
Caused by: org.apache.ratis.thirdparty.io.grpc.StatusRuntimeException: UNAVAILABLE: io exception
	at org.apache.ratis.thirdparty.io.grpc.stub.ClientCalls.toStatusRuntimeException(ClientCalls.java:233)
	at org.apache.ratis.thirdparty.io.grpc.stub.ClientCalls.getUnchecked(ClientCalls.java:214)
	at org.apache.ratis.thirdparty.io.grpc.stub.ClientCalls.blockingUnaryCall(ClientCalls.java:139)
	at org.apache.ratis.proto.grpc.RaftServerProtocolServiceGrpc$RaftServerProtocolServiceBlockingStub.requestVote(RaftServerProtocolServiceGrpc.java:265)
	at org.apache.ratis.grpc.server.GrpcServerProtocolClient.requestVote(GrpcServerProtocolClient.java:99)
	at org.apache.ratis.grpc.server.GrpcService.requestVote(GrpcService.java:204)
	at org.apache.ratis.server.impl.LeaderElection.lambda$submitRequests$1(LeaderElection.java:234)
	at java.util.concurrent.FutureTask.run(FutureTask.java:266)
	at java.util.concurrent.Executors$RunnableAdapter.call(Executors.java:511)
	at java.util.concurrent.FutureTask.run(FutureTask.java:266)
	at java.util.concurrent.ThreadPoolExecutor.runWorker(ThreadPoolExecutor.java:1149)
	at java.util.concurrent.ThreadPoolExecutor$Worker.run(ThreadPoolExecutor.java:624)
	... 1 more
Caused by: org.apache.ratis.thirdparty.io.netty.channel.AbstractChannel$AnnotatedConnectException: Connection refused: /192.168.164.213:36516
	at sun.nio.ch.SocketChannelImpl.checkConnect(Native Method)
	at sun.nio.ch.SocketChannelImpl.finishConnect(SocketChannelImpl.java:717)
	at org.apache.ratis.thirdparty.io.netty.channel.socket.nio.NioSocketChannel.doFinishConnect(NioSocketChannel.java:327)
	at org.apache.ratis.thirdparty.io.netty.channel.nio.AbstractNioChannel$AbstractNioUnsafe.finishConnect(AbstractNioChannel.java:340)
	at org.apache.ratis.thirdparty.io.netty.channel.nio.NioEventLoop.processSelectedKey(NioEventLoop.java:632)
	at org.apache.ratis.thirdparty.io.netty.channel.nio.NioEventLoop.processSelectedKeysOptimized(NioEventLoop.java:579)
	at org.apache.ratis.thirdparty.io.netty.channel.nio.NioEventLoop.processSelectedKeys(NioEventLoop.java:496)
	at org.apache.ratis.thirdparty.io.netty.channel.nio.NioEventLoop.run(NioEventLoop.java:458)
	at org.apache.ratis.thirdparty.io.netty.util.concurrent.SingleThreadEventExecutor$5.run(SingleThreadEventExecutor.java:897)
	at org.apache.ratis.thirdparty.io.netty.util.concurrent.FastThreadLocalRunnable.run(FastThreadLocalRunnable.java:30)
	... 1 more
Caused by: java.net.ConnectException: Connection refused
	... 11 more
2019-10-24 15:44:23,565 [a667faea-0fef-4f07-8d37-e0d8f63f2a62@group-56059261E3EC-LeaderElection279] INFO  impl.LeaderElection (LeaderElection.java:logAndReturn(56)) - a667faea-0fef-4f07-8d37-e0d8f63f2a62@group-56059261E3EC-LeaderElection279: Election REJECTED; received 0 response(s) [] and 2 exception(s); a667faea-0fef-4f07-8d37-e0d8f63f2a62@group-56059261E3EC:t9, leader=null, voted=a667faea-0fef-4f07-8d37-e0d8f63f2a62, raftlog=a667faea-0fef-4f07-8d37-e0d8f63f2a62@group-56059261E3EC-SegmentedRaftLog:OPENED:c16,f16,i16, conf=0: [3a65ecdf-e32f-4548-a2e5-44ab823c11b3:192.168.164.213:44036, a667faea-0fef-4f07-8d37-e0d8f63f2a62:192.168.164.213:36278, 2f81ded6-48e6-408d-9409-3cd44f70bee8:192.168.164.213:36516], old=null
2019-10-24 15:44:23,566 [a667faea-0fef-4f07-8d37-e0d8f63f2a62@group-56059261E3EC-LeaderElection279] INFO  impl.LeaderElection (LogUtils.java:infoOrTrace(149)) -   Exception 0: {}
java.util.concurrent.ExecutionException: org.apache.ratis.thirdparty.io.grpc.StatusRuntimeException: UNAVAILABLE: io exception
	at java.util.concurrent.FutureTask.report(FutureTask.java:122)
	at java.util.concurrent.FutureTask.get(FutureTask.java:192)
	at org.apache.ratis.server.impl.LeaderElection.waitForResults(LeaderElection.java:259)
	at org.apache.ratis.server.impl.LeaderElection.askForVotes(LeaderElection.java:197)
	at org.apache.ratis.server.impl.LeaderElection.run(LeaderElection.java:133)
	at java.lang.Thread.run(Thread.java:748)
Caused by: org.apache.ratis.thirdparty.io.grpc.StatusRuntimeException: UNAVAILABLE: io exception
	at org.apache.ratis.thirdparty.io.grpc.stub.ClientCalls.toStatusRuntimeException(ClientCalls.java:233)
	at org.apache.ratis.thirdparty.io.grpc.stub.ClientCalls.getUnchecked(ClientCalls.java:214)
	at org.apache.ratis.thirdparty.io.grpc.stub.ClientCalls.blockingUnaryCall(ClientCalls.java:139)
	at org.apache.ratis.proto.grpc.RaftServerProtocolServiceGrpc$RaftServerProtocolServiceBlockingStub.requestVote(RaftServerProtocolServiceGrpc.java:265)
	at org.apache.ratis.grpc.server.GrpcServerProtocolClient.requestVote(GrpcServerProtocolClient.java:99)
	at org.apache.ratis.grpc.server.GrpcService.requestVote(GrpcService.java:204)
	at org.apache.ratis.server.impl.LeaderElection.lambda$submitRequests$1(LeaderElection.java:234)
	at java.util.concurrent.FutureTask.run(FutureTask.java:266)
	at java.util.concurrent.Executors$RunnableAdapter.call(Executors.java:511)
	at java.util.concurrent.FutureTask.run(FutureTask.java:266)
	at java.util.concurrent.ThreadPoolExecutor.runWorker(ThreadPoolExecutor.java:1149)
	at java.util.concurrent.ThreadPoolExecutor$Worker.run(ThreadPoolExecutor.java:624)
	... 1 more
Caused by: org.apache.ratis.thirdparty.io.netty.channel.AbstractChannel$AnnotatedConnectException: Connection refused: /192.168.164.213:44036
	at sun.nio.ch.SocketChannelImpl.checkConnect(Native Method)
	at sun.nio.ch.SocketChannelImpl.finishConnect(SocketChannelImpl.java:717)
	at org.apache.ratis.thirdparty.io.netty.channel.socket.nio.NioSocketChannel.doFinishConnect(NioSocketChannel.java:327)
	at org.apache.ratis.thirdparty.io.netty.channel.nio.AbstractNioChannel$AbstractNioUnsafe.finishConnect(AbstractNioChannel.java:340)
	at org.apache.ratis.thirdparty.io.netty.channel.nio.NioEventLoop.processSelectedKey(NioEventLoop.java:632)
	at org.apache.ratis.thirdparty.io.netty.channel.nio.NioEventLoop.processSelectedKeysOptimized(NioEventLoop.java:579)
	at org.apache.ratis.thirdparty.io.netty.channel.nio.NioEventLoop.processSelectedKeys(NioEventLoop.java:496)
	at org.apache.ratis.thirdparty.io.netty.channel.nio.NioEventLoop.run(NioEventLoop.java:458)
	at org.apache.ratis.thirdparty.io.netty.util.concurrent.SingleThreadEventExecutor$5.run(SingleThreadEventExecutor.java:897)
	at org.apache.ratis.thirdparty.io.netty.util.concurrent.FastThreadLocalRunnable.run(FastThreadLocalRunnable.java:30)
	... 1 more
Caused by: java.net.ConnectException: Connection refused
	... 11 more
2019-10-24 15:44:23,566 [a667faea-0fef-4f07-8d37-e0d8f63f2a62@group-56059261E3EC-LeaderElection279] INFO  impl.LeaderElection (LogUtils.java:infoOrTrace(149)) -   Exception 1: {}
java.util.concurrent.ExecutionException: org.apache.ratis.thirdparty.io.grpc.StatusRuntimeException: UNAVAILABLE: io exception
	at java.util.concurrent.FutureTask.report(FutureTask.java:122)
	at java.util.concurrent.FutureTask.get(FutureTask.java:192)
	at org.apache.ratis.server.impl.LeaderElection.waitForResults(LeaderElection.java:259)
	at org.apache.ratis.server.impl.LeaderElection.askForVotes(LeaderElection.java:197)
	at org.apache.ratis.server.impl.LeaderElection.run(LeaderElection.java:133)
	at java.lang.Thread.run(Thread.java:748)
Caused by: org.apache.ratis.thirdparty.io.grpc.StatusRuntimeException: UNAVAILABLE: io exception
	at org.apache.ratis.thirdparty.io.grpc.stub.ClientCalls.toStatusRuntimeException(ClientCalls.java:233)
	at org.apache.ratis.thirdparty.io.grpc.stub.ClientCalls.getUnchecked(ClientCalls.java:214)
	at org.apache.ratis.thirdparty.io.grpc.stub.ClientCalls.blockingUnaryCall(ClientCalls.java:139)
	at org.apache.ratis.proto.grpc.RaftServerProtocolServiceGrpc$RaftServerProtocolServiceBlockingStub.requestVote(RaftServerProtocolServiceGrpc.java:265)
	at org.apache.ratis.grpc.server.GrpcServerProtocolClient.requestVote(GrpcServerProtocolClient.java:99)
	at org.apache.ratis.grpc.server.GrpcService.requestVote(GrpcService.java:204)
	at org.apache.ratis.server.impl.LeaderElection.lambda$submitRequests$1(LeaderElection.java:234)
	at java.util.concurrent.FutureTask.run(FutureTask.java:266)
	at java.util.concurrent.Executors$RunnableAdapter.call(Executors.java:511)
	at java.util.concurrent.FutureTask.run(FutureTask.java:266)
	at java.util.concurrent.ThreadPoolExecutor.runWorker(ThreadPoolExecutor.java:1149)
	at java.util.concurrent.ThreadPoolExecutor$Worker.run(ThreadPoolExecutor.java:624)
	... 1 more
Caused by: org.apache.ratis.thirdparty.io.netty.channel.AbstractChannel$AnnotatedConnectException: Connection refused: /192.168.164.213:36516
	at sun.nio.ch.SocketChannelImpl.checkConnect(Native Method)
	at sun.nio.ch.SocketChannelImpl.finishConnect(SocketChannelImpl.java:717)
	at org.apache.ratis.thirdparty.io.netty.channel.socket.nio.NioSocketChannel.doFinishConnect(NioSocketChannel.java:327)
	at org.apache.ratis.thirdparty.io.netty.channel.nio.AbstractNioChannel$AbstractNioUnsafe.finishConnect(AbstractNioChannel.java:340)
	at org.apache.ratis.thirdparty.io.netty.channel.nio.NioEventLoop.processSelectedKey(NioEventLoop.java:632)
	at org.apache.ratis.thirdparty.io.netty.channel.nio.NioEventLoop.processSelectedKeysOptimized(NioEventLoop.java:579)
	at org.apache.ratis.thirdparty.io.netty.channel.nio.NioEventLoop.processSelectedKeys(NioEventLoop.java:496)
	at org.apache.ratis.thirdparty.io.netty.channel.nio.NioEventLoop.run(NioEventLoop.java:458)
	at org.apache.ratis.thirdparty.io.netty.util.concurrent.SingleThreadEventExecutor$5.run(SingleThreadEventExecutor.java:897)
	at org.apache.ratis.thirdparty.io.netty.util.concurrent.FastThreadLocalRunnable.run(FastThreadLocalRunnable.java:30)
	... 1 more
Caused by: java.net.ConnectException: Connection refused
	... 11 more
2019-10-24 15:44:23,567 [a667faea-0fef-4f07-8d37-e0d8f63f2a62@group-56059261E3EC-LeaderElection279] INFO  impl.RaftServerImpl (RaftServerImpl.java:setRole(184)) - a667faea-0fef-4f07-8d37-e0d8f63f2a62@group-56059261E3EC: changes role from CANDIDATE to FOLLOWER at term 9 for DISCOVERED_A_NEW_TERM
2019-10-24 15:44:23,567 [a667faea-0fef-4f07-8d37-e0d8f63f2a62@group-56059261E3EC-LeaderElection279] INFO  impl.RoleInfo (RoleInfo.java:shutdownLeaderElection(134)) - a667faea-0fef-4f07-8d37-e0d8f63f2a62: shutdown LeaderElection
2019-10-24 15:44:23,567 [a667faea-0fef-4f07-8d37-e0d8f63f2a62@group-56059261E3EC-LeaderElection279] INFO  impl.RoleInfo (RoleInfo.java:updateAndGet(143)) - a667faea-0fef-4f07-8d37-e0d8f63f2a62: start FollowerState
2019-10-24 15:44:23,656 [Thread-2278] INFO  impl.FollowerState (FollowerState.java:run(108)) - af280123-6372-4d1f-a5d4-c36229a73203@group-75C85B6D1182-FollowerState: change to CANDIDATE, lastRpcTime:108ms, electionTimeout:108ms
2019-10-24 15:44:23,656 [Thread-2278] INFO  impl.RoleInfo (RoleInfo.java:shutdownFollowerState(121)) - af280123-6372-4d1f-a5d4-c36229a73203: shutdown FollowerState
2019-10-24 15:44:23,656 [Thread-2278] INFO  impl.RaftServerImpl (RaftServerImpl.java:setRole(184)) - af280123-6372-4d1f-a5d4-c36229a73203@group-75C85B6D1182: changes role from  FOLLOWER to CANDIDATE at term 272 for changeToCandidate
2019-10-24 15:44:23,656 [Thread-2278] INFO  impl.RoleInfo (RoleInfo.java:updateAndGet(143)) - af280123-6372-4d1f-a5d4-c36229a73203: start LeaderElection
2019-10-24 15:44:23,682 [af280123-6372-4d1f-a5d4-c36229a73203@group-75C85B6D1182-LeaderElection280] INFO  impl.LeaderElection (LeaderElection.java:askForVotes(178)) - af280123-6372-4d1f-a5d4-c36229a73203@group-75C85B6D1182-LeaderElection280: begin an election at term 273 for -1: [9092f221-0e0d-4970-bb84-cacd95020f21:192.168.164.213:41903, af280123-6372-4d1f-a5d4-c36229a73203:192.168.164.213:35334, b4ae536c-ed18-4717-a75c-ca4b5d6c4001:192.168.164.213:41180], old=null
2019-10-24 15:44:23,683 [af280123-6372-4d1f-a5d4-c36229a73203@group-75C85B6D1182-LeaderElection280] INFO  impl.LeaderElection (LogUtils.java:infoOrTrace(149)) - af280123-6372-4d1f-a5d4-c36229a73203@group-75C85B6D1182-LeaderElection280 got exception when requesting votes: {}
java.util.concurrent.ExecutionException: org.apache.ratis.thirdparty.io.grpc.StatusRuntimeException: UNAVAILABLE: io exception
	at java.util.concurrent.FutureTask.report(FutureTask.java:122)
	at java.util.concurrent.FutureTask.get(FutureTask.java:192)
	at org.apache.ratis.server.impl.LeaderElection.waitForResults(LeaderElection.java:259)
	at org.apache.ratis.server.impl.LeaderElection.askForVotes(LeaderElection.java:197)
	at org.apache.ratis.server.impl.LeaderElection.run(LeaderElection.java:133)
	at java.lang.Thread.run(Thread.java:748)
Caused by: org.apache.ratis.thirdparty.io.grpc.StatusRuntimeException: UNAVAILABLE: io exception
	at org.apache.ratis.thirdparty.io.grpc.stub.ClientCalls.toStatusRuntimeException(ClientCalls.java:233)
	at org.apache.ratis.thirdparty.io.grpc.stub.ClientCalls.getUnchecked(ClientCalls.java:214)
	at org.apache.ratis.thirdparty.io.grpc.stub.ClientCalls.blockingUnaryCall(ClientCalls.java:139)
	at org.apache.ratis.proto.grpc.RaftServerProtocolServiceGrpc$RaftServerProtocolServiceBlockingStub.requestVote(RaftServerProtocolServiceGrpc.java:265)
	at org.apache.ratis.grpc.server.GrpcServerProtocolClient.requestVote(GrpcServerProtocolClient.java:99)
	at org.apache.ratis.grpc.server.GrpcService.requestVote(GrpcService.java:204)
	at org.apache.ratis.server.impl.LeaderElection.lambda$submitRequests$1(LeaderElection.java:234)
	at java.util.concurrent.FutureTask.run(FutureTask.java:266)
	at java.util.concurrent.Executors$RunnableAdapter.call(Executors.java:511)
	at java.util.concurrent.FutureTask.run(FutureTask.java:266)
	at java.util.concurrent.ThreadPoolExecutor.runWorker(ThreadPoolExecutor.java:1149)
	at java.util.concurrent.ThreadPoolExecutor$Worker.run(ThreadPoolExecutor.java:624)
	... 1 more
Caused by: org.apache.ratis.thirdparty.io.netty.channel.AbstractChannel$AnnotatedConnectException: Connection refused: /192.168.164.213:41903
	at sun.nio.ch.SocketChannelImpl.checkConnect(Native Method)
	at sun.nio.ch.SocketChannelImpl.finishConnect(SocketChannelImpl.java:717)
	at org.apache.ratis.thirdparty.io.netty.channel.socket.nio.NioSocketChannel.doFinishConnect(NioSocketChannel.java:327)
	at org.apache.ratis.thirdparty.io.netty.channel.nio.AbstractNioChannel$AbstractNioUnsafe.finishConnect(AbstractNioChannel.java:340)
	at org.apache.ratis.thirdparty.io.netty.channel.nio.NioEventLoop.processSelectedKey(NioEventLoop.java:632)
	at org.apache.ratis.thirdparty.io.netty.channel.nio.NioEventLoop.processSelectedKeysOptimized(NioEventLoop.java:579)
	at org.apache.ratis.thirdparty.io.netty.channel.nio.NioEventLoop.processSelectedKeys(NioEventLoop.java:496)
	at org.apache.ratis.thirdparty.io.netty.channel.nio.NioEventLoop.run(NioEventLoop.java:458)
	at org.apache.ratis.thirdparty.io.netty.util.concurrent.SingleThreadEventExecutor$5.run(SingleThreadEventExecutor.java:897)
	at org.apache.ratis.thirdparty.io.netty.util.concurrent.FastThreadLocalRunnable.run(FastThreadLocalRunnable.java:30)
	... 1 more
Caused by: java.net.ConnectException: Connection refused
	... 11 more
2019-10-24 15:44:23,684 [af280123-6372-4d1f-a5d4-c36229a73203@group-75C85B6D1182-LeaderElection280] INFO  impl.LeaderElection (LogUtils.java:infoOrTrace(149)) - af280123-6372-4d1f-a5d4-c36229a73203@group-75C85B6D1182-LeaderElection280 got exception when requesting votes: {}
java.util.concurrent.ExecutionException: org.apache.ratis.thirdparty.io.grpc.StatusRuntimeException: UNAVAILABLE: io exception
	at java.util.concurrent.FutureTask.report(FutureTask.java:122)
	at java.util.concurrent.FutureTask.get(FutureTask.java:192)
	at org.apache.ratis.server.impl.LeaderElection.waitForResults(LeaderElection.java:259)
	at org.apache.ratis.server.impl.LeaderElection.askForVotes(LeaderElection.java:197)
	at org.apache.ratis.server.impl.LeaderElection.run(LeaderElection.java:133)
	at java.lang.Thread.run(Thread.java:748)
Caused by: org.apache.ratis.thirdparty.io.grpc.StatusRuntimeException: UNAVAILABLE: io exception
	at org.apache.ratis.thirdparty.io.grpc.stub.ClientCalls.toStatusRuntimeException(ClientCalls.java:233)
	at org.apache.ratis.thirdparty.io.grpc.stub.ClientCalls.getUnchecked(ClientCalls.java:214)
	at org.apache.ratis.thirdparty.io.grpc.stub.ClientCalls.blockingUnaryCall(ClientCalls.java:139)
	at org.apache.ratis.proto.grpc.RaftServerProtocolServiceGrpc$RaftServerProtocolServiceBlockingStub.requestVote(RaftServerProtocolServiceGrpc.java:265)
	at org.apache.ratis.grpc.server.GrpcServerProtocolClient.requestVote(GrpcServerProtocolClient.java:99)
	at org.apache.ratis.grpc.server.GrpcService.requestVote(GrpcService.java:204)
	at org.apache.ratis.server.impl.LeaderElection.lambda$submitRequests$1(LeaderElection.java:234)
	at java.util.concurrent.FutureTask.run(FutureTask.java:266)
	at java.util.concurrent.Executors$RunnableAdapter.call(Executors.java:511)
	at java.util.concurrent.FutureTask.run(FutureTask.java:266)
	at java.util.concurrent.ThreadPoolExecutor.runWorker(ThreadPoolExecutor.java:1149)
	at java.util.concurrent.ThreadPoolExecutor$Worker.run(ThreadPoolExecutor.java:624)
	... 1 more
Caused by: org.apache.ratis.thirdparty.io.netty.channel.AbstractChannel$AnnotatedConnectException: Connection refused: /192.168.164.213:41180
	at sun.nio.ch.SocketChannelImpl.checkConnect(Native Method)
	at sun.nio.ch.SocketChannelImpl.finishConnect(SocketChannelImpl.java:717)
	at org.apache.ratis.thirdparty.io.netty.channel.socket.nio.NioSocketChannel.doFinishConnect(NioSocketChannel.java:327)
	at org.apache.ratis.thirdparty.io.netty.channel.nio.AbstractNioChannel$AbstractNioUnsafe.finishConnect(AbstractNioChannel.java:340)
	at org.apache.ratis.thirdparty.io.netty.channel.nio.NioEventLoop.processSelectedKey(NioEventLoop.java:632)
	at org.apache.ratis.thirdparty.io.netty.channel.nio.NioEventLoop.processSelectedKeysOptimized(NioEventLoop.java:579)
	at org.apache.ratis.thirdparty.io.netty.channel.nio.NioEventLoop.processSelectedKeys(NioEventLoop.java:496)
	at org.apache.ratis.thirdparty.io.netty.channel.nio.NioEventLoop.run(NioEventLoop.java:458)
	at org.apache.ratis.thirdparty.io.netty.util.concurrent.SingleThreadEventExecutor$5.run(SingleThreadEventExecutor.java:897)
	at org.apache.ratis.thirdparty.io.netty.util.concurrent.FastThreadLocalRunnable.run(FastThreadLocalRunnable.java:30)
	... 1 more
Caused by: java.net.ConnectException: Connection refused
	... 11 more
2019-10-24 15:44:23,684 [af280123-6372-4d1f-a5d4-c36229a73203@group-75C85B6D1182-LeaderElection280] INFO  impl.LeaderElection (LeaderElection.java:logAndReturn(56)) - af280123-6372-4d1f-a5d4-c36229a73203@group-75C85B6D1182-LeaderElection280: Election REJECTED; received 0 response(s) [] and 2 exception(s); af280123-6372-4d1f-a5d4-c36229a73203@group-75C85B6D1182:t273, leader=null, voted=af280123-6372-4d1f-a5d4-c36229a73203, raftlog=af280123-6372-4d1f-a5d4-c36229a73203@group-75C85B6D1182-SegmentedRaftLog:OPENED:c-1,f-1,i0, conf=-1: [9092f221-0e0d-4970-bb84-cacd95020f21:192.168.164.213:41903, af280123-6372-4d1f-a5d4-c36229a73203:192.168.164.213:35334, b4ae536c-ed18-4717-a75c-ca4b5d6c4001:192.168.164.213:41180], old=null
2019-10-24 15:44:23,685 [af280123-6372-4d1f-a5d4-c36229a73203@group-75C85B6D1182-LeaderElection280] INFO  impl.LeaderElection (LogUtils.java:infoOrTrace(149)) -   Exception 0: {}
java.util.concurrent.ExecutionException: org.apache.ratis.thirdparty.io.grpc.StatusRuntimeException: UNAVAILABLE: io exception
	at java.util.concurrent.FutureTask.report(FutureTask.java:122)
	at java.util.concurrent.FutureTask.get(FutureTask.java:192)
	at org.apache.ratis.server.impl.LeaderElection.waitForResults(LeaderElection.java:259)
	at org.apache.ratis.server.impl.LeaderElection.askForVotes(LeaderElection.java:197)
	at org.apache.ratis.server.impl.LeaderElection.run(LeaderElection.java:133)
	at java.lang.Thread.run(Thread.java:748)
Caused by: org.apache.ratis.thirdparty.io.grpc.StatusRuntimeException: UNAVAILABLE: io exception
	at org.apache.ratis.thirdparty.io.grpc.stub.ClientCalls.toStatusRuntimeException(ClientCalls.java:233)
	at org.apache.ratis.thirdparty.io.grpc.stub.ClientCalls.getUnchecked(ClientCalls.java:214)
	at org.apache.ratis.thirdparty.io.grpc.stub.ClientCalls.blockingUnaryCall(ClientCalls.java:139)
	at org.apache.ratis.proto.grpc.RaftServerProtocolServiceGrpc$RaftServerProtocolServiceBlockingStub.requestVote(RaftServerProtocolServiceGrpc.java:265)
	at org.apache.ratis.grpc.server.GrpcServerProtocolClient.requestVote(GrpcServerProtocolClient.java:99)
	at org.apache.ratis.grpc.server.GrpcService.requestVote(GrpcService.java:204)
	at org.apache.ratis.server.impl.LeaderElection.lambda$submitRequests$1(LeaderElection.java:234)
	at java.util.concurrent.FutureTask.run(FutureTask.java:266)
	at java.util.concurrent.Executors$RunnableAdapter.call(Executors.java:511)
	at java.util.concurrent.FutureTask.run(FutureTask.java:266)
	at java.util.concurrent.ThreadPoolExecutor.runWorker(ThreadPoolExecutor.java:1149)
	at java.util.concurrent.ThreadPoolExecutor$Worker.run(ThreadPoolExecutor.java:624)
	... 1 more
Caused by: org.apache.ratis.thirdparty.io.netty.channel.AbstractChannel$AnnotatedConnectException: Connection refused: /192.168.164.213:41903
	at sun.nio.ch.SocketChannelImpl.checkConnect(Native Method)
	at sun.nio.ch.SocketChannelImpl.finishConnect(SocketChannelImpl.java:717)
	at org.apache.ratis.thirdparty.io.netty.channel.socket.nio.NioSocketChannel.doFinishConnect(NioSocketChannel.java:327)
	at org.apache.ratis.thirdparty.io.netty.channel.nio.AbstractNioChannel$AbstractNioUnsafe.finishConnect(AbstractNioChannel.java:340)
	at org.apache.ratis.thirdparty.io.netty.channel.nio.NioEventLoop.processSelectedKey(NioEventLoop.java:632)
	at org.apache.ratis.thirdparty.io.netty.channel.nio.NioEventLoop.processSelectedKeysOptimized(NioEventLoop.java:579)
	at org.apache.ratis.thirdparty.io.netty.channel.nio.NioEventLoop.processSelectedKeys(NioEventLoop.java:496)
	at org.apache.ratis.thirdparty.io.netty.channel.nio.NioEventLoop.run(NioEventLoop.java:458)
	at org.apache.ratis.thirdparty.io.netty.util.concurrent.SingleThreadEventExecutor$5.run(SingleThreadEventExecutor.java:897)
	at org.apache.ratis.thirdparty.io.netty.util.concurrent.FastThreadLocalRunnable.run(FastThreadLocalRunnable.java:30)
	... 1 more
Caused by: java.net.ConnectException: Connection refused
	... 11 more
2019-10-24 15:44:23,685 [af280123-6372-4d1f-a5d4-c36229a73203@group-75C85B6D1182-LeaderElection280] INFO  impl.LeaderElection (LogUtils.java:infoOrTrace(149)) -   Exception 1: {}
java.util.concurrent.ExecutionException: org.apache.ratis.thirdparty.io.grpc.StatusRuntimeException: UNAVAILABLE: io exception
	at java.util.concurrent.FutureTask.report(FutureTask.java:122)
	at java.util.concurrent.FutureTask.get(FutureTask.java:192)
	at org.apache.ratis.server.impl.LeaderElection.waitForResults(LeaderElection.java:259)
	at org.apache.ratis.server.impl.LeaderElection.askForVotes(LeaderElection.java:197)
	at org.apache.ratis.server.impl.LeaderElection.run(LeaderElection.java:133)
	at java.lang.Thread.run(Thread.java:748)
Caused by: org.apache.ratis.thirdparty.io.grpc.StatusRuntimeException: UNAVAILABLE: io exception
	at org.apache.ratis.thirdparty.io.grpc.stub.ClientCalls.toStatusRuntimeException(ClientCalls.java:233)
	at org.apache.ratis.thirdparty.io.grpc.stub.ClientCalls.getUnchecked(ClientCalls.java:214)
	at org.apache.ratis.thirdparty.io.grpc.stub.ClientCalls.blockingUnaryCall(ClientCalls.java:139)
	at org.apache.ratis.proto.grpc.RaftServerProtocolServiceGrpc$RaftServerProtocolServiceBlockingStub.requestVote(RaftServerProtocolServiceGrpc.java:265)
	at org.apache.ratis.grpc.server.GrpcServerProtocolClient.requestVote(GrpcServerProtocolClient.java:99)
	at org.apache.ratis.grpc.server.GrpcService.requestVote(GrpcService.java:204)
	at org.apache.ratis.server.impl.LeaderElection.lambda$submitRequests$1(LeaderElection.java:234)
	at java.util.concurrent.FutureTask.run(FutureTask.java:266)
	at java.util.concurrent.Executors$RunnableAdapter.call(Executors.java:511)
	at java.util.concurrent.FutureTask.run(FutureTask.java:266)
	at java.util.concurrent.ThreadPoolExecutor.runWorker(ThreadPoolExecutor.java:1149)
	at java.util.concurrent.ThreadPoolExecutor$Worker.run(ThreadPoolExecutor.java:624)
	... 1 more
Caused by: org.apache.ratis.thirdparty.io.netty.channel.AbstractChannel$AnnotatedConnectException: Connection refused: /192.168.164.213:41180
	at sun.nio.ch.SocketChannelImpl.checkConnect(Native Method)
	at sun.nio.ch.SocketChannelImpl.finishConnect(SocketChannelImpl.java:717)
	at org.apache.ratis.thirdparty.io.netty.channel.socket.nio.NioSocketChannel.doFinishConnect(NioSocketChannel.java:327)
	at org.apache.ratis.thirdparty.io.netty.channel.nio.AbstractNioChannel$AbstractNioUnsafe.finishConnect(AbstractNioChannel.java:340)
	at org.apache.ratis.thirdparty.io.netty.channel.nio.NioEventLoop.processSelectedKey(NioEventLoop.java:632)
	at org.apache.ratis.thirdparty.io.netty.channel.nio.NioEventLoop.processSelectedKeysOptimized(NioEventLoop.java:579)
	at org.apache.ratis.thirdparty.io.netty.channel.nio.NioEventLoop.processSelectedKeys(NioEventLoop.java:496)
	at org.apache.ratis.thirdparty.io.netty.channel.nio.NioEventLoop.run(NioEventLoop.java:458)
	at org.apache.ratis.thirdparty.io.netty.util.concurrent.SingleThreadEventExecutor$5.run(SingleThreadEventExecutor.java:897)
	at org.apache.ratis.thirdparty.io.netty.util.concurrent.FastThreadLocalRunnable.run(FastThreadLocalRunnable.java:30)
	... 1 more
Caused by: java.net.ConnectException: Connection refused
	... 11 more
2019-10-24 15:44:23,685 [af280123-6372-4d1f-a5d4-c36229a73203@group-75C85B6D1182-LeaderElection280] INFO  impl.RaftServerImpl (RaftServerImpl.java:setRole(184)) - af280123-6372-4d1f-a5d4-c36229a73203@group-75C85B6D1182: changes role from CANDIDATE to FOLLOWER at term 273 for DISCOVERED_A_NEW_TERM
2019-10-24 15:44:23,685 [af280123-6372-4d1f-a5d4-c36229a73203@group-75C85B6D1182-LeaderElection280] INFO  impl.RoleInfo (RoleInfo.java:shutdownLeaderElection(134)) - af280123-6372-4d1f-a5d4-c36229a73203: shutdown LeaderElection
2019-10-24 15:44:23,685 [af280123-6372-4d1f-a5d4-c36229a73203@group-75C85B6D1182-LeaderElection280] INFO  impl.RoleInfo (RoleInfo.java:updateAndGet(143)) - af280123-6372-4d1f-a5d4-c36229a73203: start FollowerState
2019-10-24 15:44:23,783 [Thread-2286] INFO  impl.FollowerState (FollowerState.java:run(108)) - af280123-6372-4d1f-a5d4-c36229a73203@group-75C85B6D1182-FollowerState: change to CANDIDATE, lastRpcTime:97ms, electionTimeout:97ms
2019-10-24 15:44:23,783 [Thread-2286] INFO  impl.RoleInfo (RoleInfo.java:shutdownFollowerState(121)) - af280123-6372-4d1f-a5d4-c36229a73203: shutdown FollowerState
2019-10-24 15:44:23,783 [Thread-2286] INFO  impl.RaftServerImpl (RaftServerImpl.java:setRole(184)) - af280123-6372-4d1f-a5d4-c36229a73203@group-75C85B6D1182: changes role from  FOLLOWER to CANDIDATE at term 273 for changeToCandidate
2019-10-24 15:44:23,784 [Thread-2286] INFO  impl.RoleInfo (RoleInfo.java:updateAndGet(143)) - af280123-6372-4d1f-a5d4-c36229a73203: start LeaderElection
2019-10-24 15:44:23,797 [af280123-6372-4d1f-a5d4-c36229a73203@group-75C85B6D1182-LeaderElection281] INFO  impl.LeaderElection (LeaderElection.java:askForVotes(178)) - af280123-6372-4d1f-a5d4-c36229a73203@group-75C85B6D1182-LeaderElection281: begin an election at term 274 for -1: [9092f221-0e0d-4970-bb84-cacd95020f21:192.168.164.213:41903, af280123-6372-4d1f-a5d4-c36229a73203:192.168.164.213:35334, b4ae536c-ed18-4717-a75c-ca4b5d6c4001:192.168.164.213:41180], old=null
2019-10-24 15:44:23,798 [af280123-6372-4d1f-a5d4-c36229a73203@group-75C85B6D1182-LeaderElection281] INFO  impl.LeaderElection (LogUtils.java:infoOrTrace(149)) - af280123-6372-4d1f-a5d4-c36229a73203@group-75C85B6D1182-LeaderElection281 got exception when requesting votes: {}
java.util.concurrent.ExecutionException: org.apache.ratis.thirdparty.io.grpc.StatusRuntimeException: UNAVAILABLE: io exception
	at java.util.concurrent.FutureTask.report(FutureTask.java:122)
	at java.util.concurrent.FutureTask.get(FutureTask.java:192)
	at org.apache.ratis.server.impl.LeaderElection.waitForResults(LeaderElection.java:259)
	at org.apache.ratis.server.impl.LeaderElection.askForVotes(LeaderElection.java:197)
	at org.apache.ratis.server.impl.LeaderElection.run(LeaderElection.java:133)
	at java.lang.Thread.run(Thread.java:748)
Caused by: org.apache.ratis.thirdparty.io.grpc.StatusRuntimeException: UNAVAILABLE: io exception
	at org.apache.ratis.thirdparty.io.grpc.stub.ClientCalls.toStatusRuntimeException(ClientCalls.java:233)
	at org.apache.ratis.thirdparty.io.grpc.stub.ClientCalls.getUnchecked(ClientCalls.java:214)
	at org.apache.ratis.thirdparty.io.grpc.stub.ClientCalls.blockingUnaryCall(ClientCalls.java:139)
	at org.apache.ratis.proto.grpc.RaftServerProtocolServiceGrpc$RaftServerProtocolServiceBlockingStub.requestVote(RaftServerProtocolServiceGrpc.java:265)
	at org.apache.ratis.grpc.server.GrpcServerProtocolClient.requestVote(GrpcServerProtocolClient.java:99)
	at org.apache.ratis.grpc.server.GrpcService.requestVote(GrpcService.java:204)
	at org.apache.ratis.server.impl.LeaderElection.lambda$submitRequests$1(LeaderElection.java:234)
	at java.util.concurrent.FutureTask.run(FutureTask.java:266)
	at java.util.concurrent.Executors$RunnableAdapter.call(Executors.java:511)
	at java.util.concurrent.FutureTask.run(FutureTask.java:266)
	at java.util.concurrent.ThreadPoolExecutor.runWorker(ThreadPoolExecutor.java:1149)
	at java.util.concurrent.ThreadPoolExecutor$Worker.run(ThreadPoolExecutor.java:624)
	... 1 more
Caused by: org.apache.ratis.thirdparty.io.netty.channel.AbstractChannel$AnnotatedConnectException: Connection refused: /192.168.164.213:41903
	at sun.nio.ch.SocketChannelImpl.checkConnect(Native Method)
	at sun.nio.ch.SocketChannelImpl.finishConnect(SocketChannelImpl.java:717)
	at org.apache.ratis.thirdparty.io.netty.channel.socket.nio.NioSocketChannel.doFinishConnect(NioSocketChannel.java:327)
	at org.apache.ratis.thirdparty.io.netty.channel.nio.AbstractNioChannel$AbstractNioUnsafe.finishConnect(AbstractNioChannel.java:340)
	at org.apache.ratis.thirdparty.io.netty.channel.nio.NioEventLoop.processSelectedKey(NioEventLoop.java:632)
	at org.apache.ratis.thirdparty.io.netty.channel.nio.NioEventLoop.processSelectedKeysOptimized(NioEventLoop.java:579)
	at org.apache.ratis.thirdparty.io.netty.channel.nio.NioEventLoop.processSelectedKeys(NioEventLoop.java:496)
	at org.apache.ratis.thirdparty.io.netty.channel.nio.NioEventLoop.run(NioEventLoop.java:458)
	at org.apache.ratis.thirdparty.io.netty.util.concurrent.SingleThreadEventExecutor$5.run(SingleThreadEventExecutor.java:897)
	at org.apache.ratis.thirdparty.io.netty.util.concurrent.FastThreadLocalRunnable.run(FastThreadLocalRunnable.java:30)
	... 1 more
Caused by: java.net.ConnectException: Connection refused
	... 11 more
2019-10-24 15:44:23,799 [af280123-6372-4d1f-a5d4-c36229a73203@group-75C85B6D1182-LeaderElection281] INFO  impl.LeaderElection (LogUtils.java:infoOrTrace(149)) - af280123-6372-4d1f-a5d4-c36229a73203@group-75C85B6D1182-LeaderElection281 got exception when requesting votes: {}
java.util.concurrent.ExecutionException: org.apache.ratis.thirdparty.io.grpc.StatusRuntimeException: UNAVAILABLE: io exception
	at java.util.concurrent.FutureTask.report(FutureTask.java:122)
	at java.util.concurrent.FutureTask.get(FutureTask.java:192)
	at org.apache.ratis.server.impl.LeaderElection.waitForResults(LeaderElection.java:259)
	at org.apache.ratis.server.impl.LeaderElection.askForVotes(LeaderElection.java:197)
	at org.apache.ratis.server.impl.LeaderElection.run(LeaderElection.java:133)
	at java.lang.Thread.run(Thread.java:748)
Caused by: org.apache.ratis.thirdparty.io.grpc.StatusRuntimeException: UNAVAILABLE: io exception
	at org.apache.ratis.thirdparty.io.grpc.stub.ClientCalls.toStatusRuntimeException(ClientCalls.java:233)
	at org.apache.ratis.thirdparty.io.grpc.stub.ClientCalls.getUnchecked(ClientCalls.java:214)
	at org.apache.ratis.thirdparty.io.grpc.stub.ClientCalls.blockingUnaryCall(ClientCalls.java:139)
	at org.apache.ratis.proto.grpc.RaftServerProtocolServiceGrpc$RaftServerProtocolServiceBlockingStub.requestVote(RaftServerProtocolServiceGrpc.java:265)
	at org.apache.ratis.grpc.server.GrpcServerProtocolClient.requestVote(GrpcServerProtocolClient.java:99)
	at org.apache.ratis.grpc.server.GrpcService.requestVote(GrpcService.java:204)
	at org.apache.ratis.server.impl.LeaderElection.lambda$submitRequests$1(LeaderElection.java:234)
	at java.util.concurrent.FutureTask.run(FutureTask.java:266)
	at java.util.concurrent.Executors$RunnableAdapter.call(Executors.java:511)
	at java.util.concurrent.FutureTask.run(FutureTask.java:266)
	at java.util.concurrent.ThreadPoolExecutor.runWorker(ThreadPoolExecutor.java:1149)
	at java.util.concurrent.ThreadPoolExecutor$Worker.run(ThreadPoolExecutor.java:624)
	... 1 more
Caused by: org.apache.ratis.thirdparty.io.netty.channel.AbstractChannel$AnnotatedConnectException: Connection refused: /192.168.164.213:41180
	at sun.nio.ch.SocketChannelImpl.checkConnect(Native Method)
	at sun.nio.ch.SocketChannelImpl.finishConnect(SocketChannelImpl.java:717)
	at org.apache.ratis.thirdparty.io.netty.channel.socket.nio.NioSocketChannel.doFinishConnect(NioSocketChannel.java:327)
	at org.apache.ratis.thirdparty.io.netty.channel.nio.AbstractNioChannel$AbstractNioUnsafe.finishConnect(AbstractNioChannel.java:340)
	at org.apache.ratis.thirdparty.io.netty.channel.nio.NioEventLoop.processSelectedKey(NioEventLoop.java:632)
	at org.apache.ratis.thirdparty.io.netty.channel.nio.NioEventLoop.processSelectedKeysOptimized(NioEventLoop.java:579)
	at org.apache.ratis.thirdparty.io.netty.channel.nio.NioEventLoop.processSelectedKeys(NioEventLoop.java:496)
	at org.apache.ratis.thirdparty.io.netty.channel.nio.NioEventLoop.run(NioEventLoop.java:458)
	at org.apache.ratis.thirdparty.io.netty.util.concurrent.SingleThreadEventExecutor$5.run(SingleThreadEventExecutor.java:897)
	at org.apache.ratis.thirdparty.io.netty.util.concurrent.FastThreadLocalRunnable.run(FastThreadLocalRunnable.java:30)
	... 1 more
Caused by: java.net.ConnectException: Connection refused
	... 11 more
2019-10-24 15:44:23,800 [af280123-6372-4d1f-a5d4-c36229a73203@group-75C85B6D1182-LeaderElection281] INFO  impl.LeaderElection (LeaderElection.java:logAndReturn(56)) - af280123-6372-4d1f-a5d4-c36229a73203@group-75C85B6D1182-LeaderElection281: Election REJECTED; received 0 response(s) [] and 2 exception(s); af280123-6372-4d1f-a5d4-c36229a73203@group-75C85B6D1182:t274, leader=null, voted=af280123-6372-4d1f-a5d4-c36229a73203, raftlog=af280123-6372-4d1f-a5d4-c36229a73203@group-75C85B6D1182-SegmentedRaftLog:OPENED:c-1,f-1,i0, conf=-1: [9092f221-0e0d-4970-bb84-cacd95020f21:192.168.164.213:41903, af280123-6372-4d1f-a5d4-c36229a73203:192.168.164.213:35334, b4ae536c-ed18-4717-a75c-ca4b5d6c4001:192.168.164.213:41180], old=null
2019-10-24 15:44:23,800 [af280123-6372-4d1f-a5d4-c36229a73203@group-75C85B6D1182-LeaderElection281] INFO  impl.LeaderElection (LogUtils.java:infoOrTrace(149)) -   Exception 0: {}
java.util.concurrent.ExecutionException: org.apache.ratis.thirdparty.io.grpc.StatusRuntimeException: UNAVAILABLE: io exception
	at java.util.concurrent.FutureTask.report(FutureTask.java:122)
	at java.util.concurrent.FutureTask.get(FutureTask.java:192)
	at org.apache.ratis.server.impl.LeaderElection.waitForResults(LeaderElection.java:259)
	at org.apache.ratis.server.impl.LeaderElection.askForVotes(LeaderElection.java:197)
	at org.apache.ratis.server.impl.LeaderElection.run(LeaderElection.java:133)
	at java.lang.Thread.run(Thread.java:748)
Caused by: org.apache.ratis.thirdparty.io.grpc.StatusRuntimeException: UNAVAILABLE: io exception
	at org.apache.ratis.thirdparty.io.grpc.stub.ClientCalls.toStatusRuntimeException(ClientCalls.java:233)
	at org.apache.ratis.thirdparty.io.grpc.stub.ClientCalls.getUnchecked(ClientCalls.java:214)
	at org.apache.ratis.thirdparty.io.grpc.stub.ClientCalls.blockingUnaryCall(ClientCalls.java:139)
	at org.apache.ratis.proto.grpc.RaftServerProtocolServiceGrpc$RaftServerProtocolServiceBlockingStub.requestVote(RaftServerProtocolServiceGrpc.java:265)
	at org.apache.ratis.grpc.server.GrpcServerProtocolClient.requestVote(GrpcServerProtocolClient.java:99)
	at org.apache.ratis.grpc.server.GrpcService.requestVote(GrpcService.java:204)
	at org.apache.ratis.server.impl.LeaderElection.lambda$submitRequests$1(LeaderElection.java:234)
	at java.util.concurrent.FutureTask.run(FutureTask.java:266)
	at java.util.concurrent.Executors$RunnableAdapter.call(Executors.java:511)
	at java.util.concurrent.FutureTask.run(FutureTask.java:266)
	at java.util.concurrent.ThreadPoolExecutor.runWorker(ThreadPoolExecutor.java:1149)
	at java.util.concurrent.ThreadPoolExecutor$Worker.run(ThreadPoolExecutor.java:624)
	... 1 more
Caused by: org.apache.ratis.thirdparty.io.netty.channel.AbstractChannel$AnnotatedConnectException: Connection refused: /192.168.164.213:41903
	at sun.nio.ch.SocketChannelImpl.checkConnect(Native Method)
	at sun.nio.ch.SocketChannelImpl.finishConnect(SocketChannelImpl.java:717)
	at org.apache.ratis.thirdparty.io.netty.channel.socket.nio.NioSocketChannel.doFinishConnect(NioSocketChannel.java:327)
	at org.apache.ratis.thirdparty.io.netty.channel.nio.AbstractNioChannel$AbstractNioUnsafe.finishConnect(AbstractNioChannel.java:340)
	at org.apache.ratis.thirdparty.io.netty.channel.nio.NioEventLoop.processSelectedKey(NioEventLoop.java:632)
	at org.apache.ratis.thirdparty.io.netty.channel.nio.NioEventLoop.processSelectedKeysOptimized(NioEventLoop.java:579)
	at org.apache.ratis.thirdparty.io.netty.channel.nio.NioEventLoop.processSelectedKeys(NioEventLoop.java:496)
	at org.apache.ratis.thirdparty.io.netty.channel.nio.NioEventLoop.run(NioEventLoop.java:458)
	at org.apache.ratis.thirdparty.io.netty.util.concurrent.SingleThreadEventExecutor$5.run(SingleThreadEventExecutor.java:897)
	at org.apache.ratis.thirdparty.io.netty.util.concurrent.FastThreadLocalRunnable.run(FastThreadLocalRunnable.java:30)
	... 1 more
Caused by: java.net.ConnectException: Connection refused
	... 11 more
2019-10-24 15:44:23,800 [af280123-6372-4d1f-a5d4-c36229a73203@group-75C85B6D1182-LeaderElection281] INFO  impl.LeaderElection (LogUtils.java:infoOrTrace(149)) -   Exception 1: {}
java.util.concurrent.ExecutionException: org.apache.ratis.thirdparty.io.grpc.StatusRuntimeException: UNAVAILABLE: io exception
	at java.util.concurrent.FutureTask.report(FutureTask.java:122)
	at java.util.concurrent.FutureTask.get(FutureTask.java:192)
	at org.apache.ratis.server.impl.LeaderElection.waitForResults(LeaderElection.java:259)
	at org.apache.ratis.server.impl.LeaderElection.askForVotes(LeaderElection.java:197)
	at org.apache.ratis.server.impl.LeaderElection.run(LeaderElection.java:133)
	at java.lang.Thread.run(Thread.java:748)
Caused by: org.apache.ratis.thirdparty.io.grpc.StatusRuntimeException: UNAVAILABLE: io exception
	at org.apache.ratis.thirdparty.io.grpc.stub.ClientCalls.toStatusRuntimeException(ClientCalls.java:233)
	at org.apache.ratis.thirdparty.io.grpc.stub.ClientCalls.getUnchecked(ClientCalls.java:214)
	at org.apache.ratis.thirdparty.io.grpc.stub.ClientCalls.blockingUnaryCall(ClientCalls.java:139)
	at org.apache.ratis.proto.grpc.RaftServerProtocolServiceGrpc$RaftServerProtocolServiceBlockingStub.requestVote(RaftServerProtocolServiceGrpc.java:265)
	at org.apache.ratis.grpc.server.GrpcServerProtocolClient.requestVote(GrpcServerProtocolClient.java:99)
	at org.apache.ratis.grpc.server.GrpcService.requestVote(GrpcService.java:204)
	at org.apache.ratis.server.impl.LeaderElection.lambda$submitRequests$1(LeaderElection.java:234)
	at java.util.concurrent.FutureTask.run(FutureTask.java:266)
	at java.util.concurrent.Executors$RunnableAdapter.call(Executors.java:511)
	at java.util.concurrent.FutureTask.run(FutureTask.java:266)
	at java.util.concurrent.ThreadPoolExecutor.runWorker(ThreadPoolExecutor.java:1149)
	at java.util.concurrent.ThreadPoolExecutor$Worker.run(ThreadPoolExecutor.java:624)
	... 1 more
Caused by: org.apache.ratis.thirdparty.io.netty.channel.AbstractChannel$AnnotatedConnectException: Connection refused: /192.168.164.213:41180
	at sun.nio.ch.SocketChannelImpl.checkConnect(Native Method)
	at sun.nio.ch.SocketChannelImpl.finishConnect(SocketChannelImpl.java:717)
	at org.apache.ratis.thirdparty.io.netty.channel.socket.nio.NioSocketChannel.doFinishConnect(NioSocketChannel.java:327)
	at org.apache.ratis.thirdparty.io.netty.channel.nio.AbstractNioChannel$AbstractNioUnsafe.finishConnect(AbstractNioChannel.java:340)
	at org.apache.ratis.thirdparty.io.netty.channel.nio.NioEventLoop.processSelectedKey(NioEventLoop.java:632)
	at org.apache.ratis.thirdparty.io.netty.channel.nio.NioEventLoop.processSelectedKeysOptimized(NioEventLoop.java:579)
	at org.apache.ratis.thirdparty.io.netty.channel.nio.NioEventLoop.processSelectedKeys(NioEventLoop.java:496)
	at org.apache.ratis.thirdparty.io.netty.channel.nio.NioEventLoop.run(NioEventLoop.java:458)
	at org.apache.ratis.thirdparty.io.netty.util.concurrent.SingleThreadEventExecutor$5.run(SingleThreadEventExecutor.java:897)
	at org.apache.ratis.thirdparty.io.netty.util.concurrent.FastThreadLocalRunnable.run(FastThreadLocalRunnable.java:30)
	... 1 more
Caused by: java.net.ConnectException: Connection refused
	... 11 more
2019-10-24 15:44:23,801 [af280123-6372-4d1f-a5d4-c36229a73203@group-75C85B6D1182-LeaderElection281] INFO  impl.RaftServerImpl (RaftServerImpl.java:setRole(184)) - af280123-6372-4d1f-a5d4-c36229a73203@group-75C85B6D1182: changes role from CANDIDATE to FOLLOWER at term 274 for DISCOVERED_A_NEW_TERM
2019-10-24 15:44:23,801 [af280123-6372-4d1f-a5d4-c36229a73203@group-75C85B6D1182-LeaderElection281] INFO  impl.RoleInfo (RoleInfo.java:shutdownLeaderElection(134)) - af280123-6372-4d1f-a5d4-c36229a73203: shutdown LeaderElection
2019-10-24 15:44:23,801 [af280123-6372-4d1f-a5d4-c36229a73203@group-75C85B6D1182-LeaderElection281] INFO  impl.RoleInfo (RoleInfo.java:updateAndGet(143)) - af280123-6372-4d1f-a5d4-c36229a73203: start FollowerState
2019-10-24 15:44:23,829 [Thread-2290] INFO  impl.FollowerState (FollowerState.java:run(108)) - af280123-6372-4d1f-a5d4-c36229a73203@group-75C85B6D1182-FollowerState: change to CANDIDATE, lastRpcTime:27ms, electionTimeout:27ms
2019-10-24 15:44:23,829 [Thread-2290] INFO  impl.RoleInfo (RoleInfo.java:shutdownFollowerState(121)) - af280123-6372-4d1f-a5d4-c36229a73203: shutdown FollowerState
2019-10-24 15:44:23,829 [Thread-2290] INFO  impl.RaftServerImpl (RaftServerImpl.java:setRole(184)) - af280123-6372-4d1f-a5d4-c36229a73203@group-75C85B6D1182: changes role from  FOLLOWER to CANDIDATE at term 274 for changeToCandidate
2019-10-24 15:44:23,829 [Thread-2290] INFO  impl.RoleInfo (RoleInfo.java:updateAndGet(143)) - af280123-6372-4d1f-a5d4-c36229a73203: start LeaderElection
2019-10-24 15:44:23,843 [af280123-6372-4d1f-a5d4-c36229a73203@group-75C85B6D1182-LeaderElection282] INFO  impl.LeaderElection (LeaderElection.java:askForVotes(178)) - af280123-6372-4d1f-a5d4-c36229a73203@group-75C85B6D1182-LeaderElection282: begin an election at term 275 for -1: [9092f221-0e0d-4970-bb84-cacd95020f21:192.168.164.213:41903, af280123-6372-4d1f-a5d4-c36229a73203:192.168.164.213:35334, b4ae536c-ed18-4717-a75c-ca4b5d6c4001:192.168.164.213:41180], old=null
2019-10-24 15:44:23,844 [af280123-6372-4d1f-a5d4-c36229a73203@group-75C85B6D1182-LeaderElection282] INFO  impl.LeaderElection (LogUtils.java:infoOrTrace(149)) - af280123-6372-4d1f-a5d4-c36229a73203@group-75C85B6D1182-LeaderElection282 got exception when requesting votes: {}
java.util.concurrent.ExecutionException: org.apache.ratis.thirdparty.io.grpc.StatusRuntimeException: UNAVAILABLE: io exception
	at java.util.concurrent.FutureTask.report(FutureTask.java:122)
	at java.util.concurrent.FutureTask.get(FutureTask.java:192)
	at org.apache.ratis.server.impl.LeaderElection.waitForResults(LeaderElection.java:259)
	at org.apache.ratis.server.impl.LeaderElection.askForVotes(LeaderElection.java:197)
	at org.apache.ratis.server.impl.LeaderElection.run(LeaderElection.java:133)
	at java.lang.Thread.run(Thread.java:748)
Caused by: org.apache.ratis.thirdparty.io.grpc.StatusRuntimeException: UNAVAILABLE: io exception
	at org.apache.ratis.thirdparty.io.grpc.stub.ClientCalls.toStatusRuntimeException(ClientCalls.java:233)
	at org.apache.ratis.thirdparty.io.grpc.stub.ClientCalls.getUnchecked(ClientCalls.java:214)
	at org.apache.ratis.thirdparty.io.grpc.stub.ClientCalls.blockingUnaryCall(ClientCalls.java:139)
	at org.apache.ratis.proto.grpc.RaftServerProtocolServiceGrpc$RaftServerProtocolServiceBlockingStub.requestVote(RaftServerProtocolServiceGrpc.java:265)
	at org.apache.ratis.grpc.server.GrpcServerProtocolClient.requestVote(GrpcServerProtocolClient.java:99)
	at org.apache.ratis.grpc.server.GrpcService.requestVote(GrpcService.java:204)
	at org.apache.ratis.server.impl.LeaderElection.lambda$submitRequests$1(LeaderElection.java:234)
	at java.util.concurrent.FutureTask.run(FutureTask.java:266)
	at java.util.concurrent.Executors$RunnableAdapter.call(Executors.java:511)
	at java.util.concurrent.FutureTask.run(FutureTask.java:266)
	at java.util.concurrent.ThreadPoolExecutor.runWorker(ThreadPoolExecutor.java:1149)
	at java.util.concurrent.ThreadPoolExecutor$Worker.run(ThreadPoolExecutor.java:624)
	... 1 more
Caused by: org.apache.ratis.thirdparty.io.netty.channel.AbstractChannel$AnnotatedConnectException: Connection refused: /192.168.164.213:41180
	at sun.nio.ch.SocketChannelImpl.checkConnect(Native Method)
	at sun.nio.ch.SocketChannelImpl.finishConnect(SocketChannelImpl.java:717)
	at org.apache.ratis.thirdparty.io.netty.channel.socket.nio.NioSocketChannel.doFinishConnect(NioSocketChannel.java:327)
	at org.apache.ratis.thirdparty.io.netty.channel.nio.AbstractNioChannel$AbstractNioUnsafe.finishConnect(AbstractNioChannel.java:340)
	at org.apache.ratis.thirdparty.io.netty.channel.nio.NioEventLoop.processSelectedKey(NioEventLoop.java:632)
	at org.apache.ratis.thirdparty.io.netty.channel.nio.NioEventLoop.processSelectedKeysOptimized(NioEventLoop.java:579)
	at org.apache.ratis.thirdparty.io.netty.channel.nio.NioEventLoop.processSelectedKeys(NioEventLoop.java:496)
	at org.apache.ratis.thirdparty.io.netty.channel.nio.NioEventLoop.run(NioEventLoop.java:458)
	at org.apache.ratis.thirdparty.io.netty.util.concurrent.SingleThreadEventExecutor$5.run(SingleThreadEventExecutor.java:897)
	at org.apache.ratis.thirdparty.io.netty.util.concurrent.FastThreadLocalRunnable.run(FastThreadLocalRunnable.java:30)
	... 1 more
Caused by: java.net.ConnectException: Connection refused
	... 11 more
2019-10-24 15:44:23,845 [af280123-6372-4d1f-a5d4-c36229a73203@group-75C85B6D1182-LeaderElection282] INFO  impl.LeaderElection (LogUtils.java:infoOrTrace(149)) - af280123-6372-4d1f-a5d4-c36229a73203@group-75C85B6D1182-LeaderElection282 got exception when requesting votes: {}
java.util.concurrent.ExecutionException: org.apache.ratis.thirdparty.io.grpc.StatusRuntimeException: UNAVAILABLE: io exception
	at java.util.concurrent.FutureTask.report(FutureTask.java:122)
	at java.util.concurrent.FutureTask.get(FutureTask.java:192)
	at org.apache.ratis.server.impl.LeaderElection.waitForResults(LeaderElection.java:259)
	at org.apache.ratis.server.impl.LeaderElection.askForVotes(LeaderElection.java:197)
	at org.apache.ratis.server.impl.LeaderElection.run(LeaderElection.java:133)
	at java.lang.Thread.run(Thread.java:748)
Caused by: org.apache.ratis.thirdparty.io.grpc.StatusRuntimeException: UNAVAILABLE: io exception
	at org.apache.ratis.thirdparty.io.grpc.stub.ClientCalls.toStatusRuntimeException(ClientCalls.java:233)
	at org.apache.ratis.thirdparty.io.grpc.stub.ClientCalls.getUnchecked(ClientCalls.java:214)
	at org.apache.ratis.thirdparty.io.grpc.stub.ClientCalls.blockingUnaryCall(ClientCalls.java:139)
	at org.apache.ratis.proto.grpc.RaftServerProtocolServiceGrpc$RaftServerProtocolServiceBlockingStub.requestVote(RaftServerProtocolServiceGrpc.java:265)
	at org.apache.ratis.grpc.server.GrpcServerProtocolClient.requestVote(GrpcServerProtocolClient.java:99)
	at org.apache.ratis.grpc.server.GrpcService.requestVote(GrpcService.java:204)
	at org.apache.ratis.server.impl.LeaderElection.lambda$submitRequests$1(LeaderElection.java:234)
	at java.util.concurrent.FutureTask.run(FutureTask.java:266)
	at java.util.concurrent.Executors$RunnableAdapter.call(Executors.java:511)
	at java.util.concurrent.FutureTask.run(FutureTask.java:266)
	at java.util.concurrent.ThreadPoolExecutor.runWorker(ThreadPoolExecutor.java:1149)
	at java.util.concurrent.ThreadPoolExecutor$Worker.run(ThreadPoolExecutor.java:624)
	... 1 more
Caused by: org.apache.ratis.thirdparty.io.netty.channel.AbstractChannel$AnnotatedConnectException: Connection refused: /192.168.164.213:41903
	at sun.nio.ch.SocketChannelImpl.checkConnect(Native Method)
	at sun.nio.ch.SocketChannelImpl.finishConnect(SocketChannelImpl.java:717)
	at org.apache.ratis.thirdparty.io.netty.channel.socket.nio.NioSocketChannel.doFinishConnect(NioSocketChannel.java:327)
	at org.apache.ratis.thirdparty.io.netty.channel.nio.AbstractNioChannel$AbstractNioUnsafe.finishConnect(AbstractNioChannel.java:340)
	at org.apache.ratis.thirdparty.io.netty.channel.nio.NioEventLoop.processSelectedKey(NioEventLoop.java:632)
	at org.apache.ratis.thirdparty.io.netty.channel.nio.NioEventLoop.processSelectedKeysOptimized(NioEventLoop.java:579)
	at org.apache.ratis.thirdparty.io.netty.channel.nio.NioEventLoop.processSelectedKeys(NioEventLoop.java:496)
	at org.apache.ratis.thirdparty.io.netty.channel.nio.NioEventLoop.run(NioEventLoop.java:458)
	at org.apache.ratis.thirdparty.io.netty.util.concurrent.SingleThreadEventExecutor$5.run(SingleThreadEventExecutor.java:897)
	at org.apache.ratis.thirdparty.io.netty.util.concurrent.FastThreadLocalRunnable.run(FastThreadLocalRunnable.java:30)
	... 1 more
Caused by: java.net.ConnectException: Connection refused
	... 11 more
2019-10-24 15:44:23,845 [af280123-6372-4d1f-a5d4-c36229a73203@group-75C85B6D1182-LeaderElection282] INFO  impl.LeaderElection (LeaderElection.java:logAndReturn(56)) - af280123-6372-4d1f-a5d4-c36229a73203@group-75C85B6D1182-LeaderElection282: Election REJECTED; received 0 response(s) [] and 2 exception(s); af280123-6372-4d1f-a5d4-c36229a73203@group-75C85B6D1182:t275, leader=null, voted=af280123-6372-4d1f-a5d4-c36229a73203, raftlog=af280123-6372-4d1f-a5d4-c36229a73203@group-75C85B6D1182-SegmentedRaftLog:OPENED:c-1,f-1,i0, conf=-1: [9092f221-0e0d-4970-bb84-cacd95020f21:192.168.164.213:41903, af280123-6372-4d1f-a5d4-c36229a73203:192.168.164.213:35334, b4ae536c-ed18-4717-a75c-ca4b5d6c4001:192.168.164.213:41180], old=null
2019-10-24 15:44:23,845 [af280123-6372-4d1f-a5d4-c36229a73203@group-75C85B6D1182-LeaderElection282] INFO  impl.LeaderElection (LogUtils.java:infoOrTrace(149)) -   Exception 0: {}
java.util.concurrent.ExecutionException: org.apache.ratis.thirdparty.io.grpc.StatusRuntimeException: UNAVAILABLE: io exception
	at java.util.concurrent.FutureTask.report(FutureTask.java:122)
	at java.util.concurrent.FutureTask.get(FutureTask.java:192)
	at org.apache.ratis.server.impl.LeaderElection.waitForResults(LeaderElection.java:259)
	at org.apache.ratis.server.impl.LeaderElection.askForVotes(LeaderElection.java:197)
	at org.apache.ratis.server.impl.LeaderElection.run(LeaderElection.java:133)
	at java.lang.Thread.run(Thread.java:748)
Caused by: org.apache.ratis.thirdparty.io.grpc.StatusRuntimeException: UNAVAILABLE: io exception
	at org.apache.ratis.thirdparty.io.grpc.stub.ClientCalls.toStatusRuntimeException(ClientCalls.java:233)
	at org.apache.ratis.thirdparty.io.grpc.stub.ClientCalls.getUnchecked(ClientCalls.java:214)
	at org.apache.ratis.thirdparty.io.grpc.stub.ClientCalls.blockingUnaryCall(ClientCalls.java:139)
	at org.apache.ratis.proto.grpc.RaftServerProtocolServiceGrpc$RaftServerProtocolServiceBlockingStub.requestVote(RaftServerProtocolServiceGrpc.java:265)
	at org.apache.ratis.grpc.server.GrpcServerProtocolClient.requestVote(GrpcServerProtocolClient.java:99)
	at org.apache.ratis.grpc.server.GrpcService.requestVote(GrpcService.java:204)
	at org.apache.ratis.server.impl.LeaderElection.lambda$submitRequests$1(LeaderElection.java:234)
	at java.util.concurrent.FutureTask.run(FutureTask.java:266)
	at java.util.concurrent.Executors$RunnableAdapter.call(Executors.java:511)
	at java.util.concurrent.FutureTask.run(FutureTask.java:266)
	at java.util.concurrent.ThreadPoolExecutor.runWorker(ThreadPoolExecutor.java:1149)
	at java.util.concurrent.ThreadPoolExecutor$Worker.run(ThreadPoolExecutor.java:624)
	... 1 more
Caused by: org.apache.ratis.thirdparty.io.netty.channel.AbstractChannel$AnnotatedConnectException: Connection refused: /192.168.164.213:41180
	at sun.nio.ch.SocketChannelImpl.checkConnect(Native Method)
	at sun.nio.ch.SocketChannelImpl.finishConnect(SocketChannelImpl.java:717)
	at org.apache.ratis.thirdparty.io.netty.channel.socket.nio.NioSocketChannel.doFinishConnect(NioSocketChannel.java:327)
	at org.apache.ratis.thirdparty.io.netty.channel.nio.AbstractNioChannel$AbstractNioUnsafe.finishConnect(AbstractNioChannel.java:340)
	at org.apache.ratis.thirdparty.io.netty.channel.nio.NioEventLoop.processSelectedKey(NioEventLoop.java:632)
	at org.apache.ratis.thirdparty.io.netty.channel.nio.NioEventLoop.processSelectedKeysOptimized(NioEventLoop.java:579)
	at org.apache.ratis.thirdparty.io.netty.channel.nio.NioEventLoop.processSelectedKeys(NioEventLoop.java:496)
	at org.apache.ratis.thirdparty.io.netty.channel.nio.NioEventLoop.run(NioEventLoop.java:458)
	at org.apache.ratis.thirdparty.io.netty.util.concurrent.SingleThreadEventExecutor$5.run(SingleThreadEventExecutor.java:897)
	at org.apache.ratis.thirdparty.io.netty.util.concurrent.FastThreadLocalRunnable.run(FastThreadLocalRunnable.java:30)
	... 1 more
Caused by: java.net.ConnectException: Connection refused
	... 11 more
2019-10-24 15:44:23,845 [af280123-6372-4d1f-a5d4-c36229a73203@group-75C85B6D1182-LeaderElection282] INFO  impl.LeaderElection (LogUtils.java:infoOrTrace(149)) -   Exception 1: {}
java.util.concurrent.ExecutionException: org.apache.ratis.thirdparty.io.grpc.StatusRuntimeException: UNAVAILABLE: io exception
	at java.util.concurrent.FutureTask.report(FutureTask.java:122)
	at java.util.concurrent.FutureTask.get(FutureTask.java:192)
	at org.apache.ratis.server.impl.LeaderElection.waitForResults(LeaderElection.java:259)
	at org.apache.ratis.server.impl.LeaderElection.askForVotes(LeaderElection.java:197)
	at org.apache.ratis.server.impl.LeaderElection.run(LeaderElection.java:133)
	at java.lang.Thread.run(Thread.java:748)
Caused by: org.apache.ratis.thirdparty.io.grpc.StatusRuntimeException: UNAVAILABLE: io exception
	at org.apache.ratis.thirdparty.io.grpc.stub.ClientCalls.toStatusRuntimeException(ClientCalls.java:233)
	at org.apache.ratis.thirdparty.io.grpc.stub.ClientCalls.getUnchecked(ClientCalls.java:214)
	at org.apache.ratis.thirdparty.io.grpc.stub.ClientCalls.blockingUnaryCall(ClientCalls.java:139)
	at org.apache.ratis.proto.grpc.RaftServerProtocolServiceGrpc$RaftServerProtocolServiceBlockingStub.requestVote(RaftServerProtocolServiceGrpc.java:265)
	at org.apache.ratis.grpc.server.GrpcServerProtocolClient.requestVote(GrpcServerProtocolClient.java:99)
	at org.apache.ratis.grpc.server.GrpcService.requestVote(GrpcService.java:204)
	at org.apache.ratis.server.impl.LeaderElection.lambda$submitRequests$1(LeaderElection.java:234)
	at java.util.concurrent.FutureTask.run(FutureTask.java:266)
	at java.util.concurrent.Executors$RunnableAdapter.call(Executors.java:511)
	at java.util.concurrent.FutureTask.run(FutureTask.java:266)
	at java.util.concurrent.ThreadPoolExecutor.runWorker(ThreadPoolExecutor.java:1149)
	at java.util.concurrent.ThreadPoolExecutor$Worker.run(ThreadPoolExecutor.java:624)
	... 1 more
Caused by: org.apache.ratis.thirdparty.io.netty.channel.AbstractChannel$AnnotatedConnectException: Connection refused: /192.168.164.213:41903
	at sun.nio.ch.SocketChannelImpl.checkConnect(Native Method)
	at sun.nio.ch.SocketChannelImpl.finishConnect(SocketChannelImpl.java:717)
	at org.apache.ratis.thirdparty.io.netty.channel.socket.nio.NioSocketChannel.doFinishConnect(NioSocketChannel.java:327)
	at org.apache.ratis.thirdparty.io.netty.channel.nio.AbstractNioChannel$AbstractNioUnsafe.finishConnect(AbstractNioChannel.java:340)
	at org.apache.ratis.thirdparty.io.netty.channel.nio.NioEventLoop.processSelectedKey(NioEventLoop.java:632)
	at org.apache.ratis.thirdparty.io.netty.channel.nio.NioEventLoop.processSelectedKeysOptimized(NioEventLoop.java:579)
	at org.apache.ratis.thirdparty.io.netty.channel.nio.NioEventLoop.processSelectedKeys(NioEventLoop.java:496)
	at org.apache.ratis.thirdparty.io.netty.channel.nio.NioEventLoop.run(NioEventLoop.java:458)
	at org.apache.ratis.thirdparty.io.netty.util.concurrent.SingleThreadEventExecutor$5.run(SingleThreadEventExecutor.java:897)
	at org.apache.ratis.thirdparty.io.netty.util.concurrent.FastThreadLocalRunnable.run(FastThreadLocalRunnable.java:30)
	... 1 more
Caused by: java.net.ConnectException: Connection refused
	... 11 more
2019-10-24 15:44:23,846 [af280123-6372-4d1f-a5d4-c36229a73203@group-75C85B6D1182-LeaderElection282] INFO  impl.RaftServerImpl (RaftServerImpl.java:setRole(184)) - af280123-6372-4d1f-a5d4-c36229a73203@group-75C85B6D1182: changes role from CANDIDATE to FOLLOWER at term 275 for DISCOVERED_A_NEW_TERM
2019-10-24 15:44:23,846 [af280123-6372-4d1f-a5d4-c36229a73203@group-75C85B6D1182-LeaderElection282] INFO  impl.RoleInfo (RoleInfo.java:shutdownLeaderElection(134)) - af280123-6372-4d1f-a5d4-c36229a73203: shutdown LeaderElection
2019-10-24 15:44:23,846 [af280123-6372-4d1f-a5d4-c36229a73203@group-75C85B6D1182-LeaderElection282] INFO  impl.RoleInfo (RoleInfo.java:updateAndGet(143)) - af280123-6372-4d1f-a5d4-c36229a73203: start FollowerState
2019-10-24 15:44:23,928 [Thread-2294] INFO  impl.FollowerState (FollowerState.java:run(108)) - af280123-6372-4d1f-a5d4-c36229a73203@group-75C85B6D1182-FollowerState: change to CANDIDATE, lastRpcTime:81ms, electionTimeout:81ms
2019-10-24 15:44:23,928 [Thread-2294] INFO  impl.RoleInfo (RoleInfo.java:shutdownFollowerState(121)) - af280123-6372-4d1f-a5d4-c36229a73203: shutdown FollowerState
2019-10-24 15:44:23,928 [Thread-2294] INFO  impl.RaftServerImpl (RaftServerImpl.java:setRole(184)) - af280123-6372-4d1f-a5d4-c36229a73203@group-75C85B6D1182: changes role from  FOLLOWER to CANDIDATE at term 275 for changeToCandidate
2019-10-24 15:44:23,929 [Thread-2294] INFO  impl.RoleInfo (RoleInfo.java:updateAndGet(143)) - af280123-6372-4d1f-a5d4-c36229a73203: start LeaderElection
2019-10-24 15:44:23,943 [af280123-6372-4d1f-a5d4-c36229a73203@group-75C85B6D1182-LeaderElection283] INFO  impl.LeaderElection (LeaderElection.java:askForVotes(178)) - af280123-6372-4d1f-a5d4-c36229a73203@group-75C85B6D1182-LeaderElection283: begin an election at term 276 for -1: [9092f221-0e0d-4970-bb84-cacd95020f21:192.168.164.213:41903, af280123-6372-4d1f-a5d4-c36229a73203:192.168.164.213:35334, b4ae536c-ed18-4717-a75c-ca4b5d6c4001:192.168.164.213:41180], old=null
2019-10-24 15:44:23,945 [af280123-6372-4d1f-a5d4-c36229a73203@group-75C85B6D1182-LeaderElection283] INFO  impl.LeaderElection (LogUtils.java:infoOrTrace(149)) - af280123-6372-4d1f-a5d4-c36229a73203@group-75C85B6D1182-LeaderElection283 got exception when requesting votes: {}
java.util.concurrent.ExecutionException: org.apache.ratis.thirdparty.io.grpc.StatusRuntimeException: UNAVAILABLE: io exception
	at java.util.concurrent.FutureTask.report(FutureTask.java:122)
	at java.util.concurrent.FutureTask.get(FutureTask.java:192)
	at org.apache.ratis.server.impl.LeaderElection.waitForResults(LeaderElection.java:259)
	at org.apache.ratis.server.impl.LeaderElection.askForVotes(LeaderElection.java:197)
	at org.apache.ratis.server.impl.LeaderElection.run(LeaderElection.java:133)
	at java.lang.Thread.run(Thread.java:748)
Caused by: org.apache.ratis.thirdparty.io.grpc.StatusRuntimeException: UNAVAILABLE: io exception
	at org.apache.ratis.thirdparty.io.grpc.stub.ClientCalls.toStatusRuntimeException(ClientCalls.java:233)
	at org.apache.ratis.thirdparty.io.grpc.stub.ClientCalls.getUnchecked(ClientCalls.java:214)
	at org.apache.ratis.thirdparty.io.grpc.stub.ClientCalls.blockingUnaryCall(ClientCalls.java:139)
	at org.apache.ratis.proto.grpc.RaftServerProtocolServiceGrpc$RaftServerProtocolServiceBlockingStub.requestVote(RaftServerProtocolServiceGrpc.java:265)
	at org.apache.ratis.grpc.server.GrpcServerProtocolClient.requestVote(GrpcServerProtocolClient.java:99)
	at org.apache.ratis.grpc.server.GrpcService.requestVote(GrpcService.java:204)
	at org.apache.ratis.server.impl.LeaderElection.lambda$submitRequests$1(LeaderElection.java:234)
	at java.util.concurrent.FutureTask.run(FutureTask.java:266)
	at java.util.concurrent.Executors$RunnableAdapter.call(Executors.java:511)
	at java.util.concurrent.FutureTask.run(FutureTask.java:266)
	at java.util.concurrent.ThreadPoolExecutor.runWorker(ThreadPoolExecutor.java:1149)
	at java.util.concurrent.ThreadPoolExecutor$Worker.run(ThreadPoolExecutor.java:624)
	... 1 more
Caused by: org.apache.ratis.thirdparty.io.netty.channel.AbstractChannel$AnnotatedConnectException: Connection refused: /192.168.164.213:41903
	at sun.nio.ch.SocketChannelImpl.checkConnect(Native Method)
	at sun.nio.ch.SocketChannelImpl.finishConnect(SocketChannelImpl.java:717)
	at org.apache.ratis.thirdparty.io.netty.channel.socket.nio.NioSocketChannel.doFinishConnect(NioSocketChannel.java:327)
	at org.apache.ratis.thirdparty.io.netty.channel.nio.AbstractNioChannel$AbstractNioUnsafe.finishConnect(AbstractNioChannel.java:340)
	at org.apache.ratis.thirdparty.io.netty.channel.nio.NioEventLoop.processSelectedKey(NioEventLoop.java:632)
	at org.apache.ratis.thirdparty.io.netty.channel.nio.NioEventLoop.processSelectedKeysOptimized(NioEventLoop.java:579)
	at org.apache.ratis.thirdparty.io.netty.channel.nio.NioEventLoop.processSelectedKeys(NioEventLoop.java:496)
	at org.apache.ratis.thirdparty.io.netty.channel.nio.NioEventLoop.run(NioEventLoop.java:458)
	at org.apache.ratis.thirdparty.io.netty.util.concurrent.SingleThreadEventExecutor$5.run(SingleThreadEventExecutor.java:897)
	at org.apache.ratis.thirdparty.io.netty.util.concurrent.FastThreadLocalRunnable.run(FastThreadLocalRunnable.java:30)
	... 1 more
Caused by: java.net.ConnectException: Connection refused
	... 11 more
2019-10-24 15:44:23,945 [af280123-6372-4d1f-a5d4-c36229a73203@group-75C85B6D1182-LeaderElection283] INFO  impl.LeaderElection (LogUtils.java:infoOrTrace(149)) - af280123-6372-4d1f-a5d4-c36229a73203@group-75C85B6D1182-LeaderElection283 got exception when requesting votes: {}
java.util.concurrent.ExecutionException: org.apache.ratis.thirdparty.io.grpc.StatusRuntimeException: UNAVAILABLE: io exception
	at java.util.concurrent.FutureTask.report(FutureTask.java:122)
	at java.util.concurrent.FutureTask.get(FutureTask.java:192)
	at org.apache.ratis.server.impl.LeaderElection.waitForResults(LeaderElection.java:259)
	at org.apache.ratis.server.impl.LeaderElection.askForVotes(LeaderElection.java:197)
	at org.apache.ratis.server.impl.LeaderElection.run(LeaderElection.java:133)
	at java.lang.Thread.run(Thread.java:748)
Caused by: org.apache.ratis.thirdparty.io.grpc.StatusRuntimeException: UNAVAILABLE: io exception
	at org.apache.ratis.thirdparty.io.grpc.stub.ClientCalls.toStatusRuntimeException(ClientCalls.java:233)
	at org.apache.ratis.thirdparty.io.grpc.stub.ClientCalls.getUnchecked(ClientCalls.java:214)
	at org.apache.ratis.thirdparty.io.grpc.stub.ClientCalls.blockingUnaryCall(ClientCalls.java:139)
	at org.apache.ratis.proto.grpc.RaftServerProtocolServiceGrpc$RaftServerProtocolServiceBlockingStub.requestVote(RaftServerProtocolServiceGrpc.java:265)
	at org.apache.ratis.grpc.server.GrpcServerProtocolClient.requestVote(GrpcServerProtocolClient.java:99)
	at org.apache.ratis.grpc.server.GrpcService.requestVote(GrpcService.java:204)
	at org.apache.ratis.server.impl.LeaderElection.lambda$submitRequests$1(LeaderElection.java:234)
	at java.util.concurrent.FutureTask.run(FutureTask.java:266)
	at java.util.concurrent.Executors$RunnableAdapter.call(Executors.java:511)
	at java.util.concurrent.FutureTask.run(FutureTask.java:266)
	at java.util.concurrent.ThreadPoolExecutor.runWorker(ThreadPoolExecutor.java:1149)
	at java.util.concurrent.ThreadPoolExecutor$Worker.run(ThreadPoolExecutor.java:624)
	... 1 more
Caused by: org.apache.ratis.thirdparty.io.netty.channel.AbstractChannel$AnnotatedConnectException: Connection refused: /192.168.164.213:41180
	at sun.nio.ch.SocketChannelImpl.checkConnect(Native Method)
	at sun.nio.ch.SocketChannelImpl.finishConnect(SocketChannelImpl.java:717)
	at org.apache.ratis.thirdparty.io.netty.channel.socket.nio.NioSocketChannel.doFinishConnect(NioSocketChannel.java:327)
	at org.apache.ratis.thirdparty.io.netty.channel.nio.AbstractNioChannel$AbstractNioUnsafe.finishConnect(AbstractNioChannel.java:340)
	at org.apache.ratis.thirdparty.io.netty.channel.nio.NioEventLoop.processSelectedKey(NioEventLoop.java:632)
	at org.apache.ratis.thirdparty.io.netty.channel.nio.NioEventLoop.processSelectedKeysOptimized(NioEventLoop.java:579)
	at org.apache.ratis.thirdparty.io.netty.channel.nio.NioEventLoop.processSelectedKeys(NioEventLoop.java:496)
	at org.apache.ratis.thirdparty.io.netty.channel.nio.NioEventLoop.run(NioEventLoop.java:458)
	at org.apache.ratis.thirdparty.io.netty.util.concurrent.SingleThreadEventExecutor$5.run(SingleThreadEventExecutor.java:897)
	at org.apache.ratis.thirdparty.io.netty.util.concurrent.FastThreadLocalRunnable.run(FastThreadLocalRunnable.java:30)
	... 1 more
Caused by: java.net.ConnectException: Connection refused
	... 11 more
2019-10-24 15:44:23,946 [af280123-6372-4d1f-a5d4-c36229a73203@group-75C85B6D1182-LeaderElection283] INFO  impl.LeaderElection (LeaderElection.java:logAndReturn(56)) - af280123-6372-4d1f-a5d4-c36229a73203@group-75C85B6D1182-LeaderElection283: Election REJECTED; received 0 response(s) [] and 2 exception(s); af280123-6372-4d1f-a5d4-c36229a73203@group-75C85B6D1182:t276, leader=null, voted=af280123-6372-4d1f-a5d4-c36229a73203, raftlog=af280123-6372-4d1f-a5d4-c36229a73203@group-75C85B6D1182-SegmentedRaftLog:OPENED:c-1,f-1,i0, conf=-1: [9092f221-0e0d-4970-bb84-cacd95020f21:192.168.164.213:41903, af280123-6372-4d1f-a5d4-c36229a73203:192.168.164.213:35334, b4ae536c-ed18-4717-a75c-ca4b5d6c4001:192.168.164.213:41180], old=null
2019-10-24 15:44:23,946 [af280123-6372-4d1f-a5d4-c36229a73203@group-75C85B6D1182-LeaderElection283] INFO  impl.LeaderElection (LogUtils.java:infoOrTrace(149)) -   Exception 0: {}
java.util.concurrent.ExecutionException: org.apache.ratis.thirdparty.io.grpc.StatusRuntimeException: UNAVAILABLE: io exception
	at java.util.concurrent.FutureTask.report(FutureTask.java:122)
	at java.util.concurrent.FutureTask.get(FutureTask.java:192)
	at org.apache.ratis.server.impl.LeaderElection.waitForResults(LeaderElection.java:259)
	at org.apache.ratis.server.impl.LeaderElection.askForVotes(LeaderElection.java:197)
	at org.apache.ratis.server.impl.LeaderElection.run(LeaderElection.java:133)
	at java.lang.Thread.run(Thread.java:748)
Caused by: org.apache.ratis.thirdparty.io.grpc.StatusRuntimeException: UNAVAILABLE: io exception
	at org.apache.ratis.thirdparty.io.grpc.stub.ClientCalls.toStatusRuntimeException(ClientCalls.java:233)
	at org.apache.ratis.thirdparty.io.grpc.stub.ClientCalls.getUnchecked(ClientCalls.java:214)
	at org.apache.ratis.thirdparty.io.grpc.stub.ClientCalls.blockingUnaryCall(ClientCalls.java:139)
	at org.apache.ratis.proto.grpc.RaftServerProtocolServiceGrpc$RaftServerProtocolServiceBlockingStub.requestVote(RaftServerProtocolServiceGrpc.java:265)
	at org.apache.ratis.grpc.server.GrpcServerProtocolClient.requestVote(GrpcServerProtocolClient.java:99)
	at org.apache.ratis.grpc.server.GrpcService.requestVote(GrpcService.java:204)
	at org.apache.ratis.server.impl.LeaderElection.lambda$submitRequests$1(LeaderElection.java:234)
	at java.util.concurrent.FutureTask.run(FutureTask.java:266)
	at java.util.concurrent.Executors$RunnableAdapter.call(Executors.java:511)
	at java.util.concurrent.FutureTask.run(FutureTask.java:266)
	at java.util.concurrent.ThreadPoolExecutor.runWorker(ThreadPoolExecutor.java:1149)
	at java.util.concurrent.ThreadPoolExecutor$Worker.run(ThreadPoolExecutor.java:624)
	... 1 more
Caused by: org.apache.ratis.thirdparty.io.netty.channel.AbstractChannel$AnnotatedConnectException: Connection refused: /192.168.164.213:41903
	at sun.nio.ch.SocketChannelImpl.checkConnect(Native Method)
	at sun.nio.ch.SocketChannelImpl.finishConnect(SocketChannelImpl.java:717)
	at org.apache.ratis.thirdparty.io.netty.channel.socket.nio.NioSocketChannel.doFinishConnect(NioSocketChannel.java:327)
	at org.apache.ratis.thirdparty.io.netty.channel.nio.AbstractNioChannel$AbstractNioUnsafe.finishConnect(AbstractNioChannel.java:340)
	at org.apache.ratis.thirdparty.io.netty.channel.nio.NioEventLoop.processSelectedKey(NioEventLoop.java:632)
	at org.apache.ratis.thirdparty.io.netty.channel.nio.NioEventLoop.processSelectedKeysOptimized(NioEventLoop.java:579)
	at org.apache.ratis.thirdparty.io.netty.channel.nio.NioEventLoop.processSelectedKeys(NioEventLoop.java:496)
	at org.apache.ratis.thirdparty.io.netty.channel.nio.NioEventLoop.run(NioEventLoop.java:458)
	at org.apache.ratis.thirdparty.io.netty.util.concurrent.SingleThreadEventExecutor$5.run(SingleThreadEventExecutor.java:897)
	at org.apache.ratis.thirdparty.io.netty.util.concurrent.FastThreadLocalRunnable.run(FastThreadLocalRunnable.java:30)
	... 1 more
Caused by: java.net.ConnectException: Connection refused
	... 11 more
2019-10-24 15:44:23,946 [af280123-6372-4d1f-a5d4-c36229a73203@group-75C85B6D1182-LeaderElection283] INFO  impl.LeaderElection (LogUtils.java:infoOrTrace(149)) -   Exception 1: {}
java.util.concurrent.ExecutionException: org.apache.ratis.thirdparty.io.grpc.StatusRuntimeException: UNAVAILABLE: io exception
	at java.util.concurrent.FutureTask.report(FutureTask.java:122)
	at java.util.concurrent.FutureTask.get(FutureTask.java:192)
	at org.apache.ratis.server.impl.LeaderElection.waitForResults(LeaderElection.java:259)
	at org.apache.ratis.server.impl.LeaderElection.askForVotes(LeaderElection.java:197)
	at org.apache.ratis.server.impl.LeaderElection.run(LeaderElection.java:133)
	at java.lang.Thread.run(Thread.java:748)
Caused by: org.apache.ratis.thirdparty.io.grpc.StatusRuntimeException: UNAVAILABLE: io exception
	at org.apache.ratis.thirdparty.io.grpc.stub.ClientCalls.toStatusRuntimeException(ClientCalls.java:233)
	at org.apache.ratis.thirdparty.io.grpc.stub.ClientCalls.getUnchecked(ClientCalls.java:214)
	at org.apache.ratis.thirdparty.io.grpc.stub.ClientCalls.blockingUnaryCall(ClientCalls.java:139)
	at org.apache.ratis.proto.grpc.RaftServerProtocolServiceGrpc$RaftServerProtocolServiceBlockingStub.requestVote(RaftServerProtocolServiceGrpc.java:265)
	at org.apache.ratis.grpc.server.GrpcServerProtocolClient.requestVote(GrpcServerProtocolClient.java:99)
	at org.apache.ratis.grpc.server.GrpcService.requestVote(GrpcService.java:204)
	at org.apache.ratis.server.impl.LeaderElection.lambda$submitRequests$1(LeaderElection.java:234)
	at java.util.concurrent.FutureTask.run(FutureTask.java:266)
	at java.util.concurrent.Executors$RunnableAdapter.call(Executors.java:511)
	at java.util.concurrent.FutureTask.run(FutureTask.java:266)
	at java.util.concurrent.ThreadPoolExecutor.runWorker(ThreadPoolExecutor.java:1149)
	at java.util.concurrent.ThreadPoolExecutor$Worker.run(ThreadPoolExecutor.java:624)
	... 1 more
Caused by: org.apache.ratis.thirdparty.io.netty.channel.AbstractChannel$AnnotatedConnectException: Connection refused: /192.168.164.213:41180
	at sun.nio.ch.SocketChannelImpl.checkConnect(Native Method)
	at sun.nio.ch.SocketChannelImpl.finishConnect(SocketChannelImpl.java:717)
	at org.apache.ratis.thirdparty.io.netty.channel.socket.nio.NioSocketChannel.doFinishConnect(NioSocketChannel.java:327)
	at org.apache.ratis.thirdparty.io.netty.channel.nio.AbstractNioChannel$AbstractNioUnsafe.finishConnect(AbstractNioChannel.java:340)
	at org.apache.ratis.thirdparty.io.netty.channel.nio.NioEventLoop.processSelectedKey(NioEventLoop.java:632)
	at org.apache.ratis.thirdparty.io.netty.channel.nio.NioEventLoop.processSelectedKeysOptimized(NioEventLoop.java:579)
	at org.apache.ratis.thirdparty.io.netty.channel.nio.NioEventLoop.processSelectedKeys(NioEventLoop.java:496)
	at org.apache.ratis.thirdparty.io.netty.channel.nio.NioEventLoop.run(NioEventLoop.java:458)
	at org.apache.ratis.thirdparty.io.netty.util.concurrent.SingleThreadEventExecutor$5.run(SingleThreadEventExecutor.java:897)
	at org.apache.ratis.thirdparty.io.netty.util.concurrent.FastThreadLocalRunnable.run(FastThreadLocalRunnable.java:30)
	... 1 more
Caused by: java.net.ConnectException: Connection refused
	... 11 more
2019-10-24 15:44:23,947 [af280123-6372-4d1f-a5d4-c36229a73203@group-75C85B6D1182-LeaderElection283] INFO  impl.RaftServerImpl (RaftServerImpl.java:setRole(184)) - af280123-6372-4d1f-a5d4-c36229a73203@group-75C85B6D1182: changes role from CANDIDATE to FOLLOWER at term 276 for DISCOVERED_A_NEW_TERM
2019-10-24 15:44:23,947 [af280123-6372-4d1f-a5d4-c36229a73203@group-75C85B6D1182-LeaderElection283] INFO  impl.RoleInfo (RoleInfo.java:shutdownLeaderElection(134)) - af280123-6372-4d1f-a5d4-c36229a73203: shutdown LeaderElection
2019-10-24 15:44:23,947 [af280123-6372-4d1f-a5d4-c36229a73203@group-75C85B6D1182-LeaderElection283] INFO  impl.RoleInfo (RoleInfo.java:updateAndGet(143)) - af280123-6372-4d1f-a5d4-c36229a73203: start FollowerState
2019-10-24 15:44:24,140 [Thread-2298] INFO  impl.FollowerState (FollowerState.java:run(108)) - af280123-6372-4d1f-a5d4-c36229a73203@group-75C85B6D1182-FollowerState: change to CANDIDATE, lastRpcTime:193ms, electionTimeout:193ms
2019-10-24 15:44:24,141 [Thread-2298] INFO  impl.RoleInfo (RoleInfo.java:shutdownFollowerState(121)) - af280123-6372-4d1f-a5d4-c36229a73203: shutdown FollowerState
2019-10-24 15:44:24,141 [Thread-2298] INFO  impl.RaftServerImpl (RaftServerImpl.java:setRole(184)) - af280123-6372-4d1f-a5d4-c36229a73203@group-75C85B6D1182: changes role from  FOLLOWER to CANDIDATE at term 276 for changeToCandidate
2019-10-24 15:44:24,141 [Thread-2298] INFO  impl.RoleInfo (RoleInfo.java:updateAndGet(143)) - af280123-6372-4d1f-a5d4-c36229a73203: start LeaderElection
2019-10-24 15:44:24,163 [af280123-6372-4d1f-a5d4-c36229a73203@group-75C85B6D1182-LeaderElection284] INFO  impl.LeaderElection (LeaderElection.java:askForVotes(178)) - af280123-6372-4d1f-a5d4-c36229a73203@group-75C85B6D1182-LeaderElection284: begin an election at term 277 for -1: [9092f221-0e0d-4970-bb84-cacd95020f21:192.168.164.213:41903, af280123-6372-4d1f-a5d4-c36229a73203:192.168.164.213:35334, b4ae536c-ed18-4717-a75c-ca4b5d6c4001:192.168.164.213:41180], old=null
2019-10-24 15:44:24,165 [af280123-6372-4d1f-a5d4-c36229a73203@group-75C85B6D1182-LeaderElection284] INFO  impl.LeaderElection (LogUtils.java:infoOrTrace(149)) - af280123-6372-4d1f-a5d4-c36229a73203@group-75C85B6D1182-LeaderElection284 got exception when requesting votes: {}
java.util.concurrent.ExecutionException: org.apache.ratis.thirdparty.io.grpc.StatusRuntimeException: UNAVAILABLE: io exception
	at java.util.concurrent.FutureTask.report(FutureTask.java:122)
	at java.util.concurrent.FutureTask.get(FutureTask.java:192)
	at org.apache.ratis.server.impl.LeaderElection.waitForResults(LeaderElection.java:259)
	at org.apache.ratis.server.impl.LeaderElection.askForVotes(LeaderElection.java:197)
	at org.apache.ratis.server.impl.LeaderElection.run(LeaderElection.java:133)
	at java.lang.Thread.run(Thread.java:748)
Caused by: org.apache.ratis.thirdparty.io.grpc.StatusRuntimeException: UNAVAILABLE: io exception
	at org.apache.ratis.thirdparty.io.grpc.stub.ClientCalls.toStatusRuntimeException(ClientCalls.java:233)
	at org.apache.ratis.thirdparty.io.grpc.stub.ClientCalls.getUnchecked(ClientCalls.java:214)
	at org.apache.ratis.thirdparty.io.grpc.stub.ClientCalls.blockingUnaryCall(ClientCalls.java:139)
	at org.apache.ratis.proto.grpc.RaftServerProtocolServiceGrpc$RaftServerProtocolServiceBlockingStub.requestVote(RaftServerProtocolServiceGrpc.java:265)
	at org.apache.ratis.grpc.server.GrpcServerProtocolClient.requestVote(GrpcServerProtocolClient.java:99)
	at org.apache.ratis.grpc.server.GrpcService.requestVote(GrpcService.java:204)
	at org.apache.ratis.server.impl.LeaderElection.lambda$submitRequests$1(LeaderElection.java:234)
	at java.util.concurrent.FutureTask.run(FutureTask.java:266)
	at java.util.concurrent.Executors$RunnableAdapter.call(Executors.java:511)
	at java.util.concurrent.FutureTask.run(FutureTask.java:266)
	at java.util.concurrent.ThreadPoolExecutor.runWorker(ThreadPoolExecutor.java:1149)
	at java.util.concurrent.ThreadPoolExecutor$Worker.run(ThreadPoolExecutor.java:624)
	... 1 more
Caused by: org.apache.ratis.thirdparty.io.netty.channel.AbstractChannel$AnnotatedConnectException: Connection refused: /192.168.164.213:41903
	at sun.nio.ch.SocketChannelImpl.checkConnect(Native Method)
	at sun.nio.ch.SocketChannelImpl.finishConnect(SocketChannelImpl.java:717)
	at org.apache.ratis.thirdparty.io.netty.channel.socket.nio.NioSocketChannel.doFinishConnect(NioSocketChannel.java:327)
	at org.apache.ratis.thirdparty.io.netty.channel.nio.AbstractNioChannel$AbstractNioUnsafe.finishConnect(AbstractNioChannel.java:340)
	at org.apache.ratis.thirdparty.io.netty.channel.nio.NioEventLoop.processSelectedKey(NioEventLoop.java:632)
	at org.apache.ratis.thirdparty.io.netty.channel.nio.NioEventLoop.processSelectedKeysOptimized(NioEventLoop.java:579)
	at org.apache.ratis.thirdparty.io.netty.channel.nio.NioEventLoop.processSelectedKeys(NioEventLoop.java:496)
	at org.apache.ratis.thirdparty.io.netty.channel.nio.NioEventLoop.run(NioEventLoop.java:458)
	at org.apache.ratis.thirdparty.io.netty.util.concurrent.SingleThreadEventExecutor$5.run(SingleThreadEventExecutor.java:897)
	at org.apache.ratis.thirdparty.io.netty.util.concurrent.FastThreadLocalRunnable.run(FastThreadLocalRunnable.java:30)
	... 1 more
Caused by: java.net.ConnectException: Connection refused
	... 11 more
2019-10-24 15:44:24,166 [af280123-6372-4d1f-a5d4-c36229a73203@group-75C85B6D1182-LeaderElection284] INFO  impl.LeaderElection (LogUtils.java:infoOrTrace(149)) - af280123-6372-4d1f-a5d4-c36229a73203@group-75C85B6D1182-LeaderElection284 got exception when requesting votes: {}
java.util.concurrent.ExecutionException: org.apache.ratis.thirdparty.io.grpc.StatusRuntimeException: UNAVAILABLE: io exception
	at java.util.concurrent.FutureTask.report(FutureTask.java:122)
	at java.util.concurrent.FutureTask.get(FutureTask.java:192)
	at org.apache.ratis.server.impl.LeaderElection.waitForResults(LeaderElection.java:259)
	at org.apache.ratis.server.impl.LeaderElection.askForVotes(LeaderElection.java:197)
	at org.apache.ratis.server.impl.LeaderElection.run(LeaderElection.java:133)
	at java.lang.Thread.run(Thread.java:748)
Caused by: org.apache.ratis.thirdparty.io.grpc.StatusRuntimeException: UNAVAILABLE: io exception
	at org.apache.ratis.thirdparty.io.grpc.stub.ClientCalls.toStatusRuntimeException(ClientCalls.java:233)
	at org.apache.ratis.thirdparty.io.grpc.stub.ClientCalls.getUnchecked(ClientCalls.java:214)
	at org.apache.ratis.thirdparty.io.grpc.stub.ClientCalls.blockingUnaryCall(ClientCalls.java:139)
	at org.apache.ratis.proto.grpc.RaftServerProtocolServiceGrpc$RaftServerProtocolServiceBlockingStub.requestVote(RaftServerProtocolServiceGrpc.java:265)
	at org.apache.ratis.grpc.server.GrpcServerProtocolClient.requestVote(GrpcServerProtocolClient.java:99)
	at org.apache.ratis.grpc.server.GrpcService.requestVote(GrpcService.java:204)
	at org.apache.ratis.server.impl.LeaderElection.lambda$submitRequests$1(LeaderElection.java:234)
	at java.util.concurrent.FutureTask.run(FutureTask.java:266)
	at java.util.concurrent.Executors$RunnableAdapter.call(Executors.java:511)
	at java.util.concurrent.FutureTask.run(FutureTask.java:266)
	at java.util.concurrent.ThreadPoolExecutor.runWorker(ThreadPoolExecutor.java:1149)
	at java.util.concurrent.ThreadPoolExecutor$Worker.run(ThreadPoolExecutor.java:624)
	... 1 more
Caused by: org.apache.ratis.thirdparty.io.netty.channel.AbstractChannel$AnnotatedConnectException: Connection refused: /192.168.164.213:41180
	at sun.nio.ch.SocketChannelImpl.checkConnect(Native Method)
	at sun.nio.ch.SocketChannelImpl.finishConnect(SocketChannelImpl.java:717)
	at org.apache.ratis.thirdparty.io.netty.channel.socket.nio.NioSocketChannel.doFinishConnect(NioSocketChannel.java:327)
	at org.apache.ratis.thirdparty.io.netty.channel.nio.AbstractNioChannel$AbstractNioUnsafe.finishConnect(AbstractNioChannel.java:340)
	at org.apache.ratis.thirdparty.io.netty.channel.nio.NioEventLoop.processSelectedKey(NioEventLoop.java:632)
	at org.apache.ratis.thirdparty.io.netty.channel.nio.NioEventLoop.processSelectedKeysOptimized(NioEventLoop.java:579)
	at org.apache.ratis.thirdparty.io.netty.channel.nio.NioEventLoop.processSelectedKeys(NioEventLoop.java:496)
	at org.apache.ratis.thirdparty.io.netty.channel.nio.NioEventLoop.run(NioEventLoop.java:458)
	at org.apache.ratis.thirdparty.io.netty.util.concurrent.SingleThreadEventExecutor$5.run(SingleThreadEventExecutor.java:897)
	at org.apache.ratis.thirdparty.io.netty.util.concurrent.FastThreadLocalRunnable.run(FastThreadLocalRunnable.java:30)
	... 1 more
Caused by: java.net.ConnectException: Connection refused
	... 11 more
2019-10-24 15:44:24,166 [af280123-6372-4d1f-a5d4-c36229a73203@group-75C85B6D1182-LeaderElection284] INFO  impl.LeaderElection (LeaderElection.java:logAndReturn(56)) - af280123-6372-4d1f-a5d4-c36229a73203@group-75C85B6D1182-LeaderElection284: Election REJECTED; received 0 response(s) [] and 2 exception(s); af280123-6372-4d1f-a5d4-c36229a73203@group-75C85B6D1182:t277, leader=null, voted=af280123-6372-4d1f-a5d4-c36229a73203, raftlog=af280123-6372-4d1f-a5d4-c36229a73203@group-75C85B6D1182-SegmentedRaftLog:OPENED:c-1,f-1,i0, conf=-1: [9092f221-0e0d-4970-bb84-cacd95020f21:192.168.164.213:41903, af280123-6372-4d1f-a5d4-c36229a73203:192.168.164.213:35334, b4ae536c-ed18-4717-a75c-ca4b5d6c4001:192.168.164.213:41180], old=null
2019-10-24 15:44:24,166 [af280123-6372-4d1f-a5d4-c36229a73203@group-75C85B6D1182-LeaderElection284] INFO  impl.LeaderElection (LogUtils.java:infoOrTrace(149)) -   Exception 0: {}
java.util.concurrent.ExecutionException: org.apache.ratis.thirdparty.io.grpc.StatusRuntimeException: UNAVAILABLE: io exception
	at java.util.concurrent.FutureTask.report(FutureTask.java:122)
	at java.util.concurrent.FutureTask.get(FutureTask.java:192)
	at org.apache.ratis.server.impl.LeaderElection.waitForResults(LeaderElection.java:259)
	at org.apache.ratis.server.impl.LeaderElection.askForVotes(LeaderElection.java:197)
	at org.apache.ratis.server.impl.LeaderElection.run(LeaderElection.java:133)
	at java.lang.Thread.run(Thread.java:748)
Caused by: org.apache.ratis.thirdparty.io.grpc.StatusRuntimeException: UNAVAILABLE: io exception
	at org.apache.ratis.thirdparty.io.grpc.stub.ClientCalls.toStatusRuntimeException(ClientCalls.java:233)
	at org.apache.ratis.thirdparty.io.grpc.stub.ClientCalls.getUnchecked(ClientCalls.java:214)
	at org.apache.ratis.thirdparty.io.grpc.stub.ClientCalls.blockingUnaryCall(ClientCalls.java:139)
	at org.apache.ratis.proto.grpc.RaftServerProtocolServiceGrpc$RaftServerProtocolServiceBlockingStub.requestVote(RaftServerProtocolServiceGrpc.java:265)
	at org.apache.ratis.grpc.server.GrpcServerProtocolClient.requestVote(GrpcServerProtocolClient.java:99)
	at org.apache.ratis.grpc.server.GrpcService.requestVote(GrpcService.java:204)
	at org.apache.ratis.server.impl.LeaderElection.lambda$submitRequests$1(LeaderElection.java:234)
	at java.util.concurrent.FutureTask.run(FutureTask.java:266)
	at java.util.concurrent.Executors$RunnableAdapter.call(Executors.java:511)
	at java.util.concurrent.FutureTask.run(FutureTask.java:266)
	at java.util.concurrent.ThreadPoolExecutor.runWorker(ThreadPoolExecutor.java:1149)
	at java.util.concurrent.ThreadPoolExecutor$Worker.run(ThreadPoolExecutor.java:624)
	... 1 more
Caused by: org.apache.ratis.thirdparty.io.netty.channel.AbstractChannel$AnnotatedConnectException: Connection refused: /192.168.164.213:41903
	at sun.nio.ch.SocketChannelImpl.checkConnect(Native Method)
	at sun.nio.ch.SocketChannelImpl.finishConnect(SocketChannelImpl.java:717)
	at org.apache.ratis.thirdparty.io.netty.channel.socket.nio.NioSocketChannel.doFinishConnect(NioSocketChannel.java:327)
	at org.apache.ratis.thirdparty.io.netty.channel.nio.AbstractNioChannel$AbstractNioUnsafe.finishConnect(AbstractNioChannel.java:340)
	at org.apache.ratis.thirdparty.io.netty.channel.nio.NioEventLoop.processSelectedKey(NioEventLoop.java:632)
	at org.apache.ratis.thirdparty.io.netty.channel.nio.NioEventLoop.processSelectedKeysOptimized(NioEventLoop.java:579)
	at org.apache.ratis.thirdparty.io.netty.channel.nio.NioEventLoop.processSelectedKeys(NioEventLoop.java:496)
	at org.apache.ratis.thirdparty.io.netty.channel.nio.NioEventLoop.run(NioEventLoop.java:458)
	at org.apache.ratis.thirdparty.io.netty.util.concurrent.SingleThreadEventExecutor$5.run(SingleThreadEventExecutor.java:897)
	at org.apache.ratis.thirdparty.io.netty.util.concurrent.FastThreadLocalRunnable.run(FastThreadLocalRunnable.java:30)
	... 1 more
Caused by: java.net.ConnectException: Connection refused
	... 11 more
2019-10-24 15:44:24,167 [af280123-6372-4d1f-a5d4-c36229a73203@group-75C85B6D1182-LeaderElection284] INFO  impl.LeaderElection (LogUtils.java:infoOrTrace(149)) -   Exception 1: {}
java.util.concurrent.ExecutionException: org.apache.ratis.thirdparty.io.grpc.StatusRuntimeException: UNAVAILABLE: io exception
	at java.util.concurrent.FutureTask.report(FutureTask.java:122)
	at java.util.concurrent.FutureTask.get(FutureTask.java:192)
	at org.apache.ratis.server.impl.LeaderElection.waitForResults(LeaderElection.java:259)
	at org.apache.ratis.server.impl.LeaderElection.askForVotes(LeaderElection.java:197)
	at org.apache.ratis.server.impl.LeaderElection.run(LeaderElection.java:133)
	at java.lang.Thread.run(Thread.java:748)
Caused by: org.apache.ratis.thirdparty.io.grpc.StatusRuntimeException: UNAVAILABLE: io exception
	at org.apache.ratis.thirdparty.io.grpc.stub.ClientCalls.toStatusRuntimeException(ClientCalls.java:233)
	at org.apache.ratis.thirdparty.io.grpc.stub.ClientCalls.getUnchecked(ClientCalls.java:214)
	at org.apache.ratis.thirdparty.io.grpc.stub.ClientCalls.blockingUnaryCall(ClientCalls.java:139)
	at org.apache.ratis.proto.grpc.RaftServerProtocolServiceGrpc$RaftServerProtocolServiceBlockingStub.requestVote(RaftServerProtocolServiceGrpc.java:265)
	at org.apache.ratis.grpc.server.GrpcServerProtocolClient.requestVote(GrpcServerProtocolClient.java:99)
	at org.apache.ratis.grpc.server.GrpcService.requestVote(GrpcService.java:204)
	at org.apache.ratis.server.impl.LeaderElection.lambda$submitRequests$1(LeaderElection.java:234)
	at java.util.concurrent.FutureTask.run(FutureTask.java:266)
	at java.util.concurrent.Executors$RunnableAdapter.call(Executors.java:511)
	at java.util.concurrent.FutureTask.run(FutureTask.java:266)
	at java.util.concurrent.ThreadPoolExecutor.runWorker(ThreadPoolExecutor.java:1149)
	at java.util.concurrent.ThreadPoolExecutor$Worker.run(ThreadPoolExecutor.java:624)
	... 1 more
Caused by: org.apache.ratis.thirdparty.io.netty.channel.AbstractChannel$AnnotatedConnectException: Connection refused: /192.168.164.213:41180
	at sun.nio.ch.SocketChannelImpl.checkConnect(Native Method)
	at sun.nio.ch.SocketChannelImpl.finishConnect(SocketChannelImpl.java:717)
	at org.apache.ratis.thirdparty.io.netty.channel.socket.nio.NioSocketChannel.doFinishConnect(NioSocketChannel.java:327)
	at org.apache.ratis.thirdparty.io.netty.channel.nio.AbstractNioChannel$AbstractNioUnsafe.finishConnect(AbstractNioChannel.java:340)
	at org.apache.ratis.thirdparty.io.netty.channel.nio.NioEventLoop.processSelectedKey(NioEventLoop.java:632)
	at org.apache.ratis.thirdparty.io.netty.channel.nio.NioEventLoop.processSelectedKeysOptimized(NioEventLoop.java:579)
	at org.apache.ratis.thirdparty.io.netty.channel.nio.NioEventLoop.processSelectedKeys(NioEventLoop.java:496)
	at org.apache.ratis.thirdparty.io.netty.channel.nio.NioEventLoop.run(NioEventLoop.java:458)
	at org.apache.ratis.thirdparty.io.netty.util.concurrent.SingleThreadEventExecutor$5.run(SingleThreadEventExecutor.java:897)
	at org.apache.ratis.thirdparty.io.netty.util.concurrent.FastThreadLocalRunnable.run(FastThreadLocalRunnable.java:30)
	... 1 more
Caused by: java.net.ConnectException: Connection refused
	... 11 more
2019-10-24 15:44:24,167 [af280123-6372-4d1f-a5d4-c36229a73203@group-75C85B6D1182-LeaderElection284] INFO  impl.RaftServerImpl (RaftServerImpl.java:setRole(184)) - af280123-6372-4d1f-a5d4-c36229a73203@group-75C85B6D1182: changes role from CANDIDATE to FOLLOWER at term 277 for DISCOVERED_A_NEW_TERM
2019-10-24 15:44:24,167 [af280123-6372-4d1f-a5d4-c36229a73203@group-75C85B6D1182-LeaderElection284] INFO  impl.RoleInfo (RoleInfo.java:shutdownLeaderElection(134)) - af280123-6372-4d1f-a5d4-c36229a73203: shutdown LeaderElection
2019-10-24 15:44:24,167 [af280123-6372-4d1f-a5d4-c36229a73203@group-75C85B6D1182-LeaderElection284] INFO  impl.RoleInfo (RoleInfo.java:updateAndGet(143)) - af280123-6372-4d1f-a5d4-c36229a73203: start FollowerState
2019-10-24 15:44:24,277 [Thread-2302] INFO  impl.FollowerState (FollowerState.java:run(108)) - af280123-6372-4d1f-a5d4-c36229a73203@group-75C85B6D1182-FollowerState: change to CANDIDATE, lastRpcTime:109ms, electionTimeout:109ms
2019-10-24 15:44:24,277 [Thread-2302] INFO  impl.RoleInfo (RoleInfo.java:shutdownFollowerState(121)) - af280123-6372-4d1f-a5d4-c36229a73203: shutdown FollowerState
2019-10-24 15:44:24,277 [Thread-2302] INFO  impl.RaftServerImpl (RaftServerImpl.java:setRole(184)) - af280123-6372-4d1f-a5d4-c36229a73203@group-75C85B6D1182: changes role from  FOLLOWER to CANDIDATE at term 277 for changeToCandidate
2019-10-24 15:44:24,277 [Thread-2302] INFO  impl.RoleInfo (RoleInfo.java:updateAndGet(143)) - af280123-6372-4d1f-a5d4-c36229a73203: start LeaderElection
2019-10-24 15:44:24,291 [af280123-6372-4d1f-a5d4-c36229a73203@group-75C85B6D1182-LeaderElection285] INFO  impl.LeaderElection (LeaderElection.java:askForVotes(178)) - af280123-6372-4d1f-a5d4-c36229a73203@group-75C85B6D1182-LeaderElection285: begin an election at term 278 for -1: [9092f221-0e0d-4970-bb84-cacd95020f21:192.168.164.213:41903, af280123-6372-4d1f-a5d4-c36229a73203:192.168.164.213:35334, b4ae536c-ed18-4717-a75c-ca4b5d6c4001:192.168.164.213:41180], old=null
2019-10-24 15:44:24,291 [af280123-6372-4d1f-a5d4-c36229a73203@group-75C85B6D1182-LeaderElection285] INFO  impl.LeaderElection (LogUtils.java:infoOrTrace(149)) - af280123-6372-4d1f-a5d4-c36229a73203@group-75C85B6D1182-LeaderElection285 got exception when requesting votes: {}
java.util.concurrent.ExecutionException: org.apache.ratis.thirdparty.io.grpc.StatusRuntimeException: UNAVAILABLE: io exception
	at java.util.concurrent.FutureTask.report(FutureTask.java:122)
	at java.util.concurrent.FutureTask.get(FutureTask.java:192)
	at org.apache.ratis.server.impl.LeaderElection.waitForResults(LeaderElection.java:259)
	at org.apache.ratis.server.impl.LeaderElection.askForVotes(LeaderElection.java:197)
	at org.apache.ratis.server.impl.LeaderElection.run(LeaderElection.java:133)
	at java.lang.Thread.run(Thread.java:748)
Caused by: org.apache.ratis.thirdparty.io.grpc.StatusRuntimeException: UNAVAILABLE: io exception
	at org.apache.ratis.thirdparty.io.grpc.stub.ClientCalls.toStatusRuntimeException(ClientCalls.java:233)
	at org.apache.ratis.thirdparty.io.grpc.stub.ClientCalls.getUnchecked(ClientCalls.java:214)
	at org.apache.ratis.thirdparty.io.grpc.stub.ClientCalls.blockingUnaryCall(ClientCalls.java:139)
	at org.apache.ratis.proto.grpc.RaftServerProtocolServiceGrpc$RaftServerProtocolServiceBlockingStub.requestVote(RaftServerProtocolServiceGrpc.java:265)
	at org.apache.ratis.grpc.server.GrpcServerProtocolClient.requestVote(GrpcServerProtocolClient.java:99)
	at org.apache.ratis.grpc.server.GrpcService.requestVote(GrpcService.java:204)
	at org.apache.ratis.server.impl.LeaderElection.lambda$submitRequests$1(LeaderElection.java:234)
	at java.util.concurrent.FutureTask.run(FutureTask.java:266)
	at java.util.concurrent.Executors$RunnableAdapter.call(Executors.java:511)
	at java.util.concurrent.FutureTask.run(FutureTask.java:266)
	at java.util.concurrent.ThreadPoolExecutor.runWorker(ThreadPoolExecutor.java:1149)
	at java.util.concurrent.ThreadPoolExecutor$Worker.run(ThreadPoolExecutor.java:624)
	... 1 more
Caused by: org.apache.ratis.thirdparty.io.netty.channel.AbstractChannel$AnnotatedConnectException: Connection refused: /192.168.164.213:41180
	at sun.nio.ch.SocketChannelImpl.checkConnect(Native Method)
	at sun.nio.ch.SocketChannelImpl.finishConnect(SocketChannelImpl.java:717)
	at org.apache.ratis.thirdparty.io.netty.channel.socket.nio.NioSocketChannel.doFinishConnect(NioSocketChannel.java:327)
	at org.apache.ratis.thirdparty.io.netty.channel.nio.AbstractNioChannel$AbstractNioUnsafe.finishConnect(AbstractNioChannel.java:340)
	at org.apache.ratis.thirdparty.io.netty.channel.nio.NioEventLoop.processSelectedKey(NioEventLoop.java:632)
	at org.apache.ratis.thirdparty.io.netty.channel.nio.NioEventLoop.processSelectedKeysOptimized(NioEventLoop.java:579)
	at org.apache.ratis.thirdparty.io.netty.channel.nio.NioEventLoop.processSelectedKeys(NioEventLoop.java:496)
	at org.apache.ratis.thirdparty.io.netty.channel.nio.NioEventLoop.run(NioEventLoop.java:458)
	at org.apache.ratis.thirdparty.io.netty.util.concurrent.SingleThreadEventExecutor$5.run(SingleThreadEventExecutor.java:897)
	at org.apache.ratis.thirdparty.io.netty.util.concurrent.FastThreadLocalRunnable.run(FastThreadLocalRunnable.java:30)
	... 1 more
Caused by: java.net.ConnectException: Connection refused
	... 11 more
2019-10-24 15:44:24,292 [af280123-6372-4d1f-a5d4-c36229a73203@group-75C85B6D1182-LeaderElection285] INFO  impl.LeaderElection (LogUtils.java:infoOrTrace(149)) - af280123-6372-4d1f-a5d4-c36229a73203@group-75C85B6D1182-LeaderElection285 got exception when requesting votes: {}
java.util.concurrent.ExecutionException: org.apache.ratis.thirdparty.io.grpc.StatusRuntimeException: UNAVAILABLE: io exception
	at java.util.concurrent.FutureTask.report(FutureTask.java:122)
	at java.util.concurrent.FutureTask.get(FutureTask.java:192)
	at org.apache.ratis.server.impl.LeaderElection.waitForResults(LeaderElection.java:259)
	at org.apache.ratis.server.impl.LeaderElection.askForVotes(LeaderElection.java:197)
	at org.apache.ratis.server.impl.LeaderElection.run(LeaderElection.java:133)
	at java.lang.Thread.run(Thread.java:748)
Caused by: org.apache.ratis.thirdparty.io.grpc.StatusRuntimeException: UNAVAILABLE: io exception
	at org.apache.ratis.thirdparty.io.grpc.stub.ClientCalls.toStatusRuntimeException(ClientCalls.java:233)
	at org.apache.ratis.thirdparty.io.grpc.stub.ClientCalls.getUnchecked(ClientCalls.java:214)
	at org.apache.ratis.thirdparty.io.grpc.stub.ClientCalls.blockingUnaryCall(ClientCalls.java:139)
	at org.apache.ratis.proto.grpc.RaftServerProtocolServiceGrpc$RaftServerProtocolServiceBlockingStub.requestVote(RaftServerProtocolServiceGrpc.java:265)
	at org.apache.ratis.grpc.server.GrpcServerProtocolClient.requestVote(GrpcServerProtocolClient.java:99)
	at org.apache.ratis.grpc.server.GrpcService.requestVote(GrpcService.java:204)
	at org.apache.ratis.server.impl.LeaderElection.lambda$submitRequests$1(LeaderElection.java:234)
	at java.util.concurrent.FutureTask.run(FutureTask.java:266)
	at java.util.concurrent.Executors$RunnableAdapter.call(Executors.java:511)
	at java.util.concurrent.FutureTask.run(FutureTask.java:266)
	at java.util.concurrent.ThreadPoolExecutor.runWorker(ThreadPoolExecutor.java:1149)
	at java.util.concurrent.ThreadPoolExecutor$Worker.run(ThreadPoolExecutor.java:624)
	... 1 more
Caused by: org.apache.ratis.thirdparty.io.netty.channel.AbstractChannel$AnnotatedConnectException: Connection refused: /192.168.164.213:41903
	at sun.nio.ch.SocketChannelImpl.checkConnect(Native Method)
	at sun.nio.ch.SocketChannelImpl.finishConnect(SocketChannelImpl.java:717)
	at org.apache.ratis.thirdparty.io.netty.channel.socket.nio.NioSocketChannel.doFinishConnect(NioSocketChannel.java:327)
	at org.apache.ratis.thirdparty.io.netty.channel.nio.AbstractNioChannel$AbstractNioUnsafe.finishConnect(AbstractNioChannel.java:340)
	at org.apache.ratis.thirdparty.io.netty.channel.nio.NioEventLoop.processSelectedKey(NioEventLoop.java:632)
	at org.apache.ratis.thirdparty.io.netty.channel.nio.NioEventLoop.processSelectedKeysOptimized(NioEventLoop.java:579)
	at org.apache.ratis.thirdparty.io.netty.channel.nio.NioEventLoop.processSelectedKeys(NioEventLoop.java:496)
	at org.apache.ratis.thirdparty.io.netty.channel.nio.NioEventLoop.run(NioEventLoop.java:458)
	at org.apache.ratis.thirdparty.io.netty.util.concurrent.SingleThreadEventExecutor$5.run(SingleThreadEventExecutor.java:897)
	at org.apache.ratis.thirdparty.io.netty.util.concurrent.FastThreadLocalRunnable.run(FastThreadLocalRunnable.java:30)
	... 1 more
Caused by: java.net.ConnectException: Connection refused
	... 11 more
2019-10-24 15:44:24,292 [af280123-6372-4d1f-a5d4-c36229a73203@group-75C85B6D1182-LeaderElection285] INFO  impl.LeaderElection (LeaderElection.java:logAndReturn(56)) - af280123-6372-4d1f-a5d4-c36229a73203@group-75C85B6D1182-LeaderElection285: Election REJECTED; received 0 response(s) [] and 2 exception(s); af280123-6372-4d1f-a5d4-c36229a73203@group-75C85B6D1182:t278, leader=null, voted=af280123-6372-4d1f-a5d4-c36229a73203, raftlog=af280123-6372-4d1f-a5d4-c36229a73203@group-75C85B6D1182-SegmentedRaftLog:OPENED:c-1,f-1,i0, conf=-1: [9092f221-0e0d-4970-bb84-cacd95020f21:192.168.164.213:41903, af280123-6372-4d1f-a5d4-c36229a73203:192.168.164.213:35334, b4ae536c-ed18-4717-a75c-ca4b5d6c4001:192.168.164.213:41180], old=null
2019-10-24 15:44:24,292 [af280123-6372-4d1f-a5d4-c36229a73203@group-75C85B6D1182-LeaderElection285] INFO  impl.LeaderElection (LogUtils.java:infoOrTrace(149)) -   Exception 0: {}
java.util.concurrent.ExecutionException: org.apache.ratis.thirdparty.io.grpc.StatusRuntimeException: UNAVAILABLE: io exception
	at java.util.concurrent.FutureTask.report(FutureTask.java:122)
	at java.util.concurrent.FutureTask.get(FutureTask.java:192)
	at org.apache.ratis.server.impl.LeaderElection.waitForResults(LeaderElection.java:259)
	at org.apache.ratis.server.impl.LeaderElection.askForVotes(LeaderElection.java:197)
	at org.apache.ratis.server.impl.LeaderElection.run(LeaderElection.java:133)
	at java.lang.Thread.run(Thread.java:748)
Caused by: org.apache.ratis.thirdparty.io.grpc.StatusRuntimeException: UNAVAILABLE: io exception
	at org.apache.ratis.thirdparty.io.grpc.stub.ClientCalls.toStatusRuntimeException(ClientCalls.java:233)
	at org.apache.ratis.thirdparty.io.grpc.stub.ClientCalls.getUnchecked(ClientCalls.java:214)
	at org.apache.ratis.thirdparty.io.grpc.stub.ClientCalls.blockingUnaryCall(ClientCalls.java:139)
	at org.apache.ratis.proto.grpc.RaftServerProtocolServiceGrpc$RaftServerProtocolServiceBlockingStub.requestVote(RaftServerProtocolServiceGrpc.java:265)
	at org.apache.ratis.grpc.server.GrpcServerProtocolClient.requestVote(GrpcServerProtocolClient.java:99)
	at org.apache.ratis.grpc.server.GrpcService.requestVote(GrpcService.java:204)
	at org.apache.ratis.server.impl.LeaderElection.lambda$submitRequests$1(LeaderElection.java:234)
	at java.util.concurrent.FutureTask.run(FutureTask.java:266)
	at java.util.concurrent.Executors$RunnableAdapter.call(Executors.java:511)
	at java.util.concurrent.FutureTask.run(FutureTask.java:266)
	at java.util.concurrent.ThreadPoolExecutor.runWorker(ThreadPoolExecutor.java:1149)
	at java.util.concurrent.ThreadPoolExecutor$Worker.run(ThreadPoolExecutor.java:624)
	... 1 more
Caused by: org.apache.ratis.thirdparty.io.netty.channel.AbstractChannel$AnnotatedConnectException: Connection refused: /192.168.164.213:41180
	at sun.nio.ch.SocketChannelImpl.checkConnect(Native Method)
	at sun.nio.ch.SocketChannelImpl.finishConnect(SocketChannelImpl.java:717)
	at org.apache.ratis.thirdparty.io.netty.channel.socket.nio.NioSocketChannel.doFinishConnect(NioSocketChannel.java:327)
	at org.apache.ratis.thirdparty.io.netty.channel.nio.AbstractNioChannel$AbstractNioUnsafe.finishConnect(AbstractNioChannel.java:340)
	at org.apache.ratis.thirdparty.io.netty.channel.nio.NioEventLoop.processSelectedKey(NioEventLoop.java:632)
	at org.apache.ratis.thirdparty.io.netty.channel.nio.NioEventLoop.processSelectedKeysOptimized(NioEventLoop.java:579)
	at org.apache.ratis.thirdparty.io.netty.channel.nio.NioEventLoop.processSelectedKeys(NioEventLoop.java:496)
	at org.apache.ratis.thirdparty.io.netty.channel.nio.NioEventLoop.run(NioEventLoop.java:458)
	at org.apache.ratis.thirdparty.io.netty.util.concurrent.SingleThreadEventExecutor$5.run(SingleThreadEventExecutor.java:897)
	at org.apache.ratis.thirdparty.io.netty.util.concurrent.FastThreadLocalRunnable.run(FastThreadLocalRunnable.java:30)
	... 1 more
Caused by: java.net.ConnectException: Connection refused
	... 11 more
2019-10-24 15:44:24,292 [af280123-6372-4d1f-a5d4-c36229a73203@group-75C85B6D1182-LeaderElection285] INFO  impl.LeaderElection (LogUtils.java:infoOrTrace(149)) -   Exception 1: {}
java.util.concurrent.ExecutionException: org.apache.ratis.thirdparty.io.grpc.StatusRuntimeException: UNAVAILABLE: io exception
	at java.util.concurrent.FutureTask.report(FutureTask.java:122)
	at java.util.concurrent.FutureTask.get(FutureTask.java:192)
	at org.apache.ratis.server.impl.LeaderElection.waitForResults(LeaderElection.java:259)
	at org.apache.ratis.server.impl.LeaderElection.askForVotes(LeaderElection.java:197)
	at org.apache.ratis.server.impl.LeaderElection.run(LeaderElection.java:133)
	at java.lang.Thread.run(Thread.java:748)
Caused by: org.apache.ratis.thirdparty.io.grpc.StatusRuntimeException: UNAVAILABLE: io exception
	at org.apache.ratis.thirdparty.io.grpc.stub.ClientCalls.toStatusRuntimeException(ClientCalls.java:233)
	at org.apache.ratis.thirdparty.io.grpc.stub.ClientCalls.getUnchecked(ClientCalls.java:214)
	at org.apache.ratis.thirdparty.io.grpc.stub.ClientCalls.blockingUnaryCall(ClientCalls.java:139)
	at org.apache.ratis.proto.grpc.RaftServerProtocolServiceGrpc$RaftServerProtocolServiceBlockingStub.requestVote(RaftServerProtocolServiceGrpc.java:265)
	at org.apache.ratis.grpc.server.GrpcServerProtocolClient.requestVote(GrpcServerProtocolClient.java:99)
	at org.apache.ratis.grpc.server.GrpcService.requestVote(GrpcService.java:204)
	at org.apache.ratis.server.impl.LeaderElection.lambda$submitRequests$1(LeaderElection.java:234)
	at java.util.concurrent.FutureTask.run(FutureTask.java:266)
	at java.util.concurrent.Executors$RunnableAdapter.call(Executors.java:511)
	at java.util.concurrent.FutureTask.run(FutureTask.java:266)
	at java.util.concurrent.ThreadPoolExecutor.runWorker(ThreadPoolExecutor.java:1149)
	at java.util.concurrent.ThreadPoolExecutor$Worker.run(ThreadPoolExecutor.java:624)
	... 1 more
Caused by: org.apache.ratis.thirdparty.io.netty.channel.AbstractChannel$AnnotatedConnectException: Connection refused: /192.168.164.213:41903
	at sun.nio.ch.SocketChannelImpl.checkConnect(Native Method)
	at sun.nio.ch.SocketChannelImpl.finishConnect(SocketChannelImpl.java:717)
	at org.apache.ratis.thirdparty.io.netty.channel.socket.nio.NioSocketChannel.doFinishConnect(NioSocketChannel.java:327)
	at org.apache.ratis.thirdparty.io.netty.channel.nio.AbstractNioChannel$AbstractNioUnsafe.finishConnect(AbstractNioChannel.java:340)
	at org.apache.ratis.thirdparty.io.netty.channel.nio.NioEventLoop.processSelectedKey(NioEventLoop.java:632)
	at org.apache.ratis.thirdparty.io.netty.channel.nio.NioEventLoop.processSelectedKeysOptimized(NioEventLoop.java:579)
	at org.apache.ratis.thirdparty.io.netty.channel.nio.NioEventLoop.processSelectedKeys(NioEventLoop.java:496)
	at org.apache.ratis.thirdparty.io.netty.channel.nio.NioEventLoop.run(NioEventLoop.java:458)
	at org.apache.ratis.thirdparty.io.netty.util.concurrent.SingleThreadEventExecutor$5.run(SingleThreadEventExecutor.java:897)
	at org.apache.ratis.thirdparty.io.netty.util.concurrent.FastThreadLocalRunnable.run(FastThreadLocalRunnable.java:30)
	... 1 more
Caused by: java.net.ConnectException: Connection refused
	... 11 more
2019-10-24 15:44:24,292 [af280123-6372-4d1f-a5d4-c36229a73203@group-75C85B6D1182-LeaderElection285] INFO  impl.RaftServerImpl (RaftServerImpl.java:setRole(184)) - af280123-6372-4d1f-a5d4-c36229a73203@group-75C85B6D1182: changes role from CANDIDATE to FOLLOWER at term 278 for DISCOVERED_A_NEW_TERM
2019-10-24 15:44:24,292 [af280123-6372-4d1f-a5d4-c36229a73203@group-75C85B6D1182-LeaderElection285] INFO  impl.RoleInfo (RoleInfo.java:shutdownLeaderElection(134)) - af280123-6372-4d1f-a5d4-c36229a73203: shutdown LeaderElection
2019-10-24 15:44:24,293 [af280123-6372-4d1f-a5d4-c36229a73203@group-75C85B6D1182-LeaderElection285] INFO  impl.RoleInfo (RoleInfo.java:updateAndGet(143)) - af280123-6372-4d1f-a5d4-c36229a73203: start FollowerState
2019-10-24 15:44:24,470 [Thread-2306] INFO  impl.FollowerState (FollowerState.java:run(108)) - af280123-6372-4d1f-a5d4-c36229a73203@group-75C85B6D1182-FollowerState: change to CANDIDATE, lastRpcTime:177ms, electionTimeout:177ms
2019-10-24 15:44:24,470 [Thread-2306] INFO  impl.RoleInfo (RoleInfo.java:shutdownFollowerState(121)) - af280123-6372-4d1f-a5d4-c36229a73203: shutdown FollowerState
2019-10-24 15:44:24,470 [Thread-2306] INFO  impl.RaftServerImpl (RaftServerImpl.java:setRole(184)) - af280123-6372-4d1f-a5d4-c36229a73203@group-75C85B6D1182: changes role from  FOLLOWER to CANDIDATE at term 278 for changeToCandidate
2019-10-24 15:44:24,470 [Thread-2306] INFO  impl.RoleInfo (RoleInfo.java:updateAndGet(143)) - af280123-6372-4d1f-a5d4-c36229a73203: start LeaderElection
2019-10-24 15:44:24,484 [af280123-6372-4d1f-a5d4-c36229a73203@group-75C85B6D1182-LeaderElection286] INFO  impl.LeaderElection (LeaderElection.java:askForVotes(178)) - af280123-6372-4d1f-a5d4-c36229a73203@group-75C85B6D1182-LeaderElection286: begin an election at term 279 for -1: [9092f221-0e0d-4970-bb84-cacd95020f21:192.168.164.213:41903, af280123-6372-4d1f-a5d4-c36229a73203:192.168.164.213:35334, b4ae536c-ed18-4717-a75c-ca4b5d6c4001:192.168.164.213:41180], old=null
2019-10-24 15:44:24,485 [af280123-6372-4d1f-a5d4-c36229a73203@group-75C85B6D1182-LeaderElection286] INFO  impl.LeaderElection (LogUtils.java:infoOrTrace(149)) - af280123-6372-4d1f-a5d4-c36229a73203@group-75C85B6D1182-LeaderElection286 got exception when requesting votes: {}
java.util.concurrent.ExecutionException: org.apache.ratis.thirdparty.io.grpc.StatusRuntimeException: UNAVAILABLE: io exception
	at java.util.concurrent.FutureTask.report(FutureTask.java:122)
	at java.util.concurrent.FutureTask.get(FutureTask.java:192)
	at org.apache.ratis.server.impl.LeaderElection.waitForResults(LeaderElection.java:259)
	at org.apache.ratis.server.impl.LeaderElection.askForVotes(LeaderElection.java:197)
	at org.apache.ratis.server.impl.LeaderElection.run(LeaderElection.java:133)
	at java.lang.Thread.run(Thread.java:748)
Caused by: org.apache.ratis.thirdparty.io.grpc.StatusRuntimeException: UNAVAILABLE: io exception
	at org.apache.ratis.thirdparty.io.grpc.stub.ClientCalls.toStatusRuntimeException(ClientCalls.java:233)
	at org.apache.ratis.thirdparty.io.grpc.stub.ClientCalls.getUnchecked(ClientCalls.java:214)
	at org.apache.ratis.thirdparty.io.grpc.stub.ClientCalls.blockingUnaryCall(ClientCalls.java:139)
	at org.apache.ratis.proto.grpc.RaftServerProtocolServiceGrpc$RaftServerProtocolServiceBlockingStub.requestVote(RaftServerProtocolServiceGrpc.java:265)
	at org.apache.ratis.grpc.server.GrpcServerProtocolClient.requestVote(GrpcServerProtocolClient.java:99)
	at org.apache.ratis.grpc.server.GrpcService.requestVote(GrpcService.java:204)
	at org.apache.ratis.server.impl.LeaderElection.lambda$submitRequests$1(LeaderElection.java:234)
	at java.util.concurrent.FutureTask.run(FutureTask.java:266)
	at java.util.concurrent.Executors$RunnableAdapter.call(Executors.java:511)
	at java.util.concurrent.FutureTask.run(FutureTask.java:266)
	at java.util.concurrent.ThreadPoolExecutor.runWorker(ThreadPoolExecutor.java:1149)
	at java.util.concurrent.ThreadPoolExecutor$Worker.run(ThreadPoolExecutor.java:624)
	... 1 more
Caused by: org.apache.ratis.thirdparty.io.netty.channel.AbstractChannel$AnnotatedConnectException: Connection refused: /192.168.164.213:41180
	at sun.nio.ch.SocketChannelImpl.checkConnect(Native Method)
	at sun.nio.ch.SocketChannelImpl.finishConnect(SocketChannelImpl.java:717)
	at org.apache.ratis.thirdparty.io.netty.channel.socket.nio.NioSocketChannel.doFinishConnect(NioSocketChannel.java:327)
	at org.apache.ratis.thirdparty.io.netty.channel.nio.AbstractNioChannel$AbstractNioUnsafe.finishConnect(AbstractNioChannel.java:340)
	at org.apache.ratis.thirdparty.io.netty.channel.nio.NioEventLoop.processSelectedKey(NioEventLoop.java:632)
	at org.apache.ratis.thirdparty.io.netty.channel.nio.NioEventLoop.processSelectedKeysOptimized(NioEventLoop.java:579)
	at org.apache.ratis.thirdparty.io.netty.channel.nio.NioEventLoop.processSelectedKeys(NioEventLoop.java:496)
	at org.apache.ratis.thirdparty.io.netty.channel.nio.NioEventLoop.run(NioEventLoop.java:458)
	at org.apache.ratis.thirdparty.io.netty.util.concurrent.SingleThreadEventExecutor$5.run(SingleThreadEventExecutor.java:897)
	at org.apache.ratis.thirdparty.io.netty.util.concurrent.FastThreadLocalRunnable.run(FastThreadLocalRunnable.java:30)
	... 1 more
Caused by: java.net.ConnectException: Connection refused
	... 11 more
2019-10-24 15:44:24,485 [af280123-6372-4d1f-a5d4-c36229a73203@group-75C85B6D1182-LeaderElection286] INFO  impl.LeaderElection (LogUtils.java:infoOrTrace(149)) - af280123-6372-4d1f-a5d4-c36229a73203@group-75C85B6D1182-LeaderElection286 got exception when requesting votes: {}
java.util.concurrent.ExecutionException: org.apache.ratis.thirdparty.io.grpc.StatusRuntimeException: UNAVAILABLE: io exception
	at java.util.concurrent.FutureTask.report(FutureTask.java:122)
	at java.util.concurrent.FutureTask.get(FutureTask.java:192)
	at org.apache.ratis.server.impl.LeaderElection.waitForResults(LeaderElection.java:259)
	at org.apache.ratis.server.impl.LeaderElection.askForVotes(LeaderElection.java:197)
	at org.apache.ratis.server.impl.LeaderElection.run(LeaderElection.java:133)
	at java.lang.Thread.run(Thread.java:748)
Caused by: org.apache.ratis.thirdparty.io.grpc.StatusRuntimeException: UNAVAILABLE: io exception
	at org.apache.ratis.thirdparty.io.grpc.stub.ClientCalls.toStatusRuntimeException(ClientCalls.java:233)
	at org.apache.ratis.thirdparty.io.grpc.stub.ClientCalls.getUnchecked(ClientCalls.java:214)
	at org.apache.ratis.thirdparty.io.grpc.stub.ClientCalls.blockingUnaryCall(ClientCalls.java:139)
	at org.apache.ratis.proto.grpc.RaftServerProtocolServiceGrpc$RaftServerProtocolServiceBlockingStub.requestVote(RaftServerProtocolServiceGrpc.java:265)
	at org.apache.ratis.grpc.server.GrpcServerProtocolClient.requestVote(GrpcServerProtocolClient.java:99)
	at org.apache.ratis.grpc.server.GrpcService.requestVote(GrpcService.java:204)
	at org.apache.ratis.server.impl.LeaderElection.lambda$submitRequests$1(LeaderElection.java:234)
	at java.util.concurrent.FutureTask.run(FutureTask.java:266)
	at java.util.concurrent.Executors$RunnableAdapter.call(Executors.java:511)
	at java.util.concurrent.FutureTask.run(FutureTask.java:266)
	at java.util.concurrent.ThreadPoolExecutor.runWorker(ThreadPoolExecutor.java:1149)
	at java.util.concurrent.ThreadPoolExecutor$Worker.run(ThreadPoolExecutor.java:624)
	... 1 more
Caused by: org.apache.ratis.thirdparty.io.netty.channel.AbstractChannel$AnnotatedConnectException: Connection refused: /192.168.164.213:41903
	at sun.nio.ch.SocketChannelImpl.checkConnect(Native Method)
	at sun.nio.ch.SocketChannelImpl.finishConnect(SocketChannelImpl.java:717)
	at org.apache.ratis.thirdparty.io.netty.channel.socket.nio.NioSocketChannel.doFinishConnect(NioSocketChannel.java:327)
	at org.apache.ratis.thirdparty.io.netty.channel.nio.AbstractNioChannel$AbstractNioUnsafe.finishConnect(AbstractNioChannel.java:340)
	at org.apache.ratis.thirdparty.io.netty.channel.nio.NioEventLoop.processSelectedKey(NioEventLoop.java:632)
	at org.apache.ratis.thirdparty.io.netty.channel.nio.NioEventLoop.processSelectedKeysOptimized(NioEventLoop.java:579)
	at org.apache.ratis.thirdparty.io.netty.channel.nio.NioEventLoop.processSelectedKeys(NioEventLoop.java:496)
	at org.apache.ratis.thirdparty.io.netty.channel.nio.NioEventLoop.run(NioEventLoop.java:458)
	at org.apache.ratis.thirdparty.io.netty.util.concurrent.SingleThreadEventExecutor$5.run(SingleThreadEventExecutor.java:897)
	at org.apache.ratis.thirdparty.io.netty.util.concurrent.FastThreadLocalRunnable.run(FastThreadLocalRunnable.java:30)
	... 1 more
Caused by: java.net.ConnectException: Connection refused
	... 11 more
2019-10-24 15:44:24,485 [af280123-6372-4d1f-a5d4-c36229a73203@group-75C85B6D1182-LeaderElection286] INFO  impl.LeaderElection (LeaderElection.java:logAndReturn(56)) - af280123-6372-4d1f-a5d4-c36229a73203@group-75C85B6D1182-LeaderElection286: Election REJECTED; received 0 response(s) [] and 2 exception(s); af280123-6372-4d1f-a5d4-c36229a73203@group-75C85B6D1182:t279, leader=null, voted=af280123-6372-4d1f-a5d4-c36229a73203, raftlog=af280123-6372-4d1f-a5d4-c36229a73203@group-75C85B6D1182-SegmentedRaftLog:OPENED:c-1,f-1,i0, conf=-1: [9092f221-0e0d-4970-bb84-cacd95020f21:192.168.164.213:41903, af280123-6372-4d1f-a5d4-c36229a73203:192.168.164.213:35334, b4ae536c-ed18-4717-a75c-ca4b5d6c4001:192.168.164.213:41180], old=null
2019-10-24 15:44:24,486 [af280123-6372-4d1f-a5d4-c36229a73203@group-75C85B6D1182-LeaderElection286] INFO  impl.LeaderElection (LogUtils.java:infoOrTrace(149)) -   Exception 0: {}
java.util.concurrent.ExecutionException: org.apache.ratis.thirdparty.io.grpc.StatusRuntimeException: UNAVAILABLE: io exception
	at java.util.concurrent.FutureTask.report(FutureTask.java:122)
	at java.util.concurrent.FutureTask.get(FutureTask.java:192)
	at org.apache.ratis.server.impl.LeaderElection.waitForResults(LeaderElection.java:259)
	at org.apache.ratis.server.impl.LeaderElection.askForVotes(LeaderElection.java:197)
	at org.apache.ratis.server.impl.LeaderElection.run(LeaderElection.java:133)
	at java.lang.Thread.run(Thread.java:748)
Caused by: org.apache.ratis.thirdparty.io.grpc.StatusRuntimeException: UNAVAILABLE: io exception
	at org.apache.ratis.thirdparty.io.grpc.stub.ClientCalls.toStatusRuntimeException(ClientCalls.java:233)
	at org.apache.ratis.thirdparty.io.grpc.stub.ClientCalls.getUnchecked(ClientCalls.java:214)
	at org.apache.ratis.thirdparty.io.grpc.stub.ClientCalls.blockingUnaryCall(ClientCalls.java:139)
	at org.apache.ratis.proto.grpc.RaftServerProtocolServiceGrpc$RaftServerProtocolServiceBlockingStub.requestVote(RaftServerProtocolServiceGrpc.java:265)
	at org.apache.ratis.grpc.server.GrpcServerProtocolClient.requestVote(GrpcServerProtocolClient.java:99)
	at org.apache.ratis.grpc.server.GrpcService.requestVote(GrpcService.java:204)
	at org.apache.ratis.server.impl.LeaderElection.lambda$submitRequests$1(LeaderElection.java:234)
	at java.util.concurrent.FutureTask.run(FutureTask.java:266)
	at java.util.concurrent.Executors$RunnableAdapter.call(Executors.java:511)
	at java.util.concurrent.FutureTask.run(FutureTask.java:266)
	at java.util.concurrent.ThreadPoolExecutor.runWorker(ThreadPoolExecutor.java:1149)
	at java.util.concurrent.ThreadPoolExecutor$Worker.run(ThreadPoolExecutor.java:624)
	... 1 more
Caused by: org.apache.ratis.thirdparty.io.netty.channel.AbstractChannel$AnnotatedConnectException: Connection refused: /192.168.164.213:41180
	at sun.nio.ch.SocketChannelImpl.checkConnect(Native Method)
	at sun.nio.ch.SocketChannelImpl.finishConnect(SocketChannelImpl.java:717)
	at org.apache.ratis.thirdparty.io.netty.channel.socket.nio.NioSocketChannel.doFinishConnect(NioSocketChannel.java:327)
	at org.apache.ratis.thirdparty.io.netty.channel.nio.AbstractNioChannel$AbstractNioUnsafe.finishConnect(AbstractNioChannel.java:340)
	at org.apache.ratis.thirdparty.io.netty.channel.nio.NioEventLoop.processSelectedKey(NioEventLoop.java:632)
	at org.apache.ratis.thirdparty.io.netty.channel.nio.NioEventLoop.processSelectedKeysOptimized(NioEventLoop.java:579)
	at org.apache.ratis.thirdparty.io.netty.channel.nio.NioEventLoop.processSelectedKeys(NioEventLoop.java:496)
	at org.apache.ratis.thirdparty.io.netty.channel.nio.NioEventLoop.run(NioEventLoop.java:458)
	at org.apache.ratis.thirdparty.io.netty.util.concurrent.SingleThreadEventExecutor$5.run(SingleThreadEventExecutor.java:897)
	at org.apache.ratis.thirdparty.io.netty.util.concurrent.FastThreadLocalRunnable.run(FastThreadLocalRunnable.java:30)
	... 1 more
Caused by: java.net.ConnectException: Connection refused
	... 11 more
2019-10-24 15:44:24,486 [af280123-6372-4d1f-a5d4-c36229a73203@group-75C85B6D1182-LeaderElection286] INFO  impl.LeaderElection (LogUtils.java:infoOrTrace(149)) -   Exception 1: {}
java.util.concurrent.ExecutionException: org.apache.ratis.thirdparty.io.grpc.StatusRuntimeException: UNAVAILABLE: io exception
	at java.util.concurrent.FutureTask.report(FutureTask.java:122)
	at java.util.concurrent.FutureTask.get(FutureTask.java:192)
	at org.apache.ratis.server.impl.LeaderElection.waitForResults(LeaderElection.java:259)
	at org.apache.ratis.server.impl.LeaderElection.askForVotes(LeaderElection.java:197)
	at org.apache.ratis.server.impl.LeaderElection.run(LeaderElection.java:133)
	at java.lang.Thread.run(Thread.java:748)
Caused by: org.apache.ratis.thirdparty.io.grpc.StatusRuntimeException: UNAVAILABLE: io exception
	at org.apache.ratis.thirdparty.io.grpc.stub.ClientCalls.toStatusRuntimeException(ClientCalls.java:233)
	at org.apache.ratis.thirdparty.io.grpc.stub.ClientCalls.getUnchecked(ClientCalls.java:214)
	at org.apache.ratis.thirdparty.io.grpc.stub.ClientCalls.blockingUnaryCall(ClientCalls.java:139)
	at org.apache.ratis.proto.grpc.RaftServerProtocolServiceGrpc$RaftServerProtocolServiceBlockingStub.requestVote(RaftServerProtocolServiceGrpc.java:265)
	at org.apache.ratis.grpc.server.GrpcServerProtocolClient.requestVote(GrpcServerProtocolClient.java:99)
	at org.apache.ratis.grpc.server.GrpcService.requestVote(GrpcService.java:204)
	at org.apache.ratis.server.impl.LeaderElection.lambda$submitRequests$1(LeaderElection.java:234)
	at java.util.concurrent.FutureTask.run(FutureTask.java:266)
	at java.util.concurrent.Executors$RunnableAdapter.call(Executors.java:511)
	at java.util.concurrent.FutureTask.run(FutureTask.java:266)
	at java.util.concurrent.ThreadPoolExecutor.runWorker(ThreadPoolExecutor.java:1149)
	at java.util.concurrent.ThreadPoolExecutor$Worker.run(ThreadPoolExecutor.java:624)
	... 1 more
Caused by: org.apache.ratis.thirdparty.io.netty.channel.AbstractChannel$AnnotatedConnectException: Connection refused: /192.168.164.213:41903
	at sun.nio.ch.SocketChannelImpl.checkConnect(Native Method)
	at sun.nio.ch.SocketChannelImpl.finishConnect(SocketChannelImpl.java:717)
	at org.apache.ratis.thirdparty.io.netty.channel.socket.nio.NioSocketChannel.doFinishConnect(NioSocketChannel.java:327)
	at org.apache.ratis.thirdparty.io.netty.channel.nio.AbstractNioChannel$AbstractNioUnsafe.finishConnect(AbstractNioChannel.java:340)
	at org.apache.ratis.thirdparty.io.netty.channel.nio.NioEventLoop.processSelectedKey(NioEventLoop.java:632)
	at org.apache.ratis.thirdparty.io.netty.channel.nio.NioEventLoop.processSelectedKeysOptimized(NioEventLoop.java:579)
	at org.apache.ratis.thirdparty.io.netty.channel.nio.NioEventLoop.processSelectedKeys(NioEventLoop.java:496)
	at org.apache.ratis.thirdparty.io.netty.channel.nio.NioEventLoop.run(NioEventLoop.java:458)
	at org.apache.ratis.thirdparty.io.netty.util.concurrent.SingleThreadEventExecutor$5.run(SingleThreadEventExecutor.java:897)
	at org.apache.ratis.thirdparty.io.netty.util.concurrent.FastThreadLocalRunnable.run(FastThreadLocalRunnable.java:30)
	... 1 more
Caused by: java.net.ConnectException: Connection refused
	... 11 more
2019-10-24 15:44:24,486 [af280123-6372-4d1f-a5d4-c36229a73203@group-75C85B6D1182-LeaderElection286] INFO  impl.RaftServerImpl (RaftServerImpl.java:setRole(184)) - af280123-6372-4d1f-a5d4-c36229a73203@group-75C85B6D1182: changes role from CANDIDATE to FOLLOWER at term 279 for DISCOVERED_A_NEW_TERM
2019-10-24 15:44:24,486 [af280123-6372-4d1f-a5d4-c36229a73203@group-75C85B6D1182-LeaderElection286] INFO  impl.RoleInfo (RoleInfo.java:shutdownLeaderElection(134)) - af280123-6372-4d1f-a5d4-c36229a73203: shutdown LeaderElection
2019-10-24 15:44:24,486 [af280123-6372-4d1f-a5d4-c36229a73203@group-75C85B6D1182-LeaderElection286] INFO  impl.RoleInfo (RoleInfo.java:updateAndGet(143)) - af280123-6372-4d1f-a5d4-c36229a73203: start FollowerState
2019-10-24 15:44:24,610 [Thread-2310] INFO  impl.FollowerState (FollowerState.java:run(108)) - af280123-6372-4d1f-a5d4-c36229a73203@group-75C85B6D1182-FollowerState: change to CANDIDATE, lastRpcTime:124ms, electionTimeout:124ms
2019-10-24 15:44:24,611 [Thread-2310] INFO  impl.RoleInfo (RoleInfo.java:shutdownFollowerState(121)) - af280123-6372-4d1f-a5d4-c36229a73203: shutdown FollowerState
2019-10-24 15:44:24,611 [Thread-2310] INFO  impl.RaftServerImpl (RaftServerImpl.java:setRole(184)) - af280123-6372-4d1f-a5d4-c36229a73203@group-75C85B6D1182: changes role from  FOLLOWER to CANDIDATE at term 279 for changeToCandidate
2019-10-24 15:44:24,611 [Thread-2310] INFO  impl.RoleInfo (RoleInfo.java:updateAndGet(143)) - af280123-6372-4d1f-a5d4-c36229a73203: start LeaderElection
2019-10-24 15:44:24,624 [af280123-6372-4d1f-a5d4-c36229a73203@group-75C85B6D1182-LeaderElection287] INFO  impl.LeaderElection (LeaderElection.java:askForVotes(178)) - af280123-6372-4d1f-a5d4-c36229a73203@group-75C85B6D1182-LeaderElection287: begin an election at term 280 for -1: [9092f221-0e0d-4970-bb84-cacd95020f21:192.168.164.213:41903, af280123-6372-4d1f-a5d4-c36229a73203:192.168.164.213:35334, b4ae536c-ed18-4717-a75c-ca4b5d6c4001:192.168.164.213:41180], old=null
2019-10-24 15:44:24,625 [af280123-6372-4d1f-a5d4-c36229a73203@group-75C85B6D1182-LeaderElection287] INFO  impl.LeaderElection (LogUtils.java:infoOrTrace(149)) - af280123-6372-4d1f-a5d4-c36229a73203@group-75C85B6D1182-LeaderElection287 got exception when requesting votes: {}
java.util.concurrent.ExecutionException: org.apache.ratis.thirdparty.io.grpc.StatusRuntimeException: UNAVAILABLE: io exception
	at java.util.concurrent.FutureTask.report(FutureTask.java:122)
	at java.util.concurrent.FutureTask.get(FutureTask.java:192)
	at org.apache.ratis.server.impl.LeaderElection.waitForResults(LeaderElection.java:259)
	at org.apache.ratis.server.impl.LeaderElection.askForVotes(LeaderElection.java:197)
	at org.apache.ratis.server.impl.LeaderElection.run(LeaderElection.java:133)
	at java.lang.Thread.run(Thread.java:748)
Caused by: org.apache.ratis.thirdparty.io.grpc.StatusRuntimeException: UNAVAILABLE: io exception
	at org.apache.ratis.thirdparty.io.grpc.stub.ClientCalls.toStatusRuntimeException(ClientCalls.java:233)
	at org.apache.ratis.thirdparty.io.grpc.stub.ClientCalls.getUnchecked(ClientCalls.java:214)
	at org.apache.ratis.thirdparty.io.grpc.stub.ClientCalls.blockingUnaryCall(ClientCalls.java:139)
	at org.apache.ratis.proto.grpc.RaftServerProtocolServiceGrpc$RaftServerProtocolServiceBlockingStub.requestVote(RaftServerProtocolServiceGrpc.java:265)
	at org.apache.ratis.grpc.server.GrpcServerProtocolClient.requestVote(GrpcServerProtocolClient.java:99)
	at org.apache.ratis.grpc.server.GrpcService.requestVote(GrpcService.java:204)
	at org.apache.ratis.server.impl.LeaderElection.lambda$submitRequests$1(LeaderElection.java:234)
	at java.util.concurrent.FutureTask.run(FutureTask.java:266)
	at java.util.concurrent.Executors$RunnableAdapter.call(Executors.java:511)
	at java.util.concurrent.FutureTask.run(FutureTask.java:266)
	at java.util.concurrent.ThreadPoolExecutor.runWorker(ThreadPoolExecutor.java:1149)
	at java.util.concurrent.ThreadPoolExecutor$Worker.run(ThreadPoolExecutor.java:624)
	... 1 more
Caused by: org.apache.ratis.thirdparty.io.netty.channel.AbstractChannel$AnnotatedConnectException: Connection refused: /192.168.164.213:41903
	at sun.nio.ch.SocketChannelImpl.checkConnect(Native Method)
	at sun.nio.ch.SocketChannelImpl.finishConnect(SocketChannelImpl.java:717)
	at org.apache.ratis.thirdparty.io.netty.channel.socket.nio.NioSocketChannel.doFinishConnect(NioSocketChannel.java:327)
	at org.apache.ratis.thirdparty.io.netty.channel.nio.AbstractNioChannel$AbstractNioUnsafe.finishConnect(AbstractNioChannel.java:340)
	at org.apache.ratis.thirdparty.io.netty.channel.nio.NioEventLoop.processSelectedKey(NioEventLoop.java:632)
	at org.apache.ratis.thirdparty.io.netty.channel.nio.NioEventLoop.processSelectedKeysOptimized(NioEventLoop.java:579)
	at org.apache.ratis.thirdparty.io.netty.channel.nio.NioEventLoop.processSelectedKeys(NioEventLoop.java:496)
	at org.apache.ratis.thirdparty.io.netty.channel.nio.NioEventLoop.run(NioEventLoop.java:458)
	at org.apache.ratis.thirdparty.io.netty.util.concurrent.SingleThreadEventExecutor$5.run(SingleThreadEventExecutor.java:897)
	at org.apache.ratis.thirdparty.io.netty.util.concurrent.FastThreadLocalRunnable.run(FastThreadLocalRunnable.java:30)
	... 1 more
Caused by: java.net.ConnectException: Connection refused
	... 11 more
2019-10-24 15:44:24,626 [af280123-6372-4d1f-a5d4-c36229a73203@group-75C85B6D1182-LeaderElection287] INFO  impl.LeaderElection (LogUtils.java:infoOrTrace(149)) - af280123-6372-4d1f-a5d4-c36229a73203@group-75C85B6D1182-LeaderElection287 got exception when requesting votes: {}
java.util.concurrent.ExecutionException: org.apache.ratis.thirdparty.io.grpc.StatusRuntimeException: UNAVAILABLE: io exception
	at java.util.concurrent.FutureTask.report(FutureTask.java:122)
	at java.util.concurrent.FutureTask.get(FutureTask.java:192)
	at org.apache.ratis.server.impl.LeaderElection.waitForResults(LeaderElection.java:259)
	at org.apache.ratis.server.impl.LeaderElection.askForVotes(LeaderElection.java:197)
	at org.apache.ratis.server.impl.LeaderElection.run(LeaderElection.java:133)
	at java.lang.Thread.run(Thread.java:748)
Caused by: org.apache.ratis.thirdparty.io.grpc.StatusRuntimeException: UNAVAILABLE: io exception
	at org.apache.ratis.thirdparty.io.grpc.stub.ClientCalls.toStatusRuntimeException(ClientCalls.java:233)
	at org.apache.ratis.thirdparty.io.grpc.stub.ClientCalls.getUnchecked(ClientCalls.java:214)
	at org.apache.ratis.thirdparty.io.grpc.stub.ClientCalls.blockingUnaryCall(ClientCalls.java:139)
	at org.apache.ratis.proto.grpc.RaftServerProtocolServiceGrpc$RaftServerProtocolServiceBlockingStub.requestVote(RaftServerProtocolServiceGrpc.java:265)
	at org.apache.ratis.grpc.server.GrpcServerProtocolClient.requestVote(GrpcServerProtocolClient.java:99)
	at org.apache.ratis.grpc.server.GrpcService.requestVote(GrpcService.java:204)
	at org.apache.ratis.server.impl.LeaderElection.lambda$submitRequests$1(LeaderElection.java:234)
	at java.util.concurrent.FutureTask.run(FutureTask.java:266)
	at java.util.concurrent.Executors$RunnableAdapter.call(Executors.java:511)
	at java.util.concurrent.FutureTask.run(FutureTask.java:266)
	at java.util.concurrent.ThreadPoolExecutor.runWorker(ThreadPoolExecutor.java:1149)
	at java.util.concurrent.ThreadPoolExecutor$Worker.run(ThreadPoolExecutor.java:624)
	... 1 more
Caused by: org.apache.ratis.thirdparty.io.netty.channel.AbstractChannel$AnnotatedConnectException: Connection refused: /192.168.164.213:41180
	at sun.nio.ch.SocketChannelImpl.checkConnect(Native Method)
	at sun.nio.ch.SocketChannelImpl.finishConnect(SocketChannelImpl.java:717)
	at org.apache.ratis.thirdparty.io.netty.channel.socket.nio.NioSocketChannel.doFinishConnect(NioSocketChannel.java:327)
	at org.apache.ratis.thirdparty.io.netty.channel.nio.AbstractNioChannel$AbstractNioUnsafe.finishConnect(AbstractNioChannel.java:340)
	at org.apache.ratis.thirdparty.io.netty.channel.nio.NioEventLoop.processSelectedKey(NioEventLoop.java:632)
	at org.apache.ratis.thirdparty.io.netty.channel.nio.NioEventLoop.processSelectedKeysOptimized(NioEventLoop.java:579)
	at org.apache.ratis.thirdparty.io.netty.channel.nio.NioEventLoop.processSelectedKeys(NioEventLoop.java:496)
	at org.apache.ratis.thirdparty.io.netty.channel.nio.NioEventLoop.run(NioEventLoop.java:458)
	at org.apache.ratis.thirdparty.io.netty.util.concurrent.SingleThreadEventExecutor$5.run(SingleThreadEventExecutor.java:897)
	at org.apache.ratis.thirdparty.io.netty.util.concurrent.FastThreadLocalRunnable.run(FastThreadLocalRunnable.java:30)
	... 1 more
Caused by: java.net.ConnectException: Connection refused
	... 11 more
2019-10-24 15:44:24,626 [af280123-6372-4d1f-a5d4-c36229a73203@group-75C85B6D1182-LeaderElection287] INFO  impl.LeaderElection (LeaderElection.java:logAndReturn(56)) - af280123-6372-4d1f-a5d4-c36229a73203@group-75C85B6D1182-LeaderElection287: Election REJECTED; received 0 response(s) [] and 2 exception(s); af280123-6372-4d1f-a5d4-c36229a73203@group-75C85B6D1182:t280, leader=null, voted=af280123-6372-4d1f-a5d4-c36229a73203, raftlog=af280123-6372-4d1f-a5d4-c36229a73203@group-75C85B6D1182-SegmentedRaftLog:OPENED:c-1,f-1,i0, conf=-1: [9092f221-0e0d-4970-bb84-cacd95020f21:192.168.164.213:41903, af280123-6372-4d1f-a5d4-c36229a73203:192.168.164.213:35334, b4ae536c-ed18-4717-a75c-ca4b5d6c4001:192.168.164.213:41180], old=null
2019-10-24 15:44:24,626 [af280123-6372-4d1f-a5d4-c36229a73203@group-75C85B6D1182-LeaderElection287] INFO  impl.LeaderElection (LogUtils.java:infoOrTrace(149)) -   Exception 0: {}
java.util.concurrent.ExecutionException: org.apache.ratis.thirdparty.io.grpc.StatusRuntimeException: UNAVAILABLE: io exception
	at java.util.concurrent.FutureTask.report(FutureTask.java:122)
	at java.util.concurrent.FutureTask.get(FutureTask.java:192)
	at org.apache.ratis.server.impl.LeaderElection.waitForResults(LeaderElection.java:259)
	at org.apache.ratis.server.impl.LeaderElection.askForVotes(LeaderElection.java:197)
	at org.apache.ratis.server.impl.LeaderElection.run(LeaderElection.java:133)
	at java.lang.Thread.run(Thread.java:748)
Caused by: org.apache.ratis.thirdparty.io.grpc.StatusRuntimeException: UNAVAILABLE: io exception
	at org.apache.ratis.thirdparty.io.grpc.stub.ClientCalls.toStatusRuntimeException(ClientCalls.java:233)
	at org.apache.ratis.thirdparty.io.grpc.stub.ClientCalls.getUnchecked(ClientCalls.java:214)
	at org.apache.ratis.thirdparty.io.grpc.stub.ClientCalls.blockingUnaryCall(ClientCalls.java:139)
	at org.apache.ratis.proto.grpc.RaftServerProtocolServiceGrpc$RaftServerProtocolServiceBlockingStub.requestVote(RaftServerProtocolServiceGrpc.java:265)
	at org.apache.ratis.grpc.server.GrpcServerProtocolClient.requestVote(GrpcServerProtocolClient.java:99)
	at org.apache.ratis.grpc.server.GrpcService.requestVote(GrpcService.java:204)
	at org.apache.ratis.server.impl.LeaderElection.lambda$submitRequests$1(LeaderElection.java:234)
	at java.util.concurrent.FutureTask.run(FutureTask.java:266)
	at java.util.concurrent.Executors$RunnableAdapter.call(Executors.java:511)
	at java.util.concurrent.FutureTask.run(FutureTask.java:266)
	at java.util.concurrent.ThreadPoolExecutor.runWorker(ThreadPoolExecutor.java:1149)
	at java.util.concurrent.ThreadPoolExecutor$Worker.run(ThreadPoolExecutor.java:624)
	... 1 more
Caused by: org.apache.ratis.thirdparty.io.netty.channel.AbstractChannel$AnnotatedConnectException: Connection refused: /192.168.164.213:41903
	at sun.nio.ch.SocketChannelImpl.checkConnect(Native Method)
	at sun.nio.ch.SocketChannelImpl.finishConnect(SocketChannelImpl.java:717)
	at org.apache.ratis.thirdparty.io.netty.channel.socket.nio.NioSocketChannel.doFinishConnect(NioSocketChannel.java:327)
	at org.apache.ratis.thirdparty.io.netty.channel.nio.AbstractNioChannel$AbstractNioUnsafe.finishConnect(AbstractNioChannel.java:340)
	at org.apache.ratis.thirdparty.io.netty.channel.nio.NioEventLoop.processSelectedKey(NioEventLoop.java:632)
	at org.apache.ratis.thirdparty.io.netty.channel.nio.NioEventLoop.processSelectedKeysOptimized(NioEventLoop.java:579)
	at org.apache.ratis.thirdparty.io.netty.channel.nio.NioEventLoop.processSelectedKeys(NioEventLoop.java:496)
	at org.apache.ratis.thirdparty.io.netty.channel.nio.NioEventLoop.run(NioEventLoop.java:458)
	at org.apache.ratis.thirdparty.io.netty.util.concurrent.SingleThreadEventExecutor$5.run(SingleThreadEventExecutor.java:897)
	at org.apache.ratis.thirdparty.io.netty.util.concurrent.FastThreadLocalRunnable.run(FastThreadLocalRunnable.java:30)
	... 1 more
Caused by: java.net.ConnectException: Connection refused
	... 11 more
2019-10-24 15:44:24,626 [af280123-6372-4d1f-a5d4-c36229a73203@group-75C85B6D1182-LeaderElection287] INFO  impl.LeaderElection (LogUtils.java:infoOrTrace(149)) -   Exception 1: {}
java.util.concurrent.ExecutionException: org.apache.ratis.thirdparty.io.grpc.StatusRuntimeException: UNAVAILABLE: io exception
	at java.util.concurrent.FutureTask.report(FutureTask.java:122)
	at java.util.concurrent.FutureTask.get(FutureTask.java:192)
	at org.apache.ratis.server.impl.LeaderElection.waitForResults(LeaderElection.java:259)
	at org.apache.ratis.server.impl.LeaderElection.askForVotes(LeaderElection.java:197)
	at org.apache.ratis.server.impl.LeaderElection.run(LeaderElection.java:133)
	at java.lang.Thread.run(Thread.java:748)
Caused by: org.apache.ratis.thirdparty.io.grpc.StatusRuntimeException: UNAVAILABLE: io exception
	at org.apache.ratis.thirdparty.io.grpc.stub.ClientCalls.toStatusRuntimeException(ClientCalls.java:233)
	at org.apache.ratis.thirdparty.io.grpc.stub.ClientCalls.getUnchecked(ClientCalls.java:214)
	at org.apache.ratis.thirdparty.io.grpc.stub.ClientCalls.blockingUnaryCall(ClientCalls.java:139)
	at org.apache.ratis.proto.grpc.RaftServerProtocolServiceGrpc$RaftServerProtocolServiceBlockingStub.requestVote(RaftServerProtocolServiceGrpc.java:265)
	at org.apache.ratis.grpc.server.GrpcServerProtocolClient.requestVote(GrpcServerProtocolClient.java:99)
	at org.apache.ratis.grpc.server.GrpcService.requestVote(GrpcService.java:204)
	at org.apache.ratis.server.impl.LeaderElection.lambda$submitRequests$1(LeaderElection.java:234)
	at java.util.concurrent.FutureTask.run(FutureTask.java:266)
	at java.util.concurrent.Executors$RunnableAdapter.call(Executors.java:511)
	at java.util.concurrent.FutureTask.run(FutureTask.java:266)
	at java.util.concurrent.ThreadPoolExecutor.runWorker(ThreadPoolExecutor.java:1149)
	at java.util.concurrent.ThreadPoolExecutor$Worker.run(ThreadPoolExecutor.java:624)
	... 1 more
Caused by: org.apache.ratis.thirdparty.io.netty.channel.AbstractChannel$AnnotatedConnectException: Connection refused: /192.168.164.213:41180
	at sun.nio.ch.SocketChannelImpl.checkConnect(Native Method)
	at sun.nio.ch.SocketChannelImpl.finishConnect(SocketChannelImpl.java:717)
	at org.apache.ratis.thirdparty.io.netty.channel.socket.nio.NioSocketChannel.doFinishConnect(NioSocketChannel.java:327)
	at org.apache.ratis.thirdparty.io.netty.channel.nio.AbstractNioChannel$AbstractNioUnsafe.finishConnect(AbstractNioChannel.java:340)
	at org.apache.ratis.thirdparty.io.netty.channel.nio.NioEventLoop.processSelectedKey(NioEventLoop.java:632)
	at org.apache.ratis.thirdparty.io.netty.channel.nio.NioEventLoop.processSelectedKeysOptimized(NioEventLoop.java:579)
	at org.apache.ratis.thirdparty.io.netty.channel.nio.NioEventLoop.processSelectedKeys(NioEventLoop.java:496)
	at org.apache.ratis.thirdparty.io.netty.channel.nio.NioEventLoop.run(NioEventLoop.java:458)
	at org.apache.ratis.thirdparty.io.netty.util.concurrent.SingleThreadEventExecutor$5.run(SingleThreadEventExecutor.java:897)
	at org.apache.ratis.thirdparty.io.netty.util.concurrent.FastThreadLocalRunnable.run(FastThreadLocalRunnable.java:30)
	... 1 more
Caused by: java.net.ConnectException: Connection refused
	... 11 more
2019-10-24 15:44:24,626 [af280123-6372-4d1f-a5d4-c36229a73203@group-75C85B6D1182-LeaderElection287] INFO  impl.RaftServerImpl (RaftServerImpl.java:setRole(184)) - af280123-6372-4d1f-a5d4-c36229a73203@group-75C85B6D1182: changes role from CANDIDATE to FOLLOWER at term 280 for DISCOVERED_A_NEW_TERM
2019-10-24 15:44:24,626 [af280123-6372-4d1f-a5d4-c36229a73203@group-75C85B6D1182-LeaderElection287] INFO  impl.RoleInfo (RoleInfo.java:shutdownLeaderElection(134)) - af280123-6372-4d1f-a5d4-c36229a73203: shutdown LeaderElection
2019-10-24 15:44:24,627 [af280123-6372-4d1f-a5d4-c36229a73203@group-75C85B6D1182-LeaderElection287] INFO  impl.RoleInfo (RoleInfo.java:updateAndGet(143)) - af280123-6372-4d1f-a5d4-c36229a73203: start FollowerState
2019-10-24 15:44:24,673 [Thread-2282] INFO  impl.FollowerState (FollowerState.java:run(108)) - a667faea-0fef-4f07-8d37-e0d8f63f2a62@group-56059261E3EC-FollowerState: change to CANDIDATE, lastRpcTime:1105ms, electionTimeout:1105ms
2019-10-24 15:44:24,673 [Thread-2282] INFO  impl.RoleInfo (RoleInfo.java:shutdownFollowerState(121)) - a667faea-0fef-4f07-8d37-e0d8f63f2a62: shutdown FollowerState
2019-10-24 15:44:24,673 [Thread-2282] INFO  impl.RaftServerImpl (RaftServerImpl.java:setRole(184)) - a667faea-0fef-4f07-8d37-e0d8f63f2a62@group-56059261E3EC: changes role from  FOLLOWER to CANDIDATE at term 9 for changeToCandidate
2019-10-24 15:44:24,673 [Thread-2282] INFO  impl.RoleInfo (RoleInfo.java:updateAndGet(143)) - a667faea-0fef-4f07-8d37-e0d8f63f2a62: start LeaderElection
2019-10-24 15:44:24,686 [a667faea-0fef-4f07-8d37-e0d8f63f2a62@group-56059261E3EC-LeaderElection288] INFO  impl.LeaderElection (LeaderElection.java:askForVotes(178)) - a667faea-0fef-4f07-8d37-e0d8f63f2a62@group-56059261E3EC-LeaderElection288: begin an election at term 10 for 0: [3a65ecdf-e32f-4548-a2e5-44ab823c11b3:192.168.164.213:44036, a667faea-0fef-4f07-8d37-e0d8f63f2a62:192.168.164.213:36278, 2f81ded6-48e6-408d-9409-3cd44f70bee8:192.168.164.213:36516], old=null
2019-10-24 15:44:24,688 [a667faea-0fef-4f07-8d37-e0d8f63f2a62@group-56059261E3EC-LeaderElection288] INFO  impl.LeaderElection (LogUtils.java:infoOrTrace(149)) - a667faea-0fef-4f07-8d37-e0d8f63f2a62@group-56059261E3EC-LeaderElection288 got exception when requesting votes: {}
java.util.concurrent.ExecutionException: org.apache.ratis.thirdparty.io.grpc.StatusRuntimeException: UNAVAILABLE: io exception
	at java.util.concurrent.FutureTask.report(FutureTask.java:122)
	at java.util.concurrent.FutureTask.get(FutureTask.java:192)
	at org.apache.ratis.server.impl.LeaderElection.waitForResults(LeaderElection.java:259)
	at org.apache.ratis.server.impl.LeaderElection.askForVotes(LeaderElection.java:197)
	at org.apache.ratis.server.impl.LeaderElection.run(LeaderElection.java:133)
	at java.lang.Thread.run(Thread.java:748)
Caused by: org.apache.ratis.thirdparty.io.grpc.StatusRuntimeException: UNAVAILABLE: io exception
	at org.apache.ratis.thirdparty.io.grpc.stub.ClientCalls.toStatusRuntimeException(ClientCalls.java:233)
	at org.apache.ratis.thirdparty.io.grpc.stub.ClientCalls.getUnchecked(ClientCalls.java:214)
	at org.apache.ratis.thirdparty.io.grpc.stub.ClientCalls.blockingUnaryCall(ClientCalls.java:139)
	at org.apache.ratis.proto.grpc.RaftServerProtocolServiceGrpc$RaftServerProtocolServiceBlockingStub.requestVote(RaftServerProtocolServiceGrpc.java:265)
	at org.apache.ratis.grpc.server.GrpcServerProtocolClient.requestVote(GrpcServerProtocolClient.java:99)
	at org.apache.ratis.grpc.server.GrpcService.requestVote(GrpcService.java:204)
	at org.apache.ratis.server.impl.LeaderElection.lambda$submitRequests$1(LeaderElection.java:234)
	at java.util.concurrent.FutureTask.run(FutureTask.java:266)
	at java.util.concurrent.Executors$RunnableAdapter.call(Executors.java:511)
	at java.util.concurrent.FutureTask.run(FutureTask.java:266)
	at java.util.concurrent.ThreadPoolExecutor.runWorker(ThreadPoolExecutor.java:1149)
	at java.util.concurrent.ThreadPoolExecutor$Worker.run(ThreadPoolExecutor.java:624)
	... 1 more
Caused by: org.apache.ratis.thirdparty.io.netty.channel.AbstractChannel$AnnotatedConnectException: Connection refused: /192.168.164.213:44036
	at sun.nio.ch.SocketChannelImpl.checkConnect(Native Method)
	at sun.nio.ch.SocketChannelImpl.finishConnect(SocketChannelImpl.java:717)
	at org.apache.ratis.thirdparty.io.netty.channel.socket.nio.NioSocketChannel.doFinishConnect(NioSocketChannel.java:327)
	at org.apache.ratis.thirdparty.io.netty.channel.nio.AbstractNioChannel$AbstractNioUnsafe.finishConnect(AbstractNioChannel.java:340)
	at org.apache.ratis.thirdparty.io.netty.channel.nio.NioEventLoop.processSelectedKey(NioEventLoop.java:632)
	at org.apache.ratis.thirdparty.io.netty.channel.nio.NioEventLoop.processSelectedKeysOptimized(NioEventLoop.java:579)
	at org.apache.ratis.thirdparty.io.netty.channel.nio.NioEventLoop.processSelectedKeys(NioEventLoop.java:496)
	at org.apache.ratis.thirdparty.io.netty.channel.nio.NioEventLoop.run(NioEventLoop.java:458)
	at org.apache.ratis.thirdparty.io.netty.util.concurrent.SingleThreadEventExecutor$5.run(SingleThreadEventExecutor.java:897)
	at org.apache.ratis.thirdparty.io.netty.util.concurrent.FastThreadLocalRunnable.run(FastThreadLocalRunnable.java:30)
	... 1 more
Caused by: java.net.ConnectException: Connection refused
	... 11 more
2019-10-24 15:44:24,689 [a667faea-0fef-4f07-8d37-e0d8f63f2a62@group-56059261E3EC-LeaderElection288] INFO  impl.LeaderElection (LogUtils.java:infoOrTrace(149)) - a667faea-0fef-4f07-8d37-e0d8f63f2a62@group-56059261E3EC-LeaderElection288 got exception when requesting votes: {}
java.util.concurrent.ExecutionException: org.apache.ratis.thirdparty.io.grpc.StatusRuntimeException: UNAVAILABLE: io exception
	at java.util.concurrent.FutureTask.report(FutureTask.java:122)
	at java.util.concurrent.FutureTask.get(FutureTask.java:192)
	at org.apache.ratis.server.impl.LeaderElection.waitForResults(LeaderElection.java:259)
	at org.apache.ratis.server.impl.LeaderElection.askForVotes(LeaderElection.java:197)
	at org.apache.ratis.server.impl.LeaderElection.run(LeaderElection.java:133)
	at java.lang.Thread.run(Thread.java:748)
Caused by: org.apache.ratis.thirdparty.io.grpc.StatusRuntimeException: UNAVAILABLE: io exception
	at org.apache.ratis.thirdparty.io.grpc.stub.ClientCalls.toStatusRuntimeException(ClientCalls.java:233)
	at org.apache.ratis.thirdparty.io.grpc.stub.ClientCalls.getUnchecked(ClientCalls.java:214)
	at org.apache.ratis.thirdparty.io.grpc.stub.ClientCalls.blockingUnaryCall(ClientCalls.java:139)
	at org.apache.ratis.proto.grpc.RaftServerProtocolServiceGrpc$RaftServerProtocolServiceBlockingStub.requestVote(RaftServerProtocolServiceGrpc.java:265)
	at org.apache.ratis.grpc.server.GrpcServerProtocolClient.requestVote(GrpcServerProtocolClient.java:99)
	at org.apache.ratis.grpc.server.GrpcService.requestVote(GrpcService.java:204)
	at org.apache.ratis.server.impl.LeaderElection.lambda$submitRequests$1(LeaderElection.java:234)
	at java.util.concurrent.FutureTask.run(FutureTask.java:266)
	at java.util.concurrent.Executors$RunnableAdapter.call(Executors.java:511)
	at java.util.concurrent.FutureTask.run(FutureTask.java:266)
	at java.util.concurrent.ThreadPoolExecutor.runWorker(ThreadPoolExecutor.java:1149)
	at java.util.concurrent.ThreadPoolExecutor$Worker.run(ThreadPoolExecutor.java:624)
	... 1 more
Caused by: org.apache.ratis.thirdparty.io.netty.channel.AbstractChannel$AnnotatedConnectException: Connection refused: /192.168.164.213:36516
	at sun.nio.ch.SocketChannelImpl.checkConnect(Native Method)
	at sun.nio.ch.SocketChannelImpl.finishConnect(SocketChannelImpl.java:717)
	at org.apache.ratis.thirdparty.io.netty.channel.socket.nio.NioSocketChannel.doFinishConnect(NioSocketChannel.java:327)
	at org.apache.ratis.thirdparty.io.netty.channel.nio.AbstractNioChannel$AbstractNioUnsafe.finishConnect(AbstractNioChannel.java:340)
	at org.apache.ratis.thirdparty.io.netty.channel.nio.NioEventLoop.processSelectedKey(NioEventLoop.java:632)
	at org.apache.ratis.thirdparty.io.netty.channel.nio.NioEventLoop.processSelectedKeysOptimized(NioEventLoop.java:579)
	at org.apache.ratis.thirdparty.io.netty.channel.nio.NioEventLoop.processSelectedKeys(NioEventLoop.java:496)
	at org.apache.ratis.thirdparty.io.netty.channel.nio.NioEventLoop.run(NioEventLoop.java:458)
	at org.apache.ratis.thirdparty.io.netty.util.concurrent.SingleThreadEventExecutor$5.run(SingleThreadEventExecutor.java:897)
	at org.apache.ratis.thirdparty.io.netty.util.concurrent.FastThreadLocalRunnable.run(FastThreadLocalRunnable.java:30)
	... 1 more
Caused by: java.net.ConnectException: Connection refused
	... 11 more
2019-10-24 15:44:24,689 [a667faea-0fef-4f07-8d37-e0d8f63f2a62@group-56059261E3EC-LeaderElection288] INFO  impl.LeaderElection (LeaderElection.java:logAndReturn(56)) - a667faea-0fef-4f07-8d37-e0d8f63f2a62@group-56059261E3EC-LeaderElection288: Election REJECTED; received 0 response(s) [] and 2 exception(s); a667faea-0fef-4f07-8d37-e0d8f63f2a62@group-56059261E3EC:t10, leader=null, voted=a667faea-0fef-4f07-8d37-e0d8f63f2a62, raftlog=a667faea-0fef-4f07-8d37-e0d8f63f2a62@group-56059261E3EC-SegmentedRaftLog:OPENED:c16,f16,i16, conf=0: [3a65ecdf-e32f-4548-a2e5-44ab823c11b3:192.168.164.213:44036, a667faea-0fef-4f07-8d37-e0d8f63f2a62:192.168.164.213:36278, 2f81ded6-48e6-408d-9409-3cd44f70bee8:192.168.164.213:36516], old=null
2019-10-24 15:44:24,689 [a667faea-0fef-4f07-8d37-e0d8f63f2a62@group-56059261E3EC-LeaderElection288] INFO  impl.LeaderElection (LogUtils.java:infoOrTrace(149)) -   Exception 0: {}
java.util.concurrent.ExecutionException: org.apache.ratis.thirdparty.io.grpc.StatusRuntimeException: UNAVAILABLE: io exception
	at java.util.concurrent.FutureTask.report(FutureTask.java:122)
	at java.util.concurrent.FutureTask.get(FutureTask.java:192)
	at org.apache.ratis.server.impl.LeaderElection.waitForResults(LeaderElection.java:259)
	at org.apache.ratis.server.impl.LeaderElection.askForVotes(LeaderElection.java:197)
	at org.apache.ratis.server.impl.LeaderElection.run(LeaderElection.java:133)
	at java.lang.Thread.run(Thread.java:748)
Caused by: org.apache.ratis.thirdparty.io.grpc.StatusRuntimeException: UNAVAILABLE: io exception
	at org.apache.ratis.thirdparty.io.grpc.stub.ClientCalls.toStatusRuntimeException(ClientCalls.java:233)
	at org.apache.ratis.thirdparty.io.grpc.stub.ClientCalls.getUnchecked(ClientCalls.java:214)
	at org.apache.ratis.thirdparty.io.grpc.stub.ClientCalls.blockingUnaryCall(ClientCalls.java:139)
	at org.apache.ratis.proto.grpc.RaftServerProtocolServiceGrpc$RaftServerProtocolServiceBlockingStub.requestVote(RaftServerProtocolServiceGrpc.java:265)
	at org.apache.ratis.grpc.server.GrpcServerProtocolClient.requestVote(GrpcServerProtocolClient.java:99)
	at org.apache.ratis.grpc.server.GrpcService.requestVote(GrpcService.java:204)
	at org.apache.ratis.server.impl.LeaderElection.lambda$submitRequests$1(LeaderElection.java:234)
	at java.util.concurrent.FutureTask.run(FutureTask.java:266)
	at java.util.concurrent.Executors$RunnableAdapter.call(Executors.java:511)
	at java.util.concurrent.FutureTask.run(FutureTask.java:266)
	at java.util.concurrent.ThreadPoolExecutor.runWorker(ThreadPoolExecutor.java:1149)
	at java.util.concurrent.ThreadPoolExecutor$Worker.run(ThreadPoolExecutor.java:624)
	... 1 more
Caused by: org.apache.ratis.thirdparty.io.netty.channel.AbstractChannel$AnnotatedConnectException: Connection refused: /192.168.164.213:44036
	at sun.nio.ch.SocketChannelImpl.checkConnect(Native Method)
	at sun.nio.ch.SocketChannelImpl.finishConnect(SocketChannelImpl.java:717)
	at org.apache.ratis.thirdparty.io.netty.channel.socket.nio.NioSocketChannel.doFinishConnect(NioSocketChannel.java:327)
	at org.apache.ratis.thirdparty.io.netty.channel.nio.AbstractNioChannel$AbstractNioUnsafe.finishConnect(AbstractNioChannel.java:340)
	at org.apache.ratis.thirdparty.io.netty.channel.nio.NioEventLoop.processSelectedKey(NioEventLoop.java:632)
	at org.apache.ratis.thirdparty.io.netty.channel.nio.NioEventLoop.processSelectedKeysOptimized(NioEventLoop.java:579)
	at org.apache.ratis.thirdparty.io.netty.channel.nio.NioEventLoop.processSelectedKeys(NioEventLoop.java:496)
	at org.apache.ratis.thirdparty.io.netty.channel.nio.NioEventLoop.run(NioEventLoop.java:458)
	at org.apache.ratis.thirdparty.io.netty.util.concurrent.SingleThreadEventExecutor$5.run(SingleThreadEventExecutor.java:897)
	at org.apache.ratis.thirdparty.io.netty.util.concurrent.FastThreadLocalRunnable.run(FastThreadLocalRunnable.java:30)
	... 1 more
Caused by: java.net.ConnectException: Connection refused
	... 11 more
2019-10-24 15:44:24,690 [a667faea-0fef-4f07-8d37-e0d8f63f2a62@group-56059261E3EC-LeaderElection288] INFO  impl.LeaderElection (LogUtils.java:infoOrTrace(149)) -   Exception 1: {}
java.util.concurrent.ExecutionException: org.apache.ratis.thirdparty.io.grpc.StatusRuntimeException: UNAVAILABLE: io exception
	at java.util.concurrent.FutureTask.report(FutureTask.java:122)
	at java.util.concurrent.FutureTask.get(FutureTask.java:192)
	at org.apache.ratis.server.impl.LeaderElection.waitForResults(LeaderElection.java:259)
	at org.apache.ratis.server.impl.LeaderElection.askForVotes(LeaderElection.java:197)
	at org.apache.ratis.server.impl.LeaderElection.run(LeaderElection.java:133)
	at java.lang.Thread.run(Thread.java:748)
Caused by: org.apache.ratis.thirdparty.io.grpc.StatusRuntimeException: UNAVAILABLE: io exception
	at org.apache.ratis.thirdparty.io.grpc.stub.ClientCalls.toStatusRuntimeException(ClientCalls.java:233)
	at org.apache.ratis.thirdparty.io.grpc.stub.ClientCalls.getUnchecked(ClientCalls.java:214)
	at org.apache.ratis.thirdparty.io.grpc.stub.ClientCalls.blockingUnaryCall(ClientCalls.java:139)
	at org.apache.ratis.proto.grpc.RaftServerProtocolServiceGrpc$RaftServerProtocolServiceBlockingStub.requestVote(RaftServerProtocolServiceGrpc.java:265)
	at org.apache.ratis.grpc.server.GrpcServerProtocolClient.requestVote(GrpcServerProtocolClient.java:99)
	at org.apache.ratis.grpc.server.GrpcService.requestVote(GrpcService.java:204)
	at org.apache.ratis.server.impl.LeaderElection.lambda$submitRequests$1(LeaderElection.java:234)
	at java.util.concurrent.FutureTask.run(FutureTask.java:266)
	at java.util.concurrent.Executors$RunnableAdapter.call(Executors.java:511)
	at java.util.concurrent.FutureTask.run(FutureTask.java:266)
	at java.util.concurrent.ThreadPoolExecutor.runWorker(ThreadPoolExecutor.java:1149)
	at java.util.concurrent.ThreadPoolExecutor$Worker.run(ThreadPoolExecutor.java:624)
	... 1 more
Caused by: org.apache.ratis.thirdparty.io.netty.channel.AbstractChannel$AnnotatedConnectException: Connection refused: /192.168.164.213:36516
	at sun.nio.ch.SocketChannelImpl.checkConnect(Native Method)
	at sun.nio.ch.SocketChannelImpl.finishConnect(SocketChannelImpl.java:717)
	at org.apache.ratis.thirdparty.io.netty.channel.socket.nio.NioSocketChannel.doFinishConnect(NioSocketChannel.java:327)
	at org.apache.ratis.thirdparty.io.netty.channel.nio.AbstractNioChannel$AbstractNioUnsafe.finishConnect(AbstractNioChannel.java:340)
	at org.apache.ratis.thirdparty.io.netty.channel.nio.NioEventLoop.processSelectedKey(NioEventLoop.java:632)
	at org.apache.ratis.thirdparty.io.netty.channel.nio.NioEventLoop.processSelectedKeysOptimized(NioEventLoop.java:579)
	at org.apache.ratis.thirdparty.io.netty.channel.nio.NioEventLoop.processSelectedKeys(NioEventLoop.java:496)
	at org.apache.ratis.thirdparty.io.netty.channel.nio.NioEventLoop.run(NioEventLoop.java:458)
	at org.apache.ratis.thirdparty.io.netty.util.concurrent.SingleThreadEventExecutor$5.run(SingleThreadEventExecutor.java:897)
	at org.apache.ratis.thirdparty.io.netty.util.concurrent.FastThreadLocalRunnable.run(FastThreadLocalRunnable.java:30)
	... 1 more
Caused by: java.net.ConnectException: Connection refused
	... 11 more
2019-10-24 15:44:24,690 [a667faea-0fef-4f07-8d37-e0d8f63f2a62@group-56059261E3EC-LeaderElection288] INFO  impl.RaftServerImpl (RaftServerImpl.java:setRole(184)) - a667faea-0fef-4f07-8d37-e0d8f63f2a62@group-56059261E3EC: changes role from CANDIDATE to FOLLOWER at term 10 for DISCOVERED_A_NEW_TERM
2019-10-24 15:44:24,691 [a667faea-0fef-4f07-8d37-e0d8f63f2a62@group-56059261E3EC-LeaderElection288] INFO  impl.RoleInfo (RoleInfo.java:shutdownLeaderElection(134)) - a667faea-0fef-4f07-8d37-e0d8f63f2a62: shutdown LeaderElection
2019-10-24 15:44:24,691 [a667faea-0fef-4f07-8d37-e0d8f63f2a62@group-56059261E3EC-LeaderElection288] INFO  impl.RoleInfo (RoleInfo.java:updateAndGet(143)) - a667faea-0fef-4f07-8d37-e0d8f63f2a62: start FollowerState
2019-10-24 15:44:24,800 [Thread-2314] INFO  impl.FollowerState (FollowerState.java:run(108)) - af280123-6372-4d1f-a5d4-c36229a73203@group-75C85B6D1182-FollowerState: change to CANDIDATE, lastRpcTime:173ms, electionTimeout:173ms
2019-10-24 15:44:24,800 [Thread-2314] INFO  impl.RoleInfo (RoleInfo.java:shutdownFollowerState(121)) - af280123-6372-4d1f-a5d4-c36229a73203: shutdown FollowerState
2019-10-24 15:44:24,800 [Thread-2314] INFO  impl.RaftServerImpl (RaftServerImpl.java:setRole(184)) - af280123-6372-4d1f-a5d4-c36229a73203@group-75C85B6D1182: changes role from  FOLLOWER to CANDIDATE at term 280 for changeToCandidate
2019-10-24 15:44:24,800 [Thread-2314] INFO  impl.RoleInfo (RoleInfo.java:updateAndGet(143)) - af280123-6372-4d1f-a5d4-c36229a73203: start LeaderElection
2019-10-24 15:44:24,814 [af280123-6372-4d1f-a5d4-c36229a73203@group-75C85B6D1182-LeaderElection289] INFO  impl.LeaderElection (LeaderElection.java:askForVotes(178)) - af280123-6372-4d1f-a5d4-c36229a73203@group-75C85B6D1182-LeaderElection289: begin an election at term 281 for -1: [9092f221-0e0d-4970-bb84-cacd95020f21:192.168.164.213:41903, af280123-6372-4d1f-a5d4-c36229a73203:192.168.164.213:35334, b4ae536c-ed18-4717-a75c-ca4b5d6c4001:192.168.164.213:41180], old=null
2019-10-24 15:44:24,816 [af280123-6372-4d1f-a5d4-c36229a73203@group-75C85B6D1182-LeaderElection289] INFO  impl.LeaderElection (LogUtils.java:infoOrTrace(149)) - af280123-6372-4d1f-a5d4-c36229a73203@group-75C85B6D1182-LeaderElection289 got exception when requesting votes: {}
java.util.concurrent.ExecutionException: org.apache.ratis.thirdparty.io.grpc.StatusRuntimeException: UNAVAILABLE: io exception
	at java.util.concurrent.FutureTask.report(FutureTask.java:122)
	at java.util.concurrent.FutureTask.get(FutureTask.java:192)
	at org.apache.ratis.server.impl.LeaderElection.waitForResults(LeaderElection.java:259)
	at org.apache.ratis.server.impl.LeaderElection.askForVotes(LeaderElection.java:197)
	at org.apache.ratis.server.impl.LeaderElection.run(LeaderElection.java:133)
	at java.lang.Thread.run(Thread.java:748)
Caused by: org.apache.ratis.thirdparty.io.grpc.StatusRuntimeException: UNAVAILABLE: io exception
	at org.apache.ratis.thirdparty.io.grpc.stub.ClientCalls.toStatusRuntimeException(ClientCalls.java:233)
	at org.apache.ratis.thirdparty.io.grpc.stub.ClientCalls.getUnchecked(ClientCalls.java:214)
	at org.apache.ratis.thirdparty.io.grpc.stub.ClientCalls.blockingUnaryCall(ClientCalls.java:139)
	at org.apache.ratis.proto.grpc.RaftServerProtocolServiceGrpc$RaftServerProtocolServiceBlockingStub.requestVote(RaftServerProtocolServiceGrpc.java:265)
	at org.apache.ratis.grpc.server.GrpcServerProtocolClient.requestVote(GrpcServerProtocolClient.java:99)
	at org.apache.ratis.grpc.server.GrpcService.requestVote(GrpcService.java:204)
	at org.apache.ratis.server.impl.LeaderElection.lambda$submitRequests$1(LeaderElection.java:234)
	at java.util.concurrent.FutureTask.run(FutureTask.java:266)
	at java.util.concurrent.Executors$RunnableAdapter.call(Executors.java:511)
	at java.util.concurrent.FutureTask.run(FutureTask.java:266)
	at java.util.concurrent.ThreadPoolExecutor.runWorker(ThreadPoolExecutor.java:1149)
	at java.util.concurrent.ThreadPoolExecutor$Worker.run(ThreadPoolExecutor.java:624)
	... 1 more
Caused by: org.apache.ratis.thirdparty.io.netty.channel.AbstractChannel$AnnotatedConnectException: Connection refused: /192.168.164.213:41903
	at sun.nio.ch.SocketChannelImpl.checkConnect(Native Method)
	at sun.nio.ch.SocketChannelImpl.finishConnect(SocketChannelImpl.java:717)
	at org.apache.ratis.thirdparty.io.netty.channel.socket.nio.NioSocketChannel.doFinishConnect(NioSocketChannel.java:327)
	at org.apache.ratis.thirdparty.io.netty.channel.nio.AbstractNioChannel$AbstractNioUnsafe.finishConnect(AbstractNioChannel.java:340)
	at org.apache.ratis.thirdparty.io.netty.channel.nio.NioEventLoop.processSelectedKey(NioEventLoop.java:632)
	at org.apache.ratis.thirdparty.io.netty.channel.nio.NioEventLoop.processSelectedKeysOptimized(NioEventLoop.java:579)
	at org.apache.ratis.thirdparty.io.netty.channel.nio.NioEventLoop.processSelectedKeys(NioEventLoop.java:496)
	at org.apache.ratis.thirdparty.io.netty.channel.nio.NioEventLoop.run(NioEventLoop.java:458)
	at org.apache.ratis.thirdparty.io.netty.util.concurrent.SingleThreadEventExecutor$5.run(SingleThreadEventExecutor.java:897)
	at org.apache.ratis.thirdparty.io.netty.util.concurrent.FastThreadLocalRunnable.run(FastThreadLocalRunnable.java:30)
	... 1 more
Caused by: java.net.ConnectException: Connection refused
	... 11 more
2019-10-24 15:44:24,816 [af280123-6372-4d1f-a5d4-c36229a73203@group-75C85B6D1182-LeaderElection289] INFO  impl.LeaderElection (LogUtils.java:infoOrTrace(149)) - af280123-6372-4d1f-a5d4-c36229a73203@group-75C85B6D1182-LeaderElection289 got exception when requesting votes: {}
java.util.concurrent.ExecutionException: org.apache.ratis.thirdparty.io.grpc.StatusRuntimeException: UNAVAILABLE: io exception
	at java.util.concurrent.FutureTask.report(FutureTask.java:122)
	at java.util.concurrent.FutureTask.get(FutureTask.java:192)
	at org.apache.ratis.server.impl.LeaderElection.waitForResults(LeaderElection.java:259)
	at org.apache.ratis.server.impl.LeaderElection.askForVotes(LeaderElection.java:197)
	at org.apache.ratis.server.impl.LeaderElection.run(LeaderElection.java:133)
	at java.lang.Thread.run(Thread.java:748)
Caused by: org.apache.ratis.thirdparty.io.grpc.StatusRuntimeException: UNAVAILABLE: io exception
	at org.apache.ratis.thirdparty.io.grpc.stub.ClientCalls.toStatusRuntimeException(ClientCalls.java:233)
	at org.apache.ratis.thirdparty.io.grpc.stub.ClientCalls.getUnchecked(ClientCalls.java:214)
	at org.apache.ratis.thirdparty.io.grpc.stub.ClientCalls.blockingUnaryCall(ClientCalls.java:139)
	at org.apache.ratis.proto.grpc.RaftServerProtocolServiceGrpc$RaftServerProtocolServiceBlockingStub.requestVote(RaftServerProtocolServiceGrpc.java:265)
	at org.apache.ratis.grpc.server.GrpcServerProtocolClient.requestVote(GrpcServerProtocolClient.java:99)
	at org.apache.ratis.grpc.server.GrpcService.requestVote(GrpcService.java:204)
	at org.apache.ratis.server.impl.LeaderElection.lambda$submitRequests$1(LeaderElection.java:234)
	at java.util.concurrent.FutureTask.run(FutureTask.java:266)
	at java.util.concurrent.Executors$RunnableAdapter.call(Executors.java:511)
	at java.util.concurrent.FutureTask.run(FutureTask.java:266)
	at java.util.concurrent.ThreadPoolExecutor.runWorker(ThreadPoolExecutor.java:1149)
	at java.util.concurrent.ThreadPoolExecutor$Worker.run(ThreadPoolExecutor.java:624)
	... 1 more
Caused by: org.apache.ratis.thirdparty.io.netty.channel.AbstractChannel$AnnotatedConnectException: Connection refused: /192.168.164.213:41180
	at sun.nio.ch.SocketChannelImpl.checkConnect(Native Method)
	at sun.nio.ch.SocketChannelImpl.finishConnect(SocketChannelImpl.java:717)
	at org.apache.ratis.thirdparty.io.netty.channel.socket.nio.NioSocketChannel.doFinishConnect(NioSocketChannel.java:327)
	at org.apache.ratis.thirdparty.io.netty.channel.nio.AbstractNioChannel$AbstractNioUnsafe.finishConnect(AbstractNioChannel.java:340)
	at org.apache.ratis.thirdparty.io.netty.channel.nio.NioEventLoop.processSelectedKey(NioEventLoop.java:632)
	at org.apache.ratis.thirdparty.io.netty.channel.nio.NioEventLoop.processSelectedKeysOptimized(NioEventLoop.java:579)
	at org.apache.ratis.thirdparty.io.netty.channel.nio.NioEventLoop.processSelectedKeys(NioEventLoop.java:496)
	at org.apache.ratis.thirdparty.io.netty.channel.nio.NioEventLoop.run(NioEventLoop.java:458)
	at org.apache.ratis.thirdparty.io.netty.util.concurrent.SingleThreadEventExecutor$5.run(SingleThreadEventExecutor.java:897)
	at org.apache.ratis.thirdparty.io.netty.util.concurrent.FastThreadLocalRunnable.run(FastThreadLocalRunnable.java:30)
	... 1 more
Caused by: java.net.ConnectException: Connection refused
	... 11 more
2019-10-24 15:44:24,816 [af280123-6372-4d1f-a5d4-c36229a73203@group-75C85B6D1182-LeaderElection289] INFO  impl.LeaderElection (LeaderElection.java:logAndReturn(56)) - af280123-6372-4d1f-a5d4-c36229a73203@group-75C85B6D1182-LeaderElection289: Election REJECTED; received 0 response(s) [] and 2 exception(s); af280123-6372-4d1f-a5d4-c36229a73203@group-75C85B6D1182:t281, leader=null, voted=af280123-6372-4d1f-a5d4-c36229a73203, raftlog=af280123-6372-4d1f-a5d4-c36229a73203@group-75C85B6D1182-SegmentedRaftLog:OPENED:c-1,f-1,i0, conf=-1: [9092f221-0e0d-4970-bb84-cacd95020f21:192.168.164.213:41903, af280123-6372-4d1f-a5d4-c36229a73203:192.168.164.213:35334, b4ae536c-ed18-4717-a75c-ca4b5d6c4001:192.168.164.213:41180], old=null
2019-10-24 15:44:24,816 [af280123-6372-4d1f-a5d4-c36229a73203@group-75C85B6D1182-LeaderElection289] INFO  impl.LeaderElection (LogUtils.java:infoOrTrace(149)) -   Exception 0: {}
java.util.concurrent.ExecutionException: org.apache.ratis.thirdparty.io.grpc.StatusRuntimeException: UNAVAILABLE: io exception
	at java.util.concurrent.FutureTask.report(FutureTask.java:122)
	at java.util.concurrent.FutureTask.get(FutureTask.java:192)
	at org.apache.ratis.server.impl.LeaderElection.waitForResults(LeaderElection.java:259)
	at org.apache.ratis.server.impl.LeaderElection.askForVotes(LeaderElection.java:197)
	at org.apache.ratis.server.impl.LeaderElection.run(LeaderElection.java:133)
	at java.lang.Thread.run(Thread.java:748)
Caused by: org.apache.ratis.thirdparty.io.grpc.StatusRuntimeException: UNAVAILABLE: io exception
	at org.apache.ratis.thirdparty.io.grpc.stub.ClientCalls.toStatusRuntimeException(ClientCalls.java:233)
	at org.apache.ratis.thirdparty.io.grpc.stub.ClientCalls.getUnchecked(ClientCalls.java:214)
	at org.apache.ratis.thirdparty.io.grpc.stub.ClientCalls.blockingUnaryCall(ClientCalls.java:139)
	at org.apache.ratis.proto.grpc.RaftServerProtocolServiceGrpc$RaftServerProtocolServiceBlockingStub.requestVote(RaftServerProtocolServiceGrpc.java:265)
	at org.apache.ratis.grpc.server.GrpcServerProtocolClient.requestVote(GrpcServerProtocolClient.java:99)
	at org.apache.ratis.grpc.server.GrpcService.requestVote(GrpcService.java:204)
	at org.apache.ratis.server.impl.LeaderElection.lambda$submitRequests$1(LeaderElection.java:234)
	at java.util.concurrent.FutureTask.run(FutureTask.java:266)
	at java.util.concurrent.Executors$RunnableAdapter.call(Executors.java:511)
	at java.util.concurrent.FutureTask.run(FutureTask.java:266)
	at java.util.concurrent.ThreadPoolExecutor.runWorker(ThreadPoolExecutor.java:1149)
	at java.util.concurrent.ThreadPoolExecutor$Worker.run(ThreadPoolExecutor.java:624)
	... 1 more
Caused by: org.apache.ratis.thirdparty.io.netty.channel.AbstractChannel$AnnotatedConnectException: Connection refused: /192.168.164.213:41903
	at sun.nio.ch.SocketChannelImpl.checkConnect(Native Method)
	at sun.nio.ch.SocketChannelImpl.finishConnect(SocketChannelImpl.java:717)
	at org.apache.ratis.thirdparty.io.netty.channel.socket.nio.NioSocketChannel.doFinishConnect(NioSocketChannel.java:327)
	at org.apache.ratis.thirdparty.io.netty.channel.nio.AbstractNioChannel$AbstractNioUnsafe.finishConnect(AbstractNioChannel.java:340)
	at org.apache.ratis.thirdparty.io.netty.channel.nio.NioEventLoop.processSelectedKey(NioEventLoop.java:632)
	at org.apache.ratis.thirdparty.io.netty.channel.nio.NioEventLoop.processSelectedKeysOptimized(NioEventLoop.java:579)
	at org.apache.ratis.thirdparty.io.netty.channel.nio.NioEventLoop.processSelectedKeys(NioEventLoop.java:496)
	at org.apache.ratis.thirdparty.io.netty.channel.nio.NioEventLoop.run(NioEventLoop.java:458)
	at org.apache.ratis.thirdparty.io.netty.util.concurrent.SingleThreadEventExecutor$5.run(SingleThreadEventExecutor.java:897)
	at org.apache.ratis.thirdparty.io.netty.util.concurrent.FastThreadLocalRunnable.run(FastThreadLocalRunnable.java:30)
	... 1 more
Caused by: java.net.ConnectException: Connection refused
	... 11 more
2019-10-24 15:44:24,816 [af280123-6372-4d1f-a5d4-c36229a73203@group-75C85B6D1182-LeaderElection289] INFO  impl.LeaderElection (LogUtils.java:infoOrTrace(149)) -   Exception 1: {}
java.util.concurrent.ExecutionException: org.apache.ratis.thirdparty.io.grpc.StatusRuntimeException: UNAVAILABLE: io exception
	at java.util.concurrent.FutureTask.report(FutureTask.java:122)
	at java.util.concurrent.FutureTask.get(FutureTask.java:192)
	at org.apache.ratis.server.impl.LeaderElection.waitForResults(LeaderElection.java:259)
	at org.apache.ratis.server.impl.LeaderElection.askForVotes(LeaderElection.java:197)
	at org.apache.ratis.server.impl.LeaderElection.run(LeaderElection.java:133)
	at java.lang.Thread.run(Thread.java:748)
Caused by: org.apache.ratis.thirdparty.io.grpc.StatusRuntimeException: UNAVAILABLE: io exception
	at org.apache.ratis.thirdparty.io.grpc.stub.ClientCalls.toStatusRuntimeException(ClientCalls.java:233)
	at org.apache.ratis.thirdparty.io.grpc.stub.ClientCalls.getUnchecked(ClientCalls.java:214)
	at org.apache.ratis.thirdparty.io.grpc.stub.ClientCalls.blockingUnaryCall(ClientCalls.java:139)
	at org.apache.ratis.proto.grpc.RaftServerProtocolServiceGrpc$RaftServerProtocolServiceBlockingStub.requestVote(RaftServerProtocolServiceGrpc.java:265)
	at org.apache.ratis.grpc.server.GrpcServerProtocolClient.requestVote(GrpcServerProtocolClient.java:99)
	at org.apache.ratis.grpc.server.GrpcService.requestVote(GrpcService.java:204)
	at org.apache.ratis.server.impl.LeaderElection.lambda$submitRequests$1(LeaderElection.java:234)
	at java.util.concurrent.FutureTask.run(FutureTask.java:266)
	at java.util.concurrent.Executors$RunnableAdapter.call(Executors.java:511)
	at java.util.concurrent.FutureTask.run(FutureTask.java:266)
	at java.util.concurrent.ThreadPoolExecutor.runWorker(ThreadPoolExecutor.java:1149)
	at java.util.concurrent.ThreadPoolExecutor$Worker.run(ThreadPoolExecutor.java:624)
	... 1 more
Caused by: org.apache.ratis.thirdparty.io.netty.channel.AbstractChannel$AnnotatedConnectException: Connection refused: /192.168.164.213:41180
	at sun.nio.ch.SocketChannelImpl.checkConnect(Native Method)
	at sun.nio.ch.SocketChannelImpl.finishConnect(SocketChannelImpl.java:717)
	at org.apache.ratis.thirdparty.io.netty.channel.socket.nio.NioSocketChannel.doFinishConnect(NioSocketChannel.java:327)
	at org.apache.ratis.thirdparty.io.netty.channel.nio.AbstractNioChannel$AbstractNioUnsafe.finishConnect(AbstractNioChannel.java:340)
	at org.apache.ratis.thirdparty.io.netty.channel.nio.NioEventLoop.processSelectedKey(NioEventLoop.java:632)
	at org.apache.ratis.thirdparty.io.netty.channel.nio.NioEventLoop.processSelectedKeysOptimized(NioEventLoop.java:579)
	at org.apache.ratis.thirdparty.io.netty.channel.nio.NioEventLoop.processSelectedKeys(NioEventLoop.java:496)
	at org.apache.ratis.thirdparty.io.netty.channel.nio.NioEventLoop.run(NioEventLoop.java:458)
	at org.apache.ratis.thirdparty.io.netty.util.concurrent.SingleThreadEventExecutor$5.run(SingleThreadEventExecutor.java:897)
	at org.apache.ratis.thirdparty.io.netty.util.concurrent.FastThreadLocalRunnable.run(FastThreadLocalRunnable.java:30)
	... 1 more
Caused by: java.net.ConnectException: Connection refused
	... 11 more
2019-10-24 15:44:24,816 [af280123-6372-4d1f-a5d4-c36229a73203@group-75C85B6D1182-LeaderElection289] INFO  impl.RaftServerImpl (RaftServerImpl.java:setRole(184)) - af280123-6372-4d1f-a5d4-c36229a73203@group-75C85B6D1182: changes role from CANDIDATE to FOLLOWER at term 281 for DISCOVERED_A_NEW_TERM
2019-10-24 15:44:24,817 [af280123-6372-4d1f-a5d4-c36229a73203@group-75C85B6D1182-LeaderElection289] INFO  impl.RoleInfo (RoleInfo.java:shutdownLeaderElection(134)) - af280123-6372-4d1f-a5d4-c36229a73203: shutdown LeaderElection
2019-10-24 15:44:24,817 [af280123-6372-4d1f-a5d4-c36229a73203@group-75C85B6D1182-LeaderElection289] INFO  impl.RoleInfo (RoleInfo.java:updateAndGet(143)) - af280123-6372-4d1f-a5d4-c36229a73203: start FollowerState
2019-10-24 15:44:24,890 [Thread-2322] INFO  impl.FollowerState (FollowerState.java:run(108)) - af280123-6372-4d1f-a5d4-c36229a73203@group-75C85B6D1182-FollowerState: change to CANDIDATE, lastRpcTime:73ms, electionTimeout:73ms
2019-10-24 15:44:24,890 [Thread-2322] INFO  impl.RoleInfo (RoleInfo.java:shutdownFollowerState(121)) - af280123-6372-4d1f-a5d4-c36229a73203: shutdown FollowerState
2019-10-24 15:44:24,890 [Thread-2322] INFO  impl.RaftServerImpl (RaftServerImpl.java:setRole(184)) - af280123-6372-4d1f-a5d4-c36229a73203@group-75C85B6D1182: changes role from  FOLLOWER to CANDIDATE at term 281 for changeToCandidate
2019-10-24 15:44:24,891 [Thread-2322] INFO  impl.RoleInfo (RoleInfo.java:updateAndGet(143)) - af280123-6372-4d1f-a5d4-c36229a73203: start LeaderElection
2019-10-24 15:44:24,916 [af280123-6372-4d1f-a5d4-c36229a73203@group-75C85B6D1182-LeaderElection290] INFO  impl.LeaderElection (LeaderElection.java:askForVotes(178)) - af280123-6372-4d1f-a5d4-c36229a73203@group-75C85B6D1182-LeaderElection290: begin an election at term 282 for -1: [9092f221-0e0d-4970-bb84-cacd95020f21:192.168.164.213:41903, af280123-6372-4d1f-a5d4-c36229a73203:192.168.164.213:35334, b4ae536c-ed18-4717-a75c-ca4b5d6c4001:192.168.164.213:41180], old=null
2019-10-24 15:44:24,917 [af280123-6372-4d1f-a5d4-c36229a73203@group-75C85B6D1182-LeaderElection290] INFO  impl.LeaderElection (LogUtils.java:infoOrTrace(149)) - af280123-6372-4d1f-a5d4-c36229a73203@group-75C85B6D1182-LeaderElection290 got exception when requesting votes: {}
java.util.concurrent.ExecutionException: org.apache.ratis.thirdparty.io.grpc.StatusRuntimeException: UNAVAILABLE: io exception
	at java.util.concurrent.FutureTask.report(FutureTask.java:122)
	at java.util.concurrent.FutureTask.get(FutureTask.java:192)
	at org.apache.ratis.server.impl.LeaderElection.waitForResults(LeaderElection.java:259)
	at org.apache.ratis.server.impl.LeaderElection.askForVotes(LeaderElection.java:197)
	at org.apache.ratis.server.impl.LeaderElection.run(LeaderElection.java:133)
	at java.lang.Thread.run(Thread.java:748)
Caused by: org.apache.ratis.thirdparty.io.grpc.StatusRuntimeException: UNAVAILABLE: io exception
	at org.apache.ratis.thirdparty.io.grpc.stub.ClientCalls.toStatusRuntimeException(ClientCalls.java:233)
	at org.apache.ratis.thirdparty.io.grpc.stub.ClientCalls.getUnchecked(ClientCalls.java:214)
	at org.apache.ratis.thirdparty.io.grpc.stub.ClientCalls.blockingUnaryCall(ClientCalls.java:139)
	at org.apache.ratis.proto.grpc.RaftServerProtocolServiceGrpc$RaftServerProtocolServiceBlockingStub.requestVote(RaftServerProtocolServiceGrpc.java:265)
	at org.apache.ratis.grpc.server.GrpcServerProtocolClient.requestVote(GrpcServerProtocolClient.java:99)
	at org.apache.ratis.grpc.server.GrpcService.requestVote(GrpcService.java:204)
	at org.apache.ratis.server.impl.LeaderElection.lambda$submitRequests$1(LeaderElection.java:234)
	at java.util.concurrent.FutureTask.run(FutureTask.java:266)
	at java.util.concurrent.Executors$RunnableAdapter.call(Executors.java:511)
	at java.util.concurrent.FutureTask.run(FutureTask.java:266)
	at java.util.concurrent.ThreadPoolExecutor.runWorker(ThreadPoolExecutor.java:1149)
	at java.util.concurrent.ThreadPoolExecutor$Worker.run(ThreadPoolExecutor.java:624)
	... 1 more
Caused by: org.apache.ratis.thirdparty.io.netty.channel.AbstractChannel$AnnotatedConnectException: Connection refused: /192.168.164.213:41903
	at sun.nio.ch.SocketChannelImpl.checkConnect(Native Method)
	at sun.nio.ch.SocketChannelImpl.finishConnect(SocketChannelImpl.java:717)
	at org.apache.ratis.thirdparty.io.netty.channel.socket.nio.NioSocketChannel.doFinishConnect(NioSocketChannel.java:327)
	at org.apache.ratis.thirdparty.io.netty.channel.nio.AbstractNioChannel$AbstractNioUnsafe.finishConnect(AbstractNioChannel.java:340)
	at org.apache.ratis.thirdparty.io.netty.channel.nio.NioEventLoop.processSelectedKey(NioEventLoop.java:632)
	at org.apache.ratis.thirdparty.io.netty.channel.nio.NioEventLoop.processSelectedKeysOptimized(NioEventLoop.java:579)
	at org.apache.ratis.thirdparty.io.netty.channel.nio.NioEventLoop.processSelectedKeys(NioEventLoop.java:496)
	at org.apache.ratis.thirdparty.io.netty.channel.nio.NioEventLoop.run(NioEventLoop.java:458)
	at org.apache.ratis.thirdparty.io.netty.util.concurrent.SingleThreadEventExecutor$5.run(SingleThreadEventExecutor.java:897)
	at org.apache.ratis.thirdparty.io.netty.util.concurrent.FastThreadLocalRunnable.run(FastThreadLocalRunnable.java:30)
	... 1 more
Caused by: java.net.ConnectException: Connection refused
	... 11 more
2019-10-24 15:44:24,917 [af280123-6372-4d1f-a5d4-c36229a73203@group-75C85B6D1182-LeaderElection290] INFO  impl.LeaderElection (LogUtils.java:infoOrTrace(149)) - af280123-6372-4d1f-a5d4-c36229a73203@group-75C85B6D1182-LeaderElection290 got exception when requesting votes: {}
java.util.concurrent.ExecutionException: org.apache.ratis.thirdparty.io.grpc.StatusRuntimeException: UNAVAILABLE: io exception
	at java.util.concurrent.FutureTask.report(FutureTask.java:122)
	at java.util.concurrent.FutureTask.get(FutureTask.java:192)
	at org.apache.ratis.server.impl.LeaderElection.waitForResults(LeaderElection.java:259)
	at org.apache.ratis.server.impl.LeaderElection.askForVotes(LeaderElection.java:197)
	at org.apache.ratis.server.impl.LeaderElection.run(LeaderElection.java:133)
	at java.lang.Thread.run(Thread.java:748)
Caused by: org.apache.ratis.thirdparty.io.grpc.StatusRuntimeException: UNAVAILABLE: io exception
	at org.apache.ratis.thirdparty.io.grpc.stub.ClientCalls.toStatusRuntimeException(ClientCalls.java:233)
	at org.apache.ratis.thirdparty.io.grpc.stub.ClientCalls.getUnchecked(ClientCalls.java:214)
	at org.apache.ratis.thirdparty.io.grpc.stub.ClientCalls.blockingUnaryCall(ClientCalls.java:139)
	at org.apache.ratis.proto.grpc.RaftServerProtocolServiceGrpc$RaftServerProtocolServiceBlockingStub.requestVote(RaftServerProtocolServiceGrpc.java:265)
	at org.apache.ratis.grpc.server.GrpcServerProtocolClient.requestVote(GrpcServerProtocolClient.java:99)
	at org.apache.ratis.grpc.server.GrpcService.requestVote(GrpcService.java:204)
	at org.apache.ratis.server.impl.LeaderElection.lambda$submitRequests$1(LeaderElection.java:234)
	at java.util.concurrent.FutureTask.run(FutureTask.java:266)
	at java.util.concurrent.Executors$RunnableAdapter.call(Executors.java:511)
	at java.util.concurrent.FutureTask.run(FutureTask.java:266)
	at java.util.concurrent.ThreadPoolExecutor.runWorker(ThreadPoolExecutor.java:1149)
	at java.util.concurrent.ThreadPoolExecutor$Worker.run(ThreadPoolExecutor.java:624)
	... 1 more
Caused by: org.apache.ratis.thirdparty.io.netty.channel.AbstractChannel$AnnotatedConnectException: Connection refused: /192.168.164.213:41180
	at sun.nio.ch.SocketChannelImpl.checkConnect(Native Method)
	at sun.nio.ch.SocketChannelImpl.finishConnect(SocketChannelImpl.java:717)
	at org.apache.ratis.thirdparty.io.netty.channel.socket.nio.NioSocketChannel.doFinishConnect(NioSocketChannel.java:327)
	at org.apache.ratis.thirdparty.io.netty.channel.nio.AbstractNioChannel$AbstractNioUnsafe.finishConnect(AbstractNioChannel.java:340)
	at org.apache.ratis.thirdparty.io.netty.channel.nio.NioEventLoop.processSelectedKey(NioEventLoop.java:632)
	at org.apache.ratis.thirdparty.io.netty.channel.nio.NioEventLoop.processSelectedKeysOptimized(NioEventLoop.java:579)
	at org.apache.ratis.thirdparty.io.netty.channel.nio.NioEventLoop.processSelectedKeys(NioEventLoop.java:496)
	at org.apache.ratis.thirdparty.io.netty.channel.nio.NioEventLoop.run(NioEventLoop.java:458)
	at org.apache.ratis.thirdparty.io.netty.util.concurrent.SingleThreadEventExecutor$5.run(SingleThreadEventExecutor.java:897)
	at org.apache.ratis.thirdparty.io.netty.util.concurrent.FastThreadLocalRunnable.run(FastThreadLocalRunnable.java:30)
	... 1 more
Caused by: java.net.ConnectException: Connection refused
	... 11 more
2019-10-24 15:44:24,918 [af280123-6372-4d1f-a5d4-c36229a73203@group-75C85B6D1182-LeaderElection290] INFO  impl.LeaderElection (LeaderElection.java:logAndReturn(56)) - af280123-6372-4d1f-a5d4-c36229a73203@group-75C85B6D1182-LeaderElection290: Election REJECTED; received 0 response(s) [] and 2 exception(s); af280123-6372-4d1f-a5d4-c36229a73203@group-75C85B6D1182:t282, leader=null, voted=af280123-6372-4d1f-a5d4-c36229a73203, raftlog=af280123-6372-4d1f-a5d4-c36229a73203@group-75C85B6D1182-SegmentedRaftLog:OPENED:c-1,f-1,i0, conf=-1: [9092f221-0e0d-4970-bb84-cacd95020f21:192.168.164.213:41903, af280123-6372-4d1f-a5d4-c36229a73203:192.168.164.213:35334, b4ae536c-ed18-4717-a75c-ca4b5d6c4001:192.168.164.213:41180], old=null
2019-10-24 15:44:24,918 [af280123-6372-4d1f-a5d4-c36229a73203@group-75C85B6D1182-LeaderElection290] INFO  impl.LeaderElection (LogUtils.java:infoOrTrace(149)) -   Exception 0: {}
java.util.concurrent.ExecutionException: org.apache.ratis.thirdparty.io.grpc.StatusRuntimeException: UNAVAILABLE: io exception
	at java.util.concurrent.FutureTask.report(FutureTask.java:122)
	at java.util.concurrent.FutureTask.get(FutureTask.java:192)
	at org.apache.ratis.server.impl.LeaderElection.waitForResults(LeaderElection.java:259)
	at org.apache.ratis.server.impl.LeaderElection.askForVotes(LeaderElection.java:197)
	at org.apache.ratis.server.impl.LeaderElection.run(LeaderElection.java:133)
	at java.lang.Thread.run(Thread.java:748)
Caused by: org.apache.ratis.thirdparty.io.grpc.StatusRuntimeException: UNAVAILABLE: io exception
	at org.apache.ratis.thirdparty.io.grpc.stub.ClientCalls.toStatusRuntimeException(ClientCalls.java:233)
	at org.apache.ratis.thirdparty.io.grpc.stub.ClientCalls.getUnchecked(ClientCalls.java:214)
	at org.apache.ratis.thirdparty.io.grpc.stub.ClientCalls.blockingUnaryCall(ClientCalls.java:139)
	at org.apache.ratis.proto.grpc.RaftServerProtocolServiceGrpc$RaftServerProtocolServiceBlockingStub.requestVote(RaftServerProtocolServiceGrpc.java:265)
	at org.apache.ratis.grpc.server.GrpcServerProtocolClient.requestVote(GrpcServerProtocolClient.java:99)
	at org.apache.ratis.grpc.server.GrpcService.requestVote(GrpcService.java:204)
	at org.apache.ratis.server.impl.LeaderElection.lambda$submitRequests$1(LeaderElection.java:234)
	at java.util.concurrent.FutureTask.run(FutureTask.java:266)
	at java.util.concurrent.Executors$RunnableAdapter.call(Executors.java:511)
	at java.util.concurrent.FutureTask.run(FutureTask.java:266)
	at java.util.concurrent.ThreadPoolExecutor.runWorker(ThreadPoolExecutor.java:1149)
	at java.util.concurrent.ThreadPoolExecutor$Worker.run(ThreadPoolExecutor.java:624)
	... 1 more
Caused by: org.apache.ratis.thirdparty.io.netty.channel.AbstractChannel$AnnotatedConnectException: Connection refused: /192.168.164.213:41903
	at sun.nio.ch.SocketChannelImpl.checkConnect(Native Method)
	at sun.nio.ch.SocketChannelImpl.finishConnect(SocketChannelImpl.java:717)
	at org.apache.ratis.thirdparty.io.netty.channel.socket.nio.NioSocketChannel.doFinishConnect(NioSocketChannel.java:327)
	at org.apache.ratis.thirdparty.io.netty.channel.nio.AbstractNioChannel$AbstractNioUnsafe.finishConnect(AbstractNioChannel.java:340)
	at org.apache.ratis.thirdparty.io.netty.channel.nio.NioEventLoop.processSelectedKey(NioEventLoop.java:632)
	at org.apache.ratis.thirdparty.io.netty.channel.nio.NioEventLoop.processSelectedKeysOptimized(NioEventLoop.java:579)
	at org.apache.ratis.thirdparty.io.netty.channel.nio.NioEventLoop.processSelectedKeys(NioEventLoop.java:496)
	at org.apache.ratis.thirdparty.io.netty.channel.nio.NioEventLoop.run(NioEventLoop.java:458)
	at org.apache.ratis.thirdparty.io.netty.util.concurrent.SingleThreadEventExecutor$5.run(SingleThreadEventExecutor.java:897)
	at org.apache.ratis.thirdparty.io.netty.util.concurrent.FastThreadLocalRunnable.run(FastThreadLocalRunnable.java:30)
	... 1 more
Caused by: java.net.ConnectException: Connection refused
	... 11 more
2019-10-24 15:44:24,918 [af280123-6372-4d1f-a5d4-c36229a73203@group-75C85B6D1182-LeaderElection290] INFO  impl.LeaderElection (LogUtils.java:infoOrTrace(149)) -   Exception 1: {}
java.util.concurrent.ExecutionException: org.apache.ratis.thirdparty.io.grpc.StatusRuntimeException: UNAVAILABLE: io exception
	at java.util.concurrent.FutureTask.report(FutureTask.java:122)
	at java.util.concurrent.FutureTask.get(FutureTask.java:192)
	at org.apache.ratis.server.impl.LeaderElection.waitForResults(LeaderElection.java:259)
	at org.apache.ratis.server.impl.LeaderElection.askForVotes(LeaderElection.java:197)
	at org.apache.ratis.server.impl.LeaderElection.run(LeaderElection.java:133)
	at java.lang.Thread.run(Thread.java:748)
Caused by: org.apache.ratis.thirdparty.io.grpc.StatusRuntimeException: UNAVAILABLE: io exception
	at org.apache.ratis.thirdparty.io.grpc.stub.ClientCalls.toStatusRuntimeException(ClientCalls.java:233)
	at org.apache.ratis.thirdparty.io.grpc.stub.ClientCalls.getUnchecked(ClientCalls.java:214)
	at org.apache.ratis.thirdparty.io.grpc.stub.ClientCalls.blockingUnaryCall(ClientCalls.java:139)
	at org.apache.ratis.proto.grpc.RaftServerProtocolServiceGrpc$RaftServerProtocolServiceBlockingStub.requestVote(RaftServerProtocolServiceGrpc.java:265)
	at org.apache.ratis.grpc.server.GrpcServerProtocolClient.requestVote(GrpcServerProtocolClient.java:99)
	at org.apache.ratis.grpc.server.GrpcService.requestVote(GrpcService.java:204)
	at org.apache.ratis.server.impl.LeaderElection.lambda$submitRequests$1(LeaderElection.java:234)
	at java.util.concurrent.FutureTask.run(FutureTask.java:266)
	at java.util.concurrent.Executors$RunnableAdapter.call(Executors.java:511)
	at java.util.concurrent.FutureTask.run(FutureTask.java:266)
	at java.util.concurrent.ThreadPoolExecutor.runWorker(ThreadPoolExecutor.java:1149)
	at java.util.concurrent.ThreadPoolExecutor$Worker.run(ThreadPoolExecutor.java:624)
	... 1 more
Caused by: org.apache.ratis.thirdparty.io.netty.channel.AbstractChannel$AnnotatedConnectException: Connection refused: /192.168.164.213:41180
	at sun.nio.ch.SocketChannelImpl.checkConnect(Native Method)
	at sun.nio.ch.SocketChannelImpl.finishConnect(SocketChannelImpl.java:717)
	at org.apache.ratis.thirdparty.io.netty.channel.socket.nio.NioSocketChannel.doFinishConnect(NioSocketChannel.java:327)
	at org.apache.ratis.thirdparty.io.netty.channel.nio.AbstractNioChannel$AbstractNioUnsafe.finishConnect(AbstractNioChannel.java:340)
	at org.apache.ratis.thirdparty.io.netty.channel.nio.NioEventLoop.processSelectedKey(NioEventLoop.java:632)
	at org.apache.ratis.thirdparty.io.netty.channel.nio.NioEventLoop.processSelectedKeysOptimized(NioEventLoop.java:579)
	at org.apache.ratis.thirdparty.io.netty.channel.nio.NioEventLoop.processSelectedKeys(NioEventLoop.java:496)
	at org.apache.ratis.thirdparty.io.netty.channel.nio.NioEventLoop.run(NioEventLoop.java:458)
	at org.apache.ratis.thirdparty.io.netty.util.concurrent.SingleThreadEventExecutor$5.run(SingleThreadEventExecutor.java:897)
	at org.apache.ratis.thirdparty.io.netty.util.concurrent.FastThreadLocalRunnable.run(FastThreadLocalRunnable.java:30)
	... 1 more
Caused by: java.net.ConnectException: Connection refused
	... 11 more
2019-10-24 15:44:24,918 [af280123-6372-4d1f-a5d4-c36229a73203@group-75C85B6D1182-LeaderElection290] INFO  impl.RaftServerImpl (RaftServerImpl.java:setRole(184)) - af280123-6372-4d1f-a5d4-c36229a73203@group-75C85B6D1182: changes role from CANDIDATE to FOLLOWER at term 282 for DISCOVERED_A_NEW_TERM
2019-10-24 15:44:24,918 [af280123-6372-4d1f-a5d4-c36229a73203@group-75C85B6D1182-LeaderElection290] INFO  impl.RoleInfo (RoleInfo.java:shutdownLeaderElection(134)) - af280123-6372-4d1f-a5d4-c36229a73203: shutdown LeaderElection
2019-10-24 15:44:24,918 [af280123-6372-4d1f-a5d4-c36229a73203@group-75C85B6D1182-LeaderElection290] INFO  impl.RoleInfo (RoleInfo.java:updateAndGet(143)) - af280123-6372-4d1f-a5d4-c36229a73203: start FollowerState
2019-10-24 15:44:25,083 [Thread-2326] INFO  impl.FollowerState (FollowerState.java:run(108)) - af280123-6372-4d1f-a5d4-c36229a73203@group-75C85B6D1182-FollowerState: change to CANDIDATE, lastRpcTime:164ms, electionTimeout:164ms
2019-10-24 15:44:25,083 [Thread-2326] INFO  impl.RoleInfo (RoleInfo.java:shutdownFollowerState(121)) - af280123-6372-4d1f-a5d4-c36229a73203: shutdown FollowerState
2019-10-24 15:44:25,083 [Thread-2326] INFO  impl.RaftServerImpl (RaftServerImpl.java:setRole(184)) - af280123-6372-4d1f-a5d4-c36229a73203@group-75C85B6D1182: changes role from  FOLLOWER to CANDIDATE at term 282 for changeToCandidate
2019-10-24 15:44:25,084 [Thread-2326] INFO  impl.RoleInfo (RoleInfo.java:updateAndGet(143)) - af280123-6372-4d1f-a5d4-c36229a73203: start LeaderElection
2019-10-24 15:44:25,098 [af280123-6372-4d1f-a5d4-c36229a73203@group-75C85B6D1182-LeaderElection291] INFO  impl.LeaderElection (LeaderElection.java:askForVotes(178)) - af280123-6372-4d1f-a5d4-c36229a73203@group-75C85B6D1182-LeaderElection291: begin an election at term 283 for -1: [9092f221-0e0d-4970-bb84-cacd95020f21:192.168.164.213:41903, af280123-6372-4d1f-a5d4-c36229a73203:192.168.164.213:35334, b4ae536c-ed18-4717-a75c-ca4b5d6c4001:192.168.164.213:41180], old=null
2019-10-24 15:44:25,100 [af280123-6372-4d1f-a5d4-c36229a73203@group-75C85B6D1182-LeaderElection291] INFO  impl.LeaderElection (LogUtils.java:infoOrTrace(149)) - af280123-6372-4d1f-a5d4-c36229a73203@group-75C85B6D1182-LeaderElection291 got exception when requesting votes: {}
java.util.concurrent.ExecutionException: org.apache.ratis.thirdparty.io.grpc.StatusRuntimeException: UNAVAILABLE: io exception
	at java.util.concurrent.FutureTask.report(FutureTask.java:122)
	at java.util.concurrent.FutureTask.get(FutureTask.java:192)
	at org.apache.ratis.server.impl.LeaderElection.waitForResults(LeaderElection.java:259)
	at org.apache.ratis.server.impl.LeaderElection.askForVotes(LeaderElection.java:197)
	at org.apache.ratis.server.impl.LeaderElection.run(LeaderElection.java:133)
	at java.lang.Thread.run(Thread.java:748)
Caused by: org.apache.ratis.thirdparty.io.grpc.StatusRuntimeException: UNAVAILABLE: io exception
	at org.apache.ratis.thirdparty.io.grpc.stub.ClientCalls.toStatusRuntimeException(ClientCalls.java:233)
	at org.apache.ratis.thirdparty.io.grpc.stub.ClientCalls.getUnchecked(ClientCalls.java:214)
	at org.apache.ratis.thirdparty.io.grpc.stub.ClientCalls.blockingUnaryCall(ClientCalls.java:139)
	at org.apache.ratis.proto.grpc.RaftServerProtocolServiceGrpc$RaftServerProtocolServiceBlockingStub.requestVote(RaftServerProtocolServiceGrpc.java:265)
	at org.apache.ratis.grpc.server.GrpcServerProtocolClient.requestVote(GrpcServerProtocolClient.java:99)
	at org.apache.ratis.grpc.server.GrpcService.requestVote(GrpcService.java:204)
	at org.apache.ratis.server.impl.LeaderElection.lambda$submitRequests$1(LeaderElection.java:234)
	at java.util.concurrent.FutureTask.run(FutureTask.java:266)
	at java.util.concurrent.Executors$RunnableAdapter.call(Executors.java:511)
	at java.util.concurrent.FutureTask.run(FutureTask.java:266)
	at java.util.concurrent.ThreadPoolExecutor.runWorker(ThreadPoolExecutor.java:1149)
	at java.util.concurrent.ThreadPoolExecutor$Worker.run(ThreadPoolExecutor.java:624)
	... 1 more
Caused by: org.apache.ratis.thirdparty.io.netty.channel.AbstractChannel$AnnotatedConnectException: Connection refused: /192.168.164.213:41903
	at sun.nio.ch.SocketChannelImpl.checkConnect(Native Method)
	at sun.nio.ch.SocketChannelImpl.finishConnect(SocketChannelImpl.java:717)
	at org.apache.ratis.thirdparty.io.netty.channel.socket.nio.NioSocketChannel.doFinishConnect(NioSocketChannel.java:327)
	at org.apache.ratis.thirdparty.io.netty.channel.nio.AbstractNioChannel$AbstractNioUnsafe.finishConnect(AbstractNioChannel.java:340)
	at org.apache.ratis.thirdparty.io.netty.channel.nio.NioEventLoop.processSelectedKey(NioEventLoop.java:632)
	at org.apache.ratis.thirdparty.io.netty.channel.nio.NioEventLoop.processSelectedKeysOptimized(NioEventLoop.java:579)
	at org.apache.ratis.thirdparty.io.netty.channel.nio.NioEventLoop.processSelectedKeys(NioEventLoop.java:496)
	at org.apache.ratis.thirdparty.io.netty.channel.nio.NioEventLoop.run(NioEventLoop.java:458)
	at org.apache.ratis.thirdparty.io.netty.util.concurrent.SingleThreadEventExecutor$5.run(SingleThreadEventExecutor.java:897)
	at org.apache.ratis.thirdparty.io.netty.util.concurrent.FastThreadLocalRunnable.run(FastThreadLocalRunnable.java:30)
	... 1 more
Caused by: java.net.ConnectException: Connection refused
	... 11 more
2019-10-24 15:44:25,100 [af280123-6372-4d1f-a5d4-c36229a73203@group-75C85B6D1182-LeaderElection291] INFO  impl.LeaderElection (LogUtils.java:infoOrTrace(149)) - af280123-6372-4d1f-a5d4-c36229a73203@group-75C85B6D1182-LeaderElection291 got exception when requesting votes: {}
java.util.concurrent.ExecutionException: org.apache.ratis.thirdparty.io.grpc.StatusRuntimeException: UNAVAILABLE: io exception
	at java.util.concurrent.FutureTask.report(FutureTask.java:122)
	at java.util.concurrent.FutureTask.get(FutureTask.java:192)
	at org.apache.ratis.server.impl.LeaderElection.waitForResults(LeaderElection.java:259)
	at org.apache.ratis.server.impl.LeaderElection.askForVotes(LeaderElection.java:197)
	at org.apache.ratis.server.impl.LeaderElection.run(LeaderElection.java:133)
	at java.lang.Thread.run(Thread.java:748)
Caused by: org.apache.ratis.thirdparty.io.grpc.StatusRuntimeException: UNAVAILABLE: io exception
	at org.apache.ratis.thirdparty.io.grpc.stub.ClientCalls.toStatusRuntimeException(ClientCalls.java:233)
	at org.apache.ratis.thirdparty.io.grpc.stub.ClientCalls.getUnchecked(ClientCalls.java:214)
	at org.apache.ratis.thirdparty.io.grpc.stub.ClientCalls.blockingUnaryCall(ClientCalls.java:139)
	at org.apache.ratis.proto.grpc.RaftServerProtocolServiceGrpc$RaftServerProtocolServiceBlockingStub.requestVote(RaftServerProtocolServiceGrpc.java:265)
	at org.apache.ratis.grpc.server.GrpcServerProtocolClient.requestVote(GrpcServerProtocolClient.java:99)
	at org.apache.ratis.grpc.server.GrpcService.requestVote(GrpcService.java:204)
	at org.apache.ratis.server.impl.LeaderElection.lambda$submitRequests$1(LeaderElection.java:234)
	at java.util.concurrent.FutureTask.run(FutureTask.java:266)
	at java.util.concurrent.Executors$RunnableAdapter.call(Executors.java:511)
	at java.util.concurrent.FutureTask.run(FutureTask.java:266)
	at java.util.concurrent.ThreadPoolExecutor.runWorker(ThreadPoolExecutor.java:1149)
	at java.util.concurrent.ThreadPoolExecutor$Worker.run(ThreadPoolExecutor.java:624)
	... 1 more
Caused by: org.apache.ratis.thirdparty.io.netty.channel.AbstractChannel$AnnotatedConnectException: Connection refused: /192.168.164.213:41180
	at sun.nio.ch.SocketChannelImpl.checkConnect(Native Method)
	at sun.nio.ch.SocketChannelImpl.finishConnect(SocketChannelImpl.java:717)
	at org.apache.ratis.thirdparty.io.netty.channel.socket.nio.NioSocketChannel.doFinishConnect(NioSocketChannel.java:327)
	at org.apache.ratis.thirdparty.io.netty.channel.nio.AbstractNioChannel$AbstractNioUnsafe.finishConnect(AbstractNioChannel.java:340)
	at org.apache.ratis.thirdparty.io.netty.channel.nio.NioEventLoop.processSelectedKey(NioEventLoop.java:632)
	at org.apache.ratis.thirdparty.io.netty.channel.nio.NioEventLoop.processSelectedKeysOptimized(NioEventLoop.java:579)
	at org.apache.ratis.thirdparty.io.netty.channel.nio.NioEventLoop.processSelectedKeys(NioEventLoop.java:496)
	at org.apache.ratis.thirdparty.io.netty.channel.nio.NioEventLoop.run(NioEventLoop.java:458)
	at org.apache.ratis.thirdparty.io.netty.util.concurrent.SingleThreadEventExecutor$5.run(SingleThreadEventExecutor.java:897)
	at org.apache.ratis.thirdparty.io.netty.util.concurrent.FastThreadLocalRunnable.run(FastThreadLocalRunnable.java:30)
	... 1 more
Caused by: java.net.ConnectException: Connection refused
	... 11 more
2019-10-24 15:44:25,100 [af280123-6372-4d1f-a5d4-c36229a73203@group-75C85B6D1182-LeaderElection291] INFO  impl.LeaderElection (LeaderElection.java:logAndReturn(56)) - af280123-6372-4d1f-a5d4-c36229a73203@group-75C85B6D1182-LeaderElection291: Election REJECTED; received 0 response(s) [] and 2 exception(s); af280123-6372-4d1f-a5d4-c36229a73203@group-75C85B6D1182:t283, leader=null, voted=af280123-6372-4d1f-a5d4-c36229a73203, raftlog=af280123-6372-4d1f-a5d4-c36229a73203@group-75C85B6D1182-SegmentedRaftLog:OPENED:c-1,f-1,i0, conf=-1: [9092f221-0e0d-4970-bb84-cacd95020f21:192.168.164.213:41903, af280123-6372-4d1f-a5d4-c36229a73203:192.168.164.213:35334, b4ae536c-ed18-4717-a75c-ca4b5d6c4001:192.168.164.213:41180], old=null
2019-10-24 15:44:25,100 [af280123-6372-4d1f-a5d4-c36229a73203@group-75C85B6D1182-LeaderElection291] INFO  impl.LeaderElection (LogUtils.java:infoOrTrace(149)) -   Exception 0: {}
java.util.concurrent.ExecutionException: org.apache.ratis.thirdparty.io.grpc.StatusRuntimeException: UNAVAILABLE: io exception
	at java.util.concurrent.FutureTask.report(FutureTask.java:122)
	at java.util.concurrent.FutureTask.get(FutureTask.java:192)
	at org.apache.ratis.server.impl.LeaderElection.waitForResults(LeaderElection.java:259)
	at org.apache.ratis.server.impl.LeaderElection.askForVotes(LeaderElection.java:197)
	at org.apache.ratis.server.impl.LeaderElection.run(LeaderElection.java:133)
	at java.lang.Thread.run(Thread.java:748)
Caused by: org.apache.ratis.thirdparty.io.grpc.StatusRuntimeException: UNAVAILABLE: io exception
	at org.apache.ratis.thirdparty.io.grpc.stub.ClientCalls.toStatusRuntimeException(ClientCalls.java:233)
	at org.apache.ratis.thirdparty.io.grpc.stub.ClientCalls.getUnchecked(ClientCalls.java:214)
	at org.apache.ratis.thirdparty.io.grpc.stub.ClientCalls.blockingUnaryCall(ClientCalls.java:139)
	at org.apache.ratis.proto.grpc.RaftServerProtocolServiceGrpc$RaftServerProtocolServiceBlockingStub.requestVote(RaftServerProtocolServiceGrpc.java:265)
	at org.apache.ratis.grpc.server.GrpcServerProtocolClient.requestVote(GrpcServerProtocolClient.java:99)
	at org.apache.ratis.grpc.server.GrpcService.requestVote(GrpcService.java:204)
	at org.apache.ratis.server.impl.LeaderElection.lambda$submitRequests$1(LeaderElection.java:234)
	at java.util.concurrent.FutureTask.run(FutureTask.java:266)
	at java.util.concurrent.Executors$RunnableAdapter.call(Executors.java:511)
	at java.util.concurrent.FutureTask.run(FutureTask.java:266)
	at java.util.concurrent.ThreadPoolExecutor.runWorker(ThreadPoolExecutor.java:1149)
	at java.util.concurrent.ThreadPoolExecutor$Worker.run(ThreadPoolExecutor.java:624)
	... 1 more
Caused by: org.apache.ratis.thirdparty.io.netty.channel.AbstractChannel$AnnotatedConnectException: Connection refused: /192.168.164.213:41903
	at sun.nio.ch.SocketChannelImpl.checkConnect(Native Method)
	at sun.nio.ch.SocketChannelImpl.finishConnect(SocketChannelImpl.java:717)
	at org.apache.ratis.thirdparty.io.netty.channel.socket.nio.NioSocketChannel.doFinishConnect(NioSocketChannel.java:327)
	at org.apache.ratis.thirdparty.io.netty.channel.nio.AbstractNioChannel$AbstractNioUnsafe.finishConnect(AbstractNioChannel.java:340)
	at org.apache.ratis.thirdparty.io.netty.channel.nio.NioEventLoop.processSelectedKey(NioEventLoop.java:632)
	at org.apache.ratis.thirdparty.io.netty.channel.nio.NioEventLoop.processSelectedKeysOptimized(NioEventLoop.java:579)
	at org.apache.ratis.thirdparty.io.netty.channel.nio.NioEventLoop.processSelectedKeys(NioEventLoop.java:496)
	at org.apache.ratis.thirdparty.io.netty.channel.nio.NioEventLoop.run(NioEventLoop.java:458)
	at org.apache.ratis.thirdparty.io.netty.util.concurrent.SingleThreadEventExecutor$5.run(SingleThreadEventExecutor.java:897)
	at org.apache.ratis.thirdparty.io.netty.util.concurrent.FastThreadLocalRunnable.run(FastThreadLocalRunnable.java:30)
	... 1 more
Caused by: java.net.ConnectException: Connection refused
	... 11 more
2019-10-24 15:44:25,101 [af280123-6372-4d1f-a5d4-c36229a73203@group-75C85B6D1182-LeaderElection291] INFO  impl.LeaderElection (LogUtils.java:infoOrTrace(149)) -   Exception 1: {}
java.util.concurrent.ExecutionException: org.apache.ratis.thirdparty.io.grpc.StatusRuntimeException: UNAVAILABLE: io exception
	at java.util.concurrent.FutureTask.report(FutureTask.java:122)
	at java.util.concurrent.FutureTask.get(FutureTask.java:192)
	at org.apache.ratis.server.impl.LeaderElection.waitForResults(LeaderElection.java:259)
	at org.apache.ratis.server.impl.LeaderElection.askForVotes(LeaderElection.java:197)
	at org.apache.ratis.server.impl.LeaderElection.run(LeaderElection.java:133)
	at java.lang.Thread.run(Thread.java:748)
Caused by: org.apache.ratis.thirdparty.io.grpc.StatusRuntimeException: UNAVAILABLE: io exception
	at org.apache.ratis.thirdparty.io.grpc.stub.ClientCalls.toStatusRuntimeException(ClientCalls.java:233)
	at org.apache.ratis.thirdparty.io.grpc.stub.ClientCalls.getUnchecked(ClientCalls.java:214)
	at org.apache.ratis.thirdparty.io.grpc.stub.ClientCalls.blockingUnaryCall(ClientCalls.java:139)
	at org.apache.ratis.proto.grpc.RaftServerProtocolServiceGrpc$RaftServerProtocolServiceBlockingStub.requestVote(RaftServerProtocolServiceGrpc.java:265)
	at org.apache.ratis.grpc.server.GrpcServerProtocolClient.requestVote(GrpcServerProtocolClient.java:99)
	at org.apache.ratis.grpc.server.GrpcService.requestVote(GrpcService.java:204)
	at org.apache.ratis.server.impl.LeaderElection.lambda$submitRequests$1(LeaderElection.java:234)
	at java.util.concurrent.FutureTask.run(FutureTask.java:266)
	at java.util.concurrent.Executors$RunnableAdapter.call(Executors.java:511)
	at java.util.concurrent.FutureTask.run(FutureTask.java:266)
	at java.util.concurrent.ThreadPoolExecutor.runWorker(ThreadPoolExecutor.java:1149)
	at java.util.concurrent.ThreadPoolExecutor$Worker.run(ThreadPoolExecutor.java:624)
	... 1 more
Caused by: org.apache.ratis.thirdparty.io.netty.channel.AbstractChannel$AnnotatedConnectException: Connection refused: /192.168.164.213:41180
	at sun.nio.ch.SocketChannelImpl.checkConnect(Native Method)
	at sun.nio.ch.SocketChannelImpl.finishConnect(SocketChannelImpl.java:717)
	at org.apache.ratis.thirdparty.io.netty.channel.socket.nio.NioSocketChannel.doFinishConnect(NioSocketChannel.java:327)
	at org.apache.ratis.thirdparty.io.netty.channel.nio.AbstractNioChannel$AbstractNioUnsafe.finishConnect(AbstractNioChannel.java:340)
	at org.apache.ratis.thirdparty.io.netty.channel.nio.NioEventLoop.processSelectedKey(NioEventLoop.java:632)
	at org.apache.ratis.thirdparty.io.netty.channel.nio.NioEventLoop.processSelectedKeysOptimized(NioEventLoop.java:579)
	at org.apache.ratis.thirdparty.io.netty.channel.nio.NioEventLoop.processSelectedKeys(NioEventLoop.java:496)
	at org.apache.ratis.thirdparty.io.netty.channel.nio.NioEventLoop.run(NioEventLoop.java:458)
	at org.apache.ratis.thirdparty.io.netty.util.concurrent.SingleThreadEventExecutor$5.run(SingleThreadEventExecutor.java:897)
	at org.apache.ratis.thirdparty.io.netty.util.concurrent.FastThreadLocalRunnable.run(FastThreadLocalRunnable.java:30)
	... 1 more
Caused by: java.net.ConnectException: Connection refused
	... 11 more
2019-10-24 15:44:25,101 [af280123-6372-4d1f-a5d4-c36229a73203@group-75C85B6D1182-LeaderElection291] INFO  impl.RaftServerImpl (RaftServerImpl.java:setRole(184)) - af280123-6372-4d1f-a5d4-c36229a73203@group-75C85B6D1182: changes role from CANDIDATE to FOLLOWER at term 283 for DISCOVERED_A_NEW_TERM
2019-10-24 15:44:25,101 [af280123-6372-4d1f-a5d4-c36229a73203@group-75C85B6D1182-LeaderElection291] INFO  impl.RoleInfo (RoleInfo.java:shutdownLeaderElection(134)) - af280123-6372-4d1f-a5d4-c36229a73203: shutdown LeaderElection
2019-10-24 15:44:25,101 [af280123-6372-4d1f-a5d4-c36229a73203@group-75C85B6D1182-LeaderElection291] INFO  impl.RoleInfo (RoleInfo.java:updateAndGet(143)) - af280123-6372-4d1f-a5d4-c36229a73203: start FollowerState
2019-10-24 15:44:25,284 [Thread-2330] INFO  impl.FollowerState (FollowerState.java:run(108)) - af280123-6372-4d1f-a5d4-c36229a73203@group-75C85B6D1182-FollowerState: change to CANDIDATE, lastRpcTime:182ms, electionTimeout:182ms
2019-10-24 15:44:25,284 [Thread-2330] INFO  impl.RoleInfo (RoleInfo.java:shutdownFollowerState(121)) - af280123-6372-4d1f-a5d4-c36229a73203: shutdown FollowerState
2019-10-24 15:44:25,284 [Thread-2330] INFO  impl.RaftServerImpl (RaftServerImpl.java:setRole(184)) - af280123-6372-4d1f-a5d4-c36229a73203@group-75C85B6D1182: changes role from  FOLLOWER to CANDIDATE at term 283 for changeToCandidate
2019-10-24 15:44:25,284 [Thread-2330] INFO  impl.RoleInfo (RoleInfo.java:updateAndGet(143)) - af280123-6372-4d1f-a5d4-c36229a73203: start LeaderElection
2019-10-24 15:44:25,298 [af280123-6372-4d1f-a5d4-c36229a73203@group-75C85B6D1182-LeaderElection292] INFO  impl.LeaderElection (LeaderElection.java:askForVotes(178)) - af280123-6372-4d1f-a5d4-c36229a73203@group-75C85B6D1182-LeaderElection292: begin an election at term 284 for -1: [9092f221-0e0d-4970-bb84-cacd95020f21:192.168.164.213:41903, af280123-6372-4d1f-a5d4-c36229a73203:192.168.164.213:35334, b4ae536c-ed18-4717-a75c-ca4b5d6c4001:192.168.164.213:41180], old=null
2019-10-24 15:44:25,299 [af280123-6372-4d1f-a5d4-c36229a73203@group-75C85B6D1182-LeaderElection292] INFO  impl.LeaderElection (LogUtils.java:infoOrTrace(149)) - af280123-6372-4d1f-a5d4-c36229a73203@group-75C85B6D1182-LeaderElection292 got exception when requesting votes: {}
java.util.concurrent.ExecutionException: org.apache.ratis.thirdparty.io.grpc.StatusRuntimeException: UNAVAILABLE: io exception
	at java.util.concurrent.FutureTask.report(FutureTask.java:122)
	at java.util.concurrent.FutureTask.get(FutureTask.java:192)
	at org.apache.ratis.server.impl.LeaderElection.waitForResults(LeaderElection.java:259)
	at org.apache.ratis.server.impl.LeaderElection.askForVotes(LeaderElection.java:197)
	at org.apache.ratis.server.impl.LeaderElection.run(LeaderElection.java:133)
	at java.lang.Thread.run(Thread.java:748)
Caused by: org.apache.ratis.thirdparty.io.grpc.StatusRuntimeException: UNAVAILABLE: io exception
	at org.apache.ratis.thirdparty.io.grpc.stub.ClientCalls.toStatusRuntimeException(ClientCalls.java:233)
	at org.apache.ratis.thirdparty.io.grpc.stub.ClientCalls.getUnchecked(ClientCalls.java:214)
	at org.apache.ratis.thirdparty.io.grpc.stub.ClientCalls.blockingUnaryCall(ClientCalls.java:139)
	at org.apache.ratis.proto.grpc.RaftServerProtocolServiceGrpc$RaftServerProtocolServiceBlockingStub.requestVote(RaftServerProtocolServiceGrpc.java:265)
	at org.apache.ratis.grpc.server.GrpcServerProtocolClient.requestVote(GrpcServerProtocolClient.java:99)
	at org.apache.ratis.grpc.server.GrpcService.requestVote(GrpcService.java:204)
	at org.apache.ratis.server.impl.LeaderElection.lambda$submitRequests$1(LeaderElection.java:234)
	at java.util.concurrent.FutureTask.run(FutureTask.java:266)
	at java.util.concurrent.Executors$RunnableAdapter.call(Executors.java:511)
	at java.util.concurrent.FutureTask.run(FutureTask.java:266)
	at java.util.concurrent.ThreadPoolExecutor.runWorker(ThreadPoolExecutor.java:1149)
	at java.util.concurrent.ThreadPoolExecutor$Worker.run(ThreadPoolExecutor.java:624)
	... 1 more
Caused by: org.apache.ratis.thirdparty.io.netty.channel.AbstractChannel$AnnotatedConnectException: Connection refused: /192.168.164.213:41903
	at sun.nio.ch.SocketChannelImpl.checkConnect(Native Method)
	at sun.nio.ch.SocketChannelImpl.finishConnect(SocketChannelImpl.java:717)
	at org.apache.ratis.thirdparty.io.netty.channel.socket.nio.NioSocketChannel.doFinishConnect(NioSocketChannel.java:327)
	at org.apache.ratis.thirdparty.io.netty.channel.nio.AbstractNioChannel$AbstractNioUnsafe.finishConnect(AbstractNioChannel.java:340)
	at org.apache.ratis.thirdparty.io.netty.channel.nio.NioEventLoop.processSelectedKey(NioEventLoop.java:632)
	at org.apache.ratis.thirdparty.io.netty.channel.nio.NioEventLoop.processSelectedKeysOptimized(NioEventLoop.java:579)
	at org.apache.ratis.thirdparty.io.netty.channel.nio.NioEventLoop.processSelectedKeys(NioEventLoop.java:496)
	at org.apache.ratis.thirdparty.io.netty.channel.nio.NioEventLoop.run(NioEventLoop.java:458)
	at org.apache.ratis.thirdparty.io.netty.util.concurrent.SingleThreadEventExecutor$5.run(SingleThreadEventExecutor.java:897)
	at org.apache.ratis.thirdparty.io.netty.util.concurrent.FastThreadLocalRunnable.run(FastThreadLocalRunnable.java:30)
	... 1 more
Caused by: java.net.ConnectException: Connection refused
	... 11 more
2019-10-24 15:44:25,300 [af280123-6372-4d1f-a5d4-c36229a73203@group-75C85B6D1182-LeaderElection292] INFO  impl.LeaderElection (LogUtils.java:infoOrTrace(149)) - af280123-6372-4d1f-a5d4-c36229a73203@group-75C85B6D1182-LeaderElection292 got exception when requesting votes: {}
java.util.concurrent.ExecutionException: org.apache.ratis.thirdparty.io.grpc.StatusRuntimeException: UNAVAILABLE: io exception
	at java.util.concurrent.FutureTask.report(FutureTask.java:122)
	at java.util.concurrent.FutureTask.get(FutureTask.java:192)
	at org.apache.ratis.server.impl.LeaderElection.waitForResults(LeaderElection.java:259)
	at org.apache.ratis.server.impl.LeaderElection.askForVotes(LeaderElection.java:197)
	at org.apache.ratis.server.impl.LeaderElection.run(LeaderElection.java:133)
	at java.lang.Thread.run(Thread.java:748)
Caused by: org.apache.ratis.thirdparty.io.grpc.StatusRuntimeException: UNAVAILABLE: io exception
	at org.apache.ratis.thirdparty.io.grpc.stub.ClientCalls.toStatusRuntimeException(ClientCalls.java:233)
	at org.apache.ratis.thirdparty.io.grpc.stub.ClientCalls.getUnchecked(ClientCalls.java:214)
	at org.apache.ratis.thirdparty.io.grpc.stub.ClientCalls.blockingUnaryCall(ClientCalls.java:139)
	at org.apache.ratis.proto.grpc.RaftServerProtocolServiceGrpc$RaftServerProtocolServiceBlockingStub.requestVote(RaftServerProtocolServiceGrpc.java:265)
	at org.apache.ratis.grpc.server.GrpcServerProtocolClient.requestVote(GrpcServerProtocolClient.java:99)
	at org.apache.ratis.grpc.server.GrpcService.requestVote(GrpcService.java:204)
	at org.apache.ratis.server.impl.LeaderElection.lambda$submitRequests$1(LeaderElection.java:234)
	at java.util.concurrent.FutureTask.run(FutureTask.java:266)
	at java.util.concurrent.Executors$RunnableAdapter.call(Executors.java:511)
	at java.util.concurrent.FutureTask.run(FutureTask.java:266)
	at java.util.concurrent.ThreadPoolExecutor.runWorker(ThreadPoolExecutor.java:1149)
	at java.util.concurrent.ThreadPoolExecutor$Worker.run(ThreadPoolExecutor.java:624)
	... 1 more
Caused by: org.apache.ratis.thirdparty.io.netty.channel.AbstractChannel$AnnotatedConnectException: Connection refused: /192.168.164.213:41180
	at sun.nio.ch.SocketChannelImpl.checkConnect(Native Method)
	at sun.nio.ch.SocketChannelImpl.finishConnect(SocketChannelImpl.java:717)
	at org.apache.ratis.thirdparty.io.netty.channel.socket.nio.NioSocketChannel.doFinishConnect(NioSocketChannel.java:327)
	at org.apache.ratis.thirdparty.io.netty.channel.nio.AbstractNioChannel$AbstractNioUnsafe.finishConnect(AbstractNioChannel.java:340)
	at org.apache.ratis.thirdparty.io.netty.channel.nio.NioEventLoop.processSelectedKey(NioEventLoop.java:632)
	at org.apache.ratis.thirdparty.io.netty.channel.nio.NioEventLoop.processSelectedKeysOptimized(NioEventLoop.java:579)
	at org.apache.ratis.thirdparty.io.netty.channel.nio.NioEventLoop.processSelectedKeys(NioEventLoop.java:496)
	at org.apache.ratis.thirdparty.io.netty.channel.nio.NioEventLoop.run(NioEventLoop.java:458)
	at org.apache.ratis.thirdparty.io.netty.util.concurrent.SingleThreadEventExecutor$5.run(SingleThreadEventExecutor.java:897)
	at org.apache.ratis.thirdparty.io.netty.util.concurrent.FastThreadLocalRunnable.run(FastThreadLocalRunnable.java:30)
	... 1 more
Caused by: java.net.ConnectException: Connection refused
	... 11 more
2019-10-24 15:44:25,300 [af280123-6372-4d1f-a5d4-c36229a73203@group-75C85B6D1182-LeaderElection292] INFO  impl.LeaderElection (LeaderElection.java:logAndReturn(56)) - af280123-6372-4d1f-a5d4-c36229a73203@group-75C85B6D1182-LeaderElection292: Election REJECTED; received 0 response(s) [] and 2 exception(s); af280123-6372-4d1f-a5d4-c36229a73203@group-75C85B6D1182:t284, leader=null, voted=af280123-6372-4d1f-a5d4-c36229a73203, raftlog=af280123-6372-4d1f-a5d4-c36229a73203@group-75C85B6D1182-SegmentedRaftLog:OPENED:c-1,f-1,i0, conf=-1: [9092f221-0e0d-4970-bb84-cacd95020f21:192.168.164.213:41903, af280123-6372-4d1f-a5d4-c36229a73203:192.168.164.213:35334, b4ae536c-ed18-4717-a75c-ca4b5d6c4001:192.168.164.213:41180], old=null
2019-10-24 15:44:25,300 [af280123-6372-4d1f-a5d4-c36229a73203@group-75C85B6D1182-LeaderElection292] INFO  impl.LeaderElection (LogUtils.java:infoOrTrace(149)) -   Exception 0: {}
java.util.concurrent.ExecutionException: org.apache.ratis.thirdparty.io.grpc.StatusRuntimeException: UNAVAILABLE: io exception
	at java.util.concurrent.FutureTask.report(FutureTask.java:122)
	at java.util.concurrent.FutureTask.get(FutureTask.java:192)
	at org.apache.ratis.server.impl.LeaderElection.waitForResults(LeaderElection.java:259)
	at org.apache.ratis.server.impl.LeaderElection.askForVotes(LeaderElection.java:197)
	at org.apache.ratis.server.impl.LeaderElection.run(LeaderElection.java:133)
	at java.lang.Thread.run(Thread.java:748)
Caused by: org.apache.ratis.thirdparty.io.grpc.StatusRuntimeException: UNAVAILABLE: io exception
	at org.apache.ratis.thirdparty.io.grpc.stub.ClientCalls.toStatusRuntimeException(ClientCalls.java:233)
	at org.apache.ratis.thirdparty.io.grpc.stub.ClientCalls.getUnchecked(ClientCalls.java:214)
	at org.apache.ratis.thirdparty.io.grpc.stub.ClientCalls.blockingUnaryCall(ClientCalls.java:139)
	at org.apache.ratis.proto.grpc.RaftServerProtocolServiceGrpc$RaftServerProtocolServiceBlockingStub.requestVote(RaftServerProtocolServiceGrpc.java:265)
	at org.apache.ratis.grpc.server.GrpcServerProtocolClient.requestVote(GrpcServerProtocolClient.java:99)
	at org.apache.ratis.grpc.server.GrpcService.requestVote(GrpcService.java:204)
	at org.apache.ratis.server.impl.LeaderElection.lambda$submitRequests$1(LeaderElection.java:234)
	at java.util.concurrent.FutureTask.run(FutureTask.java:266)
	at java.util.concurrent.Executors$RunnableAdapter.call(Executors.java:511)
	at java.util.concurrent.FutureTask.run(FutureTask.java:266)
	at java.util.concurrent.ThreadPoolExecutor.runWorker(ThreadPoolExecutor.java:1149)
	at java.util.concurrent.ThreadPoolExecutor$Worker.run(ThreadPoolExecutor.java:624)
	... 1 more
Caused by: org.apache.ratis.thirdparty.io.netty.channel.AbstractChannel$AnnotatedConnectException: Connection refused: /192.168.164.213:41903
	at sun.nio.ch.SocketChannelImpl.checkConnect(Native Method)
	at sun.nio.ch.SocketChannelImpl.finishConnect(SocketChannelImpl.java:717)
	at org.apache.ratis.thirdparty.io.netty.channel.socket.nio.NioSocketChannel.doFinishConnect(NioSocketChannel.java:327)
	at org.apache.ratis.thirdparty.io.netty.channel.nio.AbstractNioChannel$AbstractNioUnsafe.finishConnect(AbstractNioChannel.java:340)
	at org.apache.ratis.thirdparty.io.netty.channel.nio.NioEventLoop.processSelectedKey(NioEventLoop.java:632)
	at org.apache.ratis.thirdparty.io.netty.channel.nio.NioEventLoop.processSelectedKeysOptimized(NioEventLoop.java:579)
	at org.apache.ratis.thirdparty.io.netty.channel.nio.NioEventLoop.processSelectedKeys(NioEventLoop.java:496)
	at org.apache.ratis.thirdparty.io.netty.channel.nio.NioEventLoop.run(NioEventLoop.java:458)
	at org.apache.ratis.thirdparty.io.netty.util.concurrent.SingleThreadEventExecutor$5.run(SingleThreadEventExecutor.java:897)
	at org.apache.ratis.thirdparty.io.netty.util.concurrent.FastThreadLocalRunnable.run(FastThreadLocalRunnable.java:30)
	... 1 more
Caused by: java.net.ConnectException: Connection refused
	... 11 more
2019-10-24 15:44:25,301 [af280123-6372-4d1f-a5d4-c36229a73203@group-75C85B6D1182-LeaderElection292] INFO  impl.LeaderElection (LogUtils.java:infoOrTrace(149)) -   Exception 1: {}
java.util.concurrent.ExecutionException: org.apache.ratis.thirdparty.io.grpc.StatusRuntimeException: UNAVAILABLE: io exception
	at java.util.concurrent.FutureTask.report(FutureTask.java:122)
	at java.util.concurrent.FutureTask.get(FutureTask.java:192)
	at org.apache.ratis.server.impl.LeaderElection.waitForResults(LeaderElection.java:259)
	at org.apache.ratis.server.impl.LeaderElection.askForVotes(LeaderElection.java:197)
	at org.apache.ratis.server.impl.LeaderElection.run(LeaderElection.java:133)
	at java.lang.Thread.run(Thread.java:748)
Caused by: org.apache.ratis.thirdparty.io.grpc.StatusRuntimeException: UNAVAILABLE: io exception
	at org.apache.ratis.thirdparty.io.grpc.stub.ClientCalls.toStatusRuntimeException(ClientCalls.java:233)
	at org.apache.ratis.thirdparty.io.grpc.stub.ClientCalls.getUnchecked(ClientCalls.java:214)
	at org.apache.ratis.thirdparty.io.grpc.stub.ClientCalls.blockingUnaryCall(ClientCalls.java:139)
	at org.apache.ratis.proto.grpc.RaftServerProtocolServiceGrpc$RaftServerProtocolServiceBlockingStub.requestVote(RaftServerProtocolServiceGrpc.java:265)
	at org.apache.ratis.grpc.server.GrpcServerProtocolClient.requestVote(GrpcServerProtocolClient.java:99)
	at org.apache.ratis.grpc.server.GrpcService.requestVote(GrpcService.java:204)
	at org.apache.ratis.server.impl.LeaderElection.lambda$submitRequests$1(LeaderElection.java:234)
	at java.util.concurrent.FutureTask.run(FutureTask.java:266)
	at java.util.concurrent.Executors$RunnableAdapter.call(Executors.java:511)
	at java.util.concurrent.FutureTask.run(FutureTask.java:266)
	at java.util.concurrent.ThreadPoolExecutor.runWorker(ThreadPoolExecutor.java:1149)
	at java.util.concurrent.ThreadPoolExecutor$Worker.run(ThreadPoolExecutor.java:624)
	... 1 more
Caused by: org.apache.ratis.thirdparty.io.netty.channel.AbstractChannel$AnnotatedConnectException: Connection refused: /192.168.164.213:41180
	at sun.nio.ch.SocketChannelImpl.checkConnect(Native Method)
	at sun.nio.ch.SocketChannelImpl.finishConnect(SocketChannelImpl.java:717)
	at org.apache.ratis.thirdparty.io.netty.channel.socket.nio.NioSocketChannel.doFinishConnect(NioSocketChannel.java:327)
	at org.apache.ratis.thirdparty.io.netty.channel.nio.AbstractNioChannel$AbstractNioUnsafe.finishConnect(AbstractNioChannel.java:340)
	at org.apache.ratis.thirdparty.io.netty.channel.nio.NioEventLoop.processSelectedKey(NioEventLoop.java:632)
	at org.apache.ratis.thirdparty.io.netty.channel.nio.NioEventLoop.processSelectedKeysOptimized(NioEventLoop.java:579)
	at org.apache.ratis.thirdparty.io.netty.channel.nio.NioEventLoop.processSelectedKeys(NioEventLoop.java:496)
	at org.apache.ratis.thirdparty.io.netty.channel.nio.NioEventLoop.run(NioEventLoop.java:458)
	at org.apache.ratis.thirdparty.io.netty.util.concurrent.SingleThreadEventExecutor$5.run(SingleThreadEventExecutor.java:897)
	at org.apache.ratis.thirdparty.io.netty.util.concurrent.FastThreadLocalRunnable.run(FastThreadLocalRunnable.java:30)
	... 1 more
Caused by: java.net.ConnectException: Connection refused
	... 11 more
2019-10-24 15:44:25,302 [af280123-6372-4d1f-a5d4-c36229a73203@group-75C85B6D1182-LeaderElection292] INFO  impl.RaftServerImpl (RaftServerImpl.java:setRole(184)) - af280123-6372-4d1f-a5d4-c36229a73203@group-75C85B6D1182: changes role from CANDIDATE to FOLLOWER at term 284 for DISCOVERED_A_NEW_TERM
2019-10-24 15:44:25,302 [af280123-6372-4d1f-a5d4-c36229a73203@group-75C85B6D1182-LeaderElection292] INFO  impl.RoleInfo (RoleInfo.java:shutdownLeaderElection(134)) - af280123-6372-4d1f-a5d4-c36229a73203: shutdown LeaderElection
2019-10-24 15:44:25,302 [af280123-6372-4d1f-a5d4-c36229a73203@group-75C85B6D1182-LeaderElection292] INFO  impl.RoleInfo (RoleInfo.java:updateAndGet(143)) - af280123-6372-4d1f-a5d4-c36229a73203: start FollowerState
2019-10-24 15:44:25,368 [Thread-2334] INFO  impl.FollowerState (FollowerState.java:run(108)) - af280123-6372-4d1f-a5d4-c36229a73203@group-75C85B6D1182-FollowerState: change to CANDIDATE, lastRpcTime:65ms, electionTimeout:65ms
2019-10-24 15:44:25,368 [Thread-2334] INFO  impl.RoleInfo (RoleInfo.java:shutdownFollowerState(121)) - af280123-6372-4d1f-a5d4-c36229a73203: shutdown FollowerState
2019-10-24 15:44:25,368 [Thread-2334] INFO  impl.RaftServerImpl (RaftServerImpl.java:setRole(184)) - af280123-6372-4d1f-a5d4-c36229a73203@group-75C85B6D1182: changes role from  FOLLOWER to CANDIDATE at term 284 for changeToCandidate
2019-10-24 15:44:25,368 [Thread-2334] INFO  impl.RoleInfo (RoleInfo.java:updateAndGet(143)) - af280123-6372-4d1f-a5d4-c36229a73203: start LeaderElection
2019-10-24 15:44:25,381 [af280123-6372-4d1f-a5d4-c36229a73203@group-75C85B6D1182-LeaderElection293] INFO  impl.LeaderElection (LeaderElection.java:askForVotes(178)) - af280123-6372-4d1f-a5d4-c36229a73203@group-75C85B6D1182-LeaderElection293: begin an election at term 285 for -1: [9092f221-0e0d-4970-bb84-cacd95020f21:192.168.164.213:41903, af280123-6372-4d1f-a5d4-c36229a73203:192.168.164.213:35334, b4ae536c-ed18-4717-a75c-ca4b5d6c4001:192.168.164.213:41180], old=null
2019-10-24 15:44:25,382 [af280123-6372-4d1f-a5d4-c36229a73203@group-75C85B6D1182-LeaderElection293] INFO  impl.LeaderElection (LogUtils.java:infoOrTrace(149)) - af280123-6372-4d1f-a5d4-c36229a73203@group-75C85B6D1182-LeaderElection293 got exception when requesting votes: {}
java.util.concurrent.ExecutionException: org.apache.ratis.thirdparty.io.grpc.StatusRuntimeException: UNAVAILABLE: io exception
	at java.util.concurrent.FutureTask.report(FutureTask.java:122)
	at java.util.concurrent.FutureTask.get(FutureTask.java:192)
	at org.apache.ratis.server.impl.LeaderElection.waitForResults(LeaderElection.java:259)
	at org.apache.ratis.server.impl.LeaderElection.askForVotes(LeaderElection.java:197)
	at org.apache.ratis.server.impl.LeaderElection.run(LeaderElection.java:133)
	at java.lang.Thread.run(Thread.java:748)
Caused by: org.apache.ratis.thirdparty.io.grpc.StatusRuntimeException: UNAVAILABLE: io exception
	at org.apache.ratis.thirdparty.io.grpc.stub.ClientCalls.toStatusRuntimeException(ClientCalls.java:233)
	at org.apache.ratis.thirdparty.io.grpc.stub.ClientCalls.getUnchecked(ClientCalls.java:214)
	at org.apache.ratis.thirdparty.io.grpc.stub.ClientCalls.blockingUnaryCall(ClientCalls.java:139)
	at org.apache.ratis.proto.grpc.RaftServerProtocolServiceGrpc$RaftServerProtocolServiceBlockingStub.requestVote(RaftServerProtocolServiceGrpc.java:265)
	at org.apache.ratis.grpc.server.GrpcServerProtocolClient.requestVote(GrpcServerProtocolClient.java:99)
	at org.apache.ratis.grpc.server.GrpcService.requestVote(GrpcService.java:204)
	at org.apache.ratis.server.impl.LeaderElection.lambda$submitRequests$1(LeaderElection.java:234)
	at java.util.concurrent.FutureTask.run(FutureTask.java:266)
	at java.util.concurrent.Executors$RunnableAdapter.call(Executors.java:511)
	at java.util.concurrent.FutureTask.run(FutureTask.java:266)
	at java.util.concurrent.ThreadPoolExecutor.runWorker(ThreadPoolExecutor.java:1149)
	at java.util.concurrent.ThreadPoolExecutor$Worker.run(ThreadPoolExecutor.java:624)
	... 1 more
Caused by: org.apache.ratis.thirdparty.io.netty.channel.AbstractChannel$AnnotatedConnectException: Connection refused: /192.168.164.213:41903
	at sun.nio.ch.SocketChannelImpl.checkConnect(Native Method)
	at sun.nio.ch.SocketChannelImpl.finishConnect(SocketChannelImpl.java:717)
	at org.apache.ratis.thirdparty.io.netty.channel.socket.nio.NioSocketChannel.doFinishConnect(NioSocketChannel.java:327)
	at org.apache.ratis.thirdparty.io.netty.channel.nio.AbstractNioChannel$AbstractNioUnsafe.finishConnect(AbstractNioChannel.java:340)
	at org.apache.ratis.thirdparty.io.netty.channel.nio.NioEventLoop.processSelectedKey(NioEventLoop.java:632)
	at org.apache.ratis.thirdparty.io.netty.channel.nio.NioEventLoop.processSelectedKeysOptimized(NioEventLoop.java:579)
	at org.apache.ratis.thirdparty.io.netty.channel.nio.NioEventLoop.processSelectedKeys(NioEventLoop.java:496)
	at org.apache.ratis.thirdparty.io.netty.channel.nio.NioEventLoop.run(NioEventLoop.java:458)
	at org.apache.ratis.thirdparty.io.netty.util.concurrent.SingleThreadEventExecutor$5.run(SingleThreadEventExecutor.java:897)
	at org.apache.ratis.thirdparty.io.netty.util.concurrent.FastThreadLocalRunnable.run(FastThreadLocalRunnable.java:30)
	... 1 more
Caused by: java.net.ConnectException: Connection refused
	... 11 more
2019-10-24 15:44:25,382 [af280123-6372-4d1f-a5d4-c36229a73203@group-75C85B6D1182-LeaderElection293] INFO  impl.LeaderElection (LogUtils.java:infoOrTrace(149)) - af280123-6372-4d1f-a5d4-c36229a73203@group-75C85B6D1182-LeaderElection293 got exception when requesting votes: {}
java.util.concurrent.ExecutionException: org.apache.ratis.thirdparty.io.grpc.StatusRuntimeException: UNAVAILABLE: io exception
	at java.util.concurrent.FutureTask.report(FutureTask.java:122)
	at java.util.concurrent.FutureTask.get(FutureTask.java:192)
	at org.apache.ratis.server.impl.LeaderElection.waitForResults(LeaderElection.java:259)
	at org.apache.ratis.server.impl.LeaderElection.askForVotes(LeaderElection.java:197)
	at org.apache.ratis.server.impl.LeaderElection.run(LeaderElection.java:133)
	at java.lang.Thread.run(Thread.java:748)
Caused by: org.apache.ratis.thirdparty.io.grpc.StatusRuntimeException: UNAVAILABLE: io exception
	at org.apache.ratis.thirdparty.io.grpc.stub.ClientCalls.toStatusRuntimeException(ClientCalls.java:233)
	at org.apache.ratis.thirdparty.io.grpc.stub.ClientCalls.getUnchecked(ClientCalls.java:214)
	at org.apache.ratis.thirdparty.io.grpc.stub.ClientCalls.blockingUnaryCall(ClientCalls.java:139)
	at org.apache.ratis.proto.grpc.RaftServerProtocolServiceGrpc$RaftServerProtocolServiceBlockingStub.requestVote(RaftServerProtocolServiceGrpc.java:265)
	at org.apache.ratis.grpc.server.GrpcServerProtocolClient.requestVote(GrpcServerProtocolClient.java:99)
	at org.apache.ratis.grpc.server.GrpcService.requestVote(GrpcService.java:204)
	at org.apache.ratis.server.impl.LeaderElection.lambda$submitRequests$1(LeaderElection.java:234)
	at java.util.concurrent.FutureTask.run(FutureTask.java:266)
	at java.util.concurrent.Executors$RunnableAdapter.call(Executors.java:511)
	at java.util.concurrent.FutureTask.run(FutureTask.java:266)
	at java.util.concurrent.ThreadPoolExecutor.runWorker(ThreadPoolExecutor.java:1149)
	at java.util.concurrent.ThreadPoolExecutor$Worker.run(ThreadPoolExecutor.java:624)
	... 1 more
Caused by: org.apache.ratis.thirdparty.io.netty.channel.AbstractChannel$AnnotatedConnectException: Connection refused: /192.168.164.213:41180
	at sun.nio.ch.SocketChannelImpl.checkConnect(Native Method)
	at sun.nio.ch.SocketChannelImpl.finishConnect(SocketChannelImpl.java:717)
	at org.apache.ratis.thirdparty.io.netty.channel.socket.nio.NioSocketChannel.doFinishConnect(NioSocketChannel.java:327)
	at org.apache.ratis.thirdparty.io.netty.channel.nio.AbstractNioChannel$AbstractNioUnsafe.finishConnect(AbstractNioChannel.java:340)
	at org.apache.ratis.thirdparty.io.netty.channel.nio.NioEventLoop.processSelectedKey(NioEventLoop.java:632)
	at org.apache.ratis.thirdparty.io.netty.channel.nio.NioEventLoop.processSelectedKeysOptimized(NioEventLoop.java:579)
	at org.apache.ratis.thirdparty.io.netty.channel.nio.NioEventLoop.processSelectedKeys(NioEventLoop.java:496)
	at org.apache.ratis.thirdparty.io.netty.channel.nio.NioEventLoop.run(NioEventLoop.java:458)
	at org.apache.ratis.thirdparty.io.netty.util.concurrent.SingleThreadEventExecutor$5.run(SingleThreadEventExecutor.java:897)
	at org.apache.ratis.thirdparty.io.netty.util.concurrent.FastThreadLocalRunnable.run(FastThreadLocalRunnable.java:30)
	... 1 more
Caused by: java.net.ConnectException: Connection refused
	... 11 more
2019-10-24 15:44:25,383 [af280123-6372-4d1f-a5d4-c36229a73203@group-75C85B6D1182-LeaderElection293] INFO  impl.LeaderElection (LeaderElection.java:logAndReturn(56)) - af280123-6372-4d1f-a5d4-c36229a73203@group-75C85B6D1182-LeaderElection293: Election REJECTED; received 0 response(s) [] and 2 exception(s); af280123-6372-4d1f-a5d4-c36229a73203@group-75C85B6D1182:t285, leader=null, voted=af280123-6372-4d1f-a5d4-c36229a73203, raftlog=af280123-6372-4d1f-a5d4-c36229a73203@group-75C85B6D1182-SegmentedRaftLog:OPENED:c-1,f-1,i0, conf=-1: [9092f221-0e0d-4970-bb84-cacd95020f21:192.168.164.213:41903, af280123-6372-4d1f-a5d4-c36229a73203:192.168.164.213:35334, b4ae536c-ed18-4717-a75c-ca4b5d6c4001:192.168.164.213:41180], old=null
2019-10-24 15:44:25,383 [af280123-6372-4d1f-a5d4-c36229a73203@group-75C85B6D1182-LeaderElection293] INFO  impl.LeaderElection (LogUtils.java:infoOrTrace(149)) -   Exception 0: {}
java.util.concurrent.ExecutionException: org.apache.ratis.thirdparty.io.grpc.StatusRuntimeException: UNAVAILABLE: io exception
	at java.util.concurrent.FutureTask.report(FutureTask.java:122)
	at java.util.concurrent.FutureTask.get(FutureTask.java:192)
	at org.apache.ratis.server.impl.LeaderElection.waitForResults(LeaderElection.java:259)
	at org.apache.ratis.server.impl.LeaderElection.askForVotes(LeaderElection.java:197)
	at org.apache.ratis.server.impl.LeaderElection.run(LeaderElection.java:133)
	at java.lang.Thread.run(Thread.java:748)
Caused by: org.apache.ratis.thirdparty.io.grpc.StatusRuntimeException: UNAVAILABLE: io exception
	at org.apache.ratis.thirdparty.io.grpc.stub.ClientCalls.toStatusRuntimeException(ClientCalls.java:233)
	at org.apache.ratis.thirdparty.io.grpc.stub.ClientCalls.getUnchecked(ClientCalls.java:214)
	at org.apache.ratis.thirdparty.io.grpc.stub.ClientCalls.blockingUnaryCall(ClientCalls.java:139)
	at org.apache.ratis.proto.grpc.RaftServerProtocolServiceGrpc$RaftServerProtocolServiceBlockingStub.requestVote(RaftServerProtocolServiceGrpc.java:265)
	at org.apache.ratis.grpc.server.GrpcServerProtocolClient.requestVote(GrpcServerProtocolClient.java:99)
	at org.apache.ratis.grpc.server.GrpcService.requestVote(GrpcService.java:204)
	at org.apache.ratis.server.impl.LeaderElection.lambda$submitRequests$1(LeaderElection.java:234)
	at java.util.concurrent.FutureTask.run(FutureTask.java:266)
	at java.util.concurrent.Executors$RunnableAdapter.call(Executors.java:511)
	at java.util.concurrent.FutureTask.run(FutureTask.java:266)
	at java.util.concurrent.ThreadPoolExecutor.runWorker(ThreadPoolExecutor.java:1149)
	at java.util.concurrent.ThreadPoolExecutor$Worker.run(ThreadPoolExecutor.java:624)
	... 1 more
Caused by: org.apache.ratis.thirdparty.io.netty.channel.AbstractChannel$AnnotatedConnectException: Connection refused: /192.168.164.213:41903
	at sun.nio.ch.SocketChannelImpl.checkConnect(Native Method)
	at sun.nio.ch.SocketChannelImpl.finishConnect(SocketChannelImpl.java:717)
	at org.apache.ratis.thirdparty.io.netty.channel.socket.nio.NioSocketChannel.doFinishConnect(NioSocketChannel.java:327)
	at org.apache.ratis.thirdparty.io.netty.channel.nio.AbstractNioChannel$AbstractNioUnsafe.finishConnect(AbstractNioChannel.java:340)
	at org.apache.ratis.thirdparty.io.netty.channel.nio.NioEventLoop.processSelectedKey(NioEventLoop.java:632)
	at org.apache.ratis.thirdparty.io.netty.channel.nio.NioEventLoop.processSelectedKeysOptimized(NioEventLoop.java:579)
	at org.apache.ratis.thirdparty.io.netty.channel.nio.NioEventLoop.processSelectedKeys(NioEventLoop.java:496)
	at org.apache.ratis.thirdparty.io.netty.channel.nio.NioEventLoop.run(NioEventLoop.java:458)
	at org.apache.ratis.thirdparty.io.netty.util.concurrent.SingleThreadEventExecutor$5.run(SingleThreadEventExecutor.java:897)
	at org.apache.ratis.thirdparty.io.netty.util.concurrent.FastThreadLocalRunnable.run(FastThreadLocalRunnable.java:30)
	... 1 more
Caused by: java.net.ConnectException: Connection refused
	... 11 more
2019-10-24 15:44:25,383 [af280123-6372-4d1f-a5d4-c36229a73203@group-75C85B6D1182-LeaderElection293] INFO  impl.LeaderElection (LogUtils.java:infoOrTrace(149)) -   Exception 1: {}
java.util.concurrent.ExecutionException: org.apache.ratis.thirdparty.io.grpc.StatusRuntimeException: UNAVAILABLE: io exception
	at java.util.concurrent.FutureTask.report(FutureTask.java:122)
	at java.util.concurrent.FutureTask.get(FutureTask.java:192)
	at org.apache.ratis.server.impl.LeaderElection.waitForResults(LeaderElection.java:259)
	at org.apache.ratis.server.impl.LeaderElection.askForVotes(LeaderElection.java:197)
	at org.apache.ratis.server.impl.LeaderElection.run(LeaderElection.java:133)
	at java.lang.Thread.run(Thread.java:748)
Caused by: org.apache.ratis.thirdparty.io.grpc.StatusRuntimeException: UNAVAILABLE: io exception
	at org.apache.ratis.thirdparty.io.grpc.stub.ClientCalls.toStatusRuntimeException(ClientCalls.java:233)
	at org.apache.ratis.thirdparty.io.grpc.stub.ClientCalls.getUnchecked(ClientCalls.java:214)
	at org.apache.ratis.thirdparty.io.grpc.stub.ClientCalls.blockingUnaryCall(ClientCalls.java:139)
	at org.apache.ratis.proto.grpc.RaftServerProtocolServiceGrpc$RaftServerProtocolServiceBlockingStub.requestVote(RaftServerProtocolServiceGrpc.java:265)
	at org.apache.ratis.grpc.server.GrpcServerProtocolClient.requestVote(GrpcServerProtocolClient.java:99)
	at org.apache.ratis.grpc.server.GrpcService.requestVote(GrpcService.java:204)
	at org.apache.ratis.server.impl.LeaderElection.lambda$submitRequests$1(LeaderElection.java:234)
	at java.util.concurrent.FutureTask.run(FutureTask.java:266)
	at java.util.concurrent.Executors$RunnableAdapter.call(Executors.java:511)
	at java.util.concurrent.FutureTask.run(FutureTask.java:266)
	at java.util.concurrent.ThreadPoolExecutor.runWorker(ThreadPoolExecutor.java:1149)
	at java.util.concurrent.ThreadPoolExecutor$Worker.run(ThreadPoolExecutor.java:624)
	... 1 more
Caused by: org.apache.ratis.thirdparty.io.netty.channel.AbstractChannel$AnnotatedConnectException: Connection refused: /192.168.164.213:41180
	at sun.nio.ch.SocketChannelImpl.checkConnect(Native Method)
	at sun.nio.ch.SocketChannelImpl.finishConnect(SocketChannelImpl.java:717)
	at org.apache.ratis.thirdparty.io.netty.channel.socket.nio.NioSocketChannel.doFinishConnect(NioSocketChannel.java:327)
	at org.apache.ratis.thirdparty.io.netty.channel.nio.AbstractNioChannel$AbstractNioUnsafe.finishConnect(AbstractNioChannel.java:340)
	at org.apache.ratis.thirdparty.io.netty.channel.nio.NioEventLoop.processSelectedKey(NioEventLoop.java:632)
	at org.apache.ratis.thirdparty.io.netty.channel.nio.NioEventLoop.processSelectedKeysOptimized(NioEventLoop.java:579)
	at org.apache.ratis.thirdparty.io.netty.channel.nio.NioEventLoop.processSelectedKeys(NioEventLoop.java:496)
	at org.apache.ratis.thirdparty.io.netty.channel.nio.NioEventLoop.run(NioEventLoop.java:458)
	at org.apache.ratis.thirdparty.io.netty.util.concurrent.SingleThreadEventExecutor$5.run(SingleThreadEventExecutor.java:897)
	at org.apache.ratis.thirdparty.io.netty.util.concurrent.FastThreadLocalRunnable.run(FastThreadLocalRunnable.java:30)
	... 1 more
Caused by: java.net.ConnectException: Connection refused
	... 11 more
2019-10-24 15:44:25,384 [af280123-6372-4d1f-a5d4-c36229a73203@group-75C85B6D1182-LeaderElection293] INFO  impl.RaftServerImpl (RaftServerImpl.java:setRole(184)) - af280123-6372-4d1f-a5d4-c36229a73203@group-75C85B6D1182: changes role from CANDIDATE to FOLLOWER at term 285 for DISCOVERED_A_NEW_TERM
2019-10-24 15:44:25,384 [af280123-6372-4d1f-a5d4-c36229a73203@group-75C85B6D1182-LeaderElection293] INFO  impl.RoleInfo (RoleInfo.java:shutdownLeaderElection(134)) - af280123-6372-4d1f-a5d4-c36229a73203: shutdown LeaderElection
2019-10-24 15:44:25,384 [af280123-6372-4d1f-a5d4-c36229a73203@group-75C85B6D1182-LeaderElection293] INFO  impl.RoleInfo (RoleInfo.java:updateAndGet(143)) - af280123-6372-4d1f-a5d4-c36229a73203: start FollowerState
2019-10-24 15:44:25,394 [Thread-2338] INFO  impl.FollowerState (FollowerState.java:run(108)) - af280123-6372-4d1f-a5d4-c36229a73203@group-75C85B6D1182-FollowerState: change to CANDIDATE, lastRpcTime:9ms, electionTimeout:9ms
2019-10-24 15:44:25,394 [Thread-2338] INFO  impl.RoleInfo (RoleInfo.java:shutdownFollowerState(121)) - af280123-6372-4d1f-a5d4-c36229a73203: shutdown FollowerState
2019-10-24 15:44:25,394 [Thread-2338] INFO  impl.RaftServerImpl (RaftServerImpl.java:setRole(184)) - af280123-6372-4d1f-a5d4-c36229a73203@group-75C85B6D1182: changes role from  FOLLOWER to CANDIDATE at term 285 for changeToCandidate
2019-10-24 15:44:25,394 [Thread-2338] INFO  impl.RoleInfo (RoleInfo.java:updateAndGet(143)) - af280123-6372-4d1f-a5d4-c36229a73203: start LeaderElection
2019-10-24 15:44:25,407 [af280123-6372-4d1f-a5d4-c36229a73203@group-75C85B6D1182-LeaderElection294] INFO  impl.LeaderElection (LeaderElection.java:askForVotes(178)) - af280123-6372-4d1f-a5d4-c36229a73203@group-75C85B6D1182-LeaderElection294: begin an election at term 286 for -1: [9092f221-0e0d-4970-bb84-cacd95020f21:192.168.164.213:41903, af280123-6372-4d1f-a5d4-c36229a73203:192.168.164.213:35334, b4ae536c-ed18-4717-a75c-ca4b5d6c4001:192.168.164.213:41180], old=null
2019-10-24 15:44:25,408 [af280123-6372-4d1f-a5d4-c36229a73203@group-75C85B6D1182-LeaderElection294] INFO  impl.LeaderElection (LogUtils.java:infoOrTrace(149)) - af280123-6372-4d1f-a5d4-c36229a73203@group-75C85B6D1182-LeaderElection294 got exception when requesting votes: {}
java.util.concurrent.ExecutionException: org.apache.ratis.thirdparty.io.grpc.StatusRuntimeException: UNAVAILABLE: io exception
	at java.util.concurrent.FutureTask.report(FutureTask.java:122)
	at java.util.concurrent.FutureTask.get(FutureTask.java:192)
	at org.apache.ratis.server.impl.LeaderElection.waitForResults(LeaderElection.java:259)
	at org.apache.ratis.server.impl.LeaderElection.askForVotes(LeaderElection.java:197)
	at org.apache.ratis.server.impl.LeaderElection.run(LeaderElection.java:133)
	at java.lang.Thread.run(Thread.java:748)
Caused by: org.apache.ratis.thirdparty.io.grpc.StatusRuntimeException: UNAVAILABLE: io exception
	at org.apache.ratis.thirdparty.io.grpc.stub.ClientCalls.toStatusRuntimeException(ClientCalls.java:233)
	at org.apache.ratis.thirdparty.io.grpc.stub.ClientCalls.getUnchecked(ClientCalls.java:214)
	at org.apache.ratis.thirdparty.io.grpc.stub.ClientCalls.blockingUnaryCall(ClientCalls.java:139)
	at org.apache.ratis.proto.grpc.RaftServerProtocolServiceGrpc$RaftServerProtocolServiceBlockingStub.requestVote(RaftServerProtocolServiceGrpc.java:265)
	at org.apache.ratis.grpc.server.GrpcServerProtocolClient.requestVote(GrpcServerProtocolClient.java:99)
	at org.apache.ratis.grpc.server.GrpcService.requestVote(GrpcService.java:204)
	at org.apache.ratis.server.impl.LeaderElection.lambda$submitRequests$1(LeaderElection.java:234)
	at java.util.concurrent.FutureTask.run(FutureTask.java:266)
	at java.util.concurrent.Executors$RunnableAdapter.call(Executors.java:511)
	at java.util.concurrent.FutureTask.run(FutureTask.java:266)
	at java.util.concurrent.ThreadPoolExecutor.runWorker(ThreadPoolExecutor.java:1149)
	at java.util.concurrent.ThreadPoolExecutor$Worker.run(ThreadPoolExecutor.java:624)
	... 1 more
Caused by: org.apache.ratis.thirdparty.io.netty.channel.AbstractChannel$AnnotatedConnectException: Connection refused: /192.168.164.213:41180
	at sun.nio.ch.SocketChannelImpl.checkConnect(Native Method)
	at sun.nio.ch.SocketChannelImpl.finishConnect(SocketChannelImpl.java:717)
	at org.apache.ratis.thirdparty.io.netty.channel.socket.nio.NioSocketChannel.doFinishConnect(NioSocketChannel.java:327)
	at org.apache.ratis.thirdparty.io.netty.channel.nio.AbstractNioChannel$AbstractNioUnsafe.finishConnect(AbstractNioChannel.java:340)
	at org.apache.ratis.thirdparty.io.netty.channel.nio.NioEventLoop.processSelectedKey(NioEventLoop.java:632)
	at org.apache.ratis.thirdparty.io.netty.channel.nio.NioEventLoop.processSelectedKeysOptimized(NioEventLoop.java:579)
	at org.apache.ratis.thirdparty.io.netty.channel.nio.NioEventLoop.processSelectedKeys(NioEventLoop.java:496)
	at org.apache.ratis.thirdparty.io.netty.channel.nio.NioEventLoop.run(NioEventLoop.java:458)
	at org.apache.ratis.thirdparty.io.netty.util.concurrent.SingleThreadEventExecutor$5.run(SingleThreadEventExecutor.java:897)
	at org.apache.ratis.thirdparty.io.netty.util.concurrent.FastThreadLocalRunnable.run(FastThreadLocalRunnable.java:30)
	... 1 more
Caused by: java.net.ConnectException: Connection refused
	... 11 more
2019-10-24 15:44:25,408 [af280123-6372-4d1f-a5d4-c36229a73203@group-75C85B6D1182-LeaderElection294] INFO  impl.LeaderElection (LogUtils.java:infoOrTrace(149)) - af280123-6372-4d1f-a5d4-c36229a73203@group-75C85B6D1182-LeaderElection294 got exception when requesting votes: {}
java.util.concurrent.ExecutionException: org.apache.ratis.thirdparty.io.grpc.StatusRuntimeException: UNAVAILABLE: io exception
	at java.util.concurrent.FutureTask.report(FutureTask.java:122)
	at java.util.concurrent.FutureTask.get(FutureTask.java:192)
	at org.apache.ratis.server.impl.LeaderElection.waitForResults(LeaderElection.java:259)
	at org.apache.ratis.server.impl.LeaderElection.askForVotes(LeaderElection.java:197)
	at org.apache.ratis.server.impl.LeaderElection.run(LeaderElection.java:133)
	at java.lang.Thread.run(Thread.java:748)
Caused by: org.apache.ratis.thirdparty.io.grpc.StatusRuntimeException: UNAVAILABLE: io exception
	at org.apache.ratis.thirdparty.io.grpc.stub.ClientCalls.toStatusRuntimeException(ClientCalls.java:233)
	at org.apache.ratis.thirdparty.io.grpc.stub.ClientCalls.getUnchecked(ClientCalls.java:214)
	at org.apache.ratis.thirdparty.io.grpc.stub.ClientCalls.blockingUnaryCall(ClientCalls.java:139)
	at org.apache.ratis.proto.grpc.RaftServerProtocolServiceGrpc$RaftServerProtocolServiceBlockingStub.requestVote(RaftServerProtocolServiceGrpc.java:265)
	at org.apache.ratis.grpc.server.GrpcServerProtocolClient.requestVote(GrpcServerProtocolClient.java:99)
	at org.apache.ratis.grpc.server.GrpcService.requestVote(GrpcService.java:204)
	at org.apache.ratis.server.impl.LeaderElection.lambda$submitRequests$1(LeaderElection.java:234)
	at java.util.concurrent.FutureTask.run(FutureTask.java:266)
	at java.util.concurrent.Executors$RunnableAdapter.call(Executors.java:511)
	at java.util.concurrent.FutureTask.run(FutureTask.java:266)
	at java.util.concurrent.ThreadPoolExecutor.runWorker(ThreadPoolExecutor.java:1149)
	at java.util.concurrent.ThreadPoolExecutor$Worker.run(ThreadPoolExecutor.java:624)
	... 1 more
Caused by: org.apache.ratis.thirdparty.io.netty.channel.AbstractChannel$AnnotatedConnectException: Connection refused: /192.168.164.213:41903
	at sun.nio.ch.SocketChannelImpl.checkConnect(Native Method)
	at sun.nio.ch.SocketChannelImpl.finishConnect(SocketChannelImpl.java:717)
	at org.apache.ratis.thirdparty.io.netty.channel.socket.nio.NioSocketChannel.doFinishConnect(NioSocketChannel.java:327)
	at org.apache.ratis.thirdparty.io.netty.channel.nio.AbstractNioChannel$AbstractNioUnsafe.finishConnect(AbstractNioChannel.java:340)
	at org.apache.ratis.thirdparty.io.netty.channel.nio.NioEventLoop.processSelectedKey(NioEventLoop.java:632)
	at org.apache.ratis.thirdparty.io.netty.channel.nio.NioEventLoop.processSelectedKeysOptimized(NioEventLoop.java:579)
	at org.apache.ratis.thirdparty.io.netty.channel.nio.NioEventLoop.processSelectedKeys(NioEventLoop.java:496)
	at org.apache.ratis.thirdparty.io.netty.channel.nio.NioEventLoop.run(NioEventLoop.java:458)
	at org.apache.ratis.thirdparty.io.netty.util.concurrent.SingleThreadEventExecutor$5.run(SingleThreadEventExecutor.java:897)
	at org.apache.ratis.thirdparty.io.netty.util.concurrent.FastThreadLocalRunnable.run(FastThreadLocalRunnable.java:30)
	... 1 more
Caused by: java.net.ConnectException: Connection refused
	... 11 more
2019-10-24 15:44:25,409 [af280123-6372-4d1f-a5d4-c36229a73203@group-75C85B6D1182-LeaderElection294] INFO  impl.LeaderElection (LeaderElection.java:logAndReturn(56)) - af280123-6372-4d1f-a5d4-c36229a73203@group-75C85B6D1182-LeaderElection294: Election REJECTED; received 0 response(s) [] and 2 exception(s); af280123-6372-4d1f-a5d4-c36229a73203@group-75C85B6D1182:t286, leader=null, voted=af280123-6372-4d1f-a5d4-c36229a73203, raftlog=af280123-6372-4d1f-a5d4-c36229a73203@group-75C85B6D1182-SegmentedRaftLog:OPENED:c-1,f-1,i0, conf=-1: [9092f221-0e0d-4970-bb84-cacd95020f21:192.168.164.213:41903, af280123-6372-4d1f-a5d4-c36229a73203:192.168.164.213:35334, b4ae536c-ed18-4717-a75c-ca4b5d6c4001:192.168.164.213:41180], old=null
2019-10-24 15:44:25,409 [af280123-6372-4d1f-a5d4-c36229a73203@group-75C85B6D1182-LeaderElection294] INFO  impl.LeaderElection (LogUtils.java:infoOrTrace(149)) -   Exception 0: {}
java.util.concurrent.ExecutionException: org.apache.ratis.thirdparty.io.grpc.StatusRuntimeException: UNAVAILABLE: io exception
	at java.util.concurrent.FutureTask.report(FutureTask.java:122)
	at java.util.concurrent.FutureTask.get(FutureTask.java:192)
	at org.apache.ratis.server.impl.LeaderElection.waitForResults(LeaderElection.java:259)
	at org.apache.ratis.server.impl.LeaderElection.askForVotes(LeaderElection.java:197)
	at org.apache.ratis.server.impl.LeaderElection.run(LeaderElection.java:133)
	at java.lang.Thread.run(Thread.java:748)
Caused by: org.apache.ratis.thirdparty.io.grpc.StatusRuntimeException: UNAVAILABLE: io exception
	at org.apache.ratis.thirdparty.io.grpc.stub.ClientCalls.toStatusRuntimeException(ClientCalls.java:233)
	at org.apache.ratis.thirdparty.io.grpc.stub.ClientCalls.getUnchecked(ClientCalls.java:214)
	at org.apache.ratis.thirdparty.io.grpc.stub.ClientCalls.blockingUnaryCall(ClientCalls.java:139)
	at org.apache.ratis.proto.grpc.RaftServerProtocolServiceGrpc$RaftServerProtocolServiceBlockingStub.requestVote(RaftServerProtocolServiceGrpc.java:265)
	at org.apache.ratis.grpc.server.GrpcServerProtocolClient.requestVote(GrpcServerProtocolClient.java:99)
	at org.apache.ratis.grpc.server.GrpcService.requestVote(GrpcService.java:204)
	at org.apache.ratis.server.impl.LeaderElection.lambda$submitRequests$1(LeaderElection.java:234)
	at java.util.concurrent.FutureTask.run(FutureTask.java:266)
	at java.util.concurrent.Executors$RunnableAdapter.call(Executors.java:511)
	at java.util.concurrent.FutureTask.run(FutureTask.java:266)
	at java.util.concurrent.ThreadPoolExecutor.runWorker(ThreadPoolExecutor.java:1149)
	at java.util.concurrent.ThreadPoolExecutor$Worker.run(ThreadPoolExecutor.java:624)
	... 1 more
Caused by: org.apache.ratis.thirdparty.io.netty.channel.AbstractChannel$AnnotatedConnectException: Connection refused: /192.168.164.213:41180
	at sun.nio.ch.SocketChannelImpl.checkConnect(Native Method)
	at sun.nio.ch.SocketChannelImpl.finishConnect(SocketChannelImpl.java:717)
	at org.apache.ratis.thirdparty.io.netty.channel.socket.nio.NioSocketChannel.doFinishConnect(NioSocketChannel.java:327)
	at org.apache.ratis.thirdparty.io.netty.channel.nio.AbstractNioChannel$AbstractNioUnsafe.finishConnect(AbstractNioChannel.java:340)
	at org.apache.ratis.thirdparty.io.netty.channel.nio.NioEventLoop.processSelectedKey(NioEventLoop.java:632)
	at org.apache.ratis.thirdparty.io.netty.channel.nio.NioEventLoop.processSelectedKeysOptimized(NioEventLoop.java:579)
	at org.apache.ratis.thirdparty.io.netty.channel.nio.NioEventLoop.processSelectedKeys(NioEventLoop.java:496)
	at org.apache.ratis.thirdparty.io.netty.channel.nio.NioEventLoop.run(NioEventLoop.java:458)
	at org.apache.ratis.thirdparty.io.netty.util.concurrent.SingleThreadEventExecutor$5.run(SingleThreadEventExecutor.java:897)
	at org.apache.ratis.thirdparty.io.netty.util.concurrent.FastThreadLocalRunnable.run(FastThreadLocalRunnable.java:30)
	... 1 more
Caused by: java.net.ConnectException: Connection refused
	... 11 more
2019-10-24 15:44:25,409 [af280123-6372-4d1f-a5d4-c36229a73203@group-75C85B6D1182-LeaderElection294] INFO  impl.LeaderElection (LogUtils.java:infoOrTrace(149)) -   Exception 1: {}
java.util.concurrent.ExecutionException: org.apache.ratis.thirdparty.io.grpc.StatusRuntimeException: UNAVAILABLE: io exception
	at java.util.concurrent.FutureTask.report(FutureTask.java:122)
	at java.util.concurrent.FutureTask.get(FutureTask.java:192)
	at org.apache.ratis.server.impl.LeaderElection.waitForResults(LeaderElection.java:259)
	at org.apache.ratis.server.impl.LeaderElection.askForVotes(LeaderElection.java:197)
	at org.apache.ratis.server.impl.LeaderElection.run(LeaderElection.java:133)
	at java.lang.Thread.run(Thread.java:748)
Caused by: org.apache.ratis.thirdparty.io.grpc.StatusRuntimeException: UNAVAILABLE: io exception
	at org.apache.ratis.thirdparty.io.grpc.stub.ClientCalls.toStatusRuntimeException(ClientCalls.java:233)
	at org.apache.ratis.thirdparty.io.grpc.stub.ClientCalls.getUnchecked(ClientCalls.java:214)
	at org.apache.ratis.thirdparty.io.grpc.stub.ClientCalls.blockingUnaryCall(ClientCalls.java:139)
	at org.apache.ratis.proto.grpc.RaftServerProtocolServiceGrpc$RaftServerProtocolServiceBlockingStub.requestVote(RaftServerProtocolServiceGrpc.java:265)
	at org.apache.ratis.grpc.server.GrpcServerProtocolClient.requestVote(GrpcServerProtocolClient.java:99)
	at org.apache.ratis.grpc.server.GrpcService.requestVote(GrpcService.java:204)
	at org.apache.ratis.server.impl.LeaderElection.lambda$submitRequests$1(LeaderElection.java:234)
	at java.util.concurrent.FutureTask.run(FutureTask.java:266)
	at java.util.concurrent.Executors$RunnableAdapter.call(Executors.java:511)
	at java.util.concurrent.FutureTask.run(FutureTask.java:266)
	at java.util.concurrent.ThreadPoolExecutor.runWorker(ThreadPoolExecutor.java:1149)
	at java.util.concurrent.ThreadPoolExecutor$Worker.run(ThreadPoolExecutor.java:624)
	... 1 more
Caused by: org.apache.ratis.thirdparty.io.netty.channel.AbstractChannel$AnnotatedConnectException: Connection refused: /192.168.164.213:41903
	at sun.nio.ch.SocketChannelImpl.checkConnect(Native Method)
	at sun.nio.ch.SocketChannelImpl.finishConnect(SocketChannelImpl.java:717)
	at org.apache.ratis.thirdparty.io.netty.channel.socket.nio.NioSocketChannel.doFinishConnect(NioSocketChannel.java:327)
	at org.apache.ratis.thirdparty.io.netty.channel.nio.AbstractNioChannel$AbstractNioUnsafe.finishConnect(AbstractNioChannel.java:340)
	at org.apache.ratis.thirdparty.io.netty.channel.nio.NioEventLoop.processSelectedKey(NioEventLoop.java:632)
	at org.apache.ratis.thirdparty.io.netty.channel.nio.NioEventLoop.processSelectedKeysOptimized(NioEventLoop.java:579)
	at org.apache.ratis.thirdparty.io.netty.channel.nio.NioEventLoop.processSelectedKeys(NioEventLoop.java:496)
	at org.apache.ratis.thirdparty.io.netty.channel.nio.NioEventLoop.run(NioEventLoop.java:458)
	at org.apache.ratis.thirdparty.io.netty.util.concurrent.SingleThreadEventExecutor$5.run(SingleThreadEventExecutor.java:897)
	at org.apache.ratis.thirdparty.io.netty.util.concurrent.FastThreadLocalRunnable.run(FastThreadLocalRunnable.java:30)
	... 1 more
Caused by: java.net.ConnectException: Connection refused
	... 11 more
2019-10-24 15:44:25,410 [af280123-6372-4d1f-a5d4-c36229a73203@group-75C85B6D1182-LeaderElection294] INFO  impl.RaftServerImpl (RaftServerImpl.java:setRole(184)) - af280123-6372-4d1f-a5d4-c36229a73203@group-75C85B6D1182: changes role from CANDIDATE to FOLLOWER at term 286 for DISCOVERED_A_NEW_TERM
2019-10-24 15:44:25,410 [af280123-6372-4d1f-a5d4-c36229a73203@group-75C85B6D1182-LeaderElection294] INFO  impl.RoleInfo (RoleInfo.java:shutdownLeaderElection(134)) - af280123-6372-4d1f-a5d4-c36229a73203: shutdown LeaderElection
2019-10-24 15:44:25,410 [af280123-6372-4d1f-a5d4-c36229a73203@group-75C85B6D1182-LeaderElection294] INFO  impl.RoleInfo (RoleInfo.java:updateAndGet(143)) - af280123-6372-4d1f-a5d4-c36229a73203: start FollowerState
2019-10-24 15:44:25,596 [Thread-2342] INFO  impl.FollowerState (FollowerState.java:run(108)) - af280123-6372-4d1f-a5d4-c36229a73203@group-75C85B6D1182-FollowerState: change to CANDIDATE, lastRpcTime:186ms, electionTimeout:186ms
2019-10-24 15:44:25,597 [Thread-2342] INFO  impl.RoleInfo (RoleInfo.java:shutdownFollowerState(121)) - af280123-6372-4d1f-a5d4-c36229a73203: shutdown FollowerState
2019-10-24 15:44:25,597 [Thread-2342] INFO  impl.RaftServerImpl (RaftServerImpl.java:setRole(184)) - af280123-6372-4d1f-a5d4-c36229a73203@group-75C85B6D1182: changes role from  FOLLOWER to CANDIDATE at term 286 for changeToCandidate
2019-10-24 15:44:25,597 [Thread-2342] INFO  impl.RoleInfo (RoleInfo.java:updateAndGet(143)) - af280123-6372-4d1f-a5d4-c36229a73203: start LeaderElection
2019-10-24 15:44:25,610 [af280123-6372-4d1f-a5d4-c36229a73203@group-75C85B6D1182-LeaderElection295] INFO  impl.LeaderElection (LeaderElection.java:askForVotes(178)) - af280123-6372-4d1f-a5d4-c36229a73203@group-75C85B6D1182-LeaderElection295: begin an election at term 287 for -1: [9092f221-0e0d-4970-bb84-cacd95020f21:192.168.164.213:41903, af280123-6372-4d1f-a5d4-c36229a73203:192.168.164.213:35334, b4ae536c-ed18-4717-a75c-ca4b5d6c4001:192.168.164.213:41180], old=null
2019-10-24 15:44:25,611 [af280123-6372-4d1f-a5d4-c36229a73203@group-75C85B6D1182-LeaderElection295] INFO  impl.LeaderElection (LogUtils.java:infoOrTrace(149)) - af280123-6372-4d1f-a5d4-c36229a73203@group-75C85B6D1182-LeaderElection295 got exception when requesting votes: {}
java.util.concurrent.ExecutionException: org.apache.ratis.thirdparty.io.grpc.StatusRuntimeException: UNAVAILABLE: io exception
	at java.util.concurrent.FutureTask.report(FutureTask.java:122)
	at java.util.concurrent.FutureTask.get(FutureTask.java:192)
	at org.apache.ratis.server.impl.LeaderElection.waitForResults(LeaderElection.java:259)
	at org.apache.ratis.server.impl.LeaderElection.askForVotes(LeaderElection.java:197)
	at org.apache.ratis.server.impl.LeaderElection.run(LeaderElection.java:133)
	at java.lang.Thread.run(Thread.java:748)
Caused by: org.apache.ratis.thirdparty.io.grpc.StatusRuntimeException: UNAVAILABLE: io exception
	at org.apache.ratis.thirdparty.io.grpc.stub.ClientCalls.toStatusRuntimeException(ClientCalls.java:233)
	at org.apache.ratis.thirdparty.io.grpc.stub.ClientCalls.getUnchecked(ClientCalls.java:214)
	at org.apache.ratis.thirdparty.io.grpc.stub.ClientCalls.blockingUnaryCall(ClientCalls.java:139)
	at org.apache.ratis.proto.grpc.RaftServerProtocolServiceGrpc$RaftServerProtocolServiceBlockingStub.requestVote(RaftServerProtocolServiceGrpc.java:265)
	at org.apache.ratis.grpc.server.GrpcServerProtocolClient.requestVote(GrpcServerProtocolClient.java:99)
	at org.apache.ratis.grpc.server.GrpcService.requestVote(GrpcService.java:204)
	at org.apache.ratis.server.impl.LeaderElection.lambda$submitRequests$1(LeaderElection.java:234)
	at java.util.concurrent.FutureTask.run(FutureTask.java:266)
	at java.util.concurrent.Executors$RunnableAdapter.call(Executors.java:511)
	at java.util.concurrent.FutureTask.run(FutureTask.java:266)
	at java.util.concurrent.ThreadPoolExecutor.runWorker(ThreadPoolExecutor.java:1149)
	at java.util.concurrent.ThreadPoolExecutor$Worker.run(ThreadPoolExecutor.java:624)
	... 1 more
Caused by: org.apache.ratis.thirdparty.io.netty.channel.AbstractChannel$AnnotatedConnectException: Connection refused: /192.168.164.213:41180
	at sun.nio.ch.SocketChannelImpl.checkConnect(Native Method)
	at sun.nio.ch.SocketChannelImpl.finishConnect(SocketChannelImpl.java:717)
	at org.apache.ratis.thirdparty.io.netty.channel.socket.nio.NioSocketChannel.doFinishConnect(NioSocketChannel.java:327)
	at org.apache.ratis.thirdparty.io.netty.channel.nio.AbstractNioChannel$AbstractNioUnsafe.finishConnect(AbstractNioChannel.java:340)
	at org.apache.ratis.thirdparty.io.netty.channel.nio.NioEventLoop.processSelectedKey(NioEventLoop.java:632)
	at org.apache.ratis.thirdparty.io.netty.channel.nio.NioEventLoop.processSelectedKeysOptimized(NioEventLoop.java:579)
	at org.apache.ratis.thirdparty.io.netty.channel.nio.NioEventLoop.processSelectedKeys(NioEventLoop.java:496)
	at org.apache.ratis.thirdparty.io.netty.channel.nio.NioEventLoop.run(NioEventLoop.java:458)
	at org.apache.ratis.thirdparty.io.netty.util.concurrent.SingleThreadEventExecutor$5.run(SingleThreadEventExecutor.java:897)
	at org.apache.ratis.thirdparty.io.netty.util.concurrent.FastThreadLocalRunnable.run(FastThreadLocalRunnable.java:30)
	... 1 more
Caused by: java.net.ConnectException: Connection refused
	... 11 more
2019-10-24 15:44:25,612 [af280123-6372-4d1f-a5d4-c36229a73203@group-75C85B6D1182-LeaderElection295] INFO  impl.LeaderElection (LogUtils.java:infoOrTrace(149)) - af280123-6372-4d1f-a5d4-c36229a73203@group-75C85B6D1182-LeaderElection295 got exception when requesting votes: {}
java.util.concurrent.ExecutionException: org.apache.ratis.thirdparty.io.grpc.StatusRuntimeException: UNAVAILABLE: io exception
	at java.util.concurrent.FutureTask.report(FutureTask.java:122)
	at java.util.concurrent.FutureTask.get(FutureTask.java:192)
	at org.apache.ratis.server.impl.LeaderElection.waitForResults(LeaderElection.java:259)
	at org.apache.ratis.server.impl.LeaderElection.askForVotes(LeaderElection.java:197)
	at org.apache.ratis.server.impl.LeaderElection.run(LeaderElection.java:133)
	at java.lang.Thread.run(Thread.java:748)
Caused by: org.apache.ratis.thirdparty.io.grpc.StatusRuntimeException: UNAVAILABLE: io exception
	at org.apache.ratis.thirdparty.io.grpc.stub.ClientCalls.toStatusRuntimeException(ClientCalls.java:233)
	at org.apache.ratis.thirdparty.io.grpc.stub.ClientCalls.getUnchecked(ClientCalls.java:214)
	at org.apache.ratis.thirdparty.io.grpc.stub.ClientCalls.blockingUnaryCall(ClientCalls.java:139)
	at org.apache.ratis.proto.grpc.RaftServerProtocolServiceGrpc$RaftServerProtocolServiceBlockingStub.requestVote(RaftServerProtocolServiceGrpc.java:265)
	at org.apache.ratis.grpc.server.GrpcServerProtocolClient.requestVote(GrpcServerProtocolClient.java:99)
	at org.apache.ratis.grpc.server.GrpcService.requestVote(GrpcService.java:204)
	at org.apache.ratis.server.impl.LeaderElection.lambda$submitRequests$1(LeaderElection.java:234)
	at java.util.concurrent.FutureTask.run(FutureTask.java:266)
	at java.util.concurrent.Executors$RunnableAdapter.call(Executors.java:511)
	at java.util.concurrent.FutureTask.run(FutureTask.java:266)
	at java.util.concurrent.ThreadPoolExecutor.runWorker(ThreadPoolExecutor.java:1149)
	at java.util.concurrent.ThreadPoolExecutor$Worker.run(ThreadPoolExecutor.java:624)
	... 1 more
Caused by: org.apache.ratis.thirdparty.io.netty.channel.AbstractChannel$AnnotatedConnectException: Connection refused: /192.168.164.213:41903
	at sun.nio.ch.SocketChannelImpl.checkConnect(Native Method)
	at sun.nio.ch.SocketChannelImpl.finishConnect(SocketChannelImpl.java:717)
	at org.apache.ratis.thirdparty.io.netty.channel.socket.nio.NioSocketChannel.doFinishConnect(NioSocketChannel.java:327)
	at org.apache.ratis.thirdparty.io.netty.channel.nio.AbstractNioChannel$AbstractNioUnsafe.finishConnect(AbstractNioChannel.java:340)
	at org.apache.ratis.thirdparty.io.netty.channel.nio.NioEventLoop.processSelectedKey(NioEventLoop.java:632)
	at org.apache.ratis.thirdparty.io.netty.channel.nio.NioEventLoop.processSelectedKeysOptimized(NioEventLoop.java:579)
	at org.apache.ratis.thirdparty.io.netty.channel.nio.NioEventLoop.processSelectedKeys(NioEventLoop.java:496)
	at org.apache.ratis.thirdparty.io.netty.channel.nio.NioEventLoop.run(NioEventLoop.java:458)
	at org.apache.ratis.thirdparty.io.netty.util.concurrent.SingleThreadEventExecutor$5.run(SingleThreadEventExecutor.java:897)
	at org.apache.ratis.thirdparty.io.netty.util.concurrent.FastThreadLocalRunnable.run(FastThreadLocalRunnable.java:30)
	... 1 more
Caused by: java.net.ConnectException: Connection refused
	... 11 more
2019-10-24 15:44:25,612 [af280123-6372-4d1f-a5d4-c36229a73203@group-75C85B6D1182-LeaderElection295] INFO  impl.LeaderElection (LeaderElection.java:logAndReturn(56)) - af280123-6372-4d1f-a5d4-c36229a73203@group-75C85B6D1182-LeaderElection295: Election REJECTED; received 0 response(s) [] and 2 exception(s); af280123-6372-4d1f-a5d4-c36229a73203@group-75C85B6D1182:t287, leader=null, voted=af280123-6372-4d1f-a5d4-c36229a73203, raftlog=af280123-6372-4d1f-a5d4-c36229a73203@group-75C85B6D1182-SegmentedRaftLog:OPENED:c-1,f-1,i0, conf=-1: [9092f221-0e0d-4970-bb84-cacd95020f21:192.168.164.213:41903, af280123-6372-4d1f-a5d4-c36229a73203:192.168.164.213:35334, b4ae536c-ed18-4717-a75c-ca4b5d6c4001:192.168.164.213:41180], old=null
2019-10-24 15:44:25,612 [af280123-6372-4d1f-a5d4-c36229a73203@group-75C85B6D1182-LeaderElection295] INFO  impl.LeaderElection (LogUtils.java:infoOrTrace(149)) -   Exception 0: {}
java.util.concurrent.ExecutionException: org.apache.ratis.thirdparty.io.grpc.StatusRuntimeException: UNAVAILABLE: io exception
	at java.util.concurrent.FutureTask.report(FutureTask.java:122)
	at java.util.concurrent.FutureTask.get(FutureTask.java:192)
	at org.apache.ratis.server.impl.LeaderElection.waitForResults(LeaderElection.java:259)
	at org.apache.ratis.server.impl.LeaderElection.askForVotes(LeaderElection.java:197)
	at org.apache.ratis.server.impl.LeaderElection.run(LeaderElection.java:133)
	at java.lang.Thread.run(Thread.java:748)
Caused by: org.apache.ratis.thirdparty.io.grpc.StatusRuntimeException: UNAVAILABLE: io exception
	at org.apache.ratis.thirdparty.io.grpc.stub.ClientCalls.toStatusRuntimeException(ClientCalls.java:233)
	at org.apache.ratis.thirdparty.io.grpc.stub.ClientCalls.getUnchecked(ClientCalls.java:214)
	at org.apache.ratis.thirdparty.io.grpc.stub.ClientCalls.blockingUnaryCall(ClientCalls.java:139)
	at org.apache.ratis.proto.grpc.RaftServerProtocolServiceGrpc$RaftServerProtocolServiceBlockingStub.requestVote(RaftServerProtocolServiceGrpc.java:265)
	at org.apache.ratis.grpc.server.GrpcServerProtocolClient.requestVote(GrpcServerProtocolClient.java:99)
	at org.apache.ratis.grpc.server.GrpcService.requestVote(GrpcService.java:204)
	at org.apache.ratis.server.impl.LeaderElection.lambda$submitRequests$1(LeaderElection.java:234)
	at java.util.concurrent.FutureTask.run(FutureTask.java:266)
	at java.util.concurrent.Executors$RunnableAdapter.call(Executors.java:511)
	at java.util.concurrent.FutureTask.run(FutureTask.java:266)
	at java.util.concurrent.ThreadPoolExecutor.runWorker(ThreadPoolExecutor.java:1149)
	at java.util.concurrent.ThreadPoolExecutor$Worker.run(ThreadPoolExecutor.java:624)
	... 1 more
Caused by: org.apache.ratis.thirdparty.io.netty.channel.AbstractChannel$AnnotatedConnectException: Connection refused: /192.168.164.213:41180
	at sun.nio.ch.SocketChannelImpl.checkConnect(Native Method)
	at sun.nio.ch.SocketChannelImpl.finishConnect(SocketChannelImpl.java:717)
	at org.apache.ratis.thirdparty.io.netty.channel.socket.nio.NioSocketChannel.doFinishConnect(NioSocketChannel.java:327)
	at org.apache.ratis.thirdparty.io.netty.channel.nio.AbstractNioChannel$AbstractNioUnsafe.finishConnect(AbstractNioChannel.java:340)
	at org.apache.ratis.thirdparty.io.netty.channel.nio.NioEventLoop.processSelectedKey(NioEventLoop.java:632)
	at org.apache.ratis.thirdparty.io.netty.channel.nio.NioEventLoop.processSelectedKeysOptimized(NioEventLoop.java:579)
	at org.apache.ratis.thirdparty.io.netty.channel.nio.NioEventLoop.processSelectedKeys(NioEventLoop.java:496)
	at org.apache.ratis.thirdparty.io.netty.channel.nio.NioEventLoop.run(NioEventLoop.java:458)
	at org.apache.ratis.thirdparty.io.netty.util.concurrent.SingleThreadEventExecutor$5.run(SingleThreadEventExecutor.java:897)
	at org.apache.ratis.thirdparty.io.netty.util.concurrent.FastThreadLocalRunnable.run(FastThreadLocalRunnable.java:30)
	... 1 more
Caused by: java.net.ConnectException: Connection refused
	... 11 more
2019-10-24 15:44:25,613 [af280123-6372-4d1f-a5d4-c36229a73203@group-75C85B6D1182-LeaderElection295] INFO  impl.LeaderElection (LogUtils.java:infoOrTrace(149)) -   Exception 1: {}
java.util.concurrent.ExecutionException: org.apache.ratis.thirdparty.io.grpc.StatusRuntimeException: UNAVAILABLE: io exception
	at java.util.concurrent.FutureTask.report(FutureTask.java:122)
	at java.util.concurrent.FutureTask.get(FutureTask.java:192)
	at org.apache.ratis.server.impl.LeaderElection.waitForResults(LeaderElection.java:259)
	at org.apache.ratis.server.impl.LeaderElection.askForVotes(LeaderElection.java:197)
	at org.apache.ratis.server.impl.LeaderElection.run(LeaderElection.java:133)
	at java.lang.Thread.run(Thread.java:748)
Caused by: org.apache.ratis.thirdparty.io.grpc.StatusRuntimeException: UNAVAILABLE: io exception
	at org.apache.ratis.thirdparty.io.grpc.stub.ClientCalls.toStatusRuntimeException(ClientCalls.java:233)
	at org.apache.ratis.thirdparty.io.grpc.stub.ClientCalls.getUnchecked(ClientCalls.java:214)
	at org.apache.ratis.thirdparty.io.grpc.stub.ClientCalls.blockingUnaryCall(ClientCalls.java:139)
	at org.apache.ratis.proto.grpc.RaftServerProtocolServiceGrpc$RaftServerProtocolServiceBlockingStub.requestVote(RaftServerProtocolServiceGrpc.java:265)
	at org.apache.ratis.grpc.server.GrpcServerProtocolClient.requestVote(GrpcServerProtocolClient.java:99)
	at org.apache.ratis.grpc.server.GrpcService.requestVote(GrpcService.java:204)
	at org.apache.ratis.server.impl.LeaderElection.lambda$submitRequests$1(LeaderElection.java:234)
	at java.util.concurrent.FutureTask.run(FutureTask.java:266)
	at java.util.concurrent.Executors$RunnableAdapter.call(Executors.java:511)
	at java.util.concurrent.FutureTask.run(FutureTask.java:266)
	at java.util.concurrent.ThreadPoolExecutor.runWorker(ThreadPoolExecutor.java:1149)
	at java.util.concurrent.ThreadPoolExecutor$Worker.run(ThreadPoolExecutor.java:624)
	... 1 more
Caused by: org.apache.ratis.thirdparty.io.netty.channel.AbstractChannel$AnnotatedConnectException: Connection refused: /192.168.164.213:41903
	at sun.nio.ch.SocketChannelImpl.checkConnect(Native Method)
	at sun.nio.ch.SocketChannelImpl.finishConnect(SocketChannelImpl.java:717)
	at org.apache.ratis.thirdparty.io.netty.channel.socket.nio.NioSocketChannel.doFinishConnect(NioSocketChannel.java:327)
	at org.apache.ratis.thirdparty.io.netty.channel.nio.AbstractNioChannel$AbstractNioUnsafe.finishConnect(AbstractNioChannel.java:340)
	at org.apache.ratis.thirdparty.io.netty.channel.nio.NioEventLoop.processSelectedKey(NioEventLoop.java:632)
	at org.apache.ratis.thirdparty.io.netty.channel.nio.NioEventLoop.processSelectedKeysOptimized(NioEventLoop.java:579)
	at org.apache.ratis.thirdparty.io.netty.channel.nio.NioEventLoop.processSelectedKeys(NioEventLoop.java:496)
	at org.apache.ratis.thirdparty.io.netty.channel.nio.NioEventLoop.run(NioEventLoop.java:458)
	at org.apache.ratis.thirdparty.io.netty.util.concurrent.SingleThreadEventExecutor$5.run(SingleThreadEventExecutor.java:897)
	at org.apache.ratis.thirdparty.io.netty.util.concurrent.FastThreadLocalRunnable.run(FastThreadLocalRunnable.java:30)
	... 1 more
Caused by: java.net.ConnectException: Connection refused
	... 11 more
2019-10-24 15:44:25,613 [af280123-6372-4d1f-a5d4-c36229a73203@group-75C85B6D1182-LeaderElection295] INFO  impl.RaftServerImpl (RaftServerImpl.java:setRole(184)) - af280123-6372-4d1f-a5d4-c36229a73203@group-75C85B6D1182: changes role from CANDIDATE to FOLLOWER at term 287 for DISCOVERED_A_NEW_TERM
2019-10-24 15:44:25,613 [af280123-6372-4d1f-a5d4-c36229a73203@group-75C85B6D1182-LeaderElection295] INFO  impl.RoleInfo (RoleInfo.java:shutdownLeaderElection(134)) - af280123-6372-4d1f-a5d4-c36229a73203: shutdown LeaderElection
2019-10-24 15:44:25,613 [af280123-6372-4d1f-a5d4-c36229a73203@group-75C85B6D1182-LeaderElection295] INFO  impl.RoleInfo (RoleInfo.java:updateAndGet(143)) - af280123-6372-4d1f-a5d4-c36229a73203: start FollowerState
2019-10-24 15:44:25,694 [Thread-2346] INFO  impl.FollowerState (FollowerState.java:run(108)) - af280123-6372-4d1f-a5d4-c36229a73203@group-75C85B6D1182-FollowerState: change to CANDIDATE, lastRpcTime:80ms, electionTimeout:80ms
2019-10-24 15:44:25,694 [Thread-2346] INFO  impl.RoleInfo (RoleInfo.java:shutdownFollowerState(121)) - af280123-6372-4d1f-a5d4-c36229a73203: shutdown FollowerState
2019-10-24 15:44:25,694 [Thread-2346] INFO  impl.RaftServerImpl (RaftServerImpl.java:setRole(184)) - af280123-6372-4d1f-a5d4-c36229a73203@group-75C85B6D1182: changes role from  FOLLOWER to CANDIDATE at term 287 for changeToCandidate
2019-10-24 15:44:25,695 [Thread-2346] INFO  impl.RoleInfo (RoleInfo.java:updateAndGet(143)) - af280123-6372-4d1f-a5d4-c36229a73203: start LeaderElection
2019-10-24 15:44:25,708 [af280123-6372-4d1f-a5d4-c36229a73203@group-75C85B6D1182-LeaderElection296] INFO  impl.LeaderElection (LeaderElection.java:askForVotes(178)) - af280123-6372-4d1f-a5d4-c36229a73203@group-75C85B6D1182-LeaderElection296: begin an election at term 288 for -1: [9092f221-0e0d-4970-bb84-cacd95020f21:192.168.164.213:41903, af280123-6372-4d1f-a5d4-c36229a73203:192.168.164.213:35334, b4ae536c-ed18-4717-a75c-ca4b5d6c4001:192.168.164.213:41180], old=null
2019-10-24 15:44:25,709 [af280123-6372-4d1f-a5d4-c36229a73203@group-75C85B6D1182-LeaderElection296] INFO  impl.LeaderElection (LogUtils.java:infoOrTrace(149)) - af280123-6372-4d1f-a5d4-c36229a73203@group-75C85B6D1182-LeaderElection296 got exception when requesting votes: {}
java.util.concurrent.ExecutionException: org.apache.ratis.thirdparty.io.grpc.StatusRuntimeException: UNAVAILABLE: io exception
	at java.util.concurrent.FutureTask.report(FutureTask.java:122)
	at java.util.concurrent.FutureTask.get(FutureTask.java:192)
	at org.apache.ratis.server.impl.LeaderElection.waitForResults(LeaderElection.java:259)
	at org.apache.ratis.server.impl.LeaderElection.askForVotes(LeaderElection.java:197)
	at org.apache.ratis.server.impl.LeaderElection.run(LeaderElection.java:133)
	at java.lang.Thread.run(Thread.java:748)
Caused by: org.apache.ratis.thirdparty.io.grpc.StatusRuntimeException: UNAVAILABLE: io exception
	at org.apache.ratis.thirdparty.io.grpc.stub.ClientCalls.toStatusRuntimeException(ClientCalls.java:233)
	at org.apache.ratis.thirdparty.io.grpc.stub.ClientCalls.getUnchecked(ClientCalls.java:214)
	at org.apache.ratis.thirdparty.io.grpc.stub.ClientCalls.blockingUnaryCall(ClientCalls.java:139)
	at org.apache.ratis.proto.grpc.RaftServerProtocolServiceGrpc$RaftServerProtocolServiceBlockingStub.requestVote(RaftServerProtocolServiceGrpc.java:265)
	at org.apache.ratis.grpc.server.GrpcServerProtocolClient.requestVote(GrpcServerProtocolClient.java:99)
	at org.apache.ratis.grpc.server.GrpcService.requestVote(GrpcService.java:204)
	at org.apache.ratis.server.impl.LeaderElection.lambda$submitRequests$1(LeaderElection.java:234)
	at java.util.concurrent.FutureTask.run(FutureTask.java:266)
	at java.util.concurrent.Executors$RunnableAdapter.call(Executors.java:511)
	at java.util.concurrent.FutureTask.run(FutureTask.java:266)
	at java.util.concurrent.ThreadPoolExecutor.runWorker(ThreadPoolExecutor.java:1149)
	at java.util.concurrent.ThreadPoolExecutor$Worker.run(ThreadPoolExecutor.java:624)
	... 1 more
Caused by: org.apache.ratis.thirdparty.io.netty.channel.AbstractChannel$AnnotatedConnectException: Connection refused: /192.168.164.213:41903
	at sun.nio.ch.SocketChannelImpl.checkConnect(Native Method)
	at sun.nio.ch.SocketChannelImpl.finishConnect(SocketChannelImpl.java:717)
	at org.apache.ratis.thirdparty.io.netty.channel.socket.nio.NioSocketChannel.doFinishConnect(NioSocketChannel.java:327)
	at org.apache.ratis.thirdparty.io.netty.channel.nio.AbstractNioChannel$AbstractNioUnsafe.finishConnect(AbstractNioChannel.java:340)
	at org.apache.ratis.thirdparty.io.netty.channel.nio.NioEventLoop.processSelectedKey(NioEventLoop.java:632)
	at org.apache.ratis.thirdparty.io.netty.channel.nio.NioEventLoop.processSelectedKeysOptimized(NioEventLoop.java:579)
	at org.apache.ratis.thirdparty.io.netty.channel.nio.NioEventLoop.processSelectedKeys(NioEventLoop.java:496)
	at org.apache.ratis.thirdparty.io.netty.channel.nio.NioEventLoop.run(NioEventLoop.java:458)
	at org.apache.ratis.thirdparty.io.netty.util.concurrent.SingleThreadEventExecutor$5.run(SingleThreadEventExecutor.java:897)
	at org.apache.ratis.thirdparty.io.netty.util.concurrent.FastThreadLocalRunnable.run(FastThreadLocalRunnable.java:30)
	... 1 more
Caused by: java.net.ConnectException: Connection refused
	... 11 more
2019-10-24 15:44:25,710 [af280123-6372-4d1f-a5d4-c36229a73203@group-75C85B6D1182-LeaderElection296] INFO  impl.LeaderElection (LogUtils.java:infoOrTrace(149)) - af280123-6372-4d1f-a5d4-c36229a73203@group-75C85B6D1182-LeaderElection296 got exception when requesting votes: {}
java.util.concurrent.ExecutionException: org.apache.ratis.thirdparty.io.grpc.StatusRuntimeException: UNAVAILABLE: io exception
	at java.util.concurrent.FutureTask.report(FutureTask.java:122)
	at java.util.concurrent.FutureTask.get(FutureTask.java:192)
	at org.apache.ratis.server.impl.LeaderElection.waitForResults(LeaderElection.java:259)
	at org.apache.ratis.server.impl.LeaderElection.askForVotes(LeaderElection.java:197)
	at org.apache.ratis.server.impl.LeaderElection.run(LeaderElection.java:133)
	at java.lang.Thread.run(Thread.java:748)
Caused by: org.apache.ratis.thirdparty.io.grpc.StatusRuntimeException: UNAVAILABLE: io exception
	at org.apache.ratis.thirdparty.io.grpc.stub.ClientCalls.toStatusRuntimeException(ClientCalls.java:233)
	at org.apache.ratis.thirdparty.io.grpc.stub.ClientCalls.getUnchecked(ClientCalls.java:214)
	at org.apache.ratis.thirdparty.io.grpc.stub.ClientCalls.blockingUnaryCall(ClientCalls.java:139)
	at org.apache.ratis.proto.grpc.RaftServerProtocolServiceGrpc$RaftServerProtocolServiceBlockingStub.requestVote(RaftServerProtocolServiceGrpc.java:265)
	at org.apache.ratis.grpc.server.GrpcServerProtocolClient.requestVote(GrpcServerProtocolClient.java:99)
	at org.apache.ratis.grpc.server.GrpcService.requestVote(GrpcService.java:204)
	at org.apache.ratis.server.impl.LeaderElection.lambda$submitRequests$1(LeaderElection.java:234)
	at java.util.concurrent.FutureTask.run(FutureTask.java:266)
	at java.util.concurrent.Executors$RunnableAdapter.call(Executors.java:511)
	at java.util.concurrent.FutureTask.run(FutureTask.java:266)
	at java.util.concurrent.ThreadPoolExecutor.runWorker(ThreadPoolExecutor.java:1149)
	at java.util.concurrent.ThreadPoolExecutor$Worker.run(ThreadPoolExecutor.java:624)
	... 1 more
Caused by: org.apache.ratis.thirdparty.io.netty.channel.AbstractChannel$AnnotatedConnectException: Connection refused: /192.168.164.213:41180
	at sun.nio.ch.SocketChannelImpl.checkConnect(Native Method)
	at sun.nio.ch.SocketChannelImpl.finishConnect(SocketChannelImpl.java:717)
	at org.apache.ratis.thirdparty.io.netty.channel.socket.nio.NioSocketChannel.doFinishConnect(NioSocketChannel.java:327)
	at org.apache.ratis.thirdparty.io.netty.channel.nio.AbstractNioChannel$AbstractNioUnsafe.finishConnect(AbstractNioChannel.java:340)
	at org.apache.ratis.thirdparty.io.netty.channel.nio.NioEventLoop.processSelectedKey(NioEventLoop.java:632)
	at org.apache.ratis.thirdparty.io.netty.channel.nio.NioEventLoop.processSelectedKeysOptimized(NioEventLoop.java:579)
	at org.apache.ratis.thirdparty.io.netty.channel.nio.NioEventLoop.processSelectedKeys(NioEventLoop.java:496)
	at org.apache.ratis.thirdparty.io.netty.channel.nio.NioEventLoop.run(NioEventLoop.java:458)
	at org.apache.ratis.thirdparty.io.netty.util.concurrent.SingleThreadEventExecutor$5.run(SingleThreadEventExecutor.java:897)
	at org.apache.ratis.thirdparty.io.netty.util.concurrent.FastThreadLocalRunnable.run(FastThreadLocalRunnable.java:30)
	... 1 more
Caused by: java.net.ConnectException: Connection refused
	... 11 more
2019-10-24 15:44:25,711 [af280123-6372-4d1f-a5d4-c36229a73203@group-75C85B6D1182-LeaderElection296] INFO  impl.LeaderElection (LeaderElection.java:logAndReturn(56)) - af280123-6372-4d1f-a5d4-c36229a73203@group-75C85B6D1182-LeaderElection296: Election REJECTED; received 0 response(s) [] and 2 exception(s); af280123-6372-4d1f-a5d4-c36229a73203@group-75C85B6D1182:t288, leader=null, voted=af280123-6372-4d1f-a5d4-c36229a73203, raftlog=af280123-6372-4d1f-a5d4-c36229a73203@group-75C85B6D1182-SegmentedRaftLog:OPENED:c-1,f-1,i0, conf=-1: [9092f221-0e0d-4970-bb84-cacd95020f21:192.168.164.213:41903, af280123-6372-4d1f-a5d4-c36229a73203:192.168.164.213:35334, b4ae536c-ed18-4717-a75c-ca4b5d6c4001:192.168.164.213:41180], old=null
2019-10-24 15:44:25,711 [af280123-6372-4d1f-a5d4-c36229a73203@group-75C85B6D1182-LeaderElection296] INFO  impl.LeaderElection (LogUtils.java:infoOrTrace(149)) -   Exception 0: {}
java.util.concurrent.ExecutionException: org.apache.ratis.thirdparty.io.grpc.StatusRuntimeException: UNAVAILABLE: io exception
	at java.util.concurrent.FutureTask.report(FutureTask.java:122)
	at java.util.concurrent.FutureTask.get(FutureTask.java:192)
	at org.apache.ratis.server.impl.LeaderElection.waitForResults(LeaderElection.java:259)
	at org.apache.ratis.server.impl.LeaderElection.askForVotes(LeaderElection.java:197)
	at org.apache.ratis.server.impl.LeaderElection.run(LeaderElection.java:133)
	at java.lang.Thread.run(Thread.java:748)
Caused by: org.apache.ratis.thirdparty.io.grpc.StatusRuntimeException: UNAVAILABLE: io exception
	at org.apache.ratis.thirdparty.io.grpc.stub.ClientCalls.toStatusRuntimeException(ClientCalls.java:233)
	at org.apache.ratis.thirdparty.io.grpc.stub.ClientCalls.getUnchecked(ClientCalls.java:214)
	at org.apache.ratis.thirdparty.io.grpc.stub.ClientCalls.blockingUnaryCall(ClientCalls.java:139)
	at org.apache.ratis.proto.grpc.RaftServerProtocolServiceGrpc$RaftServerProtocolServiceBlockingStub.requestVote(RaftServerProtocolServiceGrpc.java:265)
	at org.apache.ratis.grpc.server.GrpcServerProtocolClient.requestVote(GrpcServerProtocolClient.java:99)
	at org.apache.ratis.grpc.server.GrpcService.requestVote(GrpcService.java:204)
	at org.apache.ratis.server.impl.LeaderElection.lambda$submitRequests$1(LeaderElection.java:234)
	at java.util.concurrent.FutureTask.run(FutureTask.java:266)
	at java.util.concurrent.Executors$RunnableAdapter.call(Executors.java:511)
	at java.util.concurrent.FutureTask.run(FutureTask.java:266)
	at java.util.concurrent.ThreadPoolExecutor.runWorker(ThreadPoolExecutor.java:1149)
	at java.util.concurrent.ThreadPoolExecutor$Worker.run(ThreadPoolExecutor.java:624)
	... 1 more
Caused by: org.apache.ratis.thirdparty.io.netty.channel.AbstractChannel$AnnotatedConnectException: Connection refused: /192.168.164.213:41903
	at sun.nio.ch.SocketChannelImpl.checkConnect(Native Method)
	at sun.nio.ch.SocketChannelImpl.finishConnect(SocketChannelImpl.java:717)
	at org.apache.ratis.thirdparty.io.netty.channel.socket.nio.NioSocketChannel.doFinishConnect(NioSocketChannel.java:327)
	at org.apache.ratis.thirdparty.io.netty.channel.nio.AbstractNioChannel$AbstractNioUnsafe.finishConnect(AbstractNioChannel.java:340)
	at org.apache.ratis.thirdparty.io.netty.channel.nio.NioEventLoop.processSelectedKey(NioEventLoop.java:632)
	at org.apache.ratis.thirdparty.io.netty.channel.nio.NioEventLoop.processSelectedKeysOptimized(NioEventLoop.java:579)
	at org.apache.ratis.thirdparty.io.netty.channel.nio.NioEventLoop.processSelectedKeys(NioEventLoop.java:496)
	at org.apache.ratis.thirdparty.io.netty.channel.nio.NioEventLoop.run(NioEventLoop.java:458)
	at org.apache.ratis.thirdparty.io.netty.util.concurrent.SingleThreadEventExecutor$5.run(SingleThreadEventExecutor.java:897)
	at org.apache.ratis.thirdparty.io.netty.util.concurrent.FastThreadLocalRunnable.run(FastThreadLocalRunnable.java:30)
	... 1 more
Caused by: java.net.ConnectException: Connection refused
	... 11 more
2019-10-24 15:44:25,711 [af280123-6372-4d1f-a5d4-c36229a73203@group-75C85B6D1182-LeaderElection296] INFO  impl.LeaderElection (LogUtils.java:infoOrTrace(149)) -   Exception 1: {}
java.util.concurrent.ExecutionException: org.apache.ratis.thirdparty.io.grpc.StatusRuntimeException: UNAVAILABLE: io exception
	at java.util.concurrent.FutureTask.report(FutureTask.java:122)
	at java.util.concurrent.FutureTask.get(FutureTask.java:192)
	at org.apache.ratis.server.impl.LeaderElection.waitForResults(LeaderElection.java:259)
	at org.apache.ratis.server.impl.LeaderElection.askForVotes(LeaderElection.java:197)
	at org.apache.ratis.server.impl.LeaderElection.run(LeaderElection.java:133)
	at java.lang.Thread.run(Thread.java:748)
Caused by: org.apache.ratis.thirdparty.io.grpc.StatusRuntimeException: UNAVAILABLE: io exception
	at org.apache.ratis.thirdparty.io.grpc.stub.ClientCalls.toStatusRuntimeException(ClientCalls.java:233)
	at org.apache.ratis.thirdparty.io.grpc.stub.ClientCalls.getUnchecked(ClientCalls.java:214)
	at org.apache.ratis.thirdparty.io.grpc.stub.ClientCalls.blockingUnaryCall(ClientCalls.java:139)
	at org.apache.ratis.proto.grpc.RaftServerProtocolServiceGrpc$RaftServerProtocolServiceBlockingStub.requestVote(RaftServerProtocolServiceGrpc.java:265)
	at org.apache.ratis.grpc.server.GrpcServerProtocolClient.requestVote(GrpcServerProtocolClient.java:99)
	at org.apache.ratis.grpc.server.GrpcService.requestVote(GrpcService.java:204)
	at org.apache.ratis.server.impl.LeaderElection.lambda$submitRequests$1(LeaderElection.java:234)
	at java.util.concurrent.FutureTask.run(FutureTask.java:266)
	at java.util.concurrent.Executors$RunnableAdapter.call(Executors.java:511)
	at java.util.concurrent.FutureTask.run(FutureTask.java:266)
	at java.util.concurrent.ThreadPoolExecutor.runWorker(ThreadPoolExecutor.java:1149)
	at java.util.concurrent.ThreadPoolExecutor$Worker.run(ThreadPoolExecutor.java:624)
	... 1 more
Caused by: org.apache.ratis.thirdparty.io.netty.channel.AbstractChannel$AnnotatedConnectException: Connection refused: /192.168.164.213:41180
	at sun.nio.ch.SocketChannelImpl.checkConnect(Native Method)
	at sun.nio.ch.SocketChannelImpl.finishConnect(SocketChannelImpl.java:717)
	at org.apache.ratis.thirdparty.io.netty.channel.socket.nio.NioSocketChannel.doFinishConnect(NioSocketChannel.java:327)
	at org.apache.ratis.thirdparty.io.netty.channel.nio.AbstractNioChannel$AbstractNioUnsafe.finishConnect(AbstractNioChannel.java:340)
	at org.apache.ratis.thirdparty.io.netty.channel.nio.NioEventLoop.processSelectedKey(NioEventLoop.java:632)
	at org.apache.ratis.thirdparty.io.netty.channel.nio.NioEventLoop.processSelectedKeysOptimized(NioEventLoop.java:579)
	at org.apache.ratis.thirdparty.io.netty.channel.nio.NioEventLoop.processSelectedKeys(NioEventLoop.java:496)
	at org.apache.ratis.thirdparty.io.netty.channel.nio.NioEventLoop.run(NioEventLoop.java:458)
	at org.apache.ratis.thirdparty.io.netty.util.concurrent.SingleThreadEventExecutor$5.run(SingleThreadEventExecutor.java:897)
	at org.apache.ratis.thirdparty.io.netty.util.concurrent.FastThreadLocalRunnable.run(FastThreadLocalRunnable.java:30)
	... 1 more
Caused by: java.net.ConnectException: Connection refused
	... 11 more
2019-10-24 15:44:25,712 [af280123-6372-4d1f-a5d4-c36229a73203@group-75C85B6D1182-LeaderElection296] INFO  impl.RaftServerImpl (RaftServerImpl.java:setRole(184)) - af280123-6372-4d1f-a5d4-c36229a73203@group-75C85B6D1182: changes role from CANDIDATE to FOLLOWER at term 288 for DISCOVERED_A_NEW_TERM
2019-10-24 15:44:25,712 [af280123-6372-4d1f-a5d4-c36229a73203@group-75C85B6D1182-LeaderElection296] INFO  impl.RoleInfo (RoleInfo.java:shutdownLeaderElection(134)) - af280123-6372-4d1f-a5d4-c36229a73203: shutdown LeaderElection
2019-10-24 15:44:25,712 [af280123-6372-4d1f-a5d4-c36229a73203@group-75C85B6D1182-LeaderElection296] INFO  impl.RoleInfo (RoleInfo.java:updateAndGet(143)) - af280123-6372-4d1f-a5d4-c36229a73203: start FollowerState
2019-10-24 15:44:25,846 [Thread-2318] INFO  impl.FollowerState (FollowerState.java:run(108)) - a667faea-0fef-4f07-8d37-e0d8f63f2a62@group-56059261E3EC-FollowerState: change to CANDIDATE, lastRpcTime:1155ms, electionTimeout:1155ms
2019-10-24 15:44:25,846 [Thread-2318] INFO  impl.RoleInfo (RoleInfo.java:shutdownFollowerState(121)) - a667faea-0fef-4f07-8d37-e0d8f63f2a62: shutdown FollowerState
2019-10-24 15:44:25,847 [Thread-2318] INFO  impl.RaftServerImpl (RaftServerImpl.java:setRole(184)) - a667faea-0fef-4f07-8d37-e0d8f63f2a62@group-56059261E3EC: changes role from  FOLLOWER to CANDIDATE at term 10 for changeToCandidate
2019-10-24 15:44:25,847 [Thread-2318] INFO  impl.RoleInfo (RoleInfo.java:updateAndGet(143)) - a667faea-0fef-4f07-8d37-e0d8f63f2a62: start LeaderElection
2019-10-24 15:44:25,859 [a667faea-0fef-4f07-8d37-e0d8f63f2a62@group-56059261E3EC-LeaderElection297] INFO  impl.LeaderElection (LeaderElection.java:askForVotes(178)) - a667faea-0fef-4f07-8d37-e0d8f63f2a62@group-56059261E3EC-LeaderElection297: begin an election at term 11 for 0: [3a65ecdf-e32f-4548-a2e5-44ab823c11b3:192.168.164.213:44036, a667faea-0fef-4f07-8d37-e0d8f63f2a62:192.168.164.213:36278, 2f81ded6-48e6-408d-9409-3cd44f70bee8:192.168.164.213:36516], old=null
2019-10-24 15:44:25,860 [a667faea-0fef-4f07-8d37-e0d8f63f2a62@group-56059261E3EC-LeaderElection297] INFO  impl.LeaderElection (LogUtils.java:infoOrTrace(149)) - a667faea-0fef-4f07-8d37-e0d8f63f2a62@group-56059261E3EC-LeaderElection297 got exception when requesting votes: {}
java.util.concurrent.ExecutionException: org.apache.ratis.thirdparty.io.grpc.StatusRuntimeException: UNAVAILABLE: io exception
	at java.util.concurrent.FutureTask.report(FutureTask.java:122)
	at java.util.concurrent.FutureTask.get(FutureTask.java:192)
	at org.apache.ratis.server.impl.LeaderElection.waitForResults(LeaderElection.java:259)
	at org.apache.ratis.server.impl.LeaderElection.askForVotes(LeaderElection.java:197)
	at org.apache.ratis.server.impl.LeaderElection.run(LeaderElection.java:133)
	at java.lang.Thread.run(Thread.java:748)
Caused by: org.apache.ratis.thirdparty.io.grpc.StatusRuntimeException: UNAVAILABLE: io exception
	at org.apache.ratis.thirdparty.io.grpc.stub.ClientCalls.toStatusRuntimeException(ClientCalls.java:233)
	at org.apache.ratis.thirdparty.io.grpc.stub.ClientCalls.getUnchecked(ClientCalls.java:214)
	at org.apache.ratis.thirdparty.io.grpc.stub.ClientCalls.blockingUnaryCall(ClientCalls.java:139)
	at org.apache.ratis.proto.grpc.RaftServerProtocolServiceGrpc$RaftServerProtocolServiceBlockingStub.requestVote(RaftServerProtocolServiceGrpc.java:265)
	at org.apache.ratis.grpc.server.GrpcServerProtocolClient.requestVote(GrpcServerProtocolClient.java:99)
	at org.apache.ratis.grpc.server.GrpcService.requestVote(GrpcService.java:204)
	at org.apache.ratis.server.impl.LeaderElection.lambda$submitRequests$1(LeaderElection.java:234)
	at java.util.concurrent.FutureTask.run(FutureTask.java:266)
	at java.util.concurrent.Executors$RunnableAdapter.call(Executors.java:511)
	at java.util.concurrent.FutureTask.run(FutureTask.java:266)
	at java.util.concurrent.ThreadPoolExecutor.runWorker(ThreadPoolExecutor.java:1149)
	at java.util.concurrent.ThreadPoolExecutor$Worker.run(ThreadPoolExecutor.java:624)
	... 1 more
Caused by: org.apache.ratis.thirdparty.io.netty.channel.AbstractChannel$AnnotatedConnectException: Connection refused: /192.168.164.213:44036
	at sun.nio.ch.SocketChannelImpl.checkConnect(Native Method)
	at sun.nio.ch.SocketChannelImpl.finishConnect(SocketChannelImpl.java:717)
	at org.apache.ratis.thirdparty.io.netty.channel.socket.nio.NioSocketChannel.doFinishConnect(NioSocketChannel.java:327)
	at org.apache.ratis.thirdparty.io.netty.channel.nio.AbstractNioChannel$AbstractNioUnsafe.finishConnect(AbstractNioChannel.java:340)
	at org.apache.ratis.thirdparty.io.netty.channel.nio.NioEventLoop.processSelectedKey(NioEventLoop.java:632)
	at org.apache.ratis.thirdparty.io.netty.channel.nio.NioEventLoop.processSelectedKeysOptimized(NioEventLoop.java:579)
	at org.apache.ratis.thirdparty.io.netty.channel.nio.NioEventLoop.processSelectedKeys(NioEventLoop.java:496)
	at org.apache.ratis.thirdparty.io.netty.channel.nio.NioEventLoop.run(NioEventLoop.java:458)
	at org.apache.ratis.thirdparty.io.netty.util.concurrent.SingleThreadEventExecutor$5.run(SingleThreadEventExecutor.java:897)
	at org.apache.ratis.thirdparty.io.netty.util.concurrent.FastThreadLocalRunnable.run(FastThreadLocalRunnable.java:30)
	... 1 more
Caused by: java.net.ConnectException: Connection refused
	... 11 more
2019-10-24 15:44:25,861 [a667faea-0fef-4f07-8d37-e0d8f63f2a62@group-56059261E3EC-LeaderElection297] INFO  impl.LeaderElection (LogUtils.java:infoOrTrace(149)) - a667faea-0fef-4f07-8d37-e0d8f63f2a62@group-56059261E3EC-LeaderElection297 got exception when requesting votes: {}
java.util.concurrent.ExecutionException: org.apache.ratis.thirdparty.io.grpc.StatusRuntimeException: UNAVAILABLE: io exception
	at java.util.concurrent.FutureTask.report(FutureTask.java:122)
	at java.util.concurrent.FutureTask.get(FutureTask.java:192)
	at org.apache.ratis.server.impl.LeaderElection.waitForResults(LeaderElection.java:259)
	at org.apache.ratis.server.impl.LeaderElection.askForVotes(LeaderElection.java:197)
	at org.apache.ratis.server.impl.LeaderElection.run(LeaderElection.java:133)
	at java.lang.Thread.run(Thread.java:748)
Caused by: org.apache.ratis.thirdparty.io.grpc.StatusRuntimeException: UNAVAILABLE: io exception
	at org.apache.ratis.thirdparty.io.grpc.stub.ClientCalls.toStatusRuntimeException(ClientCalls.java:233)
	at org.apache.ratis.thirdparty.io.grpc.stub.ClientCalls.getUnchecked(ClientCalls.java:214)
	at org.apache.ratis.thirdparty.io.grpc.stub.ClientCalls.blockingUnaryCall(ClientCalls.java:139)
	at org.apache.ratis.proto.grpc.RaftServerProtocolServiceGrpc$RaftServerProtocolServiceBlockingStub.requestVote(RaftServerProtocolServiceGrpc.java:265)
	at org.apache.ratis.grpc.server.GrpcServerProtocolClient.requestVote(GrpcServerProtocolClient.java:99)
	at org.apache.ratis.grpc.server.GrpcService.requestVote(GrpcService.java:204)
	at org.apache.ratis.server.impl.LeaderElection.lambda$submitRequests$1(LeaderElection.java:234)
	at java.util.concurrent.FutureTask.run(FutureTask.java:266)
	at java.util.concurrent.Executors$RunnableAdapter.call(Executors.java:511)
	at java.util.concurrent.FutureTask.run(FutureTask.java:266)
	at java.util.concurrent.ThreadPoolExecutor.runWorker(ThreadPoolExecutor.java:1149)
	at java.util.concurrent.ThreadPoolExecutor$Worker.run(ThreadPoolExecutor.java:624)
	... 1 more
Caused by: org.apache.ratis.thirdparty.io.netty.channel.AbstractChannel$AnnotatedConnectException: Connection refused: /192.168.164.213:36516
	at sun.nio.ch.SocketChannelImpl.checkConnect(Native Method)
	at sun.nio.ch.SocketChannelImpl.finishConnect(SocketChannelImpl.java:717)
	at org.apache.ratis.thirdparty.io.netty.channel.socket.nio.NioSocketChannel.doFinishConnect(NioSocketChannel.java:327)
	at org.apache.ratis.thirdparty.io.netty.channel.nio.AbstractNioChannel$AbstractNioUnsafe.finishConnect(AbstractNioChannel.java:340)
	at org.apache.ratis.thirdparty.io.netty.channel.nio.NioEventLoop.processSelectedKey(NioEventLoop.java:632)
	at org.apache.ratis.thirdparty.io.netty.channel.nio.NioEventLoop.processSelectedKeysOptimized(NioEventLoop.java:579)
	at org.apache.ratis.thirdparty.io.netty.channel.nio.NioEventLoop.processSelectedKeys(NioEventLoop.java:496)
	at org.apache.ratis.thirdparty.io.netty.channel.nio.NioEventLoop.run(NioEventLoop.java:458)
	at org.apache.ratis.thirdparty.io.netty.util.concurrent.SingleThreadEventExecutor$5.run(SingleThreadEventExecutor.java:897)
	at org.apache.ratis.thirdparty.io.netty.util.concurrent.FastThreadLocalRunnable.run(FastThreadLocalRunnable.java:30)
	... 1 more
Caused by: java.net.ConnectException: Connection refused
	... 11 more
2019-10-24 15:44:25,862 [a667faea-0fef-4f07-8d37-e0d8f63f2a62@group-56059261E3EC-LeaderElection297] INFO  impl.LeaderElection (LeaderElection.java:logAndReturn(56)) - a667faea-0fef-4f07-8d37-e0d8f63f2a62@group-56059261E3EC-LeaderElection297: Election REJECTED; received 0 response(s) [] and 2 exception(s); a667faea-0fef-4f07-8d37-e0d8f63f2a62@group-56059261E3EC:t11, leader=null, voted=a667faea-0fef-4f07-8d37-e0d8f63f2a62, raftlog=a667faea-0fef-4f07-8d37-e0d8f63f2a62@group-56059261E3EC-SegmentedRaftLog:OPENED:c16,f16,i16, conf=0: [3a65ecdf-e32f-4548-a2e5-44ab823c11b3:192.168.164.213:44036, a667faea-0fef-4f07-8d37-e0d8f63f2a62:192.168.164.213:36278, 2f81ded6-48e6-408d-9409-3cd44f70bee8:192.168.164.213:36516], old=null
2019-10-24 15:44:25,862 [a667faea-0fef-4f07-8d37-e0d8f63f2a62@group-56059261E3EC-LeaderElection297] INFO  impl.LeaderElection (LogUtils.java:infoOrTrace(149)) -   Exception 0: {}
java.util.concurrent.ExecutionException: org.apache.ratis.thirdparty.io.grpc.StatusRuntimeException: UNAVAILABLE: io exception
	at java.util.concurrent.FutureTask.report(FutureTask.java:122)
	at java.util.concurrent.FutureTask.get(FutureTask.java:192)
	at org.apache.ratis.server.impl.LeaderElection.waitForResults(LeaderElection.java:259)
	at org.apache.ratis.server.impl.LeaderElection.askForVotes(LeaderElection.java:197)
	at org.apache.ratis.server.impl.LeaderElection.run(LeaderElection.java:133)
	at java.lang.Thread.run(Thread.java:748)
Caused by: org.apache.ratis.thirdparty.io.grpc.StatusRuntimeException: UNAVAILABLE: io exception
	at org.apache.ratis.thirdparty.io.grpc.stub.ClientCalls.toStatusRuntimeException(ClientCalls.java:233)
	at org.apache.ratis.thirdparty.io.grpc.stub.ClientCalls.getUnchecked(ClientCalls.java:214)
	at org.apache.ratis.thirdparty.io.grpc.stub.ClientCalls.blockingUnaryCall(ClientCalls.java:139)
	at org.apache.ratis.proto.grpc.RaftServerProtocolServiceGrpc$RaftServerProtocolServiceBlockingStub.requestVote(RaftServerProtocolServiceGrpc.java:265)
	at org.apache.ratis.grpc.server.GrpcServerProtocolClient.requestVote(GrpcServerProtocolClient.java:99)
	at org.apache.ratis.grpc.server.GrpcService.requestVote(GrpcService.java:204)
	at org.apache.ratis.server.impl.LeaderElection.lambda$submitRequests$1(LeaderElection.java:234)
	at java.util.concurrent.FutureTask.run(FutureTask.java:266)
	at java.util.concurrent.Executors$RunnableAdapter.call(Executors.java:511)
	at java.util.concurrent.FutureTask.run(FutureTask.java:266)
	at java.util.concurrent.ThreadPoolExecutor.runWorker(ThreadPoolExecutor.java:1149)
	at java.util.concurrent.ThreadPoolExecutor$Worker.run(ThreadPoolExecutor.java:624)
	... 1 more
Caused by: org.apache.ratis.thirdparty.io.netty.channel.AbstractChannel$AnnotatedConnectException: Connection refused: /192.168.164.213:44036
	at sun.nio.ch.SocketChannelImpl.checkConnect(Native Method)
	at sun.nio.ch.SocketChannelImpl.finishConnect(SocketChannelImpl.java:717)
	at org.apache.ratis.thirdparty.io.netty.channel.socket.nio.NioSocketChannel.doFinishConnect(NioSocketChannel.java:327)
	at org.apache.ratis.thirdparty.io.netty.channel.nio.AbstractNioChannel$AbstractNioUnsafe.finishConnect(AbstractNioChannel.java:340)
	at org.apache.ratis.thirdparty.io.netty.channel.nio.NioEventLoop.processSelectedKey(NioEventLoop.java:632)
	at org.apache.ratis.thirdparty.io.netty.channel.nio.NioEventLoop.processSelectedKeysOptimized(NioEventLoop.java:579)
	at org.apache.ratis.thirdparty.io.netty.channel.nio.NioEventLoop.processSelectedKeys(NioEventLoop.java:496)
	at org.apache.ratis.thirdparty.io.netty.channel.nio.NioEventLoop.run(NioEventLoop.java:458)
	at org.apache.ratis.thirdparty.io.netty.util.concurrent.SingleThreadEventExecutor$5.run(SingleThreadEventExecutor.java:897)
	at org.apache.ratis.thirdparty.io.netty.util.concurrent.FastThreadLocalRunnable.run(FastThreadLocalRunnable.java:30)
	... 1 more
Caused by: java.net.ConnectException: Connection refused
	... 11 more
2019-10-24 15:44:25,862 [a667faea-0fef-4f07-8d37-e0d8f63f2a62@group-56059261E3EC-LeaderElection297] INFO  impl.LeaderElection (LogUtils.java:infoOrTrace(149)) -   Exception 1: {}
java.util.concurrent.ExecutionException: org.apache.ratis.thirdparty.io.grpc.StatusRuntimeException: UNAVAILABLE: io exception
	at java.util.concurrent.FutureTask.report(FutureTask.java:122)
	at java.util.concurrent.FutureTask.get(FutureTask.java:192)
	at org.apache.ratis.server.impl.LeaderElection.waitForResults(LeaderElection.java:259)
	at org.apache.ratis.server.impl.LeaderElection.askForVotes(LeaderElection.java:197)
	at org.apache.ratis.server.impl.LeaderElection.run(LeaderElection.java:133)
	at java.lang.Thread.run(Thread.java:748)
Caused by: org.apache.ratis.thirdparty.io.grpc.StatusRuntimeException: UNAVAILABLE: io exception
	at org.apache.ratis.thirdparty.io.grpc.stub.ClientCalls.toStatusRuntimeException(ClientCalls.java:233)
	at org.apache.ratis.thirdparty.io.grpc.stub.ClientCalls.getUnchecked(ClientCalls.java:214)
	at org.apache.ratis.thirdparty.io.grpc.stub.ClientCalls.blockingUnaryCall(ClientCalls.java:139)
	at org.apache.ratis.proto.grpc.RaftServerProtocolServiceGrpc$RaftServerProtocolServiceBlockingStub.requestVote(RaftServerProtocolServiceGrpc.java:265)
	at org.apache.ratis.grpc.server.GrpcServerProtocolClient.requestVote(GrpcServerProtocolClient.java:99)
	at org.apache.ratis.grpc.server.GrpcService.requestVote(GrpcService.java:204)
	at org.apache.ratis.server.impl.LeaderElection.lambda$submitRequests$1(LeaderElection.java:234)
	at java.util.concurrent.FutureTask.run(FutureTask.java:266)
	at java.util.concurrent.Executors$RunnableAdapter.call(Executors.java:511)
	at java.util.concurrent.FutureTask.run(FutureTask.java:266)
	at java.util.concurrent.ThreadPoolExecutor.runWorker(ThreadPoolExecutor.java:1149)
	at java.util.concurrent.ThreadPoolExecutor$Worker.run(ThreadPoolExecutor.java:624)
	... 1 more
Caused by: org.apache.ratis.thirdparty.io.netty.channel.AbstractChannel$AnnotatedConnectException: Connection refused: /192.168.164.213:36516
	at sun.nio.ch.SocketChannelImpl.checkConnect(Native Method)
	at sun.nio.ch.SocketChannelImpl.finishConnect(SocketChannelImpl.java:717)
	at org.apache.ratis.thirdparty.io.netty.channel.socket.nio.NioSocketChannel.doFinishConnect(NioSocketChannel.java:327)
	at org.apache.ratis.thirdparty.io.netty.channel.nio.AbstractNioChannel$AbstractNioUnsafe.finishConnect(AbstractNioChannel.java:340)
	at org.apache.ratis.thirdparty.io.netty.channel.nio.NioEventLoop.processSelectedKey(NioEventLoop.java:632)
	at org.apache.ratis.thirdparty.io.netty.channel.nio.NioEventLoop.processSelectedKeysOptimized(NioEventLoop.java:579)
	at org.apache.ratis.thirdparty.io.netty.channel.nio.NioEventLoop.processSelectedKeys(NioEventLoop.java:496)
	at org.apache.ratis.thirdparty.io.netty.channel.nio.NioEventLoop.run(NioEventLoop.java:458)
	at org.apache.ratis.thirdparty.io.netty.util.concurrent.SingleThreadEventExecutor$5.run(SingleThreadEventExecutor.java:897)
	at org.apache.ratis.thirdparty.io.netty.util.concurrent.FastThreadLocalRunnable.run(FastThreadLocalRunnable.java:30)
	... 1 more
Caused by: java.net.ConnectException: Connection refused
	... 11 more
2019-10-24 15:44:25,863 [a667faea-0fef-4f07-8d37-e0d8f63f2a62@group-56059261E3EC-LeaderElection297] INFO  impl.RaftServerImpl (RaftServerImpl.java:setRole(184)) - a667faea-0fef-4f07-8d37-e0d8f63f2a62@group-56059261E3EC: changes role from CANDIDATE to FOLLOWER at term 11 for DISCOVERED_A_NEW_TERM
2019-10-24 15:44:25,863 [a667faea-0fef-4f07-8d37-e0d8f63f2a62@group-56059261E3EC-LeaderElection297] INFO  impl.RoleInfo (RoleInfo.java:shutdownLeaderElection(134)) - a667faea-0fef-4f07-8d37-e0d8f63f2a62: shutdown LeaderElection
2019-10-24 15:44:25,863 [a667faea-0fef-4f07-8d37-e0d8f63f2a62@group-56059261E3EC-LeaderElection297] INFO  impl.RoleInfo (RoleInfo.java:updateAndGet(143)) - a667faea-0fef-4f07-8d37-e0d8f63f2a62: start FollowerState
2019-10-24 15:44:25,890 [ForkJoinPool.commonPool-worker-0] INFO  ozoneimpl.OzoneContainer (OzoneContainer.java:stop(227)) - Attempting to stop container services.
2019-10-24 15:44:25,890 [ForkJoinPool.commonPool-worker-0] INFO  impl.RaftServerProxy (RaftServerProxy.java:lambda$close$4(314)) - a667faea-0fef-4f07-8d37-e0d8f63f2a62: close
2019-10-24 15:44:25,891 [ForkJoinPool.commonPool-worker-0] INFO  impl.RaftServerImpl (RaftServerImpl.java:lambda$shutdown$3(261)) - a667faea-0fef-4f07-8d37-e0d8f63f2a62@group-D4E7B976B1FA: shutdown
2019-10-24 15:44:25,891 [ForkJoinPool.commonPool-worker-0] INFO  util.JmxRegister (JmxRegister.java:unregister(73)) - Successfully un-registered JMX Bean with object name Ratis:service=RaftServer,group=group-D4E7B976B1FA,id=a667faea-0fef-4f07-8d37-e0d8f63f2a62
2019-10-24 15:44:25,891 [ForkJoinPool.commonPool-worker-0] INFO  impl.RoleInfo (RoleInfo.java:shutdownLeaderState(104)) - a667faea-0fef-4f07-8d37-e0d8f63f2a62: shutdown LeaderState
2019-10-24 15:44:25,892 [ForkJoinPool.commonPool-worker-0] INFO  impl.PendingRequests (PendingRequests.java:sendNotLeaderResponses(202)) - a667faea-0fef-4f07-8d37-e0d8f63f2a62@group-D4E7B976B1FA-PendingRequests: sendNotLeaderResponses
2019-10-24 15:44:25,892 [ForkJoinPool.commonPool-worker-0] INFO  impl.StateMachineUpdater (StateMachineUpdater.java:stopAndJoin(136)) - a667faea-0fef-4f07-8d37-e0d8f63f2a62@group-D4E7B976B1FA-StateMachineUpdater: set stopIndex = 0
2019-10-24 15:44:25,894 [ForkJoinPool.commonPool-worker-0] INFO  impl.RaftServerImpl (ServerState.java:close(388)) - a667faea-0fef-4f07-8d37-e0d8f63f2a62@group-D4E7B976B1FA: closes. applyIndex: 0
2019-10-24 15:44:25,895 [a667faea-0fef-4f07-8d37-e0d8f63f2a62@group-D4E7B976B1FA-SegmentedRaftLogWorker] INFO  segmented.SegmentedRaftLogWorker (SegmentedRaftLogWorker.java:run(316)) - a667faea-0fef-4f07-8d37-e0d8f63f2a62@group-D4E7B976B1FA-SegmentedRaftLogWorker was interrupted, exiting. There are 0 tasks remaining in the queue.
2019-10-24 15:44:25,895 [ForkJoinPool.commonPool-worker-0] INFO  segmented.SegmentedRaftLogWorker (SegmentedRaftLogWorker.java:close(224)) - a667faea-0fef-4f07-8d37-e0d8f63f2a62@group-D4E7B976B1FA-SegmentedRaftLogWorker close()
2019-10-24 15:44:25,897 [ForkJoinPool.commonPool-worker-0] INFO  impl.RaftServerImpl (RaftServerImpl.java:lambda$shutdown$3(261)) - a667faea-0fef-4f07-8d37-e0d8f63f2a62@group-56059261E3EC: shutdown
2019-10-24 15:44:25,897 [ForkJoinPool.commonPool-worker-0] INFO  util.JmxRegister (JmxRegister.java:unregister(73)) - Successfully un-registered JMX Bean with object name Ratis:service=RaftServer,group=group-56059261E3EC,id=a667faea-0fef-4f07-8d37-e0d8f63f2a62
2019-10-24 15:44:25,897 [ForkJoinPool.commonPool-worker-0] INFO  impl.RoleInfo (RoleInfo.java:shutdownFollowerState(121)) - a667faea-0fef-4f07-8d37-e0d8f63f2a62: shutdown FollowerState
2019-10-24 15:44:25,898 [ForkJoinPool.commonPool-worker-0] INFO  impl.StateMachineUpdater (StateMachineUpdater.java:stopAndJoin(136)) - a667faea-0fef-4f07-8d37-e0d8f63f2a62@group-56059261E3EC-StateMachineUpdater: set stopIndex = 16
2019-10-24 15:44:25,898 [Thread-2354] INFO  impl.FollowerState (FollowerState.java:run(117)) - a667faea-0fef-4f07-8d37-e0d8f63f2a62@group-56059261E3EC-FollowerState was interrupted: java.lang.InterruptedException: sleep interrupted
2019-10-24 15:44:25,898 [a667faea-0fef-4f07-8d37-e0d8f63f2a62@group-56059261E3EC-StateMachineUpdater] INFO  ratis.ContainerStateMachine (ContainerStateMachine.java:takeSnapshot(294)) - group-56059261E3EC: Taking a snapshot at:(t:6, i:12) file /workdir/hadoop-ozone/integration-test/target/test-dir/MiniOzoneClusterImpl-0feb3ce4-70f4-42f6-988c-6bd7afad892e/datanode-1/data/ratis/1d06b086-ae5b-4193-a29f-56059261e3ec/sm/snapshot.6_12
2019-10-24 15:44:25,910 [Thread-2350] INFO  impl.FollowerState (FollowerState.java:run(108)) - af280123-6372-4d1f-a5d4-c36229a73203@group-75C85B6D1182-FollowerState: change to CANDIDATE, lastRpcTime:198ms, electionTimeout:198ms
2019-10-24 15:44:25,911 [Thread-2350] INFO  impl.RoleInfo (RoleInfo.java:shutdownFollowerState(121)) - af280123-6372-4d1f-a5d4-c36229a73203: shutdown FollowerState
2019-10-24 15:44:25,911 [Thread-2350] INFO  impl.RaftServerImpl (RaftServerImpl.java:setRole(184)) - af280123-6372-4d1f-a5d4-c36229a73203@group-75C85B6D1182: changes role from  FOLLOWER to CANDIDATE at term 288 for changeToCandidate
2019-10-24 15:44:25,911 [Thread-2350] INFO  impl.RoleInfo (RoleInfo.java:updateAndGet(143)) - af280123-6372-4d1f-a5d4-c36229a73203: start LeaderElection
2019-10-24 15:44:25,912 [main] INFO  ozoneimpl.OzoneContainer (OzoneContainer.java:stop(227)) - Attempting to stop container services.
2019-10-24 15:44:25,912 [a667faea-0fef-4f07-8d37-e0d8f63f2a62@group-56059261E3EC-StateMachineUpdater] INFO  ratis.ContainerStateMachine (ContainerStateMachine.java:takeSnapshot(305)) - group-56059261E3EC: Finished taking a snapshot at:(t:6, i:12) file:/workdir/hadoop-ozone/integration-test/target/test-dir/MiniOzoneClusterImpl-0feb3ce4-70f4-42f6-988c-6bd7afad892e/datanode-1/data/ratis/1d06b086-ae5b-4193-a29f-56059261e3ec/sm/snapshot.6_12 time:14
2019-10-24 15:44:25,913 [main] INFO  impl.RaftServerProxy (RaftServerProxy.java:lambda$close$4(314)) - af280123-6372-4d1f-a5d4-c36229a73203: close
2019-10-24 15:44:25,913 [a667faea-0fef-4f07-8d37-e0d8f63f2a62@group-56059261E3EC-StateMachineUpdater] INFO  impl.StateMachineUpdater (StateMachineUpdater.java:takeSnapshot(269)) - a667faea-0fef-4f07-8d37-e0d8f63f2a62@group-56059261E3EC-StateMachineUpdater: Took a snapshot at index 12
2019-10-24 15:44:25,914 [a667faea-0fef-4f07-8d37-e0d8f63f2a62@group-56059261E3EC-StateMachineUpdater] INFO  impl.StateMachineUpdater (StateMachineUpdater.java:lambda$new$0(84)) - a667faea-0fef-4f07-8d37-e0d8f63f2a62@group-56059261E3EC-StateMachineUpdater: snapshotIndex: updateIncreasingly -1 -> 12
2019-10-24 15:44:25,914 [main] INFO  impl.RaftServerImpl (RaftServerImpl.java:lambda$shutdown$3(261)) - af280123-6372-4d1f-a5d4-c36229a73203@group-75C85B6D1182: shutdown
2019-10-24 15:44:25,914 [a667faea-0fef-4f07-8d37-e0d8f63f2a62@group-56059261E3EC-StateMachineUpdater] INFO  ratis.ContainerStateMachine (ContainerStateMachine.java:takeSnapshot(294)) - group-56059261E3EC: Taking a snapshot at:(t:6, i:12) file /workdir/hadoop-ozone/integration-test/target/test-dir/MiniOzoneClusterImpl-0feb3ce4-70f4-42f6-988c-6bd7afad892e/datanode-1/data/ratis/1d06b086-ae5b-4193-a29f-56059261e3ec/sm/snapshot.6_12
2019-10-24 15:44:25,914 [main] INFO  util.JmxRegister (JmxRegister.java:unregister(73)) - Successfully un-registered JMX Bean with object name Ratis:service=RaftServer,group=group-75C85B6D1182,id=af280123-6372-4d1f-a5d4-c36229a73203
2019-10-24 15:44:25,915 [main] INFO  impl.RoleInfo (RoleInfo.java:shutdownLeaderElection(134)) - af280123-6372-4d1f-a5d4-c36229a73203: shutdown LeaderElection
2019-10-24 15:44:25,915 [main] INFO  impl.StateMachineUpdater (StateMachineUpdater.java:stopAndJoin(136)) - af280123-6372-4d1f-a5d4-c36229a73203@group-75C85B6D1182-StateMachineUpdater: set stopIndex = -1
2019-10-24 15:44:25,916 [main] INFO  impl.RaftServerImpl (ServerState.java:close(388)) - af280123-6372-4d1f-a5d4-c36229a73203@group-75C85B6D1182: closes. applyIndex: -1
2019-10-24 15:44:25,916 [af280123-6372-4d1f-a5d4-c36229a73203@group-75C85B6D1182-SegmentedRaftLogWorker] INFO  segmented.SegmentedRaftLogWorker (SegmentedRaftLogWorker.java:run(316)) - af280123-6372-4d1f-a5d4-c36229a73203@group-75C85B6D1182-SegmentedRaftLogWorker was interrupted, exiting. There are 0 tasks remaining in the queue.
2019-10-24 15:44:25,916 [main] INFO  segmented.SegmentedRaftLogWorker (SegmentedRaftLogWorker.java:close(224)) - af280123-6372-4d1f-a5d4-c36229a73203@group-75C85B6D1182-SegmentedRaftLogWorker close()
2019-10-24 15:44:25,918 [main] INFO  impl.RaftServerImpl (RaftServerImpl.java:lambda$shutdown$3(261)) - af280123-6372-4d1f-a5d4-c36229a73203@group-86C7A8AA2668: shutdown
2019-10-24 15:44:25,918 [main] INFO  util.JmxRegister (JmxRegister.java:unregister(73)) - Successfully un-registered JMX Bean with object name Ratis:service=RaftServer,group=group-86C7A8AA2668,id=af280123-6372-4d1f-a5d4-c36229a73203
2019-10-24 15:44:25,918 [main] INFO  impl.RoleInfo (RoleInfo.java:shutdownLeaderState(104)) - af280123-6372-4d1f-a5d4-c36229a73203: shutdown LeaderState
2019-10-24 15:44:25,919 [main] INFO  impl.PendingRequests (PendingRequests.java:sendNotLeaderResponses(202)) - af280123-6372-4d1f-a5d4-c36229a73203@group-86C7A8AA2668-PendingRequests: sendNotLeaderResponses
2019-10-24 15:44:25,919 [main] INFO  impl.StateMachineUpdater (StateMachineUpdater.java:stopAndJoin(136)) - af280123-6372-4d1f-a5d4-c36229a73203@group-86C7A8AA2668-StateMachineUpdater: set stopIndex = 0
2019-10-24 15:44:25,920 [main] INFO  impl.RaftServerImpl (ServerState.java:close(388)) - af280123-6372-4d1f-a5d4-c36229a73203@group-86C7A8AA2668: closes. applyIndex: 0
2019-10-24 15:44:25,920 [af280123-6372-4d1f-a5d4-c36229a73203@group-86C7A8AA2668-SegmentedRaftLogWorker] INFO  segmented.SegmentedRaftLogWorker (SegmentedRaftLogWorker.java:run(316)) - af280123-6372-4d1f-a5d4-c36229a73203@group-86C7A8AA2668-SegmentedRaftLogWorker was interrupted, exiting. There are 0 tasks remaining in the queue.
2019-10-24 15:44:25,920 [main] INFO  segmented.SegmentedRaftLogWorker (SegmentedRaftLogWorker.java:close(224)) - af280123-6372-4d1f-a5d4-c36229a73203@group-86C7A8AA2668-SegmentedRaftLogWorker close()
2019-10-24 15:44:25,921 [main] INFO  server.GrpcService (GrpcService.java:closeImpl(164)) - af280123-6372-4d1f-a5d4-c36229a73203: shutdown server with port 35334 now
2019-10-24 15:44:25,922 [main] INFO  server.GrpcService (GrpcService.java:closeImpl(172)) - af280123-6372-4d1f-a5d4-c36229a73203: shutdown server with port 35334 successfully
2019-10-24 15:44:25,925 [a667faea-0fef-4f07-8d37-e0d8f63f2a62@group-56059261E3EC-StateMachineUpdater] INFO  ratis.ContainerStateMachine (ContainerStateMachine.java:takeSnapshot(305)) - group-56059261E3EC: Finished taking a snapshot at:(t:6, i:12) file:/workdir/hadoop-ozone/integration-test/target/test-dir/MiniOzoneClusterImpl-0feb3ce4-70f4-42f6-988c-6bd7afad892e/datanode-1/data/ratis/1d06b086-ae5b-4193-a29f-56059261e3ec/sm/snapshot.6_12 time:11
2019-10-24 15:44:25,925 [af280123-6372-4d1f-a5d4-c36229a73203@group-75C85B6D1182-LeaderElection298] INFO  impl.LeaderElection (LeaderElection.java:askForVotes(178)) - af280123-6372-4d1f-a5d4-c36229a73203@group-75C85B6D1182-LeaderElection298: begin an election at term 289 for -1: [9092f221-0e0d-4970-bb84-cacd95020f21:192.168.164.213:41903, af280123-6372-4d1f-a5d4-c36229a73203:192.168.164.213:35334, b4ae536c-ed18-4717-a75c-ca4b5d6c4001:192.168.164.213:41180], old=null
2019-10-24 15:44:25,926 [a667faea-0fef-4f07-8d37-e0d8f63f2a62@group-56059261E3EC-StateMachineUpdater] INFO  impl.StateMachineUpdater (StateMachineUpdater.java:takeSnapshot(269)) - a667faea-0fef-4f07-8d37-e0d8f63f2a62@group-56059261E3EC-StateMachineUpdater: Took a snapshot at index 12
2019-10-24 15:44:25,926 [a667faea-0fef-4f07-8d37-e0d8f63f2a62@group-56059261E3EC-StateMachineUpdater] INFO  impl.StateMachineUpdater (StateMachineUpdater.java:lambda$new$0(84)) - a667faea-0fef-4f07-8d37-e0d8f63f2a62@group-56059261E3EC-StateMachineUpdater: snapshotIndex: updateIncreasingly 12 -> 12
2019-10-24 15:44:25,926 [af280123-6372-4d1f-a5d4-c36229a73203@group-75C85B6D1182-LeaderElection298] INFO  impl.LeaderElection (LeaderElection.java:run(137)) - af280123-6372-4d1f-a5d4-c36229a73203@group-75C85B6D1182-LeaderElection298: IllegalArgumentException is safely ignored since this is already CLOSING
java.lang.IllegalArgumentException: af280123-6372-4d1f-a5d4-c36229a73203@group-75C85B6D1182-SegmentedRaftLog is expected to be opened but it is CLOSED
	at org.apache.ratis.util.OpenCloseState.assertOpen(OpenCloseState.java:63)
	at org.apache.ratis.server.raftlog.RaftLog.checkLogState(RaftLog.java:102)
	at org.apache.ratis.server.raftlog.segmented.SegmentedRaftLog.getLastEntryTermIndex(SegmentedRaftLog.java:345)
	at org.apache.ratis.server.impl.LeaderElection.askForVotes(LeaderElection.java:180)
	at org.apache.ratis.server.impl.LeaderElection.run(LeaderElection.java:133)
	at java.lang.Thread.run(Thread.java:748)
Caused by: org.apache.ratis.util.OpenCloseState$CloseTrace: Close af280123-6372-4d1f-a5d4-c36229a73203@group-75C85B6D1182-SegmentedRaftLog
	at org.apache.ratis.util.OpenCloseState.lambda$close$1(OpenCloseState.java:109)
	at java.util.concurrent.atomic.AtomicReference.getAndUpdate(AtomicReference.java:160)
	at org.apache.ratis.util.OpenCloseState.close(OpenCloseState.java:109)
	at org.apache.ratis.server.raftlog.RaftLog.close(RaftLog.java:437)
	at org.apache.ratis.server.raftlog.segmented.SegmentedRaftLog.close(SegmentedRaftLog.java:500)
	at org.apache.ratis.server.impl.ServerState.close(ServerState.java:390)
	at org.apache.ratis.server.impl.RaftServerImpl.lambda$shutdown$3(RaftServerImpl.java:283)
	at org.apache.ratis.util.LifeCycle.lambda$checkStateAndClose$2(LifeCycle.java:231)
	at org.apache.ratis.util.LifeCycle.checkStateAndClose(LifeCycle.java:251)
	at org.apache.ratis.util.LifeCycle.checkStateAndClose(LifeCycle.java:229)
	at org.apache.ratis.server.impl.RaftServerImpl.shutdown(RaftServerImpl.java:260)
	at org.apache.ratis.server.impl.RaftServerProxy$ImplMap.lambda$close$0(RaftServerProxy.java:107)
	at java.util.stream.ForEachOps$ForEachOp$OfRef.accept(ForEachOps.java:183)
	at java.util.stream.ReferencePipeline$3$1.accept(ReferencePipeline.java:193)
	at java.util.concurrent.ConcurrentHashMap$ValueSpliterator.forEachRemaining(ConcurrentHashMap.java:3566)
	at java.util.stream.AbstractPipeline.copyInto(AbstractPipeline.java:482)
	at java.util.stream.ForEachOps$ForEachTask.compute(ForEachOps.java:290)
	at java.util.concurrent.CountedCompleter.exec(CountedCompleter.java:731)
	at java.util.concurrent.ForkJoinTask.doExec(ForkJoinTask.java:289)
	at java.util.concurrent.ForkJoinTask.doInvoke(ForkJoinTask.java:401)
	at java.util.concurrent.ForkJoinTask.invoke(ForkJoinTask.java:734)
	at java.util.stream.ForEachOps$ForEachOp.evaluateParallel(ForEachOps.java:159)
	at java.util.stream.ForEachOps$ForEachOp$OfRef.evaluateParallel(ForEachOps.java:173)
	at java.util.stream.AbstractPipeline.evaluate(AbstractPipeline.java:233)
	at java.util.stream.ReferencePipeline.forEach(ReferencePipeline.java:485)
	at org.apache.ratis.server.impl.RaftServerProxy$ImplMap.close(RaftServerProxy.java:107)
	at org.apache.ratis.server.impl.RaftServerProxy.lambda$close$4(RaftServerProxy.java:315)
	at org.apache.ratis.util.LifeCycle.lambda$checkStateAndClose$2(LifeCycle.java:231)
	at org.apache.ratis.util.LifeCycle.checkStateAndClose(LifeCycle.java:251)
	at org.apache.ratis.util.LifeCycle.checkStateAndClose(LifeCycle.java:229)
	at org.apache.ratis.server.impl.RaftServerProxy.close(RaftServerProxy.java:313)
	at org.apache.hadoop.ozone.container.common.transport.server.ratis.XceiverServerRatis.stop(XceiverServerRatis.java:448)
	at org.apache.hadoop.ozone.container.ozoneimpl.OzoneContainer.stop(OzoneContainer.java:229)
	at org.apache.hadoop.ozone.container.common.statemachine.DatanodeStateMachine.close(DatanodeStateMachine.java:270)
	at org.apache.hadoop.ozone.container.common.statemachine.DatanodeStateMachine.stopDaemon(DatanodeStateMachine.java:394)
	at org.apache.hadoop.ozone.HddsDatanodeService.stop(HddsDatanodeService.java:457)
	at org.apache.hadoop.ozone.MiniOzoneClusterImpl.stopDatanode(MiniOzoneClusterImpl.java:385)
	at java.util.stream.ForEachOps$ForEachOp$OfRef.accept(ForEachOps.java:183)
	at java.util.ArrayList$ArrayListSpliterator.forEachRemaining(ArrayList.java:1382)
	at java.util.stream.AbstractPipeline.copyInto(AbstractPipeline.java:482)
	at java.util.stream.ForEachOps$ForEachTask.compute(ForEachOps.java:290)
	at java.util.concurrent.CountedCompleter.exec(CountedCompleter.java:731)
	at java.util.concurrent.ForkJoinTask.doExec(ForkJoinTask.java:289)
	at java.util.concurrent.ForkJoinPool.helpComplete(ForkJoinPool.java:1870)
	at java.util.concurrent.ForkJoinPool.externalHelpComplete(ForkJoinPool.java:2467)
	at java.util.concurrent.ForkJoinTask.externalAwaitDone(ForkJoinTask.java:324)
	at java.util.concurrent.ForkJoinTask.doInvoke(ForkJoinTask.java:405)
	at java.util.concurrent.ForkJoinTask.invoke(ForkJoinTask.java:734)
	at java.util.stream.ForEachOps$ForEachOp.evaluateParallel(ForEachOps.java:159)
	at java.util.stream.ForEachOps$ForEachOp$OfRef.evaluateParallel(ForEachOps.java:173)
	at java.util.stream.AbstractPipeline.evaluate(AbstractPipeline.java:233)
	at java.util.stream.ReferencePipeline.forEach(ReferencePipeline.java:485)
	at java.util.stream.ReferencePipeline$Head.forEach(ReferencePipeline.java:650)
	at org.apache.hadoop.ozone.MiniOzoneClusterImpl.stopDatanodes(MiniOzoneClusterImpl.java:379)
	at org.apache.hadoop.ozone.MiniOzoneClusterImpl.stop(MiniOzoneClusterImpl.java:332)
	at org.apache.hadoop.ozone.MiniOzoneClusterImpl.shutdown(MiniOzoneClusterImpl.java:319)
	at org.apache.hadoop.ozone.client.rpc.TestMultiBlockWritesWithDnFailures.shutdown(TestMultiBlockWritesWithDnFailures.java:111)
	at sun.reflect.NativeMethodAccessorImpl.invoke0(Native Method)
	at sun.reflect.NativeMethodAccessorImpl.invoke(NativeMethodAccessorImpl.java:62)
	at sun.reflect.DelegatingMethodAccessorImpl.invoke(DelegatingMethodAccessorImpl.java:43)
	at java.lang.reflect.Method.invoke(Method.java:498)
	at org.junit.runners.model.FrameworkMethod$1.runReflectiveCall(FrameworkMethod.java:47)
	at org.junit.internal.runners.model.ReflectiveCallable.run(ReflectiveCallable.java:12)
	at org.junit.runners.model.FrameworkMethod.invokeExplosively(FrameworkMethod.java:44)
	at org.junit.internal.runners.statements.RunAfters.evaluate(RunAfters.java:33)
	at org.junit.runners.ParentRunner.runLeaf(ParentRunner.java:271)
	at org.junit.runners.BlockJUnit4ClassRunner.runChild(BlockJUnit4ClassRunner.java:70)
	at org.junit.runners.BlockJUnit4ClassRunner.runChild(BlockJUnit4ClassRunner.java:50)
	at org.junit.runners.ParentRunner$3.run(ParentRunner.java:238)
	at org.junit.runners.ParentRunner$1.schedule(ParentRunner.java:63)
	at org.junit.runners.ParentRunner.runChildren(ParentRunner.java:236)
	at org.junit.runners.ParentRunner.access$000(ParentRunner.java:53)
	at org.junit.runners.ParentRunner$2.evaluate(ParentRunner.java:229)
	at org.junit.runners.ParentRunner.run(ParentRunner.java:309)
	at org.apache.maven.surefire.junit4.JUnit4Provider.execute(JUnit4Provider.java:365)
	at org.apache.maven.surefire.junit4.JUnit4Provider.executeWithRerun(JUnit4Provider.java:273)
	at org.apache.maven.surefire.junit4.JUnit4Provider.executeTestSet(JUnit4Provider.java:238)
	at org.apache.maven.surefire.junit4.JUnit4Provider.invoke(JUnit4Provider.java:159)
	at org.apache.maven.surefire.booter.ForkedBooter.invokeProviderInSameClassLoader(ForkedBooter.java:384)
	at org.apache.maven.surefire.booter.ForkedBooter.runSuitesInProcess(ForkedBooter.java:345)
	at org.apache.maven.surefire.booter.ForkedBooter.execute(ForkedBooter.java:126)
	at org.apache.maven.surefire.booter.ForkedBooter.main(ForkedBooter.java:418)
2019-10-24 15:44:25,929 [refreshUsed-/workdir/hadoop-ozone/integration-test/target/test-dir/MiniOzoneClusterImpl-0feb3ce4-70f4-42f6-988c-6bd7afad892e/datanode-7/data/containers] WARN  fs.CachingGetSpaceUsed (CachingGetSpaceUsed.java:run(183)) - Thread Interrupted waiting to refresh disk information: sleep interrupted
2019-10-24 15:44:25,927 [ForkJoinPool.commonPool-worker-0] INFO  impl.RaftServerImpl (ServerState.java:close(388)) - a667faea-0fef-4f07-8d37-e0d8f63f2a62@group-56059261E3EC: closes. applyIndex: 16
2019-10-24 15:44:25,932 [a667faea-0fef-4f07-8d37-e0d8f63f2a62@group-56059261E3EC-SegmentedRaftLogWorker] INFO  segmented.SegmentedRaftLogWorker (SegmentedRaftLogWorker.java:run(316)) - a667faea-0fef-4f07-8d37-e0d8f63f2a62@group-56059261E3EC-SegmentedRaftLogWorker was interrupted, exiting. There are 0 tasks remaining in the queue.
2019-10-24 15:44:25,932 [ForkJoinPool.commonPool-worker-0] INFO  segmented.SegmentedRaftLogWorker (SegmentedRaftLogWorker.java:close(224)) - a667faea-0fef-4f07-8d37-e0d8f63f2a62@group-56059261E3EC-SegmentedRaftLogWorker close()
2019-10-24 15:44:25,933 [ForkJoinPool.commonPool-worker-0] INFO  server.GrpcService (GrpcService.java:closeImpl(164)) - a667faea-0fef-4f07-8d37-e0d8f63f2a62: shutdown server with port 36278 now
2019-10-24 15:44:25,935 [ForkJoinPool.commonPool-worker-0] INFO  server.GrpcService (GrpcService.java:closeImpl(172)) - a667faea-0fef-4f07-8d37-e0d8f63f2a62: shutdown server with port 36278 successfully
2019-10-24 15:44:25,936 [refreshUsed-/workdir/hadoop-ozone/integration-test/target/test-dir/MiniOzoneClusterImpl-0feb3ce4-70f4-42f6-988c-6bd7afad892e/datanode-1/data/containers] WARN  fs.CachingGetSpaceUsed (CachingGetSpaceUsed.java:run(183)) - Thread Interrupted waiting to refresh disk information: sleep interrupted
2019-10-24 15:44:25,959 [main] INFO  utils.BackgroundService (BackgroundService.java:shutdown(151)) - Shutting down service BlockDeletingService
2019-10-24 15:44:25,962 [main] INFO  statemachine.DatanodeStateMachine (DatanodeStateMachine.java:stopDaemon(395)) - Ozone container server stopped.
2019-10-24 15:44:25,963 [ForkJoinPool.commonPool-worker-0] INFO  utils.BackgroundService (BackgroundService.java:shutdown(151)) - Shutting down service BlockDeletingService
2019-10-24 15:44:25,965 [ForkJoinPool.commonPool-worker-0] INFO  statemachine.DatanodeStateMachine (DatanodeStateMachine.java:stopDaemon(395)) - Ozone container server stopped.
2019-10-24 15:44:25,966 [main] INFO  handler.ContextHandler (ContextHandler.java:doStop(910)) - Stopped o.e.j.w.WebAppContext@10f7918f{/,null,UNAVAILABLE}{/hddsDatanode}
2019-10-24 15:44:25,968 [ForkJoinPool.commonPool-worker-0] INFO  handler.ContextHandler (ContextHandler.java:doStop(910)) - Stopped o.e.j.w.WebAppContext@17f2dd85{/,null,UNAVAILABLE}{/hddsDatanode}
2019-10-24 15:44:25,969 [main] INFO  server.AbstractConnector (AbstractConnector.java:doStop(318)) - Stopped ServerConnector@64d4f7c7{HTTP/1.1,[http/1.1]}{0.0.0.0:0}
2019-10-24 15:44:25,969 [ForkJoinPool.commonPool-worker-0] INFO  server.AbstractConnector (AbstractConnector.java:doStop(318)) - Stopped ServerConnector@1e58512c{HTTP/1.1,[http/1.1]}{0.0.0.0:0}
2019-10-24 15:44:25,970 [main] INFO  handler.ContextHandler (ContextHandler.java:doStop(910)) - Stopped o.e.j.s.ServletContextHandler@1352434e{/static,jar:file:/home/user/.m2/repository/org/apache/hadoop/hadoop-hdds-container-service/0.5.0-SNAPSHOT/hadoop-hdds-container-service-0.5.0-SNAPSHOT.jar!/webapps/static,UNAVAILABLE}
2019-10-24 15:44:25,970 [ForkJoinPool.commonPool-worker-0] INFO  handler.ContextHandler (ContextHandler.java:doStop(910)) - Stopped o.e.j.s.ServletContextHandler@65bdd558{/static,jar:file:/home/user/.m2/repository/org/apache/hadoop/hadoop-hdds-container-service/0.5.0-SNAPSHOT/hadoop-hdds-container-service-0.5.0-SNAPSHOT.jar!/webapps/static,UNAVAILABLE}
2019-10-24 15:44:25,971 [main] INFO  handler.ContextHandler (ContextHandler.java:doStop(910)) - Stopped o.e.j.s.ServletContextHandler@12eedfee{/logs,file:///workdir/hadoop-ozone/integration-test/target/log,UNAVAILABLE}
2019-10-24 15:44:25,972 [ForkJoinPool.commonPool-worker-0] INFO  handler.ContextHandler (ContextHandler.java:doStop(910)) - Stopped o.e.j.s.ServletContextHandler@fab35b1{/logs,file:///workdir/hadoop-ozone/integration-test/target/log,UNAVAILABLE}
2019-10-24 15:44:25,975 [main] INFO  ozone.MiniOzoneClusterImpl (MiniOzoneClusterImpl.java:stopSCM(392)) - Stopping the StorageContainerManager
2019-10-24 15:44:25,975 [main] INFO  server.StorageContainerManager (StorageContainerManager.java:stop(810)) - Stopping Replication Manager Service.
2019-10-24 15:44:25,975 [main] INFO  container.ReplicationManager (ReplicationManager.java:stop(203)) - Stopping Replication Monitor Thread.
2019-10-24 15:44:25,975 [main] INFO  server.StorageContainerManager (StorageContainerManager.java:stop(817)) - Stopping Lease Manager of the command watchers
2019-10-24 15:44:25,976 [main] INFO  server.StorageContainerManager (StorageContainerManager.java:stop(824)) - Stopping datanode service RPC server
2019-10-24 15:44:25,976 [main] INFO  server.SCMDatanodeProtocolServer (SCMDatanodeProtocolServer.java:stop(346)) - Stopping the RPC server for DataNodes
2019-10-24 15:44:25,976 [main] INFO  ipc.Server (Server.java:stop(3082)) - Stopping server on 37504
2019-10-24 15:44:25,978 [IPC Server listener on 37504] INFO  ipc.Server (Server.java:run(1185)) - Stopping IPC Server listener on 37504
2019-10-24 15:44:25,979 [IPC Server Responder] INFO  ipc.Server (Server.java:run(1319)) - Stopping IPC Server Responder
2019-10-24 15:44:26,040 [SCM Heartbeat Processing Thread - 0] WARN  node.NodeStateManager (NodeStateManager.java:scheduleNextHealthCheck(646)) - Current Thread is interrupted, shutting down HB processing thread for Node Manager.
2019-10-24 15:44:26,040 [main] INFO  server.StorageContainerManager (StorageContainerManager.java:stop(832)) - Stopping block service RPC server
2019-10-24 15:44:26,041 [main] INFO  server.SCMBlockProtocolServer (SCMBlockProtocolServer.java:stop(155)) - Stopping the RPC server for Block Protocol
2019-10-24 15:44:26,041 [main] INFO  ipc.Server (Server.java:stop(3082)) - Stopping server on 35893
2019-10-24 15:44:26,043 [IPC Server listener on 35893] INFO  ipc.Server (Server.java:run(1185)) - Stopping IPC Server listener on 35893
2019-10-24 15:44:26,043 [IPC Server Responder] INFO  ipc.Server (Server.java:run(1319)) - Stopping IPC Server Responder
2019-10-24 15:44:26,043 [main] INFO  server.StorageContainerManager (StorageContainerManager.java:stop(839)) - Stopping the StorageContainerLocationProtocol RPC server
2019-10-24 15:44:26,043 [main] INFO  server.SCMClientProtocolServer (SCMClientProtocolServer.java:stop(168)) - Stopping the RPC server for Client Protocol
2019-10-24 15:44:26,044 [main] INFO  ipc.Server (Server.java:stop(3082)) - Stopping server on 44867
2019-10-24 15:44:26,045 [IPC Server listener on 44867] INFO  ipc.Server (Server.java:run(1185)) - Stopping IPC Server listener on 44867
2019-10-24 15:44:26,045 [main] INFO  server.StorageContainerManager (StorageContainerManager.java:stop(846)) - Stopping Storage Container Manager HTTP server.
2019-10-24 15:44:26,045 [IPC Server Responder] INFO  ipc.Server (Server.java:run(1319)) - Stopping IPC Server Responder
2019-10-24 15:44:26,046 [main] INFO  handler.ContextHandler (ContextHandler.java:doStop(910)) - Stopped o.e.j.w.WebAppContext@3b366632{/,null,UNAVAILABLE}{/scm}
2019-10-24 15:44:26,047 [main] INFO  server.AbstractConnector (AbstractConnector.java:doStop(318)) - Stopped ServerConnector@6815c5f2{HTTP/1.1,[http/1.1]}{0.0.0.0:0}
2019-10-24 15:44:26,048 [main] INFO  handler.ContextHandler (ContextHandler.java:doStop(910)) - Stopped o.e.j.s.ServletContextHandler@37052337{/static,file:///workdir/hadoop-ozone/integration-test/target/test-classes/webapps/static,UNAVAILABLE}
2019-10-24 15:44:26,049 [main] INFO  handler.ContextHandler (ContextHandler.java:doStop(910)) - Stopped o.e.j.s.ServletContextHandler@340da44c{/logs,file:///workdir/hadoop-ozone/integration-test/target/log,UNAVAILABLE}
2019-10-24 15:44:26,050 [main] INFO  server.StorageContainerManager (StorageContainerManager.java:stop(857)) - Stopping Block Manager Service.
2019-10-24 15:44:26,050 [main] INFO  utils.BackgroundService (BackgroundService.java:shutdown(151)) - Shutting down service SCMBlockDeletingService
2019-10-24 15:44:26,051 [main] INFO  utils.BackgroundService (BackgroundService.java:shutdown(151)) - Shutting down service SCMBlockDeletingService
2019-10-24 15:44:26,052 [main] INFO  server.StorageContainerManager (StorageContainerManager.java:stop(879)) - Stopping SCM Event Queue.
2019-10-24 15:44:26,064 [main] INFO  impl.MetricsSystemImpl (MetricsSystemImpl.java:stop(210)) - Stopping XceiverClientMetrics metrics system...
2019-10-24 15:44:26,078 [prometheus] INFO  impl.MetricsSinkAdapter (MetricsSinkAdapter.java:publishMetricsFromQueue(141)) - prometheus thread interrupted.
2019-10-24 15:44:26,078 [main] INFO  impl.MetricsSystemImpl (MetricsSystemImpl.java:stop(216)) - XceiverClientMetrics metrics system stopped.
]]></system-out>
    <system-err><![CDATA[ERROR StatusLogger No Log4j 2 configuration file found. Using default configuration (logging only errors to the console), or user programmatically provided configurations. Set system property 'log4j2.debug' to show Log4j 2 internal initialization logging. See https://logging.apache.org/log4j/2.x/manual/configuration.html for instructions on how to configure Log4j 2
Oct 24, 2019 3:44:10 PM org.apache.ratis.thirdparty.io.grpc.internal.SerializingExecutor run
SEVERE: Exception while executing runnable org.apache.ratis.thirdparty.io.grpc.internal.ServerImpl$JumpToApplicationThreadServerStreamListener$1Closed@350ceb03
org.apache.ratis.thirdparty.io.grpc.StatusRuntimeException: CANCELLED: call already cancelled
	at org.apache.ratis.thirdparty.io.grpc.Status.asRuntimeException(Status.java:517)
	at org.apache.ratis.thirdparty.io.grpc.stub.ServerCalls$ServerCallStreamObserverImpl.onCompleted(ServerCalls.java:356)
	at org.apache.ratis.grpc.server.GrpcServerProtocolService$ServerRequestStreamObserver.onError(GrpcServerProtocolService.java:121)
	at org.apache.ratis.thirdparty.io.grpc.stub.ServerCalls$StreamingServerCallHandler$StreamingServerCallListener.onCancel(ServerCalls.java:269)
	at org.apache.ratis.thirdparty.io.grpc.internal.ServerCallImpl$ServerStreamListenerImpl.closed(ServerCallImpl.java:293)
	at org.apache.ratis.thirdparty.io.grpc.internal.ServerImpl$JumpToApplicationThreadServerStreamListener$1Closed.runInContext(ServerImpl.java:741)
	at org.apache.ratis.thirdparty.io.grpc.internal.ContextRunnable.run(ContextRunnable.java:37)
	at org.apache.ratis.thirdparty.io.grpc.internal.SerializingExecutor.run(SerializingExecutor.java:123)
	at java.util.concurrent.ThreadPoolExecutor.runWorker(ThreadPoolExecutor.java:1149)
	at java.util.concurrent.ThreadPoolExecutor$Worker.run(ThreadPoolExecutor.java:624)
	at java.lang.Thread.run(Thread.java:748)

Oct 24, 2019 3:44:10 PM org.apache.ratis.thirdparty.io.grpc.internal.SerializingExecutor run
SEVERE: Exception while executing runnable org.apache.ratis.thirdparty.io.grpc.internal.ClientCallImpl$ClientStreamListenerImpl$1StreamClosed@5566b88c
java.lang.NullPointerException
	at org.apache.ratis.grpc.server.GrpcLogAppender$AppendLogResponseHandler.onError(GrpcLogAppender.java:303)
	at org.apache.ratis.thirdparty.io.grpc.stub.ClientCalls$StreamObserverToCallListenerAdapter.onClose(ClientCalls.java:434)
	at org.apache.ratis.thirdparty.io.grpc.PartialForwardingClientCallListener.onClose(PartialForwardingClientCallListener.java:39)
	at org.apache.ratis.thirdparty.io.grpc.ForwardingClientCallListener.onClose(ForwardingClientCallListener.java:23)
	at org.apache.ratis.thirdparty.io.grpc.ForwardingClientCallListener$SimpleForwardingClientCallListener.onClose(ForwardingClientCallListener.java:40)
	at org.apache.ratis.thirdparty.io.grpc.internal.CensusStatsModule$StatsClientInterceptor$1$1.onClose(CensusStatsModule.java:678)
	at org.apache.ratis.thirdparty.io.grpc.PartialForwardingClientCallListener.onClose(PartialForwardingClientCallListener.java:39)
	at org.apache.ratis.thirdparty.io.grpc.ForwardingClientCallListener.onClose(ForwardingClientCallListener.java:23)
	at org.apache.ratis.thirdparty.io.grpc.ForwardingClientCallListener$SimpleForwardingClientCallListener.onClose(ForwardingClientCallListener.java:40)
	at org.apache.ratis.thirdparty.io.grpc.internal.CensusTracingModule$TracingClientInterceptor$1$1.onClose(CensusTracingModule.java:397)
	at org.apache.ratis.thirdparty.io.grpc.internal.ClientCallImpl.closeObserver(ClientCallImpl.java:459)
	at org.apache.ratis.thirdparty.io.grpc.internal.ClientCallImpl.access$300(ClientCallImpl.java:63)
	at org.apache.ratis.thirdparty.io.grpc.internal.ClientCallImpl$ClientStreamListenerImpl.close(ClientCallImpl.java:546)
	at org.apache.ratis.thirdparty.io.grpc.internal.ClientCallImpl$ClientStreamListenerImpl.access$600(ClientCallImpl.java:467)
	at org.apache.ratis.thirdparty.io.grpc.internal.ClientCallImpl$ClientStreamListenerImpl$1StreamClosed.runInContext(ClientCallImpl.java:584)
	at org.apache.ratis.thirdparty.io.grpc.internal.ContextRunnable.run(ContextRunnable.java:37)
	at org.apache.ratis.thirdparty.io.grpc.internal.SerializingExecutor.run(SerializingExecutor.java:123)
	at java.util.concurrent.ThreadPoolExecutor.runWorker(ThreadPoolExecutor.java:1149)
	at java.util.concurrent.ThreadPoolExecutor$Worker.run(ThreadPoolExecutor.java:624)
	at java.lang.Thread.run(Thread.java:748)

]]></system-err>
  </testcase>
  <testcase name="testMultiBlockWritesWithDnFailures" classname="org.apache.hadoop.ozone.client.rpc.TestMultiBlockWritesWithDnFailures" time="62.059"/>
</testsuite>