<?xml version="1.0" encoding="UTF-8"?>
<testsuite xmlns:xsi="http://www.w3.org/2001/XMLSchema-instance" xsi:noNamespaceSchemaLocation="https://maven.apache.org/surefire/maven-surefire-plugin/xsd/surefire-test-report.xsd" name="org.apache.hadoop.ozone.TestStorageContainerManager" time="229.223" tests="9" errors="1" skipped="0" failures="0">
  <properties>
    <property name="awt.toolkit" value="sun.awt.X11.XToolkit"/>
    <property name="file.encoding.pkg" value="sun.io"/>
    <property name="java.specification.version" value="1.8"/>
    <property name="sun.cpu.isalist" value=""/>
    <property name="sun.jnu.encoding" value="ANSI_X3.4-1968"/>
    <property name="java.class.path" value="/workdir/hadoop-ozone/integration-test/target/test-classes:/workdir/hadoop-ozone/integration-test/target/classes:/home/user/.m2/repository/org/apache/hadoop/hadoop-ozone-common/0.5.0-SNAPSHOT/hadoop-ozone-common-0.5.0-SNAPSHOT.jar:/home/user/.m2/repository/org/apache/commons/commons-compress/1.4.1/commons-compress-1.4.1.jar:/home/user/.m2/repository/org/tukaani/xz/1.0/xz-1.0.jar:/home/user/.m2/repository/org/apache/hadoop/hadoop-common/3.2.0/hadoop-common-3.2.0.jar:/home/user/.m2/repository/org/apache/hadoop/hadoop-hdfs/3.2.0/hadoop-hdfs-3.2.0.jar:/home/user/.m2/repository/org/apache/hadoop/hadoop-hdfs-client/3.2.0/hadoop-hdfs-client-3.2.0.jar:/home/user/.m2/repository/com/fasterxml/jackson/core/jackson-annotations/2.9.9/jackson-annotations-2.9.9.jar:/home/user/.m2/repository/org/apache/hadoop/hadoop-hdds-common/0.5.0-SNAPSHOT/hadoop-hdds-common-0.5.0-SNAPSHOT.jar:/home/user/.m2/repository/javax/annotation/javax.annotation-api/1.2/javax.annotation-api-1.2.jar:/home/user/.m2/repository/org/apache/ratis/ratis-server/0.5.0-ced7dbf-SNAPSHOT/ratis-server-0.5.0-ced7dbf-SNAPSHOT.jar:/home/user/.m2/repository/org/apache/ratis/ratis-thirdparty-misc/0.2.0/ratis-thirdparty-misc-0.2.0.jar:/home/user/.m2/repository/org/apache/ratis/ratis-proto/0.5.0-ced7dbf-SNAPSHOT/ratis-proto-0.5.0-ced7dbf-SNAPSHOT.jar:/home/user/.m2/repository/org/apache/ratis/ratis-common/0.5.0-ced7dbf-SNAPSHOT/ratis-common-0.5.0-ced7dbf-SNAPSHOT.jar:/home/user/.m2/repository/org/apache/ratis/ratis-client/0.5.0-ced7dbf-SNAPSHOT/ratis-client-0.5.0-ced7dbf-SNAPSHOT.jar:/home/user/.m2/repository/org/apache/ratis/ratis-metrics/0.5.0-ced7dbf-SNAPSHOT/ratis-metrics-0.5.0-ced7dbf-SNAPSHOT.jar:/home/user/.m2/repository/org/apache/ratis/ratis-netty/0.5.0-ced7dbf-SNAPSHOT/ratis-netty-0.5.0-ced7dbf-SNAPSHOT.jar:/home/user/.m2/repository/org/apache/ratis/ratis-grpc/0.5.0-ced7dbf-SNAPSHOT/ratis-grpc-0.5.0-ced7dbf-SNAPSHOT.jar:/home/user/.m2/repository/org/rocksdb/rocksdbjni/6.0.1/rocksdbjni-6.0.1.jar:/home/user/.m2/repository/org/apache/logging/log4j/log4j-api/2.11.0/log4j-api-2.11.0.jar:/home/user/.m2/repository/org/apache/logging/log4j/log4j-core/2.11.0/log4j-core-2.11.0.jar:/home/user/.m2/repository/com/lmax/disruptor/3.4.2/disruptor-3.4.2.jar:/home/user/.m2/repository/org/apache/commons/commons-pool2/2.6.0/commons-pool2-2.6.0.jar:/home/user/.m2/repository/org/bouncycastle/bcpkix-jdk15on/1.60/bcpkix-jdk15on-1.60.jar:/home/user/.m2/repository/commons-validator/commons-validator/1.6/commons-validator-1.6.jar:/home/user/.m2/repository/commons-digester/commons-digester/1.8.1/commons-digester-1.8.1.jar:/home/user/.m2/repository/io/jaegertracing/jaeger-client/0.34.0/jaeger-client-0.34.0.jar:/home/user/.m2/repository/io/jaegertracing/jaeger-thrift/0.34.0/jaeger-thrift-0.34.0.jar:/home/user/.m2/repository/org/apache/thrift/libthrift/0.12.0/libthrift-0.12.0.jar:/home/user/.m2/repository/com/squareup/okhttp3/okhttp/3.9.0/okhttp-3.9.0.jar:/home/user/.m2/repository/com/squareup/okio/okio/1.13.0/okio-1.13.0.jar:/home/user/.m2/repository/io/jaegertracing/jaeger-core/0.34.0/jaeger-core-0.34.0.jar:/home/user/.m2/repository/io/jaegertracing/jaeger-tracerresolver/0.34.0/jaeger-tracerresolver-0.34.0.jar:/home/user/.m2/repository/io/opentracing/contrib/opentracing-tracerresolver/0.1.5/opentracing-tracerresolver-0.1.5.jar:/home/user/.m2/repository/io/opentracing/opentracing-util/0.31.0/opentracing-util-0.31.0.jar:/home/user/.m2/repository/io/opentracing/opentracing-api/0.31.0/opentracing-api-0.31.0.jar:/home/user/.m2/repository/io/opentracing/opentracing-noop/0.31.0/opentracing-noop-0.31.0.jar:/home/user/.m2/repository/org/apache/hadoop/hadoop-hdds-server-framework/0.5.0-SNAPSHOT/hadoop-hdds-server-framework-0.5.0-SNAPSHOT.jar:/home/user/.m2/repository/org/apache/hadoop/hadoop-hdds-container-service/0.5.0-SNAPSHOT/hadoop-hdds-container-service-0.5.0-SNAPSHOT.jar:/home/user/.m2/repository/org/apache/hadoop/hadoop-hdds-client/0.5.0-SNAPSHOT/hadoop-hdds-client-0.5.0-SNAPSHOT.jar:/home/user/.m2/repository/org/apache/hadoop/hadoop-hdds-tools/0.5.0-SNAPSHOT/hadoop-hdds-tools-0.5.0-SNAPSHOT.jar:/home/user/.m2/repository/org/apache/hadoop/hadoop-hdds-server-scm/0.5.0-SNAPSHOT/hadoop-hdds-server-scm-0.5.0-SNAPSHOT.jar:/home/user/.m2/repository/org/apache/hadoop/hadoop-hdds-docs/0.5.0-SNAPSHOT/hadoop-hdds-docs-0.5.0-SNAPSHOT.jar:/home/user/.m2/repository/io/dropwizard/metrics/metrics-core/3.2.4/metrics-core-3.2.4.jar:/home/user/.m2/repository/org/hamcrest/hamcrest-all/1.3/hamcrest-all-1.3.jar:/home/user/.m2/repository/org/bouncycastle/bcprov-jdk15on/1.60/bcprov-jdk15on-1.60.jar:/home/user/.m2/repository/info/picocli/picocli/3.9.6/picocli-3.9.6.jar:/home/user/.m2/repository/com/google/protobuf/protobuf-java/2.5.0/protobuf-java-2.5.0.jar:/home/user/.m2/repository/com/google/guava/guava/11.0.2/guava-11.0.2.jar:/home/user/.m2/repository/org/apache/hadoop/hadoop-ozone-ozone-manager/0.5.0-SNAPSHOT/hadoop-ozone-ozone-manager-0.5.0-SNAPSHOT.jar:/home/user/.m2/repository/org/apache/hadoop/hadoop-minikdc/3.2.0/hadoop-minikdc-3.2.0.jar:/home/user/.m2/repository/commons-io/commons-io/2.5/commons-io-2.5.jar:/home/user/.m2/repository/org/apache/kerby/kerb-simplekdc/1.0.1/kerb-simplekdc-1.0.1.jar:/home/user/.m2/repository/org/apache/kerby/kerb-client/1.0.1/kerb-client-1.0.1.jar:/home/user/.m2/repository/org/apache/kerby/kerby-config/1.0.1/kerby-config-1.0.1.jar:/home/user/.m2/repository/org/apache/kerby/kerb-core/1.0.1/kerb-core-1.0.1.jar:/home/user/.m2/repository/org/apache/kerby/kerby-pkix/1.0.1/kerby-pkix-1.0.1.jar:/home/user/.m2/repository/org/apache/kerby/kerby-asn1/1.0.1/kerby-asn1-1.0.1.jar:/home/user/.m2/repository/org/apache/kerby/kerby-util/1.0.1/kerby-util-1.0.1.jar:/home/user/.m2/repository/org/apache/kerby/kerb-common/1.0.1/kerb-common-1.0.1.jar:/home/user/.m2/repository/org/apache/kerby/kerb-crypto/1.0.1/kerb-crypto-1.0.1.jar:/home/user/.m2/repository/org/apache/kerby/kerb-util/1.0.1/kerb-util-1.0.1.jar:/home/user/.m2/repository/org/apache/kerby/token-provider/1.0.1/token-provider-1.0.1.jar:/home/user/.m2/repository/org/apache/kerby/kerb-admin/1.0.1/kerb-admin-1.0.1.jar:/home/user/.m2/repository/org/apache/kerby/kerb-server/1.0.1/kerb-server-1.0.1.jar:/home/user/.m2/repository/org/apache/kerby/kerb-identity/1.0.1/kerb-identity-1.0.1.jar:/home/user/.m2/repository/org/apache/kerby/kerby-xdr/1.0.1/kerby-xdr-1.0.1.jar:/home/user/.m2/repository/org/slf4j/slf4j-log4j12/1.7.25/slf4j-log4j12-1.7.25.jar:/home/user/.m2/repository/org/apache/hadoop/hadoop-ozone-s3gateway/0.5.0-SNAPSHOT/hadoop-ozone-s3gateway-0.5.0-SNAPSHOT.jar:/home/user/.m2/repository/org/jboss/weld/servlet/weld-servlet/2.4.7.Final/weld-servlet-2.4.7.Final.jar:/home/user/.m2/repository/org/glassfish/jersey/containers/jersey-container-servlet-core/2.27/jersey-container-servlet-core-2.27.jar:/home/user/.m2/repository/org/glassfish/hk2/external/javax.inject/2.5.0-b42/javax.inject-2.5.0-b42.jar:/home/user/.m2/repository/org/glassfish/jersey/core/jersey-common/2.27/jersey-common-2.27.jar:/home/user/.m2/repository/org/glassfish/hk2/osgi-resource-locator/1.0.1/osgi-resource-locator-1.0.1.jar:/home/user/.m2/repository/javax/ws/rs/javax.ws.rs-api/2.1/javax.ws.rs-api-2.1.jar:/home/user/.m2/repository/org/glassfish/jersey/ext/cdi/jersey-cdi1x/2.27/jersey-cdi1x-2.27.jar:/home/user/.m2/repository/org/glassfish/jersey/inject/jersey-hk2/2.27/jersey-hk2-2.27.jar:/home/user/.m2/repository/org/glassfish/hk2/hk2-locator/2.5.0-b42/hk2-locator-2.5.0-b42.jar:/home/user/.m2/repository/org/javassist/javassist/3.22.0-CR2/javassist-3.22.0-CR2.jar:/home/user/.m2/repository/org/glassfish/hk2/hk2-api/2.5.0/hk2-api-2.5.0.jar:/home/user/.m2/repository/org/glassfish/hk2/external/jakarta.inject/2.5.0/jakarta.inject-2.5.0.jar:/home/user/.m2/repository/org/glassfish/hk2/hk2-utils/2.5.0/hk2-utils-2.5.0.jar:/home/user/.m2/repository/jakarta/annotation/jakarta.annotation-api/1.3.4/jakarta.annotation-api-1.3.4.jar:/home/user/.m2/repository/org/glassfish/hk2/external/aopalliance-repackaged/2.5.0/aopalliance-repackaged-2.5.0.jar:/home/user/.m2/repository/com/fasterxml/jackson/dataformat/jackson-dataformat-xml/2.9.0/jackson-dataformat-xml-2.9.0.jar:/home/user/.m2/repository/com/fasterxml/jackson/core/jackson-core/2.9.9/jackson-core-2.9.9.jar:/home/user/.m2/repository/com/fasterxml/jackson/module/jackson-module-jaxb-annotations/2.9.9/jackson-module-jaxb-annotations-2.9.9.jar:/home/user/.m2/repository/javax/enterprise/cdi-api/1.2/cdi-api-1.2.jar:/home/user/.m2/repository/javax/el/javax.el-api/3.0.0/javax.el-api-3.0.0.jar:/home/user/.m2/repository/javax/interceptor/javax.interceptor-api/1.2/javax.interceptor-api-1.2.jar:/home/user/.m2/repository/javax/inject/javax.inject/1/javax.inject-1.jar:/home/user/.m2/repository/com/sun/xml/bind/jaxb-impl/2.3.0.1/jaxb-impl-2.3.0.1.jar:/home/user/.m2/repository/com/sun/xml/bind/jaxb-core/2.3.0.1/jaxb-core-2.3.0.1.jar:/home/user/.m2/repository/javax/xml/bind/jaxb-api/2.3.0/jaxb-api-2.3.0.jar:/home/user/.m2/repository/javax/activation/activation/1.1.1/activation-1.1.1.jar:/home/user/.m2/repository/org/apache/hadoop/hadoop-ozone-csi/0.5.0-SNAPSHOT/hadoop-ozone-csi-0.5.0-SNAPSHOT.jar:/home/user/.m2/repository/com/google/protobuf/protobuf-java-util/3.5.1/protobuf-java-util-3.5.1.jar:/home/user/.m2/repository/org/apache/hadoop/hadoop-hdds-config/0.5.0-SNAPSHOT/hadoop-hdds-config-0.5.0-SNAPSHOT.jar:/home/user/.m2/repository/io/grpc/grpc-netty/1.17.1/grpc-netty-1.17.1.jar:/home/user/.m2/repository/io/grpc/grpc-core/1.17.1/grpc-core-1.17.1.jar:/home/user/.m2/repository/io/grpc/grpc-context/1.17.1/grpc-context-1.17.1.jar:/home/user/.m2/repository/com/google/errorprone/error_prone_annotations/2.2.0/error_prone_annotations-2.2.0.jar:/home/user/.m2/repository/org/codehaus/mojo/animal-sniffer-annotations/1.17/animal-sniffer-annotations-1.17.jar:/home/user/.m2/repository/io/opencensus/opencensus-api/0.17.0/opencensus-api-0.17.0.jar:/home/user/.m2/repository/io/opencensus/opencensus-contrib-grpc-metrics/0.17.0/opencensus-contrib-grpc-metrics-0.17.0.jar:/home/user/.m2/repository/io/netty/netty-codec-http2/4.1.30.Final/netty-codec-http2-4.1.30.Final.jar:/home/user/.m2/repository/io/netty/netty-codec-http/4.1.30.Final/netty-codec-http-4.1.30.Final.jar:/home/user/.m2/repository/io/netty/netty-codec/4.1.30.Final/netty-codec-4.1.30.Final.jar:/home/user/.m2/repository/io/netty/netty-handler/4.1.30.Final/netty-handler-4.1.30.Final.jar:/home/user/.m2/repository/io/netty/netty-handler-proxy/4.1.30.Final/netty-handler-proxy-4.1.30.Final.jar:/home/user/.m2/repository/io/netty/netty-codec-socks/4.1.30.Final/netty-codec-socks-4.1.30.Final.jar:/home/user/.m2/repository/io/netty/netty-transport-native-epoll/4.1.30.Final/netty-transport-native-epoll-4.1.30.Final.jar:/home/user/.m2/repository/io/netty/netty-common/4.1.30.Final/netty-common-4.1.30.Final.jar:/home/user/.m2/repository/io/netty/netty-buffer/4.1.30.Final/netty-buffer-4.1.30.Final.jar:/home/user/.m2/repository/io/netty/netty-transport/4.1.30.Final/netty-transport-4.1.30.Final.jar:/home/user/.m2/repository/io/netty/netty-resolver/4.1.30.Final/netty-resolver-4.1.30.Final.jar:/home/user/.m2/repository/io/netty/netty-transport-native-unix-common/4.1.30.Final/netty-transport-native-unix-common-4.1.30.Final.jar:/home/user/.m2/repository/io/grpc/grpc-protobuf/1.17.1/grpc-protobuf-1.17.1.jar:/home/user/.m2/repository/com/google/api/grpc/proto-google-common-protos/1.0.0/proto-google-common-protos-1.0.0.jar:/home/user/.m2/repository/io/grpc/grpc-protobuf-lite/1.17.1/grpc-protobuf-lite-1.17.1.jar:/home/user/.m2/repository/io/grpc/grpc-stub/1.17.1/grpc-stub-1.17.1.jar:/home/user/.m2/repository/org/apache/hadoop/hadoop-ozone-recon/0.5.0-SNAPSHOT/hadoop-ozone-recon-0.5.0-SNAPSHOT.jar:/home/user/.m2/repository/org/apache/hadoop/hadoop-ozone-reconcodegen/0.5.0-SNAPSHOT/hadoop-ozone-reconcodegen-0.5.0-SNAPSHOT.jar:/home/user/.m2/repository/com/google/inject/extensions/guice-multibindings/4.0/guice-multibindings-4.0.jar:/home/user/.m2/repository/com/google/inject/guice/4.0/guice-4.0.jar:/home/user/.m2/repository/aopalliance/aopalliance/1.0/aopalliance-1.0.jar:/home/user/.m2/repository/com/google/inject/extensions/guice-servlet/4.0/guice-servlet-4.0.jar:/home/user/.m2/repository/org/glassfish/jersey/containers/jersey-container-servlet/2.27/jersey-container-servlet-2.27.jar:/home/user/.m2/repository/org/glassfish/hk2/guice-bridge/2.5.0/guice-bridge-2.5.0.jar:/home/user/.m2/repository/org/glassfish/jersey/core/jersey-server/2.27/jersey-server-2.27.jar:/home/user/.m2/repository/org/glassfish/jersey/core/jersey-client/2.27/jersey-client-2.27.jar:/home/user/.m2/repository/org/glassfish/jersey/media/jersey-media-jaxb/2.27/jersey-media-jaxb-2.27.jar:/home/user/.m2/repository/javax/validation/validation-api/1.1.0.Final/validation-api-1.1.0.Final.jar:/home/user/.m2/repository/org/glassfish/jersey/media/jersey-media-json-jackson/2.27/jersey-media-json-jackson-2.27.jar:/home/user/.m2/repository/org/glassfish/jersey/ext/jersey-entity-filtering/2.27/jersey-entity-filtering-2.27.jar:/home/user/.m2/repository/com/google/inject/extensions/guice-assistedinject/4.0/guice-assistedinject-4.0.jar:/home/user/.m2/repository/org/jooq/jooq/3.11.10/jooq-3.11.10.jar:/home/user/.m2/repository/org/jooq/jooq-meta/3.11.10/jooq-meta-3.11.10.jar:/home/user/.m2/repository/org/jooq/jooq-codegen/3.11.10/jooq-codegen-3.11.10.jar:/home/user/.m2/repository/com/jolbox/bonecp/0.8.0.RELEASE/bonecp-0.8.0.RELEASE.jar:/home/user/.m2/repository/org/xerial/sqlite-jdbc/3.25.2/sqlite-jdbc-3.25.2.jar:/home/user/.m2/repository/org/springframework/spring-jdbc/5.1.3.RELEASE/spring-jdbc-5.1.3.RELEASE.jar:/home/user/.m2/repository/org/springframework/spring-beans/5.1.3.RELEASE/spring-beans-5.1.3.RELEASE.jar:/home/user/.m2/repository/org/springframework/spring-core/5.1.3.RELEASE/spring-core-5.1.3.RELEASE.jar:/home/user/.m2/repository/org/springframework/spring-jcl/5.1.3.RELEASE/spring-jcl-5.1.3.RELEASE.jar:/home/user/.m2/repository/org/springframework/spring-tx/5.1.3.RELEASE/spring-tx-5.1.3.RELEASE.jar:/home/user/.m2/repository/org/apache/hadoop/hadoop-ozone-client/0.5.0-SNAPSHOT/hadoop-ozone-client-0.5.0-SNAPSHOT.jar:/home/user/.m2/repository/commons-lang/commons-lang/2.6/commons-lang-2.6.jar:/home/user/.m2/repository/org/apache/hadoop/hadoop-ozone-ozone-manager/0.5.0-SNAPSHOT/hadoop-ozone-ozone-manager-0.5.0-SNAPSHOT-tests.jar:/home/user/.m2/repository/junit/junit/4.11/junit-4.11.jar:/home/user/.m2/repository/org/hamcrest/hamcrest-core/1.3/hamcrest-core-1.3.jar:/home/user/.m2/repository/org/openjdk/jmh/jmh-core/1.19/jmh-core-1.19.jar:/home/user/.m2/repository/net/sf/jopt-simple/jopt-simple/4.6/jopt-simple-4.6.jar:/home/user/.m2/repository/org/apache/commons/commons-math3/3.1.1/commons-math3-3.1.1.jar:/home/user/.m2/repository/org/openjdk/jmh/jmh-generator-annprocess/1.19/jmh-generator-annprocess-1.19.jar:/home/user/.m2/repository/org/mockito/mockito-all/1.8.5/mockito-all-1.8.5.jar:/home/user/.m2/repository/org/apache/hadoop/hadoop-kms/3.2.0/hadoop-kms-3.2.0.jar:/home/user/.m2/repository/org/apache/hadoop/hadoop-auth/3.2.0/hadoop-auth-3.2.0.jar:/home/user/.m2/repository/com/nimbusds/nimbus-jose-jwt/4.41.1/nimbus-jose-jwt-4.41.1.jar:/home/user/.m2/repository/com/github/stephenc/jcip/jcip-annotations/1.0-1/jcip-annotations-1.0-1.jar:/home/user/.m2/repository/net/minidev/json-smart/2.3/json-smart-2.3.jar:/home/user/.m2/repository/net/minidev/accessors-smart/1.2/accessors-smart-1.2.jar:/home/user/.m2/repository/org/ow2/asm/asm/5.0.4/asm-5.0.4.jar:/home/user/.m2/repository/org/apache/curator/curator-framework/2.12.0/curator-framework-2.12.0.jar:/home/user/.m2/repository/com/sun/jersey/jersey-core/1.19/jersey-core-1.19.jar:/home/user/.m2/repository/javax/ws/rs/jsr311-api/1.1.1/jsr311-api-1.1.1.jar:/home/user/.m2/repository/com/sun/jersey/jersey-server/1.19/jersey-server-1.19.jar:/home/user/.m2/repository/javax/servlet/javax.servlet-api/3.1.0/javax.servlet-api-3.1.0.jar:/home/user/.m2/repository/org/eclipse/jetty/jetty-server/9.3.25.v20180904/jetty-server-9.3.25.v20180904.jar:/home/user/.m2/repository/org/eclipse/jetty/jetty-http/9.3.25.v20180904/jetty-http-9.3.25.v20180904.jar:/home/user/.m2/repository/org/eclipse/jetty/jetty-io/9.3.25.v20180904/jetty-io-9.3.25.v20180904.jar:/home/user/.m2/repository/org/eclipse/jetty/jetty-webapp/9.3.25.v20180904/jetty-webapp-9.3.25.v20180904.jar:/home/user/.m2/repository/org/eclipse/jetty/jetty-xml/9.3.25.v20180904/jetty-xml-9.3.25.v20180904.jar:/home/user/.m2/repository/log4j/log4j/1.2.17/log4j-1.2.17.jar:/home/user/.m2/repository/org/slf4j/slf4j-api/1.7.25/slf4j-api-1.7.25.jar:/home/user/.m2/repository/org/slf4j/jul-to-slf4j/1.7.25/jul-to-slf4j-1.7.25.jar:/home/user/.m2/repository/org/eclipse/jetty/jetty-util/9.3.25.v20180904/jetty-util-9.3.25.v20180904.jar:/home/user/.m2/repository/com/fasterxml/jackson/core/jackson-databind/2.9.9/jackson-databind-2.9.9.jar:/home/user/.m2/repository/org/apache/hadoop/hadoop-kms/3.2.0/hadoop-kms-3.2.0-tests.jar:/home/user/.m2/repository/org/apache/hadoop/hadoop-hdds-server-scm/0.5.0-SNAPSHOT/hadoop-hdds-server-scm-0.5.0-SNAPSHOT-tests.jar:/home/user/.m2/repository/org/apache/hadoop/hadoop-hdds-container-service/0.5.0-SNAPSHOT/hadoop-hdds-container-service-0.5.0-SNAPSHOT-tests.jar:/home/user/.m2/repository/org/yaml/snakeyaml/1.16/snakeyaml-1.16.jar:/home/user/.m2/repository/org/apache/hadoop/hadoop-common/3.2.0/hadoop-common-3.2.0-tests.jar:/home/user/.m2/repository/org/apache/hadoop/hadoop-annotations/3.2.0/hadoop-annotations-3.2.0.jar:/usr/lib/jvm/java-1.8.0-openjdk-1.8.0.222.b10-1.el7_7.x86_64/jre/../lib/tools.jar:/home/user/.m2/repository/commons-cli/commons-cli/1.2/commons-cli-1.2.jar:/home/user/.m2/repository/org/apache/httpcomponents/httpclient/4.5.2/httpclient-4.5.2.jar:/home/user/.m2/repository/org/apache/httpcomponents/httpcore/4.4.4/httpcore-4.4.4.jar:/home/user/.m2/repository/commons-codec/commons-codec/1.11/commons-codec-1.11.jar:/home/user/.m2/repository/commons-net/commons-net/3.6/commons-net-3.6.jar:/home/user/.m2/repository/commons-collections/commons-collections/3.2.2/commons-collections-3.2.2.jar:/home/user/.m2/repository/org/eclipse/jetty/jetty-servlet/9.3.25.v20180904/jetty-servlet-9.3.25.v20180904.jar:/home/user/.m2/repository/org/eclipse/jetty/jetty-security/9.3.25.v20180904/jetty-security-9.3.25.v20180904.jar:/home/user/.m2/repository/javax/servlet/jsp/jsp-api/2.1/jsp-api-2.1.jar:/home/user/.m2/repository/com/sun/jersey/jersey-servlet/1.19/jersey-servlet-1.19.jar:/home/user/.m2/repository/com/sun/jersey/jersey-json/1.19/jersey-json-1.19.jar:/home/user/.m2/repository/org/codehaus/jettison/jettison/1.1/jettison-1.1.jar:/home/user/.m2/repository/org/codehaus/jackson/jackson-core-asl/1.9.13/jackson-core-asl-1.9.13.jar:/home/user/.m2/repository/org/codehaus/jackson/jackson-mapper-asl/1.9.13/jackson-mapper-asl-1.9.13.jar:/home/user/.m2/repository/org/codehaus/jackson/jackson-jaxrs/1.9.13/jackson-jaxrs-1.9.13.jar:/home/user/.m2/repository/org/codehaus/jackson/jackson-xc/1.9.13/jackson-xc-1.9.13.jar:/home/user/.m2/repository/commons-logging/commons-logging/1.1.3/commons-logging-1.1.3.jar:/home/user/.m2/repository/commons-beanutils/commons-beanutils/1.9.4/commons-beanutils-1.9.4.jar:/home/user/.m2/repository/org/apache/commons/commons-configuration2/2.1.1/commons-configuration2-2.1.1.jar:/home/user/.m2/repository/org/apache/commons/commons-lang3/3.7/commons-lang3-3.7.jar:/home/user/.m2/repository/org/apache/commons/commons-text/1.4/commons-text-1.4.jar:/home/user/.m2/repository/org/apache/avro/avro/1.7.7/avro-1.7.7.jar:/home/user/.m2/repository/com/thoughtworks/paranamer/paranamer/2.3/paranamer-2.3.jar:/home/user/.m2/repository/org/xerial/snappy/snappy-java/1.0.5/snappy-java-1.0.5.jar:/home/user/.m2/repository/com/google/re2j/re2j/1.1/re2j-1.1.jar:/home/user/.m2/repository/com/google/code/gson/gson/2.2.4/gson-2.2.4.jar:/home/user/.m2/repository/com/jcraft/jsch/0.1.54/jsch-0.1.54.jar:/home/user/.m2/repository/org/apache/curator/curator-client/2.12.0/curator-client-2.12.0.jar:/home/user/.m2/repository/org/apache/curator/curator-recipes/2.12.0/curator-recipes-2.12.0.jar:/home/user/.m2/repository/com/google/code/findbugs/jsr305/3.0.0/jsr305-3.0.0.jar:/home/user/.m2/repository/org/apache/htrace/htrace-core4/4.1.0-incubating/htrace-core4-4.1.0-incubating.jar:/home/user/.m2/repository/org/apache/zookeeper/zookeeper/3.4.13/zookeeper-3.4.13.jar:/home/user/.m2/repository/jline/jline/0.9.94/jline-0.9.94.jar:/home/user/.m2/repository/org/apache/yetus/audience-annotations/0.5.0/audience-annotations-0.5.0.jar:/home/user/.m2/repository/org/codehaus/woodstox/stax2-api/3.1.4/stax2-api-3.1.4.jar:/home/user/.m2/repository/com/fasterxml/woodstox/woodstox-core/5.0.3/woodstox-core-5.0.3.jar:/home/user/.m2/repository/dnsjava/dnsjava/2.1.7/dnsjava-2.1.7.jar:/home/user/.m2/repository/org/apache/hadoop/hadoop-hdfs/3.2.0/hadoop-hdfs-3.2.0-tests.jar:/home/user/.m2/repository/org/eclipse/jetty/jetty-util-ajax/9.3.25.v20180904/jetty-util-ajax-9.3.25.v20180904.jar:/home/user/.m2/repository/commons-daemon/commons-daemon/1.0.13/commons-daemon-1.0.13.jar:/home/user/.m2/repository/io/netty/netty/3.10.5.Final/netty-3.10.5.Final.jar:/home/user/.m2/repository/io/netty/netty-all/4.0.52.Final/netty-all-4.0.52.Final.jar:/home/user/.m2/repository/org/fusesource/leveldbjni/leveldbjni-all/1.8/leveldbjni-all-1.8.jar:"/>
    <property name="java.vm.vendor" value="Oracle Corporation"/>
    <property name="sun.arch.data.model" value="64"/>
    <property name="test.build.dir" value="/workdir/hadoop-ozone/integration-test/target/test-dir"/>
    <property name="test.cache.data" value=""/>
    <property name="java.vendor.url" value="http://java.oracle.com/"/>
    <property name="user.timezone" value=""/>
    <property name="java.vm.specification.version" value="1.8"/>
    <property name="os.name" value="Linux"/>
    <property name="test.build.data" value="/workdir/hadoop-ozone/integration-test/target/test-dir"/>
    <property name="user.country" value="US"/>
    <property name="sun.java.launcher" value="SUN_STANDARD"/>
    <property name="sun.boot.library.path" value="/usr/lib/jvm/java-1.8.0-openjdk-1.8.0.222.b10-1.el7_7.x86_64/jre/lib/amd64"/>
    <property name="sun.java.command" value="/workdir/hadoop-ozone/integration-test/target/surefire/surefirebooter1562975639876802049.jar /workdir/hadoop-ozone/integration-test/target/surefire 2019-10-24T05-03-57_892-jvmRun1 surefire4450265444188224874tmp surefire_472411966762160670015tmp"/>
    <property name="surefire.test.class.path" value="/workdir/hadoop-ozone/integration-test/target/test-classes:/workdir/hadoop-ozone/integration-test/target/classes:/home/user/.m2/repository/org/apache/hadoop/hadoop-ozone-common/0.5.0-SNAPSHOT/hadoop-ozone-common-0.5.0-SNAPSHOT.jar:/home/user/.m2/repository/org/apache/commons/commons-compress/1.4.1/commons-compress-1.4.1.jar:/home/user/.m2/repository/org/tukaani/xz/1.0/xz-1.0.jar:/home/user/.m2/repository/org/apache/hadoop/hadoop-common/3.2.0/hadoop-common-3.2.0.jar:/home/user/.m2/repository/org/apache/hadoop/hadoop-hdfs/3.2.0/hadoop-hdfs-3.2.0.jar:/home/user/.m2/repository/org/apache/hadoop/hadoop-hdfs-client/3.2.0/hadoop-hdfs-client-3.2.0.jar:/home/user/.m2/repository/com/fasterxml/jackson/core/jackson-annotations/2.9.9/jackson-annotations-2.9.9.jar:/home/user/.m2/repository/org/apache/hadoop/hadoop-hdds-common/0.5.0-SNAPSHOT/hadoop-hdds-common-0.5.0-SNAPSHOT.jar:/home/user/.m2/repository/javax/annotation/javax.annotation-api/1.2/javax.annotation-api-1.2.jar:/home/user/.m2/repository/org/apache/ratis/ratis-server/0.5.0-ced7dbf-SNAPSHOT/ratis-server-0.5.0-ced7dbf-SNAPSHOT.jar:/home/user/.m2/repository/org/apache/ratis/ratis-thirdparty-misc/0.2.0/ratis-thirdparty-misc-0.2.0.jar:/home/user/.m2/repository/org/apache/ratis/ratis-proto/0.5.0-ced7dbf-SNAPSHOT/ratis-proto-0.5.0-ced7dbf-SNAPSHOT.jar:/home/user/.m2/repository/org/apache/ratis/ratis-common/0.5.0-ced7dbf-SNAPSHOT/ratis-common-0.5.0-ced7dbf-SNAPSHOT.jar:/home/user/.m2/repository/org/apache/ratis/ratis-client/0.5.0-ced7dbf-SNAPSHOT/ratis-client-0.5.0-ced7dbf-SNAPSHOT.jar:/home/user/.m2/repository/org/apache/ratis/ratis-metrics/0.5.0-ced7dbf-SNAPSHOT/ratis-metrics-0.5.0-ced7dbf-SNAPSHOT.jar:/home/user/.m2/repository/org/apache/ratis/ratis-netty/0.5.0-ced7dbf-SNAPSHOT/ratis-netty-0.5.0-ced7dbf-SNAPSHOT.jar:/home/user/.m2/repository/org/apache/ratis/ratis-grpc/0.5.0-ced7dbf-SNAPSHOT/ratis-grpc-0.5.0-ced7dbf-SNAPSHOT.jar:/home/user/.m2/repository/org/rocksdb/rocksdbjni/6.0.1/rocksdbjni-6.0.1.jar:/home/user/.m2/repository/org/apache/logging/log4j/log4j-api/2.11.0/log4j-api-2.11.0.jar:/home/user/.m2/repository/org/apache/logging/log4j/log4j-core/2.11.0/log4j-core-2.11.0.jar:/home/user/.m2/repository/com/lmax/disruptor/3.4.2/disruptor-3.4.2.jar:/home/user/.m2/repository/org/apache/commons/commons-pool2/2.6.0/commons-pool2-2.6.0.jar:/home/user/.m2/repository/org/bouncycastle/bcpkix-jdk15on/1.60/bcpkix-jdk15on-1.60.jar:/home/user/.m2/repository/commons-validator/commons-validator/1.6/commons-validator-1.6.jar:/home/user/.m2/repository/commons-digester/commons-digester/1.8.1/commons-digester-1.8.1.jar:/home/user/.m2/repository/io/jaegertracing/jaeger-client/0.34.0/jaeger-client-0.34.0.jar:/home/user/.m2/repository/io/jaegertracing/jaeger-thrift/0.34.0/jaeger-thrift-0.34.0.jar:/home/user/.m2/repository/org/apache/thrift/libthrift/0.12.0/libthrift-0.12.0.jar:/home/user/.m2/repository/com/squareup/okhttp3/okhttp/3.9.0/okhttp-3.9.0.jar:/home/user/.m2/repository/com/squareup/okio/okio/1.13.0/okio-1.13.0.jar:/home/user/.m2/repository/io/jaegertracing/jaeger-core/0.34.0/jaeger-core-0.34.0.jar:/home/user/.m2/repository/io/jaegertracing/jaeger-tracerresolver/0.34.0/jaeger-tracerresolver-0.34.0.jar:/home/user/.m2/repository/io/opentracing/contrib/opentracing-tracerresolver/0.1.5/opentracing-tracerresolver-0.1.5.jar:/home/user/.m2/repository/io/opentracing/opentracing-util/0.31.0/opentracing-util-0.31.0.jar:/home/user/.m2/repository/io/opentracing/opentracing-api/0.31.0/opentracing-api-0.31.0.jar:/home/user/.m2/repository/io/opentracing/opentracing-noop/0.31.0/opentracing-noop-0.31.0.jar:/home/user/.m2/repository/org/apache/hadoop/hadoop-hdds-server-framework/0.5.0-SNAPSHOT/hadoop-hdds-server-framework-0.5.0-SNAPSHOT.jar:/home/user/.m2/repository/org/apache/hadoop/hadoop-hdds-container-service/0.5.0-SNAPSHOT/hadoop-hdds-container-service-0.5.0-SNAPSHOT.jar:/home/user/.m2/repository/org/apache/hadoop/hadoop-hdds-client/0.5.0-SNAPSHOT/hadoop-hdds-client-0.5.0-SNAPSHOT.jar:/home/user/.m2/repository/org/apache/hadoop/hadoop-hdds-tools/0.5.0-SNAPSHOT/hadoop-hdds-tools-0.5.0-SNAPSHOT.jar:/home/user/.m2/repository/org/apache/hadoop/hadoop-hdds-server-scm/0.5.0-SNAPSHOT/hadoop-hdds-server-scm-0.5.0-SNAPSHOT.jar:/home/user/.m2/repository/org/apache/hadoop/hadoop-hdds-docs/0.5.0-SNAPSHOT/hadoop-hdds-docs-0.5.0-SNAPSHOT.jar:/home/user/.m2/repository/io/dropwizard/metrics/metrics-core/3.2.4/metrics-core-3.2.4.jar:/home/user/.m2/repository/org/hamcrest/hamcrest-all/1.3/hamcrest-all-1.3.jar:/home/user/.m2/repository/org/bouncycastle/bcprov-jdk15on/1.60/bcprov-jdk15on-1.60.jar:/home/user/.m2/repository/info/picocli/picocli/3.9.6/picocli-3.9.6.jar:/home/user/.m2/repository/com/google/protobuf/protobuf-java/2.5.0/protobuf-java-2.5.0.jar:/home/user/.m2/repository/com/google/guava/guava/11.0.2/guava-11.0.2.jar:/home/user/.m2/repository/org/apache/hadoop/hadoop-ozone-ozone-manager/0.5.0-SNAPSHOT/hadoop-ozone-ozone-manager-0.5.0-SNAPSHOT.jar:/home/user/.m2/repository/org/apache/hadoop/hadoop-minikdc/3.2.0/hadoop-minikdc-3.2.0.jar:/home/user/.m2/repository/commons-io/commons-io/2.5/commons-io-2.5.jar:/home/user/.m2/repository/org/apache/kerby/kerb-simplekdc/1.0.1/kerb-simplekdc-1.0.1.jar:/home/user/.m2/repository/org/apache/kerby/kerb-client/1.0.1/kerb-client-1.0.1.jar:/home/user/.m2/repository/org/apache/kerby/kerby-config/1.0.1/kerby-config-1.0.1.jar:/home/user/.m2/repository/org/apache/kerby/kerb-core/1.0.1/kerb-core-1.0.1.jar:/home/user/.m2/repository/org/apache/kerby/kerby-pkix/1.0.1/kerby-pkix-1.0.1.jar:/home/user/.m2/repository/org/apache/kerby/kerby-asn1/1.0.1/kerby-asn1-1.0.1.jar:/home/user/.m2/repository/org/apache/kerby/kerby-util/1.0.1/kerby-util-1.0.1.jar:/home/user/.m2/repository/org/apache/kerby/kerb-common/1.0.1/kerb-common-1.0.1.jar:/home/user/.m2/repository/org/apache/kerby/kerb-crypto/1.0.1/kerb-crypto-1.0.1.jar:/home/user/.m2/repository/org/apache/kerby/kerb-util/1.0.1/kerb-util-1.0.1.jar:/home/user/.m2/repository/org/apache/kerby/token-provider/1.0.1/token-provider-1.0.1.jar:/home/user/.m2/repository/org/apache/kerby/kerb-admin/1.0.1/kerb-admin-1.0.1.jar:/home/user/.m2/repository/org/apache/kerby/kerb-server/1.0.1/kerb-server-1.0.1.jar:/home/user/.m2/repository/org/apache/kerby/kerb-identity/1.0.1/kerb-identity-1.0.1.jar:/home/user/.m2/repository/org/apache/kerby/kerby-xdr/1.0.1/kerby-xdr-1.0.1.jar:/home/user/.m2/repository/org/slf4j/slf4j-log4j12/1.7.25/slf4j-log4j12-1.7.25.jar:/home/user/.m2/repository/org/apache/hadoop/hadoop-ozone-s3gateway/0.5.0-SNAPSHOT/hadoop-ozone-s3gateway-0.5.0-SNAPSHOT.jar:/home/user/.m2/repository/org/jboss/weld/servlet/weld-servlet/2.4.7.Final/weld-servlet-2.4.7.Final.jar:/home/user/.m2/repository/org/glassfish/jersey/containers/jersey-container-servlet-core/2.27/jersey-container-servlet-core-2.27.jar:/home/user/.m2/repository/org/glassfish/hk2/external/javax.inject/2.5.0-b42/javax.inject-2.5.0-b42.jar:/home/user/.m2/repository/org/glassfish/jersey/core/jersey-common/2.27/jersey-common-2.27.jar:/home/user/.m2/repository/org/glassfish/hk2/osgi-resource-locator/1.0.1/osgi-resource-locator-1.0.1.jar:/home/user/.m2/repository/javax/ws/rs/javax.ws.rs-api/2.1/javax.ws.rs-api-2.1.jar:/home/user/.m2/repository/org/glassfish/jersey/ext/cdi/jersey-cdi1x/2.27/jersey-cdi1x-2.27.jar:/home/user/.m2/repository/org/glassfish/jersey/inject/jersey-hk2/2.27/jersey-hk2-2.27.jar:/home/user/.m2/repository/org/glassfish/hk2/hk2-locator/2.5.0-b42/hk2-locator-2.5.0-b42.jar:/home/user/.m2/repository/org/javassist/javassist/3.22.0-CR2/javassist-3.22.0-CR2.jar:/home/user/.m2/repository/org/glassfish/hk2/hk2-api/2.5.0/hk2-api-2.5.0.jar:/home/user/.m2/repository/org/glassfish/hk2/external/jakarta.inject/2.5.0/jakarta.inject-2.5.0.jar:/home/user/.m2/repository/org/glassfish/hk2/hk2-utils/2.5.0/hk2-utils-2.5.0.jar:/home/user/.m2/repository/jakarta/annotation/jakarta.annotation-api/1.3.4/jakarta.annotation-api-1.3.4.jar:/home/user/.m2/repository/org/glassfish/hk2/external/aopalliance-repackaged/2.5.0/aopalliance-repackaged-2.5.0.jar:/home/user/.m2/repository/com/fasterxml/jackson/dataformat/jackson-dataformat-xml/2.9.0/jackson-dataformat-xml-2.9.0.jar:/home/user/.m2/repository/com/fasterxml/jackson/core/jackson-core/2.9.9/jackson-core-2.9.9.jar:/home/user/.m2/repository/com/fasterxml/jackson/module/jackson-module-jaxb-annotations/2.9.9/jackson-module-jaxb-annotations-2.9.9.jar:/home/user/.m2/repository/javax/enterprise/cdi-api/1.2/cdi-api-1.2.jar:/home/user/.m2/repository/javax/el/javax.el-api/3.0.0/javax.el-api-3.0.0.jar:/home/user/.m2/repository/javax/interceptor/javax.interceptor-api/1.2/javax.interceptor-api-1.2.jar:/home/user/.m2/repository/javax/inject/javax.inject/1/javax.inject-1.jar:/home/user/.m2/repository/com/sun/xml/bind/jaxb-impl/2.3.0.1/jaxb-impl-2.3.0.1.jar:/home/user/.m2/repository/com/sun/xml/bind/jaxb-core/2.3.0.1/jaxb-core-2.3.0.1.jar:/home/user/.m2/repository/javax/xml/bind/jaxb-api/2.3.0/jaxb-api-2.3.0.jar:/home/user/.m2/repository/javax/activation/activation/1.1.1/activation-1.1.1.jar:/home/user/.m2/repository/org/apache/hadoop/hadoop-ozone-csi/0.5.0-SNAPSHOT/hadoop-ozone-csi-0.5.0-SNAPSHOT.jar:/home/user/.m2/repository/com/google/protobuf/protobuf-java-util/3.5.1/protobuf-java-util-3.5.1.jar:/home/user/.m2/repository/org/apache/hadoop/hadoop-hdds-config/0.5.0-SNAPSHOT/hadoop-hdds-config-0.5.0-SNAPSHOT.jar:/home/user/.m2/repository/io/grpc/grpc-netty/1.17.1/grpc-netty-1.17.1.jar:/home/user/.m2/repository/io/grpc/grpc-core/1.17.1/grpc-core-1.17.1.jar:/home/user/.m2/repository/io/grpc/grpc-context/1.17.1/grpc-context-1.17.1.jar:/home/user/.m2/repository/com/google/errorprone/error_prone_annotations/2.2.0/error_prone_annotations-2.2.0.jar:/home/user/.m2/repository/org/codehaus/mojo/animal-sniffer-annotations/1.17/animal-sniffer-annotations-1.17.jar:/home/user/.m2/repository/io/opencensus/opencensus-api/0.17.0/opencensus-api-0.17.0.jar:/home/user/.m2/repository/io/opencensus/opencensus-contrib-grpc-metrics/0.17.0/opencensus-contrib-grpc-metrics-0.17.0.jar:/home/user/.m2/repository/io/netty/netty-codec-http2/4.1.30.Final/netty-codec-http2-4.1.30.Final.jar:/home/user/.m2/repository/io/netty/netty-codec-http/4.1.30.Final/netty-codec-http-4.1.30.Final.jar:/home/user/.m2/repository/io/netty/netty-codec/4.1.30.Final/netty-codec-4.1.30.Final.jar:/home/user/.m2/repository/io/netty/netty-handler/4.1.30.Final/netty-handler-4.1.30.Final.jar:/home/user/.m2/repository/io/netty/netty-handler-proxy/4.1.30.Final/netty-handler-proxy-4.1.30.Final.jar:/home/user/.m2/repository/io/netty/netty-codec-socks/4.1.30.Final/netty-codec-socks-4.1.30.Final.jar:/home/user/.m2/repository/io/netty/netty-transport-native-epoll/4.1.30.Final/netty-transport-native-epoll-4.1.30.Final.jar:/home/user/.m2/repository/io/netty/netty-common/4.1.30.Final/netty-common-4.1.30.Final.jar:/home/user/.m2/repository/io/netty/netty-buffer/4.1.30.Final/netty-buffer-4.1.30.Final.jar:/home/user/.m2/repository/io/netty/netty-transport/4.1.30.Final/netty-transport-4.1.30.Final.jar:/home/user/.m2/repository/io/netty/netty-resolver/4.1.30.Final/netty-resolver-4.1.30.Final.jar:/home/user/.m2/repository/io/netty/netty-transport-native-unix-common/4.1.30.Final/netty-transport-native-unix-common-4.1.30.Final.jar:/home/user/.m2/repository/io/grpc/grpc-protobuf/1.17.1/grpc-protobuf-1.17.1.jar:/home/user/.m2/repository/com/google/api/grpc/proto-google-common-protos/1.0.0/proto-google-common-protos-1.0.0.jar:/home/user/.m2/repository/io/grpc/grpc-protobuf-lite/1.17.1/grpc-protobuf-lite-1.17.1.jar:/home/user/.m2/repository/io/grpc/grpc-stub/1.17.1/grpc-stub-1.17.1.jar:/home/user/.m2/repository/org/apache/hadoop/hadoop-ozone-recon/0.5.0-SNAPSHOT/hadoop-ozone-recon-0.5.0-SNAPSHOT.jar:/home/user/.m2/repository/org/apache/hadoop/hadoop-ozone-reconcodegen/0.5.0-SNAPSHOT/hadoop-ozone-reconcodegen-0.5.0-SNAPSHOT.jar:/home/user/.m2/repository/com/google/inject/extensions/guice-multibindings/4.0/guice-multibindings-4.0.jar:/home/user/.m2/repository/com/google/inject/guice/4.0/guice-4.0.jar:/home/user/.m2/repository/aopalliance/aopalliance/1.0/aopalliance-1.0.jar:/home/user/.m2/repository/com/google/inject/extensions/guice-servlet/4.0/guice-servlet-4.0.jar:/home/user/.m2/repository/org/glassfish/jersey/containers/jersey-container-servlet/2.27/jersey-container-servlet-2.27.jar:/home/user/.m2/repository/org/glassfish/hk2/guice-bridge/2.5.0/guice-bridge-2.5.0.jar:/home/user/.m2/repository/org/glassfish/jersey/core/jersey-server/2.27/jersey-server-2.27.jar:/home/user/.m2/repository/org/glassfish/jersey/core/jersey-client/2.27/jersey-client-2.27.jar:/home/user/.m2/repository/org/glassfish/jersey/media/jersey-media-jaxb/2.27/jersey-media-jaxb-2.27.jar:/home/user/.m2/repository/javax/validation/validation-api/1.1.0.Final/validation-api-1.1.0.Final.jar:/home/user/.m2/repository/org/glassfish/jersey/media/jersey-media-json-jackson/2.27/jersey-media-json-jackson-2.27.jar:/home/user/.m2/repository/org/glassfish/jersey/ext/jersey-entity-filtering/2.27/jersey-entity-filtering-2.27.jar:/home/user/.m2/repository/com/google/inject/extensions/guice-assistedinject/4.0/guice-assistedinject-4.0.jar:/home/user/.m2/repository/org/jooq/jooq/3.11.10/jooq-3.11.10.jar:/home/user/.m2/repository/org/jooq/jooq-meta/3.11.10/jooq-meta-3.11.10.jar:/home/user/.m2/repository/org/jooq/jooq-codegen/3.11.10/jooq-codegen-3.11.10.jar:/home/user/.m2/repository/com/jolbox/bonecp/0.8.0.RELEASE/bonecp-0.8.0.RELEASE.jar:/home/user/.m2/repository/org/xerial/sqlite-jdbc/3.25.2/sqlite-jdbc-3.25.2.jar:/home/user/.m2/repository/org/springframework/spring-jdbc/5.1.3.RELEASE/spring-jdbc-5.1.3.RELEASE.jar:/home/user/.m2/repository/org/springframework/spring-beans/5.1.3.RELEASE/spring-beans-5.1.3.RELEASE.jar:/home/user/.m2/repository/org/springframework/spring-core/5.1.3.RELEASE/spring-core-5.1.3.RELEASE.jar:/home/user/.m2/repository/org/springframework/spring-jcl/5.1.3.RELEASE/spring-jcl-5.1.3.RELEASE.jar:/home/user/.m2/repository/org/springframework/spring-tx/5.1.3.RELEASE/spring-tx-5.1.3.RELEASE.jar:/home/user/.m2/repository/org/apache/hadoop/hadoop-ozone-client/0.5.0-SNAPSHOT/hadoop-ozone-client-0.5.0-SNAPSHOT.jar:/home/user/.m2/repository/commons-lang/commons-lang/2.6/commons-lang-2.6.jar:/home/user/.m2/repository/org/apache/hadoop/hadoop-ozone-ozone-manager/0.5.0-SNAPSHOT/hadoop-ozone-ozone-manager-0.5.0-SNAPSHOT-tests.jar:/home/user/.m2/repository/junit/junit/4.11/junit-4.11.jar:/home/user/.m2/repository/org/hamcrest/hamcrest-core/1.3/hamcrest-core-1.3.jar:/home/user/.m2/repository/org/openjdk/jmh/jmh-core/1.19/jmh-core-1.19.jar:/home/user/.m2/repository/net/sf/jopt-simple/jopt-simple/4.6/jopt-simple-4.6.jar:/home/user/.m2/repository/org/apache/commons/commons-math3/3.1.1/commons-math3-3.1.1.jar:/home/user/.m2/repository/org/openjdk/jmh/jmh-generator-annprocess/1.19/jmh-generator-annprocess-1.19.jar:/home/user/.m2/repository/org/mockito/mockito-all/1.8.5/mockito-all-1.8.5.jar:/home/user/.m2/repository/org/apache/hadoop/hadoop-kms/3.2.0/hadoop-kms-3.2.0.jar:/home/user/.m2/repository/org/apache/hadoop/hadoop-auth/3.2.0/hadoop-auth-3.2.0.jar:/home/user/.m2/repository/com/nimbusds/nimbus-jose-jwt/4.41.1/nimbus-jose-jwt-4.41.1.jar:/home/user/.m2/repository/com/github/stephenc/jcip/jcip-annotations/1.0-1/jcip-annotations-1.0-1.jar:/home/user/.m2/repository/net/minidev/json-smart/2.3/json-smart-2.3.jar:/home/user/.m2/repository/net/minidev/accessors-smart/1.2/accessors-smart-1.2.jar:/home/user/.m2/repository/org/ow2/asm/asm/5.0.4/asm-5.0.4.jar:/home/user/.m2/repository/org/apache/curator/curator-framework/2.12.0/curator-framework-2.12.0.jar:/home/user/.m2/repository/com/sun/jersey/jersey-core/1.19/jersey-core-1.19.jar:/home/user/.m2/repository/javax/ws/rs/jsr311-api/1.1.1/jsr311-api-1.1.1.jar:/home/user/.m2/repository/com/sun/jersey/jersey-server/1.19/jersey-server-1.19.jar:/home/user/.m2/repository/javax/servlet/javax.servlet-api/3.1.0/javax.servlet-api-3.1.0.jar:/home/user/.m2/repository/org/eclipse/jetty/jetty-server/9.3.25.v20180904/jetty-server-9.3.25.v20180904.jar:/home/user/.m2/repository/org/eclipse/jetty/jetty-http/9.3.25.v20180904/jetty-http-9.3.25.v20180904.jar:/home/user/.m2/repository/org/eclipse/jetty/jetty-io/9.3.25.v20180904/jetty-io-9.3.25.v20180904.jar:/home/user/.m2/repository/org/eclipse/jetty/jetty-webapp/9.3.25.v20180904/jetty-webapp-9.3.25.v20180904.jar:/home/user/.m2/repository/org/eclipse/jetty/jetty-xml/9.3.25.v20180904/jetty-xml-9.3.25.v20180904.jar:/home/user/.m2/repository/log4j/log4j/1.2.17/log4j-1.2.17.jar:/home/user/.m2/repository/org/slf4j/slf4j-api/1.7.25/slf4j-api-1.7.25.jar:/home/user/.m2/repository/org/slf4j/jul-to-slf4j/1.7.25/jul-to-slf4j-1.7.25.jar:/home/user/.m2/repository/org/eclipse/jetty/jetty-util/9.3.25.v20180904/jetty-util-9.3.25.v20180904.jar:/home/user/.m2/repository/com/fasterxml/jackson/core/jackson-databind/2.9.9/jackson-databind-2.9.9.jar:/home/user/.m2/repository/org/apache/hadoop/hadoop-kms/3.2.0/hadoop-kms-3.2.0-tests.jar:/home/user/.m2/repository/org/apache/hadoop/hadoop-hdds-server-scm/0.5.0-SNAPSHOT/hadoop-hdds-server-scm-0.5.0-SNAPSHOT-tests.jar:/home/user/.m2/repository/org/apache/hadoop/hadoop-hdds-container-service/0.5.0-SNAPSHOT/hadoop-hdds-container-service-0.5.0-SNAPSHOT-tests.jar:/home/user/.m2/repository/org/yaml/snakeyaml/1.16/snakeyaml-1.16.jar:/home/user/.m2/repository/org/apache/hadoop/hadoop-common/3.2.0/hadoop-common-3.2.0-tests.jar:/home/user/.m2/repository/org/apache/hadoop/hadoop-annotations/3.2.0/hadoop-annotations-3.2.0.jar:/usr/lib/jvm/java-1.8.0-openjdk-1.8.0.222.b10-1.el7_7.x86_64/jre/../lib/tools.jar:/home/user/.m2/repository/commons-cli/commons-cli/1.2/commons-cli-1.2.jar:/home/user/.m2/repository/org/apache/httpcomponents/httpclient/4.5.2/httpclient-4.5.2.jar:/home/user/.m2/repository/org/apache/httpcomponents/httpcore/4.4.4/httpcore-4.4.4.jar:/home/user/.m2/repository/commons-codec/commons-codec/1.11/commons-codec-1.11.jar:/home/user/.m2/repository/commons-net/commons-net/3.6/commons-net-3.6.jar:/home/user/.m2/repository/commons-collections/commons-collections/3.2.2/commons-collections-3.2.2.jar:/home/user/.m2/repository/org/eclipse/jetty/jetty-servlet/9.3.25.v20180904/jetty-servlet-9.3.25.v20180904.jar:/home/user/.m2/repository/org/eclipse/jetty/jetty-security/9.3.25.v20180904/jetty-security-9.3.25.v20180904.jar:/home/user/.m2/repository/javax/servlet/jsp/jsp-api/2.1/jsp-api-2.1.jar:/home/user/.m2/repository/com/sun/jersey/jersey-servlet/1.19/jersey-servlet-1.19.jar:/home/user/.m2/repository/com/sun/jersey/jersey-json/1.19/jersey-json-1.19.jar:/home/user/.m2/repository/org/codehaus/jettison/jettison/1.1/jettison-1.1.jar:/home/user/.m2/repository/org/codehaus/jackson/jackson-core-asl/1.9.13/jackson-core-asl-1.9.13.jar:/home/user/.m2/repository/org/codehaus/jackson/jackson-mapper-asl/1.9.13/jackson-mapper-asl-1.9.13.jar:/home/user/.m2/repository/org/codehaus/jackson/jackson-jaxrs/1.9.13/jackson-jaxrs-1.9.13.jar:/home/user/.m2/repository/org/codehaus/jackson/jackson-xc/1.9.13/jackson-xc-1.9.13.jar:/home/user/.m2/repository/commons-logging/commons-logging/1.1.3/commons-logging-1.1.3.jar:/home/user/.m2/repository/commons-beanutils/commons-beanutils/1.9.4/commons-beanutils-1.9.4.jar:/home/user/.m2/repository/org/apache/commons/commons-configuration2/2.1.1/commons-configuration2-2.1.1.jar:/home/user/.m2/repository/org/apache/commons/commons-lang3/3.7/commons-lang3-3.7.jar:/home/user/.m2/repository/org/apache/commons/commons-text/1.4/commons-text-1.4.jar:/home/user/.m2/repository/org/apache/avro/avro/1.7.7/avro-1.7.7.jar:/home/user/.m2/repository/com/thoughtworks/paranamer/paranamer/2.3/paranamer-2.3.jar:/home/user/.m2/repository/org/xerial/snappy/snappy-java/1.0.5/snappy-java-1.0.5.jar:/home/user/.m2/repository/com/google/re2j/re2j/1.1/re2j-1.1.jar:/home/user/.m2/repository/com/google/code/gson/gson/2.2.4/gson-2.2.4.jar:/home/user/.m2/repository/com/jcraft/jsch/0.1.54/jsch-0.1.54.jar:/home/user/.m2/repository/org/apache/curator/curator-client/2.12.0/curator-client-2.12.0.jar:/home/user/.m2/repository/org/apache/curator/curator-recipes/2.12.0/curator-recipes-2.12.0.jar:/home/user/.m2/repository/com/google/code/findbugs/jsr305/3.0.0/jsr305-3.0.0.jar:/home/user/.m2/repository/org/apache/htrace/htrace-core4/4.1.0-incubating/htrace-core4-4.1.0-incubating.jar:/home/user/.m2/repository/org/apache/zookeeper/zookeeper/3.4.13/zookeeper-3.4.13.jar:/home/user/.m2/repository/jline/jline/0.9.94/jline-0.9.94.jar:/home/user/.m2/repository/org/apache/yetus/audience-annotations/0.5.0/audience-annotations-0.5.0.jar:/home/user/.m2/repository/org/codehaus/woodstox/stax2-api/3.1.4/stax2-api-3.1.4.jar:/home/user/.m2/repository/com/fasterxml/woodstox/woodstox-core/5.0.3/woodstox-core-5.0.3.jar:/home/user/.m2/repository/dnsjava/dnsjava/2.1.7/dnsjava-2.1.7.jar:/home/user/.m2/repository/org/apache/hadoop/hadoop-hdfs/3.2.0/hadoop-hdfs-3.2.0-tests.jar:/home/user/.m2/repository/org/eclipse/jetty/jetty-util-ajax/9.3.25.v20180904/jetty-util-ajax-9.3.25.v20180904.jar:/home/user/.m2/repository/commons-daemon/commons-daemon/1.0.13/commons-daemon-1.0.13.jar:/home/user/.m2/repository/io/netty/netty/3.10.5.Final/netty-3.10.5.Final.jar:/home/user/.m2/repository/io/netty/netty-all/4.0.52.Final/netty-all-4.0.52.Final.jar:/home/user/.m2/repository/org/fusesource/leveldbjni/leveldbjni-all/1.8/leveldbjni-all-1.8.jar:"/>
    <property name="sun.cpu.endian" value="little"/>
    <property name="user.home" value="/home/user"/>
    <property name="user.language" value="en"/>
    <property name="java.specification.vendor" value="Oracle Corporation"/>
    <property name="java.home" value="/usr/lib/jvm/java-1.8.0-openjdk-1.8.0.222.b10-1.el7_7.x86_64/jre"/>
    <property name="surefire.excludesFile" value="/tools/ozone-bad-unit-tests"/>
    <property name="java.security.krb5.conf" value="/workdir/hadoop-ozone/integration-test/target/test-classes/krb5.conf"/>
    <property name="basedir" value="/workdir/hadoop-ozone/integration-test"/>
    <property name="file.separator" value="/"/>
    <property name="line.separator" value="&#10;"/>
    <property name="java.vm.specification.vendor" value="Oracle Corporation"/>
    <property name="java.specification.name" value="Java Platform API Specification"/>
    <property name="java.awt.graphicsenv" value="sun.awt.X11GraphicsEnvironment"/>
    <property name="surefire.real.class.path" value="/workdir/hadoop-ozone/integration-test/target/surefire/surefirebooter1562975639876802049.jar"/>
    <property name="hadoop.log.dir" value="/workdir/hadoop-ozone/integration-test/target/log"/>
    <property name="sun.boot.class.path" value="/usr/lib/jvm/java-1.8.0-openjdk-1.8.0.222.b10-1.el7_7.x86_64/jre/lib/resources.jar:/usr/lib/jvm/java-1.8.0-openjdk-1.8.0.222.b10-1.el7_7.x86_64/jre/lib/rt.jar:/usr/lib/jvm/java-1.8.0-openjdk-1.8.0.222.b10-1.el7_7.x86_64/jre/lib/sunrsasign.jar:/usr/lib/jvm/java-1.8.0-openjdk-1.8.0.222.b10-1.el7_7.x86_64/jre/lib/jsse.jar:/usr/lib/jvm/java-1.8.0-openjdk-1.8.0.222.b10-1.el7_7.x86_64/jre/lib/jce.jar:/usr/lib/jvm/java-1.8.0-openjdk-1.8.0.222.b10-1.el7_7.x86_64/jre/lib/charsets.jar:/usr/lib/jvm/java-1.8.0-openjdk-1.8.0.222.b10-1.el7_7.x86_64/jre/lib/jfr.jar:/usr/lib/jvm/java-1.8.0-openjdk-1.8.0.222.b10-1.el7_7.x86_64/jre/classes"/>
    <property name="sun.management.compiler" value="HotSpot 64-Bit Tiered Compilers"/>
    <property name="java.runtime.version" value="1.8.0_222-b10"/>
    <property name="java.net.preferIPv4Stack" value="true"/>
    <property name="user.name" value="jenkins1000"/>
    <property name="path.separator" value=":"/>
    <property name="java.security.egd" value="file:///dev/urandom"/>
    <property name="os.version" value="3.10.0-957.12.2.el7.x86_64"/>
    <property name="java.endorsed.dirs" value="/usr/lib/jvm/java-1.8.0-openjdk-1.8.0.222.b10-1.el7_7.x86_64/jre/lib/endorsed"/>
    <property name="java.runtime.name" value="OpenJDK Runtime Environment"/>
    <property name="file.encoding" value="ANSI_X3.4-1968"/>
    <property name="java.vm.name" value="OpenJDK 64-Bit Server VM"/>
    <property name="test.build.webapps" value=""/>
    <property name="localRepository" value="/home/user/.m2/repository"/>
    <property name="java.vendor.url.bug" value="http://bugreport.sun.com/bugreport/"/>
    <property name="java.io.tmpdir" value="/tmp"/>
    <property name="require.test.libhadoop" value=""/>
    <property name="java.version" value="1.8.0_222"/>
    <property name="user.dir" value="/workdir/hadoop-ozone/integration-test"/>
    <property name="os.arch" value="amd64"/>
    <property name="java.vm.specification.name" value="Java Virtual Machine Specification"/>
    <property name="test.build.classes" value="/workdir/hadoop-ozone/integration-test/target/test-classes"/>
    <property name="java.awt.printerjob" value="sun.print.PSPrinterJob"/>
    <property name="sun.os.patch.level" value="unknown"/>
    <property name="hadoop.tmp.dir" value="/workdir/hadoop-ozone/integration-test/target/tmp"/>
    <property name="java.library.path" value="/usr/lib:/workdir/hadoop-ozone/integration-test/target/native/target/usr/local/lib:/workdir/hadoop-ozone/integration-test/../../hadoop-common-project/hadoop-common/target/native/target/usr/local/lib:/usr/java/packages/lib/amd64:/usr/lib64:/lib64:/lib:/usr/lib"/>
    <property name="java.vm.info" value="mixed mode"/>
    <property name="java.vendor" value="Oracle Corporation"/>
    <property name="java.vm.version" value="25.222-b10"/>
    <property name="java.ext.dirs" value="/usr/lib/jvm/java-1.8.0-openjdk-1.8.0.222.b10-1.el7_7.x86_64/jre/lib/ext:/usr/java/packages/lib/ext"/>
    <property name="sun.io.unicode.encoding" value="UnicodeLittle"/>
    <property name="java.class.version" value="52.0"/>
  </properties>
  <testcase name="testBlockDeletionTransactions" classname="org.apache.hadoop.ozone.TestStorageContainerManager" time="27.859"/>
  <testcase name="testBlockDeletingThrottling" classname="org.apache.hadoop.ozone.TestStorageContainerManager" time="30.255"/>
  <testcase name="testSCMReinitialization" classname="org.apache.hadoop.ozone.TestStorageContainerManager" time="19.19"/>
  <testcase name="testCloseContainerCommandOnRestart" classname="org.apache.hadoop.ozone.TestStorageContainerManager" time="33.371"/>
  <testcase name="testRpcPermission" classname="org.apache.hadoop.ozone.TestStorageContainerManager" time="57.778"/>
  <testcase name="testSCMInitializationFailure" classname="org.apache.hadoop.ozone.TestStorageContainerManager" time="0.032"/>
  <testcase name="testSCMInitialization" classname="org.apache.hadoop.ozone.TestStorageContainerManager" time="0.034"/>
  <testcase name="testScmProcessDatanodeHeartbeat" classname="org.apache.hadoop.ozone.TestStorageContainerManager" time="60.02">
    <error message="test timed out after 60000 milliseconds" type="java.lang.Exception">java.lang.Exception: test timed out after 60000 milliseconds
	at java.lang.Thread.sleep(Native Method)
	at org.apache.hadoop.test.GenericTestUtils.waitFor(GenericTestUtils.java:382)
	at org.apache.hadoop.ozone.MiniOzoneClusterImpl.waitForClusterToBeReady(MiniOzoneClusterImpl.java:148)
	at org.apache.hadoop.ozone.TestStorageContainerManager.testScmProcessDatanodeHeartbeat(TestStorageContainerManager.java:536)
	at sun.reflect.NativeMethodAccessorImpl.invoke0(Native Method)
	at sun.reflect.NativeMethodAccessorImpl.invoke(NativeMethodAccessorImpl.java:62)
	at sun.reflect.DelegatingMethodAccessorImpl.invoke(DelegatingMethodAccessorImpl.java:43)
	at java.lang.reflect.Method.invoke(Method.java:498)
	at org.junit.runners.model.FrameworkMethod$1.runReflectiveCall(FrameworkMethod.java:47)
	at org.junit.internal.runners.model.ReflectiveCallable.run(ReflectiveCallable.java:12)
	at org.junit.runners.model.FrameworkMethod.invokeExplosively(FrameworkMethod.java:44)
	at org.junit.internal.runners.statements.InvokeMethod.evaluate(InvokeMethod.java:17)
	at org.junit.internal.runners.statements.FailOnTimeout$StatementThread.run(FailOnTimeout.java:74)
</error>
    <system-out><![CDATA[2019-10-24 06:00:26,468 [Thread-1226] WARN  server.ServerUtils (ServerUtils.java:getScmDbDir(145)) - ozone.scm.db.dirs is not configured. We recommend adding this setting. Falling back to ozone.metadata.dirs instead.
2019-10-24 06:00:26,482 [Thread-1226] WARN  server.ServerUtils (ServerUtils.java:getScmDbDir(145)) - ozone.scm.db.dirs is not configured. We recommend adding this setting. Falling back to ozone.metadata.dirs instead.
2019-10-24 06:00:26,483 [Thread-1226] WARN  server.ServerUtils (ServerUtils.java:getScmDbDir(145)) - ozone.scm.db.dirs is not configured. We recommend adding this setting. Falling back to ozone.metadata.dirs instead.
2019-10-24 06:00:26,484 [Thread-1226] INFO  db.DBStoreBuilder (DBStoreBuilder.java:addTable(127)) - using custom profile for table: deletedBlocks
2019-10-24 06:00:26,485 [Thread-1226] INFO  db.DBStoreBuilder (DBStoreBuilder.java:processTables(183)) - Using default column profile:DBProfile.DISK for Table:deletedBlocks
2019-10-24 06:00:26,485 [Thread-1226] INFO  db.DBStoreBuilder (DBStoreBuilder.java:addTable(127)) - using custom profile for table: validCerts
2019-10-24 06:00:26,485 [Thread-1226] INFO  db.DBStoreBuilder (DBStoreBuilder.java:processTables(183)) - Using default column profile:DBProfile.DISK for Table:validCerts
2019-10-24 06:00:26,485 [Thread-1226] INFO  db.DBStoreBuilder (DBStoreBuilder.java:addTable(127)) - using custom profile for table: revokedCerts
2019-10-24 06:00:26,485 [Thread-1226] INFO  db.DBStoreBuilder (DBStoreBuilder.java:processTables(183)) - Using default column profile:DBProfile.DISK for Table:revokedCerts
2019-10-24 06:00:26,485 [Thread-1226] INFO  db.DBStoreBuilder (DBStoreBuilder.java:addTable(127)) - using custom profile for table: default
2019-10-24 06:00:26,486 [Thread-1226] INFO  db.DBStoreBuilder (DBStoreBuilder.java:processTables(189)) - Using default column profile:DBProfile.DISK for Table:default
2019-10-24 06:00:26,486 [Thread-1226] INFO  db.DBStoreBuilder (DBStoreBuilder.java:getDbProfile(220)) - Using default options. DBProfile.DISK
2019-10-24 06:00:26,646 [Thread-1226] INFO  net.NodeSchemaLoader (NodeSchemaLoader.java:loadSchemaFromFile(125)) - Loading file from sun.misc.CompoundEnumeration@147cd842
2019-10-24 06:00:26,647 [Thread-1226] INFO  net.NodeSchemaLoader (NodeSchemaLoader.java:loadSchema(171)) - Loading network topology layer schema file
2019-10-24 06:00:26,650 [Thread-1226] WARN  server.ServerUtils (ServerUtils.java:sanitizeUserArgs(70)) - ozone.scm.stale.node.interval value = 300000 is larger than max = 100000 based on the key value of ozone.scm.heartbeat.thread.interval, reset to the max value 100000.
2019-10-24 06:00:26,650 [Thread-1226] WARN  server.ServerUtils (ServerUtils.java:sanitizeUserArgs(70)) - ozone.scm.stale.node.interval value = 300000 is larger than max = 100000 based on the key value of ozone.scm.heartbeat.thread.interval, reset to the max value 100000.
2019-10-24 06:00:26,651 [Thread-1226] INFO  node.SCMNodeManager (SCMNodeManager.java:<init>(116)) - Entering startup safe mode.
2019-10-24 06:00:26,651 [Thread-1226] INFO  Configuration.deprecation (Configuration.java:logDeprecation(1394)) - hadoop.configured.node.mapping is deprecated. Instead, use net.topology.configured.node.mapping
2019-10-24 06:00:26,651 [Thread-1226] INFO  algorithms.ContainerPlacementPolicyFactory (ContainerPlacementPolicyFactory.java:getPolicy(57)) - Create container placement policy of type org.apache.hadoop.hdds.scm.container.placement.algorithms.SCMContainerPlacementRandom
2019-10-24 06:00:26,652 [Thread-1226] WARN  server.ServerUtils (ServerUtils.java:getScmDbDir(145)) - ozone.scm.db.dirs is not configured. We recommend adding this setting. Falling back to ozone.metadata.dirs instead.
2019-10-24 06:00:26,689 [Thread-1226] INFO  pipeline.SCMPipelineManager (SCMPipelineManager.java:initializePipelineState(133)) - No pipeline exists in current db
2019-10-24 06:00:26,690 [Thread-1226] WARN  server.ServerUtils (ServerUtils.java:getScmDbDir(145)) - ozone.scm.db.dirs is not configured. We recommend adding this setting. Falling back to ozone.metadata.dirs instead.
2019-10-24 06:00:26,746 [Thread-1226] WARN  events.EventQueue (EventQueue.java:fireEvent(183)) - No event handler registered for event TypedEvent{payloadType=SafeModeStatus, name='SafeModeStatus'}
2019-10-24 06:00:26,746 [Thread-1226] INFO  ipc.CallQueueManager (CallQueueManager.java:<init>(84)) - Using callQueue: class java.util.concurrent.LinkedBlockingQueue, queueCapacity: 2000, scheduler: class org.apache.hadoop.ipc.DefaultRpcScheduler, ipcBackoff: false.
2019-10-24 06:00:26,747 [Socket Reader #1 for port 38530] INFO  ipc.Server (Server.java:run(1074)) - Starting Socket Reader #1 for port 38530
2019-10-24 06:00:26,748 [Thread-1226] INFO  ipc.CallQueueManager (CallQueueManager.java:<init>(84)) - Using callQueue: class java.util.concurrent.LinkedBlockingQueue, queueCapacity: 2000, scheduler: class org.apache.hadoop.ipc.DefaultRpcScheduler, ipcBackoff: false.
2019-10-24 06:00:26,749 [Socket Reader #1 for port 43449] INFO  ipc.Server (Server.java:run(1074)) - Starting Socket Reader #1 for port 43449
2019-10-24 06:00:26,750 [Thread-1226] INFO  ipc.CallQueueManager (CallQueueManager.java:<init>(84)) - Using callQueue: class java.util.concurrent.LinkedBlockingQueue, queueCapacity: 2000, scheduler: class org.apache.hadoop.ipc.DefaultRpcScheduler, ipcBackoff: false.
2019-10-24 06:00:26,751 [Socket Reader #1 for port 34900] INFO  ipc.Server (Server.java:run(1074)) - Starting Socket Reader #1 for port 34900
2019-10-24 06:00:26,754 [Thread-1226] INFO  hdfs.DFSUtil (DFSUtil.java:httpServerTemplateForNNAndJN(1641)) - Starting Web-server for scm at: http://0.0.0.0:0
2019-10-24 06:00:26,756 [Thread-1226] INFO  server.AuthenticationFilter (AuthenticationFilter.java:constructSecretProvider(240)) - Unable to initialize FileSignerSecretProvider, falling back to use random secrets.
2019-10-24 06:00:26,757 [Thread-1226] WARN  http.HttpRequestLog (HttpRequestLog.java:getRequestLog(97)) - Jetty request log can only be enabled using Log4j
2019-10-24 06:00:26,759 [Thread-1226] INFO  http.HttpServer2 (HttpServer2.java:addGlobalFilter(975)) - Added global filter 'safety' (class=org.apache.hadoop.http.HttpServer2$QuotingInputFilter)
2019-10-24 06:00:26,760 [Thread-1226] INFO  http.HttpServer2 (HttpServer2.java:addFilter(948)) - Added filter static_user_filter (class=org.apache.hadoop.http.lib.StaticUserWebFilter$StaticUserFilter) to context scm
2019-10-24 06:00:26,760 [Thread-1226] INFO  http.HttpServer2 (HttpServer2.java:addFilter(958)) - Added filter static_user_filter (class=org.apache.hadoop.http.lib.StaticUserWebFilter$StaticUserFilter) to context logs
2019-10-24 06:00:26,760 [Thread-1226] INFO  http.HttpServer2 (HttpServer2.java:addFilter(958)) - Added filter static_user_filter (class=org.apache.hadoop.http.lib.StaticUserWebFilter$StaticUserFilter) to context static
2019-10-24 06:00:26,763 [Thread-1226] INFO  server.StorageContainerManager (StorageContainerManager.java:start(772)) - StorageContainerLocationProtocol RPC server is listening at /0.0.0.0:34900
2019-10-24 06:00:26,765 [Thread-1226] WARN  impl.MetricsConfig (MetricsConfig.java:loadFirst(134)) - Cannot locate configuration: tried hadoop-metrics2-storagecontainermanager.properties,hadoop-metrics2.properties
2019-10-24 06:00:26,766 [Thread-1226] INFO  impl.MetricsSystemImpl (MetricsSystemImpl.java:startTimer(374)) - Scheduled Metric snapshot period at 10 second(s).
2019-10-24 06:00:26,766 [Thread-1226] INFO  impl.MetricsSystemImpl (MetricsSystemImpl.java:start(191)) - StorageContainerManager metrics system started
2019-10-24 06:00:26,793 [Thread-1226] WARN  impl.MetricsSystemImpl (MetricsSystemImpl.java:register(276)) - Sink prometheus already exists!
2019-10-24 06:00:26,798 [Thread-1226] INFO  server.SCMClientProtocolServer (SCMClientProtocolServer.java:start(159)) - RPC server for Client  is listening at /0.0.0.0:34900
2019-10-24 06:00:26,799 [IPC Server Responder] INFO  ipc.Server (Server.java:run(1314)) - IPC Server Responder: starting
2019-10-24 06:00:26,799 [IPC Server listener on 34900] INFO  ipc.Server (Server.java:run(1153)) - IPC Server listener on 34900: starting
2019-10-24 06:00:26,802 [Thread-1226] INFO  server.StorageContainerManager (StorageContainerManager.java:start(782)) - ScmBlockLocationProtocol RPC server is listening at /0.0.0.0:43449
2019-10-24 06:00:26,802 [Thread-1226] INFO  server.SCMBlockProtocolServer (SCMBlockProtocolServer.java:start(146)) - RPC server for Block Protocol is listening at /0.0.0.0:43449
2019-10-24 06:00:26,803 [IPC Server Responder] INFO  ipc.Server (Server.java:run(1314)) - IPC Server Responder: starting
2019-10-24 06:00:26,803 [IPC Server listener on 43449] INFO  ipc.Server (Server.java:run(1153)) - IPC Server listener on 43449: starting
2019-10-24 06:00:26,808 [Thread-1226] INFO  server.StorageContainerManager (StorageContainerManager.java:start(786)) - ScmDatanodeProtocl RPC server is listening at /0.0.0.0:38530
2019-10-24 06:00:26,808 [Thread-1226] INFO  server.SCMDatanodeProtocolServer (SCMDatanodeProtocolServer.java:start(169)) - RPC server for DataNodes is listening at /0.0.0.0:38530
2019-10-24 06:00:26,808 [IPC Server Responder] INFO  ipc.Server (Server.java:run(1314)) - IPC Server Responder: starting
2019-10-24 06:00:26,808 [IPC Server listener on 38530] INFO  ipc.Server (Server.java:run(1153)) - IPC Server listener on 38530: starting
2019-10-24 06:00:26,812 [Thread-1226] INFO  http.HttpServer2 (HttpServer2.java:bindListener(1191)) - Jetty bound to port 40844
2019-10-24 06:00:26,812 [Thread-1226] INFO  server.Server (Server.java:doStart(351)) - jetty-9.3.25.v20180904, build timestamp: 2018-09-04T21:11:46Z, git hash: 3ce520221d0240229c862b122d2b06c12a625732
2019-10-24 06:00:26,813 [Thread-1226] INFO  handler.ContextHandler (ContextHandler.java:doStart(781)) - Started o.e.j.s.ServletContextHandler@6c96ad34{/logs,file:///workdir/hadoop-ozone/integration-test/target/log,AVAILABLE}
2019-10-24 06:00:26,814 [Thread-1226] INFO  handler.ContextHandler (ContextHandler.java:doStart(781)) - Started o.e.j.s.ServletContextHandler@4188df7f{/static,file:///workdir/hadoop-ozone/integration-test/target/test-classes/webapps/static,AVAILABLE}
2019-10-24 06:00:26,818 [Thread-1226] INFO  handler.ContextHandler (ContextHandler.java:doStart(781)) - Started o.e.j.w.WebAppContext@79f80c88{/,file:///workdir/hadoop-ozone/integration-test/target/test-classes/webapps/scm/,AVAILABLE}{/scm}
2019-10-24 06:00:26,818 [Thread-1226] INFO  server.AbstractConnector (AbstractConnector.java:doStart(278)) - Started ServerConnector@251b7623{HTTP/1.1,[http/1.1]}{0.0.0.0:40844}
2019-10-24 06:00:26,819 [Thread-1226] INFO  server.Server (Server.java:doStart(419)) - Started @169601ms
2019-10-24 06:00:26,819 [Thread-1226] WARN  impl.MetricsSystemImpl (MetricsSystemImpl.java:register(276)) - Sink prometheus already exists!
2019-10-24 06:00:26,820 [Thread-1226] INFO  server.BaseHttpServer (BaseHttpServer.java:updateConnectorAddress(215)) - HTTP server of SCM is listening at http://0.0.0.0:40844
2019-10-24 06:00:26,821 [Thread-1226] WARN  server.ServerUtils (ServerUtils.java:getDBPath(222)) - ozone.om.db.dirs is not configured. We recommend adding this setting. Falling back to ozone.metadata.dirs instead.
2019-10-24 06:00:26,821 [org.apache.hadoop.util.JvmPauseMonitor$Monitor@4bcf6e89] INFO  util.JvmPauseMonitor (JvmPauseMonitor.java:run(188)) - Starting JVM pause monitor
2019-10-24 06:00:26,846 [Thread-1226] INFO  ha.OMHANodeDetails (OMHANodeDetails.java:loadOMHAConfig(190)) - Configuration either no ozone.om.address set. Falling back to the default OM address /127.0.0.1:0
2019-10-24 06:00:26,846 [Thread-1226] INFO  ha.OMHANodeDetails (OMHANodeDetails.java:getOMNodeDetails(220)) - OM Service ID is not set. Setting it to the default ID: omServiceIdDefault
2019-10-24 06:00:26,847 [Thread-1226] WARN  server.ServerUtils (ServerUtils.java:getDBPath(222)) - ozone.om.db.dirs is not configured. We recommend adding this setting. Falling back to ozone.metadata.dirs instead.
2019-10-24 06:00:26,847 [Thread-1226] WARN  server.ServerUtils (ServerUtils.java:getDBPath(222)) - ozone.om.db.dirs is not configured. We recommend adding this setting. Falling back to ozone.metadata.dirs instead.
2019-10-24 06:00:26,855 [Thread-1226] WARN  server.ServerUtils (ServerUtils.java:getDBPath(222)) - ozone.om.db.dirs is not configured. We recommend adding this setting. Falling back to ozone.metadata.dirs instead.
2019-10-24 06:00:26,856 [Thread-1226] INFO  db.DBStoreBuilder (DBStoreBuilder.java:addTable(127)) - using custom profile for table: userTable
2019-10-24 06:00:26,856 [Thread-1226] INFO  db.DBStoreBuilder (DBStoreBuilder.java:processTables(183)) - Using default column profile:DBProfile.DISK for Table:userTable
2019-10-24 06:00:26,856 [Thread-1226] INFO  db.DBStoreBuilder (DBStoreBuilder.java:addTable(127)) - using custom profile for table: volumeTable
2019-10-24 06:00:26,856 [Thread-1226] INFO  db.DBStoreBuilder (DBStoreBuilder.java:processTables(183)) - Using default column profile:DBProfile.DISK for Table:volumeTable
2019-10-24 06:00:26,857 [Thread-1226] INFO  db.DBStoreBuilder (DBStoreBuilder.java:addTable(127)) - using custom profile for table: bucketTable
2019-10-24 06:00:26,857 [Thread-1226] INFO  db.DBStoreBuilder (DBStoreBuilder.java:processTables(183)) - Using default column profile:DBProfile.DISK for Table:bucketTable
2019-10-24 06:00:26,857 [Thread-1226] INFO  db.DBStoreBuilder (DBStoreBuilder.java:addTable(127)) - using custom profile for table: keyTable
2019-10-24 06:00:26,857 [Thread-1226] INFO  db.DBStoreBuilder (DBStoreBuilder.java:processTables(183)) - Using default column profile:DBProfile.DISK for Table:keyTable
2019-10-24 06:00:26,857 [Thread-1226] INFO  db.DBStoreBuilder (DBStoreBuilder.java:addTable(127)) - using custom profile for table: deletedTable
2019-10-24 06:00:26,857 [Thread-1226] INFO  db.DBStoreBuilder (DBStoreBuilder.java:processTables(183)) - Using default column profile:DBProfile.DISK for Table:deletedTable
2019-10-24 06:00:26,858 [Thread-1226] INFO  db.DBStoreBuilder (DBStoreBuilder.java:addTable(127)) - using custom profile for table: openKeyTable
2019-10-24 06:00:26,858 [Thread-1226] INFO  db.DBStoreBuilder (DBStoreBuilder.java:processTables(183)) - Using default column profile:DBProfile.DISK for Table:openKeyTable
2019-10-24 06:00:26,858 [Thread-1226] INFO  db.DBStoreBuilder (DBStoreBuilder.java:addTable(127)) - using custom profile for table: s3Table
2019-10-24 06:00:26,858 [Thread-1226] INFO  db.DBStoreBuilder (DBStoreBuilder.java:processTables(183)) - Using default column profile:DBProfile.DISK for Table:s3Table
2019-10-24 06:00:26,858 [Thread-1226] INFO  db.DBStoreBuilder (DBStoreBuilder.java:addTable(127)) - using custom profile for table: multipartInfoTable
2019-10-24 06:00:26,858 [Thread-1226] INFO  db.DBStoreBuilder (DBStoreBuilder.java:processTables(183)) - Using default column profile:DBProfile.DISK for Table:multipartInfoTable
2019-10-24 06:00:26,859 [Thread-1226] INFO  db.DBStoreBuilder (DBStoreBuilder.java:addTable(127)) - using custom profile for table: dTokenTable
2019-10-24 06:00:26,859 [Thread-1226] INFO  db.DBStoreBuilder (DBStoreBuilder.java:processTables(183)) - Using default column profile:DBProfile.DISK for Table:dTokenTable
2019-10-24 06:00:26,859 [Thread-1226] INFO  db.DBStoreBuilder (DBStoreBuilder.java:addTable(127)) - using custom profile for table: s3SecretTable
2019-10-24 06:00:26,859 [Thread-1226] INFO  db.DBStoreBuilder (DBStoreBuilder.java:processTables(183)) - Using default column profile:DBProfile.DISK for Table:s3SecretTable
2019-10-24 06:00:26,859 [Thread-1226] INFO  db.DBStoreBuilder (DBStoreBuilder.java:addTable(127)) - using custom profile for table: prefixTable
2019-10-24 06:00:26,859 [Thread-1226] INFO  db.DBStoreBuilder (DBStoreBuilder.java:processTables(183)) - Using default column profile:DBProfile.DISK for Table:prefixTable
2019-10-24 06:00:26,860 [Thread-1226] INFO  db.DBStoreBuilder (DBStoreBuilder.java:addTable(127)) - using custom profile for table: default
2019-10-24 06:00:26,860 [Thread-1226] INFO  db.DBStoreBuilder (DBStoreBuilder.java:processTables(189)) - Using default column profile:DBProfile.DISK for Table:default
2019-10-24 06:00:26,860 [Thread-1226] INFO  db.DBStoreBuilder (DBStoreBuilder.java:getDbProfile(220)) - Using default options. DBProfile.DISK
2019-10-24 06:00:27,383 [Thread-1226] INFO  ipc.CallQueueManager (CallQueueManager.java:<init>(84)) - Using callQueue: class java.util.concurrent.LinkedBlockingQueue, queueCapacity: 2000, scheduler: class org.apache.hadoop.ipc.DefaultRpcScheduler, ipcBackoff: false.
2019-10-24 06:00:27,384 [Socket Reader #1 for port 33831] INFO  ipc.Server (Server.java:run(1074)) - Starting Socket Reader #1 for port 33831
2019-10-24 06:00:27,402 [Thread-1226] INFO  om.OzoneManager (OzoneManager.java:start(1074)) - OzoneManager RPC server is listening at localhost/127.0.0.1:33831
2019-10-24 06:00:27,402 [Thread-1226] INFO  impl.MetricsSystemImpl (MetricsSystemImpl.java:init(158)) - OzoneManager metrics system started (again)
2019-10-24 06:00:27,403 [IPC Server Responder] INFO  ipc.Server (Server.java:run(1314)) - IPC Server Responder: starting
2019-10-24 06:00:27,404 [IPC Server listener on 33831] INFO  ipc.Server (Server.java:run(1153)) - IPC Server listener on 33831: starting
2019-10-24 06:00:27,410 [Thread-1226] INFO  hdfs.DFSUtil (DFSUtil.java:httpServerTemplateForNNAndJN(1641)) - Starting Web-server for ozoneManager at: http://0.0.0.0:0
2019-10-24 06:00:27,412 [Thread-1226] INFO  server.AuthenticationFilter (AuthenticationFilter.java:constructSecretProvider(240)) - Unable to initialize FileSignerSecretProvider, falling back to use random secrets.
2019-10-24 06:00:27,413 [Thread-1226] WARN  http.HttpRequestLog (HttpRequestLog.java:getRequestLog(97)) - Jetty request log can only be enabled using Log4j
2019-10-24 06:00:27,415 [Thread-1226] INFO  http.HttpServer2 (HttpServer2.java:addGlobalFilter(975)) - Added global filter 'safety' (class=org.apache.hadoop.http.HttpServer2$QuotingInputFilter)
2019-10-24 06:00:27,416 [Thread-1226] INFO  http.HttpServer2 (HttpServer2.java:addFilter(948)) - Added filter static_user_filter (class=org.apache.hadoop.http.lib.StaticUserWebFilter$StaticUserFilter) to context ozoneManager
2019-10-24 06:00:27,416 [Thread-1226] INFO  http.HttpServer2 (HttpServer2.java:addFilter(958)) - Added filter static_user_filter (class=org.apache.hadoop.http.lib.StaticUserWebFilter$StaticUserFilter) to context logs
2019-10-24 06:00:27,416 [Thread-1226] INFO  http.HttpServer2 (HttpServer2.java:addFilter(958)) - Added filter static_user_filter (class=org.apache.hadoop.http.lib.StaticUserWebFilter$StaticUserFilter) to context static
2019-10-24 06:00:27,418 [Thread-1226] INFO  http.HttpServer2 (HttpServer2.java:bindListener(1191)) - Jetty bound to port 46875
2019-10-24 06:00:27,418 [Thread-1226] INFO  server.Server (Server.java:doStart(351)) - jetty-9.3.25.v20180904, build timestamp: 2018-09-04T21:11:46Z, git hash: 3ce520221d0240229c862b122d2b06c12a625732
2019-10-24 06:00:27,420 [Thread-1226] INFO  handler.ContextHandler (ContextHandler.java:doStart(781)) - Started o.e.j.s.ServletContextHandler@16c3d760{/logs,file:///workdir/hadoop-ozone/integration-test/target/log,AVAILABLE}
2019-10-24 06:00:27,421 [Thread-1226] INFO  handler.ContextHandler (ContextHandler.java:doStart(781)) - Started o.e.j.s.ServletContextHandler@6e1b6450{/static,file:///workdir/hadoop-ozone/integration-test/target/test-classes/webapps/static,AVAILABLE}
2019-10-24 06:00:27,426 [Thread-1226] INFO  handler.ContextHandler (ContextHandler.java:doStart(781)) - Started o.e.j.w.WebAppContext@2de4e5f7{/,file:///workdir/hadoop-ozone/integration-test/target/test-classes/webapps/ozoneManager/,AVAILABLE}{/ozoneManager}
2019-10-24 06:00:27,426 [Thread-1226] INFO  server.AbstractConnector (AbstractConnector.java:doStart(278)) - Started ServerConnector@67deaa39{HTTP/1.1,[http/1.1]}{0.0.0.0:46875}
2019-10-24 06:00:27,427 [Thread-1226] INFO  server.Server (Server.java:doStart(419)) - Started @170209ms
2019-10-24 06:00:27,427 [Thread-1226] WARN  impl.MetricsSystemImpl (MetricsSystemImpl.java:register(276)) - Sink prometheus already exists!
2019-10-24 06:00:27,428 [Thread-1226] INFO  server.BaseHttpServer (BaseHttpServer.java:updateConnectorAddress(215)) - HTTP server of OZONEMANAGER is listening at http://0.0.0.0:46875
2019-10-24 06:00:27,437 [Thread-1226] INFO  impl.MetricsSystemImpl (MetricsSystemImpl.java:init(158)) - HddsDatanode metrics system started (again)
2019-10-24 06:00:27,439 [Thread-1226] INFO  ozone.HddsDatanodeService (HddsDatanodeService.java:start(184)) - HddsDatanodeService host:pr-hdds-1868-76l5x-1215882166 ip:192.168.69.98
2019-10-24 06:00:27,448 [Thread-1226] INFO  volume.HddsVolume (HddsVolume.java:<init>(176)) - Creating Volume: /workdir/hadoop-ozone/integration-test/target/test-dir/MiniOzoneClusterImpl-c2f6cee0-2ab3-45cc-b6d3-6c65f943c881/datanode-0/data/containers/hdds of  storage type : DISK and capacity : 1482555576320
2019-10-24 06:00:27,448 [Thread-1226] INFO  volume.VolumeSet (VolumeSet.java:initializeVolumeSet(170)) - Added Volume : /workdir/hadoop-ozone/integration-test/target/test-dir/MiniOzoneClusterImpl-c2f6cee0-2ab3-45cc-b6d3-6c65f943c881/datanode-0/data/containers/hdds to VolumeSet
2019-10-24 06:00:27,449 [Thread-1226] INFO  volume.ThrottledAsyncChecker (ThrottledAsyncChecker.java:schedule(141)) - Scheduling a check for /workdir/hadoop-ozone/integration-test/target/test-dir/MiniOzoneClusterImpl-c2f6cee0-2ab3-45cc-b6d3-6c65f943c881/datanode-0/data/containers/hdds
2019-10-24 06:00:27,449 [Thread-1226] INFO  volume.HddsVolumeChecker (HddsVolumeChecker.java:checkAllVolumes(204)) - Scheduled health check for volume /workdir/hadoop-ozone/integration-test/target/test-dir/MiniOzoneClusterImpl-c2f6cee0-2ab3-45cc-b6d3-6c65f943c881/datanode-0/data/containers/hdds
2019-10-24 06:00:27,464 [Thread-1226] INFO  impl.RaftServerProxy (ConfUtils.java:logGet(43)) - raft.rpc.type = GRPC (default)
2019-10-24 06:00:27,465 [Thread-1226] INFO  grpc.GrpcFactory (GrpcFactory.java:checkPooledByteBufAllocatorUseCacheForAllThreads(45)) - PERFORMANCE WARNING: useCacheForAllThreads is true that may cause Netty to create a lot garbage objects and, as a result, trigger GC.
	It is recommended to disable useCacheForAllThreads by setting -Dorg.apache.ratis.thirdparty.io.netty.allocator.useCacheForAllThreads=false in command line.
2019-10-24 06:00:27,465 [Thread-1226] INFO  grpc.GrpcConfigKeys$Server (ConfUtils.java:logGet(43)) - raft.grpc.server.port = 0 (default)
2019-10-24 06:00:27,466 [Thread-1226] INFO  server.GrpcService (ConfUtils.java:logGet(43)) - raft.grpc.message.size.max = 33570816 (custom)
2019-10-24 06:00:27,466 [Thread-1226] INFO  server.RaftServerConfigKeys (ConfUtils.java:logGet(43)) - raft.server.log.appender.buffer.byte-limit = 33554432 (custom)
2019-10-24 06:00:27,466 [Thread-1226] INFO  server.GrpcService (ConfUtils.java:logGet(43)) - raft.grpc.flow.control.window = 1MB (=1048576) (default)
2019-10-24 06:00:27,466 [Thread-1226] INFO  server.RaftServerConfigKeys (ConfUtils.java:logGet(43)) - raft.server.rpc.request.timeout = 3000ms (default)
2019-10-24 06:00:27,467 [Thread-1226] INFO  server.RaftServerConfigKeys (ConfUtils.java:logGet(43)) - raft.server.storage.dir = [/workdir/hadoop-ozone/integration-test/target/test-dir/MiniOzoneClusterImpl-c2f6cee0-2ab3-45cc-b6d3-6c65f943c881/datanode-0/data/ratis] (custom)
2019-10-24 06:00:27,468 [Thread-1226] INFO  hdfs.DFSUtil (DFSUtil.java:httpServerTemplateForNNAndJN(1641)) - Starting Web-server for hddsDatanode at: http://0.0.0.0:0
2019-10-24 06:00:27,470 [Thread-1226] INFO  server.AuthenticationFilter (AuthenticationFilter.java:constructSecretProvider(240)) - Unable to initialize FileSignerSecretProvider, falling back to use random secrets.
2019-10-24 06:00:27,470 [Thread-1226] WARN  http.HttpRequestLog (HttpRequestLog.java:getRequestLog(97)) - Jetty request log can only be enabled using Log4j
2019-10-24 06:00:27,471 [Thread-1226] INFO  http.HttpServer2 (HttpServer2.java:addGlobalFilter(975)) - Added global filter 'safety' (class=org.apache.hadoop.http.HttpServer2$QuotingInputFilter)
2019-10-24 06:00:27,472 [Thread-1226] INFO  http.HttpServer2 (HttpServer2.java:addFilter(948)) - Added filter static_user_filter (class=org.apache.hadoop.http.lib.StaticUserWebFilter$StaticUserFilter) to context hddsDatanode
2019-10-24 06:00:27,472 [Thread-1226] INFO  http.HttpServer2 (HttpServer2.java:addFilter(958)) - Added filter static_user_filter (class=org.apache.hadoop.http.lib.StaticUserWebFilter$StaticUserFilter) to context logs
2019-10-24 06:00:27,472 [Thread-1226] INFO  http.HttpServer2 (HttpServer2.java:addFilter(958)) - Added filter static_user_filter (class=org.apache.hadoop.http.lib.StaticUserWebFilter$StaticUserFilter) to context static
2019-10-24 06:00:27,473 [Thread-1226] INFO  http.HttpServer2 (HttpServer2.java:bindListener(1191)) - Jetty bound to port 33357
2019-10-24 06:00:27,473 [Thread-1226] INFO  server.Server (Server.java:doStart(351)) - jetty-9.3.25.v20180904, build timestamp: 2018-09-04T21:11:46Z, git hash: 3ce520221d0240229c862b122d2b06c12a625732
2019-10-24 06:00:27,475 [Thread-1226] INFO  handler.ContextHandler (ContextHandler.java:doStart(781)) - Started o.e.j.s.ServletContextHandler@69e6f536{/logs,file:///workdir/hadoop-ozone/integration-test/target/log,AVAILABLE}
2019-10-24 06:00:27,475 [Thread-1226] INFO  handler.ContextHandler (ContextHandler.java:doStart(781)) - Started o.e.j.s.ServletContextHandler@764e4ebc{/static,jar:file:/home/user/.m2/repository/org/apache/hadoop/hadoop-hdds-container-service/0.5.0-SNAPSHOT/hadoop-hdds-container-service-0.5.0-SNAPSHOT.jar!/webapps/static,AVAILABLE}
2019-10-24 06:00:27,510 [Thread-1226] INFO  handler.ContextHandler (ContextHandler.java:doStart(781)) - Started o.e.j.w.WebAppContext@448ba83d{/,file:///tmp/jetty-0.0.0.0-33357-hddsDatanode-_-any-6867961389709273825.dir/webapp/,AVAILABLE}{/hddsDatanode}
2019-10-24 06:00:27,511 [Thread-1226] INFO  server.AbstractConnector (AbstractConnector.java:doStart(278)) - Started ServerConnector@66abf6cb{HTTP/1.1,[http/1.1]}{0.0.0.0:33357}
2019-10-24 06:00:27,512 [Thread-1226] INFO  server.Server (Server.java:doStart(419)) - Started @170294ms
2019-10-24 06:00:27,512 [Thread-1226] WARN  impl.MetricsSystemImpl (MetricsSystemImpl.java:register(276)) - Sink prometheus already exists!
2019-10-24 06:00:27,513 [Thread-1226] INFO  server.BaseHttpServer (BaseHttpServer.java:updateConnectorAddress(215)) - HTTP server of HDDSDATANODE is listening at http://0.0.0.0:33357
2019-10-24 06:00:27,513 [Thread-1226] INFO  impl.MetricsSystemImpl (MetricsSystemImpl.java:init(158)) - HddsDatanode metrics system started (again)
2019-10-24 06:00:27,516 [Thread-1226] INFO  ozone.HddsDatanodeService (HddsDatanodeService.java:start(184)) - HddsDatanodeService host:pr-hdds-1868-76l5x-1215882166 ip:192.168.69.98
2019-10-24 06:00:27,517 [org.apache.hadoop.util.JvmPauseMonitor$Monitor@560c48aa] INFO  util.JvmPauseMonitor (JvmPauseMonitor.java:run(188)) - Starting JVM pause monitor
2019-10-24 06:00:27,519 [Datanode State Machine Thread - 0] INFO  datanode.InitDatanodeState (InitDatanodeState.java:persistContainerDatanodeDetails(140)) - DatanodeDetails is persisted to /workdir/hadoop-ozone/integration-test/target/test-dir/MiniOzoneClusterImpl-c2f6cee0-2ab3-45cc-b6d3-6c65f943c881/datanode-0/meta/datanode.id
2019-10-24 06:00:27,523 [Thread-1226] INFO  volume.HddsVolume (HddsVolume.java:<init>(176)) - Creating Volume: /workdir/hadoop-ozone/integration-test/target/test-dir/MiniOzoneClusterImpl-c2f6cee0-2ab3-45cc-b6d3-6c65f943c881/datanode-1/data/containers/hdds of  storage type : DISK and capacity : 1482555576320
2019-10-24 06:00:27,524 [Thread-1226] INFO  volume.VolumeSet (VolumeSet.java:initializeVolumeSet(170)) - Added Volume : /workdir/hadoop-ozone/integration-test/target/test-dir/MiniOzoneClusterImpl-c2f6cee0-2ab3-45cc-b6d3-6c65f943c881/datanode-1/data/containers/hdds to VolumeSet
2019-10-24 06:00:27,524 [Thread-1226] INFO  volume.ThrottledAsyncChecker (ThrottledAsyncChecker.java:schedule(141)) - Scheduling a check for /workdir/hadoop-ozone/integration-test/target/test-dir/MiniOzoneClusterImpl-c2f6cee0-2ab3-45cc-b6d3-6c65f943c881/datanode-1/data/containers/hdds
2019-10-24 06:00:27,524 [Thread-1226] INFO  volume.HddsVolumeChecker (HddsVolumeChecker.java:checkAllVolumes(204)) - Scheduled health check for volume /workdir/hadoop-ozone/integration-test/target/test-dir/MiniOzoneClusterImpl-c2f6cee0-2ab3-45cc-b6d3-6c65f943c881/datanode-1/data/containers/hdds
2019-10-24 06:00:27,536 [Thread-1226] INFO  impl.RaftServerProxy (ConfUtils.java:logGet(43)) - raft.rpc.type = GRPC (default)
2019-10-24 06:00:27,536 [Thread-1226] INFO  grpc.GrpcFactory (GrpcFactory.java:checkPooledByteBufAllocatorUseCacheForAllThreads(45)) - PERFORMANCE WARNING: useCacheForAllThreads is true that may cause Netty to create a lot garbage objects and, as a result, trigger GC.
	It is recommended to disable useCacheForAllThreads by setting -Dorg.apache.ratis.thirdparty.io.netty.allocator.useCacheForAllThreads=false in command line.
2019-10-24 06:00:27,536 [Thread-1226] INFO  grpc.GrpcConfigKeys$Server (ConfUtils.java:logGet(43)) - raft.grpc.server.port = 0 (default)
2019-10-24 06:00:27,536 [Thread-1226] INFO  server.GrpcService (ConfUtils.java:logGet(43)) - raft.grpc.message.size.max = 33570816 (custom)
2019-10-24 06:00:27,536 [Thread-1226] INFO  server.RaftServerConfigKeys (ConfUtils.java:logGet(43)) - raft.server.log.appender.buffer.byte-limit = 33554432 (custom)
2019-10-24 06:00:27,537 [Thread-1226] INFO  server.GrpcService (ConfUtils.java:logGet(43)) - raft.grpc.flow.control.window = 1MB (=1048576) (default)
2019-10-24 06:00:27,537 [Thread-1226] INFO  server.RaftServerConfigKeys (ConfUtils.java:logGet(43)) - raft.server.rpc.request.timeout = 3000ms (default)
2019-10-24 06:00:27,537 [Thread-1226] INFO  server.RaftServerConfigKeys (ConfUtils.java:logGet(43)) - raft.server.storage.dir = [/workdir/hadoop-ozone/integration-test/target/test-dir/MiniOzoneClusterImpl-c2f6cee0-2ab3-45cc-b6d3-6c65f943c881/datanode-1/data/ratis] (custom)
2019-10-24 06:00:27,539 [Thread-1226] INFO  hdfs.DFSUtil (DFSUtil.java:httpServerTemplateForNNAndJN(1641)) - Starting Web-server for hddsDatanode at: http://0.0.0.0:0
2019-10-24 06:00:27,540 [Thread-1226] INFO  server.AuthenticationFilter (AuthenticationFilter.java:constructSecretProvider(240)) - Unable to initialize FileSignerSecretProvider, falling back to use random secrets.
2019-10-24 06:00:27,540 [Thread-1226] WARN  http.HttpRequestLog (HttpRequestLog.java:getRequestLog(97)) - Jetty request log can only be enabled using Log4j
2019-10-24 06:00:27,541 [Thread-1226] INFO  http.HttpServer2 (HttpServer2.java:addGlobalFilter(975)) - Added global filter 'safety' (class=org.apache.hadoop.http.HttpServer2$QuotingInputFilter)
2019-10-24 06:00:27,541 [Thread-1226] INFO  http.HttpServer2 (HttpServer2.java:addFilter(948)) - Added filter static_user_filter (class=org.apache.hadoop.http.lib.StaticUserWebFilter$StaticUserFilter) to context hddsDatanode
2019-10-24 06:00:27,541 [Thread-1226] INFO  http.HttpServer2 (HttpServer2.java:addFilter(958)) - Added filter static_user_filter (class=org.apache.hadoop.http.lib.StaticUserWebFilter$StaticUserFilter) to context logs
2019-10-24 06:00:27,542 [Thread-1226] INFO  http.HttpServer2 (HttpServer2.java:addFilter(958)) - Added filter static_user_filter (class=org.apache.hadoop.http.lib.StaticUserWebFilter$StaticUserFilter) to context static
2019-10-24 06:00:27,542 [Thread-1226] INFO  http.HttpServer2 (HttpServer2.java:bindListener(1191)) - Jetty bound to port 41342
2019-10-24 06:00:27,542 [Thread-1226] INFO  server.Server (Server.java:doStart(351)) - jetty-9.3.25.v20180904, build timestamp: 2018-09-04T21:11:46Z, git hash: 3ce520221d0240229c862b122d2b06c12a625732
2019-10-24 06:00:27,544 [Thread-1226] INFO  handler.ContextHandler (ContextHandler.java:doStart(781)) - Started o.e.j.s.ServletContextHandler@1ed7ecc4{/logs,file:///workdir/hadoop-ozone/integration-test/target/log,AVAILABLE}
2019-10-24 06:00:27,544 [Thread-1226] INFO  handler.ContextHandler (ContextHandler.java:doStart(781)) - Started o.e.j.s.ServletContextHandler@556496ed{/static,jar:file:/home/user/.m2/repository/org/apache/hadoop/hadoop-hdds-container-service/0.5.0-SNAPSHOT/hadoop-hdds-container-service-0.5.0-SNAPSHOT.jar!/webapps/static,AVAILABLE}
2019-10-24 06:00:27,572 [Thread-1226] INFO  handler.ContextHandler (ContextHandler.java:doStart(781)) - Started o.e.j.w.WebAppContext@18c4cc30{/,file:///tmp/jetty-0.0.0.0-41342-hddsDatanode-_-any-4402890234882721686.dir/webapp/,AVAILABLE}{/hddsDatanode}
2019-10-24 06:00:27,573 [Thread-1226] INFO  server.AbstractConnector (AbstractConnector.java:doStart(278)) - Started ServerConnector@72309106{HTTP/1.1,[http/1.1]}{0.0.0.0:41342}
2019-10-24 06:00:27,573 [Thread-1226] INFO  server.Server (Server.java:doStart(419)) - Started @170356ms
2019-10-24 06:00:27,573 [Thread-1226] WARN  impl.MetricsSystemImpl (MetricsSystemImpl.java:register(276)) - Sink prometheus already exists!
2019-10-24 06:00:27,574 [Thread-1226] INFO  server.BaseHttpServer (BaseHttpServer.java:updateConnectorAddress(215)) - HTTP server of HDDSDATANODE is listening at http://0.0.0.0:41342
2019-10-24 06:00:27,574 [Thread-1226] INFO  impl.MetricsSystemImpl (MetricsSystemImpl.java:init(158)) - HddsDatanode metrics system started (again)
2019-10-24 06:00:27,577 [Thread-1226] INFO  ozone.HddsDatanodeService (HddsDatanodeService.java:start(184)) - HddsDatanodeService host:pr-hdds-1868-76l5x-1215882166 ip:192.168.69.98
2019-10-24 06:00:27,578 [org.apache.hadoop.util.JvmPauseMonitor$Monitor@4e9a43f3] INFO  util.JvmPauseMonitor (JvmPauseMonitor.java:run(188)) - Starting JVM pause monitor
2019-10-24 06:00:27,579 [Datanode State Machine Thread - 0] INFO  datanode.InitDatanodeState (InitDatanodeState.java:persistContainerDatanodeDetails(140)) - DatanodeDetails is persisted to /workdir/hadoop-ozone/integration-test/target/test-dir/MiniOzoneClusterImpl-c2f6cee0-2ab3-45cc-b6d3-6c65f943c881/datanode-1/meta/datanode.id
2019-10-24 06:00:27,584 [Thread-1226] INFO  volume.HddsVolume (HddsVolume.java:<init>(176)) - Creating Volume: /workdir/hadoop-ozone/integration-test/target/test-dir/MiniOzoneClusterImpl-c2f6cee0-2ab3-45cc-b6d3-6c65f943c881/datanode-2/data/containers/hdds of  storage type : DISK and capacity : 1482555576320
2019-10-24 06:00:27,584 [Thread-1226] INFO  volume.VolumeSet (VolumeSet.java:initializeVolumeSet(170)) - Added Volume : /workdir/hadoop-ozone/integration-test/target/test-dir/MiniOzoneClusterImpl-c2f6cee0-2ab3-45cc-b6d3-6c65f943c881/datanode-2/data/containers/hdds to VolumeSet
2019-10-24 06:00:27,584 [Thread-1226] INFO  volume.ThrottledAsyncChecker (ThrottledAsyncChecker.java:schedule(141)) - Scheduling a check for /workdir/hadoop-ozone/integration-test/target/test-dir/MiniOzoneClusterImpl-c2f6cee0-2ab3-45cc-b6d3-6c65f943c881/datanode-2/data/containers/hdds
2019-10-24 06:00:27,584 [Thread-1226] INFO  volume.HddsVolumeChecker (HddsVolumeChecker.java:checkAllVolumes(204)) - Scheduled health check for volume /workdir/hadoop-ozone/integration-test/target/test-dir/MiniOzoneClusterImpl-c2f6cee0-2ab3-45cc-b6d3-6c65f943c881/datanode-2/data/containers/hdds
2019-10-24 06:00:27,595 [Thread-1226] INFO  impl.RaftServerProxy (ConfUtils.java:logGet(43)) - raft.rpc.type = GRPC (default)
2019-10-24 06:00:27,595 [Thread-1226] INFO  grpc.GrpcFactory (GrpcFactory.java:checkPooledByteBufAllocatorUseCacheForAllThreads(45)) - PERFORMANCE WARNING: useCacheForAllThreads is true that may cause Netty to create a lot garbage objects and, as a result, trigger GC.
	It is recommended to disable useCacheForAllThreads by setting -Dorg.apache.ratis.thirdparty.io.netty.allocator.useCacheForAllThreads=false in command line.
2019-10-24 06:00:27,596 [Thread-1226] INFO  grpc.GrpcConfigKeys$Server (ConfUtils.java:logGet(43)) - raft.grpc.server.port = 0 (default)
2019-10-24 06:00:27,596 [Thread-1226] INFO  server.GrpcService (ConfUtils.java:logGet(43)) - raft.grpc.message.size.max = 33570816 (custom)
2019-10-24 06:00:27,596 [Thread-1226] INFO  server.RaftServerConfigKeys (ConfUtils.java:logGet(43)) - raft.server.log.appender.buffer.byte-limit = 33554432 (custom)
2019-10-24 06:00:27,596 [Thread-1226] INFO  server.GrpcService (ConfUtils.java:logGet(43)) - raft.grpc.flow.control.window = 1MB (=1048576) (default)
2019-10-24 06:00:27,596 [Thread-1226] INFO  server.RaftServerConfigKeys (ConfUtils.java:logGet(43)) - raft.server.rpc.request.timeout = 3000ms (default)
2019-10-24 06:00:27,596 [Thread-1226] INFO  server.RaftServerConfigKeys (ConfUtils.java:logGet(43)) - raft.server.storage.dir = [/workdir/hadoop-ozone/integration-test/target/test-dir/MiniOzoneClusterImpl-c2f6cee0-2ab3-45cc-b6d3-6c65f943c881/datanode-2/data/ratis] (custom)
2019-10-24 06:00:27,598 [Thread-1226] INFO  hdfs.DFSUtil (DFSUtil.java:httpServerTemplateForNNAndJN(1641)) - Starting Web-server for hddsDatanode at: http://0.0.0.0:0
2019-10-24 06:00:27,599 [Thread-1226] INFO  server.AuthenticationFilter (AuthenticationFilter.java:constructSecretProvider(240)) - Unable to initialize FileSignerSecretProvider, falling back to use random secrets.
2019-10-24 06:00:27,599 [Thread-1226] WARN  http.HttpRequestLog (HttpRequestLog.java:getRequestLog(97)) - Jetty request log can only be enabled using Log4j
2019-10-24 06:00:27,600 [Thread-1226] INFO  http.HttpServer2 (HttpServer2.java:addGlobalFilter(975)) - Added global filter 'safety' (class=org.apache.hadoop.http.HttpServer2$QuotingInputFilter)
2019-10-24 06:00:27,600 [Thread-1226] INFO  http.HttpServer2 (HttpServer2.java:addFilter(948)) - Added filter static_user_filter (class=org.apache.hadoop.http.lib.StaticUserWebFilter$StaticUserFilter) to context hddsDatanode
2019-10-24 06:00:27,600 [Thread-1226] INFO  http.HttpServer2 (HttpServer2.java:addFilter(958)) - Added filter static_user_filter (class=org.apache.hadoop.http.lib.StaticUserWebFilter$StaticUserFilter) to context static
2019-10-24 06:00:27,600 [Thread-1226] INFO  http.HttpServer2 (HttpServer2.java:addFilter(958)) - Added filter static_user_filter (class=org.apache.hadoop.http.lib.StaticUserWebFilter$StaticUserFilter) to context logs
2019-10-24 06:00:27,601 [Thread-1226] INFO  http.HttpServer2 (HttpServer2.java:bindListener(1191)) - Jetty bound to port 46113
2019-10-24 06:00:27,601 [Thread-1226] INFO  server.Server (Server.java:doStart(351)) - jetty-9.3.25.v20180904, build timestamp: 2018-09-04T21:11:46Z, git hash: 3ce520221d0240229c862b122d2b06c12a625732
2019-10-24 06:00:27,602 [Thread-1226] INFO  handler.ContextHandler (ContextHandler.java:doStart(781)) - Started o.e.j.s.ServletContextHandler@15eded1f{/logs,file:///workdir/hadoop-ozone/integration-test/target/log,AVAILABLE}
2019-10-24 06:00:27,603 [Thread-1226] INFO  handler.ContextHandler (ContextHandler.java:doStart(781)) - Started o.e.j.s.ServletContextHandler@57193d28{/static,jar:file:/home/user/.m2/repository/org/apache/hadoop/hadoop-hdds-container-service/0.5.0-SNAPSHOT/hadoop-hdds-container-service-0.5.0-SNAPSHOT.jar!/webapps/static,AVAILABLE}
2019-10-24 06:00:27,631 [Thread-1226] INFO  handler.ContextHandler (ContextHandler.java:doStart(781)) - Started o.e.j.w.WebAppContext@1cba5581{/,file:///tmp/jetty-0.0.0.0-46113-hddsDatanode-_-any-6657095197220998717.dir/webapp/,AVAILABLE}{/hddsDatanode}
2019-10-24 06:00:27,631 [Thread-1226] INFO  server.AbstractConnector (AbstractConnector.java:doStart(278)) - Started ServerConnector@3a2daef{HTTP/1.1,[http/1.1]}{0.0.0.0:46113}
2019-10-24 06:00:27,632 [Thread-1226] INFO  server.Server (Server.java:doStart(419)) - Started @170414ms
2019-10-24 06:00:27,632 [Thread-1226] WARN  impl.MetricsSystemImpl (MetricsSystemImpl.java:register(276)) - Sink prometheus already exists!
2019-10-24 06:00:27,632 [Thread-1226] INFO  server.BaseHttpServer (BaseHttpServer.java:updateConnectorAddress(215)) - HTTP server of HDDSDATANODE is listening at http://0.0.0.0:46113
2019-10-24 06:00:27,633 [Thread-1226] INFO  ozone.MiniOzoneClusterImpl (MiniOzoneClusterImpl.java:lambda$waitForClusterToBeReady$2(171)) - Waiting for cluster to be ready. Got 0 of 3 DN Heartbeats.
2019-10-24 06:00:27,636 [org.apache.hadoop.util.JvmPauseMonitor$Monitor@117c0468] INFO  util.JvmPauseMonitor (JvmPauseMonitor.java:run(188)) - Starting JVM pause monitor
2019-10-24 06:00:27,637 [Datanode State Machine Thread - 0] INFO  datanode.InitDatanodeState (InitDatanodeState.java:persistContainerDatanodeDetails(140)) - DatanodeDetails is persisted to /workdir/hadoop-ozone/integration-test/target/test-dir/MiniOzoneClusterImpl-c2f6cee0-2ab3-45cc-b6d3-6c65f943c881/datanode-2/meta/datanode.id
2019-10-24 06:00:28,635 [Thread-1226] INFO  ozone.MiniOzoneClusterImpl (MiniOzoneClusterImpl.java:lambda$waitForClusterToBeReady$2(171)) - Waiting for cluster to be ready. Got 0 of 3 DN Heartbeats.
2019-10-24 06:00:29,537 [Datanode State Machine Thread - 0] INFO  ozoneimpl.OzoneContainer (OzoneContainer.java:start(213)) - Attempting to start container services.
2019-10-24 06:00:29,539 [Datanode State Machine Thread - 0] INFO  ozoneimpl.OzoneContainer (OzoneContainer.java:startContainerScrub(177)) - Background container scanner has been disabled.
2019-10-24 06:00:29,539 [Datanode State Machine Thread - 0] INFO  ratis.XceiverServerRatis (XceiverServerRatis.java:start(425)) - Starting XceiverServerRatis 47180160-76b2-45ae-892b-b49970701001 at port 0
2019-10-24 06:00:29,549 [Datanode State Machine Thread - 0] INFO  impl.RaftServerProxy (RaftServerProxy.java:lambda$start$3(299)) - 47180160-76b2-45ae-892b-b49970701001: start RPC server
2019-10-24 06:00:29,552 [Datanode State Machine Thread - 0] INFO  server.GrpcService (GrpcService.java:startImpl(158)) - 47180160-76b2-45ae-892b-b49970701001: GrpcService started, listening on 0.0.0.0/0.0.0.0:36839
2019-10-24 06:00:29,552 [Datanode State Machine Thread - 0] INFO  ratis.XceiverServerRatis (XceiverServerRatis.java:start(435)) - XceiverServerRatis 47180160-76b2-45ae-892b-b49970701001 is started using port 36839
2019-10-24 06:00:29,554 [Datanode State Machine Thread - 0] INFO  server.XceiverServerGrpc (XceiverServerGrpc.java:start(149)) - XceiverServerGrpc 47180160-76b2-45ae-892b-b49970701001 is started using port 34941
2019-10-24 06:00:29,594 [Datanode State Machine Thread - 0] INFO  ozoneimpl.OzoneContainer (OzoneContainer.java:start(213)) - Attempting to start container services.
2019-10-24 06:00:29,596 [Datanode State Machine Thread - 0] INFO  ozoneimpl.OzoneContainer (OzoneContainer.java:startContainerScrub(177)) - Background container scanner has been disabled.
2019-10-24 06:00:29,596 [Datanode State Machine Thread - 0] INFO  ratis.XceiverServerRatis (XceiverServerRatis.java:start(425)) - Starting XceiverServerRatis 2b9b30af-b642-404c-904a-520915f33294 at port 0
2019-10-24 06:00:29,608 [Datanode State Machine Thread - 0] INFO  impl.RaftServerProxy (RaftServerProxy.java:lambda$start$3(299)) - 2b9b30af-b642-404c-904a-520915f33294: start RPC server
2019-10-24 06:00:29,610 [Datanode State Machine Thread - 0] INFO  server.GrpcService (GrpcService.java:startImpl(158)) - 2b9b30af-b642-404c-904a-520915f33294: GrpcService started, listening on 0.0.0.0/0.0.0.0:46837
2019-10-24 06:00:29,611 [Datanode State Machine Thread - 0] INFO  ratis.XceiverServerRatis (XceiverServerRatis.java:start(435)) - XceiverServerRatis 2b9b30af-b642-404c-904a-520915f33294 is started using port 46837
2019-10-24 06:00:29,612 [Datanode State Machine Thread - 0] INFO  server.XceiverServerGrpc (XceiverServerGrpc.java:start(149)) - XceiverServerGrpc 2b9b30af-b642-404c-904a-520915f33294 is started using port 41959
2019-10-24 06:00:29,635 [Thread-1226] INFO  ozone.MiniOzoneClusterImpl (MiniOzoneClusterImpl.java:lambda$waitForClusterToBeReady$2(171)) - Waiting for cluster to be ready. Got 0 of 3 DN Heartbeats.
2019-10-24 06:00:29,650 [Datanode State Machine Thread - 0] INFO  ozoneimpl.OzoneContainer (OzoneContainer.java:start(213)) - Attempting to start container services.
2019-10-24 06:00:29,652 [Datanode State Machine Thread - 0] INFO  ozoneimpl.OzoneContainer (OzoneContainer.java:startContainerScrub(177)) - Background container scanner has been disabled.
2019-10-24 06:00:29,652 [Datanode State Machine Thread - 0] INFO  ratis.XceiverServerRatis (XceiverServerRatis.java:start(425)) - Starting XceiverServerRatis d3fd9ed3-fdd6-489e-ad99-f32b40bdc365 at port 0
2019-10-24 06:00:29,660 [Datanode State Machine Thread - 0] INFO  impl.RaftServerProxy (RaftServerProxy.java:lambda$start$3(299)) - d3fd9ed3-fdd6-489e-ad99-f32b40bdc365: start RPC server
2019-10-24 06:00:29,667 [Datanode State Machine Thread - 0] INFO  server.GrpcService (GrpcService.java:startImpl(158)) - d3fd9ed3-fdd6-489e-ad99-f32b40bdc365: GrpcService started, listening on 0.0.0.0/0.0.0.0:35100
2019-10-24 06:00:29,667 [Datanode State Machine Thread - 0] INFO  ratis.XceiverServerRatis (XceiverServerRatis.java:start(435)) - XceiverServerRatis d3fd9ed3-fdd6-489e-ad99-f32b40bdc365 is started using port 35100
2019-10-24 06:00:29,672 [Datanode State Machine Thread - 0] INFO  server.XceiverServerGrpc (XceiverServerGrpc.java:start(149)) - XceiverServerGrpc d3fd9ed3-fdd6-489e-ad99-f32b40bdc365 is started using port 35242
2019-10-24 06:00:30,636 [Thread-1226] INFO  ozone.MiniOzoneClusterImpl (MiniOzoneClusterImpl.java:lambda$waitForClusterToBeReady$2(171)) - Waiting for cluster to be ready. Got 0 of 3 DN Heartbeats.
2019-10-24 06:00:31,522 [IPC Server handler 0 on 38530] INFO  net.NetworkTopology (NetworkTopologyImpl.java:add(111)) - Added a new node: /rack1/47180160-76b2-45ae-892b-b49970701001
2019-10-24 06:00:31,523 [IPC Server handler 0 on 38530] INFO  node.SCMNodeManager (SCMNodeManager.java:register(268)) - Registered Data node : 47180160-76b2-45ae-892b-b49970701001{ip: 192.168.69.98, host: pr-hdds-1868-76l5x-1215882166, networkLocation: /rack1, certSerialId: null}
2019-10-24 06:00:31,525 [EventQueue-NodeRegistrationContainerReportForDataNodeSafeModeRule] INFO  safemode.SCMSafeModeManager (DataNodeSafeModeRule.java:process(71)) - SCM in safe mode. 1 DataNodes registered, 1 required.
2019-10-24 06:00:31,526 [EventQueue-NodeRegistrationContainerReportForDataNodeSafeModeRule] INFO  safemode.SCMSafeModeManager (SCMSafeModeManager.java:validateSafeModeExitRules(177)) - ScmSafeModeManager, all rules are successfully validated
2019-10-24 06:00:31,526 [EventQueue-NodeRegistrationContainerReportForDataNodeSafeModeRule] INFO  safemode.SCMSafeModeManager (SCMSafeModeManager.java:exitSafeMode(193)) - SCM exiting safe mode.
2019-10-24 06:00:31,542 [grpc-default-executor-2] INFO  impl.RaftServerProxy (RaftServerProxy.java:addNew(89)) - 47180160-76b2-45ae-892b-b49970701001: addNew group-9A00D2A189DA:[47180160-76b2-45ae-892b-b49970701001:192.168.69.98:36839] returns group-9A00D2A189DA:java.util.concurrent.CompletableFuture@3703e28e[Not completed]
2019-10-24 06:00:31,543 [pool-261-thread-1] INFO  impl.RaftServerImpl (RaftServerImpl.java:<init>(98)) - 47180160-76b2-45ae-892b-b49970701001: new RaftServerImpl for group-9A00D2A189DA:[47180160-76b2-45ae-892b-b49970701001:192.168.69.98:36839] with ContainerStateMachine:uninitialized
2019-10-24 06:00:31,548 [pool-261-thread-1] INFO  server.RaftServerConfigKeys (ConfUtils.java:logGet(43)) - raft.server.rpc.timeout.min = 5s (custom)
2019-10-24 06:00:31,548 [pool-261-thread-1] INFO  server.RaftServerConfigKeys (ConfUtils.java:logGet(43)) - raft.server.rpc.timeout.max = 5200ms (custom)
2019-10-24 06:00:31,548 [pool-261-thread-1] INFO  server.RaftServerConfigKeys (ConfUtils.java:logGet(43)) - raft.server.rpcslowness.timeout = 120s (custom)
2019-10-24 06:00:31,548 [pool-261-thread-1] INFO  server.RaftServerConfigKeys (ConfUtils.java:logGet(43)) - raft.server.sleep.deviation.threshold = 300 (default)
2019-10-24 06:00:31,548 [pool-261-thread-1] INFO  server.RaftServerConfigKeys (ConfUtils.java:logGet(43)) - raft.server.log.appender.install.snapshot.enabled = false (custom)
2019-10-24 06:00:31,549 [pool-261-thread-1] INFO  impl.RaftServerImpl (ServerState.java:<init>(103)) - 47180160-76b2-45ae-892b-b49970701001@group-9A00D2A189DA: ConfigurationManager, init=-1: [47180160-76b2-45ae-892b-b49970701001:192.168.69.98:36839], old=null, confs=<EMPTY_MAP>
2019-10-24 06:00:31,549 [pool-261-thread-1] INFO  server.RaftServerConfigKeys (ConfUtils.java:logGet(43)) - raft.server.storage.dir = [/workdir/hadoop-ozone/integration-test/target/test-dir/MiniOzoneClusterImpl-c2f6cee0-2ab3-45cc-b6d3-6c65f943c881/datanode-0/data/ratis] (custom)
2019-10-24 06:00:31,549 [pool-261-thread-1] INFO  server.RaftServerConfigKeys (ConfUtils.java:logGet(43)) - raft.server.log.corruption.policy = EXCEPTION (default)
2019-10-24 06:00:31,549 [pool-261-thread-1] INFO  storage.RaftStorageDirectory (RaftStorageDirectory.java:analyzeStorage(246)) - The storage directory /workdir/hadoop-ozone/integration-test/target/test-dir/MiniOzoneClusterImpl-c2f6cee0-2ab3-45cc-b6d3-6c65f943c881/datanode-0/data/ratis/a8d99d4e-936d-4d51-bd32-9a00d2a189da does not exist. Creating ...
2019-10-24 06:00:31,563 [pool-261-thread-1] INFO  storage.RaftStorageDirectory (RaftStorageDirectory.java:tryLock(328)) - Lock on /workdir/hadoop-ozone/integration-test/target/test-dir/MiniOzoneClusterImpl-c2f6cee0-2ab3-45cc-b6d3-6c65f943c881/datanode-0/data/ratis/a8d99d4e-936d-4d51-bd32-9a00d2a189da/in_use.lock acquired by nodename 19707@pr-hdds-1868-76l5x-1215882166
2019-10-24 06:00:31,578 [pool-261-thread-1] INFO  storage.RaftStorage (RaftStorage.java:format(84)) - Storage directory /workdir/hadoop-ozone/integration-test/target/test-dir/MiniOzoneClusterImpl-c2f6cee0-2ab3-45cc-b6d3-6c65f943c881/datanode-0/data/ratis/a8d99d4e-936d-4d51-bd32-9a00d2a189da has been successfully formatted.
2019-10-24 06:00:31,578 [pool-261-thread-1] INFO  ratis.ContainerStateMachine (ContainerStateMachine.java:loadSnapshot(233)) - group-9A00D2A189DA: The snapshot info is null. Setting the last applied indexto:(t:0, i:~)
2019-10-24 06:00:31,578 [pool-261-thread-1] INFO  server.RaftServerConfigKeys (ConfUtils.java:logGet(43)) - raft.server.notification.no-leader.timeout = 120s (custom)
2019-10-24 06:00:31,578 [pool-261-thread-1] INFO  server.RaftServerConfigKeys (ConfUtils.java:logGet(43)) - raft.server.log.use.memory = false (default)
2019-10-24 06:00:31,579 [pool-261-thread-1] INFO  server.RaftServerConfigKeys (ConfUtils.java:logGet(43)) - raft.server.log.purge.gap = 1000000 (custom)
2019-10-24 06:00:31,579 [pool-261-thread-1] INFO  server.RaftServerConfigKeys (ConfUtils.java:logGet(43)) - raft.server.log.appender.buffer.byte-limit = 33554432 (custom)
2019-10-24 06:00:31,579 [pool-261-thread-1] INFO  server.RaftServerConfigKeys (ConfUtils.java:logGet(43)) - raft.server.log.segment.size.max = 1048576 (custom)
2019-10-24 06:00:31,579 [IPC Server handler 1 on 38530] INFO  net.NetworkTopology (NetworkTopologyImpl.java:add(111)) - Added a new node: /rack1/2b9b30af-b642-404c-904a-520915f33294
2019-10-24 06:00:31,579 [pool-261-thread-1] WARN  impl.MetricRegistriesImpl (MetricRegistriesImpl.java:lambda$create$1(61)) - First MetricRegistry has been created without registering reporters. You may need to call MetricRegistries.global().addReportRegistration(...) before.
2019-10-24 06:00:31,580 [IPC Server handler 1 on 38530] INFO  node.SCMNodeManager (SCMNodeManager.java:register(268)) - Registered Data node : 2b9b30af-b642-404c-904a-520915f33294{ip: 192.168.69.98, host: pr-hdds-1868-76l5x-1215882166, networkLocation: /rack1, certSerialId: null}
2019-10-24 06:00:31,580 [pool-261-thread-1] INFO  server.RaftServerConfigKeys (ConfUtils.java:logGet(43)) - raft.server.log.segment.cache.num.max = 2 (custom)
2019-10-24 06:00:31,580 [pool-261-thread-1] INFO  segmented.SegmentedRaftLogWorker (SegmentedRaftLogWorker.java:<init>(173)) - new 47180160-76b2-45ae-892b-b49970701001@group-9A00D2A189DA-SegmentedRaftLogWorker for RaftStorage:Storage Directory /workdir/hadoop-ozone/integration-test/target/test-dir/MiniOzoneClusterImpl-c2f6cee0-2ab3-45cc-b6d3-6c65f943c881/datanode-0/data/ratis/a8d99d4e-936d-4d51-bd32-9a00d2a189da
2019-10-24 06:00:31,580 [pool-261-thread-1] INFO  server.RaftServerConfigKeys (ConfUtils.java:logGet(43)) - raft.server.log.queue.byte-limit = 2147483647 (custom)
2019-10-24 06:00:31,580 [pool-261-thread-1] INFO  server.RaftServerConfigKeys (ConfUtils.java:logGet(43)) - raft.server.log.queue.element-limit = 1024 (custom)
2019-10-24 06:00:31,580 [pool-261-thread-1] INFO  server.RaftServerConfigKeys (ConfUtils.java:logGet(43)) - raft.server.log.segment.size.max = 1048576 (custom)
2019-10-24 06:00:31,581 [pool-261-thread-1] INFO  server.RaftServerConfigKeys (ConfUtils.java:logGet(43)) - raft.server.log.preallocated.size = 16384 (custom)
2019-10-24 06:00:31,581 [pool-261-thread-1] INFO  server.RaftServerConfigKeys (ConfUtils.java:logGet(43)) - raft.server.log.write.buffer.size = 33554432 (custom)
2019-10-24 06:00:31,581 [pool-261-thread-1] INFO  server.RaftServerConfigKeys (ConfUtils.java:logGet(43)) - raft.server.log.force.sync.num = 128 (default)
2019-10-24 06:00:31,581 [pool-261-thread-1] INFO  server.RaftServerConfigKeys (ConfUtils.java:logGet(43)) - raft.server.log.statemachine.data.sync = true (default)
2019-10-24 06:00:31,581 [pool-261-thread-1] INFO  server.RaftServerConfigKeys (ConfUtils.java:logGet(43)) - raft.server.log.statemachine.data.sync.timeout = 10s (default)
2019-10-24 06:00:31,581 [pool-261-thread-1] INFO  server.RaftServerConfigKeys (ConfUtils.java:logGet(43)) - raft.server.log.statemachine.data.sync.timeout.retry = -1 (default)
2019-10-24 06:00:31,582 [pool-261-thread-1] INFO  server.RaftServerConfigKeys (ConfUtils.java:logGet(43)) - raft.server.log.statemachine.data.caching.enabled = true (custom)
2019-10-24 06:00:31,582 [pool-261-thread-1] INFO  segmented.SegmentedRaftLogWorker (SegmentedRaftLogWorker.java:lambda$new$0(128)) - 47180160-76b2-45ae-892b-b49970701001@group-9A00D2A189DA-SegmentedRaftLogWorker: flushIndex: setUnconditionally 0 -> -1
2019-10-24 06:00:31,583 [pool-261-thread-1] INFO  server.RaftServerConfigKeys (ConfUtils.java:logGet(43)) - raft.server.snapshot.auto.trigger.enabled = true (custom)
2019-10-24 06:00:31,583 [pool-261-thread-1] INFO  server.RaftServerConfigKeys (ConfUtils.java:logGet(43)) - raft.server.snapshot.auto.trigger.threshold = 10000 (custom)
2019-10-24 06:00:31,583 [pool-261-thread-1] INFO  server.RaftServerConfigKeys (ConfUtils.java:logGet(43)) - raft.server.snapshot.retention.file.num = 5 (custom)
2019-10-24 06:00:31,583 [pool-261-thread-1] INFO  server.RaftServerConfigKeys (ConfUtils.java:logGet(43)) - raft.server.retrycache.expirytime = 600000ms (custom)
2019-10-24 06:00:31,583 [pool-261-thread-1] WARN  impl.MetricRegistriesImpl (MetricRegistriesImpl.java:lambda$create$1(61)) - First MetricRegistry has been created without registering reporters. You may need to call MetricRegistries.global().addReportRegistration(...) before.
2019-10-24 06:00:31,584 [pool-261-thread-1] WARN  impl.MetricRegistriesImpl (MetricRegistriesImpl.java:lambda$create$1(61)) - First MetricRegistry has been created without registering reporters. You may need to call MetricRegistries.global().addReportRegistration(...) before.
2019-10-24 06:00:31,584 [pool-261-thread-1] INFO  impl.RaftServerImpl (RaftServerImpl.java:start(184)) - 47180160-76b2-45ae-892b-b49970701001@group-9A00D2A189DA: start as a follower, conf=-1: [47180160-76b2-45ae-892b-b49970701001:192.168.69.98:36839], old=null
2019-10-24 06:00:31,584 [pool-261-thread-1] INFO  impl.RaftServerImpl (RaftServerImpl.java:setRole(173)) - 47180160-76b2-45ae-892b-b49970701001@group-9A00D2A189DA: changes role from      null to FOLLOWER at term 0 for startAsFollower
2019-10-24 06:00:31,584 [pool-261-thread-1] INFO  impl.RoleInfo (RoleInfo.java:updateAndGet(143)) - 47180160-76b2-45ae-892b-b49970701001: start FollowerState
2019-10-24 06:00:31,585 [pool-261-thread-1] INFO  util.JmxRegister (JmxRegister.java:tryRegister(44)) - Successfully registered JMX Bean with object name Ratis:service=RaftServer,group=group-9A00D2A189DA,id=47180160-76b2-45ae-892b-b49970701001
2019-10-24 06:00:31,585 [pool-261-thread-1] WARN  impl.MetricRegistriesImpl (MetricRegistriesImpl.java:lambda$create$1(61)) - First MetricRegistry has been created without registering reporters. You may need to call MetricRegistries.global().addReportRegistration(...) before.
2019-10-24 06:00:31,592 [RatisPipelineUtilsThread] INFO  pipeline.PipelineStateManager (PipelineStateManager.java:addPipeline(55)) - Created pipeline Pipeline[ Id: a8d99d4e-936d-4d51-bd32-9a00d2a189da, Nodes: 47180160-76b2-45ae-892b-b49970701001{ip: 192.168.69.98, host: pr-hdds-1868-76l5x-1215882166, networkLocation: /rack1, certSerialId: null}, Type:RATIS, Factor:ONE, State:ALLOCATED]
2019-10-24 06:00:31,604 [grpc-default-executor-2] INFO  impl.RaftServerProxy (RaftServerProxy.java:addNew(89)) - 2b9b30af-b642-404c-904a-520915f33294: addNew group-7B412DF414E1:[2b9b30af-b642-404c-904a-520915f33294:192.168.69.98:46837] returns group-7B412DF414E1:java.util.concurrent.CompletableFuture@6f3d478f[Not completed]
2019-10-24 06:00:31,605 [pool-271-thread-1] INFO  impl.RaftServerImpl (RaftServerImpl.java:<init>(98)) - 2b9b30af-b642-404c-904a-520915f33294: new RaftServerImpl for group-7B412DF414E1:[2b9b30af-b642-404c-904a-520915f33294:192.168.69.98:46837] with ContainerStateMachine:uninitialized
2019-10-24 06:00:31,605 [pool-271-thread-1] INFO  server.RaftServerConfigKeys (ConfUtils.java:logGet(43)) - raft.server.rpc.timeout.min = 5s (custom)
2019-10-24 06:00:31,605 [pool-271-thread-1] INFO  server.RaftServerConfigKeys (ConfUtils.java:logGet(43)) - raft.server.rpc.timeout.max = 5200ms (custom)
2019-10-24 06:00:31,605 [pool-271-thread-1] INFO  server.RaftServerConfigKeys (ConfUtils.java:logGet(43)) - raft.server.rpcslowness.timeout = 120s (custom)
2019-10-24 06:00:31,605 [pool-271-thread-1] INFO  server.RaftServerConfigKeys (ConfUtils.java:logGet(43)) - raft.server.sleep.deviation.threshold = 300 (default)
2019-10-24 06:00:31,606 [pool-271-thread-1] INFO  server.RaftServerConfigKeys (ConfUtils.java:logGet(43)) - raft.server.log.appender.install.snapshot.enabled = false (custom)
2019-10-24 06:00:31,606 [pool-271-thread-1] INFO  impl.RaftServerImpl (ServerState.java:<init>(103)) - 2b9b30af-b642-404c-904a-520915f33294@group-7B412DF414E1: ConfigurationManager, init=-1: [2b9b30af-b642-404c-904a-520915f33294:192.168.69.98:46837], old=null, confs=<EMPTY_MAP>
2019-10-24 06:00:31,606 [pool-271-thread-1] INFO  server.RaftServerConfigKeys (ConfUtils.java:logGet(43)) - raft.server.storage.dir = [/workdir/hadoop-ozone/integration-test/target/test-dir/MiniOzoneClusterImpl-c2f6cee0-2ab3-45cc-b6d3-6c65f943c881/datanode-1/data/ratis] (custom)
2019-10-24 06:00:31,606 [pool-271-thread-1] INFO  server.RaftServerConfigKeys (ConfUtils.java:logGet(43)) - raft.server.log.corruption.policy = EXCEPTION (default)
2019-10-24 06:00:31,606 [pool-271-thread-1] INFO  storage.RaftStorageDirectory (RaftStorageDirectory.java:analyzeStorage(246)) - The storage directory /workdir/hadoop-ozone/integration-test/target/test-dir/MiniOzoneClusterImpl-c2f6cee0-2ab3-45cc-b6d3-6c65f943c881/datanode-1/data/ratis/ca049227-c43b-473a-8087-7b412df414e1 does not exist. Creating ...
2019-10-24 06:00:31,619 [pool-271-thread-1] INFO  storage.RaftStorageDirectory (RaftStorageDirectory.java:tryLock(328)) - Lock on /workdir/hadoop-ozone/integration-test/target/test-dir/MiniOzoneClusterImpl-c2f6cee0-2ab3-45cc-b6d3-6c65f943c881/datanode-1/data/ratis/ca049227-c43b-473a-8087-7b412df414e1/in_use.lock acquired by nodename 19707@pr-hdds-1868-76l5x-1215882166
2019-10-24 06:00:31,632 [pool-271-thread-1] INFO  storage.RaftStorage (RaftStorage.java:format(84)) - Storage directory /workdir/hadoop-ozone/integration-test/target/test-dir/MiniOzoneClusterImpl-c2f6cee0-2ab3-45cc-b6d3-6c65f943c881/datanode-1/data/ratis/ca049227-c43b-473a-8087-7b412df414e1 has been successfully formatted.
2019-10-24 06:00:31,632 [pool-271-thread-1] INFO  ratis.ContainerStateMachine (ContainerStateMachine.java:loadSnapshot(233)) - group-7B412DF414E1: The snapshot info is null. Setting the last applied indexto:(t:0, i:~)
2019-10-24 06:00:31,632 [pool-271-thread-1] INFO  server.RaftServerConfigKeys (ConfUtils.java:logGet(43)) - raft.server.notification.no-leader.timeout = 120s (custom)
2019-10-24 06:00:31,632 [pool-271-thread-1] INFO  server.RaftServerConfigKeys (ConfUtils.java:logGet(43)) - raft.server.log.use.memory = false (default)
2019-10-24 06:00:31,633 [pool-271-thread-1] INFO  server.RaftServerConfigKeys (ConfUtils.java:logGet(43)) - raft.server.log.purge.gap = 1000000 (custom)
2019-10-24 06:00:31,633 [pool-271-thread-1] INFO  server.RaftServerConfigKeys (ConfUtils.java:logGet(43)) - raft.server.log.appender.buffer.byte-limit = 33554432 (custom)
2019-10-24 06:00:31,633 [pool-271-thread-1] INFO  server.RaftServerConfigKeys (ConfUtils.java:logGet(43)) - raft.server.log.segment.size.max = 1048576 (custom)
2019-10-24 06:00:31,633 [pool-271-thread-1] WARN  impl.MetricRegistriesImpl (MetricRegistriesImpl.java:lambda$create$1(61)) - First MetricRegistry has been created without registering reporters. You may need to call MetricRegistries.global().addReportRegistration(...) before.
2019-10-24 06:00:31,633 [pool-271-thread-1] INFO  server.RaftServerConfigKeys (ConfUtils.java:logGet(43)) - raft.server.log.segment.cache.num.max = 2 (custom)
2019-10-24 06:00:31,633 [pool-271-thread-1] INFO  segmented.SegmentedRaftLogWorker (SegmentedRaftLogWorker.java:<init>(173)) - new 2b9b30af-b642-404c-904a-520915f33294@group-7B412DF414E1-SegmentedRaftLogWorker for RaftStorage:Storage Directory /workdir/hadoop-ozone/integration-test/target/test-dir/MiniOzoneClusterImpl-c2f6cee0-2ab3-45cc-b6d3-6c65f943c881/datanode-1/data/ratis/ca049227-c43b-473a-8087-7b412df414e1
2019-10-24 06:00:31,634 [pool-271-thread-1] INFO  server.RaftServerConfigKeys (ConfUtils.java:logGet(43)) - raft.server.log.queue.byte-limit = 2147483647 (custom)
2019-10-24 06:00:31,634 [pool-271-thread-1] INFO  server.RaftServerConfigKeys (ConfUtils.java:logGet(43)) - raft.server.log.queue.element-limit = 1024 (custom)
2019-10-24 06:00:31,634 [pool-271-thread-1] INFO  server.RaftServerConfigKeys (ConfUtils.java:logGet(43)) - raft.server.log.segment.size.max = 1048576 (custom)
2019-10-24 06:00:31,634 [pool-271-thread-1] INFO  server.RaftServerConfigKeys (ConfUtils.java:logGet(43)) - raft.server.log.preallocated.size = 16384 (custom)
2019-10-24 06:00:31,634 [pool-271-thread-1] INFO  server.RaftServerConfigKeys (ConfUtils.java:logGet(43)) - raft.server.log.write.buffer.size = 33554432 (custom)
2019-10-24 06:00:31,634 [pool-271-thread-1] INFO  server.RaftServerConfigKeys (ConfUtils.java:logGet(43)) - raft.server.log.force.sync.num = 128 (default)
2019-10-24 06:00:31,634 [pool-271-thread-1] INFO  server.RaftServerConfigKeys (ConfUtils.java:logGet(43)) - raft.server.log.statemachine.data.sync = true (default)
2019-10-24 06:00:31,634 [pool-271-thread-1] INFO  server.RaftServerConfigKeys (ConfUtils.java:logGet(43)) - raft.server.log.statemachine.data.sync.timeout = 10s (default)
2019-10-24 06:00:31,634 [pool-271-thread-1] INFO  server.RaftServerConfigKeys (ConfUtils.java:logGet(43)) - raft.server.log.statemachine.data.sync.timeout.retry = -1 (default)
2019-10-24 06:00:31,635 [pool-271-thread-1] INFO  server.RaftServerConfigKeys (ConfUtils.java:logGet(43)) - raft.server.log.statemachine.data.caching.enabled = true (custom)
2019-10-24 06:00:31,635 [pool-271-thread-1] INFO  segmented.SegmentedRaftLogWorker (SegmentedRaftLogWorker.java:lambda$new$0(128)) - 2b9b30af-b642-404c-904a-520915f33294@group-7B412DF414E1-SegmentedRaftLogWorker: flushIndex: setUnconditionally 0 -> -1
2019-10-24 06:00:31,635 [pool-271-thread-1] INFO  server.RaftServerConfigKeys (ConfUtils.java:logGet(43)) - raft.server.snapshot.auto.trigger.enabled = true (custom)
2019-10-24 06:00:31,635 [pool-271-thread-1] INFO  server.RaftServerConfigKeys (ConfUtils.java:logGet(43)) - raft.server.snapshot.auto.trigger.threshold = 10000 (custom)
2019-10-24 06:00:31,635 [pool-271-thread-1] INFO  server.RaftServerConfigKeys (ConfUtils.java:logGet(43)) - raft.server.snapshot.retention.file.num = 5 (custom)
2019-10-24 06:00:31,635 [pool-271-thread-1] INFO  server.RaftServerConfigKeys (ConfUtils.java:logGet(43)) - raft.server.retrycache.expirytime = 600000ms (custom)
2019-10-24 06:00:31,636 [pool-271-thread-1] WARN  impl.MetricRegistriesImpl (MetricRegistriesImpl.java:lambda$create$1(61)) - First MetricRegistry has been created without registering reporters. You may need to call MetricRegistries.global().addReportRegistration(...) before.
2019-10-24 06:00:31,636 [pool-271-thread-1] WARN  impl.MetricRegistriesImpl (MetricRegistriesImpl.java:lambda$create$1(61)) - First MetricRegistry has been created without registering reporters. You may need to call MetricRegistries.global().addReportRegistration(...) before.
2019-10-24 06:00:31,636 [pool-271-thread-1] INFO  impl.RaftServerImpl (RaftServerImpl.java:start(184)) - 2b9b30af-b642-404c-904a-520915f33294@group-7B412DF414E1: start as a follower, conf=-1: [2b9b30af-b642-404c-904a-520915f33294:192.168.69.98:46837], old=null
2019-10-24 06:00:31,636 [pool-271-thread-1] INFO  impl.RaftServerImpl (RaftServerImpl.java:setRole(173)) - 2b9b30af-b642-404c-904a-520915f33294@group-7B412DF414E1: changes role from      null to FOLLOWER at term 0 for startAsFollower
2019-10-24 06:00:31,636 [pool-271-thread-1] INFO  impl.RoleInfo (RoleInfo.java:updateAndGet(143)) - 2b9b30af-b642-404c-904a-520915f33294: start FollowerState
2019-10-24 06:00:31,637 [pool-271-thread-1] INFO  util.JmxRegister (JmxRegister.java:tryRegister(44)) - Successfully registered JMX Bean with object name Ratis:service=RaftServer,group=group-7B412DF414E1,id=2b9b30af-b642-404c-904a-520915f33294
2019-10-24 06:00:31,637 [pool-271-thread-1] WARN  impl.MetricRegistriesImpl (MetricRegistriesImpl.java:lambda$create$1(61)) - First MetricRegistry has been created without registering reporters. You may need to call MetricRegistries.global().addReportRegistration(...) before.
2019-10-24 06:00:31,637 [IPC Server handler 5 on 38530] INFO  net.NetworkTopology (NetworkTopologyImpl.java:add(111)) - Added a new node: /rack1/d3fd9ed3-fdd6-489e-ad99-f32b40bdc365
2019-10-24 06:00:31,637 [IPC Server handler 5 on 38530] INFO  node.SCMNodeManager (SCMNodeManager.java:register(268)) - Registered Data node : d3fd9ed3-fdd6-489e-ad99-f32b40bdc365{ip: 192.168.69.98, host: pr-hdds-1868-76l5x-1215882166, networkLocation: /rack1, certSerialId: null}
2019-10-24 06:00:31,644 [RatisPipelineUtilsThread] INFO  pipeline.PipelineStateManager (PipelineStateManager.java:addPipeline(55)) - Created pipeline Pipeline[ Id: ca049227-c43b-473a-8087-7b412df414e1, Nodes: 2b9b30af-b642-404c-904a-520915f33294{ip: 192.168.69.98, host: pr-hdds-1868-76l5x-1215882166, networkLocation: /rack1, certSerialId: null}, Type:RATIS, Factor:ONE, State:ALLOCATED]
2019-10-24 06:00:31,659 [grpc-default-executor-2] INFO  impl.RaftServerProxy (RaftServerProxy.java:addNew(89)) - d3fd9ed3-fdd6-489e-ad99-f32b40bdc365: addNew group-54AFF78D5C3F:[d3fd9ed3-fdd6-489e-ad99-f32b40bdc365:192.168.69.98:35100] returns group-54AFF78D5C3F:java.util.concurrent.CompletableFuture@161117fa[Not completed]
2019-10-24 06:00:31,660 [pool-281-thread-1] INFO  impl.RaftServerImpl (RaftServerImpl.java:<init>(98)) - d3fd9ed3-fdd6-489e-ad99-f32b40bdc365: new RaftServerImpl for group-54AFF78D5C3F:[d3fd9ed3-fdd6-489e-ad99-f32b40bdc365:192.168.69.98:35100] with ContainerStateMachine:uninitialized
2019-10-24 06:00:31,660 [pool-281-thread-1] INFO  server.RaftServerConfigKeys (ConfUtils.java:logGet(43)) - raft.server.rpc.timeout.min = 5s (custom)
2019-10-24 06:00:31,661 [pool-281-thread-1] INFO  server.RaftServerConfigKeys (ConfUtils.java:logGet(43)) - raft.server.rpc.timeout.max = 5200ms (custom)
2019-10-24 06:00:31,661 [pool-281-thread-1] INFO  server.RaftServerConfigKeys (ConfUtils.java:logGet(43)) - raft.server.rpcslowness.timeout = 120s (custom)
2019-10-24 06:00:31,661 [pool-281-thread-1] INFO  server.RaftServerConfigKeys (ConfUtils.java:logGet(43)) - raft.server.sleep.deviation.threshold = 300 (default)
2019-10-24 06:00:31,661 [pool-281-thread-1] INFO  server.RaftServerConfigKeys (ConfUtils.java:logGet(43)) - raft.server.log.appender.install.snapshot.enabled = false (custom)
2019-10-24 06:00:31,661 [pool-281-thread-1] INFO  impl.RaftServerImpl (ServerState.java:<init>(103)) - d3fd9ed3-fdd6-489e-ad99-f32b40bdc365@group-54AFF78D5C3F: ConfigurationManager, init=-1: [d3fd9ed3-fdd6-489e-ad99-f32b40bdc365:192.168.69.98:35100], old=null, confs=<EMPTY_MAP>
2019-10-24 06:00:31,661 [pool-281-thread-1] INFO  server.RaftServerConfigKeys (ConfUtils.java:logGet(43)) - raft.server.storage.dir = [/workdir/hadoop-ozone/integration-test/target/test-dir/MiniOzoneClusterImpl-c2f6cee0-2ab3-45cc-b6d3-6c65f943c881/datanode-2/data/ratis] (custom)
2019-10-24 06:00:31,661 [pool-281-thread-1] INFO  server.RaftServerConfigKeys (ConfUtils.java:logGet(43)) - raft.server.log.corruption.policy = EXCEPTION (default)
2019-10-24 06:00:31,662 [pool-281-thread-1] INFO  storage.RaftStorageDirectory (RaftStorageDirectory.java:analyzeStorage(246)) - The storage directory /workdir/hadoop-ozone/integration-test/target/test-dir/MiniOzoneClusterImpl-c2f6cee0-2ab3-45cc-b6d3-6c65f943c881/datanode-2/data/ratis/0b5a12a6-ca2f-4c06-ab55-54aff78d5c3f does not exist. Creating ...
2019-10-24 06:00:31,675 [pool-281-thread-1] INFO  storage.RaftStorageDirectory (RaftStorageDirectory.java:tryLock(328)) - Lock on /workdir/hadoop-ozone/integration-test/target/test-dir/MiniOzoneClusterImpl-c2f6cee0-2ab3-45cc-b6d3-6c65f943c881/datanode-2/data/ratis/0b5a12a6-ca2f-4c06-ab55-54aff78d5c3f/in_use.lock acquired by nodename 19707@pr-hdds-1868-76l5x-1215882166
2019-10-24 06:00:31,687 [pool-281-thread-1] INFO  storage.RaftStorage (RaftStorage.java:format(84)) - Storage directory /workdir/hadoop-ozone/integration-test/target/test-dir/MiniOzoneClusterImpl-c2f6cee0-2ab3-45cc-b6d3-6c65f943c881/datanode-2/data/ratis/0b5a12a6-ca2f-4c06-ab55-54aff78d5c3f has been successfully formatted.
2019-10-24 06:00:31,687 [pool-281-thread-1] INFO  ratis.ContainerStateMachine (ContainerStateMachine.java:loadSnapshot(233)) - group-54AFF78D5C3F: The snapshot info is null. Setting the last applied indexto:(t:0, i:~)
2019-10-24 06:00:31,687 [pool-281-thread-1] INFO  server.RaftServerConfigKeys (ConfUtils.java:logGet(43)) - raft.server.notification.no-leader.timeout = 120s (custom)
2019-10-24 06:00:31,687 [pool-281-thread-1] INFO  server.RaftServerConfigKeys (ConfUtils.java:logGet(43)) - raft.server.log.use.memory = false (default)
2019-10-24 06:00:31,688 [pool-281-thread-1] INFO  server.RaftServerConfigKeys (ConfUtils.java:logGet(43)) - raft.server.log.purge.gap = 1000000 (custom)
2019-10-24 06:00:31,688 [pool-281-thread-1] INFO  server.RaftServerConfigKeys (ConfUtils.java:logGet(43)) - raft.server.log.appender.buffer.byte-limit = 33554432 (custom)
2019-10-24 06:00:31,688 [pool-281-thread-1] INFO  server.RaftServerConfigKeys (ConfUtils.java:logGet(43)) - raft.server.log.segment.size.max = 1048576 (custom)
2019-10-24 06:00:31,688 [pool-281-thread-1] WARN  impl.MetricRegistriesImpl (MetricRegistriesImpl.java:lambda$create$1(61)) - First MetricRegistry has been created without registering reporters. You may need to call MetricRegistries.global().addReportRegistration(...) before.
2019-10-24 06:00:31,688 [pool-281-thread-1] INFO  server.RaftServerConfigKeys (ConfUtils.java:logGet(43)) - raft.server.log.segment.cache.num.max = 2 (custom)
2019-10-24 06:00:31,688 [pool-281-thread-1] INFO  segmented.SegmentedRaftLogWorker (SegmentedRaftLogWorker.java:<init>(173)) - new d3fd9ed3-fdd6-489e-ad99-f32b40bdc365@group-54AFF78D5C3F-SegmentedRaftLogWorker for RaftStorage:Storage Directory /workdir/hadoop-ozone/integration-test/target/test-dir/MiniOzoneClusterImpl-c2f6cee0-2ab3-45cc-b6d3-6c65f943c881/datanode-2/data/ratis/0b5a12a6-ca2f-4c06-ab55-54aff78d5c3f
2019-10-24 06:00:31,688 [pool-281-thread-1] INFO  server.RaftServerConfigKeys (ConfUtils.java:logGet(43)) - raft.server.log.queue.byte-limit = 2147483647 (custom)
2019-10-24 06:00:31,688 [pool-281-thread-1] INFO  server.RaftServerConfigKeys (ConfUtils.java:logGet(43)) - raft.server.log.queue.element-limit = 1024 (custom)
2019-10-24 06:00:31,688 [pool-281-thread-1] INFO  server.RaftServerConfigKeys (ConfUtils.java:logGet(43)) - raft.server.log.segment.size.max = 1048576 (custom)
2019-10-24 06:00:31,688 [pool-281-thread-1] INFO  server.RaftServerConfigKeys (ConfUtils.java:logGet(43)) - raft.server.log.preallocated.size = 16384 (custom)
2019-10-24 06:00:31,688 [pool-281-thread-1] INFO  server.RaftServerConfigKeys (ConfUtils.java:logGet(43)) - raft.server.log.write.buffer.size = 33554432 (custom)
2019-10-24 06:00:31,689 [pool-281-thread-1] INFO  server.RaftServerConfigKeys (ConfUtils.java:logGet(43)) - raft.server.log.force.sync.num = 128 (default)
2019-10-24 06:00:31,689 [pool-281-thread-1] INFO  server.RaftServerConfigKeys (ConfUtils.java:logGet(43)) - raft.server.log.statemachine.data.sync = true (default)
2019-10-24 06:00:31,689 [pool-281-thread-1] INFO  server.RaftServerConfigKeys (ConfUtils.java:logGet(43)) - raft.server.log.statemachine.data.sync.timeout = 10s (default)
2019-10-24 06:00:31,689 [pool-281-thread-1] INFO  server.RaftServerConfigKeys (ConfUtils.java:logGet(43)) - raft.server.log.statemachine.data.sync.timeout.retry = -1 (default)
2019-10-24 06:00:31,689 [pool-281-thread-1] INFO  server.RaftServerConfigKeys (ConfUtils.java:logGet(43)) - raft.server.log.statemachine.data.caching.enabled = true (custom)
2019-10-24 06:00:31,689 [pool-281-thread-1] INFO  segmented.SegmentedRaftLogWorker (SegmentedRaftLogWorker.java:lambda$new$0(128)) - d3fd9ed3-fdd6-489e-ad99-f32b40bdc365@group-54AFF78D5C3F-SegmentedRaftLogWorker: flushIndex: setUnconditionally 0 -> -1
2019-10-24 06:00:31,690 [pool-281-thread-1] INFO  server.RaftServerConfigKeys (ConfUtils.java:logGet(43)) - raft.server.snapshot.auto.trigger.enabled = true (custom)
2019-10-24 06:00:31,690 [pool-281-thread-1] INFO  server.RaftServerConfigKeys (ConfUtils.java:logGet(43)) - raft.server.snapshot.auto.trigger.threshold = 10000 (custom)
2019-10-24 06:00:31,690 [pool-281-thread-1] INFO  server.RaftServerConfigKeys (ConfUtils.java:logGet(43)) - raft.server.snapshot.retention.file.num = 5 (custom)
2019-10-24 06:00:31,690 [pool-281-thread-1] INFO  server.RaftServerConfigKeys (ConfUtils.java:logGet(43)) - raft.server.retrycache.expirytime = 600000ms (custom)
2019-10-24 06:00:31,690 [pool-281-thread-1] WARN  impl.MetricRegistriesImpl (MetricRegistriesImpl.java:lambda$create$1(61)) - First MetricRegistry has been created without registering reporters. You may need to call MetricRegistries.global().addReportRegistration(...) before.
2019-10-24 06:00:31,690 [pool-281-thread-1] WARN  impl.MetricRegistriesImpl (MetricRegistriesImpl.java:lambda$create$1(61)) - First MetricRegistry has been created without registering reporters. You may need to call MetricRegistries.global().addReportRegistration(...) before.
2019-10-24 06:00:31,690 [pool-281-thread-1] INFO  impl.RaftServerImpl (RaftServerImpl.java:start(184)) - d3fd9ed3-fdd6-489e-ad99-f32b40bdc365@group-54AFF78D5C3F: start as a follower, conf=-1: [d3fd9ed3-fdd6-489e-ad99-f32b40bdc365:192.168.69.98:35100], old=null
2019-10-24 06:00:31,690 [pool-281-thread-1] INFO  impl.RaftServerImpl (RaftServerImpl.java:setRole(173)) - d3fd9ed3-fdd6-489e-ad99-f32b40bdc365@group-54AFF78D5C3F: changes role from      null to FOLLOWER at term 0 for startAsFollower
2019-10-24 06:00:31,691 [pool-281-thread-1] INFO  impl.RoleInfo (RoleInfo.java:updateAndGet(143)) - d3fd9ed3-fdd6-489e-ad99-f32b40bdc365: start FollowerState
2019-10-24 06:00:31,691 [pool-281-thread-1] INFO  util.JmxRegister (JmxRegister.java:tryRegister(44)) - Successfully registered JMX Bean with object name Ratis:service=RaftServer,group=group-54AFF78D5C3F,id=d3fd9ed3-fdd6-489e-ad99-f32b40bdc365
2019-10-24 06:00:31,691 [pool-281-thread-1] WARN  impl.MetricRegistriesImpl (MetricRegistriesImpl.java:lambda$create$1(61)) - First MetricRegistry has been created without registering reporters. You may need to call MetricRegistries.global().addReportRegistration(...) before.
2019-10-24 06:00:31,698 [RatisPipelineUtilsThread] INFO  pipeline.PipelineStateManager (PipelineStateManager.java:addPipeline(55)) - Created pipeline Pipeline[ Id: 0b5a12a6-ca2f-4c06-ab55-54aff78d5c3f, Nodes: d3fd9ed3-fdd6-489e-ad99-f32b40bdc365{ip: 192.168.69.98, host: pr-hdds-1868-76l5x-1215882166, networkLocation: /rack1, certSerialId: null}, Type:RATIS, Factor:ONE, State:ALLOCATED]
2019-10-24 06:00:31,714 [grpc-default-executor-3] INFO  impl.RaftServerProxy (RaftServerProxy.java:addNew(89)) - d3fd9ed3-fdd6-489e-ad99-f32b40bdc365: addNew group-6759D0DB4171:[47180160-76b2-45ae-892b-b49970701001:192.168.69.98:36839, 2b9b30af-b642-404c-904a-520915f33294:192.168.69.98:46837, d3fd9ed3-fdd6-489e-ad99-f32b40bdc365:192.168.69.98:35100] returns group-6759D0DB4171:java.util.concurrent.CompletableFuture@72bef186[Not completed]
2019-10-24 06:00:31,715 [grpc-default-executor-1] INFO  impl.RaftServerProxy (RaftServerProxy.java:addNew(89)) - 47180160-76b2-45ae-892b-b49970701001: addNew group-6759D0DB4171:[47180160-76b2-45ae-892b-b49970701001:192.168.69.98:36839, 2b9b30af-b642-404c-904a-520915f33294:192.168.69.98:46837, d3fd9ed3-fdd6-489e-ad99-f32b40bdc365:192.168.69.98:35100] returns group-6759D0DB4171:java.util.concurrent.CompletableFuture@2b2de963[Not completed]
2019-10-24 06:00:31,716 [grpc-default-executor-2] INFO  impl.RaftServerProxy (RaftServerProxy.java:addNew(89)) - 2b9b30af-b642-404c-904a-520915f33294: addNew group-6759D0DB4171:[47180160-76b2-45ae-892b-b49970701001:192.168.69.98:36839, 2b9b30af-b642-404c-904a-520915f33294:192.168.69.98:46837, d3fd9ed3-fdd6-489e-ad99-f32b40bdc365:192.168.69.98:35100] returns group-6759D0DB4171:java.util.concurrent.CompletableFuture@423dafe1[Not completed]
2019-10-24 06:00:31,717 [pool-281-thread-1] INFO  impl.RaftServerImpl (RaftServerImpl.java:<init>(98)) - d3fd9ed3-fdd6-489e-ad99-f32b40bdc365: new RaftServerImpl for group-6759D0DB4171:[47180160-76b2-45ae-892b-b49970701001:192.168.69.98:36839, 2b9b30af-b642-404c-904a-520915f33294:192.168.69.98:46837, d3fd9ed3-fdd6-489e-ad99-f32b40bdc365:192.168.69.98:35100] with ContainerStateMachine:uninitialized
2019-10-24 06:00:31,717 [pool-281-thread-1] INFO  server.RaftServerConfigKeys (ConfUtils.java:logGet(43)) - raft.server.rpc.timeout.min = 5s (custom)
2019-10-24 06:00:31,717 [pool-271-thread-1] INFO  impl.RaftServerImpl (RaftServerImpl.java:<init>(98)) - 2b9b30af-b642-404c-904a-520915f33294: new RaftServerImpl for group-6759D0DB4171:[47180160-76b2-45ae-892b-b49970701001:192.168.69.98:36839, 2b9b30af-b642-404c-904a-520915f33294:192.168.69.98:46837, d3fd9ed3-fdd6-489e-ad99-f32b40bdc365:192.168.69.98:35100] with ContainerStateMachine:uninitialized
2019-10-24 06:00:31,717 [pool-281-thread-1] INFO  server.RaftServerConfigKeys (ConfUtils.java:logGet(43)) - raft.server.rpc.timeout.max = 5200ms (custom)
2019-10-24 06:00:31,717 [pool-271-thread-1] INFO  server.RaftServerConfigKeys (ConfUtils.java:logGet(43)) - raft.server.rpc.timeout.min = 5s (custom)
2019-10-24 06:00:31,717 [pool-281-thread-1] INFO  server.RaftServerConfigKeys (ConfUtils.java:logGet(43)) - raft.server.rpcslowness.timeout = 120s (custom)
2019-10-24 06:00:31,717 [pool-271-thread-1] INFO  server.RaftServerConfigKeys (ConfUtils.java:logGet(43)) - raft.server.rpc.timeout.max = 5200ms (custom)
2019-10-24 06:00:31,717 [pool-261-thread-1] INFO  impl.RaftServerImpl (RaftServerImpl.java:<init>(98)) - 47180160-76b2-45ae-892b-b49970701001: new RaftServerImpl for group-6759D0DB4171:[47180160-76b2-45ae-892b-b49970701001:192.168.69.98:36839, 2b9b30af-b642-404c-904a-520915f33294:192.168.69.98:46837, d3fd9ed3-fdd6-489e-ad99-f32b40bdc365:192.168.69.98:35100] with ContainerStateMachine:uninitialized
2019-10-24 06:00:31,717 [pool-271-thread-1] INFO  server.RaftServerConfigKeys (ConfUtils.java:logGet(43)) - raft.server.rpcslowness.timeout = 120s (custom)
2019-10-24 06:00:31,717 [pool-281-thread-1] INFO  server.RaftServerConfigKeys (ConfUtils.java:logGet(43)) - raft.server.sleep.deviation.threshold = 300 (default)
2019-10-24 06:00:31,718 [pool-271-thread-1] INFO  server.RaftServerConfigKeys (ConfUtils.java:logGet(43)) - raft.server.sleep.deviation.threshold = 300 (default)
2019-10-24 06:00:31,718 [pool-261-thread-1] INFO  server.RaftServerConfigKeys (ConfUtils.java:logGet(43)) - raft.server.rpc.timeout.min = 5s (custom)
2019-10-24 06:00:31,718 [pool-271-thread-1] INFO  server.RaftServerConfigKeys (ConfUtils.java:logGet(43)) - raft.server.log.appender.install.snapshot.enabled = false (custom)
2019-10-24 06:00:31,718 [pool-281-thread-1] INFO  server.RaftServerConfigKeys (ConfUtils.java:logGet(43)) - raft.server.log.appender.install.snapshot.enabled = false (custom)
2019-10-24 06:00:31,718 [pool-271-thread-1] INFO  impl.RaftServerImpl (ServerState.java:<init>(103)) - 2b9b30af-b642-404c-904a-520915f33294@group-6759D0DB4171: ConfigurationManager, init=-1: [47180160-76b2-45ae-892b-b49970701001:192.168.69.98:36839, 2b9b30af-b642-404c-904a-520915f33294:192.168.69.98:46837, d3fd9ed3-fdd6-489e-ad99-f32b40bdc365:192.168.69.98:35100], old=null, confs=<EMPTY_MAP>
2019-10-24 06:00:31,718 [pool-261-thread-1] INFO  server.RaftServerConfigKeys (ConfUtils.java:logGet(43)) - raft.server.rpc.timeout.max = 5200ms (custom)
2019-10-24 06:00:31,718 [pool-271-thread-1] INFO  server.RaftServerConfigKeys (ConfUtils.java:logGet(43)) - raft.server.storage.dir = [/workdir/hadoop-ozone/integration-test/target/test-dir/MiniOzoneClusterImpl-c2f6cee0-2ab3-45cc-b6d3-6c65f943c881/datanode-1/data/ratis] (custom)
2019-10-24 06:00:31,718 [pool-281-thread-1] INFO  impl.RaftServerImpl (ServerState.java:<init>(103)) - d3fd9ed3-fdd6-489e-ad99-f32b40bdc365@group-6759D0DB4171: ConfigurationManager, init=-1: [47180160-76b2-45ae-892b-b49970701001:192.168.69.98:36839, 2b9b30af-b642-404c-904a-520915f33294:192.168.69.98:46837, d3fd9ed3-fdd6-489e-ad99-f32b40bdc365:192.168.69.98:35100], old=null, confs=<EMPTY_MAP>
2019-10-24 06:00:31,718 [pool-261-thread-1] INFO  server.RaftServerConfigKeys (ConfUtils.java:logGet(43)) - raft.server.rpcslowness.timeout = 120s (custom)
2019-10-24 06:00:31,718 [pool-281-thread-1] INFO  server.RaftServerConfigKeys (ConfUtils.java:logGet(43)) - raft.server.storage.dir = [/workdir/hadoop-ozone/integration-test/target/test-dir/MiniOzoneClusterImpl-c2f6cee0-2ab3-45cc-b6d3-6c65f943c881/datanode-2/data/ratis] (custom)
2019-10-24 06:00:31,718 [pool-271-thread-1] INFO  server.RaftServerConfigKeys (ConfUtils.java:logGet(43)) - raft.server.log.corruption.policy = EXCEPTION (default)
2019-10-24 06:00:31,718 [pool-261-thread-1] INFO  server.RaftServerConfigKeys (ConfUtils.java:logGet(43)) - raft.server.sleep.deviation.threshold = 300 (default)
2019-10-24 06:00:31,719 [pool-281-thread-1] INFO  server.RaftServerConfigKeys (ConfUtils.java:logGet(43)) - raft.server.log.corruption.policy = EXCEPTION (default)
2019-10-24 06:00:31,719 [pool-261-thread-1] INFO  server.RaftServerConfigKeys (ConfUtils.java:logGet(43)) - raft.server.log.appender.install.snapshot.enabled = false (custom)
2019-10-24 06:00:31,719 [pool-271-thread-1] INFO  storage.RaftStorageDirectory (RaftStorageDirectory.java:analyzeStorage(246)) - The storage directory /workdir/hadoop-ozone/integration-test/target/test-dir/MiniOzoneClusterImpl-c2f6cee0-2ab3-45cc-b6d3-6c65f943c881/datanode-1/data/ratis/865d5696-dcf9-4362-99be-6759d0db4171 does not exist. Creating ...
2019-10-24 06:00:31,719 [pool-281-thread-1] INFO  storage.RaftStorageDirectory (RaftStorageDirectory.java:analyzeStorage(246)) - The storage directory /workdir/hadoop-ozone/integration-test/target/test-dir/MiniOzoneClusterImpl-c2f6cee0-2ab3-45cc-b6d3-6c65f943c881/datanode-2/data/ratis/865d5696-dcf9-4362-99be-6759d0db4171 does not exist. Creating ...
2019-10-24 06:00:31,719 [pool-261-thread-1] INFO  impl.RaftServerImpl (ServerState.java:<init>(103)) - 47180160-76b2-45ae-892b-b49970701001@group-6759D0DB4171: ConfigurationManager, init=-1: [47180160-76b2-45ae-892b-b49970701001:192.168.69.98:36839, 2b9b30af-b642-404c-904a-520915f33294:192.168.69.98:46837, d3fd9ed3-fdd6-489e-ad99-f32b40bdc365:192.168.69.98:35100], old=null, confs=<EMPTY_MAP>
2019-10-24 06:00:31,719 [pool-261-thread-1] INFO  server.RaftServerConfigKeys (ConfUtils.java:logGet(43)) - raft.server.storage.dir = [/workdir/hadoop-ozone/integration-test/target/test-dir/MiniOzoneClusterImpl-c2f6cee0-2ab3-45cc-b6d3-6c65f943c881/datanode-0/data/ratis] (custom)
2019-10-24 06:00:31,719 [pool-261-thread-1] INFO  server.RaftServerConfigKeys (ConfUtils.java:logGet(43)) - raft.server.log.corruption.policy = EXCEPTION (default)
2019-10-24 06:00:31,720 [pool-261-thread-1] INFO  storage.RaftStorageDirectory (RaftStorageDirectory.java:analyzeStorage(246)) - The storage directory /workdir/hadoop-ozone/integration-test/target/test-dir/MiniOzoneClusterImpl-c2f6cee0-2ab3-45cc-b6d3-6c65f943c881/datanode-0/data/ratis/865d5696-dcf9-4362-99be-6759d0db4171 does not exist. Creating ...
2019-10-24 06:00:31,733 [pool-261-thread-1] INFO  storage.RaftStorageDirectory (RaftStorageDirectory.java:tryLock(328)) - Lock on /workdir/hadoop-ozone/integration-test/target/test-dir/MiniOzoneClusterImpl-c2f6cee0-2ab3-45cc-b6d3-6c65f943c881/datanode-0/data/ratis/865d5696-dcf9-4362-99be-6759d0db4171/in_use.lock acquired by nodename 19707@pr-hdds-1868-76l5x-1215882166
2019-10-24 06:00:31,733 [pool-281-thread-1] INFO  storage.RaftStorageDirectory (RaftStorageDirectory.java:tryLock(328)) - Lock on /workdir/hadoop-ozone/integration-test/target/test-dir/MiniOzoneClusterImpl-c2f6cee0-2ab3-45cc-b6d3-6c65f943c881/datanode-2/data/ratis/865d5696-dcf9-4362-99be-6759d0db4171/in_use.lock acquired by nodename 19707@pr-hdds-1868-76l5x-1215882166
2019-10-24 06:00:31,733 [pool-271-thread-1] INFO  storage.RaftStorageDirectory (RaftStorageDirectory.java:tryLock(328)) - Lock on /workdir/hadoop-ozone/integration-test/target/test-dir/MiniOzoneClusterImpl-c2f6cee0-2ab3-45cc-b6d3-6c65f943c881/datanode-1/data/ratis/865d5696-dcf9-4362-99be-6759d0db4171/in_use.lock acquired by nodename 19707@pr-hdds-1868-76l5x-1215882166
2019-10-24 06:00:31,746 [pool-281-thread-1] INFO  storage.RaftStorage (RaftStorage.java:format(84)) - Storage directory /workdir/hadoop-ozone/integration-test/target/test-dir/MiniOzoneClusterImpl-c2f6cee0-2ab3-45cc-b6d3-6c65f943c881/datanode-2/data/ratis/865d5696-dcf9-4362-99be-6759d0db4171 has been successfully formatted.
2019-10-24 06:00:31,746 [pool-271-thread-1] INFO  storage.RaftStorage (RaftStorage.java:format(84)) - Storage directory /workdir/hadoop-ozone/integration-test/target/test-dir/MiniOzoneClusterImpl-c2f6cee0-2ab3-45cc-b6d3-6c65f943c881/datanode-1/data/ratis/865d5696-dcf9-4362-99be-6759d0db4171 has been successfully formatted.
2019-10-24 06:00:31,746 [pool-261-thread-1] INFO  storage.RaftStorage (RaftStorage.java:format(84)) - Storage directory /workdir/hadoop-ozone/integration-test/target/test-dir/MiniOzoneClusterImpl-c2f6cee0-2ab3-45cc-b6d3-6c65f943c881/datanode-0/data/ratis/865d5696-dcf9-4362-99be-6759d0db4171 has been successfully formatted.
2019-10-24 06:00:31,746 [pool-281-thread-1] INFO  ratis.ContainerStateMachine (ContainerStateMachine.java:loadSnapshot(233)) - group-6759D0DB4171: The snapshot info is null. Setting the last applied indexto:(t:0, i:~)
2019-10-24 06:00:31,747 [pool-271-thread-1] INFO  ratis.ContainerStateMachine (ContainerStateMachine.java:loadSnapshot(233)) - group-6759D0DB4171: The snapshot info is null. Setting the last applied indexto:(t:0, i:~)
2019-10-24 06:00:31,747 [pool-281-thread-1] INFO  server.RaftServerConfigKeys (ConfUtils.java:logGet(43)) - raft.server.notification.no-leader.timeout = 120s (custom)
2019-10-24 06:00:31,747 [pool-261-thread-1] INFO  ratis.ContainerStateMachine (ContainerStateMachine.java:loadSnapshot(233)) - group-6759D0DB4171: The snapshot info is null. Setting the last applied indexto:(t:0, i:~)
2019-10-24 06:00:31,747 [pool-281-thread-1] INFO  server.RaftServerConfigKeys (ConfUtils.java:logGet(43)) - raft.server.log.use.memory = false (default)
2019-10-24 06:00:31,747 [pool-271-thread-1] INFO  server.RaftServerConfigKeys (ConfUtils.java:logGet(43)) - raft.server.notification.no-leader.timeout = 120s (custom)
2019-10-24 06:00:31,747 [pool-281-thread-1] INFO  server.RaftServerConfigKeys (ConfUtils.java:logGet(43)) - raft.server.log.purge.gap = 1000000 (custom)
2019-10-24 06:00:31,747 [pool-261-thread-1] INFO  server.RaftServerConfigKeys (ConfUtils.java:logGet(43)) - raft.server.notification.no-leader.timeout = 120s (custom)
2019-10-24 06:00:31,747 [pool-281-thread-1] INFO  server.RaftServerConfigKeys (ConfUtils.java:logGet(43)) - raft.server.log.appender.buffer.byte-limit = 33554432 (custom)
2019-10-24 06:00:31,747 [pool-271-thread-1] INFO  server.RaftServerConfigKeys (ConfUtils.java:logGet(43)) - raft.server.log.use.memory = false (default)
2019-10-24 06:00:31,748 [pool-281-thread-1] INFO  server.RaftServerConfigKeys (ConfUtils.java:logGet(43)) - raft.server.log.segment.size.max = 1048576 (custom)
2019-10-24 06:00:31,748 [pool-261-thread-1] INFO  server.RaftServerConfigKeys (ConfUtils.java:logGet(43)) - raft.server.log.use.memory = false (default)
2019-10-24 06:00:31,748 [pool-281-thread-1] INFO  server.RaftServerConfigKeys (ConfUtils.java:logGet(43)) - raft.server.log.segment.cache.num.max = 2 (custom)
2019-10-24 06:00:31,748 [pool-271-thread-1] INFO  server.RaftServerConfigKeys (ConfUtils.java:logGet(43)) - raft.server.log.purge.gap = 1000000 (custom)
2019-10-24 06:00:31,748 [pool-281-thread-1] INFO  segmented.SegmentedRaftLogWorker (SegmentedRaftLogWorker.java:<init>(173)) - new d3fd9ed3-fdd6-489e-ad99-f32b40bdc365@group-6759D0DB4171-SegmentedRaftLogWorker for RaftStorage:Storage Directory /workdir/hadoop-ozone/integration-test/target/test-dir/MiniOzoneClusterImpl-c2f6cee0-2ab3-45cc-b6d3-6c65f943c881/datanode-2/data/ratis/865d5696-dcf9-4362-99be-6759d0db4171
2019-10-24 06:00:31,748 [pool-261-thread-1] INFO  server.RaftServerConfigKeys (ConfUtils.java:logGet(43)) - raft.server.log.purge.gap = 1000000 (custom)
2019-10-24 06:00:31,748 [pool-281-thread-1] INFO  server.RaftServerConfigKeys (ConfUtils.java:logGet(43)) - raft.server.log.queue.byte-limit = 2147483647 (custom)
2019-10-24 06:00:31,748 [pool-271-thread-1] INFO  server.RaftServerConfigKeys (ConfUtils.java:logGet(43)) - raft.server.log.appender.buffer.byte-limit = 33554432 (custom)
2019-10-24 06:00:31,749 [pool-281-thread-1] INFO  server.RaftServerConfigKeys (ConfUtils.java:logGet(43)) - raft.server.log.queue.element-limit = 1024 (custom)
2019-10-24 06:00:31,748 [pool-261-thread-1] INFO  server.RaftServerConfigKeys (ConfUtils.java:logGet(43)) - raft.server.log.appender.buffer.byte-limit = 33554432 (custom)
2019-10-24 06:00:31,749 [pool-281-thread-1] INFO  server.RaftServerConfigKeys (ConfUtils.java:logGet(43)) - raft.server.log.segment.size.max = 1048576 (custom)
2019-10-24 06:00:31,749 [pool-271-thread-1] INFO  server.RaftServerConfigKeys (ConfUtils.java:logGet(43)) - raft.server.log.segment.size.max = 1048576 (custom)
2019-10-24 06:00:31,749 [pool-281-thread-1] INFO  server.RaftServerConfigKeys (ConfUtils.java:logGet(43)) - raft.server.log.preallocated.size = 16384 (custom)
2019-10-24 06:00:31,749 [pool-261-thread-1] INFO  server.RaftServerConfigKeys (ConfUtils.java:logGet(43)) - raft.server.log.segment.size.max = 1048576 (custom)
2019-10-24 06:00:31,749 [pool-281-thread-1] INFO  server.RaftServerConfigKeys (ConfUtils.java:logGet(43)) - raft.server.log.write.buffer.size = 33554432 (custom)
2019-10-24 06:00:31,749 [pool-271-thread-1] INFO  server.RaftServerConfigKeys (ConfUtils.java:logGet(43)) - raft.server.log.segment.cache.num.max = 2 (custom)
2019-10-24 06:00:31,749 [pool-281-thread-1] INFO  server.RaftServerConfigKeys (ConfUtils.java:logGet(43)) - raft.server.log.force.sync.num = 128 (default)
2019-10-24 06:00:31,749 [pool-261-thread-1] INFO  server.RaftServerConfigKeys (ConfUtils.java:logGet(43)) - raft.server.log.segment.cache.num.max = 2 (custom)
2019-10-24 06:00:31,750 [pool-281-thread-1] INFO  server.RaftServerConfigKeys (ConfUtils.java:logGet(43)) - raft.server.log.statemachine.data.sync = true (default)
2019-10-24 06:00:31,750 [pool-271-thread-1] INFO  segmented.SegmentedRaftLogWorker (SegmentedRaftLogWorker.java:<init>(173)) - new 2b9b30af-b642-404c-904a-520915f33294@group-6759D0DB4171-SegmentedRaftLogWorker for RaftStorage:Storage Directory /workdir/hadoop-ozone/integration-test/target/test-dir/MiniOzoneClusterImpl-c2f6cee0-2ab3-45cc-b6d3-6c65f943c881/datanode-1/data/ratis/865d5696-dcf9-4362-99be-6759d0db4171
2019-10-24 06:00:31,750 [pool-281-thread-1] INFO  server.RaftServerConfigKeys (ConfUtils.java:logGet(43)) - raft.server.log.statemachine.data.sync.timeout = 10s (default)
2019-10-24 06:00:31,750 [pool-261-thread-1] INFO  segmented.SegmentedRaftLogWorker (SegmentedRaftLogWorker.java:<init>(173)) - new 47180160-76b2-45ae-892b-b49970701001@group-6759D0DB4171-SegmentedRaftLogWorker for RaftStorage:Storage Directory /workdir/hadoop-ozone/integration-test/target/test-dir/MiniOzoneClusterImpl-c2f6cee0-2ab3-45cc-b6d3-6c65f943c881/datanode-0/data/ratis/865d5696-dcf9-4362-99be-6759d0db4171
2019-10-24 06:00:31,750 [pool-281-thread-1] INFO  server.RaftServerConfigKeys (ConfUtils.java:logGet(43)) - raft.server.log.statemachine.data.sync.timeout.retry = -1 (default)
2019-10-24 06:00:31,750 [pool-271-thread-1] INFO  server.RaftServerConfigKeys (ConfUtils.java:logGet(43)) - raft.server.log.queue.byte-limit = 2147483647 (custom)
2019-10-24 06:00:31,750 [pool-281-thread-1] INFO  server.RaftServerConfigKeys (ConfUtils.java:logGet(43)) - raft.server.log.statemachine.data.caching.enabled = true (custom)
2019-10-24 06:00:31,750 [pool-261-thread-1] INFO  server.RaftServerConfigKeys (ConfUtils.java:logGet(43)) - raft.server.log.queue.byte-limit = 2147483647 (custom)
2019-10-24 06:00:31,750 [pool-271-thread-1] INFO  server.RaftServerConfigKeys (ConfUtils.java:logGet(43)) - raft.server.log.queue.element-limit = 1024 (custom)
2019-10-24 06:00:31,751 [pool-261-thread-1] INFO  server.RaftServerConfigKeys (ConfUtils.java:logGet(43)) - raft.server.log.queue.element-limit = 1024 (custom)
2019-10-24 06:00:31,751 [pool-281-thread-1] INFO  segmented.SegmentedRaftLogWorker (SegmentedRaftLogWorker.java:lambda$new$0(128)) - d3fd9ed3-fdd6-489e-ad99-f32b40bdc365@group-6759D0DB4171-SegmentedRaftLogWorker: flushIndex: setUnconditionally 0 -> -1
2019-10-24 06:00:31,751 [pool-261-thread-1] INFO  server.RaftServerConfigKeys (ConfUtils.java:logGet(43)) - raft.server.log.segment.size.max = 1048576 (custom)
2019-10-24 06:00:31,751 [pool-271-thread-1] INFO  server.RaftServerConfigKeys (ConfUtils.java:logGet(43)) - raft.server.log.segment.size.max = 1048576 (custom)
2019-10-24 06:00:31,751 [pool-281-thread-1] INFO  server.RaftServerConfigKeys (ConfUtils.java:logGet(43)) - raft.server.snapshot.auto.trigger.enabled = true (custom)
2019-10-24 06:00:31,751 [pool-261-thread-1] INFO  server.RaftServerConfigKeys (ConfUtils.java:logGet(43)) - raft.server.log.preallocated.size = 16384 (custom)
2019-10-24 06:00:31,751 [pool-281-thread-1] INFO  server.RaftServerConfigKeys (ConfUtils.java:logGet(43)) - raft.server.snapshot.auto.trigger.threshold = 10000 (custom)
2019-10-24 06:00:31,751 [pool-281-thread-1] INFO  server.RaftServerConfigKeys (ConfUtils.java:logGet(43)) - raft.server.snapshot.retention.file.num = 5 (custom)
2019-10-24 06:00:31,751 [pool-271-thread-1] INFO  server.RaftServerConfigKeys (ConfUtils.java:logGet(43)) - raft.server.log.preallocated.size = 16384 (custom)
2019-10-24 06:00:31,752 [pool-281-thread-1] INFO  server.RaftServerConfigKeys (ConfUtils.java:logGet(43)) - raft.server.retrycache.expirytime = 600000ms (custom)
2019-10-24 06:00:31,751 [pool-261-thread-1] INFO  server.RaftServerConfigKeys (ConfUtils.java:logGet(43)) - raft.server.log.write.buffer.size = 33554432 (custom)
2019-10-24 06:00:31,752 [pool-281-thread-1] WARN  impl.MetricRegistriesImpl (MetricRegistriesImpl.java:lambda$create$1(61)) - First MetricRegistry has been created without registering reporters. You may need to call MetricRegistries.global().addReportRegistration(...) before.
2019-10-24 06:00:31,752 [pool-271-thread-1] INFO  server.RaftServerConfigKeys (ConfUtils.java:logGet(43)) - raft.server.log.write.buffer.size = 33554432 (custom)
2019-10-24 06:00:31,752 [pool-281-thread-1] WARN  impl.MetricRegistriesImpl (MetricRegistriesImpl.java:lambda$create$1(61)) - First MetricRegistry has been created without registering reporters. You may need to call MetricRegistries.global().addReportRegistration(...) before.
2019-10-24 06:00:31,752 [pool-261-thread-1] INFO  server.RaftServerConfigKeys (ConfUtils.java:logGet(43)) - raft.server.log.force.sync.num = 128 (default)
2019-10-24 06:00:31,752 [pool-281-thread-1] INFO  impl.RaftServerImpl (RaftServerImpl.java:start(184)) - d3fd9ed3-fdd6-489e-ad99-f32b40bdc365@group-6759D0DB4171: start as a follower, conf=-1: [47180160-76b2-45ae-892b-b49970701001:192.168.69.98:36839, 2b9b30af-b642-404c-904a-520915f33294:192.168.69.98:46837, d3fd9ed3-fdd6-489e-ad99-f32b40bdc365:192.168.69.98:35100], old=null
2019-10-24 06:00:31,752 [pool-281-thread-1] INFO  impl.RaftServerImpl (RaftServerImpl.java:setRole(173)) - d3fd9ed3-fdd6-489e-ad99-f32b40bdc365@group-6759D0DB4171: changes role from      null to FOLLOWER at term 0 for startAsFollower
2019-10-24 06:00:31,752 [pool-271-thread-1] INFO  server.RaftServerConfigKeys (ConfUtils.java:logGet(43)) - raft.server.log.force.sync.num = 128 (default)
2019-10-24 06:00:31,753 [pool-281-thread-1] INFO  impl.RoleInfo (RoleInfo.java:updateAndGet(143)) - d3fd9ed3-fdd6-489e-ad99-f32b40bdc365: start FollowerState
2019-10-24 06:00:31,752 [pool-261-thread-1] INFO  server.RaftServerConfigKeys (ConfUtils.java:logGet(43)) - raft.server.log.statemachine.data.sync = true (default)
2019-10-24 06:00:31,753 [pool-271-thread-1] INFO  server.RaftServerConfigKeys (ConfUtils.java:logGet(43)) - raft.server.log.statemachine.data.sync = true (default)
2019-10-24 06:00:31,753 [pool-261-thread-1] INFO  server.RaftServerConfigKeys (ConfUtils.java:logGet(43)) - raft.server.log.statemachine.data.sync.timeout = 10s (default)
2019-10-24 06:00:31,753 [pool-271-thread-1] INFO  server.RaftServerConfigKeys (ConfUtils.java:logGet(43)) - raft.server.log.statemachine.data.sync.timeout = 10s (default)
2019-10-24 06:00:31,753 [pool-281-thread-1] INFO  util.JmxRegister (JmxRegister.java:tryRegister(44)) - Successfully registered JMX Bean with object name Ratis:service=RaftServer,group=group-6759D0DB4171,id=d3fd9ed3-fdd6-489e-ad99-f32b40bdc365
2019-10-24 06:00:31,753 [pool-271-thread-1] INFO  server.RaftServerConfigKeys (ConfUtils.java:logGet(43)) - raft.server.log.statemachine.data.sync.timeout.retry = -1 (default)
2019-10-24 06:00:31,753 [pool-261-thread-1] INFO  server.RaftServerConfigKeys (ConfUtils.java:logGet(43)) - raft.server.log.statemachine.data.sync.timeout.retry = -1 (default)
2019-10-24 06:00:31,754 [pool-271-thread-1] INFO  server.RaftServerConfigKeys (ConfUtils.java:logGet(43)) - raft.server.log.statemachine.data.caching.enabled = true (custom)
2019-10-24 06:00:31,754 [pool-281-thread-1] WARN  impl.MetricRegistriesImpl (MetricRegistriesImpl.java:lambda$create$1(61)) - First MetricRegistry has been created without registering reporters. You may need to call MetricRegistries.global().addReportRegistration(...) before.
2019-10-24 06:00:31,754 [pool-261-thread-1] INFO  server.RaftServerConfigKeys (ConfUtils.java:logGet(43)) - raft.server.log.statemachine.data.caching.enabled = true (custom)
2019-10-24 06:00:31,754 [pool-271-thread-1] INFO  segmented.SegmentedRaftLogWorker (SegmentedRaftLogWorker.java:lambda$new$0(128)) - 2b9b30af-b642-404c-904a-520915f33294@group-6759D0DB4171-SegmentedRaftLogWorker: flushIndex: setUnconditionally 0 -> -1
2019-10-24 06:00:31,754 [pool-261-thread-1] INFO  segmented.SegmentedRaftLogWorker (SegmentedRaftLogWorker.java:lambda$new$0(128)) - 47180160-76b2-45ae-892b-b49970701001@group-6759D0DB4171-SegmentedRaftLogWorker: flushIndex: setUnconditionally 0 -> -1
2019-10-24 06:00:31,755 [pool-271-thread-1] INFO  server.RaftServerConfigKeys (ConfUtils.java:logGet(43)) - raft.server.snapshot.auto.trigger.enabled = true (custom)
2019-10-24 06:00:31,755 [pool-271-thread-1] INFO  server.RaftServerConfigKeys (ConfUtils.java:logGet(43)) - raft.server.snapshot.auto.trigger.threshold = 10000 (custom)
2019-10-24 06:00:31,755 [pool-261-thread-1] INFO  server.RaftServerConfigKeys (ConfUtils.java:logGet(43)) - raft.server.snapshot.auto.trigger.enabled = true (custom)
2019-10-24 06:00:31,755 [pool-271-thread-1] INFO  server.RaftServerConfigKeys (ConfUtils.java:logGet(43)) - raft.server.snapshot.retention.file.num = 5 (custom)
2019-10-24 06:00:31,755 [pool-261-thread-1] INFO  server.RaftServerConfigKeys (ConfUtils.java:logGet(43)) - raft.server.snapshot.auto.trigger.threshold = 10000 (custom)
2019-10-24 06:00:31,755 [pool-261-thread-1] INFO  server.RaftServerConfigKeys (ConfUtils.java:logGet(43)) - raft.server.snapshot.retention.file.num = 5 (custom)
2019-10-24 06:00:31,755 [pool-271-thread-1] INFO  server.RaftServerConfigKeys (ConfUtils.java:logGet(43)) - raft.server.retrycache.expirytime = 600000ms (custom)
2019-10-24 06:00:31,756 [pool-261-thread-1] INFO  server.RaftServerConfigKeys (ConfUtils.java:logGet(43)) - raft.server.retrycache.expirytime = 600000ms (custom)
2019-10-24 06:00:31,756 [pool-271-thread-1] WARN  impl.MetricRegistriesImpl (MetricRegistriesImpl.java:lambda$create$1(61)) - First MetricRegistry has been created without registering reporters. You may need to call MetricRegistries.global().addReportRegistration(...) before.
2019-10-24 06:00:31,756 [pool-261-thread-1] WARN  impl.MetricRegistriesImpl (MetricRegistriesImpl.java:lambda$create$1(61)) - First MetricRegistry has been created without registering reporters. You may need to call MetricRegistries.global().addReportRegistration(...) before.
2019-10-24 06:00:31,756 [pool-271-thread-1] WARN  impl.MetricRegistriesImpl (MetricRegistriesImpl.java:lambda$create$1(61)) - First MetricRegistry has been created without registering reporters. You may need to call MetricRegistries.global().addReportRegistration(...) before.
2019-10-24 06:00:31,758 [pool-261-thread-1] WARN  impl.MetricRegistriesImpl (MetricRegistriesImpl.java:lambda$create$1(61)) - First MetricRegistry has been created without registering reporters. You may need to call MetricRegistries.global().addReportRegistration(...) before.
2019-10-24 06:00:31,758 [pool-271-thread-1] INFO  impl.RaftServerImpl (RaftServerImpl.java:start(184)) - 2b9b30af-b642-404c-904a-520915f33294@group-6759D0DB4171: start as a follower, conf=-1: [47180160-76b2-45ae-892b-b49970701001:192.168.69.98:36839, 2b9b30af-b642-404c-904a-520915f33294:192.168.69.98:46837, d3fd9ed3-fdd6-489e-ad99-f32b40bdc365:192.168.69.98:35100], old=null
2019-10-24 06:00:31,760 [pool-261-thread-1] INFO  impl.RaftServerImpl (RaftServerImpl.java:start(184)) - 47180160-76b2-45ae-892b-b49970701001@group-6759D0DB4171: start as a follower, conf=-1: [47180160-76b2-45ae-892b-b49970701001:192.168.69.98:36839, 2b9b30af-b642-404c-904a-520915f33294:192.168.69.98:46837, d3fd9ed3-fdd6-489e-ad99-f32b40bdc365:192.168.69.98:35100], old=null
2019-10-24 06:00:31,760 [pool-271-thread-1] INFO  impl.RaftServerImpl (RaftServerImpl.java:setRole(173)) - 2b9b30af-b642-404c-904a-520915f33294@group-6759D0DB4171: changes role from      null to FOLLOWER at term 0 for startAsFollower
2019-10-24 06:00:31,761 [pool-261-thread-1] INFO  impl.RaftServerImpl (RaftServerImpl.java:setRole(173)) - 47180160-76b2-45ae-892b-b49970701001@group-6759D0DB4171: changes role from      null to FOLLOWER at term 0 for startAsFollower
2019-10-24 06:00:31,762 [pool-271-thread-1] INFO  impl.RoleInfo (RoleInfo.java:updateAndGet(143)) - 2b9b30af-b642-404c-904a-520915f33294: start FollowerState
2019-10-24 06:00:31,763 [pool-261-thread-1] INFO  impl.RoleInfo (RoleInfo.java:updateAndGet(143)) - 47180160-76b2-45ae-892b-b49970701001: start FollowerState
2019-10-24 06:00:31,767 [pool-271-thread-1] INFO  util.JmxRegister (JmxRegister.java:tryRegister(44)) - Successfully registered JMX Bean with object name Ratis:service=RaftServer,group=group-6759D0DB4171,id=2b9b30af-b642-404c-904a-520915f33294
2019-10-24 06:00:31,767 [pool-261-thread-1] INFO  util.JmxRegister (JmxRegister.java:tryRegister(44)) - Successfully registered JMX Bean with object name Ratis:service=RaftServer,group=group-6759D0DB4171,id=47180160-76b2-45ae-892b-b49970701001
2019-10-24 06:00:31,767 [pool-271-thread-1] WARN  impl.MetricRegistriesImpl (MetricRegistriesImpl.java:lambda$create$1(61)) - First MetricRegistry has been created without registering reporters. You may need to call MetricRegistries.global().addReportRegistration(...) before.
2019-10-24 06:00:31,767 [pool-261-thread-1] WARN  impl.MetricRegistriesImpl (MetricRegistriesImpl.java:lambda$create$1(61)) - First MetricRegistry has been created without registering reporters. You may need to call MetricRegistries.global().addReportRegistration(...) before.
2019-10-24 06:00:31,778 [RatisPipelineUtilsThread] INFO  pipeline.PipelineStateManager (PipelineStateManager.java:addPipeline(55)) - Created pipeline Pipeline[ Id: 865d5696-dcf9-4362-99be-6759d0db4171, Nodes: 47180160-76b2-45ae-892b-b49970701001{ip: 192.168.69.98, host: pr-hdds-1868-76l5x-1215882166, networkLocation: /rack1, certSerialId: null}d3fd9ed3-fdd6-489e-ad99-f32b40bdc365{ip: 192.168.69.98, host: pr-hdds-1868-76l5x-1215882166, networkLocation: /rack1, certSerialId: null}2b9b30af-b642-404c-904a-520915f33294{ip: 192.168.69.98, host: pr-hdds-1868-76l5x-1215882166, networkLocation: /rack1, certSerialId: null}, Type:RATIS, Factor:THREE, State:ALLOCATED]
2019-10-24 06:00:31,779 [Thread-1226] INFO  ozone.MiniOzoneClusterImpl (MiniOzoneClusterImpl.java:lambda$waitForClusterToBeReady$2(163)) - Waiting for 4 number of pipelines out of 4, to report a leader.
2019-10-24 06:00:32,780 [Thread-1226] INFO  ozone.MiniOzoneClusterImpl (MiniOzoneClusterImpl.java:lambda$waitForClusterToBeReady$2(163)) - Waiting for 4 number of pipelines out of 4, to report a leader.
2019-10-24 06:00:33,781 [Thread-1226] INFO  ozone.MiniOzoneClusterImpl (MiniOzoneClusterImpl.java:lambda$waitForClusterToBeReady$2(163)) - Waiting for 4 number of pipelines out of 4, to report a leader.
2019-10-24 06:00:34,528 [Thread-1398] INFO  container.ReplicationManager (ReplicationManager.java:start(162)) - Starting Replication Monitor Thread.
2019-10-24 06:00:34,530 [Thread-1398] INFO  pipeline.SCMPipelineManager (SCMPipelineManager.java:finalizeAndDestroyPipeline(316)) - destroying pipeline:Pipeline[ Id: ca049227-c43b-473a-8087-7b412df414e1, Nodes: 2b9b30af-b642-404c-904a-520915f33294{ip: 192.168.69.98, host: pr-hdds-1868-76l5x-1215882166, networkLocation: /rack1, certSerialId: null}, Type:RATIS, Factor:ONE, State:ALLOCATED]
2019-10-24 06:00:34,531 [Thread-1398] INFO  pipeline.PipelineStateManager (PipelineStateManager.java:finalizePipeline(121)) - Pipeline Pipeline[ Id: ca049227-c43b-473a-8087-7b412df414e1, Nodes: 2b9b30af-b642-404c-904a-520915f33294{ip: 192.168.69.98, host: pr-hdds-1868-76l5x-1215882166, networkLocation: /rack1, certSerialId: null}, Type:RATIS, Factor:ONE, State:CLOSED] moved to CLOSED state
2019-10-24 06:00:34,531 [ReplicationMonitor] INFO  container.ReplicationManager (ReplicationManager.java:run(225)) - Replication Monitor Thread took 0 milliseconds for processing 0 containers.
2019-10-24 06:00:34,544 [grpc-default-executor-2] INFO  impl.RaftServerProxy (RaftServerProxy.java:remove(95)) - 2b9b30af-b642-404c-904a-520915f33294: remove  FOLLOWER 2b9b30af-b642-404c-904a-520915f33294@group-7B412DF414E1:t0, leader=null, voted=null, raftlog=2b9b30af-b642-404c-904a-520915f33294@group-7B412DF414E1-SegmentedRaftLog:OPENED:c-1,f-1,i0, conf=-1: [2b9b30af-b642-404c-904a-520915f33294:192.168.69.98:46837], old=null RUNNING
2019-10-24 06:00:34,544 [grpc-default-executor-2] INFO  impl.RaftServerImpl (RaftServerImpl.java:lambda$shutdown$3(250)) - 2b9b30af-b642-404c-904a-520915f33294@group-7B412DF414E1: shutdown
2019-10-24 06:00:34,544 [grpc-default-executor-2] INFO  util.JmxRegister (JmxRegister.java:unregister(73)) - Successfully un-registered JMX Bean with object name Ratis:service=RaftServer,group=group-7B412DF414E1,id=2b9b30af-b642-404c-904a-520915f33294
2019-10-24 06:00:34,545 [grpc-default-executor-2] INFO  impl.RoleInfo (RoleInfo.java:shutdownFollowerState(121)) - 2b9b30af-b642-404c-904a-520915f33294: shutdown FollowerState
2019-10-24 06:00:34,545 [grpc-default-executor-2] INFO  impl.StateMachineUpdater (StateMachineUpdater.java:stopAndJoin(136)) - 2b9b30af-b642-404c-904a-520915f33294@group-7B412DF414E1-StateMachineUpdater: set stopIndex = -1
2019-10-24 06:00:34,545 [Thread-1403] INFO  impl.FollowerState (FollowerState.java:run(120)) - 2b9b30af-b642-404c-904a-520915f33294@group-7B412DF414E1-FollowerState was interrupted: java.lang.InterruptedException: sleep interrupted
2019-10-24 06:00:34,546 [grpc-default-executor-2] INFO  impl.RaftServerImpl (ServerState.java:close(387)) - 2b9b30af-b642-404c-904a-520915f33294@group-7B412DF414E1: closes. applyIndex: -1
2019-10-24 06:00:34,548 [2b9b30af-b642-404c-904a-520915f33294@group-7B412DF414E1-SegmentedRaftLogWorker] INFO  segmented.SegmentedRaftLogWorker (SegmentedRaftLogWorker.java:run(316)) - 2b9b30af-b642-404c-904a-520915f33294@group-7B412DF414E1-SegmentedRaftLogWorker was interrupted, exiting. There are 0 tasks remaining in the queue.
2019-10-24 06:00:34,548 [grpc-default-executor-2] INFO  segmented.SegmentedRaftLogWorker (SegmentedRaftLogWorker.java:close(224)) - 2b9b30af-b642-404c-904a-520915f33294@group-7B412DF414E1-SegmentedRaftLogWorker close()
2019-10-24 06:00:34,561 [Thread-1398] INFO  pipeline.PipelineStateManager (PipelineStateManager.java:removePipeline(106)) - Pipeline Pipeline[ Id: ca049227-c43b-473a-8087-7b412df414e1, Nodes: 2b9b30af-b642-404c-904a-520915f33294{ip: 192.168.69.98, host: pr-hdds-1868-76l5x-1215882166, networkLocation: /rack1, certSerialId: null}, Type:RATIS, Factor:ONE, State:CLOSED] removed from db
2019-10-24 06:00:34,562 [Thread-1398] INFO  pipeline.SCMPipelineManager (SCMPipelineManager.java:finalizeAndDestroyPipeline(316)) - destroying pipeline:Pipeline[ Id: a8d99d4e-936d-4d51-bd32-9a00d2a189da, Nodes: 47180160-76b2-45ae-892b-b49970701001{ip: 192.168.69.98, host: pr-hdds-1868-76l5x-1215882166, networkLocation: /rack1, certSerialId: null}, Type:RATIS, Factor:ONE, State:ALLOCATED]
2019-10-24 06:00:34,574 [grpc-default-executor-2] INFO  impl.RaftServerProxy (RaftServerProxy.java:addNew(89)) - 2b9b30af-b642-404c-904a-520915f33294: addNew group-BE77D14EF4D6:[2b9b30af-b642-404c-904a-520915f33294:192.168.69.98:46837] returns group-BE77D14EF4D6:java.util.concurrent.CompletableFuture@28ac5df2[Not completed]
2019-10-24 06:00:34,575 [pool-271-thread-1] INFO  impl.RaftServerImpl (RaftServerImpl.java:<init>(98)) - 2b9b30af-b642-404c-904a-520915f33294: new RaftServerImpl for group-BE77D14EF4D6:[2b9b30af-b642-404c-904a-520915f33294:192.168.69.98:46837] with ContainerStateMachine:uninitialized
2019-10-24 06:00:34,575 [pool-271-thread-1] INFO  server.RaftServerConfigKeys (ConfUtils.java:logGet(43)) - raft.server.rpc.timeout.min = 5s (custom)
2019-10-24 06:00:34,576 [pool-271-thread-1] INFO  server.RaftServerConfigKeys (ConfUtils.java:logGet(43)) - raft.server.rpc.timeout.max = 5200ms (custom)
2019-10-24 06:00:34,576 [pool-271-thread-1] INFO  server.RaftServerConfigKeys (ConfUtils.java:logGet(43)) - raft.server.rpcslowness.timeout = 120s (custom)
2019-10-24 06:00:34,576 [pool-271-thread-1] INFO  server.RaftServerConfigKeys (ConfUtils.java:logGet(43)) - raft.server.sleep.deviation.threshold = 300 (default)
2019-10-24 06:00:34,576 [pool-271-thread-1] INFO  server.RaftServerConfigKeys (ConfUtils.java:logGet(43)) - raft.server.log.appender.install.snapshot.enabled = false (custom)
2019-10-24 06:00:34,576 [pool-271-thread-1] INFO  impl.RaftServerImpl (ServerState.java:<init>(103)) - 2b9b30af-b642-404c-904a-520915f33294@group-BE77D14EF4D6: ConfigurationManager, init=-1: [2b9b30af-b642-404c-904a-520915f33294:192.168.69.98:46837], old=null, confs=<EMPTY_MAP>
2019-10-24 06:00:34,576 [pool-271-thread-1] INFO  server.RaftServerConfigKeys (ConfUtils.java:logGet(43)) - raft.server.storage.dir = [/workdir/hadoop-ozone/integration-test/target/test-dir/MiniOzoneClusterImpl-c2f6cee0-2ab3-45cc-b6d3-6c65f943c881/datanode-1/data/ratis] (custom)
2019-10-24 06:00:34,577 [pool-271-thread-1] INFO  server.RaftServerConfigKeys (ConfUtils.java:logGet(43)) - raft.server.log.corruption.policy = EXCEPTION (default)
2019-10-24 06:00:34,577 [pool-271-thread-1] INFO  storage.RaftStorageDirectory (RaftStorageDirectory.java:analyzeStorage(246)) - The storage directory /workdir/hadoop-ozone/integration-test/target/test-dir/MiniOzoneClusterImpl-c2f6cee0-2ab3-45cc-b6d3-6c65f943c881/datanode-1/data/ratis/5a28b883-dabf-411e-966e-be77d14ef4d6 does not exist. Creating ...
2019-10-24 06:00:34,599 [pool-271-thread-1] INFO  storage.RaftStorageDirectory (RaftStorageDirectory.java:tryLock(328)) - Lock on /workdir/hadoop-ozone/integration-test/target/test-dir/MiniOzoneClusterImpl-c2f6cee0-2ab3-45cc-b6d3-6c65f943c881/datanode-1/data/ratis/5a28b883-dabf-411e-966e-be77d14ef4d6/in_use.lock acquired by nodename 19707@pr-hdds-1868-76l5x-1215882166
2019-10-24 06:00:34,602 [pool-271-thread-1] INFO  storage.RaftStorage (RaftStorage.java:format(84)) - Storage directory /workdir/hadoop-ozone/integration-test/target/test-dir/MiniOzoneClusterImpl-c2f6cee0-2ab3-45cc-b6d3-6c65f943c881/datanode-1/data/ratis/5a28b883-dabf-411e-966e-be77d14ef4d6 has been successfully formatted.
2019-10-24 06:00:34,602 [pool-271-thread-1] INFO  ratis.ContainerStateMachine (ContainerStateMachine.java:loadSnapshot(233)) - group-BE77D14EF4D6: The snapshot info is null. Setting the last applied indexto:(t:0, i:~)
2019-10-24 06:00:34,603 [pool-271-thread-1] INFO  server.RaftServerConfigKeys (ConfUtils.java:logGet(43)) - raft.server.notification.no-leader.timeout = 120s (custom)
2019-10-24 06:00:34,603 [pool-271-thread-1] INFO  server.RaftServerConfigKeys (ConfUtils.java:logGet(43)) - raft.server.log.use.memory = false (default)
2019-10-24 06:00:34,603 [pool-271-thread-1] INFO  server.RaftServerConfigKeys (ConfUtils.java:logGet(43)) - raft.server.log.purge.gap = 1000000 (custom)
2019-10-24 06:00:34,603 [pool-271-thread-1] INFO  server.RaftServerConfigKeys (ConfUtils.java:logGet(43)) - raft.server.log.appender.buffer.byte-limit = 33554432 (custom)
2019-10-24 06:00:34,603 [pool-271-thread-1] INFO  server.RaftServerConfigKeys (ConfUtils.java:logGet(43)) - raft.server.log.segment.size.max = 1048576 (custom)
2019-10-24 06:00:34,604 [pool-271-thread-1] INFO  server.RaftServerConfigKeys (ConfUtils.java:logGet(43)) - raft.server.log.segment.cache.num.max = 2 (custom)
2019-10-24 06:00:34,604 [pool-271-thread-1] INFO  segmented.SegmentedRaftLogWorker (SegmentedRaftLogWorker.java:<init>(173)) - new 2b9b30af-b642-404c-904a-520915f33294@group-BE77D14EF4D6-SegmentedRaftLogWorker for RaftStorage:Storage Directory /workdir/hadoop-ozone/integration-test/target/test-dir/MiniOzoneClusterImpl-c2f6cee0-2ab3-45cc-b6d3-6c65f943c881/datanode-1/data/ratis/5a28b883-dabf-411e-966e-be77d14ef4d6
2019-10-24 06:00:34,604 [pool-271-thread-1] INFO  server.RaftServerConfigKeys (ConfUtils.java:logGet(43)) - raft.server.log.queue.byte-limit = 2147483647 (custom)
2019-10-24 06:00:34,604 [pool-271-thread-1] INFO  server.RaftServerConfigKeys (ConfUtils.java:logGet(43)) - raft.server.log.queue.element-limit = 1024 (custom)
2019-10-24 06:00:34,604 [pool-271-thread-1] INFO  server.RaftServerConfigKeys (ConfUtils.java:logGet(43)) - raft.server.log.segment.size.max = 1048576 (custom)
2019-10-24 06:00:34,604 [pool-271-thread-1] INFO  server.RaftServerConfigKeys (ConfUtils.java:logGet(43)) - raft.server.log.preallocated.size = 16384 (custom)
2019-10-24 06:00:34,604 [pool-271-thread-1] INFO  server.RaftServerConfigKeys (ConfUtils.java:logGet(43)) - raft.server.log.write.buffer.size = 33554432 (custom)
2019-10-24 06:00:34,605 [pool-271-thread-1] INFO  server.RaftServerConfigKeys (ConfUtils.java:logGet(43)) - raft.server.log.force.sync.num = 128 (default)
2019-10-24 06:00:34,605 [pool-271-thread-1] INFO  server.RaftServerConfigKeys (ConfUtils.java:logGet(43)) - raft.server.log.statemachine.data.sync = true (default)
2019-10-24 06:00:34,605 [pool-271-thread-1] INFO  server.RaftServerConfigKeys (ConfUtils.java:logGet(43)) - raft.server.log.statemachine.data.sync.timeout = 10s (default)
2019-10-24 06:00:34,605 [pool-271-thread-1] INFO  server.RaftServerConfigKeys (ConfUtils.java:logGet(43)) - raft.server.log.statemachine.data.sync.timeout.retry = -1 (default)
2019-10-24 06:00:34,605 [pool-271-thread-1] INFO  server.RaftServerConfigKeys (ConfUtils.java:logGet(43)) - raft.server.log.statemachine.data.caching.enabled = true (custom)
2019-10-24 06:00:34,606 [pool-271-thread-1] INFO  segmented.SegmentedRaftLogWorker (SegmentedRaftLogWorker.java:lambda$new$0(128)) - 2b9b30af-b642-404c-904a-520915f33294@group-BE77D14EF4D6-SegmentedRaftLogWorker: flushIndex: setUnconditionally 0 -> -1
2019-10-24 06:00:34,606 [pool-271-thread-1] INFO  server.RaftServerConfigKeys (ConfUtils.java:logGet(43)) - raft.server.snapshot.auto.trigger.enabled = true (custom)
2019-10-24 06:00:34,606 [pool-271-thread-1] INFO  server.RaftServerConfigKeys (ConfUtils.java:logGet(43)) - raft.server.snapshot.auto.trigger.threshold = 10000 (custom)
2019-10-24 06:00:34,606 [pool-271-thread-1] INFO  server.RaftServerConfigKeys (ConfUtils.java:logGet(43)) - raft.server.snapshot.retention.file.num = 5 (custom)
2019-10-24 06:00:34,607 [pool-271-thread-1] INFO  server.RaftServerConfigKeys (ConfUtils.java:logGet(43)) - raft.server.retrycache.expirytime = 600000ms (custom)
2019-10-24 06:00:34,607 [pool-271-thread-1] WARN  impl.MetricRegistriesImpl (MetricRegistriesImpl.java:lambda$create$1(61)) - First MetricRegistry has been created without registering reporters. You may need to call MetricRegistries.global().addReportRegistration(...) before.
2019-10-24 06:00:34,607 [pool-271-thread-1] WARN  impl.MetricRegistriesImpl (MetricRegistriesImpl.java:lambda$create$1(61)) - First MetricRegistry has been created without registering reporters. You may need to call MetricRegistries.global().addReportRegistration(...) before.
2019-10-24 06:00:34,608 [pool-271-thread-1] INFO  impl.RaftServerImpl (RaftServerImpl.java:start(184)) - 2b9b30af-b642-404c-904a-520915f33294@group-BE77D14EF4D6: start as a follower, conf=-1: [2b9b30af-b642-404c-904a-520915f33294:192.168.69.98:46837], old=null
2019-10-24 06:00:34,608 [pool-271-thread-1] INFO  impl.RaftServerImpl (RaftServerImpl.java:setRole(173)) - 2b9b30af-b642-404c-904a-520915f33294@group-BE77D14EF4D6: changes role from      null to FOLLOWER at term 0 for startAsFollower
2019-10-24 06:00:34,608 [pool-271-thread-1] INFO  impl.RoleInfo (RoleInfo.java:updateAndGet(143)) - 2b9b30af-b642-404c-904a-520915f33294: start FollowerState
2019-10-24 06:00:34,608 [pool-271-thread-1] INFO  util.JmxRegister (JmxRegister.java:tryRegister(44)) - Successfully registered JMX Bean with object name Ratis:service=RaftServer,group=group-BE77D14EF4D6,id=2b9b30af-b642-404c-904a-520915f33294
2019-10-24 06:00:34,608 [pool-271-thread-1] WARN  impl.MetricRegistriesImpl (MetricRegistriesImpl.java:lambda$create$1(61)) - First MetricRegistry has been created without registering reporters. You may need to call MetricRegistries.global().addReportRegistration(...) before.
2019-10-24 06:00:34,616 [RatisPipelineUtilsThread] INFO  pipeline.PipelineStateManager (PipelineStateManager.java:addPipeline(55)) - Created pipeline Pipeline[ Id: 5a28b883-dabf-411e-966e-be77d14ef4d6, Nodes: 2b9b30af-b642-404c-904a-520915f33294{ip: 192.168.69.98, host: pr-hdds-1868-76l5x-1215882166, networkLocation: /rack1, certSerialId: null}, Type:RATIS, Factor:ONE, State:ALLOCATED]
2019-10-24 06:00:34,618 [Thread-1398] INFO  pipeline.PipelineStateManager (PipelineStateManager.java:finalizePipeline(121)) - Pipeline Pipeline[ Id: a8d99d4e-936d-4d51-bd32-9a00d2a189da, Nodes: 47180160-76b2-45ae-892b-b49970701001{ip: 192.168.69.98, host: pr-hdds-1868-76l5x-1215882166, networkLocation: /rack1, certSerialId: null}, Type:RATIS, Factor:ONE, State:CLOSED] moved to CLOSED state
2019-10-24 06:00:34,628 [grpc-default-executor-2] INFO  impl.RaftServerProxy (RaftServerProxy.java:remove(95)) - 47180160-76b2-45ae-892b-b49970701001: remove  FOLLOWER 47180160-76b2-45ae-892b-b49970701001@group-9A00D2A189DA:t0, leader=null, voted=null, raftlog=47180160-76b2-45ae-892b-b49970701001@group-9A00D2A189DA-SegmentedRaftLog:OPENED:c-1,f-1,i0, conf=-1: [47180160-76b2-45ae-892b-b49970701001:192.168.69.98:36839], old=null RUNNING
2019-10-24 06:00:34,628 [grpc-default-executor-2] INFO  impl.RaftServerImpl (RaftServerImpl.java:lambda$shutdown$3(250)) - 47180160-76b2-45ae-892b-b49970701001@group-9A00D2A189DA: shutdown
2019-10-24 06:00:34,628 [grpc-default-executor-2] INFO  util.JmxRegister (JmxRegister.java:unregister(73)) - Successfully un-registered JMX Bean with object name Ratis:service=RaftServer,group=group-9A00D2A189DA,id=47180160-76b2-45ae-892b-b49970701001
2019-10-24 06:00:34,628 [grpc-default-executor-2] INFO  impl.RoleInfo (RoleInfo.java:shutdownFollowerState(121)) - 47180160-76b2-45ae-892b-b49970701001: shutdown FollowerState
2019-10-24 06:00:34,629 [grpc-default-executor-2] INFO  impl.StateMachineUpdater (StateMachineUpdater.java:stopAndJoin(136)) - 47180160-76b2-45ae-892b-b49970701001@group-9A00D2A189DA-StateMachineUpdater: set stopIndex = -1
2019-10-24 06:00:34,629 [Thread-1400] INFO  impl.FollowerState (FollowerState.java:run(120)) - 47180160-76b2-45ae-892b-b49970701001@group-9A00D2A189DA-FollowerState was interrupted: java.lang.InterruptedException: sleep interrupted
2019-10-24 06:00:34,630 [grpc-default-executor-2] INFO  impl.RaftServerImpl (ServerState.java:close(387)) - 47180160-76b2-45ae-892b-b49970701001@group-9A00D2A189DA: closes. applyIndex: -1
2019-10-24 06:00:34,631 [47180160-76b2-45ae-892b-b49970701001@group-9A00D2A189DA-SegmentedRaftLogWorker] INFO  segmented.SegmentedRaftLogWorker (SegmentedRaftLogWorker.java:run(316)) - 47180160-76b2-45ae-892b-b49970701001@group-9A00D2A189DA-SegmentedRaftLogWorker was interrupted, exiting. There are 0 tasks remaining in the queue.
2019-10-24 06:00:34,632 [grpc-default-executor-2] INFO  segmented.SegmentedRaftLogWorker (SegmentedRaftLogWorker.java:close(224)) - 47180160-76b2-45ae-892b-b49970701001@group-9A00D2A189DA-SegmentedRaftLogWorker close()
2019-10-24 06:00:34,641 [Thread-1398] INFO  pipeline.PipelineStateManager (PipelineStateManager.java:removePipeline(106)) - Pipeline Pipeline[ Id: a8d99d4e-936d-4d51-bd32-9a00d2a189da, Nodes: 47180160-76b2-45ae-892b-b49970701001{ip: 192.168.69.98, host: pr-hdds-1868-76l5x-1215882166, networkLocation: /rack1, certSerialId: null}, Type:RATIS, Factor:ONE, State:CLOSED] removed from db
2019-10-24 06:00:34,641 [Thread-1398] INFO  pipeline.SCMPipelineManager (SCMPipelineManager.java:finalizeAndDestroyPipeline(316)) - destroying pipeline:Pipeline[ Id: 0b5a12a6-ca2f-4c06-ab55-54aff78d5c3f, Nodes: d3fd9ed3-fdd6-489e-ad99-f32b40bdc365{ip: 192.168.69.98, host: pr-hdds-1868-76l5x-1215882166, networkLocation: /rack1, certSerialId: null}, Type:RATIS, Factor:ONE, State:ALLOCATED]
2019-10-24 06:00:34,651 [grpc-default-executor-2] INFO  impl.RaftServerProxy (RaftServerProxy.java:addNew(89)) - 47180160-76b2-45ae-892b-b49970701001: addNew group-8176C7B18527:[47180160-76b2-45ae-892b-b49970701001:192.168.69.98:36839] returns group-8176C7B18527:java.util.concurrent.CompletableFuture@1a292e7f[Not completed]
2019-10-24 06:00:34,652 [pool-261-thread-1] INFO  impl.RaftServerImpl (RaftServerImpl.java:<init>(98)) - 47180160-76b2-45ae-892b-b49970701001: new RaftServerImpl for group-8176C7B18527:[47180160-76b2-45ae-892b-b49970701001:192.168.69.98:36839] with ContainerStateMachine:uninitialized
2019-10-24 06:00:34,652 [pool-261-thread-1] INFO  server.RaftServerConfigKeys (ConfUtils.java:logGet(43)) - raft.server.rpc.timeout.min = 5s (custom)
2019-10-24 06:00:34,652 [pool-261-thread-1] INFO  server.RaftServerConfigKeys (ConfUtils.java:logGet(43)) - raft.server.rpc.timeout.max = 5200ms (custom)
2019-10-24 06:00:34,653 [pool-261-thread-1] INFO  server.RaftServerConfigKeys (ConfUtils.java:logGet(43)) - raft.server.rpcslowness.timeout = 120s (custom)
2019-10-24 06:00:34,653 [pool-261-thread-1] INFO  server.RaftServerConfigKeys (ConfUtils.java:logGet(43)) - raft.server.sleep.deviation.threshold = 300 (default)
2019-10-24 06:00:34,653 [pool-261-thread-1] INFO  server.RaftServerConfigKeys (ConfUtils.java:logGet(43)) - raft.server.log.appender.install.snapshot.enabled = false (custom)
2019-10-24 06:00:34,653 [pool-261-thread-1] INFO  impl.RaftServerImpl (ServerState.java:<init>(103)) - 47180160-76b2-45ae-892b-b49970701001@group-8176C7B18527: ConfigurationManager, init=-1: [47180160-76b2-45ae-892b-b49970701001:192.168.69.98:36839], old=null, confs=<EMPTY_MAP>
2019-10-24 06:00:34,653 [pool-261-thread-1] INFO  server.RaftServerConfigKeys (ConfUtils.java:logGet(43)) - raft.server.storage.dir = [/workdir/hadoop-ozone/integration-test/target/test-dir/MiniOzoneClusterImpl-c2f6cee0-2ab3-45cc-b6d3-6c65f943c881/datanode-0/data/ratis] (custom)
2019-10-24 06:00:34,654 [pool-261-thread-1] INFO  server.RaftServerConfigKeys (ConfUtils.java:logGet(43)) - raft.server.log.corruption.policy = EXCEPTION (default)
2019-10-24 06:00:34,654 [pool-261-thread-1] INFO  storage.RaftStorageDirectory (RaftStorageDirectory.java:analyzeStorage(246)) - The storage directory /workdir/hadoop-ozone/integration-test/target/test-dir/MiniOzoneClusterImpl-c2f6cee0-2ab3-45cc-b6d3-6c65f943c881/datanode-0/data/ratis/69be956b-6821-4b5c-8812-8176c7b18527 does not exist. Creating ...
2019-10-24 06:00:34,666 [pool-261-thread-1] INFO  storage.RaftStorageDirectory (RaftStorageDirectory.java:tryLock(328)) - Lock on /workdir/hadoop-ozone/integration-test/target/test-dir/MiniOzoneClusterImpl-c2f6cee0-2ab3-45cc-b6d3-6c65f943c881/datanode-0/data/ratis/69be956b-6821-4b5c-8812-8176c7b18527/in_use.lock acquired by nodename 19707@pr-hdds-1868-76l5x-1215882166
2019-10-24 06:00:34,670 [pool-261-thread-1] INFO  storage.RaftStorage (RaftStorage.java:format(84)) - Storage directory /workdir/hadoop-ozone/integration-test/target/test-dir/MiniOzoneClusterImpl-c2f6cee0-2ab3-45cc-b6d3-6c65f943c881/datanode-0/data/ratis/69be956b-6821-4b5c-8812-8176c7b18527 has been successfully formatted.
2019-10-24 06:00:34,670 [pool-261-thread-1] INFO  ratis.ContainerStateMachine (ContainerStateMachine.java:loadSnapshot(233)) - group-8176C7B18527: The snapshot info is null. Setting the last applied indexto:(t:0, i:~)
2019-10-24 06:00:34,670 [pool-261-thread-1] INFO  server.RaftServerConfigKeys (ConfUtils.java:logGet(43)) - raft.server.notification.no-leader.timeout = 120s (custom)
2019-10-24 06:00:34,670 [pool-261-thread-1] INFO  server.RaftServerConfigKeys (ConfUtils.java:logGet(43)) - raft.server.log.use.memory = false (default)
2019-10-24 06:00:34,670 [pool-261-thread-1] INFO  server.RaftServerConfigKeys (ConfUtils.java:logGet(43)) - raft.server.log.purge.gap = 1000000 (custom)
2019-10-24 06:00:34,671 [pool-261-thread-1] INFO  server.RaftServerConfigKeys (ConfUtils.java:logGet(43)) - raft.server.log.appender.buffer.byte-limit = 33554432 (custom)
2019-10-24 06:00:34,671 [pool-261-thread-1] INFO  server.RaftServerConfigKeys (ConfUtils.java:logGet(43)) - raft.server.log.segment.size.max = 1048576 (custom)
2019-10-24 06:00:34,671 [pool-261-thread-1] INFO  server.RaftServerConfigKeys (ConfUtils.java:logGet(43)) - raft.server.log.segment.cache.num.max = 2 (custom)
2019-10-24 06:00:34,671 [pool-261-thread-1] INFO  segmented.SegmentedRaftLogWorker (SegmentedRaftLogWorker.java:<init>(173)) - new 47180160-76b2-45ae-892b-b49970701001@group-8176C7B18527-SegmentedRaftLogWorker for RaftStorage:Storage Directory /workdir/hadoop-ozone/integration-test/target/test-dir/MiniOzoneClusterImpl-c2f6cee0-2ab3-45cc-b6d3-6c65f943c881/datanode-0/data/ratis/69be956b-6821-4b5c-8812-8176c7b18527
2019-10-24 06:00:34,671 [pool-261-thread-1] INFO  server.RaftServerConfigKeys (ConfUtils.java:logGet(43)) - raft.server.log.queue.byte-limit = 2147483647 (custom)
2019-10-24 06:00:34,671 [pool-261-thread-1] INFO  server.RaftServerConfigKeys (ConfUtils.java:logGet(43)) - raft.server.log.queue.element-limit = 1024 (custom)
2019-10-24 06:00:34,671 [pool-261-thread-1] INFO  server.RaftServerConfigKeys (ConfUtils.java:logGet(43)) - raft.server.log.segment.size.max = 1048576 (custom)
2019-10-24 06:00:34,672 [pool-261-thread-1] INFO  server.RaftServerConfigKeys (ConfUtils.java:logGet(43)) - raft.server.log.preallocated.size = 16384 (custom)
2019-10-24 06:00:34,672 [pool-261-thread-1] INFO  server.RaftServerConfigKeys (ConfUtils.java:logGet(43)) - raft.server.log.write.buffer.size = 33554432 (custom)
2019-10-24 06:00:34,672 [pool-261-thread-1] INFO  server.RaftServerConfigKeys (ConfUtils.java:logGet(43)) - raft.server.log.force.sync.num = 128 (default)
2019-10-24 06:00:34,672 [pool-261-thread-1] INFO  server.RaftServerConfigKeys (ConfUtils.java:logGet(43)) - raft.server.log.statemachine.data.sync = true (default)
2019-10-24 06:00:34,672 [pool-261-thread-1] INFO  server.RaftServerConfigKeys (ConfUtils.java:logGet(43)) - raft.server.log.statemachine.data.sync.timeout = 10s (default)
2019-10-24 06:00:34,672 [pool-261-thread-1] INFO  server.RaftServerConfigKeys (ConfUtils.java:logGet(43)) - raft.server.log.statemachine.data.sync.timeout.retry = -1 (default)
2019-10-24 06:00:34,672 [pool-261-thread-1] INFO  server.RaftServerConfigKeys (ConfUtils.java:logGet(43)) - raft.server.log.statemachine.data.caching.enabled = true (custom)
2019-10-24 06:00:34,673 [pool-261-thread-1] INFO  segmented.SegmentedRaftLogWorker (SegmentedRaftLogWorker.java:lambda$new$0(128)) - 47180160-76b2-45ae-892b-b49970701001@group-8176C7B18527-SegmentedRaftLogWorker: flushIndex: setUnconditionally 0 -> -1
2019-10-24 06:00:34,673 [pool-261-thread-1] INFO  server.RaftServerConfigKeys (ConfUtils.java:logGet(43)) - raft.server.snapshot.auto.trigger.enabled = true (custom)
2019-10-24 06:00:34,673 [pool-261-thread-1] INFO  server.RaftServerConfigKeys (ConfUtils.java:logGet(43)) - raft.server.snapshot.auto.trigger.threshold = 10000 (custom)
2019-10-24 06:00:34,673 [pool-261-thread-1] INFO  server.RaftServerConfigKeys (ConfUtils.java:logGet(43)) - raft.server.snapshot.retention.file.num = 5 (custom)
2019-10-24 06:00:34,674 [pool-261-thread-1] INFO  server.RaftServerConfigKeys (ConfUtils.java:logGet(43)) - raft.server.retrycache.expirytime = 600000ms (custom)
2019-10-24 06:00:34,674 [pool-261-thread-1] WARN  impl.MetricRegistriesImpl (MetricRegistriesImpl.java:lambda$create$1(61)) - First MetricRegistry has been created without registering reporters. You may need to call MetricRegistries.global().addReportRegistration(...) before.
2019-10-24 06:00:34,674 [pool-261-thread-1] WARN  impl.MetricRegistriesImpl (MetricRegistriesImpl.java:lambda$create$1(61)) - First MetricRegistry has been created without registering reporters. You may need to call MetricRegistries.global().addReportRegistration(...) before.
2019-10-24 06:00:34,674 [pool-261-thread-1] INFO  impl.RaftServerImpl (RaftServerImpl.java:start(184)) - 47180160-76b2-45ae-892b-b49970701001@group-8176C7B18527: start as a follower, conf=-1: [47180160-76b2-45ae-892b-b49970701001:192.168.69.98:36839], old=null
2019-10-24 06:00:34,674 [pool-261-thread-1] INFO  impl.RaftServerImpl (RaftServerImpl.java:setRole(173)) - 47180160-76b2-45ae-892b-b49970701001@group-8176C7B18527: changes role from      null to FOLLOWER at term 0 for startAsFollower
2019-10-24 06:00:34,674 [pool-261-thread-1] INFO  impl.RoleInfo (RoleInfo.java:updateAndGet(143)) - 47180160-76b2-45ae-892b-b49970701001: start FollowerState
2019-10-24 06:00:34,675 [pool-261-thread-1] INFO  util.JmxRegister (JmxRegister.java:tryRegister(44)) - Successfully registered JMX Bean with object name Ratis:service=RaftServer,group=group-8176C7B18527,id=47180160-76b2-45ae-892b-b49970701001
2019-10-24 06:00:34,675 [pool-261-thread-1] WARN  impl.MetricRegistriesImpl (MetricRegistriesImpl.java:lambda$create$1(61)) - First MetricRegistry has been created without registering reporters. You may need to call MetricRegistries.global().addReportRegistration(...) before.
2019-10-24 06:00:34,682 [RatisPipelineUtilsThread] INFO  pipeline.PipelineStateManager (PipelineStateManager.java:addPipeline(55)) - Created pipeline Pipeline[ Id: 69be956b-6821-4b5c-8812-8176c7b18527, Nodes: 47180160-76b2-45ae-892b-b49970701001{ip: 192.168.69.98, host: pr-hdds-1868-76l5x-1215882166, networkLocation: /rack1, certSerialId: null}, Type:RATIS, Factor:ONE, State:ALLOCATED]
2019-10-24 06:00:34,684 [Thread-1398] INFO  pipeline.PipelineStateManager (PipelineStateManager.java:finalizePipeline(121)) - Pipeline Pipeline[ Id: 0b5a12a6-ca2f-4c06-ab55-54aff78d5c3f, Nodes: d3fd9ed3-fdd6-489e-ad99-f32b40bdc365{ip: 192.168.69.98, host: pr-hdds-1868-76l5x-1215882166, networkLocation: /rack1, certSerialId: null}, Type:RATIS, Factor:ONE, State:CLOSED] moved to CLOSED state
2019-10-24 06:00:34,694 [grpc-default-executor-2] INFO  impl.RaftServerProxy (RaftServerProxy.java:remove(95)) - d3fd9ed3-fdd6-489e-ad99-f32b40bdc365: remove  FOLLOWER d3fd9ed3-fdd6-489e-ad99-f32b40bdc365@group-54AFF78D5C3F:t0, leader=null, voted=null, raftlog=d3fd9ed3-fdd6-489e-ad99-f32b40bdc365@group-54AFF78D5C3F-SegmentedRaftLog:OPENED:c-1,f-1,i0, conf=-1: [d3fd9ed3-fdd6-489e-ad99-f32b40bdc365:192.168.69.98:35100], old=null RUNNING
2019-10-24 06:00:34,694 [grpc-default-executor-2] INFO  impl.RaftServerImpl (RaftServerImpl.java:lambda$shutdown$3(250)) - d3fd9ed3-fdd6-489e-ad99-f32b40bdc365@group-54AFF78D5C3F: shutdown
2019-10-24 06:00:34,694 [grpc-default-executor-2] INFO  util.JmxRegister (JmxRegister.java:unregister(73)) - Successfully un-registered JMX Bean with object name Ratis:service=RaftServer,group=group-54AFF78D5C3F,id=d3fd9ed3-fdd6-489e-ad99-f32b40bdc365
2019-10-24 06:00:34,695 [grpc-default-executor-2] INFO  impl.RoleInfo (RoleInfo.java:shutdownFollowerState(121)) - d3fd9ed3-fdd6-489e-ad99-f32b40bdc365: shutdown FollowerState
2019-10-24 06:00:34,695 [grpc-default-executor-2] INFO  impl.StateMachineUpdater (StateMachineUpdater.java:stopAndJoin(136)) - d3fd9ed3-fdd6-489e-ad99-f32b40bdc365@group-54AFF78D5C3F-StateMachineUpdater: set stopIndex = -1
2019-10-24 06:00:34,695 [Thread-1406] INFO  impl.FollowerState (FollowerState.java:run(120)) - d3fd9ed3-fdd6-489e-ad99-f32b40bdc365@group-54AFF78D5C3F-FollowerState was interrupted: java.lang.InterruptedException: sleep interrupted
2019-10-24 06:00:34,696 [grpc-default-executor-2] INFO  impl.RaftServerImpl (ServerState.java:close(387)) - d3fd9ed3-fdd6-489e-ad99-f32b40bdc365@group-54AFF78D5C3F: closes. applyIndex: -1
2019-10-24 06:00:34,697 [d3fd9ed3-fdd6-489e-ad99-f32b40bdc365@group-54AFF78D5C3F-SegmentedRaftLogWorker] INFO  segmented.SegmentedRaftLogWorker (SegmentedRaftLogWorker.java:run(316)) - d3fd9ed3-fdd6-489e-ad99-f32b40bdc365@group-54AFF78D5C3F-SegmentedRaftLogWorker was interrupted, exiting. There are 0 tasks remaining in the queue.
2019-10-24 06:00:34,697 [grpc-default-executor-2] INFO  segmented.SegmentedRaftLogWorker (SegmentedRaftLogWorker.java:close(224)) - d3fd9ed3-fdd6-489e-ad99-f32b40bdc365@group-54AFF78D5C3F-SegmentedRaftLogWorker close()
2019-10-24 06:00:34,706 [Thread-1398] INFO  pipeline.PipelineStateManager (PipelineStateManager.java:removePipeline(106)) - Pipeline Pipeline[ Id: 0b5a12a6-ca2f-4c06-ab55-54aff78d5c3f, Nodes: d3fd9ed3-fdd6-489e-ad99-f32b40bdc365{ip: 192.168.69.98, host: pr-hdds-1868-76l5x-1215882166, networkLocation: /rack1, certSerialId: null}, Type:RATIS, Factor:ONE, State:CLOSED] removed from db
2019-10-24 06:00:34,706 [Thread-1398] INFO  pipeline.SCMPipelineManager (SCMPipelineManager.java:finalizeAndDestroyPipeline(316)) - destroying pipeline:Pipeline[ Id: 865d5696-dcf9-4362-99be-6759d0db4171, Nodes: 47180160-76b2-45ae-892b-b49970701001{ip: 192.168.69.98, host: pr-hdds-1868-76l5x-1215882166, networkLocation: /rack1, certSerialId: null}d3fd9ed3-fdd6-489e-ad99-f32b40bdc365{ip: 192.168.69.98, host: pr-hdds-1868-76l5x-1215882166, networkLocation: /rack1, certSerialId: null}2b9b30af-b642-404c-904a-520915f33294{ip: 192.168.69.98, host: pr-hdds-1868-76l5x-1215882166, networkLocation: /rack1, certSerialId: null}, Type:RATIS, Factor:THREE, State:ALLOCATED]
2019-10-24 06:00:34,716 [grpc-default-executor-2] INFO  impl.RaftServerProxy (RaftServerProxy.java:addNew(89)) - d3fd9ed3-fdd6-489e-ad99-f32b40bdc365: addNew group-5C9797BB58B8:[d3fd9ed3-fdd6-489e-ad99-f32b40bdc365:192.168.69.98:35100] returns group-5C9797BB58B8:java.util.concurrent.CompletableFuture@204e912b[Not completed]
2019-10-24 06:00:34,717 [pool-281-thread-1] INFO  impl.RaftServerImpl (RaftServerImpl.java:<init>(98)) - d3fd9ed3-fdd6-489e-ad99-f32b40bdc365: new RaftServerImpl for group-5C9797BB58B8:[d3fd9ed3-fdd6-489e-ad99-f32b40bdc365:192.168.69.98:35100] with ContainerStateMachine:uninitialized
2019-10-24 06:00:34,718 [pool-281-thread-1] INFO  server.RaftServerConfigKeys (ConfUtils.java:logGet(43)) - raft.server.rpc.timeout.min = 5s (custom)
2019-10-24 06:00:34,718 [pool-281-thread-1] INFO  server.RaftServerConfigKeys (ConfUtils.java:logGet(43)) - raft.server.rpc.timeout.max = 5200ms (custom)
2019-10-24 06:00:34,718 [pool-281-thread-1] INFO  server.RaftServerConfigKeys (ConfUtils.java:logGet(43)) - raft.server.rpcslowness.timeout = 120s (custom)
2019-10-24 06:00:34,719 [pool-281-thread-1] INFO  server.RaftServerConfigKeys (ConfUtils.java:logGet(43)) - raft.server.sleep.deviation.threshold = 300 (default)
2019-10-24 06:00:34,719 [pool-281-thread-1] INFO  server.RaftServerConfigKeys (ConfUtils.java:logGet(43)) - raft.server.log.appender.install.snapshot.enabled = false (custom)
2019-10-24 06:00:34,719 [pool-281-thread-1] INFO  impl.RaftServerImpl (ServerState.java:<init>(103)) - d3fd9ed3-fdd6-489e-ad99-f32b40bdc365@group-5C9797BB58B8: ConfigurationManager, init=-1: [d3fd9ed3-fdd6-489e-ad99-f32b40bdc365:192.168.69.98:35100], old=null, confs=<EMPTY_MAP>
2019-10-24 06:00:34,719 [pool-281-thread-1] INFO  server.RaftServerConfigKeys (ConfUtils.java:logGet(43)) - raft.server.storage.dir = [/workdir/hadoop-ozone/integration-test/target/test-dir/MiniOzoneClusterImpl-c2f6cee0-2ab3-45cc-b6d3-6c65f943c881/datanode-2/data/ratis] (custom)
2019-10-24 06:00:34,719 [pool-281-thread-1] INFO  server.RaftServerConfigKeys (ConfUtils.java:logGet(43)) - raft.server.log.corruption.policy = EXCEPTION (default)
2019-10-24 06:00:34,720 [pool-281-thread-1] INFO  storage.RaftStorageDirectory (RaftStorageDirectory.java:analyzeStorage(246)) - The storage directory /workdir/hadoop-ozone/integration-test/target/test-dir/MiniOzoneClusterImpl-c2f6cee0-2ab3-45cc-b6d3-6c65f943c881/datanode-2/data/ratis/faa8dc5d-ca21-4659-97b6-5c9797bb58b8 does not exist. Creating ...
2019-10-24 06:00:34,733 [pool-281-thread-1] INFO  storage.RaftStorageDirectory (RaftStorageDirectory.java:tryLock(328)) - Lock on /workdir/hadoop-ozone/integration-test/target/test-dir/MiniOzoneClusterImpl-c2f6cee0-2ab3-45cc-b6d3-6c65f943c881/datanode-2/data/ratis/faa8dc5d-ca21-4659-97b6-5c9797bb58b8/in_use.lock acquired by nodename 19707@pr-hdds-1868-76l5x-1215882166
2019-10-24 06:00:34,739 [pool-281-thread-1] INFO  storage.RaftStorage (RaftStorage.java:format(84)) - Storage directory /workdir/hadoop-ozone/integration-test/target/test-dir/MiniOzoneClusterImpl-c2f6cee0-2ab3-45cc-b6d3-6c65f943c881/datanode-2/data/ratis/faa8dc5d-ca21-4659-97b6-5c9797bb58b8 has been successfully formatted.
2019-10-24 06:00:34,739 [pool-281-thread-1] INFO  ratis.ContainerStateMachine (ContainerStateMachine.java:loadSnapshot(233)) - group-5C9797BB58B8: The snapshot info is null. Setting the last applied indexto:(t:0, i:~)
2019-10-24 06:00:34,740 [pool-281-thread-1] INFO  server.RaftServerConfigKeys (ConfUtils.java:logGet(43)) - raft.server.notification.no-leader.timeout = 120s (custom)
2019-10-24 06:00:34,740 [pool-281-thread-1] INFO  server.RaftServerConfigKeys (ConfUtils.java:logGet(43)) - raft.server.log.use.memory = false (default)
2019-10-24 06:00:34,740 [pool-281-thread-1] INFO  server.RaftServerConfigKeys (ConfUtils.java:logGet(43)) - raft.server.log.purge.gap = 1000000 (custom)
2019-10-24 06:00:34,740 [pool-281-thread-1] INFO  server.RaftServerConfigKeys (ConfUtils.java:logGet(43)) - raft.server.log.appender.buffer.byte-limit = 33554432 (custom)
2019-10-24 06:00:34,740 [pool-281-thread-1] INFO  server.RaftServerConfigKeys (ConfUtils.java:logGet(43)) - raft.server.log.segment.size.max = 1048576 (custom)
2019-10-24 06:00:34,741 [pool-281-thread-1] INFO  server.RaftServerConfigKeys (ConfUtils.java:logGet(43)) - raft.server.log.segment.cache.num.max = 2 (custom)
2019-10-24 06:00:34,741 [pool-281-thread-1] INFO  segmented.SegmentedRaftLogWorker (SegmentedRaftLogWorker.java:<init>(173)) - new d3fd9ed3-fdd6-489e-ad99-f32b40bdc365@group-5C9797BB58B8-SegmentedRaftLogWorker for RaftStorage:Storage Directory /workdir/hadoop-ozone/integration-test/target/test-dir/MiniOzoneClusterImpl-c2f6cee0-2ab3-45cc-b6d3-6c65f943c881/datanode-2/data/ratis/faa8dc5d-ca21-4659-97b6-5c9797bb58b8
2019-10-24 06:00:34,741 [pool-281-thread-1] INFO  server.RaftServerConfigKeys (ConfUtils.java:logGet(43)) - raft.server.log.queue.byte-limit = 2147483647 (custom)
2019-10-24 06:00:34,741 [pool-281-thread-1] INFO  server.RaftServerConfigKeys (ConfUtils.java:logGet(43)) - raft.server.log.queue.element-limit = 1024 (custom)
2019-10-24 06:00:34,741 [pool-281-thread-1] INFO  server.RaftServerConfigKeys (ConfUtils.java:logGet(43)) - raft.server.log.segment.size.max = 1048576 (custom)
2019-10-24 06:00:34,741 [pool-281-thread-1] INFO  server.RaftServerConfigKeys (ConfUtils.java:logGet(43)) - raft.server.log.preallocated.size = 16384 (custom)
2019-10-24 06:00:34,741 [pool-281-thread-1] INFO  server.RaftServerConfigKeys (ConfUtils.java:logGet(43)) - raft.server.log.write.buffer.size = 33554432 (custom)
2019-10-24 06:00:34,742 [pool-281-thread-1] INFO  server.RaftServerConfigKeys (ConfUtils.java:logGet(43)) - raft.server.log.force.sync.num = 128 (default)
2019-10-24 06:00:34,742 [pool-281-thread-1] INFO  server.RaftServerConfigKeys (ConfUtils.java:logGet(43)) - raft.server.log.statemachine.data.sync = true (default)
2019-10-24 06:00:34,742 [pool-281-thread-1] INFO  server.RaftServerConfigKeys (ConfUtils.java:logGet(43)) - raft.server.log.statemachine.data.sync.timeout = 10s (default)
2019-10-24 06:00:34,742 [pool-281-thread-1] INFO  server.RaftServerConfigKeys (ConfUtils.java:logGet(43)) - raft.server.log.statemachine.data.sync.timeout.retry = -1 (default)
2019-10-24 06:00:34,742 [pool-281-thread-1] INFO  server.RaftServerConfigKeys (ConfUtils.java:logGet(43)) - raft.server.log.statemachine.data.caching.enabled = true (custom)
2019-10-24 06:00:34,743 [pool-281-thread-1] INFO  segmented.SegmentedRaftLogWorker (SegmentedRaftLogWorker.java:lambda$new$0(128)) - d3fd9ed3-fdd6-489e-ad99-f32b40bdc365@group-5C9797BB58B8-SegmentedRaftLogWorker: flushIndex: setUnconditionally 0 -> -1
2019-10-24 06:00:34,743 [pool-281-thread-1] INFO  server.RaftServerConfigKeys (ConfUtils.java:logGet(43)) - raft.server.snapshot.auto.trigger.enabled = true (custom)
2019-10-24 06:00:34,743 [pool-281-thread-1] INFO  server.RaftServerConfigKeys (ConfUtils.java:logGet(43)) - raft.server.snapshot.auto.trigger.threshold = 10000 (custom)
2019-10-24 06:00:34,744 [pool-281-thread-1] INFO  server.RaftServerConfigKeys (ConfUtils.java:logGet(43)) - raft.server.snapshot.retention.file.num = 5 (custom)
2019-10-24 06:00:34,744 [pool-281-thread-1] INFO  server.RaftServerConfigKeys (ConfUtils.java:logGet(43)) - raft.server.retrycache.expirytime = 600000ms (custom)
2019-10-24 06:00:34,744 [pool-281-thread-1] WARN  impl.MetricRegistriesImpl (MetricRegistriesImpl.java:lambda$create$1(61)) - First MetricRegistry has been created without registering reporters. You may need to call MetricRegistries.global().addReportRegistration(...) before.
2019-10-24 06:00:34,744 [pool-281-thread-1] WARN  impl.MetricRegistriesImpl (MetricRegistriesImpl.java:lambda$create$1(61)) - First MetricRegistry has been created without registering reporters. You may need to call MetricRegistries.global().addReportRegistration(...) before.
2019-10-24 06:00:34,745 [pool-281-thread-1] INFO  impl.RaftServerImpl (RaftServerImpl.java:start(184)) - d3fd9ed3-fdd6-489e-ad99-f32b40bdc365@group-5C9797BB58B8: start as a follower, conf=-1: [d3fd9ed3-fdd6-489e-ad99-f32b40bdc365:192.168.69.98:35100], old=null
2019-10-24 06:00:34,745 [pool-281-thread-1] INFO  impl.RaftServerImpl (RaftServerImpl.java:setRole(173)) - d3fd9ed3-fdd6-489e-ad99-f32b40bdc365@group-5C9797BB58B8: changes role from      null to FOLLOWER at term 0 for startAsFollower
2019-10-24 06:00:34,745 [pool-281-thread-1] INFO  impl.RoleInfo (RoleInfo.java:updateAndGet(143)) - d3fd9ed3-fdd6-489e-ad99-f32b40bdc365: start FollowerState
2019-10-24 06:00:34,746 [pool-281-thread-1] INFO  util.JmxRegister (JmxRegister.java:tryRegister(44)) - Successfully registered JMX Bean with object name Ratis:service=RaftServer,group=group-5C9797BB58B8,id=d3fd9ed3-fdd6-489e-ad99-f32b40bdc365
2019-10-24 06:00:34,746 [pool-281-thread-1] WARN  impl.MetricRegistriesImpl (MetricRegistriesImpl.java:lambda$create$1(61)) - First MetricRegistry has been created without registering reporters. You may need to call MetricRegistries.global().addReportRegistration(...) before.
2019-10-24 06:00:34,757 [RatisPipelineUtilsThread] INFO  pipeline.PipelineStateManager (PipelineStateManager.java:addPipeline(55)) - Created pipeline Pipeline[ Id: faa8dc5d-ca21-4659-97b6-5c9797bb58b8, Nodes: d3fd9ed3-fdd6-489e-ad99-f32b40bdc365{ip: 192.168.69.98, host: pr-hdds-1868-76l5x-1215882166, networkLocation: /rack1, certSerialId: null}, Type:RATIS, Factor:ONE, State:ALLOCATED]
2019-10-24 06:00:34,758 [Thread-1398] INFO  pipeline.PipelineStateManager (PipelineStateManager.java:finalizePipeline(121)) - Pipeline Pipeline[ Id: 865d5696-dcf9-4362-99be-6759d0db4171, Nodes: 47180160-76b2-45ae-892b-b49970701001{ip: 192.168.69.98, host: pr-hdds-1868-76l5x-1215882166, networkLocation: /rack1, certSerialId: null}d3fd9ed3-fdd6-489e-ad99-f32b40bdc365{ip: 192.168.69.98, host: pr-hdds-1868-76l5x-1215882166, networkLocation: /rack1, certSerialId: null}2b9b30af-b642-404c-904a-520915f33294{ip: 192.168.69.98, host: pr-hdds-1868-76l5x-1215882166, networkLocation: /rack1, certSerialId: null}, Type:RATIS, Factor:THREE, State:CLOSED] moved to CLOSED state
2019-10-24 06:00:34,774 [grpc-default-executor-2] INFO  impl.RaftServerProxy (RaftServerProxy.java:remove(95)) - 47180160-76b2-45ae-892b-b49970701001: remove  FOLLOWER 47180160-76b2-45ae-892b-b49970701001@group-6759D0DB4171:t0, leader=null, voted=null, raftlog=47180160-76b2-45ae-892b-b49970701001@group-6759D0DB4171-SegmentedRaftLog:OPENED:c-1,f-1,i0, conf=-1: [47180160-76b2-45ae-892b-b49970701001:192.168.69.98:36839, 2b9b30af-b642-404c-904a-520915f33294:192.168.69.98:46837, d3fd9ed3-fdd6-489e-ad99-f32b40bdc365:192.168.69.98:35100], old=null RUNNING
2019-10-24 06:00:34,775 [grpc-default-executor-2] INFO  impl.RaftServerImpl (RaftServerImpl.java:lambda$shutdown$3(250)) - 47180160-76b2-45ae-892b-b49970701001@group-6759D0DB4171: shutdown
2019-10-24 06:00:34,775 [grpc-default-executor-2] INFO  util.JmxRegister (JmxRegister.java:unregister(73)) - Successfully un-registered JMX Bean with object name Ratis:service=RaftServer,group=group-6759D0DB4171,id=47180160-76b2-45ae-892b-b49970701001
2019-10-24 06:00:34,775 [grpc-default-executor-2] INFO  impl.RoleInfo (RoleInfo.java:shutdownFollowerState(121)) - 47180160-76b2-45ae-892b-b49970701001: shutdown FollowerState
2019-10-24 06:00:34,775 [grpc-default-executor-2] INFO  impl.StateMachineUpdater (StateMachineUpdater.java:stopAndJoin(136)) - 47180160-76b2-45ae-892b-b49970701001@group-6759D0DB4171-StateMachineUpdater: set stopIndex = -1
2019-10-24 06:00:34,775 [Thread-1414] INFO  impl.FollowerState (FollowerState.java:run(120)) - 47180160-76b2-45ae-892b-b49970701001@group-6759D0DB4171-FollowerState was interrupted: java.lang.InterruptedException: sleep interrupted
2019-10-24 06:00:34,776 [grpc-default-executor-2] INFO  impl.RaftServerImpl (ServerState.java:close(387)) - 47180160-76b2-45ae-892b-b49970701001@group-6759D0DB4171: closes. applyIndex: -1
2019-10-24 06:00:34,778 [47180160-76b2-45ae-892b-b49970701001@group-6759D0DB4171-SegmentedRaftLogWorker] INFO  segmented.SegmentedRaftLogWorker (SegmentedRaftLogWorker.java:run(316)) - 47180160-76b2-45ae-892b-b49970701001@group-6759D0DB4171-SegmentedRaftLogWorker was interrupted, exiting. There are 0 tasks remaining in the queue.
2019-10-24 06:00:34,778 [grpc-default-executor-2] INFO  segmented.SegmentedRaftLogWorker (SegmentedRaftLogWorker.java:close(224)) - 47180160-76b2-45ae-892b-b49970701001@group-6759D0DB4171-SegmentedRaftLogWorker close()
2019-10-24 06:00:34,781 [Thread-1226] INFO  ozone.MiniOzoneClusterImpl (MiniOzoneClusterImpl.java:lambda$waitForClusterToBeReady$2(163)) - Waiting for 3 number of pipelines out of 4, to report a leader.
2019-10-24 06:00:34,794 [grpc-default-executor-2] INFO  impl.RaftServerProxy (RaftServerProxy.java:remove(95)) - d3fd9ed3-fdd6-489e-ad99-f32b40bdc365: remove  FOLLOWER d3fd9ed3-fdd6-489e-ad99-f32b40bdc365@group-6759D0DB4171:t0, leader=null, voted=null, raftlog=d3fd9ed3-fdd6-489e-ad99-f32b40bdc365@group-6759D0DB4171-SegmentedRaftLog:OPENED:c-1,f-1,i0, conf=-1: [47180160-76b2-45ae-892b-b49970701001:192.168.69.98:36839, 2b9b30af-b642-404c-904a-520915f33294:192.168.69.98:46837, d3fd9ed3-fdd6-489e-ad99-f32b40bdc365:192.168.69.98:35100], old=null RUNNING
2019-10-24 06:00:34,795 [grpc-default-executor-2] INFO  impl.RaftServerImpl (RaftServerImpl.java:lambda$shutdown$3(250)) - d3fd9ed3-fdd6-489e-ad99-f32b40bdc365@group-6759D0DB4171: shutdown
2019-10-24 06:00:34,795 [grpc-default-executor-2] INFO  util.JmxRegister (JmxRegister.java:unregister(73)) - Successfully un-registered JMX Bean with object name Ratis:service=RaftServer,group=group-6759D0DB4171,id=d3fd9ed3-fdd6-489e-ad99-f32b40bdc365
2019-10-24 06:00:34,795 [grpc-default-executor-2] INFO  impl.RoleInfo (RoleInfo.java:shutdownFollowerState(121)) - d3fd9ed3-fdd6-489e-ad99-f32b40bdc365: shutdown FollowerState
2019-10-24 06:00:34,795 [grpc-default-executor-2] INFO  impl.StateMachineUpdater (StateMachineUpdater.java:stopAndJoin(136)) - d3fd9ed3-fdd6-489e-ad99-f32b40bdc365@group-6759D0DB4171-StateMachineUpdater: set stopIndex = -1
2019-10-24 06:00:34,795 [Thread-1409] INFO  impl.FollowerState (FollowerState.java:run(120)) - d3fd9ed3-fdd6-489e-ad99-f32b40bdc365@group-6759D0DB4171-FollowerState was interrupted: java.lang.InterruptedException: sleep interrupted
2019-10-24 06:00:34,796 [grpc-default-executor-2] INFO  impl.RaftServerImpl (ServerState.java:close(387)) - d3fd9ed3-fdd6-489e-ad99-f32b40bdc365@group-6759D0DB4171: closes. applyIndex: -1
2019-10-24 06:00:34,800 [d3fd9ed3-fdd6-489e-ad99-f32b40bdc365@group-6759D0DB4171-SegmentedRaftLogWorker] INFO  segmented.SegmentedRaftLogWorker (SegmentedRaftLogWorker.java:run(316)) - d3fd9ed3-fdd6-489e-ad99-f32b40bdc365@group-6759D0DB4171-SegmentedRaftLogWorker was interrupted, exiting. There are 0 tasks remaining in the queue.
2019-10-24 06:00:34,801 [grpc-default-executor-2] INFO  segmented.SegmentedRaftLogWorker (SegmentedRaftLogWorker.java:close(224)) - d3fd9ed3-fdd6-489e-ad99-f32b40bdc365@group-6759D0DB4171-SegmentedRaftLogWorker close()
2019-10-24 06:00:34,824 [grpc-default-executor-2] INFO  impl.RaftServerProxy (RaftServerProxy.java:remove(95)) - 2b9b30af-b642-404c-904a-520915f33294: remove  FOLLOWER 2b9b30af-b642-404c-904a-520915f33294@group-6759D0DB4171:t0, leader=null, voted=null, raftlog=2b9b30af-b642-404c-904a-520915f33294@group-6759D0DB4171-SegmentedRaftLog:OPENED:c-1,f-1,i0, conf=-1: [47180160-76b2-45ae-892b-b49970701001:192.168.69.98:36839, 2b9b30af-b642-404c-904a-520915f33294:192.168.69.98:46837, d3fd9ed3-fdd6-489e-ad99-f32b40bdc365:192.168.69.98:35100], old=null RUNNING
2019-10-24 06:00:34,825 [grpc-default-executor-2] INFO  impl.RaftServerImpl (RaftServerImpl.java:lambda$shutdown$3(250)) - 2b9b30af-b642-404c-904a-520915f33294@group-6759D0DB4171: shutdown
2019-10-24 06:00:34,825 [grpc-default-executor-2] INFO  util.JmxRegister (JmxRegister.java:unregister(73)) - Successfully un-registered JMX Bean with object name Ratis:service=RaftServer,group=group-6759D0DB4171,id=2b9b30af-b642-404c-904a-520915f33294
2019-10-24 06:00:34,825 [grpc-default-executor-2] INFO  impl.RoleInfo (RoleInfo.java:shutdownFollowerState(121)) - 2b9b30af-b642-404c-904a-520915f33294: shutdown FollowerState
2019-10-24 06:00:34,825 [grpc-default-executor-2] INFO  impl.StateMachineUpdater (StateMachineUpdater.java:stopAndJoin(136)) - 2b9b30af-b642-404c-904a-520915f33294@group-6759D0DB4171-StateMachineUpdater: set stopIndex = -1
2019-10-24 06:00:34,825 [Thread-1413] INFO  impl.FollowerState (FollowerState.java:run(120)) - 2b9b30af-b642-404c-904a-520915f33294@group-6759D0DB4171-FollowerState was interrupted: java.lang.InterruptedException: sleep interrupted
2019-10-24 06:00:34,826 [grpc-default-executor-2] INFO  impl.RaftServerImpl (ServerState.java:close(387)) - 2b9b30af-b642-404c-904a-520915f33294@group-6759D0DB4171: closes. applyIndex: -1
2019-10-24 06:00:34,827 [2b9b30af-b642-404c-904a-520915f33294@group-6759D0DB4171-SegmentedRaftLogWorker] INFO  segmented.SegmentedRaftLogWorker (SegmentedRaftLogWorker.java:run(316)) - 2b9b30af-b642-404c-904a-520915f33294@group-6759D0DB4171-SegmentedRaftLogWorker was interrupted, exiting. There are 0 tasks remaining in the queue.
2019-10-24 06:00:34,827 [grpc-default-executor-2] INFO  segmented.SegmentedRaftLogWorker (SegmentedRaftLogWorker.java:close(224)) - 2b9b30af-b642-404c-904a-520915f33294@group-6759D0DB4171-SegmentedRaftLogWorker close()
2019-10-24 06:00:34,832 [Thread-1398] INFO  pipeline.PipelineStateManager (PipelineStateManager.java:removePipeline(106)) - Pipeline Pipeline[ Id: 865d5696-dcf9-4362-99be-6759d0db4171, Nodes: 47180160-76b2-45ae-892b-b49970701001{ip: 192.168.69.98, host: pr-hdds-1868-76l5x-1215882166, networkLocation: /rack1, certSerialId: null}d3fd9ed3-fdd6-489e-ad99-f32b40bdc365{ip: 192.168.69.98, host: pr-hdds-1868-76l5x-1215882166, networkLocation: /rack1, certSerialId: null}2b9b30af-b642-404c-904a-520915f33294{ip: 192.168.69.98, host: pr-hdds-1868-76l5x-1215882166, networkLocation: /rack1, certSerialId: null}, Type:RATIS, Factor:THREE, State:CLOSED] removed from db
2019-10-24 06:00:34,849 [grpc-default-executor-3] INFO  impl.RaftServerProxy (RaftServerProxy.java:addNew(89)) - 2b9b30af-b642-404c-904a-520915f33294: addNew group-C4F9106229CE:[47180160-76b2-45ae-892b-b49970701001:192.168.69.98:36839, 2b9b30af-b642-404c-904a-520915f33294:192.168.69.98:46837, d3fd9ed3-fdd6-489e-ad99-f32b40bdc365:192.168.69.98:35100] returns group-C4F9106229CE:java.util.concurrent.CompletableFuture@3383fbbd[Not completed]
2019-10-24 06:00:34,849 [grpc-default-executor-1] INFO  impl.RaftServerProxy (RaftServerProxy.java:addNew(89)) - d3fd9ed3-fdd6-489e-ad99-f32b40bdc365: addNew group-C4F9106229CE:[47180160-76b2-45ae-892b-b49970701001:192.168.69.98:36839, 2b9b30af-b642-404c-904a-520915f33294:192.168.69.98:46837, d3fd9ed3-fdd6-489e-ad99-f32b40bdc365:192.168.69.98:35100] returns group-C4F9106229CE:java.util.concurrent.CompletableFuture@5a1e5e2e[Not completed]
2019-10-24 06:00:34,849 [grpc-default-executor-2] INFO  impl.RaftServerProxy (RaftServerProxy.java:addNew(89)) - 47180160-76b2-45ae-892b-b49970701001: addNew group-C4F9106229CE:[47180160-76b2-45ae-892b-b49970701001:192.168.69.98:36839, 2b9b30af-b642-404c-904a-520915f33294:192.168.69.98:46837, d3fd9ed3-fdd6-489e-ad99-f32b40bdc365:192.168.69.98:35100] returns group-C4F9106229CE:java.util.concurrent.CompletableFuture@5690601f[Not completed]
2019-10-24 06:00:34,851 [pool-271-thread-1] INFO  impl.RaftServerImpl (RaftServerImpl.java:<init>(98)) - 2b9b30af-b642-404c-904a-520915f33294: new RaftServerImpl for group-C4F9106229CE:[47180160-76b2-45ae-892b-b49970701001:192.168.69.98:36839, 2b9b30af-b642-404c-904a-520915f33294:192.168.69.98:46837, d3fd9ed3-fdd6-489e-ad99-f32b40bdc365:192.168.69.98:35100] with ContainerStateMachine:uninitialized
2019-10-24 06:00:34,852 [pool-271-thread-1] INFO  server.RaftServerConfigKeys (ConfUtils.java:logGet(43)) - raft.server.rpc.timeout.min = 5s (custom)
2019-10-24 06:00:34,852 [pool-271-thread-1] INFO  server.RaftServerConfigKeys (ConfUtils.java:logGet(43)) - raft.server.rpc.timeout.max = 5200ms (custom)
2019-10-24 06:00:34,852 [pool-271-thread-1] INFO  server.RaftServerConfigKeys (ConfUtils.java:logGet(43)) - raft.server.rpcslowness.timeout = 120s (custom)
2019-10-24 06:00:34,852 [pool-261-thread-1] INFO  impl.RaftServerImpl (RaftServerImpl.java:<init>(98)) - 47180160-76b2-45ae-892b-b49970701001: new RaftServerImpl for group-C4F9106229CE:[47180160-76b2-45ae-892b-b49970701001:192.168.69.98:36839, 2b9b30af-b642-404c-904a-520915f33294:192.168.69.98:46837, d3fd9ed3-fdd6-489e-ad99-f32b40bdc365:192.168.69.98:35100] with ContainerStateMachine:uninitialized
2019-10-24 06:00:34,852 [pool-271-thread-1] INFO  server.RaftServerConfigKeys (ConfUtils.java:logGet(43)) - raft.server.sleep.deviation.threshold = 300 (default)
2019-10-24 06:00:34,852 [pool-261-thread-1] INFO  server.RaftServerConfigKeys (ConfUtils.java:logGet(43)) - raft.server.rpc.timeout.min = 5s (custom)
2019-10-24 06:00:34,852 [pool-281-thread-1] INFO  impl.RaftServerImpl (RaftServerImpl.java:<init>(98)) - d3fd9ed3-fdd6-489e-ad99-f32b40bdc365: new RaftServerImpl for group-C4F9106229CE:[47180160-76b2-45ae-892b-b49970701001:192.168.69.98:36839, 2b9b30af-b642-404c-904a-520915f33294:192.168.69.98:46837, d3fd9ed3-fdd6-489e-ad99-f32b40bdc365:192.168.69.98:35100] with ContainerStateMachine:uninitialized
2019-10-24 06:00:34,852 [pool-271-thread-1] INFO  server.RaftServerConfigKeys (ConfUtils.java:logGet(43)) - raft.server.log.appender.install.snapshot.enabled = false (custom)
2019-10-24 06:00:34,853 [pool-281-thread-1] INFO  server.RaftServerConfigKeys (ConfUtils.java:logGet(43)) - raft.server.rpc.timeout.min = 5s (custom)
2019-10-24 06:00:34,852 [pool-261-thread-1] INFO  server.RaftServerConfigKeys (ConfUtils.java:logGet(43)) - raft.server.rpc.timeout.max = 5200ms (custom)
2019-10-24 06:00:34,853 [pool-281-thread-1] INFO  server.RaftServerConfigKeys (ConfUtils.java:logGet(43)) - raft.server.rpc.timeout.max = 5200ms (custom)
2019-10-24 06:00:34,853 [pool-271-thread-1] INFO  impl.RaftServerImpl (ServerState.java:<init>(103)) - 2b9b30af-b642-404c-904a-520915f33294@group-C4F9106229CE: ConfigurationManager, init=-1: [47180160-76b2-45ae-892b-b49970701001:192.168.69.98:36839, 2b9b30af-b642-404c-904a-520915f33294:192.168.69.98:46837, d3fd9ed3-fdd6-489e-ad99-f32b40bdc365:192.168.69.98:35100], old=null, confs=<EMPTY_MAP>
2019-10-24 06:00:34,853 [pool-281-thread-1] INFO  server.RaftServerConfigKeys (ConfUtils.java:logGet(43)) - raft.server.rpcslowness.timeout = 120s (custom)
2019-10-24 06:00:34,853 [pool-261-thread-1] INFO  server.RaftServerConfigKeys (ConfUtils.java:logGet(43)) - raft.server.rpcslowness.timeout = 120s (custom)
2019-10-24 06:00:34,853 [pool-281-thread-1] INFO  server.RaftServerConfigKeys (ConfUtils.java:logGet(43)) - raft.server.sleep.deviation.threshold = 300 (default)
2019-10-24 06:00:34,853 [pool-271-thread-1] INFO  server.RaftServerConfigKeys (ConfUtils.java:logGet(43)) - raft.server.storage.dir = [/workdir/hadoop-ozone/integration-test/target/test-dir/MiniOzoneClusterImpl-c2f6cee0-2ab3-45cc-b6d3-6c65f943c881/datanode-1/data/ratis] (custom)
2019-10-24 06:00:34,854 [pool-281-thread-1] INFO  server.RaftServerConfigKeys (ConfUtils.java:logGet(43)) - raft.server.log.appender.install.snapshot.enabled = false (custom)
2019-10-24 06:00:34,853 [pool-261-thread-1] INFO  server.RaftServerConfigKeys (ConfUtils.java:logGet(43)) - raft.server.sleep.deviation.threshold = 300 (default)
2019-10-24 06:00:34,854 [pool-271-thread-1] INFO  server.RaftServerConfigKeys (ConfUtils.java:logGet(43)) - raft.server.log.corruption.policy = EXCEPTION (default)
2019-10-24 06:00:34,854 [pool-281-thread-1] INFO  impl.RaftServerImpl (ServerState.java:<init>(103)) - d3fd9ed3-fdd6-489e-ad99-f32b40bdc365@group-C4F9106229CE: ConfigurationManager, init=-1: [47180160-76b2-45ae-892b-b49970701001:192.168.69.98:36839, 2b9b30af-b642-404c-904a-520915f33294:192.168.69.98:46837, d3fd9ed3-fdd6-489e-ad99-f32b40bdc365:192.168.69.98:35100], old=null, confs=<EMPTY_MAP>
2019-10-24 06:00:34,854 [pool-261-thread-1] INFO  server.RaftServerConfigKeys (ConfUtils.java:logGet(43)) - raft.server.log.appender.install.snapshot.enabled = false (custom)
2019-10-24 06:00:34,854 [pool-281-thread-1] INFO  server.RaftServerConfigKeys (ConfUtils.java:logGet(43)) - raft.server.storage.dir = [/workdir/hadoop-ozone/integration-test/target/test-dir/MiniOzoneClusterImpl-c2f6cee0-2ab3-45cc-b6d3-6c65f943c881/datanode-2/data/ratis] (custom)
2019-10-24 06:00:34,854 [pool-261-thread-1] INFO  impl.RaftServerImpl (ServerState.java:<init>(103)) - 47180160-76b2-45ae-892b-b49970701001@group-C4F9106229CE: ConfigurationManager, init=-1: [47180160-76b2-45ae-892b-b49970701001:192.168.69.98:36839, 2b9b30af-b642-404c-904a-520915f33294:192.168.69.98:46837, d3fd9ed3-fdd6-489e-ad99-f32b40bdc365:192.168.69.98:35100], old=null, confs=<EMPTY_MAP>
2019-10-24 06:00:34,854 [pool-271-thread-1] INFO  storage.RaftStorageDirectory (RaftStorageDirectory.java:analyzeStorage(246)) - The storage directory /workdir/hadoop-ozone/integration-test/target/test-dir/MiniOzoneClusterImpl-c2f6cee0-2ab3-45cc-b6d3-6c65f943c881/datanode-1/data/ratis/d99a4ae1-0a33-4d0e-ac89-c4f9106229ce does not exist. Creating ...
2019-10-24 06:00:34,855 [pool-261-thread-1] INFO  server.RaftServerConfigKeys (ConfUtils.java:logGet(43)) - raft.server.storage.dir = [/workdir/hadoop-ozone/integration-test/target/test-dir/MiniOzoneClusterImpl-c2f6cee0-2ab3-45cc-b6d3-6c65f943c881/datanode-0/data/ratis] (custom)
2019-10-24 06:00:34,855 [pool-281-thread-1] INFO  server.RaftServerConfigKeys (ConfUtils.java:logGet(43)) - raft.server.log.corruption.policy = EXCEPTION (default)
2019-10-24 06:00:34,855 [pool-261-thread-1] INFO  server.RaftServerConfigKeys (ConfUtils.java:logGet(43)) - raft.server.log.corruption.policy = EXCEPTION (default)
2019-10-24 06:00:34,855 [pool-281-thread-1] INFO  storage.RaftStorageDirectory (RaftStorageDirectory.java:analyzeStorage(246)) - The storage directory /workdir/hadoop-ozone/integration-test/target/test-dir/MiniOzoneClusterImpl-c2f6cee0-2ab3-45cc-b6d3-6c65f943c881/datanode-2/data/ratis/d99a4ae1-0a33-4d0e-ac89-c4f9106229ce does not exist. Creating ...
2019-10-24 06:00:34,855 [pool-261-thread-1] INFO  storage.RaftStorageDirectory (RaftStorageDirectory.java:analyzeStorage(246)) - The storage directory /workdir/hadoop-ozone/integration-test/target/test-dir/MiniOzoneClusterImpl-c2f6cee0-2ab3-45cc-b6d3-6c65f943c881/datanode-0/data/ratis/d99a4ae1-0a33-4d0e-ac89-c4f9106229ce does not exist. Creating ...
2019-10-24 06:00:34,867 [pool-261-thread-1] INFO  storage.RaftStorageDirectory (RaftStorageDirectory.java:tryLock(328)) - Lock on /workdir/hadoop-ozone/integration-test/target/test-dir/MiniOzoneClusterImpl-c2f6cee0-2ab3-45cc-b6d3-6c65f943c881/datanode-0/data/ratis/d99a4ae1-0a33-4d0e-ac89-c4f9106229ce/in_use.lock acquired by nodename 19707@pr-hdds-1868-76l5x-1215882166
2019-10-24 06:00:34,867 [pool-271-thread-1] INFO  storage.RaftStorageDirectory (RaftStorageDirectory.java:tryLock(328)) - Lock on /workdir/hadoop-ozone/integration-test/target/test-dir/MiniOzoneClusterImpl-c2f6cee0-2ab3-45cc-b6d3-6c65f943c881/datanode-1/data/ratis/d99a4ae1-0a33-4d0e-ac89-c4f9106229ce/in_use.lock acquired by nodename 19707@pr-hdds-1868-76l5x-1215882166
2019-10-24 06:00:34,867 [pool-281-thread-1] INFO  storage.RaftStorageDirectory (RaftStorageDirectory.java:tryLock(328)) - Lock on /workdir/hadoop-ozone/integration-test/target/test-dir/MiniOzoneClusterImpl-c2f6cee0-2ab3-45cc-b6d3-6c65f943c881/datanode-2/data/ratis/d99a4ae1-0a33-4d0e-ac89-c4f9106229ce/in_use.lock acquired by nodename 19707@pr-hdds-1868-76l5x-1215882166
2019-10-24 06:00:34,888 [pool-281-thread-1] INFO  storage.RaftStorage (RaftStorage.java:format(84)) - Storage directory /workdir/hadoop-ozone/integration-test/target/test-dir/MiniOzoneClusterImpl-c2f6cee0-2ab3-45cc-b6d3-6c65f943c881/datanode-2/data/ratis/d99a4ae1-0a33-4d0e-ac89-c4f9106229ce has been successfully formatted.
2019-10-24 06:00:34,888 [pool-261-thread-1] INFO  storage.RaftStorage (RaftStorage.java:format(84)) - Storage directory /workdir/hadoop-ozone/integration-test/target/test-dir/MiniOzoneClusterImpl-c2f6cee0-2ab3-45cc-b6d3-6c65f943c881/datanode-0/data/ratis/d99a4ae1-0a33-4d0e-ac89-c4f9106229ce has been successfully formatted.
2019-10-24 06:00:34,888 [pool-281-thread-1] INFO  ratis.ContainerStateMachine (ContainerStateMachine.java:loadSnapshot(233)) - group-C4F9106229CE: The snapshot info is null. Setting the last applied indexto:(t:0, i:~)
2019-10-24 06:00:34,888 [pool-271-thread-1] INFO  storage.RaftStorage (RaftStorage.java:format(84)) - Storage directory /workdir/hadoop-ozone/integration-test/target/test-dir/MiniOzoneClusterImpl-c2f6cee0-2ab3-45cc-b6d3-6c65f943c881/datanode-1/data/ratis/d99a4ae1-0a33-4d0e-ac89-c4f9106229ce has been successfully formatted.
2019-10-24 06:00:34,889 [pool-281-thread-1] INFO  server.RaftServerConfigKeys (ConfUtils.java:logGet(43)) - raft.server.notification.no-leader.timeout = 120s (custom)
2019-10-24 06:00:34,889 [pool-271-thread-1] INFO  ratis.ContainerStateMachine (ContainerStateMachine.java:loadSnapshot(233)) - group-C4F9106229CE: The snapshot info is null. Setting the last applied indexto:(t:0, i:~)
2019-10-24 06:00:34,889 [pool-261-thread-1] INFO  ratis.ContainerStateMachine (ContainerStateMachine.java:loadSnapshot(233)) - group-C4F9106229CE: The snapshot info is null. Setting the last applied indexto:(t:0, i:~)
2019-10-24 06:00:34,889 [pool-271-thread-1] INFO  server.RaftServerConfigKeys (ConfUtils.java:logGet(43)) - raft.server.notification.no-leader.timeout = 120s (custom)
2019-10-24 06:00:34,889 [pool-281-thread-1] INFO  server.RaftServerConfigKeys (ConfUtils.java:logGet(43)) - raft.server.log.use.memory = false (default)
2019-10-24 06:00:34,889 [pool-271-thread-1] INFO  server.RaftServerConfigKeys (ConfUtils.java:logGet(43)) - raft.server.log.use.memory = false (default)
2019-10-24 06:00:34,889 [pool-261-thread-1] INFO  server.RaftServerConfigKeys (ConfUtils.java:logGet(43)) - raft.server.notification.no-leader.timeout = 120s (custom)
2019-10-24 06:00:34,890 [pool-271-thread-1] INFO  server.RaftServerConfigKeys (ConfUtils.java:logGet(43)) - raft.server.log.purge.gap = 1000000 (custom)
2019-10-24 06:00:34,889 [pool-281-thread-1] INFO  server.RaftServerConfigKeys (ConfUtils.java:logGet(43)) - raft.server.log.purge.gap = 1000000 (custom)
2019-10-24 06:00:34,890 [pool-271-thread-1] INFO  server.RaftServerConfigKeys (ConfUtils.java:logGet(43)) - raft.server.log.appender.buffer.byte-limit = 33554432 (custom)
2019-10-24 06:00:34,890 [pool-261-thread-1] INFO  server.RaftServerConfigKeys (ConfUtils.java:logGet(43)) - raft.server.log.use.memory = false (default)
2019-10-24 06:00:34,890 [pool-271-thread-1] INFO  server.RaftServerConfigKeys (ConfUtils.java:logGet(43)) - raft.server.log.segment.size.max = 1048576 (custom)
2019-10-24 06:00:34,890 [pool-281-thread-1] INFO  server.RaftServerConfigKeys (ConfUtils.java:logGet(43)) - raft.server.log.appender.buffer.byte-limit = 33554432 (custom)
2019-10-24 06:00:34,890 [pool-271-thread-1] INFO  server.RaftServerConfigKeys (ConfUtils.java:logGet(43)) - raft.server.log.segment.cache.num.max = 2 (custom)
2019-10-24 06:00:34,890 [pool-261-thread-1] INFO  server.RaftServerConfigKeys (ConfUtils.java:logGet(43)) - raft.server.log.purge.gap = 1000000 (custom)
2019-10-24 06:00:34,891 [pool-271-thread-1] INFO  segmented.SegmentedRaftLogWorker (SegmentedRaftLogWorker.java:<init>(173)) - new 2b9b30af-b642-404c-904a-520915f33294@group-C4F9106229CE-SegmentedRaftLogWorker for RaftStorage:Storage Directory /workdir/hadoop-ozone/integration-test/target/test-dir/MiniOzoneClusterImpl-c2f6cee0-2ab3-45cc-b6d3-6c65f943c881/datanode-1/data/ratis/d99a4ae1-0a33-4d0e-ac89-c4f9106229ce
2019-10-24 06:00:34,891 [pool-281-thread-1] INFO  server.RaftServerConfigKeys (ConfUtils.java:logGet(43)) - raft.server.log.segment.size.max = 1048576 (custom)
2019-10-24 06:00:34,891 [pool-271-thread-1] INFO  server.RaftServerConfigKeys (ConfUtils.java:logGet(43)) - raft.server.log.queue.byte-limit = 2147483647 (custom)
2019-10-24 06:00:34,891 [pool-271-thread-1] INFO  server.RaftServerConfigKeys (ConfUtils.java:logGet(43)) - raft.server.log.queue.element-limit = 1024 (custom)
2019-10-24 06:00:34,891 [pool-261-thread-1] INFO  server.RaftServerConfigKeys (ConfUtils.java:logGet(43)) - raft.server.log.appender.buffer.byte-limit = 33554432 (custom)
2019-10-24 06:00:34,891 [pool-271-thread-1] INFO  server.RaftServerConfigKeys (ConfUtils.java:logGet(43)) - raft.server.log.segment.size.max = 1048576 (custom)
2019-10-24 06:00:34,892 [pool-271-thread-1] INFO  server.RaftServerConfigKeys (ConfUtils.java:logGet(43)) - raft.server.log.preallocated.size = 16384 (custom)
2019-10-24 06:00:34,891 [pool-281-thread-1] INFO  server.RaftServerConfigKeys (ConfUtils.java:logGet(43)) - raft.server.log.segment.cache.num.max = 2 (custom)
2019-10-24 06:00:34,892 [pool-271-thread-1] INFO  server.RaftServerConfigKeys (ConfUtils.java:logGet(43)) - raft.server.log.write.buffer.size = 33554432 (custom)
2019-10-24 06:00:34,892 [pool-261-thread-1] INFO  server.RaftServerConfigKeys (ConfUtils.java:logGet(43)) - raft.server.log.segment.size.max = 1048576 (custom)
2019-10-24 06:00:34,892 [pool-271-thread-1] INFO  server.RaftServerConfigKeys (ConfUtils.java:logGet(43)) - raft.server.log.force.sync.num = 128 (default)
2019-10-24 06:00:34,892 [pool-281-thread-1] INFO  segmented.SegmentedRaftLogWorker (SegmentedRaftLogWorker.java:<init>(173)) - new d3fd9ed3-fdd6-489e-ad99-f32b40bdc365@group-C4F9106229CE-SegmentedRaftLogWorker for RaftStorage:Storage Directory /workdir/hadoop-ozone/integration-test/target/test-dir/MiniOzoneClusterImpl-c2f6cee0-2ab3-45cc-b6d3-6c65f943c881/datanode-2/data/ratis/d99a4ae1-0a33-4d0e-ac89-c4f9106229ce
2019-10-24 06:00:34,892 [pool-271-thread-1] INFO  server.RaftServerConfigKeys (ConfUtils.java:logGet(43)) - raft.server.log.statemachine.data.sync = true (default)
2019-10-24 06:00:34,892 [pool-261-thread-1] INFO  server.RaftServerConfigKeys (ConfUtils.java:logGet(43)) - raft.server.log.segment.cache.num.max = 2 (custom)
2019-10-24 06:00:34,893 [pool-271-thread-1] INFO  server.RaftServerConfigKeys (ConfUtils.java:logGet(43)) - raft.server.log.statemachine.data.sync.timeout = 10s (default)
2019-10-24 06:00:34,893 [pool-281-thread-1] INFO  server.RaftServerConfigKeys (ConfUtils.java:logGet(43)) - raft.server.log.queue.byte-limit = 2147483647 (custom)
2019-10-24 06:00:34,893 [pool-271-thread-1] INFO  server.RaftServerConfigKeys (ConfUtils.java:logGet(43)) - raft.server.log.statemachine.data.sync.timeout.retry = -1 (default)
2019-10-24 06:00:34,893 [pool-261-thread-1] INFO  segmented.SegmentedRaftLogWorker (SegmentedRaftLogWorker.java:<init>(173)) - new 47180160-76b2-45ae-892b-b49970701001@group-C4F9106229CE-SegmentedRaftLogWorker for RaftStorage:Storage Directory /workdir/hadoop-ozone/integration-test/target/test-dir/MiniOzoneClusterImpl-c2f6cee0-2ab3-45cc-b6d3-6c65f943c881/datanode-0/data/ratis/d99a4ae1-0a33-4d0e-ac89-c4f9106229ce
2019-10-24 06:00:34,893 [pool-271-thread-1] INFO  server.RaftServerConfigKeys (ConfUtils.java:logGet(43)) - raft.server.log.statemachine.data.caching.enabled = true (custom)
2019-10-24 06:00:34,893 [pool-281-thread-1] INFO  server.RaftServerConfigKeys (ConfUtils.java:logGet(43)) - raft.server.log.queue.element-limit = 1024 (custom)
2019-10-24 06:00:34,893 [pool-261-thread-1] INFO  server.RaftServerConfigKeys (ConfUtils.java:logGet(43)) - raft.server.log.queue.byte-limit = 2147483647 (custom)
2019-10-24 06:00:34,894 [pool-271-thread-1] INFO  segmented.SegmentedRaftLogWorker (SegmentedRaftLogWorker.java:lambda$new$0(128)) - 2b9b30af-b642-404c-904a-520915f33294@group-C4F9106229CE-SegmentedRaftLogWorker: flushIndex: setUnconditionally 0 -> -1
2019-10-24 06:00:34,894 [pool-281-thread-1] INFO  server.RaftServerConfigKeys (ConfUtils.java:logGet(43)) - raft.server.log.segment.size.max = 1048576 (custom)
2019-10-24 06:00:34,894 [pool-261-thread-1] INFO  server.RaftServerConfigKeys (ConfUtils.java:logGet(43)) - raft.server.log.queue.element-limit = 1024 (custom)
2019-10-24 06:00:34,894 [pool-271-thread-1] INFO  server.RaftServerConfigKeys (ConfUtils.java:logGet(43)) - raft.server.snapshot.auto.trigger.enabled = true (custom)
2019-10-24 06:00:34,894 [pool-281-thread-1] INFO  server.RaftServerConfigKeys (ConfUtils.java:logGet(43)) - raft.server.log.preallocated.size = 16384 (custom)
2019-10-24 06:00:34,894 [pool-271-thread-1] INFO  server.RaftServerConfigKeys (ConfUtils.java:logGet(43)) - raft.server.snapshot.auto.trigger.threshold = 10000 (custom)
2019-10-24 06:00:34,894 [pool-261-thread-1] INFO  server.RaftServerConfigKeys (ConfUtils.java:logGet(43)) - raft.server.log.segment.size.max = 1048576 (custom)
2019-10-24 06:00:34,895 [pool-271-thread-1] INFO  server.RaftServerConfigKeys (ConfUtils.java:logGet(43)) - raft.server.snapshot.retention.file.num = 5 (custom)
2019-10-24 06:00:34,895 [pool-281-thread-1] INFO  server.RaftServerConfigKeys (ConfUtils.java:logGet(43)) - raft.server.log.write.buffer.size = 33554432 (custom)
2019-10-24 06:00:34,895 [pool-271-thread-1] INFO  server.RaftServerConfigKeys (ConfUtils.java:logGet(43)) - raft.server.retrycache.expirytime = 600000ms (custom)
2019-10-24 06:00:34,895 [pool-261-thread-1] INFO  server.RaftServerConfigKeys (ConfUtils.java:logGet(43)) - raft.server.log.preallocated.size = 16384 (custom)
2019-10-24 06:00:34,895 [pool-271-thread-1] WARN  impl.MetricRegistriesImpl (MetricRegistriesImpl.java:lambda$create$1(61)) - First MetricRegistry has been created without registering reporters. You may need to call MetricRegistries.global().addReportRegistration(...) before.
2019-10-24 06:00:34,895 [pool-281-thread-1] INFO  server.RaftServerConfigKeys (ConfUtils.java:logGet(43)) - raft.server.log.force.sync.num = 128 (default)
2019-10-24 06:00:34,896 [pool-271-thread-1] WARN  impl.MetricRegistriesImpl (MetricRegistriesImpl.java:lambda$create$1(61)) - First MetricRegistry has been created without registering reporters. You may need to call MetricRegistries.global().addReportRegistration(...) before.
2019-10-24 06:00:34,895 [pool-261-thread-1] INFO  server.RaftServerConfigKeys (ConfUtils.java:logGet(43)) - raft.server.log.write.buffer.size = 33554432 (custom)
2019-10-24 06:00:34,896 [pool-271-thread-1] INFO  impl.RaftServerImpl (RaftServerImpl.java:start(184)) - 2b9b30af-b642-404c-904a-520915f33294@group-C4F9106229CE: start as a follower, conf=-1: [47180160-76b2-45ae-892b-b49970701001:192.168.69.98:36839, 2b9b30af-b642-404c-904a-520915f33294:192.168.69.98:46837, d3fd9ed3-fdd6-489e-ad99-f32b40bdc365:192.168.69.98:35100], old=null
2019-10-24 06:00:34,896 [pool-281-thread-1] INFO  server.RaftServerConfigKeys (ConfUtils.java:logGet(43)) - raft.server.log.statemachine.data.sync = true (default)
2019-10-24 06:00:34,896 [pool-271-thread-1] INFO  impl.RaftServerImpl (RaftServerImpl.java:setRole(173)) - 2b9b30af-b642-404c-904a-520915f33294@group-C4F9106229CE: changes role from      null to FOLLOWER at term 0 for startAsFollower
2019-10-24 06:00:34,896 [pool-261-thread-1] INFO  server.RaftServerConfigKeys (ConfUtils.java:logGet(43)) - raft.server.log.force.sync.num = 128 (default)
2019-10-24 06:00:34,897 [pool-271-thread-1] INFO  impl.RoleInfo (RoleInfo.java:updateAndGet(143)) - 2b9b30af-b642-404c-904a-520915f33294: start FollowerState
2019-10-24 06:00:34,896 [pool-281-thread-1] INFO  server.RaftServerConfigKeys (ConfUtils.java:logGet(43)) - raft.server.log.statemachine.data.sync.timeout = 10s (default)
2019-10-24 06:00:34,897 [pool-261-thread-1] INFO  server.RaftServerConfigKeys (ConfUtils.java:logGet(43)) - raft.server.log.statemachine.data.sync = true (default)
2019-10-24 06:00:34,897 [pool-271-thread-1] INFO  util.JmxRegister (JmxRegister.java:tryRegister(44)) - Successfully registered JMX Bean with object name Ratis:service=RaftServer,group=group-C4F9106229CE,id=2b9b30af-b642-404c-904a-520915f33294
2019-10-24 06:00:34,897 [pool-281-thread-1] INFO  server.RaftServerConfigKeys (ConfUtils.java:logGet(43)) - raft.server.log.statemachine.data.sync.timeout.retry = -1 (default)
2019-10-24 06:00:34,897 [pool-271-thread-1] WARN  impl.MetricRegistriesImpl (MetricRegistriesImpl.java:lambda$create$1(61)) - First MetricRegistry has been created without registering reporters. You may need to call MetricRegistries.global().addReportRegistration(...) before.
2019-10-24 06:00:34,897 [pool-261-thread-1] INFO  server.RaftServerConfigKeys (ConfUtils.java:logGet(43)) - raft.server.log.statemachine.data.sync.timeout = 10s (default)
2019-10-24 06:00:34,897 [pool-281-thread-1] INFO  server.RaftServerConfigKeys (ConfUtils.java:logGet(43)) - raft.server.log.statemachine.data.caching.enabled = true (custom)
2019-10-24 06:00:34,898 [pool-261-thread-1] INFO  server.RaftServerConfigKeys (ConfUtils.java:logGet(43)) - raft.server.log.statemachine.data.sync.timeout.retry = -1 (default)
2019-10-24 06:00:34,898 [pool-281-thread-1] INFO  segmented.SegmentedRaftLogWorker (SegmentedRaftLogWorker.java:lambda$new$0(128)) - d3fd9ed3-fdd6-489e-ad99-f32b40bdc365@group-C4F9106229CE-SegmentedRaftLogWorker: flushIndex: setUnconditionally 0 -> -1
2019-10-24 06:00:34,898 [pool-261-thread-1] INFO  server.RaftServerConfigKeys (ConfUtils.java:logGet(43)) - raft.server.log.statemachine.data.caching.enabled = true (custom)
2019-10-24 06:00:34,898 [pool-281-thread-1] INFO  server.RaftServerConfigKeys (ConfUtils.java:logGet(43)) - raft.server.snapshot.auto.trigger.enabled = true (custom)
2019-10-24 06:00:34,899 [pool-261-thread-1] INFO  segmented.SegmentedRaftLogWorker (SegmentedRaftLogWorker.java:lambda$new$0(128)) - 47180160-76b2-45ae-892b-b49970701001@group-C4F9106229CE-SegmentedRaftLogWorker: flushIndex: setUnconditionally 0 -> -1
2019-10-24 06:00:34,899 [pool-281-thread-1] INFO  server.RaftServerConfigKeys (ConfUtils.java:logGet(43)) - raft.server.snapshot.auto.trigger.threshold = 10000 (custom)
2019-10-24 06:00:34,899 [pool-281-thread-1] INFO  server.RaftServerConfigKeys (ConfUtils.java:logGet(43)) - raft.server.snapshot.retention.file.num = 5 (custom)
2019-10-24 06:00:34,900 [pool-261-thread-1] INFO  server.RaftServerConfigKeys (ConfUtils.java:logGet(43)) - raft.server.snapshot.auto.trigger.enabled = true (custom)
2019-10-24 06:00:34,900 [pool-281-thread-1] INFO  server.RaftServerConfigKeys (ConfUtils.java:logGet(43)) - raft.server.retrycache.expirytime = 600000ms (custom)
2019-10-24 06:00:34,900 [pool-261-thread-1] INFO  server.RaftServerConfigKeys (ConfUtils.java:logGet(43)) - raft.server.snapshot.auto.trigger.threshold = 10000 (custom)
2019-10-24 06:00:34,901 [pool-281-thread-1] WARN  impl.MetricRegistriesImpl (MetricRegistriesImpl.java:lambda$create$1(61)) - First MetricRegistry has been created without registering reporters. You may need to call MetricRegistries.global().addReportRegistration(...) before.
2019-10-24 06:00:34,901 [pool-261-thread-1] INFO  server.RaftServerConfigKeys (ConfUtils.java:logGet(43)) - raft.server.snapshot.retention.file.num = 5 (custom)
2019-10-24 06:00:34,901 [pool-281-thread-1] WARN  impl.MetricRegistriesImpl (MetricRegistriesImpl.java:lambda$create$1(61)) - First MetricRegistry has been created without registering reporters. You may need to call MetricRegistries.global().addReportRegistration(...) before.
2019-10-24 06:00:34,902 [pool-261-thread-1] INFO  server.RaftServerConfigKeys (ConfUtils.java:logGet(43)) - raft.server.retrycache.expirytime = 600000ms (custom)
2019-10-24 06:00:34,902 [pool-281-thread-1] INFO  impl.RaftServerImpl (RaftServerImpl.java:start(184)) - d3fd9ed3-fdd6-489e-ad99-f32b40bdc365@group-C4F9106229CE: start as a follower, conf=-1: [47180160-76b2-45ae-892b-b49970701001:192.168.69.98:36839, 2b9b30af-b642-404c-904a-520915f33294:192.168.69.98:46837, d3fd9ed3-fdd6-489e-ad99-f32b40bdc365:192.168.69.98:35100], old=null
2019-10-24 06:00:34,902 [pool-261-thread-1] WARN  impl.MetricRegistriesImpl (MetricRegistriesImpl.java:lambda$create$1(61)) - First MetricRegistry has been created without registering reporters. You may need to call MetricRegistries.global().addReportRegistration(...) before.
2019-10-24 06:00:34,902 [pool-281-thread-1] INFO  impl.RaftServerImpl (RaftServerImpl.java:setRole(173)) - d3fd9ed3-fdd6-489e-ad99-f32b40bdc365@group-C4F9106229CE: changes role from      null to FOLLOWER at term 0 for startAsFollower
2019-10-24 06:00:34,903 [pool-261-thread-1] WARN  impl.MetricRegistriesImpl (MetricRegistriesImpl.java:lambda$create$1(61)) - First MetricRegistry has been created without registering reporters. You may need to call MetricRegistries.global().addReportRegistration(...) before.
2019-10-24 06:00:34,903 [pool-281-thread-1] INFO  impl.RoleInfo (RoleInfo.java:updateAndGet(143)) - d3fd9ed3-fdd6-489e-ad99-f32b40bdc365: start FollowerState
2019-10-24 06:00:34,903 [pool-261-thread-1] INFO  impl.RaftServerImpl (RaftServerImpl.java:start(184)) - 47180160-76b2-45ae-892b-b49970701001@group-C4F9106229CE: start as a follower, conf=-1: [47180160-76b2-45ae-892b-b49970701001:192.168.69.98:36839, 2b9b30af-b642-404c-904a-520915f33294:192.168.69.98:46837, d3fd9ed3-fdd6-489e-ad99-f32b40bdc365:192.168.69.98:35100], old=null
2019-10-24 06:00:34,903 [pool-261-thread-1] INFO  impl.RaftServerImpl (RaftServerImpl.java:setRole(173)) - 47180160-76b2-45ae-892b-b49970701001@group-C4F9106229CE: changes role from      null to FOLLOWER at term 0 for startAsFollower
2019-10-24 06:00:34,903 [pool-281-thread-1] INFO  util.JmxRegister (JmxRegister.java:tryRegister(44)) - Successfully registered JMX Bean with object name Ratis:service=RaftServer,group=group-C4F9106229CE,id=d3fd9ed3-fdd6-489e-ad99-f32b40bdc365
2019-10-24 06:00:34,903 [pool-261-thread-1] INFO  impl.RoleInfo (RoleInfo.java:updateAndGet(143)) - 47180160-76b2-45ae-892b-b49970701001: start FollowerState
2019-10-24 06:00:34,903 [pool-281-thread-1] WARN  impl.MetricRegistriesImpl (MetricRegistriesImpl.java:lambda$create$1(61)) - First MetricRegistry has been created without registering reporters. You may need to call MetricRegistries.global().addReportRegistration(...) before.
2019-10-24 06:00:34,904 [pool-261-thread-1] INFO  util.JmxRegister (JmxRegister.java:tryRegister(44)) - Successfully registered JMX Bean with object name Ratis:service=RaftServer,group=group-C4F9106229CE,id=47180160-76b2-45ae-892b-b49970701001
2019-10-24 06:00:34,904 [pool-261-thread-1] WARN  impl.MetricRegistriesImpl (MetricRegistriesImpl.java:lambda$create$1(61)) - First MetricRegistry has been created without registering reporters. You may need to call MetricRegistries.global().addReportRegistration(...) before.
2019-10-24 06:00:34,913 [RatisPipelineUtilsThread] INFO  pipeline.PipelineStateManager (PipelineStateManager.java:addPipeline(55)) - Created pipeline Pipeline[ Id: d99a4ae1-0a33-4d0e-ac89-c4f9106229ce, Nodes: 47180160-76b2-45ae-892b-b49970701001{ip: 192.168.69.98, host: pr-hdds-1868-76l5x-1215882166, networkLocation: /rack1, certSerialId: null}d3fd9ed3-fdd6-489e-ad99-f32b40bdc365{ip: 192.168.69.98, host: pr-hdds-1868-76l5x-1215882166, networkLocation: /rack1, certSerialId: null}2b9b30af-b642-404c-904a-520915f33294{ip: 192.168.69.98, host: pr-hdds-1868-76l5x-1215882166, networkLocation: /rack1, certSerialId: null}, Type:RATIS, Factor:THREE, State:ALLOCATED]
2019-10-24 06:00:35,782 [Thread-1226] INFO  ozone.MiniOzoneClusterImpl (MiniOzoneClusterImpl.java:lambda$waitForClusterToBeReady$2(163)) - Waiting for 4 number of pipelines out of 4, to report a leader.
2019-10-24 06:00:36,782 [Thread-1226] INFO  ozone.MiniOzoneClusterImpl (MiniOzoneClusterImpl.java:lambda$waitForClusterToBeReady$2(163)) - Waiting for 4 number of pipelines out of 4, to report a leader.
2019-10-24 06:00:37,783 [Thread-1226] INFO  ozone.MiniOzoneClusterImpl (MiniOzoneClusterImpl.java:lambda$waitForClusterToBeReady$2(163)) - Waiting for 4 number of pipelines out of 4, to report a leader.
2019-10-24 06:00:38,783 [Thread-1226] INFO  ozone.MiniOzoneClusterImpl (MiniOzoneClusterImpl.java:lambda$waitForClusterToBeReady$2(163)) - Waiting for 4 number of pipelines out of 4, to report a leader.
2019-10-24 06:00:39,646 [Thread-1420] INFO  impl.FollowerState (FollowerState.java:run(111)) - 2b9b30af-b642-404c-904a-520915f33294@group-BE77D14EF4D6-FollowerState: change to CANDIDATE, lastRpcTime:5038ms, electionTimeout:5038ms
2019-10-24 06:00:39,648 [Thread-1420] INFO  impl.RoleInfo (RoleInfo.java:shutdownFollowerState(121)) - 2b9b30af-b642-404c-904a-520915f33294: shutdown FollowerState
2019-10-24 06:00:39,649 [Thread-1420] INFO  impl.RaftServerImpl (RaftServerImpl.java:setRole(173)) - 2b9b30af-b642-404c-904a-520915f33294@group-BE77D14EF4D6: changes role from  FOLLOWER to CANDIDATE at term 0 for changeToCandidate
2019-10-24 06:00:39,649 [Thread-1420] INFO  impl.RoleInfo (RoleInfo.java:updateAndGet(143)) - 2b9b30af-b642-404c-904a-520915f33294: start LeaderElection
2019-10-24 06:00:39,669 [2b9b30af-b642-404c-904a-520915f33294@group-BE77D14EF4D6-LeaderElection8] INFO  impl.LeaderElection (LeaderElection.java:askForVotes(178)) - 2b9b30af-b642-404c-904a-520915f33294@group-BE77D14EF4D6-LeaderElection8: begin an election at term 1 for -1: [2b9b30af-b642-404c-904a-520915f33294:192.168.69.98:46837], old=null
2019-10-24 06:00:39,669 [2b9b30af-b642-404c-904a-520915f33294@group-BE77D14EF4D6-LeaderElection8] INFO  impl.RoleInfo (RoleInfo.java:shutdownLeaderElection(134)) - 2b9b30af-b642-404c-904a-520915f33294: shutdown LeaderElection
2019-10-24 06:00:39,670 [2b9b30af-b642-404c-904a-520915f33294@group-BE77D14EF4D6-LeaderElection8] INFO  impl.RaftServerImpl (RaftServerImpl.java:setRole(173)) - 2b9b30af-b642-404c-904a-520915f33294@group-BE77D14EF4D6: changes role from CANDIDATE to LEADER at term 1 for changeToLeader
2019-10-24 06:00:39,670 [2b9b30af-b642-404c-904a-520915f33294@group-BE77D14EF4D6-LeaderElection8] INFO  ratis.XceiverServerRatis (XceiverServerRatis.java:handleLeaderChangedNotification(702)) - Leader change notification received for group: group-BE77D14EF4D6 with new leaderId: 2b9b30af-b642-404c-904a-520915f33294
2019-10-24 06:00:39,670 [2b9b30af-b642-404c-904a-520915f33294@group-BE77D14EF4D6-LeaderElection8] INFO  impl.LeaderElection (LeaderElection.java:run(137)) - 2b9b30af-b642-404c-904a-520915f33294@group-BE77D14EF4D6-LeaderElection8: NullPointerException is safely ignored since this is already CLOSING
java.lang.NullPointerException
	at com.google.protobuf.AbstractMessageLite$Builder.checkForNullValues(AbstractMessageLite.java:336)
	at com.google.protobuf.AbstractMessageLite$Builder.addAll(AbstractMessageLite.java:323)
	at org.apache.hadoop.hdds.protocol.proto.StorageContainerDatanodeProtocolProtos$PipelineReportsProto$Builder.addAllPipelineReport(StorageContainerDatanodeProtocolProtos.java:20977)
	at org.apache.hadoop.ozone.container.ozoneimpl.OzoneContainer.getPipelineReport(OzoneContainer.java:251)
	at org.apache.hadoop.ozone.container.common.transport.server.ratis.XceiverServerRatis.handleLeaderChangedNotification(XceiverServerRatis.java:709)
	at org.apache.hadoop.ozone.container.common.transport.server.ratis.ContainerStateMachine.notifyLeaderChanged(ContainerStateMachine.java:887)
	at org.apache.ratis.server.impl.ServerState.setLeader(ServerState.java:253)
	at org.apache.ratis.server.impl.ServerState.becomeLeader(ServerState.java:274)
	at org.apache.ratis.server.impl.RaftServerImpl.changeToLeader(RaftServerImpl.java:345)
	at org.apache.ratis.server.impl.LeaderElection.askForVotes(LeaderElection.java:210)
	at org.apache.ratis.server.impl.LeaderElection.run(LeaderElection.java:133)
	at java.lang.Thread.run(Thread.java:748)
2019-10-24 06:00:39,784 [Thread-1226] INFO  ozone.MiniOzoneClusterImpl (MiniOzoneClusterImpl.java:lambda$waitForClusterToBeReady$2(163)) - Waiting for 4 number of pipelines out of 4, to report a leader.
2019-10-24 06:00:39,817 [Thread-1424] INFO  impl.FollowerState (FollowerState.java:run(111)) - 47180160-76b2-45ae-892b-b49970701001@group-8176C7B18527-FollowerState: change to CANDIDATE, lastRpcTime:5142ms, electionTimeout:5142ms
2019-10-24 06:00:39,817 [Thread-1424] INFO  impl.RoleInfo (RoleInfo.java:shutdownFollowerState(121)) - 47180160-76b2-45ae-892b-b49970701001: shutdown FollowerState
2019-10-24 06:00:39,817 [Thread-1424] INFO  impl.RaftServerImpl (RaftServerImpl.java:setRole(173)) - 47180160-76b2-45ae-892b-b49970701001@group-8176C7B18527: changes role from  FOLLOWER to CANDIDATE at term 0 for changeToCandidate
2019-10-24 06:00:39,818 [Thread-1424] INFO  impl.RoleInfo (RoleInfo.java:updateAndGet(143)) - 47180160-76b2-45ae-892b-b49970701001: start LeaderElection
2019-10-24 06:00:39,832 [47180160-76b2-45ae-892b-b49970701001@group-8176C7B18527-LeaderElection9] INFO  impl.LeaderElection (LeaderElection.java:askForVotes(178)) - 47180160-76b2-45ae-892b-b49970701001@group-8176C7B18527-LeaderElection9: begin an election at term 1 for -1: [47180160-76b2-45ae-892b-b49970701001:192.168.69.98:36839], old=null
2019-10-24 06:00:39,832 [47180160-76b2-45ae-892b-b49970701001@group-8176C7B18527-LeaderElection9] INFO  impl.RoleInfo (RoleInfo.java:shutdownLeaderElection(134)) - 47180160-76b2-45ae-892b-b49970701001: shutdown LeaderElection
2019-10-24 06:00:39,832 [47180160-76b2-45ae-892b-b49970701001@group-8176C7B18527-LeaderElection9] INFO  impl.RaftServerImpl (RaftServerImpl.java:setRole(173)) - 47180160-76b2-45ae-892b-b49970701001@group-8176C7B18527: changes role from CANDIDATE to LEADER at term 1 for changeToLeader
2019-10-24 06:00:39,833 [47180160-76b2-45ae-892b-b49970701001@group-8176C7B18527-LeaderElection9] INFO  ratis.XceiverServerRatis (XceiverServerRatis.java:handleLeaderChangedNotification(702)) - Leader change notification received for group: group-8176C7B18527 with new leaderId: 47180160-76b2-45ae-892b-b49970701001
2019-10-24 06:00:39,833 [47180160-76b2-45ae-892b-b49970701001@group-8176C7B18527-LeaderElection9] INFO  impl.LeaderElection (LeaderElection.java:run(137)) - 47180160-76b2-45ae-892b-b49970701001@group-8176C7B18527-LeaderElection9: NullPointerException is safely ignored since this is already CLOSING
java.lang.NullPointerException
	at com.google.protobuf.AbstractMessageLite$Builder.checkForNullValues(AbstractMessageLite.java:336)
	at com.google.protobuf.AbstractMessageLite$Builder.addAll(AbstractMessageLite.java:323)
	at org.apache.hadoop.hdds.protocol.proto.StorageContainerDatanodeProtocolProtos$PipelineReportsProto$Builder.addAllPipelineReport(StorageContainerDatanodeProtocolProtos.java:20977)
	at org.apache.hadoop.ozone.container.ozoneimpl.OzoneContainer.getPipelineReport(OzoneContainer.java:251)
	at org.apache.hadoop.ozone.container.common.transport.server.ratis.XceiverServerRatis.handleLeaderChangedNotification(XceiverServerRatis.java:709)
	at org.apache.hadoop.ozone.container.common.transport.server.ratis.ContainerStateMachine.notifyLeaderChanged(ContainerStateMachine.java:887)
	at org.apache.ratis.server.impl.ServerState.setLeader(ServerState.java:253)
	at org.apache.ratis.server.impl.ServerState.becomeLeader(ServerState.java:274)
	at org.apache.ratis.server.impl.RaftServerImpl.changeToLeader(RaftServerImpl.java:345)
	at org.apache.ratis.server.impl.LeaderElection.askForVotes(LeaderElection.java:210)
	at org.apache.ratis.server.impl.LeaderElection.run(LeaderElection.java:133)
	at java.lang.Thread.run(Thread.java:748)
2019-10-24 06:00:39,888 [Thread-1428] INFO  impl.FollowerState (FollowerState.java:run(111)) - d3fd9ed3-fdd6-489e-ad99-f32b40bdc365@group-5C9797BB58B8-FollowerState: change to CANDIDATE, lastRpcTime:5142ms, electionTimeout:5142ms
2019-10-24 06:00:39,888 [Thread-1428] INFO  impl.RoleInfo (RoleInfo.java:shutdownFollowerState(121)) - d3fd9ed3-fdd6-489e-ad99-f32b40bdc365: shutdown FollowerState
2019-10-24 06:00:39,888 [Thread-1428] INFO  impl.RaftServerImpl (RaftServerImpl.java:setRole(173)) - d3fd9ed3-fdd6-489e-ad99-f32b40bdc365@group-5C9797BB58B8: changes role from  FOLLOWER to CANDIDATE at term 0 for changeToCandidate
2019-10-24 06:00:39,888 [Thread-1428] INFO  impl.RoleInfo (RoleInfo.java:updateAndGet(143)) - d3fd9ed3-fdd6-489e-ad99-f32b40bdc365: start LeaderElection
2019-10-24 06:00:39,903 [d3fd9ed3-fdd6-489e-ad99-f32b40bdc365@group-5C9797BB58B8-LeaderElection10] INFO  impl.LeaderElection (LeaderElection.java:askForVotes(178)) - d3fd9ed3-fdd6-489e-ad99-f32b40bdc365@group-5C9797BB58B8-LeaderElection10: begin an election at term 1 for -1: [d3fd9ed3-fdd6-489e-ad99-f32b40bdc365:192.168.69.98:35100], old=null
2019-10-24 06:00:39,903 [d3fd9ed3-fdd6-489e-ad99-f32b40bdc365@group-5C9797BB58B8-LeaderElection10] INFO  impl.RoleInfo (RoleInfo.java:shutdownLeaderElection(134)) - d3fd9ed3-fdd6-489e-ad99-f32b40bdc365: shutdown LeaderElection
2019-10-24 06:00:39,903 [d3fd9ed3-fdd6-489e-ad99-f32b40bdc365@group-5C9797BB58B8-LeaderElection10] INFO  impl.RaftServerImpl (RaftServerImpl.java:setRole(173)) - d3fd9ed3-fdd6-489e-ad99-f32b40bdc365@group-5C9797BB58B8: changes role from CANDIDATE to LEADER at term 1 for changeToLeader
2019-10-24 06:00:39,903 [d3fd9ed3-fdd6-489e-ad99-f32b40bdc365@group-5C9797BB58B8-LeaderElection10] INFO  ratis.XceiverServerRatis (XceiverServerRatis.java:handleLeaderChangedNotification(702)) - Leader change notification received for group: group-5C9797BB58B8 with new leaderId: d3fd9ed3-fdd6-489e-ad99-f32b40bdc365
2019-10-24 06:00:39,904 [d3fd9ed3-fdd6-489e-ad99-f32b40bdc365@group-5C9797BB58B8-LeaderElection10] INFO  impl.LeaderElection (LeaderElection.java:run(137)) - d3fd9ed3-fdd6-489e-ad99-f32b40bdc365@group-5C9797BB58B8-LeaderElection10: NullPointerException is safely ignored since this is already CLOSING
java.lang.NullPointerException
	at com.google.protobuf.AbstractMessageLite$Builder.checkForNullValues(AbstractMessageLite.java:336)
	at com.google.protobuf.AbstractMessageLite$Builder.addAll(AbstractMessageLite.java:323)
	at org.apache.hadoop.hdds.protocol.proto.StorageContainerDatanodeProtocolProtos$PipelineReportsProto$Builder.addAllPipelineReport(StorageContainerDatanodeProtocolProtos.java:20977)
	at org.apache.hadoop.ozone.container.ozoneimpl.OzoneContainer.getPipelineReport(OzoneContainer.java:251)
	at org.apache.hadoop.ozone.container.common.transport.server.ratis.XceiverServerRatis.handleLeaderChangedNotification(XceiverServerRatis.java:709)
	at org.apache.hadoop.ozone.container.common.transport.server.ratis.ContainerStateMachine.notifyLeaderChanged(ContainerStateMachine.java:887)
	at org.apache.ratis.server.impl.ServerState.setLeader(ServerState.java:253)
	at org.apache.ratis.server.impl.ServerState.becomeLeader(ServerState.java:274)
	at org.apache.ratis.server.impl.RaftServerImpl.changeToLeader(RaftServerImpl.java:345)
	at org.apache.ratis.server.impl.LeaderElection.askForVotes(LeaderElection.java:210)
	at org.apache.ratis.server.impl.LeaderElection.run(LeaderElection.java:133)
	at java.lang.Thread.run(Thread.java:748)
2019-10-24 06:00:39,907 [Thread-1434] INFO  impl.FollowerState (FollowerState.java:run(111)) - 2b9b30af-b642-404c-904a-520915f33294@group-C4F9106229CE-FollowerState: change to CANDIDATE, lastRpcTime:5010ms, electionTimeout:5010ms
2019-10-24 06:00:39,907 [Thread-1434] INFO  impl.RoleInfo (RoleInfo.java:shutdownFollowerState(121)) - 2b9b30af-b642-404c-904a-520915f33294: shutdown FollowerState
2019-10-24 06:00:39,907 [Thread-1434] INFO  impl.RaftServerImpl (RaftServerImpl.java:setRole(173)) - 2b9b30af-b642-404c-904a-520915f33294@group-C4F9106229CE: changes role from  FOLLOWER to CANDIDATE at term 0 for changeToCandidate
2019-10-24 06:00:39,908 [Thread-1434] INFO  impl.RoleInfo (RoleInfo.java:updateAndGet(143)) - 2b9b30af-b642-404c-904a-520915f33294: start LeaderElection
2019-10-24 06:00:39,919 [2b9b30af-b642-404c-904a-520915f33294@group-C4F9106229CE-LeaderElection11] INFO  impl.LeaderElection (LeaderElection.java:askForVotes(178)) - 2b9b30af-b642-404c-904a-520915f33294@group-C4F9106229CE-LeaderElection11: begin an election at term 1 for -1: [47180160-76b2-45ae-892b-b49970701001:192.168.69.98:36839, 2b9b30af-b642-404c-904a-520915f33294:192.168.69.98:46837, d3fd9ed3-fdd6-489e-ad99-f32b40bdc365:192.168.69.98:35100], old=null
2019-10-24 06:00:39,938 [Thread-1438] INFO  impl.FollowerState (FollowerState.java:run(111)) - d3fd9ed3-fdd6-489e-ad99-f32b40bdc365@group-C4F9106229CE-FollowerState: change to CANDIDATE, lastRpcTime:5035ms, electionTimeout:5032ms
2019-10-24 06:00:39,938 [Thread-1438] INFO  impl.RoleInfo (RoleInfo.java:shutdownFollowerState(121)) - d3fd9ed3-fdd6-489e-ad99-f32b40bdc365: shutdown FollowerState
2019-10-24 06:00:39,938 [Thread-1438] INFO  impl.RaftServerImpl (RaftServerImpl.java:setRole(173)) - d3fd9ed3-fdd6-489e-ad99-f32b40bdc365@group-C4F9106229CE: changes role from  FOLLOWER to CANDIDATE at term 0 for changeToCandidate
2019-10-24 06:00:39,939 [Thread-1438] INFO  impl.RoleInfo (RoleInfo.java:updateAndGet(143)) - d3fd9ed3-fdd6-489e-ad99-f32b40bdc365: start LeaderElection
2019-10-24 06:00:39,945 [grpc-default-executor-1] INFO  impl.RaftServerImpl (RaftServerImpl.java:setRole(173)) - 47180160-76b2-45ae-892b-b49970701001@group-C4F9106229CE: changes role from  FOLLOWER to FOLLOWER at term 1 for recognizeCandidate:2b9b30af-b642-404c-904a-520915f33294
2019-10-24 06:00:39,945 [grpc-default-executor-1] INFO  impl.RoleInfo (RoleInfo.java:shutdownFollowerState(121)) - 47180160-76b2-45ae-892b-b49970701001: shutdown FollowerState
2019-10-24 06:00:39,945 [Thread-1439] INFO  impl.FollowerState (FollowerState.java:run(120)) - 47180160-76b2-45ae-892b-b49970701001@group-C4F9106229CE-FollowerState was interrupted: java.lang.InterruptedException: sleep interrupted
2019-10-24 06:00:39,945 [grpc-default-executor-1] INFO  impl.RoleInfo (RoleInfo.java:updateAndGet(143)) - 47180160-76b2-45ae-892b-b49970701001: start FollowerState
2019-10-24 06:00:39,956 [d3fd9ed3-fdd6-489e-ad99-f32b40bdc365@group-C4F9106229CE-LeaderElection12] INFO  impl.LeaderElection (LeaderElection.java:askForVotes(178)) - d3fd9ed3-fdd6-489e-ad99-f32b40bdc365@group-C4F9106229CE-LeaderElection12: begin an election at term 1 for -1: [47180160-76b2-45ae-892b-b49970701001:192.168.69.98:36839, 2b9b30af-b642-404c-904a-520915f33294:192.168.69.98:46837, d3fd9ed3-fdd6-489e-ad99-f32b40bdc365:192.168.69.98:35100], old=null
2019-10-24 06:00:39,963 [2b9b30af-b642-404c-904a-520915f33294@group-C4F9106229CE-LeaderElection11] INFO  impl.LeaderElection (LeaderElection.java:logAndReturn(56)) - 2b9b30af-b642-404c-904a-520915f33294@group-C4F9106229CE-LeaderElection11: Election PASSED; received 1 response(s) [2b9b30af-b642-404c-904a-520915f33294<-47180160-76b2-45ae-892b-b49970701001#0:OK-t1] and 0 exception(s); 2b9b30af-b642-404c-904a-520915f33294@group-C4F9106229CE:t1, leader=null, voted=2b9b30af-b642-404c-904a-520915f33294, raftlog=2b9b30af-b642-404c-904a-520915f33294@group-C4F9106229CE-SegmentedRaftLog:OPENED:c-1,f-1,i0, conf=-1: [47180160-76b2-45ae-892b-b49970701001:192.168.69.98:36839, 2b9b30af-b642-404c-904a-520915f33294:192.168.69.98:46837, d3fd9ed3-fdd6-489e-ad99-f32b40bdc365:192.168.69.98:35100], old=null
2019-10-24 06:00:39,963 [2b9b30af-b642-404c-904a-520915f33294@group-C4F9106229CE-LeaderElection11] INFO  impl.RoleInfo (RoleInfo.java:shutdownLeaderElection(134)) - 2b9b30af-b642-404c-904a-520915f33294: shutdown LeaderElection
2019-10-24 06:00:39,964 [2b9b30af-b642-404c-904a-520915f33294@group-C4F9106229CE-LeaderElection11] INFO  impl.RaftServerImpl (RaftServerImpl.java:setRole(173)) - 2b9b30af-b642-404c-904a-520915f33294@group-C4F9106229CE: changes role from CANDIDATE to LEADER at term 1 for changeToLeader
2019-10-24 06:00:39,964 [2b9b30af-b642-404c-904a-520915f33294@group-C4F9106229CE-LeaderElection11] INFO  ratis.XceiverServerRatis (XceiverServerRatis.java:handleLeaderChangedNotification(702)) - Leader change notification received for group: group-C4F9106229CE with new leaderId: 2b9b30af-b642-404c-904a-520915f33294
2019-10-24 06:00:39,965 [2b9b30af-b642-404c-904a-520915f33294@group-C4F9106229CE-LeaderElection11] INFO  impl.RaftServerImpl (ServerState.java:setLeader(255)) - 2b9b30af-b642-404c-904a-520915f33294@group-C4F9106229CE: change Leader from null to 2b9b30af-b642-404c-904a-520915f33294 at term 1 for becomeLeader, leader elected after 5074ms
2019-10-24 06:00:39,965 [2b9b30af-b642-404c-904a-520915f33294@group-C4F9106229CE-LeaderElection11] INFO  server.RaftServerConfigKeys (ConfUtils.java:logGet(43)) - raft.server.staging.catchup.gap = 1000 (default)
2019-10-24 06:00:39,965 [2b9b30af-b642-404c-904a-520915f33294@group-C4F9106229CE-LeaderElection11] INFO  server.RaftServerConfigKeys (ConfUtils.java:logGet(43)) - raft.server.rpc.sleep.time = 25ms (default)
2019-10-24 06:00:39,965 [2b9b30af-b642-404c-904a-520915f33294@group-C4F9106229CE-LeaderElection11] INFO  server.RaftServerConfigKeys (ConfUtils.java:logGet(43)) - raft.server.write.element-limit = 4096 (default)
2019-10-24 06:00:39,966 [2b9b30af-b642-404c-904a-520915f33294@group-C4F9106229CE-LeaderElection11] INFO  server.RaftServerConfigKeys (ConfUtils.java:logGet(43)) - raft.server.watch.timeout = 10s (default)
2019-10-24 06:00:39,966 [2b9b30af-b642-404c-904a-520915f33294@group-C4F9106229CE-LeaderElection11] INFO  server.RaftServerConfigKeys (ConfUtils.java:logGet(43)) - raft.server.watch.timeout.denomination = 1s (default)
2019-10-24 06:00:39,966 [2b9b30af-b642-404c-904a-520915f33294@group-C4F9106229CE-LeaderElection11] INFO  server.RaftServerConfigKeys (ConfUtils.java:logGet(43)) - raft.server.watch.element-limit = 65536 (default)
2019-10-24 06:00:39,966 [EventQueue-PipelineReportForPipelineReportHandler] INFO  pipeline.PipelineReportHandler (PipelineReportHandler.java:processPipelineReport(104)) - Pipeline PipelineID=d99a4ae1-0a33-4d0e-ac89-c4f9106229ce reported by 2b9b30af-b642-404c-904a-520915f33294{ip: 192.168.69.98, host: pr-hdds-1868-76l5x-1215882166, networkLocation: /rack1, certSerialId: null} isLeader?: true
2019-10-24 06:00:39,967 [EventQueue-PipelineReportForPipelineReportHandler] INFO  pipeline.PipelineStateManager (PipelineStateManager.java:openPipeline(134)) - Pipeline Pipeline[ Id: d99a4ae1-0a33-4d0e-ac89-c4f9106229ce, Nodes: 47180160-76b2-45ae-892b-b49970701001{ip: 192.168.69.98, host: pr-hdds-1868-76l5x-1215882166, networkLocation: /rack1, certSerialId: null}d3fd9ed3-fdd6-489e-ad99-f32b40bdc365{ip: 192.168.69.98, host: pr-hdds-1868-76l5x-1215882166, networkLocation: /rack1, certSerialId: null}2b9b30af-b642-404c-904a-520915f33294{ip: 192.168.69.98, host: pr-hdds-1868-76l5x-1215882166, networkLocation: /rack1, certSerialId: null}, Type:RATIS, Factor:THREE, State:OPEN] moved to OPEN state
2019-10-24 06:00:39,968 [EventQueue-PipelineReportForPipelineReportHandler] INFO  pipeline.PipelineReportHandler (PipelineReportHandler.java:processPipelineReport(104)) - Pipeline PipelineID=5a28b883-dabf-411e-966e-be77d14ef4d6 reported by 2b9b30af-b642-404c-904a-520915f33294{ip: 192.168.69.98, host: pr-hdds-1868-76l5x-1215882166, networkLocation: /rack1, certSerialId: null} isLeader?: true
2019-10-24 06:00:39,968 [EventQueue-PipelineReportForPipelineReportHandler] INFO  pipeline.PipelineStateManager (PipelineStateManager.java:openPipeline(134)) - Pipeline Pipeline[ Id: 5a28b883-dabf-411e-966e-be77d14ef4d6, Nodes: 2b9b30af-b642-404c-904a-520915f33294{ip: 192.168.69.98, host: pr-hdds-1868-76l5x-1215882166, networkLocation: /rack1, certSerialId: null}, Type:RATIS, Factor:ONE, State:OPEN] moved to OPEN state
2019-10-24 06:00:39,972 [2b9b30af-b642-404c-904a-520915f33294@group-C4F9106229CE-LeaderElection11] INFO  server.RaftServerConfigKeys (ConfUtils.java:logGet(43)) - raft.server.log.appender.snapshot.chunk.size.max = 16MB (=16777216) (default)
2019-10-24 06:00:39,973 [2b9b30af-b642-404c-904a-520915f33294@group-C4F9106229CE-LeaderElection11] INFO  server.RaftServerConfigKeys (ConfUtils.java:logGet(43)) - raft.server.log.appender.buffer.byte-limit = 33554432 (custom)
2019-10-24 06:00:39,974 [2b9b30af-b642-404c-904a-520915f33294@group-C4F9106229CE-LeaderElection11] INFO  server.RaftServerConfigKeys (ConfUtils.java:logGet(43)) - raft.server.log.appender.buffer.element-limit = 1 (custom)
2019-10-24 06:00:39,978 [2b9b30af-b642-404c-904a-520915f33294@group-C4F9106229CE-LeaderElection11] INFO  grpc.GrpcConfigKeys$Server (ConfUtils.java:logGet(43)) - raft.grpc.server.leader.outstanding.appends.max = 128 (default)
2019-10-24 06:00:39,978 [2b9b30af-b642-404c-904a-520915f33294@group-C4F9106229CE-LeaderElection11] INFO  server.RaftServerConfigKeys (ConfUtils.java:logGet(43)) - raft.server.rpc.request.timeout = 3000ms (default)
2019-10-24 06:00:39,978 [2b9b30af-b642-404c-904a-520915f33294@group-C4F9106229CE-LeaderElection11] INFO  server.RaftServerConfigKeys (ConfUtils.java:logGet(43)) - raft.server.log.appender.install.snapshot.enabled = false (custom)
2019-10-24 06:00:39,979 [2b9b30af-b642-404c-904a-520915f33294@group-C4F9106229CE-LeaderElection11] WARN  impl.MetricRegistriesImpl (MetricRegistriesImpl.java:lambda$create$1(61)) - First MetricRegistry has been created without registering reporters. You may need to call MetricRegistries.global().addReportRegistration(...) before.
2019-10-24 06:00:39,980 [2b9b30af-b642-404c-904a-520915f33294@group-C4F9106229CE-LeaderElection11] INFO  server.RaftServerConfigKeys (ConfUtils.java:logGet(43)) - raft.server.log.appender.snapshot.chunk.size.max = 16MB (=16777216) (default)
2019-10-24 06:00:39,980 [2b9b30af-b642-404c-904a-520915f33294@group-C4F9106229CE-LeaderElection11] INFO  server.RaftServerConfigKeys (ConfUtils.java:logGet(43)) - raft.server.log.appender.buffer.byte-limit = 33554432 (custom)
2019-10-24 06:00:39,981 [2b9b30af-b642-404c-904a-520915f33294@group-C4F9106229CE-LeaderElection11] INFO  server.RaftServerConfigKeys (ConfUtils.java:logGet(43)) - raft.server.log.appender.buffer.element-limit = 1 (custom)
2019-10-24 06:00:39,981 [2b9b30af-b642-404c-904a-520915f33294@group-C4F9106229CE-LeaderElection11] INFO  grpc.GrpcConfigKeys$Server (ConfUtils.java:logGet(43)) - raft.grpc.server.leader.outstanding.appends.max = 128 (default)
2019-10-24 06:00:39,981 [2b9b30af-b642-404c-904a-520915f33294@group-C4F9106229CE-LeaderElection11] INFO  server.RaftServerConfigKeys (ConfUtils.java:logGet(43)) - raft.server.rpc.request.timeout = 3000ms (default)
2019-10-24 06:00:39,981 [2b9b30af-b642-404c-904a-520915f33294@group-C4F9106229CE-LeaderElection11] INFO  server.RaftServerConfigKeys (ConfUtils.java:logGet(43)) - raft.server.log.appender.install.snapshot.enabled = false (custom)
2019-10-24 06:00:39,984 [2b9b30af-b642-404c-904a-520915f33294@group-C4F9106229CE-LeaderElection11] INFO  impl.RoleInfo (RoleInfo.java:updateAndGet(143)) - 2b9b30af-b642-404c-904a-520915f33294: start LeaderState
2019-10-24 06:00:39,985 [2b9b30af-b642-404c-904a-520915f33294@group-C4F9106229CE-LeaderElection11] INFO  segmented.SegmentedRaftLogWorker (SegmentedRaftLogWorker.java:startLogSegment(385)) - 2b9b30af-b642-404c-904a-520915f33294@group-C4F9106229CE-SegmentedRaftLogWorker: Starting segment from index:0
2019-10-24 06:00:39,986 [2b9b30af-b642-404c-904a-520915f33294@group-C4F9106229CE-LeaderElection11] INFO  impl.RaftServerImpl (ServerState.java:setRaftConf(356)) - 2b9b30af-b642-404c-904a-520915f33294@group-C4F9106229CE: set configuration 0: [47180160-76b2-45ae-892b-b49970701001:192.168.69.98:36839, 2b9b30af-b642-404c-904a-520915f33294:192.168.69.98:46837, d3fd9ed3-fdd6-489e-ad99-f32b40bdc365:192.168.69.98:35100], old=null at 0
2019-10-24 06:00:40,020 [grpc-default-executor-1] INFO  impl.RaftServerImpl (RaftServerImpl.java:requestVote(776)) - 2b9b30af-b642-404c-904a-520915f33294@group-C4F9106229CE-   LEADER: Withhold vote from candidate d3fd9ed3-fdd6-489e-ad99-f32b40bdc365 with term 1. State: leader=2b9b30af-b642-404c-904a-520915f33294, term=1, lastRpcElapsed=null
2019-10-24 06:00:40,027 [d3fd9ed3-fdd6-489e-ad99-f32b40bdc365@group-C4F9106229CE-LeaderElection12] INFO  impl.LeaderElection (LeaderElection.java:logAndReturn(56)) - d3fd9ed3-fdd6-489e-ad99-f32b40bdc365@group-C4F9106229CE-LeaderElection12: Election REJECTED; received 2 response(s) [d3fd9ed3-fdd6-489e-ad99-f32b40bdc365<-47180160-76b2-45ae-892b-b49970701001#0:FAIL-t1, d3fd9ed3-fdd6-489e-ad99-f32b40bdc365<-2b9b30af-b642-404c-904a-520915f33294#0:FAIL-t1] and 0 exception(s); d3fd9ed3-fdd6-489e-ad99-f32b40bdc365@group-C4F9106229CE:t1, leader=null, voted=d3fd9ed3-fdd6-489e-ad99-f32b40bdc365, raftlog=d3fd9ed3-fdd6-489e-ad99-f32b40bdc365@group-C4F9106229CE-SegmentedRaftLog:OPENED:c-1,f-1,i0, conf=-1: [47180160-76b2-45ae-892b-b49970701001:192.168.69.98:36839, 2b9b30af-b642-404c-904a-520915f33294:192.168.69.98:46837, d3fd9ed3-fdd6-489e-ad99-f32b40bdc365:192.168.69.98:35100], old=null
2019-10-24 06:00:40,034 [d3fd9ed3-fdd6-489e-ad99-f32b40bdc365@group-C4F9106229CE-LeaderElection12] INFO  impl.RaftServerImpl (RaftServerImpl.java:setRole(173)) - d3fd9ed3-fdd6-489e-ad99-f32b40bdc365@group-C4F9106229CE: changes role from CANDIDATE to FOLLOWER at term 1 for DISCOVERED_A_NEW_TERM
2019-10-24 06:00:40,034 [2b9b30af-b642-404c-904a-520915f33294@group-C4F9106229CE-SegmentedRaftLogWorker] INFO  segmented.SegmentedRaftLogWorker (SegmentedRaftLogWorker.java:execute(576)) - 2b9b30af-b642-404c-904a-520915f33294@group-C4F9106229CE-SegmentedRaftLogWorker: created new log segment /workdir/hadoop-ozone/integration-test/target/test-dir/MiniOzoneClusterImpl-c2f6cee0-2ab3-45cc-b6d3-6c65f943c881/datanode-1/data/ratis/d99a4ae1-0a33-4d0e-ac89-c4f9106229ce/current/log_inprogress_0
2019-10-24 06:00:40,034 [d3fd9ed3-fdd6-489e-ad99-f32b40bdc365@group-C4F9106229CE-LeaderElection12] INFO  impl.RoleInfo (RoleInfo.java:shutdownLeaderElection(134)) - d3fd9ed3-fdd6-489e-ad99-f32b40bdc365: shutdown LeaderElection
2019-10-24 06:00:40,036 [d3fd9ed3-fdd6-489e-ad99-f32b40bdc365@group-C4F9106229CE-LeaderElection12] INFO  impl.RoleInfo (RoleInfo.java:updateAndGet(143)) - d3fd9ed3-fdd6-489e-ad99-f32b40bdc365: start FollowerState
2019-10-24 06:00:40,054 [grpc-default-executor-1] INFO  ratis.XceiverServerRatis (XceiverServerRatis.java:handleLeaderChangedNotification(702)) - Leader change notification received for group: group-C4F9106229CE with new leaderId: 2b9b30af-b642-404c-904a-520915f33294
2019-10-24 06:00:40,055 [grpc-default-executor-2] INFO  ratis.XceiverServerRatis (XceiverServerRatis.java:handleLeaderChangedNotification(702)) - Leader change notification received for group: group-C4F9106229CE with new leaderId: 2b9b30af-b642-404c-904a-520915f33294
2019-10-24 06:00:40,055 [grpc-default-executor-1] INFO  impl.RaftServerImpl (ServerState.java:setLeader(255)) - d3fd9ed3-fdd6-489e-ad99-f32b40bdc365@group-C4F9106229CE: change Leader from null to 2b9b30af-b642-404c-904a-520915f33294 at term 1 for appendEntries, leader elected after 5165ms
2019-10-24 06:00:40,056 [grpc-default-executor-2] INFO  impl.RaftServerImpl (ServerState.java:setLeader(255)) - 47180160-76b2-45ae-892b-b49970701001@group-C4F9106229CE: change Leader from null to 2b9b30af-b642-404c-904a-520915f33294 at term 1 for appendEntries, leader elected after 5165ms
2019-10-24 06:00:40,084 [grpc-default-executor-1] INFO  impl.RaftServerImpl (ServerState.java:setRaftConf(356)) - 47180160-76b2-45ae-892b-b49970701001@group-C4F9106229CE: set configuration 0: [47180160-76b2-45ae-892b-b49970701001:192.168.69.98:36839, 2b9b30af-b642-404c-904a-520915f33294:192.168.69.98:46837, d3fd9ed3-fdd6-489e-ad99-f32b40bdc365:192.168.69.98:35100], old=null at 0
2019-10-24 06:00:40,084 [grpc-default-executor-2] INFO  impl.RaftServerImpl (ServerState.java:setRaftConf(356)) - d3fd9ed3-fdd6-489e-ad99-f32b40bdc365@group-C4F9106229CE: set configuration 0: [47180160-76b2-45ae-892b-b49970701001:192.168.69.98:36839, 2b9b30af-b642-404c-904a-520915f33294:192.168.69.98:46837, d3fd9ed3-fdd6-489e-ad99-f32b40bdc365:192.168.69.98:35100], old=null at 0
2019-10-24 06:00:40,085 [grpc-default-executor-1] INFO  segmented.SegmentedRaftLogWorker (SegmentedRaftLogWorker.java:startLogSegment(385)) - 47180160-76b2-45ae-892b-b49970701001@group-C4F9106229CE-SegmentedRaftLogWorker: Starting segment from index:0
2019-10-24 06:00:40,085 [grpc-default-executor-2] INFO  segmented.SegmentedRaftLogWorker (SegmentedRaftLogWorker.java:startLogSegment(385)) - d3fd9ed3-fdd6-489e-ad99-f32b40bdc365@group-C4F9106229CE-SegmentedRaftLogWorker: Starting segment from index:0
2019-10-24 06:00:40,127 [d3fd9ed3-fdd6-489e-ad99-f32b40bdc365@group-C4F9106229CE-SegmentedRaftLogWorker] INFO  segmented.SegmentedRaftLogWorker (SegmentedRaftLogWorker.java:execute(576)) - d3fd9ed3-fdd6-489e-ad99-f32b40bdc365@group-C4F9106229CE-SegmentedRaftLogWorker: created new log segment /workdir/hadoop-ozone/integration-test/target/test-dir/MiniOzoneClusterImpl-c2f6cee0-2ab3-45cc-b6d3-6c65f943c881/datanode-2/data/ratis/d99a4ae1-0a33-4d0e-ac89-c4f9106229ce/current/log_inprogress_0
2019-10-24 06:00:40,127 [47180160-76b2-45ae-892b-b49970701001@group-C4F9106229CE-SegmentedRaftLogWorker] INFO  segmented.SegmentedRaftLogWorker (SegmentedRaftLogWorker.java:execute(576)) - 47180160-76b2-45ae-892b-b49970701001@group-C4F9106229CE-SegmentedRaftLogWorker: created new log segment /workdir/hadoop-ozone/integration-test/target/test-dir/MiniOzoneClusterImpl-c2f6cee0-2ab3-45cc-b6d3-6c65f943c881/datanode-0/data/ratis/d99a4ae1-0a33-4d0e-ac89-c4f9106229ce/current/log_inprogress_0
2019-10-24 06:00:40,784 [Thread-1226] INFO  ozone.MiniOzoneClusterImpl (MiniOzoneClusterImpl.java:lambda$waitForClusterToBeReady$2(163)) - Waiting for 2 number of pipelines out of 4, to report a leader.
2019-10-24 06:00:41,785 [Thread-1226] INFO  ozone.MiniOzoneClusterImpl (MiniOzoneClusterImpl.java:lambda$waitForClusterToBeReady$2(163)) - Waiting for 2 number of pipelines out of 4, to report a leader.
2019-10-24 06:00:42,785 [Thread-1226] INFO  ozone.MiniOzoneClusterImpl (MiniOzoneClusterImpl.java:lambda$waitForClusterToBeReady$2(163)) - Waiting for 2 number of pipelines out of 4, to report a leader.
2019-10-24 06:00:43,786 [Thread-1226] INFO  ozone.MiniOzoneClusterImpl (MiniOzoneClusterImpl.java:lambda$waitForClusterToBeReady$2(163)) - Waiting for 2 number of pipelines out of 4, to report a leader.
2019-10-24 06:00:44,786 [Thread-1226] INFO  ozone.MiniOzoneClusterImpl (MiniOzoneClusterImpl.java:lambda$waitForClusterToBeReady$2(163)) - Waiting for 2 number of pipelines out of 4, to report a leader.
2019-10-24 06:00:45,787 [Thread-1226] INFO  ozone.MiniOzoneClusterImpl (MiniOzoneClusterImpl.java:lambda$waitForClusterToBeReady$2(163)) - Waiting for 2 number of pipelines out of 4, to report a leader.
2019-10-24 06:00:46,787 [Thread-1226] INFO  ozone.MiniOzoneClusterImpl (MiniOzoneClusterImpl.java:lambda$waitForClusterToBeReady$2(163)) - Waiting for 2 number of pipelines out of 4, to report a leader.
2019-10-24 06:00:47,788 [Thread-1226] INFO  ozone.MiniOzoneClusterImpl (MiniOzoneClusterImpl.java:lambda$waitForClusterToBeReady$2(163)) - Waiting for 2 number of pipelines out of 4, to report a leader.
2019-10-24 06:00:48,789 [Thread-1226] INFO  ozone.MiniOzoneClusterImpl (MiniOzoneClusterImpl.java:lambda$waitForClusterToBeReady$2(163)) - Waiting for 2 number of pipelines out of 4, to report a leader.
2019-10-24 06:00:49,789 [Thread-1226] INFO  ozone.MiniOzoneClusterImpl (MiniOzoneClusterImpl.java:lambda$waitForClusterToBeReady$2(163)) - Waiting for 2 number of pipelines out of 4, to report a leader.
2019-10-24 06:00:50,790 [Thread-1226] INFO  ozone.MiniOzoneClusterImpl (MiniOzoneClusterImpl.java:lambda$waitForClusterToBeReady$2(163)) - Waiting for 2 number of pipelines out of 4, to report a leader.
2019-10-24 06:00:51,790 [Thread-1226] INFO  ozone.MiniOzoneClusterImpl (MiniOzoneClusterImpl.java:lambda$waitForClusterToBeReady$2(163)) - Waiting for 2 number of pipelines out of 4, to report a leader.
2019-10-24 06:00:52,791 [Thread-1226] INFO  ozone.MiniOzoneClusterImpl (MiniOzoneClusterImpl.java:lambda$waitForClusterToBeReady$2(163)) - Waiting for 2 number of pipelines out of 4, to report a leader.
2019-10-24 06:00:53,791 [Thread-1226] INFO  ozone.MiniOzoneClusterImpl (MiniOzoneClusterImpl.java:lambda$waitForClusterToBeReady$2(163)) - Waiting for 2 number of pipelines out of 4, to report a leader.
2019-10-24 06:00:54,782 [Datanode ReportManager Thread - 2] WARN  concurrent.ExecutorHelper (ExecutorHelper.java:logThrowableFromAfterExecute(50)) - Execution exception when running task in Datanode ReportManager Thread - 2
2019-10-24 06:00:54,783 [Datanode ReportManager Thread - 2] WARN  concurrent.ExecutorHelper (ExecutorHelper.java:logThrowableFromAfterExecute(63)) - Caught exception in thread Datanode ReportManager Thread - 2: 
java.lang.NullPointerException
	at com.google.protobuf.AbstractMessageLite$Builder.checkForNullValues(AbstractMessageLite.java:336)
	at com.google.protobuf.AbstractMessageLite$Builder.addAll(AbstractMessageLite.java:323)
	at org.apache.hadoop.hdds.protocol.proto.StorageContainerDatanodeProtocolProtos$PipelineReportsProto$Builder.addAllPipelineReport(StorageContainerDatanodeProtocolProtos.java:20977)
	at org.apache.hadoop.ozone.container.ozoneimpl.OzoneContainer.getPipelineReport(OzoneContainer.java:251)
	at org.apache.hadoop.ozone.container.common.report.PipelineReportPublisher.getReport(PipelineReportPublisher.java:71)
	at org.apache.hadoop.ozone.container.common.report.PipelineReportPublisher.getReport(PipelineReportPublisher.java:38)
	at org.apache.hadoop.ozone.container.common.report.ReportPublisher.publishReport(ReportPublisher.java:86)
	at org.apache.hadoop.ozone.container.common.report.ReportPublisher.run(ReportPublisher.java:73)
	at java.util.concurrent.Executors$RunnableAdapter.call(Executors.java:511)
	at java.util.concurrent.FutureTask.run(FutureTask.java:266)
	at java.util.concurrent.ScheduledThreadPoolExecutor$ScheduledFutureTask.access$201(ScheduledThreadPoolExecutor.java:180)
	at java.util.concurrent.ScheduledThreadPoolExecutor$ScheduledFutureTask.run(ScheduledThreadPoolExecutor.java:293)
	at java.util.concurrent.ThreadPoolExecutor.runWorker(ThreadPoolExecutor.java:1149)
	at java.util.concurrent.ThreadPoolExecutor$Worker.run(ThreadPoolExecutor.java:624)
	at java.lang.Thread.run(Thread.java:748)
2019-10-24 06:00:54,792 [Thread-1226] INFO  ozone.MiniOzoneClusterImpl (MiniOzoneClusterImpl.java:lambda$waitForClusterToBeReady$2(163)) - Waiting for 2 number of pipelines out of 4, to report a leader.
2019-10-24 06:00:55,792 [Thread-1226] INFO  ozone.MiniOzoneClusterImpl (MiniOzoneClusterImpl.java:lambda$waitForClusterToBeReady$2(163)) - Waiting for 2 number of pipelines out of 4, to report a leader.
2019-10-24 06:00:56,793 [Thread-1226] INFO  ozone.MiniOzoneClusterImpl (MiniOzoneClusterImpl.java:lambda$waitForClusterToBeReady$2(163)) - Waiting for 2 number of pipelines out of 4, to report a leader.
2019-10-24 06:00:57,793 [Thread-1226] INFO  ozone.MiniOzoneClusterImpl (MiniOzoneClusterImpl.java:lambda$waitForClusterToBeReady$2(163)) - Waiting for 2 number of pipelines out of 4, to report a leader.
2019-10-24 06:00:58,794 [Thread-1226] INFO  ozone.MiniOzoneClusterImpl (MiniOzoneClusterImpl.java:lambda$waitForClusterToBeReady$2(163)) - Waiting for 2 number of pipelines out of 4, to report a leader.
2019-10-24 06:00:59,794 [Thread-1226] INFO  ozone.MiniOzoneClusterImpl (MiniOzoneClusterImpl.java:lambda$waitForClusterToBeReady$2(163)) - Waiting for 2 number of pipelines out of 4, to report a leader.
2019-10-24 06:01:00,795 [Thread-1226] INFO  ozone.MiniOzoneClusterImpl (MiniOzoneClusterImpl.java:lambda$waitForClusterToBeReady$2(163)) - Waiting for 2 number of pipelines out of 4, to report a leader.
2019-10-24 06:01:01,795 [Thread-1226] INFO  ozone.MiniOzoneClusterImpl (MiniOzoneClusterImpl.java:lambda$waitForClusterToBeReady$2(163)) - Waiting for 2 number of pipelines out of 4, to report a leader.
2019-10-24 06:01:02,796 [Thread-1226] INFO  ozone.MiniOzoneClusterImpl (MiniOzoneClusterImpl.java:lambda$waitForClusterToBeReady$2(163)) - Waiting for 2 number of pipelines out of 4, to report a leader.
2019-10-24 06:01:03,797 [Thread-1226] INFO  ozone.MiniOzoneClusterImpl (MiniOzoneClusterImpl.java:lambda$waitForClusterToBeReady$2(163)) - Waiting for 2 number of pipelines out of 4, to report a leader.
2019-10-24 06:01:04,798 [Thread-1226] INFO  ozone.MiniOzoneClusterImpl (MiniOzoneClusterImpl.java:lambda$waitForClusterToBeReady$2(163)) - Waiting for 2 number of pipelines out of 4, to report a leader.
2019-10-24 06:01:05,798 [Thread-1226] INFO  ozone.MiniOzoneClusterImpl (MiniOzoneClusterImpl.java:lambda$waitForClusterToBeReady$2(163)) - Waiting for 2 number of pipelines out of 4, to report a leader.
2019-10-24 06:01:06,799 [Thread-1226] INFO  ozone.MiniOzoneClusterImpl (MiniOzoneClusterImpl.java:lambda$waitForClusterToBeReady$2(163)) - Waiting for 2 number of pipelines out of 4, to report a leader.
2019-10-24 06:01:07,800 [Thread-1226] INFO  ozone.MiniOzoneClusterImpl (MiniOzoneClusterImpl.java:lambda$waitForClusterToBeReady$2(163)) - Waiting for 2 number of pipelines out of 4, to report a leader.
2019-10-24 06:01:08,800 [Thread-1226] INFO  ozone.MiniOzoneClusterImpl (MiniOzoneClusterImpl.java:lambda$waitForClusterToBeReady$2(163)) - Waiting for 2 number of pipelines out of 4, to report a leader.
2019-10-24 06:01:09,801 [Thread-1226] INFO  ozone.MiniOzoneClusterImpl (MiniOzoneClusterImpl.java:lambda$waitForClusterToBeReady$2(163)) - Waiting for 2 number of pipelines out of 4, to report a leader.
2019-10-24 06:01:10,801 [Thread-1226] INFO  ozone.MiniOzoneClusterImpl (MiniOzoneClusterImpl.java:lambda$waitForClusterToBeReady$2(163)) - Waiting for 2 number of pipelines out of 4, to report a leader.
2019-10-24 06:01:11,802 [Thread-1226] INFO  ozone.MiniOzoneClusterImpl (MiniOzoneClusterImpl.java:lambda$waitForClusterToBeReady$2(163)) - Waiting for 2 number of pipelines out of 4, to report a leader.
2019-10-24 06:01:12,802 [Thread-1226] INFO  ozone.MiniOzoneClusterImpl (MiniOzoneClusterImpl.java:lambda$waitForClusterToBeReady$2(163)) - Waiting for 2 number of pipelines out of 4, to report a leader.
2019-10-24 06:01:13,803 [Thread-1226] INFO  ozone.MiniOzoneClusterImpl (MiniOzoneClusterImpl.java:lambda$waitForClusterToBeReady$2(163)) - Waiting for 2 number of pipelines out of 4, to report a leader.
2019-10-24 06:01:14,803 [Thread-1226] INFO  ozone.MiniOzoneClusterImpl (MiniOzoneClusterImpl.java:lambda$waitForClusterToBeReady$2(163)) - Waiting for 2 number of pipelines out of 4, to report a leader.
2019-10-24 06:01:15,804 [Thread-1226] INFO  ozone.MiniOzoneClusterImpl (MiniOzoneClusterImpl.java:lambda$waitForClusterToBeReady$2(163)) - Waiting for 2 number of pipelines out of 4, to report a leader.
2019-10-24 06:01:16,804 [Thread-1226] INFO  ozone.MiniOzoneClusterImpl (MiniOzoneClusterImpl.java:lambda$waitForClusterToBeReady$2(163)) - Waiting for 2 number of pipelines out of 4, to report a leader.
2019-10-24 06:01:17,805 [Thread-1226] INFO  ozone.MiniOzoneClusterImpl (MiniOzoneClusterImpl.java:lambda$waitForClusterToBeReady$2(163)) - Waiting for 2 number of pipelines out of 4, to report a leader.
2019-10-24 06:01:18,806 [Thread-1226] INFO  ozone.MiniOzoneClusterImpl (MiniOzoneClusterImpl.java:lambda$waitForClusterToBeReady$2(163)) - Waiting for 2 number of pipelines out of 4, to report a leader.
2019-10-24 06:01:19,806 [Thread-1226] INFO  ozone.MiniOzoneClusterImpl (MiniOzoneClusterImpl.java:lambda$waitForClusterToBeReady$2(163)) - Waiting for 2 number of pipelines out of 4, to report a leader.
2019-10-24 06:01:20,807 [Thread-1226] INFO  ozone.MiniOzoneClusterImpl (MiniOzoneClusterImpl.java:lambda$waitForClusterToBeReady$2(163)) - Waiting for 2 number of pipelines out of 4, to report a leader.
2019-10-24 06:01:21,807 [Thread-1226] INFO  ozone.MiniOzoneClusterImpl (MiniOzoneClusterImpl.java:lambda$waitForClusterToBeReady$2(163)) - Waiting for 2 number of pipelines out of 4, to report a leader.
2019-10-24 06:01:22,808 [Thread-1226] INFO  ozone.MiniOzoneClusterImpl (MiniOzoneClusterImpl.java:lambda$waitForClusterToBeReady$2(163)) - Waiting for 2 number of pipelines out of 4, to report a leader.
2019-10-24 06:01:23,808 [Thread-1226] INFO  ozone.MiniOzoneClusterImpl (MiniOzoneClusterImpl.java:lambda$waitForClusterToBeReady$2(163)) - Waiting for 2 number of pipelines out of 4, to report a leader.
2019-10-24 06:01:24,809 [Thread-1226] INFO  ozone.MiniOzoneClusterImpl (MiniOzoneClusterImpl.java:lambda$waitForClusterToBeReady$2(163)) - Waiting for 2 number of pipelines out of 4, to report a leader.
2019-10-24 06:01:25,810 [Thread-1226] INFO  ozone.MiniOzoneClusterImpl (MiniOzoneClusterImpl.java:lambda$waitForClusterToBeReady$2(163)) - Waiting for 2 number of pipelines out of 4, to report a leader.
]]></system-out>
  </testcase>
  <testcase name="testScmInfo" classname="org.apache.hadoop.ozone.TestStorageContainerManager" time="0.323"/>
</testsuite>