<?xml version="1.0" encoding="UTF-8"?>
<testsuite xmlns:xsi="http://www.w3.org/2001/XMLSchema-instance" xsi:noNamespaceSchemaLocation="https://maven.apache.org/surefire/maven-surefire-plugin/xsd/surefire-test-report.xsd" name="org.apache.hadoop.ozone.TestMiniOzoneCluster" time="91.605" tests="4" errors="1" skipped="0" failures="0">
  <properties>
    <property name="awt.toolkit" value="sun.awt.X11.XToolkit"/>
    <property name="file.encoding.pkg" value="sun.io"/>
    <property name="java.specification.version" value="1.8"/>
    <property name="sun.cpu.isalist" value=""/>
    <property name="sun.jnu.encoding" value="ANSI_X3.4-1968"/>
    <property name="java.class.path" value="/workdir/hadoop-ozone/integration-test/target/test-classes:/workdir/hadoop-ozone/integration-test/target/classes:/home/user/.m2/repository/org/apache/hadoop/hadoop-ozone-common/0.5.0-SNAPSHOT/hadoop-ozone-common-0.5.0-SNAPSHOT.jar:/home/user/.m2/repository/org/apache/commons/commons-compress/1.4.1/commons-compress-1.4.1.jar:/home/user/.m2/repository/org/tukaani/xz/1.0/xz-1.0.jar:/home/user/.m2/repository/org/apache/hadoop/hadoop-common/3.2.0/hadoop-common-3.2.0.jar:/home/user/.m2/repository/org/apache/hadoop/hadoop-hdfs/3.2.0/hadoop-hdfs-3.2.0.jar:/home/user/.m2/repository/org/apache/hadoop/hadoop-hdfs-client/3.2.0/hadoop-hdfs-client-3.2.0.jar:/home/user/.m2/repository/com/fasterxml/jackson/core/jackson-annotations/2.9.9/jackson-annotations-2.9.9.jar:/home/user/.m2/repository/org/apache/hadoop/hadoop-hdds-common/0.5.0-SNAPSHOT/hadoop-hdds-common-0.5.0-SNAPSHOT.jar:/home/user/.m2/repository/javax/annotation/javax.annotation-api/1.2/javax.annotation-api-1.2.jar:/home/user/.m2/repository/org/apache/ratis/ratis-server/0.5.0-ced7dbf-SNAPSHOT/ratis-server-0.5.0-ced7dbf-SNAPSHOT.jar:/home/user/.m2/repository/org/apache/ratis/ratis-thirdparty-misc/0.2.0/ratis-thirdparty-misc-0.2.0.jar:/home/user/.m2/repository/org/apache/ratis/ratis-proto/0.5.0-ced7dbf-SNAPSHOT/ratis-proto-0.5.0-ced7dbf-SNAPSHOT.jar:/home/user/.m2/repository/org/apache/ratis/ratis-common/0.5.0-ced7dbf-SNAPSHOT/ratis-common-0.5.0-ced7dbf-SNAPSHOT.jar:/home/user/.m2/repository/org/apache/ratis/ratis-client/0.5.0-ced7dbf-SNAPSHOT/ratis-client-0.5.0-ced7dbf-SNAPSHOT.jar:/home/user/.m2/repository/org/apache/ratis/ratis-metrics/0.5.0-ced7dbf-SNAPSHOT/ratis-metrics-0.5.0-ced7dbf-SNAPSHOT.jar:/home/user/.m2/repository/org/apache/ratis/ratis-netty/0.5.0-ced7dbf-SNAPSHOT/ratis-netty-0.5.0-ced7dbf-SNAPSHOT.jar:/home/user/.m2/repository/org/apache/ratis/ratis-grpc/0.5.0-ced7dbf-SNAPSHOT/ratis-grpc-0.5.0-ced7dbf-SNAPSHOT.jar:/home/user/.m2/repository/org/rocksdb/rocksdbjni/6.0.1/rocksdbjni-6.0.1.jar:/home/user/.m2/repository/org/apache/logging/log4j/log4j-api/2.11.0/log4j-api-2.11.0.jar:/home/user/.m2/repository/org/apache/logging/log4j/log4j-core/2.11.0/log4j-core-2.11.0.jar:/home/user/.m2/repository/com/lmax/disruptor/3.4.2/disruptor-3.4.2.jar:/home/user/.m2/repository/org/apache/commons/commons-pool2/2.6.0/commons-pool2-2.6.0.jar:/home/user/.m2/repository/org/bouncycastle/bcpkix-jdk15on/1.60/bcpkix-jdk15on-1.60.jar:/home/user/.m2/repository/commons-validator/commons-validator/1.6/commons-validator-1.6.jar:/home/user/.m2/repository/commons-digester/commons-digester/1.8.1/commons-digester-1.8.1.jar:/home/user/.m2/repository/io/jaegertracing/jaeger-client/0.34.0/jaeger-client-0.34.0.jar:/home/user/.m2/repository/io/jaegertracing/jaeger-thrift/0.34.0/jaeger-thrift-0.34.0.jar:/home/user/.m2/repository/org/apache/thrift/libthrift/0.12.0/libthrift-0.12.0.jar:/home/user/.m2/repository/com/squareup/okhttp3/okhttp/3.9.0/okhttp-3.9.0.jar:/home/user/.m2/repository/com/squareup/okio/okio/1.13.0/okio-1.13.0.jar:/home/user/.m2/repository/io/jaegertracing/jaeger-core/0.34.0/jaeger-core-0.34.0.jar:/home/user/.m2/repository/io/jaegertracing/jaeger-tracerresolver/0.34.0/jaeger-tracerresolver-0.34.0.jar:/home/user/.m2/repository/io/opentracing/contrib/opentracing-tracerresolver/0.1.5/opentracing-tracerresolver-0.1.5.jar:/home/user/.m2/repository/io/opentracing/opentracing-util/0.31.0/opentracing-util-0.31.0.jar:/home/user/.m2/repository/io/opentracing/opentracing-api/0.31.0/opentracing-api-0.31.0.jar:/home/user/.m2/repository/io/opentracing/opentracing-noop/0.31.0/opentracing-noop-0.31.0.jar:/home/user/.m2/repository/org/apache/hadoop/hadoop-hdds-server-framework/0.5.0-SNAPSHOT/hadoop-hdds-server-framework-0.5.0-SNAPSHOT.jar:/home/user/.m2/repository/org/apache/hadoop/hadoop-hdds-container-service/0.5.0-SNAPSHOT/hadoop-hdds-container-service-0.5.0-SNAPSHOT.jar:/home/user/.m2/repository/org/apache/hadoop/hadoop-hdds-client/0.5.0-SNAPSHOT/hadoop-hdds-client-0.5.0-SNAPSHOT.jar:/home/user/.m2/repository/org/apache/hadoop/hadoop-hdds-tools/0.5.0-SNAPSHOT/hadoop-hdds-tools-0.5.0-SNAPSHOT.jar:/home/user/.m2/repository/org/apache/hadoop/hadoop-hdds-server-scm/0.5.0-SNAPSHOT/hadoop-hdds-server-scm-0.5.0-SNAPSHOT.jar:/home/user/.m2/repository/org/apache/hadoop/hadoop-hdds-docs/0.5.0-SNAPSHOT/hadoop-hdds-docs-0.5.0-SNAPSHOT.jar:/home/user/.m2/repository/io/dropwizard/metrics/metrics-core/3.2.4/metrics-core-3.2.4.jar:/home/user/.m2/repository/org/hamcrest/hamcrest-all/1.3/hamcrest-all-1.3.jar:/home/user/.m2/repository/org/bouncycastle/bcprov-jdk15on/1.60/bcprov-jdk15on-1.60.jar:/home/user/.m2/repository/info/picocli/picocli/3.9.6/picocli-3.9.6.jar:/home/user/.m2/repository/com/google/protobuf/protobuf-java/2.5.0/protobuf-java-2.5.0.jar:/home/user/.m2/repository/com/google/guava/guava/11.0.2/guava-11.0.2.jar:/home/user/.m2/repository/org/apache/hadoop/hadoop-ozone-ozone-manager/0.5.0-SNAPSHOT/hadoop-ozone-ozone-manager-0.5.0-SNAPSHOT.jar:/home/user/.m2/repository/org/apache/hadoop/hadoop-minikdc/3.2.0/hadoop-minikdc-3.2.0.jar:/home/user/.m2/repository/commons-io/commons-io/2.5/commons-io-2.5.jar:/home/user/.m2/repository/org/apache/kerby/kerb-simplekdc/1.0.1/kerb-simplekdc-1.0.1.jar:/home/user/.m2/repository/org/apache/kerby/kerb-client/1.0.1/kerb-client-1.0.1.jar:/home/user/.m2/repository/org/apache/kerby/kerby-config/1.0.1/kerby-config-1.0.1.jar:/home/user/.m2/repository/org/apache/kerby/kerb-core/1.0.1/kerb-core-1.0.1.jar:/home/user/.m2/repository/org/apache/kerby/kerby-pkix/1.0.1/kerby-pkix-1.0.1.jar:/home/user/.m2/repository/org/apache/kerby/kerby-asn1/1.0.1/kerby-asn1-1.0.1.jar:/home/user/.m2/repository/org/apache/kerby/kerby-util/1.0.1/kerby-util-1.0.1.jar:/home/user/.m2/repository/org/apache/kerby/kerb-common/1.0.1/kerb-common-1.0.1.jar:/home/user/.m2/repository/org/apache/kerby/kerb-crypto/1.0.1/kerb-crypto-1.0.1.jar:/home/user/.m2/repository/org/apache/kerby/kerb-util/1.0.1/kerb-util-1.0.1.jar:/home/user/.m2/repository/org/apache/kerby/token-provider/1.0.1/token-provider-1.0.1.jar:/home/user/.m2/repository/org/apache/kerby/kerb-admin/1.0.1/kerb-admin-1.0.1.jar:/home/user/.m2/repository/org/apache/kerby/kerb-server/1.0.1/kerb-server-1.0.1.jar:/home/user/.m2/repository/org/apache/kerby/kerb-identity/1.0.1/kerb-identity-1.0.1.jar:/home/user/.m2/repository/org/apache/kerby/kerby-xdr/1.0.1/kerby-xdr-1.0.1.jar:/home/user/.m2/repository/org/slf4j/slf4j-log4j12/1.7.25/slf4j-log4j12-1.7.25.jar:/home/user/.m2/repository/org/apache/hadoop/hadoop-ozone-s3gateway/0.5.0-SNAPSHOT/hadoop-ozone-s3gateway-0.5.0-SNAPSHOT.jar:/home/user/.m2/repository/org/jboss/weld/servlet/weld-servlet/2.4.7.Final/weld-servlet-2.4.7.Final.jar:/home/user/.m2/repository/org/glassfish/jersey/containers/jersey-container-servlet-core/2.27/jersey-container-servlet-core-2.27.jar:/home/user/.m2/repository/org/glassfish/hk2/external/javax.inject/2.5.0-b42/javax.inject-2.5.0-b42.jar:/home/user/.m2/repository/org/glassfish/jersey/core/jersey-common/2.27/jersey-common-2.27.jar:/home/user/.m2/repository/org/glassfish/hk2/osgi-resource-locator/1.0.1/osgi-resource-locator-1.0.1.jar:/home/user/.m2/repository/javax/ws/rs/javax.ws.rs-api/2.1/javax.ws.rs-api-2.1.jar:/home/user/.m2/repository/org/glassfish/jersey/ext/cdi/jersey-cdi1x/2.27/jersey-cdi1x-2.27.jar:/home/user/.m2/repository/org/glassfish/jersey/inject/jersey-hk2/2.27/jersey-hk2-2.27.jar:/home/user/.m2/repository/org/glassfish/hk2/hk2-locator/2.5.0-b42/hk2-locator-2.5.0-b42.jar:/home/user/.m2/repository/org/javassist/javassist/3.22.0-CR2/javassist-3.22.0-CR2.jar:/home/user/.m2/repository/org/glassfish/hk2/hk2-api/2.5.0/hk2-api-2.5.0.jar:/home/user/.m2/repository/org/glassfish/hk2/external/jakarta.inject/2.5.0/jakarta.inject-2.5.0.jar:/home/user/.m2/repository/org/glassfish/hk2/hk2-utils/2.5.0/hk2-utils-2.5.0.jar:/home/user/.m2/repository/jakarta/annotation/jakarta.annotation-api/1.3.4/jakarta.annotation-api-1.3.4.jar:/home/user/.m2/repository/org/glassfish/hk2/external/aopalliance-repackaged/2.5.0/aopalliance-repackaged-2.5.0.jar:/home/user/.m2/repository/com/fasterxml/jackson/dataformat/jackson-dataformat-xml/2.9.0/jackson-dataformat-xml-2.9.0.jar:/home/user/.m2/repository/com/fasterxml/jackson/core/jackson-core/2.9.9/jackson-core-2.9.9.jar:/home/user/.m2/repository/com/fasterxml/jackson/module/jackson-module-jaxb-annotations/2.9.9/jackson-module-jaxb-annotations-2.9.9.jar:/home/user/.m2/repository/javax/enterprise/cdi-api/1.2/cdi-api-1.2.jar:/home/user/.m2/repository/javax/el/javax.el-api/3.0.0/javax.el-api-3.0.0.jar:/home/user/.m2/repository/javax/interceptor/javax.interceptor-api/1.2/javax.interceptor-api-1.2.jar:/home/user/.m2/repository/javax/inject/javax.inject/1/javax.inject-1.jar:/home/user/.m2/repository/com/sun/xml/bind/jaxb-impl/2.3.0.1/jaxb-impl-2.3.0.1.jar:/home/user/.m2/repository/com/sun/xml/bind/jaxb-core/2.3.0.1/jaxb-core-2.3.0.1.jar:/home/user/.m2/repository/javax/xml/bind/jaxb-api/2.3.0/jaxb-api-2.3.0.jar:/home/user/.m2/repository/javax/activation/activation/1.1.1/activation-1.1.1.jar:/home/user/.m2/repository/org/apache/hadoop/hadoop-ozone-csi/0.5.0-SNAPSHOT/hadoop-ozone-csi-0.5.0-SNAPSHOT.jar:/home/user/.m2/repository/com/google/protobuf/protobuf-java-util/3.5.1/protobuf-java-util-3.5.1.jar:/home/user/.m2/repository/org/apache/hadoop/hadoop-hdds-config/0.5.0-SNAPSHOT/hadoop-hdds-config-0.5.0-SNAPSHOT.jar:/home/user/.m2/repository/io/grpc/grpc-netty/1.17.1/grpc-netty-1.17.1.jar:/home/user/.m2/repository/io/grpc/grpc-core/1.17.1/grpc-core-1.17.1.jar:/home/user/.m2/repository/io/grpc/grpc-context/1.17.1/grpc-context-1.17.1.jar:/home/user/.m2/repository/com/google/errorprone/error_prone_annotations/2.2.0/error_prone_annotations-2.2.0.jar:/home/user/.m2/repository/org/codehaus/mojo/animal-sniffer-annotations/1.17/animal-sniffer-annotations-1.17.jar:/home/user/.m2/repository/io/opencensus/opencensus-api/0.17.0/opencensus-api-0.17.0.jar:/home/user/.m2/repository/io/opencensus/opencensus-contrib-grpc-metrics/0.17.0/opencensus-contrib-grpc-metrics-0.17.0.jar:/home/user/.m2/repository/io/netty/netty-codec-http2/4.1.30.Final/netty-codec-http2-4.1.30.Final.jar:/home/user/.m2/repository/io/netty/netty-codec-http/4.1.30.Final/netty-codec-http-4.1.30.Final.jar:/home/user/.m2/repository/io/netty/netty-codec/4.1.30.Final/netty-codec-4.1.30.Final.jar:/home/user/.m2/repository/io/netty/netty-handler/4.1.30.Final/netty-handler-4.1.30.Final.jar:/home/user/.m2/repository/io/netty/netty-handler-proxy/4.1.30.Final/netty-handler-proxy-4.1.30.Final.jar:/home/user/.m2/repository/io/netty/netty-codec-socks/4.1.30.Final/netty-codec-socks-4.1.30.Final.jar:/home/user/.m2/repository/io/netty/netty-transport-native-epoll/4.1.30.Final/netty-transport-native-epoll-4.1.30.Final.jar:/home/user/.m2/repository/io/netty/netty-common/4.1.30.Final/netty-common-4.1.30.Final.jar:/home/user/.m2/repository/io/netty/netty-buffer/4.1.30.Final/netty-buffer-4.1.30.Final.jar:/home/user/.m2/repository/io/netty/netty-transport/4.1.30.Final/netty-transport-4.1.30.Final.jar:/home/user/.m2/repository/io/netty/netty-resolver/4.1.30.Final/netty-resolver-4.1.30.Final.jar:/home/user/.m2/repository/io/netty/netty-transport-native-unix-common/4.1.30.Final/netty-transport-native-unix-common-4.1.30.Final.jar:/home/user/.m2/repository/io/grpc/grpc-protobuf/1.17.1/grpc-protobuf-1.17.1.jar:/home/user/.m2/repository/com/google/api/grpc/proto-google-common-protos/1.0.0/proto-google-common-protos-1.0.0.jar:/home/user/.m2/repository/io/grpc/grpc-protobuf-lite/1.17.1/grpc-protobuf-lite-1.17.1.jar:/home/user/.m2/repository/io/grpc/grpc-stub/1.17.1/grpc-stub-1.17.1.jar:/home/user/.m2/repository/org/apache/hadoop/hadoop-ozone-recon/0.5.0-SNAPSHOT/hadoop-ozone-recon-0.5.0-SNAPSHOT.jar:/home/user/.m2/repository/org/apache/hadoop/hadoop-ozone-reconcodegen/0.5.0-SNAPSHOT/hadoop-ozone-reconcodegen-0.5.0-SNAPSHOT.jar:/home/user/.m2/repository/com/google/inject/extensions/guice-multibindings/4.0/guice-multibindings-4.0.jar:/home/user/.m2/repository/com/google/inject/guice/4.0/guice-4.0.jar:/home/user/.m2/repository/aopalliance/aopalliance/1.0/aopalliance-1.0.jar:/home/user/.m2/repository/com/google/inject/extensions/guice-servlet/4.0/guice-servlet-4.0.jar:/home/user/.m2/repository/org/glassfish/jersey/containers/jersey-container-servlet/2.27/jersey-container-servlet-2.27.jar:/home/user/.m2/repository/org/glassfish/hk2/guice-bridge/2.5.0/guice-bridge-2.5.0.jar:/home/user/.m2/repository/org/glassfish/jersey/core/jersey-server/2.27/jersey-server-2.27.jar:/home/user/.m2/repository/org/glassfish/jersey/core/jersey-client/2.27/jersey-client-2.27.jar:/home/user/.m2/repository/org/glassfish/jersey/media/jersey-media-jaxb/2.27/jersey-media-jaxb-2.27.jar:/home/user/.m2/repository/javax/validation/validation-api/1.1.0.Final/validation-api-1.1.0.Final.jar:/home/user/.m2/repository/org/glassfish/jersey/media/jersey-media-json-jackson/2.27/jersey-media-json-jackson-2.27.jar:/home/user/.m2/repository/org/glassfish/jersey/ext/jersey-entity-filtering/2.27/jersey-entity-filtering-2.27.jar:/home/user/.m2/repository/com/google/inject/extensions/guice-assistedinject/4.0/guice-assistedinject-4.0.jar:/home/user/.m2/repository/org/jooq/jooq/3.11.10/jooq-3.11.10.jar:/home/user/.m2/repository/org/jooq/jooq-meta/3.11.10/jooq-meta-3.11.10.jar:/home/user/.m2/repository/org/jooq/jooq-codegen/3.11.10/jooq-codegen-3.11.10.jar:/home/user/.m2/repository/com/jolbox/bonecp/0.8.0.RELEASE/bonecp-0.8.0.RELEASE.jar:/home/user/.m2/repository/org/xerial/sqlite-jdbc/3.25.2/sqlite-jdbc-3.25.2.jar:/home/user/.m2/repository/org/springframework/spring-jdbc/5.1.3.RELEASE/spring-jdbc-5.1.3.RELEASE.jar:/home/user/.m2/repository/org/springframework/spring-beans/5.1.3.RELEASE/spring-beans-5.1.3.RELEASE.jar:/home/user/.m2/repository/org/springframework/spring-core/5.1.3.RELEASE/spring-core-5.1.3.RELEASE.jar:/home/user/.m2/repository/org/springframework/spring-jcl/5.1.3.RELEASE/spring-jcl-5.1.3.RELEASE.jar:/home/user/.m2/repository/org/springframework/spring-tx/5.1.3.RELEASE/spring-tx-5.1.3.RELEASE.jar:/home/user/.m2/repository/org/apache/hadoop/hadoop-ozone-client/0.5.0-SNAPSHOT/hadoop-ozone-client-0.5.0-SNAPSHOT.jar:/home/user/.m2/repository/commons-lang/commons-lang/2.6/commons-lang-2.6.jar:/home/user/.m2/repository/org/apache/hadoop/hadoop-ozone-ozone-manager/0.5.0-SNAPSHOT/hadoop-ozone-ozone-manager-0.5.0-SNAPSHOT-tests.jar:/home/user/.m2/repository/junit/junit/4.11/junit-4.11.jar:/home/user/.m2/repository/org/hamcrest/hamcrest-core/1.3/hamcrest-core-1.3.jar:/home/user/.m2/repository/org/openjdk/jmh/jmh-core/1.19/jmh-core-1.19.jar:/home/user/.m2/repository/net/sf/jopt-simple/jopt-simple/4.6/jopt-simple-4.6.jar:/home/user/.m2/repository/org/apache/commons/commons-math3/3.1.1/commons-math3-3.1.1.jar:/home/user/.m2/repository/org/openjdk/jmh/jmh-generator-annprocess/1.19/jmh-generator-annprocess-1.19.jar:/home/user/.m2/repository/org/mockito/mockito-all/1.8.5/mockito-all-1.8.5.jar:/home/user/.m2/repository/org/apache/hadoop/hadoop-kms/3.2.0/hadoop-kms-3.2.0.jar:/home/user/.m2/repository/org/apache/hadoop/hadoop-auth/3.2.0/hadoop-auth-3.2.0.jar:/home/user/.m2/repository/com/nimbusds/nimbus-jose-jwt/4.41.1/nimbus-jose-jwt-4.41.1.jar:/home/user/.m2/repository/com/github/stephenc/jcip/jcip-annotations/1.0-1/jcip-annotations-1.0-1.jar:/home/user/.m2/repository/net/minidev/json-smart/2.3/json-smart-2.3.jar:/home/user/.m2/repository/net/minidev/accessors-smart/1.2/accessors-smart-1.2.jar:/home/user/.m2/repository/org/ow2/asm/asm/5.0.4/asm-5.0.4.jar:/home/user/.m2/repository/org/apache/curator/curator-framework/2.12.0/curator-framework-2.12.0.jar:/home/user/.m2/repository/com/sun/jersey/jersey-core/1.19/jersey-core-1.19.jar:/home/user/.m2/repository/javax/ws/rs/jsr311-api/1.1.1/jsr311-api-1.1.1.jar:/home/user/.m2/repository/com/sun/jersey/jersey-server/1.19/jersey-server-1.19.jar:/home/user/.m2/repository/javax/servlet/javax.servlet-api/3.1.0/javax.servlet-api-3.1.0.jar:/home/user/.m2/repository/org/eclipse/jetty/jetty-server/9.3.25.v20180904/jetty-server-9.3.25.v20180904.jar:/home/user/.m2/repository/org/eclipse/jetty/jetty-http/9.3.25.v20180904/jetty-http-9.3.25.v20180904.jar:/home/user/.m2/repository/org/eclipse/jetty/jetty-io/9.3.25.v20180904/jetty-io-9.3.25.v20180904.jar:/home/user/.m2/repository/org/eclipse/jetty/jetty-webapp/9.3.25.v20180904/jetty-webapp-9.3.25.v20180904.jar:/home/user/.m2/repository/org/eclipse/jetty/jetty-xml/9.3.25.v20180904/jetty-xml-9.3.25.v20180904.jar:/home/user/.m2/repository/log4j/log4j/1.2.17/log4j-1.2.17.jar:/home/user/.m2/repository/org/slf4j/slf4j-api/1.7.25/slf4j-api-1.7.25.jar:/home/user/.m2/repository/org/slf4j/jul-to-slf4j/1.7.25/jul-to-slf4j-1.7.25.jar:/home/user/.m2/repository/org/eclipse/jetty/jetty-util/9.3.25.v20180904/jetty-util-9.3.25.v20180904.jar:/home/user/.m2/repository/com/fasterxml/jackson/core/jackson-databind/2.9.9/jackson-databind-2.9.9.jar:/home/user/.m2/repository/org/apache/hadoop/hadoop-kms/3.2.0/hadoop-kms-3.2.0-tests.jar:/home/user/.m2/repository/org/apache/hadoop/hadoop-hdds-server-scm/0.5.0-SNAPSHOT/hadoop-hdds-server-scm-0.5.0-SNAPSHOT-tests.jar:/home/user/.m2/repository/org/apache/hadoop/hadoop-hdds-container-service/0.5.0-SNAPSHOT/hadoop-hdds-container-service-0.5.0-SNAPSHOT-tests.jar:/home/user/.m2/repository/org/yaml/snakeyaml/1.16/snakeyaml-1.16.jar:/home/user/.m2/repository/org/apache/hadoop/hadoop-common/3.2.0/hadoop-common-3.2.0-tests.jar:/home/user/.m2/repository/org/apache/hadoop/hadoop-annotations/3.2.0/hadoop-annotations-3.2.0.jar:/usr/lib/jvm/java-1.8.0-openjdk-1.8.0.222.b10-1.el7_7.x86_64/jre/../lib/tools.jar:/home/user/.m2/repository/commons-cli/commons-cli/1.2/commons-cli-1.2.jar:/home/user/.m2/repository/org/apache/httpcomponents/httpclient/4.5.2/httpclient-4.5.2.jar:/home/user/.m2/repository/org/apache/httpcomponents/httpcore/4.4.4/httpcore-4.4.4.jar:/home/user/.m2/repository/commons-codec/commons-codec/1.11/commons-codec-1.11.jar:/home/user/.m2/repository/commons-net/commons-net/3.6/commons-net-3.6.jar:/home/user/.m2/repository/commons-collections/commons-collections/3.2.2/commons-collections-3.2.2.jar:/home/user/.m2/repository/org/eclipse/jetty/jetty-servlet/9.3.25.v20180904/jetty-servlet-9.3.25.v20180904.jar:/home/user/.m2/repository/org/eclipse/jetty/jetty-security/9.3.25.v20180904/jetty-security-9.3.25.v20180904.jar:/home/user/.m2/repository/javax/servlet/jsp/jsp-api/2.1/jsp-api-2.1.jar:/home/user/.m2/repository/com/sun/jersey/jersey-servlet/1.19/jersey-servlet-1.19.jar:/home/user/.m2/repository/com/sun/jersey/jersey-json/1.19/jersey-json-1.19.jar:/home/user/.m2/repository/org/codehaus/jettison/jettison/1.1/jettison-1.1.jar:/home/user/.m2/repository/org/codehaus/jackson/jackson-core-asl/1.9.13/jackson-core-asl-1.9.13.jar:/home/user/.m2/repository/org/codehaus/jackson/jackson-mapper-asl/1.9.13/jackson-mapper-asl-1.9.13.jar:/home/user/.m2/repository/org/codehaus/jackson/jackson-jaxrs/1.9.13/jackson-jaxrs-1.9.13.jar:/home/user/.m2/repository/org/codehaus/jackson/jackson-xc/1.9.13/jackson-xc-1.9.13.jar:/home/user/.m2/repository/commons-logging/commons-logging/1.1.3/commons-logging-1.1.3.jar:/home/user/.m2/repository/commons-beanutils/commons-beanutils/1.9.4/commons-beanutils-1.9.4.jar:/home/user/.m2/repository/org/apache/commons/commons-configuration2/2.1.1/commons-configuration2-2.1.1.jar:/home/user/.m2/repository/org/apache/commons/commons-lang3/3.7/commons-lang3-3.7.jar:/home/user/.m2/repository/org/apache/commons/commons-text/1.4/commons-text-1.4.jar:/home/user/.m2/repository/org/apache/avro/avro/1.7.7/avro-1.7.7.jar:/home/user/.m2/repository/com/thoughtworks/paranamer/paranamer/2.3/paranamer-2.3.jar:/home/user/.m2/repository/org/xerial/snappy/snappy-java/1.0.5/snappy-java-1.0.5.jar:/home/user/.m2/repository/com/google/re2j/re2j/1.1/re2j-1.1.jar:/home/user/.m2/repository/com/google/code/gson/gson/2.2.4/gson-2.2.4.jar:/home/user/.m2/repository/com/jcraft/jsch/0.1.54/jsch-0.1.54.jar:/home/user/.m2/repository/org/apache/curator/curator-client/2.12.0/curator-client-2.12.0.jar:/home/user/.m2/repository/org/apache/curator/curator-recipes/2.12.0/curator-recipes-2.12.0.jar:/home/user/.m2/repository/com/google/code/findbugs/jsr305/3.0.0/jsr305-3.0.0.jar:/home/user/.m2/repository/org/apache/htrace/htrace-core4/4.1.0-incubating/htrace-core4-4.1.0-incubating.jar:/home/user/.m2/repository/org/apache/zookeeper/zookeeper/3.4.13/zookeeper-3.4.13.jar:/home/user/.m2/repository/jline/jline/0.9.94/jline-0.9.94.jar:/home/user/.m2/repository/org/apache/yetus/audience-annotations/0.5.0/audience-annotations-0.5.0.jar:/home/user/.m2/repository/org/codehaus/woodstox/stax2-api/3.1.4/stax2-api-3.1.4.jar:/home/user/.m2/repository/com/fasterxml/woodstox/woodstox-core/5.0.3/woodstox-core-5.0.3.jar:/home/user/.m2/repository/dnsjava/dnsjava/2.1.7/dnsjava-2.1.7.jar:/home/user/.m2/repository/org/apache/hadoop/hadoop-hdfs/3.2.0/hadoop-hdfs-3.2.0-tests.jar:/home/user/.m2/repository/org/eclipse/jetty/jetty-util-ajax/9.3.25.v20180904/jetty-util-ajax-9.3.25.v20180904.jar:/home/user/.m2/repository/commons-daemon/commons-daemon/1.0.13/commons-daemon-1.0.13.jar:/home/user/.m2/repository/io/netty/netty/3.10.5.Final/netty-3.10.5.Final.jar:/home/user/.m2/repository/io/netty/netty-all/4.0.52.Final/netty-all-4.0.52.Final.jar:/home/user/.m2/repository/org/fusesource/leveldbjni/leveldbjni-all/1.8/leveldbjni-all-1.8.jar:"/>
    <property name="java.vm.vendor" value="Oracle Corporation"/>
    <property name="sun.arch.data.model" value="64"/>
    <property name="test.build.dir" value="/workdir/hadoop-ozone/integration-test/target/test-dir"/>
    <property name="test.cache.data" value=""/>
    <property name="java.vendor.url" value="http://java.oracle.com/"/>
    <property name="user.timezone" value=""/>
    <property name="java.vm.specification.version" value="1.8"/>
    <property name="os.name" value="Linux"/>
    <property name="test.build.data" value="/workdir/hadoop-ozone/integration-test/target/test-dir"/>
    <property name="user.country" value="US"/>
    <property name="sun.java.launcher" value="SUN_STANDARD"/>
    <property name="sun.boot.library.path" value="/usr/lib/jvm/java-1.8.0-openjdk-1.8.0.222.b10-1.el7_7.x86_64/jre/lib/amd64"/>
    <property name="sun.java.command" value="/workdir/hadoop-ozone/integration-test/target/surefire/surefirebooter3215441496858243810.jar /workdir/hadoop-ozone/integration-test/target/surefire 2019-10-24T05-03-57_892-jvmRun1 surefire3966468395656831218tmp surefire_177314770419369934918tmp"/>
    <property name="surefire.test.class.path" value="/workdir/hadoop-ozone/integration-test/target/test-classes:/workdir/hadoop-ozone/integration-test/target/classes:/home/user/.m2/repository/org/apache/hadoop/hadoop-ozone-common/0.5.0-SNAPSHOT/hadoop-ozone-common-0.5.0-SNAPSHOT.jar:/home/user/.m2/repository/org/apache/commons/commons-compress/1.4.1/commons-compress-1.4.1.jar:/home/user/.m2/repository/org/tukaani/xz/1.0/xz-1.0.jar:/home/user/.m2/repository/org/apache/hadoop/hadoop-common/3.2.0/hadoop-common-3.2.0.jar:/home/user/.m2/repository/org/apache/hadoop/hadoop-hdfs/3.2.0/hadoop-hdfs-3.2.0.jar:/home/user/.m2/repository/org/apache/hadoop/hadoop-hdfs-client/3.2.0/hadoop-hdfs-client-3.2.0.jar:/home/user/.m2/repository/com/fasterxml/jackson/core/jackson-annotations/2.9.9/jackson-annotations-2.9.9.jar:/home/user/.m2/repository/org/apache/hadoop/hadoop-hdds-common/0.5.0-SNAPSHOT/hadoop-hdds-common-0.5.0-SNAPSHOT.jar:/home/user/.m2/repository/javax/annotation/javax.annotation-api/1.2/javax.annotation-api-1.2.jar:/home/user/.m2/repository/org/apache/ratis/ratis-server/0.5.0-ced7dbf-SNAPSHOT/ratis-server-0.5.0-ced7dbf-SNAPSHOT.jar:/home/user/.m2/repository/org/apache/ratis/ratis-thirdparty-misc/0.2.0/ratis-thirdparty-misc-0.2.0.jar:/home/user/.m2/repository/org/apache/ratis/ratis-proto/0.5.0-ced7dbf-SNAPSHOT/ratis-proto-0.5.0-ced7dbf-SNAPSHOT.jar:/home/user/.m2/repository/org/apache/ratis/ratis-common/0.5.0-ced7dbf-SNAPSHOT/ratis-common-0.5.0-ced7dbf-SNAPSHOT.jar:/home/user/.m2/repository/org/apache/ratis/ratis-client/0.5.0-ced7dbf-SNAPSHOT/ratis-client-0.5.0-ced7dbf-SNAPSHOT.jar:/home/user/.m2/repository/org/apache/ratis/ratis-metrics/0.5.0-ced7dbf-SNAPSHOT/ratis-metrics-0.5.0-ced7dbf-SNAPSHOT.jar:/home/user/.m2/repository/org/apache/ratis/ratis-netty/0.5.0-ced7dbf-SNAPSHOT/ratis-netty-0.5.0-ced7dbf-SNAPSHOT.jar:/home/user/.m2/repository/org/apache/ratis/ratis-grpc/0.5.0-ced7dbf-SNAPSHOT/ratis-grpc-0.5.0-ced7dbf-SNAPSHOT.jar:/home/user/.m2/repository/org/rocksdb/rocksdbjni/6.0.1/rocksdbjni-6.0.1.jar:/home/user/.m2/repository/org/apache/logging/log4j/log4j-api/2.11.0/log4j-api-2.11.0.jar:/home/user/.m2/repository/org/apache/logging/log4j/log4j-core/2.11.0/log4j-core-2.11.0.jar:/home/user/.m2/repository/com/lmax/disruptor/3.4.2/disruptor-3.4.2.jar:/home/user/.m2/repository/org/apache/commons/commons-pool2/2.6.0/commons-pool2-2.6.0.jar:/home/user/.m2/repository/org/bouncycastle/bcpkix-jdk15on/1.60/bcpkix-jdk15on-1.60.jar:/home/user/.m2/repository/commons-validator/commons-validator/1.6/commons-validator-1.6.jar:/home/user/.m2/repository/commons-digester/commons-digester/1.8.1/commons-digester-1.8.1.jar:/home/user/.m2/repository/io/jaegertracing/jaeger-client/0.34.0/jaeger-client-0.34.0.jar:/home/user/.m2/repository/io/jaegertracing/jaeger-thrift/0.34.0/jaeger-thrift-0.34.0.jar:/home/user/.m2/repository/org/apache/thrift/libthrift/0.12.0/libthrift-0.12.0.jar:/home/user/.m2/repository/com/squareup/okhttp3/okhttp/3.9.0/okhttp-3.9.0.jar:/home/user/.m2/repository/com/squareup/okio/okio/1.13.0/okio-1.13.0.jar:/home/user/.m2/repository/io/jaegertracing/jaeger-core/0.34.0/jaeger-core-0.34.0.jar:/home/user/.m2/repository/io/jaegertracing/jaeger-tracerresolver/0.34.0/jaeger-tracerresolver-0.34.0.jar:/home/user/.m2/repository/io/opentracing/contrib/opentracing-tracerresolver/0.1.5/opentracing-tracerresolver-0.1.5.jar:/home/user/.m2/repository/io/opentracing/opentracing-util/0.31.0/opentracing-util-0.31.0.jar:/home/user/.m2/repository/io/opentracing/opentracing-api/0.31.0/opentracing-api-0.31.0.jar:/home/user/.m2/repository/io/opentracing/opentracing-noop/0.31.0/opentracing-noop-0.31.0.jar:/home/user/.m2/repository/org/apache/hadoop/hadoop-hdds-server-framework/0.5.0-SNAPSHOT/hadoop-hdds-server-framework-0.5.0-SNAPSHOT.jar:/home/user/.m2/repository/org/apache/hadoop/hadoop-hdds-container-service/0.5.0-SNAPSHOT/hadoop-hdds-container-service-0.5.0-SNAPSHOT.jar:/home/user/.m2/repository/org/apache/hadoop/hadoop-hdds-client/0.5.0-SNAPSHOT/hadoop-hdds-client-0.5.0-SNAPSHOT.jar:/home/user/.m2/repository/org/apache/hadoop/hadoop-hdds-tools/0.5.0-SNAPSHOT/hadoop-hdds-tools-0.5.0-SNAPSHOT.jar:/home/user/.m2/repository/org/apache/hadoop/hadoop-hdds-server-scm/0.5.0-SNAPSHOT/hadoop-hdds-server-scm-0.5.0-SNAPSHOT.jar:/home/user/.m2/repository/org/apache/hadoop/hadoop-hdds-docs/0.5.0-SNAPSHOT/hadoop-hdds-docs-0.5.0-SNAPSHOT.jar:/home/user/.m2/repository/io/dropwizard/metrics/metrics-core/3.2.4/metrics-core-3.2.4.jar:/home/user/.m2/repository/org/hamcrest/hamcrest-all/1.3/hamcrest-all-1.3.jar:/home/user/.m2/repository/org/bouncycastle/bcprov-jdk15on/1.60/bcprov-jdk15on-1.60.jar:/home/user/.m2/repository/info/picocli/picocli/3.9.6/picocli-3.9.6.jar:/home/user/.m2/repository/com/google/protobuf/protobuf-java/2.5.0/protobuf-java-2.5.0.jar:/home/user/.m2/repository/com/google/guava/guava/11.0.2/guava-11.0.2.jar:/home/user/.m2/repository/org/apache/hadoop/hadoop-ozone-ozone-manager/0.5.0-SNAPSHOT/hadoop-ozone-ozone-manager-0.5.0-SNAPSHOT.jar:/home/user/.m2/repository/org/apache/hadoop/hadoop-minikdc/3.2.0/hadoop-minikdc-3.2.0.jar:/home/user/.m2/repository/commons-io/commons-io/2.5/commons-io-2.5.jar:/home/user/.m2/repository/org/apache/kerby/kerb-simplekdc/1.0.1/kerb-simplekdc-1.0.1.jar:/home/user/.m2/repository/org/apache/kerby/kerb-client/1.0.1/kerb-client-1.0.1.jar:/home/user/.m2/repository/org/apache/kerby/kerby-config/1.0.1/kerby-config-1.0.1.jar:/home/user/.m2/repository/org/apache/kerby/kerb-core/1.0.1/kerb-core-1.0.1.jar:/home/user/.m2/repository/org/apache/kerby/kerby-pkix/1.0.1/kerby-pkix-1.0.1.jar:/home/user/.m2/repository/org/apache/kerby/kerby-asn1/1.0.1/kerby-asn1-1.0.1.jar:/home/user/.m2/repository/org/apache/kerby/kerby-util/1.0.1/kerby-util-1.0.1.jar:/home/user/.m2/repository/org/apache/kerby/kerb-common/1.0.1/kerb-common-1.0.1.jar:/home/user/.m2/repository/org/apache/kerby/kerb-crypto/1.0.1/kerb-crypto-1.0.1.jar:/home/user/.m2/repository/org/apache/kerby/kerb-util/1.0.1/kerb-util-1.0.1.jar:/home/user/.m2/repository/org/apache/kerby/token-provider/1.0.1/token-provider-1.0.1.jar:/home/user/.m2/repository/org/apache/kerby/kerb-admin/1.0.1/kerb-admin-1.0.1.jar:/home/user/.m2/repository/org/apache/kerby/kerb-server/1.0.1/kerb-server-1.0.1.jar:/home/user/.m2/repository/org/apache/kerby/kerb-identity/1.0.1/kerb-identity-1.0.1.jar:/home/user/.m2/repository/org/apache/kerby/kerby-xdr/1.0.1/kerby-xdr-1.0.1.jar:/home/user/.m2/repository/org/slf4j/slf4j-log4j12/1.7.25/slf4j-log4j12-1.7.25.jar:/home/user/.m2/repository/org/apache/hadoop/hadoop-ozone-s3gateway/0.5.0-SNAPSHOT/hadoop-ozone-s3gateway-0.5.0-SNAPSHOT.jar:/home/user/.m2/repository/org/jboss/weld/servlet/weld-servlet/2.4.7.Final/weld-servlet-2.4.7.Final.jar:/home/user/.m2/repository/org/glassfish/jersey/containers/jersey-container-servlet-core/2.27/jersey-container-servlet-core-2.27.jar:/home/user/.m2/repository/org/glassfish/hk2/external/javax.inject/2.5.0-b42/javax.inject-2.5.0-b42.jar:/home/user/.m2/repository/org/glassfish/jersey/core/jersey-common/2.27/jersey-common-2.27.jar:/home/user/.m2/repository/org/glassfish/hk2/osgi-resource-locator/1.0.1/osgi-resource-locator-1.0.1.jar:/home/user/.m2/repository/javax/ws/rs/javax.ws.rs-api/2.1/javax.ws.rs-api-2.1.jar:/home/user/.m2/repository/org/glassfish/jersey/ext/cdi/jersey-cdi1x/2.27/jersey-cdi1x-2.27.jar:/home/user/.m2/repository/org/glassfish/jersey/inject/jersey-hk2/2.27/jersey-hk2-2.27.jar:/home/user/.m2/repository/org/glassfish/hk2/hk2-locator/2.5.0-b42/hk2-locator-2.5.0-b42.jar:/home/user/.m2/repository/org/javassist/javassist/3.22.0-CR2/javassist-3.22.0-CR2.jar:/home/user/.m2/repository/org/glassfish/hk2/hk2-api/2.5.0/hk2-api-2.5.0.jar:/home/user/.m2/repository/org/glassfish/hk2/external/jakarta.inject/2.5.0/jakarta.inject-2.5.0.jar:/home/user/.m2/repository/org/glassfish/hk2/hk2-utils/2.5.0/hk2-utils-2.5.0.jar:/home/user/.m2/repository/jakarta/annotation/jakarta.annotation-api/1.3.4/jakarta.annotation-api-1.3.4.jar:/home/user/.m2/repository/org/glassfish/hk2/external/aopalliance-repackaged/2.5.0/aopalliance-repackaged-2.5.0.jar:/home/user/.m2/repository/com/fasterxml/jackson/dataformat/jackson-dataformat-xml/2.9.0/jackson-dataformat-xml-2.9.0.jar:/home/user/.m2/repository/com/fasterxml/jackson/core/jackson-core/2.9.9/jackson-core-2.9.9.jar:/home/user/.m2/repository/com/fasterxml/jackson/module/jackson-module-jaxb-annotations/2.9.9/jackson-module-jaxb-annotations-2.9.9.jar:/home/user/.m2/repository/javax/enterprise/cdi-api/1.2/cdi-api-1.2.jar:/home/user/.m2/repository/javax/el/javax.el-api/3.0.0/javax.el-api-3.0.0.jar:/home/user/.m2/repository/javax/interceptor/javax.interceptor-api/1.2/javax.interceptor-api-1.2.jar:/home/user/.m2/repository/javax/inject/javax.inject/1/javax.inject-1.jar:/home/user/.m2/repository/com/sun/xml/bind/jaxb-impl/2.3.0.1/jaxb-impl-2.3.0.1.jar:/home/user/.m2/repository/com/sun/xml/bind/jaxb-core/2.3.0.1/jaxb-core-2.3.0.1.jar:/home/user/.m2/repository/javax/xml/bind/jaxb-api/2.3.0/jaxb-api-2.3.0.jar:/home/user/.m2/repository/javax/activation/activation/1.1.1/activation-1.1.1.jar:/home/user/.m2/repository/org/apache/hadoop/hadoop-ozone-csi/0.5.0-SNAPSHOT/hadoop-ozone-csi-0.5.0-SNAPSHOT.jar:/home/user/.m2/repository/com/google/protobuf/protobuf-java-util/3.5.1/protobuf-java-util-3.5.1.jar:/home/user/.m2/repository/org/apache/hadoop/hadoop-hdds-config/0.5.0-SNAPSHOT/hadoop-hdds-config-0.5.0-SNAPSHOT.jar:/home/user/.m2/repository/io/grpc/grpc-netty/1.17.1/grpc-netty-1.17.1.jar:/home/user/.m2/repository/io/grpc/grpc-core/1.17.1/grpc-core-1.17.1.jar:/home/user/.m2/repository/io/grpc/grpc-context/1.17.1/grpc-context-1.17.1.jar:/home/user/.m2/repository/com/google/errorprone/error_prone_annotations/2.2.0/error_prone_annotations-2.2.0.jar:/home/user/.m2/repository/org/codehaus/mojo/animal-sniffer-annotations/1.17/animal-sniffer-annotations-1.17.jar:/home/user/.m2/repository/io/opencensus/opencensus-api/0.17.0/opencensus-api-0.17.0.jar:/home/user/.m2/repository/io/opencensus/opencensus-contrib-grpc-metrics/0.17.0/opencensus-contrib-grpc-metrics-0.17.0.jar:/home/user/.m2/repository/io/netty/netty-codec-http2/4.1.30.Final/netty-codec-http2-4.1.30.Final.jar:/home/user/.m2/repository/io/netty/netty-codec-http/4.1.30.Final/netty-codec-http-4.1.30.Final.jar:/home/user/.m2/repository/io/netty/netty-codec/4.1.30.Final/netty-codec-4.1.30.Final.jar:/home/user/.m2/repository/io/netty/netty-handler/4.1.30.Final/netty-handler-4.1.30.Final.jar:/home/user/.m2/repository/io/netty/netty-handler-proxy/4.1.30.Final/netty-handler-proxy-4.1.30.Final.jar:/home/user/.m2/repository/io/netty/netty-codec-socks/4.1.30.Final/netty-codec-socks-4.1.30.Final.jar:/home/user/.m2/repository/io/netty/netty-transport-native-epoll/4.1.30.Final/netty-transport-native-epoll-4.1.30.Final.jar:/home/user/.m2/repository/io/netty/netty-common/4.1.30.Final/netty-common-4.1.30.Final.jar:/home/user/.m2/repository/io/netty/netty-buffer/4.1.30.Final/netty-buffer-4.1.30.Final.jar:/home/user/.m2/repository/io/netty/netty-transport/4.1.30.Final/netty-transport-4.1.30.Final.jar:/home/user/.m2/repository/io/netty/netty-resolver/4.1.30.Final/netty-resolver-4.1.30.Final.jar:/home/user/.m2/repository/io/netty/netty-transport-native-unix-common/4.1.30.Final/netty-transport-native-unix-common-4.1.30.Final.jar:/home/user/.m2/repository/io/grpc/grpc-protobuf/1.17.1/grpc-protobuf-1.17.1.jar:/home/user/.m2/repository/com/google/api/grpc/proto-google-common-protos/1.0.0/proto-google-common-protos-1.0.0.jar:/home/user/.m2/repository/io/grpc/grpc-protobuf-lite/1.17.1/grpc-protobuf-lite-1.17.1.jar:/home/user/.m2/repository/io/grpc/grpc-stub/1.17.1/grpc-stub-1.17.1.jar:/home/user/.m2/repository/org/apache/hadoop/hadoop-ozone-recon/0.5.0-SNAPSHOT/hadoop-ozone-recon-0.5.0-SNAPSHOT.jar:/home/user/.m2/repository/org/apache/hadoop/hadoop-ozone-reconcodegen/0.5.0-SNAPSHOT/hadoop-ozone-reconcodegen-0.5.0-SNAPSHOT.jar:/home/user/.m2/repository/com/google/inject/extensions/guice-multibindings/4.0/guice-multibindings-4.0.jar:/home/user/.m2/repository/com/google/inject/guice/4.0/guice-4.0.jar:/home/user/.m2/repository/aopalliance/aopalliance/1.0/aopalliance-1.0.jar:/home/user/.m2/repository/com/google/inject/extensions/guice-servlet/4.0/guice-servlet-4.0.jar:/home/user/.m2/repository/org/glassfish/jersey/containers/jersey-container-servlet/2.27/jersey-container-servlet-2.27.jar:/home/user/.m2/repository/org/glassfish/hk2/guice-bridge/2.5.0/guice-bridge-2.5.0.jar:/home/user/.m2/repository/org/glassfish/jersey/core/jersey-server/2.27/jersey-server-2.27.jar:/home/user/.m2/repository/org/glassfish/jersey/core/jersey-client/2.27/jersey-client-2.27.jar:/home/user/.m2/repository/org/glassfish/jersey/media/jersey-media-jaxb/2.27/jersey-media-jaxb-2.27.jar:/home/user/.m2/repository/javax/validation/validation-api/1.1.0.Final/validation-api-1.1.0.Final.jar:/home/user/.m2/repository/org/glassfish/jersey/media/jersey-media-json-jackson/2.27/jersey-media-json-jackson-2.27.jar:/home/user/.m2/repository/org/glassfish/jersey/ext/jersey-entity-filtering/2.27/jersey-entity-filtering-2.27.jar:/home/user/.m2/repository/com/google/inject/extensions/guice-assistedinject/4.0/guice-assistedinject-4.0.jar:/home/user/.m2/repository/org/jooq/jooq/3.11.10/jooq-3.11.10.jar:/home/user/.m2/repository/org/jooq/jooq-meta/3.11.10/jooq-meta-3.11.10.jar:/home/user/.m2/repository/org/jooq/jooq-codegen/3.11.10/jooq-codegen-3.11.10.jar:/home/user/.m2/repository/com/jolbox/bonecp/0.8.0.RELEASE/bonecp-0.8.0.RELEASE.jar:/home/user/.m2/repository/org/xerial/sqlite-jdbc/3.25.2/sqlite-jdbc-3.25.2.jar:/home/user/.m2/repository/org/springframework/spring-jdbc/5.1.3.RELEASE/spring-jdbc-5.1.3.RELEASE.jar:/home/user/.m2/repository/org/springframework/spring-beans/5.1.3.RELEASE/spring-beans-5.1.3.RELEASE.jar:/home/user/.m2/repository/org/springframework/spring-core/5.1.3.RELEASE/spring-core-5.1.3.RELEASE.jar:/home/user/.m2/repository/org/springframework/spring-jcl/5.1.3.RELEASE/spring-jcl-5.1.3.RELEASE.jar:/home/user/.m2/repository/org/springframework/spring-tx/5.1.3.RELEASE/spring-tx-5.1.3.RELEASE.jar:/home/user/.m2/repository/org/apache/hadoop/hadoop-ozone-client/0.5.0-SNAPSHOT/hadoop-ozone-client-0.5.0-SNAPSHOT.jar:/home/user/.m2/repository/commons-lang/commons-lang/2.6/commons-lang-2.6.jar:/home/user/.m2/repository/org/apache/hadoop/hadoop-ozone-ozone-manager/0.5.0-SNAPSHOT/hadoop-ozone-ozone-manager-0.5.0-SNAPSHOT-tests.jar:/home/user/.m2/repository/junit/junit/4.11/junit-4.11.jar:/home/user/.m2/repository/org/hamcrest/hamcrest-core/1.3/hamcrest-core-1.3.jar:/home/user/.m2/repository/org/openjdk/jmh/jmh-core/1.19/jmh-core-1.19.jar:/home/user/.m2/repository/net/sf/jopt-simple/jopt-simple/4.6/jopt-simple-4.6.jar:/home/user/.m2/repository/org/apache/commons/commons-math3/3.1.1/commons-math3-3.1.1.jar:/home/user/.m2/repository/org/openjdk/jmh/jmh-generator-annprocess/1.19/jmh-generator-annprocess-1.19.jar:/home/user/.m2/repository/org/mockito/mockito-all/1.8.5/mockito-all-1.8.5.jar:/home/user/.m2/repository/org/apache/hadoop/hadoop-kms/3.2.0/hadoop-kms-3.2.0.jar:/home/user/.m2/repository/org/apache/hadoop/hadoop-auth/3.2.0/hadoop-auth-3.2.0.jar:/home/user/.m2/repository/com/nimbusds/nimbus-jose-jwt/4.41.1/nimbus-jose-jwt-4.41.1.jar:/home/user/.m2/repository/com/github/stephenc/jcip/jcip-annotations/1.0-1/jcip-annotations-1.0-1.jar:/home/user/.m2/repository/net/minidev/json-smart/2.3/json-smart-2.3.jar:/home/user/.m2/repository/net/minidev/accessors-smart/1.2/accessors-smart-1.2.jar:/home/user/.m2/repository/org/ow2/asm/asm/5.0.4/asm-5.0.4.jar:/home/user/.m2/repository/org/apache/curator/curator-framework/2.12.0/curator-framework-2.12.0.jar:/home/user/.m2/repository/com/sun/jersey/jersey-core/1.19/jersey-core-1.19.jar:/home/user/.m2/repository/javax/ws/rs/jsr311-api/1.1.1/jsr311-api-1.1.1.jar:/home/user/.m2/repository/com/sun/jersey/jersey-server/1.19/jersey-server-1.19.jar:/home/user/.m2/repository/javax/servlet/javax.servlet-api/3.1.0/javax.servlet-api-3.1.0.jar:/home/user/.m2/repository/org/eclipse/jetty/jetty-server/9.3.25.v20180904/jetty-server-9.3.25.v20180904.jar:/home/user/.m2/repository/org/eclipse/jetty/jetty-http/9.3.25.v20180904/jetty-http-9.3.25.v20180904.jar:/home/user/.m2/repository/org/eclipse/jetty/jetty-io/9.3.25.v20180904/jetty-io-9.3.25.v20180904.jar:/home/user/.m2/repository/org/eclipse/jetty/jetty-webapp/9.3.25.v20180904/jetty-webapp-9.3.25.v20180904.jar:/home/user/.m2/repository/org/eclipse/jetty/jetty-xml/9.3.25.v20180904/jetty-xml-9.3.25.v20180904.jar:/home/user/.m2/repository/log4j/log4j/1.2.17/log4j-1.2.17.jar:/home/user/.m2/repository/org/slf4j/slf4j-api/1.7.25/slf4j-api-1.7.25.jar:/home/user/.m2/repository/org/slf4j/jul-to-slf4j/1.7.25/jul-to-slf4j-1.7.25.jar:/home/user/.m2/repository/org/eclipse/jetty/jetty-util/9.3.25.v20180904/jetty-util-9.3.25.v20180904.jar:/home/user/.m2/repository/com/fasterxml/jackson/core/jackson-databind/2.9.9/jackson-databind-2.9.9.jar:/home/user/.m2/repository/org/apache/hadoop/hadoop-kms/3.2.0/hadoop-kms-3.2.0-tests.jar:/home/user/.m2/repository/org/apache/hadoop/hadoop-hdds-server-scm/0.5.0-SNAPSHOT/hadoop-hdds-server-scm-0.5.0-SNAPSHOT-tests.jar:/home/user/.m2/repository/org/apache/hadoop/hadoop-hdds-container-service/0.5.0-SNAPSHOT/hadoop-hdds-container-service-0.5.0-SNAPSHOT-tests.jar:/home/user/.m2/repository/org/yaml/snakeyaml/1.16/snakeyaml-1.16.jar:/home/user/.m2/repository/org/apache/hadoop/hadoop-common/3.2.0/hadoop-common-3.2.0-tests.jar:/home/user/.m2/repository/org/apache/hadoop/hadoop-annotations/3.2.0/hadoop-annotations-3.2.0.jar:/usr/lib/jvm/java-1.8.0-openjdk-1.8.0.222.b10-1.el7_7.x86_64/jre/../lib/tools.jar:/home/user/.m2/repository/commons-cli/commons-cli/1.2/commons-cli-1.2.jar:/home/user/.m2/repository/org/apache/httpcomponents/httpclient/4.5.2/httpclient-4.5.2.jar:/home/user/.m2/repository/org/apache/httpcomponents/httpcore/4.4.4/httpcore-4.4.4.jar:/home/user/.m2/repository/commons-codec/commons-codec/1.11/commons-codec-1.11.jar:/home/user/.m2/repository/commons-net/commons-net/3.6/commons-net-3.6.jar:/home/user/.m2/repository/commons-collections/commons-collections/3.2.2/commons-collections-3.2.2.jar:/home/user/.m2/repository/org/eclipse/jetty/jetty-servlet/9.3.25.v20180904/jetty-servlet-9.3.25.v20180904.jar:/home/user/.m2/repository/org/eclipse/jetty/jetty-security/9.3.25.v20180904/jetty-security-9.3.25.v20180904.jar:/home/user/.m2/repository/javax/servlet/jsp/jsp-api/2.1/jsp-api-2.1.jar:/home/user/.m2/repository/com/sun/jersey/jersey-servlet/1.19/jersey-servlet-1.19.jar:/home/user/.m2/repository/com/sun/jersey/jersey-json/1.19/jersey-json-1.19.jar:/home/user/.m2/repository/org/codehaus/jettison/jettison/1.1/jettison-1.1.jar:/home/user/.m2/repository/org/codehaus/jackson/jackson-core-asl/1.9.13/jackson-core-asl-1.9.13.jar:/home/user/.m2/repository/org/codehaus/jackson/jackson-mapper-asl/1.9.13/jackson-mapper-asl-1.9.13.jar:/home/user/.m2/repository/org/codehaus/jackson/jackson-jaxrs/1.9.13/jackson-jaxrs-1.9.13.jar:/home/user/.m2/repository/org/codehaus/jackson/jackson-xc/1.9.13/jackson-xc-1.9.13.jar:/home/user/.m2/repository/commons-logging/commons-logging/1.1.3/commons-logging-1.1.3.jar:/home/user/.m2/repository/commons-beanutils/commons-beanutils/1.9.4/commons-beanutils-1.9.4.jar:/home/user/.m2/repository/org/apache/commons/commons-configuration2/2.1.1/commons-configuration2-2.1.1.jar:/home/user/.m2/repository/org/apache/commons/commons-lang3/3.7/commons-lang3-3.7.jar:/home/user/.m2/repository/org/apache/commons/commons-text/1.4/commons-text-1.4.jar:/home/user/.m2/repository/org/apache/avro/avro/1.7.7/avro-1.7.7.jar:/home/user/.m2/repository/com/thoughtworks/paranamer/paranamer/2.3/paranamer-2.3.jar:/home/user/.m2/repository/org/xerial/snappy/snappy-java/1.0.5/snappy-java-1.0.5.jar:/home/user/.m2/repository/com/google/re2j/re2j/1.1/re2j-1.1.jar:/home/user/.m2/repository/com/google/code/gson/gson/2.2.4/gson-2.2.4.jar:/home/user/.m2/repository/com/jcraft/jsch/0.1.54/jsch-0.1.54.jar:/home/user/.m2/repository/org/apache/curator/curator-client/2.12.0/curator-client-2.12.0.jar:/home/user/.m2/repository/org/apache/curator/curator-recipes/2.12.0/curator-recipes-2.12.0.jar:/home/user/.m2/repository/com/google/code/findbugs/jsr305/3.0.0/jsr305-3.0.0.jar:/home/user/.m2/repository/org/apache/htrace/htrace-core4/4.1.0-incubating/htrace-core4-4.1.0-incubating.jar:/home/user/.m2/repository/org/apache/zookeeper/zookeeper/3.4.13/zookeeper-3.4.13.jar:/home/user/.m2/repository/jline/jline/0.9.94/jline-0.9.94.jar:/home/user/.m2/repository/org/apache/yetus/audience-annotations/0.5.0/audience-annotations-0.5.0.jar:/home/user/.m2/repository/org/codehaus/woodstox/stax2-api/3.1.4/stax2-api-3.1.4.jar:/home/user/.m2/repository/com/fasterxml/woodstox/woodstox-core/5.0.3/woodstox-core-5.0.3.jar:/home/user/.m2/repository/dnsjava/dnsjava/2.1.7/dnsjava-2.1.7.jar:/home/user/.m2/repository/org/apache/hadoop/hadoop-hdfs/3.2.0/hadoop-hdfs-3.2.0-tests.jar:/home/user/.m2/repository/org/eclipse/jetty/jetty-util-ajax/9.3.25.v20180904/jetty-util-ajax-9.3.25.v20180904.jar:/home/user/.m2/repository/commons-daemon/commons-daemon/1.0.13/commons-daemon-1.0.13.jar:/home/user/.m2/repository/io/netty/netty/3.10.5.Final/netty-3.10.5.Final.jar:/home/user/.m2/repository/io/netty/netty-all/4.0.52.Final/netty-all-4.0.52.Final.jar:/home/user/.m2/repository/org/fusesource/leveldbjni/leveldbjni-all/1.8/leveldbjni-all-1.8.jar:"/>
    <property name="sun.cpu.endian" value="little"/>
    <property name="user.home" value="/home/user"/>
    <property name="user.language" value="en"/>
    <property name="java.specification.vendor" value="Oracle Corporation"/>
    <property name="java.home" value="/usr/lib/jvm/java-1.8.0-openjdk-1.8.0.222.b10-1.el7_7.x86_64/jre"/>
    <property name="surefire.excludesFile" value="/tools/ozone-bad-unit-tests"/>
    <property name="java.security.krb5.conf" value="/workdir/hadoop-ozone/integration-test/target/test-classes/krb5.conf"/>
    <property name="basedir" value="/workdir/hadoop-ozone/integration-test"/>
    <property name="file.separator" value="/"/>
    <property name="line.separator" value="&#10;"/>
    <property name="java.vm.specification.vendor" value="Oracle Corporation"/>
    <property name="java.specification.name" value="Java Platform API Specification"/>
    <property name="java.awt.graphicsenv" value="sun.awt.X11GraphicsEnvironment"/>
    <property name="surefire.real.class.path" value="/workdir/hadoop-ozone/integration-test/target/surefire/surefirebooter3215441496858243810.jar"/>
    <property name="hadoop.log.dir" value="/workdir/hadoop-ozone/integration-test/target/log"/>
    <property name="sun.boot.class.path" value="/usr/lib/jvm/java-1.8.0-openjdk-1.8.0.222.b10-1.el7_7.x86_64/jre/lib/resources.jar:/usr/lib/jvm/java-1.8.0-openjdk-1.8.0.222.b10-1.el7_7.x86_64/jre/lib/rt.jar:/usr/lib/jvm/java-1.8.0-openjdk-1.8.0.222.b10-1.el7_7.x86_64/jre/lib/sunrsasign.jar:/usr/lib/jvm/java-1.8.0-openjdk-1.8.0.222.b10-1.el7_7.x86_64/jre/lib/jsse.jar:/usr/lib/jvm/java-1.8.0-openjdk-1.8.0.222.b10-1.el7_7.x86_64/jre/lib/jce.jar:/usr/lib/jvm/java-1.8.0-openjdk-1.8.0.222.b10-1.el7_7.x86_64/jre/lib/charsets.jar:/usr/lib/jvm/java-1.8.0-openjdk-1.8.0.222.b10-1.el7_7.x86_64/jre/lib/jfr.jar:/usr/lib/jvm/java-1.8.0-openjdk-1.8.0.222.b10-1.el7_7.x86_64/jre/classes"/>
    <property name="sun.management.compiler" value="HotSpot 64-Bit Tiered Compilers"/>
    <property name="java.runtime.version" value="1.8.0_222-b10"/>
    <property name="java.net.preferIPv4Stack" value="true"/>
    <property name="user.name" value="jenkins1000"/>
    <property name="path.separator" value=":"/>
    <property name="java.security.egd" value="file:///dev/urandom"/>
    <property name="os.version" value="3.10.0-957.12.2.el7.x86_64"/>
    <property name="java.endorsed.dirs" value="/usr/lib/jvm/java-1.8.0-openjdk-1.8.0.222.b10-1.el7_7.x86_64/jre/lib/endorsed"/>
    <property name="java.runtime.name" value="OpenJDK Runtime Environment"/>
    <property name="file.encoding" value="ANSI_X3.4-1968"/>
    <property name="java.vm.name" value="OpenJDK 64-Bit Server VM"/>
    <property name="test.build.webapps" value=""/>
    <property name="localRepository" value="/home/user/.m2/repository"/>
    <property name="java.vendor.url.bug" value="http://bugreport.sun.com/bugreport/"/>
    <property name="java.io.tmpdir" value="/tmp"/>
    <property name="require.test.libhadoop" value=""/>
    <property name="java.version" value="1.8.0_222"/>
    <property name="user.dir" value="/workdir/hadoop-ozone/integration-test"/>
    <property name="os.arch" value="amd64"/>
    <property name="java.vm.specification.name" value="Java Virtual Machine Specification"/>
    <property name="test.build.classes" value="/workdir/hadoop-ozone/integration-test/target/test-classes"/>
    <property name="java.awt.printerjob" value="sun.print.PSPrinterJob"/>
    <property name="sun.os.patch.level" value="unknown"/>
    <property name="hadoop.tmp.dir" value="/workdir/hadoop-ozone/integration-test/target/tmp"/>
    <property name="java.library.path" value="/usr/lib:/workdir/hadoop-ozone/integration-test/target/native/target/usr/local/lib:/workdir/hadoop-ozone/integration-test/../../hadoop-common-project/hadoop-common/target/native/target/usr/local/lib:/usr/java/packages/lib/amd64:/usr/lib64:/lib64:/lib:/usr/lib"/>
    <property name="java.vm.info" value="mixed mode"/>
    <property name="java.vendor" value="Oracle Corporation"/>
    <property name="java.vm.version" value="25.222-b10"/>
    <property name="java.ext.dirs" value="/usr/lib/jvm/java-1.8.0-openjdk-1.8.0.222.b10-1.el7_7.x86_64/jre/lib/ext:/usr/java/packages/lib/ext"/>
    <property name="sun.io.unicode.encoding" value="UnicodeLittle"/>
    <property name="java.class.version" value="52.0"/>
  </properties>
  <testcase name="testStartMultipleDatanodes" classname="org.apache.hadoop.ozone.TestMiniOzoneCluster" time="40.297">
    <error message="test timed out after 30000 milliseconds" type="java.lang.Exception">java.lang.Exception: test timed out after 30000 milliseconds
	at java.lang.Thread.sleep(Native Method)
	at org.apache.hadoop.test.GenericTestUtils.waitFor(GenericTestUtils.java:382)
	at org.apache.hadoop.ozone.MiniOzoneClusterImpl.waitForClusterToBeReady(MiniOzoneClusterImpl.java:148)
	at org.apache.hadoop.ozone.TestMiniOzoneCluster.testStartMultipleDatanodes(TestMiniOzoneCluster.java:104)
	at sun.reflect.NativeMethodAccessorImpl.invoke0(Native Method)
	at sun.reflect.NativeMethodAccessorImpl.invoke(NativeMethodAccessorImpl.java:62)
	at sun.reflect.DelegatingMethodAccessorImpl.invoke(DelegatingMethodAccessorImpl.java:43)
	at java.lang.reflect.Method.invoke(Method.java:498)
	at org.junit.runners.model.FrameworkMethod$1.runReflectiveCall(FrameworkMethod.java:47)
	at org.junit.internal.runners.model.ReflectiveCallable.run(ReflectiveCallable.java:12)
	at org.junit.runners.model.FrameworkMethod.invokeExplosively(FrameworkMethod.java:44)
	at org.junit.internal.runners.statements.InvokeMethod.evaluate(InvokeMethod.java:17)
	at org.junit.internal.runners.statements.FailOnTimeout$StatementThread.run(FailOnTimeout.java:74)
</error>
    <system-out><![CDATA[2019-10-24 05:11:09,842 [Thread-0] WARN  server.ServerUtils (ServerUtils.java:getScmDbDir(145)) - ozone.scm.db.dirs is not configured. We recommend adding this setting. Falling back to ozone.metadata.dirs instead.
2019-10-24 05:11:09,956 [Thread-0] WARN  server.ServerUtils (ServerUtils.java:getScmDbDir(145)) - ozone.scm.db.dirs is not configured. We recommend adding this setting. Falling back to ozone.metadata.dirs instead.
2019-10-24 05:11:09,960 [Thread-0] WARN  server.ServerUtils (ServerUtils.java:getScmDbDir(145)) - ozone.scm.db.dirs is not configured. We recommend adding this setting. Falling back to ozone.metadata.dirs instead.
2019-10-24 05:11:09,987 [Thread-0] INFO  util.log (Log.java:initialized(192)) - Logging initialized @868ms
2019-10-24 05:11:10,086 [Thread-0] INFO  db.DBStoreBuilder (DBStoreBuilder.java:addTable(127)) - using custom profile for table: deletedBlocks
2019-10-24 05:11:10,086 [Thread-0] INFO  db.DBStoreBuilder (DBStoreBuilder.java:processTables(183)) - Using default column profile:DBProfile.DISK for Table:deletedBlocks
2019-10-24 05:11:10,086 [Thread-0] INFO  db.DBStoreBuilder (DBStoreBuilder.java:addTable(127)) - using custom profile for table: validCerts
2019-10-24 05:11:10,087 [Thread-0] INFO  db.DBStoreBuilder (DBStoreBuilder.java:processTables(183)) - Using default column profile:DBProfile.DISK for Table:validCerts
2019-10-24 05:11:10,087 [Thread-0] INFO  db.DBStoreBuilder (DBStoreBuilder.java:addTable(127)) - using custom profile for table: revokedCerts
2019-10-24 05:11:10,087 [Thread-0] INFO  db.DBStoreBuilder (DBStoreBuilder.java:processTables(183)) - Using default column profile:DBProfile.DISK for Table:revokedCerts
2019-10-24 05:11:10,098 [Thread-0] INFO  db.DBStoreBuilder (DBStoreBuilder.java:addTable(127)) - using custom profile for table: default
2019-10-24 05:11:10,098 [Thread-0] INFO  db.DBStoreBuilder (DBStoreBuilder.java:processTables(189)) - Using default column profile:DBProfile.DISK for Table:default
2019-10-24 05:11:10,099 [Thread-0] INFO  db.DBStoreBuilder (DBStoreBuilder.java:getDbProfile(220)) - Using default options. DBProfile.DISK
2019-10-24 05:11:10,346 [Thread-0] INFO  net.NodeSchemaLoader (NodeSchemaLoader.java:loadSchemaFromFile(125)) - Loading file from sun.misc.CompoundEnumeration@68163daa
2019-10-24 05:11:10,348 [Thread-0] INFO  net.NodeSchemaLoader (NodeSchemaLoader.java:loadSchema(171)) - Loading network topology layer schema file
2019-10-24 05:11:10,399 [Thread-0] WARN  server.ServerUtils (ServerUtils.java:sanitizeUserArgs(70)) - ozone.scm.stale.node.interval value = 300000 is larger than max = 100000 based on the key value of ozone.scm.heartbeat.thread.interval, reset to the max value 100000.
2019-10-24 05:11:10,401 [Thread-0] WARN  server.ServerUtils (ServerUtils.java:sanitizeUserArgs(70)) - ozone.scm.stale.node.interval value = 300000 is larger than max = 100000 based on the key value of ozone.scm.heartbeat.thread.interval, reset to the max value 100000.
2019-10-24 05:11:10,403 [Thread-0] INFO  node.SCMNodeManager (SCMNodeManager.java:<init>(116)) - Entering startup safe mode.
2019-10-24 05:11:10,455 [Thread-0] INFO  algorithms.ContainerPlacementPolicyFactory (ContainerPlacementPolicyFactory.java:getPolicy(57)) - Create container placement policy of type org.apache.hadoop.hdds.scm.container.placement.algorithms.SCMContainerPlacementRandom
2019-10-24 05:11:10,470 [Thread-0] WARN  server.ServerUtils (ServerUtils.java:getScmDbDir(145)) - ozone.scm.db.dirs is not configured. We recommend adding this setting. Falling back to ozone.metadata.dirs instead.
2019-10-24 05:11:10,510 [Thread-0] INFO  pipeline.SCMPipelineManager (SCMPipelineManager.java:initializePipelineState(133)) - No pipeline exists in current db
2019-10-24 05:11:10,513 [Thread-0] WARN  server.ServerUtils (ServerUtils.java:getScmDbDir(145)) - ozone.scm.db.dirs is not configured. We recommend adding this setting. Falling back to ozone.metadata.dirs instead.
2019-10-24 05:11:10,599 [Thread-0] WARN  events.EventQueue (EventQueue.java:fireEvent(183)) - No event handler registered for event TypedEvent{payloadType=SafeModeStatus, name='SafeModeStatus'}
2019-10-24 05:11:10,909 [Thread-0] INFO  ipc.CallQueueManager (CallQueueManager.java:<init>(84)) - Using callQueue: class java.util.concurrent.LinkedBlockingQueue, queueCapacity: 2000, scheduler: class org.apache.hadoop.ipc.DefaultRpcScheduler, ipcBackoff: false.
2019-10-24 05:11:10,937 [Socket Reader #1 for port 42044] INFO  ipc.Server (Server.java:run(1074)) - Starting Socket Reader #1 for port 42044
2019-10-24 05:11:11,071 [Thread-0] INFO  ipc.CallQueueManager (CallQueueManager.java:<init>(84)) - Using callQueue: class java.util.concurrent.LinkedBlockingQueue, queueCapacity: 2000, scheduler: class org.apache.hadoop.ipc.DefaultRpcScheduler, ipcBackoff: false.
2019-10-24 05:11:11,072 [Socket Reader #1 for port 45339] INFO  ipc.Server (Server.java:run(1074)) - Starting Socket Reader #1 for port 45339
2019-10-24 05:11:11,083 [Thread-0] INFO  ipc.CallQueueManager (CallQueueManager.java:<init>(84)) - Using callQueue: class java.util.concurrent.LinkedBlockingQueue, queueCapacity: 2000, scheduler: class org.apache.hadoop.ipc.DefaultRpcScheduler, ipcBackoff: false.
2019-10-24 05:11:11,084 [Socket Reader #1 for port 42758] INFO  ipc.Server (Server.java:run(1074)) - Starting Socket Reader #1 for port 42758
2019-10-24 05:11:11,112 [Thread-0] INFO  hdfs.DFSUtil (DFSUtil.java:httpServerTemplateForNNAndJN(1641)) - Starting Web-server for scm at: http://0.0.0.0:0
2019-10-24 05:11:11,276 [Thread-0] INFO  server.AuthenticationFilter (AuthenticationFilter.java:constructSecretProvider(240)) - Unable to initialize FileSignerSecretProvider, falling back to use random secrets.
2019-10-24 05:11:11,284 [Thread-0] WARN  http.HttpRequestLog (HttpRequestLog.java:getRequestLog(97)) - Jetty request log can only be enabled using Log4j
2019-10-24 05:11:11,292 [Thread-0] INFO  http.HttpServer2 (HttpServer2.java:addGlobalFilter(975)) - Added global filter 'safety' (class=org.apache.hadoop.http.HttpServer2$QuotingInputFilter)
2019-10-24 05:11:11,294 [Thread-0] INFO  http.HttpServer2 (HttpServer2.java:addFilter(948)) - Added filter static_user_filter (class=org.apache.hadoop.http.lib.StaticUserWebFilter$StaticUserFilter) to context scm
2019-10-24 05:11:11,295 [Thread-0] INFO  http.HttpServer2 (HttpServer2.java:addFilter(958)) - Added filter static_user_filter (class=org.apache.hadoop.http.lib.StaticUserWebFilter$StaticUserFilter) to context logs
2019-10-24 05:11:11,295 [Thread-0] INFO  http.HttpServer2 (HttpServer2.java:addFilter(958)) - Added filter static_user_filter (class=org.apache.hadoop.http.lib.StaticUserWebFilter$StaticUserFilter) to context static
2019-10-24 05:11:11,322 [Thread-0] INFO  server.StorageContainerManager (StorageContainerManager.java:start(772)) - StorageContainerLocationProtocol RPC server is listening at /0.0.0.0:42758
2019-10-24 05:11:11,383 [Thread-0] WARN  impl.MetricsConfig (MetricsConfig.java:loadFirst(134)) - Cannot locate configuration: tried hadoop-metrics2-storagecontainermanager.properties,hadoop-metrics2.properties
2019-10-24 05:11:11,396 [Thread-0] INFO  impl.MetricsSystemImpl (MetricsSystemImpl.java:startTimer(374)) - Scheduled Metric snapshot period at 10 second(s).
2019-10-24 05:11:11,396 [Thread-0] INFO  impl.MetricsSystemImpl (MetricsSystemImpl.java:start(191)) - StorageContainerManager metrics system started
2019-10-24 05:11:11,611 [Thread-0] INFO  server.SCMClientProtocolServer (SCMClientProtocolServer.java:start(159)) - RPC server for Client  is listening at /0.0.0.0:42758
2019-10-24 05:11:11,612 [IPC Server Responder] INFO  ipc.Server (Server.java:run(1314)) - IPC Server Responder: starting
2019-10-24 05:11:11,612 [IPC Server listener on 42758] INFO  ipc.Server (Server.java:run(1153)) - IPC Server listener on 42758: starting
2019-10-24 05:11:11,614 [Thread-0] INFO  server.StorageContainerManager (StorageContainerManager.java:start(782)) - ScmBlockLocationProtocol RPC server is listening at /0.0.0.0:45339
2019-10-24 05:11:11,615 [Thread-0] INFO  server.SCMBlockProtocolServer (SCMBlockProtocolServer.java:start(146)) - RPC server for Block Protocol is listening at /0.0.0.0:45339
2019-10-24 05:11:11,615 [IPC Server Responder] INFO  ipc.Server (Server.java:run(1314)) - IPC Server Responder: starting
2019-10-24 05:11:11,615 [IPC Server listener on 45339] INFO  ipc.Server (Server.java:run(1153)) - IPC Server listener on 45339: starting
2019-10-24 05:11:11,617 [Thread-0] INFO  server.StorageContainerManager (StorageContainerManager.java:start(786)) - ScmDatanodeProtocl RPC server is listening at /0.0.0.0:42044
2019-10-24 05:11:11,617 [Thread-0] INFO  server.SCMDatanodeProtocolServer (SCMDatanodeProtocolServer.java:start(169)) - RPC server for DataNodes is listening at /0.0.0.0:42044
2019-10-24 05:11:11,618 [IPC Server Responder] INFO  ipc.Server (Server.java:run(1314)) - IPC Server Responder: starting
2019-10-24 05:11:11,618 [IPC Server listener on 42044] INFO  ipc.Server (Server.java:run(1153)) - IPC Server listener on 42044: starting
2019-10-24 05:11:11,621 [Thread-0] INFO  http.HttpServer2 (HttpServer2.java:bindListener(1191)) - Jetty bound to port 43280
2019-10-24 05:11:11,622 [Thread-0] INFO  server.Server (Server.java:doStart(351)) - jetty-9.3.25.v20180904, build timestamp: 2018-09-04T21:11:46Z, git hash: 3ce520221d0240229c862b122d2b06c12a625732
2019-10-24 05:11:11,659 [Thread-0] INFO  handler.ContextHandler (ContextHandler.java:doStart(781)) - Started o.e.j.s.ServletContextHandler@32fece9{/logs,file:///workdir/hadoop-ozone/integration-test/target/log,AVAILABLE}
2019-10-24 05:11:11,659 [Thread-0] INFO  handler.ContextHandler (ContextHandler.java:doStart(781)) - Started o.e.j.s.ServletContextHandler@343a3647{/static,file:///workdir/hadoop-ozone/integration-test/target/test-classes/webapps/static,AVAILABLE}
2019-10-24 05:11:11,706 [Thread-0] INFO  handler.ContextHandler (ContextHandler.java:doStart(781)) - Started o.e.j.w.WebAppContext@3b03930e{/,file:///workdir/hadoop-ozone/integration-test/target/test-classes/webapps/scm/,AVAILABLE}{/scm}
2019-10-24 05:11:11,713 [Thread-0] INFO  server.AbstractConnector (AbstractConnector.java:doStart(278)) - Started ServerConnector@16799612{HTTP/1.1,[http/1.1]}{0.0.0.0:43280}
2019-10-24 05:11:11,714 [Thread-0] INFO  server.Server (Server.java:doStart(419)) - Started @2596ms
2019-10-24 05:11:11,716 [Thread-0] INFO  impl.MetricsSinkAdapter (MetricsSinkAdapter.java:start(204)) - Sink prometheus started
2019-10-24 05:11:11,717 [Thread-0] INFO  impl.MetricsSystemImpl (MetricsSystemImpl.java:registerSink(301)) - Registered sink prometheus
2019-10-24 05:11:11,718 [Thread-0] INFO  server.BaseHttpServer (BaseHttpServer.java:updateConnectorAddress(215)) - HTTP server of SCM is listening at http://0.0.0.0:43280
2019-10-24 05:11:11,725 [org.apache.hadoop.util.JvmPauseMonitor$Monitor@7d043dee] INFO  util.JvmPauseMonitor (JvmPauseMonitor.java:run(188)) - Starting JVM pause monitor
2019-10-24 05:11:11,727 [Thread-0] WARN  server.ServerUtils (ServerUtils.java:getDBPath(222)) - ozone.om.db.dirs is not configured. We recommend adding this setting. Falling back to ozone.metadata.dirs instead.
2019-10-24 05:11:11,817 [Thread-0] INFO  ha.OMHANodeDetails (OMHANodeDetails.java:loadOMHAConfig(190)) - Configuration either no ozone.om.address set. Falling back to the default OM address /127.0.0.1:0
2019-10-24 05:11:11,817 [Thread-0] INFO  ha.OMHANodeDetails (OMHANodeDetails.java:getOMNodeDetails(220)) - OM Service ID is not set. Setting it to the default ID: omServiceIdDefault
2019-10-24 05:11:11,819 [Thread-0] WARN  server.ServerUtils (ServerUtils.java:getDBPath(222)) - ozone.om.db.dirs is not configured. We recommend adding this setting. Falling back to ozone.metadata.dirs instead.
2019-10-24 05:11:11,820 [Thread-0] WARN  server.ServerUtils (ServerUtils.java:getDBPath(222)) - ozone.om.db.dirs is not configured. We recommend adding this setting. Falling back to ozone.metadata.dirs instead.
2019-10-24 05:11:12,424 [Thread-0] WARN  server.ServerUtils (ServerUtils.java:getDBPath(222)) - ozone.om.db.dirs is not configured. We recommend adding this setting. Falling back to ozone.metadata.dirs instead.
2019-10-24 05:11:12,432 [Thread-0] INFO  db.DBStoreBuilder (DBStoreBuilder.java:addTable(127)) - using custom profile for table: userTable
2019-10-24 05:11:12,432 [Thread-0] INFO  db.DBStoreBuilder (DBStoreBuilder.java:processTables(183)) - Using default column profile:DBProfile.DISK for Table:userTable
2019-10-24 05:11:12,432 [Thread-0] INFO  db.DBStoreBuilder (DBStoreBuilder.java:addTable(127)) - using custom profile for table: volumeTable
2019-10-24 05:11:12,432 [Thread-0] INFO  db.DBStoreBuilder (DBStoreBuilder.java:processTables(183)) - Using default column profile:DBProfile.DISK for Table:volumeTable
2019-10-24 05:11:12,433 [Thread-0] INFO  db.DBStoreBuilder (DBStoreBuilder.java:addTable(127)) - using custom profile for table: bucketTable
2019-10-24 05:11:12,433 [Thread-0] INFO  db.DBStoreBuilder (DBStoreBuilder.java:processTables(183)) - Using default column profile:DBProfile.DISK for Table:bucketTable
2019-10-24 05:11:12,433 [Thread-0] INFO  db.DBStoreBuilder (DBStoreBuilder.java:addTable(127)) - using custom profile for table: keyTable
2019-10-24 05:11:12,433 [Thread-0] INFO  db.DBStoreBuilder (DBStoreBuilder.java:processTables(183)) - Using default column profile:DBProfile.DISK for Table:keyTable
2019-10-24 05:11:12,434 [Thread-0] INFO  db.DBStoreBuilder (DBStoreBuilder.java:addTable(127)) - using custom profile for table: deletedTable
2019-10-24 05:11:12,434 [Thread-0] INFO  db.DBStoreBuilder (DBStoreBuilder.java:processTables(183)) - Using default column profile:DBProfile.DISK for Table:deletedTable
2019-10-24 05:11:12,434 [Thread-0] INFO  db.DBStoreBuilder (DBStoreBuilder.java:addTable(127)) - using custom profile for table: openKeyTable
2019-10-24 05:11:12,434 [Thread-0] INFO  db.DBStoreBuilder (DBStoreBuilder.java:processTables(183)) - Using default column profile:DBProfile.DISK for Table:openKeyTable
2019-10-24 05:11:12,434 [Thread-0] INFO  db.DBStoreBuilder (DBStoreBuilder.java:addTable(127)) - using custom profile for table: s3Table
2019-10-24 05:11:12,434 [Thread-0] INFO  db.DBStoreBuilder (DBStoreBuilder.java:processTables(183)) - Using default column profile:DBProfile.DISK for Table:s3Table
2019-10-24 05:11:12,435 [Thread-0] INFO  db.DBStoreBuilder (DBStoreBuilder.java:addTable(127)) - using custom profile for table: multipartInfoTable
2019-10-24 05:11:12,435 [Thread-0] INFO  db.DBStoreBuilder (DBStoreBuilder.java:processTables(183)) - Using default column profile:DBProfile.DISK for Table:multipartInfoTable
2019-10-24 05:11:12,435 [Thread-0] INFO  db.DBStoreBuilder (DBStoreBuilder.java:addTable(127)) - using custom profile for table: dTokenTable
2019-10-24 05:11:12,435 [Thread-0] INFO  db.DBStoreBuilder (DBStoreBuilder.java:processTables(183)) - Using default column profile:DBProfile.DISK for Table:dTokenTable
2019-10-24 05:11:12,436 [Thread-0] INFO  db.DBStoreBuilder (DBStoreBuilder.java:addTable(127)) - using custom profile for table: s3SecretTable
2019-10-24 05:11:12,436 [Thread-0] INFO  db.DBStoreBuilder (DBStoreBuilder.java:processTables(183)) - Using default column profile:DBProfile.DISK for Table:s3SecretTable
2019-10-24 05:11:12,436 [Thread-0] INFO  db.DBStoreBuilder (DBStoreBuilder.java:addTable(127)) - using custom profile for table: prefixTable
2019-10-24 05:11:12,436 [Thread-0] INFO  db.DBStoreBuilder (DBStoreBuilder.java:processTables(183)) - Using default column profile:DBProfile.DISK for Table:prefixTable
2019-10-24 05:11:12,436 [Thread-0] INFO  db.DBStoreBuilder (DBStoreBuilder.java:addTable(127)) - using custom profile for table: default
2019-10-24 05:11:12,437 [Thread-0] INFO  db.DBStoreBuilder (DBStoreBuilder.java:processTables(189)) - Using default column profile:DBProfile.DISK for Table:default
2019-10-24 05:11:12,437 [Thread-0] INFO  db.DBStoreBuilder (DBStoreBuilder.java:getDbProfile(220)) - Using default options. DBProfile.DISK
2019-10-24 05:11:12,883 [Thread-0] INFO  ipc.CallQueueManager (CallQueueManager.java:<init>(84)) - Using callQueue: class java.util.concurrent.LinkedBlockingQueue, queueCapacity: 2000, scheduler: class org.apache.hadoop.ipc.DefaultRpcScheduler, ipcBackoff: false.
2019-10-24 05:11:12,884 [Socket Reader #1 for port 45790] INFO  ipc.Server (Server.java:run(1074)) - Starting Socket Reader #1 for port 45790
2019-10-24 05:11:12,901 [Thread-0] INFO  om.OzoneManager (OzoneManager.java:start(1074)) - OzoneManager RPC server is listening at localhost/127.0.0.1:45790
2019-10-24 05:11:12,901 [Thread-0] INFO  impl.MetricsSystemImpl (MetricsSystemImpl.java:init(158)) - OzoneManager metrics system started (again)
2019-10-24 05:11:12,908 [IPC Server Responder] INFO  ipc.Server (Server.java:run(1314)) - IPC Server Responder: starting
2019-10-24 05:11:12,909 [IPC Server listener on 45790] INFO  ipc.Server (Server.java:run(1153)) - IPC Server listener on 45790: starting
2019-10-24 05:11:12,913 [Thread-0] INFO  hdfs.DFSUtil (DFSUtil.java:httpServerTemplateForNNAndJN(1641)) - Starting Web-server for ozoneManager at: http://0.0.0.0:0
2019-10-24 05:11:12,915 [Thread-0] INFO  server.AuthenticationFilter (AuthenticationFilter.java:constructSecretProvider(240)) - Unable to initialize FileSignerSecretProvider, falling back to use random secrets.
2019-10-24 05:11:12,915 [Thread-0] WARN  http.HttpRequestLog (HttpRequestLog.java:getRequestLog(97)) - Jetty request log can only be enabled using Log4j
2019-10-24 05:11:12,917 [Thread-0] INFO  http.HttpServer2 (HttpServer2.java:addGlobalFilter(975)) - Added global filter 'safety' (class=org.apache.hadoop.http.HttpServer2$QuotingInputFilter)
2019-10-24 05:11:12,918 [Thread-0] INFO  http.HttpServer2 (HttpServer2.java:addFilter(948)) - Added filter static_user_filter (class=org.apache.hadoop.http.lib.StaticUserWebFilter$StaticUserFilter) to context ozoneManager
2019-10-24 05:11:12,918 [Thread-0] INFO  http.HttpServer2 (HttpServer2.java:addFilter(958)) - Added filter static_user_filter (class=org.apache.hadoop.http.lib.StaticUserWebFilter$StaticUserFilter) to context static
2019-10-24 05:11:12,918 [Thread-0] INFO  http.HttpServer2 (HttpServer2.java:addFilter(958)) - Added filter static_user_filter (class=org.apache.hadoop.http.lib.StaticUserWebFilter$StaticUserFilter) to context logs
2019-10-24 05:11:12,920 [Thread-0] INFO  http.HttpServer2 (HttpServer2.java:bindListener(1191)) - Jetty bound to port 44621
2019-10-24 05:11:12,920 [Thread-0] INFO  server.Server (Server.java:doStart(351)) - jetty-9.3.25.v20180904, build timestamp: 2018-09-04T21:11:46Z, git hash: 3ce520221d0240229c862b122d2b06c12a625732
2019-10-24 05:11:12,922 [Thread-0] INFO  handler.ContextHandler (ContextHandler.java:doStart(781)) - Started o.e.j.s.ServletContextHandler@73af225b{/logs,file:///workdir/hadoop-ozone/integration-test/target/log,AVAILABLE}
2019-10-24 05:11:12,922 [Thread-0] INFO  handler.ContextHandler (ContextHandler.java:doStart(781)) - Started o.e.j.s.ServletContextHandler@59f1ce91{/static,file:///workdir/hadoop-ozone/integration-test/target/test-classes/webapps/static,AVAILABLE}
2019-10-24 05:11:12,948 [Thread-0] INFO  handler.ContextHandler (ContextHandler.java:doStart(781)) - Started o.e.j.w.WebAppContext@6e52d07b{/,file:///workdir/hadoop-ozone/integration-test/target/test-classes/webapps/ozoneManager/,AVAILABLE}{/ozoneManager}
2019-10-24 05:11:12,949 [Thread-0] INFO  server.AbstractConnector (AbstractConnector.java:doStart(278)) - Started ServerConnector@4d6ecb46{HTTP/1.1,[http/1.1]}{0.0.0.0:44621}
2019-10-24 05:11:12,949 [Thread-0] INFO  server.Server (Server.java:doStart(419)) - Started @3831ms
2019-10-24 05:11:12,949 [Thread-0] WARN  impl.MetricsSystemImpl (MetricsSystemImpl.java:register(276)) - Sink prometheus already exists!
2019-10-24 05:11:12,950 [Thread-0] INFO  server.BaseHttpServer (BaseHttpServer.java:updateConnectorAddress(215)) - HTTP server of OZONEMANAGER is listening at http://0.0.0.0:44621
2019-10-24 05:11:13,196 [Thread-0] INFO  impl.MetricsSystemImpl (MetricsSystemImpl.java:init(158)) - HddsDatanode metrics system started (again)
2019-10-24 05:11:13,257 [Thread-0] INFO  ozone.HddsDatanodeService (HddsDatanodeService.java:start(184)) - HddsDatanodeService host:pr-hdds-1868-76l5x-1215882166 ip:192.168.69.98
2019-10-24 05:11:13,289 [Thread-0] INFO  volume.HddsVolume (HddsVolume.java:<init>(176)) - Creating Volume: /workdir/hadoop-ozone/integration-test/target/test-dir/MiniOzoneClusterImpl-228badc5-b9d9-45b2-a1b6-1d127042eb27/datanode-0/data/containers/hdds of  storage type : DISK and capacity : 1482555576320
2019-10-24 05:11:13,291 [Thread-0] INFO  volume.VolumeSet (VolumeSet.java:initializeVolumeSet(170)) - Added Volume : /workdir/hadoop-ozone/integration-test/target/test-dir/MiniOzoneClusterImpl-228badc5-b9d9-45b2-a1b6-1d127042eb27/datanode-0/data/containers/hdds to VolumeSet
2019-10-24 05:11:13,294 [Thread-0] INFO  volume.ThrottledAsyncChecker (ThrottledAsyncChecker.java:schedule(141)) - Scheduling a check for /workdir/hadoop-ozone/integration-test/target/test-dir/MiniOzoneClusterImpl-228badc5-b9d9-45b2-a1b6-1d127042eb27/datanode-0/data/containers/hdds
2019-10-24 05:11:13,310 [Thread-0] INFO  volume.HddsVolumeChecker (HddsVolumeChecker.java:checkAllVolumes(204)) - Scheduled health check for volume /workdir/hadoop-ozone/integration-test/target/test-dir/MiniOzoneClusterImpl-228badc5-b9d9-45b2-a1b6-1d127042eb27/datanode-0/data/containers/hdds
2019-10-24 05:11:13,414 [Thread-0] INFO  impl.RaftServerProxy (ConfUtils.java:logGet(43)) - raft.rpc.type = GRPC (default)
2019-10-24 05:11:13,477 [Thread-0] INFO  grpc.GrpcFactory (GrpcFactory.java:checkPooledByteBufAllocatorUseCacheForAllThreads(45)) - PERFORMANCE WARNING: useCacheForAllThreads is true that may cause Netty to create a lot garbage objects and, as a result, trigger GC.
	It is recommended to disable useCacheForAllThreads by setting -Dorg.apache.ratis.thirdparty.io.netty.allocator.useCacheForAllThreads=false in command line.
2019-10-24 05:11:13,482 [Thread-0] INFO  grpc.GrpcConfigKeys$Server (ConfUtils.java:logGet(43)) - raft.grpc.server.port = 0 (default)
2019-10-24 05:11:13,483 [Thread-0] INFO  server.GrpcService (ConfUtils.java:logGet(43)) - raft.grpc.message.size.max = 33570816 (custom)
2019-10-24 05:11:13,484 [Thread-0] INFO  server.RaftServerConfigKeys (ConfUtils.java:logGet(43)) - raft.server.log.appender.buffer.byte-limit = 33554432 (custom)
2019-10-24 05:11:13,485 [Thread-0] INFO  server.GrpcService (ConfUtils.java:logGet(43)) - raft.grpc.flow.control.window = 1MB (=1048576) (default)
2019-10-24 05:11:13,485 [Thread-0] INFO  server.RaftServerConfigKeys (ConfUtils.java:logGet(43)) - raft.server.rpc.request.timeout = 3000ms (default)
2019-10-24 05:11:13,626 [Thread-0] INFO  server.RaftServerConfigKeys (ConfUtils.java:logGet(43)) - raft.server.storage.dir = [/workdir/hadoop-ozone/integration-test/target/test-dir/MiniOzoneClusterImpl-228badc5-b9d9-45b2-a1b6-1d127042eb27/datanode-0/data/ratis] (custom)
2019-10-24 05:11:13,671 [Thread-0] INFO  hdfs.DFSUtil (DFSUtil.java:httpServerTemplateForNNAndJN(1641)) - Starting Web-server for hddsDatanode at: http://0.0.0.0:0
2019-10-24 05:11:13,672 [Thread-0] INFO  server.AuthenticationFilter (AuthenticationFilter.java:constructSecretProvider(240)) - Unable to initialize FileSignerSecretProvider, falling back to use random secrets.
2019-10-24 05:11:13,673 [Thread-0] WARN  http.HttpRequestLog (HttpRequestLog.java:getRequestLog(97)) - Jetty request log can only be enabled using Log4j
2019-10-24 05:11:13,674 [Thread-0] INFO  http.HttpServer2 (HttpServer2.java:addGlobalFilter(975)) - Added global filter 'safety' (class=org.apache.hadoop.http.HttpServer2$QuotingInputFilter)
2019-10-24 05:11:13,675 [Thread-0] INFO  http.HttpServer2 (HttpServer2.java:addFilter(948)) - Added filter static_user_filter (class=org.apache.hadoop.http.lib.StaticUserWebFilter$StaticUserFilter) to context hddsDatanode
2019-10-24 05:11:13,675 [Thread-0] INFO  http.HttpServer2 (HttpServer2.java:addFilter(958)) - Added filter static_user_filter (class=org.apache.hadoop.http.lib.StaticUserWebFilter$StaticUserFilter) to context logs
2019-10-24 05:11:13,675 [Thread-0] INFO  http.HttpServer2 (HttpServer2.java:addFilter(958)) - Added filter static_user_filter (class=org.apache.hadoop.http.lib.StaticUserWebFilter$StaticUserFilter) to context static
2019-10-24 05:11:13,676 [Thread-0] INFO  http.HttpServer2 (HttpServer2.java:bindListener(1191)) - Jetty bound to port 46420
2019-10-24 05:11:13,676 [Thread-0] INFO  server.Server (Server.java:doStart(351)) - jetty-9.3.25.v20180904, build timestamp: 2018-09-04T21:11:46Z, git hash: 3ce520221d0240229c862b122d2b06c12a625732
2019-10-24 05:11:13,678 [Thread-0] INFO  handler.ContextHandler (ContextHandler.java:doStart(781)) - Started o.e.j.s.ServletContextHandler@7a4723e5{/logs,file:///workdir/hadoop-ozone/integration-test/target/log,AVAILABLE}
2019-10-24 05:11:13,679 [Thread-0] INFO  handler.ContextHandler (ContextHandler.java:doStart(781)) - Started o.e.j.s.ServletContextHandler@6ddaaf1{/static,jar:file:/home/user/.m2/repository/org/apache/hadoop/hadoop-hdds-container-service/0.5.0-SNAPSHOT/hadoop-hdds-container-service-0.5.0-SNAPSHOT.jar!/webapps/static,AVAILABLE}
2019-10-24 05:11:13,731 [Thread-0] INFO  handler.ContextHandler (ContextHandler.java:doStart(781)) - Started o.e.j.w.WebAppContext@4d304280{/,file:///tmp/jetty-0.0.0.0-46420-hddsDatanode-_-any-1679418795839579258.dir/webapp/,AVAILABLE}{/hddsDatanode}
2019-10-24 05:11:13,731 [Thread-0] INFO  server.AbstractConnector (AbstractConnector.java:doStart(278)) - Started ServerConnector@71989fc1{HTTP/1.1,[http/1.1]}{0.0.0.0:46420}
2019-10-24 05:11:13,732 [Thread-0] INFO  server.Server (Server.java:doStart(419)) - Started @4614ms
2019-10-24 05:11:13,732 [Thread-0] WARN  impl.MetricsSystemImpl (MetricsSystemImpl.java:register(276)) - Sink prometheus already exists!
2019-10-24 05:11:13,734 [Thread-0] INFO  server.BaseHttpServer (BaseHttpServer.java:updateConnectorAddress(215)) - HTTP server of HDDSDATANODE is listening at http://0.0.0.0:46420
2019-10-24 05:11:13,735 [Thread-0] INFO  impl.MetricsSystemImpl (MetricsSystemImpl.java:init(158)) - HddsDatanode metrics system started (again)
2019-10-24 05:11:13,739 [Thread-0] INFO  ozone.HddsDatanodeService (HddsDatanodeService.java:start(184)) - HddsDatanodeService host:pr-hdds-1868-76l5x-1215882166 ip:192.168.69.98
2019-10-24 05:11:13,741 [org.apache.hadoop.util.JvmPauseMonitor$Monitor@323a4627] INFO  util.JvmPauseMonitor (JvmPauseMonitor.java:run(188)) - Starting JVM pause monitor
2019-10-24 05:11:13,749 [Thread-0] INFO  volume.HddsVolume (HddsVolume.java:<init>(176)) - Creating Volume: /workdir/hadoop-ozone/integration-test/target/test-dir/MiniOzoneClusterImpl-228badc5-b9d9-45b2-a1b6-1d127042eb27/datanode-1/data/containers/hdds of  storage type : DISK and capacity : 1482555576320
2019-10-24 05:11:13,749 [Thread-0] INFO  volume.VolumeSet (VolumeSet.java:initializeVolumeSet(170)) - Added Volume : /workdir/hadoop-ozone/integration-test/target/test-dir/MiniOzoneClusterImpl-228badc5-b9d9-45b2-a1b6-1d127042eb27/datanode-1/data/containers/hdds to VolumeSet
2019-10-24 05:11:13,750 [Thread-0] INFO  volume.ThrottledAsyncChecker (ThrottledAsyncChecker.java:schedule(141)) - Scheduling a check for /workdir/hadoop-ozone/integration-test/target/test-dir/MiniOzoneClusterImpl-228badc5-b9d9-45b2-a1b6-1d127042eb27/datanode-1/data/containers/hdds
2019-10-24 05:11:13,751 [Thread-0] INFO  volume.HddsVolumeChecker (HddsVolumeChecker.java:checkAllVolumes(204)) - Scheduled health check for volume /workdir/hadoop-ozone/integration-test/target/test-dir/MiniOzoneClusterImpl-228badc5-b9d9-45b2-a1b6-1d127042eb27/datanode-1/data/containers/hdds
2019-10-24 05:11:13,770 [Thread-0] INFO  impl.RaftServerProxy (ConfUtils.java:logGet(43)) - raft.rpc.type = GRPC (default)
2019-10-24 05:11:13,770 [Thread-0] INFO  grpc.GrpcFactory (GrpcFactory.java:checkPooledByteBufAllocatorUseCacheForAllThreads(45)) - PERFORMANCE WARNING: useCacheForAllThreads is true that may cause Netty to create a lot garbage objects and, as a result, trigger GC.
	It is recommended to disable useCacheForAllThreads by setting -Dorg.apache.ratis.thirdparty.io.netty.allocator.useCacheForAllThreads=false in command line.
2019-10-24 05:11:13,771 [Thread-0] INFO  grpc.GrpcConfigKeys$Server (ConfUtils.java:logGet(43)) - raft.grpc.server.port = 0 (default)
2019-10-24 05:11:13,771 [Thread-0] INFO  server.GrpcService (ConfUtils.java:logGet(43)) - raft.grpc.message.size.max = 33570816 (custom)
2019-10-24 05:11:13,771 [Thread-0] INFO  server.RaftServerConfigKeys (ConfUtils.java:logGet(43)) - raft.server.log.appender.buffer.byte-limit = 33554432 (custom)
2019-10-24 05:11:13,771 [Thread-0] INFO  server.GrpcService (ConfUtils.java:logGet(43)) - raft.grpc.flow.control.window = 1MB (=1048576) (default)
2019-10-24 05:11:13,772 [Thread-0] INFO  server.RaftServerConfigKeys (ConfUtils.java:logGet(43)) - raft.server.rpc.request.timeout = 3000ms (default)
2019-10-24 05:11:13,772 [Thread-0] INFO  server.RaftServerConfigKeys (ConfUtils.java:logGet(43)) - raft.server.storage.dir = [/workdir/hadoop-ozone/integration-test/target/test-dir/MiniOzoneClusterImpl-228badc5-b9d9-45b2-a1b6-1d127042eb27/datanode-1/data/ratis] (custom)
2019-10-24 05:11:13,775 [Thread-0] INFO  hdfs.DFSUtil (DFSUtil.java:httpServerTemplateForNNAndJN(1641)) - Starting Web-server for hddsDatanode at: http://0.0.0.0:0
2019-10-24 05:11:13,777 [Thread-0] INFO  server.AuthenticationFilter (AuthenticationFilter.java:constructSecretProvider(240)) - Unable to initialize FileSignerSecretProvider, falling back to use random secrets.
2019-10-24 05:11:13,777 [Thread-0] WARN  http.HttpRequestLog (HttpRequestLog.java:getRequestLog(97)) - Jetty request log can only be enabled using Log4j
2019-10-24 05:11:13,779 [Thread-0] INFO  http.HttpServer2 (HttpServer2.java:addGlobalFilter(975)) - Added global filter 'safety' (class=org.apache.hadoop.http.HttpServer2$QuotingInputFilter)
2019-10-24 05:11:13,780 [Thread-0] INFO  http.HttpServer2 (HttpServer2.java:addFilter(948)) - Added filter static_user_filter (class=org.apache.hadoop.http.lib.StaticUserWebFilter$StaticUserFilter) to context hddsDatanode
2019-10-24 05:11:13,781 [Thread-0] INFO  http.HttpServer2 (HttpServer2.java:addFilter(958)) - Added filter static_user_filter (class=org.apache.hadoop.http.lib.StaticUserWebFilter$StaticUserFilter) to context static
2019-10-24 05:11:13,781 [Thread-0] INFO  http.HttpServer2 (HttpServer2.java:addFilter(958)) - Added filter static_user_filter (class=org.apache.hadoop.http.lib.StaticUserWebFilter$StaticUserFilter) to context logs
2019-10-24 05:11:13,782 [Thread-0] INFO  http.HttpServer2 (HttpServer2.java:bindListener(1191)) - Jetty bound to port 40692
2019-10-24 05:11:13,782 [Thread-0] INFO  server.Server (Server.java:doStart(351)) - jetty-9.3.25.v20180904, build timestamp: 2018-09-04T21:11:46Z, git hash: 3ce520221d0240229c862b122d2b06c12a625732
2019-10-24 05:11:13,785 [Thread-0] INFO  handler.ContextHandler (ContextHandler.java:doStart(781)) - Started o.e.j.s.ServletContextHandler@6d10d81c{/logs,file:///workdir/hadoop-ozone/integration-test/target/log,AVAILABLE}
2019-10-24 05:11:13,785 [Thread-0] INFO  handler.ContextHandler (ContextHandler.java:doStart(781)) - Started o.e.j.s.ServletContextHandler@4c529686{/static,jar:file:/home/user/.m2/repository/org/apache/hadoop/hadoop-hdds-container-service/0.5.0-SNAPSHOT/hadoop-hdds-container-service-0.5.0-SNAPSHOT.jar!/webapps/static,AVAILABLE}
2019-10-24 05:11:13,823 [Thread-0] INFO  handler.ContextHandler (ContextHandler.java:doStart(781)) - Started o.e.j.w.WebAppContext@4abeb50e{/,file:///tmp/jetty-0.0.0.0-40692-hddsDatanode-_-any-6236588358458867363.dir/webapp/,AVAILABLE}{/hddsDatanode}
2019-10-24 05:11:13,823 [Thread-0] INFO  server.AbstractConnector (AbstractConnector.java:doStart(278)) - Started ServerConnector@4d87777b{HTTP/1.1,[http/1.1]}{0.0.0.0:40692}
2019-10-24 05:11:13,824 [Thread-0] INFO  server.Server (Server.java:doStart(419)) - Started @4706ms
2019-10-24 05:11:13,825 [Thread-0] WARN  impl.MetricsSystemImpl (MetricsSystemImpl.java:register(276)) - Sink prometheus already exists!
2019-10-24 05:11:13,826 [Thread-0] INFO  server.BaseHttpServer (BaseHttpServer.java:updateConnectorAddress(215)) - HTTP server of HDDSDATANODE is listening at http://0.0.0.0:40692
2019-10-24 05:11:13,826 [Thread-0] INFO  impl.MetricsSystemImpl (MetricsSystemImpl.java:init(158)) - HddsDatanode metrics system started (again)
2019-10-24 05:11:13,828 [Thread-0] INFO  ozone.HddsDatanodeService (HddsDatanodeService.java:start(184)) - HddsDatanodeService host:pr-hdds-1868-76l5x-1215882166 ip:192.168.69.98
2019-10-24 05:11:13,828 [org.apache.hadoop.util.JvmPauseMonitor$Monitor@4f1c7720] INFO  util.JvmPauseMonitor (JvmPauseMonitor.java:run(188)) - Starting JVM pause monitor
2019-10-24 05:11:13,837 [Thread-0] INFO  volume.HddsVolume (HddsVolume.java:<init>(176)) - Creating Volume: /workdir/hadoop-ozone/integration-test/target/test-dir/MiniOzoneClusterImpl-228badc5-b9d9-45b2-a1b6-1d127042eb27/datanode-2/data/containers/hdds of  storage type : DISK and capacity : 1482555576320
2019-10-24 05:11:13,838 [Thread-0] INFO  volume.VolumeSet (VolumeSet.java:initializeVolumeSet(170)) - Added Volume : /workdir/hadoop-ozone/integration-test/target/test-dir/MiniOzoneClusterImpl-228badc5-b9d9-45b2-a1b6-1d127042eb27/datanode-2/data/containers/hdds to VolumeSet
2019-10-24 05:11:13,838 [Thread-0] INFO  volume.ThrottledAsyncChecker (ThrottledAsyncChecker.java:schedule(141)) - Scheduling a check for /workdir/hadoop-ozone/integration-test/target/test-dir/MiniOzoneClusterImpl-228badc5-b9d9-45b2-a1b6-1d127042eb27/datanode-2/data/containers/hdds
2019-10-24 05:11:13,838 [Thread-0] INFO  volume.HddsVolumeChecker (HddsVolumeChecker.java:checkAllVolumes(204)) - Scheduled health check for volume /workdir/hadoop-ozone/integration-test/target/test-dir/MiniOzoneClusterImpl-228badc5-b9d9-45b2-a1b6-1d127042eb27/datanode-2/data/containers/hdds
2019-10-24 05:11:13,849 [Thread-0] INFO  impl.RaftServerProxy (ConfUtils.java:logGet(43)) - raft.rpc.type = GRPC (default)
2019-10-24 05:11:13,850 [Thread-0] INFO  grpc.GrpcFactory (GrpcFactory.java:checkPooledByteBufAllocatorUseCacheForAllThreads(45)) - PERFORMANCE WARNING: useCacheForAllThreads is true that may cause Netty to create a lot garbage objects and, as a result, trigger GC.
	It is recommended to disable useCacheForAllThreads by setting -Dorg.apache.ratis.thirdparty.io.netty.allocator.useCacheForAllThreads=false in command line.
2019-10-24 05:11:13,850 [Thread-0] INFO  grpc.GrpcConfigKeys$Server (ConfUtils.java:logGet(43)) - raft.grpc.server.port = 0 (default)
2019-10-24 05:11:13,850 [Thread-0] INFO  server.GrpcService (ConfUtils.java:logGet(43)) - raft.grpc.message.size.max = 33570816 (custom)
2019-10-24 05:11:13,850 [Thread-0] INFO  server.RaftServerConfigKeys (ConfUtils.java:logGet(43)) - raft.server.log.appender.buffer.byte-limit = 33554432 (custom)
2019-10-24 05:11:13,850 [Thread-0] INFO  server.GrpcService (ConfUtils.java:logGet(43)) - raft.grpc.flow.control.window = 1MB (=1048576) (default)
2019-10-24 05:11:13,850 [Thread-0] INFO  server.RaftServerConfigKeys (ConfUtils.java:logGet(43)) - raft.server.rpc.request.timeout = 3000ms (default)
2019-10-24 05:11:13,851 [Thread-0] INFO  server.RaftServerConfigKeys (ConfUtils.java:logGet(43)) - raft.server.storage.dir = [/workdir/hadoop-ozone/integration-test/target/test-dir/MiniOzoneClusterImpl-228badc5-b9d9-45b2-a1b6-1d127042eb27/datanode-2/data/ratis] (custom)
2019-10-24 05:11:13,853 [Thread-0] INFO  hdfs.DFSUtil (DFSUtil.java:httpServerTemplateForNNAndJN(1641)) - Starting Web-server for hddsDatanode at: http://0.0.0.0:0
2019-10-24 05:11:13,853 [Datanode State Machine Thread - 0] INFO  datanode.InitDatanodeState (InitDatanodeState.java:persistContainerDatanodeDetails(140)) - DatanodeDetails is persisted to /workdir/hadoop-ozone/integration-test/target/test-dir/MiniOzoneClusterImpl-228badc5-b9d9-45b2-a1b6-1d127042eb27/datanode-0/meta/datanode.id
2019-10-24 05:11:13,855 [Thread-0] INFO  server.AuthenticationFilter (AuthenticationFilter.java:constructSecretProvider(240)) - Unable to initialize FileSignerSecretProvider, falling back to use random secrets.
2019-10-24 05:11:13,856 [Thread-0] WARN  http.HttpRequestLog (HttpRequestLog.java:getRequestLog(97)) - Jetty request log can only be enabled using Log4j
2019-10-24 05:11:13,858 [Datanode State Machine Thread - 0] INFO  datanode.InitDatanodeState (InitDatanodeState.java:persistContainerDatanodeDetails(140)) - DatanodeDetails is persisted to /workdir/hadoop-ozone/integration-test/target/test-dir/MiniOzoneClusterImpl-228badc5-b9d9-45b2-a1b6-1d127042eb27/datanode-1/meta/datanode.id
2019-10-24 05:11:13,858 [Thread-0] INFO  http.HttpServer2 (HttpServer2.java:addGlobalFilter(975)) - Added global filter 'safety' (class=org.apache.hadoop.http.HttpServer2$QuotingInputFilter)
2019-10-24 05:11:13,859 [Thread-0] INFO  http.HttpServer2 (HttpServer2.java:addFilter(948)) - Added filter static_user_filter (class=org.apache.hadoop.http.lib.StaticUserWebFilter$StaticUserFilter) to context hddsDatanode
2019-10-24 05:11:13,859 [Thread-0] INFO  http.HttpServer2 (HttpServer2.java:addFilter(958)) - Added filter static_user_filter (class=org.apache.hadoop.http.lib.StaticUserWebFilter$StaticUserFilter) to context logs
2019-10-24 05:11:13,859 [Thread-0] INFO  http.HttpServer2 (HttpServer2.java:addFilter(958)) - Added filter static_user_filter (class=org.apache.hadoop.http.lib.StaticUserWebFilter$StaticUserFilter) to context static
2019-10-24 05:11:13,860 [Thread-0] INFO  http.HttpServer2 (HttpServer2.java:bindListener(1191)) - Jetty bound to port 39107
2019-10-24 05:11:13,860 [Thread-0] INFO  server.Server (Server.java:doStart(351)) - jetty-9.3.25.v20180904, build timestamp: 2018-09-04T21:11:46Z, git hash: 3ce520221d0240229c862b122d2b06c12a625732
2019-10-24 05:11:13,863 [Thread-0] INFO  handler.ContextHandler (ContextHandler.java:doStart(781)) - Started o.e.j.s.ServletContextHandler@28237e74{/logs,file:///workdir/hadoop-ozone/integration-test/target/log,AVAILABLE}
2019-10-24 05:11:13,864 [Thread-0] INFO  handler.ContextHandler (ContextHandler.java:doStart(781)) - Started o.e.j.s.ServletContextHandler@6270d069{/static,jar:file:/home/user/.m2/repository/org/apache/hadoop/hadoop-hdds-container-service/0.5.0-SNAPSHOT/hadoop-hdds-container-service-0.5.0-SNAPSHOT.jar!/webapps/static,AVAILABLE}
2019-10-24 05:11:13,890 [Thread-0] INFO  handler.ContextHandler (ContextHandler.java:doStart(781)) - Started o.e.j.w.WebAppContext@1018ae0b{/,file:///tmp/jetty-0.0.0.0-39107-hddsDatanode-_-any-2337634176400842508.dir/webapp/,AVAILABLE}{/hddsDatanode}
2019-10-24 05:11:13,891 [Thread-0] INFO  server.AbstractConnector (AbstractConnector.java:doStart(278)) - Started ServerConnector@775fb648{HTTP/1.1,[http/1.1]}{0.0.0.0:39107}
2019-10-24 05:11:13,891 [Thread-0] INFO  server.Server (Server.java:doStart(419)) - Started @4773ms
2019-10-24 05:11:13,891 [Thread-0] WARN  impl.MetricsSystemImpl (MetricsSystemImpl.java:register(276)) - Sink prometheus already exists!
2019-10-24 05:11:13,892 [Thread-0] INFO  server.BaseHttpServer (BaseHttpServer.java:updateConnectorAddress(215)) - HTTP server of HDDSDATANODE is listening at http://0.0.0.0:39107
2019-10-24 05:11:13,893 [Thread-0] INFO  ozone.MiniOzoneClusterImpl (MiniOzoneClusterImpl.java:lambda$waitForClusterToBeReady$2(171)) - Waiting for cluster to be ready. Got 0 of 3 DN Heartbeats.
2019-10-24 05:11:13,894 [org.apache.hadoop.util.JvmPauseMonitor$Monitor@6506bbae] INFO  util.JvmPauseMonitor (JvmPauseMonitor.java:run(188)) - Starting JVM pause monitor
2019-10-24 05:11:13,897 [Datanode State Machine Thread - 0] INFO  datanode.InitDatanodeState (InitDatanodeState.java:persistContainerDatanodeDetails(140)) - DatanodeDetails is persisted to /workdir/hadoop-ozone/integration-test/target/test-dir/MiniOzoneClusterImpl-228badc5-b9d9-45b2-a1b6-1d127042eb27/datanode-2/meta/datanode.id
2019-10-24 05:11:14,894 [Thread-0] INFO  ozone.MiniOzoneClusterImpl (MiniOzoneClusterImpl.java:lambda$waitForClusterToBeReady$2(171)) - Waiting for cluster to be ready. Got 0 of 3 DN Heartbeats.
2019-10-24 05:11:15,830 [Datanode State Machine Thread - 0] INFO  ozoneimpl.OzoneContainer (OzoneContainer.java:start(213)) - Attempting to start container services.
2019-10-24 05:11:15,834 [Datanode State Machine Thread - 0] INFO  ozoneimpl.OzoneContainer (OzoneContainer.java:startContainerScrub(177)) - Background container scanner has been disabled.
2019-10-24 05:11:15,835 [Datanode State Machine Thread - 0] INFO  ratis.XceiverServerRatis (XceiverServerRatis.java:start(425)) - Starting XceiverServerRatis 63d99294-108b-4e1b-bea3-8d2173b82890 at port 0
2019-10-24 05:11:15,845 [Datanode State Machine Thread - 0] INFO  ozoneimpl.OzoneContainer (OzoneContainer.java:start(213)) - Attempting to start container services.
2019-10-24 05:11:15,852 [Datanode State Machine Thread - 0] INFO  ozoneimpl.OzoneContainer (OzoneContainer.java:startContainerScrub(177)) - Background container scanner has been disabled.
2019-10-24 05:11:15,852 [Datanode State Machine Thread - 0] INFO  ratis.XceiverServerRatis (XceiverServerRatis.java:start(425)) - Starting XceiverServerRatis d392a8c2-8b62-4ceb-8e6a-52fec3970fa4 at port 0
2019-10-24 05:11:15,868 [Datanode State Machine Thread - 0] INFO  impl.RaftServerProxy (RaftServerProxy.java:lambda$start$3(299)) - d392a8c2-8b62-4ceb-8e6a-52fec3970fa4: start RPC server
2019-10-24 05:11:15,868 [Datanode State Machine Thread - 0] INFO  impl.RaftServerProxy (RaftServerProxy.java:lambda$start$3(299)) - 63d99294-108b-4e1b-bea3-8d2173b82890: start RPC server
2019-10-24 05:11:15,896 [Thread-0] INFO  ozone.MiniOzoneClusterImpl (MiniOzoneClusterImpl.java:lambda$waitForClusterToBeReady$2(171)) - Waiting for cluster to be ready. Got 0 of 3 DN Heartbeats.
2019-10-24 05:11:15,908 [Datanode State Machine Thread - 0] INFO  ozoneimpl.OzoneContainer (OzoneContainer.java:start(213)) - Attempting to start container services.
2019-10-24 05:11:15,910 [Datanode State Machine Thread - 0] INFO  ozoneimpl.OzoneContainer (OzoneContainer.java:startContainerScrub(177)) - Background container scanner has been disabled.
2019-10-24 05:11:15,910 [Datanode State Machine Thread - 0] INFO  ratis.XceiverServerRatis (XceiverServerRatis.java:start(425)) - Starting XceiverServerRatis 3e14be36-a4da-40a9-b9d8-40e3f7d5caa1 at port 0
2019-10-24 05:11:15,921 [Datanode State Machine Thread - 0] INFO  impl.RaftServerProxy (RaftServerProxy.java:lambda$start$3(299)) - 3e14be36-a4da-40a9-b9d8-40e3f7d5caa1: start RPC server
2019-10-24 05:11:16,015 [Datanode State Machine Thread - 0] INFO  server.GrpcService (GrpcService.java:startImpl(158)) - d392a8c2-8b62-4ceb-8e6a-52fec3970fa4: GrpcService started, listening on 0.0.0.0/0.0.0.0:38225
2019-10-24 05:11:16,015 [Datanode State Machine Thread - 0] INFO  server.GrpcService (GrpcService.java:startImpl(158)) - 63d99294-108b-4e1b-bea3-8d2173b82890: GrpcService started, listening on 0.0.0.0/0.0.0.0:37238
2019-10-24 05:11:16,015 [Datanode State Machine Thread - 0] INFO  server.GrpcService (GrpcService.java:startImpl(158)) - 3e14be36-a4da-40a9-b9d8-40e3f7d5caa1: GrpcService started, listening on 0.0.0.0/0.0.0.0:43780
2019-10-24 05:11:16,016 [Datanode State Machine Thread - 0] INFO  ratis.XceiverServerRatis (XceiverServerRatis.java:start(435)) - XceiverServerRatis 63d99294-108b-4e1b-bea3-8d2173b82890 is started using port 37238
2019-10-24 05:11:16,016 [Datanode State Machine Thread - 0] INFO  ratis.XceiverServerRatis (XceiverServerRatis.java:start(435)) - XceiverServerRatis d392a8c2-8b62-4ceb-8e6a-52fec3970fa4 is started using port 38225
2019-10-24 05:11:16,016 [Datanode State Machine Thread - 0] INFO  ratis.XceiverServerRatis (XceiverServerRatis.java:start(435)) - XceiverServerRatis 3e14be36-a4da-40a9-b9d8-40e3f7d5caa1 is started using port 43780
2019-10-24 05:11:16,022 [Datanode State Machine Thread - 0] INFO  server.XceiverServerGrpc (XceiverServerGrpc.java:start(149)) - XceiverServerGrpc 3e14be36-a4da-40a9-b9d8-40e3f7d5caa1 is started using port 45369
2019-10-24 05:11:16,022 [Datanode State Machine Thread - 0] INFO  server.XceiverServerGrpc (XceiverServerGrpc.java:start(149)) - XceiverServerGrpc 63d99294-108b-4e1b-bea3-8d2173b82890 is started using port 36162
2019-10-24 05:11:16,022 [Datanode State Machine Thread - 0] INFO  server.XceiverServerGrpc (XceiverServerGrpc.java:start(149)) - XceiverServerGrpc d392a8c2-8b62-4ceb-8e6a-52fec3970fa4 is started using port 44712
2019-10-24 05:11:16,896 [Thread-0] INFO  ozone.MiniOzoneClusterImpl (MiniOzoneClusterImpl.java:lambda$waitForClusterToBeReady$2(171)) - Waiting for cluster to be ready. Got 0 of 3 DN Heartbeats.
2019-10-24 05:11:17,784 [IPC Server handler 0 on 42044] INFO  net.NetworkTopology (NetworkTopologyImpl.java:add(111)) - Added a new node: /default-rack/63d99294-108b-4e1b-bea3-8d2173b82890
2019-10-24 05:11:17,785 [IPC Server handler 0 on 42044] INFO  node.SCMNodeManager (SCMNodeManager.java:register(268)) - Registered Data node : 63d99294-108b-4e1b-bea3-8d2173b82890{ip: 192.168.69.98, host: pr-hdds-1868-76l5x-1215882166, networkLocation: /default-rack, certSerialId: null}
2019-10-24 05:11:17,789 [EventQueue-NodeRegistrationContainerReportForDataNodeSafeModeRule] INFO  safemode.SCMSafeModeManager (DataNodeSafeModeRule.java:process(71)) - SCM in safe mode. 1 DataNodes registered, 1 required.
2019-10-24 05:11:17,789 [EventQueue-NodeRegistrationContainerReportForDataNodeSafeModeRule] INFO  safemode.SCMSafeModeManager (SCMSafeModeManager.java:validateSafeModeExitRules(177)) - ScmSafeModeManager, all rules are successfully validated
2019-10-24 05:11:17,789 [EventQueue-NodeRegistrationContainerReportForDataNodeSafeModeRule] INFO  safemode.SCMSafeModeManager (SCMSafeModeManager.java:exitSafeMode(193)) - SCM exiting safe mode.
2019-10-24 05:11:17,833 [IPC Server handler 2 on 42044] INFO  net.NetworkTopology (NetworkTopologyImpl.java:add(111)) - Added a new node: /default-rack/d392a8c2-8b62-4ceb-8e6a-52fec3970fa4
2019-10-24 05:11:17,833 [IPC Server handler 2 on 42044] INFO  node.SCMNodeManager (SCMNodeManager.java:register(268)) - Registered Data node : d392a8c2-8b62-4ceb-8e6a-52fec3970fa4{ip: 192.168.69.98, host: pr-hdds-1868-76l5x-1215882166, networkLocation: /default-rack, certSerialId: null}
2019-10-24 05:11:17,898 [IPC Server handler 1 on 42044] INFO  net.NetworkTopology (NetworkTopologyImpl.java:add(111)) - Added a new node: /default-rack/3e14be36-a4da-40a9-b9d8-40e3f7d5caa1
2019-10-24 05:11:17,898 [IPC Server handler 1 on 42044] INFO  node.SCMNodeManager (SCMNodeManager.java:register(268)) - Registered Data node : 3e14be36-a4da-40a9-b9d8-40e3f7d5caa1{ip: 192.168.69.98, host: pr-hdds-1868-76l5x-1215882166, networkLocation: /default-rack, certSerialId: null}
2019-10-24 05:11:18,297 [grpc-default-executor-0] INFO  impl.RaftServerProxy (RaftServerProxy.java:addNew(89)) - 63d99294-108b-4e1b-bea3-8d2173b82890: addNew group-47AA61037891:[63d99294-108b-4e1b-bea3-8d2173b82890:192.168.69.98:37238] returns group-47AA61037891:java.util.concurrent.CompletableFuture@51e16f7e[Not completed]
2019-10-24 05:11:18,316 [pool-27-thread-1] INFO  impl.RaftServerImpl (RaftServerImpl.java:<init>(98)) - 63d99294-108b-4e1b-bea3-8d2173b82890: new RaftServerImpl for group-47AA61037891:[63d99294-108b-4e1b-bea3-8d2173b82890:192.168.69.98:37238] with ContainerStateMachine:uninitialized
2019-10-24 05:11:18,319 [pool-27-thread-1] INFO  server.RaftServerConfigKeys (ConfUtils.java:logGet(43)) - raft.server.rpc.timeout.min = 5s (custom)
2019-10-24 05:11:18,320 [pool-27-thread-1] INFO  server.RaftServerConfigKeys (ConfUtils.java:logGet(43)) - raft.server.rpc.timeout.max = 5200ms (custom)
2019-10-24 05:11:18,320 [pool-27-thread-1] INFO  server.RaftServerConfigKeys (ConfUtils.java:logGet(43)) - raft.server.rpcslowness.timeout = 120s (custom)
2019-10-24 05:11:18,321 [pool-27-thread-1] INFO  server.RaftServerConfigKeys (ConfUtils.java:logGet(43)) - raft.server.sleep.deviation.threshold = 300 (default)
2019-10-24 05:11:18,322 [pool-27-thread-1] INFO  server.RaftServerConfigKeys (ConfUtils.java:logGet(43)) - raft.server.log.appender.install.snapshot.enabled = false (custom)
2019-10-24 05:11:18,331 [pool-27-thread-1] INFO  impl.RaftServerImpl (ServerState.java:<init>(103)) - 63d99294-108b-4e1b-bea3-8d2173b82890@group-47AA61037891: ConfigurationManager, init=-1: [63d99294-108b-4e1b-bea3-8d2173b82890:192.168.69.98:37238], old=null, confs=<EMPTY_MAP>
2019-10-24 05:11:18,332 [pool-27-thread-1] INFO  server.RaftServerConfigKeys (ConfUtils.java:logGet(43)) - raft.server.storage.dir = [/workdir/hadoop-ozone/integration-test/target/test-dir/MiniOzoneClusterImpl-228badc5-b9d9-45b2-a1b6-1d127042eb27/datanode-0/data/ratis] (custom)
2019-10-24 05:11:18,339 [pool-27-thread-1] INFO  server.RaftServerConfigKeys (ConfUtils.java:logGet(43)) - raft.server.log.corruption.policy = EXCEPTION (default)
2019-10-24 05:11:18,341 [pool-27-thread-1] INFO  storage.RaftStorageDirectory (RaftStorageDirectory.java:analyzeStorage(246)) - The storage directory /workdir/hadoop-ozone/integration-test/target/test-dir/MiniOzoneClusterImpl-228badc5-b9d9-45b2-a1b6-1d127042eb27/datanode-0/data/ratis/f2619d9c-a030-4dd8-b281-47aa61037891 does not exist. Creating ...
2019-10-24 05:11:18,367 [pool-27-thread-1] INFO  storage.RaftStorageDirectory (RaftStorageDirectory.java:tryLock(328)) - Lock on /workdir/hadoop-ozone/integration-test/target/test-dir/MiniOzoneClusterImpl-228badc5-b9d9-45b2-a1b6-1d127042eb27/datanode-0/data/ratis/f2619d9c-a030-4dd8-b281-47aa61037891/in_use.lock acquired by nodename 10845@pr-hdds-1868-76l5x-1215882166
2019-10-24 05:11:18,385 [pool-27-thread-1] INFO  storage.RaftStorage (RaftStorage.java:format(84)) - Storage directory /workdir/hadoop-ozone/integration-test/target/test-dir/MiniOzoneClusterImpl-228badc5-b9d9-45b2-a1b6-1d127042eb27/datanode-0/data/ratis/f2619d9c-a030-4dd8-b281-47aa61037891 has been successfully formatted.
2019-10-24 05:11:18,387 [pool-27-thread-1] INFO  ratis.ContainerStateMachine (ContainerStateMachine.java:loadSnapshot(233)) - group-47AA61037891: The snapshot info is null. Setting the last applied indexto:(t:0, i:~)
2019-10-24 05:11:18,388 [pool-27-thread-1] INFO  server.RaftServerConfigKeys (ConfUtils.java:logGet(43)) - raft.server.notification.no-leader.timeout = 120s (custom)
2019-10-24 05:11:18,390 [pool-27-thread-1] INFO  server.RaftServerConfigKeys (ConfUtils.java:logGet(43)) - raft.server.log.use.memory = false (default)
2019-10-24 05:11:18,395 [pool-27-thread-1] INFO  server.RaftServerConfigKeys (ConfUtils.java:logGet(43)) - raft.server.log.purge.gap = 1000000 (custom)
2019-10-24 05:11:18,396 [pool-27-thread-1] INFO  server.RaftServerConfigKeys (ConfUtils.java:logGet(43)) - raft.server.log.appender.buffer.byte-limit = 33554432 (custom)
2019-10-24 05:11:18,398 [pool-27-thread-1] INFO  server.RaftServerConfigKeys (ConfUtils.java:logGet(43)) - raft.server.log.segment.size.max = 1048576 (custom)
2019-10-24 05:11:18,403 [pool-27-thread-1] INFO  metrics.MetricRegistries (MetricRegistriesLoader.java:load(64)) - Loaded MetricRegistries class org.apache.ratis.metrics.impl.MetricRegistriesImpl
2019-10-24 05:11:18,406 [pool-27-thread-1] WARN  impl.MetricRegistriesImpl (MetricRegistriesImpl.java:lambda$create$1(61)) - First MetricRegistry has been created without registering reporters. You may need to call MetricRegistries.global().addReportRegistration(...) before.
2019-10-24 05:11:18,411 [pool-27-thread-1] INFO  server.RaftServerConfigKeys (ConfUtils.java:logGet(43)) - raft.server.log.segment.cache.num.max = 2 (custom)
2019-10-24 05:11:18,417 [pool-27-thread-1] INFO  segmented.SegmentedRaftLogWorker (SegmentedRaftLogWorker.java:<init>(173)) - new 63d99294-108b-4e1b-bea3-8d2173b82890@group-47AA61037891-SegmentedRaftLogWorker for RaftStorage:Storage Directory /workdir/hadoop-ozone/integration-test/target/test-dir/MiniOzoneClusterImpl-228badc5-b9d9-45b2-a1b6-1d127042eb27/datanode-0/data/ratis/f2619d9c-a030-4dd8-b281-47aa61037891
2019-10-24 05:11:18,417 [pool-27-thread-1] INFO  server.RaftServerConfigKeys (ConfUtils.java:logGet(43)) - raft.server.log.queue.byte-limit = 2147483647 (custom)
2019-10-24 05:11:18,418 [pool-27-thread-1] INFO  server.RaftServerConfigKeys (ConfUtils.java:logGet(43)) - raft.server.log.queue.element-limit = 1024 (custom)
2019-10-24 05:11:18,419 [pool-27-thread-1] INFO  server.RaftServerConfigKeys (ConfUtils.java:logGet(43)) - raft.server.log.segment.size.max = 1048576 (custom)
2019-10-24 05:11:18,420 [pool-27-thread-1] INFO  server.RaftServerConfigKeys (ConfUtils.java:logGet(43)) - raft.server.log.preallocated.size = 16384 (custom)
2019-10-24 05:11:18,420 [pool-27-thread-1] INFO  server.RaftServerConfigKeys (ConfUtils.java:logGet(43)) - raft.server.log.write.buffer.size = 33554432 (custom)
2019-10-24 05:11:18,421 [pool-27-thread-1] INFO  server.RaftServerConfigKeys (ConfUtils.java:logGet(43)) - raft.server.log.force.sync.num = 128 (default)
2019-10-24 05:11:18,422 [pool-27-thread-1] INFO  server.RaftServerConfigKeys (ConfUtils.java:logGet(43)) - raft.server.log.statemachine.data.sync = true (default)
2019-10-24 05:11:18,422 [pool-27-thread-1] INFO  server.RaftServerConfigKeys (ConfUtils.java:logGet(43)) - raft.server.log.statemachine.data.sync.timeout = 10s (default)
2019-10-24 05:11:18,422 [pool-27-thread-1] INFO  server.RaftServerConfigKeys (ConfUtils.java:logGet(43)) - raft.server.log.statemachine.data.sync.timeout.retry = -1 (default)
2019-10-24 05:11:18,432 [pool-27-thread-1] INFO  server.RaftServerConfigKeys (ConfUtils.java:logGet(43)) - raft.server.log.statemachine.data.caching.enabled = true (custom)
2019-10-24 05:11:18,437 [pool-27-thread-1] INFO  segmented.SegmentedRaftLogWorker (SegmentedRaftLogWorker.java:lambda$new$0(128)) - 63d99294-108b-4e1b-bea3-8d2173b82890@group-47AA61037891-SegmentedRaftLogWorker: flushIndex: setUnconditionally 0 -> -1
2019-10-24 05:11:18,441 [pool-27-thread-1] INFO  server.RaftServerConfigKeys (ConfUtils.java:logGet(43)) - raft.server.snapshot.auto.trigger.enabled = true (custom)
2019-10-24 05:11:18,442 [pool-27-thread-1] INFO  server.RaftServerConfigKeys (ConfUtils.java:logGet(43)) - raft.server.snapshot.auto.trigger.threshold = 10000 (custom)
2019-10-24 05:11:18,443 [pool-27-thread-1] INFO  server.RaftServerConfigKeys (ConfUtils.java:logGet(43)) - raft.server.snapshot.retention.file.num = 5 (custom)
2019-10-24 05:11:18,443 [pool-27-thread-1] INFO  server.RaftServerConfigKeys (ConfUtils.java:logGet(43)) - raft.server.retrycache.expirytime = 600000ms (custom)
2019-10-24 05:11:18,464 [pool-27-thread-1] WARN  impl.MetricRegistriesImpl (MetricRegistriesImpl.java:lambda$create$1(61)) - First MetricRegistry has been created without registering reporters. You may need to call MetricRegistries.global().addReportRegistration(...) before.
2019-10-24 05:11:18,466 [pool-27-thread-1] WARN  impl.MetricRegistriesImpl (MetricRegistriesImpl.java:lambda$create$1(61)) - First MetricRegistry has been created without registering reporters. You may need to call MetricRegistries.global().addReportRegistration(...) before.
2019-10-24 05:11:18,468 [pool-27-thread-1] INFO  impl.RaftServerImpl (RaftServerImpl.java:start(184)) - 63d99294-108b-4e1b-bea3-8d2173b82890@group-47AA61037891: start as a follower, conf=-1: [63d99294-108b-4e1b-bea3-8d2173b82890:192.168.69.98:37238], old=null
2019-10-24 05:11:18,469 [pool-27-thread-1] INFO  impl.RaftServerImpl (RaftServerImpl.java:setRole(173)) - 63d99294-108b-4e1b-bea3-8d2173b82890@group-47AA61037891: changes role from      null to FOLLOWER at term 0 for startAsFollower
2019-10-24 05:11:18,470 [pool-27-thread-1] INFO  impl.RoleInfo (RoleInfo.java:updateAndGet(143)) - 63d99294-108b-4e1b-bea3-8d2173b82890: start FollowerState
2019-10-24 05:11:18,472 [pool-27-thread-1] INFO  util.JmxRegister (JmxRegister.java:tryRegister(44)) - Successfully registered JMX Bean with object name Ratis:service=RaftServer,group=group-47AA61037891,id=63d99294-108b-4e1b-bea3-8d2173b82890
2019-10-24 05:11:18,473 [pool-27-thread-1] WARN  impl.MetricRegistriesImpl (MetricRegistriesImpl.java:lambda$create$1(61)) - First MetricRegistry has been created without registering reporters. You may need to call MetricRegistries.global().addReportRegistration(...) before.
2019-10-24 05:11:18,545 [RatisPipelineUtilsThread] INFO  pipeline.PipelineStateManager (PipelineStateManager.java:addPipeline(55)) - Created pipeline Pipeline[ Id: f2619d9c-a030-4dd8-b281-47aa61037891, Nodes: 63d99294-108b-4e1b-bea3-8d2173b82890{ip: 192.168.69.98, host: pr-hdds-1868-76l5x-1215882166, networkLocation: /default-rack, certSerialId: null}, Type:RATIS, Factor:ONE, State:ALLOCATED]
2019-10-24 05:11:18,566 [grpc-default-executor-0] INFO  impl.RaftServerProxy (RaftServerProxy.java:addNew(89)) - d392a8c2-8b62-4ceb-8e6a-52fec3970fa4: addNew group-A6229520B9D7:[d392a8c2-8b62-4ceb-8e6a-52fec3970fa4:192.168.69.98:38225] returns group-A6229520B9D7:java.util.concurrent.CompletableFuture@1238eb27[Not completed]
2019-10-24 05:11:18,593 [pool-37-thread-1] INFO  impl.RaftServerImpl (RaftServerImpl.java:<init>(98)) - d392a8c2-8b62-4ceb-8e6a-52fec3970fa4: new RaftServerImpl for group-A6229520B9D7:[d392a8c2-8b62-4ceb-8e6a-52fec3970fa4:192.168.69.98:38225] with ContainerStateMachine:uninitialized
2019-10-24 05:11:18,595 [pool-37-thread-1] INFO  server.RaftServerConfigKeys (ConfUtils.java:logGet(43)) - raft.server.rpc.timeout.min = 5s (custom)
2019-10-24 05:11:18,595 [pool-37-thread-1] INFO  server.RaftServerConfigKeys (ConfUtils.java:logGet(43)) - raft.server.rpc.timeout.max = 5200ms (custom)
2019-10-24 05:11:18,596 [pool-37-thread-1] INFO  server.RaftServerConfigKeys (ConfUtils.java:logGet(43)) - raft.server.rpcslowness.timeout = 120s (custom)
2019-10-24 05:11:18,596 [pool-37-thread-1] INFO  server.RaftServerConfigKeys (ConfUtils.java:logGet(43)) - raft.server.sleep.deviation.threshold = 300 (default)
2019-10-24 05:11:18,596 [pool-37-thread-1] INFO  server.RaftServerConfigKeys (ConfUtils.java:logGet(43)) - raft.server.log.appender.install.snapshot.enabled = false (custom)
2019-10-24 05:11:18,597 [pool-37-thread-1] INFO  impl.RaftServerImpl (ServerState.java:<init>(103)) - d392a8c2-8b62-4ceb-8e6a-52fec3970fa4@group-A6229520B9D7: ConfigurationManager, init=-1: [d392a8c2-8b62-4ceb-8e6a-52fec3970fa4:192.168.69.98:38225], old=null, confs=<EMPTY_MAP>
2019-10-24 05:11:18,597 [pool-37-thread-1] INFO  server.RaftServerConfigKeys (ConfUtils.java:logGet(43)) - raft.server.storage.dir = [/workdir/hadoop-ozone/integration-test/target/test-dir/MiniOzoneClusterImpl-228badc5-b9d9-45b2-a1b6-1d127042eb27/datanode-1/data/ratis] (custom)
2019-10-24 05:11:18,597 [pool-37-thread-1] INFO  server.RaftServerConfigKeys (ConfUtils.java:logGet(43)) - raft.server.log.corruption.policy = EXCEPTION (default)
2019-10-24 05:11:18,598 [pool-37-thread-1] INFO  storage.RaftStorageDirectory (RaftStorageDirectory.java:analyzeStorage(246)) - The storage directory /workdir/hadoop-ozone/integration-test/target/test-dir/MiniOzoneClusterImpl-228badc5-b9d9-45b2-a1b6-1d127042eb27/datanode-1/data/ratis/991dc529-f590-4a5d-96cf-a6229520b9d7 does not exist. Creating ...
2019-10-24 05:11:18,615 [pool-37-thread-1] INFO  storage.RaftStorageDirectory (RaftStorageDirectory.java:tryLock(328)) - Lock on /workdir/hadoop-ozone/integration-test/target/test-dir/MiniOzoneClusterImpl-228badc5-b9d9-45b2-a1b6-1d127042eb27/datanode-1/data/ratis/991dc529-f590-4a5d-96cf-a6229520b9d7/in_use.lock acquired by nodename 10845@pr-hdds-1868-76l5x-1215882166
2019-10-24 05:11:18,637 [pool-37-thread-1] INFO  storage.RaftStorage (RaftStorage.java:format(84)) - Storage directory /workdir/hadoop-ozone/integration-test/target/test-dir/MiniOzoneClusterImpl-228badc5-b9d9-45b2-a1b6-1d127042eb27/datanode-1/data/ratis/991dc529-f590-4a5d-96cf-a6229520b9d7 has been successfully formatted.
2019-10-24 05:11:18,638 [pool-37-thread-1] INFO  ratis.ContainerStateMachine (ContainerStateMachine.java:loadSnapshot(233)) - group-A6229520B9D7: The snapshot info is null. Setting the last applied indexto:(t:0, i:~)
2019-10-24 05:11:18,639 [pool-37-thread-1] INFO  server.RaftServerConfigKeys (ConfUtils.java:logGet(43)) - raft.server.notification.no-leader.timeout = 120s (custom)
2019-10-24 05:11:18,639 [pool-37-thread-1] INFO  server.RaftServerConfigKeys (ConfUtils.java:logGet(43)) - raft.server.log.use.memory = false (default)
2019-10-24 05:11:18,640 [pool-37-thread-1] INFO  server.RaftServerConfigKeys (ConfUtils.java:logGet(43)) - raft.server.log.purge.gap = 1000000 (custom)
2019-10-24 05:11:18,640 [pool-37-thread-1] INFO  server.RaftServerConfigKeys (ConfUtils.java:logGet(43)) - raft.server.log.appender.buffer.byte-limit = 33554432 (custom)
2019-10-24 05:11:18,640 [pool-37-thread-1] INFO  server.RaftServerConfigKeys (ConfUtils.java:logGet(43)) - raft.server.log.segment.size.max = 1048576 (custom)
2019-10-24 05:11:18,640 [pool-37-thread-1] WARN  impl.MetricRegistriesImpl (MetricRegistriesImpl.java:lambda$create$1(61)) - First MetricRegistry has been created without registering reporters. You may need to call MetricRegistries.global().addReportRegistration(...) before.
2019-10-24 05:11:18,641 [pool-37-thread-1] INFO  server.RaftServerConfigKeys (ConfUtils.java:logGet(43)) - raft.server.log.segment.cache.num.max = 2 (custom)
2019-10-24 05:11:18,642 [pool-37-thread-1] INFO  segmented.SegmentedRaftLogWorker (SegmentedRaftLogWorker.java:<init>(173)) - new d392a8c2-8b62-4ceb-8e6a-52fec3970fa4@group-A6229520B9D7-SegmentedRaftLogWorker for RaftStorage:Storage Directory /workdir/hadoop-ozone/integration-test/target/test-dir/MiniOzoneClusterImpl-228badc5-b9d9-45b2-a1b6-1d127042eb27/datanode-1/data/ratis/991dc529-f590-4a5d-96cf-a6229520b9d7
2019-10-24 05:11:18,643 [pool-37-thread-1] INFO  server.RaftServerConfigKeys (ConfUtils.java:logGet(43)) - raft.server.log.queue.byte-limit = 2147483647 (custom)
2019-10-24 05:11:18,643 [pool-37-thread-1] INFO  server.RaftServerConfigKeys (ConfUtils.java:logGet(43)) - raft.server.log.queue.element-limit = 1024 (custom)
2019-10-24 05:11:18,643 [pool-37-thread-1] INFO  server.RaftServerConfigKeys (ConfUtils.java:logGet(43)) - raft.server.log.segment.size.max = 1048576 (custom)
2019-10-24 05:11:18,643 [pool-37-thread-1] INFO  server.RaftServerConfigKeys (ConfUtils.java:logGet(43)) - raft.server.log.preallocated.size = 16384 (custom)
2019-10-24 05:11:18,644 [pool-37-thread-1] INFO  server.RaftServerConfigKeys (ConfUtils.java:logGet(43)) - raft.server.log.write.buffer.size = 33554432 (custom)
2019-10-24 05:11:18,644 [pool-37-thread-1] INFO  server.RaftServerConfigKeys (ConfUtils.java:logGet(43)) - raft.server.log.force.sync.num = 128 (default)
2019-10-24 05:11:18,644 [pool-37-thread-1] INFO  server.RaftServerConfigKeys (ConfUtils.java:logGet(43)) - raft.server.log.statemachine.data.sync = true (default)
2019-10-24 05:11:18,644 [pool-37-thread-1] INFO  server.RaftServerConfigKeys (ConfUtils.java:logGet(43)) - raft.server.log.statemachine.data.sync.timeout = 10s (default)
2019-10-24 05:11:18,645 [pool-37-thread-1] INFO  server.RaftServerConfigKeys (ConfUtils.java:logGet(43)) - raft.server.log.statemachine.data.sync.timeout.retry = -1 (default)
2019-10-24 05:11:18,646 [pool-37-thread-1] INFO  server.RaftServerConfigKeys (ConfUtils.java:logGet(43)) - raft.server.log.statemachine.data.caching.enabled = true (custom)
2019-10-24 05:11:18,646 [pool-37-thread-1] INFO  segmented.SegmentedRaftLogWorker (SegmentedRaftLogWorker.java:lambda$new$0(128)) - d392a8c2-8b62-4ceb-8e6a-52fec3970fa4@group-A6229520B9D7-SegmentedRaftLogWorker: flushIndex: setUnconditionally 0 -> -1
2019-10-24 05:11:18,647 [pool-37-thread-1] INFO  server.RaftServerConfigKeys (ConfUtils.java:logGet(43)) - raft.server.snapshot.auto.trigger.enabled = true (custom)
2019-10-24 05:11:18,647 [pool-37-thread-1] INFO  server.RaftServerConfigKeys (ConfUtils.java:logGet(43)) - raft.server.snapshot.auto.trigger.threshold = 10000 (custom)
2019-10-24 05:11:18,647 [pool-37-thread-1] INFO  server.RaftServerConfigKeys (ConfUtils.java:logGet(43)) - raft.server.snapshot.retention.file.num = 5 (custom)
2019-10-24 05:11:18,648 [pool-37-thread-1] INFO  server.RaftServerConfigKeys (ConfUtils.java:logGet(43)) - raft.server.retrycache.expirytime = 600000ms (custom)
2019-10-24 05:11:18,648 [pool-37-thread-1] WARN  impl.MetricRegistriesImpl (MetricRegistriesImpl.java:lambda$create$1(61)) - First MetricRegistry has been created without registering reporters. You may need to call MetricRegistries.global().addReportRegistration(...) before.
2019-10-24 05:11:18,648 [pool-37-thread-1] WARN  impl.MetricRegistriesImpl (MetricRegistriesImpl.java:lambda$create$1(61)) - First MetricRegistry has been created without registering reporters. You may need to call MetricRegistries.global().addReportRegistration(...) before.
2019-10-24 05:11:18,649 [pool-37-thread-1] INFO  impl.RaftServerImpl (RaftServerImpl.java:start(184)) - d392a8c2-8b62-4ceb-8e6a-52fec3970fa4@group-A6229520B9D7: start as a follower, conf=-1: [d392a8c2-8b62-4ceb-8e6a-52fec3970fa4:192.168.69.98:38225], old=null
2019-10-24 05:11:18,649 [pool-37-thread-1] INFO  impl.RaftServerImpl (RaftServerImpl.java:setRole(173)) - d392a8c2-8b62-4ceb-8e6a-52fec3970fa4@group-A6229520B9D7: changes role from      null to FOLLOWER at term 0 for startAsFollower
2019-10-24 05:11:18,649 [pool-37-thread-1] INFO  impl.RoleInfo (RoleInfo.java:updateAndGet(143)) - d392a8c2-8b62-4ceb-8e6a-52fec3970fa4: start FollowerState
2019-10-24 05:11:18,651 [pool-37-thread-1] INFO  util.JmxRegister (JmxRegister.java:tryRegister(44)) - Successfully registered JMX Bean with object name Ratis:service=RaftServer,group=group-A6229520B9D7,id=d392a8c2-8b62-4ceb-8e6a-52fec3970fa4
2019-10-24 05:11:18,651 [pool-37-thread-1] WARN  impl.MetricRegistriesImpl (MetricRegistriesImpl.java:lambda$create$1(61)) - First MetricRegistry has been created without registering reporters. You may need to call MetricRegistries.global().addReportRegistration(...) before.
2019-10-24 05:11:18,663 [RatisPipelineUtilsThread] INFO  pipeline.PipelineStateManager (PipelineStateManager.java:addPipeline(55)) - Created pipeline Pipeline[ Id: 991dc529-f590-4a5d-96cf-a6229520b9d7, Nodes: d392a8c2-8b62-4ceb-8e6a-52fec3970fa4{ip: 192.168.69.98, host: pr-hdds-1868-76l5x-1215882166, networkLocation: /default-rack, certSerialId: null}, Type:RATIS, Factor:ONE, State:ALLOCATED]
2019-10-24 05:11:18,683 [grpc-default-executor-0] INFO  impl.RaftServerProxy (RaftServerProxy.java:addNew(89)) - 3e14be36-a4da-40a9-b9d8-40e3f7d5caa1: addNew group-9C95F3E914A7:[3e14be36-a4da-40a9-b9d8-40e3f7d5caa1:192.168.69.98:43780] returns group-9C95F3E914A7:java.util.concurrent.CompletableFuture@369e6e89[Not completed]
2019-10-24 05:11:18,699 [pool-47-thread-1] INFO  impl.RaftServerImpl (RaftServerImpl.java:<init>(98)) - 3e14be36-a4da-40a9-b9d8-40e3f7d5caa1: new RaftServerImpl for group-9C95F3E914A7:[3e14be36-a4da-40a9-b9d8-40e3f7d5caa1:192.168.69.98:43780] with ContainerStateMachine:uninitialized
2019-10-24 05:11:18,699 [pool-47-thread-1] INFO  server.RaftServerConfigKeys (ConfUtils.java:logGet(43)) - raft.server.rpc.timeout.min = 5s (custom)
2019-10-24 05:11:18,700 [pool-47-thread-1] INFO  server.RaftServerConfigKeys (ConfUtils.java:logGet(43)) - raft.server.rpc.timeout.max = 5200ms (custom)
2019-10-24 05:11:18,700 [pool-47-thread-1] INFO  server.RaftServerConfigKeys (ConfUtils.java:logGet(43)) - raft.server.rpcslowness.timeout = 120s (custom)
2019-10-24 05:11:18,700 [pool-47-thread-1] INFO  server.RaftServerConfigKeys (ConfUtils.java:logGet(43)) - raft.server.sleep.deviation.threshold = 300 (default)
2019-10-24 05:11:18,700 [pool-47-thread-1] INFO  server.RaftServerConfigKeys (ConfUtils.java:logGet(43)) - raft.server.log.appender.install.snapshot.enabled = false (custom)
2019-10-24 05:11:18,701 [pool-47-thread-1] INFO  impl.RaftServerImpl (ServerState.java:<init>(103)) - 3e14be36-a4da-40a9-b9d8-40e3f7d5caa1@group-9C95F3E914A7: ConfigurationManager, init=-1: [3e14be36-a4da-40a9-b9d8-40e3f7d5caa1:192.168.69.98:43780], old=null, confs=<EMPTY_MAP>
2019-10-24 05:11:18,701 [pool-47-thread-1] INFO  server.RaftServerConfigKeys (ConfUtils.java:logGet(43)) - raft.server.storage.dir = [/workdir/hadoop-ozone/integration-test/target/test-dir/MiniOzoneClusterImpl-228badc5-b9d9-45b2-a1b6-1d127042eb27/datanode-2/data/ratis] (custom)
2019-10-24 05:11:18,701 [pool-47-thread-1] INFO  server.RaftServerConfigKeys (ConfUtils.java:logGet(43)) - raft.server.log.corruption.policy = EXCEPTION (default)
2019-10-24 05:11:18,702 [pool-47-thread-1] INFO  storage.RaftStorageDirectory (RaftStorageDirectory.java:analyzeStorage(246)) - The storage directory /workdir/hadoop-ozone/integration-test/target/test-dir/MiniOzoneClusterImpl-228badc5-b9d9-45b2-a1b6-1d127042eb27/datanode-2/data/ratis/473cd300-1503-4cb7-94a7-9c95f3e914a7 does not exist. Creating ...
2019-10-24 05:11:18,715 [pool-47-thread-1] INFO  storage.RaftStorageDirectory (RaftStorageDirectory.java:tryLock(328)) - Lock on /workdir/hadoop-ozone/integration-test/target/test-dir/MiniOzoneClusterImpl-228badc5-b9d9-45b2-a1b6-1d127042eb27/datanode-2/data/ratis/473cd300-1503-4cb7-94a7-9c95f3e914a7/in_use.lock acquired by nodename 10845@pr-hdds-1868-76l5x-1215882166
2019-10-24 05:11:18,729 [pool-47-thread-1] INFO  storage.RaftStorage (RaftStorage.java:format(84)) - Storage directory /workdir/hadoop-ozone/integration-test/target/test-dir/MiniOzoneClusterImpl-228badc5-b9d9-45b2-a1b6-1d127042eb27/datanode-2/data/ratis/473cd300-1503-4cb7-94a7-9c95f3e914a7 has been successfully formatted.
2019-10-24 05:11:18,729 [pool-47-thread-1] INFO  ratis.ContainerStateMachine (ContainerStateMachine.java:loadSnapshot(233)) - group-9C95F3E914A7: The snapshot info is null. Setting the last applied indexto:(t:0, i:~)
2019-10-24 05:11:18,730 [pool-47-thread-1] INFO  server.RaftServerConfigKeys (ConfUtils.java:logGet(43)) - raft.server.notification.no-leader.timeout = 120s (custom)
2019-10-24 05:11:18,730 [pool-47-thread-1] INFO  server.RaftServerConfigKeys (ConfUtils.java:logGet(43)) - raft.server.log.use.memory = false (default)
2019-10-24 05:11:18,730 [pool-47-thread-1] INFO  server.RaftServerConfigKeys (ConfUtils.java:logGet(43)) - raft.server.log.purge.gap = 1000000 (custom)
2019-10-24 05:11:18,730 [pool-47-thread-1] INFO  server.RaftServerConfigKeys (ConfUtils.java:logGet(43)) - raft.server.log.appender.buffer.byte-limit = 33554432 (custom)
2019-10-24 05:11:18,731 [pool-47-thread-1] INFO  server.RaftServerConfigKeys (ConfUtils.java:logGet(43)) - raft.server.log.segment.size.max = 1048576 (custom)
2019-10-24 05:11:18,731 [pool-47-thread-1] WARN  impl.MetricRegistriesImpl (MetricRegistriesImpl.java:lambda$create$1(61)) - First MetricRegistry has been created without registering reporters. You may need to call MetricRegistries.global().addReportRegistration(...) before.
2019-10-24 05:11:18,731 [pool-47-thread-1] INFO  server.RaftServerConfigKeys (ConfUtils.java:logGet(43)) - raft.server.log.segment.cache.num.max = 2 (custom)
2019-10-24 05:11:18,731 [pool-47-thread-1] INFO  segmented.SegmentedRaftLogWorker (SegmentedRaftLogWorker.java:<init>(173)) - new 3e14be36-a4da-40a9-b9d8-40e3f7d5caa1@group-9C95F3E914A7-SegmentedRaftLogWorker for RaftStorage:Storage Directory /workdir/hadoop-ozone/integration-test/target/test-dir/MiniOzoneClusterImpl-228badc5-b9d9-45b2-a1b6-1d127042eb27/datanode-2/data/ratis/473cd300-1503-4cb7-94a7-9c95f3e914a7
2019-10-24 05:11:18,732 [pool-47-thread-1] INFO  server.RaftServerConfigKeys (ConfUtils.java:logGet(43)) - raft.server.log.queue.byte-limit = 2147483647 (custom)
2019-10-24 05:11:18,732 [pool-47-thread-1] INFO  server.RaftServerConfigKeys (ConfUtils.java:logGet(43)) - raft.server.log.queue.element-limit = 1024 (custom)
2019-10-24 05:11:18,732 [pool-47-thread-1] INFO  server.RaftServerConfigKeys (ConfUtils.java:logGet(43)) - raft.server.log.segment.size.max = 1048576 (custom)
2019-10-24 05:11:18,732 [pool-47-thread-1] INFO  server.RaftServerConfigKeys (ConfUtils.java:logGet(43)) - raft.server.log.preallocated.size = 16384 (custom)
2019-10-24 05:11:18,733 [pool-47-thread-1] INFO  server.RaftServerConfigKeys (ConfUtils.java:logGet(43)) - raft.server.log.write.buffer.size = 33554432 (custom)
2019-10-24 05:11:18,733 [pool-47-thread-1] INFO  server.RaftServerConfigKeys (ConfUtils.java:logGet(43)) - raft.server.log.force.sync.num = 128 (default)
2019-10-24 05:11:18,733 [pool-47-thread-1] INFO  server.RaftServerConfigKeys (ConfUtils.java:logGet(43)) - raft.server.log.statemachine.data.sync = true (default)
2019-10-24 05:11:18,733 [pool-47-thread-1] INFO  server.RaftServerConfigKeys (ConfUtils.java:logGet(43)) - raft.server.log.statemachine.data.sync.timeout = 10s (default)
2019-10-24 05:11:18,734 [pool-47-thread-1] INFO  server.RaftServerConfigKeys (ConfUtils.java:logGet(43)) - raft.server.log.statemachine.data.sync.timeout.retry = -1 (default)
2019-10-24 05:11:18,734 [pool-47-thread-1] INFO  server.RaftServerConfigKeys (ConfUtils.java:logGet(43)) - raft.server.log.statemachine.data.caching.enabled = true (custom)
2019-10-24 05:11:18,735 [pool-47-thread-1] INFO  segmented.SegmentedRaftLogWorker (SegmentedRaftLogWorker.java:lambda$new$0(128)) - 3e14be36-a4da-40a9-b9d8-40e3f7d5caa1@group-9C95F3E914A7-SegmentedRaftLogWorker: flushIndex: setUnconditionally 0 -> -1
2019-10-24 05:11:18,735 [pool-47-thread-1] INFO  server.RaftServerConfigKeys (ConfUtils.java:logGet(43)) - raft.server.snapshot.auto.trigger.enabled = true (custom)
2019-10-24 05:11:18,736 [pool-47-thread-1] INFO  server.RaftServerConfigKeys (ConfUtils.java:logGet(43)) - raft.server.snapshot.auto.trigger.threshold = 10000 (custom)
2019-10-24 05:11:18,736 [pool-47-thread-1] INFO  server.RaftServerConfigKeys (ConfUtils.java:logGet(43)) - raft.server.snapshot.retention.file.num = 5 (custom)
2019-10-24 05:11:18,736 [pool-47-thread-1] INFO  server.RaftServerConfigKeys (ConfUtils.java:logGet(43)) - raft.server.retrycache.expirytime = 600000ms (custom)
2019-10-24 05:11:18,737 [pool-47-thread-1] WARN  impl.MetricRegistriesImpl (MetricRegistriesImpl.java:lambda$create$1(61)) - First MetricRegistry has been created without registering reporters. You may need to call MetricRegistries.global().addReportRegistration(...) before.
2019-10-24 05:11:18,737 [pool-47-thread-1] WARN  impl.MetricRegistriesImpl (MetricRegistriesImpl.java:lambda$create$1(61)) - First MetricRegistry has been created without registering reporters. You may need to call MetricRegistries.global().addReportRegistration(...) before.
2019-10-24 05:11:18,737 [pool-47-thread-1] INFO  impl.RaftServerImpl (RaftServerImpl.java:start(184)) - 3e14be36-a4da-40a9-b9d8-40e3f7d5caa1@group-9C95F3E914A7: start as a follower, conf=-1: [3e14be36-a4da-40a9-b9d8-40e3f7d5caa1:192.168.69.98:43780], old=null
2019-10-24 05:11:18,738 [pool-47-thread-1] INFO  impl.RaftServerImpl (RaftServerImpl.java:setRole(173)) - 3e14be36-a4da-40a9-b9d8-40e3f7d5caa1@group-9C95F3E914A7: changes role from      null to FOLLOWER at term 0 for startAsFollower
2019-10-24 05:11:18,738 [pool-47-thread-1] INFO  impl.RoleInfo (RoleInfo.java:updateAndGet(143)) - 3e14be36-a4da-40a9-b9d8-40e3f7d5caa1: start FollowerState
2019-10-24 05:11:18,739 [pool-47-thread-1] INFO  util.JmxRegister (JmxRegister.java:tryRegister(44)) - Successfully registered JMX Bean with object name Ratis:service=RaftServer,group=group-9C95F3E914A7,id=3e14be36-a4da-40a9-b9d8-40e3f7d5caa1
2019-10-24 05:11:18,739 [pool-47-thread-1] WARN  impl.MetricRegistriesImpl (MetricRegistriesImpl.java:lambda$create$1(61)) - First MetricRegistry has been created without registering reporters. You may need to call MetricRegistries.global().addReportRegistration(...) before.
2019-10-24 05:11:18,750 [RatisPipelineUtilsThread] INFO  pipeline.PipelineStateManager (PipelineStateManager.java:addPipeline(55)) - Created pipeline Pipeline[ Id: 473cd300-1503-4cb7-94a7-9c95f3e914a7, Nodes: 3e14be36-a4da-40a9-b9d8-40e3f7d5caa1{ip: 192.168.69.98, host: pr-hdds-1868-76l5x-1215882166, networkLocation: /default-rack, certSerialId: null}, Type:RATIS, Factor:ONE, State:ALLOCATED]
2019-10-24 05:11:18,783 [grpc-default-executor-2] INFO  impl.RaftServerProxy (RaftServerProxy.java:addNew(89)) - 3e14be36-a4da-40a9-b9d8-40e3f7d5caa1: addNew group-079BF03BBE19:[d392a8c2-8b62-4ceb-8e6a-52fec3970fa4:192.168.69.98:38225, 3e14be36-a4da-40a9-b9d8-40e3f7d5caa1:192.168.69.98:43780, 63d99294-108b-4e1b-bea3-8d2173b82890:192.168.69.98:37238] returns group-079BF03BBE19:java.util.concurrent.CompletableFuture@7d8e32ad[Not completed]
2019-10-24 05:11:18,784 [grpc-default-executor-1] INFO  impl.RaftServerProxy (RaftServerProxy.java:addNew(89)) - d392a8c2-8b62-4ceb-8e6a-52fec3970fa4: addNew group-079BF03BBE19:[d392a8c2-8b62-4ceb-8e6a-52fec3970fa4:192.168.69.98:38225, 3e14be36-a4da-40a9-b9d8-40e3f7d5caa1:192.168.69.98:43780, 63d99294-108b-4e1b-bea3-8d2173b82890:192.168.69.98:37238] returns group-079BF03BBE19:java.util.concurrent.CompletableFuture@7fa0de0f[Not completed]
2019-10-24 05:11:18,789 [grpc-default-executor-1] INFO  impl.RaftServerProxy (RaftServerProxy.java:addNew(89)) - 63d99294-108b-4e1b-bea3-8d2173b82890: addNew group-079BF03BBE19:[d392a8c2-8b62-4ceb-8e6a-52fec3970fa4:192.168.69.98:38225, 3e14be36-a4da-40a9-b9d8-40e3f7d5caa1:192.168.69.98:43780, 63d99294-108b-4e1b-bea3-8d2173b82890:192.168.69.98:37238] returns group-079BF03BBE19:java.util.concurrent.CompletableFuture@3aa25f9f[Not completed]
2019-10-24 05:11:18,789 [pool-47-thread-1] INFO  impl.RaftServerImpl (RaftServerImpl.java:<init>(98)) - 3e14be36-a4da-40a9-b9d8-40e3f7d5caa1: new RaftServerImpl for group-079BF03BBE19:[d392a8c2-8b62-4ceb-8e6a-52fec3970fa4:192.168.69.98:38225, 3e14be36-a4da-40a9-b9d8-40e3f7d5caa1:192.168.69.98:43780, 63d99294-108b-4e1b-bea3-8d2173b82890:192.168.69.98:37238] with ContainerStateMachine:uninitialized
2019-10-24 05:11:18,790 [pool-47-thread-1] INFO  server.RaftServerConfigKeys (ConfUtils.java:logGet(43)) - raft.server.rpc.timeout.min = 5s (custom)
2019-10-24 05:11:18,790 [pool-47-thread-1] INFO  server.RaftServerConfigKeys (ConfUtils.java:logGet(43)) - raft.server.rpc.timeout.max = 5200ms (custom)
2019-10-24 05:11:18,790 [pool-47-thread-1] INFO  server.RaftServerConfigKeys (ConfUtils.java:logGet(43)) - raft.server.rpcslowness.timeout = 120s (custom)
2019-10-24 05:11:18,790 [pool-47-thread-1] INFO  server.RaftServerConfigKeys (ConfUtils.java:logGet(43)) - raft.server.sleep.deviation.threshold = 300 (default)
2019-10-24 05:11:18,790 [pool-47-thread-1] INFO  server.RaftServerConfigKeys (ConfUtils.java:logGet(43)) - raft.server.log.appender.install.snapshot.enabled = false (custom)
2019-10-24 05:11:18,791 [pool-47-thread-1] INFO  impl.RaftServerImpl (ServerState.java:<init>(103)) - 3e14be36-a4da-40a9-b9d8-40e3f7d5caa1@group-079BF03BBE19: ConfigurationManager, init=-1: [d392a8c2-8b62-4ceb-8e6a-52fec3970fa4:192.168.69.98:38225, 3e14be36-a4da-40a9-b9d8-40e3f7d5caa1:192.168.69.98:43780, 63d99294-108b-4e1b-bea3-8d2173b82890:192.168.69.98:37238], old=null, confs=<EMPTY_MAP>
2019-10-24 05:11:18,791 [pool-47-thread-1] INFO  server.RaftServerConfigKeys (ConfUtils.java:logGet(43)) - raft.server.storage.dir = [/workdir/hadoop-ozone/integration-test/target/test-dir/MiniOzoneClusterImpl-228badc5-b9d9-45b2-a1b6-1d127042eb27/datanode-2/data/ratis] (custom)
2019-10-24 05:11:18,791 [pool-47-thread-1] INFO  server.RaftServerConfigKeys (ConfUtils.java:logGet(43)) - raft.server.log.corruption.policy = EXCEPTION (default)
2019-10-24 05:11:18,792 [pool-47-thread-1] INFO  storage.RaftStorageDirectory (RaftStorageDirectory.java:analyzeStorage(246)) - The storage directory /workdir/hadoop-ozone/integration-test/target/test-dir/MiniOzoneClusterImpl-228badc5-b9d9-45b2-a1b6-1d127042eb27/datanode-2/data/ratis/f562b639-5684-4ad0-907f-079bf03bbe19 does not exist. Creating ...
2019-10-24 05:11:18,792 [pool-37-thread-1] INFO  impl.RaftServerImpl (RaftServerImpl.java:<init>(98)) - d392a8c2-8b62-4ceb-8e6a-52fec3970fa4: new RaftServerImpl for group-079BF03BBE19:[d392a8c2-8b62-4ceb-8e6a-52fec3970fa4:192.168.69.98:38225, 3e14be36-a4da-40a9-b9d8-40e3f7d5caa1:192.168.69.98:43780, 63d99294-108b-4e1b-bea3-8d2173b82890:192.168.69.98:37238] with ContainerStateMachine:uninitialized
2019-10-24 05:11:18,793 [pool-37-thread-1] INFO  server.RaftServerConfigKeys (ConfUtils.java:logGet(43)) - raft.server.rpc.timeout.min = 5s (custom)
2019-10-24 05:11:18,793 [pool-37-thread-1] INFO  server.RaftServerConfigKeys (ConfUtils.java:logGet(43)) - raft.server.rpc.timeout.max = 5200ms (custom)
2019-10-24 05:11:18,793 [pool-27-thread-1] INFO  impl.RaftServerImpl (RaftServerImpl.java:<init>(98)) - 63d99294-108b-4e1b-bea3-8d2173b82890: new RaftServerImpl for group-079BF03BBE19:[d392a8c2-8b62-4ceb-8e6a-52fec3970fa4:192.168.69.98:38225, 3e14be36-a4da-40a9-b9d8-40e3f7d5caa1:192.168.69.98:43780, 63d99294-108b-4e1b-bea3-8d2173b82890:192.168.69.98:37238] with ContainerStateMachine:uninitialized
2019-10-24 05:11:18,793 [pool-37-thread-1] INFO  server.RaftServerConfigKeys (ConfUtils.java:logGet(43)) - raft.server.rpcslowness.timeout = 120s (custom)
2019-10-24 05:11:18,794 [pool-27-thread-1] INFO  server.RaftServerConfigKeys (ConfUtils.java:logGet(43)) - raft.server.rpc.timeout.min = 5s (custom)
2019-10-24 05:11:18,794 [pool-37-thread-1] INFO  server.RaftServerConfigKeys (ConfUtils.java:logGet(43)) - raft.server.sleep.deviation.threshold = 300 (default)
2019-10-24 05:11:18,794 [pool-27-thread-1] INFO  server.RaftServerConfigKeys (ConfUtils.java:logGet(43)) - raft.server.rpc.timeout.max = 5200ms (custom)
2019-10-24 05:11:18,794 [pool-37-thread-1] INFO  server.RaftServerConfigKeys (ConfUtils.java:logGet(43)) - raft.server.log.appender.install.snapshot.enabled = false (custom)
2019-10-24 05:11:18,794 [pool-27-thread-1] INFO  server.RaftServerConfigKeys (ConfUtils.java:logGet(43)) - raft.server.rpcslowness.timeout = 120s (custom)
2019-10-24 05:11:18,795 [pool-37-thread-1] INFO  impl.RaftServerImpl (ServerState.java:<init>(103)) - d392a8c2-8b62-4ceb-8e6a-52fec3970fa4@group-079BF03BBE19: ConfigurationManager, init=-1: [d392a8c2-8b62-4ceb-8e6a-52fec3970fa4:192.168.69.98:38225, 3e14be36-a4da-40a9-b9d8-40e3f7d5caa1:192.168.69.98:43780, 63d99294-108b-4e1b-bea3-8d2173b82890:192.168.69.98:37238], old=null, confs=<EMPTY_MAP>
2019-10-24 05:11:18,795 [pool-27-thread-1] INFO  server.RaftServerConfigKeys (ConfUtils.java:logGet(43)) - raft.server.sleep.deviation.threshold = 300 (default)
2019-10-24 05:11:18,795 [pool-27-thread-1] INFO  server.RaftServerConfigKeys (ConfUtils.java:logGet(43)) - raft.server.log.appender.install.snapshot.enabled = false (custom)
2019-10-24 05:11:18,795 [pool-47-thread-1] INFO  storage.RaftStorageDirectory (RaftStorageDirectory.java:tryLock(328)) - Lock on /workdir/hadoop-ozone/integration-test/target/test-dir/MiniOzoneClusterImpl-228badc5-b9d9-45b2-a1b6-1d127042eb27/datanode-2/data/ratis/f562b639-5684-4ad0-907f-079bf03bbe19/in_use.lock acquired by nodename 10845@pr-hdds-1868-76l5x-1215882166
2019-10-24 05:11:18,795 [pool-27-thread-1] INFO  impl.RaftServerImpl (ServerState.java:<init>(103)) - 63d99294-108b-4e1b-bea3-8d2173b82890@group-079BF03BBE19: ConfigurationManager, init=-1: [d392a8c2-8b62-4ceb-8e6a-52fec3970fa4:192.168.69.98:38225, 3e14be36-a4da-40a9-b9d8-40e3f7d5caa1:192.168.69.98:43780, 63d99294-108b-4e1b-bea3-8d2173b82890:192.168.69.98:37238], old=null, confs=<EMPTY_MAP>
2019-10-24 05:11:18,795 [pool-37-thread-1] INFO  server.RaftServerConfigKeys (ConfUtils.java:logGet(43)) - raft.server.storage.dir = [/workdir/hadoop-ozone/integration-test/target/test-dir/MiniOzoneClusterImpl-228badc5-b9d9-45b2-a1b6-1d127042eb27/datanode-1/data/ratis] (custom)
2019-10-24 05:11:18,796 [pool-27-thread-1] INFO  server.RaftServerConfigKeys (ConfUtils.java:logGet(43)) - raft.server.storage.dir = [/workdir/hadoop-ozone/integration-test/target/test-dir/MiniOzoneClusterImpl-228badc5-b9d9-45b2-a1b6-1d127042eb27/datanode-0/data/ratis] (custom)
2019-10-24 05:11:18,796 [pool-27-thread-1] INFO  server.RaftServerConfigKeys (ConfUtils.java:logGet(43)) - raft.server.log.corruption.policy = EXCEPTION (default)
2019-10-24 05:11:18,796 [pool-37-thread-1] INFO  server.RaftServerConfigKeys (ConfUtils.java:logGet(43)) - raft.server.log.corruption.policy = EXCEPTION (default)
2019-10-24 05:11:18,797 [pool-27-thread-1] INFO  storage.RaftStorageDirectory (RaftStorageDirectory.java:analyzeStorage(246)) - The storage directory /workdir/hadoop-ozone/integration-test/target/test-dir/MiniOzoneClusterImpl-228badc5-b9d9-45b2-a1b6-1d127042eb27/datanode-0/data/ratis/f562b639-5684-4ad0-907f-079bf03bbe19 does not exist. Creating ...
2019-10-24 05:11:18,797 [pool-37-thread-1] INFO  storage.RaftStorageDirectory (RaftStorageDirectory.java:analyzeStorage(246)) - The storage directory /workdir/hadoop-ozone/integration-test/target/test-dir/MiniOzoneClusterImpl-228badc5-b9d9-45b2-a1b6-1d127042eb27/datanode-1/data/ratis/f562b639-5684-4ad0-907f-079bf03bbe19 does not exist. Creating ...
2019-10-24 05:11:18,809 [pool-37-thread-1] INFO  storage.RaftStorageDirectory (RaftStorageDirectory.java:tryLock(328)) - Lock on /workdir/hadoop-ozone/integration-test/target/test-dir/MiniOzoneClusterImpl-228badc5-b9d9-45b2-a1b6-1d127042eb27/datanode-1/data/ratis/f562b639-5684-4ad0-907f-079bf03bbe19/in_use.lock acquired by nodename 10845@pr-hdds-1868-76l5x-1215882166
2019-10-24 05:11:18,809 [pool-47-thread-1] INFO  storage.RaftStorage (RaftStorage.java:format(84)) - Storage directory /workdir/hadoop-ozone/integration-test/target/test-dir/MiniOzoneClusterImpl-228badc5-b9d9-45b2-a1b6-1d127042eb27/datanode-2/data/ratis/f562b639-5684-4ad0-907f-079bf03bbe19 has been successfully formatted.
2019-10-24 05:11:18,809 [pool-27-thread-1] INFO  storage.RaftStorageDirectory (RaftStorageDirectory.java:tryLock(328)) - Lock on /workdir/hadoop-ozone/integration-test/target/test-dir/MiniOzoneClusterImpl-228badc5-b9d9-45b2-a1b6-1d127042eb27/datanode-0/data/ratis/f562b639-5684-4ad0-907f-079bf03bbe19/in_use.lock acquired by nodename 10845@pr-hdds-1868-76l5x-1215882166
2019-10-24 05:11:18,810 [pool-47-thread-1] INFO  ratis.ContainerStateMachine (ContainerStateMachine.java:loadSnapshot(233)) - group-079BF03BBE19: The snapshot info is null. Setting the last applied indexto:(t:0, i:~)
2019-10-24 05:11:18,810 [pool-47-thread-1] INFO  server.RaftServerConfigKeys (ConfUtils.java:logGet(43)) - raft.server.notification.no-leader.timeout = 120s (custom)
2019-10-24 05:11:18,810 [pool-47-thread-1] INFO  server.RaftServerConfigKeys (ConfUtils.java:logGet(43)) - raft.server.log.use.memory = false (default)
2019-10-24 05:11:18,810 [pool-47-thread-1] INFO  server.RaftServerConfigKeys (ConfUtils.java:logGet(43)) - raft.server.log.purge.gap = 1000000 (custom)
2019-10-24 05:11:18,811 [pool-47-thread-1] INFO  server.RaftServerConfigKeys (ConfUtils.java:logGet(43)) - raft.server.log.appender.buffer.byte-limit = 33554432 (custom)
2019-10-24 05:11:18,811 [pool-47-thread-1] INFO  server.RaftServerConfigKeys (ConfUtils.java:logGet(43)) - raft.server.log.segment.size.max = 1048576 (custom)
2019-10-24 05:11:18,811 [pool-47-thread-1] INFO  server.RaftServerConfigKeys (ConfUtils.java:logGet(43)) - raft.server.log.segment.cache.num.max = 2 (custom)
2019-10-24 05:11:18,811 [pool-47-thread-1] INFO  segmented.SegmentedRaftLogWorker (SegmentedRaftLogWorker.java:<init>(173)) - new 3e14be36-a4da-40a9-b9d8-40e3f7d5caa1@group-079BF03BBE19-SegmentedRaftLogWorker for RaftStorage:Storage Directory /workdir/hadoop-ozone/integration-test/target/test-dir/MiniOzoneClusterImpl-228badc5-b9d9-45b2-a1b6-1d127042eb27/datanode-2/data/ratis/f562b639-5684-4ad0-907f-079bf03bbe19
2019-10-24 05:11:18,812 [pool-47-thread-1] INFO  server.RaftServerConfigKeys (ConfUtils.java:logGet(43)) - raft.server.log.queue.byte-limit = 2147483647 (custom)
2019-10-24 05:11:18,812 [pool-47-thread-1] INFO  server.RaftServerConfigKeys (ConfUtils.java:logGet(43)) - raft.server.log.queue.element-limit = 1024 (custom)
2019-10-24 05:11:18,812 [pool-47-thread-1] INFO  server.RaftServerConfigKeys (ConfUtils.java:logGet(43)) - raft.server.log.segment.size.max = 1048576 (custom)
2019-10-24 05:11:18,812 [pool-47-thread-1] INFO  server.RaftServerConfigKeys (ConfUtils.java:logGet(43)) - raft.server.log.preallocated.size = 16384 (custom)
2019-10-24 05:11:18,812 [pool-47-thread-1] INFO  server.RaftServerConfigKeys (ConfUtils.java:logGet(43)) - raft.server.log.write.buffer.size = 33554432 (custom)
2019-10-24 05:11:18,812 [pool-47-thread-1] INFO  server.RaftServerConfigKeys (ConfUtils.java:logGet(43)) - raft.server.log.force.sync.num = 128 (default)
2019-10-24 05:11:18,813 [pool-47-thread-1] INFO  server.RaftServerConfigKeys (ConfUtils.java:logGet(43)) - raft.server.log.statemachine.data.sync = true (default)
2019-10-24 05:11:18,813 [pool-47-thread-1] INFO  server.RaftServerConfigKeys (ConfUtils.java:logGet(43)) - raft.server.log.statemachine.data.sync.timeout = 10s (default)
2019-10-24 05:11:18,813 [pool-47-thread-1] INFO  server.RaftServerConfigKeys (ConfUtils.java:logGet(43)) - raft.server.log.statemachine.data.sync.timeout.retry = -1 (default)
2019-10-24 05:11:18,813 [pool-47-thread-1] INFO  server.RaftServerConfigKeys (ConfUtils.java:logGet(43)) - raft.server.log.statemachine.data.caching.enabled = true (custom)
2019-10-24 05:11:18,814 [pool-47-thread-1] INFO  segmented.SegmentedRaftLogWorker (SegmentedRaftLogWorker.java:lambda$new$0(128)) - 3e14be36-a4da-40a9-b9d8-40e3f7d5caa1@group-079BF03BBE19-SegmentedRaftLogWorker: flushIndex: setUnconditionally 0 -> -1
2019-10-24 05:11:18,814 [pool-37-thread-1] INFO  storage.RaftStorage (RaftStorage.java:format(84)) - Storage directory /workdir/hadoop-ozone/integration-test/target/test-dir/MiniOzoneClusterImpl-228badc5-b9d9-45b2-a1b6-1d127042eb27/datanode-1/data/ratis/f562b639-5684-4ad0-907f-079bf03bbe19 has been successfully formatted.
2019-10-24 05:11:18,814 [pool-27-thread-1] INFO  storage.RaftStorage (RaftStorage.java:format(84)) - Storage directory /workdir/hadoop-ozone/integration-test/target/test-dir/MiniOzoneClusterImpl-228badc5-b9d9-45b2-a1b6-1d127042eb27/datanode-0/data/ratis/f562b639-5684-4ad0-907f-079bf03bbe19 has been successfully formatted.
2019-10-24 05:11:18,814 [pool-47-thread-1] INFO  server.RaftServerConfigKeys (ConfUtils.java:logGet(43)) - raft.server.snapshot.auto.trigger.enabled = true (custom)
2019-10-24 05:11:18,814 [pool-37-thread-1] INFO  ratis.ContainerStateMachine (ContainerStateMachine.java:loadSnapshot(233)) - group-079BF03BBE19: The snapshot info is null. Setting the last applied indexto:(t:0, i:~)
2019-10-24 05:11:18,814 [pool-27-thread-1] INFO  ratis.ContainerStateMachine (ContainerStateMachine.java:loadSnapshot(233)) - group-079BF03BBE19: The snapshot info is null. Setting the last applied indexto:(t:0, i:~)
2019-10-24 05:11:18,814 [pool-47-thread-1] INFO  server.RaftServerConfigKeys (ConfUtils.java:logGet(43)) - raft.server.snapshot.auto.trigger.threshold = 10000 (custom)
2019-10-24 05:11:18,815 [pool-27-thread-1] INFO  server.RaftServerConfigKeys (ConfUtils.java:logGet(43)) - raft.server.notification.no-leader.timeout = 120s (custom)
2019-10-24 05:11:18,815 [pool-37-thread-1] INFO  server.RaftServerConfigKeys (ConfUtils.java:logGet(43)) - raft.server.notification.no-leader.timeout = 120s (custom)
2019-10-24 05:11:18,815 [pool-27-thread-1] INFO  server.RaftServerConfigKeys (ConfUtils.java:logGet(43)) - raft.server.log.use.memory = false (default)
2019-10-24 05:11:18,815 [pool-47-thread-1] INFO  server.RaftServerConfigKeys (ConfUtils.java:logGet(43)) - raft.server.snapshot.retention.file.num = 5 (custom)
2019-10-24 05:11:18,816 [pool-27-thread-1] INFO  server.RaftServerConfigKeys (ConfUtils.java:logGet(43)) - raft.server.log.purge.gap = 1000000 (custom)
2019-10-24 05:11:18,815 [pool-37-thread-1] INFO  server.RaftServerConfigKeys (ConfUtils.java:logGet(43)) - raft.server.log.use.memory = false (default)
2019-10-24 05:11:18,816 [pool-27-thread-1] INFO  server.RaftServerConfigKeys (ConfUtils.java:logGet(43)) - raft.server.log.appender.buffer.byte-limit = 33554432 (custom)
2019-10-24 05:11:18,816 [pool-47-thread-1] INFO  server.RaftServerConfigKeys (ConfUtils.java:logGet(43)) - raft.server.retrycache.expirytime = 600000ms (custom)
2019-10-24 05:11:18,816 [pool-27-thread-1] INFO  server.RaftServerConfigKeys (ConfUtils.java:logGet(43)) - raft.server.log.segment.size.max = 1048576 (custom)
2019-10-24 05:11:18,816 [pool-37-thread-1] INFO  server.RaftServerConfigKeys (ConfUtils.java:logGet(43)) - raft.server.log.purge.gap = 1000000 (custom)
2019-10-24 05:11:18,816 [pool-27-thread-1] INFO  server.RaftServerConfigKeys (ConfUtils.java:logGet(43)) - raft.server.log.segment.cache.num.max = 2 (custom)
2019-10-24 05:11:18,816 [pool-47-thread-1] WARN  impl.MetricRegistriesImpl (MetricRegistriesImpl.java:lambda$create$1(61)) - First MetricRegistry has been created without registering reporters. You may need to call MetricRegistries.global().addReportRegistration(...) before.
2019-10-24 05:11:18,817 [pool-27-thread-1] INFO  segmented.SegmentedRaftLogWorker (SegmentedRaftLogWorker.java:<init>(173)) - new 63d99294-108b-4e1b-bea3-8d2173b82890@group-079BF03BBE19-SegmentedRaftLogWorker for RaftStorage:Storage Directory /workdir/hadoop-ozone/integration-test/target/test-dir/MiniOzoneClusterImpl-228badc5-b9d9-45b2-a1b6-1d127042eb27/datanode-0/data/ratis/f562b639-5684-4ad0-907f-079bf03bbe19
2019-10-24 05:11:18,817 [pool-37-thread-1] INFO  server.RaftServerConfigKeys (ConfUtils.java:logGet(43)) - raft.server.log.appender.buffer.byte-limit = 33554432 (custom)
2019-10-24 05:11:18,817 [pool-27-thread-1] INFO  server.RaftServerConfigKeys (ConfUtils.java:logGet(43)) - raft.server.log.queue.byte-limit = 2147483647 (custom)
2019-10-24 05:11:18,817 [pool-47-thread-1] WARN  impl.MetricRegistriesImpl (MetricRegistriesImpl.java:lambda$create$1(61)) - First MetricRegistry has been created without registering reporters. You may need to call MetricRegistries.global().addReportRegistration(...) before.
2019-10-24 05:11:18,817 [pool-27-thread-1] INFO  server.RaftServerConfigKeys (ConfUtils.java:logGet(43)) - raft.server.log.queue.element-limit = 1024 (custom)
2019-10-24 05:11:18,818 [pool-47-thread-1] INFO  impl.RaftServerImpl (RaftServerImpl.java:start(184)) - 3e14be36-a4da-40a9-b9d8-40e3f7d5caa1@group-079BF03BBE19: start as a follower, conf=-1: [d392a8c2-8b62-4ceb-8e6a-52fec3970fa4:192.168.69.98:38225, 3e14be36-a4da-40a9-b9d8-40e3f7d5caa1:192.168.69.98:43780, 63d99294-108b-4e1b-bea3-8d2173b82890:192.168.69.98:37238], old=null
2019-10-24 05:11:18,817 [pool-37-thread-1] INFO  server.RaftServerConfigKeys (ConfUtils.java:logGet(43)) - raft.server.log.segment.size.max = 1048576 (custom)
2019-10-24 05:11:18,818 [pool-47-thread-1] INFO  impl.RaftServerImpl (RaftServerImpl.java:setRole(173)) - 3e14be36-a4da-40a9-b9d8-40e3f7d5caa1@group-079BF03BBE19: changes role from      null to FOLLOWER at term 0 for startAsFollower
2019-10-24 05:11:18,818 [pool-37-thread-1] INFO  server.RaftServerConfigKeys (ConfUtils.java:logGet(43)) - raft.server.log.segment.cache.num.max = 2 (custom)
2019-10-24 05:11:18,818 [pool-27-thread-1] INFO  server.RaftServerConfigKeys (ConfUtils.java:logGet(43)) - raft.server.log.segment.size.max = 1048576 (custom)
2019-10-24 05:11:18,818 [pool-37-thread-1] INFO  segmented.SegmentedRaftLogWorker (SegmentedRaftLogWorker.java:<init>(173)) - new d392a8c2-8b62-4ceb-8e6a-52fec3970fa4@group-079BF03BBE19-SegmentedRaftLogWorker for RaftStorage:Storage Directory /workdir/hadoop-ozone/integration-test/target/test-dir/MiniOzoneClusterImpl-228badc5-b9d9-45b2-a1b6-1d127042eb27/datanode-1/data/ratis/f562b639-5684-4ad0-907f-079bf03bbe19
2019-10-24 05:11:18,818 [pool-47-thread-1] INFO  impl.RoleInfo (RoleInfo.java:updateAndGet(143)) - 3e14be36-a4da-40a9-b9d8-40e3f7d5caa1: start FollowerState
2019-10-24 05:11:18,819 [pool-37-thread-1] INFO  server.RaftServerConfigKeys (ConfUtils.java:logGet(43)) - raft.server.log.queue.byte-limit = 2147483647 (custom)
2019-10-24 05:11:18,819 [pool-27-thread-1] INFO  server.RaftServerConfigKeys (ConfUtils.java:logGet(43)) - raft.server.log.preallocated.size = 16384 (custom)
2019-10-24 05:11:18,819 [pool-37-thread-1] INFO  server.RaftServerConfigKeys (ConfUtils.java:logGet(43)) - raft.server.log.queue.element-limit = 1024 (custom)
2019-10-24 05:11:18,819 [pool-47-thread-1] INFO  util.JmxRegister (JmxRegister.java:tryRegister(44)) - Successfully registered JMX Bean with object name Ratis:service=RaftServer,group=group-079BF03BBE19,id=3e14be36-a4da-40a9-b9d8-40e3f7d5caa1
2019-10-24 05:11:18,819 [pool-27-thread-1] INFO  server.RaftServerConfigKeys (ConfUtils.java:logGet(43)) - raft.server.log.write.buffer.size = 33554432 (custom)
2019-10-24 05:11:18,819 [pool-47-thread-1] WARN  impl.MetricRegistriesImpl (MetricRegistriesImpl.java:lambda$create$1(61)) - First MetricRegistry has been created without registering reporters. You may need to call MetricRegistries.global().addReportRegistration(...) before.
2019-10-24 05:11:18,819 [pool-37-thread-1] INFO  server.RaftServerConfigKeys (ConfUtils.java:logGet(43)) - raft.server.log.segment.size.max = 1048576 (custom)
2019-10-24 05:11:18,820 [pool-27-thread-1] INFO  server.RaftServerConfigKeys (ConfUtils.java:logGet(43)) - raft.server.log.force.sync.num = 128 (default)
2019-10-24 05:11:18,820 [pool-37-thread-1] INFO  server.RaftServerConfigKeys (ConfUtils.java:logGet(43)) - raft.server.log.preallocated.size = 16384 (custom)
2019-10-24 05:11:18,820 [pool-27-thread-1] INFO  server.RaftServerConfigKeys (ConfUtils.java:logGet(43)) - raft.server.log.statemachine.data.sync = true (default)
2019-10-24 05:11:18,820 [pool-37-thread-1] INFO  server.RaftServerConfigKeys (ConfUtils.java:logGet(43)) - raft.server.log.write.buffer.size = 33554432 (custom)
2019-10-24 05:11:18,820 [pool-27-thread-1] INFO  server.RaftServerConfigKeys (ConfUtils.java:logGet(43)) - raft.server.log.statemachine.data.sync.timeout = 10s (default)
2019-10-24 05:11:18,821 [pool-37-thread-1] INFO  server.RaftServerConfigKeys (ConfUtils.java:logGet(43)) - raft.server.log.force.sync.num = 128 (default)
2019-10-24 05:11:18,821 [pool-27-thread-1] INFO  server.RaftServerConfigKeys (ConfUtils.java:logGet(43)) - raft.server.log.statemachine.data.sync.timeout.retry = -1 (default)
2019-10-24 05:11:18,821 [pool-37-thread-1] INFO  server.RaftServerConfigKeys (ConfUtils.java:logGet(43)) - raft.server.log.statemachine.data.sync = true (default)
2019-10-24 05:11:18,822 [pool-27-thread-1] INFO  server.RaftServerConfigKeys (ConfUtils.java:logGet(43)) - raft.server.log.statemachine.data.caching.enabled = true (custom)
2019-10-24 05:11:18,822 [pool-37-thread-1] INFO  server.RaftServerConfigKeys (ConfUtils.java:logGet(43)) - raft.server.log.statemachine.data.sync.timeout = 10s (default)
2019-10-24 05:11:18,823 [pool-37-thread-1] INFO  server.RaftServerConfigKeys (ConfUtils.java:logGet(43)) - raft.server.log.statemachine.data.sync.timeout.retry = -1 (default)
2019-10-24 05:11:18,823 [pool-27-thread-1] INFO  segmented.SegmentedRaftLogWorker (SegmentedRaftLogWorker.java:lambda$new$0(128)) - 63d99294-108b-4e1b-bea3-8d2173b82890@group-079BF03BBE19-SegmentedRaftLogWorker: flushIndex: setUnconditionally 0 -> -1
2019-10-24 05:11:18,823 [pool-37-thread-1] INFO  server.RaftServerConfigKeys (ConfUtils.java:logGet(43)) - raft.server.log.statemachine.data.caching.enabled = true (custom)
2019-10-24 05:11:18,825 [pool-27-thread-1] INFO  server.RaftServerConfigKeys (ConfUtils.java:logGet(43)) - raft.server.snapshot.auto.trigger.enabled = true (custom)
2019-10-24 05:11:18,825 [pool-37-thread-1] INFO  segmented.SegmentedRaftLogWorker (SegmentedRaftLogWorker.java:lambda$new$0(128)) - d392a8c2-8b62-4ceb-8e6a-52fec3970fa4@group-079BF03BBE19-SegmentedRaftLogWorker: flushIndex: setUnconditionally 0 -> -1
2019-10-24 05:11:18,825 [pool-27-thread-1] INFO  server.RaftServerConfigKeys (ConfUtils.java:logGet(43)) - raft.server.snapshot.auto.trigger.threshold = 10000 (custom)
2019-10-24 05:11:18,826 [pool-27-thread-1] INFO  server.RaftServerConfigKeys (ConfUtils.java:logGet(43)) - raft.server.snapshot.retention.file.num = 5 (custom)
2019-10-24 05:11:18,826 [pool-37-thread-1] INFO  server.RaftServerConfigKeys (ConfUtils.java:logGet(43)) - raft.server.snapshot.auto.trigger.enabled = true (custom)
2019-10-24 05:11:18,827 [pool-27-thread-1] INFO  server.RaftServerConfigKeys (ConfUtils.java:logGet(43)) - raft.server.retrycache.expirytime = 600000ms (custom)
2019-10-24 05:11:18,827 [pool-37-thread-1] INFO  server.RaftServerConfigKeys (ConfUtils.java:logGet(43)) - raft.server.snapshot.auto.trigger.threshold = 10000 (custom)
2019-10-24 05:11:18,828 [pool-27-thread-1] WARN  impl.MetricRegistriesImpl (MetricRegistriesImpl.java:lambda$create$1(61)) - First MetricRegistry has been created without registering reporters. You may need to call MetricRegistries.global().addReportRegistration(...) before.
2019-10-24 05:11:18,828 [pool-37-thread-1] INFO  server.RaftServerConfigKeys (ConfUtils.java:logGet(43)) - raft.server.snapshot.retention.file.num = 5 (custom)
2019-10-24 05:11:18,828 [pool-27-thread-1] WARN  impl.MetricRegistriesImpl (MetricRegistriesImpl.java:lambda$create$1(61)) - First MetricRegistry has been created without registering reporters. You may need to call MetricRegistries.global().addReportRegistration(...) before.
2019-10-24 05:11:18,829 [pool-37-thread-1] INFO  server.RaftServerConfigKeys (ConfUtils.java:logGet(43)) - raft.server.retrycache.expirytime = 600000ms (custom)
2019-10-24 05:11:18,829 [pool-27-thread-1] INFO  impl.RaftServerImpl (RaftServerImpl.java:start(184)) - 63d99294-108b-4e1b-bea3-8d2173b82890@group-079BF03BBE19: start as a follower, conf=-1: [d392a8c2-8b62-4ceb-8e6a-52fec3970fa4:192.168.69.98:38225, 3e14be36-a4da-40a9-b9d8-40e3f7d5caa1:192.168.69.98:43780, 63d99294-108b-4e1b-bea3-8d2173b82890:192.168.69.98:37238], old=null
2019-10-24 05:11:18,829 [pool-37-thread-1] WARN  impl.MetricRegistriesImpl (MetricRegistriesImpl.java:lambda$create$1(61)) - First MetricRegistry has been created without registering reporters. You may need to call MetricRegistries.global().addReportRegistration(...) before.
2019-10-24 05:11:18,829 [pool-27-thread-1] INFO  impl.RaftServerImpl (RaftServerImpl.java:setRole(173)) - 63d99294-108b-4e1b-bea3-8d2173b82890@group-079BF03BBE19: changes role from      null to FOLLOWER at term 0 for startAsFollower
2019-10-24 05:11:18,829 [pool-37-thread-1] WARN  impl.MetricRegistriesImpl (MetricRegistriesImpl.java:lambda$create$1(61)) - First MetricRegistry has been created without registering reporters. You may need to call MetricRegistries.global().addReportRegistration(...) before.
2019-10-24 05:11:18,830 [pool-27-thread-1] INFO  impl.RoleInfo (RoleInfo.java:updateAndGet(143)) - 63d99294-108b-4e1b-bea3-8d2173b82890: start FollowerState
2019-10-24 05:11:18,830 [pool-37-thread-1] INFO  impl.RaftServerImpl (RaftServerImpl.java:start(184)) - d392a8c2-8b62-4ceb-8e6a-52fec3970fa4@group-079BF03BBE19: start as a follower, conf=-1: [d392a8c2-8b62-4ceb-8e6a-52fec3970fa4:192.168.69.98:38225, 3e14be36-a4da-40a9-b9d8-40e3f7d5caa1:192.168.69.98:43780, 63d99294-108b-4e1b-bea3-8d2173b82890:192.168.69.98:37238], old=null
2019-10-24 05:11:18,830 [pool-37-thread-1] INFO  impl.RaftServerImpl (RaftServerImpl.java:setRole(173)) - d392a8c2-8b62-4ceb-8e6a-52fec3970fa4@group-079BF03BBE19: changes role from      null to FOLLOWER at term 0 for startAsFollower
2019-10-24 05:11:18,830 [pool-37-thread-1] INFO  impl.RoleInfo (RoleInfo.java:updateAndGet(143)) - d392a8c2-8b62-4ceb-8e6a-52fec3970fa4: start FollowerState
2019-10-24 05:11:18,830 [pool-27-thread-1] INFO  util.JmxRegister (JmxRegister.java:tryRegister(44)) - Successfully registered JMX Bean with object name Ratis:service=RaftServer,group=group-079BF03BBE19,id=63d99294-108b-4e1b-bea3-8d2173b82890
2019-10-24 05:11:18,831 [pool-27-thread-1] WARN  impl.MetricRegistriesImpl (MetricRegistriesImpl.java:lambda$create$1(61)) - First MetricRegistry has been created without registering reporters. You may need to call MetricRegistries.global().addReportRegistration(...) before.
2019-10-24 05:11:18,831 [pool-37-thread-1] INFO  util.JmxRegister (JmxRegister.java:tryRegister(44)) - Successfully registered JMX Bean with object name Ratis:service=RaftServer,group=group-079BF03BBE19,id=d392a8c2-8b62-4ceb-8e6a-52fec3970fa4
2019-10-24 05:11:18,831 [pool-37-thread-1] WARN  impl.MetricRegistriesImpl (MetricRegistriesImpl.java:lambda$create$1(61)) - First MetricRegistry has been created without registering reporters. You may need to call MetricRegistries.global().addReportRegistration(...) before.
2019-10-24 05:11:18,846 [RatisPipelineUtilsThread] INFO  pipeline.PipelineStateManager (PipelineStateManager.java:addPipeline(55)) - Created pipeline Pipeline[ Id: f562b639-5684-4ad0-907f-079bf03bbe19, Nodes: 63d99294-108b-4e1b-bea3-8d2173b82890{ip: 192.168.69.98, host: pr-hdds-1868-76l5x-1215882166, networkLocation: /default-rack, certSerialId: null}d392a8c2-8b62-4ceb-8e6a-52fec3970fa4{ip: 192.168.69.98, host: pr-hdds-1868-76l5x-1215882166, networkLocation: /default-rack, certSerialId: null}3e14be36-a4da-40a9-b9d8-40e3f7d5caa1{ip: 192.168.69.98, host: pr-hdds-1868-76l5x-1215882166, networkLocation: /default-rack, certSerialId: null}, Type:RATIS, Factor:THREE, State:ALLOCATED]
2019-10-24 05:11:18,850 [Thread-0] INFO  ozone.MiniOzoneClusterImpl (MiniOzoneClusterImpl.java:lambda$waitForClusterToBeReady$2(163)) - Waiting for 4 number of pipelines out of 4, to report a leader.
2019-10-24 05:11:19,851 [Thread-0] INFO  ozone.MiniOzoneClusterImpl (MiniOzoneClusterImpl.java:lambda$waitForClusterToBeReady$2(163)) - Waiting for 4 number of pipelines out of 4, to report a leader.
2019-10-24 05:11:20,796 [Thread-179] INFO  container.ReplicationManager (ReplicationManager.java:start(162)) - Starting Replication Monitor Thread.
2019-10-24 05:11:20,799 [Thread-179] INFO  pipeline.SCMPipelineManager (SCMPipelineManager.java:finalizeAndDestroyPipeline(316)) - destroying pipeline:Pipeline[ Id: 991dc529-f590-4a5d-96cf-a6229520b9d7, Nodes: d392a8c2-8b62-4ceb-8e6a-52fec3970fa4{ip: 192.168.69.98, host: pr-hdds-1868-76l5x-1215882166, networkLocation: /default-rack, certSerialId: null}, Type:RATIS, Factor:ONE, State:ALLOCATED]
2019-10-24 05:11:20,800 [ReplicationMonitor] INFO  container.ReplicationManager (ReplicationManager.java:run(225)) - Replication Monitor Thread took 1 milliseconds for processing 0 containers.
2019-10-24 05:11:20,800 [Thread-179] INFO  pipeline.PipelineStateManager (PipelineStateManager.java:finalizePipeline(121)) - Pipeline Pipeline[ Id: 991dc529-f590-4a5d-96cf-a6229520b9d7, Nodes: d392a8c2-8b62-4ceb-8e6a-52fec3970fa4{ip: 192.168.69.98, host: pr-hdds-1868-76l5x-1215882166, networkLocation: /default-rack, certSerialId: null}, Type:RATIS, Factor:ONE, State:CLOSED] moved to CLOSED state
2019-10-24 05:11:20,830 [grpc-default-executor-2] INFO  impl.RaftServerProxy (RaftServerProxy.java:remove(95)) - d392a8c2-8b62-4ceb-8e6a-52fec3970fa4: remove  FOLLOWER d392a8c2-8b62-4ceb-8e6a-52fec3970fa4@group-A6229520B9D7:t0, leader=null, voted=null, raftlog=d392a8c2-8b62-4ceb-8e6a-52fec3970fa4@group-A6229520B9D7-SegmentedRaftLog:OPENED:c-1,f-1,i0, conf=-1: [d392a8c2-8b62-4ceb-8e6a-52fec3970fa4:192.168.69.98:38225], old=null RUNNING
2019-10-24 05:11:20,834 [grpc-default-executor-2] INFO  impl.RaftServerImpl (RaftServerImpl.java:lambda$shutdown$3(250)) - d392a8c2-8b62-4ceb-8e6a-52fec3970fa4@group-A6229520B9D7: shutdown
2019-10-24 05:11:20,835 [grpc-default-executor-2] INFO  util.JmxRegister (JmxRegister.java:unregister(73)) - Successfully un-registered JMX Bean with object name Ratis:service=RaftServer,group=group-A6229520B9D7,id=d392a8c2-8b62-4ceb-8e6a-52fec3970fa4
2019-10-24 05:11:20,835 [grpc-default-executor-2] INFO  impl.RoleInfo (RoleInfo.java:shutdownFollowerState(121)) - d392a8c2-8b62-4ceb-8e6a-52fec3970fa4: shutdown FollowerState
2019-10-24 05:11:20,835 [grpc-default-executor-2] INFO  impl.StateMachineUpdater (StateMachineUpdater.java:stopAndJoin(136)) - d392a8c2-8b62-4ceb-8e6a-52fec3970fa4@group-A6229520B9D7-StateMachineUpdater: set stopIndex = -1
2019-10-24 05:11:20,835 [Thread-184] INFO  impl.FollowerState (FollowerState.java:run(120)) - d392a8c2-8b62-4ceb-8e6a-52fec3970fa4@group-A6229520B9D7-FollowerState was interrupted: java.lang.InterruptedException: sleep interrupted
2019-10-24 05:11:20,838 [grpc-default-executor-2] INFO  impl.RaftServerImpl (ServerState.java:close(387)) - d392a8c2-8b62-4ceb-8e6a-52fec3970fa4@group-A6229520B9D7: closes. applyIndex: -1
2019-10-24 05:11:20,844 [d392a8c2-8b62-4ceb-8e6a-52fec3970fa4@group-A6229520B9D7-SegmentedRaftLogWorker] INFO  segmented.SegmentedRaftLogWorker (SegmentedRaftLogWorker.java:run(316)) - d392a8c2-8b62-4ceb-8e6a-52fec3970fa4@group-A6229520B9D7-SegmentedRaftLogWorker was interrupted, exiting. There are 0 tasks remaining in the queue.
2019-10-24 05:11:20,845 [grpc-default-executor-2] INFO  segmented.SegmentedRaftLogWorker (SegmentedRaftLogWorker.java:close(224)) - d392a8c2-8b62-4ceb-8e6a-52fec3970fa4@group-A6229520B9D7-SegmentedRaftLogWorker close()
2019-10-24 05:11:20,851 [Thread-0] INFO  ozone.MiniOzoneClusterImpl (MiniOzoneClusterImpl.java:lambda$waitForClusterToBeReady$2(163)) - Waiting for 3 number of pipelines out of 4, to report a leader.
2019-10-24 05:11:20,868 [Thread-179] INFO  pipeline.PipelineStateManager (PipelineStateManager.java:removePipeline(106)) - Pipeline Pipeline[ Id: 991dc529-f590-4a5d-96cf-a6229520b9d7, Nodes: d392a8c2-8b62-4ceb-8e6a-52fec3970fa4{ip: 192.168.69.98, host: pr-hdds-1868-76l5x-1215882166, networkLocation: /default-rack, certSerialId: null}, Type:RATIS, Factor:ONE, State:CLOSED] removed from db
2019-10-24 05:11:20,870 [Thread-179] INFO  pipeline.SCMPipelineManager (SCMPipelineManager.java:finalizeAndDestroyPipeline(316)) - destroying pipeline:Pipeline[ Id: 473cd300-1503-4cb7-94a7-9c95f3e914a7, Nodes: 3e14be36-a4da-40a9-b9d8-40e3f7d5caa1{ip: 192.168.69.98, host: pr-hdds-1868-76l5x-1215882166, networkLocation: /default-rack, certSerialId: null}, Type:RATIS, Factor:ONE, State:ALLOCATED]
2019-10-24 05:11:20,883 [grpc-default-executor-2] INFO  impl.RaftServerProxy (RaftServerProxy.java:addNew(89)) - d392a8c2-8b62-4ceb-8e6a-52fec3970fa4: addNew group-45B2F26D2DAD:[d392a8c2-8b62-4ceb-8e6a-52fec3970fa4:192.168.69.98:38225] returns group-45B2F26D2DAD:java.util.concurrent.CompletableFuture@35e60197[Not completed]
2019-10-24 05:11:20,885 [pool-37-thread-1] INFO  impl.RaftServerImpl (RaftServerImpl.java:<init>(98)) - d392a8c2-8b62-4ceb-8e6a-52fec3970fa4: new RaftServerImpl for group-45B2F26D2DAD:[d392a8c2-8b62-4ceb-8e6a-52fec3970fa4:192.168.69.98:38225] with ContainerStateMachine:uninitialized
2019-10-24 05:11:20,885 [pool-37-thread-1] INFO  server.RaftServerConfigKeys (ConfUtils.java:logGet(43)) - raft.server.rpc.timeout.min = 5s (custom)
2019-10-24 05:11:20,885 [pool-37-thread-1] INFO  server.RaftServerConfigKeys (ConfUtils.java:logGet(43)) - raft.server.rpc.timeout.max = 5200ms (custom)
2019-10-24 05:11:20,885 [pool-37-thread-1] INFO  server.RaftServerConfigKeys (ConfUtils.java:logGet(43)) - raft.server.rpcslowness.timeout = 120s (custom)
2019-10-24 05:11:20,885 [pool-37-thread-1] INFO  server.RaftServerConfigKeys (ConfUtils.java:logGet(43)) - raft.server.sleep.deviation.threshold = 300 (default)
2019-10-24 05:11:20,886 [pool-37-thread-1] INFO  server.RaftServerConfigKeys (ConfUtils.java:logGet(43)) - raft.server.log.appender.install.snapshot.enabled = false (custom)
2019-10-24 05:11:20,886 [pool-37-thread-1] INFO  impl.RaftServerImpl (ServerState.java:<init>(103)) - d392a8c2-8b62-4ceb-8e6a-52fec3970fa4@group-45B2F26D2DAD: ConfigurationManager, init=-1: [d392a8c2-8b62-4ceb-8e6a-52fec3970fa4:192.168.69.98:38225], old=null, confs=<EMPTY_MAP>
2019-10-24 05:11:20,886 [pool-37-thread-1] INFO  server.RaftServerConfigKeys (ConfUtils.java:logGet(43)) - raft.server.storage.dir = [/workdir/hadoop-ozone/integration-test/target/test-dir/MiniOzoneClusterImpl-228badc5-b9d9-45b2-a1b6-1d127042eb27/datanode-1/data/ratis] (custom)
2019-10-24 05:11:20,886 [pool-37-thread-1] INFO  server.RaftServerConfigKeys (ConfUtils.java:logGet(43)) - raft.server.log.corruption.policy = EXCEPTION (default)
2019-10-24 05:11:20,887 [pool-37-thread-1] INFO  storage.RaftStorageDirectory (RaftStorageDirectory.java:analyzeStorage(246)) - The storage directory /workdir/hadoop-ozone/integration-test/target/test-dir/MiniOzoneClusterImpl-228badc5-b9d9-45b2-a1b6-1d127042eb27/datanode-1/data/ratis/e57c6653-1d66-4244-a6ab-45b2f26d2dad does not exist. Creating ...
2019-10-24 05:11:20,923 [pool-37-thread-1] INFO  storage.RaftStorageDirectory (RaftStorageDirectory.java:tryLock(328)) - Lock on /workdir/hadoop-ozone/integration-test/target/test-dir/MiniOzoneClusterImpl-228badc5-b9d9-45b2-a1b6-1d127042eb27/datanode-1/data/ratis/e57c6653-1d66-4244-a6ab-45b2f26d2dad/in_use.lock acquired by nodename 10845@pr-hdds-1868-76l5x-1215882166
2019-10-24 05:11:20,937 [pool-37-thread-1] INFO  storage.RaftStorage (RaftStorage.java:format(84)) - Storage directory /workdir/hadoop-ozone/integration-test/target/test-dir/MiniOzoneClusterImpl-228badc5-b9d9-45b2-a1b6-1d127042eb27/datanode-1/data/ratis/e57c6653-1d66-4244-a6ab-45b2f26d2dad has been successfully formatted.
2019-10-24 05:11:20,937 [pool-37-thread-1] INFO  ratis.ContainerStateMachine (ContainerStateMachine.java:loadSnapshot(233)) - group-45B2F26D2DAD: The snapshot info is null. Setting the last applied indexto:(t:0, i:~)
2019-10-24 05:11:20,937 [pool-37-thread-1] INFO  server.RaftServerConfigKeys (ConfUtils.java:logGet(43)) - raft.server.notification.no-leader.timeout = 120s (custom)
2019-10-24 05:11:20,937 [pool-37-thread-1] INFO  server.RaftServerConfigKeys (ConfUtils.java:logGet(43)) - raft.server.log.use.memory = false (default)
2019-10-24 05:11:20,938 [pool-37-thread-1] INFO  server.RaftServerConfigKeys (ConfUtils.java:logGet(43)) - raft.server.log.purge.gap = 1000000 (custom)
2019-10-24 05:11:20,938 [pool-37-thread-1] INFO  server.RaftServerConfigKeys (ConfUtils.java:logGet(43)) - raft.server.log.appender.buffer.byte-limit = 33554432 (custom)
2019-10-24 05:11:20,938 [pool-37-thread-1] INFO  server.RaftServerConfigKeys (ConfUtils.java:logGet(43)) - raft.server.log.segment.size.max = 1048576 (custom)
2019-10-24 05:11:20,938 [pool-37-thread-1] INFO  server.RaftServerConfigKeys (ConfUtils.java:logGet(43)) - raft.server.log.segment.cache.num.max = 2 (custom)
2019-10-24 05:11:20,938 [pool-37-thread-1] INFO  segmented.SegmentedRaftLogWorker (SegmentedRaftLogWorker.java:<init>(173)) - new d392a8c2-8b62-4ceb-8e6a-52fec3970fa4@group-45B2F26D2DAD-SegmentedRaftLogWorker for RaftStorage:Storage Directory /workdir/hadoop-ozone/integration-test/target/test-dir/MiniOzoneClusterImpl-228badc5-b9d9-45b2-a1b6-1d127042eb27/datanode-1/data/ratis/e57c6653-1d66-4244-a6ab-45b2f26d2dad
2019-10-24 05:11:20,939 [pool-37-thread-1] INFO  server.RaftServerConfigKeys (ConfUtils.java:logGet(43)) - raft.server.log.queue.byte-limit = 2147483647 (custom)
2019-10-24 05:11:20,939 [pool-37-thread-1] INFO  server.RaftServerConfigKeys (ConfUtils.java:logGet(43)) - raft.server.log.queue.element-limit = 1024 (custom)
2019-10-24 05:11:20,939 [pool-37-thread-1] INFO  server.RaftServerConfigKeys (ConfUtils.java:logGet(43)) - raft.server.log.segment.size.max = 1048576 (custom)
2019-10-24 05:11:20,939 [pool-37-thread-1] INFO  server.RaftServerConfigKeys (ConfUtils.java:logGet(43)) - raft.server.log.preallocated.size = 16384 (custom)
2019-10-24 05:11:20,939 [pool-37-thread-1] INFO  server.RaftServerConfigKeys (ConfUtils.java:logGet(43)) - raft.server.log.write.buffer.size = 33554432 (custom)
2019-10-24 05:11:20,939 [pool-37-thread-1] INFO  server.RaftServerConfigKeys (ConfUtils.java:logGet(43)) - raft.server.log.force.sync.num = 128 (default)
2019-10-24 05:11:20,940 [pool-37-thread-1] INFO  server.RaftServerConfigKeys (ConfUtils.java:logGet(43)) - raft.server.log.statemachine.data.sync = true (default)
2019-10-24 05:11:20,940 [pool-37-thread-1] INFO  server.RaftServerConfigKeys (ConfUtils.java:logGet(43)) - raft.server.log.statemachine.data.sync.timeout = 10s (default)
2019-10-24 05:11:20,940 [pool-37-thread-1] INFO  server.RaftServerConfigKeys (ConfUtils.java:logGet(43)) - raft.server.log.statemachine.data.sync.timeout.retry = -1 (default)
2019-10-24 05:11:20,940 [pool-37-thread-1] INFO  server.RaftServerConfigKeys (ConfUtils.java:logGet(43)) - raft.server.log.statemachine.data.caching.enabled = true (custom)
2019-10-24 05:11:20,941 [pool-37-thread-1] INFO  segmented.SegmentedRaftLogWorker (SegmentedRaftLogWorker.java:lambda$new$0(128)) - d392a8c2-8b62-4ceb-8e6a-52fec3970fa4@group-45B2F26D2DAD-SegmentedRaftLogWorker: flushIndex: setUnconditionally 0 -> -1
2019-10-24 05:11:20,941 [pool-37-thread-1] INFO  server.RaftServerConfigKeys (ConfUtils.java:logGet(43)) - raft.server.snapshot.auto.trigger.enabled = true (custom)
2019-10-24 05:11:20,941 [pool-37-thread-1] INFO  server.RaftServerConfigKeys (ConfUtils.java:logGet(43)) - raft.server.snapshot.auto.trigger.threshold = 10000 (custom)
2019-10-24 05:11:20,941 [pool-37-thread-1] INFO  server.RaftServerConfigKeys (ConfUtils.java:logGet(43)) - raft.server.snapshot.retention.file.num = 5 (custom)
2019-10-24 05:11:20,942 [pool-37-thread-1] INFO  server.RaftServerConfigKeys (ConfUtils.java:logGet(43)) - raft.server.retrycache.expirytime = 600000ms (custom)
2019-10-24 05:11:20,942 [pool-37-thread-1] WARN  impl.MetricRegistriesImpl (MetricRegistriesImpl.java:lambda$create$1(61)) - First MetricRegistry has been created without registering reporters. You may need to call MetricRegistries.global().addReportRegistration(...) before.
2019-10-24 05:11:20,942 [pool-37-thread-1] WARN  impl.MetricRegistriesImpl (MetricRegistriesImpl.java:lambda$create$1(61)) - First MetricRegistry has been created without registering reporters. You may need to call MetricRegistries.global().addReportRegistration(...) before.
2019-10-24 05:11:20,942 [pool-37-thread-1] INFO  impl.RaftServerImpl (RaftServerImpl.java:start(184)) - d392a8c2-8b62-4ceb-8e6a-52fec3970fa4@group-45B2F26D2DAD: start as a follower, conf=-1: [d392a8c2-8b62-4ceb-8e6a-52fec3970fa4:192.168.69.98:38225], old=null
2019-10-24 05:11:20,943 [pool-37-thread-1] INFO  impl.RaftServerImpl (RaftServerImpl.java:setRole(173)) - d392a8c2-8b62-4ceb-8e6a-52fec3970fa4@group-45B2F26D2DAD: changes role from      null to FOLLOWER at term 0 for startAsFollower
2019-10-24 05:11:20,943 [pool-37-thread-1] INFO  impl.RoleInfo (RoleInfo.java:updateAndGet(143)) - d392a8c2-8b62-4ceb-8e6a-52fec3970fa4: start FollowerState
2019-10-24 05:11:20,943 [pool-37-thread-1] INFO  util.JmxRegister (JmxRegister.java:tryRegister(44)) - Successfully registered JMX Bean with object name Ratis:service=RaftServer,group=group-45B2F26D2DAD,id=d392a8c2-8b62-4ceb-8e6a-52fec3970fa4
2019-10-24 05:11:20,944 [pool-37-thread-1] WARN  impl.MetricRegistriesImpl (MetricRegistriesImpl.java:lambda$create$1(61)) - First MetricRegistry has been created without registering reporters. You may need to call MetricRegistries.global().addReportRegistration(...) before.
2019-10-24 05:11:20,958 [RatisPipelineUtilsThread] INFO  pipeline.PipelineStateManager (PipelineStateManager.java:addPipeline(55)) - Created pipeline Pipeline[ Id: e57c6653-1d66-4244-a6ab-45b2f26d2dad, Nodes: d392a8c2-8b62-4ceb-8e6a-52fec3970fa4{ip: 192.168.69.98, host: pr-hdds-1868-76l5x-1215882166, networkLocation: /default-rack, certSerialId: null}, Type:RATIS, Factor:ONE, State:ALLOCATED]
2019-10-24 05:11:20,960 [Thread-179] INFO  pipeline.PipelineStateManager (PipelineStateManager.java:finalizePipeline(121)) - Pipeline Pipeline[ Id: 473cd300-1503-4cb7-94a7-9c95f3e914a7, Nodes: 3e14be36-a4da-40a9-b9d8-40e3f7d5caa1{ip: 192.168.69.98, host: pr-hdds-1868-76l5x-1215882166, networkLocation: /default-rack, certSerialId: null}, Type:RATIS, Factor:ONE, State:CLOSED] moved to CLOSED state
2019-10-24 05:11:20,973 [grpc-default-executor-2] INFO  impl.RaftServerProxy (RaftServerProxy.java:remove(95)) - 3e14be36-a4da-40a9-b9d8-40e3f7d5caa1: remove  FOLLOWER 3e14be36-a4da-40a9-b9d8-40e3f7d5caa1@group-9C95F3E914A7:t0, leader=null, voted=null, raftlog=3e14be36-a4da-40a9-b9d8-40e3f7d5caa1@group-9C95F3E914A7-SegmentedRaftLog:OPENED:c-1,f-1,i0, conf=-1: [3e14be36-a4da-40a9-b9d8-40e3f7d5caa1:192.168.69.98:43780], old=null RUNNING
2019-10-24 05:11:20,974 [grpc-default-executor-2] INFO  impl.RaftServerImpl (RaftServerImpl.java:lambda$shutdown$3(250)) - 3e14be36-a4da-40a9-b9d8-40e3f7d5caa1@group-9C95F3E914A7: shutdown
2019-10-24 05:11:20,974 [grpc-default-executor-2] INFO  util.JmxRegister (JmxRegister.java:unregister(73)) - Successfully un-registered JMX Bean with object name Ratis:service=RaftServer,group=group-9C95F3E914A7,id=3e14be36-a4da-40a9-b9d8-40e3f7d5caa1
2019-10-24 05:11:20,974 [grpc-default-executor-2] INFO  impl.RoleInfo (RoleInfo.java:shutdownFollowerState(121)) - 3e14be36-a4da-40a9-b9d8-40e3f7d5caa1: shutdown FollowerState
2019-10-24 05:11:20,974 [grpc-default-executor-2] INFO  impl.StateMachineUpdater (StateMachineUpdater.java:stopAndJoin(136)) - 3e14be36-a4da-40a9-b9d8-40e3f7d5caa1@group-9C95F3E914A7-StateMachineUpdater: set stopIndex = -1
2019-10-24 05:11:20,974 [Thread-187] INFO  impl.FollowerState (FollowerState.java:run(120)) - 3e14be36-a4da-40a9-b9d8-40e3f7d5caa1@group-9C95F3E914A7-FollowerState was interrupted: java.lang.InterruptedException: sleep interrupted
2019-10-24 05:11:20,976 [grpc-default-executor-2] INFO  impl.RaftServerImpl (ServerState.java:close(387)) - 3e14be36-a4da-40a9-b9d8-40e3f7d5caa1@group-9C95F3E914A7: closes. applyIndex: -1
2019-10-24 05:11:20,978 [3e14be36-a4da-40a9-b9d8-40e3f7d5caa1@group-9C95F3E914A7-SegmentedRaftLogWorker] INFO  segmented.SegmentedRaftLogWorker (SegmentedRaftLogWorker.java:run(316)) - 3e14be36-a4da-40a9-b9d8-40e3f7d5caa1@group-9C95F3E914A7-SegmentedRaftLogWorker was interrupted, exiting. There are 0 tasks remaining in the queue.
2019-10-24 05:11:20,978 [grpc-default-executor-2] INFO  segmented.SegmentedRaftLogWorker (SegmentedRaftLogWorker.java:close(224)) - 3e14be36-a4da-40a9-b9d8-40e3f7d5caa1@group-9C95F3E914A7-SegmentedRaftLogWorker close()
2019-10-24 05:11:20,987 [Thread-179] INFO  pipeline.PipelineStateManager (PipelineStateManager.java:removePipeline(106)) - Pipeline Pipeline[ Id: 473cd300-1503-4cb7-94a7-9c95f3e914a7, Nodes: 3e14be36-a4da-40a9-b9d8-40e3f7d5caa1{ip: 192.168.69.98, host: pr-hdds-1868-76l5x-1215882166, networkLocation: /default-rack, certSerialId: null}, Type:RATIS, Factor:ONE, State:CLOSED] removed from db
2019-10-24 05:11:20,988 [Thread-179] INFO  pipeline.SCMPipelineManager (SCMPipelineManager.java:finalizeAndDestroyPipeline(316)) - destroying pipeline:Pipeline[ Id: f562b639-5684-4ad0-907f-079bf03bbe19, Nodes: 63d99294-108b-4e1b-bea3-8d2173b82890{ip: 192.168.69.98, host: pr-hdds-1868-76l5x-1215882166, networkLocation: /default-rack, certSerialId: null}d392a8c2-8b62-4ceb-8e6a-52fec3970fa4{ip: 192.168.69.98, host: pr-hdds-1868-76l5x-1215882166, networkLocation: /default-rack, certSerialId: null}3e14be36-a4da-40a9-b9d8-40e3f7d5caa1{ip: 192.168.69.98, host: pr-hdds-1868-76l5x-1215882166, networkLocation: /default-rack, certSerialId: null}, Type:RATIS, Factor:THREE, State:ALLOCATED]
2019-10-24 05:11:20,998 [grpc-default-executor-2] INFO  impl.RaftServerProxy (RaftServerProxy.java:addNew(89)) - 3e14be36-a4da-40a9-b9d8-40e3f7d5caa1: addNew group-1E755E3C7142:[3e14be36-a4da-40a9-b9d8-40e3f7d5caa1:192.168.69.98:43780] returns group-1E755E3C7142:java.util.concurrent.CompletableFuture@7f654fa5[Not completed]
2019-10-24 05:11:21,001 [pool-47-thread-1] INFO  impl.RaftServerImpl (RaftServerImpl.java:<init>(98)) - 3e14be36-a4da-40a9-b9d8-40e3f7d5caa1: new RaftServerImpl for group-1E755E3C7142:[3e14be36-a4da-40a9-b9d8-40e3f7d5caa1:192.168.69.98:43780] with ContainerStateMachine:uninitialized
2019-10-24 05:11:21,002 [pool-47-thread-1] INFO  server.RaftServerConfigKeys (ConfUtils.java:logGet(43)) - raft.server.rpc.timeout.min = 5s (custom)
2019-10-24 05:11:21,002 [pool-47-thread-1] INFO  server.RaftServerConfigKeys (ConfUtils.java:logGet(43)) - raft.server.rpc.timeout.max = 5200ms (custom)
2019-10-24 05:11:21,002 [pool-47-thread-1] INFO  server.RaftServerConfigKeys (ConfUtils.java:logGet(43)) - raft.server.rpcslowness.timeout = 120s (custom)
2019-10-24 05:11:21,002 [pool-47-thread-1] INFO  server.RaftServerConfigKeys (ConfUtils.java:logGet(43)) - raft.server.sleep.deviation.threshold = 300 (default)
2019-10-24 05:11:21,002 [pool-47-thread-1] INFO  server.RaftServerConfigKeys (ConfUtils.java:logGet(43)) - raft.server.log.appender.install.snapshot.enabled = false (custom)
2019-10-24 05:11:21,003 [pool-47-thread-1] INFO  impl.RaftServerImpl (ServerState.java:<init>(103)) - 3e14be36-a4da-40a9-b9d8-40e3f7d5caa1@group-1E755E3C7142: ConfigurationManager, init=-1: [3e14be36-a4da-40a9-b9d8-40e3f7d5caa1:192.168.69.98:43780], old=null, confs=<EMPTY_MAP>
2019-10-24 05:11:21,003 [pool-47-thread-1] INFO  server.RaftServerConfigKeys (ConfUtils.java:logGet(43)) - raft.server.storage.dir = [/workdir/hadoop-ozone/integration-test/target/test-dir/MiniOzoneClusterImpl-228badc5-b9d9-45b2-a1b6-1d127042eb27/datanode-2/data/ratis] (custom)
2019-10-24 05:11:21,003 [pool-47-thread-1] INFO  server.RaftServerConfigKeys (ConfUtils.java:logGet(43)) - raft.server.log.corruption.policy = EXCEPTION (default)
2019-10-24 05:11:21,004 [pool-47-thread-1] INFO  storage.RaftStorageDirectory (RaftStorageDirectory.java:analyzeStorage(246)) - The storage directory /workdir/hadoop-ozone/integration-test/target/test-dir/MiniOzoneClusterImpl-228badc5-b9d9-45b2-a1b6-1d127042eb27/datanode-2/data/ratis/277958a0-7c7d-4df0-b40d-1e755e3c7142 does not exist. Creating ...
2019-10-24 05:11:21,017 [pool-47-thread-1] INFO  storage.RaftStorageDirectory (RaftStorageDirectory.java:tryLock(328)) - Lock on /workdir/hadoop-ozone/integration-test/target/test-dir/MiniOzoneClusterImpl-228badc5-b9d9-45b2-a1b6-1d127042eb27/datanode-2/data/ratis/277958a0-7c7d-4df0-b40d-1e755e3c7142/in_use.lock acquired by nodename 10845@pr-hdds-1868-76l5x-1215882166
2019-10-24 05:11:21,031 [pool-47-thread-1] INFO  storage.RaftStorage (RaftStorage.java:format(84)) - Storage directory /workdir/hadoop-ozone/integration-test/target/test-dir/MiniOzoneClusterImpl-228badc5-b9d9-45b2-a1b6-1d127042eb27/datanode-2/data/ratis/277958a0-7c7d-4df0-b40d-1e755e3c7142 has been successfully formatted.
2019-10-24 05:11:21,031 [pool-47-thread-1] INFO  ratis.ContainerStateMachine (ContainerStateMachine.java:loadSnapshot(233)) - group-1E755E3C7142: The snapshot info is null. Setting the last applied indexto:(t:0, i:~)
2019-10-24 05:11:21,031 [pool-47-thread-1] INFO  server.RaftServerConfigKeys (ConfUtils.java:logGet(43)) - raft.server.notification.no-leader.timeout = 120s (custom)
2019-10-24 05:11:21,031 [pool-47-thread-1] INFO  server.RaftServerConfigKeys (ConfUtils.java:logGet(43)) - raft.server.log.use.memory = false (default)
2019-10-24 05:11:21,032 [pool-47-thread-1] INFO  server.RaftServerConfigKeys (ConfUtils.java:logGet(43)) - raft.server.log.purge.gap = 1000000 (custom)
2019-10-24 05:11:21,032 [pool-47-thread-1] INFO  server.RaftServerConfigKeys (ConfUtils.java:logGet(43)) - raft.server.log.appender.buffer.byte-limit = 33554432 (custom)
2019-10-24 05:11:21,032 [pool-47-thread-1] INFO  server.RaftServerConfigKeys (ConfUtils.java:logGet(43)) - raft.server.log.segment.size.max = 1048576 (custom)
2019-10-24 05:11:21,032 [pool-47-thread-1] INFO  server.RaftServerConfigKeys (ConfUtils.java:logGet(43)) - raft.server.log.segment.cache.num.max = 2 (custom)
2019-10-24 05:11:21,032 [pool-47-thread-1] INFO  segmented.SegmentedRaftLogWorker (SegmentedRaftLogWorker.java:<init>(173)) - new 3e14be36-a4da-40a9-b9d8-40e3f7d5caa1@group-1E755E3C7142-SegmentedRaftLogWorker for RaftStorage:Storage Directory /workdir/hadoop-ozone/integration-test/target/test-dir/MiniOzoneClusterImpl-228badc5-b9d9-45b2-a1b6-1d127042eb27/datanode-2/data/ratis/277958a0-7c7d-4df0-b40d-1e755e3c7142
2019-10-24 05:11:21,033 [pool-47-thread-1] INFO  server.RaftServerConfigKeys (ConfUtils.java:logGet(43)) - raft.server.log.queue.byte-limit = 2147483647 (custom)
2019-10-24 05:11:21,033 [pool-47-thread-1] INFO  server.RaftServerConfigKeys (ConfUtils.java:logGet(43)) - raft.server.log.queue.element-limit = 1024 (custom)
2019-10-24 05:11:21,033 [pool-47-thread-1] INFO  server.RaftServerConfigKeys (ConfUtils.java:logGet(43)) - raft.server.log.segment.size.max = 1048576 (custom)
2019-10-24 05:11:21,033 [pool-47-thread-1] INFO  server.RaftServerConfigKeys (ConfUtils.java:logGet(43)) - raft.server.log.preallocated.size = 16384 (custom)
2019-10-24 05:11:21,033 [pool-47-thread-1] INFO  server.RaftServerConfigKeys (ConfUtils.java:logGet(43)) - raft.server.log.write.buffer.size = 33554432 (custom)
2019-10-24 05:11:21,033 [pool-47-thread-1] INFO  server.RaftServerConfigKeys (ConfUtils.java:logGet(43)) - raft.server.log.force.sync.num = 128 (default)
2019-10-24 05:11:21,034 [pool-47-thread-1] INFO  server.RaftServerConfigKeys (ConfUtils.java:logGet(43)) - raft.server.log.statemachine.data.sync = true (default)
2019-10-24 05:11:21,034 [pool-47-thread-1] INFO  server.RaftServerConfigKeys (ConfUtils.java:logGet(43)) - raft.server.log.statemachine.data.sync.timeout = 10s (default)
2019-10-24 05:11:21,034 [pool-47-thread-1] INFO  server.RaftServerConfigKeys (ConfUtils.java:logGet(43)) - raft.server.log.statemachine.data.sync.timeout.retry = -1 (default)
2019-10-24 05:11:21,034 [pool-47-thread-1] INFO  server.RaftServerConfigKeys (ConfUtils.java:logGet(43)) - raft.server.log.statemachine.data.caching.enabled = true (custom)
2019-10-24 05:11:21,035 [pool-47-thread-1] INFO  segmented.SegmentedRaftLogWorker (SegmentedRaftLogWorker.java:lambda$new$0(128)) - 3e14be36-a4da-40a9-b9d8-40e3f7d5caa1@group-1E755E3C7142-SegmentedRaftLogWorker: flushIndex: setUnconditionally 0 -> -1
2019-10-24 05:11:21,035 [pool-47-thread-1] INFO  server.RaftServerConfigKeys (ConfUtils.java:logGet(43)) - raft.server.snapshot.auto.trigger.enabled = true (custom)
2019-10-24 05:11:21,035 [pool-47-thread-1] INFO  server.RaftServerConfigKeys (ConfUtils.java:logGet(43)) - raft.server.snapshot.auto.trigger.threshold = 10000 (custom)
2019-10-24 05:11:21,035 [pool-47-thread-1] INFO  server.RaftServerConfigKeys (ConfUtils.java:logGet(43)) - raft.server.snapshot.retention.file.num = 5 (custom)
2019-10-24 05:11:21,036 [pool-47-thread-1] INFO  server.RaftServerConfigKeys (ConfUtils.java:logGet(43)) - raft.server.retrycache.expirytime = 600000ms (custom)
2019-10-24 05:11:21,036 [pool-47-thread-1] WARN  impl.MetricRegistriesImpl (MetricRegistriesImpl.java:lambda$create$1(61)) - First MetricRegistry has been created without registering reporters. You may need to call MetricRegistries.global().addReportRegistration(...) before.
2019-10-24 05:11:21,036 [pool-47-thread-1] WARN  impl.MetricRegistriesImpl (MetricRegistriesImpl.java:lambda$create$1(61)) - First MetricRegistry has been created without registering reporters. You may need to call MetricRegistries.global().addReportRegistration(...) before.
2019-10-24 05:11:21,037 [pool-47-thread-1] INFO  impl.RaftServerImpl (RaftServerImpl.java:start(184)) - 3e14be36-a4da-40a9-b9d8-40e3f7d5caa1@group-1E755E3C7142: start as a follower, conf=-1: [3e14be36-a4da-40a9-b9d8-40e3f7d5caa1:192.168.69.98:43780], old=null
2019-10-24 05:11:21,037 [pool-47-thread-1] INFO  impl.RaftServerImpl (RaftServerImpl.java:setRole(173)) - 3e14be36-a4da-40a9-b9d8-40e3f7d5caa1@group-1E755E3C7142: changes role from      null to FOLLOWER at term 0 for startAsFollower
2019-10-24 05:11:21,037 [pool-47-thread-1] INFO  impl.RoleInfo (RoleInfo.java:updateAndGet(143)) - 3e14be36-a4da-40a9-b9d8-40e3f7d5caa1: start FollowerState
2019-10-24 05:11:21,037 [pool-47-thread-1] INFO  util.JmxRegister (JmxRegister.java:tryRegister(44)) - Successfully registered JMX Bean with object name Ratis:service=RaftServer,group=group-1E755E3C7142,id=3e14be36-a4da-40a9-b9d8-40e3f7d5caa1
2019-10-24 05:11:21,038 [pool-47-thread-1] WARN  impl.MetricRegistriesImpl (MetricRegistriesImpl.java:lambda$create$1(61)) - First MetricRegistry has been created without registering reporters. You may need to call MetricRegistries.global().addReportRegistration(...) before.
2019-10-24 05:11:21,046 [RatisPipelineUtilsThread] INFO  pipeline.PipelineStateManager (PipelineStateManager.java:addPipeline(55)) - Created pipeline Pipeline[ Id: 277958a0-7c7d-4df0-b40d-1e755e3c7142, Nodes: 3e14be36-a4da-40a9-b9d8-40e3f7d5caa1{ip: 192.168.69.98, host: pr-hdds-1868-76l5x-1215882166, networkLocation: /default-rack, certSerialId: null}, Type:RATIS, Factor:ONE, State:ALLOCATED]
2019-10-24 05:11:21,047 [Thread-179] INFO  pipeline.PipelineStateManager (PipelineStateManager.java:finalizePipeline(121)) - Pipeline Pipeline[ Id: f562b639-5684-4ad0-907f-079bf03bbe19, Nodes: 63d99294-108b-4e1b-bea3-8d2173b82890{ip: 192.168.69.98, host: pr-hdds-1868-76l5x-1215882166, networkLocation: /default-rack, certSerialId: null}d392a8c2-8b62-4ceb-8e6a-52fec3970fa4{ip: 192.168.69.98, host: pr-hdds-1868-76l5x-1215882166, networkLocation: /default-rack, certSerialId: null}3e14be36-a4da-40a9-b9d8-40e3f7d5caa1{ip: 192.168.69.98, host: pr-hdds-1868-76l5x-1215882166, networkLocation: /default-rack, certSerialId: null}, Type:RATIS, Factor:THREE, State:CLOSED] moved to CLOSED state
2019-10-24 05:11:21,058 [grpc-default-executor-2] INFO  impl.RaftServerProxy (RaftServerProxy.java:remove(95)) - 63d99294-108b-4e1b-bea3-8d2173b82890: remove  FOLLOWER 63d99294-108b-4e1b-bea3-8d2173b82890@group-079BF03BBE19:t0, leader=null, voted=null, raftlog=63d99294-108b-4e1b-bea3-8d2173b82890@group-079BF03BBE19-SegmentedRaftLog:OPENED:c-1,f-1,i0, conf=-1: [d392a8c2-8b62-4ceb-8e6a-52fec3970fa4:192.168.69.98:38225, 3e14be36-a4da-40a9-b9d8-40e3f7d5caa1:192.168.69.98:43780, 63d99294-108b-4e1b-bea3-8d2173b82890:192.168.69.98:37238], old=null RUNNING
2019-10-24 05:11:21,058 [grpc-default-executor-2] INFO  impl.RaftServerImpl (RaftServerImpl.java:lambda$shutdown$3(250)) - 63d99294-108b-4e1b-bea3-8d2173b82890@group-079BF03BBE19: shutdown
2019-10-24 05:11:21,059 [grpc-default-executor-2] INFO  util.JmxRegister (JmxRegister.java:unregister(73)) - Successfully un-registered JMX Bean with object name Ratis:service=RaftServer,group=group-079BF03BBE19,id=63d99294-108b-4e1b-bea3-8d2173b82890
2019-10-24 05:11:21,059 [grpc-default-executor-2] INFO  impl.RoleInfo (RoleInfo.java:shutdownFollowerState(121)) - 63d99294-108b-4e1b-bea3-8d2173b82890: shutdown FollowerState
2019-10-24 05:11:21,059 [grpc-default-executor-2] INFO  impl.StateMachineUpdater (StateMachineUpdater.java:stopAndJoin(136)) - 63d99294-108b-4e1b-bea3-8d2173b82890@group-079BF03BBE19-StateMachineUpdater: set stopIndex = -1
2019-10-24 05:11:21,059 [Thread-194] INFO  impl.FollowerState (FollowerState.java:run(120)) - 63d99294-108b-4e1b-bea3-8d2173b82890@group-079BF03BBE19-FollowerState was interrupted: java.lang.InterruptedException: sleep interrupted
2019-10-24 05:11:21,060 [grpc-default-executor-2] INFO  impl.RaftServerImpl (ServerState.java:close(387)) - 63d99294-108b-4e1b-bea3-8d2173b82890@group-079BF03BBE19: closes. applyIndex: -1
2019-10-24 05:11:21,064 [63d99294-108b-4e1b-bea3-8d2173b82890@group-079BF03BBE19-SegmentedRaftLogWorker] INFO  segmented.SegmentedRaftLogWorker (SegmentedRaftLogWorker.java:run(316)) - 63d99294-108b-4e1b-bea3-8d2173b82890@group-079BF03BBE19-SegmentedRaftLogWorker was interrupted, exiting. There are 0 tasks remaining in the queue.
2019-10-24 05:11:21,065 [grpc-default-executor-2] INFO  segmented.SegmentedRaftLogWorker (SegmentedRaftLogWorker.java:close(224)) - 63d99294-108b-4e1b-bea3-8d2173b82890@group-079BF03BBE19-SegmentedRaftLogWorker close()
2019-10-24 05:11:21,084 [grpc-default-executor-2] INFO  impl.RaftServerProxy (RaftServerProxy.java:remove(95)) - d392a8c2-8b62-4ceb-8e6a-52fec3970fa4: remove  FOLLOWER d392a8c2-8b62-4ceb-8e6a-52fec3970fa4@group-079BF03BBE19:t0, leader=null, voted=null, raftlog=d392a8c2-8b62-4ceb-8e6a-52fec3970fa4@group-079BF03BBE19-SegmentedRaftLog:OPENED:c-1,f-1,i0, conf=-1: [d392a8c2-8b62-4ceb-8e6a-52fec3970fa4:192.168.69.98:38225, 3e14be36-a4da-40a9-b9d8-40e3f7d5caa1:192.168.69.98:43780, 63d99294-108b-4e1b-bea3-8d2173b82890:192.168.69.98:37238], old=null RUNNING
2019-10-24 05:11:21,085 [grpc-default-executor-2] INFO  impl.RaftServerImpl (RaftServerImpl.java:lambda$shutdown$3(250)) - d392a8c2-8b62-4ceb-8e6a-52fec3970fa4@group-079BF03BBE19: shutdown
2019-10-24 05:11:21,085 [grpc-default-executor-2] INFO  util.JmxRegister (JmxRegister.java:unregister(73)) - Successfully un-registered JMX Bean with object name Ratis:service=RaftServer,group=group-079BF03BBE19,id=d392a8c2-8b62-4ceb-8e6a-52fec3970fa4
2019-10-24 05:11:21,085 [grpc-default-executor-2] INFO  impl.RoleInfo (RoleInfo.java:shutdownFollowerState(121)) - d392a8c2-8b62-4ceb-8e6a-52fec3970fa4: shutdown FollowerState
2019-10-24 05:11:21,085 [grpc-default-executor-2] INFO  impl.StateMachineUpdater (StateMachineUpdater.java:stopAndJoin(136)) - d392a8c2-8b62-4ceb-8e6a-52fec3970fa4@group-079BF03BBE19-StateMachineUpdater: set stopIndex = -1
2019-10-24 05:11:21,085 [Thread-195] INFO  impl.FollowerState (FollowerState.java:run(120)) - d392a8c2-8b62-4ceb-8e6a-52fec3970fa4@group-079BF03BBE19-FollowerState was interrupted: java.lang.InterruptedException: sleep interrupted
2019-10-24 05:11:21,086 [grpc-default-executor-2] INFO  impl.RaftServerImpl (ServerState.java:close(387)) - d392a8c2-8b62-4ceb-8e6a-52fec3970fa4@group-079BF03BBE19: closes. applyIndex: -1
2019-10-24 05:11:21,087 [d392a8c2-8b62-4ceb-8e6a-52fec3970fa4@group-079BF03BBE19-SegmentedRaftLogWorker] INFO  segmented.SegmentedRaftLogWorker (SegmentedRaftLogWorker.java:run(316)) - d392a8c2-8b62-4ceb-8e6a-52fec3970fa4@group-079BF03BBE19-SegmentedRaftLogWorker was interrupted, exiting. There are 0 tasks remaining in the queue.
2019-10-24 05:11:21,088 [grpc-default-executor-2] INFO  segmented.SegmentedRaftLogWorker (SegmentedRaftLogWorker.java:close(224)) - d392a8c2-8b62-4ceb-8e6a-52fec3970fa4@group-079BF03BBE19-SegmentedRaftLogWorker close()
2019-10-24 05:11:21,106 [grpc-default-executor-2] INFO  impl.RaftServerProxy (RaftServerProxy.java:remove(95)) - 3e14be36-a4da-40a9-b9d8-40e3f7d5caa1: remove  FOLLOWER 3e14be36-a4da-40a9-b9d8-40e3f7d5caa1@group-079BF03BBE19:t0, leader=null, voted=null, raftlog=3e14be36-a4da-40a9-b9d8-40e3f7d5caa1@group-079BF03BBE19-SegmentedRaftLog:OPENED:c-1,f-1,i0, conf=-1: [d392a8c2-8b62-4ceb-8e6a-52fec3970fa4:192.168.69.98:38225, 3e14be36-a4da-40a9-b9d8-40e3f7d5caa1:192.168.69.98:43780, 63d99294-108b-4e1b-bea3-8d2173b82890:192.168.69.98:37238], old=null RUNNING
2019-10-24 05:11:21,106 [grpc-default-executor-2] INFO  impl.RaftServerImpl (RaftServerImpl.java:lambda$shutdown$3(250)) - 3e14be36-a4da-40a9-b9d8-40e3f7d5caa1@group-079BF03BBE19: shutdown
2019-10-24 05:11:21,106 [grpc-default-executor-2] INFO  util.JmxRegister (JmxRegister.java:unregister(73)) - Successfully un-registered JMX Bean with object name Ratis:service=RaftServer,group=group-079BF03BBE19,id=3e14be36-a4da-40a9-b9d8-40e3f7d5caa1
2019-10-24 05:11:21,107 [grpc-default-executor-2] INFO  impl.RoleInfo (RoleInfo.java:shutdownFollowerState(121)) - 3e14be36-a4da-40a9-b9d8-40e3f7d5caa1: shutdown FollowerState
2019-10-24 05:11:21,107 [grpc-default-executor-2] INFO  impl.StateMachineUpdater (StateMachineUpdater.java:stopAndJoin(136)) - 3e14be36-a4da-40a9-b9d8-40e3f7d5caa1@group-079BF03BBE19-StateMachineUpdater: set stopIndex = -1
2019-10-24 05:11:21,107 [Thread-190] INFO  impl.FollowerState (FollowerState.java:run(120)) - 3e14be36-a4da-40a9-b9d8-40e3f7d5caa1@group-079BF03BBE19-FollowerState was interrupted: java.lang.InterruptedException: sleep interrupted
2019-10-24 05:11:21,108 [grpc-default-executor-2] INFO  impl.RaftServerImpl (ServerState.java:close(387)) - 3e14be36-a4da-40a9-b9d8-40e3f7d5caa1@group-079BF03BBE19: closes. applyIndex: -1
2019-10-24 05:11:21,109 [3e14be36-a4da-40a9-b9d8-40e3f7d5caa1@group-079BF03BBE19-SegmentedRaftLogWorker] INFO  segmented.SegmentedRaftLogWorker (SegmentedRaftLogWorker.java:run(316)) - 3e14be36-a4da-40a9-b9d8-40e3f7d5caa1@group-079BF03BBE19-SegmentedRaftLogWorker was interrupted, exiting. There are 0 tasks remaining in the queue.
2019-10-24 05:11:21,109 [grpc-default-executor-2] INFO  segmented.SegmentedRaftLogWorker (SegmentedRaftLogWorker.java:close(224)) - 3e14be36-a4da-40a9-b9d8-40e3f7d5caa1@group-079BF03BBE19-SegmentedRaftLogWorker close()
2019-10-24 05:11:21,116 [Thread-179] INFO  pipeline.PipelineStateManager (PipelineStateManager.java:removePipeline(106)) - Pipeline Pipeline[ Id: f562b639-5684-4ad0-907f-079bf03bbe19, Nodes: 63d99294-108b-4e1b-bea3-8d2173b82890{ip: 192.168.69.98, host: pr-hdds-1868-76l5x-1215882166, networkLocation: /default-rack, certSerialId: null}d392a8c2-8b62-4ceb-8e6a-52fec3970fa4{ip: 192.168.69.98, host: pr-hdds-1868-76l5x-1215882166, networkLocation: /default-rack, certSerialId: null}3e14be36-a4da-40a9-b9d8-40e3f7d5caa1{ip: 192.168.69.98, host: pr-hdds-1868-76l5x-1215882166, networkLocation: /default-rack, certSerialId: null}, Type:RATIS, Factor:THREE, State:CLOSED] removed from db
2019-10-24 05:11:21,117 [Thread-179] INFO  pipeline.SCMPipelineManager (SCMPipelineManager.java:finalizeAndDestroyPipeline(316)) - destroying pipeline:Pipeline[ Id: f2619d9c-a030-4dd8-b281-47aa61037891, Nodes: 63d99294-108b-4e1b-bea3-8d2173b82890{ip: 192.168.69.98, host: pr-hdds-1868-76l5x-1215882166, networkLocation: /default-rack, certSerialId: null}, Type:RATIS, Factor:ONE, State:ALLOCATED]
2019-10-24 05:11:21,135 [grpc-default-executor-0] INFO  impl.RaftServerProxy (RaftServerProxy.java:addNew(89)) - d392a8c2-8b62-4ceb-8e6a-52fec3970fa4: addNew group-15609759C8C7:[d392a8c2-8b62-4ceb-8e6a-52fec3970fa4:192.168.69.98:38225, 3e14be36-a4da-40a9-b9d8-40e3f7d5caa1:192.168.69.98:43780, 63d99294-108b-4e1b-bea3-8d2173b82890:192.168.69.98:37238] returns group-15609759C8C7:java.util.concurrent.CompletableFuture@2d8a271[Not completed]
2019-10-24 05:11:21,136 [grpc-default-executor-2] INFO  impl.RaftServerProxy (RaftServerProxy.java:addNew(89)) - 63d99294-108b-4e1b-bea3-8d2173b82890: addNew group-15609759C8C7:[d392a8c2-8b62-4ceb-8e6a-52fec3970fa4:192.168.69.98:38225, 3e14be36-a4da-40a9-b9d8-40e3f7d5caa1:192.168.69.98:43780, 63d99294-108b-4e1b-bea3-8d2173b82890:192.168.69.98:37238] returns group-15609759C8C7:java.util.concurrent.CompletableFuture@7803b1d5[Not completed]
2019-10-24 05:11:21,136 [grpc-default-executor-1] INFO  impl.RaftServerProxy (RaftServerProxy.java:addNew(89)) - 3e14be36-a4da-40a9-b9d8-40e3f7d5caa1: addNew group-15609759C8C7:[d392a8c2-8b62-4ceb-8e6a-52fec3970fa4:192.168.69.98:38225, 3e14be36-a4da-40a9-b9d8-40e3f7d5caa1:192.168.69.98:43780, 63d99294-108b-4e1b-bea3-8d2173b82890:192.168.69.98:37238] returns group-15609759C8C7:java.util.concurrent.CompletableFuture@72fb47b7[Not completed]
2019-10-24 05:11:21,138 [pool-37-thread-1] INFO  impl.RaftServerImpl (RaftServerImpl.java:<init>(98)) - d392a8c2-8b62-4ceb-8e6a-52fec3970fa4: new RaftServerImpl for group-15609759C8C7:[d392a8c2-8b62-4ceb-8e6a-52fec3970fa4:192.168.69.98:38225, 3e14be36-a4da-40a9-b9d8-40e3f7d5caa1:192.168.69.98:43780, 63d99294-108b-4e1b-bea3-8d2173b82890:192.168.69.98:37238] with ContainerStateMachine:uninitialized
2019-10-24 05:11:21,138 [pool-37-thread-1] INFO  server.RaftServerConfigKeys (ConfUtils.java:logGet(43)) - raft.server.rpc.timeout.min = 5s (custom)
2019-10-24 05:11:21,139 [pool-37-thread-1] INFO  server.RaftServerConfigKeys (ConfUtils.java:logGet(43)) - raft.server.rpc.timeout.max = 5200ms (custom)
2019-10-24 05:11:21,139 [pool-37-thread-1] INFO  server.RaftServerConfigKeys (ConfUtils.java:logGet(43)) - raft.server.rpcslowness.timeout = 120s (custom)
2019-10-24 05:11:21,139 [pool-37-thread-1] INFO  server.RaftServerConfigKeys (ConfUtils.java:logGet(43)) - raft.server.sleep.deviation.threshold = 300 (default)
2019-10-24 05:11:21,139 [pool-37-thread-1] INFO  server.RaftServerConfigKeys (ConfUtils.java:logGet(43)) - raft.server.log.appender.install.snapshot.enabled = false (custom)
2019-10-24 05:11:21,139 [pool-27-thread-1] INFO  impl.RaftServerImpl (RaftServerImpl.java:<init>(98)) - 63d99294-108b-4e1b-bea3-8d2173b82890: new RaftServerImpl for group-15609759C8C7:[d392a8c2-8b62-4ceb-8e6a-52fec3970fa4:192.168.69.98:38225, 3e14be36-a4da-40a9-b9d8-40e3f7d5caa1:192.168.69.98:43780, 63d99294-108b-4e1b-bea3-8d2173b82890:192.168.69.98:37238] with ContainerStateMachine:uninitialized
2019-10-24 05:11:21,139 [pool-37-thread-1] INFO  impl.RaftServerImpl (ServerState.java:<init>(103)) - d392a8c2-8b62-4ceb-8e6a-52fec3970fa4@group-15609759C8C7: ConfigurationManager, init=-1: [d392a8c2-8b62-4ceb-8e6a-52fec3970fa4:192.168.69.98:38225, 3e14be36-a4da-40a9-b9d8-40e3f7d5caa1:192.168.69.98:43780, 63d99294-108b-4e1b-bea3-8d2173b82890:192.168.69.98:37238], old=null, confs=<EMPTY_MAP>
2019-10-24 05:11:21,139 [pool-27-thread-1] INFO  server.RaftServerConfigKeys (ConfUtils.java:logGet(43)) - raft.server.rpc.timeout.min = 5s (custom)
2019-10-24 05:11:21,140 [pool-37-thread-1] INFO  server.RaftServerConfigKeys (ConfUtils.java:logGet(43)) - raft.server.storage.dir = [/workdir/hadoop-ozone/integration-test/target/test-dir/MiniOzoneClusterImpl-228badc5-b9d9-45b2-a1b6-1d127042eb27/datanode-1/data/ratis] (custom)
2019-10-24 05:11:21,140 [pool-27-thread-1] INFO  server.RaftServerConfigKeys (ConfUtils.java:logGet(43)) - raft.server.rpc.timeout.max = 5200ms (custom)
2019-10-24 05:11:21,140 [pool-27-thread-1] INFO  server.RaftServerConfigKeys (ConfUtils.java:logGet(43)) - raft.server.rpcslowness.timeout = 120s (custom)
2019-10-24 05:11:21,140 [pool-27-thread-1] INFO  server.RaftServerConfigKeys (ConfUtils.java:logGet(43)) - raft.server.sleep.deviation.threshold = 300 (default)
2019-10-24 05:11:21,140 [pool-47-thread-1] INFO  impl.RaftServerImpl (RaftServerImpl.java:<init>(98)) - 3e14be36-a4da-40a9-b9d8-40e3f7d5caa1: new RaftServerImpl for group-15609759C8C7:[d392a8c2-8b62-4ceb-8e6a-52fec3970fa4:192.168.69.98:38225, 3e14be36-a4da-40a9-b9d8-40e3f7d5caa1:192.168.69.98:43780, 63d99294-108b-4e1b-bea3-8d2173b82890:192.168.69.98:37238] with ContainerStateMachine:uninitialized
2019-10-24 05:11:21,140 [pool-37-thread-1] INFO  server.RaftServerConfigKeys (ConfUtils.java:logGet(43)) - raft.server.log.corruption.policy = EXCEPTION (default)
2019-10-24 05:11:21,140 [pool-47-thread-1] INFO  server.RaftServerConfigKeys (ConfUtils.java:logGet(43)) - raft.server.rpc.timeout.min = 5s (custom)
2019-10-24 05:11:21,140 [pool-27-thread-1] INFO  server.RaftServerConfigKeys (ConfUtils.java:logGet(43)) - raft.server.log.appender.install.snapshot.enabled = false (custom)
2019-10-24 05:11:21,140 [pool-47-thread-1] INFO  server.RaftServerConfigKeys (ConfUtils.java:logGet(43)) - raft.server.rpc.timeout.max = 5200ms (custom)
2019-10-24 05:11:21,140 [pool-37-thread-1] INFO  storage.RaftStorageDirectory (RaftStorageDirectory.java:analyzeStorage(246)) - The storage directory /workdir/hadoop-ozone/integration-test/target/test-dir/MiniOzoneClusterImpl-228badc5-b9d9-45b2-a1b6-1d127042eb27/datanode-1/data/ratis/afa31960-92f2-4ffc-a0e0-15609759c8c7 does not exist. Creating ...
2019-10-24 05:11:21,141 [pool-47-thread-1] INFO  server.RaftServerConfigKeys (ConfUtils.java:logGet(43)) - raft.server.rpcslowness.timeout = 120s (custom)
2019-10-24 05:11:21,141 [pool-27-thread-1] INFO  impl.RaftServerImpl (ServerState.java:<init>(103)) - 63d99294-108b-4e1b-bea3-8d2173b82890@group-15609759C8C7: ConfigurationManager, init=-1: [d392a8c2-8b62-4ceb-8e6a-52fec3970fa4:192.168.69.98:38225, 3e14be36-a4da-40a9-b9d8-40e3f7d5caa1:192.168.69.98:43780, 63d99294-108b-4e1b-bea3-8d2173b82890:192.168.69.98:37238], old=null, confs=<EMPTY_MAP>
2019-10-24 05:11:21,141 [pool-47-thread-1] INFO  server.RaftServerConfigKeys (ConfUtils.java:logGet(43)) - raft.server.sleep.deviation.threshold = 300 (default)
2019-10-24 05:11:21,141 [pool-27-thread-1] INFO  server.RaftServerConfigKeys (ConfUtils.java:logGet(43)) - raft.server.storage.dir = [/workdir/hadoop-ozone/integration-test/target/test-dir/MiniOzoneClusterImpl-228badc5-b9d9-45b2-a1b6-1d127042eb27/datanode-0/data/ratis] (custom)
2019-10-24 05:11:21,141 [pool-47-thread-1] INFO  server.RaftServerConfigKeys (ConfUtils.java:logGet(43)) - raft.server.log.appender.install.snapshot.enabled = false (custom)
2019-10-24 05:11:21,141 [pool-47-thread-1] INFO  impl.RaftServerImpl (ServerState.java:<init>(103)) - 3e14be36-a4da-40a9-b9d8-40e3f7d5caa1@group-15609759C8C7: ConfigurationManager, init=-1: [d392a8c2-8b62-4ceb-8e6a-52fec3970fa4:192.168.69.98:38225, 3e14be36-a4da-40a9-b9d8-40e3f7d5caa1:192.168.69.98:43780, 63d99294-108b-4e1b-bea3-8d2173b82890:192.168.69.98:37238], old=null, confs=<EMPTY_MAP>
2019-10-24 05:11:21,141 [pool-27-thread-1] INFO  server.RaftServerConfigKeys (ConfUtils.java:logGet(43)) - raft.server.log.corruption.policy = EXCEPTION (default)
2019-10-24 05:11:21,142 [pool-47-thread-1] INFO  server.RaftServerConfigKeys (ConfUtils.java:logGet(43)) - raft.server.storage.dir = [/workdir/hadoop-ozone/integration-test/target/test-dir/MiniOzoneClusterImpl-228badc5-b9d9-45b2-a1b6-1d127042eb27/datanode-2/data/ratis] (custom)
2019-10-24 05:11:21,142 [pool-27-thread-1] INFO  storage.RaftStorageDirectory (RaftStorageDirectory.java:analyzeStorage(246)) - The storage directory /workdir/hadoop-ozone/integration-test/target/test-dir/MiniOzoneClusterImpl-228badc5-b9d9-45b2-a1b6-1d127042eb27/datanode-0/data/ratis/afa31960-92f2-4ffc-a0e0-15609759c8c7 does not exist. Creating ...
2019-10-24 05:11:21,142 [pool-47-thread-1] INFO  server.RaftServerConfigKeys (ConfUtils.java:logGet(43)) - raft.server.log.corruption.policy = EXCEPTION (default)
2019-10-24 05:11:21,142 [pool-47-thread-1] INFO  storage.RaftStorageDirectory (RaftStorageDirectory.java:analyzeStorage(246)) - The storage directory /workdir/hadoop-ozone/integration-test/target/test-dir/MiniOzoneClusterImpl-228badc5-b9d9-45b2-a1b6-1d127042eb27/datanode-2/data/ratis/afa31960-92f2-4ffc-a0e0-15609759c8c7 does not exist. Creating ...
2019-10-24 05:11:21,166 [pool-47-thread-1] INFO  storage.RaftStorageDirectory (RaftStorageDirectory.java:tryLock(328)) - Lock on /workdir/hadoop-ozone/integration-test/target/test-dir/MiniOzoneClusterImpl-228badc5-b9d9-45b2-a1b6-1d127042eb27/datanode-2/data/ratis/afa31960-92f2-4ffc-a0e0-15609759c8c7/in_use.lock acquired by nodename 10845@pr-hdds-1868-76l5x-1215882166
2019-10-24 05:11:21,166 [pool-37-thread-1] INFO  storage.RaftStorageDirectory (RaftStorageDirectory.java:tryLock(328)) - Lock on /workdir/hadoop-ozone/integration-test/target/test-dir/MiniOzoneClusterImpl-228badc5-b9d9-45b2-a1b6-1d127042eb27/datanode-1/data/ratis/afa31960-92f2-4ffc-a0e0-15609759c8c7/in_use.lock acquired by nodename 10845@pr-hdds-1868-76l5x-1215882166
2019-10-24 05:11:21,166 [pool-27-thread-1] INFO  storage.RaftStorageDirectory (RaftStorageDirectory.java:tryLock(328)) - Lock on /workdir/hadoop-ozone/integration-test/target/test-dir/MiniOzoneClusterImpl-228badc5-b9d9-45b2-a1b6-1d127042eb27/datanode-0/data/ratis/afa31960-92f2-4ffc-a0e0-15609759c8c7/in_use.lock acquired by nodename 10845@pr-hdds-1868-76l5x-1215882166
2019-10-24 05:11:21,180 [pool-47-thread-1] INFO  storage.RaftStorage (RaftStorage.java:format(84)) - Storage directory /workdir/hadoop-ozone/integration-test/target/test-dir/MiniOzoneClusterImpl-228badc5-b9d9-45b2-a1b6-1d127042eb27/datanode-2/data/ratis/afa31960-92f2-4ffc-a0e0-15609759c8c7 has been successfully formatted.
2019-10-24 05:11:21,180 [pool-27-thread-1] INFO  storage.RaftStorage (RaftStorage.java:format(84)) - Storage directory /workdir/hadoop-ozone/integration-test/target/test-dir/MiniOzoneClusterImpl-228badc5-b9d9-45b2-a1b6-1d127042eb27/datanode-0/data/ratis/afa31960-92f2-4ffc-a0e0-15609759c8c7 has been successfully formatted.
2019-10-24 05:11:21,180 [pool-37-thread-1] INFO  storage.RaftStorage (RaftStorage.java:format(84)) - Storage directory /workdir/hadoop-ozone/integration-test/target/test-dir/MiniOzoneClusterImpl-228badc5-b9d9-45b2-a1b6-1d127042eb27/datanode-1/data/ratis/afa31960-92f2-4ffc-a0e0-15609759c8c7 has been successfully formatted.
2019-10-24 05:11:21,181 [pool-47-thread-1] INFO  ratis.ContainerStateMachine (ContainerStateMachine.java:loadSnapshot(233)) - group-15609759C8C7: The snapshot info is null. Setting the last applied indexto:(t:0, i:~)
2019-10-24 05:11:21,181 [pool-27-thread-1] INFO  ratis.ContainerStateMachine (ContainerStateMachine.java:loadSnapshot(233)) - group-15609759C8C7: The snapshot info is null. Setting the last applied indexto:(t:0, i:~)
2019-10-24 05:11:21,181 [pool-37-thread-1] INFO  ratis.ContainerStateMachine (ContainerStateMachine.java:loadSnapshot(233)) - group-15609759C8C7: The snapshot info is null. Setting the last applied indexto:(t:0, i:~)
2019-10-24 05:11:21,181 [pool-47-thread-1] INFO  server.RaftServerConfigKeys (ConfUtils.java:logGet(43)) - raft.server.notification.no-leader.timeout = 120s (custom)
2019-10-24 05:11:21,181 [pool-37-thread-1] INFO  server.RaftServerConfigKeys (ConfUtils.java:logGet(43)) - raft.server.notification.no-leader.timeout = 120s (custom)
2019-10-24 05:11:21,181 [pool-27-thread-1] INFO  server.RaftServerConfigKeys (ConfUtils.java:logGet(43)) - raft.server.notification.no-leader.timeout = 120s (custom)
2019-10-24 05:11:21,181 [pool-37-thread-1] INFO  server.RaftServerConfigKeys (ConfUtils.java:logGet(43)) - raft.server.log.use.memory = false (default)
2019-10-24 05:11:21,181 [pool-47-thread-1] INFO  server.RaftServerConfigKeys (ConfUtils.java:logGet(43)) - raft.server.log.use.memory = false (default)
2019-10-24 05:11:21,182 [pool-37-thread-1] INFO  server.RaftServerConfigKeys (ConfUtils.java:logGet(43)) - raft.server.log.purge.gap = 1000000 (custom)
2019-10-24 05:11:21,182 [pool-27-thread-1] INFO  server.RaftServerConfigKeys (ConfUtils.java:logGet(43)) - raft.server.log.use.memory = false (default)
2019-10-24 05:11:21,182 [pool-37-thread-1] INFO  server.RaftServerConfigKeys (ConfUtils.java:logGet(43)) - raft.server.log.appender.buffer.byte-limit = 33554432 (custom)
2019-10-24 05:11:21,182 [pool-47-thread-1] INFO  server.RaftServerConfigKeys (ConfUtils.java:logGet(43)) - raft.server.log.purge.gap = 1000000 (custom)
2019-10-24 05:11:21,182 [pool-37-thread-1] INFO  server.RaftServerConfigKeys (ConfUtils.java:logGet(43)) - raft.server.log.segment.size.max = 1048576 (custom)
2019-10-24 05:11:21,182 [pool-27-thread-1] INFO  server.RaftServerConfigKeys (ConfUtils.java:logGet(43)) - raft.server.log.purge.gap = 1000000 (custom)
2019-10-24 05:11:21,182 [pool-37-thread-1] INFO  server.RaftServerConfigKeys (ConfUtils.java:logGet(43)) - raft.server.log.segment.cache.num.max = 2 (custom)
2019-10-24 05:11:21,182 [pool-47-thread-1] INFO  server.RaftServerConfigKeys (ConfUtils.java:logGet(43)) - raft.server.log.appender.buffer.byte-limit = 33554432 (custom)
2019-10-24 05:11:21,183 [pool-37-thread-1] INFO  segmented.SegmentedRaftLogWorker (SegmentedRaftLogWorker.java:<init>(173)) - new d392a8c2-8b62-4ceb-8e6a-52fec3970fa4@group-15609759C8C7-SegmentedRaftLogWorker for RaftStorage:Storage Directory /workdir/hadoop-ozone/integration-test/target/test-dir/MiniOzoneClusterImpl-228badc5-b9d9-45b2-a1b6-1d127042eb27/datanode-1/data/ratis/afa31960-92f2-4ffc-a0e0-15609759c8c7
2019-10-24 05:11:21,183 [pool-27-thread-1] INFO  server.RaftServerConfigKeys (ConfUtils.java:logGet(43)) - raft.server.log.appender.buffer.byte-limit = 33554432 (custom)
2019-10-24 05:11:21,183 [pool-37-thread-1] INFO  server.RaftServerConfigKeys (ConfUtils.java:logGet(43)) - raft.server.log.queue.byte-limit = 2147483647 (custom)
2019-10-24 05:11:21,183 [pool-47-thread-1] INFO  server.RaftServerConfigKeys (ConfUtils.java:logGet(43)) - raft.server.log.segment.size.max = 1048576 (custom)
2019-10-24 05:11:21,183 [pool-37-thread-1] INFO  server.RaftServerConfigKeys (ConfUtils.java:logGet(43)) - raft.server.log.queue.element-limit = 1024 (custom)
2019-10-24 05:11:21,183 [pool-27-thread-1] INFO  server.RaftServerConfigKeys (ConfUtils.java:logGet(43)) - raft.server.log.segment.size.max = 1048576 (custom)
2019-10-24 05:11:21,183 [pool-37-thread-1] INFO  server.RaftServerConfigKeys (ConfUtils.java:logGet(43)) - raft.server.log.segment.size.max = 1048576 (custom)
2019-10-24 05:11:21,183 [pool-47-thread-1] INFO  server.RaftServerConfigKeys (ConfUtils.java:logGet(43)) - raft.server.log.segment.cache.num.max = 2 (custom)
2019-10-24 05:11:21,184 [pool-37-thread-1] INFO  server.RaftServerConfigKeys (ConfUtils.java:logGet(43)) - raft.server.log.preallocated.size = 16384 (custom)
2019-10-24 05:11:21,184 [pool-27-thread-1] INFO  server.RaftServerConfigKeys (ConfUtils.java:logGet(43)) - raft.server.log.segment.cache.num.max = 2 (custom)
2019-10-24 05:11:21,184 [pool-37-thread-1] INFO  server.RaftServerConfigKeys (ConfUtils.java:logGet(43)) - raft.server.log.write.buffer.size = 33554432 (custom)
2019-10-24 05:11:21,184 [pool-47-thread-1] INFO  segmented.SegmentedRaftLogWorker (SegmentedRaftLogWorker.java:<init>(173)) - new 3e14be36-a4da-40a9-b9d8-40e3f7d5caa1@group-15609759C8C7-SegmentedRaftLogWorker for RaftStorage:Storage Directory /workdir/hadoop-ozone/integration-test/target/test-dir/MiniOzoneClusterImpl-228badc5-b9d9-45b2-a1b6-1d127042eb27/datanode-2/data/ratis/afa31960-92f2-4ffc-a0e0-15609759c8c7
2019-10-24 05:11:21,184 [pool-37-thread-1] INFO  server.RaftServerConfigKeys (ConfUtils.java:logGet(43)) - raft.server.log.force.sync.num = 128 (default)
2019-10-24 05:11:21,184 [pool-27-thread-1] INFO  segmented.SegmentedRaftLogWorker (SegmentedRaftLogWorker.java:<init>(173)) - new 63d99294-108b-4e1b-bea3-8d2173b82890@group-15609759C8C7-SegmentedRaftLogWorker for RaftStorage:Storage Directory /workdir/hadoop-ozone/integration-test/target/test-dir/MiniOzoneClusterImpl-228badc5-b9d9-45b2-a1b6-1d127042eb27/datanode-0/data/ratis/afa31960-92f2-4ffc-a0e0-15609759c8c7
2019-10-24 05:11:21,185 [pool-37-thread-1] INFO  server.RaftServerConfigKeys (ConfUtils.java:logGet(43)) - raft.server.log.statemachine.data.sync = true (default)
2019-10-24 05:11:21,185 [pool-47-thread-1] INFO  server.RaftServerConfigKeys (ConfUtils.java:logGet(43)) - raft.server.log.queue.byte-limit = 2147483647 (custom)
2019-10-24 05:11:21,185 [pool-37-thread-1] INFO  server.RaftServerConfigKeys (ConfUtils.java:logGet(43)) - raft.server.log.statemachine.data.sync.timeout = 10s (default)
2019-10-24 05:11:21,185 [pool-27-thread-1] INFO  server.RaftServerConfigKeys (ConfUtils.java:logGet(43)) - raft.server.log.queue.byte-limit = 2147483647 (custom)
2019-10-24 05:11:21,185 [pool-37-thread-1] INFO  server.RaftServerConfigKeys (ConfUtils.java:logGet(43)) - raft.server.log.statemachine.data.sync.timeout.retry = -1 (default)
2019-10-24 05:11:21,185 [pool-47-thread-1] INFO  server.RaftServerConfigKeys (ConfUtils.java:logGet(43)) - raft.server.log.queue.element-limit = 1024 (custom)
2019-10-24 05:11:21,185 [pool-27-thread-1] INFO  server.RaftServerConfigKeys (ConfUtils.java:logGet(43)) - raft.server.log.queue.element-limit = 1024 (custom)
2019-10-24 05:11:21,186 [pool-37-thread-1] INFO  server.RaftServerConfigKeys (ConfUtils.java:logGet(43)) - raft.server.log.statemachine.data.caching.enabled = true (custom)
2019-10-24 05:11:21,186 [pool-47-thread-1] INFO  server.RaftServerConfigKeys (ConfUtils.java:logGet(43)) - raft.server.log.segment.size.max = 1048576 (custom)
2019-10-24 05:11:21,186 [pool-27-thread-1] INFO  server.RaftServerConfigKeys (ConfUtils.java:logGet(43)) - raft.server.log.segment.size.max = 1048576 (custom)
2019-10-24 05:11:21,186 [pool-47-thread-1] INFO  server.RaftServerConfigKeys (ConfUtils.java:logGet(43)) - raft.server.log.preallocated.size = 16384 (custom)
2019-10-24 05:11:21,186 [pool-27-thread-1] INFO  server.RaftServerConfigKeys (ConfUtils.java:logGet(43)) - raft.server.log.preallocated.size = 16384 (custom)
2019-10-24 05:11:21,186 [pool-37-thread-1] INFO  segmented.SegmentedRaftLogWorker (SegmentedRaftLogWorker.java:lambda$new$0(128)) - d392a8c2-8b62-4ceb-8e6a-52fec3970fa4@group-15609759C8C7-SegmentedRaftLogWorker: flushIndex: setUnconditionally 0 -> -1
2019-10-24 05:11:21,187 [pool-27-thread-1] INFO  server.RaftServerConfigKeys (ConfUtils.java:logGet(43)) - raft.server.log.write.buffer.size = 33554432 (custom)
2019-10-24 05:11:21,186 [pool-47-thread-1] INFO  server.RaftServerConfigKeys (ConfUtils.java:logGet(43)) - raft.server.log.write.buffer.size = 33554432 (custom)
2019-10-24 05:11:21,187 [pool-37-thread-1] INFO  server.RaftServerConfigKeys (ConfUtils.java:logGet(43)) - raft.server.snapshot.auto.trigger.enabled = true (custom)
2019-10-24 05:11:21,187 [pool-27-thread-1] INFO  server.RaftServerConfigKeys (ConfUtils.java:logGet(43)) - raft.server.log.force.sync.num = 128 (default)
2019-10-24 05:11:21,187 [pool-37-thread-1] INFO  server.RaftServerConfigKeys (ConfUtils.java:logGet(43)) - raft.server.snapshot.auto.trigger.threshold = 10000 (custom)
2019-10-24 05:11:21,187 [pool-47-thread-1] INFO  server.RaftServerConfigKeys (ConfUtils.java:logGet(43)) - raft.server.log.force.sync.num = 128 (default)
2019-10-24 05:11:21,187 [pool-37-thread-1] INFO  server.RaftServerConfigKeys (ConfUtils.java:logGet(43)) - raft.server.snapshot.retention.file.num = 5 (custom)
2019-10-24 05:11:21,187 [pool-27-thread-1] INFO  server.RaftServerConfigKeys (ConfUtils.java:logGet(43)) - raft.server.log.statemachine.data.sync = true (default)
2019-10-24 05:11:21,188 [pool-37-thread-1] INFO  server.RaftServerConfigKeys (ConfUtils.java:logGet(43)) - raft.server.retrycache.expirytime = 600000ms (custom)
2019-10-24 05:11:21,188 [pool-27-thread-1] INFO  server.RaftServerConfigKeys (ConfUtils.java:logGet(43)) - raft.server.log.statemachine.data.sync.timeout = 10s (default)
2019-10-24 05:11:21,188 [pool-47-thread-1] INFO  server.RaftServerConfigKeys (ConfUtils.java:logGet(43)) - raft.server.log.statemachine.data.sync = true (default)
2019-10-24 05:11:21,188 [pool-27-thread-1] INFO  server.RaftServerConfigKeys (ConfUtils.java:logGet(43)) - raft.server.log.statemachine.data.sync.timeout.retry = -1 (default)
2019-10-24 05:11:21,188 [pool-37-thread-1] WARN  impl.MetricRegistriesImpl (MetricRegistriesImpl.java:lambda$create$1(61)) - First MetricRegistry has been created without registering reporters. You may need to call MetricRegistries.global().addReportRegistration(...) before.
2019-10-24 05:11:21,188 [pool-47-thread-1] INFO  server.RaftServerConfigKeys (ConfUtils.java:logGet(43)) - raft.server.log.statemachine.data.sync.timeout = 10s (default)
2019-10-24 05:11:21,189 [pool-37-thread-1] WARN  impl.MetricRegistriesImpl (MetricRegistriesImpl.java:lambda$create$1(61)) - First MetricRegistry has been created without registering reporters. You may need to call MetricRegistries.global().addReportRegistration(...) before.
2019-10-24 05:11:21,188 [pool-27-thread-1] INFO  server.RaftServerConfigKeys (ConfUtils.java:logGet(43)) - raft.server.log.statemachine.data.caching.enabled = true (custom)
2019-10-24 05:11:21,189 [pool-47-thread-1] INFO  server.RaftServerConfigKeys (ConfUtils.java:logGet(43)) - raft.server.log.statemachine.data.sync.timeout.retry = -1 (default)
2019-10-24 05:11:21,189 [pool-37-thread-1] INFO  impl.RaftServerImpl (RaftServerImpl.java:start(184)) - d392a8c2-8b62-4ceb-8e6a-52fec3970fa4@group-15609759C8C7: start as a follower, conf=-1: [d392a8c2-8b62-4ceb-8e6a-52fec3970fa4:192.168.69.98:38225, 3e14be36-a4da-40a9-b9d8-40e3f7d5caa1:192.168.69.98:43780, 63d99294-108b-4e1b-bea3-8d2173b82890:192.168.69.98:37238], old=null
2019-10-24 05:11:21,189 [pool-27-thread-1] INFO  segmented.SegmentedRaftLogWorker (SegmentedRaftLogWorker.java:lambda$new$0(128)) - 63d99294-108b-4e1b-bea3-8d2173b82890@group-15609759C8C7-SegmentedRaftLogWorker: flushIndex: setUnconditionally 0 -> -1
2019-10-24 05:11:21,189 [pool-47-thread-1] INFO  server.RaftServerConfigKeys (ConfUtils.java:logGet(43)) - raft.server.log.statemachine.data.caching.enabled = true (custom)
2019-10-24 05:11:21,189 [pool-37-thread-1] INFO  impl.RaftServerImpl (RaftServerImpl.java:setRole(173)) - d392a8c2-8b62-4ceb-8e6a-52fec3970fa4@group-15609759C8C7: changes role from      null to FOLLOWER at term 0 for startAsFollower
2019-10-24 05:11:21,190 [pool-27-thread-1] INFO  server.RaftServerConfigKeys (ConfUtils.java:logGet(43)) - raft.server.snapshot.auto.trigger.enabled = true (custom)
2019-10-24 05:11:21,190 [pool-37-thread-1] INFO  impl.RoleInfo (RoleInfo.java:updateAndGet(143)) - d392a8c2-8b62-4ceb-8e6a-52fec3970fa4: start FollowerState
2019-10-24 05:11:21,190 [pool-47-thread-1] INFO  segmented.SegmentedRaftLogWorker (SegmentedRaftLogWorker.java:lambda$new$0(128)) - 3e14be36-a4da-40a9-b9d8-40e3f7d5caa1@group-15609759C8C7-SegmentedRaftLogWorker: flushIndex: setUnconditionally 0 -> -1
2019-10-24 05:11:21,190 [pool-27-thread-1] INFO  server.RaftServerConfigKeys (ConfUtils.java:logGet(43)) - raft.server.snapshot.auto.trigger.threshold = 10000 (custom)
2019-10-24 05:11:21,190 [pool-47-thread-1] INFO  server.RaftServerConfigKeys (ConfUtils.java:logGet(43)) - raft.server.snapshot.auto.trigger.enabled = true (custom)
2019-10-24 05:11:21,190 [pool-37-thread-1] INFO  util.JmxRegister (JmxRegister.java:tryRegister(44)) - Successfully registered JMX Bean with object name Ratis:service=RaftServer,group=group-15609759C8C7,id=d392a8c2-8b62-4ceb-8e6a-52fec3970fa4
2019-10-24 05:11:21,190 [pool-27-thread-1] INFO  server.RaftServerConfigKeys (ConfUtils.java:logGet(43)) - raft.server.snapshot.retention.file.num = 5 (custom)
2019-10-24 05:11:21,190 [pool-37-thread-1] WARN  impl.MetricRegistriesImpl (MetricRegistriesImpl.java:lambda$create$1(61)) - First MetricRegistry has been created without registering reporters. You may need to call MetricRegistries.global().addReportRegistration(...) before.
2019-10-24 05:11:21,190 [pool-47-thread-1] INFO  server.RaftServerConfigKeys (ConfUtils.java:logGet(43)) - raft.server.snapshot.auto.trigger.threshold = 10000 (custom)
2019-10-24 05:11:21,191 [pool-27-thread-1] INFO  server.RaftServerConfigKeys (ConfUtils.java:logGet(43)) - raft.server.retrycache.expirytime = 600000ms (custom)
2019-10-24 05:11:21,191 [pool-47-thread-1] INFO  server.RaftServerConfigKeys (ConfUtils.java:logGet(43)) - raft.server.snapshot.retention.file.num = 5 (custom)
2019-10-24 05:11:21,191 [pool-27-thread-1] WARN  impl.MetricRegistriesImpl (MetricRegistriesImpl.java:lambda$create$1(61)) - First MetricRegistry has been created without registering reporters. You may need to call MetricRegistries.global().addReportRegistration(...) before.
2019-10-24 05:11:21,191 [pool-47-thread-1] INFO  server.RaftServerConfigKeys (ConfUtils.java:logGet(43)) - raft.server.retrycache.expirytime = 600000ms (custom)
2019-10-24 05:11:21,191 [pool-27-thread-1] WARN  impl.MetricRegistriesImpl (MetricRegistriesImpl.java:lambda$create$1(61)) - First MetricRegistry has been created without registering reporters. You may need to call MetricRegistries.global().addReportRegistration(...) before.
2019-10-24 05:11:21,192 [pool-47-thread-1] WARN  impl.MetricRegistriesImpl (MetricRegistriesImpl.java:lambda$create$1(61)) - First MetricRegistry has been created without registering reporters. You may need to call MetricRegistries.global().addReportRegistration(...) before.
2019-10-24 05:11:21,192 [pool-47-thread-1] WARN  impl.MetricRegistriesImpl (MetricRegistriesImpl.java:lambda$create$1(61)) - First MetricRegistry has been created without registering reporters. You may need to call MetricRegistries.global().addReportRegistration(...) before.
2019-10-24 05:11:21,192 [pool-27-thread-1] INFO  impl.RaftServerImpl (RaftServerImpl.java:start(184)) - 63d99294-108b-4e1b-bea3-8d2173b82890@group-15609759C8C7: start as a follower, conf=-1: [d392a8c2-8b62-4ceb-8e6a-52fec3970fa4:192.168.69.98:38225, 3e14be36-a4da-40a9-b9d8-40e3f7d5caa1:192.168.69.98:43780, 63d99294-108b-4e1b-bea3-8d2173b82890:192.168.69.98:37238], old=null
2019-10-24 05:11:21,192 [pool-47-thread-1] INFO  impl.RaftServerImpl (RaftServerImpl.java:start(184)) - 3e14be36-a4da-40a9-b9d8-40e3f7d5caa1@group-15609759C8C7: start as a follower, conf=-1: [d392a8c2-8b62-4ceb-8e6a-52fec3970fa4:192.168.69.98:38225, 3e14be36-a4da-40a9-b9d8-40e3f7d5caa1:192.168.69.98:43780, 63d99294-108b-4e1b-bea3-8d2173b82890:192.168.69.98:37238], old=null
2019-10-24 05:11:21,192 [pool-27-thread-1] INFO  impl.RaftServerImpl (RaftServerImpl.java:setRole(173)) - 63d99294-108b-4e1b-bea3-8d2173b82890@group-15609759C8C7: changes role from      null to FOLLOWER at term 0 for startAsFollower
2019-10-24 05:11:21,192 [pool-47-thread-1] INFO  impl.RaftServerImpl (RaftServerImpl.java:setRole(173)) - 3e14be36-a4da-40a9-b9d8-40e3f7d5caa1@group-15609759C8C7: changes role from      null to FOLLOWER at term 0 for startAsFollower
2019-10-24 05:11:21,193 [pool-47-thread-1] INFO  impl.RoleInfo (RoleInfo.java:updateAndGet(143)) - 3e14be36-a4da-40a9-b9d8-40e3f7d5caa1: start FollowerState
2019-10-24 05:11:21,193 [pool-27-thread-1] INFO  impl.RoleInfo (RoleInfo.java:updateAndGet(143)) - 63d99294-108b-4e1b-bea3-8d2173b82890: start FollowerState
2019-10-24 05:11:21,193 [pool-47-thread-1] INFO  util.JmxRegister (JmxRegister.java:tryRegister(44)) - Successfully registered JMX Bean with object name Ratis:service=RaftServer,group=group-15609759C8C7,id=3e14be36-a4da-40a9-b9d8-40e3f7d5caa1
2019-10-24 05:11:21,193 [pool-47-thread-1] WARN  impl.MetricRegistriesImpl (MetricRegistriesImpl.java:lambda$create$1(61)) - First MetricRegistry has been created without registering reporters. You may need to call MetricRegistries.global().addReportRegistration(...) before.
2019-10-24 05:11:21,198 [pool-27-thread-1] INFO  util.JmxRegister (JmxRegister.java:tryRegister(44)) - Successfully registered JMX Bean with object name Ratis:service=RaftServer,group=group-15609759C8C7,id=63d99294-108b-4e1b-bea3-8d2173b82890
2019-10-24 05:11:21,198 [pool-27-thread-1] WARN  impl.MetricRegistriesImpl (MetricRegistriesImpl.java:lambda$create$1(61)) - First MetricRegistry has been created without registering reporters. You may need to call MetricRegistries.global().addReportRegistration(...) before.
2019-10-24 05:11:21,205 [RatisPipelineUtilsThread] INFO  pipeline.PipelineStateManager (PipelineStateManager.java:addPipeline(55)) - Created pipeline Pipeline[ Id: afa31960-92f2-4ffc-a0e0-15609759c8c7, Nodes: 63d99294-108b-4e1b-bea3-8d2173b82890{ip: 192.168.69.98, host: pr-hdds-1868-76l5x-1215882166, networkLocation: /default-rack, certSerialId: null}d392a8c2-8b62-4ceb-8e6a-52fec3970fa4{ip: 192.168.69.98, host: pr-hdds-1868-76l5x-1215882166, networkLocation: /default-rack, certSerialId: null}3e14be36-a4da-40a9-b9d8-40e3f7d5caa1{ip: 192.168.69.98, host: pr-hdds-1868-76l5x-1215882166, networkLocation: /default-rack, certSerialId: null}, Type:RATIS, Factor:THREE, State:ALLOCATED]
2019-10-24 05:11:21,206 [Thread-179] INFO  pipeline.PipelineStateManager (PipelineStateManager.java:finalizePipeline(121)) - Pipeline Pipeline[ Id: f2619d9c-a030-4dd8-b281-47aa61037891, Nodes: 63d99294-108b-4e1b-bea3-8d2173b82890{ip: 192.168.69.98, host: pr-hdds-1868-76l5x-1215882166, networkLocation: /default-rack, certSerialId: null}, Type:RATIS, Factor:ONE, State:CLOSED] moved to CLOSED state
2019-10-24 05:11:21,219 [grpc-default-executor-1] INFO  impl.RaftServerProxy (RaftServerProxy.java:remove(95)) - 63d99294-108b-4e1b-bea3-8d2173b82890: remove  FOLLOWER 63d99294-108b-4e1b-bea3-8d2173b82890@group-47AA61037891:t0, leader=null, voted=null, raftlog=63d99294-108b-4e1b-bea3-8d2173b82890@group-47AA61037891-SegmentedRaftLog:OPENED:c-1,f-1,i0, conf=-1: [63d99294-108b-4e1b-bea3-8d2173b82890:192.168.69.98:37238], old=null RUNNING
2019-10-24 05:11:21,220 [grpc-default-executor-1] INFO  impl.RaftServerImpl (RaftServerImpl.java:lambda$shutdown$3(250)) - 63d99294-108b-4e1b-bea3-8d2173b82890@group-47AA61037891: shutdown
2019-10-24 05:11:21,220 [grpc-default-executor-1] INFO  util.JmxRegister (JmxRegister.java:unregister(73)) - Successfully un-registered JMX Bean with object name Ratis:service=RaftServer,group=group-47AA61037891,id=63d99294-108b-4e1b-bea3-8d2173b82890
2019-10-24 05:11:21,220 [grpc-default-executor-1] INFO  impl.RoleInfo (RoleInfo.java:shutdownFollowerState(121)) - 63d99294-108b-4e1b-bea3-8d2173b82890: shutdown FollowerState
2019-10-24 05:11:21,220 [Thread-181] INFO  impl.FollowerState (FollowerState.java:run(120)) - 63d99294-108b-4e1b-bea3-8d2173b82890@group-47AA61037891-FollowerState was interrupted: java.lang.InterruptedException: sleep interrupted
2019-10-24 05:11:21,220 [grpc-default-executor-1] INFO  impl.StateMachineUpdater (StateMachineUpdater.java:stopAndJoin(136)) - 63d99294-108b-4e1b-bea3-8d2173b82890@group-47AA61037891-StateMachineUpdater: set stopIndex = -1
2019-10-24 05:11:21,224 [grpc-default-executor-1] INFO  impl.RaftServerImpl (ServerState.java:close(387)) - 63d99294-108b-4e1b-bea3-8d2173b82890@group-47AA61037891: closes. applyIndex: -1
2019-10-24 05:11:21,225 [63d99294-108b-4e1b-bea3-8d2173b82890@group-47AA61037891-SegmentedRaftLogWorker] INFO  segmented.SegmentedRaftLogWorker (SegmentedRaftLogWorker.java:run(316)) - 63d99294-108b-4e1b-bea3-8d2173b82890@group-47AA61037891-SegmentedRaftLogWorker was interrupted, exiting. There are 0 tasks remaining in the queue.
2019-10-24 05:11:21,225 [grpc-default-executor-1] INFO  segmented.SegmentedRaftLogWorker (SegmentedRaftLogWorker.java:close(224)) - 63d99294-108b-4e1b-bea3-8d2173b82890@group-47AA61037891-SegmentedRaftLogWorker close()
2019-10-24 05:11:21,231 [Thread-179] INFO  pipeline.PipelineStateManager (PipelineStateManager.java:removePipeline(106)) - Pipeline Pipeline[ Id: f2619d9c-a030-4dd8-b281-47aa61037891, Nodes: 63d99294-108b-4e1b-bea3-8d2173b82890{ip: 192.168.69.98, host: pr-hdds-1868-76l5x-1215882166, networkLocation: /default-rack, certSerialId: null}, Type:RATIS, Factor:ONE, State:CLOSED] removed from db
2019-10-24 05:11:21,241 [grpc-default-executor-1] INFO  impl.RaftServerProxy (RaftServerProxy.java:addNew(89)) - 63d99294-108b-4e1b-bea3-8d2173b82890: addNew group-3FC05D1190E0:[63d99294-108b-4e1b-bea3-8d2173b82890:192.168.69.98:37238] returns group-3FC05D1190E0:java.util.concurrent.CompletableFuture@41118949[Not completed]
2019-10-24 05:11:21,243 [pool-27-thread-1] INFO  impl.RaftServerImpl (RaftServerImpl.java:<init>(98)) - 63d99294-108b-4e1b-bea3-8d2173b82890: new RaftServerImpl for group-3FC05D1190E0:[63d99294-108b-4e1b-bea3-8d2173b82890:192.168.69.98:37238] with ContainerStateMachine:uninitialized
2019-10-24 05:11:21,243 [pool-27-thread-1] INFO  server.RaftServerConfigKeys (ConfUtils.java:logGet(43)) - raft.server.rpc.timeout.min = 5s (custom)
2019-10-24 05:11:21,243 [pool-27-thread-1] INFO  server.RaftServerConfigKeys (ConfUtils.java:logGet(43)) - raft.server.rpc.timeout.max = 5200ms (custom)
2019-10-24 05:11:21,243 [pool-27-thread-1] INFO  server.RaftServerConfigKeys (ConfUtils.java:logGet(43)) - raft.server.rpcslowness.timeout = 120s (custom)
2019-10-24 05:11:21,244 [pool-27-thread-1] INFO  server.RaftServerConfigKeys (ConfUtils.java:logGet(43)) - raft.server.sleep.deviation.threshold = 300 (default)
2019-10-24 05:11:21,244 [pool-27-thread-1] INFO  server.RaftServerConfigKeys (ConfUtils.java:logGet(43)) - raft.server.log.appender.install.snapshot.enabled = false (custom)
2019-10-24 05:11:21,244 [pool-27-thread-1] INFO  impl.RaftServerImpl (ServerState.java:<init>(103)) - 63d99294-108b-4e1b-bea3-8d2173b82890@group-3FC05D1190E0: ConfigurationManager, init=-1: [63d99294-108b-4e1b-bea3-8d2173b82890:192.168.69.98:37238], old=null, confs=<EMPTY_MAP>
2019-10-24 05:11:21,244 [pool-27-thread-1] INFO  server.RaftServerConfigKeys (ConfUtils.java:logGet(43)) - raft.server.storage.dir = [/workdir/hadoop-ozone/integration-test/target/test-dir/MiniOzoneClusterImpl-228badc5-b9d9-45b2-a1b6-1d127042eb27/datanode-0/data/ratis] (custom)
2019-10-24 05:11:21,245 [pool-27-thread-1] INFO  server.RaftServerConfigKeys (ConfUtils.java:logGet(43)) - raft.server.log.corruption.policy = EXCEPTION (default)
2019-10-24 05:11:21,245 [pool-27-thread-1] INFO  storage.RaftStorageDirectory (RaftStorageDirectory.java:analyzeStorage(246)) - The storage directory /workdir/hadoop-ozone/integration-test/target/test-dir/MiniOzoneClusterImpl-228badc5-b9d9-45b2-a1b6-1d127042eb27/datanode-0/data/ratis/4145c218-4db9-4c6d-9a52-3fc05d1190e0 does not exist. Creating ...
2019-10-24 05:11:21,258 [pool-27-thread-1] INFO  storage.RaftStorageDirectory (RaftStorageDirectory.java:tryLock(328)) - Lock on /workdir/hadoop-ozone/integration-test/target/test-dir/MiniOzoneClusterImpl-228badc5-b9d9-45b2-a1b6-1d127042eb27/datanode-0/data/ratis/4145c218-4db9-4c6d-9a52-3fc05d1190e0/in_use.lock acquired by nodename 10845@pr-hdds-1868-76l5x-1215882166
2019-10-24 05:11:21,272 [pool-27-thread-1] INFO  storage.RaftStorage (RaftStorage.java:format(84)) - Storage directory /workdir/hadoop-ozone/integration-test/target/test-dir/MiniOzoneClusterImpl-228badc5-b9d9-45b2-a1b6-1d127042eb27/datanode-0/data/ratis/4145c218-4db9-4c6d-9a52-3fc05d1190e0 has been successfully formatted.
2019-10-24 05:11:21,272 [pool-27-thread-1] INFO  ratis.ContainerStateMachine (ContainerStateMachine.java:loadSnapshot(233)) - group-3FC05D1190E0: The snapshot info is null. Setting the last applied indexto:(t:0, i:~)
2019-10-24 05:11:21,272 [pool-27-thread-1] INFO  server.RaftServerConfigKeys (ConfUtils.java:logGet(43)) - raft.server.notification.no-leader.timeout = 120s (custom)
2019-10-24 05:11:21,273 [pool-27-thread-1] INFO  server.RaftServerConfigKeys (ConfUtils.java:logGet(43)) - raft.server.log.use.memory = false (default)
2019-10-24 05:11:21,273 [pool-27-thread-1] INFO  server.RaftServerConfigKeys (ConfUtils.java:logGet(43)) - raft.server.log.purge.gap = 1000000 (custom)
2019-10-24 05:11:21,273 [pool-27-thread-1] INFO  server.RaftServerConfigKeys (ConfUtils.java:logGet(43)) - raft.server.log.appender.buffer.byte-limit = 33554432 (custom)
2019-10-24 05:11:21,273 [pool-27-thread-1] INFO  server.RaftServerConfigKeys (ConfUtils.java:logGet(43)) - raft.server.log.segment.size.max = 1048576 (custom)
2019-10-24 05:11:21,273 [pool-27-thread-1] INFO  server.RaftServerConfigKeys (ConfUtils.java:logGet(43)) - raft.server.log.segment.cache.num.max = 2 (custom)
2019-10-24 05:11:21,273 [pool-27-thread-1] INFO  segmented.SegmentedRaftLogWorker (SegmentedRaftLogWorker.java:<init>(173)) - new 63d99294-108b-4e1b-bea3-8d2173b82890@group-3FC05D1190E0-SegmentedRaftLogWorker for RaftStorage:Storage Directory /workdir/hadoop-ozone/integration-test/target/test-dir/MiniOzoneClusterImpl-228badc5-b9d9-45b2-a1b6-1d127042eb27/datanode-0/data/ratis/4145c218-4db9-4c6d-9a52-3fc05d1190e0
2019-10-24 05:11:21,274 [pool-27-thread-1] INFO  server.RaftServerConfigKeys (ConfUtils.java:logGet(43)) - raft.server.log.queue.byte-limit = 2147483647 (custom)
2019-10-24 05:11:21,274 [pool-27-thread-1] INFO  server.RaftServerConfigKeys (ConfUtils.java:logGet(43)) - raft.server.log.queue.element-limit = 1024 (custom)
2019-10-24 05:11:21,274 [pool-27-thread-1] INFO  server.RaftServerConfigKeys (ConfUtils.java:logGet(43)) - raft.server.log.segment.size.max = 1048576 (custom)
2019-10-24 05:11:21,274 [pool-27-thread-1] INFO  server.RaftServerConfigKeys (ConfUtils.java:logGet(43)) - raft.server.log.preallocated.size = 16384 (custom)
2019-10-24 05:11:21,274 [pool-27-thread-1] INFO  server.RaftServerConfigKeys (ConfUtils.java:logGet(43)) - raft.server.log.write.buffer.size = 33554432 (custom)
2019-10-24 05:11:21,274 [pool-27-thread-1] INFO  server.RaftServerConfigKeys (ConfUtils.java:logGet(43)) - raft.server.log.force.sync.num = 128 (default)
2019-10-24 05:11:21,274 [pool-27-thread-1] INFO  server.RaftServerConfigKeys (ConfUtils.java:logGet(43)) - raft.server.log.statemachine.data.sync = true (default)
2019-10-24 05:11:21,275 [pool-27-thread-1] INFO  server.RaftServerConfigKeys (ConfUtils.java:logGet(43)) - raft.server.log.statemachine.data.sync.timeout = 10s (default)
2019-10-24 05:11:21,275 [pool-27-thread-1] INFO  server.RaftServerConfigKeys (ConfUtils.java:logGet(43)) - raft.server.log.statemachine.data.sync.timeout.retry = -1 (default)
2019-10-24 05:11:21,275 [pool-27-thread-1] INFO  server.RaftServerConfigKeys (ConfUtils.java:logGet(43)) - raft.server.log.statemachine.data.caching.enabled = true (custom)
2019-10-24 05:11:21,275 [pool-27-thread-1] INFO  segmented.SegmentedRaftLogWorker (SegmentedRaftLogWorker.java:lambda$new$0(128)) - 63d99294-108b-4e1b-bea3-8d2173b82890@group-3FC05D1190E0-SegmentedRaftLogWorker: flushIndex: setUnconditionally 0 -> -1
2019-10-24 05:11:21,276 [pool-27-thread-1] INFO  server.RaftServerConfigKeys (ConfUtils.java:logGet(43)) - raft.server.snapshot.auto.trigger.enabled = true (custom)
2019-10-24 05:11:21,276 [pool-27-thread-1] INFO  server.RaftServerConfigKeys (ConfUtils.java:logGet(43)) - raft.server.snapshot.auto.trigger.threshold = 10000 (custom)
2019-10-24 05:11:21,276 [pool-27-thread-1] INFO  server.RaftServerConfigKeys (ConfUtils.java:logGet(43)) - raft.server.snapshot.retention.file.num = 5 (custom)
2019-10-24 05:11:21,276 [pool-27-thread-1] INFO  server.RaftServerConfigKeys (ConfUtils.java:logGet(43)) - raft.server.retrycache.expirytime = 600000ms (custom)
2019-10-24 05:11:21,276 [pool-27-thread-1] WARN  impl.MetricRegistriesImpl (MetricRegistriesImpl.java:lambda$create$1(61)) - First MetricRegistry has been created without registering reporters. You may need to call MetricRegistries.global().addReportRegistration(...) before.
2019-10-24 05:11:21,277 [pool-27-thread-1] WARN  impl.MetricRegistriesImpl (MetricRegistriesImpl.java:lambda$create$1(61)) - First MetricRegistry has been created without registering reporters. You may need to call MetricRegistries.global().addReportRegistration(...) before.
2019-10-24 05:11:21,277 [pool-27-thread-1] INFO  impl.RaftServerImpl (RaftServerImpl.java:start(184)) - 63d99294-108b-4e1b-bea3-8d2173b82890@group-3FC05D1190E0: start as a follower, conf=-1: [63d99294-108b-4e1b-bea3-8d2173b82890:192.168.69.98:37238], old=null
2019-10-24 05:11:21,277 [pool-27-thread-1] INFO  impl.RaftServerImpl (RaftServerImpl.java:setRole(173)) - 63d99294-108b-4e1b-bea3-8d2173b82890@group-3FC05D1190E0: changes role from      null to FOLLOWER at term 0 for startAsFollower
2019-10-24 05:11:21,277 [pool-27-thread-1] INFO  impl.RoleInfo (RoleInfo.java:updateAndGet(143)) - 63d99294-108b-4e1b-bea3-8d2173b82890: start FollowerState
2019-10-24 05:11:21,278 [pool-27-thread-1] INFO  util.JmxRegister (JmxRegister.java:tryRegister(44)) - Successfully registered JMX Bean with object name Ratis:service=RaftServer,group=group-3FC05D1190E0,id=63d99294-108b-4e1b-bea3-8d2173b82890
2019-10-24 05:11:21,278 [pool-27-thread-1] WARN  impl.MetricRegistriesImpl (MetricRegistriesImpl.java:lambda$create$1(61)) - First MetricRegistry has been created without registering reporters. You may need to call MetricRegistries.global().addReportRegistration(...) before.
2019-10-24 05:11:21,284 [RatisPipelineUtilsThread] INFO  pipeline.PipelineStateManager (PipelineStateManager.java:addPipeline(55)) - Created pipeline Pipeline[ Id: 4145c218-4db9-4c6d-9a52-3fc05d1190e0, Nodes: 63d99294-108b-4e1b-bea3-8d2173b82890{ip: 192.168.69.98, host: pr-hdds-1868-76l5x-1215882166, networkLocation: /default-rack, certSerialId: null}, Type:RATIS, Factor:ONE, State:ALLOCATED]
2019-10-24 05:11:21,852 [Thread-0] INFO  ozone.MiniOzoneClusterImpl (MiniOzoneClusterImpl.java:lambda$waitForClusterToBeReady$2(163)) - Waiting for 4 number of pipelines out of 4, to report a leader.
2019-10-24 05:11:22,852 [Thread-0] INFO  ozone.MiniOzoneClusterImpl (MiniOzoneClusterImpl.java:lambda$waitForClusterToBeReady$2(163)) - Waiting for 4 number of pipelines out of 4, to report a leader.
2019-10-24 05:11:23,853 [Thread-0] INFO  ozone.MiniOzoneClusterImpl (MiniOzoneClusterImpl.java:lambda$waitForClusterToBeReady$2(163)) - Waiting for 4 number of pipelines out of 4, to report a leader.
2019-10-24 05:11:24,854 [Thread-0] INFO  ozone.MiniOzoneClusterImpl (MiniOzoneClusterImpl.java:lambda$waitForClusterToBeReady$2(163)) - Waiting for 4 number of pipelines out of 4, to report a leader.
2019-10-24 05:11:25,854 [Thread-0] INFO  ozone.MiniOzoneClusterImpl (MiniOzoneClusterImpl.java:lambda$waitForClusterToBeReady$2(163)) - Waiting for 4 number of pipelines out of 4, to report a leader.
2019-10-24 05:11:25,980 [Thread-201] INFO  impl.FollowerState (FollowerState.java:run(111)) - d392a8c2-8b62-4ceb-8e6a-52fec3970fa4@group-45B2F26D2DAD-FollowerState: change to CANDIDATE, lastRpcTime:5037ms, electionTimeout:5037ms
2019-10-24 05:11:25,983 [Thread-201] INFO  impl.RoleInfo (RoleInfo.java:shutdownFollowerState(121)) - d392a8c2-8b62-4ceb-8e6a-52fec3970fa4: shutdown FollowerState
2019-10-24 05:11:25,983 [Thread-201] INFO  impl.RaftServerImpl (RaftServerImpl.java:setRole(173)) - d392a8c2-8b62-4ceb-8e6a-52fec3970fa4@group-45B2F26D2DAD: changes role from  FOLLOWER to CANDIDATE at term 0 for changeToCandidate
2019-10-24 05:11:25,988 [Thread-201] INFO  impl.RoleInfo (RoleInfo.java:updateAndGet(143)) - d392a8c2-8b62-4ceb-8e6a-52fec3970fa4: start LeaderElection
2019-10-24 05:11:26,019 [d392a8c2-8b62-4ceb-8e6a-52fec3970fa4@group-45B2F26D2DAD-LeaderElection1] INFO  impl.LeaderElection (LeaderElection.java:askForVotes(178)) - d392a8c2-8b62-4ceb-8e6a-52fec3970fa4@group-45B2F26D2DAD-LeaderElection1: begin an election at term 1 for -1: [d392a8c2-8b62-4ceb-8e6a-52fec3970fa4:192.168.69.98:38225], old=null
2019-10-24 05:11:26,021 [d392a8c2-8b62-4ceb-8e6a-52fec3970fa4@group-45B2F26D2DAD-LeaderElection1] INFO  impl.RoleInfo (RoleInfo.java:shutdownLeaderElection(134)) - d392a8c2-8b62-4ceb-8e6a-52fec3970fa4: shutdown LeaderElection
2019-10-24 05:11:26,022 [d392a8c2-8b62-4ceb-8e6a-52fec3970fa4@group-45B2F26D2DAD-LeaderElection1] INFO  impl.RaftServerImpl (RaftServerImpl.java:setRole(173)) - d392a8c2-8b62-4ceb-8e6a-52fec3970fa4@group-45B2F26D2DAD: changes role from CANDIDATE to LEADER at term 1 for changeToLeader
2019-10-24 05:11:26,022 [d392a8c2-8b62-4ceb-8e6a-52fec3970fa4@group-45B2F26D2DAD-LeaderElection1] INFO  ratis.XceiverServerRatis (XceiverServerRatis.java:handleLeaderChangedNotification(702)) - Leader change notification received for group: group-45B2F26D2DAD with new leaderId: d392a8c2-8b62-4ceb-8e6a-52fec3970fa4
2019-10-24 05:11:26,027 [d392a8c2-8b62-4ceb-8e6a-52fec3970fa4@group-45B2F26D2DAD-LeaderElection1] INFO  impl.LeaderElection (LeaderElection.java:run(137)) - d392a8c2-8b62-4ceb-8e6a-52fec3970fa4@group-45B2F26D2DAD-LeaderElection1: NullPointerException is safely ignored since this is already CLOSING
java.lang.NullPointerException
	at com.google.protobuf.AbstractMessageLite$Builder.checkForNullValues(AbstractMessageLite.java:336)
	at com.google.protobuf.AbstractMessageLite$Builder.addAll(AbstractMessageLite.java:323)
	at org.apache.hadoop.hdds.protocol.proto.StorageContainerDatanodeProtocolProtos$PipelineReportsProto$Builder.addAllPipelineReport(StorageContainerDatanodeProtocolProtos.java:20977)
	at org.apache.hadoop.ozone.container.ozoneimpl.OzoneContainer.getPipelineReport(OzoneContainer.java:251)
	at org.apache.hadoop.ozone.container.common.transport.server.ratis.XceiverServerRatis.handleLeaderChangedNotification(XceiverServerRatis.java:709)
	at org.apache.hadoop.ozone.container.common.transport.server.ratis.ContainerStateMachine.notifyLeaderChanged(ContainerStateMachine.java:887)
	at org.apache.ratis.server.impl.ServerState.setLeader(ServerState.java:253)
	at org.apache.ratis.server.impl.ServerState.becomeLeader(ServerState.java:274)
	at org.apache.ratis.server.impl.RaftServerImpl.changeToLeader(RaftServerImpl.java:345)
	at org.apache.ratis.server.impl.LeaderElection.askForVotes(LeaderElection.java:210)
	at org.apache.ratis.server.impl.LeaderElection.run(LeaderElection.java:133)
	at java.lang.Thread.run(Thread.java:748)
2019-10-24 05:11:26,125 [Thread-205] INFO  impl.FollowerState (FollowerState.java:run(111)) - 3e14be36-a4da-40a9-b9d8-40e3f7d5caa1@group-1E755E3C7142-FollowerState: change to CANDIDATE, lastRpcTime:5087ms, electionTimeout:5087ms
2019-10-24 05:11:26,125 [Thread-205] INFO  impl.RoleInfo (RoleInfo.java:shutdownFollowerState(121)) - 3e14be36-a4da-40a9-b9d8-40e3f7d5caa1: shutdown FollowerState
2019-10-24 05:11:26,125 [Thread-205] INFO  impl.RaftServerImpl (RaftServerImpl.java:setRole(173)) - 3e14be36-a4da-40a9-b9d8-40e3f7d5caa1@group-1E755E3C7142: changes role from  FOLLOWER to CANDIDATE at term 0 for changeToCandidate
2019-10-24 05:11:26,125 [Thread-205] INFO  impl.RoleInfo (RoleInfo.java:updateAndGet(143)) - 3e14be36-a4da-40a9-b9d8-40e3f7d5caa1: start LeaderElection
2019-10-24 05:11:26,141 [3e14be36-a4da-40a9-b9d8-40e3f7d5caa1@group-1E755E3C7142-LeaderElection2] INFO  impl.LeaderElection (LeaderElection.java:askForVotes(178)) - 3e14be36-a4da-40a9-b9d8-40e3f7d5caa1@group-1E755E3C7142-LeaderElection2: begin an election at term 1 for -1: [3e14be36-a4da-40a9-b9d8-40e3f7d5caa1:192.168.69.98:43780], old=null
2019-10-24 05:11:26,141 [3e14be36-a4da-40a9-b9d8-40e3f7d5caa1@group-1E755E3C7142-LeaderElection2] INFO  impl.RoleInfo (RoleInfo.java:shutdownLeaderElection(134)) - 3e14be36-a4da-40a9-b9d8-40e3f7d5caa1: shutdown LeaderElection
2019-10-24 05:11:26,142 [3e14be36-a4da-40a9-b9d8-40e3f7d5caa1@group-1E755E3C7142-LeaderElection2] INFO  impl.RaftServerImpl (RaftServerImpl.java:setRole(173)) - 3e14be36-a4da-40a9-b9d8-40e3f7d5caa1@group-1E755E3C7142: changes role from CANDIDATE to LEADER at term 1 for changeToLeader
2019-10-24 05:11:26,142 [3e14be36-a4da-40a9-b9d8-40e3f7d5caa1@group-1E755E3C7142-LeaderElection2] INFO  ratis.XceiverServerRatis (XceiverServerRatis.java:handleLeaderChangedNotification(702)) - Leader change notification received for group: group-1E755E3C7142 with new leaderId: 3e14be36-a4da-40a9-b9d8-40e3f7d5caa1
2019-10-24 05:11:26,142 [3e14be36-a4da-40a9-b9d8-40e3f7d5caa1@group-1E755E3C7142-LeaderElection2] INFO  impl.LeaderElection (LeaderElection.java:run(137)) - 3e14be36-a4da-40a9-b9d8-40e3f7d5caa1@group-1E755E3C7142-LeaderElection2: NullPointerException is safely ignored since this is already CLOSING
java.lang.NullPointerException
	at com.google.protobuf.AbstractMessageLite$Builder.checkForNullValues(AbstractMessageLite.java:336)
	at com.google.protobuf.AbstractMessageLite$Builder.addAll(AbstractMessageLite.java:323)
	at org.apache.hadoop.hdds.protocol.proto.StorageContainerDatanodeProtocolProtos$PipelineReportsProto$Builder.addAllPipelineReport(StorageContainerDatanodeProtocolProtos.java:20977)
	at org.apache.hadoop.ozone.container.ozoneimpl.OzoneContainer.getPipelineReport(OzoneContainer.java:251)
	at org.apache.hadoop.ozone.container.common.transport.server.ratis.XceiverServerRatis.handleLeaderChangedNotification(XceiverServerRatis.java:709)
	at org.apache.hadoop.ozone.container.common.transport.server.ratis.ContainerStateMachine.notifyLeaderChanged(ContainerStateMachine.java:887)
	at org.apache.ratis.server.impl.ServerState.setLeader(ServerState.java:253)
	at org.apache.ratis.server.impl.ServerState.becomeLeader(ServerState.java:274)
	at org.apache.ratis.server.impl.RaftServerImpl.changeToLeader(RaftServerImpl.java:345)
	at org.apache.ratis.server.impl.LeaderElection.askForVotes(LeaderElection.java:210)
	at org.apache.ratis.server.impl.LeaderElection.run(LeaderElection.java:133)
	at java.lang.Thread.run(Thread.java:748)
2019-10-24 05:11:26,197 [Thread-215] INFO  impl.FollowerState (FollowerState.java:run(111)) - 63d99294-108b-4e1b-bea3-8d2173b82890@group-15609759C8C7-FollowerState: change to CANDIDATE, lastRpcTime:5004ms, electionTimeout:5004ms
2019-10-24 05:11:26,197 [Thread-215] INFO  impl.RoleInfo (RoleInfo.java:shutdownFollowerState(121)) - 63d99294-108b-4e1b-bea3-8d2173b82890: shutdown FollowerState
2019-10-24 05:11:26,197 [Thread-215] INFO  impl.RaftServerImpl (RaftServerImpl.java:setRole(173)) - 63d99294-108b-4e1b-bea3-8d2173b82890@group-15609759C8C7: changes role from  FOLLOWER to CANDIDATE at term 0 for changeToCandidate
2019-10-24 05:11:26,198 [Thread-215] INFO  impl.RoleInfo (RoleInfo.java:updateAndGet(143)) - 63d99294-108b-4e1b-bea3-8d2173b82890: start LeaderElection
2019-10-24 05:11:26,206 [63d99294-108b-4e1b-bea3-8d2173b82890@group-15609759C8C7-LeaderElection3] INFO  impl.LeaderElection (LeaderElection.java:askForVotes(178)) - 63d99294-108b-4e1b-bea3-8d2173b82890@group-15609759C8C7-LeaderElection3: begin an election at term 1 for -1: [d392a8c2-8b62-4ceb-8e6a-52fec3970fa4:192.168.69.98:38225, 3e14be36-a4da-40a9-b9d8-40e3f7d5caa1:192.168.69.98:43780, 63d99294-108b-4e1b-bea3-8d2173b82890:192.168.69.98:37238], old=null
2019-10-24 05:11:26,236 [grpc-default-executor-1] INFO  impl.RaftServerImpl (RaftServerImpl.java:setRole(173)) - 3e14be36-a4da-40a9-b9d8-40e3f7d5caa1@group-15609759C8C7: changes role from  FOLLOWER to FOLLOWER at term 1 for recognizeCandidate:63d99294-108b-4e1b-bea3-8d2173b82890
2019-10-24 05:11:26,236 [grpc-default-executor-2] INFO  impl.RaftServerImpl (RaftServerImpl.java:setRole(173)) - d392a8c2-8b62-4ceb-8e6a-52fec3970fa4@group-15609759C8C7: changes role from  FOLLOWER to FOLLOWER at term 1 for recognizeCandidate:63d99294-108b-4e1b-bea3-8d2173b82890
2019-10-24 05:11:26,236 [grpc-default-executor-1] INFO  impl.RoleInfo (RoleInfo.java:shutdownFollowerState(121)) - 3e14be36-a4da-40a9-b9d8-40e3f7d5caa1: shutdown FollowerState
2019-10-24 05:11:26,237 [grpc-default-executor-2] INFO  impl.RoleInfo (RoleInfo.java:shutdownFollowerState(121)) - d392a8c2-8b62-4ceb-8e6a-52fec3970fa4: shutdown FollowerState
2019-10-24 05:11:26,237 [Thread-216] INFO  impl.FollowerState (FollowerState.java:run(120)) - 3e14be36-a4da-40a9-b9d8-40e3f7d5caa1@group-15609759C8C7-FollowerState was interrupted: java.lang.InterruptedException: sleep interrupted
2019-10-24 05:11:26,237 [grpc-default-executor-1] INFO  impl.RoleInfo (RoleInfo.java:updateAndGet(143)) - 3e14be36-a4da-40a9-b9d8-40e3f7d5caa1: start FollowerState
2019-10-24 05:11:26,238 [grpc-default-executor-2] INFO  impl.RoleInfo (RoleInfo.java:updateAndGet(143)) - d392a8c2-8b62-4ceb-8e6a-52fec3970fa4: start FollowerState
2019-10-24 05:11:26,237 [Thread-211] INFO  impl.FollowerState (FollowerState.java:run(120)) - d392a8c2-8b62-4ceb-8e6a-52fec3970fa4@group-15609759C8C7-FollowerState was interrupted: java.lang.InterruptedException: sleep interrupted
2019-10-24 05:11:26,267 [63d99294-108b-4e1b-bea3-8d2173b82890@group-15609759C8C7-LeaderElection3] INFO  impl.LeaderElection (LeaderElection.java:logAndReturn(56)) - 63d99294-108b-4e1b-bea3-8d2173b82890@group-15609759C8C7-LeaderElection3: Election PASSED; received 1 response(s) [63d99294-108b-4e1b-bea3-8d2173b82890<-3e14be36-a4da-40a9-b9d8-40e3f7d5caa1#0:OK-t1] and 0 exception(s); 63d99294-108b-4e1b-bea3-8d2173b82890@group-15609759C8C7:t1, leader=null, voted=63d99294-108b-4e1b-bea3-8d2173b82890, raftlog=63d99294-108b-4e1b-bea3-8d2173b82890@group-15609759C8C7-SegmentedRaftLog:OPENED:c-1,f-1,i0, conf=-1: [d392a8c2-8b62-4ceb-8e6a-52fec3970fa4:192.168.69.98:38225, 3e14be36-a4da-40a9-b9d8-40e3f7d5caa1:192.168.69.98:43780, 63d99294-108b-4e1b-bea3-8d2173b82890:192.168.69.98:37238], old=null
2019-10-24 05:11:26,267 [63d99294-108b-4e1b-bea3-8d2173b82890@group-15609759C8C7-LeaderElection3] INFO  impl.RoleInfo (RoleInfo.java:shutdownLeaderElection(134)) - 63d99294-108b-4e1b-bea3-8d2173b82890: shutdown LeaderElection
2019-10-24 05:11:26,268 [63d99294-108b-4e1b-bea3-8d2173b82890@group-15609759C8C7-LeaderElection3] INFO  impl.RaftServerImpl (RaftServerImpl.java:setRole(173)) - 63d99294-108b-4e1b-bea3-8d2173b82890@group-15609759C8C7: changes role from CANDIDATE to LEADER at term 1 for changeToLeader
2019-10-24 05:11:26,268 [63d99294-108b-4e1b-bea3-8d2173b82890@group-15609759C8C7-LeaderElection3] INFO  ratis.XceiverServerRatis (XceiverServerRatis.java:handleLeaderChangedNotification(702)) - Leader change notification received for group: group-15609759C8C7 with new leaderId: 63d99294-108b-4e1b-bea3-8d2173b82890
2019-10-24 05:11:26,268 [63d99294-108b-4e1b-bea3-8d2173b82890@group-15609759C8C7-LeaderElection3] INFO  impl.LeaderElection (LeaderElection.java:run(137)) - 63d99294-108b-4e1b-bea3-8d2173b82890@group-15609759C8C7-LeaderElection3: NullPointerException is safely ignored since this is already CLOSING
java.lang.NullPointerException
	at com.google.protobuf.AbstractMessageLite$Builder.checkForNullValues(AbstractMessageLite.java:336)
	at com.google.protobuf.AbstractMessageLite$Builder.addAll(AbstractMessageLite.java:323)
	at org.apache.hadoop.hdds.protocol.proto.StorageContainerDatanodeProtocolProtos$PipelineReportsProto$Builder.addAllPipelineReport(StorageContainerDatanodeProtocolProtos.java:20977)
	at org.apache.hadoop.ozone.container.ozoneimpl.OzoneContainer.getPipelineReport(OzoneContainer.java:251)
	at org.apache.hadoop.ozone.container.common.transport.server.ratis.XceiverServerRatis.handleLeaderChangedNotification(XceiverServerRatis.java:709)
	at org.apache.hadoop.ozone.container.common.transport.server.ratis.ContainerStateMachine.notifyLeaderChanged(ContainerStateMachine.java:887)
	at org.apache.ratis.server.impl.ServerState.setLeader(ServerState.java:253)
	at org.apache.ratis.server.impl.ServerState.becomeLeader(ServerState.java:274)
	at org.apache.ratis.server.impl.RaftServerImpl.changeToLeader(RaftServerImpl.java:345)
	at org.apache.ratis.server.impl.LeaderElection.askForVotes(LeaderElection.java:210)
	at org.apache.ratis.server.impl.LeaderElection.run(LeaderElection.java:133)
	at java.lang.Thread.run(Thread.java:748)
2019-10-24 05:11:26,305 [Thread-221] INFO  impl.FollowerState (FollowerState.java:run(111)) - 63d99294-108b-4e1b-bea3-8d2173b82890@group-3FC05D1190E0-FollowerState: change to CANDIDATE, lastRpcTime:5027ms, electionTimeout:5027ms
2019-10-24 05:11:26,305 [Thread-221] INFO  impl.RoleInfo (RoleInfo.java:shutdownFollowerState(121)) - 63d99294-108b-4e1b-bea3-8d2173b82890: shutdown FollowerState
2019-10-24 05:11:26,306 [Thread-221] INFO  impl.RaftServerImpl (RaftServerImpl.java:setRole(173)) - 63d99294-108b-4e1b-bea3-8d2173b82890@group-3FC05D1190E0: changes role from  FOLLOWER to CANDIDATE at term 0 for changeToCandidate
2019-10-24 05:11:26,306 [Thread-221] INFO  impl.RoleInfo (RoleInfo.java:updateAndGet(143)) - 63d99294-108b-4e1b-bea3-8d2173b82890: start LeaderElection
2019-10-24 05:11:26,313 [63d99294-108b-4e1b-bea3-8d2173b82890@group-3FC05D1190E0-LeaderElection4] INFO  impl.LeaderElection (LeaderElection.java:askForVotes(178)) - 63d99294-108b-4e1b-bea3-8d2173b82890@group-3FC05D1190E0-LeaderElection4: begin an election at term 1 for -1: [63d99294-108b-4e1b-bea3-8d2173b82890:192.168.69.98:37238], old=null
2019-10-24 05:11:26,313 [63d99294-108b-4e1b-bea3-8d2173b82890@group-3FC05D1190E0-LeaderElection4] INFO  impl.RoleInfo (RoleInfo.java:shutdownLeaderElection(134)) - 63d99294-108b-4e1b-bea3-8d2173b82890: shutdown LeaderElection
2019-10-24 05:11:26,313 [63d99294-108b-4e1b-bea3-8d2173b82890@group-3FC05D1190E0-LeaderElection4] INFO  impl.RaftServerImpl (RaftServerImpl.java:setRole(173)) - 63d99294-108b-4e1b-bea3-8d2173b82890@group-3FC05D1190E0: changes role from CANDIDATE to LEADER at term 1 for changeToLeader
2019-10-24 05:11:26,313 [63d99294-108b-4e1b-bea3-8d2173b82890@group-3FC05D1190E0-LeaderElection4] INFO  ratis.XceiverServerRatis (XceiverServerRatis.java:handleLeaderChangedNotification(702)) - Leader change notification received for group: group-3FC05D1190E0 with new leaderId: 63d99294-108b-4e1b-bea3-8d2173b82890
2019-10-24 05:11:26,314 [63d99294-108b-4e1b-bea3-8d2173b82890@group-3FC05D1190E0-LeaderElection4] INFO  impl.RaftServerImpl (ServerState.java:setLeader(255)) - 63d99294-108b-4e1b-bea3-8d2173b82890@group-3FC05D1190E0: change Leader from null to 63d99294-108b-4e1b-bea3-8d2173b82890 at term 1 for becomeLeader, leader elected after 5041ms
2019-10-24 05:11:26,319 [63d99294-108b-4e1b-bea3-8d2173b82890@group-3FC05D1190E0-LeaderElection4] INFO  server.RaftServerConfigKeys (ConfUtils.java:logGet(43)) - raft.server.staging.catchup.gap = 1000 (default)
2019-10-24 05:11:26,319 [63d99294-108b-4e1b-bea3-8d2173b82890@group-3FC05D1190E0-LeaderElection4] INFO  server.RaftServerConfigKeys (ConfUtils.java:logGet(43)) - raft.server.rpc.sleep.time = 25ms (default)
2019-10-24 05:11:26,323 [63d99294-108b-4e1b-bea3-8d2173b82890@group-3FC05D1190E0-LeaderElection4] INFO  server.RaftServerConfigKeys (ConfUtils.java:logGet(43)) - raft.server.write.element-limit = 4096 (default)
2019-10-24 05:11:26,325 [63d99294-108b-4e1b-bea3-8d2173b82890@group-3FC05D1190E0-LeaderElection4] INFO  server.RaftServerConfigKeys (ConfUtils.java:logGet(43)) - raft.server.watch.timeout = 10s (default)
2019-10-24 05:11:26,326 [63d99294-108b-4e1b-bea3-8d2173b82890@group-3FC05D1190E0-LeaderElection4] INFO  server.RaftServerConfigKeys (ConfUtils.java:logGet(43)) - raft.server.watch.timeout.denomination = 1s (default)
2019-10-24 05:11:26,326 [63d99294-108b-4e1b-bea3-8d2173b82890@group-3FC05D1190E0-LeaderElection4] INFO  server.RaftServerConfigKeys (ConfUtils.java:logGet(43)) - raft.server.watch.element-limit = 65536 (default)
2019-10-24 05:11:26,333 [63d99294-108b-4e1b-bea3-8d2173b82890@group-3FC05D1190E0-LeaderElection4] INFO  impl.RoleInfo (RoleInfo.java:updateAndGet(143)) - 63d99294-108b-4e1b-bea3-8d2173b82890: start LeaderState
2019-10-24 05:11:26,335 [EventQueue-PipelineReportForPipelineReportHandler] INFO  pipeline.PipelineReportHandler (PipelineReportHandler.java:processPipelineReport(104)) - Pipeline PipelineID=afa31960-92f2-4ffc-a0e0-15609759c8c7 reported by 63d99294-108b-4e1b-bea3-8d2173b82890{ip: 192.168.69.98, host: pr-hdds-1868-76l5x-1215882166, networkLocation: /default-rack, certSerialId: null} isLeader?: true
2019-10-24 05:11:26,336 [EventQueue-PipelineReportForPipelineReportHandler] INFO  pipeline.PipelineStateManager (PipelineStateManager.java:openPipeline(134)) - Pipeline Pipeline[ Id: afa31960-92f2-4ffc-a0e0-15609759c8c7, Nodes: 63d99294-108b-4e1b-bea3-8d2173b82890{ip: 192.168.69.98, host: pr-hdds-1868-76l5x-1215882166, networkLocation: /default-rack, certSerialId: null}d392a8c2-8b62-4ceb-8e6a-52fec3970fa4{ip: 192.168.69.98, host: pr-hdds-1868-76l5x-1215882166, networkLocation: /default-rack, certSerialId: null}3e14be36-a4da-40a9-b9d8-40e3f7d5caa1{ip: 192.168.69.98, host: pr-hdds-1868-76l5x-1215882166, networkLocation: /default-rack, certSerialId: null}, Type:RATIS, Factor:THREE, State:OPEN] moved to OPEN state
2019-10-24 05:11:26,336 [EventQueue-PipelineReportForPipelineReportHandler] INFO  pipeline.PipelineReportHandler (PipelineReportHandler.java:processPipelineReport(104)) - Pipeline PipelineID=4145c218-4db9-4c6d-9a52-3fc05d1190e0 reported by 63d99294-108b-4e1b-bea3-8d2173b82890{ip: 192.168.69.98, host: pr-hdds-1868-76l5x-1215882166, networkLocation: /default-rack, certSerialId: null} isLeader?: true
2019-10-24 05:11:26,336 [EventQueue-PipelineReportForPipelineReportHandler] INFO  pipeline.PipelineStateManager (PipelineStateManager.java:openPipeline(134)) - Pipeline Pipeline[ Id: 4145c218-4db9-4c6d-9a52-3fc05d1190e0, Nodes: 63d99294-108b-4e1b-bea3-8d2173b82890{ip: 192.168.69.98, host: pr-hdds-1868-76l5x-1215882166, networkLocation: /default-rack, certSerialId: null}, Type:RATIS, Factor:ONE, State:OPEN] moved to OPEN state
2019-10-24 05:11:26,347 [63d99294-108b-4e1b-bea3-8d2173b82890@group-3FC05D1190E0-LeaderElection4] INFO  segmented.SegmentedRaftLogWorker (SegmentedRaftLogWorker.java:startLogSegment(385)) - 63d99294-108b-4e1b-bea3-8d2173b82890@group-3FC05D1190E0-SegmentedRaftLogWorker: Starting segment from index:0
2019-10-24 05:11:26,356 [63d99294-108b-4e1b-bea3-8d2173b82890@group-3FC05D1190E0-LeaderElection4] INFO  impl.RaftServerImpl (ServerState.java:setRaftConf(356)) - 63d99294-108b-4e1b-bea3-8d2173b82890@group-3FC05D1190E0: set configuration 0: [63d99294-108b-4e1b-bea3-8d2173b82890:192.168.69.98:37238], old=null at 0
2019-10-24 05:11:26,520 [63d99294-108b-4e1b-bea3-8d2173b82890@group-3FC05D1190E0-SegmentedRaftLogWorker] INFO  segmented.SegmentedRaftLogWorker (SegmentedRaftLogWorker.java:execute(576)) - 63d99294-108b-4e1b-bea3-8d2173b82890@group-3FC05D1190E0-SegmentedRaftLogWorker: created new log segment /workdir/hadoop-ozone/integration-test/target/test-dir/MiniOzoneClusterImpl-228badc5-b9d9-45b2-a1b6-1d127042eb27/datanode-0/data/ratis/4145c218-4db9-4c6d-9a52-3fc05d1190e0/current/log_inprogress_0
2019-10-24 05:11:26,855 [Thread-0] INFO  ozone.MiniOzoneClusterImpl (MiniOzoneClusterImpl.java:lambda$waitForClusterToBeReady$2(163)) - Waiting for 2 number of pipelines out of 4, to report a leader.
2019-10-24 05:11:27,856 [Thread-0] INFO  ozone.MiniOzoneClusterImpl (MiniOzoneClusterImpl.java:lambda$waitForClusterToBeReady$2(163)) - Waiting for 2 number of pipelines out of 4, to report a leader.
2019-10-24 05:11:28,856 [Thread-0] INFO  ozone.MiniOzoneClusterImpl (MiniOzoneClusterImpl.java:lambda$waitForClusterToBeReady$2(163)) - Waiting for 2 number of pipelines out of 4, to report a leader.
2019-10-24 05:11:29,857 [Thread-0] INFO  ozone.MiniOzoneClusterImpl (MiniOzoneClusterImpl.java:lambda$waitForClusterToBeReady$2(163)) - Waiting for 2 number of pipelines out of 4, to report a leader.
2019-10-24 05:11:30,858 [Thread-0] INFO  ozone.MiniOzoneClusterImpl (MiniOzoneClusterImpl.java:lambda$waitForClusterToBeReady$2(163)) - Waiting for 2 number of pipelines out of 4, to report a leader.
2019-10-24 05:11:31,374 [Thread-228] INFO  impl.FollowerState (FollowerState.java:run(111)) - 3e14be36-a4da-40a9-b9d8-40e3f7d5caa1@group-15609759C8C7-FollowerState: change to CANDIDATE, lastRpcTime:5136ms, electionTimeout:5134ms
2019-10-24 05:11:31,374 [Thread-228] INFO  impl.RoleInfo (RoleInfo.java:shutdownFollowerState(121)) - 3e14be36-a4da-40a9-b9d8-40e3f7d5caa1: shutdown FollowerState
2019-10-24 05:11:31,374 [Thread-228] INFO  impl.RaftServerImpl (RaftServerImpl.java:setRole(173)) - 3e14be36-a4da-40a9-b9d8-40e3f7d5caa1@group-15609759C8C7: changes role from  FOLLOWER to CANDIDATE at term 1 for changeToCandidate
2019-10-24 05:11:31,374 [Thread-228] INFO  impl.RoleInfo (RoleInfo.java:updateAndGet(143)) - 3e14be36-a4da-40a9-b9d8-40e3f7d5caa1: start LeaderElection
2019-10-24 05:11:31,389 [3e14be36-a4da-40a9-b9d8-40e3f7d5caa1@group-15609759C8C7-LeaderElection5] INFO  impl.LeaderElection (LeaderElection.java:askForVotes(178)) - 3e14be36-a4da-40a9-b9d8-40e3f7d5caa1@group-15609759C8C7-LeaderElection5: begin an election at term 2 for -1: [d392a8c2-8b62-4ceb-8e6a-52fec3970fa4:192.168.69.98:38225, 3e14be36-a4da-40a9-b9d8-40e3f7d5caa1:192.168.69.98:43780, 63d99294-108b-4e1b-bea3-8d2173b82890:192.168.69.98:37238], old=null
2019-10-24 05:11:31,401 [grpc-default-executor-1] INFO  impl.RaftServerImpl (RaftServerImpl.java:setRole(173)) - 63d99294-108b-4e1b-bea3-8d2173b82890@group-15609759C8C7: changes role from    LEADER to FOLLOWER at term 2 for recognizeCandidate:3e14be36-a4da-40a9-b9d8-40e3f7d5caa1
2019-10-24 05:11:31,403 [grpc-default-executor-2] INFO  impl.RaftServerImpl (RaftServerImpl.java:setRole(173)) - d392a8c2-8b62-4ceb-8e6a-52fec3970fa4@group-15609759C8C7: changes role from  FOLLOWER to FOLLOWER at term 2 for recognizeCandidate:3e14be36-a4da-40a9-b9d8-40e3f7d5caa1
2019-10-24 05:11:31,403 [grpc-default-executor-2] INFO  impl.RoleInfo (RoleInfo.java:shutdownFollowerState(121)) - d392a8c2-8b62-4ceb-8e6a-52fec3970fa4: shutdown FollowerState
2019-10-24 05:11:31,403 [Thread-229] INFO  impl.FollowerState (FollowerState.java:run(120)) - d392a8c2-8b62-4ceb-8e6a-52fec3970fa4@group-15609759C8C7-FollowerState was interrupted: java.lang.InterruptedException: sleep interrupted
2019-10-24 05:11:31,404 [grpc-default-executor-1] WARN  server.GrpcServerProtocolService (LogUtils.java:warn(136)) - 63d99294-108b-4e1b-bea3-8d2173b82890: Failed requestVote 3e14be36-a4da-40a9-b9d8-40e3f7d5caa1->63d99294-108b-4e1b-bea3-8d2173b82890#0
java.lang.NullPointerException: leaderState == null
	at org.apache.ratis.server.impl.RoleInfo.shutdownLeaderState(RoleInfo.java:101)
	at org.apache.ratis.server.impl.RaftServerImpl.changeToFollower(RaftServerImpl.java:324)
	at org.apache.ratis.server.impl.RaftServerImpl.requestVote(RaftServerImpl.java:780)
	at org.apache.ratis.server.impl.RaftServerImpl.requestVote(RaftServerImpl.java:754)
	at org.apache.ratis.server.impl.RaftServerProxy.requestVote(RaftServerProxy.java:443)
	at org.apache.ratis.grpc.server.GrpcServerProtocolService.requestVote(GrpcServerProtocolService.java:142)
	at org.apache.ratis.proto.grpc.RaftServerProtocolServiceGrpc$MethodHandlers.invoke(RaftServerProtocolServiceGrpc.java:319)
	at org.apache.ratis.thirdparty.io.grpc.stub.ServerCalls$UnaryServerCallHandler$UnaryServerCallListener.onHalfClose(ServerCalls.java:171)
	at org.apache.ratis.thirdparty.io.grpc.internal.ServerCallImpl$ServerStreamListenerImpl.halfClosed(ServerCallImpl.java:283)
	at org.apache.ratis.thirdparty.io.grpc.internal.ServerImpl$JumpToApplicationThreadServerStreamListener$1HalfClosed.runInContext(ServerImpl.java:710)
	at org.apache.ratis.thirdparty.io.grpc.internal.ContextRunnable.run(ContextRunnable.java:37)
	at org.apache.ratis.thirdparty.io.grpc.internal.SerializingExecutor.run(SerializingExecutor.java:123)
	at java.util.concurrent.ThreadPoolExecutor.runWorker(ThreadPoolExecutor.java:1149)
	at java.util.concurrent.ThreadPoolExecutor$Worker.run(ThreadPoolExecutor.java:624)
	at java.lang.Thread.run(Thread.java:748)
2019-10-24 05:11:31,408 [grpc-default-executor-2] INFO  impl.RoleInfo (RoleInfo.java:updateAndGet(143)) - d392a8c2-8b62-4ceb-8e6a-52fec3970fa4: start FollowerState
2019-10-24 05:11:31,425 [3e14be36-a4da-40a9-b9d8-40e3f7d5caa1@group-15609759C8C7-LeaderElection5] INFO  impl.LeaderElection (LeaderElection.java:logAndReturn(56)) - 3e14be36-a4da-40a9-b9d8-40e3f7d5caa1@group-15609759C8C7-LeaderElection5: Election PASSED; received 1 response(s) [3e14be36-a4da-40a9-b9d8-40e3f7d5caa1<-d392a8c2-8b62-4ceb-8e6a-52fec3970fa4#0:OK-t2] and 0 exception(s); 3e14be36-a4da-40a9-b9d8-40e3f7d5caa1@group-15609759C8C7:t2, leader=null, voted=3e14be36-a4da-40a9-b9d8-40e3f7d5caa1, raftlog=3e14be36-a4da-40a9-b9d8-40e3f7d5caa1@group-15609759C8C7-SegmentedRaftLog:OPENED:c-1,f-1,i0, conf=-1: [d392a8c2-8b62-4ceb-8e6a-52fec3970fa4:192.168.69.98:38225, 3e14be36-a4da-40a9-b9d8-40e3f7d5caa1:192.168.69.98:43780, 63d99294-108b-4e1b-bea3-8d2173b82890:192.168.69.98:37238], old=null
2019-10-24 05:11:31,426 [3e14be36-a4da-40a9-b9d8-40e3f7d5caa1@group-15609759C8C7-LeaderElection5] INFO  impl.RoleInfo (RoleInfo.java:shutdownLeaderElection(134)) - 3e14be36-a4da-40a9-b9d8-40e3f7d5caa1: shutdown LeaderElection
2019-10-24 05:11:31,427 [3e14be36-a4da-40a9-b9d8-40e3f7d5caa1@group-15609759C8C7-LeaderElection5] INFO  impl.RaftServerImpl (RaftServerImpl.java:setRole(173)) - 3e14be36-a4da-40a9-b9d8-40e3f7d5caa1@group-15609759C8C7: changes role from CANDIDATE to LEADER at term 2 for changeToLeader
2019-10-24 05:11:31,427 [3e14be36-a4da-40a9-b9d8-40e3f7d5caa1@group-15609759C8C7-LeaderElection5] INFO  ratis.XceiverServerRatis (XceiverServerRatis.java:handleLeaderChangedNotification(702)) - Leader change notification received for group: group-15609759C8C7 with new leaderId: 3e14be36-a4da-40a9-b9d8-40e3f7d5caa1
2019-10-24 05:11:31,428 [3e14be36-a4da-40a9-b9d8-40e3f7d5caa1@group-15609759C8C7-LeaderElection5] INFO  impl.RaftServerImpl (ServerState.java:setLeader(255)) - 3e14be36-a4da-40a9-b9d8-40e3f7d5caa1@group-15609759C8C7: change Leader from null to 3e14be36-a4da-40a9-b9d8-40e3f7d5caa1 at term 2 for becomeLeader, leader elected after 10246ms
2019-10-24 05:11:31,428 [3e14be36-a4da-40a9-b9d8-40e3f7d5caa1@group-15609759C8C7-LeaderElection5] INFO  server.RaftServerConfigKeys (ConfUtils.java:logGet(43)) - raft.server.staging.catchup.gap = 1000 (default)
2019-10-24 05:11:31,428 [3e14be36-a4da-40a9-b9d8-40e3f7d5caa1@group-15609759C8C7-LeaderElection5] INFO  server.RaftServerConfigKeys (ConfUtils.java:logGet(43)) - raft.server.rpc.sleep.time = 25ms (default)
2019-10-24 05:11:31,428 [3e14be36-a4da-40a9-b9d8-40e3f7d5caa1@group-15609759C8C7-LeaderElection5] INFO  server.RaftServerConfigKeys (ConfUtils.java:logGet(43)) - raft.server.write.element-limit = 4096 (default)
2019-10-24 05:11:31,429 [3e14be36-a4da-40a9-b9d8-40e3f7d5caa1@group-15609759C8C7-LeaderElection5] INFO  server.RaftServerConfigKeys (ConfUtils.java:logGet(43)) - raft.server.watch.timeout = 10s (default)
2019-10-24 05:11:31,429 [3e14be36-a4da-40a9-b9d8-40e3f7d5caa1@group-15609759C8C7-LeaderElection5] INFO  server.RaftServerConfigKeys (ConfUtils.java:logGet(43)) - raft.server.watch.timeout.denomination = 1s (default)
2019-10-24 05:11:31,429 [3e14be36-a4da-40a9-b9d8-40e3f7d5caa1@group-15609759C8C7-LeaderElection5] INFO  server.RaftServerConfigKeys (ConfUtils.java:logGet(43)) - raft.server.watch.element-limit = 65536 (default)
2019-10-24 05:11:31,430 [EventQueue-PipelineReportForPipelineReportHandler] INFO  pipeline.PipelineReportHandler (PipelineReportHandler.java:processPipelineReport(104)) - Pipeline PipelineID=277958a0-7c7d-4df0-b40d-1e755e3c7142 reported by 3e14be36-a4da-40a9-b9d8-40e3f7d5caa1{ip: 192.168.69.98, host: pr-hdds-1868-76l5x-1215882166, networkLocation: /default-rack, certSerialId: null} isLeader?: true
2019-10-24 05:11:31,430 [EventQueue-PipelineReportForPipelineReportHandler] INFO  pipeline.PipelineStateManager (PipelineStateManager.java:openPipeline(134)) - Pipeline Pipeline[ Id: 277958a0-7c7d-4df0-b40d-1e755e3c7142, Nodes: 3e14be36-a4da-40a9-b9d8-40e3f7d5caa1{ip: 192.168.69.98, host: pr-hdds-1868-76l5x-1215882166, networkLocation: /default-rack, certSerialId: null}, Type:RATIS, Factor:ONE, State:OPEN] moved to OPEN state
2019-10-24 05:11:31,433 [3e14be36-a4da-40a9-b9d8-40e3f7d5caa1@group-15609759C8C7-LeaderElection5] INFO  server.RaftServerConfigKeys (ConfUtils.java:logGet(43)) - raft.server.log.appender.snapshot.chunk.size.max = 16MB (=16777216) (default)
2019-10-24 05:11:31,433 [3e14be36-a4da-40a9-b9d8-40e3f7d5caa1@group-15609759C8C7-LeaderElection5] INFO  server.RaftServerConfigKeys (ConfUtils.java:logGet(43)) - raft.server.log.appender.buffer.byte-limit = 33554432 (custom)
2019-10-24 05:11:31,434 [3e14be36-a4da-40a9-b9d8-40e3f7d5caa1@group-15609759C8C7-LeaderElection5] INFO  server.RaftServerConfigKeys (ConfUtils.java:logGet(43)) - raft.server.log.appender.buffer.element-limit = 1 (custom)
2019-10-24 05:11:31,439 [3e14be36-a4da-40a9-b9d8-40e3f7d5caa1@group-15609759C8C7-LeaderElection5] INFO  grpc.GrpcConfigKeys$Server (ConfUtils.java:logGet(43)) - raft.grpc.server.leader.outstanding.appends.max = 128 (default)
2019-10-24 05:11:31,440 [3e14be36-a4da-40a9-b9d8-40e3f7d5caa1@group-15609759C8C7-LeaderElection5] INFO  server.RaftServerConfigKeys (ConfUtils.java:logGet(43)) - raft.server.rpc.request.timeout = 3000ms (default)
2019-10-24 05:11:31,440 [3e14be36-a4da-40a9-b9d8-40e3f7d5caa1@group-15609759C8C7-LeaderElection5] INFO  server.RaftServerConfigKeys (ConfUtils.java:logGet(43)) - raft.server.log.appender.install.snapshot.enabled = false (custom)
2019-10-24 05:11:31,442 [3e14be36-a4da-40a9-b9d8-40e3f7d5caa1@group-15609759C8C7-LeaderElection5] WARN  impl.MetricRegistriesImpl (MetricRegistriesImpl.java:lambda$create$1(61)) - First MetricRegistry has been created without registering reporters. You may need to call MetricRegistries.global().addReportRegistration(...) before.
2019-10-24 05:11:31,443 [3e14be36-a4da-40a9-b9d8-40e3f7d5caa1@group-15609759C8C7-LeaderElection5] INFO  server.RaftServerConfigKeys (ConfUtils.java:logGet(43)) - raft.server.log.appender.snapshot.chunk.size.max = 16MB (=16777216) (default)
2019-10-24 05:11:31,444 [3e14be36-a4da-40a9-b9d8-40e3f7d5caa1@group-15609759C8C7-LeaderElection5] INFO  server.RaftServerConfigKeys (ConfUtils.java:logGet(43)) - raft.server.log.appender.buffer.byte-limit = 33554432 (custom)
2019-10-24 05:11:31,444 [3e14be36-a4da-40a9-b9d8-40e3f7d5caa1@group-15609759C8C7-LeaderElection5] INFO  server.RaftServerConfigKeys (ConfUtils.java:logGet(43)) - raft.server.log.appender.buffer.element-limit = 1 (custom)
2019-10-24 05:11:31,444 [3e14be36-a4da-40a9-b9d8-40e3f7d5caa1@group-15609759C8C7-LeaderElection5] INFO  grpc.GrpcConfigKeys$Server (ConfUtils.java:logGet(43)) - raft.grpc.server.leader.outstanding.appends.max = 128 (default)
2019-10-24 05:11:31,445 [3e14be36-a4da-40a9-b9d8-40e3f7d5caa1@group-15609759C8C7-LeaderElection5] INFO  server.RaftServerConfigKeys (ConfUtils.java:logGet(43)) - raft.server.rpc.request.timeout = 3000ms (default)
2019-10-24 05:11:31,445 [3e14be36-a4da-40a9-b9d8-40e3f7d5caa1@group-15609759C8C7-LeaderElection5] INFO  server.RaftServerConfigKeys (ConfUtils.java:logGet(43)) - raft.server.log.appender.install.snapshot.enabled = false (custom)
2019-10-24 05:11:31,449 [3e14be36-a4da-40a9-b9d8-40e3f7d5caa1@group-15609759C8C7-LeaderElection5] INFO  impl.RoleInfo (RoleInfo.java:updateAndGet(143)) - 3e14be36-a4da-40a9-b9d8-40e3f7d5caa1: start LeaderState
2019-10-24 05:11:31,449 [3e14be36-a4da-40a9-b9d8-40e3f7d5caa1@group-15609759C8C7-LeaderElection5] INFO  segmented.SegmentedRaftLogWorker (SegmentedRaftLogWorker.java:startLogSegment(385)) - 3e14be36-a4da-40a9-b9d8-40e3f7d5caa1@group-15609759C8C7-SegmentedRaftLogWorker: Starting segment from index:0
2019-10-24 05:11:31,478 [3e14be36-a4da-40a9-b9d8-40e3f7d5caa1@group-15609759C8C7-LeaderElection5] INFO  impl.RaftServerImpl (ServerState.java:setRaftConf(356)) - 3e14be36-a4da-40a9-b9d8-40e3f7d5caa1@group-15609759C8C7: set configuration 0: [d392a8c2-8b62-4ceb-8e6a-52fec3970fa4:192.168.69.98:38225, 3e14be36-a4da-40a9-b9d8-40e3f7d5caa1:192.168.69.98:43780, 63d99294-108b-4e1b-bea3-8d2173b82890:192.168.69.98:37238], old=null at 0
2019-10-24 05:11:31,490 [3e14be36-a4da-40a9-b9d8-40e3f7d5caa1@group-15609759C8C7-SegmentedRaftLogWorker] INFO  segmented.SegmentedRaftLogWorker (SegmentedRaftLogWorker.java:execute(576)) - 3e14be36-a4da-40a9-b9d8-40e3f7d5caa1@group-15609759C8C7-SegmentedRaftLogWorker: created new log segment /workdir/hadoop-ozone/integration-test/target/test-dir/MiniOzoneClusterImpl-228badc5-b9d9-45b2-a1b6-1d127042eb27/datanode-2/data/ratis/afa31960-92f2-4ffc-a0e0-15609759c8c7/current/log_inprogress_0
2019-10-24 05:11:31,497 [grpc-default-executor-2] INFO  ratis.XceiverServerRatis (XceiverServerRatis.java:handleLeaderChangedNotification(702)) - Leader change notification received for group: group-15609759C8C7 with new leaderId: 3e14be36-a4da-40a9-b9d8-40e3f7d5caa1
2019-10-24 05:11:31,498 [grpc-default-executor-2] INFO  impl.RaftServerImpl (ServerState.java:setLeader(255)) - d392a8c2-8b62-4ceb-8e6a-52fec3970fa4@group-15609759C8C7: change Leader from null to 3e14be36-a4da-40a9-b9d8-40e3f7d5caa1 at term 2 for appendEntries, leader elected after 10315ms
2019-10-24 05:11:31,516 [grpc-default-executor-2] INFO  impl.RaftServerImpl (ServerState.java:setRaftConf(356)) - d392a8c2-8b62-4ceb-8e6a-52fec3970fa4@group-15609759C8C7: set configuration 0: [d392a8c2-8b62-4ceb-8e6a-52fec3970fa4:192.168.69.98:38225, 3e14be36-a4da-40a9-b9d8-40e3f7d5caa1:192.168.69.98:43780, 63d99294-108b-4e1b-bea3-8d2173b82890:192.168.69.98:37238], old=null at 0
2019-10-24 05:11:31,516 [grpc-default-executor-2] INFO  segmented.SegmentedRaftLogWorker (SegmentedRaftLogWorker.java:startLogSegment(385)) - d392a8c2-8b62-4ceb-8e6a-52fec3970fa4@group-15609759C8C7-SegmentedRaftLogWorker: Starting segment from index:0
2019-10-24 05:11:31,553 [d392a8c2-8b62-4ceb-8e6a-52fec3970fa4@group-15609759C8C7-SegmentedRaftLogWorker] INFO  segmented.SegmentedRaftLogWorker (SegmentedRaftLogWorker.java:execute(576)) - d392a8c2-8b62-4ceb-8e6a-52fec3970fa4@group-15609759C8C7-SegmentedRaftLogWorker: created new log segment /workdir/hadoop-ozone/integration-test/target/test-dir/MiniOzoneClusterImpl-228badc5-b9d9-45b2-a1b6-1d127042eb27/datanode-1/data/ratis/afa31960-92f2-4ffc-a0e0-15609759c8c7/current/log_inprogress_0
2019-10-24 05:11:31,577 [grpc-default-executor-1] ERROR impl.RaftServerImpl (RaftServerImpl.java:appendEntriesAsync(860)) - 63d99294-108b-4e1b-bea3-8d2173b82890@group-15609759C8C7: Failed appendEntriesAsync serverRequest {
  requestorId: "3e14be36-a4da-40a9-b9d8-40e3f7d5caa1"
  replyId: "63d99294-108b-4e1b-bea3-8d2173b82890"
  raftGroupId {
    id: "\257\243\031`\222\362O\374\240\340\025`\227Y\310\307"
  }
  slidingWindowEntry {
  }
}
leaderTerm: 2
leaderCommit: 18446744073709551615
commitInfos {
  server {
    id: "3e14be36-a4da-40a9-b9d8-40e3f7d5caa1"
    address: "0.0.0.0:43780"
  }
  commitIndex: 18446744073709551615
}
commitInfos {
  server {
    id: "d392a8c2-8b62-4ceb-8e6a-52fec3970fa4"
    address: "192.168.69.98:38225"
  }
  commitIndex: 18446744073709551615
}
commitInfos {
  server {
    id: "63d99294-108b-4e1b-bea3-8d2173b82890"
    address: "192.168.69.98:37238"
  }
  commitIndex: 18446744073709551615
}

java.lang.NullPointerException
	at org.apache.ratis.server.impl.ServerState.setLeader(ServerState.java:252)
	at org.apache.ratis.server.impl.RaftServerImpl.appendEntriesAsync(RaftServerImpl.java:939)
	at org.apache.ratis.server.impl.RaftServerImpl.appendEntriesAsync(RaftServerImpl.java:857)
	at org.apache.ratis.server.impl.RaftServerProxy.lambda$appendEntriesAsync$16(RaftServerProxy.java:449)
	at org.apache.ratis.server.impl.RaftServerProxy.lambda$null$5(RaftServerProxy.java:328)
	at org.apache.ratis.util.JavaUtils.callAsUnchecked(JavaUtils.java:109)
	at org.apache.ratis.server.impl.RaftServerProxy.lambda$submitRequest$6(RaftServerProxy.java:328)
	at java.util.concurrent.CompletableFuture.uniComposeStage(CompletableFuture.java:981)
	at java.util.concurrent.CompletableFuture.thenCompose(CompletableFuture.java:2124)
	at org.apache.ratis.server.impl.RaftServerProxy.submitRequest(RaftServerProxy.java:327)
	at org.apache.ratis.server.impl.RaftServerProxy.appendEntriesAsync(RaftServerProxy.java:449)
	at org.apache.ratis.grpc.server.GrpcServerProtocolService$1.process(GrpcServerProtocolService.java:158)
	at org.apache.ratis.grpc.server.GrpcServerProtocolService$1.process(GrpcServerProtocolService.java:155)
	at org.apache.ratis.grpc.server.GrpcServerProtocolService$ServerRequestStreamObserver.onNext(GrpcServerProtocolService.java:93)
	at org.apache.ratis.thirdparty.io.grpc.stub.ServerCalls$StreamingServerCallHandler$StreamingServerCallListener.onMessage(ServerCalls.java:248)
	at org.apache.ratis.thirdparty.io.grpc.internal.ServerCallImpl$ServerStreamListenerImpl.messagesAvailable(ServerCallImpl.java:263)
	at org.apache.ratis.thirdparty.io.grpc.internal.ServerImpl$JumpToApplicationThreadServerStreamListener$1MessagesAvailable.runInContext(ServerImpl.java:686)
	at org.apache.ratis.thirdparty.io.grpc.internal.ContextRunnable.run(ContextRunnable.java:37)
	at org.apache.ratis.thirdparty.io.grpc.internal.SerializingExecutor.run(SerializingExecutor.java:123)
	at java.util.concurrent.ThreadPoolExecutor.runWorker(ThreadPoolExecutor.java:1149)
	at java.util.concurrent.ThreadPoolExecutor$Worker.run(ThreadPoolExecutor.java:624)
	at java.lang.Thread.run(Thread.java:748)
2019-10-24 05:11:31,859 [Thread-0] INFO  ozone.MiniOzoneClusterImpl (MiniOzoneClusterImpl.java:lambda$waitForClusterToBeReady$2(163)) - Waiting for 1 number of pipelines out of 4, to report a leader.
2019-10-24 05:11:32,859 [Thread-0] INFO  ozone.MiniOzoneClusterImpl (MiniOzoneClusterImpl.java:lambda$waitForClusterToBeReady$2(163)) - Waiting for 1 number of pipelines out of 4, to report a leader.
2019-10-24 05:11:33,860 [Thread-0] INFO  ozone.MiniOzoneClusterImpl (MiniOzoneClusterImpl.java:lambda$waitForClusterToBeReady$2(163)) - Waiting for 1 number of pipelines out of 4, to report a leader.
2019-10-24 05:11:34,494 [java.util.concurrent.ThreadPoolExecutor$Worker@4db81945[State = -1, empty queue]] WARN  server.GrpcLogAppender (GrpcLogAppender.java:timeoutAppendRequest(209)) - 3e14be36-a4da-40a9-b9d8-40e3f7d5caa1@group-15609759C8C7->63d99294-108b-4e1b-bea3-8d2173b82890-GrpcLogAppender: appendEntries Timeout, request=3e14be36-a4da-40a9-b9d8-40e3f7d5caa1->63d99294-108b-4e1b-bea3-8d2173b82890#0-t2, previous=(t:0, i:0), leaderCommit=-1, initializing? false, entries: <empty>
2019-10-24 05:11:34,862 [Thread-0] INFO  ozone.MiniOzoneClusterImpl (MiniOzoneClusterImpl.java:lambda$waitForClusterToBeReady$2(163)) - Waiting for 1 number of pipelines out of 4, to report a leader.
2019-10-24 05:11:35,863 [Thread-0] INFO  ozone.MiniOzoneClusterImpl (MiniOzoneClusterImpl.java:lambda$waitForClusterToBeReady$2(163)) - Waiting for 1 number of pipelines out of 4, to report a leader.
2019-10-24 05:11:36,506 [grpc-default-executor-1] ERROR impl.RaftServerImpl (RaftServerImpl.java:appendEntriesAsync(860)) - 63d99294-108b-4e1b-bea3-8d2173b82890@group-15609759C8C7: Failed appendEntriesAsync serverRequest {
  requestorId: "3e14be36-a4da-40a9-b9d8-40e3f7d5caa1"
  replyId: "63d99294-108b-4e1b-bea3-8d2173b82890"
  raftGroupId {
    id: "\257\243\031`\222\362O\374\240\340\025`\227Y\310\307"
  }
  callId: 1
  slidingWindowEntry {
  }
}
leaderTerm: 2
commitInfos {
  server {
    id: "3e14be36-a4da-40a9-b9d8-40e3f7d5caa1"
    address: "0.0.0.0:43780"
  }
}
commitInfos {
  server {
    id: "d392a8c2-8b62-4ceb-8e6a-52fec3970fa4"
    address: "192.168.69.98:38225"
  }
}
commitInfos {
  server {
    id: "63d99294-108b-4e1b-bea3-8d2173b82890"
    address: "192.168.69.98:37238"
  }
  commitIndex: 18446744073709551615
}

java.lang.NullPointerException
	at org.apache.ratis.server.impl.ServerState.setLeader(ServerState.java:252)
	at org.apache.ratis.server.impl.RaftServerImpl.appendEntriesAsync(RaftServerImpl.java:939)
	at org.apache.ratis.server.impl.RaftServerImpl.appendEntriesAsync(RaftServerImpl.java:857)
	at org.apache.ratis.server.impl.RaftServerProxy.lambda$appendEntriesAsync$16(RaftServerProxy.java:449)
	at org.apache.ratis.server.impl.RaftServerProxy.lambda$null$5(RaftServerProxy.java:328)
	at org.apache.ratis.util.JavaUtils.callAsUnchecked(JavaUtils.java:109)
	at org.apache.ratis.server.impl.RaftServerProxy.lambda$submitRequest$6(RaftServerProxy.java:328)
	at java.util.concurrent.CompletableFuture.uniComposeStage(CompletableFuture.java:981)
	at java.util.concurrent.CompletableFuture.thenCompose(CompletableFuture.java:2124)
	at org.apache.ratis.server.impl.RaftServerProxy.submitRequest(RaftServerProxy.java:327)
	at org.apache.ratis.server.impl.RaftServerProxy.appendEntriesAsync(RaftServerProxy.java:449)
	at org.apache.ratis.grpc.server.GrpcServerProtocolService$1.process(GrpcServerProtocolService.java:158)
	at org.apache.ratis.grpc.server.GrpcServerProtocolService$1.process(GrpcServerProtocolService.java:155)
	at org.apache.ratis.grpc.server.GrpcServerProtocolService$ServerRequestStreamObserver.onNext(GrpcServerProtocolService.java:93)
	at org.apache.ratis.thirdparty.io.grpc.stub.ServerCalls$StreamingServerCallHandler$StreamingServerCallListener.onMessage(ServerCalls.java:248)
	at org.apache.ratis.thirdparty.io.grpc.internal.ServerCallImpl$ServerStreamListenerImpl.messagesAvailable(ServerCallImpl.java:263)
	at org.apache.ratis.thirdparty.io.grpc.internal.ServerImpl$JumpToApplicationThreadServerStreamListener$1MessagesAvailable.runInContext(ServerImpl.java:686)
	at org.apache.ratis.thirdparty.io.grpc.internal.ContextRunnable.run(ContextRunnable.java:37)
	at org.apache.ratis.thirdparty.io.grpc.internal.SerializingExecutor.run(SerializingExecutor.java:123)
	at java.util.concurrent.ThreadPoolExecutor.runWorker(ThreadPoolExecutor.java:1149)
	at java.util.concurrent.ThreadPoolExecutor$Worker.run(ThreadPoolExecutor.java:624)
	at java.lang.Thread.run(Thread.java:748)
2019-10-24 05:11:36,864 [Thread-0] INFO  ozone.MiniOzoneClusterImpl (MiniOzoneClusterImpl.java:lambda$waitForClusterToBeReady$2(163)) - Waiting for 1 number of pipelines out of 4, to report a leader.
2019-10-24 05:11:37,864 [Thread-0] INFO  ozone.MiniOzoneClusterImpl (MiniOzoneClusterImpl.java:lambda$waitForClusterToBeReady$2(163)) - Waiting for 1 number of pipelines out of 4, to report a leader.
2019-10-24 05:11:38,865 [Thread-0] INFO  ozone.MiniOzoneClusterImpl (MiniOzoneClusterImpl.java:lambda$waitForClusterToBeReady$2(163)) - Waiting for 1 number of pipelines out of 4, to report a leader.
2019-10-24 05:11:39,504 [java.util.concurrent.ThreadPoolExecutor$Worker@4db81945[State = -1, empty queue]] WARN  server.GrpcLogAppender (GrpcLogAppender.java:timeoutAppendRequest(209)) - 3e14be36-a4da-40a9-b9d8-40e3f7d5caa1@group-15609759C8C7->63d99294-108b-4e1b-bea3-8d2173b82890-GrpcLogAppender: appendEntries Timeout, request=3e14be36-a4da-40a9-b9d8-40e3f7d5caa1->63d99294-108b-4e1b-bea3-8d2173b82890#1-t2, previous=(t:0, i:0), leaderCommit=0, initializing? false, entries: <empty>
2019-10-24 05:11:39,785 [main] INFO  ozone.MiniOzoneClusterImpl (MiniOzoneClusterImpl.java:shutdown(352)) - Shutting down the Mini Ozone Cluster
2019-10-24 05:11:39,786 [main] INFO  ozone.MiniOzoneClusterImpl (MiniOzoneClusterImpl.java:stop(368)) - Stopping the Mini Ozone Cluster
2019-10-24 05:11:39,786 [main] INFO  ozone.MiniOzoneClusterImpl (MiniOzoneClusterImpl.java:stopOM(438)) - Stopping the OzoneManager
2019-10-24 05:11:39,786 [main] INFO  ipc.Server (Server.java:stop(3082)) - Stopping server on 45790
2019-10-24 05:11:39,788 [IPC Server listener on 45790] INFO  ipc.Server (Server.java:run(1185)) - Stopping IPC Server listener on 45790
2019-10-24 05:11:39,788 [main] INFO  ratis.OzoneManagerDoubleBuffer (OzoneManagerDoubleBuffer.java:stop(255)) - Stopping OMDoubleBuffer flush thread
2019-10-24 05:11:39,788 [IPC Server Responder] INFO  ipc.Server (Server.java:run(1319)) - Stopping IPC Server Responder
2019-10-24 05:11:39,789 [OMDoubleBufferFlushThread] INFO  ratis.OzoneManagerDoubleBuffer (OzoneManagerDoubleBuffer.java:flushTransactions(198)) - OMDoubleBuffer flush thread OMDoubleBufferFlushThread is interrupted and will exit. OMDoubleBufferFlushThread
2019-10-24 05:11:39,790 [main] INFO  utils.BackgroundService (BackgroundService.java:shutdown(151)) - Shutting down service KeyDeletingService
2019-10-24 05:11:39,795 [main] INFO  handler.ContextHandler (ContextHandler.java:doStop(910)) - Stopped o.e.j.w.WebAppContext@6e52d07b{/,null,UNAVAILABLE}{/ozoneManager}
2019-10-24 05:11:39,803 [main] INFO  server.AbstractConnector (AbstractConnector.java:doStop(318)) - Stopped ServerConnector@4d6ecb46{HTTP/1.1,[http/1.1]}{0.0.0.0:0}
2019-10-24 05:11:39,803 [main] INFO  handler.ContextHandler (ContextHandler.java:doStop(910)) - Stopped o.e.j.s.ServletContextHandler@59f1ce91{/static,file:///workdir/hadoop-ozone/integration-test/target/test-classes/webapps/static,UNAVAILABLE}
2019-10-24 05:11:39,804 [main] INFO  handler.ContextHandler (ContextHandler.java:doStop(910)) - Stopped o.e.j.s.ServletContextHandler@73af225b{/logs,file:///workdir/hadoop-ozone/integration-test/target/log,UNAVAILABLE}
2019-10-24 05:11:39,809 [main] INFO  ozone.MiniOzoneClusterImpl (MiniOzoneClusterImpl.java:stopDatanodes(415)) - Stopping the HddsDatanodes
2019-10-24 05:11:39,830 [Datanode State Machine Thread - 0] INFO  statemachine.DatanodeStateMachine (DatanodeStateMachine.java:lambda$startDaemon$0(350)) - Ozone container server started.
2019-10-24 05:11:40,321 [Datanode State Machine Thread - 0] INFO  statemachine.DatanodeStateMachine (DatanodeStateMachine.java:lambda$startDaemon$0(350)) - Ozone container server started.
2019-10-24 05:11:41,508 [grpc-default-executor-1] ERROR impl.RaftServerImpl (RaftServerImpl.java:appendEntriesAsync(860)) - 63d99294-108b-4e1b-bea3-8d2173b82890@group-15609759C8C7: Failed appendEntriesAsync serverRequest {
  requestorId: "3e14be36-a4da-40a9-b9d8-40e3f7d5caa1"
  replyId: "63d99294-108b-4e1b-bea3-8d2173b82890"
  raftGroupId {
    id: "\257\243\031`\222\362O\374\240\340\025`\227Y\310\307"
  }
  callId: 2
  slidingWindowEntry {
  }
}
leaderTerm: 2
commitInfos {
  server {
    id: "3e14be36-a4da-40a9-b9d8-40e3f7d5caa1"
    address: "0.0.0.0:43780"
  }
}
commitInfos {
  server {
    id: "d392a8c2-8b62-4ceb-8e6a-52fec3970fa4"
    address: "192.168.69.98:38225"
  }
}
commitInfos {
  server {
    id: "63d99294-108b-4e1b-bea3-8d2173b82890"
    address: "192.168.69.98:37238"
  }
  commitIndex: 18446744073709551615
}

java.lang.NullPointerException
	at org.apache.ratis.server.impl.ServerState.setLeader(ServerState.java:252)
	at org.apache.ratis.server.impl.RaftServerImpl.appendEntriesAsync(RaftServerImpl.java:939)
	at org.apache.ratis.server.impl.RaftServerImpl.appendEntriesAsync(RaftServerImpl.java:857)
	at org.apache.ratis.server.impl.RaftServerProxy.lambda$appendEntriesAsync$16(RaftServerProxy.java:449)
	at org.apache.ratis.server.impl.RaftServerProxy.lambda$null$5(RaftServerProxy.java:328)
	at org.apache.ratis.util.JavaUtils.callAsUnchecked(JavaUtils.java:109)
	at org.apache.ratis.server.impl.RaftServerProxy.lambda$submitRequest$6(RaftServerProxy.java:328)
	at java.util.concurrent.CompletableFuture.uniComposeStage(CompletableFuture.java:981)
	at java.util.concurrent.CompletableFuture.thenCompose(CompletableFuture.java:2124)
	at org.apache.ratis.server.impl.RaftServerProxy.submitRequest(RaftServerProxy.java:327)
	at org.apache.ratis.server.impl.RaftServerProxy.appendEntriesAsync(RaftServerProxy.java:449)
	at org.apache.ratis.grpc.server.GrpcServerProtocolService$1.process(GrpcServerProtocolService.java:158)
	at org.apache.ratis.grpc.server.GrpcServerProtocolService$1.process(GrpcServerProtocolService.java:155)
	at org.apache.ratis.grpc.server.GrpcServerProtocolService$ServerRequestStreamObserver.onNext(GrpcServerProtocolService.java:93)
	at org.apache.ratis.thirdparty.io.grpc.stub.ServerCalls$StreamingServerCallHandler$StreamingServerCallListener.onMessage(ServerCalls.java:248)
	at org.apache.ratis.thirdparty.io.grpc.internal.ServerCallImpl$ServerStreamListenerImpl.messagesAvailable(ServerCallImpl.java:263)
	at org.apache.ratis.thirdparty.io.grpc.internal.ServerImpl$JumpToApplicationThreadServerStreamListener$1MessagesAvailable.runInContext(ServerImpl.java:686)
	at org.apache.ratis.thirdparty.io.grpc.internal.ContextRunnable.run(ContextRunnable.java:37)
	at org.apache.ratis.thirdparty.io.grpc.internal.SerializingExecutor.run(SerializingExecutor.java:123)
	at java.util.concurrent.ThreadPoolExecutor.runWorker(ThreadPoolExecutor.java:1149)
	at java.util.concurrent.ThreadPoolExecutor$Worker.run(ThreadPoolExecutor.java:624)
	at java.lang.Thread.run(Thread.java:748)
2019-10-24 05:11:44,505 [java.util.concurrent.ThreadPoolExecutor$Worker@4db81945[State = -1, empty queue]] WARN  server.GrpcLogAppender (GrpcLogAppender.java:timeoutAppendRequest(209)) - 3e14be36-a4da-40a9-b9d8-40e3f7d5caa1@group-15609759C8C7->63d99294-108b-4e1b-bea3-8d2173b82890-GrpcLogAppender: appendEntries Timeout, request=3e14be36-a4da-40a9-b9d8-40e3f7d5caa1->63d99294-108b-4e1b-bea3-8d2173b82890#2-t2, previous=(t:0, i:0), leaderCommit=0, initializing? false, entries: <empty>
2019-10-24 05:11:44,813 [main] INFO  ozoneimpl.OzoneContainer (OzoneContainer.java:stop(227)) - Attempting to stop container services.
2019-10-24 05:11:44,813 [ForkJoinPool.commonPool-worker-1] INFO  ozoneimpl.OzoneContainer (OzoneContainer.java:stop(227)) - Attempting to stop container services.
2019-10-24 05:11:44,815 [main] INFO  impl.RaftServerProxy (RaftServerProxy.java:lambda$close$4(314)) - d392a8c2-8b62-4ceb-8e6a-52fec3970fa4: close
2019-10-24 05:11:44,815 [ForkJoinPool.commonPool-worker-1] INFO  impl.RaftServerProxy (RaftServerProxy.java:lambda$close$4(314)) - 63d99294-108b-4e1b-bea3-8d2173b82890: close
2019-10-24 05:11:44,816 [main] INFO  impl.RaftServerImpl (RaftServerImpl.java:lambda$shutdown$3(250)) - d392a8c2-8b62-4ceb-8e6a-52fec3970fa4@group-15609759C8C7: shutdown
2019-10-24 05:11:44,816 [ForkJoinPool.commonPool-worker-1] INFO  impl.RaftServerImpl (RaftServerImpl.java:lambda$shutdown$3(250)) - 63d99294-108b-4e1b-bea3-8d2173b82890@group-15609759C8C7: shutdown
2019-10-24 05:11:44,816 [main] INFO  util.JmxRegister (JmxRegister.java:unregister(73)) - Successfully un-registered JMX Bean with object name Ratis:service=RaftServer,group=group-15609759C8C7,id=d392a8c2-8b62-4ceb-8e6a-52fec3970fa4
2019-10-24 05:11:44,817 [ForkJoinPool.commonPool-worker-1] INFO  util.JmxRegister (JmxRegister.java:unregister(73)) - Successfully un-registered JMX Bean with object name Ratis:service=RaftServer,group=group-15609759C8C7,id=63d99294-108b-4e1b-bea3-8d2173b82890
2019-10-24 05:11:44,817 [main] INFO  impl.RoleInfo (RoleInfo.java:shutdownFollowerState(121)) - d392a8c2-8b62-4ceb-8e6a-52fec3970fa4: shutdown FollowerState
2019-10-24 05:11:44,817 [ForkJoinPool.commonPool-worker-1] INFO  impl.StateMachineUpdater (StateMachineUpdater.java:stopAndJoin(136)) - 63d99294-108b-4e1b-bea3-8d2173b82890@group-15609759C8C7-StateMachineUpdater: set stopIndex = -1
2019-10-24 05:11:44,819 [Thread-235] INFO  impl.FollowerState (FollowerState.java:run(120)) - d392a8c2-8b62-4ceb-8e6a-52fec3970fa4@group-15609759C8C7-FollowerState was interrupted: java.lang.InterruptedException: sleep interrupted
2019-10-24 05:11:44,818 [main] INFO  impl.StateMachineUpdater (StateMachineUpdater.java:stopAndJoin(136)) - d392a8c2-8b62-4ceb-8e6a-52fec3970fa4@group-15609759C8C7-StateMachineUpdater: set stopIndex = 0
2019-10-24 05:11:44,819 [ForkJoinPool.commonPool-worker-1] INFO  impl.RaftServerImpl (ServerState.java:close(387)) - 63d99294-108b-4e1b-bea3-8d2173b82890@group-15609759C8C7: closes. applyIndex: -1
2019-10-24 05:11:44,821 [main] INFO  impl.RaftServerImpl (ServerState.java:close(387)) - d392a8c2-8b62-4ceb-8e6a-52fec3970fa4@group-15609759C8C7: closes. applyIndex: 0
2019-10-24 05:11:44,821 [63d99294-108b-4e1b-bea3-8d2173b82890@group-15609759C8C7-SegmentedRaftLogWorker] INFO  segmented.SegmentedRaftLogWorker (SegmentedRaftLogWorker.java:run(316)) - 63d99294-108b-4e1b-bea3-8d2173b82890@group-15609759C8C7-SegmentedRaftLogWorker was interrupted, exiting. There are 0 tasks remaining in the queue.
2019-10-24 05:11:44,821 [ForkJoinPool.commonPool-worker-1] INFO  segmented.SegmentedRaftLogWorker (SegmentedRaftLogWorker.java:close(224)) - 63d99294-108b-4e1b-bea3-8d2173b82890@group-15609759C8C7-SegmentedRaftLogWorker close()
2019-10-24 05:11:44,821 [d392a8c2-8b62-4ceb-8e6a-52fec3970fa4@group-15609759C8C7-SegmentedRaftLogWorker] INFO  segmented.SegmentedRaftLogWorker (SegmentedRaftLogWorker.java:run(316)) - d392a8c2-8b62-4ceb-8e6a-52fec3970fa4@group-15609759C8C7-SegmentedRaftLogWorker was interrupted, exiting. There are 0 tasks remaining in the queue.
2019-10-24 05:11:44,823 [ForkJoinPool.commonPool-worker-1] INFO  impl.RaftServerImpl (RaftServerImpl.java:lambda$shutdown$3(250)) - 63d99294-108b-4e1b-bea3-8d2173b82890@group-3FC05D1190E0: shutdown
2019-10-24 05:11:44,824 [main] INFO  segmented.SegmentedRaftLogWorker (SegmentedRaftLogWorker.java:close(224)) - d392a8c2-8b62-4ceb-8e6a-52fec3970fa4@group-15609759C8C7-SegmentedRaftLogWorker close()
2019-10-24 05:11:44,824 [ForkJoinPool.commonPool-worker-1] INFO  util.JmxRegister (JmxRegister.java:unregister(73)) - Successfully un-registered JMX Bean with object name Ratis:service=RaftServer,group=group-3FC05D1190E0,id=63d99294-108b-4e1b-bea3-8d2173b82890
2019-10-24 05:11:44,825 [main] INFO  impl.RaftServerImpl (RaftServerImpl.java:lambda$shutdown$3(250)) - d392a8c2-8b62-4ceb-8e6a-52fec3970fa4@group-45B2F26D2DAD: shutdown
2019-10-24 05:11:44,825 [ForkJoinPool.commonPool-worker-1] INFO  impl.RoleInfo (RoleInfo.java:shutdownLeaderState(104)) - 63d99294-108b-4e1b-bea3-8d2173b82890: shutdown LeaderState
2019-10-24 05:11:44,826 [main] INFO  util.JmxRegister (JmxRegister.java:unregister(73)) - Successfully un-registered JMX Bean with object name Ratis:service=RaftServer,group=group-45B2F26D2DAD,id=d392a8c2-8b62-4ceb-8e6a-52fec3970fa4
2019-10-24 05:11:44,826 [main] INFO  impl.StateMachineUpdater (StateMachineUpdater.java:stopAndJoin(136)) - d392a8c2-8b62-4ceb-8e6a-52fec3970fa4@group-45B2F26D2DAD-StateMachineUpdater: set stopIndex = -1
2019-10-24 05:11:44,830 [main] INFO  impl.RaftServerImpl (ServerState.java:close(387)) - d392a8c2-8b62-4ceb-8e6a-52fec3970fa4@group-45B2F26D2DAD: closes. applyIndex: -1
2019-10-24 05:11:44,830 [ForkJoinPool.commonPool-worker-1] INFO  impl.PendingRequests (PendingRequests.java:sendNotLeaderResponses(206)) - 63d99294-108b-4e1b-bea3-8d2173b82890@group-3FC05D1190E0-PendingRequests: sendNotLeaderResponses
2019-10-24 05:11:44,830 [d392a8c2-8b62-4ceb-8e6a-52fec3970fa4@group-45B2F26D2DAD-SegmentedRaftLogWorker] INFO  segmented.SegmentedRaftLogWorker (SegmentedRaftLogWorker.java:run(316)) - d392a8c2-8b62-4ceb-8e6a-52fec3970fa4@group-45B2F26D2DAD-SegmentedRaftLogWorker was interrupted, exiting. There are 0 tasks remaining in the queue.
2019-10-24 05:11:44,830 [main] INFO  segmented.SegmentedRaftLogWorker (SegmentedRaftLogWorker.java:close(224)) - d392a8c2-8b62-4ceb-8e6a-52fec3970fa4@group-45B2F26D2DAD-SegmentedRaftLogWorker close()
2019-10-24 05:11:44,832 [main] INFO  server.GrpcService (GrpcService.java:closeImpl(164)) - d392a8c2-8b62-4ceb-8e6a-52fec3970fa4: shutdown server with port 38225 now
2019-10-24 05:11:44,833 [ForkJoinPool.commonPool-worker-1] INFO  impl.StateMachineUpdater (StateMachineUpdater.java:stopAndJoin(136)) - 63d99294-108b-4e1b-bea3-8d2173b82890@group-3FC05D1190E0-StateMachineUpdater: set stopIndex = 0
2019-10-24 05:11:44,833 [ForkJoinPool.commonPool-worker-1] INFO  impl.RaftServerImpl (ServerState.java:close(387)) - 63d99294-108b-4e1b-bea3-8d2173b82890@group-3FC05D1190E0: closes. applyIndex: 0
2019-10-24 05:11:44,834 [63d99294-108b-4e1b-bea3-8d2173b82890@group-3FC05D1190E0-SegmentedRaftLogWorker] INFO  segmented.SegmentedRaftLogWorker (SegmentedRaftLogWorker.java:run(316)) - 63d99294-108b-4e1b-bea3-8d2173b82890@group-3FC05D1190E0-SegmentedRaftLogWorker was interrupted, exiting. There are 0 tasks remaining in the queue.
2019-10-24 05:11:44,835 [ForkJoinPool.commonPool-worker-1] INFO  segmented.SegmentedRaftLogWorker (SegmentedRaftLogWorker.java:close(224)) - 63d99294-108b-4e1b-bea3-8d2173b82890@group-3FC05D1190E0-SegmentedRaftLogWorker close()
2019-10-24 05:11:44,836 [ForkJoinPool.commonPool-worker-1] INFO  server.GrpcService (GrpcService.java:closeImpl(164)) - 63d99294-108b-4e1b-bea3-8d2173b82890: shutdown server with port 37238 now
2019-10-24 05:11:44,842 [main] INFO  server.GrpcService (GrpcService.java:closeImpl(172)) - d392a8c2-8b62-4ceb-8e6a-52fec3970fa4: shutdown server with port 38225 successfully
2019-10-24 05:11:44,842 [ForkJoinPool.commonPool-worker-1] INFO  server.GrpcService (GrpcService.java:closeImpl(172)) - 63d99294-108b-4e1b-bea3-8d2173b82890: shutdown server with port 37238 successfully
2019-10-24 05:11:44,843 [grpc-default-executor-3] WARN  server.GrpcServerProtocolService (LogUtils.java:warn(134)) - 63d99294-108b-4e1b-bea3-8d2173b82890: installSnapshot onError, lastRequest: 3e14be36-a4da-40a9-b9d8-40e3f7d5caa1->63d99294-108b-4e1b-bea3-8d2173b82890#2-t2, previous=(t:0, i:0), leaderCommit=0, initializing? false, entries: <empty>: org.apache.ratis.thirdparty.io.grpc.StatusRuntimeException: CANCELLED: cancelled before receiving half close
2019-10-24 05:11:44,843 [grpc-default-executor-0] WARN  server.GrpcServerProtocolService (LogUtils.java:warn(134)) - d392a8c2-8b62-4ceb-8e6a-52fec3970fa4: installSnapshot onError, lastRequest: 3e14be36-a4da-40a9-b9d8-40e3f7d5caa1->d392a8c2-8b62-4ceb-8e6a-52fec3970fa4#6-t2, previous=(t:2, i:0), leaderCommit=0, initializing? false, entries: <empty>: org.apache.ratis.thirdparty.io.grpc.StatusRuntimeException: CANCELLED: cancelled before receiving half close
2019-10-24 05:11:44,844 [grpc-default-executor-1] WARN  server.GrpcLogAppender (LogUtils.java:warn(134)) - 3e14be36-a4da-40a9-b9d8-40e3f7d5caa1@group-15609759C8C7->63d99294-108b-4e1b-bea3-8d2173b82890-AppendLogResponseHandler: Failed appendEntries: org.apache.ratis.thirdparty.io.grpc.StatusRuntimeException: CANCELLED: HTTP/2 error code: CANCEL
Received Rst Stream
2019-10-24 05:11:44,844 [grpc-default-executor-2] WARN  server.GrpcLogAppender (LogUtils.java:warn(134)) - 3e14be36-a4da-40a9-b9d8-40e3f7d5caa1@group-15609759C8C7->d392a8c2-8b62-4ceb-8e6a-52fec3970fa4-AppendLogResponseHandler: Failed appendEntries: org.apache.ratis.thirdparty.io.grpc.StatusRuntimeException: CANCELLED: HTTP/2 error code: CANCEL
Received Rst Stream
2019-10-24 05:11:44,859 [refreshUsed-/workdir/hadoop-ozone/integration-test/target/test-dir/MiniOzoneClusterImpl-228badc5-b9d9-45b2-a1b6-1d127042eb27/datanode-1/data/containers] WARN  fs.CachingGetSpaceUsed (CachingGetSpaceUsed.java:run(183)) - Thread Interrupted waiting to refresh disk information: sleep interrupted
2019-10-24 05:11:44,864 [refreshUsed-/workdir/hadoop-ozone/integration-test/target/test-dir/MiniOzoneClusterImpl-228badc5-b9d9-45b2-a1b6-1d127042eb27/datanode-0/data/containers] WARN  fs.CachingGetSpaceUsed (CachingGetSpaceUsed.java:run(183)) - Thread Interrupted waiting to refresh disk information: sleep interrupted
2019-10-24 05:11:44,879 [ForkJoinPool.commonPool-worker-1] INFO  utils.BackgroundService (BackgroundService.java:shutdown(151)) - Shutting down service BlockDeletingService
2019-10-24 05:11:44,879 [main] INFO  utils.BackgroundService (BackgroundService.java:shutdown(151)) - Shutting down service BlockDeletingService
2019-10-24 05:11:44,882 [ForkJoinPool.commonPool-worker-1] INFO  statemachine.DatanodeStateMachine (DatanodeStateMachine.java:stopDaemon(395)) - Ozone container server stopped.
2019-10-24 05:11:44,882 [main] INFO  statemachine.DatanodeStateMachine (DatanodeStateMachine.java:stopDaemon(395)) - Ozone container server stopped.
2019-10-24 05:11:44,893 [ForkJoinPool.commonPool-worker-1] INFO  handler.ContextHandler (ContextHandler.java:doStop(910)) - Stopped o.e.j.w.WebAppContext@4d304280{/,null,UNAVAILABLE}{/hddsDatanode}
2019-10-24 05:11:44,894 [main] INFO  handler.ContextHandler (ContextHandler.java:doStop(910)) - Stopped o.e.j.w.WebAppContext@4abeb50e{/,null,UNAVAILABLE}{/hddsDatanode}
2019-10-24 05:11:44,894 [ForkJoinPool.commonPool-worker-1] INFO  server.AbstractConnector (AbstractConnector.java:doStop(318)) - Stopped ServerConnector@71989fc1{HTTP/1.1,[http/1.1]}{0.0.0.0:0}
2019-10-24 05:11:44,895 [main] INFO  server.AbstractConnector (AbstractConnector.java:doStop(318)) - Stopped ServerConnector@4d87777b{HTTP/1.1,[http/1.1]}{0.0.0.0:0}
2019-10-24 05:11:44,895 [ForkJoinPool.commonPool-worker-1] INFO  handler.ContextHandler (ContextHandler.java:doStop(910)) - Stopped o.e.j.s.ServletContextHandler@6ddaaf1{/static,jar:file:/home/user/.m2/repository/org/apache/hadoop/hadoop-hdds-container-service/0.5.0-SNAPSHOT/hadoop-hdds-container-service-0.5.0-SNAPSHOT.jar!/webapps/static,UNAVAILABLE}
2019-10-24 05:11:44,895 [main] INFO  handler.ContextHandler (ContextHandler.java:doStop(910)) - Stopped o.e.j.s.ServletContextHandler@4c529686{/static,jar:file:/home/user/.m2/repository/org/apache/hadoop/hadoop-hdds-container-service/0.5.0-SNAPSHOT/hadoop-hdds-container-service-0.5.0-SNAPSHOT.jar!/webapps/static,UNAVAILABLE}
2019-10-24 05:11:44,896 [ForkJoinPool.commonPool-worker-1] INFO  handler.ContextHandler (ContextHandler.java:doStop(910)) - Stopped o.e.j.s.ServletContextHandler@7a4723e5{/logs,file:///workdir/hadoop-ozone/integration-test/target/log,UNAVAILABLE}
2019-10-24 05:11:44,896 [main] INFO  handler.ContextHandler (ContextHandler.java:doStop(910)) - Stopped o.e.j.s.ServletContextHandler@6d10d81c{/logs,file:///workdir/hadoop-ozone/integration-test/target/log,UNAVAILABLE}
2019-10-24 05:11:45,428 [Datanode State Machine Thread - 0] INFO  statemachine.DatanodeStateMachine (DatanodeStateMachine.java:lambda$startDaemon$0(350)) - Ozone container server started.
2019-10-24 05:11:49,507 [java.util.concurrent.ThreadPoolExecutor$Worker@4db81945[State = -1, empty queue]] WARN  server.GrpcLogAppender (GrpcLogAppender.java:timeoutAppendRequest(209)) - 3e14be36-a4da-40a9-b9d8-40e3f7d5caa1@group-15609759C8C7->63d99294-108b-4e1b-bea3-8d2173b82890-GrpcLogAppender: appendEntries Timeout, request=3e14be36-a4da-40a9-b9d8-40e3f7d5caa1->63d99294-108b-4e1b-bea3-8d2173b82890#3-t2, previous=(t:0, i:0), leaderCommit=0, initializing? false, entries: <empty>
2019-10-24 05:11:49,601 [java.util.concurrent.ThreadPoolExecutor$Worker@b8b029f[State = -1, empty queue]] WARN  server.GrpcLogAppender (GrpcLogAppender.java:timeoutAppendRequest(209)) - 3e14be36-a4da-40a9-b9d8-40e3f7d5caa1@group-15609759C8C7->d392a8c2-8b62-4ceb-8e6a-52fec3970fa4-GrpcLogAppender: appendEntries Timeout, request=3e14be36-a4da-40a9-b9d8-40e3f7d5caa1->d392a8c2-8b62-4ceb-8e6a-52fec3970fa4#7-t2, previous=(t:2, i:0), leaderCommit=0, initializing? false, entries: <empty>
2019-10-24 05:11:49,899 [ForkJoinPool.commonPool-worker-1] INFO  ozoneimpl.OzoneContainer (OzoneContainer.java:stop(227)) - Attempting to stop container services.
2019-10-24 05:11:49,899 [ForkJoinPool.commonPool-worker-1] INFO  impl.RaftServerProxy (RaftServerProxy.java:lambda$close$4(314)) - 3e14be36-a4da-40a9-b9d8-40e3f7d5caa1: close
2019-10-24 05:11:49,900 [ForkJoinPool.commonPool-worker-1] INFO  impl.RaftServerImpl (RaftServerImpl.java:lambda$shutdown$3(250)) - 3e14be36-a4da-40a9-b9d8-40e3f7d5caa1@group-1E755E3C7142: shutdown
2019-10-24 05:11:49,900 [ForkJoinPool.commonPool-worker-1] INFO  util.JmxRegister (JmxRegister.java:unregister(73)) - Successfully un-registered JMX Bean with object name Ratis:service=RaftServer,group=group-1E755E3C7142,id=3e14be36-a4da-40a9-b9d8-40e3f7d5caa1
2019-10-24 05:11:49,900 [ForkJoinPool.commonPool-worker-1] INFO  impl.StateMachineUpdater (StateMachineUpdater.java:stopAndJoin(136)) - 3e14be36-a4da-40a9-b9d8-40e3f7d5caa1@group-1E755E3C7142-StateMachineUpdater: set stopIndex = -1
2019-10-24 05:11:49,901 [ForkJoinPool.commonPool-worker-1] INFO  impl.RaftServerImpl (ServerState.java:close(387)) - 3e14be36-a4da-40a9-b9d8-40e3f7d5caa1@group-1E755E3C7142: closes. applyIndex: -1
2019-10-24 05:11:49,901 [3e14be36-a4da-40a9-b9d8-40e3f7d5caa1@group-1E755E3C7142-SegmentedRaftLogWorker] INFO  segmented.SegmentedRaftLogWorker (SegmentedRaftLogWorker.java:run(316)) - 3e14be36-a4da-40a9-b9d8-40e3f7d5caa1@group-1E755E3C7142-SegmentedRaftLogWorker was interrupted, exiting. There are 0 tasks remaining in the queue.
2019-10-24 05:11:49,901 [ForkJoinPool.commonPool-worker-1] INFO  segmented.SegmentedRaftLogWorker (SegmentedRaftLogWorker.java:close(224)) - 3e14be36-a4da-40a9-b9d8-40e3f7d5caa1@group-1E755E3C7142-SegmentedRaftLogWorker close()
2019-10-24 05:11:49,902 [ForkJoinPool.commonPool-worker-1] INFO  impl.RaftServerImpl (RaftServerImpl.java:lambda$shutdown$3(250)) - 3e14be36-a4da-40a9-b9d8-40e3f7d5caa1@group-15609759C8C7: shutdown
2019-10-24 05:11:49,903 [ForkJoinPool.commonPool-worker-1] INFO  util.JmxRegister (JmxRegister.java:unregister(73)) - Successfully un-registered JMX Bean with object name Ratis:service=RaftServer,group=group-15609759C8C7,id=3e14be36-a4da-40a9-b9d8-40e3f7d5caa1
2019-10-24 05:11:49,903 [ForkJoinPool.commonPool-worker-1] INFO  impl.RoleInfo (RoleInfo.java:shutdownLeaderState(104)) - 3e14be36-a4da-40a9-b9d8-40e3f7d5caa1: shutdown LeaderState
2019-10-24 05:11:49,904 [ForkJoinPool.commonPool-worker-1] INFO  impl.PendingRequests (PendingRequests.java:sendNotLeaderResponses(206)) - 3e14be36-a4da-40a9-b9d8-40e3f7d5caa1@group-15609759C8C7-PendingRequests: sendNotLeaderResponses
2019-10-24 05:11:49,904 [org.apache.ratis.server.impl.LogAppender$AppenderDaemon$$Lambda$415/2076799672@23fe88cc] WARN  server.GrpcLogAppender (GrpcLogAppender.java:mayWait(149)) - 3e14be36-a4da-40a9-b9d8-40e3f7d5caa1@group-15609759C8C7->d392a8c2-8b62-4ceb-8e6a-52fec3970fa4-GrpcLogAppender: Wait interrupted by java.lang.InterruptedException
2019-10-24 05:11:49,904 [org.apache.ratis.server.impl.LogAppender$AppenderDaemon$$Lambda$415/2076799672@37a63fa1] WARN  server.GrpcLogAppender (GrpcLogAppender.java:mayWait(149)) - 3e14be36-a4da-40a9-b9d8-40e3f7d5caa1@group-15609759C8C7->63d99294-108b-4e1b-bea3-8d2173b82890-GrpcLogAppender: Wait interrupted by java.lang.InterruptedException
2019-10-24 05:11:49,904 [ForkJoinPool.commonPool-worker-1] INFO  impl.StateMachineUpdater (StateMachineUpdater.java:stopAndJoin(136)) - 3e14be36-a4da-40a9-b9d8-40e3f7d5caa1@group-15609759C8C7-StateMachineUpdater: set stopIndex = 0
2019-10-24 05:11:49,905 [ForkJoinPool.commonPool-worker-1] INFO  impl.RaftServerImpl (ServerState.java:close(387)) - 3e14be36-a4da-40a9-b9d8-40e3f7d5caa1@group-15609759C8C7: closes. applyIndex: 0
2019-10-24 05:11:49,905 [3e14be36-a4da-40a9-b9d8-40e3f7d5caa1@group-15609759C8C7-SegmentedRaftLogWorker] INFO  segmented.SegmentedRaftLogWorker (SegmentedRaftLogWorker.java:run(316)) - 3e14be36-a4da-40a9-b9d8-40e3f7d5caa1@group-15609759C8C7-SegmentedRaftLogWorker was interrupted, exiting. There are 0 tasks remaining in the queue.
2019-10-24 05:11:49,906 [ForkJoinPool.commonPool-worker-1] INFO  segmented.SegmentedRaftLogWorker (SegmentedRaftLogWorker.java:close(224)) - 3e14be36-a4da-40a9-b9d8-40e3f7d5caa1@group-15609759C8C7-SegmentedRaftLogWorker close()
2019-10-24 05:11:49,907 [ForkJoinPool.commonPool-worker-1] INFO  server.GrpcService (GrpcService.java:closeImpl(164)) - 3e14be36-a4da-40a9-b9d8-40e3f7d5caa1: shutdown server with port 43780 now
2019-10-24 05:11:49,908 [ForkJoinPool.commonPool-worker-1] INFO  server.GrpcService (GrpcService.java:closeImpl(172)) - 3e14be36-a4da-40a9-b9d8-40e3f7d5caa1: shutdown server with port 43780 successfully
2019-10-24 05:11:49,920 [refreshUsed-/workdir/hadoop-ozone/integration-test/target/test-dir/MiniOzoneClusterImpl-228badc5-b9d9-45b2-a1b6-1d127042eb27/datanode-2/data/containers] WARN  fs.CachingGetSpaceUsed (CachingGetSpaceUsed.java:run(183)) - Thread Interrupted waiting to refresh disk information: sleep interrupted
2019-10-24 05:11:49,933 [ForkJoinPool.commonPool-worker-1] INFO  utils.BackgroundService (BackgroundService.java:shutdown(151)) - Shutting down service BlockDeletingService
2019-10-24 05:11:49,934 [ForkJoinPool.commonPool-worker-1] INFO  statemachine.DatanodeStateMachine (DatanodeStateMachine.java:stopDaemon(395)) - Ozone container server stopped.
2019-10-24 05:11:49,943 [ForkJoinPool.commonPool-worker-1] INFO  handler.ContextHandler (ContextHandler.java:doStop(910)) - Stopped o.e.j.w.WebAppContext@1018ae0b{/,null,UNAVAILABLE}{/hddsDatanode}
2019-10-24 05:11:49,944 [ForkJoinPool.commonPool-worker-1] INFO  server.AbstractConnector (AbstractConnector.java:doStop(318)) - Stopped ServerConnector@775fb648{HTTP/1.1,[http/1.1]}{0.0.0.0:0}
2019-10-24 05:11:49,945 [ForkJoinPool.commonPool-worker-1] INFO  handler.ContextHandler (ContextHandler.java:doStop(910)) - Stopped o.e.j.s.ServletContextHandler@6270d069{/static,jar:file:/home/user/.m2/repository/org/apache/hadoop/hadoop-hdds-container-service/0.5.0-SNAPSHOT/hadoop-hdds-container-service-0.5.0-SNAPSHOT.jar!/webapps/static,UNAVAILABLE}
2019-10-24 05:11:49,945 [ForkJoinPool.commonPool-worker-1] INFO  handler.ContextHandler (ContextHandler.java:doStop(910)) - Stopped o.e.j.s.ServletContextHandler@28237e74{/logs,file:///workdir/hadoop-ozone/integration-test/target/log,UNAVAILABLE}
2019-10-24 05:11:49,946 [main] INFO  ozone.MiniOzoneClusterImpl (MiniOzoneClusterImpl.java:stopSCM(430)) - Stopping the StorageContainerManager
2019-10-24 05:11:49,946 [main] INFO  server.StorageContainerManager (StorageContainerManager.java:stop(810)) - Stopping Replication Manager Service.
2019-10-24 05:11:49,946 [main] INFO  container.ReplicationManager (ReplicationManager.java:stop(203)) - Stopping Replication Monitor Thread.
2019-10-24 05:11:49,947 [main] INFO  server.StorageContainerManager (StorageContainerManager.java:stop(817)) - Stopping Lease Manager of the command watchers
2019-10-24 05:11:49,947 [main] INFO  server.StorageContainerManager (StorageContainerManager.java:stop(824)) - Stopping datanode service RPC server
2019-10-24 05:11:49,947 [main] INFO  server.SCMDatanodeProtocolServer (SCMDatanodeProtocolServer.java:stop(346)) - Stopping the RPC server for DataNodes
2019-10-24 05:11:49,947 [main] INFO  ipc.Server (Server.java:stop(3082)) - Stopping server on 42044
2019-10-24 05:11:49,948 [IPC Server Responder] INFO  ipc.Server (Server.java:run(1319)) - Stopping IPC Server Responder
2019-10-24 05:11:49,949 [IPC Server listener on 42044] INFO  ipc.Server (Server.java:run(1185)) - Stopping IPC Server listener on 42044
2019-10-24 05:11:50,011 [SCM Heartbeat Processing Thread - 0] WARN  node.NodeStateManager (NodeStateManager.java:scheduleNextHealthCheck(646)) - Current Thread is interrupted, shutting down HB processing thread for Node Manager.
2019-10-24 05:11:50,012 [main] INFO  server.StorageContainerManager (StorageContainerManager.java:stop(832)) - Stopping block service RPC server
2019-10-24 05:11:50,012 [main] INFO  server.SCMBlockProtocolServer (SCMBlockProtocolServer.java:stop(155)) - Stopping the RPC server for Block Protocol
2019-10-24 05:11:50,012 [main] INFO  ipc.Server (Server.java:stop(3082)) - Stopping server on 45339
2019-10-24 05:11:50,013 [main] INFO  server.StorageContainerManager (StorageContainerManager.java:stop(839)) - Stopping the StorageContainerLocationProtocol RPC server
2019-10-24 05:11:50,014 [IPC Server listener on 45339] INFO  ipc.Server (Server.java:run(1185)) - Stopping IPC Server listener on 45339
2019-10-24 05:11:50,014 [main] INFO  server.SCMClientProtocolServer (SCMClientProtocolServer.java:stop(168)) - Stopping the RPC server for Client Protocol
2019-10-24 05:11:50,014 [main] INFO  ipc.Server (Server.java:stop(3082)) - Stopping server on 42758
2019-10-24 05:11:50,014 [IPC Server Responder] INFO  ipc.Server (Server.java:run(1319)) - Stopping IPC Server Responder
2019-10-24 05:11:50,016 [main] INFO  server.StorageContainerManager (StorageContainerManager.java:stop(846)) - Stopping Storage Container Manager HTTP server.
2019-10-24 05:11:50,016 [IPC Server Responder] INFO  ipc.Server (Server.java:run(1319)) - Stopping IPC Server Responder
2019-10-24 05:11:50,017 [IPC Server listener on 42758] INFO  ipc.Server (Server.java:run(1185)) - Stopping IPC Server listener on 42758
2019-10-24 05:11:50,017 [main] INFO  handler.ContextHandler (ContextHandler.java:doStop(910)) - Stopped o.e.j.w.WebAppContext@3b03930e{/,null,UNAVAILABLE}{/scm}
2019-10-24 05:11:50,018 [main] INFO  server.AbstractConnector (AbstractConnector.java:doStop(318)) - Stopped ServerConnector@16799612{HTTP/1.1,[http/1.1]}{0.0.0.0:0}
2019-10-24 05:11:50,018 [main] INFO  handler.ContextHandler (ContextHandler.java:doStop(910)) - Stopped o.e.j.s.ServletContextHandler@343a3647{/static,file:///workdir/hadoop-ozone/integration-test/target/test-classes/webapps/static,UNAVAILABLE}
2019-10-24 05:11:50,019 [main] INFO  handler.ContextHandler (ContextHandler.java:doStop(910)) - Stopped o.e.j.s.ServletContextHandler@32fece9{/logs,file:///workdir/hadoop-ozone/integration-test/target/log,UNAVAILABLE}
2019-10-24 05:11:50,020 [main] INFO  server.StorageContainerManager (StorageContainerManager.java:stop(857)) - Stopping Block Manager Service.
2019-10-24 05:11:50,020 [main] INFO  utils.BackgroundService (BackgroundService.java:shutdown(151)) - Shutting down service SCMBlockDeletingService
2019-10-24 05:11:50,021 [main] INFO  utils.BackgroundService (BackgroundService.java:shutdown(151)) - Shutting down service SCMBlockDeletingService
2019-10-24 05:11:50,022 [main] INFO  server.StorageContainerManager (StorageContainerManager.java:stop(879)) - Stopping SCM Event Queue.
2019-10-24 05:11:50,029 [main] INFO  impl.MetricsSystemImpl (MetricsSystemImpl.java:stop(210)) - Stopping HddsDatanode metrics system...
2019-10-24 05:11:50,034 [prometheus] INFO  impl.MetricsSinkAdapter (MetricsSinkAdapter.java:publishMetricsFromQueue(141)) - prometheus thread interrupted.
2019-10-24 05:11:50,034 [main] INFO  impl.MetricsSystemImpl (MetricsSystemImpl.java:stop(216)) - HddsDatanode metrics system stopped.
]]></system-out>
    <system-err><![CDATA[ERROR StatusLogger No Log4j 2 configuration file found. Using default configuration (logging only errors to the console), or user programmatically provided configurations. Set system property 'log4j2.debug' to show Log4j 2 internal initialization logging. See https://logging.apache.org/log4j/2.x/manual/configuration.html for instructions on how to configure Log4j 2
Oct 24, 2019 5:11:44 AM org.apache.ratis.thirdparty.io.grpc.internal.SerializingExecutor run
SEVERE: Exception while executing runnable org.apache.ratis.thirdparty.io.grpc.internal.ClientCallImpl$ClientStreamListenerImpl$1StreamClosed@27e52b4e
java.lang.NullPointerException
	at org.apache.ratis.grpc.server.GrpcLogAppender$AppendLogResponseHandler.onError(GrpcLogAppender.java:303)
	at org.apache.ratis.thirdparty.io.grpc.stub.ClientCalls$StreamObserverToCallListenerAdapter.onClose(ClientCalls.java:434)
	at org.apache.ratis.thirdparty.io.grpc.PartialForwardingClientCallListener.onClose(PartialForwardingClientCallListener.java:39)
	at org.apache.ratis.thirdparty.io.grpc.ForwardingClientCallListener.onClose(ForwardingClientCallListener.java:23)
	at org.apache.ratis.thirdparty.io.grpc.ForwardingClientCallListener$SimpleForwardingClientCallListener.onClose(ForwardingClientCallListener.java:40)
	at org.apache.ratis.thirdparty.io.grpc.internal.CensusStatsModule$StatsClientInterceptor$1$1.onClose(CensusStatsModule.java:678)
	at org.apache.ratis.thirdparty.io.grpc.PartialForwardingClientCallListener.onClose(PartialForwardingClientCallListener.java:39)
	at org.apache.ratis.thirdparty.io.grpc.ForwardingClientCallListener.onClose(ForwardingClientCallListener.java:23)
	at org.apache.ratis.thirdparty.io.grpc.ForwardingClientCallListener$SimpleForwardingClientCallListener.onClose(ForwardingClientCallListener.java:40)
	at org.apache.ratis.thirdparty.io.grpc.internal.CensusTracingModule$TracingClientInterceptor$1$1.onClose(CensusTracingModule.java:397)
	at org.apache.ratis.thirdparty.io.grpc.internal.ClientCallImpl.closeObserver(ClientCallImpl.java:459)
	at org.apache.ratis.thirdparty.io.grpc.internal.ClientCallImpl.access$300(ClientCallImpl.java:63)
	at org.apache.ratis.thirdparty.io.grpc.internal.ClientCallImpl$ClientStreamListenerImpl.close(ClientCallImpl.java:546)
	at org.apache.ratis.thirdparty.io.grpc.internal.ClientCallImpl$ClientStreamListenerImpl.access$600(ClientCallImpl.java:467)
	at org.apache.ratis.thirdparty.io.grpc.internal.ClientCallImpl$ClientStreamListenerImpl$1StreamClosed.runInContext(ClientCallImpl.java:584)
	at org.apache.ratis.thirdparty.io.grpc.internal.ContextRunnable.run(ContextRunnable.java:37)
	at org.apache.ratis.thirdparty.io.grpc.internal.SerializingExecutor.run(SerializingExecutor.java:123)
	at java.util.concurrent.ThreadPoolExecutor.runWorker(ThreadPoolExecutor.java:1149)
	at java.util.concurrent.ThreadPoolExecutor$Worker.run(ThreadPoolExecutor.java:624)
	at java.lang.Thread.run(Thread.java:748)

Oct 24, 2019 5:11:44 AM org.apache.ratis.thirdparty.io.grpc.internal.SerializingExecutor run
SEVERE: Exception while executing runnable org.apache.ratis.thirdparty.io.grpc.internal.ClientCallImpl$ClientStreamListenerImpl$1StreamClosed@54e70a04
java.lang.NullPointerException
	at org.apache.ratis.grpc.server.GrpcLogAppender$AppendLogResponseHandler.onError(GrpcLogAppender.java:303)
	at org.apache.ratis.thirdparty.io.grpc.stub.ClientCalls$StreamObserverToCallListenerAdapter.onClose(ClientCalls.java:434)
	at org.apache.ratis.thirdparty.io.grpc.PartialForwardingClientCallListener.onClose(PartialForwardingClientCallListener.java:39)
	at org.apache.ratis.thirdparty.io.grpc.ForwardingClientCallListener.onClose(ForwardingClientCallListener.java:23)
	at org.apache.ratis.thirdparty.io.grpc.ForwardingClientCallListener$SimpleForwardingClientCallListener.onClose(ForwardingClientCallListener.java:40)
	at org.apache.ratis.thirdparty.io.grpc.internal.CensusStatsModule$StatsClientInterceptor$1$1.onClose(CensusStatsModule.java:678)
	at org.apache.ratis.thirdparty.io.grpc.PartialForwardingClientCallListener.onClose(PartialForwardingClientCallListener.java:39)
	at org.apache.ratis.thirdparty.io.grpc.ForwardingClientCallListener.onClose(ForwardingClientCallListener.java:23)
	at org.apache.ratis.thirdparty.io.grpc.ForwardingClientCallListener$SimpleForwardingClientCallListener.onClose(ForwardingClientCallListener.java:40)
	at org.apache.ratis.thirdparty.io.grpc.internal.CensusTracingModule$TracingClientInterceptor$1$1.onClose(CensusTracingModule.java:397)
	at org.apache.ratis.thirdparty.io.grpc.internal.ClientCallImpl.closeObserver(ClientCallImpl.java:459)
	at org.apache.ratis.thirdparty.io.grpc.internal.ClientCallImpl.access$300(ClientCallImpl.java:63)
	at org.apache.ratis.thirdparty.io.grpc.internal.ClientCallImpl$ClientStreamListenerImpl.close(ClientCallImpl.java:546)
	at org.apache.ratis.thirdparty.io.grpc.internal.ClientCallImpl$ClientStreamListenerImpl.access$600(ClientCallImpl.java:467)
	at org.apache.ratis.thirdparty.io.grpc.internal.ClientCallImpl$ClientStreamListenerImpl$1StreamClosed.runInContext(ClientCallImpl.java:584)
	at org.apache.ratis.thirdparty.io.grpc.internal.ContextRunnable.run(ContextRunnable.java:37)
	at org.apache.ratis.thirdparty.io.grpc.internal.SerializingExecutor.run(SerializingExecutor.java:123)
	at java.util.concurrent.ThreadPoolExecutor.runWorker(ThreadPoolExecutor.java:1149)
	at java.util.concurrent.ThreadPoolExecutor$Worker.run(ThreadPoolExecutor.java:624)
	at java.lang.Thread.run(Thread.java:748)

Oct 24, 2019 5:11:44 AM org.apache.ratis.thirdparty.io.grpc.internal.SerializingExecutor run
SEVERE: Exception while executing runnable org.apache.ratis.thirdparty.io.grpc.internal.ServerImpl$JumpToApplicationThreadServerStreamListener$1Closed@44345f6c
org.apache.ratis.thirdparty.io.grpc.StatusRuntimeException: CANCELLED: call already cancelled
	at org.apache.ratis.thirdparty.io.grpc.Status.asRuntimeException(Status.java:517)
	at org.apache.ratis.thirdparty.io.grpc.stub.ServerCalls$ServerCallStreamObserverImpl.onCompleted(ServerCalls.java:356)
	at org.apache.ratis.grpc.server.GrpcServerProtocolService$ServerRequestStreamObserver.onError(GrpcServerProtocolService.java:121)
	at org.apache.ratis.thirdparty.io.grpc.stub.ServerCalls$StreamingServerCallHandler$StreamingServerCallListener.onCancel(ServerCalls.java:269)
	at org.apache.ratis.thirdparty.io.grpc.internal.ServerCallImpl$ServerStreamListenerImpl.closed(ServerCallImpl.java:293)
	at org.apache.ratis.thirdparty.io.grpc.internal.ServerImpl$JumpToApplicationThreadServerStreamListener$1Closed.runInContext(ServerImpl.java:741)
	at org.apache.ratis.thirdparty.io.grpc.internal.ContextRunnable.run(ContextRunnable.java:37)
	at org.apache.ratis.thirdparty.io.grpc.internal.SerializingExecutor.run(SerializingExecutor.java:123)
	at java.util.concurrent.ThreadPoolExecutor.runWorker(ThreadPoolExecutor.java:1149)
	at java.util.concurrent.ThreadPoolExecutor$Worker.run(ThreadPoolExecutor.java:624)
	at java.lang.Thread.run(Thread.java:748)

Oct 24, 2019 5:11:44 AM org.apache.ratis.thirdparty.io.grpc.internal.SerializingExecutor run
SEVERE: Exception while executing runnable org.apache.ratis.thirdparty.io.grpc.internal.ServerImpl$JumpToApplicationThreadServerStreamListener$1Closed@480eb1c1
org.apache.ratis.thirdparty.io.grpc.StatusRuntimeException: CANCELLED: call already cancelled
	at org.apache.ratis.thirdparty.io.grpc.Status.asRuntimeException(Status.java:517)
	at org.apache.ratis.thirdparty.io.grpc.stub.ServerCalls$ServerCallStreamObserverImpl.onCompleted(ServerCalls.java:356)
	at org.apache.ratis.grpc.server.GrpcServerProtocolService$ServerRequestStreamObserver.onError(GrpcServerProtocolService.java:121)
	at org.apache.ratis.thirdparty.io.grpc.stub.ServerCalls$StreamingServerCallHandler$StreamingServerCallListener.onCancel(ServerCalls.java:269)
	at org.apache.ratis.thirdparty.io.grpc.internal.ServerCallImpl$ServerStreamListenerImpl.closed(ServerCallImpl.java:293)
	at org.apache.ratis.thirdparty.io.grpc.internal.ServerImpl$JumpToApplicationThreadServerStreamListener$1Closed.runInContext(ServerImpl.java:741)
	at org.apache.ratis.thirdparty.io.grpc.internal.ContextRunnable.run(ContextRunnable.java:37)
	at org.apache.ratis.thirdparty.io.grpc.internal.SerializingExecutor.run(SerializingExecutor.java:123)
	at java.util.concurrent.ThreadPoolExecutor.runWorker(ThreadPoolExecutor.java:1149)
	at java.util.concurrent.ThreadPoolExecutor$Worker.run(ThreadPoolExecutor.java:624)
	at java.lang.Thread.run(Thread.java:748)

]]></system-err>
  </testcase>
  <testcase name="testDNstartAfterSCM" classname="org.apache.hadoop.ozone.TestMiniOzoneCluster" time="50.734"/>
  <testcase name="testDatanodeIDPersistent" classname="org.apache.hadoop.ozone.TestMiniOzoneCluster" time="0.019"/>
  <testcase name="testContainerRandomPort" classname="org.apache.hadoop.ozone.TestMiniOzoneCluster" time="0.224"/>
</testsuite>