<?xml version="1.0" encoding="UTF-8"?>
<testsuite xmlns:xsi="http://www.w3.org/2001/XMLSchema-instance" xsi:noNamespaceSchemaLocation="https://maven.apache.org/surefire/maven-surefire-plugin/xsd/surefire-test-report.xsd" name="org.apache.hadoop.ozone.client.rpc.TestFailureHandlingByClient" time="300.503" tests="5" errors="1" skipped="0" failures="1">
  <properties>
    <property name="awt.toolkit" value="sun.awt.X11.XToolkit"/>
    <property name="file.encoding.pkg" value="sun.io"/>
    <property name="java.specification.version" value="1.8"/>
    <property name="sun.cpu.isalist" value=""/>
    <property name="sun.jnu.encoding" value="ANSI_X3.4-1968"/>
    <property name="java.class.path" value="/workdir/hadoop-ozone/integration-test/target/test-classes:/workdir/hadoop-ozone/integration-test/target/classes:/home/user/.m2/repository/org/apache/hadoop/hadoop-ozone-common/0.5.0-SNAPSHOT/hadoop-ozone-common-0.5.0-SNAPSHOT.jar:/home/user/.m2/repository/org/apache/commons/commons-compress/1.4.1/commons-compress-1.4.1.jar:/home/user/.m2/repository/org/tukaani/xz/1.0/xz-1.0.jar:/home/user/.m2/repository/org/apache/hadoop/hadoop-common/3.2.0/hadoop-common-3.2.0.jar:/home/user/.m2/repository/org/apache/hadoop/hadoop-hdfs/3.2.0/hadoop-hdfs-3.2.0.jar:/home/user/.m2/repository/org/apache/hadoop/hadoop-hdfs-client/3.2.0/hadoop-hdfs-client-3.2.0.jar:/home/user/.m2/repository/com/fasterxml/jackson/core/jackson-annotations/2.9.9/jackson-annotations-2.9.9.jar:/home/user/.m2/repository/org/apache/hadoop/hadoop-hdds-common/0.5.0-SNAPSHOT/hadoop-hdds-common-0.5.0-SNAPSHOT.jar:/home/user/.m2/repository/javax/annotation/javax.annotation-api/1.2/javax.annotation-api-1.2.jar:/home/user/.m2/repository/org/apache/ratis/ratis-server/0.5.0-d6d58d0-SNAPSHOT/ratis-server-0.5.0-d6d58d0-SNAPSHOT.jar:/home/user/.m2/repository/org/apache/ratis/ratis-thirdparty-misc/0.2.0/ratis-thirdparty-misc-0.2.0.jar:/home/user/.m2/repository/org/apache/ratis/ratis-proto/0.5.0-d6d58d0-SNAPSHOT/ratis-proto-0.5.0-d6d58d0-SNAPSHOT.jar:/home/user/.m2/repository/org/apache/ratis/ratis-common/0.5.0-d6d58d0-SNAPSHOT/ratis-common-0.5.0-d6d58d0-SNAPSHOT.jar:/home/user/.m2/repository/org/apache/ratis/ratis-client/0.5.0-d6d58d0-SNAPSHOT/ratis-client-0.5.0-d6d58d0-SNAPSHOT.jar:/home/user/.m2/repository/org/apache/ratis/ratis-metrics/0.5.0-d6d58d0-SNAPSHOT/ratis-metrics-0.5.0-d6d58d0-SNAPSHOT.jar:/home/user/.m2/repository/org/apache/ratis/ratis-netty/0.5.0-d6d58d0-SNAPSHOT/ratis-netty-0.5.0-d6d58d0-SNAPSHOT.jar:/home/user/.m2/repository/org/apache/ratis/ratis-grpc/0.5.0-d6d58d0-SNAPSHOT/ratis-grpc-0.5.0-d6d58d0-SNAPSHOT.jar:/home/user/.m2/repository/org/rocksdb/rocksdbjni/6.0.1/rocksdbjni-6.0.1.jar:/home/user/.m2/repository/org/apache/logging/log4j/log4j-api/2.11.0/log4j-api-2.11.0.jar:/home/user/.m2/repository/org/apache/logging/log4j/log4j-core/2.11.0/log4j-core-2.11.0.jar:/home/user/.m2/repository/com/lmax/disruptor/3.4.2/disruptor-3.4.2.jar:/home/user/.m2/repository/org/apache/commons/commons-pool2/2.6.0/commons-pool2-2.6.0.jar:/home/user/.m2/repository/org/bouncycastle/bcpkix-jdk15on/1.60/bcpkix-jdk15on-1.60.jar:/home/user/.m2/repository/commons-validator/commons-validator/1.6/commons-validator-1.6.jar:/home/user/.m2/repository/commons-digester/commons-digester/1.8.1/commons-digester-1.8.1.jar:/home/user/.m2/repository/io/jaegertracing/jaeger-client/0.34.0/jaeger-client-0.34.0.jar:/home/user/.m2/repository/io/jaegertracing/jaeger-thrift/0.34.0/jaeger-thrift-0.34.0.jar:/home/user/.m2/repository/org/apache/thrift/libthrift/0.12.0/libthrift-0.12.0.jar:/home/user/.m2/repository/com/squareup/okhttp3/okhttp/3.9.0/okhttp-3.9.0.jar:/home/user/.m2/repository/com/squareup/okio/okio/1.13.0/okio-1.13.0.jar:/home/user/.m2/repository/io/jaegertracing/jaeger-core/0.34.0/jaeger-core-0.34.0.jar:/home/user/.m2/repository/io/jaegertracing/jaeger-tracerresolver/0.34.0/jaeger-tracerresolver-0.34.0.jar:/home/user/.m2/repository/io/opentracing/contrib/opentracing-tracerresolver/0.1.5/opentracing-tracerresolver-0.1.5.jar:/home/user/.m2/repository/io/opentracing/opentracing-util/0.31.0/opentracing-util-0.31.0.jar:/home/user/.m2/repository/io/opentracing/opentracing-api/0.31.0/opentracing-api-0.31.0.jar:/home/user/.m2/repository/io/opentracing/opentracing-noop/0.31.0/opentracing-noop-0.31.0.jar:/home/user/.m2/repository/org/apache/hadoop/hadoop-hdds-server-framework/0.5.0-SNAPSHOT/hadoop-hdds-server-framework-0.5.0-SNAPSHOT.jar:/home/user/.m2/repository/org/apache/hadoop/hadoop-hdds-container-service/0.5.0-SNAPSHOT/hadoop-hdds-container-service-0.5.0-SNAPSHOT.jar:/home/user/.m2/repository/org/apache/hadoop/hadoop-hdds-client/0.5.0-SNAPSHOT/hadoop-hdds-client-0.5.0-SNAPSHOT.jar:/home/user/.m2/repository/org/apache/hadoop/hadoop-hdds-tools/0.5.0-SNAPSHOT/hadoop-hdds-tools-0.5.0-SNAPSHOT.jar:/home/user/.m2/repository/org/apache/hadoop/hadoop-hdds-server-scm/0.5.0-SNAPSHOT/hadoop-hdds-server-scm-0.5.0-SNAPSHOT.jar:/home/user/.m2/repository/org/apache/hadoop/hadoop-hdds-docs/0.5.0-SNAPSHOT/hadoop-hdds-docs-0.5.0-SNAPSHOT.jar:/home/user/.m2/repository/io/dropwizard/metrics/metrics-core/3.2.4/metrics-core-3.2.4.jar:/home/user/.m2/repository/org/hamcrest/hamcrest-all/1.3/hamcrest-all-1.3.jar:/home/user/.m2/repository/org/bouncycastle/bcprov-jdk15on/1.60/bcprov-jdk15on-1.60.jar:/home/user/.m2/repository/info/picocli/picocli/3.9.6/picocli-3.9.6.jar:/home/user/.m2/repository/com/google/protobuf/protobuf-java/2.5.0/protobuf-java-2.5.0.jar:/home/user/.m2/repository/com/google/guava/guava/11.0.2/guava-11.0.2.jar:/home/user/.m2/repository/org/apache/hadoop/hadoop-ozone-ozone-manager/0.5.0-SNAPSHOT/hadoop-ozone-ozone-manager-0.5.0-SNAPSHOT.jar:/home/user/.m2/repository/org/apache/hadoop/hadoop-minikdc/3.2.0/hadoop-minikdc-3.2.0.jar:/home/user/.m2/repository/commons-io/commons-io/2.5/commons-io-2.5.jar:/home/user/.m2/repository/org/apache/kerby/kerb-simplekdc/1.0.1/kerb-simplekdc-1.0.1.jar:/home/user/.m2/repository/org/apache/kerby/kerb-client/1.0.1/kerb-client-1.0.1.jar:/home/user/.m2/repository/org/apache/kerby/kerby-config/1.0.1/kerby-config-1.0.1.jar:/home/user/.m2/repository/org/apache/kerby/kerb-core/1.0.1/kerb-core-1.0.1.jar:/home/user/.m2/repository/org/apache/kerby/kerby-pkix/1.0.1/kerby-pkix-1.0.1.jar:/home/user/.m2/repository/org/apache/kerby/kerby-asn1/1.0.1/kerby-asn1-1.0.1.jar:/home/user/.m2/repository/org/apache/kerby/kerby-util/1.0.1/kerby-util-1.0.1.jar:/home/user/.m2/repository/org/apache/kerby/kerb-common/1.0.1/kerb-common-1.0.1.jar:/home/user/.m2/repository/org/apache/kerby/kerb-crypto/1.0.1/kerb-crypto-1.0.1.jar:/home/user/.m2/repository/org/apache/kerby/kerb-util/1.0.1/kerb-util-1.0.1.jar:/home/user/.m2/repository/org/apache/kerby/token-provider/1.0.1/token-provider-1.0.1.jar:/home/user/.m2/repository/org/apache/kerby/kerb-admin/1.0.1/kerb-admin-1.0.1.jar:/home/user/.m2/repository/org/apache/kerby/kerb-server/1.0.1/kerb-server-1.0.1.jar:/home/user/.m2/repository/org/apache/kerby/kerb-identity/1.0.1/kerb-identity-1.0.1.jar:/home/user/.m2/repository/org/apache/kerby/kerby-xdr/1.0.1/kerby-xdr-1.0.1.jar:/home/user/.m2/repository/org/slf4j/slf4j-log4j12/1.7.25/slf4j-log4j12-1.7.25.jar:/home/user/.m2/repository/org/apache/hadoop/hadoop-ozone-s3gateway/0.5.0-SNAPSHOT/hadoop-ozone-s3gateway-0.5.0-SNAPSHOT.jar:/home/user/.m2/repository/org/jboss/weld/servlet/weld-servlet/2.4.7.Final/weld-servlet-2.4.7.Final.jar:/home/user/.m2/repository/org/glassfish/jersey/containers/jersey-container-servlet-core/2.27/jersey-container-servlet-core-2.27.jar:/home/user/.m2/repository/org/glassfish/hk2/external/javax.inject/2.5.0-b42/javax.inject-2.5.0-b42.jar:/home/user/.m2/repository/org/glassfish/jersey/core/jersey-common/2.27/jersey-common-2.27.jar:/home/user/.m2/repository/org/glassfish/hk2/osgi-resource-locator/1.0.1/osgi-resource-locator-1.0.1.jar:/home/user/.m2/repository/javax/ws/rs/javax.ws.rs-api/2.1/javax.ws.rs-api-2.1.jar:/home/user/.m2/repository/org/glassfish/jersey/ext/cdi/jersey-cdi1x/2.27/jersey-cdi1x-2.27.jar:/home/user/.m2/repository/org/glassfish/jersey/inject/jersey-hk2/2.27/jersey-hk2-2.27.jar:/home/user/.m2/repository/org/glassfish/hk2/hk2-locator/2.5.0-b42/hk2-locator-2.5.0-b42.jar:/home/user/.m2/repository/org/javassist/javassist/3.22.0-CR2/javassist-3.22.0-CR2.jar:/home/user/.m2/repository/org/glassfish/hk2/hk2-api/2.5.0/hk2-api-2.5.0.jar:/home/user/.m2/repository/org/glassfish/hk2/external/jakarta.inject/2.5.0/jakarta.inject-2.5.0.jar:/home/user/.m2/repository/org/glassfish/hk2/hk2-utils/2.5.0/hk2-utils-2.5.0.jar:/home/user/.m2/repository/jakarta/annotation/jakarta.annotation-api/1.3.4/jakarta.annotation-api-1.3.4.jar:/home/user/.m2/repository/org/glassfish/hk2/external/aopalliance-repackaged/2.5.0/aopalliance-repackaged-2.5.0.jar:/home/user/.m2/repository/com/fasterxml/jackson/dataformat/jackson-dataformat-xml/2.9.0/jackson-dataformat-xml-2.9.0.jar:/home/user/.m2/repository/com/fasterxml/jackson/core/jackson-core/2.9.9/jackson-core-2.9.9.jar:/home/user/.m2/repository/com/fasterxml/jackson/module/jackson-module-jaxb-annotations/2.9.9/jackson-module-jaxb-annotations-2.9.9.jar:/home/user/.m2/repository/javax/enterprise/cdi-api/1.2/cdi-api-1.2.jar:/home/user/.m2/repository/javax/el/javax.el-api/3.0.0/javax.el-api-3.0.0.jar:/home/user/.m2/repository/javax/interceptor/javax.interceptor-api/1.2/javax.interceptor-api-1.2.jar:/home/user/.m2/repository/javax/inject/javax.inject/1/javax.inject-1.jar:/home/user/.m2/repository/com/sun/xml/bind/jaxb-impl/2.3.0.1/jaxb-impl-2.3.0.1.jar:/home/user/.m2/repository/com/sun/xml/bind/jaxb-core/2.3.0.1/jaxb-core-2.3.0.1.jar:/home/user/.m2/repository/javax/xml/bind/jaxb-api/2.3.0/jaxb-api-2.3.0.jar:/home/user/.m2/repository/javax/activation/activation/1.1.1/activation-1.1.1.jar:/home/user/.m2/repository/org/apache/hadoop/hadoop-ozone-csi/0.5.0-SNAPSHOT/hadoop-ozone-csi-0.5.0-SNAPSHOT.jar:/home/user/.m2/repository/com/google/protobuf/protobuf-java-util/3.5.1/protobuf-java-util-3.5.1.jar:/home/user/.m2/repository/org/apache/hadoop/hadoop-hdds-config/0.5.0-SNAPSHOT/hadoop-hdds-config-0.5.0-SNAPSHOT.jar:/home/user/.m2/repository/io/grpc/grpc-netty/1.17.1/grpc-netty-1.17.1.jar:/home/user/.m2/repository/io/grpc/grpc-core/1.17.1/grpc-core-1.17.1.jar:/home/user/.m2/repository/io/grpc/grpc-context/1.17.1/grpc-context-1.17.1.jar:/home/user/.m2/repository/com/google/errorprone/error_prone_annotations/2.2.0/error_prone_annotations-2.2.0.jar:/home/user/.m2/repository/org/codehaus/mojo/animal-sniffer-annotations/1.17/animal-sniffer-annotations-1.17.jar:/home/user/.m2/repository/io/opencensus/opencensus-api/0.17.0/opencensus-api-0.17.0.jar:/home/user/.m2/repository/io/opencensus/opencensus-contrib-grpc-metrics/0.17.0/opencensus-contrib-grpc-metrics-0.17.0.jar:/home/user/.m2/repository/io/netty/netty-codec-http2/4.1.30.Final/netty-codec-http2-4.1.30.Final.jar:/home/user/.m2/repository/io/netty/netty-codec-http/4.1.30.Final/netty-codec-http-4.1.30.Final.jar:/home/user/.m2/repository/io/netty/netty-codec/4.1.30.Final/netty-codec-4.1.30.Final.jar:/home/user/.m2/repository/io/netty/netty-handler/4.1.30.Final/netty-handler-4.1.30.Final.jar:/home/user/.m2/repository/io/netty/netty-handler-proxy/4.1.30.Final/netty-handler-proxy-4.1.30.Final.jar:/home/user/.m2/repository/io/netty/netty-codec-socks/4.1.30.Final/netty-codec-socks-4.1.30.Final.jar:/home/user/.m2/repository/io/netty/netty-transport-native-epoll/4.1.30.Final/netty-transport-native-epoll-4.1.30.Final.jar:/home/user/.m2/repository/io/netty/netty-common/4.1.30.Final/netty-common-4.1.30.Final.jar:/home/user/.m2/repository/io/netty/netty-buffer/4.1.30.Final/netty-buffer-4.1.30.Final.jar:/home/user/.m2/repository/io/netty/netty-transport/4.1.30.Final/netty-transport-4.1.30.Final.jar:/home/user/.m2/repository/io/netty/netty-resolver/4.1.30.Final/netty-resolver-4.1.30.Final.jar:/home/user/.m2/repository/io/netty/netty-transport-native-unix-common/4.1.30.Final/netty-transport-native-unix-common-4.1.30.Final.jar:/home/user/.m2/repository/io/grpc/grpc-protobuf/1.17.1/grpc-protobuf-1.17.1.jar:/home/user/.m2/repository/com/google/api/grpc/proto-google-common-protos/1.0.0/proto-google-common-protos-1.0.0.jar:/home/user/.m2/repository/io/grpc/grpc-protobuf-lite/1.17.1/grpc-protobuf-lite-1.17.1.jar:/home/user/.m2/repository/io/grpc/grpc-stub/1.17.1/grpc-stub-1.17.1.jar:/home/user/.m2/repository/org/apache/hadoop/hadoop-ozone-recon/0.5.0-SNAPSHOT/hadoop-ozone-recon-0.5.0-SNAPSHOT.jar:/home/user/.m2/repository/org/apache/hadoop/hadoop-ozone-reconcodegen/0.5.0-SNAPSHOT/hadoop-ozone-reconcodegen-0.5.0-SNAPSHOT.jar:/home/user/.m2/repository/com/google/inject/extensions/guice-multibindings/4.0/guice-multibindings-4.0.jar:/home/user/.m2/repository/com/google/inject/guice/4.0/guice-4.0.jar:/home/user/.m2/repository/aopalliance/aopalliance/1.0/aopalliance-1.0.jar:/home/user/.m2/repository/com/google/inject/extensions/guice-servlet/4.0/guice-servlet-4.0.jar:/home/user/.m2/repository/org/glassfish/jersey/containers/jersey-container-servlet/2.27/jersey-container-servlet-2.27.jar:/home/user/.m2/repository/org/glassfish/hk2/guice-bridge/2.5.0/guice-bridge-2.5.0.jar:/home/user/.m2/repository/org/glassfish/jersey/core/jersey-server/2.27/jersey-server-2.27.jar:/home/user/.m2/repository/org/glassfish/jersey/core/jersey-client/2.27/jersey-client-2.27.jar:/home/user/.m2/repository/org/glassfish/jersey/media/jersey-media-jaxb/2.27/jersey-media-jaxb-2.27.jar:/home/user/.m2/repository/javax/validation/validation-api/1.1.0.Final/validation-api-1.1.0.Final.jar:/home/user/.m2/repository/org/glassfish/jersey/media/jersey-media-json-jackson/2.27/jersey-media-json-jackson-2.27.jar:/home/user/.m2/repository/org/glassfish/jersey/ext/jersey-entity-filtering/2.27/jersey-entity-filtering-2.27.jar:/home/user/.m2/repository/com/google/inject/extensions/guice-assistedinject/4.0/guice-assistedinject-4.0.jar:/home/user/.m2/repository/org/jooq/jooq/3.11.10/jooq-3.11.10.jar:/home/user/.m2/repository/org/jooq/jooq-meta/3.11.10/jooq-meta-3.11.10.jar:/home/user/.m2/repository/org/jooq/jooq-codegen/3.11.10/jooq-codegen-3.11.10.jar:/home/user/.m2/repository/com/jolbox/bonecp/0.8.0.RELEASE/bonecp-0.8.0.RELEASE.jar:/home/user/.m2/repository/org/xerial/sqlite-jdbc/3.25.2/sqlite-jdbc-3.25.2.jar:/home/user/.m2/repository/org/springframework/spring-jdbc/5.1.3.RELEASE/spring-jdbc-5.1.3.RELEASE.jar:/home/user/.m2/repository/org/springframework/spring-beans/5.1.3.RELEASE/spring-beans-5.1.3.RELEASE.jar:/home/user/.m2/repository/org/springframework/spring-core/5.1.3.RELEASE/spring-core-5.1.3.RELEASE.jar:/home/user/.m2/repository/org/springframework/spring-jcl/5.1.3.RELEASE/spring-jcl-5.1.3.RELEASE.jar:/home/user/.m2/repository/org/springframework/spring-tx/5.1.3.RELEASE/spring-tx-5.1.3.RELEASE.jar:/home/user/.m2/repository/org/apache/hadoop/hadoop-ozone-client/0.5.0-SNAPSHOT/hadoop-ozone-client-0.5.0-SNAPSHOT.jar:/home/user/.m2/repository/commons-lang/commons-lang/2.6/commons-lang-2.6.jar:/home/user/.m2/repository/org/apache/hadoop/hadoop-ozone-ozone-manager/0.5.0-SNAPSHOT/hadoop-ozone-ozone-manager-0.5.0-SNAPSHOT-tests.jar:/home/user/.m2/repository/junit/junit/4.11/junit-4.11.jar:/home/user/.m2/repository/org/hamcrest/hamcrest-core/1.3/hamcrest-core-1.3.jar:/home/user/.m2/repository/org/openjdk/jmh/jmh-core/1.19/jmh-core-1.19.jar:/home/user/.m2/repository/net/sf/jopt-simple/jopt-simple/4.6/jopt-simple-4.6.jar:/home/user/.m2/repository/org/apache/commons/commons-math3/3.1.1/commons-math3-3.1.1.jar:/home/user/.m2/repository/org/openjdk/jmh/jmh-generator-annprocess/1.19/jmh-generator-annprocess-1.19.jar:/home/user/.m2/repository/org/mockito/mockito-all/1.8.5/mockito-all-1.8.5.jar:/home/user/.m2/repository/org/apache/hadoop/hadoop-kms/3.2.0/hadoop-kms-3.2.0.jar:/home/user/.m2/repository/org/apache/hadoop/hadoop-auth/3.2.0/hadoop-auth-3.2.0.jar:/home/user/.m2/repository/com/nimbusds/nimbus-jose-jwt/4.41.1/nimbus-jose-jwt-4.41.1.jar:/home/user/.m2/repository/com/github/stephenc/jcip/jcip-annotations/1.0-1/jcip-annotations-1.0-1.jar:/home/user/.m2/repository/net/minidev/json-smart/2.3/json-smart-2.3.jar:/home/user/.m2/repository/net/minidev/accessors-smart/1.2/accessors-smart-1.2.jar:/home/user/.m2/repository/org/ow2/asm/asm/5.0.4/asm-5.0.4.jar:/home/user/.m2/repository/org/apache/curator/curator-framework/2.12.0/curator-framework-2.12.0.jar:/home/user/.m2/repository/com/sun/jersey/jersey-core/1.19/jersey-core-1.19.jar:/home/user/.m2/repository/javax/ws/rs/jsr311-api/1.1.1/jsr311-api-1.1.1.jar:/home/user/.m2/repository/com/sun/jersey/jersey-server/1.19/jersey-server-1.19.jar:/home/user/.m2/repository/javax/servlet/javax.servlet-api/3.1.0/javax.servlet-api-3.1.0.jar:/home/user/.m2/repository/org/eclipse/jetty/jetty-server/9.3.25.v20180904/jetty-server-9.3.25.v20180904.jar:/home/user/.m2/repository/org/eclipse/jetty/jetty-http/9.3.25.v20180904/jetty-http-9.3.25.v20180904.jar:/home/user/.m2/repository/org/eclipse/jetty/jetty-io/9.3.25.v20180904/jetty-io-9.3.25.v20180904.jar:/home/user/.m2/repository/org/eclipse/jetty/jetty-webapp/9.3.25.v20180904/jetty-webapp-9.3.25.v20180904.jar:/home/user/.m2/repository/org/eclipse/jetty/jetty-xml/9.3.25.v20180904/jetty-xml-9.3.25.v20180904.jar:/home/user/.m2/repository/log4j/log4j/1.2.17/log4j-1.2.17.jar:/home/user/.m2/repository/org/slf4j/slf4j-api/1.7.25/slf4j-api-1.7.25.jar:/home/user/.m2/repository/org/slf4j/jul-to-slf4j/1.7.25/jul-to-slf4j-1.7.25.jar:/home/user/.m2/repository/org/eclipse/jetty/jetty-util/9.3.25.v20180904/jetty-util-9.3.25.v20180904.jar:/home/user/.m2/repository/com/fasterxml/jackson/core/jackson-databind/2.9.9/jackson-databind-2.9.9.jar:/home/user/.m2/repository/org/apache/hadoop/hadoop-kms/3.2.0/hadoop-kms-3.2.0-tests.jar:/home/user/.m2/repository/org/apache/hadoop/hadoop-hdds-server-scm/0.5.0-SNAPSHOT/hadoop-hdds-server-scm-0.5.0-SNAPSHOT-tests.jar:/home/user/.m2/repository/org/apache/hadoop/hadoop-hdds-container-service/0.5.0-SNAPSHOT/hadoop-hdds-container-service-0.5.0-SNAPSHOT-tests.jar:/home/user/.m2/repository/org/yaml/snakeyaml/1.16/snakeyaml-1.16.jar:/home/user/.m2/repository/org/apache/hadoop/hadoop-common/3.2.0/hadoop-common-3.2.0-tests.jar:/home/user/.m2/repository/org/apache/hadoop/hadoop-annotations/3.2.0/hadoop-annotations-3.2.0.jar:/usr/lib/jvm/java-1.8.0-openjdk-1.8.0.222.b10-1.el7_7.x86_64/jre/../lib/tools.jar:/home/user/.m2/repository/commons-cli/commons-cli/1.2/commons-cli-1.2.jar:/home/user/.m2/repository/org/apache/httpcomponents/httpclient/4.5.2/httpclient-4.5.2.jar:/home/user/.m2/repository/org/apache/httpcomponents/httpcore/4.4.4/httpcore-4.4.4.jar:/home/user/.m2/repository/commons-codec/commons-codec/1.11/commons-codec-1.11.jar:/home/user/.m2/repository/commons-net/commons-net/3.6/commons-net-3.6.jar:/home/user/.m2/repository/commons-collections/commons-collections/3.2.2/commons-collections-3.2.2.jar:/home/user/.m2/repository/org/eclipse/jetty/jetty-servlet/9.3.25.v20180904/jetty-servlet-9.3.25.v20180904.jar:/home/user/.m2/repository/org/eclipse/jetty/jetty-security/9.3.25.v20180904/jetty-security-9.3.25.v20180904.jar:/home/user/.m2/repository/javax/servlet/jsp/jsp-api/2.1/jsp-api-2.1.jar:/home/user/.m2/repository/com/sun/jersey/jersey-servlet/1.19/jersey-servlet-1.19.jar:/home/user/.m2/repository/com/sun/jersey/jersey-json/1.19/jersey-json-1.19.jar:/home/user/.m2/repository/org/codehaus/jettison/jettison/1.1/jettison-1.1.jar:/home/user/.m2/repository/org/codehaus/jackson/jackson-core-asl/1.9.13/jackson-core-asl-1.9.13.jar:/home/user/.m2/repository/org/codehaus/jackson/jackson-mapper-asl/1.9.13/jackson-mapper-asl-1.9.13.jar:/home/user/.m2/repository/org/codehaus/jackson/jackson-jaxrs/1.9.13/jackson-jaxrs-1.9.13.jar:/home/user/.m2/repository/org/codehaus/jackson/jackson-xc/1.9.13/jackson-xc-1.9.13.jar:/home/user/.m2/repository/commons-logging/commons-logging/1.1.3/commons-logging-1.1.3.jar:/home/user/.m2/repository/commons-beanutils/commons-beanutils/1.9.4/commons-beanutils-1.9.4.jar:/home/user/.m2/repository/org/apache/commons/commons-configuration2/2.1.1/commons-configuration2-2.1.1.jar:/home/user/.m2/repository/org/apache/commons/commons-lang3/3.7/commons-lang3-3.7.jar:/home/user/.m2/repository/org/apache/commons/commons-text/1.4/commons-text-1.4.jar:/home/user/.m2/repository/org/apache/avro/avro/1.7.7/avro-1.7.7.jar:/home/user/.m2/repository/com/thoughtworks/paranamer/paranamer/2.3/paranamer-2.3.jar:/home/user/.m2/repository/org/xerial/snappy/snappy-java/1.0.5/snappy-java-1.0.5.jar:/home/user/.m2/repository/com/google/re2j/re2j/1.1/re2j-1.1.jar:/home/user/.m2/repository/com/google/code/gson/gson/2.2.4/gson-2.2.4.jar:/home/user/.m2/repository/com/jcraft/jsch/0.1.54/jsch-0.1.54.jar:/home/user/.m2/repository/org/apache/curator/curator-client/2.12.0/curator-client-2.12.0.jar:/home/user/.m2/repository/org/apache/curator/curator-recipes/2.12.0/curator-recipes-2.12.0.jar:/home/user/.m2/repository/com/google/code/findbugs/jsr305/3.0.0/jsr305-3.0.0.jar:/home/user/.m2/repository/org/apache/htrace/htrace-core4/4.1.0-incubating/htrace-core4-4.1.0-incubating.jar:/home/user/.m2/repository/org/apache/zookeeper/zookeeper/3.4.13/zookeeper-3.4.13.jar:/home/user/.m2/repository/jline/jline/0.9.94/jline-0.9.94.jar:/home/user/.m2/repository/org/apache/yetus/audience-annotations/0.5.0/audience-annotations-0.5.0.jar:/home/user/.m2/repository/org/codehaus/woodstox/stax2-api/3.1.4/stax2-api-3.1.4.jar:/home/user/.m2/repository/com/fasterxml/woodstox/woodstox-core/5.0.3/woodstox-core-5.0.3.jar:/home/user/.m2/repository/dnsjava/dnsjava/2.1.7/dnsjava-2.1.7.jar:/home/user/.m2/repository/org/apache/hadoop/hadoop-hdfs/3.2.0/hadoop-hdfs-3.2.0-tests.jar:/home/user/.m2/repository/org/eclipse/jetty/jetty-util-ajax/9.3.25.v20180904/jetty-util-ajax-9.3.25.v20180904.jar:/home/user/.m2/repository/commons-daemon/commons-daemon/1.0.13/commons-daemon-1.0.13.jar:/home/user/.m2/repository/io/netty/netty/3.10.5.Final/netty-3.10.5.Final.jar:/home/user/.m2/repository/io/netty/netty-all/4.0.52.Final/netty-all-4.0.52.Final.jar:/home/user/.m2/repository/org/fusesource/leveldbjni/leveldbjni-all/1.8/leveldbjni-all-1.8.jar:"/>
    <property name="java.vm.vendor" value="Oracle Corporation"/>
    <property name="sun.arch.data.model" value="64"/>
    <property name="test.build.dir" value="/workdir/hadoop-ozone/integration-test/target/test-dir"/>
    <property name="test.cache.data" value=""/>
    <property name="java.vendor.url" value="http://java.oracle.com/"/>
    <property name="user.timezone" value=""/>
    <property name="java.vm.specification.version" value="1.8"/>
    <property name="os.name" value="Linux"/>
    <property name="test.build.data" value="/workdir/hadoop-ozone/integration-test/target/test-dir"/>
    <property name="user.country" value="US"/>
    <property name="sun.java.launcher" value="SUN_STANDARD"/>
    <property name="sun.boot.library.path" value="/usr/lib/jvm/java-1.8.0-openjdk-1.8.0.222.b10-1.el7_7.x86_64/jre/lib/amd64"/>
    <property name="sun.java.command" value="/workdir/hadoop-ozone/integration-test/target/surefire/surefirebooter5031846825049949353.jar /workdir/hadoop-ozone/integration-test/target/surefire 2019-11-14T22-15-51_725-jvmRun1 surefire8093209010033082423tmp surefire_252764506646737534653tmp"/>
    <property name="surefire.test.class.path" value="/workdir/hadoop-ozone/integration-test/target/test-classes:/workdir/hadoop-ozone/integration-test/target/classes:/home/user/.m2/repository/org/apache/hadoop/hadoop-ozone-common/0.5.0-SNAPSHOT/hadoop-ozone-common-0.5.0-SNAPSHOT.jar:/home/user/.m2/repository/org/apache/commons/commons-compress/1.4.1/commons-compress-1.4.1.jar:/home/user/.m2/repository/org/tukaani/xz/1.0/xz-1.0.jar:/home/user/.m2/repository/org/apache/hadoop/hadoop-common/3.2.0/hadoop-common-3.2.0.jar:/home/user/.m2/repository/org/apache/hadoop/hadoop-hdfs/3.2.0/hadoop-hdfs-3.2.0.jar:/home/user/.m2/repository/org/apache/hadoop/hadoop-hdfs-client/3.2.0/hadoop-hdfs-client-3.2.0.jar:/home/user/.m2/repository/com/fasterxml/jackson/core/jackson-annotations/2.9.9/jackson-annotations-2.9.9.jar:/home/user/.m2/repository/org/apache/hadoop/hadoop-hdds-common/0.5.0-SNAPSHOT/hadoop-hdds-common-0.5.0-SNAPSHOT.jar:/home/user/.m2/repository/javax/annotation/javax.annotation-api/1.2/javax.annotation-api-1.2.jar:/home/user/.m2/repository/org/apache/ratis/ratis-server/0.5.0-d6d58d0-SNAPSHOT/ratis-server-0.5.0-d6d58d0-SNAPSHOT.jar:/home/user/.m2/repository/org/apache/ratis/ratis-thirdparty-misc/0.2.0/ratis-thirdparty-misc-0.2.0.jar:/home/user/.m2/repository/org/apache/ratis/ratis-proto/0.5.0-d6d58d0-SNAPSHOT/ratis-proto-0.5.0-d6d58d0-SNAPSHOT.jar:/home/user/.m2/repository/org/apache/ratis/ratis-common/0.5.0-d6d58d0-SNAPSHOT/ratis-common-0.5.0-d6d58d0-SNAPSHOT.jar:/home/user/.m2/repository/org/apache/ratis/ratis-client/0.5.0-d6d58d0-SNAPSHOT/ratis-client-0.5.0-d6d58d0-SNAPSHOT.jar:/home/user/.m2/repository/org/apache/ratis/ratis-metrics/0.5.0-d6d58d0-SNAPSHOT/ratis-metrics-0.5.0-d6d58d0-SNAPSHOT.jar:/home/user/.m2/repository/org/apache/ratis/ratis-netty/0.5.0-d6d58d0-SNAPSHOT/ratis-netty-0.5.0-d6d58d0-SNAPSHOT.jar:/home/user/.m2/repository/org/apache/ratis/ratis-grpc/0.5.0-d6d58d0-SNAPSHOT/ratis-grpc-0.5.0-d6d58d0-SNAPSHOT.jar:/home/user/.m2/repository/org/rocksdb/rocksdbjni/6.0.1/rocksdbjni-6.0.1.jar:/home/user/.m2/repository/org/apache/logging/log4j/log4j-api/2.11.0/log4j-api-2.11.0.jar:/home/user/.m2/repository/org/apache/logging/log4j/log4j-core/2.11.0/log4j-core-2.11.0.jar:/home/user/.m2/repository/com/lmax/disruptor/3.4.2/disruptor-3.4.2.jar:/home/user/.m2/repository/org/apache/commons/commons-pool2/2.6.0/commons-pool2-2.6.0.jar:/home/user/.m2/repository/org/bouncycastle/bcpkix-jdk15on/1.60/bcpkix-jdk15on-1.60.jar:/home/user/.m2/repository/commons-validator/commons-validator/1.6/commons-validator-1.6.jar:/home/user/.m2/repository/commons-digester/commons-digester/1.8.1/commons-digester-1.8.1.jar:/home/user/.m2/repository/io/jaegertracing/jaeger-client/0.34.0/jaeger-client-0.34.0.jar:/home/user/.m2/repository/io/jaegertracing/jaeger-thrift/0.34.0/jaeger-thrift-0.34.0.jar:/home/user/.m2/repository/org/apache/thrift/libthrift/0.12.0/libthrift-0.12.0.jar:/home/user/.m2/repository/com/squareup/okhttp3/okhttp/3.9.0/okhttp-3.9.0.jar:/home/user/.m2/repository/com/squareup/okio/okio/1.13.0/okio-1.13.0.jar:/home/user/.m2/repository/io/jaegertracing/jaeger-core/0.34.0/jaeger-core-0.34.0.jar:/home/user/.m2/repository/io/jaegertracing/jaeger-tracerresolver/0.34.0/jaeger-tracerresolver-0.34.0.jar:/home/user/.m2/repository/io/opentracing/contrib/opentracing-tracerresolver/0.1.5/opentracing-tracerresolver-0.1.5.jar:/home/user/.m2/repository/io/opentracing/opentracing-util/0.31.0/opentracing-util-0.31.0.jar:/home/user/.m2/repository/io/opentracing/opentracing-api/0.31.0/opentracing-api-0.31.0.jar:/home/user/.m2/repository/io/opentracing/opentracing-noop/0.31.0/opentracing-noop-0.31.0.jar:/home/user/.m2/repository/org/apache/hadoop/hadoop-hdds-server-framework/0.5.0-SNAPSHOT/hadoop-hdds-server-framework-0.5.0-SNAPSHOT.jar:/home/user/.m2/repository/org/apache/hadoop/hadoop-hdds-container-service/0.5.0-SNAPSHOT/hadoop-hdds-container-service-0.5.0-SNAPSHOT.jar:/home/user/.m2/repository/org/apache/hadoop/hadoop-hdds-client/0.5.0-SNAPSHOT/hadoop-hdds-client-0.5.0-SNAPSHOT.jar:/home/user/.m2/repository/org/apache/hadoop/hadoop-hdds-tools/0.5.0-SNAPSHOT/hadoop-hdds-tools-0.5.0-SNAPSHOT.jar:/home/user/.m2/repository/org/apache/hadoop/hadoop-hdds-server-scm/0.5.0-SNAPSHOT/hadoop-hdds-server-scm-0.5.0-SNAPSHOT.jar:/home/user/.m2/repository/org/apache/hadoop/hadoop-hdds-docs/0.5.0-SNAPSHOT/hadoop-hdds-docs-0.5.0-SNAPSHOT.jar:/home/user/.m2/repository/io/dropwizard/metrics/metrics-core/3.2.4/metrics-core-3.2.4.jar:/home/user/.m2/repository/org/hamcrest/hamcrest-all/1.3/hamcrest-all-1.3.jar:/home/user/.m2/repository/org/bouncycastle/bcprov-jdk15on/1.60/bcprov-jdk15on-1.60.jar:/home/user/.m2/repository/info/picocli/picocli/3.9.6/picocli-3.9.6.jar:/home/user/.m2/repository/com/google/protobuf/protobuf-java/2.5.0/protobuf-java-2.5.0.jar:/home/user/.m2/repository/com/google/guava/guava/11.0.2/guava-11.0.2.jar:/home/user/.m2/repository/org/apache/hadoop/hadoop-ozone-ozone-manager/0.5.0-SNAPSHOT/hadoop-ozone-ozone-manager-0.5.0-SNAPSHOT.jar:/home/user/.m2/repository/org/apache/hadoop/hadoop-minikdc/3.2.0/hadoop-minikdc-3.2.0.jar:/home/user/.m2/repository/commons-io/commons-io/2.5/commons-io-2.5.jar:/home/user/.m2/repository/org/apache/kerby/kerb-simplekdc/1.0.1/kerb-simplekdc-1.0.1.jar:/home/user/.m2/repository/org/apache/kerby/kerb-client/1.0.1/kerb-client-1.0.1.jar:/home/user/.m2/repository/org/apache/kerby/kerby-config/1.0.1/kerby-config-1.0.1.jar:/home/user/.m2/repository/org/apache/kerby/kerb-core/1.0.1/kerb-core-1.0.1.jar:/home/user/.m2/repository/org/apache/kerby/kerby-pkix/1.0.1/kerby-pkix-1.0.1.jar:/home/user/.m2/repository/org/apache/kerby/kerby-asn1/1.0.1/kerby-asn1-1.0.1.jar:/home/user/.m2/repository/org/apache/kerby/kerby-util/1.0.1/kerby-util-1.0.1.jar:/home/user/.m2/repository/org/apache/kerby/kerb-common/1.0.1/kerb-common-1.0.1.jar:/home/user/.m2/repository/org/apache/kerby/kerb-crypto/1.0.1/kerb-crypto-1.0.1.jar:/home/user/.m2/repository/org/apache/kerby/kerb-util/1.0.1/kerb-util-1.0.1.jar:/home/user/.m2/repository/org/apache/kerby/token-provider/1.0.1/token-provider-1.0.1.jar:/home/user/.m2/repository/org/apache/kerby/kerb-admin/1.0.1/kerb-admin-1.0.1.jar:/home/user/.m2/repository/org/apache/kerby/kerb-server/1.0.1/kerb-server-1.0.1.jar:/home/user/.m2/repository/org/apache/kerby/kerb-identity/1.0.1/kerb-identity-1.0.1.jar:/home/user/.m2/repository/org/apache/kerby/kerby-xdr/1.0.1/kerby-xdr-1.0.1.jar:/home/user/.m2/repository/org/slf4j/slf4j-log4j12/1.7.25/slf4j-log4j12-1.7.25.jar:/home/user/.m2/repository/org/apache/hadoop/hadoop-ozone-s3gateway/0.5.0-SNAPSHOT/hadoop-ozone-s3gateway-0.5.0-SNAPSHOT.jar:/home/user/.m2/repository/org/jboss/weld/servlet/weld-servlet/2.4.7.Final/weld-servlet-2.4.7.Final.jar:/home/user/.m2/repository/org/glassfish/jersey/containers/jersey-container-servlet-core/2.27/jersey-container-servlet-core-2.27.jar:/home/user/.m2/repository/org/glassfish/hk2/external/javax.inject/2.5.0-b42/javax.inject-2.5.0-b42.jar:/home/user/.m2/repository/org/glassfish/jersey/core/jersey-common/2.27/jersey-common-2.27.jar:/home/user/.m2/repository/org/glassfish/hk2/osgi-resource-locator/1.0.1/osgi-resource-locator-1.0.1.jar:/home/user/.m2/repository/javax/ws/rs/javax.ws.rs-api/2.1/javax.ws.rs-api-2.1.jar:/home/user/.m2/repository/org/glassfish/jersey/ext/cdi/jersey-cdi1x/2.27/jersey-cdi1x-2.27.jar:/home/user/.m2/repository/org/glassfish/jersey/inject/jersey-hk2/2.27/jersey-hk2-2.27.jar:/home/user/.m2/repository/org/glassfish/hk2/hk2-locator/2.5.0-b42/hk2-locator-2.5.0-b42.jar:/home/user/.m2/repository/org/javassist/javassist/3.22.0-CR2/javassist-3.22.0-CR2.jar:/home/user/.m2/repository/org/glassfish/hk2/hk2-api/2.5.0/hk2-api-2.5.0.jar:/home/user/.m2/repository/org/glassfish/hk2/external/jakarta.inject/2.5.0/jakarta.inject-2.5.0.jar:/home/user/.m2/repository/org/glassfish/hk2/hk2-utils/2.5.0/hk2-utils-2.5.0.jar:/home/user/.m2/repository/jakarta/annotation/jakarta.annotation-api/1.3.4/jakarta.annotation-api-1.3.4.jar:/home/user/.m2/repository/org/glassfish/hk2/external/aopalliance-repackaged/2.5.0/aopalliance-repackaged-2.5.0.jar:/home/user/.m2/repository/com/fasterxml/jackson/dataformat/jackson-dataformat-xml/2.9.0/jackson-dataformat-xml-2.9.0.jar:/home/user/.m2/repository/com/fasterxml/jackson/core/jackson-core/2.9.9/jackson-core-2.9.9.jar:/home/user/.m2/repository/com/fasterxml/jackson/module/jackson-module-jaxb-annotations/2.9.9/jackson-module-jaxb-annotations-2.9.9.jar:/home/user/.m2/repository/javax/enterprise/cdi-api/1.2/cdi-api-1.2.jar:/home/user/.m2/repository/javax/el/javax.el-api/3.0.0/javax.el-api-3.0.0.jar:/home/user/.m2/repository/javax/interceptor/javax.interceptor-api/1.2/javax.interceptor-api-1.2.jar:/home/user/.m2/repository/javax/inject/javax.inject/1/javax.inject-1.jar:/home/user/.m2/repository/com/sun/xml/bind/jaxb-impl/2.3.0.1/jaxb-impl-2.3.0.1.jar:/home/user/.m2/repository/com/sun/xml/bind/jaxb-core/2.3.0.1/jaxb-core-2.3.0.1.jar:/home/user/.m2/repository/javax/xml/bind/jaxb-api/2.3.0/jaxb-api-2.3.0.jar:/home/user/.m2/repository/javax/activation/activation/1.1.1/activation-1.1.1.jar:/home/user/.m2/repository/org/apache/hadoop/hadoop-ozone-csi/0.5.0-SNAPSHOT/hadoop-ozone-csi-0.5.0-SNAPSHOT.jar:/home/user/.m2/repository/com/google/protobuf/protobuf-java-util/3.5.1/protobuf-java-util-3.5.1.jar:/home/user/.m2/repository/org/apache/hadoop/hadoop-hdds-config/0.5.0-SNAPSHOT/hadoop-hdds-config-0.5.0-SNAPSHOT.jar:/home/user/.m2/repository/io/grpc/grpc-netty/1.17.1/grpc-netty-1.17.1.jar:/home/user/.m2/repository/io/grpc/grpc-core/1.17.1/grpc-core-1.17.1.jar:/home/user/.m2/repository/io/grpc/grpc-context/1.17.1/grpc-context-1.17.1.jar:/home/user/.m2/repository/com/google/errorprone/error_prone_annotations/2.2.0/error_prone_annotations-2.2.0.jar:/home/user/.m2/repository/org/codehaus/mojo/animal-sniffer-annotations/1.17/animal-sniffer-annotations-1.17.jar:/home/user/.m2/repository/io/opencensus/opencensus-api/0.17.0/opencensus-api-0.17.0.jar:/home/user/.m2/repository/io/opencensus/opencensus-contrib-grpc-metrics/0.17.0/opencensus-contrib-grpc-metrics-0.17.0.jar:/home/user/.m2/repository/io/netty/netty-codec-http2/4.1.30.Final/netty-codec-http2-4.1.30.Final.jar:/home/user/.m2/repository/io/netty/netty-codec-http/4.1.30.Final/netty-codec-http-4.1.30.Final.jar:/home/user/.m2/repository/io/netty/netty-codec/4.1.30.Final/netty-codec-4.1.30.Final.jar:/home/user/.m2/repository/io/netty/netty-handler/4.1.30.Final/netty-handler-4.1.30.Final.jar:/home/user/.m2/repository/io/netty/netty-handler-proxy/4.1.30.Final/netty-handler-proxy-4.1.30.Final.jar:/home/user/.m2/repository/io/netty/netty-codec-socks/4.1.30.Final/netty-codec-socks-4.1.30.Final.jar:/home/user/.m2/repository/io/netty/netty-transport-native-epoll/4.1.30.Final/netty-transport-native-epoll-4.1.30.Final.jar:/home/user/.m2/repository/io/netty/netty-common/4.1.30.Final/netty-common-4.1.30.Final.jar:/home/user/.m2/repository/io/netty/netty-buffer/4.1.30.Final/netty-buffer-4.1.30.Final.jar:/home/user/.m2/repository/io/netty/netty-transport/4.1.30.Final/netty-transport-4.1.30.Final.jar:/home/user/.m2/repository/io/netty/netty-resolver/4.1.30.Final/netty-resolver-4.1.30.Final.jar:/home/user/.m2/repository/io/netty/netty-transport-native-unix-common/4.1.30.Final/netty-transport-native-unix-common-4.1.30.Final.jar:/home/user/.m2/repository/io/grpc/grpc-protobuf/1.17.1/grpc-protobuf-1.17.1.jar:/home/user/.m2/repository/com/google/api/grpc/proto-google-common-protos/1.0.0/proto-google-common-protos-1.0.0.jar:/home/user/.m2/repository/io/grpc/grpc-protobuf-lite/1.17.1/grpc-protobuf-lite-1.17.1.jar:/home/user/.m2/repository/io/grpc/grpc-stub/1.17.1/grpc-stub-1.17.1.jar:/home/user/.m2/repository/org/apache/hadoop/hadoop-ozone-recon/0.5.0-SNAPSHOT/hadoop-ozone-recon-0.5.0-SNAPSHOT.jar:/home/user/.m2/repository/org/apache/hadoop/hadoop-ozone-reconcodegen/0.5.0-SNAPSHOT/hadoop-ozone-reconcodegen-0.5.0-SNAPSHOT.jar:/home/user/.m2/repository/com/google/inject/extensions/guice-multibindings/4.0/guice-multibindings-4.0.jar:/home/user/.m2/repository/com/google/inject/guice/4.0/guice-4.0.jar:/home/user/.m2/repository/aopalliance/aopalliance/1.0/aopalliance-1.0.jar:/home/user/.m2/repository/com/google/inject/extensions/guice-servlet/4.0/guice-servlet-4.0.jar:/home/user/.m2/repository/org/glassfish/jersey/containers/jersey-container-servlet/2.27/jersey-container-servlet-2.27.jar:/home/user/.m2/repository/org/glassfish/hk2/guice-bridge/2.5.0/guice-bridge-2.5.0.jar:/home/user/.m2/repository/org/glassfish/jersey/core/jersey-server/2.27/jersey-server-2.27.jar:/home/user/.m2/repository/org/glassfish/jersey/core/jersey-client/2.27/jersey-client-2.27.jar:/home/user/.m2/repository/org/glassfish/jersey/media/jersey-media-jaxb/2.27/jersey-media-jaxb-2.27.jar:/home/user/.m2/repository/javax/validation/validation-api/1.1.0.Final/validation-api-1.1.0.Final.jar:/home/user/.m2/repository/org/glassfish/jersey/media/jersey-media-json-jackson/2.27/jersey-media-json-jackson-2.27.jar:/home/user/.m2/repository/org/glassfish/jersey/ext/jersey-entity-filtering/2.27/jersey-entity-filtering-2.27.jar:/home/user/.m2/repository/com/google/inject/extensions/guice-assistedinject/4.0/guice-assistedinject-4.0.jar:/home/user/.m2/repository/org/jooq/jooq/3.11.10/jooq-3.11.10.jar:/home/user/.m2/repository/org/jooq/jooq-meta/3.11.10/jooq-meta-3.11.10.jar:/home/user/.m2/repository/org/jooq/jooq-codegen/3.11.10/jooq-codegen-3.11.10.jar:/home/user/.m2/repository/com/jolbox/bonecp/0.8.0.RELEASE/bonecp-0.8.0.RELEASE.jar:/home/user/.m2/repository/org/xerial/sqlite-jdbc/3.25.2/sqlite-jdbc-3.25.2.jar:/home/user/.m2/repository/org/springframework/spring-jdbc/5.1.3.RELEASE/spring-jdbc-5.1.3.RELEASE.jar:/home/user/.m2/repository/org/springframework/spring-beans/5.1.3.RELEASE/spring-beans-5.1.3.RELEASE.jar:/home/user/.m2/repository/org/springframework/spring-core/5.1.3.RELEASE/spring-core-5.1.3.RELEASE.jar:/home/user/.m2/repository/org/springframework/spring-jcl/5.1.3.RELEASE/spring-jcl-5.1.3.RELEASE.jar:/home/user/.m2/repository/org/springframework/spring-tx/5.1.3.RELEASE/spring-tx-5.1.3.RELEASE.jar:/home/user/.m2/repository/org/apache/hadoop/hadoop-ozone-client/0.5.0-SNAPSHOT/hadoop-ozone-client-0.5.0-SNAPSHOT.jar:/home/user/.m2/repository/commons-lang/commons-lang/2.6/commons-lang-2.6.jar:/home/user/.m2/repository/org/apache/hadoop/hadoop-ozone-ozone-manager/0.5.0-SNAPSHOT/hadoop-ozone-ozone-manager-0.5.0-SNAPSHOT-tests.jar:/home/user/.m2/repository/junit/junit/4.11/junit-4.11.jar:/home/user/.m2/repository/org/hamcrest/hamcrest-core/1.3/hamcrest-core-1.3.jar:/home/user/.m2/repository/org/openjdk/jmh/jmh-core/1.19/jmh-core-1.19.jar:/home/user/.m2/repository/net/sf/jopt-simple/jopt-simple/4.6/jopt-simple-4.6.jar:/home/user/.m2/repository/org/apache/commons/commons-math3/3.1.1/commons-math3-3.1.1.jar:/home/user/.m2/repository/org/openjdk/jmh/jmh-generator-annprocess/1.19/jmh-generator-annprocess-1.19.jar:/home/user/.m2/repository/org/mockito/mockito-all/1.8.5/mockito-all-1.8.5.jar:/home/user/.m2/repository/org/apache/hadoop/hadoop-kms/3.2.0/hadoop-kms-3.2.0.jar:/home/user/.m2/repository/org/apache/hadoop/hadoop-auth/3.2.0/hadoop-auth-3.2.0.jar:/home/user/.m2/repository/com/nimbusds/nimbus-jose-jwt/4.41.1/nimbus-jose-jwt-4.41.1.jar:/home/user/.m2/repository/com/github/stephenc/jcip/jcip-annotations/1.0-1/jcip-annotations-1.0-1.jar:/home/user/.m2/repository/net/minidev/json-smart/2.3/json-smart-2.3.jar:/home/user/.m2/repository/net/minidev/accessors-smart/1.2/accessors-smart-1.2.jar:/home/user/.m2/repository/org/ow2/asm/asm/5.0.4/asm-5.0.4.jar:/home/user/.m2/repository/org/apache/curator/curator-framework/2.12.0/curator-framework-2.12.0.jar:/home/user/.m2/repository/com/sun/jersey/jersey-core/1.19/jersey-core-1.19.jar:/home/user/.m2/repository/javax/ws/rs/jsr311-api/1.1.1/jsr311-api-1.1.1.jar:/home/user/.m2/repository/com/sun/jersey/jersey-server/1.19/jersey-server-1.19.jar:/home/user/.m2/repository/javax/servlet/javax.servlet-api/3.1.0/javax.servlet-api-3.1.0.jar:/home/user/.m2/repository/org/eclipse/jetty/jetty-server/9.3.25.v20180904/jetty-server-9.3.25.v20180904.jar:/home/user/.m2/repository/org/eclipse/jetty/jetty-http/9.3.25.v20180904/jetty-http-9.3.25.v20180904.jar:/home/user/.m2/repository/org/eclipse/jetty/jetty-io/9.3.25.v20180904/jetty-io-9.3.25.v20180904.jar:/home/user/.m2/repository/org/eclipse/jetty/jetty-webapp/9.3.25.v20180904/jetty-webapp-9.3.25.v20180904.jar:/home/user/.m2/repository/org/eclipse/jetty/jetty-xml/9.3.25.v20180904/jetty-xml-9.3.25.v20180904.jar:/home/user/.m2/repository/log4j/log4j/1.2.17/log4j-1.2.17.jar:/home/user/.m2/repository/org/slf4j/slf4j-api/1.7.25/slf4j-api-1.7.25.jar:/home/user/.m2/repository/org/slf4j/jul-to-slf4j/1.7.25/jul-to-slf4j-1.7.25.jar:/home/user/.m2/repository/org/eclipse/jetty/jetty-util/9.3.25.v20180904/jetty-util-9.3.25.v20180904.jar:/home/user/.m2/repository/com/fasterxml/jackson/core/jackson-databind/2.9.9/jackson-databind-2.9.9.jar:/home/user/.m2/repository/org/apache/hadoop/hadoop-kms/3.2.0/hadoop-kms-3.2.0-tests.jar:/home/user/.m2/repository/org/apache/hadoop/hadoop-hdds-server-scm/0.5.0-SNAPSHOT/hadoop-hdds-server-scm-0.5.0-SNAPSHOT-tests.jar:/home/user/.m2/repository/org/apache/hadoop/hadoop-hdds-container-service/0.5.0-SNAPSHOT/hadoop-hdds-container-service-0.5.0-SNAPSHOT-tests.jar:/home/user/.m2/repository/org/yaml/snakeyaml/1.16/snakeyaml-1.16.jar:/home/user/.m2/repository/org/apache/hadoop/hadoop-common/3.2.0/hadoop-common-3.2.0-tests.jar:/home/user/.m2/repository/org/apache/hadoop/hadoop-annotations/3.2.0/hadoop-annotations-3.2.0.jar:/usr/lib/jvm/java-1.8.0-openjdk-1.8.0.222.b10-1.el7_7.x86_64/jre/../lib/tools.jar:/home/user/.m2/repository/commons-cli/commons-cli/1.2/commons-cli-1.2.jar:/home/user/.m2/repository/org/apache/httpcomponents/httpclient/4.5.2/httpclient-4.5.2.jar:/home/user/.m2/repository/org/apache/httpcomponents/httpcore/4.4.4/httpcore-4.4.4.jar:/home/user/.m2/repository/commons-codec/commons-codec/1.11/commons-codec-1.11.jar:/home/user/.m2/repository/commons-net/commons-net/3.6/commons-net-3.6.jar:/home/user/.m2/repository/commons-collections/commons-collections/3.2.2/commons-collections-3.2.2.jar:/home/user/.m2/repository/org/eclipse/jetty/jetty-servlet/9.3.25.v20180904/jetty-servlet-9.3.25.v20180904.jar:/home/user/.m2/repository/org/eclipse/jetty/jetty-security/9.3.25.v20180904/jetty-security-9.3.25.v20180904.jar:/home/user/.m2/repository/javax/servlet/jsp/jsp-api/2.1/jsp-api-2.1.jar:/home/user/.m2/repository/com/sun/jersey/jersey-servlet/1.19/jersey-servlet-1.19.jar:/home/user/.m2/repository/com/sun/jersey/jersey-json/1.19/jersey-json-1.19.jar:/home/user/.m2/repository/org/codehaus/jettison/jettison/1.1/jettison-1.1.jar:/home/user/.m2/repository/org/codehaus/jackson/jackson-core-asl/1.9.13/jackson-core-asl-1.9.13.jar:/home/user/.m2/repository/org/codehaus/jackson/jackson-mapper-asl/1.9.13/jackson-mapper-asl-1.9.13.jar:/home/user/.m2/repository/org/codehaus/jackson/jackson-jaxrs/1.9.13/jackson-jaxrs-1.9.13.jar:/home/user/.m2/repository/org/codehaus/jackson/jackson-xc/1.9.13/jackson-xc-1.9.13.jar:/home/user/.m2/repository/commons-logging/commons-logging/1.1.3/commons-logging-1.1.3.jar:/home/user/.m2/repository/commons-beanutils/commons-beanutils/1.9.4/commons-beanutils-1.9.4.jar:/home/user/.m2/repository/org/apache/commons/commons-configuration2/2.1.1/commons-configuration2-2.1.1.jar:/home/user/.m2/repository/org/apache/commons/commons-lang3/3.7/commons-lang3-3.7.jar:/home/user/.m2/repository/org/apache/commons/commons-text/1.4/commons-text-1.4.jar:/home/user/.m2/repository/org/apache/avro/avro/1.7.7/avro-1.7.7.jar:/home/user/.m2/repository/com/thoughtworks/paranamer/paranamer/2.3/paranamer-2.3.jar:/home/user/.m2/repository/org/xerial/snappy/snappy-java/1.0.5/snappy-java-1.0.5.jar:/home/user/.m2/repository/com/google/re2j/re2j/1.1/re2j-1.1.jar:/home/user/.m2/repository/com/google/code/gson/gson/2.2.4/gson-2.2.4.jar:/home/user/.m2/repository/com/jcraft/jsch/0.1.54/jsch-0.1.54.jar:/home/user/.m2/repository/org/apache/curator/curator-client/2.12.0/curator-client-2.12.0.jar:/home/user/.m2/repository/org/apache/curator/curator-recipes/2.12.0/curator-recipes-2.12.0.jar:/home/user/.m2/repository/com/google/code/findbugs/jsr305/3.0.0/jsr305-3.0.0.jar:/home/user/.m2/repository/org/apache/htrace/htrace-core4/4.1.0-incubating/htrace-core4-4.1.0-incubating.jar:/home/user/.m2/repository/org/apache/zookeeper/zookeeper/3.4.13/zookeeper-3.4.13.jar:/home/user/.m2/repository/jline/jline/0.9.94/jline-0.9.94.jar:/home/user/.m2/repository/org/apache/yetus/audience-annotations/0.5.0/audience-annotations-0.5.0.jar:/home/user/.m2/repository/org/codehaus/woodstox/stax2-api/3.1.4/stax2-api-3.1.4.jar:/home/user/.m2/repository/com/fasterxml/woodstox/woodstox-core/5.0.3/woodstox-core-5.0.3.jar:/home/user/.m2/repository/dnsjava/dnsjava/2.1.7/dnsjava-2.1.7.jar:/home/user/.m2/repository/org/apache/hadoop/hadoop-hdfs/3.2.0/hadoop-hdfs-3.2.0-tests.jar:/home/user/.m2/repository/org/eclipse/jetty/jetty-util-ajax/9.3.25.v20180904/jetty-util-ajax-9.3.25.v20180904.jar:/home/user/.m2/repository/commons-daemon/commons-daemon/1.0.13/commons-daemon-1.0.13.jar:/home/user/.m2/repository/io/netty/netty/3.10.5.Final/netty-3.10.5.Final.jar:/home/user/.m2/repository/io/netty/netty-all/4.0.52.Final/netty-all-4.0.52.Final.jar:/home/user/.m2/repository/org/fusesource/leveldbjni/leveldbjni-all/1.8/leveldbjni-all-1.8.jar:"/>
    <property name="sun.cpu.endian" value="little"/>
    <property name="user.home" value="/home/user"/>
    <property name="user.language" value="en"/>
    <property name="java.specification.vendor" value="Oracle Corporation"/>
    <property name="java.home" value="/usr/lib/jvm/java-1.8.0-openjdk-1.8.0.222.b10-1.el7_7.x86_64/jre"/>
    <property name="surefire.excludesFile" value="/tools/ozone-bad-unit-tests"/>
    <property name="java.security.krb5.conf" value="/workdir/hadoop-ozone/integration-test/target/test-classes/krb5.conf"/>
    <property name="basedir" value="/workdir/hadoop-ozone/integration-test"/>
    <property name="file.separator" value="/"/>
    <property name="line.separator" value="&#10;"/>
    <property name="java.vm.specification.vendor" value="Oracle Corporation"/>
    <property name="java.specification.name" value="Java Platform API Specification"/>
    <property name="java.awt.graphicsenv" value="sun.awt.X11GraphicsEnvironment"/>
    <property name="surefire.real.class.path" value="/workdir/hadoop-ozone/integration-test/target/surefire/surefirebooter5031846825049949353.jar"/>
    <property name="hadoop.log.dir" value="/workdir/hadoop-ozone/integration-test/target/log"/>
    <property name="sun.boot.class.path" value="/usr/lib/jvm/java-1.8.0-openjdk-1.8.0.222.b10-1.el7_7.x86_64/jre/lib/resources.jar:/usr/lib/jvm/java-1.8.0-openjdk-1.8.0.222.b10-1.el7_7.x86_64/jre/lib/rt.jar:/usr/lib/jvm/java-1.8.0-openjdk-1.8.0.222.b10-1.el7_7.x86_64/jre/lib/sunrsasign.jar:/usr/lib/jvm/java-1.8.0-openjdk-1.8.0.222.b10-1.el7_7.x86_64/jre/lib/jsse.jar:/usr/lib/jvm/java-1.8.0-openjdk-1.8.0.222.b10-1.el7_7.x86_64/jre/lib/jce.jar:/usr/lib/jvm/java-1.8.0-openjdk-1.8.0.222.b10-1.el7_7.x86_64/jre/lib/charsets.jar:/usr/lib/jvm/java-1.8.0-openjdk-1.8.0.222.b10-1.el7_7.x86_64/jre/lib/jfr.jar:/usr/lib/jvm/java-1.8.0-openjdk-1.8.0.222.b10-1.el7_7.x86_64/jre/classes"/>
    <property name="sun.management.compiler" value="HotSpot 64-Bit Tiered Compilers"/>
    <property name="java.runtime.version" value="1.8.0_222-b10"/>
    <property name="java.net.preferIPv4Stack" value="true"/>
    <property name="user.name" value="jenkins1000"/>
    <property name="path.separator" value=":"/>
    <property name="java.security.egd" value="file:///dev/urandom"/>
    <property name="os.version" value="3.10.0-957.12.2.el7.x86_64"/>
    <property name="java.endorsed.dirs" value="/usr/lib/jvm/java-1.8.0-openjdk-1.8.0.222.b10-1.el7_7.x86_64/jre/lib/endorsed"/>
    <property name="java.runtime.name" value="OpenJDK Runtime Environment"/>
    <property name="file.encoding" value="ANSI_X3.4-1968"/>
    <property name="java.vm.name" value="OpenJDK 64-Bit Server VM"/>
    <property name="test.build.webapps" value=""/>
    <property name="localRepository" value="/home/user/.m2/repository"/>
    <property name="java.vendor.url.bug" value="http://bugreport.sun.com/bugreport/"/>
    <property name="java.io.tmpdir" value="/tmp"/>
    <property name="require.test.libhadoop" value=""/>
    <property name="java.version" value="1.8.0_222"/>
    <property name="user.dir" value="/workdir/hadoop-ozone/integration-test"/>
    <property name="os.arch" value="amd64"/>
    <property name="java.vm.specification.name" value="Java Virtual Machine Specification"/>
    <property name="test.build.classes" value="/workdir/hadoop-ozone/integration-test/target/test-classes"/>
    <property name="java.awt.printerjob" value="sun.print.PSPrinterJob"/>
    <property name="sun.os.patch.level" value="unknown"/>
    <property name="hadoop.tmp.dir" value="/workdir/hadoop-ozone/integration-test/target/tmp"/>
    <property name="java.library.path" value="/usr/lib:/workdir/hadoop-ozone/integration-test/target/native/target/usr/local/lib:/workdir/hadoop-ozone/integration-test/../../hadoop-common-project/hadoop-common/target/native/target/usr/local/lib:/usr/java/packages/lib/amd64:/usr/lib64:/lib64:/lib:/usr/lib"/>
    <property name="java.vm.info" value="mixed mode"/>
    <property name="java.vendor" value="Oracle Corporation"/>
    <property name="java.vm.version" value="25.222-b10"/>
    <property name="java.ext.dirs" value="/usr/lib/jvm/java-1.8.0-openjdk-1.8.0.222.b10-1.el7_7.x86_64/jre/lib/ext:/usr/java/packages/lib/ext"/>
    <property name="sun.io.unicode.encoding" value="UnicodeLittle"/>
    <property name="java.class.version" value="52.0"/>
  </properties>
  <testcase name="testPipelineExclusionWithPipelineFailure" classname="org.apache.hadoop.ozone.client.rpc.TestFailureHandlingByClient" time="95.06"/>
  <testcase name="testContainerExclusionWithClosedContainerException" classname="org.apache.hadoop.ozone.client.rpc.TestFailureHandlingByClient" time="40.096"/>
  <testcase name="testWriteSmallFile" classname="org.apache.hadoop.ozone.client.rpc.TestFailureHandlingByClient" time="40.668"/>
  <testcase name="testBlockWritesWithDnFailures" classname="org.apache.hadoop.ozone.client.rpc.TestFailureHandlingByClient" time="61.283">
    <error message="Allocated 0 blocks. Requested 1 blocks" type="INTERNAL_ERROR org.apache.hadoop.ozone.om.exceptions.OMException">INTERNAL_ERROR org.apache.hadoop.ozone.om.exceptions.OMException: Allocated 0 blocks. Requested 1 blocks
	at org.apache.hadoop.ozone.om.protocolPB.OzoneManagerProtocolClientSideTranslatorPB.handleError(OzoneManagerProtocolClientSideTranslatorPB.java:761)
	at org.apache.hadoop.ozone.om.protocolPB.OzoneManagerProtocolClientSideTranslatorPB.openKey(OzoneManagerProtocolClientSideTranslatorPB.java:752)
	at sun.reflect.NativeMethodAccessorImpl.invoke0(Native Method)
	at sun.reflect.NativeMethodAccessorImpl.invoke(NativeMethodAccessorImpl.java:62)
	at sun.reflect.DelegatingMethodAccessorImpl.invoke(DelegatingMethodAccessorImpl.java:43)
	at java.lang.reflect.Method.invoke(Method.java:498)
	at org.apache.hadoop.hdds.tracing.TraceAllMethod.invoke(TraceAllMethod.java:66)
	at com.sun.proxy.$Proxy36.openKey(Unknown Source)
	at org.apache.hadoop.ozone.client.rpc.RpcClient.createKey(RpcClient.java:633)
	at org.apache.hadoop.ozone.client.OzoneBucket.createKey(OzoneBucket.java:325)
	at org.apache.hadoop.ozone.container.ContainerTestHelper.createKey(ContainerTestHelper.java:735)
	at org.apache.hadoop.ozone.client.rpc.TestFailureHandlingByClient.createKey(TestFailureHandlingByClient.java:408)
	at org.apache.hadoop.ozone.client.rpc.TestFailureHandlingByClient.testBlockWritesWithDnFailures(TestFailureHandlingByClient.java:138)
	at sun.reflect.NativeMethodAccessorImpl.invoke0(Native Method)
	at sun.reflect.NativeMethodAccessorImpl.invoke(NativeMethodAccessorImpl.java:62)
	at sun.reflect.DelegatingMethodAccessorImpl.invoke(DelegatingMethodAccessorImpl.java:43)
	at java.lang.reflect.Method.invoke(Method.java:498)
	at org.junit.runners.model.FrameworkMethod$1.runReflectiveCall(FrameworkMethod.java:47)
	at org.junit.internal.runners.model.ReflectiveCallable.run(ReflectiveCallable.java:12)
	at org.junit.runners.model.FrameworkMethod.invokeExplosively(FrameworkMethod.java:44)
	at org.junit.internal.runners.statements.InvokeMethod.evaluate(InvokeMethod.java:17)
	at org.junit.internal.runners.statements.RunAfters.evaluate(RunAfters.java:27)
	at org.junit.runners.ParentRunner.runLeaf(ParentRunner.java:271)
	at org.junit.runners.BlockJUnit4ClassRunner.runChild(BlockJUnit4ClassRunner.java:70)
	at org.junit.runners.BlockJUnit4ClassRunner.runChild(BlockJUnit4ClassRunner.java:50)
	at org.junit.runners.ParentRunner$3.run(ParentRunner.java:238)
	at org.junit.runners.ParentRunner$1.schedule(ParentRunner.java:63)
	at org.junit.runners.ParentRunner.runChildren(ParentRunner.java:236)
	at org.junit.runners.ParentRunner.access$000(ParentRunner.java:53)
	at org.junit.runners.ParentRunner$2.evaluate(ParentRunner.java:229)
	at org.junit.runners.ParentRunner.run(ParentRunner.java:309)
	at org.apache.maven.surefire.junit4.JUnit4Provider.execute(JUnit4Provider.java:365)
	at org.apache.maven.surefire.junit4.JUnit4Provider.executeWithRerun(JUnit4Provider.java:273)
	at org.apache.maven.surefire.junit4.JUnit4Provider.executeTestSet(JUnit4Provider.java:238)
	at org.apache.maven.surefire.junit4.JUnit4Provider.invoke(JUnit4Provider.java:159)
	at org.apache.maven.surefire.booter.ForkedBooter.invokeProviderInSameClassLoader(ForkedBooter.java:384)
	at org.apache.maven.surefire.booter.ForkedBooter.runSuitesInProcess(ForkedBooter.java:345)
	at org.apache.maven.surefire.booter.ForkedBooter.execute(ForkedBooter.java:126)
	at org.apache.maven.surefire.booter.ForkedBooter.main(ForkedBooter.java:418)
</error>
    <system-out><![CDATA[2019-11-14 22:48:12,618 [main] WARN  server.ServerUtils (ServerUtils.java:getScmDbDir(145)) - ozone.scm.db.dirs is not configured. We recommend adding this setting. Falling back to ozone.metadata.dirs instead.
2019-11-14 22:48:12,644 [main] WARN  server.ServerUtils (ServerUtils.java:getScmDbDir(145)) - ozone.scm.db.dirs is not configured. We recommend adding this setting. Falling back to ozone.metadata.dirs instead.
2019-11-14 22:48:12,644 [main] WARN  server.ServerUtils (ServerUtils.java:getScmDbDir(145)) - ozone.scm.db.dirs is not configured. We recommend adding this setting. Falling back to ozone.metadata.dirs instead.
2019-11-14 22:48:12,645 [main] INFO  db.DBStoreBuilder (DBStoreBuilder.java:addTable(127)) - using custom profile for table: deletedBlocks
2019-11-14 22:48:12,645 [main] INFO  db.DBStoreBuilder (DBStoreBuilder.java:processTables(183)) - Using default column profile:DBProfile.DISK for Table:deletedBlocks
2019-11-14 22:48:12,645 [main] INFO  db.DBStoreBuilder (DBStoreBuilder.java:addTable(127)) - using custom profile for table: validCerts
2019-11-14 22:48:12,645 [main] INFO  db.DBStoreBuilder (DBStoreBuilder.java:processTables(183)) - Using default column profile:DBProfile.DISK for Table:validCerts
2019-11-14 22:48:12,646 [main] INFO  db.DBStoreBuilder (DBStoreBuilder.java:addTable(127)) - using custom profile for table: revokedCerts
2019-11-14 22:48:12,646 [main] INFO  db.DBStoreBuilder (DBStoreBuilder.java:processTables(183)) - Using default column profile:DBProfile.DISK for Table:revokedCerts
2019-11-14 22:48:12,646 [main] INFO  db.DBStoreBuilder (DBStoreBuilder.java:addTable(127)) - using custom profile for table: default
2019-11-14 22:48:12,646 [main] INFO  db.DBStoreBuilder (DBStoreBuilder.java:processTables(189)) - Using default column profile:DBProfile.DISK for Table:default
2019-11-14 22:48:12,646 [main] INFO  db.DBStoreBuilder (DBStoreBuilder.java:getDbProfile(220)) - Using default options. DBProfile.DISK
2019-11-14 22:48:12,820 [main] INFO  net.NodeSchemaLoader (NodeSchemaLoader.java:loadSchemaFromFile(125)) - Loading file from sun.misc.CompoundEnumeration@58dad04a
2019-11-14 22:48:12,821 [main] INFO  net.NodeSchemaLoader (NodeSchemaLoader.java:loadSchema(171)) - Loading network topology layer schema file
2019-11-14 22:48:12,824 [main] INFO  node.SCMNodeManager (SCMNodeManager.java:<init>(116)) - Entering startup safe mode.
2019-11-14 22:48:12,825 [main] INFO  algorithms.ContainerPlacementPolicyFactory (ContainerPlacementPolicyFactory.java:getPolicy(57)) - Create container placement policy of type org.apache.hadoop.hdds.scm.container.placement.algorithms.SCMContainerPlacementRandom
2019-11-14 22:48:12,825 [main] WARN  server.ServerUtils (ServerUtils.java:getScmDbDir(145)) - ozone.scm.db.dirs is not configured. We recommend adding this setting. Falling back to ozone.metadata.dirs instead.
2019-11-14 22:48:12,923 [main] INFO  pipeline.SCMPipelineManager (SCMPipelineManager.java:initializePipelineState(132)) - No pipeline exists in current db
2019-11-14 22:48:12,923 [main] WARN  server.ServerUtils (ServerUtils.java:getScmDbDir(145)) - ozone.scm.db.dirs is not configured. We recommend adding this setting. Falling back to ozone.metadata.dirs instead.
2019-11-14 22:48:13,005 [main] WARN  events.EventQueue (EventQueue.java:fireEvent(183)) - No event handler registered for event TypedEvent{payloadType=SafeModeStatus, name='SafeModeStatus'}
2019-11-14 22:48:13,005 [main] INFO  ipc.CallQueueManager (CallQueueManager.java:<init>(84)) - Using callQueue: class java.util.concurrent.LinkedBlockingQueue, queueCapacity: 2000, scheduler: class org.apache.hadoop.ipc.DefaultRpcScheduler, ipcBackoff: false.
2019-11-14 22:48:13,007 [Socket Reader #1 for port 41010] INFO  ipc.Server (Server.java:run(1074)) - Starting Socket Reader #1 for port 41010
2019-11-14 22:48:13,008 [main] INFO  ipc.CallQueueManager (CallQueueManager.java:<init>(84)) - Using callQueue: class java.util.concurrent.LinkedBlockingQueue, queueCapacity: 2000, scheduler: class org.apache.hadoop.ipc.DefaultRpcScheduler, ipcBackoff: false.
2019-11-14 22:48:13,009 [Socket Reader #1 for port 46630] INFO  ipc.Server (Server.java:run(1074)) - Starting Socket Reader #1 for port 46630
2019-11-14 22:48:13,010 [main] INFO  ipc.CallQueueManager (CallQueueManager.java:<init>(84)) - Using callQueue: class java.util.concurrent.LinkedBlockingQueue, queueCapacity: 2000, scheduler: class org.apache.hadoop.ipc.DefaultRpcScheduler, ipcBackoff: false.
2019-11-14 22:48:13,011 [Socket Reader #1 for port 34190] INFO  ipc.Server (Server.java:run(1074)) - Starting Socket Reader #1 for port 34190
2019-11-14 22:48:13,013 [main] INFO  hdfs.DFSUtil (DFSUtil.java:httpServerTemplateForNNAndJN(1641)) - Starting Web-server for scm at: http://0.0.0.0:0
2019-11-14 22:48:13,015 [main] INFO  server.AuthenticationFilter (AuthenticationFilter.java:constructSecretProvider(240)) - Unable to initialize FileSignerSecretProvider, falling back to use random secrets.
2019-11-14 22:48:13,015 [main] WARN  http.HttpRequestLog (HttpRequestLog.java:getRequestLog(97)) - Jetty request log can only be enabled using Log4j
2019-11-14 22:48:13,017 [main] INFO  http.HttpServer2 (HttpServer2.java:addGlobalFilter(975)) - Added global filter 'safety' (class=org.apache.hadoop.http.HttpServer2$QuotingInputFilter)
2019-11-14 22:48:13,018 [main] INFO  http.HttpServer2 (HttpServer2.java:addFilter(948)) - Added filter static_user_filter (class=org.apache.hadoop.http.lib.StaticUserWebFilter$StaticUserFilter) to context scm
2019-11-14 22:48:13,018 [main] INFO  http.HttpServer2 (HttpServer2.java:addFilter(958)) - Added filter static_user_filter (class=org.apache.hadoop.http.lib.StaticUserWebFilter$StaticUserFilter) to context static
2019-11-14 22:48:13,018 [main] INFO  http.HttpServer2 (HttpServer2.java:addFilter(958)) - Added filter static_user_filter (class=org.apache.hadoop.http.lib.StaticUserWebFilter$StaticUserFilter) to context logs
2019-11-14 22:48:13,021 [main] INFO  server.StorageContainerManager (StorageContainerManager.java:start(766)) - StorageContainerLocationProtocol RPC server is listening at /0.0.0.0:34190
2019-11-14 22:48:13,023 [main] WARN  impl.MetricsConfig (MetricsConfig.java:loadFirst(134)) - Cannot locate configuration: tried hadoop-metrics2-storagecontainermanager.properties,hadoop-metrics2.properties
2019-11-14 22:48:13,025 [main] INFO  impl.MetricsSystemImpl (MetricsSystemImpl.java:startTimer(374)) - Scheduled Metric snapshot period at 10 second(s).
2019-11-14 22:48:13,025 [main] INFO  impl.MetricsSystemImpl (MetricsSystemImpl.java:start(191)) - StorageContainerManager metrics system started
2019-11-14 22:48:13,069 [main] WARN  impl.MetricsSystemImpl (MetricsSystemImpl.java:register(276)) - Sink prometheus already exists!
2019-11-14 22:48:13,114 [main] INFO  server.SCMClientProtocolServer (SCMClientProtocolServer.java:start(160)) - RPC server for Client  is listening at /0.0.0.0:34190
2019-11-14 22:48:13,115 [IPC Server listener on 34190] INFO  ipc.Server (Server.java:run(1153)) - IPC Server listener on 34190: starting
2019-11-14 22:48:13,115 [IPC Server Responder] INFO  ipc.Server (Server.java:run(1314)) - IPC Server Responder: starting
2019-11-14 22:48:13,117 [main] INFO  server.StorageContainerManager (StorageContainerManager.java:start(776)) - ScmBlockLocationProtocol RPC server is listening at /0.0.0.0:46630
2019-11-14 22:48:13,117 [main] INFO  server.SCMBlockProtocolServer (SCMBlockProtocolServer.java:start(146)) - RPC server for Block Protocol is listening at /0.0.0.0:46630
2019-11-14 22:48:13,118 [IPC Server Responder] INFO  ipc.Server (Server.java:run(1314)) - IPC Server Responder: starting
2019-11-14 22:48:13,118 [IPC Server listener on 46630] INFO  ipc.Server (Server.java:run(1153)) - IPC Server listener on 46630: starting
2019-11-14 22:48:13,120 [main] INFO  server.StorageContainerManager (StorageContainerManager.java:start(780)) - ScmDatanodeProtocl RPC server is listening at /0.0.0.0:41010
2019-11-14 22:48:13,120 [main] INFO  server.SCMDatanodeProtocolServer (SCMDatanodeProtocolServer.java:start(169)) - RPC server for DataNodes is listening at /0.0.0.0:41010
2019-11-14 22:48:13,120 [IPC Server Responder] INFO  ipc.Server (Server.java:run(1314)) - IPC Server Responder: starting
2019-11-14 22:48:13,120 [IPC Server listener on 41010] INFO  ipc.Server (Server.java:run(1153)) - IPC Server listener on 41010: starting
2019-11-14 22:48:13,123 [main] INFO  http.HttpServer2 (HttpServer2.java:bindListener(1191)) - Jetty bound to port 44602
2019-11-14 22:48:13,123 [main] INFO  server.Server (Server.java:doStart(351)) - jetty-9.3.25.v20180904, build timestamp: 2018-09-04T21:11:46Z, git hash: 3ce520221d0240229c862b122d2b06c12a625732
2019-11-14 22:48:13,125 [main] INFO  handler.ContextHandler (ContextHandler.java:doStart(781)) - Started o.e.j.s.ServletContextHandler@66749eea{/logs,file:///workdir/hadoop-ozone/integration-test/target/log,AVAILABLE}
2019-11-14 22:48:13,125 [main] INFO  handler.ContextHandler (ContextHandler.java:doStart(781)) - Started o.e.j.s.ServletContextHandler@617449dd{/static,file:///workdir/hadoop-ozone/integration-test/target/test-classes/webapps/static,AVAILABLE}
2019-11-14 22:48:13,129 [main] INFO  handler.ContextHandler (ContextHandler.java:doStart(781)) - Started o.e.j.w.WebAppContext@324b6a56{/,file:///workdir/hadoop-ozone/integration-test/target/test-classes/webapps/scm/,AVAILABLE}{/scm}
2019-11-14 22:48:13,130 [main] INFO  server.AbstractConnector (AbstractConnector.java:doStart(278)) - Started ServerConnector@421d54b3{HTTP/1.1,[http/1.1]}{0.0.0.0:44602}
2019-11-14 22:48:13,130 [main] INFO  server.Server (Server.java:doStart(419)) - Started @176714ms
2019-11-14 22:48:13,130 [main] WARN  impl.MetricsSystemImpl (MetricsSystemImpl.java:register(276)) - Sink prometheus already exists!
2019-11-14 22:48:13,131 [main] INFO  server.BaseHttpServer (BaseHttpServer.java:updateConnectorAddress(215)) - HTTP server of SCM is listening at http://0.0.0.0:44602
2019-11-14 22:48:13,132 [main] WARN  server.ServerUtils (ServerUtils.java:getDBPath(222)) - ozone.om.db.dirs is not configured. We recommend adding this setting. Falling back to ozone.metadata.dirs instead.
2019-11-14 22:48:13,132 [org.apache.hadoop.util.JvmPauseMonitor$Monitor@4dad8ec0] INFO  util.JvmPauseMonitor (JvmPauseMonitor.java:run(188)) - Starting JVM pause monitor
2019-11-14 22:48:13,155 [main] INFO  ha.OMHANodeDetails (OMHANodeDetails.java:loadOMHAConfig(190)) - Configuration either no ozone.om.address set. Falling back to the default OM address /127.0.0.1:0
2019-11-14 22:48:13,155 [main] INFO  ha.OMHANodeDetails (OMHANodeDetails.java:getOMNodeDetails(220)) - OM Service ID is not set. Setting it to the default ID: omServiceIdDefault
2019-11-14 22:48:13,155 [main] WARN  server.ServerUtils (ServerUtils.java:getDBPath(222)) - ozone.om.db.dirs is not configured. We recommend adding this setting. Falling back to ozone.metadata.dirs instead.
2019-11-14 22:48:13,156 [main] WARN  server.ServerUtils (ServerUtils.java:getDBPath(222)) - ozone.om.db.dirs is not configured. We recommend adding this setting. Falling back to ozone.metadata.dirs instead.
2019-11-14 22:48:13,167 [main] WARN  server.ServerUtils (ServerUtils.java:getDBPath(222)) - ozone.om.db.dirs is not configured. We recommend adding this setting. Falling back to ozone.metadata.dirs instead.
2019-11-14 22:48:13,167 [main] INFO  db.DBStoreBuilder (DBStoreBuilder.java:addTable(127)) - using custom profile for table: userTable
2019-11-14 22:48:13,168 [main] INFO  db.DBStoreBuilder (DBStoreBuilder.java:processTables(183)) - Using default column profile:DBProfile.DISK for Table:userTable
2019-11-14 22:48:13,168 [main] INFO  db.DBStoreBuilder (DBStoreBuilder.java:addTable(127)) - using custom profile for table: volumeTable
2019-11-14 22:48:13,168 [main] INFO  db.DBStoreBuilder (DBStoreBuilder.java:processTables(183)) - Using default column profile:DBProfile.DISK for Table:volumeTable
2019-11-14 22:48:13,168 [main] INFO  db.DBStoreBuilder (DBStoreBuilder.java:addTable(127)) - using custom profile for table: bucketTable
2019-11-14 22:48:13,168 [main] INFO  db.DBStoreBuilder (DBStoreBuilder.java:processTables(183)) - Using default column profile:DBProfile.DISK for Table:bucketTable
2019-11-14 22:48:13,168 [main] INFO  db.DBStoreBuilder (DBStoreBuilder.java:addTable(127)) - using custom profile for table: keyTable
2019-11-14 22:48:13,168 [main] INFO  db.DBStoreBuilder (DBStoreBuilder.java:processTables(183)) - Using default column profile:DBProfile.DISK for Table:keyTable
2019-11-14 22:48:13,169 [main] INFO  db.DBStoreBuilder (DBStoreBuilder.java:addTable(127)) - using custom profile for table: deletedTable
2019-11-14 22:48:13,169 [main] INFO  db.DBStoreBuilder (DBStoreBuilder.java:processTables(183)) - Using default column profile:DBProfile.DISK for Table:deletedTable
2019-11-14 22:48:13,169 [main] INFO  db.DBStoreBuilder (DBStoreBuilder.java:addTable(127)) - using custom profile for table: openKeyTable
2019-11-14 22:48:13,169 [main] INFO  db.DBStoreBuilder (DBStoreBuilder.java:processTables(183)) - Using default column profile:DBProfile.DISK for Table:openKeyTable
2019-11-14 22:48:13,169 [main] INFO  db.DBStoreBuilder (DBStoreBuilder.java:addTable(127)) - using custom profile for table: s3Table
2019-11-14 22:48:13,169 [main] INFO  db.DBStoreBuilder (DBStoreBuilder.java:processTables(183)) - Using default column profile:DBProfile.DISK for Table:s3Table
2019-11-14 22:48:13,169 [main] INFO  db.DBStoreBuilder (DBStoreBuilder.java:addTable(127)) - using custom profile for table: multipartInfoTable
2019-11-14 22:48:13,170 [main] INFO  db.DBStoreBuilder (DBStoreBuilder.java:processTables(183)) - Using default column profile:DBProfile.DISK for Table:multipartInfoTable
2019-11-14 22:48:13,170 [main] INFO  db.DBStoreBuilder (DBStoreBuilder.java:addTable(127)) - using custom profile for table: dTokenTable
2019-11-14 22:48:13,170 [main] INFO  db.DBStoreBuilder (DBStoreBuilder.java:processTables(183)) - Using default column profile:DBProfile.DISK for Table:dTokenTable
2019-11-14 22:48:13,170 [main] INFO  db.DBStoreBuilder (DBStoreBuilder.java:addTable(127)) - using custom profile for table: s3SecretTable
2019-11-14 22:48:13,170 [main] INFO  db.DBStoreBuilder (DBStoreBuilder.java:processTables(183)) - Using default column profile:DBProfile.DISK for Table:s3SecretTable
2019-11-14 22:48:13,170 [main] INFO  db.DBStoreBuilder (DBStoreBuilder.java:addTable(127)) - using custom profile for table: prefixTable
2019-11-14 22:48:13,170 [main] INFO  db.DBStoreBuilder (DBStoreBuilder.java:processTables(183)) - Using default column profile:DBProfile.DISK for Table:prefixTable
2019-11-14 22:48:13,171 [main] INFO  db.DBStoreBuilder (DBStoreBuilder.java:addTable(127)) - using custom profile for table: default
2019-11-14 22:48:13,171 [main] INFO  db.DBStoreBuilder (DBStoreBuilder.java:processTables(189)) - Using default column profile:DBProfile.DISK for Table:default
2019-11-14 22:48:13,171 [main] INFO  db.DBStoreBuilder (DBStoreBuilder.java:getDbProfile(220)) - Using default options. DBProfile.DISK
2019-11-14 22:48:13,801 [main] INFO  ipc.CallQueueManager (CallQueueManager.java:<init>(84)) - Using callQueue: class java.util.concurrent.LinkedBlockingQueue, queueCapacity: 2000, scheduler: class org.apache.hadoop.ipc.DefaultRpcScheduler, ipcBackoff: false.
2019-11-14 22:48:13,802 [Socket Reader #1 for port 43918] INFO  ipc.Server (Server.java:run(1074)) - Starting Socket Reader #1 for port 43918
2019-11-14 22:48:13,818 [main] INFO  om.OzoneManager (OzoneManager.java:start(1077)) - OzoneManager RPC server is listening at localhost/127.0.0.1:43918
2019-11-14 22:48:13,818 [main] INFO  impl.MetricsSystemImpl (MetricsSystemImpl.java:init(158)) - OzoneManager metrics system started (again)
2019-11-14 22:48:13,820 [IPC Server Responder] INFO  ipc.Server (Server.java:run(1314)) - IPC Server Responder: starting
2019-11-14 22:48:13,820 [IPC Server listener on 43918] INFO  ipc.Server (Server.java:run(1153)) - IPC Server listener on 43918: starting
2019-11-14 22:48:13,825 [main] INFO  hdfs.DFSUtil (DFSUtil.java:httpServerTemplateForNNAndJN(1641)) - Starting Web-server for ozoneManager at: http://0.0.0.0:0
2019-11-14 22:48:13,827 [main] INFO  server.AuthenticationFilter (AuthenticationFilter.java:constructSecretProvider(240)) - Unable to initialize FileSignerSecretProvider, falling back to use random secrets.
2019-11-14 22:48:13,827 [main] WARN  http.HttpRequestLog (HttpRequestLog.java:getRequestLog(97)) - Jetty request log can only be enabled using Log4j
2019-11-14 22:48:13,829 [main] INFO  http.HttpServer2 (HttpServer2.java:addGlobalFilter(975)) - Added global filter 'safety' (class=org.apache.hadoop.http.HttpServer2$QuotingInputFilter)
2019-11-14 22:48:13,830 [main] INFO  http.HttpServer2 (HttpServer2.java:addFilter(948)) - Added filter static_user_filter (class=org.apache.hadoop.http.lib.StaticUserWebFilter$StaticUserFilter) to context ozoneManager
2019-11-14 22:48:13,830 [main] INFO  http.HttpServer2 (HttpServer2.java:addFilter(958)) - Added filter static_user_filter (class=org.apache.hadoop.http.lib.StaticUserWebFilter$StaticUserFilter) to context logs
2019-11-14 22:48:13,830 [main] INFO  http.HttpServer2 (HttpServer2.java:addFilter(958)) - Added filter static_user_filter (class=org.apache.hadoop.http.lib.StaticUserWebFilter$StaticUserFilter) to context static
2019-11-14 22:48:13,831 [main] INFO  http.HttpServer2 (HttpServer2.java:bindListener(1191)) - Jetty bound to port 40166
2019-11-14 22:48:13,832 [main] INFO  server.Server (Server.java:doStart(351)) - jetty-9.3.25.v20180904, build timestamp: 2018-09-04T21:11:46Z, git hash: 3ce520221d0240229c862b122d2b06c12a625732
2019-11-14 22:48:13,834 [main] INFO  handler.ContextHandler (ContextHandler.java:doStart(781)) - Started o.e.j.s.ServletContextHandler@6f6cc7da{/logs,file:///workdir/hadoop-ozone/integration-test/target/log,AVAILABLE}
2019-11-14 22:48:13,835 [main] INFO  handler.ContextHandler (ContextHandler.java:doStart(781)) - Started o.e.j.s.ServletContextHandler@29f3c438{/static,file:///workdir/hadoop-ozone/integration-test/target/test-classes/webapps/static,AVAILABLE}
2019-11-14 22:48:13,840 [main] INFO  handler.ContextHandler (ContextHandler.java:doStart(781)) - Started o.e.j.w.WebAppContext@22ead351{/,file:///workdir/hadoop-ozone/integration-test/target/test-classes/webapps/ozoneManager/,AVAILABLE}{/ozoneManager}
2019-11-14 22:48:13,840 [main] INFO  server.AbstractConnector (AbstractConnector.java:doStart(278)) - Started ServerConnector@68af87ad{HTTP/1.1,[http/1.1]}{0.0.0.0:40166}
2019-11-14 22:48:13,841 [main] INFO  server.Server (Server.java:doStart(419)) - Started @177426ms
2019-11-14 22:48:13,841 [main] WARN  impl.MetricsSystemImpl (MetricsSystemImpl.java:register(276)) - Sink prometheus already exists!
2019-11-14 22:48:13,843 [main] INFO  server.BaseHttpServer (BaseHttpServer.java:updateConnectorAddress(215)) - HTTP server of OZONEMANAGER is listening at http://0.0.0.0:40166
2019-11-14 22:48:13,864 [main] INFO  impl.MetricsSystemImpl (MetricsSystemImpl.java:init(158)) - HddsDatanode metrics system started (again)
2019-11-14 22:48:13,866 [main] INFO  ozone.HddsDatanodeService (HddsDatanodeService.java:start(186)) - HddsDatanodeService host:pr-hdds-2494-dtfqw-3996435450 ip:192.168.69.106
2019-11-14 22:48:13,873 [main] INFO  volume.HddsVolume (HddsVolume.java:<init>(176)) - Creating Volume: /workdir/hadoop-ozone/integration-test/target/test-dir/MiniOzoneClusterImpl-cc864e37-e864-4d68-a6c4-66bb4c0b7714/datanode-0/data/containers/hdds of  storage type : DISK and capacity : 1482555576320
2019-11-14 22:48:13,876 [main] INFO  volume.VolumeSet (VolumeSet.java:initializeVolumeSet(170)) - Added Volume : /workdir/hadoop-ozone/integration-test/target/test-dir/MiniOzoneClusterImpl-cc864e37-e864-4d68-a6c4-66bb4c0b7714/datanode-0/data/containers/hdds to VolumeSet
2019-11-14 22:48:13,877 [main] INFO  volume.ThrottledAsyncChecker (ThrottledAsyncChecker.java:schedule(141)) - Scheduling a check for /workdir/hadoop-ozone/integration-test/target/test-dir/MiniOzoneClusterImpl-cc864e37-e864-4d68-a6c4-66bb4c0b7714/datanode-0/data/containers/hdds
2019-11-14 22:48:13,877 [main] INFO  volume.HddsVolumeChecker (HddsVolumeChecker.java:checkAllVolumes(204)) - Scheduled health check for volume /workdir/hadoop-ozone/integration-test/target/test-dir/MiniOzoneClusterImpl-cc864e37-e864-4d68-a6c4-66bb4c0b7714/datanode-0/data/containers/hdds
2019-11-14 22:48:13,893 [main] INFO  impl.RaftServerProxy (ConfUtils.java:logGet(43)) - raft.rpc.type = GRPC (default)
2019-11-14 22:48:13,894 [main] INFO  grpc.GrpcFactory (GrpcFactory.java:checkPooledByteBufAllocatorUseCacheForAllThreads(45)) - PERFORMANCE WARNING: useCacheForAllThreads is true that may cause Netty to create a lot garbage objects and, as a result, trigger GC.
	It is recommended to disable useCacheForAllThreads by setting -Dorg.apache.ratis.thirdparty.io.netty.allocator.useCacheForAllThreads=false in command line.
2019-11-14 22:48:13,894 [main] INFO  grpc.GrpcConfigKeys$Server (ConfUtils.java:logGet(43)) - raft.grpc.server.port = 0 (default)
2019-11-14 22:48:13,894 [main] INFO  server.GrpcService (ConfUtils.java:logGet(43)) - raft.grpc.message.size.max = 33570816 (custom)
2019-11-14 22:48:13,894 [main] INFO  server.RaftServerConfigKeys (ConfUtils.java:logGet(43)) - raft.server.log.appender.buffer.byte-limit = 33554432 (custom)
2019-11-14 22:48:13,894 [main] INFO  server.GrpcService (ConfUtils.java:logGet(43)) - raft.grpc.flow.control.window = 1MB (=1048576) (default)
2019-11-14 22:48:13,895 [main] INFO  server.RaftServerConfigKeys (ConfUtils.java:logGet(43)) - raft.server.rpc.request.timeout = 3000ms (default)
2019-11-14 22:48:13,895 [main] INFO  server.RaftServerConfigKeys (ConfUtils.java:logGet(43)) - raft.server.storage.dir = [/workdir/hadoop-ozone/integration-test/target/test-dir/MiniOzoneClusterImpl-cc864e37-e864-4d68-a6c4-66bb4c0b7714/datanode-0/data/ratis] (custom)
2019-11-14 22:48:13,904 [main] INFO  hdfs.DFSUtil (DFSUtil.java:httpServerTemplateForNNAndJN(1641)) - Starting Web-server for hddsDatanode at: http://0.0.0.0:0
2019-11-14 22:48:13,906 [main] INFO  server.AuthenticationFilter (AuthenticationFilter.java:constructSecretProvider(240)) - Unable to initialize FileSignerSecretProvider, falling back to use random secrets.
2019-11-14 22:48:13,906 [main] WARN  http.HttpRequestLog (HttpRequestLog.java:getRequestLog(97)) - Jetty request log can only be enabled using Log4j
2019-11-14 22:48:13,908 [main] INFO  http.HttpServer2 (HttpServer2.java:addGlobalFilter(975)) - Added global filter 'safety' (class=org.apache.hadoop.http.HttpServer2$QuotingInputFilter)
2019-11-14 22:48:13,908 [main] INFO  http.HttpServer2 (HttpServer2.java:addFilter(948)) - Added filter static_user_filter (class=org.apache.hadoop.http.lib.StaticUserWebFilter$StaticUserFilter) to context hddsDatanode
2019-11-14 22:48:13,908 [main] INFO  http.HttpServer2 (HttpServer2.java:addFilter(958)) - Added filter static_user_filter (class=org.apache.hadoop.http.lib.StaticUserWebFilter$StaticUserFilter) to context logs
2019-11-14 22:48:13,908 [main] INFO  http.HttpServer2 (HttpServer2.java:addFilter(958)) - Added filter static_user_filter (class=org.apache.hadoop.http.lib.StaticUserWebFilter$StaticUserFilter) to context static
2019-11-14 22:48:13,909 [main] INFO  http.HttpServer2 (HttpServer2.java:bindListener(1191)) - Jetty bound to port 34523
2019-11-14 22:48:13,909 [main] INFO  server.Server (Server.java:doStart(351)) - jetty-9.3.25.v20180904, build timestamp: 2018-09-04T21:11:46Z, git hash: 3ce520221d0240229c862b122d2b06c12a625732
2019-11-14 22:48:13,911 [main] INFO  handler.ContextHandler (ContextHandler.java:doStart(781)) - Started o.e.j.s.ServletContextHandler@446e7065{/logs,file:///workdir/hadoop-ozone/integration-test/target/log,AVAILABLE}
2019-11-14 22:48:13,911 [main] INFO  handler.ContextHandler (ContextHandler.java:doStart(781)) - Started o.e.j.s.ServletContextHandler@3b78c683{/static,jar:file:/home/user/.m2/repository/org/apache/hadoop/hadoop-hdds-container-service/0.5.0-SNAPSHOT/hadoop-hdds-container-service-0.5.0-SNAPSHOT.jar!/webapps/static,AVAILABLE}
2019-11-14 22:48:13,941 [main] INFO  handler.ContextHandler (ContextHandler.java:doStart(781)) - Started o.e.j.w.WebAppContext@7ce29a2d{/,file:///tmp/jetty-0.0.0.0-34523-hddsDatanode-_-any-7919826606715768470.dir/webapp/,AVAILABLE}{/hddsDatanode}
2019-11-14 22:48:13,942 [main] INFO  server.AbstractConnector (AbstractConnector.java:doStart(278)) - Started ServerConnector@457a5b2d{HTTP/1.1,[http/1.1]}{0.0.0.0:34523}
2019-11-14 22:48:13,943 [main] INFO  server.Server (Server.java:doStart(419)) - Started @177527ms
2019-11-14 22:48:13,943 [main] WARN  impl.MetricsSystemImpl (MetricsSystemImpl.java:register(276)) - Sink prometheus already exists!
2019-11-14 22:48:13,944 [main] INFO  server.BaseHttpServer (BaseHttpServer.java:updateConnectorAddress(215)) - HTTP server of HDDSDATANODE is listening at http://0.0.0.0:34523
2019-11-14 22:48:13,945 [main] INFO  impl.MetricsSystemImpl (MetricsSystemImpl.java:init(158)) - HddsDatanode metrics system started (again)
2019-11-14 22:48:13,947 [main] INFO  ozone.HddsDatanodeService (HddsDatanodeService.java:start(186)) - HddsDatanodeService host:pr-hdds-2494-dtfqw-3996435450 ip:192.168.69.106
2019-11-14 22:48:13,947 [org.apache.hadoop.util.JvmPauseMonitor$Monitor@514a5240] INFO  util.JvmPauseMonitor (JvmPauseMonitor.java:run(188)) - Starting JVM pause monitor
2019-11-14 22:48:13,949 [Datanode State Machine Thread - 0] INFO  datanode.InitDatanodeState (InitDatanodeState.java:persistContainerDatanodeDetails(140)) - DatanodeDetails is persisted to /workdir/hadoop-ozone/integration-test/target/test-dir/MiniOzoneClusterImpl-cc864e37-e864-4d68-a6c4-66bb4c0b7714/datanode-0/meta/datanode.id
2019-11-14 22:48:13,953 [main] INFO  volume.HddsVolume (HddsVolume.java:<init>(176)) - Creating Volume: /workdir/hadoop-ozone/integration-test/target/test-dir/MiniOzoneClusterImpl-cc864e37-e864-4d68-a6c4-66bb4c0b7714/datanode-1/data/containers/hdds of  storage type : DISK and capacity : 1482555576320
2019-11-14 22:48:13,954 [main] INFO  volume.VolumeSet (VolumeSet.java:initializeVolumeSet(170)) - Added Volume : /workdir/hadoop-ozone/integration-test/target/test-dir/MiniOzoneClusterImpl-cc864e37-e864-4d68-a6c4-66bb4c0b7714/datanode-1/data/containers/hdds to VolumeSet
2019-11-14 22:48:13,954 [main] INFO  volume.ThrottledAsyncChecker (ThrottledAsyncChecker.java:schedule(141)) - Scheduling a check for /workdir/hadoop-ozone/integration-test/target/test-dir/MiniOzoneClusterImpl-cc864e37-e864-4d68-a6c4-66bb4c0b7714/datanode-1/data/containers/hdds
2019-11-14 22:48:13,954 [main] INFO  volume.HddsVolumeChecker (HddsVolumeChecker.java:checkAllVolumes(204)) - Scheduled health check for volume /workdir/hadoop-ozone/integration-test/target/test-dir/MiniOzoneClusterImpl-cc864e37-e864-4d68-a6c4-66bb4c0b7714/datanode-1/data/containers/hdds
2019-11-14 22:48:13,970 [main] INFO  impl.RaftServerProxy (ConfUtils.java:logGet(43)) - raft.rpc.type = GRPC (default)
2019-11-14 22:48:13,970 [main] INFO  grpc.GrpcFactory (GrpcFactory.java:checkPooledByteBufAllocatorUseCacheForAllThreads(45)) - PERFORMANCE WARNING: useCacheForAllThreads is true that may cause Netty to create a lot garbage objects and, as a result, trigger GC.
	It is recommended to disable useCacheForAllThreads by setting -Dorg.apache.ratis.thirdparty.io.netty.allocator.useCacheForAllThreads=false in command line.
2019-11-14 22:48:13,970 [main] INFO  grpc.GrpcConfigKeys$Server (ConfUtils.java:logGet(43)) - raft.grpc.server.port = 0 (default)
2019-11-14 22:48:13,970 [main] INFO  server.GrpcService (ConfUtils.java:logGet(43)) - raft.grpc.message.size.max = 33570816 (custom)
2019-11-14 22:48:13,970 [main] INFO  server.RaftServerConfigKeys (ConfUtils.java:logGet(43)) - raft.server.log.appender.buffer.byte-limit = 33554432 (custom)
2019-11-14 22:48:13,971 [main] INFO  server.GrpcService (ConfUtils.java:logGet(43)) - raft.grpc.flow.control.window = 1MB (=1048576) (default)
2019-11-14 22:48:13,971 [main] INFO  server.RaftServerConfigKeys (ConfUtils.java:logGet(43)) - raft.server.rpc.request.timeout = 3000ms (default)
2019-11-14 22:48:13,971 [main] INFO  server.RaftServerConfigKeys (ConfUtils.java:logGet(43)) - raft.server.storage.dir = [/workdir/hadoop-ozone/integration-test/target/test-dir/MiniOzoneClusterImpl-cc864e37-e864-4d68-a6c4-66bb4c0b7714/datanode-1/data/ratis] (custom)
2019-11-14 22:48:13,973 [main] INFO  hdfs.DFSUtil (DFSUtil.java:httpServerTemplateForNNAndJN(1641)) - Starting Web-server for hddsDatanode at: http://0.0.0.0:0
2019-11-14 22:48:13,974 [main] INFO  server.AuthenticationFilter (AuthenticationFilter.java:constructSecretProvider(240)) - Unable to initialize FileSignerSecretProvider, falling back to use random secrets.
2019-11-14 22:48:13,974 [main] WARN  http.HttpRequestLog (HttpRequestLog.java:getRequestLog(97)) - Jetty request log can only be enabled using Log4j
2019-11-14 22:48:13,976 [main] INFO  http.HttpServer2 (HttpServer2.java:addGlobalFilter(975)) - Added global filter 'safety' (class=org.apache.hadoop.http.HttpServer2$QuotingInputFilter)
2019-11-14 22:48:13,976 [main] INFO  http.HttpServer2 (HttpServer2.java:addFilter(948)) - Added filter static_user_filter (class=org.apache.hadoop.http.lib.StaticUserWebFilter$StaticUserFilter) to context hddsDatanode
2019-11-14 22:48:13,976 [main] INFO  http.HttpServer2 (HttpServer2.java:addFilter(958)) - Added filter static_user_filter (class=org.apache.hadoop.http.lib.StaticUserWebFilter$StaticUserFilter) to context static
2019-11-14 22:48:13,976 [main] INFO  http.HttpServer2 (HttpServer2.java:addFilter(958)) - Added filter static_user_filter (class=org.apache.hadoop.http.lib.StaticUserWebFilter$StaticUserFilter) to context logs
2019-11-14 22:48:13,977 [main] INFO  http.HttpServer2 (HttpServer2.java:bindListener(1191)) - Jetty bound to port 36233
2019-11-14 22:48:13,977 [main] INFO  server.Server (Server.java:doStart(351)) - jetty-9.3.25.v20180904, build timestamp: 2018-09-04T21:11:46Z, git hash: 3ce520221d0240229c862b122d2b06c12a625732
2019-11-14 22:48:13,978 [main] INFO  handler.ContextHandler (ContextHandler.java:doStart(781)) - Started o.e.j.s.ServletContextHandler@57fdb8a4{/logs,file:///workdir/hadoop-ozone/integration-test/target/log,AVAILABLE}
2019-11-14 22:48:13,979 [main] INFO  handler.ContextHandler (ContextHandler.java:doStart(781)) - Started o.e.j.s.ServletContextHandler@2db15f70{/static,jar:file:/home/user/.m2/repository/org/apache/hadoop/hadoop-hdds-container-service/0.5.0-SNAPSHOT/hadoop-hdds-container-service-0.5.0-SNAPSHOT.jar!/webapps/static,AVAILABLE}
2019-11-14 22:48:14,008 [main] INFO  handler.ContextHandler (ContextHandler.java:doStart(781)) - Started o.e.j.w.WebAppContext@6ffd4c0d{/,file:///tmp/jetty-0.0.0.0-36233-hddsDatanode-_-any-572370835044765106.dir/webapp/,AVAILABLE}{/hddsDatanode}
2019-11-14 22:48:14,008 [main] INFO  server.AbstractConnector (AbstractConnector.java:doStart(278)) - Started ServerConnector@74c9e11{HTTP/1.1,[http/1.1]}{0.0.0.0:36233}
2019-11-14 22:48:14,009 [main] INFO  server.Server (Server.java:doStart(419)) - Started @177594ms
2019-11-14 22:48:14,009 [main] WARN  impl.MetricsSystemImpl (MetricsSystemImpl.java:register(276)) - Sink prometheus already exists!
2019-11-14 22:48:14,011 [main] INFO  server.BaseHttpServer (BaseHttpServer.java:updateConnectorAddress(215)) - HTTP server of HDDSDATANODE is listening at http://0.0.0.0:36233
2019-11-14 22:48:14,011 [main] INFO  impl.MetricsSystemImpl (MetricsSystemImpl.java:init(158)) - HddsDatanode metrics system started (again)
2019-11-14 22:48:14,013 [main] INFO  ozone.HddsDatanodeService (HddsDatanodeService.java:start(186)) - HddsDatanodeService host:pr-hdds-2494-dtfqw-3996435450 ip:192.168.69.106
2019-11-14 22:48:14,013 [org.apache.hadoop.util.JvmPauseMonitor$Monitor@4155bc9b] INFO  util.JvmPauseMonitor (JvmPauseMonitor.java:run(188)) - Starting JVM pause monitor
2019-11-14 22:48:14,015 [Datanode State Machine Thread - 0] INFO  datanode.InitDatanodeState (InitDatanodeState.java:persistContainerDatanodeDetails(140)) - DatanodeDetails is persisted to /workdir/hadoop-ozone/integration-test/target/test-dir/MiniOzoneClusterImpl-cc864e37-e864-4d68-a6c4-66bb4c0b7714/datanode-1/meta/datanode.id
2019-11-14 22:48:14,019 [main] INFO  volume.HddsVolume (HddsVolume.java:<init>(176)) - Creating Volume: /workdir/hadoop-ozone/integration-test/target/test-dir/MiniOzoneClusterImpl-cc864e37-e864-4d68-a6c4-66bb4c0b7714/datanode-2/data/containers/hdds of  storage type : DISK and capacity : 1482555576320
2019-11-14 22:48:14,019 [main] INFO  volume.VolumeSet (VolumeSet.java:initializeVolumeSet(170)) - Added Volume : /workdir/hadoop-ozone/integration-test/target/test-dir/MiniOzoneClusterImpl-cc864e37-e864-4d68-a6c4-66bb4c0b7714/datanode-2/data/containers/hdds to VolumeSet
2019-11-14 22:48:14,020 [main] INFO  volume.ThrottledAsyncChecker (ThrottledAsyncChecker.java:schedule(141)) - Scheduling a check for /workdir/hadoop-ozone/integration-test/target/test-dir/MiniOzoneClusterImpl-cc864e37-e864-4d68-a6c4-66bb4c0b7714/datanode-2/data/containers/hdds
2019-11-14 22:48:14,020 [main] INFO  volume.HddsVolumeChecker (HddsVolumeChecker.java:checkAllVolumes(204)) - Scheduled health check for volume /workdir/hadoop-ozone/integration-test/target/test-dir/MiniOzoneClusterImpl-cc864e37-e864-4d68-a6c4-66bb4c0b7714/datanode-2/data/containers/hdds
2019-11-14 22:48:14,032 [main] INFO  impl.RaftServerProxy (ConfUtils.java:logGet(43)) - raft.rpc.type = GRPC (default)
2019-11-14 22:48:14,032 [main] INFO  grpc.GrpcFactory (GrpcFactory.java:checkPooledByteBufAllocatorUseCacheForAllThreads(45)) - PERFORMANCE WARNING: useCacheForAllThreads is true that may cause Netty to create a lot garbage objects and, as a result, trigger GC.
	It is recommended to disable useCacheForAllThreads by setting -Dorg.apache.ratis.thirdparty.io.netty.allocator.useCacheForAllThreads=false in command line.
2019-11-14 22:48:14,032 [main] INFO  grpc.GrpcConfigKeys$Server (ConfUtils.java:logGet(43)) - raft.grpc.server.port = 0 (default)
2019-11-14 22:48:14,032 [main] INFO  server.GrpcService (ConfUtils.java:logGet(43)) - raft.grpc.message.size.max = 33570816 (custom)
2019-11-14 22:48:14,032 [main] INFO  server.RaftServerConfigKeys (ConfUtils.java:logGet(43)) - raft.server.log.appender.buffer.byte-limit = 33554432 (custom)
2019-11-14 22:48:14,032 [main] INFO  server.GrpcService (ConfUtils.java:logGet(43)) - raft.grpc.flow.control.window = 1MB (=1048576) (default)
2019-11-14 22:48:14,033 [main] INFO  server.RaftServerConfigKeys (ConfUtils.java:logGet(43)) - raft.server.rpc.request.timeout = 3000ms (default)
2019-11-14 22:48:14,033 [main] INFO  server.RaftServerConfigKeys (ConfUtils.java:logGet(43)) - raft.server.storage.dir = [/workdir/hadoop-ozone/integration-test/target/test-dir/MiniOzoneClusterImpl-cc864e37-e864-4d68-a6c4-66bb4c0b7714/datanode-2/data/ratis] (custom)
2019-11-14 22:48:14,034 [main] INFO  hdfs.DFSUtil (DFSUtil.java:httpServerTemplateForNNAndJN(1641)) - Starting Web-server for hddsDatanode at: http://0.0.0.0:0
2019-11-14 22:48:14,035 [main] INFO  server.AuthenticationFilter (AuthenticationFilter.java:constructSecretProvider(240)) - Unable to initialize FileSignerSecretProvider, falling back to use random secrets.
2019-11-14 22:48:14,036 [main] WARN  http.HttpRequestLog (HttpRequestLog.java:getRequestLog(97)) - Jetty request log can only be enabled using Log4j
2019-11-14 22:48:14,037 [main] INFO  http.HttpServer2 (HttpServer2.java:addGlobalFilter(975)) - Added global filter 'safety' (class=org.apache.hadoop.http.HttpServer2$QuotingInputFilter)
2019-11-14 22:48:14,037 [main] INFO  http.HttpServer2 (HttpServer2.java:addFilter(948)) - Added filter static_user_filter (class=org.apache.hadoop.http.lib.StaticUserWebFilter$StaticUserFilter) to context hddsDatanode
2019-11-14 22:48:14,037 [main] INFO  http.HttpServer2 (HttpServer2.java:addFilter(958)) - Added filter static_user_filter (class=org.apache.hadoop.http.lib.StaticUserWebFilter$StaticUserFilter) to context static
2019-11-14 22:48:14,037 [main] INFO  http.HttpServer2 (HttpServer2.java:addFilter(958)) - Added filter static_user_filter (class=org.apache.hadoop.http.lib.StaticUserWebFilter$StaticUserFilter) to context logs
2019-11-14 22:48:14,038 [main] INFO  http.HttpServer2 (HttpServer2.java:bindListener(1191)) - Jetty bound to port 34890
2019-11-14 22:48:14,038 [main] INFO  server.Server (Server.java:doStart(351)) - jetty-9.3.25.v20180904, build timestamp: 2018-09-04T21:11:46Z, git hash: 3ce520221d0240229c862b122d2b06c12a625732
2019-11-14 22:48:14,040 [main] INFO  handler.ContextHandler (ContextHandler.java:doStart(781)) - Started o.e.j.s.ServletContextHandler@2fc49538{/logs,file:///workdir/hadoop-ozone/integration-test/target/log,AVAILABLE}
2019-11-14 22:48:14,040 [main] INFO  handler.ContextHandler (ContextHandler.java:doStart(781)) - Started o.e.j.s.ServletContextHandler@d5e575c{/static,jar:file:/home/user/.m2/repository/org/apache/hadoop/hadoop-hdds-container-service/0.5.0-SNAPSHOT/hadoop-hdds-container-service-0.5.0-SNAPSHOT.jar!/webapps/static,AVAILABLE}
2019-11-14 22:48:14,083 [main] INFO  handler.ContextHandler (ContextHandler.java:doStart(781)) - Started o.e.j.w.WebAppContext@101cf747{/,file:///tmp/jetty-0.0.0.0-34890-hddsDatanode-_-any-6562856335730347934.dir/webapp/,AVAILABLE}{/hddsDatanode}
2019-11-14 22:48:14,083 [main] INFO  server.AbstractConnector (AbstractConnector.java:doStart(278)) - Started ServerConnector@790d8fdd{HTTP/1.1,[http/1.1]}{0.0.0.0:34890}
2019-11-14 22:48:14,085 [main] INFO  server.Server (Server.java:doStart(419)) - Started @177669ms
2019-11-14 22:48:14,085 [main] WARN  impl.MetricsSystemImpl (MetricsSystemImpl.java:register(276)) - Sink prometheus already exists!
2019-11-14 22:48:14,086 [main] INFO  server.BaseHttpServer (BaseHttpServer.java:updateConnectorAddress(215)) - HTTP server of HDDSDATANODE is listening at http://0.0.0.0:34890
2019-11-14 22:48:14,086 [main] INFO  impl.MetricsSystemImpl (MetricsSystemImpl.java:init(158)) - HddsDatanode metrics system started (again)
2019-11-14 22:48:14,089 [org.apache.hadoop.util.JvmPauseMonitor$Monitor@3eeb089f] INFO  util.JvmPauseMonitor (JvmPauseMonitor.java:run(188)) - Starting JVM pause monitor
2019-11-14 22:48:14,089 [main] INFO  ozone.HddsDatanodeService (HddsDatanodeService.java:start(186)) - HddsDatanodeService host:pr-hdds-2494-dtfqw-3996435450 ip:192.168.69.106
2019-11-14 22:48:14,091 [Datanode State Machine Thread - 0] INFO  datanode.InitDatanodeState (InitDatanodeState.java:persistContainerDatanodeDetails(140)) - DatanodeDetails is persisted to /workdir/hadoop-ozone/integration-test/target/test-dir/MiniOzoneClusterImpl-cc864e37-e864-4d68-a6c4-66bb4c0b7714/datanode-2/meta/datanode.id
2019-11-14 22:48:14,095 [main] INFO  volume.HddsVolume (HddsVolume.java:<init>(176)) - Creating Volume: /workdir/hadoop-ozone/integration-test/target/test-dir/MiniOzoneClusterImpl-cc864e37-e864-4d68-a6c4-66bb4c0b7714/datanode-3/data/containers/hdds of  storage type : DISK and capacity : 1482555576320
2019-11-14 22:48:14,096 [main] INFO  volume.VolumeSet (VolumeSet.java:initializeVolumeSet(170)) - Added Volume : /workdir/hadoop-ozone/integration-test/target/test-dir/MiniOzoneClusterImpl-cc864e37-e864-4d68-a6c4-66bb4c0b7714/datanode-3/data/containers/hdds to VolumeSet
2019-11-14 22:48:14,096 [main] INFO  volume.ThrottledAsyncChecker (ThrottledAsyncChecker.java:schedule(141)) - Scheduling a check for /workdir/hadoop-ozone/integration-test/target/test-dir/MiniOzoneClusterImpl-cc864e37-e864-4d68-a6c4-66bb4c0b7714/datanode-3/data/containers/hdds
2019-11-14 22:48:14,096 [main] INFO  volume.HddsVolumeChecker (HddsVolumeChecker.java:checkAllVolumes(204)) - Scheduled health check for volume /workdir/hadoop-ozone/integration-test/target/test-dir/MiniOzoneClusterImpl-cc864e37-e864-4d68-a6c4-66bb4c0b7714/datanode-3/data/containers/hdds
2019-11-14 22:48:14,113 [main] INFO  impl.RaftServerProxy (ConfUtils.java:logGet(43)) - raft.rpc.type = GRPC (default)
2019-11-14 22:48:14,113 [main] INFO  grpc.GrpcFactory (GrpcFactory.java:checkPooledByteBufAllocatorUseCacheForAllThreads(45)) - PERFORMANCE WARNING: useCacheForAllThreads is true that may cause Netty to create a lot garbage objects and, as a result, trigger GC.
	It is recommended to disable useCacheForAllThreads by setting -Dorg.apache.ratis.thirdparty.io.netty.allocator.useCacheForAllThreads=false in command line.
2019-11-14 22:48:14,113 [main] INFO  grpc.GrpcConfigKeys$Server (ConfUtils.java:logGet(43)) - raft.grpc.server.port = 0 (default)
2019-11-14 22:48:14,114 [main] INFO  server.GrpcService (ConfUtils.java:logGet(43)) - raft.grpc.message.size.max = 33570816 (custom)
2019-11-14 22:48:14,114 [main] INFO  server.RaftServerConfigKeys (ConfUtils.java:logGet(43)) - raft.server.log.appender.buffer.byte-limit = 33554432 (custom)
2019-11-14 22:48:14,114 [main] INFO  server.GrpcService (ConfUtils.java:logGet(43)) - raft.grpc.flow.control.window = 1MB (=1048576) (default)
2019-11-14 22:48:14,114 [main] INFO  server.RaftServerConfigKeys (ConfUtils.java:logGet(43)) - raft.server.rpc.request.timeout = 3000ms (default)
2019-11-14 22:48:14,115 [main] INFO  server.RaftServerConfigKeys (ConfUtils.java:logGet(43)) - raft.server.storage.dir = [/workdir/hadoop-ozone/integration-test/target/test-dir/MiniOzoneClusterImpl-cc864e37-e864-4d68-a6c4-66bb4c0b7714/datanode-3/data/ratis] (custom)
2019-11-14 22:48:14,116 [main] INFO  hdfs.DFSUtil (DFSUtil.java:httpServerTemplateForNNAndJN(1641)) - Starting Web-server for hddsDatanode at: http://0.0.0.0:0
2019-11-14 22:48:14,118 [main] INFO  server.AuthenticationFilter (AuthenticationFilter.java:constructSecretProvider(240)) - Unable to initialize FileSignerSecretProvider, falling back to use random secrets.
2019-11-14 22:48:14,118 [main] WARN  http.HttpRequestLog (HttpRequestLog.java:getRequestLog(97)) - Jetty request log can only be enabled using Log4j
2019-11-14 22:48:14,120 [main] INFO  http.HttpServer2 (HttpServer2.java:addGlobalFilter(975)) - Added global filter 'safety' (class=org.apache.hadoop.http.HttpServer2$QuotingInputFilter)
2019-11-14 22:48:14,120 [main] INFO  http.HttpServer2 (HttpServer2.java:addFilter(948)) - Added filter static_user_filter (class=org.apache.hadoop.http.lib.StaticUserWebFilter$StaticUserFilter) to context hddsDatanode
2019-11-14 22:48:14,121 [main] INFO  http.HttpServer2 (HttpServer2.java:addFilter(958)) - Added filter static_user_filter (class=org.apache.hadoop.http.lib.StaticUserWebFilter$StaticUserFilter) to context logs
2019-11-14 22:48:14,121 [main] INFO  http.HttpServer2 (HttpServer2.java:addFilter(958)) - Added filter static_user_filter (class=org.apache.hadoop.http.lib.StaticUserWebFilter$StaticUserFilter) to context static
2019-11-14 22:48:14,122 [main] INFO  http.HttpServer2 (HttpServer2.java:bindListener(1191)) - Jetty bound to port 41201
2019-11-14 22:48:14,122 [main] INFO  server.Server (Server.java:doStart(351)) - jetty-9.3.25.v20180904, build timestamp: 2018-09-04T21:11:46Z, git hash: 3ce520221d0240229c862b122d2b06c12a625732
2019-11-14 22:48:14,123 [main] INFO  handler.ContextHandler (ContextHandler.java:doStart(781)) - Started o.e.j.s.ServletContextHandler@49671897{/logs,file:///workdir/hadoop-ozone/integration-test/target/log,AVAILABLE}
2019-11-14 22:48:14,124 [main] INFO  handler.ContextHandler (ContextHandler.java:doStart(781)) - Started o.e.j.s.ServletContextHandler@60bf494c{/static,jar:file:/home/user/.m2/repository/org/apache/hadoop/hadoop-hdds-container-service/0.5.0-SNAPSHOT/hadoop-hdds-container-service-0.5.0-SNAPSHOT.jar!/webapps/static,AVAILABLE}
2019-11-14 22:48:14,160 [main] INFO  handler.ContextHandler (ContextHandler.java:doStart(781)) - Started o.e.j.w.WebAppContext@1f884bd6{/,file:///tmp/jetty-0.0.0.0-41201-hddsDatanode-_-any-4100737486751312159.dir/webapp/,AVAILABLE}{/hddsDatanode}
2019-11-14 22:48:14,161 [main] INFO  server.AbstractConnector (AbstractConnector.java:doStart(278)) - Started ServerConnector@4f081b5d{HTTP/1.1,[http/1.1]}{0.0.0.0:41201}
2019-11-14 22:48:14,162 [main] INFO  server.Server (Server.java:doStart(419)) - Started @177747ms
2019-11-14 22:48:14,162 [main] WARN  impl.MetricsSystemImpl (MetricsSystemImpl.java:register(276)) - Sink prometheus already exists!
2019-11-14 22:48:14,163 [main] INFO  server.BaseHttpServer (BaseHttpServer.java:updateConnectorAddress(215)) - HTTP server of HDDSDATANODE is listening at http://0.0.0.0:41201
2019-11-14 22:48:14,163 [main] INFO  impl.MetricsSystemImpl (MetricsSystemImpl.java:init(158)) - HddsDatanode metrics system started (again)
2019-11-14 22:48:14,166 [org.apache.hadoop.util.JvmPauseMonitor$Monitor@7bf042db] INFO  util.JvmPauseMonitor (JvmPauseMonitor.java:run(188)) - Starting JVM pause monitor
2019-11-14 22:48:14,166 [main] INFO  ozone.HddsDatanodeService (HddsDatanodeService.java:start(186)) - HddsDatanodeService host:pr-hdds-2494-dtfqw-3996435450 ip:192.168.69.106
2019-11-14 22:48:14,167 [Datanode State Machine Thread - 0] INFO  datanode.InitDatanodeState (InitDatanodeState.java:persistContainerDatanodeDetails(140)) - DatanodeDetails is persisted to /workdir/hadoop-ozone/integration-test/target/test-dir/MiniOzoneClusterImpl-cc864e37-e864-4d68-a6c4-66bb4c0b7714/datanode-3/meta/datanode.id
2019-11-14 22:48:14,172 [main] INFO  volume.HddsVolume (HddsVolume.java:<init>(176)) - Creating Volume: /workdir/hadoop-ozone/integration-test/target/test-dir/MiniOzoneClusterImpl-cc864e37-e864-4d68-a6c4-66bb4c0b7714/datanode-4/data/containers/hdds of  storage type : DISK and capacity : 1482555576320
2019-11-14 22:48:14,173 [main] INFO  volume.VolumeSet (VolumeSet.java:initializeVolumeSet(170)) - Added Volume : /workdir/hadoop-ozone/integration-test/target/test-dir/MiniOzoneClusterImpl-cc864e37-e864-4d68-a6c4-66bb4c0b7714/datanode-4/data/containers/hdds to VolumeSet
2019-11-14 22:48:14,173 [main] INFO  volume.ThrottledAsyncChecker (ThrottledAsyncChecker.java:schedule(141)) - Scheduling a check for /workdir/hadoop-ozone/integration-test/target/test-dir/MiniOzoneClusterImpl-cc864e37-e864-4d68-a6c4-66bb4c0b7714/datanode-4/data/containers/hdds
2019-11-14 22:48:14,173 [main] INFO  volume.HddsVolumeChecker (HddsVolumeChecker.java:checkAllVolumes(204)) - Scheduled health check for volume /workdir/hadoop-ozone/integration-test/target/test-dir/MiniOzoneClusterImpl-cc864e37-e864-4d68-a6c4-66bb4c0b7714/datanode-4/data/containers/hdds
2019-11-14 22:48:14,184 [main] INFO  impl.RaftServerProxy (ConfUtils.java:logGet(43)) - raft.rpc.type = GRPC (default)
2019-11-14 22:48:14,184 [main] INFO  grpc.GrpcFactory (GrpcFactory.java:checkPooledByteBufAllocatorUseCacheForAllThreads(45)) - PERFORMANCE WARNING: useCacheForAllThreads is true that may cause Netty to create a lot garbage objects and, as a result, trigger GC.
	It is recommended to disable useCacheForAllThreads by setting -Dorg.apache.ratis.thirdparty.io.netty.allocator.useCacheForAllThreads=false in command line.
2019-11-14 22:48:14,184 [main] INFO  grpc.GrpcConfigKeys$Server (ConfUtils.java:logGet(43)) - raft.grpc.server.port = 0 (default)
2019-11-14 22:48:14,184 [main] INFO  server.GrpcService (ConfUtils.java:logGet(43)) - raft.grpc.message.size.max = 33570816 (custom)
2019-11-14 22:48:14,185 [main] INFO  server.RaftServerConfigKeys (ConfUtils.java:logGet(43)) - raft.server.log.appender.buffer.byte-limit = 33554432 (custom)
2019-11-14 22:48:14,185 [main] INFO  server.GrpcService (ConfUtils.java:logGet(43)) - raft.grpc.flow.control.window = 1MB (=1048576) (default)
2019-11-14 22:48:14,185 [main] INFO  server.RaftServerConfigKeys (ConfUtils.java:logGet(43)) - raft.server.rpc.request.timeout = 3000ms (default)
2019-11-14 22:48:14,185 [main] INFO  server.RaftServerConfigKeys (ConfUtils.java:logGet(43)) - raft.server.storage.dir = [/workdir/hadoop-ozone/integration-test/target/test-dir/MiniOzoneClusterImpl-cc864e37-e864-4d68-a6c4-66bb4c0b7714/datanode-4/data/ratis] (custom)
2019-11-14 22:48:14,187 [main] INFO  hdfs.DFSUtil (DFSUtil.java:httpServerTemplateForNNAndJN(1641)) - Starting Web-server for hddsDatanode at: http://0.0.0.0:0
2019-11-14 22:48:14,188 [main] INFO  server.AuthenticationFilter (AuthenticationFilter.java:constructSecretProvider(240)) - Unable to initialize FileSignerSecretProvider, falling back to use random secrets.
2019-11-14 22:48:14,189 [main] WARN  http.HttpRequestLog (HttpRequestLog.java:getRequestLog(97)) - Jetty request log can only be enabled using Log4j
2019-11-14 22:48:14,190 [main] INFO  http.HttpServer2 (HttpServer2.java:addGlobalFilter(975)) - Added global filter 'safety' (class=org.apache.hadoop.http.HttpServer2$QuotingInputFilter)
2019-11-14 22:48:14,191 [main] INFO  http.HttpServer2 (HttpServer2.java:addFilter(948)) - Added filter static_user_filter (class=org.apache.hadoop.http.lib.StaticUserWebFilter$StaticUserFilter) to context hddsDatanode
2019-11-14 22:48:14,191 [main] INFO  http.HttpServer2 (HttpServer2.java:addFilter(958)) - Added filter static_user_filter (class=org.apache.hadoop.http.lib.StaticUserWebFilter$StaticUserFilter) to context static
2019-11-14 22:48:14,191 [main] INFO  http.HttpServer2 (HttpServer2.java:addFilter(958)) - Added filter static_user_filter (class=org.apache.hadoop.http.lib.StaticUserWebFilter$StaticUserFilter) to context logs
2019-11-14 22:48:14,192 [main] INFO  http.HttpServer2 (HttpServer2.java:bindListener(1191)) - Jetty bound to port 33166
2019-11-14 22:48:14,192 [main] INFO  server.Server (Server.java:doStart(351)) - jetty-9.3.25.v20180904, build timestamp: 2018-09-04T21:11:46Z, git hash: 3ce520221d0240229c862b122d2b06c12a625732
2019-11-14 22:48:14,194 [main] INFO  handler.ContextHandler (ContextHandler.java:doStart(781)) - Started o.e.j.s.ServletContextHandler@3b35798{/logs,file:///workdir/hadoop-ozone/integration-test/target/log,AVAILABLE}
2019-11-14 22:48:14,195 [main] INFO  handler.ContextHandler (ContextHandler.java:doStart(781)) - Started o.e.j.s.ServletContextHandler@4702e7a5{/static,jar:file:/home/user/.m2/repository/org/apache/hadoop/hadoop-hdds-container-service/0.5.0-SNAPSHOT/hadoop-hdds-container-service-0.5.0-SNAPSHOT.jar!/webapps/static,AVAILABLE}
2019-11-14 22:48:14,225 [main] INFO  handler.ContextHandler (ContextHandler.java:doStart(781)) - Started o.e.j.w.WebAppContext@f245bdd{/,file:///tmp/jetty-0.0.0.0-33166-hddsDatanode-_-any-2409190288018882839.dir/webapp/,AVAILABLE}{/hddsDatanode}
2019-11-14 22:48:14,225 [main] INFO  server.AbstractConnector (AbstractConnector.java:doStart(278)) - Started ServerConnector@6af609ea{HTTP/1.1,[http/1.1]}{0.0.0.0:33166}
2019-11-14 22:48:14,226 [main] INFO  server.Server (Server.java:doStart(419)) - Started @177811ms
2019-11-14 22:48:14,226 [main] WARN  impl.MetricsSystemImpl (MetricsSystemImpl.java:register(276)) - Sink prometheus already exists!
2019-11-14 22:48:14,227 [main] INFO  server.BaseHttpServer (BaseHttpServer.java:updateConnectorAddress(215)) - HTTP server of HDDSDATANODE is listening at http://0.0.0.0:33166
2019-11-14 22:48:14,228 [main] INFO  impl.MetricsSystemImpl (MetricsSystemImpl.java:init(158)) - HddsDatanode metrics system started (again)
2019-11-14 22:48:14,230 [org.apache.hadoop.util.JvmPauseMonitor$Monitor@7dd8f1da] INFO  util.JvmPauseMonitor (JvmPauseMonitor.java:run(188)) - Starting JVM pause monitor
2019-11-14 22:48:14,231 [main] INFO  ozone.HddsDatanodeService (HddsDatanodeService.java:start(186)) - HddsDatanodeService host:pr-hdds-2494-dtfqw-3996435450 ip:192.168.69.106
2019-11-14 22:48:14,232 [Datanode State Machine Thread - 0] INFO  datanode.InitDatanodeState (InitDatanodeState.java:persistContainerDatanodeDetails(140)) - DatanodeDetails is persisted to /workdir/hadoop-ozone/integration-test/target/test-dir/MiniOzoneClusterImpl-cc864e37-e864-4d68-a6c4-66bb4c0b7714/datanode-4/meta/datanode.id
2019-11-14 22:48:14,236 [main] INFO  volume.HddsVolume (HddsVolume.java:<init>(176)) - Creating Volume: /workdir/hadoop-ozone/integration-test/target/test-dir/MiniOzoneClusterImpl-cc864e37-e864-4d68-a6c4-66bb4c0b7714/datanode-5/data/containers/hdds of  storage type : DISK and capacity : 1482555576320
2019-11-14 22:48:14,236 [main] INFO  volume.VolumeSet (VolumeSet.java:initializeVolumeSet(170)) - Added Volume : /workdir/hadoop-ozone/integration-test/target/test-dir/MiniOzoneClusterImpl-cc864e37-e864-4d68-a6c4-66bb4c0b7714/datanode-5/data/containers/hdds to VolumeSet
2019-11-14 22:48:14,237 [main] INFO  volume.ThrottledAsyncChecker (ThrottledAsyncChecker.java:schedule(141)) - Scheduling a check for /workdir/hadoop-ozone/integration-test/target/test-dir/MiniOzoneClusterImpl-cc864e37-e864-4d68-a6c4-66bb4c0b7714/datanode-5/data/containers/hdds
2019-11-14 22:48:14,237 [main] INFO  volume.HddsVolumeChecker (HddsVolumeChecker.java:checkAllVolumes(204)) - Scheduled health check for volume /workdir/hadoop-ozone/integration-test/target/test-dir/MiniOzoneClusterImpl-cc864e37-e864-4d68-a6c4-66bb4c0b7714/datanode-5/data/containers/hdds
2019-11-14 22:48:14,247 [main] INFO  impl.RaftServerProxy (ConfUtils.java:logGet(43)) - raft.rpc.type = GRPC (default)
2019-11-14 22:48:14,248 [main] INFO  grpc.GrpcFactory (GrpcFactory.java:checkPooledByteBufAllocatorUseCacheForAllThreads(45)) - PERFORMANCE WARNING: useCacheForAllThreads is true that may cause Netty to create a lot garbage objects and, as a result, trigger GC.
	It is recommended to disable useCacheForAllThreads by setting -Dorg.apache.ratis.thirdparty.io.netty.allocator.useCacheForAllThreads=false in command line.
2019-11-14 22:48:14,248 [main] INFO  grpc.GrpcConfigKeys$Server (ConfUtils.java:logGet(43)) - raft.grpc.server.port = 0 (default)
2019-11-14 22:48:14,248 [main] INFO  server.GrpcService (ConfUtils.java:logGet(43)) - raft.grpc.message.size.max = 33570816 (custom)
2019-11-14 22:48:14,248 [main] INFO  server.RaftServerConfigKeys (ConfUtils.java:logGet(43)) - raft.server.log.appender.buffer.byte-limit = 33554432 (custom)
2019-11-14 22:48:14,248 [main] INFO  server.GrpcService (ConfUtils.java:logGet(43)) - raft.grpc.flow.control.window = 1MB (=1048576) (default)
2019-11-14 22:48:14,249 [main] INFO  server.RaftServerConfigKeys (ConfUtils.java:logGet(43)) - raft.server.rpc.request.timeout = 3000ms (default)
2019-11-14 22:48:14,249 [main] INFO  server.RaftServerConfigKeys (ConfUtils.java:logGet(43)) - raft.server.storage.dir = [/workdir/hadoop-ozone/integration-test/target/test-dir/MiniOzoneClusterImpl-cc864e37-e864-4d68-a6c4-66bb4c0b7714/datanode-5/data/ratis] (custom)
2019-11-14 22:48:14,250 [main] INFO  hdfs.DFSUtil (DFSUtil.java:httpServerTemplateForNNAndJN(1641)) - Starting Web-server for hddsDatanode at: http://0.0.0.0:0
2019-11-14 22:48:14,255 [main] INFO  server.AuthenticationFilter (AuthenticationFilter.java:constructSecretProvider(240)) - Unable to initialize FileSignerSecretProvider, falling back to use random secrets.
2019-11-14 22:48:14,255 [main] WARN  http.HttpRequestLog (HttpRequestLog.java:getRequestLog(97)) - Jetty request log can only be enabled using Log4j
2019-11-14 22:48:14,257 [main] INFO  http.HttpServer2 (HttpServer2.java:addGlobalFilter(975)) - Added global filter 'safety' (class=org.apache.hadoop.http.HttpServer2$QuotingInputFilter)
2019-11-14 22:48:14,257 [main] INFO  http.HttpServer2 (HttpServer2.java:addFilter(948)) - Added filter static_user_filter (class=org.apache.hadoop.http.lib.StaticUserWebFilter$StaticUserFilter) to context hddsDatanode
2019-11-14 22:48:14,257 [main] INFO  http.HttpServer2 (HttpServer2.java:addFilter(958)) - Added filter static_user_filter (class=org.apache.hadoop.http.lib.StaticUserWebFilter$StaticUserFilter) to context static
2019-11-14 22:48:14,257 [main] INFO  http.HttpServer2 (HttpServer2.java:addFilter(958)) - Added filter static_user_filter (class=org.apache.hadoop.http.lib.StaticUserWebFilter$StaticUserFilter) to context logs
2019-11-14 22:48:14,258 [main] INFO  http.HttpServer2 (HttpServer2.java:bindListener(1191)) - Jetty bound to port 35443
2019-11-14 22:48:14,258 [main] INFO  server.Server (Server.java:doStart(351)) - jetty-9.3.25.v20180904, build timestamp: 2018-09-04T21:11:46Z, git hash: 3ce520221d0240229c862b122d2b06c12a625732
2019-11-14 22:48:14,259 [main] INFO  handler.ContextHandler (ContextHandler.java:doStart(781)) - Started o.e.j.s.ServletContextHandler@33d7765a{/logs,file:///workdir/hadoop-ozone/integration-test/target/log,AVAILABLE}
2019-11-14 22:48:14,260 [main] INFO  handler.ContextHandler (ContextHandler.java:doStart(781)) - Started o.e.j.s.ServletContextHandler@56a4abd0{/static,jar:file:/home/user/.m2/repository/org/apache/hadoop/hadoop-hdds-container-service/0.5.0-SNAPSHOT/hadoop-hdds-container-service-0.5.0-SNAPSHOT.jar!/webapps/static,AVAILABLE}
2019-11-14 22:48:14,303 [main] INFO  handler.ContextHandler (ContextHandler.java:doStart(781)) - Started o.e.j.w.WebAppContext@102c18e{/,file:///tmp/jetty-0.0.0.0-35443-hddsDatanode-_-any-5570519368508812903.dir/webapp/,AVAILABLE}{/hddsDatanode}
2019-11-14 22:48:14,303 [main] INFO  server.AbstractConnector (AbstractConnector.java:doStart(278)) - Started ServerConnector@26e0d39c{HTTP/1.1,[http/1.1]}{0.0.0.0:35443}
2019-11-14 22:48:14,308 [main] INFO  server.Server (Server.java:doStart(419)) - Started @177893ms
2019-11-14 22:48:14,308 [main] WARN  impl.MetricsSystemImpl (MetricsSystemImpl.java:register(276)) - Sink prometheus already exists!
2019-11-14 22:48:14,309 [main] INFO  server.BaseHttpServer (BaseHttpServer.java:updateConnectorAddress(215)) - HTTP server of HDDSDATANODE is listening at http://0.0.0.0:35443
2019-11-14 22:48:14,310 [main] INFO  impl.MetricsSystemImpl (MetricsSystemImpl.java:init(158)) - HddsDatanode metrics system started (again)
2019-11-14 22:48:14,313 [org.apache.hadoop.util.JvmPauseMonitor$Monitor@2bca66f] INFO  util.JvmPauseMonitor (JvmPauseMonitor.java:run(188)) - Starting JVM pause monitor
2019-11-14 22:48:14,314 [main] INFO  ozone.HddsDatanodeService (HddsDatanodeService.java:start(186)) - HddsDatanodeService host:pr-hdds-2494-dtfqw-3996435450 ip:192.168.69.106
2019-11-14 22:48:14,314 [Datanode State Machine Thread - 0] INFO  datanode.InitDatanodeState (InitDatanodeState.java:persistContainerDatanodeDetails(140)) - DatanodeDetails is persisted to /workdir/hadoop-ozone/integration-test/target/test-dir/MiniOzoneClusterImpl-cc864e37-e864-4d68-a6c4-66bb4c0b7714/datanode-5/meta/datanode.id
2019-11-14 22:48:14,321 [main] INFO  volume.HddsVolume (HddsVolume.java:<init>(176)) - Creating Volume: /workdir/hadoop-ozone/integration-test/target/test-dir/MiniOzoneClusterImpl-cc864e37-e864-4d68-a6c4-66bb4c0b7714/datanode-6/data/containers/hdds of  storage type : DISK and capacity : 1482555576320
2019-11-14 22:48:14,321 [main] INFO  volume.VolumeSet (VolumeSet.java:initializeVolumeSet(170)) - Added Volume : /workdir/hadoop-ozone/integration-test/target/test-dir/MiniOzoneClusterImpl-cc864e37-e864-4d68-a6c4-66bb4c0b7714/datanode-6/data/containers/hdds to VolumeSet
2019-11-14 22:48:14,321 [main] INFO  volume.ThrottledAsyncChecker (ThrottledAsyncChecker.java:schedule(141)) - Scheduling a check for /workdir/hadoop-ozone/integration-test/target/test-dir/MiniOzoneClusterImpl-cc864e37-e864-4d68-a6c4-66bb4c0b7714/datanode-6/data/containers/hdds
2019-11-14 22:48:14,322 [main] INFO  volume.HddsVolumeChecker (HddsVolumeChecker.java:checkAllVolumes(204)) - Scheduled health check for volume /workdir/hadoop-ozone/integration-test/target/test-dir/MiniOzoneClusterImpl-cc864e37-e864-4d68-a6c4-66bb4c0b7714/datanode-6/data/containers/hdds
2019-11-14 22:48:14,339 [main] INFO  impl.RaftServerProxy (ConfUtils.java:logGet(43)) - raft.rpc.type = GRPC (default)
2019-11-14 22:48:14,339 [main] INFO  grpc.GrpcFactory (GrpcFactory.java:checkPooledByteBufAllocatorUseCacheForAllThreads(45)) - PERFORMANCE WARNING: useCacheForAllThreads is true that may cause Netty to create a lot garbage objects and, as a result, trigger GC.
	It is recommended to disable useCacheForAllThreads by setting -Dorg.apache.ratis.thirdparty.io.netty.allocator.useCacheForAllThreads=false in command line.
2019-11-14 22:48:14,340 [main] INFO  grpc.GrpcConfigKeys$Server (ConfUtils.java:logGet(43)) - raft.grpc.server.port = 0 (default)
2019-11-14 22:48:14,340 [main] INFO  server.GrpcService (ConfUtils.java:logGet(43)) - raft.grpc.message.size.max = 33570816 (custom)
2019-11-14 22:48:14,340 [main] INFO  server.RaftServerConfigKeys (ConfUtils.java:logGet(43)) - raft.server.log.appender.buffer.byte-limit = 33554432 (custom)
2019-11-14 22:48:14,340 [main] INFO  server.GrpcService (ConfUtils.java:logGet(43)) - raft.grpc.flow.control.window = 1MB (=1048576) (default)
2019-11-14 22:48:14,340 [main] INFO  server.RaftServerConfigKeys (ConfUtils.java:logGet(43)) - raft.server.rpc.request.timeout = 3000ms (default)
2019-11-14 22:48:14,341 [main] INFO  server.RaftServerConfigKeys (ConfUtils.java:logGet(43)) - raft.server.storage.dir = [/workdir/hadoop-ozone/integration-test/target/test-dir/MiniOzoneClusterImpl-cc864e37-e864-4d68-a6c4-66bb4c0b7714/datanode-6/data/ratis] (custom)
2019-11-14 22:48:14,343 [main] INFO  hdfs.DFSUtil (DFSUtil.java:httpServerTemplateForNNAndJN(1641)) - Starting Web-server for hddsDatanode at: http://0.0.0.0:0
2019-11-14 22:48:14,344 [main] INFO  server.AuthenticationFilter (AuthenticationFilter.java:constructSecretProvider(240)) - Unable to initialize FileSignerSecretProvider, falling back to use random secrets.
2019-11-14 22:48:14,345 [main] WARN  http.HttpRequestLog (HttpRequestLog.java:getRequestLog(97)) - Jetty request log can only be enabled using Log4j
2019-11-14 22:48:14,346 [main] INFO  http.HttpServer2 (HttpServer2.java:addGlobalFilter(975)) - Added global filter 'safety' (class=org.apache.hadoop.http.HttpServer2$QuotingInputFilter)
2019-11-14 22:48:14,347 [main] INFO  http.HttpServer2 (HttpServer2.java:addFilter(948)) - Added filter static_user_filter (class=org.apache.hadoop.http.lib.StaticUserWebFilter$StaticUserFilter) to context hddsDatanode
2019-11-14 22:48:14,347 [main] INFO  http.HttpServer2 (HttpServer2.java:addFilter(958)) - Added filter static_user_filter (class=org.apache.hadoop.http.lib.StaticUserWebFilter$StaticUserFilter) to context static
2019-11-14 22:48:14,347 [main] INFO  http.HttpServer2 (HttpServer2.java:addFilter(958)) - Added filter static_user_filter (class=org.apache.hadoop.http.lib.StaticUserWebFilter$StaticUserFilter) to context logs
2019-11-14 22:48:14,348 [main] INFO  http.HttpServer2 (HttpServer2.java:bindListener(1191)) - Jetty bound to port 46841
2019-11-14 22:48:14,348 [main] INFO  server.Server (Server.java:doStart(351)) - jetty-9.3.25.v20180904, build timestamp: 2018-09-04T21:11:46Z, git hash: 3ce520221d0240229c862b122d2b06c12a625732
2019-11-14 22:48:14,350 [main] INFO  handler.ContextHandler (ContextHandler.java:doStart(781)) - Started o.e.j.s.ServletContextHandler@7e5efcab{/logs,file:///workdir/hadoop-ozone/integration-test/target/log,AVAILABLE}
2019-11-14 22:48:14,350 [main] INFO  handler.ContextHandler (ContextHandler.java:doStart(781)) - Started o.e.j.s.ServletContextHandler@1d2fb82{/static,jar:file:/home/user/.m2/repository/org/apache/hadoop/hadoop-hdds-container-service/0.5.0-SNAPSHOT/hadoop-hdds-container-service-0.5.0-SNAPSHOT.jar!/webapps/static,AVAILABLE}
2019-11-14 22:48:14,395 [main] INFO  handler.ContextHandler (ContextHandler.java:doStart(781)) - Started o.e.j.w.WebAppContext@3b11620a{/,file:///tmp/jetty-0.0.0.0-46841-hddsDatanode-_-any-2410289015760567666.dir/webapp/,AVAILABLE}{/hddsDatanode}
2019-11-14 22:48:14,396 [main] INFO  server.AbstractConnector (AbstractConnector.java:doStart(278)) - Started ServerConnector@2fd1ad8a{HTTP/1.1,[http/1.1]}{0.0.0.0:46841}
2019-11-14 22:48:14,398 [main] INFO  server.Server (Server.java:doStart(419)) - Started @177982ms
2019-11-14 22:48:14,398 [main] WARN  impl.MetricsSystemImpl (MetricsSystemImpl.java:register(276)) - Sink prometheus already exists!
2019-11-14 22:48:14,399 [main] INFO  server.BaseHttpServer (BaseHttpServer.java:updateConnectorAddress(215)) - HTTP server of HDDSDATANODE is listening at http://0.0.0.0:46841
2019-11-14 22:48:14,399 [main] INFO  impl.MetricsSystemImpl (MetricsSystemImpl.java:init(158)) - HddsDatanode metrics system started (again)
2019-11-14 22:48:14,404 [org.apache.hadoop.util.JvmPauseMonitor$Monitor@5fa5c8fe] INFO  util.JvmPauseMonitor (JvmPauseMonitor.java:run(188)) - Starting JVM pause monitor
2019-11-14 22:48:14,404 [main] INFO  ozone.HddsDatanodeService (HddsDatanodeService.java:start(186)) - HddsDatanodeService host:pr-hdds-2494-dtfqw-3996435450 ip:192.168.69.106
2019-11-14 22:48:14,404 [Datanode State Machine Thread - 0] INFO  datanode.InitDatanodeState (InitDatanodeState.java:persistContainerDatanodeDetails(140)) - DatanodeDetails is persisted to /workdir/hadoop-ozone/integration-test/target/test-dir/MiniOzoneClusterImpl-cc864e37-e864-4d68-a6c4-66bb4c0b7714/datanode-6/meta/datanode.id
2019-11-14 22:48:14,412 [main] INFO  volume.HddsVolume (HddsVolume.java:<init>(176)) - Creating Volume: /workdir/hadoop-ozone/integration-test/target/test-dir/MiniOzoneClusterImpl-cc864e37-e864-4d68-a6c4-66bb4c0b7714/datanode-7/data/containers/hdds of  storage type : DISK and capacity : 1482555576320
2019-11-14 22:48:14,412 [main] INFO  volume.VolumeSet (VolumeSet.java:initializeVolumeSet(170)) - Added Volume : /workdir/hadoop-ozone/integration-test/target/test-dir/MiniOzoneClusterImpl-cc864e37-e864-4d68-a6c4-66bb4c0b7714/datanode-7/data/containers/hdds to VolumeSet
2019-11-14 22:48:14,413 [main] INFO  volume.ThrottledAsyncChecker (ThrottledAsyncChecker.java:schedule(141)) - Scheduling a check for /workdir/hadoop-ozone/integration-test/target/test-dir/MiniOzoneClusterImpl-cc864e37-e864-4d68-a6c4-66bb4c0b7714/datanode-7/data/containers/hdds
2019-11-14 22:48:14,413 [main] INFO  volume.HddsVolumeChecker (HddsVolumeChecker.java:checkAllVolumes(204)) - Scheduled health check for volume /workdir/hadoop-ozone/integration-test/target/test-dir/MiniOzoneClusterImpl-cc864e37-e864-4d68-a6c4-66bb4c0b7714/datanode-7/data/containers/hdds
2019-11-14 22:48:14,430 [main] INFO  impl.RaftServerProxy (ConfUtils.java:logGet(43)) - raft.rpc.type = GRPC (default)
2019-11-14 22:48:14,430 [main] INFO  grpc.GrpcFactory (GrpcFactory.java:checkPooledByteBufAllocatorUseCacheForAllThreads(45)) - PERFORMANCE WARNING: useCacheForAllThreads is true that may cause Netty to create a lot garbage objects and, as a result, trigger GC.
	It is recommended to disable useCacheForAllThreads by setting -Dorg.apache.ratis.thirdparty.io.netty.allocator.useCacheForAllThreads=false in command line.
2019-11-14 22:48:14,430 [main] INFO  grpc.GrpcConfigKeys$Server (ConfUtils.java:logGet(43)) - raft.grpc.server.port = 0 (default)
2019-11-14 22:48:14,430 [main] INFO  server.GrpcService (ConfUtils.java:logGet(43)) - raft.grpc.message.size.max = 33570816 (custom)
2019-11-14 22:48:14,431 [main] INFO  server.RaftServerConfigKeys (ConfUtils.java:logGet(43)) - raft.server.log.appender.buffer.byte-limit = 33554432 (custom)
2019-11-14 22:48:14,431 [main] INFO  server.GrpcService (ConfUtils.java:logGet(43)) - raft.grpc.flow.control.window = 1MB (=1048576) (default)
2019-11-14 22:48:14,431 [main] INFO  server.RaftServerConfigKeys (ConfUtils.java:logGet(43)) - raft.server.rpc.request.timeout = 3000ms (default)
2019-11-14 22:48:14,432 [main] INFO  server.RaftServerConfigKeys (ConfUtils.java:logGet(43)) - raft.server.storage.dir = [/workdir/hadoop-ozone/integration-test/target/test-dir/MiniOzoneClusterImpl-cc864e37-e864-4d68-a6c4-66bb4c0b7714/datanode-7/data/ratis] (custom)
2019-11-14 22:48:14,433 [main] INFO  hdfs.DFSUtil (DFSUtil.java:httpServerTemplateForNNAndJN(1641)) - Starting Web-server for hddsDatanode at: http://0.0.0.0:0
2019-11-14 22:48:14,434 [main] INFO  server.AuthenticationFilter (AuthenticationFilter.java:constructSecretProvider(240)) - Unable to initialize FileSignerSecretProvider, falling back to use random secrets.
2019-11-14 22:48:14,435 [main] WARN  http.HttpRequestLog (HttpRequestLog.java:getRequestLog(97)) - Jetty request log can only be enabled using Log4j
2019-11-14 22:48:14,436 [main] INFO  http.HttpServer2 (HttpServer2.java:addGlobalFilter(975)) - Added global filter 'safety' (class=org.apache.hadoop.http.HttpServer2$QuotingInputFilter)
2019-11-14 22:48:14,436 [main] INFO  http.HttpServer2 (HttpServer2.java:addFilter(948)) - Added filter static_user_filter (class=org.apache.hadoop.http.lib.StaticUserWebFilter$StaticUserFilter) to context hddsDatanode
2019-11-14 22:48:14,436 [main] INFO  http.HttpServer2 (HttpServer2.java:addFilter(958)) - Added filter static_user_filter (class=org.apache.hadoop.http.lib.StaticUserWebFilter$StaticUserFilter) to context logs
2019-11-14 22:48:14,436 [main] INFO  http.HttpServer2 (HttpServer2.java:addFilter(958)) - Added filter static_user_filter (class=org.apache.hadoop.http.lib.StaticUserWebFilter$StaticUserFilter) to context static
2019-11-14 22:48:14,437 [main] INFO  http.HttpServer2 (HttpServer2.java:bindListener(1191)) - Jetty bound to port 45966
2019-11-14 22:48:14,437 [main] INFO  server.Server (Server.java:doStart(351)) - jetty-9.3.25.v20180904, build timestamp: 2018-09-04T21:11:46Z, git hash: 3ce520221d0240229c862b122d2b06c12a625732
2019-11-14 22:48:14,439 [main] INFO  handler.ContextHandler (ContextHandler.java:doStart(781)) - Started o.e.j.s.ServletContextHandler@46b2dcc5{/logs,file:///workdir/hadoop-ozone/integration-test/target/log,AVAILABLE}
2019-11-14 22:48:14,439 [main] INFO  handler.ContextHandler (ContextHandler.java:doStart(781)) - Started o.e.j.s.ServletContextHandler@706f6d26{/static,jar:file:/home/user/.m2/repository/org/apache/hadoop/hadoop-hdds-container-service/0.5.0-SNAPSHOT/hadoop-hdds-container-service-0.5.0-SNAPSHOT.jar!/webapps/static,AVAILABLE}
2019-11-14 22:48:14,470 [main] INFO  handler.ContextHandler (ContextHandler.java:doStart(781)) - Started o.e.j.w.WebAppContext@66f5b8fe{/,file:///tmp/jetty-0.0.0.0-45966-hddsDatanode-_-any-1534075251064144178.dir/webapp/,AVAILABLE}{/hddsDatanode}
2019-11-14 22:48:14,470 [main] INFO  server.AbstractConnector (AbstractConnector.java:doStart(278)) - Started ServerConnector@233f52f8{HTTP/1.1,[http/1.1]}{0.0.0.0:45966}
2019-11-14 22:48:14,471 [main] INFO  server.Server (Server.java:doStart(419)) - Started @178056ms
2019-11-14 22:48:14,471 [main] WARN  impl.MetricsSystemImpl (MetricsSystemImpl.java:register(276)) - Sink prometheus already exists!
2019-11-14 22:48:14,472 [main] INFO  server.BaseHttpServer (BaseHttpServer.java:updateConnectorAddress(215)) - HTTP server of HDDSDATANODE is listening at http://0.0.0.0:45966
2019-11-14 22:48:14,473 [main] INFO  impl.MetricsSystemImpl (MetricsSystemImpl.java:init(158)) - HddsDatanode metrics system started (again)
2019-11-14 22:48:14,476 [org.apache.hadoop.util.JvmPauseMonitor$Monitor@7c0a295b] INFO  util.JvmPauseMonitor (JvmPauseMonitor.java:run(188)) - Starting JVM pause monitor
2019-11-14 22:48:14,477 [main] INFO  ozone.HddsDatanodeService (HddsDatanodeService.java:start(186)) - HddsDatanodeService host:pr-hdds-2494-dtfqw-3996435450 ip:192.168.69.106
2019-11-14 22:48:14,477 [Datanode State Machine Thread - 0] INFO  datanode.InitDatanodeState (InitDatanodeState.java:persistContainerDatanodeDetails(140)) - DatanodeDetails is persisted to /workdir/hadoop-ozone/integration-test/target/test-dir/MiniOzoneClusterImpl-cc864e37-e864-4d68-a6c4-66bb4c0b7714/datanode-7/meta/datanode.id
2019-11-14 22:48:14,485 [main] INFO  volume.HddsVolume (HddsVolume.java:<init>(176)) - Creating Volume: /workdir/hadoop-ozone/integration-test/target/test-dir/MiniOzoneClusterImpl-cc864e37-e864-4d68-a6c4-66bb4c0b7714/datanode-8/data/containers/hdds of  storage type : DISK and capacity : 1482555576320
2019-11-14 22:48:14,486 [main] INFO  volume.VolumeSet (VolumeSet.java:initializeVolumeSet(170)) - Added Volume : /workdir/hadoop-ozone/integration-test/target/test-dir/MiniOzoneClusterImpl-cc864e37-e864-4d68-a6c4-66bb4c0b7714/datanode-8/data/containers/hdds to VolumeSet
2019-11-14 22:48:14,486 [main] INFO  volume.ThrottledAsyncChecker (ThrottledAsyncChecker.java:schedule(141)) - Scheduling a check for /workdir/hadoop-ozone/integration-test/target/test-dir/MiniOzoneClusterImpl-cc864e37-e864-4d68-a6c4-66bb4c0b7714/datanode-8/data/containers/hdds
2019-11-14 22:48:14,487 [main] INFO  volume.HddsVolumeChecker (HddsVolumeChecker.java:checkAllVolumes(204)) - Scheduled health check for volume /workdir/hadoop-ozone/integration-test/target/test-dir/MiniOzoneClusterImpl-cc864e37-e864-4d68-a6c4-66bb4c0b7714/datanode-8/data/containers/hdds
2019-11-14 22:48:14,499 [main] INFO  impl.RaftServerProxy (ConfUtils.java:logGet(43)) - raft.rpc.type = GRPC (default)
2019-11-14 22:48:14,499 [main] INFO  grpc.GrpcFactory (GrpcFactory.java:checkPooledByteBufAllocatorUseCacheForAllThreads(45)) - PERFORMANCE WARNING: useCacheForAllThreads is true that may cause Netty to create a lot garbage objects and, as a result, trigger GC.
	It is recommended to disable useCacheForAllThreads by setting -Dorg.apache.ratis.thirdparty.io.netty.allocator.useCacheForAllThreads=false in command line.
2019-11-14 22:48:14,499 [main] INFO  grpc.GrpcConfigKeys$Server (ConfUtils.java:logGet(43)) - raft.grpc.server.port = 0 (default)
2019-11-14 22:48:14,499 [main] INFO  server.GrpcService (ConfUtils.java:logGet(43)) - raft.grpc.message.size.max = 33570816 (custom)
2019-11-14 22:48:14,500 [main] INFO  server.RaftServerConfigKeys (ConfUtils.java:logGet(43)) - raft.server.log.appender.buffer.byte-limit = 33554432 (custom)
2019-11-14 22:48:14,500 [main] INFO  server.GrpcService (ConfUtils.java:logGet(43)) - raft.grpc.flow.control.window = 1MB (=1048576) (default)
2019-11-14 22:48:14,500 [main] INFO  server.RaftServerConfigKeys (ConfUtils.java:logGet(43)) - raft.server.rpc.request.timeout = 3000ms (default)
2019-11-14 22:48:14,500 [main] INFO  server.RaftServerConfigKeys (ConfUtils.java:logGet(43)) - raft.server.storage.dir = [/workdir/hadoop-ozone/integration-test/target/test-dir/MiniOzoneClusterImpl-cc864e37-e864-4d68-a6c4-66bb4c0b7714/datanode-8/data/ratis] (custom)
2019-11-14 22:48:14,502 [main] INFO  hdfs.DFSUtil (DFSUtil.java:httpServerTemplateForNNAndJN(1641)) - Starting Web-server for hddsDatanode at: http://0.0.0.0:0
2019-11-14 22:48:14,503 [main] INFO  server.AuthenticationFilter (AuthenticationFilter.java:constructSecretProvider(240)) - Unable to initialize FileSignerSecretProvider, falling back to use random secrets.
2019-11-14 22:48:14,503 [main] WARN  http.HttpRequestLog (HttpRequestLog.java:getRequestLog(97)) - Jetty request log can only be enabled using Log4j
2019-11-14 22:48:14,504 [main] INFO  http.HttpServer2 (HttpServer2.java:addGlobalFilter(975)) - Added global filter 'safety' (class=org.apache.hadoop.http.HttpServer2$QuotingInputFilter)
2019-11-14 22:48:14,505 [main] INFO  http.HttpServer2 (HttpServer2.java:addFilter(948)) - Added filter static_user_filter (class=org.apache.hadoop.http.lib.StaticUserWebFilter$StaticUserFilter) to context hddsDatanode
2019-11-14 22:48:14,505 [main] INFO  http.HttpServer2 (HttpServer2.java:addFilter(958)) - Added filter static_user_filter (class=org.apache.hadoop.http.lib.StaticUserWebFilter$StaticUserFilter) to context logs
2019-11-14 22:48:14,505 [main] INFO  http.HttpServer2 (HttpServer2.java:addFilter(958)) - Added filter static_user_filter (class=org.apache.hadoop.http.lib.StaticUserWebFilter$StaticUserFilter) to context static
2019-11-14 22:48:14,506 [main] INFO  http.HttpServer2 (HttpServer2.java:bindListener(1191)) - Jetty bound to port 34316
2019-11-14 22:48:14,507 [main] INFO  server.Server (Server.java:doStart(351)) - jetty-9.3.25.v20180904, build timestamp: 2018-09-04T21:11:46Z, git hash: 3ce520221d0240229c862b122d2b06c12a625732
2019-11-14 22:48:14,508 [main] INFO  handler.ContextHandler (ContextHandler.java:doStart(781)) - Started o.e.j.s.ServletContextHandler@7ec08115{/logs,file:///workdir/hadoop-ozone/integration-test/target/log,AVAILABLE}
2019-11-14 22:48:14,508 [main] INFO  handler.ContextHandler (ContextHandler.java:doStart(781)) - Started o.e.j.s.ServletContextHandler@1e76afeb{/static,jar:file:/home/user/.m2/repository/org/apache/hadoop/hadoop-hdds-container-service/0.5.0-SNAPSHOT/hadoop-hdds-container-service-0.5.0-SNAPSHOT.jar!/webapps/static,AVAILABLE}
2019-11-14 22:48:14,535 [main] INFO  handler.ContextHandler (ContextHandler.java:doStart(781)) - Started o.e.j.w.WebAppContext@2c6c302f{/,file:///tmp/jetty-0.0.0.0-34316-hddsDatanode-_-any-8895472147097825089.dir/webapp/,AVAILABLE}{/hddsDatanode}
2019-11-14 22:48:14,536 [main] INFO  server.AbstractConnector (AbstractConnector.java:doStart(278)) - Started ServerConnector@2478b629{HTTP/1.1,[http/1.1]}{0.0.0.0:34316}
2019-11-14 22:48:14,537 [main] INFO  server.Server (Server.java:doStart(419)) - Started @178122ms
2019-11-14 22:48:14,537 [main] WARN  impl.MetricsSystemImpl (MetricsSystemImpl.java:register(276)) - Sink prometheus already exists!
2019-11-14 22:48:14,538 [main] INFO  server.BaseHttpServer (BaseHttpServer.java:updateConnectorAddress(215)) - HTTP server of HDDSDATANODE is listening at http://0.0.0.0:34316
2019-11-14 22:48:14,538 [main] INFO  impl.MetricsSystemImpl (MetricsSystemImpl.java:init(158)) - HddsDatanode metrics system started (again)
2019-11-14 22:48:14,542 [org.apache.hadoop.util.JvmPauseMonitor$Monitor@48d0fb64] INFO  util.JvmPauseMonitor (JvmPauseMonitor.java:run(188)) - Starting JVM pause monitor
2019-11-14 22:48:14,543 [main] INFO  ozone.HddsDatanodeService (HddsDatanodeService.java:start(186)) - HddsDatanodeService host:pr-hdds-2494-dtfqw-3996435450 ip:192.168.69.106
2019-11-14 22:48:14,543 [Datanode State Machine Thread - 0] INFO  datanode.InitDatanodeState (InitDatanodeState.java:persistContainerDatanodeDetails(140)) - DatanodeDetails is persisted to /workdir/hadoop-ozone/integration-test/target/test-dir/MiniOzoneClusterImpl-cc864e37-e864-4d68-a6c4-66bb4c0b7714/datanode-8/meta/datanode.id
2019-11-14 22:48:14,551 [main] INFO  volume.HddsVolume (HddsVolume.java:<init>(176)) - Creating Volume: /workdir/hadoop-ozone/integration-test/target/test-dir/MiniOzoneClusterImpl-cc864e37-e864-4d68-a6c4-66bb4c0b7714/datanode-9/data/containers/hdds of  storage type : DISK and capacity : 1482555576320
2019-11-14 22:48:14,552 [main] INFO  volume.VolumeSet (VolumeSet.java:initializeVolumeSet(170)) - Added Volume : /workdir/hadoop-ozone/integration-test/target/test-dir/MiniOzoneClusterImpl-cc864e37-e864-4d68-a6c4-66bb4c0b7714/datanode-9/data/containers/hdds to VolumeSet
2019-11-14 22:48:14,552 [main] INFO  volume.ThrottledAsyncChecker (ThrottledAsyncChecker.java:schedule(141)) - Scheduling a check for /workdir/hadoop-ozone/integration-test/target/test-dir/MiniOzoneClusterImpl-cc864e37-e864-4d68-a6c4-66bb4c0b7714/datanode-9/data/containers/hdds
2019-11-14 22:48:14,552 [main] INFO  volume.HddsVolumeChecker (HddsVolumeChecker.java:checkAllVolumes(204)) - Scheduled health check for volume /workdir/hadoop-ozone/integration-test/target/test-dir/MiniOzoneClusterImpl-cc864e37-e864-4d68-a6c4-66bb4c0b7714/datanode-9/data/containers/hdds
2019-11-14 22:48:14,566 [main] INFO  impl.RaftServerProxy (ConfUtils.java:logGet(43)) - raft.rpc.type = GRPC (default)
2019-11-14 22:48:14,566 [main] INFO  grpc.GrpcFactory (GrpcFactory.java:checkPooledByteBufAllocatorUseCacheForAllThreads(45)) - PERFORMANCE WARNING: useCacheForAllThreads is true that may cause Netty to create a lot garbage objects and, as a result, trigger GC.
	It is recommended to disable useCacheForAllThreads by setting -Dorg.apache.ratis.thirdparty.io.netty.allocator.useCacheForAllThreads=false in command line.
2019-11-14 22:48:14,566 [main] INFO  grpc.GrpcConfigKeys$Server (ConfUtils.java:logGet(43)) - raft.grpc.server.port = 0 (default)
2019-11-14 22:48:14,566 [main] INFO  server.GrpcService (ConfUtils.java:logGet(43)) - raft.grpc.message.size.max = 33570816 (custom)
2019-11-14 22:48:14,566 [main] INFO  server.RaftServerConfigKeys (ConfUtils.java:logGet(43)) - raft.server.log.appender.buffer.byte-limit = 33554432 (custom)
2019-11-14 22:48:14,566 [main] INFO  server.GrpcService (ConfUtils.java:logGet(43)) - raft.grpc.flow.control.window = 1MB (=1048576) (default)
2019-11-14 22:48:14,567 [main] INFO  server.RaftServerConfigKeys (ConfUtils.java:logGet(43)) - raft.server.rpc.request.timeout = 3000ms (default)
2019-11-14 22:48:14,567 [main] INFO  server.RaftServerConfigKeys (ConfUtils.java:logGet(43)) - raft.server.storage.dir = [/workdir/hadoop-ozone/integration-test/target/test-dir/MiniOzoneClusterImpl-cc864e37-e864-4d68-a6c4-66bb4c0b7714/datanode-9/data/ratis] (custom)
2019-11-14 22:48:14,569 [main] INFO  hdfs.DFSUtil (DFSUtil.java:httpServerTemplateForNNAndJN(1641)) - Starting Web-server for hddsDatanode at: http://0.0.0.0:0
2019-11-14 22:48:14,570 [main] INFO  server.AuthenticationFilter (AuthenticationFilter.java:constructSecretProvider(240)) - Unable to initialize FileSignerSecretProvider, falling back to use random secrets.
2019-11-14 22:48:14,570 [main] WARN  http.HttpRequestLog (HttpRequestLog.java:getRequestLog(97)) - Jetty request log can only be enabled using Log4j
2019-11-14 22:48:14,572 [main] INFO  http.HttpServer2 (HttpServer2.java:addGlobalFilter(975)) - Added global filter 'safety' (class=org.apache.hadoop.http.HttpServer2$QuotingInputFilter)
2019-11-14 22:48:14,572 [main] INFO  http.HttpServer2 (HttpServer2.java:addFilter(948)) - Added filter static_user_filter (class=org.apache.hadoop.http.lib.StaticUserWebFilter$StaticUserFilter) to context hddsDatanode
2019-11-14 22:48:14,572 [main] INFO  http.HttpServer2 (HttpServer2.java:addFilter(958)) - Added filter static_user_filter (class=org.apache.hadoop.http.lib.StaticUserWebFilter$StaticUserFilter) to context logs
2019-11-14 22:48:14,572 [main] INFO  http.HttpServer2 (HttpServer2.java:addFilter(958)) - Added filter static_user_filter (class=org.apache.hadoop.http.lib.StaticUserWebFilter$StaticUserFilter) to context static
2019-11-14 22:48:14,573 [main] INFO  http.HttpServer2 (HttpServer2.java:bindListener(1191)) - Jetty bound to port 36846
2019-11-14 22:48:14,573 [main] INFO  server.Server (Server.java:doStart(351)) - jetty-9.3.25.v20180904, build timestamp: 2018-09-04T21:11:46Z, git hash: 3ce520221d0240229c862b122d2b06c12a625732
2019-11-14 22:48:14,574 [main] INFO  handler.ContextHandler (ContextHandler.java:doStart(781)) - Started o.e.j.s.ServletContextHandler@4f114b{/logs,file:///workdir/hadoop-ozone/integration-test/target/log,AVAILABLE}
2019-11-14 22:48:14,575 [main] INFO  handler.ContextHandler (ContextHandler.java:doStart(781)) - Started o.e.j.s.ServletContextHandler@3fde2209{/static,jar:file:/home/user/.m2/repository/org/apache/hadoop/hadoop-hdds-container-service/0.5.0-SNAPSHOT/hadoop-hdds-container-service-0.5.0-SNAPSHOT.jar!/webapps/static,AVAILABLE}
2019-11-14 22:48:14,602 [main] INFO  handler.ContextHandler (ContextHandler.java:doStart(781)) - Started o.e.j.w.WebAppContext@15605d83{/,file:///tmp/jetty-0.0.0.0-36846-hddsDatanode-_-any-5303349471809635457.dir/webapp/,AVAILABLE}{/hddsDatanode}
2019-11-14 22:48:14,603 [main] INFO  server.AbstractConnector (AbstractConnector.java:doStart(278)) - Started ServerConnector@1fb2eec{HTTP/1.1,[http/1.1]}{0.0.0.0:36846}
2019-11-14 22:48:14,604 [main] INFO  server.Server (Server.java:doStart(419)) - Started @178189ms
2019-11-14 22:48:14,604 [main] WARN  impl.MetricsSystemImpl (MetricsSystemImpl.java:register(276)) - Sink prometheus already exists!
2019-11-14 22:48:14,605 [main] INFO  server.BaseHttpServer (BaseHttpServer.java:updateConnectorAddress(215)) - HTTP server of HDDSDATANODE is listening at http://0.0.0.0:36846
2019-11-14 22:48:14,605 [main] INFO  ozone.MiniOzoneClusterImpl (MiniOzoneClusterImpl.java:lambda$waitForClusterToBeReady$2(171)) - Waiting for cluster to be ready. Got 0 of 10 DN Heartbeats.
2019-11-14 22:48:14,606 [org.apache.hadoop.util.JvmPauseMonitor$Monitor@24682847] INFO  util.JvmPauseMonitor (JvmPauseMonitor.java:run(188)) - Starting JVM pause monitor
2019-11-14 22:48:14,607 [Datanode State Machine Thread - 0] INFO  datanode.InitDatanodeState (InitDatanodeState.java:persistContainerDatanodeDetails(140)) - DatanodeDetails is persisted to /workdir/hadoop-ozone/integration-test/target/test-dir/MiniOzoneClusterImpl-cc864e37-e864-4d68-a6c4-66bb4c0b7714/datanode-9/meta/datanode.id
2019-11-14 22:48:15,606 [main] INFO  ozone.MiniOzoneClusterImpl (MiniOzoneClusterImpl.java:lambda$waitForClusterToBeReady$2(171)) - Waiting for cluster to be ready. Got 0 of 10 DN Heartbeats.
2019-11-14 22:48:16,606 [main] INFO  ozone.MiniOzoneClusterImpl (MiniOzoneClusterImpl.java:lambda$waitForClusterToBeReady$2(171)) - Waiting for cluster to be ready. Got 0 of 10 DN Heartbeats.
2019-11-14 22:48:17,607 [main] INFO  ozone.MiniOzoneClusterImpl (MiniOzoneClusterImpl.java:lambda$waitForClusterToBeReady$2(171)) - Waiting for cluster to be ready. Got 0 of 10 DN Heartbeats.
2019-11-14 22:48:17,737 [Datanode State Machine Thread - 0] INFO  ozoneimpl.OzoneContainer (OzoneContainer.java:start(230)) - Attempting to start container services.
2019-11-14 22:48:17,737 [Datanode State Machine Thread - 0] INFO  ozoneimpl.OzoneContainer (OzoneContainer.java:start(230)) - Attempting to start container services.
2019-11-14 22:48:17,737 [Datanode State Machine Thread - 0] INFO  ozoneimpl.OzoneContainer (OzoneContainer.java:start(230)) - Attempting to start container services.
2019-11-14 22:48:17,737 [Datanode State Machine Thread - 0] INFO  ozoneimpl.OzoneContainer (OzoneContainer.java:start(230)) - Attempting to start container services.
2019-11-14 22:48:17,737 [Datanode State Machine Thread - 0] INFO  ozoneimpl.OzoneContainer (OzoneContainer.java:start(230)) - Attempting to start container services.
2019-11-14 22:48:17,737 [Datanode State Machine Thread - 0] INFO  ozoneimpl.OzoneContainer (OzoneContainer.java:start(230)) - Attempting to start container services.
2019-11-14 22:48:17,737 [Datanode State Machine Thread - 0] INFO  ozoneimpl.OzoneContainer (OzoneContainer.java:start(230)) - Attempting to start container services.
2019-11-14 22:48:17,739 [Datanode State Machine Thread - 0] INFO  ozoneimpl.OzoneContainer (OzoneContainer.java:startContainerScrub(194)) - Background container scanner has been disabled.
2019-11-14 22:48:17,739 [Datanode State Machine Thread - 0] INFO  ozoneimpl.OzoneContainer (OzoneContainer.java:startContainerScrub(194)) - Background container scanner has been disabled.
2019-11-14 22:48:17,739 [Datanode State Machine Thread - 0] INFO  ozoneimpl.OzoneContainer (OzoneContainer.java:startContainerScrub(194)) - Background container scanner has been disabled.
2019-11-14 22:48:17,738 [Datanode State Machine Thread - 0] INFO  ozoneimpl.OzoneContainer (OzoneContainer.java:startContainerScrub(194)) - Background container scanner has been disabled.
2019-11-14 22:48:17,739 [Datanode State Machine Thread - 0] INFO  ratis.XceiverServerRatis (XceiverServerRatis.java:start(421)) - Starting XceiverServerRatis efe5f872-798a-491e-a32c-3b7da58242e1 at port 0
2019-11-14 22:48:17,738 [Datanode State Machine Thread - 0] INFO  ozoneimpl.OzoneContainer (OzoneContainer.java:startContainerScrub(194)) - Background container scanner has been disabled.
2019-11-14 22:48:17,738 [Datanode State Machine Thread - 0] INFO  ozoneimpl.OzoneContainer (OzoneContainer.java:startContainerScrub(194)) - Background container scanner has been disabled.
2019-11-14 22:48:17,738 [Datanode State Machine Thread - 0] INFO  ozoneimpl.OzoneContainer (OzoneContainer.java:startContainerScrub(194)) - Background container scanner has been disabled.
2019-11-14 22:48:17,740 [Datanode State Machine Thread - 0] INFO  ratis.XceiverServerRatis (XceiverServerRatis.java:start(421)) - Starting XceiverServerRatis 18e32969-3754-4ca1-a2d2-6cd35135c98e at port 0
2019-11-14 22:48:17,739 [Datanode State Machine Thread - 0] INFO  ratis.XceiverServerRatis (XceiverServerRatis.java:start(421)) - Starting XceiverServerRatis 66f1650a-280c-49f4-b95d-256fd142b93b at port 0
2019-11-14 22:48:17,739 [Datanode State Machine Thread - 0] INFO  ratis.XceiverServerRatis (XceiverServerRatis.java:start(421)) - Starting XceiverServerRatis c80859c9-f21b-4abf-8d4a-e53adb085c0c at port 0
2019-11-14 22:48:17,739 [Datanode State Machine Thread - 0] INFO  ratis.XceiverServerRatis (XceiverServerRatis.java:start(421)) - Starting XceiverServerRatis 69880f48-4353-423b-aea8-e4e5e5527b4b at port 0
2019-11-14 22:48:17,739 [Datanode State Machine Thread - 0] INFO  ratis.XceiverServerRatis (XceiverServerRatis.java:start(421)) - Starting XceiverServerRatis 4327b9a0-f311-4ee4-b5c4-0291d295fd82 at port 0
2019-11-14 22:48:17,740 [Datanode State Machine Thread - 0] INFO  ratis.XceiverServerRatis (XceiverServerRatis.java:start(421)) - Starting XceiverServerRatis 08dde684-28b1-4c0c-af1f-73a1ff3c9c7d at port 0
2019-11-14 22:48:17,777 [Datanode State Machine Thread - 0] INFO  impl.RaftServerProxy (RaftServerProxy.java:lambda$start$3(299)) - c80859c9-f21b-4abf-8d4a-e53adb085c0c: start RPC server
2019-11-14 22:48:17,781 [Datanode State Machine Thread - 0] INFO  impl.RaftServerProxy (RaftServerProxy.java:lambda$start$3(299)) - 66f1650a-280c-49f4-b95d-256fd142b93b: start RPC server
2019-11-14 22:48:17,784 [Datanode State Machine Thread - 0] INFO  impl.RaftServerProxy (RaftServerProxy.java:lambda$start$3(299)) - 4327b9a0-f311-4ee4-b5c4-0291d295fd82: start RPC server
2019-11-14 22:48:17,794 [Datanode State Machine Thread - 0] INFO  server.GrpcService (GrpcService.java:startImpl(158)) - 66f1650a-280c-49f4-b95d-256fd142b93b: GrpcService started, listening on 0.0.0.0/0.0.0.0:39088
2019-11-14 22:48:17,794 [Datanode State Machine Thread - 0] INFO  server.GrpcService (GrpcService.java:startImpl(158)) - c80859c9-f21b-4abf-8d4a-e53adb085c0c: GrpcService started, listening on 0.0.0.0/0.0.0.0:40401
2019-11-14 22:48:17,794 [Datanode State Machine Thread - 0] INFO  server.GrpcService (GrpcService.java:startImpl(158)) - 4327b9a0-f311-4ee4-b5c4-0291d295fd82: GrpcService started, listening on 0.0.0.0/0.0.0.0:41256
2019-11-14 22:48:17,794 [Datanode State Machine Thread - 0] INFO  ratis.XceiverServerRatis (XceiverServerRatis.java:start(431)) - XceiverServerRatis c80859c9-f21b-4abf-8d4a-e53adb085c0c is started using port 40401
2019-11-14 22:48:17,794 [Datanode State Machine Thread - 0] INFO  ratis.XceiverServerRatis (XceiverServerRatis.java:start(431)) - XceiverServerRatis 66f1650a-280c-49f4-b95d-256fd142b93b is started using port 39088
2019-11-14 22:48:17,795 [Datanode State Machine Thread - 0] INFO  ratis.XceiverServerRatis (XceiverServerRatis.java:start(431)) - XceiverServerRatis 4327b9a0-f311-4ee4-b5c4-0291d295fd82 is started using port 41256
2019-11-14 22:48:17,795 [Datanode State Machine Thread - 0] INFO  server.XceiverServerGrpc (XceiverServerGrpc.java:start(145)) - XceiverServerGrpc 66f1650a-280c-49f4-b95d-256fd142b93b is started using port 42046
2019-11-14 22:48:17,795 [Datanode State Machine Thread - 0] INFO  server.XceiverServerGrpc (XceiverServerGrpc.java:start(145)) - XceiverServerGrpc c80859c9-f21b-4abf-8d4a-e53adb085c0c is started using port 40005
2019-11-14 22:48:17,795 [Datanode State Machine Thread - 0] INFO  impl.RaftServerProxy (RaftServerProxy.java:lambda$start$3(299)) - 08dde684-28b1-4c0c-af1f-73a1ff3c9c7d: start RPC server
2019-11-14 22:48:17,797 [Datanode State Machine Thread - 0] INFO  server.XceiverServerGrpc (XceiverServerGrpc.java:start(145)) - XceiverServerGrpc 4327b9a0-f311-4ee4-b5c4-0291d295fd82 is started using port 40519
2019-11-14 22:48:17,797 [Datanode State Machine Thread - 0] INFO  server.GrpcService (GrpcService.java:startImpl(158)) - 08dde684-28b1-4c0c-af1f-73a1ff3c9c7d: GrpcService started, listening on 0.0.0.0/0.0.0.0:45825
2019-11-14 22:48:17,797 [Datanode State Machine Thread - 0] INFO  ratis.XceiverServerRatis (XceiverServerRatis.java:start(431)) - XceiverServerRatis 08dde684-28b1-4c0c-af1f-73a1ff3c9c7d is started using port 45825
2019-11-14 22:48:17,798 [Datanode State Machine Thread - 0] INFO  server.XceiverServerGrpc (XceiverServerGrpc.java:start(145)) - XceiverServerGrpc 08dde684-28b1-4c0c-af1f-73a1ff3c9c7d is started using port 35145
2019-11-14 22:48:17,804 [Datanode State Machine Thread - 0] INFO  impl.RaftServerProxy (RaftServerProxy.java:lambda$start$3(299)) - 18e32969-3754-4ca1-a2d2-6cd35135c98e: start RPC server
2019-11-14 22:48:17,804 [Datanode State Machine Thread - 0] INFO  server.GrpcService (GrpcService.java:startImpl(158)) - 18e32969-3754-4ca1-a2d2-6cd35135c98e: GrpcService started, listening on 0.0.0.0/0.0.0.0:36094
2019-11-14 22:48:17,804 [Datanode State Machine Thread - 0] INFO  ratis.XceiverServerRatis (XceiverServerRatis.java:start(431)) - XceiverServerRatis 18e32969-3754-4ca1-a2d2-6cd35135c98e is started using port 36094
2019-11-14 22:48:17,805 [Datanode State Machine Thread - 0] INFO  server.XceiverServerGrpc (XceiverServerGrpc.java:start(145)) - XceiverServerGrpc 18e32969-3754-4ca1-a2d2-6cd35135c98e is started using port 37539
2019-11-14 22:48:17,808 [Datanode State Machine Thread - 0] INFO  impl.RaftServerProxy (RaftServerProxy.java:lambda$start$3(299)) - efe5f872-798a-491e-a32c-3b7da58242e1: start RPC server
2019-11-14 22:48:17,809 [Datanode State Machine Thread - 0] INFO  server.GrpcService (GrpcService.java:startImpl(158)) - efe5f872-798a-491e-a32c-3b7da58242e1: GrpcService started, listening on 0.0.0.0/0.0.0.0:36375
2019-11-14 22:48:17,809 [Datanode State Machine Thread - 0] INFO  ratis.XceiverServerRatis (XceiverServerRatis.java:start(431)) - XceiverServerRatis efe5f872-798a-491e-a32c-3b7da58242e1 is started using port 36375
2019-11-14 22:48:17,810 [Datanode State Machine Thread - 0] INFO  server.XceiverServerGrpc (XceiverServerGrpc.java:start(145)) - XceiverServerGrpc efe5f872-798a-491e-a32c-3b7da58242e1 is started using port 40252
2019-11-14 22:48:17,828 [Datanode State Machine Thread - 0] INFO  impl.RaftServerProxy (RaftServerProxy.java:lambda$start$3(299)) - 69880f48-4353-423b-aea8-e4e5e5527b4b: start RPC server
2019-11-14 22:48:17,829 [Datanode State Machine Thread - 0] INFO  server.GrpcService (GrpcService.java:startImpl(158)) - 69880f48-4353-423b-aea8-e4e5e5527b4b: GrpcService started, listening on 0.0.0.0/0.0.0.0:39393
2019-11-14 22:48:17,829 [Datanode State Machine Thread - 0] INFO  ratis.XceiverServerRatis (XceiverServerRatis.java:start(431)) - XceiverServerRatis 69880f48-4353-423b-aea8-e4e5e5527b4b is started using port 39393
2019-11-14 22:48:17,829 [Datanode State Machine Thread - 0] INFO  server.XceiverServerGrpc (XceiverServerGrpc.java:start(145)) - XceiverServerGrpc 69880f48-4353-423b-aea8-e4e5e5527b4b is started using port 34705
2019-11-14 22:48:17,953 [IPC Server handler 7 on 41010] INFO  net.NetworkTopology (NetworkTopologyImpl.java:add(111)) - Added a new node: /rack1/18e32969-3754-4ca1-a2d2-6cd35135c98e
2019-11-14 22:48:17,955 [IPC Server handler 7 on 41010] INFO  node.SCMNodeManager (SCMNodeManager.java:register(267)) - Registered Data node : 18e32969-3754-4ca1-a2d2-6cd35135c98e{ip: 192.168.69.106, host: pr-hdds-2494-dtfqw-3996435450, networkLocation: /rack1, certSerialId: null}
2019-11-14 22:48:17,956 [EventQueue-NodeRegistrationContainerReportForDataNodeSafeModeRule] INFO  safemode.SCMSafeModeManager (DataNodeSafeModeRule.java:process(71)) - SCM in safe mode. 1 DataNodes registered, 1 required.
2019-11-14 22:48:17,958 [EventQueue-NodeRegistrationContainerReportForDataNodeSafeModeRule] INFO  safemode.SCMSafeModeManager (SCMSafeModeManager.java:validateSafeModeExitRules(177)) - ScmSafeModeManager, all rules are successfully validated
2019-11-14 22:48:17,958 [EventQueue-NodeRegistrationContainerReportForDataNodeSafeModeRule] INFO  safemode.SCMSafeModeManager (SCMSafeModeManager.java:exitSafeMode(193)) - SCM exiting safe mode.
2019-11-14 22:48:17,970 [grpc-default-executor-4] INFO  impl.RaftServerProxy (RaftServerProxy.java:addNew(89)) - 18e32969-3754-4ca1-a2d2-6cd35135c98e: addNew group-D581C268DC9D:[18e32969-3754-4ca1-a2d2-6cd35135c98e:192.168.69.106:36094] returns group-D581C268DC9D:java.util.concurrent.CompletableFuture@6d4ebbcb[Not completed]
2019-11-14 22:48:17,972 [pool-389-thread-1] INFO  impl.RaftServerImpl (RaftServerImpl.java:<init>(98)) - 18e32969-3754-4ca1-a2d2-6cd35135c98e: new RaftServerImpl for group-D581C268DC9D:[18e32969-3754-4ca1-a2d2-6cd35135c98e:192.168.69.106:36094] with ContainerStateMachine:uninitialized
2019-11-14 22:48:17,972 [pool-389-thread-1] INFO  server.RaftServerConfigKeys (ConfUtils.java:logGet(43)) - raft.server.rpc.timeout.min = 1s (custom)
2019-11-14 22:48:17,972 [pool-389-thread-1] INFO  server.RaftServerConfigKeys (ConfUtils.java:logGet(43)) - raft.server.rpc.timeout.max = 1200ms (custom)
2019-11-14 22:48:17,972 [pool-389-thread-1] INFO  server.RaftServerConfigKeys (ConfUtils.java:logGet(43)) - raft.server.rpcslowness.timeout = 120s (custom)
2019-11-14 22:48:17,972 [pool-389-thread-1] INFO  server.RaftServerConfigKeys (ConfUtils.java:logGet(43)) - raft.server.sleep.deviation.threshold = 300 (default)
2019-11-14 22:48:17,973 [pool-389-thread-1] INFO  server.RaftServerConfigKeys (ConfUtils.java:logGet(43)) - raft.server.log.appender.install.snapshot.enabled = false (custom)
2019-11-14 22:48:17,973 [pool-389-thread-1] INFO  impl.RaftServerImpl (ServerState.java:<init>(103)) - 18e32969-3754-4ca1-a2d2-6cd35135c98e@group-D581C268DC9D: ConfigurationManager, init=-1: [18e32969-3754-4ca1-a2d2-6cd35135c98e:192.168.69.106:36094], old=null, confs=<EMPTY_MAP>
2019-11-14 22:48:17,973 [pool-389-thread-1] INFO  server.RaftServerConfigKeys (ConfUtils.java:logGet(43)) - raft.server.storage.dir = [/workdir/hadoop-ozone/integration-test/target/test-dir/MiniOzoneClusterImpl-cc864e37-e864-4d68-a6c4-66bb4c0b7714/datanode-0/data/ratis] (custom)
2019-11-14 22:48:17,973 [pool-389-thread-1] INFO  server.RaftServerConfigKeys (ConfUtils.java:logGet(43)) - raft.server.log.corruption.policy = EXCEPTION (default)
2019-11-14 22:48:17,973 [pool-389-thread-1] INFO  storage.RaftStorageDirectory (RaftStorageDirectory.java:analyzeStorage(246)) - The storage directory /workdir/hadoop-ozone/integration-test/target/test-dir/MiniOzoneClusterImpl-cc864e37-e864-4d68-a6c4-66bb4c0b7714/datanode-0/data/ratis/89d1de32-3ac5-4f7d-9fd8-d581c268dc9d does not exist. Creating ...
2019-11-14 22:48:18,016 [IPC Server handler 10 on 41010] INFO  net.NetworkTopology (NetworkTopologyImpl.java:add(111)) - Added a new node: /rack1/efe5f872-798a-491e-a32c-3b7da58242e1
2019-11-14 22:48:18,016 [IPC Server handler 10 on 41010] INFO  node.SCMNodeManager (SCMNodeManager.java:register(267)) - Registered Data node : efe5f872-798a-491e-a32c-3b7da58242e1{ip: 192.168.69.106, host: pr-hdds-2494-dtfqw-3996435450, networkLocation: /rack1, certSerialId: null}
2019-11-14 22:48:18,090 [IPC Server handler 8 on 41010] INFO  net.NetworkTopology (NetworkTopologyImpl.java:add(111)) - Added a new node: /rack1/66f1650a-280c-49f4-b95d-256fd142b93b
2019-11-14 22:48:18,090 [IPC Server handler 8 on 41010] INFO  node.SCMNodeManager (SCMNodeManager.java:register(267)) - Registered Data node : 66f1650a-280c-49f4-b95d-256fd142b93b{ip: 192.168.69.106, host: pr-hdds-2494-dtfqw-3996435450, networkLocation: /rack1, certSerialId: null}
2019-11-14 22:48:18,167 [IPC Server handler 0 on 41010] INFO  net.NetworkTopology (NetworkTopologyImpl.java:add(111)) - Added a new node: /rack1/4327b9a0-f311-4ee4-b5c4-0291d295fd82
2019-11-14 22:48:18,167 [IPC Server handler 0 on 41010] INFO  node.SCMNodeManager (SCMNodeManager.java:register(267)) - Registered Data node : 4327b9a0-f311-4ee4-b5c4-0291d295fd82{ip: 192.168.69.106, host: pr-hdds-2494-dtfqw-3996435450, networkLocation: /rack1, certSerialId: null}
2019-11-14 22:48:18,232 [IPC Server handler 1 on 41010] INFO  net.NetworkTopology (NetworkTopologyImpl.java:add(111)) - Added a new node: /rack1/c80859c9-f21b-4abf-8d4a-e53adb085c0c
2019-11-14 22:48:18,232 [IPC Server handler 1 on 41010] INFO  node.SCMNodeManager (SCMNodeManager.java:register(267)) - Registered Data node : c80859c9-f21b-4abf-8d4a-e53adb085c0c{ip: 192.168.69.106, host: pr-hdds-2494-dtfqw-3996435450, networkLocation: /rack1, certSerialId: null}
2019-11-14 22:48:18,314 [IPC Server handler 2 on 41010] INFO  net.NetworkTopology (NetworkTopologyImpl.java:add(111)) - Added a new node: /rack1/08dde684-28b1-4c0c-af1f-73a1ff3c9c7d
2019-11-14 22:48:18,314 [IPC Server handler 2 on 41010] INFO  node.SCMNodeManager (SCMNodeManager.java:register(267)) - Registered Data node : 08dde684-28b1-4c0c-af1f-73a1ff3c9c7d{ip: 192.168.69.106, host: pr-hdds-2494-dtfqw-3996435450, networkLocation: /rack1, certSerialId: null}
2019-11-14 22:48:18,406 [IPC Server handler 4 on 41010] INFO  net.NetworkTopology (NetworkTopologyImpl.java:add(111)) - Added a new node: /rack1/69880f48-4353-423b-aea8-e4e5e5527b4b
2019-11-14 22:48:18,406 [IPC Server handler 4 on 41010] INFO  node.SCMNodeManager (SCMNodeManager.java:register(267)) - Registered Data node : 69880f48-4353-423b-aea8-e4e5e5527b4b{ip: 192.168.69.106, host: pr-hdds-2494-dtfqw-3996435450, networkLocation: /rack1, certSerialId: null}
2019-11-14 22:48:19,252 [Datanode State Machine Thread - 0] INFO  ozoneimpl.OzoneContainer (OzoneContainer.java:start(230)) - Attempting to start container services.
2019-11-14 22:48:19,252 [Datanode State Machine Thread - 0] INFO  ozoneimpl.OzoneContainer (OzoneContainer.java:start(230)) - Attempting to start container services.
2019-11-14 22:48:19,252 [Datanode State Machine Thread - 0] INFO  ozoneimpl.OzoneContainer (OzoneContainer.java:startContainerScrub(194)) - Background container scanner has been disabled.
2019-11-14 22:48:19,252 [Datanode State Machine Thread - 0] INFO  ozoneimpl.OzoneContainer (OzoneContainer.java:startContainerScrub(194)) - Background container scanner has been disabled.
2019-11-14 22:48:19,252 [Datanode State Machine Thread - 0] INFO  ozoneimpl.OzoneContainer (OzoneContainer.java:start(230)) - Attempting to start container services.
2019-11-14 22:48:19,252 [Datanode State Machine Thread - 0] INFO  ratis.XceiverServerRatis (XceiverServerRatis.java:start(421)) - Starting XceiverServerRatis 72394f6c-3e01-4500-a598-e7025604e834 at port 0
2019-11-14 22:48:19,252 [Datanode State Machine Thread - 0] INFO  ratis.XceiverServerRatis (XceiverServerRatis.java:start(421)) - Starting XceiverServerRatis 4d68db99-8e57-4477-9df5-a46835e4fa0b at port 0
2019-11-14 22:48:19,253 [Datanode State Machine Thread - 0] INFO  ozoneimpl.OzoneContainer (OzoneContainer.java:startContainerScrub(194)) - Background container scanner has been disabled.
2019-11-14 22:48:19,253 [Datanode State Machine Thread - 0] INFO  ratis.XceiverServerRatis (XceiverServerRatis.java:start(421)) - Starting XceiverServerRatis 6028200d-73f2-413b-acee-d6d0701d6ffb at port 0
2019-11-14 22:48:19,276 [Datanode State Machine Thread - 0] INFO  impl.RaftServerProxy (RaftServerProxy.java:lambda$start$3(299)) - 72394f6c-3e01-4500-a598-e7025604e834: start RPC server
2019-11-14 22:48:19,277 [Datanode State Machine Thread - 0] INFO  server.GrpcService (GrpcService.java:startImpl(158)) - 72394f6c-3e01-4500-a598-e7025604e834: GrpcService started, listening on 0.0.0.0/0.0.0.0:39947
2019-11-14 22:48:19,277 [Datanode State Machine Thread - 0] INFO  ratis.XceiverServerRatis (XceiverServerRatis.java:start(431)) - XceiverServerRatis 72394f6c-3e01-4500-a598-e7025604e834 is started using port 39947
2019-11-14 22:48:19,278 [Datanode State Machine Thread - 0] INFO  server.XceiverServerGrpc (XceiverServerGrpc.java:start(145)) - XceiverServerGrpc 72394f6c-3e01-4500-a598-e7025604e834 is started using port 43267
2019-11-14 22:48:19,279 [Datanode State Machine Thread - 0] INFO  impl.RaftServerProxy (RaftServerProxy.java:lambda$start$3(299)) - 6028200d-73f2-413b-acee-d6d0701d6ffb: start RPC server
2019-11-14 22:48:19,282 [Datanode State Machine Thread - 0] INFO  impl.RaftServerProxy (RaftServerProxy.java:lambda$start$3(299)) - 4d68db99-8e57-4477-9df5-a46835e4fa0b: start RPC server
2019-11-14 22:48:19,285 [Datanode State Machine Thread - 0] INFO  server.GrpcService (GrpcService.java:startImpl(158)) - 6028200d-73f2-413b-acee-d6d0701d6ffb: GrpcService started, listening on 0.0.0.0/0.0.0.0:40753
2019-11-14 22:48:19,287 [Datanode State Machine Thread - 0] INFO  server.GrpcService (GrpcService.java:startImpl(158)) - 4d68db99-8e57-4477-9df5-a46835e4fa0b: GrpcService started, listening on 0.0.0.0/0.0.0.0:41155
2019-11-14 22:48:19,287 [Datanode State Machine Thread - 0] INFO  ratis.XceiverServerRatis (XceiverServerRatis.java:start(431)) - XceiverServerRatis 6028200d-73f2-413b-acee-d6d0701d6ffb is started using port 40753
2019-11-14 22:48:19,287 [Datanode State Machine Thread - 0] INFO  ratis.XceiverServerRatis (XceiverServerRatis.java:start(431)) - XceiverServerRatis 4d68db99-8e57-4477-9df5-a46835e4fa0b is started using port 41155
2019-11-14 22:48:19,299 [Datanode State Machine Thread - 0] INFO  server.XceiverServerGrpc (XceiverServerGrpc.java:start(145)) - XceiverServerGrpc 6028200d-73f2-413b-acee-d6d0701d6ffb is started using port 38651
2019-11-14 22:48:19,301 [Datanode State Machine Thread - 0] INFO  server.XceiverServerGrpc (XceiverServerGrpc.java:start(145)) - XceiverServerGrpc 4d68db99-8e57-4477-9df5-a46835e4fa0b is started using port 36611
2019-11-14 22:48:19,737 [pool-389-thread-1] INFO  storage.RaftStorageDirectory (RaftStorageDirectory.java:tryLock(328)) - Lock on /workdir/hadoop-ozone/integration-test/target/test-dir/MiniOzoneClusterImpl-cc864e37-e864-4d68-a6c4-66bb4c0b7714/datanode-0/data/ratis/89d1de32-3ac5-4f7d-9fd8-d581c268dc9d/in_use.lock acquired by nodename 339@pr-hdds-2494-dtfqw-3996435450
2019-11-14 22:48:20,480 [IPC Server handler 5 on 41010] INFO  net.NetworkTopology (NetworkTopologyImpl.java:add(111)) - Added a new node: /rack1/4d68db99-8e57-4477-9df5-a46835e4fa0b
2019-11-14 22:48:20,480 [IPC Server handler 5 on 41010] INFO  node.SCMNodeManager (SCMNodeManager.java:register(267)) - Registered Data node : 4d68db99-8e57-4477-9df5-a46835e4fa0b{ip: 192.168.69.106, host: pr-hdds-2494-dtfqw-3996435450, networkLocation: /rack1, certSerialId: null}
2019-11-14 22:48:20,546 [IPC Server handler 6 on 41010] INFO  net.NetworkTopology (NetworkTopologyImpl.java:add(111)) - Added a new node: /rack1/6028200d-73f2-413b-acee-d6d0701d6ffb
2019-11-14 22:48:20,546 [IPC Server handler 6 on 41010] INFO  node.SCMNodeManager (SCMNodeManager.java:register(267)) - Registered Data node : 6028200d-73f2-413b-acee-d6d0701d6ffb{ip: 192.168.69.106, host: pr-hdds-2494-dtfqw-3996435450, networkLocation: /rack1, certSerialId: null}
2019-11-14 22:48:20,610 [IPC Server handler 7 on 41010] INFO  net.NetworkTopology (NetworkTopologyImpl.java:add(111)) - Added a new node: /rack1/72394f6c-3e01-4500-a598-e7025604e834
2019-11-14 22:48:20,610 [IPC Server handler 7 on 41010] INFO  node.SCMNodeManager (SCMNodeManager.java:register(267)) - Registered Data node : 72394f6c-3e01-4500-a598-e7025604e834{ip: 192.168.69.106, host: pr-hdds-2494-dtfqw-3996435450, networkLocation: /rack1, certSerialId: null}
2019-11-14 22:48:20,701 [pool-389-thread-1] INFO  storage.RaftStorage (RaftStorage.java:format(84)) - Storage directory /workdir/hadoop-ozone/integration-test/target/test-dir/MiniOzoneClusterImpl-cc864e37-e864-4d68-a6c4-66bb4c0b7714/datanode-0/data/ratis/89d1de32-3ac5-4f7d-9fd8-d581c268dc9d has been successfully formatted.
2019-11-14 22:48:20,702 [pool-389-thread-1] INFO  ratis.ContainerStateMachine (ContainerStateMachine.java:loadSnapshot(223)) - group-D581C268DC9D: The snapshot info is null. Setting the last applied indexto:(t:0, i:~)
2019-11-14 22:48:20,702 [pool-389-thread-1] INFO  server.RaftServerConfigKeys (ConfUtils.java:logGet(43)) - raft.server.notification.no-leader.timeout = 120s (custom)
2019-11-14 22:48:20,702 [pool-389-thread-1] INFO  server.RaftServerConfigKeys (ConfUtils.java:logGet(43)) - raft.server.log.use.memory = false (default)
2019-11-14 22:48:20,702 [pool-389-thread-1] INFO  server.RaftServerConfigKeys (ConfUtils.java:logGet(43)) - raft.server.log.purge.gap = 1000000 (custom)
2019-11-14 22:48:20,702 [pool-389-thread-1] INFO  server.RaftServerConfigKeys (ConfUtils.java:logGet(43)) - raft.server.log.appender.buffer.byte-limit = 33554432 (custom)
2019-11-14 22:48:20,703 [pool-389-thread-1] INFO  server.RaftServerConfigKeys (ConfUtils.java:logGet(43)) - raft.server.log.segment.size.max = 1048576 (custom)
2019-11-14 22:48:20,703 [pool-389-thread-1] WARN  impl.MetricRegistriesImpl (MetricRegistriesImpl.java:lambda$create$1(61)) - First MetricRegistry has been created without registering reporters. You may need to call MetricRegistries.global().addReportRegistration(...) before.
2019-11-14 22:48:20,703 [pool-389-thread-1] INFO  server.RaftServerConfigKeys (ConfUtils.java:logGet(43)) - raft.server.log.segment.cache.num.max = 2 (custom)
2019-11-14 22:48:20,703 [pool-389-thread-1] INFO  segmented.SegmentedRaftLogWorker (SegmentedRaftLogWorker.java:<init>(173)) - new 18e32969-3754-4ca1-a2d2-6cd35135c98e@group-D581C268DC9D-SegmentedRaftLogWorker for RaftStorage:Storage Directory /workdir/hadoop-ozone/integration-test/target/test-dir/MiniOzoneClusterImpl-cc864e37-e864-4d68-a6c4-66bb4c0b7714/datanode-0/data/ratis/89d1de32-3ac5-4f7d-9fd8-d581c268dc9d
2019-11-14 22:48:20,703 [pool-389-thread-1] INFO  server.RaftServerConfigKeys (ConfUtils.java:logGet(43)) - raft.server.log.queue.byte-limit = 2147483647 (custom)
2019-11-14 22:48:20,704 [pool-389-thread-1] INFO  server.RaftServerConfigKeys (ConfUtils.java:logGet(43)) - raft.server.log.queue.element-limit = 1024 (custom)
2019-11-14 22:48:20,704 [pool-389-thread-1] INFO  server.RaftServerConfigKeys (ConfUtils.java:logGet(43)) - raft.server.log.segment.size.max = 1048576 (custom)
2019-11-14 22:48:20,704 [pool-389-thread-1] INFO  server.RaftServerConfigKeys (ConfUtils.java:logGet(43)) - raft.server.log.preallocated.size = 16384 (custom)
2019-11-14 22:48:20,704 [pool-389-thread-1] INFO  server.RaftServerConfigKeys (ConfUtils.java:logGet(43)) - raft.server.log.write.buffer.size = 33554432 (custom)
2019-11-14 22:48:20,704 [pool-389-thread-1] INFO  server.RaftServerConfigKeys (ConfUtils.java:logGet(43)) - raft.server.log.force.sync.num = 128 (default)
2019-11-14 22:48:20,704 [pool-389-thread-1] INFO  server.RaftServerConfigKeys (ConfUtils.java:logGet(43)) - raft.server.log.statemachine.data.sync = true (default)
2019-11-14 22:48:20,705 [pool-389-thread-1] INFO  server.RaftServerConfigKeys (ConfUtils.java:logGet(43)) - raft.server.log.statemachine.data.sync.timeout = 10s (default)
2019-11-14 22:48:20,705 [pool-389-thread-1] INFO  server.RaftServerConfigKeys (ConfUtils.java:logGet(43)) - raft.server.log.statemachine.data.sync.timeout.retry = -1 (default)
2019-11-14 22:48:20,705 [pool-389-thread-1] INFO  server.RaftServerConfigKeys (ConfUtils.java:logGet(43)) - raft.server.log.statemachine.data.caching.enabled = true (custom)
2019-11-14 22:48:20,706 [pool-389-thread-1] INFO  segmented.SegmentedRaftLogWorker (SegmentedRaftLogWorker.java:lambda$new$0(128)) - 18e32969-3754-4ca1-a2d2-6cd35135c98e@group-D581C268DC9D-SegmentedRaftLogWorker: flushIndex: setUnconditionally 0 -> -1
2019-11-14 22:48:20,706 [pool-389-thread-1] INFO  server.RaftServerConfigKeys (ConfUtils.java:logGet(43)) - raft.server.snapshot.auto.trigger.enabled = true (custom)
2019-11-14 22:48:20,706 [pool-389-thread-1] INFO  server.RaftServerConfigKeys (ConfUtils.java:logGet(43)) - raft.server.snapshot.auto.trigger.threshold = 10000 (custom)
2019-11-14 22:48:20,707 [pool-389-thread-1] INFO  server.RaftServerConfigKeys (ConfUtils.java:logGet(43)) - raft.server.snapshot.retention.file.num = 5 (custom)
2019-11-14 22:48:20,707 [pool-389-thread-1] INFO  server.RaftServerConfigKeys (ConfUtils.java:logGet(43)) - raft.server.retrycache.expirytime = 600000ms (custom)
2019-11-14 22:48:20,707 [pool-389-thread-1] WARN  impl.MetricRegistriesImpl (MetricRegistriesImpl.java:lambda$create$1(61)) - First MetricRegistry has been created without registering reporters. You may need to call MetricRegistries.global().addReportRegistration(...) before.
2019-11-14 22:48:20,707 [pool-389-thread-1] WARN  impl.MetricRegistriesImpl (MetricRegistriesImpl.java:lambda$create$1(61)) - First MetricRegistry has been created without registering reporters. You may need to call MetricRegistries.global().addReportRegistration(...) before.
2019-11-14 22:48:20,708 [pool-389-thread-1] INFO  impl.RaftServerImpl (RaftServerImpl.java:start(184)) - 18e32969-3754-4ca1-a2d2-6cd35135c98e@group-D581C268DC9D: start as a follower, conf=-1: [18e32969-3754-4ca1-a2d2-6cd35135c98e:192.168.69.106:36094], old=null
2019-11-14 22:48:20,708 [pool-389-thread-1] INFO  impl.RaftServerImpl (RaftServerImpl.java:setRole(173)) - 18e32969-3754-4ca1-a2d2-6cd35135c98e@group-D581C268DC9D: changes role from      null to FOLLOWER at term 0 for startAsFollower
2019-11-14 22:48:20,708 [pool-389-thread-1] INFO  impl.RoleInfo (RoleInfo.java:updateAndGet(143)) - 18e32969-3754-4ca1-a2d2-6cd35135c98e: start FollowerState
2019-11-14 22:48:20,709 [pool-389-thread-1] INFO  util.JmxRegister (JmxRegister.java:tryRegister(44)) - Successfully registered JMX Bean with object name Ratis:service=RaftServer,group=group-D581C268DC9D,id=18e32969-3754-4ca1-a2d2-6cd35135c98e
2019-11-14 22:48:20,709 [pool-389-thread-1] WARN  impl.MetricRegistriesImpl (MetricRegistriesImpl.java:lambda$create$1(61)) - First MetricRegistry has been created without registering reporters. You may need to call MetricRegistries.global().addReportRegistration(...) before.
2019-11-14 22:48:20,713 [RatisPipelineUtilsThread] INFO  pipeline.PipelineStateManager (PipelineStateManager.java:addPipeline(55)) - Created pipeline Pipeline[ Id: 89d1de32-3ac5-4f7d-9fd8-d581c268dc9d, Nodes: 18e32969-3754-4ca1-a2d2-6cd35135c98e{ip: 192.168.69.106, host: pr-hdds-2494-dtfqw-3996435450, networkLocation: /rack1, certSerialId: null}, Type:RATIS, Factor:ONE, State:ALLOCATED]
2019-11-14 22:48:20,720 [grpc-default-executor-4] INFO  impl.RaftServerProxy (RaftServerProxy.java:addNew(89)) - 4327b9a0-f311-4ee4-b5c4-0291d295fd82: addNew group-1E1E5B1372C6:[4327b9a0-f311-4ee4-b5c4-0291d295fd82:192.168.69.106:41256] returns group-1E1E5B1372C6:java.util.concurrent.CompletableFuture@52d160ec[Not completed]
2019-11-14 22:48:20,722 [pool-419-thread-1] INFO  impl.RaftServerImpl (RaftServerImpl.java:<init>(98)) - 4327b9a0-f311-4ee4-b5c4-0291d295fd82: new RaftServerImpl for group-1E1E5B1372C6:[4327b9a0-f311-4ee4-b5c4-0291d295fd82:192.168.69.106:41256] with ContainerStateMachine:uninitialized
2019-11-14 22:48:20,722 [pool-419-thread-1] INFO  server.RaftServerConfigKeys (ConfUtils.java:logGet(43)) - raft.server.rpc.timeout.min = 1s (custom)
2019-11-14 22:48:20,722 [pool-419-thread-1] INFO  server.RaftServerConfigKeys (ConfUtils.java:logGet(43)) - raft.server.rpc.timeout.max = 1200ms (custom)
2019-11-14 22:48:20,722 [pool-419-thread-1] INFO  server.RaftServerConfigKeys (ConfUtils.java:logGet(43)) - raft.server.rpcslowness.timeout = 120s (custom)
2019-11-14 22:48:20,722 [pool-419-thread-1] INFO  server.RaftServerConfigKeys (ConfUtils.java:logGet(43)) - raft.server.sleep.deviation.threshold = 300 (default)
2019-11-14 22:48:20,722 [pool-419-thread-1] INFO  server.RaftServerConfigKeys (ConfUtils.java:logGet(43)) - raft.server.log.appender.install.snapshot.enabled = false (custom)
2019-11-14 22:48:20,723 [pool-419-thread-1] INFO  impl.RaftServerImpl (ServerState.java:<init>(103)) - 4327b9a0-f311-4ee4-b5c4-0291d295fd82@group-1E1E5B1372C6: ConfigurationManager, init=-1: [4327b9a0-f311-4ee4-b5c4-0291d295fd82:192.168.69.106:41256], old=null, confs=<EMPTY_MAP>
2019-11-14 22:48:20,723 [pool-419-thread-1] INFO  server.RaftServerConfigKeys (ConfUtils.java:logGet(43)) - raft.server.storage.dir = [/workdir/hadoop-ozone/integration-test/target/test-dir/MiniOzoneClusterImpl-cc864e37-e864-4d68-a6c4-66bb4c0b7714/datanode-3/data/ratis] (custom)
2019-11-14 22:48:20,723 [pool-419-thread-1] INFO  server.RaftServerConfigKeys (ConfUtils.java:logGet(43)) - raft.server.log.corruption.policy = EXCEPTION (default)
2019-11-14 22:48:20,723 [pool-419-thread-1] INFO  storage.RaftStorageDirectory (RaftStorageDirectory.java:analyzeStorage(246)) - The storage directory /workdir/hadoop-ozone/integration-test/target/test-dir/MiniOzoneClusterImpl-cc864e37-e864-4d68-a6c4-66bb4c0b7714/datanode-3/data/ratis/9cf78378-fe42-4425-bdfb-1e1e5b1372c6 does not exist. Creating ...
2019-11-14 22:48:20,959 [Thread-3037] INFO  container.ReplicationManager (ReplicationManager.java:start(162)) - Starting Replication Monitor Thread.
2019-11-14 22:48:20,962 [ReplicationMonitor] INFO  container.ReplicationManager (ReplicationManager.java:run(225)) - Replication Monitor Thread took 0 milliseconds for processing 0 containers.
2019-11-14 22:48:21,632 [pool-419-thread-1] INFO  storage.RaftStorageDirectory (RaftStorageDirectory.java:tryLock(328)) - Lock on /workdir/hadoop-ozone/integration-test/target/test-dir/MiniOzoneClusterImpl-cc864e37-e864-4d68-a6c4-66bb4c0b7714/datanode-3/data/ratis/9cf78378-fe42-4425-bdfb-1e1e5b1372c6/in_use.lock acquired by nodename 339@pr-hdds-2494-dtfqw-3996435450
2019-11-14 22:48:21,888 [Thread-3045] INFO  impl.FollowerState (FollowerState.java:run(111)) - 18e32969-3754-4ca1-a2d2-6cd35135c98e@group-D581C268DC9D-FollowerState: change to CANDIDATE, lastRpcTime:1179ms, electionTimeout:1179ms
2019-11-14 22:48:21,888 [Thread-3045] INFO  impl.RoleInfo (RoleInfo.java:shutdownFollowerState(121)) - 18e32969-3754-4ca1-a2d2-6cd35135c98e: shutdown FollowerState
2019-11-14 22:48:21,888 [Thread-3045] INFO  impl.RaftServerImpl (RaftServerImpl.java:setRole(173)) - 18e32969-3754-4ca1-a2d2-6cd35135c98e@group-D581C268DC9D: changes role from  FOLLOWER to CANDIDATE at term 0 for changeToCandidate
2019-11-14 22:48:21,888 [Thread-3045] INFO  impl.RoleInfo (RoleInfo.java:updateAndGet(143)) - 18e32969-3754-4ca1-a2d2-6cd35135c98e: start LeaderElection
2019-11-14 22:48:23,721 [RATISCREATEPIPELINE1] ERROR pipeline.RatisPipelineProvider (RatisPipelineProvider.java:lambda$null$5(230)) - Failed invoke Ratis rpc org.apache.hadoop.hdds.scm.pipeline.RatisPipelineProvider$$Lambda$191/1931911527@21f01d1 for 4327b9a0-f311-4ee4-b5c4-0291d295fd82
org.apache.ratis.protocol.TimeoutIOException: deadline exceeded after 2999851578ns
	at org.apache.ratis.grpc.GrpcUtil.tryUnwrapException(GrpcUtil.java:82)
	at org.apache.ratis.grpc.GrpcUtil.unwrapException(GrpcUtil.java:75)
	at org.apache.ratis.grpc.client.GrpcClientProtocolClient.blockingCall(GrpcClientProtocolClient.java:184)
	at org.apache.ratis.grpc.client.GrpcClientProtocolClient.groupAdd(GrpcClientProtocolClient.java:153)
	at org.apache.ratis.grpc.client.GrpcClientRpc.sendRequest(GrpcClientRpc.java:94)
	at org.apache.ratis.client.impl.RaftClientImpl.sendRequest(RaftClientImpl.java:278)
	at org.apache.ratis.client.impl.RaftClientImpl.groupAdd(RaftClientImpl.java:205)
	at org.apache.hadoop.hdds.scm.pipeline.RatisPipelineProvider.lambda$initializePipeline$4(RatisPipelineProvider.java:191)
	at org.apache.hadoop.hdds.scm.pipeline.RatisPipelineProvider.lambda$null$5(RatisPipelineProvider.java:226)
	at java.util.stream.ForEachOps$ForEachOp$OfRef.accept(ForEachOps.java:183)
	at java.util.ArrayList$ArrayListSpliterator.forEachRemaining(ArrayList.java:1382)
	at java.util.stream.AbstractPipeline.copyInto(AbstractPipeline.java:482)
	at java.util.stream.ForEachOps$ForEachTask.compute(ForEachOps.java:290)
	at java.util.concurrent.CountedCompleter.exec(CountedCompleter.java:731)
	at java.util.concurrent.ForkJoinTask.doExec(ForkJoinTask.java:289)
	at java.util.concurrent.ForkJoinTask.doInvoke(ForkJoinTask.java:401)
	at java.util.concurrent.ForkJoinTask.invoke(ForkJoinTask.java:734)
	at java.util.stream.ForEachOps$ForEachOp.evaluateParallel(ForEachOps.java:159)
	at java.util.stream.ForEachOps$ForEachOp$OfRef.evaluateParallel(ForEachOps.java:173)
	at java.util.stream.AbstractPipeline.evaluate(AbstractPipeline.java:233)
	at java.util.stream.ReferencePipeline.forEach(ReferencePipeline.java:485)
	at java.util.stream.ReferencePipeline$Head.forEach(ReferencePipeline.java:650)
	at org.apache.hadoop.hdds.scm.pipeline.RatisPipelineProvider.lambda$callRatisRpc$6(RatisPipelineProvider.java:220)
	at java.util.concurrent.ForkJoinTask$AdaptedRunnableAction.exec(ForkJoinTask.java:1386)
	at java.util.concurrent.ForkJoinTask.doExec(ForkJoinTask.java:289)
	at java.util.concurrent.ForkJoinPool$WorkQueue.runTask(ForkJoinPool.java:1056)
	at java.util.concurrent.ForkJoinPool.runWorker(ForkJoinPool.java:1692)
	at java.util.concurrent.ForkJoinWorkerThread.run(ForkJoinWorkerThread.java:157)
Caused by: org.apache.ratis.thirdparty.io.grpc.StatusRuntimeException: DEADLINE_EXCEEDED: deadline exceeded after 2999851578ns
	at org.apache.ratis.thirdparty.io.grpc.stub.ClientCalls.toStatusRuntimeException(ClientCalls.java:233)
	at org.apache.ratis.thirdparty.io.grpc.stub.ClientCalls.getUnchecked(ClientCalls.java:214)
	at org.apache.ratis.thirdparty.io.grpc.stub.ClientCalls.blockingUnaryCall(ClientCalls.java:139)
	at org.apache.ratis.proto.grpc.AdminProtocolServiceGrpc$AdminProtocolServiceBlockingStub.groupManagement(AdminProtocolServiceGrpc.java:274)
	at org.apache.ratis.grpc.client.GrpcClientProtocolClient.lambda$groupAdd$3(GrpcClientProtocolClient.java:155)
	at org.apache.ratis.grpc.client.GrpcClientProtocolClient.blockingCall(GrpcClientProtocolClient.java:182)
	... 25 more
2019-11-14 22:48:23,737 [grpc-default-executor-8] INFO  impl.RaftServerProxy (RaftServerProxy.java:addNew(89)) - 4327b9a0-f311-4ee4-b5c4-0291d295fd82: addNew group-84B818EA8256:[4327b9a0-f311-4ee4-b5c4-0291d295fd82:192.168.69.106:41256, c80859c9-f21b-4abf-8d4a-e53adb085c0c:192.168.69.106:40401, efe5f872-798a-491e-a32c-3b7da58242e1:192.168.69.106:36375] returns group-84B818EA8256:java.util.concurrent.CompletableFuture@138b72f1[Not completed]
2019-11-14 22:48:23,737 [grpc-default-executor-5] INFO  impl.RaftServerProxy (RaftServerProxy.java:addNew(89)) - efe5f872-798a-491e-a32c-3b7da58242e1: addNew group-84B818EA8256:[4327b9a0-f311-4ee4-b5c4-0291d295fd82:192.168.69.106:41256, c80859c9-f21b-4abf-8d4a-e53adb085c0c:192.168.69.106:40401, efe5f872-798a-491e-a32c-3b7da58242e1:192.168.69.106:36375] returns group-84B818EA8256:java.util.concurrent.CompletableFuture@44c7a792[Not completed]
2019-11-14 22:48:23,740 [grpc-default-executor-4] INFO  impl.RaftServerProxy (RaftServerProxy.java:addNew(89)) - c80859c9-f21b-4abf-8d4a-e53adb085c0c: addNew group-84B818EA8256:[4327b9a0-f311-4ee4-b5c4-0291d295fd82:192.168.69.106:41256, c80859c9-f21b-4abf-8d4a-e53adb085c0c:192.168.69.106:40401, efe5f872-798a-491e-a32c-3b7da58242e1:192.168.69.106:36375] returns group-84B818EA8256:java.util.concurrent.CompletableFuture@189b7806[Not completed]
2019-11-14 22:48:23,741 [pool-399-thread-1] INFO  impl.RaftServerImpl (RaftServerImpl.java:<init>(98)) - efe5f872-798a-491e-a32c-3b7da58242e1: new RaftServerImpl for group-84B818EA8256:[4327b9a0-f311-4ee4-b5c4-0291d295fd82:192.168.69.106:41256, c80859c9-f21b-4abf-8d4a-e53adb085c0c:192.168.69.106:40401, efe5f872-798a-491e-a32c-3b7da58242e1:192.168.69.106:36375] with ContainerStateMachine:uninitialized
2019-11-14 22:48:23,741 [pool-399-thread-1] INFO  server.RaftServerConfigKeys (ConfUtils.java:logGet(43)) - raft.server.rpc.timeout.min = 1s (custom)
2019-11-14 22:48:23,741 [pool-399-thread-1] INFO  server.RaftServerConfigKeys (ConfUtils.java:logGet(43)) - raft.server.rpc.timeout.max = 1200ms (custom)
2019-11-14 22:48:23,741 [pool-399-thread-1] INFO  server.RaftServerConfigKeys (ConfUtils.java:logGet(43)) - raft.server.rpcslowness.timeout = 120s (custom)
2019-11-14 22:48:23,741 [pool-429-thread-1] INFO  impl.RaftServerImpl (RaftServerImpl.java:<init>(98)) - c80859c9-f21b-4abf-8d4a-e53adb085c0c: new RaftServerImpl for group-84B818EA8256:[4327b9a0-f311-4ee4-b5c4-0291d295fd82:192.168.69.106:41256, c80859c9-f21b-4abf-8d4a-e53adb085c0c:192.168.69.106:40401, efe5f872-798a-491e-a32c-3b7da58242e1:192.168.69.106:36375] with ContainerStateMachine:uninitialized
2019-11-14 22:48:23,741 [pool-399-thread-1] INFO  server.RaftServerConfigKeys (ConfUtils.java:logGet(43)) - raft.server.sleep.deviation.threshold = 300 (default)
2019-11-14 22:48:23,742 [pool-429-thread-1] INFO  server.RaftServerConfigKeys (ConfUtils.java:logGet(43)) - raft.server.rpc.timeout.min = 1s (custom)
2019-11-14 22:48:23,742 [pool-399-thread-1] INFO  server.RaftServerConfigKeys (ConfUtils.java:logGet(43)) - raft.server.log.appender.install.snapshot.enabled = false (custom)
2019-11-14 22:48:23,742 [pool-429-thread-1] INFO  server.RaftServerConfigKeys (ConfUtils.java:logGet(43)) - raft.server.rpc.timeout.max = 1200ms (custom)
2019-11-14 22:48:23,742 [pool-399-thread-1] INFO  impl.RaftServerImpl (ServerState.java:<init>(103)) - efe5f872-798a-491e-a32c-3b7da58242e1@group-84B818EA8256: ConfigurationManager, init=-1: [4327b9a0-f311-4ee4-b5c4-0291d295fd82:192.168.69.106:41256, c80859c9-f21b-4abf-8d4a-e53adb085c0c:192.168.69.106:40401, efe5f872-798a-491e-a32c-3b7da58242e1:192.168.69.106:36375], old=null, confs=<EMPTY_MAP>
2019-11-14 22:48:23,742 [pool-429-thread-1] INFO  server.RaftServerConfigKeys (ConfUtils.java:logGet(43)) - raft.server.rpcslowness.timeout = 120s (custom)
2019-11-14 22:48:23,742 [pool-399-thread-1] INFO  server.RaftServerConfigKeys (ConfUtils.java:logGet(43)) - raft.server.storage.dir = [/workdir/hadoop-ozone/integration-test/target/test-dir/MiniOzoneClusterImpl-cc864e37-e864-4d68-a6c4-66bb4c0b7714/datanode-1/data/ratis] (custom)
2019-11-14 22:48:23,742 [pool-429-thread-1] INFO  server.RaftServerConfigKeys (ConfUtils.java:logGet(43)) - raft.server.sleep.deviation.threshold = 300 (default)
2019-11-14 22:48:23,742 [pool-429-thread-1] INFO  server.RaftServerConfigKeys (ConfUtils.java:logGet(43)) - raft.server.log.appender.install.snapshot.enabled = false (custom)
2019-11-14 22:48:23,742 [pool-399-thread-1] INFO  server.RaftServerConfigKeys (ConfUtils.java:logGet(43)) - raft.server.log.corruption.policy = EXCEPTION (default)
2019-11-14 22:48:23,742 [pool-429-thread-1] INFO  impl.RaftServerImpl (ServerState.java:<init>(103)) - c80859c9-f21b-4abf-8d4a-e53adb085c0c@group-84B818EA8256: ConfigurationManager, init=-1: [4327b9a0-f311-4ee4-b5c4-0291d295fd82:192.168.69.106:41256, c80859c9-f21b-4abf-8d4a-e53adb085c0c:192.168.69.106:40401, efe5f872-798a-491e-a32c-3b7da58242e1:192.168.69.106:36375], old=null, confs=<EMPTY_MAP>
2019-11-14 22:48:23,743 [pool-399-thread-1] INFO  storage.RaftStorageDirectory (RaftStorageDirectory.java:analyzeStorage(246)) - The storage directory /workdir/hadoop-ozone/integration-test/target/test-dir/MiniOzoneClusterImpl-cc864e37-e864-4d68-a6c4-66bb4c0b7714/datanode-1/data/ratis/b642a32b-d5b9-4d52-94ef-84b818ea8256 does not exist. Creating ...
2019-11-14 22:48:23,743 [pool-429-thread-1] INFO  server.RaftServerConfigKeys (ConfUtils.java:logGet(43)) - raft.server.storage.dir = [/workdir/hadoop-ozone/integration-test/target/test-dir/MiniOzoneClusterImpl-cc864e37-e864-4d68-a6c4-66bb4c0b7714/datanode-4/data/ratis] (custom)
2019-11-14 22:48:23,743 [pool-429-thread-1] INFO  server.RaftServerConfigKeys (ConfUtils.java:logGet(43)) - raft.server.log.corruption.policy = EXCEPTION (default)
2019-11-14 22:48:23,743 [pool-429-thread-1] INFO  storage.RaftStorageDirectory (RaftStorageDirectory.java:analyzeStorage(246)) - The storage directory /workdir/hadoop-ozone/integration-test/target/test-dir/MiniOzoneClusterImpl-cc864e37-e864-4d68-a6c4-66bb4c0b7714/datanode-4/data/ratis/b642a32b-d5b9-4d52-94ef-84b818ea8256 does not exist. Creating ...
2019-11-14 22:48:26,735 [RATISCREATEPIPELINE1] ERROR pipeline.RatisPipelineProvider (RatisPipelineProvider.java:lambda$null$5(230)) - Failed invoke Ratis rpc org.apache.hadoop.hdds.scm.pipeline.RatisPipelineProvider$$Lambda$191/1931911527@787fe536 for efe5f872-798a-491e-a32c-3b7da58242e1
org.apache.ratis.protocol.TimeoutIOException: deadline exceeded after 2999897486ns
	at org.apache.ratis.grpc.GrpcUtil.tryUnwrapException(GrpcUtil.java:82)
	at org.apache.ratis.grpc.GrpcUtil.unwrapException(GrpcUtil.java:75)
	at org.apache.ratis.grpc.client.GrpcClientProtocolClient.blockingCall(GrpcClientProtocolClient.java:184)
	at org.apache.ratis.grpc.client.GrpcClientProtocolClient.groupAdd(GrpcClientProtocolClient.java:153)
	at org.apache.ratis.grpc.client.GrpcClientRpc.sendRequest(GrpcClientRpc.java:94)
	at org.apache.ratis.client.impl.RaftClientImpl.sendRequest(RaftClientImpl.java:278)
	at org.apache.ratis.client.impl.RaftClientImpl.groupAdd(RaftClientImpl.java:205)
	at org.apache.hadoop.hdds.scm.pipeline.RatisPipelineProvider.lambda$initializePipeline$4(RatisPipelineProvider.java:191)
	at org.apache.hadoop.hdds.scm.pipeline.RatisPipelineProvider.lambda$null$5(RatisPipelineProvider.java:226)
	at java.util.stream.ForEachOps$ForEachOp$OfRef.accept(ForEachOps.java:183)
	at java.util.ArrayList$ArrayListSpliterator.forEachRemaining(ArrayList.java:1382)
	at java.util.stream.AbstractPipeline.copyInto(AbstractPipeline.java:482)
	at java.util.stream.ForEachOps$ForEachTask.compute(ForEachOps.java:290)
	at java.util.concurrent.CountedCompleter.exec(CountedCompleter.java:731)
	at java.util.concurrent.ForkJoinTask.doExec(ForkJoinTask.java:289)
	at java.util.concurrent.ForkJoinTask.doInvoke(ForkJoinTask.java:401)
	at java.util.concurrent.ForkJoinTask.invoke(ForkJoinTask.java:734)
	at java.util.stream.ForEachOps$ForEachOp.evaluateParallel(ForEachOps.java:159)
	at java.util.stream.ForEachOps$ForEachOp$OfRef.evaluateParallel(ForEachOps.java:173)
	at java.util.stream.AbstractPipeline.evaluate(AbstractPipeline.java:233)
	at java.util.stream.ReferencePipeline.forEach(ReferencePipeline.java:485)
	at java.util.stream.ReferencePipeline$Head.forEach(ReferencePipeline.java:650)
	at org.apache.hadoop.hdds.scm.pipeline.RatisPipelineProvider.lambda$callRatisRpc$6(RatisPipelineProvider.java:220)
	at java.util.concurrent.ForkJoinTask$AdaptedRunnableAction.exec(ForkJoinTask.java:1386)
	at java.util.concurrent.ForkJoinTask.doExec(ForkJoinTask.java:289)
	at java.util.concurrent.ForkJoinPool$WorkQueue.runTask(ForkJoinPool.java:1056)
	at java.util.concurrent.ForkJoinPool.runWorker(ForkJoinPool.java:1692)
	at java.util.concurrent.ForkJoinWorkerThread.run(ForkJoinWorkerThread.java:157)
Caused by: org.apache.ratis.thirdparty.io.grpc.StatusRuntimeException: DEADLINE_EXCEEDED: deadline exceeded after 2999897486ns
	at org.apache.ratis.thirdparty.io.grpc.stub.ClientCalls.toStatusRuntimeException(ClientCalls.java:233)
	at org.apache.ratis.thirdparty.io.grpc.stub.ClientCalls.getUnchecked(ClientCalls.java:214)
	at org.apache.ratis.thirdparty.io.grpc.stub.ClientCalls.blockingUnaryCall(ClientCalls.java:139)
	at org.apache.ratis.proto.grpc.AdminProtocolServiceGrpc$AdminProtocolServiceBlockingStub.groupManagement(AdminProtocolServiceGrpc.java:274)
	at org.apache.ratis.grpc.client.GrpcClientProtocolClient.lambda$groupAdd$3(GrpcClientProtocolClient.java:155)
	at org.apache.ratis.grpc.client.GrpcClientProtocolClient.blockingCall(GrpcClientProtocolClient.java:182)
	... 25 more
2019-11-14 22:48:26,735 [RATISCREATEPIPELINE3] ERROR pipeline.RatisPipelineProvider (RatisPipelineProvider.java:lambda$null$5(230)) - Failed invoke Ratis rpc org.apache.hadoop.hdds.scm.pipeline.RatisPipelineProvider$$Lambda$191/1931911527@787fe536 for c80859c9-f21b-4abf-8d4a-e53adb085c0c
org.apache.ratis.protocol.TimeoutIOException: deadline exceeded after 2999862731ns
	at org.apache.ratis.grpc.GrpcUtil.tryUnwrapException(GrpcUtil.java:82)
	at org.apache.ratis.grpc.GrpcUtil.unwrapException(GrpcUtil.java:75)
	at org.apache.ratis.grpc.client.GrpcClientProtocolClient.blockingCall(GrpcClientProtocolClient.java:184)
	at org.apache.ratis.grpc.client.GrpcClientProtocolClient.groupAdd(GrpcClientProtocolClient.java:153)
	at org.apache.ratis.grpc.client.GrpcClientRpc.sendRequest(GrpcClientRpc.java:94)
	at org.apache.ratis.client.impl.RaftClientImpl.sendRequest(RaftClientImpl.java:278)
	at org.apache.ratis.client.impl.RaftClientImpl.groupAdd(RaftClientImpl.java:205)
	at org.apache.hadoop.hdds.scm.pipeline.RatisPipelineProvider.lambda$initializePipeline$4(RatisPipelineProvider.java:191)
	at org.apache.hadoop.hdds.scm.pipeline.RatisPipelineProvider.lambda$null$5(RatisPipelineProvider.java:226)
	at java.util.stream.ForEachOps$ForEachOp$OfRef.accept(ForEachOps.java:183)
	at java.util.ArrayList$ArrayListSpliterator.forEachRemaining(ArrayList.java:1382)
	at java.util.stream.AbstractPipeline.copyInto(AbstractPipeline.java:482)
	at java.util.stream.ForEachOps$ForEachTask.compute(ForEachOps.java:290)
	at java.util.concurrent.CountedCompleter.exec(CountedCompleter.java:731)
	at java.util.concurrent.ForkJoinTask.doExec(ForkJoinTask.java:289)
	at java.util.concurrent.ForkJoinPool$WorkQueue.runTask(ForkJoinPool.java:1056)
	at java.util.concurrent.ForkJoinPool.runWorker(ForkJoinPool.java:1692)
	at java.util.concurrent.ForkJoinWorkerThread.run(ForkJoinWorkerThread.java:157)
Caused by: org.apache.ratis.thirdparty.io.grpc.StatusRuntimeException: DEADLINE_EXCEEDED: deadline exceeded after 2999862731ns
	at org.apache.ratis.thirdparty.io.grpc.stub.ClientCalls.toStatusRuntimeException(ClientCalls.java:233)
	at org.apache.ratis.thirdparty.io.grpc.stub.ClientCalls.getUnchecked(ClientCalls.java:214)
	at org.apache.ratis.thirdparty.io.grpc.stub.ClientCalls.blockingUnaryCall(ClientCalls.java:139)
	at org.apache.ratis.proto.grpc.AdminProtocolServiceGrpc$AdminProtocolServiceBlockingStub.groupManagement(AdminProtocolServiceGrpc.java:274)
	at org.apache.ratis.grpc.client.GrpcClientProtocolClient.lambda$groupAdd$3(GrpcClientProtocolClient.java:155)
	at org.apache.ratis.grpc.client.GrpcClientProtocolClient.blockingCall(GrpcClientProtocolClient.java:182)
	... 15 more
2019-11-14 22:48:26,735 [RATISCREATEPIPELINE2] ERROR pipeline.RatisPipelineProvider (RatisPipelineProvider.java:lambda$null$5(230)) - Failed invoke Ratis rpc org.apache.hadoop.hdds.scm.pipeline.RatisPipelineProvider$$Lambda$191/1931911527@787fe536 for 4327b9a0-f311-4ee4-b5c4-0291d295fd82
org.apache.ratis.protocol.TimeoutIOException: deadline exceeded after 2999914444ns
	at org.apache.ratis.grpc.GrpcUtil.tryUnwrapException(GrpcUtil.java:82)
	at org.apache.ratis.grpc.GrpcUtil.unwrapException(GrpcUtil.java:75)
	at org.apache.ratis.grpc.client.GrpcClientProtocolClient.blockingCall(GrpcClientProtocolClient.java:184)
	at org.apache.ratis.grpc.client.GrpcClientProtocolClient.groupAdd(GrpcClientProtocolClient.java:153)
	at org.apache.ratis.grpc.client.GrpcClientRpc.sendRequest(GrpcClientRpc.java:94)
	at org.apache.ratis.client.impl.RaftClientImpl.sendRequest(RaftClientImpl.java:278)
	at org.apache.ratis.client.impl.RaftClientImpl.groupAdd(RaftClientImpl.java:205)
	at org.apache.hadoop.hdds.scm.pipeline.RatisPipelineProvider.lambda$initializePipeline$4(RatisPipelineProvider.java:191)
	at org.apache.hadoop.hdds.scm.pipeline.RatisPipelineProvider.lambda$null$5(RatisPipelineProvider.java:226)
	at java.util.stream.ForEachOps$ForEachOp$OfRef.accept(ForEachOps.java:183)
	at java.util.ArrayList$ArrayListSpliterator.forEachRemaining(ArrayList.java:1382)
	at java.util.stream.AbstractPipeline.copyInto(AbstractPipeline.java:482)
	at java.util.stream.ForEachOps$ForEachTask.compute(ForEachOps.java:290)
	at java.util.concurrent.CountedCompleter.exec(CountedCompleter.java:731)
	at java.util.concurrent.ForkJoinTask.doExec(ForkJoinTask.java:289)
	at java.util.concurrent.ForkJoinPool$WorkQueue.runTask(ForkJoinPool.java:1056)
	at java.util.concurrent.ForkJoinPool.runWorker(ForkJoinPool.java:1692)
	at java.util.concurrent.ForkJoinWorkerThread.run(ForkJoinWorkerThread.java:157)
Caused by: org.apache.ratis.thirdparty.io.grpc.StatusRuntimeException: DEADLINE_EXCEEDED: deadline exceeded after 2999914444ns
	at org.apache.ratis.thirdparty.io.grpc.stub.ClientCalls.toStatusRuntimeException(ClientCalls.java:233)
	at org.apache.ratis.thirdparty.io.grpc.stub.ClientCalls.getUnchecked(ClientCalls.java:214)
	at org.apache.ratis.thirdparty.io.grpc.stub.ClientCalls.blockingUnaryCall(ClientCalls.java:139)
	at org.apache.ratis.proto.grpc.AdminProtocolServiceGrpc$AdminProtocolServiceBlockingStub.groupManagement(AdminProtocolServiceGrpc.java:274)
	at org.apache.ratis.grpc.client.GrpcClientProtocolClient.lambda$groupAdd$3(GrpcClientProtocolClient.java:155)
	at org.apache.ratis.grpc.client.GrpcClientProtocolClient.blockingCall(GrpcClientProtocolClient.java:182)
	... 15 more
2019-11-14 22:48:26,739 [main] INFO  ozone.MiniOzoneClusterImpl (MiniOzoneClusterImpl.java:lambda$waitForClusterToBeReady$2(163)) - Waiting for 1 number of pipelines out of 1, to report a leader.
2019-11-14 22:48:26,740 [Thread-3037] INFO  pipeline.SCMPipelineManager (SCMPipelineManager.java:finalizeAndDestroyPipeline(315)) - destroying pipeline:Pipeline[ Id: 89d1de32-3ac5-4f7d-9fd8-d581c268dc9d, Nodes: 18e32969-3754-4ca1-a2d2-6cd35135c98e{ip: 192.168.69.106, host: pr-hdds-2494-dtfqw-3996435450, networkLocation: /rack1, certSerialId: null}, Type:RATIS, Factor:ONE, State:ALLOCATED]
2019-11-14 22:48:26,744 [grpc-default-executor-4] INFO  impl.RaftServerProxy (RaftServerProxy.java:addNew(89)) - 4327b9a0-f311-4ee4-b5c4-0291d295fd82: addNew group-C99C8502C91D:[4327b9a0-f311-4ee4-b5c4-0291d295fd82:192.168.69.106:41256] returns group-C99C8502C91D:java.util.concurrent.CompletableFuture@438349bc[Not completed]
2019-11-14 22:48:27,190 [pool-419-thread-1] INFO  storage.RaftStorage (RaftStorage.java:format(84)) - Storage directory /workdir/hadoop-ozone/integration-test/target/test-dir/MiniOzoneClusterImpl-cc864e37-e864-4d68-a6c4-66bb4c0b7714/datanode-3/data/ratis/9cf78378-fe42-4425-bdfb-1e1e5b1372c6 has been successfully formatted.
2019-11-14 22:48:27,190 [18e32969-3754-4ca1-a2d2-6cd35135c98e@group-D581C268DC9D-LeaderElection122] INFO  impl.LeaderElection (LeaderElection.java:askForVotes(178)) - 18e32969-3754-4ca1-a2d2-6cd35135c98e@group-D581C268DC9D-LeaderElection122: begin an election at term 1 for -1: [18e32969-3754-4ca1-a2d2-6cd35135c98e:192.168.69.106:36094], old=null
2019-11-14 22:48:27,191 [pool-419-thread-1] INFO  ratis.ContainerStateMachine (ContainerStateMachine.java:loadSnapshot(223)) - group-1E1E5B1372C6: The snapshot info is null. Setting the last applied indexto:(t:0, i:~)
2019-11-14 22:48:27,191 [18e32969-3754-4ca1-a2d2-6cd35135c98e@group-D581C268DC9D-LeaderElection122] INFO  impl.RoleInfo (RoleInfo.java:shutdownLeaderElection(134)) - 18e32969-3754-4ca1-a2d2-6cd35135c98e: shutdown LeaderElection
2019-11-14 22:48:27,191 [pool-419-thread-1] INFO  server.RaftServerConfigKeys (ConfUtils.java:logGet(43)) - raft.server.notification.no-leader.timeout = 120s (custom)
2019-11-14 22:48:27,191 [18e32969-3754-4ca1-a2d2-6cd35135c98e@group-D581C268DC9D-LeaderElection122] INFO  impl.RaftServerImpl (RaftServerImpl.java:setRole(173)) - 18e32969-3754-4ca1-a2d2-6cd35135c98e@group-D581C268DC9D: changes role from CANDIDATE to LEADER at term 1 for changeToLeader
2019-11-14 22:48:27,192 [pool-419-thread-1] INFO  server.RaftServerConfigKeys (ConfUtils.java:logGet(43)) - raft.server.log.use.memory = false (default)
2019-11-14 22:48:27,192 [18e32969-3754-4ca1-a2d2-6cd35135c98e@group-D581C268DC9D-LeaderElection122] INFO  ratis.XceiverServerRatis (XceiverServerRatis.java:handleLeaderChangedNotification(697)) - Leader change notification received for group: group-D581C268DC9D with new leaderId: 18e32969-3754-4ca1-a2d2-6cd35135c98e
2019-11-14 22:48:27,192 [pool-419-thread-1] INFO  server.RaftServerConfigKeys (ConfUtils.java:logGet(43)) - raft.server.log.purge.gap = 1000000 (custom)
2019-11-14 22:48:27,195 [18e32969-3754-4ca1-a2d2-6cd35135c98e@group-D581C268DC9D-LeaderElection122] INFO  impl.RaftServerImpl (ServerState.java:setLeader(255)) - 18e32969-3754-4ca1-a2d2-6cd35135c98e@group-D581C268DC9D: change Leader from null to 18e32969-3754-4ca1-a2d2-6cd35135c98e at term 1 for becomeLeader, leader elected after 6489ms
2019-11-14 22:48:27,195 [pool-419-thread-1] INFO  server.RaftServerConfigKeys (ConfUtils.java:logGet(43)) - raft.server.log.appender.buffer.byte-limit = 33554432 (custom)
2019-11-14 22:48:27,196 [18e32969-3754-4ca1-a2d2-6cd35135c98e@group-D581C268DC9D-LeaderElection122] INFO  server.RaftServerConfigKeys (ConfUtils.java:logGet(43)) - raft.server.staging.catchup.gap = 1000 (default)
2019-11-14 22:48:27,196 [pool-419-thread-1] INFO  server.RaftServerConfigKeys (ConfUtils.java:logGet(43)) - raft.server.log.segment.size.max = 1048576 (custom)
2019-11-14 22:48:27,196 [18e32969-3754-4ca1-a2d2-6cd35135c98e@group-D581C268DC9D-LeaderElection122] INFO  server.RaftServerConfigKeys (ConfUtils.java:logGet(43)) - raft.server.rpc.sleep.time = 25ms (default)
2019-11-14 22:48:27,196 [pool-419-thread-1] WARN  impl.MetricRegistriesImpl (MetricRegistriesImpl.java:lambda$create$1(61)) - First MetricRegistry has been created without registering reporters. You may need to call MetricRegistries.global().addReportRegistration(...) before.
2019-11-14 22:48:27,197 [18e32969-3754-4ca1-a2d2-6cd35135c98e@group-D581C268DC9D-LeaderElection122] INFO  server.RaftServerConfigKeys (ConfUtils.java:logGet(43)) - raft.server.write.element-limit = 4096 (default)
2019-11-14 22:48:27,197 [pool-419-thread-1] INFO  server.RaftServerConfigKeys (ConfUtils.java:logGet(43)) - raft.server.log.segment.cache.num.max = 2 (custom)
2019-11-14 22:48:27,197 [18e32969-3754-4ca1-a2d2-6cd35135c98e@group-D581C268DC9D-LeaderElection122] INFO  server.RaftServerConfigKeys (ConfUtils.java:logGet(43)) - raft.server.watch.timeout = 10s (default)
2019-11-14 22:48:27,197 [pool-419-thread-1] INFO  segmented.SegmentedRaftLogWorker (SegmentedRaftLogWorker.java:<init>(173)) - new 4327b9a0-f311-4ee4-b5c4-0291d295fd82@group-1E1E5B1372C6-SegmentedRaftLogWorker for RaftStorage:Storage Directory /workdir/hadoop-ozone/integration-test/target/test-dir/MiniOzoneClusterImpl-cc864e37-e864-4d68-a6c4-66bb4c0b7714/datanode-3/data/ratis/9cf78378-fe42-4425-bdfb-1e1e5b1372c6
2019-11-14 22:48:27,197 [18e32969-3754-4ca1-a2d2-6cd35135c98e@group-D581C268DC9D-LeaderElection122] INFO  server.RaftServerConfigKeys (ConfUtils.java:logGet(43)) - raft.server.watch.timeout.denomination = 1s (default)
2019-11-14 22:48:27,197 [pool-419-thread-1] INFO  server.RaftServerConfigKeys (ConfUtils.java:logGet(43)) - raft.server.log.queue.byte-limit = 2147483647 (custom)
2019-11-14 22:48:27,197 [18e32969-3754-4ca1-a2d2-6cd35135c98e@group-D581C268DC9D-LeaderElection122] INFO  server.RaftServerConfigKeys (ConfUtils.java:logGet(43)) - raft.server.watch.element-limit = 65536 (default)
2019-11-14 22:48:27,198 [pool-419-thread-1] INFO  server.RaftServerConfigKeys (ConfUtils.java:logGet(43)) - raft.server.log.queue.element-limit = 1024 (custom)
2019-11-14 22:48:27,198 [pool-419-thread-1] INFO  server.RaftServerConfigKeys (ConfUtils.java:logGet(43)) - raft.server.log.segment.size.max = 1048576 (custom)
2019-11-14 22:48:27,198 [18e32969-3754-4ca1-a2d2-6cd35135c98e@group-D581C268DC9D-LeaderElection122] INFO  impl.RoleInfo (RoleInfo.java:updateAndGet(143)) - 18e32969-3754-4ca1-a2d2-6cd35135c98e: start LeaderState
2019-11-14 22:48:27,198 [pool-419-thread-1] INFO  server.RaftServerConfigKeys (ConfUtils.java:logGet(43)) - raft.server.log.preallocated.size = 16384 (custom)
2019-11-14 22:48:27,198 [pool-419-thread-1] INFO  server.RaftServerConfigKeys (ConfUtils.java:logGet(43)) - raft.server.log.write.buffer.size = 33554432 (custom)
2019-11-14 22:48:27,199 [pool-419-thread-1] INFO  server.RaftServerConfigKeys (ConfUtils.java:logGet(43)) - raft.server.log.force.sync.num = 128 (default)
2019-11-14 22:48:27,199 [18e32969-3754-4ca1-a2d2-6cd35135c98e@group-D581C268DC9D-LeaderElection122] INFO  segmented.SegmentedRaftLogWorker (SegmentedRaftLogWorker.java:startLogSegment(385)) - 18e32969-3754-4ca1-a2d2-6cd35135c98e@group-D581C268DC9D-SegmentedRaftLogWorker: Starting segment from index:0
2019-11-14 22:48:27,199 [pool-419-thread-1] INFO  server.RaftServerConfigKeys (ConfUtils.java:logGet(43)) - raft.server.log.statemachine.data.sync = true (default)
2019-11-14 22:48:27,199 [pool-419-thread-1] INFO  server.RaftServerConfigKeys (ConfUtils.java:logGet(43)) - raft.server.log.statemachine.data.sync.timeout = 10s (default)
2019-11-14 22:48:27,199 [pool-419-thread-1] INFO  server.RaftServerConfigKeys (ConfUtils.java:logGet(43)) - raft.server.log.statemachine.data.sync.timeout.retry = -1 (default)
2019-11-14 22:48:27,200 [pool-419-thread-1] INFO  server.RaftServerConfigKeys (ConfUtils.java:logGet(43)) - raft.server.log.statemachine.data.caching.enabled = true (custom)
2019-11-14 22:48:27,200 [18e32969-3754-4ca1-a2d2-6cd35135c98e@group-D581C268DC9D-LeaderElection122] INFO  impl.RaftServerImpl (ServerState.java:setRaftConf(356)) - 18e32969-3754-4ca1-a2d2-6cd35135c98e@group-D581C268DC9D: set configuration 0: [18e32969-3754-4ca1-a2d2-6cd35135c98e:192.168.69.106:36094], old=null at 0
2019-11-14 22:48:27,200 [pool-419-thread-1] INFO  segmented.SegmentedRaftLogWorker (SegmentedRaftLogWorker.java:lambda$new$0(128)) - 4327b9a0-f311-4ee4-b5c4-0291d295fd82@group-1E1E5B1372C6-SegmentedRaftLogWorker: flushIndex: setUnconditionally 0 -> -1
2019-11-14 22:48:27,201 [pool-419-thread-1] INFO  server.RaftServerConfigKeys (ConfUtils.java:logGet(43)) - raft.server.snapshot.auto.trigger.enabled = true (custom)
2019-11-14 22:48:27,201 [pool-419-thread-1] INFO  server.RaftServerConfigKeys (ConfUtils.java:logGet(43)) - raft.server.snapshot.auto.trigger.threshold = 10000 (custom)
2019-11-14 22:48:27,201 [pool-419-thread-1] INFO  server.RaftServerConfigKeys (ConfUtils.java:logGet(43)) - raft.server.snapshot.retention.file.num = 5 (custom)
2019-11-14 22:48:27,201 [pool-419-thread-1] INFO  server.RaftServerConfigKeys (ConfUtils.java:logGet(43)) - raft.server.retrycache.expirytime = 600000ms (custom)
2019-11-14 22:48:27,201 [pool-419-thread-1] WARN  impl.MetricRegistriesImpl (MetricRegistriesImpl.java:lambda$create$1(61)) - First MetricRegistry has been created without registering reporters. You may need to call MetricRegistries.global().addReportRegistration(...) before.
2019-11-14 22:48:27,201 [pool-419-thread-1] WARN  impl.MetricRegistriesImpl (MetricRegistriesImpl.java:lambda$create$1(61)) - First MetricRegistry has been created without registering reporters. You may need to call MetricRegistries.global().addReportRegistration(...) before.
2019-11-14 22:48:27,203 [pool-419-thread-1] INFO  impl.RaftServerImpl (RaftServerImpl.java:<init>(98)) - 4327b9a0-f311-4ee4-b5c4-0291d295fd82: new RaftServerImpl for group-84B818EA8256:[4327b9a0-f311-4ee4-b5c4-0291d295fd82:192.168.69.106:41256, c80859c9-f21b-4abf-8d4a-e53adb085c0c:192.168.69.106:40401, efe5f872-798a-491e-a32c-3b7da58242e1:192.168.69.106:36375] with ContainerStateMachine:uninitialized
2019-11-14 22:48:27,203 [pool-419-thread-1] INFO  server.RaftServerConfigKeys (ConfUtils.java:logGet(43)) - raft.server.rpc.timeout.min = 1s (custom)
2019-11-14 22:48:27,203 [pool-419-thread-1] INFO  server.RaftServerConfigKeys (ConfUtils.java:logGet(43)) - raft.server.rpc.timeout.max = 1200ms (custom)
2019-11-14 22:48:27,203 [pool-419-thread-1] INFO  server.RaftServerConfigKeys (ConfUtils.java:logGet(43)) - raft.server.rpcslowness.timeout = 120s (custom)
2019-11-14 22:48:27,203 [pool-419-thread-1] INFO  server.RaftServerConfigKeys (ConfUtils.java:logGet(43)) - raft.server.sleep.deviation.threshold = 300 (default)
2019-11-14 22:48:27,203 [pool-419-thread-1] INFO  server.RaftServerConfigKeys (ConfUtils.java:logGet(43)) - raft.server.log.appender.install.snapshot.enabled = false (custom)
2019-11-14 22:48:27,203 [pool-419-thread-1] INFO  impl.RaftServerImpl (ServerState.java:<init>(103)) - 4327b9a0-f311-4ee4-b5c4-0291d295fd82@group-84B818EA8256: ConfigurationManager, init=-1: [4327b9a0-f311-4ee4-b5c4-0291d295fd82:192.168.69.106:41256, c80859c9-f21b-4abf-8d4a-e53adb085c0c:192.168.69.106:40401, efe5f872-798a-491e-a32c-3b7da58242e1:192.168.69.106:36375], old=null, confs=<EMPTY_MAP>
2019-11-14 22:48:27,204 [pool-419-thread-1] INFO  server.RaftServerConfigKeys (ConfUtils.java:logGet(43)) - raft.server.storage.dir = [/workdir/hadoop-ozone/integration-test/target/test-dir/MiniOzoneClusterImpl-cc864e37-e864-4d68-a6c4-66bb4c0b7714/datanode-3/data/ratis] (custom)
2019-11-14 22:48:27,204 [pool-419-thread-1] INFO  server.RaftServerConfigKeys (ConfUtils.java:logGet(43)) - raft.server.log.corruption.policy = EXCEPTION (default)
2019-11-14 22:48:27,204 [pool-419-thread-1] INFO  storage.RaftStorageDirectory (RaftStorageDirectory.java:analyzeStorage(246)) - The storage directory /workdir/hadoop-ozone/integration-test/target/test-dir/MiniOzoneClusterImpl-cc864e37-e864-4d68-a6c4-66bb4c0b7714/datanode-3/data/ratis/b642a32b-d5b9-4d52-94ef-84b818ea8256 does not exist. Creating ...
2019-11-14 22:48:29,597 [pool-399-thread-1] INFO  storage.RaftStorageDirectory (RaftStorageDirectory.java:tryLock(328)) - Lock on /workdir/hadoop-ozone/integration-test/target/test-dir/MiniOzoneClusterImpl-cc864e37-e864-4d68-a6c4-66bb4c0b7714/datanode-1/data/ratis/b642a32b-d5b9-4d52-94ef-84b818ea8256/in_use.lock acquired by nodename 339@pr-hdds-2494-dtfqw-3996435450
2019-11-14 22:48:29,597 [pool-429-thread-1] INFO  storage.RaftStorageDirectory (RaftStorageDirectory.java:tryLock(328)) - Lock on /workdir/hadoop-ozone/integration-test/target/test-dir/MiniOzoneClusterImpl-cc864e37-e864-4d68-a6c4-66bb4c0b7714/datanode-4/data/ratis/b642a32b-d5b9-4d52-94ef-84b818ea8256/in_use.lock acquired by nodename 339@pr-hdds-2494-dtfqw-3996435450
2019-11-14 22:48:29,746 [RATISCREATEPIPELINE1] ERROR pipeline.RatisPipelineProvider (RatisPipelineProvider.java:lambda$null$5(230)) - Failed invoke Ratis rpc org.apache.hadoop.hdds.scm.pipeline.RatisPipelineProvider$$Lambda$191/1931911527@5bed87d1 for 4327b9a0-f311-4ee4-b5c4-0291d295fd82
org.apache.ratis.protocol.TimeoutIOException: deadline exceeded after 2999864062ns
	at org.apache.ratis.grpc.GrpcUtil.tryUnwrapException(GrpcUtil.java:82)
	at org.apache.ratis.grpc.GrpcUtil.unwrapException(GrpcUtil.java:75)
	at org.apache.ratis.grpc.client.GrpcClientProtocolClient.blockingCall(GrpcClientProtocolClient.java:184)
	at org.apache.ratis.grpc.client.GrpcClientProtocolClient.groupAdd(GrpcClientProtocolClient.java:153)
	at org.apache.ratis.grpc.client.GrpcClientRpc.sendRequest(GrpcClientRpc.java:94)
	at org.apache.ratis.client.impl.RaftClientImpl.sendRequest(RaftClientImpl.java:278)
	at org.apache.ratis.client.impl.RaftClientImpl.groupAdd(RaftClientImpl.java:205)
	at org.apache.hadoop.hdds.scm.pipeline.RatisPipelineProvider.lambda$initializePipeline$4(RatisPipelineProvider.java:191)
	at org.apache.hadoop.hdds.scm.pipeline.RatisPipelineProvider.lambda$null$5(RatisPipelineProvider.java:226)
	at java.util.stream.ForEachOps$ForEachOp$OfRef.accept(ForEachOps.java:183)
	at java.util.ArrayList$ArrayListSpliterator.forEachRemaining(ArrayList.java:1382)
	at java.util.stream.AbstractPipeline.copyInto(AbstractPipeline.java:482)
	at java.util.stream.ForEachOps$ForEachTask.compute(ForEachOps.java:290)
	at java.util.concurrent.CountedCompleter.exec(CountedCompleter.java:731)
	at java.util.concurrent.ForkJoinTask.doExec(ForkJoinTask.java:289)
	at java.util.concurrent.ForkJoinTask.doInvoke(ForkJoinTask.java:401)
	at java.util.concurrent.ForkJoinTask.invoke(ForkJoinTask.java:734)
	at java.util.stream.ForEachOps$ForEachOp.evaluateParallel(ForEachOps.java:159)
	at java.util.stream.ForEachOps$ForEachOp$OfRef.evaluateParallel(ForEachOps.java:173)
	at java.util.stream.AbstractPipeline.evaluate(AbstractPipeline.java:233)
	at java.util.stream.ReferencePipeline.forEach(ReferencePipeline.java:485)
	at java.util.stream.ReferencePipeline$Head.forEach(ReferencePipeline.java:650)
	at org.apache.hadoop.hdds.scm.pipeline.RatisPipelineProvider.lambda$callRatisRpc$6(RatisPipelineProvider.java:220)
	at java.util.concurrent.ForkJoinTask$AdaptedRunnableAction.exec(ForkJoinTask.java:1386)
	at java.util.concurrent.ForkJoinTask.doExec(ForkJoinTask.java:289)
	at java.util.concurrent.ForkJoinPool$WorkQueue.runTask(ForkJoinPool.java:1056)
	at java.util.concurrent.ForkJoinPool.runWorker(ForkJoinPool.java:1692)
	at java.util.concurrent.ForkJoinWorkerThread.run(ForkJoinWorkerThread.java:157)
Caused by: org.apache.ratis.thirdparty.io.grpc.StatusRuntimeException: DEADLINE_EXCEEDED: deadline exceeded after 2999864062ns
	at org.apache.ratis.thirdparty.io.grpc.stub.ClientCalls.toStatusRuntimeException(ClientCalls.java:233)
	at org.apache.ratis.thirdparty.io.grpc.stub.ClientCalls.getUnchecked(ClientCalls.java:214)
	at org.apache.ratis.thirdparty.io.grpc.stub.ClientCalls.blockingUnaryCall(ClientCalls.java:139)
	at org.apache.ratis.proto.grpc.AdminProtocolServiceGrpc$AdminProtocolServiceBlockingStub.groupManagement(AdminProtocolServiceGrpc.java:274)
	at org.apache.ratis.grpc.client.GrpcClientProtocolClient.lambda$groupAdd$3(GrpcClientProtocolClient.java:155)
	at org.apache.ratis.grpc.client.GrpcClientProtocolClient.blockingCall(GrpcClientProtocolClient.java:182)
	... 25 more
2019-11-14 22:48:29,780 [grpc-default-executor-5] INFO  impl.RaftServerProxy (RaftServerProxy.java:addNew(89)) - c80859c9-f21b-4abf-8d4a-e53adb085c0c: addNew group-C307BAB6AC03:[4327b9a0-f311-4ee4-b5c4-0291d295fd82:192.168.69.106:41256, c80859c9-f21b-4abf-8d4a-e53adb085c0c:192.168.69.106:40401, efe5f872-798a-491e-a32c-3b7da58242e1:192.168.69.106:36375] returns group-C307BAB6AC03:java.util.concurrent.CompletableFuture@343a34d0[Not completed]
2019-11-14 22:48:29,780 [grpc-default-executor-8] INFO  impl.RaftServerProxy (RaftServerProxy.java:addNew(89)) - 4327b9a0-f311-4ee4-b5c4-0291d295fd82: addNew group-C307BAB6AC03:[4327b9a0-f311-4ee4-b5c4-0291d295fd82:192.168.69.106:41256, c80859c9-f21b-4abf-8d4a-e53adb085c0c:192.168.69.106:40401, efe5f872-798a-491e-a32c-3b7da58242e1:192.168.69.106:36375] returns group-C307BAB6AC03:java.util.concurrent.CompletableFuture@1cc4779c[Not completed]
2019-11-14 22:48:29,780 [grpc-default-executor-4] INFO  impl.RaftServerProxy (RaftServerProxy.java:addNew(89)) - efe5f872-798a-491e-a32c-3b7da58242e1: addNew group-C307BAB6AC03:[4327b9a0-f311-4ee4-b5c4-0291d295fd82:192.168.69.106:41256, c80859c9-f21b-4abf-8d4a-e53adb085c0c:192.168.69.106:40401, efe5f872-798a-491e-a32c-3b7da58242e1:192.168.69.106:36375] returns group-C307BAB6AC03:java.util.concurrent.CompletableFuture@72801941[Not completed]
2019-11-14 22:48:32,165 [pool-419-thread-1] INFO  storage.RaftStorageDirectory (RaftStorageDirectory.java:tryLock(328)) - Lock on /workdir/hadoop-ozone/integration-test/target/test-dir/MiniOzoneClusterImpl-cc864e37-e864-4d68-a6c4-66bb4c0b7714/datanode-3/data/ratis/b642a32b-d5b9-4d52-94ef-84b818ea8256/in_use.lock acquired by nodename 339@pr-hdds-2494-dtfqw-3996435450
2019-11-14 22:48:32,166 [18e32969-3754-4ca1-a2d2-6cd35135c98e@group-D581C268DC9D-SegmentedRaftLogWorker] INFO  segmented.SegmentedRaftLogWorker (SegmentedRaftLogWorker.java:execute(576)) - 18e32969-3754-4ca1-a2d2-6cd35135c98e@group-D581C268DC9D-SegmentedRaftLogWorker: created new log segment /workdir/hadoop-ozone/integration-test/target/test-dir/MiniOzoneClusterImpl-cc864e37-e864-4d68-a6c4-66bb4c0b7714/datanode-0/data/ratis/89d1de32-3ac5-4f7d-9fd8-d581c268dc9d/current/log_inprogress_0
2019-11-14 22:48:32,780 [RATISCREATEPIPELINE1] ERROR pipeline.RatisPipelineProvider (RatisPipelineProvider.java:lambda$null$5(230)) - Failed invoke Ratis rpc org.apache.hadoop.hdds.scm.pipeline.RatisPipelineProvider$$Lambda$191/1931911527@fd0efd7 for efe5f872-798a-491e-a32c-3b7da58242e1
org.apache.ratis.protocol.TimeoutIOException
	at org.apache.ratis.grpc.GrpcUtil.tryUnwrapException(GrpcUtil.java:82)
	at org.apache.ratis.grpc.GrpcUtil.unwrapException(GrpcUtil.java:75)
	at org.apache.ratis.grpc.client.GrpcClientProtocolClient.blockingCall(GrpcClientProtocolClient.java:184)
	at org.apache.ratis.grpc.client.GrpcClientProtocolClient.groupAdd(GrpcClientProtocolClient.java:153)
	at org.apache.ratis.grpc.client.GrpcClientRpc.sendRequest(GrpcClientRpc.java:94)
	at org.apache.ratis.client.impl.RaftClientImpl.sendRequest(RaftClientImpl.java:278)
	at org.apache.ratis.client.impl.RaftClientImpl.groupAdd(RaftClientImpl.java:205)
	at org.apache.hadoop.hdds.scm.pipeline.RatisPipelineProvider.lambda$initializePipeline$4(RatisPipelineProvider.java:191)
	at org.apache.hadoop.hdds.scm.pipeline.RatisPipelineProvider.lambda$null$5(RatisPipelineProvider.java:226)
	at java.util.stream.ForEachOps$ForEachOp$OfRef.accept(ForEachOps.java:183)
	at java.util.ArrayList$ArrayListSpliterator.forEachRemaining(ArrayList.java:1382)
	at java.util.stream.AbstractPipeline.copyInto(AbstractPipeline.java:482)
	at java.util.stream.ForEachOps$ForEachTask.compute(ForEachOps.java:290)
	at java.util.concurrent.CountedCompleter.exec(CountedCompleter.java:731)
	at java.util.concurrent.ForkJoinTask.doExec(ForkJoinTask.java:289)
	at java.util.concurrent.ForkJoinTask.doInvoke(ForkJoinTask.java:401)
	at java.util.concurrent.ForkJoinTask.invoke(ForkJoinTask.java:734)
	at java.util.stream.ForEachOps$ForEachOp.evaluateParallel(ForEachOps.java:159)
	at java.util.stream.ForEachOps$ForEachOp$OfRef.evaluateParallel(ForEachOps.java:173)
	at java.util.stream.AbstractPipeline.evaluate(AbstractPipeline.java:233)
	at java.util.stream.ReferencePipeline.forEach(ReferencePipeline.java:485)
	at java.util.stream.ReferencePipeline$Head.forEach(ReferencePipeline.java:650)
	at org.apache.hadoop.hdds.scm.pipeline.RatisPipelineProvider.lambda$callRatisRpc$6(RatisPipelineProvider.java:220)
	at java.util.concurrent.ForkJoinTask$AdaptedRunnableAction.exec(ForkJoinTask.java:1386)
	at java.util.concurrent.ForkJoinTask.doExec(ForkJoinTask.java:289)
	at java.util.concurrent.ForkJoinPool$WorkQueue.runTask(ForkJoinPool.java:1056)
	at java.util.concurrent.ForkJoinPool.runWorker(ForkJoinPool.java:1692)
	at java.util.concurrent.ForkJoinWorkerThread.run(ForkJoinWorkerThread.java:157)
Caused by: org.apache.ratis.thirdparty.io.grpc.StatusRuntimeException: DEADLINE_EXCEEDED
	at org.apache.ratis.thirdparty.io.grpc.stub.ClientCalls.toStatusRuntimeException(ClientCalls.java:233)
	at org.apache.ratis.thirdparty.io.grpc.stub.ClientCalls.getUnchecked(ClientCalls.java:214)
	at org.apache.ratis.thirdparty.io.grpc.stub.ClientCalls.blockingUnaryCall(ClientCalls.java:139)
	at org.apache.ratis.proto.grpc.AdminProtocolServiceGrpc$AdminProtocolServiceBlockingStub.groupManagement(AdminProtocolServiceGrpc.java:274)
	at org.apache.ratis.grpc.client.GrpcClientProtocolClient.lambda$groupAdd$3(GrpcClientProtocolClient.java:155)
	at org.apache.ratis.grpc.client.GrpcClientProtocolClient.blockingCall(GrpcClientProtocolClient.java:182)
	... 25 more
2019-11-14 22:48:32,780 [RATISCREATEPIPELINE3] ERROR pipeline.RatisPipelineProvider (RatisPipelineProvider.java:lambda$null$5(230)) - Failed invoke Ratis rpc org.apache.hadoop.hdds.scm.pipeline.RatisPipelineProvider$$Lambda$191/1931911527@fd0efd7 for c80859c9-f21b-4abf-8d4a-e53adb085c0c
org.apache.ratis.protocol.TimeoutIOException: deadline exceeded after 2999835208ns
	at org.apache.ratis.grpc.GrpcUtil.tryUnwrapException(GrpcUtil.java:82)
	at org.apache.ratis.grpc.GrpcUtil.unwrapException(GrpcUtil.java:75)
	at org.apache.ratis.grpc.client.GrpcClientProtocolClient.blockingCall(GrpcClientProtocolClient.java:184)
	at org.apache.ratis.grpc.client.GrpcClientProtocolClient.groupAdd(GrpcClientProtocolClient.java:153)
	at org.apache.ratis.grpc.client.GrpcClientRpc.sendRequest(GrpcClientRpc.java:94)
	at org.apache.ratis.client.impl.RaftClientImpl.sendRequest(RaftClientImpl.java:278)
	at org.apache.ratis.client.impl.RaftClientImpl.groupAdd(RaftClientImpl.java:205)
	at org.apache.hadoop.hdds.scm.pipeline.RatisPipelineProvider.lambda$initializePipeline$4(RatisPipelineProvider.java:191)
	at org.apache.hadoop.hdds.scm.pipeline.RatisPipelineProvider.lambda$null$5(RatisPipelineProvider.java:226)
	at java.util.stream.ForEachOps$ForEachOp$OfRef.accept(ForEachOps.java:183)
	at java.util.ArrayList$ArrayListSpliterator.forEachRemaining(ArrayList.java:1382)
	at java.util.stream.AbstractPipeline.copyInto(AbstractPipeline.java:482)
	at java.util.stream.ForEachOps$ForEachTask.compute(ForEachOps.java:290)
	at java.util.concurrent.CountedCompleter.exec(CountedCompleter.java:731)
	at java.util.concurrent.ForkJoinTask.doExec(ForkJoinTask.java:289)
	at java.util.concurrent.ForkJoinPool$WorkQueue.runTask(ForkJoinPool.java:1056)
	at java.util.concurrent.ForkJoinPool.runWorker(ForkJoinPool.java:1692)
	at java.util.concurrent.ForkJoinWorkerThread.run(ForkJoinWorkerThread.java:157)
Caused by: org.apache.ratis.thirdparty.io.grpc.StatusRuntimeException: DEADLINE_EXCEEDED: deadline exceeded after 2999835208ns
	at org.apache.ratis.thirdparty.io.grpc.stub.ClientCalls.toStatusRuntimeException(ClientCalls.java:233)
	at org.apache.ratis.thirdparty.io.grpc.stub.ClientCalls.getUnchecked(ClientCalls.java:214)
	at org.apache.ratis.thirdparty.io.grpc.stub.ClientCalls.blockingUnaryCall(ClientCalls.java:139)
	at org.apache.ratis.proto.grpc.AdminProtocolServiceGrpc$AdminProtocolServiceBlockingStub.groupManagement(AdminProtocolServiceGrpc.java:274)
	at org.apache.ratis.grpc.client.GrpcClientProtocolClient.lambda$groupAdd$3(GrpcClientProtocolClient.java:155)
	at org.apache.ratis.grpc.client.GrpcClientProtocolClient.blockingCall(GrpcClientProtocolClient.java:182)
	... 15 more
2019-11-14 22:48:32,780 [RATISCREATEPIPELINE2] ERROR pipeline.RatisPipelineProvider (RatisPipelineProvider.java:lambda$null$5(230)) - Failed invoke Ratis rpc org.apache.hadoop.hdds.scm.pipeline.RatisPipelineProvider$$Lambda$191/1931911527@fd0efd7 for 4327b9a0-f311-4ee4-b5c4-0291d295fd82
org.apache.ratis.protocol.TimeoutIOException: deadline exceeded after 2999904331ns
	at org.apache.ratis.grpc.GrpcUtil.tryUnwrapException(GrpcUtil.java:82)
	at org.apache.ratis.grpc.GrpcUtil.unwrapException(GrpcUtil.java:75)
	at org.apache.ratis.grpc.client.GrpcClientProtocolClient.blockingCall(GrpcClientProtocolClient.java:184)
	at org.apache.ratis.grpc.client.GrpcClientProtocolClient.groupAdd(GrpcClientProtocolClient.java:153)
	at org.apache.ratis.grpc.client.GrpcClientRpc.sendRequest(GrpcClientRpc.java:94)
	at org.apache.ratis.client.impl.RaftClientImpl.sendRequest(RaftClientImpl.java:278)
	at org.apache.ratis.client.impl.RaftClientImpl.groupAdd(RaftClientImpl.java:205)
	at org.apache.hadoop.hdds.scm.pipeline.RatisPipelineProvider.lambda$initializePipeline$4(RatisPipelineProvider.java:191)
	at org.apache.hadoop.hdds.scm.pipeline.RatisPipelineProvider.lambda$null$5(RatisPipelineProvider.java:226)
	at java.util.stream.ForEachOps$ForEachOp$OfRef.accept(ForEachOps.java:183)
	at java.util.ArrayList$ArrayListSpliterator.forEachRemaining(ArrayList.java:1382)
	at java.util.stream.AbstractPipeline.copyInto(AbstractPipeline.java:482)
	at java.util.stream.ForEachOps$ForEachTask.compute(ForEachOps.java:290)
	at java.util.concurrent.CountedCompleter.exec(CountedCompleter.java:731)
	at java.util.concurrent.ForkJoinTask.doExec(ForkJoinTask.java:289)
	at java.util.concurrent.ForkJoinPool$WorkQueue.runTask(ForkJoinPool.java:1056)
	at java.util.concurrent.ForkJoinPool.runWorker(ForkJoinPool.java:1692)
	at java.util.concurrent.ForkJoinWorkerThread.run(ForkJoinWorkerThread.java:157)
Caused by: org.apache.ratis.thirdparty.io.grpc.StatusRuntimeException: DEADLINE_EXCEEDED: deadline exceeded after 2999904331ns
	at org.apache.ratis.thirdparty.io.grpc.stub.ClientCalls.toStatusRuntimeException(ClientCalls.java:233)
	at org.apache.ratis.thirdparty.io.grpc.stub.ClientCalls.getUnchecked(ClientCalls.java:214)
	at org.apache.ratis.thirdparty.io.grpc.stub.ClientCalls.blockingUnaryCall(ClientCalls.java:139)
	at org.apache.ratis.proto.grpc.AdminProtocolServiceGrpc$AdminProtocolServiceBlockingStub.groupManagement(AdminProtocolServiceGrpc.java:274)
	at org.apache.ratis.grpc.client.GrpcClientProtocolClient.lambda$groupAdd$3(GrpcClientProtocolClient.java:155)
	at org.apache.ratis.grpc.client.GrpcClientProtocolClient.blockingCall(GrpcClientProtocolClient.java:182)
	... 15 more
2019-11-14 22:48:32,784 [Thread-3037] INFO  pipeline.PipelineStateManager (PipelineStateManager.java:finalizePipeline(121)) - Pipeline Pipeline[ Id: 89d1de32-3ac5-4f7d-9fd8-d581c268dc9d, Nodes: 18e32969-3754-4ca1-a2d2-6cd35135c98e{ip: 192.168.69.106, host: pr-hdds-2494-dtfqw-3996435450, networkLocation: /rack1, certSerialId: null}, Type:RATIS, Factor:ONE, State:CLOSED] moved to CLOSED state
2019-11-14 22:48:32,785 [main] INFO  ozone.MiniOzoneClusterImpl (MiniOzoneClusterImpl.java:lambda$waitForClusterToBeReady$2(171)) - Cluster is ready. Got 10 of 10 DN Heartbeats.
2019-11-14 22:48:32,796 [grpc-default-executor-8] INFO  impl.RaftServerProxy (RaftServerProxy.java:remove(95)) - 18e32969-3754-4ca1-a2d2-6cd35135c98e: remove    LEADER 18e32969-3754-4ca1-a2d2-6cd35135c98e@group-D581C268DC9D:t1, leader=18e32969-3754-4ca1-a2d2-6cd35135c98e, voted=18e32969-3754-4ca1-a2d2-6cd35135c98e, raftlog=18e32969-3754-4ca1-a2d2-6cd35135c98e@group-D581C268DC9D-SegmentedRaftLog:OPENED:c-1,f-1,i0, conf=0: [18e32969-3754-4ca1-a2d2-6cd35135c98e:192.168.69.106:36094], old=null RUNNING
2019-11-14 22:48:32,796 [grpc-default-executor-8] INFO  impl.RaftServerImpl (RaftServerImpl.java:lambda$shutdown$3(250)) - 18e32969-3754-4ca1-a2d2-6cd35135c98e@group-D581C268DC9D: shutdown
2019-11-14 22:48:32,797 [grpc-default-executor-8] INFO  util.JmxRegister (JmxRegister.java:unregister(73)) - Successfully un-registered JMX Bean with object name Ratis:service=RaftServer,group=group-D581C268DC9D,id=18e32969-3754-4ca1-a2d2-6cd35135c98e
2019-11-14 22:48:32,797 [grpc-default-executor-8] INFO  impl.RoleInfo (RoleInfo.java:shutdownLeaderState(104)) - 18e32969-3754-4ca1-a2d2-6cd35135c98e: shutdown LeaderState
2019-11-14 22:48:32,797 [grpc-default-executor-8] INFO  impl.PendingRequests (PendingRequests.java:sendNotLeaderResponses(206)) - 18e32969-3754-4ca1-a2d2-6cd35135c98e@group-D581C268DC9D-PendingRequests: sendNotLeaderResponses
2019-11-14 22:48:32,797 [grpc-default-executor-8] INFO  impl.StateMachineUpdater (StateMachineUpdater.java:stopAndJoin(136)) - 18e32969-3754-4ca1-a2d2-6cd35135c98e@group-D581C268DC9D-StateMachineUpdater: set stopIndex = -1
2019-11-14 22:48:32,797 [grpc-default-executor-8] INFO  impl.RaftServerImpl (ServerState.java:close(387)) - 18e32969-3754-4ca1-a2d2-6cd35135c98e@group-D581C268DC9D: closes. applyIndex: -1
2019-11-14 22:48:32,814 [main] INFO  rpc.RpcClient (RpcClient.java:createVolume(292)) - Creating Volume: datanodefailurehandlingtest, with jenkins1000 as owner.
2019-11-14 22:48:32,816 [IPC Server handler 12 on 43918] INFO  volume.OMVolumeCreateRequest (OMVolumeCreateRequest.java:validateAndUpdateCache(193)) - created volume:datanodefailurehandlingtest for user:jenkins1000
2019-11-14 22:48:34,731 [18e32969-3754-4ca1-a2d2-6cd35135c98e@group-D581C268DC9D-SegmentedRaftLogWorker] INFO  segmented.SegmentedRaftLogWorker (SegmentedRaftLogWorker.java:run(323)) - 18e32969-3754-4ca1-a2d2-6cd35135c98e@group-D581C268DC9D-SegmentedRaftLogWorker got closed and hit exception
java.lang.NullPointerException
	at org.apache.hadoop.hdds.protocol.proto.StorageContainerDatanodeProtocolProtos$ClosePipelineInfo$Builder.setDetailedReason(StorageContainerDatanodeProtocolProtos.java:22682)
	at org.apache.hadoop.ozone.container.common.transport.server.ratis.XceiverServerRatis.triggerPipelineClose(XceiverServerRatis.java:573)
	at org.apache.hadoop.ozone.container.common.transport.server.ratis.XceiverServerRatis.handleNodeLogFailure(XceiverServerRatis.java:673)
	at org.apache.hadoop.ozone.container.common.transport.server.ratis.ContainerStateMachine.notifyLogFailed(ContainerStateMachine.java:824)
	at org.apache.ratis.server.raftlog.segmented.SegmentedRaftLogWorker$WriteLog.failed(SegmentedRaftLogWorker.java:460)
	at org.apache.ratis.server.raftlog.segmented.SegmentedRaftLogWorker.run(SegmentedRaftLogWorker.java:300)
	at java.lang.Thread.run(Thread.java:748)
2019-11-14 22:48:34,731 [grpc-default-executor-8] INFO  segmented.SegmentedRaftLogWorker (SegmentedRaftLogWorker.java:close(224)) - 18e32969-3754-4ca1-a2d2-6cd35135c98e@group-D581C268DC9D-SegmentedRaftLogWorker close()
2019-11-14 22:48:34,805 [pool-429-thread-1] INFO  storage.RaftStorage (RaftStorage.java:format(84)) - Storage directory /workdir/hadoop-ozone/integration-test/target/test-dir/MiniOzoneClusterImpl-cc864e37-e864-4d68-a6c4-66bb4c0b7714/datanode-4/data/ratis/b642a32b-d5b9-4d52-94ef-84b818ea8256 has been successfully formatted.
2019-11-14 22:48:34,805 [pool-399-thread-1] INFO  storage.RaftStorage (RaftStorage.java:format(84)) - Storage directory /workdir/hadoop-ozone/integration-test/target/test-dir/MiniOzoneClusterImpl-cc864e37-e864-4d68-a6c4-66bb4c0b7714/datanode-1/data/ratis/b642a32b-d5b9-4d52-94ef-84b818ea8256 has been successfully formatted.
2019-11-14 22:48:34,806 [pool-429-thread-1] INFO  ratis.ContainerStateMachine (ContainerStateMachine.java:loadSnapshot(223)) - group-84B818EA8256: The snapshot info is null. Setting the last applied indexto:(t:0, i:~)
2019-11-14 22:48:34,806 [pool-399-thread-1] INFO  ratis.ContainerStateMachine (ContainerStateMachine.java:loadSnapshot(223)) - group-84B818EA8256: The snapshot info is null. Setting the last applied indexto:(t:0, i:~)
2019-11-14 22:48:34,806 [pool-429-thread-1] INFO  server.RaftServerConfigKeys (ConfUtils.java:logGet(43)) - raft.server.notification.no-leader.timeout = 120s (custom)
2019-11-14 22:48:34,806 [pool-399-thread-1] INFO  server.RaftServerConfigKeys (ConfUtils.java:logGet(43)) - raft.server.notification.no-leader.timeout = 120s (custom)
2019-11-14 22:48:34,806 [pool-399-thread-1] INFO  server.RaftServerConfigKeys (ConfUtils.java:logGet(43)) - raft.server.log.use.memory = false (default)
2019-11-14 22:48:34,806 [pool-429-thread-1] INFO  server.RaftServerConfigKeys (ConfUtils.java:logGet(43)) - raft.server.log.use.memory = false (default)
2019-11-14 22:48:34,807 [pool-399-thread-1] INFO  server.RaftServerConfigKeys (ConfUtils.java:logGet(43)) - raft.server.log.purge.gap = 1000000 (custom)
2019-11-14 22:48:34,807 [pool-429-thread-1] INFO  server.RaftServerConfigKeys (ConfUtils.java:logGet(43)) - raft.server.log.purge.gap = 1000000 (custom)
2019-11-14 22:48:34,807 [pool-399-thread-1] INFO  server.RaftServerConfigKeys (ConfUtils.java:logGet(43)) - raft.server.log.appender.buffer.byte-limit = 33554432 (custom)
2019-11-14 22:48:34,807 [pool-429-thread-1] INFO  server.RaftServerConfigKeys (ConfUtils.java:logGet(43)) - raft.server.log.appender.buffer.byte-limit = 33554432 (custom)
2019-11-14 22:48:34,807 [pool-429-thread-1] INFO  server.RaftServerConfigKeys (ConfUtils.java:logGet(43)) - raft.server.log.segment.size.max = 1048576 (custom)
2019-11-14 22:48:34,807 [pool-429-thread-1] WARN  impl.MetricRegistriesImpl (MetricRegistriesImpl.java:lambda$create$1(61)) - First MetricRegistry has been created without registering reporters. You may need to call MetricRegistries.global().addReportRegistration(...) before.
2019-11-14 22:48:34,808 [pool-429-thread-1] INFO  server.RaftServerConfigKeys (ConfUtils.java:logGet(43)) - raft.server.log.segment.cache.num.max = 2 (custom)
2019-11-14 22:48:34,808 [pool-429-thread-1] INFO  segmented.SegmentedRaftLogWorker (SegmentedRaftLogWorker.java:<init>(173)) - new c80859c9-f21b-4abf-8d4a-e53adb085c0c@group-84B818EA8256-SegmentedRaftLogWorker for RaftStorage:Storage Directory /workdir/hadoop-ozone/integration-test/target/test-dir/MiniOzoneClusterImpl-cc864e37-e864-4d68-a6c4-66bb4c0b7714/datanode-4/data/ratis/b642a32b-d5b9-4d52-94ef-84b818ea8256
2019-11-14 22:48:34,808 [pool-429-thread-1] INFO  server.RaftServerConfigKeys (ConfUtils.java:logGet(43)) - raft.server.log.queue.byte-limit = 2147483647 (custom)
2019-11-14 22:48:34,808 [pool-429-thread-1] INFO  server.RaftServerConfigKeys (ConfUtils.java:logGet(43)) - raft.server.log.queue.element-limit = 1024 (custom)
2019-11-14 22:48:34,808 [pool-429-thread-1] INFO  server.RaftServerConfigKeys (ConfUtils.java:logGet(43)) - raft.server.log.segment.size.max = 1048576 (custom)
2019-11-14 22:48:34,808 [pool-429-thread-1] INFO  server.RaftServerConfigKeys (ConfUtils.java:logGet(43)) - raft.server.log.preallocated.size = 16384 (custom)
2019-11-14 22:48:34,809 [pool-429-thread-1] INFO  server.RaftServerConfigKeys (ConfUtils.java:logGet(43)) - raft.server.log.write.buffer.size = 33554432 (custom)
2019-11-14 22:48:34,809 [pool-429-thread-1] INFO  server.RaftServerConfigKeys (ConfUtils.java:logGet(43)) - raft.server.log.force.sync.num = 128 (default)
2019-11-14 22:48:34,809 [pool-429-thread-1] INFO  server.RaftServerConfigKeys (ConfUtils.java:logGet(43)) - raft.server.log.statemachine.data.sync = true (default)
2019-11-14 22:48:34,807 [pool-399-thread-1] INFO  server.RaftServerConfigKeys (ConfUtils.java:logGet(43)) - raft.server.log.segment.size.max = 1048576 (custom)
2019-11-14 22:48:34,809 [pool-429-thread-1] INFO  server.RaftServerConfigKeys (ConfUtils.java:logGet(43)) - raft.server.log.statemachine.data.sync.timeout = 10s (default)
2019-11-14 22:48:34,809 [pool-399-thread-1] WARN  impl.MetricRegistriesImpl (MetricRegistriesImpl.java:lambda$create$1(61)) - First MetricRegistry has been created without registering reporters. You may need to call MetricRegistries.global().addReportRegistration(...) before.
2019-11-14 22:48:34,809 [pool-429-thread-1] INFO  server.RaftServerConfigKeys (ConfUtils.java:logGet(43)) - raft.server.log.statemachine.data.sync.timeout.retry = -1 (default)
2019-11-14 22:48:34,809 [pool-399-thread-1] INFO  server.RaftServerConfigKeys (ConfUtils.java:logGet(43)) - raft.server.log.segment.cache.num.max = 2 (custom)
2019-11-14 22:48:34,810 [pool-399-thread-1] INFO  segmented.SegmentedRaftLogWorker (SegmentedRaftLogWorker.java:<init>(173)) - new efe5f872-798a-491e-a32c-3b7da58242e1@group-84B818EA8256-SegmentedRaftLogWorker for RaftStorage:Storage Directory /workdir/hadoop-ozone/integration-test/target/test-dir/MiniOzoneClusterImpl-cc864e37-e864-4d68-a6c4-66bb4c0b7714/datanode-1/data/ratis/b642a32b-d5b9-4d52-94ef-84b818ea8256
2019-11-14 22:48:34,810 [pool-429-thread-1] INFO  server.RaftServerConfigKeys (ConfUtils.java:logGet(43)) - raft.server.log.statemachine.data.caching.enabled = true (custom)
2019-11-14 22:48:34,810 [pool-399-thread-1] INFO  server.RaftServerConfigKeys (ConfUtils.java:logGet(43)) - raft.server.log.queue.byte-limit = 2147483647 (custom)
2019-11-14 22:48:34,810 [pool-399-thread-1] INFO  server.RaftServerConfigKeys (ConfUtils.java:logGet(43)) - raft.server.log.queue.element-limit = 1024 (custom)
2019-11-14 22:48:34,810 [pool-429-thread-1] INFO  segmented.SegmentedRaftLogWorker (SegmentedRaftLogWorker.java:lambda$new$0(128)) - c80859c9-f21b-4abf-8d4a-e53adb085c0c@group-84B818EA8256-SegmentedRaftLogWorker: flushIndex: setUnconditionally 0 -> -1
2019-11-14 22:48:34,810 [pool-399-thread-1] INFO  server.RaftServerConfigKeys (ConfUtils.java:logGet(43)) - raft.server.log.segment.size.max = 1048576 (custom)
2019-11-14 22:48:34,811 [pool-399-thread-1] INFO  server.RaftServerConfigKeys (ConfUtils.java:logGet(43)) - raft.server.log.preallocated.size = 16384 (custom)
2019-11-14 22:48:34,811 [pool-429-thread-1] INFO  server.RaftServerConfigKeys (ConfUtils.java:logGet(43)) - raft.server.snapshot.auto.trigger.enabled = true (custom)
2019-11-14 22:48:34,811 [pool-399-thread-1] INFO  server.RaftServerConfigKeys (ConfUtils.java:logGet(43)) - raft.server.log.write.buffer.size = 33554432 (custom)
2019-11-14 22:48:34,811 [pool-429-thread-1] INFO  server.RaftServerConfigKeys (ConfUtils.java:logGet(43)) - raft.server.snapshot.auto.trigger.threshold = 10000 (custom)
2019-11-14 22:48:34,811 [pool-399-thread-1] INFO  server.RaftServerConfigKeys (ConfUtils.java:logGet(43)) - raft.server.log.force.sync.num = 128 (default)
2019-11-14 22:48:34,811 [pool-429-thread-1] INFO  server.RaftServerConfigKeys (ConfUtils.java:logGet(43)) - raft.server.snapshot.retention.file.num = 5 (custom)
2019-11-14 22:48:34,811 [pool-399-thread-1] INFO  server.RaftServerConfigKeys (ConfUtils.java:logGet(43)) - raft.server.log.statemachine.data.sync = true (default)
2019-11-14 22:48:34,811 [pool-429-thread-1] INFO  server.RaftServerConfigKeys (ConfUtils.java:logGet(43)) - raft.server.retrycache.expirytime = 600000ms (custom)
2019-11-14 22:48:34,811 [pool-399-thread-1] INFO  server.RaftServerConfigKeys (ConfUtils.java:logGet(43)) - raft.server.log.statemachine.data.sync.timeout = 10s (default)
2019-11-14 22:48:34,812 [pool-429-thread-1] WARN  impl.MetricRegistriesImpl (MetricRegistriesImpl.java:lambda$create$1(61)) - First MetricRegistry has been created without registering reporters. You may need to call MetricRegistries.global().addReportRegistration(...) before.
2019-11-14 22:48:34,812 [pool-399-thread-1] INFO  server.RaftServerConfigKeys (ConfUtils.java:logGet(43)) - raft.server.log.statemachine.data.sync.timeout.retry = -1 (default)
2019-11-14 22:48:34,812 [pool-429-thread-1] WARN  impl.MetricRegistriesImpl (MetricRegistriesImpl.java:lambda$create$1(61)) - First MetricRegistry has been created without registering reporters. You may need to call MetricRegistries.global().addReportRegistration(...) before.
2019-11-14 22:48:34,812 [pool-399-thread-1] INFO  server.RaftServerConfigKeys (ConfUtils.java:logGet(43)) - raft.server.log.statemachine.data.caching.enabled = true (custom)
2019-11-14 22:48:34,812 [pool-399-thread-1] INFO  segmented.SegmentedRaftLogWorker (SegmentedRaftLogWorker.java:lambda$new$0(128)) - efe5f872-798a-491e-a32c-3b7da58242e1@group-84B818EA8256-SegmentedRaftLogWorker: flushIndex: setUnconditionally 0 -> -1
2019-11-14 22:48:34,812 [pool-399-thread-1] INFO  server.RaftServerConfigKeys (ConfUtils.java:logGet(43)) - raft.server.snapshot.auto.trigger.enabled = true (custom)
2019-11-14 22:48:34,813 [pool-399-thread-1] INFO  server.RaftServerConfigKeys (ConfUtils.java:logGet(43)) - raft.server.snapshot.auto.trigger.threshold = 10000 (custom)
2019-11-14 22:48:34,813 [pool-399-thread-1] INFO  server.RaftServerConfigKeys (ConfUtils.java:logGet(43)) - raft.server.snapshot.retention.file.num = 5 (custom)
2019-11-14 22:48:34,813 [pool-399-thread-1] INFO  server.RaftServerConfigKeys (ConfUtils.java:logGet(43)) - raft.server.retrycache.expirytime = 600000ms (custom)
2019-11-14 22:48:34,813 [pool-399-thread-1] WARN  impl.MetricRegistriesImpl (MetricRegistriesImpl.java:lambda$create$1(61)) - First MetricRegistry has been created without registering reporters. You may need to call MetricRegistries.global().addReportRegistration(...) before.
2019-11-14 22:48:34,813 [pool-399-thread-1] WARN  impl.MetricRegistriesImpl (MetricRegistriesImpl.java:lambda$create$1(61)) - First MetricRegistry has been created without registering reporters. You may need to call MetricRegistries.global().addReportRegistration(...) before.
2019-11-14 22:48:34,814 [pool-429-thread-1] INFO  impl.RaftServerImpl (RaftServerImpl.java:<init>(98)) - c80859c9-f21b-4abf-8d4a-e53adb085c0c: new RaftServerImpl for group-C307BAB6AC03:[4327b9a0-f311-4ee4-b5c4-0291d295fd82:192.168.69.106:41256, c80859c9-f21b-4abf-8d4a-e53adb085c0c:192.168.69.106:40401, efe5f872-798a-491e-a32c-3b7da58242e1:192.168.69.106:36375] with ContainerStateMachine:uninitialized
2019-11-14 22:48:34,814 [pool-429-thread-1] INFO  server.RaftServerConfigKeys (ConfUtils.java:logGet(43)) - raft.server.rpc.timeout.min = 1s (custom)
2019-11-14 22:48:34,814 [pool-429-thread-1] INFO  server.RaftServerConfigKeys (ConfUtils.java:logGet(43)) - raft.server.rpc.timeout.max = 1200ms (custom)
2019-11-14 22:48:34,814 [pool-429-thread-1] INFO  server.RaftServerConfigKeys (ConfUtils.java:logGet(43)) - raft.server.rpcslowness.timeout = 120s (custom)
2019-11-14 22:48:34,814 [pool-429-thread-1] INFO  server.RaftServerConfigKeys (ConfUtils.java:logGet(43)) - raft.server.sleep.deviation.threshold = 300 (default)
2019-11-14 22:48:34,815 [pool-429-thread-1] INFO  server.RaftServerConfigKeys (ConfUtils.java:logGet(43)) - raft.server.log.appender.install.snapshot.enabled = false (custom)
2019-11-14 22:48:34,815 [pool-399-thread-1] INFO  impl.RaftServerImpl (RaftServerImpl.java:<init>(98)) - efe5f872-798a-491e-a32c-3b7da58242e1: new RaftServerImpl for group-C307BAB6AC03:[4327b9a0-f311-4ee4-b5c4-0291d295fd82:192.168.69.106:41256, c80859c9-f21b-4abf-8d4a-e53adb085c0c:192.168.69.106:40401, efe5f872-798a-491e-a32c-3b7da58242e1:192.168.69.106:36375] with ContainerStateMachine:uninitialized
2019-11-14 22:48:34,815 [pool-429-thread-1] INFO  impl.RaftServerImpl (ServerState.java:<init>(103)) - c80859c9-f21b-4abf-8d4a-e53adb085c0c@group-C307BAB6AC03: ConfigurationManager, init=-1: [4327b9a0-f311-4ee4-b5c4-0291d295fd82:192.168.69.106:41256, c80859c9-f21b-4abf-8d4a-e53adb085c0c:192.168.69.106:40401, efe5f872-798a-491e-a32c-3b7da58242e1:192.168.69.106:36375], old=null, confs=<EMPTY_MAP>
2019-11-14 22:48:34,815 [pool-399-thread-1] INFO  server.RaftServerConfigKeys (ConfUtils.java:logGet(43)) - raft.server.rpc.timeout.min = 1s (custom)
2019-11-14 22:48:34,815 [pool-399-thread-1] INFO  server.RaftServerConfigKeys (ConfUtils.java:logGet(43)) - raft.server.rpc.timeout.max = 1200ms (custom)
2019-11-14 22:48:34,815 [pool-429-thread-1] INFO  server.RaftServerConfigKeys (ConfUtils.java:logGet(43)) - raft.server.storage.dir = [/workdir/hadoop-ozone/integration-test/target/test-dir/MiniOzoneClusterImpl-cc864e37-e864-4d68-a6c4-66bb4c0b7714/datanode-4/data/ratis] (custom)
2019-11-14 22:48:34,815 [pool-399-thread-1] INFO  server.RaftServerConfigKeys (ConfUtils.java:logGet(43)) - raft.server.rpcslowness.timeout = 120s (custom)
2019-11-14 22:48:34,815 [pool-399-thread-1] INFO  server.RaftServerConfigKeys (ConfUtils.java:logGet(43)) - raft.server.sleep.deviation.threshold = 300 (default)
2019-11-14 22:48:34,815 [pool-399-thread-1] INFO  server.RaftServerConfigKeys (ConfUtils.java:logGet(43)) - raft.server.log.appender.install.snapshot.enabled = false (custom)
2019-11-14 22:48:34,815 [pool-429-thread-1] INFO  server.RaftServerConfigKeys (ConfUtils.java:logGet(43)) - raft.server.log.corruption.policy = EXCEPTION (default)
2019-11-14 22:48:34,815 [pool-399-thread-1] INFO  impl.RaftServerImpl (ServerState.java:<init>(103)) - efe5f872-798a-491e-a32c-3b7da58242e1@group-C307BAB6AC03: ConfigurationManager, init=-1: [4327b9a0-f311-4ee4-b5c4-0291d295fd82:192.168.69.106:41256, c80859c9-f21b-4abf-8d4a-e53adb085c0c:192.168.69.106:40401, efe5f872-798a-491e-a32c-3b7da58242e1:192.168.69.106:36375], old=null, confs=<EMPTY_MAP>
2019-11-14 22:48:34,816 [pool-429-thread-1] INFO  storage.RaftStorageDirectory (RaftStorageDirectory.java:analyzeStorage(246)) - The storage directory /workdir/hadoop-ozone/integration-test/target/test-dir/MiniOzoneClusterImpl-cc864e37-e864-4d68-a6c4-66bb4c0b7714/datanode-4/data/ratis/52ab38f0-094d-4a5d-9b18-c307bab6ac03 does not exist. Creating ...
2019-11-14 22:48:34,816 [pool-399-thread-1] INFO  server.RaftServerConfigKeys (ConfUtils.java:logGet(43)) - raft.server.storage.dir = [/workdir/hadoop-ozone/integration-test/target/test-dir/MiniOzoneClusterImpl-cc864e37-e864-4d68-a6c4-66bb4c0b7714/datanode-1/data/ratis] (custom)
2019-11-14 22:48:34,816 [pool-399-thread-1] INFO  server.RaftServerConfigKeys (ConfUtils.java:logGet(43)) - raft.server.log.corruption.policy = EXCEPTION (default)
2019-11-14 22:48:34,816 [pool-399-thread-1] INFO  storage.RaftStorageDirectory (RaftStorageDirectory.java:analyzeStorage(246)) - The storage directory /workdir/hadoop-ozone/integration-test/target/test-dir/MiniOzoneClusterImpl-cc864e37-e864-4d68-a6c4-66bb4c0b7714/datanode-1/data/ratis/52ab38f0-094d-4a5d-9b18-c307bab6ac03 does not exist. Creating ...
2019-11-14 22:48:34,821 [Thread-3037] INFO  pipeline.PipelineStateManager (PipelineStateManager.java:removePipeline(106)) - Pipeline Pipeline[ Id: 89d1de32-3ac5-4f7d-9fd8-d581c268dc9d, Nodes: 18e32969-3754-4ca1-a2d2-6cd35135c98e{ip: 192.168.69.106, host: pr-hdds-2494-dtfqw-3996435450, networkLocation: /rack1, certSerialId: null}, Type:RATIS, Factor:ONE, State:CLOSED] removed from db
2019-11-14 22:48:34,838 [grpc-default-executor-8] INFO  impl.RaftServerProxy (RaftServerProxy.java:addNew(89)) - 4327b9a0-f311-4ee4-b5c4-0291d295fd82: addNew group-5177CEA7D76B:[4327b9a0-f311-4ee4-b5c4-0291d295fd82:192.168.69.106:41256] returns group-5177CEA7D76B:java.util.concurrent.CompletableFuture@286d98e3[Not completed]
2019-11-14 22:48:37,152 [pool-419-thread-1] INFO  storage.RaftStorage (RaftStorage.java:format(84)) - Storage directory /workdir/hadoop-ozone/integration-test/target/test-dir/MiniOzoneClusterImpl-cc864e37-e864-4d68-a6c4-66bb4c0b7714/datanode-3/data/ratis/b642a32b-d5b9-4d52-94ef-84b818ea8256 has been successfully formatted.
2019-11-14 22:48:37,153 [pool-419-thread-1] INFO  ratis.ContainerStateMachine (ContainerStateMachine.java:loadSnapshot(223)) - group-84B818EA8256: The snapshot info is null. Setting the last applied indexto:(t:0, i:~)
2019-11-14 22:48:37,153 [pool-419-thread-1] INFO  server.RaftServerConfigKeys (ConfUtils.java:logGet(43)) - raft.server.notification.no-leader.timeout = 120s (custom)
2019-11-14 22:48:37,153 [pool-419-thread-1] INFO  server.RaftServerConfigKeys (ConfUtils.java:logGet(43)) - raft.server.log.use.memory = false (default)
2019-11-14 22:48:37,154 [pool-419-thread-1] INFO  server.RaftServerConfigKeys (ConfUtils.java:logGet(43)) - raft.server.log.purge.gap = 1000000 (custom)
2019-11-14 22:48:37,154 [pool-419-thread-1] INFO  server.RaftServerConfigKeys (ConfUtils.java:logGet(43)) - raft.server.log.appender.buffer.byte-limit = 33554432 (custom)
2019-11-14 22:48:37,154 [pool-419-thread-1] INFO  server.RaftServerConfigKeys (ConfUtils.java:logGet(43)) - raft.server.log.segment.size.max = 1048576 (custom)
2019-11-14 22:48:37,154 [pool-419-thread-1] INFO  server.RaftServerConfigKeys (ConfUtils.java:logGet(43)) - raft.server.log.segment.cache.num.max = 2 (custom)
2019-11-14 22:48:37,154 [pool-419-thread-1] INFO  segmented.SegmentedRaftLogWorker (SegmentedRaftLogWorker.java:<init>(173)) - new 4327b9a0-f311-4ee4-b5c4-0291d295fd82@group-84B818EA8256-SegmentedRaftLogWorker for RaftStorage:Storage Directory /workdir/hadoop-ozone/integration-test/target/test-dir/MiniOzoneClusterImpl-cc864e37-e864-4d68-a6c4-66bb4c0b7714/datanode-3/data/ratis/b642a32b-d5b9-4d52-94ef-84b818ea8256
2019-11-14 22:48:37,154 [pool-419-thread-1] INFO  server.RaftServerConfigKeys (ConfUtils.java:logGet(43)) - raft.server.log.queue.byte-limit = 2147483647 (custom)
2019-11-14 22:48:37,155 [pool-419-thread-1] INFO  server.RaftServerConfigKeys (ConfUtils.java:logGet(43)) - raft.server.log.queue.element-limit = 1024 (custom)
2019-11-14 22:48:37,155 [pool-419-thread-1] INFO  server.RaftServerConfigKeys (ConfUtils.java:logGet(43)) - raft.server.log.segment.size.max = 1048576 (custom)
2019-11-14 22:48:37,155 [pool-419-thread-1] INFO  server.RaftServerConfigKeys (ConfUtils.java:logGet(43)) - raft.server.log.preallocated.size = 16384 (custom)
2019-11-14 22:48:37,155 [pool-419-thread-1] INFO  server.RaftServerConfigKeys (ConfUtils.java:logGet(43)) - raft.server.log.write.buffer.size = 33554432 (custom)
2019-11-14 22:48:37,155 [pool-419-thread-1] INFO  server.RaftServerConfigKeys (ConfUtils.java:logGet(43)) - raft.server.log.force.sync.num = 128 (default)
2019-11-14 22:48:37,155 [pool-419-thread-1] INFO  server.RaftServerConfigKeys (ConfUtils.java:logGet(43)) - raft.server.log.statemachine.data.sync = true (default)
2019-11-14 22:48:37,155 [pool-419-thread-1] INFO  server.RaftServerConfigKeys (ConfUtils.java:logGet(43)) - raft.server.log.statemachine.data.sync.timeout = 10s (default)
2019-11-14 22:48:37,156 [pool-419-thread-1] INFO  server.RaftServerConfigKeys (ConfUtils.java:logGet(43)) - raft.server.log.statemachine.data.sync.timeout.retry = -1 (default)
2019-11-14 22:48:37,156 [pool-419-thread-1] INFO  server.RaftServerConfigKeys (ConfUtils.java:logGet(43)) - raft.server.log.statemachine.data.caching.enabled = true (custom)
2019-11-14 22:48:37,156 [pool-419-thread-1] INFO  segmented.SegmentedRaftLogWorker (SegmentedRaftLogWorker.java:lambda$new$0(128)) - 4327b9a0-f311-4ee4-b5c4-0291d295fd82@group-84B818EA8256-SegmentedRaftLogWorker: flushIndex: setUnconditionally 0 -> -1
2019-11-14 22:48:37,157 [pool-419-thread-1] INFO  server.RaftServerConfigKeys (ConfUtils.java:logGet(43)) - raft.server.snapshot.auto.trigger.enabled = true (custom)
2019-11-14 22:48:37,157 [pool-419-thread-1] INFO  server.RaftServerConfigKeys (ConfUtils.java:logGet(43)) - raft.server.snapshot.auto.trigger.threshold = 10000 (custom)
2019-11-14 22:48:37,157 [pool-419-thread-1] INFO  server.RaftServerConfigKeys (ConfUtils.java:logGet(43)) - raft.server.snapshot.retention.file.num = 5 (custom)
2019-11-14 22:48:37,157 [pool-419-thread-1] INFO  server.RaftServerConfigKeys (ConfUtils.java:logGet(43)) - raft.server.retrycache.expirytime = 600000ms (custom)
2019-11-14 22:48:37,157 [pool-419-thread-1] WARN  impl.MetricRegistriesImpl (MetricRegistriesImpl.java:lambda$create$1(61)) - First MetricRegistry has been created without registering reporters. You may need to call MetricRegistries.global().addReportRegistration(...) before.
2019-11-14 22:48:37,158 [pool-419-thread-1] WARN  impl.MetricRegistriesImpl (MetricRegistriesImpl.java:lambda$create$1(61)) - First MetricRegistry has been created without registering reporters. You may need to call MetricRegistries.global().addReportRegistration(...) before.
2019-11-14 22:48:37,160 [pool-419-thread-1] INFO  impl.RaftServerImpl (RaftServerImpl.java:<init>(98)) - 4327b9a0-f311-4ee4-b5c4-0291d295fd82: new RaftServerImpl for group-C99C8502C91D:[4327b9a0-f311-4ee4-b5c4-0291d295fd82:192.168.69.106:41256] with ContainerStateMachine:uninitialized
2019-11-14 22:48:37,160 [pool-419-thread-1] INFO  server.RaftServerConfigKeys (ConfUtils.java:logGet(43)) - raft.server.rpc.timeout.min = 1s (custom)
2019-11-14 22:48:37,160 [pool-419-thread-1] INFO  server.RaftServerConfigKeys (ConfUtils.java:logGet(43)) - raft.server.rpc.timeout.max = 1200ms (custom)
2019-11-14 22:48:37,161 [pool-419-thread-1] INFO  server.RaftServerConfigKeys (ConfUtils.java:logGet(43)) - raft.server.rpcslowness.timeout = 120s (custom)
2019-11-14 22:48:37,161 [pool-419-thread-1] INFO  server.RaftServerConfigKeys (ConfUtils.java:logGet(43)) - raft.server.sleep.deviation.threshold = 300 (default)
2019-11-14 22:48:37,161 [pool-419-thread-1] INFO  server.RaftServerConfigKeys (ConfUtils.java:logGet(43)) - raft.server.log.appender.install.snapshot.enabled = false (custom)
2019-11-14 22:48:37,161 [pool-419-thread-1] INFO  impl.RaftServerImpl (ServerState.java:<init>(103)) - 4327b9a0-f311-4ee4-b5c4-0291d295fd82@group-C99C8502C91D: ConfigurationManager, init=-1: [4327b9a0-f311-4ee4-b5c4-0291d295fd82:192.168.69.106:41256], old=null, confs=<EMPTY_MAP>
2019-11-14 22:48:37,161 [pool-419-thread-1] INFO  server.RaftServerConfigKeys (ConfUtils.java:logGet(43)) - raft.server.storage.dir = [/workdir/hadoop-ozone/integration-test/target/test-dir/MiniOzoneClusterImpl-cc864e37-e864-4d68-a6c4-66bb4c0b7714/datanode-3/data/ratis] (custom)
2019-11-14 22:48:37,162 [pool-419-thread-1] INFO  server.RaftServerConfigKeys (ConfUtils.java:logGet(43)) - raft.server.log.corruption.policy = EXCEPTION (default)
2019-11-14 22:48:37,162 [pool-419-thread-1] INFO  storage.RaftStorageDirectory (RaftStorageDirectory.java:analyzeStorage(246)) - The storage directory /workdir/hadoop-ozone/integration-test/target/test-dir/MiniOzoneClusterImpl-cc864e37-e864-4d68-a6c4-66bb4c0b7714/datanode-3/data/ratis/93b7f510-858e-4398-a0d9-c99c8502c91d does not exist. Creating ...
2019-11-14 22:48:37,837 [RATISCREATEPIPELINE2] ERROR pipeline.RatisPipelineProvider (RatisPipelineProvider.java:lambda$null$5(230)) - Failed invoke Ratis rpc org.apache.hadoop.hdds.scm.pipeline.RatisPipelineProvider$$Lambda$191/1931911527@6f648eae for 4327b9a0-f311-4ee4-b5c4-0291d295fd82
org.apache.ratis.protocol.TimeoutIOException: deadline exceeded after 2999669398ns
	at org.apache.ratis.grpc.GrpcUtil.tryUnwrapException(GrpcUtil.java:82)
	at org.apache.ratis.grpc.GrpcUtil.unwrapException(GrpcUtil.java:75)
	at org.apache.ratis.grpc.client.GrpcClientProtocolClient.blockingCall(GrpcClientProtocolClient.java:184)
	at org.apache.ratis.grpc.client.GrpcClientProtocolClient.groupAdd(GrpcClientProtocolClient.java:153)
	at org.apache.ratis.grpc.client.GrpcClientRpc.sendRequest(GrpcClientRpc.java:94)
	at org.apache.ratis.client.impl.RaftClientImpl.sendRequest(RaftClientImpl.java:278)
	at org.apache.ratis.client.impl.RaftClientImpl.groupAdd(RaftClientImpl.java:205)
	at org.apache.hadoop.hdds.scm.pipeline.RatisPipelineProvider.lambda$initializePipeline$4(RatisPipelineProvider.java:191)
	at org.apache.hadoop.hdds.scm.pipeline.RatisPipelineProvider.lambda$null$5(RatisPipelineProvider.java:226)
	at java.util.stream.ForEachOps$ForEachOp$OfRef.accept(ForEachOps.java:183)
	at java.util.ArrayList$ArrayListSpliterator.forEachRemaining(ArrayList.java:1382)
	at java.util.stream.AbstractPipeline.copyInto(AbstractPipeline.java:482)
	at java.util.stream.ForEachOps$ForEachTask.compute(ForEachOps.java:290)
	at java.util.concurrent.CountedCompleter.exec(CountedCompleter.java:731)
	at java.util.concurrent.ForkJoinTask.doExec(ForkJoinTask.java:289)
	at java.util.concurrent.ForkJoinTask.doInvoke(ForkJoinTask.java:401)
	at java.util.concurrent.ForkJoinTask.invoke(ForkJoinTask.java:734)
	at java.util.stream.ForEachOps$ForEachOp.evaluateParallel(ForEachOps.java:159)
	at java.util.stream.ForEachOps$ForEachOp$OfRef.evaluateParallel(ForEachOps.java:173)
	at java.util.stream.AbstractPipeline.evaluate(AbstractPipeline.java:233)
	at java.util.stream.ReferencePipeline.forEach(ReferencePipeline.java:485)
	at java.util.stream.ReferencePipeline$Head.forEach(ReferencePipeline.java:650)
	at org.apache.hadoop.hdds.scm.pipeline.RatisPipelineProvider.lambda$callRatisRpc$6(RatisPipelineProvider.java:220)
	at java.util.concurrent.ForkJoinTask$AdaptedRunnableAction.exec(ForkJoinTask.java:1386)
	at java.util.concurrent.ForkJoinTask.doExec(ForkJoinTask.java:289)
	at java.util.concurrent.ForkJoinPool$WorkQueue.runTask(ForkJoinPool.java:1056)
	at java.util.concurrent.ForkJoinPool.runWorker(ForkJoinPool.java:1692)
	at java.util.concurrent.ForkJoinWorkerThread.run(ForkJoinWorkerThread.java:157)
Caused by: org.apache.ratis.thirdparty.io.grpc.StatusRuntimeException: DEADLINE_EXCEEDED: deadline exceeded after 2999669398ns
	at org.apache.ratis.thirdparty.io.grpc.stub.ClientCalls.toStatusRuntimeException(ClientCalls.java:233)
	at org.apache.ratis.thirdparty.io.grpc.stub.ClientCalls.getUnchecked(ClientCalls.java:214)
	at org.apache.ratis.thirdparty.io.grpc.stub.ClientCalls.blockingUnaryCall(ClientCalls.java:139)
	at org.apache.ratis.proto.grpc.AdminProtocolServiceGrpc$AdminProtocolServiceBlockingStub.groupManagement(AdminProtocolServiceGrpc.java:274)
	at org.apache.ratis.grpc.client.GrpcClientProtocolClient.lambda$groupAdd$3(GrpcClientProtocolClient.java:155)
	at org.apache.ratis.grpc.client.GrpcClientProtocolClient.blockingCall(GrpcClientProtocolClient.java:182)
	... 25 more
2019-11-14 22:48:37,845 [grpc-default-executor-8] INFO  impl.RaftServerProxy (RaftServerProxy.java:addNew(89)) - efe5f872-798a-491e-a32c-3b7da58242e1: addNew group-76C8DD8CE2E2:[4327b9a0-f311-4ee4-b5c4-0291d295fd82:192.168.69.106:41256, c80859c9-f21b-4abf-8d4a-e53adb085c0c:192.168.69.106:40401, efe5f872-798a-491e-a32c-3b7da58242e1:192.168.69.106:36375] returns group-76C8DD8CE2E2:java.util.concurrent.CompletableFuture@1fc1c4cd[Not completed]
2019-11-14 22:48:37,845 [grpc-default-executor-5] INFO  impl.RaftServerProxy (RaftServerProxy.java:addNew(89)) - 4327b9a0-f311-4ee4-b5c4-0291d295fd82: addNew group-76C8DD8CE2E2:[4327b9a0-f311-4ee4-b5c4-0291d295fd82:192.168.69.106:41256, c80859c9-f21b-4abf-8d4a-e53adb085c0c:192.168.69.106:40401, efe5f872-798a-491e-a32c-3b7da58242e1:192.168.69.106:36375] returns group-76C8DD8CE2E2:java.util.concurrent.CompletableFuture@53dc0d5[Not completed]
2019-11-14 22:48:37,846 [grpc-default-executor-4] INFO  impl.RaftServerProxy (RaftServerProxy.java:addNew(89)) - c80859c9-f21b-4abf-8d4a-e53adb085c0c: addNew group-76C8DD8CE2E2:[4327b9a0-f311-4ee4-b5c4-0291d295fd82:192.168.69.106:41256, c80859c9-f21b-4abf-8d4a-e53adb085c0c:192.168.69.106:40401, efe5f872-798a-491e-a32c-3b7da58242e1:192.168.69.106:36375] returns group-76C8DD8CE2E2:java.util.concurrent.CompletableFuture@4f886c4b[Not completed]
2019-11-14 22:48:40,741 [pool-429-thread-1] INFO  storage.RaftStorageDirectory (RaftStorageDirectory.java:tryLock(328)) - Lock on /workdir/hadoop-ozone/integration-test/target/test-dir/MiniOzoneClusterImpl-cc864e37-e864-4d68-a6c4-66bb4c0b7714/datanode-4/data/ratis/52ab38f0-094d-4a5d-9b18-c307bab6ac03/in_use.lock acquired by nodename 339@pr-hdds-2494-dtfqw-3996435450
2019-11-14 22:48:40,741 [pool-399-thread-1] INFO  storage.RaftStorageDirectory (RaftStorageDirectory.java:tryLock(328)) - Lock on /workdir/hadoop-ozone/integration-test/target/test-dir/MiniOzoneClusterImpl-cc864e37-e864-4d68-a6c4-66bb4c0b7714/datanode-1/data/ratis/52ab38f0-094d-4a5d-9b18-c307bab6ac03/in_use.lock acquired by nodename 339@pr-hdds-2494-dtfqw-3996435450
2019-11-14 22:48:40,760 [main] INFO  rpc.RpcClient (RpcClient.java:createBucket(431)) - Creating Bucket: datanodefailurehandlingtest/datanodefailurehandlingtest, with Versioning false and Storage Type set to DISK and Encryption set to false 
2019-11-14 22:48:40,849 [RATISCREATEPIPELINE3] ERROR pipeline.RatisPipelineProvider (RatisPipelineProvider.java:lambda$null$5(230)) - Failed invoke Ratis rpc org.apache.hadoop.hdds.scm.pipeline.RatisPipelineProvider$$Lambda$191/1931911527@1f3c9417 for 4327b9a0-f311-4ee4-b5c4-0291d295fd82
org.apache.ratis.protocol.TimeoutIOException: deadline exceeded after 2999893076ns
	at org.apache.ratis.grpc.GrpcUtil.tryUnwrapException(GrpcUtil.java:82)
	at org.apache.ratis.grpc.GrpcUtil.unwrapException(GrpcUtil.java:75)
	at org.apache.ratis.grpc.client.GrpcClientProtocolClient.blockingCall(GrpcClientProtocolClient.java:184)
	at org.apache.ratis.grpc.client.GrpcClientProtocolClient.groupAdd(GrpcClientProtocolClient.java:153)
	at org.apache.ratis.grpc.client.GrpcClientRpc.sendRequest(GrpcClientRpc.java:94)
	at org.apache.ratis.client.impl.RaftClientImpl.sendRequest(RaftClientImpl.java:278)
	at org.apache.ratis.client.impl.RaftClientImpl.groupAdd(RaftClientImpl.java:205)
	at org.apache.hadoop.hdds.scm.pipeline.RatisPipelineProvider.lambda$initializePipeline$4(RatisPipelineProvider.java:191)
	at org.apache.hadoop.hdds.scm.pipeline.RatisPipelineProvider.lambda$null$5(RatisPipelineProvider.java:226)
	at java.util.stream.ForEachOps$ForEachOp$OfRef.accept(ForEachOps.java:183)
	at java.util.ArrayList$ArrayListSpliterator.forEachRemaining(ArrayList.java:1382)
	at java.util.stream.AbstractPipeline.copyInto(AbstractPipeline.java:482)
	at java.util.stream.ForEachOps$ForEachTask.compute(ForEachOps.java:290)
	at java.util.concurrent.CountedCompleter.exec(CountedCompleter.java:731)
	at java.util.concurrent.ForkJoinTask.doExec(ForkJoinTask.java:289)
	at java.util.concurrent.ForkJoinPool$WorkQueue.runTask(ForkJoinPool.java:1056)
	at java.util.concurrent.ForkJoinPool.runWorker(ForkJoinPool.java:1692)
	at java.util.concurrent.ForkJoinWorkerThread.run(ForkJoinWorkerThread.java:157)
Caused by: org.apache.ratis.thirdparty.io.grpc.StatusRuntimeException: DEADLINE_EXCEEDED: deadline exceeded after 2999893076ns
	at org.apache.ratis.thirdparty.io.grpc.stub.ClientCalls.toStatusRuntimeException(ClientCalls.java:233)
	at org.apache.ratis.thirdparty.io.grpc.stub.ClientCalls.getUnchecked(ClientCalls.java:214)
	at org.apache.ratis.thirdparty.io.grpc.stub.ClientCalls.blockingUnaryCall(ClientCalls.java:139)
	at org.apache.ratis.proto.grpc.AdminProtocolServiceGrpc$AdminProtocolServiceBlockingStub.groupManagement(AdminProtocolServiceGrpc.java:274)
	at org.apache.ratis.grpc.client.GrpcClientProtocolClient.lambda$groupAdd$3(GrpcClientProtocolClient.java:155)
	at org.apache.ratis.grpc.client.GrpcClientProtocolClient.blockingCall(GrpcClientProtocolClient.java:182)
	... 15 more
2019-11-14 22:48:40,849 [RATISCREATEPIPELINE0] ERROR pipeline.RatisPipelineProvider (RatisPipelineProvider.java:lambda$null$5(230)) - Failed invoke Ratis rpc org.apache.hadoop.hdds.scm.pipeline.RatisPipelineProvider$$Lambda$191/1931911527@1f3c9417 for c80859c9-f21b-4abf-8d4a-e53adb085c0c
org.apache.ratis.protocol.TimeoutIOException: deadline exceeded after 2999843682ns
	at org.apache.ratis.grpc.GrpcUtil.tryUnwrapException(GrpcUtil.java:82)
	at org.apache.ratis.grpc.GrpcUtil.unwrapException(GrpcUtil.java:75)
	at org.apache.ratis.grpc.client.GrpcClientProtocolClient.blockingCall(GrpcClientProtocolClient.java:184)
	at org.apache.ratis.grpc.client.GrpcClientProtocolClient.groupAdd(GrpcClientProtocolClient.java:153)
	at org.apache.ratis.grpc.client.GrpcClientRpc.sendRequest(GrpcClientRpc.java:94)
	at org.apache.ratis.client.impl.RaftClientImpl.sendRequest(RaftClientImpl.java:278)
	at org.apache.ratis.client.impl.RaftClientImpl.groupAdd(RaftClientImpl.java:205)
	at org.apache.hadoop.hdds.scm.pipeline.RatisPipelineProvider.lambda$initializePipeline$4(RatisPipelineProvider.java:191)
	at org.apache.hadoop.hdds.scm.pipeline.RatisPipelineProvider.lambda$null$5(RatisPipelineProvider.java:226)
	at java.util.stream.ForEachOps$ForEachOp$OfRef.accept(ForEachOps.java:183)
	at java.util.ArrayList$ArrayListSpliterator.forEachRemaining(ArrayList.java:1382)
	at java.util.stream.AbstractPipeline.copyInto(AbstractPipeline.java:482)
	at java.util.stream.ForEachOps$ForEachTask.compute(ForEachOps.java:290)
	at java.util.concurrent.CountedCompleter.exec(CountedCompleter.java:731)
	at java.util.concurrent.ForkJoinTask.doExec(ForkJoinTask.java:289)
	at java.util.concurrent.ForkJoinPool$WorkQueue.runTask(ForkJoinPool.java:1056)
	at java.util.concurrent.ForkJoinPool.runWorker(ForkJoinPool.java:1692)
	at java.util.concurrent.ForkJoinWorkerThread.run(ForkJoinWorkerThread.java:157)
Caused by: org.apache.ratis.thirdparty.io.grpc.StatusRuntimeException: DEADLINE_EXCEEDED: deadline exceeded after 2999843682ns
	at org.apache.ratis.thirdparty.io.grpc.stub.ClientCalls.toStatusRuntimeException(ClientCalls.java:233)
	at org.apache.ratis.thirdparty.io.grpc.stub.ClientCalls.getUnchecked(ClientCalls.java:214)
	at org.apache.ratis.thirdparty.io.grpc.stub.ClientCalls.blockingUnaryCall(ClientCalls.java:139)
	at org.apache.ratis.proto.grpc.AdminProtocolServiceGrpc$AdminProtocolServiceBlockingStub.groupManagement(AdminProtocolServiceGrpc.java:274)
	at org.apache.ratis.grpc.client.GrpcClientProtocolClient.lambda$groupAdd$3(GrpcClientProtocolClient.java:155)
	at org.apache.ratis.grpc.client.GrpcClientProtocolClient.blockingCall(GrpcClientProtocolClient.java:182)
	... 15 more
2019-11-14 22:48:40,849 [RATISCREATEPIPELINE2] ERROR pipeline.RatisPipelineProvider (RatisPipelineProvider.java:lambda$null$5(230)) - Failed invoke Ratis rpc org.apache.hadoop.hdds.scm.pipeline.RatisPipelineProvider$$Lambda$191/1931911527@1f3c9417 for efe5f872-798a-491e-a32c-3b7da58242e1
org.apache.ratis.protocol.TimeoutIOException: deadline exceeded after 2999812574ns
	at org.apache.ratis.grpc.GrpcUtil.tryUnwrapException(GrpcUtil.java:82)
	at org.apache.ratis.grpc.GrpcUtil.unwrapException(GrpcUtil.java:75)
	at org.apache.ratis.grpc.client.GrpcClientProtocolClient.blockingCall(GrpcClientProtocolClient.java:184)
	at org.apache.ratis.grpc.client.GrpcClientProtocolClient.groupAdd(GrpcClientProtocolClient.java:153)
	at org.apache.ratis.grpc.client.GrpcClientRpc.sendRequest(GrpcClientRpc.java:94)
	at org.apache.ratis.client.impl.RaftClientImpl.sendRequest(RaftClientImpl.java:278)
	at org.apache.ratis.client.impl.RaftClientImpl.groupAdd(RaftClientImpl.java:205)
	at org.apache.hadoop.hdds.scm.pipeline.RatisPipelineProvider.lambda$initializePipeline$4(RatisPipelineProvider.java:191)
	at org.apache.hadoop.hdds.scm.pipeline.RatisPipelineProvider.lambda$null$5(RatisPipelineProvider.java:226)
	at java.util.stream.ForEachOps$ForEachOp$OfRef.accept(ForEachOps.java:183)
	at java.util.ArrayList$ArrayListSpliterator.forEachRemaining(ArrayList.java:1382)
	at java.util.stream.AbstractPipeline.copyInto(AbstractPipeline.java:482)
	at java.util.stream.ForEachOps$ForEachTask.compute(ForEachOps.java:290)
	at java.util.concurrent.CountedCompleter.exec(CountedCompleter.java:731)
	at java.util.concurrent.ForkJoinTask.doExec(ForkJoinTask.java:289)
	at java.util.concurrent.ForkJoinTask.doInvoke(ForkJoinTask.java:401)
	at java.util.concurrent.ForkJoinTask.invoke(ForkJoinTask.java:734)
	at java.util.stream.ForEachOps$ForEachOp.evaluateParallel(ForEachOps.java:159)
	at java.util.stream.ForEachOps$ForEachOp$OfRef.evaluateParallel(ForEachOps.java:173)
	at java.util.stream.AbstractPipeline.evaluate(AbstractPipeline.java:233)
	at java.util.stream.ReferencePipeline.forEach(ReferencePipeline.java:485)
	at java.util.stream.ReferencePipeline$Head.forEach(ReferencePipeline.java:650)
	at org.apache.hadoop.hdds.scm.pipeline.RatisPipelineProvider.lambda$callRatisRpc$6(RatisPipelineProvider.java:220)
	at java.util.concurrent.ForkJoinTask$AdaptedRunnableAction.exec(ForkJoinTask.java:1386)
	at java.util.concurrent.ForkJoinTask.doExec(ForkJoinTask.java:289)
	at java.util.concurrent.ForkJoinPool$WorkQueue.runTask(ForkJoinPool.java:1056)
	at java.util.concurrent.ForkJoinPool.runWorker(ForkJoinPool.java:1692)
	at java.util.concurrent.ForkJoinWorkerThread.run(ForkJoinWorkerThread.java:157)
Caused by: org.apache.ratis.thirdparty.io.grpc.StatusRuntimeException: DEADLINE_EXCEEDED: deadline exceeded after 2999812574ns
	at org.apache.ratis.thirdparty.io.grpc.stub.ClientCalls.toStatusRuntimeException(ClientCalls.java:233)
	at org.apache.ratis.thirdparty.io.grpc.stub.ClientCalls.getUnchecked(ClientCalls.java:214)
	at org.apache.ratis.thirdparty.io.grpc.stub.ClientCalls.blockingUnaryCall(ClientCalls.java:139)
	at org.apache.ratis.proto.grpc.AdminProtocolServiceGrpc$AdminProtocolServiceBlockingStub.groupManagement(AdminProtocolServiceGrpc.java:274)
	at org.apache.ratis.grpc.client.GrpcClientProtocolClient.lambda$groupAdd$3(GrpcClientProtocolClient.java:155)
	at org.apache.ratis.grpc.client.GrpcClientProtocolClient.blockingCall(GrpcClientProtocolClient.java:182)
	... 25 more
2019-11-14 22:48:43,167 [pool-419-thread-1] INFO  storage.RaftStorageDirectory (RaftStorageDirectory.java:tryLock(328)) - Lock on /workdir/hadoop-ozone/integration-test/target/test-dir/MiniOzoneClusterImpl-cc864e37-e864-4d68-a6c4-66bb4c0b7714/datanode-3/data/ratis/93b7f510-858e-4398-a0d9-c99c8502c91d/in_use.lock acquired by nodename 339@pr-hdds-2494-dtfqw-3996435450
2019-11-14 22:48:45,500 [grpc-default-executor-6] INFO  impl.RaftServerProxy (RaftServerProxy.java:addNew(89)) - c80859c9-f21b-4abf-8d4a-e53adb085c0c: addNew group-6A9929AA4DE2:[4327b9a0-f311-4ee4-b5c4-0291d295fd82:192.168.69.106:41256, c80859c9-f21b-4abf-8d4a-e53adb085c0c:192.168.69.106:40401, efe5f872-798a-491e-a32c-3b7da58242e1:192.168.69.106:36375] returns group-6A9929AA4DE2:java.util.concurrent.CompletableFuture@634a5e34[Not completed]
2019-11-14 22:48:45,500 [grpc-default-executor-4] INFO  impl.RaftServerProxy (RaftServerProxy.java:addNew(89)) - efe5f872-798a-491e-a32c-3b7da58242e1: addNew group-6A9929AA4DE2:[4327b9a0-f311-4ee4-b5c4-0291d295fd82:192.168.69.106:41256, c80859c9-f21b-4abf-8d4a-e53adb085c0c:192.168.69.106:40401, efe5f872-798a-491e-a32c-3b7da58242e1:192.168.69.106:36375] returns group-6A9929AA4DE2:java.util.concurrent.CompletableFuture@4cb83cea[Not completed]
2019-11-14 22:48:45,500 [grpc-default-executor-5] INFO  impl.RaftServerProxy (RaftServerProxy.java:addNew(89)) - 4327b9a0-f311-4ee4-b5c4-0291d295fd82: addNew group-6A9929AA4DE2:[4327b9a0-f311-4ee4-b5c4-0291d295fd82:192.168.69.106:41256, c80859c9-f21b-4abf-8d4a-e53adb085c0c:192.168.69.106:40401, efe5f872-798a-491e-a32c-3b7da58242e1:192.168.69.106:36375] returns group-6A9929AA4DE2:java.util.concurrent.CompletableFuture@509fda6c[Not completed]
2019-11-14 22:48:45,500 [pool-399-thread-1] INFO  storage.RaftStorage (RaftStorage.java:format(84)) - Storage directory /workdir/hadoop-ozone/integration-test/target/test-dir/MiniOzoneClusterImpl-cc864e37-e864-4d68-a6c4-66bb4c0b7714/datanode-1/data/ratis/52ab38f0-094d-4a5d-9b18-c307bab6ac03 has been successfully formatted.
2019-11-14 22:48:45,500 [pool-429-thread-1] INFO  storage.RaftStorage (RaftStorage.java:format(84)) - Storage directory /workdir/hadoop-ozone/integration-test/target/test-dir/MiniOzoneClusterImpl-cc864e37-e864-4d68-a6c4-66bb4c0b7714/datanode-4/data/ratis/52ab38f0-094d-4a5d-9b18-c307bab6ac03 has been successfully formatted.
2019-11-14 22:48:45,501 [pool-429-thread-1] INFO  ratis.ContainerStateMachine (ContainerStateMachine.java:loadSnapshot(223)) - group-C307BAB6AC03: The snapshot info is null. Setting the last applied indexto:(t:0, i:~)
2019-11-14 22:48:45,501 [pool-399-thread-1] INFO  ratis.ContainerStateMachine (ContainerStateMachine.java:loadSnapshot(223)) - group-C307BAB6AC03: The snapshot info is null. Setting the last applied indexto:(t:0, i:~)
2019-11-14 22:48:45,501 [pool-429-thread-1] INFO  server.RaftServerConfigKeys (ConfUtils.java:logGet(43)) - raft.server.notification.no-leader.timeout = 120s (custom)
2019-11-14 22:48:45,501 [pool-399-thread-1] INFO  server.RaftServerConfigKeys (ConfUtils.java:logGet(43)) - raft.server.notification.no-leader.timeout = 120s (custom)
2019-11-14 22:48:45,501 [pool-429-thread-1] INFO  server.RaftServerConfigKeys (ConfUtils.java:logGet(43)) - raft.server.log.use.memory = false (default)
2019-11-14 22:48:45,502 [pool-399-thread-1] INFO  server.RaftServerConfigKeys (ConfUtils.java:logGet(43)) - raft.server.log.use.memory = false (default)
2019-11-14 22:48:45,502 [pool-429-thread-1] INFO  server.RaftServerConfigKeys (ConfUtils.java:logGet(43)) - raft.server.log.purge.gap = 1000000 (custom)
2019-11-14 22:48:45,502 [pool-399-thread-1] INFO  server.RaftServerConfigKeys (ConfUtils.java:logGet(43)) - raft.server.log.purge.gap = 1000000 (custom)
2019-11-14 22:48:45,502 [pool-429-thread-1] INFO  server.RaftServerConfigKeys (ConfUtils.java:logGet(43)) - raft.server.log.appender.buffer.byte-limit = 33554432 (custom)
2019-11-14 22:48:45,502 [pool-399-thread-1] INFO  server.RaftServerConfigKeys (ConfUtils.java:logGet(43)) - raft.server.log.appender.buffer.byte-limit = 33554432 (custom)
2019-11-14 22:48:45,502 [pool-429-thread-1] INFO  server.RaftServerConfigKeys (ConfUtils.java:logGet(43)) - raft.server.log.segment.size.max = 1048576 (custom)
2019-11-14 22:48:45,502 [pool-399-thread-1] INFO  server.RaftServerConfigKeys (ConfUtils.java:logGet(43)) - raft.server.log.segment.size.max = 1048576 (custom)
2019-11-14 22:48:45,502 [pool-429-thread-1] INFO  server.RaftServerConfigKeys (ConfUtils.java:logGet(43)) - raft.server.log.segment.cache.num.max = 2 (custom)
2019-11-14 22:48:45,502 [pool-399-thread-1] INFO  server.RaftServerConfigKeys (ConfUtils.java:logGet(43)) - raft.server.log.segment.cache.num.max = 2 (custom)
2019-11-14 22:48:45,502 [pool-429-thread-1] INFO  segmented.SegmentedRaftLogWorker (SegmentedRaftLogWorker.java:<init>(173)) - new c80859c9-f21b-4abf-8d4a-e53adb085c0c@group-C307BAB6AC03-SegmentedRaftLogWorker for RaftStorage:Storage Directory /workdir/hadoop-ozone/integration-test/target/test-dir/MiniOzoneClusterImpl-cc864e37-e864-4d68-a6c4-66bb4c0b7714/datanode-4/data/ratis/52ab38f0-094d-4a5d-9b18-c307bab6ac03
2019-11-14 22:48:45,503 [pool-399-thread-1] INFO  segmented.SegmentedRaftLogWorker (SegmentedRaftLogWorker.java:<init>(173)) - new efe5f872-798a-491e-a32c-3b7da58242e1@group-C307BAB6AC03-SegmentedRaftLogWorker for RaftStorage:Storage Directory /workdir/hadoop-ozone/integration-test/target/test-dir/MiniOzoneClusterImpl-cc864e37-e864-4d68-a6c4-66bb4c0b7714/datanode-1/data/ratis/52ab38f0-094d-4a5d-9b18-c307bab6ac03
2019-11-14 22:48:45,503 [pool-429-thread-1] INFO  server.RaftServerConfigKeys (ConfUtils.java:logGet(43)) - raft.server.log.queue.byte-limit = 2147483647 (custom)
2019-11-14 22:48:45,503 [pool-399-thread-1] INFO  server.RaftServerConfigKeys (ConfUtils.java:logGet(43)) - raft.server.log.queue.byte-limit = 2147483647 (custom)
2019-11-14 22:48:45,503 [pool-429-thread-1] INFO  server.RaftServerConfigKeys (ConfUtils.java:logGet(43)) - raft.server.log.queue.element-limit = 1024 (custom)
2019-11-14 22:48:45,503 [pool-399-thread-1] INFO  server.RaftServerConfigKeys (ConfUtils.java:logGet(43)) - raft.server.log.queue.element-limit = 1024 (custom)
2019-11-14 22:48:45,503 [pool-429-thread-1] INFO  server.RaftServerConfigKeys (ConfUtils.java:logGet(43)) - raft.server.log.segment.size.max = 1048576 (custom)
2019-11-14 22:48:45,503 [pool-399-thread-1] INFO  server.RaftServerConfigKeys (ConfUtils.java:logGet(43)) - raft.server.log.segment.size.max = 1048576 (custom)
2019-11-14 22:48:45,503 [pool-429-thread-1] INFO  server.RaftServerConfigKeys (ConfUtils.java:logGet(43)) - raft.server.log.preallocated.size = 16384 (custom)
2019-11-14 22:48:45,503 [pool-399-thread-1] INFO  server.RaftServerConfigKeys (ConfUtils.java:logGet(43)) - raft.server.log.preallocated.size = 16384 (custom)
2019-11-14 22:48:45,503 [pool-429-thread-1] INFO  server.RaftServerConfigKeys (ConfUtils.java:logGet(43)) - raft.server.log.write.buffer.size = 33554432 (custom)
2019-11-14 22:48:45,504 [pool-399-thread-1] INFO  server.RaftServerConfigKeys (ConfUtils.java:logGet(43)) - raft.server.log.write.buffer.size = 33554432 (custom)
2019-11-14 22:48:45,504 [pool-429-thread-1] INFO  server.RaftServerConfigKeys (ConfUtils.java:logGet(43)) - raft.server.log.force.sync.num = 128 (default)
2019-11-14 22:48:45,504 [pool-399-thread-1] INFO  server.RaftServerConfigKeys (ConfUtils.java:logGet(43)) - raft.server.log.force.sync.num = 128 (default)
2019-11-14 22:48:45,504 [pool-429-thread-1] INFO  server.RaftServerConfigKeys (ConfUtils.java:logGet(43)) - raft.server.log.statemachine.data.sync = true (default)
2019-11-14 22:48:45,504 [pool-399-thread-1] INFO  server.RaftServerConfigKeys (ConfUtils.java:logGet(43)) - raft.server.log.statemachine.data.sync = true (default)
2019-11-14 22:48:45,504 [pool-429-thread-1] INFO  server.RaftServerConfigKeys (ConfUtils.java:logGet(43)) - raft.server.log.statemachine.data.sync.timeout = 10s (default)
2019-11-14 22:48:45,504 [pool-399-thread-1] INFO  server.RaftServerConfigKeys (ConfUtils.java:logGet(43)) - raft.server.log.statemachine.data.sync.timeout = 10s (default)
2019-11-14 22:48:45,504 [pool-429-thread-1] INFO  server.RaftServerConfigKeys (ConfUtils.java:logGet(43)) - raft.server.log.statemachine.data.sync.timeout.retry = -1 (default)
2019-11-14 22:48:45,504 [pool-399-thread-1] INFO  server.RaftServerConfigKeys (ConfUtils.java:logGet(43)) - raft.server.log.statemachine.data.sync.timeout.retry = -1 (default)
2019-11-14 22:48:45,505 [pool-429-thread-1] INFO  server.RaftServerConfigKeys (ConfUtils.java:logGet(43)) - raft.server.log.statemachine.data.caching.enabled = true (custom)
2019-11-14 22:48:45,505 [pool-399-thread-1] INFO  server.RaftServerConfigKeys (ConfUtils.java:logGet(43)) - raft.server.log.statemachine.data.caching.enabled = true (custom)
2019-11-14 22:48:45,505 [pool-429-thread-1] INFO  segmented.SegmentedRaftLogWorker (SegmentedRaftLogWorker.java:lambda$new$0(128)) - c80859c9-f21b-4abf-8d4a-e53adb085c0c@group-C307BAB6AC03-SegmentedRaftLogWorker: flushIndex: setUnconditionally 0 -> -1
2019-11-14 22:48:45,505 [pool-399-thread-1] INFO  segmented.SegmentedRaftLogWorker (SegmentedRaftLogWorker.java:lambda$new$0(128)) - efe5f872-798a-491e-a32c-3b7da58242e1@group-C307BAB6AC03-SegmentedRaftLogWorker: flushIndex: setUnconditionally 0 -> -1
2019-11-14 22:48:45,505 [pool-429-thread-1] INFO  server.RaftServerConfigKeys (ConfUtils.java:logGet(43)) - raft.server.snapshot.auto.trigger.enabled = true (custom)
2019-11-14 22:48:45,505 [pool-429-thread-1] INFO  server.RaftServerConfigKeys (ConfUtils.java:logGet(43)) - raft.server.snapshot.auto.trigger.threshold = 10000 (custom)
2019-11-14 22:48:45,505 [pool-399-thread-1] INFO  server.RaftServerConfigKeys (ConfUtils.java:logGet(43)) - raft.server.snapshot.auto.trigger.enabled = true (custom)
2019-11-14 22:48:45,505 [pool-429-thread-1] INFO  server.RaftServerConfigKeys (ConfUtils.java:logGet(43)) - raft.server.snapshot.retention.file.num = 5 (custom)
2019-11-14 22:48:45,505 [pool-399-thread-1] INFO  server.RaftServerConfigKeys (ConfUtils.java:logGet(43)) - raft.server.snapshot.auto.trigger.threshold = 10000 (custom)
2019-11-14 22:48:45,505 [pool-429-thread-1] INFO  server.RaftServerConfigKeys (ConfUtils.java:logGet(43)) - raft.server.retrycache.expirytime = 600000ms (custom)
2019-11-14 22:48:45,506 [pool-399-thread-1] INFO  server.RaftServerConfigKeys (ConfUtils.java:logGet(43)) - raft.server.snapshot.retention.file.num = 5 (custom)
2019-11-14 22:48:45,506 [pool-429-thread-1] WARN  impl.MetricRegistriesImpl (MetricRegistriesImpl.java:lambda$create$1(61)) - First MetricRegistry has been created without registering reporters. You may need to call MetricRegistries.global().addReportRegistration(...) before.
2019-11-14 22:48:45,506 [pool-399-thread-1] INFO  server.RaftServerConfigKeys (ConfUtils.java:logGet(43)) - raft.server.retrycache.expirytime = 600000ms (custom)
2019-11-14 22:48:45,506 [pool-429-thread-1] WARN  impl.MetricRegistriesImpl (MetricRegistriesImpl.java:lambda$create$1(61)) - First MetricRegistry has been created without registering reporters. You may need to call MetricRegistries.global().addReportRegistration(...) before.
2019-11-14 22:48:45,506 [pool-399-thread-1] WARN  impl.MetricRegistriesImpl (MetricRegistriesImpl.java:lambda$create$1(61)) - First MetricRegistry has been created without registering reporters. You may need to call MetricRegistries.global().addReportRegistration(...) before.
2019-11-14 22:48:45,506 [pool-429-thread-1] INFO  impl.RaftServerImpl (RaftServerImpl.java:start(184)) - c80859c9-f21b-4abf-8d4a-e53adb085c0c@group-84B818EA8256: start as a follower, conf=-1: [4327b9a0-f311-4ee4-b5c4-0291d295fd82:192.168.69.106:41256, c80859c9-f21b-4abf-8d4a-e53adb085c0c:192.168.69.106:40401, efe5f872-798a-491e-a32c-3b7da58242e1:192.168.69.106:36375], old=null
2019-11-14 22:48:45,506 [pool-399-thread-1] WARN  impl.MetricRegistriesImpl (MetricRegistriesImpl.java:lambda$create$1(61)) - First MetricRegistry has been created without registering reporters. You may need to call MetricRegistries.global().addReportRegistration(...) before.
2019-11-14 22:48:45,506 [pool-429-thread-1] INFO  impl.RaftServerImpl (RaftServerImpl.java:setRole(173)) - c80859c9-f21b-4abf-8d4a-e53adb085c0c@group-84B818EA8256: changes role from      null to FOLLOWER at term 0 for startAsFollower
2019-11-14 22:48:45,507 [pool-429-thread-1] INFO  impl.RoleInfo (RoleInfo.java:updateAndGet(143)) - c80859c9-f21b-4abf-8d4a-e53adb085c0c: start FollowerState
2019-11-14 22:48:45,507 [pool-399-thread-1] INFO  impl.RaftServerImpl (RaftServerImpl.java:start(184)) - efe5f872-798a-491e-a32c-3b7da58242e1@group-84B818EA8256: start as a follower, conf=-1: [4327b9a0-f311-4ee4-b5c4-0291d295fd82:192.168.69.106:41256, c80859c9-f21b-4abf-8d4a-e53adb085c0c:192.168.69.106:40401, efe5f872-798a-491e-a32c-3b7da58242e1:192.168.69.106:36375], old=null
2019-11-14 22:48:45,507 [pool-399-thread-1] INFO  impl.RaftServerImpl (RaftServerImpl.java:setRole(173)) - efe5f872-798a-491e-a32c-3b7da58242e1@group-84B818EA8256: changes role from      null to FOLLOWER at term 0 for startAsFollower
2019-11-14 22:48:45,507 [pool-399-thread-1] INFO  impl.RoleInfo (RoleInfo.java:updateAndGet(143)) - efe5f872-798a-491e-a32c-3b7da58242e1: start FollowerState
2019-11-14 22:48:45,507 [pool-429-thread-1] INFO  util.JmxRegister (JmxRegister.java:tryRegister(44)) - Successfully registered JMX Bean with object name Ratis:service=RaftServer,group=group-84B818EA8256,id=c80859c9-f21b-4abf-8d4a-e53adb085c0c
2019-11-14 22:48:45,507 [pool-429-thread-1] WARN  impl.MetricRegistriesImpl (MetricRegistriesImpl.java:lambda$create$1(61)) - First MetricRegistry has been created without registering reporters. You may need to call MetricRegistries.global().addReportRegistration(...) before.
2019-11-14 22:48:45,508 [pool-399-thread-1] INFO  util.JmxRegister (JmxRegister.java:tryRegister(44)) - Successfully registered JMX Bean with object name Ratis:service=RaftServer,group=group-84B818EA8256,id=efe5f872-798a-491e-a32c-3b7da58242e1
2019-11-14 22:48:45,508 [pool-399-thread-1] WARN  impl.MetricRegistriesImpl (MetricRegistriesImpl.java:lambda$create$1(61)) - First MetricRegistry has been created without registering reporters. You may need to call MetricRegistries.global().addReportRegistration(...) before.
2019-11-14 22:48:45,510 [pool-429-thread-1] INFO  impl.RaftServerImpl (RaftServerImpl.java:<init>(98)) - c80859c9-f21b-4abf-8d4a-e53adb085c0c: new RaftServerImpl for group-76C8DD8CE2E2:[4327b9a0-f311-4ee4-b5c4-0291d295fd82:192.168.69.106:41256, c80859c9-f21b-4abf-8d4a-e53adb085c0c:192.168.69.106:40401, efe5f872-798a-491e-a32c-3b7da58242e1:192.168.69.106:36375] with ContainerStateMachine:uninitialized
2019-11-14 22:48:45,510 [pool-429-thread-1] INFO  server.RaftServerConfigKeys (ConfUtils.java:logGet(43)) - raft.server.rpc.timeout.min = 1s (custom)
2019-11-14 22:48:45,510 [pool-429-thread-1] INFO  server.RaftServerConfigKeys (ConfUtils.java:logGet(43)) - raft.server.rpc.timeout.max = 1200ms (custom)
2019-11-14 22:48:45,510 [pool-429-thread-1] INFO  server.RaftServerConfigKeys (ConfUtils.java:logGet(43)) - raft.server.rpcslowness.timeout = 120s (custom)
2019-11-14 22:48:45,510 [pool-429-thread-1] INFO  server.RaftServerConfigKeys (ConfUtils.java:logGet(43)) - raft.server.sleep.deviation.threshold = 300 (default)
2019-11-14 22:48:45,510 [pool-429-thread-1] INFO  server.RaftServerConfigKeys (ConfUtils.java:logGet(43)) - raft.server.log.appender.install.snapshot.enabled = false (custom)
2019-11-14 22:48:45,510 [pool-429-thread-1] INFO  impl.RaftServerImpl (ServerState.java:<init>(103)) - c80859c9-f21b-4abf-8d4a-e53adb085c0c@group-76C8DD8CE2E2: ConfigurationManager, init=-1: [4327b9a0-f311-4ee4-b5c4-0291d295fd82:192.168.69.106:41256, c80859c9-f21b-4abf-8d4a-e53adb085c0c:192.168.69.106:40401, efe5f872-798a-491e-a32c-3b7da58242e1:192.168.69.106:36375], old=null, confs=<EMPTY_MAP>
2019-11-14 22:48:45,510 [pool-429-thread-1] INFO  server.RaftServerConfigKeys (ConfUtils.java:logGet(43)) - raft.server.storage.dir = [/workdir/hadoop-ozone/integration-test/target/test-dir/MiniOzoneClusterImpl-cc864e37-e864-4d68-a6c4-66bb4c0b7714/datanode-4/data/ratis] (custom)
2019-11-14 22:48:45,510 [pool-399-thread-1] INFO  impl.RaftServerImpl (RaftServerImpl.java:<init>(98)) - efe5f872-798a-491e-a32c-3b7da58242e1: new RaftServerImpl for group-76C8DD8CE2E2:[4327b9a0-f311-4ee4-b5c4-0291d295fd82:192.168.69.106:41256, c80859c9-f21b-4abf-8d4a-e53adb085c0c:192.168.69.106:40401, efe5f872-798a-491e-a32c-3b7da58242e1:192.168.69.106:36375] with ContainerStateMachine:uninitialized
2019-11-14 22:48:45,511 [pool-429-thread-1] INFO  server.RaftServerConfigKeys (ConfUtils.java:logGet(43)) - raft.server.log.corruption.policy = EXCEPTION (default)
2019-11-14 22:48:45,511 [pool-399-thread-1] INFO  server.RaftServerConfigKeys (ConfUtils.java:logGet(43)) - raft.server.rpc.timeout.min = 1s (custom)
2019-11-14 22:48:45,511 [pool-429-thread-1] INFO  storage.RaftStorageDirectory (RaftStorageDirectory.java:analyzeStorage(246)) - The storage directory /workdir/hadoop-ozone/integration-test/target/test-dir/MiniOzoneClusterImpl-cc864e37-e864-4d68-a6c4-66bb4c0b7714/datanode-4/data/ratis/afcaeb6c-c12e-41fb-85fd-76c8dd8ce2e2 does not exist. Creating ...
2019-11-14 22:48:45,511 [pool-399-thread-1] INFO  server.RaftServerConfigKeys (ConfUtils.java:logGet(43)) - raft.server.rpc.timeout.max = 1200ms (custom)
2019-11-14 22:48:45,511 [pool-399-thread-1] INFO  server.RaftServerConfigKeys (ConfUtils.java:logGet(43)) - raft.server.rpcslowness.timeout = 120s (custom)
2019-11-14 22:48:45,511 [pool-399-thread-1] INFO  server.RaftServerConfigKeys (ConfUtils.java:logGet(43)) - raft.server.sleep.deviation.threshold = 300 (default)
2019-11-14 22:48:45,511 [pool-399-thread-1] INFO  server.RaftServerConfigKeys (ConfUtils.java:logGet(43)) - raft.server.log.appender.install.snapshot.enabled = false (custom)
2019-11-14 22:48:45,512 [pool-399-thread-1] INFO  impl.RaftServerImpl (ServerState.java:<init>(103)) - efe5f872-798a-491e-a32c-3b7da58242e1@group-76C8DD8CE2E2: ConfigurationManager, init=-1: [4327b9a0-f311-4ee4-b5c4-0291d295fd82:192.168.69.106:41256, c80859c9-f21b-4abf-8d4a-e53adb085c0c:192.168.69.106:40401, efe5f872-798a-491e-a32c-3b7da58242e1:192.168.69.106:36375], old=null, confs=<EMPTY_MAP>
2019-11-14 22:48:45,512 [pool-399-thread-1] INFO  server.RaftServerConfigKeys (ConfUtils.java:logGet(43)) - raft.server.storage.dir = [/workdir/hadoop-ozone/integration-test/target/test-dir/MiniOzoneClusterImpl-cc864e37-e864-4d68-a6c4-66bb4c0b7714/datanode-1/data/ratis] (custom)
2019-11-14 22:48:45,512 [pool-399-thread-1] INFO  server.RaftServerConfigKeys (ConfUtils.java:logGet(43)) - raft.server.log.corruption.policy = EXCEPTION (default)
2019-11-14 22:48:45,512 [pool-399-thread-1] INFO  storage.RaftStorageDirectory (RaftStorageDirectory.java:analyzeStorage(246)) - The storage directory /workdir/hadoop-ozone/integration-test/target/test-dir/MiniOzoneClusterImpl-cc864e37-e864-4d68-a6c4-66bb4c0b7714/datanode-1/data/ratis/afcaeb6c-c12e-41fb-85fd-76c8dd8ce2e2 does not exist. Creating ...
2019-11-14 22:48:46,561 [Thread-3061] INFO  impl.FollowerState (FollowerState.java:run(111)) - efe5f872-798a-491e-a32c-3b7da58242e1@group-84B818EA8256-FollowerState: change to CANDIDATE, lastRpcTime:1053ms, electionTimeout:1053ms
2019-11-14 22:48:46,561 [Thread-3061] INFO  impl.RoleInfo (RoleInfo.java:shutdownFollowerState(121)) - efe5f872-798a-491e-a32c-3b7da58242e1: shutdown FollowerState
2019-11-14 22:48:46,561 [Thread-3061] INFO  impl.RaftServerImpl (RaftServerImpl.java:setRole(173)) - efe5f872-798a-491e-a32c-3b7da58242e1@group-84B818EA8256: changes role from  FOLLOWER to CANDIDATE at term 0 for changeToCandidate
2019-11-14 22:48:46,561 [Thread-3061] INFO  impl.RoleInfo (RoleInfo.java:updateAndGet(143)) - efe5f872-798a-491e-a32c-3b7da58242e1: start LeaderElection
2019-11-14 22:48:46,615 [Thread-3060] INFO  impl.FollowerState (FollowerState.java:run(111)) - c80859c9-f21b-4abf-8d4a-e53adb085c0c@group-84B818EA8256-FollowerState: change to CANDIDATE, lastRpcTime:1108ms, electionTimeout:1108ms
2019-11-14 22:48:46,615 [Thread-3060] INFO  impl.RoleInfo (RoleInfo.java:shutdownFollowerState(121)) - c80859c9-f21b-4abf-8d4a-e53adb085c0c: shutdown FollowerState
2019-11-14 22:48:46,615 [Thread-3060] INFO  impl.RaftServerImpl (RaftServerImpl.java:setRole(173)) - c80859c9-f21b-4abf-8d4a-e53adb085c0c@group-84B818EA8256: changes role from  FOLLOWER to CANDIDATE at term 0 for changeToCandidate
2019-11-14 22:48:46,616 [Thread-3060] INFO  impl.RoleInfo (RoleInfo.java:updateAndGet(143)) - c80859c9-f21b-4abf-8d4a-e53adb085c0c: start LeaderElection
2019-11-14 22:48:46,762 [pool-419-thread-1] INFO  storage.RaftStorage (RaftStorage.java:format(84)) - Storage directory /workdir/hadoop-ozone/integration-test/target/test-dir/MiniOzoneClusterImpl-cc864e37-e864-4d68-a6c4-66bb4c0b7714/datanode-3/data/ratis/93b7f510-858e-4398-a0d9-c99c8502c91d has been successfully formatted.
2019-11-14 22:48:46,763 [pool-419-thread-1] INFO  ratis.ContainerStateMachine (ContainerStateMachine.java:loadSnapshot(223)) - group-C99C8502C91D: The snapshot info is null. Setting the last applied indexto:(t:0, i:~)
2019-11-14 22:48:46,763 [pool-419-thread-1] INFO  server.RaftServerConfigKeys (ConfUtils.java:logGet(43)) - raft.server.notification.no-leader.timeout = 120s (custom)
2019-11-14 22:48:46,763 [pool-419-thread-1] INFO  server.RaftServerConfigKeys (ConfUtils.java:logGet(43)) - raft.server.log.use.memory = false (default)
2019-11-14 22:48:46,763 [pool-419-thread-1] INFO  server.RaftServerConfigKeys (ConfUtils.java:logGet(43)) - raft.server.log.purge.gap = 1000000 (custom)
2019-11-14 22:48:46,764 [pool-419-thread-1] INFO  server.RaftServerConfigKeys (ConfUtils.java:logGet(43)) - raft.server.log.appender.buffer.byte-limit = 33554432 (custom)
2019-11-14 22:48:46,764 [pool-419-thread-1] INFO  server.RaftServerConfigKeys (ConfUtils.java:logGet(43)) - raft.server.log.segment.size.max = 1048576 (custom)
2019-11-14 22:48:46,764 [pool-419-thread-1] INFO  server.RaftServerConfigKeys (ConfUtils.java:logGet(43)) - raft.server.log.segment.cache.num.max = 2 (custom)
2019-11-14 22:48:46,764 [pool-419-thread-1] INFO  segmented.SegmentedRaftLogWorker (SegmentedRaftLogWorker.java:<init>(173)) - new 4327b9a0-f311-4ee4-b5c4-0291d295fd82@group-C99C8502C91D-SegmentedRaftLogWorker for RaftStorage:Storage Directory /workdir/hadoop-ozone/integration-test/target/test-dir/MiniOzoneClusterImpl-cc864e37-e864-4d68-a6c4-66bb4c0b7714/datanode-3/data/ratis/93b7f510-858e-4398-a0d9-c99c8502c91d
2019-11-14 22:48:46,764 [pool-419-thread-1] INFO  server.RaftServerConfigKeys (ConfUtils.java:logGet(43)) - raft.server.log.queue.byte-limit = 2147483647 (custom)
2019-11-14 22:48:46,764 [pool-419-thread-1] INFO  server.RaftServerConfigKeys (ConfUtils.java:logGet(43)) - raft.server.log.queue.element-limit = 1024 (custom)
2019-11-14 22:48:46,764 [pool-419-thread-1] INFO  server.RaftServerConfigKeys (ConfUtils.java:logGet(43)) - raft.server.log.segment.size.max = 1048576 (custom)
2019-11-14 22:48:46,764 [pool-419-thread-1] INFO  server.RaftServerConfigKeys (ConfUtils.java:logGet(43)) - raft.server.log.preallocated.size = 16384 (custom)
2019-11-14 22:48:46,764 [pool-419-thread-1] INFO  server.RaftServerConfigKeys (ConfUtils.java:logGet(43)) - raft.server.log.write.buffer.size = 33554432 (custom)
2019-11-14 22:48:46,765 [pool-419-thread-1] INFO  server.RaftServerConfigKeys (ConfUtils.java:logGet(43)) - raft.server.log.force.sync.num = 128 (default)
2019-11-14 22:48:46,765 [pool-419-thread-1] INFO  server.RaftServerConfigKeys (ConfUtils.java:logGet(43)) - raft.server.log.statemachine.data.sync = true (default)
2019-11-14 22:48:46,765 [pool-419-thread-1] INFO  server.RaftServerConfigKeys (ConfUtils.java:logGet(43)) - raft.server.log.statemachine.data.sync.timeout = 10s (default)
2019-11-14 22:48:46,765 [pool-419-thread-1] INFO  server.RaftServerConfigKeys (ConfUtils.java:logGet(43)) - raft.server.log.statemachine.data.sync.timeout.retry = -1 (default)
2019-11-14 22:48:46,765 [pool-419-thread-1] INFO  server.RaftServerConfigKeys (ConfUtils.java:logGet(43)) - raft.server.log.statemachine.data.caching.enabled = true (custom)
2019-11-14 22:48:46,765 [pool-419-thread-1] INFO  segmented.SegmentedRaftLogWorker (SegmentedRaftLogWorker.java:lambda$new$0(128)) - 4327b9a0-f311-4ee4-b5c4-0291d295fd82@group-C99C8502C91D-SegmentedRaftLogWorker: flushIndex: setUnconditionally 0 -> -1
2019-11-14 22:48:46,766 [pool-419-thread-1] INFO  server.RaftServerConfigKeys (ConfUtils.java:logGet(43)) - raft.server.snapshot.auto.trigger.enabled = true (custom)
2019-11-14 22:48:46,766 [pool-419-thread-1] INFO  server.RaftServerConfigKeys (ConfUtils.java:logGet(43)) - raft.server.snapshot.auto.trigger.threshold = 10000 (custom)
2019-11-14 22:48:46,766 [pool-419-thread-1] INFO  server.RaftServerConfigKeys (ConfUtils.java:logGet(43)) - raft.server.snapshot.retention.file.num = 5 (custom)
2019-11-14 22:48:46,766 [pool-419-thread-1] INFO  server.RaftServerConfigKeys (ConfUtils.java:logGet(43)) - raft.server.retrycache.expirytime = 600000ms (custom)
2019-11-14 22:48:46,766 [pool-419-thread-1] WARN  impl.MetricRegistriesImpl (MetricRegistriesImpl.java:lambda$create$1(61)) - First MetricRegistry has been created without registering reporters. You may need to call MetricRegistries.global().addReportRegistration(...) before.
2019-11-14 22:48:46,766 [pool-419-thread-1] WARN  impl.MetricRegistriesImpl (MetricRegistriesImpl.java:lambda$create$1(61)) - First MetricRegistry has been created without registering reporters. You may need to call MetricRegistries.global().addReportRegistration(...) before.
2019-11-14 22:48:46,767 [pool-419-thread-1] INFO  impl.RaftServerImpl (RaftServerImpl.java:start(184)) - 4327b9a0-f311-4ee4-b5c4-0291d295fd82@group-1E1E5B1372C6: start as a follower, conf=-1: [4327b9a0-f311-4ee4-b5c4-0291d295fd82:192.168.69.106:41256], old=null
2019-11-14 22:48:46,767 [pool-419-thread-1] INFO  impl.RaftServerImpl (RaftServerImpl.java:setRole(173)) - 4327b9a0-f311-4ee4-b5c4-0291d295fd82@group-1E1E5B1372C6: changes role from      null to FOLLOWER at term 0 for startAsFollower
2019-11-14 22:48:46,767 [pool-419-thread-1] INFO  impl.RoleInfo (RoleInfo.java:updateAndGet(143)) - 4327b9a0-f311-4ee4-b5c4-0291d295fd82: start FollowerState
2019-11-14 22:48:46,767 [pool-419-thread-1] INFO  util.JmxRegister (JmxRegister.java:tryRegister(44)) - Successfully registered JMX Bean with object name Ratis:service=RaftServer,group=group-1E1E5B1372C6,id=4327b9a0-f311-4ee4-b5c4-0291d295fd82
2019-11-14 22:48:46,767 [pool-419-thread-1] WARN  impl.MetricRegistriesImpl (MetricRegistriesImpl.java:lambda$create$1(61)) - First MetricRegistry has been created without registering reporters. You may need to call MetricRegistries.global().addReportRegistration(...) before.
2019-11-14 22:48:46,769 [pool-419-thread-1] INFO  impl.RaftServerImpl (RaftServerImpl.java:<init>(98)) - 4327b9a0-f311-4ee4-b5c4-0291d295fd82: new RaftServerImpl for group-C307BAB6AC03:[4327b9a0-f311-4ee4-b5c4-0291d295fd82:192.168.69.106:41256, c80859c9-f21b-4abf-8d4a-e53adb085c0c:192.168.69.106:40401, efe5f872-798a-491e-a32c-3b7da58242e1:192.168.69.106:36375] with ContainerStateMachine:uninitialized
2019-11-14 22:48:46,769 [pool-419-thread-1] INFO  server.RaftServerConfigKeys (ConfUtils.java:logGet(43)) - raft.server.rpc.timeout.min = 1s (custom)
2019-11-14 22:48:46,770 [pool-419-thread-1] INFO  server.RaftServerConfigKeys (ConfUtils.java:logGet(43)) - raft.server.rpc.timeout.max = 1200ms (custom)
2019-11-14 22:48:46,770 [pool-419-thread-1] INFO  server.RaftServerConfigKeys (ConfUtils.java:logGet(43)) - raft.server.rpcslowness.timeout = 120s (custom)
2019-11-14 22:48:46,770 [pool-419-thread-1] INFO  server.RaftServerConfigKeys (ConfUtils.java:logGet(43)) - raft.server.sleep.deviation.threshold = 300 (default)
2019-11-14 22:48:46,770 [pool-419-thread-1] INFO  server.RaftServerConfigKeys (ConfUtils.java:logGet(43)) - raft.server.log.appender.install.snapshot.enabled = false (custom)
2019-11-14 22:48:46,770 [pool-419-thread-1] INFO  impl.RaftServerImpl (ServerState.java:<init>(103)) - 4327b9a0-f311-4ee4-b5c4-0291d295fd82@group-C307BAB6AC03: ConfigurationManager, init=-1: [4327b9a0-f311-4ee4-b5c4-0291d295fd82:192.168.69.106:41256, c80859c9-f21b-4abf-8d4a-e53adb085c0c:192.168.69.106:40401, efe5f872-798a-491e-a32c-3b7da58242e1:192.168.69.106:36375], old=null, confs=<EMPTY_MAP>
2019-11-14 22:48:46,770 [pool-419-thread-1] INFO  server.RaftServerConfigKeys (ConfUtils.java:logGet(43)) - raft.server.storage.dir = [/workdir/hadoop-ozone/integration-test/target/test-dir/MiniOzoneClusterImpl-cc864e37-e864-4d68-a6c4-66bb4c0b7714/datanode-3/data/ratis] (custom)
2019-11-14 22:48:46,770 [pool-419-thread-1] INFO  server.RaftServerConfigKeys (ConfUtils.java:logGet(43)) - raft.server.log.corruption.policy = EXCEPTION (default)
2019-11-14 22:48:46,771 [pool-419-thread-1] INFO  storage.RaftStorageDirectory (RaftStorageDirectory.java:analyzeStorage(246)) - The storage directory /workdir/hadoop-ozone/integration-test/target/test-dir/MiniOzoneClusterImpl-cc864e37-e864-4d68-a6c4-66bb4c0b7714/datanode-3/data/ratis/52ab38f0-094d-4a5d-9b18-c307bab6ac03 does not exist. Creating ...
2019-11-14 22:48:47,947 [Thread-3067] INFO  impl.FollowerState (FollowerState.java:run(111)) - 4327b9a0-f311-4ee4-b5c4-0291d295fd82@group-1E1E5B1372C6-FollowerState: change to CANDIDATE, lastRpcTime:1180ms, electionTimeout:1180ms
2019-11-14 22:48:47,948 [Thread-3067] INFO  impl.RoleInfo (RoleInfo.java:shutdownFollowerState(121)) - 4327b9a0-f311-4ee4-b5c4-0291d295fd82: shutdown FollowerState
2019-11-14 22:48:47,948 [Thread-3067] INFO  impl.RaftServerImpl (RaftServerImpl.java:setRole(173)) - 4327b9a0-f311-4ee4-b5c4-0291d295fd82@group-1E1E5B1372C6: changes role from  FOLLOWER to CANDIDATE at term 0 for changeToCandidate
2019-11-14 22:48:47,948 [Thread-3067] INFO  impl.RoleInfo (RoleInfo.java:updateAndGet(143)) - 4327b9a0-f311-4ee4-b5c4-0291d295fd82: start LeaderElection
2019-11-14 22:48:48,182 [pool-429-thread-1] INFO  storage.RaftStorageDirectory (RaftStorageDirectory.java:tryLock(328)) - Lock on /workdir/hadoop-ozone/integration-test/target/test-dir/MiniOzoneClusterImpl-cc864e37-e864-4d68-a6c4-66bb4c0b7714/datanode-4/data/ratis/afcaeb6c-c12e-41fb-85fd-76c8dd8ce2e2/in_use.lock acquired by nodename 339@pr-hdds-2494-dtfqw-3996435450
2019-11-14 22:48:48,182 [pool-399-thread-1] INFO  storage.RaftStorageDirectory (RaftStorageDirectory.java:tryLock(328)) - Lock on /workdir/hadoop-ozone/integration-test/target/test-dir/MiniOzoneClusterImpl-cc864e37-e864-4d68-a6c4-66bb4c0b7714/datanode-1/data/ratis/afcaeb6c-c12e-41fb-85fd-76c8dd8ce2e2/in_use.lock acquired by nodename 339@pr-hdds-2494-dtfqw-3996435450
2019-11-14 22:48:48,214 [efe5f872-798a-491e-a32c-3b7da58242e1@group-84B818EA8256-LeaderElection123] INFO  impl.LeaderElection (LeaderElection.java:askForVotes(178)) - efe5f872-798a-491e-a32c-3b7da58242e1@group-84B818EA8256-LeaderElection123: begin an election at term 1 for -1: [4327b9a0-f311-4ee4-b5c4-0291d295fd82:192.168.69.106:41256, c80859c9-f21b-4abf-8d4a-e53adb085c0c:192.168.69.106:40401, efe5f872-798a-491e-a32c-3b7da58242e1:192.168.69.106:36375], old=null
2019-11-14 22:48:48,214 [c80859c9-f21b-4abf-8d4a-e53adb085c0c@group-84B818EA8256-LeaderElection124] INFO  impl.LeaderElection (LeaderElection.java:askForVotes(178)) - c80859c9-f21b-4abf-8d4a-e53adb085c0c@group-84B818EA8256-LeaderElection124: begin an election at term 1 for -1: [4327b9a0-f311-4ee4-b5c4-0291d295fd82:192.168.69.106:41256, c80859c9-f21b-4abf-8d4a-e53adb085c0c:192.168.69.106:40401, efe5f872-798a-491e-a32c-3b7da58242e1:192.168.69.106:36375], old=null
2019-11-14 22:48:48,228 [grpc-default-executor-6] WARN  server.GrpcServerProtocolService (LogUtils.java:warn(134)) - 4327b9a0-f311-4ee4-b5c4-0291d295fd82: Failed requestVote c80859c9-f21b-4abf-8d4a-e53adb085c0c->4327b9a0-f311-4ee4-b5c4-0291d295fd82#0: org.apache.ratis.protocol.ServerNotReadyException: 4327b9a0-f311-4ee4-b5c4-0291d295fd82@group-84B818EA8256 is not in [RUNNING]: current state is NEW
2019-11-14 22:48:48,228 [grpc-default-executor-8] WARN  server.GrpcServerProtocolService (LogUtils.java:warn(134)) - 4327b9a0-f311-4ee4-b5c4-0291d295fd82: Failed requestVote efe5f872-798a-491e-a32c-3b7da58242e1->4327b9a0-f311-4ee4-b5c4-0291d295fd82#0: org.apache.ratis.protocol.ServerNotReadyException: 4327b9a0-f311-4ee4-b5c4-0291d295fd82@group-84B818EA8256 is not in [RUNNING]: current state is NEW
2019-11-14 22:48:48,236 [c80859c9-f21b-4abf-8d4a-e53adb085c0c@group-84B818EA8256-LeaderElection124] INFO  impl.LeaderElection (LogUtils.java:infoOrTrace(149)) - c80859c9-f21b-4abf-8d4a-e53adb085c0c@group-84B818EA8256-LeaderElection124 got exception when requesting votes: {}
java.util.concurrent.ExecutionException: org.apache.ratis.thirdparty.io.grpc.StatusRuntimeException: INTERNAL: 4327b9a0-f311-4ee4-b5c4-0291d295fd82@group-84B818EA8256 is not in [RUNNING]: current state is NEW
	at java.util.concurrent.FutureTask.report(FutureTask.java:122)
	at java.util.concurrent.FutureTask.get(FutureTask.java:192)
	at org.apache.ratis.server.impl.LeaderElection.waitForResults(LeaderElection.java:259)
	at org.apache.ratis.server.impl.LeaderElection.askForVotes(LeaderElection.java:197)
	at org.apache.ratis.server.impl.LeaderElection.run(LeaderElection.java:133)
	at java.lang.Thread.run(Thread.java:748)
Caused by: org.apache.ratis.thirdparty.io.grpc.StatusRuntimeException: INTERNAL: 4327b9a0-f311-4ee4-b5c4-0291d295fd82@group-84B818EA8256 is not in [RUNNING]: current state is NEW
	at org.apache.ratis.thirdparty.io.grpc.stub.ClientCalls.toStatusRuntimeException(ClientCalls.java:233)
	at org.apache.ratis.thirdparty.io.grpc.stub.ClientCalls.getUnchecked(ClientCalls.java:214)
	at org.apache.ratis.thirdparty.io.grpc.stub.ClientCalls.blockingUnaryCall(ClientCalls.java:139)
	at org.apache.ratis.proto.grpc.RaftServerProtocolServiceGrpc$RaftServerProtocolServiceBlockingStub.requestVote(RaftServerProtocolServiceGrpc.java:265)
	at org.apache.ratis.grpc.server.GrpcServerProtocolClient.requestVote(GrpcServerProtocolClient.java:99)
	at org.apache.ratis.grpc.server.GrpcService.requestVote(GrpcService.java:204)
	at org.apache.ratis.server.impl.LeaderElection.lambda$submitRequests$1(LeaderElection.java:234)
	at java.util.concurrent.FutureTask.run(FutureTask.java:266)
	at java.util.concurrent.Executors$RunnableAdapter.call(Executors.java:511)
	at java.util.concurrent.FutureTask.run(FutureTask.java:266)
	at java.util.concurrent.ThreadPoolExecutor.runWorker(ThreadPoolExecutor.java:1149)
	at java.util.concurrent.ThreadPoolExecutor$Worker.run(ThreadPoolExecutor.java:624)
	... 1 more
2019-11-14 22:48:48,236 [efe5f872-798a-491e-a32c-3b7da58242e1@group-84B818EA8256-LeaderElection123] INFO  impl.LeaderElection (LogUtils.java:infoOrTrace(149)) - efe5f872-798a-491e-a32c-3b7da58242e1@group-84B818EA8256-LeaderElection123 got exception when requesting votes: {}
java.util.concurrent.ExecutionException: org.apache.ratis.thirdparty.io.grpc.StatusRuntimeException: INTERNAL: 4327b9a0-f311-4ee4-b5c4-0291d295fd82@group-84B818EA8256 is not in [RUNNING]: current state is NEW
	at java.util.concurrent.FutureTask.report(FutureTask.java:122)
	at java.util.concurrent.FutureTask.get(FutureTask.java:192)
	at org.apache.ratis.server.impl.LeaderElection.waitForResults(LeaderElection.java:259)
	at org.apache.ratis.server.impl.LeaderElection.askForVotes(LeaderElection.java:197)
	at org.apache.ratis.server.impl.LeaderElection.run(LeaderElection.java:133)
	at java.lang.Thread.run(Thread.java:748)
Caused by: org.apache.ratis.thirdparty.io.grpc.StatusRuntimeException: INTERNAL: 4327b9a0-f311-4ee4-b5c4-0291d295fd82@group-84B818EA8256 is not in [RUNNING]: current state is NEW
	at org.apache.ratis.thirdparty.io.grpc.stub.ClientCalls.toStatusRuntimeException(ClientCalls.java:233)
	at org.apache.ratis.thirdparty.io.grpc.stub.ClientCalls.getUnchecked(ClientCalls.java:214)
	at org.apache.ratis.thirdparty.io.grpc.stub.ClientCalls.blockingUnaryCall(ClientCalls.java:139)
	at org.apache.ratis.proto.grpc.RaftServerProtocolServiceGrpc$RaftServerProtocolServiceBlockingStub.requestVote(RaftServerProtocolServiceGrpc.java:265)
	at org.apache.ratis.grpc.server.GrpcServerProtocolClient.requestVote(GrpcServerProtocolClient.java:99)
	at org.apache.ratis.grpc.server.GrpcService.requestVote(GrpcService.java:204)
	at org.apache.ratis.server.impl.LeaderElection.lambda$submitRequests$1(LeaderElection.java:234)
	at java.util.concurrent.FutureTask.run(FutureTask.java:266)
	at java.util.concurrent.Executors$RunnableAdapter.call(Executors.java:511)
	at java.util.concurrent.FutureTask.run(FutureTask.java:266)
	at java.util.concurrent.ThreadPoolExecutor.runWorker(ThreadPoolExecutor.java:1149)
	at java.util.concurrent.ThreadPoolExecutor$Worker.run(ThreadPoolExecutor.java:624)
	... 1 more
2019-11-14 22:48:48,236 [c80859c9-f21b-4abf-8d4a-e53adb085c0c@group-84B818EA8256-LeaderElection124] INFO  impl.LeaderElection (LeaderElection.java:logAndReturn(56)) - c80859c9-f21b-4abf-8d4a-e53adb085c0c@group-84B818EA8256-LeaderElection124: Election REJECTED; received 1 response(s) [c80859c9-f21b-4abf-8d4a-e53adb085c0c<-efe5f872-798a-491e-a32c-3b7da58242e1#0:FAIL-t1] and 1 exception(s); c80859c9-f21b-4abf-8d4a-e53adb085c0c@group-84B818EA8256:t1, leader=null, voted=c80859c9-f21b-4abf-8d4a-e53adb085c0c, raftlog=c80859c9-f21b-4abf-8d4a-e53adb085c0c@group-84B818EA8256-SegmentedRaftLog:OPENED:c-1,f-1,i0, conf=-1: [4327b9a0-f311-4ee4-b5c4-0291d295fd82:192.168.69.106:41256, c80859c9-f21b-4abf-8d4a-e53adb085c0c:192.168.69.106:40401, efe5f872-798a-491e-a32c-3b7da58242e1:192.168.69.106:36375], old=null
2019-11-14 22:48:48,237 [efe5f872-798a-491e-a32c-3b7da58242e1@group-84B818EA8256-LeaderElection123] INFO  impl.LeaderElection (LeaderElection.java:logAndReturn(56)) - efe5f872-798a-491e-a32c-3b7da58242e1@group-84B818EA8256-LeaderElection123: Election REJECTED; received 1 response(s) [efe5f872-798a-491e-a32c-3b7da58242e1<-c80859c9-f21b-4abf-8d4a-e53adb085c0c#0:FAIL-t1] and 1 exception(s); efe5f872-798a-491e-a32c-3b7da58242e1@group-84B818EA8256:t1, leader=null, voted=efe5f872-798a-491e-a32c-3b7da58242e1, raftlog=efe5f872-798a-491e-a32c-3b7da58242e1@group-84B818EA8256-SegmentedRaftLog:OPENED:c-1,f-1,i0, conf=-1: [4327b9a0-f311-4ee4-b5c4-0291d295fd82:192.168.69.106:41256, c80859c9-f21b-4abf-8d4a-e53adb085c0c:192.168.69.106:40401, efe5f872-798a-491e-a32c-3b7da58242e1:192.168.69.106:36375], old=null
2019-11-14 22:48:48,237 [c80859c9-f21b-4abf-8d4a-e53adb085c0c@group-84B818EA8256-LeaderElection124] INFO  impl.LeaderElection (LogUtils.java:infoOrTrace(149)) -   Exception 0: {}
java.util.concurrent.ExecutionException: org.apache.ratis.thirdparty.io.grpc.StatusRuntimeException: INTERNAL: 4327b9a0-f311-4ee4-b5c4-0291d295fd82@group-84B818EA8256 is not in [RUNNING]: current state is NEW
	at java.util.concurrent.FutureTask.report(FutureTask.java:122)
	at java.util.concurrent.FutureTask.get(FutureTask.java:192)
	at org.apache.ratis.server.impl.LeaderElection.waitForResults(LeaderElection.java:259)
	at org.apache.ratis.server.impl.LeaderElection.askForVotes(LeaderElection.java:197)
	at org.apache.ratis.server.impl.LeaderElection.run(LeaderElection.java:133)
	at java.lang.Thread.run(Thread.java:748)
Caused by: org.apache.ratis.thirdparty.io.grpc.StatusRuntimeException: INTERNAL: 4327b9a0-f311-4ee4-b5c4-0291d295fd82@group-84B818EA8256 is not in [RUNNING]: current state is NEW
	at org.apache.ratis.thirdparty.io.grpc.stub.ClientCalls.toStatusRuntimeException(ClientCalls.java:233)
	at org.apache.ratis.thirdparty.io.grpc.stub.ClientCalls.getUnchecked(ClientCalls.java:214)
	at org.apache.ratis.thirdparty.io.grpc.stub.ClientCalls.blockingUnaryCall(ClientCalls.java:139)
	at org.apache.ratis.proto.grpc.RaftServerProtocolServiceGrpc$RaftServerProtocolServiceBlockingStub.requestVote(RaftServerProtocolServiceGrpc.java:265)
	at org.apache.ratis.grpc.server.GrpcServerProtocolClient.requestVote(GrpcServerProtocolClient.java:99)
	at org.apache.ratis.grpc.server.GrpcService.requestVote(GrpcService.java:204)
	at org.apache.ratis.server.impl.LeaderElection.lambda$submitRequests$1(LeaderElection.java:234)
	at java.util.concurrent.FutureTask.run(FutureTask.java:266)
	at java.util.concurrent.Executors$RunnableAdapter.call(Executors.java:511)
	at java.util.concurrent.FutureTask.run(FutureTask.java:266)
	at java.util.concurrent.ThreadPoolExecutor.runWorker(ThreadPoolExecutor.java:1149)
	at java.util.concurrent.ThreadPoolExecutor$Worker.run(ThreadPoolExecutor.java:624)
	... 1 more
2019-11-14 22:48:48,237 [efe5f872-798a-491e-a32c-3b7da58242e1@group-84B818EA8256-LeaderElection123] INFO  impl.LeaderElection (LogUtils.java:infoOrTrace(149)) -   Exception 0: {}
java.util.concurrent.ExecutionException: org.apache.ratis.thirdparty.io.grpc.StatusRuntimeException: INTERNAL: 4327b9a0-f311-4ee4-b5c4-0291d295fd82@group-84B818EA8256 is not in [RUNNING]: current state is NEW
	at java.util.concurrent.FutureTask.report(FutureTask.java:122)
	at java.util.concurrent.FutureTask.get(FutureTask.java:192)
	at org.apache.ratis.server.impl.LeaderElection.waitForResults(LeaderElection.java:259)
	at org.apache.ratis.server.impl.LeaderElection.askForVotes(LeaderElection.java:197)
	at org.apache.ratis.server.impl.LeaderElection.run(LeaderElection.java:133)
	at java.lang.Thread.run(Thread.java:748)
Caused by: org.apache.ratis.thirdparty.io.grpc.StatusRuntimeException: INTERNAL: 4327b9a0-f311-4ee4-b5c4-0291d295fd82@group-84B818EA8256 is not in [RUNNING]: current state is NEW
	at org.apache.ratis.thirdparty.io.grpc.stub.ClientCalls.toStatusRuntimeException(ClientCalls.java:233)
	at org.apache.ratis.thirdparty.io.grpc.stub.ClientCalls.getUnchecked(ClientCalls.java:214)
	at org.apache.ratis.thirdparty.io.grpc.stub.ClientCalls.blockingUnaryCall(ClientCalls.java:139)
	at org.apache.ratis.proto.grpc.RaftServerProtocolServiceGrpc$RaftServerProtocolServiceBlockingStub.requestVote(RaftServerProtocolServiceGrpc.java:265)
	at org.apache.ratis.grpc.server.GrpcServerProtocolClient.requestVote(GrpcServerProtocolClient.java:99)
	at org.apache.ratis.grpc.server.GrpcService.requestVote(GrpcService.java:204)
	at org.apache.ratis.server.impl.LeaderElection.lambda$submitRequests$1(LeaderElection.java:234)
	at java.util.concurrent.FutureTask.run(FutureTask.java:266)
	at java.util.concurrent.Executors$RunnableAdapter.call(Executors.java:511)
	at java.util.concurrent.FutureTask.run(FutureTask.java:266)
	at java.util.concurrent.ThreadPoolExecutor.runWorker(ThreadPoolExecutor.java:1149)
	at java.util.concurrent.ThreadPoolExecutor$Worker.run(ThreadPoolExecutor.java:624)
	... 1 more
2019-11-14 22:48:48,237 [c80859c9-f21b-4abf-8d4a-e53adb085c0c@group-84B818EA8256-LeaderElection124] INFO  impl.RaftServerImpl (RaftServerImpl.java:setRole(173)) - c80859c9-f21b-4abf-8d4a-e53adb085c0c@group-84B818EA8256: changes role from CANDIDATE to FOLLOWER at term 1 for DISCOVERED_A_NEW_TERM
2019-11-14 22:48:48,237 [efe5f872-798a-491e-a32c-3b7da58242e1@group-84B818EA8256-LeaderElection123] INFO  impl.RaftServerImpl (RaftServerImpl.java:setRole(173)) - efe5f872-798a-491e-a32c-3b7da58242e1@group-84B818EA8256: changes role from CANDIDATE to FOLLOWER at term 1 for DISCOVERED_A_NEW_TERM
2019-11-14 22:48:48,238 [c80859c9-f21b-4abf-8d4a-e53adb085c0c@group-84B818EA8256-LeaderElection124] INFO  impl.RoleInfo (RoleInfo.java:shutdownLeaderElection(134)) - c80859c9-f21b-4abf-8d4a-e53adb085c0c: shutdown LeaderElection
2019-11-14 22:48:48,238 [efe5f872-798a-491e-a32c-3b7da58242e1@group-84B818EA8256-LeaderElection123] INFO  impl.RoleInfo (RoleInfo.java:shutdownLeaderElection(134)) - efe5f872-798a-491e-a32c-3b7da58242e1: shutdown LeaderElection
2019-11-14 22:48:48,238 [c80859c9-f21b-4abf-8d4a-e53adb085c0c@group-84B818EA8256-LeaderElection124] INFO  impl.RoleInfo (RoleInfo.java:updateAndGet(143)) - c80859c9-f21b-4abf-8d4a-e53adb085c0c: start FollowerState
2019-11-14 22:48:48,238 [efe5f872-798a-491e-a32c-3b7da58242e1@group-84B818EA8256-LeaderElection123] INFO  impl.RoleInfo (RoleInfo.java:updateAndGet(143)) - efe5f872-798a-491e-a32c-3b7da58242e1: start FollowerState
2019-11-14 22:48:48,495 [RATISCREATEPIPELINE1] ERROR pipeline.RatisPipelineProvider (RatisPipelineProvider.java:lambda$null$5(230)) - Failed invoke Ratis rpc org.apache.hadoop.hdds.scm.pipeline.RatisPipelineProvider$$Lambda$191/1931911527@5cfc2f29 for c80859c9-f21b-4abf-8d4a-e53adb085c0c
org.apache.ratis.protocol.TimeoutIOException: deadline exceeded after 2999753792ns
	at org.apache.ratis.grpc.GrpcUtil.tryUnwrapException(GrpcUtil.java:82)
	at org.apache.ratis.grpc.GrpcUtil.unwrapException(GrpcUtil.java:75)
	at org.apache.ratis.grpc.client.GrpcClientProtocolClient.blockingCall(GrpcClientProtocolClient.java:184)
	at org.apache.ratis.grpc.client.GrpcClientProtocolClient.groupAdd(GrpcClientProtocolClient.java:153)
	at org.apache.ratis.grpc.client.GrpcClientRpc.sendRequest(GrpcClientRpc.java:94)
	at org.apache.ratis.client.impl.RaftClientImpl.sendRequest(RaftClientImpl.java:278)
	at org.apache.ratis.client.impl.RaftClientImpl.groupAdd(RaftClientImpl.java:205)
	at org.apache.hadoop.hdds.scm.pipeline.RatisPipelineProvider.lambda$initializePipeline$4(RatisPipelineProvider.java:191)
	at org.apache.hadoop.hdds.scm.pipeline.RatisPipelineProvider.lambda$null$5(RatisPipelineProvider.java:226)
	at java.util.stream.ForEachOps$ForEachOp$OfRef.accept(ForEachOps.java:183)
	at java.util.ArrayList$ArrayListSpliterator.forEachRemaining(ArrayList.java:1382)
	at java.util.stream.AbstractPipeline.copyInto(AbstractPipeline.java:482)
	at java.util.stream.ForEachOps$ForEachTask.compute(ForEachOps.java:290)
	at java.util.concurrent.CountedCompleter.exec(CountedCompleter.java:731)
	at java.util.concurrent.ForkJoinTask.doExec(ForkJoinTask.java:289)
	at java.util.concurrent.ForkJoinPool$WorkQueue.runTask(ForkJoinPool.java:1056)
	at java.util.concurrent.ForkJoinPool.runWorker(ForkJoinPool.java:1692)
	at java.util.concurrent.ForkJoinWorkerThread.run(ForkJoinWorkerThread.java:157)
Caused by: org.apache.ratis.thirdparty.io.grpc.StatusRuntimeException: DEADLINE_EXCEEDED: deadline exceeded after 2999753792ns
	at org.apache.ratis.thirdparty.io.grpc.stub.ClientCalls.toStatusRuntimeException(ClientCalls.java:233)
	at org.apache.ratis.thirdparty.io.grpc.stub.ClientCalls.getUnchecked(ClientCalls.java:214)
	at org.apache.ratis.thirdparty.io.grpc.stub.ClientCalls.blockingUnaryCall(ClientCalls.java:139)
	at org.apache.ratis.proto.grpc.AdminProtocolServiceGrpc$AdminProtocolServiceBlockingStub.groupManagement(AdminProtocolServiceGrpc.java:274)
	at org.apache.ratis.grpc.client.GrpcClientProtocolClient.lambda$groupAdd$3(GrpcClientProtocolClient.java:155)
	at org.apache.ratis.grpc.client.GrpcClientProtocolClient.blockingCall(GrpcClientProtocolClient.java:182)
	... 15 more
2019-11-14 22:48:48,495 [RATISCREATEPIPELINE3] ERROR pipeline.RatisPipelineProvider (RatisPipelineProvider.java:lambda$null$5(230)) - Failed invoke Ratis rpc org.apache.hadoop.hdds.scm.pipeline.RatisPipelineProvider$$Lambda$191/1931911527@5cfc2f29 for 4327b9a0-f311-4ee4-b5c4-0291d295fd82
org.apache.ratis.protocol.TimeoutIOException: deadline exceeded after 2999700298ns
	at org.apache.ratis.grpc.GrpcUtil.tryUnwrapException(GrpcUtil.java:82)
	at org.apache.ratis.grpc.GrpcUtil.unwrapException(GrpcUtil.java:75)
	at org.apache.ratis.grpc.client.GrpcClientProtocolClient.blockingCall(GrpcClientProtocolClient.java:184)
	at org.apache.ratis.grpc.client.GrpcClientProtocolClient.groupAdd(GrpcClientProtocolClient.java:153)
	at org.apache.ratis.grpc.client.GrpcClientRpc.sendRequest(GrpcClientRpc.java:94)
	at org.apache.ratis.client.impl.RaftClientImpl.sendRequest(RaftClientImpl.java:278)
	at org.apache.ratis.client.impl.RaftClientImpl.groupAdd(RaftClientImpl.java:205)
	at org.apache.hadoop.hdds.scm.pipeline.RatisPipelineProvider.lambda$initializePipeline$4(RatisPipelineProvider.java:191)
	at org.apache.hadoop.hdds.scm.pipeline.RatisPipelineProvider.lambda$null$5(RatisPipelineProvider.java:226)
	at java.util.stream.ForEachOps$ForEachOp$OfRef.accept(ForEachOps.java:183)
	at java.util.ArrayList$ArrayListSpliterator.forEachRemaining(ArrayList.java:1382)
	at java.util.stream.AbstractPipeline.copyInto(AbstractPipeline.java:482)
	at java.util.stream.ForEachOps$ForEachTask.compute(ForEachOps.java:290)
	at java.util.concurrent.CountedCompleter.exec(CountedCompleter.java:731)
	at java.util.concurrent.ForkJoinTask.doExec(ForkJoinTask.java:289)
	at java.util.concurrent.ForkJoinPool$WorkQueue.runTask(ForkJoinPool.java:1056)
	at java.util.concurrent.ForkJoinPool.runWorker(ForkJoinPool.java:1692)
	at java.util.concurrent.ForkJoinWorkerThread.run(ForkJoinWorkerThread.java:157)
Caused by: org.apache.ratis.thirdparty.io.grpc.StatusRuntimeException: DEADLINE_EXCEEDED: deadline exceeded after 2999700298ns
	at org.apache.ratis.thirdparty.io.grpc.stub.ClientCalls.toStatusRuntimeException(ClientCalls.java:233)
	at org.apache.ratis.thirdparty.io.grpc.stub.ClientCalls.getUnchecked(ClientCalls.java:214)
	at org.apache.ratis.thirdparty.io.grpc.stub.ClientCalls.blockingUnaryCall(ClientCalls.java:139)
	at org.apache.ratis.proto.grpc.AdminProtocolServiceGrpc$AdminProtocolServiceBlockingStub.groupManagement(AdminProtocolServiceGrpc.java:274)
	at org.apache.ratis.grpc.client.GrpcClientProtocolClient.lambda$groupAdd$3(GrpcClientProtocolClient.java:155)
	at org.apache.ratis.grpc.client.GrpcClientProtocolClient.blockingCall(GrpcClientProtocolClient.java:182)
	... 15 more
2019-11-14 22:48:48,495 [RATISCREATEPIPELINE0] ERROR pipeline.RatisPipelineProvider (RatisPipelineProvider.java:lambda$null$5(230)) - Failed invoke Ratis rpc org.apache.hadoop.hdds.scm.pipeline.RatisPipelineProvider$$Lambda$191/1931911527@5cfc2f29 for efe5f872-798a-491e-a32c-3b7da58242e1
org.apache.ratis.protocol.TimeoutIOException: deadline exceeded after 2999805248ns
	at org.apache.ratis.grpc.GrpcUtil.tryUnwrapException(GrpcUtil.java:82)
	at org.apache.ratis.grpc.GrpcUtil.unwrapException(GrpcUtil.java:75)
	at org.apache.ratis.grpc.client.GrpcClientProtocolClient.blockingCall(GrpcClientProtocolClient.java:184)
	at org.apache.ratis.grpc.client.GrpcClientProtocolClient.groupAdd(GrpcClientProtocolClient.java:153)
	at org.apache.ratis.grpc.client.GrpcClientRpc.sendRequest(GrpcClientRpc.java:94)
	at org.apache.ratis.client.impl.RaftClientImpl.sendRequest(RaftClientImpl.java:278)
	at org.apache.ratis.client.impl.RaftClientImpl.groupAdd(RaftClientImpl.java:205)
	at org.apache.hadoop.hdds.scm.pipeline.RatisPipelineProvider.lambda$initializePipeline$4(RatisPipelineProvider.java:191)
	at org.apache.hadoop.hdds.scm.pipeline.RatisPipelineProvider.lambda$null$5(RatisPipelineProvider.java:226)
	at java.util.stream.ForEachOps$ForEachOp$OfRef.accept(ForEachOps.java:183)
	at java.util.ArrayList$ArrayListSpliterator.forEachRemaining(ArrayList.java:1382)
	at java.util.stream.AbstractPipeline.copyInto(AbstractPipeline.java:482)
	at java.util.stream.ForEachOps$ForEachTask.compute(ForEachOps.java:290)
	at java.util.concurrent.CountedCompleter.exec(CountedCompleter.java:731)
	at java.util.concurrent.ForkJoinTask.doExec(ForkJoinTask.java:289)
	at java.util.concurrent.ForkJoinTask.doInvoke(ForkJoinTask.java:401)
	at java.util.concurrent.ForkJoinTask.invoke(ForkJoinTask.java:734)
	at java.util.stream.ForEachOps$ForEachOp.evaluateParallel(ForEachOps.java:159)
	at java.util.stream.ForEachOps$ForEachOp$OfRef.evaluateParallel(ForEachOps.java:173)
	at java.util.stream.AbstractPipeline.evaluate(AbstractPipeline.java:233)
	at java.util.stream.ReferencePipeline.forEach(ReferencePipeline.java:485)
	at java.util.stream.ReferencePipeline$Head.forEach(ReferencePipeline.java:650)
	at org.apache.hadoop.hdds.scm.pipeline.RatisPipelineProvider.lambda$callRatisRpc$6(RatisPipelineProvider.java:220)
	at java.util.concurrent.ForkJoinTask$AdaptedRunnableAction.exec(ForkJoinTask.java:1386)
	at java.util.concurrent.ForkJoinTask.doExec(ForkJoinTask.java:289)
	at java.util.concurrent.ForkJoinPool$WorkQueue.runTask(ForkJoinPool.java:1056)
	at java.util.concurrent.ForkJoinPool.runWorker(ForkJoinPool.java:1692)
	at java.util.concurrent.ForkJoinWorkerThread.run(ForkJoinWorkerThread.java:157)
Caused by: org.apache.ratis.thirdparty.io.grpc.StatusRuntimeException: DEADLINE_EXCEEDED: deadline exceeded after 2999805248ns
	at org.apache.ratis.thirdparty.io.grpc.stub.ClientCalls.toStatusRuntimeException(ClientCalls.java:233)
	at org.apache.ratis.thirdparty.io.grpc.stub.ClientCalls.getUnchecked(ClientCalls.java:214)
	at org.apache.ratis.thirdparty.io.grpc.stub.ClientCalls.blockingUnaryCall(ClientCalls.java:139)
	at org.apache.ratis.proto.grpc.AdminProtocolServiceGrpc$AdminProtocolServiceBlockingStub.groupManagement(AdminProtocolServiceGrpc.java:274)
	at org.apache.ratis.grpc.client.GrpcClientProtocolClient.lambda$groupAdd$3(GrpcClientProtocolClient.java:155)
	at org.apache.ratis.grpc.client.GrpcClientProtocolClient.blockingCall(GrpcClientProtocolClient.java:182)
	... 25 more
2019-11-14 22:48:48,504 [IPC Server handler 1 on 46630] WARN  block.BlockManagerImpl (BlockManagerImpl.java:allocateBlock(200)) - Pipeline creation failed for type:RATIS factor:THREE. Retrying get pipelines call once.
org.apache.hadoop.io.MultipleIOException: 3 exceptions [java.io.IOException: Failed invoke Ratis rpc org.apache.hadoop.hdds.scm.pipeline.RatisPipelineProvider$$Lambda$191/1931911527@5cfc2f29 for c80859c9-f21b-4abf-8d4a-e53adb085c0c, java.io.IOException: Failed invoke Ratis rpc org.apache.hadoop.hdds.scm.pipeline.RatisPipelineProvider$$Lambda$191/1931911527@5cfc2f29 for 4327b9a0-f311-4ee4-b5c4-0291d295fd82, java.io.IOException: Failed invoke Ratis rpc org.apache.hadoop.hdds.scm.pipeline.RatisPipelineProvider$$Lambda$191/1931911527@5cfc2f29 for efe5f872-798a-491e-a32c-3b7da58242e1]
	at org.apache.hadoop.io.MultipleIOException.createIOException(MultipleIOException.java:53)
	at org.apache.hadoop.hdds.scm.pipeline.RatisPipelineProvider.callRatisRpc(RatisPipelineProvider.java:246)
	at org.apache.hadoop.hdds.scm.pipeline.RatisPipelineProvider.initializePipeline(RatisPipelineProvider.java:189)
	at org.apache.hadoop.hdds.scm.pipeline.RatisPipelineProvider.create(RatisPipelineProvider.java:157)
	at org.apache.hadoop.hdds.scm.pipeline.PipelineFactory.create(PipelineFactory.java:58)
	at org.apache.hadoop.hdds.scm.pipeline.SCMPipelineManager.createPipeline(SCMPipelineManager.java:155)
	at org.apache.hadoop.hdds.scm.block.BlockManagerImpl.allocateBlock(BlockManagerImpl.java:198)
	at org.apache.hadoop.hdds.scm.server.SCMBlockProtocolServer.allocateBlock(SCMBlockProtocolServer.java:187)
	at org.apache.hadoop.hdds.scm.protocol.ScmBlockLocationProtocolServerSideTranslatorPB.allocateScmBlock(ScmBlockLocationProtocolServerSideTranslatorPB.java:159)
	at org.apache.hadoop.hdds.scm.protocol.ScmBlockLocationProtocolServerSideTranslatorPB.processMessage(ScmBlockLocationProtocolServerSideTranslatorPB.java:117)
	at org.apache.hadoop.hdds.server.OzoneProtocolMessageDispatcher.processRequest(OzoneProtocolMessageDispatcher.java:72)
	at org.apache.hadoop.hdds.scm.protocol.ScmBlockLocationProtocolServerSideTranslatorPB.send(ScmBlockLocationProtocolServerSideTranslatorPB.java:98)
	at org.apache.hadoop.hdds.protocol.proto.ScmBlockLocationProtocolProtos$ScmBlockLocationProtocolService$2.callBlockingMethod(ScmBlockLocationProtocolProtos.java:13157)
	at org.apache.hadoop.ipc.ProtobufRpcEngine$Server$ProtoBufRpcInvoker.call(ProtobufRpcEngine.java:524)
	at org.apache.hadoop.ipc.RPC$Server.call(RPC.java:1025)
	at org.apache.hadoop.ipc.Server$RpcCall.run(Server.java:876)
	at org.apache.hadoop.ipc.Server$RpcCall.run(Server.java:822)
	at java.security.AccessController.doPrivileged(Native Method)
	at javax.security.auth.Subject.doAs(Subject.java:422)
	at org.apache.hadoop.security.UserGroupInformation.doAs(UserGroupInformation.java:1730)
	at org.apache.hadoop.ipc.Server$Handler.run(Server.java:2682)
2019-11-14 22:48:48,504 [IPC Server handler 1 on 46630] INFO  block.BlockManagerImpl (BlockManagerImpl.java:allocateBlock(212)) - Could not find available pipeline of type:RATIS and factor:THREE even after retrying
2019-11-14 22:48:48,504 [IPC Server handler 1 on 46630] ERROR block.BlockManagerImpl (BlockManagerImpl.java:allocateBlock(236)) - Unable to allocate a block for the size: 4194304, type: RATIS, factor: THREE
2019-11-14 22:48:48,511 [main] INFO  ozone.MiniOzoneClusterImpl (MiniOzoneClusterImpl.java:shutdown(352)) - Shutting down the Mini Ozone Cluster
2019-11-14 22:48:48,511 [main] INFO  ozone.MiniOzoneClusterImpl (MiniOzoneClusterImpl.java:stop(368)) - Stopping the Mini Ozone Cluster
2019-11-14 22:48:48,511 [main] INFO  ozone.MiniOzoneClusterImpl (MiniOzoneClusterImpl.java:stopOM(438)) - Stopping the OzoneManager
2019-11-14 22:48:48,511 [main] INFO  ipc.Server (Server.java:stop(3082)) - Stopping server on 43918
2019-11-14 22:48:48,528 [main] INFO  ratis.OzoneManagerDoubleBuffer (OzoneManagerDoubleBuffer.java:stop(261)) - Stopping OMDoubleBuffer flush thread
2019-11-14 22:48:48,528 [IPC Server Responder] INFO  ipc.Server (Server.java:run(1319)) - Stopping IPC Server Responder
2019-11-14 22:48:48,528 [IPC Server listener on 43918] INFO  ipc.Server (Server.java:run(1185)) - Stopping IPC Server listener on 43918
2019-11-14 22:48:48,532 [OMDoubleBufferFlushThread] INFO  ratis.OzoneManagerDoubleBuffer (OzoneManagerDoubleBuffer.java:flushTransactions(199)) - OMDoubleBuffer flush thread OMDoubleBufferFlushThread is interrupted and will exit. OMDoubleBufferFlushThread
2019-11-14 22:48:48,548 [main] INFO  utils.BackgroundService (BackgroundService.java:shutdown(151)) - Shutting down service KeyDeletingService
2019-11-14 22:48:48,549 [main] INFO  handler.ContextHandler (ContextHandler.java:doStop(910)) - Stopped o.e.j.w.WebAppContext@22ead351{/,null,UNAVAILABLE}{/ozoneManager}
2019-11-14 22:48:48,551 [main] INFO  server.AbstractConnector (AbstractConnector.java:doStop(318)) - Stopped ServerConnector@68af87ad{HTTP/1.1,[http/1.1]}{0.0.0.0:0}
2019-11-14 22:48:48,551 [main] INFO  handler.ContextHandler (ContextHandler.java:doStop(910)) - Stopped o.e.j.s.ServletContextHandler@29f3c438{/static,file:///workdir/hadoop-ozone/integration-test/target/test-classes/webapps/static,UNAVAILABLE}
2019-11-14 22:48:48,552 [main] INFO  handler.ContextHandler (ContextHandler.java:doStop(910)) - Stopped o.e.j.s.ServletContextHandler@6f6cc7da{/logs,file:///workdir/hadoop-ozone/integration-test/target/log,UNAVAILABLE}
2019-11-14 22:48:48,555 [main] INFO  ozone.MiniOzoneClusterImpl (MiniOzoneClusterImpl.java:stopDatanodes(415)) - Stopping the HddsDatanodes
2019-11-14 22:48:49,092 [Datanode State Machine Thread - 0] INFO  statemachine.DatanodeStateMachine (DatanodeStateMachine.java:lambda$startDaemon$0(355)) - Ozone container server started.
2019-11-14 22:48:49,282 [Thread-3075] INFO  impl.FollowerState (FollowerState.java:run(111)) - efe5f872-798a-491e-a32c-3b7da58242e1@group-84B818EA8256-FollowerState: change to CANDIDATE, lastRpcTime:1043ms, electionTimeout:1043ms
2019-11-14 22:48:49,282 [Thread-3075] INFO  impl.RoleInfo (RoleInfo.java:shutdownFollowerState(121)) - efe5f872-798a-491e-a32c-3b7da58242e1: shutdown FollowerState
2019-11-14 22:48:49,282 [Thread-3075] INFO  impl.RaftServerImpl (RaftServerImpl.java:setRole(173)) - efe5f872-798a-491e-a32c-3b7da58242e1@group-84B818EA8256: changes role from  FOLLOWER to CANDIDATE at term 1 for changeToCandidate
2019-11-14 22:48:49,282 [Thread-3075] INFO  impl.RoleInfo (RoleInfo.java:updateAndGet(143)) - efe5f872-798a-491e-a32c-3b7da58242e1: start LeaderElection
2019-11-14 22:48:49,318 [Datanode State Machine Thread - 0] INFO  statemachine.DatanodeStateMachine (DatanodeStateMachine.java:lambda$startDaemon$0(355)) - Ozone container server started.
2019-11-14 22:48:49,417 [Thread-3074] INFO  impl.FollowerState (FollowerState.java:run(111)) - c80859c9-f21b-4abf-8d4a-e53adb085c0c@group-84B818EA8256-FollowerState: change to CANDIDATE, lastRpcTime:1179ms, electionTimeout:1179ms
2019-11-14 22:48:49,417 [Thread-3074] INFO  impl.RoleInfo (RoleInfo.java:shutdownFollowerState(121)) - c80859c9-f21b-4abf-8d4a-e53adb085c0c: shutdown FollowerState
2019-11-14 22:48:49,418 [Thread-3074] INFO  impl.RaftServerImpl (RaftServerImpl.java:setRole(173)) - c80859c9-f21b-4abf-8d4a-e53adb085c0c@group-84B818EA8256: changes role from  FOLLOWER to CANDIDATE at term 1 for changeToCandidate
2019-11-14 22:48:49,418 [Thread-3074] INFO  impl.RoleInfo (RoleInfo.java:updateAndGet(143)) - c80859c9-f21b-4abf-8d4a-e53adb085c0c: start LeaderElection
2019-11-14 22:48:50,572 [pool-419-thread-1] INFO  storage.RaftStorageDirectory (RaftStorageDirectory.java:tryLock(328)) - Lock on /workdir/hadoop-ozone/integration-test/target/test-dir/MiniOzoneClusterImpl-cc864e37-e864-4d68-a6c4-66bb4c0b7714/datanode-3/data/ratis/52ab38f0-094d-4a5d-9b18-c307bab6ac03/in_use.lock acquired by nodename 339@pr-hdds-2494-dtfqw-3996435450
2019-11-14 22:48:50,572 [4327b9a0-f311-4ee4-b5c4-0291d295fd82@group-1E1E5B1372C6-LeaderElection125] INFO  impl.LeaderElection (LeaderElection.java:askForVotes(178)) - 4327b9a0-f311-4ee4-b5c4-0291d295fd82@group-1E1E5B1372C6-LeaderElection125: begin an election at term 1 for -1: [4327b9a0-f311-4ee4-b5c4-0291d295fd82:192.168.69.106:41256], old=null
2019-11-14 22:48:50,572 [4327b9a0-f311-4ee4-b5c4-0291d295fd82@group-1E1E5B1372C6-LeaderElection125] INFO  impl.RoleInfo (RoleInfo.java:shutdownLeaderElection(134)) - 4327b9a0-f311-4ee4-b5c4-0291d295fd82: shutdown LeaderElection
2019-11-14 22:48:50,573 [4327b9a0-f311-4ee4-b5c4-0291d295fd82@group-1E1E5B1372C6-LeaderElection125] INFO  impl.RaftServerImpl (RaftServerImpl.java:setRole(173)) - 4327b9a0-f311-4ee4-b5c4-0291d295fd82@group-1E1E5B1372C6: changes role from CANDIDATE to LEADER at term 1 for changeToLeader
2019-11-14 22:48:50,573 [4327b9a0-f311-4ee4-b5c4-0291d295fd82@group-1E1E5B1372C6-LeaderElection125] INFO  ratis.XceiverServerRatis (XceiverServerRatis.java:handleLeaderChangedNotification(697)) - Leader change notification received for group: group-1E1E5B1372C6 with new leaderId: 4327b9a0-f311-4ee4-b5c4-0291d295fd82
2019-11-14 22:48:50,576 [4327b9a0-f311-4ee4-b5c4-0291d295fd82@group-1E1E5B1372C6-LeaderElection125] INFO  impl.RaftServerImpl (ServerState.java:setLeader(255)) - 4327b9a0-f311-4ee4-b5c4-0291d295fd82@group-1E1E5B1372C6: change Leader from null to 4327b9a0-f311-4ee4-b5c4-0291d295fd82 at term 1 for becomeLeader, leader elected after 23381ms
2019-11-14 22:48:50,576 [4327b9a0-f311-4ee4-b5c4-0291d295fd82@group-1E1E5B1372C6-LeaderElection125] INFO  server.RaftServerConfigKeys (ConfUtils.java:logGet(43)) - raft.server.staging.catchup.gap = 1000 (default)
2019-11-14 22:48:50,576 [4327b9a0-f311-4ee4-b5c4-0291d295fd82@group-1E1E5B1372C6-LeaderElection125] INFO  server.RaftServerConfigKeys (ConfUtils.java:logGet(43)) - raft.server.rpc.sleep.time = 25ms (default)
2019-11-14 22:48:50,576 [4327b9a0-f311-4ee4-b5c4-0291d295fd82@group-1E1E5B1372C6-LeaderElection125] INFO  server.RaftServerConfigKeys (ConfUtils.java:logGet(43)) - raft.server.write.element-limit = 4096 (default)
2019-11-14 22:48:50,577 [4327b9a0-f311-4ee4-b5c4-0291d295fd82@group-1E1E5B1372C6-LeaderElection125] INFO  server.RaftServerConfigKeys (ConfUtils.java:logGet(43)) - raft.server.watch.timeout = 10s (default)
2019-11-14 22:48:50,577 [4327b9a0-f311-4ee4-b5c4-0291d295fd82@group-1E1E5B1372C6-LeaderElection125] INFO  server.RaftServerConfigKeys (ConfUtils.java:logGet(43)) - raft.server.watch.timeout.denomination = 1s (default)
2019-11-14 22:48:50,577 [4327b9a0-f311-4ee4-b5c4-0291d295fd82@group-1E1E5B1372C6-LeaderElection125] INFO  server.RaftServerConfigKeys (ConfUtils.java:logGet(43)) - raft.server.watch.element-limit = 65536 (default)
2019-11-14 22:48:50,577 [4327b9a0-f311-4ee4-b5c4-0291d295fd82@group-1E1E5B1372C6-LeaderElection125] INFO  impl.RoleInfo (RoleInfo.java:updateAndGet(143)) - 4327b9a0-f311-4ee4-b5c4-0291d295fd82: start LeaderState
2019-11-14 22:48:50,578 [4327b9a0-f311-4ee4-b5c4-0291d295fd82@group-1E1E5B1372C6-LeaderElection125] INFO  segmented.SegmentedRaftLogWorker (SegmentedRaftLogWorker.java:startLogSegment(385)) - 4327b9a0-f311-4ee4-b5c4-0291d295fd82@group-1E1E5B1372C6-SegmentedRaftLogWorker: Starting segment from index:0
2019-11-14 22:48:50,579 [4327b9a0-f311-4ee4-b5c4-0291d295fd82@group-1E1E5B1372C6-LeaderElection125] INFO  impl.RaftServerImpl (ServerState.java:setRaftConf(356)) - 4327b9a0-f311-4ee4-b5c4-0291d295fd82@group-1E1E5B1372C6: set configuration 0: [4327b9a0-f311-4ee4-b5c4-0291d295fd82:192.168.69.106:41256], old=null at 0
2019-11-14 22:48:50,582 [grpc-default-executor-4] INFO  impl.RaftServerProxy (RaftServerProxy.java:remove(95)) - 4327b9a0-f311-4ee4-b5c4-0291d295fd82: remove group-C307BAB6AC03:java.util.concurrent.CompletableFuture@1cc4779c[Not completed, 1 dependents]
2019-11-14 22:48:52,803 [pool-429-thread-1] INFO  storage.RaftStorage (RaftStorage.java:format(84)) - Storage directory /workdir/hadoop-ozone/integration-test/target/test-dir/MiniOzoneClusterImpl-cc864e37-e864-4d68-a6c4-66bb4c0b7714/datanode-4/data/ratis/afcaeb6c-c12e-41fb-85fd-76c8dd8ce2e2 has been successfully formatted.
2019-11-14 22:48:52,803 [c80859c9-f21b-4abf-8d4a-e53adb085c0c@group-84B818EA8256-LeaderElection127] INFO  impl.LeaderElection (LeaderElection.java:askForVotes(178)) - c80859c9-f21b-4abf-8d4a-e53adb085c0c@group-84B818EA8256-LeaderElection127: begin an election at term 2 for -1: [4327b9a0-f311-4ee4-b5c4-0291d295fd82:192.168.69.106:41256, c80859c9-f21b-4abf-8d4a-e53adb085c0c:192.168.69.106:40401, efe5f872-798a-491e-a32c-3b7da58242e1:192.168.69.106:36375], old=null
2019-11-14 22:48:52,803 [efe5f872-798a-491e-a32c-3b7da58242e1@group-84B818EA8256-LeaderElection126] INFO  impl.LeaderElection (LeaderElection.java:askForVotes(178)) - efe5f872-798a-491e-a32c-3b7da58242e1@group-84B818EA8256-LeaderElection126: begin an election at term 2 for -1: [4327b9a0-f311-4ee4-b5c4-0291d295fd82:192.168.69.106:41256, c80859c9-f21b-4abf-8d4a-e53adb085c0c:192.168.69.106:40401, efe5f872-798a-491e-a32c-3b7da58242e1:192.168.69.106:36375], old=null
2019-11-14 22:48:52,803 [pool-429-thread-1] INFO  ratis.ContainerStateMachine (ContainerStateMachine.java:loadSnapshot(223)) - group-76C8DD8CE2E2: The snapshot info is null. Setting the last applied indexto:(t:0, i:~)
2019-11-14 22:48:52,803 [pool-399-thread-1] INFO  storage.RaftStorage (RaftStorage.java:format(84)) - Storage directory /workdir/hadoop-ozone/integration-test/target/test-dir/MiniOzoneClusterImpl-cc864e37-e864-4d68-a6c4-66bb4c0b7714/datanode-1/data/ratis/afcaeb6c-c12e-41fb-85fd-76c8dd8ce2e2 has been successfully formatted.
2019-11-14 22:48:52,804 [pool-429-thread-1] INFO  server.RaftServerConfigKeys (ConfUtils.java:logGet(43)) - raft.server.notification.no-leader.timeout = 120s (custom)
2019-11-14 22:48:52,804 [pool-429-thread-1] INFO  server.RaftServerConfigKeys (ConfUtils.java:logGet(43)) - raft.server.log.use.memory = false (default)
2019-11-14 22:48:52,804 [pool-399-thread-1] INFO  ratis.ContainerStateMachine (ContainerStateMachine.java:loadSnapshot(223)) - group-76C8DD8CE2E2: The snapshot info is null. Setting the last applied indexto:(t:0, i:~)
2019-11-14 22:48:52,804 [pool-429-thread-1] INFO  server.RaftServerConfigKeys (ConfUtils.java:logGet(43)) - raft.server.log.purge.gap = 1000000 (custom)
2019-11-14 22:48:52,804 [pool-399-thread-1] INFO  server.RaftServerConfigKeys (ConfUtils.java:logGet(43)) - raft.server.notification.no-leader.timeout = 120s (custom)
2019-11-14 22:48:52,805 [pool-429-thread-1] INFO  server.RaftServerConfigKeys (ConfUtils.java:logGet(43)) - raft.server.log.appender.buffer.byte-limit = 33554432 (custom)
2019-11-14 22:48:52,805 [pool-399-thread-1] INFO  server.RaftServerConfigKeys (ConfUtils.java:logGet(43)) - raft.server.log.use.memory = false (default)
2019-11-14 22:48:52,805 [pool-429-thread-1] INFO  server.RaftServerConfigKeys (ConfUtils.java:logGet(43)) - raft.server.log.segment.size.max = 1048576 (custom)
2019-11-14 22:48:52,805 [pool-399-thread-1] INFO  server.RaftServerConfigKeys (ConfUtils.java:logGet(43)) - raft.server.log.purge.gap = 1000000 (custom)
2019-11-14 22:48:52,805 [pool-429-thread-1] INFO  server.RaftServerConfigKeys (ConfUtils.java:logGet(43)) - raft.server.log.segment.cache.num.max = 2 (custom)
2019-11-14 22:48:52,805 [pool-399-thread-1] INFO  server.RaftServerConfigKeys (ConfUtils.java:logGet(43)) - raft.server.log.appender.buffer.byte-limit = 33554432 (custom)
2019-11-14 22:48:52,805 [pool-429-thread-1] INFO  segmented.SegmentedRaftLogWorker (SegmentedRaftLogWorker.java:<init>(173)) - new c80859c9-f21b-4abf-8d4a-e53adb085c0c@group-76C8DD8CE2E2-SegmentedRaftLogWorker for RaftStorage:Storage Directory /workdir/hadoop-ozone/integration-test/target/test-dir/MiniOzoneClusterImpl-cc864e37-e864-4d68-a6c4-66bb4c0b7714/datanode-4/data/ratis/afcaeb6c-c12e-41fb-85fd-76c8dd8ce2e2
2019-11-14 22:48:52,806 [pool-399-thread-1] INFO  server.RaftServerConfigKeys (ConfUtils.java:logGet(43)) - raft.server.log.segment.size.max = 1048576 (custom)
2019-11-14 22:48:52,806 [pool-429-thread-1] INFO  server.RaftServerConfigKeys (ConfUtils.java:logGet(43)) - raft.server.log.queue.byte-limit = 2147483647 (custom)
2019-11-14 22:48:52,806 [pool-399-thread-1] INFO  server.RaftServerConfigKeys (ConfUtils.java:logGet(43)) - raft.server.log.segment.cache.num.max = 2 (custom)
2019-11-14 22:48:52,806 [pool-429-thread-1] INFO  server.RaftServerConfigKeys (ConfUtils.java:logGet(43)) - raft.server.log.queue.element-limit = 1024 (custom)
2019-11-14 22:48:52,806 [pool-399-thread-1] INFO  segmented.SegmentedRaftLogWorker (SegmentedRaftLogWorker.java:<init>(173)) - new efe5f872-798a-491e-a32c-3b7da58242e1@group-76C8DD8CE2E2-SegmentedRaftLogWorker for RaftStorage:Storage Directory /workdir/hadoop-ozone/integration-test/target/test-dir/MiniOzoneClusterImpl-cc864e37-e864-4d68-a6c4-66bb4c0b7714/datanode-1/data/ratis/afcaeb6c-c12e-41fb-85fd-76c8dd8ce2e2
2019-11-14 22:48:52,806 [pool-429-thread-1] INFO  server.RaftServerConfigKeys (ConfUtils.java:logGet(43)) - raft.server.log.segment.size.max = 1048576 (custom)
2019-11-14 22:48:52,807 [pool-399-thread-1] INFO  server.RaftServerConfigKeys (ConfUtils.java:logGet(43)) - raft.server.log.queue.byte-limit = 2147483647 (custom)
2019-11-14 22:48:52,807 [pool-429-thread-1] INFO  server.RaftServerConfigKeys (ConfUtils.java:logGet(43)) - raft.server.log.preallocated.size = 16384 (custom)
2019-11-14 22:48:52,807 [pool-399-thread-1] INFO  server.RaftServerConfigKeys (ConfUtils.java:logGet(43)) - raft.server.log.queue.element-limit = 1024 (custom)
2019-11-14 22:48:52,807 [pool-429-thread-1] INFO  server.RaftServerConfigKeys (ConfUtils.java:logGet(43)) - raft.server.log.write.buffer.size = 33554432 (custom)
2019-11-14 22:48:52,807 [pool-399-thread-1] INFO  server.RaftServerConfigKeys (ConfUtils.java:logGet(43)) - raft.server.log.segment.size.max = 1048576 (custom)
2019-11-14 22:48:52,807 [pool-429-thread-1] INFO  server.RaftServerConfigKeys (ConfUtils.java:logGet(43)) - raft.server.log.force.sync.num = 128 (default)
2019-11-14 22:48:52,808 [pool-399-thread-1] INFO  server.RaftServerConfigKeys (ConfUtils.java:logGet(43)) - raft.server.log.preallocated.size = 16384 (custom)
2019-11-14 22:48:52,808 [grpc-default-executor-6] WARN  server.GrpcServerProtocolService (LogUtils.java:warn(134)) - 4327b9a0-f311-4ee4-b5c4-0291d295fd82: Failed requestVote efe5f872-798a-491e-a32c-3b7da58242e1->4327b9a0-f311-4ee4-b5c4-0291d295fd82#0: org.apache.ratis.protocol.ServerNotReadyException: 4327b9a0-f311-4ee4-b5c4-0291d295fd82@group-84B818EA8256 is not in [RUNNING]: current state is NEW
2019-11-14 22:48:52,808 [grpc-default-executor-4] WARN  server.GrpcServerProtocolService (LogUtils.java:warn(134)) - 4327b9a0-f311-4ee4-b5c4-0291d295fd82: Failed requestVote c80859c9-f21b-4abf-8d4a-e53adb085c0c->4327b9a0-f311-4ee4-b5c4-0291d295fd82#0: org.apache.ratis.protocol.ServerNotReadyException: 4327b9a0-f311-4ee4-b5c4-0291d295fd82@group-84B818EA8256 is not in [RUNNING]: current state is NEW
2019-11-14 22:48:52,808 [pool-429-thread-1] INFO  server.RaftServerConfigKeys (ConfUtils.java:logGet(43)) - raft.server.log.statemachine.data.sync = true (default)
2019-11-14 22:48:52,808 [pool-399-thread-1] INFO  server.RaftServerConfigKeys (ConfUtils.java:logGet(43)) - raft.server.log.write.buffer.size = 33554432 (custom)
2019-11-14 22:48:52,809 [pool-429-thread-1] INFO  server.RaftServerConfigKeys (ConfUtils.java:logGet(43)) - raft.server.log.statemachine.data.sync.timeout = 10s (default)
2019-11-14 22:48:52,809 [pool-399-thread-1] INFO  server.RaftServerConfigKeys (ConfUtils.java:logGet(43)) - raft.server.log.force.sync.num = 128 (default)
2019-11-14 22:48:52,809 [pool-429-thread-1] INFO  server.RaftServerConfigKeys (ConfUtils.java:logGet(43)) - raft.server.log.statemachine.data.sync.timeout.retry = -1 (default)
2019-11-14 22:48:52,809 [pool-399-thread-1] INFO  server.RaftServerConfigKeys (ConfUtils.java:logGet(43)) - raft.server.log.statemachine.data.sync = true (default)
2019-11-14 22:48:52,810 [pool-399-thread-1] INFO  server.RaftServerConfigKeys (ConfUtils.java:logGet(43)) - raft.server.log.statemachine.data.sync.timeout = 10s (default)
2019-11-14 22:48:52,810 [pool-399-thread-1] INFO  server.RaftServerConfigKeys (ConfUtils.java:logGet(43)) - raft.server.log.statemachine.data.sync.timeout.retry = -1 (default)
2019-11-14 22:48:52,810 [pool-429-thread-1] INFO  server.RaftServerConfigKeys (ConfUtils.java:logGet(43)) - raft.server.log.statemachine.data.caching.enabled = true (custom)
2019-11-14 22:48:52,810 [pool-399-thread-1] INFO  server.RaftServerConfigKeys (ConfUtils.java:logGet(43)) - raft.server.log.statemachine.data.caching.enabled = true (custom)
2019-11-14 22:48:52,811 [pool-429-thread-1] INFO  segmented.SegmentedRaftLogWorker (SegmentedRaftLogWorker.java:lambda$new$0(128)) - c80859c9-f21b-4abf-8d4a-e53adb085c0c@group-76C8DD8CE2E2-SegmentedRaftLogWorker: flushIndex: setUnconditionally 0 -> -1
2019-11-14 22:48:52,811 [pool-399-thread-1] INFO  segmented.SegmentedRaftLogWorker (SegmentedRaftLogWorker.java:lambda$new$0(128)) - efe5f872-798a-491e-a32c-3b7da58242e1@group-76C8DD8CE2E2-SegmentedRaftLogWorker: flushIndex: setUnconditionally 0 -> -1
2019-11-14 22:48:52,811 [pool-429-thread-1] INFO  server.RaftServerConfigKeys (ConfUtils.java:logGet(43)) - raft.server.snapshot.auto.trigger.enabled = true (custom)
2019-11-14 22:48:52,811 [pool-399-thread-1] INFO  server.RaftServerConfigKeys (ConfUtils.java:logGet(43)) - raft.server.snapshot.auto.trigger.enabled = true (custom)
2019-11-14 22:48:52,811 [pool-429-thread-1] INFO  server.RaftServerConfigKeys (ConfUtils.java:logGet(43)) - raft.server.snapshot.auto.trigger.threshold = 10000 (custom)
2019-11-14 22:48:52,811 [pool-399-thread-1] INFO  server.RaftServerConfigKeys (ConfUtils.java:logGet(43)) - raft.server.snapshot.auto.trigger.threshold = 10000 (custom)
2019-11-14 22:48:52,811 [pool-429-thread-1] INFO  server.RaftServerConfigKeys (ConfUtils.java:logGet(43)) - raft.server.snapshot.retention.file.num = 5 (custom)
2019-11-14 22:48:52,812 [pool-399-thread-1] INFO  server.RaftServerConfigKeys (ConfUtils.java:logGet(43)) - raft.server.snapshot.retention.file.num = 5 (custom)
2019-11-14 22:48:52,812 [pool-429-thread-1] INFO  server.RaftServerConfigKeys (ConfUtils.java:logGet(43)) - raft.server.retrycache.expirytime = 600000ms (custom)
2019-11-14 22:48:52,812 [pool-399-thread-1] INFO  server.RaftServerConfigKeys (ConfUtils.java:logGet(43)) - raft.server.retrycache.expirytime = 600000ms (custom)
2019-11-14 22:48:52,812 [efe5f872-798a-491e-a32c-3b7da58242e1@group-84B818EA8256-LeaderElection126] INFO  impl.LeaderElection (LogUtils.java:infoOrTrace(149)) - efe5f872-798a-491e-a32c-3b7da58242e1@group-84B818EA8256-LeaderElection126 got exception when requesting votes: {}
java.util.concurrent.ExecutionException: org.apache.ratis.thirdparty.io.grpc.StatusRuntimeException: INTERNAL: 4327b9a0-f311-4ee4-b5c4-0291d295fd82@group-84B818EA8256 is not in [RUNNING]: current state is NEW
	at java.util.concurrent.FutureTask.report(FutureTask.java:122)
	at java.util.concurrent.FutureTask.get(FutureTask.java:192)
	at org.apache.ratis.server.impl.LeaderElection.waitForResults(LeaderElection.java:259)
	at org.apache.ratis.server.impl.LeaderElection.askForVotes(LeaderElection.java:197)
	at org.apache.ratis.server.impl.LeaderElection.run(LeaderElection.java:133)
	at java.lang.Thread.run(Thread.java:748)
Caused by: org.apache.ratis.thirdparty.io.grpc.StatusRuntimeException: INTERNAL: 4327b9a0-f311-4ee4-b5c4-0291d295fd82@group-84B818EA8256 is not in [RUNNING]: current state is NEW
	at org.apache.ratis.thirdparty.io.grpc.stub.ClientCalls.toStatusRuntimeException(ClientCalls.java:233)
	at org.apache.ratis.thirdparty.io.grpc.stub.ClientCalls.getUnchecked(ClientCalls.java:214)
	at org.apache.ratis.thirdparty.io.grpc.stub.ClientCalls.blockingUnaryCall(ClientCalls.java:139)
	at org.apache.ratis.proto.grpc.RaftServerProtocolServiceGrpc$RaftServerProtocolServiceBlockingStub.requestVote(RaftServerProtocolServiceGrpc.java:265)
	at org.apache.ratis.grpc.server.GrpcServerProtocolClient.requestVote(GrpcServerProtocolClient.java:99)
	at org.apache.ratis.grpc.server.GrpcService.requestVote(GrpcService.java:204)
	at org.apache.ratis.server.impl.LeaderElection.lambda$submitRequests$1(LeaderElection.java:234)
	at java.util.concurrent.FutureTask.run(FutureTask.java:266)
	at java.util.concurrent.Executors$RunnableAdapter.call(Executors.java:511)
	at java.util.concurrent.FutureTask.run(FutureTask.java:266)
	at java.util.concurrent.ThreadPoolExecutor.runWorker(ThreadPoolExecutor.java:1149)
	at java.util.concurrent.ThreadPoolExecutor$Worker.run(ThreadPoolExecutor.java:624)
	... 1 more
2019-11-14 22:48:52,812 [c80859c9-f21b-4abf-8d4a-e53adb085c0c@group-84B818EA8256-LeaderElection127] INFO  impl.LeaderElection (LogUtils.java:infoOrTrace(149)) - c80859c9-f21b-4abf-8d4a-e53adb085c0c@group-84B818EA8256-LeaderElection127 got exception when requesting votes: {}
java.util.concurrent.ExecutionException: org.apache.ratis.thirdparty.io.grpc.StatusRuntimeException: INTERNAL: 4327b9a0-f311-4ee4-b5c4-0291d295fd82@group-84B818EA8256 is not in [RUNNING]: current state is NEW
	at java.util.concurrent.FutureTask.report(FutureTask.java:122)
	at java.util.concurrent.FutureTask.get(FutureTask.java:192)
	at org.apache.ratis.server.impl.LeaderElection.waitForResults(LeaderElection.java:259)
	at org.apache.ratis.server.impl.LeaderElection.askForVotes(LeaderElection.java:197)
	at org.apache.ratis.server.impl.LeaderElection.run(LeaderElection.java:133)
	at java.lang.Thread.run(Thread.java:748)
Caused by: org.apache.ratis.thirdparty.io.grpc.StatusRuntimeException: INTERNAL: 4327b9a0-f311-4ee4-b5c4-0291d295fd82@group-84B818EA8256 is not in [RUNNING]: current state is NEW
	at org.apache.ratis.thirdparty.io.grpc.stub.ClientCalls.toStatusRuntimeException(ClientCalls.java:233)
	at org.apache.ratis.thirdparty.io.grpc.stub.ClientCalls.getUnchecked(ClientCalls.java:214)
	at org.apache.ratis.thirdparty.io.grpc.stub.ClientCalls.blockingUnaryCall(ClientCalls.java:139)
	at org.apache.ratis.proto.grpc.RaftServerProtocolServiceGrpc$RaftServerProtocolServiceBlockingStub.requestVote(RaftServerProtocolServiceGrpc.java:265)
	at org.apache.ratis.grpc.server.GrpcServerProtocolClient.requestVote(GrpcServerProtocolClient.java:99)
	at org.apache.ratis.grpc.server.GrpcService.requestVote(GrpcService.java:204)
	at org.apache.ratis.server.impl.LeaderElection.lambda$submitRequests$1(LeaderElection.java:234)
	at java.util.concurrent.FutureTask.run(FutureTask.java:266)
	at java.util.concurrent.Executors$RunnableAdapter.call(Executors.java:511)
	at java.util.concurrent.FutureTask.run(FutureTask.java:266)
	at java.util.concurrent.ThreadPoolExecutor.runWorker(ThreadPoolExecutor.java:1149)
	at java.util.concurrent.ThreadPoolExecutor$Worker.run(ThreadPoolExecutor.java:624)
	... 1 more
2019-11-14 22:48:52,812 [pool-429-thread-1] WARN  impl.MetricRegistriesImpl (MetricRegistriesImpl.java:lambda$create$1(61)) - First MetricRegistry has been created without registering reporters. You may need to call MetricRegistries.global().addReportRegistration(...) before.
2019-11-14 22:48:52,812 [pool-399-thread-1] WARN  impl.MetricRegistriesImpl (MetricRegistriesImpl.java:lambda$create$1(61)) - First MetricRegistry has been created without registering reporters. You may need to call MetricRegistries.global().addReportRegistration(...) before.
2019-11-14 22:48:52,813 [pool-429-thread-1] WARN  impl.MetricRegistriesImpl (MetricRegistriesImpl.java:lambda$create$1(61)) - First MetricRegistry has been created without registering reporters. You may need to call MetricRegistries.global().addReportRegistration(...) before.
2019-11-14 22:48:52,813 [c80859c9-f21b-4abf-8d4a-e53adb085c0c@group-84B818EA8256-LeaderElection127] INFO  impl.LeaderElection (LeaderElection.java:logAndReturn(56)) - c80859c9-f21b-4abf-8d4a-e53adb085c0c@group-84B818EA8256-LeaderElection127: Election REJECTED; received 1 response(s) [c80859c9-f21b-4abf-8d4a-e53adb085c0c<-efe5f872-798a-491e-a32c-3b7da58242e1#0:FAIL-t2] and 1 exception(s); c80859c9-f21b-4abf-8d4a-e53adb085c0c@group-84B818EA8256:t2, leader=null, voted=c80859c9-f21b-4abf-8d4a-e53adb085c0c, raftlog=c80859c9-f21b-4abf-8d4a-e53adb085c0c@group-84B818EA8256-SegmentedRaftLog:OPENED:c-1,f-1,i0, conf=-1: [4327b9a0-f311-4ee4-b5c4-0291d295fd82:192.168.69.106:41256, c80859c9-f21b-4abf-8d4a-e53adb085c0c:192.168.69.106:40401, efe5f872-798a-491e-a32c-3b7da58242e1:192.168.69.106:36375], old=null
2019-11-14 22:48:52,814 [c80859c9-f21b-4abf-8d4a-e53adb085c0c@group-84B818EA8256-LeaderElection127] INFO  impl.LeaderElection (LogUtils.java:infoOrTrace(149)) -   Exception 0: {}
java.util.concurrent.ExecutionException: org.apache.ratis.thirdparty.io.grpc.StatusRuntimeException: INTERNAL: 4327b9a0-f311-4ee4-b5c4-0291d295fd82@group-84B818EA8256 is not in [RUNNING]: current state is NEW
	at java.util.concurrent.FutureTask.report(FutureTask.java:122)
	at java.util.concurrent.FutureTask.get(FutureTask.java:192)
	at org.apache.ratis.server.impl.LeaderElection.waitForResults(LeaderElection.java:259)
	at org.apache.ratis.server.impl.LeaderElection.askForVotes(LeaderElection.java:197)
	at org.apache.ratis.server.impl.LeaderElection.run(LeaderElection.java:133)
	at java.lang.Thread.run(Thread.java:748)
Caused by: org.apache.ratis.thirdparty.io.grpc.StatusRuntimeException: INTERNAL: 4327b9a0-f311-4ee4-b5c4-0291d295fd82@group-84B818EA8256 is not in [RUNNING]: current state is NEW
	at org.apache.ratis.thirdparty.io.grpc.stub.ClientCalls.toStatusRuntimeException(ClientCalls.java:233)
	at org.apache.ratis.thirdparty.io.grpc.stub.ClientCalls.getUnchecked(ClientCalls.java:214)
	at org.apache.ratis.thirdparty.io.grpc.stub.ClientCalls.blockingUnaryCall(ClientCalls.java:139)
	at org.apache.ratis.proto.grpc.RaftServerProtocolServiceGrpc$RaftServerProtocolServiceBlockingStub.requestVote(RaftServerProtocolServiceGrpc.java:265)
	at org.apache.ratis.grpc.server.GrpcServerProtocolClient.requestVote(GrpcServerProtocolClient.java:99)
	at org.apache.ratis.grpc.server.GrpcService.requestVote(GrpcService.java:204)
	at org.apache.ratis.server.impl.LeaderElection.lambda$submitRequests$1(LeaderElection.java:234)
	at java.util.concurrent.FutureTask.run(FutureTask.java:266)
	at java.util.concurrent.Executors$RunnableAdapter.call(Executors.java:511)
	at java.util.concurrent.FutureTask.run(FutureTask.java:266)
	at java.util.concurrent.ThreadPoolExecutor.runWorker(ThreadPoolExecutor.java:1149)
	at java.util.concurrent.ThreadPoolExecutor$Worker.run(ThreadPoolExecutor.java:624)
	... 1 more
2019-11-14 22:48:52,814 [c80859c9-f21b-4abf-8d4a-e53adb085c0c@group-84B818EA8256-LeaderElection127] INFO  impl.RaftServerImpl (RaftServerImpl.java:setRole(173)) - c80859c9-f21b-4abf-8d4a-e53adb085c0c@group-84B818EA8256: changes role from CANDIDATE to FOLLOWER at term 2 for DISCOVERED_A_NEW_TERM
2019-11-14 22:48:52,815 [c80859c9-f21b-4abf-8d4a-e53adb085c0c@group-84B818EA8256-LeaderElection127] INFO  impl.RoleInfo (RoleInfo.java:shutdownLeaderElection(134)) - c80859c9-f21b-4abf-8d4a-e53adb085c0c: shutdown LeaderElection
2019-11-14 22:48:52,815 [c80859c9-f21b-4abf-8d4a-e53adb085c0c@group-84B818EA8256-LeaderElection127] INFO  impl.RoleInfo (RoleInfo.java:updateAndGet(143)) - c80859c9-f21b-4abf-8d4a-e53adb085c0c: start FollowerState
2019-11-14 22:48:52,813 [efe5f872-798a-491e-a32c-3b7da58242e1@group-84B818EA8256-LeaderElection126] INFO  impl.LeaderElection (LeaderElection.java:logAndReturn(56)) - efe5f872-798a-491e-a32c-3b7da58242e1@group-84B818EA8256-LeaderElection126: Election REJECTED; received 1 response(s) [efe5f872-798a-491e-a32c-3b7da58242e1<-c80859c9-f21b-4abf-8d4a-e53adb085c0c#0:FAIL-t2] and 1 exception(s); efe5f872-798a-491e-a32c-3b7da58242e1@group-84B818EA8256:t2, leader=null, voted=efe5f872-798a-491e-a32c-3b7da58242e1, raftlog=efe5f872-798a-491e-a32c-3b7da58242e1@group-84B818EA8256-SegmentedRaftLog:OPENED:c-1,f-1,i0, conf=-1: [4327b9a0-f311-4ee4-b5c4-0291d295fd82:192.168.69.106:41256, c80859c9-f21b-4abf-8d4a-e53adb085c0c:192.168.69.106:40401, efe5f872-798a-491e-a32c-3b7da58242e1:192.168.69.106:36375], old=null
2019-11-14 22:48:52,815 [4327b9a0-f311-4ee4-b5c4-0291d295fd82@group-1E1E5B1372C6-SegmentedRaftLogWorker] INFO  segmented.SegmentedRaftLogWorker (SegmentedRaftLogWorker.java:execute(576)) - 4327b9a0-f311-4ee4-b5c4-0291d295fd82@group-1E1E5B1372C6-SegmentedRaftLogWorker: created new log segment /workdir/hadoop-ozone/integration-test/target/test-dir/MiniOzoneClusterImpl-cc864e37-e864-4d68-a6c4-66bb4c0b7714/datanode-3/data/ratis/9cf78378-fe42-4425-bdfb-1e1e5b1372c6/current/log_inprogress_0
2019-11-14 22:48:52,813 [pool-399-thread-1] WARN  impl.MetricRegistriesImpl (MetricRegistriesImpl.java:lambda$create$1(61)) - First MetricRegistry has been created without registering reporters. You may need to call MetricRegistries.global().addReportRegistration(...) before.
2019-11-14 22:48:52,815 [efe5f872-798a-491e-a32c-3b7da58242e1@group-84B818EA8256-LeaderElection126] INFO  impl.LeaderElection (LogUtils.java:infoOrTrace(149)) -   Exception 0: {}
java.util.concurrent.ExecutionException: org.apache.ratis.thirdparty.io.grpc.StatusRuntimeException: INTERNAL: 4327b9a0-f311-4ee4-b5c4-0291d295fd82@group-84B818EA8256 is not in [RUNNING]: current state is NEW
	at java.util.concurrent.FutureTask.report(FutureTask.java:122)
	at java.util.concurrent.FutureTask.get(FutureTask.java:192)
	at org.apache.ratis.server.impl.LeaderElection.waitForResults(LeaderElection.java:259)
	at org.apache.ratis.server.impl.LeaderElection.askForVotes(LeaderElection.java:197)
	at org.apache.ratis.server.impl.LeaderElection.run(LeaderElection.java:133)
	at java.lang.Thread.run(Thread.java:748)
Caused by: org.apache.ratis.thirdparty.io.grpc.StatusRuntimeException: INTERNAL: 4327b9a0-f311-4ee4-b5c4-0291d295fd82@group-84B818EA8256 is not in [RUNNING]: current state is NEW
	at org.apache.ratis.thirdparty.io.grpc.stub.ClientCalls.toStatusRuntimeException(ClientCalls.java:233)
	at org.apache.ratis.thirdparty.io.grpc.stub.ClientCalls.getUnchecked(ClientCalls.java:214)
	at org.apache.ratis.thirdparty.io.grpc.stub.ClientCalls.blockingUnaryCall(ClientCalls.java:139)
	at org.apache.ratis.proto.grpc.RaftServerProtocolServiceGrpc$RaftServerProtocolServiceBlockingStub.requestVote(RaftServerProtocolServiceGrpc.java:265)
	at org.apache.ratis.grpc.server.GrpcServerProtocolClient.requestVote(GrpcServerProtocolClient.java:99)
	at org.apache.ratis.grpc.server.GrpcService.requestVote(GrpcService.java:204)
	at org.apache.ratis.server.impl.LeaderElection.lambda$submitRequests$1(LeaderElection.java:234)
	at java.util.concurrent.FutureTask.run(FutureTask.java:266)
	at java.util.concurrent.Executors$RunnableAdapter.call(Executors.java:511)
	at java.util.concurrent.FutureTask.run(FutureTask.java:266)
	at java.util.concurrent.ThreadPoolExecutor.runWorker(ThreadPoolExecutor.java:1149)
	at java.util.concurrent.ThreadPoolExecutor$Worker.run(ThreadPoolExecutor.java:624)
	... 1 more
2019-11-14 22:48:52,816 [efe5f872-798a-491e-a32c-3b7da58242e1@group-84B818EA8256-LeaderElection126] INFO  impl.RaftServerImpl (RaftServerImpl.java:setRole(173)) - efe5f872-798a-491e-a32c-3b7da58242e1@group-84B818EA8256: changes role from CANDIDATE to FOLLOWER at term 2 for DISCOVERED_A_NEW_TERM
2019-11-14 22:48:52,817 [efe5f872-798a-491e-a32c-3b7da58242e1@group-84B818EA8256-LeaderElection126] INFO  impl.RoleInfo (RoleInfo.java:shutdownLeaderElection(134)) - efe5f872-798a-491e-a32c-3b7da58242e1: shutdown LeaderElection
2019-11-14 22:48:52,817 [pool-429-thread-1] INFO  impl.RaftServerImpl (RaftServerImpl.java:<init>(98)) - c80859c9-f21b-4abf-8d4a-e53adb085c0c: new RaftServerImpl for group-6A9929AA4DE2:[4327b9a0-f311-4ee4-b5c4-0291d295fd82:192.168.69.106:41256, c80859c9-f21b-4abf-8d4a-e53adb085c0c:192.168.69.106:40401, efe5f872-798a-491e-a32c-3b7da58242e1:192.168.69.106:36375] with ContainerStateMachine:uninitialized
2019-11-14 22:48:52,817 [pool-419-thread-1] INFO  storage.RaftStorage (RaftStorage.java:format(84)) - Storage directory /workdir/hadoop-ozone/integration-test/target/test-dir/MiniOzoneClusterImpl-cc864e37-e864-4d68-a6c4-66bb4c0b7714/datanode-3/data/ratis/52ab38f0-094d-4a5d-9b18-c307bab6ac03 has been successfully formatted.
2019-11-14 22:48:52,817 [efe5f872-798a-491e-a32c-3b7da58242e1@group-84B818EA8256-LeaderElection126] INFO  impl.RoleInfo (RoleInfo.java:updateAndGet(143)) - efe5f872-798a-491e-a32c-3b7da58242e1: start FollowerState
2019-11-14 22:48:52,817 [pool-429-thread-1] INFO  server.RaftServerConfigKeys (ConfUtils.java:logGet(43)) - raft.server.rpc.timeout.min = 1s (custom)
2019-11-14 22:48:52,817 [pool-419-thread-1] INFO  ratis.ContainerStateMachine (ContainerStateMachine.java:loadSnapshot(223)) - group-C307BAB6AC03: The snapshot info is null. Setting the last applied indexto:(t:0, i:~)
2019-11-14 22:48:52,817 [pool-429-thread-1] INFO  server.RaftServerConfigKeys (ConfUtils.java:logGet(43)) - raft.server.rpc.timeout.max = 1200ms (custom)
2019-11-14 22:48:52,818 [pool-419-thread-1] INFO  server.RaftServerConfigKeys (ConfUtils.java:logGet(43)) - raft.server.notification.no-leader.timeout = 120s (custom)
2019-11-14 22:48:52,818 [pool-399-thread-1] INFO  impl.RaftServerImpl (RaftServerImpl.java:<init>(98)) - efe5f872-798a-491e-a32c-3b7da58242e1: new RaftServerImpl for group-6A9929AA4DE2:[4327b9a0-f311-4ee4-b5c4-0291d295fd82:192.168.69.106:41256, c80859c9-f21b-4abf-8d4a-e53adb085c0c:192.168.69.106:40401, efe5f872-798a-491e-a32c-3b7da58242e1:192.168.69.106:36375] with ContainerStateMachine:uninitialized
2019-11-14 22:48:52,818 [pool-429-thread-1] INFO  server.RaftServerConfigKeys (ConfUtils.java:logGet(43)) - raft.server.rpcslowness.timeout = 120s (custom)
2019-11-14 22:48:52,818 [pool-399-thread-1] INFO  server.RaftServerConfigKeys (ConfUtils.java:logGet(43)) - raft.server.rpc.timeout.min = 1s (custom)
2019-11-14 22:48:52,818 [pool-419-thread-1] INFO  server.RaftServerConfigKeys (ConfUtils.java:logGet(43)) - raft.server.log.use.memory = false (default)
2019-11-14 22:48:52,818 [pool-399-thread-1] INFO  server.RaftServerConfigKeys (ConfUtils.java:logGet(43)) - raft.server.rpc.timeout.max = 1200ms (custom)
2019-11-14 22:48:52,818 [pool-399-thread-1] INFO  server.RaftServerConfigKeys (ConfUtils.java:logGet(43)) - raft.server.rpcslowness.timeout = 120s (custom)
2019-11-14 22:48:52,818 [pool-429-thread-1] INFO  server.RaftServerConfigKeys (ConfUtils.java:logGet(43)) - raft.server.sleep.deviation.threshold = 300 (default)
2019-11-14 22:48:52,818 [pool-399-thread-1] INFO  server.RaftServerConfigKeys (ConfUtils.java:logGet(43)) - raft.server.sleep.deviation.threshold = 300 (default)
2019-11-14 22:48:52,819 [pool-399-thread-1] INFO  server.RaftServerConfigKeys (ConfUtils.java:logGet(43)) - raft.server.log.appender.install.snapshot.enabled = false (custom)
2019-11-14 22:48:52,818 [pool-419-thread-1] INFO  server.RaftServerConfigKeys (ConfUtils.java:logGet(43)) - raft.server.log.purge.gap = 1000000 (custom)
2019-11-14 22:48:52,819 [pool-399-thread-1] INFO  impl.RaftServerImpl (ServerState.java:<init>(103)) - efe5f872-798a-491e-a32c-3b7da58242e1@group-6A9929AA4DE2: ConfigurationManager, init=-1: [4327b9a0-f311-4ee4-b5c4-0291d295fd82:192.168.69.106:41256, c80859c9-f21b-4abf-8d4a-e53adb085c0c:192.168.69.106:40401, efe5f872-798a-491e-a32c-3b7da58242e1:192.168.69.106:36375], old=null, confs=<EMPTY_MAP>
2019-11-14 22:48:52,819 [pool-429-thread-1] INFO  server.RaftServerConfigKeys (ConfUtils.java:logGet(43)) - raft.server.log.appender.install.snapshot.enabled = false (custom)
2019-11-14 22:48:52,819 [pool-399-thread-1] INFO  server.RaftServerConfigKeys (ConfUtils.java:logGet(43)) - raft.server.storage.dir = [/workdir/hadoop-ozone/integration-test/target/test-dir/MiniOzoneClusterImpl-cc864e37-e864-4d68-a6c4-66bb4c0b7714/datanode-1/data/ratis] (custom)
2019-11-14 22:48:52,819 [pool-419-thread-1] INFO  server.RaftServerConfigKeys (ConfUtils.java:logGet(43)) - raft.server.log.appender.buffer.byte-limit = 33554432 (custom)
2019-11-14 22:48:52,819 [pool-429-thread-1] INFO  impl.RaftServerImpl (ServerState.java:<init>(103)) - c80859c9-f21b-4abf-8d4a-e53adb085c0c@group-6A9929AA4DE2: ConfigurationManager, init=-1: [4327b9a0-f311-4ee4-b5c4-0291d295fd82:192.168.69.106:41256, c80859c9-f21b-4abf-8d4a-e53adb085c0c:192.168.69.106:40401, efe5f872-798a-491e-a32c-3b7da58242e1:192.168.69.106:36375], old=null, confs=<EMPTY_MAP>
2019-11-14 22:48:52,819 [pool-419-thread-1] INFO  server.RaftServerConfigKeys (ConfUtils.java:logGet(43)) - raft.server.log.segment.size.max = 1048576 (custom)
2019-11-14 22:48:52,819 [pool-429-thread-1] INFO  server.RaftServerConfigKeys (ConfUtils.java:logGet(43)) - raft.server.storage.dir = [/workdir/hadoop-ozone/integration-test/target/test-dir/MiniOzoneClusterImpl-cc864e37-e864-4d68-a6c4-66bb4c0b7714/datanode-4/data/ratis] (custom)
2019-11-14 22:48:52,819 [pool-399-thread-1] INFO  server.RaftServerConfigKeys (ConfUtils.java:logGet(43)) - raft.server.log.corruption.policy = EXCEPTION (default)
2019-11-14 22:48:52,820 [pool-419-thread-1] INFO  server.RaftServerConfigKeys (ConfUtils.java:logGet(43)) - raft.server.log.segment.cache.num.max = 2 (custom)
2019-11-14 22:48:52,820 [pool-429-thread-1] INFO  server.RaftServerConfigKeys (ConfUtils.java:logGet(43)) - raft.server.log.corruption.policy = EXCEPTION (default)
2019-11-14 22:48:52,820 [pool-419-thread-1] INFO  segmented.SegmentedRaftLogWorker (SegmentedRaftLogWorker.java:<init>(173)) - new 4327b9a0-f311-4ee4-b5c4-0291d295fd82@group-C307BAB6AC03-SegmentedRaftLogWorker for RaftStorage:Storage Directory /workdir/hadoop-ozone/integration-test/target/test-dir/MiniOzoneClusterImpl-cc864e37-e864-4d68-a6c4-66bb4c0b7714/datanode-3/data/ratis/52ab38f0-094d-4a5d-9b18-c307bab6ac03
2019-11-14 22:48:52,820 [pool-399-thread-1] INFO  storage.RaftStorageDirectory (RaftStorageDirectory.java:analyzeStorage(246)) - The storage directory /workdir/hadoop-ozone/integration-test/target/test-dir/MiniOzoneClusterImpl-cc864e37-e864-4d68-a6c4-66bb4c0b7714/datanode-1/data/ratis/344cd683-c7b8-4940-9f3d-6a9929aa4de2 does not exist. Creating ...
2019-11-14 22:48:52,820 [pool-429-thread-1] INFO  storage.RaftStorageDirectory (RaftStorageDirectory.java:analyzeStorage(246)) - The storage directory /workdir/hadoop-ozone/integration-test/target/test-dir/MiniOzoneClusterImpl-cc864e37-e864-4d68-a6c4-66bb4c0b7714/datanode-4/data/ratis/344cd683-c7b8-4940-9f3d-6a9929aa4de2 does not exist. Creating ...
2019-11-14 22:48:52,820 [pool-419-thread-1] INFO  server.RaftServerConfigKeys (ConfUtils.java:logGet(43)) - raft.server.log.queue.byte-limit = 2147483647 (custom)
2019-11-14 22:48:52,821 [pool-419-thread-1] INFO  server.RaftServerConfigKeys (ConfUtils.java:logGet(43)) - raft.server.log.queue.element-limit = 1024 (custom)
2019-11-14 22:48:52,821 [pool-419-thread-1] INFO  server.RaftServerConfigKeys (ConfUtils.java:logGet(43)) - raft.server.log.segment.size.max = 1048576 (custom)
2019-11-14 22:48:52,821 [pool-419-thread-1] INFO  server.RaftServerConfigKeys (ConfUtils.java:logGet(43)) - raft.server.log.preallocated.size = 16384 (custom)
2019-11-14 22:48:52,821 [pool-419-thread-1] INFO  server.RaftServerConfigKeys (ConfUtils.java:logGet(43)) - raft.server.log.write.buffer.size = 33554432 (custom)
2019-11-14 22:48:52,821 [pool-419-thread-1] INFO  server.RaftServerConfigKeys (ConfUtils.java:logGet(43)) - raft.server.log.force.sync.num = 128 (default)
2019-11-14 22:48:52,821 [pool-419-thread-1] INFO  server.RaftServerConfigKeys (ConfUtils.java:logGet(43)) - raft.server.log.statemachine.data.sync = true (default)
2019-11-14 22:48:52,821 [pool-419-thread-1] INFO  server.RaftServerConfigKeys (ConfUtils.java:logGet(43)) - raft.server.log.statemachine.data.sync.timeout = 10s (default)
2019-11-14 22:48:52,822 [pool-419-thread-1] INFO  server.RaftServerConfigKeys (ConfUtils.java:logGet(43)) - raft.server.log.statemachine.data.sync.timeout.retry = -1 (default)
2019-11-14 22:48:52,822 [pool-419-thread-1] INFO  server.RaftServerConfigKeys (ConfUtils.java:logGet(43)) - raft.server.log.statemachine.data.caching.enabled = true (custom)
2019-11-14 22:48:52,822 [pool-419-thread-1] INFO  segmented.SegmentedRaftLogWorker (SegmentedRaftLogWorker.java:lambda$new$0(128)) - 4327b9a0-f311-4ee4-b5c4-0291d295fd82@group-C307BAB6AC03-SegmentedRaftLogWorker: flushIndex: setUnconditionally 0 -> -1
2019-11-14 22:48:52,822 [pool-419-thread-1] INFO  server.RaftServerConfigKeys (ConfUtils.java:logGet(43)) - raft.server.snapshot.auto.trigger.enabled = true (custom)
2019-11-14 22:48:52,822 [pool-419-thread-1] INFO  server.RaftServerConfigKeys (ConfUtils.java:logGet(43)) - raft.server.snapshot.auto.trigger.threshold = 10000 (custom)
2019-11-14 22:48:52,823 [pool-419-thread-1] INFO  server.RaftServerConfigKeys (ConfUtils.java:logGet(43)) - raft.server.snapshot.retention.file.num = 5 (custom)
2019-11-14 22:48:52,823 [pool-419-thread-1] INFO  server.RaftServerConfigKeys (ConfUtils.java:logGet(43)) - raft.server.retrycache.expirytime = 600000ms (custom)
2019-11-14 22:48:52,823 [pool-419-thread-1] WARN  impl.MetricRegistriesImpl (MetricRegistriesImpl.java:lambda$create$1(61)) - First MetricRegistry has been created without registering reporters. You may need to call MetricRegistries.global().addReportRegistration(...) before.
2019-11-14 22:48:52,823 [pool-419-thread-1] WARN  impl.MetricRegistriesImpl (MetricRegistriesImpl.java:lambda$create$1(61)) - First MetricRegistry has been created without registering reporters. You may need to call MetricRegistries.global().addReportRegistration(...) before.
2019-11-14 22:48:52,825 [pool-419-thread-1] INFO  impl.RaftServerImpl (RaftServerImpl.java:<init>(98)) - 4327b9a0-f311-4ee4-b5c4-0291d295fd82: new RaftServerImpl for group-5177CEA7D76B:[4327b9a0-f311-4ee4-b5c4-0291d295fd82:192.168.69.106:41256] with ContainerStateMachine:uninitialized
2019-11-14 22:48:52,825 [pool-419-thread-1] INFO  server.RaftServerConfigKeys (ConfUtils.java:logGet(43)) - raft.server.rpc.timeout.min = 1s (custom)
2019-11-14 22:48:52,825 [pool-419-thread-1] INFO  server.RaftServerConfigKeys (ConfUtils.java:logGet(43)) - raft.server.rpc.timeout.max = 1200ms (custom)
2019-11-14 22:48:52,825 [pool-419-thread-1] INFO  server.RaftServerConfigKeys (ConfUtils.java:logGet(43)) - raft.server.rpcslowness.timeout = 120s (custom)
2019-11-14 22:48:52,825 [pool-419-thread-1] INFO  server.RaftServerConfigKeys (ConfUtils.java:logGet(43)) - raft.server.sleep.deviation.threshold = 300 (default)
2019-11-14 22:48:52,826 [pool-419-thread-1] INFO  server.RaftServerConfigKeys (ConfUtils.java:logGet(43)) - raft.server.log.appender.install.snapshot.enabled = false (custom)
2019-11-14 22:48:52,826 [pool-419-thread-1] INFO  impl.RaftServerImpl (ServerState.java:<init>(103)) - 4327b9a0-f311-4ee4-b5c4-0291d295fd82@group-5177CEA7D76B: ConfigurationManager, init=-1: [4327b9a0-f311-4ee4-b5c4-0291d295fd82:192.168.69.106:41256], old=null, confs=<EMPTY_MAP>
2019-11-14 22:48:52,826 [pool-419-thread-1] INFO  server.RaftServerConfigKeys (ConfUtils.java:logGet(43)) - raft.server.storage.dir = [/workdir/hadoop-ozone/integration-test/target/test-dir/MiniOzoneClusterImpl-cc864e37-e864-4d68-a6c4-66bb4c0b7714/datanode-3/data/ratis] (custom)
2019-11-14 22:48:52,826 [pool-419-thread-1] INFO  server.RaftServerConfigKeys (ConfUtils.java:logGet(43)) - raft.server.log.corruption.policy = EXCEPTION (default)
2019-11-14 22:48:52,826 [pool-419-thread-1] INFO  storage.RaftStorageDirectory (RaftStorageDirectory.java:analyzeStorage(246)) - The storage directory /workdir/hadoop-ozone/integration-test/target/test-dir/MiniOzoneClusterImpl-cc864e37-e864-4d68-a6c4-66bb4c0b7714/datanode-3/data/ratis/9bd4fb94-1591-40d9-bb06-5177cea7d76b does not exist. Creating ...
2019-11-14 22:48:52,829 [grpc-default-executor-6] INFO  impl.RaftServerProxy (RaftServerProxy.java:remove(95)) - 4327b9a0-f311-4ee4-b5c4-0291d295fd82: remove group-5177CEA7D76B:java.util.concurrent.CompletableFuture@286d98e3[Not completed, 1 dependents]
2019-11-14 22:48:52,865 [pool-419-thread-1] INFO  storage.RaftStorageDirectory (RaftStorageDirectory.java:tryLock(328)) - Lock on /workdir/hadoop-ozone/integration-test/target/test-dir/MiniOzoneClusterImpl-cc864e37-e864-4d68-a6c4-66bb4c0b7714/datanode-3/data/ratis/9bd4fb94-1591-40d9-bb06-5177cea7d76b/in_use.lock acquired by nodename 339@pr-hdds-2494-dtfqw-3996435450
2019-11-14 22:48:52,865 [pool-429-thread-1] INFO  storage.RaftStorageDirectory (RaftStorageDirectory.java:tryLock(328)) - Lock on /workdir/hadoop-ozone/integration-test/target/test-dir/MiniOzoneClusterImpl-cc864e37-e864-4d68-a6c4-66bb4c0b7714/datanode-4/data/ratis/344cd683-c7b8-4940-9f3d-6a9929aa4de2/in_use.lock acquired by nodename 339@pr-hdds-2494-dtfqw-3996435450
2019-11-14 22:48:52,865 [pool-399-thread-1] INFO  storage.RaftStorageDirectory (RaftStorageDirectory.java:tryLock(328)) - Lock on /workdir/hadoop-ozone/integration-test/target/test-dir/MiniOzoneClusterImpl-cc864e37-e864-4d68-a6c4-66bb4c0b7714/datanode-1/data/ratis/344cd683-c7b8-4940-9f3d-6a9929aa4de2/in_use.lock acquired by nodename 339@pr-hdds-2494-dtfqw-3996435450
2019-11-14 22:48:52,911 [pool-399-thread-1] INFO  storage.RaftStorage (RaftStorage.java:format(84)) - Storage directory /workdir/hadoop-ozone/integration-test/target/test-dir/MiniOzoneClusterImpl-cc864e37-e864-4d68-a6c4-66bb4c0b7714/datanode-1/data/ratis/344cd683-c7b8-4940-9f3d-6a9929aa4de2 has been successfully formatted.
2019-11-14 22:48:52,911 [pool-419-thread-1] INFO  storage.RaftStorage (RaftStorage.java:format(84)) - Storage directory /workdir/hadoop-ozone/integration-test/target/test-dir/MiniOzoneClusterImpl-cc864e37-e864-4d68-a6c4-66bb4c0b7714/datanode-3/data/ratis/9bd4fb94-1591-40d9-bb06-5177cea7d76b has been successfully formatted.
2019-11-14 22:48:52,912 [pool-399-thread-1] INFO  ratis.ContainerStateMachine (ContainerStateMachine.java:loadSnapshot(223)) - group-6A9929AA4DE2: The snapshot info is null. Setting the last applied indexto:(t:0, i:~)
2019-11-14 22:48:52,912 [pool-429-thread-1] INFO  storage.RaftStorage (RaftStorage.java:format(84)) - Storage directory /workdir/hadoop-ozone/integration-test/target/test-dir/MiniOzoneClusterImpl-cc864e37-e864-4d68-a6c4-66bb4c0b7714/datanode-4/data/ratis/344cd683-c7b8-4940-9f3d-6a9929aa4de2 has been successfully formatted.
2019-11-14 22:48:52,912 [pool-419-thread-1] INFO  ratis.ContainerStateMachine (ContainerStateMachine.java:loadSnapshot(223)) - group-5177CEA7D76B: The snapshot info is null. Setting the last applied indexto:(t:0, i:~)
2019-11-14 22:48:52,912 [pool-399-thread-1] INFO  server.RaftServerConfigKeys (ConfUtils.java:logGet(43)) - raft.server.notification.no-leader.timeout = 120s (custom)
2019-11-14 22:48:52,912 [pool-419-thread-1] INFO  server.RaftServerConfigKeys (ConfUtils.java:logGet(43)) - raft.server.notification.no-leader.timeout = 120s (custom)
2019-11-14 22:48:52,912 [pool-429-thread-1] INFO  ratis.ContainerStateMachine (ContainerStateMachine.java:loadSnapshot(223)) - group-6A9929AA4DE2: The snapshot info is null. Setting the last applied indexto:(t:0, i:~)
2019-11-14 22:48:52,913 [pool-419-thread-1] INFO  server.RaftServerConfigKeys (ConfUtils.java:logGet(43)) - raft.server.log.use.memory = false (default)
2019-11-14 22:48:52,912 [pool-399-thread-1] INFO  server.RaftServerConfigKeys (ConfUtils.java:logGet(43)) - raft.server.log.use.memory = false (default)
2019-11-14 22:48:52,913 [pool-419-thread-1] INFO  server.RaftServerConfigKeys (ConfUtils.java:logGet(43)) - raft.server.log.purge.gap = 1000000 (custom)
2019-11-14 22:48:52,913 [pool-429-thread-1] INFO  server.RaftServerConfigKeys (ConfUtils.java:logGet(43)) - raft.server.notification.no-leader.timeout = 120s (custom)
2019-11-14 22:48:52,913 [pool-419-thread-1] INFO  server.RaftServerConfigKeys (ConfUtils.java:logGet(43)) - raft.server.log.appender.buffer.byte-limit = 33554432 (custom)
2019-11-14 22:48:52,913 [pool-399-thread-1] INFO  server.RaftServerConfigKeys (ConfUtils.java:logGet(43)) - raft.server.log.purge.gap = 1000000 (custom)
2019-11-14 22:48:52,913 [pool-419-thread-1] INFO  server.RaftServerConfigKeys (ConfUtils.java:logGet(43)) - raft.server.log.segment.size.max = 1048576 (custom)
2019-11-14 22:48:52,913 [pool-429-thread-1] INFO  server.RaftServerConfigKeys (ConfUtils.java:logGet(43)) - raft.server.log.use.memory = false (default)
2019-11-14 22:48:52,913 [pool-419-thread-1] INFO  server.RaftServerConfigKeys (ConfUtils.java:logGet(43)) - raft.server.log.segment.cache.num.max = 2 (custom)
2019-11-14 22:48:52,913 [pool-399-thread-1] INFO  server.RaftServerConfigKeys (ConfUtils.java:logGet(43)) - raft.server.log.appender.buffer.byte-limit = 33554432 (custom)
2019-11-14 22:48:52,913 [pool-419-thread-1] INFO  segmented.SegmentedRaftLogWorker (SegmentedRaftLogWorker.java:<init>(173)) - new 4327b9a0-f311-4ee4-b5c4-0291d295fd82@group-5177CEA7D76B-SegmentedRaftLogWorker for RaftStorage:Storage Directory /workdir/hadoop-ozone/integration-test/target/test-dir/MiniOzoneClusterImpl-cc864e37-e864-4d68-a6c4-66bb4c0b7714/datanode-3/data/ratis/9bd4fb94-1591-40d9-bb06-5177cea7d76b
2019-11-14 22:48:52,913 [pool-429-thread-1] INFO  server.RaftServerConfigKeys (ConfUtils.java:logGet(43)) - raft.server.log.purge.gap = 1000000 (custom)
2019-11-14 22:48:52,914 [pool-419-thread-1] INFO  server.RaftServerConfigKeys (ConfUtils.java:logGet(43)) - raft.server.log.queue.byte-limit = 2147483647 (custom)
2019-11-14 22:48:52,913 [pool-399-thread-1] INFO  server.RaftServerConfigKeys (ConfUtils.java:logGet(43)) - raft.server.log.segment.size.max = 1048576 (custom)
2019-11-14 22:48:52,914 [pool-419-thread-1] INFO  server.RaftServerConfigKeys (ConfUtils.java:logGet(43)) - raft.server.log.queue.element-limit = 1024 (custom)
2019-11-14 22:48:52,914 [pool-429-thread-1] INFO  server.RaftServerConfigKeys (ConfUtils.java:logGet(43)) - raft.server.log.appender.buffer.byte-limit = 33554432 (custom)
2019-11-14 22:48:52,914 [pool-419-thread-1] INFO  server.RaftServerConfigKeys (ConfUtils.java:logGet(43)) - raft.server.log.segment.size.max = 1048576 (custom)
2019-11-14 22:48:52,914 [pool-399-thread-1] INFO  server.RaftServerConfigKeys (ConfUtils.java:logGet(43)) - raft.server.log.segment.cache.num.max = 2 (custom)
2019-11-14 22:48:52,914 [pool-419-thread-1] INFO  server.RaftServerConfigKeys (ConfUtils.java:logGet(43)) - raft.server.log.preallocated.size = 16384 (custom)
2019-11-14 22:48:52,914 [pool-429-thread-1] INFO  server.RaftServerConfigKeys (ConfUtils.java:logGet(43)) - raft.server.log.segment.size.max = 1048576 (custom)
2019-11-14 22:48:52,914 [pool-419-thread-1] INFO  server.RaftServerConfigKeys (ConfUtils.java:logGet(43)) - raft.server.log.write.buffer.size = 33554432 (custom)
2019-11-14 22:48:52,914 [pool-399-thread-1] INFO  segmented.SegmentedRaftLogWorker (SegmentedRaftLogWorker.java:<init>(173)) - new efe5f872-798a-491e-a32c-3b7da58242e1@group-6A9929AA4DE2-SegmentedRaftLogWorker for RaftStorage:Storage Directory /workdir/hadoop-ozone/integration-test/target/test-dir/MiniOzoneClusterImpl-cc864e37-e864-4d68-a6c4-66bb4c0b7714/datanode-1/data/ratis/344cd683-c7b8-4940-9f3d-6a9929aa4de2
2019-11-14 22:48:52,914 [pool-419-thread-1] INFO  server.RaftServerConfigKeys (ConfUtils.java:logGet(43)) - raft.server.log.force.sync.num = 128 (default)
2019-11-14 22:48:52,914 [pool-429-thread-1] INFO  server.RaftServerConfigKeys (ConfUtils.java:logGet(43)) - raft.server.log.segment.cache.num.max = 2 (custom)
2019-11-14 22:48:52,914 [pool-419-thread-1] INFO  server.RaftServerConfigKeys (ConfUtils.java:logGet(43)) - raft.server.log.statemachine.data.sync = true (default)
2019-11-14 22:48:52,914 [pool-399-thread-1] INFO  server.RaftServerConfigKeys (ConfUtils.java:logGet(43)) - raft.server.log.queue.byte-limit = 2147483647 (custom)
2019-11-14 22:48:52,915 [pool-419-thread-1] INFO  server.RaftServerConfigKeys (ConfUtils.java:logGet(43)) - raft.server.log.statemachine.data.sync.timeout = 10s (default)
2019-11-14 22:48:52,915 [pool-429-thread-1] INFO  segmented.SegmentedRaftLogWorker (SegmentedRaftLogWorker.java:<init>(173)) - new c80859c9-f21b-4abf-8d4a-e53adb085c0c@group-6A9929AA4DE2-SegmentedRaftLogWorker for RaftStorage:Storage Directory /workdir/hadoop-ozone/integration-test/target/test-dir/MiniOzoneClusterImpl-cc864e37-e864-4d68-a6c4-66bb4c0b7714/datanode-4/data/ratis/344cd683-c7b8-4940-9f3d-6a9929aa4de2
2019-11-14 22:48:52,915 [pool-419-thread-1] INFO  server.RaftServerConfigKeys (ConfUtils.java:logGet(43)) - raft.server.log.statemachine.data.sync.timeout.retry = -1 (default)
2019-11-14 22:48:52,915 [pool-399-thread-1] INFO  server.RaftServerConfigKeys (ConfUtils.java:logGet(43)) - raft.server.log.queue.element-limit = 1024 (custom)
2019-11-14 22:48:52,915 [pool-419-thread-1] INFO  server.RaftServerConfigKeys (ConfUtils.java:logGet(43)) - raft.server.log.statemachine.data.caching.enabled = true (custom)
2019-11-14 22:48:52,915 [pool-429-thread-1] INFO  server.RaftServerConfigKeys (ConfUtils.java:logGet(43)) - raft.server.log.queue.byte-limit = 2147483647 (custom)
2019-11-14 22:48:52,915 [pool-399-thread-1] INFO  server.RaftServerConfigKeys (ConfUtils.java:logGet(43)) - raft.server.log.segment.size.max = 1048576 (custom)
2019-11-14 22:48:52,915 [pool-419-thread-1] INFO  segmented.SegmentedRaftLogWorker (SegmentedRaftLogWorker.java:lambda$new$0(128)) - 4327b9a0-f311-4ee4-b5c4-0291d295fd82@group-5177CEA7D76B-SegmentedRaftLogWorker: flushIndex: setUnconditionally 0 -> -1
2019-11-14 22:48:52,915 [pool-429-thread-1] INFO  server.RaftServerConfigKeys (ConfUtils.java:logGet(43)) - raft.server.log.queue.element-limit = 1024 (custom)
2019-11-14 22:48:52,915 [pool-399-thread-1] INFO  server.RaftServerConfigKeys (ConfUtils.java:logGet(43)) - raft.server.log.preallocated.size = 16384 (custom)
2019-11-14 22:48:52,915 [pool-429-thread-1] INFO  server.RaftServerConfigKeys (ConfUtils.java:logGet(43)) - raft.server.log.segment.size.max = 1048576 (custom)
2019-11-14 22:48:52,916 [pool-419-thread-1] INFO  server.RaftServerConfigKeys (ConfUtils.java:logGet(43)) - raft.server.snapshot.auto.trigger.enabled = true (custom)
2019-11-14 22:48:52,916 [pool-399-thread-1] INFO  server.RaftServerConfigKeys (ConfUtils.java:logGet(43)) - raft.server.log.write.buffer.size = 33554432 (custom)
2019-11-14 22:48:52,916 [pool-399-thread-1] INFO  server.RaftServerConfigKeys (ConfUtils.java:logGet(43)) - raft.server.log.force.sync.num = 128 (default)
2019-11-14 22:48:52,916 [pool-419-thread-1] INFO  server.RaftServerConfigKeys (ConfUtils.java:logGet(43)) - raft.server.snapshot.auto.trigger.threshold = 10000 (custom)
2019-11-14 22:48:52,916 [pool-429-thread-1] INFO  server.RaftServerConfigKeys (ConfUtils.java:logGet(43)) - raft.server.log.preallocated.size = 16384 (custom)
2019-11-14 22:48:52,916 [pool-419-thread-1] INFO  server.RaftServerConfigKeys (ConfUtils.java:logGet(43)) - raft.server.snapshot.retention.file.num = 5 (custom)
2019-11-14 22:48:52,916 [pool-399-thread-1] INFO  server.RaftServerConfigKeys (ConfUtils.java:logGet(43)) - raft.server.log.statemachine.data.sync = true (default)
2019-11-14 22:48:52,916 [pool-419-thread-1] INFO  server.RaftServerConfigKeys (ConfUtils.java:logGet(43)) - raft.server.retrycache.expirytime = 600000ms (custom)
2019-11-14 22:48:52,916 [pool-429-thread-1] INFO  server.RaftServerConfigKeys (ConfUtils.java:logGet(43)) - raft.server.log.write.buffer.size = 33554432 (custom)
2019-11-14 22:48:52,916 [pool-419-thread-1] WARN  impl.MetricRegistriesImpl (MetricRegistriesImpl.java:lambda$create$1(61)) - First MetricRegistry has been created without registering reporters. You may need to call MetricRegistries.global().addReportRegistration(...) before.
2019-11-14 22:48:52,916 [pool-399-thread-1] INFO  server.RaftServerConfigKeys (ConfUtils.java:logGet(43)) - raft.server.log.statemachine.data.sync.timeout = 10s (default)
2019-11-14 22:48:52,917 [pool-399-thread-1] INFO  server.RaftServerConfigKeys (ConfUtils.java:logGet(43)) - raft.server.log.statemachine.data.sync.timeout.retry = -1 (default)
2019-11-14 22:48:52,916 [pool-429-thread-1] INFO  server.RaftServerConfigKeys (ConfUtils.java:logGet(43)) - raft.server.log.force.sync.num = 128 (default)
2019-11-14 22:48:52,917 [pool-399-thread-1] INFO  server.RaftServerConfigKeys (ConfUtils.java:logGet(43)) - raft.server.log.statemachine.data.caching.enabled = true (custom)
2019-11-14 22:48:52,917 [pool-419-thread-1] WARN  impl.MetricRegistriesImpl (MetricRegistriesImpl.java:lambda$create$1(61)) - First MetricRegistry has been created without registering reporters. You may need to call MetricRegistries.global().addReportRegistration(...) before.
2019-11-14 22:48:52,917 [pool-429-thread-1] INFO  server.RaftServerConfigKeys (ConfUtils.java:logGet(43)) - raft.server.log.statemachine.data.sync = true (default)
2019-11-14 22:48:52,917 [pool-399-thread-1] INFO  segmented.SegmentedRaftLogWorker (SegmentedRaftLogWorker.java:lambda$new$0(128)) - efe5f872-798a-491e-a32c-3b7da58242e1@group-6A9929AA4DE2-SegmentedRaftLogWorker: flushIndex: setUnconditionally 0 -> -1
2019-11-14 22:48:52,917 [pool-429-thread-1] INFO  server.RaftServerConfigKeys (ConfUtils.java:logGet(43)) - raft.server.log.statemachine.data.sync.timeout = 10s (default)
2019-11-14 22:48:52,917 [pool-429-thread-1] INFO  server.RaftServerConfigKeys (ConfUtils.java:logGet(43)) - raft.server.log.statemachine.data.sync.timeout.retry = -1 (default)
2019-11-14 22:48:52,918 [pool-399-thread-1] INFO  server.RaftServerConfigKeys (ConfUtils.java:logGet(43)) - raft.server.snapshot.auto.trigger.enabled = true (custom)
2019-11-14 22:48:52,918 [pool-429-thread-1] INFO  server.RaftServerConfigKeys (ConfUtils.java:logGet(43)) - raft.server.log.statemachine.data.caching.enabled = true (custom)
2019-11-14 22:48:52,918 [pool-419-thread-1] INFO  impl.RaftServerImpl (RaftServerImpl.java:start(184)) - 4327b9a0-f311-4ee4-b5c4-0291d295fd82@group-84B818EA8256: start as a follower, conf=-1: [4327b9a0-f311-4ee4-b5c4-0291d295fd82:192.168.69.106:41256, c80859c9-f21b-4abf-8d4a-e53adb085c0c:192.168.69.106:40401, efe5f872-798a-491e-a32c-3b7da58242e1:192.168.69.106:36375], old=null
2019-11-14 22:48:52,918 [pool-399-thread-1] INFO  server.RaftServerConfigKeys (ConfUtils.java:logGet(43)) - raft.server.snapshot.auto.trigger.threshold = 10000 (custom)
2019-11-14 22:48:52,918 [pool-419-thread-1] INFO  impl.RaftServerImpl (RaftServerImpl.java:setRole(173)) - 4327b9a0-f311-4ee4-b5c4-0291d295fd82@group-84B818EA8256: changes role from      null to FOLLOWER at term 0 for startAsFollower
2019-11-14 22:48:52,918 [pool-429-thread-1] INFO  segmented.SegmentedRaftLogWorker (SegmentedRaftLogWorker.java:lambda$new$0(128)) - c80859c9-f21b-4abf-8d4a-e53adb085c0c@group-6A9929AA4DE2-SegmentedRaftLogWorker: flushIndex: setUnconditionally 0 -> -1
2019-11-14 22:48:52,918 [pool-419-thread-1] INFO  impl.RoleInfo (RoleInfo.java:updateAndGet(143)) - 4327b9a0-f311-4ee4-b5c4-0291d295fd82: start FollowerState
2019-11-14 22:48:52,918 [pool-399-thread-1] INFO  server.RaftServerConfigKeys (ConfUtils.java:logGet(43)) - raft.server.snapshot.retention.file.num = 5 (custom)
2019-11-14 22:48:52,918 [pool-429-thread-1] INFO  server.RaftServerConfigKeys (ConfUtils.java:logGet(43)) - raft.server.snapshot.auto.trigger.enabled = true (custom)
2019-11-14 22:48:52,918 [pool-399-thread-1] INFO  server.RaftServerConfigKeys (ConfUtils.java:logGet(43)) - raft.server.retrycache.expirytime = 600000ms (custom)
2019-11-14 22:48:52,918 [pool-429-thread-1] INFO  server.RaftServerConfigKeys (ConfUtils.java:logGet(43)) - raft.server.snapshot.auto.trigger.threshold = 10000 (custom)
2019-11-14 22:48:52,919 [pool-429-thread-1] INFO  server.RaftServerConfigKeys (ConfUtils.java:logGet(43)) - raft.server.snapshot.retention.file.num = 5 (custom)
2019-11-14 22:48:52,919 [pool-399-thread-1] WARN  impl.MetricRegistriesImpl (MetricRegistriesImpl.java:lambda$create$1(61)) - First MetricRegistry has been created without registering reporters. You may need to call MetricRegistries.global().addReportRegistration(...) before.
2019-11-14 22:48:52,919 [pool-429-thread-1] INFO  server.RaftServerConfigKeys (ConfUtils.java:logGet(43)) - raft.server.retrycache.expirytime = 600000ms (custom)
2019-11-14 22:48:52,919 [pool-419-thread-1] INFO  util.JmxRegister (JmxRegister.java:tryRegister(44)) - Successfully registered JMX Bean with object name Ratis:service=RaftServer,group=group-84B818EA8256,id=4327b9a0-f311-4ee4-b5c4-0291d295fd82
2019-11-14 22:48:52,919 [pool-429-thread-1] WARN  impl.MetricRegistriesImpl (MetricRegistriesImpl.java:lambda$create$1(61)) - First MetricRegistry has been created without registering reporters. You may need to call MetricRegistries.global().addReportRegistration(...) before.
2019-11-14 22:48:52,919 [pool-399-thread-1] WARN  impl.MetricRegistriesImpl (MetricRegistriesImpl.java:lambda$create$1(61)) - First MetricRegistry has been created without registering reporters. You may need to call MetricRegistries.global().addReportRegistration(...) before.
2019-11-14 22:48:52,919 [pool-429-thread-1] WARN  impl.MetricRegistriesImpl (MetricRegistriesImpl.java:lambda$create$1(61)) - First MetricRegistry has been created without registering reporters. You may need to call MetricRegistries.global().addReportRegistration(...) before.
2019-11-14 22:48:52,919 [pool-419-thread-1] WARN  impl.MetricRegistriesImpl (MetricRegistriesImpl.java:lambda$create$1(61)) - First MetricRegistry has been created without registering reporters. You may need to call MetricRegistries.global().addReportRegistration(...) before.
2019-11-14 22:48:52,919 [pool-429-thread-1] INFO  impl.RaftServerImpl (RaftServerImpl.java:start(184)) - c80859c9-f21b-4abf-8d4a-e53adb085c0c@group-C307BAB6AC03: start as a follower, conf=-1: [4327b9a0-f311-4ee4-b5c4-0291d295fd82:192.168.69.106:41256, c80859c9-f21b-4abf-8d4a-e53adb085c0c:192.168.69.106:40401, efe5f872-798a-491e-a32c-3b7da58242e1:192.168.69.106:36375], old=null
2019-11-14 22:48:52,919 [pool-399-thread-1] INFO  impl.RaftServerImpl (RaftServerImpl.java:start(184)) - efe5f872-798a-491e-a32c-3b7da58242e1@group-C307BAB6AC03: start as a follower, conf=-1: [4327b9a0-f311-4ee4-b5c4-0291d295fd82:192.168.69.106:41256, c80859c9-f21b-4abf-8d4a-e53adb085c0c:192.168.69.106:40401, efe5f872-798a-491e-a32c-3b7da58242e1:192.168.69.106:36375], old=null
2019-11-14 22:48:52,919 [pool-429-thread-1] INFO  impl.RaftServerImpl (RaftServerImpl.java:setRole(173)) - c80859c9-f21b-4abf-8d4a-e53adb085c0c@group-C307BAB6AC03: changes role from      null to FOLLOWER at term 0 for startAsFollower
2019-11-14 22:48:52,920 [pool-399-thread-1] INFO  impl.RaftServerImpl (RaftServerImpl.java:setRole(173)) - efe5f872-798a-491e-a32c-3b7da58242e1@group-C307BAB6AC03: changes role from      null to FOLLOWER at term 0 for startAsFollower
2019-11-14 22:48:52,920 [pool-429-thread-1] INFO  impl.RoleInfo (RoleInfo.java:updateAndGet(143)) - c80859c9-f21b-4abf-8d4a-e53adb085c0c: start FollowerState
2019-11-14 22:48:52,920 [pool-399-thread-1] INFO  impl.RoleInfo (RoleInfo.java:updateAndGet(143)) - efe5f872-798a-491e-a32c-3b7da58242e1: start FollowerState
2019-11-14 22:48:52,920 [pool-429-thread-1] INFO  util.JmxRegister (JmxRegister.java:tryRegister(44)) - Successfully registered JMX Bean with object name Ratis:service=RaftServer,group=group-C307BAB6AC03,id=c80859c9-f21b-4abf-8d4a-e53adb085c0c
2019-11-14 22:48:52,920 [pool-429-thread-1] WARN  impl.MetricRegistriesImpl (MetricRegistriesImpl.java:lambda$create$1(61)) - First MetricRegistry has been created without registering reporters. You may need to call MetricRegistries.global().addReportRegistration(...) before.
2019-11-14 22:48:52,920 [pool-399-thread-1] INFO  util.JmxRegister (JmxRegister.java:tryRegister(44)) - Successfully registered JMX Bean with object name Ratis:service=RaftServer,group=group-C307BAB6AC03,id=efe5f872-798a-491e-a32c-3b7da58242e1
2019-11-14 22:48:52,920 [pool-399-thread-1] WARN  impl.MetricRegistriesImpl (MetricRegistriesImpl.java:lambda$create$1(61)) - First MetricRegistry has been created without registering reporters. You may need to call MetricRegistries.global().addReportRegistration(...) before.
2019-11-14 22:48:52,920 [pool-429-thread-1] INFO  impl.RaftServerImpl (RaftServerImpl.java:start(184)) - c80859c9-f21b-4abf-8d4a-e53adb085c0c@group-76C8DD8CE2E2: start as a follower, conf=-1: [4327b9a0-f311-4ee4-b5c4-0291d295fd82:192.168.69.106:41256, c80859c9-f21b-4abf-8d4a-e53adb085c0c:192.168.69.106:40401, efe5f872-798a-491e-a32c-3b7da58242e1:192.168.69.106:36375], old=null
2019-11-14 22:48:52,920 [pool-429-thread-1] INFO  impl.RaftServerImpl (RaftServerImpl.java:setRole(173)) - c80859c9-f21b-4abf-8d4a-e53adb085c0c@group-76C8DD8CE2E2: changes role from      null to FOLLOWER at term 0 for startAsFollower
2019-11-14 22:48:52,921 [pool-429-thread-1] INFO  impl.RoleInfo (RoleInfo.java:updateAndGet(143)) - c80859c9-f21b-4abf-8d4a-e53adb085c0c: start FollowerState
2019-11-14 22:48:52,921 [pool-399-thread-1] INFO  impl.RaftServerImpl (RaftServerImpl.java:start(184)) - efe5f872-798a-491e-a32c-3b7da58242e1@group-76C8DD8CE2E2: start as a follower, conf=-1: [4327b9a0-f311-4ee4-b5c4-0291d295fd82:192.168.69.106:41256, c80859c9-f21b-4abf-8d4a-e53adb085c0c:192.168.69.106:40401, efe5f872-798a-491e-a32c-3b7da58242e1:192.168.69.106:36375], old=null
2019-11-14 22:48:52,921 [pool-399-thread-1] INFO  impl.RaftServerImpl (RaftServerImpl.java:setRole(173)) - efe5f872-798a-491e-a32c-3b7da58242e1@group-76C8DD8CE2E2: changes role from      null to FOLLOWER at term 0 for startAsFollower
2019-11-14 22:48:52,921 [pool-419-thread-1] INFO  impl.RaftServerImpl (RaftServerImpl.java:<init>(98)) - 4327b9a0-f311-4ee4-b5c4-0291d295fd82: new RaftServerImpl for group-76C8DD8CE2E2:[4327b9a0-f311-4ee4-b5c4-0291d295fd82:192.168.69.106:41256, c80859c9-f21b-4abf-8d4a-e53adb085c0c:192.168.69.106:40401, efe5f872-798a-491e-a32c-3b7da58242e1:192.168.69.106:36375] with ContainerStateMachine:uninitialized
2019-11-14 22:48:52,921 [pool-429-thread-1] INFO  util.JmxRegister (JmxRegister.java:tryRegister(44)) - Successfully registered JMX Bean with object name Ratis:service=RaftServer,group=group-76C8DD8CE2E2,id=c80859c9-f21b-4abf-8d4a-e53adb085c0c
2019-11-14 22:48:52,921 [pool-419-thread-1] INFO  server.RaftServerConfigKeys (ConfUtils.java:logGet(43)) - raft.server.rpc.timeout.min = 1s (custom)
2019-11-14 22:48:52,921 [pool-399-thread-1] INFO  impl.RoleInfo (RoleInfo.java:updateAndGet(143)) - efe5f872-798a-491e-a32c-3b7da58242e1: start FollowerState
2019-11-14 22:48:52,921 [pool-419-thread-1] INFO  server.RaftServerConfigKeys (ConfUtils.java:logGet(43)) - raft.server.rpc.timeout.max = 1200ms (custom)
2019-11-14 22:48:52,921 [pool-429-thread-1] WARN  impl.MetricRegistriesImpl (MetricRegistriesImpl.java:lambda$create$1(61)) - First MetricRegistry has been created without registering reporters. You may need to call MetricRegistries.global().addReportRegistration(...) before.
2019-11-14 22:48:52,921 [pool-399-thread-1] INFO  util.JmxRegister (JmxRegister.java:tryRegister(44)) - Successfully registered JMX Bean with object name Ratis:service=RaftServer,group=group-76C8DD8CE2E2,id=efe5f872-798a-491e-a32c-3b7da58242e1
2019-11-14 22:48:52,921 [pool-419-thread-1] INFO  server.RaftServerConfigKeys (ConfUtils.java:logGet(43)) - raft.server.rpcslowness.timeout = 120s (custom)
2019-11-14 22:48:52,921 [grpc-default-executor-6] INFO  impl.RaftServerProxy (RaftServerProxy.java:remove(95)) - 4327b9a0-f311-4ee4-b5c4-0291d295fd82: remove    LEADER 4327b9a0-f311-4ee4-b5c4-0291d295fd82@group-1E1E5B1372C6:t1, leader=4327b9a0-f311-4ee4-b5c4-0291d295fd82, voted=4327b9a0-f311-4ee4-b5c4-0291d295fd82, raftlog=4327b9a0-f311-4ee4-b5c4-0291d295fd82@group-1E1E5B1372C6-SegmentedRaftLog:OPENED:c0,f0,i0, conf=0: [4327b9a0-f311-4ee4-b5c4-0291d295fd82:192.168.69.106:41256], old=null RUNNING
2019-11-14 22:48:52,922 [pool-429-thread-1] INFO  impl.RaftServerImpl (RaftServerImpl.java:start(184)) - c80859c9-f21b-4abf-8d4a-e53adb085c0c@group-6A9929AA4DE2: start as a follower, conf=-1: [4327b9a0-f311-4ee4-b5c4-0291d295fd82:192.168.69.106:41256, c80859c9-f21b-4abf-8d4a-e53adb085c0c:192.168.69.106:40401, efe5f872-798a-491e-a32c-3b7da58242e1:192.168.69.106:36375], old=null
2019-11-14 22:48:52,922 [pool-419-thread-1] INFO  server.RaftServerConfigKeys (ConfUtils.java:logGet(43)) - raft.server.sleep.deviation.threshold = 300 (default)
2019-11-14 22:48:52,922 [pool-419-thread-1] INFO  server.RaftServerConfigKeys (ConfUtils.java:logGet(43)) - raft.server.log.appender.install.snapshot.enabled = false (custom)
2019-11-14 22:48:52,922 [pool-399-thread-1] WARN  impl.MetricRegistriesImpl (MetricRegistriesImpl.java:lambda$create$1(61)) - First MetricRegistry has been created without registering reporters. You may need to call MetricRegistries.global().addReportRegistration(...) before.
2019-11-14 22:48:52,922 [pool-419-thread-1] INFO  impl.RaftServerImpl (ServerState.java:<init>(103)) - 4327b9a0-f311-4ee4-b5c4-0291d295fd82@group-76C8DD8CE2E2: ConfigurationManager, init=-1: [4327b9a0-f311-4ee4-b5c4-0291d295fd82:192.168.69.106:41256, c80859c9-f21b-4abf-8d4a-e53adb085c0c:192.168.69.106:40401, efe5f872-798a-491e-a32c-3b7da58242e1:192.168.69.106:36375], old=null, confs=<EMPTY_MAP>
2019-11-14 22:48:52,922 [pool-429-thread-1] INFO  impl.RaftServerImpl (RaftServerImpl.java:setRole(173)) - c80859c9-f21b-4abf-8d4a-e53adb085c0c@group-6A9929AA4DE2: changes role from      null to FOLLOWER at term 0 for startAsFollower
2019-11-14 22:48:52,922 [grpc-default-executor-6] INFO  impl.RaftServerImpl (RaftServerImpl.java:lambda$shutdown$3(250)) - 4327b9a0-f311-4ee4-b5c4-0291d295fd82@group-1E1E5B1372C6: shutdown
2019-11-14 22:48:52,922 [pool-399-thread-1] INFO  impl.RaftServerImpl (RaftServerImpl.java:start(184)) - efe5f872-798a-491e-a32c-3b7da58242e1@group-6A9929AA4DE2: start as a follower, conf=-1: [4327b9a0-f311-4ee4-b5c4-0291d295fd82:192.168.69.106:41256, c80859c9-f21b-4abf-8d4a-e53adb085c0c:192.168.69.106:40401, efe5f872-798a-491e-a32c-3b7da58242e1:192.168.69.106:36375], old=null
2019-11-14 22:48:52,922 [pool-429-thread-1] INFO  impl.RoleInfo (RoleInfo.java:updateAndGet(143)) - c80859c9-f21b-4abf-8d4a-e53adb085c0c: start FollowerState
2019-11-14 22:48:52,922 [pool-419-thread-1] INFO  server.RaftServerConfigKeys (ConfUtils.java:logGet(43)) - raft.server.storage.dir = [/workdir/hadoop-ozone/integration-test/target/test-dir/MiniOzoneClusterImpl-cc864e37-e864-4d68-a6c4-66bb4c0b7714/datanode-3/data/ratis] (custom)
2019-11-14 22:48:52,922 [pool-399-thread-1] INFO  impl.RaftServerImpl (RaftServerImpl.java:setRole(173)) - efe5f872-798a-491e-a32c-3b7da58242e1@group-6A9929AA4DE2: changes role from      null to FOLLOWER at term 0 for startAsFollower
2019-11-14 22:48:52,923 [pool-429-thread-1] INFO  util.JmxRegister (JmxRegister.java:tryRegister(44)) - Successfully registered JMX Bean with object name Ratis:service=RaftServer,group=group-6A9929AA4DE2,id=c80859c9-f21b-4abf-8d4a-e53adb085c0c
2019-11-14 22:48:52,922 [grpc-default-executor-6] INFO  util.JmxRegister (JmxRegister.java:unregister(73)) - Successfully un-registered JMX Bean with object name Ratis:service=RaftServer,group=group-1E1E5B1372C6,id=4327b9a0-f311-4ee4-b5c4-0291d295fd82
2019-11-14 22:48:52,923 [pool-419-thread-1] INFO  server.RaftServerConfigKeys (ConfUtils.java:logGet(43)) - raft.server.log.corruption.policy = EXCEPTION (default)
2019-11-14 22:48:52,923 [pool-429-thread-1] WARN  impl.MetricRegistriesImpl (MetricRegistriesImpl.java:lambda$create$1(61)) - First MetricRegistry has been created without registering reporters. You may need to call MetricRegistries.global().addReportRegistration(...) before.
2019-11-14 22:48:52,923 [pool-399-thread-1] INFO  impl.RoleInfo (RoleInfo.java:updateAndGet(143)) - efe5f872-798a-491e-a32c-3b7da58242e1: start FollowerState
2019-11-14 22:48:52,923 [pool-419-thread-1] INFO  storage.RaftStorageDirectory (RaftStorageDirectory.java:analyzeStorage(246)) - The storage directory /workdir/hadoop-ozone/integration-test/target/test-dir/MiniOzoneClusterImpl-cc864e37-e864-4d68-a6c4-66bb4c0b7714/datanode-3/data/ratis/afcaeb6c-c12e-41fb-85fd-76c8dd8ce2e2 does not exist. Creating ...
2019-11-14 22:48:52,923 [grpc-default-executor-6] INFO  impl.RoleInfo (RoleInfo.java:shutdownLeaderState(104)) - 4327b9a0-f311-4ee4-b5c4-0291d295fd82: shutdown LeaderState
2019-11-14 22:48:52,923 [pool-399-thread-1] INFO  util.JmxRegister (JmxRegister.java:tryRegister(44)) - Successfully registered JMX Bean with object name Ratis:service=RaftServer,group=group-6A9929AA4DE2,id=efe5f872-798a-491e-a32c-3b7da58242e1
2019-11-14 22:48:52,923 [grpc-default-executor-6] INFO  impl.PendingRequests (PendingRequests.java:sendNotLeaderResponses(206)) - 4327b9a0-f311-4ee4-b5c4-0291d295fd82@group-1E1E5B1372C6-PendingRequests: sendNotLeaderResponses
2019-11-14 22:48:52,923 [pool-399-thread-1] WARN  impl.MetricRegistriesImpl (MetricRegistriesImpl.java:lambda$create$1(61)) - First MetricRegistry has been created without registering reporters. You may need to call MetricRegistries.global().addReportRegistration(...) before.
2019-11-14 22:48:52,924 [grpc-default-executor-6] INFO  impl.StateMachineUpdater (StateMachineUpdater.java:stopAndJoin(136)) - 4327b9a0-f311-4ee4-b5c4-0291d295fd82@group-1E1E5B1372C6-StateMachineUpdater: set stopIndex = 0
2019-11-14 22:48:52,924 [grpc-default-executor-6] INFO  impl.RaftServerImpl (ServerState.java:close(387)) - 4327b9a0-f311-4ee4-b5c4-0291d295fd82@group-1E1E5B1372C6: closes. applyIndex: 0
2019-11-14 22:48:52,924 [4327b9a0-f311-4ee4-b5c4-0291d295fd82@group-1E1E5B1372C6-SegmentedRaftLogWorker] INFO  segmented.SegmentedRaftLogWorker (SegmentedRaftLogWorker.java:run(316)) - 4327b9a0-f311-4ee4-b5c4-0291d295fd82@group-1E1E5B1372C6-SegmentedRaftLogWorker was interrupted, exiting. There are 0 tasks remaining in the queue.
2019-11-14 22:48:52,928 [grpc-default-executor-6] INFO  segmented.SegmentedRaftLogWorker (SegmentedRaftLogWorker.java:close(224)) - 4327b9a0-f311-4ee4-b5c4-0291d295fd82@group-1E1E5B1372C6-SegmentedRaftLogWorker close()
2019-11-14 22:48:52,935 [grpc-default-executor-6] INFO  impl.RaftServerProxy (RaftServerProxy.java:remove(95)) - 4327b9a0-f311-4ee4-b5c4-0291d295fd82: remove group-76C8DD8CE2E2:java.util.concurrent.CompletableFuture@53dc0d5[Not completed, 1 dependents]
2019-11-14 22:48:52,961 [pool-419-thread-1] INFO  storage.RaftStorageDirectory (RaftStorageDirectory.java:tryLock(328)) - Lock on /workdir/hadoop-ozone/integration-test/target/test-dir/MiniOzoneClusterImpl-cc864e37-e864-4d68-a6c4-66bb4c0b7714/datanode-3/data/ratis/afcaeb6c-c12e-41fb-85fd-76c8dd8ce2e2/in_use.lock acquired by nodename 339@pr-hdds-2494-dtfqw-3996435450
2019-11-14 22:48:52,975 [pool-419-thread-1] INFO  storage.RaftStorage (RaftStorage.java:format(84)) - Storage directory /workdir/hadoop-ozone/integration-test/target/test-dir/MiniOzoneClusterImpl-cc864e37-e864-4d68-a6c4-66bb4c0b7714/datanode-3/data/ratis/afcaeb6c-c12e-41fb-85fd-76c8dd8ce2e2 has been successfully formatted.
2019-11-14 22:48:52,976 [pool-419-thread-1] INFO  ratis.ContainerStateMachine (ContainerStateMachine.java:loadSnapshot(223)) - group-76C8DD8CE2E2: The snapshot info is null. Setting the last applied indexto:(t:0, i:~)
2019-11-14 22:48:52,976 [pool-419-thread-1] INFO  server.RaftServerConfigKeys (ConfUtils.java:logGet(43)) - raft.server.notification.no-leader.timeout = 120s (custom)
2019-11-14 22:48:52,976 [pool-419-thread-1] INFO  server.RaftServerConfigKeys (ConfUtils.java:logGet(43)) - raft.server.log.use.memory = false (default)
2019-11-14 22:48:52,976 [pool-419-thread-1] INFO  server.RaftServerConfigKeys (ConfUtils.java:logGet(43)) - raft.server.log.purge.gap = 1000000 (custom)
2019-11-14 22:48:52,976 [pool-419-thread-1] INFO  server.RaftServerConfigKeys (ConfUtils.java:logGet(43)) - raft.server.log.appender.buffer.byte-limit = 33554432 (custom)
2019-11-14 22:48:52,976 [pool-419-thread-1] INFO  server.RaftServerConfigKeys (ConfUtils.java:logGet(43)) - raft.server.log.segment.size.max = 1048576 (custom)
2019-11-14 22:48:52,976 [pool-419-thread-1] INFO  server.RaftServerConfigKeys (ConfUtils.java:logGet(43)) - raft.server.log.segment.cache.num.max = 2 (custom)
2019-11-14 22:48:52,976 [pool-419-thread-1] INFO  segmented.SegmentedRaftLogWorker (SegmentedRaftLogWorker.java:<init>(173)) - new 4327b9a0-f311-4ee4-b5c4-0291d295fd82@group-76C8DD8CE2E2-SegmentedRaftLogWorker for RaftStorage:Storage Directory /workdir/hadoop-ozone/integration-test/target/test-dir/MiniOzoneClusterImpl-cc864e37-e864-4d68-a6c4-66bb4c0b7714/datanode-3/data/ratis/afcaeb6c-c12e-41fb-85fd-76c8dd8ce2e2
2019-11-14 22:48:52,976 [pool-419-thread-1] INFO  server.RaftServerConfigKeys (ConfUtils.java:logGet(43)) - raft.server.log.queue.byte-limit = 2147483647 (custom)
2019-11-14 22:48:52,976 [pool-419-thread-1] INFO  server.RaftServerConfigKeys (ConfUtils.java:logGet(43)) - raft.server.log.queue.element-limit = 1024 (custom)
2019-11-14 22:48:52,977 [pool-419-thread-1] INFO  server.RaftServerConfigKeys (ConfUtils.java:logGet(43)) - raft.server.log.segment.size.max = 1048576 (custom)
2019-11-14 22:48:52,977 [pool-419-thread-1] INFO  server.RaftServerConfigKeys (ConfUtils.java:logGet(43)) - raft.server.log.preallocated.size = 16384 (custom)
2019-11-14 22:48:52,977 [pool-419-thread-1] INFO  server.RaftServerConfigKeys (ConfUtils.java:logGet(43)) - raft.server.log.write.buffer.size = 33554432 (custom)
2019-11-14 22:48:52,977 [pool-419-thread-1] INFO  server.RaftServerConfigKeys (ConfUtils.java:logGet(43)) - raft.server.log.force.sync.num = 128 (default)
2019-11-14 22:48:52,977 [pool-419-thread-1] INFO  server.RaftServerConfigKeys (ConfUtils.java:logGet(43)) - raft.server.log.statemachine.data.sync = true (default)
2019-11-14 22:48:52,977 [pool-419-thread-1] INFO  server.RaftServerConfigKeys (ConfUtils.java:logGet(43)) - raft.server.log.statemachine.data.sync.timeout = 10s (default)
2019-11-14 22:48:52,977 [pool-419-thread-1] INFO  server.RaftServerConfigKeys (ConfUtils.java:logGet(43)) - raft.server.log.statemachine.data.sync.timeout.retry = -1 (default)
2019-11-14 22:48:52,977 [pool-419-thread-1] INFO  server.RaftServerConfigKeys (ConfUtils.java:logGet(43)) - raft.server.log.statemachine.data.caching.enabled = true (custom)
2019-11-14 22:48:52,977 [pool-419-thread-1] INFO  segmented.SegmentedRaftLogWorker (SegmentedRaftLogWorker.java:lambda$new$0(128)) - 4327b9a0-f311-4ee4-b5c4-0291d295fd82@group-76C8DD8CE2E2-SegmentedRaftLogWorker: flushIndex: setUnconditionally 0 -> -1
2019-11-14 22:48:52,977 [pool-419-thread-1] INFO  server.RaftServerConfigKeys (ConfUtils.java:logGet(43)) - raft.server.snapshot.auto.trigger.enabled = true (custom)
2019-11-14 22:48:52,978 [pool-419-thread-1] INFO  server.RaftServerConfigKeys (ConfUtils.java:logGet(43)) - raft.server.snapshot.auto.trigger.threshold = 10000 (custom)
2019-11-14 22:48:52,978 [pool-419-thread-1] INFO  server.RaftServerConfigKeys (ConfUtils.java:logGet(43)) - raft.server.snapshot.retention.file.num = 5 (custom)
2019-11-14 22:48:52,978 [pool-419-thread-1] INFO  server.RaftServerConfigKeys (ConfUtils.java:logGet(43)) - raft.server.retrycache.expirytime = 600000ms (custom)
2019-11-14 22:48:52,978 [pool-419-thread-1] WARN  impl.MetricRegistriesImpl (MetricRegistriesImpl.java:lambda$create$1(61)) - First MetricRegistry has been created without registering reporters. You may need to call MetricRegistries.global().addReportRegistration(...) before.
2019-11-14 22:48:52,978 [pool-419-thread-1] WARN  impl.MetricRegistriesImpl (MetricRegistriesImpl.java:lambda$create$1(61)) - First MetricRegistry has been created without registering reporters. You may need to call MetricRegistries.global().addReportRegistration(...) before.
2019-11-14 22:48:52,979 [pool-419-thread-1] INFO  impl.RaftServerImpl (RaftServerImpl.java:<init>(98)) - 4327b9a0-f311-4ee4-b5c4-0291d295fd82: new RaftServerImpl for group-6A9929AA4DE2:[4327b9a0-f311-4ee4-b5c4-0291d295fd82:192.168.69.106:41256, c80859c9-f21b-4abf-8d4a-e53adb085c0c:192.168.69.106:40401, efe5f872-798a-491e-a32c-3b7da58242e1:192.168.69.106:36375] with ContainerStateMachine:uninitialized
2019-11-14 22:48:52,979 [pool-419-thread-1] INFO  server.RaftServerConfigKeys (ConfUtils.java:logGet(43)) - raft.server.rpc.timeout.min = 1s (custom)
2019-11-14 22:48:52,979 [pool-419-thread-1] INFO  server.RaftServerConfigKeys (ConfUtils.java:logGet(43)) - raft.server.rpc.timeout.max = 1200ms (custom)
2019-11-14 22:48:52,979 [pool-419-thread-1] INFO  server.RaftServerConfigKeys (ConfUtils.java:logGet(43)) - raft.server.rpcslowness.timeout = 120s (custom)
2019-11-14 22:48:52,980 [pool-419-thread-1] INFO  server.RaftServerConfigKeys (ConfUtils.java:logGet(43)) - raft.server.sleep.deviation.threshold = 300 (default)
2019-11-14 22:48:52,980 [pool-419-thread-1] INFO  server.RaftServerConfigKeys (ConfUtils.java:logGet(43)) - raft.server.log.appender.install.snapshot.enabled = false (custom)
2019-11-14 22:48:52,980 [pool-419-thread-1] INFO  impl.RaftServerImpl (ServerState.java:<init>(103)) - 4327b9a0-f311-4ee4-b5c4-0291d295fd82@group-6A9929AA4DE2: ConfigurationManager, init=-1: [4327b9a0-f311-4ee4-b5c4-0291d295fd82:192.168.69.106:41256, c80859c9-f21b-4abf-8d4a-e53adb085c0c:192.168.69.106:40401, efe5f872-798a-491e-a32c-3b7da58242e1:192.168.69.106:36375], old=null, confs=<EMPTY_MAP>
2019-11-14 22:48:52,980 [pool-419-thread-1] INFO  server.RaftServerConfigKeys (ConfUtils.java:logGet(43)) - raft.server.storage.dir = [/workdir/hadoop-ozone/integration-test/target/test-dir/MiniOzoneClusterImpl-cc864e37-e864-4d68-a6c4-66bb4c0b7714/datanode-3/data/ratis] (custom)
2019-11-14 22:48:52,980 [pool-419-thread-1] INFO  server.RaftServerConfigKeys (ConfUtils.java:logGet(43)) - raft.server.log.corruption.policy = EXCEPTION (default)
2019-11-14 22:48:52,980 [pool-419-thread-1] INFO  storage.RaftStorageDirectory (RaftStorageDirectory.java:analyzeStorage(246)) - The storage directory /workdir/hadoop-ozone/integration-test/target/test-dir/MiniOzoneClusterImpl-cc864e37-e864-4d68-a6c4-66bb4c0b7714/datanode-3/data/ratis/344cd683-c7b8-4940-9f3d-6a9929aa4de2 does not exist. Creating ...
2019-11-14 22:48:52,984 [grpc-default-executor-6] INFO  impl.RaftServerProxy (RaftServerProxy.java:remove(95)) - 4327b9a0-f311-4ee4-b5c4-0291d295fd82: remove  FOLLOWER 4327b9a0-f311-4ee4-b5c4-0291d295fd82@group-84B818EA8256:t0, leader=null, voted=null, raftlog=4327b9a0-f311-4ee4-b5c4-0291d295fd82@group-84B818EA8256-SegmentedRaftLog:OPENED:c-1,f-1,i0, conf=-1: [4327b9a0-f311-4ee4-b5c4-0291d295fd82:192.168.69.106:41256, c80859c9-f21b-4abf-8d4a-e53adb085c0c:192.168.69.106:40401, efe5f872-798a-491e-a32c-3b7da58242e1:192.168.69.106:36375], old=null RUNNING
2019-11-14 22:48:52,984 [grpc-default-executor-6] INFO  impl.RaftServerImpl (RaftServerImpl.java:lambda$shutdown$3(250)) - 4327b9a0-f311-4ee4-b5c4-0291d295fd82@group-84B818EA8256: shutdown
2019-11-14 22:48:52,984 [grpc-default-executor-6] INFO  util.JmxRegister (JmxRegister.java:unregister(73)) - Successfully un-registered JMX Bean with object name Ratis:service=RaftServer,group=group-84B818EA8256,id=4327b9a0-f311-4ee4-b5c4-0291d295fd82
2019-11-14 22:48:52,985 [grpc-default-executor-6] INFO  impl.RoleInfo (RoleInfo.java:shutdownFollowerState(121)) - 4327b9a0-f311-4ee4-b5c4-0291d295fd82: shutdown FollowerState
2019-11-14 22:48:52,985 [grpc-default-executor-6] INFO  impl.StateMachineUpdater (StateMachineUpdater.java:stopAndJoin(136)) - 4327b9a0-f311-4ee4-b5c4-0291d295fd82@group-84B818EA8256-StateMachineUpdater: set stopIndex = -1
2019-11-14 22:48:52,985 [Thread-3091] INFO  impl.FollowerState (FollowerState.java:run(120)) - 4327b9a0-f311-4ee4-b5c4-0291d295fd82@group-84B818EA8256-FollowerState was interrupted: java.lang.InterruptedException: sleep interrupted
2019-11-14 22:48:52,985 [grpc-default-executor-6] INFO  impl.RaftServerImpl (ServerState.java:close(387)) - 4327b9a0-f311-4ee4-b5c4-0291d295fd82@group-84B818EA8256: closes. applyIndex: -1
2019-11-14 22:48:52,985 [4327b9a0-f311-4ee4-b5c4-0291d295fd82@group-84B818EA8256-SegmentedRaftLogWorker] INFO  segmented.SegmentedRaftLogWorker (SegmentedRaftLogWorker.java:run(316)) - 4327b9a0-f311-4ee4-b5c4-0291d295fd82@group-84B818EA8256-SegmentedRaftLogWorker was interrupted, exiting. There are 0 tasks remaining in the queue.
2019-11-14 22:48:52,985 [grpc-default-executor-6] INFO  segmented.SegmentedRaftLogWorker (SegmentedRaftLogWorker.java:close(224)) - 4327b9a0-f311-4ee4-b5c4-0291d295fd82@group-84B818EA8256-SegmentedRaftLogWorker close()
2019-11-14 22:48:52,994 [pool-419-thread-1] INFO  storage.RaftStorageDirectory (RaftStorageDirectory.java:tryLock(328)) - Lock on /workdir/hadoop-ozone/integration-test/target/test-dir/MiniOzoneClusterImpl-cc864e37-e864-4d68-a6c4-66bb4c0b7714/datanode-3/data/ratis/344cd683-c7b8-4940-9f3d-6a9929aa4de2/in_use.lock acquired by nodename 339@pr-hdds-2494-dtfqw-3996435450
2019-11-14 22:48:52,999 [grpc-default-executor-6] INFO  impl.RaftServerProxy (RaftServerProxy.java:remove(95)) - 4327b9a0-f311-4ee4-b5c4-0291d295fd82: remove      null 4327b9a0-f311-4ee4-b5c4-0291d295fd82@group-C99C8502C91D:t0, leader=null, voted=null, raftlog=4327b9a0-f311-4ee4-b5c4-0291d295fd82@group-C99C8502C91D-SegmentedRaftLog:OPENED:c-1,f-1,i0, conf=-1: [4327b9a0-f311-4ee4-b5c4-0291d295fd82:192.168.69.106:41256], old=null NEW
2019-11-14 22:48:53,002 [grpc-default-executor-6] INFO  impl.RaftServerProxy (RaftServerProxy.java:remove(95)) - 4327b9a0-f311-4ee4-b5c4-0291d295fd82: remove group-6A9929AA4DE2:java.util.concurrent.CompletableFuture@509fda6c[Not completed, 1 dependents]
2019-11-14 22:48:53,021 [pool-419-thread-1] INFO  storage.RaftStorage (RaftStorage.java:format(84)) - Storage directory /workdir/hadoop-ozone/integration-test/target/test-dir/MiniOzoneClusterImpl-cc864e37-e864-4d68-a6c4-66bb4c0b7714/datanode-3/data/ratis/344cd683-c7b8-4940-9f3d-6a9929aa4de2 has been successfully formatted.
2019-11-14 22:48:53,021 [pool-419-thread-1] INFO  ratis.ContainerStateMachine (ContainerStateMachine.java:loadSnapshot(223)) - group-6A9929AA4DE2: The snapshot info is null. Setting the last applied indexto:(t:0, i:~)
2019-11-14 22:48:53,022 [pool-419-thread-1] INFO  server.RaftServerConfigKeys (ConfUtils.java:logGet(43)) - raft.server.notification.no-leader.timeout = 120s (custom)
2019-11-14 22:48:53,022 [pool-419-thread-1] INFO  server.RaftServerConfigKeys (ConfUtils.java:logGet(43)) - raft.server.log.use.memory = false (default)
2019-11-14 22:48:53,022 [pool-419-thread-1] INFO  server.RaftServerConfigKeys (ConfUtils.java:logGet(43)) - raft.server.log.purge.gap = 1000000 (custom)
2019-11-14 22:48:53,022 [pool-419-thread-1] INFO  server.RaftServerConfigKeys (ConfUtils.java:logGet(43)) - raft.server.log.appender.buffer.byte-limit = 33554432 (custom)
2019-11-14 22:48:53,022 [pool-419-thread-1] INFO  server.RaftServerConfigKeys (ConfUtils.java:logGet(43)) - raft.server.log.segment.size.max = 1048576 (custom)
2019-11-14 22:48:53,022 [pool-419-thread-1] INFO  server.RaftServerConfigKeys (ConfUtils.java:logGet(43)) - raft.server.log.segment.cache.num.max = 2 (custom)
2019-11-14 22:48:53,022 [pool-419-thread-1] INFO  segmented.SegmentedRaftLogWorker (SegmentedRaftLogWorker.java:<init>(173)) - new 4327b9a0-f311-4ee4-b5c4-0291d295fd82@group-6A9929AA4DE2-SegmentedRaftLogWorker for RaftStorage:Storage Directory /workdir/hadoop-ozone/integration-test/target/test-dir/MiniOzoneClusterImpl-cc864e37-e864-4d68-a6c4-66bb4c0b7714/datanode-3/data/ratis/344cd683-c7b8-4940-9f3d-6a9929aa4de2
2019-11-14 22:48:53,022 [pool-419-thread-1] INFO  server.RaftServerConfigKeys (ConfUtils.java:logGet(43)) - raft.server.log.queue.byte-limit = 2147483647 (custom)
2019-11-14 22:48:53,022 [pool-419-thread-1] INFO  server.RaftServerConfigKeys (ConfUtils.java:logGet(43)) - raft.server.log.queue.element-limit = 1024 (custom)
2019-11-14 22:48:53,022 [pool-419-thread-1] INFO  server.RaftServerConfigKeys (ConfUtils.java:logGet(43)) - raft.server.log.segment.size.max = 1048576 (custom)
2019-11-14 22:48:53,022 [pool-419-thread-1] INFO  server.RaftServerConfigKeys (ConfUtils.java:logGet(43)) - raft.server.log.preallocated.size = 16384 (custom)
2019-11-14 22:48:53,022 [pool-419-thread-1] INFO  server.RaftServerConfigKeys (ConfUtils.java:logGet(43)) - raft.server.log.write.buffer.size = 33554432 (custom)
2019-11-14 22:48:53,023 [pool-419-thread-1] INFO  server.RaftServerConfigKeys (ConfUtils.java:logGet(43)) - raft.server.log.force.sync.num = 128 (default)
2019-11-14 22:48:53,023 [pool-419-thread-1] INFO  server.RaftServerConfigKeys (ConfUtils.java:logGet(43)) - raft.server.log.statemachine.data.sync = true (default)
2019-11-14 22:48:53,023 [pool-419-thread-1] INFO  server.RaftServerConfigKeys (ConfUtils.java:logGet(43)) - raft.server.log.statemachine.data.sync.timeout = 10s (default)
2019-11-14 22:48:53,023 [pool-419-thread-1] INFO  server.RaftServerConfigKeys (ConfUtils.java:logGet(43)) - raft.server.log.statemachine.data.sync.timeout.retry = -1 (default)
2019-11-14 22:48:53,023 [pool-419-thread-1] INFO  server.RaftServerConfigKeys (ConfUtils.java:logGet(43)) - raft.server.log.statemachine.data.caching.enabled = true (custom)
2019-11-14 22:48:53,035 [pool-419-thread-1] INFO  segmented.SegmentedRaftLogWorker (SegmentedRaftLogWorker.java:lambda$new$0(128)) - 4327b9a0-f311-4ee4-b5c4-0291d295fd82@group-6A9929AA4DE2-SegmentedRaftLogWorker: flushIndex: setUnconditionally 0 -> -1
2019-11-14 22:48:53,035 [pool-419-thread-1] INFO  server.RaftServerConfigKeys (ConfUtils.java:logGet(43)) - raft.server.snapshot.auto.trigger.enabled = true (custom)
2019-11-14 22:48:53,036 [pool-419-thread-1] INFO  server.RaftServerConfigKeys (ConfUtils.java:logGet(43)) - raft.server.snapshot.auto.trigger.threshold = 10000 (custom)
2019-11-14 22:48:53,036 [pool-419-thread-1] INFO  server.RaftServerConfigKeys (ConfUtils.java:logGet(43)) - raft.server.snapshot.retention.file.num = 5 (custom)
2019-11-14 22:48:53,036 [pool-419-thread-1] INFO  server.RaftServerConfigKeys (ConfUtils.java:logGet(43)) - raft.server.retrycache.expirytime = 600000ms (custom)
2019-11-14 22:48:53,036 [pool-419-thread-1] WARN  impl.MetricRegistriesImpl (MetricRegistriesImpl.java:lambda$create$1(61)) - First MetricRegistry has been created without registering reporters. You may need to call MetricRegistries.global().addReportRegistration(...) before.
2019-11-14 22:48:53,036 [pool-419-thread-1] WARN  impl.MetricRegistriesImpl (MetricRegistriesImpl.java:lambda$create$1(61)) - First MetricRegistry has been created without registering reporters. You may need to call MetricRegistries.global().addReportRegistration(...) before.
2019-11-14 22:48:53,037 [pool-419-thread-1] INFO  impl.RaftServerProxy (RaftServerProxy.java:remove(95)) - 4327b9a0-f311-4ee4-b5c4-0291d295fd82: remove group-C99C8502C91D:null
2019-11-14 22:48:53,037 [pool-419-thread-1] WARN  impl.RaftServerProxy (RaftServerProxy.java:lambda$groupAddAsync$11(388)) - 4327b9a0-f311-4ee4-b5c4-0291d295fd82: Failed groupAdd* GroupManagementRequest:client-C30039F48BE2->4327b9a0-f311-4ee4-b5c4-0291d295fd82@group-C99C8502C91D, cid=177, seq=0, RW, null, Add:group-C99C8502C91D:[4327b9a0-f311-4ee4-b5c4-0291d295fd82:192.168.69.106:41256]
java.util.concurrent.CompletionException: java.lang.IllegalStateException: 4327b9a0-f311-4ee4-b5c4-0291d295fd82: failed to start a new impl:      null 4327b9a0-f311-4ee4-b5c4-0291d295fd82@group-C99C8502C91D:t0, leader=null, voted=null, raftlog=4327b9a0-f311-4ee4-b5c4-0291d295fd82@group-C99C8502C91D-SegmentedRaftLog:OPENED:c-1,f-1,i0, conf=-1: [4327b9a0-f311-4ee4-b5c4-0291d295fd82:192.168.69.106:41256], old=null CLOSED
	at java.util.concurrent.CompletableFuture.encodeThrowable(CompletableFuture.java:273)
	at java.util.concurrent.CompletableFuture.completeThrowable(CompletableFuture.java:280)
	at java.util.concurrent.CompletableFuture.uniApply(CompletableFuture.java:604)
	at java.util.concurrent.CompletableFuture$UniApply.tryFire(CompletableFuture.java:577)
	at java.util.concurrent.CompletableFuture$Completion.run(CompletableFuture.java:442)
	at java.util.concurrent.ThreadPoolExecutor.runWorker(ThreadPoolExecutor.java:1149)
	at java.util.concurrent.ThreadPoolExecutor$Worker.run(ThreadPoolExecutor.java:624)
	at java.lang.Thread.run(Thread.java:748)
Caused by: java.lang.IllegalStateException: 4327b9a0-f311-4ee4-b5c4-0291d295fd82: failed to start a new impl:      null 4327b9a0-f311-4ee4-b5c4-0291d295fd82@group-C99C8502C91D:t0, leader=null, voted=null, raftlog=4327b9a0-f311-4ee4-b5c4-0291d295fd82@group-C99C8502C91D-SegmentedRaftLog:OPENED:c-1,f-1,i0, conf=-1: [4327b9a0-f311-4ee4-b5c4-0291d295fd82:192.168.69.106:41256], old=null CLOSED
	at org.apache.ratis.util.Preconditions.assertTrue(Preconditions.java:75)
	at org.apache.ratis.server.impl.RaftServerProxy.lambda$groupAddAsync$10(RaftServerProxy.java:382)
	at java.util.concurrent.CompletableFuture.uniApply(CompletableFuture.java:602)
	... 5 more
2019-11-14 22:48:53,037 [pool-419-thread-1] INFO  impl.RaftServerProxy (RaftServerProxy.java:remove(95)) - 4327b9a0-f311-4ee4-b5c4-0291d295fd82: remove group-C307BAB6AC03:null
2019-11-14 22:48:53,037 [pool-419-thread-1] WARN  impl.RaftServerProxy (RaftServerProxy.java:lambda$groupAddAsync$11(388)) - 4327b9a0-f311-4ee4-b5c4-0291d295fd82: Failed groupAdd* GroupManagementRequest:client-A2B97F75B3A5->4327b9a0-f311-4ee4-b5c4-0291d295fd82@group-C307BAB6AC03, cid=179, seq=0, RW, null, Add:group-C307BAB6AC03:[4327b9a0-f311-4ee4-b5c4-0291d295fd82:192.168.69.106:41256, c80859c9-f21b-4abf-8d4a-e53adb085c0c:192.168.69.106:40401, efe5f872-798a-491e-a32c-3b7da58242e1:192.168.69.106:36375]
java.util.concurrent.CompletionException: java.lang.IllegalStateException: 4327b9a0-f311-4ee4-b5c4-0291d295fd82: failed to start a new impl:      null 4327b9a0-f311-4ee4-b5c4-0291d295fd82@group-C307BAB6AC03:t0, leader=null, voted=null, raftlog=4327b9a0-f311-4ee4-b5c4-0291d295fd82@group-C307BAB6AC03-SegmentedRaftLog:OPENED:c-1,f-1,i0, conf=-1: [4327b9a0-f311-4ee4-b5c4-0291d295fd82:192.168.69.106:41256, c80859c9-f21b-4abf-8d4a-e53adb085c0c:192.168.69.106:40401, efe5f872-798a-491e-a32c-3b7da58242e1:192.168.69.106:36375], old=null CLOSED
	at java.util.concurrent.CompletableFuture.encodeThrowable(CompletableFuture.java:273)
	at java.util.concurrent.CompletableFuture.completeThrowable(CompletableFuture.java:280)
	at java.util.concurrent.CompletableFuture.uniApply(CompletableFuture.java:604)
	at java.util.concurrent.CompletableFuture$UniApply.tryFire(CompletableFuture.java:577)
	at java.util.concurrent.CompletableFuture$Completion.run(CompletableFuture.java:442)
	at java.util.concurrent.ThreadPoolExecutor.runWorker(ThreadPoolExecutor.java:1149)
	at java.util.concurrent.ThreadPoolExecutor$Worker.run(ThreadPoolExecutor.java:624)
	at java.lang.Thread.run(Thread.java:748)
Caused by: java.lang.IllegalStateException: 4327b9a0-f311-4ee4-b5c4-0291d295fd82: failed to start a new impl:      null 4327b9a0-f311-4ee4-b5c4-0291d295fd82@group-C307BAB6AC03:t0, leader=null, voted=null, raftlog=4327b9a0-f311-4ee4-b5c4-0291d295fd82@group-C307BAB6AC03-SegmentedRaftLog:OPENED:c-1,f-1,i0, conf=-1: [4327b9a0-f311-4ee4-b5c4-0291d295fd82:192.168.69.106:41256, c80859c9-f21b-4abf-8d4a-e53adb085c0c:192.168.69.106:40401, efe5f872-798a-491e-a32c-3b7da58242e1:192.168.69.106:36375], old=null CLOSED
	at org.apache.ratis.util.Preconditions.assertTrue(Preconditions.java:75)
	at org.apache.ratis.server.impl.RaftServerProxy.lambda$groupAddAsync$10(RaftServerProxy.java:382)
	at java.util.concurrent.CompletableFuture.uniApply(CompletableFuture.java:602)
	... 5 more
2019-11-14 22:48:53,038 [pool-419-thread-1] INFO  impl.RaftServerProxy (RaftServerProxy.java:remove(95)) - 4327b9a0-f311-4ee4-b5c4-0291d295fd82: remove group-5177CEA7D76B:null
2019-11-14 22:48:53,046 [pool-419-thread-1] WARN  impl.RaftServerProxy (RaftServerProxy.java:lambda$groupAddAsync$11(388)) - 4327b9a0-f311-4ee4-b5c4-0291d295fd82: Failed groupAdd* GroupManagementRequest:client-965B0F29736B->4327b9a0-f311-4ee4-b5c4-0291d295fd82@group-5177CEA7D76B, cid=182, seq=0, RW, null, Add:group-5177CEA7D76B:[4327b9a0-f311-4ee4-b5c4-0291d295fd82:192.168.69.106:41256]
java.util.concurrent.CompletionException: java.lang.IllegalStateException: 4327b9a0-f311-4ee4-b5c4-0291d295fd82: failed to start a new impl:      null 4327b9a0-f311-4ee4-b5c4-0291d295fd82@group-5177CEA7D76B:t0, leader=null, voted=null, raftlog=4327b9a0-f311-4ee4-b5c4-0291d295fd82@group-5177CEA7D76B-SegmentedRaftLog:OPENED:c-1,f-1,i0, conf=-1: [4327b9a0-f311-4ee4-b5c4-0291d295fd82:192.168.69.106:41256], old=null CLOSED
	at java.util.concurrent.CompletableFuture.encodeThrowable(CompletableFuture.java:273)
	at java.util.concurrent.CompletableFuture.completeThrowable(CompletableFuture.java:280)
	at java.util.concurrent.CompletableFuture.uniApply(CompletableFuture.java:604)
	at java.util.concurrent.CompletableFuture$UniApply.tryFire(CompletableFuture.java:577)
	at java.util.concurrent.CompletableFuture$Completion.run(CompletableFuture.java:442)
	at java.util.concurrent.ThreadPoolExecutor.runWorker(ThreadPoolExecutor.java:1149)
	at java.util.concurrent.ThreadPoolExecutor$Worker.run(ThreadPoolExecutor.java:624)
	at java.lang.Thread.run(Thread.java:748)
Caused by: java.lang.IllegalStateException: 4327b9a0-f311-4ee4-b5c4-0291d295fd82: failed to start a new impl:      null 4327b9a0-f311-4ee4-b5c4-0291d295fd82@group-5177CEA7D76B:t0, leader=null, voted=null, raftlog=4327b9a0-f311-4ee4-b5c4-0291d295fd82@group-5177CEA7D76B-SegmentedRaftLog:OPENED:c-1,f-1,i0, conf=-1: [4327b9a0-f311-4ee4-b5c4-0291d295fd82:192.168.69.106:41256], old=null CLOSED
	at org.apache.ratis.util.Preconditions.assertTrue(Preconditions.java:75)
	at org.apache.ratis.server.impl.RaftServerProxy.lambda$groupAddAsync$10(RaftServerProxy.java:382)
	at java.util.concurrent.CompletableFuture.uniApply(CompletableFuture.java:602)
	... 5 more
2019-11-14 22:48:53,046 [pool-419-thread-1] INFO  impl.RaftServerProxy (RaftServerProxy.java:remove(95)) - 4327b9a0-f311-4ee4-b5c4-0291d295fd82: remove group-76C8DD8CE2E2:null
2019-11-14 22:48:53,046 [pool-419-thread-1] WARN  impl.RaftServerProxy (RaftServerProxy.java:lambda$groupAddAsync$11(388)) - 4327b9a0-f311-4ee4-b5c4-0291d295fd82: Failed groupAdd* GroupManagementRequest:client-863A2D7AC8C8->4327b9a0-f311-4ee4-b5c4-0291d295fd82@group-76C8DD8CE2E2, cid=183, seq=0, RW, null, Add:group-76C8DD8CE2E2:[4327b9a0-f311-4ee4-b5c4-0291d295fd82:192.168.69.106:41256, c80859c9-f21b-4abf-8d4a-e53adb085c0c:192.168.69.106:40401, efe5f872-798a-491e-a32c-3b7da58242e1:192.168.69.106:36375]
java.util.concurrent.CompletionException: java.lang.IllegalStateException: 4327b9a0-f311-4ee4-b5c4-0291d295fd82: failed to start a new impl:      null 4327b9a0-f311-4ee4-b5c4-0291d295fd82@group-76C8DD8CE2E2:t0, leader=null, voted=null, raftlog=4327b9a0-f311-4ee4-b5c4-0291d295fd82@group-76C8DD8CE2E2-SegmentedRaftLog:OPENED:c-1,f-1,i0, conf=-1: [4327b9a0-f311-4ee4-b5c4-0291d295fd82:192.168.69.106:41256, c80859c9-f21b-4abf-8d4a-e53adb085c0c:192.168.69.106:40401, efe5f872-798a-491e-a32c-3b7da58242e1:192.168.69.106:36375], old=null CLOSED
	at java.util.concurrent.CompletableFuture.encodeThrowable(CompletableFuture.java:273)
	at java.util.concurrent.CompletableFuture.completeThrowable(CompletableFuture.java:280)
	at java.util.concurrent.CompletableFuture.uniApply(CompletableFuture.java:604)
	at java.util.concurrent.CompletableFuture$UniApply.tryFire(CompletableFuture.java:577)
	at java.util.concurrent.CompletableFuture$Completion.run(CompletableFuture.java:442)
	at java.util.concurrent.ThreadPoolExecutor.runWorker(ThreadPoolExecutor.java:1149)
	at java.util.concurrent.ThreadPoolExecutor$Worker.run(ThreadPoolExecutor.java:624)
	at java.lang.Thread.run(Thread.java:748)
Caused by: java.lang.IllegalStateException: 4327b9a0-f311-4ee4-b5c4-0291d295fd82: failed to start a new impl:      null 4327b9a0-f311-4ee4-b5c4-0291d295fd82@group-76C8DD8CE2E2:t0, leader=null, voted=null, raftlog=4327b9a0-f311-4ee4-b5c4-0291d295fd82@group-76C8DD8CE2E2-SegmentedRaftLog:OPENED:c-1,f-1,i0, conf=-1: [4327b9a0-f311-4ee4-b5c4-0291d295fd82:192.168.69.106:41256, c80859c9-f21b-4abf-8d4a-e53adb085c0c:192.168.69.106:40401, efe5f872-798a-491e-a32c-3b7da58242e1:192.168.69.106:36375], old=null CLOSED
	at org.apache.ratis.util.Preconditions.assertTrue(Preconditions.java:75)
	at org.apache.ratis.server.impl.RaftServerProxy.lambda$groupAddAsync$10(RaftServerProxy.java:382)
	at java.util.concurrent.CompletableFuture.uniApply(CompletableFuture.java:602)
	... 5 more
2019-11-14 22:48:53,047 [pool-419-thread-1] INFO  impl.RaftServerProxy (RaftServerProxy.java:remove(95)) - 4327b9a0-f311-4ee4-b5c4-0291d295fd82: remove group-6A9929AA4DE2:null
2019-11-14 22:48:53,047 [pool-419-thread-1] WARN  impl.RaftServerProxy (RaftServerProxy.java:lambda$groupAddAsync$11(388)) - 4327b9a0-f311-4ee4-b5c4-0291d295fd82: Failed groupAdd* GroupManagementRequest:client-5A20D5D8F4D9->4327b9a0-f311-4ee4-b5c4-0291d295fd82@group-6A9929AA4DE2, cid=186, seq=0, RW, null, Add:group-6A9929AA4DE2:[4327b9a0-f311-4ee4-b5c4-0291d295fd82:192.168.69.106:41256, c80859c9-f21b-4abf-8d4a-e53adb085c0c:192.168.69.106:40401, efe5f872-798a-491e-a32c-3b7da58242e1:192.168.69.106:36375]
java.util.concurrent.CompletionException: java.lang.IllegalStateException: 4327b9a0-f311-4ee4-b5c4-0291d295fd82: failed to start a new impl:      null 4327b9a0-f311-4ee4-b5c4-0291d295fd82@group-6A9929AA4DE2:t0, leader=null, voted=null, raftlog=4327b9a0-f311-4ee4-b5c4-0291d295fd82@group-6A9929AA4DE2-SegmentedRaftLog:OPENED:c-1,f-1,i0, conf=-1: [4327b9a0-f311-4ee4-b5c4-0291d295fd82:192.168.69.106:41256, c80859c9-f21b-4abf-8d4a-e53adb085c0c:192.168.69.106:40401, efe5f872-798a-491e-a32c-3b7da58242e1:192.168.69.106:36375], old=null CLOSED
	at java.util.concurrent.CompletableFuture.encodeThrowable(CompletableFuture.java:273)
	at java.util.concurrent.CompletableFuture.completeThrowable(CompletableFuture.java:280)
	at java.util.concurrent.CompletableFuture.uniApply(CompletableFuture.java:604)
	at java.util.concurrent.CompletableFuture$UniApply.tryFire(CompletableFuture.java:577)
	at java.util.concurrent.CompletableFuture$Completion.run(CompletableFuture.java:442)
	at java.util.concurrent.ThreadPoolExecutor.runWorker(ThreadPoolExecutor.java:1149)
	at java.util.concurrent.ThreadPoolExecutor$Worker.run(ThreadPoolExecutor.java:624)
	at java.lang.Thread.run(Thread.java:748)
Caused by: java.lang.IllegalStateException: 4327b9a0-f311-4ee4-b5c4-0291d295fd82: failed to start a new impl:      null 4327b9a0-f311-4ee4-b5c4-0291d295fd82@group-6A9929AA4DE2:t0, leader=null, voted=null, raftlog=4327b9a0-f311-4ee4-b5c4-0291d295fd82@group-6A9929AA4DE2-SegmentedRaftLog:OPENED:c-1,f-1,i0, conf=-1: [4327b9a0-f311-4ee4-b5c4-0291d295fd82:192.168.69.106:41256, c80859c9-f21b-4abf-8d4a-e53adb085c0c:192.168.69.106:40401, efe5f872-798a-491e-a32c-3b7da58242e1:192.168.69.106:36375], old=null CLOSED
	at org.apache.ratis.util.Preconditions.assertTrue(Preconditions.java:75)
	at org.apache.ratis.server.impl.RaftServerProxy.lambda$groupAddAsync$10(RaftServerProxy.java:382)
	at java.util.concurrent.CompletableFuture.uniApply(CompletableFuture.java:602)
	... 5 more
2019-11-14 22:48:53,557 [ForkJoinPool.commonPool-worker-1] INFO  ozoneimpl.OzoneContainer (OzoneContainer.java:stop(244)) - Attempting to stop container services.
2019-11-14 22:48:53,557 [main] INFO  ozoneimpl.OzoneContainer (OzoneContainer.java:stop(244)) - Attempting to stop container services.
2019-11-14 22:48:53,557 [ForkJoinPool.commonPool-worker-1] INFO  impl.RaftServerProxy (RaftServerProxy.java:lambda$close$4(314)) - 66f1650a-280c-49f4-b95d-256fd142b93b: close
2019-11-14 22:48:53,558 [main] INFO  impl.RaftServerProxy (RaftServerProxy.java:lambda$close$4(314)) - 08dde684-28b1-4c0c-af1f-73a1ff3c9c7d: close
2019-11-14 22:48:53,567 [ForkJoinPool.commonPool-worker-1] INFO  server.GrpcService (GrpcService.java:closeImpl(164)) - 66f1650a-280c-49f4-b95d-256fd142b93b: shutdown server with port 39088 now
2019-11-14 22:48:53,571 [main] INFO  server.GrpcService (GrpcService.java:closeImpl(164)) - 08dde684-28b1-4c0c-af1f-73a1ff3c9c7d: shutdown server with port 45825 now
2019-11-14 22:48:53,572 [ForkJoinPool.commonPool-worker-1] INFO  server.GrpcService (GrpcService.java:closeImpl(172)) - 66f1650a-280c-49f4-b95d-256fd142b93b: shutdown server with port 39088 successfully
2019-11-14 22:48:53,572 [main] INFO  server.GrpcService (GrpcService.java:closeImpl(172)) - 08dde684-28b1-4c0c-af1f-73a1ff3c9c7d: shutdown server with port 45825 successfully
2019-11-14 22:48:53,576 [refreshUsed-/workdir/hadoop-ozone/integration-test/target/test-dir/MiniOzoneClusterImpl-cc864e37-e864-4d68-a6c4-66bb4c0b7714/datanode-5/data/containers] WARN  fs.CachingGetSpaceUsed (CachingGetSpaceUsed.java:run(183)) - Thread Interrupted waiting to refresh disk information: sleep interrupted
2019-11-14 22:48:53,576 [refreshUsed-/workdir/hadoop-ozone/integration-test/target/test-dir/MiniOzoneClusterImpl-cc864e37-e864-4d68-a6c4-66bb4c0b7714/datanode-2/data/containers] WARN  fs.CachingGetSpaceUsed (CachingGetSpaceUsed.java:run(183)) - Thread Interrupted waiting to refresh disk information: sleep interrupted
2019-11-14 22:48:53,595 [main] INFO  utils.BackgroundService (BackgroundService.java:shutdown(151)) - Shutting down service BlockDeletingService
2019-11-14 22:48:53,595 [ForkJoinPool.commonPool-worker-1] INFO  utils.BackgroundService (BackgroundService.java:shutdown(151)) - Shutting down service BlockDeletingService
2019-11-14 22:48:53,601 [ForkJoinPool.commonPool-worker-1] INFO  statemachine.DatanodeStateMachine (DatanodeStateMachine.java:stopDaemon(400)) - Ozone container server stopped.
2019-11-14 22:48:53,602 [main] INFO  statemachine.DatanodeStateMachine (DatanodeStateMachine.java:stopDaemon(400)) - Ozone container server stopped.
2019-11-14 22:48:53,607 [main] INFO  handler.ContextHandler (ContextHandler.java:doStop(910)) - Stopped o.e.j.w.WebAppContext@102c18e{/,null,UNAVAILABLE}{/hddsDatanode}
2019-11-14 22:48:53,608 [ForkJoinPool.commonPool-worker-1] INFO  handler.ContextHandler (ContextHandler.java:doStop(910)) - Stopped o.e.j.w.WebAppContext@101cf747{/,null,UNAVAILABLE}{/hddsDatanode}
2019-11-14 22:48:53,609 [main] INFO  server.AbstractConnector (AbstractConnector.java:doStop(318)) - Stopped ServerConnector@26e0d39c{HTTP/1.1,[http/1.1]}{0.0.0.0:0}
2019-11-14 22:48:53,609 [ForkJoinPool.commonPool-worker-1] INFO  server.AbstractConnector (AbstractConnector.java:doStop(318)) - Stopped ServerConnector@790d8fdd{HTTP/1.1,[http/1.1]}{0.0.0.0:0}
2019-11-14 22:48:53,611 [main] INFO  handler.ContextHandler (ContextHandler.java:doStop(910)) - Stopped o.e.j.s.ServletContextHandler@56a4abd0{/static,jar:file:/home/user/.m2/repository/org/apache/hadoop/hadoop-hdds-container-service/0.5.0-SNAPSHOT/hadoop-hdds-container-service-0.5.0-SNAPSHOT.jar!/webapps/static,UNAVAILABLE}
2019-11-14 22:48:53,611 [ForkJoinPool.commonPool-worker-1] INFO  handler.ContextHandler (ContextHandler.java:doStop(910)) - Stopped o.e.j.s.ServletContextHandler@d5e575c{/static,jar:file:/home/user/.m2/repository/org/apache/hadoop/hadoop-hdds-container-service/0.5.0-SNAPSHOT/hadoop-hdds-container-service-0.5.0-SNAPSHOT.jar!/webapps/static,UNAVAILABLE}
2019-11-14 22:48:53,611 [main] INFO  handler.ContextHandler (ContextHandler.java:doStop(910)) - Stopped o.e.j.s.ServletContextHandler@33d7765a{/logs,file:///workdir/hadoop-ozone/integration-test/target/log,UNAVAILABLE}
2019-11-14 22:48:53,613 [ForkJoinPool.commonPool-worker-1] INFO  handler.ContextHandler (ContextHandler.java:doStop(910)) - Stopped o.e.j.s.ServletContextHandler@2fc49538{/logs,file:///workdir/hadoop-ozone/integration-test/target/log,UNAVAILABLE}
2019-11-14 22:48:53,832 [Thread-3086] INFO  impl.FollowerState (FollowerState.java:run(111)) - efe5f872-798a-491e-a32c-3b7da58242e1@group-84B818EA8256-FollowerState: change to CANDIDATE, lastRpcTime:1014ms, electionTimeout:1014ms
2019-11-14 22:48:53,832 [Thread-3086] INFO  impl.RoleInfo (RoleInfo.java:shutdownFollowerState(121)) - efe5f872-798a-491e-a32c-3b7da58242e1: shutdown FollowerState
2019-11-14 22:48:53,832 [Thread-3086] INFO  impl.RaftServerImpl (RaftServerImpl.java:setRole(173)) - efe5f872-798a-491e-a32c-3b7da58242e1@group-84B818EA8256: changes role from  FOLLOWER to CANDIDATE at term 2 for changeToCandidate
2019-11-14 22:48:53,832 [Thread-3086] INFO  impl.RoleInfo (RoleInfo.java:updateAndGet(143)) - efe5f872-798a-491e-a32c-3b7da58242e1: start LeaderElection
2019-11-14 22:48:53,848 [Thread-3085] INFO  impl.FollowerState (FollowerState.java:run(111)) - c80859c9-f21b-4abf-8d4a-e53adb085c0c@group-84B818EA8256-FollowerState: change to CANDIDATE, lastRpcTime:1032ms, electionTimeout:1032ms
2019-11-14 22:48:53,848 [Thread-3085] INFO  impl.RoleInfo (RoleInfo.java:shutdownFollowerState(121)) - c80859c9-f21b-4abf-8d4a-e53adb085c0c: shutdown FollowerState
2019-11-14 22:48:53,848 [Thread-3085] INFO  impl.RaftServerImpl (RaftServerImpl.java:setRole(173)) - c80859c9-f21b-4abf-8d4a-e53adb085c0c@group-84B818EA8256: changes role from  FOLLOWER to CANDIDATE at term 2 for changeToCandidate
2019-11-14 22:48:53,848 [Thread-3085] INFO  impl.RoleInfo (RoleInfo.java:updateAndGet(143)) - c80859c9-f21b-4abf-8d4a-e53adb085c0c: start LeaderElection
2019-11-14 22:48:53,857 [efe5f872-798a-491e-a32c-3b7da58242e1@group-84B818EA8256-LeaderElection128] INFO  impl.LeaderElection (LeaderElection.java:askForVotes(178)) - efe5f872-798a-491e-a32c-3b7da58242e1@group-84B818EA8256-LeaderElection128: begin an election at term 3 for -1: [4327b9a0-f311-4ee4-b5c4-0291d295fd82:192.168.69.106:41256, c80859c9-f21b-4abf-8d4a-e53adb085c0c:192.168.69.106:40401, efe5f872-798a-491e-a32c-3b7da58242e1:192.168.69.106:36375], old=null
2019-11-14 22:48:53,860 [grpc-default-executor-4] WARN  server.GrpcServerProtocolService (LogUtils.java:warn(136)) - 4327b9a0-f311-4ee4-b5c4-0291d295fd82: Failed requestVote efe5f872-798a-491e-a32c-3b7da58242e1->4327b9a0-f311-4ee4-b5c4-0291d295fd82#0
org.apache.ratis.protocol.GroupMismatchException: 4327b9a0-f311-4ee4-b5c4-0291d295fd82: group-84B818EA8256 not found.
	at org.apache.ratis.server.impl.RaftServerProxy$ImplMap.get(RaftServerProxy.java:122)
	at org.apache.ratis.server.impl.RaftServerProxy.getImplFuture(RaftServerProxy.java:269)
	at org.apache.ratis.server.impl.RaftServerProxy.getImpl(RaftServerProxy.java:278)
	at org.apache.ratis.server.impl.RaftServerProxy.getImpl(RaftServerProxy.java:273)
	at org.apache.ratis.server.impl.RaftServerProxy.requestVote(RaftServerProxy.java:443)
	at org.apache.ratis.grpc.server.GrpcServerProtocolService.requestVote(GrpcServerProtocolService.java:142)
	at org.apache.ratis.proto.grpc.RaftServerProtocolServiceGrpc$MethodHandlers.invoke(RaftServerProtocolServiceGrpc.java:319)
	at org.apache.ratis.thirdparty.io.grpc.stub.ServerCalls$UnaryServerCallHandler$UnaryServerCallListener.onHalfClose(ServerCalls.java:171)
	at org.apache.ratis.thirdparty.io.grpc.internal.ServerCallImpl$ServerStreamListenerImpl.halfClosed(ServerCallImpl.java:283)
	at org.apache.ratis.thirdparty.io.grpc.internal.ServerImpl$JumpToApplicationThreadServerStreamListener$1HalfClosed.runInContext(ServerImpl.java:710)
	at org.apache.ratis.thirdparty.io.grpc.internal.ContextRunnable.run(ContextRunnable.java:37)
	at org.apache.ratis.thirdparty.io.grpc.internal.SerializingExecutor.run(SerializingExecutor.java:123)
	at java.util.concurrent.ThreadPoolExecutor.runWorker(ThreadPoolExecutor.java:1149)
	at java.util.concurrent.ThreadPoolExecutor$Worker.run(ThreadPoolExecutor.java:624)
	at java.lang.Thread.run(Thread.java:748)
2019-11-14 22:48:53,864 [efe5f872-798a-491e-a32c-3b7da58242e1@group-84B818EA8256-LeaderElection128] INFO  impl.LeaderElection (LogUtils.java:infoOrTrace(149)) - efe5f872-798a-491e-a32c-3b7da58242e1@group-84B818EA8256-LeaderElection128 got exception when requesting votes: {}
java.util.concurrent.ExecutionException: org.apache.ratis.thirdparty.io.grpc.StatusRuntimeException: INTERNAL: 4327b9a0-f311-4ee4-b5c4-0291d295fd82: group-84B818EA8256 not found.
	at java.util.concurrent.FutureTask.report(FutureTask.java:122)
	at java.util.concurrent.FutureTask.get(FutureTask.java:192)
	at org.apache.ratis.server.impl.LeaderElection.waitForResults(LeaderElection.java:259)
	at org.apache.ratis.server.impl.LeaderElection.askForVotes(LeaderElection.java:197)
	at org.apache.ratis.server.impl.LeaderElection.run(LeaderElection.java:133)
	at java.lang.Thread.run(Thread.java:748)
Caused by: org.apache.ratis.thirdparty.io.grpc.StatusRuntimeException: INTERNAL: 4327b9a0-f311-4ee4-b5c4-0291d295fd82: group-84B818EA8256 not found.
	at org.apache.ratis.thirdparty.io.grpc.stub.ClientCalls.toStatusRuntimeException(ClientCalls.java:233)
	at org.apache.ratis.thirdparty.io.grpc.stub.ClientCalls.getUnchecked(ClientCalls.java:214)
	at org.apache.ratis.thirdparty.io.grpc.stub.ClientCalls.blockingUnaryCall(ClientCalls.java:139)
	at org.apache.ratis.proto.grpc.RaftServerProtocolServiceGrpc$RaftServerProtocolServiceBlockingStub.requestVote(RaftServerProtocolServiceGrpc.java:265)
	at org.apache.ratis.grpc.server.GrpcServerProtocolClient.requestVote(GrpcServerProtocolClient.java:99)
	at org.apache.ratis.grpc.server.GrpcService.requestVote(GrpcService.java:204)
	at org.apache.ratis.server.impl.LeaderElection.lambda$submitRequests$1(LeaderElection.java:234)
	at java.util.concurrent.FutureTask.run(FutureTask.java:266)
	at java.util.concurrent.Executors$RunnableAdapter.call(Executors.java:511)
	at java.util.concurrent.FutureTask.run(FutureTask.java:266)
	at java.util.concurrent.ThreadPoolExecutor.runWorker(ThreadPoolExecutor.java:1149)
	at java.util.concurrent.ThreadPoolExecutor$Worker.run(ThreadPoolExecutor.java:624)
	... 1 more
2019-11-14 22:48:53,873 [c80859c9-f21b-4abf-8d4a-e53adb085c0c@group-84B818EA8256-LeaderElection129] INFO  impl.LeaderElection (LeaderElection.java:askForVotes(178)) - c80859c9-f21b-4abf-8d4a-e53adb085c0c@group-84B818EA8256-LeaderElection129: begin an election at term 3 for -1: [4327b9a0-f311-4ee4-b5c4-0291d295fd82:192.168.69.106:41256, c80859c9-f21b-4abf-8d4a-e53adb085c0c:192.168.69.106:40401, efe5f872-798a-491e-a32c-3b7da58242e1:192.168.69.106:36375], old=null
2019-11-14 22:48:53,873 [efe5f872-798a-491e-a32c-3b7da58242e1@group-84B818EA8256-LeaderElection128] INFO  impl.LeaderElection (LeaderElection.java:logAndReturn(56)) - efe5f872-798a-491e-a32c-3b7da58242e1@group-84B818EA8256-LeaderElection128: Election REJECTED; received 1 response(s) [efe5f872-798a-491e-a32c-3b7da58242e1<-c80859c9-f21b-4abf-8d4a-e53adb085c0c#0:FAIL-t3] and 1 exception(s); efe5f872-798a-491e-a32c-3b7da58242e1@group-84B818EA8256:t3, leader=null, voted=efe5f872-798a-491e-a32c-3b7da58242e1, raftlog=efe5f872-798a-491e-a32c-3b7da58242e1@group-84B818EA8256-SegmentedRaftLog:OPENED:c-1,f-1,i0, conf=-1: [4327b9a0-f311-4ee4-b5c4-0291d295fd82:192.168.69.106:41256, c80859c9-f21b-4abf-8d4a-e53adb085c0c:192.168.69.106:40401, efe5f872-798a-491e-a32c-3b7da58242e1:192.168.69.106:36375], old=null
2019-11-14 22:48:53,874 [efe5f872-798a-491e-a32c-3b7da58242e1@group-84B818EA8256-LeaderElection128] INFO  impl.LeaderElection (LogUtils.java:infoOrTrace(149)) -   Exception 0: {}
java.util.concurrent.ExecutionException: org.apache.ratis.thirdparty.io.grpc.StatusRuntimeException: INTERNAL: 4327b9a0-f311-4ee4-b5c4-0291d295fd82: group-84B818EA8256 not found.
	at java.util.concurrent.FutureTask.report(FutureTask.java:122)
	at java.util.concurrent.FutureTask.get(FutureTask.java:192)
	at org.apache.ratis.server.impl.LeaderElection.waitForResults(LeaderElection.java:259)
	at org.apache.ratis.server.impl.LeaderElection.askForVotes(LeaderElection.java:197)
	at org.apache.ratis.server.impl.LeaderElection.run(LeaderElection.java:133)
	at java.lang.Thread.run(Thread.java:748)
Caused by: org.apache.ratis.thirdparty.io.grpc.StatusRuntimeException: INTERNAL: 4327b9a0-f311-4ee4-b5c4-0291d295fd82: group-84B818EA8256 not found.
	at org.apache.ratis.thirdparty.io.grpc.stub.ClientCalls.toStatusRuntimeException(ClientCalls.java:233)
	at org.apache.ratis.thirdparty.io.grpc.stub.ClientCalls.getUnchecked(ClientCalls.java:214)
	at org.apache.ratis.thirdparty.io.grpc.stub.ClientCalls.blockingUnaryCall(ClientCalls.java:139)
	at org.apache.ratis.proto.grpc.RaftServerProtocolServiceGrpc$RaftServerProtocolServiceBlockingStub.requestVote(RaftServerProtocolServiceGrpc.java:265)
	at org.apache.ratis.grpc.server.GrpcServerProtocolClient.requestVote(GrpcServerProtocolClient.java:99)
	at org.apache.ratis.grpc.server.GrpcService.requestVote(GrpcService.java:204)
	at org.apache.ratis.server.impl.LeaderElection.lambda$submitRequests$1(LeaderElection.java:234)
	at java.util.concurrent.FutureTask.run(FutureTask.java:266)
	at java.util.concurrent.Executors$RunnableAdapter.call(Executors.java:511)
	at java.util.concurrent.FutureTask.run(FutureTask.java:266)
	at java.util.concurrent.ThreadPoolExecutor.runWorker(ThreadPoolExecutor.java:1149)
	at java.util.concurrent.ThreadPoolExecutor$Worker.run(ThreadPoolExecutor.java:624)
	... 1 more
2019-11-14 22:48:53,874 [efe5f872-798a-491e-a32c-3b7da58242e1@group-84B818EA8256-LeaderElection128] INFO  impl.RaftServerImpl (RaftServerImpl.java:setRole(173)) - efe5f872-798a-491e-a32c-3b7da58242e1@group-84B818EA8256: changes role from CANDIDATE to FOLLOWER at term 3 for DISCOVERED_A_NEW_TERM
2019-11-14 22:48:53,874 [efe5f872-798a-491e-a32c-3b7da58242e1@group-84B818EA8256-LeaderElection128] INFO  impl.RoleInfo (RoleInfo.java:shutdownLeaderElection(134)) - efe5f872-798a-491e-a32c-3b7da58242e1: shutdown LeaderElection
2019-11-14 22:48:53,874 [efe5f872-798a-491e-a32c-3b7da58242e1@group-84B818EA8256-LeaderElection128] INFO  impl.RoleInfo (RoleInfo.java:updateAndGet(143)) - efe5f872-798a-491e-a32c-3b7da58242e1: start FollowerState
2019-11-14 22:48:53,875 [grpc-default-executor-6] WARN  server.GrpcServerProtocolService (LogUtils.java:warn(136)) - 4327b9a0-f311-4ee4-b5c4-0291d295fd82: Failed requestVote c80859c9-f21b-4abf-8d4a-e53adb085c0c->4327b9a0-f311-4ee4-b5c4-0291d295fd82#0
org.apache.ratis.protocol.GroupMismatchException: 4327b9a0-f311-4ee4-b5c4-0291d295fd82: group-84B818EA8256 not found.
	at org.apache.ratis.server.impl.RaftServerProxy$ImplMap.get(RaftServerProxy.java:122)
	at org.apache.ratis.server.impl.RaftServerProxy.getImplFuture(RaftServerProxy.java:269)
	at org.apache.ratis.server.impl.RaftServerProxy.getImpl(RaftServerProxy.java:278)
	at org.apache.ratis.server.impl.RaftServerProxy.getImpl(RaftServerProxy.java:273)
	at org.apache.ratis.server.impl.RaftServerProxy.requestVote(RaftServerProxy.java:443)
	at org.apache.ratis.grpc.server.GrpcServerProtocolService.requestVote(GrpcServerProtocolService.java:142)
	at org.apache.ratis.proto.grpc.RaftServerProtocolServiceGrpc$MethodHandlers.invoke(RaftServerProtocolServiceGrpc.java:319)
	at org.apache.ratis.thirdparty.io.grpc.stub.ServerCalls$UnaryServerCallHandler$UnaryServerCallListener.onHalfClose(ServerCalls.java:171)
	at org.apache.ratis.thirdparty.io.grpc.internal.ServerCallImpl$ServerStreamListenerImpl.halfClosed(ServerCallImpl.java:283)
	at org.apache.ratis.thirdparty.io.grpc.internal.ServerImpl$JumpToApplicationThreadServerStreamListener$1HalfClosed.runInContext(ServerImpl.java:710)
	at org.apache.ratis.thirdparty.io.grpc.internal.ContextRunnable.run(ContextRunnable.java:37)
	at org.apache.ratis.thirdparty.io.grpc.internal.SerializingExecutor.run(SerializingExecutor.java:123)
	at java.util.concurrent.ThreadPoolExecutor.runWorker(ThreadPoolExecutor.java:1149)
	at java.util.concurrent.ThreadPoolExecutor$Worker.run(ThreadPoolExecutor.java:624)
	at java.lang.Thread.run(Thread.java:748)
2019-11-14 22:48:53,878 [c80859c9-f21b-4abf-8d4a-e53adb085c0c@group-84B818EA8256-LeaderElection129] INFO  impl.LeaderElection (LogUtils.java:infoOrTrace(149)) - c80859c9-f21b-4abf-8d4a-e53adb085c0c@group-84B818EA8256-LeaderElection129 got exception when requesting votes: {}
java.util.concurrent.ExecutionException: org.apache.ratis.thirdparty.io.grpc.StatusRuntimeException: INTERNAL: 4327b9a0-f311-4ee4-b5c4-0291d295fd82: group-84B818EA8256 not found.
	at java.util.concurrent.FutureTask.report(FutureTask.java:122)
	at java.util.concurrent.FutureTask.get(FutureTask.java:192)
	at org.apache.ratis.server.impl.LeaderElection.waitForResults(LeaderElection.java:259)
	at org.apache.ratis.server.impl.LeaderElection.askForVotes(LeaderElection.java:197)
	at org.apache.ratis.server.impl.LeaderElection.run(LeaderElection.java:133)
	at java.lang.Thread.run(Thread.java:748)
Caused by: org.apache.ratis.thirdparty.io.grpc.StatusRuntimeException: INTERNAL: 4327b9a0-f311-4ee4-b5c4-0291d295fd82: group-84B818EA8256 not found.
	at org.apache.ratis.thirdparty.io.grpc.stub.ClientCalls.toStatusRuntimeException(ClientCalls.java:233)
	at org.apache.ratis.thirdparty.io.grpc.stub.ClientCalls.getUnchecked(ClientCalls.java:214)
	at org.apache.ratis.thirdparty.io.grpc.stub.ClientCalls.blockingUnaryCall(ClientCalls.java:139)
	at org.apache.ratis.proto.grpc.RaftServerProtocolServiceGrpc$RaftServerProtocolServiceBlockingStub.requestVote(RaftServerProtocolServiceGrpc.java:265)
	at org.apache.ratis.grpc.server.GrpcServerProtocolClient.requestVote(GrpcServerProtocolClient.java:99)
	at org.apache.ratis.grpc.server.GrpcService.requestVote(GrpcService.java:204)
	at org.apache.ratis.server.impl.LeaderElection.lambda$submitRequests$1(LeaderElection.java:234)
	at java.util.concurrent.FutureTask.run(FutureTask.java:266)
	at java.util.concurrent.Executors$RunnableAdapter.call(Executors.java:511)
	at java.util.concurrent.FutureTask.run(FutureTask.java:266)
	at java.util.concurrent.ThreadPoolExecutor.runWorker(ThreadPoolExecutor.java:1149)
	at java.util.concurrent.ThreadPoolExecutor$Worker.run(ThreadPoolExecutor.java:624)
	... 1 more
2019-11-14 22:48:53,879 [c80859c9-f21b-4abf-8d4a-e53adb085c0c@group-84B818EA8256-LeaderElection129] INFO  impl.LeaderElection (LeaderElection.java:logAndReturn(56)) - c80859c9-f21b-4abf-8d4a-e53adb085c0c@group-84B818EA8256-LeaderElection129: Election REJECTED; received 1 response(s) [c80859c9-f21b-4abf-8d4a-e53adb085c0c<-efe5f872-798a-491e-a32c-3b7da58242e1#0:FAIL-t3] and 1 exception(s); c80859c9-f21b-4abf-8d4a-e53adb085c0c@group-84B818EA8256:t3, leader=null, voted=c80859c9-f21b-4abf-8d4a-e53adb085c0c, raftlog=c80859c9-f21b-4abf-8d4a-e53adb085c0c@group-84B818EA8256-SegmentedRaftLog:OPENED:c-1,f-1,i0, conf=-1: [4327b9a0-f311-4ee4-b5c4-0291d295fd82:192.168.69.106:41256, c80859c9-f21b-4abf-8d4a-e53adb085c0c:192.168.69.106:40401, efe5f872-798a-491e-a32c-3b7da58242e1:192.168.69.106:36375], old=null
2019-11-14 22:48:53,879 [c80859c9-f21b-4abf-8d4a-e53adb085c0c@group-84B818EA8256-LeaderElection129] INFO  impl.LeaderElection (LogUtils.java:infoOrTrace(149)) -   Exception 0: {}
java.util.concurrent.ExecutionException: org.apache.ratis.thirdparty.io.grpc.StatusRuntimeException: INTERNAL: 4327b9a0-f311-4ee4-b5c4-0291d295fd82: group-84B818EA8256 not found.
	at java.util.concurrent.FutureTask.report(FutureTask.java:122)
	at java.util.concurrent.FutureTask.get(FutureTask.java:192)
	at org.apache.ratis.server.impl.LeaderElection.waitForResults(LeaderElection.java:259)
	at org.apache.ratis.server.impl.LeaderElection.askForVotes(LeaderElection.java:197)
	at org.apache.ratis.server.impl.LeaderElection.run(LeaderElection.java:133)
	at java.lang.Thread.run(Thread.java:748)
Caused by: org.apache.ratis.thirdparty.io.grpc.StatusRuntimeException: INTERNAL: 4327b9a0-f311-4ee4-b5c4-0291d295fd82: group-84B818EA8256 not found.
	at org.apache.ratis.thirdparty.io.grpc.stub.ClientCalls.toStatusRuntimeException(ClientCalls.java:233)
	at org.apache.ratis.thirdparty.io.grpc.stub.ClientCalls.getUnchecked(ClientCalls.java:214)
	at org.apache.ratis.thirdparty.io.grpc.stub.ClientCalls.blockingUnaryCall(ClientCalls.java:139)
	at org.apache.ratis.proto.grpc.RaftServerProtocolServiceGrpc$RaftServerProtocolServiceBlockingStub.requestVote(RaftServerProtocolServiceGrpc.java:265)
	at org.apache.ratis.grpc.server.GrpcServerProtocolClient.requestVote(GrpcServerProtocolClient.java:99)
	at org.apache.ratis.grpc.server.GrpcService.requestVote(GrpcService.java:204)
	at org.apache.ratis.server.impl.LeaderElection.lambda$submitRequests$1(LeaderElection.java:234)
	at java.util.concurrent.FutureTask.run(FutureTask.java:266)
	at java.util.concurrent.Executors$RunnableAdapter.call(Executors.java:511)
	at java.util.concurrent.FutureTask.run(FutureTask.java:266)
	at java.util.concurrent.ThreadPoolExecutor.runWorker(ThreadPoolExecutor.java:1149)
	at java.util.concurrent.ThreadPoolExecutor$Worker.run(ThreadPoolExecutor.java:624)
	... 1 more
2019-11-14 22:48:53,879 [c80859c9-f21b-4abf-8d4a-e53adb085c0c@group-84B818EA8256-LeaderElection129] INFO  impl.RaftServerImpl (RaftServerImpl.java:setRole(173)) - c80859c9-f21b-4abf-8d4a-e53adb085c0c@group-84B818EA8256: changes role from CANDIDATE to FOLLOWER at term 3 for DISCOVERED_A_NEW_TERM
2019-11-14 22:48:53,879 [c80859c9-f21b-4abf-8d4a-e53adb085c0c@group-84B818EA8256-LeaderElection129] INFO  impl.RoleInfo (RoleInfo.java:shutdownLeaderElection(134)) - c80859c9-f21b-4abf-8d4a-e53adb085c0c: shutdown LeaderElection
2019-11-14 22:48:53,880 [c80859c9-f21b-4abf-8d4a-e53adb085c0c@group-84B818EA8256-LeaderElection129] INFO  impl.RoleInfo (RoleInfo.java:updateAndGet(143)) - c80859c9-f21b-4abf-8d4a-e53adb085c0c: start FollowerState
2019-11-14 22:48:53,981 [Thread-3096] INFO  impl.FollowerState (FollowerState.java:run(111)) - efe5f872-798a-491e-a32c-3b7da58242e1@group-C307BAB6AC03-FollowerState: change to CANDIDATE, lastRpcTime:1061ms, electionTimeout:1061ms
2019-11-14 22:48:53,981 [Thread-3096] INFO  impl.RoleInfo (RoleInfo.java:shutdownFollowerState(121)) - efe5f872-798a-491e-a32c-3b7da58242e1: shutdown FollowerState
2019-11-14 22:48:53,981 [Thread-3096] INFO  impl.RaftServerImpl (RaftServerImpl.java:setRole(173)) - efe5f872-798a-491e-a32c-3b7da58242e1@group-C307BAB6AC03: changes role from  FOLLOWER to CANDIDATE at term 0 for changeToCandidate
2019-11-14 22:48:53,982 [Thread-3096] INFO  impl.RoleInfo (RoleInfo.java:updateAndGet(143)) - efe5f872-798a-491e-a32c-3b7da58242e1: start LeaderElection
2019-11-14 22:48:54,011 [efe5f872-798a-491e-a32c-3b7da58242e1@group-C307BAB6AC03-LeaderElection130] INFO  impl.LeaderElection (LeaderElection.java:askForVotes(178)) - efe5f872-798a-491e-a32c-3b7da58242e1@group-C307BAB6AC03-LeaderElection130: begin an election at term 1 for -1: [4327b9a0-f311-4ee4-b5c4-0291d295fd82:192.168.69.106:41256, c80859c9-f21b-4abf-8d4a-e53adb085c0c:192.168.69.106:40401, efe5f872-798a-491e-a32c-3b7da58242e1:192.168.69.106:36375], old=null
2019-11-14 22:48:54,016 [grpc-default-executor-4] WARN  server.GrpcServerProtocolService (LogUtils.java:warn(136)) - 4327b9a0-f311-4ee4-b5c4-0291d295fd82: Failed requestVote efe5f872-798a-491e-a32c-3b7da58242e1->4327b9a0-f311-4ee4-b5c4-0291d295fd82#0
org.apache.ratis.protocol.GroupMismatchException: 4327b9a0-f311-4ee4-b5c4-0291d295fd82: group-C307BAB6AC03 not found.
	at org.apache.ratis.server.impl.RaftServerProxy$ImplMap.get(RaftServerProxy.java:122)
	at org.apache.ratis.server.impl.RaftServerProxy.getImplFuture(RaftServerProxy.java:269)
	at org.apache.ratis.server.impl.RaftServerProxy.getImpl(RaftServerProxy.java:278)
	at org.apache.ratis.server.impl.RaftServerProxy.getImpl(RaftServerProxy.java:273)
	at org.apache.ratis.server.impl.RaftServerProxy.requestVote(RaftServerProxy.java:443)
	at org.apache.ratis.grpc.server.GrpcServerProtocolService.requestVote(GrpcServerProtocolService.java:142)
	at org.apache.ratis.proto.grpc.RaftServerProtocolServiceGrpc$MethodHandlers.invoke(RaftServerProtocolServiceGrpc.java:319)
	at org.apache.ratis.thirdparty.io.grpc.stub.ServerCalls$UnaryServerCallHandler$UnaryServerCallListener.onHalfClose(ServerCalls.java:171)
	at org.apache.ratis.thirdparty.io.grpc.internal.ServerCallImpl$ServerStreamListenerImpl.halfClosed(ServerCallImpl.java:283)
	at org.apache.ratis.thirdparty.io.grpc.internal.ServerImpl$JumpToApplicationThreadServerStreamListener$1HalfClosed.runInContext(ServerImpl.java:710)
	at org.apache.ratis.thirdparty.io.grpc.internal.ContextRunnable.run(ContextRunnable.java:37)
	at org.apache.ratis.thirdparty.io.grpc.internal.SerializingExecutor.run(SerializingExecutor.java:123)
	at java.util.concurrent.ThreadPoolExecutor.runWorker(ThreadPoolExecutor.java:1149)
	at java.util.concurrent.ThreadPoolExecutor$Worker.run(ThreadPoolExecutor.java:624)
	at java.lang.Thread.run(Thread.java:748)
2019-11-14 22:48:54,016 [grpc-default-executor-6] INFO  impl.RaftServerImpl (RaftServerImpl.java:setRole(173)) - c80859c9-f21b-4abf-8d4a-e53adb085c0c@group-C307BAB6AC03: changes role from  FOLLOWER to FOLLOWER at term 1 for recognizeCandidate:efe5f872-798a-491e-a32c-3b7da58242e1
2019-11-14 22:48:54,017 [grpc-default-executor-6] INFO  impl.RoleInfo (RoleInfo.java:shutdownFollowerState(121)) - c80859c9-f21b-4abf-8d4a-e53adb085c0c: shutdown FollowerState
2019-11-14 22:48:54,018 [grpc-default-executor-6] INFO  impl.RoleInfo (RoleInfo.java:updateAndGet(143)) - c80859c9-f21b-4abf-8d4a-e53adb085c0c: start FollowerState
2019-11-14 22:48:54,018 [Thread-3095] INFO  impl.FollowerState (FollowerState.java:run(120)) - c80859c9-f21b-4abf-8d4a-e53adb085c0c@group-C307BAB6AC03-FollowerState was interrupted: java.lang.InterruptedException: sleep interrupted
2019-11-14 22:48:54,021 [efe5f872-798a-491e-a32c-3b7da58242e1@group-C307BAB6AC03-LeaderElection130] INFO  impl.LeaderElection (LogUtils.java:infoOrTrace(149)) - efe5f872-798a-491e-a32c-3b7da58242e1@group-C307BAB6AC03-LeaderElection130 got exception when requesting votes: {}
java.util.concurrent.ExecutionException: org.apache.ratis.thirdparty.io.grpc.StatusRuntimeException: INTERNAL: 4327b9a0-f311-4ee4-b5c4-0291d295fd82: group-C307BAB6AC03 not found.
	at java.util.concurrent.FutureTask.report(FutureTask.java:122)
	at java.util.concurrent.FutureTask.get(FutureTask.java:192)
	at org.apache.ratis.server.impl.LeaderElection.waitForResults(LeaderElection.java:259)
	at org.apache.ratis.server.impl.LeaderElection.askForVotes(LeaderElection.java:197)
	at org.apache.ratis.server.impl.LeaderElection.run(LeaderElection.java:133)
	at java.lang.Thread.run(Thread.java:748)
Caused by: org.apache.ratis.thirdparty.io.grpc.StatusRuntimeException: INTERNAL: 4327b9a0-f311-4ee4-b5c4-0291d295fd82: group-C307BAB6AC03 not found.
	at org.apache.ratis.thirdparty.io.grpc.stub.ClientCalls.toStatusRuntimeException(ClientCalls.java:233)
	at org.apache.ratis.thirdparty.io.grpc.stub.ClientCalls.getUnchecked(ClientCalls.java:214)
	at org.apache.ratis.thirdparty.io.grpc.stub.ClientCalls.blockingUnaryCall(ClientCalls.java:139)
	at org.apache.ratis.proto.grpc.RaftServerProtocolServiceGrpc$RaftServerProtocolServiceBlockingStub.requestVote(RaftServerProtocolServiceGrpc.java:265)
	at org.apache.ratis.grpc.server.GrpcServerProtocolClient.requestVote(GrpcServerProtocolClient.java:99)
	at org.apache.ratis.grpc.server.GrpcService.requestVote(GrpcService.java:204)
	at org.apache.ratis.server.impl.LeaderElection.lambda$submitRequests$1(LeaderElection.java:234)
	at java.util.concurrent.FutureTask.run(FutureTask.java:266)
	at java.util.concurrent.Executors$RunnableAdapter.call(Executors.java:511)
	at java.util.concurrent.FutureTask.run(FutureTask.java:266)
	at java.util.concurrent.ThreadPoolExecutor.runWorker(ThreadPoolExecutor.java:1149)
	at java.util.concurrent.ThreadPoolExecutor$Worker.run(ThreadPoolExecutor.java:624)
	... 1 more
2019-11-14 22:48:54,028 [Thread-3103] INFO  impl.FollowerState (FollowerState.java:run(111)) - c80859c9-f21b-4abf-8d4a-e53adb085c0c@group-6A9929AA4DE2-FollowerState: change to CANDIDATE, lastRpcTime:1105ms, electionTimeout:1105ms
2019-11-14 22:48:54,028 [Thread-3103] INFO  impl.RoleInfo (RoleInfo.java:shutdownFollowerState(121)) - c80859c9-f21b-4abf-8d4a-e53adb085c0c: shutdown FollowerState
2019-11-14 22:48:54,028 [Thread-3103] INFO  impl.RaftServerImpl (RaftServerImpl.java:setRole(173)) - c80859c9-f21b-4abf-8d4a-e53adb085c0c@group-6A9929AA4DE2: changes role from  FOLLOWER to CANDIDATE at term 0 for changeToCandidate
2019-11-14 22:48:54,028 [Thread-3103] INFO  impl.RoleInfo (RoleInfo.java:updateAndGet(143)) - c80859c9-f21b-4abf-8d4a-e53adb085c0c: start LeaderElection
2019-11-14 22:48:54,033 [efe5f872-798a-491e-a32c-3b7da58242e1@group-C307BAB6AC03-LeaderElection130] INFO  impl.LeaderElection (LeaderElection.java:logAndReturn(56)) - efe5f872-798a-491e-a32c-3b7da58242e1@group-C307BAB6AC03-LeaderElection130: Election PASSED; received 1 response(s) [efe5f872-798a-491e-a32c-3b7da58242e1<-c80859c9-f21b-4abf-8d4a-e53adb085c0c#0:OK-t1] and 1 exception(s); efe5f872-798a-491e-a32c-3b7da58242e1@group-C307BAB6AC03:t1, leader=null, voted=efe5f872-798a-491e-a32c-3b7da58242e1, raftlog=efe5f872-798a-491e-a32c-3b7da58242e1@group-C307BAB6AC03-SegmentedRaftLog:OPENED:c-1,f-1,i0, conf=-1: [4327b9a0-f311-4ee4-b5c4-0291d295fd82:192.168.69.106:41256, c80859c9-f21b-4abf-8d4a-e53adb085c0c:192.168.69.106:40401, efe5f872-798a-491e-a32c-3b7da58242e1:192.168.69.106:36375], old=null
2019-11-14 22:48:54,033 [efe5f872-798a-491e-a32c-3b7da58242e1@group-C307BAB6AC03-LeaderElection130] INFO  impl.LeaderElection (LogUtils.java:infoOrTrace(149)) -   Exception 0: {}
java.util.concurrent.ExecutionException: org.apache.ratis.thirdparty.io.grpc.StatusRuntimeException: INTERNAL: 4327b9a0-f311-4ee4-b5c4-0291d295fd82: group-C307BAB6AC03 not found.
	at java.util.concurrent.FutureTask.report(FutureTask.java:122)
	at java.util.concurrent.FutureTask.get(FutureTask.java:192)
	at org.apache.ratis.server.impl.LeaderElection.waitForResults(LeaderElection.java:259)
	at org.apache.ratis.server.impl.LeaderElection.askForVotes(LeaderElection.java:197)
	at org.apache.ratis.server.impl.LeaderElection.run(LeaderElection.java:133)
	at java.lang.Thread.run(Thread.java:748)
Caused by: org.apache.ratis.thirdparty.io.grpc.StatusRuntimeException: INTERNAL: 4327b9a0-f311-4ee4-b5c4-0291d295fd82: group-C307BAB6AC03 not found.
	at org.apache.ratis.thirdparty.io.grpc.stub.ClientCalls.toStatusRuntimeException(ClientCalls.java:233)
	at org.apache.ratis.thirdparty.io.grpc.stub.ClientCalls.getUnchecked(ClientCalls.java:214)
	at org.apache.ratis.thirdparty.io.grpc.stub.ClientCalls.blockingUnaryCall(ClientCalls.java:139)
	at org.apache.ratis.proto.grpc.RaftServerProtocolServiceGrpc$RaftServerProtocolServiceBlockingStub.requestVote(RaftServerProtocolServiceGrpc.java:265)
	at org.apache.ratis.grpc.server.GrpcServerProtocolClient.requestVote(GrpcServerProtocolClient.java:99)
	at org.apache.ratis.grpc.server.GrpcService.requestVote(GrpcService.java:204)
	at org.apache.ratis.server.impl.LeaderElection.lambda$submitRequests$1(LeaderElection.java:234)
	at java.util.concurrent.FutureTask.run(FutureTask.java:266)
	at java.util.concurrent.Executors$RunnableAdapter.call(Executors.java:511)
	at java.util.concurrent.FutureTask.run(FutureTask.java:266)
	at java.util.concurrent.ThreadPoolExecutor.runWorker(ThreadPoolExecutor.java:1149)
	at java.util.concurrent.ThreadPoolExecutor$Worker.run(ThreadPoolExecutor.java:624)
	... 1 more
2019-11-14 22:48:54,033 [efe5f872-798a-491e-a32c-3b7da58242e1@group-C307BAB6AC03-LeaderElection130] INFO  impl.RoleInfo (RoleInfo.java:shutdownLeaderElection(134)) - efe5f872-798a-491e-a32c-3b7da58242e1: shutdown LeaderElection
2019-11-14 22:48:54,033 [efe5f872-798a-491e-a32c-3b7da58242e1@group-C307BAB6AC03-LeaderElection130] INFO  impl.RaftServerImpl (RaftServerImpl.java:setRole(173)) - efe5f872-798a-491e-a32c-3b7da58242e1@group-C307BAB6AC03: changes role from CANDIDATE to LEADER at term 1 for changeToLeader
2019-11-14 22:48:54,034 [efe5f872-798a-491e-a32c-3b7da58242e1@group-C307BAB6AC03-LeaderElection130] INFO  ratis.XceiverServerRatis (XceiverServerRatis.java:handleLeaderChangedNotification(697)) - Leader change notification received for group: group-C307BAB6AC03 with new leaderId: efe5f872-798a-491e-a32c-3b7da58242e1
2019-11-14 22:48:54,035 [efe5f872-798a-491e-a32c-3b7da58242e1@group-C307BAB6AC03-LeaderElection130] INFO  impl.RaftServerImpl (ServerState.java:setLeader(255)) - efe5f872-798a-491e-a32c-3b7da58242e1@group-C307BAB6AC03: change Leader from null to efe5f872-798a-491e-a32c-3b7da58242e1 at term 1 for becomeLeader, leader elected after 8532ms
2019-11-14 22:48:54,036 [efe5f872-798a-491e-a32c-3b7da58242e1@group-C307BAB6AC03-LeaderElection130] INFO  server.RaftServerConfigKeys (ConfUtils.java:logGet(43)) - raft.server.staging.catchup.gap = 1000 (default)
2019-11-14 22:48:54,036 [efe5f872-798a-491e-a32c-3b7da58242e1@group-C307BAB6AC03-LeaderElection130] INFO  server.RaftServerConfigKeys (ConfUtils.java:logGet(43)) - raft.server.rpc.sleep.time = 25ms (default)
2019-11-14 22:48:54,036 [efe5f872-798a-491e-a32c-3b7da58242e1@group-C307BAB6AC03-LeaderElection130] INFO  server.RaftServerConfigKeys (ConfUtils.java:logGet(43)) - raft.server.write.element-limit = 4096 (default)
2019-11-14 22:48:54,036 [efe5f872-798a-491e-a32c-3b7da58242e1@group-C307BAB6AC03-LeaderElection130] INFO  server.RaftServerConfigKeys (ConfUtils.java:logGet(43)) - raft.server.watch.timeout = 10s (default)
2019-11-14 22:48:54,036 [efe5f872-798a-491e-a32c-3b7da58242e1@group-C307BAB6AC03-LeaderElection130] INFO  server.RaftServerConfigKeys (ConfUtils.java:logGet(43)) - raft.server.watch.timeout.denomination = 1s (default)
2019-11-14 22:48:54,036 [efe5f872-798a-491e-a32c-3b7da58242e1@group-C307BAB6AC03-LeaderElection130] INFO  server.RaftServerConfigKeys (ConfUtils.java:logGet(43)) - raft.server.watch.element-limit = 65536 (default)
2019-11-14 22:48:54,036 [efe5f872-798a-491e-a32c-3b7da58242e1@group-C307BAB6AC03-LeaderElection130] INFO  server.RaftServerConfigKeys (ConfUtils.java:logGet(43)) - raft.server.log.appender.snapshot.chunk.size.max = 16MB (=16777216) (default)
2019-11-14 22:48:54,037 [efe5f872-798a-491e-a32c-3b7da58242e1@group-C307BAB6AC03-LeaderElection130] INFO  server.RaftServerConfigKeys (ConfUtils.java:logGet(43)) - raft.server.log.appender.buffer.byte-limit = 33554432 (custom)
2019-11-14 22:48:54,037 [efe5f872-798a-491e-a32c-3b7da58242e1@group-C307BAB6AC03-LeaderElection130] INFO  server.RaftServerConfigKeys (ConfUtils.java:logGet(43)) - raft.server.log.appender.buffer.element-limit = 1 (custom)
2019-11-14 22:48:54,037 [efe5f872-798a-491e-a32c-3b7da58242e1@group-C307BAB6AC03-LeaderElection130] INFO  grpc.GrpcConfigKeys$Server (ConfUtils.java:logGet(43)) - raft.grpc.server.leader.outstanding.appends.max = 128 (default)
2019-11-14 22:48:54,037 [efe5f872-798a-491e-a32c-3b7da58242e1@group-C307BAB6AC03-LeaderElection130] INFO  server.RaftServerConfigKeys (ConfUtils.java:logGet(43)) - raft.server.rpc.request.timeout = 3000ms (default)
2019-11-14 22:48:54,037 [efe5f872-798a-491e-a32c-3b7da58242e1@group-C307BAB6AC03-LeaderElection130] INFO  server.RaftServerConfigKeys (ConfUtils.java:logGet(43)) - raft.server.log.appender.install.snapshot.enabled = false (custom)
2019-11-14 22:48:54,037 [efe5f872-798a-491e-a32c-3b7da58242e1@group-C307BAB6AC03-LeaderElection130] WARN  impl.MetricRegistriesImpl (MetricRegistriesImpl.java:lambda$create$1(61)) - First MetricRegistry has been created without registering reporters. You may need to call MetricRegistries.global().addReportRegistration(...) before.
2019-11-14 22:48:54,037 [efe5f872-798a-491e-a32c-3b7da58242e1@group-C307BAB6AC03-LeaderElection130] INFO  server.RaftServerConfigKeys (ConfUtils.java:logGet(43)) - raft.server.log.appender.snapshot.chunk.size.max = 16MB (=16777216) (default)
2019-11-14 22:48:54,037 [efe5f872-798a-491e-a32c-3b7da58242e1@group-C307BAB6AC03-LeaderElection130] INFO  server.RaftServerConfigKeys (ConfUtils.java:logGet(43)) - raft.server.log.appender.buffer.byte-limit = 33554432 (custom)
2019-11-14 22:48:54,037 [efe5f872-798a-491e-a32c-3b7da58242e1@group-C307BAB6AC03-LeaderElection130] INFO  server.RaftServerConfigKeys (ConfUtils.java:logGet(43)) - raft.server.log.appender.buffer.element-limit = 1 (custom)
2019-11-14 22:48:54,038 [efe5f872-798a-491e-a32c-3b7da58242e1@group-C307BAB6AC03-LeaderElection130] INFO  grpc.GrpcConfigKeys$Server (ConfUtils.java:logGet(43)) - raft.grpc.server.leader.outstanding.appends.max = 128 (default)
2019-11-14 22:48:54,038 [efe5f872-798a-491e-a32c-3b7da58242e1@group-C307BAB6AC03-LeaderElection130] INFO  server.RaftServerConfigKeys (ConfUtils.java:logGet(43)) - raft.server.rpc.request.timeout = 3000ms (default)
2019-11-14 22:48:54,038 [efe5f872-798a-491e-a32c-3b7da58242e1@group-C307BAB6AC03-LeaderElection130] INFO  server.RaftServerConfigKeys (ConfUtils.java:logGet(43)) - raft.server.log.appender.install.snapshot.enabled = false (custom)
2019-11-14 22:48:54,038 [efe5f872-798a-491e-a32c-3b7da58242e1@group-C307BAB6AC03-LeaderElection130] INFO  impl.RoleInfo (RoleInfo.java:updateAndGet(143)) - efe5f872-798a-491e-a32c-3b7da58242e1: start LeaderState
2019-11-14 22:48:54,038 [efe5f872-798a-491e-a32c-3b7da58242e1@group-C307BAB6AC03-LeaderElection130] INFO  segmented.SegmentedRaftLogWorker (SegmentedRaftLogWorker.java:startLogSegment(385)) - efe5f872-798a-491e-a32c-3b7da58242e1@group-C307BAB6AC03-SegmentedRaftLogWorker: Starting segment from index:0
2019-11-14 22:48:54,039 [efe5f872-798a-491e-a32c-3b7da58242e1@group-C307BAB6AC03-LeaderElection130] INFO  impl.RaftServerImpl (ServerState.java:setRaftConf(356)) - efe5f872-798a-491e-a32c-3b7da58242e1@group-C307BAB6AC03: set configuration 0: [4327b9a0-f311-4ee4-b5c4-0291d295fd82:192.168.69.106:41256, c80859c9-f21b-4abf-8d4a-e53adb085c0c:192.168.69.106:40401, efe5f872-798a-491e-a32c-3b7da58242e1:192.168.69.106:36375], old=null at 0
2019-11-14 22:48:54,072 [Thread-3099] INFO  impl.FollowerState (FollowerState.java:run(111)) - c80859c9-f21b-4abf-8d4a-e53adb085c0c@group-76C8DD8CE2E2-FollowerState: change to CANDIDATE, lastRpcTime:1151ms, electionTimeout:1133ms
2019-11-14 22:48:54,074 [Thread-3099] INFO  impl.RoleInfo (RoleInfo.java:shutdownFollowerState(121)) - c80859c9-f21b-4abf-8d4a-e53adb085c0c: shutdown FollowerState
2019-11-14 22:48:54,074 [c80859c9-f21b-4abf-8d4a-e53adb085c0c@group-6A9929AA4DE2-LeaderElection131] INFO  impl.LeaderElection (LeaderElection.java:askForVotes(178)) - c80859c9-f21b-4abf-8d4a-e53adb085c0c@group-6A9929AA4DE2-LeaderElection131: begin an election at term 1 for -1: [4327b9a0-f311-4ee4-b5c4-0291d295fd82:192.168.69.106:41256, c80859c9-f21b-4abf-8d4a-e53adb085c0c:192.168.69.106:40401, efe5f872-798a-491e-a32c-3b7da58242e1:192.168.69.106:36375], old=null
2019-11-14 22:48:54,075 [Thread-3099] INFO  impl.RaftServerImpl (RaftServerImpl.java:setRole(173)) - c80859c9-f21b-4abf-8d4a-e53adb085c0c@group-76C8DD8CE2E2: changes role from  FOLLOWER to CANDIDATE at term 0 for changeToCandidate
2019-11-14 22:48:54,075 [Thread-3099] INFO  impl.RoleInfo (RoleInfo.java:updateAndGet(143)) - c80859c9-f21b-4abf-8d4a-e53adb085c0c: start LeaderElection
2019-11-14 22:48:54,078 [grpc-default-executor-6] INFO  impl.RaftServerProxy (RaftServerProxy.java:remove(95)) - efe5f872-798a-491e-a32c-3b7da58242e1: remove    LEADER efe5f872-798a-491e-a32c-3b7da58242e1@group-C307BAB6AC03:t1, leader=efe5f872-798a-491e-a32c-3b7da58242e1, voted=efe5f872-798a-491e-a32c-3b7da58242e1, raftlog=efe5f872-798a-491e-a32c-3b7da58242e1@group-C307BAB6AC03-SegmentedRaftLog:OPENED:c-1,f-1,i0, conf=0: [4327b9a0-f311-4ee4-b5c4-0291d295fd82:192.168.69.106:41256, c80859c9-f21b-4abf-8d4a-e53adb085c0c:192.168.69.106:40401, efe5f872-798a-491e-a32c-3b7da58242e1:192.168.69.106:36375], old=null RUNNING
2019-11-14 22:48:54,078 [grpc-default-executor-6] INFO  impl.RaftServerImpl (RaftServerImpl.java:lambda$shutdown$3(250)) - efe5f872-798a-491e-a32c-3b7da58242e1@group-C307BAB6AC03: shutdown
2019-11-14 22:48:54,080 [grpc-default-executor-4] INFO  ratis.XceiverServerRatis (XceiverServerRatis.java:handleLeaderChangedNotification(697)) - Leader change notification received for group: group-C307BAB6AC03 with new leaderId: efe5f872-798a-491e-a32c-3b7da58242e1
2019-11-14 22:48:54,080 [grpc-default-executor-6] INFO  util.JmxRegister (JmxRegister.java:unregister(73)) - Successfully un-registered JMX Bean with object name Ratis:service=RaftServer,group=group-C307BAB6AC03,id=efe5f872-798a-491e-a32c-3b7da58242e1
2019-11-14 22:48:54,080 [grpc-default-executor-4] INFO  impl.RaftServerImpl (ServerState.java:setLeader(255)) - c80859c9-f21b-4abf-8d4a-e53adb085c0c@group-C307BAB6AC03: change Leader from null to efe5f872-798a-491e-a32c-3b7da58242e1 at term 1 for appendEntries, leader elected after 8578ms
2019-11-14 22:48:54,080 [grpc-default-executor-6] INFO  impl.RoleInfo (RoleInfo.java:shutdownLeaderState(104)) - efe5f872-798a-491e-a32c-3b7da58242e1: shutdown LeaderState
2019-11-14 22:48:54,081 [grpc-default-executor-8] WARN  server.GrpcServerProtocolService (LogUtils.java:warn(136)) - 4327b9a0-f311-4ee4-b5c4-0291d295fd82: Failed requestVote c80859c9-f21b-4abf-8d4a-e53adb085c0c->4327b9a0-f311-4ee4-b5c4-0291d295fd82#0
org.apache.ratis.protocol.GroupMismatchException: 4327b9a0-f311-4ee4-b5c4-0291d295fd82: group-6A9929AA4DE2 not found.
	at org.apache.ratis.server.impl.RaftServerProxy$ImplMap.get(RaftServerProxy.java:122)
	at org.apache.ratis.server.impl.RaftServerProxy.getImplFuture(RaftServerProxy.java:269)
	at org.apache.ratis.server.impl.RaftServerProxy.getImpl(RaftServerProxy.java:278)
	at org.apache.ratis.server.impl.RaftServerProxy.getImpl(RaftServerProxy.java:273)
	at org.apache.ratis.server.impl.RaftServerProxy.requestVote(RaftServerProxy.java:443)
	at org.apache.ratis.grpc.server.GrpcServerProtocolService.requestVote(GrpcServerProtocolService.java:142)
	at org.apache.ratis.proto.grpc.RaftServerProtocolServiceGrpc$MethodHandlers.invoke(RaftServerProtocolServiceGrpc.java:319)
	at org.apache.ratis.thirdparty.io.grpc.stub.ServerCalls$UnaryServerCallHandler$UnaryServerCallListener.onHalfClose(ServerCalls.java:171)
	at org.apache.ratis.thirdparty.io.grpc.internal.ServerCallImpl$ServerStreamListenerImpl.halfClosed(ServerCallImpl.java:283)
	at org.apache.ratis.thirdparty.io.grpc.internal.ServerImpl$JumpToApplicationThreadServerStreamListener$1HalfClosed.runInContext(ServerImpl.java:710)
	at org.apache.ratis.thirdparty.io.grpc.internal.ContextRunnable.run(ContextRunnable.java:37)
	at org.apache.ratis.thirdparty.io.grpc.internal.SerializingExecutor.run(SerializingExecutor.java:123)
	at java.util.concurrent.ThreadPoolExecutor.runWorker(ThreadPoolExecutor.java:1149)
	at java.util.concurrent.ThreadPoolExecutor$Worker.run(ThreadPoolExecutor.java:624)
	at java.lang.Thread.run(Thread.java:748)
2019-11-14 22:48:54,085 [org.apache.ratis.server.impl.LogAppender$AppenderDaemon$$Lambda$460/1168859626@7fcb2db4] WARN  server.GrpcLogAppender (GrpcLogAppender.java:mayWait(151)) - efe5f872-798a-491e-a32c-3b7da58242e1@group-C307BAB6AC03->c80859c9-f21b-4abf-8d4a-e53adb085c0c-GrpcLogAppender: Wait interrupted by java.lang.InterruptedException
2019-11-14 22:48:54,085 [org.apache.ratis.server.impl.LogAppender$AppenderDaemon$$Lambda$460/1168859626@66ec4e3b] WARN  server.GrpcLogAppender (GrpcLogAppender.java:mayWait(151)) - efe5f872-798a-491e-a32c-3b7da58242e1@group-C307BAB6AC03->4327b9a0-f311-4ee4-b5c4-0291d295fd82-GrpcLogAppender: Wait interrupted by java.lang.InterruptedException
2019-11-14 22:48:54,085 [grpc-default-executor-6] INFO  impl.PendingRequests (PendingRequests.java:sendNotLeaderResponses(206)) - efe5f872-798a-491e-a32c-3b7da58242e1@group-C307BAB6AC03-PendingRequests: sendNotLeaderResponses
2019-11-14 22:48:54,083 [grpc-default-executor-4] INFO  impl.RaftServerImpl (RaftServerImpl.java:setRole(173)) - efe5f872-798a-491e-a32c-3b7da58242e1@group-6A9929AA4DE2: changes role from  FOLLOWER to FOLLOWER at term 1 for recognizeCandidate:c80859c9-f21b-4abf-8d4a-e53adb085c0c
2019-11-14 22:48:54,085 [grpc-default-executor-6] INFO  impl.StateMachineUpdater (StateMachineUpdater.java:stopAndJoin(136)) - efe5f872-798a-491e-a32c-3b7da58242e1@group-C307BAB6AC03-StateMachineUpdater: set stopIndex = -1
2019-11-14 22:48:54,085 [grpc-default-executor-4] INFO  impl.RoleInfo (RoleInfo.java:shutdownFollowerState(121)) - efe5f872-798a-491e-a32c-3b7da58242e1: shutdown FollowerState
2019-11-14 22:48:54,085 [grpc-default-executor-6] INFO  impl.RaftServerImpl (ServerState.java:close(387)) - efe5f872-798a-491e-a32c-3b7da58242e1@group-C307BAB6AC03: closes. applyIndex: -1
2019-11-14 22:48:54,086 [grpc-default-executor-5] INFO  server.GrpcServerProtocolService (GrpcServerProtocolService.java:onCompleted(113)) - c80859c9-f21b-4abf-8d4a-e53adb085c0c: Completed APPEND_ENTRIES, lastRequest: efe5f872-798a-491e-a32c-3b7da58242e1->c80859c9-f21b-4abf-8d4a-e53adb085c0c#0-t1, previous=(t:0, i:0), leaderCommit=-1, initializing? false, entries: <empty>
2019-11-14 22:48:54,086 [Thread-3104] INFO  impl.FollowerState (FollowerState.java:run(120)) - efe5f872-798a-491e-a32c-3b7da58242e1@group-6A9929AA4DE2-FollowerState was interrupted: java.lang.InterruptedException: sleep interrupted
2019-11-14 22:48:54,086 [Thread-3100] INFO  impl.FollowerState (FollowerState.java:run(111)) - efe5f872-798a-491e-a32c-3b7da58242e1@group-76C8DD8CE2E2-FollowerState: change to CANDIDATE, lastRpcTime:1164ms, electionTimeout:1164ms
2019-11-14 22:48:54,086 [grpc-default-executor-4] INFO  impl.RoleInfo (RoleInfo.java:updateAndGet(143)) - efe5f872-798a-491e-a32c-3b7da58242e1: start FollowerState
2019-11-14 22:48:54,092 [Thread-3100] INFO  impl.RoleInfo (RoleInfo.java:shutdownFollowerState(121)) - efe5f872-798a-491e-a32c-3b7da58242e1: shutdown FollowerState
2019-11-14 22:48:54,086 [grpc-default-executor-9] INFO  server.GrpcServerProtocolService (GrpcServerProtocolService.java:onCompleted(113)) - 4327b9a0-f311-4ee4-b5c4-0291d295fd82: Completed APPEND_ENTRIES, lastRequest: efe5f872-798a-491e-a32c-3b7da58242e1->4327b9a0-f311-4ee4-b5c4-0291d295fd82#0-t1, previous=(t:0, i:0), leaderCommit=-1, initializing? false, entries: <empty>
2019-11-14 22:48:54,092 [Thread-3100] INFO  impl.RaftServerImpl (RaftServerImpl.java:setRole(173)) - efe5f872-798a-491e-a32c-3b7da58242e1@group-76C8DD8CE2E2: changes role from  FOLLOWER to CANDIDATE at term 0 for changeToCandidate
2019-11-14 22:48:54,093 [Thread-3100] INFO  impl.RoleInfo (RoleInfo.java:updateAndGet(143)) - efe5f872-798a-491e-a32c-3b7da58242e1: start LeaderElection
2019-11-14 22:48:54,095 [c80859c9-f21b-4abf-8d4a-e53adb085c0c@group-76C8DD8CE2E2-LeaderElection132] INFO  impl.LeaderElection (LeaderElection.java:askForVotes(178)) - c80859c9-f21b-4abf-8d4a-e53adb085c0c@group-76C8DD8CE2E2-LeaderElection132: begin an election at term 1 for -1: [4327b9a0-f311-4ee4-b5c4-0291d295fd82:192.168.69.106:41256, c80859c9-f21b-4abf-8d4a-e53adb085c0c:192.168.69.106:40401, efe5f872-798a-491e-a32c-3b7da58242e1:192.168.69.106:36375], old=null
2019-11-14 22:48:54,095 [efe5f872-798a-491e-a32c-3b7da58242e1@group-C307BAB6AC03-SegmentedRaftLogWorker] WARN  segmented.SegmentedRaftLogOutputStream (SegmentedRaftLogOutputStream.java:<init>(77)) - Hit IOException while creating log segment /workdir/hadoop-ozone/integration-test/target/test-dir/MiniOzoneClusterImpl-cc864e37-e864-4d68-a6c4-66bb4c0b7714/datanode-1/data/ratis/52ab38f0-094d-4a5d-9b18-c307bab6ac03/current/log_inprogress_0, delete the partial file.
2019-11-14 22:48:54,095 [grpc-default-executor-5] INFO  server.GrpcLogAppender (GrpcLogAppender.java:onCompleted(308)) - efe5f872-798a-491e-a32c-3b7da58242e1@group-C307BAB6AC03->4327b9a0-f311-4ee4-b5c4-0291d295fd82-AppendLogResponseHandler: follower responses appendEntries COMPLETED
2019-11-14 22:48:54,095 [grpc-default-executor-9] INFO  server.GrpcLogAppender (GrpcLogAppender.java:onCompleted(308)) - efe5f872-798a-491e-a32c-3b7da58242e1@group-C307BAB6AC03->c80859c9-f21b-4abf-8d4a-e53adb085c0c-AppendLogResponseHandler: follower responses appendEntries COMPLETED
2019-11-14 22:48:54,095 [c80859c9-f21b-4abf-8d4a-e53adb085c0c@group-6A9929AA4DE2-LeaderElection131] INFO  impl.LeaderElection (LogUtils.java:infoOrTrace(149)) - c80859c9-f21b-4abf-8d4a-e53adb085c0c@group-6A9929AA4DE2-LeaderElection131 got exception when requesting votes: {}
java.util.concurrent.ExecutionException: org.apache.ratis.thirdparty.io.grpc.StatusRuntimeException: INTERNAL: 4327b9a0-f311-4ee4-b5c4-0291d295fd82: group-6A9929AA4DE2 not found.
	at java.util.concurrent.FutureTask.report(FutureTask.java:122)
	at java.util.concurrent.FutureTask.get(FutureTask.java:192)
	at org.apache.ratis.server.impl.LeaderElection.waitForResults(LeaderElection.java:259)
	at org.apache.ratis.server.impl.LeaderElection.askForVotes(LeaderElection.java:197)
	at org.apache.ratis.server.impl.LeaderElection.run(LeaderElection.java:133)
	at java.lang.Thread.run(Thread.java:748)
Caused by: org.apache.ratis.thirdparty.io.grpc.StatusRuntimeException: INTERNAL: 4327b9a0-f311-4ee4-b5c4-0291d295fd82: group-6A9929AA4DE2 not found.
	at org.apache.ratis.thirdparty.io.grpc.stub.ClientCalls.toStatusRuntimeException(ClientCalls.java:233)
	at org.apache.ratis.thirdparty.io.grpc.stub.ClientCalls.getUnchecked(ClientCalls.java:214)
	at org.apache.ratis.thirdparty.io.grpc.stub.ClientCalls.blockingUnaryCall(ClientCalls.java:139)
	at org.apache.ratis.proto.grpc.RaftServerProtocolServiceGrpc$RaftServerProtocolServiceBlockingStub.requestVote(RaftServerProtocolServiceGrpc.java:265)
	at org.apache.ratis.grpc.server.GrpcServerProtocolClient.requestVote(GrpcServerProtocolClient.java:99)
	at org.apache.ratis.grpc.server.GrpcService.requestVote(GrpcService.java:204)
	at org.apache.ratis.server.impl.LeaderElection.lambda$submitRequests$1(LeaderElection.java:234)
	at java.util.concurrent.FutureTask.run(FutureTask.java:266)
	at java.util.concurrent.Executors$RunnableAdapter.call(Executors.java:511)
	at java.util.concurrent.FutureTask.run(FutureTask.java:266)
	at java.util.concurrent.ThreadPoolExecutor.runWorker(ThreadPoolExecutor.java:1149)
	at java.util.concurrent.ThreadPoolExecutor$Worker.run(ThreadPoolExecutor.java:624)
	... 1 more
2019-11-14 22:48:54,096 [grpc-default-executor-5] INFO  impl.FollowerInfo (FollowerInfo.java:lambda$new$0(51)) - efe5f872-798a-491e-a32c-3b7da58242e1@group-C307BAB6AC03->4327b9a0-f311-4ee4-b5c4-0291d295fd82: nextIndex: updateUnconditionally 0 -> 0
2019-11-14 22:48:54,096 [grpc-default-executor-9] INFO  impl.FollowerInfo (FollowerInfo.java:lambda$new$0(51)) - efe5f872-798a-491e-a32c-3b7da58242e1@group-C307BAB6AC03->c80859c9-f21b-4abf-8d4a-e53adb085c0c: nextIndex: updateUnconditionally 0 -> 0
2019-11-14 22:48:54,096 [grpc-default-executor-6] INFO  segmented.SegmentedRaftLogWorker (SegmentedRaftLogWorker.java:close(224)) - efe5f872-798a-491e-a32c-3b7da58242e1@group-C307BAB6AC03-SegmentedRaftLogWorker close()
2019-11-14 22:48:54,099 [grpc-default-executor-5] WARN  server.GrpcServerProtocolService (LogUtils.java:warn(136)) - 4327b9a0-f311-4ee4-b5c4-0291d295fd82: Failed requestVote c80859c9-f21b-4abf-8d4a-e53adb085c0c->4327b9a0-f311-4ee4-b5c4-0291d295fd82#0
org.apache.ratis.protocol.GroupMismatchException: 4327b9a0-f311-4ee4-b5c4-0291d295fd82: group-76C8DD8CE2E2 not found.
	at org.apache.ratis.server.impl.RaftServerProxy$ImplMap.get(RaftServerProxy.java:122)
	at org.apache.ratis.server.impl.RaftServerProxy.getImplFuture(RaftServerProxy.java:269)
	at org.apache.ratis.server.impl.RaftServerProxy.getImpl(RaftServerProxy.java:278)
	at org.apache.ratis.server.impl.RaftServerProxy.getImpl(RaftServerProxy.java:273)
	at org.apache.ratis.server.impl.RaftServerProxy.requestVote(RaftServerProxy.java:443)
	at org.apache.ratis.grpc.server.GrpcServerProtocolService.requestVote(GrpcServerProtocolService.java:142)
	at org.apache.ratis.proto.grpc.RaftServerProtocolServiceGrpc$MethodHandlers.invoke(RaftServerProtocolServiceGrpc.java:319)
	at org.apache.ratis.thirdparty.io.grpc.stub.ServerCalls$UnaryServerCallHandler$UnaryServerCallListener.onHalfClose(ServerCalls.java:171)
	at org.apache.ratis.thirdparty.io.grpc.internal.ServerCallImpl$ServerStreamListenerImpl.halfClosed(ServerCallImpl.java:283)
	at org.apache.ratis.thirdparty.io.grpc.internal.ServerImpl$JumpToApplicationThreadServerStreamListener$1HalfClosed.runInContext(ServerImpl.java:710)
	at org.apache.ratis.thirdparty.io.grpc.internal.ContextRunnable.run(ContextRunnable.java:37)
	at org.apache.ratis.thirdparty.io.grpc.internal.SerializingExecutor.run(SerializingExecutor.java:123)
	at java.util.concurrent.ThreadPoolExecutor.runWorker(ThreadPoolExecutor.java:1149)
	at java.util.concurrent.ThreadPoolExecutor$Worker.run(ThreadPoolExecutor.java:624)
	at java.lang.Thread.run(Thread.java:748)
2019-11-14 22:48:54,101 [c80859c9-f21b-4abf-8d4a-e53adb085c0c@group-76C8DD8CE2E2-LeaderElection132] INFO  impl.LeaderElection (LogUtils.java:infoOrTrace(149)) - c80859c9-f21b-4abf-8d4a-e53adb085c0c@group-76C8DD8CE2E2-LeaderElection132 got exception when requesting votes: {}
java.util.concurrent.ExecutionException: org.apache.ratis.thirdparty.io.grpc.StatusRuntimeException: INTERNAL: 4327b9a0-f311-4ee4-b5c4-0291d295fd82: group-76C8DD8CE2E2 not found.
	at java.util.concurrent.FutureTask.report(FutureTask.java:122)
	at java.util.concurrent.FutureTask.get(FutureTask.java:192)
	at org.apache.ratis.server.impl.LeaderElection.waitForResults(LeaderElection.java:259)
	at org.apache.ratis.server.impl.LeaderElection.askForVotes(LeaderElection.java:197)
	at org.apache.ratis.server.impl.LeaderElection.run(LeaderElection.java:133)
	at java.lang.Thread.run(Thread.java:748)
Caused by: org.apache.ratis.thirdparty.io.grpc.StatusRuntimeException: INTERNAL: 4327b9a0-f311-4ee4-b5c4-0291d295fd82: group-76C8DD8CE2E2 not found.
	at org.apache.ratis.thirdparty.io.grpc.stub.ClientCalls.toStatusRuntimeException(ClientCalls.java:233)
	at org.apache.ratis.thirdparty.io.grpc.stub.ClientCalls.getUnchecked(ClientCalls.java:214)
	at org.apache.ratis.thirdparty.io.grpc.stub.ClientCalls.blockingUnaryCall(ClientCalls.java:139)
	at org.apache.ratis.proto.grpc.RaftServerProtocolServiceGrpc$RaftServerProtocolServiceBlockingStub.requestVote(RaftServerProtocolServiceGrpc.java:265)
	at org.apache.ratis.grpc.server.GrpcServerProtocolClient.requestVote(GrpcServerProtocolClient.java:99)
	at org.apache.ratis.grpc.server.GrpcService.requestVote(GrpcService.java:204)
	at org.apache.ratis.server.impl.LeaderElection.lambda$submitRequests$1(LeaderElection.java:234)
	at java.util.concurrent.FutureTask.run(FutureTask.java:266)
	at java.util.concurrent.Executors$RunnableAdapter.call(Executors.java:511)
	at java.util.concurrent.FutureTask.run(FutureTask.java:266)
	at java.util.concurrent.ThreadPoolExecutor.runWorker(ThreadPoolExecutor.java:1149)
	at java.util.concurrent.ThreadPoolExecutor$Worker.run(ThreadPoolExecutor.java:624)
	... 1 more
2019-11-14 22:48:54,102 [grpc-default-executor-5] INFO  impl.RaftServerProxy (RaftServerProxy.java:remove(95)) - efe5f872-798a-491e-a32c-3b7da58242e1: remove CANDIDATE efe5f872-798a-491e-a32c-3b7da58242e1@group-76C8DD8CE2E2:t1, leader=null, voted=efe5f872-798a-491e-a32c-3b7da58242e1, raftlog=efe5f872-798a-491e-a32c-3b7da58242e1@group-76C8DD8CE2E2-SegmentedRaftLog:OPENED:c-1,f-1,i0, conf=-1: [4327b9a0-f311-4ee4-b5c4-0291d295fd82:192.168.69.106:41256, c80859c9-f21b-4abf-8d4a-e53adb085c0c:192.168.69.106:40401, efe5f872-798a-491e-a32c-3b7da58242e1:192.168.69.106:36375], old=null RUNNING
2019-11-14 22:48:54,103 [grpc-default-executor-5] INFO  impl.RaftServerImpl (RaftServerImpl.java:lambda$shutdown$3(250)) - efe5f872-798a-491e-a32c-3b7da58242e1@group-76C8DD8CE2E2: shutdown
2019-11-14 22:48:54,103 [grpc-default-executor-5] INFO  util.JmxRegister (JmxRegister.java:unregister(73)) - Successfully un-registered JMX Bean with object name Ratis:service=RaftServer,group=group-76C8DD8CE2E2,id=efe5f872-798a-491e-a32c-3b7da58242e1
2019-11-14 22:48:54,103 [grpc-default-executor-5] INFO  impl.RoleInfo (RoleInfo.java:shutdownLeaderElection(134)) - efe5f872-798a-491e-a32c-3b7da58242e1: shutdown LeaderElection
2019-11-14 22:48:54,103 [grpc-default-executor-5] INFO  impl.StateMachineUpdater (StateMachineUpdater.java:stopAndJoin(136)) - efe5f872-798a-491e-a32c-3b7da58242e1@group-76C8DD8CE2E2-StateMachineUpdater: set stopIndex = -1
2019-11-14 22:48:54,103 [grpc-default-executor-5] INFO  impl.RaftServerImpl (ServerState.java:close(387)) - efe5f872-798a-491e-a32c-3b7da58242e1@group-76C8DD8CE2E2: closes. applyIndex: -1
2019-11-14 22:48:54,104 [efe5f872-798a-491e-a32c-3b7da58242e1@group-76C8DD8CE2E2-SegmentedRaftLogWorker] INFO  segmented.SegmentedRaftLogWorker (SegmentedRaftLogWorker.java:run(316)) - efe5f872-798a-491e-a32c-3b7da58242e1@group-76C8DD8CE2E2-SegmentedRaftLogWorker was interrupted, exiting. There are 0 tasks remaining in the queue.
2019-11-14 22:48:54,104 [grpc-default-executor-5] INFO  segmented.SegmentedRaftLogWorker (SegmentedRaftLogWorker.java:close(224)) - efe5f872-798a-491e-a32c-3b7da58242e1@group-76C8DD8CE2E2-SegmentedRaftLogWorker close()
2019-11-14 22:48:54,119 [efe5f872-798a-491e-a32c-3b7da58242e1@group-76C8DD8CE2E2-LeaderElection133] WARN  util.FileUtils (LogUtils.java:runAndLog(55)) - Failed to Files.move /workdir/hadoop-ozone/integration-test/target/test-dir/MiniOzoneClusterImpl-cc864e37-e864-4d68-a6c4-66bb4c0b7714/datanode-1/data/ratis/afcaeb6c-c12e-41fb-85fd-76c8dd8ce2e2/current/raft-meta.tmp to /workdir/hadoop-ozone/integration-test/target/test-dir/MiniOzoneClusterImpl-cc864e37-e864-4d68-a6c4-66bb4c0b7714/datanode-1/data/ratis/afcaeb6c-c12e-41fb-85fd-76c8dd8ce2e2/current/raft-meta: java.nio.file.NoSuchFileException: /workdir/hadoop-ozone/integration-test/target/test-dir/MiniOzoneClusterImpl-cc864e37-e864-4d68-a6c4-66bb4c0b7714/datanode-1/data/ratis/afcaeb6c-c12e-41fb-85fd-76c8dd8ce2e2/current/raft-meta.tmp
2019-11-14 22:48:54,120 [efe5f872-798a-491e-a32c-3b7da58242e1@group-76C8DD8CE2E2-LeaderElection133] WARN  util.AtomicFileOutputStream (AtomicFileOutputStream.java:abort(100)) - Unable to delete tmp file during abort /workdir/hadoop-ozone/integration-test/target/test-dir/MiniOzoneClusterImpl-cc864e37-e864-4d68-a6c4-66bb4c0b7714/datanode-1/data/ratis/afcaeb6c-c12e-41fb-85fd-76c8dd8ce2e2/current/raft-meta.tmp
2019-11-14 22:48:54,121 [efe5f872-798a-491e-a32c-3b7da58242e1@group-76C8DD8CE2E2-LeaderElection133] INFO  impl.LeaderElection (LeaderElection.java:run(137)) - efe5f872-798a-491e-a32c-3b7da58242e1@group-76C8DD8CE2E2-LeaderElection133: NoSuchFileException is safely ignored since this is already CLOSING
java.nio.file.NoSuchFileException: /workdir/hadoop-ozone/integration-test/target/test-dir/MiniOzoneClusterImpl-cc864e37-e864-4d68-a6c4-66bb4c0b7714/datanode-1/data/ratis/afcaeb6c-c12e-41fb-85fd-76c8dd8ce2e2/current/raft-meta.tmp
	at sun.nio.fs.UnixException.translateToIOException(UnixException.java:86)
	at sun.nio.fs.UnixException.rethrowAsIOException(UnixException.java:102)
	at sun.nio.fs.UnixException.rethrowAsIOException(UnixException.java:107)
	at sun.nio.fs.UnixCopyFile.move(UnixCopyFile.java:409)
	at sun.nio.fs.UnixFileSystemProvider.move(UnixFileSystemProvider.java:262)
	at java.nio.file.Files.move(Files.java:1395)
	at org.apache.ratis.util.FileUtils.lambda$move$6(FileUtils.java:79)
	at org.apache.ratis.util.LogUtils.runAndLog(LogUtils.java:50)
	at org.apache.ratis.util.FileUtils.move(FileUtils.java:78)
	at org.apache.ratis.util.FileUtils.move(FileUtils.java:74)
	at org.apache.ratis.util.AtomicFileOutputStream.close(AtomicFileOutputStream.java:73)
	at org.apache.ratis.server.storage.MetaFile.writeFile(MetaFile.java:96)
	at org.apache.ratis.server.storage.MetaFile.set(MetaFile.java:75)
	at org.apache.ratis.server.raftlog.segmented.SegmentedRaftLog.writeMetadata(SegmentedRaftLog.java:473)
	at org.apache.ratis.server.impl.ServerState.persistMetadata(ServerState.java:231)
	at org.apache.ratis.server.impl.LeaderElection.askForVotes(LeaderElection.java:176)
	at org.apache.ratis.server.impl.LeaderElection.run(LeaderElection.java:133)
	at java.lang.Thread.run(Thread.java:748)
2019-11-14 22:48:54,122 [grpc-default-executor-4] INFO  impl.RaftServerProxy (RaftServerProxy.java:remove(95)) - efe5f872-798a-491e-a32c-3b7da58242e1: remove  FOLLOWER efe5f872-798a-491e-a32c-3b7da58242e1@group-84B818EA8256:t3, leader=null, voted=efe5f872-798a-491e-a32c-3b7da58242e1, raftlog=efe5f872-798a-491e-a32c-3b7da58242e1@group-84B818EA8256-SegmentedRaftLog:OPENED:c-1,f-1,i0, conf=-1: [4327b9a0-f311-4ee4-b5c4-0291d295fd82:192.168.69.106:41256, c80859c9-f21b-4abf-8d4a-e53adb085c0c:192.168.69.106:40401, efe5f872-798a-491e-a32c-3b7da58242e1:192.168.69.106:36375], old=null RUNNING
2019-11-14 22:48:54,122 [c80859c9-f21b-4abf-8d4a-e53adb085c0c@group-6A9929AA4DE2-LeaderElection131] INFO  impl.LeaderElection (LeaderElection.java:logAndReturn(56)) - c80859c9-f21b-4abf-8d4a-e53adb085c0c@group-6A9929AA4DE2-LeaderElection131: Election PASSED; received 1 response(s) [c80859c9-f21b-4abf-8d4a-e53adb085c0c<-efe5f872-798a-491e-a32c-3b7da58242e1#0:OK-t1] and 1 exception(s); c80859c9-f21b-4abf-8d4a-e53adb085c0c@group-6A9929AA4DE2:t1, leader=null, voted=c80859c9-f21b-4abf-8d4a-e53adb085c0c, raftlog=c80859c9-f21b-4abf-8d4a-e53adb085c0c@group-6A9929AA4DE2-SegmentedRaftLog:OPENED:c-1,f-1,i0, conf=-1: [4327b9a0-f311-4ee4-b5c4-0291d295fd82:192.168.69.106:41256, c80859c9-f21b-4abf-8d4a-e53adb085c0c:192.168.69.106:40401, efe5f872-798a-491e-a32c-3b7da58242e1:192.168.69.106:36375], old=null
2019-11-14 22:48:54,122 [grpc-default-executor-4] INFO  impl.RaftServerImpl (RaftServerImpl.java:lambda$shutdown$3(250)) - efe5f872-798a-491e-a32c-3b7da58242e1@group-84B818EA8256: shutdown
2019-11-14 22:48:54,122 [c80859c9-f21b-4abf-8d4a-e53adb085c0c@group-76C8DD8CE2E2-LeaderElection132] INFO  impl.LeaderElection (LeaderElection.java:logAndReturn(56)) - c80859c9-f21b-4abf-8d4a-e53adb085c0c@group-76C8DD8CE2E2-LeaderElection132: Election REJECTED; received 1 response(s) [c80859c9-f21b-4abf-8d4a-e53adb085c0c<-efe5f872-798a-491e-a32c-3b7da58242e1#0:FAIL-t1] and 1 exception(s); c80859c9-f21b-4abf-8d4a-e53adb085c0c@group-76C8DD8CE2E2:t1, leader=null, voted=c80859c9-f21b-4abf-8d4a-e53adb085c0c, raftlog=c80859c9-f21b-4abf-8d4a-e53adb085c0c@group-76C8DD8CE2E2-SegmentedRaftLog:OPENED:c-1,f-1,i0, conf=-1: [4327b9a0-f311-4ee4-b5c4-0291d295fd82:192.168.69.106:41256, c80859c9-f21b-4abf-8d4a-e53adb085c0c:192.168.69.106:40401, efe5f872-798a-491e-a32c-3b7da58242e1:192.168.69.106:36375], old=null
2019-11-14 22:48:54,122 [c80859c9-f21b-4abf-8d4a-e53adb085c0c@group-6A9929AA4DE2-LeaderElection131] INFO  impl.LeaderElection (LogUtils.java:infoOrTrace(149)) -   Exception 0: {}
java.util.concurrent.ExecutionException: org.apache.ratis.thirdparty.io.grpc.StatusRuntimeException: INTERNAL: 4327b9a0-f311-4ee4-b5c4-0291d295fd82: group-6A9929AA4DE2 not found.
	at java.util.concurrent.FutureTask.report(FutureTask.java:122)
	at java.util.concurrent.FutureTask.get(FutureTask.java:192)
	at org.apache.ratis.server.impl.LeaderElection.waitForResults(LeaderElection.java:259)
	at org.apache.ratis.server.impl.LeaderElection.askForVotes(LeaderElection.java:197)
	at org.apache.ratis.server.impl.LeaderElection.run(LeaderElection.java:133)
	at java.lang.Thread.run(Thread.java:748)
Caused by: org.apache.ratis.thirdparty.io.grpc.StatusRuntimeException: INTERNAL: 4327b9a0-f311-4ee4-b5c4-0291d295fd82: group-6A9929AA4DE2 not found.
	at org.apache.ratis.thirdparty.io.grpc.stub.ClientCalls.toStatusRuntimeException(ClientCalls.java:233)
	at org.apache.ratis.thirdparty.io.grpc.stub.ClientCalls.getUnchecked(ClientCalls.java:214)
	at org.apache.ratis.thirdparty.io.grpc.stub.ClientCalls.blockingUnaryCall(ClientCalls.java:139)
	at org.apache.ratis.proto.grpc.RaftServerProtocolServiceGrpc$RaftServerProtocolServiceBlockingStub.requestVote(RaftServerProtocolServiceGrpc.java:265)
	at org.apache.ratis.grpc.server.GrpcServerProtocolClient.requestVote(GrpcServerProtocolClient.java:99)
	at org.apache.ratis.grpc.server.GrpcService.requestVote(GrpcService.java:204)
	at org.apache.ratis.server.impl.LeaderElection.lambda$submitRequests$1(LeaderElection.java:234)
	at java.util.concurrent.FutureTask.run(FutureTask.java:266)
	at java.util.concurrent.Executors$RunnableAdapter.call(Executors.java:511)
	at java.util.concurrent.FutureTask.run(FutureTask.java:266)
	at java.util.concurrent.ThreadPoolExecutor.runWorker(ThreadPoolExecutor.java:1149)
	at java.util.concurrent.ThreadPoolExecutor$Worker.run(ThreadPoolExecutor.java:624)
	... 1 more
2019-11-14 22:48:54,122 [c80859c9-f21b-4abf-8d4a-e53adb085c0c@group-76C8DD8CE2E2-LeaderElection132] INFO  impl.LeaderElection (LogUtils.java:infoOrTrace(149)) -   Exception 0: {}
java.util.concurrent.ExecutionException: org.apache.ratis.thirdparty.io.grpc.StatusRuntimeException: INTERNAL: 4327b9a0-f311-4ee4-b5c4-0291d295fd82: group-76C8DD8CE2E2 not found.
	at java.util.concurrent.FutureTask.report(FutureTask.java:122)
	at java.util.concurrent.FutureTask.get(FutureTask.java:192)
	at org.apache.ratis.server.impl.LeaderElection.waitForResults(LeaderElection.java:259)
	at org.apache.ratis.server.impl.LeaderElection.askForVotes(LeaderElection.java:197)
	at org.apache.ratis.server.impl.LeaderElection.run(LeaderElection.java:133)
	at java.lang.Thread.run(Thread.java:748)
Caused by: org.apache.ratis.thirdparty.io.grpc.StatusRuntimeException: INTERNAL: 4327b9a0-f311-4ee4-b5c4-0291d295fd82: group-76C8DD8CE2E2 not found.
	at org.apache.ratis.thirdparty.io.grpc.stub.ClientCalls.toStatusRuntimeException(ClientCalls.java:233)
	at org.apache.ratis.thirdparty.io.grpc.stub.ClientCalls.getUnchecked(ClientCalls.java:214)
	at org.apache.ratis.thirdparty.io.grpc.stub.ClientCalls.blockingUnaryCall(ClientCalls.java:139)
	at org.apache.ratis.proto.grpc.RaftServerProtocolServiceGrpc$RaftServerProtocolServiceBlockingStub.requestVote(RaftServerProtocolServiceGrpc.java:265)
	at org.apache.ratis.grpc.server.GrpcServerProtocolClient.requestVote(GrpcServerProtocolClient.java:99)
	at org.apache.ratis.grpc.server.GrpcService.requestVote(GrpcService.java:204)
	at org.apache.ratis.server.impl.LeaderElection.lambda$submitRequests$1(LeaderElection.java:234)
	at java.util.concurrent.FutureTask.run(FutureTask.java:266)
	at java.util.concurrent.Executors$RunnableAdapter.call(Executors.java:511)
	at java.util.concurrent.FutureTask.run(FutureTask.java:266)
	at java.util.concurrent.ThreadPoolExecutor.runWorker(ThreadPoolExecutor.java:1149)
	at java.util.concurrent.ThreadPoolExecutor$Worker.run(ThreadPoolExecutor.java:624)
	... 1 more
2019-11-14 22:48:54,122 [grpc-default-executor-4] INFO  util.JmxRegister (JmxRegister.java:unregister(73)) - Successfully un-registered JMX Bean with object name Ratis:service=RaftServer,group=group-84B818EA8256,id=efe5f872-798a-491e-a32c-3b7da58242e1
2019-11-14 22:48:54,123 [c80859c9-f21b-4abf-8d4a-e53adb085c0c@group-76C8DD8CE2E2-LeaderElection132] INFO  impl.RaftServerImpl (RaftServerImpl.java:setRole(173)) - c80859c9-f21b-4abf-8d4a-e53adb085c0c@group-76C8DD8CE2E2: changes role from CANDIDATE to FOLLOWER at term 1 for DISCOVERED_A_NEW_TERM
2019-11-14 22:48:54,123 [c80859c9-f21b-4abf-8d4a-e53adb085c0c@group-6A9929AA4DE2-LeaderElection131] INFO  impl.RoleInfo (RoleInfo.java:shutdownLeaderElection(134)) - c80859c9-f21b-4abf-8d4a-e53adb085c0c: shutdown LeaderElection
2019-11-14 22:48:54,123 [c80859c9-f21b-4abf-8d4a-e53adb085c0c@group-76C8DD8CE2E2-LeaderElection132] INFO  impl.RoleInfo (RoleInfo.java:shutdownLeaderElection(134)) - c80859c9-f21b-4abf-8d4a-e53adb085c0c: shutdown LeaderElection
2019-11-14 22:48:54,123 [grpc-default-executor-4] INFO  impl.RoleInfo (RoleInfo.java:shutdownFollowerState(121)) - efe5f872-798a-491e-a32c-3b7da58242e1: shutdown FollowerState
2019-11-14 22:48:54,124 [c80859c9-f21b-4abf-8d4a-e53adb085c0c@group-76C8DD8CE2E2-LeaderElection132] INFO  impl.RoleInfo (RoleInfo.java:updateAndGet(143)) - c80859c9-f21b-4abf-8d4a-e53adb085c0c: start FollowerState
2019-11-14 22:48:54,123 [c80859c9-f21b-4abf-8d4a-e53adb085c0c@group-6A9929AA4DE2-LeaderElection131] INFO  impl.RaftServerImpl (RaftServerImpl.java:setRole(173)) - c80859c9-f21b-4abf-8d4a-e53adb085c0c@group-6A9929AA4DE2: changes role from CANDIDATE to LEADER at term 1 for changeToLeader
2019-11-14 22:48:54,124 [grpc-default-executor-4] INFO  impl.StateMachineUpdater (StateMachineUpdater.java:stopAndJoin(136)) - efe5f872-798a-491e-a32c-3b7da58242e1@group-84B818EA8256-StateMachineUpdater: set stopIndex = -1
2019-11-14 22:48:54,124 [c80859c9-f21b-4abf-8d4a-e53adb085c0c@group-6A9929AA4DE2-LeaderElection131] INFO  ratis.XceiverServerRatis (XceiverServerRatis.java:handleLeaderChangedNotification(697)) - Leader change notification received for group: group-6A9929AA4DE2 with new leaderId: c80859c9-f21b-4abf-8d4a-e53adb085c0c
2019-11-14 22:48:54,124 [Thread-3125] INFO  impl.FollowerState (FollowerState.java:run(120)) - efe5f872-798a-491e-a32c-3b7da58242e1@group-84B818EA8256-FollowerState was interrupted: java.lang.InterruptedException: sleep interrupted
2019-11-14 22:48:54,124 [grpc-default-executor-4] INFO  impl.RaftServerImpl (ServerState.java:close(387)) - efe5f872-798a-491e-a32c-3b7da58242e1@group-84B818EA8256: closes. applyIndex: -1
2019-11-14 22:48:54,125 [c80859c9-f21b-4abf-8d4a-e53adb085c0c@group-6A9929AA4DE2-LeaderElection131] INFO  impl.RaftServerImpl (ServerState.java:setLeader(255)) - c80859c9-f21b-4abf-8d4a-e53adb085c0c@group-6A9929AA4DE2: change Leader from null to c80859c9-f21b-4abf-8d4a-e53adb085c0c at term 1 for becomeLeader, leader elected after 1211ms
2019-11-14 22:48:54,125 [efe5f872-798a-491e-a32c-3b7da58242e1@group-84B818EA8256-SegmentedRaftLogWorker] INFO  segmented.SegmentedRaftLogWorker (SegmentedRaftLogWorker.java:run(316)) - efe5f872-798a-491e-a32c-3b7da58242e1@group-84B818EA8256-SegmentedRaftLogWorker was interrupted, exiting. There are 0 tasks remaining in the queue.
2019-11-14 22:48:54,125 [c80859c9-f21b-4abf-8d4a-e53adb085c0c@group-6A9929AA4DE2-LeaderElection131] INFO  server.RaftServerConfigKeys (ConfUtils.java:logGet(43)) - raft.server.staging.catchup.gap = 1000 (default)
2019-11-14 22:48:54,125 [grpc-default-executor-4] INFO  segmented.SegmentedRaftLogWorker (SegmentedRaftLogWorker.java:close(224)) - efe5f872-798a-491e-a32c-3b7da58242e1@group-84B818EA8256-SegmentedRaftLogWorker close()
2019-11-14 22:48:54,126 [c80859c9-f21b-4abf-8d4a-e53adb085c0c@group-6A9929AA4DE2-LeaderElection131] INFO  server.RaftServerConfigKeys (ConfUtils.java:logGet(43)) - raft.server.rpc.sleep.time = 25ms (default)
2019-11-14 22:48:54,126 [c80859c9-f21b-4abf-8d4a-e53adb085c0c@group-6A9929AA4DE2-LeaderElection131] INFO  server.RaftServerConfigKeys (ConfUtils.java:logGet(43)) - raft.server.write.element-limit = 4096 (default)
2019-11-14 22:48:54,126 [c80859c9-f21b-4abf-8d4a-e53adb085c0c@group-6A9929AA4DE2-LeaderElection131] INFO  server.RaftServerConfigKeys (ConfUtils.java:logGet(43)) - raft.server.watch.timeout = 10s (default)
2019-11-14 22:48:54,126 [c80859c9-f21b-4abf-8d4a-e53adb085c0c@group-6A9929AA4DE2-LeaderElection131] INFO  server.RaftServerConfigKeys (ConfUtils.java:logGet(43)) - raft.server.watch.timeout.denomination = 1s (default)
2019-11-14 22:48:54,126 [c80859c9-f21b-4abf-8d4a-e53adb085c0c@group-6A9929AA4DE2-LeaderElection131] INFO  server.RaftServerConfigKeys (ConfUtils.java:logGet(43)) - raft.server.watch.element-limit = 65536 (default)
2019-11-14 22:48:54,127 [c80859c9-f21b-4abf-8d4a-e53adb085c0c@group-6A9929AA4DE2-LeaderElection131] INFO  server.RaftServerConfigKeys (ConfUtils.java:logGet(43)) - raft.server.log.appender.snapshot.chunk.size.max = 16MB (=16777216) (default)
2019-11-14 22:48:54,127 [c80859c9-f21b-4abf-8d4a-e53adb085c0c@group-6A9929AA4DE2-LeaderElection131] INFO  server.RaftServerConfigKeys (ConfUtils.java:logGet(43)) - raft.server.log.appender.buffer.byte-limit = 33554432 (custom)
2019-11-14 22:48:54,127 [c80859c9-f21b-4abf-8d4a-e53adb085c0c@group-6A9929AA4DE2-LeaderElection131] INFO  server.RaftServerConfigKeys (ConfUtils.java:logGet(43)) - raft.server.log.appender.buffer.element-limit = 1 (custom)
2019-11-14 22:48:54,127 [c80859c9-f21b-4abf-8d4a-e53adb085c0c@group-6A9929AA4DE2-LeaderElection131] INFO  grpc.GrpcConfigKeys$Server (ConfUtils.java:logGet(43)) - raft.grpc.server.leader.outstanding.appends.max = 128 (default)
2019-11-14 22:48:54,128 [c80859c9-f21b-4abf-8d4a-e53adb085c0c@group-6A9929AA4DE2-LeaderElection131] INFO  server.RaftServerConfigKeys (ConfUtils.java:logGet(43)) - raft.server.rpc.request.timeout = 3000ms (default)
2019-11-14 22:48:54,128 [c80859c9-f21b-4abf-8d4a-e53adb085c0c@group-6A9929AA4DE2-LeaderElection131] INFO  server.RaftServerConfigKeys (ConfUtils.java:logGet(43)) - raft.server.log.appender.install.snapshot.enabled = false (custom)
2019-11-14 22:48:54,128 [c80859c9-f21b-4abf-8d4a-e53adb085c0c@group-6A9929AA4DE2-LeaderElection131] WARN  impl.MetricRegistriesImpl (MetricRegistriesImpl.java:lambda$create$1(61)) - First MetricRegistry has been created without registering reporters. You may need to call MetricRegistries.global().addReportRegistration(...) before.
2019-11-14 22:48:54,128 [c80859c9-f21b-4abf-8d4a-e53adb085c0c@group-6A9929AA4DE2-LeaderElection131] INFO  server.RaftServerConfigKeys (ConfUtils.java:logGet(43)) - raft.server.log.appender.snapshot.chunk.size.max = 16MB (=16777216) (default)
2019-11-14 22:48:54,128 [c80859c9-f21b-4abf-8d4a-e53adb085c0c@group-6A9929AA4DE2-LeaderElection131] INFO  server.RaftServerConfigKeys (ConfUtils.java:logGet(43)) - raft.server.log.appender.buffer.byte-limit = 33554432 (custom)
2019-11-14 22:48:54,128 [c80859c9-f21b-4abf-8d4a-e53adb085c0c@group-6A9929AA4DE2-LeaderElection131] INFO  server.RaftServerConfigKeys (ConfUtils.java:logGet(43)) - raft.server.log.appender.buffer.element-limit = 1 (custom)
2019-11-14 22:48:54,129 [c80859c9-f21b-4abf-8d4a-e53adb085c0c@group-6A9929AA4DE2-LeaderElection131] INFO  grpc.GrpcConfigKeys$Server (ConfUtils.java:logGet(43)) - raft.grpc.server.leader.outstanding.appends.max = 128 (default)
2019-11-14 22:48:54,129 [c80859c9-f21b-4abf-8d4a-e53adb085c0c@group-6A9929AA4DE2-LeaderElection131] INFO  server.RaftServerConfigKeys (ConfUtils.java:logGet(43)) - raft.server.rpc.request.timeout = 3000ms (default)
2019-11-14 22:48:54,129 [c80859c9-f21b-4abf-8d4a-e53adb085c0c@group-6A9929AA4DE2-LeaderElection131] INFO  server.RaftServerConfigKeys (ConfUtils.java:logGet(43)) - raft.server.log.appender.install.snapshot.enabled = false (custom)
2019-11-14 22:48:54,129 [c80859c9-f21b-4abf-8d4a-e53adb085c0c@group-6A9929AA4DE2-LeaderElection131] INFO  impl.RoleInfo (RoleInfo.java:updateAndGet(143)) - c80859c9-f21b-4abf-8d4a-e53adb085c0c: start LeaderState
2019-11-14 22:48:54,130 [c80859c9-f21b-4abf-8d4a-e53adb085c0c@group-6A9929AA4DE2-LeaderElection131] INFO  segmented.SegmentedRaftLogWorker (SegmentedRaftLogWorker.java:startLogSegment(385)) - c80859c9-f21b-4abf-8d4a-e53adb085c0c@group-6A9929AA4DE2-SegmentedRaftLogWorker: Starting segment from index:0
2019-11-14 22:48:54,130 [grpc-default-executor-4] INFO  impl.RaftServerProxy (RaftServerProxy.java:remove(95)) - efe5f872-798a-491e-a32c-3b7da58242e1: remove  FOLLOWER efe5f872-798a-491e-a32c-3b7da58242e1@group-6A9929AA4DE2:t1, leader=null, voted=c80859c9-f21b-4abf-8d4a-e53adb085c0c, raftlog=efe5f872-798a-491e-a32c-3b7da58242e1@group-6A9929AA4DE2-SegmentedRaftLog:OPENED:c-1,f-1,i0, conf=-1: [4327b9a0-f311-4ee4-b5c4-0291d295fd82:192.168.69.106:41256, c80859c9-f21b-4abf-8d4a-e53adb085c0c:192.168.69.106:40401, efe5f872-798a-491e-a32c-3b7da58242e1:192.168.69.106:36375], old=null RUNNING
2019-11-14 22:48:54,130 [grpc-default-executor-4] INFO  impl.RaftServerImpl (RaftServerImpl.java:lambda$shutdown$3(250)) - efe5f872-798a-491e-a32c-3b7da58242e1@group-6A9929AA4DE2: shutdown
2019-11-14 22:48:54,130 [grpc-default-executor-4] INFO  util.JmxRegister (JmxRegister.java:unregister(73)) - Successfully un-registered JMX Bean with object name Ratis:service=RaftServer,group=group-6A9929AA4DE2,id=efe5f872-798a-491e-a32c-3b7da58242e1
2019-11-14 22:48:54,130 [c80859c9-f21b-4abf-8d4a-e53adb085c0c@group-6A9929AA4DE2-LeaderElection131] INFO  impl.RaftServerImpl (ServerState.java:setRaftConf(356)) - c80859c9-f21b-4abf-8d4a-e53adb085c0c@group-6A9929AA4DE2: set configuration 0: [4327b9a0-f311-4ee4-b5c4-0291d295fd82:192.168.69.106:41256, c80859c9-f21b-4abf-8d4a-e53adb085c0c:192.168.69.106:40401, efe5f872-798a-491e-a32c-3b7da58242e1:192.168.69.106:36375], old=null at 0
2019-11-14 22:48:54,130 [grpc-default-executor-4] INFO  impl.RoleInfo (RoleInfo.java:shutdownFollowerState(121)) - efe5f872-798a-491e-a32c-3b7da58242e1: shutdown FollowerState
2019-11-14 22:48:54,156 [grpc-default-executor-4] INFO  impl.StateMachineUpdater (StateMachineUpdater.java:stopAndJoin(136)) - efe5f872-798a-491e-a32c-3b7da58242e1@group-6A9929AA4DE2-StateMachineUpdater: set stopIndex = -1
2019-11-14 22:48:54,156 [Thread-3140] INFO  impl.FollowerState (FollowerState.java:run(120)) - efe5f872-798a-491e-a32c-3b7da58242e1@group-6A9929AA4DE2-FollowerState was interrupted: java.lang.InterruptedException: sleep interrupted
2019-11-14 22:48:54,156 [grpc-default-executor-4] INFO  impl.RaftServerImpl (ServerState.java:close(387)) - efe5f872-798a-491e-a32c-3b7da58242e1@group-6A9929AA4DE2: closes. applyIndex: -1
2019-11-14 22:48:54,156 [efe5f872-798a-491e-a32c-3b7da58242e1@group-6A9929AA4DE2-SegmentedRaftLogWorker] INFO  segmented.SegmentedRaftLogWorker (SegmentedRaftLogWorker.java:run(316)) - efe5f872-798a-491e-a32c-3b7da58242e1@group-6A9929AA4DE2-SegmentedRaftLogWorker was interrupted, exiting. There are 0 tasks remaining in the queue.
2019-11-14 22:48:54,156 [grpc-default-executor-4] INFO  segmented.SegmentedRaftLogWorker (SegmentedRaftLogWorker.java:close(224)) - efe5f872-798a-491e-a32c-3b7da58242e1@group-6A9929AA4DE2-SegmentedRaftLogWorker close()
2019-11-14 22:48:54,161 [grpc-default-executor-9] INFO  impl.RaftServerProxy (RaftServerProxy.java:remove(95)) - c80859c9-f21b-4abf-8d4a-e53adb085c0c: remove  FOLLOWER c80859c9-f21b-4abf-8d4a-e53adb085c0c@group-C307BAB6AC03:t1, leader=efe5f872-798a-491e-a32c-3b7da58242e1, voted=efe5f872-798a-491e-a32c-3b7da58242e1, raftlog=c80859c9-f21b-4abf-8d4a-e53adb085c0c@group-C307BAB6AC03-SegmentedRaftLog:OPENED:c-1,f-1,i0, conf=-1: [4327b9a0-f311-4ee4-b5c4-0291d295fd82:192.168.69.106:41256, c80859c9-f21b-4abf-8d4a-e53adb085c0c:192.168.69.106:40401, efe5f872-798a-491e-a32c-3b7da58242e1:192.168.69.106:36375], old=null RUNNING
2019-11-14 22:48:54,161 [grpc-default-executor-9] INFO  impl.RaftServerImpl (RaftServerImpl.java:lambda$shutdown$3(250)) - c80859c9-f21b-4abf-8d4a-e53adb085c0c@group-C307BAB6AC03: shutdown
2019-11-14 22:48:54,162 [grpc-default-executor-9] INFO  util.JmxRegister (JmxRegister.java:unregister(73)) - Successfully un-registered JMX Bean with object name Ratis:service=RaftServer,group=group-C307BAB6AC03,id=c80859c9-f21b-4abf-8d4a-e53adb085c0c
2019-11-14 22:48:54,162 [grpc-default-executor-9] INFO  impl.RoleInfo (RoleInfo.java:shutdownFollowerState(121)) - c80859c9-f21b-4abf-8d4a-e53adb085c0c: shutdown FollowerState
2019-11-14 22:48:54,162 [grpc-default-executor-9] INFO  impl.StateMachineUpdater (StateMachineUpdater.java:stopAndJoin(136)) - c80859c9-f21b-4abf-8d4a-e53adb085c0c@group-C307BAB6AC03-StateMachineUpdater: set stopIndex = -1
2019-11-14 22:48:54,162 [Thread-3130] INFO  impl.FollowerState (FollowerState.java:run(120)) - c80859c9-f21b-4abf-8d4a-e53adb085c0c@group-C307BAB6AC03-FollowerState was interrupted: java.lang.InterruptedException: sleep interrupted
2019-11-14 22:48:54,162 [grpc-default-executor-9] INFO  impl.RaftServerImpl (ServerState.java:close(387)) - c80859c9-f21b-4abf-8d4a-e53adb085c0c@group-C307BAB6AC03: closes. applyIndex: -1
2019-11-14 22:48:54,162 [c80859c9-f21b-4abf-8d4a-e53adb085c0c@group-C307BAB6AC03-SegmentedRaftLogWorker] INFO  segmented.SegmentedRaftLogWorker (SegmentedRaftLogWorker.java:run(316)) - c80859c9-f21b-4abf-8d4a-e53adb085c0c@group-C307BAB6AC03-SegmentedRaftLogWorker was interrupted, exiting. There are 0 tasks remaining in the queue.
2019-11-14 22:48:54,162 [grpc-default-executor-9] INFO  segmented.SegmentedRaftLogWorker (SegmentedRaftLogWorker.java:close(224)) - c80859c9-f21b-4abf-8d4a-e53adb085c0c@group-C307BAB6AC03-SegmentedRaftLogWorker close()
2019-11-14 22:48:54,167 [grpc-default-executor-9] INFO  impl.RaftServerProxy (RaftServerProxy.java:remove(95)) - c80859c9-f21b-4abf-8d4a-e53adb085c0c: remove  FOLLOWER c80859c9-f21b-4abf-8d4a-e53adb085c0c@group-76C8DD8CE2E2:t1, leader=null, voted=c80859c9-f21b-4abf-8d4a-e53adb085c0c, raftlog=c80859c9-f21b-4abf-8d4a-e53adb085c0c@group-76C8DD8CE2E2-SegmentedRaftLog:OPENED:c-1,f-1,i0, conf=-1: [4327b9a0-f311-4ee4-b5c4-0291d295fd82:192.168.69.106:41256, c80859c9-f21b-4abf-8d4a-e53adb085c0c:192.168.69.106:40401, efe5f872-798a-491e-a32c-3b7da58242e1:192.168.69.106:36375], old=null RUNNING
2019-11-14 22:48:54,167 [grpc-default-executor-9] INFO  impl.RaftServerImpl (RaftServerImpl.java:lambda$shutdown$3(250)) - c80859c9-f21b-4abf-8d4a-e53adb085c0c@group-76C8DD8CE2E2: shutdown
2019-11-14 22:48:54,167 [grpc-default-executor-9] INFO  util.JmxRegister (JmxRegister.java:unregister(73)) - Successfully un-registered JMX Bean with object name Ratis:service=RaftServer,group=group-76C8DD8CE2E2,id=c80859c9-f21b-4abf-8d4a-e53adb085c0c
2019-11-14 22:48:54,167 [grpc-default-executor-9] INFO  impl.RoleInfo (RoleInfo.java:shutdownFollowerState(121)) - c80859c9-f21b-4abf-8d4a-e53adb085c0c: shutdown FollowerState
2019-11-14 22:48:54,167 [grpc-default-executor-9] INFO  impl.StateMachineUpdater (StateMachineUpdater.java:stopAndJoin(136)) - c80859c9-f21b-4abf-8d4a-e53adb085c0c@group-76C8DD8CE2E2-StateMachineUpdater: set stopIndex = -1
2019-11-14 22:48:54,167 [Thread-3146] INFO  impl.FollowerState (FollowerState.java:run(120)) - c80859c9-f21b-4abf-8d4a-e53adb085c0c@group-76C8DD8CE2E2-FollowerState was interrupted: java.lang.InterruptedException: sleep interrupted
2019-11-14 22:48:54,167 [grpc-default-executor-9] INFO  impl.RaftServerImpl (ServerState.java:close(387)) - c80859c9-f21b-4abf-8d4a-e53adb085c0c@group-76C8DD8CE2E2: closes. applyIndex: -1
2019-11-14 22:48:54,168 [c80859c9-f21b-4abf-8d4a-e53adb085c0c@group-76C8DD8CE2E2-SegmentedRaftLogWorker] INFO  segmented.SegmentedRaftLogWorker (SegmentedRaftLogWorker.java:run(316)) - c80859c9-f21b-4abf-8d4a-e53adb085c0c@group-76C8DD8CE2E2-SegmentedRaftLogWorker was interrupted, exiting. There are 0 tasks remaining in the queue.
2019-11-14 22:48:54,168 [grpc-default-executor-9] INFO  segmented.SegmentedRaftLogWorker (SegmentedRaftLogWorker.java:close(224)) - c80859c9-f21b-4abf-8d4a-e53adb085c0c@group-76C8DD8CE2E2-SegmentedRaftLogWorker close()
2019-11-14 22:48:54,173 [c80859c9-f21b-4abf-8d4a-e53adb085c0c@group-6A9929AA4DE2-SegmentedRaftLogWorker] INFO  segmented.SegmentedRaftLogWorker (SegmentedRaftLogWorker.java:execute(576)) - c80859c9-f21b-4abf-8d4a-e53adb085c0c@group-6A9929AA4DE2-SegmentedRaftLogWorker: created new log segment /workdir/hadoop-ozone/integration-test/target/test-dir/MiniOzoneClusterImpl-cc864e37-e864-4d68-a6c4-66bb4c0b7714/datanode-4/data/ratis/344cd683-c7b8-4940-9f3d-6a9929aa4de2/current/log_inprogress_0
2019-11-14 22:48:54,176 [grpc-default-executor-9] INFO  impl.RaftServerProxy (RaftServerProxy.java:remove(95)) - c80859c9-f21b-4abf-8d4a-e53adb085c0c: remove  FOLLOWER c80859c9-f21b-4abf-8d4a-e53adb085c0c@group-84B818EA8256:t3, leader=null, voted=c80859c9-f21b-4abf-8d4a-e53adb085c0c, raftlog=c80859c9-f21b-4abf-8d4a-e53adb085c0c@group-84B818EA8256-SegmentedRaftLog:OPENED:c-1,f-1,i0, conf=-1: [4327b9a0-f311-4ee4-b5c4-0291d295fd82:192.168.69.106:41256, c80859c9-f21b-4abf-8d4a-e53adb085c0c:192.168.69.106:40401, efe5f872-798a-491e-a32c-3b7da58242e1:192.168.69.106:36375], old=null RUNNING
2019-11-14 22:48:54,176 [grpc-default-executor-9] INFO  impl.RaftServerImpl (RaftServerImpl.java:lambda$shutdown$3(250)) - c80859c9-f21b-4abf-8d4a-e53adb085c0c@group-84B818EA8256: shutdown
2019-11-14 22:48:54,176 [grpc-default-executor-9] INFO  util.JmxRegister (JmxRegister.java:unregister(73)) - Successfully un-registered JMX Bean with object name Ratis:service=RaftServer,group=group-84B818EA8256,id=c80859c9-f21b-4abf-8d4a-e53adb085c0c
2019-11-14 22:48:54,176 [grpc-default-executor-9] INFO  impl.RoleInfo (RoleInfo.java:shutdownFollowerState(121)) - c80859c9-f21b-4abf-8d4a-e53adb085c0c: shutdown FollowerState
2019-11-14 22:48:54,176 [grpc-default-executor-9] INFO  impl.StateMachineUpdater (StateMachineUpdater.java:stopAndJoin(136)) - c80859c9-f21b-4abf-8d4a-e53adb085c0c@group-84B818EA8256-StateMachineUpdater: set stopIndex = -1
2019-11-14 22:48:54,177 [Thread-3126] INFO  impl.FollowerState (FollowerState.java:run(120)) - c80859c9-f21b-4abf-8d4a-e53adb085c0c@group-84B818EA8256-FollowerState was interrupted: java.lang.InterruptedException: sleep interrupted
2019-11-14 22:48:54,177 [grpc-default-executor-9] INFO  impl.RaftServerImpl (ServerState.java:close(387)) - c80859c9-f21b-4abf-8d4a-e53adb085c0c@group-84B818EA8256: closes. applyIndex: -1
2019-11-14 22:48:54,177 [c80859c9-f21b-4abf-8d4a-e53adb085c0c@group-84B818EA8256-SegmentedRaftLogWorker] INFO  segmented.SegmentedRaftLogWorker (SegmentedRaftLogWorker.java:run(316)) - c80859c9-f21b-4abf-8d4a-e53adb085c0c@group-84B818EA8256-SegmentedRaftLogWorker was interrupted, exiting. There are 0 tasks remaining in the queue.
2019-11-14 22:48:54,177 [grpc-default-executor-9] INFO  segmented.SegmentedRaftLogWorker (SegmentedRaftLogWorker.java:close(224)) - c80859c9-f21b-4abf-8d4a-e53adb085c0c@group-84B818EA8256-SegmentedRaftLogWorker close()
2019-11-14 22:48:54,180 [grpc-default-executor-9] INFO  impl.RaftServerProxy (RaftServerProxy.java:remove(95)) - c80859c9-f21b-4abf-8d4a-e53adb085c0c: remove    LEADER c80859c9-f21b-4abf-8d4a-e53adb085c0c@group-6A9929AA4DE2:t1, leader=c80859c9-f21b-4abf-8d4a-e53adb085c0c, voted=c80859c9-f21b-4abf-8d4a-e53adb085c0c, raftlog=c80859c9-f21b-4abf-8d4a-e53adb085c0c@group-6A9929AA4DE2-SegmentedRaftLog:OPENED:c-1,f-1,i0, conf=0: [4327b9a0-f311-4ee4-b5c4-0291d295fd82:192.168.69.106:41256, c80859c9-f21b-4abf-8d4a-e53adb085c0c:192.168.69.106:40401, efe5f872-798a-491e-a32c-3b7da58242e1:192.168.69.106:36375], old=null RUNNING
2019-11-14 22:48:54,181 [grpc-default-executor-9] INFO  impl.RaftServerImpl (RaftServerImpl.java:lambda$shutdown$3(250)) - c80859c9-f21b-4abf-8d4a-e53adb085c0c@group-6A9929AA4DE2: shutdown
2019-11-14 22:48:54,181 [grpc-default-executor-9] INFO  util.JmxRegister (JmxRegister.java:unregister(73)) - Successfully un-registered JMX Bean with object name Ratis:service=RaftServer,group=group-6A9929AA4DE2,id=c80859c9-f21b-4abf-8d4a-e53adb085c0c
2019-11-14 22:48:54,181 [grpc-default-executor-9] INFO  impl.RoleInfo (RoleInfo.java:shutdownLeaderState(104)) - c80859c9-f21b-4abf-8d4a-e53adb085c0c: shutdown LeaderState
2019-11-14 22:48:54,183 [org.apache.ratis.server.impl.LogAppender$AppenderDaemon$$Lambda$460/1168859626@34c174ca] WARN  server.GrpcLogAppender (GrpcLogAppender.java:mayWait(151)) - c80859c9-f21b-4abf-8d4a-e53adb085c0c@group-6A9929AA4DE2->4327b9a0-f311-4ee4-b5c4-0291d295fd82-GrpcLogAppender: Wait interrupted by java.lang.InterruptedException
2019-11-14 22:48:54,185 [grpc-default-executor-9] INFO  impl.PendingRequests (PendingRequests.java:sendNotLeaderResponses(206)) - c80859c9-f21b-4abf-8d4a-e53adb085c0c@group-6A9929AA4DE2-PendingRequests: sendNotLeaderResponses
2019-11-14 22:48:54,185 [grpc-default-executor-4] INFO  server.GrpcServerProtocolService (GrpcServerProtocolService.java:onCompleted(113)) - 4327b9a0-f311-4ee4-b5c4-0291d295fd82: Completed APPEND_ENTRIES, lastRequest: c80859c9-f21b-4abf-8d4a-e53adb085c0c->4327b9a0-f311-4ee4-b5c4-0291d295fd82#0-t1, previous=(t:0, i:0), leaderCommit=-1, initializing? false, entries: <empty>
2019-11-14 22:48:54,185 [org.apache.ratis.server.impl.LogAppender$AppenderDaemon$$Lambda$460/1168859626@48a60751] WARN  server.GrpcLogAppender (GrpcLogAppender.java:mayWait(151)) - c80859c9-f21b-4abf-8d4a-e53adb085c0c@group-6A9929AA4DE2->efe5f872-798a-491e-a32c-3b7da58242e1-GrpcLogAppender: Wait interrupted by java.lang.InterruptedException
2019-11-14 22:48:54,185 [grpc-default-executor-9] INFO  impl.StateMachineUpdater (StateMachineUpdater.java:stopAndJoin(136)) - c80859c9-f21b-4abf-8d4a-e53adb085c0c@group-6A9929AA4DE2-StateMachineUpdater: set stopIndex = -1
2019-11-14 22:48:54,185 [grpc-default-executor-9] INFO  impl.RaftServerImpl (ServerState.java:close(387)) - c80859c9-f21b-4abf-8d4a-e53adb085c0c@group-6A9929AA4DE2: closes. applyIndex: -1
2019-11-14 22:48:54,185 [c80859c9-f21b-4abf-8d4a-e53adb085c0c@group-6A9929AA4DE2-SegmentedRaftLogWorker] INFO  segmented.SegmentedRaftLogWorker (SegmentedRaftLogWorker.java:run(316)) - c80859c9-f21b-4abf-8d4a-e53adb085c0c@group-6A9929AA4DE2-SegmentedRaftLogWorker was interrupted, exiting. There are 0 tasks remaining in the queue.
2019-11-14 22:48:54,186 [grpc-default-executor-4] INFO  server.GrpcLogAppender (GrpcLogAppender.java:onCompleted(308)) - c80859c9-f21b-4abf-8d4a-e53adb085c0c@group-6A9929AA4DE2->4327b9a0-f311-4ee4-b5c4-0291d295fd82-AppendLogResponseHandler: follower responses appendEntries COMPLETED
2019-11-14 22:48:54,187 [grpc-default-executor-9] INFO  segmented.SegmentedRaftLogWorker (SegmentedRaftLogWorker.java:close(224)) - c80859c9-f21b-4abf-8d4a-e53adb085c0c@group-6A9929AA4DE2-SegmentedRaftLogWorker close()
2019-11-14 22:48:54,188 [grpc-default-executor-4] INFO  impl.FollowerInfo (FollowerInfo.java:lambda$new$0(51)) - c80859c9-f21b-4abf-8d4a-e53adb085c0c@group-6A9929AA4DE2->4327b9a0-f311-4ee4-b5c4-0291d295fd82: nextIndex: updateUnconditionally 0 -> 0
2019-11-14 22:48:54,189 [grpc-default-executor-5] INFO  server.GrpcServerProtocolService (GrpcServerProtocolService.java:onCompleted(113)) - efe5f872-798a-491e-a32c-3b7da58242e1: Completed APPEND_ENTRIES, lastRequest: c80859c9-f21b-4abf-8d4a-e53adb085c0c->efe5f872-798a-491e-a32c-3b7da58242e1#0-t1, previous=(t:0, i:0), leaderCommit=-1, initializing? false, entries: <empty>
2019-11-14 22:48:54,189 [grpc-default-executor-5] INFO  server.GrpcLogAppender (GrpcLogAppender.java:onCompleted(308)) - c80859c9-f21b-4abf-8d4a-e53adb085c0c@group-6A9929AA4DE2->efe5f872-798a-491e-a32c-3b7da58242e1-AppendLogResponseHandler: follower responses appendEntries COMPLETED
2019-11-14 22:48:54,189 [grpc-default-executor-5] INFO  impl.FollowerInfo (FollowerInfo.java:lambda$new$0(51)) - c80859c9-f21b-4abf-8d4a-e53adb085c0c@group-6A9929AA4DE2->efe5f872-798a-491e-a32c-3b7da58242e1: nextIndex: updateUnconditionally 0 -> 0
2019-11-14 22:48:54,409 [Datanode State Machine Thread - 0] INFO  statemachine.DatanodeStateMachine (DatanodeStateMachine.java:lambda$startDaemon$0(355)) - Ozone container server started.
2019-11-14 22:48:54,578 [Datanode State Machine Thread - 0] INFO  statemachine.DatanodeStateMachine (DatanodeStateMachine.java:lambda$startDaemon$0(355)) - Ozone container server started.
2019-11-14 22:48:58,615 [main] INFO  ozoneimpl.OzoneContainer (OzoneContainer.java:stop(244)) - Attempting to stop container services.
2019-11-14 22:48:58,615 [ForkJoinPool.commonPool-worker-1] INFO  ozoneimpl.OzoneContainer (OzoneContainer.java:stop(244)) - Attempting to stop container services.
2019-11-14 22:48:58,616 [main] INFO  impl.RaftServerProxy (RaftServerProxy.java:lambda$close$4(314)) - 69880f48-4353-423b-aea8-e4e5e5527b4b: close
2019-11-14 22:48:58,616 [ForkJoinPool.commonPool-worker-1] INFO  impl.RaftServerProxy (RaftServerProxy.java:lambda$close$4(314)) - 4327b9a0-f311-4ee4-b5c4-0291d295fd82: close
2019-11-14 22:48:58,632 [main] INFO  server.GrpcService (GrpcService.java:closeImpl(164)) - 69880f48-4353-423b-aea8-e4e5e5527b4b: shutdown server with port 39393 now
2019-11-14 22:48:58,632 [ForkJoinPool.commonPool-worker-1] INFO  server.GrpcService (GrpcService.java:closeImpl(164)) - 4327b9a0-f311-4ee4-b5c4-0291d295fd82: shutdown server with port 41256 now
2019-11-14 22:48:58,633 [main] INFO  server.GrpcService (GrpcService.java:closeImpl(172)) - 69880f48-4353-423b-aea8-e4e5e5527b4b: shutdown server with port 39393 successfully
2019-11-14 22:48:58,633 [ForkJoinPool.commonPool-worker-1] INFO  server.GrpcService (GrpcService.java:closeImpl(172)) - 4327b9a0-f311-4ee4-b5c4-0291d295fd82: shutdown server with port 41256 successfully
2019-11-14 22:48:58,636 [refreshUsed-/workdir/hadoop-ozone/integration-test/target/test-dir/MiniOzoneClusterImpl-cc864e37-e864-4d68-a6c4-66bb4c0b7714/datanode-3/data/containers] WARN  fs.CachingGetSpaceUsed (CachingGetSpaceUsed.java:run(183)) - Thread Interrupted waiting to refresh disk information: sleep interrupted
2019-11-14 22:48:58,636 [refreshUsed-/workdir/hadoop-ozone/integration-test/target/test-dir/MiniOzoneClusterImpl-cc864e37-e864-4d68-a6c4-66bb4c0b7714/datanode-6/data/containers] WARN  fs.CachingGetSpaceUsed (CachingGetSpaceUsed.java:run(183)) - Thread Interrupted waiting to refresh disk information: sleep interrupted
2019-11-14 22:48:58,652 [ForkJoinPool.commonPool-worker-1] INFO  utils.BackgroundService (BackgroundService.java:shutdown(151)) - Shutting down service BlockDeletingService
2019-11-14 22:48:58,656 [main] INFO  utils.BackgroundService (BackgroundService.java:shutdown(151)) - Shutting down service BlockDeletingService
2019-11-14 22:48:58,657 [ForkJoinPool.commonPool-worker-1] INFO  statemachine.DatanodeStateMachine (DatanodeStateMachine.java:stopDaemon(400)) - Ozone container server stopped.
2019-11-14 22:48:58,663 [main] INFO  statemachine.DatanodeStateMachine (DatanodeStateMachine.java:stopDaemon(400)) - Ozone container server stopped.
2019-11-14 22:48:58,664 [main] INFO  handler.ContextHandler (ContextHandler.java:doStop(910)) - Stopped o.e.j.w.WebAppContext@3b11620a{/,null,UNAVAILABLE}{/hddsDatanode}
2019-11-14 22:48:58,664 [ForkJoinPool.commonPool-worker-1] INFO  handler.ContextHandler (ContextHandler.java:doStop(910)) - Stopped o.e.j.w.WebAppContext@1f884bd6{/,null,UNAVAILABLE}{/hddsDatanode}
2019-11-14 22:48:58,665 [main] INFO  server.AbstractConnector (AbstractConnector.java:doStop(318)) - Stopped ServerConnector@2fd1ad8a{HTTP/1.1,[http/1.1]}{0.0.0.0:0}
2019-11-14 22:48:58,665 [ForkJoinPool.commonPool-worker-1] INFO  server.AbstractConnector (AbstractConnector.java:doStop(318)) - Stopped ServerConnector@4f081b5d{HTTP/1.1,[http/1.1]}{0.0.0.0:0}
2019-11-14 22:48:58,665 [main] INFO  handler.ContextHandler (ContextHandler.java:doStop(910)) - Stopped o.e.j.s.ServletContextHandler@1d2fb82{/static,jar:file:/home/user/.m2/repository/org/apache/hadoop/hadoop-hdds-container-service/0.5.0-SNAPSHOT/hadoop-hdds-container-service-0.5.0-SNAPSHOT.jar!/webapps/static,UNAVAILABLE}
2019-11-14 22:48:58,667 [ForkJoinPool.commonPool-worker-1] INFO  handler.ContextHandler (ContextHandler.java:doStop(910)) - Stopped o.e.j.s.ServletContextHandler@60bf494c{/static,jar:file:/home/user/.m2/repository/org/apache/hadoop/hadoop-hdds-container-service/0.5.0-SNAPSHOT/hadoop-hdds-container-service-0.5.0-SNAPSHOT.jar!/webapps/static,UNAVAILABLE}
2019-11-14 22:48:58,667 [main] INFO  handler.ContextHandler (ContextHandler.java:doStop(910)) - Stopped o.e.j.s.ServletContextHandler@7e5efcab{/logs,file:///workdir/hadoop-ozone/integration-test/target/log,UNAVAILABLE}
2019-11-14 22:48:58,668 [ForkJoinPool.commonPool-worker-1] INFO  handler.ContextHandler (ContextHandler.java:doStop(910)) - Stopped o.e.j.s.ServletContextHandler@49671897{/logs,file:///workdir/hadoop-ozone/integration-test/target/log,UNAVAILABLE}
2019-11-14 22:48:59,127 [Datanode State Machine Thread - 0] INFO  statemachine.DatanodeStateMachine (DatanodeStateMachine.java:lambda$startDaemon$0(355)) - Ozone container server started.
2019-11-14 22:48:59,551 [Datanode State Machine Thread - 0] INFO  statemachine.DatanodeStateMachine (DatanodeStateMachine.java:lambda$startDaemon$0(355)) - Ozone container server started.
2019-11-14 22:49:03,671 [main] INFO  ozoneimpl.OzoneContainer (OzoneContainer.java:stop(244)) - Attempting to stop container services.
2019-11-14 22:49:03,671 [ForkJoinPool.commonPool-worker-1] INFO  ozoneimpl.OzoneContainer (OzoneContainer.java:stop(244)) - Attempting to stop container services.
2019-11-14 22:49:03,672 [main] INFO  impl.RaftServerProxy (RaftServerProxy.java:lambda$close$4(314)) - 6028200d-73f2-413b-acee-d6d0701d6ffb: close
2019-11-14 22:49:03,672 [ForkJoinPool.commonPool-worker-1] INFO  impl.RaftServerProxy (RaftServerProxy.java:lambda$close$4(314)) - c80859c9-f21b-4abf-8d4a-e53adb085c0c: close
2019-11-14 22:49:03,673 [ForkJoinPool.commonPool-worker-1] INFO  server.GrpcService (GrpcService.java:closeImpl(164)) - c80859c9-f21b-4abf-8d4a-e53adb085c0c: shutdown server with port 40401 now
2019-11-14 22:49:03,673 [main] INFO  server.GrpcService (GrpcService.java:closeImpl(164)) - 6028200d-73f2-413b-acee-d6d0701d6ffb: shutdown server with port 40753 now
2019-11-14 22:49:03,673 [ForkJoinPool.commonPool-worker-1] INFO  server.GrpcService (GrpcService.java:closeImpl(172)) - c80859c9-f21b-4abf-8d4a-e53adb085c0c: shutdown server with port 40401 successfully
2019-11-14 22:49:03,674 [main] INFO  server.GrpcService (GrpcService.java:closeImpl(172)) - 6028200d-73f2-413b-acee-d6d0701d6ffb: shutdown server with port 40753 successfully
2019-11-14 22:49:03,677 [refreshUsed-/workdir/hadoop-ozone/integration-test/target/test-dir/MiniOzoneClusterImpl-cc864e37-e864-4d68-a6c4-66bb4c0b7714/datanode-4/data/containers] WARN  fs.CachingGetSpaceUsed (CachingGetSpaceUsed.java:run(183)) - Thread Interrupted waiting to refresh disk information: sleep interrupted
2019-11-14 22:49:03,677 [refreshUsed-/workdir/hadoop-ozone/integration-test/target/test-dir/MiniOzoneClusterImpl-cc864e37-e864-4d68-a6c4-66bb4c0b7714/datanode-8/data/containers] WARN  fs.CachingGetSpaceUsed (CachingGetSpaceUsed.java:run(183)) - Thread Interrupted waiting to refresh disk information: sleep interrupted
2019-11-14 22:49:03,692 [ForkJoinPool.commonPool-worker-1] INFO  utils.BackgroundService (BackgroundService.java:shutdown(151)) - Shutting down service BlockDeletingService
2019-11-14 22:49:03,697 [ForkJoinPool.commonPool-worker-1] INFO  statemachine.DatanodeStateMachine (DatanodeStateMachine.java:stopDaemon(400)) - Ozone container server stopped.
2019-11-14 22:49:03,697 [main] INFO  utils.BackgroundService (BackgroundService.java:shutdown(151)) - Shutting down service BlockDeletingService
2019-11-14 22:49:03,702 [main] INFO  statemachine.DatanodeStateMachine (DatanodeStateMachine.java:stopDaemon(400)) - Ozone container server stopped.
2019-11-14 22:49:03,704 [ForkJoinPool.commonPool-worker-1] INFO  handler.ContextHandler (ContextHandler.java:doStop(910)) - Stopped o.e.j.w.WebAppContext@f245bdd{/,null,UNAVAILABLE}{/hddsDatanode}
2019-11-14 22:49:03,704 [ForkJoinPool.commonPool-worker-1] INFO  server.AbstractConnector (AbstractConnector.java:doStop(318)) - Stopped ServerConnector@6af609ea{HTTP/1.1,[http/1.1]}{0.0.0.0:0}
2019-11-14 22:49:03,710 [main] INFO  handler.ContextHandler (ContextHandler.java:doStop(910)) - Stopped o.e.j.w.WebAppContext@2c6c302f{/,null,UNAVAILABLE}{/hddsDatanode}
2019-11-14 22:49:03,710 [ForkJoinPool.commonPool-worker-1] INFO  handler.ContextHandler (ContextHandler.java:doStop(910)) - Stopped o.e.j.s.ServletContextHandler@4702e7a5{/static,jar:file:/home/user/.m2/repository/org/apache/hadoop/hadoop-hdds-container-service/0.5.0-SNAPSHOT/hadoop-hdds-container-service-0.5.0-SNAPSHOT.jar!/webapps/static,UNAVAILABLE}
2019-11-14 22:49:03,711 [ForkJoinPool.commonPool-worker-1] INFO  handler.ContextHandler (ContextHandler.java:doStop(910)) - Stopped o.e.j.s.ServletContextHandler@3b35798{/logs,file:///workdir/hadoop-ozone/integration-test/target/log,UNAVAILABLE}
2019-11-14 22:49:03,711 [main] INFO  server.AbstractConnector (AbstractConnector.java:doStop(318)) - Stopped ServerConnector@2478b629{HTTP/1.1,[http/1.1]}{0.0.0.0:0}
2019-11-14 22:49:03,712 [main] INFO  handler.ContextHandler (ContextHandler.java:doStop(910)) - Stopped o.e.j.s.ServletContextHandler@1e76afeb{/static,jar:file:/home/user/.m2/repository/org/apache/hadoop/hadoop-hdds-container-service/0.5.0-SNAPSHOT/hadoop-hdds-container-service-0.5.0-SNAPSHOT.jar!/webapps/static,UNAVAILABLE}
2019-11-14 22:49:03,712 [main] INFO  handler.ContextHandler (ContextHandler.java:doStop(910)) - Stopped o.e.j.s.ServletContextHandler@7ec08115{/logs,file:///workdir/hadoop-ozone/integration-test/target/log,UNAVAILABLE}
2019-11-14 22:49:04,201 [Datanode State Machine Thread - 0] INFO  statemachine.DatanodeStateMachine (DatanodeStateMachine.java:lambda$startDaemon$0(355)) - Ozone container server started.
2019-11-14 22:49:04,609 [Datanode State Machine Thread - 0] INFO  statemachine.DatanodeStateMachine (DatanodeStateMachine.java:lambda$startDaemon$0(355)) - Ozone container server started.
2019-11-14 22:49:08,713 [ForkJoinPool.commonPool-worker-1] INFO  ozoneimpl.OzoneContainer (OzoneContainer.java:stop(244)) - Attempting to stop container services.
2019-11-14 22:49:08,714 [main] INFO  ozoneimpl.OzoneContainer (OzoneContainer.java:stop(244)) - Attempting to stop container services.
2019-11-14 22:49:08,715 [main] INFO  impl.RaftServerProxy (RaftServerProxy.java:lambda$close$4(314)) - 72394f6c-3e01-4500-a598-e7025604e834: close
2019-11-14 22:49:08,715 [ForkJoinPool.commonPool-worker-1] INFO  impl.RaftServerProxy (RaftServerProxy.java:lambda$close$4(314)) - 18e32969-3754-4ca1-a2d2-6cd35135c98e: close
2019-11-14 22:49:08,715 [main] INFO  server.GrpcService (GrpcService.java:closeImpl(164)) - 72394f6c-3e01-4500-a598-e7025604e834: shutdown server with port 39947 now
2019-11-14 22:49:08,715 [ForkJoinPool.commonPool-worker-1] INFO  server.GrpcService (GrpcService.java:closeImpl(164)) - 18e32969-3754-4ca1-a2d2-6cd35135c98e: shutdown server with port 36094 now
2019-11-14 22:49:08,716 [main] INFO  server.GrpcService (GrpcService.java:closeImpl(172)) - 72394f6c-3e01-4500-a598-e7025604e834: shutdown server with port 39947 successfully
2019-11-14 22:49:08,721 [ForkJoinPool.commonPool-worker-1] INFO  server.GrpcService (GrpcService.java:closeImpl(172)) - 18e32969-3754-4ca1-a2d2-6cd35135c98e: shutdown server with port 36094 successfully
2019-11-14 22:49:08,723 [refreshUsed-/workdir/hadoop-ozone/integration-test/target/test-dir/MiniOzoneClusterImpl-cc864e37-e864-4d68-a6c4-66bb4c0b7714/datanode-9/data/containers] WARN  fs.CachingGetSpaceUsed (CachingGetSpaceUsed.java:run(183)) - Thread Interrupted waiting to refresh disk information: sleep interrupted
2019-11-14 22:49:08,729 [refreshUsed-/workdir/hadoop-ozone/integration-test/target/test-dir/MiniOzoneClusterImpl-cc864e37-e864-4d68-a6c4-66bb4c0b7714/datanode-0/data/containers] WARN  fs.CachingGetSpaceUsed (CachingGetSpaceUsed.java:run(183)) - Thread Interrupted waiting to refresh disk information: sleep interrupted
2019-11-14 22:49:08,744 [main] INFO  utils.BackgroundService (BackgroundService.java:shutdown(151)) - Shutting down service BlockDeletingService
2019-11-14 22:49:08,744 [ForkJoinPool.commonPool-worker-1] INFO  utils.BackgroundService (BackgroundService.java:shutdown(151)) - Shutting down service BlockDeletingService
2019-11-14 22:49:08,748 [main] INFO  statemachine.DatanodeStateMachine (DatanodeStateMachine.java:stopDaemon(400)) - Ozone container server stopped.
2019-11-14 22:49:08,749 [ForkJoinPool.commonPool-worker-1] INFO  statemachine.DatanodeStateMachine (DatanodeStateMachine.java:stopDaemon(400)) - Ozone container server stopped.
2019-11-14 22:49:08,752 [ForkJoinPool.commonPool-worker-1] INFO  handler.ContextHandler (ContextHandler.java:doStop(910)) - Stopped o.e.j.w.WebAppContext@7ce29a2d{/,null,UNAVAILABLE}{/hddsDatanode}
2019-11-14 22:49:08,752 [main] INFO  handler.ContextHandler (ContextHandler.java:doStop(910)) - Stopped o.e.j.w.WebAppContext@15605d83{/,null,UNAVAILABLE}{/hddsDatanode}
2019-11-14 22:49:08,753 [ForkJoinPool.commonPool-worker-1] INFO  server.AbstractConnector (AbstractConnector.java:doStop(318)) - Stopped ServerConnector@457a5b2d{HTTP/1.1,[http/1.1]}{0.0.0.0:0}
2019-11-14 22:49:08,753 [main] INFO  server.AbstractConnector (AbstractConnector.java:doStop(318)) - Stopped ServerConnector@1fb2eec{HTTP/1.1,[http/1.1]}{0.0.0.0:0}
2019-11-14 22:49:08,754 [ForkJoinPool.commonPool-worker-1] INFO  handler.ContextHandler (ContextHandler.java:doStop(910)) - Stopped o.e.j.s.ServletContextHandler@3b78c683{/static,jar:file:/home/user/.m2/repository/org/apache/hadoop/hadoop-hdds-container-service/0.5.0-SNAPSHOT/hadoop-hdds-container-service-0.5.0-SNAPSHOT.jar!/webapps/static,UNAVAILABLE}
2019-11-14 22:49:08,754 [main] INFO  handler.ContextHandler (ContextHandler.java:doStop(910)) - Stopped o.e.j.s.ServletContextHandler@3fde2209{/static,jar:file:/home/user/.m2/repository/org/apache/hadoop/hadoop-hdds-container-service/0.5.0-SNAPSHOT/hadoop-hdds-container-service-0.5.0-SNAPSHOT.jar!/webapps/static,UNAVAILABLE}
2019-11-14 22:49:08,754 [ForkJoinPool.commonPool-worker-1] INFO  handler.ContextHandler (ContextHandler.java:doStop(910)) - Stopped o.e.j.s.ServletContextHandler@446e7065{/logs,file:///workdir/hadoop-ozone/integration-test/target/log,UNAVAILABLE}
2019-11-14 22:49:08,754 [main] INFO  handler.ContextHandler (ContextHandler.java:doStop(910)) - Stopped o.e.j.s.ServletContextHandler@4f114b{/logs,file:///workdir/hadoop-ozone/integration-test/target/log,UNAVAILABLE}
2019-11-14 22:49:09,037 [Datanode State Machine Thread - 0] INFO  statemachine.DatanodeStateMachine (DatanodeStateMachine.java:lambda$startDaemon$0(355)) - Ozone container server started.
2019-11-14 22:49:09,493 [Datanode State Machine Thread - 0] INFO  statemachine.DatanodeStateMachine (DatanodeStateMachine.java:lambda$startDaemon$0(355)) - Ozone container server started.
2019-11-14 22:49:13,757 [main] INFO  ozoneimpl.OzoneContainer (OzoneContainer.java:stop(244)) - Attempting to stop container services.
2019-11-14 22:49:13,757 [ForkJoinPool.commonPool-worker-1] INFO  ozoneimpl.OzoneContainer (OzoneContainer.java:stop(244)) - Attempting to stop container services.
2019-11-14 22:49:13,759 [main] INFO  impl.RaftServerProxy (RaftServerProxy.java:lambda$close$4(314)) - 4d68db99-8e57-4477-9df5-a46835e4fa0b: close
2019-11-14 22:49:13,759 [ForkJoinPool.commonPool-worker-1] INFO  impl.RaftServerProxy (RaftServerProxy.java:lambda$close$4(314)) - efe5f872-798a-491e-a32c-3b7da58242e1: close
2019-11-14 22:49:13,759 [ForkJoinPool.commonPool-worker-1] INFO  server.GrpcService (GrpcService.java:closeImpl(164)) - efe5f872-798a-491e-a32c-3b7da58242e1: shutdown server with port 36375 now
2019-11-14 22:49:13,759 [main] INFO  server.GrpcService (GrpcService.java:closeImpl(164)) - 4d68db99-8e57-4477-9df5-a46835e4fa0b: shutdown server with port 41155 now
2019-11-14 22:49:13,760 [ForkJoinPool.commonPool-worker-1] INFO  server.GrpcService (GrpcService.java:closeImpl(172)) - efe5f872-798a-491e-a32c-3b7da58242e1: shutdown server with port 36375 successfully
2019-11-14 22:49:13,760 [main] INFO  server.GrpcService (GrpcService.java:closeImpl(172)) - 4d68db99-8e57-4477-9df5-a46835e4fa0b: shutdown server with port 41155 successfully
2019-11-14 22:49:13,761 [refreshUsed-/workdir/hadoop-ozone/integration-test/target/test-dir/MiniOzoneClusterImpl-cc864e37-e864-4d68-a6c4-66bb4c0b7714/datanode-1/data/containers] WARN  fs.CachingGetSpaceUsed (CachingGetSpaceUsed.java:run(183)) - Thread Interrupted waiting to refresh disk information: sleep interrupted
2019-11-14 22:49:13,763 [refreshUsed-/workdir/hadoop-ozone/integration-test/target/test-dir/MiniOzoneClusterImpl-cc864e37-e864-4d68-a6c4-66bb4c0b7714/datanode-7/data/containers] WARN  fs.CachingGetSpaceUsed (CachingGetSpaceUsed.java:run(183)) - Thread Interrupted waiting to refresh disk information: sleep interrupted
2019-11-14 22:49:13,781 [ForkJoinPool.commonPool-worker-1] INFO  utils.BackgroundService (BackgroundService.java:shutdown(151)) - Shutting down service BlockDeletingService
2019-11-14 22:49:13,781 [main] INFO  utils.BackgroundService (BackgroundService.java:shutdown(151)) - Shutting down service BlockDeletingService
2019-11-14 22:49:13,787 [ForkJoinPool.commonPool-worker-1] INFO  statemachine.DatanodeStateMachine (DatanodeStateMachine.java:stopDaemon(400)) - Ozone container server stopped.
2019-11-14 22:49:13,789 [main] INFO  statemachine.DatanodeStateMachine (DatanodeStateMachine.java:stopDaemon(400)) - Ozone container server stopped.
2019-11-14 22:49:13,801 [main] INFO  handler.ContextHandler (ContextHandler.java:doStop(910)) - Stopped o.e.j.w.WebAppContext@66f5b8fe{/,null,UNAVAILABLE}{/hddsDatanode}
2019-11-14 22:49:13,801 [ForkJoinPool.commonPool-worker-1] INFO  handler.ContextHandler (ContextHandler.java:doStop(910)) - Stopped o.e.j.w.WebAppContext@6ffd4c0d{/,null,UNAVAILABLE}{/hddsDatanode}
2019-11-14 22:49:13,802 [main] INFO  server.AbstractConnector (AbstractConnector.java:doStop(318)) - Stopped ServerConnector@233f52f8{HTTP/1.1,[http/1.1]}{0.0.0.0:0}
2019-11-14 22:49:13,802 [ForkJoinPool.commonPool-worker-1] INFO  server.AbstractConnector (AbstractConnector.java:doStop(318)) - Stopped ServerConnector@74c9e11{HTTP/1.1,[http/1.1]}{0.0.0.0:0}
2019-11-14 22:49:13,802 [main] INFO  handler.ContextHandler (ContextHandler.java:doStop(910)) - Stopped o.e.j.s.ServletContextHandler@706f6d26{/static,jar:file:/home/user/.m2/repository/org/apache/hadoop/hadoop-hdds-container-service/0.5.0-SNAPSHOT/hadoop-hdds-container-service-0.5.0-SNAPSHOT.jar!/webapps/static,UNAVAILABLE}
2019-11-14 22:49:13,803 [ForkJoinPool.commonPool-worker-1] INFO  handler.ContextHandler (ContextHandler.java:doStop(910)) - Stopped o.e.j.s.ServletContextHandler@2db15f70{/static,jar:file:/home/user/.m2/repository/org/apache/hadoop/hadoop-hdds-container-service/0.5.0-SNAPSHOT/hadoop-hdds-container-service-0.5.0-SNAPSHOT.jar!/webapps/static,UNAVAILABLE}
2019-11-14 22:49:13,803 [main] INFO  handler.ContextHandler (ContextHandler.java:doStop(910)) - Stopped o.e.j.s.ServletContextHandler@46b2dcc5{/logs,file:///workdir/hadoop-ozone/integration-test/target/log,UNAVAILABLE}
2019-11-14 22:49:13,803 [ForkJoinPool.commonPool-worker-1] INFO  handler.ContextHandler (ContextHandler.java:doStop(910)) - Stopped o.e.j.s.ServletContextHandler@57fdb8a4{/logs,file:///workdir/hadoop-ozone/integration-test/target/log,UNAVAILABLE}
2019-11-14 22:49:13,805 [main] INFO  ozone.MiniOzoneClusterImpl (MiniOzoneClusterImpl.java:stopSCM(430)) - Stopping the StorageContainerManager
2019-11-14 22:49:13,805 [main] INFO  server.StorageContainerManager (StorageContainerManager.java:stop(804)) - Stopping Replication Manager Service.
2019-11-14 22:49:13,805 [main] INFO  container.ReplicationManager (ReplicationManager.java:stop(203)) - Stopping Replication Monitor Thread.
2019-11-14 22:49:13,805 [main] INFO  server.StorageContainerManager (StorageContainerManager.java:stop(811)) - Stopping Lease Manager of the command watchers
2019-11-14 22:49:13,806 [main] INFO  server.StorageContainerManager (StorageContainerManager.java:stop(818)) - Stopping datanode service RPC server
2019-11-14 22:49:13,806 [main] INFO  server.SCMDatanodeProtocolServer (SCMDatanodeProtocolServer.java:stop(346)) - Stopping the RPC server for DataNodes
2019-11-14 22:49:13,806 [main] INFO  ipc.Server (Server.java:stop(3082)) - Stopping server on 41010
2019-11-14 22:49:13,807 [IPC Server listener on 41010] INFO  ipc.Server (Server.java:run(1185)) - Stopping IPC Server listener on 41010
2019-11-14 22:49:13,808 [IPC Server Responder] INFO  ipc.Server (Server.java:run(1319)) - Stopping IPC Server Responder
2019-11-14 22:49:13,828 [SCM Heartbeat Processing Thread - 0] WARN  node.NodeStateManager (NodeStateManager.java:scheduleNextHealthCheck(646)) - Current Thread is interrupted, shutting down HB processing thread for Node Manager.
2019-11-14 22:49:13,828 [main] INFO  server.StorageContainerManager (StorageContainerManager.java:stop(826)) - Stopping block service RPC server
2019-11-14 22:49:13,828 [main] INFO  server.SCMBlockProtocolServer (SCMBlockProtocolServer.java:stop(155)) - Stopping the RPC server for Block Protocol
2019-11-14 22:49:13,829 [main] INFO  ipc.Server (Server.java:stop(3082)) - Stopping server on 46630
2019-11-14 22:49:13,830 [IPC Server listener on 46630] INFO  ipc.Server (Server.java:run(1185)) - Stopping IPC Server listener on 46630
2019-11-14 22:49:13,830 [main] INFO  server.StorageContainerManager (StorageContainerManager.java:stop(833)) - Stopping the StorageContainerLocationProtocol RPC server
2019-11-14 22:49:13,830 [IPC Server Responder] INFO  ipc.Server (Server.java:run(1319)) - Stopping IPC Server Responder
2019-11-14 22:49:13,831 [main] INFO  server.SCMClientProtocolServer (SCMClientProtocolServer.java:stop(169)) - Stopping the RPC server for Client Protocol
2019-11-14 22:49:13,831 [main] INFO  ipc.Server (Server.java:stop(3082)) - Stopping server on 34190
2019-11-14 22:49:13,833 [IPC Server listener on 34190] INFO  ipc.Server (Server.java:run(1185)) - Stopping IPC Server listener on 34190
2019-11-14 22:49:13,833 [main] INFO  server.StorageContainerManager (StorageContainerManager.java:stop(840)) - Stopping Storage Container Manager HTTP server.
2019-11-14 22:49:13,834 [IPC Server Responder] INFO  ipc.Server (Server.java:run(1319)) - Stopping IPC Server Responder
2019-11-14 22:49:13,835 [main] INFO  handler.ContextHandler (ContextHandler.java:doStop(910)) - Stopped o.e.j.w.WebAppContext@324b6a56{/,null,UNAVAILABLE}{/scm}
2019-11-14 22:49:13,835 [main] INFO  server.AbstractConnector (AbstractConnector.java:doStop(318)) - Stopped ServerConnector@421d54b3{HTTP/1.1,[http/1.1]}{0.0.0.0:0}
2019-11-14 22:49:13,836 [main] INFO  handler.ContextHandler (ContextHandler.java:doStop(910)) - Stopped o.e.j.s.ServletContextHandler@617449dd{/static,file:///workdir/hadoop-ozone/integration-test/target/test-classes/webapps/static,UNAVAILABLE}
2019-11-14 22:49:13,836 [main] INFO  handler.ContextHandler (ContextHandler.java:doStop(910)) - Stopped o.e.j.s.ServletContextHandler@66749eea{/logs,file:///workdir/hadoop-ozone/integration-test/target/log,UNAVAILABLE}
2019-11-14 22:49:13,836 [main] INFO  server.StorageContainerManager (StorageContainerManager.java:stop(851)) - Stopping Block Manager Service.
2019-11-14 22:49:13,837 [main] INFO  utils.BackgroundService (BackgroundService.java:shutdown(151)) - Shutting down service SCMBlockDeletingService
2019-11-14 22:49:13,837 [main] INFO  utils.BackgroundService (BackgroundService.java:shutdown(151)) - Shutting down service SCMBlockDeletingService
2019-11-14 22:49:13,837 [main] INFO  server.StorageContainerManager (StorageContainerManager.java:stop(873)) - Stopping SCM Event Queue.
2019-11-14 22:49:13,842 [main] INFO  impl.MetricsSystemImpl (MetricsSystemImpl.java:stop(210)) - Stopping HddsDatanode metrics system...
2019-11-14 22:49:13,852 [main] INFO  impl.MetricsSystemImpl (MetricsSystemImpl.java:stop(216)) - HddsDatanode metrics system stopped.
]]></system-out>
  </testcase>
  <testcase name="testDatanodeExclusionWithMajorityCommit" classname="org.apache.hadoop.ozone.client.rpc.TestFailureHandlingByClient" time="63.339">
    <failure type="java.lang.AssertionError">java.lang.AssertionError
	at org.junit.Assert.fail(Assert.java:86)
	at org.junit.Assert.assertTrue(Assert.java:41)
	at org.junit.Assert.assertTrue(Assert.java:52)
	at org.apache.hadoop.ozone.client.rpc.TestFailureHandlingByClient.testDatanodeExclusionWithMajorityCommit(TestFailureHandlingByClient.java:318)
	at sun.reflect.NativeMethodAccessorImpl.invoke0(Native Method)
	at sun.reflect.NativeMethodAccessorImpl.invoke(NativeMethodAccessorImpl.java:62)
	at sun.reflect.DelegatingMethodAccessorImpl.invoke(DelegatingMethodAccessorImpl.java:43)
	at java.lang.reflect.Method.invoke(Method.java:498)
	at org.junit.runners.model.FrameworkMethod$1.runReflectiveCall(FrameworkMethod.java:47)
	at org.junit.internal.runners.model.ReflectiveCallable.run(ReflectiveCallable.java:12)
	at org.junit.runners.model.FrameworkMethod.invokeExplosively(FrameworkMethod.java:44)
	at org.junit.internal.runners.statements.InvokeMethod.evaluate(InvokeMethod.java:17)
	at org.junit.internal.runners.statements.RunAfters.evaluate(RunAfters.java:27)
	at org.junit.runners.ParentRunner.runLeaf(ParentRunner.java:271)
	at org.junit.runners.BlockJUnit4ClassRunner.runChild(BlockJUnit4ClassRunner.java:70)
	at org.junit.runners.BlockJUnit4ClassRunner.runChild(BlockJUnit4ClassRunner.java:50)
	at org.junit.runners.ParentRunner$3.run(ParentRunner.java:238)
	at org.junit.runners.ParentRunner$1.schedule(ParentRunner.java:63)
	at org.junit.runners.ParentRunner.runChildren(ParentRunner.java:236)
	at org.junit.runners.ParentRunner.access$000(ParentRunner.java:53)
	at org.junit.runners.ParentRunner$2.evaluate(ParentRunner.java:229)
	at org.junit.runners.ParentRunner.run(ParentRunner.java:309)
	at org.apache.maven.surefire.junit4.JUnit4Provider.execute(JUnit4Provider.java:365)
	at org.apache.maven.surefire.junit4.JUnit4Provider.executeWithRerun(JUnit4Provider.java:273)
	at org.apache.maven.surefire.junit4.JUnit4Provider.executeTestSet(JUnit4Provider.java:238)
	at org.apache.maven.surefire.junit4.JUnit4Provider.invoke(JUnit4Provider.java:159)
	at org.apache.maven.surefire.booter.ForkedBooter.invokeProviderInSameClassLoader(ForkedBooter.java:384)
	at org.apache.maven.surefire.booter.ForkedBooter.runSuitesInProcess(ForkedBooter.java:345)
	at org.apache.maven.surefire.booter.ForkedBooter.execute(ForkedBooter.java:126)
	at org.apache.maven.surefire.booter.ForkedBooter.main(ForkedBooter.java:418)
</failure>
    <system-out><![CDATA[2019-11-14 22:49:13,884 [main] WARN  server.ServerUtils (ServerUtils.java:getScmDbDir(145)) - ozone.scm.db.dirs is not configured. We recommend adding this setting. Falling back to ozone.metadata.dirs instead.
2019-11-14 22:49:13,901 [main] WARN  server.ServerUtils (ServerUtils.java:getScmDbDir(145)) - ozone.scm.db.dirs is not configured. We recommend adding this setting. Falling back to ozone.metadata.dirs instead.
2019-11-14 22:49:13,902 [main] WARN  server.ServerUtils (ServerUtils.java:getScmDbDir(145)) - ozone.scm.db.dirs is not configured. We recommend adding this setting. Falling back to ozone.metadata.dirs instead.
2019-11-14 22:49:13,903 [main] INFO  db.DBStoreBuilder (DBStoreBuilder.java:addTable(127)) - using custom profile for table: deletedBlocks
2019-11-14 22:49:13,903 [main] INFO  db.DBStoreBuilder (DBStoreBuilder.java:processTables(183)) - Using default column profile:DBProfile.DISK for Table:deletedBlocks
2019-11-14 22:49:13,903 [main] INFO  db.DBStoreBuilder (DBStoreBuilder.java:addTable(127)) - using custom profile for table: validCerts
2019-11-14 22:49:13,904 [main] INFO  db.DBStoreBuilder (DBStoreBuilder.java:processTables(183)) - Using default column profile:DBProfile.DISK for Table:validCerts
2019-11-14 22:49:13,904 [main] INFO  db.DBStoreBuilder (DBStoreBuilder.java:addTable(127)) - using custom profile for table: revokedCerts
2019-11-14 22:49:13,904 [main] INFO  db.DBStoreBuilder (DBStoreBuilder.java:processTables(183)) - Using default column profile:DBProfile.DISK for Table:revokedCerts
2019-11-14 22:49:13,905 [main] INFO  db.DBStoreBuilder (DBStoreBuilder.java:addTable(127)) - using custom profile for table: default
2019-11-14 22:49:13,905 [main] INFO  db.DBStoreBuilder (DBStoreBuilder.java:processTables(189)) - Using default column profile:DBProfile.DISK for Table:default
2019-11-14 22:49:13,905 [main] INFO  db.DBStoreBuilder (DBStoreBuilder.java:getDbProfile(220)) - Using default options. DBProfile.DISK
2019-11-14 22:49:14,152 [main] INFO  net.NodeSchemaLoader (NodeSchemaLoader.java:loadSchemaFromFile(125)) - Loading file from sun.misc.CompoundEnumeration@51888019
2019-11-14 22:49:14,152 [main] INFO  net.NodeSchemaLoader (NodeSchemaLoader.java:loadSchema(171)) - Loading network topology layer schema file
2019-11-14 22:49:14,157 [main] INFO  node.SCMNodeManager (SCMNodeManager.java:<init>(116)) - Entering startup safe mode.
2019-11-14 22:49:14,158 [main] INFO  algorithms.ContainerPlacementPolicyFactory (ContainerPlacementPolicyFactory.java:getPolicy(57)) - Create container placement policy of type org.apache.hadoop.hdds.scm.container.placement.algorithms.SCMContainerPlacementRandom
2019-11-14 22:49:14,158 [main] WARN  server.ServerUtils (ServerUtils.java:getScmDbDir(145)) - ozone.scm.db.dirs is not configured. We recommend adding this setting. Falling back to ozone.metadata.dirs instead.
2019-11-14 22:49:14,229 [main] INFO  pipeline.SCMPipelineManager (SCMPipelineManager.java:initializePipelineState(132)) - No pipeline exists in current db
2019-11-14 22:49:14,229 [main] WARN  server.ServerUtils (ServerUtils.java:getScmDbDir(145)) - ozone.scm.db.dirs is not configured. We recommend adding this setting. Falling back to ozone.metadata.dirs instead.
2019-11-14 22:49:14,313 [main] WARN  events.EventQueue (EventQueue.java:fireEvent(183)) - No event handler registered for event TypedEvent{payloadType=SafeModeStatus, name='SafeModeStatus'}
2019-11-14 22:49:14,314 [main] INFO  ipc.CallQueueManager (CallQueueManager.java:<init>(84)) - Using callQueue: class java.util.concurrent.LinkedBlockingQueue, queueCapacity: 2000, scheduler: class org.apache.hadoop.ipc.DefaultRpcScheduler, ipcBackoff: false.
2019-11-14 22:49:14,315 [Socket Reader #1 for port 44118] INFO  ipc.Server (Server.java:run(1074)) - Starting Socket Reader #1 for port 44118
2019-11-14 22:49:14,317 [main] INFO  ipc.CallQueueManager (CallQueueManager.java:<init>(84)) - Using callQueue: class java.util.concurrent.LinkedBlockingQueue, queueCapacity: 2000, scheduler: class org.apache.hadoop.ipc.DefaultRpcScheduler, ipcBackoff: false.
2019-11-14 22:49:14,318 [Socket Reader #1 for port 33156] INFO  ipc.Server (Server.java:run(1074)) - Starting Socket Reader #1 for port 33156
2019-11-14 22:49:14,319 [main] INFO  ipc.CallQueueManager (CallQueueManager.java:<init>(84)) - Using callQueue: class java.util.concurrent.LinkedBlockingQueue, queueCapacity: 2000, scheduler: class org.apache.hadoop.ipc.DefaultRpcScheduler, ipcBackoff: false.
2019-11-14 22:49:14,320 [Socket Reader #1 for port 38354] INFO  ipc.Server (Server.java:run(1074)) - Starting Socket Reader #1 for port 38354
2019-11-14 22:49:14,323 [main] INFO  hdfs.DFSUtil (DFSUtil.java:httpServerTemplateForNNAndJN(1641)) - Starting Web-server for scm at: http://0.0.0.0:0
2019-11-14 22:49:14,326 [main] INFO  server.AuthenticationFilter (AuthenticationFilter.java:constructSecretProvider(240)) - Unable to initialize FileSignerSecretProvider, falling back to use random secrets.
2019-11-14 22:49:14,327 [main] WARN  http.HttpRequestLog (HttpRequestLog.java:getRequestLog(97)) - Jetty request log can only be enabled using Log4j
2019-11-14 22:49:14,329 [main] INFO  http.HttpServer2 (HttpServer2.java:addGlobalFilter(975)) - Added global filter 'safety' (class=org.apache.hadoop.http.HttpServer2$QuotingInputFilter)
2019-11-14 22:49:14,329 [main] INFO  http.HttpServer2 (HttpServer2.java:addFilter(948)) - Added filter static_user_filter (class=org.apache.hadoop.http.lib.StaticUserWebFilter$StaticUserFilter) to context scm
2019-11-14 22:49:14,330 [main] INFO  http.HttpServer2 (HttpServer2.java:addFilter(958)) - Added filter static_user_filter (class=org.apache.hadoop.http.lib.StaticUserWebFilter$StaticUserFilter) to context static
2019-11-14 22:49:14,330 [main] INFO  http.HttpServer2 (HttpServer2.java:addFilter(958)) - Added filter static_user_filter (class=org.apache.hadoop.http.lib.StaticUserWebFilter$StaticUserFilter) to context logs
2019-11-14 22:49:14,332 [main] INFO  server.StorageContainerManager (StorageContainerManager.java:start(766)) - StorageContainerLocationProtocol RPC server is listening at /0.0.0.0:38354
2019-11-14 22:49:14,335 [main] WARN  impl.MetricsConfig (MetricsConfig.java:loadFirst(134)) - Cannot locate configuration: tried hadoop-metrics2-storagecontainermanager.properties,hadoop-metrics2.properties
2019-11-14 22:49:14,336 [main] INFO  impl.MetricsSystemImpl (MetricsSystemImpl.java:startTimer(374)) - Scheduled Metric snapshot period at 10 second(s).
2019-11-14 22:49:14,336 [main] INFO  impl.MetricsSystemImpl (MetricsSystemImpl.java:start(191)) - StorageContainerManager metrics system started
2019-11-14 22:49:14,383 [main] WARN  impl.MetricsSystemImpl (MetricsSystemImpl.java:register(276)) - Sink prometheus already exists!
2019-11-14 22:49:14,433 [main] INFO  server.SCMClientProtocolServer (SCMClientProtocolServer.java:start(160)) - RPC server for Client  is listening at /0.0.0.0:38354
2019-11-14 22:49:14,434 [IPC Server Responder] INFO  ipc.Server (Server.java:run(1314)) - IPC Server Responder: starting
2019-11-14 22:49:14,434 [IPC Server listener on 38354] INFO  ipc.Server (Server.java:run(1153)) - IPC Server listener on 38354: starting
2019-11-14 22:49:14,436 [main] INFO  server.StorageContainerManager (StorageContainerManager.java:start(776)) - ScmBlockLocationProtocol RPC server is listening at /0.0.0.0:33156
2019-11-14 22:49:14,436 [main] INFO  server.SCMBlockProtocolServer (SCMBlockProtocolServer.java:start(146)) - RPC server for Block Protocol is listening at /0.0.0.0:33156
2019-11-14 22:49:14,437 [IPC Server Responder] INFO  ipc.Server (Server.java:run(1314)) - IPC Server Responder: starting
2019-11-14 22:49:14,437 [IPC Server listener on 33156] INFO  ipc.Server (Server.java:run(1153)) - IPC Server listener on 33156: starting
2019-11-14 22:49:14,439 [main] INFO  server.StorageContainerManager (StorageContainerManager.java:start(780)) - ScmDatanodeProtocl RPC server is listening at /0.0.0.0:44118
2019-11-14 22:49:14,439 [main] INFO  server.SCMDatanodeProtocolServer (SCMDatanodeProtocolServer.java:start(169)) - RPC server for DataNodes is listening at /0.0.0.0:44118
2019-11-14 22:49:14,440 [IPC Server Responder] INFO  ipc.Server (Server.java:run(1314)) - IPC Server Responder: starting
2019-11-14 22:49:14,440 [IPC Server listener on 44118] INFO  ipc.Server (Server.java:run(1153)) - IPC Server listener on 44118: starting
2019-11-14 22:49:14,442 [main] INFO  http.HttpServer2 (HttpServer2.java:bindListener(1191)) - Jetty bound to port 46600
2019-11-14 22:49:14,442 [main] INFO  server.Server (Server.java:doStart(351)) - jetty-9.3.25.v20180904, build timestamp: 2018-09-04T21:11:46Z, git hash: 3ce520221d0240229c862b122d2b06c12a625732
2019-11-14 22:49:14,444 [main] INFO  handler.ContextHandler (ContextHandler.java:doStart(781)) - Started o.e.j.s.ServletContextHandler@6b8b5020{/logs,file:///workdir/hadoop-ozone/integration-test/target/log,AVAILABLE}
2019-11-14 22:49:14,444 [main] INFO  handler.ContextHandler (ContextHandler.java:doStart(781)) - Started o.e.j.s.ServletContextHandler@5a7b309b{/static,file:///workdir/hadoop-ozone/integration-test/target/test-classes/webapps/static,AVAILABLE}
2019-11-14 22:49:14,448 [main] INFO  handler.ContextHandler (ContextHandler.java:doStart(781)) - Started o.e.j.w.WebAppContext@756808cc{/,file:///workdir/hadoop-ozone/integration-test/target/test-classes/webapps/scm/,AVAILABLE}{/scm}
2019-11-14 22:49:14,449 [main] INFO  server.AbstractConnector (AbstractConnector.java:doStart(278)) - Started ServerConnector@52f8a6f4{HTTP/1.1,[http/1.1]}{0.0.0.0:46600}
2019-11-14 22:49:14,450 [main] INFO  server.Server (Server.java:doStart(419)) - Started @238034ms
2019-11-14 22:49:14,450 [main] WARN  impl.MetricsSystemImpl (MetricsSystemImpl.java:register(276)) - Sink prometheus already exists!
2019-11-14 22:49:14,451 [main] INFO  server.BaseHttpServer (BaseHttpServer.java:updateConnectorAddress(215)) - HTTP server of SCM is listening at http://0.0.0.0:46600
2019-11-14 22:49:14,452 [main] WARN  server.ServerUtils (ServerUtils.java:getDBPath(222)) - ozone.om.db.dirs is not configured. We recommend adding this setting. Falling back to ozone.metadata.dirs instead.
2019-11-14 22:49:14,452 [org.apache.hadoop.util.JvmPauseMonitor$Monitor@6486fe7b] INFO  util.JvmPauseMonitor (JvmPauseMonitor.java:run(188)) - Starting JVM pause monitor
2019-11-14 22:49:14,476 [main] INFO  ha.OMHANodeDetails (OMHANodeDetails.java:loadOMHAConfig(190)) - Configuration either no ozone.om.address set. Falling back to the default OM address /127.0.0.1:0
2019-11-14 22:49:14,476 [main] INFO  ha.OMHANodeDetails (OMHANodeDetails.java:getOMNodeDetails(220)) - OM Service ID is not set. Setting it to the default ID: omServiceIdDefault
2019-11-14 22:49:14,477 [main] WARN  server.ServerUtils (ServerUtils.java:getDBPath(222)) - ozone.om.db.dirs is not configured. We recommend adding this setting. Falling back to ozone.metadata.dirs instead.
2019-11-14 22:49:14,477 [main] WARN  server.ServerUtils (ServerUtils.java:getDBPath(222)) - ozone.om.db.dirs is not configured. We recommend adding this setting. Falling back to ozone.metadata.dirs instead.
2019-11-14 22:49:14,483 [main] WARN  server.ServerUtils (ServerUtils.java:getDBPath(222)) - ozone.om.db.dirs is not configured. We recommend adding this setting. Falling back to ozone.metadata.dirs instead.
2019-11-14 22:49:14,483 [main] INFO  db.DBStoreBuilder (DBStoreBuilder.java:addTable(127)) - using custom profile for table: userTable
2019-11-14 22:49:14,483 [main] INFO  db.DBStoreBuilder (DBStoreBuilder.java:processTables(183)) - Using default column profile:DBProfile.DISK for Table:userTable
2019-11-14 22:49:14,484 [main] INFO  db.DBStoreBuilder (DBStoreBuilder.java:addTable(127)) - using custom profile for table: volumeTable
2019-11-14 22:49:14,484 [main] INFO  db.DBStoreBuilder (DBStoreBuilder.java:processTables(183)) - Using default column profile:DBProfile.DISK for Table:volumeTable
2019-11-14 22:49:14,484 [main] INFO  db.DBStoreBuilder (DBStoreBuilder.java:addTable(127)) - using custom profile for table: bucketTable
2019-11-14 22:49:14,484 [main] INFO  db.DBStoreBuilder (DBStoreBuilder.java:processTables(183)) - Using default column profile:DBProfile.DISK for Table:bucketTable
2019-11-14 22:49:14,484 [main] INFO  db.DBStoreBuilder (DBStoreBuilder.java:addTable(127)) - using custom profile for table: keyTable
2019-11-14 22:49:14,484 [main] INFO  db.DBStoreBuilder (DBStoreBuilder.java:processTables(183)) - Using default column profile:DBProfile.DISK for Table:keyTable
2019-11-14 22:49:14,485 [main] INFO  db.DBStoreBuilder (DBStoreBuilder.java:addTable(127)) - using custom profile for table: deletedTable
2019-11-14 22:49:14,485 [main] INFO  db.DBStoreBuilder (DBStoreBuilder.java:processTables(183)) - Using default column profile:DBProfile.DISK for Table:deletedTable
2019-11-14 22:49:14,485 [main] INFO  db.DBStoreBuilder (DBStoreBuilder.java:addTable(127)) - using custom profile for table: openKeyTable
2019-11-14 22:49:14,485 [main] INFO  db.DBStoreBuilder (DBStoreBuilder.java:processTables(183)) - Using default column profile:DBProfile.DISK for Table:openKeyTable
2019-11-14 22:49:14,485 [main] INFO  db.DBStoreBuilder (DBStoreBuilder.java:addTable(127)) - using custom profile for table: s3Table
2019-11-14 22:49:14,486 [main] INFO  db.DBStoreBuilder (DBStoreBuilder.java:processTables(183)) - Using default column profile:DBProfile.DISK for Table:s3Table
2019-11-14 22:49:14,486 [main] INFO  db.DBStoreBuilder (DBStoreBuilder.java:addTable(127)) - using custom profile for table: multipartInfoTable
2019-11-14 22:49:14,486 [main] INFO  db.DBStoreBuilder (DBStoreBuilder.java:processTables(183)) - Using default column profile:DBProfile.DISK for Table:multipartInfoTable
2019-11-14 22:49:14,486 [main] INFO  db.DBStoreBuilder (DBStoreBuilder.java:addTable(127)) - using custom profile for table: dTokenTable
2019-11-14 22:49:14,486 [main] INFO  db.DBStoreBuilder (DBStoreBuilder.java:processTables(183)) - Using default column profile:DBProfile.DISK for Table:dTokenTable
2019-11-14 22:49:14,486 [main] INFO  db.DBStoreBuilder (DBStoreBuilder.java:addTable(127)) - using custom profile for table: s3SecretTable
2019-11-14 22:49:14,487 [main] INFO  db.DBStoreBuilder (DBStoreBuilder.java:processTables(183)) - Using default column profile:DBProfile.DISK for Table:s3SecretTable
2019-11-14 22:49:14,487 [main] INFO  db.DBStoreBuilder (DBStoreBuilder.java:addTable(127)) - using custom profile for table: prefixTable
2019-11-14 22:49:14,487 [main] INFO  db.DBStoreBuilder (DBStoreBuilder.java:processTables(183)) - Using default column profile:DBProfile.DISK for Table:prefixTable
2019-11-14 22:49:14,487 [main] INFO  db.DBStoreBuilder (DBStoreBuilder.java:addTable(127)) - using custom profile for table: default
2019-11-14 22:49:14,487 [main] INFO  db.DBStoreBuilder (DBStoreBuilder.java:processTables(189)) - Using default column profile:DBProfile.DISK for Table:default
2019-11-14 22:49:14,488 [main] INFO  db.DBStoreBuilder (DBStoreBuilder.java:getDbProfile(220)) - Using default options. DBProfile.DISK
2019-11-14 22:49:15,201 [main] INFO  ipc.CallQueueManager (CallQueueManager.java:<init>(84)) - Using callQueue: class java.util.concurrent.LinkedBlockingQueue, queueCapacity: 2000, scheduler: class org.apache.hadoop.ipc.DefaultRpcScheduler, ipcBackoff: false.
2019-11-14 22:49:15,202 [Socket Reader #1 for port 45190] INFO  ipc.Server (Server.java:run(1074)) - Starting Socket Reader #1 for port 45190
2019-11-14 22:49:15,215 [main] INFO  om.OzoneManager (OzoneManager.java:start(1077)) - OzoneManager RPC server is listening at localhost/127.0.0.1:45190
2019-11-14 22:49:15,215 [main] INFO  impl.MetricsSystemImpl (MetricsSystemImpl.java:init(158)) - OzoneManager metrics system started (again)
2019-11-14 22:49:15,216 [IPC Server Responder] INFO  ipc.Server (Server.java:run(1314)) - IPC Server Responder: starting
2019-11-14 22:49:15,216 [IPC Server listener on 45190] INFO  ipc.Server (Server.java:run(1153)) - IPC Server listener on 45190: starting
2019-11-14 22:49:15,221 [main] INFO  hdfs.DFSUtil (DFSUtil.java:httpServerTemplateForNNAndJN(1641)) - Starting Web-server for ozoneManager at: http://0.0.0.0:0
2019-11-14 22:49:15,223 [main] INFO  server.AuthenticationFilter (AuthenticationFilter.java:constructSecretProvider(240)) - Unable to initialize FileSignerSecretProvider, falling back to use random secrets.
2019-11-14 22:49:15,223 [main] WARN  http.HttpRequestLog (HttpRequestLog.java:getRequestLog(97)) - Jetty request log can only be enabled using Log4j
2019-11-14 22:49:15,225 [main] INFO  http.HttpServer2 (HttpServer2.java:addGlobalFilter(975)) - Added global filter 'safety' (class=org.apache.hadoop.http.HttpServer2$QuotingInputFilter)
2019-11-14 22:49:15,226 [main] INFO  http.HttpServer2 (HttpServer2.java:addFilter(948)) - Added filter static_user_filter (class=org.apache.hadoop.http.lib.StaticUserWebFilter$StaticUserFilter) to context ozoneManager
2019-11-14 22:49:15,226 [main] INFO  http.HttpServer2 (HttpServer2.java:addFilter(958)) - Added filter static_user_filter (class=org.apache.hadoop.http.lib.StaticUserWebFilter$StaticUserFilter) to context static
2019-11-14 22:49:15,226 [main] INFO  http.HttpServer2 (HttpServer2.java:addFilter(958)) - Added filter static_user_filter (class=org.apache.hadoop.http.lib.StaticUserWebFilter$StaticUserFilter) to context logs
2019-11-14 22:49:15,227 [main] INFO  http.HttpServer2 (HttpServer2.java:bindListener(1191)) - Jetty bound to port 38989
2019-11-14 22:49:15,227 [main] INFO  server.Server (Server.java:doStart(351)) - jetty-9.3.25.v20180904, build timestamp: 2018-09-04T21:11:46Z, git hash: 3ce520221d0240229c862b122d2b06c12a625732
2019-11-14 22:49:15,228 [main] INFO  handler.ContextHandler (ContextHandler.java:doStart(781)) - Started o.e.j.s.ServletContextHandler@51e8d066{/logs,file:///workdir/hadoop-ozone/integration-test/target/log,AVAILABLE}
2019-11-14 22:49:15,229 [main] INFO  handler.ContextHandler (ContextHandler.java:doStart(781)) - Started o.e.j.s.ServletContextHandler@27898e13{/static,file:///workdir/hadoop-ozone/integration-test/target/test-classes/webapps/static,AVAILABLE}
2019-11-14 22:49:15,233 [main] INFO  handler.ContextHandler (ContextHandler.java:doStart(781)) - Started o.e.j.w.WebAppContext@6b9c42bd{/,file:///workdir/hadoop-ozone/integration-test/target/test-classes/webapps/ozoneManager/,AVAILABLE}{/ozoneManager}
2019-11-14 22:49:15,233 [main] INFO  server.AbstractConnector (AbstractConnector.java:doStart(278)) - Started ServerConnector@584ca390{HTTP/1.1,[http/1.1]}{0.0.0.0:38989}
2019-11-14 22:49:15,233 [main] INFO  server.Server (Server.java:doStart(419)) - Started @238818ms
2019-11-14 22:49:15,234 [main] WARN  impl.MetricsSystemImpl (MetricsSystemImpl.java:register(276)) - Sink prometheus already exists!
2019-11-14 22:49:15,235 [main] INFO  server.BaseHttpServer (BaseHttpServer.java:updateConnectorAddress(215)) - HTTP server of OZONEMANAGER is listening at http://0.0.0.0:38989
2019-11-14 22:49:15,252 [main] INFO  impl.MetricsSystemImpl (MetricsSystemImpl.java:init(158)) - HddsDatanode metrics system started (again)
2019-11-14 22:49:15,254 [main] INFO  ozone.HddsDatanodeService (HddsDatanodeService.java:start(186)) - HddsDatanodeService host:pr-hdds-2494-dtfqw-3996435450 ip:192.168.69.106
2019-11-14 22:49:15,259 [main] INFO  volume.HddsVolume (HddsVolume.java:<init>(176)) - Creating Volume: /workdir/hadoop-ozone/integration-test/target/test-dir/MiniOzoneClusterImpl-9caa682c-a503-45f4-84bb-f8dd249825f6/datanode-0/data/containers/hdds of  storage type : DISK and capacity : 1482555576320
2019-11-14 22:49:15,259 [main] INFO  volume.VolumeSet (VolumeSet.java:initializeVolumeSet(170)) - Added Volume : /workdir/hadoop-ozone/integration-test/target/test-dir/MiniOzoneClusterImpl-9caa682c-a503-45f4-84bb-f8dd249825f6/datanode-0/data/containers/hdds to VolumeSet
2019-11-14 22:49:15,259 [main] INFO  volume.ThrottledAsyncChecker (ThrottledAsyncChecker.java:schedule(141)) - Scheduling a check for /workdir/hadoop-ozone/integration-test/target/test-dir/MiniOzoneClusterImpl-9caa682c-a503-45f4-84bb-f8dd249825f6/datanode-0/data/containers/hdds
2019-11-14 22:49:15,260 [main] INFO  volume.HddsVolumeChecker (HddsVolumeChecker.java:checkAllVolumes(204)) - Scheduled health check for volume /workdir/hadoop-ozone/integration-test/target/test-dir/MiniOzoneClusterImpl-9caa682c-a503-45f4-84bb-f8dd249825f6/datanode-0/data/containers/hdds
2019-11-14 22:49:15,271 [main] INFO  impl.RaftServerProxy (ConfUtils.java:logGet(43)) - raft.rpc.type = GRPC (default)
2019-11-14 22:49:15,271 [main] INFO  grpc.GrpcFactory (GrpcFactory.java:checkPooledByteBufAllocatorUseCacheForAllThreads(45)) - PERFORMANCE WARNING: useCacheForAllThreads is true that may cause Netty to create a lot garbage objects and, as a result, trigger GC.
	It is recommended to disable useCacheForAllThreads by setting -Dorg.apache.ratis.thirdparty.io.netty.allocator.useCacheForAllThreads=false in command line.
2019-11-14 22:49:15,271 [main] INFO  grpc.GrpcConfigKeys$Server (ConfUtils.java:logGet(43)) - raft.grpc.server.port = 0 (default)
2019-11-14 22:49:15,271 [main] INFO  server.GrpcService (ConfUtils.java:logGet(43)) - raft.grpc.message.size.max = 33570816 (custom)
2019-11-14 22:49:15,272 [main] INFO  server.RaftServerConfigKeys (ConfUtils.java:logGet(43)) - raft.server.log.appender.buffer.byte-limit = 33554432 (custom)
2019-11-14 22:49:15,272 [main] INFO  server.GrpcService (ConfUtils.java:logGet(43)) - raft.grpc.flow.control.window = 1MB (=1048576) (default)
2019-11-14 22:49:15,272 [main] INFO  server.RaftServerConfigKeys (ConfUtils.java:logGet(43)) - raft.server.rpc.request.timeout = 3000ms (default)
2019-11-14 22:49:15,272 [main] INFO  server.RaftServerConfigKeys (ConfUtils.java:logGet(43)) - raft.server.storage.dir = [/workdir/hadoop-ozone/integration-test/target/test-dir/MiniOzoneClusterImpl-9caa682c-a503-45f4-84bb-f8dd249825f6/datanode-0/data/ratis] (custom)
2019-11-14 22:49:15,274 [main] INFO  hdfs.DFSUtil (DFSUtil.java:httpServerTemplateForNNAndJN(1641)) - Starting Web-server for hddsDatanode at: http://0.0.0.0:0
2019-11-14 22:49:15,275 [main] INFO  server.AuthenticationFilter (AuthenticationFilter.java:constructSecretProvider(240)) - Unable to initialize FileSignerSecretProvider, falling back to use random secrets.
2019-11-14 22:49:15,275 [main] WARN  http.HttpRequestLog (HttpRequestLog.java:getRequestLog(97)) - Jetty request log can only be enabled using Log4j
2019-11-14 22:49:15,277 [main] INFO  http.HttpServer2 (HttpServer2.java:addGlobalFilter(975)) - Added global filter 'safety' (class=org.apache.hadoop.http.HttpServer2$QuotingInputFilter)
2019-11-14 22:49:15,277 [main] INFO  http.HttpServer2 (HttpServer2.java:addFilter(948)) - Added filter static_user_filter (class=org.apache.hadoop.http.lib.StaticUserWebFilter$StaticUserFilter) to context hddsDatanode
2019-11-14 22:49:15,277 [main] INFO  http.HttpServer2 (HttpServer2.java:addFilter(958)) - Added filter static_user_filter (class=org.apache.hadoop.http.lib.StaticUserWebFilter$StaticUserFilter) to context logs
2019-11-14 22:49:15,277 [main] INFO  http.HttpServer2 (HttpServer2.java:addFilter(958)) - Added filter static_user_filter (class=org.apache.hadoop.http.lib.StaticUserWebFilter$StaticUserFilter) to context static
2019-11-14 22:49:15,278 [main] INFO  http.HttpServer2 (HttpServer2.java:bindListener(1191)) - Jetty bound to port 36212
2019-11-14 22:49:15,278 [main] INFO  server.Server (Server.java:doStart(351)) - jetty-9.3.25.v20180904, build timestamp: 2018-09-04T21:11:46Z, git hash: 3ce520221d0240229c862b122d2b06c12a625732
2019-11-14 22:49:15,279 [main] INFO  handler.ContextHandler (ContextHandler.java:doStart(781)) - Started o.e.j.s.ServletContextHandler@561f9d92{/logs,file:///workdir/hadoop-ozone/integration-test/target/log,AVAILABLE}
2019-11-14 22:49:15,279 [main] INFO  handler.ContextHandler (ContextHandler.java:doStart(781)) - Started o.e.j.s.ServletContextHandler@7ceb6c45{/static,jar:file:/home/user/.m2/repository/org/apache/hadoop/hadoop-hdds-container-service/0.5.0-SNAPSHOT/hadoop-hdds-container-service-0.5.0-SNAPSHOT.jar!/webapps/static,AVAILABLE}
2019-11-14 22:49:15,309 [main] INFO  handler.ContextHandler (ContextHandler.java:doStart(781)) - Started o.e.j.w.WebAppContext@2017f6e6{/,file:///tmp/jetty-0.0.0.0-36212-hddsDatanode-_-any-5825556228107052787.dir/webapp/,AVAILABLE}{/hddsDatanode}
2019-11-14 22:49:15,309 [main] INFO  server.AbstractConnector (AbstractConnector.java:doStart(278)) - Started ServerConnector@115c946b{HTTP/1.1,[http/1.1]}{0.0.0.0:36212}
2019-11-14 22:49:15,310 [main] INFO  server.Server (Server.java:doStart(419)) - Started @238895ms
2019-11-14 22:49:15,310 [main] WARN  impl.MetricsSystemImpl (MetricsSystemImpl.java:register(276)) - Sink prometheus already exists!
2019-11-14 22:49:15,311 [main] INFO  server.BaseHttpServer (BaseHttpServer.java:updateConnectorAddress(215)) - HTTP server of HDDSDATANODE is listening at http://0.0.0.0:36212
2019-11-14 22:49:15,311 [main] INFO  impl.MetricsSystemImpl (MetricsSystemImpl.java:init(158)) - HddsDatanode metrics system started (again)
2019-11-14 22:49:15,313 [org.apache.hadoop.util.JvmPauseMonitor$Monitor@7ad6845e] INFO  util.JvmPauseMonitor (JvmPauseMonitor.java:run(188)) - Starting JVM pause monitor
2019-11-14 22:49:15,313 [main] INFO  ozone.HddsDatanodeService (HddsDatanodeService.java:start(186)) - HddsDatanodeService host:pr-hdds-2494-dtfqw-3996435450 ip:192.168.69.106
2019-11-14 22:49:15,315 [Datanode State Machine Thread - 0] INFO  datanode.InitDatanodeState (InitDatanodeState.java:persistContainerDatanodeDetails(140)) - DatanodeDetails is persisted to /workdir/hadoop-ozone/integration-test/target/test-dir/MiniOzoneClusterImpl-9caa682c-a503-45f4-84bb-f8dd249825f6/datanode-0/meta/datanode.id
2019-11-14 22:49:15,319 [main] INFO  volume.HddsVolume (HddsVolume.java:<init>(176)) - Creating Volume: /workdir/hadoop-ozone/integration-test/target/test-dir/MiniOzoneClusterImpl-9caa682c-a503-45f4-84bb-f8dd249825f6/datanode-1/data/containers/hdds of  storage type : DISK and capacity : 1482555576320
2019-11-14 22:49:15,319 [main] INFO  volume.VolumeSet (VolumeSet.java:initializeVolumeSet(170)) - Added Volume : /workdir/hadoop-ozone/integration-test/target/test-dir/MiniOzoneClusterImpl-9caa682c-a503-45f4-84bb-f8dd249825f6/datanode-1/data/containers/hdds to VolumeSet
2019-11-14 22:49:15,319 [main] INFO  volume.ThrottledAsyncChecker (ThrottledAsyncChecker.java:schedule(141)) - Scheduling a check for /workdir/hadoop-ozone/integration-test/target/test-dir/MiniOzoneClusterImpl-9caa682c-a503-45f4-84bb-f8dd249825f6/datanode-1/data/containers/hdds
2019-11-14 22:49:15,319 [main] INFO  volume.HddsVolumeChecker (HddsVolumeChecker.java:checkAllVolumes(204)) - Scheduled health check for volume /workdir/hadoop-ozone/integration-test/target/test-dir/MiniOzoneClusterImpl-9caa682c-a503-45f4-84bb-f8dd249825f6/datanode-1/data/containers/hdds
2019-11-14 22:49:15,332 [main] INFO  impl.RaftServerProxy (ConfUtils.java:logGet(43)) - raft.rpc.type = GRPC (default)
2019-11-14 22:49:15,332 [main] INFO  grpc.GrpcFactory (GrpcFactory.java:checkPooledByteBufAllocatorUseCacheForAllThreads(45)) - PERFORMANCE WARNING: useCacheForAllThreads is true that may cause Netty to create a lot garbage objects and, as a result, trigger GC.
	It is recommended to disable useCacheForAllThreads by setting -Dorg.apache.ratis.thirdparty.io.netty.allocator.useCacheForAllThreads=false in command line.
2019-11-14 22:49:15,332 [main] INFO  grpc.GrpcConfigKeys$Server (ConfUtils.java:logGet(43)) - raft.grpc.server.port = 0 (default)
2019-11-14 22:49:15,333 [main] INFO  server.GrpcService (ConfUtils.java:logGet(43)) - raft.grpc.message.size.max = 33570816 (custom)
2019-11-14 22:49:15,333 [main] INFO  server.RaftServerConfigKeys (ConfUtils.java:logGet(43)) - raft.server.log.appender.buffer.byte-limit = 33554432 (custom)
2019-11-14 22:49:15,333 [main] INFO  server.GrpcService (ConfUtils.java:logGet(43)) - raft.grpc.flow.control.window = 1MB (=1048576) (default)
2019-11-14 22:49:15,333 [main] INFO  server.RaftServerConfigKeys (ConfUtils.java:logGet(43)) - raft.server.rpc.request.timeout = 3000ms (default)
2019-11-14 22:49:15,333 [main] INFO  server.RaftServerConfigKeys (ConfUtils.java:logGet(43)) - raft.server.storage.dir = [/workdir/hadoop-ozone/integration-test/target/test-dir/MiniOzoneClusterImpl-9caa682c-a503-45f4-84bb-f8dd249825f6/datanode-1/data/ratis] (custom)
2019-11-14 22:49:15,335 [main] INFO  hdfs.DFSUtil (DFSUtil.java:httpServerTemplateForNNAndJN(1641)) - Starting Web-server for hddsDatanode at: http://0.0.0.0:0
2019-11-14 22:49:15,336 [main] INFO  server.AuthenticationFilter (AuthenticationFilter.java:constructSecretProvider(240)) - Unable to initialize FileSignerSecretProvider, falling back to use random secrets.
2019-11-14 22:49:15,336 [main] WARN  http.HttpRequestLog (HttpRequestLog.java:getRequestLog(97)) - Jetty request log can only be enabled using Log4j
2019-11-14 22:49:15,337 [main] INFO  http.HttpServer2 (HttpServer2.java:addGlobalFilter(975)) - Added global filter 'safety' (class=org.apache.hadoop.http.HttpServer2$QuotingInputFilter)
2019-11-14 22:49:15,338 [main] INFO  http.HttpServer2 (HttpServer2.java:addFilter(948)) - Added filter static_user_filter (class=org.apache.hadoop.http.lib.StaticUserWebFilter$StaticUserFilter) to context hddsDatanode
2019-11-14 22:49:15,338 [main] INFO  http.HttpServer2 (HttpServer2.java:addFilter(958)) - Added filter static_user_filter (class=org.apache.hadoop.http.lib.StaticUserWebFilter$StaticUserFilter) to context static
2019-11-14 22:49:15,338 [main] INFO  http.HttpServer2 (HttpServer2.java:addFilter(958)) - Added filter static_user_filter (class=org.apache.hadoop.http.lib.StaticUserWebFilter$StaticUserFilter) to context logs
2019-11-14 22:49:15,339 [main] INFO  http.HttpServer2 (HttpServer2.java:bindListener(1191)) - Jetty bound to port 44661
2019-11-14 22:49:15,339 [main] INFO  server.Server (Server.java:doStart(351)) - jetty-9.3.25.v20180904, build timestamp: 2018-09-04T21:11:46Z, git hash: 3ce520221d0240229c862b122d2b06c12a625732
2019-11-14 22:49:15,340 [main] INFO  handler.ContextHandler (ContextHandler.java:doStart(781)) - Started o.e.j.s.ServletContextHandler@47187f50{/logs,file:///workdir/hadoop-ozone/integration-test/target/log,AVAILABLE}
2019-11-14 22:49:15,341 [main] INFO  handler.ContextHandler (ContextHandler.java:doStart(781)) - Started o.e.j.s.ServletContextHandler@712e787e{/static,jar:file:/home/user/.m2/repository/org/apache/hadoop/hadoop-hdds-container-service/0.5.0-SNAPSHOT/hadoop-hdds-container-service-0.5.0-SNAPSHOT.jar!/webapps/static,AVAILABLE}
2019-11-14 22:49:15,371 [main] INFO  handler.ContextHandler (ContextHandler.java:doStart(781)) - Started o.e.j.w.WebAppContext@4863c8ac{/,file:///tmp/jetty-0.0.0.0-44661-hddsDatanode-_-any-6718604324184454355.dir/webapp/,AVAILABLE}{/hddsDatanode}
2019-11-14 22:49:15,371 [main] INFO  server.AbstractConnector (AbstractConnector.java:doStart(278)) - Started ServerConnector@56fda064{HTTP/1.1,[http/1.1]}{0.0.0.0:44661}
2019-11-14 22:49:15,372 [main] INFO  server.Server (Server.java:doStart(419)) - Started @238956ms
2019-11-14 22:49:15,372 [main] WARN  impl.MetricsSystemImpl (MetricsSystemImpl.java:register(276)) - Sink prometheus already exists!
2019-11-14 22:49:15,373 [main] INFO  server.BaseHttpServer (BaseHttpServer.java:updateConnectorAddress(215)) - HTTP server of HDDSDATANODE is listening at http://0.0.0.0:44661
2019-11-14 22:49:15,374 [main] INFO  impl.MetricsSystemImpl (MetricsSystemImpl.java:init(158)) - HddsDatanode metrics system started (again)
2019-11-14 22:49:15,376 [org.apache.hadoop.util.JvmPauseMonitor$Monitor@13cced25] INFO  util.JvmPauseMonitor (JvmPauseMonitor.java:run(188)) - Starting JVM pause monitor
2019-11-14 22:49:15,376 [main] INFO  ozone.HddsDatanodeService (HddsDatanodeService.java:start(186)) - HddsDatanodeService host:pr-hdds-2494-dtfqw-3996435450 ip:192.168.69.106
2019-11-14 22:49:15,377 [Datanode State Machine Thread - 0] INFO  datanode.InitDatanodeState (InitDatanodeState.java:persistContainerDatanodeDetails(140)) - DatanodeDetails is persisted to /workdir/hadoop-ozone/integration-test/target/test-dir/MiniOzoneClusterImpl-9caa682c-a503-45f4-84bb-f8dd249825f6/datanode-1/meta/datanode.id
2019-11-14 22:49:15,383 [main] INFO  volume.HddsVolume (HddsVolume.java:<init>(176)) - Creating Volume: /workdir/hadoop-ozone/integration-test/target/test-dir/MiniOzoneClusterImpl-9caa682c-a503-45f4-84bb-f8dd249825f6/datanode-2/data/containers/hdds of  storage type : DISK and capacity : 1482555576320
2019-11-14 22:49:15,383 [main] INFO  volume.VolumeSet (VolumeSet.java:initializeVolumeSet(170)) - Added Volume : /workdir/hadoop-ozone/integration-test/target/test-dir/MiniOzoneClusterImpl-9caa682c-a503-45f4-84bb-f8dd249825f6/datanode-2/data/containers/hdds to VolumeSet
2019-11-14 22:49:15,383 [main] INFO  volume.ThrottledAsyncChecker (ThrottledAsyncChecker.java:schedule(141)) - Scheduling a check for /workdir/hadoop-ozone/integration-test/target/test-dir/MiniOzoneClusterImpl-9caa682c-a503-45f4-84bb-f8dd249825f6/datanode-2/data/containers/hdds
2019-11-14 22:49:15,383 [main] INFO  volume.HddsVolumeChecker (HddsVolumeChecker.java:checkAllVolumes(204)) - Scheduled health check for volume /workdir/hadoop-ozone/integration-test/target/test-dir/MiniOzoneClusterImpl-9caa682c-a503-45f4-84bb-f8dd249825f6/datanode-2/data/containers/hdds
2019-11-14 22:49:15,395 [main] INFO  impl.RaftServerProxy (ConfUtils.java:logGet(43)) - raft.rpc.type = GRPC (default)
2019-11-14 22:49:15,395 [main] INFO  grpc.GrpcFactory (GrpcFactory.java:checkPooledByteBufAllocatorUseCacheForAllThreads(45)) - PERFORMANCE WARNING: useCacheForAllThreads is true that may cause Netty to create a lot garbage objects and, as a result, trigger GC.
	It is recommended to disable useCacheForAllThreads by setting -Dorg.apache.ratis.thirdparty.io.netty.allocator.useCacheForAllThreads=false in command line.
2019-11-14 22:49:15,396 [main] INFO  grpc.GrpcConfigKeys$Server (ConfUtils.java:logGet(43)) - raft.grpc.server.port = 0 (default)
2019-11-14 22:49:15,396 [main] INFO  server.GrpcService (ConfUtils.java:logGet(43)) - raft.grpc.message.size.max = 33570816 (custom)
2019-11-14 22:49:15,396 [main] INFO  server.RaftServerConfigKeys (ConfUtils.java:logGet(43)) - raft.server.log.appender.buffer.byte-limit = 33554432 (custom)
2019-11-14 22:49:15,396 [main] INFO  server.GrpcService (ConfUtils.java:logGet(43)) - raft.grpc.flow.control.window = 1MB (=1048576) (default)
2019-11-14 22:49:15,396 [main] INFO  server.RaftServerConfigKeys (ConfUtils.java:logGet(43)) - raft.server.rpc.request.timeout = 3000ms (default)
2019-11-14 22:49:15,397 [main] INFO  server.RaftServerConfigKeys (ConfUtils.java:logGet(43)) - raft.server.storage.dir = [/workdir/hadoop-ozone/integration-test/target/test-dir/MiniOzoneClusterImpl-9caa682c-a503-45f4-84bb-f8dd249825f6/datanode-2/data/ratis] (custom)
2019-11-14 22:49:15,398 [main] INFO  hdfs.DFSUtil (DFSUtil.java:httpServerTemplateForNNAndJN(1641)) - Starting Web-server for hddsDatanode at: http://0.0.0.0:0
2019-11-14 22:49:15,399 [main] INFO  server.AuthenticationFilter (AuthenticationFilter.java:constructSecretProvider(240)) - Unable to initialize FileSignerSecretProvider, falling back to use random secrets.
2019-11-14 22:49:15,400 [main] WARN  http.HttpRequestLog (HttpRequestLog.java:getRequestLog(97)) - Jetty request log can only be enabled using Log4j
2019-11-14 22:49:15,401 [main] INFO  http.HttpServer2 (HttpServer2.java:addGlobalFilter(975)) - Added global filter 'safety' (class=org.apache.hadoop.http.HttpServer2$QuotingInputFilter)
2019-11-14 22:49:15,401 [main] INFO  http.HttpServer2 (HttpServer2.java:addFilter(948)) - Added filter static_user_filter (class=org.apache.hadoop.http.lib.StaticUserWebFilter$StaticUserFilter) to context hddsDatanode
2019-11-14 22:49:15,402 [main] INFO  http.HttpServer2 (HttpServer2.java:addFilter(958)) - Added filter static_user_filter (class=org.apache.hadoop.http.lib.StaticUserWebFilter$StaticUserFilter) to context logs
2019-11-14 22:49:15,402 [main] INFO  http.HttpServer2 (HttpServer2.java:addFilter(958)) - Added filter static_user_filter (class=org.apache.hadoop.http.lib.StaticUserWebFilter$StaticUserFilter) to context static
2019-11-14 22:49:15,402 [main] INFO  http.HttpServer2 (HttpServer2.java:bindListener(1191)) - Jetty bound to port 36497
2019-11-14 22:49:15,403 [main] INFO  server.Server (Server.java:doStart(351)) - jetty-9.3.25.v20180904, build timestamp: 2018-09-04T21:11:46Z, git hash: 3ce520221d0240229c862b122d2b06c12a625732
2019-11-14 22:49:15,404 [main] INFO  handler.ContextHandler (ContextHandler.java:doStart(781)) - Started o.e.j.s.ServletContextHandler@73a845cb{/logs,file:///workdir/hadoop-ozone/integration-test/target/log,AVAILABLE}
2019-11-14 22:49:15,404 [main] INFO  handler.ContextHandler (ContextHandler.java:doStart(781)) - Started o.e.j.s.ServletContextHandler@7dbae40{/static,jar:file:/home/user/.m2/repository/org/apache/hadoop/hadoop-hdds-container-service/0.5.0-SNAPSHOT/hadoop-hdds-container-service-0.5.0-SNAPSHOT.jar!/webapps/static,AVAILABLE}
2019-11-14 22:49:15,440 [main] INFO  handler.ContextHandler (ContextHandler.java:doStart(781)) - Started o.e.j.w.WebAppContext@1ea930eb{/,file:///tmp/jetty-0.0.0.0-36497-hddsDatanode-_-any-6334521170085812506.dir/webapp/,AVAILABLE}{/hddsDatanode}
2019-11-14 22:49:15,441 [main] INFO  server.AbstractConnector (AbstractConnector.java:doStart(278)) - Started ServerConnector@2e0ad709{HTTP/1.1,[http/1.1]}{0.0.0.0:36497}
2019-11-14 22:49:15,442 [main] INFO  server.Server (Server.java:doStart(419)) - Started @239027ms
2019-11-14 22:49:15,443 [main] WARN  impl.MetricsSystemImpl (MetricsSystemImpl.java:register(276)) - Sink prometheus already exists!
2019-11-14 22:49:15,444 [main] INFO  server.BaseHttpServer (BaseHttpServer.java:updateConnectorAddress(215)) - HTTP server of HDDSDATANODE is listening at http://0.0.0.0:36497
2019-11-14 22:49:15,444 [main] INFO  impl.MetricsSystemImpl (MetricsSystemImpl.java:init(158)) - HddsDatanode metrics system started (again)
2019-11-14 22:49:15,447 [org.apache.hadoop.util.JvmPauseMonitor$Monitor@669fb426] INFO  util.JvmPauseMonitor (JvmPauseMonitor.java:run(188)) - Starting JVM pause monitor
2019-11-14 22:49:15,448 [main] INFO  ozone.HddsDatanodeService (HddsDatanodeService.java:start(186)) - HddsDatanodeService host:pr-hdds-2494-dtfqw-3996435450 ip:192.168.69.106
2019-11-14 22:49:15,448 [Datanode State Machine Thread - 0] INFO  datanode.InitDatanodeState (InitDatanodeState.java:persistContainerDatanodeDetails(140)) - DatanodeDetails is persisted to /workdir/hadoop-ozone/integration-test/target/test-dir/MiniOzoneClusterImpl-9caa682c-a503-45f4-84bb-f8dd249825f6/datanode-2/meta/datanode.id
2019-11-14 22:49:15,454 [main] INFO  volume.HddsVolume (HddsVolume.java:<init>(176)) - Creating Volume: /workdir/hadoop-ozone/integration-test/target/test-dir/MiniOzoneClusterImpl-9caa682c-a503-45f4-84bb-f8dd249825f6/datanode-3/data/containers/hdds of  storage type : DISK and capacity : 1482555576320
2019-11-14 22:49:15,454 [main] INFO  volume.VolumeSet (VolumeSet.java:initializeVolumeSet(170)) - Added Volume : /workdir/hadoop-ozone/integration-test/target/test-dir/MiniOzoneClusterImpl-9caa682c-a503-45f4-84bb-f8dd249825f6/datanode-3/data/containers/hdds to VolumeSet
2019-11-14 22:49:15,455 [main] INFO  volume.ThrottledAsyncChecker (ThrottledAsyncChecker.java:schedule(141)) - Scheduling a check for /workdir/hadoop-ozone/integration-test/target/test-dir/MiniOzoneClusterImpl-9caa682c-a503-45f4-84bb-f8dd249825f6/datanode-3/data/containers/hdds
2019-11-14 22:49:15,455 [main] INFO  volume.HddsVolumeChecker (HddsVolumeChecker.java:checkAllVolumes(204)) - Scheduled health check for volume /workdir/hadoop-ozone/integration-test/target/test-dir/MiniOzoneClusterImpl-9caa682c-a503-45f4-84bb-f8dd249825f6/datanode-3/data/containers/hdds
2019-11-14 22:49:15,471 [main] INFO  impl.RaftServerProxy (ConfUtils.java:logGet(43)) - raft.rpc.type = GRPC (default)
2019-11-14 22:49:15,472 [main] INFO  grpc.GrpcFactory (GrpcFactory.java:checkPooledByteBufAllocatorUseCacheForAllThreads(45)) - PERFORMANCE WARNING: useCacheForAllThreads is true that may cause Netty to create a lot garbage objects and, as a result, trigger GC.
	It is recommended to disable useCacheForAllThreads by setting -Dorg.apache.ratis.thirdparty.io.netty.allocator.useCacheForAllThreads=false in command line.
2019-11-14 22:49:15,472 [main] INFO  grpc.GrpcConfigKeys$Server (ConfUtils.java:logGet(43)) - raft.grpc.server.port = 0 (default)
2019-11-14 22:49:15,472 [main] INFO  server.GrpcService (ConfUtils.java:logGet(43)) - raft.grpc.message.size.max = 33570816 (custom)
2019-11-14 22:49:15,472 [main] INFO  server.RaftServerConfigKeys (ConfUtils.java:logGet(43)) - raft.server.log.appender.buffer.byte-limit = 33554432 (custom)
2019-11-14 22:49:15,473 [main] INFO  server.GrpcService (ConfUtils.java:logGet(43)) - raft.grpc.flow.control.window = 1MB (=1048576) (default)
2019-11-14 22:49:15,473 [main] INFO  server.RaftServerConfigKeys (ConfUtils.java:logGet(43)) - raft.server.rpc.request.timeout = 3000ms (default)
2019-11-14 22:49:15,473 [main] INFO  server.RaftServerConfigKeys (ConfUtils.java:logGet(43)) - raft.server.storage.dir = [/workdir/hadoop-ozone/integration-test/target/test-dir/MiniOzoneClusterImpl-9caa682c-a503-45f4-84bb-f8dd249825f6/datanode-3/data/ratis] (custom)
2019-11-14 22:49:15,475 [main] INFO  hdfs.DFSUtil (DFSUtil.java:httpServerTemplateForNNAndJN(1641)) - Starting Web-server for hddsDatanode at: http://0.0.0.0:0
2019-11-14 22:49:15,477 [main] INFO  server.AuthenticationFilter (AuthenticationFilter.java:constructSecretProvider(240)) - Unable to initialize FileSignerSecretProvider, falling back to use random secrets.
2019-11-14 22:49:15,477 [main] WARN  http.HttpRequestLog (HttpRequestLog.java:getRequestLog(97)) - Jetty request log can only be enabled using Log4j
2019-11-14 22:49:15,479 [main] INFO  http.HttpServer2 (HttpServer2.java:addGlobalFilter(975)) - Added global filter 'safety' (class=org.apache.hadoop.http.HttpServer2$QuotingInputFilter)
2019-11-14 22:49:15,479 [main] INFO  http.HttpServer2 (HttpServer2.java:addFilter(948)) - Added filter static_user_filter (class=org.apache.hadoop.http.lib.StaticUserWebFilter$StaticUserFilter) to context hddsDatanode
2019-11-14 22:49:15,480 [main] INFO  http.HttpServer2 (HttpServer2.java:addFilter(958)) - Added filter static_user_filter (class=org.apache.hadoop.http.lib.StaticUserWebFilter$StaticUserFilter) to context logs
2019-11-14 22:49:15,480 [main] INFO  http.HttpServer2 (HttpServer2.java:addFilter(958)) - Added filter static_user_filter (class=org.apache.hadoop.http.lib.StaticUserWebFilter$StaticUserFilter) to context static
2019-11-14 22:49:15,481 [main] INFO  http.HttpServer2 (HttpServer2.java:bindListener(1191)) - Jetty bound to port 39614
2019-11-14 22:49:15,481 [main] INFO  server.Server (Server.java:doStart(351)) - jetty-9.3.25.v20180904, build timestamp: 2018-09-04T21:11:46Z, git hash: 3ce520221d0240229c862b122d2b06c12a625732
2019-11-14 22:49:15,483 [main] INFO  handler.ContextHandler (ContextHandler.java:doStart(781)) - Started o.e.j.s.ServletContextHandler@3f68a7f8{/logs,file:///workdir/hadoop-ozone/integration-test/target/log,AVAILABLE}
2019-11-14 22:49:15,483 [main] INFO  handler.ContextHandler (ContextHandler.java:doStart(781)) - Started o.e.j.s.ServletContextHandler@4f811029{/static,jar:file:/home/user/.m2/repository/org/apache/hadoop/hadoop-hdds-container-service/0.5.0-SNAPSHOT/hadoop-hdds-container-service-0.5.0-SNAPSHOT.jar!/webapps/static,AVAILABLE}
2019-11-14 22:49:15,513 [main] INFO  handler.ContextHandler (ContextHandler.java:doStart(781)) - Started o.e.j.w.WebAppContext@42cf6349{/,file:///tmp/jetty-0.0.0.0-39614-hddsDatanode-_-any-7295251260889556011.dir/webapp/,AVAILABLE}{/hddsDatanode}
2019-11-14 22:49:15,513 [main] INFO  server.AbstractConnector (AbstractConnector.java:doStart(278)) - Started ServerConnector@79cb8ffa{HTTP/1.1,[http/1.1]}{0.0.0.0:39614}
2019-11-14 22:49:15,515 [main] INFO  server.Server (Server.java:doStart(419)) - Started @239099ms
2019-11-14 22:49:15,515 [main] WARN  impl.MetricsSystemImpl (MetricsSystemImpl.java:register(276)) - Sink prometheus already exists!
2019-11-14 22:49:15,516 [main] INFO  server.BaseHttpServer (BaseHttpServer.java:updateConnectorAddress(215)) - HTTP server of HDDSDATANODE is listening at http://0.0.0.0:39614
2019-11-14 22:49:15,516 [main] INFO  impl.MetricsSystemImpl (MetricsSystemImpl.java:init(158)) - HddsDatanode metrics system started (again)
2019-11-14 22:49:15,521 [org.apache.hadoop.util.JvmPauseMonitor$Monitor@2c0c3752] INFO  util.JvmPauseMonitor (JvmPauseMonitor.java:run(188)) - Starting JVM pause monitor
2019-11-14 22:49:15,521 [main] INFO  ozone.HddsDatanodeService (HddsDatanodeService.java:start(186)) - HddsDatanodeService host:pr-hdds-2494-dtfqw-3996435450 ip:192.168.69.106
2019-11-14 22:49:15,522 [Datanode State Machine Thread - 0] INFO  datanode.InitDatanodeState (InitDatanodeState.java:persistContainerDatanodeDetails(140)) - DatanodeDetails is persisted to /workdir/hadoop-ozone/integration-test/target/test-dir/MiniOzoneClusterImpl-9caa682c-a503-45f4-84bb-f8dd249825f6/datanode-3/meta/datanode.id
2019-11-14 22:49:15,529 [main] INFO  volume.HddsVolume (HddsVolume.java:<init>(176)) - Creating Volume: /workdir/hadoop-ozone/integration-test/target/test-dir/MiniOzoneClusterImpl-9caa682c-a503-45f4-84bb-f8dd249825f6/datanode-4/data/containers/hdds of  storage type : DISK and capacity : 1482555576320
2019-11-14 22:49:15,530 [main] INFO  volume.VolumeSet (VolumeSet.java:initializeVolumeSet(170)) - Added Volume : /workdir/hadoop-ozone/integration-test/target/test-dir/MiniOzoneClusterImpl-9caa682c-a503-45f4-84bb-f8dd249825f6/datanode-4/data/containers/hdds to VolumeSet
2019-11-14 22:49:15,530 [main] INFO  volume.ThrottledAsyncChecker (ThrottledAsyncChecker.java:schedule(141)) - Scheduling a check for /workdir/hadoop-ozone/integration-test/target/test-dir/MiniOzoneClusterImpl-9caa682c-a503-45f4-84bb-f8dd249825f6/datanode-4/data/containers/hdds
2019-11-14 22:49:15,530 [main] INFO  volume.HddsVolumeChecker (HddsVolumeChecker.java:checkAllVolumes(204)) - Scheduled health check for volume /workdir/hadoop-ozone/integration-test/target/test-dir/MiniOzoneClusterImpl-9caa682c-a503-45f4-84bb-f8dd249825f6/datanode-4/data/containers/hdds
2019-11-14 22:49:15,549 [main] INFO  impl.RaftServerProxy (ConfUtils.java:logGet(43)) - raft.rpc.type = GRPC (default)
2019-11-14 22:49:15,550 [main] INFO  grpc.GrpcFactory (GrpcFactory.java:checkPooledByteBufAllocatorUseCacheForAllThreads(45)) - PERFORMANCE WARNING: useCacheForAllThreads is true that may cause Netty to create a lot garbage objects and, as a result, trigger GC.
	It is recommended to disable useCacheForAllThreads by setting -Dorg.apache.ratis.thirdparty.io.netty.allocator.useCacheForAllThreads=false in command line.
2019-11-14 22:49:15,550 [main] INFO  grpc.GrpcConfigKeys$Server (ConfUtils.java:logGet(43)) - raft.grpc.server.port = 0 (default)
2019-11-14 22:49:15,550 [main] INFO  server.GrpcService (ConfUtils.java:logGet(43)) - raft.grpc.message.size.max = 33570816 (custom)
2019-11-14 22:49:15,550 [main] INFO  server.RaftServerConfigKeys (ConfUtils.java:logGet(43)) - raft.server.log.appender.buffer.byte-limit = 33554432 (custom)
2019-11-14 22:49:15,551 [main] INFO  server.GrpcService (ConfUtils.java:logGet(43)) - raft.grpc.flow.control.window = 1MB (=1048576) (default)
2019-11-14 22:49:15,551 [main] INFO  server.RaftServerConfigKeys (ConfUtils.java:logGet(43)) - raft.server.rpc.request.timeout = 3000ms (default)
2019-11-14 22:49:15,551 [main] INFO  server.RaftServerConfigKeys (ConfUtils.java:logGet(43)) - raft.server.storage.dir = [/workdir/hadoop-ozone/integration-test/target/test-dir/MiniOzoneClusterImpl-9caa682c-a503-45f4-84bb-f8dd249825f6/datanode-4/data/ratis] (custom)
2019-11-14 22:49:15,553 [main] INFO  hdfs.DFSUtil (DFSUtil.java:httpServerTemplateForNNAndJN(1641)) - Starting Web-server for hddsDatanode at: http://0.0.0.0:0
2019-11-14 22:49:15,555 [main] INFO  server.AuthenticationFilter (AuthenticationFilter.java:constructSecretProvider(240)) - Unable to initialize FileSignerSecretProvider, falling back to use random secrets.
2019-11-14 22:49:15,555 [main] WARN  http.HttpRequestLog (HttpRequestLog.java:getRequestLog(97)) - Jetty request log can only be enabled using Log4j
2019-11-14 22:49:15,557 [main] INFO  http.HttpServer2 (HttpServer2.java:addGlobalFilter(975)) - Added global filter 'safety' (class=org.apache.hadoop.http.HttpServer2$QuotingInputFilter)
2019-11-14 22:49:15,557 [main] INFO  http.HttpServer2 (HttpServer2.java:addFilter(948)) - Added filter static_user_filter (class=org.apache.hadoop.http.lib.StaticUserWebFilter$StaticUserFilter) to context hddsDatanode
2019-11-14 22:49:15,557 [main] INFO  http.HttpServer2 (HttpServer2.java:addFilter(958)) - Added filter static_user_filter (class=org.apache.hadoop.http.lib.StaticUserWebFilter$StaticUserFilter) to context logs
2019-11-14 22:49:15,558 [main] INFO  http.HttpServer2 (HttpServer2.java:addFilter(958)) - Added filter static_user_filter (class=org.apache.hadoop.http.lib.StaticUserWebFilter$StaticUserFilter) to context static
2019-11-14 22:49:15,558 [main] INFO  http.HttpServer2 (HttpServer2.java:bindListener(1191)) - Jetty bound to port 36607
2019-11-14 22:49:15,558 [main] INFO  server.Server (Server.java:doStart(351)) - jetty-9.3.25.v20180904, build timestamp: 2018-09-04T21:11:46Z, git hash: 3ce520221d0240229c862b122d2b06c12a625732
2019-11-14 22:49:15,560 [main] INFO  handler.ContextHandler (ContextHandler.java:doStart(781)) - Started o.e.j.s.ServletContextHandler@5fb5ad40{/logs,file:///workdir/hadoop-ozone/integration-test/target/log,AVAILABLE}
2019-11-14 22:49:15,560 [main] INFO  handler.ContextHandler (ContextHandler.java:doStart(781)) - Started o.e.j.s.ServletContextHandler@632cf7d3{/static,jar:file:/home/user/.m2/repository/org/apache/hadoop/hadoop-hdds-container-service/0.5.0-SNAPSHOT/hadoop-hdds-container-service-0.5.0-SNAPSHOT.jar!/webapps/static,AVAILABLE}
2019-11-14 22:49:15,597 [main] INFO  handler.ContextHandler (ContextHandler.java:doStart(781)) - Started o.e.j.w.WebAppContext@49754e74{/,file:///tmp/jetty-0.0.0.0-36607-hddsDatanode-_-any-4637353169152488634.dir/webapp/,AVAILABLE}{/hddsDatanode}
2019-11-14 22:49:15,598 [main] INFO  server.AbstractConnector (AbstractConnector.java:doStart(278)) - Started ServerConnector@31881aa2{HTTP/1.1,[http/1.1]}{0.0.0.0:36607}
2019-11-14 22:49:15,598 [main] INFO  server.Server (Server.java:doStart(419)) - Started @239183ms
2019-11-14 22:49:15,600 [main] WARN  impl.MetricsSystemImpl (MetricsSystemImpl.java:register(276)) - Sink prometheus already exists!
2019-11-14 22:49:15,601 [main] INFO  server.BaseHttpServer (BaseHttpServer.java:updateConnectorAddress(215)) - HTTP server of HDDSDATANODE is listening at http://0.0.0.0:36607
2019-11-14 22:49:15,601 [main] INFO  impl.MetricsSystemImpl (MetricsSystemImpl.java:init(158)) - HddsDatanode metrics system started (again)
2019-11-14 22:49:15,604 [org.apache.hadoop.util.JvmPauseMonitor$Monitor@68f79be6] INFO  util.JvmPauseMonitor (JvmPauseMonitor.java:run(188)) - Starting JVM pause monitor
2019-11-14 22:49:15,605 [main] INFO  ozone.HddsDatanodeService (HddsDatanodeService.java:start(186)) - HddsDatanodeService host:pr-hdds-2494-dtfqw-3996435450 ip:192.168.69.106
2019-11-14 22:49:15,606 [Datanode State Machine Thread - 0] INFO  datanode.InitDatanodeState (InitDatanodeState.java:persistContainerDatanodeDetails(140)) - DatanodeDetails is persisted to /workdir/hadoop-ozone/integration-test/target/test-dir/MiniOzoneClusterImpl-9caa682c-a503-45f4-84bb-f8dd249825f6/datanode-4/meta/datanode.id
2019-11-14 22:49:15,614 [main] INFO  volume.HddsVolume (HddsVolume.java:<init>(176)) - Creating Volume: /workdir/hadoop-ozone/integration-test/target/test-dir/MiniOzoneClusterImpl-9caa682c-a503-45f4-84bb-f8dd249825f6/datanode-5/data/containers/hdds of  storage type : DISK and capacity : 1482555576320
2019-11-14 22:49:15,614 [main] INFO  volume.VolumeSet (VolumeSet.java:initializeVolumeSet(170)) - Added Volume : /workdir/hadoop-ozone/integration-test/target/test-dir/MiniOzoneClusterImpl-9caa682c-a503-45f4-84bb-f8dd249825f6/datanode-5/data/containers/hdds to VolumeSet
2019-11-14 22:49:15,614 [main] INFO  volume.ThrottledAsyncChecker (ThrottledAsyncChecker.java:schedule(141)) - Scheduling a check for /workdir/hadoop-ozone/integration-test/target/test-dir/MiniOzoneClusterImpl-9caa682c-a503-45f4-84bb-f8dd249825f6/datanode-5/data/containers/hdds
2019-11-14 22:49:15,615 [main] INFO  volume.HddsVolumeChecker (HddsVolumeChecker.java:checkAllVolumes(204)) - Scheduled health check for volume /workdir/hadoop-ozone/integration-test/target/test-dir/MiniOzoneClusterImpl-9caa682c-a503-45f4-84bb-f8dd249825f6/datanode-5/data/containers/hdds
2019-11-14 22:49:15,627 [main] INFO  impl.RaftServerProxy (ConfUtils.java:logGet(43)) - raft.rpc.type = GRPC (default)
2019-11-14 22:49:15,628 [main] INFO  grpc.GrpcFactory (GrpcFactory.java:checkPooledByteBufAllocatorUseCacheForAllThreads(45)) - PERFORMANCE WARNING: useCacheForAllThreads is true that may cause Netty to create a lot garbage objects and, as a result, trigger GC.
	It is recommended to disable useCacheForAllThreads by setting -Dorg.apache.ratis.thirdparty.io.netty.allocator.useCacheForAllThreads=false in command line.
2019-11-14 22:49:15,628 [main] INFO  grpc.GrpcConfigKeys$Server (ConfUtils.java:logGet(43)) - raft.grpc.server.port = 0 (default)
2019-11-14 22:49:15,628 [main] INFO  server.GrpcService (ConfUtils.java:logGet(43)) - raft.grpc.message.size.max = 33570816 (custom)
2019-11-14 22:49:15,628 [main] INFO  server.RaftServerConfigKeys (ConfUtils.java:logGet(43)) - raft.server.log.appender.buffer.byte-limit = 33554432 (custom)
2019-11-14 22:49:15,628 [main] INFO  server.GrpcService (ConfUtils.java:logGet(43)) - raft.grpc.flow.control.window = 1MB (=1048576) (default)
2019-11-14 22:49:15,629 [main] INFO  server.RaftServerConfigKeys (ConfUtils.java:logGet(43)) - raft.server.rpc.request.timeout = 3000ms (default)
2019-11-14 22:49:15,629 [main] INFO  server.RaftServerConfigKeys (ConfUtils.java:logGet(43)) - raft.server.storage.dir = [/workdir/hadoop-ozone/integration-test/target/test-dir/MiniOzoneClusterImpl-9caa682c-a503-45f4-84bb-f8dd249825f6/datanode-5/data/ratis] (custom)
2019-11-14 22:49:15,632 [main] INFO  hdfs.DFSUtil (DFSUtil.java:httpServerTemplateForNNAndJN(1641)) - Starting Web-server for hddsDatanode at: http://0.0.0.0:0
2019-11-14 22:49:15,633 [main] INFO  server.AuthenticationFilter (AuthenticationFilter.java:constructSecretProvider(240)) - Unable to initialize FileSignerSecretProvider, falling back to use random secrets.
2019-11-14 22:49:15,634 [main] WARN  http.HttpRequestLog (HttpRequestLog.java:getRequestLog(97)) - Jetty request log can only be enabled using Log4j
2019-11-14 22:49:15,635 [main] INFO  http.HttpServer2 (HttpServer2.java:addGlobalFilter(975)) - Added global filter 'safety' (class=org.apache.hadoop.http.HttpServer2$QuotingInputFilter)
2019-11-14 22:49:15,635 [main] INFO  http.HttpServer2 (HttpServer2.java:addFilter(948)) - Added filter static_user_filter (class=org.apache.hadoop.http.lib.StaticUserWebFilter$StaticUserFilter) to context hddsDatanode
2019-11-14 22:49:15,636 [main] INFO  http.HttpServer2 (HttpServer2.java:addFilter(958)) - Added filter static_user_filter (class=org.apache.hadoop.http.lib.StaticUserWebFilter$StaticUserFilter) to context static
2019-11-14 22:49:15,636 [main] INFO  http.HttpServer2 (HttpServer2.java:addFilter(958)) - Added filter static_user_filter (class=org.apache.hadoop.http.lib.StaticUserWebFilter$StaticUserFilter) to context logs
2019-11-14 22:49:15,636 [main] INFO  http.HttpServer2 (HttpServer2.java:bindListener(1191)) - Jetty bound to port 33476
2019-11-14 22:49:15,636 [main] INFO  server.Server (Server.java:doStart(351)) - jetty-9.3.25.v20180904, build timestamp: 2018-09-04T21:11:46Z, git hash: 3ce520221d0240229c862b122d2b06c12a625732
2019-11-14 22:49:15,638 [main] INFO  handler.ContextHandler (ContextHandler.java:doStart(781)) - Started o.e.j.s.ServletContextHandler@d36c1c3{/logs,file:///workdir/hadoop-ozone/integration-test/target/log,AVAILABLE}
2019-11-14 22:49:15,638 [main] INFO  handler.ContextHandler (ContextHandler.java:doStart(781)) - Started o.e.j.s.ServletContextHandler@4d69d288{/static,jar:file:/home/user/.m2/repository/org/apache/hadoop/hadoop-hdds-container-service/0.5.0-SNAPSHOT/hadoop-hdds-container-service-0.5.0-SNAPSHOT.jar!/webapps/static,AVAILABLE}
2019-11-14 22:49:15,668 [main] INFO  handler.ContextHandler (ContextHandler.java:doStart(781)) - Started o.e.j.w.WebAppContext@333398f{/,file:///tmp/jetty-0.0.0.0-33476-hddsDatanode-_-any-7567333618477491468.dir/webapp/,AVAILABLE}{/hddsDatanode}
2019-11-14 22:49:15,669 [main] INFO  server.AbstractConnector (AbstractConnector.java:doStart(278)) - Started ServerConnector@103c97ff{HTTP/1.1,[http/1.1]}{0.0.0.0:33476}
2019-11-14 22:49:15,670 [main] INFO  server.Server (Server.java:doStart(419)) - Started @239255ms
2019-11-14 22:49:15,670 [main] WARN  impl.MetricsSystemImpl (MetricsSystemImpl.java:register(276)) - Sink prometheus already exists!
2019-11-14 22:49:15,671 [main] INFO  server.BaseHttpServer (BaseHttpServer.java:updateConnectorAddress(215)) - HTTP server of HDDSDATANODE is listening at http://0.0.0.0:33476
2019-11-14 22:49:15,672 [main] INFO  impl.MetricsSystemImpl (MetricsSystemImpl.java:init(158)) - HddsDatanode metrics system started (again)
2019-11-14 22:49:15,675 [org.apache.hadoop.util.JvmPauseMonitor$Monitor@70723364] INFO  util.JvmPauseMonitor (JvmPauseMonitor.java:run(188)) - Starting JVM pause monitor
2019-11-14 22:49:15,676 [main] INFO  ozone.HddsDatanodeService (HddsDatanodeService.java:start(186)) - HddsDatanodeService host:pr-hdds-2494-dtfqw-3996435450 ip:192.168.69.106
2019-11-14 22:49:15,676 [Datanode State Machine Thread - 0] INFO  datanode.InitDatanodeState (InitDatanodeState.java:persistContainerDatanodeDetails(140)) - DatanodeDetails is persisted to /workdir/hadoop-ozone/integration-test/target/test-dir/MiniOzoneClusterImpl-9caa682c-a503-45f4-84bb-f8dd249825f6/datanode-5/meta/datanode.id
2019-11-14 22:49:15,682 [main] INFO  volume.HddsVolume (HddsVolume.java:<init>(176)) - Creating Volume: /workdir/hadoop-ozone/integration-test/target/test-dir/MiniOzoneClusterImpl-9caa682c-a503-45f4-84bb-f8dd249825f6/datanode-6/data/containers/hdds of  storage type : DISK and capacity : 1482555576320
2019-11-14 22:49:15,683 [main] INFO  volume.VolumeSet (VolumeSet.java:initializeVolumeSet(170)) - Added Volume : /workdir/hadoop-ozone/integration-test/target/test-dir/MiniOzoneClusterImpl-9caa682c-a503-45f4-84bb-f8dd249825f6/datanode-6/data/containers/hdds to VolumeSet
2019-11-14 22:49:15,683 [main] INFO  volume.ThrottledAsyncChecker (ThrottledAsyncChecker.java:schedule(141)) - Scheduling a check for /workdir/hadoop-ozone/integration-test/target/test-dir/MiniOzoneClusterImpl-9caa682c-a503-45f4-84bb-f8dd249825f6/datanode-6/data/containers/hdds
2019-11-14 22:49:15,683 [main] INFO  volume.HddsVolumeChecker (HddsVolumeChecker.java:checkAllVolumes(204)) - Scheduled health check for volume /workdir/hadoop-ozone/integration-test/target/test-dir/MiniOzoneClusterImpl-9caa682c-a503-45f4-84bb-f8dd249825f6/datanode-6/data/containers/hdds
2019-11-14 22:49:15,695 [main] INFO  impl.RaftServerProxy (ConfUtils.java:logGet(43)) - raft.rpc.type = GRPC (default)
2019-11-14 22:49:15,695 [main] INFO  grpc.GrpcFactory (GrpcFactory.java:checkPooledByteBufAllocatorUseCacheForAllThreads(45)) - PERFORMANCE WARNING: useCacheForAllThreads is true that may cause Netty to create a lot garbage objects and, as a result, trigger GC.
	It is recommended to disable useCacheForAllThreads by setting -Dorg.apache.ratis.thirdparty.io.netty.allocator.useCacheForAllThreads=false in command line.
2019-11-14 22:49:15,695 [main] INFO  grpc.GrpcConfigKeys$Server (ConfUtils.java:logGet(43)) - raft.grpc.server.port = 0 (default)
2019-11-14 22:49:15,695 [main] INFO  server.GrpcService (ConfUtils.java:logGet(43)) - raft.grpc.message.size.max = 33570816 (custom)
2019-11-14 22:49:15,695 [main] INFO  server.RaftServerConfigKeys (ConfUtils.java:logGet(43)) - raft.server.log.appender.buffer.byte-limit = 33554432 (custom)
2019-11-14 22:49:15,695 [main] INFO  server.GrpcService (ConfUtils.java:logGet(43)) - raft.grpc.flow.control.window = 1MB (=1048576) (default)
2019-11-14 22:49:15,696 [main] INFO  server.RaftServerConfigKeys (ConfUtils.java:logGet(43)) - raft.server.rpc.request.timeout = 3000ms (default)
2019-11-14 22:49:15,696 [main] INFO  server.RaftServerConfigKeys (ConfUtils.java:logGet(43)) - raft.server.storage.dir = [/workdir/hadoop-ozone/integration-test/target/test-dir/MiniOzoneClusterImpl-9caa682c-a503-45f4-84bb-f8dd249825f6/datanode-6/data/ratis] (custom)
2019-11-14 22:49:15,698 [main] INFO  hdfs.DFSUtil (DFSUtil.java:httpServerTemplateForNNAndJN(1641)) - Starting Web-server for hddsDatanode at: http://0.0.0.0:0
2019-11-14 22:49:15,699 [main] INFO  server.AuthenticationFilter (AuthenticationFilter.java:constructSecretProvider(240)) - Unable to initialize FileSignerSecretProvider, falling back to use random secrets.
2019-11-14 22:49:15,699 [main] WARN  http.HttpRequestLog (HttpRequestLog.java:getRequestLog(97)) - Jetty request log can only be enabled using Log4j
2019-11-14 22:49:15,700 [main] INFO  http.HttpServer2 (HttpServer2.java:addGlobalFilter(975)) - Added global filter 'safety' (class=org.apache.hadoop.http.HttpServer2$QuotingInputFilter)
2019-11-14 22:49:15,701 [main] INFO  http.HttpServer2 (HttpServer2.java:addFilter(948)) - Added filter static_user_filter (class=org.apache.hadoop.http.lib.StaticUserWebFilter$StaticUserFilter) to context hddsDatanode
2019-11-14 22:49:15,701 [main] INFO  http.HttpServer2 (HttpServer2.java:addFilter(958)) - Added filter static_user_filter (class=org.apache.hadoop.http.lib.StaticUserWebFilter$StaticUserFilter) to context logs
2019-11-14 22:49:15,701 [main] INFO  http.HttpServer2 (HttpServer2.java:addFilter(958)) - Added filter static_user_filter (class=org.apache.hadoop.http.lib.StaticUserWebFilter$StaticUserFilter) to context static
2019-11-14 22:49:15,702 [main] INFO  http.HttpServer2 (HttpServer2.java:bindListener(1191)) - Jetty bound to port 43700
2019-11-14 22:49:15,702 [main] INFO  server.Server (Server.java:doStart(351)) - jetty-9.3.25.v20180904, build timestamp: 2018-09-04T21:11:46Z, git hash: 3ce520221d0240229c862b122d2b06c12a625732
2019-11-14 22:49:15,703 [main] INFO  handler.ContextHandler (ContextHandler.java:doStart(781)) - Started o.e.j.s.ServletContextHandler@569348e1{/logs,file:///workdir/hadoop-ozone/integration-test/target/log,AVAILABLE}
2019-11-14 22:49:15,703 [main] INFO  handler.ContextHandler (ContextHandler.java:doStart(781)) - Started o.e.j.s.ServletContextHandler@407b8435{/static,jar:file:/home/user/.m2/repository/org/apache/hadoop/hadoop-hdds-container-service/0.5.0-SNAPSHOT/hadoop-hdds-container-service-0.5.0-SNAPSHOT.jar!/webapps/static,AVAILABLE}
2019-11-14 22:49:15,730 [main] INFO  handler.ContextHandler (ContextHandler.java:doStart(781)) - Started o.e.j.w.WebAppContext@1ec88aa1{/,file:///tmp/jetty-0.0.0.0-43700-hddsDatanode-_-any-3167960228874076479.dir/webapp/,AVAILABLE}{/hddsDatanode}
2019-11-14 22:49:15,730 [main] INFO  server.AbstractConnector (AbstractConnector.java:doStart(278)) - Started ServerConnector@3e6748ae{HTTP/1.1,[http/1.1]}{0.0.0.0:43700}
2019-11-14 22:49:15,732 [main] INFO  server.Server (Server.java:doStart(419)) - Started @239317ms
2019-11-14 22:49:15,732 [main] WARN  impl.MetricsSystemImpl (MetricsSystemImpl.java:register(276)) - Sink prometheus already exists!
2019-11-14 22:49:15,733 [main] INFO  server.BaseHttpServer (BaseHttpServer.java:updateConnectorAddress(215)) - HTTP server of HDDSDATANODE is listening at http://0.0.0.0:43700
2019-11-14 22:49:15,734 [main] INFO  impl.MetricsSystemImpl (MetricsSystemImpl.java:init(158)) - HddsDatanode metrics system started (again)
2019-11-14 22:49:15,737 [org.apache.hadoop.util.JvmPauseMonitor$Monitor@44c41576] INFO  util.JvmPauseMonitor (JvmPauseMonitor.java:run(188)) - Starting JVM pause monitor
2019-11-14 22:49:15,737 [main] INFO  ozone.HddsDatanodeService (HddsDatanodeService.java:start(186)) - HddsDatanodeService host:pr-hdds-2494-dtfqw-3996435450 ip:192.168.69.106
2019-11-14 22:49:15,738 [Datanode State Machine Thread - 0] INFO  datanode.InitDatanodeState (InitDatanodeState.java:persistContainerDatanodeDetails(140)) - DatanodeDetails is persisted to /workdir/hadoop-ozone/integration-test/target/test-dir/MiniOzoneClusterImpl-9caa682c-a503-45f4-84bb-f8dd249825f6/datanode-6/meta/datanode.id
2019-11-14 22:49:15,745 [main] INFO  volume.HddsVolume (HddsVolume.java:<init>(176)) - Creating Volume: /workdir/hadoop-ozone/integration-test/target/test-dir/MiniOzoneClusterImpl-9caa682c-a503-45f4-84bb-f8dd249825f6/datanode-7/data/containers/hdds of  storage type : DISK and capacity : 1482555576320
2019-11-14 22:49:15,745 [main] INFO  volume.VolumeSet (VolumeSet.java:initializeVolumeSet(170)) - Added Volume : /workdir/hadoop-ozone/integration-test/target/test-dir/MiniOzoneClusterImpl-9caa682c-a503-45f4-84bb-f8dd249825f6/datanode-7/data/containers/hdds to VolumeSet
2019-11-14 22:49:15,745 [main] INFO  volume.ThrottledAsyncChecker (ThrottledAsyncChecker.java:schedule(141)) - Scheduling a check for /workdir/hadoop-ozone/integration-test/target/test-dir/MiniOzoneClusterImpl-9caa682c-a503-45f4-84bb-f8dd249825f6/datanode-7/data/containers/hdds
2019-11-14 22:49:15,746 [main] INFO  volume.HddsVolumeChecker (HddsVolumeChecker.java:checkAllVolumes(204)) - Scheduled health check for volume /workdir/hadoop-ozone/integration-test/target/test-dir/MiniOzoneClusterImpl-9caa682c-a503-45f4-84bb-f8dd249825f6/datanode-7/data/containers/hdds
2019-11-14 22:49:15,759 [main] INFO  impl.RaftServerProxy (ConfUtils.java:logGet(43)) - raft.rpc.type = GRPC (default)
2019-11-14 22:49:15,759 [main] INFO  grpc.GrpcFactory (GrpcFactory.java:checkPooledByteBufAllocatorUseCacheForAllThreads(45)) - PERFORMANCE WARNING: useCacheForAllThreads is true that may cause Netty to create a lot garbage objects and, as a result, trigger GC.
	It is recommended to disable useCacheForAllThreads by setting -Dorg.apache.ratis.thirdparty.io.netty.allocator.useCacheForAllThreads=false in command line.
2019-11-14 22:49:15,760 [main] INFO  grpc.GrpcConfigKeys$Server (ConfUtils.java:logGet(43)) - raft.grpc.server.port = 0 (default)
2019-11-14 22:49:15,760 [main] INFO  server.GrpcService (ConfUtils.java:logGet(43)) - raft.grpc.message.size.max = 33570816 (custom)
2019-11-14 22:49:15,760 [main] INFO  server.RaftServerConfigKeys (ConfUtils.java:logGet(43)) - raft.server.log.appender.buffer.byte-limit = 33554432 (custom)
2019-11-14 22:49:15,760 [main] INFO  server.GrpcService (ConfUtils.java:logGet(43)) - raft.grpc.flow.control.window = 1MB (=1048576) (default)
2019-11-14 22:49:15,760 [main] INFO  server.RaftServerConfigKeys (ConfUtils.java:logGet(43)) - raft.server.rpc.request.timeout = 3000ms (default)
2019-11-14 22:49:15,761 [main] INFO  server.RaftServerConfigKeys (ConfUtils.java:logGet(43)) - raft.server.storage.dir = [/workdir/hadoop-ozone/integration-test/target/test-dir/MiniOzoneClusterImpl-9caa682c-a503-45f4-84bb-f8dd249825f6/datanode-7/data/ratis] (custom)
2019-11-14 22:49:15,762 [main] INFO  hdfs.DFSUtil (DFSUtil.java:httpServerTemplateForNNAndJN(1641)) - Starting Web-server for hddsDatanode at: http://0.0.0.0:0
2019-11-14 22:49:15,764 [main] INFO  server.AuthenticationFilter (AuthenticationFilter.java:constructSecretProvider(240)) - Unable to initialize FileSignerSecretProvider, falling back to use random secrets.
2019-11-14 22:49:15,764 [main] WARN  http.HttpRequestLog (HttpRequestLog.java:getRequestLog(97)) - Jetty request log can only be enabled using Log4j
2019-11-14 22:49:15,766 [main] INFO  http.HttpServer2 (HttpServer2.java:addGlobalFilter(975)) - Added global filter 'safety' (class=org.apache.hadoop.http.HttpServer2$QuotingInputFilter)
2019-11-14 22:49:15,766 [main] INFO  http.HttpServer2 (HttpServer2.java:addFilter(948)) - Added filter static_user_filter (class=org.apache.hadoop.http.lib.StaticUserWebFilter$StaticUserFilter) to context hddsDatanode
2019-11-14 22:49:15,767 [main] INFO  http.HttpServer2 (HttpServer2.java:addFilter(958)) - Added filter static_user_filter (class=org.apache.hadoop.http.lib.StaticUserWebFilter$StaticUserFilter) to context static
2019-11-14 22:49:15,767 [main] INFO  http.HttpServer2 (HttpServer2.java:addFilter(958)) - Added filter static_user_filter (class=org.apache.hadoop.http.lib.StaticUserWebFilter$StaticUserFilter) to context logs
2019-11-14 22:49:15,768 [main] INFO  http.HttpServer2 (HttpServer2.java:bindListener(1191)) - Jetty bound to port 37365
2019-11-14 22:49:15,768 [main] INFO  server.Server (Server.java:doStart(351)) - jetty-9.3.25.v20180904, build timestamp: 2018-09-04T21:11:46Z, git hash: 3ce520221d0240229c862b122d2b06c12a625732
2019-11-14 22:49:15,769 [main] INFO  handler.ContextHandler (ContextHandler.java:doStart(781)) - Started o.e.j.s.ServletContextHandler@6bce4140{/logs,file:///workdir/hadoop-ozone/integration-test/target/log,AVAILABLE}
2019-11-14 22:49:15,770 [main] INFO  handler.ContextHandler (ContextHandler.java:doStart(781)) - Started o.e.j.s.ServletContextHandler@5882b202{/static,jar:file:/home/user/.m2/repository/org/apache/hadoop/hadoop-hdds-container-service/0.5.0-SNAPSHOT/hadoop-hdds-container-service-0.5.0-SNAPSHOT.jar!/webapps/static,AVAILABLE}
2019-11-14 22:49:15,804 [main] INFO  handler.ContextHandler (ContextHandler.java:doStart(781)) - Started o.e.j.w.WebAppContext@2776fd8f{/,file:///tmp/jetty-0.0.0.0-37365-hddsDatanode-_-any-7987891910810535207.dir/webapp/,AVAILABLE}{/hddsDatanode}
2019-11-14 22:49:15,804 [main] INFO  server.AbstractConnector (AbstractConnector.java:doStart(278)) - Started ServerConnector@1c62c3fd{HTTP/1.1,[http/1.1]}{0.0.0.0:37365}
2019-11-14 22:49:15,805 [main] INFO  server.Server (Server.java:doStart(419)) - Started @239389ms
2019-11-14 22:49:15,807 [main] WARN  impl.MetricsSystemImpl (MetricsSystemImpl.java:register(276)) - Sink prometheus already exists!
2019-11-14 22:49:15,809 [main] INFO  server.BaseHttpServer (BaseHttpServer.java:updateConnectorAddress(215)) - HTTP server of HDDSDATANODE is listening at http://0.0.0.0:37365
2019-11-14 22:49:15,809 [main] INFO  impl.MetricsSystemImpl (MetricsSystemImpl.java:init(158)) - HddsDatanode metrics system started (again)
2019-11-14 22:49:15,813 [main] INFO  ozone.HddsDatanodeService (HddsDatanodeService.java:start(186)) - HddsDatanodeService host:pr-hdds-2494-dtfqw-3996435450 ip:192.168.69.106
2019-11-14 22:49:15,813 [org.apache.hadoop.util.JvmPauseMonitor$Monitor@1e78f7b4] INFO  util.JvmPauseMonitor (JvmPauseMonitor.java:run(188)) - Starting JVM pause monitor
2019-11-14 22:49:15,814 [Datanode State Machine Thread - 0] INFO  datanode.InitDatanodeState (InitDatanodeState.java:persistContainerDatanodeDetails(140)) - DatanodeDetails is persisted to /workdir/hadoop-ozone/integration-test/target/test-dir/MiniOzoneClusterImpl-9caa682c-a503-45f4-84bb-f8dd249825f6/datanode-7/meta/datanode.id
2019-11-14 22:49:15,819 [main] INFO  volume.HddsVolume (HddsVolume.java:<init>(176)) - Creating Volume: /workdir/hadoop-ozone/integration-test/target/test-dir/MiniOzoneClusterImpl-9caa682c-a503-45f4-84bb-f8dd249825f6/datanode-8/data/containers/hdds of  storage type : DISK and capacity : 1482555576320
2019-11-14 22:49:15,819 [main] INFO  volume.VolumeSet (VolumeSet.java:initializeVolumeSet(170)) - Added Volume : /workdir/hadoop-ozone/integration-test/target/test-dir/MiniOzoneClusterImpl-9caa682c-a503-45f4-84bb-f8dd249825f6/datanode-8/data/containers/hdds to VolumeSet
2019-11-14 22:49:15,819 [main] INFO  volume.ThrottledAsyncChecker (ThrottledAsyncChecker.java:schedule(141)) - Scheduling a check for /workdir/hadoop-ozone/integration-test/target/test-dir/MiniOzoneClusterImpl-9caa682c-a503-45f4-84bb-f8dd249825f6/datanode-8/data/containers/hdds
2019-11-14 22:49:15,820 [main] INFO  volume.HddsVolumeChecker (HddsVolumeChecker.java:checkAllVolumes(204)) - Scheduled health check for volume /workdir/hadoop-ozone/integration-test/target/test-dir/MiniOzoneClusterImpl-9caa682c-a503-45f4-84bb-f8dd249825f6/datanode-8/data/containers/hdds
2019-11-14 22:49:15,830 [main] INFO  impl.RaftServerProxy (ConfUtils.java:logGet(43)) - raft.rpc.type = GRPC (default)
2019-11-14 22:49:15,830 [main] INFO  grpc.GrpcFactory (GrpcFactory.java:checkPooledByteBufAllocatorUseCacheForAllThreads(45)) - PERFORMANCE WARNING: useCacheForAllThreads is true that may cause Netty to create a lot garbage objects and, as a result, trigger GC.
	It is recommended to disable useCacheForAllThreads by setting -Dorg.apache.ratis.thirdparty.io.netty.allocator.useCacheForAllThreads=false in command line.
2019-11-14 22:49:15,830 [main] INFO  grpc.GrpcConfigKeys$Server (ConfUtils.java:logGet(43)) - raft.grpc.server.port = 0 (default)
2019-11-14 22:49:15,831 [main] INFO  server.GrpcService (ConfUtils.java:logGet(43)) - raft.grpc.message.size.max = 33570816 (custom)
2019-11-14 22:49:15,831 [main] INFO  server.RaftServerConfigKeys (ConfUtils.java:logGet(43)) - raft.server.log.appender.buffer.byte-limit = 33554432 (custom)
2019-11-14 22:49:15,831 [main] INFO  server.GrpcService (ConfUtils.java:logGet(43)) - raft.grpc.flow.control.window = 1MB (=1048576) (default)
2019-11-14 22:49:15,831 [main] INFO  server.RaftServerConfigKeys (ConfUtils.java:logGet(43)) - raft.server.rpc.request.timeout = 3000ms (default)
2019-11-14 22:49:15,831 [main] INFO  server.RaftServerConfigKeys (ConfUtils.java:logGet(43)) - raft.server.storage.dir = [/workdir/hadoop-ozone/integration-test/target/test-dir/MiniOzoneClusterImpl-9caa682c-a503-45f4-84bb-f8dd249825f6/datanode-8/data/ratis] (custom)
2019-11-14 22:49:15,833 [main] INFO  hdfs.DFSUtil (DFSUtil.java:httpServerTemplateForNNAndJN(1641)) - Starting Web-server for hddsDatanode at: http://0.0.0.0:0
2019-11-14 22:49:15,834 [main] INFO  server.AuthenticationFilter (AuthenticationFilter.java:constructSecretProvider(240)) - Unable to initialize FileSignerSecretProvider, falling back to use random secrets.
2019-11-14 22:49:15,834 [main] WARN  http.HttpRequestLog (HttpRequestLog.java:getRequestLog(97)) - Jetty request log can only be enabled using Log4j
2019-11-14 22:49:15,835 [main] INFO  http.HttpServer2 (HttpServer2.java:addGlobalFilter(975)) - Added global filter 'safety' (class=org.apache.hadoop.http.HttpServer2$QuotingInputFilter)
2019-11-14 22:49:15,835 [main] INFO  http.HttpServer2 (HttpServer2.java:addFilter(948)) - Added filter static_user_filter (class=org.apache.hadoop.http.lib.StaticUserWebFilter$StaticUserFilter) to context hddsDatanode
2019-11-14 22:49:15,836 [main] INFO  http.HttpServer2 (HttpServer2.java:addFilter(958)) - Added filter static_user_filter (class=org.apache.hadoop.http.lib.StaticUserWebFilter$StaticUserFilter) to context logs
2019-11-14 22:49:15,836 [main] INFO  http.HttpServer2 (HttpServer2.java:addFilter(958)) - Added filter static_user_filter (class=org.apache.hadoop.http.lib.StaticUserWebFilter$StaticUserFilter) to context static
2019-11-14 22:49:15,836 [main] INFO  http.HttpServer2 (HttpServer2.java:bindListener(1191)) - Jetty bound to port 45024
2019-11-14 22:49:15,836 [main] INFO  server.Server (Server.java:doStart(351)) - jetty-9.3.25.v20180904, build timestamp: 2018-09-04T21:11:46Z, git hash: 3ce520221d0240229c862b122d2b06c12a625732
2019-11-14 22:49:15,838 [main] INFO  handler.ContextHandler (ContextHandler.java:doStart(781)) - Started o.e.j.s.ServletContextHandler@8f2e3e6{/logs,file:///workdir/hadoop-ozone/integration-test/target/log,AVAILABLE}
2019-11-14 22:49:15,838 [main] INFO  handler.ContextHandler (ContextHandler.java:doStart(781)) - Started o.e.j.s.ServletContextHandler@6c8efde4{/static,jar:file:/home/user/.m2/repository/org/apache/hadoop/hadoop-hdds-container-service/0.5.0-SNAPSHOT/hadoop-hdds-container-service-0.5.0-SNAPSHOT.jar!/webapps/static,AVAILABLE}
2019-11-14 22:49:15,864 [main] INFO  handler.ContextHandler (ContextHandler.java:doStart(781)) - Started o.e.j.w.WebAppContext@6befbb12{/,file:///tmp/jetty-0.0.0.0-45024-hddsDatanode-_-any-6538064757523016404.dir/webapp/,AVAILABLE}{/hddsDatanode}
2019-11-14 22:49:15,865 [main] INFO  server.AbstractConnector (AbstractConnector.java:doStart(278)) - Started ServerConnector@21d9cd04{HTTP/1.1,[http/1.1]}{0.0.0.0:45024}
2019-11-14 22:49:15,866 [main] INFO  server.Server (Server.java:doStart(419)) - Started @239450ms
2019-11-14 22:49:15,866 [main] WARN  impl.MetricsSystemImpl (MetricsSystemImpl.java:register(276)) - Sink prometheus already exists!
2019-11-14 22:49:15,867 [main] INFO  server.BaseHttpServer (BaseHttpServer.java:updateConnectorAddress(215)) - HTTP server of HDDSDATANODE is listening at http://0.0.0.0:45024
2019-11-14 22:49:15,867 [main] INFO  impl.MetricsSystemImpl (MetricsSystemImpl.java:init(158)) - HddsDatanode metrics system started (again)
2019-11-14 22:49:15,871 [org.apache.hadoop.util.JvmPauseMonitor$Monitor@1706c1da] INFO  util.JvmPauseMonitor (JvmPauseMonitor.java:run(188)) - Starting JVM pause monitor
2019-11-14 22:49:15,871 [main] INFO  ozone.HddsDatanodeService (HddsDatanodeService.java:start(186)) - HddsDatanodeService host:pr-hdds-2494-dtfqw-3996435450 ip:192.168.69.106
2019-11-14 22:49:15,872 [Datanode State Machine Thread - 0] INFO  datanode.InitDatanodeState (InitDatanodeState.java:persistContainerDatanodeDetails(140)) - DatanodeDetails is persisted to /workdir/hadoop-ozone/integration-test/target/test-dir/MiniOzoneClusterImpl-9caa682c-a503-45f4-84bb-f8dd249825f6/datanode-8/meta/datanode.id
2019-11-14 22:49:15,878 [main] INFO  volume.HddsVolume (HddsVolume.java:<init>(176)) - Creating Volume: /workdir/hadoop-ozone/integration-test/target/test-dir/MiniOzoneClusterImpl-9caa682c-a503-45f4-84bb-f8dd249825f6/datanode-9/data/containers/hdds of  storage type : DISK and capacity : 1482555576320
2019-11-14 22:49:15,878 [main] INFO  volume.VolumeSet (VolumeSet.java:initializeVolumeSet(170)) - Added Volume : /workdir/hadoop-ozone/integration-test/target/test-dir/MiniOzoneClusterImpl-9caa682c-a503-45f4-84bb-f8dd249825f6/datanode-9/data/containers/hdds to VolumeSet
2019-11-14 22:49:15,878 [main] INFO  volume.ThrottledAsyncChecker (ThrottledAsyncChecker.java:schedule(141)) - Scheduling a check for /workdir/hadoop-ozone/integration-test/target/test-dir/MiniOzoneClusterImpl-9caa682c-a503-45f4-84bb-f8dd249825f6/datanode-9/data/containers/hdds
2019-11-14 22:49:15,878 [main] INFO  volume.HddsVolumeChecker (HddsVolumeChecker.java:checkAllVolumes(204)) - Scheduled health check for volume /workdir/hadoop-ozone/integration-test/target/test-dir/MiniOzoneClusterImpl-9caa682c-a503-45f4-84bb-f8dd249825f6/datanode-9/data/containers/hdds
2019-11-14 22:49:15,888 [main] INFO  impl.RaftServerProxy (ConfUtils.java:logGet(43)) - raft.rpc.type = GRPC (default)
2019-11-14 22:49:15,888 [main] INFO  grpc.GrpcFactory (GrpcFactory.java:checkPooledByteBufAllocatorUseCacheForAllThreads(45)) - PERFORMANCE WARNING: useCacheForAllThreads is true that may cause Netty to create a lot garbage objects and, as a result, trigger GC.
	It is recommended to disable useCacheForAllThreads by setting -Dorg.apache.ratis.thirdparty.io.netty.allocator.useCacheForAllThreads=false in command line.
2019-11-14 22:49:15,888 [main] INFO  grpc.GrpcConfigKeys$Server (ConfUtils.java:logGet(43)) - raft.grpc.server.port = 0 (default)
2019-11-14 22:49:15,889 [main] INFO  server.GrpcService (ConfUtils.java:logGet(43)) - raft.grpc.message.size.max = 33570816 (custom)
2019-11-14 22:49:15,889 [main] INFO  server.RaftServerConfigKeys (ConfUtils.java:logGet(43)) - raft.server.log.appender.buffer.byte-limit = 33554432 (custom)
2019-11-14 22:49:15,889 [main] INFO  server.GrpcService (ConfUtils.java:logGet(43)) - raft.grpc.flow.control.window = 1MB (=1048576) (default)
2019-11-14 22:49:15,889 [main] INFO  server.RaftServerConfigKeys (ConfUtils.java:logGet(43)) - raft.server.rpc.request.timeout = 3000ms (default)
2019-11-14 22:49:15,889 [main] INFO  server.RaftServerConfigKeys (ConfUtils.java:logGet(43)) - raft.server.storage.dir = [/workdir/hadoop-ozone/integration-test/target/test-dir/MiniOzoneClusterImpl-9caa682c-a503-45f4-84bb-f8dd249825f6/datanode-9/data/ratis] (custom)
2019-11-14 22:49:15,890 [main] INFO  hdfs.DFSUtil (DFSUtil.java:httpServerTemplateForNNAndJN(1641)) - Starting Web-server for hddsDatanode at: http://0.0.0.0:0
2019-11-14 22:49:15,891 [main] INFO  server.AuthenticationFilter (AuthenticationFilter.java:constructSecretProvider(240)) - Unable to initialize FileSignerSecretProvider, falling back to use random secrets.
2019-11-14 22:49:15,892 [main] WARN  http.HttpRequestLog (HttpRequestLog.java:getRequestLog(97)) - Jetty request log can only be enabled using Log4j
2019-11-14 22:49:15,893 [main] INFO  http.HttpServer2 (HttpServer2.java:addGlobalFilter(975)) - Added global filter 'safety' (class=org.apache.hadoop.http.HttpServer2$QuotingInputFilter)
2019-11-14 22:49:15,893 [main] INFO  http.HttpServer2 (HttpServer2.java:addFilter(948)) - Added filter static_user_filter (class=org.apache.hadoop.http.lib.StaticUserWebFilter$StaticUserFilter) to context hddsDatanode
2019-11-14 22:49:15,893 [main] INFO  http.HttpServer2 (HttpServer2.java:addFilter(958)) - Added filter static_user_filter (class=org.apache.hadoop.http.lib.StaticUserWebFilter$StaticUserFilter) to context static
2019-11-14 22:49:15,893 [main] INFO  http.HttpServer2 (HttpServer2.java:addFilter(958)) - Added filter static_user_filter (class=org.apache.hadoop.http.lib.StaticUserWebFilter$StaticUserFilter) to context logs
2019-11-14 22:49:15,894 [main] INFO  http.HttpServer2 (HttpServer2.java:bindListener(1191)) - Jetty bound to port 34102
2019-11-14 22:49:15,894 [main] INFO  server.Server (Server.java:doStart(351)) - jetty-9.3.25.v20180904, build timestamp: 2018-09-04T21:11:46Z, git hash: 3ce520221d0240229c862b122d2b06c12a625732
2019-11-14 22:49:15,895 [main] INFO  handler.ContextHandler (ContextHandler.java:doStart(781)) - Started o.e.j.s.ServletContextHandler@7caf1e5{/logs,file:///workdir/hadoop-ozone/integration-test/target/log,AVAILABLE}
2019-11-14 22:49:15,896 [main] INFO  handler.ContextHandler (ContextHandler.java:doStart(781)) - Started o.e.j.s.ServletContextHandler@7ddeb27f{/static,jar:file:/home/user/.m2/repository/org/apache/hadoop/hadoop-hdds-container-service/0.5.0-SNAPSHOT/hadoop-hdds-container-service-0.5.0-SNAPSHOT.jar!/webapps/static,AVAILABLE}
2019-11-14 22:49:15,924 [main] INFO  handler.ContextHandler (ContextHandler.java:doStart(781)) - Started o.e.j.w.WebAppContext@3cc3f13e{/,file:///tmp/jetty-0.0.0.0-34102-hddsDatanode-_-any-7599745358061648216.dir/webapp/,AVAILABLE}{/hddsDatanode}
2019-11-14 22:49:15,924 [main] INFO  server.AbstractConnector (AbstractConnector.java:doStart(278)) - Started ServerConnector@69b3886f{HTTP/1.1,[http/1.1]}{0.0.0.0:34102}
2019-11-14 22:49:15,926 [main] INFO  server.Server (Server.java:doStart(419)) - Started @239510ms
2019-11-14 22:49:15,926 [main] WARN  impl.MetricsSystemImpl (MetricsSystemImpl.java:register(276)) - Sink prometheus already exists!
2019-11-14 22:49:15,927 [main] INFO  server.BaseHttpServer (BaseHttpServer.java:updateConnectorAddress(215)) - HTTP server of HDDSDATANODE is listening at http://0.0.0.0:34102
2019-11-14 22:49:15,927 [main] INFO  ozone.MiniOzoneClusterImpl (MiniOzoneClusterImpl.java:lambda$waitForClusterToBeReady$2(171)) - Waiting for cluster to be ready. Got 0 of 10 DN Heartbeats.
2019-11-14 22:49:15,928 [org.apache.hadoop.util.JvmPauseMonitor$Monitor@36c99482] INFO  util.JvmPauseMonitor (JvmPauseMonitor.java:run(188)) - Starting JVM pause monitor
2019-11-14 22:49:15,929 [Datanode State Machine Thread - 0] INFO  datanode.InitDatanodeState (InitDatanodeState.java:persistContainerDatanodeDetails(140)) - DatanodeDetails is persisted to /workdir/hadoop-ozone/integration-test/target/test-dir/MiniOzoneClusterImpl-9caa682c-a503-45f4-84bb-f8dd249825f6/datanode-9/meta/datanode.id
2019-11-14 22:49:16,928 [main] INFO  ozone.MiniOzoneClusterImpl (MiniOzoneClusterImpl.java:lambda$waitForClusterToBeReady$2(171)) - Waiting for cluster to be ready. Got 0 of 10 DN Heartbeats.
2019-11-14 22:49:17,543 [Datanode State Machine Thread - 0] INFO  ozoneimpl.OzoneContainer (OzoneContainer.java:start(230)) - Attempting to start container services.
2019-11-14 22:49:17,543 [Datanode State Machine Thread - 0] INFO  ozoneimpl.OzoneContainer (OzoneContainer.java:start(230)) - Attempting to start container services.
2019-11-14 22:49:17,543 [Datanode State Machine Thread - 0] INFO  ozoneimpl.OzoneContainer (OzoneContainer.java:start(230)) - Attempting to start container services.
2019-11-14 22:49:17,543 [Datanode State Machine Thread - 0] INFO  ozoneimpl.OzoneContainer (OzoneContainer.java:start(230)) - Attempting to start container services.
2019-11-14 22:49:17,544 [Datanode State Machine Thread - 0] INFO  ozoneimpl.OzoneContainer (OzoneContainer.java:startContainerScrub(194)) - Background container scanner has been disabled.
2019-11-14 22:49:17,544 [Datanode State Machine Thread - 0] INFO  ozoneimpl.OzoneContainer (OzoneContainer.java:startContainerScrub(194)) - Background container scanner has been disabled.
2019-11-14 22:49:17,544 [Datanode State Machine Thread - 0] INFO  ozoneimpl.OzoneContainer (OzoneContainer.java:startContainerScrub(194)) - Background container scanner has been disabled.
2019-11-14 22:49:17,544 [Datanode State Machine Thread - 0] INFO  ratis.XceiverServerRatis (XceiverServerRatis.java:start(421)) - Starting XceiverServerRatis 720981dd-80b6-4b59-8027-74344e9fba7b at port 0
2019-11-14 22:49:17,544 [Datanode State Machine Thread - 0] INFO  ratis.XceiverServerRatis (XceiverServerRatis.java:start(421)) - Starting XceiverServerRatis df16aec3-050f-40e4-a922-70bdb89d4bf1 at port 0
2019-11-14 22:49:17,544 [Datanode State Machine Thread - 0] INFO  ozoneimpl.OzoneContainer (OzoneContainer.java:startContainerScrub(194)) - Background container scanner has been disabled.
2019-11-14 22:49:17,544 [Datanode State Machine Thread - 0] INFO  ratis.XceiverServerRatis (XceiverServerRatis.java:start(421)) - Starting XceiverServerRatis dafdef77-e865-403b-bc5e-c37989f56ddc at port 0
2019-11-14 22:49:17,544 [Datanode State Machine Thread - 0] INFO  ratis.XceiverServerRatis (XceiverServerRatis.java:start(421)) - Starting XceiverServerRatis ce51abe9-fc49-4310-abba-812881959ce0 at port 0
2019-11-14 22:49:17,567 [Datanode State Machine Thread - 0] INFO  impl.RaftServerProxy (RaftServerProxy.java:lambda$start$3(299)) - df16aec3-050f-40e4-a922-70bdb89d4bf1: start RPC server
2019-11-14 22:49:17,569 [Datanode State Machine Thread - 0] INFO  impl.RaftServerProxy (RaftServerProxy.java:lambda$start$3(299)) - ce51abe9-fc49-4310-abba-812881959ce0: start RPC server
2019-11-14 22:49:17,571 [Datanode State Machine Thread - 0] INFO  server.GrpcService (GrpcService.java:startImpl(158)) - ce51abe9-fc49-4310-abba-812881959ce0: GrpcService started, listening on 0.0.0.0/0.0.0.0:37982
2019-11-14 22:49:17,571 [Datanode State Machine Thread - 0] INFO  server.GrpcService (GrpcService.java:startImpl(158)) - df16aec3-050f-40e4-a922-70bdb89d4bf1: GrpcService started, listening on 0.0.0.0/0.0.0.0:44144
2019-11-14 22:49:17,571 [Datanode State Machine Thread - 0] INFO  ratis.XceiverServerRatis (XceiverServerRatis.java:start(431)) - XceiverServerRatis ce51abe9-fc49-4310-abba-812881959ce0 is started using port 37982
2019-11-14 22:49:17,571 [Datanode State Machine Thread - 0] INFO  ratis.XceiverServerRatis (XceiverServerRatis.java:start(431)) - XceiverServerRatis df16aec3-050f-40e4-a922-70bdb89d4bf1 is started using port 44144
2019-11-14 22:49:17,578 [Datanode State Machine Thread - 0] INFO  server.XceiverServerGrpc (XceiverServerGrpc.java:start(145)) - XceiverServerGrpc ce51abe9-fc49-4310-abba-812881959ce0 is started using port 35333
2019-11-14 22:49:17,579 [Datanode State Machine Thread - 0] INFO  server.XceiverServerGrpc (XceiverServerGrpc.java:start(145)) - XceiverServerGrpc df16aec3-050f-40e4-a922-70bdb89d4bf1 is started using port 40839
2019-11-14 22:49:17,582 [Datanode State Machine Thread - 0] INFO  impl.RaftServerProxy (RaftServerProxy.java:lambda$start$3(299)) - dafdef77-e865-403b-bc5e-c37989f56ddc: start RPC server
2019-11-14 22:49:17,583 [Datanode State Machine Thread - 0] INFO  server.GrpcService (GrpcService.java:startImpl(158)) - dafdef77-e865-403b-bc5e-c37989f56ddc: GrpcService started, listening on 0.0.0.0/0.0.0.0:34201
2019-11-14 22:49:17,583 [Datanode State Machine Thread - 0] INFO  ratis.XceiverServerRatis (XceiverServerRatis.java:start(431)) - XceiverServerRatis dafdef77-e865-403b-bc5e-c37989f56ddc is started using port 34201
2019-11-14 22:49:17,583 [Datanode State Machine Thread - 0] INFO  server.XceiverServerGrpc (XceiverServerGrpc.java:start(145)) - XceiverServerGrpc dafdef77-e865-403b-bc5e-c37989f56ddc is started using port 41480
2019-11-14 22:49:17,586 [Datanode State Machine Thread - 0] INFO  impl.RaftServerProxy (RaftServerProxy.java:lambda$start$3(299)) - 720981dd-80b6-4b59-8027-74344e9fba7b: start RPC server
2019-11-14 22:49:17,588 [Datanode State Machine Thread - 0] INFO  server.GrpcService (GrpcService.java:startImpl(158)) - 720981dd-80b6-4b59-8027-74344e9fba7b: GrpcService started, listening on 0.0.0.0/0.0.0.0:33190
2019-11-14 22:49:17,588 [Datanode State Machine Thread - 0] INFO  ratis.XceiverServerRatis (XceiverServerRatis.java:start(431)) - XceiverServerRatis 720981dd-80b6-4b59-8027-74344e9fba7b is started using port 33190
2019-11-14 22:49:17,588 [Datanode State Machine Thread - 0] INFO  server.XceiverServerGrpc (XceiverServerGrpc.java:start(145)) - XceiverServerGrpc 720981dd-80b6-4b59-8027-74344e9fba7b is started using port 39607
2019-11-14 22:49:17,631 [Datanode State Machine Thread - 0] INFO  ozoneimpl.OzoneContainer (OzoneContainer.java:start(230)) - Attempting to start container services.
2019-11-14 22:49:17,631 [Datanode State Machine Thread - 0] INFO  ozoneimpl.OzoneContainer (OzoneContainer.java:startContainerScrub(194)) - Background container scanner has been disabled.
2019-11-14 22:49:17,632 [Datanode State Machine Thread - 0] INFO  ratis.XceiverServerRatis (XceiverServerRatis.java:start(421)) - Starting XceiverServerRatis ec693a0a-7ab2-40db-baa2-190e1e2b8078 at port 0
2019-11-14 22:49:17,639 [Datanode State Machine Thread - 0] INFO  impl.RaftServerProxy (RaftServerProxy.java:lambda$start$3(299)) - ec693a0a-7ab2-40db-baa2-190e1e2b8078: start RPC server
2019-11-14 22:49:17,640 [Datanode State Machine Thread - 0] INFO  server.GrpcService (GrpcService.java:startImpl(158)) - ec693a0a-7ab2-40db-baa2-190e1e2b8078: GrpcService started, listening on 0.0.0.0/0.0.0.0:46493
2019-11-14 22:49:17,640 [Datanode State Machine Thread - 0] INFO  ratis.XceiverServerRatis (XceiverServerRatis.java:start(431)) - XceiverServerRatis ec693a0a-7ab2-40db-baa2-190e1e2b8078 is started using port 46493
2019-11-14 22:49:17,641 [Datanode State Machine Thread - 0] INFO  server.XceiverServerGrpc (XceiverServerGrpc.java:start(145)) - XceiverServerGrpc ec693a0a-7ab2-40db-baa2-190e1e2b8078 is started using port 34421
2019-11-14 22:49:17,691 [Datanode State Machine Thread - 0] INFO  ozoneimpl.OzoneContainer (OzoneContainer.java:start(230)) - Attempting to start container services.
2019-11-14 22:49:17,691 [Datanode State Machine Thread - 0] INFO  ozoneimpl.OzoneContainer (OzoneContainer.java:startContainerScrub(194)) - Background container scanner has been disabled.
2019-11-14 22:49:17,691 [Datanode State Machine Thread - 0] INFO  ratis.XceiverServerRatis (XceiverServerRatis.java:start(421)) - Starting XceiverServerRatis e9302b19-2241-48e3-b0d0-f92620d14c53 at port 0
2019-11-14 22:49:17,696 [Datanode State Machine Thread - 0] INFO  impl.RaftServerProxy (RaftServerProxy.java:lambda$start$3(299)) - e9302b19-2241-48e3-b0d0-f92620d14c53: start RPC server
2019-11-14 22:49:17,697 [Datanode State Machine Thread - 0] INFO  server.GrpcService (GrpcService.java:startImpl(158)) - e9302b19-2241-48e3-b0d0-f92620d14c53: GrpcService started, listening on 0.0.0.0/0.0.0.0:32896
2019-11-14 22:49:17,697 [Datanode State Machine Thread - 0] INFO  ratis.XceiverServerRatis (XceiverServerRatis.java:start(431)) - XceiverServerRatis e9302b19-2241-48e3-b0d0-f92620d14c53 is started using port 32896
2019-11-14 22:49:17,699 [Datanode State Machine Thread - 0] INFO  server.XceiverServerGrpc (XceiverServerGrpc.java:start(145)) - XceiverServerGrpc e9302b19-2241-48e3-b0d0-f92620d14c53 is started using port 46476
2019-11-14 22:49:17,749 [Datanode State Machine Thread - 0] INFO  ozoneimpl.OzoneContainer (OzoneContainer.java:start(230)) - Attempting to start container services.
2019-11-14 22:49:17,750 [Datanode State Machine Thread - 0] INFO  ozoneimpl.OzoneContainer (OzoneContainer.java:startContainerScrub(194)) - Background container scanner has been disabled.
2019-11-14 22:49:17,750 [Datanode State Machine Thread - 0] INFO  ratis.XceiverServerRatis (XceiverServerRatis.java:start(421)) - Starting XceiverServerRatis c5c819e6-85b2-482d-9128-e8ea2b7ba4a4 at port 0
2019-11-14 22:49:17,754 [Datanode State Machine Thread - 0] INFO  impl.RaftServerProxy (RaftServerProxy.java:lambda$start$3(299)) - c5c819e6-85b2-482d-9128-e8ea2b7ba4a4: start RPC server
2019-11-14 22:49:17,755 [Datanode State Machine Thread - 0] INFO  server.GrpcService (GrpcService.java:startImpl(158)) - c5c819e6-85b2-482d-9128-e8ea2b7ba4a4: GrpcService started, listening on 0.0.0.0/0.0.0.0:40987
2019-11-14 22:49:17,755 [Datanode State Machine Thread - 0] INFO  ratis.XceiverServerRatis (XceiverServerRatis.java:start(431)) - XceiverServerRatis c5c819e6-85b2-482d-9128-e8ea2b7ba4a4 is started using port 40987
2019-11-14 22:49:17,755 [Datanode State Machine Thread - 0] INFO  server.XceiverServerGrpc (XceiverServerGrpc.java:start(145)) - XceiverServerGrpc c5c819e6-85b2-482d-9128-e8ea2b7ba4a4 is started using port 33107
2019-11-14 22:49:17,838 [Datanode State Machine Thread - 0] INFO  ozoneimpl.OzoneContainer (OzoneContainer.java:start(230)) - Attempting to start container services.
2019-11-14 22:49:17,838 [Datanode State Machine Thread - 0] INFO  ozoneimpl.OzoneContainer (OzoneContainer.java:startContainerScrub(194)) - Background container scanner has been disabled.
2019-11-14 22:49:17,838 [Datanode State Machine Thread - 0] INFO  ratis.XceiverServerRatis (XceiverServerRatis.java:start(421)) - Starting XceiverServerRatis 7d8f40ed-fc7e-4283-96c6-8f8f645c1bfe at port 0
2019-11-14 22:49:17,846 [Datanode State Machine Thread - 0] INFO  impl.RaftServerProxy (RaftServerProxy.java:lambda$start$3(299)) - 7d8f40ed-fc7e-4283-96c6-8f8f645c1bfe: start RPC server
2019-11-14 22:49:17,846 [Datanode State Machine Thread - 0] INFO  server.GrpcService (GrpcService.java:startImpl(158)) - 7d8f40ed-fc7e-4283-96c6-8f8f645c1bfe: GrpcService started, listening on 0.0.0.0/0.0.0.0:40228
2019-11-14 22:49:17,847 [Datanode State Machine Thread - 0] INFO  ratis.XceiverServerRatis (XceiverServerRatis.java:start(431)) - XceiverServerRatis 7d8f40ed-fc7e-4283-96c6-8f8f645c1bfe is started using port 40228
2019-11-14 22:49:17,855 [Datanode State Machine Thread - 0] INFO  server.XceiverServerGrpc (XceiverServerGrpc.java:start(145)) - XceiverServerGrpc 7d8f40ed-fc7e-4283-96c6-8f8f645c1bfe is started using port 45393
2019-11-14 22:49:17,898 [Datanode State Machine Thread - 0] INFO  ozoneimpl.OzoneContainer (OzoneContainer.java:start(230)) - Attempting to start container services.
2019-11-14 22:49:17,899 [Datanode State Machine Thread - 0] INFO  ozoneimpl.OzoneContainer (OzoneContainer.java:startContainerScrub(194)) - Background container scanner has been disabled.
2019-11-14 22:49:17,899 [Datanode State Machine Thread - 0] INFO  ratis.XceiverServerRatis (XceiverServerRatis.java:start(421)) - Starting XceiverServerRatis 58f72cb5-8974-4d0e-9564-cfe3e68dc671 at port 0
2019-11-14 22:49:17,904 [Datanode State Machine Thread - 0] INFO  impl.RaftServerProxy (RaftServerProxy.java:lambda$start$3(299)) - 58f72cb5-8974-4d0e-9564-cfe3e68dc671: start RPC server
2019-11-14 22:49:17,905 [Datanode State Machine Thread - 0] INFO  server.GrpcService (GrpcService.java:startImpl(158)) - 58f72cb5-8974-4d0e-9564-cfe3e68dc671: GrpcService started, listening on 0.0.0.0/0.0.0.0:42937
2019-11-14 22:49:17,905 [Datanode State Machine Thread - 0] INFO  ratis.XceiverServerRatis (XceiverServerRatis.java:start(431)) - XceiverServerRatis 58f72cb5-8974-4d0e-9564-cfe3e68dc671 is started using port 42937
2019-11-14 22:49:17,905 [Datanode State Machine Thread - 0] INFO  server.XceiverServerGrpc (XceiverServerGrpc.java:start(145)) - XceiverServerGrpc 58f72cb5-8974-4d0e-9564-cfe3e68dc671 is started using port 38592
2019-11-14 22:49:17,929 [main] INFO  ozone.MiniOzoneClusterImpl (MiniOzoneClusterImpl.java:lambda$waitForClusterToBeReady$2(171)) - Waiting for cluster to be ready. Got 0 of 10 DN Heartbeats.
2019-11-14 22:49:17,951 [Datanode State Machine Thread - 0] INFO  ozoneimpl.OzoneContainer (OzoneContainer.java:start(230)) - Attempting to start container services.
2019-11-14 22:49:17,951 [Datanode State Machine Thread - 0] INFO  ozoneimpl.OzoneContainer (OzoneContainer.java:startContainerScrub(194)) - Background container scanner has been disabled.
2019-11-14 22:49:17,951 [Datanode State Machine Thread - 0] INFO  ratis.XceiverServerRatis (XceiverServerRatis.java:start(421)) - Starting XceiverServerRatis 82d9b010-cdd2-48aa-a03f-c52b44e44827 at port 0
2019-11-14 22:49:17,957 [Datanode State Machine Thread - 0] INFO  impl.RaftServerProxy (RaftServerProxy.java:lambda$start$3(299)) - 82d9b010-cdd2-48aa-a03f-c52b44e44827: start RPC server
2019-11-14 22:49:17,958 [Datanode State Machine Thread - 0] INFO  server.GrpcService (GrpcService.java:startImpl(158)) - 82d9b010-cdd2-48aa-a03f-c52b44e44827: GrpcService started, listening on 0.0.0.0/0.0.0.0:46701
2019-11-14 22:49:17,958 [Datanode State Machine Thread - 0] INFO  ratis.XceiverServerRatis (XceiverServerRatis.java:start(431)) - XceiverServerRatis 82d9b010-cdd2-48aa-a03f-c52b44e44827 is started using port 46701
2019-11-14 22:49:17,958 [Datanode State Machine Thread - 0] INFO  server.XceiverServerGrpc (XceiverServerGrpc.java:start(145)) - XceiverServerGrpc 82d9b010-cdd2-48aa-a03f-c52b44e44827 is started using port 37467
2019-11-14 22:49:18,929 [main] INFO  ozone.MiniOzoneClusterImpl (MiniOzoneClusterImpl.java:lambda$waitForClusterToBeReady$2(171)) - Waiting for cluster to be ready. Got 0 of 10 DN Heartbeats.
2019-11-14 22:49:19,320 [IPC Server handler 16 on 44118] INFO  net.NetworkTopology (NetworkTopologyImpl.java:add(111)) - Added a new node: /rack1/df16aec3-050f-40e4-a922-70bdb89d4bf1
2019-11-14 22:49:19,323 [IPC Server handler 16 on 44118] INFO  node.SCMNodeManager (SCMNodeManager.java:register(267)) - Registered Data node : df16aec3-050f-40e4-a922-70bdb89d4bf1{ip: 192.168.69.106, host: pr-hdds-2494-dtfqw-3996435450, networkLocation: /rack1, certSerialId: null}
2019-11-14 22:49:19,324 [EventQueue-NodeRegistrationContainerReportForDataNodeSafeModeRule] INFO  safemode.SCMSafeModeManager (DataNodeSafeModeRule.java:process(71)) - SCM in safe mode. 1 DataNodes registered, 1 required.
2019-11-14 22:49:19,326 [EventQueue-NodeRegistrationContainerReportForDataNodeSafeModeRule] INFO  safemode.SCMSafeModeManager (SCMSafeModeManager.java:validateSafeModeExitRules(177)) - ScmSafeModeManager, all rules are successfully validated
2019-11-14 22:49:19,326 [EventQueue-NodeRegistrationContainerReportForDataNodeSafeModeRule] INFO  safemode.SCMSafeModeManager (SCMSafeModeManager.java:exitSafeMode(193)) - SCM exiting safe mode.
2019-11-14 22:49:19,339 [grpc-default-executor-5] INFO  impl.RaftServerProxy (RaftServerProxy.java:addNew(89)) - df16aec3-050f-40e4-a922-70bdb89d4bf1: addNew group-E7DAE29FA52D:[df16aec3-050f-40e4-a922-70bdb89d4bf1:192.168.69.106:44144] returns group-E7DAE29FA52D:java.util.concurrent.CompletableFuture@6c27e492[Not completed]
2019-11-14 22:49:19,341 [pool-507-thread-1] INFO  impl.RaftServerImpl (RaftServerImpl.java:<init>(98)) - df16aec3-050f-40e4-a922-70bdb89d4bf1: new RaftServerImpl for group-E7DAE29FA52D:[df16aec3-050f-40e4-a922-70bdb89d4bf1:192.168.69.106:44144] with ContainerStateMachine:uninitialized
2019-11-14 22:49:19,341 [pool-507-thread-1] INFO  server.RaftServerConfigKeys (ConfUtils.java:logGet(43)) - raft.server.rpc.timeout.min = 1s (custom)
2019-11-14 22:49:19,341 [pool-507-thread-1] INFO  server.RaftServerConfigKeys (ConfUtils.java:logGet(43)) - raft.server.rpc.timeout.max = 1200ms (custom)
2019-11-14 22:49:19,341 [pool-507-thread-1] INFO  server.RaftServerConfigKeys (ConfUtils.java:logGet(43)) - raft.server.rpcslowness.timeout = 120s (custom)
2019-11-14 22:49:19,341 [pool-507-thread-1] INFO  server.RaftServerConfigKeys (ConfUtils.java:logGet(43)) - raft.server.sleep.deviation.threshold = 300 (default)
2019-11-14 22:49:19,341 [pool-507-thread-1] INFO  server.RaftServerConfigKeys (ConfUtils.java:logGet(43)) - raft.server.log.appender.install.snapshot.enabled = false (custom)
2019-11-14 22:49:19,341 [pool-507-thread-1] INFO  impl.RaftServerImpl (ServerState.java:<init>(103)) - df16aec3-050f-40e4-a922-70bdb89d4bf1@group-E7DAE29FA52D: ConfigurationManager, init=-1: [df16aec3-050f-40e4-a922-70bdb89d4bf1:192.168.69.106:44144], old=null, confs=<EMPTY_MAP>
2019-11-14 22:49:19,342 [pool-507-thread-1] INFO  server.RaftServerConfigKeys (ConfUtils.java:logGet(43)) - raft.server.storage.dir = [/workdir/hadoop-ozone/integration-test/target/test-dir/MiniOzoneClusterImpl-9caa682c-a503-45f4-84bb-f8dd249825f6/datanode-0/data/ratis] (custom)
2019-11-14 22:49:19,342 [pool-507-thread-1] INFO  server.RaftServerConfigKeys (ConfUtils.java:logGet(43)) - raft.server.log.corruption.policy = EXCEPTION (default)
2019-11-14 22:49:19,342 [pool-507-thread-1] INFO  storage.RaftStorageDirectory (RaftStorageDirectory.java:analyzeStorage(246)) - The storage directory /workdir/hadoop-ozone/integration-test/target/test-dir/MiniOzoneClusterImpl-9caa682c-a503-45f4-84bb-f8dd249825f6/datanode-0/data/ratis/731c1a42-2944-48eb-8101-e7dae29fa52d does not exist. Creating ...
2019-11-14 22:49:19,366 [pool-507-thread-1] INFO  storage.RaftStorageDirectory (RaftStorageDirectory.java:tryLock(328)) - Lock on /workdir/hadoop-ozone/integration-test/target/test-dir/MiniOzoneClusterImpl-9caa682c-a503-45f4-84bb-f8dd249825f6/datanode-0/data/ratis/731c1a42-2944-48eb-8101-e7dae29fa52d/in_use.lock acquired by nodename 339@pr-hdds-2494-dtfqw-3996435450
2019-11-14 22:49:19,376 [IPC Server handler 14 on 44118] INFO  net.NetworkTopology (NetworkTopologyImpl.java:add(111)) - Added a new node: /rack1/dafdef77-e865-403b-bc5e-c37989f56ddc
2019-11-14 22:49:19,376 [IPC Server handler 14 on 44118] INFO  node.SCMNodeManager (SCMNodeManager.java:register(267)) - Registered Data node : dafdef77-e865-403b-bc5e-c37989f56ddc{ip: 192.168.69.106, host: pr-hdds-2494-dtfqw-3996435450, networkLocation: /rack1, certSerialId: null}
2019-11-14 22:49:19,400 [pool-507-thread-1] INFO  storage.RaftStorage (RaftStorage.java:format(84)) - Storage directory /workdir/hadoop-ozone/integration-test/target/test-dir/MiniOzoneClusterImpl-9caa682c-a503-45f4-84bb-f8dd249825f6/datanode-0/data/ratis/731c1a42-2944-48eb-8101-e7dae29fa52d has been successfully formatted.
2019-11-14 22:49:19,401 [pool-507-thread-1] INFO  ratis.ContainerStateMachine (ContainerStateMachine.java:loadSnapshot(223)) - group-E7DAE29FA52D: The snapshot info is null. Setting the last applied indexto:(t:0, i:~)
2019-11-14 22:49:19,401 [pool-507-thread-1] INFO  server.RaftServerConfigKeys (ConfUtils.java:logGet(43)) - raft.server.notification.no-leader.timeout = 120s (custom)
2019-11-14 22:49:19,401 [pool-507-thread-1] INFO  server.RaftServerConfigKeys (ConfUtils.java:logGet(43)) - raft.server.log.use.memory = false (default)
2019-11-14 22:49:19,401 [pool-507-thread-1] INFO  server.RaftServerConfigKeys (ConfUtils.java:logGet(43)) - raft.server.log.purge.gap = 1000000 (custom)
2019-11-14 22:49:19,401 [pool-507-thread-1] INFO  server.RaftServerConfigKeys (ConfUtils.java:logGet(43)) - raft.server.log.appender.buffer.byte-limit = 33554432 (custom)
2019-11-14 22:49:19,401 [pool-507-thread-1] INFO  server.RaftServerConfigKeys (ConfUtils.java:logGet(43)) - raft.server.log.segment.size.max = 1048576 (custom)
2019-11-14 22:49:19,401 [pool-507-thread-1] WARN  impl.MetricRegistriesImpl (MetricRegistriesImpl.java:lambda$create$1(61)) - First MetricRegistry has been created without registering reporters. You may need to call MetricRegistries.global().addReportRegistration(...) before.
2019-11-14 22:49:19,402 [pool-507-thread-1] INFO  server.RaftServerConfigKeys (ConfUtils.java:logGet(43)) - raft.server.log.segment.cache.num.max = 2 (custom)
2019-11-14 22:49:19,402 [pool-507-thread-1] INFO  segmented.SegmentedRaftLogWorker (SegmentedRaftLogWorker.java:<init>(173)) - new df16aec3-050f-40e4-a922-70bdb89d4bf1@group-E7DAE29FA52D-SegmentedRaftLogWorker for RaftStorage:Storage Directory /workdir/hadoop-ozone/integration-test/target/test-dir/MiniOzoneClusterImpl-9caa682c-a503-45f4-84bb-f8dd249825f6/datanode-0/data/ratis/731c1a42-2944-48eb-8101-e7dae29fa52d
2019-11-14 22:49:19,402 [pool-507-thread-1] INFO  server.RaftServerConfigKeys (ConfUtils.java:logGet(43)) - raft.server.log.queue.byte-limit = 2147483647 (custom)
2019-11-14 22:49:19,402 [pool-507-thread-1] INFO  server.RaftServerConfigKeys (ConfUtils.java:logGet(43)) - raft.server.log.queue.element-limit = 1024 (custom)
2019-11-14 22:49:19,402 [pool-507-thread-1] INFO  server.RaftServerConfigKeys (ConfUtils.java:logGet(43)) - raft.server.log.segment.size.max = 1048576 (custom)
2019-11-14 22:49:19,402 [pool-507-thread-1] INFO  server.RaftServerConfigKeys (ConfUtils.java:logGet(43)) - raft.server.log.preallocated.size = 16384 (custom)
2019-11-14 22:49:19,402 [pool-507-thread-1] INFO  server.RaftServerConfigKeys (ConfUtils.java:logGet(43)) - raft.server.log.write.buffer.size = 33554432 (custom)
2019-11-14 22:49:19,402 [pool-507-thread-1] INFO  server.RaftServerConfigKeys (ConfUtils.java:logGet(43)) - raft.server.log.force.sync.num = 128 (default)
2019-11-14 22:49:19,402 [pool-507-thread-1] INFO  server.RaftServerConfigKeys (ConfUtils.java:logGet(43)) - raft.server.log.statemachine.data.sync = true (default)
2019-11-14 22:49:19,402 [pool-507-thread-1] INFO  server.RaftServerConfigKeys (ConfUtils.java:logGet(43)) - raft.server.log.statemachine.data.sync.timeout = 10s (default)
2019-11-14 22:49:19,403 [pool-507-thread-1] INFO  server.RaftServerConfigKeys (ConfUtils.java:logGet(43)) - raft.server.log.statemachine.data.sync.timeout.retry = -1 (default)
2019-11-14 22:49:19,403 [pool-507-thread-1] INFO  server.RaftServerConfigKeys (ConfUtils.java:logGet(43)) - raft.server.log.statemachine.data.caching.enabled = true (custom)
2019-11-14 22:49:19,403 [pool-507-thread-1] INFO  segmented.SegmentedRaftLogWorker (SegmentedRaftLogWorker.java:lambda$new$0(128)) - df16aec3-050f-40e4-a922-70bdb89d4bf1@group-E7DAE29FA52D-SegmentedRaftLogWorker: flushIndex: setUnconditionally 0 -> -1
2019-11-14 22:49:19,403 [pool-507-thread-1] INFO  server.RaftServerConfigKeys (ConfUtils.java:logGet(43)) - raft.server.snapshot.auto.trigger.enabled = true (custom)
2019-11-14 22:49:19,404 [pool-507-thread-1] INFO  server.RaftServerConfigKeys (ConfUtils.java:logGet(43)) - raft.server.snapshot.auto.trigger.threshold = 10000 (custom)
2019-11-14 22:49:19,404 [pool-507-thread-1] INFO  server.RaftServerConfigKeys (ConfUtils.java:logGet(43)) - raft.server.snapshot.retention.file.num = 5 (custom)
2019-11-14 22:49:19,404 [pool-507-thread-1] INFO  server.RaftServerConfigKeys (ConfUtils.java:logGet(43)) - raft.server.retrycache.expirytime = 600000ms (custom)
2019-11-14 22:49:19,404 [pool-507-thread-1] WARN  impl.MetricRegistriesImpl (MetricRegistriesImpl.java:lambda$create$1(61)) - First MetricRegistry has been created without registering reporters. You may need to call MetricRegistries.global().addReportRegistration(...) before.
2019-11-14 22:49:19,404 [pool-507-thread-1] WARN  impl.MetricRegistriesImpl (MetricRegistriesImpl.java:lambda$create$1(61)) - First MetricRegistry has been created without registering reporters. You may need to call MetricRegistries.global().addReportRegistration(...) before.
2019-11-14 22:49:19,404 [pool-507-thread-1] INFO  impl.RaftServerImpl (RaftServerImpl.java:start(184)) - df16aec3-050f-40e4-a922-70bdb89d4bf1@group-E7DAE29FA52D: start as a follower, conf=-1: [df16aec3-050f-40e4-a922-70bdb89d4bf1:192.168.69.106:44144], old=null
2019-11-14 22:49:19,404 [pool-507-thread-1] INFO  impl.RaftServerImpl (RaftServerImpl.java:setRole(173)) - df16aec3-050f-40e4-a922-70bdb89d4bf1@group-E7DAE29FA52D: changes role from      null to FOLLOWER at term 0 for startAsFollower
2019-11-14 22:49:19,404 [pool-507-thread-1] INFO  impl.RoleInfo (RoleInfo.java:updateAndGet(143)) - df16aec3-050f-40e4-a922-70bdb89d4bf1: start FollowerState
2019-11-14 22:49:19,405 [pool-507-thread-1] INFO  util.JmxRegister (JmxRegister.java:tryRegister(44)) - Successfully registered JMX Bean with object name Ratis:service=RaftServer,group=group-E7DAE29FA52D,id=df16aec3-050f-40e4-a922-70bdb89d4bf1
2019-11-14 22:49:19,405 [pool-507-thread-1] WARN  impl.MetricRegistriesImpl (MetricRegistriesImpl.java:lambda$create$1(61)) - First MetricRegistry has been created without registering reporters. You may need to call MetricRegistries.global().addReportRegistration(...) before.
2019-11-14 22:49:19,409 [RatisPipelineUtilsThread] INFO  pipeline.PipelineStateManager (PipelineStateManager.java:addPipeline(55)) - Created pipeline Pipeline[ Id: 731c1a42-2944-48eb-8101-e7dae29fa52d, Nodes: df16aec3-050f-40e4-a922-70bdb89d4bf1{ip: 192.168.69.106, host: pr-hdds-2494-dtfqw-3996435450, networkLocation: /rack1, certSerialId: null}, Type:RATIS, Factor:ONE, State:ALLOCATED]
2019-11-14 22:49:19,416 [grpc-default-executor-5] INFO  impl.RaftServerProxy (RaftServerProxy.java:addNew(89)) - dafdef77-e865-403b-bc5e-c37989f56ddc: addNew group-73C3EDC0222E:[dafdef77-e865-403b-bc5e-c37989f56ddc:192.168.69.106:34201] returns group-73C3EDC0222E:java.util.concurrent.CompletableFuture@71744f1c[Not completed]
2019-11-14 22:49:19,416 [pool-517-thread-1] INFO  impl.RaftServerImpl (RaftServerImpl.java:<init>(98)) - dafdef77-e865-403b-bc5e-c37989f56ddc: new RaftServerImpl for group-73C3EDC0222E:[dafdef77-e865-403b-bc5e-c37989f56ddc:192.168.69.106:34201] with ContainerStateMachine:uninitialized
2019-11-14 22:49:19,417 [pool-517-thread-1] INFO  server.RaftServerConfigKeys (ConfUtils.java:logGet(43)) - raft.server.rpc.timeout.min = 1s (custom)
2019-11-14 22:49:19,417 [pool-517-thread-1] INFO  server.RaftServerConfigKeys (ConfUtils.java:logGet(43)) - raft.server.rpc.timeout.max = 1200ms (custom)
2019-11-14 22:49:19,417 [pool-517-thread-1] INFO  server.RaftServerConfigKeys (ConfUtils.java:logGet(43)) - raft.server.rpcslowness.timeout = 120s (custom)
2019-11-14 22:49:19,417 [pool-517-thread-1] INFO  server.RaftServerConfigKeys (ConfUtils.java:logGet(43)) - raft.server.sleep.deviation.threshold = 300 (default)
2019-11-14 22:49:19,417 [pool-517-thread-1] INFO  server.RaftServerConfigKeys (ConfUtils.java:logGet(43)) - raft.server.log.appender.install.snapshot.enabled = false (custom)
2019-11-14 22:49:19,417 [pool-517-thread-1] INFO  impl.RaftServerImpl (ServerState.java:<init>(103)) - dafdef77-e865-403b-bc5e-c37989f56ddc@group-73C3EDC0222E: ConfigurationManager, init=-1: [dafdef77-e865-403b-bc5e-c37989f56ddc:192.168.69.106:34201], old=null, confs=<EMPTY_MAP>
2019-11-14 22:49:19,417 [pool-517-thread-1] INFO  server.RaftServerConfigKeys (ConfUtils.java:logGet(43)) - raft.server.storage.dir = [/workdir/hadoop-ozone/integration-test/target/test-dir/MiniOzoneClusterImpl-9caa682c-a503-45f4-84bb-f8dd249825f6/datanode-1/data/ratis] (custom)
2019-11-14 22:49:19,417 [pool-517-thread-1] INFO  server.RaftServerConfigKeys (ConfUtils.java:logGet(43)) - raft.server.log.corruption.policy = EXCEPTION (default)
2019-11-14 22:49:19,417 [pool-517-thread-1] INFO  storage.RaftStorageDirectory (RaftStorageDirectory.java:analyzeStorage(246)) - The storage directory /workdir/hadoop-ozone/integration-test/target/test-dir/MiniOzoneClusterImpl-9caa682c-a503-45f4-84bb-f8dd249825f6/datanode-1/data/ratis/ac361a41-4301-4768-9258-73c3edc0222e does not exist. Creating ...
2019-11-14 22:49:19,443 [pool-517-thread-1] INFO  storage.RaftStorageDirectory (RaftStorageDirectory.java:tryLock(328)) - Lock on /workdir/hadoop-ozone/integration-test/target/test-dir/MiniOzoneClusterImpl-9caa682c-a503-45f4-84bb-f8dd249825f6/datanode-1/data/ratis/ac361a41-4301-4768-9258-73c3edc0222e/in_use.lock acquired by nodename 339@pr-hdds-2494-dtfqw-3996435450
2019-11-14 22:49:19,447 [IPC Server handler 0 on 44118] INFO  net.NetworkTopology (NetworkTopologyImpl.java:add(111)) - Added a new node: /rack1/720981dd-80b6-4b59-8027-74344e9fba7b
2019-11-14 22:49:19,448 [IPC Server handler 0 on 44118] INFO  node.SCMNodeManager (SCMNodeManager.java:register(267)) - Registered Data node : 720981dd-80b6-4b59-8027-74344e9fba7b{ip: 192.168.69.106, host: pr-hdds-2494-dtfqw-3996435450, networkLocation: /rack1, certSerialId: null}
2019-11-14 22:49:19,468 [pool-517-thread-1] INFO  storage.RaftStorage (RaftStorage.java:format(84)) - Storage directory /workdir/hadoop-ozone/integration-test/target/test-dir/MiniOzoneClusterImpl-9caa682c-a503-45f4-84bb-f8dd249825f6/datanode-1/data/ratis/ac361a41-4301-4768-9258-73c3edc0222e has been successfully formatted.
2019-11-14 22:49:19,468 [pool-517-thread-1] INFO  ratis.ContainerStateMachine (ContainerStateMachine.java:loadSnapshot(223)) - group-73C3EDC0222E: The snapshot info is null. Setting the last applied indexto:(t:0, i:~)
2019-11-14 22:49:19,468 [pool-517-thread-1] INFO  server.RaftServerConfigKeys (ConfUtils.java:logGet(43)) - raft.server.notification.no-leader.timeout = 120s (custom)
2019-11-14 22:49:19,468 [pool-517-thread-1] INFO  server.RaftServerConfigKeys (ConfUtils.java:logGet(43)) - raft.server.log.use.memory = false (default)
2019-11-14 22:49:19,468 [pool-517-thread-1] INFO  server.RaftServerConfigKeys (ConfUtils.java:logGet(43)) - raft.server.log.purge.gap = 1000000 (custom)
2019-11-14 22:49:19,469 [pool-517-thread-1] INFO  server.RaftServerConfigKeys (ConfUtils.java:logGet(43)) - raft.server.log.appender.buffer.byte-limit = 33554432 (custom)
2019-11-14 22:49:19,469 [pool-517-thread-1] INFO  server.RaftServerConfigKeys (ConfUtils.java:logGet(43)) - raft.server.log.segment.size.max = 1048576 (custom)
2019-11-14 22:49:19,469 [pool-517-thread-1] WARN  impl.MetricRegistriesImpl (MetricRegistriesImpl.java:lambda$create$1(61)) - First MetricRegistry has been created without registering reporters. You may need to call MetricRegistries.global().addReportRegistration(...) before.
2019-11-14 22:49:19,469 [pool-517-thread-1] INFO  server.RaftServerConfigKeys (ConfUtils.java:logGet(43)) - raft.server.log.segment.cache.num.max = 2 (custom)
2019-11-14 22:49:19,469 [pool-517-thread-1] INFO  segmented.SegmentedRaftLogWorker (SegmentedRaftLogWorker.java:<init>(173)) - new dafdef77-e865-403b-bc5e-c37989f56ddc@group-73C3EDC0222E-SegmentedRaftLogWorker for RaftStorage:Storage Directory /workdir/hadoop-ozone/integration-test/target/test-dir/MiniOzoneClusterImpl-9caa682c-a503-45f4-84bb-f8dd249825f6/datanode-1/data/ratis/ac361a41-4301-4768-9258-73c3edc0222e
2019-11-14 22:49:19,469 [pool-517-thread-1] INFO  server.RaftServerConfigKeys (ConfUtils.java:logGet(43)) - raft.server.log.queue.byte-limit = 2147483647 (custom)
2019-11-14 22:49:19,469 [pool-517-thread-1] INFO  server.RaftServerConfigKeys (ConfUtils.java:logGet(43)) - raft.server.log.queue.element-limit = 1024 (custom)
2019-11-14 22:49:19,469 [pool-517-thread-1] INFO  server.RaftServerConfigKeys (ConfUtils.java:logGet(43)) - raft.server.log.segment.size.max = 1048576 (custom)
2019-11-14 22:49:19,469 [pool-517-thread-1] INFO  server.RaftServerConfigKeys (ConfUtils.java:logGet(43)) - raft.server.log.preallocated.size = 16384 (custom)
2019-11-14 22:49:19,469 [pool-517-thread-1] INFO  server.RaftServerConfigKeys (ConfUtils.java:logGet(43)) - raft.server.log.write.buffer.size = 33554432 (custom)
2019-11-14 22:49:19,469 [pool-517-thread-1] INFO  server.RaftServerConfigKeys (ConfUtils.java:logGet(43)) - raft.server.log.force.sync.num = 128 (default)
2019-11-14 22:49:19,469 [pool-517-thread-1] INFO  server.RaftServerConfigKeys (ConfUtils.java:logGet(43)) - raft.server.log.statemachine.data.sync = true (default)
2019-11-14 22:49:19,469 [pool-517-thread-1] INFO  server.RaftServerConfigKeys (ConfUtils.java:logGet(43)) - raft.server.log.statemachine.data.sync.timeout = 10s (default)
2019-11-14 22:49:19,469 [pool-517-thread-1] INFO  server.RaftServerConfigKeys (ConfUtils.java:logGet(43)) - raft.server.log.statemachine.data.sync.timeout.retry = -1 (default)
2019-11-14 22:49:19,470 [pool-517-thread-1] INFO  server.RaftServerConfigKeys (ConfUtils.java:logGet(43)) - raft.server.log.statemachine.data.caching.enabled = true (custom)
2019-11-14 22:49:19,470 [pool-517-thread-1] INFO  segmented.SegmentedRaftLogWorker (SegmentedRaftLogWorker.java:lambda$new$0(128)) - dafdef77-e865-403b-bc5e-c37989f56ddc@group-73C3EDC0222E-SegmentedRaftLogWorker: flushIndex: setUnconditionally 0 -> -1
2019-11-14 22:49:19,470 [pool-517-thread-1] INFO  server.RaftServerConfigKeys (ConfUtils.java:logGet(43)) - raft.server.snapshot.auto.trigger.enabled = true (custom)
2019-11-14 22:49:19,470 [pool-517-thread-1] INFO  server.RaftServerConfigKeys (ConfUtils.java:logGet(43)) - raft.server.snapshot.auto.trigger.threshold = 10000 (custom)
2019-11-14 22:49:19,470 [pool-517-thread-1] INFO  server.RaftServerConfigKeys (ConfUtils.java:logGet(43)) - raft.server.snapshot.retention.file.num = 5 (custom)
2019-11-14 22:49:19,470 [pool-517-thread-1] INFO  server.RaftServerConfigKeys (ConfUtils.java:logGet(43)) - raft.server.retrycache.expirytime = 600000ms (custom)
2019-11-14 22:49:19,470 [pool-517-thread-1] WARN  impl.MetricRegistriesImpl (MetricRegistriesImpl.java:lambda$create$1(61)) - First MetricRegistry has been created without registering reporters. You may need to call MetricRegistries.global().addReportRegistration(...) before.
2019-11-14 22:49:19,470 [pool-517-thread-1] WARN  impl.MetricRegistriesImpl (MetricRegistriesImpl.java:lambda$create$1(61)) - First MetricRegistry has been created without registering reporters. You may need to call MetricRegistries.global().addReportRegistration(...) before.
2019-11-14 22:49:19,470 [pool-517-thread-1] INFO  impl.RaftServerImpl (RaftServerImpl.java:start(184)) - dafdef77-e865-403b-bc5e-c37989f56ddc@group-73C3EDC0222E: start as a follower, conf=-1: [dafdef77-e865-403b-bc5e-c37989f56ddc:192.168.69.106:34201], old=null
2019-11-14 22:49:19,471 [pool-517-thread-1] INFO  impl.RaftServerImpl (RaftServerImpl.java:setRole(173)) - dafdef77-e865-403b-bc5e-c37989f56ddc@group-73C3EDC0222E: changes role from      null to FOLLOWER at term 0 for startAsFollower
2019-11-14 22:49:19,471 [pool-517-thread-1] INFO  impl.RoleInfo (RoleInfo.java:updateAndGet(143)) - dafdef77-e865-403b-bc5e-c37989f56ddc: start FollowerState
2019-11-14 22:49:19,471 [pool-517-thread-1] INFO  util.JmxRegister (JmxRegister.java:tryRegister(44)) - Successfully registered JMX Bean with object name Ratis:service=RaftServer,group=group-73C3EDC0222E,id=dafdef77-e865-403b-bc5e-c37989f56ddc
2019-11-14 22:49:19,471 [pool-517-thread-1] WARN  impl.MetricRegistriesImpl (MetricRegistriesImpl.java:lambda$create$1(61)) - First MetricRegistry has been created without registering reporters. You may need to call MetricRegistries.global().addReportRegistration(...) before.
2019-11-14 22:49:19,473 [RatisPipelineUtilsThread] INFO  pipeline.PipelineStateManager (PipelineStateManager.java:addPipeline(55)) - Created pipeline Pipeline[ Id: ac361a41-4301-4768-9258-73c3edc0222e, Nodes: dafdef77-e865-403b-bc5e-c37989f56ddc{ip: 192.168.69.106, host: pr-hdds-2494-dtfqw-3996435450, networkLocation: /rack1, certSerialId: null}, Type:RATIS, Factor:ONE, State:ALLOCATED]
2019-11-14 22:49:19,479 [grpc-default-executor-5] INFO  impl.RaftServerProxy (RaftServerProxy.java:addNew(89)) - 720981dd-80b6-4b59-8027-74344e9fba7b: addNew group-1B15C5E1E827:[720981dd-80b6-4b59-8027-74344e9fba7b:192.168.69.106:33190] returns group-1B15C5E1E827:java.util.concurrent.CompletableFuture@547432d[Not completed]
2019-11-14 22:49:19,480 [pool-527-thread-1] INFO  impl.RaftServerImpl (RaftServerImpl.java:<init>(98)) - 720981dd-80b6-4b59-8027-74344e9fba7b: new RaftServerImpl for group-1B15C5E1E827:[720981dd-80b6-4b59-8027-74344e9fba7b:192.168.69.106:33190] with ContainerStateMachine:uninitialized
2019-11-14 22:49:19,481 [pool-527-thread-1] INFO  server.RaftServerConfigKeys (ConfUtils.java:logGet(43)) - raft.server.rpc.timeout.min = 1s (custom)
2019-11-14 22:49:19,481 [pool-527-thread-1] INFO  server.RaftServerConfigKeys (ConfUtils.java:logGet(43)) - raft.server.rpc.timeout.max = 1200ms (custom)
2019-11-14 22:49:19,481 [pool-527-thread-1] INFO  server.RaftServerConfigKeys (ConfUtils.java:logGet(43)) - raft.server.rpcslowness.timeout = 120s (custom)
2019-11-14 22:49:19,481 [pool-527-thread-1] INFO  server.RaftServerConfigKeys (ConfUtils.java:logGet(43)) - raft.server.sleep.deviation.threshold = 300 (default)
2019-11-14 22:49:19,481 [pool-527-thread-1] INFO  server.RaftServerConfigKeys (ConfUtils.java:logGet(43)) - raft.server.log.appender.install.snapshot.enabled = false (custom)
2019-11-14 22:49:19,481 [pool-527-thread-1] INFO  impl.RaftServerImpl (ServerState.java:<init>(103)) - 720981dd-80b6-4b59-8027-74344e9fba7b@group-1B15C5E1E827: ConfigurationManager, init=-1: [720981dd-80b6-4b59-8027-74344e9fba7b:192.168.69.106:33190], old=null, confs=<EMPTY_MAP>
2019-11-14 22:49:19,481 [pool-527-thread-1] INFO  server.RaftServerConfigKeys (ConfUtils.java:logGet(43)) - raft.server.storage.dir = [/workdir/hadoop-ozone/integration-test/target/test-dir/MiniOzoneClusterImpl-9caa682c-a503-45f4-84bb-f8dd249825f6/datanode-2/data/ratis] (custom)
2019-11-14 22:49:19,482 [pool-527-thread-1] INFO  server.RaftServerConfigKeys (ConfUtils.java:logGet(43)) - raft.server.log.corruption.policy = EXCEPTION (default)
2019-11-14 22:49:19,482 [pool-527-thread-1] INFO  storage.RaftStorageDirectory (RaftStorageDirectory.java:analyzeStorage(246)) - The storage directory /workdir/hadoop-ozone/integration-test/target/test-dir/MiniOzoneClusterImpl-9caa682c-a503-45f4-84bb-f8dd249825f6/datanode-2/data/ratis/239c002d-f2ae-458a-92f6-1b15c5e1e827 does not exist. Creating ...
2019-11-14 22:49:19,510 [pool-527-thread-1] INFO  storage.RaftStorageDirectory (RaftStorageDirectory.java:tryLock(328)) - Lock on /workdir/hadoop-ozone/integration-test/target/test-dir/MiniOzoneClusterImpl-9caa682c-a503-45f4-84bb-f8dd249825f6/datanode-2/data/ratis/239c002d-f2ae-458a-92f6-1b15c5e1e827/in_use.lock acquired by nodename 339@pr-hdds-2494-dtfqw-3996435450
2019-11-14 22:49:19,523 [IPC Server handler 3 on 44118] INFO  net.NetworkTopology (NetworkTopologyImpl.java:add(111)) - Added a new node: /rack1/ce51abe9-fc49-4310-abba-812881959ce0
2019-11-14 22:49:19,523 [IPC Server handler 3 on 44118] INFO  node.SCMNodeManager (SCMNodeManager.java:register(267)) - Registered Data node : ce51abe9-fc49-4310-abba-812881959ce0{ip: 192.168.69.106, host: pr-hdds-2494-dtfqw-3996435450, networkLocation: /rack1, certSerialId: null}
2019-11-14 22:49:19,536 [pool-527-thread-1] INFO  storage.RaftStorage (RaftStorage.java:format(84)) - Storage directory /workdir/hadoop-ozone/integration-test/target/test-dir/MiniOzoneClusterImpl-9caa682c-a503-45f4-84bb-f8dd249825f6/datanode-2/data/ratis/239c002d-f2ae-458a-92f6-1b15c5e1e827 has been successfully formatted.
2019-11-14 22:49:19,536 [pool-527-thread-1] INFO  ratis.ContainerStateMachine (ContainerStateMachine.java:loadSnapshot(223)) - group-1B15C5E1E827: The snapshot info is null. Setting the last applied indexto:(t:0, i:~)
2019-11-14 22:49:19,536 [pool-527-thread-1] INFO  server.RaftServerConfigKeys (ConfUtils.java:logGet(43)) - raft.server.notification.no-leader.timeout = 120s (custom)
2019-11-14 22:49:19,537 [pool-527-thread-1] INFO  server.RaftServerConfigKeys (ConfUtils.java:logGet(43)) - raft.server.log.use.memory = false (default)
2019-11-14 22:49:19,537 [pool-527-thread-1] INFO  server.RaftServerConfigKeys (ConfUtils.java:logGet(43)) - raft.server.log.purge.gap = 1000000 (custom)
2019-11-14 22:49:19,537 [pool-527-thread-1] INFO  server.RaftServerConfigKeys (ConfUtils.java:logGet(43)) - raft.server.log.appender.buffer.byte-limit = 33554432 (custom)
2019-11-14 22:49:19,537 [pool-527-thread-1] INFO  server.RaftServerConfigKeys (ConfUtils.java:logGet(43)) - raft.server.log.segment.size.max = 1048576 (custom)
2019-11-14 22:49:19,537 [pool-527-thread-1] WARN  impl.MetricRegistriesImpl (MetricRegistriesImpl.java:lambda$create$1(61)) - First MetricRegistry has been created without registering reporters. You may need to call MetricRegistries.global().addReportRegistration(...) before.
2019-11-14 22:49:19,537 [pool-527-thread-1] INFO  server.RaftServerConfigKeys (ConfUtils.java:logGet(43)) - raft.server.log.segment.cache.num.max = 2 (custom)
2019-11-14 22:49:19,538 [pool-527-thread-1] INFO  segmented.SegmentedRaftLogWorker (SegmentedRaftLogWorker.java:<init>(173)) - new 720981dd-80b6-4b59-8027-74344e9fba7b@group-1B15C5E1E827-SegmentedRaftLogWorker for RaftStorage:Storage Directory /workdir/hadoop-ozone/integration-test/target/test-dir/MiniOzoneClusterImpl-9caa682c-a503-45f4-84bb-f8dd249825f6/datanode-2/data/ratis/239c002d-f2ae-458a-92f6-1b15c5e1e827
2019-11-14 22:49:19,538 [pool-527-thread-1] INFO  server.RaftServerConfigKeys (ConfUtils.java:logGet(43)) - raft.server.log.queue.byte-limit = 2147483647 (custom)
2019-11-14 22:49:19,538 [pool-527-thread-1] INFO  server.RaftServerConfigKeys (ConfUtils.java:logGet(43)) - raft.server.log.queue.element-limit = 1024 (custom)
2019-11-14 22:49:19,538 [pool-527-thread-1] INFO  server.RaftServerConfigKeys (ConfUtils.java:logGet(43)) - raft.server.log.segment.size.max = 1048576 (custom)
2019-11-14 22:49:19,538 [pool-527-thread-1] INFO  server.RaftServerConfigKeys (ConfUtils.java:logGet(43)) - raft.server.log.preallocated.size = 16384 (custom)
2019-11-14 22:49:19,538 [pool-527-thread-1] INFO  server.RaftServerConfigKeys (ConfUtils.java:logGet(43)) - raft.server.log.write.buffer.size = 33554432 (custom)
2019-11-14 22:49:19,538 [pool-527-thread-1] INFO  server.RaftServerConfigKeys (ConfUtils.java:logGet(43)) - raft.server.log.force.sync.num = 128 (default)
2019-11-14 22:49:19,538 [pool-527-thread-1] INFO  server.RaftServerConfigKeys (ConfUtils.java:logGet(43)) - raft.server.log.statemachine.data.sync = true (default)
2019-11-14 22:49:19,539 [pool-527-thread-1] INFO  server.RaftServerConfigKeys (ConfUtils.java:logGet(43)) - raft.server.log.statemachine.data.sync.timeout = 10s (default)
2019-11-14 22:49:19,539 [pool-527-thread-1] INFO  server.RaftServerConfigKeys (ConfUtils.java:logGet(43)) - raft.server.log.statemachine.data.sync.timeout.retry = -1 (default)
2019-11-14 22:49:19,539 [pool-527-thread-1] INFO  server.RaftServerConfigKeys (ConfUtils.java:logGet(43)) - raft.server.log.statemachine.data.caching.enabled = true (custom)
2019-11-14 22:49:19,539 [pool-527-thread-1] INFO  segmented.SegmentedRaftLogWorker (SegmentedRaftLogWorker.java:lambda$new$0(128)) - 720981dd-80b6-4b59-8027-74344e9fba7b@group-1B15C5E1E827-SegmentedRaftLogWorker: flushIndex: setUnconditionally 0 -> -1
2019-11-14 22:49:19,540 [pool-527-thread-1] INFO  server.RaftServerConfigKeys (ConfUtils.java:logGet(43)) - raft.server.snapshot.auto.trigger.enabled = true (custom)
2019-11-14 22:49:19,540 [pool-527-thread-1] INFO  server.RaftServerConfigKeys (ConfUtils.java:logGet(43)) - raft.server.snapshot.auto.trigger.threshold = 10000 (custom)
2019-11-14 22:49:19,540 [pool-527-thread-1] INFO  server.RaftServerConfigKeys (ConfUtils.java:logGet(43)) - raft.server.snapshot.retention.file.num = 5 (custom)
2019-11-14 22:49:19,540 [pool-527-thread-1] INFO  server.RaftServerConfigKeys (ConfUtils.java:logGet(43)) - raft.server.retrycache.expirytime = 600000ms (custom)
2019-11-14 22:49:19,541 [pool-527-thread-1] WARN  impl.MetricRegistriesImpl (MetricRegistriesImpl.java:lambda$create$1(61)) - First MetricRegistry has been created without registering reporters. You may need to call MetricRegistries.global().addReportRegistration(...) before.
2019-11-14 22:49:19,541 [pool-527-thread-1] WARN  impl.MetricRegistriesImpl (MetricRegistriesImpl.java:lambda$create$1(61)) - First MetricRegistry has been created without registering reporters. You may need to call MetricRegistries.global().addReportRegistration(...) before.
2019-11-14 22:49:19,541 [pool-527-thread-1] INFO  impl.RaftServerImpl (RaftServerImpl.java:start(184)) - 720981dd-80b6-4b59-8027-74344e9fba7b@group-1B15C5E1E827: start as a follower, conf=-1: [720981dd-80b6-4b59-8027-74344e9fba7b:192.168.69.106:33190], old=null
2019-11-14 22:49:19,541 [pool-527-thread-1] INFO  impl.RaftServerImpl (RaftServerImpl.java:setRole(173)) - 720981dd-80b6-4b59-8027-74344e9fba7b@group-1B15C5E1E827: changes role from      null to FOLLOWER at term 0 for startAsFollower
2019-11-14 22:49:19,541 [pool-527-thread-1] INFO  impl.RoleInfo (RoleInfo.java:updateAndGet(143)) - 720981dd-80b6-4b59-8027-74344e9fba7b: start FollowerState
2019-11-14 22:49:19,542 [pool-527-thread-1] INFO  util.JmxRegister (JmxRegister.java:tryRegister(44)) - Successfully registered JMX Bean with object name Ratis:service=RaftServer,group=group-1B15C5E1E827,id=720981dd-80b6-4b59-8027-74344e9fba7b
2019-11-14 22:49:19,542 [pool-527-thread-1] WARN  impl.MetricRegistriesImpl (MetricRegistriesImpl.java:lambda$create$1(61)) - First MetricRegistry has been created without registering reporters. You may need to call MetricRegistries.global().addReportRegistration(...) before.
2019-11-14 22:49:19,545 [RatisPipelineUtilsThread] INFO  pipeline.PipelineStateManager (PipelineStateManager.java:addPipeline(55)) - Created pipeline Pipeline[ Id: 239c002d-f2ae-458a-92f6-1b15c5e1e827, Nodes: 720981dd-80b6-4b59-8027-74344e9fba7b{ip: 192.168.69.106, host: pr-hdds-2494-dtfqw-3996435450, networkLocation: /rack1, certSerialId: null}, Type:RATIS, Factor:ONE, State:ALLOCATED]
2019-11-14 22:49:19,551 [grpc-default-executor-5] INFO  impl.RaftServerProxy (RaftServerProxy.java:addNew(89)) - ce51abe9-fc49-4310-abba-812881959ce0: addNew group-D69059C5788C:[ce51abe9-fc49-4310-abba-812881959ce0:192.168.69.106:37982] returns group-D69059C5788C:java.util.concurrent.CompletableFuture@bb78f4a[Not completed]
2019-11-14 22:49:19,552 [pool-537-thread-1] INFO  impl.RaftServerImpl (RaftServerImpl.java:<init>(98)) - ce51abe9-fc49-4310-abba-812881959ce0: new RaftServerImpl for group-D69059C5788C:[ce51abe9-fc49-4310-abba-812881959ce0:192.168.69.106:37982] with ContainerStateMachine:uninitialized
2019-11-14 22:49:19,553 [pool-537-thread-1] INFO  server.RaftServerConfigKeys (ConfUtils.java:logGet(43)) - raft.server.rpc.timeout.min = 1s (custom)
2019-11-14 22:49:19,553 [pool-537-thread-1] INFO  server.RaftServerConfigKeys (ConfUtils.java:logGet(43)) - raft.server.rpc.timeout.max = 1200ms (custom)
2019-11-14 22:49:19,553 [pool-537-thread-1] INFO  server.RaftServerConfigKeys (ConfUtils.java:logGet(43)) - raft.server.rpcslowness.timeout = 120s (custom)
2019-11-14 22:49:19,553 [pool-537-thread-1] INFO  server.RaftServerConfigKeys (ConfUtils.java:logGet(43)) - raft.server.sleep.deviation.threshold = 300 (default)
2019-11-14 22:49:19,553 [pool-537-thread-1] INFO  server.RaftServerConfigKeys (ConfUtils.java:logGet(43)) - raft.server.log.appender.install.snapshot.enabled = false (custom)
2019-11-14 22:49:19,553 [pool-537-thread-1] INFO  impl.RaftServerImpl (ServerState.java:<init>(103)) - ce51abe9-fc49-4310-abba-812881959ce0@group-D69059C5788C: ConfigurationManager, init=-1: [ce51abe9-fc49-4310-abba-812881959ce0:192.168.69.106:37982], old=null, confs=<EMPTY_MAP>
2019-11-14 22:49:19,553 [pool-537-thread-1] INFO  server.RaftServerConfigKeys (ConfUtils.java:logGet(43)) - raft.server.storage.dir = [/workdir/hadoop-ozone/integration-test/target/test-dir/MiniOzoneClusterImpl-9caa682c-a503-45f4-84bb-f8dd249825f6/datanode-3/data/ratis] (custom)
2019-11-14 22:49:19,553 [pool-537-thread-1] INFO  server.RaftServerConfigKeys (ConfUtils.java:logGet(43)) - raft.server.log.corruption.policy = EXCEPTION (default)
2019-11-14 22:49:19,554 [pool-537-thread-1] INFO  storage.RaftStorageDirectory (RaftStorageDirectory.java:analyzeStorage(246)) - The storage directory /workdir/hadoop-ozone/integration-test/target/test-dir/MiniOzoneClusterImpl-9caa682c-a503-45f4-84bb-f8dd249825f6/datanode-3/data/ratis/a2bac080-9bd8-47a9-a5db-d69059c5788c does not exist. Creating ...
2019-11-14 22:49:19,578 [pool-537-thread-1] INFO  storage.RaftStorageDirectory (RaftStorageDirectory.java:tryLock(328)) - Lock on /workdir/hadoop-ozone/integration-test/target/test-dir/MiniOzoneClusterImpl-9caa682c-a503-45f4-84bb-f8dd249825f6/datanode-3/data/ratis/a2bac080-9bd8-47a9-a5db-d69059c5788c/in_use.lock acquired by nodename 339@pr-hdds-2494-dtfqw-3996435450
2019-11-14 22:49:19,604 [pool-537-thread-1] INFO  storage.RaftStorage (RaftStorage.java:format(84)) - Storage directory /workdir/hadoop-ozone/integration-test/target/test-dir/MiniOzoneClusterImpl-9caa682c-a503-45f4-84bb-f8dd249825f6/datanode-3/data/ratis/a2bac080-9bd8-47a9-a5db-d69059c5788c has been successfully formatted.
2019-11-14 22:49:19,604 [pool-537-thread-1] INFO  ratis.ContainerStateMachine (ContainerStateMachine.java:loadSnapshot(223)) - group-D69059C5788C: The snapshot info is null. Setting the last applied indexto:(t:0, i:~)
2019-11-14 22:49:19,604 [pool-537-thread-1] INFO  server.RaftServerConfigKeys (ConfUtils.java:logGet(43)) - raft.server.notification.no-leader.timeout = 120s (custom)
2019-11-14 22:49:19,604 [pool-537-thread-1] INFO  server.RaftServerConfigKeys (ConfUtils.java:logGet(43)) - raft.server.log.use.memory = false (default)
2019-11-14 22:49:19,604 [pool-537-thread-1] INFO  server.RaftServerConfigKeys (ConfUtils.java:logGet(43)) - raft.server.log.purge.gap = 1000000 (custom)
2019-11-14 22:49:19,604 [pool-537-thread-1] INFO  server.RaftServerConfigKeys (ConfUtils.java:logGet(43)) - raft.server.log.appender.buffer.byte-limit = 33554432 (custom)
2019-11-14 22:49:19,605 [pool-537-thread-1] INFO  server.RaftServerConfigKeys (ConfUtils.java:logGet(43)) - raft.server.log.segment.size.max = 1048576 (custom)
2019-11-14 22:49:19,605 [pool-537-thread-1] WARN  impl.MetricRegistriesImpl (MetricRegistriesImpl.java:lambda$create$1(61)) - First MetricRegistry has been created without registering reporters. You may need to call MetricRegistries.global().addReportRegistration(...) before.
2019-11-14 22:49:19,605 [pool-537-thread-1] INFO  server.RaftServerConfigKeys (ConfUtils.java:logGet(43)) - raft.server.log.segment.cache.num.max = 2 (custom)
2019-11-14 22:49:19,605 [IPC Server handler 4 on 44118] INFO  net.NetworkTopology (NetworkTopologyImpl.java:add(111)) - Added a new node: /rack1/ec693a0a-7ab2-40db-baa2-190e1e2b8078
2019-11-14 22:49:19,605 [pool-537-thread-1] INFO  segmented.SegmentedRaftLogWorker (SegmentedRaftLogWorker.java:<init>(173)) - new ce51abe9-fc49-4310-abba-812881959ce0@group-D69059C5788C-SegmentedRaftLogWorker for RaftStorage:Storage Directory /workdir/hadoop-ozone/integration-test/target/test-dir/MiniOzoneClusterImpl-9caa682c-a503-45f4-84bb-f8dd249825f6/datanode-3/data/ratis/a2bac080-9bd8-47a9-a5db-d69059c5788c
2019-11-14 22:49:19,605 [IPC Server handler 4 on 44118] INFO  node.SCMNodeManager (SCMNodeManager.java:register(267)) - Registered Data node : ec693a0a-7ab2-40db-baa2-190e1e2b8078{ip: 192.168.69.106, host: pr-hdds-2494-dtfqw-3996435450, networkLocation: /rack1, certSerialId: null}
2019-11-14 22:49:19,605 [pool-537-thread-1] INFO  server.RaftServerConfigKeys (ConfUtils.java:logGet(43)) - raft.server.log.queue.byte-limit = 2147483647 (custom)
2019-11-14 22:49:19,605 [pool-537-thread-1] INFO  server.RaftServerConfigKeys (ConfUtils.java:logGet(43)) - raft.server.log.queue.element-limit = 1024 (custom)
2019-11-14 22:49:19,606 [pool-537-thread-1] INFO  server.RaftServerConfigKeys (ConfUtils.java:logGet(43)) - raft.server.log.segment.size.max = 1048576 (custom)
2019-11-14 22:49:19,606 [pool-537-thread-1] INFO  server.RaftServerConfigKeys (ConfUtils.java:logGet(43)) - raft.server.log.preallocated.size = 16384 (custom)
2019-11-14 22:49:19,606 [pool-537-thread-1] INFO  server.RaftServerConfigKeys (ConfUtils.java:logGet(43)) - raft.server.log.write.buffer.size = 33554432 (custom)
2019-11-14 22:49:19,606 [pool-537-thread-1] INFO  server.RaftServerConfigKeys (ConfUtils.java:logGet(43)) - raft.server.log.force.sync.num = 128 (default)
2019-11-14 22:49:19,606 [pool-537-thread-1] INFO  server.RaftServerConfigKeys (ConfUtils.java:logGet(43)) - raft.server.log.statemachine.data.sync = true (default)
2019-11-14 22:49:19,606 [pool-537-thread-1] INFO  server.RaftServerConfigKeys (ConfUtils.java:logGet(43)) - raft.server.log.statemachine.data.sync.timeout = 10s (default)
2019-11-14 22:49:19,606 [pool-537-thread-1] INFO  server.RaftServerConfigKeys (ConfUtils.java:logGet(43)) - raft.server.log.statemachine.data.sync.timeout.retry = -1 (default)
2019-11-14 22:49:19,607 [pool-537-thread-1] INFO  server.RaftServerConfigKeys (ConfUtils.java:logGet(43)) - raft.server.log.statemachine.data.caching.enabled = true (custom)
2019-11-14 22:49:19,607 [pool-537-thread-1] INFO  segmented.SegmentedRaftLogWorker (SegmentedRaftLogWorker.java:lambda$new$0(128)) - ce51abe9-fc49-4310-abba-812881959ce0@group-D69059C5788C-SegmentedRaftLogWorker: flushIndex: setUnconditionally 0 -> -1
2019-11-14 22:49:19,607 [pool-537-thread-1] INFO  server.RaftServerConfigKeys (ConfUtils.java:logGet(43)) - raft.server.snapshot.auto.trigger.enabled = true (custom)
2019-11-14 22:49:19,607 [pool-537-thread-1] INFO  server.RaftServerConfigKeys (ConfUtils.java:logGet(43)) - raft.server.snapshot.auto.trigger.threshold = 10000 (custom)
2019-11-14 22:49:19,608 [pool-537-thread-1] INFO  server.RaftServerConfigKeys (ConfUtils.java:logGet(43)) - raft.server.snapshot.retention.file.num = 5 (custom)
2019-11-14 22:49:19,608 [pool-537-thread-1] INFO  server.RaftServerConfigKeys (ConfUtils.java:logGet(43)) - raft.server.retrycache.expirytime = 600000ms (custom)
2019-11-14 22:49:19,608 [pool-537-thread-1] WARN  impl.MetricRegistriesImpl (MetricRegistriesImpl.java:lambda$create$1(61)) - First MetricRegistry has been created without registering reporters. You may need to call MetricRegistries.global().addReportRegistration(...) before.
2019-11-14 22:49:19,608 [pool-537-thread-1] WARN  impl.MetricRegistriesImpl (MetricRegistriesImpl.java:lambda$create$1(61)) - First MetricRegistry has been created without registering reporters. You may need to call MetricRegistries.global().addReportRegistration(...) before.
2019-11-14 22:49:19,608 [pool-537-thread-1] INFO  impl.RaftServerImpl (RaftServerImpl.java:start(184)) - ce51abe9-fc49-4310-abba-812881959ce0@group-D69059C5788C: start as a follower, conf=-1: [ce51abe9-fc49-4310-abba-812881959ce0:192.168.69.106:37982], old=null
2019-11-14 22:49:19,608 [pool-537-thread-1] INFO  impl.RaftServerImpl (RaftServerImpl.java:setRole(173)) - ce51abe9-fc49-4310-abba-812881959ce0@group-D69059C5788C: changes role from      null to FOLLOWER at term 0 for startAsFollower
2019-11-14 22:49:19,609 [pool-537-thread-1] INFO  impl.RoleInfo (RoleInfo.java:updateAndGet(143)) - ce51abe9-fc49-4310-abba-812881959ce0: start FollowerState
2019-11-14 22:49:19,609 [pool-537-thread-1] INFO  util.JmxRegister (JmxRegister.java:tryRegister(44)) - Successfully registered JMX Bean with object name Ratis:service=RaftServer,group=group-D69059C5788C,id=ce51abe9-fc49-4310-abba-812881959ce0
2019-11-14 22:49:19,609 [pool-537-thread-1] WARN  impl.MetricRegistriesImpl (MetricRegistriesImpl.java:lambda$create$1(61)) - First MetricRegistry has been created without registering reporters. You may need to call MetricRegistries.global().addReportRegistration(...) before.
2019-11-14 22:49:19,611 [RatisPipelineUtilsThread] INFO  pipeline.PipelineStateManager (PipelineStateManager.java:addPipeline(55)) - Created pipeline Pipeline[ Id: a2bac080-9bd8-47a9-a5db-d69059c5788c, Nodes: ce51abe9-fc49-4310-abba-812881959ce0{ip: 192.168.69.106, host: pr-hdds-2494-dtfqw-3996435450, networkLocation: /rack1, certSerialId: null}, Type:RATIS, Factor:ONE, State:ALLOCATED]
2019-11-14 22:49:19,619 [grpc-default-executor-5] INFO  impl.RaftServerProxy (RaftServerProxy.java:addNew(89)) - ec693a0a-7ab2-40db-baa2-190e1e2b8078: addNew group-E8AB2F7AB811:[ec693a0a-7ab2-40db-baa2-190e1e2b8078:192.168.69.106:46493] returns group-E8AB2F7AB811:java.util.concurrent.CompletableFuture@3f380a0c[Not completed]
2019-11-14 22:49:19,620 [pool-547-thread-1] INFO  impl.RaftServerImpl (RaftServerImpl.java:<init>(98)) - ec693a0a-7ab2-40db-baa2-190e1e2b8078: new RaftServerImpl for group-E8AB2F7AB811:[ec693a0a-7ab2-40db-baa2-190e1e2b8078:192.168.69.106:46493] with ContainerStateMachine:uninitialized
2019-11-14 22:49:19,620 [pool-547-thread-1] INFO  server.RaftServerConfigKeys (ConfUtils.java:logGet(43)) - raft.server.rpc.timeout.min = 1s (custom)
2019-11-14 22:49:19,620 [pool-547-thread-1] INFO  server.RaftServerConfigKeys (ConfUtils.java:logGet(43)) - raft.server.rpc.timeout.max = 1200ms (custom)
2019-11-14 22:49:19,620 [pool-547-thread-1] INFO  server.RaftServerConfigKeys (ConfUtils.java:logGet(43)) - raft.server.rpcslowness.timeout = 120s (custom)
2019-11-14 22:49:19,620 [pool-547-thread-1] INFO  server.RaftServerConfigKeys (ConfUtils.java:logGet(43)) - raft.server.sleep.deviation.threshold = 300 (default)
2019-11-14 22:49:19,621 [pool-547-thread-1] INFO  server.RaftServerConfigKeys (ConfUtils.java:logGet(43)) - raft.server.log.appender.install.snapshot.enabled = false (custom)
2019-11-14 22:49:19,621 [pool-547-thread-1] INFO  impl.RaftServerImpl (ServerState.java:<init>(103)) - ec693a0a-7ab2-40db-baa2-190e1e2b8078@group-E8AB2F7AB811: ConfigurationManager, init=-1: [ec693a0a-7ab2-40db-baa2-190e1e2b8078:192.168.69.106:46493], old=null, confs=<EMPTY_MAP>
2019-11-14 22:49:19,621 [pool-547-thread-1] INFO  server.RaftServerConfigKeys (ConfUtils.java:logGet(43)) - raft.server.storage.dir = [/workdir/hadoop-ozone/integration-test/target/test-dir/MiniOzoneClusterImpl-9caa682c-a503-45f4-84bb-f8dd249825f6/datanode-4/data/ratis] (custom)
2019-11-14 22:49:19,621 [pool-547-thread-1] INFO  server.RaftServerConfigKeys (ConfUtils.java:logGet(43)) - raft.server.log.corruption.policy = EXCEPTION (default)
2019-11-14 22:49:19,621 [pool-547-thread-1] INFO  storage.RaftStorageDirectory (RaftStorageDirectory.java:analyzeStorage(246)) - The storage directory /workdir/hadoop-ozone/integration-test/target/test-dir/MiniOzoneClusterImpl-9caa682c-a503-45f4-84bb-f8dd249825f6/datanode-4/data/ratis/188ebc17-3e80-41f3-9e48-e8ab2f7ab811 does not exist. Creating ...
2019-11-14 22:49:19,646 [pool-547-thread-1] INFO  storage.RaftStorageDirectory (RaftStorageDirectory.java:tryLock(328)) - Lock on /workdir/hadoop-ozone/integration-test/target/test-dir/MiniOzoneClusterImpl-9caa682c-a503-45f4-84bb-f8dd249825f6/datanode-4/data/ratis/188ebc17-3e80-41f3-9e48-e8ab2f7ab811/in_use.lock acquired by nodename 339@pr-hdds-2494-dtfqw-3996435450
2019-11-14 22:49:19,672 [pool-547-thread-1] INFO  storage.RaftStorage (RaftStorage.java:format(84)) - Storage directory /workdir/hadoop-ozone/integration-test/target/test-dir/MiniOzoneClusterImpl-9caa682c-a503-45f4-84bb-f8dd249825f6/datanode-4/data/ratis/188ebc17-3e80-41f3-9e48-e8ab2f7ab811 has been successfully formatted.
2019-11-14 22:49:19,672 [pool-547-thread-1] INFO  ratis.ContainerStateMachine (ContainerStateMachine.java:loadSnapshot(223)) - group-E8AB2F7AB811: The snapshot info is null. Setting the last applied indexto:(t:0, i:~)
2019-11-14 22:49:19,672 [pool-547-thread-1] INFO  server.RaftServerConfigKeys (ConfUtils.java:logGet(43)) - raft.server.notification.no-leader.timeout = 120s (custom)
2019-11-14 22:49:19,672 [pool-547-thread-1] INFO  server.RaftServerConfigKeys (ConfUtils.java:logGet(43)) - raft.server.log.use.memory = false (default)
2019-11-14 22:49:19,673 [pool-547-thread-1] INFO  server.RaftServerConfigKeys (ConfUtils.java:logGet(43)) - raft.server.log.purge.gap = 1000000 (custom)
2019-11-14 22:49:19,673 [pool-547-thread-1] INFO  server.RaftServerConfigKeys (ConfUtils.java:logGet(43)) - raft.server.log.appender.buffer.byte-limit = 33554432 (custom)
2019-11-14 22:49:19,673 [pool-547-thread-1] INFO  server.RaftServerConfigKeys (ConfUtils.java:logGet(43)) - raft.server.log.segment.size.max = 1048576 (custom)
2019-11-14 22:49:19,673 [pool-547-thread-1] WARN  impl.MetricRegistriesImpl (MetricRegistriesImpl.java:lambda$create$1(61)) - First MetricRegistry has been created without registering reporters. You may need to call MetricRegistries.global().addReportRegistration(...) before.
2019-11-14 22:49:19,673 [pool-547-thread-1] INFO  server.RaftServerConfigKeys (ConfUtils.java:logGet(43)) - raft.server.log.segment.cache.num.max = 2 (custom)
2019-11-14 22:49:19,673 [pool-547-thread-1] INFO  segmented.SegmentedRaftLogWorker (SegmentedRaftLogWorker.java:<init>(173)) - new ec693a0a-7ab2-40db-baa2-190e1e2b8078@group-E8AB2F7AB811-SegmentedRaftLogWorker for RaftStorage:Storage Directory /workdir/hadoop-ozone/integration-test/target/test-dir/MiniOzoneClusterImpl-9caa682c-a503-45f4-84bb-f8dd249825f6/datanode-4/data/ratis/188ebc17-3e80-41f3-9e48-e8ab2f7ab811
2019-11-14 22:49:19,673 [pool-547-thread-1] INFO  server.RaftServerConfigKeys (ConfUtils.java:logGet(43)) - raft.server.log.queue.byte-limit = 2147483647 (custom)
2019-11-14 22:49:19,673 [pool-547-thread-1] INFO  server.RaftServerConfigKeys (ConfUtils.java:logGet(43)) - raft.server.log.queue.element-limit = 1024 (custom)
2019-11-14 22:49:19,674 [pool-547-thread-1] INFO  server.RaftServerConfigKeys (ConfUtils.java:logGet(43)) - raft.server.log.segment.size.max = 1048576 (custom)
2019-11-14 22:49:19,674 [pool-547-thread-1] INFO  server.RaftServerConfigKeys (ConfUtils.java:logGet(43)) - raft.server.log.preallocated.size = 16384 (custom)
2019-11-14 22:49:19,674 [pool-547-thread-1] INFO  server.RaftServerConfigKeys (ConfUtils.java:logGet(43)) - raft.server.log.write.buffer.size = 33554432 (custom)
2019-11-14 22:49:19,674 [pool-547-thread-1] INFO  server.RaftServerConfigKeys (ConfUtils.java:logGet(43)) - raft.server.log.force.sync.num = 128 (default)
2019-11-14 22:49:19,674 [pool-547-thread-1] INFO  server.RaftServerConfigKeys (ConfUtils.java:logGet(43)) - raft.server.log.statemachine.data.sync = true (default)
2019-11-14 22:49:19,674 [pool-547-thread-1] INFO  server.RaftServerConfigKeys (ConfUtils.java:logGet(43)) - raft.server.log.statemachine.data.sync.timeout = 10s (default)
2019-11-14 22:49:19,674 [pool-547-thread-1] INFO  server.RaftServerConfigKeys (ConfUtils.java:logGet(43)) - raft.server.log.statemachine.data.sync.timeout.retry = -1 (default)
2019-11-14 22:49:19,674 [pool-547-thread-1] INFO  server.RaftServerConfigKeys (ConfUtils.java:logGet(43)) - raft.server.log.statemachine.data.caching.enabled = true (custom)
2019-11-14 22:49:19,675 [pool-547-thread-1] INFO  segmented.SegmentedRaftLogWorker (SegmentedRaftLogWorker.java:lambda$new$0(128)) - ec693a0a-7ab2-40db-baa2-190e1e2b8078@group-E8AB2F7AB811-SegmentedRaftLogWorker: flushIndex: setUnconditionally 0 -> -1
2019-11-14 22:49:19,675 [pool-547-thread-1] INFO  server.RaftServerConfigKeys (ConfUtils.java:logGet(43)) - raft.server.snapshot.auto.trigger.enabled = true (custom)
2019-11-14 22:49:19,675 [pool-547-thread-1] INFO  server.RaftServerConfigKeys (ConfUtils.java:logGet(43)) - raft.server.snapshot.auto.trigger.threshold = 10000 (custom)
2019-11-14 22:49:19,675 [pool-547-thread-1] INFO  server.RaftServerConfigKeys (ConfUtils.java:logGet(43)) - raft.server.snapshot.retention.file.num = 5 (custom)
2019-11-14 22:49:19,675 [pool-547-thread-1] INFO  server.RaftServerConfigKeys (ConfUtils.java:logGet(43)) - raft.server.retrycache.expirytime = 600000ms (custom)
2019-11-14 22:49:19,676 [pool-547-thread-1] WARN  impl.MetricRegistriesImpl (MetricRegistriesImpl.java:lambda$create$1(61)) - First MetricRegistry has been created without registering reporters. You may need to call MetricRegistries.global().addReportRegistration(...) before.
2019-11-14 22:49:19,676 [pool-547-thread-1] WARN  impl.MetricRegistriesImpl (MetricRegistriesImpl.java:lambda$create$1(61)) - First MetricRegistry has been created without registering reporters. You may need to call MetricRegistries.global().addReportRegistration(...) before.
2019-11-14 22:49:19,676 [IPC Server handler 2 on 44118] INFO  net.NetworkTopology (NetworkTopologyImpl.java:add(111)) - Added a new node: /rack1/e9302b19-2241-48e3-b0d0-f92620d14c53
2019-11-14 22:49:19,676 [pool-547-thread-1] INFO  impl.RaftServerImpl (RaftServerImpl.java:start(184)) - ec693a0a-7ab2-40db-baa2-190e1e2b8078@group-E8AB2F7AB811: start as a follower, conf=-1: [ec693a0a-7ab2-40db-baa2-190e1e2b8078:192.168.69.106:46493], old=null
2019-11-14 22:49:19,676 [IPC Server handler 2 on 44118] INFO  node.SCMNodeManager (SCMNodeManager.java:register(267)) - Registered Data node : e9302b19-2241-48e3-b0d0-f92620d14c53{ip: 192.168.69.106, host: pr-hdds-2494-dtfqw-3996435450, networkLocation: /rack1, certSerialId: null}
2019-11-14 22:49:19,676 [pool-547-thread-1] INFO  impl.RaftServerImpl (RaftServerImpl.java:setRole(173)) - ec693a0a-7ab2-40db-baa2-190e1e2b8078@group-E8AB2F7AB811: changes role from      null to FOLLOWER at term 0 for startAsFollower
2019-11-14 22:49:19,677 [pool-547-thread-1] INFO  impl.RoleInfo (RoleInfo.java:updateAndGet(143)) - ec693a0a-7ab2-40db-baa2-190e1e2b8078: start FollowerState
2019-11-14 22:49:19,677 [pool-547-thread-1] INFO  util.JmxRegister (JmxRegister.java:tryRegister(44)) - Successfully registered JMX Bean with object name Ratis:service=RaftServer,group=group-E8AB2F7AB811,id=ec693a0a-7ab2-40db-baa2-190e1e2b8078
2019-11-14 22:49:19,677 [pool-547-thread-1] WARN  impl.MetricRegistriesImpl (MetricRegistriesImpl.java:lambda$create$1(61)) - First MetricRegistry has been created without registering reporters. You may need to call MetricRegistries.global().addReportRegistration(...) before.
2019-11-14 22:49:19,679 [RatisPipelineUtilsThread] INFO  pipeline.PipelineStateManager (PipelineStateManager.java:addPipeline(55)) - Created pipeline Pipeline[ Id: 188ebc17-3e80-41f3-9e48-e8ab2f7ab811, Nodes: ec693a0a-7ab2-40db-baa2-190e1e2b8078{ip: 192.168.69.106, host: pr-hdds-2494-dtfqw-3996435450, networkLocation: /rack1, certSerialId: null}, Type:RATIS, Factor:ONE, State:ALLOCATED]
2019-11-14 22:49:19,688 [grpc-default-executor-5] INFO  impl.RaftServerProxy (RaftServerProxy.java:addNew(89)) - e9302b19-2241-48e3-b0d0-f92620d14c53: addNew group-BF93E228AD33:[e9302b19-2241-48e3-b0d0-f92620d14c53:192.168.69.106:32896] returns group-BF93E228AD33:java.util.concurrent.CompletableFuture@5fe2c7dc[Not completed]
2019-11-14 22:49:19,689 [pool-557-thread-1] INFO  impl.RaftServerImpl (RaftServerImpl.java:<init>(98)) - e9302b19-2241-48e3-b0d0-f92620d14c53: new RaftServerImpl for group-BF93E228AD33:[e9302b19-2241-48e3-b0d0-f92620d14c53:192.168.69.106:32896] with ContainerStateMachine:uninitialized
2019-11-14 22:49:19,689 [pool-557-thread-1] INFO  server.RaftServerConfigKeys (ConfUtils.java:logGet(43)) - raft.server.rpc.timeout.min = 1s (custom)
2019-11-14 22:49:19,689 [pool-557-thread-1] INFO  server.RaftServerConfigKeys (ConfUtils.java:logGet(43)) - raft.server.rpc.timeout.max = 1200ms (custom)
2019-11-14 22:49:19,690 [pool-557-thread-1] INFO  server.RaftServerConfigKeys (ConfUtils.java:logGet(43)) - raft.server.rpcslowness.timeout = 120s (custom)
2019-11-14 22:49:19,690 [pool-557-thread-1] INFO  server.RaftServerConfigKeys (ConfUtils.java:logGet(43)) - raft.server.sleep.deviation.threshold = 300 (default)
2019-11-14 22:49:19,690 [pool-557-thread-1] INFO  server.RaftServerConfigKeys (ConfUtils.java:logGet(43)) - raft.server.log.appender.install.snapshot.enabled = false (custom)
2019-11-14 22:49:19,690 [pool-557-thread-1] INFO  impl.RaftServerImpl (ServerState.java:<init>(103)) - e9302b19-2241-48e3-b0d0-f92620d14c53@group-BF93E228AD33: ConfigurationManager, init=-1: [e9302b19-2241-48e3-b0d0-f92620d14c53:192.168.69.106:32896], old=null, confs=<EMPTY_MAP>
2019-11-14 22:49:19,690 [pool-557-thread-1] INFO  server.RaftServerConfigKeys (ConfUtils.java:logGet(43)) - raft.server.storage.dir = [/workdir/hadoop-ozone/integration-test/target/test-dir/MiniOzoneClusterImpl-9caa682c-a503-45f4-84bb-f8dd249825f6/datanode-5/data/ratis] (custom)
2019-11-14 22:49:19,690 [pool-557-thread-1] INFO  server.RaftServerConfigKeys (ConfUtils.java:logGet(43)) - raft.server.log.corruption.policy = EXCEPTION (default)
2019-11-14 22:49:19,691 [pool-557-thread-1] INFO  storage.RaftStorageDirectory (RaftStorageDirectory.java:analyzeStorage(246)) - The storage directory /workdir/hadoop-ozone/integration-test/target/test-dir/MiniOzoneClusterImpl-9caa682c-a503-45f4-84bb-f8dd249825f6/datanode-5/data/ratis/0ac1c84d-f8f0-4c09-b350-bf93e228ad33 does not exist. Creating ...
2019-11-14 22:49:19,714 [pool-557-thread-1] INFO  storage.RaftStorageDirectory (RaftStorageDirectory.java:tryLock(328)) - Lock on /workdir/hadoop-ozone/integration-test/target/test-dir/MiniOzoneClusterImpl-9caa682c-a503-45f4-84bb-f8dd249825f6/datanode-5/data/ratis/0ac1c84d-f8f0-4c09-b350-bf93e228ad33/in_use.lock acquired by nodename 339@pr-hdds-2494-dtfqw-3996435450
2019-11-14 22:49:19,737 [IPC Server handler 5 on 44118] INFO  net.NetworkTopology (NetworkTopologyImpl.java:add(111)) - Added a new node: /rack1/c5c819e6-85b2-482d-9128-e8ea2b7ba4a4
2019-11-14 22:49:19,738 [IPC Server handler 5 on 44118] INFO  node.SCMNodeManager (SCMNodeManager.java:register(267)) - Registered Data node : c5c819e6-85b2-482d-9128-e8ea2b7ba4a4{ip: 192.168.69.106, host: pr-hdds-2494-dtfqw-3996435450, networkLocation: /rack1, certSerialId: null}
2019-11-14 22:49:19,739 [pool-557-thread-1] INFO  storage.RaftStorage (RaftStorage.java:format(84)) - Storage directory /workdir/hadoop-ozone/integration-test/target/test-dir/MiniOzoneClusterImpl-9caa682c-a503-45f4-84bb-f8dd249825f6/datanode-5/data/ratis/0ac1c84d-f8f0-4c09-b350-bf93e228ad33 has been successfully formatted.
2019-11-14 22:49:19,740 [pool-557-thread-1] INFO  ratis.ContainerStateMachine (ContainerStateMachine.java:loadSnapshot(223)) - group-BF93E228AD33: The snapshot info is null. Setting the last applied indexto:(t:0, i:~)
2019-11-14 22:49:19,740 [pool-557-thread-1] INFO  server.RaftServerConfigKeys (ConfUtils.java:logGet(43)) - raft.server.notification.no-leader.timeout = 120s (custom)
2019-11-14 22:49:19,740 [pool-557-thread-1] INFO  server.RaftServerConfigKeys (ConfUtils.java:logGet(43)) - raft.server.log.use.memory = false (default)
2019-11-14 22:49:19,740 [pool-557-thread-1] INFO  server.RaftServerConfigKeys (ConfUtils.java:logGet(43)) - raft.server.log.purge.gap = 1000000 (custom)
2019-11-14 22:49:19,740 [pool-557-thread-1] INFO  server.RaftServerConfigKeys (ConfUtils.java:logGet(43)) - raft.server.log.appender.buffer.byte-limit = 33554432 (custom)
2019-11-14 22:49:19,740 [pool-557-thread-1] INFO  server.RaftServerConfigKeys (ConfUtils.java:logGet(43)) - raft.server.log.segment.size.max = 1048576 (custom)
2019-11-14 22:49:19,740 [pool-557-thread-1] WARN  impl.MetricRegistriesImpl (MetricRegistriesImpl.java:lambda$create$1(61)) - First MetricRegistry has been created without registering reporters. You may need to call MetricRegistries.global().addReportRegistration(...) before.
2019-11-14 22:49:19,740 [pool-557-thread-1] INFO  server.RaftServerConfigKeys (ConfUtils.java:logGet(43)) - raft.server.log.segment.cache.num.max = 2 (custom)
2019-11-14 22:49:19,740 [pool-557-thread-1] INFO  segmented.SegmentedRaftLogWorker (SegmentedRaftLogWorker.java:<init>(173)) - new e9302b19-2241-48e3-b0d0-f92620d14c53@group-BF93E228AD33-SegmentedRaftLogWorker for RaftStorage:Storage Directory /workdir/hadoop-ozone/integration-test/target/test-dir/MiniOzoneClusterImpl-9caa682c-a503-45f4-84bb-f8dd249825f6/datanode-5/data/ratis/0ac1c84d-f8f0-4c09-b350-bf93e228ad33
2019-11-14 22:49:19,740 [pool-557-thread-1] INFO  server.RaftServerConfigKeys (ConfUtils.java:logGet(43)) - raft.server.log.queue.byte-limit = 2147483647 (custom)
2019-11-14 22:49:19,741 [pool-557-thread-1] INFO  server.RaftServerConfigKeys (ConfUtils.java:logGet(43)) - raft.server.log.queue.element-limit = 1024 (custom)
2019-11-14 22:49:19,741 [pool-557-thread-1] INFO  server.RaftServerConfigKeys (ConfUtils.java:logGet(43)) - raft.server.log.segment.size.max = 1048576 (custom)
2019-11-14 22:49:19,741 [pool-557-thread-1] INFO  server.RaftServerConfigKeys (ConfUtils.java:logGet(43)) - raft.server.log.preallocated.size = 16384 (custom)
2019-11-14 22:49:19,741 [pool-557-thread-1] INFO  server.RaftServerConfigKeys (ConfUtils.java:logGet(43)) - raft.server.log.write.buffer.size = 33554432 (custom)
2019-11-14 22:49:19,741 [pool-557-thread-1] INFO  server.RaftServerConfigKeys (ConfUtils.java:logGet(43)) - raft.server.log.force.sync.num = 128 (default)
2019-11-14 22:49:19,741 [pool-557-thread-1] INFO  server.RaftServerConfigKeys (ConfUtils.java:logGet(43)) - raft.server.log.statemachine.data.sync = true (default)
2019-11-14 22:49:19,741 [pool-557-thread-1] INFO  server.RaftServerConfigKeys (ConfUtils.java:logGet(43)) - raft.server.log.statemachine.data.sync.timeout = 10s (default)
2019-11-14 22:49:19,741 [pool-557-thread-1] INFO  server.RaftServerConfigKeys (ConfUtils.java:logGet(43)) - raft.server.log.statemachine.data.sync.timeout.retry = -1 (default)
2019-11-14 22:49:19,741 [pool-557-thread-1] INFO  server.RaftServerConfigKeys (ConfUtils.java:logGet(43)) - raft.server.log.statemachine.data.caching.enabled = true (custom)
2019-11-14 22:49:19,742 [pool-557-thread-1] INFO  segmented.SegmentedRaftLogWorker (SegmentedRaftLogWorker.java:lambda$new$0(128)) - e9302b19-2241-48e3-b0d0-f92620d14c53@group-BF93E228AD33-SegmentedRaftLogWorker: flushIndex: setUnconditionally 0 -> -1
2019-11-14 22:49:19,742 [pool-557-thread-1] INFO  server.RaftServerConfigKeys (ConfUtils.java:logGet(43)) - raft.server.snapshot.auto.trigger.enabled = true (custom)
2019-11-14 22:49:19,742 [pool-557-thread-1] INFO  server.RaftServerConfigKeys (ConfUtils.java:logGet(43)) - raft.server.snapshot.auto.trigger.threshold = 10000 (custom)
2019-11-14 22:49:19,742 [pool-557-thread-1] INFO  server.RaftServerConfigKeys (ConfUtils.java:logGet(43)) - raft.server.snapshot.retention.file.num = 5 (custom)
2019-11-14 22:49:19,742 [pool-557-thread-1] INFO  server.RaftServerConfigKeys (ConfUtils.java:logGet(43)) - raft.server.retrycache.expirytime = 600000ms (custom)
2019-11-14 22:49:19,742 [pool-557-thread-1] WARN  impl.MetricRegistriesImpl (MetricRegistriesImpl.java:lambda$create$1(61)) - First MetricRegistry has been created without registering reporters. You may need to call MetricRegistries.global().addReportRegistration(...) before.
2019-11-14 22:49:19,742 [pool-557-thread-1] WARN  impl.MetricRegistriesImpl (MetricRegistriesImpl.java:lambda$create$1(61)) - First MetricRegistry has been created without registering reporters. You may need to call MetricRegistries.global().addReportRegistration(...) before.
2019-11-14 22:49:19,743 [pool-557-thread-1] INFO  impl.RaftServerImpl (RaftServerImpl.java:start(184)) - e9302b19-2241-48e3-b0d0-f92620d14c53@group-BF93E228AD33: start as a follower, conf=-1: [e9302b19-2241-48e3-b0d0-f92620d14c53:192.168.69.106:32896], old=null
2019-11-14 22:49:19,743 [pool-557-thread-1] INFO  impl.RaftServerImpl (RaftServerImpl.java:setRole(173)) - e9302b19-2241-48e3-b0d0-f92620d14c53@group-BF93E228AD33: changes role from      null to FOLLOWER at term 0 for startAsFollower
2019-11-14 22:49:19,743 [pool-557-thread-1] INFO  impl.RoleInfo (RoleInfo.java:updateAndGet(143)) - e9302b19-2241-48e3-b0d0-f92620d14c53: start FollowerState
2019-11-14 22:49:19,743 [pool-557-thread-1] INFO  util.JmxRegister (JmxRegister.java:tryRegister(44)) - Successfully registered JMX Bean with object name Ratis:service=RaftServer,group=group-BF93E228AD33,id=e9302b19-2241-48e3-b0d0-f92620d14c53
2019-11-14 22:49:19,743 [pool-557-thread-1] WARN  impl.MetricRegistriesImpl (MetricRegistriesImpl.java:lambda$create$1(61)) - First MetricRegistry has been created without registering reporters. You may need to call MetricRegistries.global().addReportRegistration(...) before.
2019-11-14 22:49:19,745 [RatisPipelineUtilsThread] INFO  pipeline.PipelineStateManager (PipelineStateManager.java:addPipeline(55)) - Created pipeline Pipeline[ Id: 0ac1c84d-f8f0-4c09-b350-bf93e228ad33, Nodes: e9302b19-2241-48e3-b0d0-f92620d14c53{ip: 192.168.69.106, host: pr-hdds-2494-dtfqw-3996435450, networkLocation: /rack1, certSerialId: null}, Type:RATIS, Factor:ONE, State:ALLOCATED]
2019-11-14 22:49:19,752 [grpc-default-executor-5] INFO  impl.RaftServerProxy (RaftServerProxy.java:addNew(89)) - c5c819e6-85b2-482d-9128-e8ea2b7ba4a4: addNew group-9D8DC744A03A:[c5c819e6-85b2-482d-9128-e8ea2b7ba4a4:192.168.69.106:40987] returns group-9D8DC744A03A:java.util.concurrent.CompletableFuture@42b384b6[Not completed]
2019-11-14 22:49:19,753 [pool-567-thread-1] INFO  impl.RaftServerImpl (RaftServerImpl.java:<init>(98)) - c5c819e6-85b2-482d-9128-e8ea2b7ba4a4: new RaftServerImpl for group-9D8DC744A03A:[c5c819e6-85b2-482d-9128-e8ea2b7ba4a4:192.168.69.106:40987] with ContainerStateMachine:uninitialized
2019-11-14 22:49:19,754 [pool-567-thread-1] INFO  server.RaftServerConfigKeys (ConfUtils.java:logGet(43)) - raft.server.rpc.timeout.min = 1s (custom)
2019-11-14 22:49:19,754 [pool-567-thread-1] INFO  server.RaftServerConfigKeys (ConfUtils.java:logGet(43)) - raft.server.rpc.timeout.max = 1200ms (custom)
2019-11-14 22:49:19,754 [pool-567-thread-1] INFO  server.RaftServerConfigKeys (ConfUtils.java:logGet(43)) - raft.server.rpcslowness.timeout = 120s (custom)
2019-11-14 22:49:19,754 [pool-567-thread-1] INFO  server.RaftServerConfigKeys (ConfUtils.java:logGet(43)) - raft.server.sleep.deviation.threshold = 300 (default)
2019-11-14 22:49:19,754 [pool-567-thread-1] INFO  server.RaftServerConfigKeys (ConfUtils.java:logGet(43)) - raft.server.log.appender.install.snapshot.enabled = false (custom)
2019-11-14 22:49:19,754 [pool-567-thread-1] INFO  impl.RaftServerImpl (ServerState.java:<init>(103)) - c5c819e6-85b2-482d-9128-e8ea2b7ba4a4@group-9D8DC744A03A: ConfigurationManager, init=-1: [c5c819e6-85b2-482d-9128-e8ea2b7ba4a4:192.168.69.106:40987], old=null, confs=<EMPTY_MAP>
2019-11-14 22:49:19,754 [pool-567-thread-1] INFO  server.RaftServerConfigKeys (ConfUtils.java:logGet(43)) - raft.server.storage.dir = [/workdir/hadoop-ozone/integration-test/target/test-dir/MiniOzoneClusterImpl-9caa682c-a503-45f4-84bb-f8dd249825f6/datanode-6/data/ratis] (custom)
2019-11-14 22:49:19,755 [pool-567-thread-1] INFO  server.RaftServerConfigKeys (ConfUtils.java:logGet(43)) - raft.server.log.corruption.policy = EXCEPTION (default)
2019-11-14 22:49:19,755 [pool-567-thread-1] INFO  storage.RaftStorageDirectory (RaftStorageDirectory.java:analyzeStorage(246)) - The storage directory /workdir/hadoop-ozone/integration-test/target/test-dir/MiniOzoneClusterImpl-9caa682c-a503-45f4-84bb-f8dd249825f6/datanode-6/data/ratis/ea8cfd73-fe86-4a85-8210-9d8dc744a03a does not exist. Creating ...
2019-11-14 22:49:19,781 [pool-567-thread-1] INFO  storage.RaftStorageDirectory (RaftStorageDirectory.java:tryLock(328)) - Lock on /workdir/hadoop-ozone/integration-test/target/test-dir/MiniOzoneClusterImpl-9caa682c-a503-45f4-84bb-f8dd249825f6/datanode-6/data/ratis/ea8cfd73-fe86-4a85-8210-9d8dc744a03a/in_use.lock acquired by nodename 339@pr-hdds-2494-dtfqw-3996435450
2019-11-14 22:49:19,799 [pool-567-thread-1] INFO  storage.RaftStorage (RaftStorage.java:format(84)) - Storage directory /workdir/hadoop-ozone/integration-test/target/test-dir/MiniOzoneClusterImpl-9caa682c-a503-45f4-84bb-f8dd249825f6/datanode-6/data/ratis/ea8cfd73-fe86-4a85-8210-9d8dc744a03a has been successfully formatted.
2019-11-14 22:49:19,799 [pool-567-thread-1] INFO  ratis.ContainerStateMachine (ContainerStateMachine.java:loadSnapshot(223)) - group-9D8DC744A03A: The snapshot info is null. Setting the last applied indexto:(t:0, i:~)
2019-11-14 22:49:19,800 [pool-567-thread-1] INFO  server.RaftServerConfigKeys (ConfUtils.java:logGet(43)) - raft.server.notification.no-leader.timeout = 120s (custom)
2019-11-14 22:49:19,800 [pool-567-thread-1] INFO  server.RaftServerConfigKeys (ConfUtils.java:logGet(43)) - raft.server.log.use.memory = false (default)
2019-11-14 22:49:19,800 [pool-567-thread-1] INFO  server.RaftServerConfigKeys (ConfUtils.java:logGet(43)) - raft.server.log.purge.gap = 1000000 (custom)
2019-11-14 22:49:19,800 [pool-567-thread-1] INFO  server.RaftServerConfigKeys (ConfUtils.java:logGet(43)) - raft.server.log.appender.buffer.byte-limit = 33554432 (custom)
2019-11-14 22:49:19,800 [pool-567-thread-1] INFO  server.RaftServerConfigKeys (ConfUtils.java:logGet(43)) - raft.server.log.segment.size.max = 1048576 (custom)
2019-11-14 22:49:19,800 [pool-567-thread-1] WARN  impl.MetricRegistriesImpl (MetricRegistriesImpl.java:lambda$create$1(61)) - First MetricRegistry has been created without registering reporters. You may need to call MetricRegistries.global().addReportRegistration(...) before.
2019-11-14 22:49:19,800 [pool-567-thread-1] INFO  server.RaftServerConfigKeys (ConfUtils.java:logGet(43)) - raft.server.log.segment.cache.num.max = 2 (custom)
2019-11-14 22:49:19,801 [pool-567-thread-1] INFO  segmented.SegmentedRaftLogWorker (SegmentedRaftLogWorker.java:<init>(173)) - new c5c819e6-85b2-482d-9128-e8ea2b7ba4a4@group-9D8DC744A03A-SegmentedRaftLogWorker for RaftStorage:Storage Directory /workdir/hadoop-ozone/integration-test/target/test-dir/MiniOzoneClusterImpl-9caa682c-a503-45f4-84bb-f8dd249825f6/datanode-6/data/ratis/ea8cfd73-fe86-4a85-8210-9d8dc744a03a
2019-11-14 22:49:19,801 [pool-567-thread-1] INFO  server.RaftServerConfigKeys (ConfUtils.java:logGet(43)) - raft.server.log.queue.byte-limit = 2147483647 (custom)
2019-11-14 22:49:19,801 [pool-567-thread-1] INFO  server.RaftServerConfigKeys (ConfUtils.java:logGet(43)) - raft.server.log.queue.element-limit = 1024 (custom)
2019-11-14 22:49:19,801 [pool-567-thread-1] INFO  server.RaftServerConfigKeys (ConfUtils.java:logGet(43)) - raft.server.log.segment.size.max = 1048576 (custom)
2019-11-14 22:49:19,801 [pool-567-thread-1] INFO  server.RaftServerConfigKeys (ConfUtils.java:logGet(43)) - raft.server.log.preallocated.size = 16384 (custom)
2019-11-14 22:49:19,801 [pool-567-thread-1] INFO  server.RaftServerConfigKeys (ConfUtils.java:logGet(43)) - raft.server.log.write.buffer.size = 33554432 (custom)
2019-11-14 22:49:19,801 [pool-567-thread-1] INFO  server.RaftServerConfigKeys (ConfUtils.java:logGet(43)) - raft.server.log.force.sync.num = 128 (default)
2019-11-14 22:49:19,802 [pool-567-thread-1] INFO  server.RaftServerConfigKeys (ConfUtils.java:logGet(43)) - raft.server.log.statemachine.data.sync = true (default)
2019-11-14 22:49:19,802 [pool-567-thread-1] INFO  server.RaftServerConfigKeys (ConfUtils.java:logGet(43)) - raft.server.log.statemachine.data.sync.timeout = 10s (default)
2019-11-14 22:49:19,802 [pool-567-thread-1] INFO  server.RaftServerConfigKeys (ConfUtils.java:logGet(43)) - raft.server.log.statemachine.data.sync.timeout.retry = -1 (default)
2019-11-14 22:49:19,802 [pool-567-thread-1] INFO  server.RaftServerConfigKeys (ConfUtils.java:logGet(43)) - raft.server.log.statemachine.data.caching.enabled = true (custom)
2019-11-14 22:49:19,802 [pool-567-thread-1] INFO  segmented.SegmentedRaftLogWorker (SegmentedRaftLogWorker.java:lambda$new$0(128)) - c5c819e6-85b2-482d-9128-e8ea2b7ba4a4@group-9D8DC744A03A-SegmentedRaftLogWorker: flushIndex: setUnconditionally 0 -> -1
2019-11-14 22:49:19,803 [pool-567-thread-1] INFO  server.RaftServerConfigKeys (ConfUtils.java:logGet(43)) - raft.server.snapshot.auto.trigger.enabled = true (custom)
2019-11-14 22:49:19,803 [pool-567-thread-1] INFO  server.RaftServerConfigKeys (ConfUtils.java:logGet(43)) - raft.server.snapshot.auto.trigger.threshold = 10000 (custom)
2019-11-14 22:49:19,803 [pool-567-thread-1] INFO  server.RaftServerConfigKeys (ConfUtils.java:logGet(43)) - raft.server.snapshot.retention.file.num = 5 (custom)
2019-11-14 22:49:19,803 [pool-567-thread-1] INFO  server.RaftServerConfigKeys (ConfUtils.java:logGet(43)) - raft.server.retrycache.expirytime = 600000ms (custom)
2019-11-14 22:49:19,803 [pool-567-thread-1] WARN  impl.MetricRegistriesImpl (MetricRegistriesImpl.java:lambda$create$1(61)) - First MetricRegistry has been created without registering reporters. You may need to call MetricRegistries.global().addReportRegistration(...) before.
2019-11-14 22:49:19,803 [pool-567-thread-1] WARN  impl.MetricRegistriesImpl (MetricRegistriesImpl.java:lambda$create$1(61)) - First MetricRegistry has been created without registering reporters. You may need to call MetricRegistries.global().addReportRegistration(...) before.
2019-11-14 22:49:19,804 [pool-567-thread-1] INFO  impl.RaftServerImpl (RaftServerImpl.java:start(184)) - c5c819e6-85b2-482d-9128-e8ea2b7ba4a4@group-9D8DC744A03A: start as a follower, conf=-1: [c5c819e6-85b2-482d-9128-e8ea2b7ba4a4:192.168.69.106:40987], old=null
2019-11-14 22:49:19,804 [pool-567-thread-1] INFO  impl.RaftServerImpl (RaftServerImpl.java:setRole(173)) - c5c819e6-85b2-482d-9128-e8ea2b7ba4a4@group-9D8DC744A03A: changes role from      null to FOLLOWER at term 0 for startAsFollower
2019-11-14 22:49:19,804 [pool-567-thread-1] INFO  impl.RoleInfo (RoleInfo.java:updateAndGet(143)) - c5c819e6-85b2-482d-9128-e8ea2b7ba4a4: start FollowerState
2019-11-14 22:49:19,804 [pool-567-thread-1] INFO  util.JmxRegister (JmxRegister.java:tryRegister(44)) - Successfully registered JMX Bean with object name Ratis:service=RaftServer,group=group-9D8DC744A03A,id=c5c819e6-85b2-482d-9128-e8ea2b7ba4a4
2019-11-14 22:49:19,804 [pool-567-thread-1] WARN  impl.MetricRegistriesImpl (MetricRegistriesImpl.java:lambda$create$1(61)) - First MetricRegistry has been created without registering reporters. You may need to call MetricRegistries.global().addReportRegistration(...) before.
2019-11-14 22:49:19,807 [RatisPipelineUtilsThread] INFO  pipeline.PipelineStateManager (PipelineStateManager.java:addPipeline(55)) - Created pipeline Pipeline[ Id: ea8cfd73-fe86-4a85-8210-9d8dc744a03a, Nodes: c5c819e6-85b2-482d-9128-e8ea2b7ba4a4{ip: 192.168.69.106, host: pr-hdds-2494-dtfqw-3996435450, networkLocation: /rack1, certSerialId: null}, Type:RATIS, Factor:ONE, State:ALLOCATED]
2019-11-14 22:49:19,814 [IPC Server handler 19 on 44118] INFO  net.NetworkTopology (NetworkTopologyImpl.java:add(111)) - Added a new node: /rack1/7d8f40ed-fc7e-4283-96c6-8f8f645c1bfe
2019-11-14 22:49:19,815 [IPC Server handler 19 on 44118] INFO  node.SCMNodeManager (SCMNodeManager.java:register(267)) - Registered Data node : 7d8f40ed-fc7e-4283-96c6-8f8f645c1bfe{ip: 192.168.69.106, host: pr-hdds-2494-dtfqw-3996435450, networkLocation: /rack1, certSerialId: null}
2019-11-14 22:49:19,822 [grpc-default-executor-9] INFO  impl.RaftServerProxy (RaftServerProxy.java:addNew(89)) - ce51abe9-fc49-4310-abba-812881959ce0: addNew group-09127DD028E9:[dafdef77-e865-403b-bc5e-c37989f56ddc:192.168.69.106:34201, ec693a0a-7ab2-40db-baa2-190e1e2b8078:192.168.69.106:46493, ce51abe9-fc49-4310-abba-812881959ce0:192.168.69.106:37982] returns group-09127DD028E9:java.util.concurrent.CompletableFuture@5707044b[Not completed]
2019-11-14 22:49:19,822 [grpc-default-executor-4] INFO  impl.RaftServerProxy (RaftServerProxy.java:addNew(89)) - dafdef77-e865-403b-bc5e-c37989f56ddc: addNew group-09127DD028E9:[dafdef77-e865-403b-bc5e-c37989f56ddc:192.168.69.106:34201, ec693a0a-7ab2-40db-baa2-190e1e2b8078:192.168.69.106:46493, ce51abe9-fc49-4310-abba-812881959ce0:192.168.69.106:37982] returns group-09127DD028E9:java.util.concurrent.CompletableFuture@4bf716c8[Not completed]
2019-11-14 22:49:19,823 [grpc-default-executor-4] INFO  impl.RaftServerProxy (RaftServerProxy.java:addNew(89)) - ec693a0a-7ab2-40db-baa2-190e1e2b8078: addNew group-09127DD028E9:[dafdef77-e865-403b-bc5e-c37989f56ddc:192.168.69.106:34201, ec693a0a-7ab2-40db-baa2-190e1e2b8078:192.168.69.106:46493, ce51abe9-fc49-4310-abba-812881959ce0:192.168.69.106:37982] returns group-09127DD028E9:java.util.concurrent.CompletableFuture@18488699[Not completed]
2019-11-14 22:49:19,824 [pool-537-thread-1] INFO  impl.RaftServerImpl (RaftServerImpl.java:<init>(98)) - ce51abe9-fc49-4310-abba-812881959ce0: new RaftServerImpl for group-09127DD028E9:[dafdef77-e865-403b-bc5e-c37989f56ddc:192.168.69.106:34201, ec693a0a-7ab2-40db-baa2-190e1e2b8078:192.168.69.106:46493, ce51abe9-fc49-4310-abba-812881959ce0:192.168.69.106:37982] with ContainerStateMachine:uninitialized
2019-11-14 22:49:19,824 [pool-537-thread-1] INFO  server.RaftServerConfigKeys (ConfUtils.java:logGet(43)) - raft.server.rpc.timeout.min = 1s (custom)
2019-11-14 22:49:19,824 [pool-537-thread-1] INFO  server.RaftServerConfigKeys (ConfUtils.java:logGet(43)) - raft.server.rpc.timeout.max = 1200ms (custom)
2019-11-14 22:49:19,824 [pool-537-thread-1] INFO  server.RaftServerConfigKeys (ConfUtils.java:logGet(43)) - raft.server.rpcslowness.timeout = 120s (custom)
2019-11-14 22:49:19,824 [pool-547-thread-1] INFO  impl.RaftServerImpl (RaftServerImpl.java:<init>(98)) - ec693a0a-7ab2-40db-baa2-190e1e2b8078: new RaftServerImpl for group-09127DD028E9:[dafdef77-e865-403b-bc5e-c37989f56ddc:192.168.69.106:34201, ec693a0a-7ab2-40db-baa2-190e1e2b8078:192.168.69.106:46493, ce51abe9-fc49-4310-abba-812881959ce0:192.168.69.106:37982] with ContainerStateMachine:uninitialized
2019-11-14 22:49:19,824 [pool-537-thread-1] INFO  server.RaftServerConfigKeys (ConfUtils.java:logGet(43)) - raft.server.sleep.deviation.threshold = 300 (default)
2019-11-14 22:49:19,824 [pool-547-thread-1] INFO  server.RaftServerConfigKeys (ConfUtils.java:logGet(43)) - raft.server.rpc.timeout.min = 1s (custom)
2019-11-14 22:49:19,824 [pool-537-thread-1] INFO  server.RaftServerConfigKeys (ConfUtils.java:logGet(43)) - raft.server.log.appender.install.snapshot.enabled = false (custom)
2019-11-14 22:49:19,824 [pool-547-thread-1] INFO  server.RaftServerConfigKeys (ConfUtils.java:logGet(43)) - raft.server.rpc.timeout.max = 1200ms (custom)
2019-11-14 22:49:19,825 [pool-537-thread-1] INFO  impl.RaftServerImpl (ServerState.java:<init>(103)) - ce51abe9-fc49-4310-abba-812881959ce0@group-09127DD028E9: ConfigurationManager, init=-1: [dafdef77-e865-403b-bc5e-c37989f56ddc:192.168.69.106:34201, ec693a0a-7ab2-40db-baa2-190e1e2b8078:192.168.69.106:46493, ce51abe9-fc49-4310-abba-812881959ce0:192.168.69.106:37982], old=null, confs=<EMPTY_MAP>
2019-11-14 22:49:19,825 [pool-547-thread-1] INFO  server.RaftServerConfigKeys (ConfUtils.java:logGet(43)) - raft.server.rpcslowness.timeout = 120s (custom)
2019-11-14 22:49:19,825 [pool-537-thread-1] INFO  server.RaftServerConfigKeys (ConfUtils.java:logGet(43)) - raft.server.storage.dir = [/workdir/hadoop-ozone/integration-test/target/test-dir/MiniOzoneClusterImpl-9caa682c-a503-45f4-84bb-f8dd249825f6/datanode-3/data/ratis] (custom)
2019-11-14 22:49:19,825 [pool-547-thread-1] INFO  server.RaftServerConfigKeys (ConfUtils.java:logGet(43)) - raft.server.sleep.deviation.threshold = 300 (default)
2019-11-14 22:49:19,825 [pool-547-thread-1] INFO  server.RaftServerConfigKeys (ConfUtils.java:logGet(43)) - raft.server.log.appender.install.snapshot.enabled = false (custom)
2019-11-14 22:49:19,825 [pool-537-thread-1] INFO  server.RaftServerConfigKeys (ConfUtils.java:logGet(43)) - raft.server.log.corruption.policy = EXCEPTION (default)
2019-11-14 22:49:19,825 [pool-547-thread-1] INFO  impl.RaftServerImpl (ServerState.java:<init>(103)) - ec693a0a-7ab2-40db-baa2-190e1e2b8078@group-09127DD028E9: ConfigurationManager, init=-1: [dafdef77-e865-403b-bc5e-c37989f56ddc:192.168.69.106:34201, ec693a0a-7ab2-40db-baa2-190e1e2b8078:192.168.69.106:46493, ce51abe9-fc49-4310-abba-812881959ce0:192.168.69.106:37982], old=null, confs=<EMPTY_MAP>
2019-11-14 22:49:19,825 [pool-517-thread-1] INFO  impl.RaftServerImpl (RaftServerImpl.java:<init>(98)) - dafdef77-e865-403b-bc5e-c37989f56ddc: new RaftServerImpl for group-09127DD028E9:[dafdef77-e865-403b-bc5e-c37989f56ddc:192.168.69.106:34201, ec693a0a-7ab2-40db-baa2-190e1e2b8078:192.168.69.106:46493, ce51abe9-fc49-4310-abba-812881959ce0:192.168.69.106:37982] with ContainerStateMachine:uninitialized
2019-11-14 22:49:19,825 [pool-547-thread-1] INFO  server.RaftServerConfigKeys (ConfUtils.java:logGet(43)) - raft.server.storage.dir = [/workdir/hadoop-ozone/integration-test/target/test-dir/MiniOzoneClusterImpl-9caa682c-a503-45f4-84bb-f8dd249825f6/datanode-4/data/ratis] (custom)
2019-11-14 22:49:19,825 [pool-537-thread-1] INFO  storage.RaftStorageDirectory (RaftStorageDirectory.java:analyzeStorage(246)) - The storage directory /workdir/hadoop-ozone/integration-test/target/test-dir/MiniOzoneClusterImpl-9caa682c-a503-45f4-84bb-f8dd249825f6/datanode-3/data/ratis/dc527ecd-97dd-4c80-aed6-09127dd028e9 does not exist. Creating ...
2019-11-14 22:49:19,826 [pool-517-thread-1] INFO  server.RaftServerConfigKeys (ConfUtils.java:logGet(43)) - raft.server.rpc.timeout.min = 1s (custom)
2019-11-14 22:49:19,826 [pool-547-thread-1] INFO  server.RaftServerConfigKeys (ConfUtils.java:logGet(43)) - raft.server.log.corruption.policy = EXCEPTION (default)
2019-11-14 22:49:19,826 [pool-517-thread-1] INFO  server.RaftServerConfigKeys (ConfUtils.java:logGet(43)) - raft.server.rpc.timeout.max = 1200ms (custom)
2019-11-14 22:49:19,826 [pool-547-thread-1] INFO  storage.RaftStorageDirectory (RaftStorageDirectory.java:analyzeStorage(246)) - The storage directory /workdir/hadoop-ozone/integration-test/target/test-dir/MiniOzoneClusterImpl-9caa682c-a503-45f4-84bb-f8dd249825f6/datanode-4/data/ratis/dc527ecd-97dd-4c80-aed6-09127dd028e9 does not exist. Creating ...
2019-11-14 22:49:19,826 [pool-517-thread-1] INFO  server.RaftServerConfigKeys (ConfUtils.java:logGet(43)) - raft.server.rpcslowness.timeout = 120s (custom)
2019-11-14 22:49:19,827 [pool-517-thread-1] INFO  server.RaftServerConfigKeys (ConfUtils.java:logGet(43)) - raft.server.sleep.deviation.threshold = 300 (default)
2019-11-14 22:49:19,827 [pool-517-thread-1] INFO  server.RaftServerConfigKeys (ConfUtils.java:logGet(43)) - raft.server.log.appender.install.snapshot.enabled = false (custom)
2019-11-14 22:49:19,827 [pool-517-thread-1] INFO  impl.RaftServerImpl (ServerState.java:<init>(103)) - dafdef77-e865-403b-bc5e-c37989f56ddc@group-09127DD028E9: ConfigurationManager, init=-1: [dafdef77-e865-403b-bc5e-c37989f56ddc:192.168.69.106:34201, ec693a0a-7ab2-40db-baa2-190e1e2b8078:192.168.69.106:46493, ce51abe9-fc49-4310-abba-812881959ce0:192.168.69.106:37982], old=null, confs=<EMPTY_MAP>
2019-11-14 22:49:19,827 [pool-517-thread-1] INFO  server.RaftServerConfigKeys (ConfUtils.java:logGet(43)) - raft.server.storage.dir = [/workdir/hadoop-ozone/integration-test/target/test-dir/MiniOzoneClusterImpl-9caa682c-a503-45f4-84bb-f8dd249825f6/datanode-1/data/ratis] (custom)
2019-11-14 22:49:19,828 [pool-517-thread-1] INFO  server.RaftServerConfigKeys (ConfUtils.java:logGet(43)) - raft.server.log.corruption.policy = EXCEPTION (default)
2019-11-14 22:49:19,828 [pool-517-thread-1] INFO  storage.RaftStorageDirectory (RaftStorageDirectory.java:analyzeStorage(246)) - The storage directory /workdir/hadoop-ozone/integration-test/target/test-dir/MiniOzoneClusterImpl-9caa682c-a503-45f4-84bb-f8dd249825f6/datanode-1/data/ratis/dc527ecd-97dd-4c80-aed6-09127dd028e9 does not exist. Creating ...
2019-11-14 22:49:19,850 [pool-537-thread-1] INFO  storage.RaftStorageDirectory (RaftStorageDirectory.java:tryLock(328)) - Lock on /workdir/hadoop-ozone/integration-test/target/test-dir/MiniOzoneClusterImpl-9caa682c-a503-45f4-84bb-f8dd249825f6/datanode-3/data/ratis/dc527ecd-97dd-4c80-aed6-09127dd028e9/in_use.lock acquired by nodename 339@pr-hdds-2494-dtfqw-3996435450
2019-11-14 22:49:19,850 [pool-517-thread-1] INFO  storage.RaftStorageDirectory (RaftStorageDirectory.java:tryLock(328)) - Lock on /workdir/hadoop-ozone/integration-test/target/test-dir/MiniOzoneClusterImpl-9caa682c-a503-45f4-84bb-f8dd249825f6/datanode-1/data/ratis/dc527ecd-97dd-4c80-aed6-09127dd028e9/in_use.lock acquired by nodename 339@pr-hdds-2494-dtfqw-3996435450
2019-11-14 22:49:19,850 [pool-547-thread-1] INFO  storage.RaftStorageDirectory (RaftStorageDirectory.java:tryLock(328)) - Lock on /workdir/hadoop-ozone/integration-test/target/test-dir/MiniOzoneClusterImpl-9caa682c-a503-45f4-84bb-f8dd249825f6/datanode-4/data/ratis/dc527ecd-97dd-4c80-aed6-09127dd028e9/in_use.lock acquired by nodename 339@pr-hdds-2494-dtfqw-3996435450
2019-11-14 22:49:19,872 [IPC Server handler 18 on 44118] INFO  net.NetworkTopology (NetworkTopologyImpl.java:add(111)) - Added a new node: /rack1/58f72cb5-8974-4d0e-9564-cfe3e68dc671
2019-11-14 22:49:19,872 [IPC Server handler 18 on 44118] INFO  node.SCMNodeManager (SCMNodeManager.java:register(267)) - Registered Data node : 58f72cb5-8974-4d0e-9564-cfe3e68dc671{ip: 192.168.69.106, host: pr-hdds-2494-dtfqw-3996435450, networkLocation: /rack1, certSerialId: null}
2019-11-14 22:49:19,875 [pool-547-thread-1] INFO  storage.RaftStorage (RaftStorage.java:format(84)) - Storage directory /workdir/hadoop-ozone/integration-test/target/test-dir/MiniOzoneClusterImpl-9caa682c-a503-45f4-84bb-f8dd249825f6/datanode-4/data/ratis/dc527ecd-97dd-4c80-aed6-09127dd028e9 has been successfully formatted.
2019-11-14 22:49:19,875 [pool-517-thread-1] INFO  storage.RaftStorage (RaftStorage.java:format(84)) - Storage directory /workdir/hadoop-ozone/integration-test/target/test-dir/MiniOzoneClusterImpl-9caa682c-a503-45f4-84bb-f8dd249825f6/datanode-1/data/ratis/dc527ecd-97dd-4c80-aed6-09127dd028e9 has been successfully formatted.
2019-11-14 22:49:19,875 [pool-537-thread-1] INFO  storage.RaftStorage (RaftStorage.java:format(84)) - Storage directory /workdir/hadoop-ozone/integration-test/target/test-dir/MiniOzoneClusterImpl-9caa682c-a503-45f4-84bb-f8dd249825f6/datanode-3/data/ratis/dc527ecd-97dd-4c80-aed6-09127dd028e9 has been successfully formatted.
2019-11-14 22:49:19,876 [pool-547-thread-1] INFO  ratis.ContainerStateMachine (ContainerStateMachine.java:loadSnapshot(223)) - group-09127DD028E9: The snapshot info is null. Setting the last applied indexto:(t:0, i:~)
2019-11-14 22:49:19,876 [pool-517-thread-1] INFO  ratis.ContainerStateMachine (ContainerStateMachine.java:loadSnapshot(223)) - group-09127DD028E9: The snapshot info is null. Setting the last applied indexto:(t:0, i:~)
2019-11-14 22:49:19,876 [pool-537-thread-1] INFO  ratis.ContainerStateMachine (ContainerStateMachine.java:loadSnapshot(223)) - group-09127DD028E9: The snapshot info is null. Setting the last applied indexto:(t:0, i:~)
2019-11-14 22:49:19,876 [pool-547-thread-1] INFO  server.RaftServerConfigKeys (ConfUtils.java:logGet(43)) - raft.server.notification.no-leader.timeout = 120s (custom)
2019-11-14 22:49:19,876 [pool-537-thread-1] INFO  server.RaftServerConfigKeys (ConfUtils.java:logGet(43)) - raft.server.notification.no-leader.timeout = 120s (custom)
2019-11-14 22:49:19,876 [pool-517-thread-1] INFO  server.RaftServerConfigKeys (ConfUtils.java:logGet(43)) - raft.server.notification.no-leader.timeout = 120s (custom)
2019-11-14 22:49:19,876 [pool-537-thread-1] INFO  server.RaftServerConfigKeys (ConfUtils.java:logGet(43)) - raft.server.log.use.memory = false (default)
2019-11-14 22:49:19,876 [pool-547-thread-1] INFO  server.RaftServerConfigKeys (ConfUtils.java:logGet(43)) - raft.server.log.use.memory = false (default)
2019-11-14 22:49:19,877 [pool-537-thread-1] INFO  server.RaftServerConfigKeys (ConfUtils.java:logGet(43)) - raft.server.log.purge.gap = 1000000 (custom)
2019-11-14 22:49:19,876 [pool-517-thread-1] INFO  server.RaftServerConfigKeys (ConfUtils.java:logGet(43)) - raft.server.log.use.memory = false (default)
2019-11-14 22:49:19,877 [pool-537-thread-1] INFO  server.RaftServerConfigKeys (ConfUtils.java:logGet(43)) - raft.server.log.appender.buffer.byte-limit = 33554432 (custom)
2019-11-14 22:49:19,877 [pool-547-thread-1] INFO  server.RaftServerConfigKeys (ConfUtils.java:logGet(43)) - raft.server.log.purge.gap = 1000000 (custom)
2019-11-14 22:49:19,877 [pool-537-thread-1] INFO  server.RaftServerConfigKeys (ConfUtils.java:logGet(43)) - raft.server.log.segment.size.max = 1048576 (custom)
2019-11-14 22:49:19,877 [pool-517-thread-1] INFO  server.RaftServerConfigKeys (ConfUtils.java:logGet(43)) - raft.server.log.purge.gap = 1000000 (custom)
2019-11-14 22:49:19,877 [pool-537-thread-1] INFO  server.RaftServerConfigKeys (ConfUtils.java:logGet(43)) - raft.server.log.segment.cache.num.max = 2 (custom)
2019-11-14 22:49:19,877 [pool-547-thread-1] INFO  server.RaftServerConfigKeys (ConfUtils.java:logGet(43)) - raft.server.log.appender.buffer.byte-limit = 33554432 (custom)
2019-11-14 22:49:19,877 [pool-537-thread-1] INFO  segmented.SegmentedRaftLogWorker (SegmentedRaftLogWorker.java:<init>(173)) - new ce51abe9-fc49-4310-abba-812881959ce0@group-09127DD028E9-SegmentedRaftLogWorker for RaftStorage:Storage Directory /workdir/hadoop-ozone/integration-test/target/test-dir/MiniOzoneClusterImpl-9caa682c-a503-45f4-84bb-f8dd249825f6/datanode-3/data/ratis/dc527ecd-97dd-4c80-aed6-09127dd028e9
2019-11-14 22:49:19,877 [pool-517-thread-1] INFO  server.RaftServerConfigKeys (ConfUtils.java:logGet(43)) - raft.server.log.appender.buffer.byte-limit = 33554432 (custom)
2019-11-14 22:49:19,877 [pool-537-thread-1] INFO  server.RaftServerConfigKeys (ConfUtils.java:logGet(43)) - raft.server.log.queue.byte-limit = 2147483647 (custom)
2019-11-14 22:49:19,878 [pool-537-thread-1] INFO  server.RaftServerConfigKeys (ConfUtils.java:logGet(43)) - raft.server.log.queue.element-limit = 1024 (custom)
2019-11-14 22:49:19,877 [pool-547-thread-1] INFO  server.RaftServerConfigKeys (ConfUtils.java:logGet(43)) - raft.server.log.segment.size.max = 1048576 (custom)
2019-11-14 22:49:19,878 [pool-537-thread-1] INFO  server.RaftServerConfigKeys (ConfUtils.java:logGet(43)) - raft.server.log.segment.size.max = 1048576 (custom)
2019-11-14 22:49:19,878 [pool-517-thread-1] INFO  server.RaftServerConfigKeys (ConfUtils.java:logGet(43)) - raft.server.log.segment.size.max = 1048576 (custom)
2019-11-14 22:49:19,878 [pool-537-thread-1] INFO  server.RaftServerConfigKeys (ConfUtils.java:logGet(43)) - raft.server.log.preallocated.size = 16384 (custom)
2019-11-14 22:49:19,878 [pool-547-thread-1] INFO  server.RaftServerConfigKeys (ConfUtils.java:logGet(43)) - raft.server.log.segment.cache.num.max = 2 (custom)
2019-11-14 22:49:19,878 [pool-537-thread-1] INFO  server.RaftServerConfigKeys (ConfUtils.java:logGet(43)) - raft.server.log.write.buffer.size = 33554432 (custom)
2019-11-14 22:49:19,878 [pool-517-thread-1] INFO  server.RaftServerConfigKeys (ConfUtils.java:logGet(43)) - raft.server.log.segment.cache.num.max = 2 (custom)
2019-11-14 22:49:19,878 [pool-537-thread-1] INFO  server.RaftServerConfigKeys (ConfUtils.java:logGet(43)) - raft.server.log.force.sync.num = 128 (default)
2019-11-14 22:49:19,878 [pool-547-thread-1] INFO  segmented.SegmentedRaftLogWorker (SegmentedRaftLogWorker.java:<init>(173)) - new ec693a0a-7ab2-40db-baa2-190e1e2b8078@group-09127DD028E9-SegmentedRaftLogWorker for RaftStorage:Storage Directory /workdir/hadoop-ozone/integration-test/target/test-dir/MiniOzoneClusterImpl-9caa682c-a503-45f4-84bb-f8dd249825f6/datanode-4/data/ratis/dc527ecd-97dd-4c80-aed6-09127dd028e9
2019-11-14 22:49:19,879 [pool-537-thread-1] INFO  server.RaftServerConfigKeys (ConfUtils.java:logGet(43)) - raft.server.log.statemachine.data.sync = true (default)
2019-11-14 22:49:19,879 [pool-517-thread-1] INFO  segmented.SegmentedRaftLogWorker (SegmentedRaftLogWorker.java:<init>(173)) - new dafdef77-e865-403b-bc5e-c37989f56ddc@group-09127DD028E9-SegmentedRaftLogWorker for RaftStorage:Storage Directory /workdir/hadoop-ozone/integration-test/target/test-dir/MiniOzoneClusterImpl-9caa682c-a503-45f4-84bb-f8dd249825f6/datanode-1/data/ratis/dc527ecd-97dd-4c80-aed6-09127dd028e9
2019-11-14 22:49:19,879 [pool-537-thread-1] INFO  server.RaftServerConfigKeys (ConfUtils.java:logGet(43)) - raft.server.log.statemachine.data.sync.timeout = 10s (default)
2019-11-14 22:49:19,879 [pool-547-thread-1] INFO  server.RaftServerConfigKeys (ConfUtils.java:logGet(43)) - raft.server.log.queue.byte-limit = 2147483647 (custom)
2019-11-14 22:49:19,879 [pool-537-thread-1] INFO  server.RaftServerConfigKeys (ConfUtils.java:logGet(43)) - raft.server.log.statemachine.data.sync.timeout.retry = -1 (default)
2019-11-14 22:49:19,879 [pool-517-thread-1] INFO  server.RaftServerConfigKeys (ConfUtils.java:logGet(43)) - raft.server.log.queue.byte-limit = 2147483647 (custom)
2019-11-14 22:49:19,879 [pool-537-thread-1] INFO  server.RaftServerConfigKeys (ConfUtils.java:logGet(43)) - raft.server.log.statemachine.data.caching.enabled = true (custom)
2019-11-14 22:49:19,879 [pool-547-thread-1] INFO  server.RaftServerConfigKeys (ConfUtils.java:logGet(43)) - raft.server.log.queue.element-limit = 1024 (custom)
2019-11-14 22:49:19,879 [pool-517-thread-1] INFO  server.RaftServerConfigKeys (ConfUtils.java:logGet(43)) - raft.server.log.queue.element-limit = 1024 (custom)
2019-11-14 22:49:19,879 [pool-537-thread-1] INFO  segmented.SegmentedRaftLogWorker (SegmentedRaftLogWorker.java:lambda$new$0(128)) - ce51abe9-fc49-4310-abba-812881959ce0@group-09127DD028E9-SegmentedRaftLogWorker: flushIndex: setUnconditionally 0 -> -1
2019-11-14 22:49:19,879 [pool-547-thread-1] INFO  server.RaftServerConfigKeys (ConfUtils.java:logGet(43)) - raft.server.log.segment.size.max = 1048576 (custom)
2019-11-14 22:49:19,880 [pool-517-thread-1] INFO  server.RaftServerConfigKeys (ConfUtils.java:logGet(43)) - raft.server.log.segment.size.max = 1048576 (custom)
2019-11-14 22:49:19,880 [pool-537-thread-1] INFO  server.RaftServerConfigKeys (ConfUtils.java:logGet(43)) - raft.server.snapshot.auto.trigger.enabled = true (custom)
2019-11-14 22:49:19,880 [pool-547-thread-1] INFO  server.RaftServerConfigKeys (ConfUtils.java:logGet(43)) - raft.server.log.preallocated.size = 16384 (custom)
2019-11-14 22:49:19,880 [pool-537-thread-1] INFO  server.RaftServerConfigKeys (ConfUtils.java:logGet(43)) - raft.server.snapshot.auto.trigger.threshold = 10000 (custom)
2019-11-14 22:49:19,880 [pool-517-thread-1] INFO  server.RaftServerConfigKeys (ConfUtils.java:logGet(43)) - raft.server.log.preallocated.size = 16384 (custom)
2019-11-14 22:49:19,880 [pool-537-thread-1] INFO  server.RaftServerConfigKeys (ConfUtils.java:logGet(43)) - raft.server.snapshot.retention.file.num = 5 (custom)
2019-11-14 22:49:19,880 [pool-547-thread-1] INFO  server.RaftServerConfigKeys (ConfUtils.java:logGet(43)) - raft.server.log.write.buffer.size = 33554432 (custom)
2019-11-14 22:49:19,880 [pool-537-thread-1] INFO  server.RaftServerConfigKeys (ConfUtils.java:logGet(43)) - raft.server.retrycache.expirytime = 600000ms (custom)
2019-11-14 22:49:19,880 [pool-517-thread-1] INFO  server.RaftServerConfigKeys (ConfUtils.java:logGet(43)) - raft.server.log.write.buffer.size = 33554432 (custom)
2019-11-14 22:49:19,881 [pool-537-thread-1] WARN  impl.MetricRegistriesImpl (MetricRegistriesImpl.java:lambda$create$1(61)) - First MetricRegistry has been created without registering reporters. You may need to call MetricRegistries.global().addReportRegistration(...) before.
2019-11-14 22:49:19,880 [pool-547-thread-1] INFO  server.RaftServerConfigKeys (ConfUtils.java:logGet(43)) - raft.server.log.force.sync.num = 128 (default)
2019-11-14 22:49:19,881 [pool-537-thread-1] WARN  impl.MetricRegistriesImpl (MetricRegistriesImpl.java:lambda$create$1(61)) - First MetricRegistry has been created without registering reporters. You may need to call MetricRegistries.global().addReportRegistration(...) before.
2019-11-14 22:49:19,881 [pool-517-thread-1] INFO  server.RaftServerConfigKeys (ConfUtils.java:logGet(43)) - raft.server.log.force.sync.num = 128 (default)
2019-11-14 22:49:19,881 [pool-537-thread-1] INFO  impl.RaftServerImpl (RaftServerImpl.java:start(184)) - ce51abe9-fc49-4310-abba-812881959ce0@group-09127DD028E9: start as a follower, conf=-1: [dafdef77-e865-403b-bc5e-c37989f56ddc:192.168.69.106:34201, ec693a0a-7ab2-40db-baa2-190e1e2b8078:192.168.69.106:46493, ce51abe9-fc49-4310-abba-812881959ce0:192.168.69.106:37982], old=null
2019-11-14 22:49:19,881 [pool-517-thread-1] INFO  server.RaftServerConfigKeys (ConfUtils.java:logGet(43)) - raft.server.log.statemachine.data.sync = true (default)
2019-11-14 22:49:19,881 [pool-547-thread-1] INFO  server.RaftServerConfigKeys (ConfUtils.java:logGet(43)) - raft.server.log.statemachine.data.sync = true (default)
2019-11-14 22:49:19,881 [pool-517-thread-1] INFO  server.RaftServerConfigKeys (ConfUtils.java:logGet(43)) - raft.server.log.statemachine.data.sync.timeout = 10s (default)
2019-11-14 22:49:19,881 [pool-537-thread-1] INFO  impl.RaftServerImpl (RaftServerImpl.java:setRole(173)) - ce51abe9-fc49-4310-abba-812881959ce0@group-09127DD028E9: changes role from      null to FOLLOWER at term 0 for startAsFollower
2019-11-14 22:49:19,882 [pool-517-thread-1] INFO  server.RaftServerConfigKeys (ConfUtils.java:logGet(43)) - raft.server.log.statemachine.data.sync.timeout.retry = -1 (default)
2019-11-14 22:49:19,881 [pool-547-thread-1] INFO  server.RaftServerConfigKeys (ConfUtils.java:logGet(43)) - raft.server.log.statemachine.data.sync.timeout = 10s (default)
2019-11-14 22:49:19,882 [pool-517-thread-1] INFO  server.RaftServerConfigKeys (ConfUtils.java:logGet(43)) - raft.server.log.statemachine.data.caching.enabled = true (custom)
2019-11-14 22:49:19,882 [pool-537-thread-1] INFO  impl.RoleInfo (RoleInfo.java:updateAndGet(143)) - ce51abe9-fc49-4310-abba-812881959ce0: start FollowerState
2019-11-14 22:49:19,882 [pool-547-thread-1] INFO  server.RaftServerConfigKeys (ConfUtils.java:logGet(43)) - raft.server.log.statemachine.data.sync.timeout.retry = -1 (default)
2019-11-14 22:49:19,882 [pool-517-thread-1] INFO  segmented.SegmentedRaftLogWorker (SegmentedRaftLogWorker.java:lambda$new$0(128)) - dafdef77-e865-403b-bc5e-c37989f56ddc@group-09127DD028E9-SegmentedRaftLogWorker: flushIndex: setUnconditionally 0 -> -1
2019-11-14 22:49:19,882 [pool-547-thread-1] INFO  server.RaftServerConfigKeys (ConfUtils.java:logGet(43)) - raft.server.log.statemachine.data.caching.enabled = true (custom)
2019-11-14 22:49:19,882 [pool-537-thread-1] INFO  util.JmxRegister (JmxRegister.java:tryRegister(44)) - Successfully registered JMX Bean with object name Ratis:service=RaftServer,group=group-09127DD028E9,id=ce51abe9-fc49-4310-abba-812881959ce0
2019-11-14 22:49:19,882 [pool-547-thread-1] INFO  segmented.SegmentedRaftLogWorker (SegmentedRaftLogWorker.java:lambda$new$0(128)) - ec693a0a-7ab2-40db-baa2-190e1e2b8078@group-09127DD028E9-SegmentedRaftLogWorker: flushIndex: setUnconditionally 0 -> -1
2019-11-14 22:49:19,882 [pool-517-thread-1] INFO  server.RaftServerConfigKeys (ConfUtils.java:logGet(43)) - raft.server.snapshot.auto.trigger.enabled = true (custom)
2019-11-14 22:49:19,883 [pool-537-thread-1] WARN  impl.MetricRegistriesImpl (MetricRegistriesImpl.java:lambda$create$1(61)) - First MetricRegistry has been created without registering reporters. You may need to call MetricRegistries.global().addReportRegistration(...) before.
2019-11-14 22:49:19,883 [pool-517-thread-1] INFO  server.RaftServerConfigKeys (ConfUtils.java:logGet(43)) - raft.server.snapshot.auto.trigger.threshold = 10000 (custom)
2019-11-14 22:49:19,883 [pool-547-thread-1] INFO  server.RaftServerConfigKeys (ConfUtils.java:logGet(43)) - raft.server.snapshot.auto.trigger.enabled = true (custom)
2019-11-14 22:49:19,883 [pool-517-thread-1] INFO  server.RaftServerConfigKeys (ConfUtils.java:logGet(43)) - raft.server.snapshot.retention.file.num = 5 (custom)
2019-11-14 22:49:19,883 [pool-547-thread-1] INFO  server.RaftServerConfigKeys (ConfUtils.java:logGet(43)) - raft.server.snapshot.auto.trigger.threshold = 10000 (custom)
2019-11-14 22:49:19,883 [pool-517-thread-1] INFO  server.RaftServerConfigKeys (ConfUtils.java:logGet(43)) - raft.server.retrycache.expirytime = 600000ms (custom)
2019-11-14 22:49:19,883 [pool-547-thread-1] INFO  server.RaftServerConfigKeys (ConfUtils.java:logGet(43)) - raft.server.snapshot.retention.file.num = 5 (custom)
2019-11-14 22:49:19,883 [pool-517-thread-1] WARN  impl.MetricRegistriesImpl (MetricRegistriesImpl.java:lambda$create$1(61)) - First MetricRegistry has been created without registering reporters. You may need to call MetricRegistries.global().addReportRegistration(...) before.
2019-11-14 22:49:19,884 [pool-547-thread-1] INFO  server.RaftServerConfigKeys (ConfUtils.java:logGet(43)) - raft.server.retrycache.expirytime = 600000ms (custom)
2019-11-14 22:49:19,884 [pool-517-thread-1] WARN  impl.MetricRegistriesImpl (MetricRegistriesImpl.java:lambda$create$1(61)) - First MetricRegistry has been created without registering reporters. You may need to call MetricRegistries.global().addReportRegistration(...) before.
2019-11-14 22:49:19,884 [pool-547-thread-1] WARN  impl.MetricRegistriesImpl (MetricRegistriesImpl.java:lambda$create$1(61)) - First MetricRegistry has been created without registering reporters. You may need to call MetricRegistries.global().addReportRegistration(...) before.
2019-11-14 22:49:19,884 [pool-517-thread-1] INFO  impl.RaftServerImpl (RaftServerImpl.java:start(184)) - dafdef77-e865-403b-bc5e-c37989f56ddc@group-09127DD028E9: start as a follower, conf=-1: [dafdef77-e865-403b-bc5e-c37989f56ddc:192.168.69.106:34201, ec693a0a-7ab2-40db-baa2-190e1e2b8078:192.168.69.106:46493, ce51abe9-fc49-4310-abba-812881959ce0:192.168.69.106:37982], old=null
2019-11-14 22:49:19,884 [pool-547-thread-1] WARN  impl.MetricRegistriesImpl (MetricRegistriesImpl.java:lambda$create$1(61)) - First MetricRegistry has been created without registering reporters. You may need to call MetricRegistries.global().addReportRegistration(...) before.
2019-11-14 22:49:19,884 [pool-517-thread-1] INFO  impl.RaftServerImpl (RaftServerImpl.java:setRole(173)) - dafdef77-e865-403b-bc5e-c37989f56ddc@group-09127DD028E9: changes role from      null to FOLLOWER at term 0 for startAsFollower
2019-11-14 22:49:19,884 [pool-547-thread-1] INFO  impl.RaftServerImpl (RaftServerImpl.java:start(184)) - ec693a0a-7ab2-40db-baa2-190e1e2b8078@group-09127DD028E9: start as a follower, conf=-1: [dafdef77-e865-403b-bc5e-c37989f56ddc:192.168.69.106:34201, ec693a0a-7ab2-40db-baa2-190e1e2b8078:192.168.69.106:46493, ce51abe9-fc49-4310-abba-812881959ce0:192.168.69.106:37982], old=null
2019-11-14 22:49:19,884 [pool-517-thread-1] INFO  impl.RoleInfo (RoleInfo.java:updateAndGet(143)) - dafdef77-e865-403b-bc5e-c37989f56ddc: start FollowerState
2019-11-14 22:49:19,884 [pool-547-thread-1] INFO  impl.RaftServerImpl (RaftServerImpl.java:setRole(173)) - ec693a0a-7ab2-40db-baa2-190e1e2b8078@group-09127DD028E9: changes role from      null to FOLLOWER at term 0 for startAsFollower
2019-11-14 22:49:19,884 [pool-547-thread-1] INFO  impl.RoleInfo (RoleInfo.java:updateAndGet(143)) - ec693a0a-7ab2-40db-baa2-190e1e2b8078: start FollowerState
2019-11-14 22:49:19,894 [pool-517-thread-1] INFO  util.JmxRegister (JmxRegister.java:tryRegister(44)) - Successfully registered JMX Bean with object name Ratis:service=RaftServer,group=group-09127DD028E9,id=dafdef77-e865-403b-bc5e-c37989f56ddc
2019-11-14 22:49:19,894 [pool-547-thread-1] INFO  util.JmxRegister (JmxRegister.java:tryRegister(44)) - Successfully registered JMX Bean with object name Ratis:service=RaftServer,group=group-09127DD028E9,id=ec693a0a-7ab2-40db-baa2-190e1e2b8078
2019-11-14 22:49:19,894 [pool-517-thread-1] WARN  impl.MetricRegistriesImpl (MetricRegistriesImpl.java:lambda$create$1(61)) - First MetricRegistry has been created without registering reporters. You may need to call MetricRegistries.global().addReportRegistration(...) before.
2019-11-14 22:49:19,894 [pool-547-thread-1] WARN  impl.MetricRegistriesImpl (MetricRegistriesImpl.java:lambda$create$1(61)) - First MetricRegistry has been created without registering reporters. You may need to call MetricRegistries.global().addReportRegistration(...) before.
2019-11-14 22:49:19,904 [RatisPipelineUtilsThread] INFO  pipeline.PipelineStateManager (PipelineStateManager.java:addPipeline(55)) - Created pipeline Pipeline[ Id: dc527ecd-97dd-4c80-aed6-09127dd028e9, Nodes: ec693a0a-7ab2-40db-baa2-190e1e2b8078{ip: 192.168.69.106, host: pr-hdds-2494-dtfqw-3996435450, networkLocation: /rack1, certSerialId: null}ce51abe9-fc49-4310-abba-812881959ce0{ip: 192.168.69.106, host: pr-hdds-2494-dtfqw-3996435450, networkLocation: /rack1, certSerialId: null}dafdef77-e865-403b-bc5e-c37989f56ddc{ip: 192.168.69.106, host: pr-hdds-2494-dtfqw-3996435450, networkLocation: /rack1, certSerialId: null}, Type:RATIS, Factor:THREE, State:ALLOCATED]
2019-11-14 22:49:19,918 [grpc-default-executor-5] INFO  impl.RaftServerProxy (RaftServerProxy.java:addNew(89)) - 720981dd-80b6-4b59-8027-74344e9fba7b: addNew group-BF3B0723C2F2:[58f72cb5-8974-4d0e-9564-cfe3e68dc671:192.168.69.106:42937, 720981dd-80b6-4b59-8027-74344e9fba7b:192.168.69.106:33190, 7d8f40ed-fc7e-4283-96c6-8f8f645c1bfe:192.168.69.106:40228] returns group-BF3B0723C2F2:java.util.concurrent.CompletableFuture@1d05797f[Not completed]
2019-11-14 22:49:19,919 [grpc-default-executor-4] INFO  impl.RaftServerProxy (RaftServerProxy.java:addNew(89)) - 7d8f40ed-fc7e-4283-96c6-8f8f645c1bfe: addNew group-BF3B0723C2F2:[58f72cb5-8974-4d0e-9564-cfe3e68dc671:192.168.69.106:42937, 720981dd-80b6-4b59-8027-74344e9fba7b:192.168.69.106:33190, 7d8f40ed-fc7e-4283-96c6-8f8f645c1bfe:192.168.69.106:40228] returns group-BF3B0723C2F2:java.util.concurrent.CompletableFuture@74938c41[Not completed]
2019-11-14 22:49:19,919 [grpc-default-executor-9] INFO  impl.RaftServerProxy (RaftServerProxy.java:addNew(89)) - 58f72cb5-8974-4d0e-9564-cfe3e68dc671: addNew group-BF3B0723C2F2:[58f72cb5-8974-4d0e-9564-cfe3e68dc671:192.168.69.106:42937, 720981dd-80b6-4b59-8027-74344e9fba7b:192.168.69.106:33190, 7d8f40ed-fc7e-4283-96c6-8f8f645c1bfe:192.168.69.106:40228] returns group-BF3B0723C2F2:java.util.concurrent.CompletableFuture@632a0fa2[Not completed]
2019-11-14 22:49:19,920 [pool-527-thread-1] INFO  impl.RaftServerImpl (RaftServerImpl.java:<init>(98)) - 720981dd-80b6-4b59-8027-74344e9fba7b: new RaftServerImpl for group-BF3B0723C2F2:[58f72cb5-8974-4d0e-9564-cfe3e68dc671:192.168.69.106:42937, 720981dd-80b6-4b59-8027-74344e9fba7b:192.168.69.106:33190, 7d8f40ed-fc7e-4283-96c6-8f8f645c1bfe:192.168.69.106:40228] with ContainerStateMachine:uninitialized
2019-11-14 22:49:19,920 [pool-527-thread-1] INFO  server.RaftServerConfigKeys (ConfUtils.java:logGet(43)) - raft.server.rpc.timeout.min = 1s (custom)
2019-11-14 22:49:19,920 [pool-527-thread-1] INFO  server.RaftServerConfigKeys (ConfUtils.java:logGet(43)) - raft.server.rpc.timeout.max = 1200ms (custom)
2019-11-14 22:49:19,920 [pool-587-thread-1] INFO  impl.RaftServerImpl (RaftServerImpl.java:<init>(98)) - 58f72cb5-8974-4d0e-9564-cfe3e68dc671: new RaftServerImpl for group-BF3B0723C2F2:[58f72cb5-8974-4d0e-9564-cfe3e68dc671:192.168.69.106:42937, 720981dd-80b6-4b59-8027-74344e9fba7b:192.168.69.106:33190, 7d8f40ed-fc7e-4283-96c6-8f8f645c1bfe:192.168.69.106:40228] with ContainerStateMachine:uninitialized
2019-11-14 22:49:19,920 [pool-527-thread-1] INFO  server.RaftServerConfigKeys (ConfUtils.java:logGet(43)) - raft.server.rpcslowness.timeout = 120s (custom)
2019-11-14 22:49:19,920 [pool-587-thread-1] INFO  server.RaftServerConfigKeys (ConfUtils.java:logGet(43)) - raft.server.rpc.timeout.min = 1s (custom)
2019-11-14 22:49:19,920 [pool-527-thread-1] INFO  server.RaftServerConfigKeys (ConfUtils.java:logGet(43)) - raft.server.sleep.deviation.threshold = 300 (default)
2019-11-14 22:49:19,920 [pool-587-thread-1] INFO  server.RaftServerConfigKeys (ConfUtils.java:logGet(43)) - raft.server.rpc.timeout.max = 1200ms (custom)
2019-11-14 22:49:19,920 [pool-527-thread-1] INFO  server.RaftServerConfigKeys (ConfUtils.java:logGet(43)) - raft.server.log.appender.install.snapshot.enabled = false (custom)
2019-11-14 22:49:19,920 [pool-587-thread-1] INFO  server.RaftServerConfigKeys (ConfUtils.java:logGet(43)) - raft.server.rpcslowness.timeout = 120s (custom)
2019-11-14 22:49:19,920 [pool-527-thread-1] INFO  impl.RaftServerImpl (ServerState.java:<init>(103)) - 720981dd-80b6-4b59-8027-74344e9fba7b@group-BF3B0723C2F2: ConfigurationManager, init=-1: [58f72cb5-8974-4d0e-9564-cfe3e68dc671:192.168.69.106:42937, 720981dd-80b6-4b59-8027-74344e9fba7b:192.168.69.106:33190, 7d8f40ed-fc7e-4283-96c6-8f8f645c1bfe:192.168.69.106:40228], old=null, confs=<EMPTY_MAP>
2019-11-14 22:49:19,920 [pool-577-thread-1] INFO  impl.RaftServerImpl (RaftServerImpl.java:<init>(98)) - 7d8f40ed-fc7e-4283-96c6-8f8f645c1bfe: new RaftServerImpl for group-BF3B0723C2F2:[58f72cb5-8974-4d0e-9564-cfe3e68dc671:192.168.69.106:42937, 720981dd-80b6-4b59-8027-74344e9fba7b:192.168.69.106:33190, 7d8f40ed-fc7e-4283-96c6-8f8f645c1bfe:192.168.69.106:40228] with ContainerStateMachine:uninitialized
2019-11-14 22:49:19,921 [pool-527-thread-1] INFO  server.RaftServerConfigKeys (ConfUtils.java:logGet(43)) - raft.server.storage.dir = [/workdir/hadoop-ozone/integration-test/target/test-dir/MiniOzoneClusterImpl-9caa682c-a503-45f4-84bb-f8dd249825f6/datanode-2/data/ratis] (custom)
2019-11-14 22:49:19,921 [pool-587-thread-1] INFO  server.RaftServerConfigKeys (ConfUtils.java:logGet(43)) - raft.server.sleep.deviation.threshold = 300 (default)
2019-11-14 22:49:19,921 [pool-577-thread-1] INFO  server.RaftServerConfigKeys (ConfUtils.java:logGet(43)) - raft.server.rpc.timeout.min = 1s (custom)
2019-11-14 22:49:19,921 [pool-587-thread-1] INFO  server.RaftServerConfigKeys (ConfUtils.java:logGet(43)) - raft.server.log.appender.install.snapshot.enabled = false (custom)
2019-11-14 22:49:19,921 [pool-527-thread-1] INFO  server.RaftServerConfigKeys (ConfUtils.java:logGet(43)) - raft.server.log.corruption.policy = EXCEPTION (default)
2019-11-14 22:49:19,921 [pool-577-thread-1] INFO  server.RaftServerConfigKeys (ConfUtils.java:logGet(43)) - raft.server.rpc.timeout.max = 1200ms (custom)
2019-11-14 22:49:19,921 [pool-587-thread-1] INFO  impl.RaftServerImpl (ServerState.java:<init>(103)) - 58f72cb5-8974-4d0e-9564-cfe3e68dc671@group-BF3B0723C2F2: ConfigurationManager, init=-1: [58f72cb5-8974-4d0e-9564-cfe3e68dc671:192.168.69.106:42937, 720981dd-80b6-4b59-8027-74344e9fba7b:192.168.69.106:33190, 7d8f40ed-fc7e-4283-96c6-8f8f645c1bfe:192.168.69.106:40228], old=null, confs=<EMPTY_MAP>
2019-11-14 22:49:19,921 [pool-527-thread-1] INFO  storage.RaftStorageDirectory (RaftStorageDirectory.java:analyzeStorage(246)) - The storage directory /workdir/hadoop-ozone/integration-test/target/test-dir/MiniOzoneClusterImpl-9caa682c-a503-45f4-84bb-f8dd249825f6/datanode-2/data/ratis/e54ec45e-ad6c-47c7-a623-bf3b0723c2f2 does not exist. Creating ...
2019-11-14 22:49:19,921 [pool-577-thread-1] INFO  server.RaftServerConfigKeys (ConfUtils.java:logGet(43)) - raft.server.rpcslowness.timeout = 120s (custom)
2019-11-14 22:49:19,921 [pool-587-thread-1] INFO  server.RaftServerConfigKeys (ConfUtils.java:logGet(43)) - raft.server.storage.dir = [/workdir/hadoop-ozone/integration-test/target/test-dir/MiniOzoneClusterImpl-9caa682c-a503-45f4-84bb-f8dd249825f6/datanode-8/data/ratis] (custom)
2019-11-14 22:49:19,921 [pool-577-thread-1] INFO  server.RaftServerConfigKeys (ConfUtils.java:logGet(43)) - raft.server.sleep.deviation.threshold = 300 (default)
2019-11-14 22:49:19,921 [pool-577-thread-1] INFO  server.RaftServerConfigKeys (ConfUtils.java:logGet(43)) - raft.server.log.appender.install.snapshot.enabled = false (custom)
2019-11-14 22:49:19,921 [pool-587-thread-1] INFO  server.RaftServerConfigKeys (ConfUtils.java:logGet(43)) - raft.server.log.corruption.policy = EXCEPTION (default)
2019-11-14 22:49:19,921 [pool-577-thread-1] INFO  impl.RaftServerImpl (ServerState.java:<init>(103)) - 7d8f40ed-fc7e-4283-96c6-8f8f645c1bfe@group-BF3B0723C2F2: ConfigurationManager, init=-1: [58f72cb5-8974-4d0e-9564-cfe3e68dc671:192.168.69.106:42937, 720981dd-80b6-4b59-8027-74344e9fba7b:192.168.69.106:33190, 7d8f40ed-fc7e-4283-96c6-8f8f645c1bfe:192.168.69.106:40228], old=null, confs=<EMPTY_MAP>
2019-11-14 22:49:19,922 [pool-577-thread-1] INFO  server.RaftServerConfigKeys (ConfUtils.java:logGet(43)) - raft.server.storage.dir = [/workdir/hadoop-ozone/integration-test/target/test-dir/MiniOzoneClusterImpl-9caa682c-a503-45f4-84bb-f8dd249825f6/datanode-7/data/ratis] (custom)
2019-11-14 22:49:19,922 [pool-587-thread-1] INFO  storage.RaftStorageDirectory (RaftStorageDirectory.java:analyzeStorage(246)) - The storage directory /workdir/hadoop-ozone/integration-test/target/test-dir/MiniOzoneClusterImpl-9caa682c-a503-45f4-84bb-f8dd249825f6/datanode-8/data/ratis/e54ec45e-ad6c-47c7-a623-bf3b0723c2f2 does not exist. Creating ...
2019-11-14 22:49:19,922 [pool-577-thread-1] INFO  server.RaftServerConfigKeys (ConfUtils.java:logGet(43)) - raft.server.log.corruption.policy = EXCEPTION (default)
2019-11-14 22:49:19,922 [pool-577-thread-1] INFO  storage.RaftStorageDirectory (RaftStorageDirectory.java:analyzeStorage(246)) - The storage directory /workdir/hadoop-ozone/integration-test/target/test-dir/MiniOzoneClusterImpl-9caa682c-a503-45f4-84bb-f8dd249825f6/datanode-7/data/ratis/e54ec45e-ad6c-47c7-a623-bf3b0723c2f2 does not exist. Creating ...
2019-11-14 22:49:19,929 [IPC Server handler 16 on 44118] INFO  net.NetworkTopology (NetworkTopologyImpl.java:add(111)) - Added a new node: /rack1/82d9b010-cdd2-48aa-a03f-c52b44e44827
2019-11-14 22:49:19,929 [IPC Server handler 16 on 44118] INFO  node.SCMNodeManager (SCMNodeManager.java:register(267)) - Registered Data node : 82d9b010-cdd2-48aa-a03f-c52b44e44827{ip: 192.168.69.106, host: pr-hdds-2494-dtfqw-3996435450, networkLocation: /rack1, certSerialId: null}
2019-11-14 22:49:19,951 [pool-527-thread-1] INFO  storage.RaftStorageDirectory (RaftStorageDirectory.java:tryLock(328)) - Lock on /workdir/hadoop-ozone/integration-test/target/test-dir/MiniOzoneClusterImpl-9caa682c-a503-45f4-84bb-f8dd249825f6/datanode-2/data/ratis/e54ec45e-ad6c-47c7-a623-bf3b0723c2f2/in_use.lock acquired by nodename 339@pr-hdds-2494-dtfqw-3996435450
2019-11-14 22:49:19,951 [pool-587-thread-1] INFO  storage.RaftStorageDirectory (RaftStorageDirectory.java:tryLock(328)) - Lock on /workdir/hadoop-ozone/integration-test/target/test-dir/MiniOzoneClusterImpl-9caa682c-a503-45f4-84bb-f8dd249825f6/datanode-8/data/ratis/e54ec45e-ad6c-47c7-a623-bf3b0723c2f2/in_use.lock acquired by nodename 339@pr-hdds-2494-dtfqw-3996435450
2019-11-14 22:49:19,951 [pool-577-thread-1] INFO  storage.RaftStorageDirectory (RaftStorageDirectory.java:tryLock(328)) - Lock on /workdir/hadoop-ozone/integration-test/target/test-dir/MiniOzoneClusterImpl-9caa682c-a503-45f4-84bb-f8dd249825f6/datanode-7/data/ratis/e54ec45e-ad6c-47c7-a623-bf3b0723c2f2/in_use.lock acquired by nodename 339@pr-hdds-2494-dtfqw-3996435450
2019-11-14 22:49:19,977 [pool-587-thread-1] INFO  storage.RaftStorage (RaftStorage.java:format(84)) - Storage directory /workdir/hadoop-ozone/integration-test/target/test-dir/MiniOzoneClusterImpl-9caa682c-a503-45f4-84bb-f8dd249825f6/datanode-8/data/ratis/e54ec45e-ad6c-47c7-a623-bf3b0723c2f2 has been successfully formatted.
2019-11-14 22:49:19,977 [pool-577-thread-1] INFO  storage.RaftStorage (RaftStorage.java:format(84)) - Storage directory /workdir/hadoop-ozone/integration-test/target/test-dir/MiniOzoneClusterImpl-9caa682c-a503-45f4-84bb-f8dd249825f6/datanode-7/data/ratis/e54ec45e-ad6c-47c7-a623-bf3b0723c2f2 has been successfully formatted.
2019-11-14 22:49:19,977 [pool-527-thread-1] INFO  storage.RaftStorage (RaftStorage.java:format(84)) - Storage directory /workdir/hadoop-ozone/integration-test/target/test-dir/MiniOzoneClusterImpl-9caa682c-a503-45f4-84bb-f8dd249825f6/datanode-2/data/ratis/e54ec45e-ad6c-47c7-a623-bf3b0723c2f2 has been successfully formatted.
2019-11-14 22:49:19,977 [pool-577-thread-1] INFO  ratis.ContainerStateMachine (ContainerStateMachine.java:loadSnapshot(223)) - group-BF3B0723C2F2: The snapshot info is null. Setting the last applied indexto:(t:0, i:~)
2019-11-14 22:49:19,977 [pool-527-thread-1] INFO  ratis.ContainerStateMachine (ContainerStateMachine.java:loadSnapshot(223)) - group-BF3B0723C2F2: The snapshot info is null. Setting the last applied indexto:(t:0, i:~)
2019-11-14 22:49:19,977 [pool-587-thread-1] INFO  ratis.ContainerStateMachine (ContainerStateMachine.java:loadSnapshot(223)) - group-BF3B0723C2F2: The snapshot info is null. Setting the last applied indexto:(t:0, i:~)
2019-11-14 22:49:19,977 [pool-527-thread-1] INFO  server.RaftServerConfigKeys (ConfUtils.java:logGet(43)) - raft.server.notification.no-leader.timeout = 120s (custom)
2019-11-14 22:49:19,977 [pool-577-thread-1] INFO  server.RaftServerConfigKeys (ConfUtils.java:logGet(43)) - raft.server.notification.no-leader.timeout = 120s (custom)
2019-11-14 22:49:19,978 [pool-527-thread-1] INFO  server.RaftServerConfigKeys (ConfUtils.java:logGet(43)) - raft.server.log.use.memory = false (default)
2019-11-14 22:49:19,978 [pool-587-thread-1] INFO  server.RaftServerConfigKeys (ConfUtils.java:logGet(43)) - raft.server.notification.no-leader.timeout = 120s (custom)
2019-11-14 22:49:19,978 [pool-527-thread-1] INFO  server.RaftServerConfigKeys (ConfUtils.java:logGet(43)) - raft.server.log.purge.gap = 1000000 (custom)
2019-11-14 22:49:19,978 [pool-577-thread-1] INFO  server.RaftServerConfigKeys (ConfUtils.java:logGet(43)) - raft.server.log.use.memory = false (default)
2019-11-14 22:49:19,978 [pool-527-thread-1] INFO  server.RaftServerConfigKeys (ConfUtils.java:logGet(43)) - raft.server.log.appender.buffer.byte-limit = 33554432 (custom)
2019-11-14 22:49:19,978 [pool-587-thread-1] INFO  server.RaftServerConfigKeys (ConfUtils.java:logGet(43)) - raft.server.log.use.memory = false (default)
2019-11-14 22:49:19,978 [pool-527-thread-1] INFO  server.RaftServerConfigKeys (ConfUtils.java:logGet(43)) - raft.server.log.segment.size.max = 1048576 (custom)
2019-11-14 22:49:19,978 [pool-577-thread-1] INFO  server.RaftServerConfigKeys (ConfUtils.java:logGet(43)) - raft.server.log.purge.gap = 1000000 (custom)
2019-11-14 22:49:19,978 [pool-527-thread-1] INFO  server.RaftServerConfigKeys (ConfUtils.java:logGet(43)) - raft.server.log.segment.cache.num.max = 2 (custom)
2019-11-14 22:49:19,978 [pool-587-thread-1] INFO  server.RaftServerConfigKeys (ConfUtils.java:logGet(43)) - raft.server.log.purge.gap = 1000000 (custom)
2019-11-14 22:49:19,979 [pool-527-thread-1] INFO  segmented.SegmentedRaftLogWorker (SegmentedRaftLogWorker.java:<init>(173)) - new 720981dd-80b6-4b59-8027-74344e9fba7b@group-BF3B0723C2F2-SegmentedRaftLogWorker for RaftStorage:Storage Directory /workdir/hadoop-ozone/integration-test/target/test-dir/MiniOzoneClusterImpl-9caa682c-a503-45f4-84bb-f8dd249825f6/datanode-2/data/ratis/e54ec45e-ad6c-47c7-a623-bf3b0723c2f2
2019-11-14 22:49:19,978 [pool-577-thread-1] INFO  server.RaftServerConfigKeys (ConfUtils.java:logGet(43)) - raft.server.log.appender.buffer.byte-limit = 33554432 (custom)
2019-11-14 22:49:19,979 [pool-527-thread-1] INFO  server.RaftServerConfigKeys (ConfUtils.java:logGet(43)) - raft.server.log.queue.byte-limit = 2147483647 (custom)
2019-11-14 22:49:19,979 [pool-587-thread-1] INFO  server.RaftServerConfigKeys (ConfUtils.java:logGet(43)) - raft.server.log.appender.buffer.byte-limit = 33554432 (custom)
2019-11-14 22:49:19,979 [pool-527-thread-1] INFO  server.RaftServerConfigKeys (ConfUtils.java:logGet(43)) - raft.server.log.queue.element-limit = 1024 (custom)
2019-11-14 22:49:19,979 [pool-577-thread-1] INFO  server.RaftServerConfigKeys (ConfUtils.java:logGet(43)) - raft.server.log.segment.size.max = 1048576 (custom)
2019-11-14 22:49:19,979 [pool-527-thread-1] INFO  server.RaftServerConfigKeys (ConfUtils.java:logGet(43)) - raft.server.log.segment.size.max = 1048576 (custom)
2019-11-14 22:49:19,979 [pool-587-thread-1] INFO  server.RaftServerConfigKeys (ConfUtils.java:logGet(43)) - raft.server.log.segment.size.max = 1048576 (custom)
2019-11-14 22:49:19,979 [pool-527-thread-1] INFO  server.RaftServerConfigKeys (ConfUtils.java:logGet(43)) - raft.server.log.preallocated.size = 16384 (custom)
2019-11-14 22:49:19,979 [pool-577-thread-1] WARN  impl.MetricRegistriesImpl (MetricRegistriesImpl.java:lambda$create$1(61)) - First MetricRegistry has been created without registering reporters. You may need to call MetricRegistries.global().addReportRegistration(...) before.
2019-11-14 22:49:19,979 [pool-527-thread-1] INFO  server.RaftServerConfigKeys (ConfUtils.java:logGet(43)) - raft.server.log.write.buffer.size = 33554432 (custom)
2019-11-14 22:49:19,979 [pool-587-thread-1] WARN  impl.MetricRegistriesImpl (MetricRegistriesImpl.java:lambda$create$1(61)) - First MetricRegistry has been created without registering reporters. You may need to call MetricRegistries.global().addReportRegistration(...) before.
2019-11-14 22:49:19,979 [pool-527-thread-1] INFO  server.RaftServerConfigKeys (ConfUtils.java:logGet(43)) - raft.server.log.force.sync.num = 128 (default)
2019-11-14 22:49:19,979 [pool-577-thread-1] INFO  server.RaftServerConfigKeys (ConfUtils.java:logGet(43)) - raft.server.log.segment.cache.num.max = 2 (custom)
2019-11-14 22:49:19,980 [pool-527-thread-1] INFO  server.RaftServerConfigKeys (ConfUtils.java:logGet(43)) - raft.server.log.statemachine.data.sync = true (default)
2019-11-14 22:49:19,980 [pool-587-thread-1] INFO  server.RaftServerConfigKeys (ConfUtils.java:logGet(43)) - raft.server.log.segment.cache.num.max = 2 (custom)
2019-11-14 22:49:19,980 [pool-527-thread-1] INFO  server.RaftServerConfigKeys (ConfUtils.java:logGet(43)) - raft.server.log.statemachine.data.sync.timeout = 10s (default)
2019-11-14 22:49:19,980 [pool-577-thread-1] INFO  segmented.SegmentedRaftLogWorker (SegmentedRaftLogWorker.java:<init>(173)) - new 7d8f40ed-fc7e-4283-96c6-8f8f645c1bfe@group-BF3B0723C2F2-SegmentedRaftLogWorker for RaftStorage:Storage Directory /workdir/hadoop-ozone/integration-test/target/test-dir/MiniOzoneClusterImpl-9caa682c-a503-45f4-84bb-f8dd249825f6/datanode-7/data/ratis/e54ec45e-ad6c-47c7-a623-bf3b0723c2f2
2019-11-14 22:49:19,980 [pool-527-thread-1] INFO  server.RaftServerConfigKeys (ConfUtils.java:logGet(43)) - raft.server.log.statemachine.data.sync.timeout.retry = -1 (default)
2019-11-14 22:49:19,980 [pool-587-thread-1] INFO  segmented.SegmentedRaftLogWorker (SegmentedRaftLogWorker.java:<init>(173)) - new 58f72cb5-8974-4d0e-9564-cfe3e68dc671@group-BF3B0723C2F2-SegmentedRaftLogWorker for RaftStorage:Storage Directory /workdir/hadoop-ozone/integration-test/target/test-dir/MiniOzoneClusterImpl-9caa682c-a503-45f4-84bb-f8dd249825f6/datanode-8/data/ratis/e54ec45e-ad6c-47c7-a623-bf3b0723c2f2
2019-11-14 22:49:19,980 [pool-527-thread-1] INFO  server.RaftServerConfigKeys (ConfUtils.java:logGet(43)) - raft.server.log.statemachine.data.caching.enabled = true (custom)
2019-11-14 22:49:19,980 [pool-577-thread-1] INFO  server.RaftServerConfigKeys (ConfUtils.java:logGet(43)) - raft.server.log.queue.byte-limit = 2147483647 (custom)
2019-11-14 22:49:19,980 [pool-587-thread-1] INFO  server.RaftServerConfigKeys (ConfUtils.java:logGet(43)) - raft.server.log.queue.byte-limit = 2147483647 (custom)
2019-11-14 22:49:19,980 [pool-527-thread-1] INFO  segmented.SegmentedRaftLogWorker (SegmentedRaftLogWorker.java:lambda$new$0(128)) - 720981dd-80b6-4b59-8027-74344e9fba7b@group-BF3B0723C2F2-SegmentedRaftLogWorker: flushIndex: setUnconditionally 0 -> -1
2019-11-14 22:49:19,980 [pool-577-thread-1] INFO  server.RaftServerConfigKeys (ConfUtils.java:logGet(43)) - raft.server.log.queue.element-limit = 1024 (custom)
2019-11-14 22:49:19,980 [pool-587-thread-1] INFO  server.RaftServerConfigKeys (ConfUtils.java:logGet(43)) - raft.server.log.queue.element-limit = 1024 (custom)
2019-11-14 22:49:19,981 [pool-577-thread-1] INFO  server.RaftServerConfigKeys (ConfUtils.java:logGet(43)) - raft.server.log.segment.size.max = 1048576 (custom)
2019-11-14 22:49:19,981 [pool-527-thread-1] INFO  server.RaftServerConfigKeys (ConfUtils.java:logGet(43)) - raft.server.snapshot.auto.trigger.enabled = true (custom)
2019-11-14 22:49:19,981 [pool-587-thread-1] INFO  server.RaftServerConfigKeys (ConfUtils.java:logGet(43)) - raft.server.log.segment.size.max = 1048576 (custom)
2019-11-14 22:49:19,981 [pool-527-thread-1] INFO  server.RaftServerConfigKeys (ConfUtils.java:logGet(43)) - raft.server.snapshot.auto.trigger.threshold = 10000 (custom)
2019-11-14 22:49:19,981 [pool-577-thread-1] INFO  server.RaftServerConfigKeys (ConfUtils.java:logGet(43)) - raft.server.log.preallocated.size = 16384 (custom)
2019-11-14 22:49:19,981 [pool-527-thread-1] INFO  server.RaftServerConfigKeys (ConfUtils.java:logGet(43)) - raft.server.snapshot.retention.file.num = 5 (custom)
2019-11-14 22:49:19,981 [pool-587-thread-1] INFO  server.RaftServerConfigKeys (ConfUtils.java:logGet(43)) - raft.server.log.preallocated.size = 16384 (custom)
2019-11-14 22:49:19,981 [pool-527-thread-1] INFO  server.RaftServerConfigKeys (ConfUtils.java:logGet(43)) - raft.server.retrycache.expirytime = 600000ms (custom)
2019-11-14 22:49:19,981 [pool-577-thread-1] INFO  server.RaftServerConfigKeys (ConfUtils.java:logGet(43)) - raft.server.log.write.buffer.size = 33554432 (custom)
2019-11-14 22:49:19,981 [pool-527-thread-1] WARN  impl.MetricRegistriesImpl (MetricRegistriesImpl.java:lambda$create$1(61)) - First MetricRegistry has been created without registering reporters. You may need to call MetricRegistries.global().addReportRegistration(...) before.
2019-11-14 22:49:19,981 [pool-587-thread-1] INFO  server.RaftServerConfigKeys (ConfUtils.java:logGet(43)) - raft.server.log.write.buffer.size = 33554432 (custom)
2019-11-14 22:49:19,981 [pool-527-thread-1] WARN  impl.MetricRegistriesImpl (MetricRegistriesImpl.java:lambda$create$1(61)) - First MetricRegistry has been created without registering reporters. You may need to call MetricRegistries.global().addReportRegistration(...) before.
2019-11-14 22:49:19,981 [pool-577-thread-1] INFO  server.RaftServerConfigKeys (ConfUtils.java:logGet(43)) - raft.server.log.force.sync.num = 128 (default)
2019-11-14 22:49:19,982 [pool-527-thread-1] INFO  impl.RaftServerImpl (RaftServerImpl.java:start(184)) - 720981dd-80b6-4b59-8027-74344e9fba7b@group-BF3B0723C2F2: start as a follower, conf=-1: [58f72cb5-8974-4d0e-9564-cfe3e68dc671:192.168.69.106:42937, 720981dd-80b6-4b59-8027-74344e9fba7b:192.168.69.106:33190, 7d8f40ed-fc7e-4283-96c6-8f8f645c1bfe:192.168.69.106:40228], old=null
2019-11-14 22:49:19,982 [pool-587-thread-1] INFO  server.RaftServerConfigKeys (ConfUtils.java:logGet(43)) - raft.server.log.force.sync.num = 128 (default)
2019-11-14 22:49:19,982 [pool-527-thread-1] INFO  impl.RaftServerImpl (RaftServerImpl.java:setRole(173)) - 720981dd-80b6-4b59-8027-74344e9fba7b@group-BF3B0723C2F2: changes role from      null to FOLLOWER at term 0 for startAsFollower
2019-11-14 22:49:19,982 [pool-577-thread-1] INFO  server.RaftServerConfigKeys (ConfUtils.java:logGet(43)) - raft.server.log.statemachine.data.sync = true (default)
2019-11-14 22:49:19,982 [pool-527-thread-1] INFO  impl.RoleInfo (RoleInfo.java:updateAndGet(143)) - 720981dd-80b6-4b59-8027-74344e9fba7b: start FollowerState
2019-11-14 22:49:19,982 [pool-587-thread-1] INFO  server.RaftServerConfigKeys (ConfUtils.java:logGet(43)) - raft.server.log.statemachine.data.sync = true (default)
2019-11-14 22:49:19,982 [pool-577-thread-1] INFO  server.RaftServerConfigKeys (ConfUtils.java:logGet(43)) - raft.server.log.statemachine.data.sync.timeout = 10s (default)
2019-11-14 22:49:19,982 [pool-587-thread-1] INFO  server.RaftServerConfigKeys (ConfUtils.java:logGet(43)) - raft.server.log.statemachine.data.sync.timeout = 10s (default)
2019-11-14 22:49:19,982 [pool-527-thread-1] INFO  util.JmxRegister (JmxRegister.java:tryRegister(44)) - Successfully registered JMX Bean with object name Ratis:service=RaftServer,group=group-BF3B0723C2F2,id=720981dd-80b6-4b59-8027-74344e9fba7b
2019-11-14 22:49:19,982 [pool-577-thread-1] INFO  server.RaftServerConfigKeys (ConfUtils.java:logGet(43)) - raft.server.log.statemachine.data.sync.timeout.retry = -1 (default)
2019-11-14 22:49:19,982 [pool-527-thread-1] WARN  impl.MetricRegistriesImpl (MetricRegistriesImpl.java:lambda$create$1(61)) - First MetricRegistry has been created without registering reporters. You may need to call MetricRegistries.global().addReportRegistration(...) before.
2019-11-14 22:49:19,982 [pool-587-thread-1] INFO  server.RaftServerConfigKeys (ConfUtils.java:logGet(43)) - raft.server.log.statemachine.data.sync.timeout.retry = -1 (default)
2019-11-14 22:49:19,983 [pool-577-thread-1] INFO  server.RaftServerConfigKeys (ConfUtils.java:logGet(43)) - raft.server.log.statemachine.data.caching.enabled = true (custom)
2019-11-14 22:49:19,983 [pool-587-thread-1] INFO  server.RaftServerConfigKeys (ConfUtils.java:logGet(43)) - raft.server.log.statemachine.data.caching.enabled = true (custom)
2019-11-14 22:49:19,983 [pool-577-thread-1] INFO  segmented.SegmentedRaftLogWorker (SegmentedRaftLogWorker.java:lambda$new$0(128)) - 7d8f40ed-fc7e-4283-96c6-8f8f645c1bfe@group-BF3B0723C2F2-SegmentedRaftLogWorker: flushIndex: setUnconditionally 0 -> -1
2019-11-14 22:49:19,983 [pool-587-thread-1] INFO  segmented.SegmentedRaftLogWorker (SegmentedRaftLogWorker.java:lambda$new$0(128)) - 58f72cb5-8974-4d0e-9564-cfe3e68dc671@group-BF3B0723C2F2-SegmentedRaftLogWorker: flushIndex: setUnconditionally 0 -> -1
2019-11-14 22:49:19,983 [pool-577-thread-1] INFO  server.RaftServerConfigKeys (ConfUtils.java:logGet(43)) - raft.server.snapshot.auto.trigger.enabled = true (custom)
2019-11-14 22:49:19,983 [pool-577-thread-1] INFO  server.RaftServerConfigKeys (ConfUtils.java:logGet(43)) - raft.server.snapshot.auto.trigger.threshold = 10000 (custom)
2019-11-14 22:49:19,983 [pool-587-thread-1] INFO  server.RaftServerConfigKeys (ConfUtils.java:logGet(43)) - raft.server.snapshot.auto.trigger.enabled = true (custom)
2019-11-14 22:49:19,983 [pool-577-thread-1] INFO  server.RaftServerConfigKeys (ConfUtils.java:logGet(43)) - raft.server.snapshot.retention.file.num = 5 (custom)
2019-11-14 22:49:19,983 [pool-587-thread-1] INFO  server.RaftServerConfigKeys (ConfUtils.java:logGet(43)) - raft.server.snapshot.auto.trigger.threshold = 10000 (custom)
2019-11-14 22:49:19,984 [pool-577-thread-1] INFO  server.RaftServerConfigKeys (ConfUtils.java:logGet(43)) - raft.server.retrycache.expirytime = 600000ms (custom)
2019-11-14 22:49:19,984 [pool-587-thread-1] INFO  server.RaftServerConfigKeys (ConfUtils.java:logGet(43)) - raft.server.snapshot.retention.file.num = 5 (custom)
2019-11-14 22:49:19,984 [pool-577-thread-1] WARN  impl.MetricRegistriesImpl (MetricRegistriesImpl.java:lambda$create$1(61)) - First MetricRegistry has been created without registering reporters. You may need to call MetricRegistries.global().addReportRegistration(...) before.
2019-11-14 22:49:19,984 [pool-587-thread-1] INFO  server.RaftServerConfigKeys (ConfUtils.java:logGet(43)) - raft.server.retrycache.expirytime = 600000ms (custom)
2019-11-14 22:49:19,984 [pool-577-thread-1] WARN  impl.MetricRegistriesImpl (MetricRegistriesImpl.java:lambda$create$1(61)) - First MetricRegistry has been created without registering reporters. You may need to call MetricRegistries.global().addReportRegistration(...) before.
2019-11-14 22:49:19,984 [pool-587-thread-1] WARN  impl.MetricRegistriesImpl (MetricRegistriesImpl.java:lambda$create$1(61)) - First MetricRegistry has been created without registering reporters. You may need to call MetricRegistries.global().addReportRegistration(...) before.
2019-11-14 22:49:19,984 [pool-577-thread-1] INFO  impl.RaftServerImpl (RaftServerImpl.java:start(184)) - 7d8f40ed-fc7e-4283-96c6-8f8f645c1bfe@group-BF3B0723C2F2: start as a follower, conf=-1: [58f72cb5-8974-4d0e-9564-cfe3e68dc671:192.168.69.106:42937, 720981dd-80b6-4b59-8027-74344e9fba7b:192.168.69.106:33190, 7d8f40ed-fc7e-4283-96c6-8f8f645c1bfe:192.168.69.106:40228], old=null
2019-11-14 22:49:19,984 [pool-587-thread-1] WARN  impl.MetricRegistriesImpl (MetricRegistriesImpl.java:lambda$create$1(61)) - First MetricRegistry has been created without registering reporters. You may need to call MetricRegistries.global().addReportRegistration(...) before.
2019-11-14 22:49:19,984 [pool-577-thread-1] INFO  impl.RaftServerImpl (RaftServerImpl.java:setRole(173)) - 7d8f40ed-fc7e-4283-96c6-8f8f645c1bfe@group-BF3B0723C2F2: changes role from      null to FOLLOWER at term 0 for startAsFollower
2019-11-14 22:49:19,984 [pool-587-thread-1] INFO  impl.RaftServerImpl (RaftServerImpl.java:start(184)) - 58f72cb5-8974-4d0e-9564-cfe3e68dc671@group-BF3B0723C2F2: start as a follower, conf=-1: [58f72cb5-8974-4d0e-9564-cfe3e68dc671:192.168.69.106:42937, 720981dd-80b6-4b59-8027-74344e9fba7b:192.168.69.106:33190, 7d8f40ed-fc7e-4283-96c6-8f8f645c1bfe:192.168.69.106:40228], old=null
2019-11-14 22:49:19,984 [pool-577-thread-1] INFO  impl.RoleInfo (RoleInfo.java:updateAndGet(143)) - 7d8f40ed-fc7e-4283-96c6-8f8f645c1bfe: start FollowerState
2019-11-14 22:49:19,984 [pool-587-thread-1] INFO  impl.RaftServerImpl (RaftServerImpl.java:setRole(173)) - 58f72cb5-8974-4d0e-9564-cfe3e68dc671@group-BF3B0723C2F2: changes role from      null to FOLLOWER at term 0 for startAsFollower
2019-11-14 22:49:19,985 [pool-587-thread-1] INFO  impl.RoleInfo (RoleInfo.java:updateAndGet(143)) - 58f72cb5-8974-4d0e-9564-cfe3e68dc671: start FollowerState
2019-11-14 22:49:19,985 [pool-577-thread-1] INFO  util.JmxRegister (JmxRegister.java:tryRegister(44)) - Successfully registered JMX Bean with object name Ratis:service=RaftServer,group=group-BF3B0723C2F2,id=7d8f40ed-fc7e-4283-96c6-8f8f645c1bfe
2019-11-14 22:49:19,985 [pool-577-thread-1] WARN  impl.MetricRegistriesImpl (MetricRegistriesImpl.java:lambda$create$1(61)) - First MetricRegistry has been created without registering reporters. You may need to call MetricRegistries.global().addReportRegistration(...) before.
2019-11-14 22:49:19,985 [pool-587-thread-1] INFO  util.JmxRegister (JmxRegister.java:tryRegister(44)) - Successfully registered JMX Bean with object name Ratis:service=RaftServer,group=group-BF3B0723C2F2,id=58f72cb5-8974-4d0e-9564-cfe3e68dc671
2019-11-14 22:49:19,985 [pool-587-thread-1] WARN  impl.MetricRegistriesImpl (MetricRegistriesImpl.java:lambda$create$1(61)) - First MetricRegistry has been created without registering reporters. You may need to call MetricRegistries.global().addReportRegistration(...) before.
2019-11-14 22:49:19,987 [RatisPipelineUtilsThread] INFO  pipeline.PipelineStateManager (PipelineStateManager.java:addPipeline(55)) - Created pipeline Pipeline[ Id: e54ec45e-ad6c-47c7-a623-bf3b0723c2f2, Nodes: 58f72cb5-8974-4d0e-9564-cfe3e68dc671{ip: 192.168.69.106, host: pr-hdds-2494-dtfqw-3996435450, networkLocation: /rack1, certSerialId: null}7d8f40ed-fc7e-4283-96c6-8f8f645c1bfe{ip: 192.168.69.106, host: pr-hdds-2494-dtfqw-3996435450, networkLocation: /rack1, certSerialId: null}720981dd-80b6-4b59-8027-74344e9fba7b{ip: 192.168.69.106, host: pr-hdds-2494-dtfqw-3996435450, networkLocation: /rack1, certSerialId: null}, Type:RATIS, Factor:THREE, State:ALLOCATED]
2019-11-14 22:49:19,995 [grpc-default-executor-9] INFO  impl.RaftServerProxy (RaftServerProxy.java:addNew(89)) - df16aec3-050f-40e4-a922-70bdb89d4bf1: addNew group-B67B3BB094A1:[df16aec3-050f-40e4-a922-70bdb89d4bf1:192.168.69.106:44144, 82d9b010-cdd2-48aa-a03f-c52b44e44827:192.168.69.106:46701, c5c819e6-85b2-482d-9128-e8ea2b7ba4a4:192.168.69.106:40987] returns group-B67B3BB094A1:java.util.concurrent.CompletableFuture@22264258[Not completed]
2019-11-14 22:49:19,997 [grpc-default-executor-5] INFO  impl.RaftServerProxy (RaftServerProxy.java:addNew(89)) - 82d9b010-cdd2-48aa-a03f-c52b44e44827: addNew group-B67B3BB094A1:[df16aec3-050f-40e4-a922-70bdb89d4bf1:192.168.69.106:44144, 82d9b010-cdd2-48aa-a03f-c52b44e44827:192.168.69.106:46701, c5c819e6-85b2-482d-9128-e8ea2b7ba4a4:192.168.69.106:40987] returns group-B67B3BB094A1:java.util.concurrent.CompletableFuture@647181d[Not completed]
2019-11-14 22:49:19,998 [grpc-default-executor-4] INFO  impl.RaftServerProxy (RaftServerProxy.java:addNew(89)) - c5c819e6-85b2-482d-9128-e8ea2b7ba4a4: addNew group-B67B3BB094A1:[df16aec3-050f-40e4-a922-70bdb89d4bf1:192.168.69.106:44144, 82d9b010-cdd2-48aa-a03f-c52b44e44827:192.168.69.106:46701, c5c819e6-85b2-482d-9128-e8ea2b7ba4a4:192.168.69.106:40987] returns group-B67B3BB094A1:java.util.concurrent.CompletableFuture@75526829[Not completed]
2019-11-14 22:49:19,998 [pool-507-thread-1] INFO  impl.RaftServerImpl (RaftServerImpl.java:<init>(98)) - df16aec3-050f-40e4-a922-70bdb89d4bf1: new RaftServerImpl for group-B67B3BB094A1:[df16aec3-050f-40e4-a922-70bdb89d4bf1:192.168.69.106:44144, 82d9b010-cdd2-48aa-a03f-c52b44e44827:192.168.69.106:46701, c5c819e6-85b2-482d-9128-e8ea2b7ba4a4:192.168.69.106:40987] with ContainerStateMachine:uninitialized
2019-11-14 22:49:19,998 [pool-507-thread-1] INFO  server.RaftServerConfigKeys (ConfUtils.java:logGet(43)) - raft.server.rpc.timeout.min = 1s (custom)
2019-11-14 22:49:19,998 [pool-507-thread-1] INFO  server.RaftServerConfigKeys (ConfUtils.java:logGet(43)) - raft.server.rpc.timeout.max = 1200ms (custom)
2019-11-14 22:49:19,998 [pool-507-thread-1] INFO  server.RaftServerConfigKeys (ConfUtils.java:logGet(43)) - raft.server.rpcslowness.timeout = 120s (custom)
2019-11-14 22:49:19,998 [pool-507-thread-1] INFO  server.RaftServerConfigKeys (ConfUtils.java:logGet(43)) - raft.server.sleep.deviation.threshold = 300 (default)
2019-11-14 22:49:19,999 [pool-567-thread-1] INFO  impl.RaftServerImpl (RaftServerImpl.java:<init>(98)) - c5c819e6-85b2-482d-9128-e8ea2b7ba4a4: new RaftServerImpl for group-B67B3BB094A1:[df16aec3-050f-40e4-a922-70bdb89d4bf1:192.168.69.106:44144, 82d9b010-cdd2-48aa-a03f-c52b44e44827:192.168.69.106:46701, c5c819e6-85b2-482d-9128-e8ea2b7ba4a4:192.168.69.106:40987] with ContainerStateMachine:uninitialized
2019-11-14 22:49:19,999 [pool-507-thread-1] INFO  server.RaftServerConfigKeys (ConfUtils.java:logGet(43)) - raft.server.log.appender.install.snapshot.enabled = false (custom)
2019-11-14 22:49:19,999 [pool-567-thread-1] INFO  server.RaftServerConfigKeys (ConfUtils.java:logGet(43)) - raft.server.rpc.timeout.min = 1s (custom)
2019-11-14 22:49:19,999 [pool-507-thread-1] INFO  impl.RaftServerImpl (ServerState.java:<init>(103)) - df16aec3-050f-40e4-a922-70bdb89d4bf1@group-B67B3BB094A1: ConfigurationManager, init=-1: [df16aec3-050f-40e4-a922-70bdb89d4bf1:192.168.69.106:44144, 82d9b010-cdd2-48aa-a03f-c52b44e44827:192.168.69.106:46701, c5c819e6-85b2-482d-9128-e8ea2b7ba4a4:192.168.69.106:40987], old=null, confs=<EMPTY_MAP>
2019-11-14 22:49:19,999 [pool-567-thread-1] INFO  server.RaftServerConfigKeys (ConfUtils.java:logGet(43)) - raft.server.rpc.timeout.max = 1200ms (custom)
2019-11-14 22:49:19,999 [pool-507-thread-1] INFO  server.RaftServerConfigKeys (ConfUtils.java:logGet(43)) - raft.server.storage.dir = [/workdir/hadoop-ozone/integration-test/target/test-dir/MiniOzoneClusterImpl-9caa682c-a503-45f4-84bb-f8dd249825f6/datanode-0/data/ratis] (custom)
2019-11-14 22:49:19,999 [pool-597-thread-1] INFO  impl.RaftServerImpl (RaftServerImpl.java:<init>(98)) - 82d9b010-cdd2-48aa-a03f-c52b44e44827: new RaftServerImpl for group-B67B3BB094A1:[df16aec3-050f-40e4-a922-70bdb89d4bf1:192.168.69.106:44144, 82d9b010-cdd2-48aa-a03f-c52b44e44827:192.168.69.106:46701, c5c819e6-85b2-482d-9128-e8ea2b7ba4a4:192.168.69.106:40987] with ContainerStateMachine:uninitialized
2019-11-14 22:49:19,999 [pool-567-thread-1] INFO  server.RaftServerConfigKeys (ConfUtils.java:logGet(43)) - raft.server.rpcslowness.timeout = 120s (custom)
2019-11-14 22:49:19,999 [pool-597-thread-1] INFO  server.RaftServerConfigKeys (ConfUtils.java:logGet(43)) - raft.server.rpc.timeout.min = 1s (custom)
2019-11-14 22:49:19,999 [pool-507-thread-1] INFO  server.RaftServerConfigKeys (ConfUtils.java:logGet(43)) - raft.server.log.corruption.policy = EXCEPTION (default)
2019-11-14 22:49:19,999 [pool-597-thread-1] INFO  server.RaftServerConfigKeys (ConfUtils.java:logGet(43)) - raft.server.rpc.timeout.max = 1200ms (custom)
2019-11-14 22:49:19,999 [pool-567-thread-1] INFO  server.RaftServerConfigKeys (ConfUtils.java:logGet(43)) - raft.server.sleep.deviation.threshold = 300 (default)
2019-11-14 22:49:20,000 [pool-597-thread-1] INFO  server.RaftServerConfigKeys (ConfUtils.java:logGet(43)) - raft.server.rpcslowness.timeout = 120s (custom)
2019-11-14 22:49:20,000 [pool-507-thread-1] INFO  storage.RaftStorageDirectory (RaftStorageDirectory.java:analyzeStorage(246)) - The storage directory /workdir/hadoop-ozone/integration-test/target/test-dir/MiniOzoneClusterImpl-9caa682c-a503-45f4-84bb-f8dd249825f6/datanode-0/data/ratis/aa0ff3f3-bb19-4f77-b438-b67b3bb094a1 does not exist. Creating ...
2019-11-14 22:49:20,000 [pool-597-thread-1] INFO  server.RaftServerConfigKeys (ConfUtils.java:logGet(43)) - raft.server.sleep.deviation.threshold = 300 (default)
2019-11-14 22:49:20,000 [pool-597-thread-1] INFO  server.RaftServerConfigKeys (ConfUtils.java:logGet(43)) - raft.server.log.appender.install.snapshot.enabled = false (custom)
2019-11-14 22:49:20,000 [pool-567-thread-1] INFO  server.RaftServerConfigKeys (ConfUtils.java:logGet(43)) - raft.server.log.appender.install.snapshot.enabled = false (custom)
2019-11-14 22:49:20,000 [pool-597-thread-1] INFO  impl.RaftServerImpl (ServerState.java:<init>(103)) - 82d9b010-cdd2-48aa-a03f-c52b44e44827@group-B67B3BB094A1: ConfigurationManager, init=-1: [df16aec3-050f-40e4-a922-70bdb89d4bf1:192.168.69.106:44144, 82d9b010-cdd2-48aa-a03f-c52b44e44827:192.168.69.106:46701, c5c819e6-85b2-482d-9128-e8ea2b7ba4a4:192.168.69.106:40987], old=null, confs=<EMPTY_MAP>
2019-11-14 22:49:20,000 [pool-567-thread-1] INFO  impl.RaftServerImpl (ServerState.java:<init>(103)) - c5c819e6-85b2-482d-9128-e8ea2b7ba4a4@group-B67B3BB094A1: ConfigurationManager, init=-1: [df16aec3-050f-40e4-a922-70bdb89d4bf1:192.168.69.106:44144, 82d9b010-cdd2-48aa-a03f-c52b44e44827:192.168.69.106:46701, c5c819e6-85b2-482d-9128-e8ea2b7ba4a4:192.168.69.106:40987], old=null, confs=<EMPTY_MAP>
2019-11-14 22:49:20,000 [pool-597-thread-1] INFO  server.RaftServerConfigKeys (ConfUtils.java:logGet(43)) - raft.server.storage.dir = [/workdir/hadoop-ozone/integration-test/target/test-dir/MiniOzoneClusterImpl-9caa682c-a503-45f4-84bb-f8dd249825f6/datanode-9/data/ratis] (custom)
2019-11-14 22:49:20,001 [pool-567-thread-1] INFO  server.RaftServerConfigKeys (ConfUtils.java:logGet(43)) - raft.server.storage.dir = [/workdir/hadoop-ozone/integration-test/target/test-dir/MiniOzoneClusterImpl-9caa682c-a503-45f4-84bb-f8dd249825f6/datanode-6/data/ratis] (custom)
2019-11-14 22:49:20,001 [pool-597-thread-1] INFO  server.RaftServerConfigKeys (ConfUtils.java:logGet(43)) - raft.server.log.corruption.policy = EXCEPTION (default)
2019-11-14 22:49:20,001 [pool-567-thread-1] INFO  server.RaftServerConfigKeys (ConfUtils.java:logGet(43)) - raft.server.log.corruption.policy = EXCEPTION (default)
2019-11-14 22:49:20,001 [pool-597-thread-1] INFO  storage.RaftStorageDirectory (RaftStorageDirectory.java:analyzeStorage(246)) - The storage directory /workdir/hadoop-ozone/integration-test/target/test-dir/MiniOzoneClusterImpl-9caa682c-a503-45f4-84bb-f8dd249825f6/datanode-9/data/ratis/aa0ff3f3-bb19-4f77-b438-b67b3bb094a1 does not exist. Creating ...
2019-11-14 22:49:20,001 [pool-567-thread-1] INFO  storage.RaftStorageDirectory (RaftStorageDirectory.java:analyzeStorage(246)) - The storage directory /workdir/hadoop-ozone/integration-test/target/test-dir/MiniOzoneClusterImpl-9caa682c-a503-45f4-84bb-f8dd249825f6/datanode-6/data/ratis/aa0ff3f3-bb19-4f77-b438-b67b3bb094a1 does not exist. Creating ...
2019-11-14 22:49:20,028 [pool-507-thread-1] INFO  storage.RaftStorageDirectory (RaftStorageDirectory.java:tryLock(328)) - Lock on /workdir/hadoop-ozone/integration-test/target/test-dir/MiniOzoneClusterImpl-9caa682c-a503-45f4-84bb-f8dd249825f6/datanode-0/data/ratis/aa0ff3f3-bb19-4f77-b438-b67b3bb094a1/in_use.lock acquired by nodename 339@pr-hdds-2494-dtfqw-3996435450
2019-11-14 22:49:20,028 [pool-597-thread-1] INFO  storage.RaftStorageDirectory (RaftStorageDirectory.java:tryLock(328)) - Lock on /workdir/hadoop-ozone/integration-test/target/test-dir/MiniOzoneClusterImpl-9caa682c-a503-45f4-84bb-f8dd249825f6/datanode-9/data/ratis/aa0ff3f3-bb19-4f77-b438-b67b3bb094a1/in_use.lock acquired by nodename 339@pr-hdds-2494-dtfqw-3996435450
2019-11-14 22:49:20,028 [pool-567-thread-1] INFO  storage.RaftStorageDirectory (RaftStorageDirectory.java:tryLock(328)) - Lock on /workdir/hadoop-ozone/integration-test/target/test-dir/MiniOzoneClusterImpl-9caa682c-a503-45f4-84bb-f8dd249825f6/datanode-6/data/ratis/aa0ff3f3-bb19-4f77-b438-b67b3bb094a1/in_use.lock acquired by nodename 339@pr-hdds-2494-dtfqw-3996435450
2019-11-14 22:49:20,045 [pool-507-thread-1] INFO  storage.RaftStorage (RaftStorage.java:format(84)) - Storage directory /workdir/hadoop-ozone/integration-test/target/test-dir/MiniOzoneClusterImpl-9caa682c-a503-45f4-84bb-f8dd249825f6/datanode-0/data/ratis/aa0ff3f3-bb19-4f77-b438-b67b3bb094a1 has been successfully formatted.
2019-11-14 22:49:20,045 [pool-567-thread-1] INFO  storage.RaftStorage (RaftStorage.java:format(84)) - Storage directory /workdir/hadoop-ozone/integration-test/target/test-dir/MiniOzoneClusterImpl-9caa682c-a503-45f4-84bb-f8dd249825f6/datanode-6/data/ratis/aa0ff3f3-bb19-4f77-b438-b67b3bb094a1 has been successfully formatted.
2019-11-14 22:49:20,045 [pool-597-thread-1] INFO  storage.RaftStorage (RaftStorage.java:format(84)) - Storage directory /workdir/hadoop-ozone/integration-test/target/test-dir/MiniOzoneClusterImpl-9caa682c-a503-45f4-84bb-f8dd249825f6/datanode-9/data/ratis/aa0ff3f3-bb19-4f77-b438-b67b3bb094a1 has been successfully formatted.
2019-11-14 22:49:20,045 [pool-507-thread-1] INFO  ratis.ContainerStateMachine (ContainerStateMachine.java:loadSnapshot(223)) - group-B67B3BB094A1: The snapshot info is null. Setting the last applied indexto:(t:0, i:~)
2019-11-14 22:49:20,046 [pool-567-thread-1] INFO  ratis.ContainerStateMachine (ContainerStateMachine.java:loadSnapshot(223)) - group-B67B3BB094A1: The snapshot info is null. Setting the last applied indexto:(t:0, i:~)
2019-11-14 22:49:20,046 [pool-597-thread-1] INFO  ratis.ContainerStateMachine (ContainerStateMachine.java:loadSnapshot(223)) - group-B67B3BB094A1: The snapshot info is null. Setting the last applied indexto:(t:0, i:~)
2019-11-14 22:49:20,046 [pool-567-thread-1] INFO  server.RaftServerConfigKeys (ConfUtils.java:logGet(43)) - raft.server.notification.no-leader.timeout = 120s (custom)
2019-11-14 22:49:20,046 [pool-507-thread-1] INFO  server.RaftServerConfigKeys (ConfUtils.java:logGet(43)) - raft.server.notification.no-leader.timeout = 120s (custom)
2019-11-14 22:49:20,046 [pool-567-thread-1] INFO  server.RaftServerConfigKeys (ConfUtils.java:logGet(43)) - raft.server.log.use.memory = false (default)
2019-11-14 22:49:20,046 [pool-597-thread-1] INFO  server.RaftServerConfigKeys (ConfUtils.java:logGet(43)) - raft.server.notification.no-leader.timeout = 120s (custom)
2019-11-14 22:49:20,046 [pool-567-thread-1] INFO  server.RaftServerConfigKeys (ConfUtils.java:logGet(43)) - raft.server.log.purge.gap = 1000000 (custom)
2019-11-14 22:49:20,046 [pool-507-thread-1] INFO  server.RaftServerConfigKeys (ConfUtils.java:logGet(43)) - raft.server.log.use.memory = false (default)
2019-11-14 22:49:20,047 [pool-567-thread-1] INFO  server.RaftServerConfigKeys (ConfUtils.java:logGet(43)) - raft.server.log.appender.buffer.byte-limit = 33554432 (custom)
2019-11-14 22:49:20,046 [pool-597-thread-1] INFO  server.RaftServerConfigKeys (ConfUtils.java:logGet(43)) - raft.server.log.use.memory = false (default)
2019-11-14 22:49:20,047 [pool-567-thread-1] INFO  server.RaftServerConfigKeys (ConfUtils.java:logGet(43)) - raft.server.log.segment.size.max = 1048576 (custom)
2019-11-14 22:49:20,047 [pool-507-thread-1] INFO  server.RaftServerConfigKeys (ConfUtils.java:logGet(43)) - raft.server.log.purge.gap = 1000000 (custom)
2019-11-14 22:49:20,047 [pool-567-thread-1] INFO  server.RaftServerConfigKeys (ConfUtils.java:logGet(43)) - raft.server.log.segment.cache.num.max = 2 (custom)
2019-11-14 22:49:20,047 [pool-597-thread-1] INFO  server.RaftServerConfigKeys (ConfUtils.java:logGet(43)) - raft.server.log.purge.gap = 1000000 (custom)
2019-11-14 22:49:20,047 [pool-567-thread-1] INFO  segmented.SegmentedRaftLogWorker (SegmentedRaftLogWorker.java:<init>(173)) - new c5c819e6-85b2-482d-9128-e8ea2b7ba4a4@group-B67B3BB094A1-SegmentedRaftLogWorker for RaftStorage:Storage Directory /workdir/hadoop-ozone/integration-test/target/test-dir/MiniOzoneClusterImpl-9caa682c-a503-45f4-84bb-f8dd249825f6/datanode-6/data/ratis/aa0ff3f3-bb19-4f77-b438-b67b3bb094a1
2019-11-14 22:49:20,047 [pool-507-thread-1] INFO  server.RaftServerConfigKeys (ConfUtils.java:logGet(43)) - raft.server.log.appender.buffer.byte-limit = 33554432 (custom)
2019-11-14 22:49:20,047 [pool-567-thread-1] INFO  server.RaftServerConfigKeys (ConfUtils.java:logGet(43)) - raft.server.log.queue.byte-limit = 2147483647 (custom)
2019-11-14 22:49:20,047 [pool-597-thread-1] INFO  server.RaftServerConfigKeys (ConfUtils.java:logGet(43)) - raft.server.log.appender.buffer.byte-limit = 33554432 (custom)
2019-11-14 22:49:20,048 [pool-567-thread-1] INFO  server.RaftServerConfigKeys (ConfUtils.java:logGet(43)) - raft.server.log.queue.element-limit = 1024 (custom)
2019-11-14 22:49:20,048 [pool-507-thread-1] INFO  server.RaftServerConfigKeys (ConfUtils.java:logGet(43)) - raft.server.log.segment.size.max = 1048576 (custom)
2019-11-14 22:49:20,048 [pool-567-thread-1] INFO  server.RaftServerConfigKeys (ConfUtils.java:logGet(43)) - raft.server.log.segment.size.max = 1048576 (custom)
2019-11-14 22:49:20,048 [pool-567-thread-1] INFO  server.RaftServerConfigKeys (ConfUtils.java:logGet(43)) - raft.server.log.preallocated.size = 16384 (custom)
2019-11-14 22:49:20,048 [pool-597-thread-1] INFO  server.RaftServerConfigKeys (ConfUtils.java:logGet(43)) - raft.server.log.segment.size.max = 1048576 (custom)
2019-11-14 22:49:20,048 [pool-567-thread-1] INFO  server.RaftServerConfigKeys (ConfUtils.java:logGet(43)) - raft.server.log.write.buffer.size = 33554432 (custom)
2019-11-14 22:49:20,048 [pool-507-thread-1] INFO  server.RaftServerConfigKeys (ConfUtils.java:logGet(43)) - raft.server.log.segment.cache.num.max = 2 (custom)
2019-11-14 22:49:20,049 [pool-567-thread-1] INFO  server.RaftServerConfigKeys (ConfUtils.java:logGet(43)) - raft.server.log.force.sync.num = 128 (default)
2019-11-14 22:49:20,048 [pool-597-thread-1] WARN  impl.MetricRegistriesImpl (MetricRegistriesImpl.java:lambda$create$1(61)) - First MetricRegistry has been created without registering reporters. You may need to call MetricRegistries.global().addReportRegistration(...) before.
2019-11-14 22:49:20,049 [pool-567-thread-1] INFO  server.RaftServerConfigKeys (ConfUtils.java:logGet(43)) - raft.server.log.statemachine.data.sync = true (default)
2019-11-14 22:49:20,049 [pool-507-thread-1] INFO  segmented.SegmentedRaftLogWorker (SegmentedRaftLogWorker.java:<init>(173)) - new df16aec3-050f-40e4-a922-70bdb89d4bf1@group-B67B3BB094A1-SegmentedRaftLogWorker for RaftStorage:Storage Directory /workdir/hadoop-ozone/integration-test/target/test-dir/MiniOzoneClusterImpl-9caa682c-a503-45f4-84bb-f8dd249825f6/datanode-0/data/ratis/aa0ff3f3-bb19-4f77-b438-b67b3bb094a1
2019-11-14 22:49:20,049 [pool-567-thread-1] INFO  server.RaftServerConfigKeys (ConfUtils.java:logGet(43)) - raft.server.log.statemachine.data.sync.timeout = 10s (default)
2019-11-14 22:49:20,049 [pool-597-thread-1] INFO  server.RaftServerConfigKeys (ConfUtils.java:logGet(43)) - raft.server.log.segment.cache.num.max = 2 (custom)
2019-11-14 22:49:20,049 [pool-567-thread-1] INFO  server.RaftServerConfigKeys (ConfUtils.java:logGet(43)) - raft.server.log.statemachine.data.sync.timeout.retry = -1 (default)
2019-11-14 22:49:20,049 [pool-507-thread-1] INFO  server.RaftServerConfigKeys (ConfUtils.java:logGet(43)) - raft.server.log.queue.byte-limit = 2147483647 (custom)
2019-11-14 22:49:20,050 [pool-567-thread-1] INFO  server.RaftServerConfigKeys (ConfUtils.java:logGet(43)) - raft.server.log.statemachine.data.caching.enabled = true (custom)
2019-11-14 22:49:20,049 [pool-597-thread-1] INFO  segmented.SegmentedRaftLogWorker (SegmentedRaftLogWorker.java:<init>(173)) - new 82d9b010-cdd2-48aa-a03f-c52b44e44827@group-B67B3BB094A1-SegmentedRaftLogWorker for RaftStorage:Storage Directory /workdir/hadoop-ozone/integration-test/target/test-dir/MiniOzoneClusterImpl-9caa682c-a503-45f4-84bb-f8dd249825f6/datanode-9/data/ratis/aa0ff3f3-bb19-4f77-b438-b67b3bb094a1
2019-11-14 22:49:20,050 [pool-507-thread-1] INFO  server.RaftServerConfigKeys (ConfUtils.java:logGet(43)) - raft.server.log.queue.element-limit = 1024 (custom)
2019-11-14 22:49:20,050 [pool-567-thread-1] INFO  segmented.SegmentedRaftLogWorker (SegmentedRaftLogWorker.java:lambda$new$0(128)) - c5c819e6-85b2-482d-9128-e8ea2b7ba4a4@group-B67B3BB094A1-SegmentedRaftLogWorker: flushIndex: setUnconditionally 0 -> -1
2019-11-14 22:49:20,050 [pool-597-thread-1] INFO  server.RaftServerConfigKeys (ConfUtils.java:logGet(43)) - raft.server.log.queue.byte-limit = 2147483647 (custom)
2019-11-14 22:49:20,050 [pool-507-thread-1] INFO  server.RaftServerConfigKeys (ConfUtils.java:logGet(43)) - raft.server.log.segment.size.max = 1048576 (custom)
2019-11-14 22:49:20,050 [pool-567-thread-1] INFO  server.RaftServerConfigKeys (ConfUtils.java:logGet(43)) - raft.server.snapshot.auto.trigger.enabled = true (custom)
2019-11-14 22:49:20,050 [pool-597-thread-1] INFO  server.RaftServerConfigKeys (ConfUtils.java:logGet(43)) - raft.server.log.queue.element-limit = 1024 (custom)
2019-11-14 22:49:20,050 [pool-567-thread-1] INFO  server.RaftServerConfigKeys (ConfUtils.java:logGet(43)) - raft.server.snapshot.auto.trigger.threshold = 10000 (custom)
2019-11-14 22:49:20,050 [pool-507-thread-1] INFO  server.RaftServerConfigKeys (ConfUtils.java:logGet(43)) - raft.server.log.preallocated.size = 16384 (custom)
2019-11-14 22:49:20,051 [pool-567-thread-1] INFO  server.RaftServerConfigKeys (ConfUtils.java:logGet(43)) - raft.server.snapshot.retention.file.num = 5 (custom)
2019-11-14 22:49:20,051 [pool-597-thread-1] INFO  server.RaftServerConfigKeys (ConfUtils.java:logGet(43)) - raft.server.log.segment.size.max = 1048576 (custom)
2019-11-14 22:49:20,051 [pool-567-thread-1] INFO  server.RaftServerConfigKeys (ConfUtils.java:logGet(43)) - raft.server.retrycache.expirytime = 600000ms (custom)
2019-11-14 22:49:20,051 [pool-507-thread-1] INFO  server.RaftServerConfigKeys (ConfUtils.java:logGet(43)) - raft.server.log.write.buffer.size = 33554432 (custom)
2019-11-14 22:49:20,051 [pool-567-thread-1] WARN  impl.MetricRegistriesImpl (MetricRegistriesImpl.java:lambda$create$1(61)) - First MetricRegistry has been created without registering reporters. You may need to call MetricRegistries.global().addReportRegistration(...) before.
2019-11-14 22:49:20,051 [pool-597-thread-1] INFO  server.RaftServerConfigKeys (ConfUtils.java:logGet(43)) - raft.server.log.preallocated.size = 16384 (custom)
2019-11-14 22:49:20,051 [pool-567-thread-1] WARN  impl.MetricRegistriesImpl (MetricRegistriesImpl.java:lambda$create$1(61)) - First MetricRegistry has been created without registering reporters. You may need to call MetricRegistries.global().addReportRegistration(...) before.
2019-11-14 22:49:20,051 [pool-507-thread-1] INFO  server.RaftServerConfigKeys (ConfUtils.java:logGet(43)) - raft.server.log.force.sync.num = 128 (default)
2019-11-14 22:49:20,052 [pool-597-thread-1] INFO  server.RaftServerConfigKeys (ConfUtils.java:logGet(43)) - raft.server.log.write.buffer.size = 33554432 (custom)
2019-11-14 22:49:20,052 [pool-567-thread-1] INFO  impl.RaftServerImpl (RaftServerImpl.java:start(184)) - c5c819e6-85b2-482d-9128-e8ea2b7ba4a4@group-B67B3BB094A1: start as a follower, conf=-1: [df16aec3-050f-40e4-a922-70bdb89d4bf1:192.168.69.106:44144, 82d9b010-cdd2-48aa-a03f-c52b44e44827:192.168.69.106:46701, c5c819e6-85b2-482d-9128-e8ea2b7ba4a4:192.168.69.106:40987], old=null
2019-11-14 22:49:20,052 [pool-507-thread-1] INFO  server.RaftServerConfigKeys (ConfUtils.java:logGet(43)) - raft.server.log.statemachine.data.sync = true (default)
2019-11-14 22:49:20,052 [pool-567-thread-1] INFO  impl.RaftServerImpl (RaftServerImpl.java:setRole(173)) - c5c819e6-85b2-482d-9128-e8ea2b7ba4a4@group-B67B3BB094A1: changes role from      null to FOLLOWER at term 0 for startAsFollower
2019-11-14 22:49:20,052 [pool-597-thread-1] INFO  server.RaftServerConfigKeys (ConfUtils.java:logGet(43)) - raft.server.log.force.sync.num = 128 (default)
2019-11-14 22:49:20,052 [pool-567-thread-1] INFO  impl.RoleInfo (RoleInfo.java:updateAndGet(143)) - c5c819e6-85b2-482d-9128-e8ea2b7ba4a4: start FollowerState
2019-11-14 22:49:20,052 [pool-507-thread-1] INFO  server.RaftServerConfigKeys (ConfUtils.java:logGet(43)) - raft.server.log.statemachine.data.sync.timeout = 10s (default)
2019-11-14 22:49:20,052 [pool-597-thread-1] INFO  server.RaftServerConfigKeys (ConfUtils.java:logGet(43)) - raft.server.log.statemachine.data.sync = true (default)
2019-11-14 22:49:20,053 [pool-507-thread-1] INFO  server.RaftServerConfigKeys (ConfUtils.java:logGet(43)) - raft.server.log.statemachine.data.sync.timeout.retry = -1 (default)
2019-11-14 22:49:20,053 [pool-567-thread-1] INFO  util.JmxRegister (JmxRegister.java:tryRegister(44)) - Successfully registered JMX Bean with object name Ratis:service=RaftServer,group=group-B67B3BB094A1,id=c5c819e6-85b2-482d-9128-e8ea2b7ba4a4
2019-11-14 22:49:20,053 [pool-597-thread-1] INFO  server.RaftServerConfigKeys (ConfUtils.java:logGet(43)) - raft.server.log.statemachine.data.sync.timeout = 10s (default)
2019-11-14 22:49:20,053 [pool-567-thread-1] WARN  impl.MetricRegistriesImpl (MetricRegistriesImpl.java:lambda$create$1(61)) - First MetricRegistry has been created without registering reporters. You may need to call MetricRegistries.global().addReportRegistration(...) before.
2019-11-14 22:49:20,053 [pool-507-thread-1] INFO  server.RaftServerConfigKeys (ConfUtils.java:logGet(43)) - raft.server.log.statemachine.data.caching.enabled = true (custom)
2019-11-14 22:49:20,053 [pool-597-thread-1] INFO  server.RaftServerConfigKeys (ConfUtils.java:logGet(43)) - raft.server.log.statemachine.data.sync.timeout.retry = -1 (default)
2019-11-14 22:49:20,053 [pool-507-thread-1] INFO  segmented.SegmentedRaftLogWorker (SegmentedRaftLogWorker.java:lambda$new$0(128)) - df16aec3-050f-40e4-a922-70bdb89d4bf1@group-B67B3BB094A1-SegmentedRaftLogWorker: flushIndex: setUnconditionally 0 -> -1
2019-11-14 22:49:20,054 [pool-597-thread-1] INFO  server.RaftServerConfigKeys (ConfUtils.java:logGet(43)) - raft.server.log.statemachine.data.caching.enabled = true (custom)
2019-11-14 22:49:20,054 [pool-507-thread-1] INFO  server.RaftServerConfigKeys (ConfUtils.java:logGet(43)) - raft.server.snapshot.auto.trigger.enabled = true (custom)
2019-11-14 22:49:20,054 [pool-507-thread-1] INFO  server.RaftServerConfigKeys (ConfUtils.java:logGet(43)) - raft.server.snapshot.auto.trigger.threshold = 10000 (custom)
2019-11-14 22:49:20,054 [pool-597-thread-1] INFO  segmented.SegmentedRaftLogWorker (SegmentedRaftLogWorker.java:lambda$new$0(128)) - 82d9b010-cdd2-48aa-a03f-c52b44e44827@group-B67B3BB094A1-SegmentedRaftLogWorker: flushIndex: setUnconditionally 0 -> -1
2019-11-14 22:49:20,054 [pool-507-thread-1] INFO  server.RaftServerConfigKeys (ConfUtils.java:logGet(43)) - raft.server.snapshot.retention.file.num = 5 (custom)
2019-11-14 22:49:20,054 [pool-597-thread-1] INFO  server.RaftServerConfigKeys (ConfUtils.java:logGet(43)) - raft.server.snapshot.auto.trigger.enabled = true (custom)
2019-11-14 22:49:20,054 [pool-507-thread-1] INFO  server.RaftServerConfigKeys (ConfUtils.java:logGet(43)) - raft.server.retrycache.expirytime = 600000ms (custom)
2019-11-14 22:49:20,054 [pool-597-thread-1] INFO  server.RaftServerConfigKeys (ConfUtils.java:logGet(43)) - raft.server.snapshot.auto.trigger.threshold = 10000 (custom)
2019-11-14 22:49:20,054 [pool-507-thread-1] WARN  impl.MetricRegistriesImpl (MetricRegistriesImpl.java:lambda$create$1(61)) - First MetricRegistry has been created without registering reporters. You may need to call MetricRegistries.global().addReportRegistration(...) before.
2019-11-14 22:49:20,055 [pool-597-thread-1] INFO  server.RaftServerConfigKeys (ConfUtils.java:logGet(43)) - raft.server.snapshot.retention.file.num = 5 (custom)
2019-11-14 22:49:20,055 [pool-507-thread-1] WARN  impl.MetricRegistriesImpl (MetricRegistriesImpl.java:lambda$create$1(61)) - First MetricRegistry has been created without registering reporters. You may need to call MetricRegistries.global().addReportRegistration(...) before.
2019-11-14 22:49:20,055 [pool-597-thread-1] INFO  server.RaftServerConfigKeys (ConfUtils.java:logGet(43)) - raft.server.retrycache.expirytime = 600000ms (custom)
2019-11-14 22:49:20,055 [pool-507-thread-1] INFO  impl.RaftServerImpl (RaftServerImpl.java:start(184)) - df16aec3-050f-40e4-a922-70bdb89d4bf1@group-B67B3BB094A1: start as a follower, conf=-1: [df16aec3-050f-40e4-a922-70bdb89d4bf1:192.168.69.106:44144, 82d9b010-cdd2-48aa-a03f-c52b44e44827:192.168.69.106:46701, c5c819e6-85b2-482d-9128-e8ea2b7ba4a4:192.168.69.106:40987], old=null
2019-11-14 22:49:20,055 [pool-597-thread-1] WARN  impl.MetricRegistriesImpl (MetricRegistriesImpl.java:lambda$create$1(61)) - First MetricRegistry has been created without registering reporters. You may need to call MetricRegistries.global().addReportRegistration(...) before.
2019-11-14 22:49:20,055 [pool-507-thread-1] INFO  impl.RaftServerImpl (RaftServerImpl.java:setRole(173)) - df16aec3-050f-40e4-a922-70bdb89d4bf1@group-B67B3BB094A1: changes role from      null to FOLLOWER at term 0 for startAsFollower
2019-11-14 22:49:20,055 [pool-597-thread-1] WARN  impl.MetricRegistriesImpl (MetricRegistriesImpl.java:lambda$create$1(61)) - First MetricRegistry has been created without registering reporters. You may need to call MetricRegistries.global().addReportRegistration(...) before.
2019-11-14 22:49:20,055 [pool-507-thread-1] INFO  impl.RoleInfo (RoleInfo.java:updateAndGet(143)) - df16aec3-050f-40e4-a922-70bdb89d4bf1: start FollowerState
2019-11-14 22:49:20,055 [pool-597-thread-1] INFO  impl.RaftServerImpl (RaftServerImpl.java:start(184)) - 82d9b010-cdd2-48aa-a03f-c52b44e44827@group-B67B3BB094A1: start as a follower, conf=-1: [df16aec3-050f-40e4-a922-70bdb89d4bf1:192.168.69.106:44144, 82d9b010-cdd2-48aa-a03f-c52b44e44827:192.168.69.106:46701, c5c819e6-85b2-482d-9128-e8ea2b7ba4a4:192.168.69.106:40987], old=null
2019-11-14 22:49:20,056 [pool-597-thread-1] INFO  impl.RaftServerImpl (RaftServerImpl.java:setRole(173)) - 82d9b010-cdd2-48aa-a03f-c52b44e44827@group-B67B3BB094A1: changes role from      null to FOLLOWER at term 0 for startAsFollower
2019-11-14 22:49:20,056 [pool-507-thread-1] INFO  util.JmxRegister (JmxRegister.java:tryRegister(44)) - Successfully registered JMX Bean with object name Ratis:service=RaftServer,group=group-B67B3BB094A1,id=df16aec3-050f-40e4-a922-70bdb89d4bf1
2019-11-14 22:49:20,056 [pool-597-thread-1] INFO  impl.RoleInfo (RoleInfo.java:updateAndGet(143)) - 82d9b010-cdd2-48aa-a03f-c52b44e44827: start FollowerState
2019-11-14 22:49:20,056 [pool-507-thread-1] WARN  impl.MetricRegistriesImpl (MetricRegistriesImpl.java:lambda$create$1(61)) - First MetricRegistry has been created without registering reporters. You may need to call MetricRegistries.global().addReportRegistration(...) before.
2019-11-14 22:49:20,056 [pool-597-thread-1] INFO  util.JmxRegister (JmxRegister.java:tryRegister(44)) - Successfully registered JMX Bean with object name Ratis:service=RaftServer,group=group-B67B3BB094A1,id=82d9b010-cdd2-48aa-a03f-c52b44e44827
2019-11-14 22:49:20,056 [pool-597-thread-1] WARN  impl.MetricRegistriesImpl (MetricRegistriesImpl.java:lambda$create$1(61)) - First MetricRegistry has been created without registering reporters. You may need to call MetricRegistries.global().addReportRegistration(...) before.
2019-11-14 22:49:20,059 [RatisPipelineUtilsThread] INFO  pipeline.PipelineStateManager (PipelineStateManager.java:addPipeline(55)) - Created pipeline Pipeline[ Id: aa0ff3f3-bb19-4f77-b438-b67b3bb094a1, Nodes: 82d9b010-cdd2-48aa-a03f-c52b44e44827{ip: 192.168.69.106, host: pr-hdds-2494-dtfqw-3996435450, networkLocation: /rack1, certSerialId: null}c5c819e6-85b2-482d-9128-e8ea2b7ba4a4{ip: 192.168.69.106, host: pr-hdds-2494-dtfqw-3996435450, networkLocation: /rack1, certSerialId: null}df16aec3-050f-40e4-a922-70bdb89d4bf1{ip: 192.168.69.106, host: pr-hdds-2494-dtfqw-3996435450, networkLocation: /rack1, certSerialId: null}, Type:RATIS, Factor:THREE, State:ALLOCATED]
2019-11-14 22:49:20,062 [main] INFO  ozone.MiniOzoneClusterImpl (MiniOzoneClusterImpl.java:lambda$waitForClusterToBeReady$2(163)) - Waiting for 10 number of pipelines out of 10, to report a leader.
2019-11-14 22:49:20,067 [grpc-default-executor-4] INFO  impl.RaftServerProxy (RaftServerProxy.java:addNew(89)) - 58f72cb5-8974-4d0e-9564-cfe3e68dc671: addNew group-DC549A6FFF5A:[58f72cb5-8974-4d0e-9564-cfe3e68dc671:192.168.69.106:42937] returns group-DC549A6FFF5A:java.util.concurrent.CompletableFuture@1638a7ea[Not completed]
2019-11-14 22:49:20,067 [pool-587-thread-1] INFO  impl.RaftServerImpl (RaftServerImpl.java:<init>(98)) - 58f72cb5-8974-4d0e-9564-cfe3e68dc671: new RaftServerImpl for group-DC549A6FFF5A:[58f72cb5-8974-4d0e-9564-cfe3e68dc671:192.168.69.106:42937] with ContainerStateMachine:uninitialized
2019-11-14 22:49:20,068 [pool-587-thread-1] INFO  server.RaftServerConfigKeys (ConfUtils.java:logGet(43)) - raft.server.rpc.timeout.min = 1s (custom)
2019-11-14 22:49:20,068 [pool-587-thread-1] INFO  server.RaftServerConfigKeys (ConfUtils.java:logGet(43)) - raft.server.rpc.timeout.max = 1200ms (custom)
2019-11-14 22:49:20,068 [pool-587-thread-1] INFO  server.RaftServerConfigKeys (ConfUtils.java:logGet(43)) - raft.server.rpcslowness.timeout = 120s (custom)
2019-11-14 22:49:20,068 [pool-587-thread-1] INFO  server.RaftServerConfigKeys (ConfUtils.java:logGet(43)) - raft.server.sleep.deviation.threshold = 300 (default)
2019-11-14 22:49:20,068 [pool-587-thread-1] INFO  server.RaftServerConfigKeys (ConfUtils.java:logGet(43)) - raft.server.log.appender.install.snapshot.enabled = false (custom)
2019-11-14 22:49:20,068 [pool-587-thread-1] INFO  impl.RaftServerImpl (ServerState.java:<init>(103)) - 58f72cb5-8974-4d0e-9564-cfe3e68dc671@group-DC549A6FFF5A: ConfigurationManager, init=-1: [58f72cb5-8974-4d0e-9564-cfe3e68dc671:192.168.69.106:42937], old=null, confs=<EMPTY_MAP>
2019-11-14 22:49:20,068 [pool-587-thread-1] INFO  server.RaftServerConfigKeys (ConfUtils.java:logGet(43)) - raft.server.storage.dir = [/workdir/hadoop-ozone/integration-test/target/test-dir/MiniOzoneClusterImpl-9caa682c-a503-45f4-84bb-f8dd249825f6/datanode-8/data/ratis] (custom)
2019-11-14 22:49:20,068 [pool-587-thread-1] INFO  server.RaftServerConfigKeys (ConfUtils.java:logGet(43)) - raft.server.log.corruption.policy = EXCEPTION (default)
2019-11-14 22:49:20,068 [pool-587-thread-1] INFO  storage.RaftStorageDirectory (RaftStorageDirectory.java:analyzeStorage(246)) - The storage directory /workdir/hadoop-ozone/integration-test/target/test-dir/MiniOzoneClusterImpl-9caa682c-a503-45f4-84bb-f8dd249825f6/datanode-8/data/ratis/c8e0e736-108e-4e3e-93b4-dc549a6fff5a does not exist. Creating ...
2019-11-14 22:49:20,096 [pool-587-thread-1] INFO  storage.RaftStorageDirectory (RaftStorageDirectory.java:tryLock(328)) - Lock on /workdir/hadoop-ozone/integration-test/target/test-dir/MiniOzoneClusterImpl-9caa682c-a503-45f4-84bb-f8dd249825f6/datanode-8/data/ratis/c8e0e736-108e-4e3e-93b4-dc549a6fff5a/in_use.lock acquired by nodename 339@pr-hdds-2494-dtfqw-3996435450
2019-11-14 22:49:20,122 [pool-587-thread-1] INFO  storage.RaftStorage (RaftStorage.java:format(84)) - Storage directory /workdir/hadoop-ozone/integration-test/target/test-dir/MiniOzoneClusterImpl-9caa682c-a503-45f4-84bb-f8dd249825f6/datanode-8/data/ratis/c8e0e736-108e-4e3e-93b4-dc549a6fff5a has been successfully formatted.
2019-11-14 22:49:20,122 [pool-587-thread-1] INFO  ratis.ContainerStateMachine (ContainerStateMachine.java:loadSnapshot(223)) - group-DC549A6FFF5A: The snapshot info is null. Setting the last applied indexto:(t:0, i:~)
2019-11-14 22:49:20,122 [pool-587-thread-1] INFO  server.RaftServerConfigKeys (ConfUtils.java:logGet(43)) - raft.server.notification.no-leader.timeout = 120s (custom)
2019-11-14 22:49:20,122 [pool-587-thread-1] INFO  server.RaftServerConfigKeys (ConfUtils.java:logGet(43)) - raft.server.log.use.memory = false (default)
2019-11-14 22:49:20,122 [pool-587-thread-1] INFO  server.RaftServerConfigKeys (ConfUtils.java:logGet(43)) - raft.server.log.purge.gap = 1000000 (custom)
2019-11-14 22:49:20,122 [pool-587-thread-1] INFO  server.RaftServerConfigKeys (ConfUtils.java:logGet(43)) - raft.server.log.appender.buffer.byte-limit = 33554432 (custom)
2019-11-14 22:49:20,123 [pool-587-thread-1] INFO  server.RaftServerConfigKeys (ConfUtils.java:logGet(43)) - raft.server.log.segment.size.max = 1048576 (custom)
2019-11-14 22:49:20,123 [pool-587-thread-1] INFO  server.RaftServerConfigKeys (ConfUtils.java:logGet(43)) - raft.server.log.segment.cache.num.max = 2 (custom)
2019-11-14 22:49:20,123 [pool-587-thread-1] INFO  segmented.SegmentedRaftLogWorker (SegmentedRaftLogWorker.java:<init>(173)) - new 58f72cb5-8974-4d0e-9564-cfe3e68dc671@group-DC549A6FFF5A-SegmentedRaftLogWorker for RaftStorage:Storage Directory /workdir/hadoop-ozone/integration-test/target/test-dir/MiniOzoneClusterImpl-9caa682c-a503-45f4-84bb-f8dd249825f6/datanode-8/data/ratis/c8e0e736-108e-4e3e-93b4-dc549a6fff5a
2019-11-14 22:49:20,123 [pool-587-thread-1] INFO  server.RaftServerConfigKeys (ConfUtils.java:logGet(43)) - raft.server.log.queue.byte-limit = 2147483647 (custom)
2019-11-14 22:49:20,123 [pool-587-thread-1] INFO  server.RaftServerConfigKeys (ConfUtils.java:logGet(43)) - raft.server.log.queue.element-limit = 1024 (custom)
2019-11-14 22:49:20,123 [pool-587-thread-1] INFO  server.RaftServerConfigKeys (ConfUtils.java:logGet(43)) - raft.server.log.segment.size.max = 1048576 (custom)
2019-11-14 22:49:20,123 [pool-587-thread-1] INFO  server.RaftServerConfigKeys (ConfUtils.java:logGet(43)) - raft.server.log.preallocated.size = 16384 (custom)
2019-11-14 22:49:20,123 [pool-587-thread-1] INFO  server.RaftServerConfigKeys (ConfUtils.java:logGet(43)) - raft.server.log.write.buffer.size = 33554432 (custom)
2019-11-14 22:49:20,123 [pool-587-thread-1] INFO  server.RaftServerConfigKeys (ConfUtils.java:logGet(43)) - raft.server.log.force.sync.num = 128 (default)
2019-11-14 22:49:20,123 [pool-587-thread-1] INFO  server.RaftServerConfigKeys (ConfUtils.java:logGet(43)) - raft.server.log.statemachine.data.sync = true (default)
2019-11-14 22:49:20,123 [pool-587-thread-1] INFO  server.RaftServerConfigKeys (ConfUtils.java:logGet(43)) - raft.server.log.statemachine.data.sync.timeout = 10s (default)
2019-11-14 22:49:20,123 [pool-587-thread-1] INFO  server.RaftServerConfigKeys (ConfUtils.java:logGet(43)) - raft.server.log.statemachine.data.sync.timeout.retry = -1 (default)
2019-11-14 22:49:20,124 [pool-587-thread-1] INFO  server.RaftServerConfigKeys (ConfUtils.java:logGet(43)) - raft.server.log.statemachine.data.caching.enabled = true (custom)
2019-11-14 22:49:20,124 [pool-587-thread-1] INFO  segmented.SegmentedRaftLogWorker (SegmentedRaftLogWorker.java:lambda$new$0(128)) - 58f72cb5-8974-4d0e-9564-cfe3e68dc671@group-DC549A6FFF5A-SegmentedRaftLogWorker: flushIndex: setUnconditionally 0 -> -1
2019-11-14 22:49:20,124 [pool-587-thread-1] INFO  server.RaftServerConfigKeys (ConfUtils.java:logGet(43)) - raft.server.snapshot.auto.trigger.enabled = true (custom)
2019-11-14 22:49:20,124 [pool-587-thread-1] INFO  server.RaftServerConfigKeys (ConfUtils.java:logGet(43)) - raft.server.snapshot.auto.trigger.threshold = 10000 (custom)
2019-11-14 22:49:20,124 [pool-587-thread-1] INFO  server.RaftServerConfigKeys (ConfUtils.java:logGet(43)) - raft.server.snapshot.retention.file.num = 5 (custom)
2019-11-14 22:49:20,124 [pool-587-thread-1] INFO  server.RaftServerConfigKeys (ConfUtils.java:logGet(43)) - raft.server.retrycache.expirytime = 600000ms (custom)
2019-11-14 22:49:20,124 [pool-587-thread-1] WARN  impl.MetricRegistriesImpl (MetricRegistriesImpl.java:lambda$create$1(61)) - First MetricRegistry has been created without registering reporters. You may need to call MetricRegistries.global().addReportRegistration(...) before.
2019-11-14 22:49:20,125 [pool-587-thread-1] WARN  impl.MetricRegistriesImpl (MetricRegistriesImpl.java:lambda$create$1(61)) - First MetricRegistry has been created without registering reporters. You may need to call MetricRegistries.global().addReportRegistration(...) before.
2019-11-14 22:49:20,125 [pool-587-thread-1] INFO  impl.RaftServerImpl (RaftServerImpl.java:start(184)) - 58f72cb5-8974-4d0e-9564-cfe3e68dc671@group-DC549A6FFF5A: start as a follower, conf=-1: [58f72cb5-8974-4d0e-9564-cfe3e68dc671:192.168.69.106:42937], old=null
2019-11-14 22:49:20,125 [pool-587-thread-1] INFO  impl.RaftServerImpl (RaftServerImpl.java:setRole(173)) - 58f72cb5-8974-4d0e-9564-cfe3e68dc671@group-DC549A6FFF5A: changes role from      null to FOLLOWER at term 0 for startAsFollower
2019-11-14 22:49:20,125 [pool-587-thread-1] INFO  impl.RoleInfo (RoleInfo.java:updateAndGet(143)) - 58f72cb5-8974-4d0e-9564-cfe3e68dc671: start FollowerState
2019-11-14 22:49:20,125 [pool-587-thread-1] INFO  util.JmxRegister (JmxRegister.java:tryRegister(44)) - Successfully registered JMX Bean with object name Ratis:service=RaftServer,group=group-DC549A6FFF5A,id=58f72cb5-8974-4d0e-9564-cfe3e68dc671
2019-11-14 22:49:20,125 [pool-587-thread-1] WARN  impl.MetricRegistriesImpl (MetricRegistriesImpl.java:lambda$create$1(61)) - First MetricRegistry has been created without registering reporters. You may need to call MetricRegistries.global().addReportRegistration(...) before.
2019-11-14 22:49:20,128 [RatisPipelineUtilsThread] INFO  pipeline.PipelineStateManager (PipelineStateManager.java:addPipeline(55)) - Created pipeline Pipeline[ Id: c8e0e736-108e-4e3e-93b4-dc549a6fff5a, Nodes: 58f72cb5-8974-4d0e-9564-cfe3e68dc671{ip: 192.168.69.106, host: pr-hdds-2494-dtfqw-3996435450, networkLocation: /rack1, certSerialId: null}, Type:RATIS, Factor:ONE, State:ALLOCATED]
2019-11-14 22:49:20,146 [grpc-default-executor-4] INFO  impl.RaftServerProxy (RaftServerProxy.java:addNew(89)) - 7d8f40ed-fc7e-4283-96c6-8f8f645c1bfe: addNew group-9B30234B9AAF:[7d8f40ed-fc7e-4283-96c6-8f8f645c1bfe:192.168.69.106:40228] returns group-9B30234B9AAF:java.util.concurrent.CompletableFuture@454b31d7[Not completed]
2019-11-14 22:49:20,147 [pool-577-thread-1] INFO  impl.RaftServerImpl (RaftServerImpl.java:<init>(98)) - 7d8f40ed-fc7e-4283-96c6-8f8f645c1bfe: new RaftServerImpl for group-9B30234B9AAF:[7d8f40ed-fc7e-4283-96c6-8f8f645c1bfe:192.168.69.106:40228] with ContainerStateMachine:uninitialized
2019-11-14 22:49:20,147 [pool-577-thread-1] INFO  server.RaftServerConfigKeys (ConfUtils.java:logGet(43)) - raft.server.rpc.timeout.min = 1s (custom)
2019-11-14 22:49:20,147 [pool-577-thread-1] INFO  server.RaftServerConfigKeys (ConfUtils.java:logGet(43)) - raft.server.rpc.timeout.max = 1200ms (custom)
2019-11-14 22:49:20,147 [pool-577-thread-1] INFO  server.RaftServerConfigKeys (ConfUtils.java:logGet(43)) - raft.server.rpcslowness.timeout = 120s (custom)
2019-11-14 22:49:20,147 [pool-577-thread-1] INFO  server.RaftServerConfigKeys (ConfUtils.java:logGet(43)) - raft.server.sleep.deviation.threshold = 300 (default)
2019-11-14 22:49:20,147 [pool-577-thread-1] INFO  server.RaftServerConfigKeys (ConfUtils.java:logGet(43)) - raft.server.log.appender.install.snapshot.enabled = false (custom)
2019-11-14 22:49:20,147 [pool-577-thread-1] INFO  impl.RaftServerImpl (ServerState.java:<init>(103)) - 7d8f40ed-fc7e-4283-96c6-8f8f645c1bfe@group-9B30234B9AAF: ConfigurationManager, init=-1: [7d8f40ed-fc7e-4283-96c6-8f8f645c1bfe:192.168.69.106:40228], old=null, confs=<EMPTY_MAP>
2019-11-14 22:49:20,147 [pool-577-thread-1] INFO  server.RaftServerConfigKeys (ConfUtils.java:logGet(43)) - raft.server.storage.dir = [/workdir/hadoop-ozone/integration-test/target/test-dir/MiniOzoneClusterImpl-9caa682c-a503-45f4-84bb-f8dd249825f6/datanode-7/data/ratis] (custom)
2019-11-14 22:49:20,147 [pool-577-thread-1] INFO  server.RaftServerConfigKeys (ConfUtils.java:logGet(43)) - raft.server.log.corruption.policy = EXCEPTION (default)
2019-11-14 22:49:20,148 [pool-577-thread-1] INFO  storage.RaftStorageDirectory (RaftStorageDirectory.java:analyzeStorage(246)) - The storage directory /workdir/hadoop-ozone/integration-test/target/test-dir/MiniOzoneClusterImpl-9caa682c-a503-45f4-84bb-f8dd249825f6/datanode-7/data/ratis/ec255c24-7512-47ee-93fd-9b30234b9aaf does not exist. Creating ...
2019-11-14 22:49:20,172 [pool-577-thread-1] INFO  storage.RaftStorageDirectory (RaftStorageDirectory.java:tryLock(328)) - Lock on /workdir/hadoop-ozone/integration-test/target/test-dir/MiniOzoneClusterImpl-9caa682c-a503-45f4-84bb-f8dd249825f6/datanode-7/data/ratis/ec255c24-7512-47ee-93fd-9b30234b9aaf/in_use.lock acquired by nodename 339@pr-hdds-2494-dtfqw-3996435450
2019-11-14 22:49:20,198 [pool-577-thread-1] INFO  storage.RaftStorage (RaftStorage.java:format(84)) - Storage directory /workdir/hadoop-ozone/integration-test/target/test-dir/MiniOzoneClusterImpl-9caa682c-a503-45f4-84bb-f8dd249825f6/datanode-7/data/ratis/ec255c24-7512-47ee-93fd-9b30234b9aaf has been successfully formatted.
2019-11-14 22:49:20,198 [pool-577-thread-1] INFO  ratis.ContainerStateMachine (ContainerStateMachine.java:loadSnapshot(223)) - group-9B30234B9AAF: The snapshot info is null. Setting the last applied indexto:(t:0, i:~)
2019-11-14 22:49:20,198 [pool-577-thread-1] INFO  server.RaftServerConfigKeys (ConfUtils.java:logGet(43)) - raft.server.notification.no-leader.timeout = 120s (custom)
2019-11-14 22:49:20,198 [pool-577-thread-1] INFO  server.RaftServerConfigKeys (ConfUtils.java:logGet(43)) - raft.server.log.use.memory = false (default)
2019-11-14 22:49:20,199 [pool-577-thread-1] INFO  server.RaftServerConfigKeys (ConfUtils.java:logGet(43)) - raft.server.log.purge.gap = 1000000 (custom)
2019-11-14 22:49:20,199 [pool-577-thread-1] INFO  server.RaftServerConfigKeys (ConfUtils.java:logGet(43)) - raft.server.log.appender.buffer.byte-limit = 33554432 (custom)
2019-11-14 22:49:20,199 [pool-577-thread-1] INFO  server.RaftServerConfigKeys (ConfUtils.java:logGet(43)) - raft.server.log.segment.size.max = 1048576 (custom)
2019-11-14 22:49:20,199 [pool-577-thread-1] INFO  server.RaftServerConfigKeys (ConfUtils.java:logGet(43)) - raft.server.log.segment.cache.num.max = 2 (custom)
2019-11-14 22:49:20,199 [pool-577-thread-1] INFO  segmented.SegmentedRaftLogWorker (SegmentedRaftLogWorker.java:<init>(173)) - new 7d8f40ed-fc7e-4283-96c6-8f8f645c1bfe@group-9B30234B9AAF-SegmentedRaftLogWorker for RaftStorage:Storage Directory /workdir/hadoop-ozone/integration-test/target/test-dir/MiniOzoneClusterImpl-9caa682c-a503-45f4-84bb-f8dd249825f6/datanode-7/data/ratis/ec255c24-7512-47ee-93fd-9b30234b9aaf
2019-11-14 22:49:20,199 [pool-577-thread-1] INFO  server.RaftServerConfigKeys (ConfUtils.java:logGet(43)) - raft.server.log.queue.byte-limit = 2147483647 (custom)
2019-11-14 22:49:20,199 [pool-577-thread-1] INFO  server.RaftServerConfigKeys (ConfUtils.java:logGet(43)) - raft.server.log.queue.element-limit = 1024 (custom)
2019-11-14 22:49:20,199 [pool-577-thread-1] INFO  server.RaftServerConfigKeys (ConfUtils.java:logGet(43)) - raft.server.log.segment.size.max = 1048576 (custom)
2019-11-14 22:49:20,199 [pool-577-thread-1] INFO  server.RaftServerConfigKeys (ConfUtils.java:logGet(43)) - raft.server.log.preallocated.size = 16384 (custom)
2019-11-14 22:49:20,199 [pool-577-thread-1] INFO  server.RaftServerConfigKeys (ConfUtils.java:logGet(43)) - raft.server.log.write.buffer.size = 33554432 (custom)
2019-11-14 22:49:20,200 [pool-577-thread-1] INFO  server.RaftServerConfigKeys (ConfUtils.java:logGet(43)) - raft.server.log.force.sync.num = 128 (default)
2019-11-14 22:49:20,200 [pool-577-thread-1] INFO  server.RaftServerConfigKeys (ConfUtils.java:logGet(43)) - raft.server.log.statemachine.data.sync = true (default)
2019-11-14 22:49:20,200 [pool-577-thread-1] INFO  server.RaftServerConfigKeys (ConfUtils.java:logGet(43)) - raft.server.log.statemachine.data.sync.timeout = 10s (default)
2019-11-14 22:49:20,200 [pool-577-thread-1] INFO  server.RaftServerConfigKeys (ConfUtils.java:logGet(43)) - raft.server.log.statemachine.data.sync.timeout.retry = -1 (default)
2019-11-14 22:49:20,200 [pool-577-thread-1] INFO  server.RaftServerConfigKeys (ConfUtils.java:logGet(43)) - raft.server.log.statemachine.data.caching.enabled = true (custom)
2019-11-14 22:49:20,200 [pool-577-thread-1] INFO  segmented.SegmentedRaftLogWorker (SegmentedRaftLogWorker.java:lambda$new$0(128)) - 7d8f40ed-fc7e-4283-96c6-8f8f645c1bfe@group-9B30234B9AAF-SegmentedRaftLogWorker: flushIndex: setUnconditionally 0 -> -1
2019-11-14 22:49:20,200 [pool-577-thread-1] INFO  server.RaftServerConfigKeys (ConfUtils.java:logGet(43)) - raft.server.snapshot.auto.trigger.enabled = true (custom)
2019-11-14 22:49:20,201 [pool-577-thread-1] INFO  server.RaftServerConfigKeys (ConfUtils.java:logGet(43)) - raft.server.snapshot.auto.trigger.threshold = 10000 (custom)
2019-11-14 22:49:20,201 [pool-577-thread-1] INFO  server.RaftServerConfigKeys (ConfUtils.java:logGet(43)) - raft.server.snapshot.retention.file.num = 5 (custom)
2019-11-14 22:49:20,201 [pool-577-thread-1] INFO  server.RaftServerConfigKeys (ConfUtils.java:logGet(43)) - raft.server.retrycache.expirytime = 600000ms (custom)
2019-11-14 22:49:20,201 [pool-577-thread-1] WARN  impl.MetricRegistriesImpl (MetricRegistriesImpl.java:lambda$create$1(61)) - First MetricRegistry has been created without registering reporters. You may need to call MetricRegistries.global().addReportRegistration(...) before.
2019-11-14 22:49:20,201 [pool-577-thread-1] WARN  impl.MetricRegistriesImpl (MetricRegistriesImpl.java:lambda$create$1(61)) - First MetricRegistry has been created without registering reporters. You may need to call MetricRegistries.global().addReportRegistration(...) before.
2019-11-14 22:49:20,201 [pool-577-thread-1] INFO  impl.RaftServerImpl (RaftServerImpl.java:start(184)) - 7d8f40ed-fc7e-4283-96c6-8f8f645c1bfe@group-9B30234B9AAF: start as a follower, conf=-1: [7d8f40ed-fc7e-4283-96c6-8f8f645c1bfe:192.168.69.106:40228], old=null
2019-11-14 22:49:20,201 [pool-577-thread-1] INFO  impl.RaftServerImpl (RaftServerImpl.java:setRole(173)) - 7d8f40ed-fc7e-4283-96c6-8f8f645c1bfe@group-9B30234B9AAF: changes role from      null to FOLLOWER at term 0 for startAsFollower
2019-11-14 22:49:20,201 [pool-577-thread-1] INFO  impl.RoleInfo (RoleInfo.java:updateAndGet(143)) - 7d8f40ed-fc7e-4283-96c6-8f8f645c1bfe: start FollowerState
2019-11-14 22:49:20,202 [pool-577-thread-1] INFO  util.JmxRegister (JmxRegister.java:tryRegister(44)) - Successfully registered JMX Bean with object name Ratis:service=RaftServer,group=group-9B30234B9AAF,id=7d8f40ed-fc7e-4283-96c6-8f8f645c1bfe
2019-11-14 22:49:20,202 [pool-577-thread-1] WARN  impl.MetricRegistriesImpl (MetricRegistriesImpl.java:lambda$create$1(61)) - First MetricRegistry has been created without registering reporters. You may need to call MetricRegistries.global().addReportRegistration(...) before.
2019-11-14 22:49:20,204 [RatisPipelineUtilsThread] INFO  pipeline.PipelineStateManager (PipelineStateManager.java:addPipeline(55)) - Created pipeline Pipeline[ Id: ec255c24-7512-47ee-93fd-9b30234b9aaf, Nodes: 7d8f40ed-fc7e-4283-96c6-8f8f645c1bfe{ip: 192.168.69.106, host: pr-hdds-2494-dtfqw-3996435450, networkLocation: /rack1, certSerialId: null}, Type:RATIS, Factor:ONE, State:ALLOCATED]
2019-11-14 22:49:20,211 [grpc-default-executor-4] INFO  impl.RaftServerProxy (RaftServerProxy.java:addNew(89)) - 82d9b010-cdd2-48aa-a03f-c52b44e44827: addNew group-B97F2BD76EBA:[82d9b010-cdd2-48aa-a03f-c52b44e44827:192.168.69.106:46701] returns group-B97F2BD76EBA:java.util.concurrent.CompletableFuture@66a18433[Not completed]
2019-11-14 22:49:20,212 [pool-597-thread-1] INFO  impl.RaftServerImpl (RaftServerImpl.java:<init>(98)) - 82d9b010-cdd2-48aa-a03f-c52b44e44827: new RaftServerImpl for group-B97F2BD76EBA:[82d9b010-cdd2-48aa-a03f-c52b44e44827:192.168.69.106:46701] with ContainerStateMachine:uninitialized
2019-11-14 22:49:20,212 [pool-597-thread-1] INFO  server.RaftServerConfigKeys (ConfUtils.java:logGet(43)) - raft.server.rpc.timeout.min = 1s (custom)
2019-11-14 22:49:20,212 [pool-597-thread-1] INFO  server.RaftServerConfigKeys (ConfUtils.java:logGet(43)) - raft.server.rpc.timeout.max = 1200ms (custom)
2019-11-14 22:49:20,212 [pool-597-thread-1] INFO  server.RaftServerConfigKeys (ConfUtils.java:logGet(43)) - raft.server.rpcslowness.timeout = 120s (custom)
2019-11-14 22:49:20,212 [pool-597-thread-1] INFO  server.RaftServerConfigKeys (ConfUtils.java:logGet(43)) - raft.server.sleep.deviation.threshold = 300 (default)
2019-11-14 22:49:20,212 [pool-597-thread-1] INFO  server.RaftServerConfigKeys (ConfUtils.java:logGet(43)) - raft.server.log.appender.install.snapshot.enabled = false (custom)
2019-11-14 22:49:20,212 [pool-597-thread-1] INFO  impl.RaftServerImpl (ServerState.java:<init>(103)) - 82d9b010-cdd2-48aa-a03f-c52b44e44827@group-B97F2BD76EBA: ConfigurationManager, init=-1: [82d9b010-cdd2-48aa-a03f-c52b44e44827:192.168.69.106:46701], old=null, confs=<EMPTY_MAP>
2019-11-14 22:49:20,212 [pool-597-thread-1] INFO  server.RaftServerConfigKeys (ConfUtils.java:logGet(43)) - raft.server.storage.dir = [/workdir/hadoop-ozone/integration-test/target/test-dir/MiniOzoneClusterImpl-9caa682c-a503-45f4-84bb-f8dd249825f6/datanode-9/data/ratis] (custom)
2019-11-14 22:49:20,213 [pool-597-thread-1] INFO  server.RaftServerConfigKeys (ConfUtils.java:logGet(43)) - raft.server.log.corruption.policy = EXCEPTION (default)
2019-11-14 22:49:20,213 [pool-597-thread-1] INFO  storage.RaftStorageDirectory (RaftStorageDirectory.java:analyzeStorage(246)) - The storage directory /workdir/hadoop-ozone/integration-test/target/test-dir/MiniOzoneClusterImpl-9caa682c-a503-45f4-84bb-f8dd249825f6/datanode-9/data/ratis/ecaa2765-d615-4b65-b13a-b97f2bd76eba does not exist. Creating ...
2019-11-14 22:49:20,240 [pool-597-thread-1] INFO  storage.RaftStorageDirectory (RaftStorageDirectory.java:tryLock(328)) - Lock on /workdir/hadoop-ozone/integration-test/target/test-dir/MiniOzoneClusterImpl-9caa682c-a503-45f4-84bb-f8dd249825f6/datanode-9/data/ratis/ecaa2765-d615-4b65-b13a-b97f2bd76eba/in_use.lock acquired by nodename 339@pr-hdds-2494-dtfqw-3996435450
2019-11-14 22:49:20,265 [pool-597-thread-1] INFO  storage.RaftStorage (RaftStorage.java:format(84)) - Storage directory /workdir/hadoop-ozone/integration-test/target/test-dir/MiniOzoneClusterImpl-9caa682c-a503-45f4-84bb-f8dd249825f6/datanode-9/data/ratis/ecaa2765-d615-4b65-b13a-b97f2bd76eba has been successfully formatted.
2019-11-14 22:49:20,266 [pool-597-thread-1] INFO  ratis.ContainerStateMachine (ContainerStateMachine.java:loadSnapshot(223)) - group-B97F2BD76EBA: The snapshot info is null. Setting the last applied indexto:(t:0, i:~)
2019-11-14 22:49:20,266 [pool-597-thread-1] INFO  server.RaftServerConfigKeys (ConfUtils.java:logGet(43)) - raft.server.notification.no-leader.timeout = 120s (custom)
2019-11-14 22:49:20,266 [pool-597-thread-1] INFO  server.RaftServerConfigKeys (ConfUtils.java:logGet(43)) - raft.server.log.use.memory = false (default)
2019-11-14 22:49:20,266 [pool-597-thread-1] INFO  server.RaftServerConfigKeys (ConfUtils.java:logGet(43)) - raft.server.log.purge.gap = 1000000 (custom)
2019-11-14 22:49:20,266 [pool-597-thread-1] INFO  server.RaftServerConfigKeys (ConfUtils.java:logGet(43)) - raft.server.log.appender.buffer.byte-limit = 33554432 (custom)
2019-11-14 22:49:20,266 [pool-597-thread-1] INFO  server.RaftServerConfigKeys (ConfUtils.java:logGet(43)) - raft.server.log.segment.size.max = 1048576 (custom)
2019-11-14 22:49:20,266 [pool-597-thread-1] INFO  server.RaftServerConfigKeys (ConfUtils.java:logGet(43)) - raft.server.log.segment.cache.num.max = 2 (custom)
2019-11-14 22:49:20,267 [pool-597-thread-1] INFO  segmented.SegmentedRaftLogWorker (SegmentedRaftLogWorker.java:<init>(173)) - new 82d9b010-cdd2-48aa-a03f-c52b44e44827@group-B97F2BD76EBA-SegmentedRaftLogWorker for RaftStorage:Storage Directory /workdir/hadoop-ozone/integration-test/target/test-dir/MiniOzoneClusterImpl-9caa682c-a503-45f4-84bb-f8dd249825f6/datanode-9/data/ratis/ecaa2765-d615-4b65-b13a-b97f2bd76eba
2019-11-14 22:49:20,267 [pool-597-thread-1] INFO  server.RaftServerConfigKeys (ConfUtils.java:logGet(43)) - raft.server.log.queue.byte-limit = 2147483647 (custom)
2019-11-14 22:49:20,267 [pool-597-thread-1] INFO  server.RaftServerConfigKeys (ConfUtils.java:logGet(43)) - raft.server.log.queue.element-limit = 1024 (custom)
2019-11-14 22:49:20,267 [pool-597-thread-1] INFO  server.RaftServerConfigKeys (ConfUtils.java:logGet(43)) - raft.server.log.segment.size.max = 1048576 (custom)
2019-11-14 22:49:20,267 [pool-597-thread-1] INFO  server.RaftServerConfigKeys (ConfUtils.java:logGet(43)) - raft.server.log.preallocated.size = 16384 (custom)
2019-11-14 22:49:20,267 [pool-597-thread-1] INFO  server.RaftServerConfigKeys (ConfUtils.java:logGet(43)) - raft.server.log.write.buffer.size = 33554432 (custom)
2019-11-14 22:49:20,267 [pool-597-thread-1] INFO  server.RaftServerConfigKeys (ConfUtils.java:logGet(43)) - raft.server.log.force.sync.num = 128 (default)
2019-11-14 22:49:20,267 [pool-597-thread-1] INFO  server.RaftServerConfigKeys (ConfUtils.java:logGet(43)) - raft.server.log.statemachine.data.sync = true (default)
2019-11-14 22:49:20,267 [pool-597-thread-1] INFO  server.RaftServerConfigKeys (ConfUtils.java:logGet(43)) - raft.server.log.statemachine.data.sync.timeout = 10s (default)
2019-11-14 22:49:20,268 [pool-597-thread-1] INFO  server.RaftServerConfigKeys (ConfUtils.java:logGet(43)) - raft.server.log.statemachine.data.sync.timeout.retry = -1 (default)
2019-11-14 22:49:20,268 [pool-597-thread-1] INFO  server.RaftServerConfigKeys (ConfUtils.java:logGet(43)) - raft.server.log.statemachine.data.caching.enabled = true (custom)
2019-11-14 22:49:20,268 [pool-597-thread-1] INFO  segmented.SegmentedRaftLogWorker (SegmentedRaftLogWorker.java:lambda$new$0(128)) - 82d9b010-cdd2-48aa-a03f-c52b44e44827@group-B97F2BD76EBA-SegmentedRaftLogWorker: flushIndex: setUnconditionally 0 -> -1
2019-11-14 22:49:20,268 [pool-597-thread-1] INFO  server.RaftServerConfigKeys (ConfUtils.java:logGet(43)) - raft.server.snapshot.auto.trigger.enabled = true (custom)
2019-11-14 22:49:20,268 [pool-597-thread-1] INFO  server.RaftServerConfigKeys (ConfUtils.java:logGet(43)) - raft.server.snapshot.auto.trigger.threshold = 10000 (custom)
2019-11-14 22:49:20,269 [pool-597-thread-1] INFO  server.RaftServerConfigKeys (ConfUtils.java:logGet(43)) - raft.server.snapshot.retention.file.num = 5 (custom)
2019-11-14 22:49:20,269 [pool-597-thread-1] INFO  server.RaftServerConfigKeys (ConfUtils.java:logGet(43)) - raft.server.retrycache.expirytime = 600000ms (custom)
2019-11-14 22:49:20,269 [pool-597-thread-1] WARN  impl.MetricRegistriesImpl (MetricRegistriesImpl.java:lambda$create$1(61)) - First MetricRegistry has been created without registering reporters. You may need to call MetricRegistries.global().addReportRegistration(...) before.
2019-11-14 22:49:20,269 [pool-597-thread-1] WARN  impl.MetricRegistriesImpl (MetricRegistriesImpl.java:lambda$create$1(61)) - First MetricRegistry has been created without registering reporters. You may need to call MetricRegistries.global().addReportRegistration(...) before.
2019-11-14 22:49:20,269 [pool-597-thread-1] INFO  impl.RaftServerImpl (RaftServerImpl.java:start(184)) - 82d9b010-cdd2-48aa-a03f-c52b44e44827@group-B97F2BD76EBA: start as a follower, conf=-1: [82d9b010-cdd2-48aa-a03f-c52b44e44827:192.168.69.106:46701], old=null
2019-11-14 22:49:20,269 [pool-597-thread-1] INFO  impl.RaftServerImpl (RaftServerImpl.java:setRole(173)) - 82d9b010-cdd2-48aa-a03f-c52b44e44827@group-B97F2BD76EBA: changes role from      null to FOLLOWER at term 0 for startAsFollower
2019-11-14 22:49:20,269 [pool-597-thread-1] INFO  impl.RoleInfo (RoleInfo.java:updateAndGet(143)) - 82d9b010-cdd2-48aa-a03f-c52b44e44827: start FollowerState
2019-11-14 22:49:20,270 [pool-597-thread-1] INFO  util.JmxRegister (JmxRegister.java:tryRegister(44)) - Successfully registered JMX Bean with object name Ratis:service=RaftServer,group=group-B97F2BD76EBA,id=82d9b010-cdd2-48aa-a03f-c52b44e44827
2019-11-14 22:49:20,270 [pool-597-thread-1] WARN  impl.MetricRegistriesImpl (MetricRegistriesImpl.java:lambda$create$1(61)) - First MetricRegistry has been created without registering reporters. You may need to call MetricRegistries.global().addReportRegistration(...) before.
2019-11-14 22:49:20,272 [RatisPipelineUtilsThread] INFO  pipeline.PipelineStateManager (PipelineStateManager.java:addPipeline(55)) - Created pipeline Pipeline[ Id: ecaa2765-d615-4b65-b13a-b97f2bd76eba, Nodes: 82d9b010-cdd2-48aa-a03f-c52b44e44827{ip: 192.168.69.106, host: pr-hdds-2494-dtfqw-3996435450, networkLocation: /rack1, certSerialId: null}, Type:RATIS, Factor:ONE, State:ALLOCATED]
2019-11-14 22:49:20,535 [Thread-3436] INFO  impl.FollowerState (FollowerState.java:run(111)) - df16aec3-050f-40e4-a922-70bdb89d4bf1@group-E7DAE29FA52D-FollowerState: change to CANDIDATE, lastRpcTime:1130ms, electionTimeout:1130ms
2019-11-14 22:49:20,535 [Thread-3436] INFO  impl.RoleInfo (RoleInfo.java:shutdownFollowerState(121)) - df16aec3-050f-40e4-a922-70bdb89d4bf1: shutdown FollowerState
2019-11-14 22:49:20,535 [Thread-3436] INFO  impl.RaftServerImpl (RaftServerImpl.java:setRole(173)) - df16aec3-050f-40e4-a922-70bdb89d4bf1@group-E7DAE29FA52D: changes role from  FOLLOWER to CANDIDATE at term 0 for changeToCandidate
2019-11-14 22:49:20,535 [Thread-3436] INFO  impl.RoleInfo (RoleInfo.java:updateAndGet(143)) - df16aec3-050f-40e4-a922-70bdb89d4bf1: start LeaderElection
2019-11-14 22:49:20,539 [Thread-3439] INFO  impl.FollowerState (FollowerState.java:run(111)) - dafdef77-e865-403b-bc5e-c37989f56ddc@group-73C3EDC0222E-FollowerState: change to CANDIDATE, lastRpcTime:1068ms, electionTimeout:1066ms
2019-11-14 22:49:20,541 [Thread-3439] INFO  impl.RoleInfo (RoleInfo.java:shutdownFollowerState(121)) - dafdef77-e865-403b-bc5e-c37989f56ddc: shutdown FollowerState
2019-11-14 22:49:20,541 [Thread-3439] INFO  impl.RaftServerImpl (RaftServerImpl.java:setRole(173)) - dafdef77-e865-403b-bc5e-c37989f56ddc@group-73C3EDC0222E: changes role from  FOLLOWER to CANDIDATE at term 0 for changeToCandidate
2019-11-14 22:49:20,542 [Thread-3439] INFO  impl.RoleInfo (RoleInfo.java:updateAndGet(143)) - dafdef77-e865-403b-bc5e-c37989f56ddc: start LeaderElection
2019-11-14 22:49:20,549 [Thread-3442] INFO  impl.FollowerState (FollowerState.java:run(111)) - 720981dd-80b6-4b59-8027-74344e9fba7b@group-1B15C5E1E827-FollowerState: change to CANDIDATE, lastRpcTime:1007ms, electionTimeout:1006ms
2019-11-14 22:49:20,549 [Thread-3442] INFO  impl.RoleInfo (RoleInfo.java:shutdownFollowerState(121)) - 720981dd-80b6-4b59-8027-74344e9fba7b: shutdown FollowerState
2019-11-14 22:49:20,549 [Thread-3442] INFO  impl.RaftServerImpl (RaftServerImpl.java:setRole(173)) - 720981dd-80b6-4b59-8027-74344e9fba7b@group-1B15C5E1E827: changes role from  FOLLOWER to CANDIDATE at term 0 for changeToCandidate
2019-11-14 22:49:20,550 [Thread-3442] INFO  impl.RoleInfo (RoleInfo.java:updateAndGet(143)) - 720981dd-80b6-4b59-8027-74344e9fba7b: start LeaderElection
2019-11-14 22:49:20,567 [df16aec3-050f-40e4-a922-70bdb89d4bf1@group-E7DAE29FA52D-LeaderElection134] INFO  impl.LeaderElection (LeaderElection.java:askForVotes(178)) - df16aec3-050f-40e4-a922-70bdb89d4bf1@group-E7DAE29FA52D-LeaderElection134: begin an election at term 1 for -1: [df16aec3-050f-40e4-a922-70bdb89d4bf1:192.168.69.106:44144], old=null
2019-11-14 22:49:20,567 [dafdef77-e865-403b-bc5e-c37989f56ddc@group-73C3EDC0222E-LeaderElection135] INFO  impl.LeaderElection (LeaderElection.java:askForVotes(178)) - dafdef77-e865-403b-bc5e-c37989f56ddc@group-73C3EDC0222E-LeaderElection135: begin an election at term 1 for -1: [dafdef77-e865-403b-bc5e-c37989f56ddc:192.168.69.106:34201], old=null
2019-11-14 22:49:20,567 [df16aec3-050f-40e4-a922-70bdb89d4bf1@group-E7DAE29FA52D-LeaderElection134] INFO  impl.RoleInfo (RoleInfo.java:shutdownLeaderElection(134)) - df16aec3-050f-40e4-a922-70bdb89d4bf1: shutdown LeaderElection
2019-11-14 22:49:20,567 [dafdef77-e865-403b-bc5e-c37989f56ddc@group-73C3EDC0222E-LeaderElection135] INFO  impl.RoleInfo (RoleInfo.java:shutdownLeaderElection(134)) - dafdef77-e865-403b-bc5e-c37989f56ddc: shutdown LeaderElection
2019-11-14 22:49:20,568 [df16aec3-050f-40e4-a922-70bdb89d4bf1@group-E7DAE29FA52D-LeaderElection134] INFO  impl.RaftServerImpl (RaftServerImpl.java:setRole(173)) - df16aec3-050f-40e4-a922-70bdb89d4bf1@group-E7DAE29FA52D: changes role from CANDIDATE to LEADER at term 1 for changeToLeader
2019-11-14 22:49:20,568 [dafdef77-e865-403b-bc5e-c37989f56ddc@group-73C3EDC0222E-LeaderElection135] INFO  impl.RaftServerImpl (RaftServerImpl.java:setRole(173)) - dafdef77-e865-403b-bc5e-c37989f56ddc@group-73C3EDC0222E: changes role from CANDIDATE to LEADER at term 1 for changeToLeader
2019-11-14 22:49:20,568 [df16aec3-050f-40e4-a922-70bdb89d4bf1@group-E7DAE29FA52D-LeaderElection134] INFO  ratis.XceiverServerRatis (XceiverServerRatis.java:handleLeaderChangedNotification(697)) - Leader change notification received for group: group-E7DAE29FA52D with new leaderId: df16aec3-050f-40e4-a922-70bdb89d4bf1
2019-11-14 22:49:20,568 [dafdef77-e865-403b-bc5e-c37989f56ddc@group-73C3EDC0222E-LeaderElection135] INFO  ratis.XceiverServerRatis (XceiverServerRatis.java:handleLeaderChangedNotification(697)) - Leader change notification received for group: group-73C3EDC0222E with new leaderId: dafdef77-e865-403b-bc5e-c37989f56ddc
2019-11-14 22:49:20,568 [df16aec3-050f-40e4-a922-70bdb89d4bf1@group-E7DAE29FA52D-LeaderElection134] INFO  impl.RaftServerImpl (ServerState.java:setLeader(255)) - df16aec3-050f-40e4-a922-70bdb89d4bf1@group-E7DAE29FA52D: change Leader from null to df16aec3-050f-40e4-a922-70bdb89d4bf1 at term 1 for becomeLeader, leader elected after 1167ms
2019-11-14 22:49:20,568 [dafdef77-e865-403b-bc5e-c37989f56ddc@group-73C3EDC0222E-LeaderElection135] INFO  impl.RaftServerImpl (ServerState.java:setLeader(255)) - dafdef77-e865-403b-bc5e-c37989f56ddc@group-73C3EDC0222E: change Leader from null to dafdef77-e865-403b-bc5e-c37989f56ddc at term 1 for becomeLeader, leader elected after 1099ms
2019-11-14 22:49:20,568 [df16aec3-050f-40e4-a922-70bdb89d4bf1@group-E7DAE29FA52D-LeaderElection134] INFO  server.RaftServerConfigKeys (ConfUtils.java:logGet(43)) - raft.server.staging.catchup.gap = 1000 (default)
2019-11-14 22:49:20,570 [dafdef77-e865-403b-bc5e-c37989f56ddc@group-73C3EDC0222E-LeaderElection135] INFO  server.RaftServerConfigKeys (ConfUtils.java:logGet(43)) - raft.server.staging.catchup.gap = 1000 (default)
2019-11-14 22:49:20,570 [df16aec3-050f-40e4-a922-70bdb89d4bf1@group-E7DAE29FA52D-LeaderElection134] INFO  server.RaftServerConfigKeys (ConfUtils.java:logGet(43)) - raft.server.rpc.sleep.time = 25ms (default)
2019-11-14 22:49:20,571 [dafdef77-e865-403b-bc5e-c37989f56ddc@group-73C3EDC0222E-LeaderElection135] INFO  server.RaftServerConfigKeys (ConfUtils.java:logGet(43)) - raft.server.rpc.sleep.time = 25ms (default)
2019-11-14 22:49:20,571 [df16aec3-050f-40e4-a922-70bdb89d4bf1@group-E7DAE29FA52D-LeaderElection134] INFO  server.RaftServerConfigKeys (ConfUtils.java:logGet(43)) - raft.server.write.element-limit = 4096 (default)
2019-11-14 22:49:20,571 [dafdef77-e865-403b-bc5e-c37989f56ddc@group-73C3EDC0222E-LeaderElection135] INFO  server.RaftServerConfigKeys (ConfUtils.java:logGet(43)) - raft.server.write.element-limit = 4096 (default)
2019-11-14 22:49:20,571 [df16aec3-050f-40e4-a922-70bdb89d4bf1@group-E7DAE29FA52D-LeaderElection134] INFO  server.RaftServerConfigKeys (ConfUtils.java:logGet(43)) - raft.server.watch.timeout = 10s (default)
2019-11-14 22:49:20,571 [dafdef77-e865-403b-bc5e-c37989f56ddc@group-73C3EDC0222E-LeaderElection135] INFO  server.RaftServerConfigKeys (ConfUtils.java:logGet(43)) - raft.server.watch.timeout = 10s (default)
2019-11-14 22:49:20,571 [EventQueue-PipelineReportForPipelineReportHandler] INFO  pipeline.PipelineStateManager (PipelineStateManager.java:openPipeline(134)) - Pipeline Pipeline[ Id: ac361a41-4301-4768-9258-73c3edc0222e, Nodes: dafdef77-e865-403b-bc5e-c37989f56ddc{ip: 192.168.69.106, host: pr-hdds-2494-dtfqw-3996435450, networkLocation: /rack1, certSerialId: null}, Type:RATIS, Factor:ONE, State:OPEN] moved to OPEN state
2019-11-14 22:49:20,571 [df16aec3-050f-40e4-a922-70bdb89d4bf1@group-E7DAE29FA52D-LeaderElection134] INFO  server.RaftServerConfigKeys (ConfUtils.java:logGet(43)) - raft.server.watch.timeout.denomination = 1s (default)
2019-11-14 22:49:20,571 [dafdef77-e865-403b-bc5e-c37989f56ddc@group-73C3EDC0222E-LeaderElection135] INFO  server.RaftServerConfigKeys (ConfUtils.java:logGet(43)) - raft.server.watch.timeout.denomination = 1s (default)
2019-11-14 22:49:20,572 [EventQueue-PipelineReportForPipelineReportHandler] INFO  pipeline.PipelineStateManager (PipelineStateManager.java:openPipeline(134)) - Pipeline Pipeline[ Id: 731c1a42-2944-48eb-8101-e7dae29fa52d, Nodes: df16aec3-050f-40e4-a922-70bdb89d4bf1{ip: 192.168.69.106, host: pr-hdds-2494-dtfqw-3996435450, networkLocation: /rack1, certSerialId: null}, Type:RATIS, Factor:ONE, State:OPEN] moved to OPEN state
2019-11-14 22:49:20,572 [df16aec3-050f-40e4-a922-70bdb89d4bf1@group-E7DAE29FA52D-LeaderElection134] INFO  server.RaftServerConfigKeys (ConfUtils.java:logGet(43)) - raft.server.watch.element-limit = 65536 (default)
2019-11-14 22:49:20,572 [dafdef77-e865-403b-bc5e-c37989f56ddc@group-73C3EDC0222E-LeaderElection135] INFO  server.RaftServerConfigKeys (ConfUtils.java:logGet(43)) - raft.server.watch.element-limit = 65536 (default)
2019-11-14 22:49:20,572 [df16aec3-050f-40e4-a922-70bdb89d4bf1@group-E7DAE29FA52D-LeaderElection134] INFO  impl.RoleInfo (RoleInfo.java:updateAndGet(143)) - df16aec3-050f-40e4-a922-70bdb89d4bf1: start LeaderState
2019-11-14 22:49:20,572 [dafdef77-e865-403b-bc5e-c37989f56ddc@group-73C3EDC0222E-LeaderElection135] INFO  impl.RoleInfo (RoleInfo.java:updateAndGet(143)) - dafdef77-e865-403b-bc5e-c37989f56ddc: start LeaderState
2019-11-14 22:49:20,573 [df16aec3-050f-40e4-a922-70bdb89d4bf1@group-E7DAE29FA52D-LeaderElection134] INFO  segmented.SegmentedRaftLogWorker (SegmentedRaftLogWorker.java:startLogSegment(385)) - df16aec3-050f-40e4-a922-70bdb89d4bf1@group-E7DAE29FA52D-SegmentedRaftLogWorker: Starting segment from index:0
2019-11-14 22:49:20,573 [dafdef77-e865-403b-bc5e-c37989f56ddc@group-73C3EDC0222E-LeaderElection135] INFO  segmented.SegmentedRaftLogWorker (SegmentedRaftLogWorker.java:startLogSegment(385)) - dafdef77-e865-403b-bc5e-c37989f56ddc@group-73C3EDC0222E-SegmentedRaftLogWorker: Starting segment from index:0
2019-11-14 22:49:20,573 [df16aec3-050f-40e4-a922-70bdb89d4bf1@group-E7DAE29FA52D-LeaderElection134] INFO  impl.RaftServerImpl (ServerState.java:setRaftConf(356)) - df16aec3-050f-40e4-a922-70bdb89d4bf1@group-E7DAE29FA52D: set configuration 0: [df16aec3-050f-40e4-a922-70bdb89d4bf1:192.168.69.106:44144], old=null at 0
2019-11-14 22:49:20,574 [dafdef77-e865-403b-bc5e-c37989f56ddc@group-73C3EDC0222E-LeaderElection135] INFO  impl.RaftServerImpl (ServerState.java:setRaftConf(356)) - dafdef77-e865-403b-bc5e-c37989f56ddc@group-73C3EDC0222E: set configuration 0: [dafdef77-e865-403b-bc5e-c37989f56ddc:192.168.69.106:34201], old=null at 0
2019-11-14 22:49:20,601 [720981dd-80b6-4b59-8027-74344e9fba7b@group-1B15C5E1E827-LeaderElection136] INFO  impl.LeaderElection (LeaderElection.java:askForVotes(178)) - 720981dd-80b6-4b59-8027-74344e9fba7b@group-1B15C5E1E827-LeaderElection136: begin an election at term 1 for -1: [720981dd-80b6-4b59-8027-74344e9fba7b:192.168.69.106:33190], old=null
2019-11-14 22:49:20,601 [720981dd-80b6-4b59-8027-74344e9fba7b@group-1B15C5E1E827-LeaderElection136] INFO  impl.RoleInfo (RoleInfo.java:shutdownLeaderElection(134)) - 720981dd-80b6-4b59-8027-74344e9fba7b: shutdown LeaderElection
2019-11-14 22:49:20,602 [720981dd-80b6-4b59-8027-74344e9fba7b@group-1B15C5E1E827-LeaderElection136] INFO  impl.RaftServerImpl (RaftServerImpl.java:setRole(173)) - 720981dd-80b6-4b59-8027-74344e9fba7b@group-1B15C5E1E827: changes role from CANDIDATE to LEADER at term 1 for changeToLeader
2019-11-14 22:49:20,602 [720981dd-80b6-4b59-8027-74344e9fba7b@group-1B15C5E1E827-LeaderElection136] INFO  ratis.XceiverServerRatis (XceiverServerRatis.java:handleLeaderChangedNotification(697)) - Leader change notification received for group: group-1B15C5E1E827 with new leaderId: 720981dd-80b6-4b59-8027-74344e9fba7b
2019-11-14 22:49:20,602 [720981dd-80b6-4b59-8027-74344e9fba7b@group-1B15C5E1E827-LeaderElection136] INFO  impl.RaftServerImpl (ServerState.java:setLeader(255)) - 720981dd-80b6-4b59-8027-74344e9fba7b@group-1B15C5E1E827: change Leader from null to 720981dd-80b6-4b59-8027-74344e9fba7b at term 1 for becomeLeader, leader elected after 1065ms
2019-11-14 22:49:20,602 [720981dd-80b6-4b59-8027-74344e9fba7b@group-1B15C5E1E827-LeaderElection136] INFO  server.RaftServerConfigKeys (ConfUtils.java:logGet(43)) - raft.server.staging.catchup.gap = 1000 (default)
2019-11-14 22:49:20,608 [720981dd-80b6-4b59-8027-74344e9fba7b@group-1B15C5E1E827-LeaderElection136] INFO  server.RaftServerConfigKeys (ConfUtils.java:logGet(43)) - raft.server.rpc.sleep.time = 25ms (default)
2019-11-14 22:49:20,608 [720981dd-80b6-4b59-8027-74344e9fba7b@group-1B15C5E1E827-LeaderElection136] INFO  server.RaftServerConfigKeys (ConfUtils.java:logGet(43)) - raft.server.write.element-limit = 4096 (default)
2019-11-14 22:49:20,608 [720981dd-80b6-4b59-8027-74344e9fba7b@group-1B15C5E1E827-LeaderElection136] INFO  server.RaftServerConfigKeys (ConfUtils.java:logGet(43)) - raft.server.watch.timeout = 10s (default)
2019-11-14 22:49:20,608 [720981dd-80b6-4b59-8027-74344e9fba7b@group-1B15C5E1E827-LeaderElection136] INFO  server.RaftServerConfigKeys (ConfUtils.java:logGet(43)) - raft.server.watch.timeout.denomination = 1s (default)
2019-11-14 22:49:20,608 [720981dd-80b6-4b59-8027-74344e9fba7b@group-1B15C5E1E827-LeaderElection136] INFO  server.RaftServerConfigKeys (ConfUtils.java:logGet(43)) - raft.server.watch.element-limit = 65536 (default)
2019-11-14 22:49:20,608 [720981dd-80b6-4b59-8027-74344e9fba7b@group-1B15C5E1E827-LeaderElection136] INFO  impl.RoleInfo (RoleInfo.java:updateAndGet(143)) - 720981dd-80b6-4b59-8027-74344e9fba7b: start LeaderState
2019-11-14 22:49:20,608 [EventQueue-PipelineReportForPipelineReportHandler] INFO  pipeline.PipelineStateManager (PipelineStateManager.java:openPipeline(134)) - Pipeline Pipeline[ Id: 239c002d-f2ae-458a-92f6-1b15c5e1e827, Nodes: 720981dd-80b6-4b59-8027-74344e9fba7b{ip: 192.168.69.106, host: pr-hdds-2494-dtfqw-3996435450, networkLocation: /rack1, certSerialId: null}, Type:RATIS, Factor:ONE, State:OPEN] moved to OPEN state
2019-11-14 22:49:20,608 [720981dd-80b6-4b59-8027-74344e9fba7b@group-1B15C5E1E827-LeaderElection136] INFO  segmented.SegmentedRaftLogWorker (SegmentedRaftLogWorker.java:startLogSegment(385)) - 720981dd-80b6-4b59-8027-74344e9fba7b@group-1B15C5E1E827-SegmentedRaftLogWorker: Starting segment from index:0
2019-11-14 22:49:20,609 [720981dd-80b6-4b59-8027-74344e9fba7b@group-1B15C5E1E827-LeaderElection136] INFO  impl.RaftServerImpl (ServerState.java:setRaftConf(356)) - 720981dd-80b6-4b59-8027-74344e9fba7b@group-1B15C5E1E827: set configuration 0: [720981dd-80b6-4b59-8027-74344e9fba7b:192.168.69.106:33190], old=null at 0
2019-11-14 22:49:20,627 [df16aec3-050f-40e4-a922-70bdb89d4bf1@group-E7DAE29FA52D-SegmentedRaftLogWorker] INFO  segmented.SegmentedRaftLogWorker (SegmentedRaftLogWorker.java:execute(576)) - df16aec3-050f-40e4-a922-70bdb89d4bf1@group-E7DAE29FA52D-SegmentedRaftLogWorker: created new log segment /workdir/hadoop-ozone/integration-test/target/test-dir/MiniOzoneClusterImpl-9caa682c-a503-45f4-84bb-f8dd249825f6/datanode-0/data/ratis/731c1a42-2944-48eb-8101-e7dae29fa52d/current/log_inprogress_0
2019-11-14 22:49:20,627 [dafdef77-e865-403b-bc5e-c37989f56ddc@group-73C3EDC0222E-SegmentedRaftLogWorker] INFO  segmented.SegmentedRaftLogWorker (SegmentedRaftLogWorker.java:execute(576)) - dafdef77-e865-403b-bc5e-c37989f56ddc@group-73C3EDC0222E-SegmentedRaftLogWorker: created new log segment /workdir/hadoop-ozone/integration-test/target/test-dir/MiniOzoneClusterImpl-9caa682c-a503-45f4-84bb-f8dd249825f6/datanode-1/data/ratis/ac361a41-4301-4768-9258-73c3edc0222e/current/log_inprogress_0
2019-11-14 22:49:20,652 [720981dd-80b6-4b59-8027-74344e9fba7b@group-1B15C5E1E827-SegmentedRaftLogWorker] INFO  segmented.SegmentedRaftLogWorker (SegmentedRaftLogWorker.java:execute(576)) - 720981dd-80b6-4b59-8027-74344e9fba7b@group-1B15C5E1E827-SegmentedRaftLogWorker: created new log segment /workdir/hadoop-ozone/integration-test/target/test-dir/MiniOzoneClusterImpl-9caa682c-a503-45f4-84bb-f8dd249825f6/datanode-2/data/ratis/239c002d-f2ae-458a-92f6-1b15c5e1e827/current/log_inprogress_0
2019-11-14 22:49:20,657 [Thread-3445] INFO  impl.FollowerState (FollowerState.java:run(111)) - ce51abe9-fc49-4310-abba-812881959ce0@group-D69059C5788C-FollowerState: change to CANDIDATE, lastRpcTime:1048ms, electionTimeout:1048ms
2019-11-14 22:49:20,657 [Thread-3445] INFO  impl.RoleInfo (RoleInfo.java:shutdownFollowerState(121)) - ce51abe9-fc49-4310-abba-812881959ce0: shutdown FollowerState
2019-11-14 22:49:20,657 [Thread-3445] INFO  impl.RaftServerImpl (RaftServerImpl.java:setRole(173)) - ce51abe9-fc49-4310-abba-812881959ce0@group-D69059C5788C: changes role from  FOLLOWER to CANDIDATE at term 0 for changeToCandidate
2019-11-14 22:49:20,657 [Thread-3445] INFO  impl.RoleInfo (RoleInfo.java:updateAndGet(143)) - ce51abe9-fc49-4310-abba-812881959ce0: start LeaderElection
2019-11-14 22:49:20,678 [ce51abe9-fc49-4310-abba-812881959ce0@group-D69059C5788C-LeaderElection137] INFO  impl.LeaderElection (LeaderElection.java:askForVotes(178)) - ce51abe9-fc49-4310-abba-812881959ce0@group-D69059C5788C-LeaderElection137: begin an election at term 1 for -1: [ce51abe9-fc49-4310-abba-812881959ce0:192.168.69.106:37982], old=null
2019-11-14 22:49:20,678 [ce51abe9-fc49-4310-abba-812881959ce0@group-D69059C5788C-LeaderElection137] INFO  impl.RoleInfo (RoleInfo.java:shutdownLeaderElection(134)) - ce51abe9-fc49-4310-abba-812881959ce0: shutdown LeaderElection
2019-11-14 22:49:20,678 [ce51abe9-fc49-4310-abba-812881959ce0@group-D69059C5788C-LeaderElection137] INFO  impl.RaftServerImpl (RaftServerImpl.java:setRole(173)) - ce51abe9-fc49-4310-abba-812881959ce0@group-D69059C5788C: changes role from CANDIDATE to LEADER at term 1 for changeToLeader
2019-11-14 22:49:20,678 [ce51abe9-fc49-4310-abba-812881959ce0@group-D69059C5788C-LeaderElection137] INFO  ratis.XceiverServerRatis (XceiverServerRatis.java:handleLeaderChangedNotification(697)) - Leader change notification received for group: group-D69059C5788C with new leaderId: ce51abe9-fc49-4310-abba-812881959ce0
2019-11-14 22:49:20,678 [ce51abe9-fc49-4310-abba-812881959ce0@group-D69059C5788C-LeaderElection137] INFO  impl.RaftServerImpl (ServerState.java:setLeader(255)) - ce51abe9-fc49-4310-abba-812881959ce0@group-D69059C5788C: change Leader from null to ce51abe9-fc49-4310-abba-812881959ce0 at term 1 for becomeLeader, leader elected after 1074ms
2019-11-14 22:49:20,679 [ce51abe9-fc49-4310-abba-812881959ce0@group-D69059C5788C-LeaderElection137] INFO  server.RaftServerConfigKeys (ConfUtils.java:logGet(43)) - raft.server.staging.catchup.gap = 1000 (default)
2019-11-14 22:49:20,679 [ce51abe9-fc49-4310-abba-812881959ce0@group-D69059C5788C-LeaderElection137] INFO  server.RaftServerConfigKeys (ConfUtils.java:logGet(43)) - raft.server.rpc.sleep.time = 25ms (default)
2019-11-14 22:49:20,681 [ce51abe9-fc49-4310-abba-812881959ce0@group-D69059C5788C-LeaderElection137] INFO  server.RaftServerConfigKeys (ConfUtils.java:logGet(43)) - raft.server.write.element-limit = 4096 (default)
2019-11-14 22:49:20,681 [ce51abe9-fc49-4310-abba-812881959ce0@group-D69059C5788C-LeaderElection137] INFO  server.RaftServerConfigKeys (ConfUtils.java:logGet(43)) - raft.server.watch.timeout = 10s (default)
2019-11-14 22:49:20,681 [ce51abe9-fc49-4310-abba-812881959ce0@group-D69059C5788C-LeaderElection137] INFO  server.RaftServerConfigKeys (ConfUtils.java:logGet(43)) - raft.server.watch.timeout.denomination = 1s (default)
2019-11-14 22:49:20,682 [ce51abe9-fc49-4310-abba-812881959ce0@group-D69059C5788C-LeaderElection137] INFO  server.RaftServerConfigKeys (ConfUtils.java:logGet(43)) - raft.server.watch.element-limit = 65536 (default)
2019-11-14 22:49:20,682 [EventQueue-PipelineReportForPipelineReportHandler] INFO  pipeline.PipelineStateManager (PipelineStateManager.java:openPipeline(134)) - Pipeline Pipeline[ Id: a2bac080-9bd8-47a9-a5db-d69059c5788c, Nodes: ce51abe9-fc49-4310-abba-812881959ce0{ip: 192.168.69.106, host: pr-hdds-2494-dtfqw-3996435450, networkLocation: /rack1, certSerialId: null}, Type:RATIS, Factor:ONE, State:OPEN] moved to OPEN state
2019-11-14 22:49:20,682 [ce51abe9-fc49-4310-abba-812881959ce0@group-D69059C5788C-LeaderElection137] INFO  impl.RoleInfo (RoleInfo.java:updateAndGet(143)) - ce51abe9-fc49-4310-abba-812881959ce0: start LeaderState
2019-11-14 22:49:20,682 [ce51abe9-fc49-4310-abba-812881959ce0@group-D69059C5788C-LeaderElection137] INFO  segmented.SegmentedRaftLogWorker (SegmentedRaftLogWorker.java:startLogSegment(385)) - ce51abe9-fc49-4310-abba-812881959ce0@group-D69059C5788C-SegmentedRaftLogWorker: Starting segment from index:0
2019-11-14 22:49:20,683 [ce51abe9-fc49-4310-abba-812881959ce0@group-D69059C5788C-LeaderElection137] INFO  impl.RaftServerImpl (ServerState.java:setRaftConf(356)) - ce51abe9-fc49-4310-abba-812881959ce0@group-D69059C5788C: set configuration 0: [ce51abe9-fc49-4310-abba-812881959ce0:192.168.69.106:37982], old=null at 0
2019-11-14 22:49:20,731 [Thread-3448] INFO  impl.FollowerState (FollowerState.java:run(111)) - ec693a0a-7ab2-40db-baa2-190e1e2b8078@group-E8AB2F7AB811-FollowerState: change to CANDIDATE, lastRpcTime:1054ms, electionTimeout:1054ms
2019-11-14 22:49:20,731 [Thread-3448] INFO  impl.RoleInfo (RoleInfo.java:shutdownFollowerState(121)) - ec693a0a-7ab2-40db-baa2-190e1e2b8078: shutdown FollowerState
2019-11-14 22:49:20,732 [Thread-3448] INFO  impl.RaftServerImpl (RaftServerImpl.java:setRole(173)) - ec693a0a-7ab2-40db-baa2-190e1e2b8078@group-E8AB2F7AB811: changes role from  FOLLOWER to CANDIDATE at term 0 for changeToCandidate
2019-11-14 22:49:20,732 [Thread-3448] INFO  impl.RoleInfo (RoleInfo.java:updateAndGet(143)) - ec693a0a-7ab2-40db-baa2-190e1e2b8078: start LeaderElection
2019-11-14 22:49:20,738 [ce51abe9-fc49-4310-abba-812881959ce0@group-D69059C5788C-SegmentedRaftLogWorker] INFO  segmented.SegmentedRaftLogWorker (SegmentedRaftLogWorker.java:execute(576)) - ce51abe9-fc49-4310-abba-812881959ce0@group-D69059C5788C-SegmentedRaftLogWorker: created new log segment /workdir/hadoop-ozone/integration-test/target/test-dir/MiniOzoneClusterImpl-9caa682c-a503-45f4-84bb-f8dd249825f6/datanode-3/data/ratis/a2bac080-9bd8-47a9-a5db-d69059c5788c/current/log_inprogress_0
2019-11-14 22:49:20,762 [ec693a0a-7ab2-40db-baa2-190e1e2b8078@group-E8AB2F7AB811-LeaderElection138] INFO  impl.LeaderElection (LeaderElection.java:askForVotes(178)) - ec693a0a-7ab2-40db-baa2-190e1e2b8078@group-E8AB2F7AB811-LeaderElection138: begin an election at term 1 for -1: [ec693a0a-7ab2-40db-baa2-190e1e2b8078:192.168.69.106:46493], old=null
2019-11-14 22:49:20,762 [ec693a0a-7ab2-40db-baa2-190e1e2b8078@group-E8AB2F7AB811-LeaderElection138] INFO  impl.RoleInfo (RoleInfo.java:shutdownLeaderElection(134)) - ec693a0a-7ab2-40db-baa2-190e1e2b8078: shutdown LeaderElection
2019-11-14 22:49:20,762 [ec693a0a-7ab2-40db-baa2-190e1e2b8078@group-E8AB2F7AB811-LeaderElection138] INFO  impl.RaftServerImpl (RaftServerImpl.java:setRole(173)) - ec693a0a-7ab2-40db-baa2-190e1e2b8078@group-E8AB2F7AB811: changes role from CANDIDATE to LEADER at term 1 for changeToLeader
2019-11-14 22:49:20,762 [ec693a0a-7ab2-40db-baa2-190e1e2b8078@group-E8AB2F7AB811-LeaderElection138] INFO  ratis.XceiverServerRatis (XceiverServerRatis.java:handleLeaderChangedNotification(697)) - Leader change notification received for group: group-E8AB2F7AB811 with new leaderId: ec693a0a-7ab2-40db-baa2-190e1e2b8078
2019-11-14 22:49:20,762 [ec693a0a-7ab2-40db-baa2-190e1e2b8078@group-E8AB2F7AB811-LeaderElection138] INFO  impl.RaftServerImpl (ServerState.java:setLeader(255)) - ec693a0a-7ab2-40db-baa2-190e1e2b8078@group-E8AB2F7AB811: change Leader from null to ec693a0a-7ab2-40db-baa2-190e1e2b8078 at term 1 for becomeLeader, leader elected after 1090ms
2019-11-14 22:49:20,763 [ec693a0a-7ab2-40db-baa2-190e1e2b8078@group-E8AB2F7AB811-LeaderElection138] INFO  server.RaftServerConfigKeys (ConfUtils.java:logGet(43)) - raft.server.staging.catchup.gap = 1000 (default)
2019-11-14 22:49:20,765 [ec693a0a-7ab2-40db-baa2-190e1e2b8078@group-E8AB2F7AB811-LeaderElection138] INFO  server.RaftServerConfigKeys (ConfUtils.java:logGet(43)) - raft.server.rpc.sleep.time = 25ms (default)
2019-11-14 22:49:20,765 [ec693a0a-7ab2-40db-baa2-190e1e2b8078@group-E8AB2F7AB811-LeaderElection138] INFO  server.RaftServerConfigKeys (ConfUtils.java:logGet(43)) - raft.server.write.element-limit = 4096 (default)
2019-11-14 22:49:20,765 [ec693a0a-7ab2-40db-baa2-190e1e2b8078@group-E8AB2F7AB811-LeaderElection138] INFO  server.RaftServerConfigKeys (ConfUtils.java:logGet(43)) - raft.server.watch.timeout = 10s (default)
2019-11-14 22:49:20,765 [ec693a0a-7ab2-40db-baa2-190e1e2b8078@group-E8AB2F7AB811-LeaderElection138] INFO  server.RaftServerConfigKeys (ConfUtils.java:logGet(43)) - raft.server.watch.timeout.denomination = 1s (default)
2019-11-14 22:49:20,766 [ec693a0a-7ab2-40db-baa2-190e1e2b8078@group-E8AB2F7AB811-LeaderElection138] INFO  server.RaftServerConfigKeys (ConfUtils.java:logGet(43)) - raft.server.watch.element-limit = 65536 (default)
2019-11-14 22:49:20,766 [ec693a0a-7ab2-40db-baa2-190e1e2b8078@group-E8AB2F7AB811-LeaderElection138] INFO  impl.RoleInfo (RoleInfo.java:updateAndGet(143)) - ec693a0a-7ab2-40db-baa2-190e1e2b8078: start LeaderState
2019-11-14 22:49:20,766 [ec693a0a-7ab2-40db-baa2-190e1e2b8078@group-E8AB2F7AB811-LeaderElection138] INFO  segmented.SegmentedRaftLogWorker (SegmentedRaftLogWorker.java:startLogSegment(385)) - ec693a0a-7ab2-40db-baa2-190e1e2b8078@group-E8AB2F7AB811-SegmentedRaftLogWorker: Starting segment from index:0
2019-11-14 22:49:20,766 [EventQueue-PipelineReportForPipelineReportHandler] INFO  pipeline.PipelineStateManager (PipelineStateManager.java:openPipeline(134)) - Pipeline Pipeline[ Id: 188ebc17-3e80-41f3-9e48-e8ab2f7ab811, Nodes: ec693a0a-7ab2-40db-baa2-190e1e2b8078{ip: 192.168.69.106, host: pr-hdds-2494-dtfqw-3996435450, networkLocation: /rack1, certSerialId: null}, Type:RATIS, Factor:ONE, State:OPEN] moved to OPEN state
2019-11-14 22:49:20,766 [ec693a0a-7ab2-40db-baa2-190e1e2b8078@group-E8AB2F7AB811-LeaderElection138] INFO  impl.RaftServerImpl (ServerState.java:setRaftConf(356)) - ec693a0a-7ab2-40db-baa2-190e1e2b8078@group-E8AB2F7AB811: set configuration 0: [ec693a0a-7ab2-40db-baa2-190e1e2b8078:192.168.69.106:46493], old=null at 0
2019-11-14 22:49:20,812 [ec693a0a-7ab2-40db-baa2-190e1e2b8078@group-E8AB2F7AB811-SegmentedRaftLogWorker] INFO  segmented.SegmentedRaftLogWorker (SegmentedRaftLogWorker.java:execute(576)) - ec693a0a-7ab2-40db-baa2-190e1e2b8078@group-E8AB2F7AB811-SegmentedRaftLogWorker: created new log segment /workdir/hadoop-ozone/integration-test/target/test-dir/MiniOzoneClusterImpl-9caa682c-a503-45f4-84bb-f8dd249825f6/datanode-4/data/ratis/188ebc17-3e80-41f3-9e48-e8ab2f7ab811/current/log_inprogress_0
2019-11-14 22:49:20,823 [Thread-3451] INFO  impl.FollowerState (FollowerState.java:run(111)) - e9302b19-2241-48e3-b0d0-f92620d14c53@group-BF93E228AD33-FollowerState: change to CANDIDATE, lastRpcTime:1080ms, electionTimeout:1080ms
2019-11-14 22:49:20,823 [Thread-3451] INFO  impl.RoleInfo (RoleInfo.java:shutdownFollowerState(121)) - e9302b19-2241-48e3-b0d0-f92620d14c53: shutdown FollowerState
2019-11-14 22:49:20,823 [Thread-3451] INFO  impl.RaftServerImpl (RaftServerImpl.java:setRole(173)) - e9302b19-2241-48e3-b0d0-f92620d14c53@group-BF93E228AD33: changes role from  FOLLOWER to CANDIDATE at term 0 for changeToCandidate
2019-11-14 22:49:20,824 [Thread-3451] INFO  impl.RoleInfo (RoleInfo.java:updateAndGet(143)) - e9302b19-2241-48e3-b0d0-f92620d14c53: start LeaderElection
2019-11-14 22:49:20,846 [e9302b19-2241-48e3-b0d0-f92620d14c53@group-BF93E228AD33-LeaderElection139] INFO  impl.LeaderElection (LeaderElection.java:askForVotes(178)) - e9302b19-2241-48e3-b0d0-f92620d14c53@group-BF93E228AD33-LeaderElection139: begin an election at term 1 for -1: [e9302b19-2241-48e3-b0d0-f92620d14c53:192.168.69.106:32896], old=null
2019-11-14 22:49:20,846 [e9302b19-2241-48e3-b0d0-f92620d14c53@group-BF93E228AD33-LeaderElection139] INFO  impl.RoleInfo (RoleInfo.java:shutdownLeaderElection(134)) - e9302b19-2241-48e3-b0d0-f92620d14c53: shutdown LeaderElection
2019-11-14 22:49:20,847 [e9302b19-2241-48e3-b0d0-f92620d14c53@group-BF93E228AD33-LeaderElection139] INFO  impl.RaftServerImpl (RaftServerImpl.java:setRole(173)) - e9302b19-2241-48e3-b0d0-f92620d14c53@group-BF93E228AD33: changes role from CANDIDATE to LEADER at term 1 for changeToLeader
2019-11-14 22:49:20,847 [e9302b19-2241-48e3-b0d0-f92620d14c53@group-BF93E228AD33-LeaderElection139] INFO  ratis.XceiverServerRatis (XceiverServerRatis.java:handleLeaderChangedNotification(697)) - Leader change notification received for group: group-BF93E228AD33 with new leaderId: e9302b19-2241-48e3-b0d0-f92620d14c53
2019-11-14 22:49:20,847 [e9302b19-2241-48e3-b0d0-f92620d14c53@group-BF93E228AD33-LeaderElection139] INFO  impl.RaftServerImpl (ServerState.java:setLeader(255)) - e9302b19-2241-48e3-b0d0-f92620d14c53@group-BF93E228AD33: change Leader from null to e9302b19-2241-48e3-b0d0-f92620d14c53 at term 1 for becomeLeader, leader elected after 1107ms
2019-11-14 22:49:20,847 [e9302b19-2241-48e3-b0d0-f92620d14c53@group-BF93E228AD33-LeaderElection139] INFO  server.RaftServerConfigKeys (ConfUtils.java:logGet(43)) - raft.server.staging.catchup.gap = 1000 (default)
2019-11-14 22:49:20,850 [e9302b19-2241-48e3-b0d0-f92620d14c53@group-BF93E228AD33-LeaderElection139] INFO  server.RaftServerConfigKeys (ConfUtils.java:logGet(43)) - raft.server.rpc.sleep.time = 25ms (default)
2019-11-14 22:49:20,850 [e9302b19-2241-48e3-b0d0-f92620d14c53@group-BF93E228AD33-LeaderElection139] INFO  server.RaftServerConfigKeys (ConfUtils.java:logGet(43)) - raft.server.write.element-limit = 4096 (default)
2019-11-14 22:49:20,850 [e9302b19-2241-48e3-b0d0-f92620d14c53@group-BF93E228AD33-LeaderElection139] INFO  server.RaftServerConfigKeys (ConfUtils.java:logGet(43)) - raft.server.watch.timeout = 10s (default)
2019-11-14 22:49:20,850 [e9302b19-2241-48e3-b0d0-f92620d14c53@group-BF93E228AD33-LeaderElection139] INFO  server.RaftServerConfigKeys (ConfUtils.java:logGet(43)) - raft.server.watch.timeout.denomination = 1s (default)
2019-11-14 22:49:20,850 [e9302b19-2241-48e3-b0d0-f92620d14c53@group-BF93E228AD33-LeaderElection139] INFO  server.RaftServerConfigKeys (ConfUtils.java:logGet(43)) - raft.server.watch.element-limit = 65536 (default)
2019-11-14 22:49:20,850 [EventQueue-PipelineReportForPipelineReportHandler] INFO  pipeline.PipelineStateManager (PipelineStateManager.java:openPipeline(134)) - Pipeline Pipeline[ Id: 0ac1c84d-f8f0-4c09-b350-bf93e228ad33, Nodes: e9302b19-2241-48e3-b0d0-f92620d14c53{ip: 192.168.69.106, host: pr-hdds-2494-dtfqw-3996435450, networkLocation: /rack1, certSerialId: null}, Type:RATIS, Factor:ONE, State:OPEN] moved to OPEN state
2019-11-14 22:49:20,850 [e9302b19-2241-48e3-b0d0-f92620d14c53@group-BF93E228AD33-LeaderElection139] INFO  impl.RoleInfo (RoleInfo.java:updateAndGet(143)) - e9302b19-2241-48e3-b0d0-f92620d14c53: start LeaderState
2019-11-14 22:49:20,851 [e9302b19-2241-48e3-b0d0-f92620d14c53@group-BF93E228AD33-LeaderElection139] INFO  segmented.SegmentedRaftLogWorker (SegmentedRaftLogWorker.java:startLogSegment(385)) - e9302b19-2241-48e3-b0d0-f92620d14c53@group-BF93E228AD33-SegmentedRaftLogWorker: Starting segment from index:0
2019-11-14 22:49:20,851 [e9302b19-2241-48e3-b0d0-f92620d14c53@group-BF93E228AD33-LeaderElection139] INFO  impl.RaftServerImpl (ServerState.java:setRaftConf(356)) - e9302b19-2241-48e3-b0d0-f92620d14c53@group-BF93E228AD33: set configuration 0: [e9302b19-2241-48e3-b0d0-f92620d14c53:192.168.69.106:32896], old=null at 0
2019-11-14 22:49:20,905 [e9302b19-2241-48e3-b0d0-f92620d14c53@group-BF93E228AD33-SegmentedRaftLogWorker] INFO  segmented.SegmentedRaftLogWorker (SegmentedRaftLogWorker.java:execute(576)) - e9302b19-2241-48e3-b0d0-f92620d14c53@group-BF93E228AD33-SegmentedRaftLogWorker: created new log segment /workdir/hadoop-ozone/integration-test/target/test-dir/MiniOzoneClusterImpl-9caa682c-a503-45f4-84bb-f8dd249825f6/datanode-5/data/ratis/0ac1c84d-f8f0-4c09-b350-bf93e228ad33/current/log_inprogress_0
2019-11-14 22:49:20,947 [Thread-3454] INFO  impl.FollowerState (FollowerState.java:run(111)) - c5c819e6-85b2-482d-9128-e8ea2b7ba4a4@group-9D8DC744A03A-FollowerState: change to CANDIDATE, lastRpcTime:1143ms, electionTimeout:1143ms
2019-11-14 22:49:20,948 [Thread-3454] INFO  impl.RoleInfo (RoleInfo.java:shutdownFollowerState(121)) - c5c819e6-85b2-482d-9128-e8ea2b7ba4a4: shutdown FollowerState
2019-11-14 22:49:20,948 [Thread-3454] INFO  impl.RaftServerImpl (RaftServerImpl.java:setRole(173)) - c5c819e6-85b2-482d-9128-e8ea2b7ba4a4@group-9D8DC744A03A: changes role from  FOLLOWER to CANDIDATE at term 0 for changeToCandidate
2019-11-14 22:49:20,948 [Thread-3454] INFO  impl.RoleInfo (RoleInfo.java:updateAndGet(143)) - c5c819e6-85b2-482d-9128-e8ea2b7ba4a4: start LeaderElection
2019-11-14 22:49:20,981 [c5c819e6-85b2-482d-9128-e8ea2b7ba4a4@group-9D8DC744A03A-LeaderElection140] INFO  impl.LeaderElection (LeaderElection.java:askForVotes(178)) - c5c819e6-85b2-482d-9128-e8ea2b7ba4a4@group-9D8DC744A03A-LeaderElection140: begin an election at term 1 for -1: [c5c819e6-85b2-482d-9128-e8ea2b7ba4a4:192.168.69.106:40987], old=null
2019-11-14 22:49:20,981 [c5c819e6-85b2-482d-9128-e8ea2b7ba4a4@group-9D8DC744A03A-LeaderElection140] INFO  impl.RoleInfo (RoleInfo.java:shutdownLeaderElection(134)) - c5c819e6-85b2-482d-9128-e8ea2b7ba4a4: shutdown LeaderElection
2019-11-14 22:49:20,981 [c5c819e6-85b2-482d-9128-e8ea2b7ba4a4@group-9D8DC744A03A-LeaderElection140] INFO  impl.RaftServerImpl (RaftServerImpl.java:setRole(173)) - c5c819e6-85b2-482d-9128-e8ea2b7ba4a4@group-9D8DC744A03A: changes role from CANDIDATE to LEADER at term 1 for changeToLeader
2019-11-14 22:49:20,982 [c5c819e6-85b2-482d-9128-e8ea2b7ba4a4@group-9D8DC744A03A-LeaderElection140] INFO  ratis.XceiverServerRatis (XceiverServerRatis.java:handleLeaderChangedNotification(697)) - Leader change notification received for group: group-9D8DC744A03A with new leaderId: c5c819e6-85b2-482d-9128-e8ea2b7ba4a4
2019-11-14 22:49:20,982 [c5c819e6-85b2-482d-9128-e8ea2b7ba4a4@group-9D8DC744A03A-LeaderElection140] INFO  impl.RaftServerImpl (ServerState.java:setLeader(255)) - c5c819e6-85b2-482d-9128-e8ea2b7ba4a4@group-9D8DC744A03A: change Leader from null to c5c819e6-85b2-482d-9128-e8ea2b7ba4a4 at term 1 for becomeLeader, leader elected after 1182ms
2019-11-14 22:49:20,982 [c5c819e6-85b2-482d-9128-e8ea2b7ba4a4@group-9D8DC744A03A-LeaderElection140] INFO  server.RaftServerConfigKeys (ConfUtils.java:logGet(43)) - raft.server.staging.catchup.gap = 1000 (default)
2019-11-14 22:49:20,985 [c5c819e6-85b2-482d-9128-e8ea2b7ba4a4@group-9D8DC744A03A-LeaderElection140] INFO  server.RaftServerConfigKeys (ConfUtils.java:logGet(43)) - raft.server.rpc.sleep.time = 25ms (default)
2019-11-14 22:49:20,985 [c5c819e6-85b2-482d-9128-e8ea2b7ba4a4@group-9D8DC744A03A-LeaderElection140] INFO  server.RaftServerConfigKeys (ConfUtils.java:logGet(43)) - raft.server.write.element-limit = 4096 (default)
2019-11-14 22:49:20,985 [c5c819e6-85b2-482d-9128-e8ea2b7ba4a4@group-9D8DC744A03A-LeaderElection140] INFO  server.RaftServerConfigKeys (ConfUtils.java:logGet(43)) - raft.server.watch.timeout = 10s (default)
2019-11-14 22:49:20,985 [c5c819e6-85b2-482d-9128-e8ea2b7ba4a4@group-9D8DC744A03A-LeaderElection140] INFO  server.RaftServerConfigKeys (ConfUtils.java:logGet(43)) - raft.server.watch.timeout.denomination = 1s (default)
2019-11-14 22:49:20,985 [EventQueue-PipelineReportForPipelineReportHandler] INFO  pipeline.PipelineStateManager (PipelineStateManager.java:openPipeline(134)) - Pipeline Pipeline[ Id: ea8cfd73-fe86-4a85-8210-9d8dc744a03a, Nodes: c5c819e6-85b2-482d-9128-e8ea2b7ba4a4{ip: 192.168.69.106, host: pr-hdds-2494-dtfqw-3996435450, networkLocation: /rack1, certSerialId: null}, Type:RATIS, Factor:ONE, State:OPEN] moved to OPEN state
2019-11-14 22:49:20,986 [c5c819e6-85b2-482d-9128-e8ea2b7ba4a4@group-9D8DC744A03A-LeaderElection140] INFO  server.RaftServerConfigKeys (ConfUtils.java:logGet(43)) - raft.server.watch.element-limit = 65536 (default)
2019-11-14 22:49:20,986 [c5c819e6-85b2-482d-9128-e8ea2b7ba4a4@group-9D8DC744A03A-LeaderElection140] INFO  impl.RoleInfo (RoleInfo.java:updateAndGet(143)) - c5c819e6-85b2-482d-9128-e8ea2b7ba4a4: start LeaderState
2019-11-14 22:49:20,986 [c5c819e6-85b2-482d-9128-e8ea2b7ba4a4@group-9D8DC744A03A-LeaderElection140] INFO  segmented.SegmentedRaftLogWorker (SegmentedRaftLogWorker.java:startLogSegment(385)) - c5c819e6-85b2-482d-9128-e8ea2b7ba4a4@group-9D8DC744A03A-SegmentedRaftLogWorker: Starting segment from index:0
2019-11-14 22:49:20,987 [c5c819e6-85b2-482d-9128-e8ea2b7ba4a4@group-9D8DC744A03A-LeaderElection140] INFO  impl.RaftServerImpl (ServerState.java:setRaftConf(356)) - c5c819e6-85b2-482d-9128-e8ea2b7ba4a4@group-9D8DC744A03A: set configuration 0: [c5c819e6-85b2-482d-9128-e8ea2b7ba4a4:192.168.69.106:40987], old=null at 0
2019-11-14 22:49:20,993 [Thread-3457] INFO  impl.FollowerState (FollowerState.java:run(111)) - ce51abe9-fc49-4310-abba-812881959ce0@group-09127DD028E9-FollowerState: change to CANDIDATE, lastRpcTime:1111ms, electionTimeout:1111ms
2019-11-14 22:49:20,994 [Thread-3457] INFO  impl.RoleInfo (RoleInfo.java:shutdownFollowerState(121)) - ce51abe9-fc49-4310-abba-812881959ce0: shutdown FollowerState
2019-11-14 22:49:20,994 [Thread-3457] INFO  impl.RaftServerImpl (RaftServerImpl.java:setRole(173)) - ce51abe9-fc49-4310-abba-812881959ce0@group-09127DD028E9: changes role from  FOLLOWER to CANDIDATE at term 0 for changeToCandidate
2019-11-14 22:49:20,994 [Thread-3457] INFO  impl.RoleInfo (RoleInfo.java:updateAndGet(143)) - ce51abe9-fc49-4310-abba-812881959ce0: start LeaderElection
2019-11-14 22:49:21,037 [Thread-3461] INFO  impl.FollowerState (FollowerState.java:run(111)) - dafdef77-e865-403b-bc5e-c37989f56ddc@group-09127DD028E9-FollowerState: change to CANDIDATE, lastRpcTime:1152ms, electionTimeout:1152ms
2019-11-14 22:49:21,037 [Thread-3461] INFO  impl.RoleInfo (RoleInfo.java:shutdownFollowerState(121)) - dafdef77-e865-403b-bc5e-c37989f56ddc: shutdown FollowerState
2019-11-14 22:49:21,037 [Thread-3461] INFO  impl.RaftServerImpl (RaftServerImpl.java:setRole(173)) - dafdef77-e865-403b-bc5e-c37989f56ddc@group-09127DD028E9: changes role from  FOLLOWER to CANDIDATE at term 0 for changeToCandidate
2019-11-14 22:49:21,037 [Thread-3461] INFO  impl.RoleInfo (RoleInfo.java:updateAndGet(143)) - dafdef77-e865-403b-bc5e-c37989f56ddc: start LeaderElection
2019-11-14 22:49:21,040 [Thread-3462] INFO  impl.FollowerState (FollowerState.java:run(111)) - ec693a0a-7ab2-40db-baa2-190e1e2b8078@group-09127DD028E9-FollowerState: change to CANDIDATE, lastRpcTime:1155ms, electionTimeout:1146ms
2019-11-14 22:49:21,040 [Thread-3462] INFO  impl.RoleInfo (RoleInfo.java:shutdownFollowerState(121)) - ec693a0a-7ab2-40db-baa2-190e1e2b8078: shutdown FollowerState
2019-11-14 22:49:21,040 [Thread-3462] INFO  impl.RaftServerImpl (RaftServerImpl.java:setRole(173)) - ec693a0a-7ab2-40db-baa2-190e1e2b8078@group-09127DD028E9: changes role from  FOLLOWER to CANDIDATE at term 0 for changeToCandidate
2019-11-14 22:49:21,041 [Thread-3462] INFO  impl.RoleInfo (RoleInfo.java:updateAndGet(143)) - ec693a0a-7ab2-40db-baa2-190e1e2b8078: start LeaderElection
2019-11-14 22:49:21,057 [c5c819e6-85b2-482d-9128-e8ea2b7ba4a4@group-9D8DC744A03A-SegmentedRaftLogWorker] INFO  segmented.SegmentedRaftLogWorker (SegmentedRaftLogWorker.java:execute(576)) - c5c819e6-85b2-482d-9128-e8ea2b7ba4a4@group-9D8DC744A03A-SegmentedRaftLogWorker: created new log segment /workdir/hadoop-ozone/integration-test/target/test-dir/MiniOzoneClusterImpl-9caa682c-a503-45f4-84bb-f8dd249825f6/datanode-6/data/ratis/ea8cfd73-fe86-4a85-8210-9d8dc744a03a/current/log_inprogress_0
2019-11-14 22:49:21,057 [ce51abe9-fc49-4310-abba-812881959ce0@group-09127DD028E9-LeaderElection141] INFO  impl.LeaderElection (LeaderElection.java:askForVotes(178)) - ce51abe9-fc49-4310-abba-812881959ce0@group-09127DD028E9-LeaderElection141: begin an election at term 1 for -1: [dafdef77-e865-403b-bc5e-c37989f56ddc:192.168.69.106:34201, ec693a0a-7ab2-40db-baa2-190e1e2b8078:192.168.69.106:46493, ce51abe9-fc49-4310-abba-812881959ce0:192.168.69.106:37982], old=null
2019-11-14 22:49:21,057 [ec693a0a-7ab2-40db-baa2-190e1e2b8078@group-09127DD028E9-LeaderElection143] INFO  impl.LeaderElection (LeaderElection.java:askForVotes(178)) - ec693a0a-7ab2-40db-baa2-190e1e2b8078@group-09127DD028E9-LeaderElection143: begin an election at term 1 for -1: [dafdef77-e865-403b-bc5e-c37989f56ddc:192.168.69.106:34201, ec693a0a-7ab2-40db-baa2-190e1e2b8078:192.168.69.106:46493, ce51abe9-fc49-4310-abba-812881959ce0:192.168.69.106:37982], old=null
2019-11-14 22:49:21,057 [dafdef77-e865-403b-bc5e-c37989f56ddc@group-09127DD028E9-LeaderElection142] INFO  impl.LeaderElection (LeaderElection.java:askForVotes(178)) - dafdef77-e865-403b-bc5e-c37989f56ddc@group-09127DD028E9-LeaderElection142: begin an election at term 1 for -1: [dafdef77-e865-403b-bc5e-c37989f56ddc:192.168.69.106:34201, ec693a0a-7ab2-40db-baa2-190e1e2b8078:192.168.69.106:46493, ce51abe9-fc49-4310-abba-812881959ce0:192.168.69.106:37982], old=null
2019-11-14 22:49:21,064 [main] INFO  ozone.MiniOzoneClusterImpl (MiniOzoneClusterImpl.java:lambda$waitForClusterToBeReady$2(163)) - Waiting for 6 number of pipelines out of 13, to report a leader.
2019-11-14 22:49:21,069 [Thread-3475] INFO  impl.FollowerState (FollowerState.java:run(111)) - c5c819e6-85b2-482d-9128-e8ea2b7ba4a4@group-B67B3BB094A1-FollowerState: change to CANDIDATE, lastRpcTime:1016ms, electionTimeout:1015ms
2019-11-14 22:49:21,069 [Thread-3475] INFO  impl.RoleInfo (RoleInfo.java:shutdownFollowerState(121)) - c5c819e6-85b2-482d-9128-e8ea2b7ba4a4: shutdown FollowerState
2019-11-14 22:49:21,069 [Thread-3475] INFO  impl.RaftServerImpl (RaftServerImpl.java:setRole(173)) - c5c819e6-85b2-482d-9128-e8ea2b7ba4a4@group-B67B3BB094A1: changes role from  FOLLOWER to CANDIDATE at term 0 for changeToCandidate
2019-11-14 22:49:21,069 [Thread-3475] INFO  impl.RoleInfo (RoleInfo.java:updateAndGet(143)) - c5c819e6-85b2-482d-9128-e8ea2b7ba4a4: start LeaderElection
2019-11-14 22:49:21,087 [Thread-3466] INFO  impl.FollowerState (FollowerState.java:run(111)) - 720981dd-80b6-4b59-8027-74344e9fba7b@group-BF3B0723C2F2-FollowerState: change to CANDIDATE, lastRpcTime:1105ms, electionTimeout:1104ms
2019-11-14 22:49:21,088 [Thread-3466] INFO  impl.RoleInfo (RoleInfo.java:shutdownFollowerState(121)) - 720981dd-80b6-4b59-8027-74344e9fba7b: shutdown FollowerState
2019-11-14 22:49:21,088 [Thread-3466] INFO  impl.RaftServerImpl (RaftServerImpl.java:setRole(173)) - 720981dd-80b6-4b59-8027-74344e9fba7b@group-BF3B0723C2F2: changes role from  FOLLOWER to CANDIDATE at term 0 for changeToCandidate
2019-11-14 22:49:21,089 [Thread-3466] INFO  impl.RoleInfo (RoleInfo.java:updateAndGet(143)) - 720981dd-80b6-4b59-8027-74344e9fba7b: start LeaderElection
2019-11-14 22:49:21,089 [ce51abe9-fc49-4310-abba-812881959ce0@group-09127DD028E9-LeaderElection141] INFO  impl.LeaderElection (LeaderElection.java:logAndReturn(56)) - ce51abe9-fc49-4310-abba-812881959ce0@group-09127DD028E9-LeaderElection141: Election REJECTED; received 2 response(s) [ce51abe9-fc49-4310-abba-812881959ce0<-dafdef77-e865-403b-bc5e-c37989f56ddc#0:FAIL-t1, ce51abe9-fc49-4310-abba-812881959ce0<-ec693a0a-7ab2-40db-baa2-190e1e2b8078#0:FAIL-t1] and 0 exception(s); ce51abe9-fc49-4310-abba-812881959ce0@group-09127DD028E9:t1, leader=null, voted=ce51abe9-fc49-4310-abba-812881959ce0, raftlog=ce51abe9-fc49-4310-abba-812881959ce0@group-09127DD028E9-SegmentedRaftLog:OPENED:c-1,f-1,i0, conf=-1: [dafdef77-e865-403b-bc5e-c37989f56ddc:192.168.69.106:34201, ec693a0a-7ab2-40db-baa2-190e1e2b8078:192.168.69.106:46493, ce51abe9-fc49-4310-abba-812881959ce0:192.168.69.106:37982], old=null
2019-11-14 22:49:21,091 [ce51abe9-fc49-4310-abba-812881959ce0@group-09127DD028E9-LeaderElection141] INFO  impl.RaftServerImpl (RaftServerImpl.java:setRole(173)) - ce51abe9-fc49-4310-abba-812881959ce0@group-09127DD028E9: changes role from CANDIDATE to FOLLOWER at term 1 for DISCOVERED_A_NEW_TERM
2019-11-14 22:49:21,091 [dafdef77-e865-403b-bc5e-c37989f56ddc@group-09127DD028E9-LeaderElection142] INFO  impl.LeaderElection (LeaderElection.java:logAndReturn(56)) - dafdef77-e865-403b-bc5e-c37989f56ddc@group-09127DD028E9-LeaderElection142: Election REJECTED; received 2 response(s) [dafdef77-e865-403b-bc5e-c37989f56ddc<-ec693a0a-7ab2-40db-baa2-190e1e2b8078#0:FAIL-t1, dafdef77-e865-403b-bc5e-c37989f56ddc<-ce51abe9-fc49-4310-abba-812881959ce0#0:FAIL-t1] and 0 exception(s); dafdef77-e865-403b-bc5e-c37989f56ddc@group-09127DD028E9:t1, leader=null, voted=dafdef77-e865-403b-bc5e-c37989f56ddc, raftlog=dafdef77-e865-403b-bc5e-c37989f56ddc@group-09127DD028E9-SegmentedRaftLog:OPENED:c-1,f-1,i0, conf=-1: [dafdef77-e865-403b-bc5e-c37989f56ddc:192.168.69.106:34201, ec693a0a-7ab2-40db-baa2-190e1e2b8078:192.168.69.106:46493, ce51abe9-fc49-4310-abba-812881959ce0:192.168.69.106:37982], old=null
2019-11-14 22:49:21,091 [ce51abe9-fc49-4310-abba-812881959ce0@group-09127DD028E9-LeaderElection141] INFO  impl.RoleInfo (RoleInfo.java:shutdownLeaderElection(134)) - ce51abe9-fc49-4310-abba-812881959ce0: shutdown LeaderElection
2019-11-14 22:49:21,091 [dafdef77-e865-403b-bc5e-c37989f56ddc@group-09127DD028E9-LeaderElection142] INFO  impl.RaftServerImpl (RaftServerImpl.java:setRole(173)) - dafdef77-e865-403b-bc5e-c37989f56ddc@group-09127DD028E9: changes role from CANDIDATE to FOLLOWER at term 1 for DISCOVERED_A_NEW_TERM
2019-11-14 22:49:21,091 [dafdef77-e865-403b-bc5e-c37989f56ddc@group-09127DD028E9-LeaderElection142] INFO  impl.RoleInfo (RoleInfo.java:shutdownLeaderElection(134)) - dafdef77-e865-403b-bc5e-c37989f56ddc: shutdown LeaderElection
2019-11-14 22:49:21,091 [ce51abe9-fc49-4310-abba-812881959ce0@group-09127DD028E9-LeaderElection141] INFO  impl.RoleInfo (RoleInfo.java:updateAndGet(143)) - ce51abe9-fc49-4310-abba-812881959ce0: start FollowerState
2019-11-14 22:49:21,091 [dafdef77-e865-403b-bc5e-c37989f56ddc@group-09127DD028E9-LeaderElection142] INFO  impl.RoleInfo (RoleInfo.java:updateAndGet(143)) - dafdef77-e865-403b-bc5e-c37989f56ddc: start FollowerState
2019-11-14 22:49:21,092 [ec693a0a-7ab2-40db-baa2-190e1e2b8078@group-09127DD028E9-LeaderElection143] INFO  impl.LeaderElection (LeaderElection.java:logAndReturn(56)) - ec693a0a-7ab2-40db-baa2-190e1e2b8078@group-09127DD028E9-LeaderElection143: Election REJECTED; received 2 response(s) [ec693a0a-7ab2-40db-baa2-190e1e2b8078<-dafdef77-e865-403b-bc5e-c37989f56ddc#0:FAIL-t1, ec693a0a-7ab2-40db-baa2-190e1e2b8078<-ce51abe9-fc49-4310-abba-812881959ce0#0:FAIL-t1] and 0 exception(s); ec693a0a-7ab2-40db-baa2-190e1e2b8078@group-09127DD028E9:t1, leader=null, voted=ec693a0a-7ab2-40db-baa2-190e1e2b8078, raftlog=ec693a0a-7ab2-40db-baa2-190e1e2b8078@group-09127DD028E9-SegmentedRaftLog:OPENED:c-1,f-1,i0, conf=-1: [dafdef77-e865-403b-bc5e-c37989f56ddc:192.168.69.106:34201, ec693a0a-7ab2-40db-baa2-190e1e2b8078:192.168.69.106:46493, ce51abe9-fc49-4310-abba-812881959ce0:192.168.69.106:37982], old=null
2019-11-14 22:49:21,092 [ec693a0a-7ab2-40db-baa2-190e1e2b8078@group-09127DD028E9-LeaderElection143] INFO  impl.RaftServerImpl (RaftServerImpl.java:setRole(173)) - ec693a0a-7ab2-40db-baa2-190e1e2b8078@group-09127DD028E9: changes role from CANDIDATE to FOLLOWER at term 1 for DISCOVERED_A_NEW_TERM
2019-11-14 22:49:21,092 [ec693a0a-7ab2-40db-baa2-190e1e2b8078@group-09127DD028E9-LeaderElection143] INFO  impl.RoleInfo (RoleInfo.java:shutdownLeaderElection(134)) - ec693a0a-7ab2-40db-baa2-190e1e2b8078: shutdown LeaderElection
2019-11-14 22:49:21,093 [ec693a0a-7ab2-40db-baa2-190e1e2b8078@group-09127DD028E9-LeaderElection143] INFO  impl.RoleInfo (RoleInfo.java:updateAndGet(143)) - ec693a0a-7ab2-40db-baa2-190e1e2b8078: start FollowerState
2019-11-14 22:49:21,107 [720981dd-80b6-4b59-8027-74344e9fba7b@group-BF3B0723C2F2-LeaderElection145] INFO  impl.LeaderElection (LeaderElection.java:askForVotes(178)) - 720981dd-80b6-4b59-8027-74344e9fba7b@group-BF3B0723C2F2-LeaderElection145: begin an election at term 1 for -1: [58f72cb5-8974-4d0e-9564-cfe3e68dc671:192.168.69.106:42937, 720981dd-80b6-4b59-8027-74344e9fba7b:192.168.69.106:33190, 7d8f40ed-fc7e-4283-96c6-8f8f645c1bfe:192.168.69.106:40228], old=null
2019-11-14 22:49:21,108 [c5c819e6-85b2-482d-9128-e8ea2b7ba4a4@group-B67B3BB094A1-LeaderElection144] INFO  impl.LeaderElection (LeaderElection.java:askForVotes(178)) - c5c819e6-85b2-482d-9128-e8ea2b7ba4a4@group-B67B3BB094A1-LeaderElection144: begin an election at term 1 for -1: [df16aec3-050f-40e4-a922-70bdb89d4bf1:192.168.69.106:44144, 82d9b010-cdd2-48aa-a03f-c52b44e44827:192.168.69.106:46701, c5c819e6-85b2-482d-9128-e8ea2b7ba4a4:192.168.69.106:40987], old=null
2019-11-14 22:49:21,114 [grpc-default-executor-5] INFO  impl.RaftServerImpl (RaftServerImpl.java:setRole(173)) - 58f72cb5-8974-4d0e-9564-cfe3e68dc671@group-BF3B0723C2F2: changes role from  FOLLOWER to FOLLOWER at term 1 for recognizeCandidate:720981dd-80b6-4b59-8027-74344e9fba7b
2019-11-14 22:49:21,114 [grpc-default-executor-5] INFO  impl.RoleInfo (RoleInfo.java:shutdownFollowerState(121)) - 58f72cb5-8974-4d0e-9564-cfe3e68dc671: shutdown FollowerState
2019-11-14 22:49:21,115 [grpc-default-executor-5] INFO  impl.RoleInfo (RoleInfo.java:updateAndGet(143)) - 58f72cb5-8974-4d0e-9564-cfe3e68dc671: start FollowerState
2019-11-14 22:49:21,115 [Thread-3471] INFO  impl.FollowerState (FollowerState.java:run(120)) - 58f72cb5-8974-4d0e-9564-cfe3e68dc671@group-BF3B0723C2F2-FollowerState was interrupted: java.lang.InterruptedException: sleep interrupted
2019-11-14 22:49:21,115 [grpc-default-executor-8] INFO  impl.RaftServerImpl (RaftServerImpl.java:setRole(173)) - 7d8f40ed-fc7e-4283-96c6-8f8f645c1bfe@group-BF3B0723C2F2: changes role from  FOLLOWER to FOLLOWER at term 1 for recognizeCandidate:720981dd-80b6-4b59-8027-74344e9fba7b
2019-11-14 22:49:21,115 [grpc-default-executor-8] INFO  impl.RoleInfo (RoleInfo.java:shutdownFollowerState(121)) - 7d8f40ed-fc7e-4283-96c6-8f8f645c1bfe: shutdown FollowerState
2019-11-14 22:49:21,115 [grpc-default-executor-8] INFO  impl.RoleInfo (RoleInfo.java:updateAndGet(143)) - 7d8f40ed-fc7e-4283-96c6-8f8f645c1bfe: start FollowerState
2019-11-14 22:49:21,115 [Thread-3470] INFO  impl.FollowerState (FollowerState.java:run(120)) - 7d8f40ed-fc7e-4283-96c6-8f8f645c1bfe@group-BF3B0723C2F2-FollowerState was interrupted: java.lang.InterruptedException: sleep interrupted
2019-11-14 22:49:21,115 [grpc-default-executor-6] INFO  impl.RaftServerImpl (RaftServerImpl.java:setRole(173)) - 82d9b010-cdd2-48aa-a03f-c52b44e44827@group-B67B3BB094A1: changes role from  FOLLOWER to FOLLOWER at term 1 for recognizeCandidate:c5c819e6-85b2-482d-9128-e8ea2b7ba4a4
2019-11-14 22:49:21,116 [grpc-default-executor-6] INFO  impl.RoleInfo (RoleInfo.java:shutdownFollowerState(121)) - 82d9b010-cdd2-48aa-a03f-c52b44e44827: shutdown FollowerState
2019-11-14 22:49:21,116 [grpc-default-executor-6] INFO  impl.RoleInfo (RoleInfo.java:updateAndGet(143)) - 82d9b010-cdd2-48aa-a03f-c52b44e44827: start FollowerState
2019-11-14 22:49:21,116 [grpc-default-executor-4] INFO  impl.RaftServerImpl (RaftServerImpl.java:setRole(173)) - df16aec3-050f-40e4-a922-70bdb89d4bf1@group-B67B3BB094A1: changes role from  FOLLOWER to FOLLOWER at term 1 for recognizeCandidate:c5c819e6-85b2-482d-9128-e8ea2b7ba4a4
2019-11-14 22:49:21,116 [grpc-default-executor-4] INFO  impl.RoleInfo (RoleInfo.java:shutdownFollowerState(121)) - df16aec3-050f-40e4-a922-70bdb89d4bf1: shutdown FollowerState
2019-11-14 22:49:21,116 [Thread-3480] INFO  impl.FollowerState (FollowerState.java:run(120)) - 82d9b010-cdd2-48aa-a03f-c52b44e44827@group-B67B3BB094A1-FollowerState was interrupted: java.lang.InterruptedException: sleep interrupted
2019-11-14 22:49:21,116 [Thread-3479] INFO  impl.FollowerState (FollowerState.java:run(120)) - df16aec3-050f-40e4-a922-70bdb89d4bf1@group-B67B3BB094A1-FollowerState was interrupted: java.lang.InterruptedException: sleep interrupted
2019-11-14 22:49:21,116 [grpc-default-executor-4] INFO  impl.RoleInfo (RoleInfo.java:updateAndGet(143)) - df16aec3-050f-40e4-a922-70bdb89d4bf1: start FollowerState
2019-11-14 22:49:21,142 [c5c819e6-85b2-482d-9128-e8ea2b7ba4a4@group-B67B3BB094A1-LeaderElection144] INFO  impl.LeaderElection (LeaderElection.java:logAndReturn(56)) - c5c819e6-85b2-482d-9128-e8ea2b7ba4a4@group-B67B3BB094A1-LeaderElection144: Election PASSED; received 1 response(s) [c5c819e6-85b2-482d-9128-e8ea2b7ba4a4<-82d9b010-cdd2-48aa-a03f-c52b44e44827#0:OK-t1] and 0 exception(s); c5c819e6-85b2-482d-9128-e8ea2b7ba4a4@group-B67B3BB094A1:t1, leader=null, voted=c5c819e6-85b2-482d-9128-e8ea2b7ba4a4, raftlog=c5c819e6-85b2-482d-9128-e8ea2b7ba4a4@group-B67B3BB094A1-SegmentedRaftLog:OPENED:c-1,f-1,i0, conf=-1: [df16aec3-050f-40e4-a922-70bdb89d4bf1:192.168.69.106:44144, 82d9b010-cdd2-48aa-a03f-c52b44e44827:192.168.69.106:46701, c5c819e6-85b2-482d-9128-e8ea2b7ba4a4:192.168.69.106:40987], old=null
2019-11-14 22:49:21,142 [720981dd-80b6-4b59-8027-74344e9fba7b@group-BF3B0723C2F2-LeaderElection145] INFO  impl.LeaderElection (LeaderElection.java:logAndReturn(56)) - 720981dd-80b6-4b59-8027-74344e9fba7b@group-BF3B0723C2F2-LeaderElection145: Election PASSED; received 1 response(s) [720981dd-80b6-4b59-8027-74344e9fba7b<-7d8f40ed-fc7e-4283-96c6-8f8f645c1bfe#0:OK-t1] and 0 exception(s); 720981dd-80b6-4b59-8027-74344e9fba7b@group-BF3B0723C2F2:t1, leader=null, voted=720981dd-80b6-4b59-8027-74344e9fba7b, raftlog=720981dd-80b6-4b59-8027-74344e9fba7b@group-BF3B0723C2F2-SegmentedRaftLog:OPENED:c-1,f-1,i0, conf=-1: [58f72cb5-8974-4d0e-9564-cfe3e68dc671:192.168.69.106:42937, 720981dd-80b6-4b59-8027-74344e9fba7b:192.168.69.106:33190, 7d8f40ed-fc7e-4283-96c6-8f8f645c1bfe:192.168.69.106:40228], old=null
2019-11-14 22:49:21,142 [c5c819e6-85b2-482d-9128-e8ea2b7ba4a4@group-B67B3BB094A1-LeaderElection144] INFO  impl.RoleInfo (RoleInfo.java:shutdownLeaderElection(134)) - c5c819e6-85b2-482d-9128-e8ea2b7ba4a4: shutdown LeaderElection
2019-11-14 22:49:21,143 [720981dd-80b6-4b59-8027-74344e9fba7b@group-BF3B0723C2F2-LeaderElection145] INFO  impl.RoleInfo (RoleInfo.java:shutdownLeaderElection(134)) - 720981dd-80b6-4b59-8027-74344e9fba7b: shutdown LeaderElection
2019-11-14 22:49:21,143 [c5c819e6-85b2-482d-9128-e8ea2b7ba4a4@group-B67B3BB094A1-LeaderElection144] INFO  impl.RaftServerImpl (RaftServerImpl.java:setRole(173)) - c5c819e6-85b2-482d-9128-e8ea2b7ba4a4@group-B67B3BB094A1: changes role from CANDIDATE to LEADER at term 1 for changeToLeader
2019-11-14 22:49:21,143 [720981dd-80b6-4b59-8027-74344e9fba7b@group-BF3B0723C2F2-LeaderElection145] INFO  impl.RaftServerImpl (RaftServerImpl.java:setRole(173)) - 720981dd-80b6-4b59-8027-74344e9fba7b@group-BF3B0723C2F2: changes role from CANDIDATE to LEADER at term 1 for changeToLeader
2019-11-14 22:49:21,143 [c5c819e6-85b2-482d-9128-e8ea2b7ba4a4@group-B67B3BB094A1-LeaderElection144] INFO  ratis.XceiverServerRatis (XceiverServerRatis.java:handleLeaderChangedNotification(697)) - Leader change notification received for group: group-B67B3BB094A1 with new leaderId: c5c819e6-85b2-482d-9128-e8ea2b7ba4a4
2019-11-14 22:49:21,143 [720981dd-80b6-4b59-8027-74344e9fba7b@group-BF3B0723C2F2-LeaderElection145] INFO  ratis.XceiverServerRatis (XceiverServerRatis.java:handleLeaderChangedNotification(697)) - Leader change notification received for group: group-BF3B0723C2F2 with new leaderId: 720981dd-80b6-4b59-8027-74344e9fba7b
2019-11-14 22:49:21,143 [c5c819e6-85b2-482d-9128-e8ea2b7ba4a4@group-B67B3BB094A1-LeaderElection144] INFO  impl.RaftServerImpl (ServerState.java:setLeader(255)) - c5c819e6-85b2-482d-9128-e8ea2b7ba4a4@group-B67B3BB094A1: change Leader from null to c5c819e6-85b2-482d-9128-e8ea2b7ba4a4 at term 1 for becomeLeader, leader elected after 1097ms
2019-11-14 22:49:21,143 [720981dd-80b6-4b59-8027-74344e9fba7b@group-BF3B0723C2F2-LeaderElection145] INFO  impl.RaftServerImpl (ServerState.java:setLeader(255)) - 720981dd-80b6-4b59-8027-74344e9fba7b@group-BF3B0723C2F2: change Leader from null to 720981dd-80b6-4b59-8027-74344e9fba7b at term 1 for becomeLeader, leader elected after 1165ms
2019-11-14 22:49:21,143 [c5c819e6-85b2-482d-9128-e8ea2b7ba4a4@group-B67B3BB094A1-LeaderElection144] INFO  server.RaftServerConfigKeys (ConfUtils.java:logGet(43)) - raft.server.staging.catchup.gap = 1000 (default)
2019-11-14 22:49:21,143 [720981dd-80b6-4b59-8027-74344e9fba7b@group-BF3B0723C2F2-LeaderElection145] INFO  server.RaftServerConfigKeys (ConfUtils.java:logGet(43)) - raft.server.staging.catchup.gap = 1000 (default)
2019-11-14 22:49:21,143 [c5c819e6-85b2-482d-9128-e8ea2b7ba4a4@group-B67B3BB094A1-LeaderElection144] INFO  server.RaftServerConfigKeys (ConfUtils.java:logGet(43)) - raft.server.rpc.sleep.time = 25ms (default)
2019-11-14 22:49:21,144 [720981dd-80b6-4b59-8027-74344e9fba7b@group-BF3B0723C2F2-LeaderElection145] INFO  server.RaftServerConfigKeys (ConfUtils.java:logGet(43)) - raft.server.rpc.sleep.time = 25ms (default)
2019-11-14 22:49:21,144 [c5c819e6-85b2-482d-9128-e8ea2b7ba4a4@group-B67B3BB094A1-LeaderElection144] INFO  server.RaftServerConfigKeys (ConfUtils.java:logGet(43)) - raft.server.write.element-limit = 4096 (default)
2019-11-14 22:49:21,144 [720981dd-80b6-4b59-8027-74344e9fba7b@group-BF3B0723C2F2-LeaderElection145] INFO  server.RaftServerConfigKeys (ConfUtils.java:logGet(43)) - raft.server.write.element-limit = 4096 (default)
2019-11-14 22:49:21,144 [c5c819e6-85b2-482d-9128-e8ea2b7ba4a4@group-B67B3BB094A1-LeaderElection144] INFO  server.RaftServerConfigKeys (ConfUtils.java:logGet(43)) - raft.server.watch.timeout = 10s (default)
2019-11-14 22:49:21,144 [720981dd-80b6-4b59-8027-74344e9fba7b@group-BF3B0723C2F2-LeaderElection145] INFO  server.RaftServerConfigKeys (ConfUtils.java:logGet(43)) - raft.server.watch.timeout = 10s (default)
2019-11-14 22:49:21,144 [c5c819e6-85b2-482d-9128-e8ea2b7ba4a4@group-B67B3BB094A1-LeaderElection144] INFO  server.RaftServerConfigKeys (ConfUtils.java:logGet(43)) - raft.server.watch.timeout.denomination = 1s (default)
2019-11-14 22:49:21,144 [720981dd-80b6-4b59-8027-74344e9fba7b@group-BF3B0723C2F2-LeaderElection145] INFO  server.RaftServerConfigKeys (ConfUtils.java:logGet(43)) - raft.server.watch.timeout.denomination = 1s (default)
2019-11-14 22:49:21,144 [c5c819e6-85b2-482d-9128-e8ea2b7ba4a4@group-B67B3BB094A1-LeaderElection144] INFO  server.RaftServerConfigKeys (ConfUtils.java:logGet(43)) - raft.server.watch.element-limit = 65536 (default)
2019-11-14 22:49:21,144 [EventQueue-PipelineReportForPipelineReportHandler] INFO  pipeline.PipelineStateManager (PipelineStateManager.java:openPipeline(134)) - Pipeline Pipeline[ Id: e54ec45e-ad6c-47c7-a623-bf3b0723c2f2, Nodes: 58f72cb5-8974-4d0e-9564-cfe3e68dc671{ip: 192.168.69.106, host: pr-hdds-2494-dtfqw-3996435450, networkLocation: /rack1, certSerialId: null}7d8f40ed-fc7e-4283-96c6-8f8f645c1bfe{ip: 192.168.69.106, host: pr-hdds-2494-dtfqw-3996435450, networkLocation: /rack1, certSerialId: null}720981dd-80b6-4b59-8027-74344e9fba7b{ip: 192.168.69.106, host: pr-hdds-2494-dtfqw-3996435450, networkLocation: /rack1, certSerialId: null}, Type:RATIS, Factor:THREE, State:OPEN] moved to OPEN state
2019-11-14 22:49:21,144 [720981dd-80b6-4b59-8027-74344e9fba7b@group-BF3B0723C2F2-LeaderElection145] INFO  server.RaftServerConfigKeys (ConfUtils.java:logGet(43)) - raft.server.watch.element-limit = 65536 (default)
2019-11-14 22:49:21,144 [c5c819e6-85b2-482d-9128-e8ea2b7ba4a4@group-B67B3BB094A1-LeaderElection144] INFO  server.RaftServerConfigKeys (ConfUtils.java:logGet(43)) - raft.server.log.appender.snapshot.chunk.size.max = 16MB (=16777216) (default)
2019-11-14 22:49:21,145 [720981dd-80b6-4b59-8027-74344e9fba7b@group-BF3B0723C2F2-LeaderElection145] INFO  server.RaftServerConfigKeys (ConfUtils.java:logGet(43)) - raft.server.log.appender.snapshot.chunk.size.max = 16MB (=16777216) (default)
2019-11-14 22:49:21,145 [720981dd-80b6-4b59-8027-74344e9fba7b@group-BF3B0723C2F2-LeaderElection145] INFO  server.RaftServerConfigKeys (ConfUtils.java:logGet(43)) - raft.server.log.appender.buffer.byte-limit = 33554432 (custom)
2019-11-14 22:49:21,145 [EventQueue-PipelineReportForPipelineReportHandler] INFO  pipeline.PipelineStateManager (PipelineStateManager.java:openPipeline(134)) - Pipeline Pipeline[ Id: aa0ff3f3-bb19-4f77-b438-b67b3bb094a1, Nodes: 82d9b010-cdd2-48aa-a03f-c52b44e44827{ip: 192.168.69.106, host: pr-hdds-2494-dtfqw-3996435450, networkLocation: /rack1, certSerialId: null}c5c819e6-85b2-482d-9128-e8ea2b7ba4a4{ip: 192.168.69.106, host: pr-hdds-2494-dtfqw-3996435450, networkLocation: /rack1, certSerialId: null}df16aec3-050f-40e4-a922-70bdb89d4bf1{ip: 192.168.69.106, host: pr-hdds-2494-dtfqw-3996435450, networkLocation: /rack1, certSerialId: null}, Type:RATIS, Factor:THREE, State:OPEN] moved to OPEN state
2019-11-14 22:49:21,145 [720981dd-80b6-4b59-8027-74344e9fba7b@group-BF3B0723C2F2-LeaderElection145] INFO  server.RaftServerConfigKeys (ConfUtils.java:logGet(43)) - raft.server.log.appender.buffer.element-limit = 1 (custom)
2019-11-14 22:49:21,145 [c5c819e6-85b2-482d-9128-e8ea2b7ba4a4@group-B67B3BB094A1-LeaderElection144] INFO  server.RaftServerConfigKeys (ConfUtils.java:logGet(43)) - raft.server.log.appender.buffer.byte-limit = 33554432 (custom)
2019-11-14 22:49:21,145 [720981dd-80b6-4b59-8027-74344e9fba7b@group-BF3B0723C2F2-LeaderElection145] INFO  grpc.GrpcConfigKeys$Server (ConfUtils.java:logGet(43)) - raft.grpc.server.leader.outstanding.appends.max = 128 (default)
2019-11-14 22:49:21,145 [c5c819e6-85b2-482d-9128-e8ea2b7ba4a4@group-B67B3BB094A1-LeaderElection144] INFO  server.RaftServerConfigKeys (ConfUtils.java:logGet(43)) - raft.server.log.appender.buffer.element-limit = 1 (custom)
2019-11-14 22:49:21,146 [720981dd-80b6-4b59-8027-74344e9fba7b@group-BF3B0723C2F2-LeaderElection145] INFO  server.RaftServerConfigKeys (ConfUtils.java:logGet(43)) - raft.server.rpc.request.timeout = 3000ms (default)
2019-11-14 22:49:21,146 [c5c819e6-85b2-482d-9128-e8ea2b7ba4a4@group-B67B3BB094A1-LeaderElection144] INFO  grpc.GrpcConfigKeys$Server (ConfUtils.java:logGet(43)) - raft.grpc.server.leader.outstanding.appends.max = 128 (default)
2019-11-14 22:49:21,146 [720981dd-80b6-4b59-8027-74344e9fba7b@group-BF3B0723C2F2-LeaderElection145] INFO  server.RaftServerConfigKeys (ConfUtils.java:logGet(43)) - raft.server.log.appender.install.snapshot.enabled = false (custom)
2019-11-14 22:49:21,146 [c5c819e6-85b2-482d-9128-e8ea2b7ba4a4@group-B67B3BB094A1-LeaderElection144] INFO  server.RaftServerConfigKeys (ConfUtils.java:logGet(43)) - raft.server.rpc.request.timeout = 3000ms (default)
2019-11-14 22:49:21,146 [720981dd-80b6-4b59-8027-74344e9fba7b@group-BF3B0723C2F2-LeaderElection145] WARN  impl.MetricRegistriesImpl (MetricRegistriesImpl.java:lambda$create$1(61)) - First MetricRegistry has been created without registering reporters. You may need to call MetricRegistries.global().addReportRegistration(...) before.
2019-11-14 22:49:21,146 [c5c819e6-85b2-482d-9128-e8ea2b7ba4a4@group-B67B3BB094A1-LeaderElection144] INFO  server.RaftServerConfigKeys (ConfUtils.java:logGet(43)) - raft.server.log.appender.install.snapshot.enabled = false (custom)
2019-11-14 22:49:21,146 [720981dd-80b6-4b59-8027-74344e9fba7b@group-BF3B0723C2F2-LeaderElection145] INFO  server.RaftServerConfigKeys (ConfUtils.java:logGet(43)) - raft.server.log.appender.snapshot.chunk.size.max = 16MB (=16777216) (default)
2019-11-14 22:49:21,146 [c5c819e6-85b2-482d-9128-e8ea2b7ba4a4@group-B67B3BB094A1-LeaderElection144] WARN  impl.MetricRegistriesImpl (MetricRegistriesImpl.java:lambda$create$1(61)) - First MetricRegistry has been created without registering reporters. You may need to call MetricRegistries.global().addReportRegistration(...) before.
2019-11-14 22:49:21,147 [720981dd-80b6-4b59-8027-74344e9fba7b@group-BF3B0723C2F2-LeaderElection145] INFO  server.RaftServerConfigKeys (ConfUtils.java:logGet(43)) - raft.server.log.appender.buffer.byte-limit = 33554432 (custom)
2019-11-14 22:49:21,147 [c5c819e6-85b2-482d-9128-e8ea2b7ba4a4@group-B67B3BB094A1-LeaderElection144] INFO  server.RaftServerConfigKeys (ConfUtils.java:logGet(43)) - raft.server.log.appender.snapshot.chunk.size.max = 16MB (=16777216) (default)
2019-11-14 22:49:21,147 [720981dd-80b6-4b59-8027-74344e9fba7b@group-BF3B0723C2F2-LeaderElection145] INFO  server.RaftServerConfigKeys (ConfUtils.java:logGet(43)) - raft.server.log.appender.buffer.element-limit = 1 (custom)
2019-11-14 22:49:21,147 [c5c819e6-85b2-482d-9128-e8ea2b7ba4a4@group-B67B3BB094A1-LeaderElection144] INFO  server.RaftServerConfigKeys (ConfUtils.java:logGet(43)) - raft.server.log.appender.buffer.byte-limit = 33554432 (custom)
2019-11-14 22:49:21,147 [720981dd-80b6-4b59-8027-74344e9fba7b@group-BF3B0723C2F2-LeaderElection145] INFO  grpc.GrpcConfigKeys$Server (ConfUtils.java:logGet(43)) - raft.grpc.server.leader.outstanding.appends.max = 128 (default)
2019-11-14 22:49:21,147 [c5c819e6-85b2-482d-9128-e8ea2b7ba4a4@group-B67B3BB094A1-LeaderElection144] INFO  server.RaftServerConfigKeys (ConfUtils.java:logGet(43)) - raft.server.log.appender.buffer.element-limit = 1 (custom)
2019-11-14 22:49:21,147 [720981dd-80b6-4b59-8027-74344e9fba7b@group-BF3B0723C2F2-LeaderElection145] INFO  server.RaftServerConfigKeys (ConfUtils.java:logGet(43)) - raft.server.rpc.request.timeout = 3000ms (default)
2019-11-14 22:49:21,147 [c5c819e6-85b2-482d-9128-e8ea2b7ba4a4@group-B67B3BB094A1-LeaderElection144] INFO  grpc.GrpcConfigKeys$Server (ConfUtils.java:logGet(43)) - raft.grpc.server.leader.outstanding.appends.max = 128 (default)
2019-11-14 22:49:21,147 [720981dd-80b6-4b59-8027-74344e9fba7b@group-BF3B0723C2F2-LeaderElection145] INFO  server.RaftServerConfigKeys (ConfUtils.java:logGet(43)) - raft.server.log.appender.install.snapshot.enabled = false (custom)
2019-11-14 22:49:21,148 [c5c819e6-85b2-482d-9128-e8ea2b7ba4a4@group-B67B3BB094A1-LeaderElection144] INFO  server.RaftServerConfigKeys (ConfUtils.java:logGet(43)) - raft.server.rpc.request.timeout = 3000ms (default)
2019-11-14 22:49:21,148 [720981dd-80b6-4b59-8027-74344e9fba7b@group-BF3B0723C2F2-LeaderElection145] INFO  impl.RoleInfo (RoleInfo.java:updateAndGet(143)) - 720981dd-80b6-4b59-8027-74344e9fba7b: start LeaderState
2019-11-14 22:49:21,148 [c5c819e6-85b2-482d-9128-e8ea2b7ba4a4@group-B67B3BB094A1-LeaderElection144] INFO  server.RaftServerConfigKeys (ConfUtils.java:logGet(43)) - raft.server.log.appender.install.snapshot.enabled = false (custom)
2019-11-14 22:49:21,148 [720981dd-80b6-4b59-8027-74344e9fba7b@group-BF3B0723C2F2-LeaderElection145] INFO  segmented.SegmentedRaftLogWorker (SegmentedRaftLogWorker.java:startLogSegment(385)) - 720981dd-80b6-4b59-8027-74344e9fba7b@group-BF3B0723C2F2-SegmentedRaftLogWorker: Starting segment from index:0
2019-11-14 22:49:21,148 [c5c819e6-85b2-482d-9128-e8ea2b7ba4a4@group-B67B3BB094A1-LeaderElection144] INFO  impl.RoleInfo (RoleInfo.java:updateAndGet(143)) - c5c819e6-85b2-482d-9128-e8ea2b7ba4a4: start LeaderState
2019-11-14 22:49:21,148 [c5c819e6-85b2-482d-9128-e8ea2b7ba4a4@group-B67B3BB094A1-LeaderElection144] INFO  segmented.SegmentedRaftLogWorker (SegmentedRaftLogWorker.java:startLogSegment(385)) - c5c819e6-85b2-482d-9128-e8ea2b7ba4a4@group-B67B3BB094A1-SegmentedRaftLogWorker: Starting segment from index:0
2019-11-14 22:49:21,149 [720981dd-80b6-4b59-8027-74344e9fba7b@group-BF3B0723C2F2-LeaderElection145] INFO  impl.RaftServerImpl (ServerState.java:setRaftConf(356)) - 720981dd-80b6-4b59-8027-74344e9fba7b@group-BF3B0723C2F2: set configuration 0: [58f72cb5-8974-4d0e-9564-cfe3e68dc671:192.168.69.106:42937, 720981dd-80b6-4b59-8027-74344e9fba7b:192.168.69.106:33190, 7d8f40ed-fc7e-4283-96c6-8f8f645c1bfe:192.168.69.106:40228], old=null at 0
2019-11-14 22:49:21,182 [c5c819e6-85b2-482d-9128-e8ea2b7ba4a4@group-B67B3BB094A1-LeaderElection144] INFO  impl.RaftServerImpl (ServerState.java:setRaftConf(356)) - c5c819e6-85b2-482d-9128-e8ea2b7ba4a4@group-B67B3BB094A1: set configuration 0: [df16aec3-050f-40e4-a922-70bdb89d4bf1:192.168.69.106:44144, 82d9b010-cdd2-48aa-a03f-c52b44e44827:192.168.69.106:46701, c5c819e6-85b2-482d-9128-e8ea2b7ba4a4:192.168.69.106:40987], old=null at 0
2019-11-14 22:49:21,220 [720981dd-80b6-4b59-8027-74344e9fba7b@group-BF3B0723C2F2-SegmentedRaftLogWorker] INFO  segmented.SegmentedRaftLogWorker (SegmentedRaftLogWorker.java:execute(576)) - 720981dd-80b6-4b59-8027-74344e9fba7b@group-BF3B0723C2F2-SegmentedRaftLogWorker: created new log segment /workdir/hadoop-ozone/integration-test/target/test-dir/MiniOzoneClusterImpl-9caa682c-a503-45f4-84bb-f8dd249825f6/datanode-2/data/ratis/e54ec45e-ad6c-47c7-a623-bf3b0723c2f2/current/log_inprogress_0
2019-11-14 22:49:21,220 [Thread-3484] INFO  impl.FollowerState (FollowerState.java:run(111)) - 58f72cb5-8974-4d0e-9564-cfe3e68dc671@group-DC549A6FFF5A-FollowerState: change to CANDIDATE, lastRpcTime:1095ms, electionTimeout:1089ms
2019-11-14 22:49:21,223 [Thread-3484] INFO  impl.RoleInfo (RoleInfo.java:shutdownFollowerState(121)) - 58f72cb5-8974-4d0e-9564-cfe3e68dc671: shutdown FollowerState
2019-11-14 22:49:21,223 [Thread-3484] INFO  impl.RaftServerImpl (RaftServerImpl.java:setRole(173)) - 58f72cb5-8974-4d0e-9564-cfe3e68dc671@group-DC549A6FFF5A: changes role from  FOLLOWER to CANDIDATE at term 0 for changeToCandidate
2019-11-14 22:49:21,223 [Thread-3484] INFO  impl.RoleInfo (RoleInfo.java:updateAndGet(143)) - 58f72cb5-8974-4d0e-9564-cfe3e68dc671: start LeaderElection
2019-11-14 22:49:21,225 [Thread-3487] INFO  impl.FollowerState (FollowerState.java:run(111)) - 7d8f40ed-fc7e-4283-96c6-8f8f645c1bfe@group-9B30234B9AAF-FollowerState: change to CANDIDATE, lastRpcTime:1024ms, electionTimeout:1022ms
2019-11-14 22:49:21,226 [Thread-3487] INFO  impl.RoleInfo (RoleInfo.java:shutdownFollowerState(121)) - 7d8f40ed-fc7e-4283-96c6-8f8f645c1bfe: shutdown FollowerState
2019-11-14 22:49:21,226 [Thread-3487] INFO  impl.RaftServerImpl (RaftServerImpl.java:setRole(173)) - 7d8f40ed-fc7e-4283-96c6-8f8f645c1bfe@group-9B30234B9AAF: changes role from  FOLLOWER to CANDIDATE at term 0 for changeToCandidate
2019-11-14 22:49:21,226 [Thread-3487] INFO  impl.RoleInfo (RoleInfo.java:updateAndGet(143)) - 7d8f40ed-fc7e-4283-96c6-8f8f645c1bfe: start LeaderElection
2019-11-14 22:49:21,228 [grpc-default-executor-5] INFO  ratis.XceiverServerRatis (XceiverServerRatis.java:handleLeaderChangedNotification(697)) - Leader change notification received for group: group-B67B3BB094A1 with new leaderId: c5c819e6-85b2-482d-9128-e8ea2b7ba4a4
2019-11-14 22:49:21,234 [grpc-default-executor-5] INFO  impl.RaftServerImpl (ServerState.java:setLeader(255)) - 82d9b010-cdd2-48aa-a03f-c52b44e44827@group-B67B3BB094A1: change Leader from null to c5c819e6-85b2-482d-9128-e8ea2b7ba4a4 at term 1 for appendEntries, leader elected after 1182ms
2019-11-14 22:49:21,228 [grpc-default-executor-6] INFO  ratis.XceiverServerRatis (XceiverServerRatis.java:handleLeaderChangedNotification(697)) - Leader change notification received for group: group-B67B3BB094A1 with new leaderId: c5c819e6-85b2-482d-9128-e8ea2b7ba4a4
2019-11-14 22:49:21,230 [grpc-default-executor-4] INFO  ratis.XceiverServerRatis (XceiverServerRatis.java:handleLeaderChangedNotification(697)) - Leader change notification received for group: group-BF3B0723C2F2 with new leaderId: 720981dd-80b6-4b59-8027-74344e9fba7b
2019-11-14 22:49:21,237 [grpc-default-executor-8] INFO  ratis.XceiverServerRatis (XceiverServerRatis.java:handleLeaderChangedNotification(697)) - Leader change notification received for group: group-BF3B0723C2F2 with new leaderId: 720981dd-80b6-4b59-8027-74344e9fba7b
2019-11-14 22:49:21,235 [grpc-default-executor-6] INFO  impl.RaftServerImpl (ServerState.java:setLeader(255)) - df16aec3-050f-40e4-a922-70bdb89d4bf1@group-B67B3BB094A1: change Leader from null to c5c819e6-85b2-482d-9128-e8ea2b7ba4a4 at term 1 for appendEntries, leader elected after 1182ms
2019-11-14 22:49:21,237 [grpc-default-executor-8] INFO  impl.RaftServerImpl (ServerState.java:setLeader(255)) - 58f72cb5-8974-4d0e-9564-cfe3e68dc671@group-BF3B0723C2F2: change Leader from null to 720981dd-80b6-4b59-8027-74344e9fba7b at term 1 for appendEntries, leader elected after 1259ms
2019-11-14 22:49:21,237 [grpc-default-executor-4] INFO  impl.RaftServerImpl (ServerState.java:setLeader(255)) - 7d8f40ed-fc7e-4283-96c6-8f8f645c1bfe@group-BF3B0723C2F2: change Leader from null to 720981dd-80b6-4b59-8027-74344e9fba7b at term 1 for appendEntries, leader elected after 1252ms
2019-11-14 22:49:21,240 [grpc-default-executor-4] INFO  impl.RaftServerImpl (ServerState.java:setRaftConf(356)) - 82d9b010-cdd2-48aa-a03f-c52b44e44827@group-B67B3BB094A1: set configuration 0: [df16aec3-050f-40e4-a922-70bdb89d4bf1:192.168.69.106:44144, 82d9b010-cdd2-48aa-a03f-c52b44e44827:192.168.69.106:46701, c5c819e6-85b2-482d-9128-e8ea2b7ba4a4:192.168.69.106:40987], old=null at 0
2019-11-14 22:49:21,240 [grpc-default-executor-4] INFO  segmented.SegmentedRaftLogWorker (SegmentedRaftLogWorker.java:startLogSegment(385)) - 82d9b010-cdd2-48aa-a03f-c52b44e44827@group-B67B3BB094A1-SegmentedRaftLogWorker: Starting segment from index:0
2019-11-14 22:49:21,242 [grpc-default-executor-6] INFO  impl.RaftServerImpl (ServerState.java:setRaftConf(356)) - df16aec3-050f-40e4-a922-70bdb89d4bf1@group-B67B3BB094A1: set configuration 0: [df16aec3-050f-40e4-a922-70bdb89d4bf1:192.168.69.106:44144, 82d9b010-cdd2-48aa-a03f-c52b44e44827:192.168.69.106:46701, c5c819e6-85b2-482d-9128-e8ea2b7ba4a4:192.168.69.106:40987], old=null at 0
2019-11-14 22:49:21,244 [grpc-default-executor-5] INFO  impl.RaftServerImpl (ServerState.java:setRaftConf(356)) - 7d8f40ed-fc7e-4283-96c6-8f8f645c1bfe@group-BF3B0723C2F2: set configuration 0: [58f72cb5-8974-4d0e-9564-cfe3e68dc671:192.168.69.106:42937, 720981dd-80b6-4b59-8027-74344e9fba7b:192.168.69.106:33190, 7d8f40ed-fc7e-4283-96c6-8f8f645c1bfe:192.168.69.106:40228], old=null at 0
2019-11-14 22:49:21,245 [c5c819e6-85b2-482d-9128-e8ea2b7ba4a4@group-B67B3BB094A1-SegmentedRaftLogWorker] INFO  segmented.SegmentedRaftLogWorker (SegmentedRaftLogWorker.java:execute(576)) - c5c819e6-85b2-482d-9128-e8ea2b7ba4a4@group-B67B3BB094A1-SegmentedRaftLogWorker: created new log segment /workdir/hadoop-ozone/integration-test/target/test-dir/MiniOzoneClusterImpl-9caa682c-a503-45f4-84bb-f8dd249825f6/datanode-6/data/ratis/aa0ff3f3-bb19-4f77-b438-b67b3bb094a1/current/log_inprogress_0
2019-11-14 22:49:21,244 [grpc-default-executor-6] INFO  segmented.SegmentedRaftLogWorker (SegmentedRaftLogWorker.java:startLogSegment(385)) - df16aec3-050f-40e4-a922-70bdb89d4bf1@group-B67B3BB094A1-SegmentedRaftLogWorker: Starting segment from index:0
2019-11-14 22:49:21,278 [grpc-default-executor-4] INFO  impl.RaftServerImpl (ServerState.java:setRaftConf(356)) - 58f72cb5-8974-4d0e-9564-cfe3e68dc671@group-BF3B0723C2F2: set configuration 0: [58f72cb5-8974-4d0e-9564-cfe3e68dc671:192.168.69.106:42937, 720981dd-80b6-4b59-8027-74344e9fba7b:192.168.69.106:33190, 7d8f40ed-fc7e-4283-96c6-8f8f645c1bfe:192.168.69.106:40228], old=null at 0
2019-11-14 22:49:21,278 [7d8f40ed-fc7e-4283-96c6-8f8f645c1bfe@group-9B30234B9AAF-LeaderElection147] INFO  impl.LeaderElection (LeaderElection.java:askForVotes(178)) - 7d8f40ed-fc7e-4283-96c6-8f8f645c1bfe@group-9B30234B9AAF-LeaderElection147: begin an election at term 1 for -1: [7d8f40ed-fc7e-4283-96c6-8f8f645c1bfe:192.168.69.106:40228], old=null
2019-11-14 22:49:21,278 [58f72cb5-8974-4d0e-9564-cfe3e68dc671@group-DC549A6FFF5A-LeaderElection146] INFO  impl.LeaderElection (LeaderElection.java:askForVotes(178)) - 58f72cb5-8974-4d0e-9564-cfe3e68dc671@group-DC549A6FFF5A-LeaderElection146: begin an election at term 1 for -1: [58f72cb5-8974-4d0e-9564-cfe3e68dc671:192.168.69.106:42937], old=null
2019-11-14 22:49:21,245 [grpc-default-executor-5] INFO  segmented.SegmentedRaftLogWorker (SegmentedRaftLogWorker.java:startLogSegment(385)) - 7d8f40ed-fc7e-4283-96c6-8f8f645c1bfe@group-BF3B0723C2F2-SegmentedRaftLogWorker: Starting segment from index:0
2019-11-14 22:49:21,278 [58f72cb5-8974-4d0e-9564-cfe3e68dc671@group-DC549A6FFF5A-LeaderElection146] INFO  impl.RoleInfo (RoleInfo.java:shutdownLeaderElection(134)) - 58f72cb5-8974-4d0e-9564-cfe3e68dc671: shutdown LeaderElection
2019-11-14 22:49:21,278 [7d8f40ed-fc7e-4283-96c6-8f8f645c1bfe@group-9B30234B9AAF-LeaderElection147] INFO  impl.RoleInfo (RoleInfo.java:shutdownLeaderElection(134)) - 7d8f40ed-fc7e-4283-96c6-8f8f645c1bfe: shutdown LeaderElection
2019-11-14 22:49:21,278 [grpc-default-executor-4] INFO  segmented.SegmentedRaftLogWorker (SegmentedRaftLogWorker.java:startLogSegment(385)) - 58f72cb5-8974-4d0e-9564-cfe3e68dc671@group-BF3B0723C2F2-SegmentedRaftLogWorker: Starting segment from index:0
2019-11-14 22:49:21,279 [7d8f40ed-fc7e-4283-96c6-8f8f645c1bfe@group-9B30234B9AAF-LeaderElection147] INFO  impl.RaftServerImpl (RaftServerImpl.java:setRole(173)) - 7d8f40ed-fc7e-4283-96c6-8f8f645c1bfe@group-9B30234B9AAF: changes role from CANDIDATE to LEADER at term 1 for changeToLeader
2019-11-14 22:49:21,279 [7d8f40ed-fc7e-4283-96c6-8f8f645c1bfe@group-9B30234B9AAF-LeaderElection147] INFO  ratis.XceiverServerRatis (XceiverServerRatis.java:handleLeaderChangedNotification(697)) - Leader change notification received for group: group-9B30234B9AAF with new leaderId: 7d8f40ed-fc7e-4283-96c6-8f8f645c1bfe
2019-11-14 22:49:21,279 [58f72cb5-8974-4d0e-9564-cfe3e68dc671@group-DC549A6FFF5A-LeaderElection146] INFO  impl.RaftServerImpl (RaftServerImpl.java:setRole(173)) - 58f72cb5-8974-4d0e-9564-cfe3e68dc671@group-DC549A6FFF5A: changes role from CANDIDATE to LEADER at term 1 for changeToLeader
2019-11-14 22:49:21,315 [82d9b010-cdd2-48aa-a03f-c52b44e44827@group-B67B3BB094A1-SegmentedRaftLogWorker] INFO  segmented.SegmentedRaftLogWorker (SegmentedRaftLogWorker.java:execute(576)) - 82d9b010-cdd2-48aa-a03f-c52b44e44827@group-B67B3BB094A1-SegmentedRaftLogWorker: created new log segment /workdir/hadoop-ozone/integration-test/target/test-dir/MiniOzoneClusterImpl-9caa682c-a503-45f4-84bb-f8dd249825f6/datanode-9/data/ratis/aa0ff3f3-bb19-4f77-b438-b67b3bb094a1/current/log_inprogress_0
2019-11-14 22:49:21,315 [Thread-3490] INFO  impl.FollowerState (FollowerState.java:run(111)) - 82d9b010-cdd2-48aa-a03f-c52b44e44827@group-B97F2BD76EBA-FollowerState: change to CANDIDATE, lastRpcTime:1045ms, electionTimeout:1029ms
2019-11-14 22:49:21,279 [7d8f40ed-fc7e-4283-96c6-8f8f645c1bfe@group-9B30234B9AAF-LeaderElection147] INFO  impl.RaftServerImpl (ServerState.java:setLeader(255)) - 7d8f40ed-fc7e-4283-96c6-8f8f645c1bfe@group-9B30234B9AAF: change Leader from null to 7d8f40ed-fc7e-4283-96c6-8f8f645c1bfe at term 1 for becomeLeader, leader elected after 1080ms
2019-11-14 22:49:21,315 [Thread-3490] INFO  impl.RoleInfo (RoleInfo.java:shutdownFollowerState(121)) - 82d9b010-cdd2-48aa-a03f-c52b44e44827: shutdown FollowerState
2019-11-14 22:49:21,316 [EventQueue-PipelineReportForPipelineReportHandler] INFO  pipeline.PipelineStateManager (PipelineStateManager.java:openPipeline(134)) - Pipeline Pipeline[ Id: ec255c24-7512-47ee-93fd-9b30234b9aaf, Nodes: 7d8f40ed-fc7e-4283-96c6-8f8f645c1bfe{ip: 192.168.69.106, host: pr-hdds-2494-dtfqw-3996435450, networkLocation: /rack1, certSerialId: null}, Type:RATIS, Factor:ONE, State:OPEN] moved to OPEN state
2019-11-14 22:49:21,315 [58f72cb5-8974-4d0e-9564-cfe3e68dc671@group-DC549A6FFF5A-LeaderElection146] INFO  ratis.XceiverServerRatis (XceiverServerRatis.java:handleLeaderChangedNotification(697)) - Leader change notification received for group: group-DC549A6FFF5A with new leaderId: 58f72cb5-8974-4d0e-9564-cfe3e68dc671
2019-11-14 22:49:21,316 [Thread-3490] INFO  impl.RaftServerImpl (RaftServerImpl.java:setRole(173)) - 82d9b010-cdd2-48aa-a03f-c52b44e44827@group-B97F2BD76EBA: changes role from  FOLLOWER to CANDIDATE at term 0 for changeToCandidate
2019-11-14 22:49:21,315 [7d8f40ed-fc7e-4283-96c6-8f8f645c1bfe@group-9B30234B9AAF-LeaderElection147] INFO  server.RaftServerConfigKeys (ConfUtils.java:logGet(43)) - raft.server.staging.catchup.gap = 1000 (default)
2019-11-14 22:49:21,316 [Thread-3490] INFO  impl.RoleInfo (RoleInfo.java:updateAndGet(143)) - 82d9b010-cdd2-48aa-a03f-c52b44e44827: start LeaderElection
2019-11-14 22:49:21,316 [58f72cb5-8974-4d0e-9564-cfe3e68dc671@group-DC549A6FFF5A-LeaderElection146] INFO  impl.RaftServerImpl (ServerState.java:setLeader(255)) - 58f72cb5-8974-4d0e-9564-cfe3e68dc671@group-DC549A6FFF5A: change Leader from null to 58f72cb5-8974-4d0e-9564-cfe3e68dc671 at term 1 for becomeLeader, leader elected after 1192ms
2019-11-14 22:49:21,316 [7d8f40ed-fc7e-4283-96c6-8f8f645c1bfe@group-9B30234B9AAF-LeaderElection147] INFO  server.RaftServerConfigKeys (ConfUtils.java:logGet(43)) - raft.server.rpc.sleep.time = 25ms (default)
2019-11-14 22:49:21,316 [58f72cb5-8974-4d0e-9564-cfe3e68dc671@group-DC549A6FFF5A-LeaderElection146] INFO  server.RaftServerConfigKeys (ConfUtils.java:logGet(43)) - raft.server.staging.catchup.gap = 1000 (default)
2019-11-14 22:49:21,316 [7d8f40ed-fc7e-4283-96c6-8f8f645c1bfe@group-9B30234B9AAF-LeaderElection147] INFO  server.RaftServerConfigKeys (ConfUtils.java:logGet(43)) - raft.server.write.element-limit = 4096 (default)
2019-11-14 22:49:21,316 [58f72cb5-8974-4d0e-9564-cfe3e68dc671@group-DC549A6FFF5A-LeaderElection146] INFO  server.RaftServerConfigKeys (ConfUtils.java:logGet(43)) - raft.server.rpc.sleep.time = 25ms (default)
2019-11-14 22:49:21,319 [7d8f40ed-fc7e-4283-96c6-8f8f645c1bfe@group-9B30234B9AAF-LeaderElection147] INFO  server.RaftServerConfigKeys (ConfUtils.java:logGet(43)) - raft.server.watch.timeout = 10s (default)
2019-11-14 22:49:21,319 [58f72cb5-8974-4d0e-9564-cfe3e68dc671@group-DC549A6FFF5A-LeaderElection146] INFO  server.RaftServerConfigKeys (ConfUtils.java:logGet(43)) - raft.server.write.element-limit = 4096 (default)
2019-11-14 22:49:21,319 [EventQueue-PipelineReportForPipelineReportHandler] INFO  pipeline.PipelineStateManager (PipelineStateManager.java:openPipeline(134)) - Pipeline Pipeline[ Id: c8e0e736-108e-4e3e-93b4-dc549a6fff5a, Nodes: 58f72cb5-8974-4d0e-9564-cfe3e68dc671{ip: 192.168.69.106, host: pr-hdds-2494-dtfqw-3996435450, networkLocation: /rack1, certSerialId: null}, Type:RATIS, Factor:ONE, State:OPEN] moved to OPEN state
2019-11-14 22:49:21,319 [58f72cb5-8974-4d0e-9564-cfe3e68dc671@group-DC549A6FFF5A-LeaderElection146] INFO  server.RaftServerConfigKeys (ConfUtils.java:logGet(43)) - raft.server.watch.timeout = 10s (default)
2019-11-14 22:49:21,319 [7d8f40ed-fc7e-4283-96c6-8f8f645c1bfe@group-9B30234B9AAF-LeaderElection147] INFO  server.RaftServerConfigKeys (ConfUtils.java:logGet(43)) - raft.server.watch.timeout.denomination = 1s (default)
2019-11-14 22:49:21,319 [58f72cb5-8974-4d0e-9564-cfe3e68dc671@group-DC549A6FFF5A-LeaderElection146] INFO  server.RaftServerConfigKeys (ConfUtils.java:logGet(43)) - raft.server.watch.timeout.denomination = 1s (default)
2019-11-14 22:49:21,320 [7d8f40ed-fc7e-4283-96c6-8f8f645c1bfe@group-9B30234B9AAF-LeaderElection147] INFO  server.RaftServerConfigKeys (ConfUtils.java:logGet(43)) - raft.server.watch.element-limit = 65536 (default)
2019-11-14 22:49:21,320 [58f72cb5-8974-4d0e-9564-cfe3e68dc671@group-DC549A6FFF5A-LeaderElection146] INFO  server.RaftServerConfigKeys (ConfUtils.java:logGet(43)) - raft.server.watch.element-limit = 65536 (default)
2019-11-14 22:49:21,320 [7d8f40ed-fc7e-4283-96c6-8f8f645c1bfe@group-9B30234B9AAF-LeaderElection147] INFO  impl.RoleInfo (RoleInfo.java:updateAndGet(143)) - 7d8f40ed-fc7e-4283-96c6-8f8f645c1bfe: start LeaderState
2019-11-14 22:49:21,320 [58f72cb5-8974-4d0e-9564-cfe3e68dc671@group-DC549A6FFF5A-LeaderElection146] INFO  impl.RoleInfo (RoleInfo.java:updateAndGet(143)) - 58f72cb5-8974-4d0e-9564-cfe3e68dc671: start LeaderState
2019-11-14 22:49:21,320 [7d8f40ed-fc7e-4283-96c6-8f8f645c1bfe@group-9B30234B9AAF-LeaderElection147] INFO  segmented.SegmentedRaftLogWorker (SegmentedRaftLogWorker.java:startLogSegment(385)) - 7d8f40ed-fc7e-4283-96c6-8f8f645c1bfe@group-9B30234B9AAF-SegmentedRaftLogWorker: Starting segment from index:0
2019-11-14 22:49:21,320 [58f72cb5-8974-4d0e-9564-cfe3e68dc671@group-DC549A6FFF5A-LeaderElection146] INFO  segmented.SegmentedRaftLogWorker (SegmentedRaftLogWorker.java:startLogSegment(385)) - 58f72cb5-8974-4d0e-9564-cfe3e68dc671@group-DC549A6FFF5A-SegmentedRaftLogWorker: Starting segment from index:0
2019-11-14 22:49:21,321 [7d8f40ed-fc7e-4283-96c6-8f8f645c1bfe@group-9B30234B9AAF-LeaderElection147] INFO  impl.RaftServerImpl (ServerState.java:setRaftConf(356)) - 7d8f40ed-fc7e-4283-96c6-8f8f645c1bfe@group-9B30234B9AAF: set configuration 0: [7d8f40ed-fc7e-4283-96c6-8f8f645c1bfe:192.168.69.106:40228], old=null at 0
2019-11-14 22:49:21,321 [58f72cb5-8974-4d0e-9564-cfe3e68dc671@group-DC549A6FFF5A-LeaderElection146] INFO  impl.RaftServerImpl (ServerState.java:setRaftConf(356)) - 58f72cb5-8974-4d0e-9564-cfe3e68dc671@group-DC549A6FFF5A: set configuration 0: [58f72cb5-8974-4d0e-9564-cfe3e68dc671:192.168.69.106:42937], old=null at 0
2019-11-14 22:49:21,354 [82d9b010-cdd2-48aa-a03f-c52b44e44827@group-B97F2BD76EBA-LeaderElection148] INFO  impl.LeaderElection (LeaderElection.java:askForVotes(178)) - 82d9b010-cdd2-48aa-a03f-c52b44e44827@group-B97F2BD76EBA-LeaderElection148: begin an election at term 1 for -1: [82d9b010-cdd2-48aa-a03f-c52b44e44827:192.168.69.106:46701], old=null
2019-11-14 22:49:21,354 [7d8f40ed-fc7e-4283-96c6-8f8f645c1bfe@group-BF3B0723C2F2-SegmentedRaftLogWorker] INFO  segmented.SegmentedRaftLogWorker (SegmentedRaftLogWorker.java:execute(576)) - 7d8f40ed-fc7e-4283-96c6-8f8f645c1bfe@group-BF3B0723C2F2-SegmentedRaftLogWorker: created new log segment /workdir/hadoop-ozone/integration-test/target/test-dir/MiniOzoneClusterImpl-9caa682c-a503-45f4-84bb-f8dd249825f6/datanode-7/data/ratis/e54ec45e-ad6c-47c7-a623-bf3b0723c2f2/current/log_inprogress_0
2019-11-14 22:49:21,354 [58f72cb5-8974-4d0e-9564-cfe3e68dc671@group-BF3B0723C2F2-SegmentedRaftLogWorker] INFO  segmented.SegmentedRaftLogWorker (SegmentedRaftLogWorker.java:execute(576)) - 58f72cb5-8974-4d0e-9564-cfe3e68dc671@group-BF3B0723C2F2-SegmentedRaftLogWorker: created new log segment /workdir/hadoop-ozone/integration-test/target/test-dir/MiniOzoneClusterImpl-9caa682c-a503-45f4-84bb-f8dd249825f6/datanode-8/data/ratis/e54ec45e-ad6c-47c7-a623-bf3b0723c2f2/current/log_inprogress_0
2019-11-14 22:49:21,354 [df16aec3-050f-40e4-a922-70bdb89d4bf1@group-B67B3BB094A1-SegmentedRaftLogWorker] INFO  segmented.SegmentedRaftLogWorker (SegmentedRaftLogWorker.java:execute(576)) - df16aec3-050f-40e4-a922-70bdb89d4bf1@group-B67B3BB094A1-SegmentedRaftLogWorker: created new log segment /workdir/hadoop-ozone/integration-test/target/test-dir/MiniOzoneClusterImpl-9caa682c-a503-45f4-84bb-f8dd249825f6/datanode-0/data/ratis/aa0ff3f3-bb19-4f77-b438-b67b3bb094a1/current/log_inprogress_0
2019-11-14 22:49:21,359 [82d9b010-cdd2-48aa-a03f-c52b44e44827@group-B97F2BD76EBA-LeaderElection148] INFO  impl.RoleInfo (RoleInfo.java:shutdownLeaderElection(134)) - 82d9b010-cdd2-48aa-a03f-c52b44e44827: shutdown LeaderElection
2019-11-14 22:49:21,359 [82d9b010-cdd2-48aa-a03f-c52b44e44827@group-B97F2BD76EBA-LeaderElection148] INFO  impl.RaftServerImpl (RaftServerImpl.java:setRole(173)) - 82d9b010-cdd2-48aa-a03f-c52b44e44827@group-B97F2BD76EBA: changes role from CANDIDATE to LEADER at term 1 for changeToLeader
2019-11-14 22:49:21,359 [82d9b010-cdd2-48aa-a03f-c52b44e44827@group-B97F2BD76EBA-LeaderElection148] INFO  ratis.XceiverServerRatis (XceiverServerRatis.java:handleLeaderChangedNotification(697)) - Leader change notification received for group: group-B97F2BD76EBA with new leaderId: 82d9b010-cdd2-48aa-a03f-c52b44e44827
2019-11-14 22:49:21,360 [82d9b010-cdd2-48aa-a03f-c52b44e44827@group-B97F2BD76EBA-LeaderElection148] INFO  impl.RaftServerImpl (ServerState.java:setLeader(255)) - 82d9b010-cdd2-48aa-a03f-c52b44e44827@group-B97F2BD76EBA: change Leader from null to 82d9b010-cdd2-48aa-a03f-c52b44e44827 at term 1 for becomeLeader, leader elected after 1093ms
2019-11-14 22:49:21,360 [82d9b010-cdd2-48aa-a03f-c52b44e44827@group-B97F2BD76EBA-LeaderElection148] INFO  server.RaftServerConfigKeys (ConfUtils.java:logGet(43)) - raft.server.staging.catchup.gap = 1000 (default)
2019-11-14 22:49:21,360 [82d9b010-cdd2-48aa-a03f-c52b44e44827@group-B97F2BD76EBA-LeaderElection148] INFO  server.RaftServerConfigKeys (ConfUtils.java:logGet(43)) - raft.server.rpc.sleep.time = 25ms (default)
2019-11-14 22:49:21,360 [82d9b010-cdd2-48aa-a03f-c52b44e44827@group-B97F2BD76EBA-LeaderElection148] INFO  server.RaftServerConfigKeys (ConfUtils.java:logGet(43)) - raft.server.write.element-limit = 4096 (default)
2019-11-14 22:49:21,360 [82d9b010-cdd2-48aa-a03f-c52b44e44827@group-B97F2BD76EBA-LeaderElection148] INFO  server.RaftServerConfigKeys (ConfUtils.java:logGet(43)) - raft.server.watch.timeout = 10s (default)
2019-11-14 22:49:21,360 [82d9b010-cdd2-48aa-a03f-c52b44e44827@group-B97F2BD76EBA-LeaderElection148] INFO  server.RaftServerConfigKeys (ConfUtils.java:logGet(43)) - raft.server.watch.timeout.denomination = 1s (default)
2019-11-14 22:49:21,360 [82d9b010-cdd2-48aa-a03f-c52b44e44827@group-B97F2BD76EBA-LeaderElection148] INFO  server.RaftServerConfigKeys (ConfUtils.java:logGet(43)) - raft.server.watch.element-limit = 65536 (default)
2019-11-14 22:49:21,360 [82d9b010-cdd2-48aa-a03f-c52b44e44827@group-B97F2BD76EBA-LeaderElection148] INFO  impl.RoleInfo (RoleInfo.java:updateAndGet(143)) - 82d9b010-cdd2-48aa-a03f-c52b44e44827: start LeaderState
2019-11-14 22:49:21,361 [82d9b010-cdd2-48aa-a03f-c52b44e44827@group-B97F2BD76EBA-LeaderElection148] INFO  segmented.SegmentedRaftLogWorker (SegmentedRaftLogWorker.java:startLogSegment(385)) - 82d9b010-cdd2-48aa-a03f-c52b44e44827@group-B97F2BD76EBA-SegmentedRaftLogWorker: Starting segment from index:0
2019-11-14 22:49:21,361 [EventQueue-PipelineReportForPipelineReportHandler] INFO  pipeline.PipelineStateManager (PipelineStateManager.java:openPipeline(134)) - Pipeline Pipeline[ Id: ecaa2765-d615-4b65-b13a-b97f2bd76eba, Nodes: 82d9b010-cdd2-48aa-a03f-c52b44e44827{ip: 192.168.69.106, host: pr-hdds-2494-dtfqw-3996435450, networkLocation: /rack1, certSerialId: null}, Type:RATIS, Factor:ONE, State:OPEN] moved to OPEN state
2019-11-14 22:49:21,361 [82d9b010-cdd2-48aa-a03f-c52b44e44827@group-B97F2BD76EBA-LeaderElection148] INFO  impl.RaftServerImpl (ServerState.java:setRaftConf(356)) - 82d9b010-cdd2-48aa-a03f-c52b44e44827@group-B97F2BD76EBA: set configuration 0: [82d9b010-cdd2-48aa-a03f-c52b44e44827:192.168.69.106:46701], old=null at 0
2019-11-14 22:49:21,391 [7d8f40ed-fc7e-4283-96c6-8f8f645c1bfe@group-9B30234B9AAF-SegmentedRaftLogWorker] INFO  segmented.SegmentedRaftLogWorker (SegmentedRaftLogWorker.java:execute(576)) - 7d8f40ed-fc7e-4283-96c6-8f8f645c1bfe@group-9B30234B9AAF-SegmentedRaftLogWorker: created new log segment /workdir/hadoop-ozone/integration-test/target/test-dir/MiniOzoneClusterImpl-9caa682c-a503-45f4-84bb-f8dd249825f6/datanode-7/data/ratis/ec255c24-7512-47ee-93fd-9b30234b9aaf/current/log_inprogress_0
2019-11-14 22:49:21,391 [58f72cb5-8974-4d0e-9564-cfe3e68dc671@group-DC549A6FFF5A-SegmentedRaftLogWorker] INFO  segmented.SegmentedRaftLogWorker (SegmentedRaftLogWorker.java:execute(576)) - 58f72cb5-8974-4d0e-9564-cfe3e68dc671@group-DC549A6FFF5A-SegmentedRaftLogWorker: created new log segment /workdir/hadoop-ozone/integration-test/target/test-dir/MiniOzoneClusterImpl-9caa682c-a503-45f4-84bb-f8dd249825f6/datanode-8/data/ratis/c8e0e736-108e-4e3e-93b4-dc549a6fff5a/current/log_inprogress_0
2019-11-14 22:49:21,412 [82d9b010-cdd2-48aa-a03f-c52b44e44827@group-B97F2BD76EBA-SegmentedRaftLogWorker] INFO  segmented.SegmentedRaftLogWorker (SegmentedRaftLogWorker.java:execute(576)) - 82d9b010-cdd2-48aa-a03f-c52b44e44827@group-B97F2BD76EBA-SegmentedRaftLogWorker: created new log segment /workdir/hadoop-ozone/integration-test/target/test-dir/MiniOzoneClusterImpl-9caa682c-a503-45f4-84bb-f8dd249825f6/datanode-9/data/ratis/ecaa2765-d615-4b65-b13a-b97f2bd76eba/current/log_inprogress_0
2019-11-14 22:49:22,065 [main] INFO  ozone.MiniOzoneClusterImpl (MiniOzoneClusterImpl.java:lambda$waitForClusterToBeReady$2(163)) - Waiting for 1 number of pipelines out of 13, to report a leader.
2019-11-14 22:49:22,103 [Thread-3517] INFO  impl.FollowerState (FollowerState.java:run(111)) - ce51abe9-fc49-4310-abba-812881959ce0@group-09127DD028E9-FollowerState: change to CANDIDATE, lastRpcTime:1011ms, electionTimeout:1011ms
2019-11-14 22:49:22,103 [Thread-3517] INFO  impl.RoleInfo (RoleInfo.java:shutdownFollowerState(121)) - ce51abe9-fc49-4310-abba-812881959ce0: shutdown FollowerState
2019-11-14 22:49:22,103 [Thread-3517] INFO  impl.RaftServerImpl (RaftServerImpl.java:setRole(173)) - ce51abe9-fc49-4310-abba-812881959ce0@group-09127DD028E9: changes role from  FOLLOWER to CANDIDATE at term 1 for changeToCandidate
2019-11-14 22:49:22,103 [Thread-3517] INFO  impl.RoleInfo (RoleInfo.java:updateAndGet(143)) - ce51abe9-fc49-4310-abba-812881959ce0: start LeaderElection
2019-11-14 22:49:22,130 [ce51abe9-fc49-4310-abba-812881959ce0@group-09127DD028E9-LeaderElection149] INFO  impl.LeaderElection (LeaderElection.java:askForVotes(178)) - ce51abe9-fc49-4310-abba-812881959ce0@group-09127DD028E9-LeaderElection149: begin an election at term 2 for -1: [dafdef77-e865-403b-bc5e-c37989f56ddc:192.168.69.106:34201, ec693a0a-7ab2-40db-baa2-190e1e2b8078:192.168.69.106:46493, ce51abe9-fc49-4310-abba-812881959ce0:192.168.69.106:37982], old=null
2019-11-14 22:49:22,132 [grpc-default-executor-6] INFO  impl.RaftServerImpl (RaftServerImpl.java:setRole(173)) - dafdef77-e865-403b-bc5e-c37989f56ddc@group-09127DD028E9: changes role from  FOLLOWER to FOLLOWER at term 2 for recognizeCandidate:ce51abe9-fc49-4310-abba-812881959ce0
2019-11-14 22:49:22,133 [grpc-default-executor-4] INFO  impl.RaftServerImpl (RaftServerImpl.java:setRole(173)) - ec693a0a-7ab2-40db-baa2-190e1e2b8078@group-09127DD028E9: changes role from  FOLLOWER to FOLLOWER at term 2 for recognizeCandidate:ce51abe9-fc49-4310-abba-812881959ce0
2019-11-14 22:49:22,133 [grpc-default-executor-6] INFO  impl.RoleInfo (RoleInfo.java:shutdownFollowerState(121)) - dafdef77-e865-403b-bc5e-c37989f56ddc: shutdown FollowerState
2019-11-14 22:49:22,133 [grpc-default-executor-4] INFO  impl.RoleInfo (RoleInfo.java:shutdownFollowerState(121)) - ec693a0a-7ab2-40db-baa2-190e1e2b8078: shutdown FollowerState
2019-11-14 22:49:22,133 [grpc-default-executor-6] INFO  impl.RoleInfo (RoleInfo.java:updateAndGet(143)) - dafdef77-e865-403b-bc5e-c37989f56ddc: start FollowerState
2019-11-14 22:49:22,133 [Thread-3519] INFO  impl.FollowerState (FollowerState.java:run(120)) - ec693a0a-7ab2-40db-baa2-190e1e2b8078@group-09127DD028E9-FollowerState was interrupted: java.lang.InterruptedException: sleep interrupted
2019-11-14 22:49:22,133 [Thread-3518] INFO  impl.FollowerState (FollowerState.java:run(120)) - dafdef77-e865-403b-bc5e-c37989f56ddc@group-09127DD028E9-FollowerState was interrupted: java.lang.InterruptedException: sleep interrupted
2019-11-14 22:49:22,133 [grpc-default-executor-4] INFO  impl.RoleInfo (RoleInfo.java:updateAndGet(143)) - ec693a0a-7ab2-40db-baa2-190e1e2b8078: start FollowerState
2019-11-14 22:49:22,157 [ce51abe9-fc49-4310-abba-812881959ce0@group-09127DD028E9-LeaderElection149] INFO  impl.LeaderElection (LeaderElection.java:logAndReturn(56)) - ce51abe9-fc49-4310-abba-812881959ce0@group-09127DD028E9-LeaderElection149: Election PASSED; received 1 response(s) [ce51abe9-fc49-4310-abba-812881959ce0<-dafdef77-e865-403b-bc5e-c37989f56ddc#0:OK-t2] and 0 exception(s); ce51abe9-fc49-4310-abba-812881959ce0@group-09127DD028E9:t2, leader=null, voted=ce51abe9-fc49-4310-abba-812881959ce0, raftlog=ce51abe9-fc49-4310-abba-812881959ce0@group-09127DD028E9-SegmentedRaftLog:OPENED:c-1,f-1,i0, conf=-1: [dafdef77-e865-403b-bc5e-c37989f56ddc:192.168.69.106:34201, ec693a0a-7ab2-40db-baa2-190e1e2b8078:192.168.69.106:46493, ce51abe9-fc49-4310-abba-812881959ce0:192.168.69.106:37982], old=null
2019-11-14 22:49:22,157 [ce51abe9-fc49-4310-abba-812881959ce0@group-09127DD028E9-LeaderElection149] INFO  impl.RoleInfo (RoleInfo.java:shutdownLeaderElection(134)) - ce51abe9-fc49-4310-abba-812881959ce0: shutdown LeaderElection
2019-11-14 22:49:22,157 [ce51abe9-fc49-4310-abba-812881959ce0@group-09127DD028E9-LeaderElection149] INFO  impl.RaftServerImpl (RaftServerImpl.java:setRole(173)) - ce51abe9-fc49-4310-abba-812881959ce0@group-09127DD028E9: changes role from CANDIDATE to LEADER at term 2 for changeToLeader
2019-11-14 22:49:22,157 [ce51abe9-fc49-4310-abba-812881959ce0@group-09127DD028E9-LeaderElection149] INFO  ratis.XceiverServerRatis (XceiverServerRatis.java:handleLeaderChangedNotification(697)) - Leader change notification received for group: group-09127DD028E9 with new leaderId: ce51abe9-fc49-4310-abba-812881959ce0
2019-11-14 22:49:22,157 [ce51abe9-fc49-4310-abba-812881959ce0@group-09127DD028E9-LeaderElection149] INFO  impl.RaftServerImpl (ServerState.java:setLeader(255)) - ce51abe9-fc49-4310-abba-812881959ce0@group-09127DD028E9: change Leader from null to ce51abe9-fc49-4310-abba-812881959ce0 at term 2 for becomeLeader, leader elected after 2281ms
2019-11-14 22:49:22,158 [ce51abe9-fc49-4310-abba-812881959ce0@group-09127DD028E9-LeaderElection149] INFO  server.RaftServerConfigKeys (ConfUtils.java:logGet(43)) - raft.server.staging.catchup.gap = 1000 (default)
2019-11-14 22:49:22,158 [ce51abe9-fc49-4310-abba-812881959ce0@group-09127DD028E9-LeaderElection149] INFO  server.RaftServerConfigKeys (ConfUtils.java:logGet(43)) - raft.server.rpc.sleep.time = 25ms (default)
2019-11-14 22:49:22,158 [ce51abe9-fc49-4310-abba-812881959ce0@group-09127DD028E9-LeaderElection149] INFO  server.RaftServerConfigKeys (ConfUtils.java:logGet(43)) - raft.server.write.element-limit = 4096 (default)
2019-11-14 22:49:22,158 [ce51abe9-fc49-4310-abba-812881959ce0@group-09127DD028E9-LeaderElection149] INFO  server.RaftServerConfigKeys (ConfUtils.java:logGet(43)) - raft.server.watch.timeout = 10s (default)
2019-11-14 22:49:22,158 [ce51abe9-fc49-4310-abba-812881959ce0@group-09127DD028E9-LeaderElection149] INFO  server.RaftServerConfigKeys (ConfUtils.java:logGet(43)) - raft.server.watch.timeout.denomination = 1s (default)
2019-11-14 22:49:22,158 [ce51abe9-fc49-4310-abba-812881959ce0@group-09127DD028E9-LeaderElection149] INFO  server.RaftServerConfigKeys (ConfUtils.java:logGet(43)) - raft.server.watch.element-limit = 65536 (default)
2019-11-14 22:49:22,158 [EventQueue-PipelineReportForPipelineReportHandler] INFO  pipeline.PipelineStateManager (PipelineStateManager.java:openPipeline(134)) - Pipeline Pipeline[ Id: dc527ecd-97dd-4c80-aed6-09127dd028e9, Nodes: ec693a0a-7ab2-40db-baa2-190e1e2b8078{ip: 192.168.69.106, host: pr-hdds-2494-dtfqw-3996435450, networkLocation: /rack1, certSerialId: null}ce51abe9-fc49-4310-abba-812881959ce0{ip: 192.168.69.106, host: pr-hdds-2494-dtfqw-3996435450, networkLocation: /rack1, certSerialId: null}dafdef77-e865-403b-bc5e-c37989f56ddc{ip: 192.168.69.106, host: pr-hdds-2494-dtfqw-3996435450, networkLocation: /rack1, certSerialId: null}, Type:RATIS, Factor:THREE, State:OPEN] moved to OPEN state
2019-11-14 22:49:22,158 [ce51abe9-fc49-4310-abba-812881959ce0@group-09127DD028E9-LeaderElection149] INFO  server.RaftServerConfigKeys (ConfUtils.java:logGet(43)) - raft.server.log.appender.snapshot.chunk.size.max = 16MB (=16777216) (default)
2019-11-14 22:49:22,159 [ce51abe9-fc49-4310-abba-812881959ce0@group-09127DD028E9-LeaderElection149] INFO  server.RaftServerConfigKeys (ConfUtils.java:logGet(43)) - raft.server.log.appender.buffer.byte-limit = 33554432 (custom)
2019-11-14 22:49:22,159 [ce51abe9-fc49-4310-abba-812881959ce0@group-09127DD028E9-LeaderElection149] INFO  server.RaftServerConfigKeys (ConfUtils.java:logGet(43)) - raft.server.log.appender.buffer.element-limit = 1 (custom)
2019-11-14 22:49:22,159 [ce51abe9-fc49-4310-abba-812881959ce0@group-09127DD028E9-LeaderElection149] INFO  grpc.GrpcConfigKeys$Server (ConfUtils.java:logGet(43)) - raft.grpc.server.leader.outstanding.appends.max = 128 (default)
2019-11-14 22:49:22,159 [ce51abe9-fc49-4310-abba-812881959ce0@group-09127DD028E9-LeaderElection149] INFO  server.RaftServerConfigKeys (ConfUtils.java:logGet(43)) - raft.server.rpc.request.timeout = 3000ms (default)
2019-11-14 22:49:22,159 [ce51abe9-fc49-4310-abba-812881959ce0@group-09127DD028E9-LeaderElection149] INFO  server.RaftServerConfigKeys (ConfUtils.java:logGet(43)) - raft.server.log.appender.install.snapshot.enabled = false (custom)
2019-11-14 22:49:22,159 [ce51abe9-fc49-4310-abba-812881959ce0@group-09127DD028E9-LeaderElection149] WARN  impl.MetricRegistriesImpl (MetricRegistriesImpl.java:lambda$create$1(61)) - First MetricRegistry has been created without registering reporters. You may need to call MetricRegistries.global().addReportRegistration(...) before.
2019-11-14 22:49:22,160 [ce51abe9-fc49-4310-abba-812881959ce0@group-09127DD028E9-LeaderElection149] INFO  server.RaftServerConfigKeys (ConfUtils.java:logGet(43)) - raft.server.log.appender.snapshot.chunk.size.max = 16MB (=16777216) (default)
2019-11-14 22:49:22,160 [ce51abe9-fc49-4310-abba-812881959ce0@group-09127DD028E9-LeaderElection149] INFO  server.RaftServerConfigKeys (ConfUtils.java:logGet(43)) - raft.server.log.appender.buffer.byte-limit = 33554432 (custom)
2019-11-14 22:49:22,160 [ce51abe9-fc49-4310-abba-812881959ce0@group-09127DD028E9-LeaderElection149] INFO  server.RaftServerConfigKeys (ConfUtils.java:logGet(43)) - raft.server.log.appender.buffer.element-limit = 1 (custom)
2019-11-14 22:49:22,160 [ce51abe9-fc49-4310-abba-812881959ce0@group-09127DD028E9-LeaderElection149] INFO  grpc.GrpcConfigKeys$Server (ConfUtils.java:logGet(43)) - raft.grpc.server.leader.outstanding.appends.max = 128 (default)
2019-11-14 22:49:22,160 [ce51abe9-fc49-4310-abba-812881959ce0@group-09127DD028E9-LeaderElection149] INFO  server.RaftServerConfigKeys (ConfUtils.java:logGet(43)) - raft.server.rpc.request.timeout = 3000ms (default)
2019-11-14 22:49:22,160 [ce51abe9-fc49-4310-abba-812881959ce0@group-09127DD028E9-LeaderElection149] INFO  server.RaftServerConfigKeys (ConfUtils.java:logGet(43)) - raft.server.log.appender.install.snapshot.enabled = false (custom)
2019-11-14 22:49:22,161 [ce51abe9-fc49-4310-abba-812881959ce0@group-09127DD028E9-LeaderElection149] INFO  impl.RoleInfo (RoleInfo.java:updateAndGet(143)) - ce51abe9-fc49-4310-abba-812881959ce0: start LeaderState
2019-11-14 22:49:22,161 [ce51abe9-fc49-4310-abba-812881959ce0@group-09127DD028E9-LeaderElection149] INFO  segmented.SegmentedRaftLogWorker (SegmentedRaftLogWorker.java:startLogSegment(385)) - ce51abe9-fc49-4310-abba-812881959ce0@group-09127DD028E9-SegmentedRaftLogWorker: Starting segment from index:0
2019-11-14 22:49:22,161 [ce51abe9-fc49-4310-abba-812881959ce0@group-09127DD028E9-LeaderElection149] INFO  impl.RaftServerImpl (ServerState.java:setRaftConf(356)) - ce51abe9-fc49-4310-abba-812881959ce0@group-09127DD028E9: set configuration 0: [dafdef77-e865-403b-bc5e-c37989f56ddc:192.168.69.106:34201, ec693a0a-7ab2-40db-baa2-190e1e2b8078:192.168.69.106:46493, ce51abe9-fc49-4310-abba-812881959ce0:192.168.69.106:37982], old=null at 0
2019-11-14 22:49:22,162 [grpc-default-executor-6] INFO  ratis.XceiverServerRatis (XceiverServerRatis.java:handleLeaderChangedNotification(697)) - Leader change notification received for group: group-09127DD028E9 with new leaderId: ce51abe9-fc49-4310-abba-812881959ce0
2019-11-14 22:49:22,163 [grpc-default-executor-4] INFO  ratis.XceiverServerRatis (XceiverServerRatis.java:handleLeaderChangedNotification(697)) - Leader change notification received for group: group-09127DD028E9 with new leaderId: ce51abe9-fc49-4310-abba-812881959ce0
2019-11-14 22:49:22,163 [grpc-default-executor-6] INFO  impl.RaftServerImpl (ServerState.java:setLeader(255)) - dafdef77-e865-403b-bc5e-c37989f56ddc@group-09127DD028E9: change Leader from null to ce51abe9-fc49-4310-abba-812881959ce0 at term 2 for appendEntries, leader elected after 2286ms
2019-11-14 22:49:22,163 [grpc-default-executor-4] INFO  impl.RaftServerImpl (ServerState.java:setLeader(255)) - ec693a0a-7ab2-40db-baa2-190e1e2b8078@group-09127DD028E9: change Leader from null to ce51abe9-fc49-4310-abba-812881959ce0 at term 2 for appendEntries, leader elected after 2286ms
2019-11-14 22:49:22,165 [grpc-default-executor-4] INFO  impl.RaftServerImpl (ServerState.java:setRaftConf(356)) - dafdef77-e865-403b-bc5e-c37989f56ddc@group-09127DD028E9: set configuration 0: [dafdef77-e865-403b-bc5e-c37989f56ddc:192.168.69.106:34201, ec693a0a-7ab2-40db-baa2-190e1e2b8078:192.168.69.106:46493, ce51abe9-fc49-4310-abba-812881959ce0:192.168.69.106:37982], old=null at 0
2019-11-14 22:49:22,165 [grpc-default-executor-6] INFO  impl.RaftServerImpl (ServerState.java:setRaftConf(356)) - ec693a0a-7ab2-40db-baa2-190e1e2b8078@group-09127DD028E9: set configuration 0: [dafdef77-e865-403b-bc5e-c37989f56ddc:192.168.69.106:34201, ec693a0a-7ab2-40db-baa2-190e1e2b8078:192.168.69.106:46493, ce51abe9-fc49-4310-abba-812881959ce0:192.168.69.106:37982], old=null at 0
2019-11-14 22:49:22,165 [grpc-default-executor-4] INFO  segmented.SegmentedRaftLogWorker (SegmentedRaftLogWorker.java:startLogSegment(385)) - dafdef77-e865-403b-bc5e-c37989f56ddc@group-09127DD028E9-SegmentedRaftLogWorker: Starting segment from index:0
2019-11-14 22:49:22,165 [grpc-default-executor-6] INFO  segmented.SegmentedRaftLogWorker (SegmentedRaftLogWorker.java:startLogSegment(385)) - ec693a0a-7ab2-40db-baa2-190e1e2b8078@group-09127DD028E9-SegmentedRaftLogWorker: Starting segment from index:0
2019-11-14 22:49:22,854 [Thread-3526] WARN  util.JavaUtils (JavaUtils.java:sleep(246)) - Unexpected long sleep: sleep(1121ms) actually took 1738ms which is over the threshold 300ms
2019-11-14 22:49:22,855 [Thread-3527] WARN  util.JavaUtils (JavaUtils.java:sleep(246)) - Unexpected long sleep: sleep(1109ms) actually took 1737ms which is over the threshold 300ms
2019-11-14 22:49:22,858 [Thread-3525] WARN  util.JavaUtils (JavaUtils.java:sleep(246)) - Unexpected long sleep: sleep(1179ms) actually took 1725ms which is over the threshold 300ms
2019-11-14 22:49:22,858 [Thread-3524] WARN  util.JavaUtils (JavaUtils.java:sleep(246)) - Unexpected long sleep: sleep(1189ms) actually took 1726ms which is over the threshold 300ms
2019-11-14 22:49:22,881 [ce51abe9-fc49-4310-abba-812881959ce0@group-09127DD028E9-SegmentedRaftLogWorker] INFO  segmented.SegmentedRaftLogWorker (SegmentedRaftLogWorker.java:execute(576)) - ce51abe9-fc49-4310-abba-812881959ce0@group-09127DD028E9-SegmentedRaftLogWorker: created new log segment /workdir/hadoop-ozone/integration-test/target/test-dir/MiniOzoneClusterImpl-9caa682c-a503-45f4-84bb-f8dd249825f6/datanode-3/data/ratis/dc527ecd-97dd-4c80-aed6-09127dd028e9/current/log_inprogress_0
2019-11-14 22:49:22,881 [dafdef77-e865-403b-bc5e-c37989f56ddc@group-09127DD028E9-SegmentedRaftLogWorker] INFO  segmented.SegmentedRaftLogWorker (SegmentedRaftLogWorker.java:execute(576)) - dafdef77-e865-403b-bc5e-c37989f56ddc@group-09127DD028E9-SegmentedRaftLogWorker: created new log segment /workdir/hadoop-ozone/integration-test/target/test-dir/MiniOzoneClusterImpl-9caa682c-a503-45f4-84bb-f8dd249825f6/datanode-1/data/ratis/dc527ecd-97dd-4c80-aed6-09127dd028e9/current/log_inprogress_0
2019-11-14 22:49:22,951 [Thread-3434] INFO  container.ReplicationManager (ReplicationManager.java:start(162)) - Starting Replication Monitor Thread.
2019-11-14 22:49:22,996 [Thread-3434] INFO  pipeline.SCMPipelineManager (SCMPipelineManager.java:finalizeAndDestroyPipeline(315)) - destroying pipeline:Pipeline[ Id: aa0ff3f3-bb19-4f77-b438-b67b3bb094a1, Nodes: 82d9b010-cdd2-48aa-a03f-c52b44e44827{ip: 192.168.69.106, host: pr-hdds-2494-dtfqw-3996435450, networkLocation: /rack1, certSerialId: null}c5c819e6-85b2-482d-9128-e8ea2b7ba4a4{ip: 192.168.69.106, host: pr-hdds-2494-dtfqw-3996435450, networkLocation: /rack1, certSerialId: null}df16aec3-050f-40e4-a922-70bdb89d4bf1{ip: 192.168.69.106, host: pr-hdds-2494-dtfqw-3996435450, networkLocation: /rack1, certSerialId: null}, Type:RATIS, Factor:THREE, State:OPEN]
2019-11-14 22:49:23,035 [ReplicationMonitor] INFO  container.ReplicationManager (ReplicationManager.java:run(225)) - Replication Monitor Thread took 0 milliseconds for processing 0 containers.
2019-11-14 22:49:23,058 [ec693a0a-7ab2-40db-baa2-190e1e2b8078@group-09127DD028E9-SegmentedRaftLogWorker] INFO  segmented.SegmentedRaftLogWorker (SegmentedRaftLogWorker.java:execute(576)) - ec693a0a-7ab2-40db-baa2-190e1e2b8078@group-09127DD028E9-SegmentedRaftLogWorker: created new log segment /workdir/hadoop-ozone/integration-test/target/test-dir/MiniOzoneClusterImpl-9caa682c-a503-45f4-84bb-f8dd249825f6/datanode-4/data/ratis/dc527ecd-97dd-4c80-aed6-09127dd028e9/current/log_inprogress_0
2019-11-14 22:49:23,067 [Thread-3434] INFO  pipeline.PipelineStateManager (PipelineStateManager.java:finalizePipeline(121)) - Pipeline Pipeline[ Id: aa0ff3f3-bb19-4f77-b438-b67b3bb094a1, Nodes: 82d9b010-cdd2-48aa-a03f-c52b44e44827{ip: 192.168.69.106, host: pr-hdds-2494-dtfqw-3996435450, networkLocation: /rack1, certSerialId: null}c5c819e6-85b2-482d-9128-e8ea2b7ba4a4{ip: 192.168.69.106, host: pr-hdds-2494-dtfqw-3996435450, networkLocation: /rack1, certSerialId: null}df16aec3-050f-40e4-a922-70bdb89d4bf1{ip: 192.168.69.106, host: pr-hdds-2494-dtfqw-3996435450, networkLocation: /rack1, certSerialId: null}, Type:RATIS, Factor:THREE, State:CLOSED] moved to CLOSED state
2019-11-14 22:49:23,089 [main] INFO  ozone.MiniOzoneClusterImpl (MiniOzoneClusterImpl.java:lambda$waitForClusterToBeReady$2(171)) - Cluster is ready. Got 10 of 10 DN Heartbeats.
2019-11-14 22:49:23,175 [grpc-default-executor-6] INFO  impl.RaftServerProxy (RaftServerProxy.java:remove(95)) - 82d9b010-cdd2-48aa-a03f-c52b44e44827: remove  FOLLOWER 82d9b010-cdd2-48aa-a03f-c52b44e44827@group-B67B3BB094A1:t1, leader=c5c819e6-85b2-482d-9128-e8ea2b7ba4a4, voted=c5c819e6-85b2-482d-9128-e8ea2b7ba4a4, raftlog=82d9b010-cdd2-48aa-a03f-c52b44e44827@group-B67B3BB094A1-SegmentedRaftLog:OPENED:c0,f0,i0, conf=0: [df16aec3-050f-40e4-a922-70bdb89d4bf1:192.168.69.106:44144, 82d9b010-cdd2-48aa-a03f-c52b44e44827:192.168.69.106:46701, c5c819e6-85b2-482d-9128-e8ea2b7ba4a4:192.168.69.106:40987], old=null RUNNING
2019-11-14 22:49:23,176 [grpc-default-executor-6] INFO  impl.RaftServerImpl (RaftServerImpl.java:lambda$shutdown$3(250)) - 82d9b010-cdd2-48aa-a03f-c52b44e44827@group-B67B3BB094A1: shutdown
2019-11-14 22:49:23,176 [grpc-default-executor-6] INFO  util.JmxRegister (JmxRegister.java:unregister(73)) - Successfully un-registered JMX Bean with object name Ratis:service=RaftServer,group=group-B67B3BB094A1,id=82d9b010-cdd2-48aa-a03f-c52b44e44827
2019-11-14 22:49:23,176 [grpc-default-executor-6] INFO  impl.RoleInfo (RoleInfo.java:shutdownFollowerState(121)) - 82d9b010-cdd2-48aa-a03f-c52b44e44827: shutdown FollowerState
2019-11-14 22:49:23,176 [grpc-default-executor-6] INFO  impl.StateMachineUpdater (StateMachineUpdater.java:stopAndJoin(136)) - 82d9b010-cdd2-48aa-a03f-c52b44e44827@group-B67B3BB094A1-StateMachineUpdater: set stopIndex = 0
2019-11-14 22:49:23,176 [Thread-3526] INFO  impl.FollowerState (FollowerState.java:run(120)) - 82d9b010-cdd2-48aa-a03f-c52b44e44827@group-B67B3BB094A1-FollowerState was interrupted: java.lang.InterruptedException: sleep interrupted
2019-11-14 22:49:23,176 [grpc-default-executor-6] INFO  impl.RaftServerImpl (ServerState.java:close(387)) - 82d9b010-cdd2-48aa-a03f-c52b44e44827@group-B67B3BB094A1: closes. applyIndex: 0
2019-11-14 22:49:23,177 [82d9b010-cdd2-48aa-a03f-c52b44e44827@group-B67B3BB094A1-SegmentedRaftLogWorker] INFO  segmented.SegmentedRaftLogWorker (SegmentedRaftLogWorker.java:run(316)) - 82d9b010-cdd2-48aa-a03f-c52b44e44827@group-B67B3BB094A1-SegmentedRaftLogWorker was interrupted, exiting. There are 0 tasks remaining in the queue.
2019-11-14 22:49:23,179 [grpc-default-executor-6] INFO  segmented.SegmentedRaftLogWorker (SegmentedRaftLogWorker.java:close(224)) - 82d9b010-cdd2-48aa-a03f-c52b44e44827@group-B67B3BB094A1-SegmentedRaftLogWorker close()
2019-11-14 22:49:23,182 [main] INFO  rpc.RpcClient (RpcClient.java:createVolume(292)) - Creating Volume: datanodefailurehandlingtest, with jenkins1000 as owner.
2019-11-14 22:49:23,185 [IPC Server handler 15 on 45190] INFO  volume.OMVolumeCreateRequest (OMVolumeCreateRequest.java:validateAndUpdateCache(193)) - created volume:datanodefailurehandlingtest for user:jenkins1000
2019-11-14 22:49:23,188 [grpc-default-executor-6] INFO  impl.RaftServerProxy (RaftServerProxy.java:remove(95)) - c5c819e6-85b2-482d-9128-e8ea2b7ba4a4: remove    LEADER c5c819e6-85b2-482d-9128-e8ea2b7ba4a4@group-B67B3BB094A1:t1, leader=c5c819e6-85b2-482d-9128-e8ea2b7ba4a4, voted=c5c819e6-85b2-482d-9128-e8ea2b7ba4a4, raftlog=c5c819e6-85b2-482d-9128-e8ea2b7ba4a4@group-B67B3BB094A1-SegmentedRaftLog:OPENED:c0,f0,i0, conf=0: [df16aec3-050f-40e4-a922-70bdb89d4bf1:192.168.69.106:44144, 82d9b010-cdd2-48aa-a03f-c52b44e44827:192.168.69.106:46701, c5c819e6-85b2-482d-9128-e8ea2b7ba4a4:192.168.69.106:40987], old=null RUNNING
2019-11-14 22:49:23,188 [grpc-default-executor-6] INFO  impl.RaftServerImpl (RaftServerImpl.java:lambda$shutdown$3(250)) - c5c819e6-85b2-482d-9128-e8ea2b7ba4a4@group-B67B3BB094A1: shutdown
2019-11-14 22:49:23,189 [grpc-default-executor-6] INFO  util.JmxRegister (JmxRegister.java:unregister(73)) - Successfully un-registered JMX Bean with object name Ratis:service=RaftServer,group=group-B67B3BB094A1,id=c5c819e6-85b2-482d-9128-e8ea2b7ba4a4
2019-11-14 22:49:23,189 [grpc-default-executor-6] INFO  impl.RoleInfo (RoleInfo.java:shutdownLeaderState(104)) - c5c819e6-85b2-482d-9128-e8ea2b7ba4a4: shutdown LeaderState
2019-11-14 22:49:23,191 [grpc-default-executor-6] INFO  impl.PendingRequests (PendingRequests.java:sendNotLeaderResponses(206)) - c5c819e6-85b2-482d-9128-e8ea2b7ba4a4@group-B67B3BB094A1-PendingRequests: sendNotLeaderResponses
2019-11-14 22:49:23,191 [org.apache.ratis.server.impl.LogAppender$AppenderDaemon$$Lambda$460/1168859626@2042c1c4] WARN  server.GrpcLogAppender (GrpcLogAppender.java:mayWait(151)) - c5c819e6-85b2-482d-9128-e8ea2b7ba4a4@group-B67B3BB094A1->df16aec3-050f-40e4-a922-70bdb89d4bf1-GrpcLogAppender: Wait interrupted by java.lang.InterruptedException
2019-11-14 22:49:23,191 [org.apache.ratis.server.impl.LogAppender$AppenderDaemon$$Lambda$460/1168859626@65404ba8] WARN  server.GrpcLogAppender (GrpcLogAppender.java:mayWait(151)) - c5c819e6-85b2-482d-9128-e8ea2b7ba4a4@group-B67B3BB094A1->82d9b010-cdd2-48aa-a03f-c52b44e44827-GrpcLogAppender: Wait interrupted by java.lang.InterruptedException
2019-11-14 22:49:23,192 [grpc-default-executor-6] INFO  impl.StateMachineUpdater (StateMachineUpdater.java:stopAndJoin(136)) - c5c819e6-85b2-482d-9128-e8ea2b7ba4a4@group-B67B3BB094A1-StateMachineUpdater: set stopIndex = 0
2019-11-14 22:49:23,192 [grpc-default-executor-6] INFO  impl.RaftServerImpl (ServerState.java:close(387)) - c5c819e6-85b2-482d-9128-e8ea2b7ba4a4@group-B67B3BB094A1: closes. applyIndex: 0
2019-11-14 22:49:23,192 [grpc-default-executor-5] INFO  server.GrpcServerProtocolService (GrpcServerProtocolService.java:onCompleted(113)) - df16aec3-050f-40e4-a922-70bdb89d4bf1: Completed APPEND_ENTRIES, lastRequest: c5c819e6-85b2-482d-9128-e8ea2b7ba4a4->df16aec3-050f-40e4-a922-70bdb89d4bf1#3-t1, previous=(t:1, i:0), leaderCommit=0, initializing? false, entries: <empty>
2019-11-14 22:49:23,192 [grpc-default-executor-9] INFO  server.GrpcServerProtocolService (GrpcServerProtocolService.java:onCompleted(113)) - 82d9b010-cdd2-48aa-a03f-c52b44e44827: Completed APPEND_ENTRIES, lastRequest: c5c819e6-85b2-482d-9128-e8ea2b7ba4a4->82d9b010-cdd2-48aa-a03f-c52b44e44827#3-t1, previous=(t:1, i:0), leaderCommit=0, initializing? false, entries: <empty>
2019-11-14 22:49:23,193 [c5c819e6-85b2-482d-9128-e8ea2b7ba4a4@group-B67B3BB094A1-SegmentedRaftLogWorker] INFO  segmented.SegmentedRaftLogWorker (SegmentedRaftLogWorker.java:run(316)) - c5c819e6-85b2-482d-9128-e8ea2b7ba4a4@group-B67B3BB094A1-SegmentedRaftLogWorker was interrupted, exiting. There are 0 tasks remaining in the queue.
2019-11-14 22:49:23,193 [grpc-default-executor-9] INFO  server.GrpcLogAppender (GrpcLogAppender.java:onCompleted(308)) - c5c819e6-85b2-482d-9128-e8ea2b7ba4a4@group-B67B3BB094A1->df16aec3-050f-40e4-a922-70bdb89d4bf1-AppendLogResponseHandler: follower responses appendEntries COMPLETED
2019-11-14 22:49:23,193 [grpc-default-executor-5] INFO  server.GrpcLogAppender (GrpcLogAppender.java:onCompleted(308)) - c5c819e6-85b2-482d-9128-e8ea2b7ba4a4@group-B67B3BB094A1->82d9b010-cdd2-48aa-a03f-c52b44e44827-AppendLogResponseHandler: follower responses appendEntries COMPLETED
2019-11-14 22:49:23,195 [grpc-default-executor-6] INFO  segmented.SegmentedRaftLogWorker (SegmentedRaftLogWorker.java:close(224)) - c5c819e6-85b2-482d-9128-e8ea2b7ba4a4@group-B67B3BB094A1-SegmentedRaftLogWorker close()
2019-11-14 22:49:23,195 [grpc-default-executor-9] INFO  impl.FollowerInfo (FollowerInfo.java:lambda$new$0(51)) - c5c819e6-85b2-482d-9128-e8ea2b7ba4a4@group-B67B3BB094A1->df16aec3-050f-40e4-a922-70bdb89d4bf1: nextIndex: updateUnconditionally 1 -> 0
2019-11-14 22:49:23,195 [grpc-default-executor-5] INFO  impl.FollowerInfo (FollowerInfo.java:lambda$new$0(51)) - c5c819e6-85b2-482d-9128-e8ea2b7ba4a4@group-B67B3BB094A1->82d9b010-cdd2-48aa-a03f-c52b44e44827: nextIndex: updateUnconditionally 1 -> 0
2019-11-14 22:49:23,213 [grpc-default-executor-6] INFO  impl.RaftServerProxy (RaftServerProxy.java:remove(95)) - df16aec3-050f-40e4-a922-70bdb89d4bf1: remove  FOLLOWER df16aec3-050f-40e4-a922-70bdb89d4bf1@group-B67B3BB094A1:t1, leader=c5c819e6-85b2-482d-9128-e8ea2b7ba4a4, voted=c5c819e6-85b2-482d-9128-e8ea2b7ba4a4, raftlog=df16aec3-050f-40e4-a922-70bdb89d4bf1@group-B67B3BB094A1-SegmentedRaftLog:OPENED:c0,f0,i0, conf=0: [df16aec3-050f-40e4-a922-70bdb89d4bf1:192.168.69.106:44144, 82d9b010-cdd2-48aa-a03f-c52b44e44827:192.168.69.106:46701, c5c819e6-85b2-482d-9128-e8ea2b7ba4a4:192.168.69.106:40987], old=null RUNNING
2019-11-14 22:49:23,213 [grpc-default-executor-6] INFO  impl.RaftServerImpl (RaftServerImpl.java:lambda$shutdown$3(250)) - df16aec3-050f-40e4-a922-70bdb89d4bf1@group-B67B3BB094A1: shutdown
2019-11-14 22:49:23,214 [grpc-default-executor-6] INFO  util.JmxRegister (JmxRegister.java:unregister(73)) - Successfully un-registered JMX Bean with object name Ratis:service=RaftServer,group=group-B67B3BB094A1,id=df16aec3-050f-40e4-a922-70bdb89d4bf1
2019-11-14 22:49:23,214 [grpc-default-executor-6] INFO  impl.RoleInfo (RoleInfo.java:shutdownFollowerState(121)) - df16aec3-050f-40e4-a922-70bdb89d4bf1: shutdown FollowerState
2019-11-14 22:49:23,214 [grpc-default-executor-6] INFO  impl.StateMachineUpdater (StateMachineUpdater.java:stopAndJoin(136)) - df16aec3-050f-40e4-a922-70bdb89d4bf1@group-B67B3BB094A1-StateMachineUpdater: set stopIndex = 0
2019-11-14 22:49:23,214 [Thread-3527] INFO  impl.FollowerState (FollowerState.java:run(120)) - df16aec3-050f-40e4-a922-70bdb89d4bf1@group-B67B3BB094A1-FollowerState was interrupted: java.lang.InterruptedException: sleep interrupted
2019-11-14 22:49:23,214 [grpc-default-executor-6] INFO  impl.RaftServerImpl (ServerState.java:close(387)) - df16aec3-050f-40e4-a922-70bdb89d4bf1@group-B67B3BB094A1: closes. applyIndex: 0
2019-11-14 22:49:23,214 [df16aec3-050f-40e4-a922-70bdb89d4bf1@group-B67B3BB094A1-SegmentedRaftLogWorker] INFO  segmented.SegmentedRaftLogWorker (SegmentedRaftLogWorker.java:run(316)) - df16aec3-050f-40e4-a922-70bdb89d4bf1@group-B67B3BB094A1-SegmentedRaftLogWorker was interrupted, exiting. There are 0 tasks remaining in the queue.
2019-11-14 22:49:23,217 [grpc-default-executor-6] INFO  segmented.SegmentedRaftLogWorker (SegmentedRaftLogWorker.java:close(224)) - df16aec3-050f-40e4-a922-70bdb89d4bf1@group-B67B3BB094A1-SegmentedRaftLogWorker close()
2019-11-14 22:49:23,232 [Thread-3434] INFO  pipeline.PipelineStateManager (PipelineStateManager.java:removePipeline(106)) - Pipeline Pipeline[ Id: aa0ff3f3-bb19-4f77-b438-b67b3bb094a1, Nodes: 82d9b010-cdd2-48aa-a03f-c52b44e44827{ip: 192.168.69.106, host: pr-hdds-2494-dtfqw-3996435450, networkLocation: /rack1, certSerialId: null}c5c819e6-85b2-482d-9128-e8ea2b7ba4a4{ip: 192.168.69.106, host: pr-hdds-2494-dtfqw-3996435450, networkLocation: /rack1, certSerialId: null}df16aec3-050f-40e4-a922-70bdb89d4bf1{ip: 192.168.69.106, host: pr-hdds-2494-dtfqw-3996435450, networkLocation: /rack1, certSerialId: null}, Type:RATIS, Factor:THREE, State:CLOSED] removed from db
2019-11-14 22:49:23,234 [Thread-3434] INFO  pipeline.SCMPipelineManager (SCMPipelineManager.java:finalizeAndDestroyPipeline(315)) - destroying pipeline:Pipeline[ Id: 188ebc17-3e80-41f3-9e48-e8ab2f7ab811, Nodes: ec693a0a-7ab2-40db-baa2-190e1e2b8078{ip: 192.168.69.106, host: pr-hdds-2494-dtfqw-3996435450, networkLocation: /rack1, certSerialId: null}, Type:RATIS, Factor:ONE, State:OPEN]
2019-11-14 22:49:23,237 [grpc-default-executor-5] INFO  impl.RaftServerProxy (RaftServerProxy.java:addNew(89)) - 82d9b010-cdd2-48aa-a03f-c52b44e44827: addNew group-F1AED5EE4D6F:[df16aec3-050f-40e4-a922-70bdb89d4bf1:192.168.69.106:44144, 82d9b010-cdd2-48aa-a03f-c52b44e44827:192.168.69.106:46701, c5c819e6-85b2-482d-9128-e8ea2b7ba4a4:192.168.69.106:40987] returns group-F1AED5EE4D6F:java.util.concurrent.CompletableFuture@3630b55[Not completed]
2019-11-14 22:49:23,238 [grpc-default-executor-6] INFO  impl.RaftServerProxy (RaftServerProxy.java:addNew(89)) - c5c819e6-85b2-482d-9128-e8ea2b7ba4a4: addNew group-F1AED5EE4D6F:[df16aec3-050f-40e4-a922-70bdb89d4bf1:192.168.69.106:44144, 82d9b010-cdd2-48aa-a03f-c52b44e44827:192.168.69.106:46701, c5c819e6-85b2-482d-9128-e8ea2b7ba4a4:192.168.69.106:40987] returns group-F1AED5EE4D6F:java.util.concurrent.CompletableFuture@10e38b67[Not completed]
2019-11-14 22:49:23,238 [grpc-default-executor-5] INFO  impl.RaftServerProxy (RaftServerProxy.java:addNew(89)) - df16aec3-050f-40e4-a922-70bdb89d4bf1: addNew group-F1AED5EE4D6F:[df16aec3-050f-40e4-a922-70bdb89d4bf1:192.168.69.106:44144, 82d9b010-cdd2-48aa-a03f-c52b44e44827:192.168.69.106:46701, c5c819e6-85b2-482d-9128-e8ea2b7ba4a4:192.168.69.106:40987] returns group-F1AED5EE4D6F:java.util.concurrent.CompletableFuture@49af821d[Not completed]
2019-11-14 22:49:23,239 [pool-567-thread-1] INFO  impl.RaftServerImpl (RaftServerImpl.java:<init>(98)) - c5c819e6-85b2-482d-9128-e8ea2b7ba4a4: new RaftServerImpl for group-F1AED5EE4D6F:[df16aec3-050f-40e4-a922-70bdb89d4bf1:192.168.69.106:44144, 82d9b010-cdd2-48aa-a03f-c52b44e44827:192.168.69.106:46701, c5c819e6-85b2-482d-9128-e8ea2b7ba4a4:192.168.69.106:40987] with ContainerStateMachine:uninitialized
2019-11-14 22:49:23,239 [pool-567-thread-1] INFO  server.RaftServerConfigKeys (ConfUtils.java:logGet(43)) - raft.server.rpc.timeout.min = 1s (custom)
2019-11-14 22:49:23,239 [pool-567-thread-1] INFO  server.RaftServerConfigKeys (ConfUtils.java:logGet(43)) - raft.server.rpc.timeout.max = 1200ms (custom)
2019-11-14 22:49:23,239 [pool-507-thread-1] INFO  impl.RaftServerImpl (RaftServerImpl.java:<init>(98)) - df16aec3-050f-40e4-a922-70bdb89d4bf1: new RaftServerImpl for group-F1AED5EE4D6F:[df16aec3-050f-40e4-a922-70bdb89d4bf1:192.168.69.106:44144, 82d9b010-cdd2-48aa-a03f-c52b44e44827:192.168.69.106:46701, c5c819e6-85b2-482d-9128-e8ea2b7ba4a4:192.168.69.106:40987] with ContainerStateMachine:uninitialized
2019-11-14 22:49:23,239 [pool-567-thread-1] INFO  server.RaftServerConfigKeys (ConfUtils.java:logGet(43)) - raft.server.rpcslowness.timeout = 120s (custom)
2019-11-14 22:49:23,239 [pool-507-thread-1] INFO  server.RaftServerConfigKeys (ConfUtils.java:logGet(43)) - raft.server.rpc.timeout.min = 1s (custom)
2019-11-14 22:49:23,239 [pool-567-thread-1] INFO  server.RaftServerConfigKeys (ConfUtils.java:logGet(43)) - raft.server.sleep.deviation.threshold = 300 (default)
2019-11-14 22:49:23,239 [pool-507-thread-1] INFO  server.RaftServerConfigKeys (ConfUtils.java:logGet(43)) - raft.server.rpc.timeout.max = 1200ms (custom)
2019-11-14 22:49:23,240 [pool-567-thread-1] INFO  server.RaftServerConfigKeys (ConfUtils.java:logGet(43)) - raft.server.log.appender.install.snapshot.enabled = false (custom)
2019-11-14 22:49:23,240 [pool-507-thread-1] INFO  server.RaftServerConfigKeys (ConfUtils.java:logGet(43)) - raft.server.rpcslowness.timeout = 120s (custom)
2019-11-14 22:49:23,240 [pool-507-thread-1] INFO  server.RaftServerConfigKeys (ConfUtils.java:logGet(43)) - raft.server.sleep.deviation.threshold = 300 (default)
2019-11-14 22:49:23,240 [pool-567-thread-1] INFO  impl.RaftServerImpl (ServerState.java:<init>(103)) - c5c819e6-85b2-482d-9128-e8ea2b7ba4a4@group-F1AED5EE4D6F: ConfigurationManager, init=-1: [df16aec3-050f-40e4-a922-70bdb89d4bf1:192.168.69.106:44144, 82d9b010-cdd2-48aa-a03f-c52b44e44827:192.168.69.106:46701, c5c819e6-85b2-482d-9128-e8ea2b7ba4a4:192.168.69.106:40987], old=null, confs=<EMPTY_MAP>
2019-11-14 22:49:23,240 [pool-597-thread-1] INFO  impl.RaftServerImpl (RaftServerImpl.java:<init>(98)) - 82d9b010-cdd2-48aa-a03f-c52b44e44827: new RaftServerImpl for group-F1AED5EE4D6F:[df16aec3-050f-40e4-a922-70bdb89d4bf1:192.168.69.106:44144, 82d9b010-cdd2-48aa-a03f-c52b44e44827:192.168.69.106:46701, c5c819e6-85b2-482d-9128-e8ea2b7ba4a4:192.168.69.106:40987] with ContainerStateMachine:uninitialized
2019-11-14 22:49:23,240 [pool-507-thread-1] INFO  server.RaftServerConfigKeys (ConfUtils.java:logGet(43)) - raft.server.log.appender.install.snapshot.enabled = false (custom)
2019-11-14 22:49:23,240 [pool-597-thread-1] INFO  server.RaftServerConfigKeys (ConfUtils.java:logGet(43)) - raft.server.rpc.timeout.min = 1s (custom)
2019-11-14 22:49:23,240 [pool-567-thread-1] INFO  server.RaftServerConfigKeys (ConfUtils.java:logGet(43)) - raft.server.storage.dir = [/workdir/hadoop-ozone/integration-test/target/test-dir/MiniOzoneClusterImpl-9caa682c-a503-45f4-84bb-f8dd249825f6/datanode-6/data/ratis] (custom)
2019-11-14 22:49:23,240 [pool-597-thread-1] INFO  server.RaftServerConfigKeys (ConfUtils.java:logGet(43)) - raft.server.rpc.timeout.max = 1200ms (custom)
2019-11-14 22:49:23,240 [pool-507-thread-1] INFO  impl.RaftServerImpl (ServerState.java:<init>(103)) - df16aec3-050f-40e4-a922-70bdb89d4bf1@group-F1AED5EE4D6F: ConfigurationManager, init=-1: [df16aec3-050f-40e4-a922-70bdb89d4bf1:192.168.69.106:44144, 82d9b010-cdd2-48aa-a03f-c52b44e44827:192.168.69.106:46701, c5c819e6-85b2-482d-9128-e8ea2b7ba4a4:192.168.69.106:40987], old=null, confs=<EMPTY_MAP>
2019-11-14 22:49:23,240 [pool-597-thread-1] INFO  server.RaftServerConfigKeys (ConfUtils.java:logGet(43)) - raft.server.rpcslowness.timeout = 120s (custom)
2019-11-14 22:49:23,241 [pool-507-thread-1] INFO  server.RaftServerConfigKeys (ConfUtils.java:logGet(43)) - raft.server.storage.dir = [/workdir/hadoop-ozone/integration-test/target/test-dir/MiniOzoneClusterImpl-9caa682c-a503-45f4-84bb-f8dd249825f6/datanode-0/data/ratis] (custom)
2019-11-14 22:49:23,241 [pool-567-thread-1] INFO  server.RaftServerConfigKeys (ConfUtils.java:logGet(43)) - raft.server.log.corruption.policy = EXCEPTION (default)
2019-11-14 22:49:23,241 [pool-507-thread-1] INFO  server.RaftServerConfigKeys (ConfUtils.java:logGet(43)) - raft.server.log.corruption.policy = EXCEPTION (default)
2019-11-14 22:49:23,241 [pool-597-thread-1] INFO  server.RaftServerConfigKeys (ConfUtils.java:logGet(43)) - raft.server.sleep.deviation.threshold = 300 (default)
2019-11-14 22:49:23,241 [pool-507-thread-1] INFO  storage.RaftStorageDirectory (RaftStorageDirectory.java:analyzeStorage(246)) - The storage directory /workdir/hadoop-ozone/integration-test/target/test-dir/MiniOzoneClusterImpl-9caa682c-a503-45f4-84bb-f8dd249825f6/datanode-0/data/ratis/250a51ea-7cc0-46c5-a5e6-f1aed5ee4d6f does not exist. Creating ...
2019-11-14 22:49:23,241 [pool-567-thread-1] INFO  storage.RaftStorageDirectory (RaftStorageDirectory.java:analyzeStorage(246)) - The storage directory /workdir/hadoop-ozone/integration-test/target/test-dir/MiniOzoneClusterImpl-9caa682c-a503-45f4-84bb-f8dd249825f6/datanode-6/data/ratis/250a51ea-7cc0-46c5-a5e6-f1aed5ee4d6f does not exist. Creating ...
2019-11-14 22:49:23,241 [pool-597-thread-1] INFO  server.RaftServerConfigKeys (ConfUtils.java:logGet(43)) - raft.server.log.appender.install.snapshot.enabled = false (custom)
2019-11-14 22:49:23,241 [pool-597-thread-1] INFO  impl.RaftServerImpl (ServerState.java:<init>(103)) - 82d9b010-cdd2-48aa-a03f-c52b44e44827@group-F1AED5EE4D6F: ConfigurationManager, init=-1: [df16aec3-050f-40e4-a922-70bdb89d4bf1:192.168.69.106:44144, 82d9b010-cdd2-48aa-a03f-c52b44e44827:192.168.69.106:46701, c5c819e6-85b2-482d-9128-e8ea2b7ba4a4:192.168.69.106:40987], old=null, confs=<EMPTY_MAP>
2019-11-14 22:49:23,241 [pool-597-thread-1] INFO  server.RaftServerConfigKeys (ConfUtils.java:logGet(43)) - raft.server.storage.dir = [/workdir/hadoop-ozone/integration-test/target/test-dir/MiniOzoneClusterImpl-9caa682c-a503-45f4-84bb-f8dd249825f6/datanode-9/data/ratis] (custom)
2019-11-14 22:49:23,242 [pool-597-thread-1] INFO  server.RaftServerConfigKeys (ConfUtils.java:logGet(43)) - raft.server.log.corruption.policy = EXCEPTION (default)
2019-11-14 22:49:23,242 [pool-597-thread-1] INFO  storage.RaftStorageDirectory (RaftStorageDirectory.java:analyzeStorage(246)) - The storage directory /workdir/hadoop-ozone/integration-test/target/test-dir/MiniOzoneClusterImpl-9caa682c-a503-45f4-84bb-f8dd249825f6/datanode-9/data/ratis/250a51ea-7cc0-46c5-a5e6-f1aed5ee4d6f does not exist. Creating ...
2019-11-14 22:49:23,250 [main] INFO  rpc.RpcClient (RpcClient.java:createBucket(431)) - Creating Bucket: datanodefailurehandlingtest/datanodefailurehandlingtest, with Versioning false and Storage Type set to DISK and Encryption set to false 
2019-11-14 22:49:23,265 [pool-597-thread-1] INFO  storage.RaftStorageDirectory (RaftStorageDirectory.java:tryLock(328)) - Lock on /workdir/hadoop-ozone/integration-test/target/test-dir/MiniOzoneClusterImpl-9caa682c-a503-45f4-84bb-f8dd249825f6/datanode-9/data/ratis/250a51ea-7cc0-46c5-a5e6-f1aed5ee4d6f/in_use.lock acquired by nodename 339@pr-hdds-2494-dtfqw-3996435450
2019-11-14 22:49:23,265 [pool-507-thread-1] INFO  storage.RaftStorageDirectory (RaftStorageDirectory.java:tryLock(328)) - Lock on /workdir/hadoop-ozone/integration-test/target/test-dir/MiniOzoneClusterImpl-9caa682c-a503-45f4-84bb-f8dd249825f6/datanode-0/data/ratis/250a51ea-7cc0-46c5-a5e6-f1aed5ee4d6f/in_use.lock acquired by nodename 339@pr-hdds-2494-dtfqw-3996435450
2019-11-14 22:49:23,265 [pool-567-thread-1] INFO  storage.RaftStorageDirectory (RaftStorageDirectory.java:tryLock(328)) - Lock on /workdir/hadoop-ozone/integration-test/target/test-dir/MiniOzoneClusterImpl-9caa682c-a503-45f4-84bb-f8dd249825f6/datanode-6/data/ratis/250a51ea-7cc0-46c5-a5e6-f1aed5ee4d6f/in_use.lock acquired by nodename 339@pr-hdds-2494-dtfqw-3996435450
2019-11-14 22:49:23,289 [pool-567-thread-1] INFO  storage.RaftStorage (RaftStorage.java:format(84)) - Storage directory /workdir/hadoop-ozone/integration-test/target/test-dir/MiniOzoneClusterImpl-9caa682c-a503-45f4-84bb-f8dd249825f6/datanode-6/data/ratis/250a51ea-7cc0-46c5-a5e6-f1aed5ee4d6f has been successfully formatted.
2019-11-14 22:49:23,289 [pool-507-thread-1] INFO  storage.RaftStorage (RaftStorage.java:format(84)) - Storage directory /workdir/hadoop-ozone/integration-test/target/test-dir/MiniOzoneClusterImpl-9caa682c-a503-45f4-84bb-f8dd249825f6/datanode-0/data/ratis/250a51ea-7cc0-46c5-a5e6-f1aed5ee4d6f has been successfully formatted.
2019-11-14 22:49:23,289 [pool-597-thread-1] INFO  storage.RaftStorage (RaftStorage.java:format(84)) - Storage directory /workdir/hadoop-ozone/integration-test/target/test-dir/MiniOzoneClusterImpl-9caa682c-a503-45f4-84bb-f8dd249825f6/datanode-9/data/ratis/250a51ea-7cc0-46c5-a5e6-f1aed5ee4d6f has been successfully formatted.
2019-11-14 22:49:23,289 [pool-507-thread-1] INFO  ratis.ContainerStateMachine (ContainerStateMachine.java:loadSnapshot(223)) - group-F1AED5EE4D6F: The snapshot info is null. Setting the last applied indexto:(t:0, i:~)
2019-11-14 22:49:23,289 [pool-567-thread-1] INFO  ratis.ContainerStateMachine (ContainerStateMachine.java:loadSnapshot(223)) - group-F1AED5EE4D6F: The snapshot info is null. Setting the last applied indexto:(t:0, i:~)
2019-11-14 22:49:23,289 [pool-507-thread-1] INFO  server.RaftServerConfigKeys (ConfUtils.java:logGet(43)) - raft.server.notification.no-leader.timeout = 120s (custom)
2019-11-14 22:49:23,289 [pool-597-thread-1] INFO  ratis.ContainerStateMachine (ContainerStateMachine.java:loadSnapshot(223)) - group-F1AED5EE4D6F: The snapshot info is null. Setting the last applied indexto:(t:0, i:~)
2019-11-14 22:49:23,289 [pool-567-thread-1] INFO  server.RaftServerConfigKeys (ConfUtils.java:logGet(43)) - raft.server.notification.no-leader.timeout = 120s (custom)
2019-11-14 22:49:23,290 [pool-597-thread-1] INFO  server.RaftServerConfigKeys (ConfUtils.java:logGet(43)) - raft.server.notification.no-leader.timeout = 120s (custom)
2019-11-14 22:49:23,290 [pool-507-thread-1] INFO  server.RaftServerConfigKeys (ConfUtils.java:logGet(43)) - raft.server.log.use.memory = false (default)
2019-11-14 22:49:23,290 [pool-597-thread-1] INFO  server.RaftServerConfigKeys (ConfUtils.java:logGet(43)) - raft.server.log.use.memory = false (default)
2019-11-14 22:49:23,290 [pool-567-thread-1] INFO  server.RaftServerConfigKeys (ConfUtils.java:logGet(43)) - raft.server.log.use.memory = false (default)
2019-11-14 22:49:23,290 [pool-597-thread-1] INFO  server.RaftServerConfigKeys (ConfUtils.java:logGet(43)) - raft.server.log.purge.gap = 1000000 (custom)
2019-11-14 22:49:23,290 [pool-507-thread-1] INFO  server.RaftServerConfigKeys (ConfUtils.java:logGet(43)) - raft.server.log.purge.gap = 1000000 (custom)
2019-11-14 22:49:23,290 [pool-597-thread-1] INFO  server.RaftServerConfigKeys (ConfUtils.java:logGet(43)) - raft.server.log.appender.buffer.byte-limit = 33554432 (custom)
2019-11-14 22:49:23,290 [pool-567-thread-1] INFO  server.RaftServerConfigKeys (ConfUtils.java:logGet(43)) - raft.server.log.purge.gap = 1000000 (custom)
2019-11-14 22:49:23,290 [pool-597-thread-1] INFO  server.RaftServerConfigKeys (ConfUtils.java:logGet(43)) - raft.server.log.segment.size.max = 1048576 (custom)
2019-11-14 22:49:23,290 [pool-507-thread-1] INFO  server.RaftServerConfigKeys (ConfUtils.java:logGet(43)) - raft.server.log.appender.buffer.byte-limit = 33554432 (custom)
2019-11-14 22:49:23,291 [pool-597-thread-1] INFO  server.RaftServerConfigKeys (ConfUtils.java:logGet(43)) - raft.server.log.segment.cache.num.max = 2 (custom)
2019-11-14 22:49:23,291 [pool-567-thread-1] INFO  server.RaftServerConfigKeys (ConfUtils.java:logGet(43)) - raft.server.log.appender.buffer.byte-limit = 33554432 (custom)
2019-11-14 22:49:23,291 [pool-597-thread-1] INFO  segmented.SegmentedRaftLogWorker (SegmentedRaftLogWorker.java:<init>(173)) - new 82d9b010-cdd2-48aa-a03f-c52b44e44827@group-F1AED5EE4D6F-SegmentedRaftLogWorker for RaftStorage:Storage Directory /workdir/hadoop-ozone/integration-test/target/test-dir/MiniOzoneClusterImpl-9caa682c-a503-45f4-84bb-f8dd249825f6/datanode-9/data/ratis/250a51ea-7cc0-46c5-a5e6-f1aed5ee4d6f
2019-11-14 22:49:23,291 [pool-507-thread-1] INFO  server.RaftServerConfigKeys (ConfUtils.java:logGet(43)) - raft.server.log.segment.size.max = 1048576 (custom)
2019-11-14 22:49:23,291 [pool-597-thread-1] INFO  server.RaftServerConfigKeys (ConfUtils.java:logGet(43)) - raft.server.log.queue.byte-limit = 2147483647 (custom)
2019-11-14 22:49:23,291 [pool-567-thread-1] INFO  server.RaftServerConfigKeys (ConfUtils.java:logGet(43)) - raft.server.log.segment.size.max = 1048576 (custom)
2019-11-14 22:49:23,291 [pool-597-thread-1] INFO  server.RaftServerConfigKeys (ConfUtils.java:logGet(43)) - raft.server.log.queue.element-limit = 1024 (custom)
2019-11-14 22:49:23,291 [pool-507-thread-1] INFO  server.RaftServerConfigKeys (ConfUtils.java:logGet(43)) - raft.server.log.segment.cache.num.max = 2 (custom)
2019-11-14 22:49:23,292 [pool-597-thread-1] INFO  server.RaftServerConfigKeys (ConfUtils.java:logGet(43)) - raft.server.log.segment.size.max = 1048576 (custom)
2019-11-14 22:49:23,291 [pool-567-thread-1] INFO  server.RaftServerConfigKeys (ConfUtils.java:logGet(43)) - raft.server.log.segment.cache.num.max = 2 (custom)
2019-11-14 22:49:23,292 [pool-597-thread-1] INFO  server.RaftServerConfigKeys (ConfUtils.java:logGet(43)) - raft.server.log.preallocated.size = 16384 (custom)
2019-11-14 22:49:23,292 [pool-507-thread-1] INFO  segmented.SegmentedRaftLogWorker (SegmentedRaftLogWorker.java:<init>(173)) - new df16aec3-050f-40e4-a922-70bdb89d4bf1@group-F1AED5EE4D6F-SegmentedRaftLogWorker for RaftStorage:Storage Directory /workdir/hadoop-ozone/integration-test/target/test-dir/MiniOzoneClusterImpl-9caa682c-a503-45f4-84bb-f8dd249825f6/datanode-0/data/ratis/250a51ea-7cc0-46c5-a5e6-f1aed5ee4d6f
2019-11-14 22:49:23,292 [pool-597-thread-1] INFO  server.RaftServerConfigKeys (ConfUtils.java:logGet(43)) - raft.server.log.write.buffer.size = 33554432 (custom)
2019-11-14 22:49:23,292 [pool-567-thread-1] INFO  segmented.SegmentedRaftLogWorker (SegmentedRaftLogWorker.java:<init>(173)) - new c5c819e6-85b2-482d-9128-e8ea2b7ba4a4@group-F1AED5EE4D6F-SegmentedRaftLogWorker for RaftStorage:Storage Directory /workdir/hadoop-ozone/integration-test/target/test-dir/MiniOzoneClusterImpl-9caa682c-a503-45f4-84bb-f8dd249825f6/datanode-6/data/ratis/250a51ea-7cc0-46c5-a5e6-f1aed5ee4d6f
2019-11-14 22:49:23,292 [pool-597-thread-1] INFO  server.RaftServerConfigKeys (ConfUtils.java:logGet(43)) - raft.server.log.force.sync.num = 128 (default)
2019-11-14 22:49:23,292 [pool-507-thread-1] INFO  server.RaftServerConfigKeys (ConfUtils.java:logGet(43)) - raft.server.log.queue.byte-limit = 2147483647 (custom)
2019-11-14 22:49:23,292 [pool-597-thread-1] INFO  server.RaftServerConfigKeys (ConfUtils.java:logGet(43)) - raft.server.log.statemachine.data.sync = true (default)
2019-11-14 22:49:23,292 [pool-597-thread-1] INFO  server.RaftServerConfigKeys (ConfUtils.java:logGet(43)) - raft.server.log.statemachine.data.sync.timeout = 10s (default)
2019-11-14 22:49:23,292 [pool-567-thread-1] INFO  server.RaftServerConfigKeys (ConfUtils.java:logGet(43)) - raft.server.log.queue.byte-limit = 2147483647 (custom)
2019-11-14 22:49:23,293 [pool-597-thread-1] INFO  server.RaftServerConfigKeys (ConfUtils.java:logGet(43)) - raft.server.log.statemachine.data.sync.timeout.retry = -1 (default)
2019-11-14 22:49:23,292 [pool-507-thread-1] INFO  server.RaftServerConfigKeys (ConfUtils.java:logGet(43)) - raft.server.log.queue.element-limit = 1024 (custom)
2019-11-14 22:49:23,293 [pool-567-thread-1] INFO  server.RaftServerConfigKeys (ConfUtils.java:logGet(43)) - raft.server.log.queue.element-limit = 1024 (custom)
2019-11-14 22:49:23,293 [pool-507-thread-1] INFO  server.RaftServerConfigKeys (ConfUtils.java:logGet(43)) - raft.server.log.segment.size.max = 1048576 (custom)
2019-11-14 22:49:23,293 [pool-597-thread-1] INFO  server.RaftServerConfigKeys (ConfUtils.java:logGet(43)) - raft.server.log.statemachine.data.caching.enabled = true (custom)
2019-11-14 22:49:23,293 [pool-507-thread-1] INFO  server.RaftServerConfigKeys (ConfUtils.java:logGet(43)) - raft.server.log.preallocated.size = 16384 (custom)
2019-11-14 22:49:23,293 [pool-567-thread-1] INFO  server.RaftServerConfigKeys (ConfUtils.java:logGet(43)) - raft.server.log.segment.size.max = 1048576 (custom)
2019-11-14 22:49:23,293 [pool-507-thread-1] INFO  server.RaftServerConfigKeys (ConfUtils.java:logGet(43)) - raft.server.log.write.buffer.size = 33554432 (custom)
2019-11-14 22:49:23,293 [pool-597-thread-1] INFO  segmented.SegmentedRaftLogWorker (SegmentedRaftLogWorker.java:lambda$new$0(128)) - 82d9b010-cdd2-48aa-a03f-c52b44e44827@group-F1AED5EE4D6F-SegmentedRaftLogWorker: flushIndex: setUnconditionally 0 -> -1
2019-11-14 22:49:23,293 [pool-567-thread-1] INFO  server.RaftServerConfigKeys (ConfUtils.java:logGet(43)) - raft.server.log.preallocated.size = 16384 (custom)
2019-11-14 22:49:23,293 [pool-507-thread-1] INFO  server.RaftServerConfigKeys (ConfUtils.java:logGet(43)) - raft.server.log.force.sync.num = 128 (default)
2019-11-14 22:49:23,294 [pool-567-thread-1] INFO  server.RaftServerConfigKeys (ConfUtils.java:logGet(43)) - raft.server.log.write.buffer.size = 33554432 (custom)
2019-11-14 22:49:23,294 [pool-597-thread-1] INFO  server.RaftServerConfigKeys (ConfUtils.java:logGet(43)) - raft.server.snapshot.auto.trigger.enabled = true (custom)
2019-11-14 22:49:23,294 [pool-507-thread-1] INFO  server.RaftServerConfigKeys (ConfUtils.java:logGet(43)) - raft.server.log.statemachine.data.sync = true (default)
2019-11-14 22:49:23,294 [pool-507-thread-1] INFO  server.RaftServerConfigKeys (ConfUtils.java:logGet(43)) - raft.server.log.statemachine.data.sync.timeout = 10s (default)
2019-11-14 22:49:23,294 [pool-597-thread-1] INFO  server.RaftServerConfigKeys (ConfUtils.java:logGet(43)) - raft.server.snapshot.auto.trigger.threshold = 10000 (custom)
2019-11-14 22:49:23,294 [pool-567-thread-1] INFO  server.RaftServerConfigKeys (ConfUtils.java:logGet(43)) - raft.server.log.force.sync.num = 128 (default)
2019-11-14 22:49:23,294 [pool-597-thread-1] INFO  server.RaftServerConfigKeys (ConfUtils.java:logGet(43)) - raft.server.snapshot.retention.file.num = 5 (custom)
2019-11-14 22:49:23,294 [pool-507-thread-1] INFO  server.RaftServerConfigKeys (ConfUtils.java:logGet(43)) - raft.server.log.statemachine.data.sync.timeout.retry = -1 (default)
2019-11-14 22:49:23,294 [pool-567-thread-1] INFO  server.RaftServerConfigKeys (ConfUtils.java:logGet(43)) - raft.server.log.statemachine.data.sync = true (default)
2019-11-14 22:49:23,294 [pool-507-thread-1] INFO  server.RaftServerConfigKeys (ConfUtils.java:logGet(43)) - raft.server.log.statemachine.data.caching.enabled = true (custom)
2019-11-14 22:49:23,294 [pool-597-thread-1] INFO  server.RaftServerConfigKeys (ConfUtils.java:logGet(43)) - raft.server.retrycache.expirytime = 600000ms (custom)
2019-11-14 22:49:23,295 [pool-507-thread-1] INFO  segmented.SegmentedRaftLogWorker (SegmentedRaftLogWorker.java:lambda$new$0(128)) - df16aec3-050f-40e4-a922-70bdb89d4bf1@group-F1AED5EE4D6F-SegmentedRaftLogWorker: flushIndex: setUnconditionally 0 -> -1
2019-11-14 22:49:23,295 [pool-597-thread-1] WARN  impl.MetricRegistriesImpl (MetricRegistriesImpl.java:lambda$create$1(61)) - First MetricRegistry has been created without registering reporters. You may need to call MetricRegistries.global().addReportRegistration(...) before.
2019-11-14 22:49:23,294 [pool-567-thread-1] INFO  server.RaftServerConfigKeys (ConfUtils.java:logGet(43)) - raft.server.log.statemachine.data.sync.timeout = 10s (default)
2019-11-14 22:49:23,295 [pool-597-thread-1] WARN  impl.MetricRegistriesImpl (MetricRegistriesImpl.java:lambda$create$1(61)) - First MetricRegistry has been created without registering reporters. You may need to call MetricRegistries.global().addReportRegistration(...) before.
2019-11-14 22:49:23,295 [pool-507-thread-1] INFO  server.RaftServerConfigKeys (ConfUtils.java:logGet(43)) - raft.server.snapshot.auto.trigger.enabled = true (custom)
2019-11-14 22:49:23,295 [pool-567-thread-1] INFO  server.RaftServerConfigKeys (ConfUtils.java:logGet(43)) - raft.server.log.statemachine.data.sync.timeout.retry = -1 (default)
2019-11-14 22:49:23,295 [pool-597-thread-1] INFO  impl.RaftServerImpl (RaftServerImpl.java:start(184)) - 82d9b010-cdd2-48aa-a03f-c52b44e44827@group-F1AED5EE4D6F: start as a follower, conf=-1: [df16aec3-050f-40e4-a922-70bdb89d4bf1:192.168.69.106:44144, 82d9b010-cdd2-48aa-a03f-c52b44e44827:192.168.69.106:46701, c5c819e6-85b2-482d-9128-e8ea2b7ba4a4:192.168.69.106:40987], old=null
2019-11-14 22:49:23,295 [pool-507-thread-1] INFO  server.RaftServerConfigKeys (ConfUtils.java:logGet(43)) - raft.server.snapshot.auto.trigger.threshold = 10000 (custom)
2019-11-14 22:49:23,295 [pool-597-thread-1] INFO  impl.RaftServerImpl (RaftServerImpl.java:setRole(173)) - 82d9b010-cdd2-48aa-a03f-c52b44e44827@group-F1AED5EE4D6F: changes role from      null to FOLLOWER at term 0 for startAsFollower
2019-11-14 22:49:23,295 [pool-567-thread-1] INFO  server.RaftServerConfigKeys (ConfUtils.java:logGet(43)) - raft.server.log.statemachine.data.caching.enabled = true (custom)
2019-11-14 22:49:23,296 [pool-597-thread-1] INFO  impl.RoleInfo (RoleInfo.java:updateAndGet(143)) - 82d9b010-cdd2-48aa-a03f-c52b44e44827: start FollowerState
2019-11-14 22:49:23,295 [pool-507-thread-1] INFO  server.RaftServerConfigKeys (ConfUtils.java:logGet(43)) - raft.server.snapshot.retention.file.num = 5 (custom)
2019-11-14 22:49:23,296 [pool-567-thread-1] INFO  segmented.SegmentedRaftLogWorker (SegmentedRaftLogWorker.java:lambda$new$0(128)) - c5c819e6-85b2-482d-9128-e8ea2b7ba4a4@group-F1AED5EE4D6F-SegmentedRaftLogWorker: flushIndex: setUnconditionally 0 -> -1
2019-11-14 22:49:23,296 [pool-507-thread-1] INFO  server.RaftServerConfigKeys (ConfUtils.java:logGet(43)) - raft.server.retrycache.expirytime = 600000ms (custom)
2019-11-14 22:49:23,296 [pool-507-thread-1] WARN  impl.MetricRegistriesImpl (MetricRegistriesImpl.java:lambda$create$1(61)) - First MetricRegistry has been created without registering reporters. You may need to call MetricRegistries.global().addReportRegistration(...) before.
2019-11-14 22:49:23,296 [pool-597-thread-1] INFO  util.JmxRegister (JmxRegister.java:tryRegister(44)) - Successfully registered JMX Bean with object name Ratis:service=RaftServer,group=group-F1AED5EE4D6F,id=82d9b010-cdd2-48aa-a03f-c52b44e44827
2019-11-14 22:49:23,296 [pool-567-thread-1] INFO  server.RaftServerConfigKeys (ConfUtils.java:logGet(43)) - raft.server.snapshot.auto.trigger.enabled = true (custom)
2019-11-14 22:49:23,296 [pool-597-thread-1] WARN  impl.MetricRegistriesImpl (MetricRegistriesImpl.java:lambda$create$1(61)) - First MetricRegistry has been created without registering reporters. You may need to call MetricRegistries.global().addReportRegistration(...) before.
2019-11-14 22:49:23,296 [pool-507-thread-1] WARN  impl.MetricRegistriesImpl (MetricRegistriesImpl.java:lambda$create$1(61)) - First MetricRegistry has been created without registering reporters. You may need to call MetricRegistries.global().addReportRegistration(...) before.
2019-11-14 22:49:23,296 [pool-567-thread-1] INFO  server.RaftServerConfigKeys (ConfUtils.java:logGet(43)) - raft.server.snapshot.auto.trigger.threshold = 10000 (custom)
2019-11-14 22:49:23,297 [pool-507-thread-1] INFO  impl.RaftServerImpl (RaftServerImpl.java:start(184)) - df16aec3-050f-40e4-a922-70bdb89d4bf1@group-F1AED5EE4D6F: start as a follower, conf=-1: [df16aec3-050f-40e4-a922-70bdb89d4bf1:192.168.69.106:44144, 82d9b010-cdd2-48aa-a03f-c52b44e44827:192.168.69.106:46701, c5c819e6-85b2-482d-9128-e8ea2b7ba4a4:192.168.69.106:40987], old=null
2019-11-14 22:49:23,297 [pool-567-thread-1] INFO  server.RaftServerConfigKeys (ConfUtils.java:logGet(43)) - raft.server.snapshot.retention.file.num = 5 (custom)
2019-11-14 22:49:23,297 [pool-507-thread-1] INFO  impl.RaftServerImpl (RaftServerImpl.java:setRole(173)) - df16aec3-050f-40e4-a922-70bdb89d4bf1@group-F1AED5EE4D6F: changes role from      null to FOLLOWER at term 0 for startAsFollower
2019-11-14 22:49:23,297 [pool-567-thread-1] INFO  server.RaftServerConfigKeys (ConfUtils.java:logGet(43)) - raft.server.retrycache.expirytime = 600000ms (custom)
2019-11-14 22:49:23,297 [pool-507-thread-1] INFO  impl.RoleInfo (RoleInfo.java:updateAndGet(143)) - df16aec3-050f-40e4-a922-70bdb89d4bf1: start FollowerState
2019-11-14 22:49:23,297 [pool-567-thread-1] WARN  impl.MetricRegistriesImpl (MetricRegistriesImpl.java:lambda$create$1(61)) - First MetricRegistry has been created without registering reporters. You may need to call MetricRegistries.global().addReportRegistration(...) before.
2019-11-14 22:49:23,297 [pool-567-thread-1] WARN  impl.MetricRegistriesImpl (MetricRegistriesImpl.java:lambda$create$1(61)) - First MetricRegistry has been created without registering reporters. You may need to call MetricRegistries.global().addReportRegistration(...) before.
2019-11-14 22:49:23,297 [pool-567-thread-1] INFO  impl.RaftServerImpl (RaftServerImpl.java:start(184)) - c5c819e6-85b2-482d-9128-e8ea2b7ba4a4@group-F1AED5EE4D6F: start as a follower, conf=-1: [df16aec3-050f-40e4-a922-70bdb89d4bf1:192.168.69.106:44144, 82d9b010-cdd2-48aa-a03f-c52b44e44827:192.168.69.106:46701, c5c819e6-85b2-482d-9128-e8ea2b7ba4a4:192.168.69.106:40987], old=null
2019-11-14 22:49:23,297 [pool-507-thread-1] INFO  util.JmxRegister (JmxRegister.java:tryRegister(44)) - Successfully registered JMX Bean with object name Ratis:service=RaftServer,group=group-F1AED5EE4D6F,id=df16aec3-050f-40e4-a922-70bdb89d4bf1
2019-11-14 22:49:23,297 [pool-567-thread-1] INFO  impl.RaftServerImpl (RaftServerImpl.java:setRole(173)) - c5c819e6-85b2-482d-9128-e8ea2b7ba4a4@group-F1AED5EE4D6F: changes role from      null to FOLLOWER at term 0 for startAsFollower
2019-11-14 22:49:23,297 [pool-507-thread-1] WARN  impl.MetricRegistriesImpl (MetricRegistriesImpl.java:lambda$create$1(61)) - First MetricRegistry has been created without registering reporters. You may need to call MetricRegistries.global().addReportRegistration(...) before.
2019-11-14 22:49:23,297 [pool-567-thread-1] INFO  impl.RoleInfo (RoleInfo.java:updateAndGet(143)) - c5c819e6-85b2-482d-9128-e8ea2b7ba4a4: start FollowerState
2019-11-14 22:49:23,298 [pool-567-thread-1] INFO  util.JmxRegister (JmxRegister.java:tryRegister(44)) - Successfully registered JMX Bean with object name Ratis:service=RaftServer,group=group-F1AED5EE4D6F,id=c5c819e6-85b2-482d-9128-e8ea2b7ba4a4
2019-11-14 22:49:23,298 [pool-567-thread-1] WARN  impl.MetricRegistriesImpl (MetricRegistriesImpl.java:lambda$create$1(61)) - First MetricRegistry has been created without registering reporters. You may need to call MetricRegistries.global().addReportRegistration(...) before.
2019-11-14 22:49:23,300 [RatisPipelineUtilsThread] INFO  pipeline.PipelineStateManager (PipelineStateManager.java:addPipeline(55)) - Created pipeline Pipeline[ Id: 250a51ea-7cc0-46c5-a5e6-f1aed5ee4d6f, Nodes: 82d9b010-cdd2-48aa-a03f-c52b44e44827{ip: 192.168.69.106, host: pr-hdds-2494-dtfqw-3996435450, networkLocation: /rack1, certSerialId: null}c5c819e6-85b2-482d-9128-e8ea2b7ba4a4{ip: 192.168.69.106, host: pr-hdds-2494-dtfqw-3996435450, networkLocation: /rack1, certSerialId: null}df16aec3-050f-40e4-a922-70bdb89d4bf1{ip: 192.168.69.106, host: pr-hdds-2494-dtfqw-3996435450, networkLocation: /rack1, certSerialId: null}, Type:RATIS, Factor:THREE, State:ALLOCATED]
2019-11-14 22:49:23,300 [Thread-3434] INFO  pipeline.PipelineStateManager (PipelineStateManager.java:finalizePipeline(121)) - Pipeline Pipeline[ Id: 188ebc17-3e80-41f3-9e48-e8ab2f7ab811, Nodes: ec693a0a-7ab2-40db-baa2-190e1e2b8078{ip: 192.168.69.106, host: pr-hdds-2494-dtfqw-3996435450, networkLocation: /rack1, certSerialId: null}, Type:RATIS, Factor:ONE, State:CLOSED] moved to CLOSED state
2019-11-14 22:49:23,305 [grpc-default-executor-5] INFO  impl.RaftServerProxy (RaftServerProxy.java:remove(95)) - ec693a0a-7ab2-40db-baa2-190e1e2b8078: remove    LEADER ec693a0a-7ab2-40db-baa2-190e1e2b8078@group-E8AB2F7AB811:t1, leader=ec693a0a-7ab2-40db-baa2-190e1e2b8078, voted=ec693a0a-7ab2-40db-baa2-190e1e2b8078, raftlog=ec693a0a-7ab2-40db-baa2-190e1e2b8078@group-E8AB2F7AB811-SegmentedRaftLog:OPENED:c0,f0,i0, conf=0: [ec693a0a-7ab2-40db-baa2-190e1e2b8078:192.168.69.106:46493], old=null RUNNING
2019-11-14 22:49:23,305 [grpc-default-executor-5] INFO  impl.RaftServerImpl (RaftServerImpl.java:lambda$shutdown$3(250)) - ec693a0a-7ab2-40db-baa2-190e1e2b8078@group-E8AB2F7AB811: shutdown
2019-11-14 22:49:23,305 [grpc-default-executor-5] INFO  util.JmxRegister (JmxRegister.java:unregister(73)) - Successfully un-registered JMX Bean with object name Ratis:service=RaftServer,group=group-E8AB2F7AB811,id=ec693a0a-7ab2-40db-baa2-190e1e2b8078
2019-11-14 22:49:23,306 [grpc-default-executor-5] INFO  impl.RoleInfo (RoleInfo.java:shutdownLeaderState(104)) - ec693a0a-7ab2-40db-baa2-190e1e2b8078: shutdown LeaderState
2019-11-14 22:49:23,306 [grpc-default-executor-5] INFO  impl.PendingRequests (PendingRequests.java:sendNotLeaderResponses(206)) - ec693a0a-7ab2-40db-baa2-190e1e2b8078@group-E8AB2F7AB811-PendingRequests: sendNotLeaderResponses
2019-11-14 22:49:23,306 [grpc-default-executor-5] INFO  impl.StateMachineUpdater (StateMachineUpdater.java:stopAndJoin(136)) - ec693a0a-7ab2-40db-baa2-190e1e2b8078@group-E8AB2F7AB811-StateMachineUpdater: set stopIndex = 0
2019-11-14 22:49:23,306 [grpc-default-executor-5] INFO  impl.RaftServerImpl (ServerState.java:close(387)) - ec693a0a-7ab2-40db-baa2-190e1e2b8078@group-E8AB2F7AB811: closes. applyIndex: 0
2019-11-14 22:49:23,307 [ec693a0a-7ab2-40db-baa2-190e1e2b8078@group-E8AB2F7AB811-SegmentedRaftLogWorker] INFO  segmented.SegmentedRaftLogWorker (SegmentedRaftLogWorker.java:run(316)) - ec693a0a-7ab2-40db-baa2-190e1e2b8078@group-E8AB2F7AB811-SegmentedRaftLogWorker was interrupted, exiting. There are 0 tasks remaining in the queue.
2019-11-14 22:49:23,309 [grpc-default-executor-5] INFO  segmented.SegmentedRaftLogWorker (SegmentedRaftLogWorker.java:close(224)) - ec693a0a-7ab2-40db-baa2-190e1e2b8078@group-E8AB2F7AB811-SegmentedRaftLogWorker close()
2019-11-14 22:49:23,314 [Thread-3434] INFO  pipeline.PipelineStateManager (PipelineStateManager.java:removePipeline(106)) - Pipeline Pipeline[ Id: 188ebc17-3e80-41f3-9e48-e8ab2f7ab811, Nodes: ec693a0a-7ab2-40db-baa2-190e1e2b8078{ip: 192.168.69.106, host: pr-hdds-2494-dtfqw-3996435450, networkLocation: /rack1, certSerialId: null}, Type:RATIS, Factor:ONE, State:CLOSED] removed from db
2019-11-14 22:49:23,314 [Thread-3434] INFO  pipeline.SCMPipelineManager (SCMPipelineManager.java:finalizeAndDestroyPipeline(315)) - destroying pipeline:Pipeline[ Id: ac361a41-4301-4768-9258-73c3edc0222e, Nodes: dafdef77-e865-403b-bc5e-c37989f56ddc{ip: 192.168.69.106, host: pr-hdds-2494-dtfqw-3996435450, networkLocation: /rack1, certSerialId: null}, Type:RATIS, Factor:ONE, State:OPEN]
2019-11-14 22:49:23,317 [grpc-default-executor-5] INFO  impl.RaftServerProxy (RaftServerProxy.java:addNew(89)) - ec693a0a-7ab2-40db-baa2-190e1e2b8078: addNew group-568D50F80AF6:[ec693a0a-7ab2-40db-baa2-190e1e2b8078:192.168.69.106:46493] returns group-568D50F80AF6:java.util.concurrent.CompletableFuture@4efc6454[Not completed]
2019-11-14 22:49:23,317 [pool-547-thread-1] INFO  impl.RaftServerImpl (RaftServerImpl.java:<init>(98)) - ec693a0a-7ab2-40db-baa2-190e1e2b8078: new RaftServerImpl for group-568D50F80AF6:[ec693a0a-7ab2-40db-baa2-190e1e2b8078:192.168.69.106:46493] with ContainerStateMachine:uninitialized
2019-11-14 22:49:23,318 [pool-547-thread-1] INFO  server.RaftServerConfigKeys (ConfUtils.java:logGet(43)) - raft.server.rpc.timeout.min = 1s (custom)
2019-11-14 22:49:23,318 [pool-547-thread-1] INFO  server.RaftServerConfigKeys (ConfUtils.java:logGet(43)) - raft.server.rpc.timeout.max = 1200ms (custom)
2019-11-14 22:49:23,318 [pool-547-thread-1] INFO  server.RaftServerConfigKeys (ConfUtils.java:logGet(43)) - raft.server.rpcslowness.timeout = 120s (custom)
2019-11-14 22:49:23,318 [pool-547-thread-1] INFO  server.RaftServerConfigKeys (ConfUtils.java:logGet(43)) - raft.server.sleep.deviation.threshold = 300 (default)
2019-11-14 22:49:23,318 [pool-547-thread-1] INFO  server.RaftServerConfigKeys (ConfUtils.java:logGet(43)) - raft.server.log.appender.install.snapshot.enabled = false (custom)
2019-11-14 22:49:23,318 [pool-547-thread-1] INFO  impl.RaftServerImpl (ServerState.java:<init>(103)) - ec693a0a-7ab2-40db-baa2-190e1e2b8078@group-568D50F80AF6: ConfigurationManager, init=-1: [ec693a0a-7ab2-40db-baa2-190e1e2b8078:192.168.69.106:46493], old=null, confs=<EMPTY_MAP>
2019-11-14 22:49:23,318 [pool-547-thread-1] INFO  server.RaftServerConfigKeys (ConfUtils.java:logGet(43)) - raft.server.storage.dir = [/workdir/hadoop-ozone/integration-test/target/test-dir/MiniOzoneClusterImpl-9caa682c-a503-45f4-84bb-f8dd249825f6/datanode-4/data/ratis] (custom)
2019-11-14 22:49:23,318 [pool-547-thread-1] INFO  server.RaftServerConfigKeys (ConfUtils.java:logGet(43)) - raft.server.log.corruption.policy = EXCEPTION (default)
2019-11-14 22:49:23,319 [pool-547-thread-1] INFO  storage.RaftStorageDirectory (RaftStorageDirectory.java:analyzeStorage(246)) - The storage directory /workdir/hadoop-ozone/integration-test/target/test-dir/MiniOzoneClusterImpl-9caa682c-a503-45f4-84bb-f8dd249825f6/datanode-4/data/ratis/ad49a126-8689-4deb-812f-568d50f80af6 does not exist. Creating ...
2019-11-14 22:49:23,345 [pool-547-thread-1] INFO  storage.RaftStorageDirectory (RaftStorageDirectory.java:tryLock(328)) - Lock on /workdir/hadoop-ozone/integration-test/target/test-dir/MiniOzoneClusterImpl-9caa682c-a503-45f4-84bb-f8dd249825f6/datanode-4/data/ratis/ad49a126-8689-4deb-812f-568d50f80af6/in_use.lock acquired by nodename 339@pr-hdds-2494-dtfqw-3996435450
2019-11-14 22:49:23,373 [pool-547-thread-1] INFO  storage.RaftStorage (RaftStorage.java:format(84)) - Storage directory /workdir/hadoop-ozone/integration-test/target/test-dir/MiniOzoneClusterImpl-9caa682c-a503-45f4-84bb-f8dd249825f6/datanode-4/data/ratis/ad49a126-8689-4deb-812f-568d50f80af6 has been successfully formatted.
2019-11-14 22:49:23,373 [pool-547-thread-1] INFO  ratis.ContainerStateMachine (ContainerStateMachine.java:loadSnapshot(223)) - group-568D50F80AF6: The snapshot info is null. Setting the last applied indexto:(t:0, i:~)
2019-11-14 22:49:23,373 [pool-547-thread-1] INFO  server.RaftServerConfigKeys (ConfUtils.java:logGet(43)) - raft.server.notification.no-leader.timeout = 120s (custom)
2019-11-14 22:49:23,373 [pool-547-thread-1] INFO  server.RaftServerConfigKeys (ConfUtils.java:logGet(43)) - raft.server.log.use.memory = false (default)
2019-11-14 22:49:23,374 [pool-547-thread-1] INFO  server.RaftServerConfigKeys (ConfUtils.java:logGet(43)) - raft.server.log.purge.gap = 1000000 (custom)
2019-11-14 22:49:23,374 [pool-547-thread-1] INFO  server.RaftServerConfigKeys (ConfUtils.java:logGet(43)) - raft.server.log.appender.buffer.byte-limit = 33554432 (custom)
2019-11-14 22:49:23,374 [pool-547-thread-1] INFO  server.RaftServerConfigKeys (ConfUtils.java:logGet(43)) - raft.server.log.segment.size.max = 1048576 (custom)
2019-11-14 22:49:23,374 [pool-547-thread-1] INFO  server.RaftServerConfigKeys (ConfUtils.java:logGet(43)) - raft.server.log.segment.cache.num.max = 2 (custom)
2019-11-14 22:49:23,374 [pool-547-thread-1] INFO  segmented.SegmentedRaftLogWorker (SegmentedRaftLogWorker.java:<init>(173)) - new ec693a0a-7ab2-40db-baa2-190e1e2b8078@group-568D50F80AF6-SegmentedRaftLogWorker for RaftStorage:Storage Directory /workdir/hadoop-ozone/integration-test/target/test-dir/MiniOzoneClusterImpl-9caa682c-a503-45f4-84bb-f8dd249825f6/datanode-4/data/ratis/ad49a126-8689-4deb-812f-568d50f80af6
2019-11-14 22:49:23,374 [pool-547-thread-1] INFO  server.RaftServerConfigKeys (ConfUtils.java:logGet(43)) - raft.server.log.queue.byte-limit = 2147483647 (custom)
2019-11-14 22:49:23,374 [pool-547-thread-1] INFO  server.RaftServerConfigKeys (ConfUtils.java:logGet(43)) - raft.server.log.queue.element-limit = 1024 (custom)
2019-11-14 22:49:23,374 [pool-547-thread-1] INFO  server.RaftServerConfigKeys (ConfUtils.java:logGet(43)) - raft.server.log.segment.size.max = 1048576 (custom)
2019-11-14 22:49:23,374 [pool-547-thread-1] INFO  server.RaftServerConfigKeys (ConfUtils.java:logGet(43)) - raft.server.log.preallocated.size = 16384 (custom)
2019-11-14 22:49:23,374 [pool-547-thread-1] INFO  server.RaftServerConfigKeys (ConfUtils.java:logGet(43)) - raft.server.log.write.buffer.size = 33554432 (custom)
2019-11-14 22:49:23,374 [pool-547-thread-1] INFO  server.RaftServerConfigKeys (ConfUtils.java:logGet(43)) - raft.server.log.force.sync.num = 128 (default)
2019-11-14 22:49:23,374 [pool-547-thread-1] INFO  server.RaftServerConfigKeys (ConfUtils.java:logGet(43)) - raft.server.log.statemachine.data.sync = true (default)
2019-11-14 22:49:23,374 [pool-547-thread-1] INFO  server.RaftServerConfigKeys (ConfUtils.java:logGet(43)) - raft.server.log.statemachine.data.sync.timeout = 10s (default)
2019-11-14 22:49:23,374 [pool-547-thread-1] INFO  server.RaftServerConfigKeys (ConfUtils.java:logGet(43)) - raft.server.log.statemachine.data.sync.timeout.retry = -1 (default)
2019-11-14 22:49:23,374 [pool-547-thread-1] INFO  server.RaftServerConfigKeys (ConfUtils.java:logGet(43)) - raft.server.log.statemachine.data.caching.enabled = true (custom)
2019-11-14 22:49:23,375 [pool-547-thread-1] INFO  segmented.SegmentedRaftLogWorker (SegmentedRaftLogWorker.java:lambda$new$0(128)) - ec693a0a-7ab2-40db-baa2-190e1e2b8078@group-568D50F80AF6-SegmentedRaftLogWorker: flushIndex: setUnconditionally 0 -> -1
2019-11-14 22:49:23,375 [pool-547-thread-1] INFO  server.RaftServerConfigKeys (ConfUtils.java:logGet(43)) - raft.server.snapshot.auto.trigger.enabled = true (custom)
2019-11-14 22:49:23,375 [pool-547-thread-1] INFO  server.RaftServerConfigKeys (ConfUtils.java:logGet(43)) - raft.server.snapshot.auto.trigger.threshold = 10000 (custom)
2019-11-14 22:49:23,375 [pool-547-thread-1] INFO  server.RaftServerConfigKeys (ConfUtils.java:logGet(43)) - raft.server.snapshot.retention.file.num = 5 (custom)
2019-11-14 22:49:23,375 [pool-547-thread-1] INFO  server.RaftServerConfigKeys (ConfUtils.java:logGet(43)) - raft.server.retrycache.expirytime = 600000ms (custom)
2019-11-14 22:49:23,375 [pool-547-thread-1] WARN  impl.MetricRegistriesImpl (MetricRegistriesImpl.java:lambda$create$1(61)) - First MetricRegistry has been created without registering reporters. You may need to call MetricRegistries.global().addReportRegistration(...) before.
2019-11-14 22:49:23,375 [pool-547-thread-1] WARN  impl.MetricRegistriesImpl (MetricRegistriesImpl.java:lambda$create$1(61)) - First MetricRegistry has been created without registering reporters. You may need to call MetricRegistries.global().addReportRegistration(...) before.
2019-11-14 22:49:23,375 [pool-547-thread-1] INFO  impl.RaftServerImpl (RaftServerImpl.java:start(184)) - ec693a0a-7ab2-40db-baa2-190e1e2b8078@group-568D50F80AF6: start as a follower, conf=-1: [ec693a0a-7ab2-40db-baa2-190e1e2b8078:192.168.69.106:46493], old=null
2019-11-14 22:49:23,375 [pool-547-thread-1] INFO  impl.RaftServerImpl (RaftServerImpl.java:setRole(173)) - ec693a0a-7ab2-40db-baa2-190e1e2b8078@group-568D50F80AF6: changes role from      null to FOLLOWER at term 0 for startAsFollower
2019-11-14 22:49:23,376 [pool-547-thread-1] INFO  impl.RoleInfo (RoleInfo.java:updateAndGet(143)) - ec693a0a-7ab2-40db-baa2-190e1e2b8078: start FollowerState
2019-11-14 22:49:23,376 [pool-547-thread-1] INFO  util.JmxRegister (JmxRegister.java:tryRegister(44)) - Successfully registered JMX Bean with object name Ratis:service=RaftServer,group=group-568D50F80AF6,id=ec693a0a-7ab2-40db-baa2-190e1e2b8078
2019-11-14 22:49:23,376 [pool-547-thread-1] WARN  impl.MetricRegistriesImpl (MetricRegistriesImpl.java:lambda$create$1(61)) - First MetricRegistry has been created without registering reporters. You may need to call MetricRegistries.global().addReportRegistration(...) before.
2019-11-14 22:49:23,377 [RatisPipelineUtilsThread] INFO  pipeline.PipelineStateManager (PipelineStateManager.java:addPipeline(55)) - Created pipeline Pipeline[ Id: ad49a126-8689-4deb-812f-568d50f80af6, Nodes: ec693a0a-7ab2-40db-baa2-190e1e2b8078{ip: 192.168.69.106, host: pr-hdds-2494-dtfqw-3996435450, networkLocation: /rack1, certSerialId: null}, Type:RATIS, Factor:ONE, State:ALLOCATED]
2019-11-14 22:49:23,378 [Thread-3434] INFO  pipeline.PipelineStateManager (PipelineStateManager.java:finalizePipeline(121)) - Pipeline Pipeline[ Id: ac361a41-4301-4768-9258-73c3edc0222e, Nodes: dafdef77-e865-403b-bc5e-c37989f56ddc{ip: 192.168.69.106, host: pr-hdds-2494-dtfqw-3996435450, networkLocation: /rack1, certSerialId: null}, Type:RATIS, Factor:ONE, State:CLOSED] moved to CLOSED state
2019-11-14 22:49:23,380 [grpc-default-executor-9] INFO  impl.RaftServerProxy (RaftServerProxy.java:remove(95)) - dafdef77-e865-403b-bc5e-c37989f56ddc: remove    LEADER dafdef77-e865-403b-bc5e-c37989f56ddc@group-73C3EDC0222E:t1, leader=dafdef77-e865-403b-bc5e-c37989f56ddc, voted=dafdef77-e865-403b-bc5e-c37989f56ddc, raftlog=dafdef77-e865-403b-bc5e-c37989f56ddc@group-73C3EDC0222E-SegmentedRaftLog:OPENED:c0,f0,i0, conf=0: [dafdef77-e865-403b-bc5e-c37989f56ddc:192.168.69.106:34201], old=null RUNNING
2019-11-14 22:49:23,380 [grpc-default-executor-9] INFO  impl.RaftServerImpl (RaftServerImpl.java:lambda$shutdown$3(250)) - dafdef77-e865-403b-bc5e-c37989f56ddc@group-73C3EDC0222E: shutdown
2019-11-14 22:49:23,380 [grpc-default-executor-9] INFO  util.JmxRegister (JmxRegister.java:unregister(73)) - Successfully un-registered JMX Bean with object name Ratis:service=RaftServer,group=group-73C3EDC0222E,id=dafdef77-e865-403b-bc5e-c37989f56ddc
2019-11-14 22:49:23,380 [grpc-default-executor-9] INFO  impl.RoleInfo (RoleInfo.java:shutdownLeaderState(104)) - dafdef77-e865-403b-bc5e-c37989f56ddc: shutdown LeaderState
2019-11-14 22:49:23,380 [grpc-default-executor-9] INFO  impl.PendingRequests (PendingRequests.java:sendNotLeaderResponses(206)) - dafdef77-e865-403b-bc5e-c37989f56ddc@group-73C3EDC0222E-PendingRequests: sendNotLeaderResponses
2019-11-14 22:49:23,381 [grpc-default-executor-9] INFO  impl.StateMachineUpdater (StateMachineUpdater.java:stopAndJoin(136)) - dafdef77-e865-403b-bc5e-c37989f56ddc@group-73C3EDC0222E-StateMachineUpdater: set stopIndex = 0
2019-11-14 22:49:23,381 [grpc-default-executor-9] INFO  impl.RaftServerImpl (ServerState.java:close(387)) - dafdef77-e865-403b-bc5e-c37989f56ddc@group-73C3EDC0222E: closes. applyIndex: 0
2019-11-14 22:49:23,381 [dafdef77-e865-403b-bc5e-c37989f56ddc@group-73C3EDC0222E-SegmentedRaftLogWorker] INFO  segmented.SegmentedRaftLogWorker (SegmentedRaftLogWorker.java:run(316)) - dafdef77-e865-403b-bc5e-c37989f56ddc@group-73C3EDC0222E-SegmentedRaftLogWorker was interrupted, exiting. There are 0 tasks remaining in the queue.
2019-11-14 22:49:23,384 [grpc-default-executor-9] INFO  segmented.SegmentedRaftLogWorker (SegmentedRaftLogWorker.java:close(224)) - dafdef77-e865-403b-bc5e-c37989f56ddc@group-73C3EDC0222E-SegmentedRaftLogWorker close()
2019-11-14 22:49:23,399 [Thread-3434] INFO  pipeline.PipelineStateManager (PipelineStateManager.java:removePipeline(106)) - Pipeline Pipeline[ Id: ac361a41-4301-4768-9258-73c3edc0222e, Nodes: dafdef77-e865-403b-bc5e-c37989f56ddc{ip: 192.168.69.106, host: pr-hdds-2494-dtfqw-3996435450, networkLocation: /rack1, certSerialId: null}, Type:RATIS, Factor:ONE, State:CLOSED] removed from db
2019-11-14 22:49:23,399 [Thread-3434] INFO  pipeline.SCMPipelineManager (SCMPipelineManager.java:finalizeAndDestroyPipeline(315)) - destroying pipeline:Pipeline[ Id: 0ac1c84d-f8f0-4c09-b350-bf93e228ad33, Nodes: e9302b19-2241-48e3-b0d0-f92620d14c53{ip: 192.168.69.106, host: pr-hdds-2494-dtfqw-3996435450, networkLocation: /rack1, certSerialId: null}, Type:RATIS, Factor:ONE, State:OPEN]
2019-11-14 22:49:23,402 [grpc-default-executor-9] INFO  impl.RaftServerProxy (RaftServerProxy.java:addNew(89)) - dafdef77-e865-403b-bc5e-c37989f56ddc: addNew group-BF4392B51D0C:[dafdef77-e865-403b-bc5e-c37989f56ddc:192.168.69.106:34201] returns group-BF4392B51D0C:java.util.concurrent.CompletableFuture@7db7b95e[Not completed]
2019-11-14 22:49:23,403 [pool-517-thread-1] INFO  impl.RaftServerImpl (RaftServerImpl.java:<init>(98)) - dafdef77-e865-403b-bc5e-c37989f56ddc: new RaftServerImpl for group-BF4392B51D0C:[dafdef77-e865-403b-bc5e-c37989f56ddc:192.168.69.106:34201] with ContainerStateMachine:uninitialized
2019-11-14 22:49:23,403 [pool-517-thread-1] INFO  server.RaftServerConfigKeys (ConfUtils.java:logGet(43)) - raft.server.rpc.timeout.min = 1s (custom)
2019-11-14 22:49:23,403 [pool-517-thread-1] INFO  server.RaftServerConfigKeys (ConfUtils.java:logGet(43)) - raft.server.rpc.timeout.max = 1200ms (custom)
2019-11-14 22:49:23,403 [pool-517-thread-1] INFO  server.RaftServerConfigKeys (ConfUtils.java:logGet(43)) - raft.server.rpcslowness.timeout = 120s (custom)
2019-11-14 22:49:23,403 [pool-517-thread-1] INFO  server.RaftServerConfigKeys (ConfUtils.java:logGet(43)) - raft.server.sleep.deviation.threshold = 300 (default)
2019-11-14 22:49:23,403 [pool-517-thread-1] INFO  server.RaftServerConfigKeys (ConfUtils.java:logGet(43)) - raft.server.log.appender.install.snapshot.enabled = false (custom)
2019-11-14 22:49:23,403 [pool-517-thread-1] INFO  impl.RaftServerImpl (ServerState.java:<init>(103)) - dafdef77-e865-403b-bc5e-c37989f56ddc@group-BF4392B51D0C: ConfigurationManager, init=-1: [dafdef77-e865-403b-bc5e-c37989f56ddc:192.168.69.106:34201], old=null, confs=<EMPTY_MAP>
2019-11-14 22:49:23,403 [pool-517-thread-1] INFO  server.RaftServerConfigKeys (ConfUtils.java:logGet(43)) - raft.server.storage.dir = [/workdir/hadoop-ozone/integration-test/target/test-dir/MiniOzoneClusterImpl-9caa682c-a503-45f4-84bb-f8dd249825f6/datanode-1/data/ratis] (custom)
2019-11-14 22:49:23,403 [pool-517-thread-1] INFO  server.RaftServerConfigKeys (ConfUtils.java:logGet(43)) - raft.server.log.corruption.policy = EXCEPTION (default)
2019-11-14 22:49:23,404 [pool-517-thread-1] INFO  storage.RaftStorageDirectory (RaftStorageDirectory.java:analyzeStorage(246)) - The storage directory /workdir/hadoop-ozone/integration-test/target/test-dir/MiniOzoneClusterImpl-9caa682c-a503-45f4-84bb-f8dd249825f6/datanode-1/data/ratis/42c95c97-d4f3-4eb9-8a5e-bf4392b51d0c does not exist. Creating ...
2019-11-14 22:49:23,424 [pool-517-thread-1] INFO  storage.RaftStorageDirectory (RaftStorageDirectory.java:tryLock(328)) - Lock on /workdir/hadoop-ozone/integration-test/target/test-dir/MiniOzoneClusterImpl-9caa682c-a503-45f4-84bb-f8dd249825f6/datanode-1/data/ratis/42c95c97-d4f3-4eb9-8a5e-bf4392b51d0c/in_use.lock acquired by nodename 339@pr-hdds-2494-dtfqw-3996435450
2019-11-14 22:49:23,440 [pool-517-thread-1] INFO  storage.RaftStorage (RaftStorage.java:format(84)) - Storage directory /workdir/hadoop-ozone/integration-test/target/test-dir/MiniOzoneClusterImpl-9caa682c-a503-45f4-84bb-f8dd249825f6/datanode-1/data/ratis/42c95c97-d4f3-4eb9-8a5e-bf4392b51d0c has been successfully formatted.
2019-11-14 22:49:23,441 [pool-517-thread-1] INFO  ratis.ContainerStateMachine (ContainerStateMachine.java:loadSnapshot(223)) - group-BF4392B51D0C: The snapshot info is null. Setting the last applied indexto:(t:0, i:~)
2019-11-14 22:49:23,441 [pool-517-thread-1] INFO  server.RaftServerConfigKeys (ConfUtils.java:logGet(43)) - raft.server.notification.no-leader.timeout = 120s (custom)
2019-11-14 22:49:23,441 [pool-517-thread-1] INFO  server.RaftServerConfigKeys (ConfUtils.java:logGet(43)) - raft.server.log.use.memory = false (default)
2019-11-14 22:49:23,441 [pool-517-thread-1] INFO  server.RaftServerConfigKeys (ConfUtils.java:logGet(43)) - raft.server.log.purge.gap = 1000000 (custom)
2019-11-14 22:49:23,441 [pool-517-thread-1] INFO  server.RaftServerConfigKeys (ConfUtils.java:logGet(43)) - raft.server.log.appender.buffer.byte-limit = 33554432 (custom)
2019-11-14 22:49:23,441 [pool-517-thread-1] INFO  server.RaftServerConfigKeys (ConfUtils.java:logGet(43)) - raft.server.log.segment.size.max = 1048576 (custom)
2019-11-14 22:49:23,441 [pool-517-thread-1] INFO  server.RaftServerConfigKeys (ConfUtils.java:logGet(43)) - raft.server.log.segment.cache.num.max = 2 (custom)
2019-11-14 22:49:23,442 [pool-517-thread-1] INFO  segmented.SegmentedRaftLogWorker (SegmentedRaftLogWorker.java:<init>(173)) - new dafdef77-e865-403b-bc5e-c37989f56ddc@group-BF4392B51D0C-SegmentedRaftLogWorker for RaftStorage:Storage Directory /workdir/hadoop-ozone/integration-test/target/test-dir/MiniOzoneClusterImpl-9caa682c-a503-45f4-84bb-f8dd249825f6/datanode-1/data/ratis/42c95c97-d4f3-4eb9-8a5e-bf4392b51d0c
2019-11-14 22:49:23,442 [pool-517-thread-1] INFO  server.RaftServerConfigKeys (ConfUtils.java:logGet(43)) - raft.server.log.queue.byte-limit = 2147483647 (custom)
2019-11-14 22:49:23,442 [pool-517-thread-1] INFO  server.RaftServerConfigKeys (ConfUtils.java:logGet(43)) - raft.server.log.queue.element-limit = 1024 (custom)
2019-11-14 22:49:23,442 [pool-517-thread-1] INFO  server.RaftServerConfigKeys (ConfUtils.java:logGet(43)) - raft.server.log.segment.size.max = 1048576 (custom)
2019-11-14 22:49:23,442 [pool-517-thread-1] INFO  server.RaftServerConfigKeys (ConfUtils.java:logGet(43)) - raft.server.log.preallocated.size = 16384 (custom)
2019-11-14 22:49:23,442 [pool-517-thread-1] INFO  server.RaftServerConfigKeys (ConfUtils.java:logGet(43)) - raft.server.log.write.buffer.size = 33554432 (custom)
2019-11-14 22:49:23,442 [pool-517-thread-1] INFO  server.RaftServerConfigKeys (ConfUtils.java:logGet(43)) - raft.server.log.force.sync.num = 128 (default)
2019-11-14 22:49:23,442 [pool-517-thread-1] INFO  server.RaftServerConfigKeys (ConfUtils.java:logGet(43)) - raft.server.log.statemachine.data.sync = true (default)
2019-11-14 22:49:23,442 [pool-517-thread-1] INFO  server.RaftServerConfigKeys (ConfUtils.java:logGet(43)) - raft.server.log.statemachine.data.sync.timeout = 10s (default)
2019-11-14 22:49:23,442 [pool-517-thread-1] INFO  server.RaftServerConfigKeys (ConfUtils.java:logGet(43)) - raft.server.log.statemachine.data.sync.timeout.retry = -1 (default)
2019-11-14 22:49:23,442 [pool-517-thread-1] INFO  server.RaftServerConfigKeys (ConfUtils.java:logGet(43)) - raft.server.log.statemachine.data.caching.enabled = true (custom)
2019-11-14 22:49:23,442 [pool-517-thread-1] INFO  segmented.SegmentedRaftLogWorker (SegmentedRaftLogWorker.java:lambda$new$0(128)) - dafdef77-e865-403b-bc5e-c37989f56ddc@group-BF4392B51D0C-SegmentedRaftLogWorker: flushIndex: setUnconditionally 0 -> -1
2019-11-14 22:49:23,443 [pool-517-thread-1] INFO  server.RaftServerConfigKeys (ConfUtils.java:logGet(43)) - raft.server.snapshot.auto.trigger.enabled = true (custom)
2019-11-14 22:49:23,443 [pool-517-thread-1] INFO  server.RaftServerConfigKeys (ConfUtils.java:logGet(43)) - raft.server.snapshot.auto.trigger.threshold = 10000 (custom)
2019-11-14 22:49:23,443 [pool-517-thread-1] INFO  server.RaftServerConfigKeys (ConfUtils.java:logGet(43)) - raft.server.snapshot.retention.file.num = 5 (custom)
2019-11-14 22:49:23,443 [pool-517-thread-1] INFO  server.RaftServerConfigKeys (ConfUtils.java:logGet(43)) - raft.server.retrycache.expirytime = 600000ms (custom)
2019-11-14 22:49:23,443 [pool-517-thread-1] WARN  impl.MetricRegistriesImpl (MetricRegistriesImpl.java:lambda$create$1(61)) - First MetricRegistry has been created without registering reporters. You may need to call MetricRegistries.global().addReportRegistration(...) before.
2019-11-14 22:49:23,443 [pool-517-thread-1] WARN  impl.MetricRegistriesImpl (MetricRegistriesImpl.java:lambda$create$1(61)) - First MetricRegistry has been created without registering reporters. You may need to call MetricRegistries.global().addReportRegistration(...) before.
2019-11-14 22:49:23,443 [pool-517-thread-1] INFO  impl.RaftServerImpl (RaftServerImpl.java:start(184)) - dafdef77-e865-403b-bc5e-c37989f56ddc@group-BF4392B51D0C: start as a follower, conf=-1: [dafdef77-e865-403b-bc5e-c37989f56ddc:192.168.69.106:34201], old=null
2019-11-14 22:49:23,443 [pool-517-thread-1] INFO  impl.RaftServerImpl (RaftServerImpl.java:setRole(173)) - dafdef77-e865-403b-bc5e-c37989f56ddc@group-BF4392B51D0C: changes role from      null to FOLLOWER at term 0 for startAsFollower
2019-11-14 22:49:23,443 [pool-517-thread-1] INFO  impl.RoleInfo (RoleInfo.java:updateAndGet(143)) - dafdef77-e865-403b-bc5e-c37989f56ddc: start FollowerState
2019-11-14 22:49:23,444 [pool-517-thread-1] INFO  util.JmxRegister (JmxRegister.java:tryRegister(44)) - Successfully registered JMX Bean with object name Ratis:service=RaftServer,group=group-BF4392B51D0C,id=dafdef77-e865-403b-bc5e-c37989f56ddc
2019-11-14 22:49:23,444 [pool-517-thread-1] WARN  impl.MetricRegistriesImpl (MetricRegistriesImpl.java:lambda$create$1(61)) - First MetricRegistry has been created without registering reporters. You may need to call MetricRegistries.global().addReportRegistration(...) before.
2019-11-14 22:49:23,446 [RatisPipelineUtilsThread] INFO  pipeline.PipelineStateManager (PipelineStateManager.java:addPipeline(55)) - Created pipeline Pipeline[ Id: 42c95c97-d4f3-4eb9-8a5e-bf4392b51d0c, Nodes: dafdef77-e865-403b-bc5e-c37989f56ddc{ip: 192.168.69.106, host: pr-hdds-2494-dtfqw-3996435450, networkLocation: /rack1, certSerialId: null}, Type:RATIS, Factor:ONE, State:ALLOCATED]
2019-11-14 22:49:23,457 [Thread-3434] INFO  pipeline.PipelineStateManager (PipelineStateManager.java:finalizePipeline(121)) - Pipeline Pipeline[ Id: 0ac1c84d-f8f0-4c09-b350-bf93e228ad33, Nodes: e9302b19-2241-48e3-b0d0-f92620d14c53{ip: 192.168.69.106, host: pr-hdds-2494-dtfqw-3996435450, networkLocation: /rack1, certSerialId: null}, Type:RATIS, Factor:ONE, State:CLOSED] moved to CLOSED state
2019-11-14 22:49:23,459 [grpc-default-executor-9] INFO  impl.RaftServerProxy (RaftServerProxy.java:remove(95)) - e9302b19-2241-48e3-b0d0-f92620d14c53: remove    LEADER e9302b19-2241-48e3-b0d0-f92620d14c53@group-BF93E228AD33:t1, leader=e9302b19-2241-48e3-b0d0-f92620d14c53, voted=e9302b19-2241-48e3-b0d0-f92620d14c53, raftlog=e9302b19-2241-48e3-b0d0-f92620d14c53@group-BF93E228AD33-SegmentedRaftLog:OPENED:c0,f0,i0, conf=0: [e9302b19-2241-48e3-b0d0-f92620d14c53:192.168.69.106:32896], old=null RUNNING
2019-11-14 22:49:23,460 [grpc-default-executor-9] INFO  impl.RaftServerImpl (RaftServerImpl.java:lambda$shutdown$3(250)) - e9302b19-2241-48e3-b0d0-f92620d14c53@group-BF93E228AD33: shutdown
2019-11-14 22:49:23,460 [grpc-default-executor-9] INFO  util.JmxRegister (JmxRegister.java:unregister(73)) - Successfully un-registered JMX Bean with object name Ratis:service=RaftServer,group=group-BF93E228AD33,id=e9302b19-2241-48e3-b0d0-f92620d14c53
2019-11-14 22:49:23,460 [grpc-default-executor-9] INFO  impl.RoleInfo (RoleInfo.java:shutdownLeaderState(104)) - e9302b19-2241-48e3-b0d0-f92620d14c53: shutdown LeaderState
2019-11-14 22:49:23,460 [grpc-default-executor-9] INFO  impl.PendingRequests (PendingRequests.java:sendNotLeaderResponses(206)) - e9302b19-2241-48e3-b0d0-f92620d14c53@group-BF93E228AD33-PendingRequests: sendNotLeaderResponses
2019-11-14 22:49:23,460 [grpc-default-executor-9] INFO  impl.StateMachineUpdater (StateMachineUpdater.java:stopAndJoin(136)) - e9302b19-2241-48e3-b0d0-f92620d14c53@group-BF93E228AD33-StateMachineUpdater: set stopIndex = 0
2019-11-14 22:49:23,460 [grpc-default-executor-9] INFO  impl.RaftServerImpl (ServerState.java:close(387)) - e9302b19-2241-48e3-b0d0-f92620d14c53@group-BF93E228AD33: closes. applyIndex: 0
2019-11-14 22:49:23,461 [e9302b19-2241-48e3-b0d0-f92620d14c53@group-BF93E228AD33-SegmentedRaftLogWorker] INFO  segmented.SegmentedRaftLogWorker (SegmentedRaftLogWorker.java:run(316)) - e9302b19-2241-48e3-b0d0-f92620d14c53@group-BF93E228AD33-SegmentedRaftLogWorker was interrupted, exiting. There are 0 tasks remaining in the queue.
2019-11-14 22:49:23,468 [grpc-default-executor-9] INFO  segmented.SegmentedRaftLogWorker (SegmentedRaftLogWorker.java:close(224)) - e9302b19-2241-48e3-b0d0-f92620d14c53@group-BF93E228AD33-SegmentedRaftLogWorker close()
2019-11-14 22:49:23,474 [Thread-3434] INFO  pipeline.PipelineStateManager (PipelineStateManager.java:removePipeline(106)) - Pipeline Pipeline[ Id: 0ac1c84d-f8f0-4c09-b350-bf93e228ad33, Nodes: e9302b19-2241-48e3-b0d0-f92620d14c53{ip: 192.168.69.106, host: pr-hdds-2494-dtfqw-3996435450, networkLocation: /rack1, certSerialId: null}, Type:RATIS, Factor:ONE, State:CLOSED] removed from db
2019-11-14 22:49:23,474 [Thread-3434] INFO  pipeline.SCMPipelineManager (SCMPipelineManager.java:finalizeAndDestroyPipeline(315)) - destroying pipeline:Pipeline[ Id: e54ec45e-ad6c-47c7-a623-bf3b0723c2f2, Nodes: 58f72cb5-8974-4d0e-9564-cfe3e68dc671{ip: 192.168.69.106, host: pr-hdds-2494-dtfqw-3996435450, networkLocation: /rack1, certSerialId: null}7d8f40ed-fc7e-4283-96c6-8f8f645c1bfe{ip: 192.168.69.106, host: pr-hdds-2494-dtfqw-3996435450, networkLocation: /rack1, certSerialId: null}720981dd-80b6-4b59-8027-74344e9fba7b{ip: 192.168.69.106, host: pr-hdds-2494-dtfqw-3996435450, networkLocation: /rack1, certSerialId: null}, Type:RATIS, Factor:THREE, State:OPEN]
2019-11-14 22:49:23,479 [grpc-default-executor-9] INFO  impl.RaftServerProxy (RaftServerProxy.java:addNew(89)) - e9302b19-2241-48e3-b0d0-f92620d14c53: addNew group-EFF334143AD9:[e9302b19-2241-48e3-b0d0-f92620d14c53:192.168.69.106:32896] returns group-EFF334143AD9:java.util.concurrent.CompletableFuture@a980cac[Not completed]
2019-11-14 22:49:23,480 [pool-557-thread-1] INFO  impl.RaftServerImpl (RaftServerImpl.java:<init>(98)) - e9302b19-2241-48e3-b0d0-f92620d14c53: new RaftServerImpl for group-EFF334143AD9:[e9302b19-2241-48e3-b0d0-f92620d14c53:192.168.69.106:32896] with ContainerStateMachine:uninitialized
2019-11-14 22:49:23,480 [pool-557-thread-1] INFO  server.RaftServerConfigKeys (ConfUtils.java:logGet(43)) - raft.server.rpc.timeout.min = 1s (custom)
2019-11-14 22:49:23,480 [pool-557-thread-1] INFO  server.RaftServerConfigKeys (ConfUtils.java:logGet(43)) - raft.server.rpc.timeout.max = 1200ms (custom)
2019-11-14 22:49:23,480 [pool-557-thread-1] INFO  server.RaftServerConfigKeys (ConfUtils.java:logGet(43)) - raft.server.rpcslowness.timeout = 120s (custom)
2019-11-14 22:49:23,480 [pool-557-thread-1] INFO  server.RaftServerConfigKeys (ConfUtils.java:logGet(43)) - raft.server.sleep.deviation.threshold = 300 (default)
2019-11-14 22:49:23,480 [pool-557-thread-1] INFO  server.RaftServerConfigKeys (ConfUtils.java:logGet(43)) - raft.server.log.appender.install.snapshot.enabled = false (custom)
2019-11-14 22:49:23,480 [pool-557-thread-1] INFO  impl.RaftServerImpl (ServerState.java:<init>(103)) - e9302b19-2241-48e3-b0d0-f92620d14c53@group-EFF334143AD9: ConfigurationManager, init=-1: [e9302b19-2241-48e3-b0d0-f92620d14c53:192.168.69.106:32896], old=null, confs=<EMPTY_MAP>
2019-11-14 22:49:23,480 [pool-557-thread-1] INFO  server.RaftServerConfigKeys (ConfUtils.java:logGet(43)) - raft.server.storage.dir = [/workdir/hadoop-ozone/integration-test/target/test-dir/MiniOzoneClusterImpl-9caa682c-a503-45f4-84bb-f8dd249825f6/datanode-5/data/ratis] (custom)
2019-11-14 22:49:23,489 [pool-557-thread-1] INFO  server.RaftServerConfigKeys (ConfUtils.java:logGet(43)) - raft.server.log.corruption.policy = EXCEPTION (default)
2019-11-14 22:49:23,489 [pool-557-thread-1] INFO  storage.RaftStorageDirectory (RaftStorageDirectory.java:analyzeStorage(246)) - The storage directory /workdir/hadoop-ozone/integration-test/target/test-dir/MiniOzoneClusterImpl-9caa682c-a503-45f4-84bb-f8dd249825f6/datanode-5/data/ratis/4273ac8c-01a8-491c-b420-eff334143ad9 does not exist. Creating ...
2019-11-14 22:49:23,516 [pool-557-thread-1] INFO  storage.RaftStorageDirectory (RaftStorageDirectory.java:tryLock(328)) - Lock on /workdir/hadoop-ozone/integration-test/target/test-dir/MiniOzoneClusterImpl-9caa682c-a503-45f4-84bb-f8dd249825f6/datanode-5/data/ratis/4273ac8c-01a8-491c-b420-eff334143ad9/in_use.lock acquired by nodename 339@pr-hdds-2494-dtfqw-3996435450
2019-11-14 22:49:23,533 [pool-557-thread-1] INFO  storage.RaftStorage (RaftStorage.java:format(84)) - Storage directory /workdir/hadoop-ozone/integration-test/target/test-dir/MiniOzoneClusterImpl-9caa682c-a503-45f4-84bb-f8dd249825f6/datanode-5/data/ratis/4273ac8c-01a8-491c-b420-eff334143ad9 has been successfully formatted.
2019-11-14 22:49:23,533 [pool-557-thread-1] INFO  ratis.ContainerStateMachine (ContainerStateMachine.java:loadSnapshot(223)) - group-EFF334143AD9: The snapshot info is null. Setting the last applied indexto:(t:0, i:~)
2019-11-14 22:49:23,533 [pool-557-thread-1] INFO  server.RaftServerConfigKeys (ConfUtils.java:logGet(43)) - raft.server.notification.no-leader.timeout = 120s (custom)
2019-11-14 22:49:23,533 [pool-557-thread-1] INFO  server.RaftServerConfigKeys (ConfUtils.java:logGet(43)) - raft.server.log.use.memory = false (default)
2019-11-14 22:49:23,534 [pool-557-thread-1] INFO  server.RaftServerConfigKeys (ConfUtils.java:logGet(43)) - raft.server.log.purge.gap = 1000000 (custom)
2019-11-14 22:49:23,534 [pool-557-thread-1] INFO  server.RaftServerConfigKeys (ConfUtils.java:logGet(43)) - raft.server.log.appender.buffer.byte-limit = 33554432 (custom)
2019-11-14 22:49:23,534 [pool-557-thread-1] INFO  server.RaftServerConfigKeys (ConfUtils.java:logGet(43)) - raft.server.log.segment.size.max = 1048576 (custom)
2019-11-14 22:49:23,534 [pool-557-thread-1] INFO  server.RaftServerConfigKeys (ConfUtils.java:logGet(43)) - raft.server.log.segment.cache.num.max = 2 (custom)
2019-11-14 22:49:23,534 [pool-557-thread-1] INFO  segmented.SegmentedRaftLogWorker (SegmentedRaftLogWorker.java:<init>(173)) - new e9302b19-2241-48e3-b0d0-f92620d14c53@group-EFF334143AD9-SegmentedRaftLogWorker for RaftStorage:Storage Directory /workdir/hadoop-ozone/integration-test/target/test-dir/MiniOzoneClusterImpl-9caa682c-a503-45f4-84bb-f8dd249825f6/datanode-5/data/ratis/4273ac8c-01a8-491c-b420-eff334143ad9
2019-11-14 22:49:23,534 [pool-557-thread-1] INFO  server.RaftServerConfigKeys (ConfUtils.java:logGet(43)) - raft.server.log.queue.byte-limit = 2147483647 (custom)
2019-11-14 22:49:23,534 [pool-557-thread-1] INFO  server.RaftServerConfigKeys (ConfUtils.java:logGet(43)) - raft.server.log.queue.element-limit = 1024 (custom)
2019-11-14 22:49:23,534 [pool-557-thread-1] INFO  server.RaftServerConfigKeys (ConfUtils.java:logGet(43)) - raft.server.log.segment.size.max = 1048576 (custom)
2019-11-14 22:49:23,534 [pool-557-thread-1] INFO  server.RaftServerConfigKeys (ConfUtils.java:logGet(43)) - raft.server.log.preallocated.size = 16384 (custom)
2019-11-14 22:49:23,534 [pool-557-thread-1] INFO  server.RaftServerConfigKeys (ConfUtils.java:logGet(43)) - raft.server.log.write.buffer.size = 33554432 (custom)
2019-11-14 22:49:23,534 [pool-557-thread-1] INFO  server.RaftServerConfigKeys (ConfUtils.java:logGet(43)) - raft.server.log.force.sync.num = 128 (default)
2019-11-14 22:49:23,534 [pool-557-thread-1] INFO  server.RaftServerConfigKeys (ConfUtils.java:logGet(43)) - raft.server.log.statemachine.data.sync = true (default)
2019-11-14 22:49:23,534 [pool-557-thread-1] INFO  server.RaftServerConfigKeys (ConfUtils.java:logGet(43)) - raft.server.log.statemachine.data.sync.timeout = 10s (default)
2019-11-14 22:49:23,534 [pool-557-thread-1] INFO  server.RaftServerConfigKeys (ConfUtils.java:logGet(43)) - raft.server.log.statemachine.data.sync.timeout.retry = -1 (default)
2019-11-14 22:49:23,534 [pool-557-thread-1] INFO  server.RaftServerConfigKeys (ConfUtils.java:logGet(43)) - raft.server.log.statemachine.data.caching.enabled = true (custom)
2019-11-14 22:49:23,535 [pool-557-thread-1] INFO  segmented.SegmentedRaftLogWorker (SegmentedRaftLogWorker.java:lambda$new$0(128)) - e9302b19-2241-48e3-b0d0-f92620d14c53@group-EFF334143AD9-SegmentedRaftLogWorker: flushIndex: setUnconditionally 0 -> -1
2019-11-14 22:49:23,535 [pool-557-thread-1] INFO  server.RaftServerConfigKeys (ConfUtils.java:logGet(43)) - raft.server.snapshot.auto.trigger.enabled = true (custom)
2019-11-14 22:49:23,535 [pool-557-thread-1] INFO  server.RaftServerConfigKeys (ConfUtils.java:logGet(43)) - raft.server.snapshot.auto.trigger.threshold = 10000 (custom)
2019-11-14 22:49:23,535 [pool-557-thread-1] INFO  server.RaftServerConfigKeys (ConfUtils.java:logGet(43)) - raft.server.snapshot.retention.file.num = 5 (custom)
2019-11-14 22:49:23,535 [pool-557-thread-1] INFO  server.RaftServerConfigKeys (ConfUtils.java:logGet(43)) - raft.server.retrycache.expirytime = 600000ms (custom)
2019-11-14 22:49:23,535 [pool-557-thread-1] WARN  impl.MetricRegistriesImpl (MetricRegistriesImpl.java:lambda$create$1(61)) - First MetricRegistry has been created without registering reporters. You may need to call MetricRegistries.global().addReportRegistration(...) before.
2019-11-14 22:49:23,535 [pool-557-thread-1] WARN  impl.MetricRegistriesImpl (MetricRegistriesImpl.java:lambda$create$1(61)) - First MetricRegistry has been created without registering reporters. You may need to call MetricRegistries.global().addReportRegistration(...) before.
2019-11-14 22:49:23,536 [pool-557-thread-1] INFO  impl.RaftServerImpl (RaftServerImpl.java:start(184)) - e9302b19-2241-48e3-b0d0-f92620d14c53@group-EFF334143AD9: start as a follower, conf=-1: [e9302b19-2241-48e3-b0d0-f92620d14c53:192.168.69.106:32896], old=null
2019-11-14 22:49:23,536 [pool-557-thread-1] INFO  impl.RaftServerImpl (RaftServerImpl.java:setRole(173)) - e9302b19-2241-48e3-b0d0-f92620d14c53@group-EFF334143AD9: changes role from      null to FOLLOWER at term 0 for startAsFollower
2019-11-14 22:49:23,536 [pool-557-thread-1] INFO  impl.RoleInfo (RoleInfo.java:updateAndGet(143)) - e9302b19-2241-48e3-b0d0-f92620d14c53: start FollowerState
2019-11-14 22:49:23,539 [pool-557-thread-1] INFO  util.JmxRegister (JmxRegister.java:tryRegister(44)) - Successfully registered JMX Bean with object name Ratis:service=RaftServer,group=group-EFF334143AD9,id=e9302b19-2241-48e3-b0d0-f92620d14c53
2019-11-14 22:49:23,539 [pool-557-thread-1] WARN  impl.MetricRegistriesImpl (MetricRegistriesImpl.java:lambda$create$1(61)) - First MetricRegistry has been created without registering reporters. You may need to call MetricRegistries.global().addReportRegistration(...) before.
2019-11-14 22:49:23,542 [RatisPipelineUtilsThread] INFO  pipeline.PipelineStateManager (PipelineStateManager.java:addPipeline(55)) - Created pipeline Pipeline[ Id: 4273ac8c-01a8-491c-b420-eff334143ad9, Nodes: e9302b19-2241-48e3-b0d0-f92620d14c53{ip: 192.168.69.106, host: pr-hdds-2494-dtfqw-3996435450, networkLocation: /rack1, certSerialId: null}, Type:RATIS, Factor:ONE, State:ALLOCATED]
2019-11-14 22:49:23,554 [Thread-3434] INFO  pipeline.PipelineStateManager (PipelineStateManager.java:finalizePipeline(121)) - Pipeline Pipeline[ Id: e54ec45e-ad6c-47c7-a623-bf3b0723c2f2, Nodes: 58f72cb5-8974-4d0e-9564-cfe3e68dc671{ip: 192.168.69.106, host: pr-hdds-2494-dtfqw-3996435450, networkLocation: /rack1, certSerialId: null}7d8f40ed-fc7e-4283-96c6-8f8f645c1bfe{ip: 192.168.69.106, host: pr-hdds-2494-dtfqw-3996435450, networkLocation: /rack1, certSerialId: null}720981dd-80b6-4b59-8027-74344e9fba7b{ip: 192.168.69.106, host: pr-hdds-2494-dtfqw-3996435450, networkLocation: /rack1, certSerialId: null}, Type:RATIS, Factor:THREE, State:CLOSED] moved to CLOSED state
2019-11-14 22:49:23,554 [EventQueue-CloseContainerForCloseContainerEventHandler] INFO  container.CloseContainerEventHandler (CloseContainerEventHandler.java:onMessage(61)) - Close container Event triggered for container : #1
2019-11-14 22:49:23,558 [grpc-default-executor-8] INFO  impl.RaftServerProxy (RaftServerProxy.java:remove(95)) - 58f72cb5-8974-4d0e-9564-cfe3e68dc671: remove  FOLLOWER 58f72cb5-8974-4d0e-9564-cfe3e68dc671@group-BF3B0723C2F2:t1, leader=720981dd-80b6-4b59-8027-74344e9fba7b, voted=720981dd-80b6-4b59-8027-74344e9fba7b, raftlog=58f72cb5-8974-4d0e-9564-cfe3e68dc671@group-BF3B0723C2F2-SegmentedRaftLog:OPENED:c2,f4,i4, conf=0: [58f72cb5-8974-4d0e-9564-cfe3e68dc671:192.168.69.106:42937, 720981dd-80b6-4b59-8027-74344e9fba7b:192.168.69.106:33190, 7d8f40ed-fc7e-4283-96c6-8f8f645c1bfe:192.168.69.106:40228], old=null RUNNING
2019-11-14 22:49:23,558 [grpc-default-executor-8] INFO  impl.RaftServerImpl (RaftServerImpl.java:lambda$shutdown$3(250)) - 58f72cb5-8974-4d0e-9564-cfe3e68dc671@group-BF3B0723C2F2: shutdown
2019-11-14 22:49:23,558 [grpc-default-executor-8] INFO  util.JmxRegister (JmxRegister.java:unregister(73)) - Successfully un-registered JMX Bean with object name Ratis:service=RaftServer,group=group-BF3B0723C2F2,id=58f72cb5-8974-4d0e-9564-cfe3e68dc671
2019-11-14 22:49:23,559 [grpc-default-executor-8] INFO  impl.RoleInfo (RoleInfo.java:shutdownFollowerState(121)) - 58f72cb5-8974-4d0e-9564-cfe3e68dc671: shutdown FollowerState
2019-11-14 22:49:23,559 [grpc-default-executor-8] INFO  impl.StateMachineUpdater (StateMachineUpdater.java:stopAndJoin(136)) - 58f72cb5-8974-4d0e-9564-cfe3e68dc671@group-BF3B0723C2F2-StateMachineUpdater: set stopIndex = 2
2019-11-14 22:49:23,559 [58f72cb5-8974-4d0e-9564-cfe3e68dc671@group-BF3B0723C2F2-StateMachineUpdater] INFO  ratis.ContainerStateMachine (ContainerStateMachine.java:takeSnapshot(285)) - group-BF3B0723C2F2: Taking a snapshot at:(t:1, i:1) file /workdir/hadoop-ozone/integration-test/target/test-dir/MiniOzoneClusterImpl-9caa682c-a503-45f4-84bb-f8dd249825f6/datanode-8/data/ratis/e54ec45e-ad6c-47c7-a623-bf3b0723c2f2/sm/snapshot.1_1
2019-11-14 22:49:23,559 [Thread-3524] INFO  impl.FollowerState (FollowerState.java:run(120)) - 58f72cb5-8974-4d0e-9564-cfe3e68dc671@group-BF3B0723C2F2-FollowerState was interrupted: java.lang.InterruptedException: sleep interrupted
2019-11-14 22:49:23,576 [58f72cb5-8974-4d0e-9564-cfe3e68dc671@group-BF3B0723C2F2-StateMachineUpdater] INFO  ratis.ContainerStateMachine (ContainerStateMachine.java:takeSnapshot(296)) - group-BF3B0723C2F2: Finished taking a snapshot at:(t:1, i:1) file:/workdir/hadoop-ozone/integration-test/target/test-dir/MiniOzoneClusterImpl-9caa682c-a503-45f4-84bb-f8dd249825f6/datanode-8/data/ratis/e54ec45e-ad6c-47c7-a623-bf3b0723c2f2/sm/snapshot.1_1 time:17
2019-11-14 22:49:23,576 [58f72cb5-8974-4d0e-9564-cfe3e68dc671@group-BF3B0723C2F2-StateMachineUpdater] INFO  impl.StateMachineUpdater (StateMachineUpdater.java:takeSnapshot(269)) - 58f72cb5-8974-4d0e-9564-cfe3e68dc671@group-BF3B0723C2F2-StateMachineUpdater: Took a snapshot at index 1
2019-11-14 22:49:23,576 [58f72cb5-8974-4d0e-9564-cfe3e68dc671@group-BF3B0723C2F2-StateMachineUpdater] INFO  impl.StateMachineUpdater (StateMachineUpdater.java:lambda$new$0(84)) - 58f72cb5-8974-4d0e-9564-cfe3e68dc671@group-BF3B0723C2F2-StateMachineUpdater: snapshotIndex: updateIncreasingly -1 -> 1
2019-11-14 22:49:23,576 [58f72cb5-8974-4d0e-9564-cfe3e68dc671@group-BF3B0723C2F2-StateMachineUpdater] INFO  ratis.ContainerStateMachine (ContainerStateMachine.java:takeSnapshot(285)) - group-BF3B0723C2F2: Taking a snapshot at:(t:1, i:1) file /workdir/hadoop-ozone/integration-test/target/test-dir/MiniOzoneClusterImpl-9caa682c-a503-45f4-84bb-f8dd249825f6/datanode-8/data/ratis/e54ec45e-ad6c-47c7-a623-bf3b0723c2f2/sm/snapshot.1_1
2019-11-14 22:49:23,598 [58f72cb5-8974-4d0e-9564-cfe3e68dc671@group-BF3B0723C2F2-StateMachineUpdater] INFO  ratis.ContainerStateMachine (ContainerStateMachine.java:takeSnapshot(296)) - group-BF3B0723C2F2: Finished taking a snapshot at:(t:1, i:1) file:/workdir/hadoop-ozone/integration-test/target/test-dir/MiniOzoneClusterImpl-9caa682c-a503-45f4-84bb-f8dd249825f6/datanode-8/data/ratis/e54ec45e-ad6c-47c7-a623-bf3b0723c2f2/sm/snapshot.1_1 time:22
2019-11-14 22:49:23,598 [58f72cb5-8974-4d0e-9564-cfe3e68dc671@group-BF3B0723C2F2-StateMachineUpdater] INFO  impl.StateMachineUpdater (StateMachineUpdater.java:takeSnapshot(269)) - 58f72cb5-8974-4d0e-9564-cfe3e68dc671@group-BF3B0723C2F2-StateMachineUpdater: Took a snapshot at index 1
2019-11-14 22:49:23,598 [58f72cb5-8974-4d0e-9564-cfe3e68dc671@group-BF3B0723C2F2-StateMachineUpdater] INFO  impl.StateMachineUpdater (StateMachineUpdater.java:lambda$new$0(84)) - 58f72cb5-8974-4d0e-9564-cfe3e68dc671@group-BF3B0723C2F2-StateMachineUpdater: snapshotIndex: updateIncreasingly 1 -> 1
2019-11-14 22:49:23,599 [grpc-default-executor-8] INFO  impl.RaftServerImpl (ServerState.java:close(387)) - 58f72cb5-8974-4d0e-9564-cfe3e68dc671@group-BF3B0723C2F2: closes. applyIndex: 2
2019-11-14 22:49:23,599 [58f72cb5-8974-4d0e-9564-cfe3e68dc671@group-BF3B0723C2F2-SegmentedRaftLogWorker] INFO  segmented.SegmentedRaftLogWorker (SegmentedRaftLogWorker.java:run(316)) - 58f72cb5-8974-4d0e-9564-cfe3e68dc671@group-BF3B0723C2F2-SegmentedRaftLogWorker was interrupted, exiting. There are 0 tasks remaining in the queue.
2019-11-14 22:49:23,602 [grpc-default-executor-8] INFO  segmented.SegmentedRaftLogWorker (SegmentedRaftLogWorker.java:close(224)) - 58f72cb5-8974-4d0e-9564-cfe3e68dc671@group-BF3B0723C2F2-SegmentedRaftLogWorker close()
2019-11-14 22:49:23,823 [grpc-default-executor-8] INFO  interfaces.Container (KeyValueContainer.java:flushAndSyncDB(400)) - Container 1 is synced with bcsId 2.
2019-11-14 22:49:23,823 [grpc-default-executor-8] INFO  interfaces.Container (KeyValueContainer.java:flushAndSyncDB(400)) - Container 1 is synced with bcsId 2.
2019-11-14 22:49:23,847 [Datanode State Machine Thread - 0] INFO  statemachine.DatanodeStateMachine (DatanodeStateMachine.java:lambda$startDaemon$0(355)) - Ozone container server started.
2019-11-14 22:49:23,850 [grpc-default-executor-8] INFO  impl.RaftServerProxy (RaftServerProxy.java:remove(95)) - 7d8f40ed-fc7e-4283-96c6-8f8f645c1bfe: remove  FOLLOWER 7d8f40ed-fc7e-4283-96c6-8f8f645c1bfe@group-BF3B0723C2F2:t1, leader=720981dd-80b6-4b59-8027-74344e9fba7b, voted=720981dd-80b6-4b59-8027-74344e9fba7b, raftlog=7d8f40ed-fc7e-4283-96c6-8f8f645c1bfe@group-BF3B0723C2F2-SegmentedRaftLog:OPENED:c2,f4,i4, conf=0: [58f72cb5-8974-4d0e-9564-cfe3e68dc671:192.168.69.106:42937, 720981dd-80b6-4b59-8027-74344e9fba7b:192.168.69.106:33190, 7d8f40ed-fc7e-4283-96c6-8f8f645c1bfe:192.168.69.106:40228], old=null RUNNING
2019-11-14 22:49:23,851 [grpc-default-executor-8] INFO  impl.RaftServerImpl (RaftServerImpl.java:lambda$shutdown$3(250)) - 7d8f40ed-fc7e-4283-96c6-8f8f645c1bfe@group-BF3B0723C2F2: shutdown
2019-11-14 22:49:23,851 [grpc-default-executor-8] INFO  util.JmxRegister (JmxRegister.java:unregister(73)) - Successfully un-registered JMX Bean with object name Ratis:service=RaftServer,group=group-BF3B0723C2F2,id=7d8f40ed-fc7e-4283-96c6-8f8f645c1bfe
2019-11-14 22:49:23,851 [grpc-default-executor-8] INFO  impl.RoleInfo (RoleInfo.java:shutdownFollowerState(121)) - 7d8f40ed-fc7e-4283-96c6-8f8f645c1bfe: shutdown FollowerState
2019-11-14 22:49:23,851 [grpc-default-executor-8] INFO  impl.StateMachineUpdater (StateMachineUpdater.java:stopAndJoin(136)) - 7d8f40ed-fc7e-4283-96c6-8f8f645c1bfe@group-BF3B0723C2F2-StateMachineUpdater: set stopIndex = 2
2019-11-14 22:49:23,851 [7d8f40ed-fc7e-4283-96c6-8f8f645c1bfe@group-BF3B0723C2F2-StateMachineUpdater] INFO  ratis.ContainerStateMachine (ContainerStateMachine.java:takeSnapshot(285)) - group-BF3B0723C2F2: Taking a snapshot at:(t:1, i:2) file /workdir/hadoop-ozone/integration-test/target/test-dir/MiniOzoneClusterImpl-9caa682c-a503-45f4-84bb-f8dd249825f6/datanode-7/data/ratis/e54ec45e-ad6c-47c7-a623-bf3b0723c2f2/sm/snapshot.1_2
2019-11-14 22:49:23,851 [Thread-3525] INFO  impl.FollowerState (FollowerState.java:run(120)) - 7d8f40ed-fc7e-4283-96c6-8f8f645c1bfe@group-BF3B0723C2F2-FollowerState was interrupted: java.lang.InterruptedException: sleep interrupted
2019-11-14 22:49:23,870 [7d8f40ed-fc7e-4283-96c6-8f8f645c1bfe@group-BF3B0723C2F2-StateMachineUpdater] INFO  ratis.ContainerStateMachine (ContainerStateMachine.java:takeSnapshot(296)) - group-BF3B0723C2F2: Finished taking a snapshot at:(t:1, i:2) file:/workdir/hadoop-ozone/integration-test/target/test-dir/MiniOzoneClusterImpl-9caa682c-a503-45f4-84bb-f8dd249825f6/datanode-7/data/ratis/e54ec45e-ad6c-47c7-a623-bf3b0723c2f2/sm/snapshot.1_2 time:19
2019-11-14 22:49:23,871 [7d8f40ed-fc7e-4283-96c6-8f8f645c1bfe@group-BF3B0723C2F2-StateMachineUpdater] INFO  impl.StateMachineUpdater (StateMachineUpdater.java:takeSnapshot(269)) - 7d8f40ed-fc7e-4283-96c6-8f8f645c1bfe@group-BF3B0723C2F2-StateMachineUpdater: Took a snapshot at index 2
2019-11-14 22:49:23,871 [7d8f40ed-fc7e-4283-96c6-8f8f645c1bfe@group-BF3B0723C2F2-StateMachineUpdater] INFO  impl.StateMachineUpdater (StateMachineUpdater.java:lambda$new$0(84)) - 7d8f40ed-fc7e-4283-96c6-8f8f645c1bfe@group-BF3B0723C2F2-StateMachineUpdater: snapshotIndex: updateIncreasingly -1 -> 2
2019-11-14 22:49:23,871 [grpc-default-executor-8] INFO  impl.RaftServerImpl (ServerState.java:close(387)) - 7d8f40ed-fc7e-4283-96c6-8f8f645c1bfe@group-BF3B0723C2F2: closes. applyIndex: 2
2019-11-14 22:49:23,872 [7d8f40ed-fc7e-4283-96c6-8f8f645c1bfe@group-BF3B0723C2F2-SegmentedRaftLogWorker] INFO  segmented.SegmentedRaftLogWorker (SegmentedRaftLogWorker.java:run(316)) - 7d8f40ed-fc7e-4283-96c6-8f8f645c1bfe@group-BF3B0723C2F2-SegmentedRaftLogWorker was interrupted, exiting. There are 0 tasks remaining in the queue.
2019-11-14 22:49:23,874 [grpc-default-executor-8] INFO  segmented.SegmentedRaftLogWorker (SegmentedRaftLogWorker.java:close(224)) - 7d8f40ed-fc7e-4283-96c6-8f8f645c1bfe@group-BF3B0723C2F2-SegmentedRaftLogWorker close()
2019-11-14 22:49:23,923 [grpc-default-executor-8] INFO  interfaces.Container (KeyValueContainer.java:flushAndSyncDB(400)) - Container 1 is synced with bcsId 2.
2019-11-14 22:49:23,923 [grpc-default-executor-8] INFO  interfaces.Container (KeyValueContainer.java:flushAndSyncDB(400)) - Container 1 is synced with bcsId 2.
2019-11-14 22:49:23,946 [EventQueue-IncrementalContainerReportForIncrementalContainerReportHandler] INFO  container.IncrementalContainerReportHandler (AbstractContainerReportHandler.java:updateContainerState(171)) - Moving container #1 to QUASI_CLOSED state, datanode 7d8f40ed-fc7e-4283-96c6-8f8f645c1bfe{ip: 192.168.69.106, host: pr-hdds-2494-dtfqw-3996435450, networkLocation: /rack1, certSerialId: null} reported QUASI_CLOSED replica.
2019-11-14 22:49:23,948 [grpc-default-executor-8] INFO  impl.RaftServerProxy (RaftServerProxy.java:remove(95)) - 720981dd-80b6-4b59-8027-74344e9fba7b: remove    LEADER 720981dd-80b6-4b59-8027-74344e9fba7b@group-BF3B0723C2F2:t1, leader=720981dd-80b6-4b59-8027-74344e9fba7b, voted=720981dd-80b6-4b59-8027-74344e9fba7b, raftlog=720981dd-80b6-4b59-8027-74344e9fba7b@group-BF3B0723C2F2-SegmentedRaftLog:OPENED:c4,f4,i4, conf=0: [58f72cb5-8974-4d0e-9564-cfe3e68dc671:192.168.69.106:42937, 720981dd-80b6-4b59-8027-74344e9fba7b:192.168.69.106:33190, 7d8f40ed-fc7e-4283-96c6-8f8f645c1bfe:192.168.69.106:40228], old=null RUNNING
2019-11-14 22:49:23,948 [grpc-default-executor-8] INFO  impl.RaftServerImpl (RaftServerImpl.java:lambda$shutdown$3(250)) - 720981dd-80b6-4b59-8027-74344e9fba7b@group-BF3B0723C2F2: shutdown
2019-11-14 22:49:23,949 [grpc-default-executor-8] INFO  util.JmxRegister (JmxRegister.java:unregister(73)) - Successfully un-registered JMX Bean with object name Ratis:service=RaftServer,group=group-BF3B0723C2F2,id=720981dd-80b6-4b59-8027-74344e9fba7b
2019-11-14 22:49:23,949 [grpc-default-executor-8] INFO  impl.RoleInfo (RoleInfo.java:shutdownLeaderState(104)) - 720981dd-80b6-4b59-8027-74344e9fba7b: shutdown LeaderState
2019-11-14 22:49:23,953 [grpc-default-executor-8] INFO  impl.PendingRequests (PendingRequests.java:sendNotLeaderResponses(206)) - 720981dd-80b6-4b59-8027-74344e9fba7b@group-BF3B0723C2F2-PendingRequests: sendNotLeaderResponses
2019-11-14 22:49:23,953 [org.apache.ratis.server.impl.LogAppender$AppenderDaemon$$Lambda$460/1168859626@2a1d8bb9] WARN  server.GrpcLogAppender (GrpcLogAppender.java:mayWait(151)) - 720981dd-80b6-4b59-8027-74344e9fba7b@group-BF3B0723C2F2->7d8f40ed-fc7e-4283-96c6-8f8f645c1bfe-GrpcLogAppender: Wait interrupted by java.lang.InterruptedException
2019-11-14 22:49:23,954 [org.apache.ratis.server.impl.LogAppender$AppenderDaemon$$Lambda$460/1168859626@6f1f083e] WARN  server.GrpcLogAppender (GrpcLogAppender.java:mayWait(151)) - 720981dd-80b6-4b59-8027-74344e9fba7b@group-BF3B0723C2F2->58f72cb5-8974-4d0e-9564-cfe3e68dc671-GrpcLogAppender: Wait interrupted by java.lang.InterruptedException
2019-11-14 22:49:23,957 [720981dd-80b6-4b59-8027-74344e9fba7b@group-BF3B0723C2F2-StateMachineUpdater] INFO  ratis.ContainerStateMachine (ContainerStateMachine.java:takeSnapshot(285)) - group-BF3B0723C2F2: Taking a snapshot at:(t:1, i:4) file /workdir/hadoop-ozone/integration-test/target/test-dir/MiniOzoneClusterImpl-9caa682c-a503-45f4-84bb-f8dd249825f6/datanode-2/data/ratis/e54ec45e-ad6c-47c7-a623-bf3b0723c2f2/sm/snapshot.1_4
2019-11-14 22:49:23,957 [grpc-default-executor-8] INFO  impl.StateMachineUpdater (StateMachineUpdater.java:stopAndJoin(136)) - 720981dd-80b6-4b59-8027-74344e9fba7b@group-BF3B0723C2F2-StateMachineUpdater: set stopIndex = 4
2019-11-14 22:49:23,957 [grpc-default-executor-9] INFO  server.GrpcServerProtocolService (GrpcServerProtocolService.java:onCompleted(113)) - 7d8f40ed-fc7e-4283-96c6-8f8f645c1bfe: Completed APPEND_ENTRIES, lastRequest: 720981dd-80b6-4b59-8027-74344e9fba7b->7d8f40ed-fc7e-4283-96c6-8f8f645c1bfe#7-t1, previous=(t:1, i:3), leaderCommit=2, initializing? false, entries: size=1, first=(t:1, i:4), METADATAENTRY(c2)
2019-11-14 22:49:23,957 [grpc-default-executor-5] INFO  server.GrpcServerProtocolService (GrpcServerProtocolService.java:onCompleted(113)) - 58f72cb5-8974-4d0e-9564-cfe3e68dc671: Completed APPEND_ENTRIES, lastRequest: 720981dd-80b6-4b59-8027-74344e9fba7b->58f72cb5-8974-4d0e-9564-cfe3e68dc671#7-t1, previous=(t:1, i:3), leaderCommit=2, initializing? false, entries: size=1, first=(t:1, i:4), METADATAENTRY(c2)
2019-11-14 22:49:23,957 [grpc-default-executor-9] INFO  server.GrpcLogAppender (GrpcLogAppender.java:onCompleted(308)) - 720981dd-80b6-4b59-8027-74344e9fba7b@group-BF3B0723C2F2->7d8f40ed-fc7e-4283-96c6-8f8f645c1bfe-AppendLogResponseHandler: follower responses appendEntries COMPLETED
2019-11-14 22:49:23,958 [grpc-default-executor-6] INFO  server.GrpcLogAppender (GrpcLogAppender.java:onCompleted(308)) - 720981dd-80b6-4b59-8027-74344e9fba7b@group-BF3B0723C2F2->58f72cb5-8974-4d0e-9564-cfe3e68dc671-AppendLogResponseHandler: follower responses appendEntries COMPLETED
2019-11-14 22:49:23,958 [grpc-default-executor-9] INFO  impl.FollowerInfo (FollowerInfo.java:lambda$new$0(51)) - 720981dd-80b6-4b59-8027-74344e9fba7b@group-BF3B0723C2F2->7d8f40ed-fc7e-4283-96c6-8f8f645c1bfe: nextIndex: updateUnconditionally 5 -> 4
2019-11-14 22:49:23,958 [grpc-default-executor-6] INFO  impl.FollowerInfo (FollowerInfo.java:lambda$new$0(51)) - 720981dd-80b6-4b59-8027-74344e9fba7b@group-BF3B0723C2F2->58f72cb5-8974-4d0e-9564-cfe3e68dc671: nextIndex: updateUnconditionally 5 -> 4
2019-11-14 22:49:24,008 [720981dd-80b6-4b59-8027-74344e9fba7b@group-BF3B0723C2F2-StateMachineUpdater] INFO  ratis.ContainerStateMachine (ContainerStateMachine.java:takeSnapshot(296)) - group-BF3B0723C2F2: Finished taking a snapshot at:(t:1, i:4) file:/workdir/hadoop-ozone/integration-test/target/test-dir/MiniOzoneClusterImpl-9caa682c-a503-45f4-84bb-f8dd249825f6/datanode-2/data/ratis/e54ec45e-ad6c-47c7-a623-bf3b0723c2f2/sm/snapshot.1_4 time:50
2019-11-14 22:49:24,008 [720981dd-80b6-4b59-8027-74344e9fba7b@group-BF3B0723C2F2-StateMachineUpdater] INFO  impl.StateMachineUpdater (StateMachineUpdater.java:takeSnapshot(269)) - 720981dd-80b6-4b59-8027-74344e9fba7b@group-BF3B0723C2F2-StateMachineUpdater: Took a snapshot at index 4
2019-11-14 22:49:24,008 [720981dd-80b6-4b59-8027-74344e9fba7b@group-BF3B0723C2F2-StateMachineUpdater] INFO  impl.StateMachineUpdater (StateMachineUpdater.java:lambda$new$0(84)) - 720981dd-80b6-4b59-8027-74344e9fba7b@group-BF3B0723C2F2-StateMachineUpdater: snapshotIndex: updateIncreasingly -1 -> 4
2019-11-14 22:49:24,009 [grpc-default-executor-8] INFO  impl.RaftServerImpl (ServerState.java:close(387)) - 720981dd-80b6-4b59-8027-74344e9fba7b@group-BF3B0723C2F2: closes. applyIndex: 4
2019-11-14 22:49:24,009 [720981dd-80b6-4b59-8027-74344e9fba7b@group-BF3B0723C2F2-SegmentedRaftLogWorker] INFO  segmented.SegmentedRaftLogWorker (SegmentedRaftLogWorker.java:run(316)) - 720981dd-80b6-4b59-8027-74344e9fba7b@group-BF3B0723C2F2-SegmentedRaftLogWorker was interrupted, exiting. There are 0 tasks remaining in the queue.
2019-11-14 22:49:24,011 [grpc-default-executor-8] INFO  segmented.SegmentedRaftLogWorker (SegmentedRaftLogWorker.java:close(224)) - 720981dd-80b6-4b59-8027-74344e9fba7b@group-BF3B0723C2F2-SegmentedRaftLogWorker close()
2019-11-14 22:49:24,040 [grpc-default-executor-8] INFO  interfaces.Container (KeyValueContainer.java:flushAndSyncDB(400)) - Container 1 is synced with bcsId 2.
2019-11-14 22:49:24,040 [grpc-default-executor-8] INFO  interfaces.Container (KeyValueContainer.java:flushAndSyncDB(400)) - Container 1 is synced with bcsId 2.
2019-11-14 22:49:24,066 [Thread-3434] INFO  pipeline.PipelineStateManager (PipelineStateManager.java:removePipeline(106)) - Pipeline Pipeline[ Id: e54ec45e-ad6c-47c7-a623-bf3b0723c2f2, Nodes: 58f72cb5-8974-4d0e-9564-cfe3e68dc671{ip: 192.168.69.106, host: pr-hdds-2494-dtfqw-3996435450, networkLocation: /rack1, certSerialId: null}7d8f40ed-fc7e-4283-96c6-8f8f645c1bfe{ip: 192.168.69.106, host: pr-hdds-2494-dtfqw-3996435450, networkLocation: /rack1, certSerialId: null}720981dd-80b6-4b59-8027-74344e9fba7b{ip: 192.168.69.106, host: pr-hdds-2494-dtfqw-3996435450, networkLocation: /rack1, certSerialId: null}, Type:RATIS, Factor:THREE, State:CLOSED] removed from db
2019-11-14 22:49:24,066 [Thread-3434] INFO  pipeline.SCMPipelineManager (SCMPipelineManager.java:finalizeAndDestroyPipeline(315)) - destroying pipeline:Pipeline[ Id: c8e0e736-108e-4e3e-93b4-dc549a6fff5a, Nodes: 58f72cb5-8974-4d0e-9564-cfe3e68dc671{ip: 192.168.69.106, host: pr-hdds-2494-dtfqw-3996435450, networkLocation: /rack1, certSerialId: null}, Type:RATIS, Factor:ONE, State:OPEN]
2019-11-14 22:49:24,071 [grpc-default-executor-8] INFO  impl.RaftServerProxy (RaftServerProxy.java:addNew(89)) - 7d8f40ed-fc7e-4283-96c6-8f8f645c1bfe: addNew group-E5CD7693E4BE:[58f72cb5-8974-4d0e-9564-cfe3e68dc671:192.168.69.106:42937, 720981dd-80b6-4b59-8027-74344e9fba7b:192.168.69.106:33190, 7d8f40ed-fc7e-4283-96c6-8f8f645c1bfe:192.168.69.106:40228] returns group-E5CD7693E4BE:java.util.concurrent.CompletableFuture@2ac92d05[Not completed]
2019-11-14 22:49:24,071 [grpc-default-executor-6] INFO  impl.RaftServerProxy (RaftServerProxy.java:addNew(89)) - 58f72cb5-8974-4d0e-9564-cfe3e68dc671: addNew group-E5CD7693E4BE:[58f72cb5-8974-4d0e-9564-cfe3e68dc671:192.168.69.106:42937, 720981dd-80b6-4b59-8027-74344e9fba7b:192.168.69.106:33190, 7d8f40ed-fc7e-4283-96c6-8f8f645c1bfe:192.168.69.106:40228] returns group-E5CD7693E4BE:java.util.concurrent.CompletableFuture@693b2546[Not completed]
2019-11-14 22:49:24,071 [grpc-default-executor-9] INFO  impl.RaftServerProxy (RaftServerProxy.java:addNew(89)) - 720981dd-80b6-4b59-8027-74344e9fba7b: addNew group-E5CD7693E4BE:[58f72cb5-8974-4d0e-9564-cfe3e68dc671:192.168.69.106:42937, 720981dd-80b6-4b59-8027-74344e9fba7b:192.168.69.106:33190, 7d8f40ed-fc7e-4283-96c6-8f8f645c1bfe:192.168.69.106:40228] returns group-E5CD7693E4BE:java.util.concurrent.CompletableFuture@7b1cd9eb[Not completed]
2019-11-14 22:49:24,072 [pool-577-thread-1] INFO  impl.RaftServerImpl (RaftServerImpl.java:<init>(98)) - 7d8f40ed-fc7e-4283-96c6-8f8f645c1bfe: new RaftServerImpl for group-E5CD7693E4BE:[58f72cb5-8974-4d0e-9564-cfe3e68dc671:192.168.69.106:42937, 720981dd-80b6-4b59-8027-74344e9fba7b:192.168.69.106:33190, 7d8f40ed-fc7e-4283-96c6-8f8f645c1bfe:192.168.69.106:40228] with ContainerStateMachine:uninitialized
2019-11-14 22:49:24,072 [pool-577-thread-1] INFO  server.RaftServerConfigKeys (ConfUtils.java:logGet(43)) - raft.server.rpc.timeout.min = 1s (custom)
2019-11-14 22:49:24,073 [pool-577-thread-1] INFO  server.RaftServerConfigKeys (ConfUtils.java:logGet(43)) - raft.server.rpc.timeout.max = 1200ms (custom)
2019-11-14 22:49:24,073 [pool-577-thread-1] INFO  server.RaftServerConfigKeys (ConfUtils.java:logGet(43)) - raft.server.rpcslowness.timeout = 120s (custom)
2019-11-14 22:49:24,073 [pool-577-thread-1] INFO  server.RaftServerConfigKeys (ConfUtils.java:logGet(43)) - raft.server.sleep.deviation.threshold = 300 (default)
2019-11-14 22:49:24,073 [pool-587-thread-1] INFO  impl.RaftServerImpl (RaftServerImpl.java:<init>(98)) - 58f72cb5-8974-4d0e-9564-cfe3e68dc671: new RaftServerImpl for group-E5CD7693E4BE:[58f72cb5-8974-4d0e-9564-cfe3e68dc671:192.168.69.106:42937, 720981dd-80b6-4b59-8027-74344e9fba7b:192.168.69.106:33190, 7d8f40ed-fc7e-4283-96c6-8f8f645c1bfe:192.168.69.106:40228] with ContainerStateMachine:uninitialized
2019-11-14 22:49:24,073 [pool-577-thread-1] INFO  server.RaftServerConfigKeys (ConfUtils.java:logGet(43)) - raft.server.log.appender.install.snapshot.enabled = false (custom)
2019-11-14 22:49:24,073 [pool-587-thread-1] INFO  server.RaftServerConfigKeys (ConfUtils.java:logGet(43)) - raft.server.rpc.timeout.min = 1s (custom)
2019-11-14 22:49:24,073 [pool-577-thread-1] INFO  impl.RaftServerImpl (ServerState.java:<init>(103)) - 7d8f40ed-fc7e-4283-96c6-8f8f645c1bfe@group-E5CD7693E4BE: ConfigurationManager, init=-1: [58f72cb5-8974-4d0e-9564-cfe3e68dc671:192.168.69.106:42937, 720981dd-80b6-4b59-8027-74344e9fba7b:192.168.69.106:33190, 7d8f40ed-fc7e-4283-96c6-8f8f645c1bfe:192.168.69.106:40228], old=null, confs=<EMPTY_MAP>
2019-11-14 22:49:24,073 [pool-587-thread-1] INFO  server.RaftServerConfigKeys (ConfUtils.java:logGet(43)) - raft.server.rpc.timeout.max = 1200ms (custom)
2019-11-14 22:49:24,073 [pool-577-thread-1] INFO  server.RaftServerConfigKeys (ConfUtils.java:logGet(43)) - raft.server.storage.dir = [/workdir/hadoop-ozone/integration-test/target/test-dir/MiniOzoneClusterImpl-9caa682c-a503-45f4-84bb-f8dd249825f6/datanode-7/data/ratis] (custom)
2019-11-14 22:49:24,073 [pool-527-thread-1] INFO  impl.RaftServerImpl (RaftServerImpl.java:<init>(98)) - 720981dd-80b6-4b59-8027-74344e9fba7b: new RaftServerImpl for group-E5CD7693E4BE:[58f72cb5-8974-4d0e-9564-cfe3e68dc671:192.168.69.106:42937, 720981dd-80b6-4b59-8027-74344e9fba7b:192.168.69.106:33190, 7d8f40ed-fc7e-4283-96c6-8f8f645c1bfe:192.168.69.106:40228] with ContainerStateMachine:uninitialized
2019-11-14 22:49:24,073 [pool-587-thread-1] INFO  server.RaftServerConfigKeys (ConfUtils.java:logGet(43)) - raft.server.rpcslowness.timeout = 120s (custom)
2019-11-14 22:49:24,074 [pool-577-thread-1] INFO  server.RaftServerConfigKeys (ConfUtils.java:logGet(43)) - raft.server.log.corruption.policy = EXCEPTION (default)
2019-11-14 22:49:24,073 [pool-527-thread-1] INFO  server.RaftServerConfigKeys (ConfUtils.java:logGet(43)) - raft.server.rpc.timeout.min = 1s (custom)
2019-11-14 22:49:24,074 [pool-527-thread-1] INFO  server.RaftServerConfigKeys (ConfUtils.java:logGet(43)) - raft.server.rpc.timeout.max = 1200ms (custom)
2019-11-14 22:49:24,074 [pool-527-thread-1] INFO  server.RaftServerConfigKeys (ConfUtils.java:logGet(43)) - raft.server.rpcslowness.timeout = 120s (custom)
2019-11-14 22:49:24,074 [pool-527-thread-1] INFO  server.RaftServerConfigKeys (ConfUtils.java:logGet(43)) - raft.server.sleep.deviation.threshold = 300 (default)
2019-11-14 22:49:24,074 [pool-527-thread-1] INFO  server.RaftServerConfigKeys (ConfUtils.java:logGet(43)) - raft.server.log.appender.install.snapshot.enabled = false (custom)
2019-11-14 22:49:24,074 [pool-527-thread-1] INFO  impl.RaftServerImpl (ServerState.java:<init>(103)) - 720981dd-80b6-4b59-8027-74344e9fba7b@group-E5CD7693E4BE: ConfigurationManager, init=-1: [58f72cb5-8974-4d0e-9564-cfe3e68dc671:192.168.69.106:42937, 720981dd-80b6-4b59-8027-74344e9fba7b:192.168.69.106:33190, 7d8f40ed-fc7e-4283-96c6-8f8f645c1bfe:192.168.69.106:40228], old=null, confs=<EMPTY_MAP>
2019-11-14 22:49:24,074 [pool-527-thread-1] INFO  server.RaftServerConfigKeys (ConfUtils.java:logGet(43)) - raft.server.storage.dir = [/workdir/hadoop-ozone/integration-test/target/test-dir/MiniOzoneClusterImpl-9caa682c-a503-45f4-84bb-f8dd249825f6/datanode-2/data/ratis] (custom)
2019-11-14 22:49:24,074 [pool-527-thread-1] INFO  server.RaftServerConfigKeys (ConfUtils.java:logGet(43)) - raft.server.log.corruption.policy = EXCEPTION (default)
2019-11-14 22:49:24,074 [pool-527-thread-1] INFO  storage.RaftStorageDirectory (RaftStorageDirectory.java:analyzeStorage(246)) - The storage directory /workdir/hadoop-ozone/integration-test/target/test-dir/MiniOzoneClusterImpl-9caa682c-a503-45f4-84bb-f8dd249825f6/datanode-2/data/ratis/82d49983-d91e-4816-8e64-e5cd7693e4be does not exist. Creating ...
2019-11-14 22:49:24,074 [pool-587-thread-1] INFO  server.RaftServerConfigKeys (ConfUtils.java:logGet(43)) - raft.server.sleep.deviation.threshold = 300 (default)
2019-11-14 22:49:24,074 [pool-577-thread-1] INFO  storage.RaftStorageDirectory (RaftStorageDirectory.java:analyzeStorage(246)) - The storage directory /workdir/hadoop-ozone/integration-test/target/test-dir/MiniOzoneClusterImpl-9caa682c-a503-45f4-84bb-f8dd249825f6/datanode-7/data/ratis/82d49983-d91e-4816-8e64-e5cd7693e4be does not exist. Creating ...
2019-11-14 22:49:24,075 [pool-587-thread-1] INFO  server.RaftServerConfigKeys (ConfUtils.java:logGet(43)) - raft.server.log.appender.install.snapshot.enabled = false (custom)
2019-11-14 22:49:24,075 [pool-587-thread-1] INFO  impl.RaftServerImpl (ServerState.java:<init>(103)) - 58f72cb5-8974-4d0e-9564-cfe3e68dc671@group-E5CD7693E4BE: ConfigurationManager, init=-1: [58f72cb5-8974-4d0e-9564-cfe3e68dc671:192.168.69.106:42937, 720981dd-80b6-4b59-8027-74344e9fba7b:192.168.69.106:33190, 7d8f40ed-fc7e-4283-96c6-8f8f645c1bfe:192.168.69.106:40228], old=null, confs=<EMPTY_MAP>
2019-11-14 22:49:24,075 [pool-587-thread-1] INFO  server.RaftServerConfigKeys (ConfUtils.java:logGet(43)) - raft.server.storage.dir = [/workdir/hadoop-ozone/integration-test/target/test-dir/MiniOzoneClusterImpl-9caa682c-a503-45f4-84bb-f8dd249825f6/datanode-8/data/ratis] (custom)
2019-11-14 22:49:24,076 [pool-587-thread-1] INFO  server.RaftServerConfigKeys (ConfUtils.java:logGet(43)) - raft.server.log.corruption.policy = EXCEPTION (default)
2019-11-14 22:49:24,076 [pool-587-thread-1] INFO  storage.RaftStorageDirectory (RaftStorageDirectory.java:analyzeStorage(246)) - The storage directory /workdir/hadoop-ozone/integration-test/target/test-dir/MiniOzoneClusterImpl-9caa682c-a503-45f4-84bb-f8dd249825f6/datanode-8/data/ratis/82d49983-d91e-4816-8e64-e5cd7693e4be does not exist. Creating ...
2019-11-14 22:49:24,094 [pool-577-thread-1] INFO  storage.RaftStorageDirectory (RaftStorageDirectory.java:tryLock(328)) - Lock on /workdir/hadoop-ozone/integration-test/target/test-dir/MiniOzoneClusterImpl-9caa682c-a503-45f4-84bb-f8dd249825f6/datanode-7/data/ratis/82d49983-d91e-4816-8e64-e5cd7693e4be/in_use.lock acquired by nodename 339@pr-hdds-2494-dtfqw-3996435450
2019-11-14 22:49:24,094 [pool-527-thread-1] INFO  storage.RaftStorageDirectory (RaftStorageDirectory.java:tryLock(328)) - Lock on /workdir/hadoop-ozone/integration-test/target/test-dir/MiniOzoneClusterImpl-9caa682c-a503-45f4-84bb-f8dd249825f6/datanode-2/data/ratis/82d49983-d91e-4816-8e64-e5cd7693e4be/in_use.lock acquired by nodename 339@pr-hdds-2494-dtfqw-3996435450
2019-11-14 22:49:24,094 [pool-587-thread-1] INFO  storage.RaftStorageDirectory (RaftStorageDirectory.java:tryLock(328)) - Lock on /workdir/hadoop-ozone/integration-test/target/test-dir/MiniOzoneClusterImpl-9caa682c-a503-45f4-84bb-f8dd249825f6/datanode-8/data/ratis/82d49983-d91e-4816-8e64-e5cd7693e4be/in_use.lock acquired by nodename 339@pr-hdds-2494-dtfqw-3996435450
2019-11-14 22:49:24,116 [pool-577-thread-1] INFO  storage.RaftStorage (RaftStorage.java:format(84)) - Storage directory /workdir/hadoop-ozone/integration-test/target/test-dir/MiniOzoneClusterImpl-9caa682c-a503-45f4-84bb-f8dd249825f6/datanode-7/data/ratis/82d49983-d91e-4816-8e64-e5cd7693e4be has been successfully formatted.
2019-11-14 22:49:24,116 [pool-587-thread-1] INFO  storage.RaftStorage (RaftStorage.java:format(84)) - Storage directory /workdir/hadoop-ozone/integration-test/target/test-dir/MiniOzoneClusterImpl-9caa682c-a503-45f4-84bb-f8dd249825f6/datanode-8/data/ratis/82d49983-d91e-4816-8e64-e5cd7693e4be has been successfully formatted.
2019-11-14 22:49:24,116 [pool-527-thread-1] INFO  storage.RaftStorage (RaftStorage.java:format(84)) - Storage directory /workdir/hadoop-ozone/integration-test/target/test-dir/MiniOzoneClusterImpl-9caa682c-a503-45f4-84bb-f8dd249825f6/datanode-2/data/ratis/82d49983-d91e-4816-8e64-e5cd7693e4be has been successfully formatted.
2019-11-14 22:49:24,117 [pool-587-thread-1] INFO  ratis.ContainerStateMachine (ContainerStateMachine.java:loadSnapshot(223)) - group-E5CD7693E4BE: The snapshot info is null. Setting the last applied indexto:(t:0, i:~)
2019-11-14 22:49:24,117 [pool-577-thread-1] INFO  ratis.ContainerStateMachine (ContainerStateMachine.java:loadSnapshot(223)) - group-E5CD7693E4BE: The snapshot info is null. Setting the last applied indexto:(t:0, i:~)
2019-11-14 22:49:24,117 [pool-587-thread-1] INFO  server.RaftServerConfigKeys (ConfUtils.java:logGet(43)) - raft.server.notification.no-leader.timeout = 120s (custom)
2019-11-14 22:49:24,117 [pool-527-thread-1] INFO  ratis.ContainerStateMachine (ContainerStateMachine.java:loadSnapshot(223)) - group-E5CD7693E4BE: The snapshot info is null. Setting the last applied indexto:(t:0, i:~)
2019-11-14 22:49:24,117 [pool-587-thread-1] INFO  server.RaftServerConfigKeys (ConfUtils.java:logGet(43)) - raft.server.log.use.memory = false (default)
2019-11-14 22:49:24,117 [pool-577-thread-1] INFO  server.RaftServerConfigKeys (ConfUtils.java:logGet(43)) - raft.server.notification.no-leader.timeout = 120s (custom)
2019-11-14 22:49:24,117 [pool-587-thread-1] INFO  server.RaftServerConfigKeys (ConfUtils.java:logGet(43)) - raft.server.log.purge.gap = 1000000 (custom)
2019-11-14 22:49:24,117 [pool-527-thread-1] INFO  server.RaftServerConfigKeys (ConfUtils.java:logGet(43)) - raft.server.notification.no-leader.timeout = 120s (custom)
2019-11-14 22:49:24,117 [pool-587-thread-1] INFO  server.RaftServerConfigKeys (ConfUtils.java:logGet(43)) - raft.server.log.appender.buffer.byte-limit = 33554432 (custom)
2019-11-14 22:49:24,117 [pool-577-thread-1] INFO  server.RaftServerConfigKeys (ConfUtils.java:logGet(43)) - raft.server.log.use.memory = false (default)
2019-11-14 22:49:24,117 [pool-587-thread-1] INFO  server.RaftServerConfigKeys (ConfUtils.java:logGet(43)) - raft.server.log.segment.size.max = 1048576 (custom)
2019-11-14 22:49:24,117 [pool-527-thread-1] INFO  server.RaftServerConfigKeys (ConfUtils.java:logGet(43)) - raft.server.log.use.memory = false (default)
2019-11-14 22:49:24,118 [pool-587-thread-1] INFO  server.RaftServerConfigKeys (ConfUtils.java:logGet(43)) - raft.server.log.segment.cache.num.max = 2 (custom)
2019-11-14 22:49:24,118 [pool-577-thread-1] INFO  server.RaftServerConfigKeys (ConfUtils.java:logGet(43)) - raft.server.log.purge.gap = 1000000 (custom)
2019-11-14 22:49:24,118 [pool-587-thread-1] INFO  segmented.SegmentedRaftLogWorker (SegmentedRaftLogWorker.java:<init>(173)) - new 58f72cb5-8974-4d0e-9564-cfe3e68dc671@group-E5CD7693E4BE-SegmentedRaftLogWorker for RaftStorage:Storage Directory /workdir/hadoop-ozone/integration-test/target/test-dir/MiniOzoneClusterImpl-9caa682c-a503-45f4-84bb-f8dd249825f6/datanode-8/data/ratis/82d49983-d91e-4816-8e64-e5cd7693e4be
2019-11-14 22:49:24,118 [pool-527-thread-1] INFO  server.RaftServerConfigKeys (ConfUtils.java:logGet(43)) - raft.server.log.purge.gap = 1000000 (custom)
2019-11-14 22:49:24,118 [pool-587-thread-1] INFO  server.RaftServerConfigKeys (ConfUtils.java:logGet(43)) - raft.server.log.queue.byte-limit = 2147483647 (custom)
2019-11-14 22:49:24,118 [pool-577-thread-1] INFO  server.RaftServerConfigKeys (ConfUtils.java:logGet(43)) - raft.server.log.appender.buffer.byte-limit = 33554432 (custom)
2019-11-14 22:49:24,118 [pool-587-thread-1] INFO  server.RaftServerConfigKeys (ConfUtils.java:logGet(43)) - raft.server.log.queue.element-limit = 1024 (custom)
2019-11-14 22:49:24,118 [pool-527-thread-1] INFO  server.RaftServerConfigKeys (ConfUtils.java:logGet(43)) - raft.server.log.appender.buffer.byte-limit = 33554432 (custom)
2019-11-14 22:49:24,118 [pool-587-thread-1] INFO  server.RaftServerConfigKeys (ConfUtils.java:logGet(43)) - raft.server.log.segment.size.max = 1048576 (custom)
2019-11-14 22:49:24,118 [pool-577-thread-1] INFO  server.RaftServerConfigKeys (ConfUtils.java:logGet(43)) - raft.server.log.segment.size.max = 1048576 (custom)
2019-11-14 22:49:24,119 [pool-587-thread-1] INFO  server.RaftServerConfigKeys (ConfUtils.java:logGet(43)) - raft.server.log.preallocated.size = 16384 (custom)
2019-11-14 22:49:24,118 [pool-527-thread-1] INFO  server.RaftServerConfigKeys (ConfUtils.java:logGet(43)) - raft.server.log.segment.size.max = 1048576 (custom)
2019-11-14 22:49:24,119 [pool-587-thread-1] INFO  server.RaftServerConfigKeys (ConfUtils.java:logGet(43)) - raft.server.log.write.buffer.size = 33554432 (custom)
2019-11-14 22:49:24,119 [pool-577-thread-1] INFO  server.RaftServerConfigKeys (ConfUtils.java:logGet(43)) - raft.server.log.segment.cache.num.max = 2 (custom)
2019-11-14 22:49:24,119 [pool-587-thread-1] INFO  server.RaftServerConfigKeys (ConfUtils.java:logGet(43)) - raft.server.log.force.sync.num = 128 (default)
2019-11-14 22:49:24,119 [pool-527-thread-1] INFO  server.RaftServerConfigKeys (ConfUtils.java:logGet(43)) - raft.server.log.segment.cache.num.max = 2 (custom)
2019-11-14 22:49:24,119 [pool-587-thread-1] INFO  server.RaftServerConfigKeys (ConfUtils.java:logGet(43)) - raft.server.log.statemachine.data.sync = true (default)
2019-11-14 22:49:24,119 [pool-577-thread-1] INFO  segmented.SegmentedRaftLogWorker (SegmentedRaftLogWorker.java:<init>(173)) - new 7d8f40ed-fc7e-4283-96c6-8f8f645c1bfe@group-E5CD7693E4BE-SegmentedRaftLogWorker for RaftStorage:Storage Directory /workdir/hadoop-ozone/integration-test/target/test-dir/MiniOzoneClusterImpl-9caa682c-a503-45f4-84bb-f8dd249825f6/datanode-7/data/ratis/82d49983-d91e-4816-8e64-e5cd7693e4be
2019-11-14 22:49:24,119 [pool-587-thread-1] INFO  server.RaftServerConfigKeys (ConfUtils.java:logGet(43)) - raft.server.log.statemachine.data.sync.timeout = 10s (default)
2019-11-14 22:49:24,119 [pool-527-thread-1] INFO  segmented.SegmentedRaftLogWorker (SegmentedRaftLogWorker.java:<init>(173)) - new 720981dd-80b6-4b59-8027-74344e9fba7b@group-E5CD7693E4BE-SegmentedRaftLogWorker for RaftStorage:Storage Directory /workdir/hadoop-ozone/integration-test/target/test-dir/MiniOzoneClusterImpl-9caa682c-a503-45f4-84bb-f8dd249825f6/datanode-2/data/ratis/82d49983-d91e-4816-8e64-e5cd7693e4be
2019-11-14 22:49:24,119 [pool-587-thread-1] INFO  server.RaftServerConfigKeys (ConfUtils.java:logGet(43)) - raft.server.log.statemachine.data.sync.timeout.retry = -1 (default)
2019-11-14 22:49:24,119 [pool-577-thread-1] INFO  server.RaftServerConfigKeys (ConfUtils.java:logGet(43)) - raft.server.log.queue.byte-limit = 2147483647 (custom)
2019-11-14 22:49:24,120 [pool-587-thread-1] INFO  server.RaftServerConfigKeys (ConfUtils.java:logGet(43)) - raft.server.log.statemachine.data.caching.enabled = true (custom)
2019-11-14 22:49:24,119 [pool-527-thread-1] INFO  server.RaftServerConfigKeys (ConfUtils.java:logGet(43)) - raft.server.log.queue.byte-limit = 2147483647 (custom)
2019-11-14 22:49:24,120 [pool-577-thread-1] INFO  server.RaftServerConfigKeys (ConfUtils.java:logGet(43)) - raft.server.log.queue.element-limit = 1024 (custom)
2019-11-14 22:49:24,120 [pool-587-thread-1] INFO  segmented.SegmentedRaftLogWorker (SegmentedRaftLogWorker.java:lambda$new$0(128)) - 58f72cb5-8974-4d0e-9564-cfe3e68dc671@group-E5CD7693E4BE-SegmentedRaftLogWorker: flushIndex: setUnconditionally 0 -> -1
2019-11-14 22:49:24,120 [pool-527-thread-1] INFO  server.RaftServerConfigKeys (ConfUtils.java:logGet(43)) - raft.server.log.queue.element-limit = 1024 (custom)
2019-11-14 22:49:24,120 [pool-577-thread-1] INFO  server.RaftServerConfigKeys (ConfUtils.java:logGet(43)) - raft.server.log.segment.size.max = 1048576 (custom)
2019-11-14 22:49:24,120 [pool-587-thread-1] INFO  server.RaftServerConfigKeys (ConfUtils.java:logGet(43)) - raft.server.snapshot.auto.trigger.enabled = true (custom)
2019-11-14 22:49:24,120 [pool-527-thread-1] INFO  server.RaftServerConfigKeys (ConfUtils.java:logGet(43)) - raft.server.log.segment.size.max = 1048576 (custom)
2019-11-14 22:49:24,120 [pool-587-thread-1] INFO  server.RaftServerConfigKeys (ConfUtils.java:logGet(43)) - raft.server.snapshot.auto.trigger.threshold = 10000 (custom)
2019-11-14 22:49:24,120 [pool-577-thread-1] INFO  server.RaftServerConfigKeys (ConfUtils.java:logGet(43)) - raft.server.log.preallocated.size = 16384 (custom)
2019-11-14 22:49:24,120 [pool-587-thread-1] INFO  server.RaftServerConfigKeys (ConfUtils.java:logGet(43)) - raft.server.snapshot.retention.file.num = 5 (custom)
2019-11-14 22:49:24,120 [pool-527-thread-1] INFO  server.RaftServerConfigKeys (ConfUtils.java:logGet(43)) - raft.server.log.preallocated.size = 16384 (custom)
2019-11-14 22:49:24,121 [pool-587-thread-1] INFO  server.RaftServerConfigKeys (ConfUtils.java:logGet(43)) - raft.server.retrycache.expirytime = 600000ms (custom)
2019-11-14 22:49:24,121 [pool-577-thread-1] INFO  server.RaftServerConfigKeys (ConfUtils.java:logGet(43)) - raft.server.log.write.buffer.size = 33554432 (custom)
2019-11-14 22:49:24,121 [pool-587-thread-1] WARN  impl.MetricRegistriesImpl (MetricRegistriesImpl.java:lambda$create$1(61)) - First MetricRegistry has been created without registering reporters. You may need to call MetricRegistries.global().addReportRegistration(...) before.
2019-11-14 22:49:24,121 [pool-527-thread-1] INFO  server.RaftServerConfigKeys (ConfUtils.java:logGet(43)) - raft.server.log.write.buffer.size = 33554432 (custom)
2019-11-14 22:49:24,121 [pool-587-thread-1] WARN  impl.MetricRegistriesImpl (MetricRegistriesImpl.java:lambda$create$1(61)) - First MetricRegistry has been created without registering reporters. You may need to call MetricRegistries.global().addReportRegistration(...) before.
2019-11-14 22:49:24,121 [pool-577-thread-1] INFO  server.RaftServerConfigKeys (ConfUtils.java:logGet(43)) - raft.server.log.force.sync.num = 128 (default)
2019-11-14 22:49:24,121 [pool-527-thread-1] INFO  server.RaftServerConfigKeys (ConfUtils.java:logGet(43)) - raft.server.log.force.sync.num = 128 (default)
2019-11-14 22:49:24,121 [pool-577-thread-1] INFO  server.RaftServerConfigKeys (ConfUtils.java:logGet(43)) - raft.server.log.statemachine.data.sync = true (default)
2019-11-14 22:49:24,121 [pool-587-thread-1] INFO  impl.RaftServerImpl (RaftServerImpl.java:start(184)) - 58f72cb5-8974-4d0e-9564-cfe3e68dc671@group-E5CD7693E4BE: start as a follower, conf=-1: [58f72cb5-8974-4d0e-9564-cfe3e68dc671:192.168.69.106:42937, 720981dd-80b6-4b59-8027-74344e9fba7b:192.168.69.106:33190, 7d8f40ed-fc7e-4283-96c6-8f8f645c1bfe:192.168.69.106:40228], old=null
2019-11-14 22:49:24,122 [pool-577-thread-1] INFO  server.RaftServerConfigKeys (ConfUtils.java:logGet(43)) - raft.server.log.statemachine.data.sync.timeout = 10s (default)
2019-11-14 22:49:24,121 [pool-527-thread-1] INFO  server.RaftServerConfigKeys (ConfUtils.java:logGet(43)) - raft.server.log.statemachine.data.sync = true (default)
2019-11-14 22:49:24,122 [pool-577-thread-1] INFO  server.RaftServerConfigKeys (ConfUtils.java:logGet(43)) - raft.server.log.statemachine.data.sync.timeout.retry = -1 (default)
2019-11-14 22:49:24,122 [pool-587-thread-1] INFO  impl.RaftServerImpl (RaftServerImpl.java:setRole(173)) - 58f72cb5-8974-4d0e-9564-cfe3e68dc671@group-E5CD7693E4BE: changes role from      null to FOLLOWER at term 0 for startAsFollower
2019-11-14 22:49:24,122 [pool-577-thread-1] INFO  server.RaftServerConfigKeys (ConfUtils.java:logGet(43)) - raft.server.log.statemachine.data.caching.enabled = true (custom)
2019-11-14 22:49:24,122 [pool-527-thread-1] INFO  server.RaftServerConfigKeys (ConfUtils.java:logGet(43)) - raft.server.log.statemachine.data.sync.timeout = 10s (default)
2019-11-14 22:49:24,122 [pool-577-thread-1] INFO  segmented.SegmentedRaftLogWorker (SegmentedRaftLogWorker.java:lambda$new$0(128)) - 7d8f40ed-fc7e-4283-96c6-8f8f645c1bfe@group-E5CD7693E4BE-SegmentedRaftLogWorker: flushIndex: setUnconditionally 0 -> -1
2019-11-14 22:49:24,122 [pool-587-thread-1] INFO  impl.RoleInfo (RoleInfo.java:updateAndGet(143)) - 58f72cb5-8974-4d0e-9564-cfe3e68dc671: start FollowerState
2019-11-14 22:49:24,122 [pool-527-thread-1] INFO  server.RaftServerConfigKeys (ConfUtils.java:logGet(43)) - raft.server.log.statemachine.data.sync.timeout.retry = -1 (default)
2019-11-14 22:49:24,122 [pool-577-thread-1] INFO  server.RaftServerConfigKeys (ConfUtils.java:logGet(43)) - raft.server.snapshot.auto.trigger.enabled = true (custom)
2019-11-14 22:49:24,123 [pool-527-thread-1] INFO  server.RaftServerConfigKeys (ConfUtils.java:logGet(43)) - raft.server.log.statemachine.data.caching.enabled = true (custom)
2019-11-14 22:49:24,123 [pool-587-thread-1] INFO  util.JmxRegister (JmxRegister.java:tryRegister(44)) - Successfully registered JMX Bean with object name Ratis:service=RaftServer,group=group-E5CD7693E4BE,id=58f72cb5-8974-4d0e-9564-cfe3e68dc671
2019-11-14 22:49:24,123 [pool-577-thread-1] INFO  server.RaftServerConfigKeys (ConfUtils.java:logGet(43)) - raft.server.snapshot.auto.trigger.threshold = 10000 (custom)
2019-11-14 22:49:24,123 [pool-527-thread-1] INFO  segmented.SegmentedRaftLogWorker (SegmentedRaftLogWorker.java:lambda$new$0(128)) - 720981dd-80b6-4b59-8027-74344e9fba7b@group-E5CD7693E4BE-SegmentedRaftLogWorker: flushIndex: setUnconditionally 0 -> -1
2019-11-14 22:49:24,123 [pool-587-thread-1] WARN  impl.MetricRegistriesImpl (MetricRegistriesImpl.java:lambda$create$1(61)) - First MetricRegistry has been created without registering reporters. You may need to call MetricRegistries.global().addReportRegistration(...) before.
2019-11-14 22:49:24,123 [pool-577-thread-1] INFO  server.RaftServerConfigKeys (ConfUtils.java:logGet(43)) - raft.server.snapshot.retention.file.num = 5 (custom)
2019-11-14 22:49:24,123 [pool-527-thread-1] INFO  server.RaftServerConfigKeys (ConfUtils.java:logGet(43)) - raft.server.snapshot.auto.trigger.enabled = true (custom)
2019-11-14 22:49:24,123 [pool-577-thread-1] INFO  server.RaftServerConfigKeys (ConfUtils.java:logGet(43)) - raft.server.retrycache.expirytime = 600000ms (custom)
2019-11-14 22:49:24,123 [pool-527-thread-1] INFO  server.RaftServerConfigKeys (ConfUtils.java:logGet(43)) - raft.server.snapshot.auto.trigger.threshold = 10000 (custom)
2019-11-14 22:49:24,123 [pool-577-thread-1] WARN  impl.MetricRegistriesImpl (MetricRegistriesImpl.java:lambda$create$1(61)) - First MetricRegistry has been created without registering reporters. You may need to call MetricRegistries.global().addReportRegistration(...) before.
2019-11-14 22:49:24,123 [pool-527-thread-1] INFO  server.RaftServerConfigKeys (ConfUtils.java:logGet(43)) - raft.server.snapshot.retention.file.num = 5 (custom)
2019-11-14 22:49:24,124 [pool-577-thread-1] WARN  impl.MetricRegistriesImpl (MetricRegistriesImpl.java:lambda$create$1(61)) - First MetricRegistry has been created without registering reporters. You may need to call MetricRegistries.global().addReportRegistration(...) before.
2019-11-14 22:49:24,124 [pool-527-thread-1] INFO  server.RaftServerConfigKeys (ConfUtils.java:logGet(43)) - raft.server.retrycache.expirytime = 600000ms (custom)
2019-11-14 22:49:24,124 [pool-577-thread-1] INFO  impl.RaftServerImpl (RaftServerImpl.java:start(184)) - 7d8f40ed-fc7e-4283-96c6-8f8f645c1bfe@group-E5CD7693E4BE: start as a follower, conf=-1: [58f72cb5-8974-4d0e-9564-cfe3e68dc671:192.168.69.106:42937, 720981dd-80b6-4b59-8027-74344e9fba7b:192.168.69.106:33190, 7d8f40ed-fc7e-4283-96c6-8f8f645c1bfe:192.168.69.106:40228], old=null
2019-11-14 22:49:24,124 [pool-527-thread-1] WARN  impl.MetricRegistriesImpl (MetricRegistriesImpl.java:lambda$create$1(61)) - First MetricRegistry has been created without registering reporters. You may need to call MetricRegistries.global().addReportRegistration(...) before.
2019-11-14 22:49:24,124 [pool-577-thread-1] INFO  impl.RaftServerImpl (RaftServerImpl.java:setRole(173)) - 7d8f40ed-fc7e-4283-96c6-8f8f645c1bfe@group-E5CD7693E4BE: changes role from      null to FOLLOWER at term 0 for startAsFollower
2019-11-14 22:49:24,124 [pool-527-thread-1] WARN  impl.MetricRegistriesImpl (MetricRegistriesImpl.java:lambda$create$1(61)) - First MetricRegistry has been created without registering reporters. You may need to call MetricRegistries.global().addReportRegistration(...) before.
2019-11-14 22:49:24,124 [pool-577-thread-1] INFO  impl.RoleInfo (RoleInfo.java:updateAndGet(143)) - 7d8f40ed-fc7e-4283-96c6-8f8f645c1bfe: start FollowerState
2019-11-14 22:49:24,124 [pool-527-thread-1] INFO  impl.RaftServerImpl (RaftServerImpl.java:start(184)) - 720981dd-80b6-4b59-8027-74344e9fba7b@group-E5CD7693E4BE: start as a follower, conf=-1: [58f72cb5-8974-4d0e-9564-cfe3e68dc671:192.168.69.106:42937, 720981dd-80b6-4b59-8027-74344e9fba7b:192.168.69.106:33190, 7d8f40ed-fc7e-4283-96c6-8f8f645c1bfe:192.168.69.106:40228], old=null
2019-11-14 22:49:24,124 [pool-527-thread-1] INFO  impl.RaftServerImpl (RaftServerImpl.java:setRole(173)) - 720981dd-80b6-4b59-8027-74344e9fba7b@group-E5CD7693E4BE: changes role from      null to FOLLOWER at term 0 for startAsFollower
2019-11-14 22:49:24,124 [pool-527-thread-1] INFO  impl.RoleInfo (RoleInfo.java:updateAndGet(143)) - 720981dd-80b6-4b59-8027-74344e9fba7b: start FollowerState
2019-11-14 22:49:24,124 [pool-577-thread-1] INFO  util.JmxRegister (JmxRegister.java:tryRegister(44)) - Successfully registered JMX Bean with object name Ratis:service=RaftServer,group=group-E5CD7693E4BE,id=7d8f40ed-fc7e-4283-96c6-8f8f645c1bfe
2019-11-14 22:49:24,125 [pool-577-thread-1] WARN  impl.MetricRegistriesImpl (MetricRegistriesImpl.java:lambda$create$1(61)) - First MetricRegistry has been created without registering reporters. You may need to call MetricRegistries.global().addReportRegistration(...) before.
2019-11-14 22:49:24,125 [pool-527-thread-1] INFO  util.JmxRegister (JmxRegister.java:tryRegister(44)) - Successfully registered JMX Bean with object name Ratis:service=RaftServer,group=group-E5CD7693E4BE,id=720981dd-80b6-4b59-8027-74344e9fba7b
2019-11-14 22:49:24,125 [pool-527-thread-1] WARN  impl.MetricRegistriesImpl (MetricRegistriesImpl.java:lambda$create$1(61)) - First MetricRegistry has been created without registering reporters. You may need to call MetricRegistries.global().addReportRegistration(...) before.
2019-11-14 22:49:24,126 [RatisPipelineUtilsThread] INFO  pipeline.PipelineStateManager (PipelineStateManager.java:addPipeline(55)) - Created pipeline Pipeline[ Id: 82d49983-d91e-4816-8e64-e5cd7693e4be, Nodes: 58f72cb5-8974-4d0e-9564-cfe3e68dc671{ip: 192.168.69.106, host: pr-hdds-2494-dtfqw-3996435450, networkLocation: /rack1, certSerialId: null}7d8f40ed-fc7e-4283-96c6-8f8f645c1bfe{ip: 192.168.69.106, host: pr-hdds-2494-dtfqw-3996435450, networkLocation: /rack1, certSerialId: null}720981dd-80b6-4b59-8027-74344e9fba7b{ip: 192.168.69.106, host: pr-hdds-2494-dtfqw-3996435450, networkLocation: /rack1, certSerialId: null}, Type:RATIS, Factor:THREE, State:ALLOCATED]
2019-11-14 22:49:24,129 [Thread-3434] INFO  pipeline.PipelineStateManager (PipelineStateManager.java:finalizePipeline(121)) - Pipeline Pipeline[ Id: c8e0e736-108e-4e3e-93b4-dc549a6fff5a, Nodes: 58f72cb5-8974-4d0e-9564-cfe3e68dc671{ip: 192.168.69.106, host: pr-hdds-2494-dtfqw-3996435450, networkLocation: /rack1, certSerialId: null}, Type:RATIS, Factor:ONE, State:CLOSED] moved to CLOSED state
2019-11-14 22:49:24,131 [grpc-default-executor-9] INFO  impl.RaftServerProxy (RaftServerProxy.java:remove(95)) - 58f72cb5-8974-4d0e-9564-cfe3e68dc671: remove    LEADER 58f72cb5-8974-4d0e-9564-cfe3e68dc671@group-DC549A6FFF5A:t1, leader=58f72cb5-8974-4d0e-9564-cfe3e68dc671, voted=58f72cb5-8974-4d0e-9564-cfe3e68dc671, raftlog=58f72cb5-8974-4d0e-9564-cfe3e68dc671@group-DC549A6FFF5A-SegmentedRaftLog:OPENED:c0,f0,i0, conf=0: [58f72cb5-8974-4d0e-9564-cfe3e68dc671:192.168.69.106:42937], old=null RUNNING
2019-11-14 22:49:24,132 [grpc-default-executor-9] INFO  impl.RaftServerImpl (RaftServerImpl.java:lambda$shutdown$3(250)) - 58f72cb5-8974-4d0e-9564-cfe3e68dc671@group-DC549A6FFF5A: shutdown
2019-11-14 22:49:24,132 [grpc-default-executor-9] INFO  util.JmxRegister (JmxRegister.java:unregister(73)) - Successfully un-registered JMX Bean with object name Ratis:service=RaftServer,group=group-DC549A6FFF5A,id=58f72cb5-8974-4d0e-9564-cfe3e68dc671
2019-11-14 22:49:24,132 [grpc-default-executor-9] INFO  impl.RoleInfo (RoleInfo.java:shutdownLeaderState(104)) - 58f72cb5-8974-4d0e-9564-cfe3e68dc671: shutdown LeaderState
2019-11-14 22:49:24,132 [grpc-default-executor-9] INFO  impl.PendingRequests (PendingRequests.java:sendNotLeaderResponses(206)) - 58f72cb5-8974-4d0e-9564-cfe3e68dc671@group-DC549A6FFF5A-PendingRequests: sendNotLeaderResponses
2019-11-14 22:49:24,132 [grpc-default-executor-9] INFO  impl.StateMachineUpdater (StateMachineUpdater.java:stopAndJoin(136)) - 58f72cb5-8974-4d0e-9564-cfe3e68dc671@group-DC549A6FFF5A-StateMachineUpdater: set stopIndex = 0
2019-11-14 22:49:24,132 [grpc-default-executor-9] INFO  impl.RaftServerImpl (ServerState.java:close(387)) - 58f72cb5-8974-4d0e-9564-cfe3e68dc671@group-DC549A6FFF5A: closes. applyIndex: 0
2019-11-14 22:49:24,133 [58f72cb5-8974-4d0e-9564-cfe3e68dc671@group-DC549A6FFF5A-SegmentedRaftLogWorker] INFO  segmented.SegmentedRaftLogWorker (SegmentedRaftLogWorker.java:run(316)) - 58f72cb5-8974-4d0e-9564-cfe3e68dc671@group-DC549A6FFF5A-SegmentedRaftLogWorker was interrupted, exiting. There are 0 tasks remaining in the queue.
2019-11-14 22:49:24,135 [grpc-default-executor-9] INFO  segmented.SegmentedRaftLogWorker (SegmentedRaftLogWorker.java:close(224)) - 58f72cb5-8974-4d0e-9564-cfe3e68dc671@group-DC549A6FFF5A-SegmentedRaftLogWorker close()
2019-11-14 22:49:24,146 [Thread-3434] INFO  pipeline.PipelineStateManager (PipelineStateManager.java:removePipeline(106)) - Pipeline Pipeline[ Id: c8e0e736-108e-4e3e-93b4-dc549a6fff5a, Nodes: 58f72cb5-8974-4d0e-9564-cfe3e68dc671{ip: 192.168.69.106, host: pr-hdds-2494-dtfqw-3996435450, networkLocation: /rack1, certSerialId: null}, Type:RATIS, Factor:ONE, State:CLOSED] removed from db
2019-11-14 22:49:24,146 [Thread-3434] INFO  pipeline.SCMPipelineManager (SCMPipelineManager.java:finalizeAndDestroyPipeline(315)) - destroying pipeline:Pipeline[ Id: ec255c24-7512-47ee-93fd-9b30234b9aaf, Nodes: 7d8f40ed-fc7e-4283-96c6-8f8f645c1bfe{ip: 192.168.69.106, host: pr-hdds-2494-dtfqw-3996435450, networkLocation: /rack1, certSerialId: null}, Type:RATIS, Factor:ONE, State:OPEN]
2019-11-14 22:49:24,150 [grpc-default-executor-9] INFO  impl.RaftServerProxy (RaftServerProxy.java:addNew(89)) - 58f72cb5-8974-4d0e-9564-cfe3e68dc671: addNew group-89A5A7849136:[58f72cb5-8974-4d0e-9564-cfe3e68dc671:192.168.69.106:42937] returns group-89A5A7849136:java.util.concurrent.CompletableFuture@310bd5e8[Not completed]
2019-11-14 22:49:24,151 [pool-587-thread-1] INFO  impl.RaftServerImpl (RaftServerImpl.java:<init>(98)) - 58f72cb5-8974-4d0e-9564-cfe3e68dc671: new RaftServerImpl for group-89A5A7849136:[58f72cb5-8974-4d0e-9564-cfe3e68dc671:192.168.69.106:42937] with ContainerStateMachine:uninitialized
2019-11-14 22:49:24,151 [pool-587-thread-1] INFO  server.RaftServerConfigKeys (ConfUtils.java:logGet(43)) - raft.server.rpc.timeout.min = 1s (custom)
2019-11-14 22:49:24,151 [pool-587-thread-1] INFO  server.RaftServerConfigKeys (ConfUtils.java:logGet(43)) - raft.server.rpc.timeout.max = 1200ms (custom)
2019-11-14 22:49:24,151 [pool-587-thread-1] INFO  server.RaftServerConfigKeys (ConfUtils.java:logGet(43)) - raft.server.rpcslowness.timeout = 120s (custom)
2019-11-14 22:49:24,152 [pool-587-thread-1] INFO  server.RaftServerConfigKeys (ConfUtils.java:logGet(43)) - raft.server.sleep.deviation.threshold = 300 (default)
2019-11-14 22:49:24,152 [pool-587-thread-1] INFO  server.RaftServerConfigKeys (ConfUtils.java:logGet(43)) - raft.server.log.appender.install.snapshot.enabled = false (custom)
2019-11-14 22:49:24,152 [pool-587-thread-1] INFO  impl.RaftServerImpl (ServerState.java:<init>(103)) - 58f72cb5-8974-4d0e-9564-cfe3e68dc671@group-89A5A7849136: ConfigurationManager, init=-1: [58f72cb5-8974-4d0e-9564-cfe3e68dc671:192.168.69.106:42937], old=null, confs=<EMPTY_MAP>
2019-11-14 22:49:24,152 [pool-587-thread-1] INFO  server.RaftServerConfigKeys (ConfUtils.java:logGet(43)) - raft.server.storage.dir = [/workdir/hadoop-ozone/integration-test/target/test-dir/MiniOzoneClusterImpl-9caa682c-a503-45f4-84bb-f8dd249825f6/datanode-8/data/ratis] (custom)
2019-11-14 22:49:24,152 [pool-587-thread-1] INFO  server.RaftServerConfigKeys (ConfUtils.java:logGet(43)) - raft.server.log.corruption.policy = EXCEPTION (default)
2019-11-14 22:49:24,152 [pool-587-thread-1] INFO  storage.RaftStorageDirectory (RaftStorageDirectory.java:analyzeStorage(246)) - The storage directory /workdir/hadoop-ozone/integration-test/target/test-dir/MiniOzoneClusterImpl-9caa682c-a503-45f4-84bb-f8dd249825f6/datanode-8/data/ratis/8394962e-0b20-452f-b63f-89a5a7849136 does not exist. Creating ...
2019-11-14 22:49:24,176 [pool-587-thread-1] INFO  storage.RaftStorageDirectory (RaftStorageDirectory.java:tryLock(328)) - Lock on /workdir/hadoop-ozone/integration-test/target/test-dir/MiniOzoneClusterImpl-9caa682c-a503-45f4-84bb-f8dd249825f6/datanode-8/data/ratis/8394962e-0b20-452f-b63f-89a5a7849136/in_use.lock acquired by nodename 339@pr-hdds-2494-dtfqw-3996435450
2019-11-14 22:49:24,199 [pool-587-thread-1] INFO  storage.RaftStorage (RaftStorage.java:format(84)) - Storage directory /workdir/hadoop-ozone/integration-test/target/test-dir/MiniOzoneClusterImpl-9caa682c-a503-45f4-84bb-f8dd249825f6/datanode-8/data/ratis/8394962e-0b20-452f-b63f-89a5a7849136 has been successfully formatted.
2019-11-14 22:49:24,199 [pool-587-thread-1] INFO  ratis.ContainerStateMachine (ContainerStateMachine.java:loadSnapshot(223)) - group-89A5A7849136: The snapshot info is null. Setting the last applied indexto:(t:0, i:~)
2019-11-14 22:49:24,199 [pool-587-thread-1] INFO  server.RaftServerConfigKeys (ConfUtils.java:logGet(43)) - raft.server.notification.no-leader.timeout = 120s (custom)
2019-11-14 22:49:24,200 [pool-587-thread-1] INFO  server.RaftServerConfigKeys (ConfUtils.java:logGet(43)) - raft.server.log.use.memory = false (default)
2019-11-14 22:49:24,200 [pool-587-thread-1] INFO  server.RaftServerConfigKeys (ConfUtils.java:logGet(43)) - raft.server.log.purge.gap = 1000000 (custom)
2019-11-14 22:49:24,200 [pool-587-thread-1] INFO  server.RaftServerConfigKeys (ConfUtils.java:logGet(43)) - raft.server.log.appender.buffer.byte-limit = 33554432 (custom)
2019-11-14 22:49:24,200 [pool-587-thread-1] INFO  server.RaftServerConfigKeys (ConfUtils.java:logGet(43)) - raft.server.log.segment.size.max = 1048576 (custom)
2019-11-14 22:49:24,200 [pool-587-thread-1] INFO  server.RaftServerConfigKeys (ConfUtils.java:logGet(43)) - raft.server.log.segment.cache.num.max = 2 (custom)
2019-11-14 22:49:24,200 [pool-587-thread-1] INFO  segmented.SegmentedRaftLogWorker (SegmentedRaftLogWorker.java:<init>(173)) - new 58f72cb5-8974-4d0e-9564-cfe3e68dc671@group-89A5A7849136-SegmentedRaftLogWorker for RaftStorage:Storage Directory /workdir/hadoop-ozone/integration-test/target/test-dir/MiniOzoneClusterImpl-9caa682c-a503-45f4-84bb-f8dd249825f6/datanode-8/data/ratis/8394962e-0b20-452f-b63f-89a5a7849136
2019-11-14 22:49:24,200 [pool-587-thread-1] INFO  server.RaftServerConfigKeys (ConfUtils.java:logGet(43)) - raft.server.log.queue.byte-limit = 2147483647 (custom)
2019-11-14 22:49:24,200 [pool-587-thread-1] INFO  server.RaftServerConfigKeys (ConfUtils.java:logGet(43)) - raft.server.log.queue.element-limit = 1024 (custom)
2019-11-14 22:49:24,200 [pool-587-thread-1] INFO  server.RaftServerConfigKeys (ConfUtils.java:logGet(43)) - raft.server.log.segment.size.max = 1048576 (custom)
2019-11-14 22:49:24,200 [pool-587-thread-1] INFO  server.RaftServerConfigKeys (ConfUtils.java:logGet(43)) - raft.server.log.preallocated.size = 16384 (custom)
2019-11-14 22:49:24,200 [pool-587-thread-1] INFO  server.RaftServerConfigKeys (ConfUtils.java:logGet(43)) - raft.server.log.write.buffer.size = 33554432 (custom)
2019-11-14 22:49:24,200 [pool-587-thread-1] INFO  server.RaftServerConfigKeys (ConfUtils.java:logGet(43)) - raft.server.log.force.sync.num = 128 (default)
2019-11-14 22:49:24,201 [pool-587-thread-1] INFO  server.RaftServerConfigKeys (ConfUtils.java:logGet(43)) - raft.server.log.statemachine.data.sync = true (default)
2019-11-14 22:49:24,201 [pool-587-thread-1] INFO  server.RaftServerConfigKeys (ConfUtils.java:logGet(43)) - raft.server.log.statemachine.data.sync.timeout = 10s (default)
2019-11-14 22:49:24,201 [pool-587-thread-1] INFO  server.RaftServerConfigKeys (ConfUtils.java:logGet(43)) - raft.server.log.statemachine.data.sync.timeout.retry = -1 (default)
2019-11-14 22:49:24,201 [pool-587-thread-1] INFO  server.RaftServerConfigKeys (ConfUtils.java:logGet(43)) - raft.server.log.statemachine.data.caching.enabled = true (custom)
2019-11-14 22:49:24,201 [pool-587-thread-1] INFO  segmented.SegmentedRaftLogWorker (SegmentedRaftLogWorker.java:lambda$new$0(128)) - 58f72cb5-8974-4d0e-9564-cfe3e68dc671@group-89A5A7849136-SegmentedRaftLogWorker: flushIndex: setUnconditionally 0 -> -1
2019-11-14 22:49:24,201 [pool-587-thread-1] INFO  server.RaftServerConfigKeys (ConfUtils.java:logGet(43)) - raft.server.snapshot.auto.trigger.enabled = true (custom)
2019-11-14 22:49:24,201 [pool-587-thread-1] INFO  server.RaftServerConfigKeys (ConfUtils.java:logGet(43)) - raft.server.snapshot.auto.trigger.threshold = 10000 (custom)
2019-11-14 22:49:24,201 [pool-587-thread-1] INFO  server.RaftServerConfigKeys (ConfUtils.java:logGet(43)) - raft.server.snapshot.retention.file.num = 5 (custom)
2019-11-14 22:49:24,202 [pool-587-thread-1] INFO  server.RaftServerConfigKeys (ConfUtils.java:logGet(43)) - raft.server.retrycache.expirytime = 600000ms (custom)
2019-11-14 22:49:24,202 [pool-587-thread-1] WARN  impl.MetricRegistriesImpl (MetricRegistriesImpl.java:lambda$create$1(61)) - First MetricRegistry has been created without registering reporters. You may need to call MetricRegistries.global().addReportRegistration(...) before.
2019-11-14 22:49:24,202 [pool-587-thread-1] WARN  impl.MetricRegistriesImpl (MetricRegistriesImpl.java:lambda$create$1(61)) - First MetricRegistry has been created without registering reporters. You may need to call MetricRegistries.global().addReportRegistration(...) before.
2019-11-14 22:49:24,202 [pool-587-thread-1] INFO  impl.RaftServerImpl (RaftServerImpl.java:start(184)) - 58f72cb5-8974-4d0e-9564-cfe3e68dc671@group-89A5A7849136: start as a follower, conf=-1: [58f72cb5-8974-4d0e-9564-cfe3e68dc671:192.168.69.106:42937], old=null
2019-11-14 22:49:24,202 [pool-587-thread-1] INFO  impl.RaftServerImpl (RaftServerImpl.java:setRole(173)) - 58f72cb5-8974-4d0e-9564-cfe3e68dc671@group-89A5A7849136: changes role from      null to FOLLOWER at term 0 for startAsFollower
2019-11-14 22:49:24,202 [pool-587-thread-1] INFO  impl.RoleInfo (RoleInfo.java:updateAndGet(143)) - 58f72cb5-8974-4d0e-9564-cfe3e68dc671: start FollowerState
2019-11-14 22:49:24,211 [pool-587-thread-1] INFO  util.JmxRegister (JmxRegister.java:tryRegister(44)) - Successfully registered JMX Bean with object name Ratis:service=RaftServer,group=group-89A5A7849136,id=58f72cb5-8974-4d0e-9564-cfe3e68dc671
2019-11-14 22:49:24,212 [pool-587-thread-1] WARN  impl.MetricRegistriesImpl (MetricRegistriesImpl.java:lambda$create$1(61)) - First MetricRegistry has been created without registering reporters. You may need to call MetricRegistries.global().addReportRegistration(...) before.
2019-11-14 22:49:24,221 [RatisPipelineUtilsThread] INFO  pipeline.PipelineStateManager (PipelineStateManager.java:addPipeline(55)) - Created pipeline Pipeline[ Id: 8394962e-0b20-452f-b63f-89a5a7849136, Nodes: 58f72cb5-8974-4d0e-9564-cfe3e68dc671{ip: 192.168.69.106, host: pr-hdds-2494-dtfqw-3996435450, networkLocation: /rack1, certSerialId: null}, Type:RATIS, Factor:ONE, State:ALLOCATED]
2019-11-14 22:49:24,226 [Thread-3434] INFO  pipeline.PipelineStateManager (PipelineStateManager.java:finalizePipeline(121)) - Pipeline Pipeline[ Id: ec255c24-7512-47ee-93fd-9b30234b9aaf, Nodes: 7d8f40ed-fc7e-4283-96c6-8f8f645c1bfe{ip: 192.168.69.106, host: pr-hdds-2494-dtfqw-3996435450, networkLocation: /rack1, certSerialId: null}, Type:RATIS, Factor:ONE, State:CLOSED] moved to CLOSED state
2019-11-14 22:49:24,228 [grpc-default-executor-9] INFO  impl.RaftServerProxy (RaftServerProxy.java:remove(95)) - 7d8f40ed-fc7e-4283-96c6-8f8f645c1bfe: remove    LEADER 7d8f40ed-fc7e-4283-96c6-8f8f645c1bfe@group-9B30234B9AAF:t1, leader=7d8f40ed-fc7e-4283-96c6-8f8f645c1bfe, voted=7d8f40ed-fc7e-4283-96c6-8f8f645c1bfe, raftlog=7d8f40ed-fc7e-4283-96c6-8f8f645c1bfe@group-9B30234B9AAF-SegmentedRaftLog:OPENED:c0,f0,i0, conf=0: [7d8f40ed-fc7e-4283-96c6-8f8f645c1bfe:192.168.69.106:40228], old=null RUNNING
2019-11-14 22:49:24,228 [grpc-default-executor-9] INFO  impl.RaftServerImpl (RaftServerImpl.java:lambda$shutdown$3(250)) - 7d8f40ed-fc7e-4283-96c6-8f8f645c1bfe@group-9B30234B9AAF: shutdown
2019-11-14 22:49:24,229 [grpc-default-executor-9] INFO  util.JmxRegister (JmxRegister.java:unregister(73)) - Successfully un-registered JMX Bean with object name Ratis:service=RaftServer,group=group-9B30234B9AAF,id=7d8f40ed-fc7e-4283-96c6-8f8f645c1bfe
2019-11-14 22:49:24,229 [grpc-default-executor-9] INFO  impl.RoleInfo (RoleInfo.java:shutdownLeaderState(104)) - 7d8f40ed-fc7e-4283-96c6-8f8f645c1bfe: shutdown LeaderState
2019-11-14 22:49:24,229 [grpc-default-executor-9] INFO  impl.PendingRequests (PendingRequests.java:sendNotLeaderResponses(206)) - 7d8f40ed-fc7e-4283-96c6-8f8f645c1bfe@group-9B30234B9AAF-PendingRequests: sendNotLeaderResponses
2019-11-14 22:49:24,229 [grpc-default-executor-9] INFO  impl.StateMachineUpdater (StateMachineUpdater.java:stopAndJoin(136)) - 7d8f40ed-fc7e-4283-96c6-8f8f645c1bfe@group-9B30234B9AAF-StateMachineUpdater: set stopIndex = 0
2019-11-14 22:49:24,230 [grpc-default-executor-9] INFO  impl.RaftServerImpl (ServerState.java:close(387)) - 7d8f40ed-fc7e-4283-96c6-8f8f645c1bfe@group-9B30234B9AAF: closes. applyIndex: 0
2019-11-14 22:49:24,230 [7d8f40ed-fc7e-4283-96c6-8f8f645c1bfe@group-9B30234B9AAF-SegmentedRaftLogWorker] INFO  segmented.SegmentedRaftLogWorker (SegmentedRaftLogWorker.java:run(316)) - 7d8f40ed-fc7e-4283-96c6-8f8f645c1bfe@group-9B30234B9AAF-SegmentedRaftLogWorker was interrupted, exiting. There are 0 tasks remaining in the queue.
2019-11-14 22:49:24,230 [grpc-default-executor-9] INFO  segmented.SegmentedRaftLogWorker (SegmentedRaftLogWorker.java:close(224)) - 7d8f40ed-fc7e-4283-96c6-8f8f645c1bfe@group-9B30234B9AAF-SegmentedRaftLogWorker close()
2019-11-14 22:49:24,233 [Thread-3434] INFO  pipeline.PipelineStateManager (PipelineStateManager.java:removePipeline(106)) - Pipeline Pipeline[ Id: ec255c24-7512-47ee-93fd-9b30234b9aaf, Nodes: 7d8f40ed-fc7e-4283-96c6-8f8f645c1bfe{ip: 192.168.69.106, host: pr-hdds-2494-dtfqw-3996435450, networkLocation: /rack1, certSerialId: null}, Type:RATIS, Factor:ONE, State:CLOSED] removed from db
2019-11-14 22:49:24,234 [Thread-3434] INFO  pipeline.SCMPipelineManager (SCMPipelineManager.java:finalizeAndDestroyPipeline(315)) - destroying pipeline:Pipeline[ Id: ecaa2765-d615-4b65-b13a-b97f2bd76eba, Nodes: 82d9b010-cdd2-48aa-a03f-c52b44e44827{ip: 192.168.69.106, host: pr-hdds-2494-dtfqw-3996435450, networkLocation: /rack1, certSerialId: null}, Type:RATIS, Factor:ONE, State:OPEN]
2019-11-14 22:49:24,245 [grpc-default-executor-9] INFO  impl.RaftServerProxy (RaftServerProxy.java:addNew(89)) - 7d8f40ed-fc7e-4283-96c6-8f8f645c1bfe: addNew group-50D907CC9C64:[7d8f40ed-fc7e-4283-96c6-8f8f645c1bfe:192.168.69.106:40228] returns group-50D907CC9C64:java.util.concurrent.CompletableFuture@5a929419[Not completed]
2019-11-14 22:49:24,246 [pool-577-thread-1] INFO  impl.RaftServerImpl (RaftServerImpl.java:<init>(98)) - 7d8f40ed-fc7e-4283-96c6-8f8f645c1bfe: new RaftServerImpl for group-50D907CC9C64:[7d8f40ed-fc7e-4283-96c6-8f8f645c1bfe:192.168.69.106:40228] with ContainerStateMachine:uninitialized
2019-11-14 22:49:24,246 [pool-577-thread-1] INFO  server.RaftServerConfigKeys (ConfUtils.java:logGet(43)) - raft.server.rpc.timeout.min = 1s (custom)
2019-11-14 22:49:24,246 [pool-577-thread-1] INFO  server.RaftServerConfigKeys (ConfUtils.java:logGet(43)) - raft.server.rpc.timeout.max = 1200ms (custom)
2019-11-14 22:49:24,247 [pool-577-thread-1] INFO  server.RaftServerConfigKeys (ConfUtils.java:logGet(43)) - raft.server.rpcslowness.timeout = 120s (custom)
2019-11-14 22:49:24,247 [pool-577-thread-1] INFO  server.RaftServerConfigKeys (ConfUtils.java:logGet(43)) - raft.server.sleep.deviation.threshold = 300 (default)
2019-11-14 22:49:24,247 [pool-577-thread-1] INFO  server.RaftServerConfigKeys (ConfUtils.java:logGet(43)) - raft.server.log.appender.install.snapshot.enabled = false (custom)
2019-11-14 22:49:24,247 [pool-577-thread-1] INFO  impl.RaftServerImpl (ServerState.java:<init>(103)) - 7d8f40ed-fc7e-4283-96c6-8f8f645c1bfe@group-50D907CC9C64: ConfigurationManager, init=-1: [7d8f40ed-fc7e-4283-96c6-8f8f645c1bfe:192.168.69.106:40228], old=null, confs=<EMPTY_MAP>
2019-11-14 22:49:24,247 [pool-577-thread-1] INFO  server.RaftServerConfigKeys (ConfUtils.java:logGet(43)) - raft.server.storage.dir = [/workdir/hadoop-ozone/integration-test/target/test-dir/MiniOzoneClusterImpl-9caa682c-a503-45f4-84bb-f8dd249825f6/datanode-7/data/ratis] (custom)
2019-11-14 22:49:24,247 [pool-577-thread-1] INFO  server.RaftServerConfigKeys (ConfUtils.java:logGet(43)) - raft.server.log.corruption.policy = EXCEPTION (default)
2019-11-14 22:49:24,248 [pool-577-thread-1] INFO  storage.RaftStorageDirectory (RaftStorageDirectory.java:analyzeStorage(246)) - The storage directory /workdir/hadoop-ozone/integration-test/target/test-dir/MiniOzoneClusterImpl-9caa682c-a503-45f4-84bb-f8dd249825f6/datanode-7/data/ratis/4acee350-9278-4729-91b2-50d907cc9c64 does not exist. Creating ...
2019-11-14 22:49:24,278 [pool-577-thread-1] INFO  storage.RaftStorageDirectory (RaftStorageDirectory.java:tryLock(328)) - Lock on /workdir/hadoop-ozone/integration-test/target/test-dir/MiniOzoneClusterImpl-9caa682c-a503-45f4-84bb-f8dd249825f6/datanode-7/data/ratis/4acee350-9278-4729-91b2-50d907cc9c64/in_use.lock acquired by nodename 339@pr-hdds-2494-dtfqw-3996435450
2019-11-14 22:49:24,310 [pool-577-thread-1] INFO  storage.RaftStorage (RaftStorage.java:format(84)) - Storage directory /workdir/hadoop-ozone/integration-test/target/test-dir/MiniOzoneClusterImpl-9caa682c-a503-45f4-84bb-f8dd249825f6/datanode-7/data/ratis/4acee350-9278-4729-91b2-50d907cc9c64 has been successfully formatted.
2019-11-14 22:49:24,310 [pool-577-thread-1] INFO  ratis.ContainerStateMachine (ContainerStateMachine.java:loadSnapshot(223)) - group-50D907CC9C64: The snapshot info is null. Setting the last applied indexto:(t:0, i:~)
2019-11-14 22:49:24,310 [pool-577-thread-1] INFO  server.RaftServerConfigKeys (ConfUtils.java:logGet(43)) - raft.server.notification.no-leader.timeout = 120s (custom)
2019-11-14 22:49:24,310 [pool-577-thread-1] INFO  server.RaftServerConfigKeys (ConfUtils.java:logGet(43)) - raft.server.log.use.memory = false (default)
2019-11-14 22:49:24,310 [pool-577-thread-1] INFO  server.RaftServerConfigKeys (ConfUtils.java:logGet(43)) - raft.server.log.purge.gap = 1000000 (custom)
2019-11-14 22:49:24,310 [pool-577-thread-1] INFO  server.RaftServerConfigKeys (ConfUtils.java:logGet(43)) - raft.server.log.appender.buffer.byte-limit = 33554432 (custom)
2019-11-14 22:49:24,310 [pool-577-thread-1] INFO  server.RaftServerConfigKeys (ConfUtils.java:logGet(43)) - raft.server.log.segment.size.max = 1048576 (custom)
2019-11-14 22:49:24,311 [pool-577-thread-1] INFO  server.RaftServerConfigKeys (ConfUtils.java:logGet(43)) - raft.server.log.segment.cache.num.max = 2 (custom)
2019-11-14 22:49:24,311 [pool-577-thread-1] INFO  segmented.SegmentedRaftLogWorker (SegmentedRaftLogWorker.java:<init>(173)) - new 7d8f40ed-fc7e-4283-96c6-8f8f645c1bfe@group-50D907CC9C64-SegmentedRaftLogWorker for RaftStorage:Storage Directory /workdir/hadoop-ozone/integration-test/target/test-dir/MiniOzoneClusterImpl-9caa682c-a503-45f4-84bb-f8dd249825f6/datanode-7/data/ratis/4acee350-9278-4729-91b2-50d907cc9c64
2019-11-14 22:49:24,311 [pool-577-thread-1] INFO  server.RaftServerConfigKeys (ConfUtils.java:logGet(43)) - raft.server.log.queue.byte-limit = 2147483647 (custom)
2019-11-14 22:49:24,311 [pool-577-thread-1] INFO  server.RaftServerConfigKeys (ConfUtils.java:logGet(43)) - raft.server.log.queue.element-limit = 1024 (custom)
2019-11-14 22:49:24,311 [pool-577-thread-1] INFO  server.RaftServerConfigKeys (ConfUtils.java:logGet(43)) - raft.server.log.segment.size.max = 1048576 (custom)
2019-11-14 22:49:24,311 [pool-577-thread-1] INFO  server.RaftServerConfigKeys (ConfUtils.java:logGet(43)) - raft.server.log.preallocated.size = 16384 (custom)
2019-11-14 22:49:24,311 [pool-577-thread-1] INFO  server.RaftServerConfigKeys (ConfUtils.java:logGet(43)) - raft.server.log.write.buffer.size = 33554432 (custom)
2019-11-14 22:49:24,311 [pool-577-thread-1] INFO  server.RaftServerConfigKeys (ConfUtils.java:logGet(43)) - raft.server.log.force.sync.num = 128 (default)
2019-11-14 22:49:24,311 [pool-577-thread-1] INFO  server.RaftServerConfigKeys (ConfUtils.java:logGet(43)) - raft.server.log.statemachine.data.sync = true (default)
2019-11-14 22:49:24,311 [pool-577-thread-1] INFO  server.RaftServerConfigKeys (ConfUtils.java:logGet(43)) - raft.server.log.statemachine.data.sync.timeout = 10s (default)
2019-11-14 22:49:24,311 [pool-577-thread-1] INFO  server.RaftServerConfigKeys (ConfUtils.java:logGet(43)) - raft.server.log.statemachine.data.sync.timeout.retry = -1 (default)
2019-11-14 22:49:24,311 [pool-577-thread-1] INFO  server.RaftServerConfigKeys (ConfUtils.java:logGet(43)) - raft.server.log.statemachine.data.caching.enabled = true (custom)
2019-11-14 22:49:24,312 [pool-577-thread-1] INFO  segmented.SegmentedRaftLogWorker (SegmentedRaftLogWorker.java:lambda$new$0(128)) - 7d8f40ed-fc7e-4283-96c6-8f8f645c1bfe@group-50D907CC9C64-SegmentedRaftLogWorker: flushIndex: setUnconditionally 0 -> -1
2019-11-14 22:49:24,312 [pool-577-thread-1] INFO  server.RaftServerConfigKeys (ConfUtils.java:logGet(43)) - raft.server.snapshot.auto.trigger.enabled = true (custom)
2019-11-14 22:49:24,312 [pool-577-thread-1] INFO  server.RaftServerConfigKeys (ConfUtils.java:logGet(43)) - raft.server.snapshot.auto.trigger.threshold = 10000 (custom)
2019-11-14 22:49:24,312 [pool-577-thread-1] INFO  server.RaftServerConfigKeys (ConfUtils.java:logGet(43)) - raft.server.snapshot.retention.file.num = 5 (custom)
2019-11-14 22:49:24,312 [pool-577-thread-1] INFO  server.RaftServerConfigKeys (ConfUtils.java:logGet(43)) - raft.server.retrycache.expirytime = 600000ms (custom)
2019-11-14 22:49:24,312 [pool-577-thread-1] WARN  impl.MetricRegistriesImpl (MetricRegistriesImpl.java:lambda$create$1(61)) - First MetricRegistry has been created without registering reporters. You may need to call MetricRegistries.global().addReportRegistration(...) before.
2019-11-14 22:49:24,312 [pool-577-thread-1] WARN  impl.MetricRegistriesImpl (MetricRegistriesImpl.java:lambda$create$1(61)) - First MetricRegistry has been created without registering reporters. You may need to call MetricRegistries.global().addReportRegistration(...) before.
2019-11-14 22:49:24,312 [pool-577-thread-1] INFO  impl.RaftServerImpl (RaftServerImpl.java:start(184)) - 7d8f40ed-fc7e-4283-96c6-8f8f645c1bfe@group-50D907CC9C64: start as a follower, conf=-1: [7d8f40ed-fc7e-4283-96c6-8f8f645c1bfe:192.168.69.106:40228], old=null
2019-11-14 22:49:24,312 [pool-577-thread-1] INFO  impl.RaftServerImpl (RaftServerImpl.java:setRole(173)) - 7d8f40ed-fc7e-4283-96c6-8f8f645c1bfe@group-50D907CC9C64: changes role from      null to FOLLOWER at term 0 for startAsFollower
2019-11-14 22:49:24,312 [pool-577-thread-1] INFO  impl.RoleInfo (RoleInfo.java:updateAndGet(143)) - 7d8f40ed-fc7e-4283-96c6-8f8f645c1bfe: start FollowerState
2019-11-14 22:49:24,313 [pool-577-thread-1] INFO  util.JmxRegister (JmxRegister.java:tryRegister(44)) - Successfully registered JMX Bean with object name Ratis:service=RaftServer,group=group-50D907CC9C64,id=7d8f40ed-fc7e-4283-96c6-8f8f645c1bfe
2019-11-14 22:49:24,313 [pool-577-thread-1] WARN  impl.MetricRegistriesImpl (MetricRegistriesImpl.java:lambda$create$1(61)) - First MetricRegistry has been created without registering reporters. You may need to call MetricRegistries.global().addReportRegistration(...) before.
2019-11-14 22:49:24,314 [RatisPipelineUtilsThread] INFO  pipeline.PipelineStateManager (PipelineStateManager.java:addPipeline(55)) - Created pipeline Pipeline[ Id: 4acee350-9278-4729-91b2-50d907cc9c64, Nodes: 7d8f40ed-fc7e-4283-96c6-8f8f645c1bfe{ip: 192.168.69.106, host: pr-hdds-2494-dtfqw-3996435450, networkLocation: /rack1, certSerialId: null}, Type:RATIS, Factor:ONE, State:ALLOCATED]
2019-11-14 22:49:24,315 [Thread-3434] INFO  pipeline.PipelineStateManager (PipelineStateManager.java:finalizePipeline(121)) - Pipeline Pipeline[ Id: ecaa2765-d615-4b65-b13a-b97f2bd76eba, Nodes: 82d9b010-cdd2-48aa-a03f-c52b44e44827{ip: 192.168.69.106, host: pr-hdds-2494-dtfqw-3996435450, networkLocation: /rack1, certSerialId: null}, Type:RATIS, Factor:ONE, State:CLOSED] moved to CLOSED state
2019-11-14 22:49:24,318 [grpc-default-executor-9] INFO  impl.RaftServerProxy (RaftServerProxy.java:remove(95)) - 82d9b010-cdd2-48aa-a03f-c52b44e44827: remove    LEADER 82d9b010-cdd2-48aa-a03f-c52b44e44827@group-B97F2BD76EBA:t1, leader=82d9b010-cdd2-48aa-a03f-c52b44e44827, voted=82d9b010-cdd2-48aa-a03f-c52b44e44827, raftlog=82d9b010-cdd2-48aa-a03f-c52b44e44827@group-B97F2BD76EBA-SegmentedRaftLog:OPENED:c0,f0,i0, conf=0: [82d9b010-cdd2-48aa-a03f-c52b44e44827:192.168.69.106:46701], old=null RUNNING
2019-11-14 22:49:24,318 [grpc-default-executor-9] INFO  impl.RaftServerImpl (RaftServerImpl.java:lambda$shutdown$3(250)) - 82d9b010-cdd2-48aa-a03f-c52b44e44827@group-B97F2BD76EBA: shutdown
2019-11-14 22:49:24,318 [grpc-default-executor-9] INFO  util.JmxRegister (JmxRegister.java:unregister(73)) - Successfully un-registered JMX Bean with object name Ratis:service=RaftServer,group=group-B97F2BD76EBA,id=82d9b010-cdd2-48aa-a03f-c52b44e44827
2019-11-14 22:49:24,318 [grpc-default-executor-9] INFO  impl.RoleInfo (RoleInfo.java:shutdownLeaderState(104)) - 82d9b010-cdd2-48aa-a03f-c52b44e44827: shutdown LeaderState
2019-11-14 22:49:24,319 [grpc-default-executor-9] INFO  impl.PendingRequests (PendingRequests.java:sendNotLeaderResponses(206)) - 82d9b010-cdd2-48aa-a03f-c52b44e44827@group-B97F2BD76EBA-PendingRequests: sendNotLeaderResponses
2019-11-14 22:49:24,319 [grpc-default-executor-9] INFO  impl.StateMachineUpdater (StateMachineUpdater.java:stopAndJoin(136)) - 82d9b010-cdd2-48aa-a03f-c52b44e44827@group-B97F2BD76EBA-StateMachineUpdater: set stopIndex = 0
2019-11-14 22:49:24,319 [grpc-default-executor-9] INFO  impl.RaftServerImpl (ServerState.java:close(387)) - 82d9b010-cdd2-48aa-a03f-c52b44e44827@group-B97F2BD76EBA: closes. applyIndex: 0
2019-11-14 22:49:24,319 [82d9b010-cdd2-48aa-a03f-c52b44e44827@group-B97F2BD76EBA-SegmentedRaftLogWorker] INFO  segmented.SegmentedRaftLogWorker (SegmentedRaftLogWorker.java:run(316)) - 82d9b010-cdd2-48aa-a03f-c52b44e44827@group-B97F2BD76EBA-SegmentedRaftLogWorker was interrupted, exiting. There are 0 tasks remaining in the queue.
2019-11-14 22:49:24,319 [grpc-default-executor-9] INFO  segmented.SegmentedRaftLogWorker (SegmentedRaftLogWorker.java:close(224)) - 82d9b010-cdd2-48aa-a03f-c52b44e44827@group-B97F2BD76EBA-SegmentedRaftLogWorker close()
2019-11-14 22:49:24,324 [Thread-3434] INFO  pipeline.PipelineStateManager (PipelineStateManager.java:removePipeline(106)) - Pipeline Pipeline[ Id: ecaa2765-d615-4b65-b13a-b97f2bd76eba, Nodes: 82d9b010-cdd2-48aa-a03f-c52b44e44827{ip: 192.168.69.106, host: pr-hdds-2494-dtfqw-3996435450, networkLocation: /rack1, certSerialId: null}, Type:RATIS, Factor:ONE, State:CLOSED] removed from db
2019-11-14 22:49:24,325 [Thread-3434] INFO  pipeline.SCMPipelineManager (SCMPipelineManager.java:finalizeAndDestroyPipeline(315)) - destroying pipeline:Pipeline[ Id: 731c1a42-2944-48eb-8101-e7dae29fa52d, Nodes: df16aec3-050f-40e4-a922-70bdb89d4bf1{ip: 192.168.69.106, host: pr-hdds-2494-dtfqw-3996435450, networkLocation: /rack1, certSerialId: null}, Type:RATIS, Factor:ONE, State:OPEN]
2019-11-14 22:49:24,327 [grpc-default-executor-9] INFO  impl.RaftServerProxy (RaftServerProxy.java:addNew(89)) - 82d9b010-cdd2-48aa-a03f-c52b44e44827: addNew group-007338B2682B:[82d9b010-cdd2-48aa-a03f-c52b44e44827:192.168.69.106:46701] returns group-007338B2682B:java.util.concurrent.CompletableFuture@20b23907[Not completed]
2019-11-14 22:49:24,327 [pool-597-thread-1] INFO  impl.RaftServerImpl (RaftServerImpl.java:<init>(98)) - 82d9b010-cdd2-48aa-a03f-c52b44e44827: new RaftServerImpl for group-007338B2682B:[82d9b010-cdd2-48aa-a03f-c52b44e44827:192.168.69.106:46701] with ContainerStateMachine:uninitialized
2019-11-14 22:49:24,328 [pool-597-thread-1] INFO  server.RaftServerConfigKeys (ConfUtils.java:logGet(43)) - raft.server.rpc.timeout.min = 1s (custom)
2019-11-14 22:49:24,328 [pool-597-thread-1] INFO  server.RaftServerConfigKeys (ConfUtils.java:logGet(43)) - raft.server.rpc.timeout.max = 1200ms (custom)
2019-11-14 22:49:24,328 [pool-597-thread-1] INFO  server.RaftServerConfigKeys (ConfUtils.java:logGet(43)) - raft.server.rpcslowness.timeout = 120s (custom)
2019-11-14 22:49:24,328 [pool-597-thread-1] INFO  server.RaftServerConfigKeys (ConfUtils.java:logGet(43)) - raft.server.sleep.deviation.threshold = 300 (default)
2019-11-14 22:49:24,328 [pool-597-thread-1] INFO  server.RaftServerConfigKeys (ConfUtils.java:logGet(43)) - raft.server.log.appender.install.snapshot.enabled = false (custom)
2019-11-14 22:49:24,328 [pool-597-thread-1] INFO  impl.RaftServerImpl (ServerState.java:<init>(103)) - 82d9b010-cdd2-48aa-a03f-c52b44e44827@group-007338B2682B: ConfigurationManager, init=-1: [82d9b010-cdd2-48aa-a03f-c52b44e44827:192.168.69.106:46701], old=null, confs=<EMPTY_MAP>
2019-11-14 22:49:24,328 [pool-597-thread-1] INFO  server.RaftServerConfigKeys (ConfUtils.java:logGet(43)) - raft.server.storage.dir = [/workdir/hadoop-ozone/integration-test/target/test-dir/MiniOzoneClusterImpl-9caa682c-a503-45f4-84bb-f8dd249825f6/datanode-9/data/ratis] (custom)
2019-11-14 22:49:24,328 [pool-597-thread-1] INFO  server.RaftServerConfigKeys (ConfUtils.java:logGet(43)) - raft.server.log.corruption.policy = EXCEPTION (default)
2019-11-14 22:49:24,328 [pool-597-thread-1] INFO  storage.RaftStorageDirectory (RaftStorageDirectory.java:analyzeStorage(246)) - The storage directory /workdir/hadoop-ozone/integration-test/target/test-dir/MiniOzoneClusterImpl-9caa682c-a503-45f4-84bb-f8dd249825f6/datanode-9/data/ratis/3df9c718-edd1-4852-8cb7-007338b2682b does not exist. Creating ...
2019-11-14 22:49:24,361 [pool-597-thread-1] INFO  storage.RaftStorageDirectory (RaftStorageDirectory.java:tryLock(328)) - Lock on /workdir/hadoop-ozone/integration-test/target/test-dir/MiniOzoneClusterImpl-9caa682c-a503-45f4-84bb-f8dd249825f6/datanode-9/data/ratis/3df9c718-edd1-4852-8cb7-007338b2682b/in_use.lock acquired by nodename 339@pr-hdds-2494-dtfqw-3996435450
2019-11-14 22:49:24,373 [Thread-3578] INFO  impl.FollowerState (FollowerState.java:run(111)) - 82d9b010-cdd2-48aa-a03f-c52b44e44827@group-F1AED5EE4D6F-FollowerState: change to CANDIDATE, lastRpcTime:1077ms, electionTimeout:1077ms
2019-11-14 22:49:24,373 [Thread-3578] INFO  impl.RoleInfo (RoleInfo.java:shutdownFollowerState(121)) - 82d9b010-cdd2-48aa-a03f-c52b44e44827: shutdown FollowerState
2019-11-14 22:49:24,373 [Thread-3578] INFO  impl.RaftServerImpl (RaftServerImpl.java:setRole(173)) - 82d9b010-cdd2-48aa-a03f-c52b44e44827@group-F1AED5EE4D6F: changes role from  FOLLOWER to CANDIDATE at term 0 for changeToCandidate
2019-11-14 22:49:24,373 [Thread-3578] INFO  impl.RoleInfo (RoleInfo.java:updateAndGet(143)) - 82d9b010-cdd2-48aa-a03f-c52b44e44827: start LeaderElection
2019-11-14 22:49:24,386 [pool-597-thread-1] INFO  storage.RaftStorage (RaftStorage.java:format(84)) - Storage directory /workdir/hadoop-ozone/integration-test/target/test-dir/MiniOzoneClusterImpl-9caa682c-a503-45f4-84bb-f8dd249825f6/datanode-9/data/ratis/3df9c718-edd1-4852-8cb7-007338b2682b has been successfully formatted.
2019-11-14 22:49:24,386 [pool-597-thread-1] INFO  ratis.ContainerStateMachine (ContainerStateMachine.java:loadSnapshot(223)) - group-007338B2682B: The snapshot info is null. Setting the last applied indexto:(t:0, i:~)
2019-11-14 22:49:24,386 [pool-597-thread-1] INFO  server.RaftServerConfigKeys (ConfUtils.java:logGet(43)) - raft.server.notification.no-leader.timeout = 120s (custom)
2019-11-14 22:49:24,386 [pool-597-thread-1] INFO  server.RaftServerConfigKeys (ConfUtils.java:logGet(43)) - raft.server.log.use.memory = false (default)
2019-11-14 22:49:24,387 [pool-597-thread-1] INFO  server.RaftServerConfigKeys (ConfUtils.java:logGet(43)) - raft.server.log.purge.gap = 1000000 (custom)
2019-11-14 22:49:24,387 [pool-597-thread-1] INFO  server.RaftServerConfigKeys (ConfUtils.java:logGet(43)) - raft.server.log.appender.buffer.byte-limit = 33554432 (custom)
2019-11-14 22:49:24,387 [pool-597-thread-1] INFO  server.RaftServerConfigKeys (ConfUtils.java:logGet(43)) - raft.server.log.segment.size.max = 1048576 (custom)
2019-11-14 22:49:24,387 [pool-597-thread-1] INFO  server.RaftServerConfigKeys (ConfUtils.java:logGet(43)) - raft.server.log.segment.cache.num.max = 2 (custom)
2019-11-14 22:49:24,387 [pool-597-thread-1] INFO  segmented.SegmentedRaftLogWorker (SegmentedRaftLogWorker.java:<init>(173)) - new 82d9b010-cdd2-48aa-a03f-c52b44e44827@group-007338B2682B-SegmentedRaftLogWorker for RaftStorage:Storage Directory /workdir/hadoop-ozone/integration-test/target/test-dir/MiniOzoneClusterImpl-9caa682c-a503-45f4-84bb-f8dd249825f6/datanode-9/data/ratis/3df9c718-edd1-4852-8cb7-007338b2682b
2019-11-14 22:49:24,387 [pool-597-thread-1] INFO  server.RaftServerConfigKeys (ConfUtils.java:logGet(43)) - raft.server.log.queue.byte-limit = 2147483647 (custom)
2019-11-14 22:49:24,387 [pool-597-thread-1] INFO  server.RaftServerConfigKeys (ConfUtils.java:logGet(43)) - raft.server.log.queue.element-limit = 1024 (custom)
2019-11-14 22:49:24,387 [pool-597-thread-1] INFO  server.RaftServerConfigKeys (ConfUtils.java:logGet(43)) - raft.server.log.segment.size.max = 1048576 (custom)
2019-11-14 22:49:24,388 [pool-597-thread-1] INFO  server.RaftServerConfigKeys (ConfUtils.java:logGet(43)) - raft.server.log.preallocated.size = 16384 (custom)
2019-11-14 22:49:24,388 [pool-597-thread-1] INFO  server.RaftServerConfigKeys (ConfUtils.java:logGet(43)) - raft.server.log.write.buffer.size = 33554432 (custom)
2019-11-14 22:49:24,388 [pool-597-thread-1] INFO  server.RaftServerConfigKeys (ConfUtils.java:logGet(43)) - raft.server.log.force.sync.num = 128 (default)
2019-11-14 22:49:24,388 [pool-597-thread-1] INFO  server.RaftServerConfigKeys (ConfUtils.java:logGet(43)) - raft.server.log.statemachine.data.sync = true (default)
2019-11-14 22:49:24,388 [pool-597-thread-1] INFO  server.RaftServerConfigKeys (ConfUtils.java:logGet(43)) - raft.server.log.statemachine.data.sync.timeout = 10s (default)
2019-11-14 22:49:24,388 [pool-597-thread-1] INFO  server.RaftServerConfigKeys (ConfUtils.java:logGet(43)) - raft.server.log.statemachine.data.sync.timeout.retry = -1 (default)
2019-11-14 22:49:24,388 [pool-597-thread-1] INFO  server.RaftServerConfigKeys (ConfUtils.java:logGet(43)) - raft.server.log.statemachine.data.caching.enabled = true (custom)
2019-11-14 22:49:24,388 [pool-597-thread-1] INFO  segmented.SegmentedRaftLogWorker (SegmentedRaftLogWorker.java:lambda$new$0(128)) - 82d9b010-cdd2-48aa-a03f-c52b44e44827@group-007338B2682B-SegmentedRaftLogWorker: flushIndex: setUnconditionally 0 -> -1
2019-11-14 22:49:24,389 [pool-597-thread-1] INFO  server.RaftServerConfigKeys (ConfUtils.java:logGet(43)) - raft.server.snapshot.auto.trigger.enabled = true (custom)
2019-11-14 22:49:24,389 [pool-597-thread-1] INFO  server.RaftServerConfigKeys (ConfUtils.java:logGet(43)) - raft.server.snapshot.auto.trigger.threshold = 10000 (custom)
2019-11-14 22:49:24,389 [pool-597-thread-1] INFO  server.RaftServerConfigKeys (ConfUtils.java:logGet(43)) - raft.server.snapshot.retention.file.num = 5 (custom)
2019-11-14 22:49:24,389 [pool-597-thread-1] INFO  server.RaftServerConfigKeys (ConfUtils.java:logGet(43)) - raft.server.retrycache.expirytime = 600000ms (custom)
2019-11-14 22:49:24,389 [pool-597-thread-1] WARN  impl.MetricRegistriesImpl (MetricRegistriesImpl.java:lambda$create$1(61)) - First MetricRegistry has been created without registering reporters. You may need to call MetricRegistries.global().addReportRegistration(...) before.
2019-11-14 22:49:24,389 [pool-597-thread-1] WARN  impl.MetricRegistriesImpl (MetricRegistriesImpl.java:lambda$create$1(61)) - First MetricRegistry has been created without registering reporters. You may need to call MetricRegistries.global().addReportRegistration(...) before.
2019-11-14 22:49:24,390 [pool-597-thread-1] INFO  impl.RaftServerImpl (RaftServerImpl.java:start(184)) - 82d9b010-cdd2-48aa-a03f-c52b44e44827@group-007338B2682B: start as a follower, conf=-1: [82d9b010-cdd2-48aa-a03f-c52b44e44827:192.168.69.106:46701], old=null
2019-11-14 22:49:24,390 [pool-597-thread-1] INFO  impl.RaftServerImpl (RaftServerImpl.java:setRole(173)) - 82d9b010-cdd2-48aa-a03f-c52b44e44827@group-007338B2682B: changes role from      null to FOLLOWER at term 0 for startAsFollower
2019-11-14 22:49:24,390 [pool-597-thread-1] INFO  impl.RoleInfo (RoleInfo.java:updateAndGet(143)) - 82d9b010-cdd2-48aa-a03f-c52b44e44827: start FollowerState
2019-11-14 22:49:24,390 [pool-597-thread-1] INFO  util.JmxRegister (JmxRegister.java:tryRegister(44)) - Successfully registered JMX Bean with object name Ratis:service=RaftServer,group=group-007338B2682B,id=82d9b010-cdd2-48aa-a03f-c52b44e44827
2019-11-14 22:49:24,390 [pool-597-thread-1] WARN  impl.MetricRegistriesImpl (MetricRegistriesImpl.java:lambda$create$1(61)) - First MetricRegistry has been created without registering reporters. You may need to call MetricRegistries.global().addReportRegistration(...) before.
2019-11-14 22:49:24,392 [RatisPipelineUtilsThread] INFO  pipeline.PipelineStateManager (PipelineStateManager.java:addPipeline(55)) - Created pipeline Pipeline[ Id: 3df9c718-edd1-4852-8cb7-007338b2682b, Nodes: 82d9b010-cdd2-48aa-a03f-c52b44e44827{ip: 192.168.69.106, host: pr-hdds-2494-dtfqw-3996435450, networkLocation: /rack1, certSerialId: null}, Type:RATIS, Factor:ONE, State:ALLOCATED]
2019-11-14 22:49:24,392 [Thread-3434] INFO  pipeline.PipelineStateManager (PipelineStateManager.java:finalizePipeline(121)) - Pipeline Pipeline[ Id: 731c1a42-2944-48eb-8101-e7dae29fa52d, Nodes: df16aec3-050f-40e4-a922-70bdb89d4bf1{ip: 192.168.69.106, host: pr-hdds-2494-dtfqw-3996435450, networkLocation: /rack1, certSerialId: null}, Type:RATIS, Factor:ONE, State:CLOSED] moved to CLOSED state
2019-11-14 22:49:24,394 [grpc-default-executor-9] INFO  impl.RaftServerProxy (RaftServerProxy.java:remove(95)) - df16aec3-050f-40e4-a922-70bdb89d4bf1: remove    LEADER df16aec3-050f-40e4-a922-70bdb89d4bf1@group-E7DAE29FA52D:t1, leader=df16aec3-050f-40e4-a922-70bdb89d4bf1, voted=df16aec3-050f-40e4-a922-70bdb89d4bf1, raftlog=df16aec3-050f-40e4-a922-70bdb89d4bf1@group-E7DAE29FA52D-SegmentedRaftLog:OPENED:c0,f0,i0, conf=0: [df16aec3-050f-40e4-a922-70bdb89d4bf1:192.168.69.106:44144], old=null RUNNING
2019-11-14 22:49:24,395 [grpc-default-executor-9] INFO  impl.RaftServerImpl (RaftServerImpl.java:lambda$shutdown$3(250)) - df16aec3-050f-40e4-a922-70bdb89d4bf1@group-E7DAE29FA52D: shutdown
2019-11-14 22:49:24,395 [grpc-default-executor-9] INFO  util.JmxRegister (JmxRegister.java:unregister(73)) - Successfully un-registered JMX Bean with object name Ratis:service=RaftServer,group=group-E7DAE29FA52D,id=df16aec3-050f-40e4-a922-70bdb89d4bf1
2019-11-14 22:49:24,395 [grpc-default-executor-9] INFO  impl.RoleInfo (RoleInfo.java:shutdownLeaderState(104)) - df16aec3-050f-40e4-a922-70bdb89d4bf1: shutdown LeaderState
2019-11-14 22:49:24,395 [grpc-default-executor-9] INFO  impl.PendingRequests (PendingRequests.java:sendNotLeaderResponses(206)) - df16aec3-050f-40e4-a922-70bdb89d4bf1@group-E7DAE29FA52D-PendingRequests: sendNotLeaderResponses
2019-11-14 22:49:24,395 [grpc-default-executor-9] INFO  impl.StateMachineUpdater (StateMachineUpdater.java:stopAndJoin(136)) - df16aec3-050f-40e4-a922-70bdb89d4bf1@group-E7DAE29FA52D-StateMachineUpdater: set stopIndex = 0
2019-11-14 22:49:24,395 [grpc-default-executor-9] INFO  impl.RaftServerImpl (ServerState.java:close(387)) - df16aec3-050f-40e4-a922-70bdb89d4bf1@group-E7DAE29FA52D: closes. applyIndex: 0
2019-11-14 22:49:24,395 [df16aec3-050f-40e4-a922-70bdb89d4bf1@group-E7DAE29FA52D-SegmentedRaftLogWorker] INFO  segmented.SegmentedRaftLogWorker (SegmentedRaftLogWorker.java:run(316)) - df16aec3-050f-40e4-a922-70bdb89d4bf1@group-E7DAE29FA52D-SegmentedRaftLogWorker was interrupted, exiting. There are 0 tasks remaining in the queue.
2019-11-14 22:49:24,396 [grpc-default-executor-9] INFO  segmented.SegmentedRaftLogWorker (SegmentedRaftLogWorker.java:close(224)) - df16aec3-050f-40e4-a922-70bdb89d4bf1@group-E7DAE29FA52D-SegmentedRaftLogWorker close()
2019-11-14 22:49:24,400 [Thread-3434] INFO  pipeline.PipelineStateManager (PipelineStateManager.java:removePipeline(106)) - Pipeline Pipeline[ Id: 731c1a42-2944-48eb-8101-e7dae29fa52d, Nodes: df16aec3-050f-40e4-a922-70bdb89d4bf1{ip: 192.168.69.106, host: pr-hdds-2494-dtfqw-3996435450, networkLocation: /rack1, certSerialId: null}, Type:RATIS, Factor:ONE, State:CLOSED] removed from db
2019-11-14 22:49:24,400 [Thread-3434] INFO  pipeline.SCMPipelineManager (SCMPipelineManager.java:finalizeAndDestroyPipeline(315)) - destroying pipeline:Pipeline[ Id: dc527ecd-97dd-4c80-aed6-09127dd028e9, Nodes: ec693a0a-7ab2-40db-baa2-190e1e2b8078{ip: 192.168.69.106, host: pr-hdds-2494-dtfqw-3996435450, networkLocation: /rack1, certSerialId: null}ce51abe9-fc49-4310-abba-812881959ce0{ip: 192.168.69.106, host: pr-hdds-2494-dtfqw-3996435450, networkLocation: /rack1, certSerialId: null}dafdef77-e865-403b-bc5e-c37989f56ddc{ip: 192.168.69.106, host: pr-hdds-2494-dtfqw-3996435450, networkLocation: /rack1, certSerialId: null}, Type:RATIS, Factor:THREE, State:OPEN]
2019-11-14 22:49:24,403 [grpc-default-executor-9] INFO  impl.RaftServerProxy (RaftServerProxy.java:addNew(89)) - df16aec3-050f-40e4-a922-70bdb89d4bf1: addNew group-26F27DEB4FA9:[df16aec3-050f-40e4-a922-70bdb89d4bf1:192.168.69.106:44144] returns group-26F27DEB4FA9:java.util.concurrent.CompletableFuture@28fcf790[Not completed]
2019-11-14 22:49:24,403 [82d9b010-cdd2-48aa-a03f-c52b44e44827@group-F1AED5EE4D6F-LeaderElection150] INFO  impl.LeaderElection (LeaderElection.java:askForVotes(178)) - 82d9b010-cdd2-48aa-a03f-c52b44e44827@group-F1AED5EE4D6F-LeaderElection150: begin an election at term 1 for -1: [df16aec3-050f-40e4-a922-70bdb89d4bf1:192.168.69.106:44144, 82d9b010-cdd2-48aa-a03f-c52b44e44827:192.168.69.106:46701, c5c819e6-85b2-482d-9128-e8ea2b7ba4a4:192.168.69.106:40987], old=null
2019-11-14 22:49:24,403 [pool-507-thread-1] INFO  impl.RaftServerImpl (RaftServerImpl.java:<init>(98)) - df16aec3-050f-40e4-a922-70bdb89d4bf1: new RaftServerImpl for group-26F27DEB4FA9:[df16aec3-050f-40e4-a922-70bdb89d4bf1:192.168.69.106:44144] with ContainerStateMachine:uninitialized
2019-11-14 22:49:24,403 [pool-507-thread-1] INFO  server.RaftServerConfigKeys (ConfUtils.java:logGet(43)) - raft.server.rpc.timeout.min = 1s (custom)
2019-11-14 22:49:24,403 [pool-507-thread-1] INFO  server.RaftServerConfigKeys (ConfUtils.java:logGet(43)) - raft.server.rpc.timeout.max = 1200ms (custom)
2019-11-14 22:49:24,404 [pool-507-thread-1] INFO  server.RaftServerConfigKeys (ConfUtils.java:logGet(43)) - raft.server.rpcslowness.timeout = 120s (custom)
2019-11-14 22:49:24,404 [pool-507-thread-1] INFO  server.RaftServerConfigKeys (ConfUtils.java:logGet(43)) - raft.server.sleep.deviation.threshold = 300 (default)
2019-11-14 22:49:24,404 [pool-507-thread-1] INFO  server.RaftServerConfigKeys (ConfUtils.java:logGet(43)) - raft.server.log.appender.install.snapshot.enabled = false (custom)
2019-11-14 22:49:24,404 [pool-507-thread-1] INFO  impl.RaftServerImpl (ServerState.java:<init>(103)) - df16aec3-050f-40e4-a922-70bdb89d4bf1@group-26F27DEB4FA9: ConfigurationManager, init=-1: [df16aec3-050f-40e4-a922-70bdb89d4bf1:192.168.69.106:44144], old=null, confs=<EMPTY_MAP>
2019-11-14 22:49:24,404 [pool-507-thread-1] INFO  server.RaftServerConfigKeys (ConfUtils.java:logGet(43)) - raft.server.storage.dir = [/workdir/hadoop-ozone/integration-test/target/test-dir/MiniOzoneClusterImpl-9caa682c-a503-45f4-84bb-f8dd249825f6/datanode-0/data/ratis] (custom)
2019-11-14 22:49:24,404 [pool-507-thread-1] INFO  server.RaftServerConfigKeys (ConfUtils.java:logGet(43)) - raft.server.log.corruption.policy = EXCEPTION (default)
2019-11-14 22:49:24,404 [pool-507-thread-1] INFO  storage.RaftStorageDirectory (RaftStorageDirectory.java:analyzeStorage(246)) - The storage directory /workdir/hadoop-ozone/integration-test/target/test-dir/MiniOzoneClusterImpl-9caa682c-a503-45f4-84bb-f8dd249825f6/datanode-0/data/ratis/d9d0bd90-51de-46a9-a490-26f27deb4fa9 does not exist. Creating ...
2019-11-14 22:49:24,409 [grpc-default-executor-9] INFO  impl.RaftServerImpl (RaftServerImpl.java:setRole(173)) - c5c819e6-85b2-482d-9128-e8ea2b7ba4a4@group-F1AED5EE4D6F: changes role from  FOLLOWER to FOLLOWER at term 1 for recognizeCandidate:82d9b010-cdd2-48aa-a03f-c52b44e44827
2019-11-14 22:49:24,409 [grpc-default-executor-6] INFO  impl.RaftServerImpl (RaftServerImpl.java:setRole(173)) - df16aec3-050f-40e4-a922-70bdb89d4bf1@group-F1AED5EE4D6F: changes role from  FOLLOWER to FOLLOWER at term 1 for recognizeCandidate:82d9b010-cdd2-48aa-a03f-c52b44e44827
2019-11-14 22:49:24,409 [grpc-default-executor-9] INFO  impl.RoleInfo (RoleInfo.java:shutdownFollowerState(121)) - c5c819e6-85b2-482d-9128-e8ea2b7ba4a4: shutdown FollowerState
2019-11-14 22:49:24,409 [grpc-default-executor-6] INFO  impl.RoleInfo (RoleInfo.java:shutdownFollowerState(121)) - df16aec3-050f-40e4-a922-70bdb89d4bf1: shutdown FollowerState
2019-11-14 22:49:24,409 [grpc-default-executor-9] INFO  impl.RoleInfo (RoleInfo.java:updateAndGet(143)) - c5c819e6-85b2-482d-9128-e8ea2b7ba4a4: start FollowerState
2019-11-14 22:49:24,409 [Thread-3582] INFO  impl.FollowerState (FollowerState.java:run(120)) - df16aec3-050f-40e4-a922-70bdb89d4bf1@group-F1AED5EE4D6F-FollowerState was interrupted: java.lang.InterruptedException: sleep interrupted
2019-11-14 22:49:24,409 [grpc-default-executor-6] INFO  impl.RoleInfo (RoleInfo.java:updateAndGet(143)) - df16aec3-050f-40e4-a922-70bdb89d4bf1: start FollowerState
2019-11-14 22:49:24,409 [Thread-3583] INFO  impl.FollowerState (FollowerState.java:run(120)) - c5c819e6-85b2-482d-9128-e8ea2b7ba4a4@group-F1AED5EE4D6F-FollowerState was interrupted: java.lang.InterruptedException: sleep interrupted
2019-11-14 22:49:24,426 [Thread-3592] INFO  impl.FollowerState (FollowerState.java:run(111)) - ec693a0a-7ab2-40db-baa2-190e1e2b8078@group-568D50F80AF6-FollowerState: change to CANDIDATE, lastRpcTime:1050ms, electionTimeout:1049ms
2019-11-14 22:49:24,426 [Thread-3592] INFO  impl.RoleInfo (RoleInfo.java:shutdownFollowerState(121)) - ec693a0a-7ab2-40db-baa2-190e1e2b8078: shutdown FollowerState
2019-11-14 22:49:24,426 [Thread-3592] INFO  impl.RaftServerImpl (RaftServerImpl.java:setRole(173)) - ec693a0a-7ab2-40db-baa2-190e1e2b8078@group-568D50F80AF6: changes role from  FOLLOWER to CANDIDATE at term 0 for changeToCandidate
2019-11-14 22:49:24,426 [Thread-3592] INFO  impl.RoleInfo (RoleInfo.java:updateAndGet(143)) - ec693a0a-7ab2-40db-baa2-190e1e2b8078: start LeaderElection
2019-11-14 22:49:24,430 [pool-507-thread-1] INFO  storage.RaftStorageDirectory (RaftStorageDirectory.java:tryLock(328)) - Lock on /workdir/hadoop-ozone/integration-test/target/test-dir/MiniOzoneClusterImpl-9caa682c-a503-45f4-84bb-f8dd249825f6/datanode-0/data/ratis/d9d0bd90-51de-46a9-a490-26f27deb4fa9/in_use.lock acquired by nodename 339@pr-hdds-2494-dtfqw-3996435450
2019-11-14 22:49:24,431 [82d9b010-cdd2-48aa-a03f-c52b44e44827@group-F1AED5EE4D6F-LeaderElection150] INFO  impl.LeaderElection (LeaderElection.java:logAndReturn(56)) - 82d9b010-cdd2-48aa-a03f-c52b44e44827@group-F1AED5EE4D6F-LeaderElection150: Election PASSED; received 1 response(s) [82d9b010-cdd2-48aa-a03f-c52b44e44827<-c5c819e6-85b2-482d-9128-e8ea2b7ba4a4#0:OK-t1] and 0 exception(s); 82d9b010-cdd2-48aa-a03f-c52b44e44827@group-F1AED5EE4D6F:t1, leader=null, voted=82d9b010-cdd2-48aa-a03f-c52b44e44827, raftlog=82d9b010-cdd2-48aa-a03f-c52b44e44827@group-F1AED5EE4D6F-SegmentedRaftLog:OPENED:c-1,f-1,i0, conf=-1: [df16aec3-050f-40e4-a922-70bdb89d4bf1:192.168.69.106:44144, 82d9b010-cdd2-48aa-a03f-c52b44e44827:192.168.69.106:46701, c5c819e6-85b2-482d-9128-e8ea2b7ba4a4:192.168.69.106:40987], old=null
2019-11-14 22:49:24,431 [82d9b010-cdd2-48aa-a03f-c52b44e44827@group-F1AED5EE4D6F-LeaderElection150] INFO  impl.RoleInfo (RoleInfo.java:shutdownLeaderElection(134)) - 82d9b010-cdd2-48aa-a03f-c52b44e44827: shutdown LeaderElection
2019-11-14 22:49:24,431 [82d9b010-cdd2-48aa-a03f-c52b44e44827@group-F1AED5EE4D6F-LeaderElection150] INFO  impl.RaftServerImpl (RaftServerImpl.java:setRole(173)) - 82d9b010-cdd2-48aa-a03f-c52b44e44827@group-F1AED5EE4D6F: changes role from CANDIDATE to LEADER at term 1 for changeToLeader
2019-11-14 22:49:24,431 [82d9b010-cdd2-48aa-a03f-c52b44e44827@group-F1AED5EE4D6F-LeaderElection150] INFO  ratis.XceiverServerRatis (XceiverServerRatis.java:handleLeaderChangedNotification(697)) - Leader change notification received for group: group-F1AED5EE4D6F with new leaderId: 82d9b010-cdd2-48aa-a03f-c52b44e44827
2019-11-14 22:49:24,431 [82d9b010-cdd2-48aa-a03f-c52b44e44827@group-F1AED5EE4D6F-LeaderElection150] INFO  impl.RaftServerImpl (ServerState.java:setLeader(255)) - 82d9b010-cdd2-48aa-a03f-c52b44e44827@group-F1AED5EE4D6F: change Leader from null to 82d9b010-cdd2-48aa-a03f-c52b44e44827 at term 1 for becomeLeader, leader elected after 1141ms
2019-11-14 22:49:24,431 [82d9b010-cdd2-48aa-a03f-c52b44e44827@group-F1AED5EE4D6F-LeaderElection150] INFO  server.RaftServerConfigKeys (ConfUtils.java:logGet(43)) - raft.server.staging.catchup.gap = 1000 (default)
2019-11-14 22:49:24,431 [82d9b010-cdd2-48aa-a03f-c52b44e44827@group-F1AED5EE4D6F-LeaderElection150] INFO  server.RaftServerConfigKeys (ConfUtils.java:logGet(43)) - raft.server.rpc.sleep.time = 25ms (default)
2019-11-14 22:49:24,432 [82d9b010-cdd2-48aa-a03f-c52b44e44827@group-F1AED5EE4D6F-LeaderElection150] INFO  server.RaftServerConfigKeys (ConfUtils.java:logGet(43)) - raft.server.write.element-limit = 4096 (default)
2019-11-14 22:49:24,432 [82d9b010-cdd2-48aa-a03f-c52b44e44827@group-F1AED5EE4D6F-LeaderElection150] INFO  server.RaftServerConfigKeys (ConfUtils.java:logGet(43)) - raft.server.watch.timeout = 10s (default)
2019-11-14 22:49:24,432 [82d9b010-cdd2-48aa-a03f-c52b44e44827@group-F1AED5EE4D6F-LeaderElection150] INFO  server.RaftServerConfigKeys (ConfUtils.java:logGet(43)) - raft.server.watch.timeout.denomination = 1s (default)
2019-11-14 22:49:24,432 [82d9b010-cdd2-48aa-a03f-c52b44e44827@group-F1AED5EE4D6F-LeaderElection150] INFO  server.RaftServerConfigKeys (ConfUtils.java:logGet(43)) - raft.server.watch.element-limit = 65536 (default)
2019-11-14 22:49:24,432 [82d9b010-cdd2-48aa-a03f-c52b44e44827@group-F1AED5EE4D6F-LeaderElection150] INFO  server.RaftServerConfigKeys (ConfUtils.java:logGet(43)) - raft.server.log.appender.snapshot.chunk.size.max = 16MB (=16777216) (default)
2019-11-14 22:49:24,432 [82d9b010-cdd2-48aa-a03f-c52b44e44827@group-F1AED5EE4D6F-LeaderElection150] INFO  server.RaftServerConfigKeys (ConfUtils.java:logGet(43)) - raft.server.log.appender.buffer.byte-limit = 33554432 (custom)
2019-11-14 22:49:24,432 [82d9b010-cdd2-48aa-a03f-c52b44e44827@group-F1AED5EE4D6F-LeaderElection150] INFO  server.RaftServerConfigKeys (ConfUtils.java:logGet(43)) - raft.server.log.appender.buffer.element-limit = 1 (custom)
2019-11-14 22:49:24,432 [82d9b010-cdd2-48aa-a03f-c52b44e44827@group-F1AED5EE4D6F-LeaderElection150] INFO  grpc.GrpcConfigKeys$Server (ConfUtils.java:logGet(43)) - raft.grpc.server.leader.outstanding.appends.max = 128 (default)
2019-11-14 22:49:24,432 [82d9b010-cdd2-48aa-a03f-c52b44e44827@group-F1AED5EE4D6F-LeaderElection150] INFO  server.RaftServerConfigKeys (ConfUtils.java:logGet(43)) - raft.server.rpc.request.timeout = 3000ms (default)
2019-11-14 22:49:24,432 [82d9b010-cdd2-48aa-a03f-c52b44e44827@group-F1AED5EE4D6F-LeaderElection150] INFO  server.RaftServerConfigKeys (ConfUtils.java:logGet(43)) - raft.server.log.appender.install.snapshot.enabled = false (custom)
2019-11-14 22:49:24,432 [82d9b010-cdd2-48aa-a03f-c52b44e44827@group-F1AED5EE4D6F-LeaderElection150] WARN  impl.MetricRegistriesImpl (MetricRegistriesImpl.java:lambda$create$1(61)) - First MetricRegistry has been created without registering reporters. You may need to call MetricRegistries.global().addReportRegistration(...) before.
2019-11-14 22:49:24,433 [82d9b010-cdd2-48aa-a03f-c52b44e44827@group-F1AED5EE4D6F-LeaderElection150] INFO  server.RaftServerConfigKeys (ConfUtils.java:logGet(43)) - raft.server.log.appender.snapshot.chunk.size.max = 16MB (=16777216) (default)
2019-11-14 22:49:24,433 [82d9b010-cdd2-48aa-a03f-c52b44e44827@group-F1AED5EE4D6F-LeaderElection150] INFO  server.RaftServerConfigKeys (ConfUtils.java:logGet(43)) - raft.server.log.appender.buffer.byte-limit = 33554432 (custom)
2019-11-14 22:49:24,433 [82d9b010-cdd2-48aa-a03f-c52b44e44827@group-F1AED5EE4D6F-LeaderElection150] INFO  server.RaftServerConfigKeys (ConfUtils.java:logGet(43)) - raft.server.log.appender.buffer.element-limit = 1 (custom)
2019-11-14 22:49:24,433 [82d9b010-cdd2-48aa-a03f-c52b44e44827@group-F1AED5EE4D6F-LeaderElection150] INFO  grpc.GrpcConfigKeys$Server (ConfUtils.java:logGet(43)) - raft.grpc.server.leader.outstanding.appends.max = 128 (default)
2019-11-14 22:49:24,433 [82d9b010-cdd2-48aa-a03f-c52b44e44827@group-F1AED5EE4D6F-LeaderElection150] INFO  server.RaftServerConfigKeys (ConfUtils.java:logGet(43)) - raft.server.rpc.request.timeout = 3000ms (default)
2019-11-14 22:49:24,433 [82d9b010-cdd2-48aa-a03f-c52b44e44827@group-F1AED5EE4D6F-LeaderElection150] INFO  server.RaftServerConfigKeys (ConfUtils.java:logGet(43)) - raft.server.log.appender.install.snapshot.enabled = false (custom)
2019-11-14 22:49:24,433 [82d9b010-cdd2-48aa-a03f-c52b44e44827@group-F1AED5EE4D6F-LeaderElection150] INFO  impl.RoleInfo (RoleInfo.java:updateAndGet(143)) - 82d9b010-cdd2-48aa-a03f-c52b44e44827: start LeaderState
2019-11-14 22:49:24,433 [82d9b010-cdd2-48aa-a03f-c52b44e44827@group-F1AED5EE4D6F-LeaderElection150] INFO  segmented.SegmentedRaftLogWorker (SegmentedRaftLogWorker.java:startLogSegment(385)) - 82d9b010-cdd2-48aa-a03f-c52b44e44827@group-F1AED5EE4D6F-SegmentedRaftLogWorker: Starting segment from index:0
2019-11-14 22:49:24,434 [82d9b010-cdd2-48aa-a03f-c52b44e44827@group-F1AED5EE4D6F-LeaderElection150] INFO  impl.RaftServerImpl (ServerState.java:setRaftConf(356)) - 82d9b010-cdd2-48aa-a03f-c52b44e44827@group-F1AED5EE4D6F: set configuration 0: [df16aec3-050f-40e4-a922-70bdb89d4bf1:192.168.69.106:44144, 82d9b010-cdd2-48aa-a03f-c52b44e44827:192.168.69.106:46701, c5c819e6-85b2-482d-9128-e8ea2b7ba4a4:192.168.69.106:40987], old=null at 0
2019-11-14 22:49:24,435 [grpc-default-executor-9] INFO  ratis.XceiverServerRatis (XceiverServerRatis.java:handleLeaderChangedNotification(697)) - Leader change notification received for group: group-F1AED5EE4D6F with new leaderId: 82d9b010-cdd2-48aa-a03f-c52b44e44827
2019-11-14 22:49:24,435 [grpc-default-executor-6] INFO  ratis.XceiverServerRatis (XceiverServerRatis.java:handleLeaderChangedNotification(697)) - Leader change notification received for group: group-F1AED5EE4D6F with new leaderId: 82d9b010-cdd2-48aa-a03f-c52b44e44827
2019-11-14 22:49:24,435 [grpc-default-executor-9] INFO  impl.RaftServerImpl (ServerState.java:setLeader(255)) - c5c819e6-85b2-482d-9128-e8ea2b7ba4a4@group-F1AED5EE4D6F: change Leader from null to 82d9b010-cdd2-48aa-a03f-c52b44e44827 at term 1 for appendEntries, leader elected after 1145ms
2019-11-14 22:49:24,435 [grpc-default-executor-6] INFO  impl.RaftServerImpl (ServerState.java:setLeader(255)) - df16aec3-050f-40e4-a922-70bdb89d4bf1@group-F1AED5EE4D6F: change Leader from null to 82d9b010-cdd2-48aa-a03f-c52b44e44827 at term 1 for appendEntries, leader elected after 1145ms
2019-11-14 22:49:24,459 [pool-507-thread-1] INFO  storage.RaftStorage (RaftStorage.java:format(84)) - Storage directory /workdir/hadoop-ozone/integration-test/target/test-dir/MiniOzoneClusterImpl-9caa682c-a503-45f4-84bb-f8dd249825f6/datanode-0/data/ratis/d9d0bd90-51de-46a9-a490-26f27deb4fa9 has been successfully formatted.
2019-11-14 22:49:24,459 [ec693a0a-7ab2-40db-baa2-190e1e2b8078@group-568D50F80AF6-LeaderElection151] INFO  impl.LeaderElection (LeaderElection.java:askForVotes(178)) - ec693a0a-7ab2-40db-baa2-190e1e2b8078@group-568D50F80AF6-LeaderElection151: begin an election at term 1 for -1: [ec693a0a-7ab2-40db-baa2-190e1e2b8078:192.168.69.106:46493], old=null
2019-11-14 22:49:24,459 [pool-507-thread-1] INFO  ratis.ContainerStateMachine (ContainerStateMachine.java:loadSnapshot(223)) - group-26F27DEB4FA9: The snapshot info is null. Setting the last applied indexto:(t:0, i:~)
2019-11-14 22:49:24,459 [ec693a0a-7ab2-40db-baa2-190e1e2b8078@group-568D50F80AF6-LeaderElection151] INFO  impl.RoleInfo (RoleInfo.java:shutdownLeaderElection(134)) - ec693a0a-7ab2-40db-baa2-190e1e2b8078: shutdown LeaderElection
2019-11-14 22:49:24,461 [pool-507-thread-1] INFO  server.RaftServerConfigKeys (ConfUtils.java:logGet(43)) - raft.server.notification.no-leader.timeout = 120s (custom)
2019-11-14 22:49:24,461 [ec693a0a-7ab2-40db-baa2-190e1e2b8078@group-568D50F80AF6-LeaderElection151] INFO  impl.RaftServerImpl (RaftServerImpl.java:setRole(173)) - ec693a0a-7ab2-40db-baa2-190e1e2b8078@group-568D50F80AF6: changes role from CANDIDATE to LEADER at term 1 for changeToLeader
2019-11-14 22:49:24,461 [pool-507-thread-1] INFO  server.RaftServerConfigKeys (ConfUtils.java:logGet(43)) - raft.server.log.use.memory = false (default)
2019-11-14 22:49:24,461 [ec693a0a-7ab2-40db-baa2-190e1e2b8078@group-568D50F80AF6-LeaderElection151] INFO  ratis.XceiverServerRatis (XceiverServerRatis.java:handleLeaderChangedNotification(697)) - Leader change notification received for group: group-568D50F80AF6 with new leaderId: ec693a0a-7ab2-40db-baa2-190e1e2b8078
2019-11-14 22:49:24,462 [pool-507-thread-1] INFO  server.RaftServerConfigKeys (ConfUtils.java:logGet(43)) - raft.server.log.purge.gap = 1000000 (custom)
2019-11-14 22:49:24,462 [ec693a0a-7ab2-40db-baa2-190e1e2b8078@group-568D50F80AF6-LeaderElection151] INFO  impl.RaftServerImpl (ServerState.java:setLeader(255)) - ec693a0a-7ab2-40db-baa2-190e1e2b8078@group-568D50F80AF6: change Leader from null to ec693a0a-7ab2-40db-baa2-190e1e2b8078 at term 1 for becomeLeader, leader elected after 1088ms
2019-11-14 22:49:24,462 [pool-507-thread-1] INFO  server.RaftServerConfigKeys (ConfUtils.java:logGet(43)) - raft.server.log.appender.buffer.byte-limit = 33554432 (custom)
2019-11-14 22:49:24,462 [pool-507-thread-1] INFO  server.RaftServerConfigKeys (ConfUtils.java:logGet(43)) - raft.server.log.segment.size.max = 1048576 (custom)
2019-11-14 22:49:24,462 [ec693a0a-7ab2-40db-baa2-190e1e2b8078@group-568D50F80AF6-LeaderElection151] INFO  server.RaftServerConfigKeys (ConfUtils.java:logGet(43)) - raft.server.staging.catchup.gap = 1000 (default)
2019-11-14 22:49:24,462 [pool-507-thread-1] INFO  server.RaftServerConfigKeys (ConfUtils.java:logGet(43)) - raft.server.log.segment.cache.num.max = 2 (custom)
2019-11-14 22:49:24,462 [grpc-default-executor-6] INFO  impl.RaftServerImpl (ServerState.java:setRaftConf(356)) - df16aec3-050f-40e4-a922-70bdb89d4bf1@group-F1AED5EE4D6F: set configuration 0: [df16aec3-050f-40e4-a922-70bdb89d4bf1:192.168.69.106:44144, 82d9b010-cdd2-48aa-a03f-c52b44e44827:192.168.69.106:46701, c5c819e6-85b2-482d-9128-e8ea2b7ba4a4:192.168.69.106:40987], old=null at 0
2019-11-14 22:49:24,462 [grpc-default-executor-9] INFO  impl.RaftServerImpl (ServerState.java:setRaftConf(356)) - c5c819e6-85b2-482d-9128-e8ea2b7ba4a4@group-F1AED5EE4D6F: set configuration 0: [df16aec3-050f-40e4-a922-70bdb89d4bf1:192.168.69.106:44144, 82d9b010-cdd2-48aa-a03f-c52b44e44827:192.168.69.106:46701, c5c819e6-85b2-482d-9128-e8ea2b7ba4a4:192.168.69.106:40987], old=null at 0
2019-11-14 22:49:24,462 [ec693a0a-7ab2-40db-baa2-190e1e2b8078@group-568D50F80AF6-LeaderElection151] INFO  server.RaftServerConfigKeys (ConfUtils.java:logGet(43)) - raft.server.rpc.sleep.time = 25ms (default)
2019-11-14 22:49:24,462 [grpc-default-executor-9] INFO  segmented.SegmentedRaftLogWorker (SegmentedRaftLogWorker.java:startLogSegment(385)) - c5c819e6-85b2-482d-9128-e8ea2b7ba4a4@group-F1AED5EE4D6F-SegmentedRaftLogWorker: Starting segment from index:0
2019-11-14 22:49:24,462 [grpc-default-executor-6] INFO  segmented.SegmentedRaftLogWorker (SegmentedRaftLogWorker.java:startLogSegment(385)) - df16aec3-050f-40e4-a922-70bdb89d4bf1@group-F1AED5EE4D6F-SegmentedRaftLogWorker: Starting segment from index:0
2019-11-14 22:49:24,462 [pool-507-thread-1] INFO  segmented.SegmentedRaftLogWorker (SegmentedRaftLogWorker.java:<init>(173)) - new df16aec3-050f-40e4-a922-70bdb89d4bf1@group-26F27DEB4FA9-SegmentedRaftLogWorker for RaftStorage:Storage Directory /workdir/hadoop-ozone/integration-test/target/test-dir/MiniOzoneClusterImpl-9caa682c-a503-45f4-84bb-f8dd249825f6/datanode-0/data/ratis/d9d0bd90-51de-46a9-a490-26f27deb4fa9
2019-11-14 22:49:24,463 [ec693a0a-7ab2-40db-baa2-190e1e2b8078@group-568D50F80AF6-LeaderElection151] INFO  server.RaftServerConfigKeys (ConfUtils.java:logGet(43)) - raft.server.write.element-limit = 4096 (default)
2019-11-14 22:49:24,463 [pool-507-thread-1] INFO  server.RaftServerConfigKeys (ConfUtils.java:logGet(43)) - raft.server.log.queue.byte-limit = 2147483647 (custom)
2019-11-14 22:49:24,463 [ec693a0a-7ab2-40db-baa2-190e1e2b8078@group-568D50F80AF6-LeaderElection151] INFO  server.RaftServerConfigKeys (ConfUtils.java:logGet(43)) - raft.server.watch.timeout = 10s (default)
2019-11-14 22:49:24,463 [pool-507-thread-1] INFO  server.RaftServerConfigKeys (ConfUtils.java:logGet(43)) - raft.server.log.queue.element-limit = 1024 (custom)
2019-11-14 22:49:24,463 [ec693a0a-7ab2-40db-baa2-190e1e2b8078@group-568D50F80AF6-LeaderElection151] INFO  server.RaftServerConfigKeys (ConfUtils.java:logGet(43)) - raft.server.watch.timeout.denomination = 1s (default)
2019-11-14 22:49:24,463 [pool-507-thread-1] INFO  server.RaftServerConfigKeys (ConfUtils.java:logGet(43)) - raft.server.log.segment.size.max = 1048576 (custom)
2019-11-14 22:49:24,463 [ec693a0a-7ab2-40db-baa2-190e1e2b8078@group-568D50F80AF6-LeaderElection151] INFO  server.RaftServerConfigKeys (ConfUtils.java:logGet(43)) - raft.server.watch.element-limit = 65536 (default)
2019-11-14 22:49:24,463 [pool-507-thread-1] INFO  server.RaftServerConfigKeys (ConfUtils.java:logGet(43)) - raft.server.log.preallocated.size = 16384 (custom)
2019-11-14 22:49:24,464 [ec693a0a-7ab2-40db-baa2-190e1e2b8078@group-568D50F80AF6-LeaderElection151] INFO  impl.RoleInfo (RoleInfo.java:updateAndGet(143)) - ec693a0a-7ab2-40db-baa2-190e1e2b8078: start LeaderState
2019-11-14 22:49:24,464 [pool-507-thread-1] INFO  server.RaftServerConfigKeys (ConfUtils.java:logGet(43)) - raft.server.log.write.buffer.size = 33554432 (custom)
2019-11-14 22:49:24,464 [ec693a0a-7ab2-40db-baa2-190e1e2b8078@group-568D50F80AF6-LeaderElection151] INFO  segmented.SegmentedRaftLogWorker (SegmentedRaftLogWorker.java:startLogSegment(385)) - ec693a0a-7ab2-40db-baa2-190e1e2b8078@group-568D50F80AF6-SegmentedRaftLogWorker: Starting segment from index:0
2019-11-14 22:49:24,464 [pool-507-thread-1] INFO  server.RaftServerConfigKeys (ConfUtils.java:logGet(43)) - raft.server.log.force.sync.num = 128 (default)
2019-11-14 22:49:24,464 [pool-507-thread-1] INFO  server.RaftServerConfigKeys (ConfUtils.java:logGet(43)) - raft.server.log.statemachine.data.sync = true (default)
2019-11-14 22:49:24,464 [ec693a0a-7ab2-40db-baa2-190e1e2b8078@group-568D50F80AF6-LeaderElection151] INFO  impl.RaftServerImpl (ServerState.java:setRaftConf(356)) - ec693a0a-7ab2-40db-baa2-190e1e2b8078@group-568D50F80AF6: set configuration 0: [ec693a0a-7ab2-40db-baa2-190e1e2b8078:192.168.69.106:46493], old=null at 0
2019-11-14 22:49:24,464 [pool-507-thread-1] INFO  server.RaftServerConfigKeys (ConfUtils.java:logGet(43)) - raft.server.log.statemachine.data.sync.timeout = 10s (default)
2019-11-14 22:49:24,464 [pool-507-thread-1] INFO  server.RaftServerConfigKeys (ConfUtils.java:logGet(43)) - raft.server.log.statemachine.data.sync.timeout.retry = -1 (default)
2019-11-14 22:49:24,464 [pool-507-thread-1] INFO  server.RaftServerConfigKeys (ConfUtils.java:logGet(43)) - raft.server.log.statemachine.data.caching.enabled = true (custom)
2019-11-14 22:49:24,465 [pool-507-thread-1] INFO  segmented.SegmentedRaftLogWorker (SegmentedRaftLogWorker.java:lambda$new$0(128)) - df16aec3-050f-40e4-a922-70bdb89d4bf1@group-26F27DEB4FA9-SegmentedRaftLogWorker: flushIndex: setUnconditionally 0 -> -1
2019-11-14 22:49:24,465 [pool-507-thread-1] INFO  server.RaftServerConfigKeys (ConfUtils.java:logGet(43)) - raft.server.snapshot.auto.trigger.enabled = true (custom)
2019-11-14 22:49:24,465 [pool-507-thread-1] INFO  server.RaftServerConfigKeys (ConfUtils.java:logGet(43)) - raft.server.snapshot.auto.trigger.threshold = 10000 (custom)
2019-11-14 22:49:24,465 [pool-507-thread-1] INFO  server.RaftServerConfigKeys (ConfUtils.java:logGet(43)) - raft.server.snapshot.retention.file.num = 5 (custom)
2019-11-14 22:49:24,465 [pool-507-thread-1] INFO  server.RaftServerConfigKeys (ConfUtils.java:logGet(43)) - raft.server.retrycache.expirytime = 600000ms (custom)
2019-11-14 22:49:24,465 [pool-507-thread-1] WARN  impl.MetricRegistriesImpl (MetricRegistriesImpl.java:lambda$create$1(61)) - First MetricRegistry has been created without registering reporters. You may need to call MetricRegistries.global().addReportRegistration(...) before.
2019-11-14 22:49:24,465 [pool-507-thread-1] WARN  impl.MetricRegistriesImpl (MetricRegistriesImpl.java:lambda$create$1(61)) - First MetricRegistry has been created without registering reporters. You may need to call MetricRegistries.global().addReportRegistration(...) before.
2019-11-14 22:49:24,466 [pool-507-thread-1] INFO  impl.RaftServerImpl (RaftServerImpl.java:start(184)) - df16aec3-050f-40e4-a922-70bdb89d4bf1@group-26F27DEB4FA9: start as a follower, conf=-1: [df16aec3-050f-40e4-a922-70bdb89d4bf1:192.168.69.106:44144], old=null
2019-11-14 22:49:24,466 [pool-507-thread-1] INFO  impl.RaftServerImpl (RaftServerImpl.java:setRole(173)) - df16aec3-050f-40e4-a922-70bdb89d4bf1@group-26F27DEB4FA9: changes role from      null to FOLLOWER at term 0 for startAsFollower
2019-11-14 22:49:24,466 [pool-507-thread-1] INFO  impl.RoleInfo (RoleInfo.java:updateAndGet(143)) - df16aec3-050f-40e4-a922-70bdb89d4bf1: start FollowerState
2019-11-14 22:49:24,466 [pool-507-thread-1] INFO  util.JmxRegister (JmxRegister.java:tryRegister(44)) - Successfully registered JMX Bean with object name Ratis:service=RaftServer,group=group-26F27DEB4FA9,id=df16aec3-050f-40e4-a922-70bdb89d4bf1
2019-11-14 22:49:24,466 [pool-507-thread-1] WARN  impl.MetricRegistriesImpl (MetricRegistriesImpl.java:lambda$create$1(61)) - First MetricRegistry has been created without registering reporters. You may need to call MetricRegistries.global().addReportRegistration(...) before.
2019-11-14 22:49:24,468 [RatisPipelineUtilsThread] INFO  pipeline.PipelineStateManager (PipelineStateManager.java:addPipeline(55)) - Created pipeline Pipeline[ Id: d9d0bd90-51de-46a9-a490-26f27deb4fa9, Nodes: df16aec3-050f-40e4-a922-70bdb89d4bf1{ip: 192.168.69.106, host: pr-hdds-2494-dtfqw-3996435450, networkLocation: /rack1, certSerialId: null}, Type:RATIS, Factor:ONE, State:ALLOCATED]
2019-11-14 22:49:24,468 [Thread-3434] INFO  pipeline.PipelineStateManager (PipelineStateManager.java:finalizePipeline(121)) - Pipeline Pipeline[ Id: dc527ecd-97dd-4c80-aed6-09127dd028e9, Nodes: ec693a0a-7ab2-40db-baa2-190e1e2b8078{ip: 192.168.69.106, host: pr-hdds-2494-dtfqw-3996435450, networkLocation: /rack1, certSerialId: null}ce51abe9-fc49-4310-abba-812881959ce0{ip: 192.168.69.106, host: pr-hdds-2494-dtfqw-3996435450, networkLocation: /rack1, certSerialId: null}dafdef77-e865-403b-bc5e-c37989f56ddc{ip: 192.168.69.106, host: pr-hdds-2494-dtfqw-3996435450, networkLocation: /rack1, certSerialId: null}, Type:RATIS, Factor:THREE, State:CLOSED] moved to CLOSED state
2019-11-14 22:49:24,468 [EventQueue-PipelineReportForPipelineReportHandler] INFO  pipeline.PipelineStateManager (PipelineStateManager.java:openPipeline(134)) - Pipeline Pipeline[ Id: 250a51ea-7cc0-46c5-a5e6-f1aed5ee4d6f, Nodes: 82d9b010-cdd2-48aa-a03f-c52b44e44827{ip: 192.168.69.106, host: pr-hdds-2494-dtfqw-3996435450, networkLocation: /rack1, certSerialId: null}c5c819e6-85b2-482d-9128-e8ea2b7ba4a4{ip: 192.168.69.106, host: pr-hdds-2494-dtfqw-3996435450, networkLocation: /rack1, certSerialId: null}df16aec3-050f-40e4-a922-70bdb89d4bf1{ip: 192.168.69.106, host: pr-hdds-2494-dtfqw-3996435450, networkLocation: /rack1, certSerialId: null}, Type:RATIS, Factor:THREE, State:OPEN] moved to OPEN state
2019-11-14 22:49:24,469 [EventQueue-PipelineReportForPipelineReportHandler] INFO  pipeline.PipelineStateManager (PipelineStateManager.java:openPipeline(134)) - Pipeline Pipeline[ Id: ad49a126-8689-4deb-812f-568d50f80af6, Nodes: ec693a0a-7ab2-40db-baa2-190e1e2b8078{ip: 192.168.69.106, host: pr-hdds-2494-dtfqw-3996435450, networkLocation: /rack1, certSerialId: null}, Type:RATIS, Factor:ONE, State:OPEN] moved to OPEN state
2019-11-14 22:49:24,470 [Thread-3596] INFO  impl.FollowerState (FollowerState.java:run(111)) - dafdef77-e865-403b-bc5e-c37989f56ddc@group-BF4392B51D0C-FollowerState: change to CANDIDATE, lastRpcTime:1026ms, electionTimeout:1026ms
2019-11-14 22:49:24,470 [Thread-3596] INFO  impl.RoleInfo (RoleInfo.java:shutdownFollowerState(121)) - dafdef77-e865-403b-bc5e-c37989f56ddc: shutdown FollowerState
2019-11-14 22:49:24,470 [Thread-3596] INFO  impl.RaftServerImpl (RaftServerImpl.java:setRole(173)) - dafdef77-e865-403b-bc5e-c37989f56ddc@group-BF4392B51D0C: changes role from  FOLLOWER to CANDIDATE at term 0 for changeToCandidate
2019-11-14 22:49:24,470 [Thread-3596] INFO  impl.RoleInfo (RoleInfo.java:updateAndGet(143)) - dafdef77-e865-403b-bc5e-c37989f56ddc: start LeaderElection
2019-11-14 22:49:24,501 [grpc-default-executor-6] INFO  impl.RaftServerProxy (RaftServerProxy.java:remove(95)) - ec693a0a-7ab2-40db-baa2-190e1e2b8078: remove  FOLLOWER ec693a0a-7ab2-40db-baa2-190e1e2b8078@group-09127DD028E9:t2, leader=ce51abe9-fc49-4310-abba-812881959ce0, voted=ce51abe9-fc49-4310-abba-812881959ce0, raftlog=ec693a0a-7ab2-40db-baa2-190e1e2b8078@group-09127DD028E9-SegmentedRaftLog:OPENED:c0,f0,i0, conf=0: [dafdef77-e865-403b-bc5e-c37989f56ddc:192.168.69.106:34201, ec693a0a-7ab2-40db-baa2-190e1e2b8078:192.168.69.106:46493, ce51abe9-fc49-4310-abba-812881959ce0:192.168.69.106:37982], old=null RUNNING
2019-11-14 22:49:24,501 [grpc-default-executor-6] INFO  impl.RaftServerImpl (RaftServerImpl.java:lambda$shutdown$3(250)) - ec693a0a-7ab2-40db-baa2-190e1e2b8078@group-09127DD028E9: shutdown
2019-11-14 22:49:24,501 [82d9b010-cdd2-48aa-a03f-c52b44e44827@group-F1AED5EE4D6F-SegmentedRaftLogWorker] INFO  segmented.SegmentedRaftLogWorker (SegmentedRaftLogWorker.java:execute(576)) - 82d9b010-cdd2-48aa-a03f-c52b44e44827@group-F1AED5EE4D6F-SegmentedRaftLogWorker: created new log segment /workdir/hadoop-ozone/integration-test/target/test-dir/MiniOzoneClusterImpl-9caa682c-a503-45f4-84bb-f8dd249825f6/datanode-9/data/ratis/250a51ea-7cc0-46c5-a5e6-f1aed5ee4d6f/current/log_inprogress_0
2019-11-14 22:49:24,501 [grpc-default-executor-6] INFO  util.JmxRegister (JmxRegister.java:unregister(73)) - Successfully un-registered JMX Bean with object name Ratis:service=RaftServer,group=group-09127DD028E9,id=ec693a0a-7ab2-40db-baa2-190e1e2b8078
2019-11-14 22:49:24,501 [grpc-default-executor-6] INFO  impl.RoleInfo (RoleInfo.java:shutdownFollowerState(121)) - ec693a0a-7ab2-40db-baa2-190e1e2b8078: shutdown FollowerState
2019-11-14 22:49:24,502 [grpc-default-executor-6] INFO  impl.StateMachineUpdater (StateMachineUpdater.java:stopAndJoin(136)) - ec693a0a-7ab2-40db-baa2-190e1e2b8078@group-09127DD028E9-StateMachineUpdater: set stopIndex = 0
2019-11-14 22:49:24,502 [Thread-3557] INFO  impl.FollowerState (FollowerState.java:run(120)) - ec693a0a-7ab2-40db-baa2-190e1e2b8078@group-09127DD028E9-FollowerState was interrupted: java.lang.InterruptedException: sleep interrupted
2019-11-14 22:49:24,502 [grpc-default-executor-6] INFO  impl.RaftServerImpl (ServerState.java:close(387)) - ec693a0a-7ab2-40db-baa2-190e1e2b8078@group-09127DD028E9: closes. applyIndex: 0
2019-11-14 22:49:24,502 [ec693a0a-7ab2-40db-baa2-190e1e2b8078@group-09127DD028E9-SegmentedRaftLogWorker] INFO  segmented.SegmentedRaftLogWorker (SegmentedRaftLogWorker.java:run(316)) - ec693a0a-7ab2-40db-baa2-190e1e2b8078@group-09127DD028E9-SegmentedRaftLogWorker was interrupted, exiting. There are 0 tasks remaining in the queue.
2019-11-14 22:49:24,502 [grpc-default-executor-6] INFO  segmented.SegmentedRaftLogWorker (SegmentedRaftLogWorker.java:close(224)) - ec693a0a-7ab2-40db-baa2-190e1e2b8078@group-09127DD028E9-SegmentedRaftLogWorker close()
2019-11-14 22:49:24,509 [grpc-default-executor-6] INFO  impl.RaftServerProxy (RaftServerProxy.java:remove(95)) - ce51abe9-fc49-4310-abba-812881959ce0: remove    LEADER ce51abe9-fc49-4310-abba-812881959ce0@group-09127DD028E9:t2, leader=ce51abe9-fc49-4310-abba-812881959ce0, voted=ce51abe9-fc49-4310-abba-812881959ce0, raftlog=ce51abe9-fc49-4310-abba-812881959ce0@group-09127DD028E9-SegmentedRaftLog:OPENED:c0,f0,i0, conf=0: [dafdef77-e865-403b-bc5e-c37989f56ddc:192.168.69.106:34201, ec693a0a-7ab2-40db-baa2-190e1e2b8078:192.168.69.106:46493, ce51abe9-fc49-4310-abba-812881959ce0:192.168.69.106:37982], old=null RUNNING
2019-11-14 22:49:24,509 [grpc-default-executor-6] INFO  impl.RaftServerImpl (RaftServerImpl.java:lambda$shutdown$3(250)) - ce51abe9-fc49-4310-abba-812881959ce0@group-09127DD028E9: shutdown
2019-11-14 22:49:24,509 [grpc-default-executor-6] INFO  util.JmxRegister (JmxRegister.java:unregister(73)) - Successfully un-registered JMX Bean with object name Ratis:service=RaftServer,group=group-09127DD028E9,id=ce51abe9-fc49-4310-abba-812881959ce0
2019-11-14 22:49:24,509 [grpc-default-executor-6] INFO  impl.RoleInfo (RoleInfo.java:shutdownLeaderState(104)) - ce51abe9-fc49-4310-abba-812881959ce0: shutdown LeaderState
2019-11-14 22:49:24,514 [grpc-default-executor-6] INFO  impl.PendingRequests (PendingRequests.java:sendNotLeaderResponses(206)) - ce51abe9-fc49-4310-abba-812881959ce0@group-09127DD028E9-PendingRequests: sendNotLeaderResponses
2019-11-14 22:49:24,514 [org.apache.ratis.server.impl.LogAppender$AppenderDaemon$$Lambda$460/1168859626@74a7c64a] WARN  server.GrpcLogAppender (GrpcLogAppender.java:mayWait(151)) - ce51abe9-fc49-4310-abba-812881959ce0@group-09127DD028E9->dafdef77-e865-403b-bc5e-c37989f56ddc-GrpcLogAppender: Wait interrupted by java.lang.InterruptedException
2019-11-14 22:49:24,514 [org.apache.ratis.server.impl.LogAppender$AppenderDaemon$$Lambda$460/1168859626@31a546ba] WARN  server.GrpcLogAppender (GrpcLogAppender.java:mayWait(151)) - ce51abe9-fc49-4310-abba-812881959ce0@group-09127DD028E9->ec693a0a-7ab2-40db-baa2-190e1e2b8078-GrpcLogAppender: Wait interrupted by java.lang.InterruptedException
2019-11-14 22:49:24,514 [grpc-default-executor-6] INFO  impl.StateMachineUpdater (StateMachineUpdater.java:stopAndJoin(136)) - ce51abe9-fc49-4310-abba-812881959ce0@group-09127DD028E9-StateMachineUpdater: set stopIndex = 0
2019-11-14 22:49:24,514 [grpc-default-executor-9] INFO  server.GrpcServerProtocolService (GrpcServerProtocolService.java:onCompleted(113)) - dafdef77-e865-403b-bc5e-c37989f56ddc: Completed APPEND_ENTRIES, lastRequest: ce51abe9-fc49-4310-abba-812881959ce0->dafdef77-e865-403b-bc5e-c37989f56ddc#4-t2, previous=(t:2, i:0), leaderCommit=0, initializing? false, entries: <empty>
2019-11-14 22:49:24,514 [grpc-default-executor-6] INFO  impl.RaftServerImpl (ServerState.java:close(387)) - ce51abe9-fc49-4310-abba-812881959ce0@group-09127DD028E9: closes. applyIndex: 0
2019-11-14 22:49:24,514 [grpc-default-executor-8] INFO  server.GrpcServerProtocolService (GrpcServerProtocolService.java:onCompleted(113)) - ec693a0a-7ab2-40db-baa2-190e1e2b8078: Completed APPEND_ENTRIES, lastRequest: ce51abe9-fc49-4310-abba-812881959ce0->ec693a0a-7ab2-40db-baa2-190e1e2b8078#4-t2, previous=(t:2, i:0), leaderCommit=0, initializing? false, entries: <empty>
2019-11-14 22:49:24,514 [grpc-default-executor-5] INFO  server.GrpcLogAppender (GrpcLogAppender.java:onCompleted(308)) - ce51abe9-fc49-4310-abba-812881959ce0@group-09127DD028E9->dafdef77-e865-403b-bc5e-c37989f56ddc-AppendLogResponseHandler: follower responses appendEntries COMPLETED
2019-11-14 22:49:24,515 [ce51abe9-fc49-4310-abba-812881959ce0@group-09127DD028E9-SegmentedRaftLogWorker] INFO  segmented.SegmentedRaftLogWorker (SegmentedRaftLogWorker.java:run(316)) - ce51abe9-fc49-4310-abba-812881959ce0@group-09127DD028E9-SegmentedRaftLogWorker was interrupted, exiting. There are 0 tasks remaining in the queue.
2019-11-14 22:49:24,515 [grpc-default-executor-8] INFO  server.GrpcLogAppender (GrpcLogAppender.java:onCompleted(308)) - ce51abe9-fc49-4310-abba-812881959ce0@group-09127DD028E9->ec693a0a-7ab2-40db-baa2-190e1e2b8078-AppendLogResponseHandler: follower responses appendEntries COMPLETED
2019-11-14 22:49:24,515 [grpc-default-executor-5] INFO  impl.FollowerInfo (FollowerInfo.java:lambda$new$0(51)) - ce51abe9-fc49-4310-abba-812881959ce0@group-09127DD028E9->dafdef77-e865-403b-bc5e-c37989f56ddc: nextIndex: updateUnconditionally 1 -> 0
2019-11-14 22:49:24,515 [grpc-default-executor-6] INFO  segmented.SegmentedRaftLogWorker (SegmentedRaftLogWorker.java:close(224)) - ce51abe9-fc49-4310-abba-812881959ce0@group-09127DD028E9-SegmentedRaftLogWorker close()
2019-11-14 22:49:24,515 [grpc-default-executor-8] INFO  impl.FollowerInfo (FollowerInfo.java:lambda$new$0(51)) - ce51abe9-fc49-4310-abba-812881959ce0@group-09127DD028E9->ec693a0a-7ab2-40db-baa2-190e1e2b8078: nextIndex: updateUnconditionally 1 -> 0
2019-11-14 22:49:24,523 [grpc-default-executor-6] INFO  impl.RaftServerProxy (RaftServerProxy.java:remove(95)) - dafdef77-e865-403b-bc5e-c37989f56ddc: remove  FOLLOWER dafdef77-e865-403b-bc5e-c37989f56ddc@group-09127DD028E9:t2, leader=ce51abe9-fc49-4310-abba-812881959ce0, voted=ce51abe9-fc49-4310-abba-812881959ce0, raftlog=dafdef77-e865-403b-bc5e-c37989f56ddc@group-09127DD028E9-SegmentedRaftLog:OPENED:c0,f0,i0, conf=0: [dafdef77-e865-403b-bc5e-c37989f56ddc:192.168.69.106:34201, ec693a0a-7ab2-40db-baa2-190e1e2b8078:192.168.69.106:46493, ce51abe9-fc49-4310-abba-812881959ce0:192.168.69.106:37982], old=null RUNNING
2019-11-14 22:49:24,523 [grpc-default-executor-6] INFO  impl.RaftServerImpl (RaftServerImpl.java:lambda$shutdown$3(250)) - dafdef77-e865-403b-bc5e-c37989f56ddc@group-09127DD028E9: shutdown
2019-11-14 22:49:24,523 [grpc-default-executor-6] INFO  util.JmxRegister (JmxRegister.java:unregister(73)) - Successfully un-registered JMX Bean with object name Ratis:service=RaftServer,group=group-09127DD028E9,id=dafdef77-e865-403b-bc5e-c37989f56ddc
2019-11-14 22:49:24,523 [df16aec3-050f-40e4-a922-70bdb89d4bf1@group-F1AED5EE4D6F-SegmentedRaftLogWorker] INFO  segmented.SegmentedRaftLogWorker (SegmentedRaftLogWorker.java:execute(576)) - df16aec3-050f-40e4-a922-70bdb89d4bf1@group-F1AED5EE4D6F-SegmentedRaftLogWorker: created new log segment /workdir/hadoop-ozone/integration-test/target/test-dir/MiniOzoneClusterImpl-9caa682c-a503-45f4-84bb-f8dd249825f6/datanode-0/data/ratis/250a51ea-7cc0-46c5-a5e6-f1aed5ee4d6f/current/log_inprogress_0
2019-11-14 22:49:24,523 [ec693a0a-7ab2-40db-baa2-190e1e2b8078@group-568D50F80AF6-SegmentedRaftLogWorker] INFO  segmented.SegmentedRaftLogWorker (SegmentedRaftLogWorker.java:execute(576)) - ec693a0a-7ab2-40db-baa2-190e1e2b8078@group-568D50F80AF6-SegmentedRaftLogWorker: created new log segment /workdir/hadoop-ozone/integration-test/target/test-dir/MiniOzoneClusterImpl-9caa682c-a503-45f4-84bb-f8dd249825f6/datanode-4/data/ratis/ad49a126-8689-4deb-812f-568d50f80af6/current/log_inprogress_0
2019-11-14 22:49:24,523 [c5c819e6-85b2-482d-9128-e8ea2b7ba4a4@group-F1AED5EE4D6F-SegmentedRaftLogWorker] INFO  segmented.SegmentedRaftLogWorker (SegmentedRaftLogWorker.java:execute(576)) - c5c819e6-85b2-482d-9128-e8ea2b7ba4a4@group-F1AED5EE4D6F-SegmentedRaftLogWorker: created new log segment /workdir/hadoop-ozone/integration-test/target/test-dir/MiniOzoneClusterImpl-9caa682c-a503-45f4-84bb-f8dd249825f6/datanode-6/data/ratis/250a51ea-7cc0-46c5-a5e6-f1aed5ee4d6f/current/log_inprogress_0
2019-11-14 22:49:24,523 [dafdef77-e865-403b-bc5e-c37989f56ddc@group-BF4392B51D0C-LeaderElection152] INFO  impl.LeaderElection (LeaderElection.java:askForVotes(178)) - dafdef77-e865-403b-bc5e-c37989f56ddc@group-BF4392B51D0C-LeaderElection152: begin an election at term 1 for -1: [dafdef77-e865-403b-bc5e-c37989f56ddc:192.168.69.106:34201], old=null
2019-11-14 22:49:24,523 [grpc-default-executor-6] INFO  impl.RoleInfo (RoleInfo.java:shutdownFollowerState(121)) - dafdef77-e865-403b-bc5e-c37989f56ddc: shutdown FollowerState
2019-11-14 22:49:24,524 [dafdef77-e865-403b-bc5e-c37989f56ddc@group-BF4392B51D0C-LeaderElection152] INFO  impl.RoleInfo (RoleInfo.java:shutdownLeaderElection(134)) - dafdef77-e865-403b-bc5e-c37989f56ddc: shutdown LeaderElection
2019-11-14 22:49:24,524 [grpc-default-executor-6] INFO  impl.StateMachineUpdater (StateMachineUpdater.java:stopAndJoin(136)) - dafdef77-e865-403b-bc5e-c37989f56ddc@group-09127DD028E9-StateMachineUpdater: set stopIndex = 0
2019-11-14 22:49:24,524 [Thread-3556] INFO  impl.FollowerState (FollowerState.java:run(120)) - dafdef77-e865-403b-bc5e-c37989f56ddc@group-09127DD028E9-FollowerState was interrupted: java.lang.InterruptedException: sleep interrupted
2019-11-14 22:49:24,524 [dafdef77-e865-403b-bc5e-c37989f56ddc@group-BF4392B51D0C-LeaderElection152] INFO  impl.RaftServerImpl (RaftServerImpl.java:setRole(173)) - dafdef77-e865-403b-bc5e-c37989f56ddc@group-BF4392B51D0C: changes role from CANDIDATE to LEADER at term 1 for changeToLeader
2019-11-14 22:49:24,524 [grpc-default-executor-6] INFO  impl.RaftServerImpl (ServerState.java:close(387)) - dafdef77-e865-403b-bc5e-c37989f56ddc@group-09127DD028E9: closes. applyIndex: 0
2019-11-14 22:49:24,524 [dafdef77-e865-403b-bc5e-c37989f56ddc@group-BF4392B51D0C-LeaderElection152] INFO  ratis.XceiverServerRatis (XceiverServerRatis.java:handleLeaderChangedNotification(697)) - Leader change notification received for group: group-BF4392B51D0C with new leaderId: dafdef77-e865-403b-bc5e-c37989f56ddc
2019-11-14 22:49:24,525 [dafdef77-e865-403b-bc5e-c37989f56ddc@group-09127DD028E9-SegmentedRaftLogWorker] INFO  segmented.SegmentedRaftLogWorker (SegmentedRaftLogWorker.java:run(316)) - dafdef77-e865-403b-bc5e-c37989f56ddc@group-09127DD028E9-SegmentedRaftLogWorker was interrupted, exiting. There are 0 tasks remaining in the queue.
2019-11-14 22:49:24,525 [dafdef77-e865-403b-bc5e-c37989f56ddc@group-BF4392B51D0C-LeaderElection152] INFO  impl.RaftServerImpl (ServerState.java:setLeader(255)) - dafdef77-e865-403b-bc5e-c37989f56ddc@group-BF4392B51D0C: change Leader from null to dafdef77-e865-403b-bc5e-c37989f56ddc at term 1 for becomeLeader, leader elected after 1083ms
2019-11-14 22:49:24,525 [dafdef77-e865-403b-bc5e-c37989f56ddc@group-BF4392B51D0C-LeaderElection152] INFO  server.RaftServerConfigKeys (ConfUtils.java:logGet(43)) - raft.server.staging.catchup.gap = 1000 (default)
2019-11-14 22:49:24,525 [grpc-default-executor-6] INFO  segmented.SegmentedRaftLogWorker (SegmentedRaftLogWorker.java:close(224)) - dafdef77-e865-403b-bc5e-c37989f56ddc@group-09127DD028E9-SegmentedRaftLogWorker close()
2019-11-14 22:49:24,525 [dafdef77-e865-403b-bc5e-c37989f56ddc@group-BF4392B51D0C-LeaderElection152] INFO  server.RaftServerConfigKeys (ConfUtils.java:logGet(43)) - raft.server.rpc.sleep.time = 25ms (default)
2019-11-14 22:49:24,528 [dafdef77-e865-403b-bc5e-c37989f56ddc@group-BF4392B51D0C-LeaderElection152] INFO  server.RaftServerConfigKeys (ConfUtils.java:logGet(43)) - raft.server.write.element-limit = 4096 (default)
2019-11-14 22:49:24,528 [dafdef77-e865-403b-bc5e-c37989f56ddc@group-BF4392B51D0C-LeaderElection152] INFO  server.RaftServerConfigKeys (ConfUtils.java:logGet(43)) - raft.server.watch.timeout = 10s (default)
2019-11-14 22:49:24,528 [dafdef77-e865-403b-bc5e-c37989f56ddc@group-BF4392B51D0C-LeaderElection152] INFO  server.RaftServerConfigKeys (ConfUtils.java:logGet(43)) - raft.server.watch.timeout.denomination = 1s (default)
2019-11-14 22:49:24,528 [EventQueue-PipelineReportForPipelineReportHandler] INFO  pipeline.PipelineStateManager (PipelineStateManager.java:openPipeline(134)) - Pipeline Pipeline[ Id: 42c95c97-d4f3-4eb9-8a5e-bf4392b51d0c, Nodes: dafdef77-e865-403b-bc5e-c37989f56ddc{ip: 192.168.69.106, host: pr-hdds-2494-dtfqw-3996435450, networkLocation: /rack1, certSerialId: null}, Type:RATIS, Factor:ONE, State:OPEN] moved to OPEN state
2019-11-14 22:49:24,528 [dafdef77-e865-403b-bc5e-c37989f56ddc@group-BF4392B51D0C-LeaderElection152] INFO  server.RaftServerConfigKeys (ConfUtils.java:logGet(43)) - raft.server.watch.element-limit = 65536 (default)
2019-11-14 22:49:24,528 [dafdef77-e865-403b-bc5e-c37989f56ddc@group-BF4392B51D0C-LeaderElection152] INFO  impl.RoleInfo (RoleInfo.java:updateAndGet(143)) - dafdef77-e865-403b-bc5e-c37989f56ddc: start LeaderState
2019-11-14 22:49:24,528 [dafdef77-e865-403b-bc5e-c37989f56ddc@group-BF4392B51D0C-LeaderElection152] INFO  segmented.SegmentedRaftLogWorker (SegmentedRaftLogWorker.java:startLogSegment(385)) - dafdef77-e865-403b-bc5e-c37989f56ddc@group-BF4392B51D0C-SegmentedRaftLogWorker: Starting segment from index:0
2019-11-14 22:49:24,529 [dafdef77-e865-403b-bc5e-c37989f56ddc@group-BF4392B51D0C-LeaderElection152] INFO  impl.RaftServerImpl (ServerState.java:setRaftConf(356)) - dafdef77-e865-403b-bc5e-c37989f56ddc@group-BF4392B51D0C: set configuration 0: [dafdef77-e865-403b-bc5e-c37989f56ddc:192.168.69.106:34201], old=null at 0
2019-11-14 22:49:24,529 [Thread-3434] INFO  pipeline.PipelineStateManager (PipelineStateManager.java:removePipeline(106)) - Pipeline Pipeline[ Id: dc527ecd-97dd-4c80-aed6-09127dd028e9, Nodes: ec693a0a-7ab2-40db-baa2-190e1e2b8078{ip: 192.168.69.106, host: pr-hdds-2494-dtfqw-3996435450, networkLocation: /rack1, certSerialId: null}ce51abe9-fc49-4310-abba-812881959ce0{ip: 192.168.69.106, host: pr-hdds-2494-dtfqw-3996435450, networkLocation: /rack1, certSerialId: null}dafdef77-e865-403b-bc5e-c37989f56ddc{ip: 192.168.69.106, host: pr-hdds-2494-dtfqw-3996435450, networkLocation: /rack1, certSerialId: null}, Type:RATIS, Factor:THREE, State:CLOSED] removed from db
2019-11-14 22:49:24,556 [grpc-default-executor-8] INFO  impl.RaftServerProxy (RaftServerProxy.java:addNew(89)) - ce51abe9-fc49-4310-abba-812881959ce0: addNew group-AE73C50864A8:[dafdef77-e865-403b-bc5e-c37989f56ddc:192.168.69.106:34201, ec693a0a-7ab2-40db-baa2-190e1e2b8078:192.168.69.106:46493, ce51abe9-fc49-4310-abba-812881959ce0:192.168.69.106:37982] returns group-AE73C50864A8:java.util.concurrent.CompletableFuture@4c69be07[Not completed]
2019-11-14 22:49:24,556 [grpc-default-executor-6] INFO  impl.RaftServerProxy (RaftServerProxy.java:addNew(89)) - ec693a0a-7ab2-40db-baa2-190e1e2b8078: addNew group-AE73C50864A8:[dafdef77-e865-403b-bc5e-c37989f56ddc:192.168.69.106:34201, ec693a0a-7ab2-40db-baa2-190e1e2b8078:192.168.69.106:46493, ce51abe9-fc49-4310-abba-812881959ce0:192.168.69.106:37982] returns group-AE73C50864A8:java.util.concurrent.CompletableFuture@5df71b60[Not completed]
2019-11-14 22:49:24,557 [grpc-default-executor-6] INFO  impl.RaftServerProxy (RaftServerProxy.java:addNew(89)) - dafdef77-e865-403b-bc5e-c37989f56ddc: addNew group-AE73C50864A8:[dafdef77-e865-403b-bc5e-c37989f56ddc:192.168.69.106:34201, ec693a0a-7ab2-40db-baa2-190e1e2b8078:192.168.69.106:46493, ce51abe9-fc49-4310-abba-812881959ce0:192.168.69.106:37982] returns group-AE73C50864A8:java.util.concurrent.CompletableFuture@6454cd4e[Not completed]
2019-11-14 22:49:24,557 [pool-547-thread-1] INFO  impl.RaftServerImpl (RaftServerImpl.java:<init>(98)) - ec693a0a-7ab2-40db-baa2-190e1e2b8078: new RaftServerImpl for group-AE73C50864A8:[dafdef77-e865-403b-bc5e-c37989f56ddc:192.168.69.106:34201, ec693a0a-7ab2-40db-baa2-190e1e2b8078:192.168.69.106:46493, ce51abe9-fc49-4310-abba-812881959ce0:192.168.69.106:37982] with ContainerStateMachine:uninitialized
2019-11-14 22:49:24,557 [pool-547-thread-1] INFO  server.RaftServerConfigKeys (ConfUtils.java:logGet(43)) - raft.server.rpc.timeout.min = 1s (custom)
2019-11-14 22:49:24,557 [pool-547-thread-1] INFO  server.RaftServerConfigKeys (ConfUtils.java:logGet(43)) - raft.server.rpc.timeout.max = 1200ms (custom)
2019-11-14 22:49:24,557 [pool-547-thread-1] INFO  server.RaftServerConfigKeys (ConfUtils.java:logGet(43)) - raft.server.rpcslowness.timeout = 120s (custom)
2019-11-14 22:49:24,558 [pool-547-thread-1] INFO  server.RaftServerConfigKeys (ConfUtils.java:logGet(43)) - raft.server.sleep.deviation.threshold = 300 (default)
2019-11-14 22:49:24,558 [pool-517-thread-1] INFO  impl.RaftServerImpl (RaftServerImpl.java:<init>(98)) - dafdef77-e865-403b-bc5e-c37989f56ddc: new RaftServerImpl for group-AE73C50864A8:[dafdef77-e865-403b-bc5e-c37989f56ddc:192.168.69.106:34201, ec693a0a-7ab2-40db-baa2-190e1e2b8078:192.168.69.106:46493, ce51abe9-fc49-4310-abba-812881959ce0:192.168.69.106:37982] with ContainerStateMachine:uninitialized
2019-11-14 22:49:24,558 [pool-547-thread-1] INFO  server.RaftServerConfigKeys (ConfUtils.java:logGet(43)) - raft.server.log.appender.install.snapshot.enabled = false (custom)
2019-11-14 22:49:24,558 [pool-517-thread-1] INFO  server.RaftServerConfigKeys (ConfUtils.java:logGet(43)) - raft.server.rpc.timeout.min = 1s (custom)
2019-11-14 22:49:24,558 [pool-547-thread-1] INFO  impl.RaftServerImpl (ServerState.java:<init>(103)) - ec693a0a-7ab2-40db-baa2-190e1e2b8078@group-AE73C50864A8: ConfigurationManager, init=-1: [dafdef77-e865-403b-bc5e-c37989f56ddc:192.168.69.106:34201, ec693a0a-7ab2-40db-baa2-190e1e2b8078:192.168.69.106:46493, ce51abe9-fc49-4310-abba-812881959ce0:192.168.69.106:37982], old=null, confs=<EMPTY_MAP>
2019-11-14 22:49:24,558 [pool-517-thread-1] INFO  server.RaftServerConfigKeys (ConfUtils.java:logGet(43)) - raft.server.rpc.timeout.max = 1200ms (custom)
2019-11-14 22:49:24,558 [pool-547-thread-1] INFO  server.RaftServerConfigKeys (ConfUtils.java:logGet(43)) - raft.server.storage.dir = [/workdir/hadoop-ozone/integration-test/target/test-dir/MiniOzoneClusterImpl-9caa682c-a503-45f4-84bb-f8dd249825f6/datanode-4/data/ratis] (custom)
2019-11-14 22:49:24,558 [pool-537-thread-1] INFO  impl.RaftServerImpl (RaftServerImpl.java:<init>(98)) - ce51abe9-fc49-4310-abba-812881959ce0: new RaftServerImpl for group-AE73C50864A8:[dafdef77-e865-403b-bc5e-c37989f56ddc:192.168.69.106:34201, ec693a0a-7ab2-40db-baa2-190e1e2b8078:192.168.69.106:46493, ce51abe9-fc49-4310-abba-812881959ce0:192.168.69.106:37982] with ContainerStateMachine:uninitialized
2019-11-14 22:49:24,558 [pool-517-thread-1] INFO  server.RaftServerConfigKeys (ConfUtils.java:logGet(43)) - raft.server.rpcslowness.timeout = 120s (custom)
2019-11-14 22:49:24,558 [pool-547-thread-1] INFO  server.RaftServerConfigKeys (ConfUtils.java:logGet(43)) - raft.server.log.corruption.policy = EXCEPTION (default)
2019-11-14 22:49:24,558 [pool-537-thread-1] INFO  server.RaftServerConfigKeys (ConfUtils.java:logGet(43)) - raft.server.rpc.timeout.min = 1s (custom)
2019-11-14 22:49:24,558 [pool-517-thread-1] INFO  server.RaftServerConfigKeys (ConfUtils.java:logGet(43)) - raft.server.sleep.deviation.threshold = 300 (default)
2019-11-14 22:49:24,559 [pool-547-thread-1] INFO  storage.RaftStorageDirectory (RaftStorageDirectory.java:analyzeStorage(246)) - The storage directory /workdir/hadoop-ozone/integration-test/target/test-dir/MiniOzoneClusterImpl-9caa682c-a503-45f4-84bb-f8dd249825f6/datanode-4/data/ratis/73879765-5bc3-4c28-8060-ae73c50864a8 does not exist. Creating ...
2019-11-14 22:49:24,559 [pool-537-thread-1] INFO  server.RaftServerConfigKeys (ConfUtils.java:logGet(43)) - raft.server.rpc.timeout.max = 1200ms (custom)
2019-11-14 22:49:24,559 [pool-517-thread-1] INFO  server.RaftServerConfigKeys (ConfUtils.java:logGet(43)) - raft.server.log.appender.install.snapshot.enabled = false (custom)
2019-11-14 22:49:24,559 [pool-537-thread-1] INFO  server.RaftServerConfigKeys (ConfUtils.java:logGet(43)) - raft.server.rpcslowness.timeout = 120s (custom)
2019-11-14 22:49:24,559 [pool-517-thread-1] INFO  impl.RaftServerImpl (ServerState.java:<init>(103)) - dafdef77-e865-403b-bc5e-c37989f56ddc@group-AE73C50864A8: ConfigurationManager, init=-1: [dafdef77-e865-403b-bc5e-c37989f56ddc:192.168.69.106:34201, ec693a0a-7ab2-40db-baa2-190e1e2b8078:192.168.69.106:46493, ce51abe9-fc49-4310-abba-812881959ce0:192.168.69.106:37982], old=null, confs=<EMPTY_MAP>
2019-11-14 22:49:24,559 [pool-537-thread-1] INFO  server.RaftServerConfigKeys (ConfUtils.java:logGet(43)) - raft.server.sleep.deviation.threshold = 300 (default)
2019-11-14 22:49:24,559 [pool-517-thread-1] INFO  server.RaftServerConfigKeys (ConfUtils.java:logGet(43)) - raft.server.storage.dir = [/workdir/hadoop-ozone/integration-test/target/test-dir/MiniOzoneClusterImpl-9caa682c-a503-45f4-84bb-f8dd249825f6/datanode-1/data/ratis] (custom)
2019-11-14 22:49:24,559 [pool-537-thread-1] INFO  server.RaftServerConfigKeys (ConfUtils.java:logGet(43)) - raft.server.log.appender.install.snapshot.enabled = false (custom)
2019-11-14 22:49:24,560 [pool-517-thread-1] INFO  server.RaftServerConfigKeys (ConfUtils.java:logGet(43)) - raft.server.log.corruption.policy = EXCEPTION (default)
2019-11-14 22:49:24,560 [pool-537-thread-1] INFO  impl.RaftServerImpl (ServerState.java:<init>(103)) - ce51abe9-fc49-4310-abba-812881959ce0@group-AE73C50864A8: ConfigurationManager, init=-1: [dafdef77-e865-403b-bc5e-c37989f56ddc:192.168.69.106:34201, ec693a0a-7ab2-40db-baa2-190e1e2b8078:192.168.69.106:46493, ce51abe9-fc49-4310-abba-812881959ce0:192.168.69.106:37982], old=null, confs=<EMPTY_MAP>
2019-11-14 22:49:24,560 [pool-517-thread-1] INFO  storage.RaftStorageDirectory (RaftStorageDirectory.java:analyzeStorage(246)) - The storage directory /workdir/hadoop-ozone/integration-test/target/test-dir/MiniOzoneClusterImpl-9caa682c-a503-45f4-84bb-f8dd249825f6/datanode-1/data/ratis/73879765-5bc3-4c28-8060-ae73c50864a8 does not exist. Creating ...
2019-11-14 22:49:24,560 [pool-537-thread-1] INFO  server.RaftServerConfigKeys (ConfUtils.java:logGet(43)) - raft.server.storage.dir = [/workdir/hadoop-ozone/integration-test/target/test-dir/MiniOzoneClusterImpl-9caa682c-a503-45f4-84bb-f8dd249825f6/datanode-3/data/ratis] (custom)
2019-11-14 22:49:24,560 [pool-537-thread-1] INFO  server.RaftServerConfigKeys (ConfUtils.java:logGet(43)) - raft.server.log.corruption.policy = EXCEPTION (default)
2019-11-14 22:49:24,560 [pool-537-thread-1] INFO  storage.RaftStorageDirectory (RaftStorageDirectory.java:analyzeStorage(246)) - The storage directory /workdir/hadoop-ozone/integration-test/target/test-dir/MiniOzoneClusterImpl-9caa682c-a503-45f4-84bb-f8dd249825f6/datanode-3/data/ratis/73879765-5bc3-4c28-8060-ae73c50864a8 does not exist. Creating ...
2019-11-14 22:49:24,584 [pool-517-thread-1] INFO  storage.RaftStorageDirectory (RaftStorageDirectory.java:tryLock(328)) - Lock on /workdir/hadoop-ozone/integration-test/target/test-dir/MiniOzoneClusterImpl-9caa682c-a503-45f4-84bb-f8dd249825f6/datanode-1/data/ratis/73879765-5bc3-4c28-8060-ae73c50864a8/in_use.lock acquired by nodename 339@pr-hdds-2494-dtfqw-3996435450
2019-11-14 22:49:24,584 [dafdef77-e865-403b-bc5e-c37989f56ddc@group-BF4392B51D0C-SegmentedRaftLogWorker] INFO  segmented.SegmentedRaftLogWorker (SegmentedRaftLogWorker.java:execute(576)) - dafdef77-e865-403b-bc5e-c37989f56ddc@group-BF4392B51D0C-SegmentedRaftLogWorker: created new log segment /workdir/hadoop-ozone/integration-test/target/test-dir/MiniOzoneClusterImpl-9caa682c-a503-45f4-84bb-f8dd249825f6/datanode-1/data/ratis/42c95c97-d4f3-4eb9-8a5e-bf4392b51d0c/current/log_inprogress_0
2019-11-14 22:49:24,584 [pool-537-thread-1] INFO  storage.RaftStorageDirectory (RaftStorageDirectory.java:tryLock(328)) - Lock on /workdir/hadoop-ozone/integration-test/target/test-dir/MiniOzoneClusterImpl-9caa682c-a503-45f4-84bb-f8dd249825f6/datanode-3/data/ratis/73879765-5bc3-4c28-8060-ae73c50864a8/in_use.lock acquired by nodename 339@pr-hdds-2494-dtfqw-3996435450
2019-11-14 22:49:24,584 [pool-547-thread-1] INFO  storage.RaftStorageDirectory (RaftStorageDirectory.java:tryLock(328)) - Lock on /workdir/hadoop-ozone/integration-test/target/test-dir/MiniOzoneClusterImpl-9caa682c-a503-45f4-84bb-f8dd249825f6/datanode-4/data/ratis/73879765-5bc3-4c28-8060-ae73c50864a8/in_use.lock acquired by nodename 339@pr-hdds-2494-dtfqw-3996435450
2019-11-14 22:49:24,610 [pool-547-thread-1] INFO  storage.RaftStorage (RaftStorage.java:format(84)) - Storage directory /workdir/hadoop-ozone/integration-test/target/test-dir/MiniOzoneClusterImpl-9caa682c-a503-45f4-84bb-f8dd249825f6/datanode-4/data/ratis/73879765-5bc3-4c28-8060-ae73c50864a8 has been successfully formatted.
2019-11-14 22:49:24,610 [pool-537-thread-1] INFO  storage.RaftStorage (RaftStorage.java:format(84)) - Storage directory /workdir/hadoop-ozone/integration-test/target/test-dir/MiniOzoneClusterImpl-9caa682c-a503-45f4-84bb-f8dd249825f6/datanode-3/data/ratis/73879765-5bc3-4c28-8060-ae73c50864a8 has been successfully formatted.
2019-11-14 22:49:24,610 [pool-517-thread-1] INFO  storage.RaftStorage (RaftStorage.java:format(84)) - Storage directory /workdir/hadoop-ozone/integration-test/target/test-dir/MiniOzoneClusterImpl-9caa682c-a503-45f4-84bb-f8dd249825f6/datanode-1/data/ratis/73879765-5bc3-4c28-8060-ae73c50864a8 has been successfully formatted.
2019-11-14 22:49:24,610 [pool-537-thread-1] INFO  ratis.ContainerStateMachine (ContainerStateMachine.java:loadSnapshot(223)) - group-AE73C50864A8: The snapshot info is null. Setting the last applied indexto:(t:0, i:~)
2019-11-14 22:49:24,610 [pool-517-thread-1] INFO  ratis.ContainerStateMachine (ContainerStateMachine.java:loadSnapshot(223)) - group-AE73C50864A8: The snapshot info is null. Setting the last applied indexto:(t:0, i:~)
2019-11-14 22:49:24,610 [pool-517-thread-1] INFO  server.RaftServerConfigKeys (ConfUtils.java:logGet(43)) - raft.server.notification.no-leader.timeout = 120s (custom)
2019-11-14 22:49:24,610 [pool-547-thread-1] INFO  ratis.ContainerStateMachine (ContainerStateMachine.java:loadSnapshot(223)) - group-AE73C50864A8: The snapshot info is null. Setting the last applied indexto:(t:0, i:~)
2019-11-14 22:49:24,610 [pool-517-thread-1] INFO  server.RaftServerConfigKeys (ConfUtils.java:logGet(43)) - raft.server.log.use.memory = false (default)
2019-11-14 22:49:24,610 [pool-537-thread-1] INFO  server.RaftServerConfigKeys (ConfUtils.java:logGet(43)) - raft.server.notification.no-leader.timeout = 120s (custom)
2019-11-14 22:49:24,611 [pool-517-thread-1] INFO  server.RaftServerConfigKeys (ConfUtils.java:logGet(43)) - raft.server.log.purge.gap = 1000000 (custom)
2019-11-14 22:49:24,610 [pool-547-thread-1] INFO  server.RaftServerConfigKeys (ConfUtils.java:logGet(43)) - raft.server.notification.no-leader.timeout = 120s (custom)
2019-11-14 22:49:24,611 [pool-517-thread-1] INFO  server.RaftServerConfigKeys (ConfUtils.java:logGet(43)) - raft.server.log.appender.buffer.byte-limit = 33554432 (custom)
2019-11-14 22:49:24,611 [pool-537-thread-1] INFO  server.RaftServerConfigKeys (ConfUtils.java:logGet(43)) - raft.server.log.use.memory = false (default)
2019-11-14 22:49:24,611 [pool-517-thread-1] INFO  server.RaftServerConfigKeys (ConfUtils.java:logGet(43)) - raft.server.log.segment.size.max = 1048576 (custom)
2019-11-14 22:49:24,611 [pool-547-thread-1] INFO  server.RaftServerConfigKeys (ConfUtils.java:logGet(43)) - raft.server.log.use.memory = false (default)
2019-11-14 22:49:24,611 [pool-517-thread-1] INFO  server.RaftServerConfigKeys (ConfUtils.java:logGet(43)) - raft.server.log.segment.cache.num.max = 2 (custom)
2019-11-14 22:49:24,611 [pool-537-thread-1] INFO  server.RaftServerConfigKeys (ConfUtils.java:logGet(43)) - raft.server.log.purge.gap = 1000000 (custom)
2019-11-14 22:49:24,612 [pool-517-thread-1] INFO  segmented.SegmentedRaftLogWorker (SegmentedRaftLogWorker.java:<init>(173)) - new dafdef77-e865-403b-bc5e-c37989f56ddc@group-AE73C50864A8-SegmentedRaftLogWorker for RaftStorage:Storage Directory /workdir/hadoop-ozone/integration-test/target/test-dir/MiniOzoneClusterImpl-9caa682c-a503-45f4-84bb-f8dd249825f6/datanode-1/data/ratis/73879765-5bc3-4c28-8060-ae73c50864a8
2019-11-14 22:49:24,611 [pool-547-thread-1] INFO  server.RaftServerConfigKeys (ConfUtils.java:logGet(43)) - raft.server.log.purge.gap = 1000000 (custom)
2019-11-14 22:49:24,612 [pool-517-thread-1] INFO  server.RaftServerConfigKeys (ConfUtils.java:logGet(43)) - raft.server.log.queue.byte-limit = 2147483647 (custom)
2019-11-14 22:49:24,612 [pool-537-thread-1] INFO  server.RaftServerConfigKeys (ConfUtils.java:logGet(43)) - raft.server.log.appender.buffer.byte-limit = 33554432 (custom)
2019-11-14 22:49:24,612 [pool-517-thread-1] INFO  server.RaftServerConfigKeys (ConfUtils.java:logGet(43)) - raft.server.log.queue.element-limit = 1024 (custom)
2019-11-14 22:49:24,612 [pool-547-thread-1] INFO  server.RaftServerConfigKeys (ConfUtils.java:logGet(43)) - raft.server.log.appender.buffer.byte-limit = 33554432 (custom)
2019-11-14 22:49:24,612 [pool-517-thread-1] INFO  server.RaftServerConfigKeys (ConfUtils.java:logGet(43)) - raft.server.log.segment.size.max = 1048576 (custom)
2019-11-14 22:49:24,612 [pool-537-thread-1] INFO  server.RaftServerConfigKeys (ConfUtils.java:logGet(43)) - raft.server.log.segment.size.max = 1048576 (custom)
2019-11-14 22:49:24,612 [pool-517-thread-1] INFO  server.RaftServerConfigKeys (ConfUtils.java:logGet(43)) - raft.server.log.preallocated.size = 16384 (custom)
2019-11-14 22:49:24,612 [pool-547-thread-1] INFO  server.RaftServerConfigKeys (ConfUtils.java:logGet(43)) - raft.server.log.segment.size.max = 1048576 (custom)
2019-11-14 22:49:24,613 [pool-517-thread-1] INFO  server.RaftServerConfigKeys (ConfUtils.java:logGet(43)) - raft.server.log.write.buffer.size = 33554432 (custom)
2019-11-14 22:49:24,613 [pool-537-thread-1] INFO  server.RaftServerConfigKeys (ConfUtils.java:logGet(43)) - raft.server.log.segment.cache.num.max = 2 (custom)
2019-11-14 22:49:24,613 [pool-517-thread-1] INFO  server.RaftServerConfigKeys (ConfUtils.java:logGet(43)) - raft.server.log.force.sync.num = 128 (default)
2019-11-14 22:49:24,613 [pool-547-thread-1] INFO  server.RaftServerConfigKeys (ConfUtils.java:logGet(43)) - raft.server.log.segment.cache.num.max = 2 (custom)
2019-11-14 22:49:24,613 [pool-517-thread-1] INFO  server.RaftServerConfigKeys (ConfUtils.java:logGet(43)) - raft.server.log.statemachine.data.sync = true (default)
2019-11-14 22:49:24,613 [pool-537-thread-1] INFO  segmented.SegmentedRaftLogWorker (SegmentedRaftLogWorker.java:<init>(173)) - new ce51abe9-fc49-4310-abba-812881959ce0@group-AE73C50864A8-SegmentedRaftLogWorker for RaftStorage:Storage Directory /workdir/hadoop-ozone/integration-test/target/test-dir/MiniOzoneClusterImpl-9caa682c-a503-45f4-84bb-f8dd249825f6/datanode-3/data/ratis/73879765-5bc3-4c28-8060-ae73c50864a8
2019-11-14 22:49:24,613 [pool-517-thread-1] INFO  server.RaftServerConfigKeys (ConfUtils.java:logGet(43)) - raft.server.log.statemachine.data.sync.timeout = 10s (default)
2019-11-14 22:49:24,613 [pool-547-thread-1] INFO  segmented.SegmentedRaftLogWorker (SegmentedRaftLogWorker.java:<init>(173)) - new ec693a0a-7ab2-40db-baa2-190e1e2b8078@group-AE73C50864A8-SegmentedRaftLogWorker for RaftStorage:Storage Directory /workdir/hadoop-ozone/integration-test/target/test-dir/MiniOzoneClusterImpl-9caa682c-a503-45f4-84bb-f8dd249825f6/datanode-4/data/ratis/73879765-5bc3-4c28-8060-ae73c50864a8
2019-11-14 22:49:24,613 [pool-517-thread-1] INFO  server.RaftServerConfigKeys (ConfUtils.java:logGet(43)) - raft.server.log.statemachine.data.sync.timeout.retry = -1 (default)
2019-11-14 22:49:24,613 [pool-537-thread-1] INFO  server.RaftServerConfigKeys (ConfUtils.java:logGet(43)) - raft.server.log.queue.byte-limit = 2147483647 (custom)
2019-11-14 22:49:24,614 [pool-517-thread-1] INFO  server.RaftServerConfigKeys (ConfUtils.java:logGet(43)) - raft.server.log.statemachine.data.caching.enabled = true (custom)
2019-11-14 22:49:24,614 [pool-547-thread-1] INFO  server.RaftServerConfigKeys (ConfUtils.java:logGet(43)) - raft.server.log.queue.byte-limit = 2147483647 (custom)
2019-11-14 22:49:24,614 [pool-537-thread-1] INFO  server.RaftServerConfigKeys (ConfUtils.java:logGet(43)) - raft.server.log.queue.element-limit = 1024 (custom)
2019-11-14 22:49:24,614 [pool-517-thread-1] INFO  segmented.SegmentedRaftLogWorker (SegmentedRaftLogWorker.java:lambda$new$0(128)) - dafdef77-e865-403b-bc5e-c37989f56ddc@group-AE73C50864A8-SegmentedRaftLogWorker: flushIndex: setUnconditionally 0 -> -1
2019-11-14 22:49:24,614 [pool-547-thread-1] INFO  server.RaftServerConfigKeys (ConfUtils.java:logGet(43)) - raft.server.log.queue.element-limit = 1024 (custom)
2019-11-14 22:49:24,614 [pool-537-thread-1] INFO  server.RaftServerConfigKeys (ConfUtils.java:logGet(43)) - raft.server.log.segment.size.max = 1048576 (custom)
2019-11-14 22:49:24,614 [pool-517-thread-1] INFO  server.RaftServerConfigKeys (ConfUtils.java:logGet(43)) - raft.server.snapshot.auto.trigger.enabled = true (custom)
2019-11-14 22:49:24,614 [pool-547-thread-1] INFO  server.RaftServerConfigKeys (ConfUtils.java:logGet(43)) - raft.server.log.segment.size.max = 1048576 (custom)
2019-11-14 22:49:24,615 [pool-517-thread-1] INFO  server.RaftServerConfigKeys (ConfUtils.java:logGet(43)) - raft.server.snapshot.auto.trigger.threshold = 10000 (custom)
2019-11-14 22:49:24,614 [pool-537-thread-1] INFO  server.RaftServerConfigKeys (ConfUtils.java:logGet(43)) - raft.server.log.preallocated.size = 16384 (custom)
2019-11-14 22:49:24,615 [pool-517-thread-1] INFO  server.RaftServerConfigKeys (ConfUtils.java:logGet(43)) - raft.server.snapshot.retention.file.num = 5 (custom)
2019-11-14 22:49:24,615 [pool-547-thread-1] INFO  server.RaftServerConfigKeys (ConfUtils.java:logGet(43)) - raft.server.log.preallocated.size = 16384 (custom)
2019-11-14 22:49:24,615 [pool-517-thread-1] INFO  server.RaftServerConfigKeys (ConfUtils.java:logGet(43)) - raft.server.retrycache.expirytime = 600000ms (custom)
2019-11-14 22:49:24,615 [pool-537-thread-1] INFO  server.RaftServerConfigKeys (ConfUtils.java:logGet(43)) - raft.server.log.write.buffer.size = 33554432 (custom)
2019-11-14 22:49:24,615 [pool-517-thread-1] WARN  impl.MetricRegistriesImpl (MetricRegistriesImpl.java:lambda$create$1(61)) - First MetricRegistry has been created without registering reporters. You may need to call MetricRegistries.global().addReportRegistration(...) before.
2019-11-14 22:49:24,615 [pool-547-thread-1] INFO  server.RaftServerConfigKeys (ConfUtils.java:logGet(43)) - raft.server.log.write.buffer.size = 33554432 (custom)
2019-11-14 22:49:24,615 [pool-517-thread-1] WARN  impl.MetricRegistriesImpl (MetricRegistriesImpl.java:lambda$create$1(61)) - First MetricRegistry has been created without registering reporters. You may need to call MetricRegistries.global().addReportRegistration(...) before.
2019-11-14 22:49:24,615 [pool-537-thread-1] INFO  server.RaftServerConfigKeys (ConfUtils.java:logGet(43)) - raft.server.log.force.sync.num = 128 (default)
2019-11-14 22:49:24,616 [pool-517-thread-1] INFO  impl.RaftServerImpl (RaftServerImpl.java:start(184)) - dafdef77-e865-403b-bc5e-c37989f56ddc@group-AE73C50864A8: start as a follower, conf=-1: [dafdef77-e865-403b-bc5e-c37989f56ddc:192.168.69.106:34201, ec693a0a-7ab2-40db-baa2-190e1e2b8078:192.168.69.106:46493, ce51abe9-fc49-4310-abba-812881959ce0:192.168.69.106:37982], old=null
2019-11-14 22:49:24,616 [pool-547-thread-1] INFO  server.RaftServerConfigKeys (ConfUtils.java:logGet(43)) - raft.server.log.force.sync.num = 128 (default)
2019-11-14 22:49:24,616 [pool-517-thread-1] INFO  impl.RaftServerImpl (RaftServerImpl.java:setRole(173)) - dafdef77-e865-403b-bc5e-c37989f56ddc@group-AE73C50864A8: changes role from      null to FOLLOWER at term 0 for startAsFollower
2019-11-14 22:49:24,616 [pool-537-thread-1] INFO  server.RaftServerConfigKeys (ConfUtils.java:logGet(43)) - raft.server.log.statemachine.data.sync = true (default)
2019-11-14 22:49:24,616 [pool-517-thread-1] INFO  impl.RoleInfo (RoleInfo.java:updateAndGet(143)) - dafdef77-e865-403b-bc5e-c37989f56ddc: start FollowerState
2019-11-14 22:49:24,616 [pool-547-thread-1] INFO  server.RaftServerConfigKeys (ConfUtils.java:logGet(43)) - raft.server.log.statemachine.data.sync = true (default)
2019-11-14 22:49:24,616 [pool-537-thread-1] INFO  server.RaftServerConfigKeys (ConfUtils.java:logGet(43)) - raft.server.log.statemachine.data.sync.timeout = 10s (default)
2019-11-14 22:49:24,617 [pool-517-thread-1] INFO  util.JmxRegister (JmxRegister.java:tryRegister(44)) - Successfully registered JMX Bean with object name Ratis:service=RaftServer,group=group-AE73C50864A8,id=dafdef77-e865-403b-bc5e-c37989f56ddc
2019-11-14 22:49:24,617 [pool-547-thread-1] INFO  server.RaftServerConfigKeys (ConfUtils.java:logGet(43)) - raft.server.log.statemachine.data.sync.timeout = 10s (default)
2019-11-14 22:49:24,617 [pool-517-thread-1] WARN  impl.MetricRegistriesImpl (MetricRegistriesImpl.java:lambda$create$1(61)) - First MetricRegistry has been created without registering reporters. You may need to call MetricRegistries.global().addReportRegistration(...) before.
2019-11-14 22:49:24,617 [pool-537-thread-1] INFO  server.RaftServerConfigKeys (ConfUtils.java:logGet(43)) - raft.server.log.statemachine.data.sync.timeout.retry = -1 (default)
2019-11-14 22:49:24,617 [pool-547-thread-1] INFO  server.RaftServerConfigKeys (ConfUtils.java:logGet(43)) - raft.server.log.statemachine.data.sync.timeout.retry = -1 (default)
2019-11-14 22:49:24,617 [pool-537-thread-1] INFO  server.RaftServerConfigKeys (ConfUtils.java:logGet(43)) - raft.server.log.statemachine.data.caching.enabled = true (custom)
2019-11-14 22:49:24,617 [pool-547-thread-1] INFO  server.RaftServerConfigKeys (ConfUtils.java:logGet(43)) - raft.server.log.statemachine.data.caching.enabled = true (custom)
2019-11-14 22:49:24,618 [pool-537-thread-1] INFO  segmented.SegmentedRaftLogWorker (SegmentedRaftLogWorker.java:lambda$new$0(128)) - ce51abe9-fc49-4310-abba-812881959ce0@group-AE73C50864A8-SegmentedRaftLogWorker: flushIndex: setUnconditionally 0 -> -1
2019-11-14 22:49:24,618 [pool-547-thread-1] INFO  segmented.SegmentedRaftLogWorker (SegmentedRaftLogWorker.java:lambda$new$0(128)) - ec693a0a-7ab2-40db-baa2-190e1e2b8078@group-AE73C50864A8-SegmentedRaftLogWorker: flushIndex: setUnconditionally 0 -> -1
2019-11-14 22:49:24,618 [pool-537-thread-1] INFO  server.RaftServerConfigKeys (ConfUtils.java:logGet(43)) - raft.server.snapshot.auto.trigger.enabled = true (custom)
2019-11-14 22:49:24,618 [pool-537-thread-1] INFO  server.RaftServerConfigKeys (ConfUtils.java:logGet(43)) - raft.server.snapshot.auto.trigger.threshold = 10000 (custom)
2019-11-14 22:49:24,618 [pool-547-thread-1] INFO  server.RaftServerConfigKeys (ConfUtils.java:logGet(43)) - raft.server.snapshot.auto.trigger.enabled = true (custom)
2019-11-14 22:49:24,618 [pool-537-thread-1] INFO  server.RaftServerConfigKeys (ConfUtils.java:logGet(43)) - raft.server.snapshot.retention.file.num = 5 (custom)
2019-11-14 22:49:24,618 [pool-547-thread-1] INFO  server.RaftServerConfigKeys (ConfUtils.java:logGet(43)) - raft.server.snapshot.auto.trigger.threshold = 10000 (custom)
2019-11-14 22:49:24,619 [pool-537-thread-1] INFO  server.RaftServerConfigKeys (ConfUtils.java:logGet(43)) - raft.server.retrycache.expirytime = 600000ms (custom)
2019-11-14 22:49:24,619 [pool-547-thread-1] INFO  server.RaftServerConfigKeys (ConfUtils.java:logGet(43)) - raft.server.snapshot.retention.file.num = 5 (custom)
2019-11-14 22:49:24,619 [pool-537-thread-1] WARN  impl.MetricRegistriesImpl (MetricRegistriesImpl.java:lambda$create$1(61)) - First MetricRegistry has been created without registering reporters. You may need to call MetricRegistries.global().addReportRegistration(...) before.
2019-11-14 22:49:24,619 [pool-547-thread-1] INFO  server.RaftServerConfigKeys (ConfUtils.java:logGet(43)) - raft.server.retrycache.expirytime = 600000ms (custom)
2019-11-14 22:49:24,619 [pool-537-thread-1] WARN  impl.MetricRegistriesImpl (MetricRegistriesImpl.java:lambda$create$1(61)) - First MetricRegistry has been created without registering reporters. You may need to call MetricRegistries.global().addReportRegistration(...) before.
2019-11-14 22:49:24,619 [pool-547-thread-1] WARN  impl.MetricRegistriesImpl (MetricRegistriesImpl.java:lambda$create$1(61)) - First MetricRegistry has been created without registering reporters. You may need to call MetricRegistries.global().addReportRegistration(...) before.
2019-11-14 22:49:24,619 [pool-537-thread-1] INFO  impl.RaftServerImpl (RaftServerImpl.java:start(184)) - ce51abe9-fc49-4310-abba-812881959ce0@group-AE73C50864A8: start as a follower, conf=-1: [dafdef77-e865-403b-bc5e-c37989f56ddc:192.168.69.106:34201, ec693a0a-7ab2-40db-baa2-190e1e2b8078:192.168.69.106:46493, ce51abe9-fc49-4310-abba-812881959ce0:192.168.69.106:37982], old=null
2019-11-14 22:49:24,619 [pool-547-thread-1] WARN  impl.MetricRegistriesImpl (MetricRegistriesImpl.java:lambda$create$1(61)) - First MetricRegistry has been created without registering reporters. You may need to call MetricRegistries.global().addReportRegistration(...) before.
2019-11-14 22:49:24,619 [pool-537-thread-1] INFO  impl.RaftServerImpl (RaftServerImpl.java:setRole(173)) - ce51abe9-fc49-4310-abba-812881959ce0@group-AE73C50864A8: changes role from      null to FOLLOWER at term 0 for startAsFollower
2019-11-14 22:49:24,620 [pool-547-thread-1] INFO  impl.RaftServerImpl (RaftServerImpl.java:start(184)) - ec693a0a-7ab2-40db-baa2-190e1e2b8078@group-AE73C50864A8: start as a follower, conf=-1: [dafdef77-e865-403b-bc5e-c37989f56ddc:192.168.69.106:34201, ec693a0a-7ab2-40db-baa2-190e1e2b8078:192.168.69.106:46493, ce51abe9-fc49-4310-abba-812881959ce0:192.168.69.106:37982], old=null
2019-11-14 22:49:24,620 [pool-537-thread-1] INFO  impl.RoleInfo (RoleInfo.java:updateAndGet(143)) - ce51abe9-fc49-4310-abba-812881959ce0: start FollowerState
2019-11-14 22:49:24,620 [pool-547-thread-1] INFO  impl.RaftServerImpl (RaftServerImpl.java:setRole(173)) - ec693a0a-7ab2-40db-baa2-190e1e2b8078@group-AE73C50864A8: changes role from      null to FOLLOWER at term 0 for startAsFollower
2019-11-14 22:49:24,620 [pool-547-thread-1] INFO  impl.RoleInfo (RoleInfo.java:updateAndGet(143)) - ec693a0a-7ab2-40db-baa2-190e1e2b8078: start FollowerState
2019-11-14 22:49:24,620 [pool-537-thread-1] INFO  util.JmxRegister (JmxRegister.java:tryRegister(44)) - Successfully registered JMX Bean with object name Ratis:service=RaftServer,group=group-AE73C50864A8,id=ce51abe9-fc49-4310-abba-812881959ce0
2019-11-14 22:49:24,620 [pool-537-thread-1] WARN  impl.MetricRegistriesImpl (MetricRegistriesImpl.java:lambda$create$1(61)) - First MetricRegistry has been created without registering reporters. You may need to call MetricRegistries.global().addReportRegistration(...) before.
2019-11-14 22:49:24,620 [pool-547-thread-1] INFO  util.JmxRegister (JmxRegister.java:tryRegister(44)) - Successfully registered JMX Bean with object name Ratis:service=RaftServer,group=group-AE73C50864A8,id=ec693a0a-7ab2-40db-baa2-190e1e2b8078
2019-11-14 22:49:24,620 [pool-547-thread-1] WARN  impl.MetricRegistriesImpl (MetricRegistriesImpl.java:lambda$create$1(61)) - First MetricRegistry has been created without registering reporters. You may need to call MetricRegistries.global().addReportRegistration(...) before.
2019-11-14 22:49:24,622 [RatisPipelineUtilsThread] INFO  pipeline.PipelineStateManager (PipelineStateManager.java:addPipeline(55)) - Created pipeline Pipeline[ Id: 73879765-5bc3-4c28-8060-ae73c50864a8, Nodes: ec693a0a-7ab2-40db-baa2-190e1e2b8078{ip: 192.168.69.106, host: pr-hdds-2494-dtfqw-3996435450, networkLocation: /rack1, certSerialId: null}ce51abe9-fc49-4310-abba-812881959ce0{ip: 192.168.69.106, host: pr-hdds-2494-dtfqw-3996435450, networkLocation: /rack1, certSerialId: null}dafdef77-e865-403b-bc5e-c37989f56ddc{ip: 192.168.69.106, host: pr-hdds-2494-dtfqw-3996435450, networkLocation: /rack1, certSerialId: null}, Type:RATIS, Factor:THREE, State:ALLOCATED]
2019-11-14 22:49:24,664 [Thread-3609] INFO  impl.FollowerState (FollowerState.java:run(111)) - e9302b19-2241-48e3-b0d0-f92620d14c53@group-EFF334143AD9-FollowerState: change to CANDIDATE, lastRpcTime:1128ms, electionTimeout:1125ms
2019-11-14 22:49:24,664 [Thread-3609] INFO  impl.RoleInfo (RoleInfo.java:shutdownFollowerState(121)) - e9302b19-2241-48e3-b0d0-f92620d14c53: shutdown FollowerState
2019-11-14 22:49:24,664 [Thread-3609] INFO  impl.RaftServerImpl (RaftServerImpl.java:setRole(173)) - e9302b19-2241-48e3-b0d0-f92620d14c53@group-EFF334143AD9: changes role from  FOLLOWER to CANDIDATE at term 0 for changeToCandidate
2019-11-14 22:49:24,664 [Thread-3609] INFO  impl.RoleInfo (RoleInfo.java:updateAndGet(143)) - e9302b19-2241-48e3-b0d0-f92620d14c53: start LeaderElection
2019-11-14 22:49:24,694 [e9302b19-2241-48e3-b0d0-f92620d14c53@group-EFF334143AD9-LeaderElection153] INFO  impl.LeaderElection (LeaderElection.java:askForVotes(178)) - e9302b19-2241-48e3-b0d0-f92620d14c53@group-EFF334143AD9-LeaderElection153: begin an election at term 1 for -1: [e9302b19-2241-48e3-b0d0-f92620d14c53:192.168.69.106:32896], old=null
2019-11-14 22:49:24,694 [e9302b19-2241-48e3-b0d0-f92620d14c53@group-EFF334143AD9-LeaderElection153] INFO  impl.RoleInfo (RoleInfo.java:shutdownLeaderElection(134)) - e9302b19-2241-48e3-b0d0-f92620d14c53: shutdown LeaderElection
2019-11-14 22:49:24,694 [e9302b19-2241-48e3-b0d0-f92620d14c53@group-EFF334143AD9-LeaderElection153] INFO  impl.RaftServerImpl (RaftServerImpl.java:setRole(173)) - e9302b19-2241-48e3-b0d0-f92620d14c53@group-EFF334143AD9: changes role from CANDIDATE to LEADER at term 1 for changeToLeader
2019-11-14 22:49:24,694 [e9302b19-2241-48e3-b0d0-f92620d14c53@group-EFF334143AD9-LeaderElection153] INFO  ratis.XceiverServerRatis (XceiverServerRatis.java:handleLeaderChangedNotification(697)) - Leader change notification received for group: group-EFF334143AD9 with new leaderId: e9302b19-2241-48e3-b0d0-f92620d14c53
2019-11-14 22:49:24,694 [e9302b19-2241-48e3-b0d0-f92620d14c53@group-EFF334143AD9-LeaderElection153] INFO  impl.RaftServerImpl (ServerState.java:setLeader(255)) - e9302b19-2241-48e3-b0d0-f92620d14c53@group-EFF334143AD9: change Leader from null to e9302b19-2241-48e3-b0d0-f92620d14c53 at term 1 for becomeLeader, leader elected after 1160ms
2019-11-14 22:49:24,694 [e9302b19-2241-48e3-b0d0-f92620d14c53@group-EFF334143AD9-LeaderElection153] INFO  server.RaftServerConfigKeys (ConfUtils.java:logGet(43)) - raft.server.staging.catchup.gap = 1000 (default)
2019-11-14 22:49:24,694 [e9302b19-2241-48e3-b0d0-f92620d14c53@group-EFF334143AD9-LeaderElection153] INFO  server.RaftServerConfigKeys (ConfUtils.java:logGet(43)) - raft.server.rpc.sleep.time = 25ms (default)
2019-11-14 22:49:24,695 [e9302b19-2241-48e3-b0d0-f92620d14c53@group-EFF334143AD9-LeaderElection153] INFO  server.RaftServerConfigKeys (ConfUtils.java:logGet(43)) - raft.server.write.element-limit = 4096 (default)
2019-11-14 22:49:24,695 [e9302b19-2241-48e3-b0d0-f92620d14c53@group-EFF334143AD9-LeaderElection153] INFO  server.RaftServerConfigKeys (ConfUtils.java:logGet(43)) - raft.server.watch.timeout = 10s (default)
2019-11-14 22:49:24,695 [e9302b19-2241-48e3-b0d0-f92620d14c53@group-EFF334143AD9-LeaderElection153] INFO  server.RaftServerConfigKeys (ConfUtils.java:logGet(43)) - raft.server.watch.timeout.denomination = 1s (default)
2019-11-14 22:49:24,695 [e9302b19-2241-48e3-b0d0-f92620d14c53@group-EFF334143AD9-LeaderElection153] INFO  server.RaftServerConfigKeys (ConfUtils.java:logGet(43)) - raft.server.watch.element-limit = 65536 (default)
2019-11-14 22:49:24,695 [e9302b19-2241-48e3-b0d0-f92620d14c53@group-EFF334143AD9-LeaderElection153] INFO  impl.RoleInfo (RoleInfo.java:updateAndGet(143)) - e9302b19-2241-48e3-b0d0-f92620d14c53: start LeaderState
2019-11-14 22:49:24,695 [EventQueue-PipelineReportForPipelineReportHandler] INFO  pipeline.PipelineStateManager (PipelineStateManager.java:openPipeline(134)) - Pipeline Pipeline[ Id: 4273ac8c-01a8-491c-b420-eff334143ad9, Nodes: e9302b19-2241-48e3-b0d0-f92620d14c53{ip: 192.168.69.106, host: pr-hdds-2494-dtfqw-3996435450, networkLocation: /rack1, certSerialId: null}, Type:RATIS, Factor:ONE, State:OPEN] moved to OPEN state
2019-11-14 22:49:24,695 [e9302b19-2241-48e3-b0d0-f92620d14c53@group-EFF334143AD9-LeaderElection153] INFO  segmented.SegmentedRaftLogWorker (SegmentedRaftLogWorker.java:startLogSegment(385)) - e9302b19-2241-48e3-b0d0-f92620d14c53@group-EFF334143AD9-SegmentedRaftLogWorker: Starting segment from index:0
2019-11-14 22:49:24,696 [e9302b19-2241-48e3-b0d0-f92620d14c53@group-EFF334143AD9-LeaderElection153] INFO  impl.RaftServerImpl (ServerState.java:setRaftConf(356)) - e9302b19-2241-48e3-b0d0-f92620d14c53@group-EFF334143AD9: set configuration 0: [e9302b19-2241-48e3-b0d0-f92620d14c53:192.168.69.106:32896], old=null at 0
2019-11-14 22:49:24,754 [e9302b19-2241-48e3-b0d0-f92620d14c53@group-EFF334143AD9-SegmentedRaftLogWorker] INFO  segmented.SegmentedRaftLogWorker (SegmentedRaftLogWorker.java:execute(576)) - e9302b19-2241-48e3-b0d0-f92620d14c53@group-EFF334143AD9-SegmentedRaftLogWorker: created new log segment /workdir/hadoop-ozone/integration-test/target/test-dir/MiniOzoneClusterImpl-9caa682c-a503-45f4-84bb-f8dd249825f6/datanode-5/data/ratis/4273ac8c-01a8-491c-b420-eff334143ad9/current/log_inprogress_0
2019-11-14 22:49:25,175 [Thread-3629] INFO  impl.FollowerState (FollowerState.java:run(111)) - 58f72cb5-8974-4d0e-9564-cfe3e68dc671@group-E5CD7693E4BE-FollowerState: change to CANDIDATE, lastRpcTime:1052ms, electionTimeout:1052ms
2019-11-14 22:49:25,175 [Thread-3629] INFO  impl.RoleInfo (RoleInfo.java:shutdownFollowerState(121)) - 58f72cb5-8974-4d0e-9564-cfe3e68dc671: shutdown FollowerState
2019-11-14 22:49:25,175 [Thread-3629] INFO  impl.RaftServerImpl (RaftServerImpl.java:setRole(173)) - 58f72cb5-8974-4d0e-9564-cfe3e68dc671@group-E5CD7693E4BE: changes role from  FOLLOWER to CANDIDATE at term 0 for changeToCandidate
2019-11-14 22:49:25,175 [Thread-3629] INFO  impl.RoleInfo (RoleInfo.java:updateAndGet(143)) - 58f72cb5-8974-4d0e-9564-cfe3e68dc671: start LeaderElection
2019-11-14 22:49:25,200 [58f72cb5-8974-4d0e-9564-cfe3e68dc671@group-E5CD7693E4BE-LeaderElection154] INFO  impl.LeaderElection (LeaderElection.java:askForVotes(178)) - 58f72cb5-8974-4d0e-9564-cfe3e68dc671@group-E5CD7693E4BE-LeaderElection154: begin an election at term 1 for -1: [58f72cb5-8974-4d0e-9564-cfe3e68dc671:192.168.69.106:42937, 720981dd-80b6-4b59-8027-74344e9fba7b:192.168.69.106:33190, 7d8f40ed-fc7e-4283-96c6-8f8f645c1bfe:192.168.69.106:40228], old=null
2019-11-14 22:49:25,214 [grpc-default-executor-6] INFO  impl.RaftServerImpl (RaftServerImpl.java:setRole(173)) - 7d8f40ed-fc7e-4283-96c6-8f8f645c1bfe@group-E5CD7693E4BE: changes role from  FOLLOWER to FOLLOWER at term 1 for recognizeCandidate:58f72cb5-8974-4d0e-9564-cfe3e68dc671
2019-11-14 22:49:25,214 [grpc-default-executor-8] INFO  impl.RaftServerImpl (RaftServerImpl.java:setRole(173)) - 720981dd-80b6-4b59-8027-74344e9fba7b@group-E5CD7693E4BE: changes role from  FOLLOWER to FOLLOWER at term 1 for recognizeCandidate:58f72cb5-8974-4d0e-9564-cfe3e68dc671
2019-11-14 22:49:25,215 [grpc-default-executor-6] INFO  impl.RoleInfo (RoleInfo.java:shutdownFollowerState(121)) - 7d8f40ed-fc7e-4283-96c6-8f8f645c1bfe: shutdown FollowerState
2019-11-14 22:49:25,215 [grpc-default-executor-8] INFO  impl.RoleInfo (RoleInfo.java:shutdownFollowerState(121)) - 720981dd-80b6-4b59-8027-74344e9fba7b: shutdown FollowerState
2019-11-14 22:49:25,215 [grpc-default-executor-6] INFO  impl.RoleInfo (RoleInfo.java:updateAndGet(143)) - 7d8f40ed-fc7e-4283-96c6-8f8f645c1bfe: start FollowerState
2019-11-14 22:49:25,215 [Thread-3633] INFO  impl.FollowerState (FollowerState.java:run(120)) - 7d8f40ed-fc7e-4283-96c6-8f8f645c1bfe@group-E5CD7693E4BE-FollowerState was interrupted: java.lang.InterruptedException: sleep interrupted
2019-11-14 22:49:25,215 [Thread-3634] INFO  impl.FollowerState (FollowerState.java:run(120)) - 720981dd-80b6-4b59-8027-74344e9fba7b@group-E5CD7693E4BE-FollowerState was interrupted: java.lang.InterruptedException: sleep interrupted
2019-11-14 22:49:25,215 [grpc-default-executor-8] INFO  impl.RoleInfo (RoleInfo.java:updateAndGet(143)) - 720981dd-80b6-4b59-8027-74344e9fba7b: start FollowerState
2019-11-14 22:49:25,239 [58f72cb5-8974-4d0e-9564-cfe3e68dc671@group-E5CD7693E4BE-LeaderElection154] INFO  impl.LeaderElection (LeaderElection.java:logAndReturn(56)) - 58f72cb5-8974-4d0e-9564-cfe3e68dc671@group-E5CD7693E4BE-LeaderElection154: Election PASSED; received 1 response(s) [58f72cb5-8974-4d0e-9564-cfe3e68dc671<-7d8f40ed-fc7e-4283-96c6-8f8f645c1bfe#0:OK-t1] and 0 exception(s); 58f72cb5-8974-4d0e-9564-cfe3e68dc671@group-E5CD7693E4BE:t1, leader=null, voted=58f72cb5-8974-4d0e-9564-cfe3e68dc671, raftlog=58f72cb5-8974-4d0e-9564-cfe3e68dc671@group-E5CD7693E4BE-SegmentedRaftLog:OPENED:c-1,f-1,i0, conf=-1: [58f72cb5-8974-4d0e-9564-cfe3e68dc671:192.168.69.106:42937, 720981dd-80b6-4b59-8027-74344e9fba7b:192.168.69.106:33190, 7d8f40ed-fc7e-4283-96c6-8f8f645c1bfe:192.168.69.106:40228], old=null
2019-11-14 22:49:25,239 [58f72cb5-8974-4d0e-9564-cfe3e68dc671@group-E5CD7693E4BE-LeaderElection154] INFO  impl.RoleInfo (RoleInfo.java:shutdownLeaderElection(134)) - 58f72cb5-8974-4d0e-9564-cfe3e68dc671: shutdown LeaderElection
2019-11-14 22:49:25,240 [58f72cb5-8974-4d0e-9564-cfe3e68dc671@group-E5CD7693E4BE-LeaderElection154] INFO  impl.RaftServerImpl (RaftServerImpl.java:setRole(173)) - 58f72cb5-8974-4d0e-9564-cfe3e68dc671@group-E5CD7693E4BE: changes role from CANDIDATE to LEADER at term 1 for changeToLeader
2019-11-14 22:49:25,240 [58f72cb5-8974-4d0e-9564-cfe3e68dc671@group-E5CD7693E4BE-LeaderElection154] INFO  ratis.XceiverServerRatis (XceiverServerRatis.java:handleLeaderChangedNotification(697)) - Leader change notification received for group: group-E5CD7693E4BE with new leaderId: 58f72cb5-8974-4d0e-9564-cfe3e68dc671
2019-11-14 22:49:25,240 [58f72cb5-8974-4d0e-9564-cfe3e68dc671@group-E5CD7693E4BE-LeaderElection154] INFO  impl.RaftServerImpl (ServerState.java:setLeader(255)) - 58f72cb5-8974-4d0e-9564-cfe3e68dc671@group-E5CD7693E4BE: change Leader from null to 58f72cb5-8974-4d0e-9564-cfe3e68dc671 at term 1 for becomeLeader, leader elected after 1122ms
2019-11-14 22:49:25,243 [58f72cb5-8974-4d0e-9564-cfe3e68dc671@group-E5CD7693E4BE-LeaderElection154] INFO  server.RaftServerConfigKeys (ConfUtils.java:logGet(43)) - raft.server.staging.catchup.gap = 1000 (default)
2019-11-14 22:49:25,243 [58f72cb5-8974-4d0e-9564-cfe3e68dc671@group-E5CD7693E4BE-LeaderElection154] INFO  server.RaftServerConfigKeys (ConfUtils.java:logGet(43)) - raft.server.rpc.sleep.time = 25ms (default)
2019-11-14 22:49:25,245 [58f72cb5-8974-4d0e-9564-cfe3e68dc671@group-E5CD7693E4BE-LeaderElection154] INFO  server.RaftServerConfigKeys (ConfUtils.java:logGet(43)) - raft.server.write.element-limit = 4096 (default)
2019-11-14 22:49:25,245 [58f72cb5-8974-4d0e-9564-cfe3e68dc671@group-E5CD7693E4BE-LeaderElection154] INFO  server.RaftServerConfigKeys (ConfUtils.java:logGet(43)) - raft.server.watch.timeout = 10s (default)
2019-11-14 22:49:25,246 [58f72cb5-8974-4d0e-9564-cfe3e68dc671@group-E5CD7693E4BE-LeaderElection154] INFO  server.RaftServerConfigKeys (ConfUtils.java:logGet(43)) - raft.server.watch.timeout.denomination = 1s (default)
2019-11-14 22:49:25,246 [58f72cb5-8974-4d0e-9564-cfe3e68dc671@group-E5CD7693E4BE-LeaderElection154] INFO  server.RaftServerConfigKeys (ConfUtils.java:logGet(43)) - raft.server.watch.element-limit = 65536 (default)
2019-11-14 22:49:25,246 [58f72cb5-8974-4d0e-9564-cfe3e68dc671@group-E5CD7693E4BE-LeaderElection154] INFO  server.RaftServerConfigKeys (ConfUtils.java:logGet(43)) - raft.server.log.appender.snapshot.chunk.size.max = 16MB (=16777216) (default)
2019-11-14 22:49:25,246 [58f72cb5-8974-4d0e-9564-cfe3e68dc671@group-E5CD7693E4BE-LeaderElection154] INFO  server.RaftServerConfigKeys (ConfUtils.java:logGet(43)) - raft.server.log.appender.buffer.byte-limit = 33554432 (custom)
2019-11-14 22:49:25,246 [58f72cb5-8974-4d0e-9564-cfe3e68dc671@group-E5CD7693E4BE-LeaderElection154] INFO  server.RaftServerConfigKeys (ConfUtils.java:logGet(43)) - raft.server.log.appender.buffer.element-limit = 1 (custom)
2019-11-14 22:49:25,246 [58f72cb5-8974-4d0e-9564-cfe3e68dc671@group-E5CD7693E4BE-LeaderElection154] INFO  grpc.GrpcConfigKeys$Server (ConfUtils.java:logGet(43)) - raft.grpc.server.leader.outstanding.appends.max = 128 (default)
2019-11-14 22:49:25,246 [58f72cb5-8974-4d0e-9564-cfe3e68dc671@group-E5CD7693E4BE-LeaderElection154] INFO  server.RaftServerConfigKeys (ConfUtils.java:logGet(43)) - raft.server.rpc.request.timeout = 3000ms (default)
2019-11-14 22:49:25,247 [58f72cb5-8974-4d0e-9564-cfe3e68dc671@group-E5CD7693E4BE-LeaderElection154] INFO  server.RaftServerConfigKeys (ConfUtils.java:logGet(43)) - raft.server.log.appender.install.snapshot.enabled = false (custom)
2019-11-14 22:49:25,247 [58f72cb5-8974-4d0e-9564-cfe3e68dc671@group-E5CD7693E4BE-LeaderElection154] WARN  impl.MetricRegistriesImpl (MetricRegistriesImpl.java:lambda$create$1(61)) - First MetricRegistry has been created without registering reporters. You may need to call MetricRegistries.global().addReportRegistration(...) before.
2019-11-14 22:49:25,247 [58f72cb5-8974-4d0e-9564-cfe3e68dc671@group-E5CD7693E4BE-LeaderElection154] INFO  server.RaftServerConfigKeys (ConfUtils.java:logGet(43)) - raft.server.log.appender.snapshot.chunk.size.max = 16MB (=16777216) (default)
2019-11-14 22:49:25,247 [58f72cb5-8974-4d0e-9564-cfe3e68dc671@group-E5CD7693E4BE-LeaderElection154] INFO  server.RaftServerConfigKeys (ConfUtils.java:logGet(43)) - raft.server.log.appender.buffer.byte-limit = 33554432 (custom)
2019-11-14 22:49:25,247 [58f72cb5-8974-4d0e-9564-cfe3e68dc671@group-E5CD7693E4BE-LeaderElection154] INFO  server.RaftServerConfigKeys (ConfUtils.java:logGet(43)) - raft.server.log.appender.buffer.element-limit = 1 (custom)
2019-11-14 22:49:25,247 [58f72cb5-8974-4d0e-9564-cfe3e68dc671@group-E5CD7693E4BE-LeaderElection154] INFO  grpc.GrpcConfigKeys$Server (ConfUtils.java:logGet(43)) - raft.grpc.server.leader.outstanding.appends.max = 128 (default)
2019-11-14 22:49:25,247 [58f72cb5-8974-4d0e-9564-cfe3e68dc671@group-E5CD7693E4BE-LeaderElection154] INFO  server.RaftServerConfigKeys (ConfUtils.java:logGet(43)) - raft.server.rpc.request.timeout = 3000ms (default)
2019-11-14 22:49:25,248 [58f72cb5-8974-4d0e-9564-cfe3e68dc671@group-E5CD7693E4BE-LeaderElection154] INFO  server.RaftServerConfigKeys (ConfUtils.java:logGet(43)) - raft.server.log.appender.install.snapshot.enabled = false (custom)
2019-11-14 22:49:25,248 [58f72cb5-8974-4d0e-9564-cfe3e68dc671@group-E5CD7693E4BE-LeaderElection154] INFO  impl.RoleInfo (RoleInfo.java:updateAndGet(143)) - 58f72cb5-8974-4d0e-9564-cfe3e68dc671: start LeaderState
2019-11-14 22:49:25,248 [58f72cb5-8974-4d0e-9564-cfe3e68dc671@group-E5CD7693E4BE-LeaderElection154] INFO  segmented.SegmentedRaftLogWorker (SegmentedRaftLogWorker.java:startLogSegment(385)) - 58f72cb5-8974-4d0e-9564-cfe3e68dc671@group-E5CD7693E4BE-SegmentedRaftLogWorker: Starting segment from index:0
2019-11-14 22:49:25,249 [58f72cb5-8974-4d0e-9564-cfe3e68dc671@group-E5CD7693E4BE-LeaderElection154] INFO  impl.RaftServerImpl (ServerState.java:setRaftConf(356)) - 58f72cb5-8974-4d0e-9564-cfe3e68dc671@group-E5CD7693E4BE: set configuration 0: [58f72cb5-8974-4d0e-9564-cfe3e68dc671:192.168.69.106:42937, 720981dd-80b6-4b59-8027-74344e9fba7b:192.168.69.106:33190, 7d8f40ed-fc7e-4283-96c6-8f8f645c1bfe:192.168.69.106:40228], old=null at 0
2019-11-14 22:49:25,250 [grpc-default-executor-6] INFO  ratis.XceiverServerRatis (XceiverServerRatis.java:handleLeaderChangedNotification(697)) - Leader change notification received for group: group-E5CD7693E4BE with new leaderId: 58f72cb5-8974-4d0e-9564-cfe3e68dc671
2019-11-14 22:49:25,250 [grpc-default-executor-6] INFO  impl.RaftServerImpl (ServerState.java:setLeader(255)) - 7d8f40ed-fc7e-4283-96c6-8f8f645c1bfe@group-E5CD7693E4BE: change Leader from null to 58f72cb5-8974-4d0e-9564-cfe3e68dc671 at term 1 for appendEntries, leader elected after 1132ms
2019-11-14 22:49:25,250 [grpc-default-executor-8] INFO  ratis.XceiverServerRatis (XceiverServerRatis.java:handleLeaderChangedNotification(697)) - Leader change notification received for group: group-E5CD7693E4BE with new leaderId: 58f72cb5-8974-4d0e-9564-cfe3e68dc671
2019-11-14 22:49:25,250 [grpc-default-executor-8] INFO  impl.RaftServerImpl (ServerState.java:setLeader(255)) - 720981dd-80b6-4b59-8027-74344e9fba7b@group-E5CD7693E4BE: change Leader from null to 58f72cb5-8974-4d0e-9564-cfe3e68dc671 at term 1 for appendEntries, leader elected after 1132ms
2019-11-14 22:49:25,287 [Thread-3639] INFO  impl.FollowerState (FollowerState.java:run(111)) - 58f72cb5-8974-4d0e-9564-cfe3e68dc671@group-89A5A7849136-FollowerState: change to CANDIDATE, lastRpcTime:1085ms, electionTimeout:1084ms
2019-11-14 22:49:25,288 [Thread-3639] INFO  impl.RoleInfo (RoleInfo.java:shutdownFollowerState(121)) - 58f72cb5-8974-4d0e-9564-cfe3e68dc671: shutdown FollowerState
2019-11-14 22:49:25,288 [Thread-3639] INFO  impl.RaftServerImpl (RaftServerImpl.java:setRole(173)) - 58f72cb5-8974-4d0e-9564-cfe3e68dc671@group-89A5A7849136: changes role from  FOLLOWER to CANDIDATE at term 0 for changeToCandidate
2019-11-14 22:49:25,288 [grpc-default-executor-8] INFO  impl.RaftServerImpl (ServerState.java:setRaftConf(356)) - 7d8f40ed-fc7e-4283-96c6-8f8f645c1bfe@group-E5CD7693E4BE: set configuration 0: [58f72cb5-8974-4d0e-9564-cfe3e68dc671:192.168.69.106:42937, 720981dd-80b6-4b59-8027-74344e9fba7b:192.168.69.106:33190, 7d8f40ed-fc7e-4283-96c6-8f8f645c1bfe:192.168.69.106:40228], old=null at 0
2019-11-14 22:49:25,288 [Thread-3639] INFO  impl.RoleInfo (RoleInfo.java:updateAndGet(143)) - 58f72cb5-8974-4d0e-9564-cfe3e68dc671: start LeaderElection
2019-11-14 22:49:25,288 [grpc-default-executor-8] INFO  segmented.SegmentedRaftLogWorker (SegmentedRaftLogWorker.java:startLogSegment(385)) - 7d8f40ed-fc7e-4283-96c6-8f8f645c1bfe@group-E5CD7693E4BE-SegmentedRaftLogWorker: Starting segment from index:0
2019-11-14 22:49:25,291 [grpc-default-executor-8] INFO  impl.RaftServerImpl (ServerState.java:setRaftConf(356)) - 720981dd-80b6-4b59-8027-74344e9fba7b@group-E5CD7693E4BE: set configuration 0: [58f72cb5-8974-4d0e-9564-cfe3e68dc671:192.168.69.106:42937, 720981dd-80b6-4b59-8027-74344e9fba7b:192.168.69.106:33190, 7d8f40ed-fc7e-4283-96c6-8f8f645c1bfe:192.168.69.106:40228], old=null at 0
2019-11-14 22:49:25,291 [grpc-default-executor-8] INFO  segmented.SegmentedRaftLogWorker (SegmentedRaftLogWorker.java:startLogSegment(385)) - 720981dd-80b6-4b59-8027-74344e9fba7b@group-E5CD7693E4BE-SegmentedRaftLogWorker: Starting segment from index:0
2019-11-14 22:49:25,304 [58f72cb5-8974-4d0e-9564-cfe3e68dc671@group-E5CD7693E4BE-SegmentedRaftLogWorker] INFO  segmented.SegmentedRaftLogWorker (SegmentedRaftLogWorker.java:execute(576)) - 58f72cb5-8974-4d0e-9564-cfe3e68dc671@group-E5CD7693E4BE-SegmentedRaftLogWorker: created new log segment /workdir/hadoop-ozone/integration-test/target/test-dir/MiniOzoneClusterImpl-9caa682c-a503-45f4-84bb-f8dd249825f6/datanode-8/data/ratis/82d49983-d91e-4816-8e64-e5cd7693e4be/current/log_inprogress_0
2019-11-14 22:49:25,304 [58f72cb5-8974-4d0e-9564-cfe3e68dc671@group-89A5A7849136-LeaderElection155] INFO  impl.LeaderElection (LeaderElection.java:askForVotes(178)) - 58f72cb5-8974-4d0e-9564-cfe3e68dc671@group-89A5A7849136-LeaderElection155: begin an election at term 1 for -1: [58f72cb5-8974-4d0e-9564-cfe3e68dc671:192.168.69.106:42937], old=null
2019-11-14 22:49:25,304 [58f72cb5-8974-4d0e-9564-cfe3e68dc671@group-89A5A7849136-LeaderElection155] INFO  impl.RoleInfo (RoleInfo.java:shutdownLeaderElection(134)) - 58f72cb5-8974-4d0e-9564-cfe3e68dc671: shutdown LeaderElection
2019-11-14 22:49:25,304 [58f72cb5-8974-4d0e-9564-cfe3e68dc671@group-89A5A7849136-LeaderElection155] INFO  impl.RaftServerImpl (RaftServerImpl.java:setRole(173)) - 58f72cb5-8974-4d0e-9564-cfe3e68dc671@group-89A5A7849136: changes role from CANDIDATE to LEADER at term 1 for changeToLeader
2019-11-14 22:49:25,304 [58f72cb5-8974-4d0e-9564-cfe3e68dc671@group-89A5A7849136-LeaderElection155] INFO  ratis.XceiverServerRatis (XceiverServerRatis.java:handleLeaderChangedNotification(697)) - Leader change notification received for group: group-89A5A7849136 with new leaderId: 58f72cb5-8974-4d0e-9564-cfe3e68dc671
2019-11-14 22:49:25,304 [58f72cb5-8974-4d0e-9564-cfe3e68dc671@group-89A5A7849136-LeaderElection155] INFO  impl.RaftServerImpl (ServerState.java:setLeader(255)) - 58f72cb5-8974-4d0e-9564-cfe3e68dc671@group-89A5A7849136: change Leader from null to 58f72cb5-8974-4d0e-9564-cfe3e68dc671 at term 1 for becomeLeader, leader elected after 1104ms
2019-11-14 22:49:25,304 [58f72cb5-8974-4d0e-9564-cfe3e68dc671@group-89A5A7849136-LeaderElection155] INFO  server.RaftServerConfigKeys (ConfUtils.java:logGet(43)) - raft.server.staging.catchup.gap = 1000 (default)
2019-11-14 22:49:25,304 [58f72cb5-8974-4d0e-9564-cfe3e68dc671@group-89A5A7849136-LeaderElection155] INFO  server.RaftServerConfigKeys (ConfUtils.java:logGet(43)) - raft.server.rpc.sleep.time = 25ms (default)
2019-11-14 22:49:25,304 [58f72cb5-8974-4d0e-9564-cfe3e68dc671@group-89A5A7849136-LeaderElection155] INFO  server.RaftServerConfigKeys (ConfUtils.java:logGet(43)) - raft.server.write.element-limit = 4096 (default)
2019-11-14 22:49:25,304 [58f72cb5-8974-4d0e-9564-cfe3e68dc671@group-89A5A7849136-LeaderElection155] INFO  server.RaftServerConfigKeys (ConfUtils.java:logGet(43)) - raft.server.watch.timeout = 10s (default)
2019-11-14 22:49:25,305 [58f72cb5-8974-4d0e-9564-cfe3e68dc671@group-89A5A7849136-LeaderElection155] INFO  server.RaftServerConfigKeys (ConfUtils.java:logGet(43)) - raft.server.watch.timeout.denomination = 1s (default)
2019-11-14 22:49:25,305 [58f72cb5-8974-4d0e-9564-cfe3e68dc671@group-89A5A7849136-LeaderElection155] INFO  server.RaftServerConfigKeys (ConfUtils.java:logGet(43)) - raft.server.watch.element-limit = 65536 (default)
2019-11-14 22:49:25,305 [58f72cb5-8974-4d0e-9564-cfe3e68dc671@group-89A5A7849136-LeaderElection155] INFO  impl.RoleInfo (RoleInfo.java:updateAndGet(143)) - 58f72cb5-8974-4d0e-9564-cfe3e68dc671: start LeaderState
2019-11-14 22:49:25,305 [58f72cb5-8974-4d0e-9564-cfe3e68dc671@group-89A5A7849136-LeaderElection155] INFO  segmented.SegmentedRaftLogWorker (SegmentedRaftLogWorker.java:startLogSegment(385)) - 58f72cb5-8974-4d0e-9564-cfe3e68dc671@group-89A5A7849136-SegmentedRaftLogWorker: Starting segment from index:0
2019-11-14 22:49:25,305 [58f72cb5-8974-4d0e-9564-cfe3e68dc671@group-89A5A7849136-LeaderElection155] INFO  impl.RaftServerImpl (ServerState.java:setRaftConf(356)) - 58f72cb5-8974-4d0e-9564-cfe3e68dc671@group-89A5A7849136: set configuration 0: [58f72cb5-8974-4d0e-9564-cfe3e68dc671:192.168.69.106:42937], old=null at 0
2019-11-14 22:49:25,342 [7d8f40ed-fc7e-4283-96c6-8f8f645c1bfe@group-E5CD7693E4BE-SegmentedRaftLogWorker] INFO  segmented.SegmentedRaftLogWorker (SegmentedRaftLogWorker.java:execute(576)) - 7d8f40ed-fc7e-4283-96c6-8f8f645c1bfe@group-E5CD7693E4BE-SegmentedRaftLogWorker: created new log segment /workdir/hadoop-ozone/integration-test/target/test-dir/MiniOzoneClusterImpl-9caa682c-a503-45f4-84bb-f8dd249825f6/datanode-7/data/ratis/82d49983-d91e-4816-8e64-e5cd7693e4be/current/log_inprogress_0
2019-11-14 22:49:25,342 [720981dd-80b6-4b59-8027-74344e9fba7b@group-E5CD7693E4BE-SegmentedRaftLogWorker] INFO  segmented.SegmentedRaftLogWorker (SegmentedRaftLogWorker.java:execute(576)) - 720981dd-80b6-4b59-8027-74344e9fba7b@group-E5CD7693E4BE-SegmentedRaftLogWorker: created new log segment /workdir/hadoop-ozone/integration-test/target/test-dir/MiniOzoneClusterImpl-9caa682c-a503-45f4-84bb-f8dd249825f6/datanode-2/data/ratis/82d49983-d91e-4816-8e64-e5cd7693e4be/current/log_inprogress_0
2019-11-14 22:49:25,342 [58f72cb5-8974-4d0e-9564-cfe3e68dc671@group-89A5A7849136-SegmentedRaftLogWorker] INFO  segmented.SegmentedRaftLogWorker (SegmentedRaftLogWorker.java:execute(576)) - 58f72cb5-8974-4d0e-9564-cfe3e68dc671@group-89A5A7849136-SegmentedRaftLogWorker: created new log segment /workdir/hadoop-ozone/integration-test/target/test-dir/MiniOzoneClusterImpl-9caa682c-a503-45f4-84bb-f8dd249825f6/datanode-8/data/ratis/8394962e-0b20-452f-b63f-89a5a7849136/current/log_inprogress_0
2019-11-14 22:49:25,458 [Thread-3648] INFO  impl.FollowerState (FollowerState.java:run(111)) - 82d9b010-cdd2-48aa-a03f-c52b44e44827@group-007338B2682B-FollowerState: change to CANDIDATE, lastRpcTime:1068ms, electionTimeout:1068ms
2019-11-14 22:49:25,458 [Thread-3648] INFO  impl.RoleInfo (RoleInfo.java:shutdownFollowerState(121)) - 82d9b010-cdd2-48aa-a03f-c52b44e44827: shutdown FollowerState
2019-11-14 22:49:25,458 [Thread-3648] INFO  impl.RaftServerImpl (RaftServerImpl.java:setRole(173)) - 82d9b010-cdd2-48aa-a03f-c52b44e44827@group-007338B2682B: changes role from  FOLLOWER to CANDIDATE at term 0 for changeToCandidate
2019-11-14 22:49:25,458 [Thread-3648] INFO  impl.RoleInfo (RoleInfo.java:updateAndGet(143)) - 82d9b010-cdd2-48aa-a03f-c52b44e44827: start LeaderElection
2019-11-14 22:49:25,500 [82d9b010-cdd2-48aa-a03f-c52b44e44827@group-007338B2682B-LeaderElection156] INFO  impl.LeaderElection (LeaderElection.java:askForVotes(178)) - 82d9b010-cdd2-48aa-a03f-c52b44e44827@group-007338B2682B-LeaderElection156: begin an election at term 1 for -1: [82d9b010-cdd2-48aa-a03f-c52b44e44827:192.168.69.106:46701], old=null
2019-11-14 22:49:25,500 [82d9b010-cdd2-48aa-a03f-c52b44e44827@group-007338B2682B-LeaderElection156] INFO  impl.RoleInfo (RoleInfo.java:shutdownLeaderElection(134)) - 82d9b010-cdd2-48aa-a03f-c52b44e44827: shutdown LeaderElection
2019-11-14 22:49:25,500 [82d9b010-cdd2-48aa-a03f-c52b44e44827@group-007338B2682B-LeaderElection156] INFO  impl.RaftServerImpl (RaftServerImpl.java:setRole(173)) - 82d9b010-cdd2-48aa-a03f-c52b44e44827@group-007338B2682B: changes role from CANDIDATE to LEADER at term 1 for changeToLeader
2019-11-14 22:49:25,500 [82d9b010-cdd2-48aa-a03f-c52b44e44827@group-007338B2682B-LeaderElection156] INFO  ratis.XceiverServerRatis (XceiverServerRatis.java:handleLeaderChangedNotification(697)) - Leader change notification received for group: group-007338B2682B with new leaderId: 82d9b010-cdd2-48aa-a03f-c52b44e44827
2019-11-14 22:49:25,500 [82d9b010-cdd2-48aa-a03f-c52b44e44827@group-007338B2682B-LeaderElection156] INFO  impl.RaftServerImpl (ServerState.java:setLeader(255)) - 82d9b010-cdd2-48aa-a03f-c52b44e44827@group-007338B2682B: change Leader from null to 82d9b010-cdd2-48aa-a03f-c52b44e44827 at term 1 for becomeLeader, leader elected after 1113ms
2019-11-14 22:49:25,500 [82d9b010-cdd2-48aa-a03f-c52b44e44827@group-007338B2682B-LeaderElection156] INFO  server.RaftServerConfigKeys (ConfUtils.java:logGet(43)) - raft.server.staging.catchup.gap = 1000 (default)
2019-11-14 22:49:25,500 [82d9b010-cdd2-48aa-a03f-c52b44e44827@group-007338B2682B-LeaderElection156] INFO  server.RaftServerConfigKeys (ConfUtils.java:logGet(43)) - raft.server.rpc.sleep.time = 25ms (default)
2019-11-14 22:49:25,500 [82d9b010-cdd2-48aa-a03f-c52b44e44827@group-007338B2682B-LeaderElection156] INFO  server.RaftServerConfigKeys (ConfUtils.java:logGet(43)) - raft.server.write.element-limit = 4096 (default)
2019-11-14 22:49:25,501 [82d9b010-cdd2-48aa-a03f-c52b44e44827@group-007338B2682B-LeaderElection156] INFO  server.RaftServerConfigKeys (ConfUtils.java:logGet(43)) - raft.server.watch.timeout = 10s (default)
2019-11-14 22:49:25,501 [82d9b010-cdd2-48aa-a03f-c52b44e44827@group-007338B2682B-LeaderElection156] INFO  server.RaftServerConfigKeys (ConfUtils.java:logGet(43)) - raft.server.watch.timeout.denomination = 1s (default)
2019-11-14 22:49:25,501 [82d9b010-cdd2-48aa-a03f-c52b44e44827@group-007338B2682B-LeaderElection156] INFO  server.RaftServerConfigKeys (ConfUtils.java:logGet(43)) - raft.server.watch.element-limit = 65536 (default)
2019-11-14 22:49:25,501 [82d9b010-cdd2-48aa-a03f-c52b44e44827@group-007338B2682B-LeaderElection156] INFO  impl.RoleInfo (RoleInfo.java:updateAndGet(143)) - 82d9b010-cdd2-48aa-a03f-c52b44e44827: start LeaderState
2019-11-14 22:49:25,501 [82d9b010-cdd2-48aa-a03f-c52b44e44827@group-007338B2682B-LeaderElection156] INFO  segmented.SegmentedRaftLogWorker (SegmentedRaftLogWorker.java:startLogSegment(385)) - 82d9b010-cdd2-48aa-a03f-c52b44e44827@group-007338B2682B-SegmentedRaftLogWorker: Starting segment from index:0
2019-11-14 22:49:25,501 [EventQueue-PipelineReportForPipelineReportHandler] INFO  pipeline.PipelineStateManager (PipelineStateManager.java:openPipeline(134)) - Pipeline Pipeline[ Id: 3df9c718-edd1-4852-8cb7-007338b2682b, Nodes: 82d9b010-cdd2-48aa-a03f-c52b44e44827{ip: 192.168.69.106, host: pr-hdds-2494-dtfqw-3996435450, networkLocation: /rack1, certSerialId: null}, Type:RATIS, Factor:ONE, State:OPEN] moved to OPEN state
2019-11-14 22:49:25,501 [82d9b010-cdd2-48aa-a03f-c52b44e44827@group-007338B2682B-LeaderElection156] INFO  impl.RaftServerImpl (ServerState.java:setRaftConf(356)) - 82d9b010-cdd2-48aa-a03f-c52b44e44827@group-007338B2682B: set configuration 0: [82d9b010-cdd2-48aa-a03f-c52b44e44827:192.168.69.106:46701], old=null at 0
2019-11-14 22:49:25,512 [Thread-3643] INFO  impl.FollowerState (FollowerState.java:run(111)) - 7d8f40ed-fc7e-4283-96c6-8f8f645c1bfe@group-50D907CC9C64-FollowerState: change to CANDIDATE, lastRpcTime:1199ms, electionTimeout:1199ms
2019-11-14 22:49:25,512 [Thread-3643] INFO  impl.RoleInfo (RoleInfo.java:shutdownFollowerState(121)) - 7d8f40ed-fc7e-4283-96c6-8f8f645c1bfe: shutdown FollowerState
2019-11-14 22:49:25,512 [Thread-3643] INFO  impl.RaftServerImpl (RaftServerImpl.java:setRole(173)) - 7d8f40ed-fc7e-4283-96c6-8f8f645c1bfe@group-50D907CC9C64: changes role from  FOLLOWER to CANDIDATE at term 0 for changeToCandidate
2019-11-14 22:49:25,512 [Thread-3643] INFO  impl.RoleInfo (RoleInfo.java:updateAndGet(143)) - 7d8f40ed-fc7e-4283-96c6-8f8f645c1bfe: start LeaderElection
2019-11-14 22:49:25,541 [7d8f40ed-fc7e-4283-96c6-8f8f645c1bfe@group-50D907CC9C64-LeaderElection157] INFO  impl.LeaderElection (LeaderElection.java:askForVotes(178)) - 7d8f40ed-fc7e-4283-96c6-8f8f645c1bfe@group-50D907CC9C64-LeaderElection157: begin an election at term 1 for -1: [7d8f40ed-fc7e-4283-96c6-8f8f645c1bfe:192.168.69.106:40228], old=null
2019-11-14 22:49:25,541 [7d8f40ed-fc7e-4283-96c6-8f8f645c1bfe@group-50D907CC9C64-LeaderElection157] INFO  impl.RoleInfo (RoleInfo.java:shutdownLeaderElection(134)) - 7d8f40ed-fc7e-4283-96c6-8f8f645c1bfe: shutdown LeaderElection
2019-11-14 22:49:25,541 [7d8f40ed-fc7e-4283-96c6-8f8f645c1bfe@group-50D907CC9C64-LeaderElection157] INFO  impl.RaftServerImpl (RaftServerImpl.java:setRole(173)) - 7d8f40ed-fc7e-4283-96c6-8f8f645c1bfe@group-50D907CC9C64: changes role from CANDIDATE to LEADER at term 1 for changeToLeader
2019-11-14 22:49:25,542 [7d8f40ed-fc7e-4283-96c6-8f8f645c1bfe@group-50D907CC9C64-LeaderElection157] INFO  ratis.XceiverServerRatis (XceiverServerRatis.java:handleLeaderChangedNotification(697)) - Leader change notification received for group: group-50D907CC9C64 with new leaderId: 7d8f40ed-fc7e-4283-96c6-8f8f645c1bfe
2019-11-14 22:49:25,542 [7d8f40ed-fc7e-4283-96c6-8f8f645c1bfe@group-50D907CC9C64-LeaderElection157] INFO  impl.RaftServerImpl (ServerState.java:setLeader(255)) - 7d8f40ed-fc7e-4283-96c6-8f8f645c1bfe@group-50D907CC9C64: change Leader from null to 7d8f40ed-fc7e-4283-96c6-8f8f645c1bfe at term 1 for becomeLeader, leader elected after 1231ms
2019-11-14 22:49:25,542 [7d8f40ed-fc7e-4283-96c6-8f8f645c1bfe@group-50D907CC9C64-LeaderElection157] INFO  server.RaftServerConfigKeys (ConfUtils.java:logGet(43)) - raft.server.staging.catchup.gap = 1000 (default)
2019-11-14 22:49:25,542 [7d8f40ed-fc7e-4283-96c6-8f8f645c1bfe@group-50D907CC9C64-LeaderElection157] INFO  server.RaftServerConfigKeys (ConfUtils.java:logGet(43)) - raft.server.rpc.sleep.time = 25ms (default)
2019-11-14 22:49:25,542 [7d8f40ed-fc7e-4283-96c6-8f8f645c1bfe@group-50D907CC9C64-LeaderElection157] INFO  server.RaftServerConfigKeys (ConfUtils.java:logGet(43)) - raft.server.write.element-limit = 4096 (default)
2019-11-14 22:49:25,542 [7d8f40ed-fc7e-4283-96c6-8f8f645c1bfe@group-50D907CC9C64-LeaderElection157] INFO  server.RaftServerConfigKeys (ConfUtils.java:logGet(43)) - raft.server.watch.timeout = 10s (default)
2019-11-14 22:49:25,542 [7d8f40ed-fc7e-4283-96c6-8f8f645c1bfe@group-50D907CC9C64-LeaderElection157] INFO  server.RaftServerConfigKeys (ConfUtils.java:logGet(43)) - raft.server.watch.timeout.denomination = 1s (default)
2019-11-14 22:49:25,542 [EventQueue-PipelineReportForPipelineReportHandler] INFO  pipeline.PipelineStateManager (PipelineStateManager.java:openPipeline(134)) - Pipeline Pipeline[ Id: 4acee350-9278-4729-91b2-50d907cc9c64, Nodes: 7d8f40ed-fc7e-4283-96c6-8f8f645c1bfe{ip: 192.168.69.106, host: pr-hdds-2494-dtfqw-3996435450, networkLocation: /rack1, certSerialId: null}, Type:RATIS, Factor:ONE, State:OPEN] moved to OPEN state
2019-11-14 22:49:25,542 [7d8f40ed-fc7e-4283-96c6-8f8f645c1bfe@group-50D907CC9C64-LeaderElection157] INFO  server.RaftServerConfigKeys (ConfUtils.java:logGet(43)) - raft.server.watch.element-limit = 65536 (default)
2019-11-14 22:49:25,543 [7d8f40ed-fc7e-4283-96c6-8f8f645c1bfe@group-50D907CC9C64-LeaderElection157] INFO  impl.RoleInfo (RoleInfo.java:updateAndGet(143)) - 7d8f40ed-fc7e-4283-96c6-8f8f645c1bfe: start LeaderState
2019-11-14 22:49:25,543 [7d8f40ed-fc7e-4283-96c6-8f8f645c1bfe@group-50D907CC9C64-LeaderElection157] INFO  segmented.SegmentedRaftLogWorker (SegmentedRaftLogWorker.java:startLogSegment(385)) - 7d8f40ed-fc7e-4283-96c6-8f8f645c1bfe@group-50D907CC9C64-SegmentedRaftLogWorker: Starting segment from index:0
2019-11-14 22:49:25,543 [7d8f40ed-fc7e-4283-96c6-8f8f645c1bfe@group-50D907CC9C64-LeaderElection157] INFO  impl.RaftServerImpl (ServerState.java:setRaftConf(356)) - 7d8f40ed-fc7e-4283-96c6-8f8f645c1bfe@group-50D907CC9C64: set configuration 0: [7d8f40ed-fc7e-4283-96c6-8f8f645c1bfe:192.168.69.106:40228], old=null at 0
2019-11-14 22:49:25,559 [82d9b010-cdd2-48aa-a03f-c52b44e44827@group-007338B2682B-SegmentedRaftLogWorker] INFO  segmented.SegmentedRaftLogWorker (SegmentedRaftLogWorker.java:execute(576)) - 82d9b010-cdd2-48aa-a03f-c52b44e44827@group-007338B2682B-SegmentedRaftLogWorker: created new log segment /workdir/hadoop-ozone/integration-test/target/test-dir/MiniOzoneClusterImpl-9caa682c-a503-45f4-84bb-f8dd249825f6/datanode-9/data/ratis/3df9c718-edd1-4852-8cb7-007338b2682b/current/log_inprogress_0
2019-11-14 22:49:25,602 [7d8f40ed-fc7e-4283-96c6-8f8f645c1bfe@group-50D907CC9C64-SegmentedRaftLogWorker] INFO  segmented.SegmentedRaftLogWorker (SegmentedRaftLogWorker.java:execute(576)) - 7d8f40ed-fc7e-4283-96c6-8f8f645c1bfe@group-50D907CC9C64-SegmentedRaftLogWorker: created new log segment /workdir/hadoop-ozone/integration-test/target/test-dir/MiniOzoneClusterImpl-9caa682c-a503-45f4-84bb-f8dd249825f6/datanode-7/data/ratis/4acee350-9278-4729-91b2-50d907cc9c64/current/log_inprogress_0
2019-11-14 22:49:25,646 [Thread-3678] INFO  impl.FollowerState (FollowerState.java:run(111)) - ce51abe9-fc49-4310-abba-812881959ce0@group-AE73C50864A8-FollowerState: change to CANDIDATE, lastRpcTime:1026ms, electionTimeout:1026ms
2019-11-14 22:49:25,646 [Thread-3678] INFO  impl.RoleInfo (RoleInfo.java:shutdownFollowerState(121)) - ce51abe9-fc49-4310-abba-812881959ce0: shutdown FollowerState
2019-11-14 22:49:25,646 [Thread-3678] INFO  impl.RaftServerImpl (RaftServerImpl.java:setRole(173)) - ce51abe9-fc49-4310-abba-812881959ce0@group-AE73C50864A8: changes role from  FOLLOWER to CANDIDATE at term 0 for changeToCandidate
2019-11-14 22:49:25,647 [Thread-3678] INFO  impl.RoleInfo (RoleInfo.java:updateAndGet(143)) - ce51abe9-fc49-4310-abba-812881959ce0: start LeaderElection
2019-11-14 22:49:25,647 [Thread-3664] INFO  impl.FollowerState (FollowerState.java:run(111)) - df16aec3-050f-40e4-a922-70bdb89d4bf1@group-26F27DEB4FA9-FollowerState: change to CANDIDATE, lastRpcTime:1181ms, electionTimeout:1181ms
2019-11-14 22:49:25,647 [Thread-3664] INFO  impl.RoleInfo (RoleInfo.java:shutdownFollowerState(121)) - df16aec3-050f-40e4-a922-70bdb89d4bf1: shutdown FollowerState
2019-11-14 22:49:25,647 [Thread-3664] INFO  impl.RaftServerImpl (RaftServerImpl.java:setRole(173)) - df16aec3-050f-40e4-a922-70bdb89d4bf1@group-26F27DEB4FA9: changes role from  FOLLOWER to CANDIDATE at term 0 for changeToCandidate
2019-11-14 22:49:25,647 [Thread-3664] INFO  impl.RoleInfo (RoleInfo.java:updateAndGet(143)) - df16aec3-050f-40e4-a922-70bdb89d4bf1: start LeaderElection
2019-11-14 22:49:25,673 [Thread-3674] INFO  impl.FollowerState (FollowerState.java:run(111)) - dafdef77-e865-403b-bc5e-c37989f56ddc@group-AE73C50864A8-FollowerState: change to CANDIDATE, lastRpcTime:1056ms, electionTimeout:1056ms
2019-11-14 22:49:25,673 [Thread-3674] INFO  impl.RoleInfo (RoleInfo.java:shutdownFollowerState(121)) - dafdef77-e865-403b-bc5e-c37989f56ddc: shutdown FollowerState
2019-11-14 22:49:25,673 [Thread-3674] INFO  impl.RaftServerImpl (RaftServerImpl.java:setRole(173)) - dafdef77-e865-403b-bc5e-c37989f56ddc@group-AE73C50864A8: changes role from  FOLLOWER to CANDIDATE at term 0 for changeToCandidate
2019-11-14 22:49:25,673 [Thread-3674] INFO  impl.RoleInfo (RoleInfo.java:updateAndGet(143)) - dafdef77-e865-403b-bc5e-c37989f56ddc: start LeaderElection
2019-11-14 22:49:25,675 [ce51abe9-fc49-4310-abba-812881959ce0@group-AE73C50864A8-LeaderElection158] INFO  impl.LeaderElection (LeaderElection.java:askForVotes(178)) - ce51abe9-fc49-4310-abba-812881959ce0@group-AE73C50864A8-LeaderElection158: begin an election at term 1 for -1: [dafdef77-e865-403b-bc5e-c37989f56ddc:192.168.69.106:34201, ec693a0a-7ab2-40db-baa2-190e1e2b8078:192.168.69.106:46493, ce51abe9-fc49-4310-abba-812881959ce0:192.168.69.106:37982], old=null
2019-11-14 22:49:25,675 [df16aec3-050f-40e4-a922-70bdb89d4bf1@group-26F27DEB4FA9-LeaderElection159] INFO  impl.LeaderElection (LeaderElection.java:askForVotes(178)) - df16aec3-050f-40e4-a922-70bdb89d4bf1@group-26F27DEB4FA9-LeaderElection159: begin an election at term 1 for -1: [df16aec3-050f-40e4-a922-70bdb89d4bf1:192.168.69.106:44144], old=null
2019-11-14 22:49:25,675 [df16aec3-050f-40e4-a922-70bdb89d4bf1@group-26F27DEB4FA9-LeaderElection159] INFO  impl.RoleInfo (RoleInfo.java:shutdownLeaderElection(134)) - df16aec3-050f-40e4-a922-70bdb89d4bf1: shutdown LeaderElection
2019-11-14 22:49:25,675 [df16aec3-050f-40e4-a922-70bdb89d4bf1@group-26F27DEB4FA9-LeaderElection159] INFO  impl.RaftServerImpl (RaftServerImpl.java:setRole(173)) - df16aec3-050f-40e4-a922-70bdb89d4bf1@group-26F27DEB4FA9: changes role from CANDIDATE to LEADER at term 1 for changeToLeader
2019-11-14 22:49:25,675 [df16aec3-050f-40e4-a922-70bdb89d4bf1@group-26F27DEB4FA9-LeaderElection159] INFO  ratis.XceiverServerRatis (XceiverServerRatis.java:handleLeaderChangedNotification(697)) - Leader change notification received for group: group-26F27DEB4FA9 with new leaderId: df16aec3-050f-40e4-a922-70bdb89d4bf1
2019-11-14 22:49:25,675 [df16aec3-050f-40e4-a922-70bdb89d4bf1@group-26F27DEB4FA9-LeaderElection159] INFO  impl.RaftServerImpl (ServerState.java:setLeader(255)) - df16aec3-050f-40e4-a922-70bdb89d4bf1@group-26F27DEB4FA9: change Leader from null to df16aec3-050f-40e4-a922-70bdb89d4bf1 at term 1 for becomeLeader, leader elected after 1214ms
2019-11-14 22:49:25,675 [df16aec3-050f-40e4-a922-70bdb89d4bf1@group-26F27DEB4FA9-LeaderElection159] INFO  server.RaftServerConfigKeys (ConfUtils.java:logGet(43)) - raft.server.staging.catchup.gap = 1000 (default)
2019-11-14 22:49:25,676 [df16aec3-050f-40e4-a922-70bdb89d4bf1@group-26F27DEB4FA9-LeaderElection159] INFO  server.RaftServerConfigKeys (ConfUtils.java:logGet(43)) - raft.server.rpc.sleep.time = 25ms (default)
2019-11-14 22:49:25,676 [df16aec3-050f-40e4-a922-70bdb89d4bf1@group-26F27DEB4FA9-LeaderElection159] INFO  server.RaftServerConfigKeys (ConfUtils.java:logGet(43)) - raft.server.write.element-limit = 4096 (default)
2019-11-14 22:49:25,676 [df16aec3-050f-40e4-a922-70bdb89d4bf1@group-26F27DEB4FA9-LeaderElection159] INFO  server.RaftServerConfigKeys (ConfUtils.java:logGet(43)) - raft.server.watch.timeout = 10s (default)
2019-11-14 22:49:25,676 [df16aec3-050f-40e4-a922-70bdb89d4bf1@group-26F27DEB4FA9-LeaderElection159] INFO  server.RaftServerConfigKeys (ConfUtils.java:logGet(43)) - raft.server.watch.timeout.denomination = 1s (default)
2019-11-14 22:49:25,676 [df16aec3-050f-40e4-a922-70bdb89d4bf1@group-26F27DEB4FA9-LeaderElection159] INFO  server.RaftServerConfigKeys (ConfUtils.java:logGet(43)) - raft.server.watch.element-limit = 65536 (default)
2019-11-14 22:49:25,676 [df16aec3-050f-40e4-a922-70bdb89d4bf1@group-26F27DEB4FA9-LeaderElection159] INFO  impl.RoleInfo (RoleInfo.java:updateAndGet(143)) - df16aec3-050f-40e4-a922-70bdb89d4bf1: start LeaderState
2019-11-14 22:49:25,676 [EventQueue-PipelineReportForPipelineReportHandler] INFO  pipeline.PipelineStateManager (PipelineStateManager.java:openPipeline(134)) - Pipeline Pipeline[ Id: d9d0bd90-51de-46a9-a490-26f27deb4fa9, Nodes: df16aec3-050f-40e4-a922-70bdb89d4bf1{ip: 192.168.69.106, host: pr-hdds-2494-dtfqw-3996435450, networkLocation: /rack1, certSerialId: null}, Type:RATIS, Factor:ONE, State:OPEN] moved to OPEN state
2019-11-14 22:49:25,676 [df16aec3-050f-40e4-a922-70bdb89d4bf1@group-26F27DEB4FA9-LeaderElection159] INFO  segmented.SegmentedRaftLogWorker (SegmentedRaftLogWorker.java:startLogSegment(385)) - df16aec3-050f-40e4-a922-70bdb89d4bf1@group-26F27DEB4FA9-SegmentedRaftLogWorker: Starting segment from index:0
2019-11-14 22:49:25,677 [df16aec3-050f-40e4-a922-70bdb89d4bf1@group-26F27DEB4FA9-LeaderElection159] INFO  impl.RaftServerImpl (ServerState.java:setRaftConf(356)) - df16aec3-050f-40e4-a922-70bdb89d4bf1@group-26F27DEB4FA9: set configuration 0: [df16aec3-050f-40e4-a922-70bdb89d4bf1:192.168.69.106:44144], old=null at 0
2019-11-14 22:49:25,677 [grpc-default-executor-6] INFO  impl.RaftServerImpl (RaftServerImpl.java:setRole(173)) - ec693a0a-7ab2-40db-baa2-190e1e2b8078@group-AE73C50864A8: changes role from  FOLLOWER to FOLLOWER at term 1 for recognizeCandidate:ce51abe9-fc49-4310-abba-812881959ce0
2019-11-14 22:49:25,678 [grpc-default-executor-6] INFO  impl.RoleInfo (RoleInfo.java:shutdownFollowerState(121)) - ec693a0a-7ab2-40db-baa2-190e1e2b8078: shutdown FollowerState
2019-11-14 22:49:25,678 [grpc-default-executor-6] INFO  impl.RoleInfo (RoleInfo.java:updateAndGet(143)) - ec693a0a-7ab2-40db-baa2-190e1e2b8078: start FollowerState
2019-11-14 22:49:25,678 [Thread-3679] INFO  impl.FollowerState (FollowerState.java:run(120)) - ec693a0a-7ab2-40db-baa2-190e1e2b8078@group-AE73C50864A8-FollowerState was interrupted: java.lang.InterruptedException: sleep interrupted
2019-11-14 22:49:25,715 [dafdef77-e865-403b-bc5e-c37989f56ddc@group-AE73C50864A8-LeaderElection160] INFO  impl.LeaderElection (LeaderElection.java:askForVotes(178)) - dafdef77-e865-403b-bc5e-c37989f56ddc@group-AE73C50864A8-LeaderElection160: begin an election at term 1 for -1: [dafdef77-e865-403b-bc5e-c37989f56ddc:192.168.69.106:34201, ec693a0a-7ab2-40db-baa2-190e1e2b8078:192.168.69.106:46493, ce51abe9-fc49-4310-abba-812881959ce0:192.168.69.106:37982], old=null
2019-11-14 22:49:25,716 [ce51abe9-fc49-4310-abba-812881959ce0@group-AE73C50864A8-LeaderElection158] INFO  impl.LeaderElection (LeaderElection.java:logAndReturn(56)) - ce51abe9-fc49-4310-abba-812881959ce0@group-AE73C50864A8-LeaderElection158: Election PASSED; received 2 response(s) [ce51abe9-fc49-4310-abba-812881959ce0<-dafdef77-e865-403b-bc5e-c37989f56ddc#0:FAIL-t1, ce51abe9-fc49-4310-abba-812881959ce0<-ec693a0a-7ab2-40db-baa2-190e1e2b8078#0:OK-t1] and 0 exception(s); ce51abe9-fc49-4310-abba-812881959ce0@group-AE73C50864A8:t1, leader=null, voted=ce51abe9-fc49-4310-abba-812881959ce0, raftlog=ce51abe9-fc49-4310-abba-812881959ce0@group-AE73C50864A8-SegmentedRaftLog:OPENED:c-1,f-1,i0, conf=-1: [dafdef77-e865-403b-bc5e-c37989f56ddc:192.168.69.106:34201, ec693a0a-7ab2-40db-baa2-190e1e2b8078:192.168.69.106:46493, ce51abe9-fc49-4310-abba-812881959ce0:192.168.69.106:37982], old=null
2019-11-14 22:49:25,716 [ce51abe9-fc49-4310-abba-812881959ce0@group-AE73C50864A8-LeaderElection158] INFO  impl.RoleInfo (RoleInfo.java:shutdownLeaderElection(134)) - ce51abe9-fc49-4310-abba-812881959ce0: shutdown LeaderElection
2019-11-14 22:49:25,716 [ce51abe9-fc49-4310-abba-812881959ce0@group-AE73C50864A8-LeaderElection158] INFO  impl.RaftServerImpl (RaftServerImpl.java:setRole(173)) - ce51abe9-fc49-4310-abba-812881959ce0@group-AE73C50864A8: changes role from CANDIDATE to LEADER at term 1 for changeToLeader
2019-11-14 22:49:25,716 [ce51abe9-fc49-4310-abba-812881959ce0@group-AE73C50864A8-LeaderElection158] INFO  ratis.XceiverServerRatis (XceiverServerRatis.java:handleLeaderChangedNotification(697)) - Leader change notification received for group: group-AE73C50864A8 with new leaderId: ce51abe9-fc49-4310-abba-812881959ce0
2019-11-14 22:49:25,716 [ce51abe9-fc49-4310-abba-812881959ce0@group-AE73C50864A8-LeaderElection158] INFO  impl.RaftServerImpl (ServerState.java:setLeader(255)) - ce51abe9-fc49-4310-abba-812881959ce0@group-AE73C50864A8: change Leader from null to ce51abe9-fc49-4310-abba-812881959ce0 at term 1 for becomeLeader, leader elected after 1105ms
2019-11-14 22:49:25,716 [ce51abe9-fc49-4310-abba-812881959ce0@group-AE73C50864A8-LeaderElection158] INFO  server.RaftServerConfigKeys (ConfUtils.java:logGet(43)) - raft.server.staging.catchup.gap = 1000 (default)
2019-11-14 22:49:25,717 [ce51abe9-fc49-4310-abba-812881959ce0@group-AE73C50864A8-LeaderElection158] INFO  server.RaftServerConfigKeys (ConfUtils.java:logGet(43)) - raft.server.rpc.sleep.time = 25ms (default)
2019-11-14 22:49:25,717 [ce51abe9-fc49-4310-abba-812881959ce0@group-AE73C50864A8-LeaderElection158] INFO  server.RaftServerConfigKeys (ConfUtils.java:logGet(43)) - raft.server.write.element-limit = 4096 (default)
2019-11-14 22:49:25,717 [ce51abe9-fc49-4310-abba-812881959ce0@group-AE73C50864A8-LeaderElection158] INFO  server.RaftServerConfigKeys (ConfUtils.java:logGet(43)) - raft.server.watch.timeout = 10s (default)
2019-11-14 22:49:25,717 [ce51abe9-fc49-4310-abba-812881959ce0@group-AE73C50864A8-LeaderElection158] INFO  server.RaftServerConfigKeys (ConfUtils.java:logGet(43)) - raft.server.watch.timeout.denomination = 1s (default)
2019-11-14 22:49:25,717 [ce51abe9-fc49-4310-abba-812881959ce0@group-AE73C50864A8-LeaderElection158] INFO  server.RaftServerConfigKeys (ConfUtils.java:logGet(43)) - raft.server.watch.element-limit = 65536 (default)
2019-11-14 22:49:25,717 [ce51abe9-fc49-4310-abba-812881959ce0@group-AE73C50864A8-LeaderElection158] INFO  server.RaftServerConfigKeys (ConfUtils.java:logGet(43)) - raft.server.log.appender.snapshot.chunk.size.max = 16MB (=16777216) (default)
2019-11-14 22:49:25,717 [ce51abe9-fc49-4310-abba-812881959ce0@group-AE73C50864A8-LeaderElection158] INFO  server.RaftServerConfigKeys (ConfUtils.java:logGet(43)) - raft.server.log.appender.buffer.byte-limit = 33554432 (custom)
2019-11-14 22:49:25,717 [EventQueue-PipelineReportForPipelineReportHandler] INFO  pipeline.PipelineStateManager (PipelineStateManager.java:openPipeline(134)) - Pipeline Pipeline[ Id: 73879765-5bc3-4c28-8060-ae73c50864a8, Nodes: ec693a0a-7ab2-40db-baa2-190e1e2b8078{ip: 192.168.69.106, host: pr-hdds-2494-dtfqw-3996435450, networkLocation: /rack1, certSerialId: null}ce51abe9-fc49-4310-abba-812881959ce0{ip: 192.168.69.106, host: pr-hdds-2494-dtfqw-3996435450, networkLocation: /rack1, certSerialId: null}dafdef77-e865-403b-bc5e-c37989f56ddc{ip: 192.168.69.106, host: pr-hdds-2494-dtfqw-3996435450, networkLocation: /rack1, certSerialId: null}, Type:RATIS, Factor:THREE, State:OPEN] moved to OPEN state
2019-11-14 22:49:25,717 [ce51abe9-fc49-4310-abba-812881959ce0@group-AE73C50864A8-LeaderElection158] INFO  server.RaftServerConfigKeys (ConfUtils.java:logGet(43)) - raft.server.log.appender.buffer.element-limit = 1 (custom)
2019-11-14 22:49:25,718 [ce51abe9-fc49-4310-abba-812881959ce0@group-AE73C50864A8-LeaderElection158] INFO  grpc.GrpcConfigKeys$Server (ConfUtils.java:logGet(43)) - raft.grpc.server.leader.outstanding.appends.max = 128 (default)
2019-11-14 22:49:25,718 [ce51abe9-fc49-4310-abba-812881959ce0@group-AE73C50864A8-LeaderElection158] INFO  server.RaftServerConfigKeys (ConfUtils.java:logGet(43)) - raft.server.rpc.request.timeout = 3000ms (default)
2019-11-14 22:49:25,718 [ce51abe9-fc49-4310-abba-812881959ce0@group-AE73C50864A8-LeaderElection158] INFO  server.RaftServerConfigKeys (ConfUtils.java:logGet(43)) - raft.server.log.appender.install.snapshot.enabled = false (custom)
2019-11-14 22:49:25,718 [ce51abe9-fc49-4310-abba-812881959ce0@group-AE73C50864A8-LeaderElection158] WARN  impl.MetricRegistriesImpl (MetricRegistriesImpl.java:lambda$create$1(61)) - First MetricRegistry has been created without registering reporters. You may need to call MetricRegistries.global().addReportRegistration(...) before.
2019-11-14 22:49:25,718 [ce51abe9-fc49-4310-abba-812881959ce0@group-AE73C50864A8-LeaderElection158] INFO  server.RaftServerConfigKeys (ConfUtils.java:logGet(43)) - raft.server.log.appender.snapshot.chunk.size.max = 16MB (=16777216) (default)
2019-11-14 22:49:25,718 [ce51abe9-fc49-4310-abba-812881959ce0@group-AE73C50864A8-LeaderElection158] INFO  server.RaftServerConfigKeys (ConfUtils.java:logGet(43)) - raft.server.log.appender.buffer.byte-limit = 33554432 (custom)
2019-11-14 22:49:25,718 [ce51abe9-fc49-4310-abba-812881959ce0@group-AE73C50864A8-LeaderElection158] INFO  server.RaftServerConfigKeys (ConfUtils.java:logGet(43)) - raft.server.log.appender.buffer.element-limit = 1 (custom)
2019-11-14 22:49:25,718 [ce51abe9-fc49-4310-abba-812881959ce0@group-AE73C50864A8-LeaderElection158] INFO  grpc.GrpcConfigKeys$Server (ConfUtils.java:logGet(43)) - raft.grpc.server.leader.outstanding.appends.max = 128 (default)
2019-11-14 22:49:25,718 [ce51abe9-fc49-4310-abba-812881959ce0@group-AE73C50864A8-LeaderElection158] INFO  server.RaftServerConfigKeys (ConfUtils.java:logGet(43)) - raft.server.rpc.request.timeout = 3000ms (default)
2019-11-14 22:49:25,718 [ce51abe9-fc49-4310-abba-812881959ce0@group-AE73C50864A8-LeaderElection158] INFO  server.RaftServerConfigKeys (ConfUtils.java:logGet(43)) - raft.server.log.appender.install.snapshot.enabled = false (custom)
2019-11-14 22:49:25,719 [ce51abe9-fc49-4310-abba-812881959ce0@group-AE73C50864A8-LeaderElection158] INFO  impl.RoleInfo (RoleInfo.java:updateAndGet(143)) - ce51abe9-fc49-4310-abba-812881959ce0: start LeaderState
2019-11-14 22:49:25,719 [ce51abe9-fc49-4310-abba-812881959ce0@group-AE73C50864A8-LeaderElection158] INFO  segmented.SegmentedRaftLogWorker (SegmentedRaftLogWorker.java:startLogSegment(385)) - ce51abe9-fc49-4310-abba-812881959ce0@group-AE73C50864A8-SegmentedRaftLogWorker: Starting segment from index:0
2019-11-14 22:49:25,719 [ce51abe9-fc49-4310-abba-812881959ce0@group-AE73C50864A8-LeaderElection158] INFO  impl.RaftServerImpl (ServerState.java:setRaftConf(356)) - ce51abe9-fc49-4310-abba-812881959ce0@group-AE73C50864A8: set configuration 0: [dafdef77-e865-403b-bc5e-c37989f56ddc:192.168.69.106:34201, ec693a0a-7ab2-40db-baa2-190e1e2b8078:192.168.69.106:46493, ce51abe9-fc49-4310-abba-812881959ce0:192.168.69.106:37982], old=null at 0
2019-11-14 22:49:25,719 [grpc-default-executor-8] INFO  impl.RaftServerImpl (RaftServerImpl.java:requestVote(776)) - ce51abe9-fc49-4310-abba-812881959ce0@group-AE73C50864A8-   LEADER: Withhold vote from candidate dafdef77-e865-403b-bc5e-c37989f56ddc with term 1. State: leader=ce51abe9-fc49-4310-abba-812881959ce0, term=1, lastRpcElapsed=null
2019-11-14 22:49:25,720 [grpc-default-executor-9] INFO  ratis.XceiverServerRatis (XceiverServerRatis.java:handleLeaderChangedNotification(697)) - Leader change notification received for group: group-AE73C50864A8 with new leaderId: ce51abe9-fc49-4310-abba-812881959ce0
2019-11-14 22:49:25,720 [grpc-default-executor-5] INFO  impl.RaftServerImpl (RaftServerImpl.java:setRole(173)) - dafdef77-e865-403b-bc5e-c37989f56ddc@group-AE73C50864A8: changes role from CANDIDATE to FOLLOWER at term 1 for appendEntries
2019-11-14 22:49:25,720 [grpc-default-executor-9] INFO  impl.RaftServerImpl (ServerState.java:setLeader(255)) - ec693a0a-7ab2-40db-baa2-190e1e2b8078@group-AE73C50864A8: change Leader from null to ce51abe9-fc49-4310-abba-812881959ce0 at term 1 for appendEntries, leader elected after 1109ms
2019-11-14 22:49:25,720 [dafdef77-e865-403b-bc5e-c37989f56ddc@group-AE73C50864A8-LeaderElection160] INFO  impl.LeaderElection (LeaderElection.java:logAndReturn(56)) - dafdef77-e865-403b-bc5e-c37989f56ddc@group-AE73C50864A8-LeaderElection160: Election REJECTED; received 2 response(s) [dafdef77-e865-403b-bc5e-c37989f56ddc<-ec693a0a-7ab2-40db-baa2-190e1e2b8078#0:FAIL-t1, dafdef77-e865-403b-bc5e-c37989f56ddc<-ce51abe9-fc49-4310-abba-812881959ce0#0:FAIL-t1] and 0 exception(s); dafdef77-e865-403b-bc5e-c37989f56ddc@group-AE73C50864A8:t1, leader=null, voted=dafdef77-e865-403b-bc5e-c37989f56ddc, raftlog=dafdef77-e865-403b-bc5e-c37989f56ddc@group-AE73C50864A8-SegmentedRaftLog:OPENED:c-1,f-1,i0, conf=-1: [dafdef77-e865-403b-bc5e-c37989f56ddc:192.168.69.106:34201, ec693a0a-7ab2-40db-baa2-190e1e2b8078:192.168.69.106:46493, ce51abe9-fc49-4310-abba-812881959ce0:192.168.69.106:37982], old=null
2019-11-14 22:49:25,720 [grpc-default-executor-5] INFO  impl.RoleInfo (RoleInfo.java:shutdownLeaderElection(134)) - dafdef77-e865-403b-bc5e-c37989f56ddc: shutdown LeaderElection
2019-11-14 22:49:25,720 [grpc-default-executor-5] INFO  impl.RoleInfo (RoleInfo.java:updateAndGet(143)) - dafdef77-e865-403b-bc5e-c37989f56ddc: start FollowerState
2019-11-14 22:49:25,721 [grpc-default-executor-5] INFO  ratis.XceiverServerRatis (XceiverServerRatis.java:handleLeaderChangedNotification(697)) - Leader change notification received for group: group-AE73C50864A8 with new leaderId: ce51abe9-fc49-4310-abba-812881959ce0
2019-11-14 22:49:25,721 [grpc-default-executor-5] INFO  impl.RaftServerImpl (ServerState.java:setLeader(255)) - dafdef77-e865-403b-bc5e-c37989f56ddc@group-AE73C50864A8: change Leader from null to ce51abe9-fc49-4310-abba-812881959ce0 at term 1 for appendEntries, leader elected after 1110ms
2019-11-14 22:49:25,722 [grpc-default-executor-5] INFO  impl.RaftServerImpl (ServerState.java:setRaftConf(356)) - ec693a0a-7ab2-40db-baa2-190e1e2b8078@group-AE73C50864A8: set configuration 0: [dafdef77-e865-403b-bc5e-c37989f56ddc:192.168.69.106:34201, ec693a0a-7ab2-40db-baa2-190e1e2b8078:192.168.69.106:46493, ce51abe9-fc49-4310-abba-812881959ce0:192.168.69.106:37982], old=null at 0
2019-11-14 22:49:25,722 [grpc-default-executor-5] INFO  segmented.SegmentedRaftLogWorker (SegmentedRaftLogWorker.java:startLogSegment(385)) - ec693a0a-7ab2-40db-baa2-190e1e2b8078@group-AE73C50864A8-SegmentedRaftLogWorker: Starting segment from index:0
2019-11-14 22:49:25,722 [grpc-default-executor-5] INFO  impl.RaftServerImpl (ServerState.java:setRaftConf(356)) - dafdef77-e865-403b-bc5e-c37989f56ddc@group-AE73C50864A8: set configuration 0: [dafdef77-e865-403b-bc5e-c37989f56ddc:192.168.69.106:34201, ec693a0a-7ab2-40db-baa2-190e1e2b8078:192.168.69.106:46493, ce51abe9-fc49-4310-abba-812881959ce0:192.168.69.106:37982], old=null at 0
2019-11-14 22:49:25,722 [grpc-default-executor-5] INFO  segmented.SegmentedRaftLogWorker (SegmentedRaftLogWorker.java:startLogSegment(385)) - dafdef77-e865-403b-bc5e-c37989f56ddc@group-AE73C50864A8-SegmentedRaftLogWorker: Starting segment from index:0
2019-11-14 22:49:25,732 [df16aec3-050f-40e4-a922-70bdb89d4bf1@group-26F27DEB4FA9-SegmentedRaftLogWorker] INFO  segmented.SegmentedRaftLogWorker (SegmentedRaftLogWorker.java:execute(576)) - df16aec3-050f-40e4-a922-70bdb89d4bf1@group-26F27DEB4FA9-SegmentedRaftLogWorker: created new log segment /workdir/hadoop-ozone/integration-test/target/test-dir/MiniOzoneClusterImpl-9caa682c-a503-45f4-84bb-f8dd249825f6/datanode-0/data/ratis/d9d0bd90-51de-46a9-a490-26f27deb4fa9/current/log_inprogress_0
2019-11-14 22:49:25,783 [ec693a0a-7ab2-40db-baa2-190e1e2b8078@group-AE73C50864A8-SegmentedRaftLogWorker] INFO  segmented.SegmentedRaftLogWorker (SegmentedRaftLogWorker.java:execute(576)) - ec693a0a-7ab2-40db-baa2-190e1e2b8078@group-AE73C50864A8-SegmentedRaftLogWorker: created new log segment /workdir/hadoop-ozone/integration-test/target/test-dir/MiniOzoneClusterImpl-9caa682c-a503-45f4-84bb-f8dd249825f6/datanode-4/data/ratis/73879765-5bc3-4c28-8060-ae73c50864a8/current/log_inprogress_0
2019-11-14 22:49:25,783 [dafdef77-e865-403b-bc5e-c37989f56ddc@group-AE73C50864A8-SegmentedRaftLogWorker] INFO  segmented.SegmentedRaftLogWorker (SegmentedRaftLogWorker.java:execute(576)) - dafdef77-e865-403b-bc5e-c37989f56ddc@group-AE73C50864A8-SegmentedRaftLogWorker: created new log segment /workdir/hadoop-ozone/integration-test/target/test-dir/MiniOzoneClusterImpl-9caa682c-a503-45f4-84bb-f8dd249825f6/datanode-1/data/ratis/73879765-5bc3-4c28-8060-ae73c50864a8/current/log_inprogress_0
2019-11-14 22:49:25,783 [ce51abe9-fc49-4310-abba-812881959ce0@group-AE73C50864A8-SegmentedRaftLogWorker] INFO  segmented.SegmentedRaftLogWorker (SegmentedRaftLogWorker.java:execute(576)) - ce51abe9-fc49-4310-abba-812881959ce0@group-AE73C50864A8-SegmentedRaftLogWorker: created new log segment /workdir/hadoop-ozone/integration-test/target/test-dir/MiniOzoneClusterImpl-9caa682c-a503-45f4-84bb-f8dd249825f6/datanode-3/data/ratis/73879765-5bc3-4c28-8060-ae73c50864a8/current/log_inprogress_0
2019-11-14 22:49:28,621 [main] INFO  ozoneimpl.OzoneContainer (OzoneContainer.java:stop(244)) - Attempting to stop container services.
2019-11-14 22:49:28,622 [main] INFO  impl.RaftServerProxy (RaftServerProxy.java:lambda$close$4(314)) - 58f72cb5-8974-4d0e-9564-cfe3e68dc671: close
2019-11-14 22:49:28,623 [main] INFO  impl.RaftServerImpl (RaftServerImpl.java:lambda$shutdown$3(250)) - 58f72cb5-8974-4d0e-9564-cfe3e68dc671@group-E5CD7693E4BE: shutdown
2019-11-14 22:49:28,623 [main] INFO  util.JmxRegister (JmxRegister.java:unregister(73)) - Successfully un-registered JMX Bean with object name Ratis:service=RaftServer,group=group-E5CD7693E4BE,id=58f72cb5-8974-4d0e-9564-cfe3e68dc671
2019-11-14 22:49:28,624 [main] INFO  impl.RoleInfo (RoleInfo.java:shutdownLeaderState(104)) - 58f72cb5-8974-4d0e-9564-cfe3e68dc671: shutdown LeaderState
2019-11-14 22:49:28,632 [org.apache.ratis.server.impl.LogAppender$AppenderDaemon$$Lambda$460/1168859626@413fcd8a] WARN  server.GrpcLogAppender (GrpcLogAppender.java:mayWait(151)) - 58f72cb5-8974-4d0e-9564-cfe3e68dc671@group-E5CD7693E4BE->720981dd-80b6-4b59-8027-74344e9fba7b-GrpcLogAppender: Wait interrupted by java.lang.InterruptedException
2019-11-14 22:49:28,632 [main] INFO  impl.PendingRequests (PendingRequests.java:sendNotLeaderResponses(206)) - 58f72cb5-8974-4d0e-9564-cfe3e68dc671@group-E5CD7693E4BE-PendingRequests: sendNotLeaderResponses
2019-11-14 22:49:28,632 [org.apache.ratis.server.impl.LogAppender$AppenderDaemon$$Lambda$460/1168859626@43d5bc9] WARN  server.GrpcLogAppender (GrpcLogAppender.java:mayWait(151)) - 58f72cb5-8974-4d0e-9564-cfe3e68dc671@group-E5CD7693E4BE->7d8f40ed-fc7e-4283-96c6-8f8f645c1bfe-GrpcLogAppender: Wait interrupted by java.lang.InterruptedException
2019-11-14 22:49:28,633 [main] INFO  impl.StateMachineUpdater (StateMachineUpdater.java:stopAndJoin(136)) - 58f72cb5-8974-4d0e-9564-cfe3e68dc671@group-E5CD7693E4BE-StateMachineUpdater: set stopIndex = 0
2019-11-14 22:49:28,633 [grpc-default-executor-5] INFO  server.GrpcServerProtocolService (GrpcServerProtocolService.java:onCompleted(113)) - 7d8f40ed-fc7e-4283-96c6-8f8f645c1bfe: Completed APPEND_ENTRIES, lastRequest: 58f72cb5-8974-4d0e-9564-cfe3e68dc671->7d8f40ed-fc7e-4283-96c6-8f8f645c1bfe#7-t1, previous=(t:1, i:0), leaderCommit=0, initializing? false, entries: <empty>
2019-11-14 22:49:28,633 [grpc-default-executor-9] INFO  server.GrpcServerProtocolService (GrpcServerProtocolService.java:onCompleted(113)) - 720981dd-80b6-4b59-8027-74344e9fba7b: Completed APPEND_ENTRIES, lastRequest: 58f72cb5-8974-4d0e-9564-cfe3e68dc671->720981dd-80b6-4b59-8027-74344e9fba7b#7-t1, previous=(t:1, i:0), leaderCommit=0, initializing? false, entries: <empty>
2019-11-14 22:49:28,633 [main] INFO  impl.RaftServerImpl (ServerState.java:close(387)) - 58f72cb5-8974-4d0e-9564-cfe3e68dc671@group-E5CD7693E4BE: closes. applyIndex: 0
2019-11-14 22:49:28,634 [grpc-default-executor-8] INFO  server.GrpcLogAppender (GrpcLogAppender.java:onCompleted(308)) - 58f72cb5-8974-4d0e-9564-cfe3e68dc671@group-E5CD7693E4BE->7d8f40ed-fc7e-4283-96c6-8f8f645c1bfe-AppendLogResponseHandler: follower responses appendEntries COMPLETED
2019-11-14 22:49:28,634 [58f72cb5-8974-4d0e-9564-cfe3e68dc671@group-E5CD7693E4BE-SegmentedRaftLogWorker] INFO  segmented.SegmentedRaftLogWorker (SegmentedRaftLogWorker.java:run(316)) - 58f72cb5-8974-4d0e-9564-cfe3e68dc671@group-E5CD7693E4BE-SegmentedRaftLogWorker was interrupted, exiting. There are 0 tasks remaining in the queue.
2019-11-14 22:49:28,635 [grpc-default-executor-5] INFO  server.GrpcLogAppender (GrpcLogAppender.java:onCompleted(308)) - 58f72cb5-8974-4d0e-9564-cfe3e68dc671@group-E5CD7693E4BE->720981dd-80b6-4b59-8027-74344e9fba7b-AppendLogResponseHandler: follower responses appendEntries COMPLETED
2019-11-14 22:49:28,637 [main] INFO  segmented.SegmentedRaftLogWorker (SegmentedRaftLogWorker.java:close(224)) - 58f72cb5-8974-4d0e-9564-cfe3e68dc671@group-E5CD7693E4BE-SegmentedRaftLogWorker close()
2019-11-14 22:49:28,638 [grpc-default-executor-5] INFO  impl.FollowerInfo (FollowerInfo.java:lambda$new$0(51)) - 58f72cb5-8974-4d0e-9564-cfe3e68dc671@group-E5CD7693E4BE->720981dd-80b6-4b59-8027-74344e9fba7b: nextIndex: updateUnconditionally 1 -> 0
2019-11-14 22:49:28,640 [main] INFO  impl.RaftServerImpl (RaftServerImpl.java:lambda$shutdown$3(250)) - 58f72cb5-8974-4d0e-9564-cfe3e68dc671@group-89A5A7849136: shutdown
2019-11-14 22:49:28,638 [grpc-default-executor-8] INFO  impl.FollowerInfo (FollowerInfo.java:lambda$new$0(51)) - 58f72cb5-8974-4d0e-9564-cfe3e68dc671@group-E5CD7693E4BE->7d8f40ed-fc7e-4283-96c6-8f8f645c1bfe: nextIndex: updateUnconditionally 1 -> 0
2019-11-14 22:49:28,640 [main] INFO  util.JmxRegister (JmxRegister.java:unregister(73)) - Successfully un-registered JMX Bean with object name Ratis:service=RaftServer,group=group-89A5A7849136,id=58f72cb5-8974-4d0e-9564-cfe3e68dc671
2019-11-14 22:49:28,641 [main] INFO  impl.RoleInfo (RoleInfo.java:shutdownLeaderState(104)) - 58f72cb5-8974-4d0e-9564-cfe3e68dc671: shutdown LeaderState
2019-11-14 22:49:28,641 [main] INFO  impl.PendingRequests (PendingRequests.java:sendNotLeaderResponses(206)) - 58f72cb5-8974-4d0e-9564-cfe3e68dc671@group-89A5A7849136-PendingRequests: sendNotLeaderResponses
2019-11-14 22:49:28,641 [main] INFO  impl.StateMachineUpdater (StateMachineUpdater.java:stopAndJoin(136)) - 58f72cb5-8974-4d0e-9564-cfe3e68dc671@group-89A5A7849136-StateMachineUpdater: set stopIndex = 0
2019-11-14 22:49:28,642 [main] INFO  impl.RaftServerImpl (ServerState.java:close(387)) - 58f72cb5-8974-4d0e-9564-cfe3e68dc671@group-89A5A7849136: closes. applyIndex: 0
2019-11-14 22:49:28,642 [58f72cb5-8974-4d0e-9564-cfe3e68dc671@group-89A5A7849136-SegmentedRaftLogWorker] INFO  segmented.SegmentedRaftLogWorker (SegmentedRaftLogWorker.java:run(316)) - 58f72cb5-8974-4d0e-9564-cfe3e68dc671@group-89A5A7849136-SegmentedRaftLogWorker was interrupted, exiting. There are 0 tasks remaining in the queue.
2019-11-14 22:49:28,644 [main] INFO  segmented.SegmentedRaftLogWorker (SegmentedRaftLogWorker.java:close(224)) - 58f72cb5-8974-4d0e-9564-cfe3e68dc671@group-89A5A7849136-SegmentedRaftLogWorker close()
2019-11-14 22:49:28,648 [main] INFO  server.GrpcService (GrpcService.java:closeImpl(164)) - 58f72cb5-8974-4d0e-9564-cfe3e68dc671: shutdown server with port 42937 now
2019-11-14 22:49:28,651 [main] INFO  server.GrpcService (GrpcService.java:closeImpl(172)) - 58f72cb5-8974-4d0e-9564-cfe3e68dc671: shutdown server with port 42937 successfully
2019-11-14 22:49:28,652 [refreshUsed-/workdir/hadoop-ozone/integration-test/target/test-dir/MiniOzoneClusterImpl-9caa682c-a503-45f4-84bb-f8dd249825f6/datanode-8/data/containers] WARN  fs.CachingGetSpaceUsed (CachingGetSpaceUsed.java:run(183)) - Thread Interrupted waiting to refresh disk information: sleep interrupted
2019-11-14 22:49:28,669 [main] INFO  utils.BackgroundService (BackgroundService.java:shutdown(151)) - Shutting down service BlockDeletingService
2019-11-14 22:49:28,675 [main] INFO  statemachine.DatanodeStateMachine (DatanodeStateMachine.java:stopDaemon(400)) - Ozone container server stopped.
2019-11-14 22:49:28,676 [main] INFO  handler.ContextHandler (ContextHandler.java:doStop(910)) - Stopped o.e.j.w.WebAppContext@6befbb12{/,null,UNAVAILABLE}{/hddsDatanode}
2019-11-14 22:49:28,676 [main] INFO  server.AbstractConnector (AbstractConnector.java:doStop(318)) - Stopped ServerConnector@21d9cd04{HTTP/1.1,[http/1.1]}{0.0.0.0:0}
2019-11-14 22:49:28,677 [main] INFO  handler.ContextHandler (ContextHandler.java:doStop(910)) - Stopped o.e.j.s.ServletContextHandler@6c8efde4{/static,jar:file:/home/user/.m2/repository/org/apache/hadoop/hadoop-hdds-container-service/0.5.0-SNAPSHOT/hadoop-hdds-container-service-0.5.0-SNAPSHOT.jar!/webapps/static,UNAVAILABLE}
2019-11-14 22:49:28,677 [main] INFO  handler.ContextHandler (ContextHandler.java:doStop(910)) - Stopped o.e.j.s.ServletContextHandler@8f2e3e6{/logs,file:///workdir/hadoop-ozone/integration-test/target/log,UNAVAILABLE}
2019-11-14 22:49:29,489 [Thread-3690] INFO  impl.FollowerState (FollowerState.java:run(111)) - 7d8f40ed-fc7e-4283-96c6-8f8f645c1bfe@group-E5CD7693E4BE-FollowerState: change to CANDIDATE, lastRpcTime:1126ms, electionTimeout:1108ms
2019-11-14 22:49:29,489 [Thread-3690] INFO  impl.RoleInfo (RoleInfo.java:shutdownFollowerState(121)) - 7d8f40ed-fc7e-4283-96c6-8f8f645c1bfe: shutdown FollowerState
2019-11-14 22:49:29,489 [Thread-3690] INFO  impl.RaftServerImpl (RaftServerImpl.java:setRole(173)) - 7d8f40ed-fc7e-4283-96c6-8f8f645c1bfe@group-E5CD7693E4BE: changes role from  FOLLOWER to CANDIDATE at term 1 for changeToCandidate
2019-11-14 22:49:29,490 [Thread-3690] INFO  impl.RoleInfo (RoleInfo.java:updateAndGet(143)) - 7d8f40ed-fc7e-4283-96c6-8f8f645c1bfe: start LeaderElection
2019-11-14 22:49:29,490 [7d8f40ed-fc7e-4283-96c6-8f8f645c1bfe@group-E5CD7693E4BE-LeaderElection161] INFO  impl.RaftServerImpl (ServerState.java:setLeader(255)) - 7d8f40ed-fc7e-4283-96c6-8f8f645c1bfe@group-E5CD7693E4BE: change Leader from 58f72cb5-8974-4d0e-9564-cfe3e68dc671 to null at term 1 for initElection
2019-11-14 22:49:29,685 [Thread-3691] INFO  impl.FollowerState (FollowerState.java:run(111)) - 720981dd-80b6-4b59-8027-74344e9fba7b@group-E5CD7693E4BE-FollowerState: change to CANDIDATE, lastRpcTime:1322ms, electionTimeout:1126ms
2019-11-14 22:49:29,686 [Thread-3691] INFO  impl.RoleInfo (RoleInfo.java:shutdownFollowerState(121)) - 720981dd-80b6-4b59-8027-74344e9fba7b: shutdown FollowerState
2019-11-14 22:49:29,686 [Thread-3691] INFO  impl.RaftServerImpl (RaftServerImpl.java:setRole(173)) - 720981dd-80b6-4b59-8027-74344e9fba7b@group-E5CD7693E4BE: changes role from  FOLLOWER to CANDIDATE at term 1 for changeToCandidate
2019-11-14 22:49:29,686 [Thread-3691] INFO  impl.RoleInfo (RoleInfo.java:updateAndGet(143)) - 720981dd-80b6-4b59-8027-74344e9fba7b: start LeaderElection
2019-11-14 22:49:29,686 [720981dd-80b6-4b59-8027-74344e9fba7b@group-E5CD7693E4BE-LeaderElection162] INFO  impl.RaftServerImpl (ServerState.java:setLeader(255)) - 720981dd-80b6-4b59-8027-74344e9fba7b@group-E5CD7693E4BE: change Leader from 58f72cb5-8974-4d0e-9564-cfe3e68dc671 to null at term 1 for initElection
2019-11-14 22:49:29,708 [main] WARN  io.KeyOutputStream (KeyOutputStream.java:handleException(274)) - Encountered exception java.io.IOException: Unexpected Storage Container Exception: java.util.concurrent.CompletionException: java.util.concurrent.CompletionException: org.apache.ratis.protocol.GroupMismatchException: 7d8f40ed-fc7e-4283-96c6-8f8f645c1bfe: group-BF3B0723C2F2 not found. on the pipeline Pipeline[ Id: e54ec45e-ad6c-47c7-a623-bf3b0723c2f2, Nodes: 58f72cb5-8974-4d0e-9564-cfe3e68dc671{ip: 192.168.69.106, host: pr-hdds-2494-dtfqw-3996435450, networkLocation: /rack1, certSerialId: null}7d8f40ed-fc7e-4283-96c6-8f8f645c1bfe{ip: 192.168.69.106, host: pr-hdds-2494-dtfqw-3996435450, networkLocation: /rack1, certSerialId: null}720981dd-80b6-4b59-8027-74344e9fba7b{ip: 192.168.69.106, host: pr-hdds-2494-dtfqw-3996435450, networkLocation: /rack1, certSerialId: null}, Type:RATIS, Factor:THREE, State:OPEN]. The last committed block length is 1048576, uncommitted data length is 2097152 retry count 0
2019-11-14 22:49:29,708 [main] INFO  io.BlockOutputStreamEntryPool (BlockOutputStreamEntryPool.java:allocateNewBlock(257)) - Allocating block with ExcludeList {datanodes = [], containerIds = [], pipelineIds = [PipelineID=e54ec45e-ad6c-47c7-a623-bf3b0723c2f2]}
2019-11-14 22:49:30,994 [7d8f40ed-fc7e-4283-96c6-8f8f645c1bfe@group-E5CD7693E4BE-LeaderElection161] INFO  impl.LeaderElection (LeaderElection.java:askForVotes(178)) - 7d8f40ed-fc7e-4283-96c6-8f8f645c1bfe@group-E5CD7693E4BE-LeaderElection161: begin an election at term 2 for 0: [58f72cb5-8974-4d0e-9564-cfe3e68dc671:192.168.69.106:42937, 720981dd-80b6-4b59-8027-74344e9fba7b:192.168.69.106:33190, 7d8f40ed-fc7e-4283-96c6-8f8f645c1bfe:192.168.69.106:40228], old=null
2019-11-14 22:49:30,994 [720981dd-80b6-4b59-8027-74344e9fba7b@group-E5CD7693E4BE-LeaderElection162] INFO  impl.LeaderElection (LeaderElection.java:askForVotes(178)) - 720981dd-80b6-4b59-8027-74344e9fba7b@group-E5CD7693E4BE-LeaderElection162: begin an election at term 2 for 0: [58f72cb5-8974-4d0e-9564-cfe3e68dc671:192.168.69.106:42937, 720981dd-80b6-4b59-8027-74344e9fba7b:192.168.69.106:33190, 7d8f40ed-fc7e-4283-96c6-8f8f645c1bfe:192.168.69.106:40228], old=null
2019-11-14 22:49:30,998 [720981dd-80b6-4b59-8027-74344e9fba7b@group-E5CD7693E4BE-LeaderElection162] INFO  impl.LeaderElection (LogUtils.java:infoOrTrace(149)) - 720981dd-80b6-4b59-8027-74344e9fba7b@group-E5CD7693E4BE-LeaderElection162 got exception when requesting votes: {}
java.util.concurrent.ExecutionException: org.apache.ratis.thirdparty.io.grpc.StatusRuntimeException: UNAVAILABLE: io exception
	at java.util.concurrent.FutureTask.report(FutureTask.java:122)
	at java.util.concurrent.FutureTask.get(FutureTask.java:192)
	at org.apache.ratis.server.impl.LeaderElection.waitForResults(LeaderElection.java:259)
	at org.apache.ratis.server.impl.LeaderElection.askForVotes(LeaderElection.java:197)
	at org.apache.ratis.server.impl.LeaderElection.run(LeaderElection.java:133)
	at java.lang.Thread.run(Thread.java:748)
Caused by: org.apache.ratis.thirdparty.io.grpc.StatusRuntimeException: UNAVAILABLE: io exception
	at org.apache.ratis.thirdparty.io.grpc.stub.ClientCalls.toStatusRuntimeException(ClientCalls.java:233)
	at org.apache.ratis.thirdparty.io.grpc.stub.ClientCalls.getUnchecked(ClientCalls.java:214)
	at org.apache.ratis.thirdparty.io.grpc.stub.ClientCalls.blockingUnaryCall(ClientCalls.java:139)
	at org.apache.ratis.proto.grpc.RaftServerProtocolServiceGrpc$RaftServerProtocolServiceBlockingStub.requestVote(RaftServerProtocolServiceGrpc.java:265)
	at org.apache.ratis.grpc.server.GrpcServerProtocolClient.requestVote(GrpcServerProtocolClient.java:99)
	at org.apache.ratis.grpc.server.GrpcService.requestVote(GrpcService.java:204)
	at org.apache.ratis.server.impl.LeaderElection.lambda$submitRequests$1(LeaderElection.java:234)
	at java.util.concurrent.FutureTask.run(FutureTask.java:266)
	at java.util.concurrent.Executors$RunnableAdapter.call(Executors.java:511)
	at java.util.concurrent.FutureTask.run(FutureTask.java:266)
	at java.util.concurrent.ThreadPoolExecutor.runWorker(ThreadPoolExecutor.java:1149)
	at java.util.concurrent.ThreadPoolExecutor$Worker.run(ThreadPoolExecutor.java:624)
	... 1 more
Caused by: org.apache.ratis.thirdparty.io.netty.channel.AbstractChannel$AnnotatedConnectException: Connection refused: /192.168.69.106:42937
	at sun.nio.ch.SocketChannelImpl.checkConnect(Native Method)
	at sun.nio.ch.SocketChannelImpl.finishConnect(SocketChannelImpl.java:717)
	at org.apache.ratis.thirdparty.io.netty.channel.socket.nio.NioSocketChannel.doFinishConnect(NioSocketChannel.java:327)
	at org.apache.ratis.thirdparty.io.netty.channel.nio.AbstractNioChannel$AbstractNioUnsafe.finishConnect(AbstractNioChannel.java:340)
	at org.apache.ratis.thirdparty.io.netty.channel.nio.NioEventLoop.processSelectedKey(NioEventLoop.java:632)
	at org.apache.ratis.thirdparty.io.netty.channel.nio.NioEventLoop.processSelectedKeysOptimized(NioEventLoop.java:579)
	at org.apache.ratis.thirdparty.io.netty.channel.nio.NioEventLoop.processSelectedKeys(NioEventLoop.java:496)
	at org.apache.ratis.thirdparty.io.netty.channel.nio.NioEventLoop.run(NioEventLoop.java:458)
	at org.apache.ratis.thirdparty.io.netty.util.concurrent.SingleThreadEventExecutor$5.run(SingleThreadEventExecutor.java:897)
	at org.apache.ratis.thirdparty.io.netty.util.concurrent.FastThreadLocalRunnable.run(FastThreadLocalRunnable.java:30)
	... 1 more
Caused by: java.net.ConnectException: Connection refused
	... 11 more
2019-11-14 22:49:30,998 [7d8f40ed-fc7e-4283-96c6-8f8f645c1bfe@group-E5CD7693E4BE-LeaderElection161] INFO  impl.LeaderElection (LogUtils.java:infoOrTrace(149)) - 7d8f40ed-fc7e-4283-96c6-8f8f645c1bfe@group-E5CD7693E4BE-LeaderElection161 got exception when requesting votes: {}
java.util.concurrent.ExecutionException: org.apache.ratis.thirdparty.io.grpc.StatusRuntimeException: UNAVAILABLE: io exception
	at java.util.concurrent.FutureTask.report(FutureTask.java:122)
	at java.util.concurrent.FutureTask.get(FutureTask.java:192)
	at org.apache.ratis.server.impl.LeaderElection.waitForResults(LeaderElection.java:259)
	at org.apache.ratis.server.impl.LeaderElection.askForVotes(LeaderElection.java:197)
	at org.apache.ratis.server.impl.LeaderElection.run(LeaderElection.java:133)
	at java.lang.Thread.run(Thread.java:748)
Caused by: org.apache.ratis.thirdparty.io.grpc.StatusRuntimeException: UNAVAILABLE: io exception
	at org.apache.ratis.thirdparty.io.grpc.stub.ClientCalls.toStatusRuntimeException(ClientCalls.java:233)
	at org.apache.ratis.thirdparty.io.grpc.stub.ClientCalls.getUnchecked(ClientCalls.java:214)
	at org.apache.ratis.thirdparty.io.grpc.stub.ClientCalls.blockingUnaryCall(ClientCalls.java:139)
	at org.apache.ratis.proto.grpc.RaftServerProtocolServiceGrpc$RaftServerProtocolServiceBlockingStub.requestVote(RaftServerProtocolServiceGrpc.java:265)
	at org.apache.ratis.grpc.server.GrpcServerProtocolClient.requestVote(GrpcServerProtocolClient.java:99)
	at org.apache.ratis.grpc.server.GrpcService.requestVote(GrpcService.java:204)
	at org.apache.ratis.server.impl.LeaderElection.lambda$submitRequests$1(LeaderElection.java:234)
	at java.util.concurrent.FutureTask.run(FutureTask.java:266)
	at java.util.concurrent.Executors$RunnableAdapter.call(Executors.java:511)
	at java.util.concurrent.FutureTask.run(FutureTask.java:266)
	at java.util.concurrent.ThreadPoolExecutor.runWorker(ThreadPoolExecutor.java:1149)
	at java.util.concurrent.ThreadPoolExecutor$Worker.run(ThreadPoolExecutor.java:624)
	... 1 more
Caused by: org.apache.ratis.thirdparty.io.netty.channel.AbstractChannel$AnnotatedConnectException: Connection refused: /192.168.69.106:42937
	at sun.nio.ch.SocketChannelImpl.checkConnect(Native Method)
	at sun.nio.ch.SocketChannelImpl.finishConnect(SocketChannelImpl.java:717)
	at org.apache.ratis.thirdparty.io.netty.channel.socket.nio.NioSocketChannel.doFinishConnect(NioSocketChannel.java:327)
	at org.apache.ratis.thirdparty.io.netty.channel.nio.AbstractNioChannel$AbstractNioUnsafe.finishConnect(AbstractNioChannel.java:340)
	at org.apache.ratis.thirdparty.io.netty.channel.nio.NioEventLoop.processSelectedKey(NioEventLoop.java:632)
	at org.apache.ratis.thirdparty.io.netty.channel.nio.NioEventLoop.processSelectedKeysOptimized(NioEventLoop.java:579)
	at org.apache.ratis.thirdparty.io.netty.channel.nio.NioEventLoop.processSelectedKeys(NioEventLoop.java:496)
	at org.apache.ratis.thirdparty.io.netty.channel.nio.NioEventLoop.run(NioEventLoop.java:458)
	at org.apache.ratis.thirdparty.io.netty.util.concurrent.SingleThreadEventExecutor$5.run(SingleThreadEventExecutor.java:897)
	at org.apache.ratis.thirdparty.io.netty.util.concurrent.FastThreadLocalRunnable.run(FastThreadLocalRunnable.java:30)
	... 1 more
Caused by: java.net.ConnectException: Connection refused
	... 11 more
2019-11-14 22:49:30,999 [720981dd-80b6-4b59-8027-74344e9fba7b@group-E5CD7693E4BE-LeaderElection162] INFO  impl.LeaderElection (LeaderElection.java:logAndReturn(56)) - 720981dd-80b6-4b59-8027-74344e9fba7b@group-E5CD7693E4BE-LeaderElection162: Election REJECTED; received 1 response(s) [720981dd-80b6-4b59-8027-74344e9fba7b<-7d8f40ed-fc7e-4283-96c6-8f8f645c1bfe#0:FAIL-t2] and 1 exception(s); 720981dd-80b6-4b59-8027-74344e9fba7b@group-E5CD7693E4BE:t2, leader=null, voted=720981dd-80b6-4b59-8027-74344e9fba7b, raftlog=720981dd-80b6-4b59-8027-74344e9fba7b@group-E5CD7693E4BE-SegmentedRaftLog:OPENED:c0,f0,i0, conf=0: [58f72cb5-8974-4d0e-9564-cfe3e68dc671:192.168.69.106:42937, 720981dd-80b6-4b59-8027-74344e9fba7b:192.168.69.106:33190, 7d8f40ed-fc7e-4283-96c6-8f8f645c1bfe:192.168.69.106:40228], old=null
2019-11-14 22:49:30,999 [7d8f40ed-fc7e-4283-96c6-8f8f645c1bfe@group-E5CD7693E4BE-LeaderElection161] INFO  impl.LeaderElection (LeaderElection.java:logAndReturn(56)) - 7d8f40ed-fc7e-4283-96c6-8f8f645c1bfe@group-E5CD7693E4BE-LeaderElection161: Election REJECTED; received 1 response(s) [7d8f40ed-fc7e-4283-96c6-8f8f645c1bfe<-720981dd-80b6-4b59-8027-74344e9fba7b#0:FAIL-t2] and 1 exception(s); 7d8f40ed-fc7e-4283-96c6-8f8f645c1bfe@group-E5CD7693E4BE:t2, leader=null, voted=7d8f40ed-fc7e-4283-96c6-8f8f645c1bfe, raftlog=7d8f40ed-fc7e-4283-96c6-8f8f645c1bfe@group-E5CD7693E4BE-SegmentedRaftLog:OPENED:c0,f0,i0, conf=0: [58f72cb5-8974-4d0e-9564-cfe3e68dc671:192.168.69.106:42937, 720981dd-80b6-4b59-8027-74344e9fba7b:192.168.69.106:33190, 7d8f40ed-fc7e-4283-96c6-8f8f645c1bfe:192.168.69.106:40228], old=null
2019-11-14 22:49:30,999 [720981dd-80b6-4b59-8027-74344e9fba7b@group-E5CD7693E4BE-LeaderElection162] INFO  impl.LeaderElection (LogUtils.java:infoOrTrace(149)) -   Exception 0: {}
java.util.concurrent.ExecutionException: org.apache.ratis.thirdparty.io.grpc.StatusRuntimeException: UNAVAILABLE: io exception
	at java.util.concurrent.FutureTask.report(FutureTask.java:122)
	at java.util.concurrent.FutureTask.get(FutureTask.java:192)
	at org.apache.ratis.server.impl.LeaderElection.waitForResults(LeaderElection.java:259)
	at org.apache.ratis.server.impl.LeaderElection.askForVotes(LeaderElection.java:197)
	at org.apache.ratis.server.impl.LeaderElection.run(LeaderElection.java:133)
	at java.lang.Thread.run(Thread.java:748)
Caused by: org.apache.ratis.thirdparty.io.grpc.StatusRuntimeException: UNAVAILABLE: io exception
	at org.apache.ratis.thirdparty.io.grpc.stub.ClientCalls.toStatusRuntimeException(ClientCalls.java:233)
	at org.apache.ratis.thirdparty.io.grpc.stub.ClientCalls.getUnchecked(ClientCalls.java:214)
	at org.apache.ratis.thirdparty.io.grpc.stub.ClientCalls.blockingUnaryCall(ClientCalls.java:139)
	at org.apache.ratis.proto.grpc.RaftServerProtocolServiceGrpc$RaftServerProtocolServiceBlockingStub.requestVote(RaftServerProtocolServiceGrpc.java:265)
	at org.apache.ratis.grpc.server.GrpcServerProtocolClient.requestVote(GrpcServerProtocolClient.java:99)
	at org.apache.ratis.grpc.server.GrpcService.requestVote(GrpcService.java:204)
	at org.apache.ratis.server.impl.LeaderElection.lambda$submitRequests$1(LeaderElection.java:234)
	at java.util.concurrent.FutureTask.run(FutureTask.java:266)
	at java.util.concurrent.Executors$RunnableAdapter.call(Executors.java:511)
	at java.util.concurrent.FutureTask.run(FutureTask.java:266)
	at java.util.concurrent.ThreadPoolExecutor.runWorker(ThreadPoolExecutor.java:1149)
	at java.util.concurrent.ThreadPoolExecutor$Worker.run(ThreadPoolExecutor.java:624)
	... 1 more
Caused by: org.apache.ratis.thirdparty.io.netty.channel.AbstractChannel$AnnotatedConnectException: Connection refused: /192.168.69.106:42937
	at sun.nio.ch.SocketChannelImpl.checkConnect(Native Method)
	at sun.nio.ch.SocketChannelImpl.finishConnect(SocketChannelImpl.java:717)
	at org.apache.ratis.thirdparty.io.netty.channel.socket.nio.NioSocketChannel.doFinishConnect(NioSocketChannel.java:327)
	at org.apache.ratis.thirdparty.io.netty.channel.nio.AbstractNioChannel$AbstractNioUnsafe.finishConnect(AbstractNioChannel.java:340)
	at org.apache.ratis.thirdparty.io.netty.channel.nio.NioEventLoop.processSelectedKey(NioEventLoop.java:632)
	at org.apache.ratis.thirdparty.io.netty.channel.nio.NioEventLoop.processSelectedKeysOptimized(NioEventLoop.java:579)
	at org.apache.ratis.thirdparty.io.netty.channel.nio.NioEventLoop.processSelectedKeys(NioEventLoop.java:496)
	at org.apache.ratis.thirdparty.io.netty.channel.nio.NioEventLoop.run(NioEventLoop.java:458)
	at org.apache.ratis.thirdparty.io.netty.util.concurrent.SingleThreadEventExecutor$5.run(SingleThreadEventExecutor.java:897)
	at org.apache.ratis.thirdparty.io.netty.util.concurrent.FastThreadLocalRunnable.run(FastThreadLocalRunnable.java:30)
	... 1 more
Caused by: java.net.ConnectException: Connection refused
	... 11 more
2019-11-14 22:49:30,999 [7d8f40ed-fc7e-4283-96c6-8f8f645c1bfe@group-E5CD7693E4BE-LeaderElection161] INFO  impl.LeaderElection (LogUtils.java:infoOrTrace(149)) -   Exception 0: {}
java.util.concurrent.ExecutionException: org.apache.ratis.thirdparty.io.grpc.StatusRuntimeException: UNAVAILABLE: io exception
	at java.util.concurrent.FutureTask.report(FutureTask.java:122)
	at java.util.concurrent.FutureTask.get(FutureTask.java:192)
	at org.apache.ratis.server.impl.LeaderElection.waitForResults(LeaderElection.java:259)
	at org.apache.ratis.server.impl.LeaderElection.askForVotes(LeaderElection.java:197)
	at org.apache.ratis.server.impl.LeaderElection.run(LeaderElection.java:133)
	at java.lang.Thread.run(Thread.java:748)
Caused by: org.apache.ratis.thirdparty.io.grpc.StatusRuntimeException: UNAVAILABLE: io exception
	at org.apache.ratis.thirdparty.io.grpc.stub.ClientCalls.toStatusRuntimeException(ClientCalls.java:233)
	at org.apache.ratis.thirdparty.io.grpc.stub.ClientCalls.getUnchecked(ClientCalls.java:214)
	at org.apache.ratis.thirdparty.io.grpc.stub.ClientCalls.blockingUnaryCall(ClientCalls.java:139)
	at org.apache.ratis.proto.grpc.RaftServerProtocolServiceGrpc$RaftServerProtocolServiceBlockingStub.requestVote(RaftServerProtocolServiceGrpc.java:265)
	at org.apache.ratis.grpc.server.GrpcServerProtocolClient.requestVote(GrpcServerProtocolClient.java:99)
	at org.apache.ratis.grpc.server.GrpcService.requestVote(GrpcService.java:204)
	at org.apache.ratis.server.impl.LeaderElection.lambda$submitRequests$1(LeaderElection.java:234)
	at java.util.concurrent.FutureTask.run(FutureTask.java:266)
	at java.util.concurrent.Executors$RunnableAdapter.call(Executors.java:511)
	at java.util.concurrent.FutureTask.run(FutureTask.java:266)
	at java.util.concurrent.ThreadPoolExecutor.runWorker(ThreadPoolExecutor.java:1149)
	at java.util.concurrent.ThreadPoolExecutor$Worker.run(ThreadPoolExecutor.java:624)
	... 1 more
Caused by: org.apache.ratis.thirdparty.io.netty.channel.AbstractChannel$AnnotatedConnectException: Connection refused: /192.168.69.106:42937
	at sun.nio.ch.SocketChannelImpl.checkConnect(Native Method)
	at sun.nio.ch.SocketChannelImpl.finishConnect(SocketChannelImpl.java:717)
	at org.apache.ratis.thirdparty.io.netty.channel.socket.nio.NioSocketChannel.doFinishConnect(NioSocketChannel.java:327)
	at org.apache.ratis.thirdparty.io.netty.channel.nio.AbstractNioChannel$AbstractNioUnsafe.finishConnect(AbstractNioChannel.java:340)
	at org.apache.ratis.thirdparty.io.netty.channel.nio.NioEventLoop.processSelectedKey(NioEventLoop.java:632)
	at org.apache.ratis.thirdparty.io.netty.channel.nio.NioEventLoop.processSelectedKeysOptimized(NioEventLoop.java:579)
	at org.apache.ratis.thirdparty.io.netty.channel.nio.NioEventLoop.processSelectedKeys(NioEventLoop.java:496)
	at org.apache.ratis.thirdparty.io.netty.channel.nio.NioEventLoop.run(NioEventLoop.java:458)
	at org.apache.ratis.thirdparty.io.netty.util.concurrent.SingleThreadEventExecutor$5.run(SingleThreadEventExecutor.java:897)
	at org.apache.ratis.thirdparty.io.netty.util.concurrent.FastThreadLocalRunnable.run(FastThreadLocalRunnable.java:30)
	... 1 more
Caused by: java.net.ConnectException: Connection refused
	... 11 more
2019-11-14 22:49:31,000 [720981dd-80b6-4b59-8027-74344e9fba7b@group-E5CD7693E4BE-LeaderElection162] INFO  impl.RaftServerImpl (RaftServerImpl.java:setRole(173)) - 720981dd-80b6-4b59-8027-74344e9fba7b@group-E5CD7693E4BE: changes role from CANDIDATE to FOLLOWER at term 2 for DISCOVERED_A_NEW_TERM
2019-11-14 22:49:31,000 [7d8f40ed-fc7e-4283-96c6-8f8f645c1bfe@group-E5CD7693E4BE-LeaderElection161] INFO  impl.RaftServerImpl (RaftServerImpl.java:setRole(173)) - 7d8f40ed-fc7e-4283-96c6-8f8f645c1bfe@group-E5CD7693E4BE: changes role from CANDIDATE to FOLLOWER at term 2 for DISCOVERED_A_NEW_TERM
2019-11-14 22:49:31,000 [720981dd-80b6-4b59-8027-74344e9fba7b@group-E5CD7693E4BE-LeaderElection162] INFO  impl.RoleInfo (RoleInfo.java:shutdownLeaderElection(134)) - 720981dd-80b6-4b59-8027-74344e9fba7b: shutdown LeaderElection
2019-11-14 22:49:31,000 [7d8f40ed-fc7e-4283-96c6-8f8f645c1bfe@group-E5CD7693E4BE-LeaderElection161] INFO  impl.RoleInfo (RoleInfo.java:shutdownLeaderElection(134)) - 7d8f40ed-fc7e-4283-96c6-8f8f645c1bfe: shutdown LeaderElection
2019-11-14 22:49:31,000 [720981dd-80b6-4b59-8027-74344e9fba7b@group-E5CD7693E4BE-LeaderElection162] INFO  impl.RoleInfo (RoleInfo.java:updateAndGet(143)) - 720981dd-80b6-4b59-8027-74344e9fba7b: start FollowerState
2019-11-14 22:49:31,000 [7d8f40ed-fc7e-4283-96c6-8f8f645c1bfe@group-E5CD7693E4BE-LeaderElection161] INFO  impl.RoleInfo (RoleInfo.java:updateAndGet(143)) - 7d8f40ed-fc7e-4283-96c6-8f8f645c1bfe: start FollowerState
2019-11-14 22:49:32,145 [Thread-3784] INFO  impl.FollowerState (FollowerState.java:run(111)) - 720981dd-80b6-4b59-8027-74344e9fba7b@group-E5CD7693E4BE-FollowerState: change to CANDIDATE, lastRpcTime:1144ms, electionTimeout:1144ms
2019-11-14 22:49:32,145 [Thread-3784] INFO  impl.RoleInfo (RoleInfo.java:shutdownFollowerState(121)) - 720981dd-80b6-4b59-8027-74344e9fba7b: shutdown FollowerState
2019-11-14 22:49:32,145 [Thread-3784] INFO  impl.RaftServerImpl (RaftServerImpl.java:setRole(173)) - 720981dd-80b6-4b59-8027-74344e9fba7b@group-E5CD7693E4BE: changes role from  FOLLOWER to CANDIDATE at term 2 for changeToCandidate
2019-11-14 22:49:32,145 [Thread-3784] INFO  impl.RoleInfo (RoleInfo.java:updateAndGet(143)) - 720981dd-80b6-4b59-8027-74344e9fba7b: start LeaderElection
2019-11-14 22:49:32,160 [Thread-3785] INFO  impl.FollowerState (FollowerState.java:run(111)) - 7d8f40ed-fc7e-4283-96c6-8f8f645c1bfe@group-E5CD7693E4BE-FollowerState: change to CANDIDATE, lastRpcTime:1159ms, electionTimeout:1159ms
2019-11-14 22:49:32,160 [Thread-3785] INFO  impl.RoleInfo (RoleInfo.java:shutdownFollowerState(121)) - 7d8f40ed-fc7e-4283-96c6-8f8f645c1bfe: shutdown FollowerState
2019-11-14 22:49:32,160 [Thread-3785] INFO  impl.RaftServerImpl (RaftServerImpl.java:setRole(173)) - 7d8f40ed-fc7e-4283-96c6-8f8f645c1bfe@group-E5CD7693E4BE: changes role from  FOLLOWER to CANDIDATE at term 2 for changeToCandidate
2019-11-14 22:49:32,160 [Thread-3785] INFO  impl.RoleInfo (RoleInfo.java:updateAndGet(143)) - 7d8f40ed-fc7e-4283-96c6-8f8f645c1bfe: start LeaderElection
2019-11-14 22:49:35,564 [720981dd-80b6-4b59-8027-74344e9fba7b@group-E5CD7693E4BE-LeaderElection163] INFO  impl.LeaderElection (LeaderElection.java:askForVotes(178)) - 720981dd-80b6-4b59-8027-74344e9fba7b@group-E5CD7693E4BE-LeaderElection163: begin an election at term 3 for 0: [58f72cb5-8974-4d0e-9564-cfe3e68dc671:192.168.69.106:42937, 720981dd-80b6-4b59-8027-74344e9fba7b:192.168.69.106:33190, 7d8f40ed-fc7e-4283-96c6-8f8f645c1bfe:192.168.69.106:40228], old=null
2019-11-14 22:49:35,564 [7d8f40ed-fc7e-4283-96c6-8f8f645c1bfe@group-E5CD7693E4BE-LeaderElection164] INFO  impl.LeaderElection (LeaderElection.java:askForVotes(178)) - 7d8f40ed-fc7e-4283-96c6-8f8f645c1bfe@group-E5CD7693E4BE-LeaderElection164: begin an election at term 3 for 0: [58f72cb5-8974-4d0e-9564-cfe3e68dc671:192.168.69.106:42937, 720981dd-80b6-4b59-8027-74344e9fba7b:192.168.69.106:33190, 7d8f40ed-fc7e-4283-96c6-8f8f645c1bfe:192.168.69.106:40228], old=null
2019-11-14 22:49:35,565 [7d8f40ed-fc7e-4283-96c6-8f8f645c1bfe@group-E5CD7693E4BE-LeaderElection164] INFO  impl.LeaderElection (LogUtils.java:infoOrTrace(149)) - 7d8f40ed-fc7e-4283-96c6-8f8f645c1bfe@group-E5CD7693E4BE-LeaderElection164 got exception when requesting votes: {}
java.util.concurrent.ExecutionException: org.apache.ratis.thirdparty.io.grpc.StatusRuntimeException: UNAVAILABLE: io exception
	at java.util.concurrent.FutureTask.report(FutureTask.java:122)
	at java.util.concurrent.FutureTask.get(FutureTask.java:192)
	at org.apache.ratis.server.impl.LeaderElection.waitForResults(LeaderElection.java:259)
	at org.apache.ratis.server.impl.LeaderElection.askForVotes(LeaderElection.java:197)
	at org.apache.ratis.server.impl.LeaderElection.run(LeaderElection.java:133)
	at java.lang.Thread.run(Thread.java:748)
Caused by: org.apache.ratis.thirdparty.io.grpc.StatusRuntimeException: UNAVAILABLE: io exception
	at org.apache.ratis.thirdparty.io.grpc.stub.ClientCalls.toStatusRuntimeException(ClientCalls.java:233)
	at org.apache.ratis.thirdparty.io.grpc.stub.ClientCalls.getUnchecked(ClientCalls.java:214)
	at org.apache.ratis.thirdparty.io.grpc.stub.ClientCalls.blockingUnaryCall(ClientCalls.java:139)
	at org.apache.ratis.proto.grpc.RaftServerProtocolServiceGrpc$RaftServerProtocolServiceBlockingStub.requestVote(RaftServerProtocolServiceGrpc.java:265)
	at org.apache.ratis.grpc.server.GrpcServerProtocolClient.requestVote(GrpcServerProtocolClient.java:99)
	at org.apache.ratis.grpc.server.GrpcService.requestVote(GrpcService.java:204)
	at org.apache.ratis.server.impl.LeaderElection.lambda$submitRequests$1(LeaderElection.java:234)
	at java.util.concurrent.FutureTask.run(FutureTask.java:266)
	at java.util.concurrent.Executors$RunnableAdapter.call(Executors.java:511)
	at java.util.concurrent.FutureTask.run(FutureTask.java:266)
	at java.util.concurrent.ThreadPoolExecutor.runWorker(ThreadPoolExecutor.java:1149)
	at java.util.concurrent.ThreadPoolExecutor$Worker.run(ThreadPoolExecutor.java:624)
	... 1 more
Caused by: org.apache.ratis.thirdparty.io.netty.channel.AbstractChannel$AnnotatedConnectException: Connection refused: /192.168.69.106:42937
	at sun.nio.ch.SocketChannelImpl.checkConnect(Native Method)
	at sun.nio.ch.SocketChannelImpl.finishConnect(SocketChannelImpl.java:717)
	at org.apache.ratis.thirdparty.io.netty.channel.socket.nio.NioSocketChannel.doFinishConnect(NioSocketChannel.java:327)
	at org.apache.ratis.thirdparty.io.netty.channel.nio.AbstractNioChannel$AbstractNioUnsafe.finishConnect(AbstractNioChannel.java:340)
	at org.apache.ratis.thirdparty.io.netty.channel.nio.NioEventLoop.processSelectedKey(NioEventLoop.java:632)
	at org.apache.ratis.thirdparty.io.netty.channel.nio.NioEventLoop.processSelectedKeysOptimized(NioEventLoop.java:579)
	at org.apache.ratis.thirdparty.io.netty.channel.nio.NioEventLoop.processSelectedKeys(NioEventLoop.java:496)
	at org.apache.ratis.thirdparty.io.netty.channel.nio.NioEventLoop.run(NioEventLoop.java:458)
	at org.apache.ratis.thirdparty.io.netty.util.concurrent.SingleThreadEventExecutor$5.run(SingleThreadEventExecutor.java:897)
	at org.apache.ratis.thirdparty.io.netty.util.concurrent.FastThreadLocalRunnable.run(FastThreadLocalRunnable.java:30)
	... 1 more
Caused by: java.net.ConnectException: Connection refused
	... 11 more
2019-11-14 22:49:35,565 [720981dd-80b6-4b59-8027-74344e9fba7b@group-E5CD7693E4BE-LeaderElection163] INFO  impl.LeaderElection (LogUtils.java:infoOrTrace(149)) - 720981dd-80b6-4b59-8027-74344e9fba7b@group-E5CD7693E4BE-LeaderElection163 got exception when requesting votes: {}
java.util.concurrent.ExecutionException: org.apache.ratis.thirdparty.io.grpc.StatusRuntimeException: UNAVAILABLE: io exception
	at java.util.concurrent.FutureTask.report(FutureTask.java:122)
	at java.util.concurrent.FutureTask.get(FutureTask.java:192)
	at org.apache.ratis.server.impl.LeaderElection.waitForResults(LeaderElection.java:259)
	at org.apache.ratis.server.impl.LeaderElection.askForVotes(LeaderElection.java:197)
	at org.apache.ratis.server.impl.LeaderElection.run(LeaderElection.java:133)
	at java.lang.Thread.run(Thread.java:748)
Caused by: org.apache.ratis.thirdparty.io.grpc.StatusRuntimeException: UNAVAILABLE: io exception
	at org.apache.ratis.thirdparty.io.grpc.stub.ClientCalls.toStatusRuntimeException(ClientCalls.java:233)
	at org.apache.ratis.thirdparty.io.grpc.stub.ClientCalls.getUnchecked(ClientCalls.java:214)
	at org.apache.ratis.thirdparty.io.grpc.stub.ClientCalls.blockingUnaryCall(ClientCalls.java:139)
	at org.apache.ratis.proto.grpc.RaftServerProtocolServiceGrpc$RaftServerProtocolServiceBlockingStub.requestVote(RaftServerProtocolServiceGrpc.java:265)
	at org.apache.ratis.grpc.server.GrpcServerProtocolClient.requestVote(GrpcServerProtocolClient.java:99)
	at org.apache.ratis.grpc.server.GrpcService.requestVote(GrpcService.java:204)
	at org.apache.ratis.server.impl.LeaderElection.lambda$submitRequests$1(LeaderElection.java:234)
	at java.util.concurrent.FutureTask.run(FutureTask.java:266)
	at java.util.concurrent.Executors$RunnableAdapter.call(Executors.java:511)
	at java.util.concurrent.FutureTask.run(FutureTask.java:266)
	at java.util.concurrent.ThreadPoolExecutor.runWorker(ThreadPoolExecutor.java:1149)
	at java.util.concurrent.ThreadPoolExecutor$Worker.run(ThreadPoolExecutor.java:624)
	... 1 more
Caused by: org.apache.ratis.thirdparty.io.netty.channel.AbstractChannel$AnnotatedConnectException: Connection refused: /192.168.69.106:42937
	at sun.nio.ch.SocketChannelImpl.checkConnect(Native Method)
	at sun.nio.ch.SocketChannelImpl.finishConnect(SocketChannelImpl.java:717)
	at org.apache.ratis.thirdparty.io.netty.channel.socket.nio.NioSocketChannel.doFinishConnect(NioSocketChannel.java:327)
	at org.apache.ratis.thirdparty.io.netty.channel.nio.AbstractNioChannel$AbstractNioUnsafe.finishConnect(AbstractNioChannel.java:340)
	at org.apache.ratis.thirdparty.io.netty.channel.nio.NioEventLoop.processSelectedKey(NioEventLoop.java:632)
	at org.apache.ratis.thirdparty.io.netty.channel.nio.NioEventLoop.processSelectedKeysOptimized(NioEventLoop.java:579)
	at org.apache.ratis.thirdparty.io.netty.channel.nio.NioEventLoop.processSelectedKeys(NioEventLoop.java:496)
	at org.apache.ratis.thirdparty.io.netty.channel.nio.NioEventLoop.run(NioEventLoop.java:458)
	at org.apache.ratis.thirdparty.io.netty.util.concurrent.SingleThreadEventExecutor$5.run(SingleThreadEventExecutor.java:897)
	at org.apache.ratis.thirdparty.io.netty.util.concurrent.FastThreadLocalRunnable.run(FastThreadLocalRunnable.java:30)
	... 1 more
Caused by: java.net.ConnectException: Connection refused
	... 11 more
2019-11-14 22:49:35,567 [720981dd-80b6-4b59-8027-74344e9fba7b@group-E5CD7693E4BE-LeaderElection163] INFO  impl.LeaderElection (LeaderElection.java:logAndReturn(56)) - 720981dd-80b6-4b59-8027-74344e9fba7b@group-E5CD7693E4BE-LeaderElection163: Election REJECTED; received 1 response(s) [720981dd-80b6-4b59-8027-74344e9fba7b<-7d8f40ed-fc7e-4283-96c6-8f8f645c1bfe#0:FAIL-t3] and 1 exception(s); 720981dd-80b6-4b59-8027-74344e9fba7b@group-E5CD7693E4BE:t3, leader=null, voted=720981dd-80b6-4b59-8027-74344e9fba7b, raftlog=720981dd-80b6-4b59-8027-74344e9fba7b@group-E5CD7693E4BE-SegmentedRaftLog:OPENED:c0,f0,i0, conf=0: [58f72cb5-8974-4d0e-9564-cfe3e68dc671:192.168.69.106:42937, 720981dd-80b6-4b59-8027-74344e9fba7b:192.168.69.106:33190, 7d8f40ed-fc7e-4283-96c6-8f8f645c1bfe:192.168.69.106:40228], old=null
2019-11-14 22:49:35,567 [720981dd-80b6-4b59-8027-74344e9fba7b@group-E5CD7693E4BE-LeaderElection163] INFO  impl.LeaderElection (LogUtils.java:infoOrTrace(149)) -   Exception 0: {}
java.util.concurrent.ExecutionException: org.apache.ratis.thirdparty.io.grpc.StatusRuntimeException: UNAVAILABLE: io exception
	at java.util.concurrent.FutureTask.report(FutureTask.java:122)
	at java.util.concurrent.FutureTask.get(FutureTask.java:192)
	at org.apache.ratis.server.impl.LeaderElection.waitForResults(LeaderElection.java:259)
	at org.apache.ratis.server.impl.LeaderElection.askForVotes(LeaderElection.java:197)
	at org.apache.ratis.server.impl.LeaderElection.run(LeaderElection.java:133)
	at java.lang.Thread.run(Thread.java:748)
Caused by: org.apache.ratis.thirdparty.io.grpc.StatusRuntimeException: UNAVAILABLE: io exception
	at org.apache.ratis.thirdparty.io.grpc.stub.ClientCalls.toStatusRuntimeException(ClientCalls.java:233)
	at org.apache.ratis.thirdparty.io.grpc.stub.ClientCalls.getUnchecked(ClientCalls.java:214)
	at org.apache.ratis.thirdparty.io.grpc.stub.ClientCalls.blockingUnaryCall(ClientCalls.java:139)
	at org.apache.ratis.proto.grpc.RaftServerProtocolServiceGrpc$RaftServerProtocolServiceBlockingStub.requestVote(RaftServerProtocolServiceGrpc.java:265)
	at org.apache.ratis.grpc.server.GrpcServerProtocolClient.requestVote(GrpcServerProtocolClient.java:99)
	at org.apache.ratis.grpc.server.GrpcService.requestVote(GrpcService.java:204)
	at org.apache.ratis.server.impl.LeaderElection.lambda$submitRequests$1(LeaderElection.java:234)
	at java.util.concurrent.FutureTask.run(FutureTask.java:266)
	at java.util.concurrent.Executors$RunnableAdapter.call(Executors.java:511)
	at java.util.concurrent.FutureTask.run(FutureTask.java:266)
	at java.util.concurrent.ThreadPoolExecutor.runWorker(ThreadPoolExecutor.java:1149)
	at java.util.concurrent.ThreadPoolExecutor$Worker.run(ThreadPoolExecutor.java:624)
	... 1 more
Caused by: org.apache.ratis.thirdparty.io.netty.channel.AbstractChannel$AnnotatedConnectException: Connection refused: /192.168.69.106:42937
	at sun.nio.ch.SocketChannelImpl.checkConnect(Native Method)
	at sun.nio.ch.SocketChannelImpl.finishConnect(SocketChannelImpl.java:717)
	at org.apache.ratis.thirdparty.io.netty.channel.socket.nio.NioSocketChannel.doFinishConnect(NioSocketChannel.java:327)
	at org.apache.ratis.thirdparty.io.netty.channel.nio.AbstractNioChannel$AbstractNioUnsafe.finishConnect(AbstractNioChannel.java:340)
	at org.apache.ratis.thirdparty.io.netty.channel.nio.NioEventLoop.processSelectedKey(NioEventLoop.java:632)
	at org.apache.ratis.thirdparty.io.netty.channel.nio.NioEventLoop.processSelectedKeysOptimized(NioEventLoop.java:579)
	at org.apache.ratis.thirdparty.io.netty.channel.nio.NioEventLoop.processSelectedKeys(NioEventLoop.java:496)
	at org.apache.ratis.thirdparty.io.netty.channel.nio.NioEventLoop.run(NioEventLoop.java:458)
	at org.apache.ratis.thirdparty.io.netty.util.concurrent.SingleThreadEventExecutor$5.run(SingleThreadEventExecutor.java:897)
	at org.apache.ratis.thirdparty.io.netty.util.concurrent.FastThreadLocalRunnable.run(FastThreadLocalRunnable.java:30)
	... 1 more
Caused by: java.net.ConnectException: Connection refused
	... 11 more
2019-11-14 22:49:35,567 [7d8f40ed-fc7e-4283-96c6-8f8f645c1bfe@group-E5CD7693E4BE-LeaderElection164] INFO  impl.LeaderElection (LeaderElection.java:logAndReturn(56)) - 7d8f40ed-fc7e-4283-96c6-8f8f645c1bfe@group-E5CD7693E4BE-LeaderElection164: Election REJECTED; received 1 response(s) [7d8f40ed-fc7e-4283-96c6-8f8f645c1bfe<-720981dd-80b6-4b59-8027-74344e9fba7b#0:FAIL-t3] and 1 exception(s); 7d8f40ed-fc7e-4283-96c6-8f8f645c1bfe@group-E5CD7693E4BE:t3, leader=null, voted=7d8f40ed-fc7e-4283-96c6-8f8f645c1bfe, raftlog=7d8f40ed-fc7e-4283-96c6-8f8f645c1bfe@group-E5CD7693E4BE-SegmentedRaftLog:OPENED:c0,f0,i0, conf=0: [58f72cb5-8974-4d0e-9564-cfe3e68dc671:192.168.69.106:42937, 720981dd-80b6-4b59-8027-74344e9fba7b:192.168.69.106:33190, 7d8f40ed-fc7e-4283-96c6-8f8f645c1bfe:192.168.69.106:40228], old=null
2019-11-14 22:49:35,567 [720981dd-80b6-4b59-8027-74344e9fba7b@group-E5CD7693E4BE-LeaderElection163] INFO  impl.RaftServerImpl (RaftServerImpl.java:setRole(173)) - 720981dd-80b6-4b59-8027-74344e9fba7b@group-E5CD7693E4BE: changes role from CANDIDATE to FOLLOWER at term 3 for DISCOVERED_A_NEW_TERM
2019-11-14 22:49:35,567 [7d8f40ed-fc7e-4283-96c6-8f8f645c1bfe@group-E5CD7693E4BE-LeaderElection164] INFO  impl.LeaderElection (LogUtils.java:infoOrTrace(149)) -   Exception 0: {}
java.util.concurrent.ExecutionException: org.apache.ratis.thirdparty.io.grpc.StatusRuntimeException: UNAVAILABLE: io exception
	at java.util.concurrent.FutureTask.report(FutureTask.java:122)
	at java.util.concurrent.FutureTask.get(FutureTask.java:192)
	at org.apache.ratis.server.impl.LeaderElection.waitForResults(LeaderElection.java:259)
	at org.apache.ratis.server.impl.LeaderElection.askForVotes(LeaderElection.java:197)
	at org.apache.ratis.server.impl.LeaderElection.run(LeaderElection.java:133)
	at java.lang.Thread.run(Thread.java:748)
Caused by: org.apache.ratis.thirdparty.io.grpc.StatusRuntimeException: UNAVAILABLE: io exception
	at org.apache.ratis.thirdparty.io.grpc.stub.ClientCalls.toStatusRuntimeException(ClientCalls.java:233)
	at org.apache.ratis.thirdparty.io.grpc.stub.ClientCalls.getUnchecked(ClientCalls.java:214)
	at org.apache.ratis.thirdparty.io.grpc.stub.ClientCalls.blockingUnaryCall(ClientCalls.java:139)
	at org.apache.ratis.proto.grpc.RaftServerProtocolServiceGrpc$RaftServerProtocolServiceBlockingStub.requestVote(RaftServerProtocolServiceGrpc.java:265)
	at org.apache.ratis.grpc.server.GrpcServerProtocolClient.requestVote(GrpcServerProtocolClient.java:99)
	at org.apache.ratis.grpc.server.GrpcService.requestVote(GrpcService.java:204)
	at org.apache.ratis.server.impl.LeaderElection.lambda$submitRequests$1(LeaderElection.java:234)
	at java.util.concurrent.FutureTask.run(FutureTask.java:266)
	at java.util.concurrent.Executors$RunnableAdapter.call(Executors.java:511)
	at java.util.concurrent.FutureTask.run(FutureTask.java:266)
	at java.util.concurrent.ThreadPoolExecutor.runWorker(ThreadPoolExecutor.java:1149)
	at java.util.concurrent.ThreadPoolExecutor$Worker.run(ThreadPoolExecutor.java:624)
	... 1 more
Caused by: org.apache.ratis.thirdparty.io.netty.channel.AbstractChannel$AnnotatedConnectException: Connection refused: /192.168.69.106:42937
	at sun.nio.ch.SocketChannelImpl.checkConnect(Native Method)
	at sun.nio.ch.SocketChannelImpl.finishConnect(SocketChannelImpl.java:717)
	at org.apache.ratis.thirdparty.io.netty.channel.socket.nio.NioSocketChannel.doFinishConnect(NioSocketChannel.java:327)
	at org.apache.ratis.thirdparty.io.netty.channel.nio.AbstractNioChannel$AbstractNioUnsafe.finishConnect(AbstractNioChannel.java:340)
	at org.apache.ratis.thirdparty.io.netty.channel.nio.NioEventLoop.processSelectedKey(NioEventLoop.java:632)
	at org.apache.ratis.thirdparty.io.netty.channel.nio.NioEventLoop.processSelectedKeysOptimized(NioEventLoop.java:579)
	at org.apache.ratis.thirdparty.io.netty.channel.nio.NioEventLoop.processSelectedKeys(NioEventLoop.java:496)
	at org.apache.ratis.thirdparty.io.netty.channel.nio.NioEventLoop.run(NioEventLoop.java:458)
	at org.apache.ratis.thirdparty.io.netty.util.concurrent.SingleThreadEventExecutor$5.run(SingleThreadEventExecutor.java:897)
	at org.apache.ratis.thirdparty.io.netty.util.concurrent.FastThreadLocalRunnable.run(FastThreadLocalRunnable.java:30)
	... 1 more
Caused by: java.net.ConnectException: Connection refused
	... 11 more
2019-11-14 22:49:35,567 [720981dd-80b6-4b59-8027-74344e9fba7b@group-E5CD7693E4BE-LeaderElection163] INFO  impl.RoleInfo (RoleInfo.java:shutdownLeaderElection(134)) - 720981dd-80b6-4b59-8027-74344e9fba7b: shutdown LeaderElection
2019-11-14 22:49:35,567 [7d8f40ed-fc7e-4283-96c6-8f8f645c1bfe@group-E5CD7693E4BE-LeaderElection164] INFO  impl.RaftServerImpl (RaftServerImpl.java:setRole(173)) - 7d8f40ed-fc7e-4283-96c6-8f8f645c1bfe@group-E5CD7693E4BE: changes role from CANDIDATE to FOLLOWER at term 3 for DISCOVERED_A_NEW_TERM
2019-11-14 22:49:35,568 [7d8f40ed-fc7e-4283-96c6-8f8f645c1bfe@group-E5CD7693E4BE-LeaderElection164] INFO  impl.RoleInfo (RoleInfo.java:shutdownLeaderElection(134)) - 7d8f40ed-fc7e-4283-96c6-8f8f645c1bfe: shutdown LeaderElection
2019-11-14 22:49:35,568 [720981dd-80b6-4b59-8027-74344e9fba7b@group-E5CD7693E4BE-LeaderElection163] INFO  impl.RoleInfo (RoleInfo.java:updateAndGet(143)) - 720981dd-80b6-4b59-8027-74344e9fba7b: start FollowerState
2019-11-14 22:49:35,568 [7d8f40ed-fc7e-4283-96c6-8f8f645c1bfe@group-E5CD7693E4BE-LeaderElection164] INFO  impl.RoleInfo (RoleInfo.java:updateAndGet(143)) - 7d8f40ed-fc7e-4283-96c6-8f8f645c1bfe: start FollowerState
2019-11-14 22:49:36,696 [Thread-3828] INFO  impl.FollowerState (FollowerState.java:run(111)) - 720981dd-80b6-4b59-8027-74344e9fba7b@group-E5CD7693E4BE-FollowerState: change to CANDIDATE, lastRpcTime:1128ms, electionTimeout:1128ms
2019-11-14 22:49:36,696 [Thread-3828] INFO  impl.RoleInfo (RoleInfo.java:shutdownFollowerState(121)) - 720981dd-80b6-4b59-8027-74344e9fba7b: shutdown FollowerState
2019-11-14 22:49:36,697 [Thread-3828] INFO  impl.RaftServerImpl (RaftServerImpl.java:setRole(173)) - 720981dd-80b6-4b59-8027-74344e9fba7b@group-E5CD7693E4BE: changes role from  FOLLOWER to CANDIDATE at term 3 for changeToCandidate
2019-11-14 22:49:36,697 [Thread-3828] INFO  impl.RoleInfo (RoleInfo.java:updateAndGet(143)) - 720981dd-80b6-4b59-8027-74344e9fba7b: start LeaderElection
2019-11-14 22:49:36,737 [Thread-3829] INFO  impl.FollowerState (FollowerState.java:run(111)) - 7d8f40ed-fc7e-4283-96c6-8f8f645c1bfe@group-E5CD7693E4BE-FollowerState: change to CANDIDATE, lastRpcTime:1169ms, electionTimeout:1168ms
2019-11-14 22:49:36,737 [Thread-3829] INFO  impl.RoleInfo (RoleInfo.java:shutdownFollowerState(121)) - 7d8f40ed-fc7e-4283-96c6-8f8f645c1bfe: shutdown FollowerState
2019-11-14 22:49:36,738 [Thread-3829] INFO  impl.RaftServerImpl (RaftServerImpl.java:setRole(173)) - 7d8f40ed-fc7e-4283-96c6-8f8f645c1bfe@group-E5CD7693E4BE: changes role from  FOLLOWER to CANDIDATE at term 3 for changeToCandidate
2019-11-14 22:49:36,738 [Thread-3829] INFO  impl.RoleInfo (RoleInfo.java:updateAndGet(143)) - 7d8f40ed-fc7e-4283-96c6-8f8f645c1bfe: start LeaderElection
2019-11-14 22:49:38,960 [java.util.concurrent.ThreadPoolExecutor$Worker@7b91d9f[State = -1, empty queue]] WARN  server.GrpcLogAppender (GrpcLogAppender.java:timeoutAppendRequest(211)) - 82d9b010-cdd2-48aa-a03f-c52b44e44827@group-F1AED5EE4D6F->df16aec3-050f-40e4-a922-70bdb89d4bf1-GrpcLogAppender: appendEntries Timeout, request=AppendEntriesRequest:cid=14,entriesCount=1,lastEntry=(t:1, i:1)
2019-11-14 22:49:38,961 [java.util.concurrent.ThreadPoolExecutor$Worker@7b91d9f[State = -1, empty queue]] WARN  server.GrpcLogAppender (GrpcLogAppender.java:timeoutAppendRequest(211)) - 82d9b010-cdd2-48aa-a03f-c52b44e44827@group-F1AED5EE4D6F->df16aec3-050f-40e4-a922-70bdb89d4bf1-GrpcLogAppender: appendEntries Timeout, request=AppendEntriesRequest:cid=15,entriesCount=1,lastEntry=(t:1, i:2)
2019-11-14 22:49:38,961 [java.util.concurrent.ThreadPoolExecutor$Worker@7b91d9f[State = -1, empty queue]] WARN  server.GrpcLogAppender (GrpcLogAppender.java:timeoutAppendRequest(211)) - 82d9b010-cdd2-48aa-a03f-c52b44e44827@group-F1AED5EE4D6F->c5c819e6-85b2-482d-9128-e8ea2b7ba4a4-GrpcLogAppender: appendEntries Timeout, request=AppendEntriesRequest:cid=14,entriesCount=1,lastEntry=(t:1, i:1)
2019-11-14 22:49:38,961 [java.util.concurrent.ThreadPoolExecutor$Worker@7b91d9f[State = -1, empty queue]] WARN  server.GrpcLogAppender (GrpcLogAppender.java:timeoutAppendRequest(211)) - 82d9b010-cdd2-48aa-a03f-c52b44e44827@group-F1AED5EE4D6F->c5c819e6-85b2-482d-9128-e8ea2b7ba4a4-GrpcLogAppender: appendEntries Timeout, request=AppendEntriesRequest:cid=15,entriesCount=1,lastEntry=(t:1, i:2)
2019-11-14 22:49:38,961 [java.util.concurrent.ThreadPoolExecutor$Worker@7b91d9f[State = -1, empty queue]] WARN  server.GrpcLogAppender (GrpcLogAppender.java:timeoutAppendRequest(211)) - 82d9b010-cdd2-48aa-a03f-c52b44e44827@group-F1AED5EE4D6F->df16aec3-050f-40e4-a922-70bdb89d4bf1-GrpcLogAppender: appendEntries Timeout, request=AppendEntriesRequest:cid=16,entriesCount=1,lastEntry=(t:1, i:3)
2019-11-14 22:49:38,961 [java.util.concurrent.ThreadPoolExecutor$Worker@7b91d9f[State = -1, empty queue]] WARN  server.GrpcLogAppender (GrpcLogAppender.java:timeoutAppendRequest(211)) - 82d9b010-cdd2-48aa-a03f-c52b44e44827@group-F1AED5EE4D6F->df16aec3-050f-40e4-a922-70bdb89d4bf1-GrpcLogAppender: appendEntries Timeout, request=AppendEntriesRequest:cid=17,entriesCount=1,lastEntry=(t:1, i:4)
2019-11-14 22:49:38,961 [java.util.concurrent.ThreadPoolExecutor$Worker@7b91d9f[State = -1, empty queue]] WARN  server.GrpcLogAppender (GrpcLogAppender.java:timeoutAppendRequest(211)) - 82d9b010-cdd2-48aa-a03f-c52b44e44827@group-F1AED5EE4D6F->c5c819e6-85b2-482d-9128-e8ea2b7ba4a4-GrpcLogAppender: appendEntries Timeout, request=AppendEntriesRequest:cid=16,entriesCount=1,lastEntry=(t:1, i:3)
2019-11-14 22:49:38,962 [java.util.concurrent.ThreadPoolExecutor$Worker@7b91d9f[State = -1, empty queue]] WARN  server.GrpcLogAppender (GrpcLogAppender.java:timeoutAppendRequest(211)) - 82d9b010-cdd2-48aa-a03f-c52b44e44827@group-F1AED5EE4D6F->c5c819e6-85b2-482d-9128-e8ea2b7ba4a4-GrpcLogAppender: appendEntries Timeout, request=AppendEntriesRequest:cid=17,entriesCount=1,lastEntry=(t:1, i:4)
2019-11-14 22:49:38,962 [java.util.concurrent.ThreadPoolExecutor$Worker@7b91d9f[State = -1, empty queue]] WARN  server.GrpcLogAppender (GrpcLogAppender.java:timeoutAppendRequest(211)) - 82d9b010-cdd2-48aa-a03f-c52b44e44827@group-F1AED5EE4D6F->df16aec3-050f-40e4-a922-70bdb89d4bf1-GrpcLogAppender: appendEntries Timeout, request=AppendEntriesRequest:cid=18,entriesCount=0,lastEntry=null
2019-11-14 22:49:38,962 [java.util.concurrent.ThreadPoolExecutor$Worker@7b91d9f[State = -1, empty queue]] WARN  server.GrpcLogAppender (GrpcLogAppender.java:timeoutAppendRequest(211)) - 82d9b010-cdd2-48aa-a03f-c52b44e44827@group-F1AED5EE4D6F->c5c819e6-85b2-482d-9128-e8ea2b7ba4a4-GrpcLogAppender: appendEntries Timeout, request=AppendEntriesRequest:cid=18,entriesCount=0,lastEntry=null
2019-11-14 22:49:38,962 [java.util.concurrent.ThreadPoolExecutor$Worker@7b91d9f[State = -1, empty queue]] WARN  server.GrpcLogAppender (GrpcLogAppender.java:timeoutAppendRequest(211)) - 82d9b010-cdd2-48aa-a03f-c52b44e44827@group-F1AED5EE4D6F->df16aec3-050f-40e4-a922-70bdb89d4bf1-GrpcLogAppender: appendEntries Timeout, request=AppendEntriesRequest:cid=19,entriesCount=0,lastEntry=null
2019-11-14 22:49:38,962 [java.util.concurrent.ThreadPoolExecutor$Worker@7b91d9f[State = -1, empty queue]] WARN  server.GrpcLogAppender (GrpcLogAppender.java:timeoutAppendRequest(211)) - 82d9b010-cdd2-48aa-a03f-c52b44e44827@group-F1AED5EE4D6F->c5c819e6-85b2-482d-9128-e8ea2b7ba4a4-GrpcLogAppender: appendEntries Timeout, request=AppendEntriesRequest:cid=19,entriesCount=0,lastEntry=null
2019-11-14 22:49:38,962 [java.util.concurrent.ThreadPoolExecutor$Worker@7b91d9f[State = -1, empty queue]] WARN  server.GrpcLogAppender (GrpcLogAppender.java:timeoutAppendRequest(211)) - 82d9b010-cdd2-48aa-a03f-c52b44e44827@group-F1AED5EE4D6F->df16aec3-050f-40e4-a922-70bdb89d4bf1-GrpcLogAppender: appendEntries Timeout, request=AppendEntriesRequest:cid=20,entriesCount=0,lastEntry=null
2019-11-14 22:49:38,962 [java.util.concurrent.ThreadPoolExecutor$Worker@7b91d9f[State = -1, empty queue]] WARN  server.GrpcLogAppender (GrpcLogAppender.java:timeoutAppendRequest(211)) - 82d9b010-cdd2-48aa-a03f-c52b44e44827@group-F1AED5EE4D6F->c5c819e6-85b2-482d-9128-e8ea2b7ba4a4-GrpcLogAppender: appendEntries Timeout, request=AppendEntriesRequest:cid=20,entriesCount=0,lastEntry=null
2019-11-14 22:49:38,962 [java.util.concurrent.ThreadPoolExecutor$Worker@7b91d9f[State = -1, empty queue]] WARN  server.GrpcLogAppender (GrpcLogAppender.java:timeoutAppendRequest(211)) - 82d9b010-cdd2-48aa-a03f-c52b44e44827@group-F1AED5EE4D6F->df16aec3-050f-40e4-a922-70bdb89d4bf1-GrpcLogAppender: appendEntries Timeout, request=AppendEntriesRequest:cid=21,entriesCount=0,lastEntry=null
2019-11-14 22:49:38,963 [java.util.concurrent.ThreadPoolExecutor$Worker@7b91d9f[State = -1, empty queue]] WARN  server.GrpcLogAppender (GrpcLogAppender.java:timeoutAppendRequest(211)) - 82d9b010-cdd2-48aa-a03f-c52b44e44827@group-F1AED5EE4D6F->c5c819e6-85b2-482d-9128-e8ea2b7ba4a4-GrpcLogAppender: appendEntries Timeout, request=AppendEntriesRequest:cid=21,entriesCount=0,lastEntry=null
2019-11-14 22:49:38,963 [java.util.concurrent.ThreadPoolExecutor$Worker@7b91d9f[State = -1, empty queue]] WARN  server.GrpcLogAppender (GrpcLogAppender.java:timeoutAppendRequest(211)) - 82d9b010-cdd2-48aa-a03f-c52b44e44827@group-F1AED5EE4D6F->df16aec3-050f-40e4-a922-70bdb89d4bf1-GrpcLogAppender: appendEntries Timeout, request=AppendEntriesRequest:cid=22,entriesCount=0,lastEntry=null
2019-11-14 22:49:38,963 [java.util.concurrent.ThreadPoolExecutor$Worker@7b91d9f[State = -1, empty queue]] WARN  server.GrpcLogAppender (GrpcLogAppender.java:timeoutAppendRequest(211)) - 82d9b010-cdd2-48aa-a03f-c52b44e44827@group-F1AED5EE4D6F->c5c819e6-85b2-482d-9128-e8ea2b7ba4a4-GrpcLogAppender: appendEntries Timeout, request=AppendEntriesRequest:cid=22,entriesCount=0,lastEntry=null
2019-11-14 22:49:38,963 [java.util.concurrent.ThreadPoolExecutor$Worker@7b91d9f[State = -1, empty queue]] WARN  server.GrpcLogAppender (GrpcLogAppender.java:timeoutAppendRequest(211)) - 82d9b010-cdd2-48aa-a03f-c52b44e44827@group-F1AED5EE4D6F->df16aec3-050f-40e4-a922-70bdb89d4bf1-GrpcLogAppender: appendEntries Timeout, request=AppendEntriesRequest:cid=23,entriesCount=0,lastEntry=null
2019-11-14 22:49:38,963 [java.util.concurrent.ThreadPoolExecutor$Worker@7b91d9f[State = -1, empty queue]] WARN  server.GrpcLogAppender (GrpcLogAppender.java:timeoutAppendRequest(211)) - 82d9b010-cdd2-48aa-a03f-c52b44e44827@group-F1AED5EE4D6F->c5c819e6-85b2-482d-9128-e8ea2b7ba4a4-GrpcLogAppender: appendEntries Timeout, request=AppendEntriesRequest:cid=23,entriesCount=0,lastEntry=null
2019-11-14 22:49:38,963 [java.util.concurrent.ThreadPoolExecutor$Worker@7b91d9f[State = -1, empty queue]] WARN  server.GrpcLogAppender (GrpcLogAppender.java:timeoutAppendRequest(211)) - 82d9b010-cdd2-48aa-a03f-c52b44e44827@group-F1AED5EE4D6F->c5c819e6-85b2-482d-9128-e8ea2b7ba4a4-GrpcLogAppender: appendEntries Timeout, request=AppendEntriesRequest:cid=24,entriesCount=0,lastEntry=null
2019-11-14 22:49:38,963 [java.util.concurrent.ThreadPoolExecutor$Worker@7b91d9f[State = -1, empty queue]] WARN  server.GrpcLogAppender (GrpcLogAppender.java:timeoutAppendRequest(211)) - 82d9b010-cdd2-48aa-a03f-c52b44e44827@group-F1AED5EE4D6F->df16aec3-050f-40e4-a922-70bdb89d4bf1-GrpcLogAppender: appendEntries Timeout, request=AppendEntriesRequest:cid=24,entriesCount=0,lastEntry=null
2019-11-14 22:49:38,963 [java.util.concurrent.ThreadPoolExecutor$Worker@7b91d9f[State = -1, empty queue]] WARN  server.GrpcLogAppender (GrpcLogAppender.java:timeoutAppendRequest(211)) - 82d9b010-cdd2-48aa-a03f-c52b44e44827@group-F1AED5EE4D6F->c5c819e6-85b2-482d-9128-e8ea2b7ba4a4-GrpcLogAppender: appendEntries Timeout, request=AppendEntriesRequest:cid=25,entriesCount=0,lastEntry=null
2019-11-14 22:49:38,963 [java.util.concurrent.ThreadPoolExecutor$Worker@7b91d9f[State = -1, empty queue]] WARN  server.GrpcLogAppender (GrpcLogAppender.java:timeoutAppendRequest(211)) - 82d9b010-cdd2-48aa-a03f-c52b44e44827@group-F1AED5EE4D6F->df16aec3-050f-40e4-a922-70bdb89d4bf1-GrpcLogAppender: appendEntries Timeout, request=AppendEntriesRequest:cid=25,entriesCount=0,lastEntry=null
2019-11-14 22:49:38,964 [java.util.concurrent.ThreadPoolExecutor$Worker@7b91d9f[State = -1, empty queue]] WARN  server.GrpcLogAppender (GrpcLogAppender.java:timeoutAppendRequest(211)) - 82d9b010-cdd2-48aa-a03f-c52b44e44827@group-F1AED5EE4D6F->c5c819e6-85b2-482d-9128-e8ea2b7ba4a4-GrpcLogAppender: appendEntries Timeout, request=AppendEntriesRequest:cid=26,entriesCount=0,lastEntry=null
2019-11-14 22:49:38,964 [java.util.concurrent.ThreadPoolExecutor$Worker@7b91d9f[State = -1, empty queue]] WARN  server.GrpcLogAppender (GrpcLogAppender.java:timeoutAppendRequest(211)) - 82d9b010-cdd2-48aa-a03f-c52b44e44827@group-F1AED5EE4D6F->df16aec3-050f-40e4-a922-70bdb89d4bf1-GrpcLogAppender: appendEntries Timeout, request=AppendEntriesRequest:cid=26,entriesCount=0,lastEntry=null
2019-11-14 22:49:38,972 [java.util.concurrent.ThreadPoolExecutor$Worker@7b91d9f[State = -1, empty queue]] WARN  server.GrpcLogAppender (GrpcLogAppender.java:timeoutAppendRequest(211)) - 82d9b010-cdd2-48aa-a03f-c52b44e44827@group-F1AED5EE4D6F->c5c819e6-85b2-482d-9128-e8ea2b7ba4a4-GrpcLogAppender: appendEntries Timeout, request=AppendEntriesRequest:cid=27,entriesCount=0,lastEntry=null
2019-11-14 22:49:38,972 [java.util.concurrent.ThreadPoolExecutor$Worker@7b91d9f[State = -1, empty queue]] WARN  server.GrpcLogAppender (GrpcLogAppender.java:timeoutAppendRequest(211)) - 82d9b010-cdd2-48aa-a03f-c52b44e44827@group-F1AED5EE4D6F->df16aec3-050f-40e4-a922-70bdb89d4bf1-GrpcLogAppender: appendEntries Timeout, request=AppendEntriesRequest:cid=27,entriesCount=0,lastEntry=null
2019-11-14 22:49:39,472 [java.util.concurrent.ThreadPoolExecutor$Worker@7b91d9f[State = -1, empty queue]] WARN  server.GrpcLogAppender (GrpcLogAppender.java:timeoutAppendRequest(211)) - 82d9b010-cdd2-48aa-a03f-c52b44e44827@group-F1AED5EE4D6F->c5c819e6-85b2-482d-9128-e8ea2b7ba4a4-GrpcLogAppender: appendEntries Timeout, request=AppendEntriesRequest:cid=28,entriesCount=0,lastEntry=null
2019-11-14 22:49:39,472 [java.util.concurrent.ThreadPoolExecutor$Worker@7b91d9f[State = -1, empty queue]] WARN  server.GrpcLogAppender (GrpcLogAppender.java:timeoutAppendRequest(211)) - 82d9b010-cdd2-48aa-a03f-c52b44e44827@group-F1AED5EE4D6F->df16aec3-050f-40e4-a922-70bdb89d4bf1-GrpcLogAppender: appendEntries Timeout, request=AppendEntriesRequest:cid=28,entriesCount=0,lastEntry=null
2019-11-14 22:49:39,976 [java.util.concurrent.ThreadPoolExecutor$Worker@7b91d9f[State = -1, empty queue]] WARN  server.GrpcLogAppender (GrpcLogAppender.java:timeoutAppendRequest(211)) - 82d9b010-cdd2-48aa-a03f-c52b44e44827@group-F1AED5EE4D6F->c5c819e6-85b2-482d-9128-e8ea2b7ba4a4-GrpcLogAppender: appendEntries Timeout, request=AppendEntriesRequest:cid=29,entriesCount=0,lastEntry=null
2019-11-14 22:49:39,977 [java.util.concurrent.ThreadPoolExecutor$Worker@7b91d9f[State = -1, empty queue]] WARN  server.GrpcLogAppender (GrpcLogAppender.java:timeoutAppendRequest(211)) - 82d9b010-cdd2-48aa-a03f-c52b44e44827@group-F1AED5EE4D6F->df16aec3-050f-40e4-a922-70bdb89d4bf1-GrpcLogAppender: appendEntries Timeout, request=AppendEntriesRequest:cid=29,entriesCount=0,lastEntry=null
2019-11-14 22:49:40,166 [720981dd-80b6-4b59-8027-74344e9fba7b@group-E5CD7693E4BE-LeaderElection165] INFO  impl.LeaderElection (LeaderElection.java:askForVotes(178)) - 720981dd-80b6-4b59-8027-74344e9fba7b@group-E5CD7693E4BE-LeaderElection165: begin an election at term 4 for 0: [58f72cb5-8974-4d0e-9564-cfe3e68dc671:192.168.69.106:42937, 720981dd-80b6-4b59-8027-74344e9fba7b:192.168.69.106:33190, 7d8f40ed-fc7e-4283-96c6-8f8f645c1bfe:192.168.69.106:40228], old=null
2019-11-14 22:49:40,166 [7d8f40ed-fc7e-4283-96c6-8f8f645c1bfe@group-E5CD7693E4BE-LeaderElection166] INFO  impl.LeaderElection (LeaderElection.java:askForVotes(178)) - 7d8f40ed-fc7e-4283-96c6-8f8f645c1bfe@group-E5CD7693E4BE-LeaderElection166: begin an election at term 4 for 0: [58f72cb5-8974-4d0e-9564-cfe3e68dc671:192.168.69.106:42937, 720981dd-80b6-4b59-8027-74344e9fba7b:192.168.69.106:33190, 7d8f40ed-fc7e-4283-96c6-8f8f645c1bfe:192.168.69.106:40228], old=null
2019-11-14 22:49:40,168 [7d8f40ed-fc7e-4283-96c6-8f8f645c1bfe@group-E5CD7693E4BE-LeaderElection166] INFO  impl.LeaderElection (LogUtils.java:infoOrTrace(149)) - 7d8f40ed-fc7e-4283-96c6-8f8f645c1bfe@group-E5CD7693E4BE-LeaderElection166 got exception when requesting votes: {}
java.util.concurrent.ExecutionException: org.apache.ratis.thirdparty.io.grpc.StatusRuntimeException: UNAVAILABLE: io exception
	at java.util.concurrent.FutureTask.report(FutureTask.java:122)
	at java.util.concurrent.FutureTask.get(FutureTask.java:192)
	at org.apache.ratis.server.impl.LeaderElection.waitForResults(LeaderElection.java:259)
	at org.apache.ratis.server.impl.LeaderElection.askForVotes(LeaderElection.java:197)
	at org.apache.ratis.server.impl.LeaderElection.run(LeaderElection.java:133)
	at java.lang.Thread.run(Thread.java:748)
Caused by: org.apache.ratis.thirdparty.io.grpc.StatusRuntimeException: UNAVAILABLE: io exception
	at org.apache.ratis.thirdparty.io.grpc.stub.ClientCalls.toStatusRuntimeException(ClientCalls.java:233)
	at org.apache.ratis.thirdparty.io.grpc.stub.ClientCalls.getUnchecked(ClientCalls.java:214)
	at org.apache.ratis.thirdparty.io.grpc.stub.ClientCalls.blockingUnaryCall(ClientCalls.java:139)
	at org.apache.ratis.proto.grpc.RaftServerProtocolServiceGrpc$RaftServerProtocolServiceBlockingStub.requestVote(RaftServerProtocolServiceGrpc.java:265)
	at org.apache.ratis.grpc.server.GrpcServerProtocolClient.requestVote(GrpcServerProtocolClient.java:99)
	at org.apache.ratis.grpc.server.GrpcService.requestVote(GrpcService.java:204)
	at org.apache.ratis.server.impl.LeaderElection.lambda$submitRequests$1(LeaderElection.java:234)
	at java.util.concurrent.FutureTask.run(FutureTask.java:266)
	at java.util.concurrent.Executors$RunnableAdapter.call(Executors.java:511)
	at java.util.concurrent.FutureTask.run(FutureTask.java:266)
	at java.util.concurrent.ThreadPoolExecutor.runWorker(ThreadPoolExecutor.java:1149)
	at java.util.concurrent.ThreadPoolExecutor$Worker.run(ThreadPoolExecutor.java:624)
	... 1 more
Caused by: org.apache.ratis.thirdparty.io.netty.channel.AbstractChannel$AnnotatedConnectException: Connection refused: /192.168.69.106:42937
	at sun.nio.ch.SocketChannelImpl.checkConnect(Native Method)
	at sun.nio.ch.SocketChannelImpl.finishConnect(SocketChannelImpl.java:717)
	at org.apache.ratis.thirdparty.io.netty.channel.socket.nio.NioSocketChannel.doFinishConnect(NioSocketChannel.java:327)
	at org.apache.ratis.thirdparty.io.netty.channel.nio.AbstractNioChannel$AbstractNioUnsafe.finishConnect(AbstractNioChannel.java:340)
	at org.apache.ratis.thirdparty.io.netty.channel.nio.NioEventLoop.processSelectedKey(NioEventLoop.java:632)
	at org.apache.ratis.thirdparty.io.netty.channel.nio.NioEventLoop.processSelectedKeysOptimized(NioEventLoop.java:579)
	at org.apache.ratis.thirdparty.io.netty.channel.nio.NioEventLoop.processSelectedKeys(NioEventLoop.java:496)
	at org.apache.ratis.thirdparty.io.netty.channel.nio.NioEventLoop.run(NioEventLoop.java:458)
	at org.apache.ratis.thirdparty.io.netty.util.concurrent.SingleThreadEventExecutor$5.run(SingleThreadEventExecutor.java:897)
	at org.apache.ratis.thirdparty.io.netty.util.concurrent.FastThreadLocalRunnable.run(FastThreadLocalRunnable.java:30)
	... 1 more
Caused by: java.net.ConnectException: Connection refused
	... 11 more
2019-11-14 22:49:40,168 [720981dd-80b6-4b59-8027-74344e9fba7b@group-E5CD7693E4BE-LeaderElection165] INFO  impl.LeaderElection (LogUtils.java:infoOrTrace(149)) - 720981dd-80b6-4b59-8027-74344e9fba7b@group-E5CD7693E4BE-LeaderElection165 got exception when requesting votes: {}
java.util.concurrent.ExecutionException: org.apache.ratis.thirdparty.io.grpc.StatusRuntimeException: UNAVAILABLE: io exception
	at java.util.concurrent.FutureTask.report(FutureTask.java:122)
	at java.util.concurrent.FutureTask.get(FutureTask.java:192)
	at org.apache.ratis.server.impl.LeaderElection.waitForResults(LeaderElection.java:259)
	at org.apache.ratis.server.impl.LeaderElection.askForVotes(LeaderElection.java:197)
	at org.apache.ratis.server.impl.LeaderElection.run(LeaderElection.java:133)
	at java.lang.Thread.run(Thread.java:748)
Caused by: org.apache.ratis.thirdparty.io.grpc.StatusRuntimeException: UNAVAILABLE: io exception
	at org.apache.ratis.thirdparty.io.grpc.stub.ClientCalls.toStatusRuntimeException(ClientCalls.java:233)
	at org.apache.ratis.thirdparty.io.grpc.stub.ClientCalls.getUnchecked(ClientCalls.java:214)
	at org.apache.ratis.thirdparty.io.grpc.stub.ClientCalls.blockingUnaryCall(ClientCalls.java:139)
	at org.apache.ratis.proto.grpc.RaftServerProtocolServiceGrpc$RaftServerProtocolServiceBlockingStub.requestVote(RaftServerProtocolServiceGrpc.java:265)
	at org.apache.ratis.grpc.server.GrpcServerProtocolClient.requestVote(GrpcServerProtocolClient.java:99)
	at org.apache.ratis.grpc.server.GrpcService.requestVote(GrpcService.java:204)
	at org.apache.ratis.server.impl.LeaderElection.lambda$submitRequests$1(LeaderElection.java:234)
	at java.util.concurrent.FutureTask.run(FutureTask.java:266)
	at java.util.concurrent.Executors$RunnableAdapter.call(Executors.java:511)
	at java.util.concurrent.FutureTask.run(FutureTask.java:266)
	at java.util.concurrent.ThreadPoolExecutor.runWorker(ThreadPoolExecutor.java:1149)
	at java.util.concurrent.ThreadPoolExecutor$Worker.run(ThreadPoolExecutor.java:624)
	... 1 more
Caused by: org.apache.ratis.thirdparty.io.netty.channel.AbstractChannel$AnnotatedConnectException: Connection refused: /192.168.69.106:42937
	at sun.nio.ch.SocketChannelImpl.checkConnect(Native Method)
	at sun.nio.ch.SocketChannelImpl.finishConnect(SocketChannelImpl.java:717)
	at org.apache.ratis.thirdparty.io.netty.channel.socket.nio.NioSocketChannel.doFinishConnect(NioSocketChannel.java:327)
	at org.apache.ratis.thirdparty.io.netty.channel.nio.AbstractNioChannel$AbstractNioUnsafe.finishConnect(AbstractNioChannel.java:340)
	at org.apache.ratis.thirdparty.io.netty.channel.nio.NioEventLoop.processSelectedKey(NioEventLoop.java:632)
	at org.apache.ratis.thirdparty.io.netty.channel.nio.NioEventLoop.processSelectedKeysOptimized(NioEventLoop.java:579)
	at org.apache.ratis.thirdparty.io.netty.channel.nio.NioEventLoop.processSelectedKeys(NioEventLoop.java:496)
	at org.apache.ratis.thirdparty.io.netty.channel.nio.NioEventLoop.run(NioEventLoop.java:458)
	at org.apache.ratis.thirdparty.io.netty.util.concurrent.SingleThreadEventExecutor$5.run(SingleThreadEventExecutor.java:897)
	at org.apache.ratis.thirdparty.io.netty.util.concurrent.FastThreadLocalRunnable.run(FastThreadLocalRunnable.java:30)
	... 1 more
Caused by: java.net.ConnectException: Connection refused
	... 11 more
2019-11-14 22:49:40,171 [7d8f40ed-fc7e-4283-96c6-8f8f645c1bfe@group-E5CD7693E4BE-LeaderElection166] INFO  impl.LeaderElection (LeaderElection.java:logAndReturn(56)) - 7d8f40ed-fc7e-4283-96c6-8f8f645c1bfe@group-E5CD7693E4BE-LeaderElection166: Election REJECTED; received 1 response(s) [7d8f40ed-fc7e-4283-96c6-8f8f645c1bfe<-720981dd-80b6-4b59-8027-74344e9fba7b#0:FAIL-t4] and 1 exception(s); 7d8f40ed-fc7e-4283-96c6-8f8f645c1bfe@group-E5CD7693E4BE:t4, leader=null, voted=7d8f40ed-fc7e-4283-96c6-8f8f645c1bfe, raftlog=7d8f40ed-fc7e-4283-96c6-8f8f645c1bfe@group-E5CD7693E4BE-SegmentedRaftLog:OPENED:c0,f0,i0, conf=0: [58f72cb5-8974-4d0e-9564-cfe3e68dc671:192.168.69.106:42937, 720981dd-80b6-4b59-8027-74344e9fba7b:192.168.69.106:33190, 7d8f40ed-fc7e-4283-96c6-8f8f645c1bfe:192.168.69.106:40228], old=null
2019-11-14 22:49:40,171 [720981dd-80b6-4b59-8027-74344e9fba7b@group-E5CD7693E4BE-LeaderElection165] INFO  impl.LeaderElection (LeaderElection.java:logAndReturn(56)) - 720981dd-80b6-4b59-8027-74344e9fba7b@group-E5CD7693E4BE-LeaderElection165: Election REJECTED; received 1 response(s) [720981dd-80b6-4b59-8027-74344e9fba7b<-7d8f40ed-fc7e-4283-96c6-8f8f645c1bfe#0:FAIL-t4] and 1 exception(s); 720981dd-80b6-4b59-8027-74344e9fba7b@group-E5CD7693E4BE:t4, leader=null, voted=720981dd-80b6-4b59-8027-74344e9fba7b, raftlog=720981dd-80b6-4b59-8027-74344e9fba7b@group-E5CD7693E4BE-SegmentedRaftLog:OPENED:c0,f0,i0, conf=0: [58f72cb5-8974-4d0e-9564-cfe3e68dc671:192.168.69.106:42937, 720981dd-80b6-4b59-8027-74344e9fba7b:192.168.69.106:33190, 7d8f40ed-fc7e-4283-96c6-8f8f645c1bfe:192.168.69.106:40228], old=null
2019-11-14 22:49:40,171 [7d8f40ed-fc7e-4283-96c6-8f8f645c1bfe@group-E5CD7693E4BE-LeaderElection166] INFO  impl.LeaderElection (LogUtils.java:infoOrTrace(149)) -   Exception 0: {}
java.util.concurrent.ExecutionException: org.apache.ratis.thirdparty.io.grpc.StatusRuntimeException: UNAVAILABLE: io exception
	at java.util.concurrent.FutureTask.report(FutureTask.java:122)
	at java.util.concurrent.FutureTask.get(FutureTask.java:192)
	at org.apache.ratis.server.impl.LeaderElection.waitForResults(LeaderElection.java:259)
	at org.apache.ratis.server.impl.LeaderElection.askForVotes(LeaderElection.java:197)
	at org.apache.ratis.server.impl.LeaderElection.run(LeaderElection.java:133)
	at java.lang.Thread.run(Thread.java:748)
Caused by: org.apache.ratis.thirdparty.io.grpc.StatusRuntimeException: UNAVAILABLE: io exception
	at org.apache.ratis.thirdparty.io.grpc.stub.ClientCalls.toStatusRuntimeException(ClientCalls.java:233)
	at org.apache.ratis.thirdparty.io.grpc.stub.ClientCalls.getUnchecked(ClientCalls.java:214)
	at org.apache.ratis.thirdparty.io.grpc.stub.ClientCalls.blockingUnaryCall(ClientCalls.java:139)
	at org.apache.ratis.proto.grpc.RaftServerProtocolServiceGrpc$RaftServerProtocolServiceBlockingStub.requestVote(RaftServerProtocolServiceGrpc.java:265)
	at org.apache.ratis.grpc.server.GrpcServerProtocolClient.requestVote(GrpcServerProtocolClient.java:99)
	at org.apache.ratis.grpc.server.GrpcService.requestVote(GrpcService.java:204)
	at org.apache.ratis.server.impl.LeaderElection.lambda$submitRequests$1(LeaderElection.java:234)
	at java.util.concurrent.FutureTask.run(FutureTask.java:266)
	at java.util.concurrent.Executors$RunnableAdapter.call(Executors.java:511)
	at java.util.concurrent.FutureTask.run(FutureTask.java:266)
	at java.util.concurrent.ThreadPoolExecutor.runWorker(ThreadPoolExecutor.java:1149)
	at java.util.concurrent.ThreadPoolExecutor$Worker.run(ThreadPoolExecutor.java:624)
	... 1 more
Caused by: org.apache.ratis.thirdparty.io.netty.channel.AbstractChannel$AnnotatedConnectException: Connection refused: /192.168.69.106:42937
	at sun.nio.ch.SocketChannelImpl.checkConnect(Native Method)
	at sun.nio.ch.SocketChannelImpl.finishConnect(SocketChannelImpl.java:717)
	at org.apache.ratis.thirdparty.io.netty.channel.socket.nio.NioSocketChannel.doFinishConnect(NioSocketChannel.java:327)
	at org.apache.ratis.thirdparty.io.netty.channel.nio.AbstractNioChannel$AbstractNioUnsafe.finishConnect(AbstractNioChannel.java:340)
	at org.apache.ratis.thirdparty.io.netty.channel.nio.NioEventLoop.processSelectedKey(NioEventLoop.java:632)
	at org.apache.ratis.thirdparty.io.netty.channel.nio.NioEventLoop.processSelectedKeysOptimized(NioEventLoop.java:579)
	at org.apache.ratis.thirdparty.io.netty.channel.nio.NioEventLoop.processSelectedKeys(NioEventLoop.java:496)
	at org.apache.ratis.thirdparty.io.netty.channel.nio.NioEventLoop.run(NioEventLoop.java:458)
	at org.apache.ratis.thirdparty.io.netty.util.concurrent.SingleThreadEventExecutor$5.run(SingleThreadEventExecutor.java:897)
	at org.apache.ratis.thirdparty.io.netty.util.concurrent.FastThreadLocalRunnable.run(FastThreadLocalRunnable.java:30)
	... 1 more
Caused by: java.net.ConnectException: Connection refused
	... 11 more
2019-11-14 22:49:40,171 [720981dd-80b6-4b59-8027-74344e9fba7b@group-E5CD7693E4BE-LeaderElection165] INFO  impl.LeaderElection (LogUtils.java:infoOrTrace(149)) -   Exception 0: {}
java.util.concurrent.ExecutionException: org.apache.ratis.thirdparty.io.grpc.StatusRuntimeException: UNAVAILABLE: io exception
	at java.util.concurrent.FutureTask.report(FutureTask.java:122)
	at java.util.concurrent.FutureTask.get(FutureTask.java:192)
	at org.apache.ratis.server.impl.LeaderElection.waitForResults(LeaderElection.java:259)
	at org.apache.ratis.server.impl.LeaderElection.askForVotes(LeaderElection.java:197)
	at org.apache.ratis.server.impl.LeaderElection.run(LeaderElection.java:133)
	at java.lang.Thread.run(Thread.java:748)
Caused by: org.apache.ratis.thirdparty.io.grpc.StatusRuntimeException: UNAVAILABLE: io exception
	at org.apache.ratis.thirdparty.io.grpc.stub.ClientCalls.toStatusRuntimeException(ClientCalls.java:233)
	at org.apache.ratis.thirdparty.io.grpc.stub.ClientCalls.getUnchecked(ClientCalls.java:214)
	at org.apache.ratis.thirdparty.io.grpc.stub.ClientCalls.blockingUnaryCall(ClientCalls.java:139)
	at org.apache.ratis.proto.grpc.RaftServerProtocolServiceGrpc$RaftServerProtocolServiceBlockingStub.requestVote(RaftServerProtocolServiceGrpc.java:265)
	at org.apache.ratis.grpc.server.GrpcServerProtocolClient.requestVote(GrpcServerProtocolClient.java:99)
	at org.apache.ratis.grpc.server.GrpcService.requestVote(GrpcService.java:204)
	at org.apache.ratis.server.impl.LeaderElection.lambda$submitRequests$1(LeaderElection.java:234)
	at java.util.concurrent.FutureTask.run(FutureTask.java:266)
	at java.util.concurrent.Executors$RunnableAdapter.call(Executors.java:511)
	at java.util.concurrent.FutureTask.run(FutureTask.java:266)
	at java.util.concurrent.ThreadPoolExecutor.runWorker(ThreadPoolExecutor.java:1149)
	at java.util.concurrent.ThreadPoolExecutor$Worker.run(ThreadPoolExecutor.java:624)
	... 1 more
Caused by: org.apache.ratis.thirdparty.io.netty.channel.AbstractChannel$AnnotatedConnectException: Connection refused: /192.168.69.106:42937
	at sun.nio.ch.SocketChannelImpl.checkConnect(Native Method)
	at sun.nio.ch.SocketChannelImpl.finishConnect(SocketChannelImpl.java:717)
	at org.apache.ratis.thirdparty.io.netty.channel.socket.nio.NioSocketChannel.doFinishConnect(NioSocketChannel.java:327)
	at org.apache.ratis.thirdparty.io.netty.channel.nio.AbstractNioChannel$AbstractNioUnsafe.finishConnect(AbstractNioChannel.java:340)
	at org.apache.ratis.thirdparty.io.netty.channel.nio.NioEventLoop.processSelectedKey(NioEventLoop.java:632)
	at org.apache.ratis.thirdparty.io.netty.channel.nio.NioEventLoop.processSelectedKeysOptimized(NioEventLoop.java:579)
	at org.apache.ratis.thirdparty.io.netty.channel.nio.NioEventLoop.processSelectedKeys(NioEventLoop.java:496)
	at org.apache.ratis.thirdparty.io.netty.channel.nio.NioEventLoop.run(NioEventLoop.java:458)
	at org.apache.ratis.thirdparty.io.netty.util.concurrent.SingleThreadEventExecutor$5.run(SingleThreadEventExecutor.java:897)
	at org.apache.ratis.thirdparty.io.netty.util.concurrent.FastThreadLocalRunnable.run(FastThreadLocalRunnable.java:30)
	... 1 more
Caused by: java.net.ConnectException: Connection refused
	... 11 more
2019-11-14 22:49:40,171 [7d8f40ed-fc7e-4283-96c6-8f8f645c1bfe@group-E5CD7693E4BE-LeaderElection166] INFO  impl.RaftServerImpl (RaftServerImpl.java:setRole(173)) - 7d8f40ed-fc7e-4283-96c6-8f8f645c1bfe@group-E5CD7693E4BE: changes role from CANDIDATE to FOLLOWER at term 4 for DISCOVERED_A_NEW_TERM
2019-11-14 22:49:40,172 [720981dd-80b6-4b59-8027-74344e9fba7b@group-E5CD7693E4BE-LeaderElection165] INFO  impl.RaftServerImpl (RaftServerImpl.java:setRole(173)) - 720981dd-80b6-4b59-8027-74344e9fba7b@group-E5CD7693E4BE: changes role from CANDIDATE to FOLLOWER at term 4 for DISCOVERED_A_NEW_TERM
2019-11-14 22:49:40,172 [7d8f40ed-fc7e-4283-96c6-8f8f645c1bfe@group-E5CD7693E4BE-LeaderElection166] INFO  impl.RoleInfo (RoleInfo.java:shutdownLeaderElection(134)) - 7d8f40ed-fc7e-4283-96c6-8f8f645c1bfe: shutdown LeaderElection
2019-11-14 22:49:40,172 [720981dd-80b6-4b59-8027-74344e9fba7b@group-E5CD7693E4BE-LeaderElection165] INFO  impl.RoleInfo (RoleInfo.java:shutdownLeaderElection(134)) - 720981dd-80b6-4b59-8027-74344e9fba7b: shutdown LeaderElection
2019-11-14 22:49:40,172 [7d8f40ed-fc7e-4283-96c6-8f8f645c1bfe@group-E5CD7693E4BE-LeaderElection166] INFO  impl.RoleInfo (RoleInfo.java:updateAndGet(143)) - 7d8f40ed-fc7e-4283-96c6-8f8f645c1bfe: start FollowerState
2019-11-14 22:49:40,172 [720981dd-80b6-4b59-8027-74344e9fba7b@group-E5CD7693E4BE-LeaderElection165] INFO  impl.RoleInfo (RoleInfo.java:updateAndGet(143)) - 720981dd-80b6-4b59-8027-74344e9fba7b: start FollowerState
2019-11-14 22:49:40,473 [java.util.concurrent.ThreadPoolExecutor$Worker@7b91d9f[State = -1, empty queue]] WARN  server.GrpcLogAppender (GrpcLogAppender.java:timeoutAppendRequest(211)) - 82d9b010-cdd2-48aa-a03f-c52b44e44827@group-F1AED5EE4D6F->c5c819e6-85b2-482d-9128-e8ea2b7ba4a4-GrpcLogAppender: appendEntries Timeout, request=AppendEntriesRequest:cid=30,entriesCount=0,lastEntry=null
2019-11-14 22:49:40,473 [java.util.concurrent.ThreadPoolExecutor$Worker@7b91d9f[State = -1, empty queue]] WARN  server.GrpcLogAppender (GrpcLogAppender.java:timeoutAppendRequest(211)) - 82d9b010-cdd2-48aa-a03f-c52b44e44827@group-F1AED5EE4D6F->df16aec3-050f-40e4-a922-70bdb89d4bf1-GrpcLogAppender: appendEntries Timeout, request=AppendEntriesRequest:cid=30,entriesCount=0,lastEntry=null
2019-11-14 22:49:40,965 [82d9b010-cdd2-48aa-a03f-c52b44e44827@group-F1AED5EE4D6F-SegmentedRaftLogWorker] WARN  segmented.SegmentedRaftLogWorker (SegmentedRaftLogWorker.java:getFromFuture(86)) - Timeout 0/~
org.apache.ratis.protocol.TimeoutIOException: Timeout 10s: WriteLog:1: (t:1, i:1), STATEMACHINELOGENTRY, client-11D44B6858D8, cid=263-writeStateMachineData
	at org.apache.ratis.util.IOUtils.getFromFuture(IOUtils.java:87)
	at org.apache.ratis.server.raftlog.segmented.SegmentedRaftLogWorker$StateMachineDataPolicy.getFromFuture(SegmentedRaftLogWorker.java:83)
	at org.apache.ratis.server.raftlog.segmented.SegmentedRaftLogWorker$WriteLog.execute(SegmentedRaftLogWorker.java:482)
	at org.apache.ratis.server.raftlog.segmented.SegmentedRaftLogWorker.run(SegmentedRaftLogWorker.java:291)
	at java.lang.Thread.run(Thread.java:748)
Caused by: java.util.concurrent.TimeoutException
	at java.util.concurrent.CompletableFuture.timedGet(CompletableFuture.java:1771)
	at java.util.concurrent.CompletableFuture.get(CompletableFuture.java:1915)
	at org.apache.ratis.util.IOUtils.getFromFuture(IOUtils.java:79)
	... 4 more
2019-11-14 22:49:40,969 [c5c819e6-85b2-482d-9128-e8ea2b7ba4a4@group-F1AED5EE4D6F-SegmentedRaftLogWorker] WARN  segmented.SegmentedRaftLogWorker (SegmentedRaftLogWorker.java:getFromFuture(86)) - Timeout 0/~
org.apache.ratis.protocol.TimeoutIOException: Timeout 10s: WriteLog:1: (t:1, i:1), STATEMACHINELOGENTRY, client-11D44B6858D8, cid=263-writeStateMachineData
	at org.apache.ratis.util.IOUtils.getFromFuture(IOUtils.java:87)
	at org.apache.ratis.server.raftlog.segmented.SegmentedRaftLogWorker$StateMachineDataPolicy.getFromFuture(SegmentedRaftLogWorker.java:83)
	at org.apache.ratis.server.raftlog.segmented.SegmentedRaftLogWorker$WriteLog.execute(SegmentedRaftLogWorker.java:482)
	at org.apache.ratis.server.raftlog.segmented.SegmentedRaftLogWorker.run(SegmentedRaftLogWorker.java:291)
	at java.lang.Thread.run(Thread.java:748)
Caused by: java.util.concurrent.TimeoutException
	at java.util.concurrent.CompletableFuture.timedGet(CompletableFuture.java:1771)
	at java.util.concurrent.CompletableFuture.get(CompletableFuture.java:1915)
	at org.apache.ratis.util.IOUtils.getFromFuture(IOUtils.java:79)
	... 4 more
2019-11-14 22:49:40,970 [df16aec3-050f-40e4-a922-70bdb89d4bf1@group-F1AED5EE4D6F-SegmentedRaftLogWorker] WARN  segmented.SegmentedRaftLogWorker (SegmentedRaftLogWorker.java:getFromFuture(86)) - Timeout 0/~
org.apache.ratis.protocol.TimeoutIOException: Timeout 10s: WriteLog:1: (t:1, i:1), STATEMACHINELOGENTRY, client-11D44B6858D8, cid=263-writeStateMachineData
	at org.apache.ratis.util.IOUtils.getFromFuture(IOUtils.java:87)
	at org.apache.ratis.server.raftlog.segmented.SegmentedRaftLogWorker$StateMachineDataPolicy.getFromFuture(SegmentedRaftLogWorker.java:83)
	at org.apache.ratis.server.raftlog.segmented.SegmentedRaftLogWorker$WriteLog.execute(SegmentedRaftLogWorker.java:482)
	at org.apache.ratis.server.raftlog.segmented.SegmentedRaftLogWorker.run(SegmentedRaftLogWorker.java:291)
	at java.lang.Thread.run(Thread.java:748)
Caused by: java.util.concurrent.TimeoutException
	at java.util.concurrent.CompletableFuture.timedGet(CompletableFuture.java:1771)
	at java.util.concurrent.CompletableFuture.get(CompletableFuture.java:1915)
	at org.apache.ratis.util.IOUtils.getFromFuture(IOUtils.java:79)
	... 4 more
2019-11-14 22:49:40,973 [java.util.concurrent.ThreadPoolExecutor$Worker@7b91d9f[State = -1, empty queue]] WARN  server.GrpcLogAppender (GrpcLogAppender.java:timeoutAppendRequest(211)) - 82d9b010-cdd2-48aa-a03f-c52b44e44827@group-F1AED5EE4D6F->c5c819e6-85b2-482d-9128-e8ea2b7ba4a4-GrpcLogAppender: appendEntries Timeout, request=AppendEntriesRequest:cid=31,entriesCount=0,lastEntry=null
2019-11-14 22:49:40,973 [java.util.concurrent.ThreadPoolExecutor$Worker@7b91d9f[State = -1, empty queue]] WARN  server.GrpcLogAppender (GrpcLogAppender.java:timeoutAppendRequest(211)) - 82d9b010-cdd2-48aa-a03f-c52b44e44827@group-F1AED5EE4D6F->df16aec3-050f-40e4-a922-70bdb89d4bf1-GrpcLogAppender: appendEntries Timeout, request=AppendEntriesRequest:cid=31,entriesCount=0,lastEntry=null
2019-11-14 22:49:41,226 [Thread-3875] INFO  impl.FollowerState (FollowerState.java:run(111)) - 7d8f40ed-fc7e-4283-96c6-8f8f645c1bfe@group-E5CD7693E4BE-FollowerState: change to CANDIDATE, lastRpcTime:1053ms, electionTimeout:1053ms
2019-11-14 22:49:41,226 [Thread-3875] INFO  impl.RoleInfo (RoleInfo.java:shutdownFollowerState(121)) - 7d8f40ed-fc7e-4283-96c6-8f8f645c1bfe: shutdown FollowerState
2019-11-14 22:49:41,226 [Thread-3875] INFO  impl.RaftServerImpl (RaftServerImpl.java:setRole(173)) - 7d8f40ed-fc7e-4283-96c6-8f8f645c1bfe@group-E5CD7693E4BE: changes role from  FOLLOWER to CANDIDATE at term 4 for changeToCandidate
2019-11-14 22:49:41,226 [Thread-3875] INFO  impl.RoleInfo (RoleInfo.java:updateAndGet(143)) - 7d8f40ed-fc7e-4283-96c6-8f8f645c1bfe: start LeaderElection
2019-11-14 22:49:41,326 [Thread-3876] INFO  impl.FollowerState (FollowerState.java:run(111)) - 720981dd-80b6-4b59-8027-74344e9fba7b@group-E5CD7693E4BE-FollowerState: change to CANDIDATE, lastRpcTime:1153ms, electionTimeout:1153ms
2019-11-14 22:49:41,326 [Thread-3876] INFO  impl.RoleInfo (RoleInfo.java:shutdownFollowerState(121)) - 720981dd-80b6-4b59-8027-74344e9fba7b: shutdown FollowerState
2019-11-14 22:49:41,326 [Thread-3876] INFO  impl.RaftServerImpl (RaftServerImpl.java:setRole(173)) - 720981dd-80b6-4b59-8027-74344e9fba7b@group-E5CD7693E4BE: changes role from  FOLLOWER to CANDIDATE at term 4 for changeToCandidate
2019-11-14 22:49:41,326 [Thread-3876] INFO  impl.RoleInfo (RoleInfo.java:updateAndGet(143)) - 720981dd-80b6-4b59-8027-74344e9fba7b: start LeaderElection
2019-11-14 22:49:41,473 [java.util.concurrent.ThreadPoolExecutor$Worker@7b91d9f[State = -1, empty queue]] WARN  server.GrpcLogAppender (GrpcLogAppender.java:timeoutAppendRequest(211)) - 82d9b010-cdd2-48aa-a03f-c52b44e44827@group-F1AED5EE4D6F->c5c819e6-85b2-482d-9128-e8ea2b7ba4a4-GrpcLogAppender: appendEntries Timeout, request=AppendEntriesRequest:cid=32,entriesCount=0,lastEntry=null
2019-11-14 22:49:41,473 [java.util.concurrent.ThreadPoolExecutor$Worker@7b91d9f[State = -1, empty queue]] WARN  server.GrpcLogAppender (GrpcLogAppender.java:timeoutAppendRequest(211)) - 82d9b010-cdd2-48aa-a03f-c52b44e44827@group-F1AED5EE4D6F->df16aec3-050f-40e4-a922-70bdb89d4bf1-GrpcLogAppender: appendEntries Timeout, request=AppendEntriesRequest:cid=32,entriesCount=0,lastEntry=null
2019-11-14 22:49:41,973 [java.util.concurrent.ThreadPoolExecutor$Worker@4a3ca3ad[State = -1, empty queue]] WARN  server.GrpcLogAppender (GrpcLogAppender.java:timeoutAppendRequest(211)) - 82d9b010-cdd2-48aa-a03f-c52b44e44827@group-F1AED5EE4D6F->c5c819e6-85b2-482d-9128-e8ea2b7ba4a4-GrpcLogAppender: appendEntries Timeout, request=AppendEntriesRequest:cid=33,entriesCount=0,lastEntry=null
2019-11-14 22:49:41,974 [java.util.concurrent.ThreadPoolExecutor$Worker@4a3ca3ad[State = -1, empty queue]] WARN  server.GrpcLogAppender (GrpcLogAppender.java:timeoutAppendRequest(211)) - 82d9b010-cdd2-48aa-a03f-c52b44e44827@group-F1AED5EE4D6F->df16aec3-050f-40e4-a922-70bdb89d4bf1-GrpcLogAppender: appendEntries Timeout, request=AppendEntriesRequest:cid=33,entriesCount=0,lastEntry=null
2019-11-14 22:49:42,474 [java.util.concurrent.ThreadPoolExecutor$Worker@4a3ca3ad[State = -1, empty queue]] WARN  server.GrpcLogAppender (GrpcLogAppender.java:timeoutAppendRequest(211)) - 82d9b010-cdd2-48aa-a03f-c52b44e44827@group-F1AED5EE4D6F->c5c819e6-85b2-482d-9128-e8ea2b7ba4a4-GrpcLogAppender: appendEntries Timeout, request=AppendEntriesRequest:cid=34,entriesCount=0,lastEntry=null
2019-11-14 22:49:42,474 [java.util.concurrent.ThreadPoolExecutor$Worker@4a3ca3ad[State = -1, empty queue]] WARN  server.GrpcLogAppender (GrpcLogAppender.java:timeoutAppendRequest(211)) - 82d9b010-cdd2-48aa-a03f-c52b44e44827@group-F1AED5EE4D6F->df16aec3-050f-40e4-a922-70bdb89d4bf1-GrpcLogAppender: appendEntries Timeout, request=AppendEntriesRequest:cid=34,entriesCount=0,lastEntry=null
2019-11-14 22:49:42,976 [java.util.concurrent.ThreadPoolExecutor$Worker@4a3ca3ad[State = -1, empty queue]] WARN  server.GrpcLogAppender (GrpcLogAppender.java:timeoutAppendRequest(211)) - 82d9b010-cdd2-48aa-a03f-c52b44e44827@group-F1AED5EE4D6F->df16aec3-050f-40e4-a922-70bdb89d4bf1-GrpcLogAppender: appendEntries Timeout, request=AppendEntriesRequest:cid=35,entriesCount=0,lastEntry=null
2019-11-14 22:49:42,977 [java.util.concurrent.ThreadPoolExecutor$Worker@4a3ca3ad[State = -1, empty queue]] WARN  server.GrpcLogAppender (GrpcLogAppender.java:timeoutAppendRequest(211)) - 82d9b010-cdd2-48aa-a03f-c52b44e44827@group-F1AED5EE4D6F->c5c819e6-85b2-482d-9128-e8ea2b7ba4a4-GrpcLogAppender: appendEntries Timeout, request=AppendEntriesRequest:cid=35,entriesCount=0,lastEntry=null
2019-11-14 22:49:45,080 [7d8f40ed-fc7e-4283-96c6-8f8f645c1bfe@group-E5CD7693E4BE-LeaderElection167] INFO  impl.LeaderElection (LeaderElection.java:askForVotes(178)) - 7d8f40ed-fc7e-4283-96c6-8f8f645c1bfe@group-E5CD7693E4BE-LeaderElection167: begin an election at term 5 for 0: [58f72cb5-8974-4d0e-9564-cfe3e68dc671:192.168.69.106:42937, 720981dd-80b6-4b59-8027-74344e9fba7b:192.168.69.106:33190, 7d8f40ed-fc7e-4283-96c6-8f8f645c1bfe:192.168.69.106:40228], old=null
2019-11-14 22:49:45,080 [720981dd-80b6-4b59-8027-74344e9fba7b@group-E5CD7693E4BE-LeaderElection168] INFO  impl.LeaderElection (LeaderElection.java:askForVotes(178)) - 720981dd-80b6-4b59-8027-74344e9fba7b@group-E5CD7693E4BE-LeaderElection168: begin an election at term 5 for 0: [58f72cb5-8974-4d0e-9564-cfe3e68dc671:192.168.69.106:42937, 720981dd-80b6-4b59-8027-74344e9fba7b:192.168.69.106:33190, 7d8f40ed-fc7e-4283-96c6-8f8f645c1bfe:192.168.69.106:40228], old=null
2019-11-14 22:49:45,081 [7d8f40ed-fc7e-4283-96c6-8f8f645c1bfe@group-E5CD7693E4BE-LeaderElection167] INFO  impl.LeaderElection (LogUtils.java:infoOrTrace(149)) - 7d8f40ed-fc7e-4283-96c6-8f8f645c1bfe@group-E5CD7693E4BE-LeaderElection167 got exception when requesting votes: {}
java.util.concurrent.ExecutionException: org.apache.ratis.thirdparty.io.grpc.StatusRuntimeException: UNAVAILABLE: io exception
	at java.util.concurrent.FutureTask.report(FutureTask.java:122)
	at java.util.concurrent.FutureTask.get(FutureTask.java:192)
	at org.apache.ratis.server.impl.LeaderElection.waitForResults(LeaderElection.java:259)
	at org.apache.ratis.server.impl.LeaderElection.askForVotes(LeaderElection.java:197)
	at org.apache.ratis.server.impl.LeaderElection.run(LeaderElection.java:133)
	at java.lang.Thread.run(Thread.java:748)
Caused by: org.apache.ratis.thirdparty.io.grpc.StatusRuntimeException: UNAVAILABLE: io exception
	at org.apache.ratis.thirdparty.io.grpc.stub.ClientCalls.toStatusRuntimeException(ClientCalls.java:233)
	at org.apache.ratis.thirdparty.io.grpc.stub.ClientCalls.getUnchecked(ClientCalls.java:214)
	at org.apache.ratis.thirdparty.io.grpc.stub.ClientCalls.blockingUnaryCall(ClientCalls.java:139)
	at org.apache.ratis.proto.grpc.RaftServerProtocolServiceGrpc$RaftServerProtocolServiceBlockingStub.requestVote(RaftServerProtocolServiceGrpc.java:265)
	at org.apache.ratis.grpc.server.GrpcServerProtocolClient.requestVote(GrpcServerProtocolClient.java:99)
	at org.apache.ratis.grpc.server.GrpcService.requestVote(GrpcService.java:204)
	at org.apache.ratis.server.impl.LeaderElection.lambda$submitRequests$1(LeaderElection.java:234)
	at java.util.concurrent.FutureTask.run(FutureTask.java:266)
	at java.util.concurrent.Executors$RunnableAdapter.call(Executors.java:511)
	at java.util.concurrent.FutureTask.run(FutureTask.java:266)
	at java.util.concurrent.ThreadPoolExecutor.runWorker(ThreadPoolExecutor.java:1149)
	at java.util.concurrent.ThreadPoolExecutor$Worker.run(ThreadPoolExecutor.java:624)
	... 1 more
Caused by: org.apache.ratis.thirdparty.io.netty.channel.AbstractChannel$AnnotatedConnectException: Connection refused: /192.168.69.106:42937
	at sun.nio.ch.SocketChannelImpl.checkConnect(Native Method)
	at sun.nio.ch.SocketChannelImpl.finishConnect(SocketChannelImpl.java:717)
	at org.apache.ratis.thirdparty.io.netty.channel.socket.nio.NioSocketChannel.doFinishConnect(NioSocketChannel.java:327)
	at org.apache.ratis.thirdparty.io.netty.channel.nio.AbstractNioChannel$AbstractNioUnsafe.finishConnect(AbstractNioChannel.java:340)
	at org.apache.ratis.thirdparty.io.netty.channel.nio.NioEventLoop.processSelectedKey(NioEventLoop.java:632)
	at org.apache.ratis.thirdparty.io.netty.channel.nio.NioEventLoop.processSelectedKeysOptimized(NioEventLoop.java:579)
	at org.apache.ratis.thirdparty.io.netty.channel.nio.NioEventLoop.processSelectedKeys(NioEventLoop.java:496)
	at org.apache.ratis.thirdparty.io.netty.channel.nio.NioEventLoop.run(NioEventLoop.java:458)
	at org.apache.ratis.thirdparty.io.netty.util.concurrent.SingleThreadEventExecutor$5.run(SingleThreadEventExecutor.java:897)
	at org.apache.ratis.thirdparty.io.netty.util.concurrent.FastThreadLocalRunnable.run(FastThreadLocalRunnable.java:30)
	... 1 more
Caused by: java.net.ConnectException: Connection refused
	... 11 more
2019-11-14 22:49:45,081 [720981dd-80b6-4b59-8027-74344e9fba7b@group-E5CD7693E4BE-LeaderElection168] INFO  impl.LeaderElection (LogUtils.java:infoOrTrace(149)) - 720981dd-80b6-4b59-8027-74344e9fba7b@group-E5CD7693E4BE-LeaderElection168 got exception when requesting votes: {}
java.util.concurrent.ExecutionException: org.apache.ratis.thirdparty.io.grpc.StatusRuntimeException: UNAVAILABLE: io exception
	at java.util.concurrent.FutureTask.report(FutureTask.java:122)
	at java.util.concurrent.FutureTask.get(FutureTask.java:192)
	at org.apache.ratis.server.impl.LeaderElection.waitForResults(LeaderElection.java:259)
	at org.apache.ratis.server.impl.LeaderElection.askForVotes(LeaderElection.java:197)
	at org.apache.ratis.server.impl.LeaderElection.run(LeaderElection.java:133)
	at java.lang.Thread.run(Thread.java:748)
Caused by: org.apache.ratis.thirdparty.io.grpc.StatusRuntimeException: UNAVAILABLE: io exception
	at org.apache.ratis.thirdparty.io.grpc.stub.ClientCalls.toStatusRuntimeException(ClientCalls.java:233)
	at org.apache.ratis.thirdparty.io.grpc.stub.ClientCalls.getUnchecked(ClientCalls.java:214)
	at org.apache.ratis.thirdparty.io.grpc.stub.ClientCalls.blockingUnaryCall(ClientCalls.java:139)
	at org.apache.ratis.proto.grpc.RaftServerProtocolServiceGrpc$RaftServerProtocolServiceBlockingStub.requestVote(RaftServerProtocolServiceGrpc.java:265)
	at org.apache.ratis.grpc.server.GrpcServerProtocolClient.requestVote(GrpcServerProtocolClient.java:99)
	at org.apache.ratis.grpc.server.GrpcService.requestVote(GrpcService.java:204)
	at org.apache.ratis.server.impl.LeaderElection.lambda$submitRequests$1(LeaderElection.java:234)
	at java.util.concurrent.FutureTask.run(FutureTask.java:266)
	at java.util.concurrent.Executors$RunnableAdapter.call(Executors.java:511)
	at java.util.concurrent.FutureTask.run(FutureTask.java:266)
	at java.util.concurrent.ThreadPoolExecutor.runWorker(ThreadPoolExecutor.java:1149)
	at java.util.concurrent.ThreadPoolExecutor$Worker.run(ThreadPoolExecutor.java:624)
	... 1 more
Caused by: org.apache.ratis.thirdparty.io.netty.channel.AbstractChannel$AnnotatedConnectException: Connection refused: /192.168.69.106:42937
	at sun.nio.ch.SocketChannelImpl.checkConnect(Native Method)
	at sun.nio.ch.SocketChannelImpl.finishConnect(SocketChannelImpl.java:717)
	at org.apache.ratis.thirdparty.io.netty.channel.socket.nio.NioSocketChannel.doFinishConnect(NioSocketChannel.java:327)
	at org.apache.ratis.thirdparty.io.netty.channel.nio.AbstractNioChannel$AbstractNioUnsafe.finishConnect(AbstractNioChannel.java:340)
	at org.apache.ratis.thirdparty.io.netty.channel.nio.NioEventLoop.processSelectedKey(NioEventLoop.java:632)
	at org.apache.ratis.thirdparty.io.netty.channel.nio.NioEventLoop.processSelectedKeysOptimized(NioEventLoop.java:579)
	at org.apache.ratis.thirdparty.io.netty.channel.nio.NioEventLoop.processSelectedKeys(NioEventLoop.java:496)
	at org.apache.ratis.thirdparty.io.netty.channel.nio.NioEventLoop.run(NioEventLoop.java:458)
	at org.apache.ratis.thirdparty.io.netty.util.concurrent.SingleThreadEventExecutor$5.run(SingleThreadEventExecutor.java:897)
	at org.apache.ratis.thirdparty.io.netty.util.concurrent.FastThreadLocalRunnable.run(FastThreadLocalRunnable.java:30)
	... 1 more
Caused by: java.net.ConnectException: Connection refused
	... 11 more
2019-11-14 22:49:45,084 [7d8f40ed-fc7e-4283-96c6-8f8f645c1bfe@group-E5CD7693E4BE-LeaderElection167] INFO  impl.LeaderElection (LeaderElection.java:logAndReturn(56)) - 7d8f40ed-fc7e-4283-96c6-8f8f645c1bfe@group-E5CD7693E4BE-LeaderElection167: Election REJECTED; received 1 response(s) [7d8f40ed-fc7e-4283-96c6-8f8f645c1bfe<-720981dd-80b6-4b59-8027-74344e9fba7b#0:FAIL-t5] and 1 exception(s); 7d8f40ed-fc7e-4283-96c6-8f8f645c1bfe@group-E5CD7693E4BE:t5, leader=null, voted=7d8f40ed-fc7e-4283-96c6-8f8f645c1bfe, raftlog=7d8f40ed-fc7e-4283-96c6-8f8f645c1bfe@group-E5CD7693E4BE-SegmentedRaftLog:OPENED:c0,f0,i0, conf=0: [58f72cb5-8974-4d0e-9564-cfe3e68dc671:192.168.69.106:42937, 720981dd-80b6-4b59-8027-74344e9fba7b:192.168.69.106:33190, 7d8f40ed-fc7e-4283-96c6-8f8f645c1bfe:192.168.69.106:40228], old=null
2019-11-14 22:49:45,084 [720981dd-80b6-4b59-8027-74344e9fba7b@group-E5CD7693E4BE-LeaderElection168] INFO  impl.LeaderElection (LeaderElection.java:logAndReturn(56)) - 720981dd-80b6-4b59-8027-74344e9fba7b@group-E5CD7693E4BE-LeaderElection168: Election REJECTED; received 1 response(s) [720981dd-80b6-4b59-8027-74344e9fba7b<-7d8f40ed-fc7e-4283-96c6-8f8f645c1bfe#0:FAIL-t5] and 1 exception(s); 720981dd-80b6-4b59-8027-74344e9fba7b@group-E5CD7693E4BE:t5, leader=null, voted=720981dd-80b6-4b59-8027-74344e9fba7b, raftlog=720981dd-80b6-4b59-8027-74344e9fba7b@group-E5CD7693E4BE-SegmentedRaftLog:OPENED:c0,f0,i0, conf=0: [58f72cb5-8974-4d0e-9564-cfe3e68dc671:192.168.69.106:42937, 720981dd-80b6-4b59-8027-74344e9fba7b:192.168.69.106:33190, 7d8f40ed-fc7e-4283-96c6-8f8f645c1bfe:192.168.69.106:40228], old=null
2019-11-14 22:49:45,084 [7d8f40ed-fc7e-4283-96c6-8f8f645c1bfe@group-E5CD7693E4BE-LeaderElection167] INFO  impl.LeaderElection (LogUtils.java:infoOrTrace(149)) -   Exception 0: {}
java.util.concurrent.ExecutionException: org.apache.ratis.thirdparty.io.grpc.StatusRuntimeException: UNAVAILABLE: io exception
	at java.util.concurrent.FutureTask.report(FutureTask.java:122)
	at java.util.concurrent.FutureTask.get(FutureTask.java:192)
	at org.apache.ratis.server.impl.LeaderElection.waitForResults(LeaderElection.java:259)
	at org.apache.ratis.server.impl.LeaderElection.askForVotes(LeaderElection.java:197)
	at org.apache.ratis.server.impl.LeaderElection.run(LeaderElection.java:133)
	at java.lang.Thread.run(Thread.java:748)
Caused by: org.apache.ratis.thirdparty.io.grpc.StatusRuntimeException: UNAVAILABLE: io exception
	at org.apache.ratis.thirdparty.io.grpc.stub.ClientCalls.toStatusRuntimeException(ClientCalls.java:233)
	at org.apache.ratis.thirdparty.io.grpc.stub.ClientCalls.getUnchecked(ClientCalls.java:214)
	at org.apache.ratis.thirdparty.io.grpc.stub.ClientCalls.blockingUnaryCall(ClientCalls.java:139)
	at org.apache.ratis.proto.grpc.RaftServerProtocolServiceGrpc$RaftServerProtocolServiceBlockingStub.requestVote(RaftServerProtocolServiceGrpc.java:265)
	at org.apache.ratis.grpc.server.GrpcServerProtocolClient.requestVote(GrpcServerProtocolClient.java:99)
	at org.apache.ratis.grpc.server.GrpcService.requestVote(GrpcService.java:204)
	at org.apache.ratis.server.impl.LeaderElection.lambda$submitRequests$1(LeaderElection.java:234)
	at java.util.concurrent.FutureTask.run(FutureTask.java:266)
	at java.util.concurrent.Executors$RunnableAdapter.call(Executors.java:511)
	at java.util.concurrent.FutureTask.run(FutureTask.java:266)
	at java.util.concurrent.ThreadPoolExecutor.runWorker(ThreadPoolExecutor.java:1149)
	at java.util.concurrent.ThreadPoolExecutor$Worker.run(ThreadPoolExecutor.java:624)
	... 1 more
Caused by: org.apache.ratis.thirdparty.io.netty.channel.AbstractChannel$AnnotatedConnectException: Connection refused: /192.168.69.106:42937
	at sun.nio.ch.SocketChannelImpl.checkConnect(Native Method)
	at sun.nio.ch.SocketChannelImpl.finishConnect(SocketChannelImpl.java:717)
	at org.apache.ratis.thirdparty.io.netty.channel.socket.nio.NioSocketChannel.doFinishConnect(NioSocketChannel.java:327)
	at org.apache.ratis.thirdparty.io.netty.channel.nio.AbstractNioChannel$AbstractNioUnsafe.finishConnect(AbstractNioChannel.java:340)
	at org.apache.ratis.thirdparty.io.netty.channel.nio.NioEventLoop.processSelectedKey(NioEventLoop.java:632)
	at org.apache.ratis.thirdparty.io.netty.channel.nio.NioEventLoop.processSelectedKeysOptimized(NioEventLoop.java:579)
	at org.apache.ratis.thirdparty.io.netty.channel.nio.NioEventLoop.processSelectedKeys(NioEventLoop.java:496)
	at org.apache.ratis.thirdparty.io.netty.channel.nio.NioEventLoop.run(NioEventLoop.java:458)
	at org.apache.ratis.thirdparty.io.netty.util.concurrent.SingleThreadEventExecutor$5.run(SingleThreadEventExecutor.java:897)
	at org.apache.ratis.thirdparty.io.netty.util.concurrent.FastThreadLocalRunnable.run(FastThreadLocalRunnable.java:30)
	... 1 more
Caused by: java.net.ConnectException: Connection refused
	... 11 more
2019-11-14 22:49:45,084 [720981dd-80b6-4b59-8027-74344e9fba7b@group-E5CD7693E4BE-LeaderElection168] INFO  impl.LeaderElection (LogUtils.java:infoOrTrace(149)) -   Exception 0: {}
java.util.concurrent.ExecutionException: org.apache.ratis.thirdparty.io.grpc.StatusRuntimeException: UNAVAILABLE: io exception
	at java.util.concurrent.FutureTask.report(FutureTask.java:122)
	at java.util.concurrent.FutureTask.get(FutureTask.java:192)
	at org.apache.ratis.server.impl.LeaderElection.waitForResults(LeaderElection.java:259)
	at org.apache.ratis.server.impl.LeaderElection.askForVotes(LeaderElection.java:197)
	at org.apache.ratis.server.impl.LeaderElection.run(LeaderElection.java:133)
	at java.lang.Thread.run(Thread.java:748)
Caused by: org.apache.ratis.thirdparty.io.grpc.StatusRuntimeException: UNAVAILABLE: io exception
	at org.apache.ratis.thirdparty.io.grpc.stub.ClientCalls.toStatusRuntimeException(ClientCalls.java:233)
	at org.apache.ratis.thirdparty.io.grpc.stub.ClientCalls.getUnchecked(ClientCalls.java:214)
	at org.apache.ratis.thirdparty.io.grpc.stub.ClientCalls.blockingUnaryCall(ClientCalls.java:139)
	at org.apache.ratis.proto.grpc.RaftServerProtocolServiceGrpc$RaftServerProtocolServiceBlockingStub.requestVote(RaftServerProtocolServiceGrpc.java:265)
	at org.apache.ratis.grpc.server.GrpcServerProtocolClient.requestVote(GrpcServerProtocolClient.java:99)
	at org.apache.ratis.grpc.server.GrpcService.requestVote(GrpcService.java:204)
	at org.apache.ratis.server.impl.LeaderElection.lambda$submitRequests$1(LeaderElection.java:234)
	at java.util.concurrent.FutureTask.run(FutureTask.java:266)
	at java.util.concurrent.Executors$RunnableAdapter.call(Executors.java:511)
	at java.util.concurrent.FutureTask.run(FutureTask.java:266)
	at java.util.concurrent.ThreadPoolExecutor.runWorker(ThreadPoolExecutor.java:1149)
	at java.util.concurrent.ThreadPoolExecutor$Worker.run(ThreadPoolExecutor.java:624)
	... 1 more
Caused by: org.apache.ratis.thirdparty.io.netty.channel.AbstractChannel$AnnotatedConnectException: Connection refused: /192.168.69.106:42937
	at sun.nio.ch.SocketChannelImpl.checkConnect(Native Method)
	at sun.nio.ch.SocketChannelImpl.finishConnect(SocketChannelImpl.java:717)
	at org.apache.ratis.thirdparty.io.netty.channel.socket.nio.NioSocketChannel.doFinishConnect(NioSocketChannel.java:327)
	at org.apache.ratis.thirdparty.io.netty.channel.nio.AbstractNioChannel$AbstractNioUnsafe.finishConnect(AbstractNioChannel.java:340)
	at org.apache.ratis.thirdparty.io.netty.channel.nio.NioEventLoop.processSelectedKey(NioEventLoop.java:632)
	at org.apache.ratis.thirdparty.io.netty.channel.nio.NioEventLoop.processSelectedKeysOptimized(NioEventLoop.java:579)
	at org.apache.ratis.thirdparty.io.netty.channel.nio.NioEventLoop.processSelectedKeys(NioEventLoop.java:496)
	at org.apache.ratis.thirdparty.io.netty.channel.nio.NioEventLoop.run(NioEventLoop.java:458)
	at org.apache.ratis.thirdparty.io.netty.util.concurrent.SingleThreadEventExecutor$5.run(SingleThreadEventExecutor.java:897)
	at org.apache.ratis.thirdparty.io.netty.util.concurrent.FastThreadLocalRunnable.run(FastThreadLocalRunnable.java:30)
	... 1 more
Caused by: java.net.ConnectException: Connection refused
	... 11 more
2019-11-14 22:49:45,084 [7d8f40ed-fc7e-4283-96c6-8f8f645c1bfe@group-E5CD7693E4BE-LeaderElection167] INFO  impl.RaftServerImpl (RaftServerImpl.java:setRole(173)) - 7d8f40ed-fc7e-4283-96c6-8f8f645c1bfe@group-E5CD7693E4BE: changes role from CANDIDATE to FOLLOWER at term 5 for DISCOVERED_A_NEW_TERM
2019-11-14 22:49:45,085 [720981dd-80b6-4b59-8027-74344e9fba7b@group-E5CD7693E4BE-LeaderElection168] INFO  impl.RaftServerImpl (RaftServerImpl.java:setRole(173)) - 720981dd-80b6-4b59-8027-74344e9fba7b@group-E5CD7693E4BE: changes role from CANDIDATE to FOLLOWER at term 5 for DISCOVERED_A_NEW_TERM
2019-11-14 22:49:45,085 [7d8f40ed-fc7e-4283-96c6-8f8f645c1bfe@group-E5CD7693E4BE-LeaderElection167] INFO  impl.RoleInfo (RoleInfo.java:shutdownLeaderElection(134)) - 7d8f40ed-fc7e-4283-96c6-8f8f645c1bfe: shutdown LeaderElection
2019-11-14 22:49:45,085 [720981dd-80b6-4b59-8027-74344e9fba7b@group-E5CD7693E4BE-LeaderElection168] INFO  impl.RoleInfo (RoleInfo.java:shutdownLeaderElection(134)) - 720981dd-80b6-4b59-8027-74344e9fba7b: shutdown LeaderElection
2019-11-14 22:49:45,085 [7d8f40ed-fc7e-4283-96c6-8f8f645c1bfe@group-E5CD7693E4BE-LeaderElection167] INFO  impl.RoleInfo (RoleInfo.java:updateAndGet(143)) - 7d8f40ed-fc7e-4283-96c6-8f8f645c1bfe: start FollowerState
2019-11-14 22:49:45,085 [720981dd-80b6-4b59-8027-74344e9fba7b@group-E5CD7693E4BE-LeaderElection168] INFO  impl.RoleInfo (RoleInfo.java:updateAndGet(143)) - 720981dd-80b6-4b59-8027-74344e9fba7b: start FollowerState
2019-11-14 22:49:46,146 [Thread-3924] INFO  impl.FollowerState (FollowerState.java:run(111)) - 720981dd-80b6-4b59-8027-74344e9fba7b@group-E5CD7693E4BE-FollowerState: change to CANDIDATE, lastRpcTime:1060ms, electionTimeout:1060ms
2019-11-14 22:49:46,146 [Thread-3924] INFO  impl.RoleInfo (RoleInfo.java:shutdownFollowerState(121)) - 720981dd-80b6-4b59-8027-74344e9fba7b: shutdown FollowerState
2019-11-14 22:49:46,146 [Thread-3924] INFO  impl.RaftServerImpl (RaftServerImpl.java:setRole(173)) - 720981dd-80b6-4b59-8027-74344e9fba7b@group-E5CD7693E4BE: changes role from  FOLLOWER to CANDIDATE at term 5 for changeToCandidate
2019-11-14 22:49:46,146 [Thread-3924] INFO  impl.RoleInfo (RoleInfo.java:updateAndGet(143)) - 720981dd-80b6-4b59-8027-74344e9fba7b: start LeaderElection
2019-11-14 22:49:46,219 [Thread-3923] INFO  impl.FollowerState (FollowerState.java:run(111)) - 7d8f40ed-fc7e-4283-96c6-8f8f645c1bfe@group-E5CD7693E4BE-FollowerState: change to CANDIDATE, lastRpcTime:1133ms, electionTimeout:1133ms
2019-11-14 22:49:46,219 [Thread-3923] INFO  impl.RoleInfo (RoleInfo.java:shutdownFollowerState(121)) - 7d8f40ed-fc7e-4283-96c6-8f8f645c1bfe: shutdown FollowerState
2019-11-14 22:49:46,219 [Thread-3923] INFO  impl.RaftServerImpl (RaftServerImpl.java:setRole(173)) - 7d8f40ed-fc7e-4283-96c6-8f8f645c1bfe@group-E5CD7693E4BE: changes role from  FOLLOWER to CANDIDATE at term 5 for changeToCandidate
2019-11-14 22:49:46,219 [Thread-3923] INFO  impl.RoleInfo (RoleInfo.java:updateAndGet(143)) - 7d8f40ed-fc7e-4283-96c6-8f8f645c1bfe: start LeaderElection
2019-11-14 22:49:47,994 [java.util.concurrent.ThreadPoolExecutor$Worker@44224848[State = -1, empty queue]] WARN  server.GrpcLogAppender (GrpcLogAppender.java:timeoutAppendRequest(211)) - 82d9b010-cdd2-48aa-a03f-c52b44e44827@group-F1AED5EE4D6F->c5c819e6-85b2-482d-9128-e8ea2b7ba4a4-GrpcLogAppender: appendEntries Timeout, request=AppendEntriesRequest:cid=36,entriesCount=0,lastEntry=null
2019-11-14 22:49:47,995 [java.util.concurrent.ThreadPoolExecutor$Worker@44224848[State = -1, empty queue]] WARN  server.GrpcLogAppender (GrpcLogAppender.java:timeoutAppendRequest(211)) - 82d9b010-cdd2-48aa-a03f-c52b44e44827@group-F1AED5EE4D6F->df16aec3-050f-40e4-a922-70bdb89d4bf1-GrpcLogAppender: appendEntries Timeout, request=AppendEntriesRequest:cid=36,entriesCount=0,lastEntry=null
2019-11-14 22:49:47,995 [java.util.concurrent.ThreadPoolExecutor$Worker@44224848[State = -1, empty queue]] WARN  server.GrpcLogAppender (GrpcLogAppender.java:timeoutAppendRequest(211)) - 82d9b010-cdd2-48aa-a03f-c52b44e44827@group-F1AED5EE4D6F->df16aec3-050f-40e4-a922-70bdb89d4bf1-GrpcLogAppender: appendEntries Timeout, request=AppendEntriesRequest:cid=37,entriesCount=0,lastEntry=null
2019-11-14 22:49:47,995 [java.util.concurrent.ThreadPoolExecutor$Worker@44224848[State = -1, empty queue]] WARN  server.GrpcLogAppender (GrpcLogAppender.java:timeoutAppendRequest(211)) - 82d9b010-cdd2-48aa-a03f-c52b44e44827@group-F1AED5EE4D6F->c5c819e6-85b2-482d-9128-e8ea2b7ba4a4-GrpcLogAppender: appendEntries Timeout, request=AppendEntriesRequest:cid=37,entriesCount=0,lastEntry=null
2019-11-14 22:49:47,995 [java.util.concurrent.ThreadPoolExecutor$Worker@44224848[State = -1, empty queue]] WARN  server.GrpcLogAppender (GrpcLogAppender.java:timeoutAppendRequest(211)) - 82d9b010-cdd2-48aa-a03f-c52b44e44827@group-F1AED5EE4D6F->df16aec3-050f-40e4-a922-70bdb89d4bf1-GrpcLogAppender: appendEntries Timeout, request=AppendEntriesRequest:cid=38,entriesCount=0,lastEntry=null
2019-11-14 22:49:47,995 [java.util.concurrent.ThreadPoolExecutor$Worker@44224848[State = -1, empty queue]] WARN  server.GrpcLogAppender (GrpcLogAppender.java:timeoutAppendRequest(211)) - 82d9b010-cdd2-48aa-a03f-c52b44e44827@group-F1AED5EE4D6F->c5c819e6-85b2-482d-9128-e8ea2b7ba4a4-GrpcLogAppender: appendEntries Timeout, request=AppendEntriesRequest:cid=38,entriesCount=0,lastEntry=null
2019-11-14 22:49:47,995 [java.util.concurrent.ThreadPoolExecutor$Worker@44224848[State = -1, empty queue]] WARN  server.GrpcLogAppender (GrpcLogAppender.java:timeoutAppendRequest(211)) - 82d9b010-cdd2-48aa-a03f-c52b44e44827@group-F1AED5EE4D6F->df16aec3-050f-40e4-a922-70bdb89d4bf1-GrpcLogAppender: appendEntries Timeout, request=AppendEntriesRequest:cid=39,entriesCount=0,lastEntry=null
2019-11-14 22:49:47,995 [java.util.concurrent.ThreadPoolExecutor$Worker@44224848[State = -1, empty queue]] WARN  server.GrpcLogAppender (GrpcLogAppender.java:timeoutAppendRequest(211)) - 82d9b010-cdd2-48aa-a03f-c52b44e44827@group-F1AED5EE4D6F->c5c819e6-85b2-482d-9128-e8ea2b7ba4a4-GrpcLogAppender: appendEntries Timeout, request=AppendEntriesRequest:cid=39,entriesCount=0,lastEntry=null
2019-11-14 22:49:47,995 [java.util.concurrent.ThreadPoolExecutor$Worker@44224848[State = -1, empty queue]] WARN  server.GrpcLogAppender (GrpcLogAppender.java:timeoutAppendRequest(211)) - 82d9b010-cdd2-48aa-a03f-c52b44e44827@group-F1AED5EE4D6F->df16aec3-050f-40e4-a922-70bdb89d4bf1-GrpcLogAppender: appendEntries Timeout, request=AppendEntriesRequest:cid=40,entriesCount=0,lastEntry=null
2019-11-14 22:49:47,996 [java.util.concurrent.ThreadPoolExecutor$Worker@44224848[State = -1, empty queue]] WARN  server.GrpcLogAppender (GrpcLogAppender.java:timeoutAppendRequest(211)) - 82d9b010-cdd2-48aa-a03f-c52b44e44827@group-F1AED5EE4D6F->c5c819e6-85b2-482d-9128-e8ea2b7ba4a4-GrpcLogAppender: appendEntries Timeout, request=AppendEntriesRequest:cid=40,entriesCount=0,lastEntry=null
2019-11-14 22:49:47,996 [java.util.concurrent.ThreadPoolExecutor$Worker@44224848[State = -1, empty queue]] WARN  server.GrpcLogAppender (GrpcLogAppender.java:timeoutAppendRequest(211)) - 82d9b010-cdd2-48aa-a03f-c52b44e44827@group-F1AED5EE4D6F->df16aec3-050f-40e4-a922-70bdb89d4bf1-GrpcLogAppender: appendEntries Timeout, request=AppendEntriesRequest:cid=41,entriesCount=0,lastEntry=null
2019-11-14 22:49:47,996 [java.util.concurrent.ThreadPoolExecutor$Worker@44224848[State = -1, empty queue]] WARN  server.GrpcLogAppender (GrpcLogAppender.java:timeoutAppendRequest(211)) - 82d9b010-cdd2-48aa-a03f-c52b44e44827@group-F1AED5EE4D6F->c5c819e6-85b2-482d-9128-e8ea2b7ba4a4-GrpcLogAppender: appendEntries Timeout, request=AppendEntriesRequest:cid=41,entriesCount=0,lastEntry=null
2019-11-14 22:49:47,996 [java.util.concurrent.ThreadPoolExecutor$Worker@44224848[State = -1, empty queue]] WARN  server.GrpcLogAppender (GrpcLogAppender.java:timeoutAppendRequest(211)) - 82d9b010-cdd2-48aa-a03f-c52b44e44827@group-F1AED5EE4D6F->df16aec3-050f-40e4-a922-70bdb89d4bf1-GrpcLogAppender: appendEntries Timeout, request=AppendEntriesRequest:cid=42,entriesCount=0,lastEntry=null
2019-11-14 22:49:47,996 [java.util.concurrent.ThreadPoolExecutor$Worker@44224848[State = -1, empty queue]] WARN  server.GrpcLogAppender (GrpcLogAppender.java:timeoutAppendRequest(211)) - 82d9b010-cdd2-48aa-a03f-c52b44e44827@group-F1AED5EE4D6F->c5c819e6-85b2-482d-9128-e8ea2b7ba4a4-GrpcLogAppender: appendEntries Timeout, request=AppendEntriesRequest:cid=42,entriesCount=0,lastEntry=null
2019-11-14 22:49:47,996 [java.util.concurrent.ThreadPoolExecutor$Worker@44224848[State = -1, empty queue]] WARN  server.GrpcLogAppender (GrpcLogAppender.java:timeoutAppendRequest(211)) - 82d9b010-cdd2-48aa-a03f-c52b44e44827@group-F1AED5EE4D6F->df16aec3-050f-40e4-a922-70bdb89d4bf1-GrpcLogAppender: appendEntries Timeout, request=AppendEntriesRequest:cid=43,entriesCount=0,lastEntry=null
2019-11-14 22:49:47,996 [java.util.concurrent.ThreadPoolExecutor$Worker@44224848[State = -1, empty queue]] WARN  server.GrpcLogAppender (GrpcLogAppender.java:timeoutAppendRequest(211)) - 82d9b010-cdd2-48aa-a03f-c52b44e44827@group-F1AED5EE4D6F->c5c819e6-85b2-482d-9128-e8ea2b7ba4a4-GrpcLogAppender: appendEntries Timeout, request=AppendEntriesRequest:cid=43,entriesCount=0,lastEntry=null
2019-11-14 22:49:47,996 [java.util.concurrent.ThreadPoolExecutor$Worker@44224848[State = -1, empty queue]] WARN  server.GrpcLogAppender (GrpcLogAppender.java:timeoutAppendRequest(211)) - 82d9b010-cdd2-48aa-a03f-c52b44e44827@group-F1AED5EE4D6F->df16aec3-050f-40e4-a922-70bdb89d4bf1-GrpcLogAppender: appendEntries Timeout, request=AppendEntriesRequest:cid=44,entriesCount=0,lastEntry=null
2019-11-14 22:49:47,996 [java.util.concurrent.ThreadPoolExecutor$Worker@44224848[State = -1, empty queue]] WARN  server.GrpcLogAppender (GrpcLogAppender.java:timeoutAppendRequest(211)) - 82d9b010-cdd2-48aa-a03f-c52b44e44827@group-F1AED5EE4D6F->c5c819e6-85b2-482d-9128-e8ea2b7ba4a4-GrpcLogAppender: appendEntries Timeout, request=AppendEntriesRequest:cid=44,entriesCount=0,lastEntry=null
2019-11-14 22:49:47,997 [java.util.concurrent.ThreadPoolExecutor$Worker@44224848[State = -1, empty queue]] WARN  server.GrpcLogAppender (GrpcLogAppender.java:timeoutAppendRequest(211)) - 82d9b010-cdd2-48aa-a03f-c52b44e44827@group-F1AED5EE4D6F->df16aec3-050f-40e4-a922-70bdb89d4bf1-GrpcLogAppender: appendEntries Timeout, request=AppendEntriesRequest:cid=45,entriesCount=0,lastEntry=null
2019-11-14 22:49:47,997 [java.util.concurrent.ThreadPoolExecutor$Worker@44224848[State = -1, empty queue]] WARN  server.GrpcLogAppender (GrpcLogAppender.java:timeoutAppendRequest(211)) - 82d9b010-cdd2-48aa-a03f-c52b44e44827@group-F1AED5EE4D6F->c5c819e6-85b2-482d-9128-e8ea2b7ba4a4-GrpcLogAppender: appendEntries Timeout, request=AppendEntriesRequest:cid=45,entriesCount=0,lastEntry=null
2019-11-14 22:49:48,479 [java.util.concurrent.ThreadPoolExecutor$Worker@44224848[State = -1, empty queue]] WARN  server.GrpcLogAppender (GrpcLogAppender.java:timeoutAppendRequest(211)) - 82d9b010-cdd2-48aa-a03f-c52b44e44827@group-F1AED5EE4D6F->df16aec3-050f-40e4-a922-70bdb89d4bf1-GrpcLogAppender: appendEntries Timeout, request=AppendEntriesRequest:cid=46,entriesCount=0,lastEntry=null
2019-11-14 22:49:48,480 [java.util.concurrent.ThreadPoolExecutor$Worker@44224848[State = -1, empty queue]] WARN  server.GrpcLogAppender (GrpcLogAppender.java:timeoutAppendRequest(211)) - 82d9b010-cdd2-48aa-a03f-c52b44e44827@group-F1AED5EE4D6F->c5c819e6-85b2-482d-9128-e8ea2b7ba4a4-GrpcLogAppender: appendEntries Timeout, request=AppendEntriesRequest:cid=46,entriesCount=0,lastEntry=null
2019-11-14 22:49:48,980 [java.util.concurrent.ThreadPoolExecutor$Worker@44224848[State = -1, empty queue]] WARN  server.GrpcLogAppender (GrpcLogAppender.java:timeoutAppendRequest(211)) - 82d9b010-cdd2-48aa-a03f-c52b44e44827@group-F1AED5EE4D6F->df16aec3-050f-40e4-a922-70bdb89d4bf1-GrpcLogAppender: appendEntries Timeout, request=AppendEntriesRequest:cid=47,entriesCount=0,lastEntry=null
2019-11-14 22:49:48,980 [java.util.concurrent.ThreadPoolExecutor$Worker@44224848[State = -1, empty queue]] WARN  server.GrpcLogAppender (GrpcLogAppender.java:timeoutAppendRequest(211)) - 82d9b010-cdd2-48aa-a03f-c52b44e44827@group-F1AED5EE4D6F->c5c819e6-85b2-482d-9128-e8ea2b7ba4a4-GrpcLogAppender: appendEntries Timeout, request=AppendEntriesRequest:cid=47,entriesCount=0,lastEntry=null
2019-11-14 22:49:49,480 [java.util.concurrent.ThreadPoolExecutor$Worker@44224848[State = -1, empty queue]] WARN  server.GrpcLogAppender (GrpcLogAppender.java:timeoutAppendRequest(211)) - 82d9b010-cdd2-48aa-a03f-c52b44e44827@group-F1AED5EE4D6F->c5c819e6-85b2-482d-9128-e8ea2b7ba4a4-GrpcLogAppender: appendEntries Timeout, request=AppendEntriesRequest:cid=48,entriesCount=0,lastEntry=null
2019-11-14 22:49:49,480 [java.util.concurrent.ThreadPoolExecutor$Worker@44224848[State = -1, empty queue]] WARN  server.GrpcLogAppender (GrpcLogAppender.java:timeoutAppendRequest(211)) - 82d9b010-cdd2-48aa-a03f-c52b44e44827@group-F1AED5EE4D6F->df16aec3-050f-40e4-a922-70bdb89d4bf1-GrpcLogAppender: appendEntries Timeout, request=AppendEntriesRequest:cid=48,entriesCount=0,lastEntry=null
2019-11-14 22:49:49,703 [7d8f40ed-fc7e-4283-96c6-8f8f645c1bfe@group-E5CD7693E4BE-LeaderElection170] INFO  impl.LeaderElection (LeaderElection.java:askForVotes(178)) - 7d8f40ed-fc7e-4283-96c6-8f8f645c1bfe@group-E5CD7693E4BE-LeaderElection170: begin an election at term 6 for 0: [58f72cb5-8974-4d0e-9564-cfe3e68dc671:192.168.69.106:42937, 720981dd-80b6-4b59-8027-74344e9fba7b:192.168.69.106:33190, 7d8f40ed-fc7e-4283-96c6-8f8f645c1bfe:192.168.69.106:40228], old=null
2019-11-14 22:49:49,703 [720981dd-80b6-4b59-8027-74344e9fba7b@group-E5CD7693E4BE-LeaderElection169] INFO  impl.LeaderElection (LeaderElection.java:askForVotes(178)) - 720981dd-80b6-4b59-8027-74344e9fba7b@group-E5CD7693E4BE-LeaderElection169: begin an election at term 6 for 0: [58f72cb5-8974-4d0e-9564-cfe3e68dc671:192.168.69.106:42937, 720981dd-80b6-4b59-8027-74344e9fba7b:192.168.69.106:33190, 7d8f40ed-fc7e-4283-96c6-8f8f645c1bfe:192.168.69.106:40228], old=null
2019-11-14 22:49:49,708 [720981dd-80b6-4b59-8027-74344e9fba7b@group-E5CD7693E4BE-LeaderElection169] INFO  impl.LeaderElection (LogUtils.java:infoOrTrace(149)) - 720981dd-80b6-4b59-8027-74344e9fba7b@group-E5CD7693E4BE-LeaderElection169 got exception when requesting votes: {}
java.util.concurrent.ExecutionException: org.apache.ratis.thirdparty.io.grpc.StatusRuntimeException: UNAVAILABLE: io exception
	at java.util.concurrent.FutureTask.report(FutureTask.java:122)
	at java.util.concurrent.FutureTask.get(FutureTask.java:192)
	at org.apache.ratis.server.impl.LeaderElection.waitForResults(LeaderElection.java:259)
	at org.apache.ratis.server.impl.LeaderElection.askForVotes(LeaderElection.java:197)
	at org.apache.ratis.server.impl.LeaderElection.run(LeaderElection.java:133)
	at java.lang.Thread.run(Thread.java:748)
Caused by: org.apache.ratis.thirdparty.io.grpc.StatusRuntimeException: UNAVAILABLE: io exception
	at org.apache.ratis.thirdparty.io.grpc.stub.ClientCalls.toStatusRuntimeException(ClientCalls.java:233)
	at org.apache.ratis.thirdparty.io.grpc.stub.ClientCalls.getUnchecked(ClientCalls.java:214)
	at org.apache.ratis.thirdparty.io.grpc.stub.ClientCalls.blockingUnaryCall(ClientCalls.java:139)
	at org.apache.ratis.proto.grpc.RaftServerProtocolServiceGrpc$RaftServerProtocolServiceBlockingStub.requestVote(RaftServerProtocolServiceGrpc.java:265)
	at org.apache.ratis.grpc.server.GrpcServerProtocolClient.requestVote(GrpcServerProtocolClient.java:99)
	at org.apache.ratis.grpc.server.GrpcService.requestVote(GrpcService.java:204)
	at org.apache.ratis.server.impl.LeaderElection.lambda$submitRequests$1(LeaderElection.java:234)
	at java.util.concurrent.FutureTask.run(FutureTask.java:266)
	at java.util.concurrent.Executors$RunnableAdapter.call(Executors.java:511)
	at java.util.concurrent.FutureTask.run(FutureTask.java:266)
	at java.util.concurrent.ThreadPoolExecutor.runWorker(ThreadPoolExecutor.java:1149)
	at java.util.concurrent.ThreadPoolExecutor$Worker.run(ThreadPoolExecutor.java:624)
	... 1 more
Caused by: org.apache.ratis.thirdparty.io.netty.channel.AbstractChannel$AnnotatedConnectException: Connection refused: /192.168.69.106:42937
	at sun.nio.ch.SocketChannelImpl.checkConnect(Native Method)
	at sun.nio.ch.SocketChannelImpl.finishConnect(SocketChannelImpl.java:717)
	at org.apache.ratis.thirdparty.io.netty.channel.socket.nio.NioSocketChannel.doFinishConnect(NioSocketChannel.java:327)
	at org.apache.ratis.thirdparty.io.netty.channel.nio.AbstractNioChannel$AbstractNioUnsafe.finishConnect(AbstractNioChannel.java:340)
	at org.apache.ratis.thirdparty.io.netty.channel.nio.NioEventLoop.processSelectedKey(NioEventLoop.java:632)
	at org.apache.ratis.thirdparty.io.netty.channel.nio.NioEventLoop.processSelectedKeysOptimized(NioEventLoop.java:579)
	at org.apache.ratis.thirdparty.io.netty.channel.nio.NioEventLoop.processSelectedKeys(NioEventLoop.java:496)
	at org.apache.ratis.thirdparty.io.netty.channel.nio.NioEventLoop.run(NioEventLoop.java:458)
	at org.apache.ratis.thirdparty.io.netty.util.concurrent.SingleThreadEventExecutor$5.run(SingleThreadEventExecutor.java:897)
	at org.apache.ratis.thirdparty.io.netty.util.concurrent.FastThreadLocalRunnable.run(FastThreadLocalRunnable.java:30)
	... 1 more
Caused by: java.net.ConnectException: Connection refused
	... 11 more
2019-11-14 22:49:49,708 [7d8f40ed-fc7e-4283-96c6-8f8f645c1bfe@group-E5CD7693E4BE-LeaderElection170] INFO  impl.LeaderElection (LogUtils.java:infoOrTrace(149)) - 7d8f40ed-fc7e-4283-96c6-8f8f645c1bfe@group-E5CD7693E4BE-LeaderElection170 got exception when requesting votes: {}
java.util.concurrent.ExecutionException: org.apache.ratis.thirdparty.io.grpc.StatusRuntimeException: UNAVAILABLE: io exception
	at java.util.concurrent.FutureTask.report(FutureTask.java:122)
	at java.util.concurrent.FutureTask.get(FutureTask.java:192)
	at org.apache.ratis.server.impl.LeaderElection.waitForResults(LeaderElection.java:259)
	at org.apache.ratis.server.impl.LeaderElection.askForVotes(LeaderElection.java:197)
	at org.apache.ratis.server.impl.LeaderElection.run(LeaderElection.java:133)
	at java.lang.Thread.run(Thread.java:748)
Caused by: org.apache.ratis.thirdparty.io.grpc.StatusRuntimeException: UNAVAILABLE: io exception
	at org.apache.ratis.thirdparty.io.grpc.stub.ClientCalls.toStatusRuntimeException(ClientCalls.java:233)
	at org.apache.ratis.thirdparty.io.grpc.stub.ClientCalls.getUnchecked(ClientCalls.java:214)
	at org.apache.ratis.thirdparty.io.grpc.stub.ClientCalls.blockingUnaryCall(ClientCalls.java:139)
	at org.apache.ratis.proto.grpc.RaftServerProtocolServiceGrpc$RaftServerProtocolServiceBlockingStub.requestVote(RaftServerProtocolServiceGrpc.java:265)
	at org.apache.ratis.grpc.server.GrpcServerProtocolClient.requestVote(GrpcServerProtocolClient.java:99)
	at org.apache.ratis.grpc.server.GrpcService.requestVote(GrpcService.java:204)
	at org.apache.ratis.server.impl.LeaderElection.lambda$submitRequests$1(LeaderElection.java:234)
	at java.util.concurrent.FutureTask.run(FutureTask.java:266)
	at java.util.concurrent.Executors$RunnableAdapter.call(Executors.java:511)
	at java.util.concurrent.FutureTask.run(FutureTask.java:266)
	at java.util.concurrent.ThreadPoolExecutor.runWorker(ThreadPoolExecutor.java:1149)
	at java.util.concurrent.ThreadPoolExecutor$Worker.run(ThreadPoolExecutor.java:624)
	... 1 more
Caused by: org.apache.ratis.thirdparty.io.netty.channel.AbstractChannel$AnnotatedConnectException: Connection refused: /192.168.69.106:42937
	at sun.nio.ch.SocketChannelImpl.checkConnect(Native Method)
	at sun.nio.ch.SocketChannelImpl.finishConnect(SocketChannelImpl.java:717)
	at org.apache.ratis.thirdparty.io.netty.channel.socket.nio.NioSocketChannel.doFinishConnect(NioSocketChannel.java:327)
	at org.apache.ratis.thirdparty.io.netty.channel.nio.AbstractNioChannel$AbstractNioUnsafe.finishConnect(AbstractNioChannel.java:340)
	at org.apache.ratis.thirdparty.io.netty.channel.nio.NioEventLoop.processSelectedKey(NioEventLoop.java:632)
	at org.apache.ratis.thirdparty.io.netty.channel.nio.NioEventLoop.processSelectedKeysOptimized(NioEventLoop.java:579)
	at org.apache.ratis.thirdparty.io.netty.channel.nio.NioEventLoop.processSelectedKeys(NioEventLoop.java:496)
	at org.apache.ratis.thirdparty.io.netty.channel.nio.NioEventLoop.run(NioEventLoop.java:458)
	at org.apache.ratis.thirdparty.io.netty.util.concurrent.SingleThreadEventExecutor$5.run(SingleThreadEventExecutor.java:897)
	at org.apache.ratis.thirdparty.io.netty.util.concurrent.FastThreadLocalRunnable.run(FastThreadLocalRunnable.java:30)
	... 1 more
Caused by: java.net.ConnectException: Connection refused
	... 11 more
2019-11-14 22:49:49,713 [720981dd-80b6-4b59-8027-74344e9fba7b@group-E5CD7693E4BE-LeaderElection169] INFO  impl.LeaderElection (LeaderElection.java:logAndReturn(56)) - 720981dd-80b6-4b59-8027-74344e9fba7b@group-E5CD7693E4BE-LeaderElection169: Election REJECTED; received 1 response(s) [720981dd-80b6-4b59-8027-74344e9fba7b<-7d8f40ed-fc7e-4283-96c6-8f8f645c1bfe#0:FAIL-t6] and 1 exception(s); 720981dd-80b6-4b59-8027-74344e9fba7b@group-E5CD7693E4BE:t6, leader=null, voted=720981dd-80b6-4b59-8027-74344e9fba7b, raftlog=720981dd-80b6-4b59-8027-74344e9fba7b@group-E5CD7693E4BE-SegmentedRaftLog:OPENED:c0,f0,i0, conf=0: [58f72cb5-8974-4d0e-9564-cfe3e68dc671:192.168.69.106:42937, 720981dd-80b6-4b59-8027-74344e9fba7b:192.168.69.106:33190, 7d8f40ed-fc7e-4283-96c6-8f8f645c1bfe:192.168.69.106:40228], old=null
2019-11-14 22:49:49,713 [7d8f40ed-fc7e-4283-96c6-8f8f645c1bfe@group-E5CD7693E4BE-LeaderElection170] INFO  impl.LeaderElection (LeaderElection.java:logAndReturn(56)) - 7d8f40ed-fc7e-4283-96c6-8f8f645c1bfe@group-E5CD7693E4BE-LeaderElection170: Election REJECTED; received 1 response(s) [7d8f40ed-fc7e-4283-96c6-8f8f645c1bfe<-720981dd-80b6-4b59-8027-74344e9fba7b#0:FAIL-t6] and 1 exception(s); 7d8f40ed-fc7e-4283-96c6-8f8f645c1bfe@group-E5CD7693E4BE:t6, leader=null, voted=7d8f40ed-fc7e-4283-96c6-8f8f645c1bfe, raftlog=7d8f40ed-fc7e-4283-96c6-8f8f645c1bfe@group-E5CD7693E4BE-SegmentedRaftLog:OPENED:c0,f0,i0, conf=0: [58f72cb5-8974-4d0e-9564-cfe3e68dc671:192.168.69.106:42937, 720981dd-80b6-4b59-8027-74344e9fba7b:192.168.69.106:33190, 7d8f40ed-fc7e-4283-96c6-8f8f645c1bfe:192.168.69.106:40228], old=null
2019-11-14 22:49:49,713 [720981dd-80b6-4b59-8027-74344e9fba7b@group-E5CD7693E4BE-LeaderElection169] INFO  impl.LeaderElection (LogUtils.java:infoOrTrace(149)) -   Exception 0: {}
java.util.concurrent.ExecutionException: org.apache.ratis.thirdparty.io.grpc.StatusRuntimeException: UNAVAILABLE: io exception
	at java.util.concurrent.FutureTask.report(FutureTask.java:122)
	at java.util.concurrent.FutureTask.get(FutureTask.java:192)
	at org.apache.ratis.server.impl.LeaderElection.waitForResults(LeaderElection.java:259)
	at org.apache.ratis.server.impl.LeaderElection.askForVotes(LeaderElection.java:197)
	at org.apache.ratis.server.impl.LeaderElection.run(LeaderElection.java:133)
	at java.lang.Thread.run(Thread.java:748)
Caused by: org.apache.ratis.thirdparty.io.grpc.StatusRuntimeException: UNAVAILABLE: io exception
	at org.apache.ratis.thirdparty.io.grpc.stub.ClientCalls.toStatusRuntimeException(ClientCalls.java:233)
	at org.apache.ratis.thirdparty.io.grpc.stub.ClientCalls.getUnchecked(ClientCalls.java:214)
	at org.apache.ratis.thirdparty.io.grpc.stub.ClientCalls.blockingUnaryCall(ClientCalls.java:139)
	at org.apache.ratis.proto.grpc.RaftServerProtocolServiceGrpc$RaftServerProtocolServiceBlockingStub.requestVote(RaftServerProtocolServiceGrpc.java:265)
	at org.apache.ratis.grpc.server.GrpcServerProtocolClient.requestVote(GrpcServerProtocolClient.java:99)
	at org.apache.ratis.grpc.server.GrpcService.requestVote(GrpcService.java:204)
	at org.apache.ratis.server.impl.LeaderElection.lambda$submitRequests$1(LeaderElection.java:234)
	at java.util.concurrent.FutureTask.run(FutureTask.java:266)
	at java.util.concurrent.Executors$RunnableAdapter.call(Executors.java:511)
	at java.util.concurrent.FutureTask.run(FutureTask.java:266)
	at java.util.concurrent.ThreadPoolExecutor.runWorker(ThreadPoolExecutor.java:1149)
	at java.util.concurrent.ThreadPoolExecutor$Worker.run(ThreadPoolExecutor.java:624)
	... 1 more
Caused by: org.apache.ratis.thirdparty.io.netty.channel.AbstractChannel$AnnotatedConnectException: Connection refused: /192.168.69.106:42937
	at sun.nio.ch.SocketChannelImpl.checkConnect(Native Method)
	at sun.nio.ch.SocketChannelImpl.finishConnect(SocketChannelImpl.java:717)
	at org.apache.ratis.thirdparty.io.netty.channel.socket.nio.NioSocketChannel.doFinishConnect(NioSocketChannel.java:327)
	at org.apache.ratis.thirdparty.io.netty.channel.nio.AbstractNioChannel$AbstractNioUnsafe.finishConnect(AbstractNioChannel.java:340)
	at org.apache.ratis.thirdparty.io.netty.channel.nio.NioEventLoop.processSelectedKey(NioEventLoop.java:632)
	at org.apache.ratis.thirdparty.io.netty.channel.nio.NioEventLoop.processSelectedKeysOptimized(NioEventLoop.java:579)
	at org.apache.ratis.thirdparty.io.netty.channel.nio.NioEventLoop.processSelectedKeys(NioEventLoop.java:496)
	at org.apache.ratis.thirdparty.io.netty.channel.nio.NioEventLoop.run(NioEventLoop.java:458)
	at org.apache.ratis.thirdparty.io.netty.util.concurrent.SingleThreadEventExecutor$5.run(SingleThreadEventExecutor.java:897)
	at org.apache.ratis.thirdparty.io.netty.util.concurrent.FastThreadLocalRunnable.run(FastThreadLocalRunnable.java:30)
	... 1 more
Caused by: java.net.ConnectException: Connection refused
	... 11 more
2019-11-14 22:49:49,713 [7d8f40ed-fc7e-4283-96c6-8f8f645c1bfe@group-E5CD7693E4BE-LeaderElection170] INFO  impl.LeaderElection (LogUtils.java:infoOrTrace(149)) -   Exception 0: {}
java.util.concurrent.ExecutionException: org.apache.ratis.thirdparty.io.grpc.StatusRuntimeException: UNAVAILABLE: io exception
	at java.util.concurrent.FutureTask.report(FutureTask.java:122)
	at java.util.concurrent.FutureTask.get(FutureTask.java:192)
	at org.apache.ratis.server.impl.LeaderElection.waitForResults(LeaderElection.java:259)
	at org.apache.ratis.server.impl.LeaderElection.askForVotes(LeaderElection.java:197)
	at org.apache.ratis.server.impl.LeaderElection.run(LeaderElection.java:133)
	at java.lang.Thread.run(Thread.java:748)
Caused by: org.apache.ratis.thirdparty.io.grpc.StatusRuntimeException: UNAVAILABLE: io exception
	at org.apache.ratis.thirdparty.io.grpc.stub.ClientCalls.toStatusRuntimeException(ClientCalls.java:233)
	at org.apache.ratis.thirdparty.io.grpc.stub.ClientCalls.getUnchecked(ClientCalls.java:214)
	at org.apache.ratis.thirdparty.io.grpc.stub.ClientCalls.blockingUnaryCall(ClientCalls.java:139)
	at org.apache.ratis.proto.grpc.RaftServerProtocolServiceGrpc$RaftServerProtocolServiceBlockingStub.requestVote(RaftServerProtocolServiceGrpc.java:265)
	at org.apache.ratis.grpc.server.GrpcServerProtocolClient.requestVote(GrpcServerProtocolClient.java:99)
	at org.apache.ratis.grpc.server.GrpcService.requestVote(GrpcService.java:204)
	at org.apache.ratis.server.impl.LeaderElection.lambda$submitRequests$1(LeaderElection.java:234)
	at java.util.concurrent.FutureTask.run(FutureTask.java:266)
	at java.util.concurrent.Executors$RunnableAdapter.call(Executors.java:511)
	at java.util.concurrent.FutureTask.run(FutureTask.java:266)
	at java.util.concurrent.ThreadPoolExecutor.runWorker(ThreadPoolExecutor.java:1149)
	at java.util.concurrent.ThreadPoolExecutor$Worker.run(ThreadPoolExecutor.java:624)
	... 1 more
Caused by: org.apache.ratis.thirdparty.io.netty.channel.AbstractChannel$AnnotatedConnectException: Connection refused: /192.168.69.106:42937
	at sun.nio.ch.SocketChannelImpl.checkConnect(Native Method)
	at sun.nio.ch.SocketChannelImpl.finishConnect(SocketChannelImpl.java:717)
	at org.apache.ratis.thirdparty.io.netty.channel.socket.nio.NioSocketChannel.doFinishConnect(NioSocketChannel.java:327)
	at org.apache.ratis.thirdparty.io.netty.channel.nio.AbstractNioChannel$AbstractNioUnsafe.finishConnect(AbstractNioChannel.java:340)
	at org.apache.ratis.thirdparty.io.netty.channel.nio.NioEventLoop.processSelectedKey(NioEventLoop.java:632)
	at org.apache.ratis.thirdparty.io.netty.channel.nio.NioEventLoop.processSelectedKeysOptimized(NioEventLoop.java:579)
	at org.apache.ratis.thirdparty.io.netty.channel.nio.NioEventLoop.processSelectedKeys(NioEventLoop.java:496)
	at org.apache.ratis.thirdparty.io.netty.channel.nio.NioEventLoop.run(NioEventLoop.java:458)
	at org.apache.ratis.thirdparty.io.netty.util.concurrent.SingleThreadEventExecutor$5.run(SingleThreadEventExecutor.java:897)
	at org.apache.ratis.thirdparty.io.netty.util.concurrent.FastThreadLocalRunnable.run(FastThreadLocalRunnable.java:30)
	... 1 more
Caused by: java.net.ConnectException: Connection refused
	... 11 more
2019-11-14 22:49:49,714 [720981dd-80b6-4b59-8027-74344e9fba7b@group-E5CD7693E4BE-LeaderElection169] INFO  impl.RaftServerImpl (RaftServerImpl.java:setRole(173)) - 720981dd-80b6-4b59-8027-74344e9fba7b@group-E5CD7693E4BE: changes role from CANDIDATE to FOLLOWER at term 6 for DISCOVERED_A_NEW_TERM
2019-11-14 22:49:49,714 [7d8f40ed-fc7e-4283-96c6-8f8f645c1bfe@group-E5CD7693E4BE-LeaderElection170] INFO  impl.RaftServerImpl (RaftServerImpl.java:setRole(173)) - 7d8f40ed-fc7e-4283-96c6-8f8f645c1bfe@group-E5CD7693E4BE: changes role from CANDIDATE to FOLLOWER at term 6 for DISCOVERED_A_NEW_TERM
2019-11-14 22:49:49,714 [720981dd-80b6-4b59-8027-74344e9fba7b@group-E5CD7693E4BE-LeaderElection169] INFO  impl.RoleInfo (RoleInfo.java:shutdownLeaderElection(134)) - 720981dd-80b6-4b59-8027-74344e9fba7b: shutdown LeaderElection
2019-11-14 22:49:49,714 [7d8f40ed-fc7e-4283-96c6-8f8f645c1bfe@group-E5CD7693E4BE-LeaderElection170] INFO  impl.RoleInfo (RoleInfo.java:shutdownLeaderElection(134)) - 7d8f40ed-fc7e-4283-96c6-8f8f645c1bfe: shutdown LeaderElection
2019-11-14 22:49:49,715 [7d8f40ed-fc7e-4283-96c6-8f8f645c1bfe@group-E5CD7693E4BE-LeaderElection170] INFO  impl.RoleInfo (RoleInfo.java:updateAndGet(143)) - 7d8f40ed-fc7e-4283-96c6-8f8f645c1bfe: start FollowerState
2019-11-14 22:49:49,715 [720981dd-80b6-4b59-8027-74344e9fba7b@group-E5CD7693E4BE-LeaderElection169] INFO  impl.RoleInfo (RoleInfo.java:updateAndGet(143)) - 720981dd-80b6-4b59-8027-74344e9fba7b: start FollowerState
2019-11-14 22:49:49,980 [java.util.concurrent.ThreadPoolExecutor$Worker@44224848[State = -1, empty queue]] WARN  server.GrpcLogAppender (GrpcLogAppender.java:timeoutAppendRequest(211)) - 82d9b010-cdd2-48aa-a03f-c52b44e44827@group-F1AED5EE4D6F->c5c819e6-85b2-482d-9128-e8ea2b7ba4a4-GrpcLogAppender: appendEntries Timeout, request=AppendEntriesRequest:cid=49,entriesCount=0,lastEntry=null
2019-11-14 22:49:49,980 [java.util.concurrent.ThreadPoolExecutor$Worker@44224848[State = -1, empty queue]] WARN  server.GrpcLogAppender (GrpcLogAppender.java:timeoutAppendRequest(211)) - 82d9b010-cdd2-48aa-a03f-c52b44e44827@group-F1AED5EE4D6F->df16aec3-050f-40e4-a922-70bdb89d4bf1-GrpcLogAppender: appendEntries Timeout, request=AppendEntriesRequest:cid=49,entriesCount=0,lastEntry=null
2019-11-14 22:49:50,480 [java.util.concurrent.ThreadPoolExecutor$Worker@44224848[State = -1, empty queue]] WARN  server.GrpcLogAppender (GrpcLogAppender.java:timeoutAppendRequest(211)) - 82d9b010-cdd2-48aa-a03f-c52b44e44827@group-F1AED5EE4D6F->df16aec3-050f-40e4-a922-70bdb89d4bf1-GrpcLogAppender: appendEntries Timeout, request=AppendEntriesRequest:cid=50,entriesCount=0,lastEntry=null
2019-11-14 22:49:50,481 [java.util.concurrent.ThreadPoolExecutor$Worker@44224848[State = -1, empty queue]] WARN  server.GrpcLogAppender (GrpcLogAppender.java:timeoutAppendRequest(211)) - 82d9b010-cdd2-48aa-a03f-c52b44e44827@group-F1AED5EE4D6F->c5c819e6-85b2-482d-9128-e8ea2b7ba4a4-GrpcLogAppender: appendEntries Timeout, request=AppendEntriesRequest:cid=50,entriesCount=0,lastEntry=null
2019-11-14 22:49:50,802 [Thread-3971] INFO  impl.FollowerState (FollowerState.java:run(111)) - 7d8f40ed-fc7e-4283-96c6-8f8f645c1bfe@group-E5CD7693E4BE-FollowerState: change to CANDIDATE, lastRpcTime:1087ms, electionTimeout:1087ms
2019-11-14 22:49:50,803 [Thread-3971] INFO  impl.RoleInfo (RoleInfo.java:shutdownFollowerState(121)) - 7d8f40ed-fc7e-4283-96c6-8f8f645c1bfe: shutdown FollowerState
2019-11-14 22:49:50,803 [Thread-3971] INFO  impl.RaftServerImpl (RaftServerImpl.java:setRole(173)) - 7d8f40ed-fc7e-4283-96c6-8f8f645c1bfe@group-E5CD7693E4BE: changes role from  FOLLOWER to CANDIDATE at term 6 for changeToCandidate
2019-11-14 22:49:50,803 [Thread-3971] INFO  impl.RoleInfo (RoleInfo.java:updateAndGet(143)) - 7d8f40ed-fc7e-4283-96c6-8f8f645c1bfe: start LeaderElection
2019-11-14 22:49:50,818 [Thread-3970] INFO  impl.FollowerState (FollowerState.java:run(111)) - 720981dd-80b6-4b59-8027-74344e9fba7b@group-E5CD7693E4BE-FollowerState: change to CANDIDATE, lastRpcTime:1103ms, electionTimeout:1103ms
2019-11-14 22:49:50,819 [Thread-3970] INFO  impl.RoleInfo (RoleInfo.java:shutdownFollowerState(121)) - 720981dd-80b6-4b59-8027-74344e9fba7b: shutdown FollowerState
2019-11-14 22:49:50,819 [Thread-3970] INFO  impl.RaftServerImpl (RaftServerImpl.java:setRole(173)) - 720981dd-80b6-4b59-8027-74344e9fba7b@group-E5CD7693E4BE: changes role from  FOLLOWER to CANDIDATE at term 6 for changeToCandidate
2019-11-14 22:49:50,819 [Thread-3970] INFO  impl.RoleInfo (RoleInfo.java:updateAndGet(143)) - 720981dd-80b6-4b59-8027-74344e9fba7b: start LeaderElection
2019-11-14 22:49:50,965 [82d9b010-cdd2-48aa-a03f-c52b44e44827@group-F1AED5EE4D6F-SegmentedRaftLogWorker] WARN  segmented.SegmentedRaftLogWorker (SegmentedRaftLogWorker.java:getFromFuture(86)) - Timeout 1/~
org.apache.ratis.protocol.TimeoutIOException: Timeout 10s: WriteLog:1: (t:1, i:1), STATEMACHINELOGENTRY, client-11D44B6858D8, cid=263-writeStateMachineData
	at org.apache.ratis.util.IOUtils.getFromFuture(IOUtils.java:87)
	at org.apache.ratis.server.raftlog.segmented.SegmentedRaftLogWorker$StateMachineDataPolicy.getFromFuture(SegmentedRaftLogWorker.java:83)
	at org.apache.ratis.server.raftlog.segmented.SegmentedRaftLogWorker$WriteLog.execute(SegmentedRaftLogWorker.java:482)
	at org.apache.ratis.server.raftlog.segmented.SegmentedRaftLogWorker.run(SegmentedRaftLogWorker.java:291)
	at java.lang.Thread.run(Thread.java:748)
Caused by: java.util.concurrent.TimeoutException
	at java.util.concurrent.CompletableFuture.timedGet(CompletableFuture.java:1771)
	at java.util.concurrent.CompletableFuture.get(CompletableFuture.java:1915)
	at org.apache.ratis.util.IOUtils.getFromFuture(IOUtils.java:79)
	... 4 more
2019-11-14 22:49:50,970 [c5c819e6-85b2-482d-9128-e8ea2b7ba4a4@group-F1AED5EE4D6F-SegmentedRaftLogWorker] WARN  segmented.SegmentedRaftLogWorker (SegmentedRaftLogWorker.java:getFromFuture(86)) - Timeout 1/~
org.apache.ratis.protocol.TimeoutIOException: Timeout 10s: WriteLog:1: (t:1, i:1), STATEMACHINELOGENTRY, client-11D44B6858D8, cid=263-writeStateMachineData
	at org.apache.ratis.util.IOUtils.getFromFuture(IOUtils.java:87)
	at org.apache.ratis.server.raftlog.segmented.SegmentedRaftLogWorker$StateMachineDataPolicy.getFromFuture(SegmentedRaftLogWorker.java:83)
	at org.apache.ratis.server.raftlog.segmented.SegmentedRaftLogWorker$WriteLog.execute(SegmentedRaftLogWorker.java:482)
	at org.apache.ratis.server.raftlog.segmented.SegmentedRaftLogWorker.run(SegmentedRaftLogWorker.java:291)
	at java.lang.Thread.run(Thread.java:748)
Caused by: java.util.concurrent.TimeoutException
	at java.util.concurrent.CompletableFuture.timedGet(CompletableFuture.java:1771)
	at java.util.concurrent.CompletableFuture.get(CompletableFuture.java:1915)
	at org.apache.ratis.util.IOUtils.getFromFuture(IOUtils.java:79)
	... 4 more
2019-11-14 22:49:50,989 [java.util.concurrent.ThreadPoolExecutor$Worker@44224848[State = -1, empty queue]] WARN  server.GrpcLogAppender (GrpcLogAppender.java:timeoutAppendRequest(211)) - 82d9b010-cdd2-48aa-a03f-c52b44e44827@group-F1AED5EE4D6F->df16aec3-050f-40e4-a922-70bdb89d4bf1-GrpcLogAppender: appendEntries Timeout, request=AppendEntriesRequest:cid=51,entriesCount=0,lastEntry=null
2019-11-14 22:49:50,989 [df16aec3-050f-40e4-a922-70bdb89d4bf1@group-F1AED5EE4D6F-SegmentedRaftLogWorker] WARN  segmented.SegmentedRaftLogWorker (SegmentedRaftLogWorker.java:getFromFuture(86)) - Timeout 1/~
org.apache.ratis.protocol.TimeoutIOException: Timeout 10s: WriteLog:1: (t:1, i:1), STATEMACHINELOGENTRY, client-11D44B6858D8, cid=263-writeStateMachineData
	at org.apache.ratis.util.IOUtils.getFromFuture(IOUtils.java:87)
	at org.apache.ratis.server.raftlog.segmented.SegmentedRaftLogWorker$StateMachineDataPolicy.getFromFuture(SegmentedRaftLogWorker.java:83)
	at org.apache.ratis.server.raftlog.segmented.SegmentedRaftLogWorker$WriteLog.execute(SegmentedRaftLogWorker.java:482)
	at org.apache.ratis.server.raftlog.segmented.SegmentedRaftLogWorker.run(SegmentedRaftLogWorker.java:291)
	at java.lang.Thread.run(Thread.java:748)
Caused by: java.util.concurrent.TimeoutException
	at java.util.concurrent.CompletableFuture.timedGet(CompletableFuture.java:1771)
	at java.util.concurrent.CompletableFuture.get(CompletableFuture.java:1915)
	at org.apache.ratis.util.IOUtils.getFromFuture(IOUtils.java:79)
	... 4 more
2019-11-14 22:49:50,989 [java.util.concurrent.ThreadPoolExecutor$Worker@44224848[State = -1, empty queue]] WARN  server.GrpcLogAppender (GrpcLogAppender.java:timeoutAppendRequest(211)) - 82d9b010-cdd2-48aa-a03f-c52b44e44827@group-F1AED5EE4D6F->c5c819e6-85b2-482d-9128-e8ea2b7ba4a4-GrpcLogAppender: appendEntries Timeout, request=AppendEntriesRequest:cid=51,entriesCount=0,lastEntry=null
2019-11-14 22:49:51,414 [7d8f40ed-fc7e-4283-96c6-8f8f645c1bfe@group-E5CD7693E4BE-LeaderElection171] INFO  impl.LeaderElection (LeaderElection.java:askForVotes(178)) - 7d8f40ed-fc7e-4283-96c6-8f8f645c1bfe@group-E5CD7693E4BE-LeaderElection171: begin an election at term 7 for 0: [58f72cb5-8974-4d0e-9564-cfe3e68dc671:192.168.69.106:42937, 720981dd-80b6-4b59-8027-74344e9fba7b:192.168.69.106:33190, 7d8f40ed-fc7e-4283-96c6-8f8f645c1bfe:192.168.69.106:40228], old=null
2019-11-14 22:49:51,414 [720981dd-80b6-4b59-8027-74344e9fba7b@group-E5CD7693E4BE-LeaderElection172] INFO  impl.LeaderElection (LeaderElection.java:askForVotes(178)) - 720981dd-80b6-4b59-8027-74344e9fba7b@group-E5CD7693E4BE-LeaderElection172: begin an election at term 7 for 0: [58f72cb5-8974-4d0e-9564-cfe3e68dc671:192.168.69.106:42937, 720981dd-80b6-4b59-8027-74344e9fba7b:192.168.69.106:33190, 7d8f40ed-fc7e-4283-96c6-8f8f645c1bfe:192.168.69.106:40228], old=null
2019-11-14 22:49:51,420 [7d8f40ed-fc7e-4283-96c6-8f8f645c1bfe@group-E5CD7693E4BE-LeaderElection171] INFO  impl.LeaderElection (LogUtils.java:infoOrTrace(149)) - 7d8f40ed-fc7e-4283-96c6-8f8f645c1bfe@group-E5CD7693E4BE-LeaderElection171 got exception when requesting votes: {}
java.util.concurrent.ExecutionException: org.apache.ratis.thirdparty.io.grpc.StatusRuntimeException: UNAVAILABLE: io exception
	at java.util.concurrent.FutureTask.report(FutureTask.java:122)
	at java.util.concurrent.FutureTask.get(FutureTask.java:192)
	at org.apache.ratis.server.impl.LeaderElection.waitForResults(LeaderElection.java:259)
	at org.apache.ratis.server.impl.LeaderElection.askForVotes(LeaderElection.java:197)
	at org.apache.ratis.server.impl.LeaderElection.run(LeaderElection.java:133)
	at java.lang.Thread.run(Thread.java:748)
Caused by: org.apache.ratis.thirdparty.io.grpc.StatusRuntimeException: UNAVAILABLE: io exception
	at org.apache.ratis.thirdparty.io.grpc.stub.ClientCalls.toStatusRuntimeException(ClientCalls.java:233)
	at org.apache.ratis.thirdparty.io.grpc.stub.ClientCalls.getUnchecked(ClientCalls.java:214)
	at org.apache.ratis.thirdparty.io.grpc.stub.ClientCalls.blockingUnaryCall(ClientCalls.java:139)
	at org.apache.ratis.proto.grpc.RaftServerProtocolServiceGrpc$RaftServerProtocolServiceBlockingStub.requestVote(RaftServerProtocolServiceGrpc.java:265)
	at org.apache.ratis.grpc.server.GrpcServerProtocolClient.requestVote(GrpcServerProtocolClient.java:99)
	at org.apache.ratis.grpc.server.GrpcService.requestVote(GrpcService.java:204)
	at org.apache.ratis.server.impl.LeaderElection.lambda$submitRequests$1(LeaderElection.java:234)
	at java.util.concurrent.FutureTask.run(FutureTask.java:266)
	at java.util.concurrent.Executors$RunnableAdapter.call(Executors.java:511)
	at java.util.concurrent.FutureTask.run(FutureTask.java:266)
	at java.util.concurrent.ThreadPoolExecutor.runWorker(ThreadPoolExecutor.java:1149)
	at java.util.concurrent.ThreadPoolExecutor$Worker.run(ThreadPoolExecutor.java:624)
	... 1 more
Caused by: org.apache.ratis.thirdparty.io.netty.channel.AbstractChannel$AnnotatedConnectException: Connection refused: /192.168.69.106:42937
	at sun.nio.ch.SocketChannelImpl.checkConnect(Native Method)
	at sun.nio.ch.SocketChannelImpl.finishConnect(SocketChannelImpl.java:717)
	at org.apache.ratis.thirdparty.io.netty.channel.socket.nio.NioSocketChannel.doFinishConnect(NioSocketChannel.java:327)
	at org.apache.ratis.thirdparty.io.netty.channel.nio.AbstractNioChannel$AbstractNioUnsafe.finishConnect(AbstractNioChannel.java:340)
	at org.apache.ratis.thirdparty.io.netty.channel.nio.NioEventLoop.processSelectedKey(NioEventLoop.java:632)
	at org.apache.ratis.thirdparty.io.netty.channel.nio.NioEventLoop.processSelectedKeysOptimized(NioEventLoop.java:579)
	at org.apache.ratis.thirdparty.io.netty.channel.nio.NioEventLoop.processSelectedKeys(NioEventLoop.java:496)
	at org.apache.ratis.thirdparty.io.netty.channel.nio.NioEventLoop.run(NioEventLoop.java:458)
	at org.apache.ratis.thirdparty.io.netty.util.concurrent.SingleThreadEventExecutor$5.run(SingleThreadEventExecutor.java:897)
	at org.apache.ratis.thirdparty.io.netty.util.concurrent.FastThreadLocalRunnable.run(FastThreadLocalRunnable.java:30)
	... 1 more
Caused by: java.net.ConnectException: Connection refused
	... 11 more
2019-11-14 22:49:51,423 [720981dd-80b6-4b59-8027-74344e9fba7b@group-E5CD7693E4BE-LeaderElection172] INFO  impl.LeaderElection (LogUtils.java:infoOrTrace(149)) - 720981dd-80b6-4b59-8027-74344e9fba7b@group-E5CD7693E4BE-LeaderElection172 got exception when requesting votes: {}
java.util.concurrent.ExecutionException: org.apache.ratis.thirdparty.io.grpc.StatusRuntimeException: UNAVAILABLE: io exception
	at java.util.concurrent.FutureTask.report(FutureTask.java:122)
	at java.util.concurrent.FutureTask.get(FutureTask.java:192)
	at org.apache.ratis.server.impl.LeaderElection.waitForResults(LeaderElection.java:259)
	at org.apache.ratis.server.impl.LeaderElection.askForVotes(LeaderElection.java:197)
	at org.apache.ratis.server.impl.LeaderElection.run(LeaderElection.java:133)
	at java.lang.Thread.run(Thread.java:748)
Caused by: org.apache.ratis.thirdparty.io.grpc.StatusRuntimeException: UNAVAILABLE: io exception
	at org.apache.ratis.thirdparty.io.grpc.stub.ClientCalls.toStatusRuntimeException(ClientCalls.java:233)
	at org.apache.ratis.thirdparty.io.grpc.stub.ClientCalls.getUnchecked(ClientCalls.java:214)
	at org.apache.ratis.thirdparty.io.grpc.stub.ClientCalls.blockingUnaryCall(ClientCalls.java:139)
	at org.apache.ratis.proto.grpc.RaftServerProtocolServiceGrpc$RaftServerProtocolServiceBlockingStub.requestVote(RaftServerProtocolServiceGrpc.java:265)
	at org.apache.ratis.grpc.server.GrpcServerProtocolClient.requestVote(GrpcServerProtocolClient.java:99)
	at org.apache.ratis.grpc.server.GrpcService.requestVote(GrpcService.java:204)
	at org.apache.ratis.server.impl.LeaderElection.lambda$submitRequests$1(LeaderElection.java:234)
	at java.util.concurrent.FutureTask.run(FutureTask.java:266)
	at java.util.concurrent.Executors$RunnableAdapter.call(Executors.java:511)
	at java.util.concurrent.FutureTask.run(FutureTask.java:266)
	at java.util.concurrent.ThreadPoolExecutor.runWorker(ThreadPoolExecutor.java:1149)
	at java.util.concurrent.ThreadPoolExecutor$Worker.run(ThreadPoolExecutor.java:624)
	... 1 more
Caused by: org.apache.ratis.thirdparty.io.netty.channel.AbstractChannel$AnnotatedConnectException: Connection refused: /192.168.69.106:42937
	at sun.nio.ch.SocketChannelImpl.checkConnect(Native Method)
	at sun.nio.ch.SocketChannelImpl.finishConnect(SocketChannelImpl.java:717)
	at org.apache.ratis.thirdparty.io.netty.channel.socket.nio.NioSocketChannel.doFinishConnect(NioSocketChannel.java:327)
	at org.apache.ratis.thirdparty.io.netty.channel.nio.AbstractNioChannel$AbstractNioUnsafe.finishConnect(AbstractNioChannel.java:340)
	at org.apache.ratis.thirdparty.io.netty.channel.nio.NioEventLoop.processSelectedKey(NioEventLoop.java:632)
	at org.apache.ratis.thirdparty.io.netty.channel.nio.NioEventLoop.processSelectedKeysOptimized(NioEventLoop.java:579)
	at org.apache.ratis.thirdparty.io.netty.channel.nio.NioEventLoop.processSelectedKeys(NioEventLoop.java:496)
	at org.apache.ratis.thirdparty.io.netty.channel.nio.NioEventLoop.run(NioEventLoop.java:458)
	at org.apache.ratis.thirdparty.io.netty.util.concurrent.SingleThreadEventExecutor$5.run(SingleThreadEventExecutor.java:897)
	at org.apache.ratis.thirdparty.io.netty.util.concurrent.FastThreadLocalRunnable.run(FastThreadLocalRunnable.java:30)
	... 1 more
Caused by: java.net.ConnectException: Connection refused
	... 11 more
2019-11-14 22:49:51,423 [7d8f40ed-fc7e-4283-96c6-8f8f645c1bfe@group-E5CD7693E4BE-LeaderElection171] INFO  impl.LeaderElection (LeaderElection.java:logAndReturn(56)) - 7d8f40ed-fc7e-4283-96c6-8f8f645c1bfe@group-E5CD7693E4BE-LeaderElection171: Election REJECTED; received 1 response(s) [7d8f40ed-fc7e-4283-96c6-8f8f645c1bfe<-720981dd-80b6-4b59-8027-74344e9fba7b#0:FAIL-t7] and 1 exception(s); 7d8f40ed-fc7e-4283-96c6-8f8f645c1bfe@group-E5CD7693E4BE:t7, leader=null, voted=7d8f40ed-fc7e-4283-96c6-8f8f645c1bfe, raftlog=7d8f40ed-fc7e-4283-96c6-8f8f645c1bfe@group-E5CD7693E4BE-SegmentedRaftLog:OPENED:c0,f0,i0, conf=0: [58f72cb5-8974-4d0e-9564-cfe3e68dc671:192.168.69.106:42937, 720981dd-80b6-4b59-8027-74344e9fba7b:192.168.69.106:33190, 7d8f40ed-fc7e-4283-96c6-8f8f645c1bfe:192.168.69.106:40228], old=null
2019-11-14 22:49:51,423 [720981dd-80b6-4b59-8027-74344e9fba7b@group-E5CD7693E4BE-LeaderElection172] INFO  impl.LeaderElection (LeaderElection.java:logAndReturn(56)) - 720981dd-80b6-4b59-8027-74344e9fba7b@group-E5CD7693E4BE-LeaderElection172: Election REJECTED; received 1 response(s) [720981dd-80b6-4b59-8027-74344e9fba7b<-7d8f40ed-fc7e-4283-96c6-8f8f645c1bfe#0:FAIL-t7] and 1 exception(s); 720981dd-80b6-4b59-8027-74344e9fba7b@group-E5CD7693E4BE:t7, leader=null, voted=720981dd-80b6-4b59-8027-74344e9fba7b, raftlog=720981dd-80b6-4b59-8027-74344e9fba7b@group-E5CD7693E4BE-SegmentedRaftLog:OPENED:c0,f0,i0, conf=0: [58f72cb5-8974-4d0e-9564-cfe3e68dc671:192.168.69.106:42937, 720981dd-80b6-4b59-8027-74344e9fba7b:192.168.69.106:33190, 7d8f40ed-fc7e-4283-96c6-8f8f645c1bfe:192.168.69.106:40228], old=null
2019-11-14 22:49:51,424 [7d8f40ed-fc7e-4283-96c6-8f8f645c1bfe@group-E5CD7693E4BE-LeaderElection171] INFO  impl.LeaderElection (LogUtils.java:infoOrTrace(149)) -   Exception 0: {}
java.util.concurrent.ExecutionException: org.apache.ratis.thirdparty.io.grpc.StatusRuntimeException: UNAVAILABLE: io exception
	at java.util.concurrent.FutureTask.report(FutureTask.java:122)
	at java.util.concurrent.FutureTask.get(FutureTask.java:192)
	at org.apache.ratis.server.impl.LeaderElection.waitForResults(LeaderElection.java:259)
	at org.apache.ratis.server.impl.LeaderElection.askForVotes(LeaderElection.java:197)
	at org.apache.ratis.server.impl.LeaderElection.run(LeaderElection.java:133)
	at java.lang.Thread.run(Thread.java:748)
Caused by: org.apache.ratis.thirdparty.io.grpc.StatusRuntimeException: UNAVAILABLE: io exception
	at org.apache.ratis.thirdparty.io.grpc.stub.ClientCalls.toStatusRuntimeException(ClientCalls.java:233)
	at org.apache.ratis.thirdparty.io.grpc.stub.ClientCalls.getUnchecked(ClientCalls.java:214)
	at org.apache.ratis.thirdparty.io.grpc.stub.ClientCalls.blockingUnaryCall(ClientCalls.java:139)
	at org.apache.ratis.proto.grpc.RaftServerProtocolServiceGrpc$RaftServerProtocolServiceBlockingStub.requestVote(RaftServerProtocolServiceGrpc.java:265)
	at org.apache.ratis.grpc.server.GrpcServerProtocolClient.requestVote(GrpcServerProtocolClient.java:99)
	at org.apache.ratis.grpc.server.GrpcService.requestVote(GrpcService.java:204)
	at org.apache.ratis.server.impl.LeaderElection.lambda$submitRequests$1(LeaderElection.java:234)
	at java.util.concurrent.FutureTask.run(FutureTask.java:266)
	at java.util.concurrent.Executors$RunnableAdapter.call(Executors.java:511)
	at java.util.concurrent.FutureTask.run(FutureTask.java:266)
	at java.util.concurrent.ThreadPoolExecutor.runWorker(ThreadPoolExecutor.java:1149)
	at java.util.concurrent.ThreadPoolExecutor$Worker.run(ThreadPoolExecutor.java:624)
	... 1 more
Caused by: org.apache.ratis.thirdparty.io.netty.channel.AbstractChannel$AnnotatedConnectException: Connection refused: /192.168.69.106:42937
	at sun.nio.ch.SocketChannelImpl.checkConnect(Native Method)
	at sun.nio.ch.SocketChannelImpl.finishConnect(SocketChannelImpl.java:717)
	at org.apache.ratis.thirdparty.io.netty.channel.socket.nio.NioSocketChannel.doFinishConnect(NioSocketChannel.java:327)
	at org.apache.ratis.thirdparty.io.netty.channel.nio.AbstractNioChannel$AbstractNioUnsafe.finishConnect(AbstractNioChannel.java:340)
	at org.apache.ratis.thirdparty.io.netty.channel.nio.NioEventLoop.processSelectedKey(NioEventLoop.java:632)
	at org.apache.ratis.thirdparty.io.netty.channel.nio.NioEventLoop.processSelectedKeysOptimized(NioEventLoop.java:579)
	at org.apache.ratis.thirdparty.io.netty.channel.nio.NioEventLoop.processSelectedKeys(NioEventLoop.java:496)
	at org.apache.ratis.thirdparty.io.netty.channel.nio.NioEventLoop.run(NioEventLoop.java:458)
	at org.apache.ratis.thirdparty.io.netty.util.concurrent.SingleThreadEventExecutor$5.run(SingleThreadEventExecutor.java:897)
	at org.apache.ratis.thirdparty.io.netty.util.concurrent.FastThreadLocalRunnable.run(FastThreadLocalRunnable.java:30)
	... 1 more
Caused by: java.net.ConnectException: Connection refused
	... 11 more
2019-11-14 22:49:51,424 [720981dd-80b6-4b59-8027-74344e9fba7b@group-E5CD7693E4BE-LeaderElection172] INFO  impl.LeaderElection (LogUtils.java:infoOrTrace(149)) -   Exception 0: {}
java.util.concurrent.ExecutionException: org.apache.ratis.thirdparty.io.grpc.StatusRuntimeException: UNAVAILABLE: io exception
	at java.util.concurrent.FutureTask.report(FutureTask.java:122)
	at java.util.concurrent.FutureTask.get(FutureTask.java:192)
	at org.apache.ratis.server.impl.LeaderElection.waitForResults(LeaderElection.java:259)
	at org.apache.ratis.server.impl.LeaderElection.askForVotes(LeaderElection.java:197)
	at org.apache.ratis.server.impl.LeaderElection.run(LeaderElection.java:133)
	at java.lang.Thread.run(Thread.java:748)
Caused by: org.apache.ratis.thirdparty.io.grpc.StatusRuntimeException: UNAVAILABLE: io exception
	at org.apache.ratis.thirdparty.io.grpc.stub.ClientCalls.toStatusRuntimeException(ClientCalls.java:233)
	at org.apache.ratis.thirdparty.io.grpc.stub.ClientCalls.getUnchecked(ClientCalls.java:214)
	at org.apache.ratis.thirdparty.io.grpc.stub.ClientCalls.blockingUnaryCall(ClientCalls.java:139)
	at org.apache.ratis.proto.grpc.RaftServerProtocolServiceGrpc$RaftServerProtocolServiceBlockingStub.requestVote(RaftServerProtocolServiceGrpc.java:265)
	at org.apache.ratis.grpc.server.GrpcServerProtocolClient.requestVote(GrpcServerProtocolClient.java:99)
	at org.apache.ratis.grpc.server.GrpcService.requestVote(GrpcService.java:204)
	at org.apache.ratis.server.impl.LeaderElection.lambda$submitRequests$1(LeaderElection.java:234)
	at java.util.concurrent.FutureTask.run(FutureTask.java:266)
	at java.util.concurrent.Executors$RunnableAdapter.call(Executors.java:511)
	at java.util.concurrent.FutureTask.run(FutureTask.java:266)
	at java.util.concurrent.ThreadPoolExecutor.runWorker(ThreadPoolExecutor.java:1149)
	at java.util.concurrent.ThreadPoolExecutor$Worker.run(ThreadPoolExecutor.java:624)
	... 1 more
Caused by: org.apache.ratis.thirdparty.io.netty.channel.AbstractChannel$AnnotatedConnectException: Connection refused: /192.168.69.106:42937
	at sun.nio.ch.SocketChannelImpl.checkConnect(Native Method)
	at sun.nio.ch.SocketChannelImpl.finishConnect(SocketChannelImpl.java:717)
	at org.apache.ratis.thirdparty.io.netty.channel.socket.nio.NioSocketChannel.doFinishConnect(NioSocketChannel.java:327)
	at org.apache.ratis.thirdparty.io.netty.channel.nio.AbstractNioChannel$AbstractNioUnsafe.finishConnect(AbstractNioChannel.java:340)
	at org.apache.ratis.thirdparty.io.netty.channel.nio.NioEventLoop.processSelectedKey(NioEventLoop.java:632)
	at org.apache.ratis.thirdparty.io.netty.channel.nio.NioEventLoop.processSelectedKeysOptimized(NioEventLoop.java:579)
	at org.apache.ratis.thirdparty.io.netty.channel.nio.NioEventLoop.processSelectedKeys(NioEventLoop.java:496)
	at org.apache.ratis.thirdparty.io.netty.channel.nio.NioEventLoop.run(NioEventLoop.java:458)
	at org.apache.ratis.thirdparty.io.netty.util.concurrent.SingleThreadEventExecutor$5.run(SingleThreadEventExecutor.java:897)
	at org.apache.ratis.thirdparty.io.netty.util.concurrent.FastThreadLocalRunnable.run(FastThreadLocalRunnable.java:30)
	... 1 more
Caused by: java.net.ConnectException: Connection refused
	... 11 more
2019-11-14 22:49:51,424 [7d8f40ed-fc7e-4283-96c6-8f8f645c1bfe@group-E5CD7693E4BE-LeaderElection171] INFO  impl.RaftServerImpl (RaftServerImpl.java:setRole(173)) - 7d8f40ed-fc7e-4283-96c6-8f8f645c1bfe@group-E5CD7693E4BE: changes role from CANDIDATE to FOLLOWER at term 7 for DISCOVERED_A_NEW_TERM
2019-11-14 22:49:51,424 [720981dd-80b6-4b59-8027-74344e9fba7b@group-E5CD7693E4BE-LeaderElection172] INFO  impl.RaftServerImpl (RaftServerImpl.java:setRole(173)) - 720981dd-80b6-4b59-8027-74344e9fba7b@group-E5CD7693E4BE: changes role from CANDIDATE to FOLLOWER at term 7 for DISCOVERED_A_NEW_TERM
2019-11-14 22:49:51,424 [7d8f40ed-fc7e-4283-96c6-8f8f645c1bfe@group-E5CD7693E4BE-LeaderElection171] INFO  impl.RoleInfo (RoleInfo.java:shutdownLeaderElection(134)) - 7d8f40ed-fc7e-4283-96c6-8f8f645c1bfe: shutdown LeaderElection
2019-11-14 22:49:51,425 [720981dd-80b6-4b59-8027-74344e9fba7b@group-E5CD7693E4BE-LeaderElection172] INFO  impl.RoleInfo (RoleInfo.java:shutdownLeaderElection(134)) - 720981dd-80b6-4b59-8027-74344e9fba7b: shutdown LeaderElection
2019-11-14 22:49:51,425 [7d8f40ed-fc7e-4283-96c6-8f8f645c1bfe@group-E5CD7693E4BE-LeaderElection171] INFO  impl.RoleInfo (RoleInfo.java:updateAndGet(143)) - 7d8f40ed-fc7e-4283-96c6-8f8f645c1bfe: start FollowerState
2019-11-14 22:49:51,425 [720981dd-80b6-4b59-8027-74344e9fba7b@group-E5CD7693E4BE-LeaderElection172] INFO  impl.RoleInfo (RoleInfo.java:updateAndGet(143)) - 720981dd-80b6-4b59-8027-74344e9fba7b: start FollowerState
2019-11-14 22:49:51,438 [grpc-default-executor-5] WARN  server.GrpcLogAppender (LogUtils.java:warn(134)) - 82d9b010-cdd2-48aa-a03f-c52b44e44827@group-F1AED5EE4D6F->df16aec3-050f-40e4-a922-70bdb89d4bf1-AppendLogResponseHandler: Failed appendEntries: org.apache.ratis.thirdparty.io.grpc.StatusRuntimeException: CANCELLED: Failed to read message.
2019-11-14 22:49:51,456 [grpc-default-executor-5] INFO  impl.FollowerInfo (FollowerInfo.java:lambda$new$0(51)) - 82d9b010-cdd2-48aa-a03f-c52b44e44827@group-F1AED5EE4D6F->df16aec3-050f-40e4-a922-70bdb89d4bf1: nextIndex: updateUnconditionally 5 -> 1
2019-11-14 22:49:51,456 [grpc-default-executor-9] WARN  server.GrpcLogAppender (LogUtils.java:warn(134)) - 82d9b010-cdd2-48aa-a03f-c52b44e44827@group-F1AED5EE4D6F->c5c819e6-85b2-482d-9128-e8ea2b7ba4a4-AppendLogResponseHandler: Failed appendEntries: org.apache.ratis.thirdparty.io.grpc.StatusRuntimeException: CANCELLED: Failed to read message.
2019-11-14 22:49:51,457 [grpc-default-executor-8] WARN  server.GrpcServerProtocolService (LogUtils.java:warn(134)) - df16aec3-050f-40e4-a922-70bdb89d4bf1: installSnapshot onError, lastRequest: 82d9b010-cdd2-48aa-a03f-c52b44e44827->df16aec3-050f-40e4-a922-70bdb89d4bf1#57-t1, previous=(t:1, i:4), leaderCommit=0, initializing? false, entries: <empty>: org.apache.ratis.thirdparty.io.grpc.StatusRuntimeException: CANCELLED: cancelled before receiving half close
2019-11-14 22:49:51,457 [grpc-default-executor-6] WARN  server.GrpcServerProtocolService (LogUtils.java:warn(134)) - c5c819e6-85b2-482d-9128-e8ea2b7ba4a4: installSnapshot onError, lastRequest: 82d9b010-cdd2-48aa-a03f-c52b44e44827->c5c819e6-85b2-482d-9128-e8ea2b7ba4a4#57-t1, previous=(t:1, i:4), leaderCommit=0, initializing? false, entries: <empty>: org.apache.ratis.thirdparty.io.grpc.StatusRuntimeException: CANCELLED: cancelled before receiving half close
2019-11-14 22:49:51,458 [grpc-default-executor-9] INFO  impl.FollowerInfo (FollowerInfo.java:lambda$new$0(51)) - 82d9b010-cdd2-48aa-a03f-c52b44e44827@group-F1AED5EE4D6F->c5c819e6-85b2-482d-9128-e8ea2b7ba4a4: nextIndex: updateUnconditionally 5 -> 1
2019-11-14 22:49:51,764 [main] INFO  ozone.MiniOzoneClusterImpl (MiniOzoneClusterImpl.java:shutdown(352)) - Shutting down the Mini Ozone Cluster
2019-11-14 22:49:51,765 [main] INFO  ozone.MiniOzoneClusterImpl (MiniOzoneClusterImpl.java:stop(368)) - Stopping the Mini Ozone Cluster
2019-11-14 22:49:51,765 [main] INFO  ozone.MiniOzoneClusterImpl (MiniOzoneClusterImpl.java:stopOM(438)) - Stopping the OzoneManager
2019-11-14 22:49:51,765 [main] INFO  ipc.Server (Server.java:stop(3082)) - Stopping server on 45190
2019-11-14 22:49:51,776 [IPC Server listener on 45190] INFO  ipc.Server (Server.java:run(1185)) - Stopping IPC Server listener on 45190
2019-11-14 22:49:51,779 [IPC Server Responder] INFO  ipc.Server (Server.java:run(1319)) - Stopping IPC Server Responder
2019-11-14 22:49:51,779 [main] INFO  ratis.OzoneManagerDoubleBuffer (OzoneManagerDoubleBuffer.java:stop(261)) - Stopping OMDoubleBuffer flush thread
2019-11-14 22:49:51,786 [OMDoubleBufferFlushThread] INFO  ratis.OzoneManagerDoubleBuffer (OzoneManagerDoubleBuffer.java:flushTransactions(199)) - OMDoubleBuffer flush thread OMDoubleBufferFlushThread is interrupted and will exit. OMDoubleBufferFlushThread
2019-11-14 22:49:51,786 [main] INFO  utils.BackgroundService (BackgroundService.java:shutdown(151)) - Shutting down service KeyDeletingService
2019-11-14 22:49:51,788 [main] INFO  handler.ContextHandler (ContextHandler.java:doStop(910)) - Stopped o.e.j.w.WebAppContext@6b9c42bd{/,null,UNAVAILABLE}{/ozoneManager}
2019-11-14 22:49:51,788 [main] INFO  server.AbstractConnector (AbstractConnector.java:doStop(318)) - Stopped ServerConnector@584ca390{HTTP/1.1,[http/1.1]}{0.0.0.0:0}
2019-11-14 22:49:51,789 [main] INFO  handler.ContextHandler (ContextHandler.java:doStop(910)) - Stopped o.e.j.s.ServletContextHandler@27898e13{/static,file:///workdir/hadoop-ozone/integration-test/target/test-classes/webapps/static,UNAVAILABLE}
2019-11-14 22:49:51,789 [main] INFO  handler.ContextHandler (ContextHandler.java:doStop(910)) - Stopped o.e.j.s.ServletContextHandler@51e8d066{/logs,file:///workdir/hadoop-ozone/integration-test/target/log,UNAVAILABLE}
2019-11-14 22:49:51,802 [main] INFO  ozone.MiniOzoneClusterImpl (MiniOzoneClusterImpl.java:stopDatanodes(415)) - Stopping the HddsDatanodes
2019-11-14 22:49:52,068 [Datanode State Machine Thread - 0] INFO  statemachine.DatanodeStateMachine (DatanodeStateMachine.java:lambda$startDaemon$0(355)) - Ozone container server started.
2019-11-14 22:49:52,456 [Thread-3993] INFO  impl.FollowerState (FollowerState.java:run(111)) - 720981dd-80b6-4b59-8027-74344e9fba7b@group-E5CD7693E4BE-FollowerState: change to CANDIDATE, lastRpcTime:1031ms, electionTimeout:1031ms
2019-11-14 22:49:52,457 [Thread-3993] INFO  impl.RoleInfo (RoleInfo.java:shutdownFollowerState(121)) - 720981dd-80b6-4b59-8027-74344e9fba7b: shutdown FollowerState
2019-11-14 22:49:52,457 [Thread-3993] INFO  impl.RaftServerImpl (RaftServerImpl.java:setRole(173)) - 720981dd-80b6-4b59-8027-74344e9fba7b@group-E5CD7693E4BE: changes role from  FOLLOWER to CANDIDATE at term 7 for changeToCandidate
2019-11-14 22:49:52,457 [Thread-3993] INFO  impl.RoleInfo (RoleInfo.java:updateAndGet(143)) - 720981dd-80b6-4b59-8027-74344e9fba7b: start LeaderElection
2019-11-14 22:49:52,480 [720981dd-80b6-4b59-8027-74344e9fba7b@group-E5CD7693E4BE-LeaderElection173] INFO  impl.LeaderElection (LeaderElection.java:askForVotes(178)) - 720981dd-80b6-4b59-8027-74344e9fba7b@group-E5CD7693E4BE-LeaderElection173: begin an election at term 8 for 0: [58f72cb5-8974-4d0e-9564-cfe3e68dc671:192.168.69.106:42937, 720981dd-80b6-4b59-8027-74344e9fba7b:192.168.69.106:33190, 7d8f40ed-fc7e-4283-96c6-8f8f645c1bfe:192.168.69.106:40228], old=null
2019-11-14 22:49:52,481 [Thread-3992] INFO  impl.FollowerState (FollowerState.java:run(111)) - 7d8f40ed-fc7e-4283-96c6-8f8f645c1bfe@group-E5CD7693E4BE-FollowerState: change to CANDIDATE, lastRpcTime:1056ms, electionTimeout:1056ms
2019-11-14 22:49:52,482 [Thread-3992] INFO  impl.RoleInfo (RoleInfo.java:shutdownFollowerState(121)) - 7d8f40ed-fc7e-4283-96c6-8f8f645c1bfe: shutdown FollowerState
2019-11-14 22:49:52,482 [720981dd-80b6-4b59-8027-74344e9fba7b@group-E5CD7693E4BE-LeaderElection173] INFO  impl.LeaderElection (LogUtils.java:infoOrTrace(149)) - 720981dd-80b6-4b59-8027-74344e9fba7b@group-E5CD7693E4BE-LeaderElection173 got exception when requesting votes: {}
java.util.concurrent.ExecutionException: org.apache.ratis.thirdparty.io.grpc.StatusRuntimeException: UNAVAILABLE: io exception
	at java.util.concurrent.FutureTask.report(FutureTask.java:122)
	at java.util.concurrent.FutureTask.get(FutureTask.java:192)
	at org.apache.ratis.server.impl.LeaderElection.waitForResults(LeaderElection.java:259)
	at org.apache.ratis.server.impl.LeaderElection.askForVotes(LeaderElection.java:197)
	at org.apache.ratis.server.impl.LeaderElection.run(LeaderElection.java:133)
	at java.lang.Thread.run(Thread.java:748)
Caused by: org.apache.ratis.thirdparty.io.grpc.StatusRuntimeException: UNAVAILABLE: io exception
	at org.apache.ratis.thirdparty.io.grpc.stub.ClientCalls.toStatusRuntimeException(ClientCalls.java:233)
	at org.apache.ratis.thirdparty.io.grpc.stub.ClientCalls.getUnchecked(ClientCalls.java:214)
	at org.apache.ratis.thirdparty.io.grpc.stub.ClientCalls.blockingUnaryCall(ClientCalls.java:139)
	at org.apache.ratis.proto.grpc.RaftServerProtocolServiceGrpc$RaftServerProtocolServiceBlockingStub.requestVote(RaftServerProtocolServiceGrpc.java:265)
	at org.apache.ratis.grpc.server.GrpcServerProtocolClient.requestVote(GrpcServerProtocolClient.java:99)
	at org.apache.ratis.grpc.server.GrpcService.requestVote(GrpcService.java:204)
	at org.apache.ratis.server.impl.LeaderElection.lambda$submitRequests$1(LeaderElection.java:234)
	at java.util.concurrent.FutureTask.run(FutureTask.java:266)
	at java.util.concurrent.Executors$RunnableAdapter.call(Executors.java:511)
	at java.util.concurrent.FutureTask.run(FutureTask.java:266)
	at java.util.concurrent.ThreadPoolExecutor.runWorker(ThreadPoolExecutor.java:1149)
	at java.util.concurrent.ThreadPoolExecutor$Worker.run(ThreadPoolExecutor.java:624)
	... 1 more
Caused by: org.apache.ratis.thirdparty.io.netty.channel.AbstractChannel$AnnotatedConnectException: Connection refused: /192.168.69.106:42937
	at sun.nio.ch.SocketChannelImpl.checkConnect(Native Method)
	at sun.nio.ch.SocketChannelImpl.finishConnect(SocketChannelImpl.java:717)
	at org.apache.ratis.thirdparty.io.netty.channel.socket.nio.NioSocketChannel.doFinishConnect(NioSocketChannel.java:327)
	at org.apache.ratis.thirdparty.io.netty.channel.nio.AbstractNioChannel$AbstractNioUnsafe.finishConnect(AbstractNioChannel.java:340)
	at org.apache.ratis.thirdparty.io.netty.channel.nio.NioEventLoop.processSelectedKey(NioEventLoop.java:632)
	at org.apache.ratis.thirdparty.io.netty.channel.nio.NioEventLoop.processSelectedKeysOptimized(NioEventLoop.java:579)
	at org.apache.ratis.thirdparty.io.netty.channel.nio.NioEventLoop.processSelectedKeys(NioEventLoop.java:496)
	at org.apache.ratis.thirdparty.io.netty.channel.nio.NioEventLoop.run(NioEventLoop.java:458)
	at org.apache.ratis.thirdparty.io.netty.util.concurrent.SingleThreadEventExecutor$5.run(SingleThreadEventExecutor.java:897)
	at org.apache.ratis.thirdparty.io.netty.util.concurrent.FastThreadLocalRunnable.run(FastThreadLocalRunnable.java:30)
	... 1 more
Caused by: java.net.ConnectException: Connection refused
	... 11 more
2019-11-14 22:49:52,482 [Thread-3992] INFO  impl.RaftServerImpl (RaftServerImpl.java:setRole(173)) - 7d8f40ed-fc7e-4283-96c6-8f8f645c1bfe@group-E5CD7693E4BE: changes role from  FOLLOWER to CANDIDATE at term 7 for changeToCandidate
2019-11-14 22:49:52,483 [Thread-3992] INFO  impl.RoleInfo (RoleInfo.java:updateAndGet(143)) - 7d8f40ed-fc7e-4283-96c6-8f8f645c1bfe: start LeaderElection
2019-11-14 22:49:52,506 [7d8f40ed-fc7e-4283-96c6-8f8f645c1bfe@group-E5CD7693E4BE-LeaderElection174] INFO  impl.LeaderElection (LeaderElection.java:askForVotes(178)) - 7d8f40ed-fc7e-4283-96c6-8f8f645c1bfe@group-E5CD7693E4BE-LeaderElection174: begin an election at term 8 for 0: [58f72cb5-8974-4d0e-9564-cfe3e68dc671:192.168.69.106:42937, 720981dd-80b6-4b59-8027-74344e9fba7b:192.168.69.106:33190, 7d8f40ed-fc7e-4283-96c6-8f8f645c1bfe:192.168.69.106:40228], old=null
2019-11-14 22:49:52,507 [720981dd-80b6-4b59-8027-74344e9fba7b@group-E5CD7693E4BE-LeaderElection173] INFO  impl.LeaderElection (LeaderElection.java:logAndReturn(56)) - 720981dd-80b6-4b59-8027-74344e9fba7b@group-E5CD7693E4BE-LeaderElection173: Election REJECTED; received 1 response(s) [720981dd-80b6-4b59-8027-74344e9fba7b<-7d8f40ed-fc7e-4283-96c6-8f8f645c1bfe#0:FAIL-t8] and 1 exception(s); 720981dd-80b6-4b59-8027-74344e9fba7b@group-E5CD7693E4BE:t8, leader=null, voted=720981dd-80b6-4b59-8027-74344e9fba7b, raftlog=720981dd-80b6-4b59-8027-74344e9fba7b@group-E5CD7693E4BE-SegmentedRaftLog:OPENED:c0,f0,i0, conf=0: [58f72cb5-8974-4d0e-9564-cfe3e68dc671:192.168.69.106:42937, 720981dd-80b6-4b59-8027-74344e9fba7b:192.168.69.106:33190, 7d8f40ed-fc7e-4283-96c6-8f8f645c1bfe:192.168.69.106:40228], old=null
2019-11-14 22:49:52,507 [720981dd-80b6-4b59-8027-74344e9fba7b@group-E5CD7693E4BE-LeaderElection173] INFO  impl.LeaderElection (LogUtils.java:infoOrTrace(149)) -   Exception 0: {}
java.util.concurrent.ExecutionException: org.apache.ratis.thirdparty.io.grpc.StatusRuntimeException: UNAVAILABLE: io exception
	at java.util.concurrent.FutureTask.report(FutureTask.java:122)
	at java.util.concurrent.FutureTask.get(FutureTask.java:192)
	at org.apache.ratis.server.impl.LeaderElection.waitForResults(LeaderElection.java:259)
	at org.apache.ratis.server.impl.LeaderElection.askForVotes(LeaderElection.java:197)
	at org.apache.ratis.server.impl.LeaderElection.run(LeaderElection.java:133)
	at java.lang.Thread.run(Thread.java:748)
Caused by: org.apache.ratis.thirdparty.io.grpc.StatusRuntimeException: UNAVAILABLE: io exception
	at org.apache.ratis.thirdparty.io.grpc.stub.ClientCalls.toStatusRuntimeException(ClientCalls.java:233)
	at org.apache.ratis.thirdparty.io.grpc.stub.ClientCalls.getUnchecked(ClientCalls.java:214)
	at org.apache.ratis.thirdparty.io.grpc.stub.ClientCalls.blockingUnaryCall(ClientCalls.java:139)
	at org.apache.ratis.proto.grpc.RaftServerProtocolServiceGrpc$RaftServerProtocolServiceBlockingStub.requestVote(RaftServerProtocolServiceGrpc.java:265)
	at org.apache.ratis.grpc.server.GrpcServerProtocolClient.requestVote(GrpcServerProtocolClient.java:99)
	at org.apache.ratis.grpc.server.GrpcService.requestVote(GrpcService.java:204)
	at org.apache.ratis.server.impl.LeaderElection.lambda$submitRequests$1(LeaderElection.java:234)
	at java.util.concurrent.FutureTask.run(FutureTask.java:266)
	at java.util.concurrent.Executors$RunnableAdapter.call(Executors.java:511)
	at java.util.concurrent.FutureTask.run(FutureTask.java:266)
	at java.util.concurrent.ThreadPoolExecutor.runWorker(ThreadPoolExecutor.java:1149)
	at java.util.concurrent.ThreadPoolExecutor$Worker.run(ThreadPoolExecutor.java:624)
	... 1 more
Caused by: org.apache.ratis.thirdparty.io.netty.channel.AbstractChannel$AnnotatedConnectException: Connection refused: /192.168.69.106:42937
	at sun.nio.ch.SocketChannelImpl.checkConnect(Native Method)
	at sun.nio.ch.SocketChannelImpl.finishConnect(SocketChannelImpl.java:717)
	at org.apache.ratis.thirdparty.io.netty.channel.socket.nio.NioSocketChannel.doFinishConnect(NioSocketChannel.java:327)
	at org.apache.ratis.thirdparty.io.netty.channel.nio.AbstractNioChannel$AbstractNioUnsafe.finishConnect(AbstractNioChannel.java:340)
	at org.apache.ratis.thirdparty.io.netty.channel.nio.NioEventLoop.processSelectedKey(NioEventLoop.java:632)
	at org.apache.ratis.thirdparty.io.netty.channel.nio.NioEventLoop.processSelectedKeysOptimized(NioEventLoop.java:579)
	at org.apache.ratis.thirdparty.io.netty.channel.nio.NioEventLoop.processSelectedKeys(NioEventLoop.java:496)
	at org.apache.ratis.thirdparty.io.netty.channel.nio.NioEventLoop.run(NioEventLoop.java:458)
	at org.apache.ratis.thirdparty.io.netty.util.concurrent.SingleThreadEventExecutor$5.run(SingleThreadEventExecutor.java:897)
	at org.apache.ratis.thirdparty.io.netty.util.concurrent.FastThreadLocalRunnable.run(FastThreadLocalRunnable.java:30)
	... 1 more
Caused by: java.net.ConnectException: Connection refused
	... 11 more
2019-11-14 22:49:52,507 [7d8f40ed-fc7e-4283-96c6-8f8f645c1bfe@group-E5CD7693E4BE-LeaderElection174] INFO  impl.LeaderElection (LogUtils.java:infoOrTrace(149)) - 7d8f40ed-fc7e-4283-96c6-8f8f645c1bfe@group-E5CD7693E4BE-LeaderElection174 got exception when requesting votes: {}
java.util.concurrent.ExecutionException: org.apache.ratis.thirdparty.io.grpc.StatusRuntimeException: UNAVAILABLE: io exception
	at java.util.concurrent.FutureTask.report(FutureTask.java:122)
	at java.util.concurrent.FutureTask.get(FutureTask.java:192)
	at org.apache.ratis.server.impl.LeaderElection.waitForResults(LeaderElection.java:259)
	at org.apache.ratis.server.impl.LeaderElection.askForVotes(LeaderElection.java:197)
	at org.apache.ratis.server.impl.LeaderElection.run(LeaderElection.java:133)
	at java.lang.Thread.run(Thread.java:748)
Caused by: org.apache.ratis.thirdparty.io.grpc.StatusRuntimeException: UNAVAILABLE: io exception
	at org.apache.ratis.thirdparty.io.grpc.stub.ClientCalls.toStatusRuntimeException(ClientCalls.java:233)
	at org.apache.ratis.thirdparty.io.grpc.stub.ClientCalls.getUnchecked(ClientCalls.java:214)
	at org.apache.ratis.thirdparty.io.grpc.stub.ClientCalls.blockingUnaryCall(ClientCalls.java:139)
	at org.apache.ratis.proto.grpc.RaftServerProtocolServiceGrpc$RaftServerProtocolServiceBlockingStub.requestVote(RaftServerProtocolServiceGrpc.java:265)
	at org.apache.ratis.grpc.server.GrpcServerProtocolClient.requestVote(GrpcServerProtocolClient.java:99)
	at org.apache.ratis.grpc.server.GrpcService.requestVote(GrpcService.java:204)
	at org.apache.ratis.server.impl.LeaderElection.lambda$submitRequests$1(LeaderElection.java:234)
	at java.util.concurrent.FutureTask.run(FutureTask.java:266)
	at java.util.concurrent.Executors$RunnableAdapter.call(Executors.java:511)
	at java.util.concurrent.FutureTask.run(FutureTask.java:266)
	at java.util.concurrent.ThreadPoolExecutor.runWorker(ThreadPoolExecutor.java:1149)
	at java.util.concurrent.ThreadPoolExecutor$Worker.run(ThreadPoolExecutor.java:624)
	... 1 more
Caused by: org.apache.ratis.thirdparty.io.netty.channel.AbstractChannel$AnnotatedConnectException: Connection refused: /192.168.69.106:42937
	at sun.nio.ch.SocketChannelImpl.checkConnect(Native Method)
	at sun.nio.ch.SocketChannelImpl.finishConnect(SocketChannelImpl.java:717)
	at org.apache.ratis.thirdparty.io.netty.channel.socket.nio.NioSocketChannel.doFinishConnect(NioSocketChannel.java:327)
	at org.apache.ratis.thirdparty.io.netty.channel.nio.AbstractNioChannel$AbstractNioUnsafe.finishConnect(AbstractNioChannel.java:340)
	at org.apache.ratis.thirdparty.io.netty.channel.nio.NioEventLoop.processSelectedKey(NioEventLoop.java:632)
	at org.apache.ratis.thirdparty.io.netty.channel.nio.NioEventLoop.processSelectedKeysOptimized(NioEventLoop.java:579)
	at org.apache.ratis.thirdparty.io.netty.channel.nio.NioEventLoop.processSelectedKeys(NioEventLoop.java:496)
	at org.apache.ratis.thirdparty.io.netty.channel.nio.NioEventLoop.run(NioEventLoop.java:458)
	at org.apache.ratis.thirdparty.io.netty.util.concurrent.SingleThreadEventExecutor$5.run(SingleThreadEventExecutor.java:897)
	at org.apache.ratis.thirdparty.io.netty.util.concurrent.FastThreadLocalRunnable.run(FastThreadLocalRunnable.java:30)
	... 1 more
Caused by: java.net.ConnectException: Connection refused
	... 11 more
2019-11-14 22:49:52,507 [720981dd-80b6-4b59-8027-74344e9fba7b@group-E5CD7693E4BE-LeaderElection173] INFO  impl.RaftServerImpl (RaftServerImpl.java:setRole(173)) - 720981dd-80b6-4b59-8027-74344e9fba7b@group-E5CD7693E4BE: changes role from CANDIDATE to FOLLOWER at term 8 for DISCOVERED_A_NEW_TERM
2019-11-14 22:49:52,508 [720981dd-80b6-4b59-8027-74344e9fba7b@group-E5CD7693E4BE-LeaderElection173] INFO  impl.RoleInfo (RoleInfo.java:shutdownLeaderElection(134)) - 720981dd-80b6-4b59-8027-74344e9fba7b: shutdown LeaderElection
2019-11-14 22:49:52,508 [720981dd-80b6-4b59-8027-74344e9fba7b@group-E5CD7693E4BE-LeaderElection173] INFO  impl.RoleInfo (RoleInfo.java:updateAndGet(143)) - 720981dd-80b6-4b59-8027-74344e9fba7b: start FollowerState
2019-11-14 22:49:52,509 [7d8f40ed-fc7e-4283-96c6-8f8f645c1bfe@group-E5CD7693E4BE-LeaderElection174] INFO  impl.LeaderElection (LeaderElection.java:logAndReturn(56)) - 7d8f40ed-fc7e-4283-96c6-8f8f645c1bfe@group-E5CD7693E4BE-LeaderElection174: Election REJECTED; received 1 response(s) [7d8f40ed-fc7e-4283-96c6-8f8f645c1bfe<-720981dd-80b6-4b59-8027-74344e9fba7b#0:FAIL-t8] and 1 exception(s); 7d8f40ed-fc7e-4283-96c6-8f8f645c1bfe@group-E5CD7693E4BE:t8, leader=null, voted=7d8f40ed-fc7e-4283-96c6-8f8f645c1bfe, raftlog=7d8f40ed-fc7e-4283-96c6-8f8f645c1bfe@group-E5CD7693E4BE-SegmentedRaftLog:OPENED:c0,f0,i0, conf=0: [58f72cb5-8974-4d0e-9564-cfe3e68dc671:192.168.69.106:42937, 720981dd-80b6-4b59-8027-74344e9fba7b:192.168.69.106:33190, 7d8f40ed-fc7e-4283-96c6-8f8f645c1bfe:192.168.69.106:40228], old=null
2019-11-14 22:49:52,509 [7d8f40ed-fc7e-4283-96c6-8f8f645c1bfe@group-E5CD7693E4BE-LeaderElection174] INFO  impl.LeaderElection (LogUtils.java:infoOrTrace(149)) -   Exception 0: {}
java.util.concurrent.ExecutionException: org.apache.ratis.thirdparty.io.grpc.StatusRuntimeException: UNAVAILABLE: io exception
	at java.util.concurrent.FutureTask.report(FutureTask.java:122)
	at java.util.concurrent.FutureTask.get(FutureTask.java:192)
	at org.apache.ratis.server.impl.LeaderElection.waitForResults(LeaderElection.java:259)
	at org.apache.ratis.server.impl.LeaderElection.askForVotes(LeaderElection.java:197)
	at org.apache.ratis.server.impl.LeaderElection.run(LeaderElection.java:133)
	at java.lang.Thread.run(Thread.java:748)
Caused by: org.apache.ratis.thirdparty.io.grpc.StatusRuntimeException: UNAVAILABLE: io exception
	at org.apache.ratis.thirdparty.io.grpc.stub.ClientCalls.toStatusRuntimeException(ClientCalls.java:233)
	at org.apache.ratis.thirdparty.io.grpc.stub.ClientCalls.getUnchecked(ClientCalls.java:214)
	at org.apache.ratis.thirdparty.io.grpc.stub.ClientCalls.blockingUnaryCall(ClientCalls.java:139)
	at org.apache.ratis.proto.grpc.RaftServerProtocolServiceGrpc$RaftServerProtocolServiceBlockingStub.requestVote(RaftServerProtocolServiceGrpc.java:265)
	at org.apache.ratis.grpc.server.GrpcServerProtocolClient.requestVote(GrpcServerProtocolClient.java:99)
	at org.apache.ratis.grpc.server.GrpcService.requestVote(GrpcService.java:204)
	at org.apache.ratis.server.impl.LeaderElection.lambda$submitRequests$1(LeaderElection.java:234)
	at java.util.concurrent.FutureTask.run(FutureTask.java:266)
	at java.util.concurrent.Executors$RunnableAdapter.call(Executors.java:511)
	at java.util.concurrent.FutureTask.run(FutureTask.java:266)
	at java.util.concurrent.ThreadPoolExecutor.runWorker(ThreadPoolExecutor.java:1149)
	at java.util.concurrent.ThreadPoolExecutor$Worker.run(ThreadPoolExecutor.java:624)
	... 1 more
Caused by: org.apache.ratis.thirdparty.io.netty.channel.AbstractChannel$AnnotatedConnectException: Connection refused: /192.168.69.106:42937
	at sun.nio.ch.SocketChannelImpl.checkConnect(Native Method)
	at sun.nio.ch.SocketChannelImpl.finishConnect(SocketChannelImpl.java:717)
	at org.apache.ratis.thirdparty.io.netty.channel.socket.nio.NioSocketChannel.doFinishConnect(NioSocketChannel.java:327)
	at org.apache.ratis.thirdparty.io.netty.channel.nio.AbstractNioChannel$AbstractNioUnsafe.finishConnect(AbstractNioChannel.java:340)
	at org.apache.ratis.thirdparty.io.netty.channel.nio.NioEventLoop.processSelectedKey(NioEventLoop.java:632)
	at org.apache.ratis.thirdparty.io.netty.channel.nio.NioEventLoop.processSelectedKeysOptimized(NioEventLoop.java:579)
	at org.apache.ratis.thirdparty.io.netty.channel.nio.NioEventLoop.processSelectedKeys(NioEventLoop.java:496)
	at org.apache.ratis.thirdparty.io.netty.channel.nio.NioEventLoop.run(NioEventLoop.java:458)
	at org.apache.ratis.thirdparty.io.netty.util.concurrent.SingleThreadEventExecutor$5.run(SingleThreadEventExecutor.java:897)
	at org.apache.ratis.thirdparty.io.netty.util.concurrent.FastThreadLocalRunnable.run(FastThreadLocalRunnable.java:30)
	... 1 more
Caused by: java.net.ConnectException: Connection refused
	... 11 more
2019-11-14 22:49:52,509 [7d8f40ed-fc7e-4283-96c6-8f8f645c1bfe@group-E5CD7693E4BE-LeaderElection174] INFO  impl.RaftServerImpl (RaftServerImpl.java:setRole(173)) - 7d8f40ed-fc7e-4283-96c6-8f8f645c1bfe@group-E5CD7693E4BE: changes role from CANDIDATE to FOLLOWER at term 8 for DISCOVERED_A_NEW_TERM
2019-11-14 22:49:52,509 [7d8f40ed-fc7e-4283-96c6-8f8f645c1bfe@group-E5CD7693E4BE-LeaderElection174] INFO  impl.RoleInfo (RoleInfo.java:shutdownLeaderElection(134)) - 7d8f40ed-fc7e-4283-96c6-8f8f645c1bfe: shutdown LeaderElection
2019-11-14 22:49:52,510 [7d8f40ed-fc7e-4283-96c6-8f8f645c1bfe@group-E5CD7693E4BE-LeaderElection174] INFO  impl.RoleInfo (RoleInfo.java:updateAndGet(143)) - 7d8f40ed-fc7e-4283-96c6-8f8f645c1bfe: start FollowerState
2019-11-14 22:49:52,695 [Datanode State Machine Thread - 0] INFO  statemachine.DatanodeStateMachine (DatanodeStateMachine.java:lambda$startDaemon$0(355)) - Ozone container server started.
2019-11-14 22:49:53,535 [Thread-4045] INFO  impl.FollowerState (FollowerState.java:run(111)) - 7d8f40ed-fc7e-4283-96c6-8f8f645c1bfe@group-E5CD7693E4BE-FollowerState: change to CANDIDATE, lastRpcTime:1025ms, electionTimeout:1025ms
2019-11-14 22:49:53,535 [Thread-4045] INFO  impl.RoleInfo (RoleInfo.java:shutdownFollowerState(121)) - 7d8f40ed-fc7e-4283-96c6-8f8f645c1bfe: shutdown FollowerState
2019-11-14 22:49:53,535 [Thread-4045] INFO  impl.RaftServerImpl (RaftServerImpl.java:setRole(173)) - 7d8f40ed-fc7e-4283-96c6-8f8f645c1bfe@group-E5CD7693E4BE: changes role from  FOLLOWER to CANDIDATE at term 8 for changeToCandidate
2019-11-14 22:49:53,535 [Thread-4045] INFO  impl.RoleInfo (RoleInfo.java:updateAndGet(143)) - 7d8f40ed-fc7e-4283-96c6-8f8f645c1bfe: start LeaderElection
2019-11-14 22:49:53,560 [7d8f40ed-fc7e-4283-96c6-8f8f645c1bfe@group-E5CD7693E4BE-LeaderElection175] INFO  impl.LeaderElection (LeaderElection.java:askForVotes(178)) - 7d8f40ed-fc7e-4283-96c6-8f8f645c1bfe@group-E5CD7693E4BE-LeaderElection175: begin an election at term 9 for 0: [58f72cb5-8974-4d0e-9564-cfe3e68dc671:192.168.69.106:42937, 720981dd-80b6-4b59-8027-74344e9fba7b:192.168.69.106:33190, 7d8f40ed-fc7e-4283-96c6-8f8f645c1bfe:192.168.69.106:40228], old=null
2019-11-14 22:49:53,561 [7d8f40ed-fc7e-4283-96c6-8f8f645c1bfe@group-E5CD7693E4BE-LeaderElection175] INFO  impl.LeaderElection (LogUtils.java:infoOrTrace(149)) - 7d8f40ed-fc7e-4283-96c6-8f8f645c1bfe@group-E5CD7693E4BE-LeaderElection175 got exception when requesting votes: {}
java.util.concurrent.ExecutionException: org.apache.ratis.thirdparty.io.grpc.StatusRuntimeException: UNAVAILABLE: io exception
	at java.util.concurrent.FutureTask.report(FutureTask.java:122)
	at java.util.concurrent.FutureTask.get(FutureTask.java:192)
	at org.apache.ratis.server.impl.LeaderElection.waitForResults(LeaderElection.java:259)
	at org.apache.ratis.server.impl.LeaderElection.askForVotes(LeaderElection.java:197)
	at org.apache.ratis.server.impl.LeaderElection.run(LeaderElection.java:133)
	at java.lang.Thread.run(Thread.java:748)
Caused by: org.apache.ratis.thirdparty.io.grpc.StatusRuntimeException: UNAVAILABLE: io exception
	at org.apache.ratis.thirdparty.io.grpc.stub.ClientCalls.toStatusRuntimeException(ClientCalls.java:233)
	at org.apache.ratis.thirdparty.io.grpc.stub.ClientCalls.getUnchecked(ClientCalls.java:214)
	at org.apache.ratis.thirdparty.io.grpc.stub.ClientCalls.blockingUnaryCall(ClientCalls.java:139)
	at org.apache.ratis.proto.grpc.RaftServerProtocolServiceGrpc$RaftServerProtocolServiceBlockingStub.requestVote(RaftServerProtocolServiceGrpc.java:265)
	at org.apache.ratis.grpc.server.GrpcServerProtocolClient.requestVote(GrpcServerProtocolClient.java:99)
	at org.apache.ratis.grpc.server.GrpcService.requestVote(GrpcService.java:204)
	at org.apache.ratis.server.impl.LeaderElection.lambda$submitRequests$1(LeaderElection.java:234)
	at java.util.concurrent.FutureTask.run(FutureTask.java:266)
	at java.util.concurrent.Executors$RunnableAdapter.call(Executors.java:511)
	at java.util.concurrent.FutureTask.run(FutureTask.java:266)
	at java.util.concurrent.ThreadPoolExecutor.runWorker(ThreadPoolExecutor.java:1149)
	at java.util.concurrent.ThreadPoolExecutor$Worker.run(ThreadPoolExecutor.java:624)
	... 1 more
Caused by: org.apache.ratis.thirdparty.io.netty.channel.AbstractChannel$AnnotatedConnectException: Connection refused: /192.168.69.106:42937
	at sun.nio.ch.SocketChannelImpl.checkConnect(Native Method)
	at sun.nio.ch.SocketChannelImpl.finishConnect(SocketChannelImpl.java:717)
	at org.apache.ratis.thirdparty.io.netty.channel.socket.nio.NioSocketChannel.doFinishConnect(NioSocketChannel.java:327)
	at org.apache.ratis.thirdparty.io.netty.channel.nio.AbstractNioChannel$AbstractNioUnsafe.finishConnect(AbstractNioChannel.java:340)
	at org.apache.ratis.thirdparty.io.netty.channel.nio.NioEventLoop.processSelectedKey(NioEventLoop.java:632)
	at org.apache.ratis.thirdparty.io.netty.channel.nio.NioEventLoop.processSelectedKeysOptimized(NioEventLoop.java:579)
	at org.apache.ratis.thirdparty.io.netty.channel.nio.NioEventLoop.processSelectedKeys(NioEventLoop.java:496)
	at org.apache.ratis.thirdparty.io.netty.channel.nio.NioEventLoop.run(NioEventLoop.java:458)
	at org.apache.ratis.thirdparty.io.netty.util.concurrent.SingleThreadEventExecutor$5.run(SingleThreadEventExecutor.java:897)
	at org.apache.ratis.thirdparty.io.netty.util.concurrent.FastThreadLocalRunnable.run(FastThreadLocalRunnable.java:30)
	... 1 more
Caused by: java.net.ConnectException: Connection refused
	... 11 more
2019-11-14 22:49:53,563 [grpc-default-executor-9] INFO  impl.RaftServerImpl (RaftServerImpl.java:setRole(173)) - 720981dd-80b6-4b59-8027-74344e9fba7b@group-E5CD7693E4BE: changes role from  FOLLOWER to FOLLOWER at term 9 for recognizeCandidate:7d8f40ed-fc7e-4283-96c6-8f8f645c1bfe
2019-11-14 22:49:53,563 [grpc-default-executor-9] INFO  impl.RoleInfo (RoleInfo.java:shutdownFollowerState(121)) - 720981dd-80b6-4b59-8027-74344e9fba7b: shutdown FollowerState
2019-11-14 22:49:53,563 [grpc-default-executor-9] INFO  impl.RoleInfo (RoleInfo.java:updateAndGet(143)) - 720981dd-80b6-4b59-8027-74344e9fba7b: start FollowerState
2019-11-14 22:49:53,563 [Thread-4044] INFO  impl.FollowerState (FollowerState.java:run(120)) - 720981dd-80b6-4b59-8027-74344e9fba7b@group-E5CD7693E4BE-FollowerState was interrupted: java.lang.InterruptedException: sleep interrupted
2019-11-14 22:49:53,586 [7d8f40ed-fc7e-4283-96c6-8f8f645c1bfe@group-E5CD7693E4BE-LeaderElection175] INFO  impl.LeaderElection (LeaderElection.java:logAndReturn(56)) - 7d8f40ed-fc7e-4283-96c6-8f8f645c1bfe@group-E5CD7693E4BE-LeaderElection175: Election PASSED; received 1 response(s) [7d8f40ed-fc7e-4283-96c6-8f8f645c1bfe<-720981dd-80b6-4b59-8027-74344e9fba7b#0:OK-t9] and 1 exception(s); 7d8f40ed-fc7e-4283-96c6-8f8f645c1bfe@group-E5CD7693E4BE:t9, leader=null, voted=7d8f40ed-fc7e-4283-96c6-8f8f645c1bfe, raftlog=7d8f40ed-fc7e-4283-96c6-8f8f645c1bfe@group-E5CD7693E4BE-SegmentedRaftLog:OPENED:c0,f0,i0, conf=0: [58f72cb5-8974-4d0e-9564-cfe3e68dc671:192.168.69.106:42937, 720981dd-80b6-4b59-8027-74344e9fba7b:192.168.69.106:33190, 7d8f40ed-fc7e-4283-96c6-8f8f645c1bfe:192.168.69.106:40228], old=null
2019-11-14 22:49:53,586 [7d8f40ed-fc7e-4283-96c6-8f8f645c1bfe@group-E5CD7693E4BE-LeaderElection175] INFO  impl.LeaderElection (LogUtils.java:infoOrTrace(149)) -   Exception 0: {}
java.util.concurrent.ExecutionException: org.apache.ratis.thirdparty.io.grpc.StatusRuntimeException: UNAVAILABLE: io exception
	at java.util.concurrent.FutureTask.report(FutureTask.java:122)
	at java.util.concurrent.FutureTask.get(FutureTask.java:192)
	at org.apache.ratis.server.impl.LeaderElection.waitForResults(LeaderElection.java:259)
	at org.apache.ratis.server.impl.LeaderElection.askForVotes(LeaderElection.java:197)
	at org.apache.ratis.server.impl.LeaderElection.run(LeaderElection.java:133)
	at java.lang.Thread.run(Thread.java:748)
Caused by: org.apache.ratis.thirdparty.io.grpc.StatusRuntimeException: UNAVAILABLE: io exception
	at org.apache.ratis.thirdparty.io.grpc.stub.ClientCalls.toStatusRuntimeException(ClientCalls.java:233)
	at org.apache.ratis.thirdparty.io.grpc.stub.ClientCalls.getUnchecked(ClientCalls.java:214)
	at org.apache.ratis.thirdparty.io.grpc.stub.ClientCalls.blockingUnaryCall(ClientCalls.java:139)
	at org.apache.ratis.proto.grpc.RaftServerProtocolServiceGrpc$RaftServerProtocolServiceBlockingStub.requestVote(RaftServerProtocolServiceGrpc.java:265)
	at org.apache.ratis.grpc.server.GrpcServerProtocolClient.requestVote(GrpcServerProtocolClient.java:99)
	at org.apache.ratis.grpc.server.GrpcService.requestVote(GrpcService.java:204)
	at org.apache.ratis.server.impl.LeaderElection.lambda$submitRequests$1(LeaderElection.java:234)
	at java.util.concurrent.FutureTask.run(FutureTask.java:266)
	at java.util.concurrent.Executors$RunnableAdapter.call(Executors.java:511)
	at java.util.concurrent.FutureTask.run(FutureTask.java:266)
	at java.util.concurrent.ThreadPoolExecutor.runWorker(ThreadPoolExecutor.java:1149)
	at java.util.concurrent.ThreadPoolExecutor$Worker.run(ThreadPoolExecutor.java:624)
	... 1 more
Caused by: org.apache.ratis.thirdparty.io.netty.channel.AbstractChannel$AnnotatedConnectException: Connection refused: /192.168.69.106:42937
	at sun.nio.ch.SocketChannelImpl.checkConnect(Native Method)
	at sun.nio.ch.SocketChannelImpl.finishConnect(SocketChannelImpl.java:717)
	at org.apache.ratis.thirdparty.io.netty.channel.socket.nio.NioSocketChannel.doFinishConnect(NioSocketChannel.java:327)
	at org.apache.ratis.thirdparty.io.netty.channel.nio.AbstractNioChannel$AbstractNioUnsafe.finishConnect(AbstractNioChannel.java:340)
	at org.apache.ratis.thirdparty.io.netty.channel.nio.NioEventLoop.processSelectedKey(NioEventLoop.java:632)
	at org.apache.ratis.thirdparty.io.netty.channel.nio.NioEventLoop.processSelectedKeysOptimized(NioEventLoop.java:579)
	at org.apache.ratis.thirdparty.io.netty.channel.nio.NioEventLoop.processSelectedKeys(NioEventLoop.java:496)
	at org.apache.ratis.thirdparty.io.netty.channel.nio.NioEventLoop.run(NioEventLoop.java:458)
	at org.apache.ratis.thirdparty.io.netty.util.concurrent.SingleThreadEventExecutor$5.run(SingleThreadEventExecutor.java:897)
	at org.apache.ratis.thirdparty.io.netty.util.concurrent.FastThreadLocalRunnable.run(FastThreadLocalRunnable.java:30)
	... 1 more
Caused by: java.net.ConnectException: Connection refused
	... 11 more
2019-11-14 22:49:53,586 [7d8f40ed-fc7e-4283-96c6-8f8f645c1bfe@group-E5CD7693E4BE-LeaderElection175] INFO  impl.RoleInfo (RoleInfo.java:shutdownLeaderElection(134)) - 7d8f40ed-fc7e-4283-96c6-8f8f645c1bfe: shutdown LeaderElection
2019-11-14 22:49:53,587 [7d8f40ed-fc7e-4283-96c6-8f8f645c1bfe@group-E5CD7693E4BE-LeaderElection175] INFO  impl.RaftServerImpl (RaftServerImpl.java:setRole(173)) - 7d8f40ed-fc7e-4283-96c6-8f8f645c1bfe@group-E5CD7693E4BE: changes role from CANDIDATE to LEADER at term 9 for changeToLeader
2019-11-14 22:49:53,587 [7d8f40ed-fc7e-4283-96c6-8f8f645c1bfe@group-E5CD7693E4BE-LeaderElection175] INFO  ratis.XceiverServerRatis (XceiverServerRatis.java:handleLeaderChangedNotification(697)) - Leader change notification received for group: group-E5CD7693E4BE with new leaderId: 7d8f40ed-fc7e-4283-96c6-8f8f645c1bfe
2019-11-14 22:49:53,587 [7d8f40ed-fc7e-4283-96c6-8f8f645c1bfe@group-E5CD7693E4BE-LeaderElection175] INFO  impl.RaftServerImpl (ServerState.java:setLeader(255)) - 7d8f40ed-fc7e-4283-96c6-8f8f645c1bfe@group-E5CD7693E4BE: change Leader from null to 7d8f40ed-fc7e-4283-96c6-8f8f645c1bfe at term 9 for becomeLeader, leader elected after 24096ms
2019-11-14 22:49:53,587 [7d8f40ed-fc7e-4283-96c6-8f8f645c1bfe@group-E5CD7693E4BE-LeaderElection175] INFO  server.RaftServerConfigKeys (ConfUtils.java:logGet(43)) - raft.server.staging.catchup.gap = 1000 (default)
2019-11-14 22:49:53,587 [7d8f40ed-fc7e-4283-96c6-8f8f645c1bfe@group-E5CD7693E4BE-LeaderElection175] INFO  server.RaftServerConfigKeys (ConfUtils.java:logGet(43)) - raft.server.rpc.sleep.time = 25ms (default)
2019-11-14 22:49:53,588 [7d8f40ed-fc7e-4283-96c6-8f8f645c1bfe@group-E5CD7693E4BE-LeaderElection175] INFO  server.RaftServerConfigKeys (ConfUtils.java:logGet(43)) - raft.server.write.element-limit = 4096 (default)
2019-11-14 22:49:53,588 [7d8f40ed-fc7e-4283-96c6-8f8f645c1bfe@group-E5CD7693E4BE-LeaderElection175] INFO  server.RaftServerConfigKeys (ConfUtils.java:logGet(43)) - raft.server.watch.timeout = 10s (default)
2019-11-14 22:49:53,588 [7d8f40ed-fc7e-4283-96c6-8f8f645c1bfe@group-E5CD7693E4BE-LeaderElection175] INFO  server.RaftServerConfigKeys (ConfUtils.java:logGet(43)) - raft.server.watch.timeout.denomination = 1s (default)
2019-11-14 22:49:53,588 [7d8f40ed-fc7e-4283-96c6-8f8f645c1bfe@group-E5CD7693E4BE-LeaderElection175] INFO  server.RaftServerConfigKeys (ConfUtils.java:logGet(43)) - raft.server.watch.element-limit = 65536 (default)
2019-11-14 22:49:53,588 [EventQueue-PipelineReportForPipelineReportHandler] INFO  pipeline.PipelineStateManager (PipelineStateManager.java:openPipeline(134)) - Pipeline Pipeline[ Id: 82d49983-d91e-4816-8e64-e5cd7693e4be, Nodes: 58f72cb5-8974-4d0e-9564-cfe3e68dc671{ip: 192.168.69.106, host: pr-hdds-2494-dtfqw-3996435450, networkLocation: /rack1, certSerialId: null}7d8f40ed-fc7e-4283-96c6-8f8f645c1bfe{ip: 192.168.69.106, host: pr-hdds-2494-dtfqw-3996435450, networkLocation: /rack1, certSerialId: null}720981dd-80b6-4b59-8027-74344e9fba7b{ip: 192.168.69.106, host: pr-hdds-2494-dtfqw-3996435450, networkLocation: /rack1, certSerialId: null}, Type:RATIS, Factor:THREE, State:OPEN] moved to OPEN state
2019-11-14 22:49:53,588 [7d8f40ed-fc7e-4283-96c6-8f8f645c1bfe@group-E5CD7693E4BE-LeaderElection175] INFO  server.RaftServerConfigKeys (ConfUtils.java:logGet(43)) - raft.server.log.appender.snapshot.chunk.size.max = 16MB (=16777216) (default)
2019-11-14 22:49:53,588 [7d8f40ed-fc7e-4283-96c6-8f8f645c1bfe@group-E5CD7693E4BE-LeaderElection175] INFO  server.RaftServerConfigKeys (ConfUtils.java:logGet(43)) - raft.server.log.appender.buffer.byte-limit = 33554432 (custom)
2019-11-14 22:49:53,589 [7d8f40ed-fc7e-4283-96c6-8f8f645c1bfe@group-E5CD7693E4BE-LeaderElection175] INFO  server.RaftServerConfigKeys (ConfUtils.java:logGet(43)) - raft.server.log.appender.buffer.element-limit = 1 (custom)
2019-11-14 22:49:53,589 [7d8f40ed-fc7e-4283-96c6-8f8f645c1bfe@group-E5CD7693E4BE-LeaderElection175] INFO  grpc.GrpcConfigKeys$Server (ConfUtils.java:logGet(43)) - raft.grpc.server.leader.outstanding.appends.max = 128 (default)
2019-11-14 22:49:53,589 [7d8f40ed-fc7e-4283-96c6-8f8f645c1bfe@group-E5CD7693E4BE-LeaderElection175] INFO  server.RaftServerConfigKeys (ConfUtils.java:logGet(43)) - raft.server.rpc.request.timeout = 3000ms (default)
2019-11-14 22:49:53,589 [7d8f40ed-fc7e-4283-96c6-8f8f645c1bfe@group-E5CD7693E4BE-LeaderElection175] INFO  server.RaftServerConfigKeys (ConfUtils.java:logGet(43)) - raft.server.log.appender.install.snapshot.enabled = false (custom)
2019-11-14 22:49:53,589 [7d8f40ed-fc7e-4283-96c6-8f8f645c1bfe@group-E5CD7693E4BE-LeaderElection175] WARN  impl.MetricRegistriesImpl (MetricRegistriesImpl.java:lambda$create$1(61)) - First MetricRegistry has been created without registering reporters. You may need to call MetricRegistries.global().addReportRegistration(...) before.
2019-11-14 22:49:53,590 [7d8f40ed-fc7e-4283-96c6-8f8f645c1bfe@group-E5CD7693E4BE-LeaderElection175] INFO  server.RaftServerConfigKeys (ConfUtils.java:logGet(43)) - raft.server.log.appender.snapshot.chunk.size.max = 16MB (=16777216) (default)
2019-11-14 22:49:53,590 [7d8f40ed-fc7e-4283-96c6-8f8f645c1bfe@group-E5CD7693E4BE-LeaderElection175] INFO  server.RaftServerConfigKeys (ConfUtils.java:logGet(43)) - raft.server.log.appender.buffer.byte-limit = 33554432 (custom)
2019-11-14 22:49:53,590 [7d8f40ed-fc7e-4283-96c6-8f8f645c1bfe@group-E5CD7693E4BE-LeaderElection175] INFO  server.RaftServerConfigKeys (ConfUtils.java:logGet(43)) - raft.server.log.appender.buffer.element-limit = 1 (custom)
2019-11-14 22:49:53,590 [7d8f40ed-fc7e-4283-96c6-8f8f645c1bfe@group-E5CD7693E4BE-LeaderElection175] INFO  grpc.GrpcConfigKeys$Server (ConfUtils.java:logGet(43)) - raft.grpc.server.leader.outstanding.appends.max = 128 (default)
2019-11-14 22:49:53,590 [7d8f40ed-fc7e-4283-96c6-8f8f645c1bfe@group-E5CD7693E4BE-LeaderElection175] INFO  server.RaftServerConfigKeys (ConfUtils.java:logGet(43)) - raft.server.rpc.request.timeout = 3000ms (default)
2019-11-14 22:49:53,590 [7d8f40ed-fc7e-4283-96c6-8f8f645c1bfe@group-E5CD7693E4BE-LeaderElection175] INFO  server.RaftServerConfigKeys (ConfUtils.java:logGet(43)) - raft.server.log.appender.install.snapshot.enabled = false (custom)
2019-11-14 22:49:53,590 [7d8f40ed-fc7e-4283-96c6-8f8f645c1bfe@group-E5CD7693E4BE-LeaderElection175] INFO  impl.RoleInfo (RoleInfo.java:updateAndGet(143)) - 7d8f40ed-fc7e-4283-96c6-8f8f645c1bfe: start LeaderState
2019-11-14 22:49:53,591 [7d8f40ed-fc7e-4283-96c6-8f8f645c1bfe@group-E5CD7693E4BE-LeaderElection175] INFO  segmented.SegmentedRaftLogWorker (SegmentedRaftLogWorker.java:rollLogSegment(390)) - 7d8f40ed-fc7e-4283-96c6-8f8f645c1bfe@group-E5CD7693E4BE-SegmentedRaftLogWorker: Rolling segment log-0_0 to index:0
2019-11-14 22:49:53,591 [7d8f40ed-fc7e-4283-96c6-8f8f645c1bfe@group-E5CD7693E4BE-SegmentedRaftLogWorker] INFO  segmented.SegmentedRaftLogWorker (SegmentedRaftLogWorker.java:execute(533)) - 7d8f40ed-fc7e-4283-96c6-8f8f645c1bfe@group-E5CD7693E4BE-SegmentedRaftLogWorker: Rolled log segment from /workdir/hadoop-ozone/integration-test/target/test-dir/MiniOzoneClusterImpl-9caa682c-a503-45f4-84bb-f8dd249825f6/datanode-7/data/ratis/82d49983-d91e-4816-8e64-e5cd7693e4be/current/log_inprogress_0 to /workdir/hadoop-ozone/integration-test/target/test-dir/MiniOzoneClusterImpl-9caa682c-a503-45f4-84bb-f8dd249825f6/datanode-7/data/ratis/82d49983-d91e-4816-8e64-e5cd7693e4be/current/log_0-0
2019-11-14 22:49:53,592 [7d8f40ed-fc7e-4283-96c6-8f8f645c1bfe@group-E5CD7693E4BE-LeaderElection175] INFO  impl.RaftServerImpl (ServerState.java:setRaftConf(356)) - 7d8f40ed-fc7e-4283-96c6-8f8f645c1bfe@group-E5CD7693E4BE: set configuration 1: [58f72cb5-8974-4d0e-9564-cfe3e68dc671:192.168.69.106:42937, 720981dd-80b6-4b59-8027-74344e9fba7b:192.168.69.106:33190, 7d8f40ed-fc7e-4283-96c6-8f8f645c1bfe:192.168.69.106:40228], old=null at 1
2019-11-14 22:49:53,592 [grpc-default-executor-9] WARN  server.GrpcLogAppender (LogUtils.java:warn(134)) - 7d8f40ed-fc7e-4283-96c6-8f8f645c1bfe@group-E5CD7693E4BE->58f72cb5-8974-4d0e-9564-cfe3e68dc671-AppendLogResponseHandler: Failed appendEntries: org.apache.ratis.thirdparty.io.grpc.StatusRuntimeException: UNAVAILABLE: io exception
2019-11-14 22:49:53,592 [grpc-default-executor-9] INFO  impl.FollowerInfo (FollowerInfo.java:lambda$new$0(51)) - 7d8f40ed-fc7e-4283-96c6-8f8f645c1bfe@group-E5CD7693E4BE->58f72cb5-8974-4d0e-9564-cfe3e68dc671: nextIndex: updateUnconditionally 1 -> 0
2019-11-14 22:49:53,593 [grpc-default-executor-9] INFO  ratis.XceiverServerRatis (XceiverServerRatis.java:handleLeaderChangedNotification(697)) - Leader change notification received for group: group-E5CD7693E4BE with new leaderId: 7d8f40ed-fc7e-4283-96c6-8f8f645c1bfe
2019-11-14 22:49:53,593 [grpc-default-executor-9] INFO  impl.RaftServerImpl (ServerState.java:setLeader(255)) - 720981dd-80b6-4b59-8027-74344e9fba7b@group-E5CD7693E4BE: change Leader from null to 7d8f40ed-fc7e-4283-96c6-8f8f645c1bfe at term 9 for appendEntries, leader elected after 23906ms
2019-11-14 22:49:53,595 [grpc-default-executor-9] INFO  impl.RaftServerImpl (ServerState.java:setRaftConf(356)) - 720981dd-80b6-4b59-8027-74344e9fba7b@group-E5CD7693E4BE: set configuration 1: [58f72cb5-8974-4d0e-9564-cfe3e68dc671:192.168.69.106:42937, 720981dd-80b6-4b59-8027-74344e9fba7b:192.168.69.106:33190, 7d8f40ed-fc7e-4283-96c6-8f8f645c1bfe:192.168.69.106:40228], old=null at 1
2019-11-14 22:49:53,595 [grpc-default-executor-9] INFO  segmented.SegmentedRaftLogWorker (SegmentedRaftLogWorker.java:rollLogSegment(390)) - 720981dd-80b6-4b59-8027-74344e9fba7b@group-E5CD7693E4BE-SegmentedRaftLogWorker: Rolling segment log-0_0 to index:0
2019-11-14 22:49:53,596 [720981dd-80b6-4b59-8027-74344e9fba7b@group-E5CD7693E4BE-SegmentedRaftLogWorker] INFO  segmented.SegmentedRaftLogWorker (SegmentedRaftLogWorker.java:execute(533)) - 720981dd-80b6-4b59-8027-74344e9fba7b@group-E5CD7693E4BE-SegmentedRaftLogWorker: Rolled log segment from /workdir/hadoop-ozone/integration-test/target/test-dir/MiniOzoneClusterImpl-9caa682c-a503-45f4-84bb-f8dd249825f6/datanode-2/data/ratis/82d49983-d91e-4816-8e64-e5cd7693e4be/current/log_inprogress_0 to /workdir/hadoop-ozone/integration-test/target/test-dir/MiniOzoneClusterImpl-9caa682c-a503-45f4-84bb-f8dd249825f6/datanode-2/data/ratis/82d49983-d91e-4816-8e64-e5cd7693e4be/current/log_0-0
2019-11-14 22:49:53,639 [720981dd-80b6-4b59-8027-74344e9fba7b@group-E5CD7693E4BE-SegmentedRaftLogWorker] INFO  segmented.SegmentedRaftLogWorker (SegmentedRaftLogWorker.java:execute(576)) - 720981dd-80b6-4b59-8027-74344e9fba7b@group-E5CD7693E4BE-SegmentedRaftLogWorker: created new log segment /workdir/hadoop-ozone/integration-test/target/test-dir/MiniOzoneClusterImpl-9caa682c-a503-45f4-84bb-f8dd249825f6/datanode-2/data/ratis/82d49983-d91e-4816-8e64-e5cd7693e4be/current/log_inprogress_1
2019-11-14 22:49:53,639 [7d8f40ed-fc7e-4283-96c6-8f8f645c1bfe@group-E5CD7693E4BE-SegmentedRaftLogWorker] INFO  segmented.SegmentedRaftLogWorker (SegmentedRaftLogWorker.java:execute(576)) - 7d8f40ed-fc7e-4283-96c6-8f8f645c1bfe@group-E5CD7693E4BE-SegmentedRaftLogWorker: created new log segment /workdir/hadoop-ozone/integration-test/target/test-dir/MiniOzoneClusterImpl-9caa682c-a503-45f4-84bb-f8dd249825f6/datanode-7/data/ratis/82d49983-d91e-4816-8e64-e5cd7693e4be/current/log_inprogress_1
2019-11-14 22:49:53,654 [grpc-default-executor-5] WARN  server.GrpcLogAppender (LogUtils.java:warn(134)) - 7d8f40ed-fc7e-4283-96c6-8f8f645c1bfe@group-E5CD7693E4BE->58f72cb5-8974-4d0e-9564-cfe3e68dc671-AppendLogResponseHandler: Failed appendEntries: org.apache.ratis.thirdparty.io.grpc.StatusRuntimeException: UNAVAILABLE: io exception
2019-11-14 22:49:53,654 [grpc-default-executor-5] INFO  impl.FollowerInfo (FollowerInfo.java:lambda$new$0(51)) - 7d8f40ed-fc7e-4283-96c6-8f8f645c1bfe@group-E5CD7693E4BE->58f72cb5-8974-4d0e-9564-cfe3e68dc671: nextIndex: updateUnconditionally 1 -> 0
2019-11-14 22:49:53,674 [grpc-default-executor-9] WARN  server.GrpcLogAppender (LogUtils.java:warn(134)) - 7d8f40ed-fc7e-4283-96c6-8f8f645c1bfe@group-E5CD7693E4BE->58f72cb5-8974-4d0e-9564-cfe3e68dc671-AppendLogResponseHandler: Failed appendEntries: org.apache.ratis.thirdparty.io.grpc.StatusRuntimeException: UNAVAILABLE: io exception
2019-11-14 22:49:53,674 [grpc-default-executor-9] INFO  impl.FollowerInfo (FollowerInfo.java:lambda$new$0(51)) - 7d8f40ed-fc7e-4283-96c6-8f8f645c1bfe@group-E5CD7693E4BE->58f72cb5-8974-4d0e-9564-cfe3e68dc671: nextIndex: updateUnconditionally 1 -> 0
2019-11-14 22:49:54,181 [grpc-default-executor-5] WARN  server.GrpcLogAppender (LogUtils.java:warn(134)) - 7d8f40ed-fc7e-4283-96c6-8f8f645c1bfe@group-E5CD7693E4BE->58f72cb5-8974-4d0e-9564-cfe3e68dc671-AppendLogResponseHandler: Failed appendEntries: org.apache.ratis.thirdparty.io.grpc.StatusRuntimeException: UNAVAILABLE: io exception
2019-11-14 22:49:54,182 [grpc-default-executor-5] INFO  impl.FollowerInfo (FollowerInfo.java:lambda$new$0(51)) - 7d8f40ed-fc7e-4283-96c6-8f8f645c1bfe@group-E5CD7693E4BE->58f72cb5-8974-4d0e-9564-cfe3e68dc671: nextIndex: updateUnconditionally 0 -> 0
2019-11-14 22:49:54,679 [grpc-default-executor-8] WARN  server.GrpcLogAppender (LogUtils.java:warn(134)) - 7d8f40ed-fc7e-4283-96c6-8f8f645c1bfe@group-E5CD7693E4BE->58f72cb5-8974-4d0e-9564-cfe3e68dc671-AppendLogResponseHandler: Failed appendEntries: org.apache.ratis.thirdparty.io.grpc.StatusRuntimeException: UNAVAILABLE: io exception
2019-11-14 22:49:54,680 [grpc-default-executor-8] INFO  impl.FollowerInfo (FollowerInfo.java:lambda$new$0(51)) - 7d8f40ed-fc7e-4283-96c6-8f8f645c1bfe@group-E5CD7693E4BE->58f72cb5-8974-4d0e-9564-cfe3e68dc671: nextIndex: updateUnconditionally 0 -> 0
2019-11-14 22:49:55,180 [grpc-default-executor-9] WARN  server.GrpcLogAppender (LogUtils.java:warn(134)) - 7d8f40ed-fc7e-4283-96c6-8f8f645c1bfe@group-E5CD7693E4BE->58f72cb5-8974-4d0e-9564-cfe3e68dc671-AppendLogResponseHandler: Failed appendEntries: org.apache.ratis.thirdparty.io.grpc.StatusRuntimeException: UNAVAILABLE: io exception
2019-11-14 22:49:55,181 [grpc-default-executor-9] INFO  impl.FollowerInfo (FollowerInfo.java:lambda$new$0(51)) - 7d8f40ed-fc7e-4283-96c6-8f8f645c1bfe@group-E5CD7693E4BE->58f72cb5-8974-4d0e-9564-cfe3e68dc671: nextIndex: updateUnconditionally 0 -> 0
2019-11-14 22:49:55,680 [grpc-default-executor-5] WARN  server.GrpcLogAppender (LogUtils.java:warn(134)) - 7d8f40ed-fc7e-4283-96c6-8f8f645c1bfe@group-E5CD7693E4BE->58f72cb5-8974-4d0e-9564-cfe3e68dc671-AppendLogResponseHandler: Failed appendEntries: org.apache.ratis.thirdparty.io.grpc.StatusRuntimeException: UNAVAILABLE: io exception
2019-11-14 22:49:55,680 [grpc-default-executor-5] INFO  impl.FollowerInfo (FollowerInfo.java:lambda$new$0(51)) - 7d8f40ed-fc7e-4283-96c6-8f8f645c1bfe@group-E5CD7693E4BE->58f72cb5-8974-4d0e-9564-cfe3e68dc671: nextIndex: updateUnconditionally 0 -> 0
2019-11-14 22:49:56,181 [grpc-default-executor-5] WARN  server.GrpcLogAppender (LogUtils.java:warn(134)) - 7d8f40ed-fc7e-4283-96c6-8f8f645c1bfe@group-E5CD7693E4BE->58f72cb5-8974-4d0e-9564-cfe3e68dc671-AppendLogResponseHandler: Failed appendEntries: org.apache.ratis.thirdparty.io.grpc.StatusRuntimeException: UNAVAILABLE: io exception
2019-11-14 22:49:56,182 [grpc-default-executor-5] INFO  impl.FollowerInfo (FollowerInfo.java:lambda$new$0(51)) - 7d8f40ed-fc7e-4283-96c6-8f8f645c1bfe@group-E5CD7693E4BE->58f72cb5-8974-4d0e-9564-cfe3e68dc671: nextIndex: updateUnconditionally 0 -> 0
2019-11-14 22:49:56,685 [grpc-default-executor-9] WARN  server.GrpcLogAppender (LogUtils.java:warn(134)) - 7d8f40ed-fc7e-4283-96c6-8f8f645c1bfe@group-E5CD7693E4BE->58f72cb5-8974-4d0e-9564-cfe3e68dc671-AppendLogResponseHandler: Failed appendEntries: org.apache.ratis.thirdparty.io.grpc.StatusRuntimeException: UNAVAILABLE: io exception
2019-11-14 22:49:56,686 [grpc-default-executor-9] INFO  impl.FollowerInfo (FollowerInfo.java:lambda$new$0(51)) - 7d8f40ed-fc7e-4283-96c6-8f8f645c1bfe@group-E5CD7693E4BE->58f72cb5-8974-4d0e-9564-cfe3e68dc671: nextIndex: updateUnconditionally 0 -> 0
2019-11-14 22:49:56,804 [main] INFO  ozoneimpl.OzoneContainer (OzoneContainer.java:stop(244)) - Attempting to stop container services.
2019-11-14 22:49:56,804 [ForkJoinPool.commonPool-worker-1] INFO  ozoneimpl.OzoneContainer (OzoneContainer.java:stop(244)) - Attempting to stop container services.
2019-11-14 22:49:56,805 [main] INFO  impl.RaftServerProxy (RaftServerProxy.java:lambda$close$4(314)) - e9302b19-2241-48e3-b0d0-f92620d14c53: close
2019-11-14 22:49:56,805 [ForkJoinPool.commonPool-worker-1] INFO  impl.RaftServerProxy (RaftServerProxy.java:lambda$close$4(314)) - 720981dd-80b6-4b59-8027-74344e9fba7b: close
2019-11-14 22:49:56,805 [main] INFO  impl.RaftServerImpl (RaftServerImpl.java:lambda$shutdown$3(250)) - e9302b19-2241-48e3-b0d0-f92620d14c53@group-EFF334143AD9: shutdown
2019-11-14 22:49:56,805 [ForkJoinPool.commonPool-worker-1] INFO  impl.RaftServerImpl (RaftServerImpl.java:lambda$shutdown$3(250)) - 720981dd-80b6-4b59-8027-74344e9fba7b@group-1B15C5E1E827: shutdown
2019-11-14 22:49:56,806 [main] INFO  util.JmxRegister (JmxRegister.java:unregister(73)) - Successfully un-registered JMX Bean with object name Ratis:service=RaftServer,group=group-EFF334143AD9,id=e9302b19-2241-48e3-b0d0-f92620d14c53
2019-11-14 22:49:56,806 [ForkJoinPool.commonPool-worker-1] INFO  util.JmxRegister (JmxRegister.java:unregister(73)) - Successfully un-registered JMX Bean with object name Ratis:service=RaftServer,group=group-1B15C5E1E827,id=720981dd-80b6-4b59-8027-74344e9fba7b
2019-11-14 22:49:56,806 [main] INFO  impl.RoleInfo (RoleInfo.java:shutdownLeaderState(104)) - e9302b19-2241-48e3-b0d0-f92620d14c53: shutdown LeaderState
2019-11-14 22:49:56,806 [ForkJoinPool.commonPool-worker-1] INFO  impl.RoleInfo (RoleInfo.java:shutdownLeaderState(104)) - 720981dd-80b6-4b59-8027-74344e9fba7b: shutdown LeaderState
2019-11-14 22:49:56,807 [main] INFO  impl.PendingRequests (PendingRequests.java:sendNotLeaderResponses(206)) - e9302b19-2241-48e3-b0d0-f92620d14c53@group-EFF334143AD9-PendingRequests: sendNotLeaderResponses
2019-11-14 22:49:56,807 [ForkJoinPool.commonPool-worker-1] INFO  impl.PendingRequests (PendingRequests.java:sendNotLeaderResponses(206)) - 720981dd-80b6-4b59-8027-74344e9fba7b@group-1B15C5E1E827-PendingRequests: sendNotLeaderResponses
2019-11-14 22:49:56,807 [main] INFO  impl.StateMachineUpdater (StateMachineUpdater.java:stopAndJoin(136)) - e9302b19-2241-48e3-b0d0-f92620d14c53@group-EFF334143AD9-StateMachineUpdater: set stopIndex = 0
2019-11-14 22:49:56,807 [ForkJoinPool.commonPool-worker-1] INFO  impl.StateMachineUpdater (StateMachineUpdater.java:stopAndJoin(136)) - 720981dd-80b6-4b59-8027-74344e9fba7b@group-1B15C5E1E827-StateMachineUpdater: set stopIndex = 0
2019-11-14 22:49:56,808 [main] INFO  impl.RaftServerImpl (ServerState.java:close(387)) - e9302b19-2241-48e3-b0d0-f92620d14c53@group-EFF334143AD9: closes. applyIndex: 0
2019-11-14 22:49:56,808 [ForkJoinPool.commonPool-worker-1] INFO  impl.RaftServerImpl (ServerState.java:close(387)) - 720981dd-80b6-4b59-8027-74344e9fba7b@group-1B15C5E1E827: closes. applyIndex: 0
2019-11-14 22:49:56,808 [e9302b19-2241-48e3-b0d0-f92620d14c53@group-EFF334143AD9-SegmentedRaftLogWorker] INFO  segmented.SegmentedRaftLogWorker (SegmentedRaftLogWorker.java:run(316)) - e9302b19-2241-48e3-b0d0-f92620d14c53@group-EFF334143AD9-SegmentedRaftLogWorker was interrupted, exiting. There are 0 tasks remaining in the queue.
2019-11-14 22:49:56,808 [720981dd-80b6-4b59-8027-74344e9fba7b@group-1B15C5E1E827-SegmentedRaftLogWorker] INFO  segmented.SegmentedRaftLogWorker (SegmentedRaftLogWorker.java:run(316)) - 720981dd-80b6-4b59-8027-74344e9fba7b@group-1B15C5E1E827-SegmentedRaftLogWorker was interrupted, exiting. There are 0 tasks remaining in the queue.
2019-11-14 22:49:56,813 [main] INFO  segmented.SegmentedRaftLogWorker (SegmentedRaftLogWorker.java:close(224)) - e9302b19-2241-48e3-b0d0-f92620d14c53@group-EFF334143AD9-SegmentedRaftLogWorker close()
2019-11-14 22:49:56,813 [ForkJoinPool.commonPool-worker-1] INFO  segmented.SegmentedRaftLogWorker (SegmentedRaftLogWorker.java:close(224)) - 720981dd-80b6-4b59-8027-74344e9fba7b@group-1B15C5E1E827-SegmentedRaftLogWorker close()
2019-11-14 22:49:56,814 [main] INFO  server.GrpcService (GrpcService.java:closeImpl(164)) - e9302b19-2241-48e3-b0d0-f92620d14c53: shutdown server with port 32896 now
2019-11-14 22:49:56,824 [ForkJoinPool.commonPool-worker-1] INFO  impl.RaftServerImpl (RaftServerImpl.java:lambda$shutdown$3(250)) - 720981dd-80b6-4b59-8027-74344e9fba7b@group-E5CD7693E4BE: shutdown
2019-11-14 22:49:56,825 [ForkJoinPool.commonPool-worker-1] INFO  util.JmxRegister (JmxRegister.java:unregister(73)) - Successfully un-registered JMX Bean with object name Ratis:service=RaftServer,group=group-E5CD7693E4BE,id=720981dd-80b6-4b59-8027-74344e9fba7b
2019-11-14 22:49:56,825 [main] INFO  server.GrpcService (GrpcService.java:closeImpl(172)) - e9302b19-2241-48e3-b0d0-f92620d14c53: shutdown server with port 32896 successfully
2019-11-14 22:49:56,825 [ForkJoinPool.commonPool-worker-1] INFO  impl.RoleInfo (RoleInfo.java:shutdownFollowerState(121)) - 720981dd-80b6-4b59-8027-74344e9fba7b: shutdown FollowerState
2019-11-14 22:49:56,826 [ForkJoinPool.commonPool-worker-1] INFO  impl.StateMachineUpdater (StateMachineUpdater.java:stopAndJoin(136)) - 720981dd-80b6-4b59-8027-74344e9fba7b@group-E5CD7693E4BE-StateMachineUpdater: set stopIndex = 2
2019-11-14 22:49:56,826 [Thread-4059] INFO  impl.FollowerState (FollowerState.java:run(120)) - 720981dd-80b6-4b59-8027-74344e9fba7b@group-E5CD7693E4BE-FollowerState was interrupted: java.lang.InterruptedException: sleep interrupted
2019-11-14 22:49:56,827 [ForkJoinPool.commonPool-worker-1] INFO  impl.RaftServerImpl (ServerState.java:close(387)) - 720981dd-80b6-4b59-8027-74344e9fba7b@group-E5CD7693E4BE: closes. applyIndex: 2
2019-11-14 22:49:56,827 [720981dd-80b6-4b59-8027-74344e9fba7b@group-E5CD7693E4BE-SegmentedRaftLogWorker] INFO  segmented.SegmentedRaftLogWorker (SegmentedRaftLogWorker.java:run(316)) - 720981dd-80b6-4b59-8027-74344e9fba7b@group-E5CD7693E4BE-SegmentedRaftLogWorker was interrupted, exiting. There are 0 tasks remaining in the queue.
2019-11-14 22:49:56,828 [refreshUsed-/workdir/hadoop-ozone/integration-test/target/test-dir/MiniOzoneClusterImpl-9caa682c-a503-45f4-84bb-f8dd249825f6/datanode-5/data/containers] WARN  fs.CachingGetSpaceUsed (CachingGetSpaceUsed.java:run(183)) - Thread Interrupted waiting to refresh disk information: sleep interrupted
2019-11-14 22:49:56,828 [ForkJoinPool.commonPool-worker-1] INFO  segmented.SegmentedRaftLogWorker (SegmentedRaftLogWorker.java:close(224)) - 720981dd-80b6-4b59-8027-74344e9fba7b@group-E5CD7693E4BE-SegmentedRaftLogWorker close()
2019-11-14 22:49:56,829 [ForkJoinPool.commonPool-worker-1] INFO  server.GrpcService (GrpcService.java:closeImpl(164)) - 720981dd-80b6-4b59-8027-74344e9fba7b: shutdown server with port 33190 now
2019-11-14 22:49:56,831 [grpc-default-executor-5] WARN  server.GrpcServerProtocolService (LogUtils.java:warn(134)) - 720981dd-80b6-4b59-8027-74344e9fba7b: installSnapshot onError, lastRequest: 7d8f40ed-fc7e-4283-96c6-8f8f645c1bfe->720981dd-80b6-4b59-8027-74344e9fba7b#8-t9, previous=(t:9, i:2), leaderCommit=2, initializing? false, entries: <empty>: org.apache.ratis.thirdparty.io.grpc.StatusRuntimeException: CANCELLED: cancelled before receiving half close
2019-11-14 22:49:56,831 [ForkJoinPool.commonPool-worker-1] INFO  server.GrpcService (GrpcService.java:closeImpl(172)) - 720981dd-80b6-4b59-8027-74344e9fba7b: shutdown server with port 33190 successfully
2019-11-14 22:49:56,831 [grpc-default-executor-9] WARN  server.GrpcLogAppender (LogUtils.java:warn(134)) - 7d8f40ed-fc7e-4283-96c6-8f8f645c1bfe@group-E5CD7693E4BE->720981dd-80b6-4b59-8027-74344e9fba7b-AppendLogResponseHandler: Failed appendEntries: org.apache.ratis.thirdparty.io.grpc.StatusRuntimeException: CANCELLED: HTTP/2 error code: CANCEL
Received Rst Stream
2019-11-14 22:49:56,832 [grpc-default-executor-9] INFO  impl.FollowerInfo (FollowerInfo.java:lambda$new$0(51)) - 7d8f40ed-fc7e-4283-96c6-8f8f645c1bfe@group-E5CD7693E4BE->720981dd-80b6-4b59-8027-74344e9fba7b: nextIndex: updateUnconditionally 3 -> 2
2019-11-14 22:49:56,837 [refreshUsed-/workdir/hadoop-ozone/integration-test/target/test-dir/MiniOzoneClusterImpl-9caa682c-a503-45f4-84bb-f8dd249825f6/datanode-2/data/containers] WARN  fs.CachingGetSpaceUsed (CachingGetSpaceUsed.java:run(183)) - Thread Interrupted waiting to refresh disk information: sleep interrupted
2019-11-14 22:49:56,852 [main] INFO  utils.BackgroundService (BackgroundService.java:shutdown(151)) - Shutting down service BlockDeletingService
2019-11-14 22:49:56,852 [ForkJoinPool.commonPool-worker-1] INFO  utils.BackgroundService (BackgroundService.java:shutdown(151)) - Shutting down service BlockDeletingService
2019-11-14 22:49:56,863 [ForkJoinPool.commonPool-worker-1] INFO  statemachine.DatanodeStateMachine (DatanodeStateMachine.java:stopDaemon(400)) - Ozone container server stopped.
2019-11-14 22:49:56,867 [main] INFO  statemachine.DatanodeStateMachine (DatanodeStateMachine.java:stopDaemon(400)) - Ozone container server stopped.
2019-11-14 22:49:56,877 [ForkJoinPool.commonPool-worker-1] INFO  handler.ContextHandler (ContextHandler.java:doStop(910)) - Stopped o.e.j.w.WebAppContext@1ea930eb{/,null,UNAVAILABLE}{/hddsDatanode}
2019-11-14 22:49:56,877 [main] INFO  handler.ContextHandler (ContextHandler.java:doStop(910)) - Stopped o.e.j.w.WebAppContext@333398f{/,null,UNAVAILABLE}{/hddsDatanode}
2019-11-14 22:49:56,878 [ForkJoinPool.commonPool-worker-1] INFO  server.AbstractConnector (AbstractConnector.java:doStop(318)) - Stopped ServerConnector@2e0ad709{HTTP/1.1,[http/1.1]}{0.0.0.0:0}
2019-11-14 22:49:56,878 [main] INFO  server.AbstractConnector (AbstractConnector.java:doStop(318)) - Stopped ServerConnector@103c97ff{HTTP/1.1,[http/1.1]}{0.0.0.0:0}
2019-11-14 22:49:56,879 [ForkJoinPool.commonPool-worker-1] INFO  handler.ContextHandler (ContextHandler.java:doStop(910)) - Stopped o.e.j.s.ServletContextHandler@7dbae40{/static,jar:file:/home/user/.m2/repository/org/apache/hadoop/hadoop-hdds-container-service/0.5.0-SNAPSHOT/hadoop-hdds-container-service-0.5.0-SNAPSHOT.jar!/webapps/static,UNAVAILABLE}
2019-11-14 22:49:56,880 [main] INFO  handler.ContextHandler (ContextHandler.java:doStop(910)) - Stopped o.e.j.s.ServletContextHandler@4d69d288{/static,jar:file:/home/user/.m2/repository/org/apache/hadoop/hadoop-hdds-container-service/0.5.0-SNAPSHOT/hadoop-hdds-container-service-0.5.0-SNAPSHOT.jar!/webapps/static,UNAVAILABLE}
2019-11-14 22:49:56,881 [ForkJoinPool.commonPool-worker-1] INFO  handler.ContextHandler (ContextHandler.java:doStop(910)) - Stopped o.e.j.s.ServletContextHandler@73a845cb{/logs,file:///workdir/hadoop-ozone/integration-test/target/log,UNAVAILABLE}
2019-11-14 22:49:56,881 [main] INFO  handler.ContextHandler (ContextHandler.java:doStop(910)) - Stopped o.e.j.s.ServletContextHandler@d36c1c3{/logs,file:///workdir/hadoop-ozone/integration-test/target/log,UNAVAILABLE}
2019-11-14 22:49:57,183 [grpc-default-executor-9] WARN  server.GrpcLogAppender (LogUtils.java:warn(134)) - 7d8f40ed-fc7e-4283-96c6-8f8f645c1bfe@group-E5CD7693E4BE->58f72cb5-8974-4d0e-9564-cfe3e68dc671-AppendLogResponseHandler: Failed appendEntries: org.apache.ratis.thirdparty.io.grpc.StatusRuntimeException: UNAVAILABLE: io exception
2019-11-14 22:49:57,183 [grpc-default-executor-9] INFO  impl.FollowerInfo (FollowerInfo.java:lambda$new$0(51)) - 7d8f40ed-fc7e-4283-96c6-8f8f645c1bfe@group-E5CD7693E4BE->58f72cb5-8974-4d0e-9564-cfe3e68dc671: nextIndex: updateUnconditionally 0 -> 0
2019-11-14 22:49:57,191 [grpc-default-executor-8] WARN  server.GrpcLogAppender (LogUtils.java:warn(134)) - 7d8f40ed-fc7e-4283-96c6-8f8f645c1bfe@group-E5CD7693E4BE->720981dd-80b6-4b59-8027-74344e9fba7b-AppendLogResponseHandler: Failed appendEntries: org.apache.ratis.thirdparty.io.grpc.StatusRuntimeException: UNAVAILABLE: io exception
2019-11-14 22:49:57,191 [grpc-default-executor-8] INFO  impl.FollowerInfo (FollowerInfo.java:lambda$new$0(51)) - 7d8f40ed-fc7e-4283-96c6-8f8f645c1bfe@group-E5CD7693E4BE->720981dd-80b6-4b59-8027-74344e9fba7b: nextIndex: updateUnconditionally 2 -> 1
2019-11-14 22:49:57,420 [Datanode State Machine Thread - 0] INFO  statemachine.DatanodeStateMachine (DatanodeStateMachine.java:lambda$startDaemon$0(355)) - Ozone container server started.
2019-11-14 22:49:57,684 [grpc-default-executor-9] WARN  server.GrpcLogAppender (LogUtils.java:warn(134)) - 7d8f40ed-fc7e-4283-96c6-8f8f645c1bfe@group-E5CD7693E4BE->58f72cb5-8974-4d0e-9564-cfe3e68dc671-AppendLogResponseHandler: Failed appendEntries: org.apache.ratis.thirdparty.io.grpc.StatusRuntimeException: UNAVAILABLE: io exception
2019-11-14 22:49:57,684 [grpc-default-executor-9] INFO  impl.FollowerInfo (FollowerInfo.java:lambda$new$0(51)) - 7d8f40ed-fc7e-4283-96c6-8f8f645c1bfe@group-E5CD7693E4BE->58f72cb5-8974-4d0e-9564-cfe3e68dc671: nextIndex: updateUnconditionally 0 -> 0
2019-11-14 22:49:57,692 [grpc-default-executor-5] WARN  server.GrpcLogAppender (LogUtils.java:warn(134)) - 7d8f40ed-fc7e-4283-96c6-8f8f645c1bfe@group-E5CD7693E4BE->720981dd-80b6-4b59-8027-74344e9fba7b-AppendLogResponseHandler: Failed appendEntries: org.apache.ratis.thirdparty.io.grpc.StatusRuntimeException: UNAVAILABLE: io exception
2019-11-14 22:49:57,692 [grpc-default-executor-5] INFO  impl.FollowerInfo (FollowerInfo.java:lambda$new$0(51)) - 7d8f40ed-fc7e-4283-96c6-8f8f645c1bfe@group-E5CD7693E4BE->720981dd-80b6-4b59-8027-74344e9fba7b: nextIndex: updateUnconditionally 1 -> 0
2019-11-14 22:49:57,747 [Datanode State Machine Thread - 0] INFO  statemachine.DatanodeStateMachine (DatanodeStateMachine.java:lambda$startDaemon$0(355)) - Ozone container server started.
2019-11-14 22:49:58,184 [grpc-default-executor-8] WARN  server.GrpcLogAppender (LogUtils.java:warn(134)) - 7d8f40ed-fc7e-4283-96c6-8f8f645c1bfe@group-E5CD7693E4BE->58f72cb5-8974-4d0e-9564-cfe3e68dc671-AppendLogResponseHandler: Failed appendEntries: org.apache.ratis.thirdparty.io.grpc.StatusRuntimeException: UNAVAILABLE: io exception
2019-11-14 22:49:58,185 [grpc-default-executor-8] INFO  impl.FollowerInfo (FollowerInfo.java:lambda$new$0(51)) - 7d8f40ed-fc7e-4283-96c6-8f8f645c1bfe@group-E5CD7693E4BE->58f72cb5-8974-4d0e-9564-cfe3e68dc671: nextIndex: updateUnconditionally 0 -> 0
2019-11-14 22:49:58,192 [grpc-default-executor-8] WARN  server.GrpcLogAppender (LogUtils.java:warn(134)) - 7d8f40ed-fc7e-4283-96c6-8f8f645c1bfe@group-E5CD7693E4BE->720981dd-80b6-4b59-8027-74344e9fba7b-AppendLogResponseHandler: Failed appendEntries: org.apache.ratis.thirdparty.io.grpc.StatusRuntimeException: UNAVAILABLE: io exception
2019-11-14 22:49:58,192 [grpc-default-executor-8] INFO  impl.FollowerInfo (FollowerInfo.java:lambda$new$0(51)) - 7d8f40ed-fc7e-4283-96c6-8f8f645c1bfe@group-E5CD7693E4BE->720981dd-80b6-4b59-8027-74344e9fba7b: nextIndex: updateUnconditionally 0 -> 0
2019-11-14 22:49:58,685 [grpc-default-executor-8] WARN  server.GrpcLogAppender (LogUtils.java:warn(134)) - 7d8f40ed-fc7e-4283-96c6-8f8f645c1bfe@group-E5CD7693E4BE->58f72cb5-8974-4d0e-9564-cfe3e68dc671-AppendLogResponseHandler: Failed appendEntries: org.apache.ratis.thirdparty.io.grpc.StatusRuntimeException: UNAVAILABLE: io exception
2019-11-14 22:49:58,685 [grpc-default-executor-8] INFO  impl.FollowerInfo (FollowerInfo.java:lambda$new$0(51)) - 7d8f40ed-fc7e-4283-96c6-8f8f645c1bfe@group-E5CD7693E4BE->58f72cb5-8974-4d0e-9564-cfe3e68dc671: nextIndex: updateUnconditionally 0 -> 0
2019-11-14 22:49:58,692 [grpc-default-executor-9] WARN  server.GrpcLogAppender (LogUtils.java:warn(134)) - 7d8f40ed-fc7e-4283-96c6-8f8f645c1bfe@group-E5CD7693E4BE->720981dd-80b6-4b59-8027-74344e9fba7b-AppendLogResponseHandler: Failed appendEntries: org.apache.ratis.thirdparty.io.grpc.StatusRuntimeException: UNAVAILABLE: io exception
2019-11-14 22:49:58,693 [grpc-default-executor-9] INFO  impl.FollowerInfo (FollowerInfo.java:lambda$new$0(51)) - 7d8f40ed-fc7e-4283-96c6-8f8f645c1bfe@group-E5CD7693E4BE->720981dd-80b6-4b59-8027-74344e9fba7b: nextIndex: updateUnconditionally 0 -> 0
2019-11-14 22:49:59,186 [grpc-default-executor-5] WARN  server.GrpcLogAppender (LogUtils.java:warn(134)) - 7d8f40ed-fc7e-4283-96c6-8f8f645c1bfe@group-E5CD7693E4BE->58f72cb5-8974-4d0e-9564-cfe3e68dc671-AppendLogResponseHandler: Failed appendEntries: org.apache.ratis.thirdparty.io.grpc.StatusRuntimeException: UNAVAILABLE: io exception
2019-11-14 22:49:59,186 [grpc-default-executor-5] INFO  impl.FollowerInfo (FollowerInfo.java:lambda$new$0(51)) - 7d8f40ed-fc7e-4283-96c6-8f8f645c1bfe@group-E5CD7693E4BE->58f72cb5-8974-4d0e-9564-cfe3e68dc671: nextIndex: updateUnconditionally 0 -> 0
2019-11-14 22:49:59,193 [grpc-default-executor-5] WARN  server.GrpcLogAppender (LogUtils.java:warn(134)) - 7d8f40ed-fc7e-4283-96c6-8f8f645c1bfe@group-E5CD7693E4BE->720981dd-80b6-4b59-8027-74344e9fba7b-AppendLogResponseHandler: Failed appendEntries: org.apache.ratis.thirdparty.io.grpc.StatusRuntimeException: UNAVAILABLE: io exception
2019-11-14 22:49:59,193 [grpc-default-executor-5] INFO  impl.FollowerInfo (FollowerInfo.java:lambda$new$0(51)) - 7d8f40ed-fc7e-4283-96c6-8f8f645c1bfe@group-E5CD7693E4BE->720981dd-80b6-4b59-8027-74344e9fba7b: nextIndex: updateUnconditionally 0 -> 0
2019-11-14 22:49:59,686 [grpc-default-executor-8] WARN  server.GrpcLogAppender (LogUtils.java:warn(134)) - 7d8f40ed-fc7e-4283-96c6-8f8f645c1bfe@group-E5CD7693E4BE->58f72cb5-8974-4d0e-9564-cfe3e68dc671-AppendLogResponseHandler: Failed appendEntries: org.apache.ratis.thirdparty.io.grpc.StatusRuntimeException: UNAVAILABLE: io exception
2019-11-14 22:49:59,687 [grpc-default-executor-8] INFO  impl.FollowerInfo (FollowerInfo.java:lambda$new$0(51)) - 7d8f40ed-fc7e-4283-96c6-8f8f645c1bfe@group-E5CD7693E4BE->58f72cb5-8974-4d0e-9564-cfe3e68dc671: nextIndex: updateUnconditionally 0 -> 0
2019-11-14 22:49:59,694 [grpc-default-executor-9] WARN  server.GrpcLogAppender (LogUtils.java:warn(134)) - 7d8f40ed-fc7e-4283-96c6-8f8f645c1bfe@group-E5CD7693E4BE->720981dd-80b6-4b59-8027-74344e9fba7b-AppendLogResponseHandler: Failed appendEntries: org.apache.ratis.thirdparty.io.grpc.StatusRuntimeException: UNAVAILABLE: io exception
2019-11-14 22:49:59,694 [grpc-default-executor-9] INFO  impl.FollowerInfo (FollowerInfo.java:lambda$new$0(51)) - 7d8f40ed-fc7e-4283-96c6-8f8f645c1bfe@group-E5CD7693E4BE->720981dd-80b6-4b59-8027-74344e9fba7b: nextIndex: updateUnconditionally 0 -> 0
2019-11-14 22:50:00,188 [grpc-default-executor-5] WARN  server.GrpcLogAppender (LogUtils.java:warn(134)) - 7d8f40ed-fc7e-4283-96c6-8f8f645c1bfe@group-E5CD7693E4BE->58f72cb5-8974-4d0e-9564-cfe3e68dc671-AppendLogResponseHandler: Failed appendEntries: org.apache.ratis.thirdparty.io.grpc.StatusRuntimeException: UNAVAILABLE: io exception
2019-11-14 22:50:00,188 [grpc-default-executor-5] INFO  impl.FollowerInfo (FollowerInfo.java:lambda$new$0(51)) - 7d8f40ed-fc7e-4283-96c6-8f8f645c1bfe@group-E5CD7693E4BE->58f72cb5-8974-4d0e-9564-cfe3e68dc671: nextIndex: updateUnconditionally 0 -> 0
2019-11-14 22:50:00,194 [grpc-default-executor-8] WARN  server.GrpcLogAppender (LogUtils.java:warn(134)) - 7d8f40ed-fc7e-4283-96c6-8f8f645c1bfe@group-E5CD7693E4BE->720981dd-80b6-4b59-8027-74344e9fba7b-AppendLogResponseHandler: Failed appendEntries: org.apache.ratis.thirdparty.io.grpc.StatusRuntimeException: UNAVAILABLE: io exception
2019-11-14 22:50:00,194 [grpc-default-executor-8] INFO  impl.FollowerInfo (FollowerInfo.java:lambda$new$0(51)) - 7d8f40ed-fc7e-4283-96c6-8f8f645c1bfe@group-E5CD7693E4BE->720981dd-80b6-4b59-8027-74344e9fba7b: nextIndex: updateUnconditionally 0 -> 0
2019-11-14 22:50:00,688 [grpc-default-executor-9] WARN  server.GrpcLogAppender (LogUtils.java:warn(134)) - 7d8f40ed-fc7e-4283-96c6-8f8f645c1bfe@group-E5CD7693E4BE->58f72cb5-8974-4d0e-9564-cfe3e68dc671-AppendLogResponseHandler: Failed appendEntries: org.apache.ratis.thirdparty.io.grpc.StatusRuntimeException: UNAVAILABLE: io exception
2019-11-14 22:50:00,688 [grpc-default-executor-9] INFO  impl.FollowerInfo (FollowerInfo.java:lambda$new$0(51)) - 7d8f40ed-fc7e-4283-96c6-8f8f645c1bfe@group-E5CD7693E4BE->58f72cb5-8974-4d0e-9564-cfe3e68dc671: nextIndex: updateUnconditionally 0 -> 0
2019-11-14 22:50:00,694 [grpc-default-executor-8] WARN  server.GrpcLogAppender (LogUtils.java:warn(134)) - 7d8f40ed-fc7e-4283-96c6-8f8f645c1bfe@group-E5CD7693E4BE->720981dd-80b6-4b59-8027-74344e9fba7b-AppendLogResponseHandler: Failed appendEntries: org.apache.ratis.thirdparty.io.grpc.StatusRuntimeException: UNAVAILABLE: io exception
2019-11-14 22:50:00,695 [grpc-default-executor-8] INFO  impl.FollowerInfo (FollowerInfo.java:lambda$new$0(51)) - 7d8f40ed-fc7e-4283-96c6-8f8f645c1bfe@group-E5CD7693E4BE->720981dd-80b6-4b59-8027-74344e9fba7b: nextIndex: updateUnconditionally 0 -> 0
2019-11-14 22:50:01,189 [grpc-default-executor-5] WARN  server.GrpcLogAppender (LogUtils.java:warn(134)) - 7d8f40ed-fc7e-4283-96c6-8f8f645c1bfe@group-E5CD7693E4BE->58f72cb5-8974-4d0e-9564-cfe3e68dc671-AppendLogResponseHandler: Failed appendEntries: org.apache.ratis.thirdparty.io.grpc.StatusRuntimeException: UNAVAILABLE: io exception
2019-11-14 22:50:01,190 [grpc-default-executor-5] INFO  impl.FollowerInfo (FollowerInfo.java:lambda$new$0(51)) - 7d8f40ed-fc7e-4283-96c6-8f8f645c1bfe@group-E5CD7693E4BE->58f72cb5-8974-4d0e-9564-cfe3e68dc671: nextIndex: updateUnconditionally 0 -> 0
2019-11-14 22:50:01,195 [grpc-default-executor-9] WARN  server.GrpcLogAppender (LogUtils.java:warn(134)) - 7d8f40ed-fc7e-4283-96c6-8f8f645c1bfe@group-E5CD7693E4BE->720981dd-80b6-4b59-8027-74344e9fba7b-AppendLogResponseHandler: Failed appendEntries: org.apache.ratis.thirdparty.io.grpc.StatusRuntimeException: UNAVAILABLE: io exception
2019-11-14 22:50:01,195 [grpc-default-executor-9] INFO  impl.FollowerInfo (FollowerInfo.java:lambda$new$0(51)) - 7d8f40ed-fc7e-4283-96c6-8f8f645c1bfe@group-E5CD7693E4BE->720981dd-80b6-4b59-8027-74344e9fba7b: nextIndex: updateUnconditionally 0 -> 0
2019-11-14 22:50:01,694 [grpc-default-executor-9] WARN  server.GrpcLogAppender (LogUtils.java:warn(134)) - 7d8f40ed-fc7e-4283-96c6-8f8f645c1bfe@group-E5CD7693E4BE->58f72cb5-8974-4d0e-9564-cfe3e68dc671-AppendLogResponseHandler: Failed appendEntries: org.apache.ratis.thirdparty.io.grpc.StatusRuntimeException: UNAVAILABLE: io exception
2019-11-14 22:50:01,694 [grpc-default-executor-9] INFO  impl.FollowerInfo (FollowerInfo.java:lambda$new$0(51)) - 7d8f40ed-fc7e-4283-96c6-8f8f645c1bfe@group-E5CD7693E4BE->58f72cb5-8974-4d0e-9564-cfe3e68dc671: nextIndex: updateUnconditionally 0 -> 0
2019-11-14 22:50:01,695 [grpc-default-executor-8] WARN  server.GrpcLogAppender (LogUtils.java:warn(134)) - 7d8f40ed-fc7e-4283-96c6-8f8f645c1bfe@group-E5CD7693E4BE->720981dd-80b6-4b59-8027-74344e9fba7b-AppendLogResponseHandler: Failed appendEntries: org.apache.ratis.thirdparty.io.grpc.StatusRuntimeException: UNAVAILABLE: io exception
2019-11-14 22:50:01,695 [grpc-default-executor-8] INFO  impl.FollowerInfo (FollowerInfo.java:lambda$new$0(51)) - 7d8f40ed-fc7e-4283-96c6-8f8f645c1bfe@group-E5CD7693E4BE->720981dd-80b6-4b59-8027-74344e9fba7b: nextIndex: updateUnconditionally 0 -> 0
2019-11-14 22:50:01,884 [ForkJoinPool.commonPool-worker-1] INFO  ozoneimpl.OzoneContainer (OzoneContainer.java:stop(244)) - Attempting to stop container services.
2019-11-14 22:50:01,884 [main] INFO  ozoneimpl.OzoneContainer (OzoneContainer.java:stop(244)) - Attempting to stop container services.
2019-11-14 22:50:01,885 [ForkJoinPool.commonPool-worker-1] INFO  impl.RaftServerProxy (RaftServerProxy.java:lambda$close$4(314)) - ce51abe9-fc49-4310-abba-812881959ce0: close
2019-11-14 22:50:01,885 [main] INFO  impl.RaftServerProxy (RaftServerProxy.java:lambda$close$4(314)) - c5c819e6-85b2-482d-9128-e8ea2b7ba4a4: close
2019-11-14 22:50:01,885 [ForkJoinPool.commonPool-worker-1] INFO  impl.RaftServerImpl (RaftServerImpl.java:lambda$shutdown$3(250)) - ce51abe9-fc49-4310-abba-812881959ce0@group-D69059C5788C: shutdown
2019-11-14 22:50:01,885 [main] INFO  impl.RaftServerImpl (RaftServerImpl.java:lambda$shutdown$3(250)) - c5c819e6-85b2-482d-9128-e8ea2b7ba4a4@group-F1AED5EE4D6F: shutdown
2019-11-14 22:50:01,886 [ForkJoinPool.commonPool-worker-1] INFO  util.JmxRegister (JmxRegister.java:unregister(73)) - Successfully un-registered JMX Bean with object name Ratis:service=RaftServer,group=group-D69059C5788C,id=ce51abe9-fc49-4310-abba-812881959ce0
2019-11-14 22:50:01,886 [main] INFO  util.JmxRegister (JmxRegister.java:unregister(73)) - Successfully un-registered JMX Bean with object name Ratis:service=RaftServer,group=group-F1AED5EE4D6F,id=c5c819e6-85b2-482d-9128-e8ea2b7ba4a4
2019-11-14 22:50:01,886 [ForkJoinPool.commonPool-worker-1] INFO  impl.RoleInfo (RoleInfo.java:shutdownLeaderState(104)) - ce51abe9-fc49-4310-abba-812881959ce0: shutdown LeaderState
2019-11-14 22:50:01,891 [main] INFO  impl.RoleInfo (RoleInfo.java:shutdownFollowerState(121)) - c5c819e6-85b2-482d-9128-e8ea2b7ba4a4: shutdown FollowerState
2019-11-14 22:50:01,891 [ForkJoinPool.commonPool-worker-1] INFO  impl.PendingRequests (PendingRequests.java:sendNotLeaderResponses(206)) - ce51abe9-fc49-4310-abba-812881959ce0@group-D69059C5788C-PendingRequests: sendNotLeaderResponses
2019-11-14 22:50:01,891 [Thread-3653] INFO  impl.FollowerState (FollowerState.java:run(120)) - c5c819e6-85b2-482d-9128-e8ea2b7ba4a4@group-F1AED5EE4D6F-FollowerState was interrupted: java.lang.InterruptedException: sleep interrupted
2019-11-14 22:50:01,891 [main] INFO  impl.StateMachineUpdater (StateMachineUpdater.java:stopAndJoin(136)) - c5c819e6-85b2-482d-9128-e8ea2b7ba4a4@group-F1AED5EE4D6F-StateMachineUpdater: set stopIndex = 8
2019-11-14 22:50:01,892 [ForkJoinPool.commonPool-worker-1] INFO  impl.StateMachineUpdater (StateMachineUpdater.java:stopAndJoin(136)) - ce51abe9-fc49-4310-abba-812881959ce0@group-D69059C5788C-StateMachineUpdater: set stopIndex = 0
2019-11-14 22:50:01,892 [c5c819e6-85b2-482d-9128-e8ea2b7ba4a4@group-F1AED5EE4D6F-StateMachineUpdater] INFO  ratis.ContainerStateMachine (ContainerStateMachine.java:takeSnapshot(285)) - group-F1AED5EE4D6F: Taking a snapshot at:(t:1, i:4) file /workdir/hadoop-ozone/integration-test/target/test-dir/MiniOzoneClusterImpl-9caa682c-a503-45f4-84bb-f8dd249825f6/datanode-6/data/ratis/250a51ea-7cc0-46c5-a5e6-f1aed5ee4d6f/sm/snapshot.1_4
2019-11-14 22:50:01,893 [ForkJoinPool.commonPool-worker-1] INFO  impl.RaftServerImpl (ServerState.java:close(387)) - ce51abe9-fc49-4310-abba-812881959ce0@group-D69059C5788C: closes. applyIndex: 0
2019-11-14 22:50:01,893 [ce51abe9-fc49-4310-abba-812881959ce0@group-D69059C5788C-SegmentedRaftLogWorker] INFO  segmented.SegmentedRaftLogWorker (SegmentedRaftLogWorker.java:run(316)) - ce51abe9-fc49-4310-abba-812881959ce0@group-D69059C5788C-SegmentedRaftLogWorker was interrupted, exiting. There are 0 tasks remaining in the queue.
2019-11-14 22:50:01,894 [ForkJoinPool.commonPool-worker-1] INFO  segmented.SegmentedRaftLogWorker (SegmentedRaftLogWorker.java:close(224)) - ce51abe9-fc49-4310-abba-812881959ce0@group-D69059C5788C-SegmentedRaftLogWorker close()
2019-11-14 22:50:01,894 [ForkJoinPool.commonPool-worker-1] INFO  impl.RaftServerImpl (RaftServerImpl.java:lambda$shutdown$3(250)) - ce51abe9-fc49-4310-abba-812881959ce0@group-AE73C50864A8: shutdown
2019-11-14 22:50:01,894 [ForkJoinPool.commonPool-worker-1] INFO  util.JmxRegister (JmxRegister.java:unregister(73)) - Successfully un-registered JMX Bean with object name Ratis:service=RaftServer,group=group-AE73C50864A8,id=ce51abe9-fc49-4310-abba-812881959ce0
2019-11-14 22:50:01,894 [ForkJoinPool.commonPool-worker-1] INFO  impl.RoleInfo (RoleInfo.java:shutdownLeaderState(104)) - ce51abe9-fc49-4310-abba-812881959ce0: shutdown LeaderState
2019-11-14 22:50:01,898 [ForkJoinPool.commonPool-worker-1] INFO  impl.PendingRequests (PendingRequests.java:sendNotLeaderResponses(206)) - ce51abe9-fc49-4310-abba-812881959ce0@group-AE73C50864A8-PendingRequests: sendNotLeaderResponses
2019-11-14 22:50:01,898 [org.apache.ratis.server.impl.LogAppender$AppenderDaemon$$Lambda$460/1168859626@28432a79] WARN  server.GrpcLogAppender (GrpcLogAppender.java:mayWait(151)) - ce51abe9-fc49-4310-abba-812881959ce0@group-AE73C50864A8->ec693a0a-7ab2-40db-baa2-190e1e2b8078-GrpcLogAppender: Wait interrupted by java.lang.InterruptedException
2019-11-14 22:50:01,898 [org.apache.ratis.server.impl.LogAppender$AppenderDaemon$$Lambda$460/1168859626@6d41b9b5] WARN  server.GrpcLogAppender (GrpcLogAppender.java:mayWait(151)) - ce51abe9-fc49-4310-abba-812881959ce0@group-AE73C50864A8->dafdef77-e865-403b-bc5e-c37989f56ddc-GrpcLogAppender: Wait interrupted by java.lang.InterruptedException
2019-11-14 22:50:01,898 [ForkJoinPool.commonPool-worker-1] INFO  impl.StateMachineUpdater (StateMachineUpdater.java:stopAndJoin(136)) - ce51abe9-fc49-4310-abba-812881959ce0@group-AE73C50864A8-StateMachineUpdater: set stopIndex = 0
2019-11-14 22:50:01,899 [ForkJoinPool.commonPool-worker-1] INFO  impl.RaftServerImpl (ServerState.java:close(387)) - ce51abe9-fc49-4310-abba-812881959ce0@group-AE73C50864A8: closes. applyIndex: 0
2019-11-14 22:50:01,899 [grpc-default-executor-8] INFO  server.GrpcServerProtocolService (GrpcServerProtocolService.java:onCompleted(113)) - dafdef77-e865-403b-bc5e-c37989f56ddc: Completed APPEND_ENTRIES, lastRequest: ce51abe9-fc49-4310-abba-812881959ce0->dafdef77-e865-403b-bc5e-c37989f56ddc#72-t1, previous=(t:1, i:0), leaderCommit=0, initializing? false, entries: <empty>
2019-11-14 22:50:01,899 [ce51abe9-fc49-4310-abba-812881959ce0@group-AE73C50864A8-SegmentedRaftLogWorker] INFO  segmented.SegmentedRaftLogWorker (SegmentedRaftLogWorker.java:run(316)) - ce51abe9-fc49-4310-abba-812881959ce0@group-AE73C50864A8-SegmentedRaftLogWorker was interrupted, exiting. There are 0 tasks remaining in the queue.
2019-11-14 22:50:01,899 [grpc-default-executor-5] INFO  server.GrpcServerProtocolService (GrpcServerProtocolService.java:onCompleted(113)) - ec693a0a-7ab2-40db-baa2-190e1e2b8078: Completed APPEND_ENTRIES, lastRequest: ce51abe9-fc49-4310-abba-812881959ce0->ec693a0a-7ab2-40db-baa2-190e1e2b8078#72-t1, previous=(t:1, i:0), leaderCommit=0, initializing? false, entries: <empty>
2019-11-14 22:50:01,901 [ForkJoinPool.commonPool-worker-1] INFO  segmented.SegmentedRaftLogWorker (SegmentedRaftLogWorker.java:close(224)) - ce51abe9-fc49-4310-abba-812881959ce0@group-AE73C50864A8-SegmentedRaftLogWorker close()
2019-11-14 22:50:01,903 [ForkJoinPool.commonPool-worker-1] INFO  server.GrpcService (GrpcService.java:closeImpl(164)) - ce51abe9-fc49-4310-abba-812881959ce0: shutdown server with port 37982 now
2019-11-14 22:50:01,903 [grpc-default-executor-8] INFO  server.GrpcLogAppender (GrpcLogAppender.java:onCompleted(308)) - ce51abe9-fc49-4310-abba-812881959ce0@group-AE73C50864A8->ec693a0a-7ab2-40db-baa2-190e1e2b8078-AppendLogResponseHandler: follower responses appendEntries COMPLETED
2019-11-14 22:50:01,903 [grpc-default-executor-5] INFO  server.GrpcLogAppender (GrpcLogAppender.java:onCompleted(308)) - ce51abe9-fc49-4310-abba-812881959ce0@group-AE73C50864A8->dafdef77-e865-403b-bc5e-c37989f56ddc-AppendLogResponseHandler: follower responses appendEntries COMPLETED
2019-11-14 22:50:01,903 [grpc-default-executor-5] INFO  impl.FollowerInfo (FollowerInfo.java:lambda$new$0(51)) - ce51abe9-fc49-4310-abba-812881959ce0@group-AE73C50864A8->dafdef77-e865-403b-bc5e-c37989f56ddc: nextIndex: updateUnconditionally 1 -> 0
2019-11-14 22:50:01,904 [grpc-default-executor-8] INFO  impl.FollowerInfo (FollowerInfo.java:lambda$new$0(51)) - ce51abe9-fc49-4310-abba-812881959ce0@group-AE73C50864A8->ec693a0a-7ab2-40db-baa2-190e1e2b8078: nextIndex: updateUnconditionally 1 -> 0
2019-11-14 22:50:01,904 [ForkJoinPool.commonPool-worker-1] INFO  server.GrpcService (GrpcService.java:closeImpl(172)) - ce51abe9-fc49-4310-abba-812881959ce0: shutdown server with port 37982 successfully
2019-11-14 22:50:01,915 [refreshUsed-/workdir/hadoop-ozone/integration-test/target/test-dir/MiniOzoneClusterImpl-9caa682c-a503-45f4-84bb-f8dd249825f6/datanode-3/data/containers] WARN  fs.CachingGetSpaceUsed (CachingGetSpaceUsed.java:run(183)) - Thread Interrupted waiting to refresh disk information: sleep interrupted
2019-11-14 22:50:01,916 [c5c819e6-85b2-482d-9128-e8ea2b7ba4a4@group-F1AED5EE4D6F-StateMachineUpdater] INFO  ratis.ContainerStateMachine (ContainerStateMachine.java:takeSnapshot(296)) - group-F1AED5EE4D6F: Finished taking a snapshot at:(t:1, i:4) file:/workdir/hadoop-ozone/integration-test/target/test-dir/MiniOzoneClusterImpl-9caa682c-a503-45f4-84bb-f8dd249825f6/datanode-6/data/ratis/250a51ea-7cc0-46c5-a5e6-f1aed5ee4d6f/sm/snapshot.1_4 time:24
2019-11-14 22:50:01,916 [c5c819e6-85b2-482d-9128-e8ea2b7ba4a4@group-F1AED5EE4D6F-StateMachineUpdater] INFO  impl.StateMachineUpdater (StateMachineUpdater.java:takeSnapshot(269)) - c5c819e6-85b2-482d-9128-e8ea2b7ba4a4@group-F1AED5EE4D6F-StateMachineUpdater: Took a snapshot at index 4
2019-11-14 22:50:01,916 [c5c819e6-85b2-482d-9128-e8ea2b7ba4a4@group-F1AED5EE4D6F-StateMachineUpdater] INFO  impl.StateMachineUpdater (StateMachineUpdater.java:lambda$new$0(84)) - c5c819e6-85b2-482d-9128-e8ea2b7ba4a4@group-F1AED5EE4D6F-StateMachineUpdater: snapshotIndex: updateIncreasingly -1 -> 4
2019-11-14 22:50:01,916 [c5c819e6-85b2-482d-9128-e8ea2b7ba4a4@group-F1AED5EE4D6F-StateMachineUpdater] INFO  ratis.ContainerStateMachine (ContainerStateMachine.java:takeSnapshot(285)) - group-F1AED5EE4D6F: Taking a snapshot at:(t:1, i:4) file /workdir/hadoop-ozone/integration-test/target/test-dir/MiniOzoneClusterImpl-9caa682c-a503-45f4-84bb-f8dd249825f6/datanode-6/data/ratis/250a51ea-7cc0-46c5-a5e6-f1aed5ee4d6f/sm/snapshot.1_4
2019-11-14 22:50:01,931 [ForkJoinPool.commonPool-worker-1] INFO  utils.BackgroundService (BackgroundService.java:shutdown(151)) - Shutting down service BlockDeletingService
2019-11-14 22:50:01,933 [ForkJoinPool.commonPool-worker-1] INFO  statemachine.DatanodeStateMachine (DatanodeStateMachine.java:stopDaemon(400)) - Ozone container server stopped.
2019-11-14 22:50:01,937 [ForkJoinPool.commonPool-worker-1] INFO  handler.ContextHandler (ContextHandler.java:doStop(910)) - Stopped o.e.j.w.WebAppContext@42cf6349{/,null,UNAVAILABLE}{/hddsDatanode}
2019-11-14 22:50:01,937 [ForkJoinPool.commonPool-worker-1] INFO  server.AbstractConnector (AbstractConnector.java:doStop(318)) - Stopped ServerConnector@79cb8ffa{HTTP/1.1,[http/1.1]}{0.0.0.0:0}
2019-11-14 22:50:01,939 [ForkJoinPool.commonPool-worker-1] INFO  handler.ContextHandler (ContextHandler.java:doStop(910)) - Stopped o.e.j.s.ServletContextHandler@4f811029{/static,jar:file:/home/user/.m2/repository/org/apache/hadoop/hadoop-hdds-container-service/0.5.0-SNAPSHOT/hadoop-hdds-container-service-0.5.0-SNAPSHOT.jar!/webapps/static,UNAVAILABLE}
2019-11-14 22:50:01,939 [c5c819e6-85b2-482d-9128-e8ea2b7ba4a4@group-F1AED5EE4D6F-StateMachineUpdater] INFO  ratis.ContainerStateMachine (ContainerStateMachine.java:takeSnapshot(296)) - group-F1AED5EE4D6F: Finished taking a snapshot at:(t:1, i:4) file:/workdir/hadoop-ozone/integration-test/target/test-dir/MiniOzoneClusterImpl-9caa682c-a503-45f4-84bb-f8dd249825f6/datanode-6/data/ratis/250a51ea-7cc0-46c5-a5e6-f1aed5ee4d6f/sm/snapshot.1_4 time:22
2019-11-14 22:50:01,940 [ForkJoinPool.commonPool-worker-1] INFO  handler.ContextHandler (ContextHandler.java:doStop(910)) - Stopped o.e.j.s.ServletContextHandler@3f68a7f8{/logs,file:///workdir/hadoop-ozone/integration-test/target/log,UNAVAILABLE}
2019-11-14 22:50:01,940 [c5c819e6-85b2-482d-9128-e8ea2b7ba4a4@group-F1AED5EE4D6F-StateMachineUpdater] INFO  impl.StateMachineUpdater (StateMachineUpdater.java:takeSnapshot(269)) - c5c819e6-85b2-482d-9128-e8ea2b7ba4a4@group-F1AED5EE4D6F-StateMachineUpdater: Took a snapshot at index 4
2019-11-14 22:50:01,940 [c5c819e6-85b2-482d-9128-e8ea2b7ba4a4@group-F1AED5EE4D6F-StateMachineUpdater] INFO  impl.StateMachineUpdater (StateMachineUpdater.java:lambda$new$0(84)) - c5c819e6-85b2-482d-9128-e8ea2b7ba4a4@group-F1AED5EE4D6F-StateMachineUpdater: snapshotIndex: updateIncreasingly 4 -> 4
2019-11-14 22:50:01,941 [main] INFO  impl.RaftServerImpl (ServerState.java:close(387)) - c5c819e6-85b2-482d-9128-e8ea2b7ba4a4@group-F1AED5EE4D6F: closes. applyIndex: 8
2019-11-14 22:50:01,941 [c5c819e6-85b2-482d-9128-e8ea2b7ba4a4@group-F1AED5EE4D6F-SegmentedRaftLogWorker] INFO  segmented.SegmentedRaftLogWorker (SegmentedRaftLogWorker.java:run(316)) - c5c819e6-85b2-482d-9128-e8ea2b7ba4a4@group-F1AED5EE4D6F-SegmentedRaftLogWorker was interrupted, exiting. There are 0 tasks remaining in the queue.
2019-11-14 22:50:01,956 [main] INFO  segmented.SegmentedRaftLogWorker (SegmentedRaftLogWorker.java:close(224)) - c5c819e6-85b2-482d-9128-e8ea2b7ba4a4@group-F1AED5EE4D6F-SegmentedRaftLogWorker close()
2019-11-14 22:50:01,956 [main] INFO  impl.RaftServerImpl (RaftServerImpl.java:lambda$shutdown$3(250)) - c5c819e6-85b2-482d-9128-e8ea2b7ba4a4@group-9D8DC744A03A: shutdown
2019-11-14 22:50:01,957 [main] INFO  util.JmxRegister (JmxRegister.java:unregister(73)) - Successfully un-registered JMX Bean with object name Ratis:service=RaftServer,group=group-9D8DC744A03A,id=c5c819e6-85b2-482d-9128-e8ea2b7ba4a4
2019-11-14 22:50:01,957 [main] INFO  impl.RoleInfo (RoleInfo.java:shutdownLeaderState(104)) - c5c819e6-85b2-482d-9128-e8ea2b7ba4a4: shutdown LeaderState
2019-11-14 22:50:01,957 [main] INFO  impl.PendingRequests (PendingRequests.java:sendNotLeaderResponses(206)) - c5c819e6-85b2-482d-9128-e8ea2b7ba4a4@group-9D8DC744A03A-PendingRequests: sendNotLeaderResponses
2019-11-14 22:50:01,957 [main] INFO  impl.StateMachineUpdater (StateMachineUpdater.java:stopAndJoin(136)) - c5c819e6-85b2-482d-9128-e8ea2b7ba4a4@group-9D8DC744A03A-StateMachineUpdater: set stopIndex = 0
2019-11-14 22:50:01,958 [main] INFO  impl.RaftServerImpl (ServerState.java:close(387)) - c5c819e6-85b2-482d-9128-e8ea2b7ba4a4@group-9D8DC744A03A: closes. applyIndex: 0
2019-11-14 22:50:01,958 [c5c819e6-85b2-482d-9128-e8ea2b7ba4a4@group-9D8DC744A03A-SegmentedRaftLogWorker] INFO  segmented.SegmentedRaftLogWorker (SegmentedRaftLogWorker.java:run(316)) - c5c819e6-85b2-482d-9128-e8ea2b7ba4a4@group-9D8DC744A03A-SegmentedRaftLogWorker was interrupted, exiting. There are 0 tasks remaining in the queue.
2019-11-14 22:50:01,958 [main] INFO  segmented.SegmentedRaftLogWorker (SegmentedRaftLogWorker.java:close(224)) - c5c819e6-85b2-482d-9128-e8ea2b7ba4a4@group-9D8DC744A03A-SegmentedRaftLogWorker close()
2019-11-14 22:50:01,959 [main] INFO  server.GrpcService (GrpcService.java:closeImpl(164)) - c5c819e6-85b2-482d-9128-e8ea2b7ba4a4: shutdown server with port 40987 now
2019-11-14 22:50:01,959 [main] INFO  server.GrpcService (GrpcService.java:closeImpl(172)) - c5c819e6-85b2-482d-9128-e8ea2b7ba4a4: shutdown server with port 40987 successfully
2019-11-14 22:50:01,959 [grpc-default-executor-5] WARN  server.GrpcServerProtocolService (LogUtils.java:warn(134)) - c5c819e6-85b2-482d-9128-e8ea2b7ba4a4: installSnapshot onError, lastRequest: 82d9b010-cdd2-48aa-a03f-c52b44e44827->c5c819e6-85b2-482d-9128-e8ea2b7ba4a4#86-t1, previous=(t:1, i:8), leaderCommit=8, initializing? false, entries: <empty>: org.apache.ratis.thirdparty.io.grpc.StatusRuntimeException: CANCELLED: cancelled before receiving half close
2019-11-14 22:50:01,960 [grpc-default-executor-8] WARN  server.GrpcLogAppender (LogUtils.java:warn(134)) - 82d9b010-cdd2-48aa-a03f-c52b44e44827@group-F1AED5EE4D6F->c5c819e6-85b2-482d-9128-e8ea2b7ba4a4-AppendLogResponseHandler: Failed appendEntries: org.apache.ratis.thirdparty.io.grpc.StatusRuntimeException: CANCELLED: HTTP/2 error code: CANCEL
Received Rst Stream
2019-11-14 22:50:01,960 [grpc-default-executor-8] INFO  impl.FollowerInfo (FollowerInfo.java:lambda$new$0(51)) - 82d9b010-cdd2-48aa-a03f-c52b44e44827@group-F1AED5EE4D6F->c5c819e6-85b2-482d-9128-e8ea2b7ba4a4: nextIndex: updateUnconditionally 9 -> 8
2019-11-14 22:50:01,961 [refreshUsed-/workdir/hadoop-ozone/integration-test/target/test-dir/MiniOzoneClusterImpl-9caa682c-a503-45f4-84bb-f8dd249825f6/datanode-6/data/containers] WARN  fs.CachingGetSpaceUsed (CachingGetSpaceUsed.java:run(183)) - Thread Interrupted waiting to refresh disk information: sleep interrupted
2019-11-14 22:50:01,976 [main] INFO  utils.BackgroundService (BackgroundService.java:shutdown(151)) - Shutting down service BlockDeletingService
2019-11-14 22:50:01,977 [main] INFO  statemachine.DatanodeStateMachine (DatanodeStateMachine.java:stopDaemon(400)) - Ozone container server stopped.
2019-11-14 22:50:01,978 [main] INFO  handler.ContextHandler (ContextHandler.java:doStop(910)) - Stopped o.e.j.w.WebAppContext@1ec88aa1{/,null,UNAVAILABLE}{/hddsDatanode}
2019-11-14 22:50:01,979 [main] INFO  server.AbstractConnector (AbstractConnector.java:doStop(318)) - Stopped ServerConnector@3e6748ae{HTTP/1.1,[http/1.1]}{0.0.0.0:0}
2019-11-14 22:50:01,979 [main] INFO  handler.ContextHandler (ContextHandler.java:doStop(910)) - Stopped o.e.j.s.ServletContextHandler@407b8435{/static,jar:file:/home/user/.m2/repository/org/apache/hadoop/hadoop-hdds-container-service/0.5.0-SNAPSHOT/hadoop-hdds-container-service-0.5.0-SNAPSHOT.jar!/webapps/static,UNAVAILABLE}
2019-11-14 22:50:01,979 [main] INFO  handler.ContextHandler (ContextHandler.java:doStop(910)) - Stopped o.e.j.s.ServletContextHandler@569348e1{/logs,file:///workdir/hadoop-ozone/integration-test/target/log,UNAVAILABLE}
2019-11-14 22:50:02,077 [grpc-default-executor-6] WARN  server.GrpcLogAppender (LogUtils.java:warn(134)) - 82d9b010-cdd2-48aa-a03f-c52b44e44827@group-F1AED5EE4D6F->c5c819e6-85b2-482d-9128-e8ea2b7ba4a4-AppendLogResponseHandler: Failed appendEntries: org.apache.ratis.thirdparty.io.grpc.StatusRuntimeException: UNAVAILABLE: io exception
2019-11-14 22:50:02,077 [grpc-default-executor-6] INFO  impl.FollowerInfo (FollowerInfo.java:lambda$new$0(51)) - 82d9b010-cdd2-48aa-a03f-c52b44e44827@group-F1AED5EE4D6F->c5c819e6-85b2-482d-9128-e8ea2b7ba4a4: nextIndex: updateUnconditionally 8 -> 7
2019-11-14 22:50:02,193 [grpc-default-executor-8] WARN  server.GrpcLogAppender (LogUtils.java:warn(134)) - 7d8f40ed-fc7e-4283-96c6-8f8f645c1bfe@group-E5CD7693E4BE->58f72cb5-8974-4d0e-9564-cfe3e68dc671-AppendLogResponseHandler: Failed appendEntries: org.apache.ratis.thirdparty.io.grpc.StatusRuntimeException: UNAVAILABLE: io exception
2019-11-14 22:50:02,193 [grpc-default-executor-8] INFO  impl.FollowerInfo (FollowerInfo.java:lambda$new$0(51)) - 7d8f40ed-fc7e-4283-96c6-8f8f645c1bfe@group-E5CD7693E4BE->58f72cb5-8974-4d0e-9564-cfe3e68dc671: nextIndex: updateUnconditionally 0 -> 0
2019-11-14 22:50:02,196 [grpc-default-executor-8] WARN  server.GrpcLogAppender (LogUtils.java:warn(134)) - 7d8f40ed-fc7e-4283-96c6-8f8f645c1bfe@group-E5CD7693E4BE->720981dd-80b6-4b59-8027-74344e9fba7b-AppendLogResponseHandler: Failed appendEntries: org.apache.ratis.thirdparty.io.grpc.StatusRuntimeException: UNAVAILABLE: io exception
2019-11-14 22:50:02,196 [grpc-default-executor-8] INFO  impl.FollowerInfo (FollowerInfo.java:lambda$new$0(51)) - 7d8f40ed-fc7e-4283-96c6-8f8f645c1bfe@group-E5CD7693E4BE->720981dd-80b6-4b59-8027-74344e9fba7b: nextIndex: updateUnconditionally 0 -> 0
2019-11-14 22:50:02,421 [Datanode State Machine Thread - 0] INFO  statemachine.DatanodeStateMachine (DatanodeStateMachine.java:lambda$startDaemon$0(355)) - Ozone container server started.
2019-11-14 22:50:02,473 [Datanode State Machine Thread - 0] INFO  statemachine.DatanodeStateMachine (DatanodeStateMachine.java:lambda$startDaemon$0(355)) - Ozone container server started.
2019-11-14 22:50:02,577 [grpc-default-executor-5] WARN  server.GrpcLogAppender (LogUtils.java:warn(134)) - 82d9b010-cdd2-48aa-a03f-c52b44e44827@group-F1AED5EE4D6F->c5c819e6-85b2-482d-9128-e8ea2b7ba4a4-AppendLogResponseHandler: Failed appendEntries: org.apache.ratis.thirdparty.io.grpc.StatusRuntimeException: UNAVAILABLE: io exception
2019-11-14 22:50:02,577 [grpc-default-executor-5] INFO  impl.FollowerInfo (FollowerInfo.java:lambda$new$0(51)) - 82d9b010-cdd2-48aa-a03f-c52b44e44827@group-F1AED5EE4D6F->c5c819e6-85b2-482d-9128-e8ea2b7ba4a4: nextIndex: updateUnconditionally 7 -> 6
2019-11-14 22:50:02,693 [grpc-default-executor-6] WARN  server.GrpcLogAppender (LogUtils.java:warn(134)) - 7d8f40ed-fc7e-4283-96c6-8f8f645c1bfe@group-E5CD7693E4BE->58f72cb5-8974-4d0e-9564-cfe3e68dc671-AppendLogResponseHandler: Failed appendEntries: org.apache.ratis.thirdparty.io.grpc.StatusRuntimeException: UNAVAILABLE: io exception
2019-11-14 22:50:02,693 [grpc-default-executor-6] INFO  impl.FollowerInfo (FollowerInfo.java:lambda$new$0(51)) - 7d8f40ed-fc7e-4283-96c6-8f8f645c1bfe@group-E5CD7693E4BE->58f72cb5-8974-4d0e-9564-cfe3e68dc671: nextIndex: updateUnconditionally 0 -> 0
2019-11-14 22:50:02,696 [grpc-default-executor-8] WARN  server.GrpcLogAppender (LogUtils.java:warn(134)) - 7d8f40ed-fc7e-4283-96c6-8f8f645c1bfe@group-E5CD7693E4BE->720981dd-80b6-4b59-8027-74344e9fba7b-AppendLogResponseHandler: Failed appendEntries: org.apache.ratis.thirdparty.io.grpc.StatusRuntimeException: UNAVAILABLE: io exception
2019-11-14 22:50:02,696 [grpc-default-executor-8] INFO  impl.FollowerInfo (FollowerInfo.java:lambda$new$0(51)) - 7d8f40ed-fc7e-4283-96c6-8f8f645c1bfe@group-E5CD7693E4BE->720981dd-80b6-4b59-8027-74344e9fba7b: nextIndex: updateUnconditionally 0 -> 0
2019-11-14 22:50:03,028 [Thread-3720] INFO  impl.FollowerState (FollowerState.java:run(111)) - dafdef77-e865-403b-bc5e-c37989f56ddc@group-AE73C50864A8-FollowerState: change to CANDIDATE, lastRpcTime:1582ms, electionTimeout:1114ms
2019-11-14 22:50:03,028 [Thread-3720] INFO  impl.RoleInfo (RoleInfo.java:shutdownFollowerState(121)) - dafdef77-e865-403b-bc5e-c37989f56ddc: shutdown FollowerState
2019-11-14 22:50:03,028 [Thread-3720] INFO  impl.RaftServerImpl (RaftServerImpl.java:setRole(173)) - dafdef77-e865-403b-bc5e-c37989f56ddc@group-AE73C50864A8: changes role from  FOLLOWER to CANDIDATE at term 1 for changeToCandidate
2019-11-14 22:50:03,028 [Thread-3720] INFO  impl.RoleInfo (RoleInfo.java:updateAndGet(143)) - dafdef77-e865-403b-bc5e-c37989f56ddc: start LeaderElection
2019-11-14 22:50:03,029 [dafdef77-e865-403b-bc5e-c37989f56ddc@group-AE73C50864A8-LeaderElection176] INFO  impl.RaftServerImpl (ServerState.java:setLeader(255)) - dafdef77-e865-403b-bc5e-c37989f56ddc@group-AE73C50864A8: change Leader from ce51abe9-fc49-4310-abba-812881959ce0 to null at term 1 for initElection
2019-11-14 22:50:03,052 [dafdef77-e865-403b-bc5e-c37989f56ddc@group-AE73C50864A8-LeaderElection176] INFO  impl.LeaderElection (LeaderElection.java:askForVotes(178)) - dafdef77-e865-403b-bc5e-c37989f56ddc@group-AE73C50864A8-LeaderElection176: begin an election at term 2 for 0: [dafdef77-e865-403b-bc5e-c37989f56ddc:192.168.69.106:34201, ec693a0a-7ab2-40db-baa2-190e1e2b8078:192.168.69.106:46493, ce51abe9-fc49-4310-abba-812881959ce0:192.168.69.106:37982], old=null
2019-11-14 22:50:03,054 [dafdef77-e865-403b-bc5e-c37989f56ddc@group-AE73C50864A8-LeaderElection176] INFO  impl.LeaderElection (LogUtils.java:infoOrTrace(149)) - dafdef77-e865-403b-bc5e-c37989f56ddc@group-AE73C50864A8-LeaderElection176 got exception when requesting votes: {}
java.util.concurrent.ExecutionException: org.apache.ratis.thirdparty.io.grpc.StatusRuntimeException: UNAVAILABLE: io exception
	at java.util.concurrent.FutureTask.report(FutureTask.java:122)
	at java.util.concurrent.FutureTask.get(FutureTask.java:192)
	at org.apache.ratis.server.impl.LeaderElection.waitForResults(LeaderElection.java:259)
	at org.apache.ratis.server.impl.LeaderElection.askForVotes(LeaderElection.java:197)
	at org.apache.ratis.server.impl.LeaderElection.run(LeaderElection.java:133)
	at java.lang.Thread.run(Thread.java:748)
Caused by: org.apache.ratis.thirdparty.io.grpc.StatusRuntimeException: UNAVAILABLE: io exception
	at org.apache.ratis.thirdparty.io.grpc.stub.ClientCalls.toStatusRuntimeException(ClientCalls.java:233)
	at org.apache.ratis.thirdparty.io.grpc.stub.ClientCalls.getUnchecked(ClientCalls.java:214)
	at org.apache.ratis.thirdparty.io.grpc.stub.ClientCalls.blockingUnaryCall(ClientCalls.java:139)
	at org.apache.ratis.proto.grpc.RaftServerProtocolServiceGrpc$RaftServerProtocolServiceBlockingStub.requestVote(RaftServerProtocolServiceGrpc.java:265)
	at org.apache.ratis.grpc.server.GrpcServerProtocolClient.requestVote(GrpcServerProtocolClient.java:99)
	at org.apache.ratis.grpc.server.GrpcService.requestVote(GrpcService.java:204)
	at org.apache.ratis.server.impl.LeaderElection.lambda$submitRequests$1(LeaderElection.java:234)
	at java.util.concurrent.FutureTask.run(FutureTask.java:266)
	at java.util.concurrent.Executors$RunnableAdapter.call(Executors.java:511)
	at java.util.concurrent.FutureTask.run(FutureTask.java:266)
	at java.util.concurrent.ThreadPoolExecutor.runWorker(ThreadPoolExecutor.java:1149)
	at java.util.concurrent.ThreadPoolExecutor$Worker.run(ThreadPoolExecutor.java:624)
	... 1 more
Caused by: org.apache.ratis.thirdparty.io.netty.channel.AbstractChannel$AnnotatedConnectException: Connection refused: /192.168.69.106:37982
	at sun.nio.ch.SocketChannelImpl.checkConnect(Native Method)
	at sun.nio.ch.SocketChannelImpl.finishConnect(SocketChannelImpl.java:717)
	at org.apache.ratis.thirdparty.io.netty.channel.socket.nio.NioSocketChannel.doFinishConnect(NioSocketChannel.java:327)
	at org.apache.ratis.thirdparty.io.netty.channel.nio.AbstractNioChannel$AbstractNioUnsafe.finishConnect(AbstractNioChannel.java:340)
	at org.apache.ratis.thirdparty.io.netty.channel.nio.NioEventLoop.processSelectedKey(NioEventLoop.java:632)
	at org.apache.ratis.thirdparty.io.netty.channel.nio.NioEventLoop.processSelectedKeysOptimized(NioEventLoop.java:579)
	at org.apache.ratis.thirdparty.io.netty.channel.nio.NioEventLoop.processSelectedKeys(NioEventLoop.java:496)
	at org.apache.ratis.thirdparty.io.netty.channel.nio.NioEventLoop.run(NioEventLoop.java:458)
	at org.apache.ratis.thirdparty.io.netty.util.concurrent.SingleThreadEventExecutor$5.run(SingleThreadEventExecutor.java:897)
	at org.apache.ratis.thirdparty.io.netty.util.concurrent.FastThreadLocalRunnable.run(FastThreadLocalRunnable.java:30)
	... 1 more
Caused by: java.net.ConnectException: Connection refused
	... 11 more
2019-11-14 22:50:03,055 [grpc-default-executor-8] INFO  impl.RaftServerImpl (ServerState.java:setLeader(255)) - ec693a0a-7ab2-40db-baa2-190e1e2b8078@group-AE73C50864A8: change Leader from ce51abe9-fc49-4310-abba-812881959ce0 to null at term 2 for updateCurrentTerm
2019-11-14 22:50:03,055 [grpc-default-executor-8] INFO  impl.RaftServerImpl (RaftServerImpl.java:setRole(173)) - ec693a0a-7ab2-40db-baa2-190e1e2b8078@group-AE73C50864A8: changes role from  FOLLOWER to FOLLOWER at term 2 for recognizeCandidate:dafdef77-e865-403b-bc5e-c37989f56ddc
2019-11-14 22:50:03,055 [grpc-default-executor-8] INFO  impl.RoleInfo (RoleInfo.java:shutdownFollowerState(121)) - ec693a0a-7ab2-40db-baa2-190e1e2b8078: shutdown FollowerState
2019-11-14 22:50:03,055 [grpc-default-executor-8] INFO  impl.RoleInfo (RoleInfo.java:updateAndGet(143)) - ec693a0a-7ab2-40db-baa2-190e1e2b8078: start FollowerState
2019-11-14 22:50:03,055 [Thread-3713] INFO  impl.FollowerState (FollowerState.java:run(120)) - ec693a0a-7ab2-40db-baa2-190e1e2b8078@group-AE73C50864A8-FollowerState was interrupted: java.lang.InterruptedException: sleep interrupted
2019-11-14 22:50:03,077 [grpc-default-executor-9] WARN  server.GrpcLogAppender (LogUtils.java:warn(134)) - 82d9b010-cdd2-48aa-a03f-c52b44e44827@group-F1AED5EE4D6F->c5c819e6-85b2-482d-9128-e8ea2b7ba4a4-AppendLogResponseHandler: Failed appendEntries: org.apache.ratis.thirdparty.io.grpc.StatusRuntimeException: UNAVAILABLE: io exception
2019-11-14 22:50:03,077 [grpc-default-executor-9] INFO  impl.FollowerInfo (FollowerInfo.java:lambda$new$0(51)) - 82d9b010-cdd2-48aa-a03f-c52b44e44827@group-F1AED5EE4D6F->c5c819e6-85b2-482d-9128-e8ea2b7ba4a4: nextIndex: updateUnconditionally 6 -> 5
2019-11-14 22:50:03,079 [dafdef77-e865-403b-bc5e-c37989f56ddc@group-AE73C50864A8-LeaderElection176] INFO  impl.LeaderElection (LeaderElection.java:logAndReturn(56)) - dafdef77-e865-403b-bc5e-c37989f56ddc@group-AE73C50864A8-LeaderElection176: Election PASSED; received 1 response(s) [dafdef77-e865-403b-bc5e-c37989f56ddc<-ec693a0a-7ab2-40db-baa2-190e1e2b8078#0:OK-t2] and 1 exception(s); dafdef77-e865-403b-bc5e-c37989f56ddc@group-AE73C50864A8:t2, leader=null, voted=dafdef77-e865-403b-bc5e-c37989f56ddc, raftlog=dafdef77-e865-403b-bc5e-c37989f56ddc@group-AE73C50864A8-SegmentedRaftLog:OPENED:c0,f0,i0, conf=0: [dafdef77-e865-403b-bc5e-c37989f56ddc:192.168.69.106:34201, ec693a0a-7ab2-40db-baa2-190e1e2b8078:192.168.69.106:46493, ce51abe9-fc49-4310-abba-812881959ce0:192.168.69.106:37982], old=null
2019-11-14 22:50:03,079 [dafdef77-e865-403b-bc5e-c37989f56ddc@group-AE73C50864A8-LeaderElection176] INFO  impl.LeaderElection (LogUtils.java:infoOrTrace(149)) -   Exception 0: {}
java.util.concurrent.ExecutionException: org.apache.ratis.thirdparty.io.grpc.StatusRuntimeException: UNAVAILABLE: io exception
	at java.util.concurrent.FutureTask.report(FutureTask.java:122)
	at java.util.concurrent.FutureTask.get(FutureTask.java:192)
	at org.apache.ratis.server.impl.LeaderElection.waitForResults(LeaderElection.java:259)
	at org.apache.ratis.server.impl.LeaderElection.askForVotes(LeaderElection.java:197)
	at org.apache.ratis.server.impl.LeaderElection.run(LeaderElection.java:133)
	at java.lang.Thread.run(Thread.java:748)
Caused by: org.apache.ratis.thirdparty.io.grpc.StatusRuntimeException: UNAVAILABLE: io exception
	at org.apache.ratis.thirdparty.io.grpc.stub.ClientCalls.toStatusRuntimeException(ClientCalls.java:233)
	at org.apache.ratis.thirdparty.io.grpc.stub.ClientCalls.getUnchecked(ClientCalls.java:214)
	at org.apache.ratis.thirdparty.io.grpc.stub.ClientCalls.blockingUnaryCall(ClientCalls.java:139)
	at org.apache.ratis.proto.grpc.RaftServerProtocolServiceGrpc$RaftServerProtocolServiceBlockingStub.requestVote(RaftServerProtocolServiceGrpc.java:265)
	at org.apache.ratis.grpc.server.GrpcServerProtocolClient.requestVote(GrpcServerProtocolClient.java:99)
	at org.apache.ratis.grpc.server.GrpcService.requestVote(GrpcService.java:204)
	at org.apache.ratis.server.impl.LeaderElection.lambda$submitRequests$1(LeaderElection.java:234)
	at java.util.concurrent.FutureTask.run(FutureTask.java:266)
	at java.util.concurrent.Executors$RunnableAdapter.call(Executors.java:511)
	at java.util.concurrent.FutureTask.run(FutureTask.java:266)
	at java.util.concurrent.ThreadPoolExecutor.runWorker(ThreadPoolExecutor.java:1149)
	at java.util.concurrent.ThreadPoolExecutor$Worker.run(ThreadPoolExecutor.java:624)
	... 1 more
Caused by: org.apache.ratis.thirdparty.io.netty.channel.AbstractChannel$AnnotatedConnectException: Connection refused: /192.168.69.106:37982
	at sun.nio.ch.SocketChannelImpl.checkConnect(Native Method)
	at sun.nio.ch.SocketChannelImpl.finishConnect(SocketChannelImpl.java:717)
	at org.apache.ratis.thirdparty.io.netty.channel.socket.nio.NioSocketChannel.doFinishConnect(NioSocketChannel.java:327)
	at org.apache.ratis.thirdparty.io.netty.channel.nio.AbstractNioChannel$AbstractNioUnsafe.finishConnect(AbstractNioChannel.java:340)
	at org.apache.ratis.thirdparty.io.netty.channel.nio.NioEventLoop.processSelectedKey(NioEventLoop.java:632)
	at org.apache.ratis.thirdparty.io.netty.channel.nio.NioEventLoop.processSelectedKeysOptimized(NioEventLoop.java:579)
	at org.apache.ratis.thirdparty.io.netty.channel.nio.NioEventLoop.processSelectedKeys(NioEventLoop.java:496)
	at org.apache.ratis.thirdparty.io.netty.channel.nio.NioEventLoop.run(NioEventLoop.java:458)
	at org.apache.ratis.thirdparty.io.netty.util.concurrent.SingleThreadEventExecutor$5.run(SingleThreadEventExecutor.java:897)
	at org.apache.ratis.thirdparty.io.netty.util.concurrent.FastThreadLocalRunnable.run(FastThreadLocalRunnable.java:30)
	... 1 more
Caused by: java.net.ConnectException: Connection refused
	... 11 more
2019-11-14 22:50:03,079 [dafdef77-e865-403b-bc5e-c37989f56ddc@group-AE73C50864A8-LeaderElection176] INFO  impl.RoleInfo (RoleInfo.java:shutdownLeaderElection(134)) - dafdef77-e865-403b-bc5e-c37989f56ddc: shutdown LeaderElection
2019-11-14 22:50:03,080 [dafdef77-e865-403b-bc5e-c37989f56ddc@group-AE73C50864A8-LeaderElection176] INFO  impl.RaftServerImpl (RaftServerImpl.java:setRole(173)) - dafdef77-e865-403b-bc5e-c37989f56ddc@group-AE73C50864A8: changes role from CANDIDATE to LEADER at term 2 for changeToLeader
2019-11-14 22:50:03,080 [dafdef77-e865-403b-bc5e-c37989f56ddc@group-AE73C50864A8-LeaderElection176] INFO  ratis.XceiverServerRatis (XceiverServerRatis.java:handleLeaderChangedNotification(697)) - Leader change notification received for group: group-AE73C50864A8 with new leaderId: dafdef77-e865-403b-bc5e-c37989f56ddc
2019-11-14 22:50:03,080 [dafdef77-e865-403b-bc5e-c37989f56ddc@group-AE73C50864A8-LeaderElection176] INFO  impl.RaftServerImpl (ServerState.java:setLeader(255)) - dafdef77-e865-403b-bc5e-c37989f56ddc@group-AE73C50864A8: change Leader from null to dafdef77-e865-403b-bc5e-c37989f56ddc at term 2 for becomeLeader, leader elected after 50ms
2019-11-14 22:50:03,080 [dafdef77-e865-403b-bc5e-c37989f56ddc@group-AE73C50864A8-LeaderElection176] INFO  server.RaftServerConfigKeys (ConfUtils.java:logGet(43)) - raft.server.staging.catchup.gap = 1000 (default)
2019-11-14 22:50:03,080 [dafdef77-e865-403b-bc5e-c37989f56ddc@group-AE73C50864A8-LeaderElection176] INFO  server.RaftServerConfigKeys (ConfUtils.java:logGet(43)) - raft.server.rpc.sleep.time = 25ms (default)
2019-11-14 22:50:03,081 [dafdef77-e865-403b-bc5e-c37989f56ddc@group-AE73C50864A8-LeaderElection176] INFO  server.RaftServerConfigKeys (ConfUtils.java:logGet(43)) - raft.server.write.element-limit = 4096 (default)
2019-11-14 22:50:03,081 [dafdef77-e865-403b-bc5e-c37989f56ddc@group-AE73C50864A8-LeaderElection176] INFO  server.RaftServerConfigKeys (ConfUtils.java:logGet(43)) - raft.server.watch.timeout = 10s (default)
2019-11-14 22:50:03,081 [dafdef77-e865-403b-bc5e-c37989f56ddc@group-AE73C50864A8-LeaderElection176] INFO  server.RaftServerConfigKeys (ConfUtils.java:logGet(43)) - raft.server.watch.timeout.denomination = 1s (default)
2019-11-14 22:50:03,081 [dafdef77-e865-403b-bc5e-c37989f56ddc@group-AE73C50864A8-LeaderElection176] INFO  server.RaftServerConfigKeys (ConfUtils.java:logGet(43)) - raft.server.watch.element-limit = 65536 (default)
2019-11-14 22:50:03,082 [dafdef77-e865-403b-bc5e-c37989f56ddc@group-AE73C50864A8-LeaderElection176] INFO  server.RaftServerConfigKeys (ConfUtils.java:logGet(43)) - raft.server.log.appender.snapshot.chunk.size.max = 16MB (=16777216) (default)
2019-11-14 22:50:03,082 [dafdef77-e865-403b-bc5e-c37989f56ddc@group-AE73C50864A8-LeaderElection176] INFO  server.RaftServerConfigKeys (ConfUtils.java:logGet(43)) - raft.server.log.appender.buffer.byte-limit = 33554432 (custom)
2019-11-14 22:50:03,082 [dafdef77-e865-403b-bc5e-c37989f56ddc@group-AE73C50864A8-LeaderElection176] INFO  server.RaftServerConfigKeys (ConfUtils.java:logGet(43)) - raft.server.log.appender.buffer.element-limit = 1 (custom)
2019-11-14 22:50:03,082 [dafdef77-e865-403b-bc5e-c37989f56ddc@group-AE73C50864A8-LeaderElection176] INFO  grpc.GrpcConfigKeys$Server (ConfUtils.java:logGet(43)) - raft.grpc.server.leader.outstanding.appends.max = 128 (default)
2019-11-14 22:50:03,082 [dafdef77-e865-403b-bc5e-c37989f56ddc@group-AE73C50864A8-LeaderElection176] INFO  server.RaftServerConfigKeys (ConfUtils.java:logGet(43)) - raft.server.rpc.request.timeout = 3000ms (default)
2019-11-14 22:50:03,083 [dafdef77-e865-403b-bc5e-c37989f56ddc@group-AE73C50864A8-LeaderElection176] INFO  server.RaftServerConfigKeys (ConfUtils.java:logGet(43)) - raft.server.log.appender.install.snapshot.enabled = false (custom)
2019-11-14 22:50:03,083 [dafdef77-e865-403b-bc5e-c37989f56ddc@group-AE73C50864A8-LeaderElection176] WARN  impl.MetricRegistriesImpl (MetricRegistriesImpl.java:lambda$create$1(61)) - First MetricRegistry has been created without registering reporters. You may need to call MetricRegistries.global().addReportRegistration(...) before.
2019-11-14 22:50:03,083 [dafdef77-e865-403b-bc5e-c37989f56ddc@group-AE73C50864A8-LeaderElection176] INFO  server.RaftServerConfigKeys (ConfUtils.java:logGet(43)) - raft.server.log.appender.snapshot.chunk.size.max = 16MB (=16777216) (default)
2019-11-14 22:50:03,083 [dafdef77-e865-403b-bc5e-c37989f56ddc@group-AE73C50864A8-LeaderElection176] INFO  server.RaftServerConfigKeys (ConfUtils.java:logGet(43)) - raft.server.log.appender.buffer.byte-limit = 33554432 (custom)
2019-11-14 22:50:03,083 [dafdef77-e865-403b-bc5e-c37989f56ddc@group-AE73C50864A8-LeaderElection176] INFO  server.RaftServerConfigKeys (ConfUtils.java:logGet(43)) - raft.server.log.appender.buffer.element-limit = 1 (custom)
2019-11-14 22:50:03,083 [dafdef77-e865-403b-bc5e-c37989f56ddc@group-AE73C50864A8-LeaderElection176] INFO  grpc.GrpcConfigKeys$Server (ConfUtils.java:logGet(43)) - raft.grpc.server.leader.outstanding.appends.max = 128 (default)
2019-11-14 22:50:03,084 [dafdef77-e865-403b-bc5e-c37989f56ddc@group-AE73C50864A8-LeaderElection176] INFO  server.RaftServerConfigKeys (ConfUtils.java:logGet(43)) - raft.server.rpc.request.timeout = 3000ms (default)
2019-11-14 22:50:03,084 [dafdef77-e865-403b-bc5e-c37989f56ddc@group-AE73C50864A8-LeaderElection176] INFO  server.RaftServerConfigKeys (ConfUtils.java:logGet(43)) - raft.server.log.appender.install.snapshot.enabled = false (custom)
2019-11-14 22:50:03,084 [dafdef77-e865-403b-bc5e-c37989f56ddc@group-AE73C50864A8-LeaderElection176] INFO  impl.RoleInfo (RoleInfo.java:updateAndGet(143)) - dafdef77-e865-403b-bc5e-c37989f56ddc: start LeaderState
2019-11-14 22:50:03,084 [dafdef77-e865-403b-bc5e-c37989f56ddc@group-AE73C50864A8-LeaderElection176] INFO  segmented.SegmentedRaftLogWorker (SegmentedRaftLogWorker.java:rollLogSegment(390)) - dafdef77-e865-403b-bc5e-c37989f56ddc@group-AE73C50864A8-SegmentedRaftLogWorker: Rolling segment log-0_0 to index:0
2019-11-14 22:50:03,085 [dafdef77-e865-403b-bc5e-c37989f56ddc@group-AE73C50864A8-SegmentedRaftLogWorker] INFO  segmented.SegmentedRaftLogWorker (SegmentedRaftLogWorker.java:execute(533)) - dafdef77-e865-403b-bc5e-c37989f56ddc@group-AE73C50864A8-SegmentedRaftLogWorker: Rolled log segment from /workdir/hadoop-ozone/integration-test/target/test-dir/MiniOzoneClusterImpl-9caa682c-a503-45f4-84bb-f8dd249825f6/datanode-1/data/ratis/73879765-5bc3-4c28-8060-ae73c50864a8/current/log_inprogress_0 to /workdir/hadoop-ozone/integration-test/target/test-dir/MiniOzoneClusterImpl-9caa682c-a503-45f4-84bb-f8dd249825f6/datanode-1/data/ratis/73879765-5bc3-4c28-8060-ae73c50864a8/current/log_0-0
2019-11-14 22:50:03,085 [dafdef77-e865-403b-bc5e-c37989f56ddc@group-AE73C50864A8-LeaderElection176] INFO  impl.RaftServerImpl (ServerState.java:setRaftConf(356)) - dafdef77-e865-403b-bc5e-c37989f56ddc@group-AE73C50864A8: set configuration 1: [dafdef77-e865-403b-bc5e-c37989f56ddc:192.168.69.106:34201, ec693a0a-7ab2-40db-baa2-190e1e2b8078:192.168.69.106:46493, ce51abe9-fc49-4310-abba-812881959ce0:192.168.69.106:37982], old=null at 1
2019-11-14 22:50:03,085 [grpc-default-executor-8] WARN  server.GrpcLogAppender (LogUtils.java:warn(134)) - dafdef77-e865-403b-bc5e-c37989f56ddc@group-AE73C50864A8->ce51abe9-fc49-4310-abba-812881959ce0-AppendLogResponseHandler: Failed appendEntries: org.apache.ratis.thirdparty.io.grpc.StatusRuntimeException: UNAVAILABLE: io exception
2019-11-14 22:50:03,086 [grpc-default-executor-8] INFO  impl.FollowerInfo (FollowerInfo.java:lambda$new$0(51)) - dafdef77-e865-403b-bc5e-c37989f56ddc@group-AE73C50864A8->ce51abe9-fc49-4310-abba-812881959ce0: nextIndex: updateUnconditionally 1 -> 0
2019-11-14 22:50:03,117 [grpc-default-executor-8] INFO  ratis.XceiverServerRatis (XceiverServerRatis.java:handleLeaderChangedNotification(697)) - Leader change notification received for group: group-AE73C50864A8 with new leaderId: dafdef77-e865-403b-bc5e-c37989f56ddc
2019-11-14 22:50:03,117 [grpc-default-executor-8] INFO  impl.RaftServerImpl (ServerState.java:setLeader(255)) - ec693a0a-7ab2-40db-baa2-190e1e2b8078@group-AE73C50864A8: change Leader from null to dafdef77-e865-403b-bc5e-c37989f56ddc at term 2 for appendEntries, leader elected after 61ms
2019-11-14 22:50:03,120 [grpc-default-executor-8] INFO  impl.RaftServerImpl (ServerState.java:setRaftConf(356)) - ec693a0a-7ab2-40db-baa2-190e1e2b8078@group-AE73C50864A8: set configuration 1: [dafdef77-e865-403b-bc5e-c37989f56ddc:192.168.69.106:34201, ec693a0a-7ab2-40db-baa2-190e1e2b8078:192.168.69.106:46493, ce51abe9-fc49-4310-abba-812881959ce0:192.168.69.106:37982], old=null at 1
2019-11-14 22:50:03,120 [grpc-default-executor-8] INFO  segmented.SegmentedRaftLogWorker (SegmentedRaftLogWorker.java:rollLogSegment(390)) - ec693a0a-7ab2-40db-baa2-190e1e2b8078@group-AE73C50864A8-SegmentedRaftLogWorker: Rolling segment log-0_0 to index:0
2019-11-14 22:50:03,121 [ec693a0a-7ab2-40db-baa2-190e1e2b8078@group-AE73C50864A8-SegmentedRaftLogWorker] INFO  segmented.SegmentedRaftLogWorker (SegmentedRaftLogWorker.java:execute(533)) - ec693a0a-7ab2-40db-baa2-190e1e2b8078@group-AE73C50864A8-SegmentedRaftLogWorker: Rolled log segment from /workdir/hadoop-ozone/integration-test/target/test-dir/MiniOzoneClusterImpl-9caa682c-a503-45f4-84bb-f8dd249825f6/datanode-4/data/ratis/73879765-5bc3-4c28-8060-ae73c50864a8/current/log_inprogress_0 to /workdir/hadoop-ozone/integration-test/target/test-dir/MiniOzoneClusterImpl-9caa682c-a503-45f4-84bb-f8dd249825f6/datanode-4/data/ratis/73879765-5bc3-4c28-8060-ae73c50864a8/current/log_0-0
2019-11-14 22:50:03,146 [dafdef77-e865-403b-bc5e-c37989f56ddc@group-AE73C50864A8-SegmentedRaftLogWorker] INFO  segmented.SegmentedRaftLogWorker (SegmentedRaftLogWorker.java:execute(576)) - dafdef77-e865-403b-bc5e-c37989f56ddc@group-AE73C50864A8-SegmentedRaftLogWorker: created new log segment /workdir/hadoop-ozone/integration-test/target/test-dir/MiniOzoneClusterImpl-9caa682c-a503-45f4-84bb-f8dd249825f6/datanode-1/data/ratis/73879765-5bc3-4c28-8060-ae73c50864a8/current/log_inprogress_1
2019-11-14 22:50:03,180 [ec693a0a-7ab2-40db-baa2-190e1e2b8078@group-AE73C50864A8-SegmentedRaftLogWorker] INFO  segmented.SegmentedRaftLogWorker (SegmentedRaftLogWorker.java:execute(576)) - ec693a0a-7ab2-40db-baa2-190e1e2b8078@group-AE73C50864A8-SegmentedRaftLogWorker: created new log segment /workdir/hadoop-ozone/integration-test/target/test-dir/MiniOzoneClusterImpl-9caa682c-a503-45f4-84bb-f8dd249825f6/datanode-4/data/ratis/73879765-5bc3-4c28-8060-ae73c50864a8/current/log_inprogress_1
2019-11-14 22:50:03,184 [grpc-default-executor-5] WARN  server.GrpcLogAppender (LogUtils.java:warn(134)) - dafdef77-e865-403b-bc5e-c37989f56ddc@group-AE73C50864A8->ce51abe9-fc49-4310-abba-812881959ce0-AppendLogResponseHandler: Failed appendEntries: org.apache.ratis.thirdparty.io.grpc.StatusRuntimeException: UNAVAILABLE: io exception
2019-11-14 22:50:03,185 [grpc-default-executor-5] INFO  impl.FollowerInfo (FollowerInfo.java:lambda$new$0(51)) - dafdef77-e865-403b-bc5e-c37989f56ddc@group-AE73C50864A8->ce51abe9-fc49-4310-abba-812881959ce0: nextIndex: updateUnconditionally 1 -> 0
2019-11-14 22:50:03,187 [grpc-default-executor-8] WARN  server.GrpcLogAppender (LogUtils.java:warn(134)) - dafdef77-e865-403b-bc5e-c37989f56ddc@group-AE73C50864A8->ce51abe9-fc49-4310-abba-812881959ce0-AppendLogResponseHandler: Failed appendEntries: org.apache.ratis.thirdparty.io.grpc.StatusRuntimeException: UNAVAILABLE: io exception
2019-11-14 22:50:03,187 [grpc-default-executor-8] INFO  impl.FollowerInfo (FollowerInfo.java:lambda$new$0(51)) - dafdef77-e865-403b-bc5e-c37989f56ddc@group-AE73C50864A8->ce51abe9-fc49-4310-abba-812881959ce0: nextIndex: updateUnconditionally 1 -> 0
2019-11-14 22:50:03,193 [grpc-default-executor-9] WARN  server.GrpcLogAppender (LogUtils.java:warn(134)) - 7d8f40ed-fc7e-4283-96c6-8f8f645c1bfe@group-E5CD7693E4BE->58f72cb5-8974-4d0e-9564-cfe3e68dc671-AppendLogResponseHandler: Failed appendEntries: org.apache.ratis.thirdparty.io.grpc.StatusRuntimeException: UNAVAILABLE: io exception
2019-11-14 22:50:03,194 [grpc-default-executor-9] INFO  impl.FollowerInfo (FollowerInfo.java:lambda$new$0(51)) - 7d8f40ed-fc7e-4283-96c6-8f8f645c1bfe@group-E5CD7693E4BE->58f72cb5-8974-4d0e-9564-cfe3e68dc671: nextIndex: updateUnconditionally 0 -> 0
2019-11-14 22:50:03,197 [grpc-default-executor-5] WARN  server.GrpcLogAppender (LogUtils.java:warn(134)) - 7d8f40ed-fc7e-4283-96c6-8f8f645c1bfe@group-E5CD7693E4BE->720981dd-80b6-4b59-8027-74344e9fba7b-AppendLogResponseHandler: Failed appendEntries: org.apache.ratis.thirdparty.io.grpc.StatusRuntimeException: UNAVAILABLE: io exception
2019-11-14 22:50:03,197 [grpc-default-executor-5] INFO  impl.FollowerInfo (FollowerInfo.java:lambda$new$0(51)) - 7d8f40ed-fc7e-4283-96c6-8f8f645c1bfe@group-E5CD7693E4BE->720981dd-80b6-4b59-8027-74344e9fba7b: nextIndex: updateUnconditionally 0 -> 0
2019-11-14 22:50:03,578 [grpc-default-executor-5] WARN  server.GrpcLogAppender (LogUtils.java:warn(134)) - 82d9b010-cdd2-48aa-a03f-c52b44e44827@group-F1AED5EE4D6F->c5c819e6-85b2-482d-9128-e8ea2b7ba4a4-AppendLogResponseHandler: Failed appendEntries: org.apache.ratis.thirdparty.io.grpc.StatusRuntimeException: UNAVAILABLE: io exception
2019-11-14 22:50:03,578 [grpc-default-executor-5] INFO  impl.FollowerInfo (FollowerInfo.java:lambda$new$0(51)) - 82d9b010-cdd2-48aa-a03f-c52b44e44827@group-F1AED5EE4D6F->c5c819e6-85b2-482d-9128-e8ea2b7ba4a4: nextIndex: updateUnconditionally 5 -> 4
2019-11-14 22:50:03,690 [grpc-default-executor-9] WARN  server.GrpcLogAppender (LogUtils.java:warn(134)) - dafdef77-e865-403b-bc5e-c37989f56ddc@group-AE73C50864A8->ce51abe9-fc49-4310-abba-812881959ce0-AppendLogResponseHandler: Failed appendEntries: org.apache.ratis.thirdparty.io.grpc.StatusRuntimeException: UNAVAILABLE: io exception
2019-11-14 22:50:03,690 [grpc-default-executor-9] INFO  impl.FollowerInfo (FollowerInfo.java:lambda$new$0(51)) - dafdef77-e865-403b-bc5e-c37989f56ddc@group-AE73C50864A8->ce51abe9-fc49-4310-abba-812881959ce0: nextIndex: updateUnconditionally 0 -> 0
2019-11-14 22:50:03,694 [grpc-default-executor-8] WARN  server.GrpcLogAppender (LogUtils.java:warn(134)) - 7d8f40ed-fc7e-4283-96c6-8f8f645c1bfe@group-E5CD7693E4BE->58f72cb5-8974-4d0e-9564-cfe3e68dc671-AppendLogResponseHandler: Failed appendEntries: org.apache.ratis.thirdparty.io.grpc.StatusRuntimeException: UNAVAILABLE: io exception
2019-11-14 22:50:03,694 [grpc-default-executor-8] INFO  impl.FollowerInfo (FollowerInfo.java:lambda$new$0(51)) - 7d8f40ed-fc7e-4283-96c6-8f8f645c1bfe@group-E5CD7693E4BE->58f72cb5-8974-4d0e-9564-cfe3e68dc671: nextIndex: updateUnconditionally 0 -> 0
2019-11-14 22:50:03,697 [grpc-default-executor-5] WARN  server.GrpcLogAppender (LogUtils.java:warn(134)) - 7d8f40ed-fc7e-4283-96c6-8f8f645c1bfe@group-E5CD7693E4BE->720981dd-80b6-4b59-8027-74344e9fba7b-AppendLogResponseHandler: Failed appendEntries: org.apache.ratis.thirdparty.io.grpc.StatusRuntimeException: UNAVAILABLE: io exception
2019-11-14 22:50:03,697 [grpc-default-executor-5] INFO  impl.FollowerInfo (FollowerInfo.java:lambda$new$0(51)) - 7d8f40ed-fc7e-4283-96c6-8f8f645c1bfe@group-E5CD7693E4BE->720981dd-80b6-4b59-8027-74344e9fba7b: nextIndex: updateUnconditionally 0 -> 0
2019-11-14 22:50:04,078 [grpc-default-executor-5] WARN  server.GrpcLogAppender (LogUtils.java:warn(134)) - 82d9b010-cdd2-48aa-a03f-c52b44e44827@group-F1AED5EE4D6F->c5c819e6-85b2-482d-9128-e8ea2b7ba4a4-AppendLogResponseHandler: Failed appendEntries: org.apache.ratis.thirdparty.io.grpc.StatusRuntimeException: UNAVAILABLE: io exception
2019-11-14 22:50:04,079 [grpc-default-executor-5] INFO  impl.FollowerInfo (FollowerInfo.java:lambda$new$0(51)) - 82d9b010-cdd2-48aa-a03f-c52b44e44827@group-F1AED5EE4D6F->c5c819e6-85b2-482d-9128-e8ea2b7ba4a4: nextIndex: updateUnconditionally 4 -> 3
2019-11-14 22:50:04,188 [grpc-default-executor-6] WARN  server.GrpcLogAppender (LogUtils.java:warn(134)) - dafdef77-e865-403b-bc5e-c37989f56ddc@group-AE73C50864A8->ce51abe9-fc49-4310-abba-812881959ce0-AppendLogResponseHandler: Failed appendEntries: org.apache.ratis.thirdparty.io.grpc.StatusRuntimeException: UNAVAILABLE: io exception
2019-11-14 22:50:04,189 [grpc-default-executor-6] INFO  impl.FollowerInfo (FollowerInfo.java:lambda$new$0(51)) - dafdef77-e865-403b-bc5e-c37989f56ddc@group-AE73C50864A8->ce51abe9-fc49-4310-abba-812881959ce0: nextIndex: updateUnconditionally 0 -> 0
2019-11-14 22:50:04,194 [grpc-default-executor-8] WARN  server.GrpcLogAppender (LogUtils.java:warn(134)) - 7d8f40ed-fc7e-4283-96c6-8f8f645c1bfe@group-E5CD7693E4BE->58f72cb5-8974-4d0e-9564-cfe3e68dc671-AppendLogResponseHandler: Failed appendEntries: org.apache.ratis.thirdparty.io.grpc.StatusRuntimeException: UNAVAILABLE: io exception
2019-11-14 22:50:04,194 [grpc-default-executor-8] INFO  impl.FollowerInfo (FollowerInfo.java:lambda$new$0(51)) - 7d8f40ed-fc7e-4283-96c6-8f8f645c1bfe@group-E5CD7693E4BE->58f72cb5-8974-4d0e-9564-cfe3e68dc671: nextIndex: updateUnconditionally 0 -> 0
2019-11-14 22:50:04,198 [grpc-default-executor-5] WARN  server.GrpcLogAppender (LogUtils.java:warn(134)) - 7d8f40ed-fc7e-4283-96c6-8f8f645c1bfe@group-E5CD7693E4BE->720981dd-80b6-4b59-8027-74344e9fba7b-AppendLogResponseHandler: Failed appendEntries: org.apache.ratis.thirdparty.io.grpc.StatusRuntimeException: UNAVAILABLE: io exception
2019-11-14 22:50:04,198 [grpc-default-executor-5] INFO  impl.FollowerInfo (FollowerInfo.java:lambda$new$0(51)) - 7d8f40ed-fc7e-4283-96c6-8f8f645c1bfe@group-E5CD7693E4BE->720981dd-80b6-4b59-8027-74344e9fba7b: nextIndex: updateUnconditionally 0 -> 0
2019-11-14 22:50:04,579 [grpc-default-executor-6] WARN  server.GrpcLogAppender (LogUtils.java:warn(134)) - 82d9b010-cdd2-48aa-a03f-c52b44e44827@group-F1AED5EE4D6F->c5c819e6-85b2-482d-9128-e8ea2b7ba4a4-AppendLogResponseHandler: Failed appendEntries: org.apache.ratis.thirdparty.io.grpc.StatusRuntimeException: UNAVAILABLE: io exception
2019-11-14 22:50:04,580 [grpc-default-executor-6] INFO  impl.FollowerInfo (FollowerInfo.java:lambda$new$0(51)) - 82d9b010-cdd2-48aa-a03f-c52b44e44827@group-F1AED5EE4D6F->c5c819e6-85b2-482d-9128-e8ea2b7ba4a4: nextIndex: updateUnconditionally 3 -> 2
2019-11-14 22:50:04,689 [grpc-default-executor-8] WARN  server.GrpcLogAppender (LogUtils.java:warn(134)) - dafdef77-e865-403b-bc5e-c37989f56ddc@group-AE73C50864A8->ce51abe9-fc49-4310-abba-812881959ce0-AppendLogResponseHandler: Failed appendEntries: org.apache.ratis.thirdparty.io.grpc.StatusRuntimeException: UNAVAILABLE: io exception
2019-11-14 22:50:04,689 [grpc-default-executor-8] INFO  impl.FollowerInfo (FollowerInfo.java:lambda$new$0(51)) - dafdef77-e865-403b-bc5e-c37989f56ddc@group-AE73C50864A8->ce51abe9-fc49-4310-abba-812881959ce0: nextIndex: updateUnconditionally 0 -> 0
2019-11-14 22:50:04,695 [grpc-default-executor-5] WARN  server.GrpcLogAppender (LogUtils.java:warn(134)) - 7d8f40ed-fc7e-4283-96c6-8f8f645c1bfe@group-E5CD7693E4BE->58f72cb5-8974-4d0e-9564-cfe3e68dc671-AppendLogResponseHandler: Failed appendEntries: org.apache.ratis.thirdparty.io.grpc.StatusRuntimeException: UNAVAILABLE: io exception
2019-11-14 22:50:04,695 [grpc-default-executor-5] INFO  impl.FollowerInfo (FollowerInfo.java:lambda$new$0(51)) - 7d8f40ed-fc7e-4283-96c6-8f8f645c1bfe@group-E5CD7693E4BE->58f72cb5-8974-4d0e-9564-cfe3e68dc671: nextIndex: updateUnconditionally 0 -> 0
2019-11-14 22:50:04,698 [grpc-default-executor-6] WARN  server.GrpcLogAppender (LogUtils.java:warn(134)) - 7d8f40ed-fc7e-4283-96c6-8f8f645c1bfe@group-E5CD7693E4BE->720981dd-80b6-4b59-8027-74344e9fba7b-AppendLogResponseHandler: Failed appendEntries: org.apache.ratis.thirdparty.io.grpc.StatusRuntimeException: UNAVAILABLE: io exception
2019-11-14 22:50:04,699 [grpc-default-executor-6] INFO  impl.FollowerInfo (FollowerInfo.java:lambda$new$0(51)) - 7d8f40ed-fc7e-4283-96c6-8f8f645c1bfe@group-E5CD7693E4BE->720981dd-80b6-4b59-8027-74344e9fba7b: nextIndex: updateUnconditionally 0 -> 0
2019-11-14 22:50:05,080 [grpc-default-executor-8] WARN  server.GrpcLogAppender (LogUtils.java:warn(134)) - 82d9b010-cdd2-48aa-a03f-c52b44e44827@group-F1AED5EE4D6F->c5c819e6-85b2-482d-9128-e8ea2b7ba4a4-AppendLogResponseHandler: Failed appendEntries: org.apache.ratis.thirdparty.io.grpc.StatusRuntimeException: UNAVAILABLE: io exception
2019-11-14 22:50:05,080 [grpc-default-executor-8] INFO  impl.FollowerInfo (FollowerInfo.java:lambda$new$0(51)) - 82d9b010-cdd2-48aa-a03f-c52b44e44827@group-F1AED5EE4D6F->c5c819e6-85b2-482d-9128-e8ea2b7ba4a4: nextIndex: updateUnconditionally 2 -> 1
2019-11-14 22:50:05,189 [grpc-default-executor-5] WARN  server.GrpcLogAppender (LogUtils.java:warn(134)) - dafdef77-e865-403b-bc5e-c37989f56ddc@group-AE73C50864A8->ce51abe9-fc49-4310-abba-812881959ce0-AppendLogResponseHandler: Failed appendEntries: org.apache.ratis.thirdparty.io.grpc.StatusRuntimeException: UNAVAILABLE: io exception
2019-11-14 22:50:05,189 [grpc-default-executor-5] INFO  impl.FollowerInfo (FollowerInfo.java:lambda$new$0(51)) - dafdef77-e865-403b-bc5e-c37989f56ddc@group-AE73C50864A8->ce51abe9-fc49-4310-abba-812881959ce0: nextIndex: updateUnconditionally 0 -> 0
2019-11-14 22:50:05,195 [grpc-default-executor-8] WARN  server.GrpcLogAppender (LogUtils.java:warn(134)) - 7d8f40ed-fc7e-4283-96c6-8f8f645c1bfe@group-E5CD7693E4BE->58f72cb5-8974-4d0e-9564-cfe3e68dc671-AppendLogResponseHandler: Failed appendEntries: org.apache.ratis.thirdparty.io.grpc.StatusRuntimeException: UNAVAILABLE: io exception
2019-11-14 22:50:05,195 [grpc-default-executor-8] INFO  impl.FollowerInfo (FollowerInfo.java:lambda$new$0(51)) - 7d8f40ed-fc7e-4283-96c6-8f8f645c1bfe@group-E5CD7693E4BE->58f72cb5-8974-4d0e-9564-cfe3e68dc671: nextIndex: updateUnconditionally 0 -> 0
2019-11-14 22:50:05,199 [grpc-default-executor-6] WARN  server.GrpcLogAppender (LogUtils.java:warn(134)) - 7d8f40ed-fc7e-4283-96c6-8f8f645c1bfe@group-E5CD7693E4BE->720981dd-80b6-4b59-8027-74344e9fba7b-AppendLogResponseHandler: Failed appendEntries: org.apache.ratis.thirdparty.io.grpc.StatusRuntimeException: UNAVAILABLE: io exception
2019-11-14 22:50:05,199 [grpc-default-executor-6] INFO  impl.FollowerInfo (FollowerInfo.java:lambda$new$0(51)) - 7d8f40ed-fc7e-4283-96c6-8f8f645c1bfe@group-E5CD7693E4BE->720981dd-80b6-4b59-8027-74344e9fba7b: nextIndex: updateUnconditionally 0 -> 0
2019-11-14 22:50:05,580 [grpc-default-executor-5] WARN  server.GrpcLogAppender (LogUtils.java:warn(134)) - 82d9b010-cdd2-48aa-a03f-c52b44e44827@group-F1AED5EE4D6F->c5c819e6-85b2-482d-9128-e8ea2b7ba4a4-AppendLogResponseHandler: Failed appendEntries: org.apache.ratis.thirdparty.io.grpc.StatusRuntimeException: UNAVAILABLE: io exception
2019-11-14 22:50:05,581 [grpc-default-executor-5] INFO  impl.FollowerInfo (FollowerInfo.java:lambda$new$0(51)) - 82d9b010-cdd2-48aa-a03f-c52b44e44827@group-F1AED5EE4D6F->c5c819e6-85b2-482d-9128-e8ea2b7ba4a4: nextIndex: updateUnconditionally 1 -> 0
2019-11-14 22:50:05,692 [grpc-default-executor-8] WARN  server.GrpcLogAppender (LogUtils.java:warn(134)) - dafdef77-e865-403b-bc5e-c37989f56ddc@group-AE73C50864A8->ce51abe9-fc49-4310-abba-812881959ce0-AppendLogResponseHandler: Failed appendEntries: org.apache.ratis.thirdparty.io.grpc.StatusRuntimeException: UNAVAILABLE: io exception
2019-11-14 22:50:05,692 [grpc-default-executor-8] INFO  impl.FollowerInfo (FollowerInfo.java:lambda$new$0(51)) - dafdef77-e865-403b-bc5e-c37989f56ddc@group-AE73C50864A8->ce51abe9-fc49-4310-abba-812881959ce0: nextIndex: updateUnconditionally 0 -> 0
2019-11-14 22:50:05,695 [grpc-default-executor-5] WARN  server.GrpcLogAppender (LogUtils.java:warn(134)) - 7d8f40ed-fc7e-4283-96c6-8f8f645c1bfe@group-E5CD7693E4BE->58f72cb5-8974-4d0e-9564-cfe3e68dc671-AppendLogResponseHandler: Failed appendEntries: org.apache.ratis.thirdparty.io.grpc.StatusRuntimeException: UNAVAILABLE: io exception
2019-11-14 22:50:05,695 [grpc-default-executor-5] INFO  impl.FollowerInfo (FollowerInfo.java:lambda$new$0(51)) - 7d8f40ed-fc7e-4283-96c6-8f8f645c1bfe@group-E5CD7693E4BE->58f72cb5-8974-4d0e-9564-cfe3e68dc671: nextIndex: updateUnconditionally 0 -> 0
2019-11-14 22:50:05,699 [grpc-default-executor-6] WARN  server.GrpcLogAppender (LogUtils.java:warn(134)) - 7d8f40ed-fc7e-4283-96c6-8f8f645c1bfe@group-E5CD7693E4BE->720981dd-80b6-4b59-8027-74344e9fba7b-AppendLogResponseHandler: Failed appendEntries: org.apache.ratis.thirdparty.io.grpc.StatusRuntimeException: UNAVAILABLE: io exception
2019-11-14 22:50:05,699 [grpc-default-executor-6] INFO  impl.FollowerInfo (FollowerInfo.java:lambda$new$0(51)) - 7d8f40ed-fc7e-4283-96c6-8f8f645c1bfe@group-E5CD7693E4BE->720981dd-80b6-4b59-8027-74344e9fba7b: nextIndex: updateUnconditionally 0 -> 0
2019-11-14 22:50:06,081 [grpc-default-executor-6] WARN  server.GrpcLogAppender (LogUtils.java:warn(134)) - 82d9b010-cdd2-48aa-a03f-c52b44e44827@group-F1AED5EE4D6F->c5c819e6-85b2-482d-9128-e8ea2b7ba4a4-AppendLogResponseHandler: Failed appendEntries: org.apache.ratis.thirdparty.io.grpc.StatusRuntimeException: UNAVAILABLE: io exception
2019-11-14 22:50:06,081 [grpc-default-executor-6] INFO  impl.FollowerInfo (FollowerInfo.java:lambda$new$0(51)) - 82d9b010-cdd2-48aa-a03f-c52b44e44827@group-F1AED5EE4D6F->c5c819e6-85b2-482d-9128-e8ea2b7ba4a4: nextIndex: updateUnconditionally 0 -> 0
2019-11-14 22:50:06,190 [grpc-default-executor-6] WARN  server.GrpcLogAppender (LogUtils.java:warn(134)) - dafdef77-e865-403b-bc5e-c37989f56ddc@group-AE73C50864A8->ce51abe9-fc49-4310-abba-812881959ce0-AppendLogResponseHandler: Failed appendEntries: org.apache.ratis.thirdparty.io.grpc.StatusRuntimeException: UNAVAILABLE: io exception
2019-11-14 22:50:06,191 [grpc-default-executor-6] INFO  impl.FollowerInfo (FollowerInfo.java:lambda$new$0(51)) - dafdef77-e865-403b-bc5e-c37989f56ddc@group-AE73C50864A8->ce51abe9-fc49-4310-abba-812881959ce0: nextIndex: updateUnconditionally 0 -> 0
2019-11-14 22:50:06,196 [grpc-default-executor-8] WARN  server.GrpcLogAppender (LogUtils.java:warn(134)) - 7d8f40ed-fc7e-4283-96c6-8f8f645c1bfe@group-E5CD7693E4BE->58f72cb5-8974-4d0e-9564-cfe3e68dc671-AppendLogResponseHandler: Failed appendEntries: org.apache.ratis.thirdparty.io.grpc.StatusRuntimeException: UNAVAILABLE: io exception
2019-11-14 22:50:06,196 [grpc-default-executor-8] INFO  impl.FollowerInfo (FollowerInfo.java:lambda$new$0(51)) - 7d8f40ed-fc7e-4283-96c6-8f8f645c1bfe@group-E5CD7693E4BE->58f72cb5-8974-4d0e-9564-cfe3e68dc671: nextIndex: updateUnconditionally 0 -> 0
2019-11-14 22:50:06,200 [grpc-default-executor-6] WARN  server.GrpcLogAppender (LogUtils.java:warn(134)) - 7d8f40ed-fc7e-4283-96c6-8f8f645c1bfe@group-E5CD7693E4BE->720981dd-80b6-4b59-8027-74344e9fba7b-AppendLogResponseHandler: Failed appendEntries: org.apache.ratis.thirdparty.io.grpc.StatusRuntimeException: UNAVAILABLE: io exception
2019-11-14 22:50:06,200 [grpc-default-executor-6] INFO  impl.FollowerInfo (FollowerInfo.java:lambda$new$0(51)) - 7d8f40ed-fc7e-4283-96c6-8f8f645c1bfe@group-E5CD7693E4BE->720981dd-80b6-4b59-8027-74344e9fba7b: nextIndex: updateUnconditionally 0 -> 0
2019-11-14 22:50:06,583 [grpc-default-executor-5] WARN  server.GrpcLogAppender (LogUtils.java:warn(134)) - 82d9b010-cdd2-48aa-a03f-c52b44e44827@group-F1AED5EE4D6F->c5c819e6-85b2-482d-9128-e8ea2b7ba4a4-AppendLogResponseHandler: Failed appendEntries: org.apache.ratis.thirdparty.io.grpc.StatusRuntimeException: UNAVAILABLE: io exception
2019-11-14 22:50:06,583 [grpc-default-executor-5] INFO  impl.FollowerInfo (FollowerInfo.java:lambda$new$0(51)) - 82d9b010-cdd2-48aa-a03f-c52b44e44827@group-F1AED5EE4D6F->c5c819e6-85b2-482d-9128-e8ea2b7ba4a4: nextIndex: updateUnconditionally 0 -> 0
2019-11-14 22:50:06,691 [grpc-default-executor-5] WARN  server.GrpcLogAppender (LogUtils.java:warn(134)) - dafdef77-e865-403b-bc5e-c37989f56ddc@group-AE73C50864A8->ce51abe9-fc49-4310-abba-812881959ce0-AppendLogResponseHandler: Failed appendEntries: org.apache.ratis.thirdparty.io.grpc.StatusRuntimeException: UNAVAILABLE: io exception
2019-11-14 22:50:06,691 [grpc-default-executor-5] INFO  impl.FollowerInfo (FollowerInfo.java:lambda$new$0(51)) - dafdef77-e865-403b-bc5e-c37989f56ddc@group-AE73C50864A8->ce51abe9-fc49-4310-abba-812881959ce0: nextIndex: updateUnconditionally 0 -> 0
2019-11-14 22:50:06,696 [grpc-default-executor-5] WARN  server.GrpcLogAppender (LogUtils.java:warn(134)) - 7d8f40ed-fc7e-4283-96c6-8f8f645c1bfe@group-E5CD7693E4BE->58f72cb5-8974-4d0e-9564-cfe3e68dc671-AppendLogResponseHandler: Failed appendEntries: org.apache.ratis.thirdparty.io.grpc.StatusRuntimeException: UNAVAILABLE: io exception
2019-11-14 22:50:06,696 [grpc-default-executor-5] INFO  impl.FollowerInfo (FollowerInfo.java:lambda$new$0(51)) - 7d8f40ed-fc7e-4283-96c6-8f8f645c1bfe@group-E5CD7693E4BE->58f72cb5-8974-4d0e-9564-cfe3e68dc671: nextIndex: updateUnconditionally 0 -> 0
2019-11-14 22:50:06,700 [grpc-default-executor-6] WARN  server.GrpcLogAppender (LogUtils.java:warn(134)) - 7d8f40ed-fc7e-4283-96c6-8f8f645c1bfe@group-E5CD7693E4BE->720981dd-80b6-4b59-8027-74344e9fba7b-AppendLogResponseHandler: Failed appendEntries: org.apache.ratis.thirdparty.io.grpc.StatusRuntimeException: UNAVAILABLE: io exception
2019-11-14 22:50:06,701 [grpc-default-executor-6] INFO  impl.FollowerInfo (FollowerInfo.java:lambda$new$0(51)) - 7d8f40ed-fc7e-4283-96c6-8f8f645c1bfe@group-E5CD7693E4BE->720981dd-80b6-4b59-8027-74344e9fba7b: nextIndex: updateUnconditionally 0 -> 0
2019-11-14 22:50:06,942 [ForkJoinPool.commonPool-worker-1] INFO  ozoneimpl.OzoneContainer (OzoneContainer.java:stop(244)) - Attempting to stop container services.
2019-11-14 22:50:06,943 [ForkJoinPool.commonPool-worker-1] INFO  impl.RaftServerProxy (RaftServerProxy.java:lambda$close$4(314)) - ec693a0a-7ab2-40db-baa2-190e1e2b8078: close
2019-11-14 22:50:06,943 [ForkJoinPool.commonPool-worker-1] INFO  impl.RaftServerImpl (RaftServerImpl.java:lambda$shutdown$3(250)) - ec693a0a-7ab2-40db-baa2-190e1e2b8078@group-568D50F80AF6: shutdown
2019-11-14 22:50:06,943 [ForkJoinPool.commonPool-worker-1] INFO  util.JmxRegister (JmxRegister.java:unregister(73)) - Successfully un-registered JMX Bean with object name Ratis:service=RaftServer,group=group-568D50F80AF6,id=ec693a0a-7ab2-40db-baa2-190e1e2b8078
2019-11-14 22:50:06,943 [ForkJoinPool.commonPool-worker-1] INFO  impl.RoleInfo (RoleInfo.java:shutdownLeaderState(104)) - ec693a0a-7ab2-40db-baa2-190e1e2b8078: shutdown LeaderState
2019-11-14 22:50:06,944 [ForkJoinPool.commonPool-worker-1] INFO  impl.PendingRequests (PendingRequests.java:sendNotLeaderResponses(206)) - ec693a0a-7ab2-40db-baa2-190e1e2b8078@group-568D50F80AF6-PendingRequests: sendNotLeaderResponses
2019-11-14 22:50:06,944 [ForkJoinPool.commonPool-worker-1] INFO  impl.StateMachineUpdater (StateMachineUpdater.java:stopAndJoin(136)) - ec693a0a-7ab2-40db-baa2-190e1e2b8078@group-568D50F80AF6-StateMachineUpdater: set stopIndex = 0
2019-11-14 22:50:06,945 [ForkJoinPool.commonPool-worker-1] INFO  impl.RaftServerImpl (ServerState.java:close(387)) - ec693a0a-7ab2-40db-baa2-190e1e2b8078@group-568D50F80AF6: closes. applyIndex: 0
2019-11-14 22:50:06,945 [ec693a0a-7ab2-40db-baa2-190e1e2b8078@group-568D50F80AF6-SegmentedRaftLogWorker] INFO  segmented.SegmentedRaftLogWorker (SegmentedRaftLogWorker.java:run(316)) - ec693a0a-7ab2-40db-baa2-190e1e2b8078@group-568D50F80AF6-SegmentedRaftLogWorker was interrupted, exiting. There are 0 tasks remaining in the queue.
2019-11-14 22:50:06,948 [ForkJoinPool.commonPool-worker-1] INFO  segmented.SegmentedRaftLogWorker (SegmentedRaftLogWorker.java:close(224)) - ec693a0a-7ab2-40db-baa2-190e1e2b8078@group-568D50F80AF6-SegmentedRaftLogWorker close()
2019-11-14 22:50:06,948 [ForkJoinPool.commonPool-worker-1] INFO  impl.RaftServerImpl (RaftServerImpl.java:lambda$shutdown$3(250)) - ec693a0a-7ab2-40db-baa2-190e1e2b8078@group-AE73C50864A8: shutdown
2019-11-14 22:50:06,949 [ForkJoinPool.commonPool-worker-1] INFO  util.JmxRegister (JmxRegister.java:unregister(73)) - Successfully un-registered JMX Bean with object name Ratis:service=RaftServer,group=group-AE73C50864A8,id=ec693a0a-7ab2-40db-baa2-190e1e2b8078
2019-11-14 22:50:06,949 [ForkJoinPool.commonPool-worker-1] INFO  impl.RoleInfo (RoleInfo.java:shutdownFollowerState(121)) - ec693a0a-7ab2-40db-baa2-190e1e2b8078: shutdown FollowerState
2019-11-14 22:50:06,949 [ForkJoinPool.commonPool-worker-1] INFO  impl.StateMachineUpdater (StateMachineUpdater.java:stopAndJoin(136)) - ec693a0a-7ab2-40db-baa2-190e1e2b8078@group-AE73C50864A8-StateMachineUpdater: set stopIndex = 2
2019-11-14 22:50:06,949 [Thread-4141] INFO  impl.FollowerState (FollowerState.java:run(120)) - ec693a0a-7ab2-40db-baa2-190e1e2b8078@group-AE73C50864A8-FollowerState was interrupted: java.lang.InterruptedException: sleep interrupted
2019-11-14 22:50:06,949 [ForkJoinPool.commonPool-worker-1] INFO  impl.RaftServerImpl (ServerState.java:close(387)) - ec693a0a-7ab2-40db-baa2-190e1e2b8078@group-AE73C50864A8: closes. applyIndex: 2
2019-11-14 22:50:06,950 [ec693a0a-7ab2-40db-baa2-190e1e2b8078@group-AE73C50864A8-SegmentedRaftLogWorker] INFO  segmented.SegmentedRaftLogWorker (SegmentedRaftLogWorker.java:run(316)) - ec693a0a-7ab2-40db-baa2-190e1e2b8078@group-AE73C50864A8-SegmentedRaftLogWorker was interrupted, exiting. There are 0 tasks remaining in the queue.
2019-11-14 22:50:06,951 [ForkJoinPool.commonPool-worker-1] INFO  segmented.SegmentedRaftLogWorker (SegmentedRaftLogWorker.java:close(224)) - ec693a0a-7ab2-40db-baa2-190e1e2b8078@group-AE73C50864A8-SegmentedRaftLogWorker close()
2019-11-14 22:50:06,953 [ForkJoinPool.commonPool-worker-1] INFO  server.GrpcService (GrpcService.java:closeImpl(164)) - ec693a0a-7ab2-40db-baa2-190e1e2b8078: shutdown server with port 46493 now
2019-11-14 22:50:06,954 [grpc-default-executor-8] WARN  server.GrpcServerProtocolService (LogUtils.java:warn(134)) - ec693a0a-7ab2-40db-baa2-190e1e2b8078: installSnapshot onError, lastRequest: dafdef77-e865-403b-bc5e-c37989f56ddc->ec693a0a-7ab2-40db-baa2-190e1e2b8078#9-t2, previous=(t:2, i:2), leaderCommit=2, initializing? false, entries: <empty>: org.apache.ratis.thirdparty.io.grpc.StatusRuntimeException: CANCELLED: cancelled before receiving half close
2019-11-14 22:50:06,954 [grpc-default-executor-6] WARN  server.GrpcLogAppender (LogUtils.java:warn(134)) - dafdef77-e865-403b-bc5e-c37989f56ddc@group-AE73C50864A8->ec693a0a-7ab2-40db-baa2-190e1e2b8078-AppendLogResponseHandler: Failed appendEntries: org.apache.ratis.thirdparty.io.grpc.StatusRuntimeException: CANCELLED: HTTP/2 error code: CANCEL
Received Rst Stream
2019-11-14 22:50:06,954 [ForkJoinPool.commonPool-worker-1] INFO  server.GrpcService (GrpcService.java:closeImpl(172)) - ec693a0a-7ab2-40db-baa2-190e1e2b8078: shutdown server with port 46493 successfully
2019-11-14 22:50:06,954 [grpc-default-executor-6] INFO  impl.FollowerInfo (FollowerInfo.java:lambda$new$0(51)) - dafdef77-e865-403b-bc5e-c37989f56ddc@group-AE73C50864A8->ec693a0a-7ab2-40db-baa2-190e1e2b8078: nextIndex: updateUnconditionally 3 -> 2
2019-11-14 22:50:06,956 [refreshUsed-/workdir/hadoop-ozone/integration-test/target/test-dir/MiniOzoneClusterImpl-9caa682c-a503-45f4-84bb-f8dd249825f6/datanode-4/data/containers] WARN  fs.CachingGetSpaceUsed (CachingGetSpaceUsed.java:run(183)) - Thread Interrupted waiting to refresh disk information: sleep interrupted
2019-11-14 22:50:06,973 [ForkJoinPool.commonPool-worker-1] INFO  utils.BackgroundService (BackgroundService.java:shutdown(151)) - Shutting down service BlockDeletingService
2019-11-14 22:50:06,975 [ForkJoinPool.commonPool-worker-1] INFO  statemachine.DatanodeStateMachine (DatanodeStateMachine.java:stopDaemon(400)) - Ozone container server stopped.
2019-11-14 22:50:06,977 [ForkJoinPool.commonPool-worker-1] INFO  handler.ContextHandler (ContextHandler.java:doStop(910)) - Stopped o.e.j.w.WebAppContext@49754e74{/,null,UNAVAILABLE}{/hddsDatanode}
2019-11-14 22:50:06,978 [ForkJoinPool.commonPool-worker-1] INFO  server.AbstractConnector (AbstractConnector.java:doStop(318)) - Stopped ServerConnector@31881aa2{HTTP/1.1,[http/1.1]}{0.0.0.0:0}
2019-11-14 22:50:06,980 [ForkJoinPool.commonPool-worker-1] INFO  handler.ContextHandler (ContextHandler.java:doStop(910)) - Stopped o.e.j.s.ServletContextHandler@632cf7d3{/static,jar:file:/home/user/.m2/repository/org/apache/hadoop/hadoop-hdds-container-service/0.5.0-SNAPSHOT/hadoop-hdds-container-service-0.5.0-SNAPSHOT.jar!/webapps/static,UNAVAILABLE}
2019-11-14 22:50:06,981 [ForkJoinPool.commonPool-worker-1] INFO  handler.ContextHandler (ContextHandler.java:doStop(910)) - Stopped o.e.j.s.ServletContextHandler@5fb5ad40{/logs,file:///workdir/hadoop-ozone/integration-test/target/log,UNAVAILABLE}
2019-11-14 22:50:06,981 [main] INFO  ozoneimpl.OzoneContainer (OzoneContainer.java:stop(244)) - Attempting to stop container services.
2019-11-14 22:50:06,982 [main] INFO  impl.RaftServerProxy (RaftServerProxy.java:lambda$close$4(314)) - 82d9b010-cdd2-48aa-a03f-c52b44e44827: close
2019-11-14 22:50:06,983 [main] INFO  impl.RaftServerImpl (RaftServerImpl.java:lambda$shutdown$3(250)) - 82d9b010-cdd2-48aa-a03f-c52b44e44827@group-F1AED5EE4D6F: shutdown
2019-11-14 22:50:06,983 [main] INFO  util.JmxRegister (JmxRegister.java:unregister(73)) - Successfully un-registered JMX Bean with object name Ratis:service=RaftServer,group=group-F1AED5EE4D6F,id=82d9b010-cdd2-48aa-a03f-c52b44e44827
2019-11-14 22:50:06,983 [main] INFO  impl.RoleInfo (RoleInfo.java:shutdownLeaderState(104)) - 82d9b010-cdd2-48aa-a03f-c52b44e44827: shutdown LeaderState
2019-11-14 22:50:06,993 [org.apache.ratis.server.impl.LogAppender$AppenderDaemon$$Lambda$460/1168859626@7177bb90] WARN  server.GrpcLogAppender (GrpcLogAppender.java:mayWait(151)) - 82d9b010-cdd2-48aa-a03f-c52b44e44827@group-F1AED5EE4D6F->c5c819e6-85b2-482d-9128-e8ea2b7ba4a4-GrpcLogAppender: Wait interrupted by java.lang.InterruptedException
2019-11-14 22:50:06,993 [org.apache.ratis.server.impl.LogAppender$AppenderDaemon$$Lambda$460/1168859626@3475337a] WARN  server.GrpcLogAppender (GrpcLogAppender.java:mayWait(151)) - 82d9b010-cdd2-48aa-a03f-c52b44e44827@group-F1AED5EE4D6F->df16aec3-050f-40e4-a922-70bdb89d4bf1-GrpcLogAppender: Wait interrupted by java.lang.InterruptedException
2019-11-14 22:50:06,993 [main] INFO  impl.PendingRequests (PendingRequests.java:sendNotLeaderResponses(206)) - 82d9b010-cdd2-48aa-a03f-c52b44e44827@group-F1AED5EE4D6F-PendingRequests: sendNotLeaderResponses
2019-11-14 22:50:06,993 [grpc-default-executor-8] INFO  server.GrpcServerProtocolService (GrpcServerProtocolService.java:onCompleted(113)) - df16aec3-050f-40e4-a922-70bdb89d4bf1: Completed APPEND_ENTRIES, lastRequest: 82d9b010-cdd2-48aa-a03f-c52b44e44827->df16aec3-050f-40e4-a922-70bdb89d4bf1#96-t1, previous=(t:1, i:8), leaderCommit=8, initializing? false, entries: <empty>
2019-11-14 22:50:06,997 [grpc-default-executor-8] INFO  server.GrpcLogAppender (GrpcLogAppender.java:onCompleted(308)) - 82d9b010-cdd2-48aa-a03f-c52b44e44827@group-F1AED5EE4D6F->df16aec3-050f-40e4-a922-70bdb89d4bf1-AppendLogResponseHandler: follower responses appendEntries COMPLETED
2019-11-14 22:50:06,997 [main] INFO  impl.StateMachineUpdater (StateMachineUpdater.java:stopAndJoin(136)) - 82d9b010-cdd2-48aa-a03f-c52b44e44827@group-F1AED5EE4D6F-StateMachineUpdater: set stopIndex = 8
2019-11-14 22:50:06,998 [grpc-default-executor-8] INFO  impl.FollowerInfo (FollowerInfo.java:lambda$new$0(51)) - 82d9b010-cdd2-48aa-a03f-c52b44e44827@group-F1AED5EE4D6F->df16aec3-050f-40e4-a922-70bdb89d4bf1: nextIndex: updateUnconditionally 9 -> 8
2019-11-14 22:50:06,998 [82d9b010-cdd2-48aa-a03f-c52b44e44827@group-F1AED5EE4D6F-StateMachineUpdater] INFO  ratis.ContainerStateMachine (ContainerStateMachine.java:takeSnapshot(285)) - group-F1AED5EE4D6F: Taking a snapshot at:(t:1, i:8) file /workdir/hadoop-ozone/integration-test/target/test-dir/MiniOzoneClusterImpl-9caa682c-a503-45f4-84bb-f8dd249825f6/datanode-9/data/ratis/250a51ea-7cc0-46c5-a5e6-f1aed5ee4d6f/sm/snapshot.1_8
2019-11-14 22:50:07,080 [82d9b010-cdd2-48aa-a03f-c52b44e44827@group-F1AED5EE4D6F-StateMachineUpdater] INFO  ratis.ContainerStateMachine (ContainerStateMachine.java:takeSnapshot(296)) - group-F1AED5EE4D6F: Finished taking a snapshot at:(t:1, i:8) file:/workdir/hadoop-ozone/integration-test/target/test-dir/MiniOzoneClusterImpl-9caa682c-a503-45f4-84bb-f8dd249825f6/datanode-9/data/ratis/250a51ea-7cc0-46c5-a5e6-f1aed5ee4d6f/sm/snapshot.1_8 time:83
2019-11-14 22:50:07,081 [82d9b010-cdd2-48aa-a03f-c52b44e44827@group-F1AED5EE4D6F-StateMachineUpdater] INFO  impl.StateMachineUpdater (StateMachineUpdater.java:takeSnapshot(269)) - 82d9b010-cdd2-48aa-a03f-c52b44e44827@group-F1AED5EE4D6F-StateMachineUpdater: Took a snapshot at index 8
2019-11-14 22:50:07,081 [82d9b010-cdd2-48aa-a03f-c52b44e44827@group-F1AED5EE4D6F-StateMachineUpdater] INFO  impl.StateMachineUpdater (StateMachineUpdater.java:lambda$new$0(84)) - 82d9b010-cdd2-48aa-a03f-c52b44e44827@group-F1AED5EE4D6F-StateMachineUpdater: snapshotIndex: updateIncreasingly -1 -> 8
2019-11-14 22:50:07,081 [main] INFO  impl.RaftServerImpl (ServerState.java:close(387)) - 82d9b010-cdd2-48aa-a03f-c52b44e44827@group-F1AED5EE4D6F: closes. applyIndex: 8
2019-11-14 22:50:07,082 [82d9b010-cdd2-48aa-a03f-c52b44e44827@group-F1AED5EE4D6F-SegmentedRaftLogWorker] INFO  segmented.SegmentedRaftLogWorker (SegmentedRaftLogWorker.java:run(316)) - 82d9b010-cdd2-48aa-a03f-c52b44e44827@group-F1AED5EE4D6F-SegmentedRaftLogWorker was interrupted, exiting. There are 0 tasks remaining in the queue.
2019-11-14 22:50:07,083 [main] INFO  segmented.SegmentedRaftLogWorker (SegmentedRaftLogWorker.java:close(224)) - 82d9b010-cdd2-48aa-a03f-c52b44e44827@group-F1AED5EE4D6F-SegmentedRaftLogWorker close()
2019-11-14 22:50:07,084 [main] INFO  impl.RaftServerImpl (RaftServerImpl.java:lambda$shutdown$3(250)) - 82d9b010-cdd2-48aa-a03f-c52b44e44827@group-007338B2682B: shutdown
2019-11-14 22:50:07,084 [main] INFO  util.JmxRegister (JmxRegister.java:unregister(73)) - Successfully un-registered JMX Bean with object name Ratis:service=RaftServer,group=group-007338B2682B,id=82d9b010-cdd2-48aa-a03f-c52b44e44827
2019-11-14 22:50:07,085 [main] INFO  impl.RoleInfo (RoleInfo.java:shutdownLeaderState(104)) - 82d9b010-cdd2-48aa-a03f-c52b44e44827: shutdown LeaderState
2019-11-14 22:50:07,085 [main] INFO  impl.PendingRequests (PendingRequests.java:sendNotLeaderResponses(206)) - 82d9b010-cdd2-48aa-a03f-c52b44e44827@group-007338B2682B-PendingRequests: sendNotLeaderResponses
2019-11-14 22:50:07,085 [main] INFO  impl.StateMachineUpdater (StateMachineUpdater.java:stopAndJoin(136)) - 82d9b010-cdd2-48aa-a03f-c52b44e44827@group-007338B2682B-StateMachineUpdater: set stopIndex = 0
2019-11-14 22:50:07,086 [main] INFO  impl.RaftServerImpl (ServerState.java:close(387)) - 82d9b010-cdd2-48aa-a03f-c52b44e44827@group-007338B2682B: closes. applyIndex: 0
2019-11-14 22:50:07,086 [82d9b010-cdd2-48aa-a03f-c52b44e44827@group-007338B2682B-SegmentedRaftLogWorker] INFO  segmented.SegmentedRaftLogWorker (SegmentedRaftLogWorker.java:run(316)) - 82d9b010-cdd2-48aa-a03f-c52b44e44827@group-007338B2682B-SegmentedRaftLogWorker was interrupted, exiting. There are 0 tasks remaining in the queue.
2019-11-14 22:50:07,088 [main] INFO  segmented.SegmentedRaftLogWorker (SegmentedRaftLogWorker.java:close(224)) - 82d9b010-cdd2-48aa-a03f-c52b44e44827@group-007338B2682B-SegmentedRaftLogWorker close()
2019-11-14 22:50:07,089 [main] INFO  server.GrpcService (GrpcService.java:closeImpl(164)) - 82d9b010-cdd2-48aa-a03f-c52b44e44827: shutdown server with port 46701 now
2019-11-14 22:50:07,090 [main] INFO  server.GrpcService (GrpcService.java:closeImpl(172)) - 82d9b010-cdd2-48aa-a03f-c52b44e44827: shutdown server with port 46701 successfully
2019-11-14 22:50:07,092 [refreshUsed-/workdir/hadoop-ozone/integration-test/target/test-dir/MiniOzoneClusterImpl-9caa682c-a503-45f4-84bb-f8dd249825f6/datanode-9/data/containers] WARN  fs.CachingGetSpaceUsed (CachingGetSpaceUsed.java:run(183)) - Thread Interrupted waiting to refresh disk information: sleep interrupted
2019-11-14 22:50:07,108 [main] INFO  utils.BackgroundService (BackgroundService.java:shutdown(151)) - Shutting down service BlockDeletingService
2019-11-14 22:50:07,109 [main] INFO  statemachine.DatanodeStateMachine (DatanodeStateMachine.java:stopDaemon(400)) - Ozone container server stopped.
2019-11-14 22:50:07,112 [main] INFO  handler.ContextHandler (ContextHandler.java:doStop(910)) - Stopped o.e.j.w.WebAppContext@3cc3f13e{/,null,UNAVAILABLE}{/hddsDatanode}
2019-11-14 22:50:07,113 [main] INFO  server.AbstractConnector (AbstractConnector.java:doStop(318)) - Stopped ServerConnector@69b3886f{HTTP/1.1,[http/1.1]}{0.0.0.0:0}
2019-11-14 22:50:07,113 [main] INFO  handler.ContextHandler (ContextHandler.java:doStop(910)) - Stopped o.e.j.s.ServletContextHandler@7ddeb27f{/static,jar:file:/home/user/.m2/repository/org/apache/hadoop/hadoop-hdds-container-service/0.5.0-SNAPSHOT/hadoop-hdds-container-service-0.5.0-SNAPSHOT.jar!/webapps/static,UNAVAILABLE}
2019-11-14 22:50:07,114 [main] INFO  handler.ContextHandler (ContextHandler.java:doStop(910)) - Stopped o.e.j.s.ServletContextHandler@7caf1e5{/logs,file:///workdir/hadoop-ozone/integration-test/target/log,UNAVAILABLE}
2019-11-14 22:50:07,191 [grpc-default-executor-6] WARN  server.GrpcLogAppender (LogUtils.java:warn(134)) - dafdef77-e865-403b-bc5e-c37989f56ddc@group-AE73C50864A8->ce51abe9-fc49-4310-abba-812881959ce0-AppendLogResponseHandler: Failed appendEntries: org.apache.ratis.thirdparty.io.grpc.StatusRuntimeException: UNAVAILABLE: io exception
2019-11-14 22:50:07,192 [grpc-default-executor-6] INFO  impl.FollowerInfo (FollowerInfo.java:lambda$new$0(51)) - dafdef77-e865-403b-bc5e-c37989f56ddc@group-AE73C50864A8->ce51abe9-fc49-4310-abba-812881959ce0: nextIndex: updateUnconditionally 0 -> 0
2019-11-14 22:50:07,196 [grpc-default-executor-6] WARN  server.GrpcLogAppender (LogUtils.java:warn(134)) - 7d8f40ed-fc7e-4283-96c6-8f8f645c1bfe@group-E5CD7693E4BE->58f72cb5-8974-4d0e-9564-cfe3e68dc671-AppendLogResponseHandler: Failed appendEntries: org.apache.ratis.thirdparty.io.grpc.StatusRuntimeException: UNAVAILABLE: io exception
2019-11-14 22:50:07,196 [grpc-default-executor-6] INFO  impl.FollowerInfo (FollowerInfo.java:lambda$new$0(51)) - 7d8f40ed-fc7e-4283-96c6-8f8f645c1bfe@group-E5CD7693E4BE->58f72cb5-8974-4d0e-9564-cfe3e68dc671: nextIndex: updateUnconditionally 0 -> 0
2019-11-14 22:50:07,199 [grpc-default-executor-5] WARN  server.GrpcLogAppender (LogUtils.java:warn(134)) - dafdef77-e865-403b-bc5e-c37989f56ddc@group-AE73C50864A8->ec693a0a-7ab2-40db-baa2-190e1e2b8078-AppendLogResponseHandler: Failed appendEntries: org.apache.ratis.thirdparty.io.grpc.StatusRuntimeException: UNAVAILABLE: io exception
2019-11-14 22:50:07,200 [grpc-default-executor-5] INFO  impl.FollowerInfo (FollowerInfo.java:lambda$new$0(51)) - dafdef77-e865-403b-bc5e-c37989f56ddc@group-AE73C50864A8->ec693a0a-7ab2-40db-baa2-190e1e2b8078: nextIndex: updateUnconditionally 2 -> 1
2019-11-14 22:50:07,201 [grpc-default-executor-8] WARN  server.GrpcLogAppender (LogUtils.java:warn(134)) - 7d8f40ed-fc7e-4283-96c6-8f8f645c1bfe@group-E5CD7693E4BE->720981dd-80b6-4b59-8027-74344e9fba7b-AppendLogResponseHandler: Failed appendEntries: org.apache.ratis.thirdparty.io.grpc.StatusRuntimeException: UNAVAILABLE: io exception
2019-11-14 22:50:07,201 [grpc-default-executor-8] INFO  impl.FollowerInfo (FollowerInfo.java:lambda$new$0(51)) - 7d8f40ed-fc7e-4283-96c6-8f8f645c1bfe@group-E5CD7693E4BE->720981dd-80b6-4b59-8027-74344e9fba7b: nextIndex: updateUnconditionally 0 -> 0
2019-11-14 22:50:07,422 [Datanode State Machine Thread - 0] INFO  statemachine.DatanodeStateMachine (DatanodeStateMachine.java:lambda$startDaemon$0(355)) - Ozone container server started.
2019-11-14 22:50:07,590 [Datanode State Machine Thread - 0] INFO  statemachine.DatanodeStateMachine (DatanodeStateMachine.java:lambda$startDaemon$0(355)) - Ozone container server started.
2019-11-14 22:50:07,692 [grpc-default-executor-8] WARN  server.GrpcLogAppender (LogUtils.java:warn(134)) - dafdef77-e865-403b-bc5e-c37989f56ddc@group-AE73C50864A8->ce51abe9-fc49-4310-abba-812881959ce0-AppendLogResponseHandler: Failed appendEntries: org.apache.ratis.thirdparty.io.grpc.StatusRuntimeException: UNAVAILABLE: io exception
2019-11-14 22:50:07,692 [grpc-default-executor-8] INFO  impl.FollowerInfo (FollowerInfo.java:lambda$new$0(51)) - dafdef77-e865-403b-bc5e-c37989f56ddc@group-AE73C50864A8->ce51abe9-fc49-4310-abba-812881959ce0: nextIndex: updateUnconditionally 0 -> 0
2019-11-14 22:50:07,697 [grpc-default-executor-5] WARN  server.GrpcLogAppender (LogUtils.java:warn(134)) - 7d8f40ed-fc7e-4283-96c6-8f8f645c1bfe@group-E5CD7693E4BE->58f72cb5-8974-4d0e-9564-cfe3e68dc671-AppendLogResponseHandler: Failed appendEntries: org.apache.ratis.thirdparty.io.grpc.StatusRuntimeException: UNAVAILABLE: io exception
2019-11-14 22:50:07,697 [grpc-default-executor-5] INFO  impl.FollowerInfo (FollowerInfo.java:lambda$new$0(51)) - 7d8f40ed-fc7e-4283-96c6-8f8f645c1bfe@group-E5CD7693E4BE->58f72cb5-8974-4d0e-9564-cfe3e68dc671: nextIndex: updateUnconditionally 0 -> 0
2019-11-14 22:50:07,700 [grpc-default-executor-6] WARN  server.GrpcLogAppender (LogUtils.java:warn(134)) - dafdef77-e865-403b-bc5e-c37989f56ddc@group-AE73C50864A8->ec693a0a-7ab2-40db-baa2-190e1e2b8078-AppendLogResponseHandler: Failed appendEntries: org.apache.ratis.thirdparty.io.grpc.StatusRuntimeException: UNAVAILABLE: io exception
2019-11-14 22:50:07,700 [grpc-default-executor-6] INFO  impl.FollowerInfo (FollowerInfo.java:lambda$new$0(51)) - dafdef77-e865-403b-bc5e-c37989f56ddc@group-AE73C50864A8->ec693a0a-7ab2-40db-baa2-190e1e2b8078: nextIndex: updateUnconditionally 1 -> 0
2019-11-14 22:50:07,701 [grpc-default-executor-8] WARN  server.GrpcLogAppender (LogUtils.java:warn(134)) - 7d8f40ed-fc7e-4283-96c6-8f8f645c1bfe@group-E5CD7693E4BE->720981dd-80b6-4b59-8027-74344e9fba7b-AppendLogResponseHandler: Failed appendEntries: org.apache.ratis.thirdparty.io.grpc.StatusRuntimeException: UNAVAILABLE: io exception
2019-11-14 22:50:07,701 [grpc-default-executor-8] INFO  impl.FollowerInfo (FollowerInfo.java:lambda$new$0(51)) - 7d8f40ed-fc7e-4283-96c6-8f8f645c1bfe@group-E5CD7693E4BE->720981dd-80b6-4b59-8027-74344e9fba7b: nextIndex: updateUnconditionally 0 -> 0
2019-11-14 22:50:08,192 [grpc-default-executor-5] WARN  server.GrpcLogAppender (LogUtils.java:warn(134)) - dafdef77-e865-403b-bc5e-c37989f56ddc@group-AE73C50864A8->ce51abe9-fc49-4310-abba-812881959ce0-AppendLogResponseHandler: Failed appendEntries: org.apache.ratis.thirdparty.io.grpc.StatusRuntimeException: UNAVAILABLE: io exception
2019-11-14 22:50:08,193 [grpc-default-executor-5] INFO  impl.FollowerInfo (FollowerInfo.java:lambda$new$0(51)) - dafdef77-e865-403b-bc5e-c37989f56ddc@group-AE73C50864A8->ce51abe9-fc49-4310-abba-812881959ce0: nextIndex: updateUnconditionally 0 -> 0
2019-11-14 22:50:08,197 [grpc-default-executor-5] WARN  server.GrpcLogAppender (LogUtils.java:warn(134)) - 7d8f40ed-fc7e-4283-96c6-8f8f645c1bfe@group-E5CD7693E4BE->58f72cb5-8974-4d0e-9564-cfe3e68dc671-AppendLogResponseHandler: Failed appendEntries: org.apache.ratis.thirdparty.io.grpc.StatusRuntimeException: UNAVAILABLE: io exception
2019-11-14 22:50:08,197 [grpc-default-executor-5] INFO  impl.FollowerInfo (FollowerInfo.java:lambda$new$0(51)) - 7d8f40ed-fc7e-4283-96c6-8f8f645c1bfe@group-E5CD7693E4BE->58f72cb5-8974-4d0e-9564-cfe3e68dc671: nextIndex: updateUnconditionally 0 -> 0
2019-11-14 22:50:08,200 [grpc-default-executor-5] WARN  server.GrpcLogAppender (LogUtils.java:warn(134)) - dafdef77-e865-403b-bc5e-c37989f56ddc@group-AE73C50864A8->ec693a0a-7ab2-40db-baa2-190e1e2b8078-AppendLogResponseHandler: Failed appendEntries: org.apache.ratis.thirdparty.io.grpc.StatusRuntimeException: UNAVAILABLE: io exception
2019-11-14 22:50:08,200 [grpc-default-executor-5] INFO  impl.FollowerInfo (FollowerInfo.java:lambda$new$0(51)) - dafdef77-e865-403b-bc5e-c37989f56ddc@group-AE73C50864A8->ec693a0a-7ab2-40db-baa2-190e1e2b8078: nextIndex: updateUnconditionally 0 -> 0
2019-11-14 22:50:08,202 [grpc-default-executor-6] WARN  server.GrpcLogAppender (LogUtils.java:warn(134)) - 7d8f40ed-fc7e-4283-96c6-8f8f645c1bfe@group-E5CD7693E4BE->720981dd-80b6-4b59-8027-74344e9fba7b-AppendLogResponseHandler: Failed appendEntries: org.apache.ratis.thirdparty.io.grpc.StatusRuntimeException: UNAVAILABLE: io exception
2019-11-14 22:50:08,202 [grpc-default-executor-6] INFO  impl.FollowerInfo (FollowerInfo.java:lambda$new$0(51)) - 7d8f40ed-fc7e-4283-96c6-8f8f645c1bfe@group-E5CD7693E4BE->720981dd-80b6-4b59-8027-74344e9fba7b: nextIndex: updateUnconditionally 0 -> 0
2019-11-14 22:50:08,693 [grpc-default-executor-8] WARN  server.GrpcLogAppender (LogUtils.java:warn(134)) - dafdef77-e865-403b-bc5e-c37989f56ddc@group-AE73C50864A8->ce51abe9-fc49-4310-abba-812881959ce0-AppendLogResponseHandler: Failed appendEntries: org.apache.ratis.thirdparty.io.grpc.StatusRuntimeException: UNAVAILABLE: io exception
2019-11-14 22:50:08,693 [grpc-default-executor-8] INFO  impl.FollowerInfo (FollowerInfo.java:lambda$new$0(51)) - dafdef77-e865-403b-bc5e-c37989f56ddc@group-AE73C50864A8->ce51abe9-fc49-4310-abba-812881959ce0: nextIndex: updateUnconditionally 0 -> 0
2019-11-14 22:50:08,698 [grpc-default-executor-8] WARN  server.GrpcLogAppender (LogUtils.java:warn(134)) - 7d8f40ed-fc7e-4283-96c6-8f8f645c1bfe@group-E5CD7693E4BE->58f72cb5-8974-4d0e-9564-cfe3e68dc671-AppendLogResponseHandler: Failed appendEntries: org.apache.ratis.thirdparty.io.grpc.StatusRuntimeException: UNAVAILABLE: io exception
2019-11-14 22:50:08,698 [grpc-default-executor-8] INFO  impl.FollowerInfo (FollowerInfo.java:lambda$new$0(51)) - 7d8f40ed-fc7e-4283-96c6-8f8f645c1bfe@group-E5CD7693E4BE->58f72cb5-8974-4d0e-9564-cfe3e68dc671: nextIndex: updateUnconditionally 0 -> 0
2019-11-14 22:50:08,700 [grpc-default-executor-5] WARN  server.GrpcLogAppender (LogUtils.java:warn(134)) - dafdef77-e865-403b-bc5e-c37989f56ddc@group-AE73C50864A8->ec693a0a-7ab2-40db-baa2-190e1e2b8078-AppendLogResponseHandler: Failed appendEntries: org.apache.ratis.thirdparty.io.grpc.StatusRuntimeException: UNAVAILABLE: io exception
2019-11-14 22:50:08,701 [grpc-default-executor-5] INFO  impl.FollowerInfo (FollowerInfo.java:lambda$new$0(51)) - dafdef77-e865-403b-bc5e-c37989f56ddc@group-AE73C50864A8->ec693a0a-7ab2-40db-baa2-190e1e2b8078: nextIndex: updateUnconditionally 0 -> 0
2019-11-14 22:50:08,702 [grpc-default-executor-6] WARN  server.GrpcLogAppender (LogUtils.java:warn(134)) - 7d8f40ed-fc7e-4283-96c6-8f8f645c1bfe@group-E5CD7693E4BE->720981dd-80b6-4b59-8027-74344e9fba7b-AppendLogResponseHandler: Failed appendEntries: org.apache.ratis.thirdparty.io.grpc.StatusRuntimeException: UNAVAILABLE: io exception
2019-11-14 22:50:08,703 [grpc-default-executor-6] INFO  impl.FollowerInfo (FollowerInfo.java:lambda$new$0(51)) - 7d8f40ed-fc7e-4283-96c6-8f8f645c1bfe@group-E5CD7693E4BE->720981dd-80b6-4b59-8027-74344e9fba7b: nextIndex: updateUnconditionally 0 -> 0
2019-11-14 22:50:08,720 [Thread-3654] INFO  impl.FollowerState (FollowerState.java:run(111)) - df16aec3-050f-40e4-a922-70bdb89d4bf1@group-F1AED5EE4D6F-FollowerState: change to CANDIDATE, lastRpcTime:2125ms, electionTimeout:1152ms
2019-11-14 22:50:08,720 [Thread-3654] INFO  impl.RoleInfo (RoleInfo.java:shutdownFollowerState(121)) - df16aec3-050f-40e4-a922-70bdb89d4bf1: shutdown FollowerState
2019-11-14 22:50:08,720 [Thread-3654] INFO  impl.RaftServerImpl (RaftServerImpl.java:setRole(173)) - df16aec3-050f-40e4-a922-70bdb89d4bf1@group-F1AED5EE4D6F: changes role from  FOLLOWER to CANDIDATE at term 1 for changeToCandidate
2019-11-14 22:50:08,721 [Thread-3654] INFO  impl.RoleInfo (RoleInfo.java:updateAndGet(143)) - df16aec3-050f-40e4-a922-70bdb89d4bf1: start LeaderElection
2019-11-14 22:50:08,721 [df16aec3-050f-40e4-a922-70bdb89d4bf1@group-F1AED5EE4D6F-LeaderElection177] INFO  impl.RaftServerImpl (ServerState.java:setLeader(255)) - df16aec3-050f-40e4-a922-70bdb89d4bf1@group-F1AED5EE4D6F: change Leader from 82d9b010-cdd2-48aa-a03f-c52b44e44827 to null at term 1 for initElection
2019-11-14 22:50:08,743 [df16aec3-050f-40e4-a922-70bdb89d4bf1@group-F1AED5EE4D6F-LeaderElection177] INFO  impl.LeaderElection (LeaderElection.java:askForVotes(178)) - df16aec3-050f-40e4-a922-70bdb89d4bf1@group-F1AED5EE4D6F-LeaderElection177: begin an election at term 2 for 0: [df16aec3-050f-40e4-a922-70bdb89d4bf1:192.168.69.106:44144, 82d9b010-cdd2-48aa-a03f-c52b44e44827:192.168.69.106:46701, c5c819e6-85b2-482d-9128-e8ea2b7ba4a4:192.168.69.106:40987], old=null
2019-11-14 22:50:08,745 [df16aec3-050f-40e4-a922-70bdb89d4bf1@group-F1AED5EE4D6F-LeaderElection177] INFO  impl.LeaderElection (LogUtils.java:infoOrTrace(149)) - df16aec3-050f-40e4-a922-70bdb89d4bf1@group-F1AED5EE4D6F-LeaderElection177 got exception when requesting votes: {}
java.util.concurrent.ExecutionException: org.apache.ratis.thirdparty.io.grpc.StatusRuntimeException: UNAVAILABLE: io exception
	at java.util.concurrent.FutureTask.report(FutureTask.java:122)
	at java.util.concurrent.FutureTask.get(FutureTask.java:192)
	at org.apache.ratis.server.impl.LeaderElection.waitForResults(LeaderElection.java:259)
	at org.apache.ratis.server.impl.LeaderElection.askForVotes(LeaderElection.java:197)
	at org.apache.ratis.server.impl.LeaderElection.run(LeaderElection.java:133)
	at java.lang.Thread.run(Thread.java:748)
Caused by: org.apache.ratis.thirdparty.io.grpc.StatusRuntimeException: UNAVAILABLE: io exception
	at org.apache.ratis.thirdparty.io.grpc.stub.ClientCalls.toStatusRuntimeException(ClientCalls.java:233)
	at org.apache.ratis.thirdparty.io.grpc.stub.ClientCalls.getUnchecked(ClientCalls.java:214)
	at org.apache.ratis.thirdparty.io.grpc.stub.ClientCalls.blockingUnaryCall(ClientCalls.java:139)
	at org.apache.ratis.proto.grpc.RaftServerProtocolServiceGrpc$RaftServerProtocolServiceBlockingStub.requestVote(RaftServerProtocolServiceGrpc.java:265)
	at org.apache.ratis.grpc.server.GrpcServerProtocolClient.requestVote(GrpcServerProtocolClient.java:99)
	at org.apache.ratis.grpc.server.GrpcService.requestVote(GrpcService.java:204)
	at org.apache.ratis.server.impl.LeaderElection.lambda$submitRequests$1(LeaderElection.java:234)
	at java.util.concurrent.FutureTask.run(FutureTask.java:266)
	at java.util.concurrent.Executors$RunnableAdapter.call(Executors.java:511)
	at java.util.concurrent.FutureTask.run(FutureTask.java:266)
	at java.util.concurrent.ThreadPoolExecutor.runWorker(ThreadPoolExecutor.java:1149)
	at java.util.concurrent.ThreadPoolExecutor$Worker.run(ThreadPoolExecutor.java:624)
	... 1 more
Caused by: org.apache.ratis.thirdparty.io.netty.channel.AbstractChannel$AnnotatedConnectException: Connection refused: /192.168.69.106:40987
	at sun.nio.ch.SocketChannelImpl.checkConnect(Native Method)
	at sun.nio.ch.SocketChannelImpl.finishConnect(SocketChannelImpl.java:717)
	at org.apache.ratis.thirdparty.io.netty.channel.socket.nio.NioSocketChannel.doFinishConnect(NioSocketChannel.java:327)
	at org.apache.ratis.thirdparty.io.netty.channel.nio.AbstractNioChannel$AbstractNioUnsafe.finishConnect(AbstractNioChannel.java:340)
	at org.apache.ratis.thirdparty.io.netty.channel.nio.NioEventLoop.processSelectedKey(NioEventLoop.java:632)
	at org.apache.ratis.thirdparty.io.netty.channel.nio.NioEventLoop.processSelectedKeysOptimized(NioEventLoop.java:579)
	at org.apache.ratis.thirdparty.io.netty.channel.nio.NioEventLoop.processSelectedKeys(NioEventLoop.java:496)
	at org.apache.ratis.thirdparty.io.netty.channel.nio.NioEventLoop.run(NioEventLoop.java:458)
	at org.apache.ratis.thirdparty.io.netty.util.concurrent.SingleThreadEventExecutor$5.run(SingleThreadEventExecutor.java:897)
	at org.apache.ratis.thirdparty.io.netty.util.concurrent.FastThreadLocalRunnable.run(FastThreadLocalRunnable.java:30)
	... 1 more
Caused by: java.net.ConnectException: Connection refused
	... 11 more
2019-11-14 22:50:08,746 [df16aec3-050f-40e4-a922-70bdb89d4bf1@group-F1AED5EE4D6F-LeaderElection177] INFO  impl.LeaderElection (LogUtils.java:infoOrTrace(149)) - df16aec3-050f-40e4-a922-70bdb89d4bf1@group-F1AED5EE4D6F-LeaderElection177 got exception when requesting votes: {}
java.util.concurrent.ExecutionException: org.apache.ratis.thirdparty.io.grpc.StatusRuntimeException: UNAVAILABLE: io exception
	at java.util.concurrent.FutureTask.report(FutureTask.java:122)
	at java.util.concurrent.FutureTask.get(FutureTask.java:192)
	at org.apache.ratis.server.impl.LeaderElection.waitForResults(LeaderElection.java:259)
	at org.apache.ratis.server.impl.LeaderElection.askForVotes(LeaderElection.java:197)
	at org.apache.ratis.server.impl.LeaderElection.run(LeaderElection.java:133)
	at java.lang.Thread.run(Thread.java:748)
Caused by: org.apache.ratis.thirdparty.io.grpc.StatusRuntimeException: UNAVAILABLE: io exception
	at org.apache.ratis.thirdparty.io.grpc.stub.ClientCalls.toStatusRuntimeException(ClientCalls.java:233)
	at org.apache.ratis.thirdparty.io.grpc.stub.ClientCalls.getUnchecked(ClientCalls.java:214)
	at org.apache.ratis.thirdparty.io.grpc.stub.ClientCalls.blockingUnaryCall(ClientCalls.java:139)
	at org.apache.ratis.proto.grpc.RaftServerProtocolServiceGrpc$RaftServerProtocolServiceBlockingStub.requestVote(RaftServerProtocolServiceGrpc.java:265)
	at org.apache.ratis.grpc.server.GrpcServerProtocolClient.requestVote(GrpcServerProtocolClient.java:99)
	at org.apache.ratis.grpc.server.GrpcService.requestVote(GrpcService.java:204)
	at org.apache.ratis.server.impl.LeaderElection.lambda$submitRequests$1(LeaderElection.java:234)
	at java.util.concurrent.FutureTask.run(FutureTask.java:266)
	at java.util.concurrent.Executors$RunnableAdapter.call(Executors.java:511)
	at java.util.concurrent.FutureTask.run(FutureTask.java:266)
	at java.util.concurrent.ThreadPoolExecutor.runWorker(ThreadPoolExecutor.java:1149)
	at java.util.concurrent.ThreadPoolExecutor$Worker.run(ThreadPoolExecutor.java:624)
	... 1 more
Caused by: org.apache.ratis.thirdparty.io.netty.channel.AbstractChannel$AnnotatedConnectException: Connection refused: /192.168.69.106:46701
	at sun.nio.ch.SocketChannelImpl.checkConnect(Native Method)
	at sun.nio.ch.SocketChannelImpl.finishConnect(SocketChannelImpl.java:717)
	at org.apache.ratis.thirdparty.io.netty.channel.socket.nio.NioSocketChannel.doFinishConnect(NioSocketChannel.java:327)
	at org.apache.ratis.thirdparty.io.netty.channel.nio.AbstractNioChannel$AbstractNioUnsafe.finishConnect(AbstractNioChannel.java:340)
	at org.apache.ratis.thirdparty.io.netty.channel.nio.NioEventLoop.processSelectedKey(NioEventLoop.java:632)
	at org.apache.ratis.thirdparty.io.netty.channel.nio.NioEventLoop.processSelectedKeysOptimized(NioEventLoop.java:579)
	at org.apache.ratis.thirdparty.io.netty.channel.nio.NioEventLoop.processSelectedKeys(NioEventLoop.java:496)
	at org.apache.ratis.thirdparty.io.netty.channel.nio.NioEventLoop.run(NioEventLoop.java:458)
	at org.apache.ratis.thirdparty.io.netty.util.concurrent.SingleThreadEventExecutor$5.run(SingleThreadEventExecutor.java:897)
	at org.apache.ratis.thirdparty.io.netty.util.concurrent.FastThreadLocalRunnable.run(FastThreadLocalRunnable.java:30)
	... 1 more
Caused by: java.net.ConnectException: Connection refused
	... 11 more
2019-11-14 22:50:08,747 [df16aec3-050f-40e4-a922-70bdb89d4bf1@group-F1AED5EE4D6F-LeaderElection177] INFO  impl.LeaderElection (LeaderElection.java:logAndReturn(56)) - df16aec3-050f-40e4-a922-70bdb89d4bf1@group-F1AED5EE4D6F-LeaderElection177: Election REJECTED; received 0 response(s) [] and 2 exception(s); df16aec3-050f-40e4-a922-70bdb89d4bf1@group-F1AED5EE4D6F:t2, leader=null, voted=df16aec3-050f-40e4-a922-70bdb89d4bf1, raftlog=df16aec3-050f-40e4-a922-70bdb89d4bf1@group-F1AED5EE4D6F-SegmentedRaftLog:OPENED:c8,f8,i8, conf=0: [df16aec3-050f-40e4-a922-70bdb89d4bf1:192.168.69.106:44144, 82d9b010-cdd2-48aa-a03f-c52b44e44827:192.168.69.106:46701, c5c819e6-85b2-482d-9128-e8ea2b7ba4a4:192.168.69.106:40987], old=null
2019-11-14 22:50:08,747 [df16aec3-050f-40e4-a922-70bdb89d4bf1@group-F1AED5EE4D6F-LeaderElection177] INFO  impl.LeaderElection (LogUtils.java:infoOrTrace(149)) -   Exception 0: {}
java.util.concurrent.ExecutionException: org.apache.ratis.thirdparty.io.grpc.StatusRuntimeException: UNAVAILABLE: io exception
	at java.util.concurrent.FutureTask.report(FutureTask.java:122)
	at java.util.concurrent.FutureTask.get(FutureTask.java:192)
	at org.apache.ratis.server.impl.LeaderElection.waitForResults(LeaderElection.java:259)
	at org.apache.ratis.server.impl.LeaderElection.askForVotes(LeaderElection.java:197)
	at org.apache.ratis.server.impl.LeaderElection.run(LeaderElection.java:133)
	at java.lang.Thread.run(Thread.java:748)
Caused by: org.apache.ratis.thirdparty.io.grpc.StatusRuntimeException: UNAVAILABLE: io exception
	at org.apache.ratis.thirdparty.io.grpc.stub.ClientCalls.toStatusRuntimeException(ClientCalls.java:233)
	at org.apache.ratis.thirdparty.io.grpc.stub.ClientCalls.getUnchecked(ClientCalls.java:214)
	at org.apache.ratis.thirdparty.io.grpc.stub.ClientCalls.blockingUnaryCall(ClientCalls.java:139)
	at org.apache.ratis.proto.grpc.RaftServerProtocolServiceGrpc$RaftServerProtocolServiceBlockingStub.requestVote(RaftServerProtocolServiceGrpc.java:265)
	at org.apache.ratis.grpc.server.GrpcServerProtocolClient.requestVote(GrpcServerProtocolClient.java:99)
	at org.apache.ratis.grpc.server.GrpcService.requestVote(GrpcService.java:204)
	at org.apache.ratis.server.impl.LeaderElection.lambda$submitRequests$1(LeaderElection.java:234)
	at java.util.concurrent.FutureTask.run(FutureTask.java:266)
	at java.util.concurrent.Executors$RunnableAdapter.call(Executors.java:511)
	at java.util.concurrent.FutureTask.run(FutureTask.java:266)
	at java.util.concurrent.ThreadPoolExecutor.runWorker(ThreadPoolExecutor.java:1149)
	at java.util.concurrent.ThreadPoolExecutor$Worker.run(ThreadPoolExecutor.java:624)
	... 1 more
Caused by: org.apache.ratis.thirdparty.io.netty.channel.AbstractChannel$AnnotatedConnectException: Connection refused: /192.168.69.106:40987
	at sun.nio.ch.SocketChannelImpl.checkConnect(Native Method)
	at sun.nio.ch.SocketChannelImpl.finishConnect(SocketChannelImpl.java:717)
	at org.apache.ratis.thirdparty.io.netty.channel.socket.nio.NioSocketChannel.doFinishConnect(NioSocketChannel.java:327)
	at org.apache.ratis.thirdparty.io.netty.channel.nio.AbstractNioChannel$AbstractNioUnsafe.finishConnect(AbstractNioChannel.java:340)
	at org.apache.ratis.thirdparty.io.netty.channel.nio.NioEventLoop.processSelectedKey(NioEventLoop.java:632)
	at org.apache.ratis.thirdparty.io.netty.channel.nio.NioEventLoop.processSelectedKeysOptimized(NioEventLoop.java:579)
	at org.apache.ratis.thirdparty.io.netty.channel.nio.NioEventLoop.processSelectedKeys(NioEventLoop.java:496)
	at org.apache.ratis.thirdparty.io.netty.channel.nio.NioEventLoop.run(NioEventLoop.java:458)
	at org.apache.ratis.thirdparty.io.netty.util.concurrent.SingleThreadEventExecutor$5.run(SingleThreadEventExecutor.java:897)
	at org.apache.ratis.thirdparty.io.netty.util.concurrent.FastThreadLocalRunnable.run(FastThreadLocalRunnable.java:30)
	... 1 more
Caused by: java.net.ConnectException: Connection refused
	... 11 more
2019-11-14 22:50:08,747 [df16aec3-050f-40e4-a922-70bdb89d4bf1@group-F1AED5EE4D6F-LeaderElection177] INFO  impl.LeaderElection (LogUtils.java:infoOrTrace(149)) -   Exception 1: {}
java.util.concurrent.ExecutionException: org.apache.ratis.thirdparty.io.grpc.StatusRuntimeException: UNAVAILABLE: io exception
	at java.util.concurrent.FutureTask.report(FutureTask.java:122)
	at java.util.concurrent.FutureTask.get(FutureTask.java:192)
	at org.apache.ratis.server.impl.LeaderElection.waitForResults(LeaderElection.java:259)
	at org.apache.ratis.server.impl.LeaderElection.askForVotes(LeaderElection.java:197)
	at org.apache.ratis.server.impl.LeaderElection.run(LeaderElection.java:133)
	at java.lang.Thread.run(Thread.java:748)
Caused by: org.apache.ratis.thirdparty.io.grpc.StatusRuntimeException: UNAVAILABLE: io exception
	at org.apache.ratis.thirdparty.io.grpc.stub.ClientCalls.toStatusRuntimeException(ClientCalls.java:233)
	at org.apache.ratis.thirdparty.io.grpc.stub.ClientCalls.getUnchecked(ClientCalls.java:214)
	at org.apache.ratis.thirdparty.io.grpc.stub.ClientCalls.blockingUnaryCall(ClientCalls.java:139)
	at org.apache.ratis.proto.grpc.RaftServerProtocolServiceGrpc$RaftServerProtocolServiceBlockingStub.requestVote(RaftServerProtocolServiceGrpc.java:265)
	at org.apache.ratis.grpc.server.GrpcServerProtocolClient.requestVote(GrpcServerProtocolClient.java:99)
	at org.apache.ratis.grpc.server.GrpcService.requestVote(GrpcService.java:204)
	at org.apache.ratis.server.impl.LeaderElection.lambda$submitRequests$1(LeaderElection.java:234)
	at java.util.concurrent.FutureTask.run(FutureTask.java:266)
	at java.util.concurrent.Executors$RunnableAdapter.call(Executors.java:511)
	at java.util.concurrent.FutureTask.run(FutureTask.java:266)
	at java.util.concurrent.ThreadPoolExecutor.runWorker(ThreadPoolExecutor.java:1149)
	at java.util.concurrent.ThreadPoolExecutor$Worker.run(ThreadPoolExecutor.java:624)
	... 1 more
Caused by: org.apache.ratis.thirdparty.io.netty.channel.AbstractChannel$AnnotatedConnectException: Connection refused: /192.168.69.106:46701
	at sun.nio.ch.SocketChannelImpl.checkConnect(Native Method)
	at sun.nio.ch.SocketChannelImpl.finishConnect(SocketChannelImpl.java:717)
	at org.apache.ratis.thirdparty.io.netty.channel.socket.nio.NioSocketChannel.doFinishConnect(NioSocketChannel.java:327)
	at org.apache.ratis.thirdparty.io.netty.channel.nio.AbstractNioChannel$AbstractNioUnsafe.finishConnect(AbstractNioChannel.java:340)
	at org.apache.ratis.thirdparty.io.netty.channel.nio.NioEventLoop.processSelectedKey(NioEventLoop.java:632)
	at org.apache.ratis.thirdparty.io.netty.channel.nio.NioEventLoop.processSelectedKeysOptimized(NioEventLoop.java:579)
	at org.apache.ratis.thirdparty.io.netty.channel.nio.NioEventLoop.processSelectedKeys(NioEventLoop.java:496)
	at org.apache.ratis.thirdparty.io.netty.channel.nio.NioEventLoop.run(NioEventLoop.java:458)
	at org.apache.ratis.thirdparty.io.netty.util.concurrent.SingleThreadEventExecutor$5.run(SingleThreadEventExecutor.java:897)
	at org.apache.ratis.thirdparty.io.netty.util.concurrent.FastThreadLocalRunnable.run(FastThreadLocalRunnable.java:30)
	... 1 more
Caused by: java.net.ConnectException: Connection refused
	... 11 more
2019-11-14 22:50:08,747 [df16aec3-050f-40e4-a922-70bdb89d4bf1@group-F1AED5EE4D6F-LeaderElection177] INFO  impl.RaftServerImpl (RaftServerImpl.java:setRole(173)) - df16aec3-050f-40e4-a922-70bdb89d4bf1@group-F1AED5EE4D6F: changes role from CANDIDATE to FOLLOWER at term 2 for DISCOVERED_A_NEW_TERM
2019-11-14 22:50:08,748 [df16aec3-050f-40e4-a922-70bdb89d4bf1@group-F1AED5EE4D6F-LeaderElection177] INFO  impl.RoleInfo (RoleInfo.java:shutdownLeaderElection(134)) - df16aec3-050f-40e4-a922-70bdb89d4bf1: shutdown LeaderElection
2019-11-14 22:50:08,748 [df16aec3-050f-40e4-a922-70bdb89d4bf1@group-F1AED5EE4D6F-LeaderElection177] INFO  impl.RoleInfo (RoleInfo.java:updateAndGet(143)) - df16aec3-050f-40e4-a922-70bdb89d4bf1: start FollowerState
2019-11-14 22:50:09,194 [grpc-default-executor-5] WARN  server.GrpcLogAppender (LogUtils.java:warn(134)) - dafdef77-e865-403b-bc5e-c37989f56ddc@group-AE73C50864A8->ce51abe9-fc49-4310-abba-812881959ce0-AppendLogResponseHandler: Failed appendEntries: org.apache.ratis.thirdparty.io.grpc.StatusRuntimeException: UNAVAILABLE: io exception
2019-11-14 22:50:09,194 [grpc-default-executor-5] INFO  impl.FollowerInfo (FollowerInfo.java:lambda$new$0(51)) - dafdef77-e865-403b-bc5e-c37989f56ddc@group-AE73C50864A8->ce51abe9-fc49-4310-abba-812881959ce0: nextIndex: updateUnconditionally 0 -> 0
2019-11-14 22:50:09,198 [grpc-default-executor-8] WARN  server.GrpcLogAppender (LogUtils.java:warn(134)) - 7d8f40ed-fc7e-4283-96c6-8f8f645c1bfe@group-E5CD7693E4BE->58f72cb5-8974-4d0e-9564-cfe3e68dc671-AppendLogResponseHandler: Failed appendEntries: org.apache.ratis.thirdparty.io.grpc.StatusRuntimeException: UNAVAILABLE: io exception
2019-11-14 22:50:09,198 [grpc-default-executor-8] INFO  impl.FollowerInfo (FollowerInfo.java:lambda$new$0(51)) - 7d8f40ed-fc7e-4283-96c6-8f8f645c1bfe@group-E5CD7693E4BE->58f72cb5-8974-4d0e-9564-cfe3e68dc671: nextIndex: updateUnconditionally 0 -> 0
2019-11-14 22:50:09,201 [grpc-default-executor-6] WARN  server.GrpcLogAppender (LogUtils.java:warn(134)) - dafdef77-e865-403b-bc5e-c37989f56ddc@group-AE73C50864A8->ec693a0a-7ab2-40db-baa2-190e1e2b8078-AppendLogResponseHandler: Failed appendEntries: org.apache.ratis.thirdparty.io.grpc.StatusRuntimeException: UNAVAILABLE: io exception
2019-11-14 22:50:09,201 [grpc-default-executor-6] INFO  impl.FollowerInfo (FollowerInfo.java:lambda$new$0(51)) - dafdef77-e865-403b-bc5e-c37989f56ddc@group-AE73C50864A8->ec693a0a-7ab2-40db-baa2-190e1e2b8078: nextIndex: updateUnconditionally 0 -> 0
2019-11-14 22:50:09,203 [grpc-default-executor-5] WARN  server.GrpcLogAppender (LogUtils.java:warn(134)) - 7d8f40ed-fc7e-4283-96c6-8f8f645c1bfe@group-E5CD7693E4BE->720981dd-80b6-4b59-8027-74344e9fba7b-AppendLogResponseHandler: Failed appendEntries: org.apache.ratis.thirdparty.io.grpc.StatusRuntimeException: UNAVAILABLE: io exception
2019-11-14 22:50:09,203 [grpc-default-executor-5] INFO  impl.FollowerInfo (FollowerInfo.java:lambda$new$0(51)) - 7d8f40ed-fc7e-4283-96c6-8f8f645c1bfe@group-E5CD7693E4BE->720981dd-80b6-4b59-8027-74344e9fba7b: nextIndex: updateUnconditionally 0 -> 0
2019-11-14 22:50:09,699 [grpc-default-executor-5] WARN  server.GrpcLogAppender (LogUtils.java:warn(134)) - 7d8f40ed-fc7e-4283-96c6-8f8f645c1bfe@group-E5CD7693E4BE->58f72cb5-8974-4d0e-9564-cfe3e68dc671-AppendLogResponseHandler: Failed appendEntries: org.apache.ratis.thirdparty.io.grpc.StatusRuntimeException: UNAVAILABLE: io exception
2019-11-14 22:50:09,699 [grpc-default-executor-4] WARN  server.GrpcLogAppender (LogUtils.java:warn(134)) - dafdef77-e865-403b-bc5e-c37989f56ddc@group-AE73C50864A8->ce51abe9-fc49-4310-abba-812881959ce0-AppendLogResponseHandler: Failed appendEntries: org.apache.ratis.thirdparty.io.grpc.StatusRuntimeException: UNAVAILABLE: io exception
2019-11-14 22:50:09,700 [grpc-default-executor-5] INFO  impl.FollowerInfo (FollowerInfo.java:lambda$new$0(51)) - 7d8f40ed-fc7e-4283-96c6-8f8f645c1bfe@group-E5CD7693E4BE->58f72cb5-8974-4d0e-9564-cfe3e68dc671: nextIndex: updateUnconditionally 0 -> 0
2019-11-14 22:50:09,700 [grpc-default-executor-4] INFO  impl.FollowerInfo (FollowerInfo.java:lambda$new$0(51)) - dafdef77-e865-403b-bc5e-c37989f56ddc@group-AE73C50864A8->ce51abe9-fc49-4310-abba-812881959ce0: nextIndex: updateUnconditionally 0 -> 0
2019-11-14 22:50:09,701 [grpc-default-executor-5] WARN  server.GrpcLogAppender (LogUtils.java:warn(134)) - dafdef77-e865-403b-bc5e-c37989f56ddc@group-AE73C50864A8->ec693a0a-7ab2-40db-baa2-190e1e2b8078-AppendLogResponseHandler: Failed appendEntries: org.apache.ratis.thirdparty.io.grpc.StatusRuntimeException: UNAVAILABLE: io exception
2019-11-14 22:50:09,701 [grpc-default-executor-5] INFO  impl.FollowerInfo (FollowerInfo.java:lambda$new$0(51)) - dafdef77-e865-403b-bc5e-c37989f56ddc@group-AE73C50864A8->ec693a0a-7ab2-40db-baa2-190e1e2b8078: nextIndex: updateUnconditionally 0 -> 0
2019-11-14 22:50:09,703 [grpc-default-executor-8] WARN  server.GrpcLogAppender (LogUtils.java:warn(134)) - 7d8f40ed-fc7e-4283-96c6-8f8f645c1bfe@group-E5CD7693E4BE->720981dd-80b6-4b59-8027-74344e9fba7b-AppendLogResponseHandler: Failed appendEntries: org.apache.ratis.thirdparty.io.grpc.StatusRuntimeException: UNAVAILABLE: io exception
2019-11-14 22:50:09,704 [grpc-default-executor-8] INFO  impl.FollowerInfo (FollowerInfo.java:lambda$new$0(51)) - 7d8f40ed-fc7e-4283-96c6-8f8f645c1bfe@group-E5CD7693E4BE->720981dd-80b6-4b59-8027-74344e9fba7b: nextIndex: updateUnconditionally 0 -> 0
2019-11-14 22:50:09,856 [Thread-4166] INFO  impl.FollowerState (FollowerState.java:run(111)) - df16aec3-050f-40e4-a922-70bdb89d4bf1@group-F1AED5EE4D6F-FollowerState: change to CANDIDATE, lastRpcTime:1108ms, electionTimeout:1108ms
2019-11-14 22:50:09,857 [Thread-4166] INFO  impl.RoleInfo (RoleInfo.java:shutdownFollowerState(121)) - df16aec3-050f-40e4-a922-70bdb89d4bf1: shutdown FollowerState
2019-11-14 22:50:09,857 [Thread-4166] INFO  impl.RaftServerImpl (RaftServerImpl.java:setRole(173)) - df16aec3-050f-40e4-a922-70bdb89d4bf1@group-F1AED5EE4D6F: changes role from  FOLLOWER to CANDIDATE at term 2 for changeToCandidate
2019-11-14 22:50:09,857 [Thread-4166] INFO  impl.RoleInfo (RoleInfo.java:updateAndGet(143)) - df16aec3-050f-40e4-a922-70bdb89d4bf1: start LeaderElection
2019-11-14 22:50:09,872 [df16aec3-050f-40e4-a922-70bdb89d4bf1@group-F1AED5EE4D6F-LeaderElection178] INFO  impl.LeaderElection (LeaderElection.java:askForVotes(178)) - df16aec3-050f-40e4-a922-70bdb89d4bf1@group-F1AED5EE4D6F-LeaderElection178: begin an election at term 3 for 0: [df16aec3-050f-40e4-a922-70bdb89d4bf1:192.168.69.106:44144, 82d9b010-cdd2-48aa-a03f-c52b44e44827:192.168.69.106:46701, c5c819e6-85b2-482d-9128-e8ea2b7ba4a4:192.168.69.106:40987], old=null
2019-11-14 22:50:09,874 [df16aec3-050f-40e4-a922-70bdb89d4bf1@group-F1AED5EE4D6F-LeaderElection178] INFO  impl.LeaderElection (LogUtils.java:infoOrTrace(149)) - df16aec3-050f-40e4-a922-70bdb89d4bf1@group-F1AED5EE4D6F-LeaderElection178 got exception when requesting votes: {}
java.util.concurrent.ExecutionException: org.apache.ratis.thirdparty.io.grpc.StatusRuntimeException: UNAVAILABLE: io exception
	at java.util.concurrent.FutureTask.report(FutureTask.java:122)
	at java.util.concurrent.FutureTask.get(FutureTask.java:192)
	at org.apache.ratis.server.impl.LeaderElection.waitForResults(LeaderElection.java:259)
	at org.apache.ratis.server.impl.LeaderElection.askForVotes(LeaderElection.java:197)
	at org.apache.ratis.server.impl.LeaderElection.run(LeaderElection.java:133)
	at java.lang.Thread.run(Thread.java:748)
Caused by: org.apache.ratis.thirdparty.io.grpc.StatusRuntimeException: UNAVAILABLE: io exception
	at org.apache.ratis.thirdparty.io.grpc.stub.ClientCalls.toStatusRuntimeException(ClientCalls.java:233)
	at org.apache.ratis.thirdparty.io.grpc.stub.ClientCalls.getUnchecked(ClientCalls.java:214)
	at org.apache.ratis.thirdparty.io.grpc.stub.ClientCalls.blockingUnaryCall(ClientCalls.java:139)
	at org.apache.ratis.proto.grpc.RaftServerProtocolServiceGrpc$RaftServerProtocolServiceBlockingStub.requestVote(RaftServerProtocolServiceGrpc.java:265)
	at org.apache.ratis.grpc.server.GrpcServerProtocolClient.requestVote(GrpcServerProtocolClient.java:99)
	at org.apache.ratis.grpc.server.GrpcService.requestVote(GrpcService.java:204)
	at org.apache.ratis.server.impl.LeaderElection.lambda$submitRequests$1(LeaderElection.java:234)
	at java.util.concurrent.FutureTask.run(FutureTask.java:266)
	at java.util.concurrent.Executors$RunnableAdapter.call(Executors.java:511)
	at java.util.concurrent.FutureTask.run(FutureTask.java:266)
	at java.util.concurrent.ThreadPoolExecutor.runWorker(ThreadPoolExecutor.java:1149)
	at java.util.concurrent.ThreadPoolExecutor$Worker.run(ThreadPoolExecutor.java:624)
	... 1 more
Caused by: org.apache.ratis.thirdparty.io.netty.channel.AbstractChannel$AnnotatedConnectException: Connection refused: /192.168.69.106:40987
	at sun.nio.ch.SocketChannelImpl.checkConnect(Native Method)
	at sun.nio.ch.SocketChannelImpl.finishConnect(SocketChannelImpl.java:717)
	at org.apache.ratis.thirdparty.io.netty.channel.socket.nio.NioSocketChannel.doFinishConnect(NioSocketChannel.java:327)
	at org.apache.ratis.thirdparty.io.netty.channel.nio.AbstractNioChannel$AbstractNioUnsafe.finishConnect(AbstractNioChannel.java:340)
	at org.apache.ratis.thirdparty.io.netty.channel.nio.NioEventLoop.processSelectedKey(NioEventLoop.java:632)
	at org.apache.ratis.thirdparty.io.netty.channel.nio.NioEventLoop.processSelectedKeysOptimized(NioEventLoop.java:579)
	at org.apache.ratis.thirdparty.io.netty.channel.nio.NioEventLoop.processSelectedKeys(NioEventLoop.java:496)
	at org.apache.ratis.thirdparty.io.netty.channel.nio.NioEventLoop.run(NioEventLoop.java:458)
	at org.apache.ratis.thirdparty.io.netty.util.concurrent.SingleThreadEventExecutor$5.run(SingleThreadEventExecutor.java:897)
	at org.apache.ratis.thirdparty.io.netty.util.concurrent.FastThreadLocalRunnable.run(FastThreadLocalRunnable.java:30)
	... 1 more
Caused by: java.net.ConnectException: Connection refused
	... 11 more
2019-11-14 22:50:09,874 [df16aec3-050f-40e4-a922-70bdb89d4bf1@group-F1AED5EE4D6F-LeaderElection178] INFO  impl.LeaderElection (LogUtils.java:infoOrTrace(149)) - df16aec3-050f-40e4-a922-70bdb89d4bf1@group-F1AED5EE4D6F-LeaderElection178 got exception when requesting votes: {}
java.util.concurrent.ExecutionException: org.apache.ratis.thirdparty.io.grpc.StatusRuntimeException: UNAVAILABLE: io exception
	at java.util.concurrent.FutureTask.report(FutureTask.java:122)
	at java.util.concurrent.FutureTask.get(FutureTask.java:192)
	at org.apache.ratis.server.impl.LeaderElection.waitForResults(LeaderElection.java:259)
	at org.apache.ratis.server.impl.LeaderElection.askForVotes(LeaderElection.java:197)
	at org.apache.ratis.server.impl.LeaderElection.run(LeaderElection.java:133)
	at java.lang.Thread.run(Thread.java:748)
Caused by: org.apache.ratis.thirdparty.io.grpc.StatusRuntimeException: UNAVAILABLE: io exception
	at org.apache.ratis.thirdparty.io.grpc.stub.ClientCalls.toStatusRuntimeException(ClientCalls.java:233)
	at org.apache.ratis.thirdparty.io.grpc.stub.ClientCalls.getUnchecked(ClientCalls.java:214)
	at org.apache.ratis.thirdparty.io.grpc.stub.ClientCalls.blockingUnaryCall(ClientCalls.java:139)
	at org.apache.ratis.proto.grpc.RaftServerProtocolServiceGrpc$RaftServerProtocolServiceBlockingStub.requestVote(RaftServerProtocolServiceGrpc.java:265)
	at org.apache.ratis.grpc.server.GrpcServerProtocolClient.requestVote(GrpcServerProtocolClient.java:99)
	at org.apache.ratis.grpc.server.GrpcService.requestVote(GrpcService.java:204)
	at org.apache.ratis.server.impl.LeaderElection.lambda$submitRequests$1(LeaderElection.java:234)
	at java.util.concurrent.FutureTask.run(FutureTask.java:266)
	at java.util.concurrent.Executors$RunnableAdapter.call(Executors.java:511)
	at java.util.concurrent.FutureTask.run(FutureTask.java:266)
	at java.util.concurrent.ThreadPoolExecutor.runWorker(ThreadPoolExecutor.java:1149)
	at java.util.concurrent.ThreadPoolExecutor$Worker.run(ThreadPoolExecutor.java:624)
	... 1 more
Caused by: org.apache.ratis.thirdparty.io.netty.channel.AbstractChannel$AnnotatedConnectException: Connection refused: /192.168.69.106:46701
	at sun.nio.ch.SocketChannelImpl.checkConnect(Native Method)
	at sun.nio.ch.SocketChannelImpl.finishConnect(SocketChannelImpl.java:717)
	at org.apache.ratis.thirdparty.io.netty.channel.socket.nio.NioSocketChannel.doFinishConnect(NioSocketChannel.java:327)
	at org.apache.ratis.thirdparty.io.netty.channel.nio.AbstractNioChannel$AbstractNioUnsafe.finishConnect(AbstractNioChannel.java:340)
	at org.apache.ratis.thirdparty.io.netty.channel.nio.NioEventLoop.processSelectedKey(NioEventLoop.java:632)
	at org.apache.ratis.thirdparty.io.netty.channel.nio.NioEventLoop.processSelectedKeysOptimized(NioEventLoop.java:579)
	at org.apache.ratis.thirdparty.io.netty.channel.nio.NioEventLoop.processSelectedKeys(NioEventLoop.java:496)
	at org.apache.ratis.thirdparty.io.netty.channel.nio.NioEventLoop.run(NioEventLoop.java:458)
	at org.apache.ratis.thirdparty.io.netty.util.concurrent.SingleThreadEventExecutor$5.run(SingleThreadEventExecutor.java:897)
	at org.apache.ratis.thirdparty.io.netty.util.concurrent.FastThreadLocalRunnable.run(FastThreadLocalRunnable.java:30)
	... 1 more
Caused by: java.net.ConnectException: Connection refused
	... 11 more
2019-11-14 22:50:09,874 [df16aec3-050f-40e4-a922-70bdb89d4bf1@group-F1AED5EE4D6F-LeaderElection178] INFO  impl.LeaderElection (LeaderElection.java:logAndReturn(56)) - df16aec3-050f-40e4-a922-70bdb89d4bf1@group-F1AED5EE4D6F-LeaderElection178: Election REJECTED; received 0 response(s) [] and 2 exception(s); df16aec3-050f-40e4-a922-70bdb89d4bf1@group-F1AED5EE4D6F:t3, leader=null, voted=df16aec3-050f-40e4-a922-70bdb89d4bf1, raftlog=df16aec3-050f-40e4-a922-70bdb89d4bf1@group-F1AED5EE4D6F-SegmentedRaftLog:OPENED:c8,f8,i8, conf=0: [df16aec3-050f-40e4-a922-70bdb89d4bf1:192.168.69.106:44144, 82d9b010-cdd2-48aa-a03f-c52b44e44827:192.168.69.106:46701, c5c819e6-85b2-482d-9128-e8ea2b7ba4a4:192.168.69.106:40987], old=null
2019-11-14 22:50:09,875 [df16aec3-050f-40e4-a922-70bdb89d4bf1@group-F1AED5EE4D6F-LeaderElection178] INFO  impl.LeaderElection (LogUtils.java:infoOrTrace(149)) -   Exception 0: {}
java.util.concurrent.ExecutionException: org.apache.ratis.thirdparty.io.grpc.StatusRuntimeException: UNAVAILABLE: io exception
	at java.util.concurrent.FutureTask.report(FutureTask.java:122)
	at java.util.concurrent.FutureTask.get(FutureTask.java:192)
	at org.apache.ratis.server.impl.LeaderElection.waitForResults(LeaderElection.java:259)
	at org.apache.ratis.server.impl.LeaderElection.askForVotes(LeaderElection.java:197)
	at org.apache.ratis.server.impl.LeaderElection.run(LeaderElection.java:133)
	at java.lang.Thread.run(Thread.java:748)
Caused by: org.apache.ratis.thirdparty.io.grpc.StatusRuntimeException: UNAVAILABLE: io exception
	at org.apache.ratis.thirdparty.io.grpc.stub.ClientCalls.toStatusRuntimeException(ClientCalls.java:233)
	at org.apache.ratis.thirdparty.io.grpc.stub.ClientCalls.getUnchecked(ClientCalls.java:214)
	at org.apache.ratis.thirdparty.io.grpc.stub.ClientCalls.blockingUnaryCall(ClientCalls.java:139)
	at org.apache.ratis.proto.grpc.RaftServerProtocolServiceGrpc$RaftServerProtocolServiceBlockingStub.requestVote(RaftServerProtocolServiceGrpc.java:265)
	at org.apache.ratis.grpc.server.GrpcServerProtocolClient.requestVote(GrpcServerProtocolClient.java:99)
	at org.apache.ratis.grpc.server.GrpcService.requestVote(GrpcService.java:204)
	at org.apache.ratis.server.impl.LeaderElection.lambda$submitRequests$1(LeaderElection.java:234)
	at java.util.concurrent.FutureTask.run(FutureTask.java:266)
	at java.util.concurrent.Executors$RunnableAdapter.call(Executors.java:511)
	at java.util.concurrent.FutureTask.run(FutureTask.java:266)
	at java.util.concurrent.ThreadPoolExecutor.runWorker(ThreadPoolExecutor.java:1149)
	at java.util.concurrent.ThreadPoolExecutor$Worker.run(ThreadPoolExecutor.java:624)
	... 1 more
Caused by: org.apache.ratis.thirdparty.io.netty.channel.AbstractChannel$AnnotatedConnectException: Connection refused: /192.168.69.106:40987
	at sun.nio.ch.SocketChannelImpl.checkConnect(Native Method)
	at sun.nio.ch.SocketChannelImpl.finishConnect(SocketChannelImpl.java:717)
	at org.apache.ratis.thirdparty.io.netty.channel.socket.nio.NioSocketChannel.doFinishConnect(NioSocketChannel.java:327)
	at org.apache.ratis.thirdparty.io.netty.channel.nio.AbstractNioChannel$AbstractNioUnsafe.finishConnect(AbstractNioChannel.java:340)
	at org.apache.ratis.thirdparty.io.netty.channel.nio.NioEventLoop.processSelectedKey(NioEventLoop.java:632)
	at org.apache.ratis.thirdparty.io.netty.channel.nio.NioEventLoop.processSelectedKeysOptimized(NioEventLoop.java:579)
	at org.apache.ratis.thirdparty.io.netty.channel.nio.NioEventLoop.processSelectedKeys(NioEventLoop.java:496)
	at org.apache.ratis.thirdparty.io.netty.channel.nio.NioEventLoop.run(NioEventLoop.java:458)
	at org.apache.ratis.thirdparty.io.netty.util.concurrent.SingleThreadEventExecutor$5.run(SingleThreadEventExecutor.java:897)
	at org.apache.ratis.thirdparty.io.netty.util.concurrent.FastThreadLocalRunnable.run(FastThreadLocalRunnable.java:30)
	... 1 more
Caused by: java.net.ConnectException: Connection refused
	... 11 more
2019-11-14 22:50:09,875 [df16aec3-050f-40e4-a922-70bdb89d4bf1@group-F1AED5EE4D6F-LeaderElection178] INFO  impl.LeaderElection (LogUtils.java:infoOrTrace(149)) -   Exception 1: {}
java.util.concurrent.ExecutionException: org.apache.ratis.thirdparty.io.grpc.StatusRuntimeException: UNAVAILABLE: io exception
	at java.util.concurrent.FutureTask.report(FutureTask.java:122)
	at java.util.concurrent.FutureTask.get(FutureTask.java:192)
	at org.apache.ratis.server.impl.LeaderElection.waitForResults(LeaderElection.java:259)
	at org.apache.ratis.server.impl.LeaderElection.askForVotes(LeaderElection.java:197)
	at org.apache.ratis.server.impl.LeaderElection.run(LeaderElection.java:133)
	at java.lang.Thread.run(Thread.java:748)
Caused by: org.apache.ratis.thirdparty.io.grpc.StatusRuntimeException: UNAVAILABLE: io exception
	at org.apache.ratis.thirdparty.io.grpc.stub.ClientCalls.toStatusRuntimeException(ClientCalls.java:233)
	at org.apache.ratis.thirdparty.io.grpc.stub.ClientCalls.getUnchecked(ClientCalls.java:214)
	at org.apache.ratis.thirdparty.io.grpc.stub.ClientCalls.blockingUnaryCall(ClientCalls.java:139)
	at org.apache.ratis.proto.grpc.RaftServerProtocolServiceGrpc$RaftServerProtocolServiceBlockingStub.requestVote(RaftServerProtocolServiceGrpc.java:265)
	at org.apache.ratis.grpc.server.GrpcServerProtocolClient.requestVote(GrpcServerProtocolClient.java:99)
	at org.apache.ratis.grpc.server.GrpcService.requestVote(GrpcService.java:204)
	at org.apache.ratis.server.impl.LeaderElection.lambda$submitRequests$1(LeaderElection.java:234)
	at java.util.concurrent.FutureTask.run(FutureTask.java:266)
	at java.util.concurrent.Executors$RunnableAdapter.call(Executors.java:511)
	at java.util.concurrent.FutureTask.run(FutureTask.java:266)
	at java.util.concurrent.ThreadPoolExecutor.runWorker(ThreadPoolExecutor.java:1149)
	at java.util.concurrent.ThreadPoolExecutor$Worker.run(ThreadPoolExecutor.java:624)
	... 1 more
Caused by: org.apache.ratis.thirdparty.io.netty.channel.AbstractChannel$AnnotatedConnectException: Connection refused: /192.168.69.106:46701
	at sun.nio.ch.SocketChannelImpl.checkConnect(Native Method)
	at sun.nio.ch.SocketChannelImpl.finishConnect(SocketChannelImpl.java:717)
	at org.apache.ratis.thirdparty.io.netty.channel.socket.nio.NioSocketChannel.doFinishConnect(NioSocketChannel.java:327)
	at org.apache.ratis.thirdparty.io.netty.channel.nio.AbstractNioChannel$AbstractNioUnsafe.finishConnect(AbstractNioChannel.java:340)
	at org.apache.ratis.thirdparty.io.netty.channel.nio.NioEventLoop.processSelectedKey(NioEventLoop.java:632)
	at org.apache.ratis.thirdparty.io.netty.channel.nio.NioEventLoop.processSelectedKeysOptimized(NioEventLoop.java:579)
	at org.apache.ratis.thirdparty.io.netty.channel.nio.NioEventLoop.processSelectedKeys(NioEventLoop.java:496)
	at org.apache.ratis.thirdparty.io.netty.channel.nio.NioEventLoop.run(NioEventLoop.java:458)
	at org.apache.ratis.thirdparty.io.netty.util.concurrent.SingleThreadEventExecutor$5.run(SingleThreadEventExecutor.java:897)
	at org.apache.ratis.thirdparty.io.netty.util.concurrent.FastThreadLocalRunnable.run(FastThreadLocalRunnable.java:30)
	... 1 more
Caused by: java.net.ConnectException: Connection refused
	... 11 more
2019-11-14 22:50:09,875 [df16aec3-050f-40e4-a922-70bdb89d4bf1@group-F1AED5EE4D6F-LeaderElection178] INFO  impl.RaftServerImpl (RaftServerImpl.java:setRole(173)) - df16aec3-050f-40e4-a922-70bdb89d4bf1@group-F1AED5EE4D6F: changes role from CANDIDATE to FOLLOWER at term 3 for DISCOVERED_A_NEW_TERM
2019-11-14 22:50:09,875 [df16aec3-050f-40e4-a922-70bdb89d4bf1@group-F1AED5EE4D6F-LeaderElection178] INFO  impl.RoleInfo (RoleInfo.java:shutdownLeaderElection(134)) - df16aec3-050f-40e4-a922-70bdb89d4bf1: shutdown LeaderElection
2019-11-14 22:50:09,875 [df16aec3-050f-40e4-a922-70bdb89d4bf1@group-F1AED5EE4D6F-LeaderElection178] INFO  impl.RoleInfo (RoleInfo.java:updateAndGet(143)) - df16aec3-050f-40e4-a922-70bdb89d4bf1: start FollowerState
2019-11-14 22:50:10,198 [grpc-default-executor-4] WARN  server.GrpcLogAppender (LogUtils.java:warn(134)) - dafdef77-e865-403b-bc5e-c37989f56ddc@group-AE73C50864A8->ce51abe9-fc49-4310-abba-812881959ce0-AppendLogResponseHandler: Failed appendEntries: org.apache.ratis.thirdparty.io.grpc.StatusRuntimeException: UNAVAILABLE: io exception
2019-11-14 22:50:10,198 [grpc-default-executor-4] INFO  impl.FollowerInfo (FollowerInfo.java:lambda$new$0(51)) - dafdef77-e865-403b-bc5e-c37989f56ddc@group-AE73C50864A8->ce51abe9-fc49-4310-abba-812881959ce0: nextIndex: updateUnconditionally 0 -> 0
2019-11-14 22:50:10,199 [grpc-default-executor-5] WARN  server.GrpcLogAppender (LogUtils.java:warn(134)) - 7d8f40ed-fc7e-4283-96c6-8f8f645c1bfe@group-E5CD7693E4BE->58f72cb5-8974-4d0e-9564-cfe3e68dc671-AppendLogResponseHandler: Failed appendEntries: org.apache.ratis.thirdparty.io.grpc.StatusRuntimeException: UNAVAILABLE: io exception
2019-11-14 22:50:10,199 [grpc-default-executor-5] INFO  impl.FollowerInfo (FollowerInfo.java:lambda$new$0(51)) - 7d8f40ed-fc7e-4283-96c6-8f8f645c1bfe@group-E5CD7693E4BE->58f72cb5-8974-4d0e-9564-cfe3e68dc671: nextIndex: updateUnconditionally 0 -> 0
2019-11-14 22:50:10,201 [grpc-default-executor-4] WARN  server.GrpcLogAppender (LogUtils.java:warn(134)) - dafdef77-e865-403b-bc5e-c37989f56ddc@group-AE73C50864A8->ec693a0a-7ab2-40db-baa2-190e1e2b8078-AppendLogResponseHandler: Failed appendEntries: org.apache.ratis.thirdparty.io.grpc.StatusRuntimeException: UNAVAILABLE: io exception
2019-11-14 22:50:10,201 [grpc-default-executor-4] INFO  impl.FollowerInfo (FollowerInfo.java:lambda$new$0(51)) - dafdef77-e865-403b-bc5e-c37989f56ddc@group-AE73C50864A8->ec693a0a-7ab2-40db-baa2-190e1e2b8078: nextIndex: updateUnconditionally 0 -> 0
2019-11-14 22:50:10,204 [grpc-default-executor-8] WARN  server.GrpcLogAppender (LogUtils.java:warn(134)) - 7d8f40ed-fc7e-4283-96c6-8f8f645c1bfe@group-E5CD7693E4BE->720981dd-80b6-4b59-8027-74344e9fba7b-AppendLogResponseHandler: Failed appendEntries: org.apache.ratis.thirdparty.io.grpc.StatusRuntimeException: UNAVAILABLE: io exception
2019-11-14 22:50:10,204 [grpc-default-executor-8] INFO  impl.FollowerInfo (FollowerInfo.java:lambda$new$0(51)) - 7d8f40ed-fc7e-4283-96c6-8f8f645c1bfe@group-E5CD7693E4BE->720981dd-80b6-4b59-8027-74344e9fba7b: nextIndex: updateUnconditionally 0 -> 0
2019-11-14 22:50:10,700 [grpc-default-executor-5] WARN  server.GrpcLogAppender (LogUtils.java:warn(134)) - 7d8f40ed-fc7e-4283-96c6-8f8f645c1bfe@group-E5CD7693E4BE->58f72cb5-8974-4d0e-9564-cfe3e68dc671-AppendLogResponseHandler: Failed appendEntries: org.apache.ratis.thirdparty.io.grpc.StatusRuntimeException: UNAVAILABLE: io exception
2019-11-14 22:50:10,700 [grpc-default-executor-9] WARN  server.GrpcLogAppender (LogUtils.java:warn(134)) - dafdef77-e865-403b-bc5e-c37989f56ddc@group-AE73C50864A8->ce51abe9-fc49-4310-abba-812881959ce0-AppendLogResponseHandler: Failed appendEntries: org.apache.ratis.thirdparty.io.grpc.StatusRuntimeException: UNAVAILABLE: io exception
2019-11-14 22:50:10,700 [grpc-default-executor-5] INFO  impl.FollowerInfo (FollowerInfo.java:lambda$new$0(51)) - 7d8f40ed-fc7e-4283-96c6-8f8f645c1bfe@group-E5CD7693E4BE->58f72cb5-8974-4d0e-9564-cfe3e68dc671: nextIndex: updateUnconditionally 0 -> 0
2019-11-14 22:50:10,700 [grpc-default-executor-9] INFO  impl.FollowerInfo (FollowerInfo.java:lambda$new$0(51)) - dafdef77-e865-403b-bc5e-c37989f56ddc@group-AE73C50864A8->ce51abe9-fc49-4310-abba-812881959ce0: nextIndex: updateUnconditionally 0 -> 0
2019-11-14 22:50:10,701 [grpc-default-executor-9] WARN  server.GrpcLogAppender (LogUtils.java:warn(134)) - dafdef77-e865-403b-bc5e-c37989f56ddc@group-AE73C50864A8->ec693a0a-7ab2-40db-baa2-190e1e2b8078-AppendLogResponseHandler: Failed appendEntries: org.apache.ratis.thirdparty.io.grpc.StatusRuntimeException: UNAVAILABLE: io exception
2019-11-14 22:50:10,702 [grpc-default-executor-9] INFO  impl.FollowerInfo (FollowerInfo.java:lambda$new$0(51)) - dafdef77-e865-403b-bc5e-c37989f56ddc@group-AE73C50864A8->ec693a0a-7ab2-40db-baa2-190e1e2b8078: nextIndex: updateUnconditionally 0 -> 0
2019-11-14 22:50:10,704 [grpc-default-executor-9] WARN  server.GrpcLogAppender (LogUtils.java:warn(134)) - 7d8f40ed-fc7e-4283-96c6-8f8f645c1bfe@group-E5CD7693E4BE->720981dd-80b6-4b59-8027-74344e9fba7b-AppendLogResponseHandler: Failed appendEntries: org.apache.ratis.thirdparty.io.grpc.StatusRuntimeException: UNAVAILABLE: io exception
2019-11-14 22:50:10,704 [grpc-default-executor-9] INFO  impl.FollowerInfo (FollowerInfo.java:lambda$new$0(51)) - 7d8f40ed-fc7e-4283-96c6-8f8f645c1bfe@group-E5CD7693E4BE->720981dd-80b6-4b59-8027-74344e9fba7b: nextIndex: updateUnconditionally 0 -> 0
2019-11-14 22:50:10,906 [Thread-4170] INFO  impl.FollowerState (FollowerState.java:run(111)) - df16aec3-050f-40e4-a922-70bdb89d4bf1@group-F1AED5EE4D6F-FollowerState: change to CANDIDATE, lastRpcTime:1030ms, electionTimeout:1030ms
2019-11-14 22:50:10,906 [Thread-4170] INFO  impl.RoleInfo (RoleInfo.java:shutdownFollowerState(121)) - df16aec3-050f-40e4-a922-70bdb89d4bf1: shutdown FollowerState
2019-11-14 22:50:10,906 [Thread-4170] INFO  impl.RaftServerImpl (RaftServerImpl.java:setRole(173)) - df16aec3-050f-40e4-a922-70bdb89d4bf1@group-F1AED5EE4D6F: changes role from  FOLLOWER to CANDIDATE at term 3 for changeToCandidate
2019-11-14 22:50:10,907 [Thread-4170] INFO  impl.RoleInfo (RoleInfo.java:updateAndGet(143)) - df16aec3-050f-40e4-a922-70bdb89d4bf1: start LeaderElection
2019-11-14 22:50:10,932 [df16aec3-050f-40e4-a922-70bdb89d4bf1@group-F1AED5EE4D6F-LeaderElection179] INFO  impl.LeaderElection (LeaderElection.java:askForVotes(178)) - df16aec3-050f-40e4-a922-70bdb89d4bf1@group-F1AED5EE4D6F-LeaderElection179: begin an election at term 4 for 0: [df16aec3-050f-40e4-a922-70bdb89d4bf1:192.168.69.106:44144, 82d9b010-cdd2-48aa-a03f-c52b44e44827:192.168.69.106:46701, c5c819e6-85b2-482d-9128-e8ea2b7ba4a4:192.168.69.106:40987], old=null
2019-11-14 22:50:10,934 [df16aec3-050f-40e4-a922-70bdb89d4bf1@group-F1AED5EE4D6F-LeaderElection179] INFO  impl.LeaderElection (LogUtils.java:infoOrTrace(149)) - df16aec3-050f-40e4-a922-70bdb89d4bf1@group-F1AED5EE4D6F-LeaderElection179 got exception when requesting votes: {}
java.util.concurrent.ExecutionException: org.apache.ratis.thirdparty.io.grpc.StatusRuntimeException: UNAVAILABLE: io exception
	at java.util.concurrent.FutureTask.report(FutureTask.java:122)
	at java.util.concurrent.FutureTask.get(FutureTask.java:192)
	at org.apache.ratis.server.impl.LeaderElection.waitForResults(LeaderElection.java:259)
	at org.apache.ratis.server.impl.LeaderElection.askForVotes(LeaderElection.java:197)
	at org.apache.ratis.server.impl.LeaderElection.run(LeaderElection.java:133)
	at java.lang.Thread.run(Thread.java:748)
Caused by: org.apache.ratis.thirdparty.io.grpc.StatusRuntimeException: UNAVAILABLE: io exception
	at org.apache.ratis.thirdparty.io.grpc.stub.ClientCalls.toStatusRuntimeException(ClientCalls.java:233)
	at org.apache.ratis.thirdparty.io.grpc.stub.ClientCalls.getUnchecked(ClientCalls.java:214)
	at org.apache.ratis.thirdparty.io.grpc.stub.ClientCalls.blockingUnaryCall(ClientCalls.java:139)
	at org.apache.ratis.proto.grpc.RaftServerProtocolServiceGrpc$RaftServerProtocolServiceBlockingStub.requestVote(RaftServerProtocolServiceGrpc.java:265)
	at org.apache.ratis.grpc.server.GrpcServerProtocolClient.requestVote(GrpcServerProtocolClient.java:99)
	at org.apache.ratis.grpc.server.GrpcService.requestVote(GrpcService.java:204)
	at org.apache.ratis.server.impl.LeaderElection.lambda$submitRequests$1(LeaderElection.java:234)
	at java.util.concurrent.FutureTask.run(FutureTask.java:266)
	at java.util.concurrent.Executors$RunnableAdapter.call(Executors.java:511)
	at java.util.concurrent.FutureTask.run(FutureTask.java:266)
	at java.util.concurrent.ThreadPoolExecutor.runWorker(ThreadPoolExecutor.java:1149)
	at java.util.concurrent.ThreadPoolExecutor$Worker.run(ThreadPoolExecutor.java:624)
	... 1 more
Caused by: org.apache.ratis.thirdparty.io.netty.channel.AbstractChannel$AnnotatedConnectException: Connection refused: /192.168.69.106:46701
	at sun.nio.ch.SocketChannelImpl.checkConnect(Native Method)
	at sun.nio.ch.SocketChannelImpl.finishConnect(SocketChannelImpl.java:717)
	at org.apache.ratis.thirdparty.io.netty.channel.socket.nio.NioSocketChannel.doFinishConnect(NioSocketChannel.java:327)
	at org.apache.ratis.thirdparty.io.netty.channel.nio.AbstractNioChannel$AbstractNioUnsafe.finishConnect(AbstractNioChannel.java:340)
	at org.apache.ratis.thirdparty.io.netty.channel.nio.NioEventLoop.processSelectedKey(NioEventLoop.java:632)
	at org.apache.ratis.thirdparty.io.netty.channel.nio.NioEventLoop.processSelectedKeysOptimized(NioEventLoop.java:579)
	at org.apache.ratis.thirdparty.io.netty.channel.nio.NioEventLoop.processSelectedKeys(NioEventLoop.java:496)
	at org.apache.ratis.thirdparty.io.netty.channel.nio.NioEventLoop.run(NioEventLoop.java:458)
	at org.apache.ratis.thirdparty.io.netty.util.concurrent.SingleThreadEventExecutor$5.run(SingleThreadEventExecutor.java:897)
	at org.apache.ratis.thirdparty.io.netty.util.concurrent.FastThreadLocalRunnable.run(FastThreadLocalRunnable.java:30)
	... 1 more
Caused by: java.net.ConnectException: Connection refused
	... 11 more
2019-11-14 22:50:10,935 [df16aec3-050f-40e4-a922-70bdb89d4bf1@group-F1AED5EE4D6F-LeaderElection179] INFO  impl.LeaderElection (LogUtils.java:infoOrTrace(149)) - df16aec3-050f-40e4-a922-70bdb89d4bf1@group-F1AED5EE4D6F-LeaderElection179 got exception when requesting votes: {}
java.util.concurrent.ExecutionException: org.apache.ratis.thirdparty.io.grpc.StatusRuntimeException: UNAVAILABLE: io exception
	at java.util.concurrent.FutureTask.report(FutureTask.java:122)
	at java.util.concurrent.FutureTask.get(FutureTask.java:192)
	at org.apache.ratis.server.impl.LeaderElection.waitForResults(LeaderElection.java:259)
	at org.apache.ratis.server.impl.LeaderElection.askForVotes(LeaderElection.java:197)
	at org.apache.ratis.server.impl.LeaderElection.run(LeaderElection.java:133)
	at java.lang.Thread.run(Thread.java:748)
Caused by: org.apache.ratis.thirdparty.io.grpc.StatusRuntimeException: UNAVAILABLE: io exception
	at org.apache.ratis.thirdparty.io.grpc.stub.ClientCalls.toStatusRuntimeException(ClientCalls.java:233)
	at org.apache.ratis.thirdparty.io.grpc.stub.ClientCalls.getUnchecked(ClientCalls.java:214)
	at org.apache.ratis.thirdparty.io.grpc.stub.ClientCalls.blockingUnaryCall(ClientCalls.java:139)
	at org.apache.ratis.proto.grpc.RaftServerProtocolServiceGrpc$RaftServerProtocolServiceBlockingStub.requestVote(RaftServerProtocolServiceGrpc.java:265)
	at org.apache.ratis.grpc.server.GrpcServerProtocolClient.requestVote(GrpcServerProtocolClient.java:99)
	at org.apache.ratis.grpc.server.GrpcService.requestVote(GrpcService.java:204)
	at org.apache.ratis.server.impl.LeaderElection.lambda$submitRequests$1(LeaderElection.java:234)
	at java.util.concurrent.FutureTask.run(FutureTask.java:266)
	at java.util.concurrent.Executors$RunnableAdapter.call(Executors.java:511)
	at java.util.concurrent.FutureTask.run(FutureTask.java:266)
	at java.util.concurrent.ThreadPoolExecutor.runWorker(ThreadPoolExecutor.java:1149)
	at java.util.concurrent.ThreadPoolExecutor$Worker.run(ThreadPoolExecutor.java:624)
	... 1 more
Caused by: org.apache.ratis.thirdparty.io.netty.channel.AbstractChannel$AnnotatedConnectException: Connection refused: /192.168.69.106:40987
	at sun.nio.ch.SocketChannelImpl.checkConnect(Native Method)
	at sun.nio.ch.SocketChannelImpl.finishConnect(SocketChannelImpl.java:717)
	at org.apache.ratis.thirdparty.io.netty.channel.socket.nio.NioSocketChannel.doFinishConnect(NioSocketChannel.java:327)
	at org.apache.ratis.thirdparty.io.netty.channel.nio.AbstractNioChannel$AbstractNioUnsafe.finishConnect(AbstractNioChannel.java:340)
	at org.apache.ratis.thirdparty.io.netty.channel.nio.NioEventLoop.processSelectedKey(NioEventLoop.java:632)
	at org.apache.ratis.thirdparty.io.netty.channel.nio.NioEventLoop.processSelectedKeysOptimized(NioEventLoop.java:579)
	at org.apache.ratis.thirdparty.io.netty.channel.nio.NioEventLoop.processSelectedKeys(NioEventLoop.java:496)
	at org.apache.ratis.thirdparty.io.netty.channel.nio.NioEventLoop.run(NioEventLoop.java:458)
	at org.apache.ratis.thirdparty.io.netty.util.concurrent.SingleThreadEventExecutor$5.run(SingleThreadEventExecutor.java:897)
	at org.apache.ratis.thirdparty.io.netty.util.concurrent.FastThreadLocalRunnable.run(FastThreadLocalRunnable.java:30)
	... 1 more
Caused by: java.net.ConnectException: Connection refused
	... 11 more
2019-11-14 22:50:10,936 [df16aec3-050f-40e4-a922-70bdb89d4bf1@group-F1AED5EE4D6F-LeaderElection179] INFO  impl.LeaderElection (LeaderElection.java:logAndReturn(56)) - df16aec3-050f-40e4-a922-70bdb89d4bf1@group-F1AED5EE4D6F-LeaderElection179: Election REJECTED; received 0 response(s) [] and 2 exception(s); df16aec3-050f-40e4-a922-70bdb89d4bf1@group-F1AED5EE4D6F:t4, leader=null, voted=df16aec3-050f-40e4-a922-70bdb89d4bf1, raftlog=df16aec3-050f-40e4-a922-70bdb89d4bf1@group-F1AED5EE4D6F-SegmentedRaftLog:OPENED:c8,f8,i8, conf=0: [df16aec3-050f-40e4-a922-70bdb89d4bf1:192.168.69.106:44144, 82d9b010-cdd2-48aa-a03f-c52b44e44827:192.168.69.106:46701, c5c819e6-85b2-482d-9128-e8ea2b7ba4a4:192.168.69.106:40987], old=null
2019-11-14 22:50:10,936 [df16aec3-050f-40e4-a922-70bdb89d4bf1@group-F1AED5EE4D6F-LeaderElection179] INFO  impl.LeaderElection (LogUtils.java:infoOrTrace(149)) -   Exception 0: {}
java.util.concurrent.ExecutionException: org.apache.ratis.thirdparty.io.grpc.StatusRuntimeException: UNAVAILABLE: io exception
	at java.util.concurrent.FutureTask.report(FutureTask.java:122)
	at java.util.concurrent.FutureTask.get(FutureTask.java:192)
	at org.apache.ratis.server.impl.LeaderElection.waitForResults(LeaderElection.java:259)
	at org.apache.ratis.server.impl.LeaderElection.askForVotes(LeaderElection.java:197)
	at org.apache.ratis.server.impl.LeaderElection.run(LeaderElection.java:133)
	at java.lang.Thread.run(Thread.java:748)
Caused by: org.apache.ratis.thirdparty.io.grpc.StatusRuntimeException: UNAVAILABLE: io exception
	at org.apache.ratis.thirdparty.io.grpc.stub.ClientCalls.toStatusRuntimeException(ClientCalls.java:233)
	at org.apache.ratis.thirdparty.io.grpc.stub.ClientCalls.getUnchecked(ClientCalls.java:214)
	at org.apache.ratis.thirdparty.io.grpc.stub.ClientCalls.blockingUnaryCall(ClientCalls.java:139)
	at org.apache.ratis.proto.grpc.RaftServerProtocolServiceGrpc$RaftServerProtocolServiceBlockingStub.requestVote(RaftServerProtocolServiceGrpc.java:265)
	at org.apache.ratis.grpc.server.GrpcServerProtocolClient.requestVote(GrpcServerProtocolClient.java:99)
	at org.apache.ratis.grpc.server.GrpcService.requestVote(GrpcService.java:204)
	at org.apache.ratis.server.impl.LeaderElection.lambda$submitRequests$1(LeaderElection.java:234)
	at java.util.concurrent.FutureTask.run(FutureTask.java:266)
	at java.util.concurrent.Executors$RunnableAdapter.call(Executors.java:511)
	at java.util.concurrent.FutureTask.run(FutureTask.java:266)
	at java.util.concurrent.ThreadPoolExecutor.runWorker(ThreadPoolExecutor.java:1149)
	at java.util.concurrent.ThreadPoolExecutor$Worker.run(ThreadPoolExecutor.java:624)
	... 1 more
Caused by: org.apache.ratis.thirdparty.io.netty.channel.AbstractChannel$AnnotatedConnectException: Connection refused: /192.168.69.106:46701
	at sun.nio.ch.SocketChannelImpl.checkConnect(Native Method)
	at sun.nio.ch.SocketChannelImpl.finishConnect(SocketChannelImpl.java:717)
	at org.apache.ratis.thirdparty.io.netty.channel.socket.nio.NioSocketChannel.doFinishConnect(NioSocketChannel.java:327)
	at org.apache.ratis.thirdparty.io.netty.channel.nio.AbstractNioChannel$AbstractNioUnsafe.finishConnect(AbstractNioChannel.java:340)
	at org.apache.ratis.thirdparty.io.netty.channel.nio.NioEventLoop.processSelectedKey(NioEventLoop.java:632)
	at org.apache.ratis.thirdparty.io.netty.channel.nio.NioEventLoop.processSelectedKeysOptimized(NioEventLoop.java:579)
	at org.apache.ratis.thirdparty.io.netty.channel.nio.NioEventLoop.processSelectedKeys(NioEventLoop.java:496)
	at org.apache.ratis.thirdparty.io.netty.channel.nio.NioEventLoop.run(NioEventLoop.java:458)
	at org.apache.ratis.thirdparty.io.netty.util.concurrent.SingleThreadEventExecutor$5.run(SingleThreadEventExecutor.java:897)
	at org.apache.ratis.thirdparty.io.netty.util.concurrent.FastThreadLocalRunnable.run(FastThreadLocalRunnable.java:30)
	... 1 more
Caused by: java.net.ConnectException: Connection refused
	... 11 more
2019-11-14 22:50:10,936 [df16aec3-050f-40e4-a922-70bdb89d4bf1@group-F1AED5EE4D6F-LeaderElection179] INFO  impl.LeaderElection (LogUtils.java:infoOrTrace(149)) -   Exception 1: {}
java.util.concurrent.ExecutionException: org.apache.ratis.thirdparty.io.grpc.StatusRuntimeException: UNAVAILABLE: io exception
	at java.util.concurrent.FutureTask.report(FutureTask.java:122)
	at java.util.concurrent.FutureTask.get(FutureTask.java:192)
	at org.apache.ratis.server.impl.LeaderElection.waitForResults(LeaderElection.java:259)
	at org.apache.ratis.server.impl.LeaderElection.askForVotes(LeaderElection.java:197)
	at org.apache.ratis.server.impl.LeaderElection.run(LeaderElection.java:133)
	at java.lang.Thread.run(Thread.java:748)
Caused by: org.apache.ratis.thirdparty.io.grpc.StatusRuntimeException: UNAVAILABLE: io exception
	at org.apache.ratis.thirdparty.io.grpc.stub.ClientCalls.toStatusRuntimeException(ClientCalls.java:233)
	at org.apache.ratis.thirdparty.io.grpc.stub.ClientCalls.getUnchecked(ClientCalls.java:214)
	at org.apache.ratis.thirdparty.io.grpc.stub.ClientCalls.blockingUnaryCall(ClientCalls.java:139)
	at org.apache.ratis.proto.grpc.RaftServerProtocolServiceGrpc$RaftServerProtocolServiceBlockingStub.requestVote(RaftServerProtocolServiceGrpc.java:265)
	at org.apache.ratis.grpc.server.GrpcServerProtocolClient.requestVote(GrpcServerProtocolClient.java:99)
	at org.apache.ratis.grpc.server.GrpcService.requestVote(GrpcService.java:204)
	at org.apache.ratis.server.impl.LeaderElection.lambda$submitRequests$1(LeaderElection.java:234)
	at java.util.concurrent.FutureTask.run(FutureTask.java:266)
	at java.util.concurrent.Executors$RunnableAdapter.call(Executors.java:511)
	at java.util.concurrent.FutureTask.run(FutureTask.java:266)
	at java.util.concurrent.ThreadPoolExecutor.runWorker(ThreadPoolExecutor.java:1149)
	at java.util.concurrent.ThreadPoolExecutor$Worker.run(ThreadPoolExecutor.java:624)
	... 1 more
Caused by: org.apache.ratis.thirdparty.io.netty.channel.AbstractChannel$AnnotatedConnectException: Connection refused: /192.168.69.106:40987
	at sun.nio.ch.SocketChannelImpl.checkConnect(Native Method)
	at sun.nio.ch.SocketChannelImpl.finishConnect(SocketChannelImpl.java:717)
	at org.apache.ratis.thirdparty.io.netty.channel.socket.nio.NioSocketChannel.doFinishConnect(NioSocketChannel.java:327)
	at org.apache.ratis.thirdparty.io.netty.channel.nio.AbstractNioChannel$AbstractNioUnsafe.finishConnect(AbstractNioChannel.java:340)
	at org.apache.ratis.thirdparty.io.netty.channel.nio.NioEventLoop.processSelectedKey(NioEventLoop.java:632)
	at org.apache.ratis.thirdparty.io.netty.channel.nio.NioEventLoop.processSelectedKeysOptimized(NioEventLoop.java:579)
	at org.apache.ratis.thirdparty.io.netty.channel.nio.NioEventLoop.processSelectedKeys(NioEventLoop.java:496)
	at org.apache.ratis.thirdparty.io.netty.channel.nio.NioEventLoop.run(NioEventLoop.java:458)
	at org.apache.ratis.thirdparty.io.netty.util.concurrent.SingleThreadEventExecutor$5.run(SingleThreadEventExecutor.java:897)
	at org.apache.ratis.thirdparty.io.netty.util.concurrent.FastThreadLocalRunnable.run(FastThreadLocalRunnable.java:30)
	... 1 more
Caused by: java.net.ConnectException: Connection refused
	... 11 more
2019-11-14 22:50:10,937 [df16aec3-050f-40e4-a922-70bdb89d4bf1@group-F1AED5EE4D6F-LeaderElection179] INFO  impl.RaftServerImpl (RaftServerImpl.java:setRole(173)) - df16aec3-050f-40e4-a922-70bdb89d4bf1@group-F1AED5EE4D6F: changes role from CANDIDATE to FOLLOWER at term 4 for DISCOVERED_A_NEW_TERM
2019-11-14 22:50:10,937 [df16aec3-050f-40e4-a922-70bdb89d4bf1@group-F1AED5EE4D6F-LeaderElection179] INFO  impl.RoleInfo (RoleInfo.java:shutdownLeaderElection(134)) - df16aec3-050f-40e4-a922-70bdb89d4bf1: shutdown LeaderElection
2019-11-14 22:50:10,937 [df16aec3-050f-40e4-a922-70bdb89d4bf1@group-F1AED5EE4D6F-LeaderElection179] INFO  impl.RoleInfo (RoleInfo.java:updateAndGet(143)) - df16aec3-050f-40e4-a922-70bdb89d4bf1: start FollowerState
2019-11-14 22:50:11,200 [grpc-default-executor-8] WARN  server.GrpcLogAppender (LogUtils.java:warn(134)) - dafdef77-e865-403b-bc5e-c37989f56ddc@group-AE73C50864A8->ce51abe9-fc49-4310-abba-812881959ce0-AppendLogResponseHandler: Failed appendEntries: org.apache.ratis.thirdparty.io.grpc.StatusRuntimeException: UNAVAILABLE: io exception
2019-11-14 22:50:11,200 [grpc-default-executor-4] WARN  server.GrpcLogAppender (LogUtils.java:warn(134)) - 7d8f40ed-fc7e-4283-96c6-8f8f645c1bfe@group-E5CD7693E4BE->58f72cb5-8974-4d0e-9564-cfe3e68dc671-AppendLogResponseHandler: Failed appendEntries: org.apache.ratis.thirdparty.io.grpc.StatusRuntimeException: UNAVAILABLE: io exception
2019-11-14 22:50:11,201 [grpc-default-executor-8] INFO  impl.FollowerInfo (FollowerInfo.java:lambda$new$0(51)) - dafdef77-e865-403b-bc5e-c37989f56ddc@group-AE73C50864A8->ce51abe9-fc49-4310-abba-812881959ce0: nextIndex: updateUnconditionally 0 -> 0
2019-11-14 22:50:11,201 [grpc-default-executor-4] INFO  impl.FollowerInfo (FollowerInfo.java:lambda$new$0(51)) - 7d8f40ed-fc7e-4283-96c6-8f8f645c1bfe@group-E5CD7693E4BE->58f72cb5-8974-4d0e-9564-cfe3e68dc671: nextIndex: updateUnconditionally 0 -> 0
2019-11-14 22:50:11,202 [grpc-default-executor-8] WARN  server.GrpcLogAppender (LogUtils.java:warn(134)) - dafdef77-e865-403b-bc5e-c37989f56ddc@group-AE73C50864A8->ec693a0a-7ab2-40db-baa2-190e1e2b8078-AppendLogResponseHandler: Failed appendEntries: org.apache.ratis.thirdparty.io.grpc.StatusRuntimeException: UNAVAILABLE: io exception
2019-11-14 22:50:11,202 [grpc-default-executor-8] INFO  impl.FollowerInfo (FollowerInfo.java:lambda$new$0(51)) - dafdef77-e865-403b-bc5e-c37989f56ddc@group-AE73C50864A8->ec693a0a-7ab2-40db-baa2-190e1e2b8078: nextIndex: updateUnconditionally 0 -> 0
2019-11-14 22:50:11,204 [grpc-default-executor-5] WARN  server.GrpcLogAppender (LogUtils.java:warn(134)) - 7d8f40ed-fc7e-4283-96c6-8f8f645c1bfe@group-E5CD7693E4BE->720981dd-80b6-4b59-8027-74344e9fba7b-AppendLogResponseHandler: Failed appendEntries: org.apache.ratis.thirdparty.io.grpc.StatusRuntimeException: UNAVAILABLE: io exception
2019-11-14 22:50:11,205 [grpc-default-executor-5] INFO  impl.FollowerInfo (FollowerInfo.java:lambda$new$0(51)) - 7d8f40ed-fc7e-4283-96c6-8f8f645c1bfe@group-E5CD7693E4BE->720981dd-80b6-4b59-8027-74344e9fba7b: nextIndex: updateUnconditionally 0 -> 0
2019-11-14 22:50:11,700 [grpc-default-executor-8] WARN  server.GrpcLogAppender (LogUtils.java:warn(134)) - 7d8f40ed-fc7e-4283-96c6-8f8f645c1bfe@group-E5CD7693E4BE->58f72cb5-8974-4d0e-9564-cfe3e68dc671-AppendLogResponseHandler: Failed appendEntries: org.apache.ratis.thirdparty.io.grpc.StatusRuntimeException: UNAVAILABLE: io exception
2019-11-14 22:50:11,700 [grpc-default-executor-5] WARN  server.GrpcLogAppender (LogUtils.java:warn(134)) - dafdef77-e865-403b-bc5e-c37989f56ddc@group-AE73C50864A8->ce51abe9-fc49-4310-abba-812881959ce0-AppendLogResponseHandler: Failed appendEntries: org.apache.ratis.thirdparty.io.grpc.StatusRuntimeException: UNAVAILABLE: io exception
2019-11-14 22:50:11,701 [grpc-default-executor-8] INFO  impl.FollowerInfo (FollowerInfo.java:lambda$new$0(51)) - 7d8f40ed-fc7e-4283-96c6-8f8f645c1bfe@group-E5CD7693E4BE->58f72cb5-8974-4d0e-9564-cfe3e68dc671: nextIndex: updateUnconditionally 0 -> 0
2019-11-14 22:50:11,701 [grpc-default-executor-5] INFO  impl.FollowerInfo (FollowerInfo.java:lambda$new$0(51)) - dafdef77-e865-403b-bc5e-c37989f56ddc@group-AE73C50864A8->ce51abe9-fc49-4310-abba-812881959ce0: nextIndex: updateUnconditionally 0 -> 0
2019-11-14 22:50:11,702 [grpc-default-executor-9] WARN  server.GrpcLogAppender (LogUtils.java:warn(134)) - dafdef77-e865-403b-bc5e-c37989f56ddc@group-AE73C50864A8->ec693a0a-7ab2-40db-baa2-190e1e2b8078-AppendLogResponseHandler: Failed appendEntries: org.apache.ratis.thirdparty.io.grpc.StatusRuntimeException: UNAVAILABLE: io exception
2019-11-14 22:50:11,702 [grpc-default-executor-9] INFO  impl.FollowerInfo (FollowerInfo.java:lambda$new$0(51)) - dafdef77-e865-403b-bc5e-c37989f56ddc@group-AE73C50864A8->ec693a0a-7ab2-40db-baa2-190e1e2b8078: nextIndex: updateUnconditionally 0 -> 0
2019-11-14 22:50:11,704 [grpc-default-executor-8] WARN  server.GrpcLogAppender (LogUtils.java:warn(134)) - 7d8f40ed-fc7e-4283-96c6-8f8f645c1bfe@group-E5CD7693E4BE->720981dd-80b6-4b59-8027-74344e9fba7b-AppendLogResponseHandler: Failed appendEntries: org.apache.ratis.thirdparty.io.grpc.StatusRuntimeException: UNAVAILABLE: io exception
2019-11-14 22:50:11,704 [grpc-default-executor-8] INFO  impl.FollowerInfo (FollowerInfo.java:lambda$new$0(51)) - 7d8f40ed-fc7e-4283-96c6-8f8f645c1bfe@group-E5CD7693E4BE->720981dd-80b6-4b59-8027-74344e9fba7b: nextIndex: updateUnconditionally 0 -> 0
2019-11-14 22:50:11,984 [ForkJoinPool.commonPool-worker-1] INFO  ozoneimpl.OzoneContainer (OzoneContainer.java:stop(244)) - Attempting to stop container services.
2019-11-14 22:50:11,984 [ForkJoinPool.commonPool-worker-1] INFO  impl.RaftServerProxy (RaftServerProxy.java:lambda$close$4(314)) - df16aec3-050f-40e4-a922-70bdb89d4bf1: close
2019-11-14 22:50:11,985 [ForkJoinPool.commonPool-worker-1] INFO  impl.RaftServerImpl (RaftServerImpl.java:lambda$shutdown$3(250)) - df16aec3-050f-40e4-a922-70bdb89d4bf1@group-26F27DEB4FA9: shutdown
2019-11-14 22:50:11,985 [ForkJoinPool.commonPool-worker-1] INFO  util.JmxRegister (JmxRegister.java:unregister(73)) - Successfully un-registered JMX Bean with object name Ratis:service=RaftServer,group=group-26F27DEB4FA9,id=df16aec3-050f-40e4-a922-70bdb89d4bf1
2019-11-14 22:50:11,985 [ForkJoinPool.commonPool-worker-1] INFO  impl.RoleInfo (RoleInfo.java:shutdownLeaderState(104)) - df16aec3-050f-40e4-a922-70bdb89d4bf1: shutdown LeaderState
2019-11-14 22:50:11,985 [ForkJoinPool.commonPool-worker-1] INFO  impl.PendingRequests (PendingRequests.java:sendNotLeaderResponses(206)) - df16aec3-050f-40e4-a922-70bdb89d4bf1@group-26F27DEB4FA9-PendingRequests: sendNotLeaderResponses
2019-11-14 22:50:11,986 [ForkJoinPool.commonPool-worker-1] INFO  impl.StateMachineUpdater (StateMachineUpdater.java:stopAndJoin(136)) - df16aec3-050f-40e4-a922-70bdb89d4bf1@group-26F27DEB4FA9-StateMachineUpdater: set stopIndex = 0
2019-11-14 22:50:11,987 [ForkJoinPool.commonPool-worker-1] INFO  impl.RaftServerImpl (ServerState.java:close(387)) - df16aec3-050f-40e4-a922-70bdb89d4bf1@group-26F27DEB4FA9: closes. applyIndex: 0
2019-11-14 22:50:11,987 [df16aec3-050f-40e4-a922-70bdb89d4bf1@group-26F27DEB4FA9-SegmentedRaftLogWorker] INFO  segmented.SegmentedRaftLogWorker (SegmentedRaftLogWorker.java:run(316)) - df16aec3-050f-40e4-a922-70bdb89d4bf1@group-26F27DEB4FA9-SegmentedRaftLogWorker was interrupted, exiting. There are 0 tasks remaining in the queue.
2019-11-14 22:50:11,992 [ForkJoinPool.commonPool-worker-1] INFO  segmented.SegmentedRaftLogWorker (SegmentedRaftLogWorker.java:close(224)) - df16aec3-050f-40e4-a922-70bdb89d4bf1@group-26F27DEB4FA9-SegmentedRaftLogWorker close()
2019-11-14 22:50:11,992 [Thread-4174] INFO  impl.FollowerState (FollowerState.java:run(111)) - df16aec3-050f-40e4-a922-70bdb89d4bf1@group-F1AED5EE4D6F-FollowerState: change to CANDIDATE, lastRpcTime:1054ms, electionTimeout:1051ms
2019-11-14 22:50:11,993 [ForkJoinPool.commonPool-worker-1] INFO  impl.RaftServerImpl (RaftServerImpl.java:lambda$shutdown$3(250)) - df16aec3-050f-40e4-a922-70bdb89d4bf1@group-F1AED5EE4D6F: shutdown
2019-11-14 22:50:11,993 [Thread-4174] INFO  impl.RoleInfo (RoleInfo.java:shutdownFollowerState(121)) - df16aec3-050f-40e4-a922-70bdb89d4bf1: shutdown FollowerState
2019-11-14 22:50:11,993 [ForkJoinPool.commonPool-worker-1] INFO  util.JmxRegister (JmxRegister.java:unregister(73)) - Successfully un-registered JMX Bean with object name Ratis:service=RaftServer,group=group-F1AED5EE4D6F,id=df16aec3-050f-40e4-a922-70bdb89d4bf1
2019-11-14 22:50:11,994 [Thread-4174] INFO  impl.RaftServerImpl (RaftServerImpl.java:setRole(173)) - df16aec3-050f-40e4-a922-70bdb89d4bf1@group-F1AED5EE4D6F: changes role from  FOLLOWER to CANDIDATE at term 4 for changeToCandidate
2019-11-14 22:50:11,994 [ForkJoinPool.commonPool-worker-1] INFO  impl.StateMachineUpdater (StateMachineUpdater.java:stopAndJoin(136)) - df16aec3-050f-40e4-a922-70bdb89d4bf1@group-F1AED5EE4D6F-StateMachineUpdater: set stopIndex = 8
2019-11-14 22:50:11,994 [Thread-4174] INFO  impl.RoleInfo (RoleInfo.java:updateAndGet(143)) - df16aec3-050f-40e4-a922-70bdb89d4bf1: start LeaderElection
2019-11-14 22:50:11,994 [df16aec3-050f-40e4-a922-70bdb89d4bf1@group-F1AED5EE4D6F-StateMachineUpdater] INFO  ratis.ContainerStateMachine (ContainerStateMachine.java:takeSnapshot(285)) - group-F1AED5EE4D6F: Taking a snapshot at:(t:1, i:4) file /workdir/hadoop-ozone/integration-test/target/test-dir/MiniOzoneClusterImpl-9caa682c-a503-45f4-84bb-f8dd249825f6/datanode-0/data/ratis/250a51ea-7cc0-46c5-a5e6-f1aed5ee4d6f/sm/snapshot.1_4
2019-11-14 22:50:12,017 [df16aec3-050f-40e4-a922-70bdb89d4bf1@group-F1AED5EE4D6F-StateMachineUpdater] INFO  ratis.ContainerStateMachine (ContainerStateMachine.java:takeSnapshot(296)) - group-F1AED5EE4D6F: Finished taking a snapshot at:(t:1, i:4) file:/workdir/hadoop-ozone/integration-test/target/test-dir/MiniOzoneClusterImpl-9caa682c-a503-45f4-84bb-f8dd249825f6/datanode-0/data/ratis/250a51ea-7cc0-46c5-a5e6-f1aed5ee4d6f/sm/snapshot.1_4 time:24
2019-11-14 22:50:12,018 [df16aec3-050f-40e4-a922-70bdb89d4bf1@group-F1AED5EE4D6F-StateMachineUpdater] INFO  impl.StateMachineUpdater (StateMachineUpdater.java:takeSnapshot(269)) - df16aec3-050f-40e4-a922-70bdb89d4bf1@group-F1AED5EE4D6F-StateMachineUpdater: Took a snapshot at index 4
2019-11-14 22:50:12,018 [df16aec3-050f-40e4-a922-70bdb89d4bf1@group-F1AED5EE4D6F-StateMachineUpdater] INFO  impl.StateMachineUpdater (StateMachineUpdater.java:lambda$new$0(84)) - df16aec3-050f-40e4-a922-70bdb89d4bf1@group-F1AED5EE4D6F-StateMachineUpdater: snapshotIndex: updateIncreasingly -1 -> 4
2019-11-14 22:50:12,018 [df16aec3-050f-40e4-a922-70bdb89d4bf1@group-F1AED5EE4D6F-StateMachineUpdater] INFO  ratis.ContainerStateMachine (ContainerStateMachine.java:takeSnapshot(285)) - group-F1AED5EE4D6F: Taking a snapshot at:(t:1, i:4) file /workdir/hadoop-ozone/integration-test/target/test-dir/MiniOzoneClusterImpl-9caa682c-a503-45f4-84bb-f8dd249825f6/datanode-0/data/ratis/250a51ea-7cc0-46c5-a5e6-f1aed5ee4d6f/sm/snapshot.1_4
2019-11-14 22:50:12,041 [df16aec3-050f-40e4-a922-70bdb89d4bf1@group-F1AED5EE4D6F-StateMachineUpdater] INFO  ratis.ContainerStateMachine (ContainerStateMachine.java:takeSnapshot(296)) - group-F1AED5EE4D6F: Finished taking a snapshot at:(t:1, i:4) file:/workdir/hadoop-ozone/integration-test/target/test-dir/MiniOzoneClusterImpl-9caa682c-a503-45f4-84bb-f8dd249825f6/datanode-0/data/ratis/250a51ea-7cc0-46c5-a5e6-f1aed5ee4d6f/sm/snapshot.1_4 time:22
2019-11-14 22:50:12,041 [df16aec3-050f-40e4-a922-70bdb89d4bf1@group-F1AED5EE4D6F-StateMachineUpdater] INFO  impl.StateMachineUpdater (StateMachineUpdater.java:takeSnapshot(269)) - df16aec3-050f-40e4-a922-70bdb89d4bf1@group-F1AED5EE4D6F-StateMachineUpdater: Took a snapshot at index 4
2019-11-14 22:50:12,041 [df16aec3-050f-40e4-a922-70bdb89d4bf1@group-F1AED5EE4D6F-StateMachineUpdater] INFO  impl.StateMachineUpdater (StateMachineUpdater.java:lambda$new$0(84)) - df16aec3-050f-40e4-a922-70bdb89d4bf1@group-F1AED5EE4D6F-StateMachineUpdater: snapshotIndex: updateIncreasingly 4 -> 4
2019-11-14 22:50:12,041 [ForkJoinPool.commonPool-worker-1] INFO  impl.RaftServerImpl (ServerState.java:close(387)) - df16aec3-050f-40e4-a922-70bdb89d4bf1@group-F1AED5EE4D6F: closes. applyIndex: 8
2019-11-14 22:50:12,042 [df16aec3-050f-40e4-a922-70bdb89d4bf1@group-F1AED5EE4D6F-SegmentedRaftLogWorker] INFO  segmented.SegmentedRaftLogWorker (SegmentedRaftLogWorker.java:run(316)) - df16aec3-050f-40e4-a922-70bdb89d4bf1@group-F1AED5EE4D6F-SegmentedRaftLogWorker was interrupted, exiting. There are 0 tasks remaining in the queue.
2019-11-14 22:50:12,043 [ForkJoinPool.commonPool-worker-1] INFO  segmented.SegmentedRaftLogWorker (SegmentedRaftLogWorker.java:close(224)) - df16aec3-050f-40e4-a922-70bdb89d4bf1@group-F1AED5EE4D6F-SegmentedRaftLogWorker close()
2019-11-14 22:50:12,043 [ForkJoinPool.commonPool-worker-1] INFO  server.GrpcService (GrpcService.java:closeImpl(164)) - df16aec3-050f-40e4-a922-70bdb89d4bf1: shutdown server with port 44144 now
2019-11-14 22:50:12,044 [ForkJoinPool.commonPool-worker-1] INFO  server.GrpcService (GrpcService.java:closeImpl(172)) - df16aec3-050f-40e4-a922-70bdb89d4bf1: shutdown server with port 44144 successfully
2019-11-14 22:50:12,047 [refreshUsed-/workdir/hadoop-ozone/integration-test/target/test-dir/MiniOzoneClusterImpl-9caa682c-a503-45f4-84bb-f8dd249825f6/datanode-0/data/containers] WARN  fs.CachingGetSpaceUsed (CachingGetSpaceUsed.java:run(183)) - Thread Interrupted waiting to refresh disk information: sleep interrupted
2019-11-14 22:50:12,070 [ForkJoinPool.commonPool-worker-1] INFO  utils.BackgroundService (BackgroundService.java:shutdown(151)) - Shutting down service BlockDeletingService
2019-11-14 22:50:12,072 [ForkJoinPool.commonPool-worker-1] INFO  statemachine.DatanodeStateMachine (DatanodeStateMachine.java:stopDaemon(400)) - Ozone container server stopped.
2019-11-14 22:50:12,075 [ForkJoinPool.commonPool-worker-1] INFO  handler.ContextHandler (ContextHandler.java:doStop(910)) - Stopped o.e.j.w.WebAppContext@2017f6e6{/,null,UNAVAILABLE}{/hddsDatanode}
2019-11-14 22:50:12,076 [ForkJoinPool.commonPool-worker-1] INFO  server.AbstractConnector (AbstractConnector.java:doStop(318)) - Stopped ServerConnector@115c946b{HTTP/1.1,[http/1.1]}{0.0.0.0:0}
2019-11-14 22:50:12,078 [ForkJoinPool.commonPool-worker-1] INFO  handler.ContextHandler (ContextHandler.java:doStop(910)) - Stopped o.e.j.s.ServletContextHandler@7ceb6c45{/static,jar:file:/home/user/.m2/repository/org/apache/hadoop/hadoop-hdds-container-service/0.5.0-SNAPSHOT/hadoop-hdds-container-service-0.5.0-SNAPSHOT.jar!/webapps/static,UNAVAILABLE}
2019-11-14 22:50:12,079 [ForkJoinPool.commonPool-worker-1] INFO  handler.ContextHandler (ContextHandler.java:doStop(910)) - Stopped o.e.j.s.ServletContextHandler@561f9d92{/logs,file:///workdir/hadoop-ozone/integration-test/target/log,UNAVAILABLE}
2019-11-14 22:50:12,081 [Datanode State Machine Thread - 0] INFO  statemachine.DatanodeStateMachine (DatanodeStateMachine.java:lambda$startDaemon$0(355)) - Ozone container server started.
2019-11-14 22:50:12,115 [main] INFO  ozoneimpl.OzoneContainer (OzoneContainer.java:stop(244)) - Attempting to stop container services.
2019-11-14 22:50:12,116 [main] INFO  impl.RaftServerProxy (RaftServerProxy.java:lambda$close$4(314)) - 7d8f40ed-fc7e-4283-96c6-8f8f645c1bfe: close
2019-11-14 22:50:12,116 [main] INFO  impl.RaftServerImpl (RaftServerImpl.java:lambda$shutdown$3(250)) - 7d8f40ed-fc7e-4283-96c6-8f8f645c1bfe@group-E5CD7693E4BE: shutdown
2019-11-14 22:50:12,117 [main] INFO  util.JmxRegister (JmxRegister.java:unregister(73)) - Successfully un-registered JMX Bean with object name Ratis:service=RaftServer,group=group-E5CD7693E4BE,id=7d8f40ed-fc7e-4283-96c6-8f8f645c1bfe
2019-11-14 22:50:12,117 [main] INFO  impl.RoleInfo (RoleInfo.java:shutdownLeaderState(104)) - 7d8f40ed-fc7e-4283-96c6-8f8f645c1bfe: shutdown LeaderState
2019-11-14 22:50:12,117 [main] INFO  impl.PendingRequests (PendingRequests.java:sendNotLeaderResponses(206)) - 7d8f40ed-fc7e-4283-96c6-8f8f645c1bfe@group-E5CD7693E4BE-PendingRequests: sendNotLeaderResponses
2019-11-14 22:50:12,117 [org.apache.ratis.server.impl.LogAppender$AppenderDaemon$$Lambda$460/1168859626@41bd2ebf] WARN  server.GrpcLogAppender (GrpcLogAppender.java:mayWait(151)) - 7d8f40ed-fc7e-4283-96c6-8f8f645c1bfe@group-E5CD7693E4BE->720981dd-80b6-4b59-8027-74344e9fba7b-GrpcLogAppender: Wait interrupted by java.lang.InterruptedException
2019-11-14 22:50:12,120 [main] INFO  impl.StateMachineUpdater (StateMachineUpdater.java:stopAndJoin(136)) - 7d8f40ed-fc7e-4283-96c6-8f8f645c1bfe@group-E5CD7693E4BE-StateMachineUpdater: set stopIndex = 2
2019-11-14 22:50:12,117 [org.apache.ratis.server.impl.LogAppender$AppenderDaemon$$Lambda$460/1168859626@25421591] WARN  server.GrpcLogAppender (GrpcLogAppender.java:mayWait(151)) - 7d8f40ed-fc7e-4283-96c6-8f8f645c1bfe@group-E5CD7693E4BE->58f72cb5-8974-4d0e-9564-cfe3e68dc671-GrpcLogAppender: Wait interrupted by java.lang.InterruptedException
2019-11-14 22:50:12,120 [main] INFO  impl.RaftServerImpl (ServerState.java:close(387)) - 7d8f40ed-fc7e-4283-96c6-8f8f645c1bfe@group-E5CD7693E4BE: closes. applyIndex: 2
2019-11-14 22:50:12,121 [7d8f40ed-fc7e-4283-96c6-8f8f645c1bfe@group-E5CD7693E4BE-SegmentedRaftLogWorker] INFO  segmented.SegmentedRaftLogWorker (SegmentedRaftLogWorker.java:run(316)) - 7d8f40ed-fc7e-4283-96c6-8f8f645c1bfe@group-E5CD7693E4BE-SegmentedRaftLogWorker was interrupted, exiting. There are 0 tasks remaining in the queue.
2019-11-14 22:50:12,122 [main] INFO  segmented.SegmentedRaftLogWorker (SegmentedRaftLogWorker.java:close(224)) - 7d8f40ed-fc7e-4283-96c6-8f8f645c1bfe@group-E5CD7693E4BE-SegmentedRaftLogWorker close()
2019-11-14 22:50:12,122 [main] INFO  impl.RaftServerImpl (RaftServerImpl.java:lambda$shutdown$3(250)) - 7d8f40ed-fc7e-4283-96c6-8f8f645c1bfe@group-50D907CC9C64: shutdown
2019-11-14 22:50:12,122 [main] INFO  util.JmxRegister (JmxRegister.java:unregister(73)) - Successfully un-registered JMX Bean with object name Ratis:service=RaftServer,group=group-50D907CC9C64,id=7d8f40ed-fc7e-4283-96c6-8f8f645c1bfe
2019-11-14 22:50:12,123 [main] INFO  impl.RoleInfo (RoleInfo.java:shutdownLeaderState(104)) - 7d8f40ed-fc7e-4283-96c6-8f8f645c1bfe: shutdown LeaderState
2019-11-14 22:50:12,123 [main] INFO  impl.PendingRequests (PendingRequests.java:sendNotLeaderResponses(206)) - 7d8f40ed-fc7e-4283-96c6-8f8f645c1bfe@group-50D907CC9C64-PendingRequests: sendNotLeaderResponses
2019-11-14 22:50:12,123 [main] INFO  impl.StateMachineUpdater (StateMachineUpdater.java:stopAndJoin(136)) - 7d8f40ed-fc7e-4283-96c6-8f8f645c1bfe@group-50D907CC9C64-StateMachineUpdater: set stopIndex = 0
2019-11-14 22:50:12,124 [main] INFO  impl.RaftServerImpl (ServerState.java:close(387)) - 7d8f40ed-fc7e-4283-96c6-8f8f645c1bfe@group-50D907CC9C64: closes. applyIndex: 0
2019-11-14 22:50:12,124 [7d8f40ed-fc7e-4283-96c6-8f8f645c1bfe@group-50D907CC9C64-SegmentedRaftLogWorker] INFO  segmented.SegmentedRaftLogWorker (SegmentedRaftLogWorker.java:run(316)) - 7d8f40ed-fc7e-4283-96c6-8f8f645c1bfe@group-50D907CC9C64-SegmentedRaftLogWorker was interrupted, exiting. There are 0 tasks remaining in the queue.
2019-11-14 22:50:12,125 [main] INFO  segmented.SegmentedRaftLogWorker (SegmentedRaftLogWorker.java:close(224)) - 7d8f40ed-fc7e-4283-96c6-8f8f645c1bfe@group-50D907CC9C64-SegmentedRaftLogWorker close()
2019-11-14 22:50:12,126 [main] INFO  server.GrpcService (GrpcService.java:closeImpl(164)) - 7d8f40ed-fc7e-4283-96c6-8f8f645c1bfe: shutdown server with port 40228 now
2019-11-14 22:50:12,127 [main] INFO  server.GrpcService (GrpcService.java:closeImpl(172)) - 7d8f40ed-fc7e-4283-96c6-8f8f645c1bfe: shutdown server with port 40228 successfully
2019-11-14 22:50:12,129 [refreshUsed-/workdir/hadoop-ozone/integration-test/target/test-dir/MiniOzoneClusterImpl-9caa682c-a503-45f4-84bb-f8dd249825f6/datanode-7/data/containers] WARN  fs.CachingGetSpaceUsed (CachingGetSpaceUsed.java:run(183)) - Thread Interrupted waiting to refresh disk information: sleep interrupted
2019-11-14 22:50:12,142 [main] INFO  utils.BackgroundService (BackgroundService.java:shutdown(151)) - Shutting down service BlockDeletingService
2019-11-14 22:50:12,143 [main] INFO  statemachine.DatanodeStateMachine (DatanodeStateMachine.java:stopDaemon(400)) - Ozone container server stopped.
2019-11-14 22:50:12,144 [main] INFO  handler.ContextHandler (ContextHandler.java:doStop(910)) - Stopped o.e.j.w.WebAppContext@2776fd8f{/,null,UNAVAILABLE}{/hddsDatanode}
2019-11-14 22:50:12,144 [main] INFO  server.AbstractConnector (AbstractConnector.java:doStop(318)) - Stopped ServerConnector@1c62c3fd{HTTP/1.1,[http/1.1]}{0.0.0.0:0}
2019-11-14 22:50:12,145 [main] INFO  handler.ContextHandler (ContextHandler.java:doStop(910)) - Stopped o.e.j.s.ServletContextHandler@5882b202{/static,jar:file:/home/user/.m2/repository/org/apache/hadoop/hadoop-hdds-container-service/0.5.0-SNAPSHOT/hadoop-hdds-container-service-0.5.0-SNAPSHOT.jar!/webapps/static,UNAVAILABLE}
2019-11-14 22:50:12,145 [main] INFO  handler.ContextHandler (ContextHandler.java:doStop(910)) - Stopped o.e.j.s.ServletContextHandler@6bce4140{/logs,file:///workdir/hadoop-ozone/integration-test/target/log,UNAVAILABLE}
2019-11-14 22:50:12,201 [grpc-default-executor-5] WARN  server.GrpcLogAppender (LogUtils.java:warn(134)) - dafdef77-e865-403b-bc5e-c37989f56ddc@group-AE73C50864A8->ce51abe9-fc49-4310-abba-812881959ce0-AppendLogResponseHandler: Failed appendEntries: org.apache.ratis.thirdparty.io.grpc.StatusRuntimeException: UNAVAILABLE: io exception
2019-11-14 22:50:12,201 [grpc-default-executor-5] INFO  impl.FollowerInfo (FollowerInfo.java:lambda$new$0(51)) - dafdef77-e865-403b-bc5e-c37989f56ddc@group-AE73C50864A8->ce51abe9-fc49-4310-abba-812881959ce0: nextIndex: updateUnconditionally 0 -> 0
2019-11-14 22:50:12,203 [grpc-default-executor-9] WARN  server.GrpcLogAppender (LogUtils.java:warn(134)) - dafdef77-e865-403b-bc5e-c37989f56ddc@group-AE73C50864A8->ec693a0a-7ab2-40db-baa2-190e1e2b8078-AppendLogResponseHandler: Failed appendEntries: org.apache.ratis.thirdparty.io.grpc.StatusRuntimeException: UNAVAILABLE: io exception
2019-11-14 22:50:12,203 [grpc-default-executor-9] INFO  impl.FollowerInfo (FollowerInfo.java:lambda$new$0(51)) - dafdef77-e865-403b-bc5e-c37989f56ddc@group-AE73C50864A8->ec693a0a-7ab2-40db-baa2-190e1e2b8078: nextIndex: updateUnconditionally 0 -> 0
2019-11-14 22:50:12,702 [grpc-default-executor-5] WARN  server.GrpcLogAppender (LogUtils.java:warn(134)) - dafdef77-e865-403b-bc5e-c37989f56ddc@group-AE73C50864A8->ce51abe9-fc49-4310-abba-812881959ce0-AppendLogResponseHandler: Failed appendEntries: org.apache.ratis.thirdparty.io.grpc.StatusRuntimeException: UNAVAILABLE: io exception
2019-11-14 22:50:12,702 [grpc-default-executor-5] INFO  impl.FollowerInfo (FollowerInfo.java:lambda$new$0(51)) - dafdef77-e865-403b-bc5e-c37989f56ddc@group-AE73C50864A8->ce51abe9-fc49-4310-abba-812881959ce0: nextIndex: updateUnconditionally 0 -> 0
2019-11-14 22:50:12,703 [grpc-default-executor-8] WARN  server.GrpcLogAppender (LogUtils.java:warn(134)) - dafdef77-e865-403b-bc5e-c37989f56ddc@group-AE73C50864A8->ec693a0a-7ab2-40db-baa2-190e1e2b8078-AppendLogResponseHandler: Failed appendEntries: org.apache.ratis.thirdparty.io.grpc.StatusRuntimeException: UNAVAILABLE: io exception
2019-11-14 22:50:12,703 [grpc-default-executor-8] INFO  impl.FollowerInfo (FollowerInfo.java:lambda$new$0(51)) - dafdef77-e865-403b-bc5e-c37989f56ddc@group-AE73C50864A8->ec693a0a-7ab2-40db-baa2-190e1e2b8078: nextIndex: updateUnconditionally 0 -> 0
2019-11-14 22:50:13,202 [grpc-default-executor-5] WARN  server.GrpcLogAppender (LogUtils.java:warn(134)) - dafdef77-e865-403b-bc5e-c37989f56ddc@group-AE73C50864A8->ce51abe9-fc49-4310-abba-812881959ce0-AppendLogResponseHandler: Failed appendEntries: org.apache.ratis.thirdparty.io.grpc.StatusRuntimeException: UNAVAILABLE: io exception
2019-11-14 22:50:13,203 [grpc-default-executor-5] INFO  impl.FollowerInfo (FollowerInfo.java:lambda$new$0(51)) - dafdef77-e865-403b-bc5e-c37989f56ddc@group-AE73C50864A8->ce51abe9-fc49-4310-abba-812881959ce0: nextIndex: updateUnconditionally 0 -> 0
2019-11-14 22:50:13,203 [grpc-default-executor-9] WARN  server.GrpcLogAppender (LogUtils.java:warn(134)) - dafdef77-e865-403b-bc5e-c37989f56ddc@group-AE73C50864A8->ec693a0a-7ab2-40db-baa2-190e1e2b8078-AppendLogResponseHandler: Failed appendEntries: org.apache.ratis.thirdparty.io.grpc.StatusRuntimeException: UNAVAILABLE: io exception
2019-11-14 22:50:13,203 [grpc-default-executor-9] INFO  impl.FollowerInfo (FollowerInfo.java:lambda$new$0(51)) - dafdef77-e865-403b-bc5e-c37989f56ddc@group-AE73C50864A8->ec693a0a-7ab2-40db-baa2-190e1e2b8078: nextIndex: updateUnconditionally 0 -> 0
2019-11-14 22:50:13,703 [grpc-default-executor-8] WARN  server.GrpcLogAppender (LogUtils.java:warn(134)) - dafdef77-e865-403b-bc5e-c37989f56ddc@group-AE73C50864A8->ce51abe9-fc49-4310-abba-812881959ce0-AppendLogResponseHandler: Failed appendEntries: org.apache.ratis.thirdparty.io.grpc.StatusRuntimeException: UNAVAILABLE: io exception
2019-11-14 22:50:13,703 [grpc-default-executor-8] INFO  impl.FollowerInfo (FollowerInfo.java:lambda$new$0(51)) - dafdef77-e865-403b-bc5e-c37989f56ddc@group-AE73C50864A8->ce51abe9-fc49-4310-abba-812881959ce0: nextIndex: updateUnconditionally 0 -> 0
2019-11-14 22:50:13,704 [grpc-default-executor-9] WARN  server.GrpcLogAppender (LogUtils.java:warn(134)) - dafdef77-e865-403b-bc5e-c37989f56ddc@group-AE73C50864A8->ec693a0a-7ab2-40db-baa2-190e1e2b8078-AppendLogResponseHandler: Failed appendEntries: org.apache.ratis.thirdparty.io.grpc.StatusRuntimeException: UNAVAILABLE: io exception
2019-11-14 22:50:13,704 [grpc-default-executor-9] INFO  impl.FollowerInfo (FollowerInfo.java:lambda$new$0(51)) - dafdef77-e865-403b-bc5e-c37989f56ddc@group-AE73C50864A8->ec693a0a-7ab2-40db-baa2-190e1e2b8078: nextIndex: updateUnconditionally 0 -> 0
2019-11-14 22:50:14,203 [grpc-default-executor-4] WARN  server.GrpcLogAppender (LogUtils.java:warn(134)) - dafdef77-e865-403b-bc5e-c37989f56ddc@group-AE73C50864A8->ce51abe9-fc49-4310-abba-812881959ce0-AppendLogResponseHandler: Failed appendEntries: org.apache.ratis.thirdparty.io.grpc.StatusRuntimeException: UNAVAILABLE: io exception
2019-11-14 22:50:14,204 [grpc-default-executor-4] INFO  impl.FollowerInfo (FollowerInfo.java:lambda$new$0(51)) - dafdef77-e865-403b-bc5e-c37989f56ddc@group-AE73C50864A8->ce51abe9-fc49-4310-abba-812881959ce0: nextIndex: updateUnconditionally 0 -> 0
2019-11-14 22:50:14,204 [grpc-default-executor-4] WARN  server.GrpcLogAppender (LogUtils.java:warn(134)) - dafdef77-e865-403b-bc5e-c37989f56ddc@group-AE73C50864A8->ec693a0a-7ab2-40db-baa2-190e1e2b8078-AppendLogResponseHandler: Failed appendEntries: org.apache.ratis.thirdparty.io.grpc.StatusRuntimeException: UNAVAILABLE: io exception
2019-11-14 22:50:14,204 [grpc-default-executor-4] INFO  impl.FollowerInfo (FollowerInfo.java:lambda$new$0(51)) - dafdef77-e865-403b-bc5e-c37989f56ddc@group-AE73C50864A8->ec693a0a-7ab2-40db-baa2-190e1e2b8078: nextIndex: updateUnconditionally 0 -> 0
2019-11-14 22:50:14,705 [grpc-default-executor-4] WARN  server.GrpcLogAppender (LogUtils.java:warn(134)) - dafdef77-e865-403b-bc5e-c37989f56ddc@group-AE73C50864A8->ce51abe9-fc49-4310-abba-812881959ce0-AppendLogResponseHandler: Failed appendEntries: org.apache.ratis.thirdparty.io.grpc.StatusRuntimeException: UNAVAILABLE: io exception
2019-11-14 22:50:14,705 [grpc-default-executor-6] WARN  server.GrpcLogAppender (LogUtils.java:warn(134)) - dafdef77-e865-403b-bc5e-c37989f56ddc@group-AE73C50864A8->ec693a0a-7ab2-40db-baa2-190e1e2b8078-AppendLogResponseHandler: Failed appendEntries: org.apache.ratis.thirdparty.io.grpc.StatusRuntimeException: UNAVAILABLE: io exception
2019-11-14 22:50:14,705 [grpc-default-executor-4] INFO  impl.FollowerInfo (FollowerInfo.java:lambda$new$0(51)) - dafdef77-e865-403b-bc5e-c37989f56ddc@group-AE73C50864A8->ce51abe9-fc49-4310-abba-812881959ce0: nextIndex: updateUnconditionally 0 -> 0
2019-11-14 22:50:14,706 [grpc-default-executor-6] INFO  impl.FollowerInfo (FollowerInfo.java:lambda$new$0(51)) - dafdef77-e865-403b-bc5e-c37989f56ddc@group-AE73C50864A8->ec693a0a-7ab2-40db-baa2-190e1e2b8078: nextIndex: updateUnconditionally 0 -> 0
2019-11-14 22:50:15,209 [grpc-default-executor-6] WARN  server.GrpcLogAppender (LogUtils.java:warn(134)) - dafdef77-e865-403b-bc5e-c37989f56ddc@group-AE73C50864A8->ec693a0a-7ab2-40db-baa2-190e1e2b8078-AppendLogResponseHandler: Failed appendEntries: org.apache.ratis.thirdparty.io.grpc.StatusRuntimeException: UNAVAILABLE: io exception
2019-11-14 22:50:15,209 [grpc-default-executor-4] WARN  server.GrpcLogAppender (LogUtils.java:warn(134)) - dafdef77-e865-403b-bc5e-c37989f56ddc@group-AE73C50864A8->ce51abe9-fc49-4310-abba-812881959ce0-AppendLogResponseHandler: Failed appendEntries: org.apache.ratis.thirdparty.io.grpc.StatusRuntimeException: UNAVAILABLE: io exception
2019-11-14 22:50:15,210 [grpc-default-executor-6] INFO  impl.FollowerInfo (FollowerInfo.java:lambda$new$0(51)) - dafdef77-e865-403b-bc5e-c37989f56ddc@group-AE73C50864A8->ec693a0a-7ab2-40db-baa2-190e1e2b8078: nextIndex: updateUnconditionally 0 -> 0
2019-11-14 22:50:15,210 [grpc-default-executor-4] INFO  impl.FollowerInfo (FollowerInfo.java:lambda$new$0(51)) - dafdef77-e865-403b-bc5e-c37989f56ddc@group-AE73C50864A8->ce51abe9-fc49-4310-abba-812881959ce0: nextIndex: updateUnconditionally 0 -> 0
2019-11-14 22:50:15,707 [grpc-default-executor-9] WARN  server.GrpcLogAppender (LogUtils.java:warn(134)) - dafdef77-e865-403b-bc5e-c37989f56ddc@group-AE73C50864A8->ce51abe9-fc49-4310-abba-812881959ce0-AppendLogResponseHandler: Failed appendEntries: org.apache.ratis.thirdparty.io.grpc.StatusRuntimeException: UNAVAILABLE: io exception
2019-11-14 22:50:15,707 [grpc-default-executor-8] WARN  server.GrpcLogAppender (LogUtils.java:warn(134)) - dafdef77-e865-403b-bc5e-c37989f56ddc@group-AE73C50864A8->ec693a0a-7ab2-40db-baa2-190e1e2b8078-AppendLogResponseHandler: Failed appendEntries: org.apache.ratis.thirdparty.io.grpc.StatusRuntimeException: UNAVAILABLE: io exception
2019-11-14 22:50:15,708 [grpc-default-executor-9] INFO  impl.FollowerInfo (FollowerInfo.java:lambda$new$0(51)) - dafdef77-e865-403b-bc5e-c37989f56ddc@group-AE73C50864A8->ce51abe9-fc49-4310-abba-812881959ce0: nextIndex: updateUnconditionally 0 -> 0
2019-11-14 22:50:15,708 [grpc-default-executor-8] INFO  impl.FollowerInfo (FollowerInfo.java:lambda$new$0(51)) - dafdef77-e865-403b-bc5e-c37989f56ddc@group-AE73C50864A8->ec693a0a-7ab2-40db-baa2-190e1e2b8078: nextIndex: updateUnconditionally 0 -> 0
2019-11-14 22:50:16,208 [grpc-default-executor-5] WARN  server.GrpcLogAppender (LogUtils.java:warn(134)) - dafdef77-e865-403b-bc5e-c37989f56ddc@group-AE73C50864A8->ec693a0a-7ab2-40db-baa2-190e1e2b8078-AppendLogResponseHandler: Failed appendEntries: org.apache.ratis.thirdparty.io.grpc.StatusRuntimeException: UNAVAILABLE: io exception
2019-11-14 22:50:16,208 [grpc-default-executor-2] WARN  server.GrpcLogAppender (LogUtils.java:warn(134)) - dafdef77-e865-403b-bc5e-c37989f56ddc@group-AE73C50864A8->ce51abe9-fc49-4310-abba-812881959ce0-AppendLogResponseHandler: Failed appendEntries: org.apache.ratis.thirdparty.io.grpc.StatusRuntimeException: UNAVAILABLE: io exception
2019-11-14 22:50:16,208 [grpc-default-executor-5] INFO  impl.FollowerInfo (FollowerInfo.java:lambda$new$0(51)) - dafdef77-e865-403b-bc5e-c37989f56ddc@group-AE73C50864A8->ec693a0a-7ab2-40db-baa2-190e1e2b8078: nextIndex: updateUnconditionally 0 -> 0
2019-11-14 22:50:16,208 [grpc-default-executor-2] INFO  impl.FollowerInfo (FollowerInfo.java:lambda$new$0(51)) - dafdef77-e865-403b-bc5e-c37989f56ddc@group-AE73C50864A8->ce51abe9-fc49-4310-abba-812881959ce0: nextIndex: updateUnconditionally 0 -> 0
2019-11-14 22:50:16,709 [grpc-default-executor-6] WARN  server.GrpcLogAppender (LogUtils.java:warn(134)) - dafdef77-e865-403b-bc5e-c37989f56ddc@group-AE73C50864A8->ec693a0a-7ab2-40db-baa2-190e1e2b8078-AppendLogResponseHandler: Failed appendEntries: org.apache.ratis.thirdparty.io.grpc.StatusRuntimeException: UNAVAILABLE: io exception
2019-11-14 22:50:16,709 [grpc-default-executor-2] WARN  server.GrpcLogAppender (LogUtils.java:warn(134)) - dafdef77-e865-403b-bc5e-c37989f56ddc@group-AE73C50864A8->ce51abe9-fc49-4310-abba-812881959ce0-AppendLogResponseHandler: Failed appendEntries: org.apache.ratis.thirdparty.io.grpc.StatusRuntimeException: UNAVAILABLE: io exception
2019-11-14 22:50:16,709 [grpc-default-executor-6] INFO  impl.FollowerInfo (FollowerInfo.java:lambda$new$0(51)) - dafdef77-e865-403b-bc5e-c37989f56ddc@group-AE73C50864A8->ec693a0a-7ab2-40db-baa2-190e1e2b8078: nextIndex: updateUnconditionally 0 -> 0
2019-11-14 22:50:16,709 [grpc-default-executor-2] INFO  impl.FollowerInfo (FollowerInfo.java:lambda$new$0(51)) - dafdef77-e865-403b-bc5e-c37989f56ddc@group-AE73C50864A8->ce51abe9-fc49-4310-abba-812881959ce0: nextIndex: updateUnconditionally 0 -> 0
2019-11-14 22:50:17,081 [ForkJoinPool.commonPool-worker-1] INFO  ozoneimpl.OzoneContainer (OzoneContainer.java:stop(244)) - Attempting to stop container services.
2019-11-14 22:50:17,082 [ForkJoinPool.commonPool-worker-1] INFO  impl.RaftServerProxy (RaftServerProxy.java:lambda$close$4(314)) - dafdef77-e865-403b-bc5e-c37989f56ddc: close
2019-11-14 22:50:17,082 [ForkJoinPool.commonPool-worker-1] INFO  impl.RaftServerImpl (RaftServerImpl.java:lambda$shutdown$3(250)) - dafdef77-e865-403b-bc5e-c37989f56ddc@group-BF4392B51D0C: shutdown
2019-11-14 22:50:17,082 [ForkJoinPool.commonPool-worker-1] INFO  util.JmxRegister (JmxRegister.java:unregister(73)) - Successfully un-registered JMX Bean with object name Ratis:service=RaftServer,group=group-BF4392B51D0C,id=dafdef77-e865-403b-bc5e-c37989f56ddc
2019-11-14 22:50:17,082 [ForkJoinPool.commonPool-worker-1] INFO  impl.RoleInfo (RoleInfo.java:shutdownLeaderState(104)) - dafdef77-e865-403b-bc5e-c37989f56ddc: shutdown LeaderState
2019-11-14 22:50:17,083 [ForkJoinPool.commonPool-worker-1] INFO  impl.PendingRequests (PendingRequests.java:sendNotLeaderResponses(206)) - dafdef77-e865-403b-bc5e-c37989f56ddc@group-BF4392B51D0C-PendingRequests: sendNotLeaderResponses
2019-11-14 22:50:17,083 [ForkJoinPool.commonPool-worker-1] INFO  impl.StateMachineUpdater (StateMachineUpdater.java:stopAndJoin(136)) - dafdef77-e865-403b-bc5e-c37989f56ddc@group-BF4392B51D0C-StateMachineUpdater: set stopIndex = 0
2019-11-14 22:50:17,084 [ForkJoinPool.commonPool-worker-1] INFO  impl.RaftServerImpl (ServerState.java:close(387)) - dafdef77-e865-403b-bc5e-c37989f56ddc@group-BF4392B51D0C: closes. applyIndex: 0
2019-11-14 22:50:17,084 [dafdef77-e865-403b-bc5e-c37989f56ddc@group-BF4392B51D0C-SegmentedRaftLogWorker] INFO  segmented.SegmentedRaftLogWorker (SegmentedRaftLogWorker.java:run(316)) - dafdef77-e865-403b-bc5e-c37989f56ddc@group-BF4392B51D0C-SegmentedRaftLogWorker was interrupted, exiting. There are 0 tasks remaining in the queue.
2019-11-14 22:50:17,086 [ForkJoinPool.commonPool-worker-1] INFO  segmented.SegmentedRaftLogWorker (SegmentedRaftLogWorker.java:close(224)) - dafdef77-e865-403b-bc5e-c37989f56ddc@group-BF4392B51D0C-SegmentedRaftLogWorker close()
2019-11-14 22:50:17,086 [ForkJoinPool.commonPool-worker-1] INFO  impl.RaftServerImpl (RaftServerImpl.java:lambda$shutdown$3(250)) - dafdef77-e865-403b-bc5e-c37989f56ddc@group-AE73C50864A8: shutdown
2019-11-14 22:50:17,086 [ForkJoinPool.commonPool-worker-1] INFO  util.JmxRegister (JmxRegister.java:unregister(73)) - Successfully un-registered JMX Bean with object name Ratis:service=RaftServer,group=group-AE73C50864A8,id=dafdef77-e865-403b-bc5e-c37989f56ddc
2019-11-14 22:50:17,086 [ForkJoinPool.commonPool-worker-1] INFO  impl.RoleInfo (RoleInfo.java:shutdownLeaderState(104)) - dafdef77-e865-403b-bc5e-c37989f56ddc: shutdown LeaderState
2019-11-14 22:50:17,087 [ForkJoinPool.commonPool-worker-1] INFO  impl.PendingRequests (PendingRequests.java:sendNotLeaderResponses(206)) - dafdef77-e865-403b-bc5e-c37989f56ddc@group-AE73C50864A8-PendingRequests: sendNotLeaderResponses
2019-11-14 22:50:17,087 [org.apache.ratis.server.impl.LogAppender$AppenderDaemon$$Lambda$460/1168859626@33a46a46] WARN  server.GrpcLogAppender (GrpcLogAppender.java:mayWait(151)) - dafdef77-e865-403b-bc5e-c37989f56ddc@group-AE73C50864A8->ce51abe9-fc49-4310-abba-812881959ce0-GrpcLogAppender: Wait interrupted by java.lang.InterruptedException
2019-11-14 22:50:17,088 [ForkJoinPool.commonPool-worker-1] INFO  impl.StateMachineUpdater (StateMachineUpdater.java:stopAndJoin(136)) - dafdef77-e865-403b-bc5e-c37989f56ddc@group-AE73C50864A8-StateMachineUpdater: set stopIndex = 2
2019-11-14 22:50:17,087 [org.apache.ratis.server.impl.LogAppender$AppenderDaemon$$Lambda$460/1168859626@7fb6c2aa] WARN  server.GrpcLogAppender (GrpcLogAppender.java:mayWait(151)) - dafdef77-e865-403b-bc5e-c37989f56ddc@group-AE73C50864A8->ec693a0a-7ab2-40db-baa2-190e1e2b8078-GrpcLogAppender: Wait interrupted by java.lang.InterruptedException
2019-11-14 22:50:17,088 [ForkJoinPool.commonPool-worker-1] INFO  impl.RaftServerImpl (ServerState.java:close(387)) - dafdef77-e865-403b-bc5e-c37989f56ddc@group-AE73C50864A8: closes. applyIndex: 2
2019-11-14 22:50:17,088 [dafdef77-e865-403b-bc5e-c37989f56ddc@group-AE73C50864A8-SegmentedRaftLogWorker] INFO  segmented.SegmentedRaftLogWorker (SegmentedRaftLogWorker.java:run(316)) - dafdef77-e865-403b-bc5e-c37989f56ddc@group-AE73C50864A8-SegmentedRaftLogWorker was interrupted, exiting. There are 0 tasks remaining in the queue.
2019-11-14 22:50:17,089 [ForkJoinPool.commonPool-worker-1] INFO  segmented.SegmentedRaftLogWorker (SegmentedRaftLogWorker.java:close(224)) - dafdef77-e865-403b-bc5e-c37989f56ddc@group-AE73C50864A8-SegmentedRaftLogWorker close()
2019-11-14 22:50:17,095 [ForkJoinPool.commonPool-worker-1] INFO  server.GrpcService (GrpcService.java:closeImpl(164)) - dafdef77-e865-403b-bc5e-c37989f56ddc: shutdown server with port 34201 now
2019-11-14 22:50:17,095 [ForkJoinPool.commonPool-worker-1] INFO  server.GrpcService (GrpcService.java:closeImpl(172)) - dafdef77-e865-403b-bc5e-c37989f56ddc: shutdown server with port 34201 successfully
2019-11-14 22:50:17,098 [refreshUsed-/workdir/hadoop-ozone/integration-test/target/test-dir/MiniOzoneClusterImpl-9caa682c-a503-45f4-84bb-f8dd249825f6/datanode-1/data/containers] WARN  fs.CachingGetSpaceUsed (CachingGetSpaceUsed.java:run(183)) - Thread Interrupted waiting to refresh disk information: sleep interrupted
2019-11-14 22:50:17,121 [ForkJoinPool.commonPool-worker-1] INFO  utils.BackgroundService (BackgroundService.java:shutdown(151)) - Shutting down service BlockDeletingService
2019-11-14 22:50:17,122 [ForkJoinPool.commonPool-worker-1] INFO  statemachine.DatanodeStateMachine (DatanodeStateMachine.java:stopDaemon(400)) - Ozone container server stopped.
2019-11-14 22:50:17,125 [ForkJoinPool.commonPool-worker-1] INFO  handler.ContextHandler (ContextHandler.java:doStop(910)) - Stopped o.e.j.w.WebAppContext@4863c8ac{/,null,UNAVAILABLE}{/hddsDatanode}
2019-11-14 22:50:17,126 [ForkJoinPool.commonPool-worker-1] INFO  server.AbstractConnector (AbstractConnector.java:doStop(318)) - Stopped ServerConnector@56fda064{HTTP/1.1,[http/1.1]}{0.0.0.0:0}
2019-11-14 22:50:17,127 [ForkJoinPool.commonPool-worker-1] INFO  handler.ContextHandler (ContextHandler.java:doStop(910)) - Stopped o.e.j.s.ServletContextHandler@712e787e{/static,jar:file:/home/user/.m2/repository/org/apache/hadoop/hadoop-hdds-container-service/0.5.0-SNAPSHOT/hadoop-hdds-container-service-0.5.0-SNAPSHOT.jar!/webapps/static,UNAVAILABLE}
2019-11-14 22:50:17,128 [ForkJoinPool.commonPool-worker-1] INFO  handler.ContextHandler (ContextHandler.java:doStop(910)) - Stopped o.e.j.s.ServletContextHandler@47187f50{/logs,file:///workdir/hadoop-ozone/integration-test/target/log,UNAVAILABLE}
2019-11-14 22:50:17,129 [main] INFO  ozone.MiniOzoneClusterImpl (MiniOzoneClusterImpl.java:stopSCM(430)) - Stopping the StorageContainerManager
2019-11-14 22:50:17,129 [main] INFO  server.StorageContainerManager (StorageContainerManager.java:stop(804)) - Stopping Replication Manager Service.
2019-11-14 22:50:17,130 [main] INFO  container.ReplicationManager (ReplicationManager.java:stop(203)) - Stopping Replication Monitor Thread.
2019-11-14 22:50:17,130 [main] INFO  server.StorageContainerManager (StorageContainerManager.java:stop(811)) - Stopping Lease Manager of the command watchers
2019-11-14 22:50:17,130 [main] INFO  server.StorageContainerManager (StorageContainerManager.java:stop(818)) - Stopping datanode service RPC server
2019-11-14 22:50:17,130 [main] INFO  server.SCMDatanodeProtocolServer (SCMDatanodeProtocolServer.java:stop(346)) - Stopping the RPC server for DataNodes
2019-11-14 22:50:17,130 [main] INFO  ipc.Server (Server.java:stop(3082)) - Stopping server on 44118
2019-11-14 22:50:17,132 [IPC Server listener on 44118] INFO  ipc.Server (Server.java:run(1185)) - Stopping IPC Server listener on 44118
2019-11-14 22:50:17,133 [IPC Server Responder] INFO  ipc.Server (Server.java:run(1319)) - Stopping IPC Server Responder
2019-11-14 22:50:17,154 [SCM Heartbeat Processing Thread - 0] WARN  node.NodeStateManager (NodeStateManager.java:scheduleNextHealthCheck(646)) - Current Thread is interrupted, shutting down HB processing thread for Node Manager.
2019-11-14 22:50:17,154 [main] INFO  server.StorageContainerManager (StorageContainerManager.java:stop(826)) - Stopping block service RPC server
2019-11-14 22:50:17,154 [main] INFO  server.SCMBlockProtocolServer (SCMBlockProtocolServer.java:stop(155)) - Stopping the RPC server for Block Protocol
2019-11-14 22:50:17,154 [main] INFO  ipc.Server (Server.java:stop(3082)) - Stopping server on 33156
2019-11-14 22:50:17,156 [IPC Server listener on 33156] INFO  ipc.Server (Server.java:run(1185)) - Stopping IPC Server listener on 33156
2019-11-14 22:50:17,156 [main] INFO  server.StorageContainerManager (StorageContainerManager.java:stop(833)) - Stopping the StorageContainerLocationProtocol RPC server
2019-11-14 22:50:17,156 [IPC Server Responder] INFO  ipc.Server (Server.java:run(1319)) - Stopping IPC Server Responder
2019-11-14 22:50:17,157 [main] INFO  server.SCMClientProtocolServer (SCMClientProtocolServer.java:stop(169)) - Stopping the RPC server for Client Protocol
2019-11-14 22:50:17,157 [main] INFO  ipc.Server (Server.java:stop(3082)) - Stopping server on 38354
2019-11-14 22:50:17,159 [IPC Server listener on 38354] INFO  ipc.Server (Server.java:run(1185)) - Stopping IPC Server listener on 38354
2019-11-14 22:50:17,159 [main] INFO  server.StorageContainerManager (StorageContainerManager.java:stop(840)) - Stopping Storage Container Manager HTTP server.
2019-11-14 22:50:17,159 [IPC Server Responder] INFO  ipc.Server (Server.java:run(1319)) - Stopping IPC Server Responder
2019-11-14 22:50:17,161 [main] INFO  handler.ContextHandler (ContextHandler.java:doStop(910)) - Stopped o.e.j.w.WebAppContext@756808cc{/,null,UNAVAILABLE}{/scm}
2019-11-14 22:50:17,161 [main] INFO  server.AbstractConnector (AbstractConnector.java:doStop(318)) - Stopped ServerConnector@52f8a6f4{HTTP/1.1,[http/1.1]}{0.0.0.0:0}
2019-11-14 22:50:17,162 [main] INFO  handler.ContextHandler (ContextHandler.java:doStop(910)) - Stopped o.e.j.s.ServletContextHandler@5a7b309b{/static,file:///workdir/hadoop-ozone/integration-test/target/test-classes/webapps/static,UNAVAILABLE}
2019-11-14 22:50:17,162 [main] INFO  handler.ContextHandler (ContextHandler.java:doStop(910)) - Stopped o.e.j.s.ServletContextHandler@6b8b5020{/logs,file:///workdir/hadoop-ozone/integration-test/target/log,UNAVAILABLE}
2019-11-14 22:50:17,163 [main] INFO  server.StorageContainerManager (StorageContainerManager.java:stop(851)) - Stopping Block Manager Service.
2019-11-14 22:50:17,163 [main] INFO  utils.BackgroundService (BackgroundService.java:shutdown(151)) - Shutting down service SCMBlockDeletingService
2019-11-14 22:50:17,163 [main] INFO  utils.BackgroundService (BackgroundService.java:shutdown(151)) - Shutting down service SCMBlockDeletingService
2019-11-14 22:50:17,163 [main] INFO  server.StorageContainerManager (StorageContainerManager.java:stop(873)) - Stopping SCM Event Queue.
2019-11-14 22:50:17,169 [main] INFO  impl.MetricsSystemImpl (MetricsSystemImpl.java:stop(210)) - Stopping HddsDatanode metrics system...
2019-11-14 22:50:17,176 [main] INFO  impl.MetricsSystemImpl (MetricsSystemImpl.java:stop(216)) - HddsDatanode metrics system stopped.
]]></system-out>
    <system-err><![CDATA[Nov 14, 2019 10:49:23 PM org.apache.ratis.thirdparty.io.grpc.internal.ManagedChannelOrphanWrapper$ManagedChannelReference cleanQueue
SEVERE: *~*~*~ Channel ManagedChannelImpl{logId=2418, target=192.168.69.106:38186} was not shutdown properly!!! ~*~*~*
    Make sure to call shutdown()/shutdownNow() and wait until awaitTermination() returns true.
java.lang.RuntimeException: ManagedChannel allocation site
	at org.apache.ratis.thirdparty.io.grpc.internal.ManagedChannelOrphanWrapper$ManagedChannelReference.<init>(ManagedChannelOrphanWrapper.java:103)
	at org.apache.ratis.thirdparty.io.grpc.internal.ManagedChannelOrphanWrapper.<init>(ManagedChannelOrphanWrapper.java:53)
	at org.apache.ratis.thirdparty.io.grpc.internal.ManagedChannelOrphanWrapper.<init>(ManagedChannelOrphanWrapper.java:44)
	at org.apache.ratis.thirdparty.io.grpc.internal.AbstractManagedChannelImplBuilder.build(AbstractManagedChannelImplBuilder.java:411)
	at org.apache.hadoop.hdds.scm.XceiverClientGrpc.connectToDatanode(XceiverClientGrpc.java:189)
	at org.apache.hadoop.hdds.scm.XceiverClientGrpc.reconnect(XceiverClientGrpc.java:466)
	at org.apache.hadoop.hdds.scm.XceiverClientGrpc.checkOpen(XceiverClientGrpc.java:457)
	at org.apache.hadoop.hdds.scm.XceiverClientGrpc.sendCommandAsync(XceiverClientGrpc.java:399)
	at org.apache.hadoop.hdds.scm.XceiverClientGrpc.sendCommandWithRetry(XceiverClientGrpc.java:318)
	at org.apache.hadoop.hdds.scm.XceiverClientGrpc.sendCommandWithTraceIDAndRetry(XceiverClientGrpc.java:263)
	at org.apache.hadoop.hdds.scm.XceiverClientGrpc.sendCommand(XceiverClientGrpc.java:247)
	at org.apache.hadoop.hdds.scm.storage.ContainerProtocolCalls.getBlock(ContainerProtocolCalls.java:118)
	at org.apache.hadoop.hdds.scm.storage.BlockInputStream.getChunkInfos(BlockInputStream.java:169)
	at org.apache.hadoop.hdds.scm.storage.BlockInputStream.initialize(BlockInputStream.java:118)
	at org.apache.hadoop.hdds.scm.storage.BlockInputStream.read(BlockInputStream.java:224)
	at org.apache.hadoop.ozone.client.io.KeyInputStream.read(KeyInputStream.java:173)
	at org.apache.hadoop.ozone.client.io.OzoneInputStream.read(OzoneInputStream.java:47)
	at java.io.InputStream.read(InputStream.java:101)
	at org.apache.hadoop.ozone.container.ContainerTestHelper.validateData(ContainerTestHelper.java:754)
	at org.apache.hadoop.ozone.client.rpc.TestFailureHandlingByClient.validateData(TestFailureHandlingByClient.java:413)
	at org.apache.hadoop.ozone.client.rpc.TestFailureHandlingByClient.testWriteSmallFile(TestFailureHandlingByClient.java:217)
	at sun.reflect.NativeMethodAccessorImpl.invoke0(Native Method)
	at sun.reflect.NativeMethodAccessorImpl.invoke(NativeMethodAccessorImpl.java:62)
	at sun.reflect.DelegatingMethodAccessorImpl.invoke(DelegatingMethodAccessorImpl.java:43)
	at java.lang.reflect.Method.invoke(Method.java:498)
	at org.junit.runners.model.FrameworkMethod$1.runReflectiveCall(FrameworkMethod.java:47)
	at org.junit.internal.runners.model.ReflectiveCallable.run(ReflectiveCallable.java:12)
	at org.junit.runners.model.FrameworkMethod.invokeExplosively(FrameworkMethod.java:44)
	at org.junit.internal.runners.statements.InvokeMethod.evaluate(InvokeMethod.java:17)
	at org.junit.internal.runners.statements.RunAfters.evaluate(RunAfters.java:27)
	at org.junit.runners.ParentRunner.runLeaf(ParentRunner.java:271)
	at org.junit.runners.BlockJUnit4ClassRunner.runChild(BlockJUnit4ClassRunner.java:70)
	at org.junit.runners.BlockJUnit4ClassRunner.runChild(BlockJUnit4ClassRunner.java:50)
	at org.junit.runners.ParentRunner$3.run(ParentRunner.java:238)
	at org.junit.runners.ParentRunner$1.schedule(ParentRunner.java:63)
	at org.junit.runners.ParentRunner.runChildren(ParentRunner.java:236)
	at org.junit.runners.ParentRunner.access$000(ParentRunner.java:53)
	at org.junit.runners.ParentRunner$2.evaluate(ParentRunner.java:229)
	at org.junit.runners.ParentRunner.run(ParentRunner.java:309)
	at org.apache.maven.surefire.junit4.JUnit4Provider.execute(JUnit4Provider.java:365)
	at org.apache.maven.surefire.junit4.JUnit4Provider.executeWithRerun(JUnit4Provider.java:273)
	at org.apache.maven.surefire.junit4.JUnit4Provider.executeTestSet(JUnit4Provider.java:238)
	at org.apache.maven.surefire.junit4.JUnit4Provider.invoke(JUnit4Provider.java:159)
	at org.apache.maven.surefire.booter.ForkedBooter.invokeProviderInSameClassLoader(ForkedBooter.java:384)
	at org.apache.maven.surefire.booter.ForkedBooter.runSuitesInProcess(ForkedBooter.java:345)
	at org.apache.maven.surefire.booter.ForkedBooter.execute(ForkedBooter.java:126)
	at org.apache.maven.surefire.booter.ForkedBooter.main(ForkedBooter.java:418)

Nov 14, 2019 10:49:23 PM org.apache.ratis.thirdparty.io.grpc.internal.ManagedChannelOrphanWrapper$ManagedChannelReference cleanQueue
SEVERE: *~*~*~ Channel ManagedChannelImpl{logId=2400, target=192.168.69.106:35487} was not shutdown properly!!! ~*~*~*
    Make sure to call shutdown()/shutdownNow() and wait until awaitTermination() returns true.
java.lang.RuntimeException: ManagedChannel allocation site
	at org.apache.ratis.thirdparty.io.grpc.internal.ManagedChannelOrphanWrapper$ManagedChannelReference.<init>(ManagedChannelOrphanWrapper.java:103)
	at org.apache.ratis.thirdparty.io.grpc.internal.ManagedChannelOrphanWrapper.<init>(ManagedChannelOrphanWrapper.java:53)
	at org.apache.ratis.thirdparty.io.grpc.internal.ManagedChannelOrphanWrapper.<init>(ManagedChannelOrphanWrapper.java:44)
	at org.apache.ratis.thirdparty.io.grpc.internal.AbstractManagedChannelImplBuilder.build(AbstractManagedChannelImplBuilder.java:411)
	at org.apache.ratis.grpc.client.GrpcClientProtocolClient.<init>(GrpcClientProtocolClient.java:128)
	at org.apache.ratis.grpc.client.GrpcClientRpc.lambda$new$0(GrpcClientRpc.java:55)
	at org.apache.ratis.util.PeerProxyMap$PeerAndProxy.lambda$getProxy$0(PeerProxyMap.java:62)
	at org.apache.ratis.util.LifeCycle.startAndTransition(LifeCycle.java:202)
	at org.apache.ratis.util.PeerProxyMap$PeerAndProxy.getProxy(PeerProxyMap.java:61)
	at org.apache.ratis.util.PeerProxyMap.getProxy(PeerProxyMap.java:109)
	at org.apache.ratis.grpc.client.GrpcClientRpc.sendRequestAsync(GrpcClientRpc.java:66)
	at org.apache.ratis.client.impl.OrderedAsync.sendRequest(OrderedAsync.java:233)
	at org.apache.ratis.client.impl.OrderedAsync.sendRequestWithRetry(OrderedAsync.java:188)
	at org.apache.ratis.util.SlidingWindow$Client.sendOrDelayRequest(SlidingWindow.java:278)
	at org.apache.ratis.util.SlidingWindow$Client.retry(SlidingWindow.java:294)
	at org.apache.ratis.client.impl.OrderedAsync.lambda$scheduleWithTimeout$7(OrderedAsync.java:220)
	at org.apache.ratis.util.TimeoutScheduler.lambda$onTimeout$0(TimeoutScheduler.java:141)
	at org.apache.ratis.util.TimeoutScheduler.lambda$onTimeout$1(TimeoutScheduler.java:155)
	at org.apache.ratis.util.LogUtils.runAndLog(LogUtils.java:50)
	at org.apache.ratis.util.LogUtils$1.run(LogUtils.java:91)
	at java.util.concurrent.Executors$RunnableAdapter.call(Executors.java:511)
	at java.util.concurrent.FutureTask.run(FutureTask.java:266)
	at java.util.concurrent.ScheduledThreadPoolExecutor$ScheduledFutureTask.access$201(ScheduledThreadPoolExecutor.java:180)
	at java.util.concurrent.ScheduledThreadPoolExecutor$ScheduledFutureTask.run(ScheduledThreadPoolExecutor.java:293)
	at java.util.concurrent.ThreadPoolExecutor.runWorker(ThreadPoolExecutor.java:1149)
	at java.util.concurrent.ThreadPoolExecutor$Worker.run(ThreadPoolExecutor.java:624)
	at java.lang.Thread.run(Thread.java:748)

Nov 14, 2019 10:49:23 PM org.apache.ratis.thirdparty.io.grpc.internal.ManagedChannelOrphanWrapper$ManagedChannelReference cleanQueue
SEVERE: *~*~*~ Channel ManagedChannelImpl{logId=2413, target=192.168.69.106:37045} was not shutdown properly!!! ~*~*~*
    Make sure to call shutdown()/shutdownNow() and wait until awaitTermination() returns true.
java.lang.RuntimeException: ManagedChannel allocation site
	at org.apache.ratis.thirdparty.io.grpc.internal.ManagedChannelOrphanWrapper$ManagedChannelReference.<init>(ManagedChannelOrphanWrapper.java:103)
	at org.apache.ratis.thirdparty.io.grpc.internal.ManagedChannelOrphanWrapper.<init>(ManagedChannelOrphanWrapper.java:53)
	at org.apache.ratis.thirdparty.io.grpc.internal.ManagedChannelOrphanWrapper.<init>(ManagedChannelOrphanWrapper.java:44)
	at org.apache.ratis.thirdparty.io.grpc.internal.AbstractManagedChannelImplBuilder.build(AbstractManagedChannelImplBuilder.java:411)
	at org.apache.hadoop.hdds.scm.XceiverClientGrpc.connectToDatanode(XceiverClientGrpc.java:189)
	at org.apache.hadoop.hdds.scm.XceiverClientGrpc.connect(XceiverClientGrpc.java:138)
	at org.apache.hadoop.hdds.scm.XceiverClientManager$2.call(XceiverClientManager.java:242)
	at org.apache.hadoop.hdds.scm.XceiverClientManager$2.call(XceiverClientManager.java:226)
	at com.google.common.cache.LocalCache$LocalManualCache$1.load(LocalCache.java:4767)
	at com.google.common.cache.LocalCache$LoadingValueReference.loadFuture(LocalCache.java:3568)
	at com.google.common.cache.LocalCache$Segment.loadSync(LocalCache.java:2350)
	at com.google.common.cache.LocalCache$Segment.lockedGetOrLoad(LocalCache.java:2313)
	at com.google.common.cache.LocalCache$Segment.get(LocalCache.java:2228)
	at com.google.common.cache.LocalCache.get(LocalCache.java:3965)
	at com.google.common.cache.LocalCache$LocalManualCache.get(LocalCache.java:4764)
	at org.apache.hadoop.hdds.scm.XceiverClientManager.getClient(XceiverClientManager.java:226)
	at org.apache.hadoop.hdds.scm.XceiverClientManager.acquireClient(XceiverClientManager.java:172)
	at org.apache.hadoop.hdds.scm.XceiverClientManager.acquireClientForReadData(XceiverClientManager.java:162)
	at org.apache.hadoop.hdds.scm.storage.BlockInputStream.getChunkInfos(BlockInputStream.java:154)
	at org.apache.hadoop.hdds.scm.storage.BlockInputStream.initialize(BlockInputStream.java:118)
	at org.apache.hadoop.hdds.scm.storage.BlockInputStream.read(BlockInputStream.java:224)
	at org.apache.hadoop.ozone.client.io.KeyInputStream.read(KeyInputStream.java:173)
	at org.apache.hadoop.ozone.client.io.OzoneInputStream.read(OzoneInputStream.java:47)
	at java.io.InputStream.read(InputStream.java:101)
	at org.apache.hadoop.ozone.container.ContainerTestHelper.validateData(ContainerTestHelper.java:754)
	at org.apache.hadoop.ozone.client.rpc.TestFailureHandlingByClient.validateData(TestFailureHandlingByClient.java:413)
	at org.apache.hadoop.ozone.client.rpc.TestFailureHandlingByClient.testWriteSmallFile(TestFailureHandlingByClient.java:217)
	at sun.reflect.NativeMethodAccessorImpl.invoke0(Native Method)
	at sun.reflect.NativeMethodAccessorImpl.invoke(NativeMethodAccessorImpl.java:62)
	at sun.reflect.DelegatingMethodAccessorImpl.invoke(DelegatingMethodAccessorImpl.java:43)
	at java.lang.reflect.Method.invoke(Method.java:498)
	at org.junit.runners.model.FrameworkMethod$1.runReflectiveCall(FrameworkMethod.java:47)
	at org.junit.internal.runners.model.ReflectiveCallable.run(ReflectiveCallable.java:12)
	at org.junit.runners.model.FrameworkMethod.invokeExplosively(FrameworkMethod.java:44)
	at org.junit.internal.runners.statements.InvokeMethod.evaluate(InvokeMethod.java:17)
	at org.junit.internal.runners.statements.RunAfters.evaluate(RunAfters.java:27)
	at org.junit.runners.ParentRunner.runLeaf(ParentRunner.java:271)
	at org.junit.runners.BlockJUnit4ClassRunner.runChild(BlockJUnit4ClassRunner.java:70)
	at org.junit.runners.BlockJUnit4ClassRunner.runChild(BlockJUnit4ClassRunner.java:50)
	at org.junit.runners.ParentRunner$3.run(ParentRunner.java:238)
	at org.junit.runners.ParentRunner$1.schedule(ParentRunner.java:63)
	at org.junit.runners.ParentRunner.runChildren(ParentRunner.java:236)
	at org.junit.runners.ParentRunner.access$000(ParentRunner.java:53)
	at org.junit.runners.ParentRunner$2.evaluate(ParentRunner.java:229)
	at org.junit.runners.ParentRunner.run(ParentRunner.java:309)
	at org.apache.maven.surefire.junit4.JUnit4Provider.execute(JUnit4Provider.java:365)
	at org.apache.maven.surefire.junit4.JUnit4Provider.executeWithRerun(JUnit4Provider.java:273)
	at org.apache.maven.surefire.junit4.JUnit4Provider.executeTestSet(JUnit4Provider.java:238)
	at org.apache.maven.surefire.junit4.JUnit4Provider.invoke(JUnit4Provider.java:159)
	at org.apache.maven.surefire.booter.ForkedBooter.invokeProviderInSameClassLoader(ForkedBooter.java:384)
	at org.apache.maven.surefire.booter.ForkedBooter.runSuitesInProcess(ForkedBooter.java:345)
	at org.apache.maven.surefire.booter.ForkedBooter.execute(ForkedBooter.java:126)
	at org.apache.maven.surefire.booter.ForkedBooter.main(ForkedBooter.java:418)

Nov 14, 2019 10:49:51 PM org.apache.ratis.thirdparty.io.grpc.internal.SerializingExecutor run
SEVERE: Exception while executing runnable org.apache.ratis.thirdparty.io.grpc.internal.ServerImpl$JumpToApplicationThreadServerStreamListener$1Closed@64005c7e
org.apache.ratis.thirdparty.io.grpc.StatusRuntimeException: CANCELLED: call already cancelled
	at org.apache.ratis.thirdparty.io.grpc.Status.asRuntimeException(Status.java:517)
	at org.apache.ratis.thirdparty.io.grpc.stub.ServerCalls$ServerCallStreamObserverImpl.onCompleted(ServerCalls.java:356)
	at org.apache.ratis.grpc.server.GrpcServerProtocolService$ServerRequestStreamObserver.onError(GrpcServerProtocolService.java:121)
	at org.apache.ratis.thirdparty.io.grpc.stub.ServerCalls$StreamingServerCallHandler$StreamingServerCallListener.onCancel(ServerCalls.java:269)
	at org.apache.ratis.thirdparty.io.grpc.internal.ServerCallImpl$ServerStreamListenerImpl.closed(ServerCallImpl.java:293)
	at org.apache.ratis.thirdparty.io.grpc.internal.ServerImpl$JumpToApplicationThreadServerStreamListener$1Closed.runInContext(ServerImpl.java:741)
	at org.apache.ratis.thirdparty.io.grpc.internal.ContextRunnable.run(ContextRunnable.java:37)
	at org.apache.ratis.thirdparty.io.grpc.internal.SerializingExecutor.run(SerializingExecutor.java:123)
	at java.util.concurrent.ThreadPoolExecutor.runWorker(ThreadPoolExecutor.java:1149)
	at java.util.concurrent.ThreadPoolExecutor$Worker.run(ThreadPoolExecutor.java:624)
	at java.lang.Thread.run(Thread.java:748)

Nov 14, 2019 10:49:51 PM org.apache.ratis.thirdparty.io.grpc.internal.SerializingExecutor run
SEVERE: Exception while executing runnable org.apache.ratis.thirdparty.io.grpc.internal.ServerImpl$JumpToApplicationThreadServerStreamListener$1Closed@5227bb81
org.apache.ratis.thirdparty.io.grpc.StatusRuntimeException: CANCELLED: call already cancelled
	at org.apache.ratis.thirdparty.io.grpc.Status.asRuntimeException(Status.java:517)
	at org.apache.ratis.thirdparty.io.grpc.stub.ServerCalls$ServerCallStreamObserverImpl.onCompleted(ServerCalls.java:356)
	at org.apache.ratis.grpc.server.GrpcServerProtocolService$ServerRequestStreamObserver.onError(GrpcServerProtocolService.java:121)
	at org.apache.ratis.thirdparty.io.grpc.stub.ServerCalls$StreamingServerCallHandler$StreamingServerCallListener.onCancel(ServerCalls.java:269)
	at org.apache.ratis.thirdparty.io.grpc.internal.ServerCallImpl$ServerStreamListenerImpl.closed(ServerCallImpl.java:293)
	at org.apache.ratis.thirdparty.io.grpc.internal.ServerImpl$JumpToApplicationThreadServerStreamListener$1Closed.runInContext(ServerImpl.java:741)
	at org.apache.ratis.thirdparty.io.grpc.internal.ContextRunnable.run(ContextRunnable.java:37)
	at org.apache.ratis.thirdparty.io.grpc.internal.SerializingExecutor.run(SerializingExecutor.java:123)
	at java.util.concurrent.ThreadPoolExecutor.runWorker(ThreadPoolExecutor.java:1149)
	at java.util.concurrent.ThreadPoolExecutor$Worker.run(ThreadPoolExecutor.java:624)
	at java.lang.Thread.run(Thread.java:748)

Nov 14, 2019 10:49:56 PM org.apache.ratis.thirdparty.io.grpc.internal.SerializingExecutor run
SEVERE: Exception while executing runnable org.apache.ratis.thirdparty.io.grpc.internal.ServerImpl$JumpToApplicationThreadServerStreamListener$1Closed@22556f4c
org.apache.ratis.thirdparty.io.grpc.StatusRuntimeException: CANCELLED: call already cancelled
	at org.apache.ratis.thirdparty.io.grpc.Status.asRuntimeException(Status.java:517)
	at org.apache.ratis.thirdparty.io.grpc.stub.ServerCalls$ServerCallStreamObserverImpl.onCompleted(ServerCalls.java:356)
	at org.apache.ratis.grpc.server.GrpcServerProtocolService$ServerRequestStreamObserver.onError(GrpcServerProtocolService.java:121)
	at org.apache.ratis.thirdparty.io.grpc.stub.ServerCalls$StreamingServerCallHandler$StreamingServerCallListener.onCancel(ServerCalls.java:269)
	at org.apache.ratis.thirdparty.io.grpc.internal.ServerCallImpl$ServerStreamListenerImpl.closed(ServerCallImpl.java:293)
	at org.apache.ratis.thirdparty.io.grpc.internal.ServerImpl$JumpToApplicationThreadServerStreamListener$1Closed.runInContext(ServerImpl.java:741)
	at org.apache.ratis.thirdparty.io.grpc.internal.ContextRunnable.run(ContextRunnable.java:37)
	at org.apache.ratis.thirdparty.io.grpc.internal.SerializingExecutor.run(SerializingExecutor.java:123)
	at java.util.concurrent.ThreadPoolExecutor.runWorker(ThreadPoolExecutor.java:1149)
	at java.util.concurrent.ThreadPoolExecutor$Worker.run(ThreadPoolExecutor.java:624)
	at java.lang.Thread.run(Thread.java:748)

Nov 14, 2019 10:50:01 PM org.apache.ratis.thirdparty.io.grpc.internal.SerializingExecutor run
SEVERE: Exception while executing runnable org.apache.ratis.thirdparty.io.grpc.internal.ServerImpl$JumpToApplicationThreadServerStreamListener$1Closed@6315a7ad
org.apache.ratis.thirdparty.io.grpc.StatusRuntimeException: CANCELLED: call already cancelled
	at org.apache.ratis.thirdparty.io.grpc.Status.asRuntimeException(Status.java:517)
	at org.apache.ratis.thirdparty.io.grpc.stub.ServerCalls$ServerCallStreamObserverImpl.onCompleted(ServerCalls.java:356)
	at org.apache.ratis.grpc.server.GrpcServerProtocolService$ServerRequestStreamObserver.onError(GrpcServerProtocolService.java:121)
	at org.apache.ratis.thirdparty.io.grpc.stub.ServerCalls$StreamingServerCallHandler$StreamingServerCallListener.onCancel(ServerCalls.java:269)
	at org.apache.ratis.thirdparty.io.grpc.internal.ServerCallImpl$ServerStreamListenerImpl.closed(ServerCallImpl.java:293)
	at org.apache.ratis.thirdparty.io.grpc.internal.ServerImpl$JumpToApplicationThreadServerStreamListener$1Closed.runInContext(ServerImpl.java:741)
	at org.apache.ratis.thirdparty.io.grpc.internal.ContextRunnable.run(ContextRunnable.java:37)
	at org.apache.ratis.thirdparty.io.grpc.internal.SerializingExecutor.run(SerializingExecutor.java:123)
	at java.util.concurrent.ThreadPoolExecutor.runWorker(ThreadPoolExecutor.java:1149)
	at java.util.concurrent.ThreadPoolExecutor$Worker.run(ThreadPoolExecutor.java:624)
	at java.lang.Thread.run(Thread.java:748)

Nov 14, 2019 10:50:06 PM org.apache.ratis.thirdparty.io.grpc.internal.SerializingExecutor run
SEVERE: Exception while executing runnable org.apache.ratis.thirdparty.io.grpc.internal.ServerImpl$JumpToApplicationThreadServerStreamListener$1Closed@486053d
org.apache.ratis.thirdparty.io.grpc.StatusRuntimeException: CANCELLED: call already cancelled
	at org.apache.ratis.thirdparty.io.grpc.Status.asRuntimeException(Status.java:517)
	at org.apache.ratis.thirdparty.io.grpc.stub.ServerCalls$ServerCallStreamObserverImpl.onCompleted(ServerCalls.java:356)
	at org.apache.ratis.grpc.server.GrpcServerProtocolService$ServerRequestStreamObserver.onError(GrpcServerProtocolService.java:121)
	at org.apache.ratis.thirdparty.io.grpc.stub.ServerCalls$StreamingServerCallHandler$StreamingServerCallListener.onCancel(ServerCalls.java:269)
	at org.apache.ratis.thirdparty.io.grpc.internal.ServerCallImpl$ServerStreamListenerImpl.closed(ServerCallImpl.java:293)
	at org.apache.ratis.thirdparty.io.grpc.internal.ServerImpl$JumpToApplicationThreadServerStreamListener$1Closed.runInContext(ServerImpl.java:741)
	at org.apache.ratis.thirdparty.io.grpc.internal.ContextRunnable.run(ContextRunnable.java:37)
	at org.apache.ratis.thirdparty.io.grpc.internal.SerializingExecutor.run(SerializingExecutor.java:123)
	at java.util.concurrent.ThreadPoolExecutor.runWorker(ThreadPoolExecutor.java:1149)
	at java.util.concurrent.ThreadPoolExecutor$Worker.run(ThreadPoolExecutor.java:624)
	at java.lang.Thread.run(Thread.java:748)

Exception in thread "df16aec3-050f-40e4-a922-70bdb89d4bf1@group-F1AED5EE4D6F-LeaderElection180" java.lang.IllegalStateException: ILLEGAL TRANSITION: In df16aec3-050f-40e4-a922-70bdb89d4bf1@group-F1AED5EE4D6F-LeaderElection180, RUNNING -> CLOSED
	at org.apache.ratis.util.Preconditions.assertTrue(Preconditions.java:63)
	at org.apache.ratis.util.LifeCycle$State.validate(LifeCycle.java:123)
	at org.apache.ratis.util.LifeCycle.transition(LifeCycle.java:143)
	at org.apache.ratis.server.impl.LeaderElection.run(LeaderElection.java:151)
	at java.lang.Thread.run(Thread.java:748)
]]></system-err>
  </testcase>
</testsuite>