<?xml version="1.0" encoding="UTF-8"?>
<testsuite xmlns:xsi="http://www.w3.org/2001/XMLSchema-instance" xsi:noNamespaceSchemaLocation="https://maven.apache.org/surefire/maven-surefire-plugin/xsd/surefire-test-report.xsd" name="org.apache.hadoop.ozone.client.rpc.TestDeleteWithSlowFollower" time="138.473" tests="1" errors="0" skipped="0" failures="1">
  <properties>
    <property name="awt.toolkit" value="sun.awt.X11.XToolkit"/>
    <property name="file.encoding.pkg" value="sun.io"/>
    <property name="java.specification.version" value="1.8"/>
    <property name="sun.cpu.isalist" value=""/>
    <property name="sun.jnu.encoding" value="ANSI_X3.4-1968"/>
    <property name="java.class.path" value="/workdir/hadoop-ozone/integration-test/target/test-classes:/workdir/hadoop-ozone/integration-test/target/classes:/home/user/.m2/repository/org/apache/hadoop/hadoop-ozone-common/0.5.0-SNAPSHOT/hadoop-ozone-common-0.5.0-SNAPSHOT.jar:/home/user/.m2/repository/org/apache/commons/commons-compress/1.4.1/commons-compress-1.4.1.jar:/home/user/.m2/repository/org/tukaani/xz/1.0/xz-1.0.jar:/home/user/.m2/repository/org/apache/hadoop/hadoop-common/3.2.0/hadoop-common-3.2.0.jar:/home/user/.m2/repository/org/apache/hadoop/hadoop-hdfs/3.2.0/hadoop-hdfs-3.2.0.jar:/home/user/.m2/repository/org/apache/hadoop/hadoop-hdfs-client/3.2.0/hadoop-hdfs-client-3.2.0.jar:/home/user/.m2/repository/com/fasterxml/jackson/core/jackson-annotations/2.9.9/jackson-annotations-2.9.9.jar:/home/user/.m2/repository/org/apache/hadoop/hadoop-hdds-common/0.5.0-SNAPSHOT/hadoop-hdds-common-0.5.0-SNAPSHOT.jar:/home/user/.m2/repository/javax/annotation/javax.annotation-api/1.2/javax.annotation-api-1.2.jar:/home/user/.m2/repository/org/apache/ratis/ratis-server/0.5.0-ced7dbf-SNAPSHOT/ratis-server-0.5.0-ced7dbf-SNAPSHOT.jar:/home/user/.m2/repository/org/apache/ratis/ratis-thirdparty-misc/0.2.0/ratis-thirdparty-misc-0.2.0.jar:/home/user/.m2/repository/org/apache/ratis/ratis-proto/0.5.0-ced7dbf-SNAPSHOT/ratis-proto-0.5.0-ced7dbf-SNAPSHOT.jar:/home/user/.m2/repository/org/apache/ratis/ratis-common/0.5.0-ced7dbf-SNAPSHOT/ratis-common-0.5.0-ced7dbf-SNAPSHOT.jar:/home/user/.m2/repository/org/apache/ratis/ratis-client/0.5.0-ced7dbf-SNAPSHOT/ratis-client-0.5.0-ced7dbf-SNAPSHOT.jar:/home/user/.m2/repository/org/apache/ratis/ratis-metrics/0.5.0-ced7dbf-SNAPSHOT/ratis-metrics-0.5.0-ced7dbf-SNAPSHOT.jar:/home/user/.m2/repository/org/apache/ratis/ratis-netty/0.5.0-ced7dbf-SNAPSHOT/ratis-netty-0.5.0-ced7dbf-SNAPSHOT.jar:/home/user/.m2/repository/org/apache/ratis/ratis-grpc/0.5.0-ced7dbf-SNAPSHOT/ratis-grpc-0.5.0-ced7dbf-SNAPSHOT.jar:/home/user/.m2/repository/org/rocksdb/rocksdbjni/6.0.1/rocksdbjni-6.0.1.jar:/home/user/.m2/repository/org/apache/logging/log4j/log4j-api/2.11.0/log4j-api-2.11.0.jar:/home/user/.m2/repository/org/apache/logging/log4j/log4j-core/2.11.0/log4j-core-2.11.0.jar:/home/user/.m2/repository/com/lmax/disruptor/3.4.2/disruptor-3.4.2.jar:/home/user/.m2/repository/org/apache/commons/commons-pool2/2.6.0/commons-pool2-2.6.0.jar:/home/user/.m2/repository/org/bouncycastle/bcpkix-jdk15on/1.60/bcpkix-jdk15on-1.60.jar:/home/user/.m2/repository/commons-validator/commons-validator/1.6/commons-validator-1.6.jar:/home/user/.m2/repository/commons-digester/commons-digester/1.8.1/commons-digester-1.8.1.jar:/home/user/.m2/repository/io/jaegertracing/jaeger-client/0.34.0/jaeger-client-0.34.0.jar:/home/user/.m2/repository/io/jaegertracing/jaeger-thrift/0.34.0/jaeger-thrift-0.34.0.jar:/home/user/.m2/repository/org/apache/thrift/libthrift/0.12.0/libthrift-0.12.0.jar:/home/user/.m2/repository/com/squareup/okhttp3/okhttp/3.9.0/okhttp-3.9.0.jar:/home/user/.m2/repository/com/squareup/okio/okio/1.13.0/okio-1.13.0.jar:/home/user/.m2/repository/io/jaegertracing/jaeger-core/0.34.0/jaeger-core-0.34.0.jar:/home/user/.m2/repository/io/jaegertracing/jaeger-tracerresolver/0.34.0/jaeger-tracerresolver-0.34.0.jar:/home/user/.m2/repository/io/opentracing/contrib/opentracing-tracerresolver/0.1.5/opentracing-tracerresolver-0.1.5.jar:/home/user/.m2/repository/io/opentracing/opentracing-util/0.31.0/opentracing-util-0.31.0.jar:/home/user/.m2/repository/io/opentracing/opentracing-api/0.31.0/opentracing-api-0.31.0.jar:/home/user/.m2/repository/io/opentracing/opentracing-noop/0.31.0/opentracing-noop-0.31.0.jar:/home/user/.m2/repository/org/apache/hadoop/hadoop-hdds-server-framework/0.5.0-SNAPSHOT/hadoop-hdds-server-framework-0.5.0-SNAPSHOT.jar:/home/user/.m2/repository/org/apache/hadoop/hadoop-hdds-container-service/0.5.0-SNAPSHOT/hadoop-hdds-container-service-0.5.0-SNAPSHOT.jar:/home/user/.m2/repository/org/apache/hadoop/hadoop-hdds-client/0.5.0-SNAPSHOT/hadoop-hdds-client-0.5.0-SNAPSHOT.jar:/home/user/.m2/repository/org/apache/hadoop/hadoop-hdds-tools/0.5.0-SNAPSHOT/hadoop-hdds-tools-0.5.0-SNAPSHOT.jar:/home/user/.m2/repository/org/apache/hadoop/hadoop-hdds-server-scm/0.5.0-SNAPSHOT/hadoop-hdds-server-scm-0.5.0-SNAPSHOT.jar:/home/user/.m2/repository/org/apache/hadoop/hadoop-hdds-docs/0.5.0-SNAPSHOT/hadoop-hdds-docs-0.5.0-SNAPSHOT.jar:/home/user/.m2/repository/io/dropwizard/metrics/metrics-core/3.2.4/metrics-core-3.2.4.jar:/home/user/.m2/repository/org/hamcrest/hamcrest-all/1.3/hamcrest-all-1.3.jar:/home/user/.m2/repository/org/bouncycastle/bcprov-jdk15on/1.60/bcprov-jdk15on-1.60.jar:/home/user/.m2/repository/info/picocli/picocli/3.9.6/picocli-3.9.6.jar:/home/user/.m2/repository/com/google/protobuf/protobuf-java/2.5.0/protobuf-java-2.5.0.jar:/home/user/.m2/repository/com/google/guava/guava/11.0.2/guava-11.0.2.jar:/home/user/.m2/repository/org/apache/hadoop/hadoop-ozone-ozone-manager/0.5.0-SNAPSHOT/hadoop-ozone-ozone-manager-0.5.0-SNAPSHOT.jar:/home/user/.m2/repository/org/apache/hadoop/hadoop-minikdc/3.2.0/hadoop-minikdc-3.2.0.jar:/home/user/.m2/repository/commons-io/commons-io/2.5/commons-io-2.5.jar:/home/user/.m2/repository/org/apache/kerby/kerb-simplekdc/1.0.1/kerb-simplekdc-1.0.1.jar:/home/user/.m2/repository/org/apache/kerby/kerb-client/1.0.1/kerb-client-1.0.1.jar:/home/user/.m2/repository/org/apache/kerby/kerby-config/1.0.1/kerby-config-1.0.1.jar:/home/user/.m2/repository/org/apache/kerby/kerb-core/1.0.1/kerb-core-1.0.1.jar:/home/user/.m2/repository/org/apache/kerby/kerby-pkix/1.0.1/kerby-pkix-1.0.1.jar:/home/user/.m2/repository/org/apache/kerby/kerby-asn1/1.0.1/kerby-asn1-1.0.1.jar:/home/user/.m2/repository/org/apache/kerby/kerby-util/1.0.1/kerby-util-1.0.1.jar:/home/user/.m2/repository/org/apache/kerby/kerb-common/1.0.1/kerb-common-1.0.1.jar:/home/user/.m2/repository/org/apache/kerby/kerb-crypto/1.0.1/kerb-crypto-1.0.1.jar:/home/user/.m2/repository/org/apache/kerby/kerb-util/1.0.1/kerb-util-1.0.1.jar:/home/user/.m2/repository/org/apache/kerby/token-provider/1.0.1/token-provider-1.0.1.jar:/home/user/.m2/repository/org/apache/kerby/kerb-admin/1.0.1/kerb-admin-1.0.1.jar:/home/user/.m2/repository/org/apache/kerby/kerb-server/1.0.1/kerb-server-1.0.1.jar:/home/user/.m2/repository/org/apache/kerby/kerb-identity/1.0.1/kerb-identity-1.0.1.jar:/home/user/.m2/repository/org/apache/kerby/kerby-xdr/1.0.1/kerby-xdr-1.0.1.jar:/home/user/.m2/repository/org/slf4j/slf4j-log4j12/1.7.25/slf4j-log4j12-1.7.25.jar:/home/user/.m2/repository/org/apache/hadoop/hadoop-ozone-s3gateway/0.5.0-SNAPSHOT/hadoop-ozone-s3gateway-0.5.0-SNAPSHOT.jar:/home/user/.m2/repository/org/jboss/weld/servlet/weld-servlet/2.4.7.Final/weld-servlet-2.4.7.Final.jar:/home/user/.m2/repository/org/glassfish/jersey/containers/jersey-container-servlet-core/2.27/jersey-container-servlet-core-2.27.jar:/home/user/.m2/repository/org/glassfish/hk2/external/javax.inject/2.5.0-b42/javax.inject-2.5.0-b42.jar:/home/user/.m2/repository/org/glassfish/jersey/core/jersey-common/2.27/jersey-common-2.27.jar:/home/user/.m2/repository/org/glassfish/hk2/osgi-resource-locator/1.0.1/osgi-resource-locator-1.0.1.jar:/home/user/.m2/repository/javax/ws/rs/javax.ws.rs-api/2.1/javax.ws.rs-api-2.1.jar:/home/user/.m2/repository/org/glassfish/jersey/ext/cdi/jersey-cdi1x/2.27/jersey-cdi1x-2.27.jar:/home/user/.m2/repository/org/glassfish/jersey/inject/jersey-hk2/2.27/jersey-hk2-2.27.jar:/home/user/.m2/repository/org/glassfish/hk2/hk2-locator/2.5.0-b42/hk2-locator-2.5.0-b42.jar:/home/user/.m2/repository/org/javassist/javassist/3.22.0-CR2/javassist-3.22.0-CR2.jar:/home/user/.m2/repository/org/glassfish/hk2/hk2-api/2.5.0/hk2-api-2.5.0.jar:/home/user/.m2/repository/org/glassfish/hk2/external/jakarta.inject/2.5.0/jakarta.inject-2.5.0.jar:/home/user/.m2/repository/org/glassfish/hk2/hk2-utils/2.5.0/hk2-utils-2.5.0.jar:/home/user/.m2/repository/jakarta/annotation/jakarta.annotation-api/1.3.4/jakarta.annotation-api-1.3.4.jar:/home/user/.m2/repository/org/glassfish/hk2/external/aopalliance-repackaged/2.5.0/aopalliance-repackaged-2.5.0.jar:/home/user/.m2/repository/com/fasterxml/jackson/dataformat/jackson-dataformat-xml/2.9.0/jackson-dataformat-xml-2.9.0.jar:/home/user/.m2/repository/com/fasterxml/jackson/core/jackson-core/2.9.9/jackson-core-2.9.9.jar:/home/user/.m2/repository/com/fasterxml/jackson/module/jackson-module-jaxb-annotations/2.9.9/jackson-module-jaxb-annotations-2.9.9.jar:/home/user/.m2/repository/javax/enterprise/cdi-api/1.2/cdi-api-1.2.jar:/home/user/.m2/repository/javax/el/javax.el-api/3.0.0/javax.el-api-3.0.0.jar:/home/user/.m2/repository/javax/interceptor/javax.interceptor-api/1.2/javax.interceptor-api-1.2.jar:/home/user/.m2/repository/javax/inject/javax.inject/1/javax.inject-1.jar:/home/user/.m2/repository/com/sun/xml/bind/jaxb-impl/2.3.0.1/jaxb-impl-2.3.0.1.jar:/home/user/.m2/repository/com/sun/xml/bind/jaxb-core/2.3.0.1/jaxb-core-2.3.0.1.jar:/home/user/.m2/repository/javax/xml/bind/jaxb-api/2.3.0/jaxb-api-2.3.0.jar:/home/user/.m2/repository/javax/activation/activation/1.1.1/activation-1.1.1.jar:/home/user/.m2/repository/org/apache/hadoop/hadoop-ozone-csi/0.5.0-SNAPSHOT/hadoop-ozone-csi-0.5.0-SNAPSHOT.jar:/home/user/.m2/repository/com/google/protobuf/protobuf-java-util/3.5.1/protobuf-java-util-3.5.1.jar:/home/user/.m2/repository/org/apache/hadoop/hadoop-hdds-config/0.5.0-SNAPSHOT/hadoop-hdds-config-0.5.0-SNAPSHOT.jar:/home/user/.m2/repository/io/grpc/grpc-netty/1.17.1/grpc-netty-1.17.1.jar:/home/user/.m2/repository/io/grpc/grpc-core/1.17.1/grpc-core-1.17.1.jar:/home/user/.m2/repository/io/grpc/grpc-context/1.17.1/grpc-context-1.17.1.jar:/home/user/.m2/repository/com/google/errorprone/error_prone_annotations/2.2.0/error_prone_annotations-2.2.0.jar:/home/user/.m2/repository/org/codehaus/mojo/animal-sniffer-annotations/1.17/animal-sniffer-annotations-1.17.jar:/home/user/.m2/repository/io/opencensus/opencensus-api/0.17.0/opencensus-api-0.17.0.jar:/home/user/.m2/repository/io/opencensus/opencensus-contrib-grpc-metrics/0.17.0/opencensus-contrib-grpc-metrics-0.17.0.jar:/home/user/.m2/repository/io/netty/netty-codec-http2/4.1.30.Final/netty-codec-http2-4.1.30.Final.jar:/home/user/.m2/repository/io/netty/netty-codec-http/4.1.30.Final/netty-codec-http-4.1.30.Final.jar:/home/user/.m2/repository/io/netty/netty-codec/4.1.30.Final/netty-codec-4.1.30.Final.jar:/home/user/.m2/repository/io/netty/netty-handler/4.1.30.Final/netty-handler-4.1.30.Final.jar:/home/user/.m2/repository/io/netty/netty-handler-proxy/4.1.30.Final/netty-handler-proxy-4.1.30.Final.jar:/home/user/.m2/repository/io/netty/netty-codec-socks/4.1.30.Final/netty-codec-socks-4.1.30.Final.jar:/home/user/.m2/repository/io/netty/netty-transport-native-epoll/4.1.30.Final/netty-transport-native-epoll-4.1.30.Final.jar:/home/user/.m2/repository/io/netty/netty-common/4.1.30.Final/netty-common-4.1.30.Final.jar:/home/user/.m2/repository/io/netty/netty-buffer/4.1.30.Final/netty-buffer-4.1.30.Final.jar:/home/user/.m2/repository/io/netty/netty-transport/4.1.30.Final/netty-transport-4.1.30.Final.jar:/home/user/.m2/repository/io/netty/netty-resolver/4.1.30.Final/netty-resolver-4.1.30.Final.jar:/home/user/.m2/repository/io/netty/netty-transport-native-unix-common/4.1.30.Final/netty-transport-native-unix-common-4.1.30.Final.jar:/home/user/.m2/repository/io/grpc/grpc-protobuf/1.17.1/grpc-protobuf-1.17.1.jar:/home/user/.m2/repository/com/google/api/grpc/proto-google-common-protos/1.0.0/proto-google-common-protos-1.0.0.jar:/home/user/.m2/repository/io/grpc/grpc-protobuf-lite/1.17.1/grpc-protobuf-lite-1.17.1.jar:/home/user/.m2/repository/io/grpc/grpc-stub/1.17.1/grpc-stub-1.17.1.jar:/home/user/.m2/repository/org/apache/hadoop/hadoop-ozone-recon/0.5.0-SNAPSHOT/hadoop-ozone-recon-0.5.0-SNAPSHOT.jar:/home/user/.m2/repository/org/apache/hadoop/hadoop-ozone-reconcodegen/0.5.0-SNAPSHOT/hadoop-ozone-reconcodegen-0.5.0-SNAPSHOT.jar:/home/user/.m2/repository/com/google/inject/extensions/guice-multibindings/4.0/guice-multibindings-4.0.jar:/home/user/.m2/repository/com/google/inject/guice/4.0/guice-4.0.jar:/home/user/.m2/repository/aopalliance/aopalliance/1.0/aopalliance-1.0.jar:/home/user/.m2/repository/com/google/inject/extensions/guice-servlet/4.0/guice-servlet-4.0.jar:/home/user/.m2/repository/org/glassfish/jersey/containers/jersey-container-servlet/2.27/jersey-container-servlet-2.27.jar:/home/user/.m2/repository/org/glassfish/hk2/guice-bridge/2.5.0/guice-bridge-2.5.0.jar:/home/user/.m2/repository/org/glassfish/jersey/core/jersey-server/2.27/jersey-server-2.27.jar:/home/user/.m2/repository/org/glassfish/jersey/core/jersey-client/2.27/jersey-client-2.27.jar:/home/user/.m2/repository/org/glassfish/jersey/media/jersey-media-jaxb/2.27/jersey-media-jaxb-2.27.jar:/home/user/.m2/repository/javax/validation/validation-api/1.1.0.Final/validation-api-1.1.0.Final.jar:/home/user/.m2/repository/org/glassfish/jersey/media/jersey-media-json-jackson/2.27/jersey-media-json-jackson-2.27.jar:/home/user/.m2/repository/org/glassfish/jersey/ext/jersey-entity-filtering/2.27/jersey-entity-filtering-2.27.jar:/home/user/.m2/repository/com/google/inject/extensions/guice-assistedinject/4.0/guice-assistedinject-4.0.jar:/home/user/.m2/repository/org/jooq/jooq/3.11.10/jooq-3.11.10.jar:/home/user/.m2/repository/org/jooq/jooq-meta/3.11.10/jooq-meta-3.11.10.jar:/home/user/.m2/repository/org/jooq/jooq-codegen/3.11.10/jooq-codegen-3.11.10.jar:/home/user/.m2/repository/com/jolbox/bonecp/0.8.0.RELEASE/bonecp-0.8.0.RELEASE.jar:/home/user/.m2/repository/org/xerial/sqlite-jdbc/3.25.2/sqlite-jdbc-3.25.2.jar:/home/user/.m2/repository/org/springframework/spring-jdbc/5.1.3.RELEASE/spring-jdbc-5.1.3.RELEASE.jar:/home/user/.m2/repository/org/springframework/spring-beans/5.1.3.RELEASE/spring-beans-5.1.3.RELEASE.jar:/home/user/.m2/repository/org/springframework/spring-core/5.1.3.RELEASE/spring-core-5.1.3.RELEASE.jar:/home/user/.m2/repository/org/springframework/spring-jcl/5.1.3.RELEASE/spring-jcl-5.1.3.RELEASE.jar:/home/user/.m2/repository/org/springframework/spring-tx/5.1.3.RELEASE/spring-tx-5.1.3.RELEASE.jar:/home/user/.m2/repository/org/apache/hadoop/hadoop-ozone-client/0.5.0-SNAPSHOT/hadoop-ozone-client-0.5.0-SNAPSHOT.jar:/home/user/.m2/repository/commons-lang/commons-lang/2.6/commons-lang-2.6.jar:/home/user/.m2/repository/org/apache/hadoop/hadoop-ozone-ozone-manager/0.5.0-SNAPSHOT/hadoop-ozone-ozone-manager-0.5.0-SNAPSHOT-tests.jar:/home/user/.m2/repository/junit/junit/4.11/junit-4.11.jar:/home/user/.m2/repository/org/hamcrest/hamcrest-core/1.3/hamcrest-core-1.3.jar:/home/user/.m2/repository/org/openjdk/jmh/jmh-core/1.19/jmh-core-1.19.jar:/home/user/.m2/repository/net/sf/jopt-simple/jopt-simple/4.6/jopt-simple-4.6.jar:/home/user/.m2/repository/org/apache/commons/commons-math3/3.1.1/commons-math3-3.1.1.jar:/home/user/.m2/repository/org/openjdk/jmh/jmh-generator-annprocess/1.19/jmh-generator-annprocess-1.19.jar:/home/user/.m2/repository/org/mockito/mockito-all/1.8.5/mockito-all-1.8.5.jar:/home/user/.m2/repository/org/apache/hadoop/hadoop-kms/3.2.0/hadoop-kms-3.2.0.jar:/home/user/.m2/repository/org/apache/hadoop/hadoop-auth/3.2.0/hadoop-auth-3.2.0.jar:/home/user/.m2/repository/com/nimbusds/nimbus-jose-jwt/4.41.1/nimbus-jose-jwt-4.41.1.jar:/home/user/.m2/repository/com/github/stephenc/jcip/jcip-annotations/1.0-1/jcip-annotations-1.0-1.jar:/home/user/.m2/repository/net/minidev/json-smart/2.3/json-smart-2.3.jar:/home/user/.m2/repository/net/minidev/accessors-smart/1.2/accessors-smart-1.2.jar:/home/user/.m2/repository/org/ow2/asm/asm/5.0.4/asm-5.0.4.jar:/home/user/.m2/repository/org/apache/curator/curator-framework/2.12.0/curator-framework-2.12.0.jar:/home/user/.m2/repository/com/sun/jersey/jersey-core/1.19/jersey-core-1.19.jar:/home/user/.m2/repository/javax/ws/rs/jsr311-api/1.1.1/jsr311-api-1.1.1.jar:/home/user/.m2/repository/com/sun/jersey/jersey-server/1.19/jersey-server-1.19.jar:/home/user/.m2/repository/javax/servlet/javax.servlet-api/3.1.0/javax.servlet-api-3.1.0.jar:/home/user/.m2/repository/org/eclipse/jetty/jetty-server/9.3.25.v20180904/jetty-server-9.3.25.v20180904.jar:/home/user/.m2/repository/org/eclipse/jetty/jetty-http/9.3.25.v20180904/jetty-http-9.3.25.v20180904.jar:/home/user/.m2/repository/org/eclipse/jetty/jetty-io/9.3.25.v20180904/jetty-io-9.3.25.v20180904.jar:/home/user/.m2/repository/org/eclipse/jetty/jetty-webapp/9.3.25.v20180904/jetty-webapp-9.3.25.v20180904.jar:/home/user/.m2/repository/org/eclipse/jetty/jetty-xml/9.3.25.v20180904/jetty-xml-9.3.25.v20180904.jar:/home/user/.m2/repository/log4j/log4j/1.2.17/log4j-1.2.17.jar:/home/user/.m2/repository/org/slf4j/slf4j-api/1.7.25/slf4j-api-1.7.25.jar:/home/user/.m2/repository/org/slf4j/jul-to-slf4j/1.7.25/jul-to-slf4j-1.7.25.jar:/home/user/.m2/repository/org/eclipse/jetty/jetty-util/9.3.25.v20180904/jetty-util-9.3.25.v20180904.jar:/home/user/.m2/repository/com/fasterxml/jackson/core/jackson-databind/2.9.9/jackson-databind-2.9.9.jar:/home/user/.m2/repository/org/apache/hadoop/hadoop-kms/3.2.0/hadoop-kms-3.2.0-tests.jar:/home/user/.m2/repository/org/apache/hadoop/hadoop-hdds-server-scm/0.5.0-SNAPSHOT/hadoop-hdds-server-scm-0.5.0-SNAPSHOT-tests.jar:/home/user/.m2/repository/org/apache/hadoop/hadoop-hdds-container-service/0.5.0-SNAPSHOT/hadoop-hdds-container-service-0.5.0-SNAPSHOT-tests.jar:/home/user/.m2/repository/org/yaml/snakeyaml/1.16/snakeyaml-1.16.jar:/home/user/.m2/repository/org/apache/hadoop/hadoop-common/3.2.0/hadoop-common-3.2.0-tests.jar:/home/user/.m2/repository/org/apache/hadoop/hadoop-annotations/3.2.0/hadoop-annotations-3.2.0.jar:/usr/lib/jvm/java-1.8.0-openjdk-1.8.0.222.b10-1.el7_7.x86_64/jre/../lib/tools.jar:/home/user/.m2/repository/commons-cli/commons-cli/1.2/commons-cli-1.2.jar:/home/user/.m2/repository/org/apache/httpcomponents/httpclient/4.5.2/httpclient-4.5.2.jar:/home/user/.m2/repository/org/apache/httpcomponents/httpcore/4.4.4/httpcore-4.4.4.jar:/home/user/.m2/repository/commons-codec/commons-codec/1.11/commons-codec-1.11.jar:/home/user/.m2/repository/commons-net/commons-net/3.6/commons-net-3.6.jar:/home/user/.m2/repository/commons-collections/commons-collections/3.2.2/commons-collections-3.2.2.jar:/home/user/.m2/repository/org/eclipse/jetty/jetty-servlet/9.3.25.v20180904/jetty-servlet-9.3.25.v20180904.jar:/home/user/.m2/repository/org/eclipse/jetty/jetty-security/9.3.25.v20180904/jetty-security-9.3.25.v20180904.jar:/home/user/.m2/repository/javax/servlet/jsp/jsp-api/2.1/jsp-api-2.1.jar:/home/user/.m2/repository/com/sun/jersey/jersey-servlet/1.19/jersey-servlet-1.19.jar:/home/user/.m2/repository/com/sun/jersey/jersey-json/1.19/jersey-json-1.19.jar:/home/user/.m2/repository/org/codehaus/jettison/jettison/1.1/jettison-1.1.jar:/home/user/.m2/repository/org/codehaus/jackson/jackson-core-asl/1.9.13/jackson-core-asl-1.9.13.jar:/home/user/.m2/repository/org/codehaus/jackson/jackson-mapper-asl/1.9.13/jackson-mapper-asl-1.9.13.jar:/home/user/.m2/repository/org/codehaus/jackson/jackson-jaxrs/1.9.13/jackson-jaxrs-1.9.13.jar:/home/user/.m2/repository/org/codehaus/jackson/jackson-xc/1.9.13/jackson-xc-1.9.13.jar:/home/user/.m2/repository/commons-logging/commons-logging/1.1.3/commons-logging-1.1.3.jar:/home/user/.m2/repository/commons-beanutils/commons-beanutils/1.9.4/commons-beanutils-1.9.4.jar:/home/user/.m2/repository/org/apache/commons/commons-configuration2/2.1.1/commons-configuration2-2.1.1.jar:/home/user/.m2/repository/org/apache/commons/commons-lang3/3.7/commons-lang3-3.7.jar:/home/user/.m2/repository/org/apache/commons/commons-text/1.4/commons-text-1.4.jar:/home/user/.m2/repository/org/apache/avro/avro/1.7.7/avro-1.7.7.jar:/home/user/.m2/repository/com/thoughtworks/paranamer/paranamer/2.3/paranamer-2.3.jar:/home/user/.m2/repository/org/xerial/snappy/snappy-java/1.0.5/snappy-java-1.0.5.jar:/home/user/.m2/repository/com/google/re2j/re2j/1.1/re2j-1.1.jar:/home/user/.m2/repository/com/google/code/gson/gson/2.2.4/gson-2.2.4.jar:/home/user/.m2/repository/com/jcraft/jsch/0.1.54/jsch-0.1.54.jar:/home/user/.m2/repository/org/apache/curator/curator-client/2.12.0/curator-client-2.12.0.jar:/home/user/.m2/repository/org/apache/curator/curator-recipes/2.12.0/curator-recipes-2.12.0.jar:/home/user/.m2/repository/com/google/code/findbugs/jsr305/3.0.0/jsr305-3.0.0.jar:/home/user/.m2/repository/org/apache/htrace/htrace-core4/4.1.0-incubating/htrace-core4-4.1.0-incubating.jar:/home/user/.m2/repository/org/apache/zookeeper/zookeeper/3.4.13/zookeeper-3.4.13.jar:/home/user/.m2/repository/jline/jline/0.9.94/jline-0.9.94.jar:/home/user/.m2/repository/org/apache/yetus/audience-annotations/0.5.0/audience-annotations-0.5.0.jar:/home/user/.m2/repository/org/codehaus/woodstox/stax2-api/3.1.4/stax2-api-3.1.4.jar:/home/user/.m2/repository/com/fasterxml/woodstox/woodstox-core/5.0.3/woodstox-core-5.0.3.jar:/home/user/.m2/repository/dnsjava/dnsjava/2.1.7/dnsjava-2.1.7.jar:/home/user/.m2/repository/org/apache/hadoop/hadoop-hdfs/3.2.0/hadoop-hdfs-3.2.0-tests.jar:/home/user/.m2/repository/org/eclipse/jetty/jetty-util-ajax/9.3.25.v20180904/jetty-util-ajax-9.3.25.v20180904.jar:/home/user/.m2/repository/commons-daemon/commons-daemon/1.0.13/commons-daemon-1.0.13.jar:/home/user/.m2/repository/io/netty/netty/3.10.5.Final/netty-3.10.5.Final.jar:/home/user/.m2/repository/io/netty/netty-all/4.0.52.Final/netty-all-4.0.52.Final.jar:/home/user/.m2/repository/org/fusesource/leveldbjni/leveldbjni-all/1.8/leveldbjni-all-1.8.jar:"/>
    <property name="java.vm.vendor" value="Oracle Corporation"/>
    <property name="sun.arch.data.model" value="64"/>
    <property name="test.build.dir" value="/workdir/hadoop-ozone/integration-test/target/test-dir"/>
    <property name="test.cache.data" value=""/>
    <property name="java.vendor.url" value="http://java.oracle.com/"/>
    <property name="user.timezone" value=""/>
    <property name="java.vm.specification.version" value="1.8"/>
    <property name="os.name" value="Linux"/>
    <property name="test.build.data" value="/workdir/hadoop-ozone/integration-test/target/test-dir"/>
    <property name="user.country" value="US"/>
    <property name="sun.java.launcher" value="SUN_STANDARD"/>
    <property name="sun.boot.library.path" value="/usr/lib/jvm/java-1.8.0-openjdk-1.8.0.222.b10-1.el7_7.x86_64/jre/lib/amd64"/>
    <property name="sun.java.command" value="/workdir/hadoop-ozone/integration-test/target/surefire/surefirebooter655586237332944048.jar /workdir/hadoop-ozone/integration-test/target/surefire 2019-10-24T19-34-40_791-jvmRun1 surefire3178213419602131684tmp surefire_306423487104847424698tmp"/>
    <property name="surefire.test.class.path" value="/workdir/hadoop-ozone/integration-test/target/test-classes:/workdir/hadoop-ozone/integration-test/target/classes:/home/user/.m2/repository/org/apache/hadoop/hadoop-ozone-common/0.5.0-SNAPSHOT/hadoop-ozone-common-0.5.0-SNAPSHOT.jar:/home/user/.m2/repository/org/apache/commons/commons-compress/1.4.1/commons-compress-1.4.1.jar:/home/user/.m2/repository/org/tukaani/xz/1.0/xz-1.0.jar:/home/user/.m2/repository/org/apache/hadoop/hadoop-common/3.2.0/hadoop-common-3.2.0.jar:/home/user/.m2/repository/org/apache/hadoop/hadoop-hdfs/3.2.0/hadoop-hdfs-3.2.0.jar:/home/user/.m2/repository/org/apache/hadoop/hadoop-hdfs-client/3.2.0/hadoop-hdfs-client-3.2.0.jar:/home/user/.m2/repository/com/fasterxml/jackson/core/jackson-annotations/2.9.9/jackson-annotations-2.9.9.jar:/home/user/.m2/repository/org/apache/hadoop/hadoop-hdds-common/0.5.0-SNAPSHOT/hadoop-hdds-common-0.5.0-SNAPSHOT.jar:/home/user/.m2/repository/javax/annotation/javax.annotation-api/1.2/javax.annotation-api-1.2.jar:/home/user/.m2/repository/org/apache/ratis/ratis-server/0.5.0-ced7dbf-SNAPSHOT/ratis-server-0.5.0-ced7dbf-SNAPSHOT.jar:/home/user/.m2/repository/org/apache/ratis/ratis-thirdparty-misc/0.2.0/ratis-thirdparty-misc-0.2.0.jar:/home/user/.m2/repository/org/apache/ratis/ratis-proto/0.5.0-ced7dbf-SNAPSHOT/ratis-proto-0.5.0-ced7dbf-SNAPSHOT.jar:/home/user/.m2/repository/org/apache/ratis/ratis-common/0.5.0-ced7dbf-SNAPSHOT/ratis-common-0.5.0-ced7dbf-SNAPSHOT.jar:/home/user/.m2/repository/org/apache/ratis/ratis-client/0.5.0-ced7dbf-SNAPSHOT/ratis-client-0.5.0-ced7dbf-SNAPSHOT.jar:/home/user/.m2/repository/org/apache/ratis/ratis-metrics/0.5.0-ced7dbf-SNAPSHOT/ratis-metrics-0.5.0-ced7dbf-SNAPSHOT.jar:/home/user/.m2/repository/org/apache/ratis/ratis-netty/0.5.0-ced7dbf-SNAPSHOT/ratis-netty-0.5.0-ced7dbf-SNAPSHOT.jar:/home/user/.m2/repository/org/apache/ratis/ratis-grpc/0.5.0-ced7dbf-SNAPSHOT/ratis-grpc-0.5.0-ced7dbf-SNAPSHOT.jar:/home/user/.m2/repository/org/rocksdb/rocksdbjni/6.0.1/rocksdbjni-6.0.1.jar:/home/user/.m2/repository/org/apache/logging/log4j/log4j-api/2.11.0/log4j-api-2.11.0.jar:/home/user/.m2/repository/org/apache/logging/log4j/log4j-core/2.11.0/log4j-core-2.11.0.jar:/home/user/.m2/repository/com/lmax/disruptor/3.4.2/disruptor-3.4.2.jar:/home/user/.m2/repository/org/apache/commons/commons-pool2/2.6.0/commons-pool2-2.6.0.jar:/home/user/.m2/repository/org/bouncycastle/bcpkix-jdk15on/1.60/bcpkix-jdk15on-1.60.jar:/home/user/.m2/repository/commons-validator/commons-validator/1.6/commons-validator-1.6.jar:/home/user/.m2/repository/commons-digester/commons-digester/1.8.1/commons-digester-1.8.1.jar:/home/user/.m2/repository/io/jaegertracing/jaeger-client/0.34.0/jaeger-client-0.34.0.jar:/home/user/.m2/repository/io/jaegertracing/jaeger-thrift/0.34.0/jaeger-thrift-0.34.0.jar:/home/user/.m2/repository/org/apache/thrift/libthrift/0.12.0/libthrift-0.12.0.jar:/home/user/.m2/repository/com/squareup/okhttp3/okhttp/3.9.0/okhttp-3.9.0.jar:/home/user/.m2/repository/com/squareup/okio/okio/1.13.0/okio-1.13.0.jar:/home/user/.m2/repository/io/jaegertracing/jaeger-core/0.34.0/jaeger-core-0.34.0.jar:/home/user/.m2/repository/io/jaegertracing/jaeger-tracerresolver/0.34.0/jaeger-tracerresolver-0.34.0.jar:/home/user/.m2/repository/io/opentracing/contrib/opentracing-tracerresolver/0.1.5/opentracing-tracerresolver-0.1.5.jar:/home/user/.m2/repository/io/opentracing/opentracing-util/0.31.0/opentracing-util-0.31.0.jar:/home/user/.m2/repository/io/opentracing/opentracing-api/0.31.0/opentracing-api-0.31.0.jar:/home/user/.m2/repository/io/opentracing/opentracing-noop/0.31.0/opentracing-noop-0.31.0.jar:/home/user/.m2/repository/org/apache/hadoop/hadoop-hdds-server-framework/0.5.0-SNAPSHOT/hadoop-hdds-server-framework-0.5.0-SNAPSHOT.jar:/home/user/.m2/repository/org/apache/hadoop/hadoop-hdds-container-service/0.5.0-SNAPSHOT/hadoop-hdds-container-service-0.5.0-SNAPSHOT.jar:/home/user/.m2/repository/org/apache/hadoop/hadoop-hdds-client/0.5.0-SNAPSHOT/hadoop-hdds-client-0.5.0-SNAPSHOT.jar:/home/user/.m2/repository/org/apache/hadoop/hadoop-hdds-tools/0.5.0-SNAPSHOT/hadoop-hdds-tools-0.5.0-SNAPSHOT.jar:/home/user/.m2/repository/org/apache/hadoop/hadoop-hdds-server-scm/0.5.0-SNAPSHOT/hadoop-hdds-server-scm-0.5.0-SNAPSHOT.jar:/home/user/.m2/repository/org/apache/hadoop/hadoop-hdds-docs/0.5.0-SNAPSHOT/hadoop-hdds-docs-0.5.0-SNAPSHOT.jar:/home/user/.m2/repository/io/dropwizard/metrics/metrics-core/3.2.4/metrics-core-3.2.4.jar:/home/user/.m2/repository/org/hamcrest/hamcrest-all/1.3/hamcrest-all-1.3.jar:/home/user/.m2/repository/org/bouncycastle/bcprov-jdk15on/1.60/bcprov-jdk15on-1.60.jar:/home/user/.m2/repository/info/picocli/picocli/3.9.6/picocli-3.9.6.jar:/home/user/.m2/repository/com/google/protobuf/protobuf-java/2.5.0/protobuf-java-2.5.0.jar:/home/user/.m2/repository/com/google/guava/guava/11.0.2/guava-11.0.2.jar:/home/user/.m2/repository/org/apache/hadoop/hadoop-ozone-ozone-manager/0.5.0-SNAPSHOT/hadoop-ozone-ozone-manager-0.5.0-SNAPSHOT.jar:/home/user/.m2/repository/org/apache/hadoop/hadoop-minikdc/3.2.0/hadoop-minikdc-3.2.0.jar:/home/user/.m2/repository/commons-io/commons-io/2.5/commons-io-2.5.jar:/home/user/.m2/repository/org/apache/kerby/kerb-simplekdc/1.0.1/kerb-simplekdc-1.0.1.jar:/home/user/.m2/repository/org/apache/kerby/kerb-client/1.0.1/kerb-client-1.0.1.jar:/home/user/.m2/repository/org/apache/kerby/kerby-config/1.0.1/kerby-config-1.0.1.jar:/home/user/.m2/repository/org/apache/kerby/kerb-core/1.0.1/kerb-core-1.0.1.jar:/home/user/.m2/repository/org/apache/kerby/kerby-pkix/1.0.1/kerby-pkix-1.0.1.jar:/home/user/.m2/repository/org/apache/kerby/kerby-asn1/1.0.1/kerby-asn1-1.0.1.jar:/home/user/.m2/repository/org/apache/kerby/kerby-util/1.0.1/kerby-util-1.0.1.jar:/home/user/.m2/repository/org/apache/kerby/kerb-common/1.0.1/kerb-common-1.0.1.jar:/home/user/.m2/repository/org/apache/kerby/kerb-crypto/1.0.1/kerb-crypto-1.0.1.jar:/home/user/.m2/repository/org/apache/kerby/kerb-util/1.0.1/kerb-util-1.0.1.jar:/home/user/.m2/repository/org/apache/kerby/token-provider/1.0.1/token-provider-1.0.1.jar:/home/user/.m2/repository/org/apache/kerby/kerb-admin/1.0.1/kerb-admin-1.0.1.jar:/home/user/.m2/repository/org/apache/kerby/kerb-server/1.0.1/kerb-server-1.0.1.jar:/home/user/.m2/repository/org/apache/kerby/kerb-identity/1.0.1/kerb-identity-1.0.1.jar:/home/user/.m2/repository/org/apache/kerby/kerby-xdr/1.0.1/kerby-xdr-1.0.1.jar:/home/user/.m2/repository/org/slf4j/slf4j-log4j12/1.7.25/slf4j-log4j12-1.7.25.jar:/home/user/.m2/repository/org/apache/hadoop/hadoop-ozone-s3gateway/0.5.0-SNAPSHOT/hadoop-ozone-s3gateway-0.5.0-SNAPSHOT.jar:/home/user/.m2/repository/org/jboss/weld/servlet/weld-servlet/2.4.7.Final/weld-servlet-2.4.7.Final.jar:/home/user/.m2/repository/org/glassfish/jersey/containers/jersey-container-servlet-core/2.27/jersey-container-servlet-core-2.27.jar:/home/user/.m2/repository/org/glassfish/hk2/external/javax.inject/2.5.0-b42/javax.inject-2.5.0-b42.jar:/home/user/.m2/repository/org/glassfish/jersey/core/jersey-common/2.27/jersey-common-2.27.jar:/home/user/.m2/repository/org/glassfish/hk2/osgi-resource-locator/1.0.1/osgi-resource-locator-1.0.1.jar:/home/user/.m2/repository/javax/ws/rs/javax.ws.rs-api/2.1/javax.ws.rs-api-2.1.jar:/home/user/.m2/repository/org/glassfish/jersey/ext/cdi/jersey-cdi1x/2.27/jersey-cdi1x-2.27.jar:/home/user/.m2/repository/org/glassfish/jersey/inject/jersey-hk2/2.27/jersey-hk2-2.27.jar:/home/user/.m2/repository/org/glassfish/hk2/hk2-locator/2.5.0-b42/hk2-locator-2.5.0-b42.jar:/home/user/.m2/repository/org/javassist/javassist/3.22.0-CR2/javassist-3.22.0-CR2.jar:/home/user/.m2/repository/org/glassfish/hk2/hk2-api/2.5.0/hk2-api-2.5.0.jar:/home/user/.m2/repository/org/glassfish/hk2/external/jakarta.inject/2.5.0/jakarta.inject-2.5.0.jar:/home/user/.m2/repository/org/glassfish/hk2/hk2-utils/2.5.0/hk2-utils-2.5.0.jar:/home/user/.m2/repository/jakarta/annotation/jakarta.annotation-api/1.3.4/jakarta.annotation-api-1.3.4.jar:/home/user/.m2/repository/org/glassfish/hk2/external/aopalliance-repackaged/2.5.0/aopalliance-repackaged-2.5.0.jar:/home/user/.m2/repository/com/fasterxml/jackson/dataformat/jackson-dataformat-xml/2.9.0/jackson-dataformat-xml-2.9.0.jar:/home/user/.m2/repository/com/fasterxml/jackson/core/jackson-core/2.9.9/jackson-core-2.9.9.jar:/home/user/.m2/repository/com/fasterxml/jackson/module/jackson-module-jaxb-annotations/2.9.9/jackson-module-jaxb-annotations-2.9.9.jar:/home/user/.m2/repository/javax/enterprise/cdi-api/1.2/cdi-api-1.2.jar:/home/user/.m2/repository/javax/el/javax.el-api/3.0.0/javax.el-api-3.0.0.jar:/home/user/.m2/repository/javax/interceptor/javax.interceptor-api/1.2/javax.interceptor-api-1.2.jar:/home/user/.m2/repository/javax/inject/javax.inject/1/javax.inject-1.jar:/home/user/.m2/repository/com/sun/xml/bind/jaxb-impl/2.3.0.1/jaxb-impl-2.3.0.1.jar:/home/user/.m2/repository/com/sun/xml/bind/jaxb-core/2.3.0.1/jaxb-core-2.3.0.1.jar:/home/user/.m2/repository/javax/xml/bind/jaxb-api/2.3.0/jaxb-api-2.3.0.jar:/home/user/.m2/repository/javax/activation/activation/1.1.1/activation-1.1.1.jar:/home/user/.m2/repository/org/apache/hadoop/hadoop-ozone-csi/0.5.0-SNAPSHOT/hadoop-ozone-csi-0.5.0-SNAPSHOT.jar:/home/user/.m2/repository/com/google/protobuf/protobuf-java-util/3.5.1/protobuf-java-util-3.5.1.jar:/home/user/.m2/repository/org/apache/hadoop/hadoop-hdds-config/0.5.0-SNAPSHOT/hadoop-hdds-config-0.5.0-SNAPSHOT.jar:/home/user/.m2/repository/io/grpc/grpc-netty/1.17.1/grpc-netty-1.17.1.jar:/home/user/.m2/repository/io/grpc/grpc-core/1.17.1/grpc-core-1.17.1.jar:/home/user/.m2/repository/io/grpc/grpc-context/1.17.1/grpc-context-1.17.1.jar:/home/user/.m2/repository/com/google/errorprone/error_prone_annotations/2.2.0/error_prone_annotations-2.2.0.jar:/home/user/.m2/repository/org/codehaus/mojo/animal-sniffer-annotations/1.17/animal-sniffer-annotations-1.17.jar:/home/user/.m2/repository/io/opencensus/opencensus-api/0.17.0/opencensus-api-0.17.0.jar:/home/user/.m2/repository/io/opencensus/opencensus-contrib-grpc-metrics/0.17.0/opencensus-contrib-grpc-metrics-0.17.0.jar:/home/user/.m2/repository/io/netty/netty-codec-http2/4.1.30.Final/netty-codec-http2-4.1.30.Final.jar:/home/user/.m2/repository/io/netty/netty-codec-http/4.1.30.Final/netty-codec-http-4.1.30.Final.jar:/home/user/.m2/repository/io/netty/netty-codec/4.1.30.Final/netty-codec-4.1.30.Final.jar:/home/user/.m2/repository/io/netty/netty-handler/4.1.30.Final/netty-handler-4.1.30.Final.jar:/home/user/.m2/repository/io/netty/netty-handler-proxy/4.1.30.Final/netty-handler-proxy-4.1.30.Final.jar:/home/user/.m2/repository/io/netty/netty-codec-socks/4.1.30.Final/netty-codec-socks-4.1.30.Final.jar:/home/user/.m2/repository/io/netty/netty-transport-native-epoll/4.1.30.Final/netty-transport-native-epoll-4.1.30.Final.jar:/home/user/.m2/repository/io/netty/netty-common/4.1.30.Final/netty-common-4.1.30.Final.jar:/home/user/.m2/repository/io/netty/netty-buffer/4.1.30.Final/netty-buffer-4.1.30.Final.jar:/home/user/.m2/repository/io/netty/netty-transport/4.1.30.Final/netty-transport-4.1.30.Final.jar:/home/user/.m2/repository/io/netty/netty-resolver/4.1.30.Final/netty-resolver-4.1.30.Final.jar:/home/user/.m2/repository/io/netty/netty-transport-native-unix-common/4.1.30.Final/netty-transport-native-unix-common-4.1.30.Final.jar:/home/user/.m2/repository/io/grpc/grpc-protobuf/1.17.1/grpc-protobuf-1.17.1.jar:/home/user/.m2/repository/com/google/api/grpc/proto-google-common-protos/1.0.0/proto-google-common-protos-1.0.0.jar:/home/user/.m2/repository/io/grpc/grpc-protobuf-lite/1.17.1/grpc-protobuf-lite-1.17.1.jar:/home/user/.m2/repository/io/grpc/grpc-stub/1.17.1/grpc-stub-1.17.1.jar:/home/user/.m2/repository/org/apache/hadoop/hadoop-ozone-recon/0.5.0-SNAPSHOT/hadoop-ozone-recon-0.5.0-SNAPSHOT.jar:/home/user/.m2/repository/org/apache/hadoop/hadoop-ozone-reconcodegen/0.5.0-SNAPSHOT/hadoop-ozone-reconcodegen-0.5.0-SNAPSHOT.jar:/home/user/.m2/repository/com/google/inject/extensions/guice-multibindings/4.0/guice-multibindings-4.0.jar:/home/user/.m2/repository/com/google/inject/guice/4.0/guice-4.0.jar:/home/user/.m2/repository/aopalliance/aopalliance/1.0/aopalliance-1.0.jar:/home/user/.m2/repository/com/google/inject/extensions/guice-servlet/4.0/guice-servlet-4.0.jar:/home/user/.m2/repository/org/glassfish/jersey/containers/jersey-container-servlet/2.27/jersey-container-servlet-2.27.jar:/home/user/.m2/repository/org/glassfish/hk2/guice-bridge/2.5.0/guice-bridge-2.5.0.jar:/home/user/.m2/repository/org/glassfish/jersey/core/jersey-server/2.27/jersey-server-2.27.jar:/home/user/.m2/repository/org/glassfish/jersey/core/jersey-client/2.27/jersey-client-2.27.jar:/home/user/.m2/repository/org/glassfish/jersey/media/jersey-media-jaxb/2.27/jersey-media-jaxb-2.27.jar:/home/user/.m2/repository/javax/validation/validation-api/1.1.0.Final/validation-api-1.1.0.Final.jar:/home/user/.m2/repository/org/glassfish/jersey/media/jersey-media-json-jackson/2.27/jersey-media-json-jackson-2.27.jar:/home/user/.m2/repository/org/glassfish/jersey/ext/jersey-entity-filtering/2.27/jersey-entity-filtering-2.27.jar:/home/user/.m2/repository/com/google/inject/extensions/guice-assistedinject/4.0/guice-assistedinject-4.0.jar:/home/user/.m2/repository/org/jooq/jooq/3.11.10/jooq-3.11.10.jar:/home/user/.m2/repository/org/jooq/jooq-meta/3.11.10/jooq-meta-3.11.10.jar:/home/user/.m2/repository/org/jooq/jooq-codegen/3.11.10/jooq-codegen-3.11.10.jar:/home/user/.m2/repository/com/jolbox/bonecp/0.8.0.RELEASE/bonecp-0.8.0.RELEASE.jar:/home/user/.m2/repository/org/xerial/sqlite-jdbc/3.25.2/sqlite-jdbc-3.25.2.jar:/home/user/.m2/repository/org/springframework/spring-jdbc/5.1.3.RELEASE/spring-jdbc-5.1.3.RELEASE.jar:/home/user/.m2/repository/org/springframework/spring-beans/5.1.3.RELEASE/spring-beans-5.1.3.RELEASE.jar:/home/user/.m2/repository/org/springframework/spring-core/5.1.3.RELEASE/spring-core-5.1.3.RELEASE.jar:/home/user/.m2/repository/org/springframework/spring-jcl/5.1.3.RELEASE/spring-jcl-5.1.3.RELEASE.jar:/home/user/.m2/repository/org/springframework/spring-tx/5.1.3.RELEASE/spring-tx-5.1.3.RELEASE.jar:/home/user/.m2/repository/org/apache/hadoop/hadoop-ozone-client/0.5.0-SNAPSHOT/hadoop-ozone-client-0.5.0-SNAPSHOT.jar:/home/user/.m2/repository/commons-lang/commons-lang/2.6/commons-lang-2.6.jar:/home/user/.m2/repository/org/apache/hadoop/hadoop-ozone-ozone-manager/0.5.0-SNAPSHOT/hadoop-ozone-ozone-manager-0.5.0-SNAPSHOT-tests.jar:/home/user/.m2/repository/junit/junit/4.11/junit-4.11.jar:/home/user/.m2/repository/org/hamcrest/hamcrest-core/1.3/hamcrest-core-1.3.jar:/home/user/.m2/repository/org/openjdk/jmh/jmh-core/1.19/jmh-core-1.19.jar:/home/user/.m2/repository/net/sf/jopt-simple/jopt-simple/4.6/jopt-simple-4.6.jar:/home/user/.m2/repository/org/apache/commons/commons-math3/3.1.1/commons-math3-3.1.1.jar:/home/user/.m2/repository/org/openjdk/jmh/jmh-generator-annprocess/1.19/jmh-generator-annprocess-1.19.jar:/home/user/.m2/repository/org/mockito/mockito-all/1.8.5/mockito-all-1.8.5.jar:/home/user/.m2/repository/org/apache/hadoop/hadoop-kms/3.2.0/hadoop-kms-3.2.0.jar:/home/user/.m2/repository/org/apache/hadoop/hadoop-auth/3.2.0/hadoop-auth-3.2.0.jar:/home/user/.m2/repository/com/nimbusds/nimbus-jose-jwt/4.41.1/nimbus-jose-jwt-4.41.1.jar:/home/user/.m2/repository/com/github/stephenc/jcip/jcip-annotations/1.0-1/jcip-annotations-1.0-1.jar:/home/user/.m2/repository/net/minidev/json-smart/2.3/json-smart-2.3.jar:/home/user/.m2/repository/net/minidev/accessors-smart/1.2/accessors-smart-1.2.jar:/home/user/.m2/repository/org/ow2/asm/asm/5.0.4/asm-5.0.4.jar:/home/user/.m2/repository/org/apache/curator/curator-framework/2.12.0/curator-framework-2.12.0.jar:/home/user/.m2/repository/com/sun/jersey/jersey-core/1.19/jersey-core-1.19.jar:/home/user/.m2/repository/javax/ws/rs/jsr311-api/1.1.1/jsr311-api-1.1.1.jar:/home/user/.m2/repository/com/sun/jersey/jersey-server/1.19/jersey-server-1.19.jar:/home/user/.m2/repository/javax/servlet/javax.servlet-api/3.1.0/javax.servlet-api-3.1.0.jar:/home/user/.m2/repository/org/eclipse/jetty/jetty-server/9.3.25.v20180904/jetty-server-9.3.25.v20180904.jar:/home/user/.m2/repository/org/eclipse/jetty/jetty-http/9.3.25.v20180904/jetty-http-9.3.25.v20180904.jar:/home/user/.m2/repository/org/eclipse/jetty/jetty-io/9.3.25.v20180904/jetty-io-9.3.25.v20180904.jar:/home/user/.m2/repository/org/eclipse/jetty/jetty-webapp/9.3.25.v20180904/jetty-webapp-9.3.25.v20180904.jar:/home/user/.m2/repository/org/eclipse/jetty/jetty-xml/9.3.25.v20180904/jetty-xml-9.3.25.v20180904.jar:/home/user/.m2/repository/log4j/log4j/1.2.17/log4j-1.2.17.jar:/home/user/.m2/repository/org/slf4j/slf4j-api/1.7.25/slf4j-api-1.7.25.jar:/home/user/.m2/repository/org/slf4j/jul-to-slf4j/1.7.25/jul-to-slf4j-1.7.25.jar:/home/user/.m2/repository/org/eclipse/jetty/jetty-util/9.3.25.v20180904/jetty-util-9.3.25.v20180904.jar:/home/user/.m2/repository/com/fasterxml/jackson/core/jackson-databind/2.9.9/jackson-databind-2.9.9.jar:/home/user/.m2/repository/org/apache/hadoop/hadoop-kms/3.2.0/hadoop-kms-3.2.0-tests.jar:/home/user/.m2/repository/org/apache/hadoop/hadoop-hdds-server-scm/0.5.0-SNAPSHOT/hadoop-hdds-server-scm-0.5.0-SNAPSHOT-tests.jar:/home/user/.m2/repository/org/apache/hadoop/hadoop-hdds-container-service/0.5.0-SNAPSHOT/hadoop-hdds-container-service-0.5.0-SNAPSHOT-tests.jar:/home/user/.m2/repository/org/yaml/snakeyaml/1.16/snakeyaml-1.16.jar:/home/user/.m2/repository/org/apache/hadoop/hadoop-common/3.2.0/hadoop-common-3.2.0-tests.jar:/home/user/.m2/repository/org/apache/hadoop/hadoop-annotations/3.2.0/hadoop-annotations-3.2.0.jar:/usr/lib/jvm/java-1.8.0-openjdk-1.8.0.222.b10-1.el7_7.x86_64/jre/../lib/tools.jar:/home/user/.m2/repository/commons-cli/commons-cli/1.2/commons-cli-1.2.jar:/home/user/.m2/repository/org/apache/httpcomponents/httpclient/4.5.2/httpclient-4.5.2.jar:/home/user/.m2/repository/org/apache/httpcomponents/httpcore/4.4.4/httpcore-4.4.4.jar:/home/user/.m2/repository/commons-codec/commons-codec/1.11/commons-codec-1.11.jar:/home/user/.m2/repository/commons-net/commons-net/3.6/commons-net-3.6.jar:/home/user/.m2/repository/commons-collections/commons-collections/3.2.2/commons-collections-3.2.2.jar:/home/user/.m2/repository/org/eclipse/jetty/jetty-servlet/9.3.25.v20180904/jetty-servlet-9.3.25.v20180904.jar:/home/user/.m2/repository/org/eclipse/jetty/jetty-security/9.3.25.v20180904/jetty-security-9.3.25.v20180904.jar:/home/user/.m2/repository/javax/servlet/jsp/jsp-api/2.1/jsp-api-2.1.jar:/home/user/.m2/repository/com/sun/jersey/jersey-servlet/1.19/jersey-servlet-1.19.jar:/home/user/.m2/repository/com/sun/jersey/jersey-json/1.19/jersey-json-1.19.jar:/home/user/.m2/repository/org/codehaus/jettison/jettison/1.1/jettison-1.1.jar:/home/user/.m2/repository/org/codehaus/jackson/jackson-core-asl/1.9.13/jackson-core-asl-1.9.13.jar:/home/user/.m2/repository/org/codehaus/jackson/jackson-mapper-asl/1.9.13/jackson-mapper-asl-1.9.13.jar:/home/user/.m2/repository/org/codehaus/jackson/jackson-jaxrs/1.9.13/jackson-jaxrs-1.9.13.jar:/home/user/.m2/repository/org/codehaus/jackson/jackson-xc/1.9.13/jackson-xc-1.9.13.jar:/home/user/.m2/repository/commons-logging/commons-logging/1.1.3/commons-logging-1.1.3.jar:/home/user/.m2/repository/commons-beanutils/commons-beanutils/1.9.4/commons-beanutils-1.9.4.jar:/home/user/.m2/repository/org/apache/commons/commons-configuration2/2.1.1/commons-configuration2-2.1.1.jar:/home/user/.m2/repository/org/apache/commons/commons-lang3/3.7/commons-lang3-3.7.jar:/home/user/.m2/repository/org/apache/commons/commons-text/1.4/commons-text-1.4.jar:/home/user/.m2/repository/org/apache/avro/avro/1.7.7/avro-1.7.7.jar:/home/user/.m2/repository/com/thoughtworks/paranamer/paranamer/2.3/paranamer-2.3.jar:/home/user/.m2/repository/org/xerial/snappy/snappy-java/1.0.5/snappy-java-1.0.5.jar:/home/user/.m2/repository/com/google/re2j/re2j/1.1/re2j-1.1.jar:/home/user/.m2/repository/com/google/code/gson/gson/2.2.4/gson-2.2.4.jar:/home/user/.m2/repository/com/jcraft/jsch/0.1.54/jsch-0.1.54.jar:/home/user/.m2/repository/org/apache/curator/curator-client/2.12.0/curator-client-2.12.0.jar:/home/user/.m2/repository/org/apache/curator/curator-recipes/2.12.0/curator-recipes-2.12.0.jar:/home/user/.m2/repository/com/google/code/findbugs/jsr305/3.0.0/jsr305-3.0.0.jar:/home/user/.m2/repository/org/apache/htrace/htrace-core4/4.1.0-incubating/htrace-core4-4.1.0-incubating.jar:/home/user/.m2/repository/org/apache/zookeeper/zookeeper/3.4.13/zookeeper-3.4.13.jar:/home/user/.m2/repository/jline/jline/0.9.94/jline-0.9.94.jar:/home/user/.m2/repository/org/apache/yetus/audience-annotations/0.5.0/audience-annotations-0.5.0.jar:/home/user/.m2/repository/org/codehaus/woodstox/stax2-api/3.1.4/stax2-api-3.1.4.jar:/home/user/.m2/repository/com/fasterxml/woodstox/woodstox-core/5.0.3/woodstox-core-5.0.3.jar:/home/user/.m2/repository/dnsjava/dnsjava/2.1.7/dnsjava-2.1.7.jar:/home/user/.m2/repository/org/apache/hadoop/hadoop-hdfs/3.2.0/hadoop-hdfs-3.2.0-tests.jar:/home/user/.m2/repository/org/eclipse/jetty/jetty-util-ajax/9.3.25.v20180904/jetty-util-ajax-9.3.25.v20180904.jar:/home/user/.m2/repository/commons-daemon/commons-daemon/1.0.13/commons-daemon-1.0.13.jar:/home/user/.m2/repository/io/netty/netty/3.10.5.Final/netty-3.10.5.Final.jar:/home/user/.m2/repository/io/netty/netty-all/4.0.52.Final/netty-all-4.0.52.Final.jar:/home/user/.m2/repository/org/fusesource/leveldbjni/leveldbjni-all/1.8/leveldbjni-all-1.8.jar:"/>
    <property name="sun.cpu.endian" value="little"/>
    <property name="user.home" value="/home/user"/>
    <property name="user.language" value="en"/>
    <property name="java.specification.vendor" value="Oracle Corporation"/>
    <property name="java.home" value="/usr/lib/jvm/java-1.8.0-openjdk-1.8.0.222.b10-1.el7_7.x86_64/jre"/>
    <property name="surefire.excludesFile" value="/tools/ozone-bad-unit-tests"/>
    <property name="java.security.krb5.conf" value="/workdir/hadoop-ozone/integration-test/target/test-classes/krb5.conf"/>
    <property name="basedir" value="/workdir/hadoop-ozone/integration-test"/>
    <property name="file.separator" value="/"/>
    <property name="line.separator" value="&#10;"/>
    <property name="java.vm.specification.vendor" value="Oracle Corporation"/>
    <property name="java.specification.name" value="Java Platform API Specification"/>
    <property name="java.awt.graphicsenv" value="sun.awt.X11GraphicsEnvironment"/>
    <property name="surefire.real.class.path" value="/workdir/hadoop-ozone/integration-test/target/surefire/surefirebooter655586237332944048.jar"/>
    <property name="hadoop.log.dir" value="/workdir/hadoop-ozone/integration-test/target/log"/>
    <property name="sun.boot.class.path" value="/usr/lib/jvm/java-1.8.0-openjdk-1.8.0.222.b10-1.el7_7.x86_64/jre/lib/resources.jar:/usr/lib/jvm/java-1.8.0-openjdk-1.8.0.222.b10-1.el7_7.x86_64/jre/lib/rt.jar:/usr/lib/jvm/java-1.8.0-openjdk-1.8.0.222.b10-1.el7_7.x86_64/jre/lib/sunrsasign.jar:/usr/lib/jvm/java-1.8.0-openjdk-1.8.0.222.b10-1.el7_7.x86_64/jre/lib/jsse.jar:/usr/lib/jvm/java-1.8.0-openjdk-1.8.0.222.b10-1.el7_7.x86_64/jre/lib/jce.jar:/usr/lib/jvm/java-1.8.0-openjdk-1.8.0.222.b10-1.el7_7.x86_64/jre/lib/charsets.jar:/usr/lib/jvm/java-1.8.0-openjdk-1.8.0.222.b10-1.el7_7.x86_64/jre/lib/jfr.jar:/usr/lib/jvm/java-1.8.0-openjdk-1.8.0.222.b10-1.el7_7.x86_64/jre/classes"/>
    <property name="sun.management.compiler" value="HotSpot 64-Bit Tiered Compilers"/>
    <property name="java.runtime.version" value="1.8.0_222-b10"/>
    <property name="java.net.preferIPv4Stack" value="true"/>
    <property name="user.name" value="jenkins1000"/>
    <property name="path.separator" value=":"/>
    <property name="java.security.egd" value="file:///dev/urandom"/>
    <property name="os.version" value="3.10.0-957.12.2.el7.x86_64"/>
    <property name="java.endorsed.dirs" value="/usr/lib/jvm/java-1.8.0-openjdk-1.8.0.222.b10-1.el7_7.x86_64/jre/lib/endorsed"/>
    <property name="java.runtime.name" value="OpenJDK Runtime Environment"/>
    <property name="file.encoding" value="ANSI_X3.4-1968"/>
    <property name="java.vm.name" value="OpenJDK 64-Bit Server VM"/>
    <property name="test.build.webapps" value=""/>
    <property name="localRepository" value="/home/user/.m2/repository"/>
    <property name="java.vendor.url.bug" value="http://bugreport.sun.com/bugreport/"/>
    <property name="java.io.tmpdir" value="/tmp"/>
    <property name="require.test.libhadoop" value=""/>
    <property name="java.version" value="1.8.0_222"/>
    <property name="user.dir" value="/workdir/hadoop-ozone/integration-test"/>
    <property name="os.arch" value="amd64"/>
    <property name="java.vm.specification.name" value="Java Virtual Machine Specification"/>
    <property name="test.build.classes" value="/workdir/hadoop-ozone/integration-test/target/test-classes"/>
    <property name="java.awt.printerjob" value="sun.print.PSPrinterJob"/>
    <property name="sun.os.patch.level" value="unknown"/>
    <property name="hadoop.tmp.dir" value="/workdir/hadoop-ozone/integration-test/target/tmp"/>
    <property name="java.library.path" value="/usr/lib:/workdir/hadoop-ozone/integration-test/target/native/target/usr/local/lib:/workdir/hadoop-ozone/integration-test/../../hadoop-common-project/hadoop-common/target/native/target/usr/local/lib:/usr/java/packages/lib/amd64:/usr/lib64:/lib64:/lib:/usr/lib"/>
    <property name="java.vm.info" value="mixed mode"/>
    <property name="java.vendor" value="Oracle Corporation"/>
    <property name="java.vm.version" value="25.222-b10"/>
    <property name="java.ext.dirs" value="/usr/lib/jvm/java-1.8.0-openjdk-1.8.0.222.b10-1.el7_7.x86_64/jre/lib/ext:/usr/java/packages/lib/ext"/>
    <property name="sun.io.unicode.encoding" value="UnicodeLittle"/>
    <property name="java.class.version" value="52.0"/>
  </properties>
  <testcase name="testDeleteKeyWithSlowFollower" classname="org.apache.hadoop.ozone.client.rpc.TestDeleteWithSlowFollower" time="117.516">
    <failure type="java.lang.AssertionError">java.lang.AssertionError
	at org.junit.Assert.fail(Assert.java:86)
	at org.junit.Assert.assertTrue(Assert.java:41)
	at org.junit.Assert.assertTrue(Assert.java:52)
	at org.apache.hadoop.ozone.client.rpc.TestDeleteWithSlowFollower.testDeleteKeyWithSlowFollower(TestDeleteWithSlowFollower.java:265)
	at sun.reflect.NativeMethodAccessorImpl.invoke0(Native Method)
	at sun.reflect.NativeMethodAccessorImpl.invoke(NativeMethodAccessorImpl.java:62)
	at sun.reflect.DelegatingMethodAccessorImpl.invoke(DelegatingMethodAccessorImpl.java:43)
	at java.lang.reflect.Method.invoke(Method.java:498)
	at org.junit.runners.model.FrameworkMethod$1.runReflectiveCall(FrameworkMethod.java:47)
	at org.junit.internal.runners.model.ReflectiveCallable.run(ReflectiveCallable.java:12)
	at org.junit.runners.model.FrameworkMethod.invokeExplosively(FrameworkMethod.java:44)
	at org.junit.internal.runners.statements.InvokeMethod.evaluate(InvokeMethod.java:17)
	at org.junit.runners.ParentRunner.runLeaf(ParentRunner.java:271)
	at org.junit.runners.BlockJUnit4ClassRunner.runChild(BlockJUnit4ClassRunner.java:70)
	at org.junit.runners.BlockJUnit4ClassRunner.runChild(BlockJUnit4ClassRunner.java:50)
	at org.junit.runners.ParentRunner$3.run(ParentRunner.java:238)
	at org.junit.runners.ParentRunner$1.schedule(ParentRunner.java:63)
	at org.junit.runners.ParentRunner.runChildren(ParentRunner.java:236)
	at org.junit.runners.ParentRunner.access$000(ParentRunner.java:53)
	at org.junit.runners.ParentRunner$2.evaluate(ParentRunner.java:229)
	at org.junit.internal.runners.statements.RunBefores.evaluate(RunBefores.java:26)
	at org.junit.internal.runners.statements.RunAfters.evaluate(RunAfters.java:27)
	at org.junit.runners.ParentRunner.run(ParentRunner.java:309)
	at org.apache.maven.surefire.junit4.JUnit4Provider.execute(JUnit4Provider.java:365)
	at org.apache.maven.surefire.junit4.JUnit4Provider.executeWithRerun(JUnit4Provider.java:273)
	at org.apache.maven.surefire.junit4.JUnit4Provider.executeTestSet(JUnit4Provider.java:238)
	at org.apache.maven.surefire.junit4.JUnit4Provider.invoke(JUnit4Provider.java:159)
	at org.apache.maven.surefire.booter.ForkedBooter.invokeProviderInSameClassLoader(ForkedBooter.java:384)
	at org.apache.maven.surefire.booter.ForkedBooter.runSuitesInProcess(ForkedBooter.java:345)
	at org.apache.maven.surefire.booter.ForkedBooter.execute(ForkedBooter.java:126)
	at org.apache.maven.surefire.booter.ForkedBooter.main(ForkedBooter.java:418)
</failure>
    <system-out><![CDATA[2019-10-24 19:55:06,374 [main] WARN  server.ServerUtils (ServerUtils.java:getScmDbDir(145)) - ozone.scm.db.dirs is not configured. We recommend adding this setting. Falling back to ozone.metadata.dirs instead.
2019-10-24 19:55:06,485 [main] WARN  server.ServerUtils (ServerUtils.java:getScmDbDir(145)) - ozone.scm.db.dirs is not configured. We recommend adding this setting. Falling back to ozone.metadata.dirs instead.
2019-10-24 19:55:06,488 [main] WARN  server.ServerUtils (ServerUtils.java:getScmDbDir(145)) - ozone.scm.db.dirs is not configured. We recommend adding this setting. Falling back to ozone.metadata.dirs instead.
2019-10-24 19:55:06,512 [main] INFO  util.log (Log.java:initialized(192)) - Logging initialized @740ms
2019-10-24 19:55:06,597 [main] INFO  db.DBStoreBuilder (DBStoreBuilder.java:addTable(127)) - using custom profile for table: deletedBlocks
2019-10-24 19:55:06,598 [main] INFO  db.DBStoreBuilder (DBStoreBuilder.java:processTables(183)) - Using default column profile:DBProfile.DISK for Table:deletedBlocks
2019-10-24 19:55:06,598 [main] INFO  db.DBStoreBuilder (DBStoreBuilder.java:addTable(127)) - using custom profile for table: validCerts
2019-10-24 19:55:06,598 [main] INFO  db.DBStoreBuilder (DBStoreBuilder.java:processTables(183)) - Using default column profile:DBProfile.DISK for Table:validCerts
2019-10-24 19:55:06,598 [main] INFO  db.DBStoreBuilder (DBStoreBuilder.java:addTable(127)) - using custom profile for table: revokedCerts
2019-10-24 19:55:06,599 [main] INFO  db.DBStoreBuilder (DBStoreBuilder.java:processTables(183)) - Using default column profile:DBProfile.DISK for Table:revokedCerts
2019-10-24 19:55:06,609 [main] INFO  db.DBStoreBuilder (DBStoreBuilder.java:addTable(127)) - using custom profile for table: default
2019-10-24 19:55:06,609 [main] INFO  db.DBStoreBuilder (DBStoreBuilder.java:processTables(189)) - Using default column profile:DBProfile.DISK for Table:default
2019-10-24 19:55:06,610 [main] INFO  db.DBStoreBuilder (DBStoreBuilder.java:getDbProfile(220)) - Using default options. DBProfile.DISK
2019-10-24 19:55:06,851 [main] INFO  net.NodeSchemaLoader (NodeSchemaLoader.java:loadSchemaFromFile(125)) - Loading file from sun.misc.CompoundEnumeration@78691363
2019-10-24 19:55:06,852 [main] INFO  net.NodeSchemaLoader (NodeSchemaLoader.java:loadSchema(171)) - Loading network topology layer schema file
2019-10-24 19:55:06,903 [main] WARN  server.ServerUtils (ServerUtils.java:sanitizeUserArgs(70)) - ozone.scm.stale.node.interval value = 1000000 is larger than max = 100000 based on the key value of ozone.scm.heartbeat.thread.interval, reset to the max value 100000.
2019-10-24 19:55:06,905 [main] WARN  server.ServerUtils (ServerUtils.java:sanitizeUserArgs(70)) - ozone.scm.stale.node.interval value = 1000000 is larger than max = 100000 based on the key value of ozone.scm.heartbeat.thread.interval, reset to the max value 100000.
2019-10-24 19:55:06,907 [main] INFO  node.SCMNodeManager (SCMNodeManager.java:<init>(116)) - Entering startup safe mode.
2019-10-24 19:55:06,962 [main] INFO  algorithms.ContainerPlacementPolicyFactory (ContainerPlacementPolicyFactory.java:getPolicy(57)) - Create container placement policy of type org.apache.hadoop.hdds.scm.container.placement.algorithms.SCMContainerPlacementRandom
2019-10-24 19:55:06,974 [main] WARN  server.ServerUtils (ServerUtils.java:getScmDbDir(145)) - ozone.scm.db.dirs is not configured. We recommend adding this setting. Falling back to ozone.metadata.dirs instead.
2019-10-24 19:55:07,108 [main] INFO  pipeline.SCMPipelineManager (SCMPipelineManager.java:initializePipelineState(132)) - No pipeline exists in current db
2019-10-24 19:55:07,111 [main] WARN  server.ServerUtils (ServerUtils.java:getScmDbDir(145)) - ozone.scm.db.dirs is not configured. We recommend adding this setting. Falling back to ozone.metadata.dirs instead.
2019-10-24 19:55:07,216 [main] WARN  events.EventQueue (EventQueue.java:fireEvent(183)) - No event handler registered for event TypedEvent{payloadType=SafeModeStatus, name='SafeModeStatus'}
2019-10-24 19:55:07,523 [main] INFO  ipc.CallQueueManager (CallQueueManager.java:<init>(84)) - Using callQueue: class java.util.concurrent.LinkedBlockingQueue, queueCapacity: 2000, scheduler: class org.apache.hadoop.ipc.DefaultRpcScheduler, ipcBackoff: false.
2019-10-24 19:55:07,648 [Socket Reader #1 for port 36960] INFO  ipc.Server (Server.java:run(1074)) - Starting Socket Reader #1 for port 36960
2019-10-24 19:55:07,683 [main] INFO  ipc.CallQueueManager (CallQueueManager.java:<init>(84)) - Using callQueue: class java.util.concurrent.LinkedBlockingQueue, queueCapacity: 2000, scheduler: class org.apache.hadoop.ipc.DefaultRpcScheduler, ipcBackoff: false.
2019-10-24 19:55:07,684 [Socket Reader #1 for port 35150] INFO  ipc.Server (Server.java:run(1074)) - Starting Socket Reader #1 for port 35150
2019-10-24 19:55:07,694 [main] INFO  ipc.CallQueueManager (CallQueueManager.java:<init>(84)) - Using callQueue: class java.util.concurrent.LinkedBlockingQueue, queueCapacity: 2000, scheduler: class org.apache.hadoop.ipc.DefaultRpcScheduler, ipcBackoff: false.
2019-10-24 19:55:07,695 [Socket Reader #1 for port 34291] INFO  ipc.Server (Server.java:run(1074)) - Starting Socket Reader #1 for port 34291
2019-10-24 19:55:07,719 [main] INFO  hdfs.DFSUtil (DFSUtil.java:httpServerTemplateForNNAndJN(1641)) - Starting Web-server for scm at: http://0.0.0.0:0
2019-10-24 19:55:07,867 [main] INFO  server.AuthenticationFilter (AuthenticationFilter.java:constructSecretProvider(240)) - Unable to initialize FileSignerSecretProvider, falling back to use random secrets.
2019-10-24 19:55:07,875 [main] WARN  http.HttpRequestLog (HttpRequestLog.java:getRequestLog(97)) - Jetty request log can only be enabled using Log4j
2019-10-24 19:55:07,882 [main] INFO  http.HttpServer2 (HttpServer2.java:addGlobalFilter(975)) - Added global filter 'safety' (class=org.apache.hadoop.http.HttpServer2$QuotingInputFilter)
2019-10-24 19:55:07,885 [main] INFO  http.HttpServer2 (HttpServer2.java:addFilter(948)) - Added filter static_user_filter (class=org.apache.hadoop.http.lib.StaticUserWebFilter$StaticUserFilter) to context scm
2019-10-24 19:55:07,885 [main] INFO  http.HttpServer2 (HttpServer2.java:addFilter(958)) - Added filter static_user_filter (class=org.apache.hadoop.http.lib.StaticUserWebFilter$StaticUserFilter) to context static
2019-10-24 19:55:07,886 [main] INFO  http.HttpServer2 (HttpServer2.java:addFilter(958)) - Added filter static_user_filter (class=org.apache.hadoop.http.lib.StaticUserWebFilter$StaticUserFilter) to context logs
2019-10-24 19:55:07,915 [main] INFO  server.StorageContainerManager (StorageContainerManager.java:start(772)) - StorageContainerLocationProtocol RPC server is listening at /0.0.0.0:34291
2019-10-24 19:55:07,974 [main] WARN  impl.MetricsConfig (MetricsConfig.java:loadFirst(134)) - Cannot locate configuration: tried hadoop-metrics2-storagecontainermanager.properties,hadoop-metrics2.properties
2019-10-24 19:55:07,987 [main] INFO  impl.MetricsSystemImpl (MetricsSystemImpl.java:startTimer(374)) - Scheduled Metric snapshot period at 10 second(s).
2019-10-24 19:55:07,987 [main] INFO  impl.MetricsSystemImpl (MetricsSystemImpl.java:start(191)) - StorageContainerManager metrics system started
2019-10-24 19:55:08,205 [main] INFO  server.SCMClientProtocolServer (SCMClientProtocolServer.java:start(159)) - RPC server for Client  is listening at /0.0.0.0:34291
2019-10-24 19:55:08,206 [IPC Server listener on 34291] INFO  ipc.Server (Server.java:run(1153)) - IPC Server listener on 34291: starting
2019-10-24 19:55:08,206 [IPC Server Responder] INFO  ipc.Server (Server.java:run(1314)) - IPC Server Responder: starting
2019-10-24 19:55:08,209 [main] INFO  server.StorageContainerManager (StorageContainerManager.java:start(782)) - ScmBlockLocationProtocol RPC server is listening at /0.0.0.0:35150
2019-10-24 19:55:08,210 [main] INFO  server.SCMBlockProtocolServer (SCMBlockProtocolServer.java:start(146)) - RPC server for Block Protocol is listening at /0.0.0.0:35150
2019-10-24 19:55:08,210 [IPC Server Responder] INFO  ipc.Server (Server.java:run(1314)) - IPC Server Responder: starting
2019-10-24 19:55:08,210 [IPC Server listener on 35150] INFO  ipc.Server (Server.java:run(1153)) - IPC Server listener on 35150: starting
2019-10-24 19:55:08,213 [main] INFO  server.StorageContainerManager (StorageContainerManager.java:start(786)) - ScmDatanodeProtocl RPC server is listening at /0.0.0.0:36960
2019-10-24 19:55:08,213 [main] INFO  server.SCMDatanodeProtocolServer (SCMDatanodeProtocolServer.java:start(169)) - RPC server for DataNodes is listening at /0.0.0.0:36960
2019-10-24 19:55:08,214 [IPC Server Responder] INFO  ipc.Server (Server.java:run(1314)) - IPC Server Responder: starting
2019-10-24 19:55:08,214 [IPC Server listener on 36960] INFO  ipc.Server (Server.java:run(1153)) - IPC Server listener on 36960: starting
2019-10-24 19:55:08,217 [main] INFO  http.HttpServer2 (HttpServer2.java:bindListener(1191)) - Jetty bound to port 42678
2019-10-24 19:55:08,219 [main] INFO  server.Server (Server.java:doStart(351)) - jetty-9.3.25.v20180904, build timestamp: 2018-09-04T21:11:46Z, git hash: 3ce520221d0240229c862b122d2b06c12a625732
2019-10-24 19:55:08,270 [main] INFO  handler.ContextHandler (ContextHandler.java:doStart(781)) - Started o.e.j.s.ServletContextHandler@2f48b3d2{/logs,file:///workdir/hadoop-ozone/integration-test/target/log,AVAILABLE}
2019-10-24 19:55:08,271 [main] INFO  handler.ContextHandler (ContextHandler.java:doStart(781)) - Started o.e.j.s.ServletContextHandler@753432a2{/static,file:///workdir/hadoop-ozone/integration-test/target/test-classes/webapps/static,AVAILABLE}
2019-10-24 19:55:08,309 [main] INFO  handler.ContextHandler (ContextHandler.java:doStart(781)) - Started o.e.j.w.WebAppContext@23a9ba52{/,file:///workdir/hadoop-ozone/integration-test/target/test-classes/webapps/scm/,AVAILABLE}{/scm}
2019-10-24 19:55:08,315 [main] INFO  server.AbstractConnector (AbstractConnector.java:doStart(278)) - Started ServerConnector@7927bd9f{HTTP/1.1,[http/1.1]}{0.0.0.0:42678}
2019-10-24 19:55:08,315 [main] INFO  server.Server (Server.java:doStart(419)) - Started @2543ms
2019-10-24 19:55:08,317 [main] INFO  impl.MetricsSinkAdapter (MetricsSinkAdapter.java:start(204)) - Sink prometheus started
2019-10-24 19:55:08,317 [main] INFO  impl.MetricsSystemImpl (MetricsSystemImpl.java:registerSink(301)) - Registered sink prometheus
2019-10-24 19:55:08,319 [main] INFO  server.BaseHttpServer (BaseHttpServer.java:updateConnectorAddress(215)) - HTTP server of SCM is listening at http://0.0.0.0:42678
2019-10-24 19:55:08,325 [org.apache.hadoop.util.JvmPauseMonitor$Monitor@3d3f761a] INFO  util.JvmPauseMonitor (JvmPauseMonitor.java:run(188)) - Starting JVM pause monitor
2019-10-24 19:55:08,328 [main] WARN  server.ServerUtils (ServerUtils.java:getDBPath(222)) - ozone.om.db.dirs is not configured. We recommend adding this setting. Falling back to ozone.metadata.dirs instead.
2019-10-24 19:55:08,426 [main] INFO  ha.OMHANodeDetails (OMHANodeDetails.java:loadOMHAConfig(190)) - Configuration either no ozone.om.address set. Falling back to the default OM address /127.0.0.1:0
2019-10-24 19:55:08,426 [main] INFO  ha.OMHANodeDetails (OMHANodeDetails.java:getOMNodeDetails(220)) - OM Service ID is not set. Setting it to the default ID: omServiceIdDefault
2019-10-24 19:55:08,428 [main] WARN  server.ServerUtils (ServerUtils.java:getDBPath(222)) - ozone.om.db.dirs is not configured. We recommend adding this setting. Falling back to ozone.metadata.dirs instead.
2019-10-24 19:55:08,428 [main] WARN  server.ServerUtils (ServerUtils.java:getDBPath(222)) - ozone.om.db.dirs is not configured. We recommend adding this setting. Falling back to ozone.metadata.dirs instead.
2019-10-24 19:55:09,022 [main] WARN  server.ServerUtils (ServerUtils.java:getDBPath(222)) - ozone.om.db.dirs is not configured. We recommend adding this setting. Falling back to ozone.metadata.dirs instead.
2019-10-24 19:55:09,032 [main] INFO  db.DBStoreBuilder (DBStoreBuilder.java:addTable(127)) - using custom profile for table: userTable
2019-10-24 19:55:09,032 [main] INFO  db.DBStoreBuilder (DBStoreBuilder.java:processTables(183)) - Using default column profile:DBProfile.DISK for Table:userTable
2019-10-24 19:55:09,032 [main] INFO  db.DBStoreBuilder (DBStoreBuilder.java:addTable(127)) - using custom profile for table: volumeTable
2019-10-24 19:55:09,032 [main] INFO  db.DBStoreBuilder (DBStoreBuilder.java:processTables(183)) - Using default column profile:DBProfile.DISK for Table:volumeTable
2019-10-24 19:55:09,033 [main] INFO  db.DBStoreBuilder (DBStoreBuilder.java:addTable(127)) - using custom profile for table: bucketTable
2019-10-24 19:55:09,033 [main] INFO  db.DBStoreBuilder (DBStoreBuilder.java:processTables(183)) - Using default column profile:DBProfile.DISK for Table:bucketTable
2019-10-24 19:55:09,033 [main] INFO  db.DBStoreBuilder (DBStoreBuilder.java:addTable(127)) - using custom profile for table: keyTable
2019-10-24 19:55:09,033 [main] INFO  db.DBStoreBuilder (DBStoreBuilder.java:processTables(183)) - Using default column profile:DBProfile.DISK for Table:keyTable
2019-10-24 19:55:09,034 [main] INFO  db.DBStoreBuilder (DBStoreBuilder.java:addTable(127)) - using custom profile for table: deletedTable
2019-10-24 19:55:09,034 [main] INFO  db.DBStoreBuilder (DBStoreBuilder.java:processTables(183)) - Using default column profile:DBProfile.DISK for Table:deletedTable
2019-10-24 19:55:09,034 [main] INFO  db.DBStoreBuilder (DBStoreBuilder.java:addTable(127)) - using custom profile for table: openKeyTable
2019-10-24 19:55:09,034 [main] INFO  db.DBStoreBuilder (DBStoreBuilder.java:processTables(183)) - Using default column profile:DBProfile.DISK for Table:openKeyTable
2019-10-24 19:55:09,035 [main] INFO  db.DBStoreBuilder (DBStoreBuilder.java:addTable(127)) - using custom profile for table: s3Table
2019-10-24 19:55:09,035 [main] INFO  db.DBStoreBuilder (DBStoreBuilder.java:processTables(183)) - Using default column profile:DBProfile.DISK for Table:s3Table
2019-10-24 19:55:09,035 [main] INFO  db.DBStoreBuilder (DBStoreBuilder.java:addTable(127)) - using custom profile for table: multipartInfoTable
2019-10-24 19:55:09,035 [main] INFO  db.DBStoreBuilder (DBStoreBuilder.java:processTables(183)) - Using default column profile:DBProfile.DISK for Table:multipartInfoTable
2019-10-24 19:55:09,036 [main] INFO  db.DBStoreBuilder (DBStoreBuilder.java:addTable(127)) - using custom profile for table: dTokenTable
2019-10-24 19:55:09,036 [main] INFO  db.DBStoreBuilder (DBStoreBuilder.java:processTables(183)) - Using default column profile:DBProfile.DISK for Table:dTokenTable
2019-10-24 19:55:09,036 [main] INFO  db.DBStoreBuilder (DBStoreBuilder.java:addTable(127)) - using custom profile for table: s3SecretTable
2019-10-24 19:55:09,036 [main] INFO  db.DBStoreBuilder (DBStoreBuilder.java:processTables(183)) - Using default column profile:DBProfile.DISK for Table:s3SecretTable
2019-10-24 19:55:09,037 [main] INFO  db.DBStoreBuilder (DBStoreBuilder.java:addTable(127)) - using custom profile for table: prefixTable
2019-10-24 19:55:09,037 [main] INFO  db.DBStoreBuilder (DBStoreBuilder.java:processTables(183)) - Using default column profile:DBProfile.DISK for Table:prefixTable
2019-10-24 19:55:09,037 [main] INFO  db.DBStoreBuilder (DBStoreBuilder.java:addTable(127)) - using custom profile for table: default
2019-10-24 19:55:09,037 [main] INFO  db.DBStoreBuilder (DBStoreBuilder.java:processTables(189)) - Using default column profile:DBProfile.DISK for Table:default
2019-10-24 19:55:09,038 [main] INFO  db.DBStoreBuilder (DBStoreBuilder.java:getDbProfile(220)) - Using default options. DBProfile.DISK
2019-10-24 19:55:09,572 [main] INFO  ipc.CallQueueManager (CallQueueManager.java:<init>(84)) - Using callQueue: class java.util.concurrent.LinkedBlockingQueue, queueCapacity: 2000, scheduler: class org.apache.hadoop.ipc.DefaultRpcScheduler, ipcBackoff: false.
2019-10-24 19:55:09,573 [Socket Reader #1 for port 37278] INFO  ipc.Server (Server.java:run(1074)) - Starting Socket Reader #1 for port 37278
2019-10-24 19:55:09,592 [main] INFO  om.OzoneManager (OzoneManager.java:start(1074)) - OzoneManager RPC server is listening at localhost/127.0.0.1:37278
2019-10-24 19:55:09,592 [main] INFO  impl.MetricsSystemImpl (MetricsSystemImpl.java:init(158)) - OzoneManager metrics system started (again)
2019-10-24 19:55:09,599 [IPC Server Responder] INFO  ipc.Server (Server.java:run(1314)) - IPC Server Responder: starting
2019-10-24 19:55:09,599 [IPC Server listener on 37278] INFO  ipc.Server (Server.java:run(1153)) - IPC Server listener on 37278: starting
2019-10-24 19:55:09,603 [main] INFO  hdfs.DFSUtil (DFSUtil.java:httpServerTemplateForNNAndJN(1641)) - Starting Web-server for ozoneManager at: http://0.0.0.0:0
2019-10-24 19:55:09,605 [main] INFO  server.AuthenticationFilter (AuthenticationFilter.java:constructSecretProvider(240)) - Unable to initialize FileSignerSecretProvider, falling back to use random secrets.
2019-10-24 19:55:09,605 [main] WARN  http.HttpRequestLog (HttpRequestLog.java:getRequestLog(97)) - Jetty request log can only be enabled using Log4j
2019-10-24 19:55:09,607 [main] INFO  http.HttpServer2 (HttpServer2.java:addGlobalFilter(975)) - Added global filter 'safety' (class=org.apache.hadoop.http.HttpServer2$QuotingInputFilter)
2019-10-24 19:55:09,608 [main] INFO  http.HttpServer2 (HttpServer2.java:addFilter(948)) - Added filter static_user_filter (class=org.apache.hadoop.http.lib.StaticUserWebFilter$StaticUserFilter) to context ozoneManager
2019-10-24 19:55:09,608 [main] INFO  http.HttpServer2 (HttpServer2.java:addFilter(958)) - Added filter static_user_filter (class=org.apache.hadoop.http.lib.StaticUserWebFilter$StaticUserFilter) to context logs
2019-10-24 19:55:09,608 [main] INFO  http.HttpServer2 (HttpServer2.java:addFilter(958)) - Added filter static_user_filter (class=org.apache.hadoop.http.lib.StaticUserWebFilter$StaticUserFilter) to context static
2019-10-24 19:55:09,610 [main] INFO  http.HttpServer2 (HttpServer2.java:bindListener(1191)) - Jetty bound to port 39835
2019-10-24 19:55:09,611 [main] INFO  server.Server (Server.java:doStart(351)) - jetty-9.3.25.v20180904, build timestamp: 2018-09-04T21:11:46Z, git hash: 3ce520221d0240229c862b122d2b06c12a625732
2019-10-24 19:55:09,612 [main] INFO  handler.ContextHandler (ContextHandler.java:doStart(781)) - Started o.e.j.s.ServletContextHandler@40ab8a8{/logs,file:///workdir/hadoop-ozone/integration-test/target/log,AVAILABLE}
2019-10-24 19:55:09,613 [main] INFO  handler.ContextHandler (ContextHandler.java:doStart(781)) - Started o.e.j.s.ServletContextHandler@65cc8228{/static,file:///workdir/hadoop-ozone/integration-test/target/test-classes/webapps/static,AVAILABLE}
2019-10-24 19:55:09,618 [main] INFO  handler.ContextHandler (ContextHandler.java:doStart(781)) - Started o.e.j.w.WebAppContext@5d235104{/,file:///workdir/hadoop-ozone/integration-test/target/test-classes/webapps/ozoneManager/,AVAILABLE}{/ozoneManager}
2019-10-24 19:55:09,618 [main] INFO  server.AbstractConnector (AbstractConnector.java:doStart(278)) - Started ServerConnector@4e8e8621{HTTP/1.1,[http/1.1]}{0.0.0.0:39835}
2019-10-24 19:55:09,618 [main] INFO  server.Server (Server.java:doStart(419)) - Started @3846ms
2019-10-24 19:55:09,618 [main] WARN  impl.MetricsSystemImpl (MetricsSystemImpl.java:register(276)) - Sink prometheus already exists!
2019-10-24 19:55:09,619 [main] INFO  server.BaseHttpServer (BaseHttpServer.java:updateConnectorAddress(215)) - HTTP server of OZONEMANAGER is listening at http://0.0.0.0:39835
2019-10-24 19:55:09,865 [main] INFO  impl.MetricsSystemImpl (MetricsSystemImpl.java:init(158)) - HddsDatanode metrics system started (again)
2019-10-24 19:55:09,920 [main] INFO  ozone.HddsDatanodeService (HddsDatanodeService.java:start(184)) - HddsDatanodeService host:pr-hdds-2344-jr7qb-497185894 ip:192.168.157.225
2019-10-24 19:55:09,955 [main] INFO  volume.HddsVolume (HddsVolume.java:<init>(176)) - Creating Volume: /workdir/hadoop-ozone/integration-test/target/test-dir/MiniOzoneClusterImpl-32c601bb-365b-4896-b1e0-aac658e6a95a/datanode-0/data/containers/hdds of  storage type : DISK and capacity : 1482555576320
2019-10-24 19:55:09,957 [main] INFO  volume.VolumeSet (VolumeSet.java:initializeVolumeSet(170)) - Added Volume : /workdir/hadoop-ozone/integration-test/target/test-dir/MiniOzoneClusterImpl-32c601bb-365b-4896-b1e0-aac658e6a95a/datanode-0/data/containers/hdds to VolumeSet
2019-10-24 19:55:09,960 [main] INFO  volume.ThrottledAsyncChecker (ThrottledAsyncChecker.java:schedule(141)) - Scheduling a check for /workdir/hadoop-ozone/integration-test/target/test-dir/MiniOzoneClusterImpl-32c601bb-365b-4896-b1e0-aac658e6a95a/datanode-0/data/containers/hdds
2019-10-24 19:55:09,977 [main] INFO  volume.HddsVolumeChecker (HddsVolumeChecker.java:checkAllVolumes(204)) - Scheduled health check for volume /workdir/hadoop-ozone/integration-test/target/test-dir/MiniOzoneClusterImpl-32c601bb-365b-4896-b1e0-aac658e6a95a/datanode-0/data/containers/hdds
2019-10-24 19:55:10,082 [main] INFO  impl.RaftServerProxy (ConfUtils.java:logGet(43)) - raft.rpc.type = GRPC (default)
2019-10-24 19:55:10,142 [main] INFO  grpc.GrpcFactory (GrpcFactory.java:checkPooledByteBufAllocatorUseCacheForAllThreads(45)) - PERFORMANCE WARNING: useCacheForAllThreads is true that may cause Netty to create a lot garbage objects and, as a result, trigger GC.
	It is recommended to disable useCacheForAllThreads by setting -Dorg.apache.ratis.thirdparty.io.netty.allocator.useCacheForAllThreads=false in command line.
2019-10-24 19:55:10,146 [main] INFO  grpc.GrpcConfigKeys$Server (ConfUtils.java:logGet(43)) - raft.grpc.server.port = 0 (default)
2019-10-24 19:55:10,147 [main] INFO  server.GrpcService (ConfUtils.java:logGet(43)) - raft.grpc.message.size.max = 33570816 (custom)
2019-10-24 19:55:10,148 [main] INFO  server.RaftServerConfigKeys (ConfUtils.java:logGet(43)) - raft.server.log.appender.buffer.byte-limit = 33554432 (custom)
2019-10-24 19:55:10,149 [main] INFO  server.GrpcService (ConfUtils.java:logGet(43)) - raft.grpc.flow.control.window = 1MB (=1048576) (default)
2019-10-24 19:55:10,150 [main] INFO  server.RaftServerConfigKeys (ConfUtils.java:logGet(43)) - raft.server.rpc.request.timeout = 3000ms (default)
2019-10-24 19:55:10,285 [main] INFO  server.RaftServerConfigKeys (ConfUtils.java:logGet(43)) - raft.server.storage.dir = [/workdir/hadoop-ozone/integration-test/target/test-dir/MiniOzoneClusterImpl-32c601bb-365b-4896-b1e0-aac658e6a95a/datanode-0/data/ratis] (custom)
2019-10-24 19:55:10,330 [main] INFO  hdfs.DFSUtil (DFSUtil.java:httpServerTemplateForNNAndJN(1641)) - Starting Web-server for hddsDatanode at: http://0.0.0.0:0
2019-10-24 19:55:10,333 [main] INFO  server.AuthenticationFilter (AuthenticationFilter.java:constructSecretProvider(240)) - Unable to initialize FileSignerSecretProvider, falling back to use random secrets.
2019-10-24 19:55:10,334 [main] WARN  http.HttpRequestLog (HttpRequestLog.java:getRequestLog(97)) - Jetty request log can only be enabled using Log4j
2019-10-24 19:55:10,337 [main] INFO  http.HttpServer2 (HttpServer2.java:addGlobalFilter(975)) - Added global filter 'safety' (class=org.apache.hadoop.http.HttpServer2$QuotingInputFilter)
2019-10-24 19:55:10,338 [main] INFO  http.HttpServer2 (HttpServer2.java:addFilter(948)) - Added filter static_user_filter (class=org.apache.hadoop.http.lib.StaticUserWebFilter$StaticUserFilter) to context hddsDatanode
2019-10-24 19:55:10,338 [main] INFO  http.HttpServer2 (HttpServer2.java:addFilter(958)) - Added filter static_user_filter (class=org.apache.hadoop.http.lib.StaticUserWebFilter$StaticUserFilter) to context logs
2019-10-24 19:55:10,339 [main] INFO  http.HttpServer2 (HttpServer2.java:addFilter(958)) - Added filter static_user_filter (class=org.apache.hadoop.http.lib.StaticUserWebFilter$StaticUserFilter) to context static
2019-10-24 19:55:10,341 [main] INFO  http.HttpServer2 (HttpServer2.java:bindListener(1191)) - Jetty bound to port 36208
2019-10-24 19:55:10,341 [main] INFO  server.Server (Server.java:doStart(351)) - jetty-9.3.25.v20180904, build timestamp: 2018-09-04T21:11:46Z, git hash: 3ce520221d0240229c862b122d2b06c12a625732
2019-10-24 19:55:10,345 [main] INFO  handler.ContextHandler (ContextHandler.java:doStart(781)) - Started o.e.j.s.ServletContextHandler@6c008c24{/logs,file:///workdir/hadoop-ozone/integration-test/target/log,AVAILABLE}
2019-10-24 19:55:10,346 [main] INFO  handler.ContextHandler (ContextHandler.java:doStart(781)) - Started o.e.j.s.ServletContextHandler@21079a12{/static,jar:file:/home/user/.m2/repository/org/apache/hadoop/hadoop-hdds-container-service/0.5.0-SNAPSHOT/hadoop-hdds-container-service-0.5.0-SNAPSHOT.jar!/webapps/static,AVAILABLE}
2019-10-24 19:55:10,403 [main] INFO  handler.ContextHandler (ContextHandler.java:doStart(781)) - Started o.e.j.w.WebAppContext@673919a7{/,file:///tmp/jetty-0.0.0.0-36208-hddsDatanode-_-any-3295507463619614683.dir/webapp/,AVAILABLE}{/hddsDatanode}
2019-10-24 19:55:10,403 [main] INFO  server.AbstractConnector (AbstractConnector.java:doStart(278)) - Started ServerConnector@25d93198{HTTP/1.1,[http/1.1]}{0.0.0.0:36208}
2019-10-24 19:55:10,404 [main] INFO  server.Server (Server.java:doStart(419)) - Started @4632ms
2019-10-24 19:55:10,405 [main] WARN  impl.MetricsSystemImpl (MetricsSystemImpl.java:register(276)) - Sink prometheus already exists!
2019-10-24 19:55:10,406 [main] INFO  server.BaseHttpServer (BaseHttpServer.java:updateConnectorAddress(215)) - HTTP server of HDDSDATANODE is listening at http://0.0.0.0:36208
2019-10-24 19:55:10,407 [main] INFO  impl.MetricsSystemImpl (MetricsSystemImpl.java:init(158)) - HddsDatanode metrics system started (again)
2019-10-24 19:55:10,410 [main] INFO  ozone.HddsDatanodeService (HddsDatanodeService.java:start(184)) - HddsDatanodeService host:pr-hdds-2344-jr7qb-497185894 ip:192.168.157.225
2019-10-24 19:55:10,413 [org.apache.hadoop.util.JvmPauseMonitor$Monitor@74e31e07] INFO  util.JvmPauseMonitor (JvmPauseMonitor.java:run(188)) - Starting JVM pause monitor
2019-10-24 19:55:10,420 [main] INFO  volume.HddsVolume (HddsVolume.java:<init>(176)) - Creating Volume: /workdir/hadoop-ozone/integration-test/target/test-dir/MiniOzoneClusterImpl-32c601bb-365b-4896-b1e0-aac658e6a95a/datanode-1/data/containers/hdds of  storage type : DISK and capacity : 1482555576320
2019-10-24 19:55:10,421 [main] INFO  volume.VolumeSet (VolumeSet.java:initializeVolumeSet(170)) - Added Volume : /workdir/hadoop-ozone/integration-test/target/test-dir/MiniOzoneClusterImpl-32c601bb-365b-4896-b1e0-aac658e6a95a/datanode-1/data/containers/hdds to VolumeSet
2019-10-24 19:55:10,421 [main] INFO  volume.ThrottledAsyncChecker (ThrottledAsyncChecker.java:schedule(141)) - Scheduling a check for /workdir/hadoop-ozone/integration-test/target/test-dir/MiniOzoneClusterImpl-32c601bb-365b-4896-b1e0-aac658e6a95a/datanode-1/data/containers/hdds
2019-10-24 19:55:10,422 [main] INFO  volume.HddsVolumeChecker (HddsVolumeChecker.java:checkAllVolumes(204)) - Scheduled health check for volume /workdir/hadoop-ozone/integration-test/target/test-dir/MiniOzoneClusterImpl-32c601bb-365b-4896-b1e0-aac658e6a95a/datanode-1/data/containers/hdds
2019-10-24 19:55:10,440 [main] INFO  impl.RaftServerProxy (ConfUtils.java:logGet(43)) - raft.rpc.type = GRPC (default)
2019-10-24 19:55:10,440 [main] INFO  grpc.GrpcFactory (GrpcFactory.java:checkPooledByteBufAllocatorUseCacheForAllThreads(45)) - PERFORMANCE WARNING: useCacheForAllThreads is true that may cause Netty to create a lot garbage objects and, as a result, trigger GC.
	It is recommended to disable useCacheForAllThreads by setting -Dorg.apache.ratis.thirdparty.io.netty.allocator.useCacheForAllThreads=false in command line.
2019-10-24 19:55:10,441 [main] INFO  grpc.GrpcConfigKeys$Server (ConfUtils.java:logGet(43)) - raft.grpc.server.port = 0 (default)
2019-10-24 19:55:10,441 [main] INFO  server.GrpcService (ConfUtils.java:logGet(43)) - raft.grpc.message.size.max = 33570816 (custom)
2019-10-24 19:55:10,441 [main] INFO  server.RaftServerConfigKeys (ConfUtils.java:logGet(43)) - raft.server.log.appender.buffer.byte-limit = 33554432 (custom)
2019-10-24 19:55:10,442 [main] INFO  server.GrpcService (ConfUtils.java:logGet(43)) - raft.grpc.flow.control.window = 1MB (=1048576) (default)
2019-10-24 19:55:10,442 [main] INFO  server.RaftServerConfigKeys (ConfUtils.java:logGet(43)) - raft.server.rpc.request.timeout = 3000ms (default)
2019-10-24 19:55:10,443 [main] INFO  server.RaftServerConfigKeys (ConfUtils.java:logGet(43)) - raft.server.storage.dir = [/workdir/hadoop-ozone/integration-test/target/test-dir/MiniOzoneClusterImpl-32c601bb-365b-4896-b1e0-aac658e6a95a/datanode-1/data/ratis] (custom)
2019-10-24 19:55:10,445 [main] INFO  hdfs.DFSUtil (DFSUtil.java:httpServerTemplateForNNAndJN(1641)) - Starting Web-server for hddsDatanode at: http://0.0.0.0:0
2019-10-24 19:55:10,447 [main] INFO  server.AuthenticationFilter (AuthenticationFilter.java:constructSecretProvider(240)) - Unable to initialize FileSignerSecretProvider, falling back to use random secrets.
2019-10-24 19:55:10,447 [main] WARN  http.HttpRequestLog (HttpRequestLog.java:getRequestLog(97)) - Jetty request log can only be enabled using Log4j
2019-10-24 19:55:10,450 [main] INFO  http.HttpServer2 (HttpServer2.java:addGlobalFilter(975)) - Added global filter 'safety' (class=org.apache.hadoop.http.HttpServer2$QuotingInputFilter)
2019-10-24 19:55:10,451 [main] INFO  http.HttpServer2 (HttpServer2.java:addFilter(948)) - Added filter static_user_filter (class=org.apache.hadoop.http.lib.StaticUserWebFilter$StaticUserFilter) to context hddsDatanode
2019-10-24 19:55:10,451 [main] INFO  http.HttpServer2 (HttpServer2.java:addFilter(958)) - Added filter static_user_filter (class=org.apache.hadoop.http.lib.StaticUserWebFilter$StaticUserFilter) to context logs
2019-10-24 19:55:10,451 [main] INFO  http.HttpServer2 (HttpServer2.java:addFilter(958)) - Added filter static_user_filter (class=org.apache.hadoop.http.lib.StaticUserWebFilter$StaticUserFilter) to context static
2019-10-24 19:55:10,452 [main] INFO  http.HttpServer2 (HttpServer2.java:bindListener(1191)) - Jetty bound to port 42680
2019-10-24 19:55:10,452 [main] INFO  server.Server (Server.java:doStart(351)) - jetty-9.3.25.v20180904, build timestamp: 2018-09-04T21:11:46Z, git hash: 3ce520221d0240229c862b122d2b06c12a625732
2019-10-24 19:55:10,455 [main] INFO  handler.ContextHandler (ContextHandler.java:doStart(781)) - Started o.e.j.s.ServletContextHandler@38bb9d7a{/logs,file:///workdir/hadoop-ozone/integration-test/target/log,AVAILABLE}
2019-10-24 19:55:10,456 [main] INFO  handler.ContextHandler (ContextHandler.java:doStart(781)) - Started o.e.j.s.ServletContextHandler@78d6447a{/static,jar:file:/home/user/.m2/repository/org/apache/hadoop/hadoop-hdds-container-service/0.5.0-SNAPSHOT/hadoop-hdds-container-service-0.5.0-SNAPSHOT.jar!/webapps/static,AVAILABLE}
2019-10-24 19:55:10,502 [main] INFO  handler.ContextHandler (ContextHandler.java:doStart(781)) - Started o.e.j.w.WebAppContext@2f37f1f9{/,file:///tmp/jetty-0.0.0.0-42680-hddsDatanode-_-any-8716334366611045644.dir/webapp/,AVAILABLE}{/hddsDatanode}
2019-10-24 19:55:10,503 [main] INFO  server.AbstractConnector (AbstractConnector.java:doStart(278)) - Started ServerConnector@3374b5bc{HTTP/1.1,[http/1.1]}{0.0.0.0:42680}
2019-10-24 19:55:10,504 [main] INFO  server.Server (Server.java:doStart(419)) - Started @4732ms
2019-10-24 19:55:10,504 [main] WARN  impl.MetricsSystemImpl (MetricsSystemImpl.java:register(276)) - Sink prometheus already exists!
2019-10-24 19:55:10,506 [main] INFO  server.BaseHttpServer (BaseHttpServer.java:updateConnectorAddress(215)) - HTTP server of HDDSDATANODE is listening at http://0.0.0.0:42680
2019-10-24 19:55:10,506 [main] INFO  impl.MetricsSystemImpl (MetricsSystemImpl.java:init(158)) - HddsDatanode metrics system started (again)
2019-10-24 19:55:10,509 [org.apache.hadoop.util.JvmPauseMonitor$Monitor@52c668eb] INFO  util.JvmPauseMonitor (JvmPauseMonitor.java:run(188)) - Starting JVM pause monitor
2019-10-24 19:55:10,509 [main] INFO  ozone.HddsDatanodeService (HddsDatanodeService.java:start(184)) - HddsDatanodeService host:pr-hdds-2344-jr7qb-497185894 ip:192.168.157.225
2019-10-24 19:55:10,520 [main] INFO  volume.HddsVolume (HddsVolume.java:<init>(176)) - Creating Volume: /workdir/hadoop-ozone/integration-test/target/test-dir/MiniOzoneClusterImpl-32c601bb-365b-4896-b1e0-aac658e6a95a/datanode-2/data/containers/hdds of  storage type : DISK and capacity : 1482555576320
2019-10-24 19:55:10,520 [main] INFO  volume.VolumeSet (VolumeSet.java:initializeVolumeSet(170)) - Added Volume : /workdir/hadoop-ozone/integration-test/target/test-dir/MiniOzoneClusterImpl-32c601bb-365b-4896-b1e0-aac658e6a95a/datanode-2/data/containers/hdds to VolumeSet
2019-10-24 19:55:10,521 [main] INFO  volume.ThrottledAsyncChecker (ThrottledAsyncChecker.java:schedule(141)) - Scheduling a check for /workdir/hadoop-ozone/integration-test/target/test-dir/MiniOzoneClusterImpl-32c601bb-365b-4896-b1e0-aac658e6a95a/datanode-2/data/containers/hdds
2019-10-24 19:55:10,521 [main] INFO  volume.HddsVolumeChecker (HddsVolumeChecker.java:checkAllVolumes(204)) - Scheduled health check for volume /workdir/hadoop-ozone/integration-test/target/test-dir/MiniOzoneClusterImpl-32c601bb-365b-4896-b1e0-aac658e6a95a/datanode-2/data/containers/hdds
2019-10-24 19:55:10,524 [Datanode State Machine Thread - 0] INFO  datanode.InitDatanodeState (InitDatanodeState.java:persistContainerDatanodeDetails(140)) - DatanodeDetails is persisted to /workdir/hadoop-ozone/integration-test/target/test-dir/MiniOzoneClusterImpl-32c601bb-365b-4896-b1e0-aac658e6a95a/datanode-0/meta/datanode.id
2019-10-24 19:55:10,528 [Datanode State Machine Thread - 0] INFO  datanode.InitDatanodeState (InitDatanodeState.java:persistContainerDatanodeDetails(140)) - DatanodeDetails is persisted to /workdir/hadoop-ozone/integration-test/target/test-dir/MiniOzoneClusterImpl-32c601bb-365b-4896-b1e0-aac658e6a95a/datanode-1/meta/datanode.id
2019-10-24 19:55:10,543 [main] INFO  impl.RaftServerProxy (ConfUtils.java:logGet(43)) - raft.rpc.type = GRPC (default)
2019-10-24 19:55:10,543 [main] INFO  grpc.GrpcFactory (GrpcFactory.java:checkPooledByteBufAllocatorUseCacheForAllThreads(45)) - PERFORMANCE WARNING: useCacheForAllThreads is true that may cause Netty to create a lot garbage objects and, as a result, trigger GC.
	It is recommended to disable useCacheForAllThreads by setting -Dorg.apache.ratis.thirdparty.io.netty.allocator.useCacheForAllThreads=false in command line.
2019-10-24 19:55:10,544 [main] INFO  grpc.GrpcConfigKeys$Server (ConfUtils.java:logGet(43)) - raft.grpc.server.port = 0 (default)
2019-10-24 19:55:10,544 [main] INFO  server.GrpcService (ConfUtils.java:logGet(43)) - raft.grpc.message.size.max = 33570816 (custom)
2019-10-24 19:55:10,544 [main] INFO  server.RaftServerConfigKeys (ConfUtils.java:logGet(43)) - raft.server.log.appender.buffer.byte-limit = 33554432 (custom)
2019-10-24 19:55:10,545 [main] INFO  server.GrpcService (ConfUtils.java:logGet(43)) - raft.grpc.flow.control.window = 1MB (=1048576) (default)
2019-10-24 19:55:10,545 [main] INFO  server.RaftServerConfigKeys (ConfUtils.java:logGet(43)) - raft.server.rpc.request.timeout = 3000ms (default)
2019-10-24 19:55:10,546 [main] INFO  server.RaftServerConfigKeys (ConfUtils.java:logGet(43)) - raft.server.storage.dir = [/workdir/hadoop-ozone/integration-test/target/test-dir/MiniOzoneClusterImpl-32c601bb-365b-4896-b1e0-aac658e6a95a/datanode-2/data/ratis] (custom)
2019-10-24 19:55:10,548 [main] INFO  hdfs.DFSUtil (DFSUtil.java:httpServerTemplateForNNAndJN(1641)) - Starting Web-server for hddsDatanode at: http://0.0.0.0:0
2019-10-24 19:55:10,550 [main] INFO  server.AuthenticationFilter (AuthenticationFilter.java:constructSecretProvider(240)) - Unable to initialize FileSignerSecretProvider, falling back to use random secrets.
2019-10-24 19:55:10,551 [main] WARN  http.HttpRequestLog (HttpRequestLog.java:getRequestLog(97)) - Jetty request log can only be enabled using Log4j
2019-10-24 19:55:10,553 [main] INFO  http.HttpServer2 (HttpServer2.java:addGlobalFilter(975)) - Added global filter 'safety' (class=org.apache.hadoop.http.HttpServer2$QuotingInputFilter)
2019-10-24 19:55:10,554 [main] INFO  http.HttpServer2 (HttpServer2.java:addFilter(948)) - Added filter static_user_filter (class=org.apache.hadoop.http.lib.StaticUserWebFilter$StaticUserFilter) to context hddsDatanode
2019-10-24 19:55:10,554 [main] INFO  http.HttpServer2 (HttpServer2.java:addFilter(958)) - Added filter static_user_filter (class=org.apache.hadoop.http.lib.StaticUserWebFilter$StaticUserFilter) to context static
2019-10-24 19:55:10,555 [main] INFO  http.HttpServer2 (HttpServer2.java:addFilter(958)) - Added filter static_user_filter (class=org.apache.hadoop.http.lib.StaticUserWebFilter$StaticUserFilter) to context logs
2019-10-24 19:55:10,556 [main] INFO  http.HttpServer2 (HttpServer2.java:bindListener(1191)) - Jetty bound to port 38906
2019-10-24 19:55:10,556 [main] INFO  server.Server (Server.java:doStart(351)) - jetty-9.3.25.v20180904, build timestamp: 2018-09-04T21:11:46Z, git hash: 3ce520221d0240229c862b122d2b06c12a625732
2019-10-24 19:55:10,562 [main] INFO  handler.ContextHandler (ContextHandler.java:doStart(781)) - Started o.e.j.s.ServletContextHandler@1229a2b7{/logs,file:///workdir/hadoop-ozone/integration-test/target/log,AVAILABLE}
2019-10-24 19:55:10,562 [main] INFO  handler.ContextHandler (ContextHandler.java:doStart(781)) - Started o.e.j.s.ServletContextHandler@51c959a4{/static,jar:file:/home/user/.m2/repository/org/apache/hadoop/hadoop-hdds-container-service/0.5.0-SNAPSHOT/hadoop-hdds-container-service-0.5.0-SNAPSHOT.jar!/webapps/static,AVAILABLE}
2019-10-24 19:55:10,614 [main] INFO  handler.ContextHandler (ContextHandler.java:doStart(781)) - Started o.e.j.w.WebAppContext@75ae4a1f{/,file:///tmp/jetty-0.0.0.0-38906-hddsDatanode-_-any-5859550410378230496.dir/webapp/,AVAILABLE}{/hddsDatanode}
2019-10-24 19:55:10,616 [main] INFO  server.AbstractConnector (AbstractConnector.java:doStart(278)) - Started ServerConnector@70228253{HTTP/1.1,[http/1.1]}{0.0.0.0:38906}
2019-10-24 19:55:10,619 [main] INFO  server.Server (Server.java:doStart(419)) - Started @4845ms
2019-10-24 19:55:10,619 [main] WARN  impl.MetricsSystemImpl (MetricsSystemImpl.java:register(276)) - Sink prometheus already exists!
2019-10-24 19:55:10,621 [main] INFO  server.BaseHttpServer (BaseHttpServer.java:updateConnectorAddress(215)) - HTTP server of HDDSDATANODE is listening at http://0.0.0.0:38906
2019-10-24 19:55:10,623 [main] INFO  ozone.MiniOzoneClusterImpl (MiniOzoneClusterImpl.java:lambda$waitForClusterToBeReady$0(147)) - Waiting for cluster to be ready. Got 0 of 3 DN Heartbeats.
2019-10-24 19:55:10,625 [org.apache.hadoop.util.JvmPauseMonitor$Monitor@60ecf86a] INFO  util.JvmPauseMonitor (JvmPauseMonitor.java:run(188)) - Starting JVM pause monitor
2019-10-24 19:55:10,628 [Datanode State Machine Thread - 0] INFO  datanode.InitDatanodeState (InitDatanodeState.java:persistContainerDatanodeDetails(140)) - DatanodeDetails is persisted to /workdir/hadoop-ozone/integration-test/target/test-dir/MiniOzoneClusterImpl-32c601bb-365b-4896-b1e0-aac658e6a95a/datanode-2/meta/datanode.id
2019-10-24 19:55:11,623 [main] INFO  ozone.MiniOzoneClusterImpl (MiniOzoneClusterImpl.java:lambda$waitForClusterToBeReady$0(147)) - Waiting for cluster to be ready. Got 0 of 3 DN Heartbeats.
2019-10-24 19:55:12,518 [Datanode State Machine Thread - 0] INFO  ozoneimpl.OzoneContainer (OzoneContainer.java:start(213)) - Attempting to start container services.
2019-10-24 19:55:12,520 [Datanode State Machine Thread - 0] INFO  ozoneimpl.OzoneContainer (OzoneContainer.java:start(213)) - Attempting to start container services.
2019-10-24 19:55:12,525 [Datanode State Machine Thread - 0] INFO  ozoneimpl.OzoneContainer (OzoneContainer.java:startContainerScrub(177)) - Background container scanner has been disabled.
2019-10-24 19:55:12,525 [Datanode State Machine Thread - 0] INFO  ozoneimpl.OzoneContainer (OzoneContainer.java:startContainerScrub(177)) - Background container scanner has been disabled.
2019-10-24 19:55:12,526 [Datanode State Machine Thread - 0] INFO  ratis.XceiverServerRatis (XceiverServerRatis.java:start(418)) - Starting XceiverServerRatis c3cc0179-ddd8-47c0-b315-a087be9c7d41 at port 0
2019-10-24 19:55:12,526 [Datanode State Machine Thread - 0] INFO  ratis.XceiverServerRatis (XceiverServerRatis.java:start(418)) - Starting XceiverServerRatis 6ca7c49d-0fb9-47a0-84fc-ca56d60725ba at port 0
2019-10-24 19:55:12,562 [Datanode State Machine Thread - 0] INFO  impl.RaftServerProxy (RaftServerProxy.java:lambda$start$3(299)) - 6ca7c49d-0fb9-47a0-84fc-ca56d60725ba: start RPC server
2019-10-24 19:55:12,562 [Datanode State Machine Thread - 0] INFO  impl.RaftServerProxy (RaftServerProxy.java:lambda$start$3(299)) - c3cc0179-ddd8-47c0-b315-a087be9c7d41: start RPC server
2019-10-24 19:55:12,624 [main] INFO  ozone.MiniOzoneClusterImpl (MiniOzoneClusterImpl.java:lambda$waitForClusterToBeReady$0(147)) - Waiting for cluster to be ready. Got 0 of 3 DN Heartbeats.
2019-10-24 19:55:12,636 [Datanode State Machine Thread - 0] INFO  ozoneimpl.OzoneContainer (OzoneContainer.java:start(213)) - Attempting to start container services.
2019-10-24 19:55:12,637 [Datanode State Machine Thread - 0] INFO  ozoneimpl.OzoneContainer (OzoneContainer.java:startContainerScrub(177)) - Background container scanner has been disabled.
2019-10-24 19:55:12,637 [Datanode State Machine Thread - 0] INFO  ratis.XceiverServerRatis (XceiverServerRatis.java:start(418)) - Starting XceiverServerRatis c0eea3b1-3778-46c9-978b-a52b9082cf96 at port 0
2019-10-24 19:55:12,645 [Datanode State Machine Thread - 0] INFO  impl.RaftServerProxy (RaftServerProxy.java:lambda$start$3(299)) - c0eea3b1-3778-46c9-978b-a52b9082cf96: start RPC server
2019-10-24 19:55:12,698 [Datanode State Machine Thread - 0] INFO  server.GrpcService (GrpcService.java:startImpl(158)) - c3cc0179-ddd8-47c0-b315-a087be9c7d41: GrpcService started, listening on 0.0.0.0/0.0.0.0:41798
2019-10-24 19:55:12,698 [Datanode State Machine Thread - 0] INFO  server.GrpcService (GrpcService.java:startImpl(158)) - 6ca7c49d-0fb9-47a0-84fc-ca56d60725ba: GrpcService started, listening on 0.0.0.0/0.0.0.0:39925
2019-10-24 19:55:12,698 [Datanode State Machine Thread - 0] INFO  server.GrpcService (GrpcService.java:startImpl(158)) - c0eea3b1-3778-46c9-978b-a52b9082cf96: GrpcService started, listening on 0.0.0.0/0.0.0.0:33218
2019-10-24 19:55:12,699 [Datanode State Machine Thread - 0] INFO  ratis.XceiverServerRatis (XceiverServerRatis.java:start(428)) - XceiverServerRatis 6ca7c49d-0fb9-47a0-84fc-ca56d60725ba is started using port 39925
2019-10-24 19:55:12,699 [Datanode State Machine Thread - 0] INFO  ratis.XceiverServerRatis (XceiverServerRatis.java:start(428)) - XceiverServerRatis c3cc0179-ddd8-47c0-b315-a087be9c7d41 is started using port 41798
2019-10-24 19:55:12,699 [Datanode State Machine Thread - 0] INFO  ratis.XceiverServerRatis (XceiverServerRatis.java:start(428)) - XceiverServerRatis c0eea3b1-3778-46c9-978b-a52b9082cf96 is started using port 33218
2019-10-24 19:55:12,704 [Datanode State Machine Thread - 0] INFO  server.XceiverServerGrpc (XceiverServerGrpc.java:start(149)) - XceiverServerGrpc c3cc0179-ddd8-47c0-b315-a087be9c7d41 is started using port 42369
2019-10-24 19:55:12,704 [Datanode State Machine Thread - 0] INFO  server.XceiverServerGrpc (XceiverServerGrpc.java:start(149)) - XceiverServerGrpc 6ca7c49d-0fb9-47a0-84fc-ca56d60725ba is started using port 41030
2019-10-24 19:55:12,704 [Datanode State Machine Thread - 0] INFO  server.XceiverServerGrpc (XceiverServerGrpc.java:start(149)) - XceiverServerGrpc c0eea3b1-3778-46c9-978b-a52b9082cf96 is started using port 43712
2019-10-24 19:55:13,624 [main] INFO  ozone.MiniOzoneClusterImpl (MiniOzoneClusterImpl.java:lambda$waitForClusterToBeReady$0(147)) - Waiting for cluster to be ready. Got 0 of 3 DN Heartbeats.
2019-10-24 19:55:14,453 [IPC Server handler 0 on 36960] INFO  net.NetworkTopology (NetworkTopologyImpl.java:add(111)) - Added a new node: /default-rack/6ca7c49d-0fb9-47a0-84fc-ca56d60725ba
2019-10-24 19:55:14,454 [IPC Server handler 0 on 36960] INFO  node.SCMNodeManager (SCMNodeManager.java:register(268)) - Registered Data node : 6ca7c49d-0fb9-47a0-84fc-ca56d60725ba{ip: 192.168.157.225, host: pr-hdds-2344-jr7qb-497185894, networkLocation: /default-rack, certSerialId: null}
2019-10-24 19:55:14,458 [EventQueue-NodeRegistrationContainerReportForDataNodeSafeModeRule] INFO  safemode.SCMSafeModeManager (DataNodeSafeModeRule.java:process(71)) - SCM in safe mode. 1 DataNodes registered, 1 required.
2019-10-24 19:55:14,458 [EventQueue-NodeRegistrationContainerReportForDataNodeSafeModeRule] INFO  safemode.SCMSafeModeManager (SCMSafeModeManager.java:validateSafeModeExitRules(177)) - ScmSafeModeManager, all rules are successfully validated
2019-10-24 19:55:14,459 [EventQueue-NodeRegistrationContainerReportForDataNodeSafeModeRule] INFO  safemode.SCMSafeModeManager (SCMSafeModeManager.java:exitSafeMode(193)) - SCM exiting safe mode.
2019-10-24 19:55:14,513 [IPC Server handler 3 on 36960] INFO  net.NetworkTopology (NetworkTopologyImpl.java:add(111)) - Added a new node: /default-rack/c3cc0179-ddd8-47c0-b315-a087be9c7d41
2019-10-24 19:55:14,513 [IPC Server handler 3 on 36960] INFO  node.SCMNodeManager (SCMNodeManager.java:register(268)) - Registered Data node : c3cc0179-ddd8-47c0-b315-a087be9c7d41{ip: 192.168.157.225, host: pr-hdds-2344-jr7qb-497185894, networkLocation: /default-rack, certSerialId: null}
2019-10-24 19:55:14,625 [main] INFO  ozone.MiniOzoneClusterImpl (MiniOzoneClusterImpl.java:lambda$waitForClusterToBeReady$0(147)) - Waiting for cluster to be ready. Got 2 of 3 DN Heartbeats.
2019-10-24 19:55:14,627 [IPC Server handler 2 on 36960] INFO  net.NetworkTopology (NetworkTopologyImpl.java:add(111)) - Added a new node: /default-rack/c0eea3b1-3778-46c9-978b-a52b9082cf96
2019-10-24 19:55:14,628 [IPC Server handler 2 on 36960] INFO  node.SCMNodeManager (SCMNodeManager.java:register(268)) - Registered Data node : c0eea3b1-3778-46c9-978b-a52b9082cf96{ip: 192.168.157.225, host: pr-hdds-2344-jr7qb-497185894, networkLocation: /default-rack, certSerialId: null}
2019-10-24 19:55:14,928 [grpc-default-executor-0] INFO  impl.RaftServerProxy (RaftServerProxy.java:addNew(89)) - 6ca7c49d-0fb9-47a0-84fc-ca56d60725ba: addNew group-2EE4A34776F8:[6ca7c49d-0fb9-47a0-84fc-ca56d60725ba:192.168.157.225:39925] returns group-2EE4A34776F8:java.util.concurrent.CompletableFuture@3b3d6efc[Not completed]
2019-10-24 19:55:14,943 [pool-27-thread-1] INFO  impl.RaftServerImpl (RaftServerImpl.java:<init>(98)) - 6ca7c49d-0fb9-47a0-84fc-ca56d60725ba: new RaftServerImpl for group-2EE4A34776F8:[6ca7c49d-0fb9-47a0-84fc-ca56d60725ba:192.168.157.225:39925] with ContainerStateMachine:uninitialized
2019-10-24 19:55:14,945 [pool-27-thread-1] INFO  server.RaftServerConfigKeys (ConfUtils.java:logGet(43)) - raft.server.rpc.timeout.min = 5s (custom)
2019-10-24 19:55:14,946 [pool-27-thread-1] INFO  server.RaftServerConfigKeys (ConfUtils.java:logGet(43)) - raft.server.rpc.timeout.max = 5200ms (custom)
2019-10-24 19:55:14,946 [pool-27-thread-1] INFO  server.RaftServerConfigKeys (ConfUtils.java:logGet(43)) - raft.server.rpcslowness.timeout = 1000s (custom)
2019-10-24 19:55:14,947 [pool-27-thread-1] INFO  server.RaftServerConfigKeys (ConfUtils.java:logGet(43)) - raft.server.sleep.deviation.threshold = 300 (default)
2019-10-24 19:55:14,949 [pool-27-thread-1] INFO  server.RaftServerConfigKeys (ConfUtils.java:logGet(43)) - raft.server.log.appender.install.snapshot.enabled = false (custom)
2019-10-24 19:55:14,957 [pool-27-thread-1] INFO  impl.RaftServerImpl (ServerState.java:<init>(103)) - 6ca7c49d-0fb9-47a0-84fc-ca56d60725ba@group-2EE4A34776F8: ConfigurationManager, init=-1: [6ca7c49d-0fb9-47a0-84fc-ca56d60725ba:192.168.157.225:39925], old=null, confs=<EMPTY_MAP>
2019-10-24 19:55:14,958 [pool-27-thread-1] INFO  server.RaftServerConfigKeys (ConfUtils.java:logGet(43)) - raft.server.storage.dir = [/workdir/hadoop-ozone/integration-test/target/test-dir/MiniOzoneClusterImpl-32c601bb-365b-4896-b1e0-aac658e6a95a/datanode-0/data/ratis] (custom)
2019-10-24 19:55:14,965 [pool-27-thread-1] INFO  server.RaftServerConfigKeys (ConfUtils.java:logGet(43)) - raft.server.log.corruption.policy = EXCEPTION (default)
2019-10-24 19:55:14,968 [pool-27-thread-1] INFO  storage.RaftStorageDirectory (RaftStorageDirectory.java:analyzeStorage(246)) - The storage directory /workdir/hadoop-ozone/integration-test/target/test-dir/MiniOzoneClusterImpl-32c601bb-365b-4896-b1e0-aac658e6a95a/datanode-0/data/ratis/d9b95e73-b0a3-4f73-9eb0-2ee4a34776f8 does not exist. Creating ...
2019-10-24 19:55:15,003 [pool-27-thread-1] INFO  storage.RaftStorageDirectory (RaftStorageDirectory.java:tryLock(328)) - Lock on /workdir/hadoop-ozone/integration-test/target/test-dir/MiniOzoneClusterImpl-32c601bb-365b-4896-b1e0-aac658e6a95a/datanode-0/data/ratis/d9b95e73-b0a3-4f73-9eb0-2ee4a34776f8/in_use.lock acquired by nodename 2269@pr-hdds-2344-jr7qb-497185894
2019-10-24 19:55:15,032 [pool-27-thread-1] INFO  storage.RaftStorage (RaftStorage.java:format(84)) - Storage directory /workdir/hadoop-ozone/integration-test/target/test-dir/MiniOzoneClusterImpl-32c601bb-365b-4896-b1e0-aac658e6a95a/datanode-0/data/ratis/d9b95e73-b0a3-4f73-9eb0-2ee4a34776f8 has been successfully formatted.
2019-10-24 19:55:15,035 [pool-27-thread-1] INFO  ratis.ContainerStateMachine (ContainerStateMachine.java:loadSnapshot(231)) - group-2EE4A34776F8: The snapshot info is null. Setting the last applied indexto:(t:0, i:~)
2019-10-24 19:55:15,035 [pool-27-thread-1] INFO  server.RaftServerConfigKeys (ConfUtils.java:logGet(43)) - raft.server.notification.no-leader.timeout = 1000s (custom)
2019-10-24 19:55:15,038 [pool-27-thread-1] INFO  server.RaftServerConfigKeys (ConfUtils.java:logGet(43)) - raft.server.log.use.memory = false (default)
2019-10-24 19:55:15,045 [pool-27-thread-1] INFO  server.RaftServerConfigKeys (ConfUtils.java:logGet(43)) - raft.server.log.purge.gap = 1000000 (custom)
2019-10-24 19:55:15,045 [pool-27-thread-1] INFO  server.RaftServerConfigKeys (ConfUtils.java:logGet(43)) - raft.server.log.appender.buffer.byte-limit = 33554432 (custom)
2019-10-24 19:55:15,048 [pool-27-thread-1] INFO  server.RaftServerConfigKeys (ConfUtils.java:logGet(43)) - raft.server.log.segment.size.max = 1048576 (custom)
2019-10-24 19:55:15,054 [pool-27-thread-1] INFO  metrics.MetricRegistries (MetricRegistriesLoader.java:load(64)) - Loaded MetricRegistries class org.apache.ratis.metrics.impl.MetricRegistriesImpl
2019-10-24 19:55:15,058 [pool-27-thread-1] WARN  impl.MetricRegistriesImpl (MetricRegistriesImpl.java:lambda$create$1(61)) - First MetricRegistry has been created without registering reporters. You may need to call MetricRegistries.global().addReportRegistration(...) before.
2019-10-24 19:55:15,065 [pool-27-thread-1] INFO  server.RaftServerConfigKeys (ConfUtils.java:logGet(43)) - raft.server.log.segment.cache.num.max = 2 (custom)
2019-10-24 19:55:15,072 [pool-27-thread-1] INFO  segmented.SegmentedRaftLogWorker (SegmentedRaftLogWorker.java:<init>(173)) - new 6ca7c49d-0fb9-47a0-84fc-ca56d60725ba@group-2EE4A34776F8-SegmentedRaftLogWorker for RaftStorage:Storage Directory /workdir/hadoop-ozone/integration-test/target/test-dir/MiniOzoneClusterImpl-32c601bb-365b-4896-b1e0-aac658e6a95a/datanode-0/data/ratis/d9b95e73-b0a3-4f73-9eb0-2ee4a34776f8
2019-10-24 19:55:15,072 [pool-27-thread-1] INFO  server.RaftServerConfigKeys (ConfUtils.java:logGet(43)) - raft.server.log.queue.byte-limit = 2147483647 (custom)
2019-10-24 19:55:15,073 [pool-27-thread-1] INFO  server.RaftServerConfigKeys (ConfUtils.java:logGet(43)) - raft.server.log.queue.element-limit = 1024 (custom)
2019-10-24 19:55:15,075 [pool-27-thread-1] INFO  server.RaftServerConfigKeys (ConfUtils.java:logGet(43)) - raft.server.log.segment.size.max = 1048576 (custom)
2019-10-24 19:55:15,075 [pool-27-thread-1] INFO  server.RaftServerConfigKeys (ConfUtils.java:logGet(43)) - raft.server.log.preallocated.size = 16384 (custom)
2019-10-24 19:55:15,076 [pool-27-thread-1] INFO  server.RaftServerConfigKeys (ConfUtils.java:logGet(43)) - raft.server.log.write.buffer.size = 33554432 (custom)
2019-10-24 19:55:15,076 [pool-27-thread-1] INFO  server.RaftServerConfigKeys (ConfUtils.java:logGet(43)) - raft.server.log.force.sync.num = 128 (default)
2019-10-24 19:55:15,077 [pool-27-thread-1] INFO  server.RaftServerConfigKeys (ConfUtils.java:logGet(43)) - raft.server.log.statemachine.data.sync = true (default)
2019-10-24 19:55:15,078 [pool-27-thread-1] INFO  server.RaftServerConfigKeys (ConfUtils.java:logGet(43)) - raft.server.log.statemachine.data.sync.timeout = 10s (default)
2019-10-24 19:55:15,078 [pool-27-thread-1] INFO  server.RaftServerConfigKeys (ConfUtils.java:logGet(43)) - raft.server.log.statemachine.data.sync.timeout.retry = -1 (default)
2019-10-24 19:55:15,092 [pool-27-thread-1] INFO  server.RaftServerConfigKeys (ConfUtils.java:logGet(43)) - raft.server.log.statemachine.data.caching.enabled = true (custom)
2019-10-24 19:55:15,099 [pool-27-thread-1] INFO  segmented.SegmentedRaftLogWorker (SegmentedRaftLogWorker.java:lambda$new$0(128)) - 6ca7c49d-0fb9-47a0-84fc-ca56d60725ba@group-2EE4A34776F8-SegmentedRaftLogWorker: flushIndex: setUnconditionally 0 -> -1
2019-10-24 19:55:15,104 [pool-27-thread-1] INFO  server.RaftServerConfigKeys (ConfUtils.java:logGet(43)) - raft.server.snapshot.auto.trigger.enabled = true (custom)
2019-10-24 19:55:15,105 [pool-27-thread-1] INFO  server.RaftServerConfigKeys (ConfUtils.java:logGet(43)) - raft.server.snapshot.auto.trigger.threshold = 10000 (custom)
2019-10-24 19:55:15,106 [pool-27-thread-1] INFO  server.RaftServerConfigKeys (ConfUtils.java:logGet(43)) - raft.server.snapshot.retention.file.num = 5 (custom)
2019-10-24 19:55:15,106 [pool-27-thread-1] INFO  server.RaftServerConfigKeys (ConfUtils.java:logGet(43)) - raft.server.retrycache.expirytime = 600000ms (custom)
2019-10-24 19:55:15,125 [pool-27-thread-1] WARN  impl.MetricRegistriesImpl (MetricRegistriesImpl.java:lambda$create$1(61)) - First MetricRegistry has been created without registering reporters. You may need to call MetricRegistries.global().addReportRegistration(...) before.
2019-10-24 19:55:15,127 [pool-27-thread-1] WARN  impl.MetricRegistriesImpl (MetricRegistriesImpl.java:lambda$create$1(61)) - First MetricRegistry has been created without registering reporters. You may need to call MetricRegistries.global().addReportRegistration(...) before.
2019-10-24 19:55:15,129 [pool-27-thread-1] INFO  impl.RaftServerImpl (RaftServerImpl.java:start(184)) - 6ca7c49d-0fb9-47a0-84fc-ca56d60725ba@group-2EE4A34776F8: start as a follower, conf=-1: [6ca7c49d-0fb9-47a0-84fc-ca56d60725ba:192.168.157.225:39925], old=null
2019-10-24 19:55:15,130 [pool-27-thread-1] INFO  impl.RaftServerImpl (RaftServerImpl.java:setRole(173)) - 6ca7c49d-0fb9-47a0-84fc-ca56d60725ba@group-2EE4A34776F8: changes role from      null to FOLLOWER at term 0 for startAsFollower
2019-10-24 19:55:15,131 [pool-27-thread-1] INFO  impl.RoleInfo (RoleInfo.java:updateAndGet(143)) - 6ca7c49d-0fb9-47a0-84fc-ca56d60725ba: start FollowerState
2019-10-24 19:55:15,133 [pool-27-thread-1] INFO  util.JmxRegister (JmxRegister.java:tryRegister(44)) - Successfully registered JMX Bean with object name Ratis:service=RaftServer,group=group-2EE4A34776F8,id=6ca7c49d-0fb9-47a0-84fc-ca56d60725ba
2019-10-24 19:55:15,135 [pool-27-thread-1] WARN  impl.MetricRegistriesImpl (MetricRegistriesImpl.java:lambda$create$1(61)) - First MetricRegistry has been created without registering reporters. You may need to call MetricRegistries.global().addReportRegistration(...) before.
2019-10-24 19:55:15,201 [RatisPipelineUtilsThread] INFO  pipeline.PipelineStateManager (PipelineStateManager.java:addPipeline(56)) - Created pipeline Pipeline[ Id: d9b95e73-b0a3-4f73-9eb0-2ee4a34776f8, Nodes: 6ca7c49d-0fb9-47a0-84fc-ca56d60725ba{ip: 192.168.157.225, host: pr-hdds-2344-jr7qb-497185894, networkLocation: /default-rack, certSerialId: null}, Type:RATIS, Factor:ONE, State:OPEN]
2019-10-24 19:55:15,221 [grpc-default-executor-0] INFO  impl.RaftServerProxy (RaftServerProxy.java:addNew(89)) - c3cc0179-ddd8-47c0-b315-a087be9c7d41: addNew group-F276A0755E0F:[c3cc0179-ddd8-47c0-b315-a087be9c7d41:192.168.157.225:41798] returns group-F276A0755E0F:java.util.concurrent.CompletableFuture@460b52b0[Not completed]
2019-10-24 19:55:15,240 [pool-37-thread-1] INFO  impl.RaftServerImpl (RaftServerImpl.java:<init>(98)) - c3cc0179-ddd8-47c0-b315-a087be9c7d41: new RaftServerImpl for group-F276A0755E0F:[c3cc0179-ddd8-47c0-b315-a087be9c7d41:192.168.157.225:41798] with ContainerStateMachine:uninitialized
2019-10-24 19:55:15,241 [pool-37-thread-1] INFO  server.RaftServerConfigKeys (ConfUtils.java:logGet(43)) - raft.server.rpc.timeout.min = 5s (custom)
2019-10-24 19:55:15,241 [pool-37-thread-1] INFO  server.RaftServerConfigKeys (ConfUtils.java:logGet(43)) - raft.server.rpc.timeout.max = 5200ms (custom)
2019-10-24 19:55:15,242 [pool-37-thread-1] INFO  server.RaftServerConfigKeys (ConfUtils.java:logGet(43)) - raft.server.rpcslowness.timeout = 1000s (custom)
2019-10-24 19:55:15,242 [pool-37-thread-1] INFO  server.RaftServerConfigKeys (ConfUtils.java:logGet(43)) - raft.server.sleep.deviation.threshold = 300 (default)
2019-10-24 19:55:15,242 [pool-37-thread-1] INFO  server.RaftServerConfigKeys (ConfUtils.java:logGet(43)) - raft.server.log.appender.install.snapshot.enabled = false (custom)
2019-10-24 19:55:15,242 [pool-37-thread-1] INFO  impl.RaftServerImpl (ServerState.java:<init>(103)) - c3cc0179-ddd8-47c0-b315-a087be9c7d41@group-F276A0755E0F: ConfigurationManager, init=-1: [c3cc0179-ddd8-47c0-b315-a087be9c7d41:192.168.157.225:41798], old=null, confs=<EMPTY_MAP>
2019-10-24 19:55:15,243 [pool-37-thread-1] INFO  server.RaftServerConfigKeys (ConfUtils.java:logGet(43)) - raft.server.storage.dir = [/workdir/hadoop-ozone/integration-test/target/test-dir/MiniOzoneClusterImpl-32c601bb-365b-4896-b1e0-aac658e6a95a/datanode-1/data/ratis] (custom)
2019-10-24 19:55:15,243 [pool-37-thread-1] INFO  server.RaftServerConfigKeys (ConfUtils.java:logGet(43)) - raft.server.log.corruption.policy = EXCEPTION (default)
2019-10-24 19:55:15,243 [pool-37-thread-1] INFO  storage.RaftStorageDirectory (RaftStorageDirectory.java:analyzeStorage(246)) - The storage directory /workdir/hadoop-ozone/integration-test/target/test-dir/MiniOzoneClusterImpl-32c601bb-365b-4896-b1e0-aac658e6a95a/datanode-1/data/ratis/926d0e26-7778-4bbc-af0c-f276a0755e0f does not exist. Creating ...
2019-10-24 19:55:15,258 [pool-37-thread-1] INFO  storage.RaftStorageDirectory (RaftStorageDirectory.java:tryLock(328)) - Lock on /workdir/hadoop-ozone/integration-test/target/test-dir/MiniOzoneClusterImpl-32c601bb-365b-4896-b1e0-aac658e6a95a/datanode-1/data/ratis/926d0e26-7778-4bbc-af0c-f276a0755e0f/in_use.lock acquired by nodename 2269@pr-hdds-2344-jr7qb-497185894
2019-10-24 19:55:15,271 [pool-37-thread-1] INFO  storage.RaftStorage (RaftStorage.java:format(84)) - Storage directory /workdir/hadoop-ozone/integration-test/target/test-dir/MiniOzoneClusterImpl-32c601bb-365b-4896-b1e0-aac658e6a95a/datanode-1/data/ratis/926d0e26-7778-4bbc-af0c-f276a0755e0f has been successfully formatted.
2019-10-24 19:55:15,273 [pool-37-thread-1] INFO  ratis.ContainerStateMachine (ContainerStateMachine.java:loadSnapshot(231)) - group-F276A0755E0F: The snapshot info is null. Setting the last applied indexto:(t:0, i:~)
2019-10-24 19:55:15,273 [pool-37-thread-1] INFO  server.RaftServerConfigKeys (ConfUtils.java:logGet(43)) - raft.server.notification.no-leader.timeout = 1000s (custom)
2019-10-24 19:55:15,273 [pool-37-thread-1] INFO  server.RaftServerConfigKeys (ConfUtils.java:logGet(43)) - raft.server.log.use.memory = false (default)
2019-10-24 19:55:15,273 [pool-37-thread-1] INFO  server.RaftServerConfigKeys (ConfUtils.java:logGet(43)) - raft.server.log.purge.gap = 1000000 (custom)
2019-10-24 19:55:15,274 [pool-37-thread-1] INFO  server.RaftServerConfigKeys (ConfUtils.java:logGet(43)) - raft.server.log.appender.buffer.byte-limit = 33554432 (custom)
2019-10-24 19:55:15,274 [pool-37-thread-1] INFO  server.RaftServerConfigKeys (ConfUtils.java:logGet(43)) - raft.server.log.segment.size.max = 1048576 (custom)
2019-10-24 19:55:15,274 [pool-37-thread-1] WARN  impl.MetricRegistriesImpl (MetricRegistriesImpl.java:lambda$create$1(61)) - First MetricRegistry has been created without registering reporters. You may need to call MetricRegistries.global().addReportRegistration(...) before.
2019-10-24 19:55:15,275 [pool-37-thread-1] INFO  server.RaftServerConfigKeys (ConfUtils.java:logGet(43)) - raft.server.log.segment.cache.num.max = 2 (custom)
2019-10-24 19:55:15,275 [pool-37-thread-1] INFO  segmented.SegmentedRaftLogWorker (SegmentedRaftLogWorker.java:<init>(173)) - new c3cc0179-ddd8-47c0-b315-a087be9c7d41@group-F276A0755E0F-SegmentedRaftLogWorker for RaftStorage:Storage Directory /workdir/hadoop-ozone/integration-test/target/test-dir/MiniOzoneClusterImpl-32c601bb-365b-4896-b1e0-aac658e6a95a/datanode-1/data/ratis/926d0e26-7778-4bbc-af0c-f276a0755e0f
2019-10-24 19:55:15,275 [pool-37-thread-1] INFO  server.RaftServerConfigKeys (ConfUtils.java:logGet(43)) - raft.server.log.queue.byte-limit = 2147483647 (custom)
2019-10-24 19:55:15,276 [pool-37-thread-1] INFO  server.RaftServerConfigKeys (ConfUtils.java:logGet(43)) - raft.server.log.queue.element-limit = 1024 (custom)
2019-10-24 19:55:15,276 [pool-37-thread-1] INFO  server.RaftServerConfigKeys (ConfUtils.java:logGet(43)) - raft.server.log.segment.size.max = 1048576 (custom)
2019-10-24 19:55:15,276 [pool-37-thread-1] INFO  server.RaftServerConfigKeys (ConfUtils.java:logGet(43)) - raft.server.log.preallocated.size = 16384 (custom)
2019-10-24 19:55:15,276 [pool-37-thread-1] INFO  server.RaftServerConfigKeys (ConfUtils.java:logGet(43)) - raft.server.log.write.buffer.size = 33554432 (custom)
2019-10-24 19:55:15,276 [pool-37-thread-1] INFO  server.RaftServerConfigKeys (ConfUtils.java:logGet(43)) - raft.server.log.force.sync.num = 128 (default)
2019-10-24 19:55:15,276 [pool-37-thread-1] INFO  server.RaftServerConfigKeys (ConfUtils.java:logGet(43)) - raft.server.log.statemachine.data.sync = true (default)
2019-10-24 19:55:15,277 [pool-37-thread-1] INFO  server.RaftServerConfigKeys (ConfUtils.java:logGet(43)) - raft.server.log.statemachine.data.sync.timeout = 10s (default)
2019-10-24 19:55:15,277 [pool-37-thread-1] INFO  server.RaftServerConfigKeys (ConfUtils.java:logGet(43)) - raft.server.log.statemachine.data.sync.timeout.retry = -1 (default)
2019-10-24 19:55:15,277 [pool-37-thread-1] INFO  server.RaftServerConfigKeys (ConfUtils.java:logGet(43)) - raft.server.log.statemachine.data.caching.enabled = true (custom)
2019-10-24 19:55:15,278 [pool-37-thread-1] INFO  segmented.SegmentedRaftLogWorker (SegmentedRaftLogWorker.java:lambda$new$0(128)) - c3cc0179-ddd8-47c0-b315-a087be9c7d41@group-F276A0755E0F-SegmentedRaftLogWorker: flushIndex: setUnconditionally 0 -> -1
2019-10-24 19:55:15,278 [pool-37-thread-1] INFO  server.RaftServerConfigKeys (ConfUtils.java:logGet(43)) - raft.server.snapshot.auto.trigger.enabled = true (custom)
2019-10-24 19:55:15,278 [pool-37-thread-1] INFO  server.RaftServerConfigKeys (ConfUtils.java:logGet(43)) - raft.server.snapshot.auto.trigger.threshold = 10000 (custom)
2019-10-24 19:55:15,278 [pool-37-thread-1] INFO  server.RaftServerConfigKeys (ConfUtils.java:logGet(43)) - raft.server.snapshot.retention.file.num = 5 (custom)
2019-10-24 19:55:15,279 [pool-37-thread-1] INFO  server.RaftServerConfigKeys (ConfUtils.java:logGet(43)) - raft.server.retrycache.expirytime = 600000ms (custom)
2019-10-24 19:55:15,279 [pool-37-thread-1] WARN  impl.MetricRegistriesImpl (MetricRegistriesImpl.java:lambda$create$1(61)) - First MetricRegistry has been created without registering reporters. You may need to call MetricRegistries.global().addReportRegistration(...) before.
2019-10-24 19:55:15,279 [pool-37-thread-1] WARN  impl.MetricRegistriesImpl (MetricRegistriesImpl.java:lambda$create$1(61)) - First MetricRegistry has been created without registering reporters. You may need to call MetricRegistries.global().addReportRegistration(...) before.
2019-10-24 19:55:15,279 [pool-37-thread-1] INFO  impl.RaftServerImpl (RaftServerImpl.java:start(184)) - c3cc0179-ddd8-47c0-b315-a087be9c7d41@group-F276A0755E0F: start as a follower, conf=-1: [c3cc0179-ddd8-47c0-b315-a087be9c7d41:192.168.157.225:41798], old=null
2019-10-24 19:55:15,279 [pool-37-thread-1] INFO  impl.RaftServerImpl (RaftServerImpl.java:setRole(173)) - c3cc0179-ddd8-47c0-b315-a087be9c7d41@group-F276A0755E0F: changes role from      null to FOLLOWER at term 0 for startAsFollower
2019-10-24 19:55:15,280 [pool-37-thread-1] INFO  impl.RoleInfo (RoleInfo.java:updateAndGet(143)) - c3cc0179-ddd8-47c0-b315-a087be9c7d41: start FollowerState
2019-10-24 19:55:15,281 [pool-37-thread-1] INFO  util.JmxRegister (JmxRegister.java:tryRegister(44)) - Successfully registered JMX Bean with object name Ratis:service=RaftServer,group=group-F276A0755E0F,id=c3cc0179-ddd8-47c0-b315-a087be9c7d41
2019-10-24 19:55:15,281 [pool-37-thread-1] WARN  impl.MetricRegistriesImpl (MetricRegistriesImpl.java:lambda$create$1(61)) - First MetricRegistry has been created without registering reporters. You may need to call MetricRegistries.global().addReportRegistration(...) before.
2019-10-24 19:55:15,293 [RatisPipelineUtilsThread] INFO  pipeline.PipelineStateManager (PipelineStateManager.java:addPipeline(56)) - Created pipeline Pipeline[ Id: 926d0e26-7778-4bbc-af0c-f276a0755e0f, Nodes: c3cc0179-ddd8-47c0-b315-a087be9c7d41{ip: 192.168.157.225, host: pr-hdds-2344-jr7qb-497185894, networkLocation: /default-rack, certSerialId: null}, Type:RATIS, Factor:ONE, State:OPEN]
2019-10-24 19:55:15,309 [grpc-default-executor-0] INFO  impl.RaftServerProxy (RaftServerProxy.java:addNew(89)) - c0eea3b1-3778-46c9-978b-a52b9082cf96: addNew group-DB9FC0EF1E26:[c0eea3b1-3778-46c9-978b-a52b9082cf96:192.168.157.225:33218] returns group-DB9FC0EF1E26:java.util.concurrent.CompletableFuture@7f30bf51[Not completed]
2019-10-24 19:55:15,323 [pool-47-thread-1] INFO  impl.RaftServerImpl (RaftServerImpl.java:<init>(98)) - c0eea3b1-3778-46c9-978b-a52b9082cf96: new RaftServerImpl for group-DB9FC0EF1E26:[c0eea3b1-3778-46c9-978b-a52b9082cf96:192.168.157.225:33218] with ContainerStateMachine:uninitialized
2019-10-24 19:55:15,324 [pool-47-thread-1] INFO  server.RaftServerConfigKeys (ConfUtils.java:logGet(43)) - raft.server.rpc.timeout.min = 5s (custom)
2019-10-24 19:55:15,324 [pool-47-thread-1] INFO  server.RaftServerConfigKeys (ConfUtils.java:logGet(43)) - raft.server.rpc.timeout.max = 5200ms (custom)
2019-10-24 19:55:15,325 [pool-47-thread-1] INFO  server.RaftServerConfigKeys (ConfUtils.java:logGet(43)) - raft.server.rpcslowness.timeout = 1000s (custom)
2019-10-24 19:55:15,325 [pool-47-thread-1] INFO  server.RaftServerConfigKeys (ConfUtils.java:logGet(43)) - raft.server.sleep.deviation.threshold = 300 (default)
2019-10-24 19:55:15,325 [pool-47-thread-1] INFO  server.RaftServerConfigKeys (ConfUtils.java:logGet(43)) - raft.server.log.appender.install.snapshot.enabled = false (custom)
2019-10-24 19:55:15,325 [pool-47-thread-1] INFO  impl.RaftServerImpl (ServerState.java:<init>(103)) - c0eea3b1-3778-46c9-978b-a52b9082cf96@group-DB9FC0EF1E26: ConfigurationManager, init=-1: [c0eea3b1-3778-46c9-978b-a52b9082cf96:192.168.157.225:33218], old=null, confs=<EMPTY_MAP>
2019-10-24 19:55:15,325 [pool-47-thread-1] INFO  server.RaftServerConfigKeys (ConfUtils.java:logGet(43)) - raft.server.storage.dir = [/workdir/hadoop-ozone/integration-test/target/test-dir/MiniOzoneClusterImpl-32c601bb-365b-4896-b1e0-aac658e6a95a/datanode-2/data/ratis] (custom)
2019-10-24 19:55:15,326 [pool-47-thread-1] INFO  server.RaftServerConfigKeys (ConfUtils.java:logGet(43)) - raft.server.log.corruption.policy = EXCEPTION (default)
2019-10-24 19:55:15,326 [pool-47-thread-1] INFO  storage.RaftStorageDirectory (RaftStorageDirectory.java:analyzeStorage(246)) - The storage directory /workdir/hadoop-ozone/integration-test/target/test-dir/MiniOzoneClusterImpl-32c601bb-365b-4896-b1e0-aac658e6a95a/datanode-2/data/ratis/4ebc4fb8-4f87-44fa-8b23-db9fc0ef1e26 does not exist. Creating ...
2019-10-24 19:55:15,339 [pool-47-thread-1] INFO  storage.RaftStorageDirectory (RaftStorageDirectory.java:tryLock(328)) - Lock on /workdir/hadoop-ozone/integration-test/target/test-dir/MiniOzoneClusterImpl-32c601bb-365b-4896-b1e0-aac658e6a95a/datanode-2/data/ratis/4ebc4fb8-4f87-44fa-8b23-db9fc0ef1e26/in_use.lock acquired by nodename 2269@pr-hdds-2344-jr7qb-497185894
2019-10-24 19:55:15,353 [pool-47-thread-1] INFO  storage.RaftStorage (RaftStorage.java:format(84)) - Storage directory /workdir/hadoop-ozone/integration-test/target/test-dir/MiniOzoneClusterImpl-32c601bb-365b-4896-b1e0-aac658e6a95a/datanode-2/data/ratis/4ebc4fb8-4f87-44fa-8b23-db9fc0ef1e26 has been successfully formatted.
2019-10-24 19:55:15,354 [pool-47-thread-1] INFO  ratis.ContainerStateMachine (ContainerStateMachine.java:loadSnapshot(231)) - group-DB9FC0EF1E26: The snapshot info is null. Setting the last applied indexto:(t:0, i:~)
2019-10-24 19:55:15,354 [pool-47-thread-1] INFO  server.RaftServerConfigKeys (ConfUtils.java:logGet(43)) - raft.server.notification.no-leader.timeout = 1000s (custom)
2019-10-24 19:55:15,354 [pool-47-thread-1] INFO  server.RaftServerConfigKeys (ConfUtils.java:logGet(43)) - raft.server.log.use.memory = false (default)
2019-10-24 19:55:15,354 [pool-47-thread-1] INFO  server.RaftServerConfigKeys (ConfUtils.java:logGet(43)) - raft.server.log.purge.gap = 1000000 (custom)
2019-10-24 19:55:15,354 [pool-47-thread-1] INFO  server.RaftServerConfigKeys (ConfUtils.java:logGet(43)) - raft.server.log.appender.buffer.byte-limit = 33554432 (custom)
2019-10-24 19:55:15,354 [pool-47-thread-1] INFO  server.RaftServerConfigKeys (ConfUtils.java:logGet(43)) - raft.server.log.segment.size.max = 1048576 (custom)
2019-10-24 19:55:15,355 [pool-47-thread-1] WARN  impl.MetricRegistriesImpl (MetricRegistriesImpl.java:lambda$create$1(61)) - First MetricRegistry has been created without registering reporters. You may need to call MetricRegistries.global().addReportRegistration(...) before.
2019-10-24 19:55:15,355 [pool-47-thread-1] INFO  server.RaftServerConfigKeys (ConfUtils.java:logGet(43)) - raft.server.log.segment.cache.num.max = 2 (custom)
2019-10-24 19:55:15,355 [pool-47-thread-1] INFO  segmented.SegmentedRaftLogWorker (SegmentedRaftLogWorker.java:<init>(173)) - new c0eea3b1-3778-46c9-978b-a52b9082cf96@group-DB9FC0EF1E26-SegmentedRaftLogWorker for RaftStorage:Storage Directory /workdir/hadoop-ozone/integration-test/target/test-dir/MiniOzoneClusterImpl-32c601bb-365b-4896-b1e0-aac658e6a95a/datanode-2/data/ratis/4ebc4fb8-4f87-44fa-8b23-db9fc0ef1e26
2019-10-24 19:55:15,355 [pool-47-thread-1] INFO  server.RaftServerConfigKeys (ConfUtils.java:logGet(43)) - raft.server.log.queue.byte-limit = 2147483647 (custom)
2019-10-24 19:55:15,355 [pool-47-thread-1] INFO  server.RaftServerConfigKeys (ConfUtils.java:logGet(43)) - raft.server.log.queue.element-limit = 1024 (custom)
2019-10-24 19:55:15,355 [pool-47-thread-1] INFO  server.RaftServerConfigKeys (ConfUtils.java:logGet(43)) - raft.server.log.segment.size.max = 1048576 (custom)
2019-10-24 19:55:15,355 [pool-47-thread-1] INFO  server.RaftServerConfigKeys (ConfUtils.java:logGet(43)) - raft.server.log.preallocated.size = 16384 (custom)
2019-10-24 19:55:15,356 [pool-47-thread-1] INFO  server.RaftServerConfigKeys (ConfUtils.java:logGet(43)) - raft.server.log.write.buffer.size = 33554432 (custom)
2019-10-24 19:55:15,356 [pool-47-thread-1] INFO  server.RaftServerConfigKeys (ConfUtils.java:logGet(43)) - raft.server.log.force.sync.num = 128 (default)
2019-10-24 19:55:15,356 [pool-47-thread-1] INFO  server.RaftServerConfigKeys (ConfUtils.java:logGet(43)) - raft.server.log.statemachine.data.sync = true (default)
2019-10-24 19:55:15,356 [pool-47-thread-1] INFO  server.RaftServerConfigKeys (ConfUtils.java:logGet(43)) - raft.server.log.statemachine.data.sync.timeout = 10s (default)
2019-10-24 19:55:15,356 [pool-47-thread-1] INFO  server.RaftServerConfigKeys (ConfUtils.java:logGet(43)) - raft.server.log.statemachine.data.sync.timeout.retry = -1 (default)
2019-10-24 19:55:15,356 [pool-47-thread-1] INFO  server.RaftServerConfigKeys (ConfUtils.java:logGet(43)) - raft.server.log.statemachine.data.caching.enabled = true (custom)
2019-10-24 19:55:15,357 [pool-47-thread-1] INFO  segmented.SegmentedRaftLogWorker (SegmentedRaftLogWorker.java:lambda$new$0(128)) - c0eea3b1-3778-46c9-978b-a52b9082cf96@group-DB9FC0EF1E26-SegmentedRaftLogWorker: flushIndex: setUnconditionally 0 -> -1
2019-10-24 19:55:15,357 [pool-47-thread-1] INFO  server.RaftServerConfigKeys (ConfUtils.java:logGet(43)) - raft.server.snapshot.auto.trigger.enabled = true (custom)
2019-10-24 19:55:15,357 [pool-47-thread-1] INFO  server.RaftServerConfigKeys (ConfUtils.java:logGet(43)) - raft.server.snapshot.auto.trigger.threshold = 10000 (custom)
2019-10-24 19:55:15,357 [pool-47-thread-1] INFO  server.RaftServerConfigKeys (ConfUtils.java:logGet(43)) - raft.server.snapshot.retention.file.num = 5 (custom)
2019-10-24 19:55:15,358 [pool-47-thread-1] INFO  server.RaftServerConfigKeys (ConfUtils.java:logGet(43)) - raft.server.retrycache.expirytime = 600000ms (custom)
2019-10-24 19:55:15,358 [pool-47-thread-1] WARN  impl.MetricRegistriesImpl (MetricRegistriesImpl.java:lambda$create$1(61)) - First MetricRegistry has been created without registering reporters. You may need to call MetricRegistries.global().addReportRegistration(...) before.
2019-10-24 19:55:15,358 [pool-47-thread-1] WARN  impl.MetricRegistriesImpl (MetricRegistriesImpl.java:lambda$create$1(61)) - First MetricRegistry has been created without registering reporters. You may need to call MetricRegistries.global().addReportRegistration(...) before.
2019-10-24 19:55:15,358 [pool-47-thread-1] INFO  impl.RaftServerImpl (RaftServerImpl.java:start(184)) - c0eea3b1-3778-46c9-978b-a52b9082cf96@group-DB9FC0EF1E26: start as a follower, conf=-1: [c0eea3b1-3778-46c9-978b-a52b9082cf96:192.168.157.225:33218], old=null
2019-10-24 19:55:15,358 [pool-47-thread-1] INFO  impl.RaftServerImpl (RaftServerImpl.java:setRole(173)) - c0eea3b1-3778-46c9-978b-a52b9082cf96@group-DB9FC0EF1E26: changes role from      null to FOLLOWER at term 0 for startAsFollower
2019-10-24 19:55:15,359 [pool-47-thread-1] INFO  impl.RoleInfo (RoleInfo.java:updateAndGet(143)) - c0eea3b1-3778-46c9-978b-a52b9082cf96: start FollowerState
2019-10-24 19:55:15,359 [pool-47-thread-1] INFO  util.JmxRegister (JmxRegister.java:tryRegister(44)) - Successfully registered JMX Bean with object name Ratis:service=RaftServer,group=group-DB9FC0EF1E26,id=c0eea3b1-3778-46c9-978b-a52b9082cf96
2019-10-24 19:55:15,359 [pool-47-thread-1] WARN  impl.MetricRegistriesImpl (MetricRegistriesImpl.java:lambda$create$1(61)) - First MetricRegistry has been created without registering reporters. You may need to call MetricRegistries.global().addReportRegistration(...) before.
2019-10-24 19:55:15,369 [RatisPipelineUtilsThread] INFO  pipeline.PipelineStateManager (PipelineStateManager.java:addPipeline(56)) - Created pipeline Pipeline[ Id: 4ebc4fb8-4f87-44fa-8b23-db9fc0ef1e26, Nodes: c0eea3b1-3778-46c9-978b-a52b9082cf96{ip: 192.168.157.225, host: pr-hdds-2344-jr7qb-497185894, networkLocation: /default-rack, certSerialId: null}, Type:RATIS, Factor:ONE, State:OPEN]
2019-10-24 19:55:15,394 [grpc-default-executor-1] INFO  impl.RaftServerProxy (RaftServerProxy.java:addNew(89)) - 6ca7c49d-0fb9-47a0-84fc-ca56d60725ba: addNew group-93BD2C6E36FF:[c0eea3b1-3778-46c9-978b-a52b9082cf96:192.168.157.225:33218, c3cc0179-ddd8-47c0-b315-a087be9c7d41:192.168.157.225:41798, 6ca7c49d-0fb9-47a0-84fc-ca56d60725ba:192.168.157.225:39925] returns group-93BD2C6E36FF:java.util.concurrent.CompletableFuture@fa40b89[Not completed]
2019-10-24 19:55:15,397 [grpc-default-executor-1] INFO  impl.RaftServerProxy (RaftServerProxy.java:addNew(89)) - c0eea3b1-3778-46c9-978b-a52b9082cf96: addNew group-93BD2C6E36FF:[c0eea3b1-3778-46c9-978b-a52b9082cf96:192.168.157.225:33218, c3cc0179-ddd8-47c0-b315-a087be9c7d41:192.168.157.225:41798, 6ca7c49d-0fb9-47a0-84fc-ca56d60725ba:192.168.157.225:39925] returns group-93BD2C6E36FF:java.util.concurrent.CompletableFuture@2c1b7e1c[Not completed]
2019-10-24 19:55:15,399 [grpc-default-executor-1] INFO  impl.RaftServerProxy (RaftServerProxy.java:addNew(89)) - c3cc0179-ddd8-47c0-b315-a087be9c7d41: addNew group-93BD2C6E36FF:[c0eea3b1-3778-46c9-978b-a52b9082cf96:192.168.157.225:33218, c3cc0179-ddd8-47c0-b315-a087be9c7d41:192.168.157.225:41798, 6ca7c49d-0fb9-47a0-84fc-ca56d60725ba:192.168.157.225:39925] returns group-93BD2C6E36FF:java.util.concurrent.CompletableFuture@7b269f33[Not completed]
2019-10-24 19:55:15,399 [pool-27-thread-1] INFO  impl.RaftServerImpl (RaftServerImpl.java:<init>(98)) - 6ca7c49d-0fb9-47a0-84fc-ca56d60725ba: new RaftServerImpl for group-93BD2C6E36FF:[c0eea3b1-3778-46c9-978b-a52b9082cf96:192.168.157.225:33218, c3cc0179-ddd8-47c0-b315-a087be9c7d41:192.168.157.225:41798, 6ca7c49d-0fb9-47a0-84fc-ca56d60725ba:192.168.157.225:39925] with ContainerStateMachine:uninitialized
2019-10-24 19:55:15,399 [pool-47-thread-1] INFO  impl.RaftServerImpl (RaftServerImpl.java:<init>(98)) - c0eea3b1-3778-46c9-978b-a52b9082cf96: new RaftServerImpl for group-93BD2C6E36FF:[c0eea3b1-3778-46c9-978b-a52b9082cf96:192.168.157.225:33218, c3cc0179-ddd8-47c0-b315-a087be9c7d41:192.168.157.225:41798, 6ca7c49d-0fb9-47a0-84fc-ca56d60725ba:192.168.157.225:39925] with ContainerStateMachine:uninitialized
2019-10-24 19:55:15,399 [pool-47-thread-1] INFO  server.RaftServerConfigKeys (ConfUtils.java:logGet(43)) - raft.server.rpc.timeout.min = 5s (custom)
2019-10-24 19:55:15,399 [pool-27-thread-1] INFO  server.RaftServerConfigKeys (ConfUtils.java:logGet(43)) - raft.server.rpc.timeout.min = 5s (custom)
2019-10-24 19:55:15,400 [pool-47-thread-1] INFO  server.RaftServerConfigKeys (ConfUtils.java:logGet(43)) - raft.server.rpc.timeout.max = 5200ms (custom)
2019-10-24 19:55:15,400 [pool-27-thread-1] INFO  server.RaftServerConfigKeys (ConfUtils.java:logGet(43)) - raft.server.rpc.timeout.max = 5200ms (custom)
2019-10-24 19:55:15,400 [pool-47-thread-1] INFO  server.RaftServerConfigKeys (ConfUtils.java:logGet(43)) - raft.server.rpcslowness.timeout = 1000s (custom)
2019-10-24 19:55:15,400 [pool-27-thread-1] INFO  server.RaftServerConfigKeys (ConfUtils.java:logGet(43)) - raft.server.rpcslowness.timeout = 1000s (custom)
2019-10-24 19:55:15,400 [pool-47-thread-1] INFO  server.RaftServerConfigKeys (ConfUtils.java:logGet(43)) - raft.server.sleep.deviation.threshold = 300 (default)
2019-10-24 19:55:15,400 [pool-27-thread-1] INFO  server.RaftServerConfigKeys (ConfUtils.java:logGet(43)) - raft.server.sleep.deviation.threshold = 300 (default)
2019-10-24 19:55:15,400 [pool-47-thread-1] INFO  server.RaftServerConfigKeys (ConfUtils.java:logGet(43)) - raft.server.log.appender.install.snapshot.enabled = false (custom)
2019-10-24 19:55:15,400 [pool-27-thread-1] INFO  server.RaftServerConfigKeys (ConfUtils.java:logGet(43)) - raft.server.log.appender.install.snapshot.enabled = false (custom)
2019-10-24 19:55:15,401 [pool-47-thread-1] INFO  impl.RaftServerImpl (ServerState.java:<init>(103)) - c0eea3b1-3778-46c9-978b-a52b9082cf96@group-93BD2C6E36FF: ConfigurationManager, init=-1: [c0eea3b1-3778-46c9-978b-a52b9082cf96:192.168.157.225:33218, c3cc0179-ddd8-47c0-b315-a087be9c7d41:192.168.157.225:41798, 6ca7c49d-0fb9-47a0-84fc-ca56d60725ba:192.168.157.225:39925], old=null, confs=<EMPTY_MAP>
2019-10-24 19:55:15,401 [pool-27-thread-1] INFO  impl.RaftServerImpl (ServerState.java:<init>(103)) - 6ca7c49d-0fb9-47a0-84fc-ca56d60725ba@group-93BD2C6E36FF: ConfigurationManager, init=-1: [c0eea3b1-3778-46c9-978b-a52b9082cf96:192.168.157.225:33218, c3cc0179-ddd8-47c0-b315-a087be9c7d41:192.168.157.225:41798, 6ca7c49d-0fb9-47a0-84fc-ca56d60725ba:192.168.157.225:39925], old=null, confs=<EMPTY_MAP>
2019-10-24 19:55:15,401 [pool-37-thread-1] INFO  impl.RaftServerImpl (RaftServerImpl.java:<init>(98)) - c3cc0179-ddd8-47c0-b315-a087be9c7d41: new RaftServerImpl for group-93BD2C6E36FF:[c0eea3b1-3778-46c9-978b-a52b9082cf96:192.168.157.225:33218, c3cc0179-ddd8-47c0-b315-a087be9c7d41:192.168.157.225:41798, 6ca7c49d-0fb9-47a0-84fc-ca56d60725ba:192.168.157.225:39925] with ContainerStateMachine:uninitialized
2019-10-24 19:55:15,401 [pool-27-thread-1] INFO  server.RaftServerConfigKeys (ConfUtils.java:logGet(43)) - raft.server.storage.dir = [/workdir/hadoop-ozone/integration-test/target/test-dir/MiniOzoneClusterImpl-32c601bb-365b-4896-b1e0-aac658e6a95a/datanode-0/data/ratis] (custom)
2019-10-24 19:55:15,401 [pool-47-thread-1] INFO  server.RaftServerConfigKeys (ConfUtils.java:logGet(43)) - raft.server.storage.dir = [/workdir/hadoop-ozone/integration-test/target/test-dir/MiniOzoneClusterImpl-32c601bb-365b-4896-b1e0-aac658e6a95a/datanode-2/data/ratis] (custom)
2019-10-24 19:55:15,401 [pool-37-thread-1] INFO  server.RaftServerConfigKeys (ConfUtils.java:logGet(43)) - raft.server.rpc.timeout.min = 5s (custom)
2019-10-24 19:55:15,402 [pool-37-thread-1] INFO  server.RaftServerConfigKeys (ConfUtils.java:logGet(43)) - raft.server.rpc.timeout.max = 5200ms (custom)
2019-10-24 19:55:15,402 [pool-27-thread-1] INFO  server.RaftServerConfigKeys (ConfUtils.java:logGet(43)) - raft.server.log.corruption.policy = EXCEPTION (default)
2019-10-24 19:55:15,402 [pool-47-thread-1] INFO  server.RaftServerConfigKeys (ConfUtils.java:logGet(43)) - raft.server.log.corruption.policy = EXCEPTION (default)
2019-10-24 19:55:15,402 [pool-37-thread-1] INFO  server.RaftServerConfigKeys (ConfUtils.java:logGet(43)) - raft.server.rpcslowness.timeout = 1000s (custom)
2019-10-24 19:55:15,402 [pool-47-thread-1] INFO  storage.RaftStorageDirectory (RaftStorageDirectory.java:analyzeStorage(246)) - The storage directory /workdir/hadoop-ozone/integration-test/target/test-dir/MiniOzoneClusterImpl-32c601bb-365b-4896-b1e0-aac658e6a95a/datanode-2/data/ratis/e974d4ac-588e-46db-a85b-93bd2c6e36ff does not exist. Creating ...
2019-10-24 19:55:15,402 [pool-37-thread-1] INFO  server.RaftServerConfigKeys (ConfUtils.java:logGet(43)) - raft.server.sleep.deviation.threshold = 300 (default)
2019-10-24 19:55:15,402 [pool-27-thread-1] INFO  storage.RaftStorageDirectory (RaftStorageDirectory.java:analyzeStorage(246)) - The storage directory /workdir/hadoop-ozone/integration-test/target/test-dir/MiniOzoneClusterImpl-32c601bb-365b-4896-b1e0-aac658e6a95a/datanode-0/data/ratis/e974d4ac-588e-46db-a85b-93bd2c6e36ff does not exist. Creating ...
2019-10-24 19:55:15,402 [pool-37-thread-1] INFO  server.RaftServerConfigKeys (ConfUtils.java:logGet(43)) - raft.server.log.appender.install.snapshot.enabled = false (custom)
2019-10-24 19:55:15,403 [pool-37-thread-1] INFO  impl.RaftServerImpl (ServerState.java:<init>(103)) - c3cc0179-ddd8-47c0-b315-a087be9c7d41@group-93BD2C6E36FF: ConfigurationManager, init=-1: [c0eea3b1-3778-46c9-978b-a52b9082cf96:192.168.157.225:33218, c3cc0179-ddd8-47c0-b315-a087be9c7d41:192.168.157.225:41798, 6ca7c49d-0fb9-47a0-84fc-ca56d60725ba:192.168.157.225:39925], old=null, confs=<EMPTY_MAP>
2019-10-24 19:55:15,403 [pool-37-thread-1] INFO  server.RaftServerConfigKeys (ConfUtils.java:logGet(43)) - raft.server.storage.dir = [/workdir/hadoop-ozone/integration-test/target/test-dir/MiniOzoneClusterImpl-32c601bb-365b-4896-b1e0-aac658e6a95a/datanode-1/data/ratis] (custom)
2019-10-24 19:55:15,403 [pool-37-thread-1] INFO  server.RaftServerConfigKeys (ConfUtils.java:logGet(43)) - raft.server.log.corruption.policy = EXCEPTION (default)
2019-10-24 19:55:15,404 [pool-37-thread-1] INFO  storage.RaftStorageDirectory (RaftStorageDirectory.java:analyzeStorage(246)) - The storage directory /workdir/hadoop-ozone/integration-test/target/test-dir/MiniOzoneClusterImpl-32c601bb-365b-4896-b1e0-aac658e6a95a/datanode-1/data/ratis/e974d4ac-588e-46db-a85b-93bd2c6e36ff does not exist. Creating ...
2019-10-24 19:55:15,416 [pool-27-thread-1] INFO  storage.RaftStorageDirectory (RaftStorageDirectory.java:tryLock(328)) - Lock on /workdir/hadoop-ozone/integration-test/target/test-dir/MiniOzoneClusterImpl-32c601bb-365b-4896-b1e0-aac658e6a95a/datanode-0/data/ratis/e974d4ac-588e-46db-a85b-93bd2c6e36ff/in_use.lock acquired by nodename 2269@pr-hdds-2344-jr7qb-497185894
2019-10-24 19:55:15,416 [pool-37-thread-1] INFO  storage.RaftStorageDirectory (RaftStorageDirectory.java:tryLock(328)) - Lock on /workdir/hadoop-ozone/integration-test/target/test-dir/MiniOzoneClusterImpl-32c601bb-365b-4896-b1e0-aac658e6a95a/datanode-1/data/ratis/e974d4ac-588e-46db-a85b-93bd2c6e36ff/in_use.lock acquired by nodename 2269@pr-hdds-2344-jr7qb-497185894
2019-10-24 19:55:15,416 [pool-47-thread-1] INFO  storage.RaftStorageDirectory (RaftStorageDirectory.java:tryLock(328)) - Lock on /workdir/hadoop-ozone/integration-test/target/test-dir/MiniOzoneClusterImpl-32c601bb-365b-4896-b1e0-aac658e6a95a/datanode-2/data/ratis/e974d4ac-588e-46db-a85b-93bd2c6e36ff/in_use.lock acquired by nodename 2269@pr-hdds-2344-jr7qb-497185894
2019-10-24 19:55:15,430 [pool-47-thread-1] INFO  storage.RaftStorage (RaftStorage.java:format(84)) - Storage directory /workdir/hadoop-ozone/integration-test/target/test-dir/MiniOzoneClusterImpl-32c601bb-365b-4896-b1e0-aac658e6a95a/datanode-2/data/ratis/e974d4ac-588e-46db-a85b-93bd2c6e36ff has been successfully formatted.
2019-10-24 19:55:15,430 [pool-37-thread-1] INFO  storage.RaftStorage (RaftStorage.java:format(84)) - Storage directory /workdir/hadoop-ozone/integration-test/target/test-dir/MiniOzoneClusterImpl-32c601bb-365b-4896-b1e0-aac658e6a95a/datanode-1/data/ratis/e974d4ac-588e-46db-a85b-93bd2c6e36ff has been successfully formatted.
2019-10-24 19:55:15,430 [pool-27-thread-1] INFO  storage.RaftStorage (RaftStorage.java:format(84)) - Storage directory /workdir/hadoop-ozone/integration-test/target/test-dir/MiniOzoneClusterImpl-32c601bb-365b-4896-b1e0-aac658e6a95a/datanode-0/data/ratis/e974d4ac-588e-46db-a85b-93bd2c6e36ff has been successfully formatted.
2019-10-24 19:55:15,430 [pool-47-thread-1] INFO  ratis.ContainerStateMachine (ContainerStateMachine.java:loadSnapshot(231)) - group-93BD2C6E36FF: The snapshot info is null. Setting the last applied indexto:(t:0, i:~)
2019-10-24 19:55:15,430 [pool-37-thread-1] INFO  ratis.ContainerStateMachine (ContainerStateMachine.java:loadSnapshot(231)) - group-93BD2C6E36FF: The snapshot info is null. Setting the last applied indexto:(t:0, i:~)
2019-10-24 19:55:15,430 [pool-27-thread-1] INFO  ratis.ContainerStateMachine (ContainerStateMachine.java:loadSnapshot(231)) - group-93BD2C6E36FF: The snapshot info is null. Setting the last applied indexto:(t:0, i:~)
2019-10-24 19:55:15,430 [pool-47-thread-1] INFO  server.RaftServerConfigKeys (ConfUtils.java:logGet(43)) - raft.server.notification.no-leader.timeout = 1000s (custom)
2019-10-24 19:55:15,431 [pool-27-thread-1] INFO  server.RaftServerConfigKeys (ConfUtils.java:logGet(43)) - raft.server.notification.no-leader.timeout = 1000s (custom)
2019-10-24 19:55:15,431 [pool-37-thread-1] INFO  server.RaftServerConfigKeys (ConfUtils.java:logGet(43)) - raft.server.notification.no-leader.timeout = 1000s (custom)
2019-10-24 19:55:15,431 [pool-27-thread-1] INFO  server.RaftServerConfigKeys (ConfUtils.java:logGet(43)) - raft.server.log.use.memory = false (default)
2019-10-24 19:55:15,431 [pool-47-thread-1] INFO  server.RaftServerConfigKeys (ConfUtils.java:logGet(43)) - raft.server.log.use.memory = false (default)
2019-10-24 19:55:15,431 [pool-27-thread-1] INFO  server.RaftServerConfigKeys (ConfUtils.java:logGet(43)) - raft.server.log.purge.gap = 1000000 (custom)
2019-10-24 19:55:15,431 [pool-37-thread-1] INFO  server.RaftServerConfigKeys (ConfUtils.java:logGet(43)) - raft.server.log.use.memory = false (default)
2019-10-24 19:55:15,431 [pool-27-thread-1] INFO  server.RaftServerConfigKeys (ConfUtils.java:logGet(43)) - raft.server.log.appender.buffer.byte-limit = 33554432 (custom)
2019-10-24 19:55:15,431 [pool-47-thread-1] INFO  server.RaftServerConfigKeys (ConfUtils.java:logGet(43)) - raft.server.log.purge.gap = 1000000 (custom)
2019-10-24 19:55:15,432 [pool-27-thread-1] INFO  server.RaftServerConfigKeys (ConfUtils.java:logGet(43)) - raft.server.log.segment.size.max = 1048576 (custom)
2019-10-24 19:55:15,432 [pool-37-thread-1] INFO  server.RaftServerConfigKeys (ConfUtils.java:logGet(43)) - raft.server.log.purge.gap = 1000000 (custom)
2019-10-24 19:55:15,432 [pool-27-thread-1] INFO  server.RaftServerConfigKeys (ConfUtils.java:logGet(43)) - raft.server.log.segment.cache.num.max = 2 (custom)
2019-10-24 19:55:15,432 [pool-47-thread-1] INFO  server.RaftServerConfigKeys (ConfUtils.java:logGet(43)) - raft.server.log.appender.buffer.byte-limit = 33554432 (custom)
2019-10-24 19:55:15,432 [pool-27-thread-1] INFO  segmented.SegmentedRaftLogWorker (SegmentedRaftLogWorker.java:<init>(173)) - new 6ca7c49d-0fb9-47a0-84fc-ca56d60725ba@group-93BD2C6E36FF-SegmentedRaftLogWorker for RaftStorage:Storage Directory /workdir/hadoop-ozone/integration-test/target/test-dir/MiniOzoneClusterImpl-32c601bb-365b-4896-b1e0-aac658e6a95a/datanode-0/data/ratis/e974d4ac-588e-46db-a85b-93bd2c6e36ff
2019-10-24 19:55:15,432 [pool-37-thread-1] INFO  server.RaftServerConfigKeys (ConfUtils.java:logGet(43)) - raft.server.log.appender.buffer.byte-limit = 33554432 (custom)
2019-10-24 19:55:15,432 [pool-27-thread-1] INFO  server.RaftServerConfigKeys (ConfUtils.java:logGet(43)) - raft.server.log.queue.byte-limit = 2147483647 (custom)
2019-10-24 19:55:15,432 [pool-47-thread-1] INFO  server.RaftServerConfigKeys (ConfUtils.java:logGet(43)) - raft.server.log.segment.size.max = 1048576 (custom)
2019-10-24 19:55:15,433 [pool-27-thread-1] INFO  server.RaftServerConfigKeys (ConfUtils.java:logGet(43)) - raft.server.log.queue.element-limit = 1024 (custom)
2019-10-24 19:55:15,433 [pool-37-thread-1] INFO  server.RaftServerConfigKeys (ConfUtils.java:logGet(43)) - raft.server.log.segment.size.max = 1048576 (custom)
2019-10-24 19:55:15,433 [pool-27-thread-1] INFO  server.RaftServerConfigKeys (ConfUtils.java:logGet(43)) - raft.server.log.segment.size.max = 1048576 (custom)
2019-10-24 19:55:15,433 [pool-37-thread-1] INFO  server.RaftServerConfigKeys (ConfUtils.java:logGet(43)) - raft.server.log.segment.cache.num.max = 2 (custom)
2019-10-24 19:55:15,433 [pool-47-thread-1] INFO  server.RaftServerConfigKeys (ConfUtils.java:logGet(43)) - raft.server.log.segment.cache.num.max = 2 (custom)
2019-10-24 19:55:15,433 [pool-37-thread-1] INFO  segmented.SegmentedRaftLogWorker (SegmentedRaftLogWorker.java:<init>(173)) - new c3cc0179-ddd8-47c0-b315-a087be9c7d41@group-93BD2C6E36FF-SegmentedRaftLogWorker for RaftStorage:Storage Directory /workdir/hadoop-ozone/integration-test/target/test-dir/MiniOzoneClusterImpl-32c601bb-365b-4896-b1e0-aac658e6a95a/datanode-1/data/ratis/e974d4ac-588e-46db-a85b-93bd2c6e36ff
2019-10-24 19:55:15,433 [pool-27-thread-1] INFO  server.RaftServerConfigKeys (ConfUtils.java:logGet(43)) - raft.server.log.preallocated.size = 16384 (custom)
2019-10-24 19:55:15,434 [pool-37-thread-1] INFO  server.RaftServerConfigKeys (ConfUtils.java:logGet(43)) - raft.server.log.queue.byte-limit = 2147483647 (custom)
2019-10-24 19:55:15,434 [pool-47-thread-1] INFO  segmented.SegmentedRaftLogWorker (SegmentedRaftLogWorker.java:<init>(173)) - new c0eea3b1-3778-46c9-978b-a52b9082cf96@group-93BD2C6E36FF-SegmentedRaftLogWorker for RaftStorage:Storage Directory /workdir/hadoop-ozone/integration-test/target/test-dir/MiniOzoneClusterImpl-32c601bb-365b-4896-b1e0-aac658e6a95a/datanode-2/data/ratis/e974d4ac-588e-46db-a85b-93bd2c6e36ff
2019-10-24 19:55:15,434 [pool-27-thread-1] INFO  server.RaftServerConfigKeys (ConfUtils.java:logGet(43)) - raft.server.log.write.buffer.size = 33554432 (custom)
2019-10-24 19:55:15,434 [pool-47-thread-1] INFO  server.RaftServerConfigKeys (ConfUtils.java:logGet(43)) - raft.server.log.queue.byte-limit = 2147483647 (custom)
2019-10-24 19:55:15,434 [pool-37-thread-1] INFO  server.RaftServerConfigKeys (ConfUtils.java:logGet(43)) - raft.server.log.queue.element-limit = 1024 (custom)
2019-10-24 19:55:15,434 [pool-47-thread-1] INFO  server.RaftServerConfigKeys (ConfUtils.java:logGet(43)) - raft.server.log.queue.element-limit = 1024 (custom)
2019-10-24 19:55:15,434 [pool-27-thread-1] INFO  server.RaftServerConfigKeys (ConfUtils.java:logGet(43)) - raft.server.log.force.sync.num = 128 (default)
2019-10-24 19:55:15,435 [pool-47-thread-1] INFO  server.RaftServerConfigKeys (ConfUtils.java:logGet(43)) - raft.server.log.segment.size.max = 1048576 (custom)
2019-10-24 19:55:15,434 [pool-37-thread-1] INFO  server.RaftServerConfigKeys (ConfUtils.java:logGet(43)) - raft.server.log.segment.size.max = 1048576 (custom)
2019-10-24 19:55:15,435 [pool-47-thread-1] INFO  server.RaftServerConfigKeys (ConfUtils.java:logGet(43)) - raft.server.log.preallocated.size = 16384 (custom)
2019-10-24 19:55:15,435 [pool-27-thread-1] INFO  server.RaftServerConfigKeys (ConfUtils.java:logGet(43)) - raft.server.log.statemachine.data.sync = true (default)
2019-10-24 19:55:15,435 [pool-47-thread-1] INFO  server.RaftServerConfigKeys (ConfUtils.java:logGet(43)) - raft.server.log.write.buffer.size = 33554432 (custom)
2019-10-24 19:55:15,435 [pool-47-thread-1] INFO  server.RaftServerConfigKeys (ConfUtils.java:logGet(43)) - raft.server.log.force.sync.num = 128 (default)
2019-10-24 19:55:15,435 [pool-37-thread-1] INFO  server.RaftServerConfigKeys (ConfUtils.java:logGet(43)) - raft.server.log.preallocated.size = 16384 (custom)
2019-10-24 19:55:15,435 [pool-47-thread-1] INFO  server.RaftServerConfigKeys (ConfUtils.java:logGet(43)) - raft.server.log.statemachine.data.sync = true (default)
2019-10-24 19:55:15,435 [pool-27-thread-1] INFO  server.RaftServerConfigKeys (ConfUtils.java:logGet(43)) - raft.server.log.statemachine.data.sync.timeout = 10s (default)
2019-10-24 19:55:15,436 [pool-47-thread-1] INFO  server.RaftServerConfigKeys (ConfUtils.java:logGet(43)) - raft.server.log.statemachine.data.sync.timeout = 10s (default)
2019-10-24 19:55:15,436 [pool-37-thread-1] INFO  server.RaftServerConfigKeys (ConfUtils.java:logGet(43)) - raft.server.log.write.buffer.size = 33554432 (custom)
2019-10-24 19:55:15,436 [pool-47-thread-1] INFO  server.RaftServerConfigKeys (ConfUtils.java:logGet(43)) - raft.server.log.statemachine.data.sync.timeout.retry = -1 (default)
2019-10-24 19:55:15,436 [pool-27-thread-1] INFO  server.RaftServerConfigKeys (ConfUtils.java:logGet(43)) - raft.server.log.statemachine.data.sync.timeout.retry = -1 (default)
2019-10-24 19:55:15,436 [pool-37-thread-1] INFO  server.RaftServerConfigKeys (ConfUtils.java:logGet(43)) - raft.server.log.force.sync.num = 128 (default)
2019-10-24 19:55:15,436 [pool-27-thread-1] INFO  server.RaftServerConfigKeys (ConfUtils.java:logGet(43)) - raft.server.log.statemachine.data.caching.enabled = true (custom)
2019-10-24 19:55:15,436 [pool-47-thread-1] INFO  server.RaftServerConfigKeys (ConfUtils.java:logGet(43)) - raft.server.log.statemachine.data.caching.enabled = true (custom)
2019-10-24 19:55:15,436 [pool-37-thread-1] INFO  server.RaftServerConfigKeys (ConfUtils.java:logGet(43)) - raft.server.log.statemachine.data.sync = true (default)
2019-10-24 19:55:15,437 [pool-27-thread-1] INFO  segmented.SegmentedRaftLogWorker (SegmentedRaftLogWorker.java:lambda$new$0(128)) - 6ca7c49d-0fb9-47a0-84fc-ca56d60725ba@group-93BD2C6E36FF-SegmentedRaftLogWorker: flushIndex: setUnconditionally 0 -> -1
2019-10-24 19:55:15,437 [pool-37-thread-1] INFO  server.RaftServerConfigKeys (ConfUtils.java:logGet(43)) - raft.server.log.statemachine.data.sync.timeout = 10s (default)
2019-10-24 19:55:15,437 [pool-47-thread-1] INFO  segmented.SegmentedRaftLogWorker (SegmentedRaftLogWorker.java:lambda$new$0(128)) - c0eea3b1-3778-46c9-978b-a52b9082cf96@group-93BD2C6E36FF-SegmentedRaftLogWorker: flushIndex: setUnconditionally 0 -> -1
2019-10-24 19:55:15,437 [pool-27-thread-1] INFO  server.RaftServerConfigKeys (ConfUtils.java:logGet(43)) - raft.server.snapshot.auto.trigger.enabled = true (custom)
2019-10-24 19:55:15,437 [pool-37-thread-1] INFO  server.RaftServerConfigKeys (ConfUtils.java:logGet(43)) - raft.server.log.statemachine.data.sync.timeout.retry = -1 (default)
2019-10-24 19:55:15,437 [pool-47-thread-1] INFO  server.RaftServerConfigKeys (ConfUtils.java:logGet(43)) - raft.server.snapshot.auto.trigger.enabled = true (custom)
2019-10-24 19:55:15,437 [pool-27-thread-1] INFO  server.RaftServerConfigKeys (ConfUtils.java:logGet(43)) - raft.server.snapshot.auto.trigger.threshold = 10000 (custom)
2019-10-24 19:55:15,438 [pool-37-thread-1] INFO  server.RaftServerConfigKeys (ConfUtils.java:logGet(43)) - raft.server.log.statemachine.data.caching.enabled = true (custom)
2019-10-24 19:55:15,438 [pool-47-thread-1] INFO  server.RaftServerConfigKeys (ConfUtils.java:logGet(43)) - raft.server.snapshot.auto.trigger.threshold = 10000 (custom)
2019-10-24 19:55:15,438 [pool-27-thread-1] INFO  server.RaftServerConfigKeys (ConfUtils.java:logGet(43)) - raft.server.snapshot.retention.file.num = 5 (custom)
2019-10-24 19:55:15,438 [pool-47-thread-1] INFO  server.RaftServerConfigKeys (ConfUtils.java:logGet(43)) - raft.server.snapshot.retention.file.num = 5 (custom)
2019-10-24 19:55:15,438 [pool-37-thread-1] INFO  segmented.SegmentedRaftLogWorker (SegmentedRaftLogWorker.java:lambda$new$0(128)) - c3cc0179-ddd8-47c0-b315-a087be9c7d41@group-93BD2C6E36FF-SegmentedRaftLogWorker: flushIndex: setUnconditionally 0 -> -1
2019-10-24 19:55:15,438 [pool-47-thread-1] INFO  server.RaftServerConfigKeys (ConfUtils.java:logGet(43)) - raft.server.retrycache.expirytime = 600000ms (custom)
2019-10-24 19:55:15,438 [pool-27-thread-1] INFO  server.RaftServerConfigKeys (ConfUtils.java:logGet(43)) - raft.server.retrycache.expirytime = 600000ms (custom)
2019-10-24 19:55:15,439 [pool-37-thread-1] INFO  server.RaftServerConfigKeys (ConfUtils.java:logGet(43)) - raft.server.snapshot.auto.trigger.enabled = true (custom)
2019-10-24 19:55:15,438 [pool-47-thread-1] WARN  impl.MetricRegistriesImpl (MetricRegistriesImpl.java:lambda$create$1(61)) - First MetricRegistry has been created without registering reporters. You may need to call MetricRegistries.global().addReportRegistration(...) before.
2019-10-24 19:55:15,439 [pool-37-thread-1] INFO  server.RaftServerConfigKeys (ConfUtils.java:logGet(43)) - raft.server.snapshot.auto.trigger.threshold = 10000 (custom)
2019-10-24 19:55:15,439 [pool-27-thread-1] WARN  impl.MetricRegistriesImpl (MetricRegistriesImpl.java:lambda$create$1(61)) - First MetricRegistry has been created without registering reporters. You may need to call MetricRegistries.global().addReportRegistration(...) before.
2019-10-24 19:55:15,439 [pool-37-thread-1] INFO  server.RaftServerConfigKeys (ConfUtils.java:logGet(43)) - raft.server.snapshot.retention.file.num = 5 (custom)
2019-10-24 19:55:15,439 [pool-47-thread-1] WARN  impl.MetricRegistriesImpl (MetricRegistriesImpl.java:lambda$create$1(61)) - First MetricRegistry has been created without registering reporters. You may need to call MetricRegistries.global().addReportRegistration(...) before.
2019-10-24 19:55:15,439 [pool-27-thread-1] WARN  impl.MetricRegistriesImpl (MetricRegistriesImpl.java:lambda$create$1(61)) - First MetricRegistry has been created without registering reporters. You may need to call MetricRegistries.global().addReportRegistration(...) before.
2019-10-24 19:55:15,439 [pool-37-thread-1] INFO  server.RaftServerConfigKeys (ConfUtils.java:logGet(43)) - raft.server.retrycache.expirytime = 600000ms (custom)
2019-10-24 19:55:15,440 [pool-27-thread-1] INFO  impl.RaftServerImpl (RaftServerImpl.java:start(184)) - 6ca7c49d-0fb9-47a0-84fc-ca56d60725ba@group-93BD2C6E36FF: start as a follower, conf=-1: [c0eea3b1-3778-46c9-978b-a52b9082cf96:192.168.157.225:33218, c3cc0179-ddd8-47c0-b315-a087be9c7d41:192.168.157.225:41798, 6ca7c49d-0fb9-47a0-84fc-ca56d60725ba:192.168.157.225:39925], old=null
2019-10-24 19:55:15,440 [pool-37-thread-1] WARN  impl.MetricRegistriesImpl (MetricRegistriesImpl.java:lambda$create$1(61)) - First MetricRegistry has been created without registering reporters. You may need to call MetricRegistries.global().addReportRegistration(...) before.
2019-10-24 19:55:15,439 [pool-47-thread-1] INFO  impl.RaftServerImpl (RaftServerImpl.java:start(184)) - c0eea3b1-3778-46c9-978b-a52b9082cf96@group-93BD2C6E36FF: start as a follower, conf=-1: [c0eea3b1-3778-46c9-978b-a52b9082cf96:192.168.157.225:33218, c3cc0179-ddd8-47c0-b315-a087be9c7d41:192.168.157.225:41798, 6ca7c49d-0fb9-47a0-84fc-ca56d60725ba:192.168.157.225:39925], old=null
2019-10-24 19:55:15,440 [pool-37-thread-1] WARN  impl.MetricRegistriesImpl (MetricRegistriesImpl.java:lambda$create$1(61)) - First MetricRegistry has been created without registering reporters. You may need to call MetricRegistries.global().addReportRegistration(...) before.
2019-10-24 19:55:15,440 [pool-27-thread-1] INFO  impl.RaftServerImpl (RaftServerImpl.java:setRole(173)) - 6ca7c49d-0fb9-47a0-84fc-ca56d60725ba@group-93BD2C6E36FF: changes role from      null to FOLLOWER at term 0 for startAsFollower
2019-10-24 19:55:15,440 [pool-47-thread-1] INFO  impl.RaftServerImpl (RaftServerImpl.java:setRole(173)) - c0eea3b1-3778-46c9-978b-a52b9082cf96@group-93BD2C6E36FF: changes role from      null to FOLLOWER at term 0 for startAsFollower
2019-10-24 19:55:15,440 [pool-37-thread-1] INFO  impl.RaftServerImpl (RaftServerImpl.java:start(184)) - c3cc0179-ddd8-47c0-b315-a087be9c7d41@group-93BD2C6E36FF: start as a follower, conf=-1: [c0eea3b1-3778-46c9-978b-a52b9082cf96:192.168.157.225:33218, c3cc0179-ddd8-47c0-b315-a087be9c7d41:192.168.157.225:41798, 6ca7c49d-0fb9-47a0-84fc-ca56d60725ba:192.168.157.225:39925], old=null
2019-10-24 19:55:15,440 [pool-47-thread-1] INFO  impl.RoleInfo (RoleInfo.java:updateAndGet(143)) - c0eea3b1-3778-46c9-978b-a52b9082cf96: start FollowerState
2019-10-24 19:55:15,440 [pool-27-thread-1] INFO  impl.RoleInfo (RoleInfo.java:updateAndGet(143)) - 6ca7c49d-0fb9-47a0-84fc-ca56d60725ba: start FollowerState
2019-10-24 19:55:15,440 [pool-37-thread-1] INFO  impl.RaftServerImpl (RaftServerImpl.java:setRole(173)) - c3cc0179-ddd8-47c0-b315-a087be9c7d41@group-93BD2C6E36FF: changes role from      null to FOLLOWER at term 0 for startAsFollower
2019-10-24 19:55:15,441 [pool-47-thread-1] INFO  util.JmxRegister (JmxRegister.java:tryRegister(44)) - Successfully registered JMX Bean with object name Ratis:service=RaftServer,group=group-93BD2C6E36FF,id=c0eea3b1-3778-46c9-978b-a52b9082cf96
2019-10-24 19:55:15,441 [pool-37-thread-1] INFO  impl.RoleInfo (RoleInfo.java:updateAndGet(143)) - c3cc0179-ddd8-47c0-b315-a087be9c7d41: start FollowerState
2019-10-24 19:55:15,441 [pool-27-thread-1] INFO  util.JmxRegister (JmxRegister.java:tryRegister(44)) - Successfully registered JMX Bean with object name Ratis:service=RaftServer,group=group-93BD2C6E36FF,id=6ca7c49d-0fb9-47a0-84fc-ca56d60725ba
2019-10-24 19:55:15,441 [pool-47-thread-1] WARN  impl.MetricRegistriesImpl (MetricRegistriesImpl.java:lambda$create$1(61)) - First MetricRegistry has been created without registering reporters. You may need to call MetricRegistries.global().addReportRegistration(...) before.
2019-10-24 19:55:15,441 [pool-27-thread-1] WARN  impl.MetricRegistriesImpl (MetricRegistriesImpl.java:lambda$create$1(61)) - First MetricRegistry has been created without registering reporters. You may need to call MetricRegistries.global().addReportRegistration(...) before.
2019-10-24 19:55:15,441 [pool-37-thread-1] INFO  util.JmxRegister (JmxRegister.java:tryRegister(44)) - Successfully registered JMX Bean with object name Ratis:service=RaftServer,group=group-93BD2C6E36FF,id=c3cc0179-ddd8-47c0-b315-a087be9c7d41
2019-10-24 19:55:15,442 [pool-37-thread-1] WARN  impl.MetricRegistriesImpl (MetricRegistriesImpl.java:lambda$create$1(61)) - First MetricRegistry has been created without registering reporters. You may need to call MetricRegistries.global().addReportRegistration(...) before.
2019-10-24 19:55:15,458 [RatisPipelineUtilsThread] INFO  pipeline.PipelineStateManager (PipelineStateManager.java:addPipeline(56)) - Created pipeline Pipeline[ Id: e974d4ac-588e-46db-a85b-93bd2c6e36ff, Nodes: c3cc0179-ddd8-47c0-b315-a087be9c7d41{ip: 192.168.157.225, host: pr-hdds-2344-jr7qb-497185894, networkLocation: /default-rack, certSerialId: null}6ca7c49d-0fb9-47a0-84fc-ca56d60725ba{ip: 192.168.157.225, host: pr-hdds-2344-jr7qb-497185894, networkLocation: /default-rack, certSerialId: null}c0eea3b1-3778-46c9-978b-a52b9082cf96{ip: 192.168.157.225, host: pr-hdds-2344-jr7qb-497185894, networkLocation: /default-rack, certSerialId: null}, Type:RATIS, Factor:THREE, State:OPEN]
2019-10-24 19:55:15,625 [main] INFO  ozone.MiniOzoneClusterImpl (MiniOzoneClusterImpl.java:lambda$waitForClusterToBeReady$0(147)) - Cluster is ready. Got 3 of 3 DN Heartbeats.
2019-10-24 19:55:16,158 [main] INFO  rpc.RpcClient (RpcClient.java:createVolume(272)) - Creating Volume: testcontainerstatemachinefailures, with jenkins1000 as owner.
2019-10-24 19:55:16,283 [IPC Server handler 2 on 37278] INFO  volume.OMVolumeCreateRequest (OMVolumeCreateRequest.java:validateAndUpdateCache(193)) - created volume:testcontainerstatemachinefailures for user:jenkins1000
2019-10-24 19:55:16,352 [main] INFO  rpc.RpcClient (RpcClient.java:createBucket(411)) - Creating Bucket: testcontainerstatemachinefailures/testcontainerstatemachinefailures, with Versioning false and Storage Type set to DISK and Encryption set to false 
2019-10-24 19:55:16,780 [IPC Server handler 2 on 35150] INFO  server.SCMBlockProtocolServer (SCMBlockProtocolServer.java:allocateBlock(179)) - Allocating 1 blocks of size 4194304, with ExcludeList {datanodes = [], containerIds = [], pipelineIds = []}
2019-10-24 19:55:16,915 [main] INFO  impl.MetricsSystemImpl (MetricsSystemImpl.java:init(158)) - XceiverClientMetrics metrics system started (again)
2019-10-24 19:55:17,464 [Thread-181] INFO  container.ReplicationManager (ReplicationManager.java:start(162)) - Starting Replication Monitor Thread.
2019-10-24 19:55:17,469 [ReplicationMonitor] INFO  container.ReplicationManager (ReplicationManager.java:run(225)) - Replication Monitor Thread took 4 milliseconds for processing 1 containers.
2019-10-24 19:55:20,246 [Thread-186] INFO  impl.FollowerState (FollowerState.java:run(111)) - 6ca7c49d-0fb9-47a0-84fc-ca56d60725ba@group-2EE4A34776F8-FollowerState: change to CANDIDATE, lastRpcTime:5115ms, electionTimeout:5114ms
2019-10-24 19:55:20,248 [Thread-186] INFO  impl.RoleInfo (RoleInfo.java:shutdownFollowerState(121)) - 6ca7c49d-0fb9-47a0-84fc-ca56d60725ba: shutdown FollowerState
2019-10-24 19:55:20,248 [Thread-186] INFO  impl.RaftServerImpl (RaftServerImpl.java:setRole(173)) - 6ca7c49d-0fb9-47a0-84fc-ca56d60725ba@group-2EE4A34776F8: changes role from  FOLLOWER to CANDIDATE at term 0 for changeToCandidate
2019-10-24 19:55:20,255 [Thread-186] INFO  impl.RoleInfo (RoleInfo.java:updateAndGet(143)) - 6ca7c49d-0fb9-47a0-84fc-ca56d60725ba: start LeaderElection
2019-10-24 19:55:20,273 [6ca7c49d-0fb9-47a0-84fc-ca56d60725ba@group-2EE4A34776F8-LeaderElection1] INFO  impl.LeaderElection (LeaderElection.java:askForVotes(178)) - 6ca7c49d-0fb9-47a0-84fc-ca56d60725ba@group-2EE4A34776F8-LeaderElection1: begin an election at term 1 for -1: [6ca7c49d-0fb9-47a0-84fc-ca56d60725ba:192.168.157.225:39925], old=null
2019-10-24 19:55:20,275 [6ca7c49d-0fb9-47a0-84fc-ca56d60725ba@group-2EE4A34776F8-LeaderElection1] INFO  impl.RoleInfo (RoleInfo.java:shutdownLeaderElection(134)) - 6ca7c49d-0fb9-47a0-84fc-ca56d60725ba: shutdown LeaderElection
2019-10-24 19:55:20,276 [6ca7c49d-0fb9-47a0-84fc-ca56d60725ba@group-2EE4A34776F8-LeaderElection1] INFO  impl.RaftServerImpl (RaftServerImpl.java:setRole(173)) - 6ca7c49d-0fb9-47a0-84fc-ca56d60725ba@group-2EE4A34776F8: changes role from CANDIDATE to LEADER at term 1 for changeToLeader
2019-10-24 19:55:20,276 [6ca7c49d-0fb9-47a0-84fc-ca56d60725ba@group-2EE4A34776F8-LeaderElection1] INFO  impl.RaftServerImpl (ServerState.java:setLeader(255)) - 6ca7c49d-0fb9-47a0-84fc-ca56d60725ba@group-2EE4A34776F8: change Leader from null to 6ca7c49d-0fb9-47a0-84fc-ca56d60725ba at term 1 for becomeLeader, leader elected after 5240ms
2019-10-24 19:55:20,282 [6ca7c49d-0fb9-47a0-84fc-ca56d60725ba@group-2EE4A34776F8-LeaderElection1] INFO  server.RaftServerConfigKeys (ConfUtils.java:logGet(43)) - raft.server.staging.catchup.gap = 1000 (default)
2019-10-24 19:55:20,282 [6ca7c49d-0fb9-47a0-84fc-ca56d60725ba@group-2EE4A34776F8-LeaderElection1] INFO  server.RaftServerConfigKeys (ConfUtils.java:logGet(43)) - raft.server.rpc.sleep.time = 25ms (default)
2019-10-24 19:55:20,290 [6ca7c49d-0fb9-47a0-84fc-ca56d60725ba@group-2EE4A34776F8-LeaderElection1] INFO  server.RaftServerConfigKeys (ConfUtils.java:logGet(43)) - raft.server.write.element-limit = 4096 (default)
2019-10-24 19:55:20,295 [6ca7c49d-0fb9-47a0-84fc-ca56d60725ba@group-2EE4A34776F8-LeaderElection1] INFO  server.RaftServerConfigKeys (ConfUtils.java:logGet(43)) - raft.server.watch.timeout = 10s (default)
2019-10-24 19:55:20,295 [6ca7c49d-0fb9-47a0-84fc-ca56d60725ba@group-2EE4A34776F8-LeaderElection1] INFO  server.RaftServerConfigKeys (ConfUtils.java:logGet(43)) - raft.server.watch.timeout.denomination = 1s (default)
2019-10-24 19:55:20,296 [6ca7c49d-0fb9-47a0-84fc-ca56d60725ba@group-2EE4A34776F8-LeaderElection1] INFO  server.RaftServerConfigKeys (ConfUtils.java:logGet(43)) - raft.server.watch.element-limit = 65536 (default)
2019-10-24 19:55:20,304 [6ca7c49d-0fb9-47a0-84fc-ca56d60725ba@group-2EE4A34776F8-LeaderElection1] INFO  impl.RoleInfo (RoleInfo.java:updateAndGet(143)) - 6ca7c49d-0fb9-47a0-84fc-ca56d60725ba: start LeaderState
2019-10-24 19:55:20,324 [6ca7c49d-0fb9-47a0-84fc-ca56d60725ba@group-2EE4A34776F8-LeaderElection1] INFO  segmented.SegmentedRaftLogWorker (SegmentedRaftLogWorker.java:startLogSegment(385)) - 6ca7c49d-0fb9-47a0-84fc-ca56d60725ba@group-2EE4A34776F8-SegmentedRaftLogWorker: Starting segment from index:0
2019-10-24 19:55:20,333 [6ca7c49d-0fb9-47a0-84fc-ca56d60725ba@group-2EE4A34776F8-LeaderElection1] INFO  impl.RaftServerImpl (ServerState.java:setRaftConf(356)) - 6ca7c49d-0fb9-47a0-84fc-ca56d60725ba@group-2EE4A34776F8: set configuration 0: [6ca7c49d-0fb9-47a0-84fc-ca56d60725ba:192.168.157.225:39925], old=null at 0
2019-10-24 19:55:20,375 [Thread-189] INFO  impl.FollowerState (FollowerState.java:run(111)) - c3cc0179-ddd8-47c0-b315-a087be9c7d41@group-F276A0755E0F-FollowerState: change to CANDIDATE, lastRpcTime:5095ms, electionTimeout:5094ms
2019-10-24 19:55:20,381 [Thread-189] INFO  impl.RoleInfo (RoleInfo.java:shutdownFollowerState(121)) - c3cc0179-ddd8-47c0-b315-a087be9c7d41: shutdown FollowerState
2019-10-24 19:55:20,381 [Thread-189] INFO  impl.RaftServerImpl (RaftServerImpl.java:setRole(173)) - c3cc0179-ddd8-47c0-b315-a087be9c7d41@group-F276A0755E0F: changes role from  FOLLOWER to CANDIDATE at term 0 for changeToCandidate
2019-10-24 19:55:20,381 [Thread-189] INFO  impl.RoleInfo (RoleInfo.java:updateAndGet(143)) - c3cc0179-ddd8-47c0-b315-a087be9c7d41: start LeaderElection
2019-10-24 19:55:20,398 [c3cc0179-ddd8-47c0-b315-a087be9c7d41@group-F276A0755E0F-LeaderElection2] INFO  impl.LeaderElection (LeaderElection.java:askForVotes(178)) - c3cc0179-ddd8-47c0-b315-a087be9c7d41@group-F276A0755E0F-LeaderElection2: begin an election at term 1 for -1: [c3cc0179-ddd8-47c0-b315-a087be9c7d41:192.168.157.225:41798], old=null
2019-10-24 19:55:20,398 [c3cc0179-ddd8-47c0-b315-a087be9c7d41@group-F276A0755E0F-LeaderElection2] INFO  impl.RoleInfo (RoleInfo.java:shutdownLeaderElection(134)) - c3cc0179-ddd8-47c0-b315-a087be9c7d41: shutdown LeaderElection
2019-10-24 19:55:20,398 [c3cc0179-ddd8-47c0-b315-a087be9c7d41@group-F276A0755E0F-LeaderElection2] INFO  impl.RaftServerImpl (RaftServerImpl.java:setRole(173)) - c3cc0179-ddd8-47c0-b315-a087be9c7d41@group-F276A0755E0F: changes role from CANDIDATE to LEADER at term 1 for changeToLeader
2019-10-24 19:55:20,398 [c3cc0179-ddd8-47c0-b315-a087be9c7d41@group-F276A0755E0F-LeaderElection2] INFO  impl.RaftServerImpl (ServerState.java:setLeader(255)) - c3cc0179-ddd8-47c0-b315-a087be9c7d41@group-F276A0755E0F: change Leader from null to c3cc0179-ddd8-47c0-b315-a087be9c7d41 at term 1 for becomeLeader, leader elected after 5125ms
2019-10-24 19:55:20,398 [c3cc0179-ddd8-47c0-b315-a087be9c7d41@group-F276A0755E0F-LeaderElection2] INFO  server.RaftServerConfigKeys (ConfUtils.java:logGet(43)) - raft.server.staging.catchup.gap = 1000 (default)
2019-10-24 19:55:20,399 [c3cc0179-ddd8-47c0-b315-a087be9c7d41@group-F276A0755E0F-LeaderElection2] INFO  server.RaftServerConfigKeys (ConfUtils.java:logGet(43)) - raft.server.rpc.sleep.time = 25ms (default)
2019-10-24 19:55:20,399 [c3cc0179-ddd8-47c0-b315-a087be9c7d41@group-F276A0755E0F-LeaderElection2] INFO  server.RaftServerConfigKeys (ConfUtils.java:logGet(43)) - raft.server.write.element-limit = 4096 (default)
2019-10-24 19:55:20,399 [c3cc0179-ddd8-47c0-b315-a087be9c7d41@group-F276A0755E0F-LeaderElection2] INFO  server.RaftServerConfigKeys (ConfUtils.java:logGet(43)) - raft.server.watch.timeout = 10s (default)
2019-10-24 19:55:20,399 [c3cc0179-ddd8-47c0-b315-a087be9c7d41@group-F276A0755E0F-LeaderElection2] INFO  server.RaftServerConfigKeys (ConfUtils.java:logGet(43)) - raft.server.watch.timeout.denomination = 1s (default)
2019-10-24 19:55:20,399 [c3cc0179-ddd8-47c0-b315-a087be9c7d41@group-F276A0755E0F-LeaderElection2] INFO  server.RaftServerConfigKeys (ConfUtils.java:logGet(43)) - raft.server.watch.element-limit = 65536 (default)
2019-10-24 19:55:20,400 [c3cc0179-ddd8-47c0-b315-a087be9c7d41@group-F276A0755E0F-LeaderElection2] INFO  impl.RoleInfo (RoleInfo.java:updateAndGet(143)) - c3cc0179-ddd8-47c0-b315-a087be9c7d41: start LeaderState
2019-10-24 19:55:20,400 [c3cc0179-ddd8-47c0-b315-a087be9c7d41@group-F276A0755E0F-LeaderElection2] INFO  segmented.SegmentedRaftLogWorker (SegmentedRaftLogWorker.java:startLogSegment(385)) - c3cc0179-ddd8-47c0-b315-a087be9c7d41@group-F276A0755E0F-SegmentedRaftLogWorker: Starting segment from index:0
2019-10-24 19:55:20,400 [c3cc0179-ddd8-47c0-b315-a087be9c7d41@group-F276A0755E0F-LeaderElection2] INFO  impl.RaftServerImpl (ServerState.java:setRaftConf(356)) - c3cc0179-ddd8-47c0-b315-a087be9c7d41@group-F276A0755E0F: set configuration 0: [c3cc0179-ddd8-47c0-b315-a087be9c7d41:192.168.157.225:41798], old=null at 0
2019-10-24 19:55:20,474 [Thread-198] INFO  impl.FollowerState (FollowerState.java:run(111)) - c0eea3b1-3778-46c9-978b-a52b9082cf96@group-93BD2C6E36FF-FollowerState: change to CANDIDATE, lastRpcTime:5033ms, electionTimeout:5033ms
2019-10-24 19:55:20,475 [Thread-192] INFO  impl.FollowerState (FollowerState.java:run(111)) - c0eea3b1-3778-46c9-978b-a52b9082cf96@group-DB9FC0EF1E26-FollowerState: change to CANDIDATE, lastRpcTime:5116ms, electionTimeout:5115ms
2019-10-24 19:55:20,475 [Thread-198] INFO  impl.RoleInfo (RoleInfo.java:shutdownFollowerState(121)) - c0eea3b1-3778-46c9-978b-a52b9082cf96: shutdown FollowerState
2019-10-24 19:55:20,476 [Thread-192] INFO  impl.RoleInfo (RoleInfo.java:shutdownFollowerState(121)) - c0eea3b1-3778-46c9-978b-a52b9082cf96: shutdown FollowerState
2019-10-24 19:55:20,476 [Thread-198] INFO  impl.RaftServerImpl (RaftServerImpl.java:setRole(173)) - c0eea3b1-3778-46c9-978b-a52b9082cf96@group-93BD2C6E36FF: changes role from  FOLLOWER to CANDIDATE at term 0 for changeToCandidate
2019-10-24 19:55:20,476 [Thread-192] INFO  impl.RaftServerImpl (RaftServerImpl.java:setRole(173)) - c0eea3b1-3778-46c9-978b-a52b9082cf96@group-DB9FC0EF1E26: changes role from  FOLLOWER to CANDIDATE at term 0 for changeToCandidate
2019-10-24 19:55:20,476 [Thread-198] INFO  impl.RoleInfo (RoleInfo.java:updateAndGet(143)) - c0eea3b1-3778-46c9-978b-a52b9082cf96: start LeaderElection
2019-10-24 19:55:20,476 [Thread-192] INFO  impl.RoleInfo (RoleInfo.java:updateAndGet(143)) - c0eea3b1-3778-46c9-978b-a52b9082cf96: start LeaderElection
2019-10-24 19:55:20,495 [c0eea3b1-3778-46c9-978b-a52b9082cf96@group-DB9FC0EF1E26-LeaderElection4] INFO  impl.LeaderElection (LeaderElection.java:askForVotes(178)) - c0eea3b1-3778-46c9-978b-a52b9082cf96@group-DB9FC0EF1E26-LeaderElection4: begin an election at term 1 for -1: [c0eea3b1-3778-46c9-978b-a52b9082cf96:192.168.157.225:33218], old=null
2019-10-24 19:55:20,495 [c0eea3b1-3778-46c9-978b-a52b9082cf96@group-93BD2C6E36FF-LeaderElection3] INFO  impl.LeaderElection (LeaderElection.java:askForVotes(178)) - c0eea3b1-3778-46c9-978b-a52b9082cf96@group-93BD2C6E36FF-LeaderElection3: begin an election at term 1 for -1: [c0eea3b1-3778-46c9-978b-a52b9082cf96:192.168.157.225:33218, c3cc0179-ddd8-47c0-b315-a087be9c7d41:192.168.157.225:41798, 6ca7c49d-0fb9-47a0-84fc-ca56d60725ba:192.168.157.225:39925], old=null
2019-10-24 19:55:20,496 [c0eea3b1-3778-46c9-978b-a52b9082cf96@group-DB9FC0EF1E26-LeaderElection4] INFO  impl.RoleInfo (RoleInfo.java:shutdownLeaderElection(134)) - c0eea3b1-3778-46c9-978b-a52b9082cf96: shutdown LeaderElection
2019-10-24 19:55:20,496 [c0eea3b1-3778-46c9-978b-a52b9082cf96@group-DB9FC0EF1E26-LeaderElection4] INFO  impl.RaftServerImpl (RaftServerImpl.java:setRole(173)) - c0eea3b1-3778-46c9-978b-a52b9082cf96@group-DB9FC0EF1E26: changes role from CANDIDATE to LEADER at term 1 for changeToLeader
2019-10-24 19:55:20,496 [c0eea3b1-3778-46c9-978b-a52b9082cf96@group-DB9FC0EF1E26-LeaderElection4] INFO  impl.RaftServerImpl (ServerState.java:setLeader(255)) - c0eea3b1-3778-46c9-978b-a52b9082cf96@group-DB9FC0EF1E26: change Leader from null to c0eea3b1-3778-46c9-978b-a52b9082cf96 at term 1 for becomeLeader, leader elected after 5142ms
2019-10-24 19:55:20,496 [c0eea3b1-3778-46c9-978b-a52b9082cf96@group-DB9FC0EF1E26-LeaderElection4] INFO  server.RaftServerConfigKeys (ConfUtils.java:logGet(43)) - raft.server.staging.catchup.gap = 1000 (default)
2019-10-24 19:55:20,496 [c0eea3b1-3778-46c9-978b-a52b9082cf96@group-DB9FC0EF1E26-LeaderElection4] INFO  server.RaftServerConfigKeys (ConfUtils.java:logGet(43)) - raft.server.rpc.sleep.time = 25ms (default)
2019-10-24 19:55:20,497 [c0eea3b1-3778-46c9-978b-a52b9082cf96@group-DB9FC0EF1E26-LeaderElection4] INFO  server.RaftServerConfigKeys (ConfUtils.java:logGet(43)) - raft.server.write.element-limit = 4096 (default)
2019-10-24 19:55:20,497 [c0eea3b1-3778-46c9-978b-a52b9082cf96@group-DB9FC0EF1E26-LeaderElection4] INFO  server.RaftServerConfigKeys (ConfUtils.java:logGet(43)) - raft.server.watch.timeout = 10s (default)
2019-10-24 19:55:20,497 [c0eea3b1-3778-46c9-978b-a52b9082cf96@group-DB9FC0EF1E26-LeaderElection4] INFO  server.RaftServerConfigKeys (ConfUtils.java:logGet(43)) - raft.server.watch.timeout.denomination = 1s (default)
2019-10-24 19:55:20,497 [c0eea3b1-3778-46c9-978b-a52b9082cf96@group-DB9FC0EF1E26-LeaderElection4] INFO  server.RaftServerConfigKeys (ConfUtils.java:logGet(43)) - raft.server.watch.element-limit = 65536 (default)
2019-10-24 19:55:20,498 [c0eea3b1-3778-46c9-978b-a52b9082cf96@group-DB9FC0EF1E26-LeaderElection4] INFO  impl.RoleInfo (RoleInfo.java:updateAndGet(143)) - c0eea3b1-3778-46c9-978b-a52b9082cf96: start LeaderState
2019-10-24 19:55:20,498 [c0eea3b1-3778-46c9-978b-a52b9082cf96@group-DB9FC0EF1E26-LeaderElection4] INFO  segmented.SegmentedRaftLogWorker (SegmentedRaftLogWorker.java:startLogSegment(385)) - c0eea3b1-3778-46c9-978b-a52b9082cf96@group-DB9FC0EF1E26-SegmentedRaftLogWorker: Starting segment from index:0
2019-10-24 19:55:20,499 [c0eea3b1-3778-46c9-978b-a52b9082cf96@group-DB9FC0EF1E26-LeaderElection4] INFO  impl.RaftServerImpl (ServerState.java:setRaftConf(356)) - c0eea3b1-3778-46c9-978b-a52b9082cf96@group-DB9FC0EF1E26: set configuration 0: [c0eea3b1-3778-46c9-978b-a52b9082cf96:192.168.157.225:33218], old=null at 0
2019-10-24 19:55:20,550 [Thread-199] INFO  impl.FollowerState (FollowerState.java:run(111)) - c3cc0179-ddd8-47c0-b315-a087be9c7d41@group-93BD2C6E36FF-FollowerState: change to CANDIDATE, lastRpcTime:5109ms, electionTimeout:5109ms
2019-10-24 19:55:20,551 [Thread-199] INFO  impl.RoleInfo (RoleInfo.java:shutdownFollowerState(121)) - c3cc0179-ddd8-47c0-b315-a087be9c7d41: shutdown FollowerState
2019-10-24 19:55:20,551 [Thread-199] INFO  impl.RaftServerImpl (RaftServerImpl.java:setRole(173)) - c3cc0179-ddd8-47c0-b315-a087be9c7d41@group-93BD2C6E36FF: changes role from  FOLLOWER to CANDIDATE at term 0 for changeToCandidate
2019-10-24 19:55:20,551 [c3cc0179-ddd8-47c0-b315-a087be9c7d41@group-F276A0755E0F-SegmentedRaftLogWorker] INFO  segmented.SegmentedRaftLogWorker (SegmentedRaftLogWorker.java:execute(576)) - c3cc0179-ddd8-47c0-b315-a087be9c7d41@group-F276A0755E0F-SegmentedRaftLogWorker: created new log segment /workdir/hadoop-ozone/integration-test/target/test-dir/MiniOzoneClusterImpl-32c601bb-365b-4896-b1e0-aac658e6a95a/datanode-1/data/ratis/926d0e26-7778-4bbc-af0c-f276a0755e0f/current/log_inprogress_0
2019-10-24 19:55:20,551 [c0eea3b1-3778-46c9-978b-a52b9082cf96@group-DB9FC0EF1E26-SegmentedRaftLogWorker] INFO  segmented.SegmentedRaftLogWorker (SegmentedRaftLogWorker.java:execute(576)) - c0eea3b1-3778-46c9-978b-a52b9082cf96@group-DB9FC0EF1E26-SegmentedRaftLogWorker: created new log segment /workdir/hadoop-ozone/integration-test/target/test-dir/MiniOzoneClusterImpl-32c601bb-365b-4896-b1e0-aac658e6a95a/datanode-2/data/ratis/4ebc4fb8-4f87-44fa-8b23-db9fc0ef1e26/current/log_inprogress_0
2019-10-24 19:55:20,551 [6ca7c49d-0fb9-47a0-84fc-ca56d60725ba@group-2EE4A34776F8-SegmentedRaftLogWorker] INFO  segmented.SegmentedRaftLogWorker (SegmentedRaftLogWorker.java:execute(576)) - 6ca7c49d-0fb9-47a0-84fc-ca56d60725ba@group-2EE4A34776F8-SegmentedRaftLogWorker: created new log segment /workdir/hadoop-ozone/integration-test/target/test-dir/MiniOzoneClusterImpl-32c601bb-365b-4896-b1e0-aac658e6a95a/datanode-0/data/ratis/d9b95e73-b0a3-4f73-9eb0-2ee4a34776f8/current/log_inprogress_0
2019-10-24 19:55:20,551 [Thread-199] INFO  impl.RoleInfo (RoleInfo.java:updateAndGet(143)) - c3cc0179-ddd8-47c0-b315-a087be9c7d41: start LeaderElection
2019-10-24 19:55:20,560 [grpc-default-executor-2] INFO  impl.RaftServerImpl (RaftServerImpl.java:setRole(173)) - 6ca7c49d-0fb9-47a0-84fc-ca56d60725ba@group-93BD2C6E36FF: changes role from  FOLLOWER to FOLLOWER at term 1 for recognizeCandidate:c0eea3b1-3778-46c9-978b-a52b9082cf96
2019-10-24 19:55:20,561 [grpc-default-executor-2] INFO  impl.RoleInfo (RoleInfo.java:shutdownFollowerState(121)) - 6ca7c49d-0fb9-47a0-84fc-ca56d60725ba: shutdown FollowerState
2019-10-24 19:55:20,561 [Thread-197] INFO  impl.FollowerState (FollowerState.java:run(120)) - 6ca7c49d-0fb9-47a0-84fc-ca56d60725ba@group-93BD2C6E36FF-FollowerState was interrupted: java.lang.InterruptedException: sleep interrupted
2019-10-24 19:55:20,561 [grpc-default-executor-2] INFO  impl.RoleInfo (RoleInfo.java:updateAndGet(143)) - 6ca7c49d-0fb9-47a0-84fc-ca56d60725ba: start FollowerState
2019-10-24 19:55:20,578 [c3cc0179-ddd8-47c0-b315-a087be9c7d41@group-93BD2C6E36FF-LeaderElection5] INFO  impl.LeaderElection (LeaderElection.java:askForVotes(178)) - c3cc0179-ddd8-47c0-b315-a087be9c7d41@group-93BD2C6E36FF-LeaderElection5: begin an election at term 1 for -1: [c0eea3b1-3778-46c9-978b-a52b9082cf96:192.168.157.225:33218, c3cc0179-ddd8-47c0-b315-a087be9c7d41:192.168.157.225:41798, 6ca7c49d-0fb9-47a0-84fc-ca56d60725ba:192.168.157.225:39925], old=null
2019-10-24 19:55:20,594 [c0eea3b1-3778-46c9-978b-a52b9082cf96@group-93BD2C6E36FF-LeaderElection3] INFO  impl.LeaderElection (LeaderElection.java:logAndReturn(56)) - c0eea3b1-3778-46c9-978b-a52b9082cf96@group-93BD2C6E36FF-LeaderElection3: Election PASSED; received 2 response(s) [c0eea3b1-3778-46c9-978b-a52b9082cf96<-c3cc0179-ddd8-47c0-b315-a087be9c7d41#0:FAIL-t1, c0eea3b1-3778-46c9-978b-a52b9082cf96<-6ca7c49d-0fb9-47a0-84fc-ca56d60725ba#0:OK-t1] and 0 exception(s); c0eea3b1-3778-46c9-978b-a52b9082cf96@group-93BD2C6E36FF:t1, leader=null, voted=c0eea3b1-3778-46c9-978b-a52b9082cf96, raftlog=c0eea3b1-3778-46c9-978b-a52b9082cf96@group-93BD2C6E36FF-SegmentedRaftLog:OPENED:c-1,f-1,i0, conf=-1: [c0eea3b1-3778-46c9-978b-a52b9082cf96:192.168.157.225:33218, c3cc0179-ddd8-47c0-b315-a087be9c7d41:192.168.157.225:41798, 6ca7c49d-0fb9-47a0-84fc-ca56d60725ba:192.168.157.225:39925], old=null
2019-10-24 19:55:20,594 [c0eea3b1-3778-46c9-978b-a52b9082cf96@group-93BD2C6E36FF-LeaderElection3] INFO  impl.RoleInfo (RoleInfo.java:shutdownLeaderElection(134)) - c0eea3b1-3778-46c9-978b-a52b9082cf96: shutdown LeaderElection
2019-10-24 19:55:20,594 [c0eea3b1-3778-46c9-978b-a52b9082cf96@group-93BD2C6E36FF-LeaderElection3] INFO  impl.RaftServerImpl (RaftServerImpl.java:setRole(173)) - c0eea3b1-3778-46c9-978b-a52b9082cf96@group-93BD2C6E36FF: changes role from CANDIDATE to LEADER at term 1 for changeToLeader
2019-10-24 19:55:20,596 [c0eea3b1-3778-46c9-978b-a52b9082cf96@group-93BD2C6E36FF-LeaderElection3] INFO  impl.RaftServerImpl (ServerState.java:setLeader(255)) - c0eea3b1-3778-46c9-978b-a52b9082cf96@group-93BD2C6E36FF: change Leader from null to c0eea3b1-3778-46c9-978b-a52b9082cf96 at term 1 for becomeLeader, leader elected after 5165ms
2019-10-24 19:55:20,596 [c0eea3b1-3778-46c9-978b-a52b9082cf96@group-93BD2C6E36FF-LeaderElection3] INFO  server.RaftServerConfigKeys (ConfUtils.java:logGet(43)) - raft.server.staging.catchup.gap = 1000 (default)
2019-10-24 19:55:20,596 [c0eea3b1-3778-46c9-978b-a52b9082cf96@group-93BD2C6E36FF-LeaderElection3] INFO  server.RaftServerConfigKeys (ConfUtils.java:logGet(43)) - raft.server.rpc.sleep.time = 25ms (default)
2019-10-24 19:55:20,596 [c0eea3b1-3778-46c9-978b-a52b9082cf96@group-93BD2C6E36FF-LeaderElection3] INFO  server.RaftServerConfigKeys (ConfUtils.java:logGet(43)) - raft.server.write.element-limit = 4096 (default)
2019-10-24 19:55:20,596 [c0eea3b1-3778-46c9-978b-a52b9082cf96@group-93BD2C6E36FF-LeaderElection3] INFO  server.RaftServerConfigKeys (ConfUtils.java:logGet(43)) - raft.server.watch.timeout = 10s (default)
2019-10-24 19:55:20,597 [c0eea3b1-3778-46c9-978b-a52b9082cf96@group-93BD2C6E36FF-LeaderElection3] INFO  server.RaftServerConfigKeys (ConfUtils.java:logGet(43)) - raft.server.watch.timeout.denomination = 1s (default)
2019-10-24 19:55:20,597 [c0eea3b1-3778-46c9-978b-a52b9082cf96@group-93BD2C6E36FF-LeaderElection3] INFO  server.RaftServerConfigKeys (ConfUtils.java:logGet(43)) - raft.server.watch.element-limit = 65536 (default)
2019-10-24 19:55:20,603 [c0eea3b1-3778-46c9-978b-a52b9082cf96@group-93BD2C6E36FF-LeaderElection3] INFO  server.RaftServerConfigKeys (ConfUtils.java:logGet(43)) - raft.server.log.appender.snapshot.chunk.size.max = 16MB (=16777216) (default)
2019-10-24 19:55:20,603 [c0eea3b1-3778-46c9-978b-a52b9082cf96@group-93BD2C6E36FF-LeaderElection3] INFO  server.RaftServerConfigKeys (ConfUtils.java:logGet(43)) - raft.server.log.appender.buffer.byte-limit = 33554432 (custom)
2019-10-24 19:55:20,605 [c0eea3b1-3778-46c9-978b-a52b9082cf96@group-93BD2C6E36FF-LeaderElection3] INFO  server.RaftServerConfigKeys (ConfUtils.java:logGet(43)) - raft.server.log.appender.buffer.element-limit = 1 (custom)
2019-10-24 19:55:20,609 [c0eea3b1-3778-46c9-978b-a52b9082cf96@group-93BD2C6E36FF-LeaderElection3] INFO  grpc.GrpcConfigKeys$Server (ConfUtils.java:logGet(43)) - raft.grpc.server.leader.outstanding.appends.max = 128 (default)
2019-10-24 19:55:20,609 [c0eea3b1-3778-46c9-978b-a52b9082cf96@group-93BD2C6E36FF-LeaderElection3] INFO  server.RaftServerConfigKeys (ConfUtils.java:logGet(43)) - raft.server.rpc.request.timeout = 3000ms (default)
2019-10-24 19:55:20,609 [c0eea3b1-3778-46c9-978b-a52b9082cf96@group-93BD2C6E36FF-LeaderElection3] INFO  server.RaftServerConfigKeys (ConfUtils.java:logGet(43)) - raft.server.log.appender.install.snapshot.enabled = false (custom)
2019-10-24 19:55:20,611 [c0eea3b1-3778-46c9-978b-a52b9082cf96@group-93BD2C6E36FF-LeaderElection3] WARN  impl.MetricRegistriesImpl (MetricRegistriesImpl.java:lambda$create$1(61)) - First MetricRegistry has been created without registering reporters. You may need to call MetricRegistries.global().addReportRegistration(...) before.
2019-10-24 19:55:20,612 [c0eea3b1-3778-46c9-978b-a52b9082cf96@group-93BD2C6E36FF-LeaderElection3] INFO  server.RaftServerConfigKeys (ConfUtils.java:logGet(43)) - raft.server.log.appender.snapshot.chunk.size.max = 16MB (=16777216) (default)
2019-10-24 19:55:20,612 [c0eea3b1-3778-46c9-978b-a52b9082cf96@group-93BD2C6E36FF-LeaderElection3] INFO  server.RaftServerConfigKeys (ConfUtils.java:logGet(43)) - raft.server.log.appender.buffer.byte-limit = 33554432 (custom)
2019-10-24 19:55:20,612 [c0eea3b1-3778-46c9-978b-a52b9082cf96@group-93BD2C6E36FF-LeaderElection3] INFO  server.RaftServerConfigKeys (ConfUtils.java:logGet(43)) - raft.server.log.appender.buffer.element-limit = 1 (custom)
2019-10-24 19:55:20,612 [c0eea3b1-3778-46c9-978b-a52b9082cf96@group-93BD2C6E36FF-LeaderElection3] INFO  grpc.GrpcConfigKeys$Server (ConfUtils.java:logGet(43)) - raft.grpc.server.leader.outstanding.appends.max = 128 (default)
2019-10-24 19:55:20,613 [c0eea3b1-3778-46c9-978b-a52b9082cf96@group-93BD2C6E36FF-LeaderElection3] INFO  server.RaftServerConfigKeys (ConfUtils.java:logGet(43)) - raft.server.rpc.request.timeout = 3000ms (default)
2019-10-24 19:55:20,613 [c0eea3b1-3778-46c9-978b-a52b9082cf96@group-93BD2C6E36FF-LeaderElection3] INFO  server.RaftServerConfigKeys (ConfUtils.java:logGet(43)) - raft.server.log.appender.install.snapshot.enabled = false (custom)
2019-10-24 19:55:20,614 [c0eea3b1-3778-46c9-978b-a52b9082cf96@group-93BD2C6E36FF-LeaderElection3] INFO  impl.RoleInfo (RoleInfo.java:updateAndGet(143)) - c0eea3b1-3778-46c9-978b-a52b9082cf96: start LeaderState
2019-10-24 19:55:20,615 [c0eea3b1-3778-46c9-978b-a52b9082cf96@group-93BD2C6E36FF-LeaderElection3] INFO  segmented.SegmentedRaftLogWorker (SegmentedRaftLogWorker.java:startLogSegment(385)) - c0eea3b1-3778-46c9-978b-a52b9082cf96@group-93BD2C6E36FF-SegmentedRaftLogWorker: Starting segment from index:0
2019-10-24 19:55:20,616 [c0eea3b1-3778-46c9-978b-a52b9082cf96@group-93BD2C6E36FF-LeaderElection3] INFO  impl.RaftServerImpl (ServerState.java:setRaftConf(356)) - c0eea3b1-3778-46c9-978b-a52b9082cf96@group-93BD2C6E36FF: set configuration 0: [c0eea3b1-3778-46c9-978b-a52b9082cf96:192.168.157.225:33218, c3cc0179-ddd8-47c0-b315-a087be9c7d41:192.168.157.225:41798, 6ca7c49d-0fb9-47a0-84fc-ca56d60725ba:192.168.157.225:39925], old=null at 0
2019-10-24 19:55:20,644 [grpc-default-executor-3] INFO  impl.RaftServerImpl (RaftServerImpl.java:requestVote(776)) - c0eea3b1-3778-46c9-978b-a52b9082cf96@group-93BD2C6E36FF-   LEADER: Withhold vote from candidate c3cc0179-ddd8-47c0-b315-a087be9c7d41 with term 1. State: leader=c0eea3b1-3778-46c9-978b-a52b9082cf96, term=1, lastRpcElapsed=null
2019-10-24 19:55:20,653 [c3cc0179-ddd8-47c0-b315-a087be9c7d41@group-93BD2C6E36FF-LeaderElection5] INFO  impl.LeaderElection (LeaderElection.java:logAndReturn(56)) - c3cc0179-ddd8-47c0-b315-a087be9c7d41@group-93BD2C6E36FF-LeaderElection5: Election REJECTED; received 2 response(s) [c3cc0179-ddd8-47c0-b315-a087be9c7d41<-c0eea3b1-3778-46c9-978b-a52b9082cf96#0:FAIL-t1, c3cc0179-ddd8-47c0-b315-a087be9c7d41<-6ca7c49d-0fb9-47a0-84fc-ca56d60725ba#0:FAIL-t1] and 0 exception(s); c3cc0179-ddd8-47c0-b315-a087be9c7d41@group-93BD2C6E36FF:t1, leader=null, voted=c3cc0179-ddd8-47c0-b315-a087be9c7d41, raftlog=c3cc0179-ddd8-47c0-b315-a087be9c7d41@group-93BD2C6E36FF-SegmentedRaftLog:OPENED:c-1,f-1,i0, conf=-1: [c0eea3b1-3778-46c9-978b-a52b9082cf96:192.168.157.225:33218, c3cc0179-ddd8-47c0-b315-a087be9c7d41:192.168.157.225:41798, 6ca7c49d-0fb9-47a0-84fc-ca56d60725ba:192.168.157.225:39925], old=null
2019-10-24 19:55:20,654 [c3cc0179-ddd8-47c0-b315-a087be9c7d41@group-93BD2C6E36FF-LeaderElection5] INFO  impl.RaftServerImpl (RaftServerImpl.java:setRole(173)) - c3cc0179-ddd8-47c0-b315-a087be9c7d41@group-93BD2C6E36FF: changes role from CANDIDATE to FOLLOWER at term 1 for DISCOVERED_A_NEW_TERM
2019-10-24 19:55:20,654 [c3cc0179-ddd8-47c0-b315-a087be9c7d41@group-93BD2C6E36FF-LeaderElection5] INFO  impl.RoleInfo (RoleInfo.java:shutdownLeaderElection(134)) - c3cc0179-ddd8-47c0-b315-a087be9c7d41: shutdown LeaderElection
2019-10-24 19:55:20,655 [c3cc0179-ddd8-47c0-b315-a087be9c7d41@group-93BD2C6E36FF-LeaderElection5] INFO  impl.RoleInfo (RoleInfo.java:updateAndGet(143)) - c3cc0179-ddd8-47c0-b315-a087be9c7d41: start FollowerState
2019-10-24 19:55:20,665 [c0eea3b1-3778-46c9-978b-a52b9082cf96@group-93BD2C6E36FF-SegmentedRaftLogWorker] INFO  segmented.SegmentedRaftLogWorker (SegmentedRaftLogWorker.java:execute(576)) - c0eea3b1-3778-46c9-978b-a52b9082cf96@group-93BD2C6E36FF-SegmentedRaftLogWorker: created new log segment /workdir/hadoop-ozone/integration-test/target/test-dir/MiniOzoneClusterImpl-32c601bb-365b-4896-b1e0-aac658e6a95a/datanode-2/data/ratis/e974d4ac-588e-46db-a85b-93bd2c6e36ff/current/log_inprogress_0
2019-10-24 19:55:20,669 [grpc-default-executor-2] INFO  impl.RaftServerImpl (ServerState.java:setLeader(255)) - c3cc0179-ddd8-47c0-b315-a087be9c7d41@group-93BD2C6E36FF: change Leader from null to c0eea3b1-3778-46c9-978b-a52b9082cf96 at term 1 for appendEntries, leader elected after 5238ms
2019-10-24 19:55:20,669 [grpc-default-executor-3] INFO  impl.RaftServerImpl (ServerState.java:setLeader(255)) - 6ca7c49d-0fb9-47a0-84fc-ca56d60725ba@group-93BD2C6E36FF: change Leader from null to c0eea3b1-3778-46c9-978b-a52b9082cf96 at term 1 for appendEntries, leader elected after 5238ms
2019-10-24 19:55:20,695 [grpc-default-executor-2] INFO  impl.RaftServerImpl (ServerState.java:setRaftConf(356)) - c3cc0179-ddd8-47c0-b315-a087be9c7d41@group-93BD2C6E36FF: set configuration 0: [c0eea3b1-3778-46c9-978b-a52b9082cf96:192.168.157.225:33218, c3cc0179-ddd8-47c0-b315-a087be9c7d41:192.168.157.225:41798, 6ca7c49d-0fb9-47a0-84fc-ca56d60725ba:192.168.157.225:39925], old=null at 0
2019-10-24 19:55:20,695 [grpc-default-executor-3] INFO  impl.RaftServerImpl (ServerState.java:setRaftConf(356)) - 6ca7c49d-0fb9-47a0-84fc-ca56d60725ba@group-93BD2C6E36FF: set configuration 0: [c0eea3b1-3778-46c9-978b-a52b9082cf96:192.168.157.225:33218, c3cc0179-ddd8-47c0-b315-a087be9c7d41:192.168.157.225:41798, 6ca7c49d-0fb9-47a0-84fc-ca56d60725ba:192.168.157.225:39925], old=null at 0
2019-10-24 19:55:20,695 [grpc-default-executor-2] INFO  segmented.SegmentedRaftLogWorker (SegmentedRaftLogWorker.java:startLogSegment(385)) - c3cc0179-ddd8-47c0-b315-a087be9c7d41@group-93BD2C6E36FF-SegmentedRaftLogWorker: Starting segment from index:0
2019-10-24 19:55:20,696 [grpc-default-executor-3] INFO  segmented.SegmentedRaftLogWorker (SegmentedRaftLogWorker.java:startLogSegment(385)) - 6ca7c49d-0fb9-47a0-84fc-ca56d60725ba@group-93BD2C6E36FF-SegmentedRaftLogWorker: Starting segment from index:0
2019-10-24 19:55:20,744 [c3cc0179-ddd8-47c0-b315-a087be9c7d41@group-93BD2C6E36FF-SegmentedRaftLogWorker] INFO  segmented.SegmentedRaftLogWorker (SegmentedRaftLogWorker.java:execute(576)) - c3cc0179-ddd8-47c0-b315-a087be9c7d41@group-93BD2C6E36FF-SegmentedRaftLogWorker: created new log segment /workdir/hadoop-ozone/integration-test/target/test-dir/MiniOzoneClusterImpl-32c601bb-365b-4896-b1e0-aac658e6a95a/datanode-1/data/ratis/e974d4ac-588e-46db-a85b-93bd2c6e36ff/current/log_inprogress_0
2019-10-24 19:55:20,744 [6ca7c49d-0fb9-47a0-84fc-ca56d60725ba@group-93BD2C6E36FF-SegmentedRaftLogWorker] INFO  segmented.SegmentedRaftLogWorker (SegmentedRaftLogWorker.java:execute(576)) - 6ca7c49d-0fb9-47a0-84fc-ca56d60725ba@group-93BD2C6E36FF-SegmentedRaftLogWorker: created new log segment /workdir/hadoop-ozone/integration-test/target/test-dir/MiniOzoneClusterImpl-32c601bb-365b-4896-b1e0-aac658e6a95a/datanode-0/data/ratis/e974d4ac-588e-46db-a85b-93bd2c6e36ff/current/log_inprogress_0
2019-10-24 19:55:21,569 [Datanode State Machine Thread - 0] INFO  statemachine.DatanodeStateMachine (DatanodeStateMachine.java:lambda$startDaemon$0(350)) - Ozone container server started.
2019-10-24 19:55:26,570 [main] INFO  ozoneimpl.OzoneContainer (OzoneContainer.java:stop(227)) - Attempting to stop container services.
2019-10-24 19:55:26,571 [main] INFO  impl.RaftServerProxy (RaftServerProxy.java:lambda$close$4(314)) - c3cc0179-ddd8-47c0-b315-a087be9c7d41: close
2019-10-24 19:55:26,573 [main] INFO  impl.RaftServerImpl (RaftServerImpl.java:lambda$shutdown$3(250)) - c3cc0179-ddd8-47c0-b315-a087be9c7d41@group-93BD2C6E36FF: shutdown
2019-10-24 19:55:26,574 [main] INFO  util.JmxRegister (JmxRegister.java:unregister(73)) - Successfully un-registered JMX Bean with object name Ratis:service=RaftServer,group=group-93BD2C6E36FF,id=c3cc0179-ddd8-47c0-b315-a087be9c7d41
2019-10-24 19:55:26,574 [main] INFO  impl.RoleInfo (RoleInfo.java:shutdownFollowerState(121)) - c3cc0179-ddd8-47c0-b315-a087be9c7d41: shutdown FollowerState
2019-10-24 19:55:26,574 [main] INFO  impl.StateMachineUpdater (StateMachineUpdater.java:stopAndJoin(136)) - c3cc0179-ddd8-47c0-b315-a087be9c7d41@group-93BD2C6E36FF-StateMachineUpdater: set stopIndex = 4
2019-10-24 19:55:26,575 [c3cc0179-ddd8-47c0-b315-a087be9c7d41@group-93BD2C6E36FF-StateMachineUpdater] INFO  ratis.ContainerStateMachine (ContainerStateMachine.java:takeSnapshot(294)) - group-93BD2C6E36FF: Taking a snapshot at:(t:1, i:3) file /workdir/hadoop-ozone/integration-test/target/test-dir/MiniOzoneClusterImpl-32c601bb-365b-4896-b1e0-aac658e6a95a/datanode-1/data/ratis/e974d4ac-588e-46db-a85b-93bd2c6e36ff/sm/snapshot.1_3
2019-10-24 19:55:26,574 [Thread-247] INFO  impl.FollowerState (FollowerState.java:run(120)) - c3cc0179-ddd8-47c0-b315-a087be9c7d41@group-93BD2C6E36FF-FollowerState was interrupted: java.lang.InterruptedException: sleep interrupted
2019-10-24 19:55:26,700 [c3cc0179-ddd8-47c0-b315-a087be9c7d41@group-93BD2C6E36FF-StateMachineUpdater] INFO  ratis.ContainerStateMachine (ContainerStateMachine.java:takeSnapshot(305)) - group-93BD2C6E36FF: Finished taking a snapshot at:(t:1, i:3) file:/workdir/hadoop-ozone/integration-test/target/test-dir/MiniOzoneClusterImpl-32c601bb-365b-4896-b1e0-aac658e6a95a/datanode-1/data/ratis/e974d4ac-588e-46db-a85b-93bd2c6e36ff/sm/snapshot.1_3 time:126
2019-10-24 19:55:26,702 [c3cc0179-ddd8-47c0-b315-a087be9c7d41@group-93BD2C6E36FF-StateMachineUpdater] INFO  impl.StateMachineUpdater (StateMachineUpdater.java:takeSnapshot(269)) - c3cc0179-ddd8-47c0-b315-a087be9c7d41@group-93BD2C6E36FF-StateMachineUpdater: Took a snapshot at index 3
2019-10-24 19:55:26,704 [c3cc0179-ddd8-47c0-b315-a087be9c7d41@group-93BD2C6E36FF-StateMachineUpdater] INFO  impl.StateMachineUpdater (StateMachineUpdater.java:lambda$new$0(84)) - c3cc0179-ddd8-47c0-b315-a087be9c7d41@group-93BD2C6E36FF-StateMachineUpdater: snapshotIndex: updateIncreasingly -1 -> 3
2019-10-24 19:55:26,709 [c3cc0179-ddd8-47c0-b315-a087be9c7d41@group-93BD2C6E36FF-StateMachineUpdater] INFO  ratis.ContainerStateMachine (ContainerStateMachine.java:takeSnapshot(294)) - group-93BD2C6E36FF: Taking a snapshot at:(t:1, i:3) file /workdir/hadoop-ozone/integration-test/target/test-dir/MiniOzoneClusterImpl-32c601bb-365b-4896-b1e0-aac658e6a95a/datanode-1/data/ratis/e974d4ac-588e-46db-a85b-93bd2c6e36ff/sm/snapshot.1_3
2019-10-24 19:55:26,712 [c3cc0179-ddd8-47c0-b315-a087be9c7d41@group-93BD2C6E36FF-StateMachineUpdater] INFO  ratis.ContainerStateMachine (ContainerStateMachine.java:takeSnapshot(305)) - group-93BD2C6E36FF: Finished taking a snapshot at:(t:1, i:3) file:/workdir/hadoop-ozone/integration-test/target/test-dir/MiniOzoneClusterImpl-32c601bb-365b-4896-b1e0-aac658e6a95a/datanode-1/data/ratis/e974d4ac-588e-46db-a85b-93bd2c6e36ff/sm/snapshot.1_3 time:2
2019-10-24 19:55:26,712 [c3cc0179-ddd8-47c0-b315-a087be9c7d41@group-93BD2C6E36FF-StateMachineUpdater] INFO  impl.StateMachineUpdater (StateMachineUpdater.java:takeSnapshot(269)) - c3cc0179-ddd8-47c0-b315-a087be9c7d41@group-93BD2C6E36FF-StateMachineUpdater: Took a snapshot at index 3
2019-10-24 19:55:26,712 [c3cc0179-ddd8-47c0-b315-a087be9c7d41@group-93BD2C6E36FF-StateMachineUpdater] INFO  impl.StateMachineUpdater (StateMachineUpdater.java:lambda$new$0(84)) - c3cc0179-ddd8-47c0-b315-a087be9c7d41@group-93BD2C6E36FF-StateMachineUpdater: snapshotIndex: updateIncreasingly 3 -> 3
2019-10-24 19:55:26,713 [main] INFO  impl.RaftServerImpl (ServerState.java:close(387)) - c3cc0179-ddd8-47c0-b315-a087be9c7d41@group-93BD2C6E36FF: closes. applyIndex: 4
2019-10-24 19:55:26,716 [c3cc0179-ddd8-47c0-b315-a087be9c7d41@group-93BD2C6E36FF-SegmentedRaftLogWorker] INFO  segmented.SegmentedRaftLogWorker (SegmentedRaftLogWorker.java:run(316)) - c3cc0179-ddd8-47c0-b315-a087be9c7d41@group-93BD2C6E36FF-SegmentedRaftLogWorker was interrupted, exiting. There are 0 tasks remaining in the queue.
2019-10-24 19:55:26,719 [main] INFO  segmented.SegmentedRaftLogWorker (SegmentedRaftLogWorker.java:close(224)) - c3cc0179-ddd8-47c0-b315-a087be9c7d41@group-93BD2C6E36FF-SegmentedRaftLogWorker close()
2019-10-24 19:55:26,722 [main] INFO  impl.RaftServerImpl (RaftServerImpl.java:lambda$shutdown$3(250)) - c3cc0179-ddd8-47c0-b315-a087be9c7d41@group-F276A0755E0F: shutdown
2019-10-24 19:55:26,722 [main] INFO  util.JmxRegister (JmxRegister.java:unregister(73)) - Successfully un-registered JMX Bean with object name Ratis:service=RaftServer,group=group-F276A0755E0F,id=c3cc0179-ddd8-47c0-b315-a087be9c7d41
2019-10-24 19:55:26,722 [main] INFO  impl.RoleInfo (RoleInfo.java:shutdownLeaderState(104)) - c3cc0179-ddd8-47c0-b315-a087be9c7d41: shutdown LeaderState
2019-10-24 19:55:26,723 [main] INFO  impl.PendingRequests (PendingRequests.java:sendNotLeaderResponses(206)) - c3cc0179-ddd8-47c0-b315-a087be9c7d41@group-F276A0755E0F-PendingRequests: sendNotLeaderResponses
2019-10-24 19:55:26,725 [main] INFO  impl.StateMachineUpdater (StateMachineUpdater.java:stopAndJoin(136)) - c3cc0179-ddd8-47c0-b315-a087be9c7d41@group-F276A0755E0F-StateMachineUpdater: set stopIndex = 0
2019-10-24 19:55:26,727 [main] INFO  impl.RaftServerImpl (ServerState.java:close(387)) - c3cc0179-ddd8-47c0-b315-a087be9c7d41@group-F276A0755E0F: closes. applyIndex: 0
2019-10-24 19:55:26,727 [c3cc0179-ddd8-47c0-b315-a087be9c7d41@group-F276A0755E0F-SegmentedRaftLogWorker] INFO  segmented.SegmentedRaftLogWorker (SegmentedRaftLogWorker.java:run(316)) - c3cc0179-ddd8-47c0-b315-a087be9c7d41@group-F276A0755E0F-SegmentedRaftLogWorker was interrupted, exiting. There are 0 tasks remaining in the queue.
2019-10-24 19:55:26,729 [main] INFO  segmented.SegmentedRaftLogWorker (SegmentedRaftLogWorker.java:close(224)) - c3cc0179-ddd8-47c0-b315-a087be9c7d41@group-F276A0755E0F-SegmentedRaftLogWorker close()
2019-10-24 19:55:26,732 [main] INFO  server.GrpcService (GrpcService.java:closeImpl(164)) - c3cc0179-ddd8-47c0-b315-a087be9c7d41: shutdown server with port 41798 now
2019-10-24 19:55:26,742 [grpc-default-executor-3] WARN  server.GrpcServerProtocolService (LogUtils.java:warn(134)) - c3cc0179-ddd8-47c0-b315-a087be9c7d41: installSnapshot onError, lastRequest: c0eea3b1-3778-46c9-978b-a52b9082cf96->c3cc0179-ddd8-47c0-b315-a087be9c7d41#7-t1, previous=(t:1, i:4), leaderCommit=4, initializing? false, entries: <empty>: org.apache.ratis.thirdparty.io.grpc.StatusRuntimeException: CANCELLED: cancelled before receiving half close
2019-10-24 19:55:26,745 [main] INFO  server.GrpcService (GrpcService.java:closeImpl(172)) - c3cc0179-ddd8-47c0-b315-a087be9c7d41: shutdown server with port 41798 successfully
2019-10-24 19:55:26,745 [grpc-default-executor-1] WARN  server.GrpcLogAppender (LogUtils.java:warn(134)) - c0eea3b1-3778-46c9-978b-a52b9082cf96@group-93BD2C6E36FF->c3cc0179-ddd8-47c0-b315-a087be9c7d41-AppendLogResponseHandler: Failed appendEntries: org.apache.ratis.thirdparty.io.grpc.StatusRuntimeException: CANCELLED: HTTP/2 error code: CANCEL
Received Rst Stream
2019-10-24 19:55:26,748 [refreshUsed-/workdir/hadoop-ozone/integration-test/target/test-dir/MiniOzoneClusterImpl-32c601bb-365b-4896-b1e0-aac658e6a95a/datanode-1/data/containers] WARN  fs.CachingGetSpaceUsed (CachingGetSpaceUsed.java:run(183)) - Thread Interrupted waiting to refresh disk information: sleep interrupted
2019-10-24 19:55:26,771 [main] INFO  utils.BackgroundService (BackgroundService.java:shutdown(151)) - Shutting down service BlockDeletingService
2019-10-24 19:55:26,774 [main] INFO  statemachine.DatanodeStateMachine (DatanodeStateMachine.java:stopDaemon(395)) - Ozone container server stopped.
2019-10-24 19:55:26,780 [main] INFO  handler.ContextHandler (ContextHandler.java:doStop(910)) - Stopped o.e.j.w.WebAppContext@2f37f1f9{/,null,UNAVAILABLE}{/hddsDatanode}
2019-10-24 19:55:26,786 [main] INFO  server.AbstractConnector (AbstractConnector.java:doStop(318)) - Stopped ServerConnector@3374b5bc{HTTP/1.1,[http/1.1]}{0.0.0.0:0}
2019-10-24 19:55:26,786 [main] INFO  handler.ContextHandler (ContextHandler.java:doStop(910)) - Stopped o.e.j.s.ServletContextHandler@78d6447a{/static,jar:file:/home/user/.m2/repository/org/apache/hadoop/hadoop-hdds-container-service/0.5.0-SNAPSHOT/hadoop-hdds-container-service-0.5.0-SNAPSHOT.jar!/webapps/static,UNAVAILABLE}
2019-10-24 19:55:26,787 [main] INFO  handler.ContextHandler (ContextHandler.java:doStop(910)) - Stopped o.e.j.s.ServletContextHandler@38bb9d7a{/logs,file:///workdir/hadoop-ozone/integration-test/target/log,UNAVAILABLE}
2019-10-24 19:55:29,796 [java.util.concurrent.ThreadPoolExecutor$Worker@3a877cc9[State = -1, empty queue]] WARN  server.GrpcLogAppender (GrpcLogAppender.java:timeoutAppendRequest(209)) - c0eea3b1-3778-46c9-978b-a52b9082cf96@group-93BD2C6E36FF->c3cc0179-ddd8-47c0-b315-a087be9c7d41-GrpcLogAppender: appendEntries Timeout, request=c0eea3b1-3778-46c9-978b-a52b9082cf96->c3cc0179-ddd8-47c0-b315-a087be9c7d41#8-t1, previous=(t:1, i:4), leaderCommit=4, initializing? false, entries: size=1, first=(t:1, i:5), STATEMACHINELOGENTRY, client-705380899BAA, cid=8
2019-10-24 19:55:29,798 [java.util.concurrent.ThreadPoolExecutor$Worker@3a877cc9[State = -1, empty queue]] WARN  server.GrpcLogAppender (GrpcLogAppender.java:timeoutAppendRequest(209)) - c0eea3b1-3778-46c9-978b-a52b9082cf96@group-93BD2C6E36FF->c3cc0179-ddd8-47c0-b315-a087be9c7d41-GrpcLogAppender: appendEntries Timeout, request=c0eea3b1-3778-46c9-978b-a52b9082cf96->c3cc0179-ddd8-47c0-b315-a087be9c7d41#9-t1, previous=(t:1, i:5), leaderCommit=4, initializing? false, entries: size=1, first=(t:1, i:6), STATEMACHINELOGENTRY, client-705380899BAA, cid=9
2019-10-24 19:55:29,809 [java.util.concurrent.ThreadPoolExecutor$Worker@3a877cc9[State = -1, empty queue]] WARN  server.GrpcLogAppender (GrpcLogAppender.java:timeoutAppendRequest(209)) - c0eea3b1-3778-46c9-978b-a52b9082cf96@group-93BD2C6E36FF->c3cc0179-ddd8-47c0-b315-a087be9c7d41-GrpcLogAppender: appendEntries Timeout, request=c0eea3b1-3778-46c9-978b-a52b9082cf96->c3cc0179-ddd8-47c0-b315-a087be9c7d41#10-t1, previous=(t:1, i:6), leaderCommit=5, initializing? false, entries: size=1, first=(t:1, i:7), METADATAENTRY(c5)
2019-10-24 19:55:29,811 [java.util.concurrent.ThreadPoolExecutor$Worker@3a877cc9[State = -1, empty queue]] WARN  server.GrpcLogAppender (GrpcLogAppender.java:timeoutAppendRequest(209)) - c0eea3b1-3778-46c9-978b-a52b9082cf96@group-93BD2C6E36FF->c3cc0179-ddd8-47c0-b315-a087be9c7d41-GrpcLogAppender: appendEntries Timeout, request=c0eea3b1-3778-46c9-978b-a52b9082cf96->c3cc0179-ddd8-47c0-b315-a087be9c7d41#11-t1, previous=(t:1, i:7), leaderCommit=6, initializing? false, entries: size=1, first=(t:1, i:8), METADATAENTRY(c6)
2019-10-24 19:55:32,313 [java.util.concurrent.ThreadPoolExecutor$Worker@3a877cc9[State = -1, empty queue]] WARN  server.GrpcLogAppender (GrpcLogAppender.java:timeoutAppendRequest(209)) - c0eea3b1-3778-46c9-978b-a52b9082cf96@group-93BD2C6E36FF->c3cc0179-ddd8-47c0-b315-a087be9c7d41-GrpcLogAppender: appendEntries Timeout, request=c0eea3b1-3778-46c9-978b-a52b9082cf96->c3cc0179-ddd8-47c0-b315-a087be9c7d41#12-t1, previous=(t:1, i:8), leaderCommit=8, initializing? false, entries: <empty>
2019-10-24 19:55:34,816 [java.util.concurrent.ThreadPoolExecutor$Worker@3a877cc9[State = -1, empty queue]] WARN  server.GrpcLogAppender (GrpcLogAppender.java:timeoutAppendRequest(209)) - c0eea3b1-3778-46c9-978b-a52b9082cf96@group-93BD2C6E36FF->c3cc0179-ddd8-47c0-b315-a087be9c7d41-GrpcLogAppender: appendEntries Timeout, request=c0eea3b1-3778-46c9-978b-a52b9082cf96->c3cc0179-ddd8-47c0-b315-a087be9c7d41#13-t1, previous=(t:1, i:8), leaderCommit=8, initializing? false, entries: <empty>
2019-10-24 19:55:37,317 [java.util.concurrent.ThreadPoolExecutor$Worker@3a877cc9[State = -1, empty queue]] WARN  server.GrpcLogAppender (GrpcLogAppender.java:timeoutAppendRequest(209)) - c0eea3b1-3778-46c9-978b-a52b9082cf96@group-93BD2C6E36FF->c3cc0179-ddd8-47c0-b315-a087be9c7d41-GrpcLogAppender: appendEntries Timeout, request=c0eea3b1-3778-46c9-978b-a52b9082cf96->c3cc0179-ddd8-47c0-b315-a087be9c7d41#14-t1, previous=(t:1, i:8), leaderCommit=8, initializing? false, entries: <empty>
2019-10-24 19:55:37,590 [Thread-293] INFO  client.GrpcClientProtocolService (GrpcClientProtocolService.java:lambda$processClientRequest$0(279)) - Failed RaftClientRequest:client-705380899BAA->c0eea3b1-3778-46c9-978b-a52b9082cf96@group-93BD2C6E36FF, cid=10, seq=0, Watch-ALL_COMMITTED(6), Message:<EMPTY>, reply=RaftClientReply:client-705380899BAA->c0eea3b1-3778-46c9-978b-a52b9082cf96@group-93BD2C6E36FF, cid=10, FAILED org.apache.ratis.protocol.NotReplicatedException: Request with call Id 10 and log index 6 is not yet replicated to ALL_COMMITTED, logIndex=6, commits[c0eea3b1-3778-46c9-978b-a52b9082cf96:c8, c3cc0179-ddd8-47c0-b315-a087be9c7d41:c4, 6ca7c49d-0fb9-47a0-84fc-ca56d60725ba:c8]
2019-10-24 19:55:39,818 [java.util.concurrent.ThreadPoolExecutor$Worker@3a877cc9[State = -1, empty queue]] WARN  server.GrpcLogAppender (GrpcLogAppender.java:timeoutAppendRequest(209)) - c0eea3b1-3778-46c9-978b-a52b9082cf96@group-93BD2C6E36FF->c3cc0179-ddd8-47c0-b315-a087be9c7d41-GrpcLogAppender: appendEntries Timeout, request=c0eea3b1-3778-46c9-978b-a52b9082cf96->c3cc0179-ddd8-47c0-b315-a087be9c7d41#15-t1, previous=(t:1, i:8), leaderCommit=8, initializing? false, entries: <empty>
2019-10-24 19:55:42,319 [java.util.concurrent.ThreadPoolExecutor$Worker@3a877cc9[State = -1, empty queue]] WARN  server.GrpcLogAppender (GrpcLogAppender.java:timeoutAppendRequest(209)) - c0eea3b1-3778-46c9-978b-a52b9082cf96@group-93BD2C6E36FF->c3cc0179-ddd8-47c0-b315-a087be9c7d41-GrpcLogAppender: appendEntries Timeout, request=c0eea3b1-3778-46c9-978b-a52b9082cf96->c3cc0179-ddd8-47c0-b315-a087be9c7d41#16-t1, previous=(t:1, i:8), leaderCommit=8, initializing? false, entries: <empty>
2019-10-24 19:55:44,820 [java.util.concurrent.ThreadPoolExecutor$Worker@3a877cc9[State = -1, empty queue]] WARN  server.GrpcLogAppender (GrpcLogAppender.java:timeoutAppendRequest(209)) - c0eea3b1-3778-46c9-978b-a52b9082cf96@group-93BD2C6E36FF->c3cc0179-ddd8-47c0-b315-a087be9c7d41-GrpcLogAppender: appendEntries Timeout, request=c0eea3b1-3778-46c9-978b-a52b9082cf96->c3cc0179-ddd8-47c0-b315-a087be9c7d41#17-t1, previous=(t:1, i:8), leaderCommit=8, initializing? false, entries: <empty>
2019-10-24 19:55:46,881 [Thread-302] INFO  client.GrpcClientProtocolService (GrpcClientProtocolService.java:lambda$processClientRequest$0(279)) - Failed RaftClientRequest:client-705380899BAA->6ca7c49d-0fb9-47a0-84fc-ca56d60725ba@group-93BD2C6E36FF, cid=10, seq=0, Watch-ALL_COMMITTED(6), Message:<EMPTY>, reply=RaftClientReply:client-705380899BAA->6ca7c49d-0fb9-47a0-84fc-ca56d60725ba@group-93BD2C6E36FF, cid=10, FAILED org.apache.ratis.protocol.NotLeaderException: Server 6ca7c49d-0fb9-47a0-84fc-ca56d60725ba@group-93BD2C6E36FF is not the leader c0eea3b1-3778-46c9-978b-a52b9082cf96:192.168.157.225:33218, logIndex=0, commits[6ca7c49d-0fb9-47a0-84fc-ca56d60725ba:c8, c0eea3b1-3778-46c9-978b-a52b9082cf96:c8, c3cc0179-ddd8-47c0-b315-a087be9c7d41:c4]
2019-10-24 19:55:47,322 [java.util.concurrent.ThreadPoolExecutor$Worker@3a877cc9[State = -1, empty queue]] WARN  server.GrpcLogAppender (GrpcLogAppender.java:timeoutAppendRequest(209)) - c0eea3b1-3778-46c9-978b-a52b9082cf96@group-93BD2C6E36FF->c3cc0179-ddd8-47c0-b315-a087be9c7d41-GrpcLogAppender: appendEntries Timeout, request=c0eea3b1-3778-46c9-978b-a52b9082cf96->c3cc0179-ddd8-47c0-b315-a087be9c7d41#18-t1, previous=(t:1, i:8), leaderCommit=8, initializing? false, entries: <empty>
2019-10-24 19:55:47,585 [Thread-305] INFO  client.GrpcClientProtocolService (GrpcClientProtocolService.java:lambda$processClientRequest$0(279)) - Failed RaftClientRequest:client-705380899BAA->c0eea3b1-3778-46c9-978b-a52b9082cf96@group-93BD2C6E36FF, cid=10, seq=0, Watch-ALL_COMMITTED(6), Message:<EMPTY>, reply=RaftClientReply:client-705380899BAA->c0eea3b1-3778-46c9-978b-a52b9082cf96@group-93BD2C6E36FF, cid=10, FAILED org.apache.ratis.protocol.NotReplicatedException: Request with call Id 10 and log index 6 is not yet replicated to ALL_COMMITTED, logIndex=6, commits[c0eea3b1-3778-46c9-978b-a52b9082cf96:c8, c3cc0179-ddd8-47c0-b315-a087be9c7d41:c4, 6ca7c49d-0fb9-47a0-84fc-ca56d60725ba:c8]
2019-10-24 19:55:49,822 [java.util.concurrent.ThreadPoolExecutor$Worker@3a877cc9[State = -1, empty queue]] WARN  server.GrpcLogAppender (GrpcLogAppender.java:timeoutAppendRequest(209)) - c0eea3b1-3778-46c9-978b-a52b9082cf96@group-93BD2C6E36FF->c3cc0179-ddd8-47c0-b315-a087be9c7d41-GrpcLogAppender: appendEntries Timeout, request=c0eea3b1-3778-46c9-978b-a52b9082cf96->c3cc0179-ddd8-47c0-b315-a087be9c7d41#19-t1, previous=(t:1, i:8), leaderCommit=8, initializing? false, entries: <empty>
2019-10-24 19:55:52,326 [java.util.concurrent.ThreadPoolExecutor$Worker@3a877cc9[State = -1, empty queue]] WARN  server.GrpcLogAppender (GrpcLogAppender.java:timeoutAppendRequest(209)) - c0eea3b1-3778-46c9-978b-a52b9082cf96@group-93BD2C6E36FF->c3cc0179-ddd8-47c0-b315-a087be9c7d41-GrpcLogAppender: appendEntries Timeout, request=c0eea3b1-3778-46c9-978b-a52b9082cf96->c3cc0179-ddd8-47c0-b315-a087be9c7d41#20-t1, previous=(t:1, i:8), leaderCommit=8, initializing? false, entries: <empty>
2019-10-24 19:55:54,828 [java.util.concurrent.ThreadPoolExecutor$Worker@3a877cc9[State = -1, empty queue]] WARN  server.GrpcLogAppender (GrpcLogAppender.java:timeoutAppendRequest(209)) - c0eea3b1-3778-46c9-978b-a52b9082cf96@group-93BD2C6E36FF->c3cc0179-ddd8-47c0-b315-a087be9c7d41-GrpcLogAppender: appendEntries Timeout, request=c0eea3b1-3778-46c9-978b-a52b9082cf96->c3cc0179-ddd8-47c0-b315-a087be9c7d41#21-t1, previous=(t:1, i:8), leaderCommit=8, initializing? false, entries: <empty>
2019-10-24 19:55:55,912 [Thread-311] INFO  client.GrpcClientProtocolService (GrpcClientProtocolService.java:lambda$processClientRequest$0(279)) - Failed RaftClientRequest:client-705380899BAA->6ca7c49d-0fb9-47a0-84fc-ca56d60725ba@group-93BD2C6E36FF, cid=10, seq=0, Watch-ALL_COMMITTED(6), Message:<EMPTY>, reply=RaftClientReply:client-705380899BAA->6ca7c49d-0fb9-47a0-84fc-ca56d60725ba@group-93BD2C6E36FF, cid=10, FAILED org.apache.ratis.protocol.NotLeaderException: Server 6ca7c49d-0fb9-47a0-84fc-ca56d60725ba@group-93BD2C6E36FF is not the leader c0eea3b1-3778-46c9-978b-a52b9082cf96:192.168.157.225:33218, logIndex=0, commits[6ca7c49d-0fb9-47a0-84fc-ca56d60725ba:c8, c0eea3b1-3778-46c9-978b-a52b9082cf96:c8, c3cc0179-ddd8-47c0-b315-a087be9c7d41:c4]
2019-10-24 19:55:56,825 [main] WARN  scm.XceiverClientRatis (XceiverClientRatis.java:watchForCommit(277)) - 3 way commit failed on pipeline Pipeline[ Id: e974d4ac-588e-46db-a85b-93bd2c6e36ff, Nodes: c3cc0179-ddd8-47c0-b315-a087be9c7d41{ip: 192.168.157.225, host: pr-hdds-2344-jr7qb-497185894, networkLocation: /default-rack, certSerialId: null}6ca7c49d-0fb9-47a0-84fc-ca56d60725ba{ip: 192.168.157.225, host: pr-hdds-2344-jr7qb-497185894, networkLocation: /default-rack, certSerialId: null}c0eea3b1-3778-46c9-978b-a52b9082cf96{ip: 192.168.157.225, host: pr-hdds-2344-jr7qb-497185894, networkLocation: /default-rack, certSerialId: null}, Type:RATIS, Factor:THREE, State:OPEN]
java.util.concurrent.TimeoutException
	at java.util.concurrent.CompletableFuture.timedGet(CompletableFuture.java:1771)
	at java.util.concurrent.CompletableFuture.get(CompletableFuture.java:1915)
	at org.apache.hadoop.hdds.scm.XceiverClientRatis.watchForCommit(XceiverClientRatis.java:274)
	at org.apache.hadoop.hdds.scm.storage.CommitWatcher.watchForCommit(CommitWatcher.java:198)
	at org.apache.hadoop.hdds.scm.storage.CommitWatcher.watchOnLastIndex(CommitWatcher.java:161)
	at org.apache.hadoop.hdds.scm.storage.BlockOutputStream.watchForCommit(BlockOutputStream.java:346)
	at org.apache.hadoop.hdds.scm.storage.BlockOutputStream.handleFlush(BlockOutputStream.java:482)
	at org.apache.hadoop.hdds.scm.storage.BlockOutputStream.close(BlockOutputStream.java:496)
	at org.apache.hadoop.ozone.client.io.BlockOutputStreamEntry.close(BlockOutputStreamEntry.java:143)
	at org.apache.hadoop.ozone.client.io.KeyOutputStream.handleFlushOrClose(KeyOutputStream.java:435)
	at org.apache.hadoop.ozone.client.io.KeyOutputStream.close(KeyOutputStream.java:473)
	at org.apache.hadoop.ozone.client.io.OzoneOutputStream.close(OzoneOutputStream.java:60)
	at org.apache.hadoop.ozone.client.rpc.TestDeleteWithSlowFollower.testDeleteKeyWithSlowFollower(TestDeleteWithSlowFollower.java:193)
	at sun.reflect.NativeMethodAccessorImpl.invoke0(Native Method)
	at sun.reflect.NativeMethodAccessorImpl.invoke(NativeMethodAccessorImpl.java:62)
	at sun.reflect.DelegatingMethodAccessorImpl.invoke(DelegatingMethodAccessorImpl.java:43)
	at java.lang.reflect.Method.invoke(Method.java:498)
	at org.junit.runners.model.FrameworkMethod$1.runReflectiveCall(FrameworkMethod.java:47)
	at org.junit.internal.runners.model.ReflectiveCallable.run(ReflectiveCallable.java:12)
	at org.junit.runners.model.FrameworkMethod.invokeExplosively(FrameworkMethod.java:44)
	at org.junit.internal.runners.statements.InvokeMethod.evaluate(InvokeMethod.java:17)
	at org.junit.runners.ParentRunner.runLeaf(ParentRunner.java:271)
	at org.junit.runners.BlockJUnit4ClassRunner.runChild(BlockJUnit4ClassRunner.java:70)
	at org.junit.runners.BlockJUnit4ClassRunner.runChild(BlockJUnit4ClassRunner.java:50)
	at org.junit.runners.ParentRunner$3.run(ParentRunner.java:238)
	at org.junit.runners.ParentRunner$1.schedule(ParentRunner.java:63)
	at org.junit.runners.ParentRunner.runChildren(ParentRunner.java:236)
	at org.junit.runners.ParentRunner.access$000(ParentRunner.java:53)
	at org.junit.runners.ParentRunner$2.evaluate(ParentRunner.java:229)
	at org.junit.internal.runners.statements.RunBefores.evaluate(RunBefores.java:26)
	at org.junit.internal.runners.statements.RunAfters.evaluate(RunAfters.java:27)
	at org.junit.runners.ParentRunner.run(ParentRunner.java:309)
	at org.apache.maven.surefire.junit4.JUnit4Provider.execute(JUnit4Provider.java:365)
	at org.apache.maven.surefire.junit4.JUnit4Provider.executeWithRerun(JUnit4Provider.java:273)
	at org.apache.maven.surefire.junit4.JUnit4Provider.executeTestSet(JUnit4Provider.java:238)
	at org.apache.maven.surefire.junit4.JUnit4Provider.invoke(JUnit4Provider.java:159)
	at org.apache.maven.surefire.booter.ForkedBooter.invokeProviderInSameClassLoader(ForkedBooter.java:384)
	at org.apache.maven.surefire.booter.ForkedBooter.runSuitesInProcess(ForkedBooter.java:345)
	at org.apache.maven.surefire.booter.ForkedBooter.execute(ForkedBooter.java:126)
	at org.apache.maven.surefire.booter.ForkedBooter.main(ForkedBooter.java:418)
2019-10-24 19:55:56,847 [main] INFO  scm.XceiverClientRatis (XceiverClientRatis.java:lambda$watchForCommit$5(295)) - Could not commit index 6 on pipeline Pipeline[ Id: e974d4ac-588e-46db-a85b-93bd2c6e36ff, Nodes: c3cc0179-ddd8-47c0-b315-a087be9c7d41{ip: 192.168.157.225, host: pr-hdds-2344-jr7qb-497185894, networkLocation: /default-rack, certSerialId: null}6ca7c49d-0fb9-47a0-84fc-ca56d60725ba{ip: 192.168.157.225, host: pr-hdds-2344-jr7qb-497185894, networkLocation: /default-rack, certSerialId: null}c0eea3b1-3778-46c9-978b-a52b9082cf96{ip: 192.168.157.225, host: pr-hdds-2344-jr7qb-497185894, networkLocation: /default-rack, certSerialId: null}, Type:RATIS, Factor:THREE, State:OPEN] to all the nodes. Server c3cc0179-ddd8-47c0-b315-a087be9c7d41 has failed. Committed by majority.
2019-10-24 19:55:56,848 [main] WARN  storage.BlockOutputStream (BlockOutputStream.java:watchForCommit(352)) - Failed to commit BlockId conID: 1 locID: 103019113139404800 bcsId: 6 on Pipeline[ Id: e974d4ac-588e-46db-a85b-93bd2c6e36ff, Nodes: c3cc0179-ddd8-47c0-b315-a087be9c7d41{ip: 192.168.157.225, host: pr-hdds-2344-jr7qb-497185894, networkLocation: /default-rack, certSerialId: null}6ca7c49d-0fb9-47a0-84fc-ca56d60725ba{ip: 192.168.157.225, host: pr-hdds-2344-jr7qb-497185894, networkLocation: /default-rack, certSerialId: null}c0eea3b1-3778-46c9-978b-a52b9082cf96{ip: 192.168.157.225, host: pr-hdds-2344-jr7qb-497185894, networkLocation: /default-rack, certSerialId: null}, Type:RATIS, Factor:THREE, State:OPEN]. Failed nodes: [c3cc0179-ddd8-47c0-b315-a087be9c7d41{ip: null, host: null, networkLocation: /default-rack, certSerialId: null}]
2019-10-24 19:55:57,330 [java.util.concurrent.ThreadPoolExecutor$Worker@3a877cc9[State = -1, empty queue]] WARN  server.GrpcLogAppender (GrpcLogAppender.java:timeoutAppendRequest(209)) - c0eea3b1-3778-46c9-978b-a52b9082cf96@group-93BD2C6E36FF->c3cc0179-ddd8-47c0-b315-a087be9c7d41-GrpcLogAppender: appendEntries Timeout, request=c0eea3b1-3778-46c9-978b-a52b9082cf96->c3cc0179-ddd8-47c0-b315-a087be9c7d41#22-t1, previous=(t:1, i:8), leaderCommit=8, initializing? false, entries: <empty>
2019-10-24 19:55:57,584 [Thread-320] INFO  client.GrpcClientProtocolService (GrpcClientProtocolService.java:lambda$processClientRequest$0(279)) - Failed RaftClientRequest:client-705380899BAA->c0eea3b1-3778-46c9-978b-a52b9082cf96@group-93BD2C6E36FF, cid=10, seq=0, Watch-ALL_COMMITTED(6), Message:<EMPTY>, reply=RaftClientReply:client-705380899BAA->c0eea3b1-3778-46c9-978b-a52b9082cf96@group-93BD2C6E36FF, cid=10, FAILED org.apache.ratis.protocol.NotReplicatedException: Request with call Id 10 and log index 6 is not yet replicated to ALL_COMMITTED, logIndex=6, commits[c0eea3b1-3778-46c9-978b-a52b9082cf96:c8, c3cc0179-ddd8-47c0-b315-a087be9c7d41:c4, 6ca7c49d-0fb9-47a0-84fc-ca56d60725ba:c8]
2019-10-24 19:55:58,162 [EventQueue-IncrementalContainerReportForIncrementalContainerReportHandler] WARN  container.IncrementalContainerReportHandler (AbstractContainerReportHandler.java:updateContainerState(145)) - Container #1 is in OPEN state, but the datanode c0eea3b1-3778-46c9-978b-a52b9082cf96{ip: 192.168.157.225, host: pr-hdds-2344-jr7qb-497185894, networkLocation: /default-rack, certSerialId: null} reports an CLOSING replica.
2019-10-24 19:55:58,163 [RatisApplyTransactionExecutor 1] INFO  interfaces.Container (KeyValueContainer.java:flushAndSyncDB(386)) - Container 1 is synced with bcsId 6.
2019-10-24 19:55:58,164 [RatisApplyTransactionExecutor 1] INFO  interfaces.Container (KeyValueContainer.java:flushAndSyncDB(386)) - Container 1 is synced with bcsId 6.
2019-10-24 19:55:58,163 [EventQueue-IncrementalContainerReportForIncrementalContainerReportHandler] WARN  container.IncrementalContainerReportHandler (AbstractContainerReportHandler.java:updateContainerState(145)) - Container #1 is in OPEN state, but the datanode 6ca7c49d-0fb9-47a0-84fc-ca56d60725ba{ip: 192.168.157.225, host: pr-hdds-2344-jr7qb-497185894, networkLocation: /default-rack, certSerialId: null} reports an CLOSING replica.
2019-10-24 19:55:58,165 [RatisApplyTransactionExecutor 1] INFO  interfaces.Container (KeyValueContainer.java:flushAndSyncDB(386)) - Container 1 is synced with bcsId 6.
2019-10-24 19:55:58,165 [RatisApplyTransactionExecutor 1] INFO  interfaces.Container (KeyValueContainer.java:flushAndSyncDB(386)) - Container 1 is synced with bcsId 6.
2019-10-24 19:55:58,177 [RatisApplyTransactionExecutor 1] INFO  interfaces.Container (KeyValueContainer.java:close(335)) - Container 1 is closed with bcsId 6.
2019-10-24 19:55:58,177 [RatisApplyTransactionExecutor 1] INFO  interfaces.Container (KeyValueContainer.java:close(335)) - Container 1 is closed with bcsId 6.
2019-10-24 19:55:58,180 [EventQueue-IncrementalContainerReportForIncrementalContainerReportHandler] WARN  container.IncrementalContainerReportHandler (AbstractContainerReportHandler.java:updateContainerState(145)) - Container #1 is in OPEN state, but the datanode c0eea3b1-3778-46c9-978b-a52b9082cf96{ip: 192.168.157.225, host: pr-hdds-2344-jr7qb-497185894, networkLocation: /default-rack, certSerialId: null} reports an CLOSED replica.
2019-10-24 19:55:58,180 [EventQueue-IncrementalContainerReportForIncrementalContainerReportHandler] WARN  container.IncrementalContainerReportHandler (AbstractContainerReportHandler.java:updateContainerState(145)) - Container #1 is in OPEN state, but the datanode 6ca7c49d-0fb9-47a0-84fc-ca56d60725ba{ip: 192.168.157.225, host: pr-hdds-2344-jr7qb-497185894, networkLocation: /default-rack, certSerialId: null} reports an CLOSED replica.
2019-10-24 19:55:58,278 [EventQueue-ContainerReportForContainerReportHandler] WARN  container.ContainerReportHandler (AbstractContainerReportHandler.java:updateContainerState(145)) - Container #1 is in OPEN state, but the datanode c0eea3b1-3778-46c9-978b-a52b9082cf96{ip: 192.168.157.225, host: pr-hdds-2344-jr7qb-497185894, networkLocation: /default-rack, certSerialId: null} reports an CLOSED replica.
2019-10-24 19:55:58,380 [EventQueue-ContainerReportForContainerReportHandler] WARN  container.ContainerReportHandler (AbstractContainerReportHandler.java:updateContainerState(145)) - Container #1 is in OPEN state, but the datanode 6ca7c49d-0fb9-47a0-84fc-ca56d60725ba{ip: 192.168.157.225, host: pr-hdds-2344-jr7qb-497185894, networkLocation: /default-rack, certSerialId: null} reports an CLOSED replica.
2019-10-24 19:55:58,578 [EventQueue-ContainerReportForContainerReportHandler] WARN  container.ContainerReportHandler (AbstractContainerReportHandler.java:updateContainerState(145)) - Container #1 is in OPEN state, but the datanode c0eea3b1-3778-46c9-978b-a52b9082cf96{ip: 192.168.157.225, host: pr-hdds-2344-jr7qb-497185894, networkLocation: /default-rack, certSerialId: null} reports an CLOSED replica.
2019-10-24 19:55:58,680 [EventQueue-ContainerReportForContainerReportHandler] WARN  container.ContainerReportHandler (AbstractContainerReportHandler.java:updateContainerState(145)) - Container #1 is in OPEN state, but the datanode 6ca7c49d-0fb9-47a0-84fc-ca56d60725ba{ip: 192.168.157.225, host: pr-hdds-2344-jr7qb-497185894, networkLocation: /default-rack, certSerialId: null} reports an CLOSED replica.
2019-10-24 19:55:58,774 [BlockDeletingService#2] WARN  background.BlockDeletingService (BlockDeletingService.java:isDeletionAllowed(187)) - Close Container log Index 6 is not replicated across allthe servers in the pipeline e974d4ac-588e-46db-a85b-93bd2c6e36ff as the min replicated index is 4. Deletion is not allowed in this container yet.
2019-10-24 19:55:58,775 [BlockDeletingService#2] WARN  background.BlockDeletingService (BlockDeletingService.java:isDeletionAllowed(187)) - Close Container log Index 6 is not replicated across allthe servers in the pipeline e974d4ac-588e-46db-a85b-93bd2c6e36ff as the min replicated index is 4. Deletion is not allowed in this container yet.
2019-10-24 19:55:58,777 [IPC Server handler 2 on 35150] INFO  server.SCMBlockProtocolServer (SCMBlockProtocolServer.java:deleteKeyBlocks(214)) - SCM is informed by OM to delete 1 blocks
2019-10-24 19:55:58,778 [IPC Server handler 2 on 35150] INFO  block.BlockManagerImpl (BlockManagerImpl.java:deleteBlocks(285)) - Deleting blocks conID: 1 locID: 103019113139404800 bcsId: 0
2019-10-24 19:55:58,778 [EventQueue-ContainerReportForContainerReportHandler] WARN  container.ContainerReportHandler (AbstractContainerReportHandler.java:updateContainerState(145)) - Container #1 is in OPEN state, but the datanode c0eea3b1-3778-46c9-978b-a52b9082cf96{ip: 192.168.157.225, host: pr-hdds-2344-jr7qb-497185894, networkLocation: /default-rack, certSerialId: null} reports an CLOSED replica.
2019-10-24 19:55:58,880 [EventQueue-ContainerReportForContainerReportHandler] WARN  container.ContainerReportHandler (AbstractContainerReportHandler.java:updateContainerState(145)) - Container #1 is in OPEN state, but the datanode 6ca7c49d-0fb9-47a0-84fc-ca56d60725ba{ip: 192.168.157.225, host: pr-hdds-2344-jr7qb-497185894, networkLocation: /default-rack, certSerialId: null} reports an CLOSED replica.
2019-10-24 19:55:58,978 [EventQueue-ContainerReportForContainerReportHandler] WARN  container.ContainerReportHandler (AbstractContainerReportHandler.java:updateContainerState(145)) - Container #1 is in OPEN state, but the datanode c0eea3b1-3778-46c9-978b-a52b9082cf96{ip: 192.168.157.225, host: pr-hdds-2344-jr7qb-497185894, networkLocation: /default-rack, certSerialId: null} reports an CLOSED replica.
2019-10-24 19:55:59,180 [EventQueue-ContainerReportForContainerReportHandler] WARN  container.ContainerReportHandler (AbstractContainerReportHandler.java:updateContainerState(145)) - Container #1 is in OPEN state, but the datanode 6ca7c49d-0fb9-47a0-84fc-ca56d60725ba{ip: 192.168.157.225, host: pr-hdds-2344-jr7qb-497185894, networkLocation: /default-rack, certSerialId: null} reports an CLOSED replica.
2019-10-24 19:55:59,379 [EventQueue-ContainerReportForContainerReportHandler] WARN  container.ContainerReportHandler (AbstractContainerReportHandler.java:updateContainerState(145)) - Container #1 is in OPEN state, but the datanode c0eea3b1-3778-46c9-978b-a52b9082cf96{ip: 192.168.157.225, host: pr-hdds-2344-jr7qb-497185894, networkLocation: /default-rack, certSerialId: null} reports an CLOSED replica.
2019-10-24 19:55:59,481 [EventQueue-ContainerReportForContainerReportHandler] WARN  container.ContainerReportHandler (AbstractContainerReportHandler.java:updateContainerState(145)) - Container #1 is in OPEN state, but the datanode 6ca7c49d-0fb9-47a0-84fc-ca56d60725ba{ip: 192.168.157.225, host: pr-hdds-2344-jr7qb-497185894, networkLocation: /default-rack, certSerialId: null} reports an CLOSED replica.
2019-10-24 19:55:59,680 [EventQueue-ContainerReportForContainerReportHandler] WARN  container.ContainerReportHandler (AbstractContainerReportHandler.java:updateContainerState(145)) - Container #1 is in OPEN state, but the datanode c0eea3b1-3778-46c9-978b-a52b9082cf96{ip: 192.168.157.225, host: pr-hdds-2344-jr7qb-497185894, networkLocation: /default-rack, certSerialId: null} reports an CLOSED replica.
2019-10-24 19:55:59,682 [EventQueue-ContainerReportForContainerReportHandler] WARN  container.ContainerReportHandler (AbstractContainerReportHandler.java:updateContainerState(145)) - Container #1 is in OPEN state, but the datanode 6ca7c49d-0fb9-47a0-84fc-ca56d60725ba{ip: 192.168.157.225, host: pr-hdds-2344-jr7qb-497185894, networkLocation: /default-rack, certSerialId: null} reports an CLOSED replica.
2019-10-24 19:55:59,775 [BlockDeletingService#2] WARN  background.BlockDeletingService (BlockDeletingService.java:isDeletionAllowed(187)) - Close Container log Index 6 is not replicated across allthe servers in the pipeline e974d4ac-588e-46db-a85b-93bd2c6e36ff as the min replicated index is 4. Deletion is not allowed in this container yet.
2019-10-24 19:55:59,776 [BlockDeletingService#2] WARN  background.BlockDeletingService (BlockDeletingService.java:isDeletionAllowed(187)) - Close Container log Index 6 is not replicated across allthe servers in the pipeline e974d4ac-588e-46db-a85b-93bd2c6e36ff as the min replicated index is 4. Deletion is not allowed in this container yet.
2019-10-24 19:55:59,832 [java.util.concurrent.ThreadPoolExecutor$Worker@3a877cc9[State = -1, empty queue]] WARN  server.GrpcLogAppender (GrpcLogAppender.java:timeoutAppendRequest(209)) - c0eea3b1-3778-46c9-978b-a52b9082cf96@group-93BD2C6E36FF->c3cc0179-ddd8-47c0-b315-a087be9c7d41-GrpcLogAppender: appendEntries Timeout, request=c0eea3b1-3778-46c9-978b-a52b9082cf96->c3cc0179-ddd8-47c0-b315-a087be9c7d41#23-t1, previous=(t:1, i:8), leaderCommit=8, initializing? false, entries: <empty>
2019-10-24 19:55:59,880 [EventQueue-ContainerReportForContainerReportHandler] WARN  container.ContainerReportHandler (AbstractContainerReportHandler.java:updateContainerState(145)) - Container #1 is in OPEN state, but the datanode c0eea3b1-3778-46c9-978b-a52b9082cf96{ip: 192.168.157.225, host: pr-hdds-2344-jr7qb-497185894, networkLocation: /default-rack, certSerialId: null} reports an CLOSED replica.
2019-10-24 19:55:59,983 [EventQueue-ContainerReportForContainerReportHandler] WARN  container.ContainerReportHandler (AbstractContainerReportHandler.java:updateContainerState(145)) - Container #1 is in OPEN state, but the datanode 6ca7c49d-0fb9-47a0-84fc-ca56d60725ba{ip: 192.168.157.225, host: pr-hdds-2344-jr7qb-497185894, networkLocation: /default-rack, certSerialId: null} reports an CLOSED replica.
2019-10-24 19:56:00,182 [EventQueue-ContainerReportForContainerReportHandler] WARN  container.ContainerReportHandler (AbstractContainerReportHandler.java:updateContainerState(145)) - Container #1 is in OPEN state, but the datanode c0eea3b1-3778-46c9-978b-a52b9082cf96{ip: 192.168.157.225, host: pr-hdds-2344-jr7qb-497185894, networkLocation: /default-rack, certSerialId: null} reports an CLOSED replica.
2019-10-24 19:56:00,283 [EventQueue-ContainerReportForContainerReportHandler] WARN  container.ContainerReportHandler (AbstractContainerReportHandler.java:updateContainerState(145)) - Container #1 is in OPEN state, but the datanode 6ca7c49d-0fb9-47a0-84fc-ca56d60725ba{ip: 192.168.157.225, host: pr-hdds-2344-jr7qb-497185894, networkLocation: /default-rack, certSerialId: null} reports an CLOSED replica.
2019-10-24 19:56:00,382 [EventQueue-ContainerReportForContainerReportHandler] WARN  container.ContainerReportHandler (AbstractContainerReportHandler.java:updateContainerState(145)) - Container #1 is in OPEN state, but the datanode c0eea3b1-3778-46c9-978b-a52b9082cf96{ip: 192.168.157.225, host: pr-hdds-2344-jr7qb-497185894, networkLocation: /default-rack, certSerialId: null} reports an CLOSED replica.
2019-10-24 19:56:00,483 [EventQueue-ContainerReportForContainerReportHandler] WARN  container.ContainerReportHandler (AbstractContainerReportHandler.java:updateContainerState(145)) - Container #1 is in OPEN state, but the datanode 6ca7c49d-0fb9-47a0-84fc-ca56d60725ba{ip: 192.168.157.225, host: pr-hdds-2344-jr7qb-497185894, networkLocation: /default-rack, certSerialId: null} reports an CLOSED replica.
2019-10-24 19:56:00,683 [EventQueue-ContainerReportForContainerReportHandler] WARN  container.ContainerReportHandler (AbstractContainerReportHandler.java:updateContainerState(145)) - Container #1 is in OPEN state, but the datanode 6ca7c49d-0fb9-47a0-84fc-ca56d60725ba{ip: 192.168.157.225, host: pr-hdds-2344-jr7qb-497185894, networkLocation: /default-rack, certSerialId: null} reports an CLOSED replica.
2019-10-24 19:56:00,778 [BlockDeletingService#2] WARN  background.BlockDeletingService (BlockDeletingService.java:isDeletionAllowed(187)) - Close Container log Index 6 is not replicated across allthe servers in the pipeline e974d4ac-588e-46db-a85b-93bd2c6e36ff as the min replicated index is 4. Deletion is not allowed in this container yet.
2019-10-24 19:56:00,778 [BlockDeletingService#2] WARN  background.BlockDeletingService (BlockDeletingService.java:isDeletionAllowed(187)) - Close Container log Index 6 is not replicated across allthe servers in the pipeline e974d4ac-588e-46db-a85b-93bd2c6e36ff as the min replicated index is 4. Deletion is not allowed in this container yet.
2019-10-24 19:56:00,782 [EventQueue-ContainerReportForContainerReportHandler] WARN  container.ContainerReportHandler (AbstractContainerReportHandler.java:updateContainerState(145)) - Container #1 is in OPEN state, but the datanode c0eea3b1-3778-46c9-978b-a52b9082cf96{ip: 192.168.157.225, host: pr-hdds-2344-jr7qb-497185894, networkLocation: /default-rack, certSerialId: null} reports an CLOSED replica.
2019-10-24 19:56:00,929 [java.util.concurrent.ThreadPoolExecutor$Worker@3a877cc9[State = -1, empty queue]] WARN  server.GrpcLogAppender (GrpcLogAppender.java:timeoutAppendRequest(209)) - c0eea3b1-3778-46c9-978b-a52b9082cf96@group-93BD2C6E36FF->c3cc0179-ddd8-47c0-b315-a087be9c7d41-GrpcLogAppender: appendEntries Timeout, request=c0eea3b1-3778-46c9-978b-a52b9082cf96->c3cc0179-ddd8-47c0-b315-a087be9c7d41#24-t1, previous=(t:1, i:8), leaderCommit=8, initializing? false, entries: size=1, first=(t:1, i:9), STATEMACHINELOGENTRY, client-8E0E2FFC3F91, cid=12
2019-10-24 19:56:00,936 [java.util.concurrent.ThreadPoolExecutor$Worker@3a877cc9[State = -1, empty queue]] WARN  server.GrpcLogAppender (GrpcLogAppender.java:timeoutAppendRequest(209)) - c0eea3b1-3778-46c9-978b-a52b9082cf96@group-93BD2C6E36FF->c3cc0179-ddd8-47c0-b315-a087be9c7d41-GrpcLogAppender: appendEntries Timeout, request=c0eea3b1-3778-46c9-978b-a52b9082cf96->c3cc0179-ddd8-47c0-b315-a087be9c7d41#25-t1, previous=(t:1, i:9), leaderCommit=9, initializing? false, entries: size=1, first=(t:1, i:10), METADATAENTRY(c9)
2019-10-24 19:56:00,984 [EventQueue-ContainerReportForContainerReportHandler] WARN  container.ContainerReportHandler (AbstractContainerReportHandler.java:updateContainerState(145)) - Container #1 is in OPEN state, but the datanode 6ca7c49d-0fb9-47a0-84fc-ca56d60725ba{ip: 192.168.157.225, host: pr-hdds-2344-jr7qb-497185894, networkLocation: /default-rack, certSerialId: null} reports an CLOSED replica.
2019-10-24 19:56:01,081 [EventQueue-ContainerReportForContainerReportHandler] WARN  container.ContainerReportHandler (AbstractContainerReportHandler.java:updateContainerState(145)) - Container #1 is in OPEN state, but the datanode c0eea3b1-3778-46c9-978b-a52b9082cf96{ip: 192.168.157.225, host: pr-hdds-2344-jr7qb-497185894, networkLocation: /default-rack, certSerialId: null} reports an CLOSED replica.
2019-10-24 19:56:01,283 [EventQueue-ContainerReportForContainerReportHandler] WARN  container.ContainerReportHandler (AbstractContainerReportHandler.java:updateContainerState(145)) - Container #1 is in OPEN state, but the datanode c0eea3b1-3778-46c9-978b-a52b9082cf96{ip: 192.168.157.225, host: pr-hdds-2344-jr7qb-497185894, networkLocation: /default-rack, certSerialId: null} reports an CLOSED replica.
2019-10-24 19:56:01,284 [EventQueue-ContainerReportForContainerReportHandler] WARN  container.ContainerReportHandler (AbstractContainerReportHandler.java:updateContainerState(145)) - Container #1 is in OPEN state, but the datanode 6ca7c49d-0fb9-47a0-84fc-ca56d60725ba{ip: 192.168.157.225, host: pr-hdds-2344-jr7qb-497185894, networkLocation: /default-rack, certSerialId: null} reports an CLOSED replica.
2019-10-24 19:56:01,583 [EventQueue-ContainerReportForContainerReportHandler] WARN  container.ContainerReportHandler (AbstractContainerReportHandler.java:updateContainerState(145)) - Container #1 is in OPEN state, but the datanode 6ca7c49d-0fb9-47a0-84fc-ca56d60725ba{ip: 192.168.157.225, host: pr-hdds-2344-jr7qb-497185894, networkLocation: /default-rack, certSerialId: null} reports an CLOSED replica.
2019-10-24 19:56:01,681 [EventQueue-ContainerReportForContainerReportHandler] WARN  container.ContainerReportHandler (AbstractContainerReportHandler.java:updateContainerState(145)) - Container #1 is in OPEN state, but the datanode c0eea3b1-3778-46c9-978b-a52b9082cf96{ip: 192.168.157.225, host: pr-hdds-2344-jr7qb-497185894, networkLocation: /default-rack, certSerialId: null} reports an CLOSED replica.
2019-10-24 19:56:01,781 [BlockDeletingService#2] WARN  background.BlockDeletingService (BlockDeletingService.java:isDeletionAllowed(187)) - Close Container log Index 6 is not replicated across allthe servers in the pipeline e974d4ac-588e-46db-a85b-93bd2c6e36ff as the min replicated index is 4. Deletion is not allowed in this container yet.
2019-10-24 19:56:01,781 [BlockDeletingService#2] WARN  background.BlockDeletingService (BlockDeletingService.java:isDeletionAllowed(187)) - Close Container log Index 6 is not replicated across allthe servers in the pipeline e974d4ac-588e-46db-a85b-93bd2c6e36ff as the min replicated index is 4. Deletion is not allowed in this container yet.
2019-10-24 19:56:01,882 [EventQueue-ContainerReportForContainerReportHandler] WARN  container.ContainerReportHandler (AbstractContainerReportHandler.java:updateContainerState(145)) - Container #1 is in OPEN state, but the datanode c0eea3b1-3778-46c9-978b-a52b9082cf96{ip: 192.168.157.225, host: pr-hdds-2344-jr7qb-497185894, networkLocation: /default-rack, certSerialId: null} reports an CLOSED replica.
2019-10-24 19:56:01,884 [EventQueue-ContainerReportForContainerReportHandler] WARN  container.ContainerReportHandler (AbstractContainerReportHandler.java:updateContainerState(145)) - Container #1 is in OPEN state, but the datanode 6ca7c49d-0fb9-47a0-84fc-ca56d60725ba{ip: 192.168.157.225, host: pr-hdds-2344-jr7qb-497185894, networkLocation: /default-rack, certSerialId: null} reports an CLOSED replica.
2019-10-24 19:56:02,184 [EventQueue-ContainerReportForContainerReportHandler] WARN  container.ContainerReportHandler (AbstractContainerReportHandler.java:updateContainerState(145)) - Container #1 is in OPEN state, but the datanode 6ca7c49d-0fb9-47a0-84fc-ca56d60725ba{ip: 192.168.157.225, host: pr-hdds-2344-jr7qb-497185894, networkLocation: /default-rack, certSerialId: null} reports an CLOSED replica.
2019-10-24 19:56:02,283 [EventQueue-ContainerReportForContainerReportHandler] WARN  container.ContainerReportHandler (AbstractContainerReportHandler.java:updateContainerState(145)) - Container #1 is in OPEN state, but the datanode c0eea3b1-3778-46c9-978b-a52b9082cf96{ip: 192.168.157.225, host: pr-hdds-2344-jr7qb-497185894, networkLocation: /default-rack, certSerialId: null} reports an CLOSED replica.
2019-10-24 19:56:02,483 [EventQueue-ContainerReportForContainerReportHandler] WARN  container.ContainerReportHandler (AbstractContainerReportHandler.java:updateContainerState(145)) - Container #1 is in OPEN state, but the datanode c0eea3b1-3778-46c9-978b-a52b9082cf96{ip: 192.168.157.225, host: pr-hdds-2344-jr7qb-497185894, networkLocation: /default-rack, certSerialId: null} reports an CLOSED replica.
2019-10-24 19:56:02,484 [EventQueue-ContainerReportForContainerReportHandler] WARN  container.ContainerReportHandler (AbstractContainerReportHandler.java:updateContainerState(145)) - Container #1 is in OPEN state, but the datanode 6ca7c49d-0fb9-47a0-84fc-ca56d60725ba{ip: 192.168.157.225, host: pr-hdds-2344-jr7qb-497185894, networkLocation: /default-rack, certSerialId: null} reports an CLOSED replica.
2019-10-24 19:56:02,684 [EventQueue-ContainerReportForContainerReportHandler] WARN  container.ContainerReportHandler (AbstractContainerReportHandler.java:updateContainerState(145)) - Container #1 is in OPEN state, but the datanode c0eea3b1-3778-46c9-978b-a52b9082cf96{ip: 192.168.157.225, host: pr-hdds-2344-jr7qb-497185894, networkLocation: /default-rack, certSerialId: null} reports an CLOSED replica.
2019-10-24 19:56:02,785 [BlockDeletingService#2] WARN  background.BlockDeletingService (BlockDeletingService.java:isDeletionAllowed(187)) - Close Container log Index 6 is not replicated across allthe servers in the pipeline e974d4ac-588e-46db-a85b-93bd2c6e36ff as the min replicated index is 4. Deletion is not allowed in this container yet.
2019-10-24 19:56:02,785 [BlockDeletingService#2] WARN  background.BlockDeletingService (BlockDeletingService.java:isDeletionAllowed(187)) - Close Container log Index 6 is not replicated across allthe servers in the pipeline e974d4ac-588e-46db-a85b-93bd2c6e36ff as the min replicated index is 4. Deletion is not allowed in this container yet.
2019-10-24 19:56:02,884 [EventQueue-ContainerReportForContainerReportHandler] WARN  container.ContainerReportHandler (AbstractContainerReportHandler.java:updateContainerState(145)) - Container #1 is in OPEN state, but the datanode 6ca7c49d-0fb9-47a0-84fc-ca56d60725ba{ip: 192.168.157.225, host: pr-hdds-2344-jr7qb-497185894, networkLocation: /default-rack, certSerialId: null} reports an CLOSED replica.
2019-10-24 19:56:03,084 [EventQueue-ContainerReportForContainerReportHandler] WARN  container.ContainerReportHandler (AbstractContainerReportHandler.java:updateContainerState(145)) - Container #1 is in OPEN state, but the datanode c0eea3b1-3778-46c9-978b-a52b9082cf96{ip: 192.168.157.225, host: pr-hdds-2344-jr7qb-497185894, networkLocation: /default-rack, certSerialId: null} reports an CLOSED replica.
2019-10-24 19:56:03,084 [EventQueue-ContainerReportForContainerReportHandler] WARN  container.ContainerReportHandler (AbstractContainerReportHandler.java:updateContainerState(145)) - Container #1 is in OPEN state, but the datanode 6ca7c49d-0fb9-47a0-84fc-ca56d60725ba{ip: 192.168.157.225, host: pr-hdds-2344-jr7qb-497185894, networkLocation: /default-rack, certSerialId: null} reports an CLOSED replica.
2019-10-24 19:56:03,383 [EventQueue-ContainerReportForContainerReportHandler] WARN  container.ContainerReportHandler (AbstractContainerReportHandler.java:updateContainerState(145)) - Container #1 is in OPEN state, but the datanode c0eea3b1-3778-46c9-978b-a52b9082cf96{ip: 192.168.157.225, host: pr-hdds-2344-jr7qb-497185894, networkLocation: /default-rack, certSerialId: null} reports an CLOSED replica.
2019-10-24 19:56:03,384 [EventQueue-ContainerReportForContainerReportHandler] WARN  container.ContainerReportHandler (AbstractContainerReportHandler.java:updateContainerState(145)) - Container #1 is in OPEN state, but the datanode 6ca7c49d-0fb9-47a0-84fc-ca56d60725ba{ip: 192.168.157.225, host: pr-hdds-2344-jr7qb-497185894, networkLocation: /default-rack, certSerialId: null} reports an CLOSED replica.
2019-10-24 19:56:03,438 [java.util.concurrent.ThreadPoolExecutor$Worker@3a877cc9[State = -1, empty queue]] WARN  server.GrpcLogAppender (GrpcLogAppender.java:timeoutAppendRequest(209)) - c0eea3b1-3778-46c9-978b-a52b9082cf96@group-93BD2C6E36FF->c3cc0179-ddd8-47c0-b315-a087be9c7d41-GrpcLogAppender: appendEntries Timeout, request=c0eea3b1-3778-46c9-978b-a52b9082cf96->c3cc0179-ddd8-47c0-b315-a087be9c7d41#26-t1, previous=(t:1, i:10), leaderCommit=10, initializing? false, entries: <empty>
2019-10-24 19:56:03,685 [EventQueue-ContainerReportForContainerReportHandler] WARN  container.ContainerReportHandler (AbstractContainerReportHandler.java:updateContainerState(145)) - Container #1 is in OPEN state, but the datanode 6ca7c49d-0fb9-47a0-84fc-ca56d60725ba{ip: 192.168.157.225, host: pr-hdds-2344-jr7qb-497185894, networkLocation: /default-rack, certSerialId: null} reports an CLOSED replica.
2019-10-24 19:56:03,788 [EventQueue-ContainerReportForContainerReportHandler] WARN  container.ContainerReportHandler (AbstractContainerReportHandler.java:updateContainerState(145)) - Container #1 is in OPEN state, but the datanode c0eea3b1-3778-46c9-978b-a52b9082cf96{ip: 192.168.157.225, host: pr-hdds-2344-jr7qb-497185894, networkLocation: /default-rack, certSerialId: null} reports an CLOSED replica.
2019-10-24 19:56:03,788 [BlockDeletingService#2] WARN  background.BlockDeletingService (BlockDeletingService.java:isDeletionAllowed(187)) - Close Container log Index 6 is not replicated across allthe servers in the pipeline e974d4ac-588e-46db-a85b-93bd2c6e36ff as the min replicated index is 4. Deletion is not allowed in this container yet.
2019-10-24 19:56:03,788 [BlockDeletingService#2] WARN  background.BlockDeletingService (BlockDeletingService.java:isDeletionAllowed(187)) - Close Container log Index 6 is not replicated across allthe servers in the pipeline e974d4ac-588e-46db-a85b-93bd2c6e36ff as the min replicated index is 4. Deletion is not allowed in this container yet.
2019-10-24 19:56:03,984 [EventQueue-ContainerReportForContainerReportHandler] WARN  container.ContainerReportHandler (AbstractContainerReportHandler.java:updateContainerState(145)) - Container #1 is in OPEN state, but the datanode c0eea3b1-3778-46c9-978b-a52b9082cf96{ip: 192.168.157.225, host: pr-hdds-2344-jr7qb-497185894, networkLocation: /default-rack, certSerialId: null} reports an CLOSED replica.
2019-10-24 19:56:03,988 [EventQueue-ContainerReportForContainerReportHandler] WARN  container.ContainerReportHandler (AbstractContainerReportHandler.java:updateContainerState(145)) - Container #1 is in OPEN state, but the datanode 6ca7c49d-0fb9-47a0-84fc-ca56d60725ba{ip: 192.168.157.225, host: pr-hdds-2344-jr7qb-497185894, networkLocation: /default-rack, certSerialId: null} reports an CLOSED replica.
2019-10-24 19:56:04,184 [EventQueue-ContainerReportForContainerReportHandler] WARN  container.ContainerReportHandler (AbstractContainerReportHandler.java:updateContainerState(145)) - Container #1 is in OPEN state, but the datanode c0eea3b1-3778-46c9-978b-a52b9082cf96{ip: 192.168.157.225, host: pr-hdds-2344-jr7qb-497185894, networkLocation: /default-rack, certSerialId: null} reports an CLOSED replica.
2019-10-24 19:56:04,288 [EventQueue-ContainerReportForContainerReportHandler] WARN  container.ContainerReportHandler (AbstractContainerReportHandler.java:updateContainerState(145)) - Container #1 is in OPEN state, but the datanode 6ca7c49d-0fb9-47a0-84fc-ca56d60725ba{ip: 192.168.157.225, host: pr-hdds-2344-jr7qb-497185894, networkLocation: /default-rack, certSerialId: null} reports an CLOSED replica.
2019-10-24 19:56:04,484 [EventQueue-ContainerReportForContainerReportHandler] WARN  container.ContainerReportHandler (AbstractContainerReportHandler.java:updateContainerState(145)) - Container #1 is in OPEN state, but the datanode c0eea3b1-3778-46c9-978b-a52b9082cf96{ip: 192.168.157.225, host: pr-hdds-2344-jr7qb-497185894, networkLocation: /default-rack, certSerialId: null} reports an CLOSED replica.
2019-10-24 19:56:04,589 [EventQueue-ContainerReportForContainerReportHandler] WARN  container.ContainerReportHandler (AbstractContainerReportHandler.java:updateContainerState(145)) - Container #1 is in OPEN state, but the datanode 6ca7c49d-0fb9-47a0-84fc-ca56d60725ba{ip: 192.168.157.225, host: pr-hdds-2344-jr7qb-497185894, networkLocation: /default-rack, certSerialId: null} reports an CLOSED replica.
2019-10-24 19:56:04,684 [EventQueue-ContainerReportForContainerReportHandler] WARN  container.ContainerReportHandler (AbstractContainerReportHandler.java:updateContainerState(145)) - Container #1 is in OPEN state, but the datanode c0eea3b1-3778-46c9-978b-a52b9082cf96{ip: 192.168.157.225, host: pr-hdds-2344-jr7qb-497185894, networkLocation: /default-rack, certSerialId: null} reports an CLOSED replica.
2019-10-24 19:56:04,788 [EventQueue-ContainerReportForContainerReportHandler] WARN  container.ContainerReportHandler (AbstractContainerReportHandler.java:updateContainerState(145)) - Container #1 is in OPEN state, but the datanode 6ca7c49d-0fb9-47a0-84fc-ca56d60725ba{ip: 192.168.157.225, host: pr-hdds-2344-jr7qb-497185894, networkLocation: /default-rack, certSerialId: null} reports an CLOSED replica.
2019-10-24 19:56:04,790 [BlockDeletingService#2] WARN  background.BlockDeletingService (BlockDeletingService.java:isDeletionAllowed(187)) - Close Container log Index 6 is not replicated across allthe servers in the pipeline e974d4ac-588e-46db-a85b-93bd2c6e36ff as the min replicated index is 4. Deletion is not allowed in this container yet.
2019-10-24 19:56:04,790 [BlockDeletingService#2] WARN  background.BlockDeletingService (BlockDeletingService.java:isDeletionAllowed(187)) - Close Container log Index 6 is not replicated across allthe servers in the pipeline e974d4ac-588e-46db-a85b-93bd2c6e36ff as the min replicated index is 4. Deletion is not allowed in this container yet.
2019-10-24 19:56:04,939 [Thread-346] INFO  client.GrpcClientProtocolService (GrpcClientProtocolService.java:lambda$processClientRequest$0(279)) - Failed RaftClientRequest:client-705380899BAA->6ca7c49d-0fb9-47a0-84fc-ca56d60725ba@group-93BD2C6E36FF, cid=10, seq=0, Watch-ALL_COMMITTED(6), Message:<EMPTY>, reply=RaftClientReply:client-705380899BAA->6ca7c49d-0fb9-47a0-84fc-ca56d60725ba@group-93BD2C6E36FF, cid=10, FAILED org.apache.ratis.protocol.NotLeaderException: Server 6ca7c49d-0fb9-47a0-84fc-ca56d60725ba@group-93BD2C6E36FF is not the leader c0eea3b1-3778-46c9-978b-a52b9082cf96:192.168.157.225:33218, logIndex=0, commits[6ca7c49d-0fb9-47a0-84fc-ca56d60725ba:c10, c0eea3b1-3778-46c9-978b-a52b9082cf96:c10, c3cc0179-ddd8-47c0-b315-a087be9c7d41:c4]
2019-10-24 19:56:04,988 [EventQueue-ContainerReportForContainerReportHandler] WARN  container.ContainerReportHandler (AbstractContainerReportHandler.java:updateContainerState(145)) - Container #1 is in OPEN state, but the datanode 6ca7c49d-0fb9-47a0-84fc-ca56d60725ba{ip: 192.168.157.225, host: pr-hdds-2344-jr7qb-497185894, networkLocation: /default-rack, certSerialId: null} reports an CLOSED replica.
2019-10-24 19:56:05,086 [EventQueue-ContainerReportForContainerReportHandler] WARN  container.ContainerReportHandler (AbstractContainerReportHandler.java:updateContainerState(145)) - Container #1 is in OPEN state, but the datanode c0eea3b1-3778-46c9-978b-a52b9082cf96{ip: 192.168.157.225, host: pr-hdds-2344-jr7qb-497185894, networkLocation: /default-rack, certSerialId: null} reports an CLOSED replica.
2019-10-24 19:56:05,389 [EventQueue-ContainerReportForContainerReportHandler] WARN  container.ContainerReportHandler (AbstractContainerReportHandler.java:updateContainerState(145)) - Container #1 is in OPEN state, but the datanode 6ca7c49d-0fb9-47a0-84fc-ca56d60725ba{ip: 192.168.157.225, host: pr-hdds-2344-jr7qb-497185894, networkLocation: /default-rack, certSerialId: null} reports an CLOSED replica.
2019-10-24 19:56:05,485 [EventQueue-ContainerReportForContainerReportHandler] WARN  container.ContainerReportHandler (AbstractContainerReportHandler.java:updateContainerState(145)) - Container #1 is in OPEN state, but the datanode c0eea3b1-3778-46c9-978b-a52b9082cf96{ip: 192.168.157.225, host: pr-hdds-2344-jr7qb-497185894, networkLocation: /default-rack, certSerialId: null} reports an CLOSED replica.
2019-10-24 19:56:05,787 [EventQueue-ContainerReportForContainerReportHandler] WARN  container.ContainerReportHandler (AbstractContainerReportHandler.java:updateContainerState(145)) - Container #1 is in OPEN state, but the datanode c0eea3b1-3778-46c9-978b-a52b9082cf96{ip: 192.168.157.225, host: pr-hdds-2344-jr7qb-497185894, networkLocation: /default-rack, certSerialId: null} reports an CLOSED replica.
2019-10-24 19:56:05,789 [EventQueue-ContainerReportForContainerReportHandler] WARN  container.ContainerReportHandler (AbstractContainerReportHandler.java:updateContainerState(145)) - Container #1 is in OPEN state, but the datanode 6ca7c49d-0fb9-47a0-84fc-ca56d60725ba{ip: 192.168.157.225, host: pr-hdds-2344-jr7qb-497185894, networkLocation: /default-rack, certSerialId: null} reports an CLOSED replica.
2019-10-24 19:56:05,793 [BlockDeletingService#2] WARN  background.BlockDeletingService (BlockDeletingService.java:isDeletionAllowed(187)) - Close Container log Index 6 is not replicated across allthe servers in the pipeline e974d4ac-588e-46db-a85b-93bd2c6e36ff as the min replicated index is 4. Deletion is not allowed in this container yet.
2019-10-24 19:56:05,795 [BlockDeletingService#2] WARN  background.BlockDeletingService (BlockDeletingService.java:isDeletionAllowed(187)) - Close Container log Index 6 is not replicated across allthe servers in the pipeline e974d4ac-588e-46db-a85b-93bd2c6e36ff as the min replicated index is 4. Deletion is not allowed in this container yet.
2019-10-24 19:56:05,940 [java.util.concurrent.ThreadPoolExecutor$Worker@3a877cc9[State = -1, empty queue]] WARN  server.GrpcLogAppender (GrpcLogAppender.java:timeoutAppendRequest(209)) - c0eea3b1-3778-46c9-978b-a52b9082cf96@group-93BD2C6E36FF->c3cc0179-ddd8-47c0-b315-a087be9c7d41-GrpcLogAppender: appendEntries Timeout, request=c0eea3b1-3778-46c9-978b-a52b9082cf96->c3cc0179-ddd8-47c0-b315-a087be9c7d41#27-t1, previous=(t:1, i:10), leaderCommit=10, initializing? false, entries: <empty>
2019-10-24 19:56:05,990 [EventQueue-ContainerReportForContainerReportHandler] WARN  container.ContainerReportHandler (AbstractContainerReportHandler.java:updateContainerState(145)) - Container #1 is in OPEN state, but the datanode 6ca7c49d-0fb9-47a0-84fc-ca56d60725ba{ip: 192.168.157.225, host: pr-hdds-2344-jr7qb-497185894, networkLocation: /default-rack, certSerialId: null} reports an CLOSED replica.
2019-10-24 19:56:06,187 [EventQueue-ContainerReportForContainerReportHandler] WARN  container.ContainerReportHandler (AbstractContainerReportHandler.java:updateContainerState(145)) - Container #1 is in OPEN state, but the datanode c0eea3b1-3778-46c9-978b-a52b9082cf96{ip: 192.168.157.225, host: pr-hdds-2344-jr7qb-497185894, networkLocation: /default-rack, certSerialId: null} reports an CLOSED replica.
2019-10-24 19:56:06,385 [EventQueue-ContainerReportForContainerReportHandler] WARN  container.ContainerReportHandler (AbstractContainerReportHandler.java:updateContainerState(145)) - Container #1 is in OPEN state, but the datanode c0eea3b1-3778-46c9-978b-a52b9082cf96{ip: 192.168.157.225, host: pr-hdds-2344-jr7qb-497185894, networkLocation: /default-rack, certSerialId: null} reports an CLOSED replica.
2019-10-24 19:56:06,390 [EventQueue-ContainerReportForContainerReportHandler] WARN  container.ContainerReportHandler (AbstractContainerReportHandler.java:updateContainerState(145)) - Container #1 is in OPEN state, but the datanode 6ca7c49d-0fb9-47a0-84fc-ca56d60725ba{ip: 192.168.157.225, host: pr-hdds-2344-jr7qb-497185894, networkLocation: /default-rack, certSerialId: null} reports an CLOSED replica.
2019-10-24 19:56:06,585 [Thread-352] INFO  client.GrpcClientProtocolService (GrpcClientProtocolService.java:lambda$processClientRequest$0(279)) - Failed RaftClientRequest:client-705380899BAA->c0eea3b1-3778-46c9-978b-a52b9082cf96@group-93BD2C6E36FF, cid=10, seq=0, Watch-ALL_COMMITTED(6), Message:<EMPTY>, reply=RaftClientReply:client-705380899BAA->c0eea3b1-3778-46c9-978b-a52b9082cf96@group-93BD2C6E36FF, cid=10, FAILED org.apache.ratis.protocol.NotReplicatedException: Request with call Id 10 and log index 6 is not yet replicated to ALL_COMMITTED, logIndex=6, commits[c0eea3b1-3778-46c9-978b-a52b9082cf96:c10, c3cc0179-ddd8-47c0-b315-a087be9c7d41:c4, 6ca7c49d-0fb9-47a0-84fc-ca56d60725ba:c10]
2019-10-24 19:56:06,685 [EventQueue-ContainerReportForContainerReportHandler] WARN  container.ContainerReportHandler (AbstractContainerReportHandler.java:updateContainerState(145)) - Container #1 is in OPEN state, but the datanode c0eea3b1-3778-46c9-978b-a52b9082cf96{ip: 192.168.157.225, host: pr-hdds-2344-jr7qb-497185894, networkLocation: /default-rack, certSerialId: null} reports an CLOSED replica.
2019-10-24 19:56:06,691 [EventQueue-ContainerReportForContainerReportHandler] WARN  container.ContainerReportHandler (AbstractContainerReportHandler.java:updateContainerState(145)) - Container #1 is in OPEN state, but the datanode 6ca7c49d-0fb9-47a0-84fc-ca56d60725ba{ip: 192.168.157.225, host: pr-hdds-2344-jr7qb-497185894, networkLocation: /default-rack, certSerialId: null} reports an CLOSED replica.
2019-10-24 19:56:06,798 [BlockDeletingService#2] WARN  background.BlockDeletingService (BlockDeletingService.java:isDeletionAllowed(187)) - Close Container log Index 6 is not replicated across allthe servers in the pipeline e974d4ac-588e-46db-a85b-93bd2c6e36ff as the min replicated index is 4. Deletion is not allowed in this container yet.
2019-10-24 19:56:06,798 [BlockDeletingService#2] WARN  background.BlockDeletingService (BlockDeletingService.java:isDeletionAllowed(187)) - Close Container log Index 6 is not replicated across allthe servers in the pipeline e974d4ac-588e-46db-a85b-93bd2c6e36ff as the min replicated index is 4. Deletion is not allowed in this container yet.
2019-10-24 19:56:06,986 [EventQueue-ContainerReportForContainerReportHandler] WARN  container.ContainerReportHandler (AbstractContainerReportHandler.java:updateContainerState(145)) - Container #1 is in OPEN state, but the datanode c0eea3b1-3778-46c9-978b-a52b9082cf96{ip: 192.168.157.225, host: pr-hdds-2344-jr7qb-497185894, networkLocation: /default-rack, certSerialId: null} reports an CLOSED replica.
2019-10-24 19:56:06,992 [EventQueue-ContainerReportForContainerReportHandler] WARN  container.ContainerReportHandler (AbstractContainerReportHandler.java:updateContainerState(145)) - Container #1 is in OPEN state, but the datanode 6ca7c49d-0fb9-47a0-84fc-ca56d60725ba{ip: 192.168.157.225, host: pr-hdds-2344-jr7qb-497185894, networkLocation: /default-rack, certSerialId: null} reports an CLOSED replica.
2019-10-24 19:56:07,386 [EventQueue-ContainerReportForContainerReportHandler] WARN  container.ContainerReportHandler (AbstractContainerReportHandler.java:updateContainerState(145)) - Container #1 is in OPEN state, but the datanode c0eea3b1-3778-46c9-978b-a52b9082cf96{ip: 192.168.157.225, host: pr-hdds-2344-jr7qb-497185894, networkLocation: /default-rack, certSerialId: null} reports an CLOSED replica.
2019-10-24 19:56:07,392 [EventQueue-ContainerReportForContainerReportHandler] WARN  container.ContainerReportHandler (AbstractContainerReportHandler.java:updateContainerState(145)) - Container #1 is in OPEN state, but the datanode 6ca7c49d-0fb9-47a0-84fc-ca56d60725ba{ip: 192.168.157.225, host: pr-hdds-2344-jr7qb-497185894, networkLocation: /default-rack, certSerialId: null} reports an CLOSED replica.
2019-10-24 19:56:07,586 [EventQueue-ContainerReportForContainerReportHandler] WARN  container.ContainerReportHandler (AbstractContainerReportHandler.java:updateContainerState(145)) - Container #1 is in OPEN state, but the datanode c0eea3b1-3778-46c9-978b-a52b9082cf96{ip: 192.168.157.225, host: pr-hdds-2344-jr7qb-497185894, networkLocation: /default-rack, certSerialId: null} reports an CLOSED replica.
2019-10-24 19:56:07,592 [EventQueue-ContainerReportForContainerReportHandler] WARN  container.ContainerReportHandler (AbstractContainerReportHandler.java:updateContainerState(145)) - Container #1 is in OPEN state, but the datanode 6ca7c49d-0fb9-47a0-84fc-ca56d60725ba{ip: 192.168.157.225, host: pr-hdds-2344-jr7qb-497185894, networkLocation: /default-rack, certSerialId: null} reports an CLOSED replica.
2019-10-24 19:56:07,801 [BlockDeletingService#2] WARN  background.BlockDeletingService (BlockDeletingService.java:isDeletionAllowed(187)) - Close Container log Index 6 is not replicated across allthe servers in the pipeline e974d4ac-588e-46db-a85b-93bd2c6e36ff as the min replicated index is 4. Deletion is not allowed in this container yet.
2019-10-24 19:56:07,801 [BlockDeletingService#2] WARN  background.BlockDeletingService (BlockDeletingService.java:isDeletionAllowed(187)) - Close Container log Index 6 is not replicated across allthe servers in the pipeline e974d4ac-588e-46db-a85b-93bd2c6e36ff as the min replicated index is 4. Deletion is not allowed in this container yet.
2019-10-24 19:56:07,893 [EventQueue-ContainerReportForContainerReportHandler] WARN  container.ContainerReportHandler (AbstractContainerReportHandler.java:updateContainerState(145)) - Container #1 is in OPEN state, but the datanode 6ca7c49d-0fb9-47a0-84fc-ca56d60725ba{ip: 192.168.157.225, host: pr-hdds-2344-jr7qb-497185894, networkLocation: /default-rack, certSerialId: null} reports an CLOSED replica.
2019-10-24 19:56:07,987 [EventQueue-ContainerReportForContainerReportHandler] WARN  container.ContainerReportHandler (AbstractContainerReportHandler.java:updateContainerState(145)) - Container #1 is in OPEN state, but the datanode c0eea3b1-3778-46c9-978b-a52b9082cf96{ip: 192.168.157.225, host: pr-hdds-2344-jr7qb-497185894, networkLocation: /default-rack, certSerialId: null} reports an CLOSED replica.
2019-10-24 19:56:08,093 [EventQueue-ContainerReportForContainerReportHandler] WARN  container.ContainerReportHandler (AbstractContainerReportHandler.java:updateContainerState(145)) - Container #1 is in OPEN state, but the datanode 6ca7c49d-0fb9-47a0-84fc-ca56d60725ba{ip: 192.168.157.225, host: pr-hdds-2344-jr7qb-497185894, networkLocation: /default-rack, certSerialId: null} reports an CLOSED replica.
2019-10-24 19:56:08,187 [EventQueue-ContainerReportForContainerReportHandler] WARN  container.ContainerReportHandler (AbstractContainerReportHandler.java:updateContainerState(145)) - Container #1 is in OPEN state, but the datanode c0eea3b1-3778-46c9-978b-a52b9082cf96{ip: 192.168.157.225, host: pr-hdds-2344-jr7qb-497185894, networkLocation: /default-rack, certSerialId: null} reports an CLOSED replica.
2019-10-24 19:56:08,294 [EventQueue-ContainerReportForContainerReportHandler] WARN  container.ContainerReportHandler (AbstractContainerReportHandler.java:updateContainerState(145)) - Container #1 is in OPEN state, but the datanode 6ca7c49d-0fb9-47a0-84fc-ca56d60725ba{ip: 192.168.157.225, host: pr-hdds-2344-jr7qb-497185894, networkLocation: /default-rack, certSerialId: null} reports an CLOSED replica.
2019-10-24 19:56:08,441 [java.util.concurrent.ThreadPoolExecutor$Worker@3a877cc9[State = -1, empty queue]] WARN  server.GrpcLogAppender (GrpcLogAppender.java:timeoutAppendRequest(209)) - c0eea3b1-3778-46c9-978b-a52b9082cf96@group-93BD2C6E36FF->c3cc0179-ddd8-47c0-b315-a087be9c7d41-GrpcLogAppender: appendEntries Timeout, request=c0eea3b1-3778-46c9-978b-a52b9082cf96->c3cc0179-ddd8-47c0-b315-a087be9c7d41#28-t1, previous=(t:1, i:10), leaderCommit=10, initializing? false, entries: <empty>
2019-10-24 19:56:08,487 [EventQueue-ContainerReportForContainerReportHandler] WARN  container.ContainerReportHandler (AbstractContainerReportHandler.java:updateContainerState(145)) - Container #1 is in OPEN state, but the datanode c0eea3b1-3778-46c9-978b-a52b9082cf96{ip: 192.168.157.225, host: pr-hdds-2344-jr7qb-497185894, networkLocation: /default-rack, certSerialId: null} reports an CLOSED replica.
2019-10-24 19:56:08,696 [EventQueue-ContainerReportForContainerReportHandler] WARN  container.ContainerReportHandler (AbstractContainerReportHandler.java:updateContainerState(145)) - Container #1 is in OPEN state, but the datanode 6ca7c49d-0fb9-47a0-84fc-ca56d60725ba{ip: 192.168.157.225, host: pr-hdds-2344-jr7qb-497185894, networkLocation: /default-rack, certSerialId: null} reports an CLOSED replica.
2019-10-24 19:56:08,788 [EventQueue-ContainerReportForContainerReportHandler] WARN  container.ContainerReportHandler (AbstractContainerReportHandler.java:updateContainerState(145)) - Container #1 is in OPEN state, but the datanode c0eea3b1-3778-46c9-978b-a52b9082cf96{ip: 192.168.157.225, host: pr-hdds-2344-jr7qb-497185894, networkLocation: /default-rack, certSerialId: null} reports an CLOSED replica.
2019-10-24 19:56:08,802 [BlockDeletingService#2] WARN  background.BlockDeletingService (BlockDeletingService.java:isDeletionAllowed(187)) - Close Container log Index 6 is not replicated across allthe servers in the pipeline e974d4ac-588e-46db-a85b-93bd2c6e36ff as the min replicated index is 4. Deletion is not allowed in this container yet.
2019-10-24 19:56:08,802 [BlockDeletingService#2] WARN  background.BlockDeletingService (BlockDeletingService.java:isDeletionAllowed(187)) - Close Container log Index 6 is not replicated across allthe servers in the pipeline e974d4ac-588e-46db-a85b-93bd2c6e36ff as the min replicated index is 4. Deletion is not allowed in this container yet.
2019-10-24 19:56:08,996 [EventQueue-ContainerReportForContainerReportHandler] WARN  container.ContainerReportHandler (AbstractContainerReportHandler.java:updateContainerState(145)) - Container #1 is in OPEN state, but the datanode 6ca7c49d-0fb9-47a0-84fc-ca56d60725ba{ip: 192.168.157.225, host: pr-hdds-2344-jr7qb-497185894, networkLocation: /default-rack, certSerialId: null} reports an CLOSED replica.
2019-10-24 19:56:09,089 [EventQueue-ContainerReportForContainerReportHandler] WARN  container.ContainerReportHandler (AbstractContainerReportHandler.java:updateContainerState(145)) - Container #1 is in OPEN state, but the datanode c0eea3b1-3778-46c9-978b-a52b9082cf96{ip: 192.168.157.225, host: pr-hdds-2344-jr7qb-497185894, networkLocation: /default-rack, certSerialId: null} reports an CLOSED replica.
2019-10-24 19:56:09,296 [EventQueue-ContainerReportForContainerReportHandler] WARN  container.ContainerReportHandler (AbstractContainerReportHandler.java:updateContainerState(145)) - Container #1 is in OPEN state, but the datanode 6ca7c49d-0fb9-47a0-84fc-ca56d60725ba{ip: 192.168.157.225, host: pr-hdds-2344-jr7qb-497185894, networkLocation: /default-rack, certSerialId: null} reports an CLOSED replica.
2019-10-24 19:56:09,390 [EventQueue-ContainerReportForContainerReportHandler] WARN  container.ContainerReportHandler (AbstractContainerReportHandler.java:updateContainerState(145)) - Container #1 is in OPEN state, but the datanode c0eea3b1-3778-46c9-978b-a52b9082cf96{ip: 192.168.157.225, host: pr-hdds-2344-jr7qb-497185894, networkLocation: /default-rack, certSerialId: null} reports an CLOSED replica.
2019-10-24 19:56:09,596 [EventQueue-ContainerReportForContainerReportHandler] WARN  container.ContainerReportHandler (AbstractContainerReportHandler.java:updateContainerState(145)) - Container #1 is in OPEN state, but the datanode 6ca7c49d-0fb9-47a0-84fc-ca56d60725ba{ip: 192.168.157.225, host: pr-hdds-2344-jr7qb-497185894, networkLocation: /default-rack, certSerialId: null} reports an CLOSED replica.
2019-10-24 19:56:09,690 [EventQueue-ContainerReportForContainerReportHandler] WARN  container.ContainerReportHandler (AbstractContainerReportHandler.java:updateContainerState(145)) - Container #1 is in OPEN state, but the datanode c0eea3b1-3778-46c9-978b-a52b9082cf96{ip: 192.168.157.225, host: pr-hdds-2344-jr7qb-497185894, networkLocation: /default-rack, certSerialId: null} reports an CLOSED replica.
2019-10-24 19:56:09,804 [BlockDeletingService#2] WARN  background.BlockDeletingService (BlockDeletingService.java:isDeletionAllowed(187)) - Close Container log Index 6 is not replicated across allthe servers in the pipeline e974d4ac-588e-46db-a85b-93bd2c6e36ff as the min replicated index is 4. Deletion is not allowed in this container yet.
2019-10-24 19:56:09,804 [BlockDeletingService#2] WARN  background.BlockDeletingService (BlockDeletingService.java:isDeletionAllowed(187)) - Close Container log Index 6 is not replicated across allthe servers in the pipeline e974d4ac-588e-46db-a85b-93bd2c6e36ff as the min replicated index is 4. Deletion is not allowed in this container yet.
2019-10-24 19:56:09,996 [EventQueue-ContainerReportForContainerReportHandler] WARN  container.ContainerReportHandler (AbstractContainerReportHandler.java:updateContainerState(145)) - Container #1 is in OPEN state, but the datanode 6ca7c49d-0fb9-47a0-84fc-ca56d60725ba{ip: 192.168.157.225, host: pr-hdds-2344-jr7qb-497185894, networkLocation: /default-rack, certSerialId: null} reports an CLOSED replica.
2019-10-24 19:56:10,092 [EventQueue-ContainerReportForContainerReportHandler] WARN  container.ContainerReportHandler (AbstractContainerReportHandler.java:updateContainerState(145)) - Container #1 is in OPEN state, but the datanode c0eea3b1-3778-46c9-978b-a52b9082cf96{ip: 192.168.157.225, host: pr-hdds-2344-jr7qb-497185894, networkLocation: /default-rack, certSerialId: null} reports an CLOSED replica.
2019-10-24 19:56:10,196 [EventQueue-ContainerReportForContainerReportHandler] WARN  container.ContainerReportHandler (AbstractContainerReportHandler.java:updateContainerState(145)) - Container #1 is in OPEN state, but the datanode 6ca7c49d-0fb9-47a0-84fc-ca56d60725ba{ip: 192.168.157.225, host: pr-hdds-2344-jr7qb-497185894, networkLocation: /default-rack, certSerialId: null} reports an CLOSED replica.
2019-10-24 19:56:10,292 [EventQueue-ContainerReportForContainerReportHandler] WARN  container.ContainerReportHandler (AbstractContainerReportHandler.java:updateContainerState(145)) - Container #1 is in OPEN state, but the datanode c0eea3b1-3778-46c9-978b-a52b9082cf96{ip: 192.168.157.225, host: pr-hdds-2344-jr7qb-497185894, networkLocation: /default-rack, certSerialId: null} reports an CLOSED replica.
2019-10-24 19:56:10,492 [EventQueue-ContainerReportForContainerReportHandler] WARN  container.ContainerReportHandler (AbstractContainerReportHandler.java:updateContainerState(145)) - Container #1 is in OPEN state, but the datanode c0eea3b1-3778-46c9-978b-a52b9082cf96{ip: 192.168.157.225, host: pr-hdds-2344-jr7qb-497185894, networkLocation: /default-rack, certSerialId: null} reports an CLOSED replica.
2019-10-24 19:56:10,499 [EventQueue-ContainerReportForContainerReportHandler] WARN  container.ContainerReportHandler (AbstractContainerReportHandler.java:updateContainerState(145)) - Container #1 is in OPEN state, but the datanode 6ca7c49d-0fb9-47a0-84fc-ca56d60725ba{ip: 192.168.157.225, host: pr-hdds-2344-jr7qb-497185894, networkLocation: /default-rack, certSerialId: null} reports an CLOSED replica.
2019-10-24 19:56:10,796 [EventQueue-ContainerReportForContainerReportHandler] WARN  container.ContainerReportHandler (AbstractContainerReportHandler.java:updateContainerState(145)) - Container #1 is in OPEN state, but the datanode 6ca7c49d-0fb9-47a0-84fc-ca56d60725ba{ip: 192.168.157.225, host: pr-hdds-2344-jr7qb-497185894, networkLocation: /default-rack, certSerialId: null} reports an CLOSED replica.
2019-10-24 19:56:10,805 [BlockDeletingService#2] WARN  background.BlockDeletingService (BlockDeletingService.java:isDeletionAllowed(187)) - Close Container log Index 6 is not replicated across allthe servers in the pipeline e974d4ac-588e-46db-a85b-93bd2c6e36ff as the min replicated index is 4. Deletion is not allowed in this container yet.
2019-10-24 19:56:10,805 [BlockDeletingService#2] WARN  background.BlockDeletingService (BlockDeletingService.java:isDeletionAllowed(187)) - Close Container log Index 6 is not replicated across allthe servers in the pipeline e974d4ac-588e-46db-a85b-93bd2c6e36ff as the min replicated index is 4. Deletion is not allowed in this container yet.
2019-10-24 19:56:10,892 [EventQueue-ContainerReportForContainerReportHandler] WARN  container.ContainerReportHandler (AbstractContainerReportHandler.java:updateContainerState(145)) - Container #1 is in OPEN state, but the datanode c0eea3b1-3778-46c9-978b-a52b9082cf96{ip: 192.168.157.225, host: pr-hdds-2344-jr7qb-497185894, networkLocation: /default-rack, certSerialId: null} reports an CLOSED replica.
2019-10-24 19:56:10,942 [java.util.concurrent.ThreadPoolExecutor$Worker@3a877cc9[State = -1, empty queue]] WARN  server.GrpcLogAppender (GrpcLogAppender.java:timeoutAppendRequest(209)) - c0eea3b1-3778-46c9-978b-a52b9082cf96@group-93BD2C6E36FF->c3cc0179-ddd8-47c0-b315-a087be9c7d41-GrpcLogAppender: appendEntries Timeout, request=c0eea3b1-3778-46c9-978b-a52b9082cf96->c3cc0179-ddd8-47c0-b315-a087be9c7d41#29-t1, previous=(t:1, i:10), leaderCommit=10, initializing? false, entries: <empty>
2019-10-24 19:56:11,092 [EventQueue-ContainerReportForContainerReportHandler] WARN  container.ContainerReportHandler (AbstractContainerReportHandler.java:updateContainerState(145)) - Container #1 is in OPEN state, but the datanode c0eea3b1-3778-46c9-978b-a52b9082cf96{ip: 192.168.157.225, host: pr-hdds-2344-jr7qb-497185894, networkLocation: /default-rack, certSerialId: null} reports an CLOSED replica.
2019-10-24 19:56:11,197 [EventQueue-ContainerReportForContainerReportHandler] WARN  container.ContainerReportHandler (AbstractContainerReportHandler.java:updateContainerState(145)) - Container #1 is in OPEN state, but the datanode 6ca7c49d-0fb9-47a0-84fc-ca56d60725ba{ip: 192.168.157.225, host: pr-hdds-2344-jr7qb-497185894, networkLocation: /default-rack, certSerialId: null} reports an CLOSED replica.
2019-10-24 19:56:11,493 [EventQueue-ContainerReportForContainerReportHandler] WARN  container.ContainerReportHandler (AbstractContainerReportHandler.java:updateContainerState(145)) - Container #1 is in OPEN state, but the datanode c0eea3b1-3778-46c9-978b-a52b9082cf96{ip: 192.168.157.225, host: pr-hdds-2344-jr7qb-497185894, networkLocation: /default-rack, certSerialId: null} reports an CLOSED replica.
2019-10-24 19:56:11,597 [EventQueue-ContainerReportForContainerReportHandler] WARN  container.ContainerReportHandler (AbstractContainerReportHandler.java:updateContainerState(145)) - Container #1 is in OPEN state, but the datanode 6ca7c49d-0fb9-47a0-84fc-ca56d60725ba{ip: 192.168.157.225, host: pr-hdds-2344-jr7qb-497185894, networkLocation: /default-rack, certSerialId: null} reports an CLOSED replica.
2019-10-24 19:56:11,793 [EventQueue-ContainerReportForContainerReportHandler] WARN  container.ContainerReportHandler (AbstractContainerReportHandler.java:updateContainerState(145)) - Container #1 is in OPEN state, but the datanode c0eea3b1-3778-46c9-978b-a52b9082cf96{ip: 192.168.157.225, host: pr-hdds-2344-jr7qb-497185894, networkLocation: /default-rack, certSerialId: null} reports an CLOSED replica.
2019-10-24 19:56:11,807 [BlockDeletingService#2] WARN  background.BlockDeletingService (BlockDeletingService.java:isDeletionAllowed(187)) - Close Container log Index 6 is not replicated across allthe servers in the pipeline e974d4ac-588e-46db-a85b-93bd2c6e36ff as the min replicated index is 4. Deletion is not allowed in this container yet.
2019-10-24 19:56:11,807 [BlockDeletingService#2] WARN  background.BlockDeletingService (BlockDeletingService.java:isDeletionAllowed(187)) - Close Container log Index 6 is not replicated across allthe servers in the pipeline e974d4ac-588e-46db-a85b-93bd2c6e36ff as the min replicated index is 4. Deletion is not allowed in this container yet.
2019-10-24 19:56:11,997 [EventQueue-ContainerReportForContainerReportHandler] WARN  container.ContainerReportHandler (AbstractContainerReportHandler.java:updateContainerState(145)) - Container #1 is in OPEN state, but the datanode 6ca7c49d-0fb9-47a0-84fc-ca56d60725ba{ip: 192.168.157.225, host: pr-hdds-2344-jr7qb-497185894, networkLocation: /default-rack, certSerialId: null} reports an CLOSED replica.
2019-10-24 19:56:12,094 [EventQueue-ContainerReportForContainerReportHandler] WARN  container.ContainerReportHandler (AbstractContainerReportHandler.java:updateContainerState(145)) - Container #1 is in OPEN state, but the datanode c0eea3b1-3778-46c9-978b-a52b9082cf96{ip: 192.168.157.225, host: pr-hdds-2344-jr7qb-497185894, networkLocation: /default-rack, certSerialId: null} reports an CLOSED replica.
2019-10-24 19:56:12,294 [EventQueue-ContainerReportForContainerReportHandler] WARN  container.ContainerReportHandler (AbstractContainerReportHandler.java:updateContainerState(145)) - Container #1 is in OPEN state, but the datanode c0eea3b1-3778-46c9-978b-a52b9082cf96{ip: 192.168.157.225, host: pr-hdds-2344-jr7qb-497185894, networkLocation: /default-rack, certSerialId: null} reports an CLOSED replica.
2019-10-24 19:56:12,297 [EventQueue-ContainerReportForContainerReportHandler] WARN  container.ContainerReportHandler (AbstractContainerReportHandler.java:updateContainerState(145)) - Container #1 is in OPEN state, but the datanode 6ca7c49d-0fb9-47a0-84fc-ca56d60725ba{ip: 192.168.157.225, host: pr-hdds-2344-jr7qb-497185894, networkLocation: /default-rack, certSerialId: null} reports an CLOSED replica.
2019-10-24 19:56:12,594 [EventQueue-ContainerReportForContainerReportHandler] WARN  container.ContainerReportHandler (AbstractContainerReportHandler.java:updateContainerState(145)) - Container #1 is in OPEN state, but the datanode c0eea3b1-3778-46c9-978b-a52b9082cf96{ip: 192.168.157.225, host: pr-hdds-2344-jr7qb-497185894, networkLocation: /default-rack, certSerialId: null} reports an CLOSED replica.
2019-10-24 19:56:12,598 [EventQueue-ContainerReportForContainerReportHandler] WARN  container.ContainerReportHandler (AbstractContainerReportHandler.java:updateContainerState(145)) - Container #1 is in OPEN state, but the datanode 6ca7c49d-0fb9-47a0-84fc-ca56d60725ba{ip: 192.168.157.225, host: pr-hdds-2344-jr7qb-497185894, networkLocation: /default-rack, certSerialId: null} reports an CLOSED replica.
2019-10-24 19:56:12,809 [BlockDeletingService#2] WARN  background.BlockDeletingService (BlockDeletingService.java:isDeletionAllowed(187)) - Close Container log Index 6 is not replicated across allthe servers in the pipeline e974d4ac-588e-46db-a85b-93bd2c6e36ff as the min replicated index is 4. Deletion is not allowed in this container yet.
2019-10-24 19:56:12,809 [BlockDeletingService#2] WARN  background.BlockDeletingService (BlockDeletingService.java:isDeletionAllowed(187)) - Close Container log Index 6 is not replicated across allthe servers in the pipeline e974d4ac-588e-46db-a85b-93bd2c6e36ff as the min replicated index is 4. Deletion is not allowed in this container yet.
2019-10-24 19:56:12,894 [EventQueue-ContainerReportForContainerReportHandler] WARN  container.ContainerReportHandler (AbstractContainerReportHandler.java:updateContainerState(145)) - Container #1 is in OPEN state, but the datanode c0eea3b1-3778-46c9-978b-a52b9082cf96{ip: 192.168.157.225, host: pr-hdds-2344-jr7qb-497185894, networkLocation: /default-rack, certSerialId: null} reports an CLOSED replica.
2019-10-24 19:56:12,898 [EventQueue-ContainerReportForContainerReportHandler] WARN  container.ContainerReportHandler (AbstractContainerReportHandler.java:updateContainerState(145)) - Container #1 is in OPEN state, but the datanode 6ca7c49d-0fb9-47a0-84fc-ca56d60725ba{ip: 192.168.157.225, host: pr-hdds-2344-jr7qb-497185894, networkLocation: /default-rack, certSerialId: null} reports an CLOSED replica.
2019-10-24 19:56:13,199 [EventQueue-ContainerReportForContainerReportHandler] WARN  container.ContainerReportHandler (AbstractContainerReportHandler.java:updateContainerState(145)) - Container #1 is in OPEN state, but the datanode 6ca7c49d-0fb9-47a0-84fc-ca56d60725ba{ip: 192.168.157.225, host: pr-hdds-2344-jr7qb-497185894, networkLocation: /default-rack, certSerialId: null} reports an CLOSED replica.
2019-10-24 19:56:13,295 [EventQueue-ContainerReportForContainerReportHandler] WARN  container.ContainerReportHandler (AbstractContainerReportHandler.java:updateContainerState(145)) - Container #1 is in OPEN state, but the datanode c0eea3b1-3778-46c9-978b-a52b9082cf96{ip: 192.168.157.225, host: pr-hdds-2344-jr7qb-497185894, networkLocation: /default-rack, certSerialId: null} reports an CLOSED replica.
2019-10-24 19:56:13,443 [java.util.concurrent.ThreadPoolExecutor$Worker@3a877cc9[State = -1, empty queue]] WARN  server.GrpcLogAppender (GrpcLogAppender.java:timeoutAppendRequest(209)) - c0eea3b1-3778-46c9-978b-a52b9082cf96@group-93BD2C6E36FF->c3cc0179-ddd8-47c0-b315-a087be9c7d41-GrpcLogAppender: appendEntries Timeout, request=c0eea3b1-3778-46c9-978b-a52b9082cf96->c3cc0179-ddd8-47c0-b315-a087be9c7d41#30-t1, previous=(t:1, i:10), leaderCommit=10, initializing? false, entries: <empty>
2019-10-24 19:56:13,495 [EventQueue-ContainerReportForContainerReportHandler] WARN  container.ContainerReportHandler (AbstractContainerReportHandler.java:updateContainerState(145)) - Container #1 is in OPEN state, but the datanode c0eea3b1-3778-46c9-978b-a52b9082cf96{ip: 192.168.157.225, host: pr-hdds-2344-jr7qb-497185894, networkLocation: /default-rack, certSerialId: null} reports an CLOSED replica.
2019-10-24 19:56:13,599 [EventQueue-ContainerReportForContainerReportHandler] WARN  container.ContainerReportHandler (AbstractContainerReportHandler.java:updateContainerState(145)) - Container #1 is in OPEN state, but the datanode 6ca7c49d-0fb9-47a0-84fc-ca56d60725ba{ip: 192.168.157.225, host: pr-hdds-2344-jr7qb-497185894, networkLocation: /default-rack, certSerialId: null} reports an CLOSED replica.
2019-10-24 19:56:13,794 [EventQueue-ContainerReportForContainerReportHandler] WARN  container.ContainerReportHandler (AbstractContainerReportHandler.java:updateContainerState(145)) - Container #1 is in OPEN state, but the datanode c0eea3b1-3778-46c9-978b-a52b9082cf96{ip: 192.168.157.225, host: pr-hdds-2344-jr7qb-497185894, networkLocation: /default-rack, certSerialId: null} reports an CLOSED replica.
2019-10-24 19:56:13,800 [EventQueue-ContainerReportForContainerReportHandler] WARN  container.ContainerReportHandler (AbstractContainerReportHandler.java:updateContainerState(145)) - Container #1 is in OPEN state, but the datanode 6ca7c49d-0fb9-47a0-84fc-ca56d60725ba{ip: 192.168.157.225, host: pr-hdds-2344-jr7qb-497185894, networkLocation: /default-rack, certSerialId: null} reports an CLOSED replica.
2019-10-24 19:56:13,811 [BlockDeletingService#2] WARN  background.BlockDeletingService (BlockDeletingService.java:isDeletionAllowed(187)) - Close Container log Index 6 is not replicated across allthe servers in the pipeline e974d4ac-588e-46db-a85b-93bd2c6e36ff as the min replicated index is 4. Deletion is not allowed in this container yet.
2019-10-24 19:56:13,811 [BlockDeletingService#2] WARN  background.BlockDeletingService (BlockDeletingService.java:isDeletionAllowed(187)) - Close Container log Index 6 is not replicated across allthe servers in the pipeline e974d4ac-588e-46db-a85b-93bd2c6e36ff as the min replicated index is 4. Deletion is not allowed in this container yet.
2019-10-24 19:56:13,994 [EventQueue-ContainerReportForContainerReportHandler] WARN  container.ContainerReportHandler (AbstractContainerReportHandler.java:updateContainerState(145)) - Container #1 is in OPEN state, but the datanode c0eea3b1-3778-46c9-978b-a52b9082cf96{ip: 192.168.157.225, host: pr-hdds-2344-jr7qb-497185894, networkLocation: /default-rack, certSerialId: null} reports an CLOSED replica.
2019-10-24 19:56:14,000 [EventQueue-ContainerReportForContainerReportHandler] WARN  container.ContainerReportHandler (AbstractContainerReportHandler.java:updateContainerState(145)) - Container #1 is in OPEN state, but the datanode 6ca7c49d-0fb9-47a0-84fc-ca56d60725ba{ip: 192.168.157.225, host: pr-hdds-2344-jr7qb-497185894, networkLocation: /default-rack, certSerialId: null} reports an CLOSED replica.
2019-10-24 19:56:14,295 [EventQueue-ContainerReportForContainerReportHandler] WARN  container.ContainerReportHandler (AbstractContainerReportHandler.java:updateContainerState(145)) - Container #1 is in OPEN state, but the datanode c0eea3b1-3778-46c9-978b-a52b9082cf96{ip: 192.168.157.225, host: pr-hdds-2344-jr7qb-497185894, networkLocation: /default-rack, certSerialId: null} reports an CLOSED replica.
2019-10-24 19:56:14,400 [EventQueue-ContainerReportForContainerReportHandler] WARN  container.ContainerReportHandler (AbstractContainerReportHandler.java:updateContainerState(145)) - Container #1 is in OPEN state, but the datanode 6ca7c49d-0fb9-47a0-84fc-ca56d60725ba{ip: 192.168.157.225, host: pr-hdds-2344-jr7qb-497185894, networkLocation: /default-rack, certSerialId: null} reports an CLOSED replica.
2019-10-24 19:56:14,496 [EventQueue-ContainerReportForContainerReportHandler] WARN  container.ContainerReportHandler (AbstractContainerReportHandler.java:updateContainerState(145)) - Container #1 is in OPEN state, but the datanode c0eea3b1-3778-46c9-978b-a52b9082cf96{ip: 192.168.157.225, host: pr-hdds-2344-jr7qb-497185894, networkLocation: /default-rack, certSerialId: null} reports an CLOSED replica.
2019-10-24 19:56:14,700 [EventQueue-ContainerReportForContainerReportHandler] WARN  container.ContainerReportHandler (AbstractContainerReportHandler.java:updateContainerState(145)) - Container #1 is in OPEN state, but the datanode 6ca7c49d-0fb9-47a0-84fc-ca56d60725ba{ip: 192.168.157.225, host: pr-hdds-2344-jr7qb-497185894, networkLocation: /default-rack, certSerialId: null} reports an CLOSED replica.
2019-10-24 19:56:14,813 [BlockDeletingService#2] WARN  background.BlockDeletingService (BlockDeletingService.java:isDeletionAllowed(187)) - Close Container log Index 6 is not replicated across allthe servers in the pipeline e974d4ac-588e-46db-a85b-93bd2c6e36ff as the min replicated index is 4. Deletion is not allowed in this container yet.
2019-10-24 19:56:14,813 [BlockDeletingService#2] WARN  background.BlockDeletingService (BlockDeletingService.java:isDeletionAllowed(187)) - Close Container log Index 6 is not replicated across allthe servers in the pipeline e974d4ac-588e-46db-a85b-93bd2c6e36ff as the min replicated index is 4. Deletion is not allowed in this container yet.
2019-10-24 19:56:14,899 [EventQueue-ContainerReportForContainerReportHandler] WARN  container.ContainerReportHandler (AbstractContainerReportHandler.java:updateContainerState(145)) - Container #1 is in OPEN state, but the datanode c0eea3b1-3778-46c9-978b-a52b9082cf96{ip: 192.168.157.225, host: pr-hdds-2344-jr7qb-497185894, networkLocation: /default-rack, certSerialId: null} reports an CLOSED replica.
2019-10-24 19:56:14,900 [EventQueue-ContainerReportForContainerReportHandler] WARN  container.ContainerReportHandler (AbstractContainerReportHandler.java:updateContainerState(145)) - Container #1 is in OPEN state, but the datanode 6ca7c49d-0fb9-47a0-84fc-ca56d60725ba{ip: 192.168.157.225, host: pr-hdds-2344-jr7qb-497185894, networkLocation: /default-rack, certSerialId: null} reports an CLOSED replica.
2019-10-24 19:56:14,985 [Thread-379] INFO  client.GrpcClientProtocolService (GrpcClientProtocolService.java:lambda$processClientRequest$0(279)) - Failed RaftClientRequest:client-705380899BAA->6ca7c49d-0fb9-47a0-84fc-ca56d60725ba@group-93BD2C6E36FF, cid=10, seq=0, Watch-ALL_COMMITTED(6), Message:<EMPTY>, reply=RaftClientReply:client-705380899BAA->6ca7c49d-0fb9-47a0-84fc-ca56d60725ba@group-93BD2C6E36FF, cid=10, FAILED org.apache.ratis.protocol.NotLeaderException: Server 6ca7c49d-0fb9-47a0-84fc-ca56d60725ba@group-93BD2C6E36FF is not the leader c0eea3b1-3778-46c9-978b-a52b9082cf96:192.168.157.225:33218, logIndex=0, commits[6ca7c49d-0fb9-47a0-84fc-ca56d60725ba:c10, c0eea3b1-3778-46c9-978b-a52b9082cf96:c10, c3cc0179-ddd8-47c0-b315-a087be9c7d41:c4]
2019-10-24 19:56:15,198 [EventQueue-ContainerReportForContainerReportHandler] WARN  container.ContainerReportHandler (AbstractContainerReportHandler.java:updateContainerState(145)) - Container #1 is in OPEN state, but the datanode c0eea3b1-3778-46c9-978b-a52b9082cf96{ip: 192.168.157.225, host: pr-hdds-2344-jr7qb-497185894, networkLocation: /default-rack, certSerialId: null} reports an CLOSED replica.
2019-10-24 19:56:15,200 [EventQueue-ContainerReportForContainerReportHandler] WARN  container.ContainerReportHandler (AbstractContainerReportHandler.java:updateContainerState(145)) - Container #1 is in OPEN state, but the datanode 6ca7c49d-0fb9-47a0-84fc-ca56d60725ba{ip: 192.168.157.225, host: pr-hdds-2344-jr7qb-497185894, networkLocation: /default-rack, certSerialId: null} reports an CLOSED replica.
2019-10-24 19:56:15,499 [EventQueue-ContainerReportForContainerReportHandler] WARN  container.ContainerReportHandler (AbstractContainerReportHandler.java:updateContainerState(145)) - Container #1 is in OPEN state, but the datanode c0eea3b1-3778-46c9-978b-a52b9082cf96{ip: 192.168.157.225, host: pr-hdds-2344-jr7qb-497185894, networkLocation: /default-rack, certSerialId: null} reports an CLOSED replica.
2019-10-24 19:56:15,500 [EventQueue-ContainerReportForContainerReportHandler] WARN  container.ContainerReportHandler (AbstractContainerReportHandler.java:updateContainerState(145)) - Container #1 is in OPEN state, but the datanode 6ca7c49d-0fb9-47a0-84fc-ca56d60725ba{ip: 192.168.157.225, host: pr-hdds-2344-jr7qb-497185894, networkLocation: /default-rack, certSerialId: null} reports an CLOSED replica.
2019-10-24 19:56:15,584 [Thread-382] INFO  client.GrpcClientProtocolService (GrpcClientProtocolService.java:lambda$processClientRequest$0(279)) - Failed RaftClientRequest:client-705380899BAA->c0eea3b1-3778-46c9-978b-a52b9082cf96@group-93BD2C6E36FF, cid=10, seq=0, Watch-ALL_COMMITTED(6), Message:<EMPTY>, reply=RaftClientReply:client-705380899BAA->c0eea3b1-3778-46c9-978b-a52b9082cf96@group-93BD2C6E36FF, cid=10, FAILED org.apache.ratis.protocol.NotReplicatedException: Request with call Id 10 and log index 6 is not yet replicated to ALL_COMMITTED, logIndex=6, commits[c0eea3b1-3778-46c9-978b-a52b9082cf96:c10, c3cc0179-ddd8-47c0-b315-a087be9c7d41:c4, 6ca7c49d-0fb9-47a0-84fc-ca56d60725ba:c10]
2019-10-24 19:56:15,798 [EventQueue-ContainerReportForContainerReportHandler] WARN  container.ContainerReportHandler (AbstractContainerReportHandler.java:updateContainerState(145)) - Container #1 is in OPEN state, but the datanode c0eea3b1-3778-46c9-978b-a52b9082cf96{ip: 192.168.157.225, host: pr-hdds-2344-jr7qb-497185894, networkLocation: /default-rack, certSerialId: null} reports an CLOSED replica.
2019-10-24 19:56:15,800 [EventQueue-ContainerReportForContainerReportHandler] WARN  container.ContainerReportHandler (AbstractContainerReportHandler.java:updateContainerState(145)) - Container #1 is in OPEN state, but the datanode 6ca7c49d-0fb9-47a0-84fc-ca56d60725ba{ip: 192.168.157.225, host: pr-hdds-2344-jr7qb-497185894, networkLocation: /default-rack, certSerialId: null} reports an CLOSED replica.
2019-10-24 19:56:15,815 [BlockDeletingService#2] WARN  background.BlockDeletingService (BlockDeletingService.java:isDeletionAllowed(187)) - Close Container log Index 6 is not replicated across allthe servers in the pipeline e974d4ac-588e-46db-a85b-93bd2c6e36ff as the min replicated index is 4. Deletion is not allowed in this container yet.
2019-10-24 19:56:15,816 [BlockDeletingService#2] WARN  background.BlockDeletingService (BlockDeletingService.java:isDeletionAllowed(187)) - Close Container log Index 6 is not replicated across allthe servers in the pipeline e974d4ac-588e-46db-a85b-93bd2c6e36ff as the min replicated index is 4. Deletion is not allowed in this container yet.
2019-10-24 19:56:15,944 [java.util.concurrent.ThreadPoolExecutor$Worker@3a877cc9[State = -1, empty queue]] WARN  server.GrpcLogAppender (GrpcLogAppender.java:timeoutAppendRequest(209)) - c0eea3b1-3778-46c9-978b-a52b9082cf96@group-93BD2C6E36FF->c3cc0179-ddd8-47c0-b315-a087be9c7d41-GrpcLogAppender: appendEntries Timeout, request=c0eea3b1-3778-46c9-978b-a52b9082cf96->c3cc0179-ddd8-47c0-b315-a087be9c7d41#31-t1, previous=(t:1, i:10), leaderCommit=10, initializing? false, entries: <empty>
2019-10-24 19:56:16,099 [EventQueue-ContainerReportForContainerReportHandler] WARN  container.ContainerReportHandler (AbstractContainerReportHandler.java:updateContainerState(145)) - Container #1 is in OPEN state, but the datanode c0eea3b1-3778-46c9-978b-a52b9082cf96{ip: 192.168.157.225, host: pr-hdds-2344-jr7qb-497185894, networkLocation: /default-rack, certSerialId: null} reports an CLOSED replica.
2019-10-24 19:56:16,200 [EventQueue-ContainerReportForContainerReportHandler] WARN  container.ContainerReportHandler (AbstractContainerReportHandler.java:updateContainerState(145)) - Container #1 is in OPEN state, but the datanode 6ca7c49d-0fb9-47a0-84fc-ca56d60725ba{ip: 192.168.157.225, host: pr-hdds-2344-jr7qb-497185894, networkLocation: /default-rack, certSerialId: null} reports an CLOSED replica.
2019-10-24 19:56:16,400 [EventQueue-ContainerReportForContainerReportHandler] WARN  container.ContainerReportHandler (AbstractContainerReportHandler.java:updateContainerState(145)) - Container #1 is in OPEN state, but the datanode 6ca7c49d-0fb9-47a0-84fc-ca56d60725ba{ip: 192.168.157.225, host: pr-hdds-2344-jr7qb-497185894, networkLocation: /default-rack, certSerialId: null} reports an CLOSED replica.
2019-10-24 19:56:16,499 [EventQueue-ContainerReportForContainerReportHandler] WARN  container.ContainerReportHandler (AbstractContainerReportHandler.java:updateContainerState(145)) - Container #1 is in OPEN state, but the datanode c0eea3b1-3778-46c9-978b-a52b9082cf96{ip: 192.168.157.225, host: pr-hdds-2344-jr7qb-497185894, networkLocation: /default-rack, certSerialId: null} reports an CLOSED replica.
2019-10-24 19:56:16,700 [EventQueue-ContainerReportForContainerReportHandler] WARN  container.ContainerReportHandler (AbstractContainerReportHandler.java:updateContainerState(145)) - Container #1 is in OPEN state, but the datanode 6ca7c49d-0fb9-47a0-84fc-ca56d60725ba{ip: 192.168.157.225, host: pr-hdds-2344-jr7qb-497185894, networkLocation: /default-rack, certSerialId: null} reports an CLOSED replica.
2019-10-24 19:56:16,798 [EventQueue-ContainerReportForContainerReportHandler] WARN  container.ContainerReportHandler (AbstractContainerReportHandler.java:updateContainerState(145)) - Container #1 is in OPEN state, but the datanode c0eea3b1-3778-46c9-978b-a52b9082cf96{ip: 192.168.157.225, host: pr-hdds-2344-jr7qb-497185894, networkLocation: /default-rack, certSerialId: null} reports an CLOSED replica.
2019-10-24 19:56:16,819 [BlockDeletingService#2] WARN  background.BlockDeletingService (BlockDeletingService.java:isDeletionAllowed(187)) - Close Container log Index 6 is not replicated across allthe servers in the pipeline e974d4ac-588e-46db-a85b-93bd2c6e36ff as the min replicated index is 4. Deletion is not allowed in this container yet.
2019-10-24 19:56:16,819 [BlockDeletingService#2] WARN  background.BlockDeletingService (BlockDeletingService.java:isDeletionAllowed(187)) - Close Container log Index 6 is not replicated across allthe servers in the pipeline e974d4ac-588e-46db-a85b-93bd2c6e36ff as the min replicated index is 4. Deletion is not allowed in this container yet.
2019-10-24 19:56:17,098 [EventQueue-ContainerReportForContainerReportHandler] WARN  container.ContainerReportHandler (AbstractContainerReportHandler.java:updateContainerState(145)) - Container #1 is in OPEN state, but the datanode c0eea3b1-3778-46c9-978b-a52b9082cf96{ip: 192.168.157.225, host: pr-hdds-2344-jr7qb-497185894, networkLocation: /default-rack, certSerialId: null} reports an CLOSED replica.
2019-10-24 19:56:17,100 [EventQueue-ContainerReportForContainerReportHandler] WARN  container.ContainerReportHandler (AbstractContainerReportHandler.java:updateContainerState(145)) - Container #1 is in OPEN state, but the datanode 6ca7c49d-0fb9-47a0-84fc-ca56d60725ba{ip: 192.168.157.225, host: pr-hdds-2344-jr7qb-497185894, networkLocation: /default-rack, certSerialId: null} reports an CLOSED replica.
2019-10-24 19:56:17,398 [EventQueue-ContainerReportForContainerReportHandler] WARN  container.ContainerReportHandler (AbstractContainerReportHandler.java:updateContainerState(145)) - Container #1 is in OPEN state, but the datanode c0eea3b1-3778-46c9-978b-a52b9082cf96{ip: 192.168.157.225, host: pr-hdds-2344-jr7qb-497185894, networkLocation: /default-rack, certSerialId: null} reports an CLOSED replica.
2019-10-24 19:56:17,400 [EventQueue-ContainerReportForContainerReportHandler] WARN  container.ContainerReportHandler (AbstractContainerReportHandler.java:updateContainerState(145)) - Container #1 is in OPEN state, but the datanode 6ca7c49d-0fb9-47a0-84fc-ca56d60725ba{ip: 192.168.157.225, host: pr-hdds-2344-jr7qb-497185894, networkLocation: /default-rack, certSerialId: null} reports an CLOSED replica.
2019-10-24 19:56:17,699 [EventQueue-ContainerReportForContainerReportHandler] WARN  container.ContainerReportHandler (AbstractContainerReportHandler.java:updateContainerState(145)) - Container #1 is in OPEN state, but the datanode c0eea3b1-3778-46c9-978b-a52b9082cf96{ip: 192.168.157.225, host: pr-hdds-2344-jr7qb-497185894, networkLocation: /default-rack, certSerialId: null} reports an CLOSED replica.
2019-10-24 19:56:17,800 [EventQueue-ContainerReportForContainerReportHandler] WARN  container.ContainerReportHandler (AbstractContainerReportHandler.java:updateContainerState(145)) - Container #1 is in OPEN state, but the datanode 6ca7c49d-0fb9-47a0-84fc-ca56d60725ba{ip: 192.168.157.225, host: pr-hdds-2344-jr7qb-497185894, networkLocation: /default-rack, certSerialId: null} reports an CLOSED replica.
2019-10-24 19:56:17,820 [BlockDeletingService#2] WARN  background.BlockDeletingService (BlockDeletingService.java:isDeletionAllowed(187)) - Close Container log Index 6 is not replicated across allthe servers in the pipeline e974d4ac-588e-46db-a85b-93bd2c6e36ff as the min replicated index is 4. Deletion is not allowed in this container yet.
2019-10-24 19:56:17,821 [BlockDeletingService#2] WARN  background.BlockDeletingService (BlockDeletingService.java:isDeletionAllowed(187)) - Close Container log Index 6 is not replicated across allthe servers in the pipeline e974d4ac-588e-46db-a85b-93bd2c6e36ff as the min replicated index is 4. Deletion is not allowed in this container yet.
2019-10-24 19:56:17,999 [EventQueue-ContainerReportForContainerReportHandler] WARN  container.ContainerReportHandler (AbstractContainerReportHandler.java:updateContainerState(145)) - Container #1 is in OPEN state, but the datanode c0eea3b1-3778-46c9-978b-a52b9082cf96{ip: 192.168.157.225, host: pr-hdds-2344-jr7qb-497185894, networkLocation: /default-rack, certSerialId: null} reports an CLOSED replica.
2019-10-24 19:56:18,000 [EventQueue-ContainerReportForContainerReportHandler] WARN  container.ContainerReportHandler (AbstractContainerReportHandler.java:updateContainerState(145)) - Container #1 is in OPEN state, but the datanode 6ca7c49d-0fb9-47a0-84fc-ca56d60725ba{ip: 192.168.157.225, host: pr-hdds-2344-jr7qb-497185894, networkLocation: /default-rack, certSerialId: null} reports an CLOSED replica.
2019-10-24 19:56:18,200 [EventQueue-ContainerReportForContainerReportHandler] WARN  container.ContainerReportHandler (AbstractContainerReportHandler.java:updateContainerState(145)) - Container #1 is in OPEN state, but the datanode 6ca7c49d-0fb9-47a0-84fc-ca56d60725ba{ip: 192.168.157.225, host: pr-hdds-2344-jr7qb-497185894, networkLocation: /default-rack, certSerialId: null} reports an CLOSED replica.
2019-10-24 19:56:18,299 [EventQueue-ContainerReportForContainerReportHandler] WARN  container.ContainerReportHandler (AbstractContainerReportHandler.java:updateContainerState(145)) - Container #1 is in OPEN state, but the datanode c0eea3b1-3778-46c9-978b-a52b9082cf96{ip: 192.168.157.225, host: pr-hdds-2344-jr7qb-497185894, networkLocation: /default-rack, certSerialId: null} reports an CLOSED replica.
2019-10-24 19:56:18,445 [java.util.concurrent.ThreadPoolExecutor$Worker@3a877cc9[State = -1, empty queue]] WARN  server.GrpcLogAppender (GrpcLogAppender.java:timeoutAppendRequest(209)) - c0eea3b1-3778-46c9-978b-a52b9082cf96@group-93BD2C6E36FF->c3cc0179-ddd8-47c0-b315-a087be9c7d41-GrpcLogAppender: appendEntries Timeout, request=c0eea3b1-3778-46c9-978b-a52b9082cf96->c3cc0179-ddd8-47c0-b315-a087be9c7d41#32-t1, previous=(t:1, i:10), leaderCommit=10, initializing? false, entries: <empty>
2019-10-24 19:56:18,599 [EventQueue-ContainerReportForContainerReportHandler] WARN  container.ContainerReportHandler (AbstractContainerReportHandler.java:updateContainerState(145)) - Container #1 is in OPEN state, but the datanode c0eea3b1-3778-46c9-978b-a52b9082cf96{ip: 192.168.157.225, host: pr-hdds-2344-jr7qb-497185894, networkLocation: /default-rack, certSerialId: null} reports an CLOSED replica.
2019-10-24 19:56:18,601 [EventQueue-ContainerReportForContainerReportHandler] WARN  container.ContainerReportHandler (AbstractContainerReportHandler.java:updateContainerState(145)) - Container #1 is in OPEN state, but the datanode 6ca7c49d-0fb9-47a0-84fc-ca56d60725ba{ip: 192.168.157.225, host: pr-hdds-2344-jr7qb-497185894, networkLocation: /default-rack, certSerialId: null} reports an CLOSED replica.
2019-10-24 19:56:18,822 [BlockDeletingService#2] WARN  background.BlockDeletingService (BlockDeletingService.java:isDeletionAllowed(187)) - Close Container log Index 6 is not replicated across allthe servers in the pipeline e974d4ac-588e-46db-a85b-93bd2c6e36ff as the min replicated index is 4. Deletion is not allowed in this container yet.
2019-10-24 19:56:18,822 [BlockDeletingService#2] WARN  background.BlockDeletingService (BlockDeletingService.java:isDeletionAllowed(187)) - Close Container log Index 6 is not replicated across allthe servers in the pipeline e974d4ac-588e-46db-a85b-93bd2c6e36ff as the min replicated index is 4. Deletion is not allowed in this container yet.
2019-10-24 19:56:18,900 [EventQueue-ContainerReportForContainerReportHandler] WARN  container.ContainerReportHandler (AbstractContainerReportHandler.java:updateContainerState(145)) - Container #1 is in OPEN state, but the datanode c0eea3b1-3778-46c9-978b-a52b9082cf96{ip: 192.168.157.225, host: pr-hdds-2344-jr7qb-497185894, networkLocation: /default-rack, certSerialId: null} reports an CLOSED replica.
2019-10-24 19:56:18,902 [EventQueue-ContainerReportForContainerReportHandler] WARN  container.ContainerReportHandler (AbstractContainerReportHandler.java:updateContainerState(145)) - Container #1 is in OPEN state, but the datanode 6ca7c49d-0fb9-47a0-84fc-ca56d60725ba{ip: 192.168.157.225, host: pr-hdds-2344-jr7qb-497185894, networkLocation: /default-rack, certSerialId: null} reports an CLOSED replica.
2019-10-24 19:56:19,201 [EventQueue-ContainerReportForContainerReportHandler] WARN  container.ContainerReportHandler (AbstractContainerReportHandler.java:updateContainerState(145)) - Container #1 is in OPEN state, but the datanode c0eea3b1-3778-46c9-978b-a52b9082cf96{ip: 192.168.157.225, host: pr-hdds-2344-jr7qb-497185894, networkLocation: /default-rack, certSerialId: null} reports an CLOSED replica.
2019-10-24 19:56:19,202 [EventQueue-ContainerReportForContainerReportHandler] WARN  container.ContainerReportHandler (AbstractContainerReportHandler.java:updateContainerState(145)) - Container #1 is in OPEN state, but the datanode 6ca7c49d-0fb9-47a0-84fc-ca56d60725ba{ip: 192.168.157.225, host: pr-hdds-2344-jr7qb-497185894, networkLocation: /default-rack, certSerialId: null} reports an CLOSED replica.
2019-10-24 19:56:19,402 [EventQueue-ContainerReportForContainerReportHandler] WARN  container.ContainerReportHandler (AbstractContainerReportHandler.java:updateContainerState(145)) - Container #1 is in OPEN state, but the datanode 6ca7c49d-0fb9-47a0-84fc-ca56d60725ba{ip: 192.168.157.225, host: pr-hdds-2344-jr7qb-497185894, networkLocation: /default-rack, certSerialId: null} reports an CLOSED replica.
2019-10-24 19:56:19,502 [EventQueue-ContainerReportForContainerReportHandler] WARN  container.ContainerReportHandler (AbstractContainerReportHandler.java:updateContainerState(145)) - Container #1 is in OPEN state, but the datanode c0eea3b1-3778-46c9-978b-a52b9082cf96{ip: 192.168.157.225, host: pr-hdds-2344-jr7qb-497185894, networkLocation: /default-rack, certSerialId: null} reports an CLOSED replica.
2019-10-24 19:56:19,702 [EventQueue-ContainerReportForContainerReportHandler] WARN  container.ContainerReportHandler (AbstractContainerReportHandler.java:updateContainerState(145)) - Container #1 is in OPEN state, but the datanode 6ca7c49d-0fb9-47a0-84fc-ca56d60725ba{ip: 192.168.157.225, host: pr-hdds-2344-jr7qb-497185894, networkLocation: /default-rack, certSerialId: null} reports an CLOSED replica.
2019-10-24 19:56:19,824 [BlockDeletingService#2] WARN  background.BlockDeletingService (BlockDeletingService.java:isDeletionAllowed(187)) - Close Container log Index 6 is not replicated across allthe servers in the pipeline e974d4ac-588e-46db-a85b-93bd2c6e36ff as the min replicated index is 4. Deletion is not allowed in this container yet.
2019-10-24 19:56:19,824 [BlockDeletingService#2] WARN  background.BlockDeletingService (BlockDeletingService.java:isDeletionAllowed(187)) - Close Container log Index 6 is not replicated across allthe servers in the pipeline e974d4ac-588e-46db-a85b-93bd2c6e36ff as the min replicated index is 4. Deletion is not allowed in this container yet.
2019-10-24 19:56:19,901 [EventQueue-ContainerReportForContainerReportHandler] WARN  container.ContainerReportHandler (AbstractContainerReportHandler.java:updateContainerState(145)) - Container #1 is in OPEN state, but the datanode c0eea3b1-3778-46c9-978b-a52b9082cf96{ip: 192.168.157.225, host: pr-hdds-2344-jr7qb-497185894, networkLocation: /default-rack, certSerialId: null} reports an CLOSED replica.
2019-10-24 19:56:20,103 [EventQueue-ContainerReportForContainerReportHandler] WARN  container.ContainerReportHandler (AbstractContainerReportHandler.java:updateContainerState(145)) - Container #1 is in OPEN state, but the datanode 6ca7c49d-0fb9-47a0-84fc-ca56d60725ba{ip: 192.168.157.225, host: pr-hdds-2344-jr7qb-497185894, networkLocation: /default-rack, certSerialId: null} reports an CLOSED replica.
2019-10-24 19:56:20,204 [EventQueue-ContainerReportForContainerReportHandler] WARN  container.ContainerReportHandler (AbstractContainerReportHandler.java:updateContainerState(145)) - Container #1 is in OPEN state, but the datanode c0eea3b1-3778-46c9-978b-a52b9082cf96{ip: 192.168.157.225, host: pr-hdds-2344-jr7qb-497185894, networkLocation: /default-rack, certSerialId: null} reports an CLOSED replica.
2019-10-24 19:56:20,303 [EventQueue-ContainerReportForContainerReportHandler] WARN  container.ContainerReportHandler (AbstractContainerReportHandler.java:updateContainerState(145)) - Container #1 is in OPEN state, but the datanode 6ca7c49d-0fb9-47a0-84fc-ca56d60725ba{ip: 192.168.157.225, host: pr-hdds-2344-jr7qb-497185894, networkLocation: /default-rack, certSerialId: null} reports an CLOSED replica.
2019-10-24 19:56:20,601 [EventQueue-ContainerReportForContainerReportHandler] WARN  container.ContainerReportHandler (AbstractContainerReportHandler.java:updateContainerState(145)) - Container #1 is in OPEN state, but the datanode c0eea3b1-3778-46c9-978b-a52b9082cf96{ip: 192.168.157.225, host: pr-hdds-2344-jr7qb-497185894, networkLocation: /default-rack, certSerialId: null} reports an CLOSED replica.
2019-10-24 19:56:20,604 [EventQueue-ContainerReportForContainerReportHandler] WARN  container.ContainerReportHandler (AbstractContainerReportHandler.java:updateContainerState(145)) - Container #1 is in OPEN state, but the datanode 6ca7c49d-0fb9-47a0-84fc-ca56d60725ba{ip: 192.168.157.225, host: pr-hdds-2344-jr7qb-497185894, networkLocation: /default-rack, certSerialId: null} reports an CLOSED replica.
2019-10-24 19:56:20,802 [EventQueue-ContainerReportForContainerReportHandler] WARN  container.ContainerReportHandler (AbstractContainerReportHandler.java:updateContainerState(145)) - Container #1 is in OPEN state, but the datanode c0eea3b1-3778-46c9-978b-a52b9082cf96{ip: 192.168.157.225, host: pr-hdds-2344-jr7qb-497185894, networkLocation: /default-rack, certSerialId: null} reports an CLOSED replica.
2019-10-24 19:56:20,826 [BlockDeletingService#2] WARN  background.BlockDeletingService (BlockDeletingService.java:isDeletionAllowed(187)) - Close Container log Index 6 is not replicated across allthe servers in the pipeline e974d4ac-588e-46db-a85b-93bd2c6e36ff as the min replicated index is 4. Deletion is not allowed in this container yet.
2019-10-24 19:56:20,826 [BlockDeletingService#2] WARN  background.BlockDeletingService (BlockDeletingService.java:isDeletionAllowed(187)) - Close Container log Index 6 is not replicated across allthe servers in the pipeline e974d4ac-588e-46db-a85b-93bd2c6e36ff as the min replicated index is 4. Deletion is not allowed in this container yet.
2019-10-24 19:56:20,904 [EventQueue-ContainerReportForContainerReportHandler] WARN  container.ContainerReportHandler (AbstractContainerReportHandler.java:updateContainerState(145)) - Container #1 is in OPEN state, but the datanode 6ca7c49d-0fb9-47a0-84fc-ca56d60725ba{ip: 192.168.157.225, host: pr-hdds-2344-jr7qb-497185894, networkLocation: /default-rack, certSerialId: null} reports an CLOSED replica.
2019-10-24 19:56:20,946 [java.util.concurrent.ThreadPoolExecutor$Worker@3a877cc9[State = -1, empty queue]] WARN  server.GrpcLogAppender (GrpcLogAppender.java:timeoutAppendRequest(209)) - c0eea3b1-3778-46c9-978b-a52b9082cf96@group-93BD2C6E36FF->c3cc0179-ddd8-47c0-b315-a087be9c7d41-GrpcLogAppender: appendEntries Timeout, request=c0eea3b1-3778-46c9-978b-a52b9082cf96->c3cc0179-ddd8-47c0-b315-a087be9c7d41#33-t1, previous=(t:1, i:10), leaderCommit=10, initializing? false, entries: <empty>
2019-10-24 19:56:21,202 [EventQueue-ContainerReportForContainerReportHandler] WARN  container.ContainerReportHandler (AbstractContainerReportHandler.java:updateContainerState(145)) - Container #1 is in OPEN state, but the datanode c0eea3b1-3778-46c9-978b-a52b9082cf96{ip: 192.168.157.225, host: pr-hdds-2344-jr7qb-497185894, networkLocation: /default-rack, certSerialId: null} reports an CLOSED replica.
2019-10-24 19:56:21,204 [EventQueue-ContainerReportForContainerReportHandler] WARN  container.ContainerReportHandler (AbstractContainerReportHandler.java:updateContainerState(145)) - Container #1 is in OPEN state, but the datanode 6ca7c49d-0fb9-47a0-84fc-ca56d60725ba{ip: 192.168.157.225, host: pr-hdds-2344-jr7qb-497185894, networkLocation: /default-rack, certSerialId: null} reports an CLOSED replica.
2019-10-24 19:56:21,404 [EventQueue-ContainerReportForContainerReportHandler] WARN  container.ContainerReportHandler (AbstractContainerReportHandler.java:updateContainerState(145)) - Container #1 is in OPEN state, but the datanode 6ca7c49d-0fb9-47a0-84fc-ca56d60725ba{ip: 192.168.157.225, host: pr-hdds-2344-jr7qb-497185894, networkLocation: /default-rack, certSerialId: null} reports an CLOSED replica.
2019-10-24 19:56:21,501 [EventQueue-ContainerReportForContainerReportHandler] WARN  container.ContainerReportHandler (AbstractContainerReportHandler.java:updateContainerState(145)) - Container #1 is in OPEN state, but the datanode c0eea3b1-3778-46c9-978b-a52b9082cf96{ip: 192.168.157.225, host: pr-hdds-2344-jr7qb-497185894, networkLocation: /default-rack, certSerialId: null} reports an CLOSED replica.
2019-10-24 19:56:21,704 [EventQueue-ContainerReportForContainerReportHandler] WARN  container.ContainerReportHandler (AbstractContainerReportHandler.java:updateContainerState(145)) - Container #1 is in OPEN state, but the datanode 6ca7c49d-0fb9-47a0-84fc-ca56d60725ba{ip: 192.168.157.225, host: pr-hdds-2344-jr7qb-497185894, networkLocation: /default-rack, certSerialId: null} reports an CLOSED replica.
2019-10-24 19:56:21,801 [EventQueue-ContainerReportForContainerReportHandler] WARN  container.ContainerReportHandler (AbstractContainerReportHandler.java:updateContainerState(145)) - Container #1 is in OPEN state, but the datanode c0eea3b1-3778-46c9-978b-a52b9082cf96{ip: 192.168.157.225, host: pr-hdds-2344-jr7qb-497185894, networkLocation: /default-rack, certSerialId: null} reports an CLOSED replica.
2019-10-24 19:56:21,828 [BlockDeletingService#2] WARN  background.BlockDeletingService (BlockDeletingService.java:isDeletionAllowed(187)) - Close Container log Index 6 is not replicated across allthe servers in the pipeline e974d4ac-588e-46db-a85b-93bd2c6e36ff as the min replicated index is 4. Deletion is not allowed in this container yet.
2019-10-24 19:56:21,828 [BlockDeletingService#2] WARN  background.BlockDeletingService (BlockDeletingService.java:isDeletionAllowed(187)) - Close Container log Index 6 is not replicated across allthe servers in the pipeline e974d4ac-588e-46db-a85b-93bd2c6e36ff as the min replicated index is 4. Deletion is not allowed in this container yet.
2019-10-24 19:56:22,102 [EventQueue-ContainerReportForContainerReportHandler] WARN  container.ContainerReportHandler (AbstractContainerReportHandler.java:updateContainerState(145)) - Container #1 is in OPEN state, but the datanode c0eea3b1-3778-46c9-978b-a52b9082cf96{ip: 192.168.157.225, host: pr-hdds-2344-jr7qb-497185894, networkLocation: /default-rack, certSerialId: null} reports an CLOSED replica.
2019-10-24 19:56:22,104 [EventQueue-ContainerReportForContainerReportHandler] WARN  container.ContainerReportHandler (AbstractContainerReportHandler.java:updateContainerState(145)) - Container #1 is in OPEN state, but the datanode 6ca7c49d-0fb9-47a0-84fc-ca56d60725ba{ip: 192.168.157.225, host: pr-hdds-2344-jr7qb-497185894, networkLocation: /default-rack, certSerialId: null} reports an CLOSED replica.
2019-10-24 19:56:22,502 [EventQueue-ContainerReportForContainerReportHandler] WARN  container.ContainerReportHandler (AbstractContainerReportHandler.java:updateContainerState(145)) - Container #1 is in OPEN state, but the datanode c0eea3b1-3778-46c9-978b-a52b9082cf96{ip: 192.168.157.225, host: pr-hdds-2344-jr7qb-497185894, networkLocation: /default-rack, certSerialId: null} reports an CLOSED replica.
2019-10-24 19:56:22,504 [EventQueue-ContainerReportForContainerReportHandler] WARN  container.ContainerReportHandler (AbstractContainerReportHandler.java:updateContainerState(145)) - Container #1 is in OPEN state, but the datanode 6ca7c49d-0fb9-47a0-84fc-ca56d60725ba{ip: 192.168.157.225, host: pr-hdds-2344-jr7qb-497185894, networkLocation: /default-rack, certSerialId: null} reports an CLOSED replica.
2019-10-24 19:56:22,703 [EventQueue-ContainerReportForContainerReportHandler] WARN  container.ContainerReportHandler (AbstractContainerReportHandler.java:updateContainerState(145)) - Container #1 is in OPEN state, but the datanode c0eea3b1-3778-46c9-978b-a52b9082cf96{ip: 192.168.157.225, host: pr-hdds-2344-jr7qb-497185894, networkLocation: /default-rack, certSerialId: null} reports an CLOSED replica.
2019-10-24 19:56:22,804 [EventQueue-ContainerReportForContainerReportHandler] WARN  container.ContainerReportHandler (AbstractContainerReportHandler.java:updateContainerState(145)) - Container #1 is in OPEN state, but the datanode 6ca7c49d-0fb9-47a0-84fc-ca56d60725ba{ip: 192.168.157.225, host: pr-hdds-2344-jr7qb-497185894, networkLocation: /default-rack, certSerialId: null} reports an CLOSED replica.
2019-10-24 19:56:22,830 [BlockDeletingService#2] WARN  background.BlockDeletingService (BlockDeletingService.java:isDeletionAllowed(187)) - Close Container log Index 6 is not replicated across allthe servers in the pipeline e974d4ac-588e-46db-a85b-93bd2c6e36ff as the min replicated index is 4. Deletion is not allowed in this container yet.
2019-10-24 19:56:22,830 [BlockDeletingService#2] WARN  background.BlockDeletingService (BlockDeletingService.java:isDeletionAllowed(187)) - Close Container log Index 6 is not replicated across allthe servers in the pipeline e974d4ac-588e-46db-a85b-93bd2c6e36ff as the min replicated index is 4. Deletion is not allowed in this container yet.
2019-10-24 19:56:23,003 [EventQueue-ContainerReportForContainerReportHandler] WARN  container.ContainerReportHandler (AbstractContainerReportHandler.java:updateContainerState(145)) - Container #1 is in OPEN state, but the datanode c0eea3b1-3778-46c9-978b-a52b9082cf96{ip: 192.168.157.225, host: pr-hdds-2344-jr7qb-497185894, networkLocation: /default-rack, certSerialId: null} reports an CLOSED replica.
2019-10-24 19:56:23,105 [EventQueue-ContainerReportForContainerReportHandler] WARN  container.ContainerReportHandler (AbstractContainerReportHandler.java:updateContainerState(145)) - Container #1 is in OPEN state, but the datanode 6ca7c49d-0fb9-47a0-84fc-ca56d60725ba{ip: 192.168.157.225, host: pr-hdds-2344-jr7qb-497185894, networkLocation: /default-rack, certSerialId: null} reports an CLOSED replica.
2019-10-24 19:56:23,303 [EventQueue-ContainerReportForContainerReportHandler] WARN  container.ContainerReportHandler (AbstractContainerReportHandler.java:updateContainerState(145)) - Container #1 is in OPEN state, but the datanode c0eea3b1-3778-46c9-978b-a52b9082cf96{ip: 192.168.157.225, host: pr-hdds-2344-jr7qb-497185894, networkLocation: /default-rack, certSerialId: null} reports an CLOSED replica.
2019-10-24 19:56:23,448 [java.util.concurrent.ThreadPoolExecutor$Worker@3a877cc9[State = -1, empty queue]] WARN  server.GrpcLogAppender (GrpcLogAppender.java:timeoutAppendRequest(209)) - c0eea3b1-3778-46c9-978b-a52b9082cf96@group-93BD2C6E36FF->c3cc0179-ddd8-47c0-b315-a087be9c7d41-GrpcLogAppender: appendEntries Timeout, request=c0eea3b1-3778-46c9-978b-a52b9082cf96->c3cc0179-ddd8-47c0-b315-a087be9c7d41#34-t1, previous=(t:1, i:10), leaderCommit=10, initializing? false, entries: <empty>
2019-10-24 19:56:23,504 [EventQueue-ContainerReportForContainerReportHandler] WARN  container.ContainerReportHandler (AbstractContainerReportHandler.java:updateContainerState(145)) - Container #1 is in OPEN state, but the datanode 6ca7c49d-0fb9-47a0-84fc-ca56d60725ba{ip: 192.168.157.225, host: pr-hdds-2344-jr7qb-497185894, networkLocation: /default-rack, certSerialId: null} reports an CLOSED replica.
2019-10-24 19:56:23,605 [EventQueue-ContainerReportForContainerReportHandler] WARN  container.ContainerReportHandler (AbstractContainerReportHandler.java:updateContainerState(145)) - Container #1 is in OPEN state, but the datanode c0eea3b1-3778-46c9-978b-a52b9082cf96{ip: 192.168.157.225, host: pr-hdds-2344-jr7qb-497185894, networkLocation: /default-rack, certSerialId: null} reports an CLOSED replica.
2019-10-24 19:56:23,805 [EventQueue-ContainerReportForContainerReportHandler] WARN  container.ContainerReportHandler (AbstractContainerReportHandler.java:updateContainerState(145)) - Container #1 is in OPEN state, but the datanode 6ca7c49d-0fb9-47a0-84fc-ca56d60725ba{ip: 192.168.157.225, host: pr-hdds-2344-jr7qb-497185894, networkLocation: /default-rack, certSerialId: null} reports an CLOSED replica.
2019-10-24 19:56:23,833 [BlockDeletingService#2] WARN  background.BlockDeletingService (BlockDeletingService.java:isDeletionAllowed(187)) - Close Container log Index 6 is not replicated across allthe servers in the pipeline e974d4ac-588e-46db-a85b-93bd2c6e36ff as the min replicated index is 4. Deletion is not allowed in this container yet.
2019-10-24 19:56:23,833 [BlockDeletingService#2] WARN  background.BlockDeletingService (BlockDeletingService.java:isDeletionAllowed(187)) - Close Container log Index 6 is not replicated across allthe servers in the pipeline e974d4ac-588e-46db-a85b-93bd2c6e36ff as the min replicated index is 4. Deletion is not allowed in this container yet.
2019-10-24 19:56:24,005 [EventQueue-ContainerReportForContainerReportHandler] WARN  container.ContainerReportHandler (AbstractContainerReportHandler.java:updateContainerState(145)) - Container #1 is in OPEN state, but the datanode c0eea3b1-3778-46c9-978b-a52b9082cf96{ip: 192.168.157.225, host: pr-hdds-2344-jr7qb-497185894, networkLocation: /default-rack, certSerialId: null} reports an CLOSED replica.
2019-10-24 19:56:24,026 [Thread-407] INFO  client.GrpcClientProtocolService (GrpcClientProtocolService.java:lambda$processClientRequest$0(279)) - Failed RaftClientRequest:client-705380899BAA->6ca7c49d-0fb9-47a0-84fc-ca56d60725ba@group-93BD2C6E36FF, cid=10, seq=0, Watch-ALL_COMMITTED(6), Message:<EMPTY>, reply=RaftClientReply:client-705380899BAA->6ca7c49d-0fb9-47a0-84fc-ca56d60725ba@group-93BD2C6E36FF, cid=10, FAILED org.apache.ratis.protocol.NotLeaderException: Server 6ca7c49d-0fb9-47a0-84fc-ca56d60725ba@group-93BD2C6E36FF is not the leader c0eea3b1-3778-46c9-978b-a52b9082cf96:192.168.157.225:33218, logIndex=0, commits[6ca7c49d-0fb9-47a0-84fc-ca56d60725ba:c10, c0eea3b1-3778-46c9-978b-a52b9082cf96:c10, c3cc0179-ddd8-47c0-b315-a087be9c7d41:c4]
2019-10-24 19:56:24,104 [EventQueue-ContainerReportForContainerReportHandler] WARN  container.ContainerReportHandler (AbstractContainerReportHandler.java:updateContainerState(145)) - Container #1 is in OPEN state, but the datanode 6ca7c49d-0fb9-47a0-84fc-ca56d60725ba{ip: 192.168.157.225, host: pr-hdds-2344-jr7qb-497185894, networkLocation: /default-rack, certSerialId: null} reports an CLOSED replica.
2019-10-24 19:56:24,305 [EventQueue-ContainerReportForContainerReportHandler] WARN  container.ContainerReportHandler (AbstractContainerReportHandler.java:updateContainerState(145)) - Container #1 is in OPEN state, but the datanode c0eea3b1-3778-46c9-978b-a52b9082cf96{ip: 192.168.157.225, host: pr-hdds-2344-jr7qb-497185894, networkLocation: /default-rack, certSerialId: null} reports an CLOSED replica.
2019-10-24 19:56:24,404 [EventQueue-ContainerReportForContainerReportHandler] WARN  container.ContainerReportHandler (AbstractContainerReportHandler.java:updateContainerState(145)) - Container #1 is in OPEN state, but the datanode 6ca7c49d-0fb9-47a0-84fc-ca56d60725ba{ip: 192.168.157.225, host: pr-hdds-2344-jr7qb-497185894, networkLocation: /default-rack, certSerialId: null} reports an CLOSED replica.
2019-10-24 19:56:24,705 [EventQueue-ContainerReportForContainerReportHandler] WARN  container.ContainerReportHandler (AbstractContainerReportHandler.java:updateContainerState(145)) - Container #1 is in OPEN state, but the datanode c0eea3b1-3778-46c9-978b-a52b9082cf96{ip: 192.168.157.225, host: pr-hdds-2344-jr7qb-497185894, networkLocation: /default-rack, certSerialId: null} reports an CLOSED replica.
2019-10-24 19:56:24,804 [EventQueue-ContainerReportForContainerReportHandler] WARN  container.ContainerReportHandler (AbstractContainerReportHandler.java:updateContainerState(145)) - Container #1 is in OPEN state, but the datanode 6ca7c49d-0fb9-47a0-84fc-ca56d60725ba{ip: 192.168.157.225, host: pr-hdds-2344-jr7qb-497185894, networkLocation: /default-rack, certSerialId: null} reports an CLOSED replica.
2019-10-24 19:56:24,835 [BlockDeletingService#2] WARN  background.BlockDeletingService (BlockDeletingService.java:isDeletionAllowed(187)) - Close Container log Index 6 is not replicated across allthe servers in the pipeline e974d4ac-588e-46db-a85b-93bd2c6e36ff as the min replicated index is 4. Deletion is not allowed in this container yet.
2019-10-24 19:56:24,835 [BlockDeletingService#2] WARN  background.BlockDeletingService (BlockDeletingService.java:isDeletionAllowed(187)) - Close Container log Index 6 is not replicated across allthe servers in the pipeline e974d4ac-588e-46db-a85b-93bd2c6e36ff as the min replicated index is 4. Deletion is not allowed in this container yet.
2019-10-24 19:56:25,005 [EventQueue-ContainerReportForContainerReportHandler] WARN  container.ContainerReportHandler (AbstractContainerReportHandler.java:updateContainerState(145)) - Container #1 is in OPEN state, but the datanode 6ca7c49d-0fb9-47a0-84fc-ca56d60725ba{ip: 192.168.157.225, host: pr-hdds-2344-jr7qb-497185894, networkLocation: /default-rack, certSerialId: null} reports an CLOSED replica.
2019-10-24 19:56:25,105 [EventQueue-ContainerReportForContainerReportHandler] WARN  container.ContainerReportHandler (AbstractContainerReportHandler.java:updateContainerState(145)) - Container #1 is in OPEN state, but the datanode c0eea3b1-3778-46c9-978b-a52b9082cf96{ip: 192.168.157.225, host: pr-hdds-2344-jr7qb-497185894, networkLocation: /default-rack, certSerialId: null} reports an CLOSED replica.
2019-10-24 19:56:25,204 [EventQueue-ContainerReportForContainerReportHandler] WARN  container.ContainerReportHandler (AbstractContainerReportHandler.java:updateContainerState(145)) - Container #1 is in OPEN state, but the datanode 6ca7c49d-0fb9-47a0-84fc-ca56d60725ba{ip: 192.168.157.225, host: pr-hdds-2344-jr7qb-497185894, networkLocation: /default-rack, certSerialId: null} reports an CLOSED replica.
2019-10-24 19:56:25,305 [EventQueue-ContainerReportForContainerReportHandler] WARN  container.ContainerReportHandler (AbstractContainerReportHandler.java:updateContainerState(145)) - Container #1 is in OPEN state, but the datanode c0eea3b1-3778-46c9-978b-a52b9082cf96{ip: 192.168.157.225, host: pr-hdds-2344-jr7qb-497185894, networkLocation: /default-rack, certSerialId: null} reports an CLOSED replica.
2019-10-24 19:56:25,504 [EventQueue-ContainerReportForContainerReportHandler] WARN  container.ContainerReportHandler (AbstractContainerReportHandler.java:updateContainerState(145)) - Container #1 is in OPEN state, but the datanode 6ca7c49d-0fb9-47a0-84fc-ca56d60725ba{ip: 192.168.157.225, host: pr-hdds-2344-jr7qb-497185894, networkLocation: /default-rack, certSerialId: null} reports an CLOSED replica.
2019-10-24 19:56:25,585 [Thread-412] INFO  client.GrpcClientProtocolService (GrpcClientProtocolService.java:lambda$processClientRequest$0(279)) - Failed RaftClientRequest:client-705380899BAA->c0eea3b1-3778-46c9-978b-a52b9082cf96@group-93BD2C6E36FF, cid=10, seq=0, Watch-ALL_COMMITTED(6), Message:<EMPTY>, reply=RaftClientReply:client-705380899BAA->c0eea3b1-3778-46c9-978b-a52b9082cf96@group-93BD2C6E36FF, cid=10, FAILED org.apache.ratis.protocol.NotReplicatedException: Request with call Id 10 and log index 6 is not yet replicated to ALL_COMMITTED, logIndex=6, commits[c0eea3b1-3778-46c9-978b-a52b9082cf96:c10, c3cc0179-ddd8-47c0-b315-a087be9c7d41:c4, 6ca7c49d-0fb9-47a0-84fc-ca56d60725ba:c10]
2019-10-24 19:56:25,605 [EventQueue-ContainerReportForContainerReportHandler] WARN  container.ContainerReportHandler (AbstractContainerReportHandler.java:updateContainerState(145)) - Container #1 is in OPEN state, but the datanode c0eea3b1-3778-46c9-978b-a52b9082cf96{ip: 192.168.157.225, host: pr-hdds-2344-jr7qb-497185894, networkLocation: /default-rack, certSerialId: null} reports an CLOSED replica.
2019-10-24 19:56:25,804 [EventQueue-ContainerReportForContainerReportHandler] WARN  container.ContainerReportHandler (AbstractContainerReportHandler.java:updateContainerState(145)) - Container #1 is in OPEN state, but the datanode 6ca7c49d-0fb9-47a0-84fc-ca56d60725ba{ip: 192.168.157.225, host: pr-hdds-2344-jr7qb-497185894, networkLocation: /default-rack, certSerialId: null} reports an CLOSED replica.
2019-10-24 19:56:25,839 [BlockDeletingService#2] WARN  background.BlockDeletingService (BlockDeletingService.java:isDeletionAllowed(187)) - Close Container log Index 6 is not replicated across allthe servers in the pipeline e974d4ac-588e-46db-a85b-93bd2c6e36ff as the min replicated index is 4. Deletion is not allowed in this container yet.
2019-10-24 19:56:25,839 [BlockDeletingService#2] WARN  background.BlockDeletingService (BlockDeletingService.java:isDeletionAllowed(187)) - Close Container log Index 6 is not replicated across allthe servers in the pipeline e974d4ac-588e-46db-a85b-93bd2c6e36ff as the min replicated index is 4. Deletion is not allowed in this container yet.
2019-10-24 19:56:25,906 [EventQueue-ContainerReportForContainerReportHandler] WARN  container.ContainerReportHandler (AbstractContainerReportHandler.java:updateContainerState(145)) - Container #1 is in OPEN state, but the datanode c0eea3b1-3778-46c9-978b-a52b9082cf96{ip: 192.168.157.225, host: pr-hdds-2344-jr7qb-497185894, networkLocation: /default-rack, certSerialId: null} reports an CLOSED replica.
2019-10-24 19:56:25,949 [java.util.concurrent.ThreadPoolExecutor$Worker@3a877cc9[State = -1, empty queue]] WARN  server.GrpcLogAppender (GrpcLogAppender.java:timeoutAppendRequest(209)) - c0eea3b1-3778-46c9-978b-a52b9082cf96@group-93BD2C6E36FF->c3cc0179-ddd8-47c0-b315-a087be9c7d41-GrpcLogAppender: appendEntries Timeout, request=c0eea3b1-3778-46c9-978b-a52b9082cf96->c3cc0179-ddd8-47c0-b315-a087be9c7d41#35-t1, previous=(t:1, i:10), leaderCommit=10, initializing? false, entries: <empty>
2019-10-24 19:56:26,204 [EventQueue-ContainerReportForContainerReportHandler] WARN  container.ContainerReportHandler (AbstractContainerReportHandler.java:updateContainerState(145)) - Container #1 is in OPEN state, but the datanode 6ca7c49d-0fb9-47a0-84fc-ca56d60725ba{ip: 192.168.157.225, host: pr-hdds-2344-jr7qb-497185894, networkLocation: /default-rack, certSerialId: null} reports an CLOSED replica.
2019-10-24 19:56:26,206 [EventQueue-ContainerReportForContainerReportHandler] WARN  container.ContainerReportHandler (AbstractContainerReportHandler.java:updateContainerState(145)) - Container #1 is in OPEN state, but the datanode c0eea3b1-3778-46c9-978b-a52b9082cf96{ip: 192.168.157.225, host: pr-hdds-2344-jr7qb-497185894, networkLocation: /default-rack, certSerialId: null} reports an CLOSED replica.
2019-10-24 19:56:26,505 [EventQueue-ContainerReportForContainerReportHandler] WARN  container.ContainerReportHandler (AbstractContainerReportHandler.java:updateContainerState(145)) - Container #1 is in OPEN state, but the datanode 6ca7c49d-0fb9-47a0-84fc-ca56d60725ba{ip: 192.168.157.225, host: pr-hdds-2344-jr7qb-497185894, networkLocation: /default-rack, certSerialId: null} reports an CLOSED replica.
2019-10-24 19:56:26,506 [EventQueue-ContainerReportForContainerReportHandler] WARN  container.ContainerReportHandler (AbstractContainerReportHandler.java:updateContainerState(145)) - Container #1 is in OPEN state, but the datanode c0eea3b1-3778-46c9-978b-a52b9082cf96{ip: 192.168.157.225, host: pr-hdds-2344-jr7qb-497185894, networkLocation: /default-rack, certSerialId: null} reports an CLOSED replica.
2019-10-24 19:56:26,806 [EventQueue-ContainerReportForContainerReportHandler] WARN  container.ContainerReportHandler (AbstractContainerReportHandler.java:updateContainerState(145)) - Container #1 is in OPEN state, but the datanode c0eea3b1-3778-46c9-978b-a52b9082cf96{ip: 192.168.157.225, host: pr-hdds-2344-jr7qb-497185894, networkLocation: /default-rack, certSerialId: null} reports an CLOSED replica.
2019-10-24 19:56:26,842 [BlockDeletingService#2] WARN  background.BlockDeletingService (BlockDeletingService.java:isDeletionAllowed(187)) - Close Container log Index 6 is not replicated across allthe servers in the pipeline e974d4ac-588e-46db-a85b-93bd2c6e36ff as the min replicated index is 4. Deletion is not allowed in this container yet.
2019-10-24 19:56:26,842 [BlockDeletingService#2] WARN  background.BlockDeletingService (BlockDeletingService.java:isDeletionAllowed(187)) - Close Container log Index 6 is not replicated across allthe servers in the pipeline e974d4ac-588e-46db-a85b-93bd2c6e36ff as the min replicated index is 4. Deletion is not allowed in this container yet.
2019-10-24 19:56:26,905 [EventQueue-ContainerReportForContainerReportHandler] WARN  container.ContainerReportHandler (AbstractContainerReportHandler.java:updateContainerState(145)) - Container #1 is in OPEN state, but the datanode 6ca7c49d-0fb9-47a0-84fc-ca56d60725ba{ip: 192.168.157.225, host: pr-hdds-2344-jr7qb-497185894, networkLocation: /default-rack, certSerialId: null} reports an CLOSED replica.
2019-10-24 19:56:27,007 [EventQueue-ContainerReportForContainerReportHandler] WARN  container.ContainerReportHandler (AbstractContainerReportHandler.java:updateContainerState(145)) - Container #1 is in OPEN state, but the datanode c0eea3b1-3778-46c9-978b-a52b9082cf96{ip: 192.168.157.225, host: pr-hdds-2344-jr7qb-497185894, networkLocation: /default-rack, certSerialId: null} reports an CLOSED replica.
2019-10-24 19:56:27,105 [EventQueue-ContainerReportForContainerReportHandler] WARN  container.ContainerReportHandler (AbstractContainerReportHandler.java:updateContainerState(145)) - Container #1 is in OPEN state, but the datanode 6ca7c49d-0fb9-47a0-84fc-ca56d60725ba{ip: 192.168.157.225, host: pr-hdds-2344-jr7qb-497185894, networkLocation: /default-rack, certSerialId: null} reports an CLOSED replica.
2019-10-24 19:56:27,307 [EventQueue-ContainerReportForContainerReportHandler] WARN  container.ContainerReportHandler (AbstractContainerReportHandler.java:updateContainerState(145)) - Container #1 is in OPEN state, but the datanode c0eea3b1-3778-46c9-978b-a52b9082cf96{ip: 192.168.157.225, host: pr-hdds-2344-jr7qb-497185894, networkLocation: /default-rack, certSerialId: null} reports an CLOSED replica.
2019-10-24 19:56:27,405 [EventQueue-ContainerReportForContainerReportHandler] WARN  container.ContainerReportHandler (AbstractContainerReportHandler.java:updateContainerState(145)) - Container #1 is in OPEN state, but the datanode 6ca7c49d-0fb9-47a0-84fc-ca56d60725ba{ip: 192.168.157.225, host: pr-hdds-2344-jr7qb-497185894, networkLocation: /default-rack, certSerialId: null} reports an CLOSED replica.
2019-10-24 19:56:27,507 [EventQueue-ContainerReportForContainerReportHandler] WARN  container.ContainerReportHandler (AbstractContainerReportHandler.java:updateContainerState(145)) - Container #1 is in OPEN state, but the datanode c0eea3b1-3778-46c9-978b-a52b9082cf96{ip: 192.168.157.225, host: pr-hdds-2344-jr7qb-497185894, networkLocation: /default-rack, certSerialId: null} reports an CLOSED replica.
2019-10-24 19:56:27,805 [EventQueue-ContainerReportForContainerReportHandler] WARN  container.ContainerReportHandler (AbstractContainerReportHandler.java:updateContainerState(145)) - Container #1 is in OPEN state, but the datanode 6ca7c49d-0fb9-47a0-84fc-ca56d60725ba{ip: 192.168.157.225, host: pr-hdds-2344-jr7qb-497185894, networkLocation: /default-rack, certSerialId: null} reports an CLOSED replica.
2019-10-24 19:56:27,807 [EventQueue-ContainerReportForContainerReportHandler] WARN  container.ContainerReportHandler (AbstractContainerReportHandler.java:updateContainerState(145)) - Container #1 is in OPEN state, but the datanode c0eea3b1-3778-46c9-978b-a52b9082cf96{ip: 192.168.157.225, host: pr-hdds-2344-jr7qb-497185894, networkLocation: /default-rack, certSerialId: null} reports an CLOSED replica.
2019-10-24 19:56:27,844 [BlockDeletingService#2] WARN  background.BlockDeletingService (BlockDeletingService.java:isDeletionAllowed(187)) - Close Container log Index 6 is not replicated across allthe servers in the pipeline e974d4ac-588e-46db-a85b-93bd2c6e36ff as the min replicated index is 4. Deletion is not allowed in this container yet.
2019-10-24 19:56:27,844 [BlockDeletingService#2] WARN  background.BlockDeletingService (BlockDeletingService.java:isDeletionAllowed(187)) - Close Container log Index 6 is not replicated across allthe servers in the pipeline e974d4ac-588e-46db-a85b-93bd2c6e36ff as the min replicated index is 4. Deletion is not allowed in this container yet.
2019-10-24 19:56:28,105 [EventQueue-ContainerReportForContainerReportHandler] WARN  container.ContainerReportHandler (AbstractContainerReportHandler.java:updateContainerState(145)) - Container #1 is in OPEN state, but the datanode 6ca7c49d-0fb9-47a0-84fc-ca56d60725ba{ip: 192.168.157.225, host: pr-hdds-2344-jr7qb-497185894, networkLocation: /default-rack, certSerialId: null} reports an CLOSED replica.
2019-10-24 19:56:28,207 [EventQueue-ContainerReportForContainerReportHandler] WARN  container.ContainerReportHandler (AbstractContainerReportHandler.java:updateContainerState(145)) - Container #1 is in OPEN state, but the datanode c0eea3b1-3778-46c9-978b-a52b9082cf96{ip: 192.168.157.225, host: pr-hdds-2344-jr7qb-497185894, networkLocation: /default-rack, certSerialId: null} reports an CLOSED replica.
2019-10-24 19:56:28,406 [EventQueue-ContainerReportForContainerReportHandler] WARN  container.ContainerReportHandler (AbstractContainerReportHandler.java:updateContainerState(145)) - Container #1 is in OPEN state, but the datanode 6ca7c49d-0fb9-47a0-84fc-ca56d60725ba{ip: 192.168.157.225, host: pr-hdds-2344-jr7qb-497185894, networkLocation: /default-rack, certSerialId: null} reports an CLOSED replica.
2019-10-24 19:56:28,450 [java.util.concurrent.ThreadPoolExecutor$Worker@3a877cc9[State = -1, empty queue]] WARN  server.GrpcLogAppender (GrpcLogAppender.java:timeoutAppendRequest(209)) - c0eea3b1-3778-46c9-978b-a52b9082cf96@group-93BD2C6E36FF->c3cc0179-ddd8-47c0-b315-a087be9c7d41-GrpcLogAppender: appendEntries Timeout, request=c0eea3b1-3778-46c9-978b-a52b9082cf96->c3cc0179-ddd8-47c0-b315-a087be9c7d41#36-t1, previous=(t:1, i:10), leaderCommit=10, initializing? false, entries: <empty>
2019-10-24 19:56:28,507 [EventQueue-ContainerReportForContainerReportHandler] WARN  container.ContainerReportHandler (AbstractContainerReportHandler.java:updateContainerState(145)) - Container #1 is in OPEN state, but the datanode c0eea3b1-3778-46c9-978b-a52b9082cf96{ip: 192.168.157.225, host: pr-hdds-2344-jr7qb-497185894, networkLocation: /default-rack, certSerialId: null} reports an CLOSED replica.
2019-10-24 19:56:28,707 [EventQueue-ContainerReportForContainerReportHandler] WARN  container.ContainerReportHandler (AbstractContainerReportHandler.java:updateContainerState(145)) - Container #1 is in OPEN state, but the datanode c0eea3b1-3778-46c9-978b-a52b9082cf96{ip: 192.168.157.225, host: pr-hdds-2344-jr7qb-497185894, networkLocation: /default-rack, certSerialId: null} reports an CLOSED replica.
2019-10-24 19:56:28,807 [EventQueue-ContainerReportForContainerReportHandler] WARN  container.ContainerReportHandler (AbstractContainerReportHandler.java:updateContainerState(145)) - Container #1 is in OPEN state, but the datanode 6ca7c49d-0fb9-47a0-84fc-ca56d60725ba{ip: 192.168.157.225, host: pr-hdds-2344-jr7qb-497185894, networkLocation: /default-rack, certSerialId: null} reports an CLOSED replica.
2019-10-24 19:56:28,847 [BlockDeletingService#2] WARN  background.BlockDeletingService (BlockDeletingService.java:isDeletionAllowed(187)) - Close Container log Index 6 is not replicated across allthe servers in the pipeline e974d4ac-588e-46db-a85b-93bd2c6e36ff as the min replicated index is 4. Deletion is not allowed in this container yet.
2019-10-24 19:56:28,847 [BlockDeletingService#2] WARN  background.BlockDeletingService (BlockDeletingService.java:isDeletionAllowed(187)) - Close Container log Index 6 is not replicated across allthe servers in the pipeline e974d4ac-588e-46db-a85b-93bd2c6e36ff as the min replicated index is 4. Deletion is not allowed in this container yet.
2019-10-24 19:56:29,009 [EventQueue-ContainerReportForContainerReportHandler] WARN  container.ContainerReportHandler (AbstractContainerReportHandler.java:updateContainerState(145)) - Container #1 is in OPEN state, but the datanode c0eea3b1-3778-46c9-978b-a52b9082cf96{ip: 192.168.157.225, host: pr-hdds-2344-jr7qb-497185894, networkLocation: /default-rack, certSerialId: null} reports an CLOSED replica.
2019-10-24 19:56:29,107 [EventQueue-ContainerReportForContainerReportHandler] WARN  container.ContainerReportHandler (AbstractContainerReportHandler.java:updateContainerState(145)) - Container #1 is in OPEN state, but the datanode 6ca7c49d-0fb9-47a0-84fc-ca56d60725ba{ip: 192.168.157.225, host: pr-hdds-2344-jr7qb-497185894, networkLocation: /default-rack, certSerialId: null} reports an CLOSED replica.
2019-10-24 19:56:29,309 [EventQueue-ContainerReportForContainerReportHandler] WARN  container.ContainerReportHandler (AbstractContainerReportHandler.java:updateContainerState(145)) - Container #1 is in OPEN state, but the datanode c0eea3b1-3778-46c9-978b-a52b9082cf96{ip: 192.168.157.225, host: pr-hdds-2344-jr7qb-497185894, networkLocation: /default-rack, certSerialId: null} reports an CLOSED replica.
2019-10-24 19:56:29,407 [EventQueue-ContainerReportForContainerReportHandler] WARN  container.ContainerReportHandler (AbstractContainerReportHandler.java:updateContainerState(145)) - Container #1 is in OPEN state, but the datanode 6ca7c49d-0fb9-47a0-84fc-ca56d60725ba{ip: 192.168.157.225, host: pr-hdds-2344-jr7qb-497185894, networkLocation: /default-rack, certSerialId: null} reports an CLOSED replica.
2019-10-24 19:56:29,608 [EventQueue-ContainerReportForContainerReportHandler] WARN  container.ContainerReportHandler (AbstractContainerReportHandler.java:updateContainerState(145)) - Container #1 is in OPEN state, but the datanode c0eea3b1-3778-46c9-978b-a52b9082cf96{ip: 192.168.157.225, host: pr-hdds-2344-jr7qb-497185894, networkLocation: /default-rack, certSerialId: null} reports an CLOSED replica.
2019-10-24 19:56:29,808 [EventQueue-ContainerReportForContainerReportHandler] WARN  container.ContainerReportHandler (AbstractContainerReportHandler.java:updateContainerState(145)) - Container #1 is in OPEN state, but the datanode 6ca7c49d-0fb9-47a0-84fc-ca56d60725ba{ip: 192.168.157.225, host: pr-hdds-2344-jr7qb-497185894, networkLocation: /default-rack, certSerialId: null} reports an CLOSED replica.
2019-10-24 19:56:29,849 [BlockDeletingService#2] WARN  background.BlockDeletingService (BlockDeletingService.java:isDeletionAllowed(187)) - Close Container log Index 6 is not replicated across allthe servers in the pipeline e974d4ac-588e-46db-a85b-93bd2c6e36ff as the min replicated index is 4. Deletion is not allowed in this container yet.
2019-10-24 19:56:29,849 [BlockDeletingService#2] WARN  background.BlockDeletingService (BlockDeletingService.java:isDeletionAllowed(187)) - Close Container log Index 6 is not replicated across allthe servers in the pipeline e974d4ac-588e-46db-a85b-93bd2c6e36ff as the min replicated index is 4. Deletion is not allowed in this container yet.
2019-10-24 19:56:29,908 [EventQueue-ContainerReportForContainerReportHandler] WARN  container.ContainerReportHandler (AbstractContainerReportHandler.java:updateContainerState(145)) - Container #1 is in OPEN state, but the datanode c0eea3b1-3778-46c9-978b-a52b9082cf96{ip: 192.168.157.225, host: pr-hdds-2344-jr7qb-497185894, networkLocation: /default-rack, certSerialId: null} reports an CLOSED replica.
2019-10-24 19:56:30,107 [EventQueue-ContainerReportForContainerReportHandler] WARN  container.ContainerReportHandler (AbstractContainerReportHandler.java:updateContainerState(145)) - Container #1 is in OPEN state, but the datanode 6ca7c49d-0fb9-47a0-84fc-ca56d60725ba{ip: 192.168.157.225, host: pr-hdds-2344-jr7qb-497185894, networkLocation: /default-rack, certSerialId: null} reports an CLOSED replica.
2019-10-24 19:56:30,108 [EventQueue-ContainerReportForContainerReportHandler] WARN  container.ContainerReportHandler (AbstractContainerReportHandler.java:updateContainerState(145)) - Container #1 is in OPEN state, but the datanode c0eea3b1-3778-46c9-978b-a52b9082cf96{ip: 192.168.157.225, host: pr-hdds-2344-jr7qb-497185894, networkLocation: /default-rack, certSerialId: null} reports an CLOSED replica.
2019-10-24 19:56:30,307 [EventQueue-ContainerReportForContainerReportHandler] WARN  container.ContainerReportHandler (AbstractContainerReportHandler.java:updateContainerState(145)) - Container #1 is in OPEN state, but the datanode 6ca7c49d-0fb9-47a0-84fc-ca56d60725ba{ip: 192.168.157.225, host: pr-hdds-2344-jr7qb-497185894, networkLocation: /default-rack, certSerialId: null} reports an CLOSED replica.
2019-10-24 19:56:30,408 [EventQueue-ContainerReportForContainerReportHandler] WARN  container.ContainerReportHandler (AbstractContainerReportHandler.java:updateContainerState(145)) - Container #1 is in OPEN state, but the datanode c0eea3b1-3778-46c9-978b-a52b9082cf96{ip: 192.168.157.225, host: pr-hdds-2344-jr7qb-497185894, networkLocation: /default-rack, certSerialId: null} reports an CLOSED replica.
2019-10-24 19:56:30,707 [EventQueue-ContainerReportForContainerReportHandler] WARN  container.ContainerReportHandler (AbstractContainerReportHandler.java:updateContainerState(145)) - Container #1 is in OPEN state, but the datanode 6ca7c49d-0fb9-47a0-84fc-ca56d60725ba{ip: 192.168.157.225, host: pr-hdds-2344-jr7qb-497185894, networkLocation: /default-rack, certSerialId: null} reports an CLOSED replica.
2019-10-24 19:56:30,708 [EventQueue-ContainerReportForContainerReportHandler] WARN  container.ContainerReportHandler (AbstractContainerReportHandler.java:updateContainerState(145)) - Container #1 is in OPEN state, but the datanode c0eea3b1-3778-46c9-978b-a52b9082cf96{ip: 192.168.157.225, host: pr-hdds-2344-jr7qb-497185894, networkLocation: /default-rack, certSerialId: null} reports an CLOSED replica.
2019-10-24 19:56:30,851 [BlockDeletingService#2] WARN  background.BlockDeletingService (BlockDeletingService.java:isDeletionAllowed(187)) - Close Container log Index 6 is not replicated across allthe servers in the pipeline e974d4ac-588e-46db-a85b-93bd2c6e36ff as the min replicated index is 4. Deletion is not allowed in this container yet.
2019-10-24 19:56:30,851 [BlockDeletingService#2] WARN  background.BlockDeletingService (BlockDeletingService.java:isDeletionAllowed(187)) - Close Container log Index 6 is not replicated across allthe servers in the pipeline e974d4ac-588e-46db-a85b-93bd2c6e36ff as the min replicated index is 4. Deletion is not allowed in this container yet.
2019-10-24 19:56:30,907 [EventQueue-ContainerReportForContainerReportHandler] WARN  container.ContainerReportHandler (AbstractContainerReportHandler.java:updateContainerState(145)) - Container #1 is in OPEN state, but the datanode 6ca7c49d-0fb9-47a0-84fc-ca56d60725ba{ip: 192.168.157.225, host: pr-hdds-2344-jr7qb-497185894, networkLocation: /default-rack, certSerialId: null} reports an CLOSED replica.
2019-10-24 19:56:30,951 [java.util.concurrent.ThreadPoolExecutor$Worker@3a877cc9[State = -1, empty queue]] WARN  server.GrpcLogAppender (GrpcLogAppender.java:timeoutAppendRequest(209)) - c0eea3b1-3778-46c9-978b-a52b9082cf96@group-93BD2C6E36FF->c3cc0179-ddd8-47c0-b315-a087be9c7d41-GrpcLogAppender: appendEntries Timeout, request=c0eea3b1-3778-46c9-978b-a52b9082cf96->c3cc0179-ddd8-47c0-b315-a087be9c7d41#37-t1, previous=(t:1, i:10), leaderCommit=10, initializing? false, entries: <empty>
2019-10-24 19:56:31,108 [EventQueue-ContainerReportForContainerReportHandler] WARN  container.ContainerReportHandler (AbstractContainerReportHandler.java:updateContainerState(145)) - Container #1 is in OPEN state, but the datanode c0eea3b1-3778-46c9-978b-a52b9082cf96{ip: 192.168.157.225, host: pr-hdds-2344-jr7qb-497185894, networkLocation: /default-rack, certSerialId: null} reports an CLOSED replica.
2019-10-24 19:56:31,208 [EventQueue-ContainerReportForContainerReportHandler] WARN  container.ContainerReportHandler (AbstractContainerReportHandler.java:updateContainerState(145)) - Container #1 is in OPEN state, but the datanode 6ca7c49d-0fb9-47a0-84fc-ca56d60725ba{ip: 192.168.157.225, host: pr-hdds-2344-jr7qb-497185894, networkLocation: /default-rack, certSerialId: null} reports an CLOSED replica.
2019-10-24 19:56:31,409 [EventQueue-ContainerReportForContainerReportHandler] WARN  container.ContainerReportHandler (AbstractContainerReportHandler.java:updateContainerState(145)) - Container #1 is in OPEN state, but the datanode c0eea3b1-3778-46c9-978b-a52b9082cf96{ip: 192.168.157.225, host: pr-hdds-2344-jr7qb-497185894, networkLocation: /default-rack, certSerialId: null} reports an CLOSED replica.
2019-10-24 19:56:31,509 [EventQueue-ContainerReportForContainerReportHandler] WARN  container.ContainerReportHandler (AbstractContainerReportHandler.java:updateContainerState(145)) - Container #1 is in OPEN state, but the datanode 6ca7c49d-0fb9-47a0-84fc-ca56d60725ba{ip: 192.168.157.225, host: pr-hdds-2344-jr7qb-497185894, networkLocation: /default-rack, certSerialId: null} reports an CLOSED replica.
2019-10-24 19:56:31,808 [EventQueue-ContainerReportForContainerReportHandler] WARN  container.ContainerReportHandler (AbstractContainerReportHandler.java:updateContainerState(145)) - Container #1 is in OPEN state, but the datanode c0eea3b1-3778-46c9-978b-a52b9082cf96{ip: 192.168.157.225, host: pr-hdds-2344-jr7qb-497185894, networkLocation: /default-rack, certSerialId: null} reports an CLOSED replica.
2019-10-24 19:56:31,809 [EventQueue-ContainerReportForContainerReportHandler] WARN  container.ContainerReportHandler (AbstractContainerReportHandler.java:updateContainerState(145)) - Container #1 is in OPEN state, but the datanode 6ca7c49d-0fb9-47a0-84fc-ca56d60725ba{ip: 192.168.157.225, host: pr-hdds-2344-jr7qb-497185894, networkLocation: /default-rack, certSerialId: null} reports an CLOSED replica.
2019-10-24 19:56:31,854 [BlockDeletingService#2] WARN  background.BlockDeletingService (BlockDeletingService.java:isDeletionAllowed(187)) - Close Container log Index 6 is not replicated across allthe servers in the pipeline e974d4ac-588e-46db-a85b-93bd2c6e36ff as the min replicated index is 4. Deletion is not allowed in this container yet.
2019-10-24 19:56:31,854 [BlockDeletingService#2] WARN  background.BlockDeletingService (BlockDeletingService.java:isDeletionAllowed(187)) - Close Container log Index 6 is not replicated across allthe servers in the pipeline e974d4ac-588e-46db-a85b-93bd2c6e36ff as the min replicated index is 4. Deletion is not allowed in this container yet.
2019-10-24 19:56:32,108 [EventQueue-ContainerReportForContainerReportHandler] WARN  container.ContainerReportHandler (AbstractContainerReportHandler.java:updateContainerState(145)) - Container #1 is in OPEN state, but the datanode c0eea3b1-3778-46c9-978b-a52b9082cf96{ip: 192.168.157.225, host: pr-hdds-2344-jr7qb-497185894, networkLocation: /default-rack, certSerialId: null} reports an CLOSED replica.
2019-10-24 19:56:32,108 [EventQueue-ContainerReportForContainerReportHandler] WARN  container.ContainerReportHandler (AbstractContainerReportHandler.java:updateContainerState(145)) - Container #1 is in OPEN state, but the datanode 6ca7c49d-0fb9-47a0-84fc-ca56d60725ba{ip: 192.168.157.225, host: pr-hdds-2344-jr7qb-497185894, networkLocation: /default-rack, certSerialId: null} reports an CLOSED replica.
2019-10-24 19:56:32,408 [EventQueue-ContainerReportForContainerReportHandler] WARN  container.ContainerReportHandler (AbstractContainerReportHandler.java:updateContainerState(145)) - Container #1 is in OPEN state, but the datanode 6ca7c49d-0fb9-47a0-84fc-ca56d60725ba{ip: 192.168.157.225, host: pr-hdds-2344-jr7qb-497185894, networkLocation: /default-rack, certSerialId: null} reports an CLOSED replica.
2019-10-24 19:56:32,409 [EventQueue-ContainerReportForContainerReportHandler] WARN  container.ContainerReportHandler (AbstractContainerReportHandler.java:updateContainerState(145)) - Container #1 is in OPEN state, but the datanode c0eea3b1-3778-46c9-978b-a52b9082cf96{ip: 192.168.157.225, host: pr-hdds-2344-jr7qb-497185894, networkLocation: /default-rack, certSerialId: null} reports an CLOSED replica.
2019-10-24 19:56:32,708 [EventQueue-ContainerReportForContainerReportHandler] WARN  container.ContainerReportHandler (AbstractContainerReportHandler.java:updateContainerState(145)) - Container #1 is in OPEN state, but the datanode c0eea3b1-3778-46c9-978b-a52b9082cf96{ip: 192.168.157.225, host: pr-hdds-2344-jr7qb-497185894, networkLocation: /default-rack, certSerialId: null} reports an CLOSED replica.
2019-10-24 19:56:32,709 [EventQueue-ContainerReportForContainerReportHandler] WARN  container.ContainerReportHandler (AbstractContainerReportHandler.java:updateContainerState(145)) - Container #1 is in OPEN state, but the datanode 6ca7c49d-0fb9-47a0-84fc-ca56d60725ba{ip: 192.168.157.225, host: pr-hdds-2344-jr7qb-497185894, networkLocation: /default-rack, certSerialId: null} reports an CLOSED replica.
2019-10-24 19:56:32,855 [BlockDeletingService#2] WARN  background.BlockDeletingService (BlockDeletingService.java:isDeletionAllowed(187)) - Close Container log Index 6 is not replicated across allthe servers in the pipeline e974d4ac-588e-46db-a85b-93bd2c6e36ff as the min replicated index is 4. Deletion is not allowed in this container yet.
2019-10-24 19:56:32,855 [BlockDeletingService#2] WARN  background.BlockDeletingService (BlockDeletingService.java:isDeletionAllowed(187)) - Close Container log Index 6 is not replicated across allthe servers in the pipeline e974d4ac-588e-46db-a85b-93bd2c6e36ff as the min replicated index is 4. Deletion is not allowed in this container yet.
2019-10-24 19:56:32,909 [EventQueue-ContainerReportForContainerReportHandler] WARN  container.ContainerReportHandler (AbstractContainerReportHandler.java:updateContainerState(145)) - Container #1 is in OPEN state, but the datanode 6ca7c49d-0fb9-47a0-84fc-ca56d60725ba{ip: 192.168.157.225, host: pr-hdds-2344-jr7qb-497185894, networkLocation: /default-rack, certSerialId: null} reports an CLOSED replica.
2019-10-24 19:56:33,059 [Thread-434] INFO  client.GrpcClientProtocolService (GrpcClientProtocolService.java:lambda$processClientRequest$0(279)) - Failed RaftClientRequest:client-705380899BAA->6ca7c49d-0fb9-47a0-84fc-ca56d60725ba@group-93BD2C6E36FF, cid=10, seq=0, Watch-ALL_COMMITTED(6), Message:<EMPTY>, reply=RaftClientReply:client-705380899BAA->6ca7c49d-0fb9-47a0-84fc-ca56d60725ba@group-93BD2C6E36FF, cid=10, FAILED org.apache.ratis.protocol.NotLeaderException: Server 6ca7c49d-0fb9-47a0-84fc-ca56d60725ba@group-93BD2C6E36FF is not the leader c0eea3b1-3778-46c9-978b-a52b9082cf96:192.168.157.225:33218, logIndex=0, commits[6ca7c49d-0fb9-47a0-84fc-ca56d60725ba:c10, c0eea3b1-3778-46c9-978b-a52b9082cf96:c10, c3cc0179-ddd8-47c0-b315-a087be9c7d41:c4]
2019-10-24 19:56:33,108 [EventQueue-ContainerReportForContainerReportHandler] WARN  container.ContainerReportHandler (AbstractContainerReportHandler.java:updateContainerState(145)) - Container #1 is in OPEN state, but the datanode c0eea3b1-3778-46c9-978b-a52b9082cf96{ip: 192.168.157.225, host: pr-hdds-2344-jr7qb-497185894, networkLocation: /default-rack, certSerialId: null} reports an CLOSED replica.
2019-10-24 19:56:33,208 [EventQueue-ContainerReportForContainerReportHandler] WARN  container.ContainerReportHandler (AbstractContainerReportHandler.java:updateContainerState(145)) - Container #1 is in OPEN state, but the datanode 6ca7c49d-0fb9-47a0-84fc-ca56d60725ba{ip: 192.168.157.225, host: pr-hdds-2344-jr7qb-497185894, networkLocation: /default-rack, certSerialId: null} reports an CLOSED replica.
2019-10-24 19:56:33,409 [EventQueue-ContainerReportForContainerReportHandler] WARN  container.ContainerReportHandler (AbstractContainerReportHandler.java:updateContainerState(145)) - Container #1 is in OPEN state, but the datanode c0eea3b1-3778-46c9-978b-a52b9082cf96{ip: 192.168.157.225, host: pr-hdds-2344-jr7qb-497185894, networkLocation: /default-rack, certSerialId: null} reports an CLOSED replica.
2019-10-24 19:56:33,453 [java.util.concurrent.ThreadPoolExecutor$Worker@3a877cc9[State = -1, empty queue]] WARN  server.GrpcLogAppender (GrpcLogAppender.java:timeoutAppendRequest(209)) - c0eea3b1-3778-46c9-978b-a52b9082cf96@group-93BD2C6E36FF->c3cc0179-ddd8-47c0-b315-a087be9c7d41-GrpcLogAppender: appendEntries Timeout, request=c0eea3b1-3778-46c9-978b-a52b9082cf96->c3cc0179-ddd8-47c0-b315-a087be9c7d41#38-t1, previous=(t:1, i:10), leaderCommit=10, initializing? false, entries: <empty>
2019-10-24 19:56:33,509 [EventQueue-ContainerReportForContainerReportHandler] WARN  container.ContainerReportHandler (AbstractContainerReportHandler.java:updateContainerState(145)) - Container #1 is in OPEN state, but the datanode 6ca7c49d-0fb9-47a0-84fc-ca56d60725ba{ip: 192.168.157.225, host: pr-hdds-2344-jr7qb-497185894, networkLocation: /default-rack, certSerialId: null} reports an CLOSED replica.
2019-10-24 19:56:33,711 [EventQueue-ContainerReportForContainerReportHandler] WARN  container.ContainerReportHandler (AbstractContainerReportHandler.java:updateContainerState(145)) - Container #1 is in OPEN state, but the datanode c0eea3b1-3778-46c9-978b-a52b9082cf96{ip: 192.168.157.225, host: pr-hdds-2344-jr7qb-497185894, networkLocation: /default-rack, certSerialId: null} reports an CLOSED replica.
2019-10-24 19:56:33,857 [BlockDeletingService#2] WARN  background.BlockDeletingService (BlockDeletingService.java:isDeletionAllowed(187)) - Close Container log Index 6 is not replicated across allthe servers in the pipeline e974d4ac-588e-46db-a85b-93bd2c6e36ff as the min replicated index is 4. Deletion is not allowed in this container yet.
2019-10-24 19:56:33,857 [BlockDeletingService#2] WARN  background.BlockDeletingService (BlockDeletingService.java:isDeletionAllowed(187)) - Close Container log Index 6 is not replicated across allthe servers in the pipeline e974d4ac-588e-46db-a85b-93bd2c6e36ff as the min replicated index is 4. Deletion is not allowed in this container yet.
2019-10-24 19:56:33,910 [EventQueue-ContainerReportForContainerReportHandler] WARN  container.ContainerReportHandler (AbstractContainerReportHandler.java:updateContainerState(145)) - Container #1 is in OPEN state, but the datanode 6ca7c49d-0fb9-47a0-84fc-ca56d60725ba{ip: 192.168.157.225, host: pr-hdds-2344-jr7qb-497185894, networkLocation: /default-rack, certSerialId: null} reports an CLOSED replica.
2019-10-24 19:56:34,013 [EventQueue-ContainerReportForContainerReportHandler] WARN  container.ContainerReportHandler (AbstractContainerReportHandler.java:updateContainerState(145)) - Container #1 is in OPEN state, but the datanode c0eea3b1-3778-46c9-978b-a52b9082cf96{ip: 192.168.157.225, host: pr-hdds-2344-jr7qb-497185894, networkLocation: /default-rack, certSerialId: null} reports an CLOSED replica.
2019-10-24 19:56:34,210 [EventQueue-ContainerReportForContainerReportHandler] WARN  container.ContainerReportHandler (AbstractContainerReportHandler.java:updateContainerState(145)) - Container #1 is in OPEN state, but the datanode c0eea3b1-3778-46c9-978b-a52b9082cf96{ip: 192.168.157.225, host: pr-hdds-2344-jr7qb-497185894, networkLocation: /default-rack, certSerialId: null} reports an CLOSED replica.
2019-10-24 19:56:34,210 [EventQueue-ContainerReportForContainerReportHandler] WARN  container.ContainerReportHandler (AbstractContainerReportHandler.java:updateContainerState(145)) - Container #1 is in OPEN state, but the datanode 6ca7c49d-0fb9-47a0-84fc-ca56d60725ba{ip: 192.168.157.225, host: pr-hdds-2344-jr7qb-497185894, networkLocation: /default-rack, certSerialId: null} reports an CLOSED replica.
2019-10-24 19:56:34,510 [EventQueue-ContainerReportForContainerReportHandler] WARN  container.ContainerReportHandler (AbstractContainerReportHandler.java:updateContainerState(145)) - Container #1 is in OPEN state, but the datanode 6ca7c49d-0fb9-47a0-84fc-ca56d60725ba{ip: 192.168.157.225, host: pr-hdds-2344-jr7qb-497185894, networkLocation: /default-rack, certSerialId: null} reports an CLOSED replica.
2019-10-24 19:56:34,584 [Thread-440] INFO  client.GrpcClientProtocolService (GrpcClientProtocolService.java:lambda$processClientRequest$0(279)) - Failed RaftClientRequest:client-705380899BAA->c0eea3b1-3778-46c9-978b-a52b9082cf96@group-93BD2C6E36FF, cid=10, seq=0, Watch-ALL_COMMITTED(6), Message:<EMPTY>, reply=RaftClientReply:client-705380899BAA->c0eea3b1-3778-46c9-978b-a52b9082cf96@group-93BD2C6E36FF, cid=10, FAILED org.apache.ratis.protocol.NotReplicatedException: Request with call Id 10 and log index 6 is not yet replicated to ALL_COMMITTED, logIndex=6, commits[c0eea3b1-3778-46c9-978b-a52b9082cf96:c10, c3cc0179-ddd8-47c0-b315-a087be9c7d41:c4, 6ca7c49d-0fb9-47a0-84fc-ca56d60725ba:c10]
2019-10-24 19:56:34,610 [EventQueue-ContainerReportForContainerReportHandler] WARN  container.ContainerReportHandler (AbstractContainerReportHandler.java:updateContainerState(145)) - Container #1 is in OPEN state, but the datanode c0eea3b1-3778-46c9-978b-a52b9082cf96{ip: 192.168.157.225, host: pr-hdds-2344-jr7qb-497185894, networkLocation: /default-rack, certSerialId: null} reports an CLOSED replica.
2019-10-24 19:56:34,859 [BlockDeletingService#2] WARN  background.BlockDeletingService (BlockDeletingService.java:isDeletionAllowed(187)) - Close Container log Index 6 is not replicated across allthe servers in the pipeline e974d4ac-588e-46db-a85b-93bd2c6e36ff as the min replicated index is 4. Deletion is not allowed in this container yet.
2019-10-24 19:56:34,859 [BlockDeletingService#2] WARN  background.BlockDeletingService (BlockDeletingService.java:isDeletionAllowed(187)) - Close Container log Index 6 is not replicated across allthe servers in the pipeline e974d4ac-588e-46db-a85b-93bd2c6e36ff as the min replicated index is 4. Deletion is not allowed in this container yet.
2019-10-24 19:56:34,911 [EventQueue-ContainerReportForContainerReportHandler] WARN  container.ContainerReportHandler (AbstractContainerReportHandler.java:updateContainerState(145)) - Container #1 is in OPEN state, but the datanode c0eea3b1-3778-46c9-978b-a52b9082cf96{ip: 192.168.157.225, host: pr-hdds-2344-jr7qb-497185894, networkLocation: /default-rack, certSerialId: null} reports an CLOSED replica.
2019-10-24 19:56:34,911 [EventQueue-ContainerReportForContainerReportHandler] WARN  container.ContainerReportHandler (AbstractContainerReportHandler.java:updateContainerState(145)) - Container #1 is in OPEN state, but the datanode 6ca7c49d-0fb9-47a0-84fc-ca56d60725ba{ip: 192.168.157.225, host: pr-hdds-2344-jr7qb-497185894, networkLocation: /default-rack, certSerialId: null} reports an CLOSED replica.
2019-10-24 19:56:35,113 [EventQueue-ContainerReportForContainerReportHandler] WARN  container.ContainerReportHandler (AbstractContainerReportHandler.java:updateContainerState(145)) - Container #1 is in OPEN state, but the datanode 6ca7c49d-0fb9-47a0-84fc-ca56d60725ba{ip: 192.168.157.225, host: pr-hdds-2344-jr7qb-497185894, networkLocation: /default-rack, certSerialId: null} reports an CLOSED replica.
2019-10-24 19:56:35,213 [EventQueue-ContainerReportForContainerReportHandler] WARN  container.ContainerReportHandler (AbstractContainerReportHandler.java:updateContainerState(145)) - Container #1 is in OPEN state, but the datanode c0eea3b1-3778-46c9-978b-a52b9082cf96{ip: 192.168.157.225, host: pr-hdds-2344-jr7qb-497185894, networkLocation: /default-rack, certSerialId: null} reports an CLOSED replica.
2019-10-24 19:56:35,413 [EventQueue-ContainerReportForContainerReportHandler] WARN  container.ContainerReportHandler (AbstractContainerReportHandler.java:updateContainerState(145)) - Container #1 is in OPEN state, but the datanode 6ca7c49d-0fb9-47a0-84fc-ca56d60725ba{ip: 192.168.157.225, host: pr-hdds-2344-jr7qb-497185894, networkLocation: /default-rack, certSerialId: null} reports an CLOSED replica.
2019-10-24 19:56:35,613 [EventQueue-ContainerReportForContainerReportHandler] WARN  container.ContainerReportHandler (AbstractContainerReportHandler.java:updateContainerState(145)) - Container #1 is in OPEN state, but the datanode c0eea3b1-3778-46c9-978b-a52b9082cf96{ip: 192.168.157.225, host: pr-hdds-2344-jr7qb-497185894, networkLocation: /default-rack, certSerialId: null} reports an CLOSED replica.
2019-10-24 19:56:35,613 [EventQueue-ContainerReportForContainerReportHandler] WARN  container.ContainerReportHandler (AbstractContainerReportHandler.java:updateContainerState(145)) - Container #1 is in OPEN state, but the datanode 6ca7c49d-0fb9-47a0-84fc-ca56d60725ba{ip: 192.168.157.225, host: pr-hdds-2344-jr7qb-497185894, networkLocation: /default-rack, certSerialId: null} reports an CLOSED replica.
2019-10-24 19:56:35,870 [BlockDeletingService#2] WARN  background.BlockDeletingService (BlockDeletingService.java:isDeletionAllowed(187)) - Close Container log Index 6 is not replicated across allthe servers in the pipeline e974d4ac-588e-46db-a85b-93bd2c6e36ff as the min replicated index is 4. Deletion is not allowed in this container yet.
2019-10-24 19:56:35,870 [BlockDeletingService#2] WARN  background.BlockDeletingService (BlockDeletingService.java:isDeletionAllowed(187)) - Close Container log Index 6 is not replicated across allthe servers in the pipeline e974d4ac-588e-46db-a85b-93bd2c6e36ff as the min replicated index is 4. Deletion is not allowed in this container yet.
2019-10-24 19:56:35,913 [EventQueue-ContainerReportForContainerReportHandler] WARN  container.ContainerReportHandler (AbstractContainerReportHandler.java:updateContainerState(145)) - Container #1 is in OPEN state, but the datanode c0eea3b1-3778-46c9-978b-a52b9082cf96{ip: 192.168.157.225, host: pr-hdds-2344-jr7qb-497185894, networkLocation: /default-rack, certSerialId: null} reports an CLOSED replica.
2019-10-24 19:56:35,955 [java.util.concurrent.ThreadPoolExecutor$Worker@3a877cc9[State = -1, empty queue]] WARN  server.GrpcLogAppender (GrpcLogAppender.java:timeoutAppendRequest(209)) - c0eea3b1-3778-46c9-978b-a52b9082cf96@group-93BD2C6E36FF->c3cc0179-ddd8-47c0-b315-a087be9c7d41-GrpcLogAppender: appendEntries Timeout, request=c0eea3b1-3778-46c9-978b-a52b9082cf96->c3cc0179-ddd8-47c0-b315-a087be9c7d41#39-t1, previous=(t:1, i:10), leaderCommit=10, initializing? false, entries: <empty>
2019-10-24 19:56:36,014 [EventQueue-ContainerReportForContainerReportHandler] WARN  container.ContainerReportHandler (AbstractContainerReportHandler.java:updateContainerState(145)) - Container #1 is in OPEN state, but the datanode 6ca7c49d-0fb9-47a0-84fc-ca56d60725ba{ip: 192.168.157.225, host: pr-hdds-2344-jr7qb-497185894, networkLocation: /default-rack, certSerialId: null} reports an CLOSED replica.
2019-10-24 19:56:36,114 [EventQueue-ContainerReportForContainerReportHandler] WARN  container.ContainerReportHandler (AbstractContainerReportHandler.java:updateContainerState(145)) - Container #1 is in OPEN state, but the datanode c0eea3b1-3778-46c9-978b-a52b9082cf96{ip: 192.168.157.225, host: pr-hdds-2344-jr7qb-497185894, networkLocation: /default-rack, certSerialId: null} reports an CLOSED replica.
2019-10-24 19:56:36,315 [EventQueue-ContainerReportForContainerReportHandler] WARN  container.ContainerReportHandler (AbstractContainerReportHandler.java:updateContainerState(145)) - Container #1 is in OPEN state, but the datanode 6ca7c49d-0fb9-47a0-84fc-ca56d60725ba{ip: 192.168.157.225, host: pr-hdds-2344-jr7qb-497185894, networkLocation: /default-rack, certSerialId: null} reports an CLOSED replica.
2019-10-24 19:56:36,414 [EventQueue-ContainerReportForContainerReportHandler] WARN  container.ContainerReportHandler (AbstractContainerReportHandler.java:updateContainerState(145)) - Container #1 is in OPEN state, but the datanode c0eea3b1-3778-46c9-978b-a52b9082cf96{ip: 192.168.157.225, host: pr-hdds-2344-jr7qb-497185894, networkLocation: /default-rack, certSerialId: null} reports an CLOSED replica.
2019-10-24 19:56:36,715 [EventQueue-ContainerReportForContainerReportHandler] WARN  container.ContainerReportHandler (AbstractContainerReportHandler.java:updateContainerState(145)) - Container #1 is in OPEN state, but the datanode c0eea3b1-3778-46c9-978b-a52b9082cf96{ip: 192.168.157.225, host: pr-hdds-2344-jr7qb-497185894, networkLocation: /default-rack, certSerialId: null} reports an CLOSED replica.
2019-10-24 19:56:36,715 [EventQueue-ContainerReportForContainerReportHandler] WARN  container.ContainerReportHandler (AbstractContainerReportHandler.java:updateContainerState(145)) - Container #1 is in OPEN state, but the datanode 6ca7c49d-0fb9-47a0-84fc-ca56d60725ba{ip: 192.168.157.225, host: pr-hdds-2344-jr7qb-497185894, networkLocation: /default-rack, certSerialId: null} reports an CLOSED replica.
2019-10-24 19:56:36,873 [BlockDeletingService#2] WARN  background.BlockDeletingService (BlockDeletingService.java:isDeletionAllowed(187)) - Close Container log Index 6 is not replicated across allthe servers in the pipeline e974d4ac-588e-46db-a85b-93bd2c6e36ff as the min replicated index is 4. Deletion is not allowed in this container yet.
2019-10-24 19:56:36,873 [BlockDeletingService#2] WARN  background.BlockDeletingService (BlockDeletingService.java:isDeletionAllowed(187)) - Close Container log Index 6 is not replicated across allthe servers in the pipeline e974d4ac-588e-46db-a85b-93bd2c6e36ff as the min replicated index is 4. Deletion is not allowed in this container yet.
2019-10-24 19:56:37,015 [EventQueue-ContainerReportForContainerReportHandler] WARN  container.ContainerReportHandler (AbstractContainerReportHandler.java:updateContainerState(145)) - Container #1 is in OPEN state, but the datanode c0eea3b1-3778-46c9-978b-a52b9082cf96{ip: 192.168.157.225, host: pr-hdds-2344-jr7qb-497185894, networkLocation: /default-rack, certSerialId: null} reports an CLOSED replica.
2019-10-24 19:56:37,016 [EventQueue-ContainerReportForContainerReportHandler] WARN  container.ContainerReportHandler (AbstractContainerReportHandler.java:updateContainerState(145)) - Container #1 is in OPEN state, but the datanode 6ca7c49d-0fb9-47a0-84fc-ca56d60725ba{ip: 192.168.157.225, host: pr-hdds-2344-jr7qb-497185894, networkLocation: /default-rack, certSerialId: null} reports an CLOSED replica.
2019-10-24 19:56:37,316 [EventQueue-ContainerReportForContainerReportHandler] WARN  container.ContainerReportHandler (AbstractContainerReportHandler.java:updateContainerState(145)) - Container #1 is in OPEN state, but the datanode c0eea3b1-3778-46c9-978b-a52b9082cf96{ip: 192.168.157.225, host: pr-hdds-2344-jr7qb-497185894, networkLocation: /default-rack, certSerialId: null} reports an CLOSED replica.
2019-10-24 19:56:37,416 [EventQueue-ContainerReportForContainerReportHandler] WARN  container.ContainerReportHandler (AbstractContainerReportHandler.java:updateContainerState(145)) - Container #1 is in OPEN state, but the datanode 6ca7c49d-0fb9-47a0-84fc-ca56d60725ba{ip: 192.168.157.225, host: pr-hdds-2344-jr7qb-497185894, networkLocation: /default-rack, certSerialId: null} reports an CLOSED replica.
2019-10-24 19:56:37,615 [EventQueue-ContainerReportForContainerReportHandler] WARN  container.ContainerReportHandler (AbstractContainerReportHandler.java:updateContainerState(145)) - Container #1 is in OPEN state, but the datanode c0eea3b1-3778-46c9-978b-a52b9082cf96{ip: 192.168.157.225, host: pr-hdds-2344-jr7qb-497185894, networkLocation: /default-rack, certSerialId: null} reports an CLOSED replica.
2019-10-24 19:56:37,616 [EventQueue-ContainerReportForContainerReportHandler] WARN  container.ContainerReportHandler (AbstractContainerReportHandler.java:updateContainerState(145)) - Container #1 is in OPEN state, but the datanode 6ca7c49d-0fb9-47a0-84fc-ca56d60725ba{ip: 192.168.157.225, host: pr-hdds-2344-jr7qb-497185894, networkLocation: /default-rack, certSerialId: null} reports an CLOSED replica.
2019-10-24 19:56:37,816 [EventQueue-ContainerReportForContainerReportHandler] WARN  container.ContainerReportHandler (AbstractContainerReportHandler.java:updateContainerState(145)) - Container #1 is in OPEN state, but the datanode 6ca7c49d-0fb9-47a0-84fc-ca56d60725ba{ip: 192.168.157.225, host: pr-hdds-2344-jr7qb-497185894, networkLocation: /default-rack, certSerialId: null} reports an CLOSED replica.
2019-10-24 19:56:37,876 [BlockDeletingService#2] WARN  background.BlockDeletingService (BlockDeletingService.java:isDeletionAllowed(187)) - Close Container log Index 6 is not replicated across allthe servers in the pipeline e974d4ac-588e-46db-a85b-93bd2c6e36ff as the min replicated index is 4. Deletion is not allowed in this container yet.
2019-10-24 19:56:37,876 [BlockDeletingService#2] WARN  background.BlockDeletingService (BlockDeletingService.java:isDeletionAllowed(187)) - Close Container log Index 6 is not replicated across allthe servers in the pipeline e974d4ac-588e-46db-a85b-93bd2c6e36ff as the min replicated index is 4. Deletion is not allowed in this container yet.
2019-10-24 19:56:38,016 [EventQueue-ContainerReportForContainerReportHandler] WARN  container.ContainerReportHandler (AbstractContainerReportHandler.java:updateContainerState(145)) - Container #1 is in OPEN state, but the datanode c0eea3b1-3778-46c9-978b-a52b9082cf96{ip: 192.168.157.225, host: pr-hdds-2344-jr7qb-497185894, networkLocation: /default-rack, certSerialId: null} reports an CLOSED replica.
2019-10-24 19:56:38,217 [EventQueue-ContainerReportForContainerReportHandler] WARN  container.ContainerReportHandler (AbstractContainerReportHandler.java:updateContainerState(145)) - Container #1 is in OPEN state, but the datanode 6ca7c49d-0fb9-47a0-84fc-ca56d60725ba{ip: 192.168.157.225, host: pr-hdds-2344-jr7qb-497185894, networkLocation: /default-rack, certSerialId: null} reports an CLOSED replica.
2019-10-24 19:56:38,316 [EventQueue-ContainerReportForContainerReportHandler] WARN  container.ContainerReportHandler (AbstractContainerReportHandler.java:updateContainerState(145)) - Container #1 is in OPEN state, but the datanode c0eea3b1-3778-46c9-978b-a52b9082cf96{ip: 192.168.157.225, host: pr-hdds-2344-jr7qb-497185894, networkLocation: /default-rack, certSerialId: null} reports an CLOSED replica.
2019-10-24 19:56:38,456 [java.util.concurrent.ThreadPoolExecutor$Worker@3a877cc9[State = -1, empty queue]] WARN  server.GrpcLogAppender (GrpcLogAppender.java:timeoutAppendRequest(209)) - c0eea3b1-3778-46c9-978b-a52b9082cf96@group-93BD2C6E36FF->c3cc0179-ddd8-47c0-b315-a087be9c7d41-GrpcLogAppender: appendEntries Timeout, request=c0eea3b1-3778-46c9-978b-a52b9082cf96->c3cc0179-ddd8-47c0-b315-a087be9c7d41#40-t1, previous=(t:1, i:10), leaderCommit=10, initializing? false, entries: <empty>
2019-10-24 19:56:38,516 [EventQueue-ContainerReportForContainerReportHandler] WARN  container.ContainerReportHandler (AbstractContainerReportHandler.java:updateContainerState(145)) - Container #1 is in OPEN state, but the datanode c0eea3b1-3778-46c9-978b-a52b9082cf96{ip: 192.168.157.225, host: pr-hdds-2344-jr7qb-497185894, networkLocation: /default-rack, certSerialId: null} reports an CLOSED replica.
2019-10-24 19:56:38,518 [EventQueue-ContainerReportForContainerReportHandler] WARN  container.ContainerReportHandler (AbstractContainerReportHandler.java:updateContainerState(145)) - Container #1 is in OPEN state, but the datanode 6ca7c49d-0fb9-47a0-84fc-ca56d60725ba{ip: 192.168.157.225, host: pr-hdds-2344-jr7qb-497185894, networkLocation: /default-rack, certSerialId: null} reports an CLOSED replica.
2019-10-24 19:56:38,718 [EventQueue-ContainerReportForContainerReportHandler] WARN  container.ContainerReportHandler (AbstractContainerReportHandler.java:updateContainerState(145)) - Container #1 is in OPEN state, but the datanode 6ca7c49d-0fb9-47a0-84fc-ca56d60725ba{ip: 192.168.157.225, host: pr-hdds-2344-jr7qb-497185894, networkLocation: /default-rack, certSerialId: null} reports an CLOSED replica.
2019-10-24 19:56:38,878 [BlockDeletingService#2] WARN  background.BlockDeletingService (BlockDeletingService.java:isDeletionAllowed(187)) - Close Container log Index 6 is not replicated across allthe servers in the pipeline e974d4ac-588e-46db-a85b-93bd2c6e36ff as the min replicated index is 4. Deletion is not allowed in this container yet.
2019-10-24 19:56:38,878 [BlockDeletingService#2] WARN  background.BlockDeletingService (BlockDeletingService.java:isDeletionAllowed(187)) - Close Container log Index 6 is not replicated across allthe servers in the pipeline e974d4ac-588e-46db-a85b-93bd2c6e36ff as the min replicated index is 4. Deletion is not allowed in this container yet.
2019-10-24 19:56:38,916 [EventQueue-ContainerReportForContainerReportHandler] WARN  container.ContainerReportHandler (AbstractContainerReportHandler.java:updateContainerState(145)) - Container #1 is in OPEN state, but the datanode c0eea3b1-3778-46c9-978b-a52b9082cf96{ip: 192.168.157.225, host: pr-hdds-2344-jr7qb-497185894, networkLocation: /default-rack, certSerialId: null} reports an CLOSED replica.
2019-10-24 19:56:39,019 [EventQueue-ContainerReportForContainerReportHandler] WARN  container.ContainerReportHandler (AbstractContainerReportHandler.java:updateContainerState(145)) - Container #1 is in OPEN state, but the datanode 6ca7c49d-0fb9-47a0-84fc-ca56d60725ba{ip: 192.168.157.225, host: pr-hdds-2344-jr7qb-497185894, networkLocation: /default-rack, certSerialId: null} reports an CLOSED replica.
2019-10-24 19:56:39,216 [EventQueue-ContainerReportForContainerReportHandler] WARN  container.ContainerReportHandler (AbstractContainerReportHandler.java:updateContainerState(145)) - Container #1 is in OPEN state, but the datanode c0eea3b1-3778-46c9-978b-a52b9082cf96{ip: 192.168.157.225, host: pr-hdds-2344-jr7qb-497185894, networkLocation: /default-rack, certSerialId: null} reports an CLOSED replica.
2019-10-24 19:56:39,419 [EventQueue-ContainerReportForContainerReportHandler] WARN  container.ContainerReportHandler (AbstractContainerReportHandler.java:updateContainerState(145)) - Container #1 is in OPEN state, but the datanode 6ca7c49d-0fb9-47a0-84fc-ca56d60725ba{ip: 192.168.157.225, host: pr-hdds-2344-jr7qb-497185894, networkLocation: /default-rack, certSerialId: null} reports an CLOSED replica.
2019-10-24 19:56:39,517 [EventQueue-ContainerReportForContainerReportHandler] WARN  container.ContainerReportHandler (AbstractContainerReportHandler.java:updateContainerState(145)) - Container #1 is in OPEN state, but the datanode c0eea3b1-3778-46c9-978b-a52b9082cf96{ip: 192.168.157.225, host: pr-hdds-2344-jr7qb-497185894, networkLocation: /default-rack, certSerialId: null} reports an CLOSED replica.
2019-10-24 19:56:39,619 [EventQueue-ContainerReportForContainerReportHandler] WARN  container.ContainerReportHandler (AbstractContainerReportHandler.java:updateContainerState(145)) - Container #1 is in OPEN state, but the datanode 6ca7c49d-0fb9-47a0-84fc-ca56d60725ba{ip: 192.168.157.225, host: pr-hdds-2344-jr7qb-497185894, networkLocation: /default-rack, certSerialId: null} reports an CLOSED replica.
2019-10-24 19:56:39,821 [EventQueue-ContainerReportForContainerReportHandler] WARN  container.ContainerReportHandler (AbstractContainerReportHandler.java:updateContainerState(145)) - Container #1 is in OPEN state, but the datanode c0eea3b1-3778-46c9-978b-a52b9082cf96{ip: 192.168.157.225, host: pr-hdds-2344-jr7qb-497185894, networkLocation: /default-rack, certSerialId: null} reports an CLOSED replica.
2019-10-24 19:56:39,880 [BlockDeletingService#2] WARN  background.BlockDeletingService (BlockDeletingService.java:isDeletionAllowed(187)) - Close Container log Index 6 is not replicated across allthe servers in the pipeline e974d4ac-588e-46db-a85b-93bd2c6e36ff as the min replicated index is 4. Deletion is not allowed in this container yet.
2019-10-24 19:56:39,880 [BlockDeletingService#2] WARN  background.BlockDeletingService (BlockDeletingService.java:isDeletionAllowed(187)) - Close Container log Index 6 is not replicated across allthe servers in the pipeline e974d4ac-588e-46db-a85b-93bd2c6e36ff as the min replicated index is 4. Deletion is not allowed in this container yet.
2019-10-24 19:56:39,919 [EventQueue-ContainerReportForContainerReportHandler] WARN  container.ContainerReportHandler (AbstractContainerReportHandler.java:updateContainerState(145)) - Container #1 is in OPEN state, but the datanode 6ca7c49d-0fb9-47a0-84fc-ca56d60725ba{ip: 192.168.157.225, host: pr-hdds-2344-jr7qb-497185894, networkLocation: /default-rack, certSerialId: null} reports an CLOSED replica.
2019-10-24 19:56:40,018 [EventQueue-ContainerReportForContainerReportHandler] WARN  container.ContainerReportHandler (AbstractContainerReportHandler.java:updateContainerState(145)) - Container #1 is in OPEN state, but the datanode c0eea3b1-3778-46c9-978b-a52b9082cf96{ip: 192.168.157.225, host: pr-hdds-2344-jr7qb-497185894, networkLocation: /default-rack, certSerialId: null} reports an CLOSED replica.
2019-10-24 19:56:40,119 [EventQueue-ContainerReportForContainerReportHandler] WARN  container.ContainerReportHandler (AbstractContainerReportHandler.java:updateContainerState(145)) - Container #1 is in OPEN state, but the datanode 6ca7c49d-0fb9-47a0-84fc-ca56d60725ba{ip: 192.168.157.225, host: pr-hdds-2344-jr7qb-497185894, networkLocation: /default-rack, certSerialId: null} reports an CLOSED replica.
2019-10-24 19:56:40,319 [EventQueue-ContainerReportForContainerReportHandler] WARN  container.ContainerReportHandler (AbstractContainerReportHandler.java:updateContainerState(145)) - Container #1 is in OPEN state, but the datanode c0eea3b1-3778-46c9-978b-a52b9082cf96{ip: 192.168.157.225, host: pr-hdds-2344-jr7qb-497185894, networkLocation: /default-rack, certSerialId: null} reports an CLOSED replica.
2019-10-24 19:56:40,320 [EventQueue-ContainerReportForContainerReportHandler] WARN  container.ContainerReportHandler (AbstractContainerReportHandler.java:updateContainerState(145)) - Container #1 is in OPEN state, but the datanode 6ca7c49d-0fb9-47a0-84fc-ca56d60725ba{ip: 192.168.157.225, host: pr-hdds-2344-jr7qb-497185894, networkLocation: /default-rack, certSerialId: null} reports an CLOSED replica.
2019-10-24 19:56:40,619 [EventQueue-ContainerReportForContainerReportHandler] WARN  container.ContainerReportHandler (AbstractContainerReportHandler.java:updateContainerState(145)) - Container #1 is in OPEN state, but the datanode c0eea3b1-3778-46c9-978b-a52b9082cf96{ip: 192.168.157.225, host: pr-hdds-2344-jr7qb-497185894, networkLocation: /default-rack, certSerialId: null} reports an CLOSED replica.
2019-10-24 19:56:40,620 [EventQueue-ContainerReportForContainerReportHandler] WARN  container.ContainerReportHandler (AbstractContainerReportHandler.java:updateContainerState(145)) - Container #1 is in OPEN state, but the datanode 6ca7c49d-0fb9-47a0-84fc-ca56d60725ba{ip: 192.168.157.225, host: pr-hdds-2344-jr7qb-497185894, networkLocation: /default-rack, certSerialId: null} reports an CLOSED replica.
2019-10-24 19:56:40,819 [EventQueue-ContainerReportForContainerReportHandler] WARN  container.ContainerReportHandler (AbstractContainerReportHandler.java:updateContainerState(145)) - Container #1 is in OPEN state, but the datanode 6ca7c49d-0fb9-47a0-84fc-ca56d60725ba{ip: 192.168.157.225, host: pr-hdds-2344-jr7qb-497185894, networkLocation: /default-rack, certSerialId: null} reports an CLOSED replica.
2019-10-24 19:56:40,882 [BlockDeletingService#2] WARN  background.BlockDeletingService (BlockDeletingService.java:isDeletionAllowed(187)) - Close Container log Index 6 is not replicated across allthe servers in the pipeline e974d4ac-588e-46db-a85b-93bd2c6e36ff as the min replicated index is 4. Deletion is not allowed in this container yet.
2019-10-24 19:56:40,882 [BlockDeletingService#2] WARN  background.BlockDeletingService (BlockDeletingService.java:isDeletionAllowed(187)) - Close Container log Index 6 is not replicated across allthe servers in the pipeline e974d4ac-588e-46db-a85b-93bd2c6e36ff as the min replicated index is 4. Deletion is not allowed in this container yet.
2019-10-24 19:56:40,958 [java.util.concurrent.ThreadPoolExecutor$Worker@3a877cc9[State = -1, empty queue]] WARN  server.GrpcLogAppender (GrpcLogAppender.java:timeoutAppendRequest(209)) - c0eea3b1-3778-46c9-978b-a52b9082cf96@group-93BD2C6E36FF->c3cc0179-ddd8-47c0-b315-a087be9c7d41-GrpcLogAppender: appendEntries Timeout, request=c0eea3b1-3778-46c9-978b-a52b9082cf96->c3cc0179-ddd8-47c0-b315-a087be9c7d41#41-t1, previous=(t:1, i:10), leaderCommit=10, initializing? false, entries: <empty>
2019-10-24 19:56:41,020 [EventQueue-ContainerReportForContainerReportHandler] WARN  container.ContainerReportHandler (AbstractContainerReportHandler.java:updateContainerState(145)) - Container #1 is in OPEN state, but the datanode 6ca7c49d-0fb9-47a0-84fc-ca56d60725ba{ip: 192.168.157.225, host: pr-hdds-2344-jr7qb-497185894, networkLocation: /default-rack, certSerialId: null} reports an CLOSED replica.
2019-10-24 19:56:41,020 [EventQueue-ContainerReportForContainerReportHandler] WARN  container.ContainerReportHandler (AbstractContainerReportHandler.java:updateContainerState(145)) - Container #1 is in OPEN state, but the datanode c0eea3b1-3778-46c9-978b-a52b9082cf96{ip: 192.168.157.225, host: pr-hdds-2344-jr7qb-497185894, networkLocation: /default-rack, certSerialId: null} reports an CLOSED replica.
2019-10-24 19:56:41,220 [EventQueue-ContainerReportForContainerReportHandler] WARN  container.ContainerReportHandler (AbstractContainerReportHandler.java:updateContainerState(145)) - Container #1 is in OPEN state, but the datanode c0eea3b1-3778-46c9-978b-a52b9082cf96{ip: 192.168.157.225, host: pr-hdds-2344-jr7qb-497185894, networkLocation: /default-rack, certSerialId: null} reports an CLOSED replica.
2019-10-24 19:56:41,320 [EventQueue-ContainerReportForContainerReportHandler] WARN  container.ContainerReportHandler (AbstractContainerReportHandler.java:updateContainerState(145)) - Container #1 is in OPEN state, but the datanode 6ca7c49d-0fb9-47a0-84fc-ca56d60725ba{ip: 192.168.157.225, host: pr-hdds-2344-jr7qb-497185894, networkLocation: /default-rack, certSerialId: null} reports an CLOSED replica.
2019-10-24 19:56:41,520 [EventQueue-ContainerReportForContainerReportHandler] WARN  container.ContainerReportHandler (AbstractContainerReportHandler.java:updateContainerState(145)) - Container #1 is in OPEN state, but the datanode c0eea3b1-3778-46c9-978b-a52b9082cf96{ip: 192.168.157.225, host: pr-hdds-2344-jr7qb-497185894, networkLocation: /default-rack, certSerialId: null} reports an CLOSED replica.
2019-10-24 19:56:41,720 [EventQueue-ContainerReportForContainerReportHandler] WARN  container.ContainerReportHandler (AbstractContainerReportHandler.java:updateContainerState(145)) - Container #1 is in OPEN state, but the datanode 6ca7c49d-0fb9-47a0-84fc-ca56d60725ba{ip: 192.168.157.225, host: pr-hdds-2344-jr7qb-497185894, networkLocation: /default-rack, certSerialId: null} reports an CLOSED replica.
2019-10-24 19:56:41,820 [EventQueue-ContainerReportForContainerReportHandler] WARN  container.ContainerReportHandler (AbstractContainerReportHandler.java:updateContainerState(145)) - Container #1 is in OPEN state, but the datanode c0eea3b1-3778-46c9-978b-a52b9082cf96{ip: 192.168.157.225, host: pr-hdds-2344-jr7qb-497185894, networkLocation: /default-rack, certSerialId: null} reports an CLOSED replica.
2019-10-24 19:56:41,884 [BlockDeletingService#2] WARN  background.BlockDeletingService (BlockDeletingService.java:isDeletionAllowed(187)) - Close Container log Index 6 is not replicated across allthe servers in the pipeline e974d4ac-588e-46db-a85b-93bd2c6e36ff as the min replicated index is 4. Deletion is not allowed in this container yet.
2019-10-24 19:56:41,884 [BlockDeletingService#2] WARN  background.BlockDeletingService (BlockDeletingService.java:isDeletionAllowed(187)) - Close Container log Index 6 is not replicated across allthe servers in the pipeline e974d4ac-588e-46db-a85b-93bd2c6e36ff as the min replicated index is 4. Deletion is not allowed in this container yet.
2019-10-24 19:56:42,020 [EventQueue-ContainerReportForContainerReportHandler] WARN  container.ContainerReportHandler (AbstractContainerReportHandler.java:updateContainerState(145)) - Container #1 is in OPEN state, but the datanode c0eea3b1-3778-46c9-978b-a52b9082cf96{ip: 192.168.157.225, host: pr-hdds-2344-jr7qb-497185894, networkLocation: /default-rack, certSerialId: null} reports an CLOSED replica.
2019-10-24 19:56:42,021 [EventQueue-ContainerReportForContainerReportHandler] WARN  container.ContainerReportHandler (AbstractContainerReportHandler.java:updateContainerState(145)) - Container #1 is in OPEN state, but the datanode 6ca7c49d-0fb9-47a0-84fc-ca56d60725ba{ip: 192.168.157.225, host: pr-hdds-2344-jr7qb-497185894, networkLocation: /default-rack, certSerialId: null} reports an CLOSED replica.
2019-10-24 19:56:42,100 [Thread-462] INFO  client.GrpcClientProtocolService (GrpcClientProtocolService.java:lambda$processClientRequest$0(279)) - Failed RaftClientRequest:client-705380899BAA->6ca7c49d-0fb9-47a0-84fc-ca56d60725ba@group-93BD2C6E36FF, cid=10, seq=0, Watch-ALL_COMMITTED(6), Message:<EMPTY>, reply=RaftClientReply:client-705380899BAA->6ca7c49d-0fb9-47a0-84fc-ca56d60725ba@group-93BD2C6E36FF, cid=10, FAILED org.apache.ratis.protocol.NotLeaderException: Server 6ca7c49d-0fb9-47a0-84fc-ca56d60725ba@group-93BD2C6E36FF is not the leader c0eea3b1-3778-46c9-978b-a52b9082cf96:192.168.157.225:33218, logIndex=0, commits[6ca7c49d-0fb9-47a0-84fc-ca56d60725ba:c10, c0eea3b1-3778-46c9-978b-a52b9082cf96:c10, c3cc0179-ddd8-47c0-b315-a087be9c7d41:c4]
2019-10-24 19:56:42,321 [EventQueue-ContainerReportForContainerReportHandler] WARN  container.ContainerReportHandler (AbstractContainerReportHandler.java:updateContainerState(145)) - Container #1 is in OPEN state, but the datanode 6ca7c49d-0fb9-47a0-84fc-ca56d60725ba{ip: 192.168.157.225, host: pr-hdds-2344-jr7qb-497185894, networkLocation: /default-rack, certSerialId: null} reports an CLOSED replica.
2019-10-24 19:56:42,421 [EventQueue-ContainerReportForContainerReportHandler] WARN  container.ContainerReportHandler (AbstractContainerReportHandler.java:updateContainerState(145)) - Container #1 is in OPEN state, but the datanode c0eea3b1-3778-46c9-978b-a52b9082cf96{ip: 192.168.157.225, host: pr-hdds-2344-jr7qb-497185894, networkLocation: /default-rack, certSerialId: null} reports an CLOSED replica.
2019-10-24 19:56:42,622 [EventQueue-ContainerReportForContainerReportHandler] WARN  container.ContainerReportHandler (AbstractContainerReportHandler.java:updateContainerState(145)) - Container #1 is in OPEN state, but the datanode c0eea3b1-3778-46c9-978b-a52b9082cf96{ip: 192.168.157.225, host: pr-hdds-2344-jr7qb-497185894, networkLocation: /default-rack, certSerialId: null} reports an CLOSED replica.
2019-10-24 19:56:42,722 [EventQueue-ContainerReportForContainerReportHandler] WARN  container.ContainerReportHandler (AbstractContainerReportHandler.java:updateContainerState(145)) - Container #1 is in OPEN state, but the datanode 6ca7c49d-0fb9-47a0-84fc-ca56d60725ba{ip: 192.168.157.225, host: pr-hdds-2344-jr7qb-497185894, networkLocation: /default-rack, certSerialId: null} reports an CLOSED replica.
2019-10-24 19:56:42,886 [BlockDeletingService#2] WARN  background.BlockDeletingService (BlockDeletingService.java:isDeletionAllowed(187)) - Close Container log Index 6 is not replicated across allthe servers in the pipeline e974d4ac-588e-46db-a85b-93bd2c6e36ff as the min replicated index is 4. Deletion is not allowed in this container yet.
2019-10-24 19:56:42,887 [BlockDeletingService#2] WARN  background.BlockDeletingService (BlockDeletingService.java:isDeletionAllowed(187)) - Close Container log Index 6 is not replicated across allthe servers in the pipeline e974d4ac-588e-46db-a85b-93bd2c6e36ff as the min replicated index is 4. Deletion is not allowed in this container yet.
2019-10-24 19:56:42,922 [EventQueue-ContainerReportForContainerReportHandler] WARN  container.ContainerReportHandler (AbstractContainerReportHandler.java:updateContainerState(145)) - Container #1 is in OPEN state, but the datanode c0eea3b1-3778-46c9-978b-a52b9082cf96{ip: 192.168.157.225, host: pr-hdds-2344-jr7qb-497185894, networkLocation: /default-rack, certSerialId: null} reports an CLOSED replica.
2019-10-24 19:56:43,021 [EventQueue-ContainerReportForContainerReportHandler] WARN  container.ContainerReportHandler (AbstractContainerReportHandler.java:updateContainerState(145)) - Container #1 is in OPEN state, but the datanode 6ca7c49d-0fb9-47a0-84fc-ca56d60725ba{ip: 192.168.157.225, host: pr-hdds-2344-jr7qb-497185894, networkLocation: /default-rack, certSerialId: null} reports an CLOSED replica.
2019-10-24 19:56:43,222 [EventQueue-ContainerReportForContainerReportHandler] WARN  container.ContainerReportHandler (AbstractContainerReportHandler.java:updateContainerState(145)) - Container #1 is in OPEN state, but the datanode 6ca7c49d-0fb9-47a0-84fc-ca56d60725ba{ip: 192.168.157.225, host: pr-hdds-2344-jr7qb-497185894, networkLocation: /default-rack, certSerialId: null} reports an CLOSED replica.
2019-10-24 19:56:43,323 [EventQueue-ContainerReportForContainerReportHandler] WARN  container.ContainerReportHandler (AbstractContainerReportHandler.java:updateContainerState(145)) - Container #1 is in OPEN state, but the datanode c0eea3b1-3778-46c9-978b-a52b9082cf96{ip: 192.168.157.225, host: pr-hdds-2344-jr7qb-497185894, networkLocation: /default-rack, certSerialId: null} reports an CLOSED replica.
2019-10-24 19:56:43,461 [java.util.concurrent.ThreadPoolExecutor$Worker@3a877cc9[State = -1, empty queue]] WARN  server.GrpcLogAppender (GrpcLogAppender.java:timeoutAppendRequest(209)) - c0eea3b1-3778-46c9-978b-a52b9082cf96@group-93BD2C6E36FF->c3cc0179-ddd8-47c0-b315-a087be9c7d41-GrpcLogAppender: appendEntries Timeout, request=c0eea3b1-3778-46c9-978b-a52b9082cf96->c3cc0179-ddd8-47c0-b315-a087be9c7d41#42-t1, previous=(t:1, i:10), leaderCommit=10, initializing? false, entries: <empty>
2019-10-24 19:56:43,521 [EventQueue-ContainerReportForContainerReportHandler] WARN  container.ContainerReportHandler (AbstractContainerReportHandler.java:updateContainerState(145)) - Container #1 is in OPEN state, but the datanode 6ca7c49d-0fb9-47a0-84fc-ca56d60725ba{ip: 192.168.157.225, host: pr-hdds-2344-jr7qb-497185894, networkLocation: /default-rack, certSerialId: null} reports an CLOSED replica.
2019-10-24 19:56:43,524 [EventQueue-ContainerReportForContainerReportHandler] WARN  container.ContainerReportHandler (AbstractContainerReportHandler.java:updateContainerState(145)) - Container #1 is in OPEN state, but the datanode c0eea3b1-3778-46c9-978b-a52b9082cf96{ip: 192.168.157.225, host: pr-hdds-2344-jr7qb-497185894, networkLocation: /default-rack, certSerialId: null} reports an CLOSED replica.
2019-10-24 19:56:43,584 [Thread-468] INFO  client.GrpcClientProtocolService (GrpcClientProtocolService.java:lambda$processClientRequest$0(279)) - Failed RaftClientRequest:client-705380899BAA->c0eea3b1-3778-46c9-978b-a52b9082cf96@group-93BD2C6E36FF, cid=10, seq=0, Watch-ALL_COMMITTED(6), Message:<EMPTY>, reply=RaftClientReply:client-705380899BAA->c0eea3b1-3778-46c9-978b-a52b9082cf96@group-93BD2C6E36FF, cid=10, FAILED org.apache.ratis.protocol.NotReplicatedException: Request with call Id 10 and log index 6 is not yet replicated to ALL_COMMITTED, logIndex=6, commits[c0eea3b1-3778-46c9-978b-a52b9082cf96:c10, c3cc0179-ddd8-47c0-b315-a087be9c7d41:c4, 6ca7c49d-0fb9-47a0-84fc-ca56d60725ba:c10]
2019-10-24 19:56:43,888 [BlockDeletingService#2] WARN  background.BlockDeletingService (BlockDeletingService.java:isDeletionAllowed(187)) - Close Container log Index 6 is not replicated across allthe servers in the pipeline e974d4ac-588e-46db-a85b-93bd2c6e36ff as the min replicated index is 4. Deletion is not allowed in this container yet.
2019-10-24 19:56:43,888 [BlockDeletingService#2] WARN  background.BlockDeletingService (BlockDeletingService.java:isDeletionAllowed(187)) - Close Container log Index 6 is not replicated across allthe servers in the pipeline e974d4ac-588e-46db-a85b-93bd2c6e36ff as the min replicated index is 4. Deletion is not allowed in this container yet.
2019-10-24 19:56:43,922 [EventQueue-ContainerReportForContainerReportHandler] WARN  container.ContainerReportHandler (AbstractContainerReportHandler.java:updateContainerState(145)) - Container #1 is in OPEN state, but the datanode 6ca7c49d-0fb9-47a0-84fc-ca56d60725ba{ip: 192.168.157.225, host: pr-hdds-2344-jr7qb-497185894, networkLocation: /default-rack, certSerialId: null} reports an CLOSED replica.
2019-10-24 19:56:43,925 [EventQueue-ContainerReportForContainerReportHandler] WARN  container.ContainerReportHandler (AbstractContainerReportHandler.java:updateContainerState(145)) - Container #1 is in OPEN state, but the datanode c0eea3b1-3778-46c9-978b-a52b9082cf96{ip: 192.168.157.225, host: pr-hdds-2344-jr7qb-497185894, networkLocation: /default-rack, certSerialId: null} reports an CLOSED replica.
2019-10-24 19:56:44,223 [EventQueue-ContainerReportForContainerReportHandler] WARN  container.ContainerReportHandler (AbstractContainerReportHandler.java:updateContainerState(145)) - Container #1 is in OPEN state, but the datanode 6ca7c49d-0fb9-47a0-84fc-ca56d60725ba{ip: 192.168.157.225, host: pr-hdds-2344-jr7qb-497185894, networkLocation: /default-rack, certSerialId: null} reports an CLOSED replica.
2019-10-24 19:56:44,325 [EventQueue-ContainerReportForContainerReportHandler] WARN  container.ContainerReportHandler (AbstractContainerReportHandler.java:updateContainerState(145)) - Container #1 is in OPEN state, but the datanode c0eea3b1-3778-46c9-978b-a52b9082cf96{ip: 192.168.157.225, host: pr-hdds-2344-jr7qb-497185894, networkLocation: /default-rack, certSerialId: null} reports an CLOSED replica.
2019-10-24 19:56:44,622 [EventQueue-ContainerReportForContainerReportHandler] WARN  container.ContainerReportHandler (AbstractContainerReportHandler.java:updateContainerState(145)) - Container #1 is in OPEN state, but the datanode 6ca7c49d-0fb9-47a0-84fc-ca56d60725ba{ip: 192.168.157.225, host: pr-hdds-2344-jr7qb-497185894, networkLocation: /default-rack, certSerialId: null} reports an CLOSED replica.
2019-10-24 19:56:44,625 [EventQueue-ContainerReportForContainerReportHandler] WARN  container.ContainerReportHandler (AbstractContainerReportHandler.java:updateContainerState(145)) - Container #1 is in OPEN state, but the datanode c0eea3b1-3778-46c9-978b-a52b9082cf96{ip: 192.168.157.225, host: pr-hdds-2344-jr7qb-497185894, networkLocation: /default-rack, certSerialId: null} reports an CLOSED replica.
2019-10-24 19:56:44,890 [BlockDeletingService#2] WARN  background.BlockDeletingService (BlockDeletingService.java:isDeletionAllowed(187)) - Close Container log Index 6 is not replicated across allthe servers in the pipeline e974d4ac-588e-46db-a85b-93bd2c6e36ff as the min replicated index is 4. Deletion is not allowed in this container yet.
2019-10-24 19:56:44,891 [BlockDeletingService#2] WARN  background.BlockDeletingService (BlockDeletingService.java:isDeletionAllowed(187)) - Close Container log Index 6 is not replicated across allthe servers in the pipeline e974d4ac-588e-46db-a85b-93bd2c6e36ff as the min replicated index is 4. Deletion is not allowed in this container yet.
2019-10-24 19:56:44,925 [EventQueue-ContainerReportForContainerReportHandler] WARN  container.ContainerReportHandler (AbstractContainerReportHandler.java:updateContainerState(145)) - Container #1 is in OPEN state, but the datanode c0eea3b1-3778-46c9-978b-a52b9082cf96{ip: 192.168.157.225, host: pr-hdds-2344-jr7qb-497185894, networkLocation: /default-rack, certSerialId: null} reports an CLOSED replica.
2019-10-24 19:56:45,023 [EventQueue-ContainerReportForContainerReportHandler] WARN  container.ContainerReportHandler (AbstractContainerReportHandler.java:updateContainerState(145)) - Container #1 is in OPEN state, but the datanode 6ca7c49d-0fb9-47a0-84fc-ca56d60725ba{ip: 192.168.157.225, host: pr-hdds-2344-jr7qb-497185894, networkLocation: /default-rack, certSerialId: null} reports an CLOSED replica.
2019-10-24 19:56:45,225 [EventQueue-ContainerReportForContainerReportHandler] WARN  container.ContainerReportHandler (AbstractContainerReportHandler.java:updateContainerState(145)) - Container #1 is in OPEN state, but the datanode c0eea3b1-3778-46c9-978b-a52b9082cf96{ip: 192.168.157.225, host: pr-hdds-2344-jr7qb-497185894, networkLocation: /default-rack, certSerialId: null} reports an CLOSED replica.
2019-10-24 19:56:45,323 [EventQueue-ContainerReportForContainerReportHandler] WARN  container.ContainerReportHandler (AbstractContainerReportHandler.java:updateContainerState(145)) - Container #1 is in OPEN state, but the datanode 6ca7c49d-0fb9-47a0-84fc-ca56d60725ba{ip: 192.168.157.225, host: pr-hdds-2344-jr7qb-497185894, networkLocation: /default-rack, certSerialId: null} reports an CLOSED replica.
2019-10-24 19:56:45,427 [EventQueue-ContainerReportForContainerReportHandler] WARN  container.ContainerReportHandler (AbstractContainerReportHandler.java:updateContainerState(145)) - Container #1 is in OPEN state, but the datanode c0eea3b1-3778-46c9-978b-a52b9082cf96{ip: 192.168.157.225, host: pr-hdds-2344-jr7qb-497185894, networkLocation: /default-rack, certSerialId: null} reports an CLOSED replica.
2019-10-24 19:56:45,723 [EventQueue-ContainerReportForContainerReportHandler] WARN  container.ContainerReportHandler (AbstractContainerReportHandler.java:updateContainerState(145)) - Container #1 is in OPEN state, but the datanode 6ca7c49d-0fb9-47a0-84fc-ca56d60725ba{ip: 192.168.157.225, host: pr-hdds-2344-jr7qb-497185894, networkLocation: /default-rack, certSerialId: null} reports an CLOSED replica.
2019-10-24 19:56:45,728 [EventQueue-ContainerReportForContainerReportHandler] WARN  container.ContainerReportHandler (AbstractContainerReportHandler.java:updateContainerState(145)) - Container #1 is in OPEN state, but the datanode c0eea3b1-3778-46c9-978b-a52b9082cf96{ip: 192.168.157.225, host: pr-hdds-2344-jr7qb-497185894, networkLocation: /default-rack, certSerialId: null} reports an CLOSED replica.
2019-10-24 19:56:45,891 [BlockDeletingService#2] WARN  background.BlockDeletingService (BlockDeletingService.java:isDeletionAllowed(187)) - Close Container log Index 6 is not replicated across allthe servers in the pipeline e974d4ac-588e-46db-a85b-93bd2c6e36ff as the min replicated index is 4. Deletion is not allowed in this container yet.
2019-10-24 19:56:45,892 [BlockDeletingService#2] WARN  background.BlockDeletingService (BlockDeletingService.java:isDeletionAllowed(187)) - Close Container log Index 6 is not replicated across allthe servers in the pipeline e974d4ac-588e-46db-a85b-93bd2c6e36ff as the min replicated index is 4. Deletion is not allowed in this container yet.
2019-10-24 19:56:45,927 [EventQueue-ContainerReportForContainerReportHandler] WARN  container.ContainerReportHandler (AbstractContainerReportHandler.java:updateContainerState(145)) - Container #1 is in OPEN state, but the datanode c0eea3b1-3778-46c9-978b-a52b9082cf96{ip: 192.168.157.225, host: pr-hdds-2344-jr7qb-497185894, networkLocation: /default-rack, certSerialId: null} reports an CLOSED replica.
2019-10-24 19:56:45,962 [java.util.concurrent.ThreadPoolExecutor$Worker@3a877cc9[State = -1, empty queue]] WARN  server.GrpcLogAppender (GrpcLogAppender.java:timeoutAppendRequest(209)) - c0eea3b1-3778-46c9-978b-a52b9082cf96@group-93BD2C6E36FF->c3cc0179-ddd8-47c0-b315-a087be9c7d41-GrpcLogAppender: appendEntries Timeout, request=c0eea3b1-3778-46c9-978b-a52b9082cf96->c3cc0179-ddd8-47c0-b315-a087be9c7d41#43-t1, previous=(t:1, i:10), leaderCommit=10, initializing? false, entries: <empty>
2019-10-24 19:56:46,124 [EventQueue-ContainerReportForContainerReportHandler] WARN  container.ContainerReportHandler (AbstractContainerReportHandler.java:updateContainerState(145)) - Container #1 is in OPEN state, but the datanode 6ca7c49d-0fb9-47a0-84fc-ca56d60725ba{ip: 192.168.157.225, host: pr-hdds-2344-jr7qb-497185894, networkLocation: /default-rack, certSerialId: null} reports an CLOSED replica.
2019-10-24 19:56:46,227 [EventQueue-ContainerReportForContainerReportHandler] WARN  container.ContainerReportHandler (AbstractContainerReportHandler.java:updateContainerState(145)) - Container #1 is in OPEN state, but the datanode c0eea3b1-3778-46c9-978b-a52b9082cf96{ip: 192.168.157.225, host: pr-hdds-2344-jr7qb-497185894, networkLocation: /default-rack, certSerialId: null} reports an CLOSED replica.
2019-10-24 19:56:46,324 [EventQueue-ContainerReportForContainerReportHandler] WARN  container.ContainerReportHandler (AbstractContainerReportHandler.java:updateContainerState(145)) - Container #1 is in OPEN state, but the datanode 6ca7c49d-0fb9-47a0-84fc-ca56d60725ba{ip: 192.168.157.225, host: pr-hdds-2344-jr7qb-497185894, networkLocation: /default-rack, certSerialId: null} reports an CLOSED replica.
2019-10-24 19:56:46,525 [EventQueue-ContainerReportForContainerReportHandler] WARN  container.ContainerReportHandler (AbstractContainerReportHandler.java:updateContainerState(145)) - Container #1 is in OPEN state, but the datanode 6ca7c49d-0fb9-47a0-84fc-ca56d60725ba{ip: 192.168.157.225, host: pr-hdds-2344-jr7qb-497185894, networkLocation: /default-rack, certSerialId: null} reports an CLOSED replica.
2019-10-24 19:56:46,527 [EventQueue-ContainerReportForContainerReportHandler] WARN  container.ContainerReportHandler (AbstractContainerReportHandler.java:updateContainerState(145)) - Container #1 is in OPEN state, but the datanode c0eea3b1-3778-46c9-978b-a52b9082cf96{ip: 192.168.157.225, host: pr-hdds-2344-jr7qb-497185894, networkLocation: /default-rack, certSerialId: null} reports an CLOSED replica.
2019-10-24 19:56:46,728 [EventQueue-ContainerReportForContainerReportHandler] WARN  container.ContainerReportHandler (AbstractContainerReportHandler.java:updateContainerState(145)) - Container #1 is in OPEN state, but the datanode c0eea3b1-3778-46c9-978b-a52b9082cf96{ip: 192.168.157.225, host: pr-hdds-2344-jr7qb-497185894, networkLocation: /default-rack, certSerialId: null} reports an CLOSED replica.
2019-10-24 19:56:46,892 [BlockDeletingService#2] WARN  background.BlockDeletingService (BlockDeletingService.java:isDeletionAllowed(187)) - Close Container log Index 6 is not replicated across allthe servers in the pipeline e974d4ac-588e-46db-a85b-93bd2c6e36ff as the min replicated index is 4. Deletion is not allowed in this container yet.
2019-10-24 19:56:46,893 [BlockDeletingService#2] WARN  background.BlockDeletingService (BlockDeletingService.java:isDeletionAllowed(187)) - Close Container log Index 6 is not replicated across allthe servers in the pipeline e974d4ac-588e-46db-a85b-93bd2c6e36ff as the min replicated index is 4. Deletion is not allowed in this container yet.
2019-10-24 19:56:46,925 [EventQueue-ContainerReportForContainerReportHandler] WARN  container.ContainerReportHandler (AbstractContainerReportHandler.java:updateContainerState(145)) - Container #1 is in OPEN state, but the datanode 6ca7c49d-0fb9-47a0-84fc-ca56d60725ba{ip: 192.168.157.225, host: pr-hdds-2344-jr7qb-497185894, networkLocation: /default-rack, certSerialId: null} reports an CLOSED replica.
2019-10-24 19:56:46,928 [EventQueue-ContainerReportForContainerReportHandler] WARN  container.ContainerReportHandler (AbstractContainerReportHandler.java:updateContainerState(145)) - Container #1 is in OPEN state, but the datanode c0eea3b1-3778-46c9-978b-a52b9082cf96{ip: 192.168.157.225, host: pr-hdds-2344-jr7qb-497185894, networkLocation: /default-rack, certSerialId: null} reports an CLOSED replica.
2019-10-24 19:56:47,225 [EventQueue-ContainerReportForContainerReportHandler] WARN  container.ContainerReportHandler (AbstractContainerReportHandler.java:updateContainerState(145)) - Container #1 is in OPEN state, but the datanode 6ca7c49d-0fb9-47a0-84fc-ca56d60725ba{ip: 192.168.157.225, host: pr-hdds-2344-jr7qb-497185894, networkLocation: /default-rack, certSerialId: null} reports an CLOSED replica.
2019-10-24 19:56:47,330 [EventQueue-ContainerReportForContainerReportHandler] WARN  container.ContainerReportHandler (AbstractContainerReportHandler.java:updateContainerState(145)) - Container #1 is in OPEN state, but the datanode c0eea3b1-3778-46c9-978b-a52b9082cf96{ip: 192.168.157.225, host: pr-hdds-2344-jr7qb-497185894, networkLocation: /default-rack, certSerialId: null} reports an CLOSED replica.
2019-10-24 19:56:47,626 [EventQueue-ContainerReportForContainerReportHandler] WARN  container.ContainerReportHandler (AbstractContainerReportHandler.java:updateContainerState(145)) - Container #1 is in OPEN state, but the datanode 6ca7c49d-0fb9-47a0-84fc-ca56d60725ba{ip: 192.168.157.225, host: pr-hdds-2344-jr7qb-497185894, networkLocation: /default-rack, certSerialId: null} reports an CLOSED replica.
2019-10-24 19:56:47,631 [EventQueue-ContainerReportForContainerReportHandler] WARN  container.ContainerReportHandler (AbstractContainerReportHandler.java:updateContainerState(145)) - Container #1 is in OPEN state, but the datanode c0eea3b1-3778-46c9-978b-a52b9082cf96{ip: 192.168.157.225, host: pr-hdds-2344-jr7qb-497185894, networkLocation: /default-rack, certSerialId: null} reports an CLOSED replica.
2019-10-24 19:56:47,893 [BlockDeletingService#2] WARN  background.BlockDeletingService (BlockDeletingService.java:isDeletionAllowed(187)) - Close Container log Index 6 is not replicated across allthe servers in the pipeline e974d4ac-588e-46db-a85b-93bd2c6e36ff as the min replicated index is 4. Deletion is not allowed in this container yet.
2019-10-24 19:56:47,894 [BlockDeletingService#2] WARN  background.BlockDeletingService (BlockDeletingService.java:isDeletionAllowed(187)) - Close Container log Index 6 is not replicated across allthe servers in the pipeline e974d4ac-588e-46db-a85b-93bd2c6e36ff as the min replicated index is 4. Deletion is not allowed in this container yet.
2019-10-24 19:56:47,925 [EventQueue-ContainerReportForContainerReportHandler] WARN  container.ContainerReportHandler (AbstractContainerReportHandler.java:updateContainerState(145)) - Container #1 is in OPEN state, but the datanode 6ca7c49d-0fb9-47a0-84fc-ca56d60725ba{ip: 192.168.157.225, host: pr-hdds-2344-jr7qb-497185894, networkLocation: /default-rack, certSerialId: null} reports an CLOSED replica.
2019-10-24 19:56:47,931 [EventQueue-ContainerReportForContainerReportHandler] WARN  container.ContainerReportHandler (AbstractContainerReportHandler.java:updateContainerState(145)) - Container #1 is in OPEN state, but the datanode c0eea3b1-3778-46c9-978b-a52b9082cf96{ip: 192.168.157.225, host: pr-hdds-2344-jr7qb-497185894, networkLocation: /default-rack, certSerialId: null} reports an CLOSED replica.
2019-10-24 19:56:48,231 [EventQueue-ContainerReportForContainerReportHandler] WARN  container.ContainerReportHandler (AbstractContainerReportHandler.java:updateContainerState(145)) - Container #1 is in OPEN state, but the datanode c0eea3b1-3778-46c9-978b-a52b9082cf96{ip: 192.168.157.225, host: pr-hdds-2344-jr7qb-497185894, networkLocation: /default-rack, certSerialId: null} reports an CLOSED replica.
2019-10-24 19:56:48,325 [EventQueue-ContainerReportForContainerReportHandler] WARN  container.ContainerReportHandler (AbstractContainerReportHandler.java:updateContainerState(145)) - Container #1 is in OPEN state, but the datanode 6ca7c49d-0fb9-47a0-84fc-ca56d60725ba{ip: 192.168.157.225, host: pr-hdds-2344-jr7qb-497185894, networkLocation: /default-rack, certSerialId: null} reports an CLOSED replica.
2019-10-24 19:56:48,463 [java.util.concurrent.ThreadPoolExecutor$Worker@3a877cc9[State = -1, empty queue]] WARN  server.GrpcLogAppender (GrpcLogAppender.java:timeoutAppendRequest(209)) - c0eea3b1-3778-46c9-978b-a52b9082cf96@group-93BD2C6E36FF->c3cc0179-ddd8-47c0-b315-a087be9c7d41-GrpcLogAppender: appendEntries Timeout, request=c0eea3b1-3778-46c9-978b-a52b9082cf96->c3cc0179-ddd8-47c0-b315-a087be9c7d41#44-t1, previous=(t:1, i:10), leaderCommit=10, initializing? false, entries: <empty>
2019-10-24 19:56:48,531 [EventQueue-ContainerReportForContainerReportHandler] WARN  container.ContainerReportHandler (AbstractContainerReportHandler.java:updateContainerState(145)) - Container #1 is in OPEN state, but the datanode c0eea3b1-3778-46c9-978b-a52b9082cf96{ip: 192.168.157.225, host: pr-hdds-2344-jr7qb-497185894, networkLocation: /default-rack, certSerialId: null} reports an CLOSED replica.
2019-10-24 19:56:48,725 [EventQueue-ContainerReportForContainerReportHandler] WARN  container.ContainerReportHandler (AbstractContainerReportHandler.java:updateContainerState(145)) - Container #1 is in OPEN state, but the datanode 6ca7c49d-0fb9-47a0-84fc-ca56d60725ba{ip: 192.168.157.225, host: pr-hdds-2344-jr7qb-497185894, networkLocation: /default-rack, certSerialId: null} reports an CLOSED replica.
2019-10-24 19:56:48,895 [BlockDeletingService#2] WARN  background.BlockDeletingService (BlockDeletingService.java:isDeletionAllowed(187)) - Close Container log Index 6 is not replicated across allthe servers in the pipeline e974d4ac-588e-46db-a85b-93bd2c6e36ff as the min replicated index is 4. Deletion is not allowed in this container yet.
2019-10-24 19:56:48,896 [BlockDeletingService#2] WARN  background.BlockDeletingService (BlockDeletingService.java:isDeletionAllowed(187)) - Close Container log Index 6 is not replicated across allthe servers in the pipeline e974d4ac-588e-46db-a85b-93bd2c6e36ff as the min replicated index is 4. Deletion is not allowed in this container yet.
2019-10-24 19:56:48,931 [EventQueue-ContainerReportForContainerReportHandler] WARN  container.ContainerReportHandler (AbstractContainerReportHandler.java:updateContainerState(145)) - Container #1 is in OPEN state, but the datanode c0eea3b1-3778-46c9-978b-a52b9082cf96{ip: 192.168.157.225, host: pr-hdds-2344-jr7qb-497185894, networkLocation: /default-rack, certSerialId: null} reports an CLOSED replica.
2019-10-24 19:56:49,026 [EventQueue-ContainerReportForContainerReportHandler] WARN  container.ContainerReportHandler (AbstractContainerReportHandler.java:updateContainerState(145)) - Container #1 is in OPEN state, but the datanode 6ca7c49d-0fb9-47a0-84fc-ca56d60725ba{ip: 192.168.157.225, host: pr-hdds-2344-jr7qb-497185894, networkLocation: /default-rack, certSerialId: null} reports an CLOSED replica.
2019-10-24 19:56:49,231 [EventQueue-ContainerReportForContainerReportHandler] WARN  container.ContainerReportHandler (AbstractContainerReportHandler.java:updateContainerState(145)) - Container #1 is in OPEN state, but the datanode c0eea3b1-3778-46c9-978b-a52b9082cf96{ip: 192.168.157.225, host: pr-hdds-2344-jr7qb-497185894, networkLocation: /default-rack, certSerialId: null} reports an CLOSED replica.
2019-10-24 19:56:49,326 [EventQueue-ContainerReportForContainerReportHandler] WARN  container.ContainerReportHandler (AbstractContainerReportHandler.java:updateContainerState(145)) - Container #1 is in OPEN state, but the datanode 6ca7c49d-0fb9-47a0-84fc-ca56d60725ba{ip: 192.168.157.225, host: pr-hdds-2344-jr7qb-497185894, networkLocation: /default-rack, certSerialId: null} reports an CLOSED replica.
2019-10-24 19:56:49,531 [EventQueue-ContainerReportForContainerReportHandler] WARN  container.ContainerReportHandler (AbstractContainerReportHandler.java:updateContainerState(145)) - Container #1 is in OPEN state, but the datanode c0eea3b1-3778-46c9-978b-a52b9082cf96{ip: 192.168.157.225, host: pr-hdds-2344-jr7qb-497185894, networkLocation: /default-rack, certSerialId: null} reports an CLOSED replica.
2019-10-24 19:56:49,631 [EventQueue-ContainerReportForContainerReportHandler] WARN  container.ContainerReportHandler (AbstractContainerReportHandler.java:updateContainerState(145)) - Container #1 is in OPEN state, but the datanode 6ca7c49d-0fb9-47a0-84fc-ca56d60725ba{ip: 192.168.157.225, host: pr-hdds-2344-jr7qb-497185894, networkLocation: /default-rack, certSerialId: null} reports an CLOSED replica.
2019-10-24 19:56:49,831 [EventQueue-ContainerReportForContainerReportHandler] WARN  container.ContainerReportHandler (AbstractContainerReportHandler.java:updateContainerState(145)) - Container #1 is in OPEN state, but the datanode 6ca7c49d-0fb9-47a0-84fc-ca56d60725ba{ip: 192.168.157.225, host: pr-hdds-2344-jr7qb-497185894, networkLocation: /default-rack, certSerialId: null} reports an CLOSED replica.
2019-10-24 19:56:49,831 [EventQueue-ContainerReportForContainerReportHandler] WARN  container.ContainerReportHandler (AbstractContainerReportHandler.java:updateContainerState(145)) - Container #1 is in OPEN state, but the datanode c0eea3b1-3778-46c9-978b-a52b9082cf96{ip: 192.168.157.225, host: pr-hdds-2344-jr7qb-497185894, networkLocation: /default-rack, certSerialId: null} reports an CLOSED replica.
2019-10-24 19:56:49,896 [BlockDeletingService#2] WARN  background.BlockDeletingService (BlockDeletingService.java:isDeletionAllowed(187)) - Close Container log Index 6 is not replicated across allthe servers in the pipeline e974d4ac-588e-46db-a85b-93bd2c6e36ff as the min replicated index is 4. Deletion is not allowed in this container yet.
2019-10-24 19:56:49,897 [BlockDeletingService#2] WARN  background.BlockDeletingService (BlockDeletingService.java:isDeletionAllowed(187)) - Close Container log Index 6 is not replicated across allthe servers in the pipeline e974d4ac-588e-46db-a85b-93bd2c6e36ff as the min replicated index is 4. Deletion is not allowed in this container yet.
2019-10-24 19:56:50,031 [EventQueue-ContainerReportForContainerReportHandler] WARN  container.ContainerReportHandler (AbstractContainerReportHandler.java:updateContainerState(145)) - Container #1 is in OPEN state, but the datanode 6ca7c49d-0fb9-47a0-84fc-ca56d60725ba{ip: 192.168.157.225, host: pr-hdds-2344-jr7qb-497185894, networkLocation: /default-rack, certSerialId: null} reports an CLOSED replica.
2019-10-24 19:56:50,031 [EventQueue-ContainerReportForContainerReportHandler] WARN  container.ContainerReportHandler (AbstractContainerReportHandler.java:updateContainerState(145)) - Container #1 is in OPEN state, but the datanode c0eea3b1-3778-46c9-978b-a52b9082cf96{ip: 192.168.157.225, host: pr-hdds-2344-jr7qb-497185894, networkLocation: /default-rack, certSerialId: null} reports an CLOSED replica.
2019-10-24 19:56:50,331 [EventQueue-ContainerReportForContainerReportHandler] WARN  container.ContainerReportHandler (AbstractContainerReportHandler.java:updateContainerState(145)) - Container #1 is in OPEN state, but the datanode c0eea3b1-3778-46c9-978b-a52b9082cf96{ip: 192.168.157.225, host: pr-hdds-2344-jr7qb-497185894, networkLocation: /default-rack, certSerialId: null} reports an CLOSED replica.
2019-10-24 19:56:50,331 [EventQueue-ContainerReportForContainerReportHandler] WARN  container.ContainerReportHandler (AbstractContainerReportHandler.java:updateContainerState(145)) - Container #1 is in OPEN state, but the datanode 6ca7c49d-0fb9-47a0-84fc-ca56d60725ba{ip: 192.168.157.225, host: pr-hdds-2344-jr7qb-497185894, networkLocation: /default-rack, certSerialId: null} reports an CLOSED replica.
2019-10-24 19:56:50,632 [EventQueue-ContainerReportForContainerReportHandler] WARN  container.ContainerReportHandler (AbstractContainerReportHandler.java:updateContainerState(145)) - Container #1 is in OPEN state, but the datanode 6ca7c49d-0fb9-47a0-84fc-ca56d60725ba{ip: 192.168.157.225, host: pr-hdds-2344-jr7qb-497185894, networkLocation: /default-rack, certSerialId: null} reports an CLOSED replica.
2019-10-24 19:56:50,733 [EventQueue-ContainerReportForContainerReportHandler] WARN  container.ContainerReportHandler (AbstractContainerReportHandler.java:updateContainerState(145)) - Container #1 is in OPEN state, but the datanode c0eea3b1-3778-46c9-978b-a52b9082cf96{ip: 192.168.157.225, host: pr-hdds-2344-jr7qb-497185894, networkLocation: /default-rack, certSerialId: null} reports an CLOSED replica.
2019-10-24 19:56:50,897 [BlockDeletingService#2] WARN  background.BlockDeletingService (BlockDeletingService.java:isDeletionAllowed(187)) - Close Container log Index 6 is not replicated across allthe servers in the pipeline e974d4ac-588e-46db-a85b-93bd2c6e36ff as the min replicated index is 4. Deletion is not allowed in this container yet.
2019-10-24 19:56:50,898 [BlockDeletingService#2] WARN  background.BlockDeletingService (BlockDeletingService.java:isDeletionAllowed(187)) - Close Container log Index 6 is not replicated across allthe servers in the pipeline e974d4ac-588e-46db-a85b-93bd2c6e36ff as the min replicated index is 4. Deletion is not allowed in this container yet.
2019-10-24 19:56:50,932 [EventQueue-ContainerReportForContainerReportHandler] WARN  container.ContainerReportHandler (AbstractContainerReportHandler.java:updateContainerState(145)) - Container #1 is in OPEN state, but the datanode 6ca7c49d-0fb9-47a0-84fc-ca56d60725ba{ip: 192.168.157.225, host: pr-hdds-2344-jr7qb-497185894, networkLocation: /default-rack, certSerialId: null} reports an CLOSED replica.
2019-10-24 19:56:50,964 [java.util.concurrent.ThreadPoolExecutor$Worker@3a877cc9[State = -1, empty queue]] WARN  server.GrpcLogAppender (GrpcLogAppender.java:timeoutAppendRequest(209)) - c0eea3b1-3778-46c9-978b-a52b9082cf96@group-93BD2C6E36FF->c3cc0179-ddd8-47c0-b315-a087be9c7d41-GrpcLogAppender: appendEntries Timeout, request=c0eea3b1-3778-46c9-978b-a52b9082cf96->c3cc0179-ddd8-47c0-b315-a087be9c7d41#45-t1, previous=(t:1, i:10), leaderCommit=10, initializing? false, entries: <empty>
2019-10-24 19:56:51,033 [EventQueue-ContainerReportForContainerReportHandler] WARN  container.ContainerReportHandler (AbstractContainerReportHandler.java:updateContainerState(145)) - Container #1 is in OPEN state, but the datanode c0eea3b1-3778-46c9-978b-a52b9082cf96{ip: 192.168.157.225, host: pr-hdds-2344-jr7qb-497185894, networkLocation: /default-rack, certSerialId: null} reports an CLOSED replica.
2019-10-24 19:56:51,332 [EventQueue-ContainerReportForContainerReportHandler] WARN  container.ContainerReportHandler (AbstractContainerReportHandler.java:updateContainerState(145)) - Container #1 is in OPEN state, but the datanode 6ca7c49d-0fb9-47a0-84fc-ca56d60725ba{ip: 192.168.157.225, host: pr-hdds-2344-jr7qb-497185894, networkLocation: /default-rack, certSerialId: null} reports an CLOSED replica.
2019-10-24 19:56:51,434 [EventQueue-ContainerReportForContainerReportHandler] WARN  container.ContainerReportHandler (AbstractContainerReportHandler.java:updateContainerState(145)) - Container #1 is in OPEN state, but the datanode c0eea3b1-3778-46c9-978b-a52b9082cf96{ip: 192.168.157.225, host: pr-hdds-2344-jr7qb-497185894, networkLocation: /default-rack, certSerialId: null} reports an CLOSED replica.
2019-10-24 19:56:51,634 [EventQueue-ContainerReportForContainerReportHandler] WARN  container.ContainerReportHandler (AbstractContainerReportHandler.java:updateContainerState(145)) - Container #1 is in OPEN state, but the datanode c0eea3b1-3778-46c9-978b-a52b9082cf96{ip: 192.168.157.225, host: pr-hdds-2344-jr7qb-497185894, networkLocation: /default-rack, certSerialId: null} reports an CLOSED replica.
2019-10-24 19:56:51,732 [EventQueue-ContainerReportForContainerReportHandler] WARN  container.ContainerReportHandler (AbstractContainerReportHandler.java:updateContainerState(145)) - Container #1 is in OPEN state, but the datanode 6ca7c49d-0fb9-47a0-84fc-ca56d60725ba{ip: 192.168.157.225, host: pr-hdds-2344-jr7qb-497185894, networkLocation: /default-rack, certSerialId: null} reports an CLOSED replica.
2019-10-24 19:56:51,898 [BlockDeletingService#2] WARN  background.BlockDeletingService (BlockDeletingService.java:isDeletionAllowed(187)) - Close Container log Index 6 is not replicated across allthe servers in the pipeline e974d4ac-588e-46db-a85b-93bd2c6e36ff as the min replicated index is 4. Deletion is not allowed in this container yet.
2019-10-24 19:56:51,899 [BlockDeletingService#2] WARN  background.BlockDeletingService (BlockDeletingService.java:isDeletionAllowed(187)) - Close Container log Index 6 is not replicated across allthe servers in the pipeline e974d4ac-588e-46db-a85b-93bd2c6e36ff as the min replicated index is 4. Deletion is not allowed in this container yet.
2019-10-24 19:56:51,932 [EventQueue-ContainerReportForContainerReportHandler] WARN  container.ContainerReportHandler (AbstractContainerReportHandler.java:updateContainerState(145)) - Container #1 is in OPEN state, but the datanode 6ca7c49d-0fb9-47a0-84fc-ca56d60725ba{ip: 192.168.157.225, host: pr-hdds-2344-jr7qb-497185894, networkLocation: /default-rack, certSerialId: null} reports an CLOSED replica.
2019-10-24 19:56:52,035 [EventQueue-ContainerReportForContainerReportHandler] WARN  container.ContainerReportHandler (AbstractContainerReportHandler.java:updateContainerState(145)) - Container #1 is in OPEN state, but the datanode c0eea3b1-3778-46c9-978b-a52b9082cf96{ip: 192.168.157.225, host: pr-hdds-2344-jr7qb-497185894, networkLocation: /default-rack, certSerialId: null} reports an CLOSED replica.
2019-10-24 19:56:52,232 [EventQueue-ContainerReportForContainerReportHandler] WARN  container.ContainerReportHandler (AbstractContainerReportHandler.java:updateContainerState(145)) - Container #1 is in OPEN state, but the datanode 6ca7c49d-0fb9-47a0-84fc-ca56d60725ba{ip: 192.168.157.225, host: pr-hdds-2344-jr7qb-497185894, networkLocation: /default-rack, certSerialId: null} reports an CLOSED replica.
2019-10-24 19:56:52,335 [EventQueue-ContainerReportForContainerReportHandler] WARN  container.ContainerReportHandler (AbstractContainerReportHandler.java:updateContainerState(145)) - Container #1 is in OPEN state, but the datanode c0eea3b1-3778-46c9-978b-a52b9082cf96{ip: 192.168.157.225, host: pr-hdds-2344-jr7qb-497185894, networkLocation: /default-rack, certSerialId: null} reports an CLOSED replica.
2019-10-24 19:56:52,532 [EventQueue-ContainerReportForContainerReportHandler] WARN  container.ContainerReportHandler (AbstractContainerReportHandler.java:updateContainerState(145)) - Container #1 is in OPEN state, but the datanode 6ca7c49d-0fb9-47a0-84fc-ca56d60725ba{ip: 192.168.157.225, host: pr-hdds-2344-jr7qb-497185894, networkLocation: /default-rack, certSerialId: null} reports an CLOSED replica.
2019-10-24 19:56:52,584 [Thread-494] INFO  client.GrpcClientProtocolService (GrpcClientProtocolService.java:lambda$processClientRequest$0(279)) - Failed RaftClientRequest:client-705380899BAA->c0eea3b1-3778-46c9-978b-a52b9082cf96@group-93BD2C6E36FF, cid=10, seq=0, Watch-ALL_COMMITTED(6), Message:<EMPTY>, reply=RaftClientReply:client-705380899BAA->c0eea3b1-3778-46c9-978b-a52b9082cf96@group-93BD2C6E36FF, cid=10, FAILED org.apache.ratis.protocol.NotReplicatedException: Request with call Id 10 and log index 6 is not yet replicated to ALL_COMMITTED, logIndex=6, commits[c0eea3b1-3778-46c9-978b-a52b9082cf96:c10, c3cc0179-ddd8-47c0-b315-a087be9c7d41:c4, 6ca7c49d-0fb9-47a0-84fc-ca56d60725ba:c10]
2019-10-24 19:56:52,635 [EventQueue-ContainerReportForContainerReportHandler] WARN  container.ContainerReportHandler (AbstractContainerReportHandler.java:updateContainerState(145)) - Container #1 is in OPEN state, but the datanode c0eea3b1-3778-46c9-978b-a52b9082cf96{ip: 192.168.157.225, host: pr-hdds-2344-jr7qb-497185894, networkLocation: /default-rack, certSerialId: null} reports an CLOSED replica.
2019-10-24 19:56:52,732 [EventQueue-ContainerReportForContainerReportHandler] WARN  container.ContainerReportHandler (AbstractContainerReportHandler.java:updateContainerState(145)) - Container #1 is in OPEN state, but the datanode 6ca7c49d-0fb9-47a0-84fc-ca56d60725ba{ip: 192.168.157.225, host: pr-hdds-2344-jr7qb-497185894, networkLocation: /default-rack, certSerialId: null} reports an CLOSED replica.
2019-10-24 19:56:52,900 [BlockDeletingService#2] WARN  background.BlockDeletingService (BlockDeletingService.java:isDeletionAllowed(187)) - Close Container log Index 6 is not replicated across allthe servers in the pipeline e974d4ac-588e-46db-a85b-93bd2c6e36ff as the min replicated index is 4. Deletion is not allowed in this container yet.
2019-10-24 19:56:52,901 [BlockDeletingService#2] WARN  background.BlockDeletingService (BlockDeletingService.java:isDeletionAllowed(187)) - Close Container log Index 6 is not replicated across allthe servers in the pipeline e974d4ac-588e-46db-a85b-93bd2c6e36ff as the min replicated index is 4. Deletion is not allowed in this container yet.
2019-10-24 19:56:52,932 [EventQueue-ContainerReportForContainerReportHandler] WARN  container.ContainerReportHandler (AbstractContainerReportHandler.java:updateContainerState(145)) - Container #1 is in OPEN state, but the datanode 6ca7c49d-0fb9-47a0-84fc-ca56d60725ba{ip: 192.168.157.225, host: pr-hdds-2344-jr7qb-497185894, networkLocation: /default-rack, certSerialId: null} reports an CLOSED replica.
2019-10-24 19:56:53,035 [EventQueue-ContainerReportForContainerReportHandler] WARN  container.ContainerReportHandler (AbstractContainerReportHandler.java:updateContainerState(145)) - Container #1 is in OPEN state, but the datanode c0eea3b1-3778-46c9-978b-a52b9082cf96{ip: 192.168.157.225, host: pr-hdds-2344-jr7qb-497185894, networkLocation: /default-rack, certSerialId: null} reports an CLOSED replica.
2019-10-24 19:56:53,232 [EventQueue-ContainerReportForContainerReportHandler] WARN  container.ContainerReportHandler (AbstractContainerReportHandler.java:updateContainerState(145)) - Container #1 is in OPEN state, but the datanode 6ca7c49d-0fb9-47a0-84fc-ca56d60725ba{ip: 192.168.157.225, host: pr-hdds-2344-jr7qb-497185894, networkLocation: /default-rack, certSerialId: null} reports an CLOSED replica.
2019-10-24 19:56:53,235 [EventQueue-ContainerReportForContainerReportHandler] WARN  container.ContainerReportHandler (AbstractContainerReportHandler.java:updateContainerState(145)) - Container #1 is in OPEN state, but the datanode c0eea3b1-3778-46c9-978b-a52b9082cf96{ip: 192.168.157.225, host: pr-hdds-2344-jr7qb-497185894, networkLocation: /default-rack, certSerialId: null} reports an CLOSED replica.
2019-10-24 19:56:53,436 [EventQueue-ContainerReportForContainerReportHandler] WARN  container.ContainerReportHandler (AbstractContainerReportHandler.java:updateContainerState(145)) - Container #1 is in OPEN state, but the datanode c0eea3b1-3778-46c9-978b-a52b9082cf96{ip: 192.168.157.225, host: pr-hdds-2344-jr7qb-497185894, networkLocation: /default-rack, certSerialId: null} reports an CLOSED replica.
2019-10-24 19:56:53,464 [java.util.concurrent.ThreadPoolExecutor$Worker@3a877cc9[State = -1, empty queue]] WARN  server.GrpcLogAppender (GrpcLogAppender.java:timeoutAppendRequest(209)) - c0eea3b1-3778-46c9-978b-a52b9082cf96@group-93BD2C6E36FF->c3cc0179-ddd8-47c0-b315-a087be9c7d41-GrpcLogAppender: appendEntries Timeout, request=c0eea3b1-3778-46c9-978b-a52b9082cf96->c3cc0179-ddd8-47c0-b315-a087be9c7d41#46-t1, previous=(t:1, i:10), leaderCommit=10, initializing? false, entries: <empty>
2019-10-24 19:56:53,532 [EventQueue-ContainerReportForContainerReportHandler] WARN  container.ContainerReportHandler (AbstractContainerReportHandler.java:updateContainerState(145)) - Container #1 is in OPEN state, but the datanode 6ca7c49d-0fb9-47a0-84fc-ca56d60725ba{ip: 192.168.157.225, host: pr-hdds-2344-jr7qb-497185894, networkLocation: /default-rack, certSerialId: null} reports an CLOSED replica.
2019-10-24 19:56:53,832 [EventQueue-ContainerReportForContainerReportHandler] WARN  container.ContainerReportHandler (AbstractContainerReportHandler.java:updateContainerState(145)) - Container #1 is in OPEN state, but the datanode 6ca7c49d-0fb9-47a0-84fc-ca56d60725ba{ip: 192.168.157.225, host: pr-hdds-2344-jr7qb-497185894, networkLocation: /default-rack, certSerialId: null} reports an CLOSED replica.
2019-10-24 19:56:53,837 [EventQueue-ContainerReportForContainerReportHandler] WARN  container.ContainerReportHandler (AbstractContainerReportHandler.java:updateContainerState(145)) - Container #1 is in OPEN state, but the datanode c0eea3b1-3778-46c9-978b-a52b9082cf96{ip: 192.168.157.225, host: pr-hdds-2344-jr7qb-497185894, networkLocation: /default-rack, certSerialId: null} reports an CLOSED replica.
2019-10-24 19:56:53,903 [BlockDeletingService#2] WARN  background.BlockDeletingService (BlockDeletingService.java:isDeletionAllowed(187)) - Close Container log Index 6 is not replicated across allthe servers in the pipeline e974d4ac-588e-46db-a85b-93bd2c6e36ff as the min replicated index is 4. Deletion is not allowed in this container yet.
2019-10-24 19:56:53,903 [BlockDeletingService#2] WARN  background.BlockDeletingService (BlockDeletingService.java:isDeletionAllowed(187)) - Close Container log Index 6 is not replicated across allthe servers in the pipeline e974d4ac-588e-46db-a85b-93bd2c6e36ff as the min replicated index is 4. Deletion is not allowed in this container yet.
2019-10-24 19:56:54,132 [EventQueue-ContainerReportForContainerReportHandler] WARN  container.ContainerReportHandler (AbstractContainerReportHandler.java:updateContainerState(145)) - Container #1 is in OPEN state, but the datanode 6ca7c49d-0fb9-47a0-84fc-ca56d60725ba{ip: 192.168.157.225, host: pr-hdds-2344-jr7qb-497185894, networkLocation: /default-rack, certSerialId: null} reports an CLOSED replica.
2019-10-24 19:56:54,137 [EventQueue-ContainerReportForContainerReportHandler] WARN  container.ContainerReportHandler (AbstractContainerReportHandler.java:updateContainerState(145)) - Container #1 is in OPEN state, but the datanode c0eea3b1-3778-46c9-978b-a52b9082cf96{ip: 192.168.157.225, host: pr-hdds-2344-jr7qb-497185894, networkLocation: /default-rack, certSerialId: null} reports an CLOSED replica.
2019-10-24 19:56:54,332 [EventQueue-ContainerReportForContainerReportHandler] WARN  container.ContainerReportHandler (AbstractContainerReportHandler.java:updateContainerState(145)) - Container #1 is in OPEN state, but the datanode 6ca7c49d-0fb9-47a0-84fc-ca56d60725ba{ip: 192.168.157.225, host: pr-hdds-2344-jr7qb-497185894, networkLocation: /default-rack, certSerialId: null} reports an CLOSED replica.
2019-10-24 19:56:54,437 [EventQueue-ContainerReportForContainerReportHandler] WARN  container.ContainerReportHandler (AbstractContainerReportHandler.java:updateContainerState(145)) - Container #1 is in OPEN state, but the datanode c0eea3b1-3778-46c9-978b-a52b9082cf96{ip: 192.168.157.225, host: pr-hdds-2344-jr7qb-497185894, networkLocation: /default-rack, certSerialId: null} reports an CLOSED replica.
2019-10-24 19:56:54,733 [EventQueue-ContainerReportForContainerReportHandler] WARN  container.ContainerReportHandler (AbstractContainerReportHandler.java:updateContainerState(145)) - Container #1 is in OPEN state, but the datanode 6ca7c49d-0fb9-47a0-84fc-ca56d60725ba{ip: 192.168.157.225, host: pr-hdds-2344-jr7qb-497185894, networkLocation: /default-rack, certSerialId: null} reports an CLOSED replica.
2019-10-24 19:56:54,838 [EventQueue-ContainerReportForContainerReportHandler] WARN  container.ContainerReportHandler (AbstractContainerReportHandler.java:updateContainerState(145)) - Container #1 is in OPEN state, but the datanode c0eea3b1-3778-46c9-978b-a52b9082cf96{ip: 192.168.157.225, host: pr-hdds-2344-jr7qb-497185894, networkLocation: /default-rack, certSerialId: null} reports an CLOSED replica.
2019-10-24 19:56:54,904 [BlockDeletingService#2] WARN  background.BlockDeletingService (BlockDeletingService.java:isDeletionAllowed(187)) - Close Container log Index 6 is not replicated across allthe servers in the pipeline e974d4ac-588e-46db-a85b-93bd2c6e36ff as the min replicated index is 4. Deletion is not allowed in this container yet.
2019-10-24 19:56:54,904 [BlockDeletingService#2] WARN  background.BlockDeletingService (BlockDeletingService.java:isDeletionAllowed(187)) - Close Container log Index 6 is not replicated across allthe servers in the pipeline e974d4ac-588e-46db-a85b-93bd2c6e36ff as the min replicated index is 4. Deletion is not allowed in this container yet.
2019-10-24 19:56:55,034 [EventQueue-ContainerReportForContainerReportHandler] WARN  container.ContainerReportHandler (AbstractContainerReportHandler.java:updateContainerState(145)) - Container #1 is in OPEN state, but the datanode 6ca7c49d-0fb9-47a0-84fc-ca56d60725ba{ip: 192.168.157.225, host: pr-hdds-2344-jr7qb-497185894, networkLocation: /default-rack, certSerialId: null} reports an CLOSED replica.
2019-10-24 19:56:55,038 [EventQueue-ContainerReportForContainerReportHandler] WARN  container.ContainerReportHandler (AbstractContainerReportHandler.java:updateContainerState(145)) - Container #1 is in OPEN state, but the datanode c0eea3b1-3778-46c9-978b-a52b9082cf96{ip: 192.168.157.225, host: pr-hdds-2344-jr7qb-497185894, networkLocation: /default-rack, certSerialId: null} reports an CLOSED replica.
2019-10-24 19:56:55,233 [EventQueue-ContainerReportForContainerReportHandler] WARN  container.ContainerReportHandler (AbstractContainerReportHandler.java:updateContainerState(145)) - Container #1 is in OPEN state, but the datanode 6ca7c49d-0fb9-47a0-84fc-ca56d60725ba{ip: 192.168.157.225, host: pr-hdds-2344-jr7qb-497185894, networkLocation: /default-rack, certSerialId: null} reports an CLOSED replica.
2019-10-24 19:56:55,338 [EventQueue-ContainerReportForContainerReportHandler] WARN  container.ContainerReportHandler (AbstractContainerReportHandler.java:updateContainerState(145)) - Container #1 is in OPEN state, but the datanode c0eea3b1-3778-46c9-978b-a52b9082cf96{ip: 192.168.157.225, host: pr-hdds-2344-jr7qb-497185894, networkLocation: /default-rack, certSerialId: null} reports an CLOSED replica.
2019-10-24 19:56:55,535 [EventQueue-ContainerReportForContainerReportHandler] WARN  container.ContainerReportHandler (AbstractContainerReportHandler.java:updateContainerState(145)) - Container #1 is in OPEN state, but the datanode 6ca7c49d-0fb9-47a0-84fc-ca56d60725ba{ip: 192.168.157.225, host: pr-hdds-2344-jr7qb-497185894, networkLocation: /default-rack, certSerialId: null} reports an CLOSED replica.
2019-10-24 19:56:55,640 [EventQueue-ContainerReportForContainerReportHandler] WARN  container.ContainerReportHandler (AbstractContainerReportHandler.java:updateContainerState(145)) - Container #1 is in OPEN state, but the datanode c0eea3b1-3778-46c9-978b-a52b9082cf96{ip: 192.168.157.225, host: pr-hdds-2344-jr7qb-497185894, networkLocation: /default-rack, certSerialId: null} reports an CLOSED replica.
2019-10-24 19:56:55,836 [EventQueue-ContainerReportForContainerReportHandler] WARN  container.ContainerReportHandler (AbstractContainerReportHandler.java:updateContainerState(145)) - Container #1 is in OPEN state, but the datanode 6ca7c49d-0fb9-47a0-84fc-ca56d60725ba{ip: 192.168.157.225, host: pr-hdds-2344-jr7qb-497185894, networkLocation: /default-rack, certSerialId: null} reports an CLOSED replica.
2019-10-24 19:56:55,906 [BlockDeletingService#2] WARN  background.BlockDeletingService (BlockDeletingService.java:isDeletionAllowed(187)) - Close Container log Index 6 is not replicated across allthe servers in the pipeline e974d4ac-588e-46db-a85b-93bd2c6e36ff as the min replicated index is 4. Deletion is not allowed in this container yet.
2019-10-24 19:56:55,906 [BlockDeletingService#2] WARN  background.BlockDeletingService (BlockDeletingService.java:isDeletionAllowed(187)) - Close Container log Index 6 is not replicated across allthe servers in the pipeline e974d4ac-588e-46db-a85b-93bd2c6e36ff as the min replicated index is 4. Deletion is not allowed in this container yet.
2019-10-24 19:56:55,941 [EventQueue-ContainerReportForContainerReportHandler] WARN  container.ContainerReportHandler (AbstractContainerReportHandler.java:updateContainerState(145)) - Container #1 is in OPEN state, but the datanode c0eea3b1-3778-46c9-978b-a52b9082cf96{ip: 192.168.157.225, host: pr-hdds-2344-jr7qb-497185894, networkLocation: /default-rack, certSerialId: null} reports an CLOSED replica.
2019-10-24 19:56:55,965 [java.util.concurrent.ThreadPoolExecutor$Worker@3a877cc9[State = -1, empty queue]] WARN  server.GrpcLogAppender (GrpcLogAppender.java:timeoutAppendRequest(209)) - c0eea3b1-3778-46c9-978b-a52b9082cf96@group-93BD2C6E36FF->c3cc0179-ddd8-47c0-b315-a087be9c7d41-GrpcLogAppender: appendEntries Timeout, request=c0eea3b1-3778-46c9-978b-a52b9082cf96->c3cc0179-ddd8-47c0-b315-a087be9c7d41#47-t1, previous=(t:1, i:10), leaderCommit=10, initializing? false, entries: <empty>
2019-10-24 19:56:56,236 [EventQueue-ContainerReportForContainerReportHandler] WARN  container.ContainerReportHandler (AbstractContainerReportHandler.java:updateContainerState(145)) - Container #1 is in OPEN state, but the datanode 6ca7c49d-0fb9-47a0-84fc-ca56d60725ba{ip: 192.168.157.225, host: pr-hdds-2344-jr7qb-497185894, networkLocation: /default-rack, certSerialId: null} reports an CLOSED replica.
2019-10-24 19:56:56,240 [EventQueue-ContainerReportForContainerReportHandler] WARN  container.ContainerReportHandler (AbstractContainerReportHandler.java:updateContainerState(145)) - Container #1 is in OPEN state, but the datanode c0eea3b1-3778-46c9-978b-a52b9082cf96{ip: 192.168.157.225, host: pr-hdds-2344-jr7qb-497185894, networkLocation: /default-rack, certSerialId: null} reports an CLOSED replica.
2019-10-24 19:56:56,440 [EventQueue-ContainerReportForContainerReportHandler] WARN  container.ContainerReportHandler (AbstractContainerReportHandler.java:updateContainerState(145)) - Container #1 is in OPEN state, but the datanode c0eea3b1-3778-46c9-978b-a52b9082cf96{ip: 192.168.157.225, host: pr-hdds-2344-jr7qb-497185894, networkLocation: /default-rack, certSerialId: null} reports an CLOSED replica.
2019-10-24 19:56:56,537 [EventQueue-ContainerReportForContainerReportHandler] WARN  container.ContainerReportHandler (AbstractContainerReportHandler.java:updateContainerState(145)) - Container #1 is in OPEN state, but the datanode 6ca7c49d-0fb9-47a0-84fc-ca56d60725ba{ip: 192.168.157.225, host: pr-hdds-2344-jr7qb-497185894, networkLocation: /default-rack, certSerialId: null} reports an CLOSED replica.
2019-10-24 19:56:56,740 [EventQueue-ContainerReportForContainerReportHandler] WARN  container.ContainerReportHandler (AbstractContainerReportHandler.java:updateContainerState(145)) - Container #1 is in OPEN state, but the datanode c0eea3b1-3778-46c9-978b-a52b9082cf96{ip: 192.168.157.225, host: pr-hdds-2344-jr7qb-497185894, networkLocation: /default-rack, certSerialId: null} reports an CLOSED replica.
2019-10-24 19:56:56,836 [EventQueue-ContainerReportForContainerReportHandler] WARN  container.ContainerReportHandler (AbstractContainerReportHandler.java:updateContainerState(145)) - Container #1 is in OPEN state, but the datanode 6ca7c49d-0fb9-47a0-84fc-ca56d60725ba{ip: 192.168.157.225, host: pr-hdds-2344-jr7qb-497185894, networkLocation: /default-rack, certSerialId: null} reports an CLOSED replica.
2019-10-24 19:56:56,908 [BlockDeletingService#2] WARN  background.BlockDeletingService (BlockDeletingService.java:isDeletionAllowed(187)) - Close Container log Index 6 is not replicated across allthe servers in the pipeline e974d4ac-588e-46db-a85b-93bd2c6e36ff as the min replicated index is 4. Deletion is not allowed in this container yet.
2019-10-24 19:56:56,908 [BlockDeletingService#2] WARN  background.BlockDeletingService (BlockDeletingService.java:isDeletionAllowed(187)) - Close Container log Index 6 is not replicated across allthe servers in the pipeline e974d4ac-588e-46db-a85b-93bd2c6e36ff as the min replicated index is 4. Deletion is not allowed in this container yet.
2019-10-24 19:56:57,036 [EventQueue-ContainerReportForContainerReportHandler] WARN  container.ContainerReportHandler (AbstractContainerReportHandler.java:updateContainerState(145)) - Container #1 is in OPEN state, but the datanode 6ca7c49d-0fb9-47a0-84fc-ca56d60725ba{ip: 192.168.157.225, host: pr-hdds-2344-jr7qb-497185894, networkLocation: /default-rack, certSerialId: null} reports an CLOSED replica.
2019-10-24 19:56:57,141 [EventQueue-ContainerReportForContainerReportHandler] WARN  container.ContainerReportHandler (AbstractContainerReportHandler.java:updateContainerState(145)) - Container #1 is in OPEN state, but the datanode c0eea3b1-3778-46c9-978b-a52b9082cf96{ip: 192.168.157.225, host: pr-hdds-2344-jr7qb-497185894, networkLocation: /default-rack, certSerialId: null} reports an CLOSED replica.
2019-10-24 19:56:57,237 [EventQueue-ContainerReportForContainerReportHandler] WARN  container.ContainerReportHandler (AbstractContainerReportHandler.java:updateContainerState(145)) - Container #1 is in OPEN state, but the datanode 6ca7c49d-0fb9-47a0-84fc-ca56d60725ba{ip: 192.168.157.225, host: pr-hdds-2344-jr7qb-497185894, networkLocation: /default-rack, certSerialId: null} reports an CLOSED replica.
2019-10-24 19:56:57,541 [EventQueue-ContainerReportForContainerReportHandler] WARN  container.ContainerReportHandler (AbstractContainerReportHandler.java:updateContainerState(145)) - Container #1 is in OPEN state, but the datanode c0eea3b1-3778-46c9-978b-a52b9082cf96{ip: 192.168.157.225, host: pr-hdds-2344-jr7qb-497185894, networkLocation: /default-rack, certSerialId: null} reports an CLOSED replica.
2019-10-24 19:56:57,639 [EventQueue-ContainerReportForContainerReportHandler] WARN  container.ContainerReportHandler (AbstractContainerReportHandler.java:updateContainerState(145)) - Container #1 is in OPEN state, but the datanode 6ca7c49d-0fb9-47a0-84fc-ca56d60725ba{ip: 192.168.157.225, host: pr-hdds-2344-jr7qb-497185894, networkLocation: /default-rack, certSerialId: null} reports an CLOSED replica.
2019-10-24 19:56:57,841 [EventQueue-ContainerReportForContainerReportHandler] WARN  container.ContainerReportHandler (AbstractContainerReportHandler.java:updateContainerState(145)) - Container #1 is in OPEN state, but the datanode c0eea3b1-3778-46c9-978b-a52b9082cf96{ip: 192.168.157.225, host: pr-hdds-2344-jr7qb-497185894, networkLocation: /default-rack, certSerialId: null} reports an CLOSED replica.
2019-10-24 19:56:57,910 [BlockDeletingService#2] WARN  background.BlockDeletingService (BlockDeletingService.java:isDeletionAllowed(187)) - Close Container log Index 6 is not replicated across allthe servers in the pipeline e974d4ac-588e-46db-a85b-93bd2c6e36ff as the min replicated index is 4. Deletion is not allowed in this container yet.
2019-10-24 19:56:57,910 [BlockDeletingService#2] WARN  background.BlockDeletingService (BlockDeletingService.java:isDeletionAllowed(187)) - Close Container log Index 6 is not replicated across allthe servers in the pipeline e974d4ac-588e-46db-a85b-93bd2c6e36ff as the min replicated index is 4. Deletion is not allowed in this container yet.
2019-10-24 19:56:57,939 [EventQueue-ContainerReportForContainerReportHandler] WARN  container.ContainerReportHandler (AbstractContainerReportHandler.java:updateContainerState(145)) - Container #1 is in OPEN state, but the datanode 6ca7c49d-0fb9-47a0-84fc-ca56d60725ba{ip: 192.168.157.225, host: pr-hdds-2344-jr7qb-497185894, networkLocation: /default-rack, certSerialId: null} reports an CLOSED replica.
2019-10-24 19:56:58,140 [EventQueue-ContainerReportForContainerReportHandler] WARN  container.ContainerReportHandler (AbstractContainerReportHandler.java:updateContainerState(145)) - Container #1 is in OPEN state, but the datanode 6ca7c49d-0fb9-47a0-84fc-ca56d60725ba{ip: 192.168.157.225, host: pr-hdds-2344-jr7qb-497185894, networkLocation: /default-rack, certSerialId: null} reports an CLOSED replica.
2019-10-24 19:56:58,241 [EventQueue-ContainerReportForContainerReportHandler] WARN  container.ContainerReportHandler (AbstractContainerReportHandler.java:updateContainerState(145)) - Container #1 is in OPEN state, but the datanode c0eea3b1-3778-46c9-978b-a52b9082cf96{ip: 192.168.157.225, host: pr-hdds-2344-jr7qb-497185894, networkLocation: /default-rack, certSerialId: null} reports an CLOSED replica.
2019-10-24 19:56:58,439 [EventQueue-ContainerReportForContainerReportHandler] WARN  container.ContainerReportHandler (AbstractContainerReportHandler.java:updateContainerState(145)) - Container #1 is in OPEN state, but the datanode 6ca7c49d-0fb9-47a0-84fc-ca56d60725ba{ip: 192.168.157.225, host: pr-hdds-2344-jr7qb-497185894, networkLocation: /default-rack, certSerialId: null} reports an CLOSED replica.
2019-10-24 19:56:58,466 [java.util.concurrent.ThreadPoolExecutor$Worker@3a877cc9[State = -1, empty queue]] WARN  server.GrpcLogAppender (GrpcLogAppender.java:timeoutAppendRequest(209)) - c0eea3b1-3778-46c9-978b-a52b9082cf96@group-93BD2C6E36FF->c3cc0179-ddd8-47c0-b315-a087be9c7d41-GrpcLogAppender: appendEntries Timeout, request=c0eea3b1-3778-46c9-978b-a52b9082cf96->c3cc0179-ddd8-47c0-b315-a087be9c7d41#48-t1, previous=(t:1, i:10), leaderCommit=10, initializing? false, entries: <empty>
2019-10-24 19:56:58,541 [EventQueue-ContainerReportForContainerReportHandler] WARN  container.ContainerReportHandler (AbstractContainerReportHandler.java:updateContainerState(145)) - Container #1 is in OPEN state, but the datanode c0eea3b1-3778-46c9-978b-a52b9082cf96{ip: 192.168.157.225, host: pr-hdds-2344-jr7qb-497185894, networkLocation: /default-rack, certSerialId: null} reports an CLOSED replica.
2019-10-24 19:56:58,639 [EventQueue-ContainerReportForContainerReportHandler] WARN  container.ContainerReportHandler (AbstractContainerReportHandler.java:updateContainerState(145)) - Container #1 is in OPEN state, but the datanode 6ca7c49d-0fb9-47a0-84fc-ca56d60725ba{ip: 192.168.157.225, host: pr-hdds-2344-jr7qb-497185894, networkLocation: /default-rack, certSerialId: null} reports an CLOSED replica.
2019-10-24 19:56:58,741 [EventQueue-ContainerReportForContainerReportHandler] WARN  container.ContainerReportHandler (AbstractContainerReportHandler.java:updateContainerState(145)) - Container #1 is in OPEN state, but the datanode c0eea3b1-3778-46c9-978b-a52b9082cf96{ip: 192.168.157.225, host: pr-hdds-2344-jr7qb-497185894, networkLocation: /default-rack, certSerialId: null} reports an CLOSED replica.
2019-10-24 19:56:58,839 [EventQueue-ContainerReportForContainerReportHandler] WARN  container.ContainerReportHandler (AbstractContainerReportHandler.java:updateContainerState(145)) - Container #1 is in OPEN state, but the datanode 6ca7c49d-0fb9-47a0-84fc-ca56d60725ba{ip: 192.168.157.225, host: pr-hdds-2344-jr7qb-497185894, networkLocation: /default-rack, certSerialId: null} reports an CLOSED replica.
2019-10-24 19:56:58,911 [BlockDeletingService#2] WARN  background.BlockDeletingService (BlockDeletingService.java:isDeletionAllowed(187)) - Close Container log Index 6 is not replicated across allthe servers in the pipeline e974d4ac-588e-46db-a85b-93bd2c6e36ff as the min replicated index is 4. Deletion is not allowed in this container yet.
2019-10-24 19:56:58,911 [BlockDeletingService#2] WARN  background.BlockDeletingService (BlockDeletingService.java:isDeletionAllowed(187)) - Close Container log Index 6 is not replicated across allthe servers in the pipeline e974d4ac-588e-46db-a85b-93bd2c6e36ff as the min replicated index is 4. Deletion is not allowed in this container yet.
2019-10-24 19:56:59,041 [EventQueue-ContainerReportForContainerReportHandler] WARN  container.ContainerReportHandler (AbstractContainerReportHandler.java:updateContainerState(145)) - Container #1 is in OPEN state, but the datanode c0eea3b1-3778-46c9-978b-a52b9082cf96{ip: 192.168.157.225, host: pr-hdds-2344-jr7qb-497185894, networkLocation: /default-rack, certSerialId: null} reports an CLOSED replica.
2019-10-24 19:56:59,140 [EventQueue-ContainerReportForContainerReportHandler] WARN  container.ContainerReportHandler (AbstractContainerReportHandler.java:updateContainerState(145)) - Container #1 is in OPEN state, but the datanode 6ca7c49d-0fb9-47a0-84fc-ca56d60725ba{ip: 192.168.157.225, host: pr-hdds-2344-jr7qb-497185894, networkLocation: /default-rack, certSerialId: null} reports an CLOSED replica.
2019-10-24 19:56:59,342 [EventQueue-ContainerReportForContainerReportHandler] WARN  container.ContainerReportHandler (AbstractContainerReportHandler.java:updateContainerState(145)) - Container #1 is in OPEN state, but the datanode c0eea3b1-3778-46c9-978b-a52b9082cf96{ip: 192.168.157.225, host: pr-hdds-2344-jr7qb-497185894, networkLocation: /default-rack, certSerialId: null} reports an CLOSED replica.
2019-10-24 19:56:59,439 [EventQueue-ContainerReportForContainerReportHandler] WARN  container.ContainerReportHandler (AbstractContainerReportHandler.java:updateContainerState(145)) - Container #1 is in OPEN state, but the datanode 6ca7c49d-0fb9-47a0-84fc-ca56d60725ba{ip: 192.168.157.225, host: pr-hdds-2344-jr7qb-497185894, networkLocation: /default-rack, certSerialId: null} reports an CLOSED replica.
2019-10-24 19:56:59,642 [EventQueue-ContainerReportForContainerReportHandler] WARN  container.ContainerReportHandler (AbstractContainerReportHandler.java:updateContainerState(145)) - Container #1 is in OPEN state, but the datanode c0eea3b1-3778-46c9-978b-a52b9082cf96{ip: 192.168.157.225, host: pr-hdds-2344-jr7qb-497185894, networkLocation: /default-rack, certSerialId: null} reports an CLOSED replica.
2019-10-24 19:56:59,840 [EventQueue-ContainerReportForContainerReportHandler] WARN  container.ContainerReportHandler (AbstractContainerReportHandler.java:updateContainerState(145)) - Container #1 is in OPEN state, but the datanode 6ca7c49d-0fb9-47a0-84fc-ca56d60725ba{ip: 192.168.157.225, host: pr-hdds-2344-jr7qb-497185894, networkLocation: /default-rack, certSerialId: null} reports an CLOSED replica.
2019-10-24 19:56:59,912 [BlockDeletingService#2] WARN  background.BlockDeletingService (BlockDeletingService.java:isDeletionAllowed(187)) - Close Container log Index 6 is not replicated across allthe servers in the pipeline e974d4ac-588e-46db-a85b-93bd2c6e36ff as the min replicated index is 4. Deletion is not allowed in this container yet.
2019-10-24 19:56:59,912 [BlockDeletingService#2] WARN  background.BlockDeletingService (BlockDeletingService.java:isDeletionAllowed(187)) - Close Container log Index 6 is not replicated across allthe servers in the pipeline e974d4ac-588e-46db-a85b-93bd2c6e36ff as the min replicated index is 4. Deletion is not allowed in this container yet.
2019-10-24 19:56:59,942 [EventQueue-ContainerReportForContainerReportHandler] WARN  container.ContainerReportHandler (AbstractContainerReportHandler.java:updateContainerState(145)) - Container #1 is in OPEN state, but the datanode c0eea3b1-3778-46c9-978b-a52b9082cf96{ip: 192.168.157.225, host: pr-hdds-2344-jr7qb-497185894, networkLocation: /default-rack, certSerialId: null} reports an CLOSED replica.
2019-10-24 19:57:00,040 [EventQueue-ContainerReportForContainerReportHandler] WARN  container.ContainerReportHandler (AbstractContainerReportHandler.java:updateContainerState(145)) - Container #1 is in OPEN state, but the datanode 6ca7c49d-0fb9-47a0-84fc-ca56d60725ba{ip: 192.168.157.225, host: pr-hdds-2344-jr7qb-497185894, networkLocation: /default-rack, certSerialId: null} reports an CLOSED replica.
2019-10-24 19:57:00,240 [EventQueue-ContainerReportForContainerReportHandler] WARN  container.ContainerReportHandler (AbstractContainerReportHandler.java:updateContainerState(145)) - Container #1 is in OPEN state, but the datanode 6ca7c49d-0fb9-47a0-84fc-ca56d60725ba{ip: 192.168.157.225, host: pr-hdds-2344-jr7qb-497185894, networkLocation: /default-rack, certSerialId: null} reports an CLOSED replica.
2019-10-24 19:57:00,344 [EventQueue-ContainerReportForContainerReportHandler] WARN  container.ContainerReportHandler (AbstractContainerReportHandler.java:updateContainerState(145)) - Container #1 is in OPEN state, but the datanode c0eea3b1-3778-46c9-978b-a52b9082cf96{ip: 192.168.157.225, host: pr-hdds-2344-jr7qb-497185894, networkLocation: /default-rack, certSerialId: null} reports an CLOSED replica.
2019-10-24 19:57:00,641 [EventQueue-ContainerReportForContainerReportHandler] WARN  container.ContainerReportHandler (AbstractContainerReportHandler.java:updateContainerState(145)) - Container #1 is in OPEN state, but the datanode 6ca7c49d-0fb9-47a0-84fc-ca56d60725ba{ip: 192.168.157.225, host: pr-hdds-2344-jr7qb-497185894, networkLocation: /default-rack, certSerialId: null} reports an CLOSED replica.
2019-10-24 19:57:00,645 [EventQueue-ContainerReportForContainerReportHandler] WARN  container.ContainerReportHandler (AbstractContainerReportHandler.java:updateContainerState(145)) - Container #1 is in OPEN state, but the datanode c0eea3b1-3778-46c9-978b-a52b9082cf96{ip: 192.168.157.225, host: pr-hdds-2344-jr7qb-497185894, networkLocation: /default-rack, certSerialId: null} reports an CLOSED replica.
2019-10-24 19:57:00,846 [EventQueue-ContainerReportForContainerReportHandler] WARN  container.ContainerReportHandler (AbstractContainerReportHandler.java:updateContainerState(145)) - Container #1 is in OPEN state, but the datanode c0eea3b1-3778-46c9-978b-a52b9082cf96{ip: 192.168.157.225, host: pr-hdds-2344-jr7qb-497185894, networkLocation: /default-rack, certSerialId: null} reports an CLOSED replica.
2019-10-24 19:57:00,915 [BlockDeletingService#2] WARN  background.BlockDeletingService (BlockDeletingService.java:isDeletionAllowed(187)) - Close Container log Index 6 is not replicated across allthe servers in the pipeline e974d4ac-588e-46db-a85b-93bd2c6e36ff as the min replicated index is 4. Deletion is not allowed in this container yet.
2019-10-24 19:57:00,915 [BlockDeletingService#2] WARN  background.BlockDeletingService (BlockDeletingService.java:isDeletionAllowed(187)) - Close Container log Index 6 is not replicated across allthe servers in the pipeline e974d4ac-588e-46db-a85b-93bd2c6e36ff as the min replicated index is 4. Deletion is not allowed in this container yet.
2019-10-24 19:57:00,942 [EventQueue-ContainerReportForContainerReportHandler] WARN  container.ContainerReportHandler (AbstractContainerReportHandler.java:updateContainerState(145)) - Container #1 is in OPEN state, but the datanode 6ca7c49d-0fb9-47a0-84fc-ca56d60725ba{ip: 192.168.157.225, host: pr-hdds-2344-jr7qb-497185894, networkLocation: /default-rack, certSerialId: null} reports an CLOSED replica.
2019-10-24 19:57:00,967 [java.util.concurrent.ThreadPoolExecutor$Worker@3a877cc9[State = -1, empty queue]] WARN  server.GrpcLogAppender (GrpcLogAppender.java:timeoutAppendRequest(209)) - c0eea3b1-3778-46c9-978b-a52b9082cf96@group-93BD2C6E36FF->c3cc0179-ddd8-47c0-b315-a087be9c7d41-GrpcLogAppender: appendEntries Timeout, request=c0eea3b1-3778-46c9-978b-a52b9082cf96->c3cc0179-ddd8-47c0-b315-a087be9c7d41#49-t1, previous=(t:1, i:10), leaderCommit=10, initializing? false, entries: <empty>
2019-10-24 19:57:01,140 [EventQueue-ContainerReportForContainerReportHandler] WARN  container.ContainerReportHandler (AbstractContainerReportHandler.java:updateContainerState(145)) - Container #1 is in OPEN state, but the datanode 6ca7c49d-0fb9-47a0-84fc-ca56d60725ba{ip: 192.168.157.225, host: pr-hdds-2344-jr7qb-497185894, networkLocation: /default-rack, certSerialId: null} reports an CLOSED replica.
2019-10-24 19:57:01,148 [Thread-519] INFO  client.GrpcClientProtocolService (GrpcClientProtocolService.java:lambda$processClientRequest$0(279)) - Failed RaftClientRequest:client-705380899BAA->6ca7c49d-0fb9-47a0-84fc-ca56d60725ba@group-93BD2C6E36FF, cid=10, seq=0, Watch-ALL_COMMITTED(6), Message:<EMPTY>, reply=RaftClientReply:client-705380899BAA->6ca7c49d-0fb9-47a0-84fc-ca56d60725ba@group-93BD2C6E36FF, cid=10, FAILED org.apache.ratis.protocol.NotLeaderException: Server 6ca7c49d-0fb9-47a0-84fc-ca56d60725ba@group-93BD2C6E36FF is not the leader c0eea3b1-3778-46c9-978b-a52b9082cf96:192.168.157.225:33218, logIndex=0, commits[6ca7c49d-0fb9-47a0-84fc-ca56d60725ba:c10, c0eea3b1-3778-46c9-978b-a52b9082cf96:c10, c3cc0179-ddd8-47c0-b315-a087be9c7d41:c4]
2019-10-24 19:57:01,246 [EventQueue-ContainerReportForContainerReportHandler] WARN  container.ContainerReportHandler (AbstractContainerReportHandler.java:updateContainerState(145)) - Container #1 is in OPEN state, but the datanode c0eea3b1-3778-46c9-978b-a52b9082cf96{ip: 192.168.157.225, host: pr-hdds-2344-jr7qb-497185894, networkLocation: /default-rack, certSerialId: null} reports an CLOSED replica.
2019-10-24 19:57:01,441 [EventQueue-ContainerReportForContainerReportHandler] WARN  container.ContainerReportHandler (AbstractContainerReportHandler.java:updateContainerState(145)) - Container #1 is in OPEN state, but the datanode 6ca7c49d-0fb9-47a0-84fc-ca56d60725ba{ip: 192.168.157.225, host: pr-hdds-2344-jr7qb-497185894, networkLocation: /default-rack, certSerialId: null} reports an CLOSED replica.
2019-10-24 19:57:01,446 [EventQueue-ContainerReportForContainerReportHandler] WARN  container.ContainerReportHandler (AbstractContainerReportHandler.java:updateContainerState(145)) - Container #1 is in OPEN state, but the datanode c0eea3b1-3778-46c9-978b-a52b9082cf96{ip: 192.168.157.225, host: pr-hdds-2344-jr7qb-497185894, networkLocation: /default-rack, certSerialId: null} reports an CLOSED replica.
2019-10-24 19:57:01,517 [EventQueue-StaleNodeForStaleNodeHandler] INFO  node.StaleNodeHandler (StaleNodeHandler.java:onMessage(58)) - Datanode c3cc0179-ddd8-47c0-b315-a087be9c7d41{ip: 192.168.157.225, host: pr-hdds-2344-jr7qb-497185894, networkLocation: /default-rack, certSerialId: null} moved to stale state. Finalizing its pipelines [PipelineID=e974d4ac-588e-46db-a85b-93bd2c6e36ff, PipelineID=926d0e26-7778-4bbc-af0c-f276a0755e0f]
2019-10-24 19:57:01,519 [EventQueue-StaleNodeForStaleNodeHandler] INFO  pipeline.SCMPipelineManager (SCMPipelineManager.java:finalizeAndDestroyPipeline(315)) - destroying pipeline:Pipeline[ Id: e974d4ac-588e-46db-a85b-93bd2c6e36ff, Nodes: c3cc0179-ddd8-47c0-b315-a087be9c7d41{ip: 192.168.157.225, host: pr-hdds-2344-jr7qb-497185894, networkLocation: /default-rack, certSerialId: null}6ca7c49d-0fb9-47a0-84fc-ca56d60725ba{ip: 192.168.157.225, host: pr-hdds-2344-jr7qb-497185894, networkLocation: /default-rack, certSerialId: null}c0eea3b1-3778-46c9-978b-a52b9082cf96{ip: 192.168.157.225, host: pr-hdds-2344-jr7qb-497185894, networkLocation: /default-rack, certSerialId: null}, Type:RATIS, Factor:THREE, State:OPEN]
2019-10-24 19:57:01,521 [EventQueue-StaleNodeForStaleNodeHandler] INFO  pipeline.PipelineStateManager (PipelineStateManager.java:finalizePipeline(123)) - Pipeline Pipeline[ Id: e974d4ac-588e-46db-a85b-93bd2c6e36ff, Nodes: c3cc0179-ddd8-47c0-b315-a087be9c7d41{ip: 192.168.157.225, host: pr-hdds-2344-jr7qb-497185894, networkLocation: /default-rack, certSerialId: null}6ca7c49d-0fb9-47a0-84fc-ca56d60725ba{ip: 192.168.157.225, host: pr-hdds-2344-jr7qb-497185894, networkLocation: /default-rack, certSerialId: null}c0eea3b1-3778-46c9-978b-a52b9082cf96{ip: 192.168.157.225, host: pr-hdds-2344-jr7qb-497185894, networkLocation: /default-rack, certSerialId: null}, Type:RATIS, Factor:THREE, State:CLOSED] moved to CLOSED state
2019-10-24 19:57:01,522 [EventQueue-CloseContainerForCloseContainerEventHandler] INFO  container.CloseContainerEventHandler (CloseContainerEventHandler.java:onMessage(61)) - Close container Event triggered for container : #1
2019-10-24 19:57:01,525 [EventQueue-StaleNodeForStaleNodeHandler] INFO  pipeline.SCMPipelineManager (SCMPipelineManager.java:finalizeAndDestroyPipeline(315)) - destroying pipeline:Pipeline[ Id: 926d0e26-7778-4bbc-af0c-f276a0755e0f, Nodes: c3cc0179-ddd8-47c0-b315-a087be9c7d41{ip: 192.168.157.225, host: pr-hdds-2344-jr7qb-497185894, networkLocation: /default-rack, certSerialId: null}, Type:RATIS, Factor:ONE, State:OPEN]
2019-10-24 19:57:01,526 [EventQueue-StaleNodeForStaleNodeHandler] INFO  pipeline.PipelineStateManager (PipelineStateManager.java:finalizePipeline(123)) - Pipeline Pipeline[ Id: 926d0e26-7778-4bbc-af0c-f276a0755e0f, Nodes: c3cc0179-ddd8-47c0-b315-a087be9c7d41{ip: 192.168.157.225, host: pr-hdds-2344-jr7qb-497185894, networkLocation: /default-rack, certSerialId: null}, Type:RATIS, Factor:ONE, State:CLOSED] moved to CLOSED state
2019-10-24 19:57:01,741 [EventQueue-ContainerReportForContainerReportHandler] INFO  container.ContainerReportHandler (AbstractContainerReportHandler.java:updateContainerState(178)) - Moving container #1 to CLOSED state, datanode 6ca7c49d-0fb9-47a0-84fc-ca56d60725ba{ip: 192.168.157.225, host: pr-hdds-2344-jr7qb-497185894, networkLocation: /default-rack, certSerialId: null} reported CLOSED replica.
2019-10-24 19:57:01,917 [BlockDeletingService#2] WARN  background.BlockDeletingService (BlockDeletingService.java:isDeletionAllowed(187)) - Close Container log Index 6 is not replicated across allthe servers in the pipeline e974d4ac-588e-46db-a85b-93bd2c6e36ff as the min replicated index is 4. Deletion is not allowed in this container yet.
2019-10-24 19:57:01,917 [BlockDeletingService#2] WARN  background.BlockDeletingService (BlockDeletingService.java:isDeletionAllowed(187)) - Close Container log Index 6 is not replicated across allthe servers in the pipeline e974d4ac-588e-46db-a85b-93bd2c6e36ff as the min replicated index is 4. Deletion is not allowed in this container yet.
2019-10-24 19:57:02,403 [SCMBlockDeletingService#0] INFO  block.SCMBlockDeletingService (SCMBlockDeletingService.java:call(184)) - Totally added 3 delete blocks command for 3 datanodes, task elapsed time: 6ms
2019-10-24 19:57:02,584 [Thread-529] INFO  client.GrpcClientProtocolService (GrpcClientProtocolService.java:lambda$processClientRequest$0(279)) - Failed RaftClientRequest:client-705380899BAA->c0eea3b1-3778-46c9-978b-a52b9082cf96@group-93BD2C6E36FF, cid=10, seq=0, Watch-ALL_COMMITTED(6), Message:<EMPTY>, reply=RaftClientReply:client-705380899BAA->c0eea3b1-3778-46c9-978b-a52b9082cf96@group-93BD2C6E36FF, cid=10, FAILED org.apache.ratis.protocol.NotReplicatedException: Request with call Id 10 and log index 6 is not yet replicated to ALL_COMMITTED, logIndex=6, commits[c0eea3b1-3778-46c9-978b-a52b9082cf96:c10, c3cc0179-ddd8-47c0-b315-a087be9c7d41:c4, 6ca7c49d-0fb9-47a0-84fc-ca56d60725ba:c10]
2019-10-24 19:57:02,642 [EventQueue-PendingDeleteStatusForPendingDeleteHandler] INFO  block.SCMBlockDeletingService (SCMBlockDeletingService.java:handlePendingDeletes(115)) - Block deletion txnID mismatch in datanode 6ca7c49d-0fb9-47a0-84fc-ca56d60725ba for containerID 1. Datanode delete txnID: 0, SCM txnID: 1
2019-10-24 19:57:02,648 [EventQueue-PendingDeleteStatusForPendingDeleteHandler] INFO  block.SCMBlockDeletingService (SCMBlockDeletingService.java:handlePendingDeletes(115)) - Block deletion txnID mismatch in datanode c0eea3b1-3778-46c9-978b-a52b9082cf96 for containerID 1. Datanode delete txnID: 0, SCM txnID: 1
2019-10-24 19:57:02,744 [Command processor thread] INFO  commandhandler.DeleteBlocksCommandHandler (DeleteBlocksCommandHandler.java:handle(106)) - Start to delete container blocks, TXIDs=[1(0)], numOfContainers=1, numOfBlocks=1
2019-10-24 19:57:02,849 [EventQueue-PendingDeleteStatusForPendingDeleteHandler] INFO  block.SCMBlockDeletingService (SCMBlockDeletingService.java:handlePendingDeletes(115)) - Block deletion txnID mismatch in datanode c0eea3b1-3778-46c9-978b-a52b9082cf96 for containerID 1. Datanode delete txnID: 0, SCM txnID: 1
2019-10-24 19:57:02,919 [BlockDeletingService#2] WARN  background.BlockDeletingService (BlockDeletingService.java:isDeletionAllowed(187)) - Close Container log Index 6 is not replicated across allthe servers in the pipeline e974d4ac-588e-46db-a85b-93bd2c6e36ff as the min replicated index is 4. Deletion is not allowed in this container yet.
2019-10-24 19:57:02,919 [BlockDeletingService#2] WARN  background.BlockDeletingService (BlockDeletingService.java:isDeletionAllowed(187)) - Close Container log Index 6 is not replicated across allthe servers in the pipeline e974d4ac-588e-46db-a85b-93bd2c6e36ff as the min replicated index is 4. Deletion is not allowed in this container yet.
2019-10-24 19:57:03,149 [EventQueue-PendingDeleteStatusForPendingDeleteHandler] INFO  block.SCMBlockDeletingService (SCMBlockDeletingService.java:handlePendingDeletes(115)) - Block deletion txnID mismatch in datanode c0eea3b1-3778-46c9-978b-a52b9082cf96 for containerID 1. Datanode delete txnID: 0, SCM txnID: 1
2019-10-24 19:57:03,247 [Command processor thread] INFO  commandhandler.DeleteBlocksCommandHandler (DeleteBlocksCommandHandler.java:handle(106)) - Start to delete container blocks, TXIDs=[1(0)], numOfContainers=1, numOfBlocks=1
2019-10-24 19:57:03,404 [SCMBlockDeletingService#0] INFO  block.SCMBlockDeletingService (SCMBlockDeletingService.java:call(184)) - Totally added 2 delete blocks command for 2 datanodes, task elapsed time: 1ms
2019-10-24 19:57:03,404 [pool-7-thread-1] INFO  commands.RetriableDatanodeEventWatcher (RetriableDatanodeEventWatcher.java:onTimeout(47)) - RetriableDatanodeCommand type=deleteBlocksCommand with id=1571947022402 timed out. Retrying.
2019-10-24 19:57:03,405 [pool-7-thread-2] INFO  commands.RetriableDatanodeEventWatcher (RetriableDatanodeEventWatcher.java:onTimeout(47)) - RetriableDatanodeCommand type=deleteBlocksCommand with id=1571947022404 timed out. Retrying.
2019-10-24 19:57:03,468 [java.util.concurrent.ThreadPoolExecutor$Worker@3a877cc9[State = -1, empty queue]] WARN  server.GrpcLogAppender (GrpcLogAppender.java:timeoutAppendRequest(209)) - c0eea3b1-3778-46c9-978b-a52b9082cf96@group-93BD2C6E36FF->c3cc0179-ddd8-47c0-b315-a087be9c7d41-GrpcLogAppender: appendEntries Timeout, request=c0eea3b1-3778-46c9-978b-a52b9082cf96->c3cc0179-ddd8-47c0-b315-a087be9c7d41#50-t1, previous=(t:1, i:10), leaderCommit=10, initializing? false, entries: <empty>
2019-10-24 19:57:03,735 [main] INFO  impl.MetricsSystemImpl (MetricsSystemImpl.java:init(158)) - HddsDatanode metrics system started (again)
2019-10-24 19:57:03,779 [main] INFO  ozone.HddsDatanodeService (HddsDatanodeService.java:start(184)) - HddsDatanodeService host:pr-hdds-2344-jr7qb-497185894 ip:192.168.157.225
2019-10-24 19:57:03,782 [main] INFO  volume.VolumeUsage (VolumeUsage.java:loadScmUsed(144)) - Cached ScmUsed found for /workdir/hadoop-ozone/integration-test/target/test-dir/MiniOzoneClusterImpl-32c601bb-365b-4896-b1e0-aac658e6a95a/datanode-1/data/containers : 4096 
2019-10-24 19:57:03,783 [main] INFO  volume.HddsVolume (HddsVolume.java:<init>(176)) - Creating Volume: /workdir/hadoop-ozone/integration-test/target/test-dir/MiniOzoneClusterImpl-32c601bb-365b-4896-b1e0-aac658e6a95a/datanode-1/data/containers/hdds of  storage type : DISK and capacity : 1482555576320
2019-10-24 19:57:03,783 [main] INFO  volume.VolumeSet (VolumeSet.java:initializeVolumeSet(170)) - Added Volume : /workdir/hadoop-ozone/integration-test/target/test-dir/MiniOzoneClusterImpl-32c601bb-365b-4896-b1e0-aac658e6a95a/datanode-1/data/containers/hdds to VolumeSet
2019-10-24 19:57:03,784 [main] INFO  volume.ThrottledAsyncChecker (ThrottledAsyncChecker.java:schedule(141)) - Scheduling a check for /workdir/hadoop-ozone/integration-test/target/test-dir/MiniOzoneClusterImpl-32c601bb-365b-4896-b1e0-aac658e6a95a/datanode-1/data/containers/hdds
2019-10-24 19:57:03,784 [main] INFO  volume.HddsVolumeChecker (HddsVolumeChecker.java:checkAllVolumes(204)) - Scheduled health check for volume /workdir/hadoop-ozone/integration-test/target/test-dir/MiniOzoneClusterImpl-32c601bb-365b-4896-b1e0-aac658e6a95a/datanode-1/data/containers/hdds
2019-10-24 19:57:03,832 [main] INFO  impl.RaftServerProxy (ConfUtils.java:logGet(43)) - raft.rpc.type = GRPC (default)
2019-10-24 19:57:03,832 [main] INFO  grpc.GrpcFactory (GrpcFactory.java:checkPooledByteBufAllocatorUseCacheForAllThreads(45)) - PERFORMANCE WARNING: useCacheForAllThreads is true that may cause Netty to create a lot garbage objects and, as a result, trigger GC.
	It is recommended to disable useCacheForAllThreads by setting -Dorg.apache.ratis.thirdparty.io.netty.allocator.useCacheForAllThreads=false in command line.
2019-10-24 19:57:03,832 [main] INFO  grpc.GrpcConfigKeys$Server (ConfUtils.java:logGet(43)) - raft.grpc.server.port = 41798 (custom)
2019-10-24 19:57:03,834 [main] INFO  server.GrpcService (ConfUtils.java:logGet(43)) - raft.grpc.message.size.max = 33570816 (custom)
2019-10-24 19:57:03,834 [main] INFO  server.RaftServerConfigKeys (ConfUtils.java:logGet(43)) - raft.server.log.appender.buffer.byte-limit = 33554432 (custom)
2019-10-24 19:57:03,834 [main] INFO  server.GrpcService (ConfUtils.java:logGet(43)) - raft.grpc.flow.control.window = 1MB (=1048576) (default)
2019-10-24 19:57:03,835 [main] INFO  server.RaftServerConfigKeys (ConfUtils.java:logGet(43)) - raft.server.rpc.request.timeout = 3000ms (default)
2019-10-24 19:57:03,835 [main] INFO  server.RaftServerConfigKeys (ConfUtils.java:logGet(43)) - raft.server.storage.dir = [/workdir/hadoop-ozone/integration-test/target/test-dir/MiniOzoneClusterImpl-32c601bb-365b-4896-b1e0-aac658e6a95a/datanode-1/data/ratis] (custom)
2019-10-24 19:57:03,836 [main] INFO  impl.RaftServerProxy (RaftServerProxy.java:lambda$null$0(191)) - c3cc0179-ddd8-47c0-b315-a087be9c7d41: found a subdirectory /workdir/hadoop-ozone/integration-test/target/test-dir/MiniOzoneClusterImpl-32c601bb-365b-4896-b1e0-aac658e6a95a/datanode-1/data/ratis/e974d4ac-588e-46db-a85b-93bd2c6e36ff
2019-10-24 19:57:03,837 [main] INFO  impl.RaftServerProxy (RaftServerProxy.java:addNew(89)) - c3cc0179-ddd8-47c0-b315-a087be9c7d41: addNew group-93BD2C6E36FF:[] returns group-93BD2C6E36FF:java.util.concurrent.CompletableFuture@1fc713c9[Not completed]
2019-10-24 19:57:03,837 [main] INFO  impl.RaftServerProxy (RaftServerProxy.java:lambda$null$0(191)) - c3cc0179-ddd8-47c0-b315-a087be9c7d41: found a subdirectory /workdir/hadoop-ozone/integration-test/target/test-dir/MiniOzoneClusterImpl-32c601bb-365b-4896-b1e0-aac658e6a95a/datanode-1/data/ratis/926d0e26-7778-4bbc-af0c-f276a0755e0f
2019-10-24 19:57:03,838 [main] INFO  impl.RaftServerProxy (RaftServerProxy.java:addNew(89)) - c3cc0179-ddd8-47c0-b315-a087be9c7d41: addNew group-F276A0755E0F:[] returns group-F276A0755E0F:java.util.concurrent.CompletableFuture@7301eebe[Not completed]
2019-10-24 19:57:03,841 [pool-59-thread-1] INFO  impl.RaftServerImpl (RaftServerImpl.java:<init>(98)) - c3cc0179-ddd8-47c0-b315-a087be9c7d41: new RaftServerImpl for group-93BD2C6E36FF:[] with ContainerStateMachine:uninitialized
2019-10-24 19:57:03,842 [pool-59-thread-1] INFO  server.RaftServerConfigKeys (ConfUtils.java:logGet(43)) - raft.server.rpc.timeout.min = 5s (custom)
2019-10-24 19:57:03,842 [pool-59-thread-1] INFO  server.RaftServerConfigKeys (ConfUtils.java:logGet(43)) - raft.server.rpc.timeout.max = 5200ms (custom)
2019-10-24 19:57:03,842 [pool-59-thread-1] INFO  server.RaftServerConfigKeys (ConfUtils.java:logGet(43)) - raft.server.rpcslowness.timeout = 1000s (custom)
2019-10-24 19:57:03,843 [pool-59-thread-1] INFO  server.RaftServerConfigKeys (ConfUtils.java:logGet(43)) - raft.server.sleep.deviation.threshold = 300 (default)
2019-10-24 19:57:03,843 [pool-59-thread-1] INFO  server.RaftServerConfigKeys (ConfUtils.java:logGet(43)) - raft.server.log.appender.install.snapshot.enabled = false (custom)
2019-10-24 19:57:03,843 [main] INFO  hdfs.DFSUtil (DFSUtil.java:httpServerTemplateForNNAndJN(1641)) - Starting Web-server for hddsDatanode at: http://0.0.0.0:42680
2019-10-24 19:57:03,843 [pool-59-thread-1] INFO  impl.RaftServerImpl (ServerState.java:<init>(103)) - c3cc0179-ddd8-47c0-b315-a087be9c7d41@group-93BD2C6E36FF: ConfigurationManager, init=-1: [], old=null, confs=<EMPTY_MAP>
2019-10-24 19:57:03,843 [pool-59-thread-1] INFO  server.RaftServerConfigKeys (ConfUtils.java:logGet(43)) - raft.server.storage.dir = [/workdir/hadoop-ozone/integration-test/target/test-dir/MiniOzoneClusterImpl-32c601bb-365b-4896-b1e0-aac658e6a95a/datanode-1/data/ratis] (custom)
2019-10-24 19:57:03,844 [pool-59-thread-1] INFO  server.RaftServerConfigKeys (ConfUtils.java:logGet(43)) - raft.server.log.corruption.policy = EXCEPTION (default)
2019-10-24 19:57:03,845 [main] INFO  server.AuthenticationFilter (AuthenticationFilter.java:constructSecretProvider(240)) - Unable to initialize FileSignerSecretProvider, falling back to use random secrets.
2019-10-24 19:57:03,846 [main] WARN  http.HttpRequestLog (HttpRequestLog.java:getRequestLog(97)) - Jetty request log can only be enabled using Log4j
2019-10-24 19:57:03,848 [main] INFO  http.HttpServer2 (HttpServer2.java:addGlobalFilter(975)) - Added global filter 'safety' (class=org.apache.hadoop.http.HttpServer2$QuotingInputFilter)
2019-10-24 19:57:03,849 [main] INFO  http.HttpServer2 (HttpServer2.java:addFilter(948)) - Added filter static_user_filter (class=org.apache.hadoop.http.lib.StaticUserWebFilter$StaticUserFilter) to context hddsDatanode
2019-10-24 19:57:03,849 [main] INFO  http.HttpServer2 (HttpServer2.java:addFilter(958)) - Added filter static_user_filter (class=org.apache.hadoop.http.lib.StaticUserWebFilter$StaticUserFilter) to context logs
2019-10-24 19:57:03,849 [main] INFO  http.HttpServer2 (HttpServer2.java:addFilter(958)) - Added filter static_user_filter (class=org.apache.hadoop.http.lib.StaticUserWebFilter$StaticUserFilter) to context static
2019-10-24 19:57:03,850 [main] INFO  http.HttpServer2 (HttpServer2.java:bindListener(1191)) - Jetty bound to port 42680
2019-10-24 19:57:03,850 [main] INFO  server.Server (Server.java:doStart(351)) - jetty-9.3.25.v20180904, build timestamp: 2018-09-04T21:11:46Z, git hash: 3ce520221d0240229c862b122d2b06c12a625732
2019-10-24 19:57:03,853 [main] INFO  handler.ContextHandler (ContextHandler.java:doStart(781)) - Started o.e.j.s.ServletContextHandler@6848a051{/logs,file:///workdir/hadoop-ozone/integration-test/target/log,AVAILABLE}
2019-10-24 19:57:03,853 [main] INFO  handler.ContextHandler (ContextHandler.java:doStart(781)) - Started o.e.j.s.ServletContextHandler@5740ff5e{/static,jar:file:/home/user/.m2/repository/org/apache/hadoop/hadoop-hdds-container-service/0.5.0-SNAPSHOT/hadoop-hdds-container-service-0.5.0-SNAPSHOT.jar!/webapps/static,AVAILABLE}
2019-10-24 19:57:03,857 [pool-59-thread-1] INFO  storage.RaftStorageDirectory (RaftStorageDirectory.java:tryLock(328)) - Lock on /workdir/hadoop-ozone/integration-test/target/test-dir/MiniOzoneClusterImpl-32c601bb-365b-4896-b1e0-aac658e6a95a/datanode-1/data/ratis/e974d4ac-588e-46db-a85b-93bd2c6e36ff/in_use.lock acquired by nodename 2269@pr-hdds-2344-jr7qb-497185894
2019-10-24 19:57:03,859 [pool-59-thread-1] INFO  ratis.ContainerStateMachine (ContainerStateMachine.java:loadSnapshot(240)) - group-93BD2C6E36FF: Setting the last applied index to (t:1, i:3)
2019-10-24 19:57:03,863 [pool-59-thread-1] INFO  impl.RaftServerImpl (ServerState.java:setRaftConf(356)) - c3cc0179-ddd8-47c0-b315-a087be9c7d41@group-93BD2C6E36FF: set configuration 0: [c0eea3b1-3778-46c9-978b-a52b9082cf96:192.168.157.225:33218, c3cc0179-ddd8-47c0-b315-a087be9c7d41:192.168.157.225:41798, 6ca7c49d-0fb9-47a0-84fc-ca56d60725ba:192.168.157.225:39925], old=null at 0
2019-10-24 19:57:03,863 [pool-59-thread-1] INFO  server.RaftServerConfigKeys (ConfUtils.java:logGet(43)) - raft.server.notification.no-leader.timeout = 1000s (custom)
2019-10-24 19:57:03,864 [pool-59-thread-1] INFO  server.RaftServerConfigKeys (ConfUtils.java:logGet(43)) - raft.server.log.use.memory = false (default)
2019-10-24 19:57:03,864 [pool-59-thread-1] INFO  server.RaftServerConfigKeys (ConfUtils.java:logGet(43)) - raft.server.log.purge.gap = 1000000 (custom)
2019-10-24 19:57:03,864 [pool-59-thread-1] INFO  server.RaftServerConfigKeys (ConfUtils.java:logGet(43)) - raft.server.log.appender.buffer.byte-limit = 33554432 (custom)
2019-10-24 19:57:03,864 [pool-59-thread-1] INFO  server.RaftServerConfigKeys (ConfUtils.java:logGet(43)) - raft.server.log.segment.size.max = 1048576 (custom)
2019-10-24 19:57:03,864 [pool-59-thread-1] INFO  server.RaftServerConfigKeys (ConfUtils.java:logGet(43)) - raft.server.log.segment.cache.num.max = 2 (custom)
2019-10-24 19:57:03,864 [pool-59-thread-1] INFO  segmented.SegmentedRaftLogWorker (SegmentedRaftLogWorker.java:<init>(173)) - new c3cc0179-ddd8-47c0-b315-a087be9c7d41@group-93BD2C6E36FF-SegmentedRaftLogWorker for RaftStorage:Storage Directory /workdir/hadoop-ozone/integration-test/target/test-dir/MiniOzoneClusterImpl-32c601bb-365b-4896-b1e0-aac658e6a95a/datanode-1/data/ratis/e974d4ac-588e-46db-a85b-93bd2c6e36ff
2019-10-24 19:57:03,864 [pool-59-thread-1] INFO  server.RaftServerConfigKeys (ConfUtils.java:logGet(43)) - raft.server.log.queue.byte-limit = 2147483647 (custom)
2019-10-24 19:57:03,864 [pool-59-thread-1] INFO  server.RaftServerConfigKeys (ConfUtils.java:logGet(43)) - raft.server.log.queue.element-limit = 1024 (custom)
2019-10-24 19:57:03,864 [pool-59-thread-1] INFO  server.RaftServerConfigKeys (ConfUtils.java:logGet(43)) - raft.server.log.segment.size.max = 1048576 (custom)
2019-10-24 19:57:03,864 [pool-59-thread-1] INFO  server.RaftServerConfigKeys (ConfUtils.java:logGet(43)) - raft.server.log.preallocated.size = 16384 (custom)
2019-10-24 19:57:03,865 [pool-59-thread-1] INFO  server.RaftServerConfigKeys (ConfUtils.java:logGet(43)) - raft.server.log.write.buffer.size = 33554432 (custom)
2019-10-24 19:57:03,865 [pool-59-thread-1] INFO  server.RaftServerConfigKeys (ConfUtils.java:logGet(43)) - raft.server.log.force.sync.num = 128 (default)
2019-10-24 19:57:03,865 [pool-59-thread-1] INFO  server.RaftServerConfigKeys (ConfUtils.java:logGet(43)) - raft.server.log.statemachine.data.sync = true (default)
2019-10-24 19:57:03,865 [pool-59-thread-1] INFO  server.RaftServerConfigKeys (ConfUtils.java:logGet(43)) - raft.server.log.statemachine.data.sync.timeout = 10s (default)
2019-10-24 19:57:03,865 [pool-59-thread-1] INFO  server.RaftServerConfigKeys (ConfUtils.java:logGet(43)) - raft.server.log.statemachine.data.sync.timeout.retry = -1 (default)
2019-10-24 19:57:03,865 [pool-59-thread-1] INFO  server.RaftServerConfigKeys (ConfUtils.java:logGet(43)) - raft.server.log.statemachine.data.caching.enabled = true (custom)
2019-10-24 19:57:03,870 [pool-59-thread-1] INFO  impl.RaftServerImpl (ServerState.java:setRaftConf(356)) - c3cc0179-ddd8-47c0-b315-a087be9c7d41@group-93BD2C6E36FF: set configuration 0: [c0eea3b1-3778-46c9-978b-a52b9082cf96:192.168.157.225:33218, c3cc0179-ddd8-47c0-b315-a087be9c7d41:192.168.157.225:41798, 6ca7c49d-0fb9-47a0-84fc-ca56d60725ba:192.168.157.225:39925], old=null at 0
2019-10-24 19:57:03,871 [pool-59-thread-1] INFO  segmented.LogSegment (LogSegment.java:loadSegment(140)) - Successfully read 5 entries from segment file /workdir/hadoop-ozone/integration-test/target/test-dir/MiniOzoneClusterImpl-32c601bb-365b-4896-b1e0-aac658e6a95a/datanode-1/data/ratis/e974d4ac-588e-46db-a85b-93bd2c6e36ff/current/log_inprogress_0
2019-10-24 19:57:03,871 [pool-59-thread-1] INFO  segmented.SegmentedRaftLogWorker (SegmentedRaftLogWorker.java:lambda$new$0(128)) - c3cc0179-ddd8-47c0-b315-a087be9c7d41@group-93BD2C6E36FF-SegmentedRaftLogWorker: flushIndex: setUnconditionally 0 -> 4
2019-10-24 19:57:03,892 [main] INFO  handler.ContextHandler (ContextHandler.java:doStart(781)) - Started o.e.j.w.WebAppContext@37854b34{/,file:///tmp/jetty-0.0.0.0-42680-hddsDatanode-_-any-5055478772224108294.dir/webapp/,AVAILABLE}{/hddsDatanode}
2019-10-24 19:57:03,894 [main] INFO  server.AbstractConnector (AbstractConnector.java:doStart(278)) - Started ServerConnector@48eb001a{HTTP/1.1,[http/1.1]}{0.0.0.0:42680}
2019-10-24 19:57:03,894 [pool-59-thread-1] INFO  raftlog.RaftLog (RaftLog.java:lambda$new$0(61)) - c3cc0179-ddd8-47c0-b315-a087be9c7d41@group-93BD2C6E36FF-SegmentedRaftLog: commitIndex: updateToMax old=3, new=3, updated? false
2019-10-24 19:57:03,894 [main] INFO  server.Server (Server.java:doStart(419)) - Started @118122ms
2019-10-24 19:57:03,894 [main] WARN  impl.MetricsSystemImpl (MetricsSystemImpl.java:register(276)) - Sink prometheus already exists!
2019-10-24 19:57:03,894 [pool-59-thread-1] INFO  server.RaftServerConfigKeys (ConfUtils.java:logGet(43)) - raft.server.snapshot.auto.trigger.enabled = true (custom)
2019-10-24 19:57:03,895 [pool-59-thread-1] INFO  server.RaftServerConfigKeys (ConfUtils.java:logGet(43)) - raft.server.snapshot.auto.trigger.threshold = 10000 (custom)
2019-10-24 19:57:03,895 [pool-59-thread-1] INFO  server.RaftServerConfigKeys (ConfUtils.java:logGet(43)) - raft.server.snapshot.retention.file.num = 5 (custom)
2019-10-24 19:57:03,895 [pool-59-thread-1] INFO  server.RaftServerConfigKeys (ConfUtils.java:logGet(43)) - raft.server.retrycache.expirytime = 600000ms (custom)
2019-10-24 19:57:03,895 [main] INFO  server.BaseHttpServer (BaseHttpServer.java:updateConnectorAddress(215)) - HTTP server of HDDSDATANODE is listening at http://0.0.0.0:42680
2019-10-24 19:57:03,897 [pool-59-thread-1] INFO  impl.RaftServerImpl (RaftServerImpl.java:<init>(98)) - c3cc0179-ddd8-47c0-b315-a087be9c7d41: new RaftServerImpl for group-F276A0755E0F:[] with ContainerStateMachine:uninitialized
2019-10-24 19:57:03,897 [pool-59-thread-1] INFO  server.RaftServerConfigKeys (ConfUtils.java:logGet(43)) - raft.server.rpc.timeout.min = 5s (custom)
2019-10-24 19:57:03,897 [pool-59-thread-1] INFO  server.RaftServerConfigKeys (ConfUtils.java:logGet(43)) - raft.server.rpc.timeout.max = 5200ms (custom)
2019-10-24 19:57:03,897 [pool-59-thread-1] INFO  server.RaftServerConfigKeys (ConfUtils.java:logGet(43)) - raft.server.rpcslowness.timeout = 1000s (custom)
2019-10-24 19:57:03,897 [pool-59-thread-1] INFO  server.RaftServerConfigKeys (ConfUtils.java:logGet(43)) - raft.server.sleep.deviation.threshold = 300 (default)
2019-10-24 19:57:03,897 [pool-59-thread-1] INFO  server.RaftServerConfigKeys (ConfUtils.java:logGet(43)) - raft.server.log.appender.install.snapshot.enabled = false (custom)
2019-10-24 19:57:03,897 [pool-59-thread-1] INFO  impl.RaftServerImpl (ServerState.java:<init>(103)) - c3cc0179-ddd8-47c0-b315-a087be9c7d41@group-F276A0755E0F: ConfigurationManager, init=-1: [], old=null, confs=<EMPTY_MAP>
2019-10-24 19:57:03,897 [org.apache.hadoop.util.JvmPauseMonitor$Monitor@722c82cc] INFO  util.JvmPauseMonitor (JvmPauseMonitor.java:run(188)) - Starting JVM pause monitor
2019-10-24 19:57:03,897 [pool-59-thread-1] INFO  server.RaftServerConfigKeys (ConfUtils.java:logGet(43)) - raft.server.storage.dir = [/workdir/hadoop-ozone/integration-test/target/test-dir/MiniOzoneClusterImpl-32c601bb-365b-4896-b1e0-aac658e6a95a/datanode-1/data/ratis] (custom)
2019-10-24 19:57:03,898 [pool-59-thread-1] INFO  server.RaftServerConfigKeys (ConfUtils.java:logGet(43)) - raft.server.log.corruption.policy = EXCEPTION (default)
2019-10-24 19:57:03,910 [pool-59-thread-1] INFO  storage.RaftStorageDirectory (RaftStorageDirectory.java:tryLock(328)) - Lock on /workdir/hadoop-ozone/integration-test/target/test-dir/MiniOzoneClusterImpl-32c601bb-365b-4896-b1e0-aac658e6a95a/datanode-1/data/ratis/926d0e26-7778-4bbc-af0c-f276a0755e0f/in_use.lock acquired by nodename 2269@pr-hdds-2344-jr7qb-497185894
2019-10-24 19:57:03,911 [pool-59-thread-1] INFO  ratis.ContainerStateMachine (ContainerStateMachine.java:loadSnapshot(231)) - group-F276A0755E0F: The snapshot info is null. Setting the last applied indexto:(t:0, i:~)
2019-10-24 19:57:03,911 [pool-59-thread-1] INFO  server.RaftServerConfigKeys (ConfUtils.java:logGet(43)) - raft.server.notification.no-leader.timeout = 1000s (custom)
2019-10-24 19:57:03,911 [pool-59-thread-1] INFO  server.RaftServerConfigKeys (ConfUtils.java:logGet(43)) - raft.server.log.use.memory = false (default)
2019-10-24 19:57:03,911 [pool-59-thread-1] INFO  server.RaftServerConfigKeys (ConfUtils.java:logGet(43)) - raft.server.log.purge.gap = 1000000 (custom)
2019-10-24 19:57:03,911 [pool-59-thread-1] INFO  server.RaftServerConfigKeys (ConfUtils.java:logGet(43)) - raft.server.log.appender.buffer.byte-limit = 33554432 (custom)
2019-10-24 19:57:03,911 [pool-59-thread-1] INFO  server.RaftServerConfigKeys (ConfUtils.java:logGet(43)) - raft.server.log.segment.size.max = 1048576 (custom)
2019-10-24 19:57:03,911 [pool-59-thread-1] INFO  server.RaftServerConfigKeys (ConfUtils.java:logGet(43)) - raft.server.log.segment.cache.num.max = 2 (custom)
2019-10-24 19:57:03,911 [pool-59-thread-1] INFO  segmented.SegmentedRaftLogWorker (SegmentedRaftLogWorker.java:<init>(173)) - new c3cc0179-ddd8-47c0-b315-a087be9c7d41@group-F276A0755E0F-SegmentedRaftLogWorker for RaftStorage:Storage Directory /workdir/hadoop-ozone/integration-test/target/test-dir/MiniOzoneClusterImpl-32c601bb-365b-4896-b1e0-aac658e6a95a/datanode-1/data/ratis/926d0e26-7778-4bbc-af0c-f276a0755e0f
2019-10-24 19:57:03,911 [pool-59-thread-1] INFO  server.RaftServerConfigKeys (ConfUtils.java:logGet(43)) - raft.server.log.queue.byte-limit = 2147483647 (custom)
2019-10-24 19:57:03,912 [pool-59-thread-1] INFO  server.RaftServerConfigKeys (ConfUtils.java:logGet(43)) - raft.server.log.queue.element-limit = 1024 (custom)
2019-10-24 19:57:03,912 [pool-59-thread-1] INFO  server.RaftServerConfigKeys (ConfUtils.java:logGet(43)) - raft.server.log.segment.size.max = 1048576 (custom)
2019-10-24 19:57:03,912 [pool-59-thread-1] INFO  server.RaftServerConfigKeys (ConfUtils.java:logGet(43)) - raft.server.log.preallocated.size = 16384 (custom)
2019-10-24 19:57:03,912 [pool-59-thread-1] INFO  server.RaftServerConfigKeys (ConfUtils.java:logGet(43)) - raft.server.log.write.buffer.size = 33554432 (custom)
2019-10-24 19:57:03,912 [pool-59-thread-1] INFO  server.RaftServerConfigKeys (ConfUtils.java:logGet(43)) - raft.server.log.force.sync.num = 128 (default)
2019-10-24 19:57:03,912 [pool-59-thread-1] INFO  server.RaftServerConfigKeys (ConfUtils.java:logGet(43)) - raft.server.log.statemachine.data.sync = true (default)
2019-10-24 19:57:03,912 [pool-59-thread-1] INFO  server.RaftServerConfigKeys (ConfUtils.java:logGet(43)) - raft.server.log.statemachine.data.sync.timeout = 10s (default)
2019-10-24 19:57:03,912 [pool-59-thread-1] INFO  server.RaftServerConfigKeys (ConfUtils.java:logGet(43)) - raft.server.log.statemachine.data.sync.timeout.retry = -1 (default)
2019-10-24 19:57:03,912 [pool-59-thread-1] INFO  server.RaftServerConfigKeys (ConfUtils.java:logGet(43)) - raft.server.log.statemachine.data.caching.enabled = true (custom)
2019-10-24 19:57:03,913 [pool-59-thread-1] INFO  impl.RaftServerImpl (ServerState.java:setRaftConf(356)) - c3cc0179-ddd8-47c0-b315-a087be9c7d41@group-F276A0755E0F: set configuration 0: [c3cc0179-ddd8-47c0-b315-a087be9c7d41:192.168.157.225:41798], old=null at 0
2019-10-24 19:57:03,913 [pool-59-thread-1] INFO  segmented.LogSegment (LogSegment.java:loadSegment(140)) - Successfully read 1 entries from segment file /workdir/hadoop-ozone/integration-test/target/test-dir/MiniOzoneClusterImpl-32c601bb-365b-4896-b1e0-aac658e6a95a/datanode-1/data/ratis/926d0e26-7778-4bbc-af0c-f276a0755e0f/current/log_inprogress_0
2019-10-24 19:57:03,913 [pool-59-thread-1] INFO  segmented.SegmentedRaftLogWorker (SegmentedRaftLogWorker.java:lambda$new$0(128)) - c3cc0179-ddd8-47c0-b315-a087be9c7d41@group-F276A0755E0F-SegmentedRaftLogWorker: flushIndex: setUnconditionally 0 -> 0
2019-10-24 19:57:03,920 [BlockDeletingService#2] WARN  background.BlockDeletingService (BlockDeletingService.java:isDeletionAllowed(187)) - Close Container log Index 6 is not replicated across allthe servers in the pipeline e974d4ac-588e-46db-a85b-93bd2c6e36ff as the min replicated index is 4. Deletion is not allowed in this container yet.
2019-10-24 19:57:03,920 [BlockDeletingService#2] WARN  background.BlockDeletingService (BlockDeletingService.java:isDeletionAllowed(187)) - Close Container log Index 6 is not replicated across allthe servers in the pipeline e974d4ac-588e-46db-a85b-93bd2c6e36ff as the min replicated index is 4. Deletion is not allowed in this container yet.
2019-10-24 19:57:03,936 [pool-59-thread-1] INFO  server.RaftServerConfigKeys (ConfUtils.java:logGet(43)) - raft.server.snapshot.auto.trigger.enabled = true (custom)
2019-10-24 19:57:03,936 [pool-59-thread-1] INFO  server.RaftServerConfigKeys (ConfUtils.java:logGet(43)) - raft.server.snapshot.auto.trigger.threshold = 10000 (custom)
2019-10-24 19:57:03,936 [pool-59-thread-1] INFO  server.RaftServerConfigKeys (ConfUtils.java:logGet(43)) - raft.server.snapshot.retention.file.num = 5 (custom)
2019-10-24 19:57:03,937 [pool-59-thread-1] INFO  server.RaftServerConfigKeys (ConfUtils.java:logGet(43)) - raft.server.retrycache.expirytime = 600000ms (custom)
2019-10-24 19:57:04,349 [Command processor thread] INFO  commandhandler.DeleteBlocksCommandHandler (DeleteBlocksCommandHandler.java:handle(106)) - Start to delete container blocks, TXIDs=[1(2)], numOfContainers=1, numOfBlocks=1
2019-10-24 19:57:04,350 [Command processor thread] INFO  commandhandler.DeleteBlocksCommandHandler (DeleteBlocksCommandHandler.java:handle(106)) - Start to delete container blocks, TXIDs=[1(0)], numOfContainers=1, numOfBlocks=1
2019-10-24 19:57:04,404 [pool-7-thread-2] INFO  commands.RetriableDatanodeEventWatcher (RetriableDatanodeEventWatcher.java:onTimeout(47)) - RetriableDatanodeCommand type=deleteBlocksCommand with id=1571947022405 timed out. Retrying.
2019-10-24 19:57:04,404 [pool-7-thread-3] INFO  commands.RetriableDatanodeEventWatcher (RetriableDatanodeEventWatcher.java:onTimeout(47)) - RetriableDatanodeCommand type=deleteBlocksCommand with id=1571947022402 timed out. Retrying.
2019-10-24 19:57:04,405 [pool-7-thread-1] INFO  commands.RetriableDatanodeEventWatcher (RetriableDatanodeEventWatcher.java:onTimeout(47)) - RetriableDatanodeCommand type=deleteBlocksCommand with id=1571947022406 timed out. Retrying.
2019-10-24 19:57:04,405 [SCMBlockDeletingService#0] INFO  block.SCMBlockDeletingService (SCMBlockDeletingService.java:call(184)) - Totally added 1 delete blocks command for 1 datanodes, task elapsed time: 1ms
2019-10-24 19:57:04,452 [EventQueue-DeleteBlockStatusForEventWatcher$$Lambda$29/1632413663] WARN  events.EventWatcher (EventWatcher.java:lambda$start$0(110)) - Completion event without active lease. Id=1571947022404
2019-10-24 19:57:04,921 [BlockDeletingService#2] WARN  background.BlockDeletingService (BlockDeletingService.java:isDeletionAllowed(187)) - Close Container log Index 6 is not replicated across allthe servers in the pipeline e974d4ac-588e-46db-a85b-93bd2c6e36ff as the min replicated index is 4. Deletion is not allowed in this container yet.
2019-10-24 19:57:04,921 [BlockDeletingService#2] WARN  background.BlockDeletingService (BlockDeletingService.java:isDeletionAllowed(187)) - Close Container log Index 6 is not replicated across allthe servers in the pipeline e974d4ac-588e-46db-a85b-93bd2c6e36ff as the min replicated index is 4. Deletion is not allowed in this container yet.
2019-10-24 19:57:05,404 [pool-7-thread-1] INFO  commands.RetriableDatanodeEventWatcher (RetriableDatanodeEventWatcher.java:onTimeout(47)) - RetriableDatanodeCommand type=deleteBlocksCommand with id=1571947022405 timed out. Retrying.
2019-10-24 19:57:05,405 [pool-7-thread-1] INFO  commands.RetriableDatanodeEventWatcher (RetriableDatanodeEventWatcher.java:onTimeout(47)) - RetriableDatanodeCommand type=deleteBlocksCommand with id=1571947022407 timed out. Retrying.
2019-10-24 19:57:05,405 [pool-7-thread-3] INFO  commands.RetriableDatanodeEventWatcher (RetriableDatanodeEventWatcher.java:onTimeout(47)) - RetriableDatanodeCommand type=deleteBlocksCommand with id=1571947022402 timed out. Retrying.
2019-10-24 19:57:05,406 [SCMBlockDeletingService#0] INFO  block.SCMBlockDeletingService (SCMBlockDeletingService.java:call(184)) - Totally added 1 delete blocks command for 1 datanodes, task elapsed time: 1ms
2019-10-24 19:57:05,450 [Command processor thread] INFO  commandhandler.DeleteBlocksCommandHandler (DeleteBlocksCommandHandler.java:handle(106)) - Start to delete container blocks, TXIDs=[1(2)], numOfContainers=1, numOfBlocks=1
2019-10-24 19:57:05,655 [EventQueue-DeleteBlockStatusForEventWatcher$$Lambda$29/1632413663] WARN  events.EventWatcher (EventWatcher.java:lambda$start$0(110)) - Completion event without active lease. Id=1571947022406
2019-10-24 19:57:05,901 [Datanode State Machine Thread - 0] INFO  ozoneimpl.OzoneContainer (OzoneContainer.java:start(213)) - Attempting to start container services.
2019-10-24 19:57:05,902 [Datanode State Machine Thread - 0] INFO  ozoneimpl.OzoneContainer (OzoneContainer.java:startContainerScrub(177)) - Background container scanner has been disabled.
2019-10-24 19:57:05,902 [Datanode State Machine Thread - 0] INFO  ratis.XceiverServerRatis (XceiverServerRatis.java:start(418)) - Starting XceiverServerRatis c3cc0179-ddd8-47c0-b315-a087be9c7d41 at port 41798
2019-10-24 19:57:05,914 [Datanode State Machine Thread - 0] INFO  impl.RaftServerImpl (RaftServerImpl.java:start(184)) - c3cc0179-ddd8-47c0-b315-a087be9c7d41@group-F276A0755E0F: start as a follower, conf=0: [c3cc0179-ddd8-47c0-b315-a087be9c7d41:192.168.157.225:41798], old=null
2019-10-24 19:57:05,914 [ForkJoinPool.commonPool-worker-1] INFO  impl.RaftServerImpl (RaftServerImpl.java:start(184)) - c3cc0179-ddd8-47c0-b315-a087be9c7d41@group-93BD2C6E36FF: start as a follower, conf=0: [c0eea3b1-3778-46c9-978b-a52b9082cf96:192.168.157.225:33218, c3cc0179-ddd8-47c0-b315-a087be9c7d41:192.168.157.225:41798, 6ca7c49d-0fb9-47a0-84fc-ca56d60725ba:192.168.157.225:39925], old=null
2019-10-24 19:57:05,914 [Datanode State Machine Thread - 0] INFO  impl.RaftServerImpl (RaftServerImpl.java:setRole(173)) - c3cc0179-ddd8-47c0-b315-a087be9c7d41@group-F276A0755E0F: changes role from      null to FOLLOWER at term 1 for startAsFollower
2019-10-24 19:57:05,914 [ForkJoinPool.commonPool-worker-1] INFO  impl.RaftServerImpl (RaftServerImpl.java:setRole(173)) - c3cc0179-ddd8-47c0-b315-a087be9c7d41@group-93BD2C6E36FF: changes role from      null to FOLLOWER at term 1 for startAsFollower
2019-10-24 19:57:05,915 [Datanode State Machine Thread - 0] INFO  impl.RoleInfo (RoleInfo.java:updateAndGet(143)) - c3cc0179-ddd8-47c0-b315-a087be9c7d41: start FollowerState
2019-10-24 19:57:05,915 [ForkJoinPool.commonPool-worker-1] INFO  impl.RoleInfo (RoleInfo.java:updateAndGet(143)) - c3cc0179-ddd8-47c0-b315-a087be9c7d41: start FollowerState
2019-10-24 19:57:05,916 [Datanode State Machine Thread - 0] INFO  util.JmxRegister (JmxRegister.java:tryRegister(44)) - Successfully registered JMX Bean with object name Ratis:service=RaftServer,group=group-F276A0755E0F,id=c3cc0179-ddd8-47c0-b315-a087be9c7d41
2019-10-24 19:57:05,916 [ForkJoinPool.commonPool-worker-1] INFO  util.JmxRegister (JmxRegister.java:tryRegister(44)) - Successfully registered JMX Bean with object name Ratis:service=RaftServer,group=group-93BD2C6E36FF,id=c3cc0179-ddd8-47c0-b315-a087be9c7d41
2019-10-24 19:57:05,918 [Datanode State Machine Thread - 0] INFO  impl.RaftServerProxy (RaftServerProxy.java:lambda$start$3(299)) - c3cc0179-ddd8-47c0-b315-a087be9c7d41: start RPC server
2019-10-24 19:57:05,920 [Datanode State Machine Thread - 0] INFO  server.GrpcService (GrpcService.java:startImpl(158)) - c3cc0179-ddd8-47c0-b315-a087be9c7d41: GrpcService started, listening on 0.0.0.0/0.0.0.0:41798
2019-10-24 19:57:05,924 [BlockDeletingService#2] WARN  background.BlockDeletingService (BlockDeletingService.java:isDeletionAllowed(187)) - Close Container log Index 6 is not replicated across allthe servers in the pipeline e974d4ac-588e-46db-a85b-93bd2c6e36ff as the min replicated index is 4. Deletion is not allowed in this container yet.
2019-10-24 19:57:05,924 [BlockDeletingService#2] WARN  background.BlockDeletingService (BlockDeletingService.java:isDeletionAllowed(187)) - Close Container log Index 6 is not replicated across allthe servers in the pipeline e974d4ac-588e-46db-a85b-93bd2c6e36ff as the min replicated index is 4. Deletion is not allowed in this container yet.
2019-10-24 19:57:05,969 [java.util.concurrent.ThreadPoolExecutor$Worker@3a877cc9[State = -1, empty queue]] WARN  server.GrpcLogAppender (GrpcLogAppender.java:timeoutAppendRequest(209)) - c0eea3b1-3778-46c9-978b-a52b9082cf96@group-93BD2C6E36FF->c3cc0179-ddd8-47c0-b315-a087be9c7d41-GrpcLogAppender: appendEntries Timeout, request=c0eea3b1-3778-46c9-978b-a52b9082cf96->c3cc0179-ddd8-47c0-b315-a087be9c7d41#51-t1, previous=(t:1, i:10), leaderCommit=10, initializing? false, entries: <empty>
2019-10-24 19:57:06,406 [pool-7-thread-3] INFO  commands.RetriableDatanodeEventWatcher (RetriableDatanodeEventWatcher.java:onTimeout(47)) - RetriableDatanodeCommand type=deleteBlocksCommand with id=1571947022405 timed out. Retrying.
2019-10-24 19:57:06,408 [pool-7-thread-4] INFO  commands.RetriableDatanodeEventWatcher (RetriableDatanodeEventWatcher.java:onTimeout(47)) - RetriableDatanodeCommand type=deleteBlocksCommand with id=1571947022408 timed out. Retrying.
2019-10-24 19:57:06,408 [pool-7-thread-1] INFO  commands.RetriableDatanodeEventWatcher (RetriableDatanodeEventWatcher.java:onTimeout(47)) - RetriableDatanodeCommand type=deleteBlocksCommand with id=1571947022407 timed out. Retrying.
2019-10-24 19:57:06,408 [SCMBlockDeletingService#0] INFO  block.SCMBlockDeletingService (SCMBlockDeletingService.java:call(184)) - Totally added 1 delete blocks command for 1 datanodes, task elapsed time: 2ms
2019-10-24 19:57:06,408 [pool-7-thread-2] INFO  commands.RetriableDatanodeEventWatcher (RetriableDatanodeEventWatcher.java:onTimeout(47)) - RetriableDatanodeCommand type=deleteBlocksCommand with id=1571947022402 timed out. Retrying.
2019-10-24 19:57:06,925 [BlockDeletingService#2] WARN  background.BlockDeletingService (BlockDeletingService.java:isDeletionAllowed(187)) - Close Container log Index 6 is not replicated across allthe servers in the pipeline e974d4ac-588e-46db-a85b-93bd2c6e36ff as the min replicated index is 4. Deletion is not allowed in this container yet.
2019-10-24 19:57:06,925 [BlockDeletingService#2] WARN  background.BlockDeletingService (BlockDeletingService.java:isDeletionAllowed(187)) - Close Container log Index 6 is not replicated across allthe servers in the pipeline e974d4ac-588e-46db-a85b-93bd2c6e36ff as the min replicated index is 4. Deletion is not allowed in this container yet.
2019-10-24 19:57:07,409 [pool-7-thread-2] INFO  commands.RetriableDatanodeEventWatcher (RetriableDatanodeEventWatcher.java:onTimeout(47)) - RetriableDatanodeCommand type=deleteBlocksCommand with id=1571947022405 timed out. Retrying.
2019-10-24 19:57:07,409 [pool-7-thread-5] INFO  commands.RetriableDatanodeEventWatcher (RetriableDatanodeEventWatcher.java:onTimeout(47)) - RetriableDatanodeCommand type=deleteBlocksCommand with id=1571947022408 timed out. Retrying.
2019-10-24 19:57:07,409 [SCMBlockDeletingService#1] INFO  block.SCMBlockDeletingService (SCMBlockDeletingService.java:call(184)) - Totally added 1 delete blocks command for 1 datanodes, task elapsed time: 1ms
2019-10-24 19:57:07,409 [pool-7-thread-3] INFO  commands.RetriableDatanodeEventWatcher (RetriableDatanodeEventWatcher.java:onTimeout(47)) - RetriableDatanodeCommand type=deleteBlocksCommand with id=1571947022409 timed out. Retrying.
2019-10-24 19:57:07,410 [pool-7-thread-1] INFO  commands.RetriableDatanodeEventWatcher (RetriableDatanodeEventWatcher.java:onTimeout(47)) - RetriableDatanodeCommand type=deleteBlocksCommand with id=1571947022407 timed out. Retrying.
2019-10-24 19:57:07,410 [pool-7-thread-4] INFO  commands.RetriableDatanodeEventWatcher (RetriableDatanodeEventWatcher.java:onTimeout(47)) - RetriableDatanodeCommand type=deleteBlocksCommand with id=1571947022402 timed out. Retrying.
2019-10-24 19:57:07,901 [EventQueue-PendingDeleteStatusForPendingDeleteHandler] INFO  block.SCMBlockDeletingService (SCMBlockDeletingService.java:handlePendingDeletes(115)) - Block deletion txnID mismatch in datanode c3cc0179-ddd8-47c0-b315-a087be9c7d41 for containerID 1. Datanode delete txnID: 0, SCM txnID: 1
2019-10-24 19:57:07,927 [BlockDeletingService#2] WARN  background.BlockDeletingService (BlockDeletingService.java:isDeletionAllowed(187)) - Close Container log Index 6 is not replicated across allthe servers in the pipeline e974d4ac-588e-46db-a85b-93bd2c6e36ff as the min replicated index is 4. Deletion is not allowed in this container yet.
2019-10-24 19:57:07,927 [BlockDeletingService#2] WARN  background.BlockDeletingService (BlockDeletingService.java:isDeletionAllowed(187)) - Close Container log Index 6 is not replicated across allthe servers in the pipeline e974d4ac-588e-46db-a85b-93bd2c6e36ff as the min replicated index is 4. Deletion is not allowed in this container yet.
2019-10-24 19:57:08,409 [pool-7-thread-3] INFO  commands.RetriableDatanodeEventWatcher (RetriableDatanodeEventWatcher.java:onTimeout(47)) - RetriableDatanodeCommand type=deleteBlocksCommand with id=1571947022402 timed out. Retrying.
2019-10-24 19:57:08,409 [pool-7-thread-1] INFO  commands.RetriableDatanodeEventWatcher (RetriableDatanodeEventWatcher.java:onTimeout(47)) - RetriableDatanodeCommand type=deleteBlocksCommand with id=1571947022407 timed out. Retrying.
2019-10-24 19:57:08,410 [pool-7-thread-4] INFO  commands.RetriableDatanodeEventWatcher (RetriableDatanodeEventWatcher.java:onTimeout(47)) - RetriableDatanodeCommand type=deleteBlocksCommand with id=1571947022405 timed out. Retrying.
2019-10-24 19:57:08,410 [pool-7-thread-5] INFO  commands.RetriableDatanodeEventWatcher (RetriableDatanodeEventWatcher.java:onTimeout(47)) - RetriableDatanodeCommand type=deleteBlocksCommand with id=1571947022409 timed out. Retrying.
2019-10-24 19:57:08,410 [SCMBlockDeletingService#1] INFO  block.SCMBlockDeletingService (SCMBlockDeletingService.java:call(184)) - Totally added 1 delete blocks command for 1 datanodes, task elapsed time: 1ms
2019-10-24 19:57:08,410 [pool-7-thread-2] INFO  commands.RetriableDatanodeEventWatcher (RetriableDatanodeEventWatcher.java:onTimeout(47)) - RetriableDatanodeCommand type=deleteBlocksCommand with id=1571947022408 timed out. Retrying.
2019-10-24 19:57:08,411 [pool-7-thread-6] INFO  commands.RetriableDatanodeEventWatcher (RetriableDatanodeEventWatcher.java:onTimeout(47)) - RetriableDatanodeCommand type=deleteBlocksCommand with id=1571947022410 timed out. Retrying.
2019-10-24 19:57:08,470 [java.util.concurrent.ThreadPoolExecutor$Worker@3a877cc9[State = -1, empty queue]] WARN  server.GrpcLogAppender (GrpcLogAppender.java:timeoutAppendRequest(209)) - c0eea3b1-3778-46c9-978b-a52b9082cf96@group-93BD2C6E36FF->c3cc0179-ddd8-47c0-b315-a087be9c7d41-GrpcLogAppender: appendEntries Timeout, request=c0eea3b1-3778-46c9-978b-a52b9082cf96->c3cc0179-ddd8-47c0-b315-a087be9c7d41#52-t1, previous=(t:1, i:10), leaderCommit=10, initializing? false, entries: <empty>
2019-10-24 19:57:08,928 [BlockDeletingService#2] WARN  background.BlockDeletingService (BlockDeletingService.java:isDeletionAllowed(187)) - Close Container log Index 6 is not replicated across allthe servers in the pipeline e974d4ac-588e-46db-a85b-93bd2c6e36ff as the min replicated index is 4. Deletion is not allowed in this container yet.
2019-10-24 19:57:08,929 [BlockDeletingService#2] WARN  background.BlockDeletingService (BlockDeletingService.java:isDeletionAllowed(187)) - Close Container log Index 6 is not replicated across allthe servers in the pipeline e974d4ac-588e-46db-a85b-93bd2c6e36ff as the min replicated index is 4. Deletion is not allowed in this container yet.
2019-10-24 19:57:09,409 [pool-7-thread-6] INFO  commands.RetriableDatanodeEventWatcher (RetriableDatanodeEventWatcher.java:onTimeout(47)) - RetriableDatanodeCommand type=deleteBlocksCommand with id=1571947022407 timed out. Retrying.
2019-10-24 19:57:09,410 [pool-7-thread-2] INFO  commands.RetriableDatanodeEventWatcher (RetriableDatanodeEventWatcher.java:onTimeout(47)) - RetriableDatanodeCommand type=deleteBlocksCommand with id=1571947022402 timed out. Retrying.
2019-10-24 19:57:09,410 [pool-7-thread-2] INFO  commands.RetriableDatanodeEventWatcher (RetriableDatanodeEventWatcher.java:onTimeout(47)) - RetriableDatanodeCommand type=deleteBlocksCommand with id=1571947022405 timed out. Retrying.
2019-10-24 19:57:09,410 [pool-7-thread-4] INFO  commands.RetriableDatanodeEventWatcher (RetriableDatanodeEventWatcher.java:onTimeout(47)) - RetriableDatanodeCommand type=deleteBlocksCommand with id=1571947022411 timed out. Retrying.
2019-10-24 19:57:09,411 [pool-7-thread-5] INFO  commands.RetriableDatanodeEventWatcher (RetriableDatanodeEventWatcher.java:onTimeout(47)) - RetriableDatanodeCommand type=deleteBlocksCommand with id=1571947022408 timed out. Retrying.
2019-10-24 19:57:09,411 [pool-7-thread-6] INFO  commands.RetriableDatanodeEventWatcher (RetriableDatanodeEventWatcher.java:onTimeout(47)) - RetriableDatanodeCommand type=deleteBlocksCommand with id=1571947022409 timed out. Retrying.
2019-10-24 19:57:09,411 [SCMBlockDeletingService#1] INFO  block.SCMBlockDeletingService (SCMBlockDeletingService.java:call(184)) - Totally added 1 delete blocks command for 1 datanodes, task elapsed time: 1ms
2019-10-24 19:57:09,411 [pool-7-thread-6] INFO  commands.RetriableDatanodeEventWatcher (RetriableDatanodeEventWatcher.java:onTimeout(47)) - RetriableDatanodeCommand type=deleteBlocksCommand with id=1571947022410 timed out. Retrying.
2019-10-24 19:57:09,899 [EventQueue-PendingDeleteStatusForPendingDeleteHandler] INFO  block.SCMBlockDeletingService (SCMBlockDeletingService.java:handlePendingDeletes(115)) - Block deletion txnID mismatch in datanode c3cc0179-ddd8-47c0-b315-a087be9c7d41 for containerID 1. Datanode delete txnID: 0, SCM txnID: 1
2019-10-24 19:57:09,930 [BlockDeletingService#2] WARN  background.BlockDeletingService (BlockDeletingService.java:isDeletionAllowed(187)) - Close Container log Index 6 is not replicated across allthe servers in the pipeline e974d4ac-588e-46db-a85b-93bd2c6e36ff as the min replicated index is 4. Deletion is not allowed in this container yet.
2019-10-24 19:57:09,930 [BlockDeletingService#2] WARN  background.BlockDeletingService (BlockDeletingService.java:isDeletionAllowed(187)) - Close Container log Index 6 is not replicated across allthe servers in the pipeline e974d4ac-588e-46db-a85b-93bd2c6e36ff as the min replicated index is 4. Deletion is not allowed in this container yet.
2019-10-24 19:57:09,942 [grpc-default-executor-2] INFO  impl.RaftServerProxy (RaftServerProxy.java:addNew(89)) - c3cc0179-ddd8-47c0-b315-a087be9c7d41: addNew group-86F28820B6B8:[c3cc0179-ddd8-47c0-b315-a087be9c7d41:192.168.157.225:41798] returns group-86F28820B6B8:java.util.concurrent.CompletableFuture@3279b31f[Not completed]
2019-10-24 19:57:09,945 [pool-59-thread-1] INFO  impl.RaftServerImpl (RaftServerImpl.java:<init>(98)) - c3cc0179-ddd8-47c0-b315-a087be9c7d41: new RaftServerImpl for group-86F28820B6B8:[c3cc0179-ddd8-47c0-b315-a087be9c7d41:192.168.157.225:41798] with ContainerStateMachine:uninitialized
2019-10-24 19:57:09,945 [pool-59-thread-1] INFO  server.RaftServerConfigKeys (ConfUtils.java:logGet(43)) - raft.server.rpc.timeout.min = 5s (custom)
2019-10-24 19:57:09,946 [pool-59-thread-1] INFO  server.RaftServerConfigKeys (ConfUtils.java:logGet(43)) - raft.server.rpc.timeout.max = 5200ms (custom)
2019-10-24 19:57:09,946 [pool-59-thread-1] INFO  server.RaftServerConfigKeys (ConfUtils.java:logGet(43)) - raft.server.rpcslowness.timeout = 1000s (custom)
2019-10-24 19:57:09,946 [pool-59-thread-1] INFO  server.RaftServerConfigKeys (ConfUtils.java:logGet(43)) - raft.server.sleep.deviation.threshold = 300 (default)
2019-10-24 19:57:09,946 [pool-59-thread-1] INFO  server.RaftServerConfigKeys (ConfUtils.java:logGet(43)) - raft.server.log.appender.install.snapshot.enabled = false (custom)
2019-10-24 19:57:09,946 [pool-59-thread-1] INFO  impl.RaftServerImpl (ServerState.java:<init>(103)) - c3cc0179-ddd8-47c0-b315-a087be9c7d41@group-86F28820B6B8: ConfigurationManager, init=-1: [c3cc0179-ddd8-47c0-b315-a087be9c7d41:192.168.157.225:41798], old=null, confs=<EMPTY_MAP>
2019-10-24 19:57:09,946 [pool-59-thread-1] INFO  server.RaftServerConfigKeys (ConfUtils.java:logGet(43)) - raft.server.storage.dir = [/workdir/hadoop-ozone/integration-test/target/test-dir/MiniOzoneClusterImpl-32c601bb-365b-4896-b1e0-aac658e6a95a/datanode-1/data/ratis] (custom)
2019-10-24 19:57:09,947 [pool-59-thread-1] INFO  server.RaftServerConfigKeys (ConfUtils.java:logGet(43)) - raft.server.log.corruption.policy = EXCEPTION (default)
2019-10-24 19:57:09,947 [pool-59-thread-1] INFO  storage.RaftStorageDirectory (RaftStorageDirectory.java:analyzeStorage(246)) - The storage directory /workdir/hadoop-ozone/integration-test/target/test-dir/MiniOzoneClusterImpl-32c601bb-365b-4896-b1e0-aac658e6a95a/datanode-1/data/ratis/a687975c-3775-4b51-a031-86f28820b6b8 does not exist. Creating ...
2019-10-24 19:57:09,960 [pool-59-thread-1] INFO  storage.RaftStorageDirectory (RaftStorageDirectory.java:tryLock(328)) - Lock on /workdir/hadoop-ozone/integration-test/target/test-dir/MiniOzoneClusterImpl-32c601bb-365b-4896-b1e0-aac658e6a95a/datanode-1/data/ratis/a687975c-3775-4b51-a031-86f28820b6b8/in_use.lock acquired by nodename 2269@pr-hdds-2344-jr7qb-497185894
2019-10-24 19:57:09,973 [pool-59-thread-1] INFO  storage.RaftStorage (RaftStorage.java:format(84)) - Storage directory /workdir/hadoop-ozone/integration-test/target/test-dir/MiniOzoneClusterImpl-32c601bb-365b-4896-b1e0-aac658e6a95a/datanode-1/data/ratis/a687975c-3775-4b51-a031-86f28820b6b8 has been successfully formatted.
2019-10-24 19:57:09,973 [pool-59-thread-1] INFO  ratis.ContainerStateMachine (ContainerStateMachine.java:loadSnapshot(231)) - group-86F28820B6B8: The snapshot info is null. Setting the last applied indexto:(t:0, i:~)
2019-10-24 19:57:09,973 [pool-59-thread-1] INFO  server.RaftServerConfigKeys (ConfUtils.java:logGet(43)) - raft.server.notification.no-leader.timeout = 1000s (custom)
2019-10-24 19:57:09,974 [pool-59-thread-1] INFO  server.RaftServerConfigKeys (ConfUtils.java:logGet(43)) - raft.server.log.use.memory = false (default)
2019-10-24 19:57:09,974 [pool-59-thread-1] INFO  server.RaftServerConfigKeys (ConfUtils.java:logGet(43)) - raft.server.log.purge.gap = 1000000 (custom)
2019-10-24 19:57:09,974 [pool-59-thread-1] INFO  server.RaftServerConfigKeys (ConfUtils.java:logGet(43)) - raft.server.log.appender.buffer.byte-limit = 33554432 (custom)
2019-10-24 19:57:09,974 [pool-59-thread-1] INFO  server.RaftServerConfigKeys (ConfUtils.java:logGet(43)) - raft.server.log.segment.size.max = 1048576 (custom)
2019-10-24 19:57:09,974 [pool-59-thread-1] INFO  server.RaftServerConfigKeys (ConfUtils.java:logGet(43)) - raft.server.log.segment.cache.num.max = 2 (custom)
2019-10-24 19:57:09,975 [pool-59-thread-1] INFO  segmented.SegmentedRaftLogWorker (SegmentedRaftLogWorker.java:<init>(173)) - new c3cc0179-ddd8-47c0-b315-a087be9c7d41@group-86F28820B6B8-SegmentedRaftLogWorker for RaftStorage:Storage Directory /workdir/hadoop-ozone/integration-test/target/test-dir/MiniOzoneClusterImpl-32c601bb-365b-4896-b1e0-aac658e6a95a/datanode-1/data/ratis/a687975c-3775-4b51-a031-86f28820b6b8
2019-10-24 19:57:09,975 [pool-59-thread-1] INFO  server.RaftServerConfigKeys (ConfUtils.java:logGet(43)) - raft.server.log.queue.byte-limit = 2147483647 (custom)
2019-10-24 19:57:09,975 [pool-59-thread-1] INFO  server.RaftServerConfigKeys (ConfUtils.java:logGet(43)) - raft.server.log.queue.element-limit = 1024 (custom)
2019-10-24 19:57:09,975 [pool-59-thread-1] INFO  server.RaftServerConfigKeys (ConfUtils.java:logGet(43)) - raft.server.log.segment.size.max = 1048576 (custom)
2019-10-24 19:57:09,975 [pool-59-thread-1] INFO  server.RaftServerConfigKeys (ConfUtils.java:logGet(43)) - raft.server.log.preallocated.size = 16384 (custom)
2019-10-24 19:57:09,975 [pool-59-thread-1] INFO  server.RaftServerConfigKeys (ConfUtils.java:logGet(43)) - raft.server.log.write.buffer.size = 33554432 (custom)
2019-10-24 19:57:09,975 [pool-59-thread-1] INFO  server.RaftServerConfigKeys (ConfUtils.java:logGet(43)) - raft.server.log.force.sync.num = 128 (default)
2019-10-24 19:57:09,975 [pool-59-thread-1] INFO  server.RaftServerConfigKeys (ConfUtils.java:logGet(43)) - raft.server.log.statemachine.data.sync = true (default)
2019-10-24 19:57:09,976 [pool-59-thread-1] INFO  server.RaftServerConfigKeys (ConfUtils.java:logGet(43)) - raft.server.log.statemachine.data.sync.timeout = 10s (default)
2019-10-24 19:57:09,976 [pool-59-thread-1] INFO  server.RaftServerConfigKeys (ConfUtils.java:logGet(43)) - raft.server.log.statemachine.data.sync.timeout.retry = -1 (default)
2019-10-24 19:57:09,976 [pool-59-thread-1] INFO  server.RaftServerConfigKeys (ConfUtils.java:logGet(43)) - raft.server.log.statemachine.data.caching.enabled = true (custom)
2019-10-24 19:57:09,976 [pool-59-thread-1] INFO  segmented.SegmentedRaftLogWorker (SegmentedRaftLogWorker.java:lambda$new$0(128)) - c3cc0179-ddd8-47c0-b315-a087be9c7d41@group-86F28820B6B8-SegmentedRaftLogWorker: flushIndex: setUnconditionally 0 -> -1
2019-10-24 19:57:09,977 [pool-59-thread-1] INFO  server.RaftServerConfigKeys (ConfUtils.java:logGet(43)) - raft.server.snapshot.auto.trigger.enabled = true (custom)
2019-10-24 19:57:09,977 [pool-59-thread-1] INFO  server.RaftServerConfigKeys (ConfUtils.java:logGet(43)) - raft.server.snapshot.auto.trigger.threshold = 10000 (custom)
2019-10-24 19:57:09,977 [pool-59-thread-1] INFO  server.RaftServerConfigKeys (ConfUtils.java:logGet(43)) - raft.server.snapshot.retention.file.num = 5 (custom)
2019-10-24 19:57:09,977 [pool-59-thread-1] INFO  server.RaftServerConfigKeys (ConfUtils.java:logGet(43)) - raft.server.retrycache.expirytime = 600000ms (custom)
2019-10-24 19:57:09,978 [pool-59-thread-1] WARN  impl.MetricRegistriesImpl (MetricRegistriesImpl.java:lambda$create$1(61)) - First MetricRegistry has been created without registering reporters. You may need to call MetricRegistries.global().addReportRegistration(...) before.
2019-10-24 19:57:09,978 [pool-59-thread-1] WARN  impl.MetricRegistriesImpl (MetricRegistriesImpl.java:lambda$create$1(61)) - First MetricRegistry has been created without registering reporters. You may need to call MetricRegistries.global().addReportRegistration(...) before.
2019-10-24 19:57:09,978 [pool-59-thread-1] INFO  impl.RaftServerImpl (RaftServerImpl.java:start(184)) - c3cc0179-ddd8-47c0-b315-a087be9c7d41@group-86F28820B6B8: start as a follower, conf=-1: [c3cc0179-ddd8-47c0-b315-a087be9c7d41:192.168.157.225:41798], old=null
2019-10-24 19:57:09,978 [pool-59-thread-1] INFO  impl.RaftServerImpl (RaftServerImpl.java:setRole(173)) - c3cc0179-ddd8-47c0-b315-a087be9c7d41@group-86F28820B6B8: changes role from      null to FOLLOWER at term 0 for startAsFollower
2019-10-24 19:57:09,978 [pool-59-thread-1] INFO  impl.RoleInfo (RoleInfo.java:updateAndGet(143)) - c3cc0179-ddd8-47c0-b315-a087be9c7d41: start FollowerState
2019-10-24 19:57:09,979 [pool-59-thread-1] INFO  util.JmxRegister (JmxRegister.java:tryRegister(44)) - Successfully registered JMX Bean with object name Ratis:service=RaftServer,group=group-86F28820B6B8,id=c3cc0179-ddd8-47c0-b315-a087be9c7d41
2019-10-24 19:57:09,979 [pool-59-thread-1] WARN  impl.MetricRegistriesImpl (MetricRegistriesImpl.java:lambda$create$1(61)) - First MetricRegistry has been created without registering reporters. You may need to call MetricRegistries.global().addReportRegistration(...) before.
2019-10-24 19:57:09,985 [RatisPipelineUtilsThread] INFO  pipeline.PipelineStateManager (PipelineStateManager.java:addPipeline(56)) - Created pipeline Pipeline[ Id: a687975c-3775-4b51-a031-86f28820b6b8, Nodes: c3cc0179-ddd8-47c0-b315-a087be9c7d41{ip: 192.168.157.225, host: pr-hdds-2344-jr7qb-497185894, networkLocation: /default-rack, certSerialId: null}, Type:RATIS, Factor:ONE, State:OPEN]
2019-10-24 19:57:09,995 [grpc-default-executor-2] INFO  impl.RaftServerProxy (RaftServerProxy.java:addNew(89)) - c3cc0179-ddd8-47c0-b315-a087be9c7d41: addNew group-579C2EEA1E28:[c0eea3b1-3778-46c9-978b-a52b9082cf96:192.168.157.225:33218, c3cc0179-ddd8-47c0-b315-a087be9c7d41:192.168.157.225:41798, 6ca7c49d-0fb9-47a0-84fc-ca56d60725ba:192.168.157.225:39925] returns group-579C2EEA1E28:java.util.concurrent.CompletableFuture@1ee0730f[Not completed]
2019-10-24 19:57:09,996 [grpc-default-executor-3] INFO  impl.RaftServerProxy (RaftServerProxy.java:addNew(89)) - 6ca7c49d-0fb9-47a0-84fc-ca56d60725ba: addNew group-579C2EEA1E28:[c0eea3b1-3778-46c9-978b-a52b9082cf96:192.168.157.225:33218, c3cc0179-ddd8-47c0-b315-a087be9c7d41:192.168.157.225:41798, 6ca7c49d-0fb9-47a0-84fc-ca56d60725ba:192.168.157.225:39925] returns group-579C2EEA1E28:java.util.concurrent.CompletableFuture@15a039f1[Not completed]
2019-10-24 19:57:09,998 [pool-59-thread-1] INFO  impl.RaftServerImpl (RaftServerImpl.java:<init>(98)) - c3cc0179-ddd8-47c0-b315-a087be9c7d41: new RaftServerImpl for group-579C2EEA1E28:[c0eea3b1-3778-46c9-978b-a52b9082cf96:192.168.157.225:33218, c3cc0179-ddd8-47c0-b315-a087be9c7d41:192.168.157.225:41798, 6ca7c49d-0fb9-47a0-84fc-ca56d60725ba:192.168.157.225:39925] with ContainerStateMachine:uninitialized
2019-10-24 19:57:09,998 [grpc-default-executor-3] INFO  impl.RaftServerProxy (RaftServerProxy.java:addNew(89)) - c0eea3b1-3778-46c9-978b-a52b9082cf96: addNew group-579C2EEA1E28:[c0eea3b1-3778-46c9-978b-a52b9082cf96:192.168.157.225:33218, c3cc0179-ddd8-47c0-b315-a087be9c7d41:192.168.157.225:41798, 6ca7c49d-0fb9-47a0-84fc-ca56d60725ba:192.168.157.225:39925] returns group-579C2EEA1E28:java.util.concurrent.CompletableFuture@32d1cbba[Not completed]
2019-10-24 19:57:09,998 [pool-59-thread-1] INFO  server.RaftServerConfigKeys (ConfUtils.java:logGet(43)) - raft.server.rpc.timeout.min = 5s (custom)
2019-10-24 19:57:09,998 [pool-59-thread-1] INFO  server.RaftServerConfigKeys (ConfUtils.java:logGet(43)) - raft.server.rpc.timeout.max = 5200ms (custom)
2019-10-24 19:57:09,998 [pool-59-thread-1] INFO  server.RaftServerConfigKeys (ConfUtils.java:logGet(43)) - raft.server.rpcslowness.timeout = 1000s (custom)
2019-10-24 19:57:09,998 [pool-59-thread-1] INFO  server.RaftServerConfigKeys (ConfUtils.java:logGet(43)) - raft.server.sleep.deviation.threshold = 300 (default)
2019-10-24 19:57:09,999 [pool-59-thread-1] INFO  server.RaftServerConfigKeys (ConfUtils.java:logGet(43)) - raft.server.log.appender.install.snapshot.enabled = false (custom)
2019-10-24 19:57:09,999 [pool-27-thread-1] INFO  impl.RaftServerImpl (RaftServerImpl.java:<init>(98)) - 6ca7c49d-0fb9-47a0-84fc-ca56d60725ba: new RaftServerImpl for group-579C2EEA1E28:[c0eea3b1-3778-46c9-978b-a52b9082cf96:192.168.157.225:33218, c3cc0179-ddd8-47c0-b315-a087be9c7d41:192.168.157.225:41798, 6ca7c49d-0fb9-47a0-84fc-ca56d60725ba:192.168.157.225:39925] with ContainerStateMachine:uninitialized
2019-10-24 19:57:09,999 [pool-59-thread-1] INFO  impl.RaftServerImpl (ServerState.java:<init>(103)) - c3cc0179-ddd8-47c0-b315-a087be9c7d41@group-579C2EEA1E28: ConfigurationManager, init=-1: [c0eea3b1-3778-46c9-978b-a52b9082cf96:192.168.157.225:33218, c3cc0179-ddd8-47c0-b315-a087be9c7d41:192.168.157.225:41798, 6ca7c49d-0fb9-47a0-84fc-ca56d60725ba:192.168.157.225:39925], old=null, confs=<EMPTY_MAP>
2019-10-24 19:57:09,999 [pool-27-thread-1] INFO  server.RaftServerConfigKeys (ConfUtils.java:logGet(43)) - raft.server.rpc.timeout.min = 5s (custom)
2019-10-24 19:57:09,999 [pool-59-thread-1] INFO  server.RaftServerConfigKeys (ConfUtils.java:logGet(43)) - raft.server.storage.dir = [/workdir/hadoop-ozone/integration-test/target/test-dir/MiniOzoneClusterImpl-32c601bb-365b-4896-b1e0-aac658e6a95a/datanode-1/data/ratis] (custom)
2019-10-24 19:57:09,999 [pool-27-thread-1] INFO  server.RaftServerConfigKeys (ConfUtils.java:logGet(43)) - raft.server.rpc.timeout.max = 5200ms (custom)
2019-10-24 19:57:09,999 [pool-27-thread-1] INFO  server.RaftServerConfigKeys (ConfUtils.java:logGet(43)) - raft.server.rpcslowness.timeout = 1000s (custom)
2019-10-24 19:57:09,999 [pool-59-thread-1] INFO  server.RaftServerConfigKeys (ConfUtils.java:logGet(43)) - raft.server.log.corruption.policy = EXCEPTION (default)
2019-10-24 19:57:09,999 [pool-47-thread-1] INFO  impl.RaftServerImpl (RaftServerImpl.java:<init>(98)) - c0eea3b1-3778-46c9-978b-a52b9082cf96: new RaftServerImpl for group-579C2EEA1E28:[c0eea3b1-3778-46c9-978b-a52b9082cf96:192.168.157.225:33218, c3cc0179-ddd8-47c0-b315-a087be9c7d41:192.168.157.225:41798, 6ca7c49d-0fb9-47a0-84fc-ca56d60725ba:192.168.157.225:39925] with ContainerStateMachine:uninitialized
2019-10-24 19:57:09,999 [pool-27-thread-1] INFO  server.RaftServerConfigKeys (ConfUtils.java:logGet(43)) - raft.server.sleep.deviation.threshold = 300 (default)
2019-10-24 19:57:09,999 [pool-47-thread-1] INFO  server.RaftServerConfigKeys (ConfUtils.java:logGet(43)) - raft.server.rpc.timeout.min = 5s (custom)
2019-10-24 19:57:09,999 [pool-59-thread-1] INFO  storage.RaftStorageDirectory (RaftStorageDirectory.java:analyzeStorage(246)) - The storage directory /workdir/hadoop-ozone/integration-test/target/test-dir/MiniOzoneClusterImpl-32c601bb-365b-4896-b1e0-aac658e6a95a/datanode-1/data/ratis/5cf660a0-9c1b-40b9-aa14-579c2eea1e28 does not exist. Creating ...
2019-10-24 19:57:09,999 [pool-47-thread-1] INFO  server.RaftServerConfigKeys (ConfUtils.java:logGet(43)) - raft.server.rpc.timeout.max = 5200ms (custom)
2019-10-24 19:57:09,999 [pool-27-thread-1] INFO  server.RaftServerConfigKeys (ConfUtils.java:logGet(43)) - raft.server.log.appender.install.snapshot.enabled = false (custom)
2019-10-24 19:57:10,000 [pool-47-thread-1] INFO  server.RaftServerConfigKeys (ConfUtils.java:logGet(43)) - raft.server.rpcslowness.timeout = 1000s (custom)
2019-10-24 19:57:10,000 [pool-27-thread-1] INFO  impl.RaftServerImpl (ServerState.java:<init>(103)) - 6ca7c49d-0fb9-47a0-84fc-ca56d60725ba@group-579C2EEA1E28: ConfigurationManager, init=-1: [c0eea3b1-3778-46c9-978b-a52b9082cf96:192.168.157.225:33218, c3cc0179-ddd8-47c0-b315-a087be9c7d41:192.168.157.225:41798, 6ca7c49d-0fb9-47a0-84fc-ca56d60725ba:192.168.157.225:39925], old=null, confs=<EMPTY_MAP>
2019-10-24 19:57:10,000 [pool-47-thread-1] INFO  server.RaftServerConfigKeys (ConfUtils.java:logGet(43)) - raft.server.sleep.deviation.threshold = 300 (default)
2019-10-24 19:57:10,000 [pool-27-thread-1] INFO  server.RaftServerConfigKeys (ConfUtils.java:logGet(43)) - raft.server.storage.dir = [/workdir/hadoop-ozone/integration-test/target/test-dir/MiniOzoneClusterImpl-32c601bb-365b-4896-b1e0-aac658e6a95a/datanode-0/data/ratis] (custom)
2019-10-24 19:57:10,000 [pool-47-thread-1] INFO  server.RaftServerConfigKeys (ConfUtils.java:logGet(43)) - raft.server.log.appender.install.snapshot.enabled = false (custom)
2019-10-24 19:57:10,000 [pool-47-thread-1] INFO  impl.RaftServerImpl (ServerState.java:<init>(103)) - c0eea3b1-3778-46c9-978b-a52b9082cf96@group-579C2EEA1E28: ConfigurationManager, init=-1: [c0eea3b1-3778-46c9-978b-a52b9082cf96:192.168.157.225:33218, c3cc0179-ddd8-47c0-b315-a087be9c7d41:192.168.157.225:41798, 6ca7c49d-0fb9-47a0-84fc-ca56d60725ba:192.168.157.225:39925], old=null, confs=<EMPTY_MAP>
2019-10-24 19:57:10,000 [pool-27-thread-1] INFO  server.RaftServerConfigKeys (ConfUtils.java:logGet(43)) - raft.server.log.corruption.policy = EXCEPTION (default)
2019-10-24 19:57:10,000 [pool-47-thread-1] INFO  server.RaftServerConfigKeys (ConfUtils.java:logGet(43)) - raft.server.storage.dir = [/workdir/hadoop-ozone/integration-test/target/test-dir/MiniOzoneClusterImpl-32c601bb-365b-4896-b1e0-aac658e6a95a/datanode-2/data/ratis] (custom)
2019-10-24 19:57:10,000 [pool-27-thread-1] INFO  storage.RaftStorageDirectory (RaftStorageDirectory.java:analyzeStorage(246)) - The storage directory /workdir/hadoop-ozone/integration-test/target/test-dir/MiniOzoneClusterImpl-32c601bb-365b-4896-b1e0-aac658e6a95a/datanode-0/data/ratis/5cf660a0-9c1b-40b9-aa14-579c2eea1e28 does not exist. Creating ...
2019-10-24 19:57:10,000 [pool-47-thread-1] INFO  server.RaftServerConfigKeys (ConfUtils.java:logGet(43)) - raft.server.log.corruption.policy = EXCEPTION (default)
2019-10-24 19:57:10,000 [pool-47-thread-1] INFO  storage.RaftStorageDirectory (RaftStorageDirectory.java:analyzeStorage(246)) - The storage directory /workdir/hadoop-ozone/integration-test/target/test-dir/MiniOzoneClusterImpl-32c601bb-365b-4896-b1e0-aac658e6a95a/datanode-2/data/ratis/5cf660a0-9c1b-40b9-aa14-579c2eea1e28 does not exist. Creating ...
2019-10-24 19:57:10,013 [pool-27-thread-1] INFO  storage.RaftStorageDirectory (RaftStorageDirectory.java:tryLock(328)) - Lock on /workdir/hadoop-ozone/integration-test/target/test-dir/MiniOzoneClusterImpl-32c601bb-365b-4896-b1e0-aac658e6a95a/datanode-0/data/ratis/5cf660a0-9c1b-40b9-aa14-579c2eea1e28/in_use.lock acquired by nodename 2269@pr-hdds-2344-jr7qb-497185894
2019-10-24 19:57:10,013 [pool-47-thread-1] INFO  storage.RaftStorageDirectory (RaftStorageDirectory.java:tryLock(328)) - Lock on /workdir/hadoop-ozone/integration-test/target/test-dir/MiniOzoneClusterImpl-32c601bb-365b-4896-b1e0-aac658e6a95a/datanode-2/data/ratis/5cf660a0-9c1b-40b9-aa14-579c2eea1e28/in_use.lock acquired by nodename 2269@pr-hdds-2344-jr7qb-497185894
2019-10-24 19:57:10,013 [pool-59-thread-1] INFO  storage.RaftStorageDirectory (RaftStorageDirectory.java:tryLock(328)) - Lock on /workdir/hadoop-ozone/integration-test/target/test-dir/MiniOzoneClusterImpl-32c601bb-365b-4896-b1e0-aac658e6a95a/datanode-1/data/ratis/5cf660a0-9c1b-40b9-aa14-579c2eea1e28/in_use.lock acquired by nodename 2269@pr-hdds-2344-jr7qb-497185894
2019-10-24 19:57:10,027 [pool-27-thread-1] INFO  storage.RaftStorage (RaftStorage.java:format(84)) - Storage directory /workdir/hadoop-ozone/integration-test/target/test-dir/MiniOzoneClusterImpl-32c601bb-365b-4896-b1e0-aac658e6a95a/datanode-0/data/ratis/5cf660a0-9c1b-40b9-aa14-579c2eea1e28 has been successfully formatted.
2019-10-24 19:57:10,027 [pool-59-thread-1] INFO  storage.RaftStorage (RaftStorage.java:format(84)) - Storage directory /workdir/hadoop-ozone/integration-test/target/test-dir/MiniOzoneClusterImpl-32c601bb-365b-4896-b1e0-aac658e6a95a/datanode-1/data/ratis/5cf660a0-9c1b-40b9-aa14-579c2eea1e28 has been successfully formatted.
2019-10-24 19:57:10,027 [pool-47-thread-1] INFO  storage.RaftStorage (RaftStorage.java:format(84)) - Storage directory /workdir/hadoop-ozone/integration-test/target/test-dir/MiniOzoneClusterImpl-32c601bb-365b-4896-b1e0-aac658e6a95a/datanode-2/data/ratis/5cf660a0-9c1b-40b9-aa14-579c2eea1e28 has been successfully formatted.
2019-10-24 19:57:10,027 [pool-27-thread-1] INFO  ratis.ContainerStateMachine (ContainerStateMachine.java:loadSnapshot(231)) - group-579C2EEA1E28: The snapshot info is null. Setting the last applied indexto:(t:0, i:~)
2019-10-24 19:57:10,028 [pool-59-thread-1] INFO  ratis.ContainerStateMachine (ContainerStateMachine.java:loadSnapshot(231)) - group-579C2EEA1E28: The snapshot info is null. Setting the last applied indexto:(t:0, i:~)
2019-10-24 19:57:10,028 [pool-47-thread-1] INFO  ratis.ContainerStateMachine (ContainerStateMachine.java:loadSnapshot(231)) - group-579C2EEA1E28: The snapshot info is null. Setting the last applied indexto:(t:0, i:~)
2019-10-24 19:57:10,028 [pool-27-thread-1] INFO  server.RaftServerConfigKeys (ConfUtils.java:logGet(43)) - raft.server.notification.no-leader.timeout = 1000s (custom)
2019-10-24 19:57:10,028 [pool-47-thread-1] INFO  server.RaftServerConfigKeys (ConfUtils.java:logGet(43)) - raft.server.notification.no-leader.timeout = 1000s (custom)
2019-10-24 19:57:10,028 [pool-59-thread-1] INFO  server.RaftServerConfigKeys (ConfUtils.java:logGet(43)) - raft.server.notification.no-leader.timeout = 1000s (custom)
2019-10-24 19:57:10,028 [pool-47-thread-1] INFO  server.RaftServerConfigKeys (ConfUtils.java:logGet(43)) - raft.server.log.use.memory = false (default)
2019-10-24 19:57:10,028 [pool-27-thread-1] INFO  server.RaftServerConfigKeys (ConfUtils.java:logGet(43)) - raft.server.log.use.memory = false (default)
2019-10-24 19:57:10,028 [pool-47-thread-1] INFO  server.RaftServerConfigKeys (ConfUtils.java:logGet(43)) - raft.server.log.purge.gap = 1000000 (custom)
2019-10-24 19:57:10,028 [pool-59-thread-1] INFO  server.RaftServerConfigKeys (ConfUtils.java:logGet(43)) - raft.server.log.use.memory = false (default)
2019-10-24 19:57:10,028 [pool-47-thread-1] INFO  server.RaftServerConfigKeys (ConfUtils.java:logGet(43)) - raft.server.log.appender.buffer.byte-limit = 33554432 (custom)
2019-10-24 19:57:10,028 [pool-27-thread-1] INFO  server.RaftServerConfigKeys (ConfUtils.java:logGet(43)) - raft.server.log.purge.gap = 1000000 (custom)
2019-10-24 19:57:10,029 [pool-47-thread-1] INFO  server.RaftServerConfigKeys (ConfUtils.java:logGet(43)) - raft.server.log.segment.size.max = 1048576 (custom)
2019-10-24 19:57:10,029 [pool-59-thread-1] INFO  server.RaftServerConfigKeys (ConfUtils.java:logGet(43)) - raft.server.log.purge.gap = 1000000 (custom)
2019-10-24 19:57:10,029 [pool-47-thread-1] INFO  server.RaftServerConfigKeys (ConfUtils.java:logGet(43)) - raft.server.log.segment.cache.num.max = 2 (custom)
2019-10-24 19:57:10,029 [pool-27-thread-1] INFO  server.RaftServerConfigKeys (ConfUtils.java:logGet(43)) - raft.server.log.appender.buffer.byte-limit = 33554432 (custom)
2019-10-24 19:57:10,029 [pool-47-thread-1] INFO  segmented.SegmentedRaftLogWorker (SegmentedRaftLogWorker.java:<init>(173)) - new c0eea3b1-3778-46c9-978b-a52b9082cf96@group-579C2EEA1E28-SegmentedRaftLogWorker for RaftStorage:Storage Directory /workdir/hadoop-ozone/integration-test/target/test-dir/MiniOzoneClusterImpl-32c601bb-365b-4896-b1e0-aac658e6a95a/datanode-2/data/ratis/5cf660a0-9c1b-40b9-aa14-579c2eea1e28
2019-10-24 19:57:10,029 [pool-59-thread-1] INFO  server.RaftServerConfigKeys (ConfUtils.java:logGet(43)) - raft.server.log.appender.buffer.byte-limit = 33554432 (custom)
2019-10-24 19:57:10,029 [pool-47-thread-1] INFO  server.RaftServerConfigKeys (ConfUtils.java:logGet(43)) - raft.server.log.queue.byte-limit = 2147483647 (custom)
2019-10-24 19:57:10,029 [pool-27-thread-1] INFO  server.RaftServerConfigKeys (ConfUtils.java:logGet(43)) - raft.server.log.segment.size.max = 1048576 (custom)
2019-10-24 19:57:10,029 [pool-47-thread-1] INFO  server.RaftServerConfigKeys (ConfUtils.java:logGet(43)) - raft.server.log.queue.element-limit = 1024 (custom)
2019-10-24 19:57:10,029 [pool-59-thread-1] INFO  server.RaftServerConfigKeys (ConfUtils.java:logGet(43)) - raft.server.log.segment.size.max = 1048576 (custom)
2019-10-24 19:57:10,030 [pool-47-thread-1] INFO  server.RaftServerConfigKeys (ConfUtils.java:logGet(43)) - raft.server.log.segment.size.max = 1048576 (custom)
2019-10-24 19:57:10,030 [pool-27-thread-1] INFO  server.RaftServerConfigKeys (ConfUtils.java:logGet(43)) - raft.server.log.segment.cache.num.max = 2 (custom)
2019-10-24 19:57:10,030 [pool-47-thread-1] INFO  server.RaftServerConfigKeys (ConfUtils.java:logGet(43)) - raft.server.log.preallocated.size = 16384 (custom)
2019-10-24 19:57:10,030 [pool-59-thread-1] INFO  server.RaftServerConfigKeys (ConfUtils.java:logGet(43)) - raft.server.log.segment.cache.num.max = 2 (custom)
2019-10-24 19:57:10,030 [pool-47-thread-1] INFO  server.RaftServerConfigKeys (ConfUtils.java:logGet(43)) - raft.server.log.write.buffer.size = 33554432 (custom)
2019-10-24 19:57:10,030 [pool-27-thread-1] INFO  segmented.SegmentedRaftLogWorker (SegmentedRaftLogWorker.java:<init>(173)) - new 6ca7c49d-0fb9-47a0-84fc-ca56d60725ba@group-579C2EEA1E28-SegmentedRaftLogWorker for RaftStorage:Storage Directory /workdir/hadoop-ozone/integration-test/target/test-dir/MiniOzoneClusterImpl-32c601bb-365b-4896-b1e0-aac658e6a95a/datanode-0/data/ratis/5cf660a0-9c1b-40b9-aa14-579c2eea1e28
2019-10-24 19:57:10,030 [pool-47-thread-1] INFO  server.RaftServerConfigKeys (ConfUtils.java:logGet(43)) - raft.server.log.force.sync.num = 128 (default)
2019-10-24 19:57:10,030 [pool-59-thread-1] INFO  segmented.SegmentedRaftLogWorker (SegmentedRaftLogWorker.java:<init>(173)) - new c3cc0179-ddd8-47c0-b315-a087be9c7d41@group-579C2EEA1E28-SegmentedRaftLogWorker for RaftStorage:Storage Directory /workdir/hadoop-ozone/integration-test/target/test-dir/MiniOzoneClusterImpl-32c601bb-365b-4896-b1e0-aac658e6a95a/datanode-1/data/ratis/5cf660a0-9c1b-40b9-aa14-579c2eea1e28
2019-10-24 19:57:10,031 [pool-47-thread-1] INFO  server.RaftServerConfigKeys (ConfUtils.java:logGet(43)) - raft.server.log.statemachine.data.sync = true (default)
2019-10-24 19:57:10,030 [pool-27-thread-1] INFO  server.RaftServerConfigKeys (ConfUtils.java:logGet(43)) - raft.server.log.queue.byte-limit = 2147483647 (custom)
2019-10-24 19:57:10,031 [pool-47-thread-1] INFO  server.RaftServerConfigKeys (ConfUtils.java:logGet(43)) - raft.server.log.statemachine.data.sync.timeout = 10s (default)
2019-10-24 19:57:10,031 [pool-59-thread-1] INFO  server.RaftServerConfigKeys (ConfUtils.java:logGet(43)) - raft.server.log.queue.byte-limit = 2147483647 (custom)
2019-10-24 19:57:10,031 [pool-47-thread-1] INFO  server.RaftServerConfigKeys (ConfUtils.java:logGet(43)) - raft.server.log.statemachine.data.sync.timeout.retry = -1 (default)
2019-10-24 19:57:10,031 [pool-27-thread-1] INFO  server.RaftServerConfigKeys (ConfUtils.java:logGet(43)) - raft.server.log.queue.element-limit = 1024 (custom)
2019-10-24 19:57:10,031 [pool-59-thread-1] INFO  server.RaftServerConfigKeys (ConfUtils.java:logGet(43)) - raft.server.log.queue.element-limit = 1024 (custom)
2019-10-24 19:57:10,031 [pool-27-thread-1] INFO  server.RaftServerConfigKeys (ConfUtils.java:logGet(43)) - raft.server.log.segment.size.max = 1048576 (custom)
2019-10-24 19:57:10,031 [pool-47-thread-1] INFO  server.RaftServerConfigKeys (ConfUtils.java:logGet(43)) - raft.server.log.statemachine.data.caching.enabled = true (custom)
2019-10-24 19:57:10,032 [pool-27-thread-1] INFO  server.RaftServerConfigKeys (ConfUtils.java:logGet(43)) - raft.server.log.preallocated.size = 16384 (custom)
2019-10-24 19:57:10,032 [pool-59-thread-1] INFO  server.RaftServerConfigKeys (ConfUtils.java:logGet(43)) - raft.server.log.segment.size.max = 1048576 (custom)
2019-10-24 19:57:10,032 [pool-47-thread-1] INFO  segmented.SegmentedRaftLogWorker (SegmentedRaftLogWorker.java:lambda$new$0(128)) - c0eea3b1-3778-46c9-978b-a52b9082cf96@group-579C2EEA1E28-SegmentedRaftLogWorker: flushIndex: setUnconditionally 0 -> -1
2019-10-24 19:57:10,032 [pool-27-thread-1] INFO  server.RaftServerConfigKeys (ConfUtils.java:logGet(43)) - raft.server.log.write.buffer.size = 33554432 (custom)
2019-10-24 19:57:10,032 [pool-59-thread-1] INFO  server.RaftServerConfigKeys (ConfUtils.java:logGet(43)) - raft.server.log.preallocated.size = 16384 (custom)
2019-10-24 19:57:10,032 [pool-47-thread-1] INFO  server.RaftServerConfigKeys (ConfUtils.java:logGet(43)) - raft.server.snapshot.auto.trigger.enabled = true (custom)
2019-10-24 19:57:10,032 [pool-27-thread-1] INFO  server.RaftServerConfigKeys (ConfUtils.java:logGet(43)) - raft.server.log.force.sync.num = 128 (default)
2019-10-24 19:57:10,032 [pool-47-thread-1] INFO  server.RaftServerConfigKeys (ConfUtils.java:logGet(43)) - raft.server.snapshot.auto.trigger.threshold = 10000 (custom)
2019-10-24 19:57:10,032 [pool-59-thread-1] INFO  server.RaftServerConfigKeys (ConfUtils.java:logGet(43)) - raft.server.log.write.buffer.size = 33554432 (custom)
2019-10-24 19:57:10,033 [pool-47-thread-1] INFO  server.RaftServerConfigKeys (ConfUtils.java:logGet(43)) - raft.server.snapshot.retention.file.num = 5 (custom)
2019-10-24 19:57:10,032 [pool-27-thread-1] INFO  server.RaftServerConfigKeys (ConfUtils.java:logGet(43)) - raft.server.log.statemachine.data.sync = true (default)
2019-10-24 19:57:10,033 [pool-47-thread-1] INFO  server.RaftServerConfigKeys (ConfUtils.java:logGet(43)) - raft.server.retrycache.expirytime = 600000ms (custom)
2019-10-24 19:57:10,033 [pool-59-thread-1] INFO  server.RaftServerConfigKeys (ConfUtils.java:logGet(43)) - raft.server.log.force.sync.num = 128 (default)
2019-10-24 19:57:10,033 [pool-47-thread-1] WARN  impl.MetricRegistriesImpl (MetricRegistriesImpl.java:lambda$create$1(61)) - First MetricRegistry has been created without registering reporters. You may need to call MetricRegistries.global().addReportRegistration(...) before.
2019-10-24 19:57:10,033 [pool-27-thread-1] INFO  server.RaftServerConfigKeys (ConfUtils.java:logGet(43)) - raft.server.log.statemachine.data.sync.timeout = 10s (default)
2019-10-24 19:57:10,033 [pool-47-thread-1] WARN  impl.MetricRegistriesImpl (MetricRegistriesImpl.java:lambda$create$1(61)) - First MetricRegistry has been created without registering reporters. You may need to call MetricRegistries.global().addReportRegistration(...) before.
2019-10-24 19:57:10,033 [pool-59-thread-1] INFO  server.RaftServerConfigKeys (ConfUtils.java:logGet(43)) - raft.server.log.statemachine.data.sync = true (default)
2019-10-24 19:57:10,033 [pool-47-thread-1] INFO  impl.RaftServerImpl (RaftServerImpl.java:start(184)) - c0eea3b1-3778-46c9-978b-a52b9082cf96@group-579C2EEA1E28: start as a follower, conf=-1: [c0eea3b1-3778-46c9-978b-a52b9082cf96:192.168.157.225:33218, c3cc0179-ddd8-47c0-b315-a087be9c7d41:192.168.157.225:41798, 6ca7c49d-0fb9-47a0-84fc-ca56d60725ba:192.168.157.225:39925], old=null
2019-10-24 19:57:10,033 [pool-27-thread-1] INFO  server.RaftServerConfigKeys (ConfUtils.java:logGet(43)) - raft.server.log.statemachine.data.sync.timeout.retry = -1 (default)
2019-10-24 19:57:10,034 [pool-47-thread-1] INFO  impl.RaftServerImpl (RaftServerImpl.java:setRole(173)) - c0eea3b1-3778-46c9-978b-a52b9082cf96@group-579C2EEA1E28: changes role from      null to FOLLOWER at term 0 for startAsFollower
2019-10-24 19:57:10,034 [pool-59-thread-1] INFO  server.RaftServerConfigKeys (ConfUtils.java:logGet(43)) - raft.server.log.statemachine.data.sync.timeout = 10s (default)
2019-10-24 19:57:10,034 [pool-47-thread-1] INFO  impl.RoleInfo (RoleInfo.java:updateAndGet(143)) - c0eea3b1-3778-46c9-978b-a52b9082cf96: start FollowerState
2019-10-24 19:57:10,034 [pool-27-thread-1] INFO  server.RaftServerConfigKeys (ConfUtils.java:logGet(43)) - raft.server.log.statemachine.data.caching.enabled = true (custom)
2019-10-24 19:57:10,034 [pool-59-thread-1] INFO  server.RaftServerConfigKeys (ConfUtils.java:logGet(43)) - raft.server.log.statemachine.data.sync.timeout.retry = -1 (default)
2019-10-24 19:57:10,034 [pool-27-thread-1] INFO  segmented.SegmentedRaftLogWorker (SegmentedRaftLogWorker.java:lambda$new$0(128)) - 6ca7c49d-0fb9-47a0-84fc-ca56d60725ba@group-579C2EEA1E28-SegmentedRaftLogWorker: flushIndex: setUnconditionally 0 -> -1
2019-10-24 19:57:10,034 [pool-47-thread-1] INFO  util.JmxRegister (JmxRegister.java:tryRegister(44)) - Successfully registered JMX Bean with object name Ratis:service=RaftServer,group=group-579C2EEA1E28,id=c0eea3b1-3778-46c9-978b-a52b9082cf96
2019-10-24 19:57:10,034 [pool-27-thread-1] INFO  server.RaftServerConfigKeys (ConfUtils.java:logGet(43)) - raft.server.snapshot.auto.trigger.enabled = true (custom)
2019-10-24 19:57:10,034 [pool-59-thread-1] INFO  server.RaftServerConfigKeys (ConfUtils.java:logGet(43)) - raft.server.log.statemachine.data.caching.enabled = true (custom)
2019-10-24 19:57:10,035 [pool-27-thread-1] INFO  server.RaftServerConfigKeys (ConfUtils.java:logGet(43)) - raft.server.snapshot.auto.trigger.threshold = 10000 (custom)
2019-10-24 19:57:10,035 [pool-47-thread-1] WARN  impl.MetricRegistriesImpl (MetricRegistriesImpl.java:lambda$create$1(61)) - First MetricRegistry has been created without registering reporters. You may need to call MetricRegistries.global().addReportRegistration(...) before.
2019-10-24 19:57:10,035 [pool-27-thread-1] INFO  server.RaftServerConfigKeys (ConfUtils.java:logGet(43)) - raft.server.snapshot.retention.file.num = 5 (custom)
2019-10-24 19:57:10,035 [pool-59-thread-1] INFO  segmented.SegmentedRaftLogWorker (SegmentedRaftLogWorker.java:lambda$new$0(128)) - c3cc0179-ddd8-47c0-b315-a087be9c7d41@group-579C2EEA1E28-SegmentedRaftLogWorker: flushIndex: setUnconditionally 0 -> -1
2019-10-24 19:57:10,035 [pool-27-thread-1] INFO  server.RaftServerConfigKeys (ConfUtils.java:logGet(43)) - raft.server.retrycache.expirytime = 600000ms (custom)
2019-10-24 19:57:10,035 [pool-27-thread-1] WARN  impl.MetricRegistriesImpl (MetricRegistriesImpl.java:lambda$create$1(61)) - First MetricRegistry has been created without registering reporters. You may need to call MetricRegistries.global().addReportRegistration(...) before.
2019-10-24 19:57:10,035 [pool-27-thread-1] WARN  impl.MetricRegistriesImpl (MetricRegistriesImpl.java:lambda$create$1(61)) - First MetricRegistry has been created without registering reporters. You may need to call MetricRegistries.global().addReportRegistration(...) before.
2019-10-24 19:57:10,035 [pool-59-thread-1] INFO  server.RaftServerConfigKeys (ConfUtils.java:logGet(43)) - raft.server.snapshot.auto.trigger.enabled = true (custom)
2019-10-24 19:57:10,036 [pool-27-thread-1] INFO  impl.RaftServerImpl (RaftServerImpl.java:start(184)) - 6ca7c49d-0fb9-47a0-84fc-ca56d60725ba@group-579C2EEA1E28: start as a follower, conf=-1: [c0eea3b1-3778-46c9-978b-a52b9082cf96:192.168.157.225:33218, c3cc0179-ddd8-47c0-b315-a087be9c7d41:192.168.157.225:41798, 6ca7c49d-0fb9-47a0-84fc-ca56d60725ba:192.168.157.225:39925], old=null
2019-10-24 19:57:10,036 [pool-59-thread-1] INFO  server.RaftServerConfigKeys (ConfUtils.java:logGet(43)) - raft.server.snapshot.auto.trigger.threshold = 10000 (custom)
2019-10-24 19:57:10,036 [pool-27-thread-1] INFO  impl.RaftServerImpl (RaftServerImpl.java:setRole(173)) - 6ca7c49d-0fb9-47a0-84fc-ca56d60725ba@group-579C2EEA1E28: changes role from      null to FOLLOWER at term 0 for startAsFollower
2019-10-24 19:57:10,036 [pool-59-thread-1] INFO  server.RaftServerConfigKeys (ConfUtils.java:logGet(43)) - raft.server.snapshot.retention.file.num = 5 (custom)
2019-10-24 19:57:10,036 [pool-27-thread-1] INFO  impl.RoleInfo (RoleInfo.java:updateAndGet(143)) - 6ca7c49d-0fb9-47a0-84fc-ca56d60725ba: start FollowerState
2019-10-24 19:57:10,036 [pool-59-thread-1] INFO  server.RaftServerConfigKeys (ConfUtils.java:logGet(43)) - raft.server.retrycache.expirytime = 600000ms (custom)
2019-10-24 19:57:10,037 [pool-27-thread-1] INFO  util.JmxRegister (JmxRegister.java:tryRegister(44)) - Successfully registered JMX Bean with object name Ratis:service=RaftServer,group=group-579C2EEA1E28,id=6ca7c49d-0fb9-47a0-84fc-ca56d60725ba
2019-10-24 19:57:10,037 [pool-59-thread-1] WARN  impl.MetricRegistriesImpl (MetricRegistriesImpl.java:lambda$create$1(61)) - First MetricRegistry has been created without registering reporters. You may need to call MetricRegistries.global().addReportRegistration(...) before.
2019-10-24 19:57:10,039 [pool-59-thread-1] WARN  impl.MetricRegistriesImpl (MetricRegistriesImpl.java:lambda$create$1(61)) - First MetricRegistry has been created without registering reporters. You may need to call MetricRegistries.global().addReportRegistration(...) before.
2019-10-24 19:57:10,039 [pool-27-thread-1] WARN  impl.MetricRegistriesImpl (MetricRegistriesImpl.java:lambda$create$1(61)) - First MetricRegistry has been created without registering reporters. You may need to call MetricRegistries.global().addReportRegistration(...) before.
2019-10-24 19:57:10,040 [pool-59-thread-1] INFO  impl.RaftServerImpl (RaftServerImpl.java:start(184)) - c3cc0179-ddd8-47c0-b315-a087be9c7d41@group-579C2EEA1E28: start as a follower, conf=-1: [c0eea3b1-3778-46c9-978b-a52b9082cf96:192.168.157.225:33218, c3cc0179-ddd8-47c0-b315-a087be9c7d41:192.168.157.225:41798, 6ca7c49d-0fb9-47a0-84fc-ca56d60725ba:192.168.157.225:39925], old=null
2019-10-24 19:57:10,040 [pool-59-thread-1] INFO  impl.RaftServerImpl (RaftServerImpl.java:setRole(173)) - c3cc0179-ddd8-47c0-b315-a087be9c7d41@group-579C2EEA1E28: changes role from      null to FOLLOWER at term 0 for startAsFollower
2019-10-24 19:57:10,042 [pool-59-thread-1] INFO  impl.RoleInfo (RoleInfo.java:updateAndGet(143)) - c3cc0179-ddd8-47c0-b315-a087be9c7d41: start FollowerState
2019-10-24 19:57:10,042 [pool-59-thread-1] INFO  util.JmxRegister (JmxRegister.java:tryRegister(44)) - Successfully registered JMX Bean with object name Ratis:service=RaftServer,group=group-579C2EEA1E28,id=c3cc0179-ddd8-47c0-b315-a087be9c7d41
2019-10-24 19:57:10,042 [pool-59-thread-1] WARN  impl.MetricRegistriesImpl (MetricRegistriesImpl.java:lambda$create$1(61)) - First MetricRegistry has been created without registering reporters. You may need to call MetricRegistries.global().addReportRegistration(...) before.
2019-10-24 19:57:10,050 [RatisPipelineUtilsThread] INFO  pipeline.PipelineStateManager (PipelineStateManager.java:addPipeline(56)) - Created pipeline Pipeline[ Id: 5cf660a0-9c1b-40b9-aa14-579c2eea1e28, Nodes: c3cc0179-ddd8-47c0-b315-a087be9c7d41{ip: 192.168.157.225, host: pr-hdds-2344-jr7qb-497185894, networkLocation: /default-rack, certSerialId: null}6ca7c49d-0fb9-47a0-84fc-ca56d60725ba{ip: 192.168.157.225, host: pr-hdds-2344-jr7qb-497185894, networkLocation: /default-rack, certSerialId: null}c0eea3b1-3778-46c9-978b-a52b9082cf96{ip: 192.168.157.225, host: pr-hdds-2344-jr7qb-497185894, networkLocation: /default-rack, certSerialId: null}, Type:RATIS, Factor:THREE, State:OPEN]
2019-10-24 19:57:10,100 [EventQueue-PendingDeleteStatusForPendingDeleteHandler] INFO  block.SCMBlockDeletingService (SCMBlockDeletingService.java:handlePendingDeletes(115)) - Block deletion txnID mismatch in datanode c3cc0179-ddd8-47c0-b315-a087be9c7d41 for containerID 1. Datanode delete txnID: 0, SCM txnID: 1
2019-10-24 19:57:10,172 [Thread-590] INFO  client.GrpcClientProtocolService (GrpcClientProtocolService.java:lambda$processClientRequest$0(279)) - Failed RaftClientRequest:client-705380899BAA->6ca7c49d-0fb9-47a0-84fc-ca56d60725ba@group-93BD2C6E36FF, cid=10, seq=0, Watch-ALL_COMMITTED(6), Message:<EMPTY>, reply=RaftClientReply:client-705380899BAA->6ca7c49d-0fb9-47a0-84fc-ca56d60725ba@group-93BD2C6E36FF, cid=10, FAILED org.apache.ratis.protocol.NotLeaderException: Server 6ca7c49d-0fb9-47a0-84fc-ca56d60725ba@group-93BD2C6E36FF is not the leader c0eea3b1-3778-46c9-978b-a52b9082cf96:192.168.157.225:33218, logIndex=0, commits[6ca7c49d-0fb9-47a0-84fc-ca56d60725ba:c10, c0eea3b1-3778-46c9-978b-a52b9082cf96:c10, c3cc0179-ddd8-47c0-b315-a087be9c7d41:c4]
2019-10-24 19:57:10,400 [EventQueue-PendingDeleteStatusForPendingDeleteHandler] INFO  block.SCMBlockDeletingService (SCMBlockDeletingService.java:handlePendingDeletes(115)) - Block deletion txnID mismatch in datanode c3cc0179-ddd8-47c0-b315-a087be9c7d41 for containerID 1. Datanode delete txnID: 0, SCM txnID: 1
2019-10-24 19:57:10,411 [pool-7-thread-5] INFO  commands.RetriableDatanodeEventWatcher (RetriableDatanodeEventWatcher.java:onTimeout(47)) - RetriableDatanodeCommand type=deleteBlocksCommand with id=1571947022407 timed out. Retrying.
2019-10-24 19:57:10,413 [pool-7-thread-3] INFO  commands.RetriableDatanodeEventWatcher (RetriableDatanodeEventWatcher.java:onTimeout(47)) - RetriableDatanodeCommand type=deleteBlocksCommand with id=1571947022411 timed out. Retrying.
2019-10-24 19:57:10,413 [pool-7-thread-2] INFO  commands.RetriableDatanodeEventWatcher (RetriableDatanodeEventWatcher.java:onTimeout(47)) - RetriableDatanodeCommand type=deleteBlocksCommand with id=1571947022412 timed out. Retrying.
2019-10-24 19:57:10,413 [SCMBlockDeletingService#1] INFO  block.SCMBlockDeletingService (SCMBlockDeletingService.java:call(184)) - Totally added 1 delete blocks command for 1 datanodes, task elapsed time: 1ms
2019-10-24 19:57:10,413 [pool-7-thread-1] INFO  commands.RetriableDatanodeEventWatcher (RetriableDatanodeEventWatcher.java:onTimeout(47)) - RetriableDatanodeCommand type=deleteBlocksCommand with id=1571947022408 timed out. Retrying.
2019-10-24 19:57:10,413 [pool-7-thread-4] INFO  commands.RetriableDatanodeEventWatcher (RetriableDatanodeEventWatcher.java:onTimeout(47)) - RetriableDatanodeCommand type=deleteBlocksCommand with id=1571947022402 timed out. Retrying.
2019-10-24 19:57:10,414 [pool-7-thread-6] INFO  commands.RetriableDatanodeEventWatcher (RetriableDatanodeEventWatcher.java:onTimeout(47)) - RetriableDatanodeCommand type=deleteBlocksCommand with id=1571947022405 timed out. Retrying.
2019-10-24 19:57:10,414 [pool-7-thread-7] INFO  commands.RetriableDatanodeEventWatcher (RetriableDatanodeEventWatcher.java:onTimeout(47)) - RetriableDatanodeCommand type=deleteBlocksCommand with id=1571947022410 timed out. Retrying.
2019-10-24 19:57:10,414 [pool-7-thread-8] INFO  commands.RetriableDatanodeEventWatcher (RetriableDatanodeEventWatcher.java:onTimeout(47)) - RetriableDatanodeCommand type=deleteBlocksCommand with id=1571947022409 timed out. Retrying.
2019-10-24 19:57:10,800 [EventQueue-PendingDeleteStatusForPendingDeleteHandler] INFO  block.SCMBlockDeletingService (SCMBlockDeletingService.java:handlePendingDeletes(115)) - Block deletion txnID mismatch in datanode c3cc0179-ddd8-47c0-b315-a087be9c7d41 for containerID 1. Datanode delete txnID: 0, SCM txnID: 1
2019-10-24 19:57:10,918 [Command processor thread] INFO  commandhandler.DeleteBlocksCommandHandler (DeleteBlocksCommandHandler.java:handle(106)) - Start to delete container blocks, TXIDs=[1(0)], numOfContainers=1, numOfBlocks=1
2019-10-24 19:57:10,919 [Command processor thread] INFO  commandhandler.DeleteBlocksCommandHandler (DeleteBlocksCommandHandler.java:handle(106)) - Start to delete container blocks, TXIDs=[1(2)], numOfContainers=1, numOfBlocks=1
2019-10-24 19:57:10,919 [Command processor thread] INFO  commandhandler.DeleteBlocksCommandHandler (DeleteBlocksCommandHandler.java:handle(106)) - Start to delete container blocks, TXIDs=[1(0)], numOfContainers=1, numOfBlocks=1
2019-10-24 19:57:10,919 [Command processor thread] INFO  commandhandler.DeleteBlocksCommandHandler (DeleteBlocksCommandHandler.java:handle(106)) - Start to delete container blocks, TXIDs=[1(2)], numOfContainers=1, numOfBlocks=1
2019-10-24 19:57:10,920 [Command processor thread] INFO  commandhandler.DeleteBlocksCommandHandler (DeleteBlocksCommandHandler.java:handle(106)) - Start to delete container blocks, TXIDs=[1(0)], numOfContainers=1, numOfBlocks=1
2019-10-24 19:57:10,920 [Command processor thread] INFO  commandhandler.DeleteBlocksCommandHandler (DeleteBlocksCommandHandler.java:handle(106)) - Start to delete container blocks, TXIDs=[1(4)], numOfContainers=1, numOfBlocks=1
2019-10-24 19:57:10,920 [Command processor thread] INFO  commandhandler.DeleteBlocksCommandHandler (DeleteBlocksCommandHandler.java:handle(106)) - Start to delete container blocks, TXIDs=[1(2)], numOfContainers=1, numOfBlocks=1
2019-10-24 19:57:10,920 [Command processor thread] INFO  commandhandler.DeleteBlocksCommandHandler (DeleteBlocksCommandHandler.java:handle(106)) - Start to delete container blocks, TXIDs=[1(4)], numOfContainers=1, numOfBlocks=1
2019-10-24 19:57:10,921 [Command processor thread] INFO  commandhandler.DeleteBlocksCommandHandler (DeleteBlocksCommandHandler.java:handle(106)) - Start to delete container blocks, TXIDs=[1(0)], numOfContainers=1, numOfBlocks=1
2019-10-24 19:57:10,921 [Command processor thread] INFO  commandhandler.DeleteBlocksCommandHandler (DeleteBlocksCommandHandler.java:handle(106)) - Start to delete container blocks, TXIDs=[1(5)], numOfContainers=1, numOfBlocks=1
2019-10-24 19:57:10,921 [Command processor thread] INFO  commandhandler.DeleteBlocksCommandHandler (DeleteBlocksCommandHandler.java:handle(106)) - Start to delete container blocks, TXIDs=[1(5)], numOfContainers=1, numOfBlocks=1
2019-10-24 19:57:10,921 [Command processor thread] INFO  commandhandler.DeleteBlocksCommandHandler (DeleteBlocksCommandHandler.java:handle(106)) - Start to delete container blocks, TXIDs=[1(2)], numOfContainers=1, numOfBlocks=1
2019-10-24 19:57:10,921 [Command processor thread] INFO  commandhandler.DeleteBlocksCommandHandler (DeleteBlocksCommandHandler.java:handle(106)) - Start to delete container blocks, TXIDs=[1(5)], numOfContainers=1, numOfBlocks=1
2019-10-24 19:57:10,922 [Command processor thread] INFO  commandhandler.DeleteBlocksCommandHandler (DeleteBlocksCommandHandler.java:handle(106)) - Start to delete container blocks, TXIDs=[1(4)], numOfContainers=1, numOfBlocks=1
2019-10-24 19:57:10,922 [Command processor thread] INFO  commandhandler.DeleteBlocksCommandHandler (DeleteBlocksCommandHandler.java:handle(106)) - Start to delete container blocks, TXIDs=[1(0)], numOfContainers=1, numOfBlocks=1
2019-10-24 19:57:10,922 [Command processor thread] INFO  commandhandler.DeleteBlocksCommandHandler (DeleteBlocksCommandHandler.java:handle(106)) - Start to delete container blocks, TXIDs=[1(5)], numOfContainers=1, numOfBlocks=1
2019-10-24 19:57:10,923 [Command processor thread] INFO  commandhandler.DeleteBlocksCommandHandler (DeleteBlocksCommandHandler.java:handle(106)) - Start to delete container blocks, TXIDs=[1(2)], numOfContainers=1, numOfBlocks=1
2019-10-24 19:57:10,923 [Command processor thread] INFO  commandhandler.DeleteBlocksCommandHandler (DeleteBlocksCommandHandler.java:handle(106)) - Start to delete container blocks, TXIDs=[1(5)], numOfContainers=1, numOfBlocks=1
2019-10-24 19:57:10,923 [Command processor thread] INFO  commandhandler.DeleteBlocksCommandHandler (DeleteBlocksCommandHandler.java:handle(106)) - Start to delete container blocks, TXIDs=[1(5)], numOfContainers=1, numOfBlocks=1
2019-10-24 19:57:10,923 [Command processor thread] INFO  commandhandler.DeleteBlocksCommandHandler (DeleteBlocksCommandHandler.java:handle(106)) - Start to delete container blocks, TXIDs=[1(4)], numOfContainers=1, numOfBlocks=1
2019-10-24 19:57:10,923 [Command processor thread] INFO  commandhandler.DeleteBlocksCommandHandler (DeleteBlocksCommandHandler.java:handle(106)) - Start to delete container blocks, TXIDs=[1(0)], numOfContainers=1, numOfBlocks=1
2019-10-24 19:57:10,924 [Command processor thread] INFO  commandhandler.DeleteBlocksCommandHandler (DeleteBlocksCommandHandler.java:handle(106)) - Start to delete container blocks, TXIDs=[1(0)], numOfContainers=1, numOfBlocks=1
2019-10-24 19:57:10,924 [Command processor thread] INFO  commandhandler.DeleteBlocksCommandHandler (DeleteBlocksCommandHandler.java:handle(106)) - Start to delete container blocks, TXIDs=[1(4)], numOfContainers=1, numOfBlocks=1
2019-10-24 19:57:10,924 [Command processor thread] INFO  commandhandler.DeleteBlocksCommandHandler (DeleteBlocksCommandHandler.java:handle(106)) - Start to delete container blocks, TXIDs=[1(5)], numOfContainers=1, numOfBlocks=1
2019-10-24 19:57:10,924 [Command processor thread] INFO  commandhandler.DeleteBlocksCommandHandler (DeleteBlocksCommandHandler.java:handle(106)) - Start to delete container blocks, TXIDs=[1(2)], numOfContainers=1, numOfBlocks=1
2019-10-24 19:57:10,925 [Command processor thread] INFO  commandhandler.DeleteBlocksCommandHandler (DeleteBlocksCommandHandler.java:handle(106)) - Start to delete container blocks, TXIDs=[1(5)], numOfContainers=1, numOfBlocks=1
2019-10-24 19:57:10,925 [Command processor thread] INFO  commandhandler.DeleteBlocksCommandHandler (DeleteBlocksCommandHandler.java:handle(106)) - Start to delete container blocks, TXIDs=[1(5)], numOfContainers=1, numOfBlocks=1
2019-10-24 19:57:10,925 [Command processor thread] INFO  commandhandler.DeleteBlocksCommandHandler (DeleteBlocksCommandHandler.java:handle(106)) - Start to delete container blocks, TXIDs=[1(5)], numOfContainers=1, numOfBlocks=1
2019-10-24 19:57:10,925 [Command processor thread] INFO  commandhandler.DeleteBlocksCommandHandler (DeleteBlocksCommandHandler.java:handle(106)) - Start to delete container blocks, TXIDs=[1(4)], numOfContainers=1, numOfBlocks=1
2019-10-24 19:57:10,926 [Command processor thread] INFO  commandhandler.DeleteBlocksCommandHandler (DeleteBlocksCommandHandler.java:handle(106)) - Start to delete container blocks, TXIDs=[1(0)], numOfContainers=1, numOfBlocks=1
2019-10-24 19:57:10,926 [Command processor thread] INFO  commandhandler.DeleteBlocksCommandHandler (DeleteBlocksCommandHandler.java:handle(106)) - Start to delete container blocks, TXIDs=[1(2)], numOfContainers=1, numOfBlocks=1
2019-10-24 19:57:10,926 [Command processor thread] INFO  commandhandler.DeleteBlocksCommandHandler (DeleteBlocksCommandHandler.java:handle(106)) - Start to delete container blocks, TXIDs=[1(5)], numOfContainers=1, numOfBlocks=1
2019-10-24 19:57:10,926 [Command processor thread] INFO  commandhandler.DeleteBlocksCommandHandler (DeleteBlocksCommandHandler.java:handle(106)) - Start to delete container blocks, TXIDs=[1(5)], numOfContainers=1, numOfBlocks=1
2019-10-24 19:57:10,927 [Command processor thread] INFO  commandhandler.DeleteBlocksCommandHandler (DeleteBlocksCommandHandler.java:handle(106)) - Start to delete container blocks, TXIDs=[1(5)], numOfContainers=1, numOfBlocks=1
2019-10-24 19:57:10,927 [Command processor thread] INFO  commandhandler.DeleteBlocksCommandHandler (DeleteBlocksCommandHandler.java:handle(106)) - Start to delete container blocks, TXIDs=[1(5)], numOfContainers=1, numOfBlocks=1
2019-10-24 19:57:10,927 [Command processor thread] INFO  commandhandler.DeleteBlocksCommandHandler (DeleteBlocksCommandHandler.java:handle(106)) - Start to delete container blocks, TXIDs=[1(5)], numOfContainers=1, numOfBlocks=1
2019-10-24 19:57:10,927 [Command processor thread] INFO  commandhandler.DeleteBlocksCommandHandler (DeleteBlocksCommandHandler.java:handle(106)) - Start to delete container blocks, TXIDs=[1(4)], numOfContainers=1, numOfBlocks=1
2019-10-24 19:57:10,927 [Command processor thread] INFO  commandhandler.DeleteBlocksCommandHandler (DeleteBlocksCommandHandler.java:handle(106)) - Start to delete container blocks, TXIDs=[1(5)], numOfContainers=1, numOfBlocks=1
2019-10-24 19:57:10,928 [Command processor thread] INFO  commandhandler.DeleteBlocksCommandHandler (DeleteBlocksCommandHandler.java:handle(106)) - Start to delete container blocks, TXIDs=[1(41)], numOfContainers=1, numOfBlocks=1
2019-10-24 19:57:10,928 [Command processor thread] INFO  commandhandler.DeleteBlocksCommandHandler (DeleteBlocksCommandHandler.java:handle(106)) - Start to delete container blocks, TXIDs=[1(5)], numOfContainers=1, numOfBlocks=1
2019-10-24 19:57:10,928 [Command processor thread] INFO  commandhandler.DeleteBlocksCommandHandler (DeleteBlocksCommandHandler.java:handle(106)) - Start to delete container blocks, TXIDs=[1(5)], numOfContainers=1, numOfBlocks=1
2019-10-24 19:57:10,928 [Command processor thread] INFO  commandhandler.DeleteBlocksCommandHandler (DeleteBlocksCommandHandler.java:handle(106)) - Start to delete container blocks, TXIDs=[1(0)], numOfContainers=1, numOfBlocks=1
2019-10-24 19:57:10,928 [Command processor thread] INFO  commandhandler.DeleteBlocksCommandHandler (DeleteBlocksCommandHandler.java:handle(106)) - Start to delete container blocks, TXIDs=[1(2)], numOfContainers=1, numOfBlocks=1
2019-10-24 19:57:10,929 [Command processor thread] INFO  commandhandler.DeleteBlocksCommandHandler (DeleteBlocksCommandHandler.java:handle(106)) - Start to delete container blocks, TXIDs=[1(5)], numOfContainers=1, numOfBlocks=1
2019-10-24 19:57:10,929 [Command processor thread] INFO  commandhandler.DeleteBlocksCommandHandler (DeleteBlocksCommandHandler.java:handle(106)) - Start to delete container blocks, TXIDs=[1(5)], numOfContainers=1, numOfBlocks=1
2019-10-24 19:57:10,931 [BlockDeletingService#2] WARN  background.BlockDeletingService (BlockDeletingService.java:isDeletionAllowed(187)) - Close Container log Index 6 is not replicated across allthe servers in the pipeline e974d4ac-588e-46db-a85b-93bd2c6e36ff as the min replicated index is 4. Deletion is not allowed in this container yet.
2019-10-24 19:57:10,932 [BlockDeletingService#2] WARN  background.BlockDeletingService (BlockDeletingService.java:isDeletionAllowed(187)) - Close Container log Index 6 is not replicated across allthe servers in the pipeline e974d4ac-588e-46db-a85b-93bd2c6e36ff as the min replicated index is 4. Deletion is not allowed in this container yet.
2019-10-24 19:57:10,960 [Thread-557] INFO  impl.FollowerState (FollowerState.java:run(111)) - c3cc0179-ddd8-47c0-b315-a087be9c7d41@group-F276A0755E0F-FollowerState: change to CANDIDATE, lastRpcTime:5045ms, electionTimeout:5045ms
2019-10-24 19:57:10,961 [Thread-557] INFO  impl.RoleInfo (RoleInfo.java:shutdownFollowerState(121)) - c3cc0179-ddd8-47c0-b315-a087be9c7d41: shutdown FollowerState
2019-10-24 19:57:10,961 [Thread-557] INFO  impl.RaftServerImpl (RaftServerImpl.java:setRole(173)) - c3cc0179-ddd8-47c0-b315-a087be9c7d41@group-F276A0755E0F: changes role from  FOLLOWER to CANDIDATE at term 1 for changeToCandidate
2019-10-24 19:57:10,961 [Thread-557] INFO  impl.RoleInfo (RoleInfo.java:updateAndGet(143)) - c3cc0179-ddd8-47c0-b315-a087be9c7d41: start LeaderElection
2019-10-24 19:57:10,971 [java.util.concurrent.ThreadPoolExecutor$Worker@3a877cc9[State = -1, empty queue]] WARN  server.GrpcLogAppender (GrpcLogAppender.java:timeoutAppendRequest(209)) - c0eea3b1-3778-46c9-978b-a52b9082cf96@group-93BD2C6E36FF->c3cc0179-ddd8-47c0-b315-a087be9c7d41-GrpcLogAppender: appendEntries Timeout, request=c0eea3b1-3778-46c9-978b-a52b9082cf96->c3cc0179-ddd8-47c0-b315-a087be9c7d41#53-t1, previous=(t:1, i:10), leaderCommit=10, initializing? false, entries: <empty>
2019-10-24 19:57:10,977 [c3cc0179-ddd8-47c0-b315-a087be9c7d41@group-F276A0755E0F-LeaderElection6] INFO  impl.LeaderElection (LeaderElection.java:askForVotes(178)) - c3cc0179-ddd8-47c0-b315-a087be9c7d41@group-F276A0755E0F-LeaderElection6: begin an election at term 2 for 0: [c3cc0179-ddd8-47c0-b315-a087be9c7d41:192.168.157.225:41798], old=null
2019-10-24 19:57:10,977 [c3cc0179-ddd8-47c0-b315-a087be9c7d41@group-F276A0755E0F-LeaderElection6] INFO  impl.RoleInfo (RoleInfo.java:shutdownLeaderElection(134)) - c3cc0179-ddd8-47c0-b315-a087be9c7d41: shutdown LeaderElection
2019-10-24 19:57:10,977 [c3cc0179-ddd8-47c0-b315-a087be9c7d41@group-F276A0755E0F-LeaderElection6] INFO  impl.RaftServerImpl (RaftServerImpl.java:setRole(173)) - c3cc0179-ddd8-47c0-b315-a087be9c7d41@group-F276A0755E0F: changes role from CANDIDATE to LEADER at term 2 for changeToLeader
2019-10-24 19:57:10,977 [c3cc0179-ddd8-47c0-b315-a087be9c7d41@group-F276A0755E0F-LeaderElection6] INFO  impl.RaftServerImpl (ServerState.java:setLeader(255)) - c3cc0179-ddd8-47c0-b315-a087be9c7d41@group-F276A0755E0F: change Leader from null to c3cc0179-ddd8-47c0-b315-a087be9c7d41 at term 2 for becomeLeader, leader elected after 7066ms
2019-10-24 19:57:10,977 [c3cc0179-ddd8-47c0-b315-a087be9c7d41@group-F276A0755E0F-LeaderElection6] INFO  server.RaftServerConfigKeys (ConfUtils.java:logGet(43)) - raft.server.staging.catchup.gap = 1000 (default)
2019-10-24 19:57:10,978 [c3cc0179-ddd8-47c0-b315-a087be9c7d41@group-F276A0755E0F-LeaderElection6] INFO  server.RaftServerConfigKeys (ConfUtils.java:logGet(43)) - raft.server.rpc.sleep.time = 25ms (default)
2019-10-24 19:57:10,978 [c3cc0179-ddd8-47c0-b315-a087be9c7d41@group-F276A0755E0F-LeaderElection6] INFO  server.RaftServerConfigKeys (ConfUtils.java:logGet(43)) - raft.server.write.element-limit = 4096 (default)
2019-10-24 19:57:10,978 [c3cc0179-ddd8-47c0-b315-a087be9c7d41@group-F276A0755E0F-LeaderElection6] INFO  server.RaftServerConfigKeys (ConfUtils.java:logGet(43)) - raft.server.watch.timeout = 10s (default)
2019-10-24 19:57:10,978 [c3cc0179-ddd8-47c0-b315-a087be9c7d41@group-F276A0755E0F-LeaderElection6] INFO  server.RaftServerConfigKeys (ConfUtils.java:logGet(43)) - raft.server.watch.timeout.denomination = 1s (default)
2019-10-24 19:57:10,978 [c3cc0179-ddd8-47c0-b315-a087be9c7d41@group-F276A0755E0F-LeaderElection6] INFO  server.RaftServerConfigKeys (ConfUtils.java:logGet(43)) - raft.server.watch.element-limit = 65536 (default)
2019-10-24 19:57:10,978 [c3cc0179-ddd8-47c0-b315-a087be9c7d41@group-F276A0755E0F-LeaderElection6] INFO  impl.RoleInfo (RoleInfo.java:updateAndGet(143)) - c3cc0179-ddd8-47c0-b315-a087be9c7d41: start LeaderState
2019-10-24 19:57:10,979 [c3cc0179-ddd8-47c0-b315-a087be9c7d41@group-F276A0755E0F-LeaderElection6] INFO  segmented.SegmentedRaftLogWorker (SegmentedRaftLogWorker.java:rollLogSegment(390)) - c3cc0179-ddd8-47c0-b315-a087be9c7d41@group-F276A0755E0F-SegmentedRaftLogWorker: Rolling segment log-0_0 to index:0
2019-10-24 19:57:10,981 [c3cc0179-ddd8-47c0-b315-a087be9c7d41@group-F276A0755E0F-LeaderElection6] INFO  impl.RaftServerImpl (ServerState.java:setRaftConf(356)) - c3cc0179-ddd8-47c0-b315-a087be9c7d41@group-F276A0755E0F: set configuration 1: [c3cc0179-ddd8-47c0-b315-a087be9c7d41:192.168.157.225:41798], old=null at 1
2019-10-24 19:57:10,987 [c3cc0179-ddd8-47c0-b315-a087be9c7d41@group-F276A0755E0F-SegmentedRaftLogWorker] INFO  segmented.SegmentedRaftLogWorker (SegmentedRaftLogWorker.java:execute(533)) - c3cc0179-ddd8-47c0-b315-a087be9c7d41@group-F276A0755E0F-SegmentedRaftLogWorker: Rolled log segment from /workdir/hadoop-ozone/integration-test/target/test-dir/MiniOzoneClusterImpl-32c601bb-365b-4896-b1e0-aac658e6a95a/datanode-1/data/ratis/926d0e26-7778-4bbc-af0c-f276a0755e0f/current/log_inprogress_0 to /workdir/hadoop-ozone/integration-test/target/test-dir/MiniOzoneClusterImpl-32c601bb-365b-4896-b1e0-aac658e6a95a/datanode-1/data/ratis/926d0e26-7778-4bbc-af0c-f276a0755e0f/current/log_0-0
2019-10-24 19:57:11,035 [c3cc0179-ddd8-47c0-b315-a087be9c7d41@group-F276A0755E0F-SegmentedRaftLogWorker] INFO  segmented.SegmentedRaftLogWorker (SegmentedRaftLogWorker.java:execute(576)) - c3cc0179-ddd8-47c0-b315-a087be9c7d41@group-F276A0755E0F-SegmentedRaftLogWorker: created new log segment /workdir/hadoop-ozone/integration-test/target/test-dir/MiniOzoneClusterImpl-32c601bb-365b-4896-b1e0-aac658e6a95a/datanode-1/data/ratis/926d0e26-7778-4bbc-af0c-f276a0755e0f/current/log_inprogress_1
2019-10-24 19:57:11,060 [Thread-558] INFO  impl.FollowerState (FollowerState.java:run(111)) - c3cc0179-ddd8-47c0-b315-a087be9c7d41@group-93BD2C6E36FF-FollowerState: change to CANDIDATE, lastRpcTime:5145ms, electionTimeout:5145ms
2019-10-24 19:57:11,062 [Thread-558] INFO  impl.RoleInfo (RoleInfo.java:shutdownFollowerState(121)) - c3cc0179-ddd8-47c0-b315-a087be9c7d41: shutdown FollowerState
2019-10-24 19:57:11,062 [Thread-558] INFO  impl.RaftServerImpl (RaftServerImpl.java:setRole(173)) - c3cc0179-ddd8-47c0-b315-a087be9c7d41@group-93BD2C6E36FF: changes role from  FOLLOWER to CANDIDATE at term 1 for changeToCandidate
2019-10-24 19:57:11,062 [Thread-558] INFO  impl.RoleInfo (RoleInfo.java:updateAndGet(143)) - c3cc0179-ddd8-47c0-b315-a087be9c7d41: start LeaderElection
2019-10-24 19:57:11,068 [c3cc0179-ddd8-47c0-b315-a087be9c7d41@group-93BD2C6E36FF-LeaderElection7] INFO  impl.LeaderElection (LeaderElection.java:askForVotes(178)) - c3cc0179-ddd8-47c0-b315-a087be9c7d41@group-93BD2C6E36FF-LeaderElection7: begin an election at term 2 for 0: [c0eea3b1-3778-46c9-978b-a52b9082cf96:192.168.157.225:33218, c3cc0179-ddd8-47c0-b315-a087be9c7d41:192.168.157.225:41798, 6ca7c49d-0fb9-47a0-84fc-ca56d60725ba:192.168.157.225:39925], old=null
2019-10-24 19:57:11,079 [grpc-default-executor-3] INFO  impl.RaftServerImpl (ServerState.java:setLeader(255)) - c0eea3b1-3778-46c9-978b-a52b9082cf96@group-93BD2C6E36FF: change Leader from c0eea3b1-3778-46c9-978b-a52b9082cf96 to null at term 2 for updateCurrentTerm
2019-10-24 19:57:11,079 [grpc-default-executor-2] INFO  impl.RaftServerImpl (ServerState.java:setLeader(255)) - 6ca7c49d-0fb9-47a0-84fc-ca56d60725ba@group-93BD2C6E36FF: change Leader from c0eea3b1-3778-46c9-978b-a52b9082cf96 to null at term 2 for updateCurrentTerm
2019-10-24 19:57:11,080 [grpc-default-executor-3] INFO  impl.RaftServerImpl (RaftServerImpl.java:setRole(173)) - c0eea3b1-3778-46c9-978b-a52b9082cf96@group-93BD2C6E36FF: changes role from    LEADER to FOLLOWER at term 2 for recognizeCandidate:c3cc0179-ddd8-47c0-b315-a087be9c7d41
2019-10-24 19:57:11,080 [grpc-default-executor-2] INFO  impl.RaftServerImpl (RaftServerImpl.java:setRole(173)) - 6ca7c49d-0fb9-47a0-84fc-ca56d60725ba@group-93BD2C6E36FF: changes role from  FOLLOWER to FOLLOWER at term 2 for recognizeCandidate:c3cc0179-ddd8-47c0-b315-a087be9c7d41
2019-10-24 19:57:11,080 [grpc-default-executor-3] INFO  impl.RoleInfo (RoleInfo.java:shutdownLeaderState(104)) - c0eea3b1-3778-46c9-978b-a52b9082cf96: shutdown LeaderState
2019-10-24 19:57:11,080 [grpc-default-executor-2] INFO  impl.RoleInfo (RoleInfo.java:shutdownFollowerState(121)) - 6ca7c49d-0fb9-47a0-84fc-ca56d60725ba: shutdown FollowerState
2019-10-24 19:57:11,081 [grpc-default-executor-3] INFO  impl.PendingRequests (PendingRequests.java:sendNotLeaderResponses(206)) - c0eea3b1-3778-46c9-978b-a52b9082cf96@group-93BD2C6E36FF-PendingRequests: sendNotLeaderResponses
2019-10-24 19:57:11,082 [Thread-241] INFO  impl.FollowerState (FollowerState.java:run(120)) - 6ca7c49d-0fb9-47a0-84fc-ca56d60725ba@group-93BD2C6E36FF-FollowerState was interrupted: java.lang.InterruptedException: sleep interrupted
2019-10-24 19:57:11,082 [org.apache.ratis.server.impl.LogAppender$AppenderDaemon$$Lambda$577/1928184254@613f8929] WARN  server.GrpcLogAppender (GrpcLogAppender.java:mayWait(149)) - c0eea3b1-3778-46c9-978b-a52b9082cf96@group-93BD2C6E36FF->6ca7c49d-0fb9-47a0-84fc-ca56d60725ba-GrpcLogAppender: Wait interrupted by java.lang.InterruptedException
2019-10-24 19:57:11,082 [org.apache.ratis.server.impl.LogAppender$AppenderDaemon$$Lambda$577/1928184254@73ddf0ae] WARN  server.GrpcLogAppender (GrpcLogAppender.java:mayWait(149)) - c0eea3b1-3778-46c9-978b-a52b9082cf96@group-93BD2C6E36FF->c3cc0179-ddd8-47c0-b315-a087be9c7d41-GrpcLogAppender: Wait interrupted by java.lang.InterruptedException
2019-10-24 19:57:11,082 [grpc-default-executor-2] INFO  impl.RoleInfo (RoleInfo.java:updateAndGet(143)) - 6ca7c49d-0fb9-47a0-84fc-ca56d60725ba: start FollowerState
2019-10-24 19:57:11,084 [Thread-603] INFO  client.GrpcClientProtocolService (GrpcClientProtocolService.java:lambda$processClientRequest$0(279)) - Failed RaftClientRequest:client-705380899BAA->c0eea3b1-3778-46c9-978b-a52b9082cf96@group-93BD2C6E36FF, cid=10, seq=0, Watch-ALL_COMMITTED(6), Message:<EMPTY>, reply=RaftClientReply:client-705380899BAA->c0eea3b1-3778-46c9-978b-a52b9082cf96@group-93BD2C6E36FF, cid=10, FAILED org.apache.ratis.protocol.NotLeaderException: Server c0eea3b1-3778-46c9-978b-a52b9082cf96@group-93BD2C6E36FF is not the leader, logIndex=0, commits[c0eea3b1-3778-46c9-978b-a52b9082cf96:c10, c3cc0179-ddd8-47c0-b315-a087be9c7d41:c4, 6ca7c49d-0fb9-47a0-84fc-ca56d60725ba:c10]
2019-10-24 19:57:11,089 [Thread-604] INFO  client.GrpcClientProtocolService (GrpcClientProtocolService.java:lambda$processClientRequest$0(279)) - Failed RaftClientRequest:client-705380899BAA->c0eea3b1-3778-46c9-978b-a52b9082cf96@group-93BD2C6E36FF, cid=10, seq=0, Watch-ALL_COMMITTED(6), Message:<EMPTY>, reply=RaftClientReply:client-705380899BAA->c0eea3b1-3778-46c9-978b-a52b9082cf96@group-93BD2C6E36FF, cid=10, FAILED org.apache.ratis.protocol.NotLeaderException: Server c0eea3b1-3778-46c9-978b-a52b9082cf96@group-93BD2C6E36FF is not the leader, logIndex=0, commits[c0eea3b1-3778-46c9-978b-a52b9082cf96:c10, c3cc0179-ddd8-47c0-b315-a087be9c7d41:c4, 6ca7c49d-0fb9-47a0-84fc-ca56d60725ba:c10]
2019-10-24 19:57:11,089 [grpc-default-executor-3] INFO  impl.RoleInfo (RoleInfo.java:updateAndGet(143)) - c0eea3b1-3778-46c9-978b-a52b9082cf96: start FollowerState
2019-10-24 19:57:11,090 [grpc-default-executor-1] INFO  server.GrpcServerProtocolService (GrpcServerProtocolService.java:onCompleted(113)) - 6ca7c49d-0fb9-47a0-84fc-ca56d60725ba: Completed APPEND_ENTRIES, lastRequest: c0eea3b1-3778-46c9-978b-a52b9082cf96->6ca7c49d-0fb9-47a0-84fc-ca56d60725ba#54-t1, previous=(t:1, i:10), leaderCommit=10, initializing? false, entries: <empty>
2019-10-24 19:57:11,096 [grpc-default-executor-4] INFO  server.GrpcLogAppender (GrpcLogAppender.java:onCompleted(308)) - c0eea3b1-3778-46c9-978b-a52b9082cf96@group-93BD2C6E36FF->6ca7c49d-0fb9-47a0-84fc-ca56d60725ba-AppendLogResponseHandler: follower responses appendEntries COMPLETED
2019-10-24 19:57:11,101 [grpc-default-executor-4] INFO  impl.FollowerInfo (FollowerInfo.java:lambda$new$0(51)) - c0eea3b1-3778-46c9-978b-a52b9082cf96@group-93BD2C6E36FF->6ca7c49d-0fb9-47a0-84fc-ca56d60725ba: nextIndex: updateUnconditionally 11 -> 10
2019-10-24 19:57:11,107 [c3cc0179-ddd8-47c0-b315-a087be9c7d41@group-93BD2C6E36FF-LeaderElection7] INFO  impl.LeaderElection (LeaderElection.java:logAndReturn(56)) - c3cc0179-ddd8-47c0-b315-a087be9c7d41@group-93BD2C6E36FF-LeaderElection7: Election REJECTED; received 2 response(s) [c3cc0179-ddd8-47c0-b315-a087be9c7d41<-c0eea3b1-3778-46c9-978b-a52b9082cf96#0:FAIL-t2, c3cc0179-ddd8-47c0-b315-a087be9c7d41<-6ca7c49d-0fb9-47a0-84fc-ca56d60725ba#0:FAIL-t2] and 0 exception(s); c3cc0179-ddd8-47c0-b315-a087be9c7d41@group-93BD2C6E36FF:t2, leader=null, voted=c3cc0179-ddd8-47c0-b315-a087be9c7d41, raftlog=c3cc0179-ddd8-47c0-b315-a087be9c7d41@group-93BD2C6E36FF-SegmentedRaftLog:OPENED:c3,f4,i4, conf=0: [c0eea3b1-3778-46c9-978b-a52b9082cf96:192.168.157.225:33218, c3cc0179-ddd8-47c0-b315-a087be9c7d41:192.168.157.225:41798, 6ca7c49d-0fb9-47a0-84fc-ca56d60725ba:192.168.157.225:39925], old=null
2019-10-24 19:57:11,107 [c3cc0179-ddd8-47c0-b315-a087be9c7d41@group-93BD2C6E36FF-LeaderElection7] INFO  impl.RaftServerImpl (RaftServerImpl.java:setRole(173)) - c3cc0179-ddd8-47c0-b315-a087be9c7d41@group-93BD2C6E36FF: changes role from CANDIDATE to FOLLOWER at term 2 for DISCOVERED_A_NEW_TERM
2019-10-24 19:57:11,108 [c3cc0179-ddd8-47c0-b315-a087be9c7d41@group-93BD2C6E36FF-LeaderElection7] INFO  impl.RoleInfo (RoleInfo.java:shutdownLeaderElection(134)) - c3cc0179-ddd8-47c0-b315-a087be9c7d41: shutdown LeaderElection
2019-10-24 19:57:11,108 [c3cc0179-ddd8-47c0-b315-a087be9c7d41@group-93BD2C6E36FF-LeaderElection7] INFO  impl.RoleInfo (RoleInfo.java:updateAndGet(143)) - c3cc0179-ddd8-47c0-b315-a087be9c7d41: start FollowerState
2019-10-24 19:57:11,120 [EventQueue-DeleteBlockStatusForDeletedBlockLogImpl] WARN  block.DeletedBlockLogImpl (DeletedBlockLogImpl.java:commitTransactions(205)) - Transaction txId=1 commit by dnId=c3cc0179-ddd8-47c0-b315-a087be9c7d41 for containerID=#1 failed. Corresponding entry not found.
2019-10-24 19:57:11,121 [EventQueue-DeleteBlockStatusForDeletedBlockLogImpl] WARN  block.DeletedBlockLogImpl (DeletedBlockLogImpl.java:commitTransactions(205)) - Transaction txId=1 commit by dnId=c3cc0179-ddd8-47c0-b315-a087be9c7d41 for containerID=#1 failed. Corresponding entry not found.
2019-10-24 19:57:11,121 [EventQueue-DeleteBlockStatusForDeletedBlockLogImpl] WARN  block.DeletedBlockLogImpl (DeletedBlockLogImpl.java:commitTransactions(205)) - Transaction txId=1 commit by dnId=c3cc0179-ddd8-47c0-b315-a087be9c7d41 for containerID=#1 failed. Corresponding entry not found.
2019-10-24 19:57:11,121 [EventQueue-DeleteBlockStatusForDeletedBlockLogImpl] WARN  block.DeletedBlockLogImpl (DeletedBlockLogImpl.java:commitTransactions(205)) - Transaction txId=1 commit by dnId=c3cc0179-ddd8-47c0-b315-a087be9c7d41 for containerID=#1 failed. Corresponding entry not found.
2019-10-24 19:57:11,121 [EventQueue-DeleteBlockStatusForDeletedBlockLogImpl] WARN  block.DeletedBlockLogImpl (DeletedBlockLogImpl.java:commitTransactions(205)) - Transaction txId=1 commit by dnId=c3cc0179-ddd8-47c0-b315-a087be9c7d41 for containerID=#1 failed. Corresponding entry not found.
2019-10-24 19:57:11,121 [EventQueue-DeleteBlockStatusForDeletedBlockLogImpl] WARN  block.DeletedBlockLogImpl (DeletedBlockLogImpl.java:commitTransactions(205)) - Transaction txId=1 commit by dnId=c3cc0179-ddd8-47c0-b315-a087be9c7d41 for containerID=#1 failed. Corresponding entry not found.
2019-10-24 19:57:11,121 [EventQueue-DeleteBlockStatusForDeletedBlockLogImpl] WARN  block.DeletedBlockLogImpl (DeletedBlockLogImpl.java:commitTransactions(205)) - Transaction txId=1 commit by dnId=c3cc0179-ddd8-47c0-b315-a087be9c7d41 for containerID=#1 failed. Corresponding entry not found.
2019-10-24 19:57:11,121 [EventQueue-DeleteBlockStatusForDeletedBlockLogImpl] WARN  block.DeletedBlockLogImpl (DeletedBlockLogImpl.java:commitTransactions(205)) - Transaction txId=1 commit by dnId=c3cc0179-ddd8-47c0-b315-a087be9c7d41 for containerID=#1 failed. Corresponding entry not found.
2019-10-24 19:57:11,933 [BlockDeletingService#2] WARN  background.BlockDeletingService (BlockDeletingService.java:isDeletionAllowed(187)) - Close Container log Index 6 is not replicated across allthe servers in the pipeline e974d4ac-588e-46db-a85b-93bd2c6e36ff as the min replicated index is 4. Deletion is not allowed in this container yet.
2019-10-24 19:57:11,933 [BlockDeletingService#2] WARN  background.BlockDeletingService (BlockDeletingService.java:isDeletionAllowed(187)) - Close Container log Index 6 is not replicated across allthe servers in the pipeline e974d4ac-588e-46db-a85b-93bd2c6e36ff as the min replicated index is 4. Deletion is not allowed in this container yet.
2019-10-24 19:57:12,108 [Thread-612] INFO  client.GrpcClientProtocolService (GrpcClientProtocolService.java:lambda$processClientRequest$0(279)) - Failed RaftClientRequest:client-705380899BAA->c3cc0179-ddd8-47c0-b315-a087be9c7d41@group-93BD2C6E36FF, cid=10, seq=0, Watch-ALL_COMMITTED(6), Message:<EMPTY>, reply=RaftClientReply:client-705380899BAA->c3cc0179-ddd8-47c0-b315-a087be9c7d41@group-93BD2C6E36FF, cid=10, FAILED org.apache.ratis.protocol.NotLeaderException: Server c3cc0179-ddd8-47c0-b315-a087be9c7d41@group-93BD2C6E36FF is not the leader, logIndex=0, commits[c3cc0179-ddd8-47c0-b315-a087be9c7d41:c3]
2019-10-24 19:57:12,934 [BlockDeletingService#2] WARN  background.BlockDeletingService (BlockDeletingService.java:isDeletionAllowed(187)) - Close Container log Index 6 is not replicated across allthe servers in the pipeline e974d4ac-588e-46db-a85b-93bd2c6e36ff as the min replicated index is 4. Deletion is not allowed in this container yet.
2019-10-24 19:57:12,934 [BlockDeletingService#2] WARN  background.BlockDeletingService (BlockDeletingService.java:isDeletionAllowed(187)) - Close Container log Index 6 is not replicated across allthe servers in the pipeline e974d4ac-588e-46db-a85b-93bd2c6e36ff as the min replicated index is 4. Deletion is not allowed in this container yet.
2019-10-24 19:57:13,129 [Thread-618] INFO  client.GrpcClientProtocolService (GrpcClientProtocolService.java:lambda$processClientRequest$0(279)) - Failed RaftClientRequest:client-705380899BAA->6ca7c49d-0fb9-47a0-84fc-ca56d60725ba@group-93BD2C6E36FF, cid=10, seq=0, Watch-ALL_COMMITTED(6), Message:<EMPTY>, reply=RaftClientReply:client-705380899BAA->6ca7c49d-0fb9-47a0-84fc-ca56d60725ba@group-93BD2C6E36FF, cid=10, FAILED org.apache.ratis.protocol.NotLeaderException: Server 6ca7c49d-0fb9-47a0-84fc-ca56d60725ba@group-93BD2C6E36FF is not the leader, logIndex=0, commits[6ca7c49d-0fb9-47a0-84fc-ca56d60725ba:c10, c0eea3b1-3778-46c9-978b-a52b9082cf96:c10, c3cc0179-ddd8-47c0-b315-a087be9c7d41:c4]
2019-10-24 19:57:13,472 [java.util.concurrent.ThreadPoolExecutor$Worker@3a877cc9[State = -1, empty queue]] WARN  server.GrpcLogAppender (GrpcLogAppender.java:timeoutAppendRequest(209)) - c0eea3b1-3778-46c9-978b-a52b9082cf96@group-93BD2C6E36FF->c3cc0179-ddd8-47c0-b315-a087be9c7d41-GrpcLogAppender: appendEntries Timeout, request=c0eea3b1-3778-46c9-978b-a52b9082cf96->c3cc0179-ddd8-47c0-b315-a087be9c7d41#54-t1, previous=(t:1, i:10), leaderCommit=10, initializing? false, entries: <empty>
]]></system-out>
    <system-err><![CDATA[ERROR StatusLogger No Log4j 2 configuration file found. Using default configuration (logging only errors to the console), or user programmatically provided configurations. Set system property 'log4j2.debug' to show Log4j 2 internal initialization logging. See https://logging.apache.org/log4j/2.x/manual/configuration.html for instructions on how to configure Log4j 2
Oct 24, 2019 7:55:26 PM org.apache.ratis.thirdparty.io.grpc.internal.SerializingExecutor run
SEVERE: Exception while executing runnable org.apache.ratis.thirdparty.io.grpc.internal.ServerImpl$JumpToApplicationThreadServerStreamListener$1Closed@7225892f
org.apache.ratis.thirdparty.io.grpc.StatusRuntimeException: CANCELLED: call already cancelled
	at org.apache.ratis.thirdparty.io.grpc.Status.asRuntimeException(Status.java:517)
	at org.apache.ratis.thirdparty.io.grpc.stub.ServerCalls$ServerCallStreamObserverImpl.onCompleted(ServerCalls.java:356)
	at org.apache.ratis.grpc.server.GrpcServerProtocolService$ServerRequestStreamObserver.onError(GrpcServerProtocolService.java:121)
	at org.apache.ratis.thirdparty.io.grpc.stub.ServerCalls$StreamingServerCallHandler$StreamingServerCallListener.onCancel(ServerCalls.java:269)
	at org.apache.ratis.thirdparty.io.grpc.internal.ServerCallImpl$ServerStreamListenerImpl.closed(ServerCallImpl.java:293)
	at org.apache.ratis.thirdparty.io.grpc.internal.ServerImpl$JumpToApplicationThreadServerStreamListener$1Closed.runInContext(ServerImpl.java:741)
	at org.apache.ratis.thirdparty.io.grpc.internal.ContextRunnable.run(ContextRunnable.java:37)
	at org.apache.ratis.thirdparty.io.grpc.internal.SerializingExecutor.run(SerializingExecutor.java:123)
	at java.util.concurrent.ThreadPoolExecutor.runWorker(ThreadPoolExecutor.java:1149)
	at java.util.concurrent.ThreadPoolExecutor$Worker.run(ThreadPoolExecutor.java:624)
	at java.lang.Thread.run(Thread.java:748)

Oct 24, 2019 7:55:26 PM org.apache.ratis.thirdparty.io.grpc.internal.SerializingExecutor run
SEVERE: Exception while executing runnable org.apache.ratis.thirdparty.io.grpc.internal.ClientCallImpl$ClientStreamListenerImpl$1StreamClosed@6d009205
java.lang.NullPointerException
	at org.apache.ratis.grpc.server.GrpcLogAppender$AppendLogResponseHandler.onError(GrpcLogAppender.java:303)
	at org.apache.ratis.thirdparty.io.grpc.stub.ClientCalls$StreamObserverToCallListenerAdapter.onClose(ClientCalls.java:434)
	at org.apache.ratis.thirdparty.io.grpc.PartialForwardingClientCallListener.onClose(PartialForwardingClientCallListener.java:39)
	at org.apache.ratis.thirdparty.io.grpc.ForwardingClientCallListener.onClose(ForwardingClientCallListener.java:23)
	at org.apache.ratis.thirdparty.io.grpc.ForwardingClientCallListener$SimpleForwardingClientCallListener.onClose(ForwardingClientCallListener.java:40)
	at org.apache.ratis.thirdparty.io.grpc.internal.CensusStatsModule$StatsClientInterceptor$1$1.onClose(CensusStatsModule.java:678)
	at org.apache.ratis.thirdparty.io.grpc.PartialForwardingClientCallListener.onClose(PartialForwardingClientCallListener.java:39)
	at org.apache.ratis.thirdparty.io.grpc.ForwardingClientCallListener.onClose(ForwardingClientCallListener.java:23)
	at org.apache.ratis.thirdparty.io.grpc.ForwardingClientCallListener$SimpleForwardingClientCallListener.onClose(ForwardingClientCallListener.java:40)
	at org.apache.ratis.thirdparty.io.grpc.internal.CensusTracingModule$TracingClientInterceptor$1$1.onClose(CensusTracingModule.java:397)
	at org.apache.ratis.thirdparty.io.grpc.internal.ClientCallImpl.closeObserver(ClientCallImpl.java:459)
	at org.apache.ratis.thirdparty.io.grpc.internal.ClientCallImpl.access$300(ClientCallImpl.java:63)
	at org.apache.ratis.thirdparty.io.grpc.internal.ClientCallImpl$ClientStreamListenerImpl.close(ClientCallImpl.java:546)
	at org.apache.ratis.thirdparty.io.grpc.internal.ClientCallImpl$ClientStreamListenerImpl.access$600(ClientCallImpl.java:467)
	at org.apache.ratis.thirdparty.io.grpc.internal.ClientCallImpl$ClientStreamListenerImpl$1StreamClosed.runInContext(ClientCallImpl.java:584)
	at org.apache.ratis.thirdparty.io.grpc.internal.ContextRunnable.run(ContextRunnable.java:37)
	at org.apache.ratis.thirdparty.io.grpc.internal.SerializingExecutor.run(SerializingExecutor.java:123)
	at java.util.concurrent.ThreadPoolExecutor.runWorker(ThreadPoolExecutor.java:1149)
	at java.util.concurrent.ThreadPoolExecutor$Worker.run(ThreadPoolExecutor.java:624)
	at java.lang.Thread.run(Thread.java:748)

]]></system-err>
  </testcase>
</testsuite>