<?xml version="1.0" encoding="UTF-8"?>
<testsuite xmlns:xsi="http://www.w3.org/2001/XMLSchema-instance" xsi:noNamespaceSchemaLocation="https://maven.apache.org/surefire/maven-surefire-plugin/xsd/surefire-test-report.xsd" name="org.apache.hadoop.ozone.client.rpc.TestFailureHandlingByClient" time="299.821" tests="5" errors="0" skipped="0" failures="1">
  <properties>
    <property name="awt.toolkit" value="sun.awt.X11.XToolkit"/>
    <property name="file.encoding.pkg" value="sun.io"/>
    <property name="java.specification.version" value="1.8"/>
    <property name="sun.cpu.isalist" value=""/>
    <property name="sun.jnu.encoding" value="ANSI_X3.4-1968"/>
    <property name="java.class.path" value="/workdir/hadoop-ozone/integration-test/target/test-classes:/workdir/hadoop-ozone/integration-test/target/classes:/home/user/.m2/repository/org/apache/hadoop/hadoop-ozone-common/0.5.0-SNAPSHOT/hadoop-ozone-common-0.5.0-SNAPSHOT.jar:/home/user/.m2/repository/org/apache/commons/commons-compress/1.4.1/commons-compress-1.4.1.jar:/home/user/.m2/repository/org/tukaani/xz/1.0/xz-1.0.jar:/home/user/.m2/repository/org/apache/hadoop/hadoop-common/3.2.0/hadoop-common-3.2.0.jar:/home/user/.m2/repository/org/apache/hadoop/hadoop-hdfs/3.2.0/hadoop-hdfs-3.2.0.jar:/home/user/.m2/repository/org/apache/hadoop/hadoop-hdfs-client/3.2.0/hadoop-hdfs-client-3.2.0.jar:/home/user/.m2/repository/com/fasterxml/jackson/core/jackson-annotations/2.9.9/jackson-annotations-2.9.9.jar:/home/user/.m2/repository/org/apache/hadoop/hadoop-hdds-common/0.5.0-SNAPSHOT/hadoop-hdds-common-0.5.0-SNAPSHOT.jar:/home/user/.m2/repository/javax/annotation/javax.annotation-api/1.2/javax.annotation-api-1.2.jar:/home/user/.m2/repository/org/apache/ratis/ratis-server/0.5.0-3f446aa-SNAPSHOT/ratis-server-0.5.0-3f446aa-SNAPSHOT.jar:/home/user/.m2/repository/org/apache/ratis/ratis-thirdparty-misc/0.2.0/ratis-thirdparty-misc-0.2.0.jar:/home/user/.m2/repository/org/apache/ratis/ratis-proto/0.5.0-3f446aa-SNAPSHOT/ratis-proto-0.5.0-3f446aa-SNAPSHOT.jar:/home/user/.m2/repository/org/apache/ratis/ratis-common/0.5.0-3f446aa-SNAPSHOT/ratis-common-0.5.0-3f446aa-SNAPSHOT.jar:/home/user/.m2/repository/org/apache/ratis/ratis-client/0.5.0-3f446aa-SNAPSHOT/ratis-client-0.5.0-3f446aa-SNAPSHOT.jar:/home/user/.m2/repository/org/apache/ratis/ratis-metrics/0.5.0-3f446aa-SNAPSHOT/ratis-metrics-0.5.0-3f446aa-SNAPSHOT.jar:/home/user/.m2/repository/com/github/joshelser/dropwizard-metrics-hadoop-metrics2-reporter/0.1.2/dropwizard-metrics-hadoop-metrics2-reporter-0.1.2.jar:/home/user/.m2/repository/io/dropwizard/metrics/metrics-jvm/3.2.5/metrics-jvm-3.2.5.jar:/home/user/.m2/repository/io/dropwizard/metrics/metrics-ganglia/3.2.5/metrics-ganglia-3.2.5.jar:/home/user/.m2/repository/info/ganglia/gmetric4j/gmetric4j/1.0.7/gmetric4j-1.0.7.jar:/home/user/.m2/repository/org/apache/ratis/ratis-netty/0.5.0-3f446aa-SNAPSHOT/ratis-netty-0.5.0-3f446aa-SNAPSHOT.jar:/home/user/.m2/repository/org/apache/ratis/ratis-grpc/0.5.0-3f446aa-SNAPSHOT/ratis-grpc-0.5.0-3f446aa-SNAPSHOT.jar:/home/user/.m2/repository/org/rocksdb/rocksdbjni/6.0.1/rocksdbjni-6.0.1.jar:/home/user/.m2/repository/org/apache/logging/log4j/log4j-api/2.11.0/log4j-api-2.11.0.jar:/home/user/.m2/repository/org/apache/logging/log4j/log4j-core/2.11.0/log4j-core-2.11.0.jar:/home/user/.m2/repository/com/lmax/disruptor/3.4.2/disruptor-3.4.2.jar:/home/user/.m2/repository/org/apache/commons/commons-pool2/2.6.0/commons-pool2-2.6.0.jar:/home/user/.m2/repository/org/bouncycastle/bcpkix-jdk15on/1.60/bcpkix-jdk15on-1.60.jar:/home/user/.m2/repository/commons-validator/commons-validator/1.6/commons-validator-1.6.jar:/home/user/.m2/repository/commons-digester/commons-digester/1.8.1/commons-digester-1.8.1.jar:/home/user/.m2/repository/io/jaegertracing/jaeger-client/0.34.0/jaeger-client-0.34.0.jar:/home/user/.m2/repository/io/jaegertracing/jaeger-thrift/0.34.0/jaeger-thrift-0.34.0.jar:/home/user/.m2/repository/org/apache/thrift/libthrift/0.12.0/libthrift-0.12.0.jar:/home/user/.m2/repository/com/squareup/okhttp3/okhttp/3.9.0/okhttp-3.9.0.jar:/home/user/.m2/repository/com/squareup/okio/okio/1.13.0/okio-1.13.0.jar:/home/user/.m2/repository/io/jaegertracing/jaeger-core/0.34.0/jaeger-core-0.34.0.jar:/home/user/.m2/repository/io/jaegertracing/jaeger-tracerresolver/0.34.0/jaeger-tracerresolver-0.34.0.jar:/home/user/.m2/repository/io/opentracing/contrib/opentracing-tracerresolver/0.1.5/opentracing-tracerresolver-0.1.5.jar:/home/user/.m2/repository/io/opentracing/opentracing-util/0.31.0/opentracing-util-0.31.0.jar:/home/user/.m2/repository/io/opentracing/opentracing-api/0.31.0/opentracing-api-0.31.0.jar:/home/user/.m2/repository/io/opentracing/opentracing-noop/0.31.0/opentracing-noop-0.31.0.jar:/home/user/.m2/repository/org/apache/hadoop/hadoop-hdds-server-framework/0.5.0-SNAPSHOT/hadoop-hdds-server-framework-0.5.0-SNAPSHOT.jar:/home/user/.m2/repository/org/apache/hadoop/hadoop-hdds-container-service/0.5.0-SNAPSHOT/hadoop-hdds-container-service-0.5.0-SNAPSHOT.jar:/home/user/.m2/repository/org/apache/hadoop/hadoop-hdds-client/0.5.0-SNAPSHOT/hadoop-hdds-client-0.5.0-SNAPSHOT.jar:/home/user/.m2/repository/org/apache/hadoop/hadoop-hdds-tools/0.5.0-SNAPSHOT/hadoop-hdds-tools-0.5.0-SNAPSHOT.jar:/home/user/.m2/repository/org/apache/hadoop/hadoop-hdds-server-scm/0.5.0-SNAPSHOT/hadoop-hdds-server-scm-0.5.0-SNAPSHOT.jar:/home/user/.m2/repository/org/apache/hadoop/hadoop-hdds-docs/0.5.0-SNAPSHOT/hadoop-hdds-docs-0.5.0-SNAPSHOT.jar:/home/user/.m2/repository/io/dropwizard/metrics/metrics-core/3.2.4/metrics-core-3.2.4.jar:/home/user/.m2/repository/org/hamcrest/hamcrest-all/1.3/hamcrest-all-1.3.jar:/home/user/.m2/repository/org/bouncycastle/bcprov-jdk15on/1.60/bcprov-jdk15on-1.60.jar:/home/user/.m2/repository/info/picocli/picocli/3.9.6/picocli-3.9.6.jar:/home/user/.m2/repository/com/google/protobuf/protobuf-java/2.5.0/protobuf-java-2.5.0.jar:/home/user/.m2/repository/com/google/guava/guava/11.0.2/guava-11.0.2.jar:/home/user/.m2/repository/org/apache/hadoop/hadoop-ozone-ozone-manager/0.5.0-SNAPSHOT/hadoop-ozone-ozone-manager-0.5.0-SNAPSHOT.jar:/home/user/.m2/repository/org/apache/hadoop/hadoop-minikdc/3.2.0/hadoop-minikdc-3.2.0.jar:/home/user/.m2/repository/commons-io/commons-io/2.5/commons-io-2.5.jar:/home/user/.m2/repository/org/apache/kerby/kerb-simplekdc/1.0.1/kerb-simplekdc-1.0.1.jar:/home/user/.m2/repository/org/apache/kerby/kerb-client/1.0.1/kerb-client-1.0.1.jar:/home/user/.m2/repository/org/apache/kerby/kerby-config/1.0.1/kerby-config-1.0.1.jar:/home/user/.m2/repository/org/apache/kerby/kerb-core/1.0.1/kerb-core-1.0.1.jar:/home/user/.m2/repository/org/apache/kerby/kerby-pkix/1.0.1/kerby-pkix-1.0.1.jar:/home/user/.m2/repository/org/apache/kerby/kerby-asn1/1.0.1/kerby-asn1-1.0.1.jar:/home/user/.m2/repository/org/apache/kerby/kerby-util/1.0.1/kerby-util-1.0.1.jar:/home/user/.m2/repository/org/apache/kerby/kerb-common/1.0.1/kerb-common-1.0.1.jar:/home/user/.m2/repository/org/apache/kerby/kerb-crypto/1.0.1/kerb-crypto-1.0.1.jar:/home/user/.m2/repository/org/apache/kerby/kerb-util/1.0.1/kerb-util-1.0.1.jar:/home/user/.m2/repository/org/apache/kerby/token-provider/1.0.1/token-provider-1.0.1.jar:/home/user/.m2/repository/org/apache/kerby/kerb-admin/1.0.1/kerb-admin-1.0.1.jar:/home/user/.m2/repository/org/apache/kerby/kerb-server/1.0.1/kerb-server-1.0.1.jar:/home/user/.m2/repository/org/apache/kerby/kerb-identity/1.0.1/kerb-identity-1.0.1.jar:/home/user/.m2/repository/org/apache/kerby/kerby-xdr/1.0.1/kerby-xdr-1.0.1.jar:/home/user/.m2/repository/org/slf4j/slf4j-log4j12/1.7.25/slf4j-log4j12-1.7.25.jar:/home/user/.m2/repository/org/apache/hadoop/hadoop-ozone-s3gateway/0.5.0-SNAPSHOT/hadoop-ozone-s3gateway-0.5.0-SNAPSHOT.jar:/home/user/.m2/repository/org/jboss/weld/servlet/weld-servlet/2.4.7.Final/weld-servlet-2.4.7.Final.jar:/home/user/.m2/repository/org/glassfish/jersey/containers/jersey-container-servlet-core/2.27/jersey-container-servlet-core-2.27.jar:/home/user/.m2/repository/org/glassfish/hk2/external/javax.inject/2.5.0-b42/javax.inject-2.5.0-b42.jar:/home/user/.m2/repository/org/glassfish/jersey/core/jersey-common/2.27/jersey-common-2.27.jar:/home/user/.m2/repository/org/glassfish/hk2/osgi-resource-locator/1.0.1/osgi-resource-locator-1.0.1.jar:/home/user/.m2/repository/javax/ws/rs/javax.ws.rs-api/2.1/javax.ws.rs-api-2.1.jar:/home/user/.m2/repository/org/glassfish/jersey/ext/cdi/jersey-cdi1x/2.27/jersey-cdi1x-2.27.jar:/home/user/.m2/repository/org/glassfish/jersey/inject/jersey-hk2/2.27/jersey-hk2-2.27.jar:/home/user/.m2/repository/org/glassfish/hk2/hk2-locator/2.5.0-b42/hk2-locator-2.5.0-b42.jar:/home/user/.m2/repository/org/javassist/javassist/3.22.0-CR2/javassist-3.22.0-CR2.jar:/home/user/.m2/repository/org/glassfish/hk2/hk2-api/2.5.0/hk2-api-2.5.0.jar:/home/user/.m2/repository/org/glassfish/hk2/external/jakarta.inject/2.5.0/jakarta.inject-2.5.0.jar:/home/user/.m2/repository/org/glassfish/hk2/hk2-utils/2.5.0/hk2-utils-2.5.0.jar:/home/user/.m2/repository/jakarta/annotation/jakarta.annotation-api/1.3.4/jakarta.annotation-api-1.3.4.jar:/home/user/.m2/repository/org/glassfish/hk2/external/aopalliance-repackaged/2.5.0/aopalliance-repackaged-2.5.0.jar:/home/user/.m2/repository/com/fasterxml/jackson/dataformat/jackson-dataformat-xml/2.9.0/jackson-dataformat-xml-2.9.0.jar:/home/user/.m2/repository/com/fasterxml/jackson/core/jackson-core/2.9.9/jackson-core-2.9.9.jar:/home/user/.m2/repository/com/fasterxml/jackson/module/jackson-module-jaxb-annotations/2.9.9/jackson-module-jaxb-annotations-2.9.9.jar:/home/user/.m2/repository/javax/enterprise/cdi-api/1.2/cdi-api-1.2.jar:/home/user/.m2/repository/javax/el/javax.el-api/3.0.0/javax.el-api-3.0.0.jar:/home/user/.m2/repository/javax/interceptor/javax.interceptor-api/1.2/javax.interceptor-api-1.2.jar:/home/user/.m2/repository/javax/inject/javax.inject/1/javax.inject-1.jar:/home/user/.m2/repository/com/sun/xml/bind/jaxb-impl/2.3.0.1/jaxb-impl-2.3.0.1.jar:/home/user/.m2/repository/com/sun/xml/bind/jaxb-core/2.3.0.1/jaxb-core-2.3.0.1.jar:/home/user/.m2/repository/javax/xml/bind/jaxb-api/2.3.0/jaxb-api-2.3.0.jar:/home/user/.m2/repository/javax/activation/activation/1.1.1/activation-1.1.1.jar:/home/user/.m2/repository/org/apache/hadoop/hadoop-ozone-csi/0.5.0-SNAPSHOT/hadoop-ozone-csi-0.5.0-SNAPSHOT.jar:/home/user/.m2/repository/com/google/protobuf/protobuf-java-util/3.5.1/protobuf-java-util-3.5.1.jar:/home/user/.m2/repository/org/apache/hadoop/hadoop-hdds-config/0.5.0-SNAPSHOT/hadoop-hdds-config-0.5.0-SNAPSHOT.jar:/home/user/.m2/repository/io/grpc/grpc-netty/1.17.1/grpc-netty-1.17.1.jar:/home/user/.m2/repository/io/grpc/grpc-core/1.17.1/grpc-core-1.17.1.jar:/home/user/.m2/repository/io/grpc/grpc-context/1.17.1/grpc-context-1.17.1.jar:/home/user/.m2/repository/com/google/errorprone/error_prone_annotations/2.2.0/error_prone_annotations-2.2.0.jar:/home/user/.m2/repository/org/codehaus/mojo/animal-sniffer-annotations/1.17/animal-sniffer-annotations-1.17.jar:/home/user/.m2/repository/io/opencensus/opencensus-api/0.17.0/opencensus-api-0.17.0.jar:/home/user/.m2/repository/io/opencensus/opencensus-contrib-grpc-metrics/0.17.0/opencensus-contrib-grpc-metrics-0.17.0.jar:/home/user/.m2/repository/io/netty/netty-codec-http2/4.1.30.Final/netty-codec-http2-4.1.30.Final.jar:/home/user/.m2/repository/io/netty/netty-codec-http/4.1.30.Final/netty-codec-http-4.1.30.Final.jar:/home/user/.m2/repository/io/netty/netty-codec/4.1.30.Final/netty-codec-4.1.30.Final.jar:/home/user/.m2/repository/io/netty/netty-handler/4.1.30.Final/netty-handler-4.1.30.Final.jar:/home/user/.m2/repository/io/netty/netty-handler-proxy/4.1.30.Final/netty-handler-proxy-4.1.30.Final.jar:/home/user/.m2/repository/io/netty/netty-codec-socks/4.1.30.Final/netty-codec-socks-4.1.30.Final.jar:/home/user/.m2/repository/io/netty/netty-transport-native-epoll/4.1.30.Final/netty-transport-native-epoll-4.1.30.Final.jar:/home/user/.m2/repository/io/netty/netty-common/4.1.30.Final/netty-common-4.1.30.Final.jar:/home/user/.m2/repository/io/netty/netty-buffer/4.1.30.Final/netty-buffer-4.1.30.Final.jar:/home/user/.m2/repository/io/netty/netty-transport/4.1.30.Final/netty-transport-4.1.30.Final.jar:/home/user/.m2/repository/io/netty/netty-resolver/4.1.30.Final/netty-resolver-4.1.30.Final.jar:/home/user/.m2/repository/io/netty/netty-transport-native-unix-common/4.1.30.Final/netty-transport-native-unix-common-4.1.30.Final.jar:/home/user/.m2/repository/io/grpc/grpc-protobuf/1.17.1/grpc-protobuf-1.17.1.jar:/home/user/.m2/repository/com/google/api/grpc/proto-google-common-protos/1.0.0/proto-google-common-protos-1.0.0.jar:/home/user/.m2/repository/io/grpc/grpc-protobuf-lite/1.17.1/grpc-protobuf-lite-1.17.1.jar:/home/user/.m2/repository/io/grpc/grpc-stub/1.17.1/grpc-stub-1.17.1.jar:/home/user/.m2/repository/org/apache/hadoop/hadoop-ozone-recon/0.5.0-SNAPSHOT/hadoop-ozone-recon-0.5.0-SNAPSHOT.jar:/home/user/.m2/repository/org/apache/hadoop/hadoop-ozone-reconcodegen/0.5.0-SNAPSHOT/hadoop-ozone-reconcodegen-0.5.0-SNAPSHOT.jar:/home/user/.m2/repository/com/google/inject/extensions/guice-multibindings/4.0/guice-multibindings-4.0.jar:/home/user/.m2/repository/com/google/inject/guice/4.0/guice-4.0.jar:/home/user/.m2/repository/aopalliance/aopalliance/1.0/aopalliance-1.0.jar:/home/user/.m2/repository/com/google/inject/extensions/guice-servlet/4.0/guice-servlet-4.0.jar:/home/user/.m2/repository/org/glassfish/jersey/containers/jersey-container-servlet/2.27/jersey-container-servlet-2.27.jar:/home/user/.m2/repository/org/glassfish/hk2/guice-bridge/2.5.0/guice-bridge-2.5.0.jar:/home/user/.m2/repository/org/glassfish/jersey/core/jersey-server/2.27/jersey-server-2.27.jar:/home/user/.m2/repository/org/glassfish/jersey/core/jersey-client/2.27/jersey-client-2.27.jar:/home/user/.m2/repository/org/glassfish/jersey/media/jersey-media-jaxb/2.27/jersey-media-jaxb-2.27.jar:/home/user/.m2/repository/javax/validation/validation-api/1.1.0.Final/validation-api-1.1.0.Final.jar:/home/user/.m2/repository/org/glassfish/jersey/media/jersey-media-json-jackson/2.27/jersey-media-json-jackson-2.27.jar:/home/user/.m2/repository/org/glassfish/jersey/ext/jersey-entity-filtering/2.27/jersey-entity-filtering-2.27.jar:/home/user/.m2/repository/com/google/inject/extensions/guice-assistedinject/4.0/guice-assistedinject-4.0.jar:/home/user/.m2/repository/org/jooq/jooq/3.11.10/jooq-3.11.10.jar:/home/user/.m2/repository/org/jooq/jooq-meta/3.11.10/jooq-meta-3.11.10.jar:/home/user/.m2/repository/org/jooq/jooq-codegen/3.11.10/jooq-codegen-3.11.10.jar:/home/user/.m2/repository/com/jolbox/bonecp/0.8.0.RELEASE/bonecp-0.8.0.RELEASE.jar:/home/user/.m2/repository/org/xerial/sqlite-jdbc/3.25.2/sqlite-jdbc-3.25.2.jar:/home/user/.m2/repository/org/springframework/spring-jdbc/5.1.3.RELEASE/spring-jdbc-5.1.3.RELEASE.jar:/home/user/.m2/repository/org/springframework/spring-beans/5.1.3.RELEASE/spring-beans-5.1.3.RELEASE.jar:/home/user/.m2/repository/org/springframework/spring-core/5.1.3.RELEASE/spring-core-5.1.3.RELEASE.jar:/home/user/.m2/repository/org/springframework/spring-jcl/5.1.3.RELEASE/spring-jcl-5.1.3.RELEASE.jar:/home/user/.m2/repository/org/springframework/spring-tx/5.1.3.RELEASE/spring-tx-5.1.3.RELEASE.jar:/home/user/.m2/repository/org/apache/hadoop/hadoop-ozone-client/0.5.0-SNAPSHOT/hadoop-ozone-client-0.5.0-SNAPSHOT.jar:/home/user/.m2/repository/commons-lang/commons-lang/2.6/commons-lang-2.6.jar:/home/user/.m2/repository/org/apache/hadoop/hadoop-ozone-ozone-manager/0.5.0-SNAPSHOT/hadoop-ozone-ozone-manager-0.5.0-SNAPSHOT-tests.jar:/home/user/.m2/repository/junit/junit/4.11/junit-4.11.jar:/home/user/.m2/repository/org/hamcrest/hamcrest-core/1.3/hamcrest-core-1.3.jar:/home/user/.m2/repository/org/openjdk/jmh/jmh-core/1.19/jmh-core-1.19.jar:/home/user/.m2/repository/net/sf/jopt-simple/jopt-simple/4.6/jopt-simple-4.6.jar:/home/user/.m2/repository/org/apache/commons/commons-math3/3.1.1/commons-math3-3.1.1.jar:/home/user/.m2/repository/org/openjdk/jmh/jmh-generator-annprocess/1.19/jmh-generator-annprocess-1.19.jar:/home/user/.m2/repository/org/mockito/mockito-all/1.8.5/mockito-all-1.8.5.jar:/home/user/.m2/repository/org/apache/hadoop/hadoop-kms/3.2.0/hadoop-kms-3.2.0.jar:/home/user/.m2/repository/org/apache/hadoop/hadoop-auth/3.2.0/hadoop-auth-3.2.0.jar:/home/user/.m2/repository/com/nimbusds/nimbus-jose-jwt/4.41.1/nimbus-jose-jwt-4.41.1.jar:/home/user/.m2/repository/com/github/stephenc/jcip/jcip-annotations/1.0-1/jcip-annotations-1.0-1.jar:/home/user/.m2/repository/net/minidev/json-smart/2.3/json-smart-2.3.jar:/home/user/.m2/repository/net/minidev/accessors-smart/1.2/accessors-smart-1.2.jar:/home/user/.m2/repository/org/ow2/asm/asm/5.0.4/asm-5.0.4.jar:/home/user/.m2/repository/org/apache/curator/curator-framework/2.12.0/curator-framework-2.12.0.jar:/home/user/.m2/repository/com/sun/jersey/jersey-core/1.19/jersey-core-1.19.jar:/home/user/.m2/repository/javax/ws/rs/jsr311-api/1.1.1/jsr311-api-1.1.1.jar:/home/user/.m2/repository/com/sun/jersey/jersey-server/1.19/jersey-server-1.19.jar:/home/user/.m2/repository/javax/servlet/javax.servlet-api/3.1.0/javax.servlet-api-3.1.0.jar:/home/user/.m2/repository/org/eclipse/jetty/jetty-server/9.3.25.v20180904/jetty-server-9.3.25.v20180904.jar:/home/user/.m2/repository/org/eclipse/jetty/jetty-http/9.3.25.v20180904/jetty-http-9.3.25.v20180904.jar:/home/user/.m2/repository/org/eclipse/jetty/jetty-io/9.3.25.v20180904/jetty-io-9.3.25.v20180904.jar:/home/user/.m2/repository/org/eclipse/jetty/jetty-webapp/9.3.25.v20180904/jetty-webapp-9.3.25.v20180904.jar:/home/user/.m2/repository/org/eclipse/jetty/jetty-xml/9.3.25.v20180904/jetty-xml-9.3.25.v20180904.jar:/home/user/.m2/repository/log4j/log4j/1.2.17/log4j-1.2.17.jar:/home/user/.m2/repository/org/slf4j/slf4j-api/1.7.25/slf4j-api-1.7.25.jar:/home/user/.m2/repository/org/slf4j/jul-to-slf4j/1.7.25/jul-to-slf4j-1.7.25.jar:/home/user/.m2/repository/org/eclipse/jetty/jetty-util/9.3.25.v20180904/jetty-util-9.3.25.v20180904.jar:/home/user/.m2/repository/com/fasterxml/jackson/core/jackson-databind/2.9.9/jackson-databind-2.9.9.jar:/home/user/.m2/repository/org/apache/hadoop/hadoop-kms/3.2.0/hadoop-kms-3.2.0-tests.jar:/home/user/.m2/repository/org/apache/hadoop/hadoop-hdds-server-scm/0.5.0-SNAPSHOT/hadoop-hdds-server-scm-0.5.0-SNAPSHOT-tests.jar:/home/user/.m2/repository/org/apache/hadoop/hadoop-hdds-container-service/0.5.0-SNAPSHOT/hadoop-hdds-container-service-0.5.0-SNAPSHOT-tests.jar:/home/user/.m2/repository/org/yaml/snakeyaml/1.16/snakeyaml-1.16.jar:/home/user/.m2/repository/org/apache/hadoop/hadoop-common/3.2.0/hadoop-common-3.2.0-tests.jar:/home/user/.m2/repository/org/apache/hadoop/hadoop-annotations/3.2.0/hadoop-annotations-3.2.0.jar:/usr/lib/jvm/java-1.8.0-openjdk-1.8.0.222.b10-1.el7_7.x86_64/jre/../lib/tools.jar:/home/user/.m2/repository/commons-cli/commons-cli/1.2/commons-cli-1.2.jar:/home/user/.m2/repository/org/apache/httpcomponents/httpclient/4.5.2/httpclient-4.5.2.jar:/home/user/.m2/repository/org/apache/httpcomponents/httpcore/4.4.4/httpcore-4.4.4.jar:/home/user/.m2/repository/commons-codec/commons-codec/1.11/commons-codec-1.11.jar:/home/user/.m2/repository/commons-net/commons-net/3.6/commons-net-3.6.jar:/home/user/.m2/repository/commons-collections/commons-collections/3.2.2/commons-collections-3.2.2.jar:/home/user/.m2/repository/org/eclipse/jetty/jetty-servlet/9.3.25.v20180904/jetty-servlet-9.3.25.v20180904.jar:/home/user/.m2/repository/org/eclipse/jetty/jetty-security/9.3.25.v20180904/jetty-security-9.3.25.v20180904.jar:/home/user/.m2/repository/javax/servlet/jsp/jsp-api/2.1/jsp-api-2.1.jar:/home/user/.m2/repository/com/sun/jersey/jersey-servlet/1.19/jersey-servlet-1.19.jar:/home/user/.m2/repository/com/sun/jersey/jersey-json/1.19/jersey-json-1.19.jar:/home/user/.m2/repository/org/codehaus/jettison/jettison/1.1/jettison-1.1.jar:/home/user/.m2/repository/org/codehaus/jackson/jackson-core-asl/1.9.13/jackson-core-asl-1.9.13.jar:/home/user/.m2/repository/org/codehaus/jackson/jackson-mapper-asl/1.9.13/jackson-mapper-asl-1.9.13.jar:/home/user/.m2/repository/org/codehaus/jackson/jackson-jaxrs/1.9.13/jackson-jaxrs-1.9.13.jar:/home/user/.m2/repository/org/codehaus/jackson/jackson-xc/1.9.13/jackson-xc-1.9.13.jar:/home/user/.m2/repository/commons-logging/commons-logging/1.1.3/commons-logging-1.1.3.jar:/home/user/.m2/repository/commons-beanutils/commons-beanutils/1.9.4/commons-beanutils-1.9.4.jar:/home/user/.m2/repository/org/apache/commons/commons-configuration2/2.1.1/commons-configuration2-2.1.1.jar:/home/user/.m2/repository/org/apache/commons/commons-lang3/3.7/commons-lang3-3.7.jar:/home/user/.m2/repository/org/apache/commons/commons-text/1.4/commons-text-1.4.jar:/home/user/.m2/repository/org/apache/avro/avro/1.7.7/avro-1.7.7.jar:/home/user/.m2/repository/com/thoughtworks/paranamer/paranamer/2.3/paranamer-2.3.jar:/home/user/.m2/repository/org/xerial/snappy/snappy-java/1.0.5/snappy-java-1.0.5.jar:/home/user/.m2/repository/com/google/re2j/re2j/1.1/re2j-1.1.jar:/home/user/.m2/repository/com/google/code/gson/gson/2.2.4/gson-2.2.4.jar:/home/user/.m2/repository/com/jcraft/jsch/0.1.54/jsch-0.1.54.jar:/home/user/.m2/repository/org/apache/curator/curator-client/2.12.0/curator-client-2.12.0.jar:/home/user/.m2/repository/org/apache/curator/curator-recipes/2.12.0/curator-recipes-2.12.0.jar:/home/user/.m2/repository/com/google/code/findbugs/jsr305/3.0.0/jsr305-3.0.0.jar:/home/user/.m2/repository/org/apache/htrace/htrace-core4/4.1.0-incubating/htrace-core4-4.1.0-incubating.jar:/home/user/.m2/repository/org/apache/zookeeper/zookeeper/3.4.13/zookeeper-3.4.13.jar:/home/user/.m2/repository/jline/jline/0.9.94/jline-0.9.94.jar:/home/user/.m2/repository/org/apache/yetus/audience-annotations/0.5.0/audience-annotations-0.5.0.jar:/home/user/.m2/repository/org/codehaus/woodstox/stax2-api/3.1.4/stax2-api-3.1.4.jar:/home/user/.m2/repository/com/fasterxml/woodstox/woodstox-core/5.0.3/woodstox-core-5.0.3.jar:/home/user/.m2/repository/dnsjava/dnsjava/2.1.7/dnsjava-2.1.7.jar:/home/user/.m2/repository/org/apache/hadoop/hadoop-hdfs/3.2.0/hadoop-hdfs-3.2.0-tests.jar:/home/user/.m2/repository/org/eclipse/jetty/jetty-util-ajax/9.3.25.v20180904/jetty-util-ajax-9.3.25.v20180904.jar:/home/user/.m2/repository/commons-daemon/commons-daemon/1.0.13/commons-daemon-1.0.13.jar:/home/user/.m2/repository/io/netty/netty/3.10.5.Final/netty-3.10.5.Final.jar:/home/user/.m2/repository/io/netty/netty-all/4.0.52.Final/netty-all-4.0.52.Final.jar:/home/user/.m2/repository/org/fusesource/leveldbjni/leveldbjni-all/1.8/leveldbjni-all-1.8.jar:"/>
    <property name="java.vm.vendor" value="Oracle Corporation"/>
    <property name="sun.arch.data.model" value="64"/>
    <property name="test.build.dir" value="/workdir/hadoop-ozone/integration-test/target/test-dir"/>
    <property name="test.cache.data" value=""/>
    <property name="java.vendor.url" value="http://java.oracle.com/"/>
    <property name="user.timezone" value=""/>
    <property name="java.vm.specification.version" value="1.8"/>
    <property name="os.name" value="Linux"/>
    <property name="test.build.data" value="/workdir/hadoop-ozone/integration-test/target/test-dir"/>
    <property name="user.country" value="US"/>
    <property name="sun.java.launcher" value="SUN_STANDARD"/>
    <property name="sun.boot.library.path" value="/usr/lib/jvm/java-1.8.0-openjdk-1.8.0.222.b10-1.el7_7.x86_64/jre/lib/amd64"/>
    <property name="sun.java.command" value="/workdir/hadoop-ozone/integration-test/target/surefire/surefirebooter3223721228164236295.jar /workdir/hadoop-ozone/integration-test/target/surefire 2019-11-05T07-31-44_498-jvmRun1 surefire6021819398746856116tmp surefire_527590209048782099463tmp"/>
    <property name="surefire.test.class.path" value="/workdir/hadoop-ozone/integration-test/target/test-classes:/workdir/hadoop-ozone/integration-test/target/classes:/home/user/.m2/repository/org/apache/hadoop/hadoop-ozone-common/0.5.0-SNAPSHOT/hadoop-ozone-common-0.5.0-SNAPSHOT.jar:/home/user/.m2/repository/org/apache/commons/commons-compress/1.4.1/commons-compress-1.4.1.jar:/home/user/.m2/repository/org/tukaani/xz/1.0/xz-1.0.jar:/home/user/.m2/repository/org/apache/hadoop/hadoop-common/3.2.0/hadoop-common-3.2.0.jar:/home/user/.m2/repository/org/apache/hadoop/hadoop-hdfs/3.2.0/hadoop-hdfs-3.2.0.jar:/home/user/.m2/repository/org/apache/hadoop/hadoop-hdfs-client/3.2.0/hadoop-hdfs-client-3.2.0.jar:/home/user/.m2/repository/com/fasterxml/jackson/core/jackson-annotations/2.9.9/jackson-annotations-2.9.9.jar:/home/user/.m2/repository/org/apache/hadoop/hadoop-hdds-common/0.5.0-SNAPSHOT/hadoop-hdds-common-0.5.0-SNAPSHOT.jar:/home/user/.m2/repository/javax/annotation/javax.annotation-api/1.2/javax.annotation-api-1.2.jar:/home/user/.m2/repository/org/apache/ratis/ratis-server/0.5.0-3f446aa-SNAPSHOT/ratis-server-0.5.0-3f446aa-SNAPSHOT.jar:/home/user/.m2/repository/org/apache/ratis/ratis-thirdparty-misc/0.2.0/ratis-thirdparty-misc-0.2.0.jar:/home/user/.m2/repository/org/apache/ratis/ratis-proto/0.5.0-3f446aa-SNAPSHOT/ratis-proto-0.5.0-3f446aa-SNAPSHOT.jar:/home/user/.m2/repository/org/apache/ratis/ratis-common/0.5.0-3f446aa-SNAPSHOT/ratis-common-0.5.0-3f446aa-SNAPSHOT.jar:/home/user/.m2/repository/org/apache/ratis/ratis-client/0.5.0-3f446aa-SNAPSHOT/ratis-client-0.5.0-3f446aa-SNAPSHOT.jar:/home/user/.m2/repository/org/apache/ratis/ratis-metrics/0.5.0-3f446aa-SNAPSHOT/ratis-metrics-0.5.0-3f446aa-SNAPSHOT.jar:/home/user/.m2/repository/com/github/joshelser/dropwizard-metrics-hadoop-metrics2-reporter/0.1.2/dropwizard-metrics-hadoop-metrics2-reporter-0.1.2.jar:/home/user/.m2/repository/io/dropwizard/metrics/metrics-jvm/3.2.5/metrics-jvm-3.2.5.jar:/home/user/.m2/repository/io/dropwizard/metrics/metrics-ganglia/3.2.5/metrics-ganglia-3.2.5.jar:/home/user/.m2/repository/info/ganglia/gmetric4j/gmetric4j/1.0.7/gmetric4j-1.0.7.jar:/home/user/.m2/repository/org/apache/ratis/ratis-netty/0.5.0-3f446aa-SNAPSHOT/ratis-netty-0.5.0-3f446aa-SNAPSHOT.jar:/home/user/.m2/repository/org/apache/ratis/ratis-grpc/0.5.0-3f446aa-SNAPSHOT/ratis-grpc-0.5.0-3f446aa-SNAPSHOT.jar:/home/user/.m2/repository/org/rocksdb/rocksdbjni/6.0.1/rocksdbjni-6.0.1.jar:/home/user/.m2/repository/org/apache/logging/log4j/log4j-api/2.11.0/log4j-api-2.11.0.jar:/home/user/.m2/repository/org/apache/logging/log4j/log4j-core/2.11.0/log4j-core-2.11.0.jar:/home/user/.m2/repository/com/lmax/disruptor/3.4.2/disruptor-3.4.2.jar:/home/user/.m2/repository/org/apache/commons/commons-pool2/2.6.0/commons-pool2-2.6.0.jar:/home/user/.m2/repository/org/bouncycastle/bcpkix-jdk15on/1.60/bcpkix-jdk15on-1.60.jar:/home/user/.m2/repository/commons-validator/commons-validator/1.6/commons-validator-1.6.jar:/home/user/.m2/repository/commons-digester/commons-digester/1.8.1/commons-digester-1.8.1.jar:/home/user/.m2/repository/io/jaegertracing/jaeger-client/0.34.0/jaeger-client-0.34.0.jar:/home/user/.m2/repository/io/jaegertracing/jaeger-thrift/0.34.0/jaeger-thrift-0.34.0.jar:/home/user/.m2/repository/org/apache/thrift/libthrift/0.12.0/libthrift-0.12.0.jar:/home/user/.m2/repository/com/squareup/okhttp3/okhttp/3.9.0/okhttp-3.9.0.jar:/home/user/.m2/repository/com/squareup/okio/okio/1.13.0/okio-1.13.0.jar:/home/user/.m2/repository/io/jaegertracing/jaeger-core/0.34.0/jaeger-core-0.34.0.jar:/home/user/.m2/repository/io/jaegertracing/jaeger-tracerresolver/0.34.0/jaeger-tracerresolver-0.34.0.jar:/home/user/.m2/repository/io/opentracing/contrib/opentracing-tracerresolver/0.1.5/opentracing-tracerresolver-0.1.5.jar:/home/user/.m2/repository/io/opentracing/opentracing-util/0.31.0/opentracing-util-0.31.0.jar:/home/user/.m2/repository/io/opentracing/opentracing-api/0.31.0/opentracing-api-0.31.0.jar:/home/user/.m2/repository/io/opentracing/opentracing-noop/0.31.0/opentracing-noop-0.31.0.jar:/home/user/.m2/repository/org/apache/hadoop/hadoop-hdds-server-framework/0.5.0-SNAPSHOT/hadoop-hdds-server-framework-0.5.0-SNAPSHOT.jar:/home/user/.m2/repository/org/apache/hadoop/hadoop-hdds-container-service/0.5.0-SNAPSHOT/hadoop-hdds-container-service-0.5.0-SNAPSHOT.jar:/home/user/.m2/repository/org/apache/hadoop/hadoop-hdds-client/0.5.0-SNAPSHOT/hadoop-hdds-client-0.5.0-SNAPSHOT.jar:/home/user/.m2/repository/org/apache/hadoop/hadoop-hdds-tools/0.5.0-SNAPSHOT/hadoop-hdds-tools-0.5.0-SNAPSHOT.jar:/home/user/.m2/repository/org/apache/hadoop/hadoop-hdds-server-scm/0.5.0-SNAPSHOT/hadoop-hdds-server-scm-0.5.0-SNAPSHOT.jar:/home/user/.m2/repository/org/apache/hadoop/hadoop-hdds-docs/0.5.0-SNAPSHOT/hadoop-hdds-docs-0.5.0-SNAPSHOT.jar:/home/user/.m2/repository/io/dropwizard/metrics/metrics-core/3.2.4/metrics-core-3.2.4.jar:/home/user/.m2/repository/org/hamcrest/hamcrest-all/1.3/hamcrest-all-1.3.jar:/home/user/.m2/repository/org/bouncycastle/bcprov-jdk15on/1.60/bcprov-jdk15on-1.60.jar:/home/user/.m2/repository/info/picocli/picocli/3.9.6/picocli-3.9.6.jar:/home/user/.m2/repository/com/google/protobuf/protobuf-java/2.5.0/protobuf-java-2.5.0.jar:/home/user/.m2/repository/com/google/guava/guava/11.0.2/guava-11.0.2.jar:/home/user/.m2/repository/org/apache/hadoop/hadoop-ozone-ozone-manager/0.5.0-SNAPSHOT/hadoop-ozone-ozone-manager-0.5.0-SNAPSHOT.jar:/home/user/.m2/repository/org/apache/hadoop/hadoop-minikdc/3.2.0/hadoop-minikdc-3.2.0.jar:/home/user/.m2/repository/commons-io/commons-io/2.5/commons-io-2.5.jar:/home/user/.m2/repository/org/apache/kerby/kerb-simplekdc/1.0.1/kerb-simplekdc-1.0.1.jar:/home/user/.m2/repository/org/apache/kerby/kerb-client/1.0.1/kerb-client-1.0.1.jar:/home/user/.m2/repository/org/apache/kerby/kerby-config/1.0.1/kerby-config-1.0.1.jar:/home/user/.m2/repository/org/apache/kerby/kerb-core/1.0.1/kerb-core-1.0.1.jar:/home/user/.m2/repository/org/apache/kerby/kerby-pkix/1.0.1/kerby-pkix-1.0.1.jar:/home/user/.m2/repository/org/apache/kerby/kerby-asn1/1.0.1/kerby-asn1-1.0.1.jar:/home/user/.m2/repository/org/apache/kerby/kerby-util/1.0.1/kerby-util-1.0.1.jar:/home/user/.m2/repository/org/apache/kerby/kerb-common/1.0.1/kerb-common-1.0.1.jar:/home/user/.m2/repository/org/apache/kerby/kerb-crypto/1.0.1/kerb-crypto-1.0.1.jar:/home/user/.m2/repository/org/apache/kerby/kerb-util/1.0.1/kerb-util-1.0.1.jar:/home/user/.m2/repository/org/apache/kerby/token-provider/1.0.1/token-provider-1.0.1.jar:/home/user/.m2/repository/org/apache/kerby/kerb-admin/1.0.1/kerb-admin-1.0.1.jar:/home/user/.m2/repository/org/apache/kerby/kerb-server/1.0.1/kerb-server-1.0.1.jar:/home/user/.m2/repository/org/apache/kerby/kerb-identity/1.0.1/kerb-identity-1.0.1.jar:/home/user/.m2/repository/org/apache/kerby/kerby-xdr/1.0.1/kerby-xdr-1.0.1.jar:/home/user/.m2/repository/org/slf4j/slf4j-log4j12/1.7.25/slf4j-log4j12-1.7.25.jar:/home/user/.m2/repository/org/apache/hadoop/hadoop-ozone-s3gateway/0.5.0-SNAPSHOT/hadoop-ozone-s3gateway-0.5.0-SNAPSHOT.jar:/home/user/.m2/repository/org/jboss/weld/servlet/weld-servlet/2.4.7.Final/weld-servlet-2.4.7.Final.jar:/home/user/.m2/repository/org/glassfish/jersey/containers/jersey-container-servlet-core/2.27/jersey-container-servlet-core-2.27.jar:/home/user/.m2/repository/org/glassfish/hk2/external/javax.inject/2.5.0-b42/javax.inject-2.5.0-b42.jar:/home/user/.m2/repository/org/glassfish/jersey/core/jersey-common/2.27/jersey-common-2.27.jar:/home/user/.m2/repository/org/glassfish/hk2/osgi-resource-locator/1.0.1/osgi-resource-locator-1.0.1.jar:/home/user/.m2/repository/javax/ws/rs/javax.ws.rs-api/2.1/javax.ws.rs-api-2.1.jar:/home/user/.m2/repository/org/glassfish/jersey/ext/cdi/jersey-cdi1x/2.27/jersey-cdi1x-2.27.jar:/home/user/.m2/repository/org/glassfish/jersey/inject/jersey-hk2/2.27/jersey-hk2-2.27.jar:/home/user/.m2/repository/org/glassfish/hk2/hk2-locator/2.5.0-b42/hk2-locator-2.5.0-b42.jar:/home/user/.m2/repository/org/javassist/javassist/3.22.0-CR2/javassist-3.22.0-CR2.jar:/home/user/.m2/repository/org/glassfish/hk2/hk2-api/2.5.0/hk2-api-2.5.0.jar:/home/user/.m2/repository/org/glassfish/hk2/external/jakarta.inject/2.5.0/jakarta.inject-2.5.0.jar:/home/user/.m2/repository/org/glassfish/hk2/hk2-utils/2.5.0/hk2-utils-2.5.0.jar:/home/user/.m2/repository/jakarta/annotation/jakarta.annotation-api/1.3.4/jakarta.annotation-api-1.3.4.jar:/home/user/.m2/repository/org/glassfish/hk2/external/aopalliance-repackaged/2.5.0/aopalliance-repackaged-2.5.0.jar:/home/user/.m2/repository/com/fasterxml/jackson/dataformat/jackson-dataformat-xml/2.9.0/jackson-dataformat-xml-2.9.0.jar:/home/user/.m2/repository/com/fasterxml/jackson/core/jackson-core/2.9.9/jackson-core-2.9.9.jar:/home/user/.m2/repository/com/fasterxml/jackson/module/jackson-module-jaxb-annotations/2.9.9/jackson-module-jaxb-annotations-2.9.9.jar:/home/user/.m2/repository/javax/enterprise/cdi-api/1.2/cdi-api-1.2.jar:/home/user/.m2/repository/javax/el/javax.el-api/3.0.0/javax.el-api-3.0.0.jar:/home/user/.m2/repository/javax/interceptor/javax.interceptor-api/1.2/javax.interceptor-api-1.2.jar:/home/user/.m2/repository/javax/inject/javax.inject/1/javax.inject-1.jar:/home/user/.m2/repository/com/sun/xml/bind/jaxb-impl/2.3.0.1/jaxb-impl-2.3.0.1.jar:/home/user/.m2/repository/com/sun/xml/bind/jaxb-core/2.3.0.1/jaxb-core-2.3.0.1.jar:/home/user/.m2/repository/javax/xml/bind/jaxb-api/2.3.0/jaxb-api-2.3.0.jar:/home/user/.m2/repository/javax/activation/activation/1.1.1/activation-1.1.1.jar:/home/user/.m2/repository/org/apache/hadoop/hadoop-ozone-csi/0.5.0-SNAPSHOT/hadoop-ozone-csi-0.5.0-SNAPSHOT.jar:/home/user/.m2/repository/com/google/protobuf/protobuf-java-util/3.5.1/protobuf-java-util-3.5.1.jar:/home/user/.m2/repository/org/apache/hadoop/hadoop-hdds-config/0.5.0-SNAPSHOT/hadoop-hdds-config-0.5.0-SNAPSHOT.jar:/home/user/.m2/repository/io/grpc/grpc-netty/1.17.1/grpc-netty-1.17.1.jar:/home/user/.m2/repository/io/grpc/grpc-core/1.17.1/grpc-core-1.17.1.jar:/home/user/.m2/repository/io/grpc/grpc-context/1.17.1/grpc-context-1.17.1.jar:/home/user/.m2/repository/com/google/errorprone/error_prone_annotations/2.2.0/error_prone_annotations-2.2.0.jar:/home/user/.m2/repository/org/codehaus/mojo/animal-sniffer-annotations/1.17/animal-sniffer-annotations-1.17.jar:/home/user/.m2/repository/io/opencensus/opencensus-api/0.17.0/opencensus-api-0.17.0.jar:/home/user/.m2/repository/io/opencensus/opencensus-contrib-grpc-metrics/0.17.0/opencensus-contrib-grpc-metrics-0.17.0.jar:/home/user/.m2/repository/io/netty/netty-codec-http2/4.1.30.Final/netty-codec-http2-4.1.30.Final.jar:/home/user/.m2/repository/io/netty/netty-codec-http/4.1.30.Final/netty-codec-http-4.1.30.Final.jar:/home/user/.m2/repository/io/netty/netty-codec/4.1.30.Final/netty-codec-4.1.30.Final.jar:/home/user/.m2/repository/io/netty/netty-handler/4.1.30.Final/netty-handler-4.1.30.Final.jar:/home/user/.m2/repository/io/netty/netty-handler-proxy/4.1.30.Final/netty-handler-proxy-4.1.30.Final.jar:/home/user/.m2/repository/io/netty/netty-codec-socks/4.1.30.Final/netty-codec-socks-4.1.30.Final.jar:/home/user/.m2/repository/io/netty/netty-transport-native-epoll/4.1.30.Final/netty-transport-native-epoll-4.1.30.Final.jar:/home/user/.m2/repository/io/netty/netty-common/4.1.30.Final/netty-common-4.1.30.Final.jar:/home/user/.m2/repository/io/netty/netty-buffer/4.1.30.Final/netty-buffer-4.1.30.Final.jar:/home/user/.m2/repository/io/netty/netty-transport/4.1.30.Final/netty-transport-4.1.30.Final.jar:/home/user/.m2/repository/io/netty/netty-resolver/4.1.30.Final/netty-resolver-4.1.30.Final.jar:/home/user/.m2/repository/io/netty/netty-transport-native-unix-common/4.1.30.Final/netty-transport-native-unix-common-4.1.30.Final.jar:/home/user/.m2/repository/io/grpc/grpc-protobuf/1.17.1/grpc-protobuf-1.17.1.jar:/home/user/.m2/repository/com/google/api/grpc/proto-google-common-protos/1.0.0/proto-google-common-protos-1.0.0.jar:/home/user/.m2/repository/io/grpc/grpc-protobuf-lite/1.17.1/grpc-protobuf-lite-1.17.1.jar:/home/user/.m2/repository/io/grpc/grpc-stub/1.17.1/grpc-stub-1.17.1.jar:/home/user/.m2/repository/org/apache/hadoop/hadoop-ozone-recon/0.5.0-SNAPSHOT/hadoop-ozone-recon-0.5.0-SNAPSHOT.jar:/home/user/.m2/repository/org/apache/hadoop/hadoop-ozone-reconcodegen/0.5.0-SNAPSHOT/hadoop-ozone-reconcodegen-0.5.0-SNAPSHOT.jar:/home/user/.m2/repository/com/google/inject/extensions/guice-multibindings/4.0/guice-multibindings-4.0.jar:/home/user/.m2/repository/com/google/inject/guice/4.0/guice-4.0.jar:/home/user/.m2/repository/aopalliance/aopalliance/1.0/aopalliance-1.0.jar:/home/user/.m2/repository/com/google/inject/extensions/guice-servlet/4.0/guice-servlet-4.0.jar:/home/user/.m2/repository/org/glassfish/jersey/containers/jersey-container-servlet/2.27/jersey-container-servlet-2.27.jar:/home/user/.m2/repository/org/glassfish/hk2/guice-bridge/2.5.0/guice-bridge-2.5.0.jar:/home/user/.m2/repository/org/glassfish/jersey/core/jersey-server/2.27/jersey-server-2.27.jar:/home/user/.m2/repository/org/glassfish/jersey/core/jersey-client/2.27/jersey-client-2.27.jar:/home/user/.m2/repository/org/glassfish/jersey/media/jersey-media-jaxb/2.27/jersey-media-jaxb-2.27.jar:/home/user/.m2/repository/javax/validation/validation-api/1.1.0.Final/validation-api-1.1.0.Final.jar:/home/user/.m2/repository/org/glassfish/jersey/media/jersey-media-json-jackson/2.27/jersey-media-json-jackson-2.27.jar:/home/user/.m2/repository/org/glassfish/jersey/ext/jersey-entity-filtering/2.27/jersey-entity-filtering-2.27.jar:/home/user/.m2/repository/com/google/inject/extensions/guice-assistedinject/4.0/guice-assistedinject-4.0.jar:/home/user/.m2/repository/org/jooq/jooq/3.11.10/jooq-3.11.10.jar:/home/user/.m2/repository/org/jooq/jooq-meta/3.11.10/jooq-meta-3.11.10.jar:/home/user/.m2/repository/org/jooq/jooq-codegen/3.11.10/jooq-codegen-3.11.10.jar:/home/user/.m2/repository/com/jolbox/bonecp/0.8.0.RELEASE/bonecp-0.8.0.RELEASE.jar:/home/user/.m2/repository/org/xerial/sqlite-jdbc/3.25.2/sqlite-jdbc-3.25.2.jar:/home/user/.m2/repository/org/springframework/spring-jdbc/5.1.3.RELEASE/spring-jdbc-5.1.3.RELEASE.jar:/home/user/.m2/repository/org/springframework/spring-beans/5.1.3.RELEASE/spring-beans-5.1.3.RELEASE.jar:/home/user/.m2/repository/org/springframework/spring-core/5.1.3.RELEASE/spring-core-5.1.3.RELEASE.jar:/home/user/.m2/repository/org/springframework/spring-jcl/5.1.3.RELEASE/spring-jcl-5.1.3.RELEASE.jar:/home/user/.m2/repository/org/springframework/spring-tx/5.1.3.RELEASE/spring-tx-5.1.3.RELEASE.jar:/home/user/.m2/repository/org/apache/hadoop/hadoop-ozone-client/0.5.0-SNAPSHOT/hadoop-ozone-client-0.5.0-SNAPSHOT.jar:/home/user/.m2/repository/commons-lang/commons-lang/2.6/commons-lang-2.6.jar:/home/user/.m2/repository/org/apache/hadoop/hadoop-ozone-ozone-manager/0.5.0-SNAPSHOT/hadoop-ozone-ozone-manager-0.5.0-SNAPSHOT-tests.jar:/home/user/.m2/repository/junit/junit/4.11/junit-4.11.jar:/home/user/.m2/repository/org/hamcrest/hamcrest-core/1.3/hamcrest-core-1.3.jar:/home/user/.m2/repository/org/openjdk/jmh/jmh-core/1.19/jmh-core-1.19.jar:/home/user/.m2/repository/net/sf/jopt-simple/jopt-simple/4.6/jopt-simple-4.6.jar:/home/user/.m2/repository/org/apache/commons/commons-math3/3.1.1/commons-math3-3.1.1.jar:/home/user/.m2/repository/org/openjdk/jmh/jmh-generator-annprocess/1.19/jmh-generator-annprocess-1.19.jar:/home/user/.m2/repository/org/mockito/mockito-all/1.8.5/mockito-all-1.8.5.jar:/home/user/.m2/repository/org/apache/hadoop/hadoop-kms/3.2.0/hadoop-kms-3.2.0.jar:/home/user/.m2/repository/org/apache/hadoop/hadoop-auth/3.2.0/hadoop-auth-3.2.0.jar:/home/user/.m2/repository/com/nimbusds/nimbus-jose-jwt/4.41.1/nimbus-jose-jwt-4.41.1.jar:/home/user/.m2/repository/com/github/stephenc/jcip/jcip-annotations/1.0-1/jcip-annotations-1.0-1.jar:/home/user/.m2/repository/net/minidev/json-smart/2.3/json-smart-2.3.jar:/home/user/.m2/repository/net/minidev/accessors-smart/1.2/accessors-smart-1.2.jar:/home/user/.m2/repository/org/ow2/asm/asm/5.0.4/asm-5.0.4.jar:/home/user/.m2/repository/org/apache/curator/curator-framework/2.12.0/curator-framework-2.12.0.jar:/home/user/.m2/repository/com/sun/jersey/jersey-core/1.19/jersey-core-1.19.jar:/home/user/.m2/repository/javax/ws/rs/jsr311-api/1.1.1/jsr311-api-1.1.1.jar:/home/user/.m2/repository/com/sun/jersey/jersey-server/1.19/jersey-server-1.19.jar:/home/user/.m2/repository/javax/servlet/javax.servlet-api/3.1.0/javax.servlet-api-3.1.0.jar:/home/user/.m2/repository/org/eclipse/jetty/jetty-server/9.3.25.v20180904/jetty-server-9.3.25.v20180904.jar:/home/user/.m2/repository/org/eclipse/jetty/jetty-http/9.3.25.v20180904/jetty-http-9.3.25.v20180904.jar:/home/user/.m2/repository/org/eclipse/jetty/jetty-io/9.3.25.v20180904/jetty-io-9.3.25.v20180904.jar:/home/user/.m2/repository/org/eclipse/jetty/jetty-webapp/9.3.25.v20180904/jetty-webapp-9.3.25.v20180904.jar:/home/user/.m2/repository/org/eclipse/jetty/jetty-xml/9.3.25.v20180904/jetty-xml-9.3.25.v20180904.jar:/home/user/.m2/repository/log4j/log4j/1.2.17/log4j-1.2.17.jar:/home/user/.m2/repository/org/slf4j/slf4j-api/1.7.25/slf4j-api-1.7.25.jar:/home/user/.m2/repository/org/slf4j/jul-to-slf4j/1.7.25/jul-to-slf4j-1.7.25.jar:/home/user/.m2/repository/org/eclipse/jetty/jetty-util/9.3.25.v20180904/jetty-util-9.3.25.v20180904.jar:/home/user/.m2/repository/com/fasterxml/jackson/core/jackson-databind/2.9.9/jackson-databind-2.9.9.jar:/home/user/.m2/repository/org/apache/hadoop/hadoop-kms/3.2.0/hadoop-kms-3.2.0-tests.jar:/home/user/.m2/repository/org/apache/hadoop/hadoop-hdds-server-scm/0.5.0-SNAPSHOT/hadoop-hdds-server-scm-0.5.0-SNAPSHOT-tests.jar:/home/user/.m2/repository/org/apache/hadoop/hadoop-hdds-container-service/0.5.0-SNAPSHOT/hadoop-hdds-container-service-0.5.0-SNAPSHOT-tests.jar:/home/user/.m2/repository/org/yaml/snakeyaml/1.16/snakeyaml-1.16.jar:/home/user/.m2/repository/org/apache/hadoop/hadoop-common/3.2.0/hadoop-common-3.2.0-tests.jar:/home/user/.m2/repository/org/apache/hadoop/hadoop-annotations/3.2.0/hadoop-annotations-3.2.0.jar:/usr/lib/jvm/java-1.8.0-openjdk-1.8.0.222.b10-1.el7_7.x86_64/jre/../lib/tools.jar:/home/user/.m2/repository/commons-cli/commons-cli/1.2/commons-cli-1.2.jar:/home/user/.m2/repository/org/apache/httpcomponents/httpclient/4.5.2/httpclient-4.5.2.jar:/home/user/.m2/repository/org/apache/httpcomponents/httpcore/4.4.4/httpcore-4.4.4.jar:/home/user/.m2/repository/commons-codec/commons-codec/1.11/commons-codec-1.11.jar:/home/user/.m2/repository/commons-net/commons-net/3.6/commons-net-3.6.jar:/home/user/.m2/repository/commons-collections/commons-collections/3.2.2/commons-collections-3.2.2.jar:/home/user/.m2/repository/org/eclipse/jetty/jetty-servlet/9.3.25.v20180904/jetty-servlet-9.3.25.v20180904.jar:/home/user/.m2/repository/org/eclipse/jetty/jetty-security/9.3.25.v20180904/jetty-security-9.3.25.v20180904.jar:/home/user/.m2/repository/javax/servlet/jsp/jsp-api/2.1/jsp-api-2.1.jar:/home/user/.m2/repository/com/sun/jersey/jersey-servlet/1.19/jersey-servlet-1.19.jar:/home/user/.m2/repository/com/sun/jersey/jersey-json/1.19/jersey-json-1.19.jar:/home/user/.m2/repository/org/codehaus/jettison/jettison/1.1/jettison-1.1.jar:/home/user/.m2/repository/org/codehaus/jackson/jackson-core-asl/1.9.13/jackson-core-asl-1.9.13.jar:/home/user/.m2/repository/org/codehaus/jackson/jackson-mapper-asl/1.9.13/jackson-mapper-asl-1.9.13.jar:/home/user/.m2/repository/org/codehaus/jackson/jackson-jaxrs/1.9.13/jackson-jaxrs-1.9.13.jar:/home/user/.m2/repository/org/codehaus/jackson/jackson-xc/1.9.13/jackson-xc-1.9.13.jar:/home/user/.m2/repository/commons-logging/commons-logging/1.1.3/commons-logging-1.1.3.jar:/home/user/.m2/repository/commons-beanutils/commons-beanutils/1.9.4/commons-beanutils-1.9.4.jar:/home/user/.m2/repository/org/apache/commons/commons-configuration2/2.1.1/commons-configuration2-2.1.1.jar:/home/user/.m2/repository/org/apache/commons/commons-lang3/3.7/commons-lang3-3.7.jar:/home/user/.m2/repository/org/apache/commons/commons-text/1.4/commons-text-1.4.jar:/home/user/.m2/repository/org/apache/avro/avro/1.7.7/avro-1.7.7.jar:/home/user/.m2/repository/com/thoughtworks/paranamer/paranamer/2.3/paranamer-2.3.jar:/home/user/.m2/repository/org/xerial/snappy/snappy-java/1.0.5/snappy-java-1.0.5.jar:/home/user/.m2/repository/com/google/re2j/re2j/1.1/re2j-1.1.jar:/home/user/.m2/repository/com/google/code/gson/gson/2.2.4/gson-2.2.4.jar:/home/user/.m2/repository/com/jcraft/jsch/0.1.54/jsch-0.1.54.jar:/home/user/.m2/repository/org/apache/curator/curator-client/2.12.0/curator-client-2.12.0.jar:/home/user/.m2/repository/org/apache/curator/curator-recipes/2.12.0/curator-recipes-2.12.0.jar:/home/user/.m2/repository/com/google/code/findbugs/jsr305/3.0.0/jsr305-3.0.0.jar:/home/user/.m2/repository/org/apache/htrace/htrace-core4/4.1.0-incubating/htrace-core4-4.1.0-incubating.jar:/home/user/.m2/repository/org/apache/zookeeper/zookeeper/3.4.13/zookeeper-3.4.13.jar:/home/user/.m2/repository/jline/jline/0.9.94/jline-0.9.94.jar:/home/user/.m2/repository/org/apache/yetus/audience-annotations/0.5.0/audience-annotations-0.5.0.jar:/home/user/.m2/repository/org/codehaus/woodstox/stax2-api/3.1.4/stax2-api-3.1.4.jar:/home/user/.m2/repository/com/fasterxml/woodstox/woodstox-core/5.0.3/woodstox-core-5.0.3.jar:/home/user/.m2/repository/dnsjava/dnsjava/2.1.7/dnsjava-2.1.7.jar:/home/user/.m2/repository/org/apache/hadoop/hadoop-hdfs/3.2.0/hadoop-hdfs-3.2.0-tests.jar:/home/user/.m2/repository/org/eclipse/jetty/jetty-util-ajax/9.3.25.v20180904/jetty-util-ajax-9.3.25.v20180904.jar:/home/user/.m2/repository/commons-daemon/commons-daemon/1.0.13/commons-daemon-1.0.13.jar:/home/user/.m2/repository/io/netty/netty/3.10.5.Final/netty-3.10.5.Final.jar:/home/user/.m2/repository/io/netty/netty-all/4.0.52.Final/netty-all-4.0.52.Final.jar:/home/user/.m2/repository/org/fusesource/leveldbjni/leveldbjni-all/1.8/leveldbjni-all-1.8.jar:"/>
    <property name="sun.cpu.endian" value="little"/>
    <property name="user.home" value="/home/user"/>
    <property name="user.language" value="en"/>
    <property name="java.specification.vendor" value="Oracle Corporation"/>
    <property name="java.home" value="/usr/lib/jvm/java-1.8.0-openjdk-1.8.0.222.b10-1.el7_7.x86_64/jre"/>
    <property name="surefire.excludesFile" value="/tools/ozone-bad-unit-tests"/>
    <property name="java.security.krb5.conf" value="/workdir/hadoop-ozone/integration-test/target/test-classes/krb5.conf"/>
    <property name="basedir" value="/workdir/hadoop-ozone/integration-test"/>
    <property name="file.separator" value="/"/>
    <property name="line.separator" value="&#10;"/>
    <property name="java.vm.specification.vendor" value="Oracle Corporation"/>
    <property name="java.specification.name" value="Java Platform API Specification"/>
    <property name="java.awt.graphicsenv" value="sun.awt.X11GraphicsEnvironment"/>
    <property name="surefire.real.class.path" value="/workdir/hadoop-ozone/integration-test/target/surefire/surefirebooter3223721228164236295.jar"/>
    <property name="hadoop.log.dir" value="/workdir/hadoop-ozone/integration-test/target/log"/>
    <property name="sun.boot.class.path" value="/usr/lib/jvm/java-1.8.0-openjdk-1.8.0.222.b10-1.el7_7.x86_64/jre/lib/resources.jar:/usr/lib/jvm/java-1.8.0-openjdk-1.8.0.222.b10-1.el7_7.x86_64/jre/lib/rt.jar:/usr/lib/jvm/java-1.8.0-openjdk-1.8.0.222.b10-1.el7_7.x86_64/jre/lib/sunrsasign.jar:/usr/lib/jvm/java-1.8.0-openjdk-1.8.0.222.b10-1.el7_7.x86_64/jre/lib/jsse.jar:/usr/lib/jvm/java-1.8.0-openjdk-1.8.0.222.b10-1.el7_7.x86_64/jre/lib/jce.jar:/usr/lib/jvm/java-1.8.0-openjdk-1.8.0.222.b10-1.el7_7.x86_64/jre/lib/charsets.jar:/usr/lib/jvm/java-1.8.0-openjdk-1.8.0.222.b10-1.el7_7.x86_64/jre/lib/jfr.jar:/usr/lib/jvm/java-1.8.0-openjdk-1.8.0.222.b10-1.el7_7.x86_64/jre/classes"/>
    <property name="sun.management.compiler" value="HotSpot 64-Bit Tiered Compilers"/>
    <property name="java.runtime.version" value="1.8.0_222-b10"/>
    <property name="java.net.preferIPv4Stack" value="true"/>
    <property name="user.name" value="jenkins1000"/>
    <property name="path.separator" value=":"/>
    <property name="java.security.egd" value="file:///dev/urandom"/>
    <property name="os.version" value="3.10.0-957.12.2.el7.x86_64"/>
    <property name="java.endorsed.dirs" value="/usr/lib/jvm/java-1.8.0-openjdk-1.8.0.222.b10-1.el7_7.x86_64/jre/lib/endorsed"/>
    <property name="java.runtime.name" value="OpenJDK Runtime Environment"/>
    <property name="file.encoding" value="ANSI_X3.4-1968"/>
    <property name="java.vm.name" value="OpenJDK 64-Bit Server VM"/>
    <property name="test.build.webapps" value=""/>
    <property name="localRepository" value="/home/user/.m2/repository"/>
    <property name="java.vendor.url.bug" value="http://bugreport.sun.com/bugreport/"/>
    <property name="java.io.tmpdir" value="/tmp"/>
    <property name="require.test.libhadoop" value=""/>
    <property name="java.version" value="1.8.0_222"/>
    <property name="user.dir" value="/workdir/hadoop-ozone/integration-test"/>
    <property name="os.arch" value="amd64"/>
    <property name="java.vm.specification.name" value="Java Virtual Machine Specification"/>
    <property name="test.build.classes" value="/workdir/hadoop-ozone/integration-test/target/test-classes"/>
    <property name="java.awt.printerjob" value="sun.print.PSPrinterJob"/>
    <property name="sun.os.patch.level" value="unknown"/>
    <property name="hadoop.tmp.dir" value="/workdir/hadoop-ozone/integration-test/target/tmp"/>
    <property name="java.library.path" value="/usr/lib:/workdir/hadoop-ozone/integration-test/target/native/target/usr/local/lib:/workdir/hadoop-ozone/integration-test/../../hadoop-common-project/hadoop-common/target/native/target/usr/local/lib:/usr/java/packages/lib/amd64:/usr/lib64:/lib64:/lib:/usr/lib"/>
    <property name="java.vm.info" value="mixed mode"/>
    <property name="java.vendor" value="Oracle Corporation"/>
    <property name="java.vm.version" value="25.222-b10"/>
    <property name="java.ext.dirs" value="/usr/lib/jvm/java-1.8.0-openjdk-1.8.0.222.b10-1.el7_7.x86_64/jre/lib/ext:/usr/java/packages/lib/ext"/>
    <property name="sun.io.unicode.encoding" value="UnicodeLittle"/>
    <property name="java.class.version" value="52.0"/>
  </properties>
  <testcase name="testPipelineExclusionWithPipelineFailure" classname="org.apache.hadoop.ozone.client.rpc.TestFailureHandlingByClient" time="59.556"/>
  <testcase name="testContainerExclusionWithClosedContainerException" classname="org.apache.hadoop.ozone.client.rpc.TestFailureHandlingByClient" time="43.787">
    <failure type="java.lang.AssertionError">java.lang.AssertionError
	at org.junit.Assert.fail(Assert.java:86)
	at org.junit.Assert.assertTrue(Assert.java:41)
	at org.junit.Assert.assertTrue(Assert.java:52)
	at org.apache.hadoop.ozone.client.rpc.TestFailureHandlingByClient.testContainerExclusionWithClosedContainerException(TestFailureHandlingByClient.java:260)
	at sun.reflect.NativeMethodAccessorImpl.invoke0(Native Method)
	at sun.reflect.NativeMethodAccessorImpl.invoke(NativeMethodAccessorImpl.java:62)
	at sun.reflect.DelegatingMethodAccessorImpl.invoke(DelegatingMethodAccessorImpl.java:43)
	at java.lang.reflect.Method.invoke(Method.java:498)
	at org.junit.runners.model.FrameworkMethod$1.runReflectiveCall(FrameworkMethod.java:47)
	at org.junit.internal.runners.model.ReflectiveCallable.run(ReflectiveCallable.java:12)
	at org.junit.runners.model.FrameworkMethod.invokeExplosively(FrameworkMethod.java:44)
	at org.junit.internal.runners.statements.InvokeMethod.evaluate(InvokeMethod.java:17)
	at org.junit.internal.runners.statements.RunAfters.evaluate(RunAfters.java:27)
	at org.junit.runners.ParentRunner.runLeaf(ParentRunner.java:271)
	at org.junit.runners.BlockJUnit4ClassRunner.runChild(BlockJUnit4ClassRunner.java:70)
	at org.junit.runners.BlockJUnit4ClassRunner.runChild(BlockJUnit4ClassRunner.java:50)
	at org.junit.runners.ParentRunner$3.run(ParentRunner.java:238)
	at org.junit.runners.ParentRunner$1.schedule(ParentRunner.java:63)
	at org.junit.runners.ParentRunner.runChildren(ParentRunner.java:236)
	at org.junit.runners.ParentRunner.access$000(ParentRunner.java:53)
	at org.junit.runners.ParentRunner$2.evaluate(ParentRunner.java:229)
	at org.junit.runners.ParentRunner.run(ParentRunner.java:309)
	at org.apache.maven.surefire.junit4.JUnit4Provider.execute(JUnit4Provider.java:365)
	at org.apache.maven.surefire.junit4.JUnit4Provider.executeWithRerun(JUnit4Provider.java:273)
	at org.apache.maven.surefire.junit4.JUnit4Provider.executeTestSet(JUnit4Provider.java:238)
	at org.apache.maven.surefire.junit4.JUnit4Provider.invoke(JUnit4Provider.java:159)
	at org.apache.maven.surefire.booter.ForkedBooter.invokeProviderInSameClassLoader(ForkedBooter.java:384)
	at org.apache.maven.surefire.booter.ForkedBooter.runSuitesInProcess(ForkedBooter.java:345)
	at org.apache.maven.surefire.booter.ForkedBooter.execute(ForkedBooter.java:126)
	at org.apache.maven.surefire.booter.ForkedBooter.main(ForkedBooter.java:418)
</failure>
    <system-out><![CDATA[2019-11-05 08:34:16,390 [main] WARN  server.ServerUtils (ServerUtils.java:getScmDbDir(145)) - ozone.scm.db.dirs is not configured. We recommend adding this setting. Falling back to ozone.metadata.dirs instead.
2019-11-05 08:34:16,416 [main] WARN  server.ServerUtils (ServerUtils.java:getScmDbDir(145)) - ozone.scm.db.dirs is not configured. We recommend adding this setting. Falling back to ozone.metadata.dirs instead.
2019-11-05 08:34:16,417 [main] WARN  server.ServerUtils (ServerUtils.java:getScmDbDir(145)) - ozone.scm.db.dirs is not configured. We recommend adding this setting. Falling back to ozone.metadata.dirs instead.
2019-11-05 08:34:16,417 [main] INFO  db.DBStoreBuilder (DBStoreBuilder.java:addTable(117)) - using custom profile for table: deletedBlocks
2019-11-05 08:34:16,417 [main] INFO  db.DBStoreBuilder (DBStoreBuilder.java:processTables(168)) - Using default column profile:DBProfile.DISK for Table:deletedBlocks
2019-11-05 08:34:16,418 [main] INFO  db.DBStoreBuilder (DBStoreBuilder.java:addTable(117)) - using custom profile for table: validCerts
2019-11-05 08:34:16,418 [main] INFO  db.DBStoreBuilder (DBStoreBuilder.java:processTables(168)) - Using default column profile:DBProfile.DISK for Table:validCerts
2019-11-05 08:34:16,418 [main] INFO  db.DBStoreBuilder (DBStoreBuilder.java:addTable(117)) - using custom profile for table: revokedCerts
2019-11-05 08:34:16,418 [main] INFO  db.DBStoreBuilder (DBStoreBuilder.java:processTables(168)) - Using default column profile:DBProfile.DISK for Table:revokedCerts
2019-11-05 08:34:16,418 [main] INFO  db.DBStoreBuilder (DBStoreBuilder.java:addTable(117)) - using custom profile for table: default
2019-11-05 08:34:16,419 [main] INFO  db.DBStoreBuilder (DBStoreBuilder.java:processTables(174)) - Using default column profile:DBProfile.DISK for Table:default
2019-11-05 08:34:16,419 [main] INFO  db.DBStoreBuilder (DBStoreBuilder.java:getDbProfile(205)) - Using default options. DBProfile.DISK
2019-11-05 08:34:16,590 [main] INFO  net.NodeSchemaLoader (NodeSchemaLoader.java:loadSchemaFromFile(125)) - Loading file from sun.misc.CompoundEnumeration@69cd1085
2019-11-05 08:34:16,590 [main] INFO  net.NodeSchemaLoader (NodeSchemaLoader.java:loadSchema(171)) - Loading network topology layer schema file
2019-11-05 08:34:16,596 [main] INFO  node.SCMNodeManager (SCMNodeManager.java:<init>(116)) - Entering startup safe mode.
2019-11-05 08:34:16,597 [main] INFO  algorithms.ContainerPlacementPolicyFactory (ContainerPlacementPolicyFactory.java:getPolicy(57)) - Create container placement policy of type org.apache.hadoop.hdds.scm.container.placement.algorithms.SCMContainerPlacementRandom
2019-11-05 08:34:16,597 [main] WARN  server.ServerUtils (ServerUtils.java:getScmDbDir(145)) - ozone.scm.db.dirs is not configured. We recommend adding this setting. Falling back to ozone.metadata.dirs instead.
2019-11-05 08:34:16,656 [main] INFO  pipeline.SCMPipelineManager (SCMPipelineManager.java:initializePipelineState(132)) - No pipeline exists in current db
2019-11-05 08:34:16,656 [main] WARN  server.ServerUtils (ServerUtils.java:getScmDbDir(145)) - ozone.scm.db.dirs is not configured. We recommend adding this setting. Falling back to ozone.metadata.dirs instead.
2019-11-05 08:34:16,680 [main] WARN  events.EventQueue (EventQueue.java:fireEvent(183)) - No event handler registered for event TypedEvent{payloadType=SafeModeStatus, name='SafeModeStatus'}
2019-11-05 08:34:16,681 [main] INFO  ipc.CallQueueManager (CallQueueManager.java:<init>(84)) - Using callQueue: class java.util.concurrent.LinkedBlockingQueue, queueCapacity: 2000, scheduler: class org.apache.hadoop.ipc.DefaultRpcScheduler, ipcBackoff: false.
2019-11-05 08:34:16,682 [Socket Reader #1 for port 44961] INFO  ipc.Server (Server.java:run(1074)) - Starting Socket Reader #1 for port 44961
2019-11-05 08:34:16,684 [main] INFO  ipc.CallQueueManager (CallQueueManager.java:<init>(84)) - Using callQueue: class java.util.concurrent.LinkedBlockingQueue, queueCapacity: 2000, scheduler: class org.apache.hadoop.ipc.DefaultRpcScheduler, ipcBackoff: false.
2019-11-05 08:34:16,685 [Socket Reader #1 for port 42948] INFO  ipc.Server (Server.java:run(1074)) - Starting Socket Reader #1 for port 42948
2019-11-05 08:34:16,687 [main] INFO  ipc.CallQueueManager (CallQueueManager.java:<init>(84)) - Using callQueue: class java.util.concurrent.LinkedBlockingQueue, queueCapacity: 2000, scheduler: class org.apache.hadoop.ipc.DefaultRpcScheduler, ipcBackoff: false.
2019-11-05 08:34:16,687 [Socket Reader #1 for port 37535] INFO  ipc.Server (Server.java:run(1074)) - Starting Socket Reader #1 for port 37535
2019-11-05 08:34:16,690 [main] INFO  hdfs.DFSUtil (DFSUtil.java:httpServerTemplateForNNAndJN(1641)) - Starting Web-server for scm at: http://0.0.0.0:0
2019-11-05 08:34:16,693 [main] INFO  server.AuthenticationFilter (AuthenticationFilter.java:constructSecretProvider(240)) - Unable to initialize FileSignerSecretProvider, falling back to use random secrets.
2019-11-05 08:34:16,694 [main] WARN  http.HttpRequestLog (HttpRequestLog.java:getRequestLog(97)) - Jetty request log can only be enabled using Log4j
2019-11-05 08:34:16,696 [main] INFO  http.HttpServer2 (HttpServer2.java:addGlobalFilter(975)) - Added global filter 'safety' (class=org.apache.hadoop.http.HttpServer2$QuotingInputFilter)
2019-11-05 08:34:16,697 [main] INFO  http.HttpServer2 (HttpServer2.java:addFilter(948)) - Added filter static_user_filter (class=org.apache.hadoop.http.lib.StaticUserWebFilter$StaticUserFilter) to context scm
2019-11-05 08:34:16,697 [main] INFO  http.HttpServer2 (HttpServer2.java:addFilter(958)) - Added filter static_user_filter (class=org.apache.hadoop.http.lib.StaticUserWebFilter$StaticUserFilter) to context logs
2019-11-05 08:34:16,697 [main] INFO  http.HttpServer2 (HttpServer2.java:addFilter(958)) - Added filter static_user_filter (class=org.apache.hadoop.http.lib.StaticUserWebFilter$StaticUserFilter) to context static
2019-11-05 08:34:16,700 [main] INFO  server.StorageContainerManager (StorageContainerManager.java:start(772)) - StorageContainerLocationProtocol RPC server is listening at /0.0.0.0:37535
2019-11-05 08:34:16,702 [main] WARN  impl.MetricsConfig (MetricsConfig.java:loadFirst(134)) - Cannot locate configuration: tried hadoop-metrics2-storagecontainermanager.properties,hadoop-metrics2.properties
2019-11-05 08:34:16,704 [main] INFO  impl.MetricsSystemImpl (MetricsSystemImpl.java:startTimer(374)) - Scheduled Metric snapshot period at 10 second(s).
2019-11-05 08:34:16,704 [main] INFO  impl.MetricsSystemImpl (MetricsSystemImpl.java:start(191)) - StorageContainerManager metrics system started
2019-11-05 08:34:16,773 [main] WARN  impl.MetricsSystemImpl (MetricsSystemImpl.java:register(276)) - Sink prometheus already exists!
2019-11-05 08:34:16,781 [main] INFO  server.SCMClientProtocolServer (SCMClientProtocolServer.java:start(159)) - RPC server for Client  is listening at /0.0.0.0:37535
2019-11-05 08:34:16,782 [IPC Server Responder] INFO  ipc.Server (Server.java:run(1314)) - IPC Server Responder: starting
2019-11-05 08:34:16,782 [IPC Server listener on 37535] INFO  ipc.Server (Server.java:run(1153)) - IPC Server listener on 37535: starting
2019-11-05 08:34:16,787 [main] INFO  server.StorageContainerManager (StorageContainerManager.java:start(782)) - ScmBlockLocationProtocol RPC server is listening at /0.0.0.0:42948
2019-11-05 08:34:16,787 [main] INFO  server.SCMBlockProtocolServer (SCMBlockProtocolServer.java:start(146)) - RPC server for Block Protocol is listening at /0.0.0.0:42948
2019-11-05 08:34:16,788 [IPC Server Responder] INFO  ipc.Server (Server.java:run(1314)) - IPC Server Responder: starting
2019-11-05 08:34:16,788 [IPC Server listener on 42948] INFO  ipc.Server (Server.java:run(1153)) - IPC Server listener on 42948: starting
2019-11-05 08:34:16,792 [main] INFO  server.StorageContainerManager (StorageContainerManager.java:start(786)) - ScmDatanodeProtocl RPC server is listening at /0.0.0.0:44961
2019-11-05 08:34:16,792 [main] INFO  server.SCMDatanodeProtocolServer (SCMDatanodeProtocolServer.java:start(169)) - RPC server for DataNodes is listening at /0.0.0.0:44961
2019-11-05 08:34:16,793 [IPC Server Responder] INFO  ipc.Server (Server.java:run(1314)) - IPC Server Responder: starting
2019-11-05 08:34:16,794 [IPC Server listener on 44961] INFO  ipc.Server (Server.java:run(1153)) - IPC Server listener on 44961: starting
2019-11-05 08:34:16,798 [main] INFO  http.HttpServer2 (HttpServer2.java:bindListener(1191)) - Jetty bound to port 33258
2019-11-05 08:34:16,798 [main] INFO  server.Server (Server.java:doStart(351)) - jetty-9.3.25.v20180904, build timestamp: 2018-09-04T21:11:46Z, git hash: 3ce520221d0240229c862b122d2b06c12a625732
2019-11-05 08:34:16,800 [main] INFO  handler.ContextHandler (ContextHandler.java:doStart(781)) - Started o.e.j.s.ServletContextHandler@27df95e{/logs,file:///workdir/hadoop-ozone/integration-test/target/log,AVAILABLE}
2019-11-05 08:34:16,801 [main] INFO  handler.ContextHandler (ContextHandler.java:doStart(781)) - Started o.e.j.s.ServletContextHandler@2b0e9f30{/static,file:///workdir/hadoop-ozone/integration-test/target/test-classes/webapps/static,AVAILABLE}
2019-11-05 08:34:16,806 [main] INFO  handler.ContextHandler (ContextHandler.java:doStart(781)) - Started o.e.j.w.WebAppContext@4b960b5b{/,file:///workdir/hadoop-ozone/integration-test/target/test-classes/webapps/scm/,AVAILABLE}{/scm}
2019-11-05 08:34:16,807 [main] INFO  server.AbstractConnector (AbstractConnector.java:doStart(278)) - Started ServerConnector@1b13467c{HTTP/1.1,[http/1.1]}{0.0.0.0:33258}
2019-11-05 08:34:16,808 [main] INFO  server.Server (Server.java:doStart(419)) - Started @60369ms
2019-11-05 08:34:16,808 [main] WARN  impl.MetricsSystemImpl (MetricsSystemImpl.java:register(276)) - Sink prometheus already exists!
2019-11-05 08:34:16,809 [main] INFO  server.BaseHttpServer (BaseHttpServer.java:updateConnectorAddress(215)) - HTTP server of SCM is listening at http://0.0.0.0:33258
2019-11-05 08:34:16,810 [main] WARN  server.ServerUtils (ServerUtils.java:getDBPath(222)) - ozone.om.db.dirs is not configured. We recommend adding this setting. Falling back to ozone.metadata.dirs instead.
2019-11-05 08:34:16,810 [org.apache.hadoop.util.JvmPauseMonitor$Monitor@64dae3b7] INFO  util.JvmPauseMonitor (JvmPauseMonitor.java:run(188)) - Starting JVM pause monitor
2019-11-05 08:34:16,824 [main] INFO  ha.OMHANodeDetails (OMHANodeDetails.java:loadOMHAConfig(190)) - Configuration either no ozone.om.address set. Falling back to the default OM address /127.0.0.1:0
2019-11-05 08:34:16,824 [main] INFO  ha.OMHANodeDetails (OMHANodeDetails.java:getOMNodeDetails(220)) - OM Service ID is not set. Setting it to the default ID: omServiceIdDefault
2019-11-05 08:34:16,825 [main] WARN  server.ServerUtils (ServerUtils.java:getDBPath(222)) - ozone.om.db.dirs is not configured. We recommend adding this setting. Falling back to ozone.metadata.dirs instead.
2019-11-05 08:34:16,825 [main] WARN  server.ServerUtils (ServerUtils.java:getDBPath(222)) - ozone.om.db.dirs is not configured. We recommend adding this setting. Falling back to ozone.metadata.dirs instead.
2019-11-05 08:34:16,832 [main] WARN  server.ServerUtils (ServerUtils.java:getDBPath(222)) - ozone.om.db.dirs is not configured. We recommend adding this setting. Falling back to ozone.metadata.dirs instead.
2019-11-05 08:34:16,833 [main] INFO  db.DBStoreBuilder (DBStoreBuilder.java:addTable(117)) - using custom profile for table: userTable
2019-11-05 08:34:16,833 [main] INFO  db.DBStoreBuilder (DBStoreBuilder.java:processTables(168)) - Using default column profile:DBProfile.DISK for Table:userTable
2019-11-05 08:34:16,833 [main] INFO  db.DBStoreBuilder (DBStoreBuilder.java:addTable(117)) - using custom profile for table: volumeTable
2019-11-05 08:34:16,833 [main] INFO  db.DBStoreBuilder (DBStoreBuilder.java:processTables(168)) - Using default column profile:DBProfile.DISK for Table:volumeTable
2019-11-05 08:34:16,833 [main] INFO  db.DBStoreBuilder (DBStoreBuilder.java:addTable(117)) - using custom profile for table: bucketTable
2019-11-05 08:34:16,834 [main] INFO  db.DBStoreBuilder (DBStoreBuilder.java:processTables(168)) - Using default column profile:DBProfile.DISK for Table:bucketTable
2019-11-05 08:34:16,834 [main] INFO  db.DBStoreBuilder (DBStoreBuilder.java:addTable(117)) - using custom profile for table: keyTable
2019-11-05 08:34:16,834 [main] INFO  db.DBStoreBuilder (DBStoreBuilder.java:processTables(168)) - Using default column profile:DBProfile.DISK for Table:keyTable
2019-11-05 08:34:16,834 [main] INFO  db.DBStoreBuilder (DBStoreBuilder.java:addTable(117)) - using custom profile for table: deletedTable
2019-11-05 08:34:16,834 [main] INFO  db.DBStoreBuilder (DBStoreBuilder.java:processTables(168)) - Using default column profile:DBProfile.DISK for Table:deletedTable
2019-11-05 08:34:16,835 [main] INFO  db.DBStoreBuilder (DBStoreBuilder.java:addTable(117)) - using custom profile for table: openKeyTable
2019-11-05 08:34:16,835 [main] INFO  db.DBStoreBuilder (DBStoreBuilder.java:processTables(168)) - Using default column profile:DBProfile.DISK for Table:openKeyTable
2019-11-05 08:34:16,835 [main] INFO  db.DBStoreBuilder (DBStoreBuilder.java:addTable(117)) - using custom profile for table: s3Table
2019-11-05 08:34:16,835 [main] INFO  db.DBStoreBuilder (DBStoreBuilder.java:processTables(168)) - Using default column profile:DBProfile.DISK for Table:s3Table
2019-11-05 08:34:16,835 [main] INFO  db.DBStoreBuilder (DBStoreBuilder.java:addTable(117)) - using custom profile for table: multipartInfoTable
2019-11-05 08:34:16,835 [main] INFO  db.DBStoreBuilder (DBStoreBuilder.java:processTables(168)) - Using default column profile:DBProfile.DISK for Table:multipartInfoTable
2019-11-05 08:34:16,835 [main] INFO  db.DBStoreBuilder (DBStoreBuilder.java:addTable(117)) - using custom profile for table: dTokenTable
2019-11-05 08:34:16,836 [main] INFO  db.DBStoreBuilder (DBStoreBuilder.java:processTables(168)) - Using default column profile:DBProfile.DISK for Table:dTokenTable
2019-11-05 08:34:16,836 [main] INFO  db.DBStoreBuilder (DBStoreBuilder.java:addTable(117)) - using custom profile for table: s3SecretTable
2019-11-05 08:34:16,836 [main] INFO  db.DBStoreBuilder (DBStoreBuilder.java:processTables(168)) - Using default column profile:DBProfile.DISK for Table:s3SecretTable
2019-11-05 08:34:16,836 [main] INFO  db.DBStoreBuilder (DBStoreBuilder.java:addTable(117)) - using custom profile for table: prefixTable
2019-11-05 08:34:16,836 [main] INFO  db.DBStoreBuilder (DBStoreBuilder.java:processTables(168)) - Using default column profile:DBProfile.DISK for Table:prefixTable
2019-11-05 08:34:16,836 [main] INFO  db.DBStoreBuilder (DBStoreBuilder.java:addTable(117)) - using custom profile for table: default
2019-11-05 08:34:16,837 [main] INFO  db.DBStoreBuilder (DBStoreBuilder.java:processTables(174)) - Using default column profile:DBProfile.DISK for Table:default
2019-11-05 08:34:16,837 [main] INFO  db.DBStoreBuilder (DBStoreBuilder.java:getDbProfile(205)) - Using default options. DBProfile.DISK
2019-11-05 08:34:17,191 [main] INFO  ipc.CallQueueManager (CallQueueManager.java:<init>(84)) - Using callQueue: class java.util.concurrent.LinkedBlockingQueue, queueCapacity: 2000, scheduler: class org.apache.hadoop.ipc.DefaultRpcScheduler, ipcBackoff: false.
2019-11-05 08:34:17,192 [Socket Reader #1 for port 42229] INFO  ipc.Server (Server.java:run(1074)) - Starting Socket Reader #1 for port 42229
2019-11-05 08:34:17,211 [main] INFO  om.OzoneManager (OzoneManager.java:start(1074)) - OzoneManager RPC server is listening at localhost/127.0.0.1:42229
2019-11-05 08:34:17,211 [main] INFO  impl.MetricsSystemImpl (MetricsSystemImpl.java:init(158)) - OzoneManager metrics system started (again)
2019-11-05 08:34:17,213 [IPC Server Responder] INFO  ipc.Server (Server.java:run(1314)) - IPC Server Responder: starting
2019-11-05 08:34:17,213 [IPC Server listener on 42229] INFO  ipc.Server (Server.java:run(1153)) - IPC Server listener on 42229: starting
2019-11-05 08:34:17,219 [main] INFO  hdfs.DFSUtil (DFSUtil.java:httpServerTemplateForNNAndJN(1641)) - Starting Web-server for ozoneManager at: http://0.0.0.0:0
2019-11-05 08:34:17,222 [main] INFO  server.AuthenticationFilter (AuthenticationFilter.java:constructSecretProvider(240)) - Unable to initialize FileSignerSecretProvider, falling back to use random secrets.
2019-11-05 08:34:17,222 [main] WARN  http.HttpRequestLog (HttpRequestLog.java:getRequestLog(97)) - Jetty request log can only be enabled using Log4j
2019-11-05 08:34:17,224 [main] INFO  http.HttpServer2 (HttpServer2.java:addGlobalFilter(975)) - Added global filter 'safety' (class=org.apache.hadoop.http.HttpServer2$QuotingInputFilter)
2019-11-05 08:34:17,225 [main] INFO  http.HttpServer2 (HttpServer2.java:addFilter(948)) - Added filter static_user_filter (class=org.apache.hadoop.http.lib.StaticUserWebFilter$StaticUserFilter) to context ozoneManager
2019-11-05 08:34:17,226 [main] INFO  http.HttpServer2 (HttpServer2.java:addFilter(958)) - Added filter static_user_filter (class=org.apache.hadoop.http.lib.StaticUserWebFilter$StaticUserFilter) to context logs
2019-11-05 08:34:17,226 [main] INFO  http.HttpServer2 (HttpServer2.java:addFilter(958)) - Added filter static_user_filter (class=org.apache.hadoop.http.lib.StaticUserWebFilter$StaticUserFilter) to context static
2019-11-05 08:34:17,227 [main] INFO  http.HttpServer2 (HttpServer2.java:bindListener(1191)) - Jetty bound to port 41149
2019-11-05 08:34:17,227 [main] INFO  server.Server (Server.java:doStart(351)) - jetty-9.3.25.v20180904, build timestamp: 2018-09-04T21:11:46Z, git hash: 3ce520221d0240229c862b122d2b06c12a625732
2019-11-05 08:34:17,229 [main] INFO  handler.ContextHandler (ContextHandler.java:doStart(781)) - Started o.e.j.s.ServletContextHandler@36c2d629{/logs,file:///workdir/hadoop-ozone/integration-test/target/log,AVAILABLE}
2019-11-05 08:34:17,230 [main] INFO  handler.ContextHandler (ContextHandler.java:doStart(781)) - Started o.e.j.s.ServletContextHandler@54089484{/static,file:///workdir/hadoop-ozone/integration-test/target/test-classes/webapps/static,AVAILABLE}
2019-11-05 08:34:17,235 [main] INFO  handler.ContextHandler (ContextHandler.java:doStart(781)) - Started o.e.j.w.WebAppContext@786ff1cb{/,file:///workdir/hadoop-ozone/integration-test/target/test-classes/webapps/ozoneManager/,AVAILABLE}{/ozoneManager}
2019-11-05 08:34:17,236 [main] INFO  server.AbstractConnector (AbstractConnector.java:doStart(278)) - Started ServerConnector@46039a21{HTTP/1.1,[http/1.1]}{0.0.0.0:41149}
2019-11-05 08:34:17,237 [main] INFO  server.Server (Server.java:doStart(419)) - Started @60798ms
2019-11-05 08:34:17,237 [main] WARN  impl.MetricsSystemImpl (MetricsSystemImpl.java:register(276)) - Sink prometheus already exists!
2019-11-05 08:34:17,238 [main] INFO  server.BaseHttpServer (BaseHttpServer.java:updateConnectorAddress(215)) - HTTP server of OZONEMANAGER is listening at http://0.0.0.0:41149
2019-11-05 08:34:17,266 [main] INFO  impl.MetricsSystemImpl (MetricsSystemImpl.java:init(158)) - HddsDatanode metrics system started (again)
2019-11-05 08:34:17,269 [main] INFO  ozone.HddsDatanodeService (HddsDatanodeService.java:start(184)) - HddsDatanodeService host:pr-hdds-1643-8bmlk-2934350033 ip:192.168.164.217
2019-11-05 08:34:17,277 [main] INFO  volume.HddsVolume (HddsVolume.java:<init>(176)) - Creating Volume: /workdir/hadoop-ozone/integration-test/target/test-dir/MiniOzoneClusterImpl-c1ac3406-7bea-4748-bbf9-a747646a8bff/datanode-0/data/containers/hdds of  storage type : DISK and capacity : 1482555576320
2019-11-05 08:34:17,277 [main] INFO  volume.VolumeSet (VolumeSet.java:initializeVolumeSet(170)) - Added Volume : /workdir/hadoop-ozone/integration-test/target/test-dir/MiniOzoneClusterImpl-c1ac3406-7bea-4748-bbf9-a747646a8bff/datanode-0/data/containers/hdds to VolumeSet
2019-11-05 08:34:17,277 [main] INFO  volume.ThrottledAsyncChecker (ThrottledAsyncChecker.java:schedule(141)) - Scheduling a check for /workdir/hadoop-ozone/integration-test/target/test-dir/MiniOzoneClusterImpl-c1ac3406-7bea-4748-bbf9-a747646a8bff/datanode-0/data/containers/hdds
2019-11-05 08:34:17,278 [main] INFO  volume.HddsVolumeChecker (HddsVolumeChecker.java:checkAllVolumes(204)) - Scheduled health check for volume /workdir/hadoop-ozone/integration-test/target/test-dir/MiniOzoneClusterImpl-c1ac3406-7bea-4748-bbf9-a747646a8bff/datanode-0/data/containers/hdds
2019-11-05 08:34:17,295 [main] INFO  impl.RaftServerProxy (ConfUtils.java:logGet(43)) - raft.rpc.type = GRPC (default)
2019-11-05 08:34:17,295 [main] INFO  grpc.GrpcFactory (GrpcFactory.java:checkPooledByteBufAllocatorUseCacheForAllThreads(45)) - PERFORMANCE WARNING: useCacheForAllThreads is true that may cause Netty to create a lot garbage objects and, as a result, trigger GC.
	It is recommended to disable useCacheForAllThreads by setting -Dorg.apache.ratis.thirdparty.io.netty.allocator.useCacheForAllThreads=false in command line.
2019-11-05 08:34:17,295 [main] INFO  grpc.GrpcConfigKeys$Server (ConfUtils.java:logGet(43)) - raft.grpc.server.port = 0 (default)
2019-11-05 08:34:17,296 [main] INFO  server.GrpcService (ConfUtils.java:logGet(43)) - raft.grpc.message.size.max = 33570816 (custom)
2019-11-05 08:34:17,296 [main] INFO  server.RaftServerConfigKeys (ConfUtils.java:logGet(43)) - raft.server.log.appender.buffer.byte-limit = 33554432 (custom)
2019-11-05 08:34:17,296 [main] INFO  server.GrpcService (ConfUtils.java:logGet(43)) - raft.grpc.flow.control.window = 1MB (=1048576) (default)
2019-11-05 08:34:17,296 [main] INFO  server.RaftServerConfigKeys (ConfUtils.java:logGet(43)) - raft.server.rpc.request.timeout = 3000ms (default)
2019-11-05 08:34:17,297 [main] INFO  server.RaftServerConfigKeys (ConfUtils.java:logGet(43)) - raft.server.storage.dir = [/workdir/hadoop-ozone/integration-test/target/test-dir/MiniOzoneClusterImpl-c1ac3406-7bea-4748-bbf9-a747646a8bff/datanode-0/data/ratis] (custom)
2019-11-05 08:34:17,299 [main] INFO  hdfs.DFSUtil (DFSUtil.java:httpServerTemplateForNNAndJN(1641)) - Starting Web-server for hddsDatanode at: http://0.0.0.0:0
2019-11-05 08:34:17,300 [main] INFO  server.AuthenticationFilter (AuthenticationFilter.java:constructSecretProvider(240)) - Unable to initialize FileSignerSecretProvider, falling back to use random secrets.
2019-11-05 08:34:17,301 [main] WARN  http.HttpRequestLog (HttpRequestLog.java:getRequestLog(97)) - Jetty request log can only be enabled using Log4j
2019-11-05 08:34:17,302 [main] INFO  http.HttpServer2 (HttpServer2.java:addGlobalFilter(975)) - Added global filter 'safety' (class=org.apache.hadoop.http.HttpServer2$QuotingInputFilter)
2019-11-05 08:34:17,303 [main] INFO  http.HttpServer2 (HttpServer2.java:addFilter(948)) - Added filter static_user_filter (class=org.apache.hadoop.http.lib.StaticUserWebFilter$StaticUserFilter) to context hddsDatanode
2019-11-05 08:34:17,303 [main] INFO  http.HttpServer2 (HttpServer2.java:addFilter(958)) - Added filter static_user_filter (class=org.apache.hadoop.http.lib.StaticUserWebFilter$StaticUserFilter) to context logs
2019-11-05 08:34:17,303 [main] INFO  http.HttpServer2 (HttpServer2.java:addFilter(958)) - Added filter static_user_filter (class=org.apache.hadoop.http.lib.StaticUserWebFilter$StaticUserFilter) to context static
2019-11-05 08:34:17,304 [main] INFO  http.HttpServer2 (HttpServer2.java:bindListener(1191)) - Jetty bound to port 41608
2019-11-05 08:34:17,304 [main] INFO  server.Server (Server.java:doStart(351)) - jetty-9.3.25.v20180904, build timestamp: 2018-09-04T21:11:46Z, git hash: 3ce520221d0240229c862b122d2b06c12a625732
2019-11-05 08:34:17,306 [main] INFO  handler.ContextHandler (ContextHandler.java:doStart(781)) - Started o.e.j.s.ServletContextHandler@d675f9f{/logs,file:///workdir/hadoop-ozone/integration-test/target/log,AVAILABLE}
2019-11-05 08:34:17,307 [main] INFO  handler.ContextHandler (ContextHandler.java:doStart(781)) - Started o.e.j.s.ServletContextHandler@49469ffa{/static,jar:file:/home/user/.m2/repository/org/apache/hadoop/hadoop-hdds-container-service/0.5.0-SNAPSHOT/hadoop-hdds-container-service-0.5.0-SNAPSHOT.jar!/webapps/static,AVAILABLE}
2019-11-05 08:34:17,343 [main] INFO  handler.ContextHandler (ContextHandler.java:doStart(781)) - Started o.e.j.w.WebAppContext@70f68288{/,file:///tmp/jetty-0.0.0.0-41608-hddsDatanode-_-any-6780792020746077491.dir/webapp/,AVAILABLE}{/hddsDatanode}
2019-11-05 08:34:17,343 [main] INFO  server.AbstractConnector (AbstractConnector.java:doStart(278)) - Started ServerConnector@46911148{HTTP/1.1,[http/1.1]}{0.0.0.0:41608}
2019-11-05 08:34:17,344 [main] INFO  server.Server (Server.java:doStart(419)) - Started @60906ms
2019-11-05 08:34:17,345 [main] WARN  impl.MetricsSystemImpl (MetricsSystemImpl.java:register(276)) - Sink prometheus already exists!
2019-11-05 08:34:17,345 [main] INFO  server.BaseHttpServer (BaseHttpServer.java:updateConnectorAddress(215)) - HTTP server of HDDSDATANODE is listening at http://0.0.0.0:41608
2019-11-05 08:34:17,346 [main] INFO  impl.MetricsSystemImpl (MetricsSystemImpl.java:init(158)) - HddsDatanode metrics system started (again)
2019-11-05 08:34:17,349 [main] INFO  ozone.HddsDatanodeService (HddsDatanodeService.java:start(184)) - HddsDatanodeService host:pr-hdds-1643-8bmlk-2934350033 ip:192.168.164.217
2019-11-05 08:34:17,349 [org.apache.hadoop.util.JvmPauseMonitor$Monitor@382c4da7] INFO  util.JvmPauseMonitor (JvmPauseMonitor.java:run(188)) - Starting JVM pause monitor
2019-11-05 08:34:17,352 [Datanode State Machine Thread - 0] INFO  datanode.InitDatanodeState (InitDatanodeState.java:persistContainerDatanodeDetails(140)) - DatanodeDetails is persisted to /workdir/hadoop-ozone/integration-test/target/test-dir/MiniOzoneClusterImpl-c1ac3406-7bea-4748-bbf9-a747646a8bff/datanode-0/meta/datanode.id
2019-11-05 08:34:17,355 [main] INFO  volume.HddsVolume (HddsVolume.java:<init>(176)) - Creating Volume: /workdir/hadoop-ozone/integration-test/target/test-dir/MiniOzoneClusterImpl-c1ac3406-7bea-4748-bbf9-a747646a8bff/datanode-1/data/containers/hdds of  storage type : DISK and capacity : 1482555576320
2019-11-05 08:34:17,355 [main] INFO  volume.VolumeSet (VolumeSet.java:initializeVolumeSet(170)) - Added Volume : /workdir/hadoop-ozone/integration-test/target/test-dir/MiniOzoneClusterImpl-c1ac3406-7bea-4748-bbf9-a747646a8bff/datanode-1/data/containers/hdds to VolumeSet
2019-11-05 08:34:17,355 [main] INFO  volume.ThrottledAsyncChecker (ThrottledAsyncChecker.java:schedule(141)) - Scheduling a check for /workdir/hadoop-ozone/integration-test/target/test-dir/MiniOzoneClusterImpl-c1ac3406-7bea-4748-bbf9-a747646a8bff/datanode-1/data/containers/hdds
2019-11-05 08:34:17,356 [main] INFO  volume.HddsVolumeChecker (HddsVolumeChecker.java:checkAllVolumes(204)) - Scheduled health check for volume /workdir/hadoop-ozone/integration-test/target/test-dir/MiniOzoneClusterImpl-c1ac3406-7bea-4748-bbf9-a747646a8bff/datanode-1/data/containers/hdds
2019-11-05 08:34:17,370 [main] INFO  impl.RaftServerProxy (ConfUtils.java:logGet(43)) - raft.rpc.type = GRPC (default)
2019-11-05 08:34:17,370 [main] INFO  grpc.GrpcFactory (GrpcFactory.java:checkPooledByteBufAllocatorUseCacheForAllThreads(45)) - PERFORMANCE WARNING: useCacheForAllThreads is true that may cause Netty to create a lot garbage objects and, as a result, trigger GC.
	It is recommended to disable useCacheForAllThreads by setting -Dorg.apache.ratis.thirdparty.io.netty.allocator.useCacheForAllThreads=false in command line.
2019-11-05 08:34:17,370 [main] INFO  grpc.GrpcConfigKeys$Server (ConfUtils.java:logGet(43)) - raft.grpc.server.port = 0 (default)
2019-11-05 08:34:17,370 [main] INFO  server.GrpcService (ConfUtils.java:logGet(43)) - raft.grpc.message.size.max = 33570816 (custom)
2019-11-05 08:34:17,370 [main] INFO  server.RaftServerConfigKeys (ConfUtils.java:logGet(43)) - raft.server.log.appender.buffer.byte-limit = 33554432 (custom)
2019-11-05 08:34:17,371 [main] INFO  server.GrpcService (ConfUtils.java:logGet(43)) - raft.grpc.flow.control.window = 1MB (=1048576) (default)
2019-11-05 08:34:17,371 [main] INFO  server.RaftServerConfigKeys (ConfUtils.java:logGet(43)) - raft.server.rpc.request.timeout = 3000ms (default)
2019-11-05 08:34:17,371 [main] INFO  server.RaftServerConfigKeys (ConfUtils.java:logGet(43)) - raft.server.storage.dir = [/workdir/hadoop-ozone/integration-test/target/test-dir/MiniOzoneClusterImpl-c1ac3406-7bea-4748-bbf9-a747646a8bff/datanode-1/data/ratis] (custom)
2019-11-05 08:34:17,373 [main] INFO  hdfs.DFSUtil (DFSUtil.java:httpServerTemplateForNNAndJN(1641)) - Starting Web-server for hddsDatanode at: http://0.0.0.0:0
2019-11-05 08:34:17,375 [main] INFO  server.AuthenticationFilter (AuthenticationFilter.java:constructSecretProvider(240)) - Unable to initialize FileSignerSecretProvider, falling back to use random secrets.
2019-11-05 08:34:17,376 [main] WARN  http.HttpRequestLog (HttpRequestLog.java:getRequestLog(97)) - Jetty request log can only be enabled using Log4j
2019-11-05 08:34:17,378 [main] INFO  http.HttpServer2 (HttpServer2.java:addGlobalFilter(975)) - Added global filter 'safety' (class=org.apache.hadoop.http.HttpServer2$QuotingInputFilter)
2019-11-05 08:34:17,379 [main] INFO  http.HttpServer2 (HttpServer2.java:addFilter(948)) - Added filter static_user_filter (class=org.apache.hadoop.http.lib.StaticUserWebFilter$StaticUserFilter) to context hddsDatanode
2019-11-05 08:34:17,379 [main] INFO  http.HttpServer2 (HttpServer2.java:addFilter(958)) - Added filter static_user_filter (class=org.apache.hadoop.http.lib.StaticUserWebFilter$StaticUserFilter) to context static
2019-11-05 08:34:17,379 [main] INFO  http.HttpServer2 (HttpServer2.java:addFilter(958)) - Added filter static_user_filter (class=org.apache.hadoop.http.lib.StaticUserWebFilter$StaticUserFilter) to context logs
2019-11-05 08:34:17,380 [main] INFO  http.HttpServer2 (HttpServer2.java:bindListener(1191)) - Jetty bound to port 38655
2019-11-05 08:34:17,381 [main] INFO  server.Server (Server.java:doStart(351)) - jetty-9.3.25.v20180904, build timestamp: 2018-09-04T21:11:46Z, git hash: 3ce520221d0240229c862b122d2b06c12a625732
2019-11-05 08:34:17,383 [main] INFO  handler.ContextHandler (ContextHandler.java:doStart(781)) - Started o.e.j.s.ServletContextHandler@493da830{/logs,file:///workdir/hadoop-ozone/integration-test/target/log,AVAILABLE}
2019-11-05 08:34:17,383 [main] INFO  handler.ContextHandler (ContextHandler.java:doStart(781)) - Started o.e.j.s.ServletContextHandler@45658133{/static,jar:file:/home/user/.m2/repository/org/apache/hadoop/hadoop-hdds-container-service/0.5.0-SNAPSHOT/hadoop-hdds-container-service-0.5.0-SNAPSHOT.jar!/webapps/static,AVAILABLE}
2019-11-05 08:34:17,418 [main] INFO  handler.ContextHandler (ContextHandler.java:doStart(781)) - Started o.e.j.w.WebAppContext@5416f8db{/,file:///tmp/jetty-0.0.0.0-38655-hddsDatanode-_-any-7847232765434924725.dir/webapp/,AVAILABLE}{/hddsDatanode}
2019-11-05 08:34:17,419 [main] INFO  server.AbstractConnector (AbstractConnector.java:doStart(278)) - Started ServerConnector@64e1377c{HTTP/1.1,[http/1.1]}{0.0.0.0:38655}
2019-11-05 08:34:17,420 [main] INFO  server.Server (Server.java:doStart(419)) - Started @60982ms
2019-11-05 08:34:17,420 [main] WARN  impl.MetricsSystemImpl (MetricsSystemImpl.java:register(276)) - Sink prometheus already exists!
2019-11-05 08:34:17,421 [main] INFO  server.BaseHttpServer (BaseHttpServer.java:updateConnectorAddress(215)) - HTTP server of HDDSDATANODE is listening at http://0.0.0.0:38655
2019-11-05 08:34:17,421 [main] INFO  impl.MetricsSystemImpl (MetricsSystemImpl.java:init(158)) - HddsDatanode metrics system started (again)
2019-11-05 08:34:17,424 [org.apache.hadoop.util.JvmPauseMonitor$Monitor@71f3358d] INFO  util.JvmPauseMonitor (JvmPauseMonitor.java:run(188)) - Starting JVM pause monitor
2019-11-05 08:34:17,424 [main] INFO  ozone.HddsDatanodeService (HddsDatanodeService.java:start(184)) - HddsDatanodeService host:pr-hdds-1643-8bmlk-2934350033 ip:192.168.164.217
2019-11-05 08:34:17,426 [Datanode State Machine Thread - 0] INFO  datanode.InitDatanodeState (InitDatanodeState.java:persistContainerDatanodeDetails(140)) - DatanodeDetails is persisted to /workdir/hadoop-ozone/integration-test/target/test-dir/MiniOzoneClusterImpl-c1ac3406-7bea-4748-bbf9-a747646a8bff/datanode-1/meta/datanode.id
2019-11-05 08:34:17,431 [main] INFO  volume.HddsVolume (HddsVolume.java:<init>(176)) - Creating Volume: /workdir/hadoop-ozone/integration-test/target/test-dir/MiniOzoneClusterImpl-c1ac3406-7bea-4748-bbf9-a747646a8bff/datanode-2/data/containers/hdds of  storage type : DISK and capacity : 1482555576320
2019-11-05 08:34:17,431 [main] INFO  volume.VolumeSet (VolumeSet.java:initializeVolumeSet(170)) - Added Volume : /workdir/hadoop-ozone/integration-test/target/test-dir/MiniOzoneClusterImpl-c1ac3406-7bea-4748-bbf9-a747646a8bff/datanode-2/data/containers/hdds to VolumeSet
2019-11-05 08:34:17,431 [main] INFO  volume.ThrottledAsyncChecker (ThrottledAsyncChecker.java:schedule(141)) - Scheduling a check for /workdir/hadoop-ozone/integration-test/target/test-dir/MiniOzoneClusterImpl-c1ac3406-7bea-4748-bbf9-a747646a8bff/datanode-2/data/containers/hdds
2019-11-05 08:34:17,432 [main] INFO  volume.HddsVolumeChecker (HddsVolumeChecker.java:checkAllVolumes(204)) - Scheduled health check for volume /workdir/hadoop-ozone/integration-test/target/test-dir/MiniOzoneClusterImpl-c1ac3406-7bea-4748-bbf9-a747646a8bff/datanode-2/data/containers/hdds
2019-11-05 08:34:17,444 [main] INFO  impl.RaftServerProxy (ConfUtils.java:logGet(43)) - raft.rpc.type = GRPC (default)
2019-11-05 08:34:17,444 [main] INFO  grpc.GrpcFactory (GrpcFactory.java:checkPooledByteBufAllocatorUseCacheForAllThreads(45)) - PERFORMANCE WARNING: useCacheForAllThreads is true that may cause Netty to create a lot garbage objects and, as a result, trigger GC.
	It is recommended to disable useCacheForAllThreads by setting -Dorg.apache.ratis.thirdparty.io.netty.allocator.useCacheForAllThreads=false in command line.
2019-11-05 08:34:17,444 [main] INFO  grpc.GrpcConfigKeys$Server (ConfUtils.java:logGet(43)) - raft.grpc.server.port = 0 (default)
2019-11-05 08:34:17,444 [main] INFO  server.GrpcService (ConfUtils.java:logGet(43)) - raft.grpc.message.size.max = 33570816 (custom)
2019-11-05 08:34:17,445 [main] INFO  server.RaftServerConfigKeys (ConfUtils.java:logGet(43)) - raft.server.log.appender.buffer.byte-limit = 33554432 (custom)
2019-11-05 08:34:17,445 [main] INFO  server.GrpcService (ConfUtils.java:logGet(43)) - raft.grpc.flow.control.window = 1MB (=1048576) (default)
2019-11-05 08:34:17,445 [main] INFO  server.RaftServerConfigKeys (ConfUtils.java:logGet(43)) - raft.server.rpc.request.timeout = 3000ms (default)
2019-11-05 08:34:17,445 [main] INFO  server.RaftServerConfigKeys (ConfUtils.java:logGet(43)) - raft.server.storage.dir = [/workdir/hadoop-ozone/integration-test/target/test-dir/MiniOzoneClusterImpl-c1ac3406-7bea-4748-bbf9-a747646a8bff/datanode-2/data/ratis] (custom)
2019-11-05 08:34:17,447 [main] INFO  hdfs.DFSUtil (DFSUtil.java:httpServerTemplateForNNAndJN(1641)) - Starting Web-server for hddsDatanode at: http://0.0.0.0:0
2019-11-05 08:34:17,448 [main] INFO  server.AuthenticationFilter (AuthenticationFilter.java:constructSecretProvider(240)) - Unable to initialize FileSignerSecretProvider, falling back to use random secrets.
2019-11-05 08:34:17,449 [main] WARN  http.HttpRequestLog (HttpRequestLog.java:getRequestLog(97)) - Jetty request log can only be enabled using Log4j
2019-11-05 08:34:17,450 [main] INFO  http.HttpServer2 (HttpServer2.java:addGlobalFilter(975)) - Added global filter 'safety' (class=org.apache.hadoop.http.HttpServer2$QuotingInputFilter)
2019-11-05 08:34:17,451 [main] INFO  http.HttpServer2 (HttpServer2.java:addFilter(948)) - Added filter static_user_filter (class=org.apache.hadoop.http.lib.StaticUserWebFilter$StaticUserFilter) to context hddsDatanode
2019-11-05 08:34:17,451 [main] INFO  http.HttpServer2 (HttpServer2.java:addFilter(958)) - Added filter static_user_filter (class=org.apache.hadoop.http.lib.StaticUserWebFilter$StaticUserFilter) to context logs
2019-11-05 08:34:17,452 [main] INFO  http.HttpServer2 (HttpServer2.java:addFilter(958)) - Added filter static_user_filter (class=org.apache.hadoop.http.lib.StaticUserWebFilter$StaticUserFilter) to context static
2019-11-05 08:34:17,453 [main] INFO  http.HttpServer2 (HttpServer2.java:bindListener(1191)) - Jetty bound to port 45883
2019-11-05 08:34:17,453 [main] INFO  server.Server (Server.java:doStart(351)) - jetty-9.3.25.v20180904, build timestamp: 2018-09-04T21:11:46Z, git hash: 3ce520221d0240229c862b122d2b06c12a625732
2019-11-05 08:34:17,455 [main] INFO  handler.ContextHandler (ContextHandler.java:doStart(781)) - Started o.e.j.s.ServletContextHandler@3069a360{/logs,file:///workdir/hadoop-ozone/integration-test/target/log,AVAILABLE}
2019-11-05 08:34:17,455 [main] INFO  handler.ContextHandler (ContextHandler.java:doStart(781)) - Started o.e.j.s.ServletContextHandler@7885776b{/static,jar:file:/home/user/.m2/repository/org/apache/hadoop/hadoop-hdds-container-service/0.5.0-SNAPSHOT/hadoop-hdds-container-service-0.5.0-SNAPSHOT.jar!/webapps/static,AVAILABLE}
2019-11-05 08:34:17,491 [main] INFO  handler.ContextHandler (ContextHandler.java:doStart(781)) - Started o.e.j.w.WebAppContext@4b0bd001{/,file:///tmp/jetty-0.0.0.0-45883-hddsDatanode-_-any-3176506595971050122.dir/webapp/,AVAILABLE}{/hddsDatanode}
2019-11-05 08:34:17,491 [main] INFO  server.AbstractConnector (AbstractConnector.java:doStart(278)) - Started ServerConnector@f9cab00{HTTP/1.1,[http/1.1]}{0.0.0.0:45883}
2019-11-05 08:34:17,492 [main] INFO  server.Server (Server.java:doStart(419)) - Started @61054ms
2019-11-05 08:34:17,492 [main] WARN  impl.MetricsSystemImpl (MetricsSystemImpl.java:register(276)) - Sink prometheus already exists!
2019-11-05 08:34:17,493 [main] INFO  server.BaseHttpServer (BaseHttpServer.java:updateConnectorAddress(215)) - HTTP server of HDDSDATANODE is listening at http://0.0.0.0:45883
2019-11-05 08:34:17,493 [main] INFO  impl.MetricsSystemImpl (MetricsSystemImpl.java:init(158)) - HddsDatanode metrics system started (again)
2019-11-05 08:34:17,496 [main] INFO  ozone.HddsDatanodeService (HddsDatanodeService.java:start(184)) - HddsDatanodeService host:pr-hdds-1643-8bmlk-2934350033 ip:192.168.164.217
2019-11-05 08:34:17,496 [org.apache.hadoop.util.JvmPauseMonitor$Monitor@2467ecb1] INFO  util.JvmPauseMonitor (JvmPauseMonitor.java:run(188)) - Starting JVM pause monitor
2019-11-05 08:34:17,498 [Datanode State Machine Thread - 0] INFO  datanode.InitDatanodeState (InitDatanodeState.java:persistContainerDatanodeDetails(140)) - DatanodeDetails is persisted to /workdir/hadoop-ozone/integration-test/target/test-dir/MiniOzoneClusterImpl-c1ac3406-7bea-4748-bbf9-a747646a8bff/datanode-2/meta/datanode.id
2019-11-05 08:34:17,503 [main] INFO  volume.HddsVolume (HddsVolume.java:<init>(176)) - Creating Volume: /workdir/hadoop-ozone/integration-test/target/test-dir/MiniOzoneClusterImpl-c1ac3406-7bea-4748-bbf9-a747646a8bff/datanode-3/data/containers/hdds of  storage type : DISK and capacity : 1482555576320
2019-11-05 08:34:17,503 [main] INFO  volume.VolumeSet (VolumeSet.java:initializeVolumeSet(170)) - Added Volume : /workdir/hadoop-ozone/integration-test/target/test-dir/MiniOzoneClusterImpl-c1ac3406-7bea-4748-bbf9-a747646a8bff/datanode-3/data/containers/hdds to VolumeSet
2019-11-05 08:34:17,504 [main] INFO  volume.ThrottledAsyncChecker (ThrottledAsyncChecker.java:schedule(141)) - Scheduling a check for /workdir/hadoop-ozone/integration-test/target/test-dir/MiniOzoneClusterImpl-c1ac3406-7bea-4748-bbf9-a747646a8bff/datanode-3/data/containers/hdds
2019-11-05 08:34:17,504 [main] INFO  volume.HddsVolumeChecker (HddsVolumeChecker.java:checkAllVolumes(204)) - Scheduled health check for volume /workdir/hadoop-ozone/integration-test/target/test-dir/MiniOzoneClusterImpl-c1ac3406-7bea-4748-bbf9-a747646a8bff/datanode-3/data/containers/hdds
2019-11-05 08:34:17,516 [main] INFO  impl.RaftServerProxy (ConfUtils.java:logGet(43)) - raft.rpc.type = GRPC (default)
2019-11-05 08:34:17,516 [main] INFO  grpc.GrpcFactory (GrpcFactory.java:checkPooledByteBufAllocatorUseCacheForAllThreads(45)) - PERFORMANCE WARNING: useCacheForAllThreads is true that may cause Netty to create a lot garbage objects and, as a result, trigger GC.
	It is recommended to disable useCacheForAllThreads by setting -Dorg.apache.ratis.thirdparty.io.netty.allocator.useCacheForAllThreads=false in command line.
2019-11-05 08:34:17,516 [main] INFO  grpc.GrpcConfigKeys$Server (ConfUtils.java:logGet(43)) - raft.grpc.server.port = 0 (default)
2019-11-05 08:34:17,516 [main] INFO  server.GrpcService (ConfUtils.java:logGet(43)) - raft.grpc.message.size.max = 33570816 (custom)
2019-11-05 08:34:17,516 [main] INFO  server.RaftServerConfigKeys (ConfUtils.java:logGet(43)) - raft.server.log.appender.buffer.byte-limit = 33554432 (custom)
2019-11-05 08:34:17,516 [main] INFO  server.GrpcService (ConfUtils.java:logGet(43)) - raft.grpc.flow.control.window = 1MB (=1048576) (default)
2019-11-05 08:34:17,517 [main] INFO  server.RaftServerConfigKeys (ConfUtils.java:logGet(43)) - raft.server.rpc.request.timeout = 3000ms (default)
2019-11-05 08:34:17,517 [main] INFO  server.RaftServerConfigKeys (ConfUtils.java:logGet(43)) - raft.server.storage.dir = [/workdir/hadoop-ozone/integration-test/target/test-dir/MiniOzoneClusterImpl-c1ac3406-7bea-4748-bbf9-a747646a8bff/datanode-3/data/ratis] (custom)
2019-11-05 08:34:17,518 [main] INFO  hdfs.DFSUtil (DFSUtil.java:httpServerTemplateForNNAndJN(1641)) - Starting Web-server for hddsDatanode at: http://0.0.0.0:0
2019-11-05 08:34:17,519 [main] INFO  server.AuthenticationFilter (AuthenticationFilter.java:constructSecretProvider(240)) - Unable to initialize FileSignerSecretProvider, falling back to use random secrets.
2019-11-05 08:34:17,520 [main] WARN  http.HttpRequestLog (HttpRequestLog.java:getRequestLog(97)) - Jetty request log can only be enabled using Log4j
2019-11-05 08:34:17,521 [main] INFO  http.HttpServer2 (HttpServer2.java:addGlobalFilter(975)) - Added global filter 'safety' (class=org.apache.hadoop.http.HttpServer2$QuotingInputFilter)
2019-11-05 08:34:17,521 [main] INFO  http.HttpServer2 (HttpServer2.java:addFilter(948)) - Added filter static_user_filter (class=org.apache.hadoop.http.lib.StaticUserWebFilter$StaticUserFilter) to context hddsDatanode
2019-11-05 08:34:17,521 [main] INFO  http.HttpServer2 (HttpServer2.java:addFilter(958)) - Added filter static_user_filter (class=org.apache.hadoop.http.lib.StaticUserWebFilter$StaticUserFilter) to context logs
2019-11-05 08:34:17,521 [main] INFO  http.HttpServer2 (HttpServer2.java:addFilter(958)) - Added filter static_user_filter (class=org.apache.hadoop.http.lib.StaticUserWebFilter$StaticUserFilter) to context static
2019-11-05 08:34:17,522 [main] INFO  http.HttpServer2 (HttpServer2.java:bindListener(1191)) - Jetty bound to port 39403
2019-11-05 08:34:17,522 [main] INFO  server.Server (Server.java:doStart(351)) - jetty-9.3.25.v20180904, build timestamp: 2018-09-04T21:11:46Z, git hash: 3ce520221d0240229c862b122d2b06c12a625732
2019-11-05 08:34:17,523 [main] INFO  handler.ContextHandler (ContextHandler.java:doStart(781)) - Started o.e.j.s.ServletContextHandler@2e13f304{/logs,file:///workdir/hadoop-ozone/integration-test/target/log,AVAILABLE}
2019-11-05 08:34:17,524 [main] INFO  handler.ContextHandler (ContextHandler.java:doStart(781)) - Started o.e.j.s.ServletContextHandler@3d24420b{/static,jar:file:/home/user/.m2/repository/org/apache/hadoop/hadoop-hdds-container-service/0.5.0-SNAPSHOT/hadoop-hdds-container-service-0.5.0-SNAPSHOT.jar!/webapps/static,AVAILABLE}
2019-11-05 08:34:17,554 [main] INFO  handler.ContextHandler (ContextHandler.java:doStart(781)) - Started o.e.j.w.WebAppContext@20a967fe{/,file:///tmp/jetty-0.0.0.0-39403-hddsDatanode-_-any-865404624564308543.dir/webapp/,AVAILABLE}{/hddsDatanode}
2019-11-05 08:34:17,555 [main] INFO  server.AbstractConnector (AbstractConnector.java:doStart(278)) - Started ServerConnector@405b6d75{HTTP/1.1,[http/1.1]}{0.0.0.0:39403}
2019-11-05 08:34:17,556 [main] INFO  server.Server (Server.java:doStart(419)) - Started @61118ms
2019-11-05 08:34:17,556 [main] WARN  impl.MetricsSystemImpl (MetricsSystemImpl.java:register(276)) - Sink prometheus already exists!
2019-11-05 08:34:17,557 [main] INFO  server.BaseHttpServer (BaseHttpServer.java:updateConnectorAddress(215)) - HTTP server of HDDSDATANODE is listening at http://0.0.0.0:39403
2019-11-05 08:34:17,557 [main] INFO  impl.MetricsSystemImpl (MetricsSystemImpl.java:init(158)) - HddsDatanode metrics system started (again)
2019-11-05 08:34:17,561 [org.apache.hadoop.util.JvmPauseMonitor$Monitor@44805499] INFO  util.JvmPauseMonitor (JvmPauseMonitor.java:run(188)) - Starting JVM pause monitor
2019-11-05 08:34:17,561 [main] INFO  ozone.HddsDatanodeService (HddsDatanodeService.java:start(184)) - HddsDatanodeService host:pr-hdds-1643-8bmlk-2934350033 ip:192.168.164.217
2019-11-05 08:34:17,563 [Datanode State Machine Thread - 0] INFO  datanode.InitDatanodeState (InitDatanodeState.java:persistContainerDatanodeDetails(140)) - DatanodeDetails is persisted to /workdir/hadoop-ozone/integration-test/target/test-dir/MiniOzoneClusterImpl-c1ac3406-7bea-4748-bbf9-a747646a8bff/datanode-3/meta/datanode.id
2019-11-05 08:34:17,567 [main] INFO  volume.HddsVolume (HddsVolume.java:<init>(176)) - Creating Volume: /workdir/hadoop-ozone/integration-test/target/test-dir/MiniOzoneClusterImpl-c1ac3406-7bea-4748-bbf9-a747646a8bff/datanode-4/data/containers/hdds of  storage type : DISK and capacity : 1482555576320
2019-11-05 08:34:17,567 [main] INFO  volume.VolumeSet (VolumeSet.java:initializeVolumeSet(170)) - Added Volume : /workdir/hadoop-ozone/integration-test/target/test-dir/MiniOzoneClusterImpl-c1ac3406-7bea-4748-bbf9-a747646a8bff/datanode-4/data/containers/hdds to VolumeSet
2019-11-05 08:34:17,567 [main] INFO  volume.ThrottledAsyncChecker (ThrottledAsyncChecker.java:schedule(141)) - Scheduling a check for /workdir/hadoop-ozone/integration-test/target/test-dir/MiniOzoneClusterImpl-c1ac3406-7bea-4748-bbf9-a747646a8bff/datanode-4/data/containers/hdds
2019-11-05 08:34:17,568 [main] INFO  volume.HddsVolumeChecker (HddsVolumeChecker.java:checkAllVolumes(204)) - Scheduled health check for volume /workdir/hadoop-ozone/integration-test/target/test-dir/MiniOzoneClusterImpl-c1ac3406-7bea-4748-bbf9-a747646a8bff/datanode-4/data/containers/hdds
2019-11-05 08:34:17,580 [main] INFO  impl.RaftServerProxy (ConfUtils.java:logGet(43)) - raft.rpc.type = GRPC (default)
2019-11-05 08:34:17,580 [main] INFO  grpc.GrpcFactory (GrpcFactory.java:checkPooledByteBufAllocatorUseCacheForAllThreads(45)) - PERFORMANCE WARNING: useCacheForAllThreads is true that may cause Netty to create a lot garbage objects and, as a result, trigger GC.
	It is recommended to disable useCacheForAllThreads by setting -Dorg.apache.ratis.thirdparty.io.netty.allocator.useCacheForAllThreads=false in command line.
2019-11-05 08:34:17,580 [main] INFO  grpc.GrpcConfigKeys$Server (ConfUtils.java:logGet(43)) - raft.grpc.server.port = 0 (default)
2019-11-05 08:34:17,580 [main] INFO  server.GrpcService (ConfUtils.java:logGet(43)) - raft.grpc.message.size.max = 33570816 (custom)
2019-11-05 08:34:17,580 [main] INFO  server.RaftServerConfigKeys (ConfUtils.java:logGet(43)) - raft.server.log.appender.buffer.byte-limit = 33554432 (custom)
2019-11-05 08:34:17,580 [main] INFO  server.GrpcService (ConfUtils.java:logGet(43)) - raft.grpc.flow.control.window = 1MB (=1048576) (default)
2019-11-05 08:34:17,581 [main] INFO  server.RaftServerConfigKeys (ConfUtils.java:logGet(43)) - raft.server.rpc.request.timeout = 3000ms (default)
2019-11-05 08:34:17,581 [main] INFO  server.RaftServerConfigKeys (ConfUtils.java:logGet(43)) - raft.server.storage.dir = [/workdir/hadoop-ozone/integration-test/target/test-dir/MiniOzoneClusterImpl-c1ac3406-7bea-4748-bbf9-a747646a8bff/datanode-4/data/ratis] (custom)
2019-11-05 08:34:17,582 [main] INFO  hdfs.DFSUtil (DFSUtil.java:httpServerTemplateForNNAndJN(1641)) - Starting Web-server for hddsDatanode at: http://0.0.0.0:0
2019-11-05 08:34:17,584 [main] INFO  server.AuthenticationFilter (AuthenticationFilter.java:constructSecretProvider(240)) - Unable to initialize FileSignerSecretProvider, falling back to use random secrets.
2019-11-05 08:34:17,584 [main] WARN  http.HttpRequestLog (HttpRequestLog.java:getRequestLog(97)) - Jetty request log can only be enabled using Log4j
2019-11-05 08:34:17,585 [main] INFO  http.HttpServer2 (HttpServer2.java:addGlobalFilter(975)) - Added global filter 'safety' (class=org.apache.hadoop.http.HttpServer2$QuotingInputFilter)
2019-11-05 08:34:17,585 [main] INFO  http.HttpServer2 (HttpServer2.java:addFilter(948)) - Added filter static_user_filter (class=org.apache.hadoop.http.lib.StaticUserWebFilter$StaticUserFilter) to context hddsDatanode
2019-11-05 08:34:17,586 [main] INFO  http.HttpServer2 (HttpServer2.java:addFilter(958)) - Added filter static_user_filter (class=org.apache.hadoop.http.lib.StaticUserWebFilter$StaticUserFilter) to context static
2019-11-05 08:34:17,586 [main] INFO  http.HttpServer2 (HttpServer2.java:addFilter(958)) - Added filter static_user_filter (class=org.apache.hadoop.http.lib.StaticUserWebFilter$StaticUserFilter) to context logs
2019-11-05 08:34:17,586 [main] INFO  http.HttpServer2 (HttpServer2.java:bindListener(1191)) - Jetty bound to port 41071
2019-11-05 08:34:17,586 [main] INFO  server.Server (Server.java:doStart(351)) - jetty-9.3.25.v20180904, build timestamp: 2018-09-04T21:11:46Z, git hash: 3ce520221d0240229c862b122d2b06c12a625732
2019-11-05 08:34:17,588 [main] INFO  handler.ContextHandler (ContextHandler.java:doStart(781)) - Started o.e.j.s.ServletContextHandler@427a12b6{/logs,file:///workdir/hadoop-ozone/integration-test/target/log,AVAILABLE}
2019-11-05 08:34:17,588 [main] INFO  handler.ContextHandler (ContextHandler.java:doStart(781)) - Started o.e.j.s.ServletContextHandler@af7e376{/static,jar:file:/home/user/.m2/repository/org/apache/hadoop/hadoop-hdds-container-service/0.5.0-SNAPSHOT/hadoop-hdds-container-service-0.5.0-SNAPSHOT.jar!/webapps/static,AVAILABLE}
2019-11-05 08:34:17,617 [main] INFO  handler.ContextHandler (ContextHandler.java:doStart(781)) - Started o.e.j.w.WebAppContext@7f9e8421{/,file:///tmp/jetty-0.0.0.0-41071-hddsDatanode-_-any-731899296834127665.dir/webapp/,AVAILABLE}{/hddsDatanode}
2019-11-05 08:34:17,617 [main] INFO  server.AbstractConnector (AbstractConnector.java:doStart(278)) - Started ServerConnector@23da79eb{HTTP/1.1,[http/1.1]}{0.0.0.0:41071}
2019-11-05 08:34:17,618 [main] INFO  server.Server (Server.java:doStart(419)) - Started @61180ms
2019-11-05 08:34:17,618 [main] WARN  impl.MetricsSystemImpl (MetricsSystemImpl.java:register(276)) - Sink prometheus already exists!
2019-11-05 08:34:17,619 [main] INFO  server.BaseHttpServer (BaseHttpServer.java:updateConnectorAddress(215)) - HTTP server of HDDSDATANODE is listening at http://0.0.0.0:41071
2019-11-05 08:34:17,619 [main] INFO  impl.MetricsSystemImpl (MetricsSystemImpl.java:init(158)) - HddsDatanode metrics system started (again)
2019-11-05 08:34:17,623 [org.apache.hadoop.util.JvmPauseMonitor$Monitor@c36a769] INFO  util.JvmPauseMonitor (JvmPauseMonitor.java:run(188)) - Starting JVM pause monitor
2019-11-05 08:34:17,623 [main] INFO  ozone.HddsDatanodeService (HddsDatanodeService.java:start(184)) - HddsDatanodeService host:pr-hdds-1643-8bmlk-2934350033 ip:192.168.164.217
2019-11-05 08:34:17,625 [Datanode State Machine Thread - 0] INFO  datanode.InitDatanodeState (InitDatanodeState.java:persistContainerDatanodeDetails(140)) - DatanodeDetails is persisted to /workdir/hadoop-ozone/integration-test/target/test-dir/MiniOzoneClusterImpl-c1ac3406-7bea-4748-bbf9-a747646a8bff/datanode-4/meta/datanode.id
2019-11-05 08:34:17,629 [main] INFO  volume.HddsVolume (HddsVolume.java:<init>(176)) - Creating Volume: /workdir/hadoop-ozone/integration-test/target/test-dir/MiniOzoneClusterImpl-c1ac3406-7bea-4748-bbf9-a747646a8bff/datanode-5/data/containers/hdds of  storage type : DISK and capacity : 1482555576320
2019-11-05 08:34:17,630 [main] INFO  volume.VolumeSet (VolumeSet.java:initializeVolumeSet(170)) - Added Volume : /workdir/hadoop-ozone/integration-test/target/test-dir/MiniOzoneClusterImpl-c1ac3406-7bea-4748-bbf9-a747646a8bff/datanode-5/data/containers/hdds to VolumeSet
2019-11-05 08:34:17,630 [main] INFO  volume.ThrottledAsyncChecker (ThrottledAsyncChecker.java:schedule(141)) - Scheduling a check for /workdir/hadoop-ozone/integration-test/target/test-dir/MiniOzoneClusterImpl-c1ac3406-7bea-4748-bbf9-a747646a8bff/datanode-5/data/containers/hdds
2019-11-05 08:34:17,630 [main] INFO  volume.HddsVolumeChecker (HddsVolumeChecker.java:checkAllVolumes(204)) - Scheduled health check for volume /workdir/hadoop-ozone/integration-test/target/test-dir/MiniOzoneClusterImpl-c1ac3406-7bea-4748-bbf9-a747646a8bff/datanode-5/data/containers/hdds
2019-11-05 08:34:17,642 [main] INFO  impl.RaftServerProxy (ConfUtils.java:logGet(43)) - raft.rpc.type = GRPC (default)
2019-11-05 08:34:17,642 [main] INFO  grpc.GrpcFactory (GrpcFactory.java:checkPooledByteBufAllocatorUseCacheForAllThreads(45)) - PERFORMANCE WARNING: useCacheForAllThreads is true that may cause Netty to create a lot garbage objects and, as a result, trigger GC.
	It is recommended to disable useCacheForAllThreads by setting -Dorg.apache.ratis.thirdparty.io.netty.allocator.useCacheForAllThreads=false in command line.
2019-11-05 08:34:17,642 [main] INFO  grpc.GrpcConfigKeys$Server (ConfUtils.java:logGet(43)) - raft.grpc.server.port = 0 (default)
2019-11-05 08:34:17,643 [main] INFO  server.GrpcService (ConfUtils.java:logGet(43)) - raft.grpc.message.size.max = 33570816 (custom)
2019-11-05 08:34:17,643 [main] INFO  server.RaftServerConfigKeys (ConfUtils.java:logGet(43)) - raft.server.log.appender.buffer.byte-limit = 33554432 (custom)
2019-11-05 08:34:17,643 [main] INFO  server.GrpcService (ConfUtils.java:logGet(43)) - raft.grpc.flow.control.window = 1MB (=1048576) (default)
2019-11-05 08:34:17,643 [main] INFO  server.RaftServerConfigKeys (ConfUtils.java:logGet(43)) - raft.server.rpc.request.timeout = 3000ms (default)
2019-11-05 08:34:17,644 [main] INFO  server.RaftServerConfigKeys (ConfUtils.java:logGet(43)) - raft.server.storage.dir = [/workdir/hadoop-ozone/integration-test/target/test-dir/MiniOzoneClusterImpl-c1ac3406-7bea-4748-bbf9-a747646a8bff/datanode-5/data/ratis] (custom)
2019-11-05 08:34:17,646 [main] INFO  hdfs.DFSUtil (DFSUtil.java:httpServerTemplateForNNAndJN(1641)) - Starting Web-server for hddsDatanode at: http://0.0.0.0:0
2019-11-05 08:34:17,648 [main] INFO  server.AuthenticationFilter (AuthenticationFilter.java:constructSecretProvider(240)) - Unable to initialize FileSignerSecretProvider, falling back to use random secrets.
2019-11-05 08:34:17,649 [main] WARN  http.HttpRequestLog (HttpRequestLog.java:getRequestLog(97)) - Jetty request log can only be enabled using Log4j
2019-11-05 08:34:17,651 [main] INFO  http.HttpServer2 (HttpServer2.java:addGlobalFilter(975)) - Added global filter 'safety' (class=org.apache.hadoop.http.HttpServer2$QuotingInputFilter)
2019-11-05 08:34:17,652 [main] INFO  http.HttpServer2 (HttpServer2.java:addFilter(948)) - Added filter static_user_filter (class=org.apache.hadoop.http.lib.StaticUserWebFilter$StaticUserFilter) to context hddsDatanode
2019-11-05 08:34:17,653 [main] INFO  http.HttpServer2 (HttpServer2.java:addFilter(958)) - Added filter static_user_filter (class=org.apache.hadoop.http.lib.StaticUserWebFilter$StaticUserFilter) to context logs
2019-11-05 08:34:17,653 [main] INFO  http.HttpServer2 (HttpServer2.java:addFilter(958)) - Added filter static_user_filter (class=org.apache.hadoop.http.lib.StaticUserWebFilter$StaticUserFilter) to context static
2019-11-05 08:34:17,655 [main] INFO  http.HttpServer2 (HttpServer2.java:bindListener(1191)) - Jetty bound to port 41028
2019-11-05 08:34:17,655 [main] INFO  server.Server (Server.java:doStart(351)) - jetty-9.3.25.v20180904, build timestamp: 2018-09-04T21:11:46Z, git hash: 3ce520221d0240229c862b122d2b06c12a625732
2019-11-05 08:34:17,657 [main] INFO  handler.ContextHandler (ContextHandler.java:doStart(781)) - Started o.e.j.s.ServletContextHandler@59939293{/logs,file:///workdir/hadoop-ozone/integration-test/target/log,AVAILABLE}
2019-11-05 08:34:17,658 [main] INFO  handler.ContextHandler (ContextHandler.java:doStart(781)) - Started o.e.j.s.ServletContextHandler@2d74c81b{/static,jar:file:/home/user/.m2/repository/org/apache/hadoop/hadoop-hdds-container-service/0.5.0-SNAPSHOT/hadoop-hdds-container-service-0.5.0-SNAPSHOT.jar!/webapps/static,AVAILABLE}
2019-11-05 08:34:17,705 [main] INFO  handler.ContextHandler (ContextHandler.java:doStart(781)) - Started o.e.j.w.WebAppContext@4e224df5{/,file:///tmp/jetty-0.0.0.0-41028-hddsDatanode-_-any-247255650271788726.dir/webapp/,AVAILABLE}{/hddsDatanode}
2019-11-05 08:34:17,706 [main] INFO  server.AbstractConnector (AbstractConnector.java:doStart(278)) - Started ServerConnector@32456db0{HTTP/1.1,[http/1.1]}{0.0.0.0:41028}
2019-11-05 08:34:17,707 [main] INFO  server.Server (Server.java:doStart(419)) - Started @61269ms
2019-11-05 08:34:17,707 [main] WARN  impl.MetricsSystemImpl (MetricsSystemImpl.java:register(276)) - Sink prometheus already exists!
2019-11-05 08:34:17,710 [main] INFO  server.BaseHttpServer (BaseHttpServer.java:updateConnectorAddress(215)) - HTTP server of HDDSDATANODE is listening at http://0.0.0.0:41028
2019-11-05 08:34:17,710 [main] INFO  impl.MetricsSystemImpl (MetricsSystemImpl.java:init(158)) - HddsDatanode metrics system started (again)
2019-11-05 08:34:17,716 [org.apache.hadoop.util.JvmPauseMonitor$Monitor@5221344f] INFO  util.JvmPauseMonitor (JvmPauseMonitor.java:run(188)) - Starting JVM pause monitor
2019-11-05 08:34:17,717 [main] INFO  ozone.HddsDatanodeService (HddsDatanodeService.java:start(184)) - HddsDatanodeService host:pr-hdds-1643-8bmlk-2934350033 ip:192.168.164.217
2019-11-05 08:34:17,718 [Datanode State Machine Thread - 0] INFO  datanode.InitDatanodeState (InitDatanodeState.java:persistContainerDatanodeDetails(140)) - DatanodeDetails is persisted to /workdir/hadoop-ozone/integration-test/target/test-dir/MiniOzoneClusterImpl-c1ac3406-7bea-4748-bbf9-a747646a8bff/datanode-5/meta/datanode.id
2019-11-05 08:34:17,724 [main] INFO  volume.HddsVolume (HddsVolume.java:<init>(176)) - Creating Volume: /workdir/hadoop-ozone/integration-test/target/test-dir/MiniOzoneClusterImpl-c1ac3406-7bea-4748-bbf9-a747646a8bff/datanode-6/data/containers/hdds of  storage type : DISK and capacity : 1482555576320
2019-11-05 08:34:17,724 [main] INFO  volume.VolumeSet (VolumeSet.java:initializeVolumeSet(170)) - Added Volume : /workdir/hadoop-ozone/integration-test/target/test-dir/MiniOzoneClusterImpl-c1ac3406-7bea-4748-bbf9-a747646a8bff/datanode-6/data/containers/hdds to VolumeSet
2019-11-05 08:34:17,724 [main] INFO  volume.ThrottledAsyncChecker (ThrottledAsyncChecker.java:schedule(141)) - Scheduling a check for /workdir/hadoop-ozone/integration-test/target/test-dir/MiniOzoneClusterImpl-c1ac3406-7bea-4748-bbf9-a747646a8bff/datanode-6/data/containers/hdds
2019-11-05 08:34:17,725 [main] INFO  volume.HddsVolumeChecker (HddsVolumeChecker.java:checkAllVolumes(204)) - Scheduled health check for volume /workdir/hadoop-ozone/integration-test/target/test-dir/MiniOzoneClusterImpl-c1ac3406-7bea-4748-bbf9-a747646a8bff/datanode-6/data/containers/hdds
2019-11-05 08:34:17,743 [main] INFO  impl.RaftServerProxy (ConfUtils.java:logGet(43)) - raft.rpc.type = GRPC (default)
2019-11-05 08:34:17,744 [main] INFO  grpc.GrpcFactory (GrpcFactory.java:checkPooledByteBufAllocatorUseCacheForAllThreads(45)) - PERFORMANCE WARNING: useCacheForAllThreads is true that may cause Netty to create a lot garbage objects and, as a result, trigger GC.
	It is recommended to disable useCacheForAllThreads by setting -Dorg.apache.ratis.thirdparty.io.netty.allocator.useCacheForAllThreads=false in command line.
2019-11-05 08:34:17,744 [main] INFO  grpc.GrpcConfigKeys$Server (ConfUtils.java:logGet(43)) - raft.grpc.server.port = 0 (default)
2019-11-05 08:34:17,744 [main] INFO  server.GrpcService (ConfUtils.java:logGet(43)) - raft.grpc.message.size.max = 33570816 (custom)
2019-11-05 08:34:17,744 [main] INFO  server.RaftServerConfigKeys (ConfUtils.java:logGet(43)) - raft.server.log.appender.buffer.byte-limit = 33554432 (custom)
2019-11-05 08:34:17,744 [main] INFO  server.GrpcService (ConfUtils.java:logGet(43)) - raft.grpc.flow.control.window = 1MB (=1048576) (default)
2019-11-05 08:34:17,745 [main] INFO  server.RaftServerConfigKeys (ConfUtils.java:logGet(43)) - raft.server.rpc.request.timeout = 3000ms (default)
2019-11-05 08:34:17,745 [main] INFO  server.RaftServerConfigKeys (ConfUtils.java:logGet(43)) - raft.server.storage.dir = [/workdir/hadoop-ozone/integration-test/target/test-dir/MiniOzoneClusterImpl-c1ac3406-7bea-4748-bbf9-a747646a8bff/datanode-6/data/ratis] (custom)
2019-11-05 08:34:17,747 [main] INFO  hdfs.DFSUtil (DFSUtil.java:httpServerTemplateForNNAndJN(1641)) - Starting Web-server for hddsDatanode at: http://0.0.0.0:0
2019-11-05 08:34:17,751 [main] INFO  server.AuthenticationFilter (AuthenticationFilter.java:constructSecretProvider(240)) - Unable to initialize FileSignerSecretProvider, falling back to use random secrets.
2019-11-05 08:34:17,751 [main] WARN  http.HttpRequestLog (HttpRequestLog.java:getRequestLog(97)) - Jetty request log can only be enabled using Log4j
2019-11-05 08:34:17,753 [main] INFO  http.HttpServer2 (HttpServer2.java:addGlobalFilter(975)) - Added global filter 'safety' (class=org.apache.hadoop.http.HttpServer2$QuotingInputFilter)
2019-11-05 08:34:17,753 [main] INFO  http.HttpServer2 (HttpServer2.java:addFilter(948)) - Added filter static_user_filter (class=org.apache.hadoop.http.lib.StaticUserWebFilter$StaticUserFilter) to context hddsDatanode
2019-11-05 08:34:17,753 [main] INFO  http.HttpServer2 (HttpServer2.java:addFilter(958)) - Added filter static_user_filter (class=org.apache.hadoop.http.lib.StaticUserWebFilter$StaticUserFilter) to context static
2019-11-05 08:34:17,753 [main] INFO  http.HttpServer2 (HttpServer2.java:addFilter(958)) - Added filter static_user_filter (class=org.apache.hadoop.http.lib.StaticUserWebFilter$StaticUserFilter) to context logs
2019-11-05 08:34:17,754 [main] INFO  http.HttpServer2 (HttpServer2.java:bindListener(1191)) - Jetty bound to port 40719
2019-11-05 08:34:17,754 [main] INFO  server.Server (Server.java:doStart(351)) - jetty-9.3.25.v20180904, build timestamp: 2018-09-04T21:11:46Z, git hash: 3ce520221d0240229c862b122d2b06c12a625732
2019-11-05 08:34:17,756 [main] INFO  handler.ContextHandler (ContextHandler.java:doStart(781)) - Started o.e.j.s.ServletContextHandler@5261ec9{/logs,file:///workdir/hadoop-ozone/integration-test/target/log,AVAILABLE}
2019-11-05 08:34:17,756 [main] INFO  handler.ContextHandler (ContextHandler.java:doStart(781)) - Started o.e.j.s.ServletContextHandler@64da6cbd{/static,jar:file:/home/user/.m2/repository/org/apache/hadoop/hadoop-hdds-container-service/0.5.0-SNAPSHOT/hadoop-hdds-container-service-0.5.0-SNAPSHOT.jar!/webapps/static,AVAILABLE}
2019-11-05 08:34:17,785 [main] INFO  handler.ContextHandler (ContextHandler.java:doStart(781)) - Started o.e.j.w.WebAppContext@c889805{/,file:///tmp/jetty-0.0.0.0-40719-hddsDatanode-_-any-6229986846175605510.dir/webapp/,AVAILABLE}{/hddsDatanode}
2019-11-05 08:34:17,785 [main] INFO  server.AbstractConnector (AbstractConnector.java:doStart(278)) - Started ServerConnector@77db3d02{HTTP/1.1,[http/1.1]}{0.0.0.0:40719}
2019-11-05 08:34:17,789 [main] INFO  server.Server (Server.java:doStart(419)) - Started @61351ms
2019-11-05 08:34:17,789 [main] WARN  impl.MetricsSystemImpl (MetricsSystemImpl.java:register(276)) - Sink prometheus already exists!
2019-11-05 08:34:17,790 [main] INFO  server.BaseHttpServer (BaseHttpServer.java:updateConnectorAddress(215)) - HTTP server of HDDSDATANODE is listening at http://0.0.0.0:40719
2019-11-05 08:34:17,791 [main] INFO  impl.MetricsSystemImpl (MetricsSystemImpl.java:init(158)) - HddsDatanode metrics system started (again)
2019-11-05 08:34:17,797 [org.apache.hadoop.util.JvmPauseMonitor$Monitor@16ae0abd] INFO  util.JvmPauseMonitor (JvmPauseMonitor.java:run(188)) - Starting JVM pause monitor
2019-11-05 08:34:17,798 [main] INFO  ozone.HddsDatanodeService (HddsDatanodeService.java:start(184)) - HddsDatanodeService host:pr-hdds-1643-8bmlk-2934350033 ip:192.168.164.217
2019-11-05 08:34:17,799 [Datanode State Machine Thread - 0] INFO  datanode.InitDatanodeState (InitDatanodeState.java:persistContainerDatanodeDetails(140)) - DatanodeDetails is persisted to /workdir/hadoop-ozone/integration-test/target/test-dir/MiniOzoneClusterImpl-c1ac3406-7bea-4748-bbf9-a747646a8bff/datanode-6/meta/datanode.id
2019-11-05 08:34:17,805 [main] INFO  volume.HddsVolume (HddsVolume.java:<init>(176)) - Creating Volume: /workdir/hadoop-ozone/integration-test/target/test-dir/MiniOzoneClusterImpl-c1ac3406-7bea-4748-bbf9-a747646a8bff/datanode-7/data/containers/hdds of  storage type : DISK and capacity : 1482555576320
2019-11-05 08:34:17,806 [main] INFO  volume.VolumeSet (VolumeSet.java:initializeVolumeSet(170)) - Added Volume : /workdir/hadoop-ozone/integration-test/target/test-dir/MiniOzoneClusterImpl-c1ac3406-7bea-4748-bbf9-a747646a8bff/datanode-7/data/containers/hdds to VolumeSet
2019-11-05 08:34:17,806 [main] INFO  volume.ThrottledAsyncChecker (ThrottledAsyncChecker.java:schedule(141)) - Scheduling a check for /workdir/hadoop-ozone/integration-test/target/test-dir/MiniOzoneClusterImpl-c1ac3406-7bea-4748-bbf9-a747646a8bff/datanode-7/data/containers/hdds
2019-11-05 08:34:17,807 [main] INFO  volume.HddsVolumeChecker (HddsVolumeChecker.java:checkAllVolumes(204)) - Scheduled health check for volume /workdir/hadoop-ozone/integration-test/target/test-dir/MiniOzoneClusterImpl-c1ac3406-7bea-4748-bbf9-a747646a8bff/datanode-7/data/containers/hdds
2019-11-05 08:34:17,825 [main] INFO  impl.RaftServerProxy (ConfUtils.java:logGet(43)) - raft.rpc.type = GRPC (default)
2019-11-05 08:34:17,826 [main] INFO  grpc.GrpcFactory (GrpcFactory.java:checkPooledByteBufAllocatorUseCacheForAllThreads(45)) - PERFORMANCE WARNING: useCacheForAllThreads is true that may cause Netty to create a lot garbage objects and, as a result, trigger GC.
	It is recommended to disable useCacheForAllThreads by setting -Dorg.apache.ratis.thirdparty.io.netty.allocator.useCacheForAllThreads=false in command line.
2019-11-05 08:34:17,826 [main] INFO  grpc.GrpcConfigKeys$Server (ConfUtils.java:logGet(43)) - raft.grpc.server.port = 0 (default)
2019-11-05 08:34:17,826 [main] INFO  server.GrpcService (ConfUtils.java:logGet(43)) - raft.grpc.message.size.max = 33570816 (custom)
2019-11-05 08:34:17,826 [main] INFO  server.RaftServerConfigKeys (ConfUtils.java:logGet(43)) - raft.server.log.appender.buffer.byte-limit = 33554432 (custom)
2019-11-05 08:34:17,827 [main] INFO  server.GrpcService (ConfUtils.java:logGet(43)) - raft.grpc.flow.control.window = 1MB (=1048576) (default)
2019-11-05 08:34:17,827 [main] INFO  server.RaftServerConfigKeys (ConfUtils.java:logGet(43)) - raft.server.rpc.request.timeout = 3000ms (default)
2019-11-05 08:34:17,828 [main] INFO  server.RaftServerConfigKeys (ConfUtils.java:logGet(43)) - raft.server.storage.dir = [/workdir/hadoop-ozone/integration-test/target/test-dir/MiniOzoneClusterImpl-c1ac3406-7bea-4748-bbf9-a747646a8bff/datanode-7/data/ratis] (custom)
2019-11-05 08:34:17,829 [main] INFO  hdfs.DFSUtil (DFSUtil.java:httpServerTemplateForNNAndJN(1641)) - Starting Web-server for hddsDatanode at: http://0.0.0.0:0
2019-11-05 08:34:17,831 [main] INFO  server.AuthenticationFilter (AuthenticationFilter.java:constructSecretProvider(240)) - Unable to initialize FileSignerSecretProvider, falling back to use random secrets.
2019-11-05 08:34:17,831 [main] WARN  http.HttpRequestLog (HttpRequestLog.java:getRequestLog(97)) - Jetty request log can only be enabled using Log4j
2019-11-05 08:34:17,833 [main] INFO  http.HttpServer2 (HttpServer2.java:addGlobalFilter(975)) - Added global filter 'safety' (class=org.apache.hadoop.http.HttpServer2$QuotingInputFilter)
2019-11-05 08:34:17,833 [main] INFO  http.HttpServer2 (HttpServer2.java:addFilter(948)) - Added filter static_user_filter (class=org.apache.hadoop.http.lib.StaticUserWebFilter$StaticUserFilter) to context hddsDatanode
2019-11-05 08:34:17,833 [main] INFO  http.HttpServer2 (HttpServer2.java:addFilter(958)) - Added filter static_user_filter (class=org.apache.hadoop.http.lib.StaticUserWebFilter$StaticUserFilter) to context logs
2019-11-05 08:34:17,833 [main] INFO  http.HttpServer2 (HttpServer2.java:addFilter(958)) - Added filter static_user_filter (class=org.apache.hadoop.http.lib.StaticUserWebFilter$StaticUserFilter) to context static
2019-11-05 08:34:17,834 [main] INFO  http.HttpServer2 (HttpServer2.java:bindListener(1191)) - Jetty bound to port 44566
2019-11-05 08:34:17,834 [main] INFO  server.Server (Server.java:doStart(351)) - jetty-9.3.25.v20180904, build timestamp: 2018-09-04T21:11:46Z, git hash: 3ce520221d0240229c862b122d2b06c12a625732
2019-11-05 08:34:17,836 [main] INFO  handler.ContextHandler (ContextHandler.java:doStart(781)) - Started o.e.j.s.ServletContextHandler@f1266c6{/logs,file:///workdir/hadoop-ozone/integration-test/target/log,AVAILABLE}
2019-11-05 08:34:17,837 [main] INFO  handler.ContextHandler (ContextHandler.java:doStart(781)) - Started o.e.j.s.ServletContextHandler@3e8799f{/static,jar:file:/home/user/.m2/repository/org/apache/hadoop/hadoop-hdds-container-service/0.5.0-SNAPSHOT/hadoop-hdds-container-service-0.5.0-SNAPSHOT.jar!/webapps/static,AVAILABLE}
2019-11-05 08:34:17,865 [main] INFO  handler.ContextHandler (ContextHandler.java:doStart(781)) - Started o.e.j.w.WebAppContext@4fb56bea{/,file:///tmp/jetty-0.0.0.0-44566-hddsDatanode-_-any-4968188076412573579.dir/webapp/,AVAILABLE}{/hddsDatanode}
2019-11-05 08:34:17,865 [main] INFO  server.AbstractConnector (AbstractConnector.java:doStart(278)) - Started ServerConnector@5e5beb8a{HTTP/1.1,[http/1.1]}{0.0.0.0:44566}
2019-11-05 08:34:17,867 [main] INFO  server.Server (Server.java:doStart(419)) - Started @61429ms
2019-11-05 08:34:17,867 [main] WARN  impl.MetricsSystemImpl (MetricsSystemImpl.java:register(276)) - Sink prometheus already exists!
2019-11-05 08:34:17,868 [main] INFO  server.BaseHttpServer (BaseHttpServer.java:updateConnectorAddress(215)) - HTTP server of HDDSDATANODE is listening at http://0.0.0.0:44566
2019-11-05 08:34:17,868 [main] INFO  impl.MetricsSystemImpl (MetricsSystemImpl.java:init(158)) - HddsDatanode metrics system started (again)
2019-11-05 08:34:17,875 [org.apache.hadoop.util.JvmPauseMonitor$Monitor@41b8b6ae] INFO  util.JvmPauseMonitor (JvmPauseMonitor.java:run(188)) - Starting JVM pause monitor
2019-11-05 08:34:17,876 [main] INFO  ozone.HddsDatanodeService (HddsDatanodeService.java:start(184)) - HddsDatanodeService host:pr-hdds-1643-8bmlk-2934350033 ip:192.168.164.217
2019-11-05 08:34:17,876 [Datanode State Machine Thread - 0] INFO  datanode.InitDatanodeState (InitDatanodeState.java:persistContainerDatanodeDetails(140)) - DatanodeDetails is persisted to /workdir/hadoop-ozone/integration-test/target/test-dir/MiniOzoneClusterImpl-c1ac3406-7bea-4748-bbf9-a747646a8bff/datanode-7/meta/datanode.id
2019-11-05 08:34:17,888 [main] INFO  volume.HddsVolume (HddsVolume.java:<init>(176)) - Creating Volume: /workdir/hadoop-ozone/integration-test/target/test-dir/MiniOzoneClusterImpl-c1ac3406-7bea-4748-bbf9-a747646a8bff/datanode-8/data/containers/hdds of  storage type : DISK and capacity : 1482555576320
2019-11-05 08:34:17,888 [main] INFO  volume.VolumeSet (VolumeSet.java:initializeVolumeSet(170)) - Added Volume : /workdir/hadoop-ozone/integration-test/target/test-dir/MiniOzoneClusterImpl-c1ac3406-7bea-4748-bbf9-a747646a8bff/datanode-8/data/containers/hdds to VolumeSet
2019-11-05 08:34:17,889 [main] INFO  volume.ThrottledAsyncChecker (ThrottledAsyncChecker.java:schedule(141)) - Scheduling a check for /workdir/hadoop-ozone/integration-test/target/test-dir/MiniOzoneClusterImpl-c1ac3406-7bea-4748-bbf9-a747646a8bff/datanode-8/data/containers/hdds
2019-11-05 08:34:17,889 [main] INFO  volume.HddsVolumeChecker (HddsVolumeChecker.java:checkAllVolumes(204)) - Scheduled health check for volume /workdir/hadoop-ozone/integration-test/target/test-dir/MiniOzoneClusterImpl-c1ac3406-7bea-4748-bbf9-a747646a8bff/datanode-8/data/containers/hdds
2019-11-05 08:34:17,906 [main] INFO  impl.RaftServerProxy (ConfUtils.java:logGet(43)) - raft.rpc.type = GRPC (default)
2019-11-05 08:34:17,907 [main] INFO  grpc.GrpcFactory (GrpcFactory.java:checkPooledByteBufAllocatorUseCacheForAllThreads(45)) - PERFORMANCE WARNING: useCacheForAllThreads is true that may cause Netty to create a lot garbage objects and, as a result, trigger GC.
	It is recommended to disable useCacheForAllThreads by setting -Dorg.apache.ratis.thirdparty.io.netty.allocator.useCacheForAllThreads=false in command line.
2019-11-05 08:34:17,907 [main] INFO  grpc.GrpcConfigKeys$Server (ConfUtils.java:logGet(43)) - raft.grpc.server.port = 0 (default)
2019-11-05 08:34:17,907 [main] INFO  server.GrpcService (ConfUtils.java:logGet(43)) - raft.grpc.message.size.max = 33570816 (custom)
2019-11-05 08:34:17,907 [main] INFO  server.RaftServerConfigKeys (ConfUtils.java:logGet(43)) - raft.server.log.appender.buffer.byte-limit = 33554432 (custom)
2019-11-05 08:34:17,908 [main] INFO  server.GrpcService (ConfUtils.java:logGet(43)) - raft.grpc.flow.control.window = 1MB (=1048576) (default)
2019-11-05 08:34:17,908 [main] INFO  server.RaftServerConfigKeys (ConfUtils.java:logGet(43)) - raft.server.rpc.request.timeout = 3000ms (default)
2019-11-05 08:34:17,908 [main] INFO  server.RaftServerConfigKeys (ConfUtils.java:logGet(43)) - raft.server.storage.dir = [/workdir/hadoop-ozone/integration-test/target/test-dir/MiniOzoneClusterImpl-c1ac3406-7bea-4748-bbf9-a747646a8bff/datanode-8/data/ratis] (custom)
2019-11-05 08:34:17,910 [main] INFO  hdfs.DFSUtil (DFSUtil.java:httpServerTemplateForNNAndJN(1641)) - Starting Web-server for hddsDatanode at: http://0.0.0.0:0
2019-11-05 08:34:17,911 [main] INFO  server.AuthenticationFilter (AuthenticationFilter.java:constructSecretProvider(240)) - Unable to initialize FileSignerSecretProvider, falling back to use random secrets.
2019-11-05 08:34:17,912 [main] WARN  http.HttpRequestLog (HttpRequestLog.java:getRequestLog(97)) - Jetty request log can only be enabled using Log4j
2019-11-05 08:34:17,913 [main] INFO  http.HttpServer2 (HttpServer2.java:addGlobalFilter(975)) - Added global filter 'safety' (class=org.apache.hadoop.http.HttpServer2$QuotingInputFilter)
2019-11-05 08:34:17,914 [main] INFO  http.HttpServer2 (HttpServer2.java:addFilter(948)) - Added filter static_user_filter (class=org.apache.hadoop.http.lib.StaticUserWebFilter$StaticUserFilter) to context hddsDatanode
2019-11-05 08:34:17,914 [main] INFO  http.HttpServer2 (HttpServer2.java:addFilter(958)) - Added filter static_user_filter (class=org.apache.hadoop.http.lib.StaticUserWebFilter$StaticUserFilter) to context logs
2019-11-05 08:34:17,914 [main] INFO  http.HttpServer2 (HttpServer2.java:addFilter(958)) - Added filter static_user_filter (class=org.apache.hadoop.http.lib.StaticUserWebFilter$StaticUserFilter) to context static
2019-11-05 08:34:17,915 [main] INFO  http.HttpServer2 (HttpServer2.java:bindListener(1191)) - Jetty bound to port 41020
2019-11-05 08:34:17,915 [main] INFO  server.Server (Server.java:doStart(351)) - jetty-9.3.25.v20180904, build timestamp: 2018-09-04T21:11:46Z, git hash: 3ce520221d0240229c862b122d2b06c12a625732
2019-11-05 08:34:17,917 [main] INFO  handler.ContextHandler (ContextHandler.java:doStart(781)) - Started o.e.j.s.ServletContextHandler@158e9f6e{/logs,file:///workdir/hadoop-ozone/integration-test/target/log,AVAILABLE}
2019-11-05 08:34:17,918 [main] INFO  handler.ContextHandler (ContextHandler.java:doStart(781)) - Started o.e.j.s.ServletContextHandler@54b2fc58{/static,jar:file:/home/user/.m2/repository/org/apache/hadoop/hadoop-hdds-container-service/0.5.0-SNAPSHOT/hadoop-hdds-container-service-0.5.0-SNAPSHOT.jar!/webapps/static,AVAILABLE}
2019-11-05 08:34:17,955 [main] INFO  handler.ContextHandler (ContextHandler.java:doStart(781)) - Started o.e.j.w.WebAppContext@5489b1f7{/,file:///tmp/jetty-0.0.0.0-41020-hddsDatanode-_-any-2991547471902246663.dir/webapp/,AVAILABLE}{/hddsDatanode}
2019-11-05 08:34:17,955 [main] INFO  server.AbstractConnector (AbstractConnector.java:doStart(278)) - Started ServerConnector@4faf104{HTTP/1.1,[http/1.1]}{0.0.0.0:41020}
2019-11-05 08:34:17,956 [main] INFO  server.Server (Server.java:doStart(419)) - Started @61518ms
2019-11-05 08:34:17,956 [main] WARN  impl.MetricsSystemImpl (MetricsSystemImpl.java:register(276)) - Sink prometheus already exists!
2019-11-05 08:34:17,957 [main] INFO  server.BaseHttpServer (BaseHttpServer.java:updateConnectorAddress(215)) - HTTP server of HDDSDATANODE is listening at http://0.0.0.0:41020
2019-11-05 08:34:17,958 [main] INFO  impl.MetricsSystemImpl (MetricsSystemImpl.java:init(158)) - HddsDatanode metrics system started (again)
2019-11-05 08:34:17,963 [org.apache.hadoop.util.JvmPauseMonitor$Monitor@1ac488df] INFO  util.JvmPauseMonitor (JvmPauseMonitor.java:run(188)) - Starting JVM pause monitor
2019-11-05 08:34:17,964 [main] INFO  ozone.HddsDatanodeService (HddsDatanodeService.java:start(184)) - HddsDatanodeService host:pr-hdds-1643-8bmlk-2934350033 ip:192.168.164.217
2019-11-05 08:34:17,965 [Datanode State Machine Thread - 0] INFO  datanode.InitDatanodeState (InitDatanodeState.java:persistContainerDatanodeDetails(140)) - DatanodeDetails is persisted to /workdir/hadoop-ozone/integration-test/target/test-dir/MiniOzoneClusterImpl-c1ac3406-7bea-4748-bbf9-a747646a8bff/datanode-8/meta/datanode.id
2019-11-05 08:34:17,971 [main] INFO  volume.HddsVolume (HddsVolume.java:<init>(176)) - Creating Volume: /workdir/hadoop-ozone/integration-test/target/test-dir/MiniOzoneClusterImpl-c1ac3406-7bea-4748-bbf9-a747646a8bff/datanode-9/data/containers/hdds of  storage type : DISK and capacity : 1482555576320
2019-11-05 08:34:17,971 [main] INFO  volume.VolumeSet (VolumeSet.java:initializeVolumeSet(170)) - Added Volume : /workdir/hadoop-ozone/integration-test/target/test-dir/MiniOzoneClusterImpl-c1ac3406-7bea-4748-bbf9-a747646a8bff/datanode-9/data/containers/hdds to VolumeSet
2019-11-05 08:34:17,972 [main] INFO  volume.ThrottledAsyncChecker (ThrottledAsyncChecker.java:schedule(141)) - Scheduling a check for /workdir/hadoop-ozone/integration-test/target/test-dir/MiniOzoneClusterImpl-c1ac3406-7bea-4748-bbf9-a747646a8bff/datanode-9/data/containers/hdds
2019-11-05 08:34:17,972 [main] INFO  volume.HddsVolumeChecker (HddsVolumeChecker.java:checkAllVolumes(204)) - Scheduled health check for volume /workdir/hadoop-ozone/integration-test/target/test-dir/MiniOzoneClusterImpl-c1ac3406-7bea-4748-bbf9-a747646a8bff/datanode-9/data/containers/hdds
2019-11-05 08:34:17,993 [main] INFO  impl.RaftServerProxy (ConfUtils.java:logGet(43)) - raft.rpc.type = GRPC (default)
2019-11-05 08:34:17,993 [main] INFO  grpc.GrpcFactory (GrpcFactory.java:checkPooledByteBufAllocatorUseCacheForAllThreads(45)) - PERFORMANCE WARNING: useCacheForAllThreads is true that may cause Netty to create a lot garbage objects and, as a result, trigger GC.
	It is recommended to disable useCacheForAllThreads by setting -Dorg.apache.ratis.thirdparty.io.netty.allocator.useCacheForAllThreads=false in command line.
2019-11-05 08:34:17,993 [main] INFO  grpc.GrpcConfigKeys$Server (ConfUtils.java:logGet(43)) - raft.grpc.server.port = 0 (default)
2019-11-05 08:34:17,993 [main] INFO  server.GrpcService (ConfUtils.java:logGet(43)) - raft.grpc.message.size.max = 33570816 (custom)
2019-11-05 08:34:17,994 [main] INFO  server.RaftServerConfigKeys (ConfUtils.java:logGet(43)) - raft.server.log.appender.buffer.byte-limit = 33554432 (custom)
2019-11-05 08:34:17,994 [main] INFO  server.GrpcService (ConfUtils.java:logGet(43)) - raft.grpc.flow.control.window = 1MB (=1048576) (default)
2019-11-05 08:34:17,994 [main] INFO  server.RaftServerConfigKeys (ConfUtils.java:logGet(43)) - raft.server.rpc.request.timeout = 3000ms (default)
2019-11-05 08:34:17,995 [main] INFO  server.RaftServerConfigKeys (ConfUtils.java:logGet(43)) - raft.server.storage.dir = [/workdir/hadoop-ozone/integration-test/target/test-dir/MiniOzoneClusterImpl-c1ac3406-7bea-4748-bbf9-a747646a8bff/datanode-9/data/ratis] (custom)
2019-11-05 08:34:17,997 [main] INFO  hdfs.DFSUtil (DFSUtil.java:httpServerTemplateForNNAndJN(1641)) - Starting Web-server for hddsDatanode at: http://0.0.0.0:0
2019-11-05 08:34:17,999 [main] INFO  server.AuthenticationFilter (AuthenticationFilter.java:constructSecretProvider(240)) - Unable to initialize FileSignerSecretProvider, falling back to use random secrets.
2019-11-05 08:34:18,000 [main] WARN  http.HttpRequestLog (HttpRequestLog.java:getRequestLog(97)) - Jetty request log can only be enabled using Log4j
2019-11-05 08:34:18,002 [main] INFO  http.HttpServer2 (HttpServer2.java:addGlobalFilter(975)) - Added global filter 'safety' (class=org.apache.hadoop.http.HttpServer2$QuotingInputFilter)
2019-11-05 08:34:18,002 [main] INFO  http.HttpServer2 (HttpServer2.java:addFilter(948)) - Added filter static_user_filter (class=org.apache.hadoop.http.lib.StaticUserWebFilter$StaticUserFilter) to context hddsDatanode
2019-11-05 08:34:18,002 [main] INFO  http.HttpServer2 (HttpServer2.java:addFilter(958)) - Added filter static_user_filter (class=org.apache.hadoop.http.lib.StaticUserWebFilter$StaticUserFilter) to context logs
2019-11-05 08:34:18,003 [main] INFO  http.HttpServer2 (HttpServer2.java:addFilter(958)) - Added filter static_user_filter (class=org.apache.hadoop.http.lib.StaticUserWebFilter$StaticUserFilter) to context static
2019-11-05 08:34:18,004 [main] INFO  http.HttpServer2 (HttpServer2.java:bindListener(1191)) - Jetty bound to port 36675
2019-11-05 08:34:18,004 [main] INFO  server.Server (Server.java:doStart(351)) - jetty-9.3.25.v20180904, build timestamp: 2018-09-04T21:11:46Z, git hash: 3ce520221d0240229c862b122d2b06c12a625732
2019-11-05 08:34:18,006 [main] INFO  handler.ContextHandler (ContextHandler.java:doStart(781)) - Started o.e.j.s.ServletContextHandler@2fd72332{/logs,file:///workdir/hadoop-ozone/integration-test/target/log,AVAILABLE}
2019-11-05 08:34:18,007 [main] INFO  handler.ContextHandler (ContextHandler.java:doStart(781)) - Started o.e.j.s.ServletContextHandler@60ed12e8{/static,jar:file:/home/user/.m2/repository/org/apache/hadoop/hadoop-hdds-container-service/0.5.0-SNAPSHOT/hadoop-hdds-container-service-0.5.0-SNAPSHOT.jar!/webapps/static,AVAILABLE}
2019-11-05 08:34:18,046 [main] INFO  handler.ContextHandler (ContextHandler.java:doStart(781)) - Started o.e.j.w.WebAppContext@f0a66bd{/,file:///tmp/jetty-0.0.0.0-36675-hddsDatanode-_-any-5707494249240498527.dir/webapp/,AVAILABLE}{/hddsDatanode}
2019-11-05 08:34:18,047 [main] INFO  server.AbstractConnector (AbstractConnector.java:doStart(278)) - Started ServerConnector@460b50df{HTTP/1.1,[http/1.1]}{0.0.0.0:36675}
2019-11-05 08:34:18,048 [main] INFO  server.Server (Server.java:doStart(419)) - Started @61610ms
2019-11-05 08:34:18,048 [main] WARN  impl.MetricsSystemImpl (MetricsSystemImpl.java:register(276)) - Sink prometheus already exists!
2019-11-05 08:34:18,049 [main] INFO  server.BaseHttpServer (BaseHttpServer.java:updateConnectorAddress(215)) - HTTP server of HDDSDATANODE is listening at http://0.0.0.0:36675
2019-11-05 08:34:18,050 [main] INFO  ozone.MiniOzoneClusterImpl (MiniOzoneClusterImpl.java:lambda$waitForClusterToBeReady$0(147)) - Waiting for cluster to be ready. Got 0 of 10 DN Heartbeats.
2019-11-05 08:34:18,051 [org.apache.hadoop.util.JvmPauseMonitor$Monitor@78fe94db] INFO  util.JvmPauseMonitor (JvmPauseMonitor.java:run(188)) - Starting JVM pause monitor
2019-11-05 08:34:18,053 [Datanode State Machine Thread - 0] INFO  datanode.InitDatanodeState (InitDatanodeState.java:persistContainerDatanodeDetails(140)) - DatanodeDetails is persisted to /workdir/hadoop-ozone/integration-test/target/test-dir/MiniOzoneClusterImpl-c1ac3406-7bea-4748-bbf9-a747646a8bff/datanode-9/meta/datanode.id
2019-11-05 08:34:19,050 [main] INFO  ozone.MiniOzoneClusterImpl (MiniOzoneClusterImpl.java:lambda$waitForClusterToBeReady$0(147)) - Waiting for cluster to be ready. Got 0 of 10 DN Heartbeats.
2019-11-05 08:34:19,397 [Datanode State Machine Thread - 0] INFO  ozoneimpl.OzoneContainer (OzoneContainer.java:start(213)) - Attempting to start container services.
2019-11-05 08:34:19,398 [Datanode State Machine Thread - 0] INFO  ozoneimpl.OzoneContainer (OzoneContainer.java:startContainerScrub(177)) - Background container scanner has been disabled.
2019-11-05 08:34:19,398 [Datanode State Machine Thread - 0] INFO  ratis.XceiverServerRatis (XceiverServerRatis.java:start(418)) - Starting XceiverServerRatis fae5ccd0-edd9-4644-8d4e-9d507f6169bd at port 0
2019-11-05 08:34:19,406 [Datanode State Machine Thread - 0] INFO  impl.RaftServerProxy (RaftServerProxy.java:lambda$start$3(299)) - fae5ccd0-edd9-4644-8d4e-9d507f6169bd: start RPC server
2019-11-05 08:34:19,408 [Datanode State Machine Thread - 0] INFO  server.GrpcService (GrpcService.java:startImpl(158)) - fae5ccd0-edd9-4644-8d4e-9d507f6169bd: GrpcService started, listening on 0.0.0.0/0.0.0.0:34224
2019-11-05 08:34:19,408 [Datanode State Machine Thread - 0] INFO  ratis.XceiverServerRatis (XceiverServerRatis.java:start(428)) - XceiverServerRatis fae5ccd0-edd9-4644-8d4e-9d507f6169bd is started using port 34224
2019-11-05 08:34:19,410 [Datanode State Machine Thread - 0] INFO  server.XceiverServerGrpc (XceiverServerGrpc.java:start(149)) - XceiverServerGrpc fae5ccd0-edd9-4644-8d4e-9d507f6169bd is started using port 43280
2019-11-05 08:34:19,442 [Datanode State Machine Thread - 0] INFO  ozoneimpl.OzoneContainer (OzoneContainer.java:start(213)) - Attempting to start container services.
2019-11-05 08:34:19,442 [Datanode State Machine Thread - 0] INFO  ozoneimpl.OzoneContainer (OzoneContainer.java:startContainerScrub(177)) - Background container scanner has been disabled.
2019-11-05 08:34:19,442 [Datanode State Machine Thread - 0] INFO  ratis.XceiverServerRatis (XceiverServerRatis.java:start(418)) - Starting XceiverServerRatis ac799505-d01b-4984-a491-73e044603a46 at port 0
2019-11-05 08:34:19,450 [Datanode State Machine Thread - 0] INFO  impl.RaftServerProxy (RaftServerProxy.java:lambda$start$3(299)) - ac799505-d01b-4984-a491-73e044603a46: start RPC server
2019-11-05 08:34:19,451 [Datanode State Machine Thread - 0] INFO  server.GrpcService (GrpcService.java:startImpl(158)) - ac799505-d01b-4984-a491-73e044603a46: GrpcService started, listening on 0.0.0.0/0.0.0.0:37555
2019-11-05 08:34:19,451 [Datanode State Machine Thread - 0] INFO  ratis.XceiverServerRatis (XceiverServerRatis.java:start(428)) - XceiverServerRatis ac799505-d01b-4984-a491-73e044603a46 is started using port 37555
2019-11-05 08:34:19,451 [Datanode State Machine Thread - 0] INFO  server.XceiverServerGrpc (XceiverServerGrpc.java:start(149)) - XceiverServerGrpc ac799505-d01b-4984-a491-73e044603a46 is started using port 43911
2019-11-05 08:34:19,511 [Datanode State Machine Thread - 0] INFO  ozoneimpl.OzoneContainer (OzoneContainer.java:start(213)) - Attempting to start container services.
2019-11-05 08:34:19,511 [Datanode State Machine Thread - 0] INFO  ozoneimpl.OzoneContainer (OzoneContainer.java:startContainerScrub(177)) - Background container scanner has been disabled.
2019-11-05 08:34:19,511 [Datanode State Machine Thread - 0] INFO  ratis.XceiverServerRatis (XceiverServerRatis.java:start(418)) - Starting XceiverServerRatis 5d271ba9-e0f4-40ff-b9fc-f90f33adc13b at port 0
2019-11-05 08:34:19,520 [Datanode State Machine Thread - 0] INFO  impl.RaftServerProxy (RaftServerProxy.java:lambda$start$3(299)) - 5d271ba9-e0f4-40ff-b9fc-f90f33adc13b: start RPC server
2019-11-05 08:34:19,521 [Datanode State Machine Thread - 0] INFO  server.GrpcService (GrpcService.java:startImpl(158)) - 5d271ba9-e0f4-40ff-b9fc-f90f33adc13b: GrpcService started, listening on 0.0.0.0/0.0.0.0:46357
2019-11-05 08:34:19,521 [Datanode State Machine Thread - 0] INFO  ratis.XceiverServerRatis (XceiverServerRatis.java:start(428)) - XceiverServerRatis 5d271ba9-e0f4-40ff-b9fc-f90f33adc13b is started using port 46357
2019-11-05 08:34:19,521 [Datanode State Machine Thread - 0] INFO  server.XceiverServerGrpc (XceiverServerGrpc.java:start(149)) - XceiverServerGrpc 5d271ba9-e0f4-40ff-b9fc-f90f33adc13b is started using port 33061
2019-11-05 08:34:19,575 [Datanode State Machine Thread - 0] INFO  ozoneimpl.OzoneContainer (OzoneContainer.java:start(213)) - Attempting to start container services.
2019-11-05 08:34:19,576 [Datanode State Machine Thread - 0] INFO  ozoneimpl.OzoneContainer (OzoneContainer.java:startContainerScrub(177)) - Background container scanner has been disabled.
2019-11-05 08:34:19,576 [Datanode State Machine Thread - 0] INFO  ratis.XceiverServerRatis (XceiverServerRatis.java:start(418)) - Starting XceiverServerRatis d92c9463-8e05-4a70-8cc7-1d31ae7ac64a at port 0
2019-11-05 08:34:19,585 [Datanode State Machine Thread - 0] INFO  impl.RaftServerProxy (RaftServerProxy.java:lambda$start$3(299)) - d92c9463-8e05-4a70-8cc7-1d31ae7ac64a: start RPC server
2019-11-05 08:34:19,588 [Datanode State Machine Thread - 0] INFO  server.GrpcService (GrpcService.java:startImpl(158)) - d92c9463-8e05-4a70-8cc7-1d31ae7ac64a: GrpcService started, listening on 0.0.0.0/0.0.0.0:37180
2019-11-05 08:34:19,588 [Datanode State Machine Thread - 0] INFO  ratis.XceiverServerRatis (XceiverServerRatis.java:start(428)) - XceiverServerRatis d92c9463-8e05-4a70-8cc7-1d31ae7ac64a is started using port 37180
2019-11-05 08:34:19,589 [Datanode State Machine Thread - 0] INFO  server.XceiverServerGrpc (XceiverServerGrpc.java:start(149)) - XceiverServerGrpc d92c9463-8e05-4a70-8cc7-1d31ae7ac64a is started using port 46615
2019-11-05 08:34:19,637 [Datanode State Machine Thread - 0] INFO  ozoneimpl.OzoneContainer (OzoneContainer.java:start(213)) - Attempting to start container services.
2019-11-05 08:34:19,637 [Datanode State Machine Thread - 0] INFO  ozoneimpl.OzoneContainer (OzoneContainer.java:startContainerScrub(177)) - Background container scanner has been disabled.
2019-11-05 08:34:19,638 [Datanode State Machine Thread - 0] INFO  ratis.XceiverServerRatis (XceiverServerRatis.java:start(418)) - Starting XceiverServerRatis b3c4603b-a140-4f81-8843-cb94f3bca924 at port 0
2019-11-05 08:34:19,646 [Datanode State Machine Thread - 0] INFO  impl.RaftServerProxy (RaftServerProxy.java:lambda$start$3(299)) - b3c4603b-a140-4f81-8843-cb94f3bca924: start RPC server
2019-11-05 08:34:19,646 [Datanode State Machine Thread - 0] INFO  server.GrpcService (GrpcService.java:startImpl(158)) - b3c4603b-a140-4f81-8843-cb94f3bca924: GrpcService started, listening on 0.0.0.0/0.0.0.0:37579
2019-11-05 08:34:19,647 [Datanode State Machine Thread - 0] INFO  ratis.XceiverServerRatis (XceiverServerRatis.java:start(428)) - XceiverServerRatis b3c4603b-a140-4f81-8843-cb94f3bca924 is started using port 37579
2019-11-05 08:34:19,647 [Datanode State Machine Thread - 0] INFO  server.XceiverServerGrpc (XceiverServerGrpc.java:start(149)) - XceiverServerGrpc b3c4603b-a140-4f81-8843-cb94f3bca924 is started using port 36714
2019-11-05 08:34:19,731 [Datanode State Machine Thread - 0] INFO  ozoneimpl.OzoneContainer (OzoneContainer.java:start(213)) - Attempting to start container services.
2019-11-05 08:34:19,733 [Datanode State Machine Thread - 0] INFO  ozoneimpl.OzoneContainer (OzoneContainer.java:startContainerScrub(177)) - Background container scanner has been disabled.
2019-11-05 08:34:19,733 [Datanode State Machine Thread - 0] INFO  ratis.XceiverServerRatis (XceiverServerRatis.java:start(418)) - Starting XceiverServerRatis d7b60609-c805-4df6-8140-a27c681dae80 at port 0
2019-11-05 08:34:19,742 [Datanode State Machine Thread - 0] INFO  impl.RaftServerProxy (RaftServerProxy.java:lambda$start$3(299)) - d7b60609-c805-4df6-8140-a27c681dae80: start RPC server
2019-11-05 08:34:19,743 [Datanode State Machine Thread - 0] INFO  server.GrpcService (GrpcService.java:startImpl(158)) - d7b60609-c805-4df6-8140-a27c681dae80: GrpcService started, listening on 0.0.0.0/0.0.0.0:37880
2019-11-05 08:34:19,743 [Datanode State Machine Thread - 0] INFO  ratis.XceiverServerRatis (XceiverServerRatis.java:start(428)) - XceiverServerRatis d7b60609-c805-4df6-8140-a27c681dae80 is started using port 37880
2019-11-05 08:34:19,743 [Datanode State Machine Thread - 0] INFO  server.XceiverServerGrpc (XceiverServerGrpc.java:start(149)) - XceiverServerGrpc d7b60609-c805-4df6-8140-a27c681dae80 is started using port 41570
2019-11-05 08:34:19,813 [Datanode State Machine Thread - 0] INFO  ozoneimpl.OzoneContainer (OzoneContainer.java:start(213)) - Attempting to start container services.
2019-11-05 08:34:19,814 [Datanode State Machine Thread - 0] INFO  ozoneimpl.OzoneContainer (OzoneContainer.java:startContainerScrub(177)) - Background container scanner has been disabled.
2019-11-05 08:34:19,814 [Datanode State Machine Thread - 0] INFO  ratis.XceiverServerRatis (XceiverServerRatis.java:start(418)) - Starting XceiverServerRatis 05ace5f9-a5b7-4bc6-b4fa-26d4e24ae00c at port 0
2019-11-05 08:34:19,822 [Datanode State Machine Thread - 0] INFO  impl.RaftServerProxy (RaftServerProxy.java:lambda$start$3(299)) - 05ace5f9-a5b7-4bc6-b4fa-26d4e24ae00c: start RPC server
2019-11-05 08:34:19,823 [Datanode State Machine Thread - 0] INFO  server.GrpcService (GrpcService.java:startImpl(158)) - 05ace5f9-a5b7-4bc6-b4fa-26d4e24ae00c: GrpcService started, listening on 0.0.0.0/0.0.0.0:42356
2019-11-05 08:34:19,823 [Datanode State Machine Thread - 0] INFO  ratis.XceiverServerRatis (XceiverServerRatis.java:start(428)) - XceiverServerRatis 05ace5f9-a5b7-4bc6-b4fa-26d4e24ae00c is started using port 42356
2019-11-05 08:34:19,826 [Datanode State Machine Thread - 0] INFO  server.XceiverServerGrpc (XceiverServerGrpc.java:start(149)) - XceiverServerGrpc 05ace5f9-a5b7-4bc6-b4fa-26d4e24ae00c is started using port 37582
2019-11-05 08:34:19,889 [Datanode State Machine Thread - 0] INFO  ozoneimpl.OzoneContainer (OzoneContainer.java:start(213)) - Attempting to start container services.
2019-11-05 08:34:19,889 [Datanode State Machine Thread - 0] INFO  ozoneimpl.OzoneContainer (OzoneContainer.java:startContainerScrub(177)) - Background container scanner has been disabled.
2019-11-05 08:34:19,889 [Datanode State Machine Thread - 0] INFO  ratis.XceiverServerRatis (XceiverServerRatis.java:start(418)) - Starting XceiverServerRatis 6e52354a-8f39-4a00-bced-911c77341e64 at port 0
2019-11-05 08:34:19,897 [Datanode State Machine Thread - 0] INFO  impl.RaftServerProxy (RaftServerProxy.java:lambda$start$3(299)) - 6e52354a-8f39-4a00-bced-911c77341e64: start RPC server
2019-11-05 08:34:19,898 [Datanode State Machine Thread - 0] INFO  server.GrpcService (GrpcService.java:startImpl(158)) - 6e52354a-8f39-4a00-bced-911c77341e64: GrpcService started, listening on 0.0.0.0/0.0.0.0:42407
2019-11-05 08:34:19,898 [Datanode State Machine Thread - 0] INFO  ratis.XceiverServerRatis (XceiverServerRatis.java:start(428)) - XceiverServerRatis 6e52354a-8f39-4a00-bced-911c77341e64 is started using port 42407
2019-11-05 08:34:19,909 [Datanode State Machine Thread - 0] INFO  server.XceiverServerGrpc (XceiverServerGrpc.java:start(149)) - XceiverServerGrpc 6e52354a-8f39-4a00-bced-911c77341e64 is started using port 41260
2019-11-05 08:34:19,979 [Datanode State Machine Thread - 0] INFO  ozoneimpl.OzoneContainer (OzoneContainer.java:start(213)) - Attempting to start container services.
2019-11-05 08:34:19,979 [Datanode State Machine Thread - 0] INFO  ozoneimpl.OzoneContainer (OzoneContainer.java:startContainerScrub(177)) - Background container scanner has been disabled.
2019-11-05 08:34:19,979 [Datanode State Machine Thread - 0] INFO  ratis.XceiverServerRatis (XceiverServerRatis.java:start(418)) - Starting XceiverServerRatis 2f0028df-de82-48c4-92fd-bfd4b7dbba36 at port 0
2019-11-05 08:34:19,988 [Datanode State Machine Thread - 0] INFO  impl.RaftServerProxy (RaftServerProxy.java:lambda$start$3(299)) - 2f0028df-de82-48c4-92fd-bfd4b7dbba36: start RPC server
2019-11-05 08:34:19,988 [Datanode State Machine Thread - 0] INFO  server.GrpcService (GrpcService.java:startImpl(158)) - 2f0028df-de82-48c4-92fd-bfd4b7dbba36: GrpcService started, listening on 0.0.0.0/0.0.0.0:39697
2019-11-05 08:34:19,988 [Datanode State Machine Thread - 0] INFO  ratis.XceiverServerRatis (XceiverServerRatis.java:start(428)) - XceiverServerRatis 2f0028df-de82-48c4-92fd-bfd4b7dbba36 is started using port 39697
2019-11-05 08:34:19,989 [Datanode State Machine Thread - 0] INFO  server.XceiverServerGrpc (XceiverServerGrpc.java:start(149)) - XceiverServerGrpc 2f0028df-de82-48c4-92fd-bfd4b7dbba36 is started using port 35973
2019-11-05 08:34:20,051 [main] INFO  ozone.MiniOzoneClusterImpl (MiniOzoneClusterImpl.java:lambda$waitForClusterToBeReady$0(147)) - Waiting for cluster to be ready. Got 0 of 10 DN Heartbeats.
2019-11-05 08:34:20,066 [Datanode State Machine Thread - 0] INFO  ozoneimpl.OzoneContainer (OzoneContainer.java:start(213)) - Attempting to start container services.
2019-11-05 08:34:20,066 [Datanode State Machine Thread - 0] INFO  ozoneimpl.OzoneContainer (OzoneContainer.java:startContainerScrub(177)) - Background container scanner has been disabled.
2019-11-05 08:34:20,066 [Datanode State Machine Thread - 0] INFO  ratis.XceiverServerRatis (XceiverServerRatis.java:start(418)) - Starting XceiverServerRatis ce6aaef5-0e62-4cca-9483-e7266dc5c7be at port 0
2019-11-05 08:34:20,075 [Datanode State Machine Thread - 0] INFO  impl.RaftServerProxy (RaftServerProxy.java:lambda$start$3(299)) - ce6aaef5-0e62-4cca-9483-e7266dc5c7be: start RPC server
2019-11-05 08:34:20,079 [Datanode State Machine Thread - 0] INFO  server.GrpcService (GrpcService.java:startImpl(158)) - ce6aaef5-0e62-4cca-9483-e7266dc5c7be: GrpcService started, listening on 0.0.0.0/0.0.0.0:42881
2019-11-05 08:34:20,079 [Datanode State Machine Thread - 0] INFO  ratis.XceiverServerRatis (XceiverServerRatis.java:start(428)) - XceiverServerRatis ce6aaef5-0e62-4cca-9483-e7266dc5c7be is started using port 42881
2019-11-05 08:34:20,097 [Datanode State Machine Thread - 0] INFO  server.XceiverServerGrpc (XceiverServerGrpc.java:start(149)) - XceiverServerGrpc ce6aaef5-0e62-4cca-9483-e7266dc5c7be is started using port 38009
2019-11-05 08:34:21,052 [main] INFO  ozone.MiniOzoneClusterImpl (MiniOzoneClusterImpl.java:lambda$waitForClusterToBeReady$0(147)) - Waiting for cluster to be ready. Got 0 of 10 DN Heartbeats.
2019-11-05 08:34:21,354 [IPC Server handler 4 on 44961] INFO  net.NetworkTopology (NetworkTopologyImpl.java:add(111)) - Added a new node: /rack1/fae5ccd0-edd9-4644-8d4e-9d507f6169bd
2019-11-05 08:34:21,355 [IPC Server handler 4 on 44961] INFO  node.SCMNodeManager (SCMNodeManager.java:register(268)) - Registered Data node : fae5ccd0-edd9-4644-8d4e-9d507f6169bd{ip: 192.168.164.217, host: pr-hdds-1643-8bmlk-2934350033, networkLocation: /rack1, certSerialId: null}
2019-11-05 08:34:21,358 [EventQueue-NodeRegistrationContainerReportForDataNodeSafeModeRule] INFO  safemode.SCMSafeModeManager (DataNodeSafeModeRule.java:process(71)) - SCM in safe mode. 1 DataNodes registered, 1 required.
2019-11-05 08:34:21,360 [EventQueue-NodeRegistrationContainerReportForDataNodeSafeModeRule] INFO  safemode.SCMSafeModeManager (SCMSafeModeManager.java:validateSafeModeExitRules(177)) - ScmSafeModeManager, all rules are successfully validated
2019-11-05 08:34:21,360 [EventQueue-NodeRegistrationContainerReportForDataNodeSafeModeRule] INFO  safemode.SCMSafeModeManager (SCMSafeModeManager.java:exitSafeMode(193)) - SCM exiting safe mode.
2019-11-05 08:34:21,372 [grpc-default-executor-17] INFO  impl.RaftServerProxy (RaftServerProxy.java:addNew(89)) - fae5ccd0-edd9-4644-8d4e-9d507f6169bd: addNew group-FA53CDA86D66:[fae5ccd0-edd9-4644-8d4e-9d507f6169bd:192.168.164.217:34224] returns group-FA53CDA86D66:java.util.concurrent.CompletableFuture@e0c22e6[Not completed]
2019-11-05 08:34:21,375 [pool-149-thread-1] INFO  impl.RaftServerImpl (RaftServerImpl.java:<init>(104)) - fae5ccd0-edd9-4644-8d4e-9d507f6169bd: new RaftServerImpl for group-FA53CDA86D66:[fae5ccd0-edd9-4644-8d4e-9d507f6169bd:192.168.164.217:34224] with ContainerStateMachine:uninitialized
2019-11-05 08:34:21,376 [pool-149-thread-1] INFO  server.RaftServerConfigKeys (ConfUtils.java:logGet(43)) - raft.server.rpc.timeout.min = 1s (custom)
2019-11-05 08:34:21,376 [pool-149-thread-1] INFO  server.RaftServerConfigKeys (ConfUtils.java:logGet(43)) - raft.server.rpc.timeout.max = 1200ms (custom)
2019-11-05 08:34:21,376 [pool-149-thread-1] INFO  server.RaftServerConfigKeys (ConfUtils.java:logGet(43)) - raft.server.rpcslowness.timeout = 120s (custom)
2019-11-05 08:34:21,376 [pool-149-thread-1] INFO  server.RaftServerConfigKeys (ConfUtils.java:logGet(43)) - raft.server.sleep.deviation.threshold = 300 (default)
2019-11-05 08:34:21,376 [pool-149-thread-1] INFO  server.RaftServerConfigKeys (ConfUtils.java:logGet(43)) - raft.server.log.appender.install.snapshot.enabled = false (custom)
2019-11-05 08:34:21,376 [pool-149-thread-1] INFO  impl.RaftServerImpl (ServerState.java:<init>(103)) - fae5ccd0-edd9-4644-8d4e-9d507f6169bd@group-FA53CDA86D66: ConfigurationManager, init=-1: [fae5ccd0-edd9-4644-8d4e-9d507f6169bd:192.168.164.217:34224], old=null, confs=<EMPTY_MAP>
2019-11-05 08:34:21,377 [pool-149-thread-1] INFO  server.RaftServerConfigKeys (ConfUtils.java:logGet(43)) - raft.server.storage.dir = [/workdir/hadoop-ozone/integration-test/target/test-dir/MiniOzoneClusterImpl-c1ac3406-7bea-4748-bbf9-a747646a8bff/datanode-0/data/ratis] (custom)
2019-11-05 08:34:21,377 [pool-149-thread-1] INFO  server.RaftServerConfigKeys (ConfUtils.java:logGet(43)) - raft.server.log.corruption.policy = EXCEPTION (default)
2019-11-05 08:34:21,377 [pool-149-thread-1] INFO  storage.RaftStorageDirectory (RaftStorageDirectory.java:analyzeStorage(246)) - The storage directory /workdir/hadoop-ozone/integration-test/target/test-dir/MiniOzoneClusterImpl-c1ac3406-7bea-4748-bbf9-a747646a8bff/datanode-0/data/ratis/2d49c19f-f246-4f15-b962-fa53cda86d66 does not exist. Creating ...
2019-11-05 08:34:21,390 [pool-149-thread-1] INFO  storage.RaftStorageDirectory (RaftStorageDirectory.java:tryLock(328)) - Lock on /workdir/hadoop-ozone/integration-test/target/test-dir/MiniOzoneClusterImpl-c1ac3406-7bea-4748-bbf9-a747646a8bff/datanode-0/data/ratis/2d49c19f-f246-4f15-b962-fa53cda86d66/in_use.lock acquired by nodename 19585@pr-hdds-1643-8bmlk-2934350033
2019-11-05 08:34:21,403 [pool-149-thread-1] INFO  storage.RaftStorage (RaftStorage.java:format(84)) - Storage directory /workdir/hadoop-ozone/integration-test/target/test-dir/MiniOzoneClusterImpl-c1ac3406-7bea-4748-bbf9-a747646a8bff/datanode-0/data/ratis/2d49c19f-f246-4f15-b962-fa53cda86d66 has been successfully formatted.
2019-11-05 08:34:21,404 [pool-149-thread-1] INFO  ratis.ContainerStateMachine (ContainerStateMachine.java:loadSnapshot(231)) - group-FA53CDA86D66: The snapshot info is null. Setting the last applied indexto:(t:0, i:~)
2019-11-05 08:34:21,404 [pool-149-thread-1] INFO  server.RaftServerConfigKeys (ConfUtils.java:logGet(43)) - raft.server.notification.no-leader.timeout = 120s (custom)
2019-11-05 08:34:21,404 [pool-149-thread-1] INFO  server.RaftServerConfigKeys (ConfUtils.java:logGet(43)) - raft.server.log.use.memory = false (default)
2019-11-05 08:34:21,404 [pool-149-thread-1] INFO  server.RaftServerConfigKeys (ConfUtils.java:logGet(43)) - raft.server.log.purge.gap = 1000000 (custom)
2019-11-05 08:34:21,404 [pool-149-thread-1] INFO  server.RaftServerConfigKeys (ConfUtils.java:logGet(43)) - raft.server.log.appender.buffer.byte-limit = 33554432 (custom)
2019-11-05 08:34:21,404 [pool-149-thread-1] INFO  server.RaftServerConfigKeys (ConfUtils.java:logGet(43)) - raft.server.log.segment.size.max = 1048576 (custom)
2019-11-05 08:34:21,407 [pool-149-thread-1] INFO  server.RaftServerConfigKeys (ConfUtils.java:logGet(43)) - raft.server.log.segment.cache.num.max = 2 (custom)
2019-11-05 08:34:21,407 [pool-149-thread-1] INFO  segmented.SegmentedRaftLogWorker (SegmentedRaftLogWorker.java:<init>(173)) - new fae5ccd0-edd9-4644-8d4e-9d507f6169bd@group-FA53CDA86D66-SegmentedRaftLogWorker for RaftStorage:Storage Directory /workdir/hadoop-ozone/integration-test/target/test-dir/MiniOzoneClusterImpl-c1ac3406-7bea-4748-bbf9-a747646a8bff/datanode-0/data/ratis/2d49c19f-f246-4f15-b962-fa53cda86d66
2019-11-05 08:34:21,407 [pool-149-thread-1] INFO  server.RaftServerConfigKeys (ConfUtils.java:logGet(43)) - raft.server.log.queue.byte-limit = 2147483647 (custom)
2019-11-05 08:34:21,407 [pool-149-thread-1] INFO  server.RaftServerConfigKeys (ConfUtils.java:logGet(43)) - raft.server.log.queue.element-limit = 1024 (custom)
2019-11-05 08:34:21,407 [pool-149-thread-1] INFO  server.RaftServerConfigKeys (ConfUtils.java:logGet(43)) - raft.server.log.segment.size.max = 1048576 (custom)
2019-11-05 08:34:21,407 [pool-149-thread-1] INFO  server.RaftServerConfigKeys (ConfUtils.java:logGet(43)) - raft.server.log.preallocated.size = 16384 (custom)
2019-11-05 08:34:21,407 [pool-149-thread-1] INFO  server.RaftServerConfigKeys (ConfUtils.java:logGet(43)) - raft.server.log.write.buffer.size = 33554432 (custom)
2019-11-05 08:34:21,407 [pool-149-thread-1] INFO  server.RaftServerConfigKeys (ConfUtils.java:logGet(43)) - raft.server.log.force.sync.num = 128 (default)
2019-11-05 08:34:21,408 [pool-149-thread-1] INFO  server.RaftServerConfigKeys (ConfUtils.java:logGet(43)) - raft.server.log.statemachine.data.sync = true (default)
2019-11-05 08:34:21,408 [pool-149-thread-1] INFO  server.RaftServerConfigKeys (ConfUtils.java:logGet(43)) - raft.server.log.statemachine.data.sync.timeout = 10s (default)
2019-11-05 08:34:21,408 [pool-149-thread-1] INFO  server.RaftServerConfigKeys (ConfUtils.java:logGet(43)) - raft.server.log.statemachine.data.sync.timeout.retry = -1 (default)
2019-11-05 08:34:21,408 [pool-149-thread-1] INFO  server.RaftServerConfigKeys (ConfUtils.java:logGet(43)) - raft.server.log.statemachine.data.caching.enabled = true (custom)
2019-11-05 08:34:21,409 [pool-149-thread-1] INFO  segmented.SegmentedRaftLogWorker (SegmentedRaftLogWorker.java:lambda$new$0(128)) - fae5ccd0-edd9-4644-8d4e-9d507f6169bd@group-FA53CDA86D66-SegmentedRaftLogWorker: flushIndex: setUnconditionally 0 -> -1
2019-11-05 08:34:21,409 [pool-149-thread-1] INFO  server.RaftServerConfigKeys (ConfUtils.java:logGet(43)) - raft.server.snapshot.auto.trigger.enabled = true (custom)
2019-11-05 08:34:21,409 [pool-149-thread-1] INFO  server.RaftServerConfigKeys (ConfUtils.java:logGet(43)) - raft.server.snapshot.auto.trigger.threshold = 10000 (custom)
2019-11-05 08:34:21,409 [pool-149-thread-1] INFO  server.RaftServerConfigKeys (ConfUtils.java:logGet(43)) - raft.server.snapshot.retention.file.num = 5 (custom)
2019-11-05 08:34:21,409 [pool-149-thread-1] INFO  server.RaftServerConfigKeys (ConfUtils.java:logGet(43)) - raft.server.retrycache.expirytime = 600000ms (custom)
2019-11-05 08:34:21,413 [pool-149-thread-1] INFO  impl.RaftServerImpl (RaftServerImpl.java:start(195)) - fae5ccd0-edd9-4644-8d4e-9d507f6169bd@group-FA53CDA86D66: start as a follower, conf=-1: [fae5ccd0-edd9-4644-8d4e-9d507f6169bd:192.168.164.217:34224], old=null
2019-11-05 08:34:21,413 [pool-149-thread-1] INFO  impl.RaftServerImpl (RaftServerImpl.java:setRole(184)) - fae5ccd0-edd9-4644-8d4e-9d507f6169bd@group-FA53CDA86D66: changes role from      null to FOLLOWER at term 0 for startAsFollower
2019-11-05 08:34:21,413 [pool-149-thread-1] INFO  impl.RoleInfo (RoleInfo.java:updateAndGet(143)) - fae5ccd0-edd9-4644-8d4e-9d507f6169bd: start FollowerState
2019-11-05 08:34:21,424 [pool-149-thread-1] INFO  util.JmxRegister (JmxRegister.java:tryRegister(44)) - Successfully registered JMX Bean with object name Ratis:service=RaftServer,group=group-FA53CDA86D66,id=fae5ccd0-edd9-4644-8d4e-9d507f6169bd
2019-11-05 08:34:21,426 [IPC Server handler 5 on 44961] INFO  net.NetworkTopology (NetworkTopologyImpl.java:add(111)) - Added a new node: /rack1/ac799505-d01b-4984-a491-73e044603a46
2019-11-05 08:34:21,426 [IPC Server handler 5 on 44961] INFO  node.SCMNodeManager (SCMNodeManager.java:register(268)) - Registered Data node : ac799505-d01b-4984-a491-73e044603a46{ip: 192.168.164.217, host: pr-hdds-1643-8bmlk-2934350033, networkLocation: /rack1, certSerialId: null}
2019-11-05 08:34:21,440 [RatisPipelineUtilsThread] INFO  pipeline.PipelineStateManager (PipelineStateManager.java:addPipeline(56)) - Created pipeline Pipeline[ Id: 2d49c19f-f246-4f15-b962-fa53cda86d66, Nodes: fae5ccd0-edd9-4644-8d4e-9d507f6169bd{ip: 192.168.164.217, host: pr-hdds-1643-8bmlk-2934350033, networkLocation: /rack1, certSerialId: null}, Type:RATIS, Factor:ONE, State:OPEN]
2019-11-05 08:34:21,448 [grpc-default-executor-17] INFO  impl.RaftServerProxy (RaftServerProxy.java:addNew(89)) - ac799505-d01b-4984-a491-73e044603a46: addNew group-A6DCFD65D6E9:[ac799505-d01b-4984-a491-73e044603a46:192.168.164.217:37555] returns group-A6DCFD65D6E9:java.util.concurrent.CompletableFuture@6d4d9a6e[Not completed]
2019-11-05 08:34:21,449 [pool-159-thread-1] INFO  impl.RaftServerImpl (RaftServerImpl.java:<init>(104)) - ac799505-d01b-4984-a491-73e044603a46: new RaftServerImpl for group-A6DCFD65D6E9:[ac799505-d01b-4984-a491-73e044603a46:192.168.164.217:37555] with ContainerStateMachine:uninitialized
2019-11-05 08:34:21,449 [pool-159-thread-1] INFO  server.RaftServerConfigKeys (ConfUtils.java:logGet(43)) - raft.server.rpc.timeout.min = 1s (custom)
2019-11-05 08:34:21,449 [pool-159-thread-1] INFO  server.RaftServerConfigKeys (ConfUtils.java:logGet(43)) - raft.server.rpc.timeout.max = 1200ms (custom)
2019-11-05 08:34:21,449 [pool-159-thread-1] INFO  server.RaftServerConfigKeys (ConfUtils.java:logGet(43)) - raft.server.rpcslowness.timeout = 120s (custom)
2019-11-05 08:34:21,450 [pool-159-thread-1] INFO  server.RaftServerConfigKeys (ConfUtils.java:logGet(43)) - raft.server.sleep.deviation.threshold = 300 (default)
2019-11-05 08:34:21,450 [pool-159-thread-1] INFO  server.RaftServerConfigKeys (ConfUtils.java:logGet(43)) - raft.server.log.appender.install.snapshot.enabled = false (custom)
2019-11-05 08:34:21,450 [pool-159-thread-1] INFO  impl.RaftServerImpl (ServerState.java:<init>(103)) - ac799505-d01b-4984-a491-73e044603a46@group-A6DCFD65D6E9: ConfigurationManager, init=-1: [ac799505-d01b-4984-a491-73e044603a46:192.168.164.217:37555], old=null, confs=<EMPTY_MAP>
2019-11-05 08:34:21,450 [pool-159-thread-1] INFO  server.RaftServerConfigKeys (ConfUtils.java:logGet(43)) - raft.server.storage.dir = [/workdir/hadoop-ozone/integration-test/target/test-dir/MiniOzoneClusterImpl-c1ac3406-7bea-4748-bbf9-a747646a8bff/datanode-1/data/ratis] (custom)
2019-11-05 08:34:21,450 [pool-159-thread-1] INFO  server.RaftServerConfigKeys (ConfUtils.java:logGet(43)) - raft.server.log.corruption.policy = EXCEPTION (default)
2019-11-05 08:34:21,450 [pool-159-thread-1] INFO  storage.RaftStorageDirectory (RaftStorageDirectory.java:analyzeStorage(246)) - The storage directory /workdir/hadoop-ozone/integration-test/target/test-dir/MiniOzoneClusterImpl-c1ac3406-7bea-4748-bbf9-a747646a8bff/datanode-1/data/ratis/d9835bbd-d5da-4fba-a7e7-a6dcfd65d6e9 does not exist. Creating ...
2019-11-05 08:34:21,463 [pool-159-thread-1] INFO  storage.RaftStorageDirectory (RaftStorageDirectory.java:tryLock(328)) - Lock on /workdir/hadoop-ozone/integration-test/target/test-dir/MiniOzoneClusterImpl-c1ac3406-7bea-4748-bbf9-a747646a8bff/datanode-1/data/ratis/d9835bbd-d5da-4fba-a7e7-a6dcfd65d6e9/in_use.lock acquired by nodename 19585@pr-hdds-1643-8bmlk-2934350033
2019-11-05 08:34:21,475 [pool-159-thread-1] INFO  storage.RaftStorage (RaftStorage.java:format(84)) - Storage directory /workdir/hadoop-ozone/integration-test/target/test-dir/MiniOzoneClusterImpl-c1ac3406-7bea-4748-bbf9-a747646a8bff/datanode-1/data/ratis/d9835bbd-d5da-4fba-a7e7-a6dcfd65d6e9 has been successfully formatted.
2019-11-05 08:34:21,476 [pool-159-thread-1] INFO  ratis.ContainerStateMachine (ContainerStateMachine.java:loadSnapshot(231)) - group-A6DCFD65D6E9: The snapshot info is null. Setting the last applied indexto:(t:0, i:~)
2019-11-05 08:34:21,476 [pool-159-thread-1] INFO  server.RaftServerConfigKeys (ConfUtils.java:logGet(43)) - raft.server.notification.no-leader.timeout = 120s (custom)
2019-11-05 08:34:21,476 [pool-159-thread-1] INFO  server.RaftServerConfigKeys (ConfUtils.java:logGet(43)) - raft.server.log.use.memory = false (default)
2019-11-05 08:34:21,476 [pool-159-thread-1] INFO  server.RaftServerConfigKeys (ConfUtils.java:logGet(43)) - raft.server.log.purge.gap = 1000000 (custom)
2019-11-05 08:34:21,476 [pool-159-thread-1] INFO  server.RaftServerConfigKeys (ConfUtils.java:logGet(43)) - raft.server.log.appender.buffer.byte-limit = 33554432 (custom)
2019-11-05 08:34:21,476 [pool-159-thread-1] INFO  server.RaftServerConfigKeys (ConfUtils.java:logGet(43)) - raft.server.log.segment.size.max = 1048576 (custom)
2019-11-05 08:34:21,478 [pool-159-thread-1] INFO  server.RaftServerConfigKeys (ConfUtils.java:logGet(43)) - raft.server.log.segment.cache.num.max = 2 (custom)
2019-11-05 08:34:21,478 [pool-159-thread-1] INFO  segmented.SegmentedRaftLogWorker (SegmentedRaftLogWorker.java:<init>(173)) - new ac799505-d01b-4984-a491-73e044603a46@group-A6DCFD65D6E9-SegmentedRaftLogWorker for RaftStorage:Storage Directory /workdir/hadoop-ozone/integration-test/target/test-dir/MiniOzoneClusterImpl-c1ac3406-7bea-4748-bbf9-a747646a8bff/datanode-1/data/ratis/d9835bbd-d5da-4fba-a7e7-a6dcfd65d6e9
2019-11-05 08:34:21,478 [pool-159-thread-1] INFO  server.RaftServerConfigKeys (ConfUtils.java:logGet(43)) - raft.server.log.queue.byte-limit = 2147483647 (custom)
2019-11-05 08:34:21,478 [pool-159-thread-1] INFO  server.RaftServerConfigKeys (ConfUtils.java:logGet(43)) - raft.server.log.queue.element-limit = 1024 (custom)
2019-11-05 08:34:21,478 [pool-159-thread-1] INFO  server.RaftServerConfigKeys (ConfUtils.java:logGet(43)) - raft.server.log.segment.size.max = 1048576 (custom)
2019-11-05 08:34:21,478 [pool-159-thread-1] INFO  server.RaftServerConfigKeys (ConfUtils.java:logGet(43)) - raft.server.log.preallocated.size = 16384 (custom)
2019-11-05 08:34:21,478 [pool-159-thread-1] INFO  server.RaftServerConfigKeys (ConfUtils.java:logGet(43)) - raft.server.log.write.buffer.size = 33554432 (custom)
2019-11-05 08:34:21,478 [pool-159-thread-1] INFO  server.RaftServerConfigKeys (ConfUtils.java:logGet(43)) - raft.server.log.force.sync.num = 128 (default)
2019-11-05 08:34:21,478 [pool-159-thread-1] INFO  server.RaftServerConfigKeys (ConfUtils.java:logGet(43)) - raft.server.log.statemachine.data.sync = true (default)
2019-11-05 08:34:21,478 [pool-159-thread-1] INFO  server.RaftServerConfigKeys (ConfUtils.java:logGet(43)) - raft.server.log.statemachine.data.sync.timeout = 10s (default)
2019-11-05 08:34:21,479 [pool-159-thread-1] INFO  server.RaftServerConfigKeys (ConfUtils.java:logGet(43)) - raft.server.log.statemachine.data.sync.timeout.retry = -1 (default)
2019-11-05 08:34:21,479 [pool-159-thread-1] INFO  server.RaftServerConfigKeys (ConfUtils.java:logGet(43)) - raft.server.log.statemachine.data.caching.enabled = true (custom)
2019-11-05 08:34:21,479 [pool-159-thread-1] INFO  segmented.SegmentedRaftLogWorker (SegmentedRaftLogWorker.java:lambda$new$0(128)) - ac799505-d01b-4984-a491-73e044603a46@group-A6DCFD65D6E9-SegmentedRaftLogWorker: flushIndex: setUnconditionally 0 -> -1
2019-11-05 08:34:21,479 [pool-159-thread-1] INFO  server.RaftServerConfigKeys (ConfUtils.java:logGet(43)) - raft.server.snapshot.auto.trigger.enabled = true (custom)
2019-11-05 08:34:21,479 [pool-159-thread-1] INFO  server.RaftServerConfigKeys (ConfUtils.java:logGet(43)) - raft.server.snapshot.auto.trigger.threshold = 10000 (custom)
2019-11-05 08:34:21,480 [pool-159-thread-1] INFO  server.RaftServerConfigKeys (ConfUtils.java:logGet(43)) - raft.server.snapshot.retention.file.num = 5 (custom)
2019-11-05 08:34:21,480 [pool-159-thread-1] INFO  server.RaftServerConfigKeys (ConfUtils.java:logGet(43)) - raft.server.retrycache.expirytime = 600000ms (custom)
2019-11-05 08:34:21,482 [pool-159-thread-1] INFO  impl.RaftServerImpl (RaftServerImpl.java:start(195)) - ac799505-d01b-4984-a491-73e044603a46@group-A6DCFD65D6E9: start as a follower, conf=-1: [ac799505-d01b-4984-a491-73e044603a46:192.168.164.217:37555], old=null
2019-11-05 08:34:21,482 [pool-159-thread-1] INFO  impl.RaftServerImpl (RaftServerImpl.java:setRole(184)) - ac799505-d01b-4984-a491-73e044603a46@group-A6DCFD65D6E9: changes role from      null to FOLLOWER at term 0 for startAsFollower
2019-11-05 08:34:21,482 [pool-159-thread-1] INFO  impl.RoleInfo (RoleInfo.java:updateAndGet(143)) - ac799505-d01b-4984-a491-73e044603a46: start FollowerState
2019-11-05 08:34:21,483 [pool-159-thread-1] INFO  util.JmxRegister (JmxRegister.java:tryRegister(44)) - Successfully registered JMX Bean with object name Ratis:service=RaftServer,group=group-A6DCFD65D6E9,id=ac799505-d01b-4984-a491-73e044603a46
2019-11-05 08:34:21,487 [RatisPipelineUtilsThread] INFO  pipeline.PipelineStateManager (PipelineStateManager.java:addPipeline(56)) - Created pipeline Pipeline[ Id: d9835bbd-d5da-4fba-a7e7-a6dcfd65d6e9, Nodes: ac799505-d01b-4984-a491-73e044603a46{ip: 192.168.164.217, host: pr-hdds-1643-8bmlk-2934350033, networkLocation: /rack1, certSerialId: null}, Type:RATIS, Factor:ONE, State:OPEN]
2019-11-05 08:34:21,511 [IPC Server handler 2 on 44961] INFO  net.NetworkTopology (NetworkTopologyImpl.java:add(111)) - Added a new node: /rack1/5d271ba9-e0f4-40ff-b9fc-f90f33adc13b
2019-11-05 08:34:21,512 [IPC Server handler 2 on 44961] INFO  node.SCMNodeManager (SCMNodeManager.java:register(268)) - Registered Data node : 5d271ba9-e0f4-40ff-b9fc-f90f33adc13b{ip: 192.168.164.217, host: pr-hdds-1643-8bmlk-2934350033, networkLocation: /rack1, certSerialId: null}
2019-11-05 08:34:21,518 [grpc-default-executor-17] INFO  impl.RaftServerProxy (RaftServerProxy.java:addNew(89)) - 5d271ba9-e0f4-40ff-b9fc-f90f33adc13b: addNew group-84C7ED46CE0D:[5d271ba9-e0f4-40ff-b9fc-f90f33adc13b:192.168.164.217:46357] returns group-84C7ED46CE0D:java.util.concurrent.CompletableFuture@54848d7d[Not completed]
2019-11-05 08:34:21,520 [pool-169-thread-1] INFO  impl.RaftServerImpl (RaftServerImpl.java:<init>(104)) - 5d271ba9-e0f4-40ff-b9fc-f90f33adc13b: new RaftServerImpl for group-84C7ED46CE0D:[5d271ba9-e0f4-40ff-b9fc-f90f33adc13b:192.168.164.217:46357] with ContainerStateMachine:uninitialized
2019-11-05 08:34:21,520 [pool-169-thread-1] INFO  server.RaftServerConfigKeys (ConfUtils.java:logGet(43)) - raft.server.rpc.timeout.min = 1s (custom)
2019-11-05 08:34:21,520 [pool-169-thread-1] INFO  server.RaftServerConfigKeys (ConfUtils.java:logGet(43)) - raft.server.rpc.timeout.max = 1200ms (custom)
2019-11-05 08:34:21,520 [pool-169-thread-1] INFO  server.RaftServerConfigKeys (ConfUtils.java:logGet(43)) - raft.server.rpcslowness.timeout = 120s (custom)
2019-11-05 08:34:21,520 [pool-169-thread-1] INFO  server.RaftServerConfigKeys (ConfUtils.java:logGet(43)) - raft.server.sleep.deviation.threshold = 300 (default)
2019-11-05 08:34:21,520 [pool-169-thread-1] INFO  server.RaftServerConfigKeys (ConfUtils.java:logGet(43)) - raft.server.log.appender.install.snapshot.enabled = false (custom)
2019-11-05 08:34:21,520 [pool-169-thread-1] INFO  impl.RaftServerImpl (ServerState.java:<init>(103)) - 5d271ba9-e0f4-40ff-b9fc-f90f33adc13b@group-84C7ED46CE0D: ConfigurationManager, init=-1: [5d271ba9-e0f4-40ff-b9fc-f90f33adc13b:192.168.164.217:46357], old=null, confs=<EMPTY_MAP>
2019-11-05 08:34:21,520 [pool-169-thread-1] INFO  server.RaftServerConfigKeys (ConfUtils.java:logGet(43)) - raft.server.storage.dir = [/workdir/hadoop-ozone/integration-test/target/test-dir/MiniOzoneClusterImpl-c1ac3406-7bea-4748-bbf9-a747646a8bff/datanode-2/data/ratis] (custom)
2019-11-05 08:34:21,521 [pool-169-thread-1] INFO  server.RaftServerConfigKeys (ConfUtils.java:logGet(43)) - raft.server.log.corruption.policy = EXCEPTION (default)
2019-11-05 08:34:21,521 [pool-169-thread-1] INFO  storage.RaftStorageDirectory (RaftStorageDirectory.java:analyzeStorage(246)) - The storage directory /workdir/hadoop-ozone/integration-test/target/test-dir/MiniOzoneClusterImpl-c1ac3406-7bea-4748-bbf9-a747646a8bff/datanode-2/data/ratis/c95c9325-4585-4a95-b764-84c7ed46ce0d does not exist. Creating ...
2019-11-05 08:34:21,533 [pool-169-thread-1] INFO  storage.RaftStorageDirectory (RaftStorageDirectory.java:tryLock(328)) - Lock on /workdir/hadoop-ozone/integration-test/target/test-dir/MiniOzoneClusterImpl-c1ac3406-7bea-4748-bbf9-a747646a8bff/datanode-2/data/ratis/c95c9325-4585-4a95-b764-84c7ed46ce0d/in_use.lock acquired by nodename 19585@pr-hdds-1643-8bmlk-2934350033
2019-11-05 08:34:21,546 [pool-169-thread-1] INFO  storage.RaftStorage (RaftStorage.java:format(84)) - Storage directory /workdir/hadoop-ozone/integration-test/target/test-dir/MiniOzoneClusterImpl-c1ac3406-7bea-4748-bbf9-a747646a8bff/datanode-2/data/ratis/c95c9325-4585-4a95-b764-84c7ed46ce0d has been successfully formatted.
2019-11-05 08:34:21,546 [pool-169-thread-1] INFO  ratis.ContainerStateMachine (ContainerStateMachine.java:loadSnapshot(231)) - group-84C7ED46CE0D: The snapshot info is null. Setting the last applied indexto:(t:0, i:~)
2019-11-05 08:34:21,546 [pool-169-thread-1] INFO  server.RaftServerConfigKeys (ConfUtils.java:logGet(43)) - raft.server.notification.no-leader.timeout = 120s (custom)
2019-11-05 08:34:21,546 [pool-169-thread-1] INFO  server.RaftServerConfigKeys (ConfUtils.java:logGet(43)) - raft.server.log.use.memory = false (default)
2019-11-05 08:34:21,546 [pool-169-thread-1] INFO  server.RaftServerConfigKeys (ConfUtils.java:logGet(43)) - raft.server.log.purge.gap = 1000000 (custom)
2019-11-05 08:34:21,546 [pool-169-thread-1] INFO  server.RaftServerConfigKeys (ConfUtils.java:logGet(43)) - raft.server.log.appender.buffer.byte-limit = 33554432 (custom)
2019-11-05 08:34:21,546 [pool-169-thread-1] INFO  server.RaftServerConfigKeys (ConfUtils.java:logGet(43)) - raft.server.log.segment.size.max = 1048576 (custom)
2019-11-05 08:34:21,548 [pool-169-thread-1] INFO  server.RaftServerConfigKeys (ConfUtils.java:logGet(43)) - raft.server.log.segment.cache.num.max = 2 (custom)
2019-11-05 08:34:21,548 [pool-169-thread-1] INFO  segmented.SegmentedRaftLogWorker (SegmentedRaftLogWorker.java:<init>(173)) - new 5d271ba9-e0f4-40ff-b9fc-f90f33adc13b@group-84C7ED46CE0D-SegmentedRaftLogWorker for RaftStorage:Storage Directory /workdir/hadoop-ozone/integration-test/target/test-dir/MiniOzoneClusterImpl-c1ac3406-7bea-4748-bbf9-a747646a8bff/datanode-2/data/ratis/c95c9325-4585-4a95-b764-84c7ed46ce0d
2019-11-05 08:34:21,548 [pool-169-thread-1] INFO  server.RaftServerConfigKeys (ConfUtils.java:logGet(43)) - raft.server.log.queue.byte-limit = 2147483647 (custom)
2019-11-05 08:34:21,548 [pool-169-thread-1] INFO  server.RaftServerConfigKeys (ConfUtils.java:logGet(43)) - raft.server.log.queue.element-limit = 1024 (custom)
2019-11-05 08:34:21,548 [pool-169-thread-1] INFO  server.RaftServerConfigKeys (ConfUtils.java:logGet(43)) - raft.server.log.segment.size.max = 1048576 (custom)
2019-11-05 08:34:21,548 [pool-169-thread-1] INFO  server.RaftServerConfigKeys (ConfUtils.java:logGet(43)) - raft.server.log.preallocated.size = 16384 (custom)
2019-11-05 08:34:21,549 [pool-169-thread-1] INFO  server.RaftServerConfigKeys (ConfUtils.java:logGet(43)) - raft.server.log.write.buffer.size = 33554432 (custom)
2019-11-05 08:34:21,549 [pool-169-thread-1] INFO  server.RaftServerConfigKeys (ConfUtils.java:logGet(43)) - raft.server.log.force.sync.num = 128 (default)
2019-11-05 08:34:21,549 [pool-169-thread-1] INFO  server.RaftServerConfigKeys (ConfUtils.java:logGet(43)) - raft.server.log.statemachine.data.sync = true (default)
2019-11-05 08:34:21,549 [pool-169-thread-1] INFO  server.RaftServerConfigKeys (ConfUtils.java:logGet(43)) - raft.server.log.statemachine.data.sync.timeout = 10s (default)
2019-11-05 08:34:21,549 [pool-169-thread-1] INFO  server.RaftServerConfigKeys (ConfUtils.java:logGet(43)) - raft.server.log.statemachine.data.sync.timeout.retry = -1 (default)
2019-11-05 08:34:21,549 [pool-169-thread-1] INFO  server.RaftServerConfigKeys (ConfUtils.java:logGet(43)) - raft.server.log.statemachine.data.caching.enabled = true (custom)
2019-11-05 08:34:21,550 [pool-169-thread-1] INFO  segmented.SegmentedRaftLogWorker (SegmentedRaftLogWorker.java:lambda$new$0(128)) - 5d271ba9-e0f4-40ff-b9fc-f90f33adc13b@group-84C7ED46CE0D-SegmentedRaftLogWorker: flushIndex: setUnconditionally 0 -> -1
2019-11-05 08:34:21,550 [pool-169-thread-1] INFO  server.RaftServerConfigKeys (ConfUtils.java:logGet(43)) - raft.server.snapshot.auto.trigger.enabled = true (custom)
2019-11-05 08:34:21,550 [pool-169-thread-1] INFO  server.RaftServerConfigKeys (ConfUtils.java:logGet(43)) - raft.server.snapshot.auto.trigger.threshold = 10000 (custom)
2019-11-05 08:34:21,550 [pool-169-thread-1] INFO  server.RaftServerConfigKeys (ConfUtils.java:logGet(43)) - raft.server.snapshot.retention.file.num = 5 (custom)
2019-11-05 08:34:21,550 [pool-169-thread-1] INFO  server.RaftServerConfigKeys (ConfUtils.java:logGet(43)) - raft.server.retrycache.expirytime = 600000ms (custom)
2019-11-05 08:34:21,553 [pool-169-thread-1] INFO  impl.RaftServerImpl (RaftServerImpl.java:start(195)) - 5d271ba9-e0f4-40ff-b9fc-f90f33adc13b@group-84C7ED46CE0D: start as a follower, conf=-1: [5d271ba9-e0f4-40ff-b9fc-f90f33adc13b:192.168.164.217:46357], old=null
2019-11-05 08:34:21,553 [pool-169-thread-1] INFO  impl.RaftServerImpl (RaftServerImpl.java:setRole(184)) - 5d271ba9-e0f4-40ff-b9fc-f90f33adc13b@group-84C7ED46CE0D: changes role from      null to FOLLOWER at term 0 for startAsFollower
2019-11-05 08:34:21,553 [pool-169-thread-1] INFO  impl.RoleInfo (RoleInfo.java:updateAndGet(143)) - 5d271ba9-e0f4-40ff-b9fc-f90f33adc13b: start FollowerState
2019-11-05 08:34:21,553 [pool-169-thread-1] INFO  util.JmxRegister (JmxRegister.java:tryRegister(44)) - Successfully registered JMX Bean with object name Ratis:service=RaftServer,group=group-84C7ED46CE0D,id=5d271ba9-e0f4-40ff-b9fc-f90f33adc13b
2019-11-05 08:34:21,557 [RatisPipelineUtilsThread] INFO  pipeline.PipelineStateManager (PipelineStateManager.java:addPipeline(56)) - Created pipeline Pipeline[ Id: c95c9325-4585-4a95-b764-84c7ed46ce0d, Nodes: 5d271ba9-e0f4-40ff-b9fc-f90f33adc13b{ip: 192.168.164.217, host: pr-hdds-1643-8bmlk-2934350033, networkLocation: /rack1, certSerialId: null}, Type:RATIS, Factor:ONE, State:OPEN]
2019-11-05 08:34:21,565 [IPC Server handler 7 on 44961] INFO  net.NetworkTopology (NetworkTopologyImpl.java:add(111)) - Added a new node: /rack1/d92c9463-8e05-4a70-8cc7-1d31ae7ac64a
2019-11-05 08:34:21,565 [IPC Server handler 7 on 44961] INFO  node.SCMNodeManager (SCMNodeManager.java:register(268)) - Registered Data node : d92c9463-8e05-4a70-8cc7-1d31ae7ac64a{ip: 192.168.164.217, host: pr-hdds-1643-8bmlk-2934350033, networkLocation: /rack1, certSerialId: null}
2019-11-05 08:34:21,565 [grpc-default-executor-10] INFO  impl.RaftServerProxy (RaftServerProxy.java:addNew(89)) - 5d271ba9-e0f4-40ff-b9fc-f90f33adc13b: addNew group-96AF9F8BC25D:[5d271ba9-e0f4-40ff-b9fc-f90f33adc13b:192.168.164.217:46357, ac799505-d01b-4984-a491-73e044603a46:192.168.164.217:37555, fae5ccd0-edd9-4644-8d4e-9d507f6169bd:192.168.164.217:34224] returns group-96AF9F8BC25D:java.util.concurrent.CompletableFuture@3eef1fe6[Not completed]
2019-11-05 08:34:21,565 [grpc-default-executor-17] INFO  impl.RaftServerProxy (RaftServerProxy.java:addNew(89)) - ac799505-d01b-4984-a491-73e044603a46: addNew group-96AF9F8BC25D:[5d271ba9-e0f4-40ff-b9fc-f90f33adc13b:192.168.164.217:46357, ac799505-d01b-4984-a491-73e044603a46:192.168.164.217:37555, fae5ccd0-edd9-4644-8d4e-9d507f6169bd:192.168.164.217:34224] returns group-96AF9F8BC25D:java.util.concurrent.CompletableFuture@1b9d37ff[Not completed]
2019-11-05 08:34:21,565 [grpc-default-executor-13] INFO  impl.RaftServerProxy (RaftServerProxy.java:addNew(89)) - fae5ccd0-edd9-4644-8d4e-9d507f6169bd: addNew group-96AF9F8BC25D:[5d271ba9-e0f4-40ff-b9fc-f90f33adc13b:192.168.164.217:46357, ac799505-d01b-4984-a491-73e044603a46:192.168.164.217:37555, fae5ccd0-edd9-4644-8d4e-9d507f6169bd:192.168.164.217:34224] returns group-96AF9F8BC25D:java.util.concurrent.CompletableFuture@791beba[Not completed]
2019-11-05 08:34:21,566 [pool-169-thread-1] INFO  impl.RaftServerImpl (RaftServerImpl.java:<init>(104)) - 5d271ba9-e0f4-40ff-b9fc-f90f33adc13b: new RaftServerImpl for group-96AF9F8BC25D:[5d271ba9-e0f4-40ff-b9fc-f90f33adc13b:192.168.164.217:46357, ac799505-d01b-4984-a491-73e044603a46:192.168.164.217:37555, fae5ccd0-edd9-4644-8d4e-9d507f6169bd:192.168.164.217:34224] with ContainerStateMachine:uninitialized
2019-11-05 08:34:21,566 [pool-169-thread-1] INFO  server.RaftServerConfigKeys (ConfUtils.java:logGet(43)) - raft.server.rpc.timeout.min = 1s (custom)
2019-11-05 08:34:21,566 [pool-169-thread-1] INFO  server.RaftServerConfigKeys (ConfUtils.java:logGet(43)) - raft.server.rpc.timeout.max = 1200ms (custom)
2019-11-05 08:34:21,567 [pool-169-thread-1] INFO  server.RaftServerConfigKeys (ConfUtils.java:logGet(43)) - raft.server.rpcslowness.timeout = 120s (custom)
2019-11-05 08:34:21,567 [pool-169-thread-1] INFO  server.RaftServerConfigKeys (ConfUtils.java:logGet(43)) - raft.server.sleep.deviation.threshold = 300 (default)
2019-11-05 08:34:21,567 [pool-169-thread-1] INFO  server.RaftServerConfigKeys (ConfUtils.java:logGet(43)) - raft.server.log.appender.install.snapshot.enabled = false (custom)
2019-11-05 08:34:21,567 [pool-169-thread-1] INFO  impl.RaftServerImpl (ServerState.java:<init>(103)) - 5d271ba9-e0f4-40ff-b9fc-f90f33adc13b@group-96AF9F8BC25D: ConfigurationManager, init=-1: [5d271ba9-e0f4-40ff-b9fc-f90f33adc13b:192.168.164.217:46357, ac799505-d01b-4984-a491-73e044603a46:192.168.164.217:37555, fae5ccd0-edd9-4644-8d4e-9d507f6169bd:192.168.164.217:34224], old=null, confs=<EMPTY_MAP>
2019-11-05 08:34:21,567 [pool-149-thread-1] INFO  impl.RaftServerImpl (RaftServerImpl.java:<init>(104)) - fae5ccd0-edd9-4644-8d4e-9d507f6169bd: new RaftServerImpl for group-96AF9F8BC25D:[5d271ba9-e0f4-40ff-b9fc-f90f33adc13b:192.168.164.217:46357, ac799505-d01b-4984-a491-73e044603a46:192.168.164.217:37555, fae5ccd0-edd9-4644-8d4e-9d507f6169bd:192.168.164.217:34224] with ContainerStateMachine:uninitialized
2019-11-05 08:34:21,567 [pool-169-thread-1] INFO  server.RaftServerConfigKeys (ConfUtils.java:logGet(43)) - raft.server.storage.dir = [/workdir/hadoop-ozone/integration-test/target/test-dir/MiniOzoneClusterImpl-c1ac3406-7bea-4748-bbf9-a747646a8bff/datanode-2/data/ratis] (custom)
2019-11-05 08:34:21,567 [pool-149-thread-1] INFO  server.RaftServerConfigKeys (ConfUtils.java:logGet(43)) - raft.server.rpc.timeout.min = 1s (custom)
2019-11-05 08:34:21,567 [pool-149-thread-1] INFO  server.RaftServerConfigKeys (ConfUtils.java:logGet(43)) - raft.server.rpc.timeout.max = 1200ms (custom)
2019-11-05 08:34:21,567 [pool-169-thread-1] INFO  server.RaftServerConfigKeys (ConfUtils.java:logGet(43)) - raft.server.log.corruption.policy = EXCEPTION (default)
2019-11-05 08:34:21,567 [pool-149-thread-1] INFO  server.RaftServerConfigKeys (ConfUtils.java:logGet(43)) - raft.server.rpcslowness.timeout = 120s (custom)
2019-11-05 08:34:21,567 [pool-159-thread-1] INFO  impl.RaftServerImpl (RaftServerImpl.java:<init>(104)) - ac799505-d01b-4984-a491-73e044603a46: new RaftServerImpl for group-96AF9F8BC25D:[5d271ba9-e0f4-40ff-b9fc-f90f33adc13b:192.168.164.217:46357, ac799505-d01b-4984-a491-73e044603a46:192.168.164.217:37555, fae5ccd0-edd9-4644-8d4e-9d507f6169bd:192.168.164.217:34224] with ContainerStateMachine:uninitialized
2019-11-05 08:34:21,567 [pool-169-thread-1] INFO  storage.RaftStorageDirectory (RaftStorageDirectory.java:analyzeStorage(246)) - The storage directory /workdir/hadoop-ozone/integration-test/target/test-dir/MiniOzoneClusterImpl-c1ac3406-7bea-4748-bbf9-a747646a8bff/datanode-2/data/ratis/03c07a91-4698-41a5-bbc7-96af9f8bc25d does not exist. Creating ...
2019-11-05 08:34:21,567 [pool-149-thread-1] INFO  server.RaftServerConfigKeys (ConfUtils.java:logGet(43)) - raft.server.sleep.deviation.threshold = 300 (default)
2019-11-05 08:34:21,567 [pool-159-thread-1] INFO  server.RaftServerConfigKeys (ConfUtils.java:logGet(43)) - raft.server.rpc.timeout.min = 1s (custom)
2019-11-05 08:34:21,568 [pool-149-thread-1] INFO  server.RaftServerConfigKeys (ConfUtils.java:logGet(43)) - raft.server.log.appender.install.snapshot.enabled = false (custom)
2019-11-05 08:34:21,568 [pool-159-thread-1] INFO  server.RaftServerConfigKeys (ConfUtils.java:logGet(43)) - raft.server.rpc.timeout.max = 1200ms (custom)
2019-11-05 08:34:21,568 [pool-149-thread-1] INFO  impl.RaftServerImpl (ServerState.java:<init>(103)) - fae5ccd0-edd9-4644-8d4e-9d507f6169bd@group-96AF9F8BC25D: ConfigurationManager, init=-1: [5d271ba9-e0f4-40ff-b9fc-f90f33adc13b:192.168.164.217:46357, ac799505-d01b-4984-a491-73e044603a46:192.168.164.217:37555, fae5ccd0-edd9-4644-8d4e-9d507f6169bd:192.168.164.217:34224], old=null, confs=<EMPTY_MAP>
2019-11-05 08:34:21,568 [pool-159-thread-1] INFO  server.RaftServerConfigKeys (ConfUtils.java:logGet(43)) - raft.server.rpcslowness.timeout = 120s (custom)
2019-11-05 08:34:21,568 [pool-149-thread-1] INFO  server.RaftServerConfigKeys (ConfUtils.java:logGet(43)) - raft.server.storage.dir = [/workdir/hadoop-ozone/integration-test/target/test-dir/MiniOzoneClusterImpl-c1ac3406-7bea-4748-bbf9-a747646a8bff/datanode-0/data/ratis] (custom)
2019-11-05 08:34:21,568 [pool-159-thread-1] INFO  server.RaftServerConfigKeys (ConfUtils.java:logGet(43)) - raft.server.sleep.deviation.threshold = 300 (default)
2019-11-05 08:34:21,568 [pool-159-thread-1] INFO  server.RaftServerConfigKeys (ConfUtils.java:logGet(43)) - raft.server.log.appender.install.snapshot.enabled = false (custom)
2019-11-05 08:34:21,568 [pool-149-thread-1] INFO  server.RaftServerConfigKeys (ConfUtils.java:logGet(43)) - raft.server.log.corruption.policy = EXCEPTION (default)
2019-11-05 08:34:21,568 [pool-159-thread-1] INFO  impl.RaftServerImpl (ServerState.java:<init>(103)) - ac799505-d01b-4984-a491-73e044603a46@group-96AF9F8BC25D: ConfigurationManager, init=-1: [5d271ba9-e0f4-40ff-b9fc-f90f33adc13b:192.168.164.217:46357, ac799505-d01b-4984-a491-73e044603a46:192.168.164.217:37555, fae5ccd0-edd9-4644-8d4e-9d507f6169bd:192.168.164.217:34224], old=null, confs=<EMPTY_MAP>
2019-11-05 08:34:21,568 [pool-149-thread-1] INFO  storage.RaftStorageDirectory (RaftStorageDirectory.java:analyzeStorage(246)) - The storage directory /workdir/hadoop-ozone/integration-test/target/test-dir/MiniOzoneClusterImpl-c1ac3406-7bea-4748-bbf9-a747646a8bff/datanode-0/data/ratis/03c07a91-4698-41a5-bbc7-96af9f8bc25d does not exist. Creating ...
2019-11-05 08:34:21,568 [pool-159-thread-1] INFO  server.RaftServerConfigKeys (ConfUtils.java:logGet(43)) - raft.server.storage.dir = [/workdir/hadoop-ozone/integration-test/target/test-dir/MiniOzoneClusterImpl-c1ac3406-7bea-4748-bbf9-a747646a8bff/datanode-1/data/ratis] (custom)
2019-11-05 08:34:21,569 [pool-159-thread-1] INFO  server.RaftServerConfigKeys (ConfUtils.java:logGet(43)) - raft.server.log.corruption.policy = EXCEPTION (default)
2019-11-05 08:34:21,569 [pool-159-thread-1] INFO  storage.RaftStorageDirectory (RaftStorageDirectory.java:analyzeStorage(246)) - The storage directory /workdir/hadoop-ozone/integration-test/target/test-dir/MiniOzoneClusterImpl-c1ac3406-7bea-4748-bbf9-a747646a8bff/datanode-1/data/ratis/03c07a91-4698-41a5-bbc7-96af9f8bc25d does not exist. Creating ...
2019-11-05 08:34:21,581 [Thread-3358] INFO  impl.FollowerState (FollowerState.java:run(108)) - ac799505-d01b-4984-a491-73e044603a46@group-A6DCFD65D6E9-FollowerState: change to CANDIDATE, lastRpcTime:98ms, electionTimeout:98ms
2019-11-05 08:34:21,581 [Thread-3358] INFO  impl.RoleInfo (RoleInfo.java:shutdownFollowerState(121)) - ac799505-d01b-4984-a491-73e044603a46: shutdown FollowerState
2019-11-05 08:34:21,581 [Thread-3358] INFO  impl.RaftServerImpl (RaftServerImpl.java:setRole(184)) - ac799505-d01b-4984-a491-73e044603a46@group-A6DCFD65D6E9: changes role from  FOLLOWER to CANDIDATE at term 0 for changeToCandidate
2019-11-05 08:34:21,581 [Thread-3358] INFO  impl.RoleInfo (RoleInfo.java:updateAndGet(143)) - ac799505-d01b-4984-a491-73e044603a46: start LeaderElection
2019-11-05 08:34:21,595 [Thread-3355] INFO  impl.FollowerState (FollowerState.java:run(108)) - fae5ccd0-edd9-4644-8d4e-9d507f6169bd@group-FA53CDA86D66-FollowerState: change to CANDIDATE, lastRpcTime:181ms, electionTimeout:174ms
2019-11-05 08:34:21,595 [pool-169-thread-1] INFO  storage.RaftStorageDirectory (RaftStorageDirectory.java:tryLock(328)) - Lock on /workdir/hadoop-ozone/integration-test/target/test-dir/MiniOzoneClusterImpl-c1ac3406-7bea-4748-bbf9-a747646a8bff/datanode-2/data/ratis/03c07a91-4698-41a5-bbc7-96af9f8bc25d/in_use.lock acquired by nodename 19585@pr-hdds-1643-8bmlk-2934350033
2019-11-05 08:34:21,595 [pool-159-thread-1] INFO  storage.RaftStorageDirectory (RaftStorageDirectory.java:tryLock(328)) - Lock on /workdir/hadoop-ozone/integration-test/target/test-dir/MiniOzoneClusterImpl-c1ac3406-7bea-4748-bbf9-a747646a8bff/datanode-1/data/ratis/03c07a91-4698-41a5-bbc7-96af9f8bc25d/in_use.lock acquired by nodename 19585@pr-hdds-1643-8bmlk-2934350033
2019-11-05 08:34:21,595 [pool-149-thread-1] INFO  storage.RaftStorageDirectory (RaftStorageDirectory.java:tryLock(328)) - Lock on /workdir/hadoop-ozone/integration-test/target/test-dir/MiniOzoneClusterImpl-c1ac3406-7bea-4748-bbf9-a747646a8bff/datanode-0/data/ratis/03c07a91-4698-41a5-bbc7-96af9f8bc25d/in_use.lock acquired by nodename 19585@pr-hdds-1643-8bmlk-2934350033
2019-11-05 08:34:21,595 [Thread-3355] INFO  impl.RoleInfo (RoleInfo.java:shutdownFollowerState(121)) - fae5ccd0-edd9-4644-8d4e-9d507f6169bd: shutdown FollowerState
2019-11-05 08:34:21,596 [Thread-3355] INFO  impl.RaftServerImpl (RaftServerImpl.java:setRole(184)) - fae5ccd0-edd9-4644-8d4e-9d507f6169bd@group-FA53CDA86D66: changes role from  FOLLOWER to CANDIDATE at term 0 for changeToCandidate
2019-11-05 08:34:21,596 [Thread-3355] INFO  impl.RoleInfo (RoleInfo.java:updateAndGet(143)) - fae5ccd0-edd9-4644-8d4e-9d507f6169bd: start LeaderElection
2019-11-05 08:34:21,608 [pool-159-thread-1] INFO  storage.RaftStorage (RaftStorage.java:format(84)) - Storage directory /workdir/hadoop-ozone/integration-test/target/test-dir/MiniOzoneClusterImpl-c1ac3406-7bea-4748-bbf9-a747646a8bff/datanode-1/data/ratis/03c07a91-4698-41a5-bbc7-96af9f8bc25d has been successfully formatted.
2019-11-05 08:34:21,608 [pool-149-thread-1] INFO  storage.RaftStorage (RaftStorage.java:format(84)) - Storage directory /workdir/hadoop-ozone/integration-test/target/test-dir/MiniOzoneClusterImpl-c1ac3406-7bea-4748-bbf9-a747646a8bff/datanode-0/data/ratis/03c07a91-4698-41a5-bbc7-96af9f8bc25d has been successfully formatted.
2019-11-05 08:34:21,609 [pool-159-thread-1] INFO  ratis.ContainerStateMachine (ContainerStateMachine.java:loadSnapshot(231)) - group-96AF9F8BC25D: The snapshot info is null. Setting the last applied indexto:(t:0, i:~)
2019-11-05 08:34:21,608 [pool-169-thread-1] INFO  storage.RaftStorage (RaftStorage.java:format(84)) - Storage directory /workdir/hadoop-ozone/integration-test/target/test-dir/MiniOzoneClusterImpl-c1ac3406-7bea-4748-bbf9-a747646a8bff/datanode-2/data/ratis/03c07a91-4698-41a5-bbc7-96af9f8bc25d has been successfully formatted.
2019-11-05 08:34:21,608 [ac799505-d01b-4984-a491-73e044603a46@group-A6DCFD65D6E9-LeaderElection406] INFO  impl.LeaderElection (LeaderElection.java:askForVotes(178)) - ac799505-d01b-4984-a491-73e044603a46@group-A6DCFD65D6E9-LeaderElection406: begin an election at term 1 for -1: [ac799505-d01b-4984-a491-73e044603a46:192.168.164.217:37555], old=null
2019-11-05 08:34:21,608 [fae5ccd0-edd9-4644-8d4e-9d507f6169bd@group-FA53CDA86D66-LeaderElection407] INFO  impl.LeaderElection (LeaderElection.java:askForVotes(178)) - fae5ccd0-edd9-4644-8d4e-9d507f6169bd@group-FA53CDA86D66-LeaderElection407: begin an election at term 1 for -1: [fae5ccd0-edd9-4644-8d4e-9d507f6169bd:192.168.164.217:34224], old=null
2019-11-05 08:34:21,609 [ac799505-d01b-4984-a491-73e044603a46@group-A6DCFD65D6E9-LeaderElection406] INFO  impl.RoleInfo (RoleInfo.java:shutdownLeaderElection(134)) - ac799505-d01b-4984-a491-73e044603a46: shutdown LeaderElection
2019-11-05 08:34:21,609 [pool-169-thread-1] INFO  ratis.ContainerStateMachine (ContainerStateMachine.java:loadSnapshot(231)) - group-96AF9F8BC25D: The snapshot info is null. Setting the last applied indexto:(t:0, i:~)
2019-11-05 08:34:21,609 [pool-149-thread-1] INFO  ratis.ContainerStateMachine (ContainerStateMachine.java:loadSnapshot(231)) - group-96AF9F8BC25D: The snapshot info is null. Setting the last applied indexto:(t:0, i:~)
2019-11-05 08:34:21,609 [pool-159-thread-1] INFO  server.RaftServerConfigKeys (ConfUtils.java:logGet(43)) - raft.server.notification.no-leader.timeout = 120s (custom)
2019-11-05 08:34:21,609 [pool-149-thread-1] INFO  server.RaftServerConfigKeys (ConfUtils.java:logGet(43)) - raft.server.notification.no-leader.timeout = 120s (custom)
2019-11-05 08:34:21,609 [pool-169-thread-1] INFO  server.RaftServerConfigKeys (ConfUtils.java:logGet(43)) - raft.server.notification.no-leader.timeout = 120s (custom)
2019-11-05 08:34:21,609 [ac799505-d01b-4984-a491-73e044603a46@group-A6DCFD65D6E9-LeaderElection406] INFO  impl.RaftServerImpl (RaftServerImpl.java:setRole(184)) - ac799505-d01b-4984-a491-73e044603a46@group-A6DCFD65D6E9: changes role from CANDIDATE to LEADER at term 1 for changeToLeader
2019-11-05 08:34:21,609 [fae5ccd0-edd9-4644-8d4e-9d507f6169bd@group-FA53CDA86D66-LeaderElection407] INFO  impl.RoleInfo (RoleInfo.java:shutdownLeaderElection(134)) - fae5ccd0-edd9-4644-8d4e-9d507f6169bd: shutdown LeaderElection
2019-11-05 08:34:21,610 [ac799505-d01b-4984-a491-73e044603a46@group-A6DCFD65D6E9-LeaderElection406] INFO  impl.RaftServerImpl (ServerState.java:setLeader(256)) - ac799505-d01b-4984-a491-73e044603a46@group-A6DCFD65D6E9: change Leader from null to ac799505-d01b-4984-a491-73e044603a46 at term 1 for becomeLeader, leader elected after 134ms
2019-11-05 08:34:21,610 [pool-169-thread-1] INFO  server.RaftServerConfigKeys (ConfUtils.java:logGet(43)) - raft.server.log.use.memory = false (default)
2019-11-05 08:34:21,610 [pool-149-thread-1] INFO  server.RaftServerConfigKeys (ConfUtils.java:logGet(43)) - raft.server.log.use.memory = false (default)
2019-11-05 08:34:21,610 [pool-159-thread-1] INFO  server.RaftServerConfigKeys (ConfUtils.java:logGet(43)) - raft.server.log.use.memory = false (default)
2019-11-05 08:34:21,610 [pool-149-thread-1] INFO  server.RaftServerConfigKeys (ConfUtils.java:logGet(43)) - raft.server.log.purge.gap = 1000000 (custom)
2019-11-05 08:34:21,610 [pool-169-thread-1] INFO  server.RaftServerConfigKeys (ConfUtils.java:logGet(43)) - raft.server.log.purge.gap = 1000000 (custom)
2019-11-05 08:34:21,610 [ac799505-d01b-4984-a491-73e044603a46@group-A6DCFD65D6E9-LeaderElection406] INFO  server.RaftServerConfigKeys (ConfUtils.java:logGet(43)) - raft.server.staging.catchup.gap = 1000 (default)
2019-11-05 08:34:21,611 [ac799505-d01b-4984-a491-73e044603a46@group-A6DCFD65D6E9-LeaderElection406] INFO  server.RaftServerConfigKeys (ConfUtils.java:logGet(43)) - raft.server.rpc.sleep.time = 25ms (default)
2019-11-05 08:34:21,610 [fae5ccd0-edd9-4644-8d4e-9d507f6169bd@group-FA53CDA86D66-LeaderElection407] INFO  impl.RaftServerImpl (RaftServerImpl.java:setRole(184)) - fae5ccd0-edd9-4644-8d4e-9d507f6169bd@group-FA53CDA86D66: changes role from CANDIDATE to LEADER at term 1 for changeToLeader
2019-11-05 08:34:21,611 [pool-169-thread-1] INFO  server.RaftServerConfigKeys (ConfUtils.java:logGet(43)) - raft.server.log.appender.buffer.byte-limit = 33554432 (custom)
2019-11-05 08:34:21,611 [pool-149-thread-1] INFO  server.RaftServerConfigKeys (ConfUtils.java:logGet(43)) - raft.server.log.appender.buffer.byte-limit = 33554432 (custom)
2019-11-05 08:34:21,610 [pool-159-thread-1] INFO  server.RaftServerConfigKeys (ConfUtils.java:logGet(43)) - raft.server.log.purge.gap = 1000000 (custom)
2019-11-05 08:34:21,612 [pool-149-thread-1] INFO  server.RaftServerConfigKeys (ConfUtils.java:logGet(43)) - raft.server.log.segment.size.max = 1048576 (custom)
2019-11-05 08:34:21,611 [pool-169-thread-1] INFO  server.RaftServerConfigKeys (ConfUtils.java:logGet(43)) - raft.server.log.segment.size.max = 1048576 (custom)
2019-11-05 08:34:21,611 [ac799505-d01b-4984-a491-73e044603a46@group-A6DCFD65D6E9-LeaderElection406] INFO  server.RaftServerConfigKeys (ConfUtils.java:logGet(43)) - raft.server.write.element-limit = 4096 (default)
2019-11-05 08:34:21,611 [fae5ccd0-edd9-4644-8d4e-9d507f6169bd@group-FA53CDA86D66-LeaderElection407] INFO  impl.RaftServerImpl (ServerState.java:setLeader(256)) - fae5ccd0-edd9-4644-8d4e-9d507f6169bd@group-FA53CDA86D66: change Leader from null to fae5ccd0-edd9-4644-8d4e-9d507f6169bd at term 1 for becomeLeader, leader elected after 207ms
2019-11-05 08:34:21,612 [ac799505-d01b-4984-a491-73e044603a46@group-A6DCFD65D6E9-LeaderElection406] INFO  server.RaftServerConfigKeys (ConfUtils.java:logGet(43)) - raft.server.watch.timeout = 10s (default)
2019-11-05 08:34:21,612 [pool-169-thread-1] INFO  server.RaftServerConfigKeys (ConfUtils.java:logGet(43)) - raft.server.log.segment.cache.num.max = 2 (custom)
2019-11-05 08:34:21,612 [pool-149-thread-1] INFO  server.RaftServerConfigKeys (ConfUtils.java:logGet(43)) - raft.server.log.segment.cache.num.max = 2 (custom)
2019-11-05 08:34:21,612 [pool-159-thread-1] INFO  server.RaftServerConfigKeys (ConfUtils.java:logGet(43)) - raft.server.log.appender.buffer.byte-limit = 33554432 (custom)
2019-11-05 08:34:21,612 [pool-149-thread-1] INFO  segmented.SegmentedRaftLogWorker (SegmentedRaftLogWorker.java:<init>(173)) - new fae5ccd0-edd9-4644-8d4e-9d507f6169bd@group-96AF9F8BC25D-SegmentedRaftLogWorker for RaftStorage:Storage Directory /workdir/hadoop-ozone/integration-test/target/test-dir/MiniOzoneClusterImpl-c1ac3406-7bea-4748-bbf9-a747646a8bff/datanode-0/data/ratis/03c07a91-4698-41a5-bbc7-96af9f8bc25d
2019-11-05 08:34:21,612 [pool-169-thread-1] INFO  segmented.SegmentedRaftLogWorker (SegmentedRaftLogWorker.java:<init>(173)) - new 5d271ba9-e0f4-40ff-b9fc-f90f33adc13b@group-96AF9F8BC25D-SegmentedRaftLogWorker for RaftStorage:Storage Directory /workdir/hadoop-ozone/integration-test/target/test-dir/MiniOzoneClusterImpl-c1ac3406-7bea-4748-bbf9-a747646a8bff/datanode-2/data/ratis/03c07a91-4698-41a5-bbc7-96af9f8bc25d
2019-11-05 08:34:21,612 [ac799505-d01b-4984-a491-73e044603a46@group-A6DCFD65D6E9-LeaderElection406] INFO  server.RaftServerConfigKeys (ConfUtils.java:logGet(43)) - raft.server.watch.timeout.denomination = 1s (default)
2019-11-05 08:34:21,612 [fae5ccd0-edd9-4644-8d4e-9d507f6169bd@group-FA53CDA86D66-LeaderElection407] INFO  server.RaftServerConfigKeys (ConfUtils.java:logGet(43)) - raft.server.staging.catchup.gap = 1000 (default)
2019-11-05 08:34:21,613 [ac799505-d01b-4984-a491-73e044603a46@group-A6DCFD65D6E9-LeaderElection406] INFO  server.RaftServerConfigKeys (ConfUtils.java:logGet(43)) - raft.server.watch.element-limit = 65536 (default)
2019-11-05 08:34:21,613 [pool-169-thread-1] INFO  server.RaftServerConfigKeys (ConfUtils.java:logGet(43)) - raft.server.log.queue.byte-limit = 2147483647 (custom)
2019-11-05 08:34:21,613 [pool-149-thread-1] INFO  server.RaftServerConfigKeys (ConfUtils.java:logGet(43)) - raft.server.log.queue.byte-limit = 2147483647 (custom)
2019-11-05 08:34:21,613 [pool-159-thread-1] INFO  server.RaftServerConfigKeys (ConfUtils.java:logGet(43)) - raft.server.log.segment.size.max = 1048576 (custom)
2019-11-05 08:34:21,613 [pool-149-thread-1] INFO  server.RaftServerConfigKeys (ConfUtils.java:logGet(43)) - raft.server.log.queue.element-limit = 1024 (custom)
2019-11-05 08:34:21,613 [pool-169-thread-1] INFO  server.RaftServerConfigKeys (ConfUtils.java:logGet(43)) - raft.server.log.queue.element-limit = 1024 (custom)
2019-11-05 08:34:21,613 [fae5ccd0-edd9-4644-8d4e-9d507f6169bd@group-FA53CDA86D66-LeaderElection407] INFO  server.RaftServerConfigKeys (ConfUtils.java:logGet(43)) - raft.server.rpc.sleep.time = 25ms (default)
2019-11-05 08:34:21,614 [pool-169-thread-1] INFO  server.RaftServerConfigKeys (ConfUtils.java:logGet(43)) - raft.server.log.segment.size.max = 1048576 (custom)
2019-11-05 08:34:21,614 [pool-149-thread-1] INFO  server.RaftServerConfigKeys (ConfUtils.java:logGet(43)) - raft.server.log.segment.size.max = 1048576 (custom)
2019-11-05 08:34:21,613 [pool-159-thread-1] INFO  server.RaftServerConfigKeys (ConfUtils.java:logGet(43)) - raft.server.log.segment.cache.num.max = 2 (custom)
2019-11-05 08:34:21,614 [pool-149-thread-1] INFO  server.RaftServerConfigKeys (ConfUtils.java:logGet(43)) - raft.server.log.preallocated.size = 16384 (custom)
2019-11-05 08:34:21,614 [pool-169-thread-1] INFO  server.RaftServerConfigKeys (ConfUtils.java:logGet(43)) - raft.server.log.preallocated.size = 16384 (custom)
2019-11-05 08:34:21,614 [fae5ccd0-edd9-4644-8d4e-9d507f6169bd@group-FA53CDA86D66-LeaderElection407] INFO  server.RaftServerConfigKeys (ConfUtils.java:logGet(43)) - raft.server.write.element-limit = 4096 (default)
2019-11-05 08:34:21,614 [pool-169-thread-1] INFO  server.RaftServerConfigKeys (ConfUtils.java:logGet(43)) - raft.server.log.write.buffer.size = 33554432 (custom)
2019-11-05 08:34:21,614 [pool-149-thread-1] INFO  server.RaftServerConfigKeys (ConfUtils.java:logGet(43)) - raft.server.log.write.buffer.size = 33554432 (custom)
2019-11-05 08:34:21,614 [pool-159-thread-1] INFO  segmented.SegmentedRaftLogWorker (SegmentedRaftLogWorker.java:<init>(173)) - new ac799505-d01b-4984-a491-73e044603a46@group-96AF9F8BC25D-SegmentedRaftLogWorker for RaftStorage:Storage Directory /workdir/hadoop-ozone/integration-test/target/test-dir/MiniOzoneClusterImpl-c1ac3406-7bea-4748-bbf9-a747646a8bff/datanode-1/data/ratis/03c07a91-4698-41a5-bbc7-96af9f8bc25d
2019-11-05 08:34:21,615 [pool-149-thread-1] INFO  server.RaftServerConfigKeys (ConfUtils.java:logGet(43)) - raft.server.log.force.sync.num = 128 (default)
2019-11-05 08:34:21,615 [pool-169-thread-1] INFO  server.RaftServerConfigKeys (ConfUtils.java:logGet(43)) - raft.server.log.force.sync.num = 128 (default)
2019-11-05 08:34:21,615 [fae5ccd0-edd9-4644-8d4e-9d507f6169bd@group-FA53CDA86D66-LeaderElection407] INFO  server.RaftServerConfigKeys (ConfUtils.java:logGet(43)) - raft.server.watch.timeout = 10s (default)
2019-11-05 08:34:21,615 [pool-169-thread-1] INFO  server.RaftServerConfigKeys (ConfUtils.java:logGet(43)) - raft.server.log.statemachine.data.sync = true (default)
2019-11-05 08:34:21,615 [pool-149-thread-1] INFO  server.RaftServerConfigKeys (ConfUtils.java:logGet(43)) - raft.server.log.statemachine.data.sync = true (default)
2019-11-05 08:34:21,615 [ac799505-d01b-4984-a491-73e044603a46@group-A6DCFD65D6E9-LeaderElection406] INFO  impl.RoleInfo (RoleInfo.java:updateAndGet(143)) - ac799505-d01b-4984-a491-73e044603a46: start LeaderState
2019-11-05 08:34:21,615 [pool-159-thread-1] INFO  server.RaftServerConfigKeys (ConfUtils.java:logGet(43)) - raft.server.log.queue.byte-limit = 2147483647 (custom)
2019-11-05 08:34:21,616 [pool-149-thread-1] INFO  server.RaftServerConfigKeys (ConfUtils.java:logGet(43)) - raft.server.log.statemachine.data.sync.timeout = 10s (default)
2019-11-05 08:34:21,615 [pool-169-thread-1] INFO  server.RaftServerConfigKeys (ConfUtils.java:logGet(43)) - raft.server.log.statemachine.data.sync.timeout = 10s (default)
2019-11-05 08:34:21,615 [fae5ccd0-edd9-4644-8d4e-9d507f6169bd@group-FA53CDA86D66-LeaderElection407] INFO  server.RaftServerConfigKeys (ConfUtils.java:logGet(43)) - raft.server.watch.timeout.denomination = 1s (default)
2019-11-05 08:34:21,616 [pool-169-thread-1] INFO  server.RaftServerConfigKeys (ConfUtils.java:logGet(43)) - raft.server.log.statemachine.data.sync.timeout.retry = -1 (default)
2019-11-05 08:34:21,616 [pool-149-thread-1] INFO  server.RaftServerConfigKeys (ConfUtils.java:logGet(43)) - raft.server.log.statemachine.data.sync.timeout.retry = -1 (default)
2019-11-05 08:34:21,616 [ac799505-d01b-4984-a491-73e044603a46@group-A6DCFD65D6E9-LeaderElection406] INFO  segmented.SegmentedRaftLogWorker (SegmentedRaftLogWorker.java:startLogSegment(385)) - ac799505-d01b-4984-a491-73e044603a46@group-A6DCFD65D6E9-SegmentedRaftLogWorker: Starting segment from index:0
2019-11-05 08:34:21,616 [pool-159-thread-1] INFO  server.RaftServerConfigKeys (ConfUtils.java:logGet(43)) - raft.server.log.queue.element-limit = 1024 (custom)
2019-11-05 08:34:21,616 [pool-149-thread-1] INFO  server.RaftServerConfigKeys (ConfUtils.java:logGet(43)) - raft.server.log.statemachine.data.caching.enabled = true (custom)
2019-11-05 08:34:21,616 [pool-169-thread-1] INFO  server.RaftServerConfigKeys (ConfUtils.java:logGet(43)) - raft.server.log.statemachine.data.caching.enabled = true (custom)
2019-11-05 08:34:21,616 [fae5ccd0-edd9-4644-8d4e-9d507f6169bd@group-FA53CDA86D66-LeaderElection407] INFO  server.RaftServerConfigKeys (ConfUtils.java:logGet(43)) - raft.server.watch.element-limit = 65536 (default)
2019-11-05 08:34:21,617 [pool-149-thread-1] INFO  segmented.SegmentedRaftLogWorker (SegmentedRaftLogWorker.java:lambda$new$0(128)) - fae5ccd0-edd9-4644-8d4e-9d507f6169bd@group-96AF9F8BC25D-SegmentedRaftLogWorker: flushIndex: setUnconditionally 0 -> -1
2019-11-05 08:34:21,617 [ac799505-d01b-4984-a491-73e044603a46@group-A6DCFD65D6E9-LeaderElection406] INFO  impl.RaftServerImpl (ServerState.java:setRaftConf(357)) - ac799505-d01b-4984-a491-73e044603a46@group-A6DCFD65D6E9: set configuration 0: [ac799505-d01b-4984-a491-73e044603a46:192.168.164.217:37555], old=null at 0
2019-11-05 08:34:21,616 [pool-159-thread-1] INFO  server.RaftServerConfigKeys (ConfUtils.java:logGet(43)) - raft.server.log.segment.size.max = 1048576 (custom)
2019-11-05 08:34:21,648 [pool-169-thread-1] INFO  segmented.SegmentedRaftLogWorker (SegmentedRaftLogWorker.java:lambda$new$0(128)) - 5d271ba9-e0f4-40ff-b9fc-f90f33adc13b@group-96AF9F8BC25D-SegmentedRaftLogWorker: flushIndex: setUnconditionally 0 -> -1
2019-11-05 08:34:21,651 [pool-149-thread-1] INFO  server.RaftServerConfigKeys (ConfUtils.java:logGet(43)) - raft.server.snapshot.auto.trigger.enabled = true (custom)
2019-11-05 08:34:21,651 [pool-169-thread-1] INFO  server.RaftServerConfigKeys (ConfUtils.java:logGet(43)) - raft.server.snapshot.auto.trigger.enabled = true (custom)
2019-11-05 08:34:21,651 [pool-159-thread-1] INFO  server.RaftServerConfigKeys (ConfUtils.java:logGet(43)) - raft.server.log.preallocated.size = 16384 (custom)
2019-11-05 08:34:21,651 [pool-169-thread-1] INFO  server.RaftServerConfigKeys (ConfUtils.java:logGet(43)) - raft.server.snapshot.auto.trigger.threshold = 10000 (custom)
2019-11-05 08:34:21,651 [pool-149-thread-1] INFO  server.RaftServerConfigKeys (ConfUtils.java:logGet(43)) - raft.server.snapshot.auto.trigger.threshold = 10000 (custom)
2019-11-05 08:34:21,652 [IPC Server handler 8 on 44961] INFO  net.NetworkTopology (NetworkTopologyImpl.java:add(111)) - Added a new node: /rack1/b3c4603b-a140-4f81-8843-cb94f3bca924
2019-11-05 08:34:21,652 [pool-169-thread-1] INFO  server.RaftServerConfigKeys (ConfUtils.java:logGet(43)) - raft.server.snapshot.retention.file.num = 5 (custom)
2019-11-05 08:34:21,652 [pool-159-thread-1] INFO  server.RaftServerConfigKeys (ConfUtils.java:logGet(43)) - raft.server.log.write.buffer.size = 33554432 (custom)
2019-11-05 08:34:21,652 [pool-169-thread-1] INFO  server.RaftServerConfigKeys (ConfUtils.java:logGet(43)) - raft.server.retrycache.expirytime = 600000ms (custom)
2019-11-05 08:34:21,652 [IPC Server handler 8 on 44961] INFO  node.SCMNodeManager (SCMNodeManager.java:register(268)) - Registered Data node : b3c4603b-a140-4f81-8843-cb94f3bca924{ip: 192.168.164.217, host: pr-hdds-1643-8bmlk-2934350033, networkLocation: /rack1, certSerialId: null}
2019-11-05 08:34:21,652 [pool-149-thread-1] INFO  server.RaftServerConfigKeys (ConfUtils.java:logGet(43)) - raft.server.snapshot.retention.file.num = 5 (custom)
2019-11-05 08:34:21,652 [pool-159-thread-1] INFO  server.RaftServerConfigKeys (ConfUtils.java:logGet(43)) - raft.server.log.force.sync.num = 128 (default)
2019-11-05 08:34:21,653 [pool-149-thread-1] INFO  server.RaftServerConfigKeys (ConfUtils.java:logGet(43)) - raft.server.retrycache.expirytime = 600000ms (custom)
2019-11-05 08:34:21,653 [fae5ccd0-edd9-4644-8d4e-9d507f6169bd@group-FA53CDA86D66-LeaderElection407] INFO  impl.RoleInfo (RoleInfo.java:updateAndGet(143)) - fae5ccd0-edd9-4644-8d4e-9d507f6169bd: start LeaderState
2019-11-05 08:34:21,653 [pool-159-thread-1] INFO  server.RaftServerConfigKeys (ConfUtils.java:logGet(43)) - raft.server.log.statemachine.data.sync = true (default)
2019-11-05 08:34:21,653 [pool-159-thread-1] INFO  server.RaftServerConfigKeys (ConfUtils.java:logGet(43)) - raft.server.log.statemachine.data.sync.timeout = 10s (default)
2019-11-05 08:34:21,653 [fae5ccd0-edd9-4644-8d4e-9d507f6169bd@group-FA53CDA86D66-LeaderElection407] INFO  segmented.SegmentedRaftLogWorker (SegmentedRaftLogWorker.java:startLogSegment(385)) - fae5ccd0-edd9-4644-8d4e-9d507f6169bd@group-FA53CDA86D66-SegmentedRaftLogWorker: Starting segment from index:0
2019-11-05 08:34:21,653 [pool-159-thread-1] INFO  server.RaftServerConfigKeys (ConfUtils.java:logGet(43)) - raft.server.log.statemachine.data.sync.timeout.retry = -1 (default)
2019-11-05 08:34:21,654 [pool-159-thread-1] INFO  server.RaftServerConfigKeys (ConfUtils.java:logGet(43)) - raft.server.log.statemachine.data.caching.enabled = true (custom)
2019-11-05 08:34:21,654 [fae5ccd0-edd9-4644-8d4e-9d507f6169bd@group-FA53CDA86D66-LeaderElection407] INFO  impl.RaftServerImpl (ServerState.java:setRaftConf(357)) - fae5ccd0-edd9-4644-8d4e-9d507f6169bd@group-FA53CDA86D66: set configuration 0: [fae5ccd0-edd9-4644-8d4e-9d507f6169bd:192.168.164.217:34224], old=null at 0
2019-11-05 08:34:21,683 [Thread-3361] INFO  impl.FollowerState (FollowerState.java:run(108)) - 5d271ba9-e0f4-40ff-b9fc-f90f33adc13b@group-84C7ED46CE0D-FollowerState: change to CANDIDATE, lastRpcTime:129ms, electionTimeout:113ms
2019-11-05 08:34:21,683 [ac799505-d01b-4984-a491-73e044603a46@group-A6DCFD65D6E9-SegmentedRaftLogWorker] INFO  segmented.SegmentedRaftLogWorker (SegmentedRaftLogWorker.java:execute(576)) - ac799505-d01b-4984-a491-73e044603a46@group-A6DCFD65D6E9-SegmentedRaftLogWorker: created new log segment /workdir/hadoop-ozone/integration-test/target/test-dir/MiniOzoneClusterImpl-c1ac3406-7bea-4748-bbf9-a747646a8bff/datanode-1/data/ratis/d9835bbd-d5da-4fba-a7e7-a6dcfd65d6e9/current/log_inprogress_0
2019-11-05 08:34:21,683 [pool-159-thread-1] INFO  segmented.SegmentedRaftLogWorker (SegmentedRaftLogWorker.java:lambda$new$0(128)) - ac799505-d01b-4984-a491-73e044603a46@group-96AF9F8BC25D-SegmentedRaftLogWorker: flushIndex: setUnconditionally 0 -> -1
2019-11-05 08:34:21,683 [Thread-3361] INFO  impl.RoleInfo (RoleInfo.java:shutdownFollowerState(121)) - 5d271ba9-e0f4-40ff-b9fc-f90f33adc13b: shutdown FollowerState
2019-11-05 08:34:21,684 [Thread-3361] INFO  impl.RaftServerImpl (RaftServerImpl.java:setRole(184)) - 5d271ba9-e0f4-40ff-b9fc-f90f33adc13b@group-84C7ED46CE0D: changes role from  FOLLOWER to CANDIDATE at term 0 for changeToCandidate
2019-11-05 08:34:21,684 [Thread-3361] INFO  impl.RoleInfo (RoleInfo.java:updateAndGet(143)) - 5d271ba9-e0f4-40ff-b9fc-f90f33adc13b: start LeaderElection
2019-11-05 08:34:21,684 [pool-159-thread-1] INFO  server.RaftServerConfigKeys (ConfUtils.java:logGet(43)) - raft.server.snapshot.auto.trigger.enabled = true (custom)
2019-11-05 08:34:21,684 [pool-159-thread-1] INFO  server.RaftServerConfigKeys (ConfUtils.java:logGet(43)) - raft.server.snapshot.auto.trigger.threshold = 10000 (custom)
2019-11-05 08:34:21,687 [pool-159-thread-1] INFO  server.RaftServerConfigKeys (ConfUtils.java:logGet(43)) - raft.server.snapshot.retention.file.num = 5 (custom)
2019-11-05 08:34:21,687 [pool-159-thread-1] INFO  server.RaftServerConfigKeys (ConfUtils.java:logGet(43)) - raft.server.retrycache.expirytime = 600000ms (custom)
2019-11-05 08:34:21,688 [pool-169-thread-1] INFO  impl.RaftServerImpl (RaftServerImpl.java:start(195)) - 5d271ba9-e0f4-40ff-b9fc-f90f33adc13b@group-96AF9F8BC25D: start as a follower, conf=-1: [5d271ba9-e0f4-40ff-b9fc-f90f33adc13b:192.168.164.217:46357, ac799505-d01b-4984-a491-73e044603a46:192.168.164.217:37555, fae5ccd0-edd9-4644-8d4e-9d507f6169bd:192.168.164.217:34224], old=null
2019-11-05 08:34:21,688 [pool-169-thread-1] INFO  impl.RaftServerImpl (RaftServerImpl.java:setRole(184)) - 5d271ba9-e0f4-40ff-b9fc-f90f33adc13b@group-96AF9F8BC25D: changes role from      null to FOLLOWER at term 0 for startAsFollower
2019-11-05 08:34:21,688 [pool-169-thread-1] INFO  impl.RoleInfo (RoleInfo.java:updateAndGet(143)) - 5d271ba9-e0f4-40ff-b9fc-f90f33adc13b: start FollowerState
2019-11-05 08:34:21,688 [pool-149-thread-1] INFO  impl.RaftServerImpl (RaftServerImpl.java:start(195)) - fae5ccd0-edd9-4644-8d4e-9d507f6169bd@group-96AF9F8BC25D: start as a follower, conf=-1: [5d271ba9-e0f4-40ff-b9fc-f90f33adc13b:192.168.164.217:46357, ac799505-d01b-4984-a491-73e044603a46:192.168.164.217:37555, fae5ccd0-edd9-4644-8d4e-9d507f6169bd:192.168.164.217:34224], old=null
2019-11-05 08:34:21,688 [pool-149-thread-1] INFO  impl.RaftServerImpl (RaftServerImpl.java:setRole(184)) - fae5ccd0-edd9-4644-8d4e-9d507f6169bd@group-96AF9F8BC25D: changes role from      null to FOLLOWER at term 0 for startAsFollower
2019-11-05 08:34:21,688 [pool-149-thread-1] INFO  impl.RoleInfo (RoleInfo.java:updateAndGet(143)) - fae5ccd0-edd9-4644-8d4e-9d507f6169bd: start FollowerState
2019-11-05 08:34:21,688 [pool-169-thread-1] INFO  util.JmxRegister (JmxRegister.java:tryRegister(44)) - Successfully registered JMX Bean with object name Ratis:service=RaftServer,group=group-96AF9F8BC25D,id=5d271ba9-e0f4-40ff-b9fc-f90f33adc13b
2019-11-05 08:34:21,689 [pool-149-thread-1] INFO  util.JmxRegister (JmxRegister.java:tryRegister(44)) - Successfully registered JMX Bean with object name Ratis:service=RaftServer,group=group-96AF9F8BC25D,id=fae5ccd0-edd9-4644-8d4e-9d507f6169bd
2019-11-05 08:34:21,689 [pool-159-thread-1] INFO  impl.RaftServerImpl (RaftServerImpl.java:start(195)) - ac799505-d01b-4984-a491-73e044603a46@group-96AF9F8BC25D: start as a follower, conf=-1: [5d271ba9-e0f4-40ff-b9fc-f90f33adc13b:192.168.164.217:46357, ac799505-d01b-4984-a491-73e044603a46:192.168.164.217:37555, fae5ccd0-edd9-4644-8d4e-9d507f6169bd:192.168.164.217:34224], old=null
2019-11-05 08:34:21,690 [pool-159-thread-1] INFO  impl.RaftServerImpl (RaftServerImpl.java:setRole(184)) - ac799505-d01b-4984-a491-73e044603a46@group-96AF9F8BC25D: changes role from      null to FOLLOWER at term 0 for startAsFollower
2019-11-05 08:34:21,690 [pool-159-thread-1] INFO  impl.RoleInfo (RoleInfo.java:updateAndGet(143)) - ac799505-d01b-4984-a491-73e044603a46: start FollowerState
2019-11-05 08:34:21,690 [pool-159-thread-1] INFO  util.JmxRegister (JmxRegister.java:tryRegister(44)) - Successfully registered JMX Bean with object name Ratis:service=RaftServer,group=group-96AF9F8BC25D,id=ac799505-d01b-4984-a491-73e044603a46
2019-11-05 08:34:21,696 [fae5ccd0-edd9-4644-8d4e-9d507f6169bd@group-FA53CDA86D66-SegmentedRaftLogWorker] INFO  segmented.SegmentedRaftLogWorker (SegmentedRaftLogWorker.java:execute(576)) - fae5ccd0-edd9-4644-8d4e-9d507f6169bd@group-FA53CDA86D66-SegmentedRaftLogWorker: created new log segment /workdir/hadoop-ozone/integration-test/target/test-dir/MiniOzoneClusterImpl-c1ac3406-7bea-4748-bbf9-a747646a8bff/datanode-0/data/ratis/2d49c19f-f246-4f15-b962-fa53cda86d66/current/log_inprogress_0
2019-11-05 08:34:21,696 [5d271ba9-e0f4-40ff-b9fc-f90f33adc13b@group-84C7ED46CE0D-LeaderElection408] INFO  impl.LeaderElection (LeaderElection.java:askForVotes(178)) - 5d271ba9-e0f4-40ff-b9fc-f90f33adc13b@group-84C7ED46CE0D-LeaderElection408: begin an election at term 1 for -1: [5d271ba9-e0f4-40ff-b9fc-f90f33adc13b:192.168.164.217:46357], old=null
2019-11-05 08:34:21,696 [5d271ba9-e0f4-40ff-b9fc-f90f33adc13b@group-84C7ED46CE0D-LeaderElection408] INFO  impl.RoleInfo (RoleInfo.java:shutdownLeaderElection(134)) - 5d271ba9-e0f4-40ff-b9fc-f90f33adc13b: shutdown LeaderElection
2019-11-05 08:34:21,696 [5d271ba9-e0f4-40ff-b9fc-f90f33adc13b@group-84C7ED46CE0D-LeaderElection408] INFO  impl.RaftServerImpl (RaftServerImpl.java:setRole(184)) - 5d271ba9-e0f4-40ff-b9fc-f90f33adc13b@group-84C7ED46CE0D: changes role from CANDIDATE to LEADER at term 1 for changeToLeader
2019-11-05 08:34:21,696 [5d271ba9-e0f4-40ff-b9fc-f90f33adc13b@group-84C7ED46CE0D-LeaderElection408] INFO  impl.RaftServerImpl (ServerState.java:setLeader(256)) - 5d271ba9-e0f4-40ff-b9fc-f90f33adc13b@group-84C7ED46CE0D: change Leader from null to 5d271ba9-e0f4-40ff-b9fc-f90f33adc13b at term 1 for becomeLeader, leader elected after 150ms
2019-11-05 08:34:21,696 [5d271ba9-e0f4-40ff-b9fc-f90f33adc13b@group-84C7ED46CE0D-LeaderElection408] INFO  server.RaftServerConfigKeys (ConfUtils.java:logGet(43)) - raft.server.staging.catchup.gap = 1000 (default)
2019-11-05 08:34:21,696 [RatisPipelineUtilsThread] INFO  pipeline.PipelineStateManager (PipelineStateManager.java:addPipeline(56)) - Created pipeline Pipeline[ Id: 03c07a91-4698-41a5-bbc7-96af9f8bc25d, Nodes: 5d271ba9-e0f4-40ff-b9fc-f90f33adc13b{ip: 192.168.164.217, host: pr-hdds-1643-8bmlk-2934350033, networkLocation: /rack1, certSerialId: null}ac799505-d01b-4984-a491-73e044603a46{ip: 192.168.164.217, host: pr-hdds-1643-8bmlk-2934350033, networkLocation: /rack1, certSerialId: null}fae5ccd0-edd9-4644-8d4e-9d507f6169bd{ip: 192.168.164.217, host: pr-hdds-1643-8bmlk-2934350033, networkLocation: /rack1, certSerialId: null}, Type:RATIS, Factor:THREE, State:OPEN]
2019-11-05 08:34:21,696 [5d271ba9-e0f4-40ff-b9fc-f90f33adc13b@group-84C7ED46CE0D-LeaderElection408] INFO  server.RaftServerConfigKeys (ConfUtils.java:logGet(43)) - raft.server.rpc.sleep.time = 25ms (default)
2019-11-05 08:34:21,697 [5d271ba9-e0f4-40ff-b9fc-f90f33adc13b@group-84C7ED46CE0D-LeaderElection408] INFO  server.RaftServerConfigKeys (ConfUtils.java:logGet(43)) - raft.server.write.element-limit = 4096 (default)
2019-11-05 08:34:21,697 [5d271ba9-e0f4-40ff-b9fc-f90f33adc13b@group-84C7ED46CE0D-LeaderElection408] INFO  server.RaftServerConfigKeys (ConfUtils.java:logGet(43)) - raft.server.watch.timeout = 10s (default)
2019-11-05 08:34:21,697 [5d271ba9-e0f4-40ff-b9fc-f90f33adc13b@group-84C7ED46CE0D-LeaderElection408] INFO  server.RaftServerConfigKeys (ConfUtils.java:logGet(43)) - raft.server.watch.timeout.denomination = 1s (default)
2019-11-05 08:34:21,697 [5d271ba9-e0f4-40ff-b9fc-f90f33adc13b@group-84C7ED46CE0D-LeaderElection408] INFO  server.RaftServerConfigKeys (ConfUtils.java:logGet(43)) - raft.server.watch.element-limit = 65536 (default)
2019-11-05 08:34:21,699 [5d271ba9-e0f4-40ff-b9fc-f90f33adc13b@group-84C7ED46CE0D-LeaderElection408] INFO  impl.RoleInfo (RoleInfo.java:updateAndGet(143)) - 5d271ba9-e0f4-40ff-b9fc-f90f33adc13b: start LeaderState
2019-11-05 08:34:21,699 [5d271ba9-e0f4-40ff-b9fc-f90f33adc13b@group-84C7ED46CE0D-LeaderElection408] INFO  segmented.SegmentedRaftLogWorker (SegmentedRaftLogWorker.java:startLogSegment(385)) - 5d271ba9-e0f4-40ff-b9fc-f90f33adc13b@group-84C7ED46CE0D-SegmentedRaftLogWorker: Starting segment from index:0
2019-11-05 08:34:21,699 [5d271ba9-e0f4-40ff-b9fc-f90f33adc13b@group-84C7ED46CE0D-LeaderElection408] INFO  impl.RaftServerImpl (ServerState.java:setRaftConf(357)) - 5d271ba9-e0f4-40ff-b9fc-f90f33adc13b@group-84C7ED46CE0D: set configuration 0: [5d271ba9-e0f4-40ff-b9fc-f90f33adc13b:192.168.164.217:46357], old=null at 0
2019-11-05 08:34:21,731 [IPC Server handler 6 on 44961] INFO  net.NetworkTopology (NetworkTopologyImpl.java:add(111)) - Added a new node: /rack1/d7b60609-c805-4df6-8140-a27c681dae80
2019-11-05 08:34:21,732 [IPC Server handler 6 on 44961] INFO  node.SCMNodeManager (SCMNodeManager.java:register(268)) - Registered Data node : d7b60609-c805-4df6-8140-a27c681dae80{ip: 192.168.164.217, host: pr-hdds-1643-8bmlk-2934350033, networkLocation: /rack1, certSerialId: null}
2019-11-05 08:34:21,741 [grpc-default-executor-13] INFO  impl.RaftServerProxy (RaftServerProxy.java:addNew(89)) - b3c4603b-a140-4f81-8843-cb94f3bca924: addNew group-D41A30110402:[b3c4603b-a140-4f81-8843-cb94f3bca924:192.168.164.217:37579] returns group-D41A30110402:java.util.concurrent.CompletableFuture@66456234[Not completed]
2019-11-05 08:34:21,742 [pool-189-thread-1] INFO  impl.RaftServerImpl (RaftServerImpl.java:<init>(104)) - b3c4603b-a140-4f81-8843-cb94f3bca924: new RaftServerImpl for group-D41A30110402:[b3c4603b-a140-4f81-8843-cb94f3bca924:192.168.164.217:37579] with ContainerStateMachine:uninitialized
2019-11-05 08:34:21,743 [5d271ba9-e0f4-40ff-b9fc-f90f33adc13b@group-84C7ED46CE0D-SegmentedRaftLogWorker] INFO  segmented.SegmentedRaftLogWorker (SegmentedRaftLogWorker.java:execute(576)) - 5d271ba9-e0f4-40ff-b9fc-f90f33adc13b@group-84C7ED46CE0D-SegmentedRaftLogWorker: created new log segment /workdir/hadoop-ozone/integration-test/target/test-dir/MiniOzoneClusterImpl-c1ac3406-7bea-4748-bbf9-a747646a8bff/datanode-2/data/ratis/c95c9325-4585-4a95-b764-84c7ed46ce0d/current/log_inprogress_0
2019-11-05 08:34:21,743 [pool-189-thread-1] INFO  server.RaftServerConfigKeys (ConfUtils.java:logGet(43)) - raft.server.rpc.timeout.min = 1s (custom)
2019-11-05 08:34:21,743 [pool-189-thread-1] INFO  server.RaftServerConfigKeys (ConfUtils.java:logGet(43)) - raft.server.rpc.timeout.max = 1200ms (custom)
2019-11-05 08:34:21,743 [pool-189-thread-1] INFO  server.RaftServerConfigKeys (ConfUtils.java:logGet(43)) - raft.server.rpcslowness.timeout = 120s (custom)
2019-11-05 08:34:21,743 [pool-189-thread-1] INFO  server.RaftServerConfigKeys (ConfUtils.java:logGet(43)) - raft.server.sleep.deviation.threshold = 300 (default)
2019-11-05 08:34:21,743 [pool-189-thread-1] INFO  server.RaftServerConfigKeys (ConfUtils.java:logGet(43)) - raft.server.log.appender.install.snapshot.enabled = false (custom)
2019-11-05 08:34:21,744 [pool-189-thread-1] INFO  impl.RaftServerImpl (ServerState.java:<init>(103)) - b3c4603b-a140-4f81-8843-cb94f3bca924@group-D41A30110402: ConfigurationManager, init=-1: [b3c4603b-a140-4f81-8843-cb94f3bca924:192.168.164.217:37579], old=null, confs=<EMPTY_MAP>
2019-11-05 08:34:21,744 [pool-189-thread-1] INFO  server.RaftServerConfigKeys (ConfUtils.java:logGet(43)) - raft.server.storage.dir = [/workdir/hadoop-ozone/integration-test/target/test-dir/MiniOzoneClusterImpl-c1ac3406-7bea-4748-bbf9-a747646a8bff/datanode-4/data/ratis] (custom)
2019-11-05 08:34:21,744 [pool-189-thread-1] INFO  server.RaftServerConfigKeys (ConfUtils.java:logGet(43)) - raft.server.log.corruption.policy = EXCEPTION (default)
2019-11-05 08:34:21,744 [pool-189-thread-1] INFO  storage.RaftStorageDirectory (RaftStorageDirectory.java:analyzeStorage(246)) - The storage directory /workdir/hadoop-ozone/integration-test/target/test-dir/MiniOzoneClusterImpl-c1ac3406-7bea-4748-bbf9-a747646a8bff/datanode-4/data/ratis/03e432dc-6874-4a55-ab4d-d41a30110402 does not exist. Creating ...
2019-11-05 08:34:21,768 [pool-189-thread-1] INFO  storage.RaftStorageDirectory (RaftStorageDirectory.java:tryLock(328)) - Lock on /workdir/hadoop-ozone/integration-test/target/test-dir/MiniOzoneClusterImpl-c1ac3406-7bea-4748-bbf9-a747646a8bff/datanode-4/data/ratis/03e432dc-6874-4a55-ab4d-d41a30110402/in_use.lock acquired by nodename 19585@pr-hdds-1643-8bmlk-2934350033
2019-11-05 08:34:21,781 [pool-189-thread-1] INFO  storage.RaftStorage (RaftStorage.java:format(84)) - Storage directory /workdir/hadoop-ozone/integration-test/target/test-dir/MiniOzoneClusterImpl-c1ac3406-7bea-4748-bbf9-a747646a8bff/datanode-4/data/ratis/03e432dc-6874-4a55-ab4d-d41a30110402 has been successfully formatted.
2019-11-05 08:34:21,781 [pool-189-thread-1] INFO  ratis.ContainerStateMachine (ContainerStateMachine.java:loadSnapshot(231)) - group-D41A30110402: The snapshot info is null. Setting the last applied indexto:(t:0, i:~)
2019-11-05 08:34:21,781 [pool-189-thread-1] INFO  server.RaftServerConfigKeys (ConfUtils.java:logGet(43)) - raft.server.notification.no-leader.timeout = 120s (custom)
2019-11-05 08:34:21,782 [pool-189-thread-1] INFO  server.RaftServerConfigKeys (ConfUtils.java:logGet(43)) - raft.server.log.use.memory = false (default)
2019-11-05 08:34:21,782 [pool-189-thread-1] INFO  server.RaftServerConfigKeys (ConfUtils.java:logGet(43)) - raft.server.log.purge.gap = 1000000 (custom)
2019-11-05 08:34:21,782 [pool-189-thread-1] INFO  server.RaftServerConfigKeys (ConfUtils.java:logGet(43)) - raft.server.log.appender.buffer.byte-limit = 33554432 (custom)
2019-11-05 08:34:21,782 [pool-189-thread-1] INFO  server.RaftServerConfigKeys (ConfUtils.java:logGet(43)) - raft.server.log.segment.size.max = 1048576 (custom)
2019-11-05 08:34:21,784 [pool-189-thread-1] INFO  server.RaftServerConfigKeys (ConfUtils.java:logGet(43)) - raft.server.log.segment.cache.num.max = 2 (custom)
2019-11-05 08:34:21,785 [pool-189-thread-1] INFO  segmented.SegmentedRaftLogWorker (SegmentedRaftLogWorker.java:<init>(173)) - new b3c4603b-a140-4f81-8843-cb94f3bca924@group-D41A30110402-SegmentedRaftLogWorker for RaftStorage:Storage Directory /workdir/hadoop-ozone/integration-test/target/test-dir/MiniOzoneClusterImpl-c1ac3406-7bea-4748-bbf9-a747646a8bff/datanode-4/data/ratis/03e432dc-6874-4a55-ab4d-d41a30110402
2019-11-05 08:34:21,785 [pool-189-thread-1] INFO  server.RaftServerConfigKeys (ConfUtils.java:logGet(43)) - raft.server.log.queue.byte-limit = 2147483647 (custom)
2019-11-05 08:34:21,785 [pool-189-thread-1] INFO  server.RaftServerConfigKeys (ConfUtils.java:logGet(43)) - raft.server.log.queue.element-limit = 1024 (custom)
2019-11-05 08:34:21,785 [pool-189-thread-1] INFO  server.RaftServerConfigKeys (ConfUtils.java:logGet(43)) - raft.server.log.segment.size.max = 1048576 (custom)
2019-11-05 08:34:21,785 [pool-189-thread-1] INFO  server.RaftServerConfigKeys (ConfUtils.java:logGet(43)) - raft.server.log.preallocated.size = 16384 (custom)
2019-11-05 08:34:21,785 [pool-189-thread-1] INFO  server.RaftServerConfigKeys (ConfUtils.java:logGet(43)) - raft.server.log.write.buffer.size = 33554432 (custom)
2019-11-05 08:34:21,786 [pool-189-thread-1] INFO  server.RaftServerConfigKeys (ConfUtils.java:logGet(43)) - raft.server.log.force.sync.num = 128 (default)
2019-11-05 08:34:21,786 [pool-189-thread-1] INFO  server.RaftServerConfigKeys (ConfUtils.java:logGet(43)) - raft.server.log.statemachine.data.sync = true (default)
2019-11-05 08:34:21,786 [pool-189-thread-1] INFO  server.RaftServerConfigKeys (ConfUtils.java:logGet(43)) - raft.server.log.statemachine.data.sync.timeout = 10s (default)
2019-11-05 08:34:21,786 [pool-189-thread-1] INFO  server.RaftServerConfigKeys (ConfUtils.java:logGet(43)) - raft.server.log.statemachine.data.sync.timeout.retry = -1 (default)
2019-11-05 08:34:21,787 [pool-189-thread-1] INFO  server.RaftServerConfigKeys (ConfUtils.java:logGet(43)) - raft.server.log.statemachine.data.caching.enabled = true (custom)
2019-11-05 08:34:21,787 [pool-189-thread-1] INFO  segmented.SegmentedRaftLogWorker (SegmentedRaftLogWorker.java:lambda$new$0(128)) - b3c4603b-a140-4f81-8843-cb94f3bca924@group-D41A30110402-SegmentedRaftLogWorker: flushIndex: setUnconditionally 0 -> -1
2019-11-05 08:34:21,789 [pool-189-thread-1] INFO  server.RaftServerConfigKeys (ConfUtils.java:logGet(43)) - raft.server.snapshot.auto.trigger.enabled = true (custom)
2019-11-05 08:34:21,790 [pool-189-thread-1] INFO  server.RaftServerConfigKeys (ConfUtils.java:logGet(43)) - raft.server.snapshot.auto.trigger.threshold = 10000 (custom)
2019-11-05 08:34:21,790 [pool-189-thread-1] INFO  server.RaftServerConfigKeys (ConfUtils.java:logGet(43)) - raft.server.snapshot.retention.file.num = 5 (custom)
2019-11-05 08:34:21,790 [pool-189-thread-1] INFO  server.RaftServerConfigKeys (ConfUtils.java:logGet(43)) - raft.server.retrycache.expirytime = 600000ms (custom)
2019-11-05 08:34:21,795 [pool-189-thread-1] INFO  impl.RaftServerImpl (RaftServerImpl.java:start(195)) - b3c4603b-a140-4f81-8843-cb94f3bca924@group-D41A30110402: start as a follower, conf=-1: [b3c4603b-a140-4f81-8843-cb94f3bca924:192.168.164.217:37579], old=null
2019-11-05 08:34:21,795 [pool-189-thread-1] INFO  impl.RaftServerImpl (RaftServerImpl.java:setRole(184)) - b3c4603b-a140-4f81-8843-cb94f3bca924@group-D41A30110402: changes role from      null to FOLLOWER at term 0 for startAsFollower
2019-11-05 08:34:21,796 [pool-189-thread-1] INFO  impl.RoleInfo (RoleInfo.java:updateAndGet(143)) - b3c4603b-a140-4f81-8843-cb94f3bca924: start FollowerState
2019-11-05 08:34:21,796 [pool-189-thread-1] INFO  util.JmxRegister (JmxRegister.java:tryRegister(44)) - Successfully registered JMX Bean with object name Ratis:service=RaftServer,group=group-D41A30110402,id=b3c4603b-a140-4f81-8843-cb94f3bca924
2019-11-05 08:34:21,798 [IPC Server handler 15 on 44961] INFO  net.NetworkTopology (NetworkTopologyImpl.java:add(111)) - Added a new node: /rack1/05ace5f9-a5b7-4bc6-b4fa-26d4e24ae00c
2019-11-05 08:34:21,799 [IPC Server handler 15 on 44961] INFO  node.SCMNodeManager (SCMNodeManager.java:register(268)) - Registered Data node : 05ace5f9-a5b7-4bc6-b4fa-26d4e24ae00c{ip: 192.168.164.217, host: pr-hdds-1643-8bmlk-2934350033, networkLocation: /rack1, certSerialId: null}
2019-11-05 08:34:21,802 [RatisPipelineUtilsThread] INFO  pipeline.PipelineStateManager (PipelineStateManager.java:addPipeline(56)) - Created pipeline Pipeline[ Id: 03e432dc-6874-4a55-ab4d-d41a30110402, Nodes: b3c4603b-a140-4f81-8843-cb94f3bca924{ip: 192.168.164.217, host: pr-hdds-1643-8bmlk-2934350033, networkLocation: /rack1, certSerialId: null}, Type:RATIS, Factor:ONE, State:OPEN]
2019-11-05 08:34:21,810 [Thread-3371] INFO  impl.FollowerState (FollowerState.java:run(108)) - 5d271ba9-e0f4-40ff-b9fc-f90f33adc13b@group-96AF9F8BC25D-FollowerState: change to CANDIDATE, lastRpcTime:122ms, electionTimeout:122ms
2019-11-05 08:34:21,811 [Thread-3371] INFO  impl.RoleInfo (RoleInfo.java:shutdownFollowerState(121)) - 5d271ba9-e0f4-40ff-b9fc-f90f33adc13b: shutdown FollowerState
2019-11-05 08:34:21,811 [Thread-3371] INFO  impl.RaftServerImpl (RaftServerImpl.java:setRole(184)) - 5d271ba9-e0f4-40ff-b9fc-f90f33adc13b@group-96AF9F8BC25D: changes role from  FOLLOWER to CANDIDATE at term 0 for changeToCandidate
2019-11-05 08:34:21,811 [Thread-3371] INFO  impl.RoleInfo (RoleInfo.java:updateAndGet(143)) - 5d271ba9-e0f4-40ff-b9fc-f90f33adc13b: start LeaderElection
2019-11-05 08:34:21,824 [Thread-3373] INFO  impl.FollowerState (FollowerState.java:run(108)) - ac799505-d01b-4984-a491-73e044603a46@group-96AF9F8BC25D-FollowerState: change to CANDIDATE, lastRpcTime:133ms, electionTimeout:133ms
2019-11-05 08:34:21,824 [Thread-3373] INFO  impl.RoleInfo (RoleInfo.java:shutdownFollowerState(121)) - ac799505-d01b-4984-a491-73e044603a46: shutdown FollowerState
2019-11-05 08:34:21,824 [Thread-3373] INFO  impl.RaftServerImpl (RaftServerImpl.java:setRole(184)) - ac799505-d01b-4984-a491-73e044603a46@group-96AF9F8BC25D: changes role from  FOLLOWER to CANDIDATE at term 0 for changeToCandidate
2019-11-05 08:34:21,824 [Thread-3373] INFO  impl.RoleInfo (RoleInfo.java:updateAndGet(143)) - ac799505-d01b-4984-a491-73e044603a46: start LeaderElection
2019-11-05 08:34:21,829 [grpc-default-executor-13] INFO  impl.RaftServerProxy (RaftServerProxy.java:addNew(89)) - d92c9463-8e05-4a70-8cc7-1d31ae7ac64a: addNew group-774E2AC0A2FF:[d92c9463-8e05-4a70-8cc7-1d31ae7ac64a:192.168.164.217:37180] returns group-774E2AC0A2FF:java.util.concurrent.CompletableFuture@1eca013c[Not completed]
2019-11-05 08:34:21,837 [pool-179-thread-1] INFO  impl.RaftServerImpl (RaftServerImpl.java:<init>(104)) - d92c9463-8e05-4a70-8cc7-1d31ae7ac64a: new RaftServerImpl for group-774E2AC0A2FF:[d92c9463-8e05-4a70-8cc7-1d31ae7ac64a:192.168.164.217:37180] with ContainerStateMachine:uninitialized
2019-11-05 08:34:21,837 [pool-179-thread-1] INFO  server.RaftServerConfigKeys (ConfUtils.java:logGet(43)) - raft.server.rpc.timeout.min = 1s (custom)
2019-11-05 08:34:21,837 [pool-179-thread-1] INFO  server.RaftServerConfigKeys (ConfUtils.java:logGet(43)) - raft.server.rpc.timeout.max = 1200ms (custom)
2019-11-05 08:34:21,837 [pool-179-thread-1] INFO  server.RaftServerConfigKeys (ConfUtils.java:logGet(43)) - raft.server.rpcslowness.timeout = 120s (custom)
2019-11-05 08:34:21,837 [pool-179-thread-1] INFO  server.RaftServerConfigKeys (ConfUtils.java:logGet(43)) - raft.server.sleep.deviation.threshold = 300 (default)
2019-11-05 08:34:21,838 [pool-179-thread-1] INFO  server.RaftServerConfigKeys (ConfUtils.java:logGet(43)) - raft.server.log.appender.install.snapshot.enabled = false (custom)
2019-11-05 08:34:21,838 [pool-179-thread-1] INFO  impl.RaftServerImpl (ServerState.java:<init>(103)) - d92c9463-8e05-4a70-8cc7-1d31ae7ac64a@group-774E2AC0A2FF: ConfigurationManager, init=-1: [d92c9463-8e05-4a70-8cc7-1d31ae7ac64a:192.168.164.217:37180], old=null, confs=<EMPTY_MAP>
2019-11-05 08:34:21,838 [pool-179-thread-1] INFO  server.RaftServerConfigKeys (ConfUtils.java:logGet(43)) - raft.server.storage.dir = [/workdir/hadoop-ozone/integration-test/target/test-dir/MiniOzoneClusterImpl-c1ac3406-7bea-4748-bbf9-a747646a8bff/datanode-3/data/ratis] (custom)
2019-11-05 08:34:21,838 [5d271ba9-e0f4-40ff-b9fc-f90f33adc13b@group-96AF9F8BC25D-LeaderElection409] INFO  impl.LeaderElection (LeaderElection.java:askForVotes(178)) - 5d271ba9-e0f4-40ff-b9fc-f90f33adc13b@group-96AF9F8BC25D-LeaderElection409: begin an election at term 1 for -1: [5d271ba9-e0f4-40ff-b9fc-f90f33adc13b:192.168.164.217:46357, ac799505-d01b-4984-a491-73e044603a46:192.168.164.217:37555, fae5ccd0-edd9-4644-8d4e-9d507f6169bd:192.168.164.217:34224], old=null
2019-11-05 08:34:21,838 [pool-179-thread-1] INFO  server.RaftServerConfigKeys (ConfUtils.java:logGet(43)) - raft.server.log.corruption.policy = EXCEPTION (default)
2019-11-05 08:34:21,838 [pool-179-thread-1] INFO  storage.RaftStorageDirectory (RaftStorageDirectory.java:analyzeStorage(246)) - The storage directory /workdir/hadoop-ozone/integration-test/target/test-dir/MiniOzoneClusterImpl-c1ac3406-7bea-4748-bbf9-a747646a8bff/datanode-3/data/ratis/41172d6a-aa95-4f55-bea8-774e2ac0a2ff does not exist. Creating ...
2019-11-05 08:34:21,838 [ac799505-d01b-4984-a491-73e044603a46@group-96AF9F8BC25D-LeaderElection410] INFO  impl.LeaderElection (LeaderElection.java:askForVotes(178)) - ac799505-d01b-4984-a491-73e044603a46@group-96AF9F8BC25D-LeaderElection410: begin an election at term 1 for -1: [5d271ba9-e0f4-40ff-b9fc-f90f33adc13b:192.168.164.217:46357, ac799505-d01b-4984-a491-73e044603a46:192.168.164.217:37555, fae5ccd0-edd9-4644-8d4e-9d507f6169bd:192.168.164.217:34224], old=null
2019-11-05 08:34:21,850 [pool-179-thread-1] INFO  storage.RaftStorageDirectory (RaftStorageDirectory.java:tryLock(328)) - Lock on /workdir/hadoop-ozone/integration-test/target/test-dir/MiniOzoneClusterImpl-c1ac3406-7bea-4748-bbf9-a747646a8bff/datanode-3/data/ratis/41172d6a-aa95-4f55-bea8-774e2ac0a2ff/in_use.lock acquired by nodename 19585@pr-hdds-1643-8bmlk-2934350033
2019-11-05 08:34:21,850 [grpc-default-executor-10] INFO  impl.RaftServerImpl (RaftServerImpl.java:setRole(184)) - fae5ccd0-edd9-4644-8d4e-9d507f6169bd@group-96AF9F8BC25D: changes role from  FOLLOWER to FOLLOWER at term 1 for recognizeCandidate:ac799505-d01b-4984-a491-73e044603a46
2019-11-05 08:34:21,854 [grpc-default-executor-10] INFO  impl.RoleInfo (RoleInfo.java:shutdownFollowerState(121)) - fae5ccd0-edd9-4644-8d4e-9d507f6169bd: shutdown FollowerState
2019-11-05 08:34:21,854 [grpc-default-executor-10] INFO  impl.RoleInfo (RoleInfo.java:updateAndGet(143)) - fae5ccd0-edd9-4644-8d4e-9d507f6169bd: start FollowerState
2019-11-05 08:34:21,864 [Thread-3379] INFO  impl.FollowerState (FollowerState.java:run(108)) - b3c4603b-a140-4f81-8843-cb94f3bca924@group-D41A30110402-FollowerState: change to CANDIDATE, lastRpcTime:68ms, electionTimeout:68ms
2019-11-05 08:34:21,865 [Thread-3379] INFO  impl.RoleInfo (RoleInfo.java:shutdownFollowerState(121)) - b3c4603b-a140-4f81-8843-cb94f3bca924: shutdown FollowerState
2019-11-05 08:34:21,865 [Thread-3379] INFO  impl.RaftServerImpl (RaftServerImpl.java:setRole(184)) - b3c4603b-a140-4f81-8843-cb94f3bca924@group-D41A30110402: changes role from  FOLLOWER to CANDIDATE at term 0 for changeToCandidate
2019-11-05 08:34:21,865 [Thread-3379] INFO  impl.RoleInfo (RoleInfo.java:updateAndGet(143)) - b3c4603b-a140-4f81-8843-cb94f3bca924: start LeaderElection
2019-11-05 08:34:21,877 [IPC Server handler 1 on 44961] INFO  net.NetworkTopology (NetworkTopologyImpl.java:add(111)) - Added a new node: /rack1/6e52354a-8f39-4a00-bced-911c77341e64
2019-11-05 08:34:21,877 [IPC Server handler 1 on 44961] INFO  node.SCMNodeManager (SCMNodeManager.java:register(268)) - Registered Data node : 6e52354a-8f39-4a00-bced-911c77341e64{ip: 192.168.164.217, host: pr-hdds-1643-8bmlk-2934350033, networkLocation: /rack1, certSerialId: null}
2019-11-05 08:34:21,879 [pool-179-thread-1] INFO  storage.RaftStorage (RaftStorage.java:format(84)) - Storage directory /workdir/hadoop-ozone/integration-test/target/test-dir/MiniOzoneClusterImpl-c1ac3406-7bea-4748-bbf9-a747646a8bff/datanode-3/data/ratis/41172d6a-aa95-4f55-bea8-774e2ac0a2ff has been successfully formatted.
2019-11-05 08:34:21,879 [pool-179-thread-1] INFO  ratis.ContainerStateMachine (ContainerStateMachine.java:loadSnapshot(231)) - group-774E2AC0A2FF: The snapshot info is null. Setting the last applied indexto:(t:0, i:~)
2019-11-05 08:34:21,879 [pool-179-thread-1] INFO  server.RaftServerConfigKeys (ConfUtils.java:logGet(43)) - raft.server.notification.no-leader.timeout = 120s (custom)
2019-11-05 08:34:21,879 [pool-179-thread-1] INFO  server.RaftServerConfigKeys (ConfUtils.java:logGet(43)) - raft.server.log.use.memory = false (default)
2019-11-05 08:34:21,880 [pool-179-thread-1] INFO  server.RaftServerConfigKeys (ConfUtils.java:logGet(43)) - raft.server.log.purge.gap = 1000000 (custom)
2019-11-05 08:34:21,880 [pool-179-thread-1] INFO  server.RaftServerConfigKeys (ConfUtils.java:logGet(43)) - raft.server.log.appender.buffer.byte-limit = 33554432 (custom)
2019-11-05 08:34:21,880 [Thread-3387] INFO  impl.FollowerState (FollowerState.java:run(108)) - fae5ccd0-edd9-4644-8d4e-9d507f6169bd@group-96AF9F8BC25D-FollowerState: change to CANDIDATE, lastRpcTime:25ms, electionTimeout:25ms
2019-11-05 08:34:21,880 [ac799505-d01b-4984-a491-73e044603a46@group-96AF9F8BC25D-LeaderElection410] INFO  impl.LeaderElection (LeaderElection.java:logAndReturn(56)) - ac799505-d01b-4984-a491-73e044603a46@group-96AF9F8BC25D-LeaderElection410: Election PASSED; received 2 response(s) [ac799505-d01b-4984-a491-73e044603a46<-5d271ba9-e0f4-40ff-b9fc-f90f33adc13b#0:FAIL-t1, ac799505-d01b-4984-a491-73e044603a46<-fae5ccd0-edd9-4644-8d4e-9d507f6169bd#0:OK-t1] and 0 exception(s); ac799505-d01b-4984-a491-73e044603a46@group-96AF9F8BC25D:t1, leader=null, voted=ac799505-d01b-4984-a491-73e044603a46, raftlog=ac799505-d01b-4984-a491-73e044603a46@group-96AF9F8BC25D-SegmentedRaftLog:OPENED:c-1,f-1,i0, conf=-1: [5d271ba9-e0f4-40ff-b9fc-f90f33adc13b:192.168.164.217:46357, ac799505-d01b-4984-a491-73e044603a46:192.168.164.217:37555, fae5ccd0-edd9-4644-8d4e-9d507f6169bd:192.168.164.217:34224], old=null
2019-11-05 08:34:21,880 [5d271ba9-e0f4-40ff-b9fc-f90f33adc13b@group-96AF9F8BC25D-LeaderElection409] INFO  impl.LeaderElection (LeaderElection.java:logAndReturn(56)) - 5d271ba9-e0f4-40ff-b9fc-f90f33adc13b@group-96AF9F8BC25D-LeaderElection409: Election REJECTED; received 2 response(s) [5d271ba9-e0f4-40ff-b9fc-f90f33adc13b<-ac799505-d01b-4984-a491-73e044603a46#0:FAIL-t1, 5d271ba9-e0f4-40ff-b9fc-f90f33adc13b<-fae5ccd0-edd9-4644-8d4e-9d507f6169bd#0:FAIL-t1] and 0 exception(s); 5d271ba9-e0f4-40ff-b9fc-f90f33adc13b@group-96AF9F8BC25D:t1, leader=null, voted=5d271ba9-e0f4-40ff-b9fc-f90f33adc13b, raftlog=5d271ba9-e0f4-40ff-b9fc-f90f33adc13b@group-96AF9F8BC25D-SegmentedRaftLog:OPENED:c-1,f-1,i0, conf=-1: [5d271ba9-e0f4-40ff-b9fc-f90f33adc13b:192.168.164.217:46357, ac799505-d01b-4984-a491-73e044603a46:192.168.164.217:37555, fae5ccd0-edd9-4644-8d4e-9d507f6169bd:192.168.164.217:34224], old=null
2019-11-05 08:34:21,880 [pool-179-thread-1] INFO  server.RaftServerConfigKeys (ConfUtils.java:logGet(43)) - raft.server.log.segment.size.max = 1048576 (custom)
2019-11-05 08:34:21,880 [5d271ba9-e0f4-40ff-b9fc-f90f33adc13b@group-96AF9F8BC25D-LeaderElection409] INFO  impl.RaftServerImpl (RaftServerImpl.java:setRole(184)) - 5d271ba9-e0f4-40ff-b9fc-f90f33adc13b@group-96AF9F8BC25D: changes role from CANDIDATE to FOLLOWER at term 1 for DISCOVERED_A_NEW_TERM
2019-11-05 08:34:21,881 [5d271ba9-e0f4-40ff-b9fc-f90f33adc13b@group-96AF9F8BC25D-LeaderElection409] INFO  impl.RoleInfo (RoleInfo.java:shutdownLeaderElection(134)) - 5d271ba9-e0f4-40ff-b9fc-f90f33adc13b: shutdown LeaderElection
2019-11-05 08:34:21,880 [ac799505-d01b-4984-a491-73e044603a46@group-96AF9F8BC25D-LeaderElection410] INFO  impl.RoleInfo (RoleInfo.java:shutdownLeaderElection(134)) - ac799505-d01b-4984-a491-73e044603a46: shutdown LeaderElection
2019-11-05 08:34:21,881 [b3c4603b-a140-4f81-8843-cb94f3bca924@group-D41A30110402-LeaderElection411] INFO  impl.LeaderElection (LeaderElection.java:askForVotes(178)) - b3c4603b-a140-4f81-8843-cb94f3bca924@group-D41A30110402-LeaderElection411: begin an election at term 1 for -1: [b3c4603b-a140-4f81-8843-cb94f3bca924:192.168.164.217:37579], old=null
2019-11-05 08:34:21,880 [Thread-3387] INFO  impl.RoleInfo (RoleInfo.java:shutdownFollowerState(121)) - fae5ccd0-edd9-4644-8d4e-9d507f6169bd: shutdown FollowerState
2019-11-05 08:34:21,881 [b3c4603b-a140-4f81-8843-cb94f3bca924@group-D41A30110402-LeaderElection411] INFO  impl.RoleInfo (RoleInfo.java:shutdownLeaderElection(134)) - b3c4603b-a140-4f81-8843-cb94f3bca924: shutdown LeaderElection
2019-11-05 08:34:21,881 [ac799505-d01b-4984-a491-73e044603a46@group-96AF9F8BC25D-LeaderElection410] INFO  impl.RaftServerImpl (RaftServerImpl.java:setRole(184)) - ac799505-d01b-4984-a491-73e044603a46@group-96AF9F8BC25D: changes role from CANDIDATE to LEADER at term 1 for changeToLeader
2019-11-05 08:34:21,881 [5d271ba9-e0f4-40ff-b9fc-f90f33adc13b@group-96AF9F8BC25D-LeaderElection409] INFO  impl.RoleInfo (RoleInfo.java:updateAndGet(143)) - 5d271ba9-e0f4-40ff-b9fc-f90f33adc13b: start FollowerState
2019-11-05 08:34:21,881 [ac799505-d01b-4984-a491-73e044603a46@group-96AF9F8BC25D-LeaderElection410] INFO  impl.RaftServerImpl (ServerState.java:setLeader(256)) - ac799505-d01b-4984-a491-73e044603a46@group-96AF9F8BC25D: change Leader from null to ac799505-d01b-4984-a491-73e044603a46 at term 1 for becomeLeader, leader elected after 272ms
2019-11-05 08:34:21,881 [b3c4603b-a140-4f81-8843-cb94f3bca924@group-D41A30110402-LeaderElection411] INFO  impl.RaftServerImpl (RaftServerImpl.java:setRole(184)) - b3c4603b-a140-4f81-8843-cb94f3bca924@group-D41A30110402: changes role from CANDIDATE to LEADER at term 1 for changeToLeader
2019-11-05 08:34:21,881 [Thread-3387] INFO  impl.RaftServerImpl (RaftServerImpl.java:setRole(184)) - fae5ccd0-edd9-4644-8d4e-9d507f6169bd@group-96AF9F8BC25D: changes role from  FOLLOWER to CANDIDATE at term 1 for changeToCandidate
2019-11-05 08:34:21,881 [b3c4603b-a140-4f81-8843-cb94f3bca924@group-D41A30110402-LeaderElection411] INFO  impl.RaftServerImpl (ServerState.java:setLeader(256)) - b3c4603b-a140-4f81-8843-cb94f3bca924@group-D41A30110402: change Leader from null to b3c4603b-a140-4f81-8843-cb94f3bca924 at term 1 for becomeLeader, leader elected after 99ms
2019-11-05 08:34:21,881 [ac799505-d01b-4984-a491-73e044603a46@group-96AF9F8BC25D-LeaderElection410] INFO  server.RaftServerConfigKeys (ConfUtils.java:logGet(43)) - raft.server.staging.catchup.gap = 1000 (default)
2019-11-05 08:34:21,882 [b3c4603b-a140-4f81-8843-cb94f3bca924@group-D41A30110402-LeaderElection411] INFO  server.RaftServerConfigKeys (ConfUtils.java:logGet(43)) - raft.server.staging.catchup.gap = 1000 (default)
2019-11-05 08:34:21,881 [Thread-3387] INFO  impl.RoleInfo (RoleInfo.java:updateAndGet(143)) - fae5ccd0-edd9-4644-8d4e-9d507f6169bd: start LeaderElection
2019-11-05 08:34:21,882 [b3c4603b-a140-4f81-8843-cb94f3bca924@group-D41A30110402-LeaderElection411] INFO  server.RaftServerConfigKeys (ConfUtils.java:logGet(43)) - raft.server.rpc.sleep.time = 25ms (default)
2019-11-05 08:34:21,882 [ac799505-d01b-4984-a491-73e044603a46@group-96AF9F8BC25D-LeaderElection410] INFO  server.RaftServerConfigKeys (ConfUtils.java:logGet(43)) - raft.server.rpc.sleep.time = 25ms (default)
2019-11-05 08:34:21,882 [b3c4603b-a140-4f81-8843-cb94f3bca924@group-D41A30110402-LeaderElection411] INFO  server.RaftServerConfigKeys (ConfUtils.java:logGet(43)) - raft.server.write.element-limit = 4096 (default)
2019-11-05 08:34:21,882 [ac799505-d01b-4984-a491-73e044603a46@group-96AF9F8BC25D-LeaderElection410] INFO  server.RaftServerConfigKeys (ConfUtils.java:logGet(43)) - raft.server.write.element-limit = 4096 (default)
2019-11-05 08:34:21,882 [pool-179-thread-1] INFO  server.RaftServerConfigKeys (ConfUtils.java:logGet(43)) - raft.server.log.segment.cache.num.max = 2 (custom)
2019-11-05 08:34:21,882 [b3c4603b-a140-4f81-8843-cb94f3bca924@group-D41A30110402-LeaderElection411] INFO  server.RaftServerConfigKeys (ConfUtils.java:logGet(43)) - raft.server.watch.timeout = 10s (default)
2019-11-05 08:34:21,882 [pool-179-thread-1] INFO  segmented.SegmentedRaftLogWorker (SegmentedRaftLogWorker.java:<init>(173)) - new d92c9463-8e05-4a70-8cc7-1d31ae7ac64a@group-774E2AC0A2FF-SegmentedRaftLogWorker for RaftStorage:Storage Directory /workdir/hadoop-ozone/integration-test/target/test-dir/MiniOzoneClusterImpl-c1ac3406-7bea-4748-bbf9-a747646a8bff/datanode-3/data/ratis/41172d6a-aa95-4f55-bea8-774e2ac0a2ff
2019-11-05 08:34:21,882 [ac799505-d01b-4984-a491-73e044603a46@group-96AF9F8BC25D-LeaderElection410] INFO  server.RaftServerConfigKeys (ConfUtils.java:logGet(43)) - raft.server.watch.timeout = 10s (default)
2019-11-05 08:34:21,883 [pool-179-thread-1] INFO  server.RaftServerConfigKeys (ConfUtils.java:logGet(43)) - raft.server.log.queue.byte-limit = 2147483647 (custom)
2019-11-05 08:34:21,882 [b3c4603b-a140-4f81-8843-cb94f3bca924@group-D41A30110402-LeaderElection411] INFO  server.RaftServerConfigKeys (ConfUtils.java:logGet(43)) - raft.server.watch.timeout.denomination = 1s (default)
2019-11-05 08:34:21,883 [pool-179-thread-1] INFO  server.RaftServerConfigKeys (ConfUtils.java:logGet(43)) - raft.server.log.queue.element-limit = 1024 (custom)
2019-11-05 08:34:21,883 [ac799505-d01b-4984-a491-73e044603a46@group-96AF9F8BC25D-LeaderElection410] INFO  server.RaftServerConfigKeys (ConfUtils.java:logGet(43)) - raft.server.watch.timeout.denomination = 1s (default)
2019-11-05 08:34:21,883 [pool-179-thread-1] INFO  server.RaftServerConfigKeys (ConfUtils.java:logGet(43)) - raft.server.log.segment.size.max = 1048576 (custom)
2019-11-05 08:34:21,883 [b3c4603b-a140-4f81-8843-cb94f3bca924@group-D41A30110402-LeaderElection411] INFO  server.RaftServerConfigKeys (ConfUtils.java:logGet(43)) - raft.server.watch.element-limit = 65536 (default)
2019-11-05 08:34:21,883 [pool-179-thread-1] INFO  server.RaftServerConfigKeys (ConfUtils.java:logGet(43)) - raft.server.log.preallocated.size = 16384 (custom)
2019-11-05 08:34:21,883 [ac799505-d01b-4984-a491-73e044603a46@group-96AF9F8BC25D-LeaderElection410] INFO  server.RaftServerConfigKeys (ConfUtils.java:logGet(43)) - raft.server.watch.element-limit = 65536 (default)
2019-11-05 08:34:21,883 [pool-179-thread-1] INFO  server.RaftServerConfigKeys (ConfUtils.java:logGet(43)) - raft.server.log.write.buffer.size = 33554432 (custom)
2019-11-05 08:34:21,884 [pool-179-thread-1] INFO  server.RaftServerConfigKeys (ConfUtils.java:logGet(43)) - raft.server.log.force.sync.num = 128 (default)
2019-11-05 08:34:21,884 [pool-179-thread-1] INFO  server.RaftServerConfigKeys (ConfUtils.java:logGet(43)) - raft.server.log.statemachine.data.sync = true (default)
2019-11-05 08:34:21,884 [pool-179-thread-1] INFO  server.RaftServerConfigKeys (ConfUtils.java:logGet(43)) - raft.server.log.statemachine.data.sync.timeout = 10s (default)
2019-11-05 08:34:21,884 [pool-179-thread-1] INFO  server.RaftServerConfigKeys (ConfUtils.java:logGet(43)) - raft.server.log.statemachine.data.sync.timeout.retry = -1 (default)
2019-11-05 08:34:21,885 [pool-179-thread-1] INFO  server.RaftServerConfigKeys (ConfUtils.java:logGet(43)) - raft.server.log.statemachine.data.caching.enabled = true (custom)
2019-11-05 08:34:21,885 [pool-179-thread-1] INFO  segmented.SegmentedRaftLogWorker (SegmentedRaftLogWorker.java:lambda$new$0(128)) - d92c9463-8e05-4a70-8cc7-1d31ae7ac64a@group-774E2AC0A2FF-SegmentedRaftLogWorker: flushIndex: setUnconditionally 0 -> -1
2019-11-05 08:34:21,885 [pool-179-thread-1] INFO  server.RaftServerConfigKeys (ConfUtils.java:logGet(43)) - raft.server.snapshot.auto.trigger.enabled = true (custom)
2019-11-05 08:34:21,885 [pool-179-thread-1] INFO  server.RaftServerConfigKeys (ConfUtils.java:logGet(43)) - raft.server.snapshot.auto.trigger.threshold = 10000 (custom)
2019-11-05 08:34:21,885 [pool-179-thread-1] INFO  server.RaftServerConfigKeys (ConfUtils.java:logGet(43)) - raft.server.snapshot.retention.file.num = 5 (custom)
2019-11-05 08:34:21,886 [pool-179-thread-1] INFO  server.RaftServerConfigKeys (ConfUtils.java:logGet(43)) - raft.server.retrycache.expirytime = 600000ms (custom)
2019-11-05 08:34:21,886 [b3c4603b-a140-4f81-8843-cb94f3bca924@group-D41A30110402-LeaderElection411] INFO  impl.RoleInfo (RoleInfo.java:updateAndGet(143)) - b3c4603b-a140-4f81-8843-cb94f3bca924: start LeaderState
2019-11-05 08:34:21,886 [b3c4603b-a140-4f81-8843-cb94f3bca924@group-D41A30110402-LeaderElection411] INFO  segmented.SegmentedRaftLogWorker (SegmentedRaftLogWorker.java:startLogSegment(385)) - b3c4603b-a140-4f81-8843-cb94f3bca924@group-D41A30110402-SegmentedRaftLogWorker: Starting segment from index:0
2019-11-05 08:34:21,887 [b3c4603b-a140-4f81-8843-cb94f3bca924@group-D41A30110402-LeaderElection411] INFO  impl.RaftServerImpl (ServerState.java:setRaftConf(357)) - b3c4603b-a140-4f81-8843-cb94f3bca924@group-D41A30110402: set configuration 0: [b3c4603b-a140-4f81-8843-cb94f3bca924:192.168.164.217:37579], old=null at 0
2019-11-05 08:34:21,887 [ac799505-d01b-4984-a491-73e044603a46@group-96AF9F8BC25D-LeaderElection410] INFO  server.RaftServerConfigKeys (ConfUtils.java:logGet(43)) - raft.server.log.appender.snapshot.chunk.size.max = 16MB (=16777216) (default)
2019-11-05 08:34:21,888 [ac799505-d01b-4984-a491-73e044603a46@group-96AF9F8BC25D-LeaderElection410] INFO  server.RaftServerConfigKeys (ConfUtils.java:logGet(43)) - raft.server.log.appender.buffer.byte-limit = 33554432 (custom)
2019-11-05 08:34:21,888 [ac799505-d01b-4984-a491-73e044603a46@group-96AF9F8BC25D-LeaderElection410] INFO  server.RaftServerConfigKeys (ConfUtils.java:logGet(43)) - raft.server.log.appender.buffer.element-limit = 1 (custom)
2019-11-05 08:34:21,888 [ac799505-d01b-4984-a491-73e044603a46@group-96AF9F8BC25D-LeaderElection410] INFO  grpc.GrpcConfigKeys$Server (ConfUtils.java:logGet(43)) - raft.grpc.server.leader.outstanding.appends.max = 128 (default)
2019-11-05 08:34:21,889 [ac799505-d01b-4984-a491-73e044603a46@group-96AF9F8BC25D-LeaderElection410] INFO  server.RaftServerConfigKeys (ConfUtils.java:logGet(43)) - raft.server.rpc.request.timeout = 3000ms (default)
2019-11-05 08:34:21,889 [ac799505-d01b-4984-a491-73e044603a46@group-96AF9F8BC25D-LeaderElection410] INFO  server.RaftServerConfigKeys (ConfUtils.java:logGet(43)) - raft.server.log.appender.install.snapshot.enabled = false (custom)
2019-11-05 08:34:21,889 [pool-179-thread-1] INFO  impl.RaftServerImpl (RaftServerImpl.java:start(195)) - d92c9463-8e05-4a70-8cc7-1d31ae7ac64a@group-774E2AC0A2FF: start as a follower, conf=-1: [d92c9463-8e05-4a70-8cc7-1d31ae7ac64a:192.168.164.217:37180], old=null
2019-11-05 08:34:21,889 [pool-179-thread-1] INFO  impl.RaftServerImpl (RaftServerImpl.java:setRole(184)) - d92c9463-8e05-4a70-8cc7-1d31ae7ac64a@group-774E2AC0A2FF: changes role from      null to FOLLOWER at term 0 for startAsFollower
2019-11-05 08:34:21,889 [pool-179-thread-1] INFO  impl.RoleInfo (RoleInfo.java:updateAndGet(143)) - d92c9463-8e05-4a70-8cc7-1d31ae7ac64a: start FollowerState
2019-11-05 08:34:21,890 [pool-179-thread-1] INFO  util.JmxRegister (JmxRegister.java:tryRegister(44)) - Successfully registered JMX Bean with object name Ratis:service=RaftServer,group=group-774E2AC0A2FF,id=d92c9463-8e05-4a70-8cc7-1d31ae7ac64a
2019-11-05 08:34:21,892 [ac799505-d01b-4984-a491-73e044603a46@group-96AF9F8BC25D-LeaderElection410] INFO  server.RaftServerConfigKeys (ConfUtils.java:logGet(43)) - raft.server.log.appender.snapshot.chunk.size.max = 16MB (=16777216) (default)
2019-11-05 08:34:21,893 [ac799505-d01b-4984-a491-73e044603a46@group-96AF9F8BC25D-LeaderElection410] INFO  server.RaftServerConfigKeys (ConfUtils.java:logGet(43)) - raft.server.log.appender.buffer.byte-limit = 33554432 (custom)
2019-11-05 08:34:21,893 [ac799505-d01b-4984-a491-73e044603a46@group-96AF9F8BC25D-LeaderElection410] INFO  server.RaftServerConfigKeys (ConfUtils.java:logGet(43)) - raft.server.log.appender.buffer.element-limit = 1 (custom)
2019-11-05 08:34:21,893 [ac799505-d01b-4984-a491-73e044603a46@group-96AF9F8BC25D-LeaderElection410] INFO  grpc.GrpcConfigKeys$Server (ConfUtils.java:logGet(43)) - raft.grpc.server.leader.outstanding.appends.max = 128 (default)
2019-11-05 08:34:21,894 [ac799505-d01b-4984-a491-73e044603a46@group-96AF9F8BC25D-LeaderElection410] INFO  server.RaftServerConfigKeys (ConfUtils.java:logGet(43)) - raft.server.rpc.request.timeout = 3000ms (default)
2019-11-05 08:34:21,894 [ac799505-d01b-4984-a491-73e044603a46@group-96AF9F8BC25D-LeaderElection410] INFO  server.RaftServerConfigKeys (ConfUtils.java:logGet(43)) - raft.server.log.appender.install.snapshot.enabled = false (custom)
2019-11-05 08:34:21,894 [fae5ccd0-edd9-4644-8d4e-9d507f6169bd@group-96AF9F8BC25D-LeaderElection412] INFO  impl.LeaderElection (LeaderElection.java:askForVotes(178)) - fae5ccd0-edd9-4644-8d4e-9d507f6169bd@group-96AF9F8BC25D-LeaderElection412: begin an election at term 2 for -1: [5d271ba9-e0f4-40ff-b9fc-f90f33adc13b:192.168.164.217:46357, ac799505-d01b-4984-a491-73e044603a46:192.168.164.217:37555, fae5ccd0-edd9-4644-8d4e-9d507f6169bd:192.168.164.217:34224], old=null
2019-11-05 08:34:21,895 [RatisPipelineUtilsThread] INFO  pipeline.PipelineStateManager (PipelineStateManager.java:addPipeline(56)) - Created pipeline Pipeline[ Id: 41172d6a-aa95-4f55-bea8-774e2ac0a2ff, Nodes: d92c9463-8e05-4a70-8cc7-1d31ae7ac64a{ip: 192.168.164.217, host: pr-hdds-1643-8bmlk-2934350033, networkLocation: /rack1, certSerialId: null}, Type:RATIS, Factor:ONE, State:OPEN]
2019-11-05 08:34:21,921 [ac799505-d01b-4984-a491-73e044603a46@group-96AF9F8BC25D-LeaderElection410] INFO  impl.RoleInfo (RoleInfo.java:updateAndGet(143)) - ac799505-d01b-4984-a491-73e044603a46: start LeaderState
2019-11-05 08:34:21,921 [ac799505-d01b-4984-a491-73e044603a46@group-96AF9F8BC25D-LeaderElection410] INFO  segmented.SegmentedRaftLogWorker (SegmentedRaftLogWorker.java:startLogSegment(385)) - ac799505-d01b-4984-a491-73e044603a46@group-96AF9F8BC25D-SegmentedRaftLogWorker: Starting segment from index:0
2019-11-05 08:34:21,921 [Thread-3389] INFO  impl.FollowerState (FollowerState.java:run(108)) - 5d271ba9-e0f4-40ff-b9fc-f90f33adc13b@group-96AF9F8BC25D-FollowerState: change to CANDIDATE, lastRpcTime:40ms, electionTimeout:40ms
2019-11-05 08:34:21,922 [Thread-3389] INFO  impl.RoleInfo (RoleInfo.java:shutdownFollowerState(121)) - 5d271ba9-e0f4-40ff-b9fc-f90f33adc13b: shutdown FollowerState
2019-11-05 08:34:21,922 [Thread-3389] INFO  impl.RaftServerImpl (RaftServerImpl.java:setRole(184)) - 5d271ba9-e0f4-40ff-b9fc-f90f33adc13b@group-96AF9F8BC25D: changes role from  FOLLOWER to CANDIDATE at term 1 for changeToCandidate
2019-11-05 08:34:21,922 [Thread-3389] INFO  impl.RoleInfo (RoleInfo.java:updateAndGet(143)) - 5d271ba9-e0f4-40ff-b9fc-f90f33adc13b: start LeaderElection
2019-11-05 08:34:21,922 [ac799505-d01b-4984-a491-73e044603a46@group-96AF9F8BC25D-LeaderElection410] INFO  impl.RaftServerImpl (ServerState.java:setRaftConf(357)) - ac799505-d01b-4984-a491-73e044603a46@group-96AF9F8BC25D: set configuration 0: [5d271ba9-e0f4-40ff-b9fc-f90f33adc13b:192.168.164.217:46357, ac799505-d01b-4984-a491-73e044603a46:192.168.164.217:37555, fae5ccd0-edd9-4644-8d4e-9d507f6169bd:192.168.164.217:34224], old=null at 0
2019-11-05 08:34:21,923 [grpc-default-executor-10] INFO  impl.RaftServerImpl (ServerState.java:setLeader(256)) - ac799505-d01b-4984-a491-73e044603a46@group-96AF9F8BC25D: change Leader from ac799505-d01b-4984-a491-73e044603a46 to null at term 2 for updateCurrentTerm
2019-11-05 08:34:21,923 [grpc-default-executor-10] INFO  impl.RaftServerImpl (RaftServerImpl.java:setRole(184)) - ac799505-d01b-4984-a491-73e044603a46@group-96AF9F8BC25D: changes role from    LEADER to FOLLOWER at term 2 for recognizeCandidate:fae5ccd0-edd9-4644-8d4e-9d507f6169bd
2019-11-05 08:34:21,923 [grpc-default-executor-10] INFO  impl.RoleInfo (RoleInfo.java:shutdownLeaderState(104)) - ac799505-d01b-4984-a491-73e044603a46: shutdown LeaderState
2019-11-05 08:34:21,948 [Thread-3395] INFO  impl.FollowerState (FollowerState.java:run(108)) - d92c9463-8e05-4a70-8cc7-1d31ae7ac64a@group-774E2AC0A2FF-FollowerState: change to CANDIDATE, lastRpcTime:58ms, electionTimeout:52ms
2019-11-05 08:34:21,948 [grpc-default-executor-10] INFO  impl.PendingRequests (PendingRequests.java:sendNotLeaderResponses(202)) - ac799505-d01b-4984-a491-73e044603a46@group-96AF9F8BC25D-PendingRequests: sendNotLeaderResponses
2019-11-05 08:34:21,948 [Thread-3395] INFO  impl.RoleInfo (RoleInfo.java:shutdownFollowerState(121)) - d92c9463-8e05-4a70-8cc7-1d31ae7ac64a: shutdown FollowerState
2019-11-05 08:34:21,948 [5d271ba9-e0f4-40ff-b9fc-f90f33adc13b@group-96AF9F8BC25D-LeaderElection413] INFO  impl.LeaderElection (LeaderElection.java:askForVotes(178)) - 5d271ba9-e0f4-40ff-b9fc-f90f33adc13b@group-96AF9F8BC25D-LeaderElection413: begin an election at term 2 for -1: [5d271ba9-e0f4-40ff-b9fc-f90f33adc13b:192.168.164.217:46357, ac799505-d01b-4984-a491-73e044603a46:192.168.164.217:37555, fae5ccd0-edd9-4644-8d4e-9d507f6169bd:192.168.164.217:34224], old=null
2019-11-05 08:34:21,948 [b3c4603b-a140-4f81-8843-cb94f3bca924@group-D41A30110402-SegmentedRaftLogWorker] INFO  segmented.SegmentedRaftLogWorker (SegmentedRaftLogWorker.java:execute(576)) - b3c4603b-a140-4f81-8843-cb94f3bca924@group-D41A30110402-SegmentedRaftLogWorker: created new log segment /workdir/hadoop-ozone/integration-test/target/test-dir/MiniOzoneClusterImpl-c1ac3406-7bea-4748-bbf9-a747646a8bff/datanode-4/data/ratis/03e432dc-6874-4a55-ab4d-d41a30110402/current/log_inprogress_0
2019-11-05 08:34:21,948 [org.apache.ratis.server.impl.LogAppender$AppenderDaemon$$Lambda$464/348072330@54d7ce93] WARN  server.GrpcLogAppender (GrpcLogAppender.java:mayWait(149)) - ac799505-d01b-4984-a491-73e044603a46@group-96AF9F8BC25D->fae5ccd0-edd9-4644-8d4e-9d507f6169bd-GrpcLogAppender: Wait interrupted by java.lang.InterruptedException
2019-11-05 08:34:21,948 [org.apache.ratis.server.impl.LogAppender$AppenderDaemon$$Lambda$464/348072330@65f82c52] WARN  server.GrpcLogAppender (GrpcLogAppender.java:mayWait(149)) - ac799505-d01b-4984-a491-73e044603a46@group-96AF9F8BC25D->5d271ba9-e0f4-40ff-b9fc-f90f33adc13b-GrpcLogAppender: Wait interrupted by java.lang.InterruptedException
2019-11-05 08:34:21,948 [Thread-3395] INFO  impl.RaftServerImpl (RaftServerImpl.java:setRole(184)) - d92c9463-8e05-4a70-8cc7-1d31ae7ac64a@group-774E2AC0A2FF: changes role from  FOLLOWER to CANDIDATE at term 0 for changeToCandidate
2019-11-05 08:34:21,948 [grpc-default-executor-10] INFO  impl.RoleInfo (RoleInfo.java:updateAndGet(143)) - ac799505-d01b-4984-a491-73e044603a46: start FollowerState
2019-11-05 08:34:21,952 [grpc-default-executor-17] INFO  impl.RaftServerProxy (RaftServerProxy.java:addNew(89)) - 6e52354a-8f39-4a00-bced-911c77341e64: addNew group-2C5853E8AB3D:[6e52354a-8f39-4a00-bced-911c77341e64:192.168.164.217:42407] returns group-2C5853E8AB3D:java.util.concurrent.CompletableFuture@4cf3785e[Not completed]
2019-11-05 08:34:21,952 [grpc-default-executor-11] INFO  server.GrpcServerProtocolService (GrpcServerProtocolService.java:onCompleted(113)) - fae5ccd0-edd9-4644-8d4e-9d507f6169bd: Completed APPEND_ENTRIES, lastRequest: ac799505-d01b-4984-a491-73e044603a46->fae5ccd0-edd9-4644-8d4e-9d507f6169bd#0-t1, previous=(t:0, i:0), leaderCommit=-1, initializing? false, entries: <empty>
2019-11-05 08:34:21,952 [grpc-default-executor-16] INFO  server.GrpcServerProtocolService (GrpcServerProtocolService.java:onCompleted(113)) - 5d271ba9-e0f4-40ff-b9fc-f90f33adc13b: Completed APPEND_ENTRIES, lastRequest: ac799505-d01b-4984-a491-73e044603a46->5d271ba9-e0f4-40ff-b9fc-f90f33adc13b#0-t1, previous=(t:0, i:0), leaderCommit=-1, initializing? false, entries: <empty>
2019-11-05 08:34:21,952 [Thread-3395] INFO  impl.RoleInfo (RoleInfo.java:updateAndGet(143)) - d92c9463-8e05-4a70-8cc7-1d31ae7ac64a: start LeaderElection
2019-11-05 08:34:21,957 [pool-219-thread-1] INFO  impl.RaftServerImpl (RaftServerImpl.java:<init>(104)) - 6e52354a-8f39-4a00-bced-911c77341e64: new RaftServerImpl for group-2C5853E8AB3D:[6e52354a-8f39-4a00-bced-911c77341e64:192.168.164.217:42407] with ContainerStateMachine:uninitialized
2019-11-05 08:34:21,957 [pool-219-thread-1] INFO  server.RaftServerConfigKeys (ConfUtils.java:logGet(43)) - raft.server.rpc.timeout.min = 1s (custom)
2019-11-05 08:34:21,957 [pool-219-thread-1] INFO  server.RaftServerConfigKeys (ConfUtils.java:logGet(43)) - raft.server.rpc.timeout.max = 1200ms (custom)
2019-11-05 08:34:21,958 [pool-219-thread-1] INFO  server.RaftServerConfigKeys (ConfUtils.java:logGet(43)) - raft.server.rpcslowness.timeout = 120s (custom)
2019-11-05 08:34:21,958 [pool-219-thread-1] INFO  server.RaftServerConfigKeys (ConfUtils.java:logGet(43)) - raft.server.sleep.deviation.threshold = 300 (default)
2019-11-05 08:34:21,958 [pool-219-thread-1] INFO  server.RaftServerConfigKeys (ConfUtils.java:logGet(43)) - raft.server.log.appender.install.snapshot.enabled = false (custom)
2019-11-05 08:34:21,958 [pool-219-thread-1] INFO  impl.RaftServerImpl (ServerState.java:<init>(103)) - 6e52354a-8f39-4a00-bced-911c77341e64@group-2C5853E8AB3D: ConfigurationManager, init=-1: [6e52354a-8f39-4a00-bced-911c77341e64:192.168.164.217:42407], old=null, confs=<EMPTY_MAP>
2019-11-05 08:34:21,958 [pool-219-thread-1] INFO  server.RaftServerConfigKeys (ConfUtils.java:logGet(43)) - raft.server.storage.dir = [/workdir/hadoop-ozone/integration-test/target/test-dir/MiniOzoneClusterImpl-c1ac3406-7bea-4748-bbf9-a747646a8bff/datanode-7/data/ratis] (custom)
2019-11-05 08:34:21,958 [pool-219-thread-1] INFO  server.RaftServerConfigKeys (ConfUtils.java:logGet(43)) - raft.server.log.corruption.policy = EXCEPTION (default)
2019-11-05 08:34:21,959 [pool-219-thread-1] INFO  storage.RaftStorageDirectory (RaftStorageDirectory.java:analyzeStorage(246)) - The storage directory /workdir/hadoop-ozone/integration-test/target/test-dir/MiniOzoneClusterImpl-c1ac3406-7bea-4748-bbf9-a747646a8bff/datanode-7/data/ratis/d67b22a3-5e66-42e0-95ae-2c5853e8ab3d does not exist. Creating ...
2019-11-05 08:34:21,961 [pool-219-thread-1] INFO  storage.RaftStorageDirectory (RaftStorageDirectory.java:tryLock(328)) - Lock on /workdir/hadoop-ozone/integration-test/target/test-dir/MiniOzoneClusterImpl-c1ac3406-7bea-4748-bbf9-a747646a8bff/datanode-7/data/ratis/d67b22a3-5e66-42e0-95ae-2c5853e8ab3d/in_use.lock acquired by nodename 19585@pr-hdds-1643-8bmlk-2934350033
2019-11-05 08:34:21,961 [d92c9463-8e05-4a70-8cc7-1d31ae7ac64a@group-774E2AC0A2FF-LeaderElection414] INFO  impl.LeaderElection (LeaderElection.java:askForVotes(178)) - d92c9463-8e05-4a70-8cc7-1d31ae7ac64a@group-774E2AC0A2FF-LeaderElection414: begin an election at term 1 for -1: [d92c9463-8e05-4a70-8cc7-1d31ae7ac64a:192.168.164.217:37180], old=null
2019-11-05 08:34:21,961 [grpc-default-executor-16] INFO  impl.RaftServerImpl (RaftServerImpl.java:setRole(184)) - ac799505-d01b-4984-a491-73e044603a46@group-96AF9F8BC25D: changes role from  FOLLOWER to FOLLOWER at term 2 for recognizeCandidate:5d271ba9-e0f4-40ff-b9fc-f90f33adc13b
2019-11-05 08:34:21,962 [grpc-default-executor-16] INFO  impl.RoleInfo (RoleInfo.java:shutdownFollowerState(121)) - ac799505-d01b-4984-a491-73e044603a46: shutdown FollowerState
2019-11-05 08:34:21,961 [ac799505-d01b-4984-a491-73e044603a46@group-96AF9F8BC25D-SegmentedRaftLogWorker] INFO  segmented.SegmentedRaftLogWorker (SegmentedRaftLogWorker.java:execute(576)) - ac799505-d01b-4984-a491-73e044603a46@group-96AF9F8BC25D-SegmentedRaftLogWorker: created new log segment /workdir/hadoop-ozone/integration-test/target/test-dir/MiniOzoneClusterImpl-c1ac3406-7bea-4748-bbf9-a747646a8bff/datanode-1/data/ratis/03c07a91-4698-41a5-bbc7-96af9f8bc25d/current/log_inprogress_0
2019-11-05 08:34:21,962 [grpc-default-executor-16] INFO  impl.RoleInfo (RoleInfo.java:updateAndGet(143)) - ac799505-d01b-4984-a491-73e044603a46: start FollowerState
2019-11-05 08:34:21,962 [Thread-3403] INFO  impl.FollowerState (FollowerState.java:run(117)) - ac799505-d01b-4984-a491-73e044603a46@group-96AF9F8BC25D-FollowerState was interrupted: java.lang.InterruptedException: sleep interrupted
2019-11-05 08:34:21,962 [d92c9463-8e05-4a70-8cc7-1d31ae7ac64a@group-774E2AC0A2FF-LeaderElection414] INFO  impl.RoleInfo (RoleInfo.java:shutdownLeaderElection(134)) - d92c9463-8e05-4a70-8cc7-1d31ae7ac64a: shutdown LeaderElection
2019-11-05 08:34:21,962 [fae5ccd0-edd9-4644-8d4e-9d507f6169bd@group-96AF9F8BC25D-LeaderElection412] INFO  impl.LeaderElection (LeaderElection.java:logAndReturn(56)) - fae5ccd0-edd9-4644-8d4e-9d507f6169bd@group-96AF9F8BC25D-LeaderElection412: Election REJECTED; received 2 response(s) [fae5ccd0-edd9-4644-8d4e-9d507f6169bd<-5d271ba9-e0f4-40ff-b9fc-f90f33adc13b#0:FAIL-t2, fae5ccd0-edd9-4644-8d4e-9d507f6169bd<-ac799505-d01b-4984-a491-73e044603a46#0:FAIL-t2] and 0 exception(s); fae5ccd0-edd9-4644-8d4e-9d507f6169bd@group-96AF9F8BC25D:t2, leader=null, voted=fae5ccd0-edd9-4644-8d4e-9d507f6169bd, raftlog=fae5ccd0-edd9-4644-8d4e-9d507f6169bd@group-96AF9F8BC25D-SegmentedRaftLog:OPENED:c-1,f-1,i0, conf=-1: [5d271ba9-e0f4-40ff-b9fc-f90f33adc13b:192.168.164.217:46357, ac799505-d01b-4984-a491-73e044603a46:192.168.164.217:37555, fae5ccd0-edd9-4644-8d4e-9d507f6169bd:192.168.164.217:34224], old=null
2019-11-05 08:34:21,962 [grpc-default-executor-13] INFO  server.GrpcLogAppender (GrpcLogAppender.java:onCompleted(308)) - ac799505-d01b-4984-a491-73e044603a46@group-96AF9F8BC25D->5d271ba9-e0f4-40ff-b9fc-f90f33adc13b-AppendLogResponseHandler: follower responses appendEntries COMPLETED
2019-11-05 08:34:21,962 [grpc-default-executor-15] INFO  server.GrpcLogAppender (GrpcLogAppender.java:onCompleted(308)) - ac799505-d01b-4984-a491-73e044603a46@group-96AF9F8BC25D->fae5ccd0-edd9-4644-8d4e-9d507f6169bd-AppendLogResponseHandler: follower responses appendEntries COMPLETED
2019-11-05 08:34:21,962 [d92c9463-8e05-4a70-8cc7-1d31ae7ac64a@group-774E2AC0A2FF-LeaderElection414] INFO  impl.RaftServerImpl (RaftServerImpl.java:setRole(184)) - d92c9463-8e05-4a70-8cc7-1d31ae7ac64a@group-774E2AC0A2FF: changes role from CANDIDATE to LEADER at term 1 for changeToLeader
2019-11-05 08:34:21,964 [d92c9463-8e05-4a70-8cc7-1d31ae7ac64a@group-774E2AC0A2FF-LeaderElection414] INFO  impl.RaftServerImpl (ServerState.java:setLeader(256)) - d92c9463-8e05-4a70-8cc7-1d31ae7ac64a@group-774E2AC0A2FF: change Leader from null to d92c9463-8e05-4a70-8cc7-1d31ae7ac64a at term 1 for becomeLeader, leader elected after 85ms
2019-11-05 08:34:21,964 [5d271ba9-e0f4-40ff-b9fc-f90f33adc13b@group-96AF9F8BC25D-LeaderElection413] INFO  impl.LeaderElection (LeaderElection.java:logAndReturn(56)) - 5d271ba9-e0f4-40ff-b9fc-f90f33adc13b@group-96AF9F8BC25D-LeaderElection413: Election REJECTED; received 2 response(s) [5d271ba9-e0f4-40ff-b9fc-f90f33adc13b<-ac799505-d01b-4984-a491-73e044603a46#0:FAIL-t2, 5d271ba9-e0f4-40ff-b9fc-f90f33adc13b<-fae5ccd0-edd9-4644-8d4e-9d507f6169bd#0:FAIL-t2] and 0 exception(s); 5d271ba9-e0f4-40ff-b9fc-f90f33adc13b@group-96AF9F8BC25D:t2, leader=null, voted=5d271ba9-e0f4-40ff-b9fc-f90f33adc13b, raftlog=5d271ba9-e0f4-40ff-b9fc-f90f33adc13b@group-96AF9F8BC25D-SegmentedRaftLog:OPENED:c-1,f-1,i0, conf=-1: [5d271ba9-e0f4-40ff-b9fc-f90f33adc13b:192.168.164.217:46357, ac799505-d01b-4984-a491-73e044603a46:192.168.164.217:37555, fae5ccd0-edd9-4644-8d4e-9d507f6169bd:192.168.164.217:34224], old=null
2019-11-05 08:34:21,962 [fae5ccd0-edd9-4644-8d4e-9d507f6169bd@group-96AF9F8BC25D-LeaderElection412] INFO  impl.RaftServerImpl (RaftServerImpl.java:setRole(184)) - fae5ccd0-edd9-4644-8d4e-9d507f6169bd@group-96AF9F8BC25D: changes role from CANDIDATE to FOLLOWER at term 2 for DISCOVERED_A_NEW_TERM
2019-11-05 08:34:21,966 [grpc-default-executor-13] INFO  impl.FollowerInfo (FollowerInfo.java:lambda$new$0(51)) - ac799505-d01b-4984-a491-73e044603a46@group-96AF9F8BC25D->5d271ba9-e0f4-40ff-b9fc-f90f33adc13b: nextIndex: updateUnconditionally 0 -> 0
2019-11-05 08:34:21,966 [fae5ccd0-edd9-4644-8d4e-9d507f6169bd@group-96AF9F8BC25D-LeaderElection412] INFO  impl.RoleInfo (RoleInfo.java:shutdownLeaderElection(134)) - fae5ccd0-edd9-4644-8d4e-9d507f6169bd: shutdown LeaderElection
2019-11-05 08:34:21,965 [5d271ba9-e0f4-40ff-b9fc-f90f33adc13b@group-96AF9F8BC25D-LeaderElection413] INFO  impl.RaftServerImpl (RaftServerImpl.java:setRole(184)) - 5d271ba9-e0f4-40ff-b9fc-f90f33adc13b@group-96AF9F8BC25D: changes role from CANDIDATE to FOLLOWER at term 2 for DISCOVERED_A_NEW_TERM
2019-11-05 08:34:21,966 [5d271ba9-e0f4-40ff-b9fc-f90f33adc13b@group-96AF9F8BC25D-LeaderElection413] INFO  impl.RoleInfo (RoleInfo.java:shutdownLeaderElection(134)) - 5d271ba9-e0f4-40ff-b9fc-f90f33adc13b: shutdown LeaderElection
2019-11-05 08:34:21,964 [d92c9463-8e05-4a70-8cc7-1d31ae7ac64a@group-774E2AC0A2FF-LeaderElection414] INFO  server.RaftServerConfigKeys (ConfUtils.java:logGet(43)) - raft.server.staging.catchup.gap = 1000 (default)
2019-11-05 08:34:21,967 [5d271ba9-e0f4-40ff-b9fc-f90f33adc13b@group-96AF9F8BC25D-LeaderElection413] INFO  impl.RoleInfo (RoleInfo.java:updateAndGet(143)) - 5d271ba9-e0f4-40ff-b9fc-f90f33adc13b: start FollowerState
2019-11-05 08:34:21,966 [grpc-default-executor-15] INFO  impl.FollowerInfo (FollowerInfo.java:lambda$new$0(51)) - ac799505-d01b-4984-a491-73e044603a46@group-96AF9F8BC25D->fae5ccd0-edd9-4644-8d4e-9d507f6169bd: nextIndex: updateUnconditionally 0 -> 0
2019-11-05 08:34:21,966 [fae5ccd0-edd9-4644-8d4e-9d507f6169bd@group-96AF9F8BC25D-LeaderElection412] INFO  impl.RoleInfo (RoleInfo.java:updateAndGet(143)) - fae5ccd0-edd9-4644-8d4e-9d507f6169bd: start FollowerState
2019-11-05 08:34:21,967 [IPC Server handler 3 on 44961] INFO  net.NetworkTopology (NetworkTopologyImpl.java:add(111)) - Added a new node: /rack1/2f0028df-de82-48c4-92fd-bfd4b7dbba36
2019-11-05 08:34:21,967 [d92c9463-8e05-4a70-8cc7-1d31ae7ac64a@group-774E2AC0A2FF-LeaderElection414] INFO  server.RaftServerConfigKeys (ConfUtils.java:logGet(43)) - raft.server.rpc.sleep.time = 25ms (default)
2019-11-05 08:34:21,967 [IPC Server handler 3 on 44961] INFO  node.SCMNodeManager (SCMNodeManager.java:register(268)) - Registered Data node : 2f0028df-de82-48c4-92fd-bfd4b7dbba36{ip: 192.168.164.217, host: pr-hdds-1643-8bmlk-2934350033, networkLocation: /rack1, certSerialId: null}
2019-11-05 08:34:21,967 [d92c9463-8e05-4a70-8cc7-1d31ae7ac64a@group-774E2AC0A2FF-LeaderElection414] INFO  server.RaftServerConfigKeys (ConfUtils.java:logGet(43)) - raft.server.write.element-limit = 4096 (default)
2019-11-05 08:34:21,968 [d92c9463-8e05-4a70-8cc7-1d31ae7ac64a@group-774E2AC0A2FF-LeaderElection414] INFO  server.RaftServerConfigKeys (ConfUtils.java:logGet(43)) - raft.server.watch.timeout = 10s (default)
2019-11-05 08:34:21,968 [d92c9463-8e05-4a70-8cc7-1d31ae7ac64a@group-774E2AC0A2FF-LeaderElection414] INFO  server.RaftServerConfigKeys (ConfUtils.java:logGet(43)) - raft.server.watch.timeout.denomination = 1s (default)
2019-11-05 08:34:21,968 [d92c9463-8e05-4a70-8cc7-1d31ae7ac64a@group-774E2AC0A2FF-LeaderElection414] INFO  server.RaftServerConfigKeys (ConfUtils.java:logGet(43)) - raft.server.watch.element-limit = 65536 (default)
2019-11-05 08:34:21,969 [d92c9463-8e05-4a70-8cc7-1d31ae7ac64a@group-774E2AC0A2FF-LeaderElection414] INFO  impl.RoleInfo (RoleInfo.java:updateAndGet(143)) - d92c9463-8e05-4a70-8cc7-1d31ae7ac64a: start LeaderState
2019-11-05 08:34:21,969 [d92c9463-8e05-4a70-8cc7-1d31ae7ac64a@group-774E2AC0A2FF-LeaderElection414] INFO  segmented.SegmentedRaftLogWorker (SegmentedRaftLogWorker.java:startLogSegment(385)) - d92c9463-8e05-4a70-8cc7-1d31ae7ac64a@group-774E2AC0A2FF-SegmentedRaftLogWorker: Starting segment from index:0
2019-11-05 08:34:21,970 [d92c9463-8e05-4a70-8cc7-1d31ae7ac64a@group-774E2AC0A2FF-LeaderElection414] INFO  impl.RaftServerImpl (ServerState.java:setRaftConf(357)) - d92c9463-8e05-4a70-8cc7-1d31ae7ac64a@group-774E2AC0A2FF: set configuration 0: [d92c9463-8e05-4a70-8cc7-1d31ae7ac64a:192.168.164.217:37180], old=null at 0
2019-11-05 08:34:21,988 [pool-219-thread-1] INFO  storage.RaftStorage (RaftStorage.java:format(84)) - Storage directory /workdir/hadoop-ozone/integration-test/target/test-dir/MiniOzoneClusterImpl-c1ac3406-7bea-4748-bbf9-a747646a8bff/datanode-7/data/ratis/d67b22a3-5e66-42e0-95ae-2c5853e8ab3d has been successfully formatted.
2019-11-05 08:34:21,988 [pool-219-thread-1] INFO  ratis.ContainerStateMachine (ContainerStateMachine.java:loadSnapshot(231)) - group-2C5853E8AB3D: The snapshot info is null. Setting the last applied indexto:(t:0, i:~)
2019-11-05 08:34:21,988 [pool-219-thread-1] INFO  server.RaftServerConfigKeys (ConfUtils.java:logGet(43)) - raft.server.notification.no-leader.timeout = 120s (custom)
2019-11-05 08:34:21,988 [pool-219-thread-1] INFO  server.RaftServerConfigKeys (ConfUtils.java:logGet(43)) - raft.server.log.use.memory = false (default)
2019-11-05 08:34:21,988 [pool-219-thread-1] INFO  server.RaftServerConfigKeys (ConfUtils.java:logGet(43)) - raft.server.log.purge.gap = 1000000 (custom)
2019-11-05 08:34:21,989 [pool-219-thread-1] INFO  server.RaftServerConfigKeys (ConfUtils.java:logGet(43)) - raft.server.log.appender.buffer.byte-limit = 33554432 (custom)
2019-11-05 08:34:21,989 [pool-219-thread-1] INFO  server.RaftServerConfigKeys (ConfUtils.java:logGet(43)) - raft.server.log.segment.size.max = 1048576 (custom)
2019-11-05 08:34:21,990 [pool-219-thread-1] INFO  server.RaftServerConfigKeys (ConfUtils.java:logGet(43)) - raft.server.log.segment.cache.num.max = 2 (custom)
2019-11-05 08:34:21,991 [pool-219-thread-1] INFO  segmented.SegmentedRaftLogWorker (SegmentedRaftLogWorker.java:<init>(173)) - new 6e52354a-8f39-4a00-bced-911c77341e64@group-2C5853E8AB3D-SegmentedRaftLogWorker for RaftStorage:Storage Directory /workdir/hadoop-ozone/integration-test/target/test-dir/MiniOzoneClusterImpl-c1ac3406-7bea-4748-bbf9-a747646a8bff/datanode-7/data/ratis/d67b22a3-5e66-42e0-95ae-2c5853e8ab3d
2019-11-05 08:34:21,991 [pool-219-thread-1] INFO  server.RaftServerConfigKeys (ConfUtils.java:logGet(43)) - raft.server.log.queue.byte-limit = 2147483647 (custom)
2019-11-05 08:34:21,991 [pool-219-thread-1] INFO  server.RaftServerConfigKeys (ConfUtils.java:logGet(43)) - raft.server.log.queue.element-limit = 1024 (custom)
2019-11-05 08:34:21,991 [pool-219-thread-1] INFO  server.RaftServerConfigKeys (ConfUtils.java:logGet(43)) - raft.server.log.segment.size.max = 1048576 (custom)
2019-11-05 08:34:21,991 [pool-219-thread-1] INFO  server.RaftServerConfigKeys (ConfUtils.java:logGet(43)) - raft.server.log.preallocated.size = 16384 (custom)
2019-11-05 08:34:21,991 [pool-219-thread-1] INFO  server.RaftServerConfigKeys (ConfUtils.java:logGet(43)) - raft.server.log.write.buffer.size = 33554432 (custom)
2019-11-05 08:34:21,991 [pool-219-thread-1] INFO  server.RaftServerConfigKeys (ConfUtils.java:logGet(43)) - raft.server.log.force.sync.num = 128 (default)
2019-11-05 08:34:21,991 [pool-219-thread-1] INFO  server.RaftServerConfigKeys (ConfUtils.java:logGet(43)) - raft.server.log.statemachine.data.sync = true (default)
2019-11-05 08:34:21,992 [pool-219-thread-1] INFO  server.RaftServerConfigKeys (ConfUtils.java:logGet(43)) - raft.server.log.statemachine.data.sync.timeout = 10s (default)
2019-11-05 08:34:21,992 [pool-219-thread-1] INFO  server.RaftServerConfigKeys (ConfUtils.java:logGet(43)) - raft.server.log.statemachine.data.sync.timeout.retry = -1 (default)
2019-11-05 08:34:21,992 [pool-219-thread-1] INFO  server.RaftServerConfigKeys (ConfUtils.java:logGet(43)) - raft.server.log.statemachine.data.caching.enabled = true (custom)
2019-11-05 08:34:21,992 [pool-219-thread-1] INFO  segmented.SegmentedRaftLogWorker (SegmentedRaftLogWorker.java:lambda$new$0(128)) - 6e52354a-8f39-4a00-bced-911c77341e64@group-2C5853E8AB3D-SegmentedRaftLogWorker: flushIndex: setUnconditionally 0 -> -1
2019-11-05 08:34:21,993 [pool-219-thread-1] INFO  server.RaftServerConfigKeys (ConfUtils.java:logGet(43)) - raft.server.snapshot.auto.trigger.enabled = true (custom)
2019-11-05 08:34:21,993 [pool-219-thread-1] INFO  server.RaftServerConfigKeys (ConfUtils.java:logGet(43)) - raft.server.snapshot.auto.trigger.threshold = 10000 (custom)
2019-11-05 08:34:21,993 [pool-219-thread-1] INFO  server.RaftServerConfigKeys (ConfUtils.java:logGet(43)) - raft.server.snapshot.retention.file.num = 5 (custom)
2019-11-05 08:34:21,993 [pool-219-thread-1] INFO  server.RaftServerConfigKeys (ConfUtils.java:logGet(43)) - raft.server.retrycache.expirytime = 600000ms (custom)
2019-11-05 08:34:21,996 [pool-219-thread-1] INFO  impl.RaftServerImpl (RaftServerImpl.java:start(195)) - 6e52354a-8f39-4a00-bced-911c77341e64@group-2C5853E8AB3D: start as a follower, conf=-1: [6e52354a-8f39-4a00-bced-911c77341e64:192.168.164.217:42407], old=null
2019-11-05 08:34:21,996 [pool-219-thread-1] INFO  impl.RaftServerImpl (RaftServerImpl.java:setRole(184)) - 6e52354a-8f39-4a00-bced-911c77341e64@group-2C5853E8AB3D: changes role from      null to FOLLOWER at term 0 for startAsFollower
2019-11-05 08:34:21,996 [pool-219-thread-1] INFO  impl.RoleInfo (RoleInfo.java:updateAndGet(143)) - 6e52354a-8f39-4a00-bced-911c77341e64: start FollowerState
2019-11-05 08:34:21,996 [pool-219-thread-1] INFO  util.JmxRegister (JmxRegister.java:tryRegister(44)) - Successfully registered JMX Bean with object name Ratis:service=RaftServer,group=group-2C5853E8AB3D,id=6e52354a-8f39-4a00-bced-911c77341e64
2019-11-05 08:34:22,000 [RatisPipelineUtilsThread] INFO  pipeline.PipelineStateManager (PipelineStateManager.java:addPipeline(56)) - Created pipeline Pipeline[ Id: d67b22a3-5e66-42e0-95ae-2c5853e8ab3d, Nodes: 6e52354a-8f39-4a00-bced-911c77341e64{ip: 192.168.164.217, host: pr-hdds-1643-8bmlk-2934350033, networkLocation: /rack1, certSerialId: null}, Type:RATIS, Factor:ONE, State:OPEN]
2019-11-05 08:34:22,008 [grpc-default-executor-15] INFO  impl.RaftServerProxy (RaftServerProxy.java:addNew(89)) - 05ace5f9-a5b7-4bc6-b4fa-26d4e24ae00c: addNew group-22B759B34DF7:[05ace5f9-a5b7-4bc6-b4fa-26d4e24ae00c:192.168.164.217:42356] returns group-22B759B34DF7:java.util.concurrent.CompletableFuture@52c6ea1[Not completed]
2019-11-05 08:34:22,008 [d92c9463-8e05-4a70-8cc7-1d31ae7ac64a@group-774E2AC0A2FF-SegmentedRaftLogWorker] INFO  segmented.SegmentedRaftLogWorker (SegmentedRaftLogWorker.java:execute(576)) - d92c9463-8e05-4a70-8cc7-1d31ae7ac64a@group-774E2AC0A2FF-SegmentedRaftLogWorker: created new log segment /workdir/hadoop-ozone/integration-test/target/test-dir/MiniOzoneClusterImpl-c1ac3406-7bea-4748-bbf9-a747646a8bff/datanode-3/data/ratis/41172d6a-aa95-4f55-bea8-774e2ac0a2ff/current/log_inprogress_0
2019-11-05 08:34:22,009 [pool-209-thread-1] INFO  impl.RaftServerImpl (RaftServerImpl.java:<init>(104)) - 05ace5f9-a5b7-4bc6-b4fa-26d4e24ae00c: new RaftServerImpl for group-22B759B34DF7:[05ace5f9-a5b7-4bc6-b4fa-26d4e24ae00c:192.168.164.217:42356] with ContainerStateMachine:uninitialized
2019-11-05 08:34:22,010 [pool-209-thread-1] INFO  server.RaftServerConfigKeys (ConfUtils.java:logGet(43)) - raft.server.rpc.timeout.min = 1s (custom)
2019-11-05 08:34:22,010 [pool-209-thread-1] INFO  server.RaftServerConfigKeys (ConfUtils.java:logGet(43)) - raft.server.rpc.timeout.max = 1200ms (custom)
2019-11-05 08:34:22,010 [pool-209-thread-1] INFO  server.RaftServerConfigKeys (ConfUtils.java:logGet(43)) - raft.server.rpcslowness.timeout = 120s (custom)
2019-11-05 08:34:22,010 [pool-209-thread-1] INFO  server.RaftServerConfigKeys (ConfUtils.java:logGet(43)) - raft.server.sleep.deviation.threshold = 300 (default)
2019-11-05 08:34:22,010 [pool-209-thread-1] INFO  server.RaftServerConfigKeys (ConfUtils.java:logGet(43)) - raft.server.log.appender.install.snapshot.enabled = false (custom)
2019-11-05 08:34:22,010 [pool-209-thread-1] INFO  impl.RaftServerImpl (ServerState.java:<init>(103)) - 05ace5f9-a5b7-4bc6-b4fa-26d4e24ae00c@group-22B759B34DF7: ConfigurationManager, init=-1: [05ace5f9-a5b7-4bc6-b4fa-26d4e24ae00c:192.168.164.217:42356], old=null, confs=<EMPTY_MAP>
2019-11-05 08:34:22,010 [pool-209-thread-1] INFO  server.RaftServerConfigKeys (ConfUtils.java:logGet(43)) - raft.server.storage.dir = [/workdir/hadoop-ozone/integration-test/target/test-dir/MiniOzoneClusterImpl-c1ac3406-7bea-4748-bbf9-a747646a8bff/datanode-6/data/ratis] (custom)
2019-11-05 08:34:22,011 [pool-209-thread-1] INFO  server.RaftServerConfigKeys (ConfUtils.java:logGet(43)) - raft.server.log.corruption.policy = EXCEPTION (default)
2019-11-05 08:34:22,011 [pool-209-thread-1] INFO  storage.RaftStorageDirectory (RaftStorageDirectory.java:analyzeStorage(246)) - The storage directory /workdir/hadoop-ozone/integration-test/target/test-dir/MiniOzoneClusterImpl-c1ac3406-7bea-4748-bbf9-a747646a8bff/datanode-6/data/ratis/fd6bf365-8d7b-4951-94b4-22b759b34df7 does not exist. Creating ...
2019-11-05 08:34:22,018 [Thread-3412] INFO  impl.FollowerState (FollowerState.java:run(108)) - 6e52354a-8f39-4a00-bced-911c77341e64@group-2C5853E8AB3D-FollowerState: change to CANDIDATE, lastRpcTime:22ms, electionTimeout:22ms
2019-11-05 08:34:22,019 [Thread-3412] INFO  impl.RoleInfo (RoleInfo.java:shutdownFollowerState(121)) - 6e52354a-8f39-4a00-bced-911c77341e64: shutdown FollowerState
2019-11-05 08:34:22,019 [Thread-3412] INFO  impl.RaftServerImpl (RaftServerImpl.java:setRole(184)) - 6e52354a-8f39-4a00-bced-911c77341e64@group-2C5853E8AB3D: changes role from  FOLLOWER to CANDIDATE at term 0 for changeToCandidate
2019-11-05 08:34:22,019 [Thread-3412] INFO  impl.RoleInfo (RoleInfo.java:updateAndGet(143)) - 6e52354a-8f39-4a00-bced-911c77341e64: start LeaderElection
2019-11-05 08:34:22,024 [pool-209-thread-1] INFO  storage.RaftStorageDirectory (RaftStorageDirectory.java:tryLock(328)) - Lock on /workdir/hadoop-ozone/integration-test/target/test-dir/MiniOzoneClusterImpl-c1ac3406-7bea-4748-bbf9-a747646a8bff/datanode-6/data/ratis/fd6bf365-8d7b-4951-94b4-22b759b34df7/in_use.lock acquired by nodename 19585@pr-hdds-1643-8bmlk-2934350033
2019-11-05 08:34:22,026 [6e52354a-8f39-4a00-bced-911c77341e64@group-2C5853E8AB3D-LeaderElection415] INFO  impl.LeaderElection (LeaderElection.java:askForVotes(178)) - 6e52354a-8f39-4a00-bced-911c77341e64@group-2C5853E8AB3D-LeaderElection415: begin an election at term 1 for -1: [6e52354a-8f39-4a00-bced-911c77341e64:192.168.164.217:42407], old=null
2019-11-05 08:34:22,026 [6e52354a-8f39-4a00-bced-911c77341e64@group-2C5853E8AB3D-LeaderElection415] INFO  impl.RoleInfo (RoleInfo.java:shutdownLeaderElection(134)) - 6e52354a-8f39-4a00-bced-911c77341e64: shutdown LeaderElection
2019-11-05 08:34:22,026 [6e52354a-8f39-4a00-bced-911c77341e64@group-2C5853E8AB3D-LeaderElection415] INFO  impl.RaftServerImpl (RaftServerImpl.java:setRole(184)) - 6e52354a-8f39-4a00-bced-911c77341e64@group-2C5853E8AB3D: changes role from CANDIDATE to LEADER at term 1 for changeToLeader
2019-11-05 08:34:22,026 [6e52354a-8f39-4a00-bced-911c77341e64@group-2C5853E8AB3D-LeaderElection415] INFO  impl.RaftServerImpl (ServerState.java:setLeader(256)) - 6e52354a-8f39-4a00-bced-911c77341e64@group-2C5853E8AB3D: change Leader from null to 6e52354a-8f39-4a00-bced-911c77341e64 at term 1 for becomeLeader, leader elected after 37ms
2019-11-05 08:34:22,026 [6e52354a-8f39-4a00-bced-911c77341e64@group-2C5853E8AB3D-LeaderElection415] INFO  server.RaftServerConfigKeys (ConfUtils.java:logGet(43)) - raft.server.staging.catchup.gap = 1000 (default)
2019-11-05 08:34:22,026 [6e52354a-8f39-4a00-bced-911c77341e64@group-2C5853E8AB3D-LeaderElection415] INFO  server.RaftServerConfigKeys (ConfUtils.java:logGet(43)) - raft.server.rpc.sleep.time = 25ms (default)
2019-11-05 08:34:22,027 [6e52354a-8f39-4a00-bced-911c77341e64@group-2C5853E8AB3D-LeaderElection415] INFO  server.RaftServerConfigKeys (ConfUtils.java:logGet(43)) - raft.server.write.element-limit = 4096 (default)
2019-11-05 08:34:22,027 [6e52354a-8f39-4a00-bced-911c77341e64@group-2C5853E8AB3D-LeaderElection415] INFO  server.RaftServerConfigKeys (ConfUtils.java:logGet(43)) - raft.server.watch.timeout = 10s (default)
2019-11-05 08:34:22,027 [6e52354a-8f39-4a00-bced-911c77341e64@group-2C5853E8AB3D-LeaderElection415] INFO  server.RaftServerConfigKeys (ConfUtils.java:logGet(43)) - raft.server.watch.timeout.denomination = 1s (default)
2019-11-05 08:34:22,027 [6e52354a-8f39-4a00-bced-911c77341e64@group-2C5853E8AB3D-LeaderElection415] INFO  server.RaftServerConfigKeys (ConfUtils.java:logGet(43)) - raft.server.watch.element-limit = 65536 (default)
2019-11-05 08:34:22,029 [6e52354a-8f39-4a00-bced-911c77341e64@group-2C5853E8AB3D-LeaderElection415] INFO  impl.RoleInfo (RoleInfo.java:updateAndGet(143)) - 6e52354a-8f39-4a00-bced-911c77341e64: start LeaderState
2019-11-05 08:34:22,029 [6e52354a-8f39-4a00-bced-911c77341e64@group-2C5853E8AB3D-LeaderElection415] INFO  segmented.SegmentedRaftLogWorker (SegmentedRaftLogWorker.java:startLogSegment(385)) - 6e52354a-8f39-4a00-bced-911c77341e64@group-2C5853E8AB3D-SegmentedRaftLogWorker: Starting segment from index:0
2019-11-05 08:34:22,030 [6e52354a-8f39-4a00-bced-911c77341e64@group-2C5853E8AB3D-LeaderElection415] INFO  impl.RaftServerImpl (ServerState.java:setRaftConf(357)) - 6e52354a-8f39-4a00-bced-911c77341e64@group-2C5853E8AB3D: set configuration 0: [6e52354a-8f39-4a00-bced-911c77341e64:192.168.164.217:42407], old=null at 0
2019-11-05 08:34:22,039 [pool-209-thread-1] INFO  storage.RaftStorage (RaftStorage.java:format(84)) - Storage directory /workdir/hadoop-ozone/integration-test/target/test-dir/MiniOzoneClusterImpl-c1ac3406-7bea-4748-bbf9-a747646a8bff/datanode-6/data/ratis/fd6bf365-8d7b-4951-94b4-22b759b34df7 has been successfully formatted.
2019-11-05 08:34:22,040 [pool-209-thread-1] INFO  ratis.ContainerStateMachine (ContainerStateMachine.java:loadSnapshot(231)) - group-22B759B34DF7: The snapshot info is null. Setting the last applied indexto:(t:0, i:~)
2019-11-05 08:34:22,040 [pool-209-thread-1] INFO  server.RaftServerConfigKeys (ConfUtils.java:logGet(43)) - raft.server.notification.no-leader.timeout = 120s (custom)
2019-11-05 08:34:22,040 [pool-209-thread-1] INFO  server.RaftServerConfigKeys (ConfUtils.java:logGet(43)) - raft.server.log.use.memory = false (default)
2019-11-05 08:34:22,040 [pool-209-thread-1] INFO  server.RaftServerConfigKeys (ConfUtils.java:logGet(43)) - raft.server.log.purge.gap = 1000000 (custom)
2019-11-05 08:34:22,040 [pool-209-thread-1] INFO  server.RaftServerConfigKeys (ConfUtils.java:logGet(43)) - raft.server.log.appender.buffer.byte-limit = 33554432 (custom)
2019-11-05 08:34:22,040 [pool-209-thread-1] INFO  server.RaftServerConfigKeys (ConfUtils.java:logGet(43)) - raft.server.log.segment.size.max = 1048576 (custom)
2019-11-05 08:34:22,041 [pool-209-thread-1] INFO  server.RaftServerConfigKeys (ConfUtils.java:logGet(43)) - raft.server.log.segment.cache.num.max = 2 (custom)
2019-11-05 08:34:22,042 [pool-209-thread-1] INFO  segmented.SegmentedRaftLogWorker (SegmentedRaftLogWorker.java:<init>(173)) - new 05ace5f9-a5b7-4bc6-b4fa-26d4e24ae00c@group-22B759B34DF7-SegmentedRaftLogWorker for RaftStorage:Storage Directory /workdir/hadoop-ozone/integration-test/target/test-dir/MiniOzoneClusterImpl-c1ac3406-7bea-4748-bbf9-a747646a8bff/datanode-6/data/ratis/fd6bf365-8d7b-4951-94b4-22b759b34df7
2019-11-05 08:34:22,042 [pool-209-thread-1] INFO  server.RaftServerConfigKeys (ConfUtils.java:logGet(43)) - raft.server.log.queue.byte-limit = 2147483647 (custom)
2019-11-05 08:34:22,042 [pool-209-thread-1] INFO  server.RaftServerConfigKeys (ConfUtils.java:logGet(43)) - raft.server.log.queue.element-limit = 1024 (custom)
2019-11-05 08:34:22,042 [pool-209-thread-1] INFO  server.RaftServerConfigKeys (ConfUtils.java:logGet(43)) - raft.server.log.segment.size.max = 1048576 (custom)
2019-11-05 08:34:22,042 [pool-209-thread-1] INFO  server.RaftServerConfigKeys (ConfUtils.java:logGet(43)) - raft.server.log.preallocated.size = 16384 (custom)
2019-11-05 08:34:22,042 [pool-209-thread-1] INFO  server.RaftServerConfigKeys (ConfUtils.java:logGet(43)) - raft.server.log.write.buffer.size = 33554432 (custom)
2019-11-05 08:34:22,042 [pool-209-thread-1] INFO  server.RaftServerConfigKeys (ConfUtils.java:logGet(43)) - raft.server.log.force.sync.num = 128 (default)
2019-11-05 08:34:22,042 [pool-209-thread-1] INFO  server.RaftServerConfigKeys (ConfUtils.java:logGet(43)) - raft.server.log.statemachine.data.sync = true (default)
2019-11-05 08:34:22,042 [pool-209-thread-1] INFO  server.RaftServerConfigKeys (ConfUtils.java:logGet(43)) - raft.server.log.statemachine.data.sync.timeout = 10s (default)
2019-11-05 08:34:22,042 [pool-209-thread-1] INFO  server.RaftServerConfigKeys (ConfUtils.java:logGet(43)) - raft.server.log.statemachine.data.sync.timeout.retry = -1 (default)
2019-11-05 08:34:22,043 [pool-209-thread-1] INFO  server.RaftServerConfigKeys (ConfUtils.java:logGet(43)) - raft.server.log.statemachine.data.caching.enabled = true (custom)
2019-11-05 08:34:22,043 [pool-209-thread-1] INFO  segmented.SegmentedRaftLogWorker (SegmentedRaftLogWorker.java:lambda$new$0(128)) - 05ace5f9-a5b7-4bc6-b4fa-26d4e24ae00c@group-22B759B34DF7-SegmentedRaftLogWorker: flushIndex: setUnconditionally 0 -> -1
2019-11-05 08:34:22,043 [pool-209-thread-1] INFO  server.RaftServerConfigKeys (ConfUtils.java:logGet(43)) - raft.server.snapshot.auto.trigger.enabled = true (custom)
2019-11-05 08:34:22,043 [pool-209-thread-1] INFO  server.RaftServerConfigKeys (ConfUtils.java:logGet(43)) - raft.server.snapshot.auto.trigger.threshold = 10000 (custom)
2019-11-05 08:34:22,043 [pool-209-thread-1] INFO  server.RaftServerConfigKeys (ConfUtils.java:logGet(43)) - raft.server.snapshot.retention.file.num = 5 (custom)
2019-11-05 08:34:22,044 [pool-209-thread-1] INFO  server.RaftServerConfigKeys (ConfUtils.java:logGet(43)) - raft.server.retrycache.expirytime = 600000ms (custom)
2019-11-05 08:34:22,046 [pool-209-thread-1] INFO  impl.RaftServerImpl (RaftServerImpl.java:start(195)) - 05ace5f9-a5b7-4bc6-b4fa-26d4e24ae00c@group-22B759B34DF7: start as a follower, conf=-1: [05ace5f9-a5b7-4bc6-b4fa-26d4e24ae00c:192.168.164.217:42356], old=null
2019-11-05 08:34:22,046 [pool-209-thread-1] INFO  impl.RaftServerImpl (RaftServerImpl.java:setRole(184)) - 05ace5f9-a5b7-4bc6-b4fa-26d4e24ae00c@group-22B759B34DF7: changes role from      null to FOLLOWER at term 0 for startAsFollower
2019-11-05 08:34:22,046 [pool-209-thread-1] INFO  impl.RoleInfo (RoleInfo.java:updateAndGet(143)) - 05ace5f9-a5b7-4bc6-b4fa-26d4e24ae00c: start FollowerState
2019-11-05 08:34:22,047 [pool-209-thread-1] INFO  util.JmxRegister (JmxRegister.java:tryRegister(44)) - Successfully registered JMX Bean with object name Ratis:service=RaftServer,group=group-22B759B34DF7,id=05ace5f9-a5b7-4bc6-b4fa-26d4e24ae00c
2019-11-05 08:34:22,050 [RatisPipelineUtilsThread] INFO  pipeline.PipelineStateManager (PipelineStateManager.java:addPipeline(56)) - Created pipeline Pipeline[ Id: fd6bf365-8d7b-4951-94b4-22b759b34df7, Nodes: 05ace5f9-a5b7-4bc6-b4fa-26d4e24ae00c{ip: 192.168.164.217, host: pr-hdds-1643-8bmlk-2934350033, networkLocation: /rack1, certSerialId: null}, Type:RATIS, Factor:ONE, State:OPEN]
2019-11-05 08:34:22,052 [main] INFO  ozone.MiniOzoneClusterImpl (MiniOzoneClusterImpl.java:lambda$waitForClusterToBeReady$0(147)) - Waiting for cluster to be ready. Got 9 of 10 DN Heartbeats.
2019-11-05 08:34:22,053 [IPC Server handler 4 on 44961] INFO  net.NetworkTopology (NetworkTopologyImpl.java:add(111)) - Added a new node: /rack1/ce6aaef5-0e62-4cca-9483-e7266dc5c7be
2019-11-05 08:34:22,053 [IPC Server handler 4 on 44961] INFO  node.SCMNodeManager (SCMNodeManager.java:register(268)) - Registered Data node : ce6aaef5-0e62-4cca-9483-e7266dc5c7be{ip: 192.168.164.217, host: pr-hdds-1643-8bmlk-2934350033, networkLocation: /rack1, certSerialId: null}
2019-11-05 08:34:22,067 [grpc-default-executor-15] INFO  impl.RaftServerProxy (RaftServerProxy.java:addNew(89)) - d7b60609-c805-4df6-8140-a27c681dae80: addNew group-6AE090EAA6A2:[d7b60609-c805-4df6-8140-a27c681dae80:192.168.164.217:37880] returns group-6AE090EAA6A2:java.util.concurrent.CompletableFuture@29e8da7b[Not completed]
2019-11-05 08:34:22,068 [pool-199-thread-1] INFO  impl.RaftServerImpl (RaftServerImpl.java:<init>(104)) - d7b60609-c805-4df6-8140-a27c681dae80: new RaftServerImpl for group-6AE090EAA6A2:[d7b60609-c805-4df6-8140-a27c681dae80:192.168.164.217:37880] with ContainerStateMachine:uninitialized
2019-11-05 08:34:22,068 [pool-199-thread-1] INFO  server.RaftServerConfigKeys (ConfUtils.java:logGet(43)) - raft.server.rpc.timeout.min = 1s (custom)
2019-11-05 08:34:22,068 [pool-199-thread-1] INFO  server.RaftServerConfigKeys (ConfUtils.java:logGet(43)) - raft.server.rpc.timeout.max = 1200ms (custom)
2019-11-05 08:34:22,069 [pool-199-thread-1] INFO  server.RaftServerConfigKeys (ConfUtils.java:logGet(43)) - raft.server.rpcslowness.timeout = 120s (custom)
2019-11-05 08:34:22,069 [pool-199-thread-1] INFO  server.RaftServerConfigKeys (ConfUtils.java:logGet(43)) - raft.server.sleep.deviation.threshold = 300 (default)
2019-11-05 08:34:22,069 [pool-199-thread-1] INFO  server.RaftServerConfigKeys (ConfUtils.java:logGet(43)) - raft.server.log.appender.install.snapshot.enabled = false (custom)
2019-11-05 08:34:22,069 [pool-199-thread-1] INFO  impl.RaftServerImpl (ServerState.java:<init>(103)) - d7b60609-c805-4df6-8140-a27c681dae80@group-6AE090EAA6A2: ConfigurationManager, init=-1: [d7b60609-c805-4df6-8140-a27c681dae80:192.168.164.217:37880], old=null, confs=<EMPTY_MAP>
2019-11-05 08:34:22,069 [pool-199-thread-1] INFO  server.RaftServerConfigKeys (ConfUtils.java:logGet(43)) - raft.server.storage.dir = [/workdir/hadoop-ozone/integration-test/target/test-dir/MiniOzoneClusterImpl-c1ac3406-7bea-4748-bbf9-a747646a8bff/datanode-5/data/ratis] (custom)
2019-11-05 08:34:22,069 [pool-199-thread-1] INFO  server.RaftServerConfigKeys (ConfUtils.java:logGet(43)) - raft.server.log.corruption.policy = EXCEPTION (default)
2019-11-05 08:34:22,069 [pool-199-thread-1] INFO  storage.RaftStorageDirectory (RaftStorageDirectory.java:analyzeStorage(246)) - The storage directory /workdir/hadoop-ozone/integration-test/target/test-dir/MiniOzoneClusterImpl-c1ac3406-7bea-4748-bbf9-a747646a8bff/datanode-5/data/ratis/734685ad-c35d-4133-9492-6ae090eaa6a2 does not exist. Creating ...
2019-11-05 08:34:22,091 [pool-199-thread-1] INFO  storage.RaftStorageDirectory (RaftStorageDirectory.java:tryLock(328)) - Lock on /workdir/hadoop-ozone/integration-test/target/test-dir/MiniOzoneClusterImpl-c1ac3406-7bea-4748-bbf9-a747646a8bff/datanode-5/data/ratis/734685ad-c35d-4133-9492-6ae090eaa6a2/in_use.lock acquired by nodename 19585@pr-hdds-1643-8bmlk-2934350033
2019-11-05 08:34:22,091 [6e52354a-8f39-4a00-bced-911c77341e64@group-2C5853E8AB3D-SegmentedRaftLogWorker] INFO  segmented.SegmentedRaftLogWorker (SegmentedRaftLogWorker.java:execute(576)) - 6e52354a-8f39-4a00-bced-911c77341e64@group-2C5853E8AB3D-SegmentedRaftLogWorker: created new log segment /workdir/hadoop-ozone/integration-test/target/test-dir/MiniOzoneClusterImpl-c1ac3406-7bea-4748-bbf9-a747646a8bff/datanode-7/data/ratis/d67b22a3-5e66-42e0-95ae-2c5853e8ab3d/current/log_inprogress_0
2019-11-05 08:34:22,097 [pool-199-thread-1] INFO  storage.RaftStorage (RaftStorage.java:format(84)) - Storage directory /workdir/hadoop-ozone/integration-test/target/test-dir/MiniOzoneClusterImpl-c1ac3406-7bea-4748-bbf9-a747646a8bff/datanode-5/data/ratis/734685ad-c35d-4133-9492-6ae090eaa6a2 has been successfully formatted.
2019-11-05 08:34:22,097 [pool-199-thread-1] INFO  ratis.ContainerStateMachine (ContainerStateMachine.java:loadSnapshot(231)) - group-6AE090EAA6A2: The snapshot info is null. Setting the last applied indexto:(t:0, i:~)
2019-11-05 08:34:22,098 [pool-199-thread-1] INFO  server.RaftServerConfigKeys (ConfUtils.java:logGet(43)) - raft.server.notification.no-leader.timeout = 120s (custom)
2019-11-05 08:34:22,098 [pool-199-thread-1] INFO  server.RaftServerConfigKeys (ConfUtils.java:logGet(43)) - raft.server.log.use.memory = false (default)
2019-11-05 08:34:22,098 [pool-199-thread-1] INFO  server.RaftServerConfigKeys (ConfUtils.java:logGet(43)) - raft.server.log.purge.gap = 1000000 (custom)
2019-11-05 08:34:22,098 [pool-199-thread-1] INFO  server.RaftServerConfigKeys (ConfUtils.java:logGet(43)) - raft.server.log.appender.buffer.byte-limit = 33554432 (custom)
2019-11-05 08:34:22,098 [pool-199-thread-1] INFO  server.RaftServerConfigKeys (ConfUtils.java:logGet(43)) - raft.server.log.segment.size.max = 1048576 (custom)
2019-11-05 08:34:22,099 [pool-199-thread-1] INFO  server.RaftServerConfigKeys (ConfUtils.java:logGet(43)) - raft.server.log.segment.cache.num.max = 2 (custom)
2019-11-05 08:34:22,099 [pool-199-thread-1] INFO  segmented.SegmentedRaftLogWorker (SegmentedRaftLogWorker.java:<init>(173)) - new d7b60609-c805-4df6-8140-a27c681dae80@group-6AE090EAA6A2-SegmentedRaftLogWorker for RaftStorage:Storage Directory /workdir/hadoop-ozone/integration-test/target/test-dir/MiniOzoneClusterImpl-c1ac3406-7bea-4748-bbf9-a747646a8bff/datanode-5/data/ratis/734685ad-c35d-4133-9492-6ae090eaa6a2
2019-11-05 08:34:22,099 [pool-199-thread-1] INFO  server.RaftServerConfigKeys (ConfUtils.java:logGet(43)) - raft.server.log.queue.byte-limit = 2147483647 (custom)
2019-11-05 08:34:22,099 [pool-199-thread-1] INFO  server.RaftServerConfigKeys (ConfUtils.java:logGet(43)) - raft.server.log.queue.element-limit = 1024 (custom)
2019-11-05 08:34:22,100 [pool-199-thread-1] INFO  server.RaftServerConfigKeys (ConfUtils.java:logGet(43)) - raft.server.log.segment.size.max = 1048576 (custom)
2019-11-05 08:34:22,100 [pool-199-thread-1] INFO  server.RaftServerConfigKeys (ConfUtils.java:logGet(43)) - raft.server.log.preallocated.size = 16384 (custom)
2019-11-05 08:34:22,100 [pool-199-thread-1] INFO  server.RaftServerConfigKeys (ConfUtils.java:logGet(43)) - raft.server.log.write.buffer.size = 33554432 (custom)
2019-11-05 08:34:22,100 [pool-199-thread-1] INFO  server.RaftServerConfigKeys (ConfUtils.java:logGet(43)) - raft.server.log.force.sync.num = 128 (default)
2019-11-05 08:34:22,100 [pool-199-thread-1] INFO  server.RaftServerConfigKeys (ConfUtils.java:logGet(43)) - raft.server.log.statemachine.data.sync = true (default)
2019-11-05 08:34:22,100 [pool-199-thread-1] INFO  server.RaftServerConfigKeys (ConfUtils.java:logGet(43)) - raft.server.log.statemachine.data.sync.timeout = 10s (default)
2019-11-05 08:34:22,100 [pool-199-thread-1] INFO  server.RaftServerConfigKeys (ConfUtils.java:logGet(43)) - raft.server.log.statemachine.data.sync.timeout.retry = -1 (default)
2019-11-05 08:34:22,100 [pool-199-thread-1] INFO  server.RaftServerConfigKeys (ConfUtils.java:logGet(43)) - raft.server.log.statemachine.data.caching.enabled = true (custom)
2019-11-05 08:34:22,101 [pool-199-thread-1] INFO  segmented.SegmentedRaftLogWorker (SegmentedRaftLogWorker.java:lambda$new$0(128)) - d7b60609-c805-4df6-8140-a27c681dae80@group-6AE090EAA6A2-SegmentedRaftLogWorker: flushIndex: setUnconditionally 0 -> -1
2019-11-05 08:34:22,101 [pool-199-thread-1] INFO  server.RaftServerConfigKeys (ConfUtils.java:logGet(43)) - raft.server.snapshot.auto.trigger.enabled = true (custom)
2019-11-05 08:34:22,101 [pool-199-thread-1] INFO  server.RaftServerConfigKeys (ConfUtils.java:logGet(43)) - raft.server.snapshot.auto.trigger.threshold = 10000 (custom)
2019-11-05 08:34:22,101 [pool-199-thread-1] INFO  server.RaftServerConfigKeys (ConfUtils.java:logGet(43)) - raft.server.snapshot.retention.file.num = 5 (custom)
2019-11-05 08:34:22,101 [pool-199-thread-1] INFO  server.RaftServerConfigKeys (ConfUtils.java:logGet(43)) - raft.server.retrycache.expirytime = 600000ms (custom)
2019-11-05 08:34:22,103 [pool-199-thread-1] INFO  impl.RaftServerImpl (RaftServerImpl.java:start(195)) - d7b60609-c805-4df6-8140-a27c681dae80@group-6AE090EAA6A2: start as a follower, conf=-1: [d7b60609-c805-4df6-8140-a27c681dae80:192.168.164.217:37880], old=null
2019-11-05 08:34:22,103 [pool-199-thread-1] INFO  impl.RaftServerImpl (RaftServerImpl.java:setRole(184)) - d7b60609-c805-4df6-8140-a27c681dae80@group-6AE090EAA6A2: changes role from      null to FOLLOWER at term 0 for startAsFollower
2019-11-05 08:34:22,103 [pool-199-thread-1] INFO  impl.RoleInfo (RoleInfo.java:updateAndGet(143)) - d7b60609-c805-4df6-8140-a27c681dae80: start FollowerState
2019-11-05 08:34:22,103 [pool-199-thread-1] INFO  util.JmxRegister (JmxRegister.java:tryRegister(44)) - Successfully registered JMX Bean with object name Ratis:service=RaftServer,group=group-6AE090EAA6A2,id=d7b60609-c805-4df6-8140-a27c681dae80
2019-11-05 08:34:22,107 [RatisPipelineUtilsThread] INFO  pipeline.PipelineStateManager (PipelineStateManager.java:addPipeline(56)) - Created pipeline Pipeline[ Id: 734685ad-c35d-4133-9492-6ae090eaa6a2, Nodes: d7b60609-c805-4df6-8140-a27c681dae80{ip: 192.168.164.217, host: pr-hdds-1643-8bmlk-2934350033, networkLocation: /rack1, certSerialId: null}, Type:RATIS, Factor:ONE, State:OPEN]
2019-11-05 08:34:22,117 [grpc-default-executor-15] INFO  impl.RaftServerProxy (RaftServerProxy.java:addNew(89)) - ce6aaef5-0e62-4cca-9483-e7266dc5c7be: addNew group-9D7D9CA1327E:[ce6aaef5-0e62-4cca-9483-e7266dc5c7be:192.168.164.217:42881] returns group-9D7D9CA1327E:java.util.concurrent.CompletableFuture@132b6bb7[Not completed]
2019-11-05 08:34:22,118 [Thread-3417] INFO  impl.FollowerState (FollowerState.java:run(108)) - 05ace5f9-a5b7-4bc6-b4fa-26d4e24ae00c@group-22B759B34DF7-FollowerState: change to CANDIDATE, lastRpcTime:71ms, electionTimeout:71ms
2019-11-05 08:34:22,118 [Thread-3417] INFO  impl.RoleInfo (RoleInfo.java:shutdownFollowerState(121)) - 05ace5f9-a5b7-4bc6-b4fa-26d4e24ae00c: shutdown FollowerState
2019-11-05 08:34:22,118 [Thread-3417] INFO  impl.RaftServerImpl (RaftServerImpl.java:setRole(184)) - 05ace5f9-a5b7-4bc6-b4fa-26d4e24ae00c@group-22B759B34DF7: changes role from  FOLLOWER to CANDIDATE at term 0 for changeToCandidate
2019-11-05 08:34:22,118 [Thread-3417] INFO  impl.RoleInfo (RoleInfo.java:updateAndGet(143)) - 05ace5f9-a5b7-4bc6-b4fa-26d4e24ae00c: start LeaderElection
2019-11-05 08:34:22,120 [Thread-3408] INFO  impl.FollowerState (FollowerState.java:run(108)) - fae5ccd0-edd9-4644-8d4e-9d507f6169bd@group-96AF9F8BC25D-FollowerState: change to CANDIDATE, lastRpcTime:153ms, electionTimeout:152ms
2019-11-05 08:34:22,122 [Thread-3409] INFO  impl.FollowerState (FollowerState.java:run(108)) - 5d271ba9-e0f4-40ff-b9fc-f90f33adc13b@group-96AF9F8BC25D-FollowerState: change to CANDIDATE, lastRpcTime:155ms, electionTimeout:154ms
2019-11-05 08:34:22,122 [Thread-3408] INFO  impl.RoleInfo (RoleInfo.java:shutdownFollowerState(121)) - fae5ccd0-edd9-4644-8d4e-9d507f6169bd: shutdown FollowerState
2019-11-05 08:34:22,122 [pool-239-thread-1] INFO  impl.RaftServerImpl (RaftServerImpl.java:<init>(104)) - ce6aaef5-0e62-4cca-9483-e7266dc5c7be: new RaftServerImpl for group-9D7D9CA1327E:[ce6aaef5-0e62-4cca-9483-e7266dc5c7be:192.168.164.217:42881] with ContainerStateMachine:uninitialized
2019-11-05 08:34:22,122 [Thread-3409] INFO  impl.RoleInfo (RoleInfo.java:shutdownFollowerState(121)) - 5d271ba9-e0f4-40ff-b9fc-f90f33adc13b: shutdown FollowerState
2019-11-05 08:34:22,122 [pool-239-thread-1] INFO  server.RaftServerConfigKeys (ConfUtils.java:logGet(43)) - raft.server.rpc.timeout.min = 1s (custom)
2019-11-05 08:34:22,122 [Thread-3408] INFO  impl.RaftServerImpl (RaftServerImpl.java:setRole(184)) - fae5ccd0-edd9-4644-8d4e-9d507f6169bd@group-96AF9F8BC25D: changes role from  FOLLOWER to CANDIDATE at term 2 for changeToCandidate
2019-11-05 08:34:22,122 [pool-239-thread-1] INFO  server.RaftServerConfigKeys (ConfUtils.java:logGet(43)) - raft.server.rpc.timeout.max = 1200ms (custom)
2019-11-05 08:34:22,122 [Thread-3409] INFO  impl.RaftServerImpl (RaftServerImpl.java:setRole(184)) - 5d271ba9-e0f4-40ff-b9fc-f90f33adc13b@group-96AF9F8BC25D: changes role from  FOLLOWER to CANDIDATE at term 2 for changeToCandidate
2019-11-05 08:34:22,123 [pool-239-thread-1] INFO  server.RaftServerConfigKeys (ConfUtils.java:logGet(43)) - raft.server.rpcslowness.timeout = 120s (custom)
2019-11-05 08:34:22,123 [Thread-3408] INFO  impl.RoleInfo (RoleInfo.java:updateAndGet(143)) - fae5ccd0-edd9-4644-8d4e-9d507f6169bd: start LeaderElection
2019-11-05 08:34:22,123 [Thread-3409] INFO  impl.RoleInfo (RoleInfo.java:updateAndGet(143)) - 5d271ba9-e0f4-40ff-b9fc-f90f33adc13b: start LeaderElection
2019-11-05 08:34:22,123 [pool-239-thread-1] INFO  server.RaftServerConfigKeys (ConfUtils.java:logGet(43)) - raft.server.sleep.deviation.threshold = 300 (default)
2019-11-05 08:34:22,123 [pool-239-thread-1] INFO  server.RaftServerConfigKeys (ConfUtils.java:logGet(43)) - raft.server.log.appender.install.snapshot.enabled = false (custom)
2019-11-05 08:34:22,123 [pool-239-thread-1] INFO  impl.RaftServerImpl (ServerState.java:<init>(103)) - ce6aaef5-0e62-4cca-9483-e7266dc5c7be@group-9D7D9CA1327E: ConfigurationManager, init=-1: [ce6aaef5-0e62-4cca-9483-e7266dc5c7be:192.168.164.217:42881], old=null, confs=<EMPTY_MAP>
2019-11-05 08:34:22,123 [pool-239-thread-1] INFO  server.RaftServerConfigKeys (ConfUtils.java:logGet(43)) - raft.server.storage.dir = [/workdir/hadoop-ozone/integration-test/target/test-dir/MiniOzoneClusterImpl-c1ac3406-7bea-4748-bbf9-a747646a8bff/datanode-9/data/ratis] (custom)
2019-11-05 08:34:22,124 [pool-239-thread-1] INFO  server.RaftServerConfigKeys (ConfUtils.java:logGet(43)) - raft.server.log.corruption.policy = EXCEPTION (default)
2019-11-05 08:34:22,124 [pool-239-thread-1] INFO  storage.RaftStorageDirectory (RaftStorageDirectory.java:analyzeStorage(246)) - The storage directory /workdir/hadoop-ozone/integration-test/target/test-dir/MiniOzoneClusterImpl-c1ac3406-7bea-4748-bbf9-a747646a8bff/datanode-9/data/ratis/053c10be-bd22-499a-9c57-9d7d9ca1327e does not exist. Creating ...
2019-11-05 08:34:22,128 [5d271ba9-e0f4-40ff-b9fc-f90f33adc13b@group-96AF9F8BC25D-LeaderElection418] INFO  impl.LeaderElection (LeaderElection.java:askForVotes(178)) - 5d271ba9-e0f4-40ff-b9fc-f90f33adc13b@group-96AF9F8BC25D-LeaderElection418: begin an election at term 3 for -1: [5d271ba9-e0f4-40ff-b9fc-f90f33adc13b:192.168.164.217:46357, ac799505-d01b-4984-a491-73e044603a46:192.168.164.217:37555, fae5ccd0-edd9-4644-8d4e-9d507f6169bd:192.168.164.217:34224], old=null
2019-11-05 08:34:22,128 [fae5ccd0-edd9-4644-8d4e-9d507f6169bd@group-96AF9F8BC25D-LeaderElection417] INFO  impl.LeaderElection (LeaderElection.java:askForVotes(178)) - fae5ccd0-edd9-4644-8d4e-9d507f6169bd@group-96AF9F8BC25D-LeaderElection417: begin an election at term 3 for -1: [5d271ba9-e0f4-40ff-b9fc-f90f33adc13b:192.168.164.217:46357, ac799505-d01b-4984-a491-73e044603a46:192.168.164.217:37555, fae5ccd0-edd9-4644-8d4e-9d507f6169bd:192.168.164.217:34224], old=null
2019-11-05 08:34:22,128 [05ace5f9-a5b7-4bc6-b4fa-26d4e24ae00c@group-22B759B34DF7-LeaderElection416] INFO  impl.LeaderElection (LeaderElection.java:askForVotes(178)) - 05ace5f9-a5b7-4bc6-b4fa-26d4e24ae00c@group-22B759B34DF7-LeaderElection416: begin an election at term 1 for -1: [05ace5f9-a5b7-4bc6-b4fa-26d4e24ae00c:192.168.164.217:42356], old=null
2019-11-05 08:34:22,129 [05ace5f9-a5b7-4bc6-b4fa-26d4e24ae00c@group-22B759B34DF7-LeaderElection416] INFO  impl.RoleInfo (RoleInfo.java:shutdownLeaderElection(134)) - 05ace5f9-a5b7-4bc6-b4fa-26d4e24ae00c: shutdown LeaderElection
2019-11-05 08:34:22,129 [05ace5f9-a5b7-4bc6-b4fa-26d4e24ae00c@group-22B759B34DF7-LeaderElection416] INFO  impl.RaftServerImpl (RaftServerImpl.java:setRole(184)) - 05ace5f9-a5b7-4bc6-b4fa-26d4e24ae00c@group-22B759B34DF7: changes role from CANDIDATE to LEADER at term 1 for changeToLeader
2019-11-05 08:34:22,129 [05ace5f9-a5b7-4bc6-b4fa-26d4e24ae00c@group-22B759B34DF7-LeaderElection416] INFO  impl.RaftServerImpl (ServerState.java:setLeader(256)) - 05ace5f9-a5b7-4bc6-b4fa-26d4e24ae00c@group-22B759B34DF7: change Leader from null to 05ace5f9-a5b7-4bc6-b4fa-26d4e24ae00c at term 1 for becomeLeader, leader elected after 89ms
2019-11-05 08:34:22,129 [05ace5f9-a5b7-4bc6-b4fa-26d4e24ae00c@group-22B759B34DF7-LeaderElection416] INFO  server.RaftServerConfigKeys (ConfUtils.java:logGet(43)) - raft.server.staging.catchup.gap = 1000 (default)
2019-11-05 08:34:22,129 [05ace5f9-a5b7-4bc6-b4fa-26d4e24ae00c@group-22B759B34DF7-LeaderElection416] INFO  server.RaftServerConfigKeys (ConfUtils.java:logGet(43)) - raft.server.rpc.sleep.time = 25ms (default)
2019-11-05 08:34:22,129 [05ace5f9-a5b7-4bc6-b4fa-26d4e24ae00c@group-22B759B34DF7-LeaderElection416] INFO  server.RaftServerConfigKeys (ConfUtils.java:logGet(43)) - raft.server.write.element-limit = 4096 (default)
2019-11-05 08:34:22,130 [05ace5f9-a5b7-4bc6-b4fa-26d4e24ae00c@group-22B759B34DF7-LeaderElection416] INFO  server.RaftServerConfigKeys (ConfUtils.java:logGet(43)) - raft.server.watch.timeout = 10s (default)
2019-11-05 08:34:22,130 [05ace5f9-a5b7-4bc6-b4fa-26d4e24ae00c@group-22B759B34DF7-LeaderElection416] INFO  server.RaftServerConfigKeys (ConfUtils.java:logGet(43)) - raft.server.watch.timeout.denomination = 1s (default)
2019-11-05 08:34:22,130 [grpc-default-executor-15] INFO  impl.RaftServerImpl (RaftServerImpl.java:setRole(184)) - ac799505-d01b-4984-a491-73e044603a46@group-96AF9F8BC25D: changes role from  FOLLOWER to FOLLOWER at term 3 for recognizeCandidate:5d271ba9-e0f4-40ff-b9fc-f90f33adc13b
2019-11-05 08:34:22,130 [05ace5f9-a5b7-4bc6-b4fa-26d4e24ae00c@group-22B759B34DF7-LeaderElection416] INFO  server.RaftServerConfigKeys (ConfUtils.java:logGet(43)) - raft.server.watch.element-limit = 65536 (default)
2019-11-05 08:34:22,130 [grpc-default-executor-15] INFO  impl.RoleInfo (RoleInfo.java:shutdownFollowerState(121)) - ac799505-d01b-4984-a491-73e044603a46: shutdown FollowerState
2019-11-05 08:34:22,130 [grpc-default-executor-15] INFO  impl.RoleInfo (RoleInfo.java:updateAndGet(143)) - ac799505-d01b-4984-a491-73e044603a46: start FollowerState
2019-11-05 08:34:22,130 [Thread-3407] INFO  impl.FollowerState (FollowerState.java:run(117)) - ac799505-d01b-4984-a491-73e044603a46@group-96AF9F8BC25D-FollowerState was interrupted: java.lang.InterruptedException: sleep interrupted
2019-11-05 08:34:22,131 [pool-239-thread-1] INFO  storage.RaftStorageDirectory (RaftStorageDirectory.java:tryLock(328)) - Lock on /workdir/hadoop-ozone/integration-test/target/test-dir/MiniOzoneClusterImpl-c1ac3406-7bea-4748-bbf9-a747646a8bff/datanode-9/data/ratis/053c10be-bd22-499a-9c57-9d7d9ca1327e/in_use.lock acquired by nodename 19585@pr-hdds-1643-8bmlk-2934350033
2019-11-05 08:34:22,132 [05ace5f9-a5b7-4bc6-b4fa-26d4e24ae00c@group-22B759B34DF7-LeaderElection416] INFO  impl.RoleInfo (RoleInfo.java:updateAndGet(143)) - 05ace5f9-a5b7-4bc6-b4fa-26d4e24ae00c: start LeaderState
2019-11-05 08:34:22,132 [05ace5f9-a5b7-4bc6-b4fa-26d4e24ae00c@group-22B759B34DF7-LeaderElection416] INFO  segmented.SegmentedRaftLogWorker (SegmentedRaftLogWorker.java:startLogSegment(385)) - 05ace5f9-a5b7-4bc6-b4fa-26d4e24ae00c@group-22B759B34DF7-SegmentedRaftLogWorker: Starting segment from index:0
2019-11-05 08:34:22,133 [05ace5f9-a5b7-4bc6-b4fa-26d4e24ae00c@group-22B759B34DF7-LeaderElection416] INFO  impl.RaftServerImpl (ServerState.java:setRaftConf(357)) - 05ace5f9-a5b7-4bc6-b4fa-26d4e24ae00c@group-22B759B34DF7: set configuration 0: [05ace5f9-a5b7-4bc6-b4fa-26d4e24ae00c:192.168.164.217:42356], old=null at 0
2019-11-05 08:34:22,134 [grpc-default-executor-13] INFO  impl.RaftServerImpl (RaftServerImpl.java:setRole(184)) - ac799505-d01b-4984-a491-73e044603a46@group-96AF9F8BC25D: changes role from  FOLLOWER to FOLLOWER at term 3 for recognizeCandidate:fae5ccd0-edd9-4644-8d4e-9d507f6169bd
2019-11-05 08:34:22,134 [grpc-default-executor-13] INFO  impl.RoleInfo (RoleInfo.java:shutdownFollowerState(121)) - ac799505-d01b-4984-a491-73e044603a46: shutdown FollowerState
2019-11-05 08:34:22,134 [5d271ba9-e0f4-40ff-b9fc-f90f33adc13b@group-96AF9F8BC25D-LeaderElection418] INFO  impl.LeaderElection (LeaderElection.java:logAndReturn(56)) - 5d271ba9-e0f4-40ff-b9fc-f90f33adc13b@group-96AF9F8BC25D-LeaderElection418: Election REJECTED; received 2 response(s) [5d271ba9-e0f4-40ff-b9fc-f90f33adc13b<-ac799505-d01b-4984-a491-73e044603a46#0:FAIL-t3, 5d271ba9-e0f4-40ff-b9fc-f90f33adc13b<-fae5ccd0-edd9-4644-8d4e-9d507f6169bd#0:FAIL-t3] and 0 exception(s); 5d271ba9-e0f4-40ff-b9fc-f90f33adc13b@group-96AF9F8BC25D:t3, leader=null, voted=5d271ba9-e0f4-40ff-b9fc-f90f33adc13b, raftlog=5d271ba9-e0f4-40ff-b9fc-f90f33adc13b@group-96AF9F8BC25D-SegmentedRaftLog:OPENED:c-1,f-1,i0, conf=-1: [5d271ba9-e0f4-40ff-b9fc-f90f33adc13b:192.168.164.217:46357, ac799505-d01b-4984-a491-73e044603a46:192.168.164.217:37555, fae5ccd0-edd9-4644-8d4e-9d507f6169bd:192.168.164.217:34224], old=null
2019-11-05 08:34:22,134 [Thread-3430] INFO  impl.FollowerState (FollowerState.java:run(117)) - ac799505-d01b-4984-a491-73e044603a46@group-96AF9F8BC25D-FollowerState was interrupted: java.lang.InterruptedException: sleep interrupted
2019-11-05 08:34:22,134 [grpc-default-executor-13] INFO  impl.RoleInfo (RoleInfo.java:updateAndGet(143)) - ac799505-d01b-4984-a491-73e044603a46: start FollowerState
2019-11-05 08:34:22,134 [5d271ba9-e0f4-40ff-b9fc-f90f33adc13b@group-96AF9F8BC25D-LeaderElection418] INFO  impl.RaftServerImpl (RaftServerImpl.java:setRole(184)) - 5d271ba9-e0f4-40ff-b9fc-f90f33adc13b@group-96AF9F8BC25D: changes role from CANDIDATE to FOLLOWER at term 3 for DISCOVERED_A_NEW_TERM
2019-11-05 08:34:22,135 [5d271ba9-e0f4-40ff-b9fc-f90f33adc13b@group-96AF9F8BC25D-LeaderElection418] INFO  impl.RoleInfo (RoleInfo.java:shutdownLeaderElection(134)) - 5d271ba9-e0f4-40ff-b9fc-f90f33adc13b: shutdown LeaderElection
2019-11-05 08:34:22,135 [5d271ba9-e0f4-40ff-b9fc-f90f33adc13b@group-96AF9F8BC25D-LeaderElection418] INFO  impl.RoleInfo (RoleInfo.java:updateAndGet(143)) - 5d271ba9-e0f4-40ff-b9fc-f90f33adc13b: start FollowerState
2019-11-05 08:34:22,135 [fae5ccd0-edd9-4644-8d4e-9d507f6169bd@group-96AF9F8BC25D-LeaderElection417] INFO  impl.LeaderElection (LeaderElection.java:logAndReturn(56)) - fae5ccd0-edd9-4644-8d4e-9d507f6169bd@group-96AF9F8BC25D-LeaderElection417: Election REJECTED; received 2 response(s) [fae5ccd0-edd9-4644-8d4e-9d507f6169bd<-5d271ba9-e0f4-40ff-b9fc-f90f33adc13b#0:FAIL-t3, fae5ccd0-edd9-4644-8d4e-9d507f6169bd<-ac799505-d01b-4984-a491-73e044603a46#0:FAIL-t3] and 0 exception(s); fae5ccd0-edd9-4644-8d4e-9d507f6169bd@group-96AF9F8BC25D:t3, leader=null, voted=fae5ccd0-edd9-4644-8d4e-9d507f6169bd, raftlog=fae5ccd0-edd9-4644-8d4e-9d507f6169bd@group-96AF9F8BC25D-SegmentedRaftLog:OPENED:c-1,f-1,i0, conf=-1: [5d271ba9-e0f4-40ff-b9fc-f90f33adc13b:192.168.164.217:46357, ac799505-d01b-4984-a491-73e044603a46:192.168.164.217:37555, fae5ccd0-edd9-4644-8d4e-9d507f6169bd:192.168.164.217:34224], old=null
2019-11-05 08:34:22,135 [fae5ccd0-edd9-4644-8d4e-9d507f6169bd@group-96AF9F8BC25D-LeaderElection417] INFO  impl.RaftServerImpl (RaftServerImpl.java:setRole(184)) - fae5ccd0-edd9-4644-8d4e-9d507f6169bd@group-96AF9F8BC25D: changes role from CANDIDATE to FOLLOWER at term 3 for DISCOVERED_A_NEW_TERM
2019-11-05 08:34:22,136 [fae5ccd0-edd9-4644-8d4e-9d507f6169bd@group-96AF9F8BC25D-LeaderElection417] INFO  impl.RoleInfo (RoleInfo.java:shutdownLeaderElection(134)) - fae5ccd0-edd9-4644-8d4e-9d507f6169bd: shutdown LeaderElection
2019-11-05 08:34:22,136 [fae5ccd0-edd9-4644-8d4e-9d507f6169bd@group-96AF9F8BC25D-LeaderElection417] INFO  impl.RoleInfo (RoleInfo.java:updateAndGet(143)) - fae5ccd0-edd9-4644-8d4e-9d507f6169bd: start FollowerState
2019-11-05 08:34:22,136 [pool-239-thread-1] INFO  storage.RaftStorage (RaftStorage.java:format(84)) - Storage directory /workdir/hadoop-ozone/integration-test/target/test-dir/MiniOzoneClusterImpl-c1ac3406-7bea-4748-bbf9-a747646a8bff/datanode-9/data/ratis/053c10be-bd22-499a-9c57-9d7d9ca1327e has been successfully formatted.
2019-11-05 08:34:22,136 [pool-239-thread-1] INFO  ratis.ContainerStateMachine (ContainerStateMachine.java:loadSnapshot(231)) - group-9D7D9CA1327E: The snapshot info is null. Setting the last applied indexto:(t:0, i:~)
2019-11-05 08:34:22,136 [pool-239-thread-1] INFO  server.RaftServerConfigKeys (ConfUtils.java:logGet(43)) - raft.server.notification.no-leader.timeout = 120s (custom)
2019-11-05 08:34:22,136 [pool-239-thread-1] INFO  server.RaftServerConfigKeys (ConfUtils.java:logGet(43)) - raft.server.log.use.memory = false (default)
2019-11-05 08:34:22,136 [pool-239-thread-1] INFO  server.RaftServerConfigKeys (ConfUtils.java:logGet(43)) - raft.server.log.purge.gap = 1000000 (custom)
2019-11-05 08:34:22,137 [pool-239-thread-1] INFO  server.RaftServerConfigKeys (ConfUtils.java:logGet(43)) - raft.server.log.appender.buffer.byte-limit = 33554432 (custom)
2019-11-05 08:34:22,137 [pool-239-thread-1] INFO  server.RaftServerConfigKeys (ConfUtils.java:logGet(43)) - raft.server.log.segment.size.max = 1048576 (custom)
2019-11-05 08:34:22,138 [pool-239-thread-1] INFO  server.RaftServerConfigKeys (ConfUtils.java:logGet(43)) - raft.server.log.segment.cache.num.max = 2 (custom)
2019-11-05 08:34:22,138 [pool-239-thread-1] INFO  segmented.SegmentedRaftLogWorker (SegmentedRaftLogWorker.java:<init>(173)) - new ce6aaef5-0e62-4cca-9483-e7266dc5c7be@group-9D7D9CA1327E-SegmentedRaftLogWorker for RaftStorage:Storage Directory /workdir/hadoop-ozone/integration-test/target/test-dir/MiniOzoneClusterImpl-c1ac3406-7bea-4748-bbf9-a747646a8bff/datanode-9/data/ratis/053c10be-bd22-499a-9c57-9d7d9ca1327e
2019-11-05 08:34:22,138 [pool-239-thread-1] INFO  server.RaftServerConfigKeys (ConfUtils.java:logGet(43)) - raft.server.log.queue.byte-limit = 2147483647 (custom)
2019-11-05 08:34:22,138 [pool-239-thread-1] INFO  server.RaftServerConfigKeys (ConfUtils.java:logGet(43)) - raft.server.log.queue.element-limit = 1024 (custom)
2019-11-05 08:34:22,138 [pool-239-thread-1] INFO  server.RaftServerConfigKeys (ConfUtils.java:logGet(43)) - raft.server.log.segment.size.max = 1048576 (custom)
2019-11-05 08:34:22,138 [pool-239-thread-1] INFO  server.RaftServerConfigKeys (ConfUtils.java:logGet(43)) - raft.server.log.preallocated.size = 16384 (custom)
2019-11-05 08:34:22,138 [pool-239-thread-1] INFO  server.RaftServerConfigKeys (ConfUtils.java:logGet(43)) - raft.server.log.write.buffer.size = 33554432 (custom)
2019-11-05 08:34:22,138 [pool-239-thread-1] INFO  server.RaftServerConfigKeys (ConfUtils.java:logGet(43)) - raft.server.log.force.sync.num = 128 (default)
2019-11-05 08:34:22,139 [pool-239-thread-1] INFO  server.RaftServerConfigKeys (ConfUtils.java:logGet(43)) - raft.server.log.statemachine.data.sync = true (default)
2019-11-05 08:34:22,139 [pool-239-thread-1] INFO  server.RaftServerConfigKeys (ConfUtils.java:logGet(43)) - raft.server.log.statemachine.data.sync.timeout = 10s (default)
2019-11-05 08:34:22,139 [pool-239-thread-1] INFO  server.RaftServerConfigKeys (ConfUtils.java:logGet(43)) - raft.server.log.statemachine.data.sync.timeout.retry = -1 (default)
2019-11-05 08:34:22,139 [pool-239-thread-1] INFO  server.RaftServerConfigKeys (ConfUtils.java:logGet(43)) - raft.server.log.statemachine.data.caching.enabled = true (custom)
2019-11-05 08:34:22,139 [pool-239-thread-1] INFO  segmented.SegmentedRaftLogWorker (SegmentedRaftLogWorker.java:lambda$new$0(128)) - ce6aaef5-0e62-4cca-9483-e7266dc5c7be@group-9D7D9CA1327E-SegmentedRaftLogWorker: flushIndex: setUnconditionally 0 -> -1
2019-11-05 08:34:22,140 [pool-239-thread-1] INFO  server.RaftServerConfigKeys (ConfUtils.java:logGet(43)) - raft.server.snapshot.auto.trigger.enabled = true (custom)
2019-11-05 08:34:22,140 [pool-239-thread-1] INFO  server.RaftServerConfigKeys (ConfUtils.java:logGet(43)) - raft.server.snapshot.auto.trigger.threshold = 10000 (custom)
2019-11-05 08:34:22,140 [pool-239-thread-1] INFO  server.RaftServerConfigKeys (ConfUtils.java:logGet(43)) - raft.server.snapshot.retention.file.num = 5 (custom)
2019-11-05 08:34:22,140 [pool-239-thread-1] INFO  server.RaftServerConfigKeys (ConfUtils.java:logGet(43)) - raft.server.retrycache.expirytime = 600000ms (custom)
2019-11-05 08:34:22,142 [pool-239-thread-1] INFO  impl.RaftServerImpl (RaftServerImpl.java:start(195)) - ce6aaef5-0e62-4cca-9483-e7266dc5c7be@group-9D7D9CA1327E: start as a follower, conf=-1: [ce6aaef5-0e62-4cca-9483-e7266dc5c7be:192.168.164.217:42881], old=null
2019-11-05 08:34:22,142 [pool-239-thread-1] INFO  impl.RaftServerImpl (RaftServerImpl.java:setRole(184)) - ce6aaef5-0e62-4cca-9483-e7266dc5c7be@group-9D7D9CA1327E: changes role from      null to FOLLOWER at term 0 for startAsFollower
2019-11-05 08:34:22,142 [pool-239-thread-1] INFO  impl.RoleInfo (RoleInfo.java:updateAndGet(143)) - ce6aaef5-0e62-4cca-9483-e7266dc5c7be: start FollowerState
2019-11-05 08:34:22,143 [pool-239-thread-1] INFO  util.JmxRegister (JmxRegister.java:tryRegister(44)) - Successfully registered JMX Bean with object name Ratis:service=RaftServer,group=group-9D7D9CA1327E,id=ce6aaef5-0e62-4cca-9483-e7266dc5c7be
2019-11-05 08:34:22,146 [RatisPipelineUtilsThread] INFO  pipeline.PipelineStateManager (PipelineStateManager.java:addPipeline(56)) - Created pipeline Pipeline[ Id: 053c10be-bd22-499a-9c57-9d7d9ca1327e, Nodes: ce6aaef5-0e62-4cca-9483-e7266dc5c7be{ip: 192.168.164.217, host: pr-hdds-1643-8bmlk-2934350033, networkLocation: /rack1, certSerialId: null}, Type:RATIS, Factor:ONE, State:OPEN]
2019-11-05 08:34:22,176 [grpc-default-executor-13] INFO  impl.RaftServerProxy (RaftServerProxy.java:addNew(89)) - 2f0028df-de82-48c4-92fd-bfd4b7dbba36: addNew group-D888EF4A044B:[2f0028df-de82-48c4-92fd-bfd4b7dbba36:192.168.164.217:39697] returns group-D888EF4A044B:java.util.concurrent.CompletableFuture@7261fd25[Not completed]
2019-11-05 08:34:22,176 [Thread-3433] INFO  impl.FollowerState (FollowerState.java:run(108)) - fae5ccd0-edd9-4644-8d4e-9d507f6169bd@group-96AF9F8BC25D-FollowerState: change to CANDIDATE, lastRpcTime:39ms, electionTimeout:30ms
2019-11-05 08:34:22,176 [Thread-3433] INFO  impl.RoleInfo (RoleInfo.java:shutdownFollowerState(121)) - fae5ccd0-edd9-4644-8d4e-9d507f6169bd: shutdown FollowerState
2019-11-05 08:34:22,176 [Thread-3433] INFO  impl.RaftServerImpl (RaftServerImpl.java:setRole(184)) - fae5ccd0-edd9-4644-8d4e-9d507f6169bd@group-96AF9F8BC25D: changes role from  FOLLOWER to CANDIDATE at term 3 for changeToCandidate
2019-11-05 08:34:22,176 [Thread-3433] INFO  impl.RoleInfo (RoleInfo.java:updateAndGet(143)) - fae5ccd0-edd9-4644-8d4e-9d507f6169bd: start LeaderElection
2019-11-05 08:34:22,177 [pool-229-thread-1] INFO  impl.RaftServerImpl (RaftServerImpl.java:<init>(104)) - 2f0028df-de82-48c4-92fd-bfd4b7dbba36: new RaftServerImpl for group-D888EF4A044B:[2f0028df-de82-48c4-92fd-bfd4b7dbba36:192.168.164.217:39697] with ContainerStateMachine:uninitialized
2019-11-05 08:34:22,178 [pool-229-thread-1] INFO  server.RaftServerConfigKeys (ConfUtils.java:logGet(43)) - raft.server.rpc.timeout.min = 1s (custom)
2019-11-05 08:34:22,178 [pool-229-thread-1] INFO  server.RaftServerConfigKeys (ConfUtils.java:logGet(43)) - raft.server.rpc.timeout.max = 1200ms (custom)
2019-11-05 08:34:22,178 [pool-229-thread-1] INFO  server.RaftServerConfigKeys (ConfUtils.java:logGet(43)) - raft.server.rpcslowness.timeout = 120s (custom)
2019-11-05 08:34:22,178 [pool-229-thread-1] INFO  server.RaftServerConfigKeys (ConfUtils.java:logGet(43)) - raft.server.sleep.deviation.threshold = 300 (default)
2019-11-05 08:34:22,178 [pool-229-thread-1] INFO  server.RaftServerConfigKeys (ConfUtils.java:logGet(43)) - raft.server.log.appender.install.snapshot.enabled = false (custom)
2019-11-05 08:34:22,178 [pool-229-thread-1] INFO  impl.RaftServerImpl (ServerState.java:<init>(103)) - 2f0028df-de82-48c4-92fd-bfd4b7dbba36@group-D888EF4A044B: ConfigurationManager, init=-1: [2f0028df-de82-48c4-92fd-bfd4b7dbba36:192.168.164.217:39697], old=null, confs=<EMPTY_MAP>
2019-11-05 08:34:22,178 [pool-229-thread-1] INFO  server.RaftServerConfigKeys (ConfUtils.java:logGet(43)) - raft.server.storage.dir = [/workdir/hadoop-ozone/integration-test/target/test-dir/MiniOzoneClusterImpl-c1ac3406-7bea-4748-bbf9-a747646a8bff/datanode-8/data/ratis] (custom)
2019-11-05 08:34:22,178 [pool-229-thread-1] INFO  server.RaftServerConfigKeys (ConfUtils.java:logGet(43)) - raft.server.log.corruption.policy = EXCEPTION (default)
2019-11-05 08:34:22,179 [pool-229-thread-1] INFO  storage.RaftStorageDirectory (RaftStorageDirectory.java:analyzeStorage(246)) - The storage directory /workdir/hadoop-ozone/integration-test/target/test-dir/MiniOzoneClusterImpl-c1ac3406-7bea-4748-bbf9-a747646a8bff/datanode-8/data/ratis/9500fbb3-24f6-4875-9a17-d888ef4a044b does not exist. Creating ...
2019-11-05 08:34:22,180 [05ace5f9-a5b7-4bc6-b4fa-26d4e24ae00c@group-22B759B34DF7-SegmentedRaftLogWorker] INFO  segmented.SegmentedRaftLogWorker (SegmentedRaftLogWorker.java:execute(576)) - 05ace5f9-a5b7-4bc6-b4fa-26d4e24ae00c@group-22B759B34DF7-SegmentedRaftLogWorker: created new log segment /workdir/hadoop-ozone/integration-test/target/test-dir/MiniOzoneClusterImpl-c1ac3406-7bea-4748-bbf9-a747646a8bff/datanode-6/data/ratis/fd6bf365-8d7b-4951-94b4-22b759b34df7/current/log_inprogress_0
2019-11-05 08:34:22,184 [pool-229-thread-1] INFO  storage.RaftStorageDirectory (RaftStorageDirectory.java:tryLock(328)) - Lock on /workdir/hadoop-ozone/integration-test/target/test-dir/MiniOzoneClusterImpl-c1ac3406-7bea-4748-bbf9-a747646a8bff/datanode-8/data/ratis/9500fbb3-24f6-4875-9a17-d888ef4a044b/in_use.lock acquired by nodename 19585@pr-hdds-1643-8bmlk-2934350033
2019-11-05 08:34:22,184 [fae5ccd0-edd9-4644-8d4e-9d507f6169bd@group-96AF9F8BC25D-LeaderElection419] INFO  impl.LeaderElection (LeaderElection.java:askForVotes(178)) - fae5ccd0-edd9-4644-8d4e-9d507f6169bd@group-96AF9F8BC25D-LeaderElection419: begin an election at term 4 for -1: [5d271ba9-e0f4-40ff-b9fc-f90f33adc13b:192.168.164.217:46357, ac799505-d01b-4984-a491-73e044603a46:192.168.164.217:37555, fae5ccd0-edd9-4644-8d4e-9d507f6169bd:192.168.164.217:34224], old=null
2019-11-05 08:34:22,185 [grpc-default-executor-13] INFO  impl.RaftServerImpl (RaftServerImpl.java:setRole(184)) - 5d271ba9-e0f4-40ff-b9fc-f90f33adc13b@group-96AF9F8BC25D: changes role from  FOLLOWER to FOLLOWER at term 4 for recognizeCandidate:fae5ccd0-edd9-4644-8d4e-9d507f6169bd
2019-11-05 08:34:22,185 [grpc-default-executor-15] INFO  impl.RaftServerImpl (RaftServerImpl.java:setRole(184)) - ac799505-d01b-4984-a491-73e044603a46@group-96AF9F8BC25D: changes role from  FOLLOWER to FOLLOWER at term 4 for recognizeCandidate:fae5ccd0-edd9-4644-8d4e-9d507f6169bd
2019-11-05 08:34:22,186 [grpc-default-executor-15] INFO  impl.RoleInfo (RoleInfo.java:shutdownFollowerState(121)) - ac799505-d01b-4984-a491-73e044603a46: shutdown FollowerState
2019-11-05 08:34:22,185 [grpc-default-executor-13] INFO  impl.RoleInfo (RoleInfo.java:shutdownFollowerState(121)) - 5d271ba9-e0f4-40ff-b9fc-f90f33adc13b: shutdown FollowerState
2019-11-05 08:34:22,186 [Thread-3431] INFO  impl.FollowerState (FollowerState.java:run(117)) - ac799505-d01b-4984-a491-73e044603a46@group-96AF9F8BC25D-FollowerState was interrupted: java.lang.InterruptedException: sleep interrupted
2019-11-05 08:34:22,186 [grpc-default-executor-15] INFO  impl.RoleInfo (RoleInfo.java:updateAndGet(143)) - ac799505-d01b-4984-a491-73e044603a46: start FollowerState
2019-11-05 08:34:22,186 [Thread-3432] INFO  impl.FollowerState (FollowerState.java:run(117)) - 5d271ba9-e0f4-40ff-b9fc-f90f33adc13b@group-96AF9F8BC25D-FollowerState was interrupted: java.lang.InterruptedException: sleep interrupted
2019-11-05 08:34:22,186 [grpc-default-executor-13] INFO  impl.RoleInfo (RoleInfo.java:updateAndGet(143)) - 5d271ba9-e0f4-40ff-b9fc-f90f33adc13b: start FollowerState
2019-11-05 08:34:22,204 [pool-229-thread-1] INFO  storage.RaftStorage (RaftStorage.java:format(84)) - Storage directory /workdir/hadoop-ozone/integration-test/target/test-dir/MiniOzoneClusterImpl-c1ac3406-7bea-4748-bbf9-a747646a8bff/datanode-8/data/ratis/9500fbb3-24f6-4875-9a17-d888ef4a044b has been successfully formatted.
2019-11-05 08:34:22,205 [pool-229-thread-1] INFO  ratis.ContainerStateMachine (ContainerStateMachine.java:loadSnapshot(231)) - group-D888EF4A044B: The snapshot info is null. Setting the last applied indexto:(t:0, i:~)
2019-11-05 08:34:22,205 [pool-229-thread-1] INFO  server.RaftServerConfigKeys (ConfUtils.java:logGet(43)) - raft.server.notification.no-leader.timeout = 120s (custom)
2019-11-05 08:34:22,205 [pool-229-thread-1] INFO  server.RaftServerConfigKeys (ConfUtils.java:logGet(43)) - raft.server.log.use.memory = false (default)
2019-11-05 08:34:22,205 [pool-229-thread-1] INFO  server.RaftServerConfigKeys (ConfUtils.java:logGet(43)) - raft.server.log.purge.gap = 1000000 (custom)
2019-11-05 08:34:22,205 [fae5ccd0-edd9-4644-8d4e-9d507f6169bd@group-96AF9F8BC25D-LeaderElection419] INFO  impl.LeaderElection (LeaderElection.java:logAndReturn(56)) - fae5ccd0-edd9-4644-8d4e-9d507f6169bd@group-96AF9F8BC25D-LeaderElection419: Election PASSED; received 2 response(s) [fae5ccd0-edd9-4644-8d4e-9d507f6169bd<-5d271ba9-e0f4-40ff-b9fc-f90f33adc13b#0:OK-t4, fae5ccd0-edd9-4644-8d4e-9d507f6169bd<-ac799505-d01b-4984-a491-73e044603a46#0:FAIL-t4] and 0 exception(s); fae5ccd0-edd9-4644-8d4e-9d507f6169bd@group-96AF9F8BC25D:t4, leader=null, voted=fae5ccd0-edd9-4644-8d4e-9d507f6169bd, raftlog=fae5ccd0-edd9-4644-8d4e-9d507f6169bd@group-96AF9F8BC25D-SegmentedRaftLog:OPENED:c-1,f-1,i0, conf=-1: [5d271ba9-e0f4-40ff-b9fc-f90f33adc13b:192.168.164.217:46357, ac799505-d01b-4984-a491-73e044603a46:192.168.164.217:37555, fae5ccd0-edd9-4644-8d4e-9d507f6169bd:192.168.164.217:34224], old=null
2019-11-05 08:34:22,205 [pool-229-thread-1] INFO  server.RaftServerConfigKeys (ConfUtils.java:logGet(43)) - raft.server.log.appender.buffer.byte-limit = 33554432 (custom)
2019-11-05 08:34:22,205 [fae5ccd0-edd9-4644-8d4e-9d507f6169bd@group-96AF9F8BC25D-LeaderElection419] INFO  impl.RoleInfo (RoleInfo.java:shutdownLeaderElection(134)) - fae5ccd0-edd9-4644-8d4e-9d507f6169bd: shutdown LeaderElection
2019-11-05 08:34:22,205 [pool-229-thread-1] INFO  server.RaftServerConfigKeys (ConfUtils.java:logGet(43)) - raft.server.log.segment.size.max = 1048576 (custom)
2019-11-05 08:34:22,205 [fae5ccd0-edd9-4644-8d4e-9d507f6169bd@group-96AF9F8BC25D-LeaderElection419] INFO  impl.RaftServerImpl (RaftServerImpl.java:setRole(184)) - fae5ccd0-edd9-4644-8d4e-9d507f6169bd@group-96AF9F8BC25D: changes role from CANDIDATE to LEADER at term 4 for changeToLeader
2019-11-05 08:34:22,205 [fae5ccd0-edd9-4644-8d4e-9d507f6169bd@group-96AF9F8BC25D-LeaderElection419] INFO  impl.RaftServerImpl (ServerState.java:setLeader(256)) - fae5ccd0-edd9-4644-8d4e-9d507f6169bd@group-96AF9F8BC25D: change Leader from null to fae5ccd0-edd9-4644-8d4e-9d507f6169bd at term 4 for becomeLeader, leader elected after 595ms
2019-11-05 08:34:22,205 [fae5ccd0-edd9-4644-8d4e-9d507f6169bd@group-96AF9F8BC25D-LeaderElection419] INFO  server.RaftServerConfigKeys (ConfUtils.java:logGet(43)) - raft.server.staging.catchup.gap = 1000 (default)
2019-11-05 08:34:22,206 [fae5ccd0-edd9-4644-8d4e-9d507f6169bd@group-96AF9F8BC25D-LeaderElection419] INFO  server.RaftServerConfigKeys (ConfUtils.java:logGet(43)) - raft.server.rpc.sleep.time = 25ms (default)
2019-11-05 08:34:22,206 [fae5ccd0-edd9-4644-8d4e-9d507f6169bd@group-96AF9F8BC25D-LeaderElection419] INFO  server.RaftServerConfigKeys (ConfUtils.java:logGet(43)) - raft.server.write.element-limit = 4096 (default)
2019-11-05 08:34:22,206 [fae5ccd0-edd9-4644-8d4e-9d507f6169bd@group-96AF9F8BC25D-LeaderElection419] INFO  server.RaftServerConfigKeys (ConfUtils.java:logGet(43)) - raft.server.watch.timeout = 10s (default)
2019-11-05 08:34:22,206 [fae5ccd0-edd9-4644-8d4e-9d507f6169bd@group-96AF9F8BC25D-LeaderElection419] INFO  server.RaftServerConfigKeys (ConfUtils.java:logGet(43)) - raft.server.watch.timeout.denomination = 1s (default)
2019-11-05 08:34:22,206 [fae5ccd0-edd9-4644-8d4e-9d507f6169bd@group-96AF9F8BC25D-LeaderElection419] INFO  server.RaftServerConfigKeys (ConfUtils.java:logGet(43)) - raft.server.watch.element-limit = 65536 (default)
2019-11-05 08:34:22,206 [pool-229-thread-1] INFO  server.RaftServerConfigKeys (ConfUtils.java:logGet(43)) - raft.server.log.segment.cache.num.max = 2 (custom)
2019-11-05 08:34:22,207 [pool-229-thread-1] INFO  segmented.SegmentedRaftLogWorker (SegmentedRaftLogWorker.java:<init>(173)) - new 2f0028df-de82-48c4-92fd-bfd4b7dbba36@group-D888EF4A044B-SegmentedRaftLogWorker for RaftStorage:Storage Directory /workdir/hadoop-ozone/integration-test/target/test-dir/MiniOzoneClusterImpl-c1ac3406-7bea-4748-bbf9-a747646a8bff/datanode-8/data/ratis/9500fbb3-24f6-4875-9a17-d888ef4a044b
2019-11-05 08:34:22,207 [pool-229-thread-1] INFO  server.RaftServerConfigKeys (ConfUtils.java:logGet(43)) - raft.server.log.queue.byte-limit = 2147483647 (custom)
2019-11-05 08:34:22,207 [pool-229-thread-1] INFO  server.RaftServerConfigKeys (ConfUtils.java:logGet(43)) - raft.server.log.queue.element-limit = 1024 (custom)
2019-11-05 08:34:22,207 [pool-229-thread-1] INFO  server.RaftServerConfigKeys (ConfUtils.java:logGet(43)) - raft.server.log.segment.size.max = 1048576 (custom)
2019-11-05 08:34:22,207 [pool-229-thread-1] INFO  server.RaftServerConfigKeys (ConfUtils.java:logGet(43)) - raft.server.log.preallocated.size = 16384 (custom)
2019-11-05 08:34:22,207 [pool-229-thread-1] INFO  server.RaftServerConfigKeys (ConfUtils.java:logGet(43)) - raft.server.log.write.buffer.size = 33554432 (custom)
2019-11-05 08:34:22,207 [pool-229-thread-1] INFO  server.RaftServerConfigKeys (ConfUtils.java:logGet(43)) - raft.server.log.force.sync.num = 128 (default)
2019-11-05 08:34:22,207 [pool-229-thread-1] INFO  server.RaftServerConfigKeys (ConfUtils.java:logGet(43)) - raft.server.log.statemachine.data.sync = true (default)
2019-11-05 08:34:22,207 [pool-229-thread-1] INFO  server.RaftServerConfigKeys (ConfUtils.java:logGet(43)) - raft.server.log.statemachine.data.sync.timeout = 10s (default)
2019-11-05 08:34:22,207 [pool-229-thread-1] INFO  server.RaftServerConfigKeys (ConfUtils.java:logGet(43)) - raft.server.log.statemachine.data.sync.timeout.retry = -1 (default)
2019-11-05 08:34:22,207 [fae5ccd0-edd9-4644-8d4e-9d507f6169bd@group-96AF9F8BC25D-LeaderElection419] INFO  server.RaftServerConfigKeys (ConfUtils.java:logGet(43)) - raft.server.log.appender.snapshot.chunk.size.max = 16MB (=16777216) (default)
2019-11-05 08:34:22,208 [fae5ccd0-edd9-4644-8d4e-9d507f6169bd@group-96AF9F8BC25D-LeaderElection419] INFO  server.RaftServerConfigKeys (ConfUtils.java:logGet(43)) - raft.server.log.appender.buffer.byte-limit = 33554432 (custom)
2019-11-05 08:34:22,208 [pool-229-thread-1] INFO  server.RaftServerConfigKeys (ConfUtils.java:logGet(43)) - raft.server.log.statemachine.data.caching.enabled = true (custom)
2019-11-05 08:34:22,208 [fae5ccd0-edd9-4644-8d4e-9d507f6169bd@group-96AF9F8BC25D-LeaderElection419] INFO  server.RaftServerConfigKeys (ConfUtils.java:logGet(43)) - raft.server.log.appender.buffer.element-limit = 1 (custom)
2019-11-05 08:34:22,208 [pool-229-thread-1] INFO  segmented.SegmentedRaftLogWorker (SegmentedRaftLogWorker.java:lambda$new$0(128)) - 2f0028df-de82-48c4-92fd-bfd4b7dbba36@group-D888EF4A044B-SegmentedRaftLogWorker: flushIndex: setUnconditionally 0 -> -1
2019-11-05 08:34:22,208 [fae5ccd0-edd9-4644-8d4e-9d507f6169bd@group-96AF9F8BC25D-LeaderElection419] INFO  grpc.GrpcConfigKeys$Server (ConfUtils.java:logGet(43)) - raft.grpc.server.leader.outstanding.appends.max = 128 (default)
2019-11-05 08:34:22,208 [fae5ccd0-edd9-4644-8d4e-9d507f6169bd@group-96AF9F8BC25D-LeaderElection419] INFO  server.RaftServerConfigKeys (ConfUtils.java:logGet(43)) - raft.server.rpc.request.timeout = 3000ms (default)
2019-11-05 08:34:22,208 [pool-229-thread-1] INFO  server.RaftServerConfigKeys (ConfUtils.java:logGet(43)) - raft.server.snapshot.auto.trigger.enabled = true (custom)
2019-11-05 08:34:22,208 [fae5ccd0-edd9-4644-8d4e-9d507f6169bd@group-96AF9F8BC25D-LeaderElection419] INFO  server.RaftServerConfigKeys (ConfUtils.java:logGet(43)) - raft.server.log.appender.install.snapshot.enabled = false (custom)
2019-11-05 08:34:22,208 [pool-229-thread-1] INFO  server.RaftServerConfigKeys (ConfUtils.java:logGet(43)) - raft.server.snapshot.auto.trigger.threshold = 10000 (custom)
2019-11-05 08:34:22,209 [pool-229-thread-1] INFO  server.RaftServerConfigKeys (ConfUtils.java:logGet(43)) - raft.server.snapshot.retention.file.num = 5 (custom)
2019-11-05 08:34:22,209 [pool-229-thread-1] INFO  server.RaftServerConfigKeys (ConfUtils.java:logGet(43)) - raft.server.retrycache.expirytime = 600000ms (custom)
2019-11-05 08:34:22,210 [fae5ccd0-edd9-4644-8d4e-9d507f6169bd@group-96AF9F8BC25D-LeaderElection419] INFO  server.RaftServerConfigKeys (ConfUtils.java:logGet(43)) - raft.server.log.appender.snapshot.chunk.size.max = 16MB (=16777216) (default)
2019-11-05 08:34:22,211 [fae5ccd0-edd9-4644-8d4e-9d507f6169bd@group-96AF9F8BC25D-LeaderElection419] INFO  server.RaftServerConfigKeys (ConfUtils.java:logGet(43)) - raft.server.log.appender.buffer.byte-limit = 33554432 (custom)
2019-11-05 08:34:22,211 [fae5ccd0-edd9-4644-8d4e-9d507f6169bd@group-96AF9F8BC25D-LeaderElection419] INFO  server.RaftServerConfigKeys (ConfUtils.java:logGet(43)) - raft.server.log.appender.buffer.element-limit = 1 (custom)
2019-11-05 08:34:22,211 [fae5ccd0-edd9-4644-8d4e-9d507f6169bd@group-96AF9F8BC25D-LeaderElection419] INFO  grpc.GrpcConfigKeys$Server (ConfUtils.java:logGet(43)) - raft.grpc.server.leader.outstanding.appends.max = 128 (default)
2019-11-05 08:34:22,211 [fae5ccd0-edd9-4644-8d4e-9d507f6169bd@group-96AF9F8BC25D-LeaderElection419] INFO  server.RaftServerConfigKeys (ConfUtils.java:logGet(43)) - raft.server.rpc.request.timeout = 3000ms (default)
2019-11-05 08:34:22,211 [fae5ccd0-edd9-4644-8d4e-9d507f6169bd@group-96AF9F8BC25D-LeaderElection419] INFO  server.RaftServerConfigKeys (ConfUtils.java:logGet(43)) - raft.server.log.appender.install.snapshot.enabled = false (custom)
2019-11-05 08:34:22,212 [pool-229-thread-1] INFO  impl.RaftServerImpl (RaftServerImpl.java:start(195)) - 2f0028df-de82-48c4-92fd-bfd4b7dbba36@group-D888EF4A044B: start as a follower, conf=-1: [2f0028df-de82-48c4-92fd-bfd4b7dbba36:192.168.164.217:39697], old=null
2019-11-05 08:34:22,212 [pool-229-thread-1] INFO  impl.RaftServerImpl (RaftServerImpl.java:setRole(184)) - 2f0028df-de82-48c4-92fd-bfd4b7dbba36@group-D888EF4A044B: changes role from      null to FOLLOWER at term 0 for startAsFollower
2019-11-05 08:34:22,212 [pool-229-thread-1] INFO  impl.RoleInfo (RoleInfo.java:updateAndGet(143)) - 2f0028df-de82-48c4-92fd-bfd4b7dbba36: start FollowerState
2019-11-05 08:34:22,212 [pool-229-thread-1] INFO  util.JmxRegister (JmxRegister.java:tryRegister(44)) - Successfully registered JMX Bean with object name Ratis:service=RaftServer,group=group-D888EF4A044B,id=2f0028df-de82-48c4-92fd-bfd4b7dbba36
2019-11-05 08:34:22,213 [fae5ccd0-edd9-4644-8d4e-9d507f6169bd@group-96AF9F8BC25D-LeaderElection419] INFO  impl.RoleInfo (RoleInfo.java:updateAndGet(143)) - fae5ccd0-edd9-4644-8d4e-9d507f6169bd: start LeaderState
2019-11-05 08:34:22,213 [fae5ccd0-edd9-4644-8d4e-9d507f6169bd@group-96AF9F8BC25D-LeaderElection419] INFO  segmented.SegmentedRaftLogWorker (SegmentedRaftLogWorker.java:startLogSegment(385)) - fae5ccd0-edd9-4644-8d4e-9d507f6169bd@group-96AF9F8BC25D-SegmentedRaftLogWorker: Starting segment from index:0
2019-11-05 08:34:22,213 [fae5ccd0-edd9-4644-8d4e-9d507f6169bd@group-96AF9F8BC25D-LeaderElection419] INFO  impl.RaftServerImpl (ServerState.java:setRaftConf(357)) - fae5ccd0-edd9-4644-8d4e-9d507f6169bd@group-96AF9F8BC25D: set configuration 0: [5d271ba9-e0f4-40ff-b9fc-f90f33adc13b:192.168.164.217:46357, ac799505-d01b-4984-a491-73e044603a46:192.168.164.217:37555, fae5ccd0-edd9-4644-8d4e-9d507f6169bd:192.168.164.217:34224], old=null at 0
2019-11-05 08:34:22,215 [grpc-default-executor-13] INFO  impl.RaftServerImpl (ServerState.java:setLeader(256)) - ac799505-d01b-4984-a491-73e044603a46@group-96AF9F8BC25D: change Leader from null to fae5ccd0-edd9-4644-8d4e-9d507f6169bd at term 4 for appendEntries, leader elected after 291ms
2019-11-05 08:34:22,215 [grpc-default-executor-16] INFO  impl.RaftServerImpl (ServerState.java:setLeader(256)) - 5d271ba9-e0f4-40ff-b9fc-f90f33adc13b@group-96AF9F8BC25D: change Leader from null to fae5ccd0-edd9-4644-8d4e-9d507f6169bd at term 4 for appendEntries, leader elected after 605ms
2019-11-05 08:34:22,216 [RatisPipelineUtilsThread] INFO  pipeline.PipelineStateManager (PipelineStateManager.java:addPipeline(56)) - Created pipeline Pipeline[ Id: 9500fbb3-24f6-4875-9a17-d888ef4a044b, Nodes: 2f0028df-de82-48c4-92fd-bfd4b7dbba36{ip: 192.168.164.217, host: pr-hdds-1643-8bmlk-2934350033, networkLocation: /rack1, certSerialId: null}, Type:RATIS, Factor:ONE, State:OPEN]
2019-11-05 08:34:22,239 [Thread-3446] INFO  impl.FollowerState (FollowerState.java:run(108)) - 2f0028df-de82-48c4-92fd-bfd4b7dbba36@group-D888EF4A044B-FollowerState: change to CANDIDATE, lastRpcTime:27ms, electionTimeout:14ms
2019-11-05 08:34:22,240 [Thread-3446] INFO  impl.RoleInfo (RoleInfo.java:shutdownFollowerState(121)) - 2f0028df-de82-48c4-92fd-bfd4b7dbba36: shutdown FollowerState
2019-11-05 08:34:22,242 [Thread-3446] INFO  impl.RaftServerImpl (RaftServerImpl.java:setRole(184)) - 2f0028df-de82-48c4-92fd-bfd4b7dbba36@group-D888EF4A044B: changes role from  FOLLOWER to CANDIDATE at term 0 for changeToCandidate
2019-11-05 08:34:22,242 [Thread-3446] INFO  impl.RoleInfo (RoleInfo.java:updateAndGet(143)) - 2f0028df-de82-48c4-92fd-bfd4b7dbba36: start LeaderElection
2019-11-05 08:34:22,242 [grpc-default-executor-16] INFO  impl.RaftServerImpl (ServerState.java:setRaftConf(357)) - ac799505-d01b-4984-a491-73e044603a46@group-96AF9F8BC25D: set configuration 0: [5d271ba9-e0f4-40ff-b9fc-f90f33adc13b:192.168.164.217:46357, ac799505-d01b-4984-a491-73e044603a46:192.168.164.217:37555, fae5ccd0-edd9-4644-8d4e-9d507f6169bd:192.168.164.217:34224], old=null at 0
2019-11-05 08:34:22,243 [grpc-default-executor-13] INFO  impl.RaftServerImpl (ServerState.java:setRaftConf(357)) - 5d271ba9-e0f4-40ff-b9fc-f90f33adc13b@group-96AF9F8BC25D: set configuration 0: [5d271ba9-e0f4-40ff-b9fc-f90f33adc13b:192.168.164.217:46357, ac799505-d01b-4984-a491-73e044603a46:192.168.164.217:37555, fae5ccd0-edd9-4644-8d4e-9d507f6169bd:192.168.164.217:34224], old=null at 0
2019-11-05 08:34:22,246 [grpc-default-executor-16] INFO  segmented.SegmentedRaftLogWorker (SegmentedRaftLogWorker.java:truncate(401)) - ac799505-d01b-4984-a491-73e044603a46@group-96AF9F8BC25D-SegmentedRaftLogWorker: Truncating segments toTruncate: null
  toDelete: [(0, 0) isOpen? true, length=0, newEndIndex=-1], start index 0
2019-11-05 08:34:22,246 [grpc-default-executor-13] INFO  segmented.SegmentedRaftLogWorker (SegmentedRaftLogWorker.java:startLogSegment(385)) - 5d271ba9-e0f4-40ff-b9fc-f90f33adc13b@group-96AF9F8BC25D-SegmentedRaftLogWorker: Starting segment from index:0
2019-11-05 08:34:22,246 [grpc-default-executor-16] INFO  segmented.SegmentedRaftLogWorker (SegmentedRaftLogWorker.java:startLogSegment(385)) - ac799505-d01b-4984-a491-73e044603a46@group-96AF9F8BC25D-SegmentedRaftLogWorker: Starting segment from index:0
2019-11-05 08:34:22,247 [ac799505-d01b-4984-a491-73e044603a46@group-96AF9F8BC25D-SegmentedRaftLogWorker] INFO  segmented.SegmentedRaftLogWorker (SegmentedRaftLogWorker.java:execute(640)) - ac799505-d01b-4984-a491-73e044603a46@group-96AF9F8BC25D-SegmentedRaftLogWorker: Deleted log file /workdir/hadoop-ozone/integration-test/target/test-dir/MiniOzoneClusterImpl-c1ac3406-7bea-4748-bbf9-a747646a8bff/datanode-1/data/ratis/03c07a91-4698-41a5-bbc7-96af9f8bc25d/current/log_inprogress_0
2019-11-05 08:34:22,272 [fae5ccd0-edd9-4644-8d4e-9d507f6169bd@group-96AF9F8BC25D-SegmentedRaftLogWorker] INFO  segmented.SegmentedRaftLogWorker (SegmentedRaftLogWorker.java:execute(576)) - fae5ccd0-edd9-4644-8d4e-9d507f6169bd@group-96AF9F8BC25D-SegmentedRaftLogWorker: created new log segment /workdir/hadoop-ozone/integration-test/target/test-dir/MiniOzoneClusterImpl-c1ac3406-7bea-4748-bbf9-a747646a8bff/datanode-0/data/ratis/03c07a91-4698-41a5-bbc7-96af9f8bc25d/current/log_inprogress_0
2019-11-05 08:34:22,272 [2f0028df-de82-48c4-92fd-bfd4b7dbba36@group-D888EF4A044B-LeaderElection420] INFO  impl.LeaderElection (LeaderElection.java:askForVotes(178)) - 2f0028df-de82-48c4-92fd-bfd4b7dbba36@group-D888EF4A044B-LeaderElection420: begin an election at term 1 for -1: [2f0028df-de82-48c4-92fd-bfd4b7dbba36:192.168.164.217:39697], old=null
2019-11-05 08:34:22,272 [ac799505-d01b-4984-a491-73e044603a46@group-96AF9F8BC25D-SegmentedRaftLogWorker] INFO  segmented.SegmentedRaftLogWorker (SegmentedRaftLogWorker.java:lambda$new$0(128)) - ac799505-d01b-4984-a491-73e044603a46@group-96AF9F8BC25D-SegmentedRaftLogWorker: flushIndex: setUnconditionally 0 -> -1
2019-11-05 08:34:22,272 [2f0028df-de82-48c4-92fd-bfd4b7dbba36@group-D888EF4A044B-LeaderElection420] INFO  impl.RoleInfo (RoleInfo.java:shutdownLeaderElection(134)) - 2f0028df-de82-48c4-92fd-bfd4b7dbba36: shutdown LeaderElection
2019-11-05 08:34:22,272 [2f0028df-de82-48c4-92fd-bfd4b7dbba36@group-D888EF4A044B-LeaderElection420] INFO  impl.RaftServerImpl (RaftServerImpl.java:setRole(184)) - 2f0028df-de82-48c4-92fd-bfd4b7dbba36@group-D888EF4A044B: changes role from CANDIDATE to LEADER at term 1 for changeToLeader
2019-11-05 08:34:22,272 [2f0028df-de82-48c4-92fd-bfd4b7dbba36@group-D888EF4A044B-LeaderElection420] INFO  impl.RaftServerImpl (ServerState.java:setLeader(256)) - 2f0028df-de82-48c4-92fd-bfd4b7dbba36@group-D888EF4A044B: change Leader from null to 2f0028df-de82-48c4-92fd-bfd4b7dbba36 at term 1 for becomeLeader, leader elected after 67ms
2019-11-05 08:34:22,272 [2f0028df-de82-48c4-92fd-bfd4b7dbba36@group-D888EF4A044B-LeaderElection420] INFO  server.RaftServerConfigKeys (ConfUtils.java:logGet(43)) - raft.server.staging.catchup.gap = 1000 (default)
2019-11-05 08:34:22,272 [2f0028df-de82-48c4-92fd-bfd4b7dbba36@group-D888EF4A044B-LeaderElection420] INFO  server.RaftServerConfigKeys (ConfUtils.java:logGet(43)) - raft.server.rpc.sleep.time = 25ms (default)
2019-11-05 08:34:22,272 [2f0028df-de82-48c4-92fd-bfd4b7dbba36@group-D888EF4A044B-LeaderElection420] INFO  server.RaftServerConfigKeys (ConfUtils.java:logGet(43)) - raft.server.write.element-limit = 4096 (default)
2019-11-05 08:34:22,273 [2f0028df-de82-48c4-92fd-bfd4b7dbba36@group-D888EF4A044B-LeaderElection420] INFO  server.RaftServerConfigKeys (ConfUtils.java:logGet(43)) - raft.server.watch.timeout = 10s (default)
2019-11-05 08:34:22,273 [2f0028df-de82-48c4-92fd-bfd4b7dbba36@group-D888EF4A044B-LeaderElection420] INFO  server.RaftServerConfigKeys (ConfUtils.java:logGet(43)) - raft.server.watch.timeout.denomination = 1s (default)
2019-11-05 08:34:22,273 [2f0028df-de82-48c4-92fd-bfd4b7dbba36@group-D888EF4A044B-LeaderElection420] INFO  server.RaftServerConfigKeys (ConfUtils.java:logGet(43)) - raft.server.watch.element-limit = 65536 (default)
2019-11-05 08:34:22,306 [Thread-3420] INFO  impl.FollowerState (FollowerState.java:run(108)) - d7b60609-c805-4df6-8140-a27c681dae80@group-6AE090EAA6A2-FollowerState: change to CANDIDATE, lastRpcTime:202ms, electionTimeout:198ms
2019-11-05 08:34:22,306 [5d271ba9-e0f4-40ff-b9fc-f90f33adc13b@group-96AF9F8BC25D-SegmentedRaftLogWorker] INFO  segmented.SegmentedRaftLogWorker (SegmentedRaftLogWorker.java:execute(576)) - 5d271ba9-e0f4-40ff-b9fc-f90f33adc13b@group-96AF9F8BC25D-SegmentedRaftLogWorker: created new log segment /workdir/hadoop-ozone/integration-test/target/test-dir/MiniOzoneClusterImpl-c1ac3406-7bea-4748-bbf9-a747646a8bff/datanode-2/data/ratis/03c07a91-4698-41a5-bbc7-96af9f8bc25d/current/log_inprogress_0
2019-11-05 08:34:22,306 [Thread-3420] INFO  impl.RoleInfo (RoleInfo.java:shutdownFollowerState(121)) - d7b60609-c805-4df6-8140-a27c681dae80: shutdown FollowerState
2019-11-05 08:34:22,307 [Thread-3420] INFO  impl.RaftServerImpl (RaftServerImpl.java:setRole(184)) - d7b60609-c805-4df6-8140-a27c681dae80@group-6AE090EAA6A2: changes role from  FOLLOWER to CANDIDATE at term 0 for changeToCandidate
2019-11-05 08:34:22,307 [Thread-3420] INFO  impl.RoleInfo (RoleInfo.java:updateAndGet(143)) - d7b60609-c805-4df6-8140-a27c681dae80: start LeaderElection
2019-11-05 08:34:22,311 [2f0028df-de82-48c4-92fd-bfd4b7dbba36@group-D888EF4A044B-LeaderElection420] INFO  impl.RoleInfo (RoleInfo.java:updateAndGet(143)) - 2f0028df-de82-48c4-92fd-bfd4b7dbba36: start LeaderState
2019-11-05 08:34:22,312 [grpc-default-executor-13] INFO  impl.RaftServerProxy (RaftServerProxy.java:addNew(89)) - ce6aaef5-0e62-4cca-9483-e7266dc5c7be: addNew group-785EB621D8C9:[b3c4603b-a140-4f81-8843-cb94f3bca924:192.168.164.217:37579, ce6aaef5-0e62-4cca-9483-e7266dc5c7be:192.168.164.217:42881, 6e52354a-8f39-4a00-bced-911c77341e64:192.168.164.217:42407] returns group-785EB621D8C9:java.util.concurrent.CompletableFuture@15f28a58[Not completed]
2019-11-05 08:34:22,312 [2f0028df-de82-48c4-92fd-bfd4b7dbba36@group-D888EF4A044B-LeaderElection420] INFO  segmented.SegmentedRaftLogWorker (SegmentedRaftLogWorker.java:startLogSegment(385)) - 2f0028df-de82-48c4-92fd-bfd4b7dbba36@group-D888EF4A044B-SegmentedRaftLogWorker: Starting segment from index:0
2019-11-05 08:34:22,312 [grpc-default-executor-16] INFO  impl.RaftServerProxy (RaftServerProxy.java:addNew(89)) - b3c4603b-a140-4f81-8843-cb94f3bca924: addNew group-785EB621D8C9:[b3c4603b-a140-4f81-8843-cb94f3bca924:192.168.164.217:37579, ce6aaef5-0e62-4cca-9483-e7266dc5c7be:192.168.164.217:42881, 6e52354a-8f39-4a00-bced-911c77341e64:192.168.164.217:42407] returns group-785EB621D8C9:java.util.concurrent.CompletableFuture@72c369cb[Not completed]
2019-11-05 08:34:22,312 [grpc-default-executor-15] INFO  impl.RaftServerProxy (RaftServerProxy.java:addNew(89)) - 6e52354a-8f39-4a00-bced-911c77341e64: addNew group-785EB621D8C9:[b3c4603b-a140-4f81-8843-cb94f3bca924:192.168.164.217:37579, ce6aaef5-0e62-4cca-9483-e7266dc5c7be:192.168.164.217:42881, 6e52354a-8f39-4a00-bced-911c77341e64:192.168.164.217:42407] returns group-785EB621D8C9:java.util.concurrent.CompletableFuture@c5c644d[Not completed]
2019-11-05 08:34:22,312 [2f0028df-de82-48c4-92fd-bfd4b7dbba36@group-D888EF4A044B-LeaderElection420] INFO  impl.RaftServerImpl (ServerState.java:setRaftConf(357)) - 2f0028df-de82-48c4-92fd-bfd4b7dbba36@group-D888EF4A044B: set configuration 0: [2f0028df-de82-48c4-92fd-bfd4b7dbba36:192.168.164.217:39697], old=null at 0
2019-11-05 08:34:22,314 [pool-219-thread-1] INFO  impl.RaftServerImpl (RaftServerImpl.java:<init>(104)) - 6e52354a-8f39-4a00-bced-911c77341e64: new RaftServerImpl for group-785EB621D8C9:[b3c4603b-a140-4f81-8843-cb94f3bca924:192.168.164.217:37579, ce6aaef5-0e62-4cca-9483-e7266dc5c7be:192.168.164.217:42881, 6e52354a-8f39-4a00-bced-911c77341e64:192.168.164.217:42407] with ContainerStateMachine:uninitialized
2019-11-05 08:34:22,314 [pool-219-thread-1] INFO  server.RaftServerConfigKeys (ConfUtils.java:logGet(43)) - raft.server.rpc.timeout.min = 1s (custom)
2019-11-05 08:34:22,314 [pool-219-thread-1] INFO  server.RaftServerConfigKeys (ConfUtils.java:logGet(43)) - raft.server.rpc.timeout.max = 1200ms (custom)
2019-11-05 08:34:22,314 [pool-219-thread-1] INFO  server.RaftServerConfigKeys (ConfUtils.java:logGet(43)) - raft.server.rpcslowness.timeout = 120s (custom)
2019-11-05 08:34:22,314 [pool-219-thread-1] INFO  server.RaftServerConfigKeys (ConfUtils.java:logGet(43)) - raft.server.sleep.deviation.threshold = 300 (default)
2019-11-05 08:34:22,314 [pool-219-thread-1] INFO  server.RaftServerConfigKeys (ConfUtils.java:logGet(43)) - raft.server.log.appender.install.snapshot.enabled = false (custom)
2019-11-05 08:34:22,315 [pool-219-thread-1] INFO  impl.RaftServerImpl (ServerState.java:<init>(103)) - 6e52354a-8f39-4a00-bced-911c77341e64@group-785EB621D8C9: ConfigurationManager, init=-1: [b3c4603b-a140-4f81-8843-cb94f3bca924:192.168.164.217:37579, ce6aaef5-0e62-4cca-9483-e7266dc5c7be:192.168.164.217:42881, 6e52354a-8f39-4a00-bced-911c77341e64:192.168.164.217:42407], old=null, confs=<EMPTY_MAP>
2019-11-05 08:34:22,315 [pool-219-thread-1] INFO  server.RaftServerConfigKeys (ConfUtils.java:logGet(43)) - raft.server.storage.dir = [/workdir/hadoop-ozone/integration-test/target/test-dir/MiniOzoneClusterImpl-c1ac3406-7bea-4748-bbf9-a747646a8bff/datanode-7/data/ratis] (custom)
2019-11-05 08:34:22,315 [pool-219-thread-1] INFO  server.RaftServerConfigKeys (ConfUtils.java:logGet(43)) - raft.server.log.corruption.policy = EXCEPTION (default)
2019-11-05 08:34:22,315 [pool-219-thread-1] INFO  storage.RaftStorageDirectory (RaftStorageDirectory.java:analyzeStorage(246)) - The storage directory /workdir/hadoop-ozone/integration-test/target/test-dir/MiniOzoneClusterImpl-c1ac3406-7bea-4748-bbf9-a747646a8bff/datanode-7/data/ratis/6b6e8d20-8dea-4881-a1f5-785eb621d8c9 does not exist. Creating ...
2019-11-05 08:34:22,315 [pool-189-thread-1] INFO  impl.RaftServerImpl (RaftServerImpl.java:<init>(104)) - b3c4603b-a140-4f81-8843-cb94f3bca924: new RaftServerImpl for group-785EB621D8C9:[b3c4603b-a140-4f81-8843-cb94f3bca924:192.168.164.217:37579, ce6aaef5-0e62-4cca-9483-e7266dc5c7be:192.168.164.217:42881, 6e52354a-8f39-4a00-bced-911c77341e64:192.168.164.217:42407] with ContainerStateMachine:uninitialized
2019-11-05 08:34:22,316 [pool-189-thread-1] INFO  server.RaftServerConfigKeys (ConfUtils.java:logGet(43)) - raft.server.rpc.timeout.min = 1s (custom)
2019-11-05 08:34:22,316 [pool-189-thread-1] INFO  server.RaftServerConfigKeys (ConfUtils.java:logGet(43)) - raft.server.rpc.timeout.max = 1200ms (custom)
2019-11-05 08:34:22,316 [pool-189-thread-1] INFO  server.RaftServerConfigKeys (ConfUtils.java:logGet(43)) - raft.server.rpcslowness.timeout = 120s (custom)
2019-11-05 08:34:22,316 [pool-239-thread-1] INFO  impl.RaftServerImpl (RaftServerImpl.java:<init>(104)) - ce6aaef5-0e62-4cca-9483-e7266dc5c7be: new RaftServerImpl for group-785EB621D8C9:[b3c4603b-a140-4f81-8843-cb94f3bca924:192.168.164.217:37579, ce6aaef5-0e62-4cca-9483-e7266dc5c7be:192.168.164.217:42881, 6e52354a-8f39-4a00-bced-911c77341e64:192.168.164.217:42407] with ContainerStateMachine:uninitialized
2019-11-05 08:34:22,316 [pool-189-thread-1] INFO  server.RaftServerConfigKeys (ConfUtils.java:logGet(43)) - raft.server.sleep.deviation.threshold = 300 (default)
2019-11-05 08:34:22,317 [pool-239-thread-1] INFO  server.RaftServerConfigKeys (ConfUtils.java:logGet(43)) - raft.server.rpc.timeout.min = 1s (custom)
2019-11-05 08:34:22,317 [pool-189-thread-1] INFO  server.RaftServerConfigKeys (ConfUtils.java:logGet(43)) - raft.server.log.appender.install.snapshot.enabled = false (custom)
2019-11-05 08:34:22,317 [pool-239-thread-1] INFO  server.RaftServerConfigKeys (ConfUtils.java:logGet(43)) - raft.server.rpc.timeout.max = 1200ms (custom)
2019-11-05 08:34:22,317 [pool-189-thread-1] INFO  impl.RaftServerImpl (ServerState.java:<init>(103)) - b3c4603b-a140-4f81-8843-cb94f3bca924@group-785EB621D8C9: ConfigurationManager, init=-1: [b3c4603b-a140-4f81-8843-cb94f3bca924:192.168.164.217:37579, ce6aaef5-0e62-4cca-9483-e7266dc5c7be:192.168.164.217:42881, 6e52354a-8f39-4a00-bced-911c77341e64:192.168.164.217:42407], old=null, confs=<EMPTY_MAP>
2019-11-05 08:34:22,317 [pool-239-thread-1] INFO  server.RaftServerConfigKeys (ConfUtils.java:logGet(43)) - raft.server.rpcslowness.timeout = 120s (custom)
2019-11-05 08:34:22,317 [pool-189-thread-1] INFO  server.RaftServerConfigKeys (ConfUtils.java:logGet(43)) - raft.server.storage.dir = [/workdir/hadoop-ozone/integration-test/target/test-dir/MiniOzoneClusterImpl-c1ac3406-7bea-4748-bbf9-a747646a8bff/datanode-4/data/ratis] (custom)
2019-11-05 08:34:22,318 [pool-239-thread-1] INFO  server.RaftServerConfigKeys (ConfUtils.java:logGet(43)) - raft.server.sleep.deviation.threshold = 300 (default)
2019-11-05 08:34:22,318 [pool-239-thread-1] INFO  server.RaftServerConfigKeys (ConfUtils.java:logGet(43)) - raft.server.log.appender.install.snapshot.enabled = false (custom)
2019-11-05 08:34:22,318 [pool-189-thread-1] INFO  server.RaftServerConfigKeys (ConfUtils.java:logGet(43)) - raft.server.log.corruption.policy = EXCEPTION (default)
2019-11-05 08:34:22,318 [pool-239-thread-1] INFO  impl.RaftServerImpl (ServerState.java:<init>(103)) - ce6aaef5-0e62-4cca-9483-e7266dc5c7be@group-785EB621D8C9: ConfigurationManager, init=-1: [b3c4603b-a140-4f81-8843-cb94f3bca924:192.168.164.217:37579, ce6aaef5-0e62-4cca-9483-e7266dc5c7be:192.168.164.217:42881, 6e52354a-8f39-4a00-bced-911c77341e64:192.168.164.217:42407], old=null, confs=<EMPTY_MAP>
2019-11-05 08:34:22,318 [pool-189-thread-1] INFO  storage.RaftStorageDirectory (RaftStorageDirectory.java:analyzeStorage(246)) - The storage directory /workdir/hadoop-ozone/integration-test/target/test-dir/MiniOzoneClusterImpl-c1ac3406-7bea-4748-bbf9-a747646a8bff/datanode-4/data/ratis/6b6e8d20-8dea-4881-a1f5-785eb621d8c9 does not exist. Creating ...
2019-11-05 08:34:22,318 [pool-239-thread-1] INFO  server.RaftServerConfigKeys (ConfUtils.java:logGet(43)) - raft.server.storage.dir = [/workdir/hadoop-ozone/integration-test/target/test-dir/MiniOzoneClusterImpl-c1ac3406-7bea-4748-bbf9-a747646a8bff/datanode-9/data/ratis] (custom)
2019-11-05 08:34:22,319 [pool-239-thread-1] INFO  server.RaftServerConfigKeys (ConfUtils.java:logGet(43)) - raft.server.log.corruption.policy = EXCEPTION (default)
2019-11-05 08:34:22,319 [d7b60609-c805-4df6-8140-a27c681dae80@group-6AE090EAA6A2-LeaderElection421] INFO  impl.LeaderElection (LeaderElection.java:askForVotes(178)) - d7b60609-c805-4df6-8140-a27c681dae80@group-6AE090EAA6A2-LeaderElection421: begin an election at term 1 for -1: [d7b60609-c805-4df6-8140-a27c681dae80:192.168.164.217:37880], old=null
2019-11-05 08:34:22,319 [pool-219-thread-1] INFO  storage.RaftStorageDirectory (RaftStorageDirectory.java:tryLock(328)) - Lock on /workdir/hadoop-ozone/integration-test/target/test-dir/MiniOzoneClusterImpl-c1ac3406-7bea-4748-bbf9-a747646a8bff/datanode-7/data/ratis/6b6e8d20-8dea-4881-a1f5-785eb621d8c9/in_use.lock acquired by nodename 19585@pr-hdds-1643-8bmlk-2934350033
2019-11-05 08:34:22,319 [ac799505-d01b-4984-a491-73e044603a46@group-96AF9F8BC25D-SegmentedRaftLogWorker] INFO  segmented.SegmentedRaftLogWorker (SegmentedRaftLogWorker.java:execute(576)) - ac799505-d01b-4984-a491-73e044603a46@group-96AF9F8BC25D-SegmentedRaftLogWorker: created new log segment /workdir/hadoop-ozone/integration-test/target/test-dir/MiniOzoneClusterImpl-c1ac3406-7bea-4748-bbf9-a747646a8bff/datanode-1/data/ratis/03c07a91-4698-41a5-bbc7-96af9f8bc25d/current/log_inprogress_0
2019-11-05 08:34:22,319 [pool-239-thread-1] INFO  storage.RaftStorageDirectory (RaftStorageDirectory.java:analyzeStorage(246)) - The storage directory /workdir/hadoop-ozone/integration-test/target/test-dir/MiniOzoneClusterImpl-c1ac3406-7bea-4748-bbf9-a747646a8bff/datanode-9/data/ratis/6b6e8d20-8dea-4881-a1f5-785eb621d8c9 does not exist. Creating ...
2019-11-05 08:34:22,319 [d7b60609-c805-4df6-8140-a27c681dae80@group-6AE090EAA6A2-LeaderElection421] INFO  impl.RoleInfo (RoleInfo.java:shutdownLeaderElection(134)) - d7b60609-c805-4df6-8140-a27c681dae80: shutdown LeaderElection
2019-11-05 08:34:22,320 [d7b60609-c805-4df6-8140-a27c681dae80@group-6AE090EAA6A2-LeaderElection421] INFO  impl.RaftServerImpl (RaftServerImpl.java:setRole(184)) - d7b60609-c805-4df6-8140-a27c681dae80@group-6AE090EAA6A2: changes role from CANDIDATE to LEADER at term 1 for changeToLeader
2019-11-05 08:34:22,320 [d7b60609-c805-4df6-8140-a27c681dae80@group-6AE090EAA6A2-LeaderElection421] INFO  impl.RaftServerImpl (ServerState.java:setLeader(256)) - d7b60609-c805-4df6-8140-a27c681dae80@group-6AE090EAA6A2: change Leader from null to d7b60609-c805-4df6-8140-a27c681dae80 at term 1 for becomeLeader, leader elected after 222ms
2019-11-05 08:34:22,320 [d7b60609-c805-4df6-8140-a27c681dae80@group-6AE090EAA6A2-LeaderElection421] INFO  server.RaftServerConfigKeys (ConfUtils.java:logGet(43)) - raft.server.staging.catchup.gap = 1000 (default)
2019-11-05 08:34:22,320 [d7b60609-c805-4df6-8140-a27c681dae80@group-6AE090EAA6A2-LeaderElection421] INFO  server.RaftServerConfigKeys (ConfUtils.java:logGet(43)) - raft.server.rpc.sleep.time = 25ms (default)
2019-11-05 08:34:22,320 [d7b60609-c805-4df6-8140-a27c681dae80@group-6AE090EAA6A2-LeaderElection421] INFO  server.RaftServerConfigKeys (ConfUtils.java:logGet(43)) - raft.server.write.element-limit = 4096 (default)
2019-11-05 08:34:22,320 [d7b60609-c805-4df6-8140-a27c681dae80@group-6AE090EAA6A2-LeaderElection421] INFO  server.RaftServerConfigKeys (ConfUtils.java:logGet(43)) - raft.server.watch.timeout = 10s (default)
2019-11-05 08:34:22,320 [d7b60609-c805-4df6-8140-a27c681dae80@group-6AE090EAA6A2-LeaderElection421] INFO  server.RaftServerConfigKeys (ConfUtils.java:logGet(43)) - raft.server.watch.timeout.denomination = 1s (default)
2019-11-05 08:34:22,320 [d7b60609-c805-4df6-8140-a27c681dae80@group-6AE090EAA6A2-LeaderElection421] INFO  server.RaftServerConfigKeys (ConfUtils.java:logGet(43)) - raft.server.watch.element-limit = 65536 (default)
2019-11-05 08:34:22,322 [d7b60609-c805-4df6-8140-a27c681dae80@group-6AE090EAA6A2-LeaderElection421] INFO  impl.RoleInfo (RoleInfo.java:updateAndGet(143)) - d7b60609-c805-4df6-8140-a27c681dae80: start LeaderState
2019-11-05 08:34:22,322 [d7b60609-c805-4df6-8140-a27c681dae80@group-6AE090EAA6A2-LeaderElection421] INFO  segmented.SegmentedRaftLogWorker (SegmentedRaftLogWorker.java:startLogSegment(385)) - d7b60609-c805-4df6-8140-a27c681dae80@group-6AE090EAA6A2-SegmentedRaftLogWorker: Starting segment from index:0
2019-11-05 08:34:22,323 [d7b60609-c805-4df6-8140-a27c681dae80@group-6AE090EAA6A2-LeaderElection421] INFO  impl.RaftServerImpl (ServerState.java:setRaftConf(357)) - d7b60609-c805-4df6-8140-a27c681dae80@group-6AE090EAA6A2: set configuration 0: [d7b60609-c805-4df6-8140-a27c681dae80:192.168.164.217:37880], old=null at 0
2019-11-05 08:34:22,335 [pool-189-thread-1] INFO  storage.RaftStorageDirectory (RaftStorageDirectory.java:tryLock(328)) - Lock on /workdir/hadoop-ozone/integration-test/target/test-dir/MiniOzoneClusterImpl-c1ac3406-7bea-4748-bbf9-a747646a8bff/datanode-4/data/ratis/6b6e8d20-8dea-4881-a1f5-785eb621d8c9/in_use.lock acquired by nodename 19585@pr-hdds-1643-8bmlk-2934350033
2019-11-05 08:34:22,337 [Thread-3435] INFO  impl.FollowerState (FollowerState.java:run(108)) - ce6aaef5-0e62-4cca-9483-e7266dc5c7be@group-9D7D9CA1327E-FollowerState: change to CANDIDATE, lastRpcTime:194ms, electionTimeout:194ms
2019-11-05 08:34:22,337 [Thread-3435] INFO  impl.RoleInfo (RoleInfo.java:shutdownFollowerState(121)) - ce6aaef5-0e62-4cca-9483-e7266dc5c7be: shutdown FollowerState
2019-11-05 08:34:22,337 [Thread-3435] INFO  impl.RaftServerImpl (RaftServerImpl.java:setRole(184)) - ce6aaef5-0e62-4cca-9483-e7266dc5c7be@group-9D7D9CA1327E: changes role from  FOLLOWER to CANDIDATE at term 0 for changeToCandidate
2019-11-05 08:34:22,337 [Thread-3435] INFO  impl.RoleInfo (RoleInfo.java:updateAndGet(143)) - ce6aaef5-0e62-4cca-9483-e7266dc5c7be: start LeaderElection
2019-11-05 08:34:22,365 [pool-239-thread-1] INFO  storage.RaftStorageDirectory (RaftStorageDirectory.java:tryLock(328)) - Lock on /workdir/hadoop-ozone/integration-test/target/test-dir/MiniOzoneClusterImpl-c1ac3406-7bea-4748-bbf9-a747646a8bff/datanode-9/data/ratis/6b6e8d20-8dea-4881-a1f5-785eb621d8c9/in_use.lock acquired by nodename 19585@pr-hdds-1643-8bmlk-2934350033
2019-11-05 08:34:22,365 [pool-219-thread-1] INFO  storage.RaftStorage (RaftStorage.java:format(84)) - Storage directory /workdir/hadoop-ozone/integration-test/target/test-dir/MiniOzoneClusterImpl-c1ac3406-7bea-4748-bbf9-a747646a8bff/datanode-7/data/ratis/6b6e8d20-8dea-4881-a1f5-785eb621d8c9 has been successfully formatted.
2019-11-05 08:34:22,365 [pool-219-thread-1] INFO  ratis.ContainerStateMachine (ContainerStateMachine.java:loadSnapshot(231)) - group-785EB621D8C9: The snapshot info is null. Setting the last applied indexto:(t:0, i:~)
2019-11-05 08:34:22,365 [pool-219-thread-1] INFO  server.RaftServerConfigKeys (ConfUtils.java:logGet(43)) - raft.server.notification.no-leader.timeout = 120s (custom)
2019-11-05 08:34:22,366 [pool-219-thread-1] INFO  server.RaftServerConfigKeys (ConfUtils.java:logGet(43)) - raft.server.log.use.memory = false (default)
2019-11-05 08:34:22,366 [pool-219-thread-1] INFO  server.RaftServerConfigKeys (ConfUtils.java:logGet(43)) - raft.server.log.purge.gap = 1000000 (custom)
2019-11-05 08:34:22,366 [pool-219-thread-1] INFO  server.RaftServerConfigKeys (ConfUtils.java:logGet(43)) - raft.server.log.appender.buffer.byte-limit = 33554432 (custom)
2019-11-05 08:34:22,366 [pool-219-thread-1] INFO  server.RaftServerConfigKeys (ConfUtils.java:logGet(43)) - raft.server.log.segment.size.max = 1048576 (custom)
2019-11-05 08:34:22,366 [pool-219-thread-1] INFO  server.RaftServerConfigKeys (ConfUtils.java:logGet(43)) - raft.server.log.segment.cache.num.max = 2 (custom)
2019-11-05 08:34:22,366 [pool-219-thread-1] INFO  segmented.SegmentedRaftLogWorker (SegmentedRaftLogWorker.java:<init>(173)) - new 6e52354a-8f39-4a00-bced-911c77341e64@group-785EB621D8C9-SegmentedRaftLogWorker for RaftStorage:Storage Directory /workdir/hadoop-ozone/integration-test/target/test-dir/MiniOzoneClusterImpl-c1ac3406-7bea-4748-bbf9-a747646a8bff/datanode-7/data/ratis/6b6e8d20-8dea-4881-a1f5-785eb621d8c9
2019-11-05 08:34:22,366 [pool-219-thread-1] INFO  server.RaftServerConfigKeys (ConfUtils.java:logGet(43)) - raft.server.log.queue.byte-limit = 2147483647 (custom)
2019-11-05 08:34:22,366 [pool-219-thread-1] INFO  server.RaftServerConfigKeys (ConfUtils.java:logGet(43)) - raft.server.log.queue.element-limit = 1024 (custom)
2019-11-05 08:34:22,366 [pool-219-thread-1] INFO  server.RaftServerConfigKeys (ConfUtils.java:logGet(43)) - raft.server.log.segment.size.max = 1048576 (custom)
2019-11-05 08:34:22,366 [pool-219-thread-1] INFO  server.RaftServerConfigKeys (ConfUtils.java:logGet(43)) - raft.server.log.preallocated.size = 16384 (custom)
2019-11-05 08:34:22,366 [pool-219-thread-1] INFO  server.RaftServerConfigKeys (ConfUtils.java:logGet(43)) - raft.server.log.write.buffer.size = 33554432 (custom)
2019-11-05 08:34:22,367 [pool-219-thread-1] INFO  server.RaftServerConfigKeys (ConfUtils.java:logGet(43)) - raft.server.log.force.sync.num = 128 (default)
2019-11-05 08:34:22,367 [pool-219-thread-1] INFO  server.RaftServerConfigKeys (ConfUtils.java:logGet(43)) - raft.server.log.statemachine.data.sync = true (default)
2019-11-05 08:34:22,367 [pool-219-thread-1] INFO  server.RaftServerConfigKeys (ConfUtils.java:logGet(43)) - raft.server.log.statemachine.data.sync.timeout = 10s (default)
2019-11-05 08:34:22,367 [pool-219-thread-1] INFO  server.RaftServerConfigKeys (ConfUtils.java:logGet(43)) - raft.server.log.statemachine.data.sync.timeout.retry = -1 (default)
2019-11-05 08:34:22,367 [pool-219-thread-1] INFO  server.RaftServerConfigKeys (ConfUtils.java:logGet(43)) - raft.server.log.statemachine.data.caching.enabled = true (custom)
2019-11-05 08:34:22,367 [pool-219-thread-1] INFO  segmented.SegmentedRaftLogWorker (SegmentedRaftLogWorker.java:lambda$new$0(128)) - 6e52354a-8f39-4a00-bced-911c77341e64@group-785EB621D8C9-SegmentedRaftLogWorker: flushIndex: setUnconditionally 0 -> -1
2019-11-05 08:34:22,367 [pool-219-thread-1] INFO  server.RaftServerConfigKeys (ConfUtils.java:logGet(43)) - raft.server.snapshot.auto.trigger.enabled = true (custom)
2019-11-05 08:34:22,367 [pool-219-thread-1] INFO  server.RaftServerConfigKeys (ConfUtils.java:logGet(43)) - raft.server.snapshot.auto.trigger.threshold = 10000 (custom)
2019-11-05 08:34:22,368 [pool-219-thread-1] INFO  server.RaftServerConfigKeys (ConfUtils.java:logGet(43)) - raft.server.snapshot.retention.file.num = 5 (custom)
2019-11-05 08:34:22,368 [pool-219-thread-1] INFO  server.RaftServerConfigKeys (ConfUtils.java:logGet(43)) - raft.server.retrycache.expirytime = 600000ms (custom)
2019-11-05 08:34:22,369 [pool-219-thread-1] INFO  impl.RaftServerImpl (RaftServerImpl.java:start(195)) - 6e52354a-8f39-4a00-bced-911c77341e64@group-785EB621D8C9: start as a follower, conf=-1: [b3c4603b-a140-4f81-8843-cb94f3bca924:192.168.164.217:37579, ce6aaef5-0e62-4cca-9483-e7266dc5c7be:192.168.164.217:42881, 6e52354a-8f39-4a00-bced-911c77341e64:192.168.164.217:42407], old=null
2019-11-05 08:34:22,369 [pool-219-thread-1] INFO  impl.RaftServerImpl (RaftServerImpl.java:setRole(184)) - 6e52354a-8f39-4a00-bced-911c77341e64@group-785EB621D8C9: changes role from      null to FOLLOWER at term 0 for startAsFollower
2019-11-05 08:34:22,369 [pool-219-thread-1] INFO  impl.RoleInfo (RoleInfo.java:updateAndGet(143)) - 6e52354a-8f39-4a00-bced-911c77341e64: start FollowerState
2019-11-05 08:34:22,369 [pool-219-thread-1] INFO  util.JmxRegister (JmxRegister.java:tryRegister(44)) - Successfully registered JMX Bean with object name Ratis:service=RaftServer,group=group-785EB621D8C9,id=6e52354a-8f39-4a00-bced-911c77341e64
2019-11-05 08:34:22,378 [pool-189-thread-1] INFO  storage.RaftStorage (RaftStorage.java:format(84)) - Storage directory /workdir/hadoop-ozone/integration-test/target/test-dir/MiniOzoneClusterImpl-c1ac3406-7bea-4748-bbf9-a747646a8bff/datanode-4/data/ratis/6b6e8d20-8dea-4881-a1f5-785eb621d8c9 has been successfully formatted.
2019-11-05 08:34:22,378 [ce6aaef5-0e62-4cca-9483-e7266dc5c7be@group-9D7D9CA1327E-LeaderElection422] INFO  impl.LeaderElection (LeaderElection.java:askForVotes(178)) - ce6aaef5-0e62-4cca-9483-e7266dc5c7be@group-9D7D9CA1327E-LeaderElection422: begin an election at term 1 for -1: [ce6aaef5-0e62-4cca-9483-e7266dc5c7be:192.168.164.217:42881], old=null
2019-11-05 08:34:22,378 [pool-189-thread-1] INFO  ratis.ContainerStateMachine (ContainerStateMachine.java:loadSnapshot(231)) - group-785EB621D8C9: The snapshot info is null. Setting the last applied indexto:(t:0, i:~)
2019-11-05 08:34:22,379 [ce6aaef5-0e62-4cca-9483-e7266dc5c7be@group-9D7D9CA1327E-LeaderElection422] INFO  impl.RoleInfo (RoleInfo.java:shutdownLeaderElection(134)) - ce6aaef5-0e62-4cca-9483-e7266dc5c7be: shutdown LeaderElection
2019-11-05 08:34:22,378 [2f0028df-de82-48c4-92fd-bfd4b7dbba36@group-D888EF4A044B-SegmentedRaftLogWorker] INFO  segmented.SegmentedRaftLogWorker (SegmentedRaftLogWorker.java:execute(576)) - 2f0028df-de82-48c4-92fd-bfd4b7dbba36@group-D888EF4A044B-SegmentedRaftLogWorker: created new log segment /workdir/hadoop-ozone/integration-test/target/test-dir/MiniOzoneClusterImpl-c1ac3406-7bea-4748-bbf9-a747646a8bff/datanode-8/data/ratis/9500fbb3-24f6-4875-9a17-d888ef4a044b/current/log_inprogress_0
2019-11-05 08:34:22,378 [d7b60609-c805-4df6-8140-a27c681dae80@group-6AE090EAA6A2-SegmentedRaftLogWorker] INFO  segmented.SegmentedRaftLogWorker (SegmentedRaftLogWorker.java:execute(576)) - d7b60609-c805-4df6-8140-a27c681dae80@group-6AE090EAA6A2-SegmentedRaftLogWorker: created new log segment /workdir/hadoop-ozone/integration-test/target/test-dir/MiniOzoneClusterImpl-c1ac3406-7bea-4748-bbf9-a747646a8bff/datanode-5/data/ratis/734685ad-c35d-4133-9492-6ae090eaa6a2/current/log_inprogress_0
2019-11-05 08:34:22,378 [pool-239-thread-1] INFO  storage.RaftStorage (RaftStorage.java:format(84)) - Storage directory /workdir/hadoop-ozone/integration-test/target/test-dir/MiniOzoneClusterImpl-c1ac3406-7bea-4748-bbf9-a747646a8bff/datanode-9/data/ratis/6b6e8d20-8dea-4881-a1f5-785eb621d8c9 has been successfully formatted.
2019-11-05 08:34:22,379 [ce6aaef5-0e62-4cca-9483-e7266dc5c7be@group-9D7D9CA1327E-LeaderElection422] INFO  impl.RaftServerImpl (RaftServerImpl.java:setRole(184)) - ce6aaef5-0e62-4cca-9483-e7266dc5c7be@group-9D7D9CA1327E: changes role from CANDIDATE to LEADER at term 1 for changeToLeader
2019-11-05 08:34:22,379 [ce6aaef5-0e62-4cca-9483-e7266dc5c7be@group-9D7D9CA1327E-LeaderElection422] INFO  impl.RaftServerImpl (ServerState.java:setLeader(256)) - ce6aaef5-0e62-4cca-9483-e7266dc5c7be@group-9D7D9CA1327E: change Leader from null to ce6aaef5-0e62-4cca-9483-e7266dc5c7be at term 1 for becomeLeader, leader elected after 243ms
2019-11-05 08:34:22,379 [pool-239-thread-1] INFO  ratis.ContainerStateMachine (ContainerStateMachine.java:loadSnapshot(231)) - group-785EB621D8C9: The snapshot info is null. Setting the last applied indexto:(t:0, i:~)
2019-11-05 08:34:22,379 [pool-189-thread-1] INFO  server.RaftServerConfigKeys (ConfUtils.java:logGet(43)) - raft.server.notification.no-leader.timeout = 120s (custom)
2019-11-05 08:34:22,379 [pool-239-thread-1] INFO  server.RaftServerConfigKeys (ConfUtils.java:logGet(43)) - raft.server.notification.no-leader.timeout = 120s (custom)
2019-11-05 08:34:22,379 [ce6aaef5-0e62-4cca-9483-e7266dc5c7be@group-9D7D9CA1327E-LeaderElection422] INFO  server.RaftServerConfigKeys (ConfUtils.java:logGet(43)) - raft.server.staging.catchup.gap = 1000 (default)
2019-11-05 08:34:22,380 [pool-239-thread-1] INFO  server.RaftServerConfigKeys (ConfUtils.java:logGet(43)) - raft.server.log.use.memory = false (default)
2019-11-05 08:34:22,379 [pool-189-thread-1] INFO  server.RaftServerConfigKeys (ConfUtils.java:logGet(43)) - raft.server.log.use.memory = false (default)
2019-11-05 08:34:22,380 [pool-239-thread-1] INFO  server.RaftServerConfigKeys (ConfUtils.java:logGet(43)) - raft.server.log.purge.gap = 1000000 (custom)
2019-11-05 08:34:22,380 [ce6aaef5-0e62-4cca-9483-e7266dc5c7be@group-9D7D9CA1327E-LeaderElection422] INFO  server.RaftServerConfigKeys (ConfUtils.java:logGet(43)) - raft.server.rpc.sleep.time = 25ms (default)
2019-11-05 08:34:22,380 [pool-239-thread-1] INFO  server.RaftServerConfigKeys (ConfUtils.java:logGet(43)) - raft.server.log.appender.buffer.byte-limit = 33554432 (custom)
2019-11-05 08:34:22,380 [pool-189-thread-1] INFO  server.RaftServerConfigKeys (ConfUtils.java:logGet(43)) - raft.server.log.purge.gap = 1000000 (custom)
2019-11-05 08:34:22,380 [pool-239-thread-1] INFO  server.RaftServerConfigKeys (ConfUtils.java:logGet(43)) - raft.server.log.segment.size.max = 1048576 (custom)
2019-11-05 08:34:22,380 [ce6aaef5-0e62-4cca-9483-e7266dc5c7be@group-9D7D9CA1327E-LeaderElection422] INFO  server.RaftServerConfigKeys (ConfUtils.java:logGet(43)) - raft.server.write.element-limit = 4096 (default)
2019-11-05 08:34:22,380 [pool-239-thread-1] INFO  server.RaftServerConfigKeys (ConfUtils.java:logGet(43)) - raft.server.log.segment.cache.num.max = 2 (custom)
2019-11-05 08:34:22,380 [pool-189-thread-1] INFO  server.RaftServerConfigKeys (ConfUtils.java:logGet(43)) - raft.server.log.appender.buffer.byte-limit = 33554432 (custom)
2019-11-05 08:34:22,381 [pool-239-thread-1] INFO  segmented.SegmentedRaftLogWorker (SegmentedRaftLogWorker.java:<init>(173)) - new ce6aaef5-0e62-4cca-9483-e7266dc5c7be@group-785EB621D8C9-SegmentedRaftLogWorker for RaftStorage:Storage Directory /workdir/hadoop-ozone/integration-test/target/test-dir/MiniOzoneClusterImpl-c1ac3406-7bea-4748-bbf9-a747646a8bff/datanode-9/data/ratis/6b6e8d20-8dea-4881-a1f5-785eb621d8c9
2019-11-05 08:34:22,381 [ce6aaef5-0e62-4cca-9483-e7266dc5c7be@group-9D7D9CA1327E-LeaderElection422] INFO  server.RaftServerConfigKeys (ConfUtils.java:logGet(43)) - raft.server.watch.timeout = 10s (default)
2019-11-05 08:34:22,381 [pool-239-thread-1] INFO  server.RaftServerConfigKeys (ConfUtils.java:logGet(43)) - raft.server.log.queue.byte-limit = 2147483647 (custom)
2019-11-05 08:34:22,381 [pool-189-thread-1] INFO  server.RaftServerConfigKeys (ConfUtils.java:logGet(43)) - raft.server.log.segment.size.max = 1048576 (custom)
2019-11-05 08:34:22,381 [pool-239-thread-1] INFO  server.RaftServerConfigKeys (ConfUtils.java:logGet(43)) - raft.server.log.queue.element-limit = 1024 (custom)
2019-11-05 08:34:22,381 [ce6aaef5-0e62-4cca-9483-e7266dc5c7be@group-9D7D9CA1327E-LeaderElection422] INFO  server.RaftServerConfigKeys (ConfUtils.java:logGet(43)) - raft.server.watch.timeout.denomination = 1s (default)
2019-11-05 08:34:22,381 [pool-239-thread-1] INFO  server.RaftServerConfigKeys (ConfUtils.java:logGet(43)) - raft.server.log.segment.size.max = 1048576 (custom)
2019-11-05 08:34:22,381 [pool-189-thread-1] INFO  server.RaftServerConfigKeys (ConfUtils.java:logGet(43)) - raft.server.log.segment.cache.num.max = 2 (custom)
2019-11-05 08:34:22,381 [pool-239-thread-1] INFO  server.RaftServerConfigKeys (ConfUtils.java:logGet(43)) - raft.server.log.preallocated.size = 16384 (custom)
2019-11-05 08:34:22,381 [ce6aaef5-0e62-4cca-9483-e7266dc5c7be@group-9D7D9CA1327E-LeaderElection422] INFO  server.RaftServerConfigKeys (ConfUtils.java:logGet(43)) - raft.server.watch.element-limit = 65536 (default)
2019-11-05 08:34:22,382 [pool-239-thread-1] INFO  server.RaftServerConfigKeys (ConfUtils.java:logGet(43)) - raft.server.log.write.buffer.size = 33554432 (custom)
2019-11-05 08:34:22,382 [pool-189-thread-1] INFO  segmented.SegmentedRaftLogWorker (SegmentedRaftLogWorker.java:<init>(173)) - new b3c4603b-a140-4f81-8843-cb94f3bca924@group-785EB621D8C9-SegmentedRaftLogWorker for RaftStorage:Storage Directory /workdir/hadoop-ozone/integration-test/target/test-dir/MiniOzoneClusterImpl-c1ac3406-7bea-4748-bbf9-a747646a8bff/datanode-4/data/ratis/6b6e8d20-8dea-4881-a1f5-785eb621d8c9
2019-11-05 08:34:22,382 [pool-239-thread-1] INFO  server.RaftServerConfigKeys (ConfUtils.java:logGet(43)) - raft.server.log.force.sync.num = 128 (default)
2019-11-05 08:34:22,382 [pool-189-thread-1] INFO  server.RaftServerConfigKeys (ConfUtils.java:logGet(43)) - raft.server.log.queue.byte-limit = 2147483647 (custom)
2019-11-05 08:34:22,382 [pool-239-thread-1] INFO  server.RaftServerConfigKeys (ConfUtils.java:logGet(43)) - raft.server.log.statemachine.data.sync = true (default)
2019-11-05 08:34:22,382 [pool-189-thread-1] INFO  server.RaftServerConfigKeys (ConfUtils.java:logGet(43)) - raft.server.log.queue.element-limit = 1024 (custom)
2019-11-05 08:34:22,382 [pool-239-thread-1] INFO  server.RaftServerConfigKeys (ConfUtils.java:logGet(43)) - raft.server.log.statemachine.data.sync.timeout = 10s (default)
2019-11-05 08:34:22,382 [pool-189-thread-1] INFO  server.RaftServerConfigKeys (ConfUtils.java:logGet(43)) - raft.server.log.segment.size.max = 1048576 (custom)
2019-11-05 08:34:22,382 [pool-239-thread-1] INFO  server.RaftServerConfigKeys (ConfUtils.java:logGet(43)) - raft.server.log.statemachine.data.sync.timeout.retry = -1 (default)
2019-11-05 08:34:22,383 [pool-189-thread-1] INFO  server.RaftServerConfigKeys (ConfUtils.java:logGet(43)) - raft.server.log.preallocated.size = 16384 (custom)
2019-11-05 08:34:22,383 [pool-239-thread-1] INFO  server.RaftServerConfigKeys (ConfUtils.java:logGet(43)) - raft.server.log.statemachine.data.caching.enabled = true (custom)
2019-11-05 08:34:22,383 [pool-189-thread-1] INFO  server.RaftServerConfigKeys (ConfUtils.java:logGet(43)) - raft.server.log.write.buffer.size = 33554432 (custom)
2019-11-05 08:34:22,383 [pool-189-thread-1] INFO  server.RaftServerConfigKeys (ConfUtils.java:logGet(43)) - raft.server.log.force.sync.num = 128 (default)
2019-11-05 08:34:22,383 [pool-189-thread-1] INFO  server.RaftServerConfigKeys (ConfUtils.java:logGet(43)) - raft.server.log.statemachine.data.sync = true (default)
2019-11-05 08:34:22,383 [pool-239-thread-1] INFO  segmented.SegmentedRaftLogWorker (SegmentedRaftLogWorker.java:lambda$new$0(128)) - ce6aaef5-0e62-4cca-9483-e7266dc5c7be@group-785EB621D8C9-SegmentedRaftLogWorker: flushIndex: setUnconditionally 0 -> -1
2019-11-05 08:34:22,383 [ce6aaef5-0e62-4cca-9483-e7266dc5c7be@group-9D7D9CA1327E-LeaderElection422] INFO  impl.RoleInfo (RoleInfo.java:updateAndGet(143)) - ce6aaef5-0e62-4cca-9483-e7266dc5c7be: start LeaderState
2019-11-05 08:34:22,383 [pool-189-thread-1] INFO  server.RaftServerConfigKeys (ConfUtils.java:logGet(43)) - raft.server.log.statemachine.data.sync.timeout = 10s (default)
2019-11-05 08:34:22,383 [pool-239-thread-1] INFO  server.RaftServerConfigKeys (ConfUtils.java:logGet(43)) - raft.server.snapshot.auto.trigger.enabled = true (custom)
2019-11-05 08:34:22,384 [ce6aaef5-0e62-4cca-9483-e7266dc5c7be@group-9D7D9CA1327E-LeaderElection422] INFO  segmented.SegmentedRaftLogWorker (SegmentedRaftLogWorker.java:startLogSegment(385)) - ce6aaef5-0e62-4cca-9483-e7266dc5c7be@group-9D7D9CA1327E-SegmentedRaftLogWorker: Starting segment from index:0
2019-11-05 08:34:22,383 [pool-189-thread-1] INFO  server.RaftServerConfigKeys (ConfUtils.java:logGet(43)) - raft.server.log.statemachine.data.sync.timeout.retry = -1 (default)
2019-11-05 08:34:22,384 [pool-239-thread-1] INFO  server.RaftServerConfigKeys (ConfUtils.java:logGet(43)) - raft.server.snapshot.auto.trigger.threshold = 10000 (custom)
2019-11-05 08:34:22,384 [pool-189-thread-1] INFO  server.RaftServerConfigKeys (ConfUtils.java:logGet(43)) - raft.server.log.statemachine.data.caching.enabled = true (custom)
2019-11-05 08:34:22,384 [pool-239-thread-1] INFO  server.RaftServerConfigKeys (ConfUtils.java:logGet(43)) - raft.server.snapshot.retention.file.num = 5 (custom)
2019-11-05 08:34:22,384 [pool-189-thread-1] INFO  segmented.SegmentedRaftLogWorker (SegmentedRaftLogWorker.java:lambda$new$0(128)) - b3c4603b-a140-4f81-8843-cb94f3bca924@group-785EB621D8C9-SegmentedRaftLogWorker: flushIndex: setUnconditionally 0 -> -1
2019-11-05 08:34:22,384 [ce6aaef5-0e62-4cca-9483-e7266dc5c7be@group-9D7D9CA1327E-LeaderElection422] INFO  impl.RaftServerImpl (ServerState.java:setRaftConf(357)) - ce6aaef5-0e62-4cca-9483-e7266dc5c7be@group-9D7D9CA1327E: set configuration 0: [ce6aaef5-0e62-4cca-9483-e7266dc5c7be:192.168.164.217:42881], old=null at 0
2019-11-05 08:34:22,384 [pool-239-thread-1] INFO  server.RaftServerConfigKeys (ConfUtils.java:logGet(43)) - raft.server.retrycache.expirytime = 600000ms (custom)
2019-11-05 08:34:22,384 [pool-189-thread-1] INFO  server.RaftServerConfigKeys (ConfUtils.java:logGet(43)) - raft.server.snapshot.auto.trigger.enabled = true (custom)
2019-11-05 08:34:22,384 [pool-189-thread-1] INFO  server.RaftServerConfigKeys (ConfUtils.java:logGet(43)) - raft.server.snapshot.auto.trigger.threshold = 10000 (custom)
2019-11-05 08:34:22,385 [pool-189-thread-1] INFO  server.RaftServerConfigKeys (ConfUtils.java:logGet(43)) - raft.server.snapshot.retention.file.num = 5 (custom)
2019-11-05 08:34:22,385 [pool-189-thread-1] INFO  server.RaftServerConfigKeys (ConfUtils.java:logGet(43)) - raft.server.retrycache.expirytime = 600000ms (custom)
2019-11-05 08:34:22,386 [pool-239-thread-1] INFO  impl.RaftServerImpl (RaftServerImpl.java:start(195)) - ce6aaef5-0e62-4cca-9483-e7266dc5c7be@group-785EB621D8C9: start as a follower, conf=-1: [b3c4603b-a140-4f81-8843-cb94f3bca924:192.168.164.217:37579, ce6aaef5-0e62-4cca-9483-e7266dc5c7be:192.168.164.217:42881, 6e52354a-8f39-4a00-bced-911c77341e64:192.168.164.217:42407], old=null
2019-11-05 08:34:22,386 [pool-239-thread-1] INFO  impl.RaftServerImpl (RaftServerImpl.java:setRole(184)) - ce6aaef5-0e62-4cca-9483-e7266dc5c7be@group-785EB621D8C9: changes role from      null to FOLLOWER at term 0 for startAsFollower
2019-11-05 08:34:22,387 [pool-239-thread-1] INFO  impl.RoleInfo (RoleInfo.java:updateAndGet(143)) - ce6aaef5-0e62-4cca-9483-e7266dc5c7be: start FollowerState
2019-11-05 08:34:22,387 [pool-189-thread-1] INFO  impl.RaftServerImpl (RaftServerImpl.java:start(195)) - b3c4603b-a140-4f81-8843-cb94f3bca924@group-785EB621D8C9: start as a follower, conf=-1: [b3c4603b-a140-4f81-8843-cb94f3bca924:192.168.164.217:37579, ce6aaef5-0e62-4cca-9483-e7266dc5c7be:192.168.164.217:42881, 6e52354a-8f39-4a00-bced-911c77341e64:192.168.164.217:42407], old=null
2019-11-05 08:34:22,387 [pool-189-thread-1] INFO  impl.RaftServerImpl (RaftServerImpl.java:setRole(184)) - b3c4603b-a140-4f81-8843-cb94f3bca924@group-785EB621D8C9: changes role from      null to FOLLOWER at term 0 for startAsFollower
2019-11-05 08:34:22,387 [pool-239-thread-1] INFO  util.JmxRegister (JmxRegister.java:tryRegister(44)) - Successfully registered JMX Bean with object name Ratis:service=RaftServer,group=group-785EB621D8C9,id=ce6aaef5-0e62-4cca-9483-e7266dc5c7be
2019-11-05 08:34:22,387 [pool-189-thread-1] INFO  impl.RoleInfo (RoleInfo.java:updateAndGet(143)) - b3c4603b-a140-4f81-8843-cb94f3bca924: start FollowerState
2019-11-05 08:34:22,387 [pool-189-thread-1] INFO  util.JmxRegister (JmxRegister.java:tryRegister(44)) - Successfully registered JMX Bean with object name Ratis:service=RaftServer,group=group-785EB621D8C9,id=b3c4603b-a140-4f81-8843-cb94f3bca924
2019-11-05 08:34:22,393 [RatisPipelineUtilsThread] INFO  pipeline.PipelineStateManager (PipelineStateManager.java:addPipeline(56)) - Created pipeline Pipeline[ Id: 6b6e8d20-8dea-4881-a1f5-785eb621d8c9, Nodes: 6e52354a-8f39-4a00-bced-911c77341e64{ip: 192.168.164.217, host: pr-hdds-1643-8bmlk-2934350033, networkLocation: /rack1, certSerialId: null}b3c4603b-a140-4f81-8843-cb94f3bca924{ip: 192.168.164.217, host: pr-hdds-1643-8bmlk-2934350033, networkLocation: /rack1, certSerialId: null}ce6aaef5-0e62-4cca-9483-e7266dc5c7be{ip: 192.168.164.217, host: pr-hdds-1643-8bmlk-2934350033, networkLocation: /rack1, certSerialId: null}, Type:RATIS, Factor:THREE, State:OPEN]
2019-11-05 08:34:22,421 [Thread-3465] INFO  impl.FollowerState (FollowerState.java:run(108)) - ce6aaef5-0e62-4cca-9483-e7266dc5c7be@group-785EB621D8C9-FollowerState: change to CANDIDATE, lastRpcTime:34ms, electionTimeout:33ms
2019-11-05 08:34:22,421 [Thread-3465] INFO  impl.RoleInfo (RoleInfo.java:shutdownFollowerState(121)) - ce6aaef5-0e62-4cca-9483-e7266dc5c7be: shutdown FollowerState
2019-11-05 08:34:22,421 [Thread-3465] INFO  impl.RaftServerImpl (RaftServerImpl.java:setRole(184)) - ce6aaef5-0e62-4cca-9483-e7266dc5c7be@group-785EB621D8C9: changes role from  FOLLOWER to CANDIDATE at term 0 for changeToCandidate
2019-11-05 08:34:22,422 [Thread-3465] INFO  impl.RoleInfo (RoleInfo.java:updateAndGet(143)) - ce6aaef5-0e62-4cca-9483-e7266dc5c7be: start LeaderElection
2019-11-05 08:34:22,430 [ce6aaef5-0e62-4cca-9483-e7266dc5c7be@group-785EB621D8C9-LeaderElection423] INFO  impl.LeaderElection (LeaderElection.java:askForVotes(178)) - ce6aaef5-0e62-4cca-9483-e7266dc5c7be@group-785EB621D8C9-LeaderElection423: begin an election at term 1 for -1: [b3c4603b-a140-4f81-8843-cb94f3bca924:192.168.164.217:37579, ce6aaef5-0e62-4cca-9483-e7266dc5c7be:192.168.164.217:42881, 6e52354a-8f39-4a00-bced-911c77341e64:192.168.164.217:42407], old=null
2019-11-05 08:34:22,430 [ce6aaef5-0e62-4cca-9483-e7266dc5c7be@group-9D7D9CA1327E-SegmentedRaftLogWorker] INFO  segmented.SegmentedRaftLogWorker (SegmentedRaftLogWorker.java:execute(576)) - ce6aaef5-0e62-4cca-9483-e7266dc5c7be@group-9D7D9CA1327E-SegmentedRaftLogWorker: created new log segment /workdir/hadoop-ozone/integration-test/target/test-dir/MiniOzoneClusterImpl-c1ac3406-7bea-4748-bbf9-a747646a8bff/datanode-9/data/ratis/053c10be-bd22-499a-9c57-9d7d9ca1327e/current/log_inprogress_0
2019-11-05 08:34:22,432 [Thread-3460] INFO  impl.FollowerState (FollowerState.java:run(108)) - 6e52354a-8f39-4a00-bced-911c77341e64@group-785EB621D8C9-FollowerState: change to CANDIDATE, lastRpcTime:63ms, electionTimeout:63ms
2019-11-05 08:34:22,433 [Thread-3460] INFO  impl.RoleInfo (RoleInfo.java:shutdownFollowerState(121)) - 6e52354a-8f39-4a00-bced-911c77341e64: shutdown FollowerState
2019-11-05 08:34:22,433 [Thread-3460] INFO  impl.RaftServerImpl (RaftServerImpl.java:setRole(184)) - 6e52354a-8f39-4a00-bced-911c77341e64@group-785EB621D8C9: changes role from  FOLLOWER to CANDIDATE at term 0 for changeToCandidate
2019-11-05 08:34:22,433 [Thread-3460] INFO  impl.RoleInfo (RoleInfo.java:updateAndGet(143)) - 6e52354a-8f39-4a00-bced-911c77341e64: start LeaderElection
2019-11-05 08:34:22,441 [grpc-default-executor-16] INFO  impl.RaftServerProxy (RaftServerProxy.java:addNew(89)) - d92c9463-8e05-4a70-8cc7-1d31ae7ac64a: addNew group-515877FFDAAC:[05ace5f9-a5b7-4bc6-b4fa-26d4e24ae00c:192.168.164.217:42356, d92c9463-8e05-4a70-8cc7-1d31ae7ac64a:192.168.164.217:37180, d7b60609-c805-4df6-8140-a27c681dae80:192.168.164.217:37880] returns group-515877FFDAAC:java.util.concurrent.CompletableFuture@20a1a37e[Not completed]
2019-11-05 08:34:22,441 [grpc-default-executor-15] INFO  impl.RaftServerProxy (RaftServerProxy.java:addNew(89)) - 05ace5f9-a5b7-4bc6-b4fa-26d4e24ae00c: addNew group-515877FFDAAC:[05ace5f9-a5b7-4bc6-b4fa-26d4e24ae00c:192.168.164.217:42356, d92c9463-8e05-4a70-8cc7-1d31ae7ac64a:192.168.164.217:37180, d7b60609-c805-4df6-8140-a27c681dae80:192.168.164.217:37880] returns group-515877FFDAAC:java.util.concurrent.CompletableFuture@5e259393[Not completed]
2019-11-05 08:34:22,441 [grpc-default-executor-13] INFO  impl.RaftServerProxy (RaftServerProxy.java:addNew(89)) - d7b60609-c805-4df6-8140-a27c681dae80: addNew group-515877FFDAAC:[05ace5f9-a5b7-4bc6-b4fa-26d4e24ae00c:192.168.164.217:42356, d92c9463-8e05-4a70-8cc7-1d31ae7ac64a:192.168.164.217:37180, d7b60609-c805-4df6-8140-a27c681dae80:192.168.164.217:37880] returns group-515877FFDAAC:java.util.concurrent.CompletableFuture@16213996[Not completed]
2019-11-05 08:34:22,442 [pool-209-thread-1] INFO  impl.RaftServerImpl (RaftServerImpl.java:<init>(104)) - 05ace5f9-a5b7-4bc6-b4fa-26d4e24ae00c: new RaftServerImpl for group-515877FFDAAC:[05ace5f9-a5b7-4bc6-b4fa-26d4e24ae00c:192.168.164.217:42356, d92c9463-8e05-4a70-8cc7-1d31ae7ac64a:192.168.164.217:37180, d7b60609-c805-4df6-8140-a27c681dae80:192.168.164.217:37880] with ContainerStateMachine:uninitialized
2019-11-05 08:34:22,442 [pool-209-thread-1] INFO  server.RaftServerConfigKeys (ConfUtils.java:logGet(43)) - raft.server.rpc.timeout.min = 1s (custom)
2019-11-05 08:34:22,442 [pool-209-thread-1] INFO  server.RaftServerConfigKeys (ConfUtils.java:logGet(43)) - raft.server.rpc.timeout.max = 1200ms (custom)
2019-11-05 08:34:22,445 [grpc-default-executor-15] INFO  impl.RaftServerImpl (RaftServerImpl.java:setRole(184)) - b3c4603b-a140-4f81-8843-cb94f3bca924@group-785EB621D8C9: changes role from  FOLLOWER to FOLLOWER at term 1 for recognizeCandidate:ce6aaef5-0e62-4cca-9483-e7266dc5c7be
2019-11-05 08:34:22,445 [pool-209-thread-1] INFO  server.RaftServerConfigKeys (ConfUtils.java:logGet(43)) - raft.server.rpcslowness.timeout = 120s (custom)
2019-11-05 08:34:22,445 [pool-199-thread-1] INFO  impl.RaftServerImpl (RaftServerImpl.java:<init>(104)) - d7b60609-c805-4df6-8140-a27c681dae80: new RaftServerImpl for group-515877FFDAAC:[05ace5f9-a5b7-4bc6-b4fa-26d4e24ae00c:192.168.164.217:42356, d92c9463-8e05-4a70-8cc7-1d31ae7ac64a:192.168.164.217:37180, d7b60609-c805-4df6-8140-a27c681dae80:192.168.164.217:37880] with ContainerStateMachine:uninitialized
2019-11-05 08:34:22,445 [grpc-default-executor-15] INFO  impl.RoleInfo (RoleInfo.java:shutdownFollowerState(121)) - b3c4603b-a140-4f81-8843-cb94f3bca924: shutdown FollowerState
2019-11-05 08:34:22,445 [pool-199-thread-1] INFO  server.RaftServerConfigKeys (ConfUtils.java:logGet(43)) - raft.server.rpc.timeout.min = 1s (custom)
2019-11-05 08:34:22,445 [pool-209-thread-1] INFO  server.RaftServerConfigKeys (ConfUtils.java:logGet(43)) - raft.server.sleep.deviation.threshold = 300 (default)
2019-11-05 08:34:22,446 [pool-199-thread-1] INFO  server.RaftServerConfigKeys (ConfUtils.java:logGet(43)) - raft.server.rpc.timeout.max = 1200ms (custom)
2019-11-05 08:34:22,445 [grpc-default-executor-15] INFO  impl.RoleInfo (RoleInfo.java:updateAndGet(143)) - b3c4603b-a140-4f81-8843-cb94f3bca924: start FollowerState
2019-11-05 08:34:22,445 [Thread-3466] INFO  impl.FollowerState (FollowerState.java:run(117)) - b3c4603b-a140-4f81-8843-cb94f3bca924@group-785EB621D8C9-FollowerState was interrupted: java.lang.InterruptedException: sleep interrupted
2019-11-05 08:34:22,446 [pool-209-thread-1] INFO  server.RaftServerConfigKeys (ConfUtils.java:logGet(43)) - raft.server.log.appender.install.snapshot.enabled = false (custom)
2019-11-05 08:34:22,446 [pool-199-thread-1] INFO  server.RaftServerConfigKeys (ConfUtils.java:logGet(43)) - raft.server.rpcslowness.timeout = 120s (custom)
2019-11-05 08:34:22,446 [pool-209-thread-1] INFO  impl.RaftServerImpl (ServerState.java:<init>(103)) - 05ace5f9-a5b7-4bc6-b4fa-26d4e24ae00c@group-515877FFDAAC: ConfigurationManager, init=-1: [05ace5f9-a5b7-4bc6-b4fa-26d4e24ae00c:192.168.164.217:42356, d92c9463-8e05-4a70-8cc7-1d31ae7ac64a:192.168.164.217:37180, d7b60609-c805-4df6-8140-a27c681dae80:192.168.164.217:37880], old=null, confs=<EMPTY_MAP>
2019-11-05 08:34:22,446 [pool-179-thread-1] INFO  impl.RaftServerImpl (RaftServerImpl.java:<init>(104)) - d92c9463-8e05-4a70-8cc7-1d31ae7ac64a: new RaftServerImpl for group-515877FFDAAC:[05ace5f9-a5b7-4bc6-b4fa-26d4e24ae00c:192.168.164.217:42356, d92c9463-8e05-4a70-8cc7-1d31ae7ac64a:192.168.164.217:37180, d7b60609-c805-4df6-8140-a27c681dae80:192.168.164.217:37880] with ContainerStateMachine:uninitialized
2019-11-05 08:34:22,446 [pool-209-thread-1] INFO  server.RaftServerConfigKeys (ConfUtils.java:logGet(43)) - raft.server.storage.dir = [/workdir/hadoop-ozone/integration-test/target/test-dir/MiniOzoneClusterImpl-c1ac3406-7bea-4748-bbf9-a747646a8bff/datanode-6/data/ratis] (custom)
2019-11-05 08:34:22,446 [pool-199-thread-1] INFO  server.RaftServerConfigKeys (ConfUtils.java:logGet(43)) - raft.server.sleep.deviation.threshold = 300 (default)
2019-11-05 08:34:22,446 [pool-179-thread-1] INFO  server.RaftServerConfigKeys (ConfUtils.java:logGet(43)) - raft.server.rpc.timeout.min = 1s (custom)
2019-11-05 08:34:22,447 [pool-209-thread-1] INFO  server.RaftServerConfigKeys (ConfUtils.java:logGet(43)) - raft.server.log.corruption.policy = EXCEPTION (default)
2019-11-05 08:34:22,447 [pool-199-thread-1] INFO  server.RaftServerConfigKeys (ConfUtils.java:logGet(43)) - raft.server.log.appender.install.snapshot.enabled = false (custom)
2019-11-05 08:34:22,447 [pool-179-thread-1] INFO  server.RaftServerConfigKeys (ConfUtils.java:logGet(43)) - raft.server.rpc.timeout.max = 1200ms (custom)
2019-11-05 08:34:22,447 [pool-199-thread-1] INFO  impl.RaftServerImpl (ServerState.java:<init>(103)) - d7b60609-c805-4df6-8140-a27c681dae80@group-515877FFDAAC: ConfigurationManager, init=-1: [05ace5f9-a5b7-4bc6-b4fa-26d4e24ae00c:192.168.164.217:42356, d92c9463-8e05-4a70-8cc7-1d31ae7ac64a:192.168.164.217:37180, d7b60609-c805-4df6-8140-a27c681dae80:192.168.164.217:37880], old=null, confs=<EMPTY_MAP>
2019-11-05 08:34:22,447 [pool-209-thread-1] INFO  storage.RaftStorageDirectory (RaftStorageDirectory.java:analyzeStorage(246)) - The storage directory /workdir/hadoop-ozone/integration-test/target/test-dir/MiniOzoneClusterImpl-c1ac3406-7bea-4748-bbf9-a747646a8bff/datanode-6/data/ratis/7532301e-03ec-4e7a-b7e9-515877ffdaac does not exist. Creating ...
2019-11-05 08:34:22,447 [pool-199-thread-1] INFO  server.RaftServerConfigKeys (ConfUtils.java:logGet(43)) - raft.server.storage.dir = [/workdir/hadoop-ozone/integration-test/target/test-dir/MiniOzoneClusterImpl-c1ac3406-7bea-4748-bbf9-a747646a8bff/datanode-5/data/ratis] (custom)
2019-11-05 08:34:22,447 [pool-179-thread-1] INFO  server.RaftServerConfigKeys (ConfUtils.java:logGet(43)) - raft.server.rpcslowness.timeout = 120s (custom)
2019-11-05 08:34:22,447 [pool-179-thread-1] INFO  server.RaftServerConfigKeys (ConfUtils.java:logGet(43)) - raft.server.sleep.deviation.threshold = 300 (default)
2019-11-05 08:34:22,447 [pool-199-thread-1] INFO  server.RaftServerConfigKeys (ConfUtils.java:logGet(43)) - raft.server.log.corruption.policy = EXCEPTION (default)
2019-11-05 08:34:22,447 [pool-179-thread-1] INFO  server.RaftServerConfigKeys (ConfUtils.java:logGet(43)) - raft.server.log.appender.install.snapshot.enabled = false (custom)
2019-11-05 08:34:22,448 [pool-199-thread-1] INFO  storage.RaftStorageDirectory (RaftStorageDirectory.java:analyzeStorage(246)) - The storage directory /workdir/hadoop-ozone/integration-test/target/test-dir/MiniOzoneClusterImpl-c1ac3406-7bea-4748-bbf9-a747646a8bff/datanode-5/data/ratis/7532301e-03ec-4e7a-b7e9-515877ffdaac does not exist. Creating ...
2019-11-05 08:34:22,448 [pool-179-thread-1] INFO  impl.RaftServerImpl (ServerState.java:<init>(103)) - d92c9463-8e05-4a70-8cc7-1d31ae7ac64a@group-515877FFDAAC: ConfigurationManager, init=-1: [05ace5f9-a5b7-4bc6-b4fa-26d4e24ae00c:192.168.164.217:42356, d92c9463-8e05-4a70-8cc7-1d31ae7ac64a:192.168.164.217:37180, d7b60609-c805-4df6-8140-a27c681dae80:192.168.164.217:37880], old=null, confs=<EMPTY_MAP>
2019-11-05 08:34:22,448 [pool-179-thread-1] INFO  server.RaftServerConfigKeys (ConfUtils.java:logGet(43)) - raft.server.storage.dir = [/workdir/hadoop-ozone/integration-test/target/test-dir/MiniOzoneClusterImpl-c1ac3406-7bea-4748-bbf9-a747646a8bff/datanode-3/data/ratis] (custom)
2019-11-05 08:34:22,448 [pool-179-thread-1] INFO  server.RaftServerConfigKeys (ConfUtils.java:logGet(43)) - raft.server.log.corruption.policy = EXCEPTION (default)
2019-11-05 08:34:22,448 [pool-179-thread-1] INFO  storage.RaftStorageDirectory (RaftStorageDirectory.java:analyzeStorage(246)) - The storage directory /workdir/hadoop-ozone/integration-test/target/test-dir/MiniOzoneClusterImpl-c1ac3406-7bea-4748-bbf9-a747646a8bff/datanode-3/data/ratis/7532301e-03ec-4e7a-b7e9-515877ffdaac does not exist. Creating ...
2019-11-05 08:34:22,468 [pool-209-thread-1] INFO  storage.RaftStorageDirectory (RaftStorageDirectory.java:tryLock(328)) - Lock on /workdir/hadoop-ozone/integration-test/target/test-dir/MiniOzoneClusterImpl-c1ac3406-7bea-4748-bbf9-a747646a8bff/datanode-6/data/ratis/7532301e-03ec-4e7a-b7e9-515877ffdaac/in_use.lock acquired by nodename 19585@pr-hdds-1643-8bmlk-2934350033
2019-11-05 08:34:22,468 [pool-179-thread-1] INFO  storage.RaftStorageDirectory (RaftStorageDirectory.java:tryLock(328)) - Lock on /workdir/hadoop-ozone/integration-test/target/test-dir/MiniOzoneClusterImpl-c1ac3406-7bea-4748-bbf9-a747646a8bff/datanode-3/data/ratis/7532301e-03ec-4e7a-b7e9-515877ffdaac/in_use.lock acquired by nodename 19585@pr-hdds-1643-8bmlk-2934350033
2019-11-05 08:34:22,468 [Thread-3473] INFO  impl.FollowerState (FollowerState.java:run(108)) - b3c4603b-a140-4f81-8843-cb94f3bca924@group-785EB621D8C9-FollowerState: change to CANDIDATE, lastRpcTime:22ms, electionTimeout:19ms
2019-11-05 08:34:22,468 [6e52354a-8f39-4a00-bced-911c77341e64@group-785EB621D8C9-LeaderElection424] INFO  impl.LeaderElection (LeaderElection.java:askForVotes(178)) - 6e52354a-8f39-4a00-bced-911c77341e64@group-785EB621D8C9-LeaderElection424: begin an election at term 1 for -1: [b3c4603b-a140-4f81-8843-cb94f3bca924:192.168.164.217:37579, ce6aaef5-0e62-4cca-9483-e7266dc5c7be:192.168.164.217:42881, 6e52354a-8f39-4a00-bced-911c77341e64:192.168.164.217:42407], old=null
2019-11-05 08:34:22,468 [pool-199-thread-1] INFO  storage.RaftStorageDirectory (RaftStorageDirectory.java:tryLock(328)) - Lock on /workdir/hadoop-ozone/integration-test/target/test-dir/MiniOzoneClusterImpl-c1ac3406-7bea-4748-bbf9-a747646a8bff/datanode-5/data/ratis/7532301e-03ec-4e7a-b7e9-515877ffdaac/in_use.lock acquired by nodename 19585@pr-hdds-1643-8bmlk-2934350033
2019-11-05 08:34:22,468 [ce6aaef5-0e62-4cca-9483-e7266dc5c7be@group-785EB621D8C9-LeaderElection423] INFO  impl.LeaderElection (LeaderElection.java:logAndReturn(56)) - ce6aaef5-0e62-4cca-9483-e7266dc5c7be@group-785EB621D8C9-LeaderElection423: Election PASSED; received 1 response(s) [ce6aaef5-0e62-4cca-9483-e7266dc5c7be<-b3c4603b-a140-4f81-8843-cb94f3bca924#0:OK-t1] and 0 exception(s); ce6aaef5-0e62-4cca-9483-e7266dc5c7be@group-785EB621D8C9:t1, leader=null, voted=ce6aaef5-0e62-4cca-9483-e7266dc5c7be, raftlog=ce6aaef5-0e62-4cca-9483-e7266dc5c7be@group-785EB621D8C9-SegmentedRaftLog:OPENED:c-1,f-1,i0, conf=-1: [b3c4603b-a140-4f81-8843-cb94f3bca924:192.168.164.217:37579, ce6aaef5-0e62-4cca-9483-e7266dc5c7be:192.168.164.217:42881, 6e52354a-8f39-4a00-bced-911c77341e64:192.168.164.217:42407], old=null
2019-11-05 08:34:22,468 [Thread-3473] INFO  impl.RoleInfo (RoleInfo.java:shutdownFollowerState(121)) - b3c4603b-a140-4f81-8843-cb94f3bca924: shutdown FollowerState
2019-11-05 08:34:22,468 [ce6aaef5-0e62-4cca-9483-e7266dc5c7be@group-785EB621D8C9-LeaderElection423] INFO  impl.RoleInfo (RoleInfo.java:shutdownLeaderElection(134)) - ce6aaef5-0e62-4cca-9483-e7266dc5c7be: shutdown LeaderElection
2019-11-05 08:34:22,469 [Thread-3473] INFO  impl.RaftServerImpl (RaftServerImpl.java:setRole(184)) - b3c4603b-a140-4f81-8843-cb94f3bca924@group-785EB621D8C9: changes role from  FOLLOWER to CANDIDATE at term 1 for changeToCandidate
2019-11-05 08:34:22,469 [ce6aaef5-0e62-4cca-9483-e7266dc5c7be@group-785EB621D8C9-LeaderElection423] INFO  impl.RaftServerImpl (RaftServerImpl.java:setRole(184)) - ce6aaef5-0e62-4cca-9483-e7266dc5c7be@group-785EB621D8C9: changes role from CANDIDATE to LEADER at term 1 for changeToLeader
2019-11-05 08:34:22,469 [Thread-3473] INFO  impl.RoleInfo (RoleInfo.java:updateAndGet(143)) - b3c4603b-a140-4f81-8843-cb94f3bca924: start LeaderElection
2019-11-05 08:34:22,469 [ce6aaef5-0e62-4cca-9483-e7266dc5c7be@group-785EB621D8C9-LeaderElection423] INFO  impl.RaftServerImpl (ServerState.java:setLeader(256)) - ce6aaef5-0e62-4cca-9483-e7266dc5c7be@group-785EB621D8C9: change Leader from null to ce6aaef5-0e62-4cca-9483-e7266dc5c7be at term 1 for becomeLeader, leader elected after 89ms
2019-11-05 08:34:22,469 [ce6aaef5-0e62-4cca-9483-e7266dc5c7be@group-785EB621D8C9-LeaderElection423] INFO  server.RaftServerConfigKeys (ConfUtils.java:logGet(43)) - raft.server.staging.catchup.gap = 1000 (default)
2019-11-05 08:34:22,469 [ce6aaef5-0e62-4cca-9483-e7266dc5c7be@group-785EB621D8C9-LeaderElection423] INFO  server.RaftServerConfigKeys (ConfUtils.java:logGet(43)) - raft.server.rpc.sleep.time = 25ms (default)
2019-11-05 08:34:22,469 [ce6aaef5-0e62-4cca-9483-e7266dc5c7be@group-785EB621D8C9-LeaderElection423] INFO  server.RaftServerConfigKeys (ConfUtils.java:logGet(43)) - raft.server.write.element-limit = 4096 (default)
2019-11-05 08:34:22,470 [ce6aaef5-0e62-4cca-9483-e7266dc5c7be@group-785EB621D8C9-LeaderElection423] INFO  server.RaftServerConfigKeys (ConfUtils.java:logGet(43)) - raft.server.watch.timeout = 10s (default)
2019-11-05 08:34:22,470 [ce6aaef5-0e62-4cca-9483-e7266dc5c7be@group-785EB621D8C9-LeaderElection423] INFO  server.RaftServerConfigKeys (ConfUtils.java:logGet(43)) - raft.server.watch.timeout.denomination = 1s (default)
2019-11-05 08:34:22,470 [ce6aaef5-0e62-4cca-9483-e7266dc5c7be@group-785EB621D8C9-LeaderElection423] INFO  server.RaftServerConfigKeys (ConfUtils.java:logGet(43)) - raft.server.watch.element-limit = 65536 (default)
2019-11-05 08:34:22,482 [pool-199-thread-1] INFO  storage.RaftStorage (RaftStorage.java:format(84)) - Storage directory /workdir/hadoop-ozone/integration-test/target/test-dir/MiniOzoneClusterImpl-c1ac3406-7bea-4748-bbf9-a747646a8bff/datanode-5/data/ratis/7532301e-03ec-4e7a-b7e9-515877ffdaac has been successfully formatted.
2019-11-05 08:34:22,482 [b3c4603b-a140-4f81-8843-cb94f3bca924@group-785EB621D8C9-LeaderElection425] INFO  impl.LeaderElection (LeaderElection.java:askForVotes(178)) - b3c4603b-a140-4f81-8843-cb94f3bca924@group-785EB621D8C9-LeaderElection425: begin an election at term 2 for -1: [b3c4603b-a140-4f81-8843-cb94f3bca924:192.168.164.217:37579, ce6aaef5-0e62-4cca-9483-e7266dc5c7be:192.168.164.217:42881, 6e52354a-8f39-4a00-bced-911c77341e64:192.168.164.217:42407], old=null
2019-11-05 08:34:22,482 [pool-209-thread-1] INFO  storage.RaftStorage (RaftStorage.java:format(84)) - Storage directory /workdir/hadoop-ozone/integration-test/target/test-dir/MiniOzoneClusterImpl-c1ac3406-7bea-4748-bbf9-a747646a8bff/datanode-6/data/ratis/7532301e-03ec-4e7a-b7e9-515877ffdaac has been successfully formatted.
2019-11-05 08:34:22,482 [pool-179-thread-1] INFO  storage.RaftStorage (RaftStorage.java:format(84)) - Storage directory /workdir/hadoop-ozone/integration-test/target/test-dir/MiniOzoneClusterImpl-c1ac3406-7bea-4748-bbf9-a747646a8bff/datanode-3/data/ratis/7532301e-03ec-4e7a-b7e9-515877ffdaac has been successfully formatted.
2019-11-05 08:34:22,482 [ce6aaef5-0e62-4cca-9483-e7266dc5c7be@group-785EB621D8C9-LeaderElection423] INFO  server.RaftServerConfigKeys (ConfUtils.java:logGet(43)) - raft.server.log.appender.snapshot.chunk.size.max = 16MB (=16777216) (default)
2019-11-05 08:34:22,482 [pool-199-thread-1] INFO  ratis.ContainerStateMachine (ContainerStateMachine.java:loadSnapshot(231)) - group-515877FFDAAC: The snapshot info is null. Setting the last applied indexto:(t:0, i:~)
2019-11-05 08:34:22,483 [ce6aaef5-0e62-4cca-9483-e7266dc5c7be@group-785EB621D8C9-LeaderElection423] INFO  server.RaftServerConfigKeys (ConfUtils.java:logGet(43)) - raft.server.log.appender.buffer.byte-limit = 33554432 (custom)
2019-11-05 08:34:22,483 [pool-179-thread-1] INFO  ratis.ContainerStateMachine (ContainerStateMachine.java:loadSnapshot(231)) - group-515877FFDAAC: The snapshot info is null. Setting the last applied indexto:(t:0, i:~)
2019-11-05 08:34:22,483 [6e52354a-8f39-4a00-bced-911c77341e64@group-785EB621D8C9-LeaderElection424] INFO  impl.LeaderElection (LeaderElection.java:logAndReturn(56)) - 6e52354a-8f39-4a00-bced-911c77341e64@group-785EB621D8C9-LeaderElection424: Election DISCOVERED_A_NEW_TERM; received 1 response(s) [6e52354a-8f39-4a00-bced-911c77341e64<-b3c4603b-a140-4f81-8843-cb94f3bca924#0:FAIL-t2] and 0 exception(s); 6e52354a-8f39-4a00-bced-911c77341e64@group-785EB621D8C9:t1, leader=null, voted=6e52354a-8f39-4a00-bced-911c77341e64, raftlog=6e52354a-8f39-4a00-bced-911c77341e64@group-785EB621D8C9-SegmentedRaftLog:OPENED:c-1,f-1,i0, conf=-1: [b3c4603b-a140-4f81-8843-cb94f3bca924:192.168.164.217:37579, ce6aaef5-0e62-4cca-9483-e7266dc5c7be:192.168.164.217:42881, 6e52354a-8f39-4a00-bced-911c77341e64:192.168.164.217:42407], old=null
2019-11-05 08:34:22,483 [pool-179-thread-1] INFO  server.RaftServerConfigKeys (ConfUtils.java:logGet(43)) - raft.server.notification.no-leader.timeout = 120s (custom)
2019-11-05 08:34:22,483 [ce6aaef5-0e62-4cca-9483-e7266dc5c7be@group-785EB621D8C9-LeaderElection423] INFO  server.RaftServerConfigKeys (ConfUtils.java:logGet(43)) - raft.server.log.appender.buffer.element-limit = 1 (custom)
2019-11-05 08:34:22,483 [pool-209-thread-1] INFO  ratis.ContainerStateMachine (ContainerStateMachine.java:loadSnapshot(231)) - group-515877FFDAAC: The snapshot info is null. Setting the last applied indexto:(t:0, i:~)
2019-11-05 08:34:22,483 [pool-199-thread-1] INFO  server.RaftServerConfigKeys (ConfUtils.java:logGet(43)) - raft.server.notification.no-leader.timeout = 120s (custom)
2019-11-05 08:34:22,484 [pool-209-thread-1] INFO  server.RaftServerConfigKeys (ConfUtils.java:logGet(43)) - raft.server.notification.no-leader.timeout = 120s (custom)
2019-11-05 08:34:22,484 [ce6aaef5-0e62-4cca-9483-e7266dc5c7be@group-785EB621D8C9-LeaderElection423] INFO  grpc.GrpcConfigKeys$Server (ConfUtils.java:logGet(43)) - raft.grpc.server.leader.outstanding.appends.max = 128 (default)
2019-11-05 08:34:22,483 [pool-179-thread-1] INFO  server.RaftServerConfigKeys (ConfUtils.java:logGet(43)) - raft.server.log.use.memory = false (default)
2019-11-05 08:34:22,483 [6e52354a-8f39-4a00-bced-911c77341e64@group-785EB621D8C9-LeaderElection424] INFO  impl.RaftServerImpl (RaftServerImpl.java:setRole(184)) - 6e52354a-8f39-4a00-bced-911c77341e64@group-785EB621D8C9: changes role from CANDIDATE to FOLLOWER at term 2 for DISCOVERED_A_NEW_TERM
2019-11-05 08:34:22,484 [pool-179-thread-1] INFO  server.RaftServerConfigKeys (ConfUtils.java:logGet(43)) - raft.server.log.purge.gap = 1000000 (custom)
2019-11-05 08:34:22,484 [ce6aaef5-0e62-4cca-9483-e7266dc5c7be@group-785EB621D8C9-LeaderElection423] INFO  server.RaftServerConfigKeys (ConfUtils.java:logGet(43)) - raft.server.rpc.request.timeout = 3000ms (default)
2019-11-05 08:34:22,487 [ce6aaef5-0e62-4cca-9483-e7266dc5c7be@group-785EB621D8C9-LeaderElection423] INFO  server.RaftServerConfigKeys (ConfUtils.java:logGet(43)) - raft.server.log.appender.install.snapshot.enabled = false (custom)
2019-11-05 08:34:22,484 [pool-209-thread-1] INFO  server.RaftServerConfigKeys (ConfUtils.java:logGet(43)) - raft.server.log.use.memory = false (default)
2019-11-05 08:34:22,487 [pool-209-thread-1] INFO  server.RaftServerConfigKeys (ConfUtils.java:logGet(43)) - raft.server.log.purge.gap = 1000000 (custom)
2019-11-05 08:34:22,484 [pool-199-thread-1] INFO  server.RaftServerConfigKeys (ConfUtils.java:logGet(43)) - raft.server.log.use.memory = false (default)
2019-11-05 08:34:22,488 [pool-209-thread-1] INFO  server.RaftServerConfigKeys (ConfUtils.java:logGet(43)) - raft.server.log.appender.buffer.byte-limit = 33554432 (custom)
2019-11-05 08:34:22,487 [pool-179-thread-1] INFO  server.RaftServerConfigKeys (ConfUtils.java:logGet(43)) - raft.server.log.appender.buffer.byte-limit = 33554432 (custom)
2019-11-05 08:34:22,484 [6e52354a-8f39-4a00-bced-911c77341e64@group-785EB621D8C9-LeaderElection424] INFO  impl.RoleInfo (RoleInfo.java:shutdownLeaderElection(134)) - 6e52354a-8f39-4a00-bced-911c77341e64: shutdown LeaderElection
2019-11-05 08:34:22,488 [pool-179-thread-1] INFO  server.RaftServerConfigKeys (ConfUtils.java:logGet(43)) - raft.server.log.segment.size.max = 1048576 (custom)
2019-11-05 08:34:22,488 [pool-209-thread-1] INFO  server.RaftServerConfigKeys (ConfUtils.java:logGet(43)) - raft.server.log.segment.size.max = 1048576 (custom)
2019-11-05 08:34:22,488 [pool-199-thread-1] INFO  server.RaftServerConfigKeys (ConfUtils.java:logGet(43)) - raft.server.log.purge.gap = 1000000 (custom)
2019-11-05 08:34:22,488 [pool-209-thread-1] INFO  server.RaftServerConfigKeys (ConfUtils.java:logGet(43)) - raft.server.log.segment.cache.num.max = 2 (custom)
2019-11-05 08:34:22,488 [pool-179-thread-1] INFO  server.RaftServerConfigKeys (ConfUtils.java:logGet(43)) - raft.server.log.segment.cache.num.max = 2 (custom)
2019-11-05 08:34:22,488 [6e52354a-8f39-4a00-bced-911c77341e64@group-785EB621D8C9-LeaderElection424] INFO  impl.RoleInfo (RoleInfo.java:updateAndGet(143)) - 6e52354a-8f39-4a00-bced-911c77341e64: start FollowerState
2019-11-05 08:34:22,489 [pool-179-thread-1] INFO  segmented.SegmentedRaftLogWorker (SegmentedRaftLogWorker.java:<init>(173)) - new d92c9463-8e05-4a70-8cc7-1d31ae7ac64a@group-515877FFDAAC-SegmentedRaftLogWorker for RaftStorage:Storage Directory /workdir/hadoop-ozone/integration-test/target/test-dir/MiniOzoneClusterImpl-c1ac3406-7bea-4748-bbf9-a747646a8bff/datanode-3/data/ratis/7532301e-03ec-4e7a-b7e9-515877ffdaac
2019-11-05 08:34:22,489 [pool-209-thread-1] INFO  segmented.SegmentedRaftLogWorker (SegmentedRaftLogWorker.java:<init>(173)) - new 05ace5f9-a5b7-4bc6-b4fa-26d4e24ae00c@group-515877FFDAAC-SegmentedRaftLogWorker for RaftStorage:Storage Directory /workdir/hadoop-ozone/integration-test/target/test-dir/MiniOzoneClusterImpl-c1ac3406-7bea-4748-bbf9-a747646a8bff/datanode-6/data/ratis/7532301e-03ec-4e7a-b7e9-515877ffdaac
2019-11-05 08:34:22,489 [pool-209-thread-1] INFO  server.RaftServerConfigKeys (ConfUtils.java:logGet(43)) - raft.server.log.queue.byte-limit = 2147483647 (custom)
2019-11-05 08:34:22,488 [pool-199-thread-1] INFO  server.RaftServerConfigKeys (ConfUtils.java:logGet(43)) - raft.server.log.appender.buffer.byte-limit = 33554432 (custom)
2019-11-05 08:34:22,488 [ce6aaef5-0e62-4cca-9483-e7266dc5c7be@group-785EB621D8C9-LeaderElection423] INFO  server.RaftServerConfigKeys (ConfUtils.java:logGet(43)) - raft.server.log.appender.snapshot.chunk.size.max = 16MB (=16777216) (default)
2019-11-05 08:34:22,489 [pool-199-thread-1] INFO  server.RaftServerConfigKeys (ConfUtils.java:logGet(43)) - raft.server.log.segment.size.max = 1048576 (custom)
2019-11-05 08:34:22,489 [pool-209-thread-1] INFO  server.RaftServerConfigKeys (ConfUtils.java:logGet(43)) - raft.server.log.queue.element-limit = 1024 (custom)
2019-11-05 08:34:22,489 [pool-179-thread-1] INFO  server.RaftServerConfigKeys (ConfUtils.java:logGet(43)) - raft.server.log.queue.byte-limit = 2147483647 (custom)
2019-11-05 08:34:22,490 [pool-209-thread-1] INFO  server.RaftServerConfigKeys (ConfUtils.java:logGet(43)) - raft.server.log.segment.size.max = 1048576 (custom)
2019-11-05 08:34:22,490 [pool-209-thread-1] INFO  server.RaftServerConfigKeys (ConfUtils.java:logGet(43)) - raft.server.log.preallocated.size = 16384 (custom)
2019-11-05 08:34:22,489 [pool-199-thread-1] INFO  server.RaftServerConfigKeys (ConfUtils.java:logGet(43)) - raft.server.log.segment.cache.num.max = 2 (custom)
2019-11-05 08:34:22,489 [ce6aaef5-0e62-4cca-9483-e7266dc5c7be@group-785EB621D8C9-LeaderElection423] INFO  server.RaftServerConfigKeys (ConfUtils.java:logGet(43)) - raft.server.log.appender.buffer.byte-limit = 33554432 (custom)
2019-11-05 08:34:22,490 [pool-199-thread-1] INFO  segmented.SegmentedRaftLogWorker (SegmentedRaftLogWorker.java:<init>(173)) - new d7b60609-c805-4df6-8140-a27c681dae80@group-515877FFDAAC-SegmentedRaftLogWorker for RaftStorage:Storage Directory /workdir/hadoop-ozone/integration-test/target/test-dir/MiniOzoneClusterImpl-c1ac3406-7bea-4748-bbf9-a747646a8bff/datanode-5/data/ratis/7532301e-03ec-4e7a-b7e9-515877ffdaac
2019-11-05 08:34:22,490 [pool-209-thread-1] INFO  server.RaftServerConfigKeys (ConfUtils.java:logGet(43)) - raft.server.log.write.buffer.size = 33554432 (custom)
2019-11-05 08:34:22,490 [pool-179-thread-1] INFO  server.RaftServerConfigKeys (ConfUtils.java:logGet(43)) - raft.server.log.queue.element-limit = 1024 (custom)
2019-11-05 08:34:22,490 [pool-209-thread-1] INFO  server.RaftServerConfigKeys (ConfUtils.java:logGet(43)) - raft.server.log.force.sync.num = 128 (default)
2019-11-05 08:34:22,490 [pool-199-thread-1] INFO  server.RaftServerConfigKeys (ConfUtils.java:logGet(43)) - raft.server.log.queue.byte-limit = 2147483647 (custom)
2019-11-05 08:34:22,490 [ce6aaef5-0e62-4cca-9483-e7266dc5c7be@group-785EB621D8C9-LeaderElection423] INFO  server.RaftServerConfigKeys (ConfUtils.java:logGet(43)) - raft.server.log.appender.buffer.element-limit = 1 (custom)
2019-11-05 08:34:22,491 [pool-199-thread-1] INFO  server.RaftServerConfigKeys (ConfUtils.java:logGet(43)) - raft.server.log.queue.element-limit = 1024 (custom)
2019-11-05 08:34:22,491 [pool-209-thread-1] INFO  server.RaftServerConfigKeys (ConfUtils.java:logGet(43)) - raft.server.log.statemachine.data.sync = true (default)
2019-11-05 08:34:22,491 [pool-179-thread-1] INFO  server.RaftServerConfigKeys (ConfUtils.java:logGet(43)) - raft.server.log.segment.size.max = 1048576 (custom)
2019-11-05 08:34:22,491 [pool-209-thread-1] INFO  server.RaftServerConfigKeys (ConfUtils.java:logGet(43)) - raft.server.log.statemachine.data.sync.timeout = 10s (default)
2019-11-05 08:34:22,491 [pool-199-thread-1] INFO  server.RaftServerConfigKeys (ConfUtils.java:logGet(43)) - raft.server.log.segment.size.max = 1048576 (custom)
2019-11-05 08:34:22,491 [ce6aaef5-0e62-4cca-9483-e7266dc5c7be@group-785EB621D8C9-LeaderElection423] INFO  grpc.GrpcConfigKeys$Server (ConfUtils.java:logGet(43)) - raft.grpc.server.leader.outstanding.appends.max = 128 (default)
2019-11-05 08:34:22,491 [pool-199-thread-1] INFO  server.RaftServerConfigKeys (ConfUtils.java:logGet(43)) - raft.server.log.preallocated.size = 16384 (custom)
2019-11-05 08:34:22,491 [pool-209-thread-1] INFO  server.RaftServerConfigKeys (ConfUtils.java:logGet(43)) - raft.server.log.statemachine.data.sync.timeout.retry = -1 (default)
2019-11-05 08:34:22,491 [pool-179-thread-1] INFO  server.RaftServerConfigKeys (ConfUtils.java:logGet(43)) - raft.server.log.preallocated.size = 16384 (custom)
2019-11-05 08:34:22,492 [pool-209-thread-1] INFO  server.RaftServerConfigKeys (ConfUtils.java:logGet(43)) - raft.server.log.statemachine.data.caching.enabled = true (custom)
2019-11-05 08:34:22,492 [pool-199-thread-1] INFO  server.RaftServerConfigKeys (ConfUtils.java:logGet(43)) - raft.server.log.write.buffer.size = 33554432 (custom)
2019-11-05 08:34:22,492 [ce6aaef5-0e62-4cca-9483-e7266dc5c7be@group-785EB621D8C9-LeaderElection423] INFO  server.RaftServerConfigKeys (ConfUtils.java:logGet(43)) - raft.server.rpc.request.timeout = 3000ms (default)
2019-11-05 08:34:22,492 [pool-209-thread-1] INFO  segmented.SegmentedRaftLogWorker (SegmentedRaftLogWorker.java:lambda$new$0(128)) - 05ace5f9-a5b7-4bc6-b4fa-26d4e24ae00c@group-515877FFDAAC-SegmentedRaftLogWorker: flushIndex: setUnconditionally 0 -> -1
2019-11-05 08:34:22,492 [pool-199-thread-1] INFO  server.RaftServerConfigKeys (ConfUtils.java:logGet(43)) - raft.server.log.force.sync.num = 128 (default)
2019-11-05 08:34:22,492 [pool-179-thread-1] INFO  server.RaftServerConfigKeys (ConfUtils.java:logGet(43)) - raft.server.log.write.buffer.size = 33554432 (custom)
2019-11-05 08:34:22,493 [pool-199-thread-1] INFO  server.RaftServerConfigKeys (ConfUtils.java:logGet(43)) - raft.server.log.statemachine.data.sync = true (default)
2019-11-05 08:34:22,493 [pool-209-thread-1] INFO  server.RaftServerConfigKeys (ConfUtils.java:logGet(43)) - raft.server.snapshot.auto.trigger.enabled = true (custom)
2019-11-05 08:34:22,492 [ce6aaef5-0e62-4cca-9483-e7266dc5c7be@group-785EB621D8C9-LeaderElection423] INFO  server.RaftServerConfigKeys (ConfUtils.java:logGet(43)) - raft.server.log.appender.install.snapshot.enabled = false (custom)
2019-11-05 08:34:22,493 [pool-209-thread-1] INFO  server.RaftServerConfigKeys (ConfUtils.java:logGet(43)) - raft.server.snapshot.auto.trigger.threshold = 10000 (custom)
2019-11-05 08:34:22,493 [pool-199-thread-1] INFO  server.RaftServerConfigKeys (ConfUtils.java:logGet(43)) - raft.server.log.statemachine.data.sync.timeout = 10s (default)
2019-11-05 08:34:22,493 [pool-179-thread-1] INFO  server.RaftServerConfigKeys (ConfUtils.java:logGet(43)) - raft.server.log.force.sync.num = 128 (default)
2019-11-05 08:34:22,493 [pool-199-thread-1] INFO  server.RaftServerConfigKeys (ConfUtils.java:logGet(43)) - raft.server.log.statemachine.data.sync.timeout.retry = -1 (default)
2019-11-05 08:34:22,493 [pool-209-thread-1] INFO  server.RaftServerConfigKeys (ConfUtils.java:logGet(43)) - raft.server.snapshot.retention.file.num = 5 (custom)
2019-11-05 08:34:22,493 [pool-179-thread-1] INFO  server.RaftServerConfigKeys (ConfUtils.java:logGet(43)) - raft.server.log.statemachine.data.sync = true (default)
2019-11-05 08:34:22,494 [pool-209-thread-1] INFO  server.RaftServerConfigKeys (ConfUtils.java:logGet(43)) - raft.server.retrycache.expirytime = 600000ms (custom)
2019-11-05 08:34:22,494 [pool-199-thread-1] INFO  server.RaftServerConfigKeys (ConfUtils.java:logGet(43)) - raft.server.log.statemachine.data.caching.enabled = true (custom)
2019-11-05 08:34:22,494 [pool-179-thread-1] INFO  server.RaftServerConfigKeys (ConfUtils.java:logGet(43)) - raft.server.log.statemachine.data.sync.timeout = 10s (default)
2019-11-05 08:34:22,494 [pool-179-thread-1] INFO  server.RaftServerConfigKeys (ConfUtils.java:logGet(43)) - raft.server.log.statemachine.data.sync.timeout.retry = -1 (default)
2019-11-05 08:34:22,494 [ce6aaef5-0e62-4cca-9483-e7266dc5c7be@group-785EB621D8C9-LeaderElection423] INFO  impl.RoleInfo (RoleInfo.java:updateAndGet(143)) - ce6aaef5-0e62-4cca-9483-e7266dc5c7be: start LeaderState
2019-11-05 08:34:22,494 [pool-199-thread-1] INFO  segmented.SegmentedRaftLogWorker (SegmentedRaftLogWorker.java:lambda$new$0(128)) - d7b60609-c805-4df6-8140-a27c681dae80@group-515877FFDAAC-SegmentedRaftLogWorker: flushIndex: setUnconditionally 0 -> -1
2019-11-05 08:34:22,494 [pool-179-thread-1] INFO  server.RaftServerConfigKeys (ConfUtils.java:logGet(43)) - raft.server.log.statemachine.data.caching.enabled = true (custom)
2019-11-05 08:34:22,494 [ce6aaef5-0e62-4cca-9483-e7266dc5c7be@group-785EB621D8C9-LeaderElection423] INFO  segmented.SegmentedRaftLogWorker (SegmentedRaftLogWorker.java:startLogSegment(385)) - ce6aaef5-0e62-4cca-9483-e7266dc5c7be@group-785EB621D8C9-SegmentedRaftLogWorker: Starting segment from index:0
2019-11-05 08:34:22,495 [pool-179-thread-1] INFO  segmented.SegmentedRaftLogWorker (SegmentedRaftLogWorker.java:lambda$new$0(128)) - d92c9463-8e05-4a70-8cc7-1d31ae7ac64a@group-515877FFDAAC-SegmentedRaftLogWorker: flushIndex: setUnconditionally 0 -> -1
2019-11-05 08:34:22,495 [pool-199-thread-1] INFO  server.RaftServerConfigKeys (ConfUtils.java:logGet(43)) - raft.server.snapshot.auto.trigger.enabled = true (custom)
2019-11-05 08:34:22,495 [pool-199-thread-1] INFO  server.RaftServerConfigKeys (ConfUtils.java:logGet(43)) - raft.server.snapshot.auto.trigger.threshold = 10000 (custom)
2019-11-05 08:34:22,495 [pool-179-thread-1] INFO  server.RaftServerConfigKeys (ConfUtils.java:logGet(43)) - raft.server.snapshot.auto.trigger.enabled = true (custom)
2019-11-05 08:34:22,495 [pool-199-thread-1] INFO  server.RaftServerConfigKeys (ConfUtils.java:logGet(43)) - raft.server.snapshot.retention.file.num = 5 (custom)
2019-11-05 08:34:22,495 [ce6aaef5-0e62-4cca-9483-e7266dc5c7be@group-785EB621D8C9-LeaderElection423] INFO  impl.RaftServerImpl (ServerState.java:setRaftConf(357)) - ce6aaef5-0e62-4cca-9483-e7266dc5c7be@group-785EB621D8C9: set configuration 0: [b3c4603b-a140-4f81-8843-cb94f3bca924:192.168.164.217:37579, ce6aaef5-0e62-4cca-9483-e7266dc5c7be:192.168.164.217:42881, 6e52354a-8f39-4a00-bced-911c77341e64:192.168.164.217:42407], old=null at 0
2019-11-05 08:34:22,495 [pool-179-thread-1] INFO  server.RaftServerConfigKeys (ConfUtils.java:logGet(43)) - raft.server.snapshot.auto.trigger.threshold = 10000 (custom)
2019-11-05 08:34:22,495 [pool-199-thread-1] INFO  server.RaftServerConfigKeys (ConfUtils.java:logGet(43)) - raft.server.retrycache.expirytime = 600000ms (custom)
2019-11-05 08:34:22,495 [grpc-default-executor-16] INFO  impl.RaftServerImpl (ServerState.java:setLeader(256)) - ce6aaef5-0e62-4cca-9483-e7266dc5c7be@group-785EB621D8C9: change Leader from ce6aaef5-0e62-4cca-9483-e7266dc5c7be to null at term 2 for updateCurrentTerm
2019-11-05 08:34:22,495 [pool-179-thread-1] INFO  server.RaftServerConfigKeys (ConfUtils.java:logGet(43)) - raft.server.snapshot.retention.file.num = 5 (custom)
2019-11-05 08:34:22,496 [grpc-default-executor-16] INFO  impl.RaftServerImpl (RaftServerImpl.java:setRole(184)) - ce6aaef5-0e62-4cca-9483-e7266dc5c7be@group-785EB621D8C9: changes role from    LEADER to FOLLOWER at term 2 for recognizeCandidate:b3c4603b-a140-4f81-8843-cb94f3bca924
2019-11-05 08:34:22,496 [pool-209-thread-1] INFO  impl.RaftServerImpl (RaftServerImpl.java:start(195)) - 05ace5f9-a5b7-4bc6-b4fa-26d4e24ae00c@group-515877FFDAAC: start as a follower, conf=-1: [05ace5f9-a5b7-4bc6-b4fa-26d4e24ae00c:192.168.164.217:42356, d92c9463-8e05-4a70-8cc7-1d31ae7ac64a:192.168.164.217:37180, d7b60609-c805-4df6-8140-a27c681dae80:192.168.164.217:37880], old=null
2019-11-05 08:34:22,496 [pool-209-thread-1] INFO  impl.RaftServerImpl (RaftServerImpl.java:setRole(184)) - 05ace5f9-a5b7-4bc6-b4fa-26d4e24ae00c@group-515877FFDAAC: changes role from      null to FOLLOWER at term 0 for startAsFollower
2019-11-05 08:34:22,496 [grpc-default-executor-16] INFO  impl.RoleInfo (RoleInfo.java:shutdownLeaderState(104)) - ce6aaef5-0e62-4cca-9483-e7266dc5c7be: shutdown LeaderState
2019-11-05 08:34:22,496 [pool-179-thread-1] INFO  server.RaftServerConfigKeys (ConfUtils.java:logGet(43)) - raft.server.retrycache.expirytime = 600000ms (custom)
2019-11-05 08:34:22,496 [pool-209-thread-1] INFO  impl.RoleInfo (RoleInfo.java:updateAndGet(143)) - 05ace5f9-a5b7-4bc6-b4fa-26d4e24ae00c: start FollowerState
2019-11-05 08:34:22,530 [grpc-default-executor-13] INFO  impl.RaftServerImpl (RaftServerImpl.java:setRole(184)) - 6e52354a-8f39-4a00-bced-911c77341e64@group-785EB621D8C9: changes role from  FOLLOWER to FOLLOWER at term 2 for recognizeCandidate:b3c4603b-a140-4f81-8843-cb94f3bca924
2019-11-05 08:34:22,530 [grpc-default-executor-13] INFO  impl.RoleInfo (RoleInfo.java:shutdownFollowerState(121)) - 6e52354a-8f39-4a00-bced-911c77341e64: shutdown FollowerState
2019-11-05 08:34:22,530 [org.apache.ratis.server.impl.LogAppender$AppenderDaemon$$Lambda$464/348072330@629f0f7] WARN  server.GrpcLogAppender (GrpcLogAppender.java:mayWait(149)) - ce6aaef5-0e62-4cca-9483-e7266dc5c7be@group-785EB621D8C9->b3c4603b-a140-4f81-8843-cb94f3bca924-GrpcLogAppender: Wait interrupted by java.lang.InterruptedException
2019-11-05 08:34:22,530 [grpc-default-executor-16] INFO  impl.PendingRequests (PendingRequests.java:sendNotLeaderResponses(202)) - ce6aaef5-0e62-4cca-9483-e7266dc5c7be@group-785EB621D8C9-PendingRequests: sendNotLeaderResponses
2019-11-05 08:34:22,530 [Thread-3481] INFO  impl.FollowerState (FollowerState.java:run(117)) - 6e52354a-8f39-4a00-bced-911c77341e64@group-785EB621D8C9-FollowerState was interrupted: java.lang.InterruptedException: sleep interrupted
2019-11-05 08:34:22,530 [grpc-default-executor-13] INFO  impl.RoleInfo (RoleInfo.java:updateAndGet(143)) - 6e52354a-8f39-4a00-bced-911c77341e64: start FollowerState
2019-11-05 08:34:22,530 [pool-209-thread-1] INFO  util.JmxRegister (JmxRegister.java:tryRegister(44)) - Successfully registered JMX Bean with object name Ratis:service=RaftServer,group=group-515877FFDAAC,id=05ace5f9-a5b7-4bc6-b4fa-26d4e24ae00c
2019-11-05 08:34:22,531 [org.apache.ratis.server.impl.LogAppender$AppenderDaemon$$Lambda$464/348072330@3765b027] WARN  server.GrpcLogAppender (GrpcLogAppender.java:mayWait(149)) - ce6aaef5-0e62-4cca-9483-e7266dc5c7be@group-785EB621D8C9->6e52354a-8f39-4a00-bced-911c77341e64-GrpcLogAppender: Wait interrupted by java.lang.InterruptedException
2019-11-05 08:34:22,531 [grpc-default-executor-11] INFO  server.GrpcServerProtocolService (GrpcServerProtocolService.java:onCompleted(113)) - b3c4603b-a140-4f81-8843-cb94f3bca924: Completed APPEND_ENTRIES, lastRequest: ce6aaef5-0e62-4cca-9483-e7266dc5c7be->b3c4603b-a140-4f81-8843-cb94f3bca924#0-t1, previous=(t:0, i:0), leaderCommit=-1, initializing? false, entries: <empty>
2019-11-05 08:34:22,531 [grpc-default-executor-16] INFO  impl.RoleInfo (RoleInfo.java:updateAndGet(143)) - ce6aaef5-0e62-4cca-9483-e7266dc5c7be: start FollowerState
2019-11-05 08:34:22,533 [pool-199-thread-1] INFO  impl.RaftServerImpl (RaftServerImpl.java:start(195)) - d7b60609-c805-4df6-8140-a27c681dae80@group-515877FFDAAC: start as a follower, conf=-1: [05ace5f9-a5b7-4bc6-b4fa-26d4e24ae00c:192.168.164.217:42356, d92c9463-8e05-4a70-8cc7-1d31ae7ac64a:192.168.164.217:37180, d7b60609-c805-4df6-8140-a27c681dae80:192.168.164.217:37880], old=null
2019-11-05 08:34:22,533 [pool-199-thread-1] INFO  impl.RaftServerImpl (RaftServerImpl.java:setRole(184)) - d7b60609-c805-4df6-8140-a27c681dae80@group-515877FFDAAC: changes role from      null to FOLLOWER at term 0 for startAsFollower
2019-11-05 08:34:22,534 [pool-199-thread-1] INFO  impl.RoleInfo (RoleInfo.java:updateAndGet(143)) - d7b60609-c805-4df6-8140-a27c681dae80: start FollowerState
2019-11-05 08:34:22,534 [pool-179-thread-1] INFO  impl.RaftServerImpl (RaftServerImpl.java:start(195)) - d92c9463-8e05-4a70-8cc7-1d31ae7ac64a@group-515877FFDAAC: start as a follower, conf=-1: [05ace5f9-a5b7-4bc6-b4fa-26d4e24ae00c:192.168.164.217:42356, d92c9463-8e05-4a70-8cc7-1d31ae7ac64a:192.168.164.217:37180, d7b60609-c805-4df6-8140-a27c681dae80:192.168.164.217:37880], old=null
2019-11-05 08:34:22,534 [pool-179-thread-1] INFO  impl.RaftServerImpl (RaftServerImpl.java:setRole(184)) - d92c9463-8e05-4a70-8cc7-1d31ae7ac64a@group-515877FFDAAC: changes role from      null to FOLLOWER at term 0 for startAsFollower
2019-11-05 08:34:22,534 [pool-199-thread-1] INFO  util.JmxRegister (JmxRegister.java:tryRegister(44)) - Successfully registered JMX Bean with object name Ratis:service=RaftServer,group=group-515877FFDAAC,id=d7b60609-c805-4df6-8140-a27c681dae80
2019-11-05 08:34:22,534 [pool-179-thread-1] INFO  impl.RoleInfo (RoleInfo.java:updateAndGet(143)) - d92c9463-8e05-4a70-8cc7-1d31ae7ac64a: start FollowerState
2019-11-05 08:34:22,534 [pool-179-thread-1] INFO  util.JmxRegister (JmxRegister.java:tryRegister(44)) - Successfully registered JMX Bean with object name Ratis:service=RaftServer,group=group-515877FFDAAC,id=d92c9463-8e05-4a70-8cc7-1d31ae7ac64a
2019-11-05 08:34:22,539 [RatisPipelineUtilsThread] INFO  pipeline.PipelineStateManager (PipelineStateManager.java:addPipeline(56)) - Created pipeline Pipeline[ Id: 7532301e-03ec-4e7a-b7e9-515877ffdaac, Nodes: d92c9463-8e05-4a70-8cc7-1d31ae7ac64a{ip: 192.168.164.217, host: pr-hdds-1643-8bmlk-2934350033, networkLocation: /rack1, certSerialId: null}05ace5f9-a5b7-4bc6-b4fa-26d4e24ae00c{ip: 192.168.164.217, host: pr-hdds-1643-8bmlk-2934350033, networkLocation: /rack1, certSerialId: null}d7b60609-c805-4df6-8140-a27c681dae80{ip: 192.168.164.217, host: pr-hdds-1643-8bmlk-2934350033, networkLocation: /rack1, certSerialId: null}, Type:RATIS, Factor:THREE, State:OPEN]
2019-11-05 08:34:22,543 [ce6aaef5-0e62-4cca-9483-e7266dc5c7be@group-785EB621D8C9-SegmentedRaftLogWorker] INFO  segmented.SegmentedRaftLogWorker (SegmentedRaftLogWorker.java:execute(576)) - ce6aaef5-0e62-4cca-9483-e7266dc5c7be@group-785EB621D8C9-SegmentedRaftLogWorker: created new log segment /workdir/hadoop-ozone/integration-test/target/test-dir/MiniOzoneClusterImpl-c1ac3406-7bea-4748-bbf9-a747646a8bff/datanode-9/data/ratis/6b6e8d20-8dea-4881-a1f5-785eb621d8c9/current/log_inprogress_0
2019-11-05 08:34:22,544 [grpc-default-executor-17] INFO  server.GrpcLogAppender (GrpcLogAppender.java:onCompleted(308)) - ce6aaef5-0e62-4cca-9483-e7266dc5c7be@group-785EB621D8C9->b3c4603b-a140-4f81-8843-cb94f3bca924-AppendLogResponseHandler: follower responses appendEntries COMPLETED
2019-11-05 08:34:22,544 [grpc-default-executor-10] INFO  server.GrpcServerProtocolService (GrpcServerProtocolService.java:onCompleted(113)) - 6e52354a-8f39-4a00-bced-911c77341e64: Completed APPEND_ENTRIES, lastRequest: ce6aaef5-0e62-4cca-9483-e7266dc5c7be->6e52354a-8f39-4a00-bced-911c77341e64#0-t1, previous=(t:0, i:0), leaderCommit=-1, initializing? false, entries: <empty>
2019-11-05 08:34:22,544 [b3c4603b-a140-4f81-8843-cb94f3bca924@group-785EB621D8C9-LeaderElection425] INFO  impl.LeaderElection (LeaderElection.java:logAndReturn(56)) - b3c4603b-a140-4f81-8843-cb94f3bca924@group-785EB621D8C9-LeaderElection425: Election PASSED; received 1 response(s) [b3c4603b-a140-4f81-8843-cb94f3bca924<-6e52354a-8f39-4a00-bced-911c77341e64#0:OK-t2] and 0 exception(s); b3c4603b-a140-4f81-8843-cb94f3bca924@group-785EB621D8C9:t2, leader=null, voted=b3c4603b-a140-4f81-8843-cb94f3bca924, raftlog=b3c4603b-a140-4f81-8843-cb94f3bca924@group-785EB621D8C9-SegmentedRaftLog:OPENED:c-1,f-1,i0, conf=-1: [b3c4603b-a140-4f81-8843-cb94f3bca924:192.168.164.217:37579, ce6aaef5-0e62-4cca-9483-e7266dc5c7be:192.168.164.217:42881, 6e52354a-8f39-4a00-bced-911c77341e64:192.168.164.217:42407], old=null
2019-11-05 08:34:22,546 [b3c4603b-a140-4f81-8843-cb94f3bca924@group-785EB621D8C9-LeaderElection425] INFO  impl.RoleInfo (RoleInfo.java:shutdownLeaderElection(134)) - b3c4603b-a140-4f81-8843-cb94f3bca924: shutdown LeaderElection
2019-11-05 08:34:22,547 [b3c4603b-a140-4f81-8843-cb94f3bca924@group-785EB621D8C9-LeaderElection425] INFO  impl.RaftServerImpl (RaftServerImpl.java:setRole(184)) - b3c4603b-a140-4f81-8843-cb94f3bca924@group-785EB621D8C9: changes role from CANDIDATE to LEADER at term 2 for changeToLeader
2019-11-05 08:34:22,547 [grpc-default-executor-10] INFO  server.GrpcLogAppender (GrpcLogAppender.java:onCompleted(308)) - ce6aaef5-0e62-4cca-9483-e7266dc5c7be@group-785EB621D8C9->6e52354a-8f39-4a00-bced-911c77341e64-AppendLogResponseHandler: follower responses appendEntries COMPLETED
2019-11-05 08:34:22,547 [grpc-default-executor-17] INFO  impl.FollowerInfo (FollowerInfo.java:lambda$new$0(51)) - ce6aaef5-0e62-4cca-9483-e7266dc5c7be@group-785EB621D8C9->b3c4603b-a140-4f81-8843-cb94f3bca924: nextIndex: updateUnconditionally 0 -> 0
2019-11-05 08:34:22,547 [b3c4603b-a140-4f81-8843-cb94f3bca924@group-785EB621D8C9-LeaderElection425] INFO  impl.RaftServerImpl (ServerState.java:setLeader(256)) - b3c4603b-a140-4f81-8843-cb94f3bca924@group-785EB621D8C9: change Leader from null to b3c4603b-a140-4f81-8843-cb94f3bca924 at term 2 for becomeLeader, leader elected after 168ms
2019-11-05 08:34:22,549 [b3c4603b-a140-4f81-8843-cb94f3bca924@group-785EB621D8C9-LeaderElection425] INFO  server.RaftServerConfigKeys (ConfUtils.java:logGet(43)) - raft.server.staging.catchup.gap = 1000 (default)
2019-11-05 08:34:22,549 [grpc-default-executor-10] INFO  impl.FollowerInfo (FollowerInfo.java:lambda$new$0(51)) - ce6aaef5-0e62-4cca-9483-e7266dc5c7be@group-785EB621D8C9->6e52354a-8f39-4a00-bced-911c77341e64: nextIndex: updateUnconditionally 0 -> 0
2019-11-05 08:34:22,549 [b3c4603b-a140-4f81-8843-cb94f3bca924@group-785EB621D8C9-LeaderElection425] INFO  server.RaftServerConfigKeys (ConfUtils.java:logGet(43)) - raft.server.rpc.sleep.time = 25ms (default)
2019-11-05 08:34:22,549 [b3c4603b-a140-4f81-8843-cb94f3bca924@group-785EB621D8C9-LeaderElection425] INFO  server.RaftServerConfigKeys (ConfUtils.java:logGet(43)) - raft.server.write.element-limit = 4096 (default)
2019-11-05 08:34:22,549 [b3c4603b-a140-4f81-8843-cb94f3bca924@group-785EB621D8C9-LeaderElection425] INFO  server.RaftServerConfigKeys (ConfUtils.java:logGet(43)) - raft.server.watch.timeout = 10s (default)
2019-11-05 08:34:22,550 [b3c4603b-a140-4f81-8843-cb94f3bca924@group-785EB621D8C9-LeaderElection425] INFO  server.RaftServerConfigKeys (ConfUtils.java:logGet(43)) - raft.server.watch.timeout.denomination = 1s (default)
2019-11-05 08:34:22,550 [b3c4603b-a140-4f81-8843-cb94f3bca924@group-785EB621D8C9-LeaderElection425] INFO  server.RaftServerConfigKeys (ConfUtils.java:logGet(43)) - raft.server.watch.element-limit = 65536 (default)
2019-11-05 08:34:22,551 [b3c4603b-a140-4f81-8843-cb94f3bca924@group-785EB621D8C9-LeaderElection425] INFO  server.RaftServerConfigKeys (ConfUtils.java:logGet(43)) - raft.server.log.appender.snapshot.chunk.size.max = 16MB (=16777216) (default)
2019-11-05 08:34:22,551 [b3c4603b-a140-4f81-8843-cb94f3bca924@group-785EB621D8C9-LeaderElection425] INFO  server.RaftServerConfigKeys (ConfUtils.java:logGet(43)) - raft.server.log.appender.buffer.byte-limit = 33554432 (custom)
2019-11-05 08:34:22,551 [b3c4603b-a140-4f81-8843-cb94f3bca924@group-785EB621D8C9-LeaderElection425] INFO  server.RaftServerConfigKeys (ConfUtils.java:logGet(43)) - raft.server.log.appender.buffer.element-limit = 1 (custom)
2019-11-05 08:34:22,551 [b3c4603b-a140-4f81-8843-cb94f3bca924@group-785EB621D8C9-LeaderElection425] INFO  grpc.GrpcConfigKeys$Server (ConfUtils.java:logGet(43)) - raft.grpc.server.leader.outstanding.appends.max = 128 (default)
2019-11-05 08:34:22,552 [b3c4603b-a140-4f81-8843-cb94f3bca924@group-785EB621D8C9-LeaderElection425] INFO  server.RaftServerConfigKeys (ConfUtils.java:logGet(43)) - raft.server.rpc.request.timeout = 3000ms (default)
2019-11-05 08:34:22,552 [b3c4603b-a140-4f81-8843-cb94f3bca924@group-785EB621D8C9-LeaderElection425] INFO  server.RaftServerConfigKeys (ConfUtils.java:logGet(43)) - raft.server.log.appender.install.snapshot.enabled = false (custom)
2019-11-05 08:34:22,553 [b3c4603b-a140-4f81-8843-cb94f3bca924@group-785EB621D8C9-LeaderElection425] INFO  server.RaftServerConfigKeys (ConfUtils.java:logGet(43)) - raft.server.log.appender.snapshot.chunk.size.max = 16MB (=16777216) (default)
2019-11-05 08:34:22,553 [b3c4603b-a140-4f81-8843-cb94f3bca924@group-785EB621D8C9-LeaderElection425] INFO  server.RaftServerConfigKeys (ConfUtils.java:logGet(43)) - raft.server.log.appender.buffer.byte-limit = 33554432 (custom)
2019-11-05 08:34:22,553 [b3c4603b-a140-4f81-8843-cb94f3bca924@group-785EB621D8C9-LeaderElection425] INFO  server.RaftServerConfigKeys (ConfUtils.java:logGet(43)) - raft.server.log.appender.buffer.element-limit = 1 (custom)
2019-11-05 08:34:22,554 [b3c4603b-a140-4f81-8843-cb94f3bca924@group-785EB621D8C9-LeaderElection425] INFO  grpc.GrpcConfigKeys$Server (ConfUtils.java:logGet(43)) - raft.grpc.server.leader.outstanding.appends.max = 128 (default)
2019-11-05 08:34:22,554 [b3c4603b-a140-4f81-8843-cb94f3bca924@group-785EB621D8C9-LeaderElection425] INFO  server.RaftServerConfigKeys (ConfUtils.java:logGet(43)) - raft.server.rpc.request.timeout = 3000ms (default)
2019-11-05 08:34:22,554 [b3c4603b-a140-4f81-8843-cb94f3bca924@group-785EB621D8C9-LeaderElection425] INFO  server.RaftServerConfigKeys (ConfUtils.java:logGet(43)) - raft.server.log.appender.install.snapshot.enabled = false (custom)
2019-11-05 08:34:22,555 [b3c4603b-a140-4f81-8843-cb94f3bca924@group-785EB621D8C9-LeaderElection425] INFO  impl.RoleInfo (RoleInfo.java:updateAndGet(143)) - b3c4603b-a140-4f81-8843-cb94f3bca924: start LeaderState
2019-11-05 08:34:22,555 [b3c4603b-a140-4f81-8843-cb94f3bca924@group-785EB621D8C9-LeaderElection425] INFO  segmented.SegmentedRaftLogWorker (SegmentedRaftLogWorker.java:startLogSegment(385)) - b3c4603b-a140-4f81-8843-cb94f3bca924@group-785EB621D8C9-SegmentedRaftLogWorker: Starting segment from index:0
2019-11-05 08:34:22,556 [b3c4603b-a140-4f81-8843-cb94f3bca924@group-785EB621D8C9-LeaderElection425] INFO  impl.RaftServerImpl (ServerState.java:setRaftConf(357)) - b3c4603b-a140-4f81-8843-cb94f3bca924@group-785EB621D8C9: set configuration 0: [b3c4603b-a140-4f81-8843-cb94f3bca924:192.168.164.217:37579, ce6aaef5-0e62-4cca-9483-e7266dc5c7be:192.168.164.217:42881, 6e52354a-8f39-4a00-bced-911c77341e64:192.168.164.217:42407], old=null at 0
2019-11-05 08:34:22,558 [grpc-default-executor-17] INFO  impl.RaftServerImpl (ServerState.java:setLeader(256)) - ce6aaef5-0e62-4cca-9483-e7266dc5c7be@group-785EB621D8C9: change Leader from null to b3c4603b-a140-4f81-8843-cb94f3bca924 at term 2 for appendEntries, leader elected after 62ms
2019-11-05 08:34:22,589 [Thread-3486] INFO  impl.FollowerState (FollowerState.java:run(108)) - 05ace5f9-a5b7-4bc6-b4fa-26d4e24ae00c@group-515877FFDAAC-FollowerState: change to CANDIDATE, lastRpcTime:92ms, electionTimeout:37ms
2019-11-05 08:34:22,589 [Thread-3492] INFO  impl.FollowerState (FollowerState.java:run(108)) - d92c9463-8e05-4a70-8cc7-1d31ae7ac64a@group-515877FFDAAC-FollowerState: change to CANDIDATE, lastRpcTime:54ms, electionTimeout:40ms
2019-11-05 08:34:22,590 [Thread-3486] INFO  impl.RoleInfo (RoleInfo.java:shutdownFollowerState(121)) - 05ace5f9-a5b7-4bc6-b4fa-26d4e24ae00c: shutdown FollowerState
2019-11-05 08:34:22,589 [grpc-default-executor-10] INFO  impl.RaftServerImpl (ServerState.java:setLeader(256)) - 6e52354a-8f39-4a00-bced-911c77341e64@group-785EB621D8C9: change Leader from null to b3c4603b-a140-4f81-8843-cb94f3bca924 at term 2 for appendEntries, leader elected after 223ms
2019-11-05 08:34:22,590 [Thread-3486] INFO  impl.RaftServerImpl (RaftServerImpl.java:setRole(184)) - 05ace5f9-a5b7-4bc6-b4fa-26d4e24ae00c@group-515877FFDAAC: changes role from  FOLLOWER to CANDIDATE at term 0 for changeToCandidate
2019-11-05 08:34:22,590 [Thread-3492] INFO  impl.RoleInfo (RoleInfo.java:shutdownFollowerState(121)) - d92c9463-8e05-4a70-8cc7-1d31ae7ac64a: shutdown FollowerState
2019-11-05 08:34:22,590 [Thread-3486] INFO  impl.RoleInfo (RoleInfo.java:updateAndGet(143)) - 05ace5f9-a5b7-4bc6-b4fa-26d4e24ae00c: start LeaderElection
2019-11-05 08:34:22,590 [Thread-3492] INFO  impl.RaftServerImpl (RaftServerImpl.java:setRole(184)) - d92c9463-8e05-4a70-8cc7-1d31ae7ac64a@group-515877FFDAAC: changes role from  FOLLOWER to CANDIDATE at term 0 for changeToCandidate
2019-11-05 08:34:22,590 [Thread-3492] INFO  impl.RoleInfo (RoleInfo.java:updateAndGet(143)) - d92c9463-8e05-4a70-8cc7-1d31ae7ac64a: start LeaderElection
2019-11-05 08:34:22,601 [grpc-default-executor-10] INFO  impl.RaftServerImpl (ServerState.java:setRaftConf(357)) - ce6aaef5-0e62-4cca-9483-e7266dc5c7be@group-785EB621D8C9: set configuration 0: [b3c4603b-a140-4f81-8843-cb94f3bca924:192.168.164.217:37579, ce6aaef5-0e62-4cca-9483-e7266dc5c7be:192.168.164.217:42881, 6e52354a-8f39-4a00-bced-911c77341e64:192.168.164.217:42407], old=null at 0
2019-11-05 08:34:22,602 [grpc-default-executor-10] INFO  segmented.SegmentedRaftLogWorker (SegmentedRaftLogWorker.java:truncate(401)) - ce6aaef5-0e62-4cca-9483-e7266dc5c7be@group-785EB621D8C9-SegmentedRaftLogWorker: Truncating segments toTruncate: null
  toDelete: [(0, 0) isOpen? true, length=0, newEndIndex=-1], start index 0
2019-11-05 08:34:22,602 [grpc-default-executor-10] INFO  segmented.SegmentedRaftLogWorker (SegmentedRaftLogWorker.java:startLogSegment(385)) - ce6aaef5-0e62-4cca-9483-e7266dc5c7be@group-785EB621D8C9-SegmentedRaftLogWorker: Starting segment from index:0
2019-11-05 08:34:22,602 [grpc-default-executor-17] INFO  impl.RaftServerImpl (ServerState.java:setRaftConf(357)) - 6e52354a-8f39-4a00-bced-911c77341e64@group-785EB621D8C9: set configuration 0: [b3c4603b-a140-4f81-8843-cb94f3bca924:192.168.164.217:37579, ce6aaef5-0e62-4cca-9483-e7266dc5c7be:192.168.164.217:42881, 6e52354a-8f39-4a00-bced-911c77341e64:192.168.164.217:42407], old=null at 0
2019-11-05 08:34:22,602 [grpc-default-executor-17] INFO  segmented.SegmentedRaftLogWorker (SegmentedRaftLogWorker.java:startLogSegment(385)) - 6e52354a-8f39-4a00-bced-911c77341e64@group-785EB621D8C9-SegmentedRaftLogWorker: Starting segment from index:0
2019-11-05 08:34:22,603 [ce6aaef5-0e62-4cca-9483-e7266dc5c7be@group-785EB621D8C9-SegmentedRaftLogWorker] INFO  segmented.SegmentedRaftLogWorker (SegmentedRaftLogWorker.java:execute(640)) - ce6aaef5-0e62-4cca-9483-e7266dc5c7be@group-785EB621D8C9-SegmentedRaftLogWorker: Deleted log file /workdir/hadoop-ozone/integration-test/target/test-dir/MiniOzoneClusterImpl-c1ac3406-7bea-4748-bbf9-a747646a8bff/datanode-9/data/ratis/6b6e8d20-8dea-4881-a1f5-785eb621d8c9/current/log_inprogress_0
2019-11-05 08:34:22,603 [ce6aaef5-0e62-4cca-9483-e7266dc5c7be@group-785EB621D8C9-SegmentedRaftLogWorker] INFO  segmented.SegmentedRaftLogWorker (SegmentedRaftLogWorker.java:lambda$new$0(128)) - ce6aaef5-0e62-4cca-9483-e7266dc5c7be@group-785EB621D8C9-SegmentedRaftLogWorker: flushIndex: setUnconditionally 0 -> -1
2019-11-05 08:34:22,614 [b3c4603b-a140-4f81-8843-cb94f3bca924@group-785EB621D8C9-SegmentedRaftLogWorker] INFO  segmented.SegmentedRaftLogWorker (SegmentedRaftLogWorker.java:execute(576)) - b3c4603b-a140-4f81-8843-cb94f3bca924@group-785EB621D8C9-SegmentedRaftLogWorker: created new log segment /workdir/hadoop-ozone/integration-test/target/test-dir/MiniOzoneClusterImpl-c1ac3406-7bea-4748-bbf9-a747646a8bff/datanode-4/data/ratis/6b6e8d20-8dea-4881-a1f5-785eb621d8c9/current/log_inprogress_0
2019-11-05 08:34:22,616 [d92c9463-8e05-4a70-8cc7-1d31ae7ac64a@group-515877FFDAAC-LeaderElection427] INFO  impl.LeaderElection (LeaderElection.java:askForVotes(178)) - d92c9463-8e05-4a70-8cc7-1d31ae7ac64a@group-515877FFDAAC-LeaderElection427: begin an election at term 1 for -1: [05ace5f9-a5b7-4bc6-b4fa-26d4e24ae00c:192.168.164.217:42356, d92c9463-8e05-4a70-8cc7-1d31ae7ac64a:192.168.164.217:37180, d7b60609-c805-4df6-8140-a27c681dae80:192.168.164.217:37880], old=null
2019-11-05 08:34:22,616 [05ace5f9-a5b7-4bc6-b4fa-26d4e24ae00c@group-515877FFDAAC-LeaderElection426] INFO  impl.LeaderElection (LeaderElection.java:askForVotes(178)) - 05ace5f9-a5b7-4bc6-b4fa-26d4e24ae00c@group-515877FFDAAC-LeaderElection426: begin an election at term 1 for -1: [05ace5f9-a5b7-4bc6-b4fa-26d4e24ae00c:192.168.164.217:42356, d92c9463-8e05-4a70-8cc7-1d31ae7ac64a:192.168.164.217:37180, d7b60609-c805-4df6-8140-a27c681dae80:192.168.164.217:37880], old=null
2019-11-05 08:34:22,637 [grpc-default-executor-17] INFO  impl.RaftServerImpl (RaftServerImpl.java:setRole(184)) - d7b60609-c805-4df6-8140-a27c681dae80@group-515877FFDAAC: changes role from  FOLLOWER to FOLLOWER at term 1 for recognizeCandidate:d92c9463-8e05-4a70-8cc7-1d31ae7ac64a
2019-11-05 08:34:22,637 [grpc-default-executor-17] INFO  impl.RoleInfo (RoleInfo.java:shutdownFollowerState(121)) - d7b60609-c805-4df6-8140-a27c681dae80: shutdown FollowerState
2019-11-05 08:34:22,637 [grpc-default-executor-17] INFO  impl.RoleInfo (RoleInfo.java:updateAndGet(143)) - d7b60609-c805-4df6-8140-a27c681dae80: start FollowerState
2019-11-05 08:34:22,637 [Thread-3491] INFO  impl.FollowerState (FollowerState.java:run(117)) - d7b60609-c805-4df6-8140-a27c681dae80@group-515877FFDAAC-FollowerState was interrupted: java.lang.InterruptedException: sleep interrupted
2019-11-05 08:34:22,648 [05ace5f9-a5b7-4bc6-b4fa-26d4e24ae00c@group-515877FFDAAC-LeaderElection426] INFO  impl.LeaderElection (LeaderElection.java:logAndReturn(56)) - 05ace5f9-a5b7-4bc6-b4fa-26d4e24ae00c@group-515877FFDAAC-LeaderElection426: Election TIMEOUT; received 1 response(s) [05ace5f9-a5b7-4bc6-b4fa-26d4e24ae00c<-d92c9463-8e05-4a70-8cc7-1d31ae7ac64a#0:FAIL-t1] and 0 exception(s); 05ace5f9-a5b7-4bc6-b4fa-26d4e24ae00c@group-515877FFDAAC:t1, leader=null, voted=05ace5f9-a5b7-4bc6-b4fa-26d4e24ae00c, raftlog=05ace5f9-a5b7-4bc6-b4fa-26d4e24ae00c@group-515877FFDAAC-SegmentedRaftLog:OPENED:c-1,f-1,i0, conf=-1: [05ace5f9-a5b7-4bc6-b4fa-26d4e24ae00c:192.168.164.217:42356, d92c9463-8e05-4a70-8cc7-1d31ae7ac64a:192.168.164.217:37180, d7b60609-c805-4df6-8140-a27c681dae80:192.168.164.217:37880], old=null
2019-11-05 08:34:22,650 [6e52354a-8f39-4a00-bced-911c77341e64@group-785EB621D8C9-SegmentedRaftLogWorker] INFO  segmented.SegmentedRaftLogWorker (SegmentedRaftLogWorker.java:execute(576)) - 6e52354a-8f39-4a00-bced-911c77341e64@group-785EB621D8C9-SegmentedRaftLogWorker: created new log segment /workdir/hadoop-ozone/integration-test/target/test-dir/MiniOzoneClusterImpl-c1ac3406-7bea-4748-bbf9-a747646a8bff/datanode-7/data/ratis/6b6e8d20-8dea-4881-a1f5-785eb621d8c9/current/log_inprogress_0
2019-11-05 08:34:22,650 [ce6aaef5-0e62-4cca-9483-e7266dc5c7be@group-785EB621D8C9-SegmentedRaftLogWorker] INFO  segmented.SegmentedRaftLogWorker (SegmentedRaftLogWorker.java:execute(576)) - ce6aaef5-0e62-4cca-9483-e7266dc5c7be@group-785EB621D8C9-SegmentedRaftLogWorker: created new log segment /workdir/hadoop-ozone/integration-test/target/test-dir/MiniOzoneClusterImpl-c1ac3406-7bea-4748-bbf9-a747646a8bff/datanode-9/data/ratis/6b6e8d20-8dea-4881-a1f5-785eb621d8c9/current/log_inprogress_0
2019-11-05 08:34:22,651 [d92c9463-8e05-4a70-8cc7-1d31ae7ac64a@group-515877FFDAAC-LeaderElection427] INFO  impl.LeaderElection (LeaderElection.java:logAndReturn(56)) - d92c9463-8e05-4a70-8cc7-1d31ae7ac64a@group-515877FFDAAC-LeaderElection427: Election PASSED; received 2 response(s) [d92c9463-8e05-4a70-8cc7-1d31ae7ac64a<-05ace5f9-a5b7-4bc6-b4fa-26d4e24ae00c#0:FAIL-t1, d92c9463-8e05-4a70-8cc7-1d31ae7ac64a<-d7b60609-c805-4df6-8140-a27c681dae80#0:OK-t1] and 0 exception(s); d92c9463-8e05-4a70-8cc7-1d31ae7ac64a@group-515877FFDAAC:t1, leader=null, voted=d92c9463-8e05-4a70-8cc7-1d31ae7ac64a, raftlog=d92c9463-8e05-4a70-8cc7-1d31ae7ac64a@group-515877FFDAAC-SegmentedRaftLog:OPENED:c-1,f-1,i0, conf=-1: [05ace5f9-a5b7-4bc6-b4fa-26d4e24ae00c:192.168.164.217:42356, d92c9463-8e05-4a70-8cc7-1d31ae7ac64a:192.168.164.217:37180, d7b60609-c805-4df6-8140-a27c681dae80:192.168.164.217:37880], old=null
2019-11-05 08:34:22,651 [d92c9463-8e05-4a70-8cc7-1d31ae7ac64a@group-515877FFDAAC-LeaderElection427] INFO  impl.RoleInfo (RoleInfo.java:shutdownLeaderElection(134)) - d92c9463-8e05-4a70-8cc7-1d31ae7ac64a: shutdown LeaderElection
2019-11-05 08:34:22,651 [d92c9463-8e05-4a70-8cc7-1d31ae7ac64a@group-515877FFDAAC-LeaderElection427] INFO  impl.RaftServerImpl (RaftServerImpl.java:setRole(184)) - d92c9463-8e05-4a70-8cc7-1d31ae7ac64a@group-515877FFDAAC: changes role from CANDIDATE to LEADER at term 1 for changeToLeader
2019-11-05 08:34:22,651 [d92c9463-8e05-4a70-8cc7-1d31ae7ac64a@group-515877FFDAAC-LeaderElection427] INFO  impl.RaftServerImpl (ServerState.java:setLeader(256)) - d92c9463-8e05-4a70-8cc7-1d31ae7ac64a@group-515877FFDAAC: change Leader from null to d92c9463-8e05-4a70-8cc7-1d31ae7ac64a at term 1 for becomeLeader, leader elected after 167ms
2019-11-05 08:34:22,651 [d92c9463-8e05-4a70-8cc7-1d31ae7ac64a@group-515877FFDAAC-LeaderElection427] INFO  server.RaftServerConfigKeys (ConfUtils.java:logGet(43)) - raft.server.staging.catchup.gap = 1000 (default)
2019-11-05 08:34:22,651 [d92c9463-8e05-4a70-8cc7-1d31ae7ac64a@group-515877FFDAAC-LeaderElection427] INFO  server.RaftServerConfigKeys (ConfUtils.java:logGet(43)) - raft.server.rpc.sleep.time = 25ms (default)
2019-11-05 08:34:22,651 [d92c9463-8e05-4a70-8cc7-1d31ae7ac64a@group-515877FFDAAC-LeaderElection427] INFO  server.RaftServerConfigKeys (ConfUtils.java:logGet(43)) - raft.server.write.element-limit = 4096 (default)
2019-11-05 08:34:22,652 [d92c9463-8e05-4a70-8cc7-1d31ae7ac64a@group-515877FFDAAC-LeaderElection427] INFO  server.RaftServerConfigKeys (ConfUtils.java:logGet(43)) - raft.server.watch.timeout = 10s (default)
2019-11-05 08:34:22,652 [d92c9463-8e05-4a70-8cc7-1d31ae7ac64a@group-515877FFDAAC-LeaderElection427] INFO  server.RaftServerConfigKeys (ConfUtils.java:logGet(43)) - raft.server.watch.timeout.denomination = 1s (default)
2019-11-05 08:34:22,652 [d92c9463-8e05-4a70-8cc7-1d31ae7ac64a@group-515877FFDAAC-LeaderElection427] INFO  server.RaftServerConfigKeys (ConfUtils.java:logGet(43)) - raft.server.watch.element-limit = 65536 (default)
2019-11-05 08:34:22,653 [d92c9463-8e05-4a70-8cc7-1d31ae7ac64a@group-515877FFDAAC-LeaderElection427] INFO  server.RaftServerConfigKeys (ConfUtils.java:logGet(43)) - raft.server.log.appender.snapshot.chunk.size.max = 16MB (=16777216) (default)
2019-11-05 08:34:22,653 [d92c9463-8e05-4a70-8cc7-1d31ae7ac64a@group-515877FFDAAC-LeaderElection427] INFO  server.RaftServerConfigKeys (ConfUtils.java:logGet(43)) - raft.server.log.appender.buffer.byte-limit = 33554432 (custom)
2019-11-05 08:34:22,654 [d92c9463-8e05-4a70-8cc7-1d31ae7ac64a@group-515877FFDAAC-LeaderElection427] INFO  server.RaftServerConfigKeys (ConfUtils.java:logGet(43)) - raft.server.log.appender.buffer.element-limit = 1 (custom)
2019-11-05 08:34:22,654 [d92c9463-8e05-4a70-8cc7-1d31ae7ac64a@group-515877FFDAAC-LeaderElection427] INFO  grpc.GrpcConfigKeys$Server (ConfUtils.java:logGet(43)) - raft.grpc.server.leader.outstanding.appends.max = 128 (default)
2019-11-05 08:34:22,654 [d92c9463-8e05-4a70-8cc7-1d31ae7ac64a@group-515877FFDAAC-LeaderElection427] INFO  server.RaftServerConfigKeys (ConfUtils.java:logGet(43)) - raft.server.rpc.request.timeout = 3000ms (default)
2019-11-05 08:34:22,654 [d92c9463-8e05-4a70-8cc7-1d31ae7ac64a@group-515877FFDAAC-LeaderElection427] INFO  server.RaftServerConfigKeys (ConfUtils.java:logGet(43)) - raft.server.log.appender.install.snapshot.enabled = false (custom)
2019-11-05 08:34:22,655 [d92c9463-8e05-4a70-8cc7-1d31ae7ac64a@group-515877FFDAAC-LeaderElection427] INFO  server.RaftServerConfigKeys (ConfUtils.java:logGet(43)) - raft.server.log.appender.snapshot.chunk.size.max = 16MB (=16777216) (default)
2019-11-05 08:34:22,655 [d92c9463-8e05-4a70-8cc7-1d31ae7ac64a@group-515877FFDAAC-LeaderElection427] INFO  server.RaftServerConfigKeys (ConfUtils.java:logGet(43)) - raft.server.log.appender.buffer.byte-limit = 33554432 (custom)
2019-11-05 08:34:22,655 [d92c9463-8e05-4a70-8cc7-1d31ae7ac64a@group-515877FFDAAC-LeaderElection427] INFO  server.RaftServerConfigKeys (ConfUtils.java:logGet(43)) - raft.server.log.appender.buffer.element-limit = 1 (custom)
2019-11-05 08:34:22,655 [d92c9463-8e05-4a70-8cc7-1d31ae7ac64a@group-515877FFDAAC-LeaderElection427] INFO  grpc.GrpcConfigKeys$Server (ConfUtils.java:logGet(43)) - raft.grpc.server.leader.outstanding.appends.max = 128 (default)
2019-11-05 08:34:22,656 [d92c9463-8e05-4a70-8cc7-1d31ae7ac64a@group-515877FFDAAC-LeaderElection427] INFO  server.RaftServerConfigKeys (ConfUtils.java:logGet(43)) - raft.server.rpc.request.timeout = 3000ms (default)
2019-11-05 08:34:22,656 [d92c9463-8e05-4a70-8cc7-1d31ae7ac64a@group-515877FFDAAC-LeaderElection427] INFO  server.RaftServerConfigKeys (ConfUtils.java:logGet(43)) - raft.server.log.appender.install.snapshot.enabled = false (custom)
2019-11-05 08:34:22,657 [d92c9463-8e05-4a70-8cc7-1d31ae7ac64a@group-515877FFDAAC-LeaderElection427] INFO  impl.RoleInfo (RoleInfo.java:updateAndGet(143)) - d92c9463-8e05-4a70-8cc7-1d31ae7ac64a: start LeaderState
2019-11-05 08:34:22,657 [d92c9463-8e05-4a70-8cc7-1d31ae7ac64a@group-515877FFDAAC-LeaderElection427] INFO  segmented.SegmentedRaftLogWorker (SegmentedRaftLogWorker.java:startLogSegment(385)) - d92c9463-8e05-4a70-8cc7-1d31ae7ac64a@group-515877FFDAAC-SegmentedRaftLogWorker: Starting segment from index:0
2019-11-05 08:34:22,658 [d92c9463-8e05-4a70-8cc7-1d31ae7ac64a@group-515877FFDAAC-LeaderElection427] INFO  impl.RaftServerImpl (ServerState.java:setRaftConf(357)) - d92c9463-8e05-4a70-8cc7-1d31ae7ac64a@group-515877FFDAAC: set configuration 0: [05ace5f9-a5b7-4bc6-b4fa-26d4e24ae00c:192.168.164.217:42356, d92c9463-8e05-4a70-8cc7-1d31ae7ac64a:192.168.164.217:37180, d7b60609-c805-4df6-8140-a27c681dae80:192.168.164.217:37880], old=null at 0
2019-11-05 08:34:22,659 [grpc-default-executor-13] INFO  impl.RaftServerImpl (ServerState.java:setLeader(256)) - d7b60609-c805-4df6-8140-a27c681dae80@group-515877FFDAAC: change Leader from null to d92c9463-8e05-4a70-8cc7-1d31ae7ac64a at term 1 for appendEntries, leader elected after 176ms
2019-11-05 08:34:22,661 [grpc-default-executor-13] INFO  impl.RaftServerImpl (ServerState.java:setRaftConf(357)) - d7b60609-c805-4df6-8140-a27c681dae80@group-515877FFDAAC: set configuration 0: [05ace5f9-a5b7-4bc6-b4fa-26d4e24ae00c:192.168.164.217:42356, d92c9463-8e05-4a70-8cc7-1d31ae7ac64a:192.168.164.217:37180, d7b60609-c805-4df6-8140-a27c681dae80:192.168.164.217:37880], old=null at 0
2019-11-05 08:34:22,661 [grpc-default-executor-13] INFO  segmented.SegmentedRaftLogWorker (SegmentedRaftLogWorker.java:startLogSegment(385)) - d7b60609-c805-4df6-8140-a27c681dae80@group-515877FFDAAC-SegmentedRaftLogWorker: Starting segment from index:0
2019-11-05 08:34:22,664 [05ace5f9-a5b7-4bc6-b4fa-26d4e24ae00c@group-515877FFDAAC-LeaderElection426] INFO  impl.LeaderElection (LeaderElection.java:askForVotes(178)) - 05ace5f9-a5b7-4bc6-b4fa-26d4e24ae00c@group-515877FFDAAC-LeaderElection426: begin an election at term 2 for -1: [05ace5f9-a5b7-4bc6-b4fa-26d4e24ae00c:192.168.164.217:42356, d92c9463-8e05-4a70-8cc7-1d31ae7ac64a:192.168.164.217:37180, d7b60609-c805-4df6-8140-a27c681dae80:192.168.164.217:37880], old=null
2019-11-05 08:34:22,665 [Thread-3510] INFO  impl.RaftServerImpl (ServerState.java:setLeader(256)) - d92c9463-8e05-4a70-8cc7-1d31ae7ac64a@group-515877FFDAAC: change Leader from d92c9463-8e05-4a70-8cc7-1d31ae7ac64a to null at term 2 for updateCurrentTerm
2019-11-05 08:34:22,665 [Thread-3510] INFO  impl.RaftServerImpl (RaftServerImpl.java:setRole(184)) - d92c9463-8e05-4a70-8cc7-1d31ae7ac64a@group-515877FFDAAC: changes role from    LEADER to FOLLOWER at term 2 for stepDown
2019-11-05 08:34:22,665 [Thread-3510] INFO  impl.RoleInfo (RoleInfo.java:shutdownLeaderState(104)) - d92c9463-8e05-4a70-8cc7-1d31ae7ac64a: shutdown LeaderState
2019-11-05 08:34:22,706 [Thread-3510] INFO  impl.PendingRequests (PendingRequests.java:sendNotLeaderResponses(202)) - d92c9463-8e05-4a70-8cc7-1d31ae7ac64a@group-515877FFDAAC-PendingRequests: sendNotLeaderResponses
2019-11-05 08:34:22,706 [org.apache.ratis.server.impl.LogAppender$AppenderDaemon$$Lambda$464/348072330@78c83322] WARN  server.GrpcLogAppender (GrpcLogAppender.java:mayWait(149)) - d92c9463-8e05-4a70-8cc7-1d31ae7ac64a@group-515877FFDAAC->d7b60609-c805-4df6-8140-a27c681dae80-GrpcLogAppender: Wait interrupted by java.lang.InterruptedException
2019-11-05 08:34:22,707 [org.apache.ratis.server.impl.LogAppender$AppenderDaemon$$Lambda$464/348072330@494bdea7] WARN  server.GrpcLogAppender (GrpcLogAppender.java:mayWait(149)) - d92c9463-8e05-4a70-8cc7-1d31ae7ac64a@group-515877FFDAAC->05ace5f9-a5b7-4bc6-b4fa-26d4e24ae00c-GrpcLogAppender: Wait interrupted by java.lang.InterruptedException
2019-11-05 08:34:22,707 [Thread-3510] INFO  impl.RoleInfo (RoleInfo.java:updateAndGet(143)) - d92c9463-8e05-4a70-8cc7-1d31ae7ac64a: start FollowerState
2019-11-05 08:34:22,707 [grpc-default-executor-13] INFO  impl.RaftServerImpl (ServerState.java:setLeader(256)) - d7b60609-c805-4df6-8140-a27c681dae80@group-515877FFDAAC: change Leader from d92c9463-8e05-4a70-8cc7-1d31ae7ac64a to null at term 2 for updateCurrentTerm
2019-11-05 08:34:22,707 [grpc-default-executor-13] INFO  impl.RaftServerImpl (RaftServerImpl.java:setRole(184)) - d7b60609-c805-4df6-8140-a27c681dae80@group-515877FFDAAC: changes role from  FOLLOWER to FOLLOWER at term 2 for recognizeCandidate:05ace5f9-a5b7-4bc6-b4fa-26d4e24ae00c
2019-11-05 08:34:22,707 [grpc-default-executor-15] INFO  server.GrpcServerProtocolService (GrpcServerProtocolService.java:onCompleted(113)) - d7b60609-c805-4df6-8140-a27c681dae80: Completed APPEND_ENTRIES, lastRequest: d92c9463-8e05-4a70-8cc7-1d31ae7ac64a->d7b60609-c805-4df6-8140-a27c681dae80#1-t1, previous=(t:0, i:0), leaderCommit=-1, initializing? false, entries: size=1, first=(t:1, i:0), CONFIGURATIONENTRY
2019-11-05 08:34:22,707 [grpc-default-executor-10] INFO  server.GrpcServerProtocolService (GrpcServerProtocolService.java:onCompleted(113)) - 05ace5f9-a5b7-4bc6-b4fa-26d4e24ae00c: Completed APPEND_ENTRIES, lastRequest: d92c9463-8e05-4a70-8cc7-1d31ae7ac64a->05ace5f9-a5b7-4bc6-b4fa-26d4e24ae00c#0-t1, previous=(t:0, i:0), leaderCommit=-1, initializing? false, entries: <empty>
2019-11-05 08:34:22,707 [grpc-default-executor-13] INFO  impl.RoleInfo (RoleInfo.java:shutdownFollowerState(121)) - d7b60609-c805-4df6-8140-a27c681dae80: shutdown FollowerState
2019-11-05 08:34:22,708 [grpc-default-executor-10] INFO  server.GrpcLogAppender (GrpcLogAppender.java:onCompleted(308)) - d92c9463-8e05-4a70-8cc7-1d31ae7ac64a@group-515877FFDAAC->d7b60609-c805-4df6-8140-a27c681dae80-AppendLogResponseHandler: follower responses appendEntries COMPLETED
2019-11-05 08:34:22,708 [grpc-default-executor-15] INFO  server.GrpcLogAppender (GrpcLogAppender.java:onCompleted(308)) - d92c9463-8e05-4a70-8cc7-1d31ae7ac64a@group-515877FFDAAC->05ace5f9-a5b7-4bc6-b4fa-26d4e24ae00c-AppendLogResponseHandler: follower responses appendEntries COMPLETED
2019-11-05 08:34:22,708 [Thread-3509] INFO  impl.FollowerState (FollowerState.java:run(117)) - d7b60609-c805-4df6-8140-a27c681dae80@group-515877FFDAAC-FollowerState was interrupted: java.lang.InterruptedException: sleep interrupted
2019-11-05 08:34:22,708 [grpc-default-executor-13] INFO  impl.RoleInfo (RoleInfo.java:updateAndGet(143)) - d7b60609-c805-4df6-8140-a27c681dae80: start FollowerState
2019-11-05 08:34:22,712 [grpc-default-executor-10] INFO  impl.FollowerInfo (FollowerInfo.java:lambda$new$0(51)) - d92c9463-8e05-4a70-8cc7-1d31ae7ac64a@group-515877FFDAAC->d7b60609-c805-4df6-8140-a27c681dae80: nextIndex: updateUnconditionally 1 -> 0
2019-11-05 08:34:22,714 [grpc-default-executor-15] INFO  impl.FollowerInfo (FollowerInfo.java:lambda$new$0(51)) - d92c9463-8e05-4a70-8cc7-1d31ae7ac64a@group-515877FFDAAC->05ace5f9-a5b7-4bc6-b4fa-26d4e24ae00c: nextIndex: updateUnconditionally 0 -> 0
2019-11-05 08:34:22,721 [d92c9463-8e05-4a70-8cc7-1d31ae7ac64a@group-515877FFDAAC-SegmentedRaftLogWorker] INFO  segmented.SegmentedRaftLogWorker (SegmentedRaftLogWorker.java:execute(576)) - d92c9463-8e05-4a70-8cc7-1d31ae7ac64a@group-515877FFDAAC-SegmentedRaftLogWorker: created new log segment /workdir/hadoop-ozone/integration-test/target/test-dir/MiniOzoneClusterImpl-c1ac3406-7bea-4748-bbf9-a747646a8bff/datanode-3/data/ratis/7532301e-03ec-4e7a-b7e9-515877ffdaac/current/log_inprogress_0
2019-11-05 08:34:22,721 [d7b60609-c805-4df6-8140-a27c681dae80@group-515877FFDAAC-SegmentedRaftLogWorker] INFO  segmented.SegmentedRaftLogWorker (SegmentedRaftLogWorker.java:execute(576)) - d7b60609-c805-4df6-8140-a27c681dae80@group-515877FFDAAC-SegmentedRaftLogWorker: created new log segment /workdir/hadoop-ozone/integration-test/target/test-dir/MiniOzoneClusterImpl-c1ac3406-7bea-4748-bbf9-a747646a8bff/datanode-5/data/ratis/7532301e-03ec-4e7a-b7e9-515877ffdaac/current/log_inprogress_0
2019-11-05 08:34:22,721 [grpc-default-executor-17] INFO  impl.RaftServerImpl (RaftServerImpl.java:setRole(184)) - d92c9463-8e05-4a70-8cc7-1d31ae7ac64a@group-515877FFDAAC: changes role from  FOLLOWER to FOLLOWER at term 2 for recognizeCandidate:05ace5f9-a5b7-4bc6-b4fa-26d4e24ae00c
2019-11-05 08:34:22,723 [grpc-default-executor-17] INFO  impl.RoleInfo (RoleInfo.java:shutdownFollowerState(121)) - d92c9463-8e05-4a70-8cc7-1d31ae7ac64a: shutdown FollowerState
2019-11-05 08:34:22,723 [grpc-default-executor-17] INFO  impl.RoleInfo (RoleInfo.java:updateAndGet(143)) - d92c9463-8e05-4a70-8cc7-1d31ae7ac64a: start FollowerState
2019-11-05 08:34:22,723 [Thread-3520] INFO  impl.FollowerState (FollowerState.java:run(117)) - d92c9463-8e05-4a70-8cc7-1d31ae7ac64a@group-515877FFDAAC-FollowerState was interrupted: java.lang.InterruptedException: sleep interrupted
2019-11-05 08:34:22,724 [05ace5f9-a5b7-4bc6-b4fa-26d4e24ae00c@group-515877FFDAAC-LeaderElection426] INFO  impl.LeaderElection (LeaderElection.java:logAndReturn(56)) - 05ace5f9-a5b7-4bc6-b4fa-26d4e24ae00c@group-515877FFDAAC-LeaderElection426: Election REJECTED; received 2 response(s) [05ace5f9-a5b7-4bc6-b4fa-26d4e24ae00c<-d92c9463-8e05-4a70-8cc7-1d31ae7ac64a#0:FAIL-t2, 05ace5f9-a5b7-4bc6-b4fa-26d4e24ae00c<-d7b60609-c805-4df6-8140-a27c681dae80#0:FAIL-t2] and 0 exception(s); 05ace5f9-a5b7-4bc6-b4fa-26d4e24ae00c@group-515877FFDAAC:t2, leader=null, voted=05ace5f9-a5b7-4bc6-b4fa-26d4e24ae00c, raftlog=05ace5f9-a5b7-4bc6-b4fa-26d4e24ae00c@group-515877FFDAAC-SegmentedRaftLog:OPENED:c-1,f-1,i0, conf=-1: [05ace5f9-a5b7-4bc6-b4fa-26d4e24ae00c:192.168.164.217:42356, d92c9463-8e05-4a70-8cc7-1d31ae7ac64a:192.168.164.217:37180, d7b60609-c805-4df6-8140-a27c681dae80:192.168.164.217:37880], old=null
2019-11-05 08:34:22,724 [05ace5f9-a5b7-4bc6-b4fa-26d4e24ae00c@group-515877FFDAAC-LeaderElection426] INFO  impl.RaftServerImpl (RaftServerImpl.java:setRole(184)) - 05ace5f9-a5b7-4bc6-b4fa-26d4e24ae00c@group-515877FFDAAC: changes role from CANDIDATE to FOLLOWER at term 2 for DISCOVERED_A_NEW_TERM
2019-11-05 08:34:22,724 [05ace5f9-a5b7-4bc6-b4fa-26d4e24ae00c@group-515877FFDAAC-LeaderElection426] INFO  impl.RoleInfo (RoleInfo.java:shutdownLeaderElection(134)) - 05ace5f9-a5b7-4bc6-b4fa-26d4e24ae00c: shutdown LeaderElection
2019-11-05 08:34:22,724 [05ace5f9-a5b7-4bc6-b4fa-26d4e24ae00c@group-515877FFDAAC-LeaderElection426] INFO  impl.RoleInfo (RoleInfo.java:updateAndGet(143)) - 05ace5f9-a5b7-4bc6-b4fa-26d4e24ae00c: start FollowerState
2019-11-05 08:34:22,742 [Thread-3523] INFO  impl.FollowerState (FollowerState.java:run(108)) - 05ace5f9-a5b7-4bc6-b4fa-26d4e24ae00c@group-515877FFDAAC-FollowerState: change to CANDIDATE, lastRpcTime:17ms, electionTimeout:17ms
2019-11-05 08:34:22,742 [Thread-3523] INFO  impl.RoleInfo (RoleInfo.java:shutdownFollowerState(121)) - 05ace5f9-a5b7-4bc6-b4fa-26d4e24ae00c: shutdown FollowerState
2019-11-05 08:34:22,742 [Thread-3523] INFO  impl.RaftServerImpl (RaftServerImpl.java:setRole(184)) - 05ace5f9-a5b7-4bc6-b4fa-26d4e24ae00c@group-515877FFDAAC: changes role from  FOLLOWER to CANDIDATE at term 2 for changeToCandidate
2019-11-05 08:34:22,742 [Thread-3523] INFO  impl.RoleInfo (RoleInfo.java:updateAndGet(143)) - 05ace5f9-a5b7-4bc6-b4fa-26d4e24ae00c: start LeaderElection
2019-11-05 08:34:22,755 [05ace5f9-a5b7-4bc6-b4fa-26d4e24ae00c@group-515877FFDAAC-LeaderElection428] INFO  impl.LeaderElection (LeaderElection.java:askForVotes(178)) - 05ace5f9-a5b7-4bc6-b4fa-26d4e24ae00c@group-515877FFDAAC-LeaderElection428: begin an election at term 3 for -1: [05ace5f9-a5b7-4bc6-b4fa-26d4e24ae00c:192.168.164.217:42356, d92c9463-8e05-4a70-8cc7-1d31ae7ac64a:192.168.164.217:37180, d7b60609-c805-4df6-8140-a27c681dae80:192.168.164.217:37880], old=null
2019-11-05 08:34:22,757 [grpc-default-executor-17] INFO  impl.RaftServerImpl (RaftServerImpl.java:setRole(184)) - d92c9463-8e05-4a70-8cc7-1d31ae7ac64a@group-515877FFDAAC: changes role from  FOLLOWER to FOLLOWER at term 3 for recognizeCandidate:05ace5f9-a5b7-4bc6-b4fa-26d4e24ae00c
2019-11-05 08:34:22,757 [grpc-default-executor-17] INFO  impl.RoleInfo (RoleInfo.java:shutdownFollowerState(121)) - d92c9463-8e05-4a70-8cc7-1d31ae7ac64a: shutdown FollowerState
2019-11-05 08:34:22,757 [grpc-default-executor-17] INFO  impl.RoleInfo (RoleInfo.java:updateAndGet(143)) - d92c9463-8e05-4a70-8cc7-1d31ae7ac64a: start FollowerState
2019-11-05 08:34:22,757 [grpc-default-executor-13] INFO  impl.RaftServerImpl (RaftServerImpl.java:setRole(184)) - d7b60609-c805-4df6-8140-a27c681dae80@group-515877FFDAAC: changes role from  FOLLOWER to FOLLOWER at term 3 for recognizeCandidate:05ace5f9-a5b7-4bc6-b4fa-26d4e24ae00c
2019-11-05 08:34:22,757 [grpc-default-executor-13] INFO  impl.RoleInfo (RoleInfo.java:shutdownFollowerState(121)) - d7b60609-c805-4df6-8140-a27c681dae80: shutdown FollowerState
2019-11-05 08:34:22,757 [Thread-3522] INFO  impl.FollowerState (FollowerState.java:run(117)) - d92c9463-8e05-4a70-8cc7-1d31ae7ac64a@group-515877FFDAAC-FollowerState was interrupted: java.lang.InterruptedException: sleep interrupted
2019-11-05 08:34:22,757 [grpc-default-executor-13] INFO  impl.RoleInfo (RoleInfo.java:updateAndGet(143)) - d7b60609-c805-4df6-8140-a27c681dae80: start FollowerState
2019-11-05 08:34:22,758 [Thread-3521] INFO  impl.FollowerState (FollowerState.java:run(117)) - d7b60609-c805-4df6-8140-a27c681dae80@group-515877FFDAAC-FollowerState was interrupted: java.lang.InterruptedException: sleep interrupted
2019-11-05 08:34:22,759 [05ace5f9-a5b7-4bc6-b4fa-26d4e24ae00c@group-515877FFDAAC-LeaderElection428] INFO  impl.LeaderElection (LeaderElection.java:logAndReturn(56)) - 05ace5f9-a5b7-4bc6-b4fa-26d4e24ae00c@group-515877FFDAAC-LeaderElection428: Election TIMEOUT; received 0 response(s) [] and 0 exception(s); 05ace5f9-a5b7-4bc6-b4fa-26d4e24ae00c@group-515877FFDAAC:t3, leader=null, voted=05ace5f9-a5b7-4bc6-b4fa-26d4e24ae00c, raftlog=05ace5f9-a5b7-4bc6-b4fa-26d4e24ae00c@group-515877FFDAAC-SegmentedRaftLog:OPENED:c-1,f-1,i0, conf=-1: [05ace5f9-a5b7-4bc6-b4fa-26d4e24ae00c:192.168.164.217:42356, d92c9463-8e05-4a70-8cc7-1d31ae7ac64a:192.168.164.217:37180, d7b60609-c805-4df6-8140-a27c681dae80:192.168.164.217:37880], old=null
2019-11-05 08:34:22,792 [05ace5f9-a5b7-4bc6-b4fa-26d4e24ae00c@group-515877FFDAAC-LeaderElection428] INFO  impl.LeaderElection (LeaderElection.java:askForVotes(178)) - 05ace5f9-a5b7-4bc6-b4fa-26d4e24ae00c@group-515877FFDAAC-LeaderElection428: begin an election at term 4 for -1: [05ace5f9-a5b7-4bc6-b4fa-26d4e24ae00c:192.168.164.217:42356, d92c9463-8e05-4a70-8cc7-1d31ae7ac64a:192.168.164.217:37180, d7b60609-c805-4df6-8140-a27c681dae80:192.168.164.217:37880], old=null
2019-11-05 08:34:22,793 [grpc-default-executor-17] INFO  impl.RaftServerImpl (RaftServerImpl.java:setRole(184)) - d92c9463-8e05-4a70-8cc7-1d31ae7ac64a@group-515877FFDAAC: changes role from  FOLLOWER to FOLLOWER at term 4 for recognizeCandidate:05ace5f9-a5b7-4bc6-b4fa-26d4e24ae00c
2019-11-05 08:34:22,793 [grpc-default-executor-17] INFO  impl.RoleInfo (RoleInfo.java:shutdownFollowerState(121)) - d92c9463-8e05-4a70-8cc7-1d31ae7ac64a: shutdown FollowerState
2019-11-05 08:34:22,793 [grpc-default-executor-13] INFO  impl.RaftServerImpl (RaftServerImpl.java:setRole(184)) - d7b60609-c805-4df6-8140-a27c681dae80@group-515877FFDAAC: changes role from  FOLLOWER to FOLLOWER at term 4 for recognizeCandidate:05ace5f9-a5b7-4bc6-b4fa-26d4e24ae00c
2019-11-05 08:34:22,793 [Thread-3528] INFO  impl.FollowerState (FollowerState.java:run(117)) - d92c9463-8e05-4a70-8cc7-1d31ae7ac64a@group-515877FFDAAC-FollowerState was interrupted: java.lang.InterruptedException: sleep interrupted
2019-11-05 08:34:22,793 [grpc-default-executor-17] INFO  impl.RoleInfo (RoleInfo.java:updateAndGet(143)) - d92c9463-8e05-4a70-8cc7-1d31ae7ac64a: start FollowerState
2019-11-05 08:34:22,793 [grpc-default-executor-13] INFO  impl.RoleInfo (RoleInfo.java:shutdownFollowerState(121)) - d7b60609-c805-4df6-8140-a27c681dae80: shutdown FollowerState
2019-11-05 08:34:22,794 [grpc-default-executor-13] INFO  impl.RoleInfo (RoleInfo.java:updateAndGet(143)) - d7b60609-c805-4df6-8140-a27c681dae80: start FollowerState
2019-11-05 08:34:22,794 [Thread-3529] INFO  impl.FollowerState (FollowerState.java:run(117)) - d7b60609-c805-4df6-8140-a27c681dae80@group-515877FFDAAC-FollowerState was interrupted: java.lang.InterruptedException: sleep interrupted
2019-11-05 08:34:22,807 [05ace5f9-a5b7-4bc6-b4fa-26d4e24ae00c@group-515877FFDAAC-LeaderElection428] INFO  impl.LeaderElection (LeaderElection.java:logAndReturn(56)) - 05ace5f9-a5b7-4bc6-b4fa-26d4e24ae00c@group-515877FFDAAC-LeaderElection428: Election REJECTED; received 2 response(s) [05ace5f9-a5b7-4bc6-b4fa-26d4e24ae00c<-d92c9463-8e05-4a70-8cc7-1d31ae7ac64a#0:FAIL-t4, 05ace5f9-a5b7-4bc6-b4fa-26d4e24ae00c<-d7b60609-c805-4df6-8140-a27c681dae80#0:FAIL-t4] and 0 exception(s); 05ace5f9-a5b7-4bc6-b4fa-26d4e24ae00c@group-515877FFDAAC:t4, leader=null, voted=05ace5f9-a5b7-4bc6-b4fa-26d4e24ae00c, raftlog=05ace5f9-a5b7-4bc6-b4fa-26d4e24ae00c@group-515877FFDAAC-SegmentedRaftLog:OPENED:c-1,f-1,i0, conf=-1: [05ace5f9-a5b7-4bc6-b4fa-26d4e24ae00c:192.168.164.217:42356, d92c9463-8e05-4a70-8cc7-1d31ae7ac64a:192.168.164.217:37180, d7b60609-c805-4df6-8140-a27c681dae80:192.168.164.217:37880], old=null
2019-11-05 08:34:22,807 [05ace5f9-a5b7-4bc6-b4fa-26d4e24ae00c@group-515877FFDAAC-LeaderElection428] INFO  impl.RaftServerImpl (RaftServerImpl.java:setRole(184)) - 05ace5f9-a5b7-4bc6-b4fa-26d4e24ae00c@group-515877FFDAAC: changes role from CANDIDATE to FOLLOWER at term 4 for DISCOVERED_A_NEW_TERM
2019-11-05 08:34:22,807 [05ace5f9-a5b7-4bc6-b4fa-26d4e24ae00c@group-515877FFDAAC-LeaderElection428] INFO  impl.RoleInfo (RoleInfo.java:shutdownLeaderElection(134)) - 05ace5f9-a5b7-4bc6-b4fa-26d4e24ae00c: shutdown LeaderElection
2019-11-05 08:34:22,808 [05ace5f9-a5b7-4bc6-b4fa-26d4e24ae00c@group-515877FFDAAC-LeaderElection428] INFO  impl.RoleInfo (RoleInfo.java:updateAndGet(143)) - 05ace5f9-a5b7-4bc6-b4fa-26d4e24ae00c: start FollowerState
2019-11-05 08:34:22,945 [Thread-3534] INFO  impl.FollowerState (FollowerState.java:run(108)) - 05ace5f9-a5b7-4bc6-b4fa-26d4e24ae00c@group-515877FFDAAC-FollowerState: change to CANDIDATE, lastRpcTime:137ms, electionTimeout:137ms
2019-11-05 08:34:22,945 [Thread-3534] INFO  impl.RoleInfo (RoleInfo.java:shutdownFollowerState(121)) - 05ace5f9-a5b7-4bc6-b4fa-26d4e24ae00c: shutdown FollowerState
2019-11-05 08:34:22,945 [Thread-3534] INFO  impl.RaftServerImpl (RaftServerImpl.java:setRole(184)) - 05ace5f9-a5b7-4bc6-b4fa-26d4e24ae00c@group-515877FFDAAC: changes role from  FOLLOWER to CANDIDATE at term 4 for changeToCandidate
2019-11-05 08:34:22,945 [Thread-3534] INFO  impl.RoleInfo (RoleInfo.java:updateAndGet(143)) - 05ace5f9-a5b7-4bc6-b4fa-26d4e24ae00c: start LeaderElection
2019-11-05 08:34:22,959 [05ace5f9-a5b7-4bc6-b4fa-26d4e24ae00c@group-515877FFDAAC-LeaderElection429] INFO  impl.LeaderElection (LeaderElection.java:askForVotes(178)) - 05ace5f9-a5b7-4bc6-b4fa-26d4e24ae00c@group-515877FFDAAC-LeaderElection429: begin an election at term 5 for -1: [05ace5f9-a5b7-4bc6-b4fa-26d4e24ae00c:192.168.164.217:42356, d92c9463-8e05-4a70-8cc7-1d31ae7ac64a:192.168.164.217:37180, d7b60609-c805-4df6-8140-a27c681dae80:192.168.164.217:37880], old=null
2019-11-05 08:34:22,961 [grpc-default-executor-13] INFO  impl.RaftServerImpl (RaftServerImpl.java:setRole(184)) - d92c9463-8e05-4a70-8cc7-1d31ae7ac64a@group-515877FFDAAC: changes role from  FOLLOWER to FOLLOWER at term 5 for recognizeCandidate:05ace5f9-a5b7-4bc6-b4fa-26d4e24ae00c
2019-11-05 08:34:22,961 [grpc-default-executor-13] INFO  impl.RoleInfo (RoleInfo.java:shutdownFollowerState(121)) - d92c9463-8e05-4a70-8cc7-1d31ae7ac64a: shutdown FollowerState
2019-11-05 08:34:22,961 [grpc-default-executor-17] INFO  impl.RaftServerImpl (RaftServerImpl.java:setRole(184)) - d7b60609-c805-4df6-8140-a27c681dae80@group-515877FFDAAC: changes role from  FOLLOWER to FOLLOWER at term 5 for recognizeCandidate:05ace5f9-a5b7-4bc6-b4fa-26d4e24ae00c
2019-11-05 08:34:22,961 [grpc-default-executor-17] INFO  impl.RoleInfo (RoleInfo.java:shutdownFollowerState(121)) - d7b60609-c805-4df6-8140-a27c681dae80: shutdown FollowerState
2019-11-05 08:34:22,961 [Thread-3532] INFO  impl.FollowerState (FollowerState.java:run(117)) - d92c9463-8e05-4a70-8cc7-1d31ae7ac64a@group-515877FFDAAC-FollowerState was interrupted: java.lang.InterruptedException: sleep interrupted
2019-11-05 08:34:22,961 [grpc-default-executor-13] INFO  impl.RoleInfo (RoleInfo.java:updateAndGet(143)) - d92c9463-8e05-4a70-8cc7-1d31ae7ac64a: start FollowerState
2019-11-05 08:34:22,961 [Thread-3533] INFO  impl.FollowerState (FollowerState.java:run(117)) - d7b60609-c805-4df6-8140-a27c681dae80@group-515877FFDAAC-FollowerState was interrupted: java.lang.InterruptedException: sleep interrupted
2019-11-05 08:34:22,961 [grpc-default-executor-17] INFO  impl.RoleInfo (RoleInfo.java:updateAndGet(143)) - d7b60609-c805-4df6-8140-a27c681dae80: start FollowerState
2019-11-05 08:34:22,973 [05ace5f9-a5b7-4bc6-b4fa-26d4e24ae00c@group-515877FFDAAC-LeaderElection429] INFO  impl.LeaderElection (LeaderElection.java:logAndReturn(56)) - 05ace5f9-a5b7-4bc6-b4fa-26d4e24ae00c@group-515877FFDAAC-LeaderElection429: Election REJECTED; received 2 response(s) [05ace5f9-a5b7-4bc6-b4fa-26d4e24ae00c<-d92c9463-8e05-4a70-8cc7-1d31ae7ac64a#0:FAIL-t5, 05ace5f9-a5b7-4bc6-b4fa-26d4e24ae00c<-d7b60609-c805-4df6-8140-a27c681dae80#0:FAIL-t5] and 0 exception(s); 05ace5f9-a5b7-4bc6-b4fa-26d4e24ae00c@group-515877FFDAAC:t5, leader=null, voted=05ace5f9-a5b7-4bc6-b4fa-26d4e24ae00c, raftlog=05ace5f9-a5b7-4bc6-b4fa-26d4e24ae00c@group-515877FFDAAC-SegmentedRaftLog:OPENED:c-1,f-1,i0, conf=-1: [05ace5f9-a5b7-4bc6-b4fa-26d4e24ae00c:192.168.164.217:42356, d92c9463-8e05-4a70-8cc7-1d31ae7ac64a:192.168.164.217:37180, d7b60609-c805-4df6-8140-a27c681dae80:192.168.164.217:37880], old=null
2019-11-05 08:34:22,973 [05ace5f9-a5b7-4bc6-b4fa-26d4e24ae00c@group-515877FFDAAC-LeaderElection429] INFO  impl.RaftServerImpl (RaftServerImpl.java:setRole(184)) - 05ace5f9-a5b7-4bc6-b4fa-26d4e24ae00c@group-515877FFDAAC: changes role from CANDIDATE to FOLLOWER at term 5 for DISCOVERED_A_NEW_TERM
2019-11-05 08:34:22,973 [05ace5f9-a5b7-4bc6-b4fa-26d4e24ae00c@group-515877FFDAAC-LeaderElection429] INFO  impl.RoleInfo (RoleInfo.java:shutdownLeaderElection(134)) - 05ace5f9-a5b7-4bc6-b4fa-26d4e24ae00c: shutdown LeaderElection
2019-11-05 08:34:22,973 [05ace5f9-a5b7-4bc6-b4fa-26d4e24ae00c@group-515877FFDAAC-LeaderElection429] INFO  impl.RoleInfo (RoleInfo.java:updateAndGet(143)) - 05ace5f9-a5b7-4bc6-b4fa-26d4e24ae00c: start FollowerState
2019-11-05 08:34:23,052 [main] INFO  ozone.MiniOzoneClusterImpl (MiniOzoneClusterImpl.java:lambda$waitForClusterToBeReady$0(147)) - Cluster is ready. Got 10 of 10 DN Heartbeats.
2019-11-05 08:34:23,089 [main] INFO  rpc.RpcClient (RpcClient.java:createVolume(272)) - Creating Volume: datanodefailurehandlingtest, with jenkins1000 as owner.
2019-11-05 08:34:23,093 [IPC Server handler 1 on 42229] INFO  volume.OMVolumeCreateRequest (OMVolumeCreateRequest.java:validateAndUpdateCache(193)) - created volume:datanodefailurehandlingtest for user:jenkins1000
2019-11-05 08:34:23,106 [main] INFO  rpc.RpcClient (RpcClient.java:createBucket(411)) - Creating Bucket: datanodefailurehandlingtest/datanodefailurehandlingtest, with Versioning false and Storage Type set to DISK and Encryption set to false 
2019-11-05 08:34:23,118 [IPC Server handler 3 on 42948] INFO  server.SCMBlockProtocolServer (SCMBlockProtocolServer.java:allocateBlock(179)) - Allocating 1 blocks of size 4194304, with ExcludeList {datanodes = [], containerIds = [], pipelineIds = []}
2019-11-05 08:34:23,141 [Thread-3542] INFO  impl.FollowerState (FollowerState.java:run(108)) - 05ace5f9-a5b7-4bc6-b4fa-26d4e24ae00c@group-515877FFDAAC-FollowerState: change to CANDIDATE, lastRpcTime:167ms, electionTimeout:167ms
2019-11-05 08:34:23,141 [Thread-3542] INFO  impl.RoleInfo (RoleInfo.java:shutdownFollowerState(121)) - 05ace5f9-a5b7-4bc6-b4fa-26d4e24ae00c: shutdown FollowerState
2019-11-05 08:34:23,141 [Thread-3542] INFO  impl.RaftServerImpl (RaftServerImpl.java:setRole(184)) - 05ace5f9-a5b7-4bc6-b4fa-26d4e24ae00c@group-515877FFDAAC: changes role from  FOLLOWER to CANDIDATE at term 5 for changeToCandidate
2019-11-05 08:34:23,141 [Thread-3542] INFO  impl.RoleInfo (RoleInfo.java:updateAndGet(143)) - 05ace5f9-a5b7-4bc6-b4fa-26d4e24ae00c: start LeaderElection
2019-11-05 08:34:23,156 [05ace5f9-a5b7-4bc6-b4fa-26d4e24ae00c@group-515877FFDAAC-LeaderElection430] INFO  impl.LeaderElection (LeaderElection.java:askForVotes(178)) - 05ace5f9-a5b7-4bc6-b4fa-26d4e24ae00c@group-515877FFDAAC-LeaderElection430: begin an election at term 6 for -1: [05ace5f9-a5b7-4bc6-b4fa-26d4e24ae00c:192.168.164.217:42356, d92c9463-8e05-4a70-8cc7-1d31ae7ac64a:192.168.164.217:37180, d7b60609-c805-4df6-8140-a27c681dae80:192.168.164.217:37880], old=null
2019-11-05 08:34:23,169 [grpc-default-executor-17] INFO  impl.RaftServerImpl (RaftServerImpl.java:setRole(184)) - d7b60609-c805-4df6-8140-a27c681dae80@group-515877FFDAAC: changes role from  FOLLOWER to FOLLOWER at term 6 for recognizeCandidate:05ace5f9-a5b7-4bc6-b4fa-26d4e24ae00c
2019-11-05 08:34:23,170 [grpc-default-executor-17] INFO  impl.RoleInfo (RoleInfo.java:shutdownFollowerState(121)) - d7b60609-c805-4df6-8140-a27c681dae80: shutdown FollowerState
2019-11-05 08:34:23,170 [grpc-default-executor-17] INFO  impl.RoleInfo (RoleInfo.java:updateAndGet(143)) - d7b60609-c805-4df6-8140-a27c681dae80: start FollowerState
2019-11-05 08:34:23,172 [Thread-3541] INFO  impl.FollowerState (FollowerState.java:run(117)) - d7b60609-c805-4df6-8140-a27c681dae80@group-515877FFDAAC-FollowerState was interrupted: java.lang.InterruptedException: sleep interrupted
2019-11-05 08:34:23,173 [grpc-default-executor-10] INFO  impl.RaftServerImpl (RaftServerImpl.java:setRole(184)) - d92c9463-8e05-4a70-8cc7-1d31ae7ac64a@group-515877FFDAAC: changes role from  FOLLOWER to FOLLOWER at term 6 for recognizeCandidate:05ace5f9-a5b7-4bc6-b4fa-26d4e24ae00c
2019-11-05 08:34:23,173 [grpc-default-executor-10] INFO  impl.RoleInfo (RoleInfo.java:shutdownFollowerState(121)) - d92c9463-8e05-4a70-8cc7-1d31ae7ac64a: shutdown FollowerState
2019-11-05 08:34:23,173 [grpc-default-executor-10] INFO  impl.RoleInfo (RoleInfo.java:updateAndGet(143)) - d92c9463-8e05-4a70-8cc7-1d31ae7ac64a: start FollowerState
2019-11-05 08:34:23,173 [Thread-3540] INFO  impl.FollowerState (FollowerState.java:run(117)) - d92c9463-8e05-4a70-8cc7-1d31ae7ac64a@group-515877FFDAAC-FollowerState was interrupted: java.lang.InterruptedException: sleep interrupted
2019-11-05 08:34:23,186 [05ace5f9-a5b7-4bc6-b4fa-26d4e24ae00c@group-515877FFDAAC-LeaderElection430] INFO  impl.LeaderElection (LeaderElection.java:logAndReturn(56)) - 05ace5f9-a5b7-4bc6-b4fa-26d4e24ae00c@group-515877FFDAAC-LeaderElection430: Election REJECTED; received 2 response(s) [05ace5f9-a5b7-4bc6-b4fa-26d4e24ae00c<-d92c9463-8e05-4a70-8cc7-1d31ae7ac64a#0:FAIL-t6, 05ace5f9-a5b7-4bc6-b4fa-26d4e24ae00c<-d7b60609-c805-4df6-8140-a27c681dae80#0:FAIL-t6] and 0 exception(s); 05ace5f9-a5b7-4bc6-b4fa-26d4e24ae00c@group-515877FFDAAC:t6, leader=null, voted=05ace5f9-a5b7-4bc6-b4fa-26d4e24ae00c, raftlog=05ace5f9-a5b7-4bc6-b4fa-26d4e24ae00c@group-515877FFDAAC-SegmentedRaftLog:OPENED:c-1,f-1,i0, conf=-1: [05ace5f9-a5b7-4bc6-b4fa-26d4e24ae00c:192.168.164.217:42356, d92c9463-8e05-4a70-8cc7-1d31ae7ac64a:192.168.164.217:37180, d7b60609-c805-4df6-8140-a27c681dae80:192.168.164.217:37880], old=null
2019-11-05 08:34:23,186 [05ace5f9-a5b7-4bc6-b4fa-26d4e24ae00c@group-515877FFDAAC-LeaderElection430] INFO  impl.RaftServerImpl (RaftServerImpl.java:setRole(184)) - 05ace5f9-a5b7-4bc6-b4fa-26d4e24ae00c@group-515877FFDAAC: changes role from CANDIDATE to FOLLOWER at term 6 for DISCOVERED_A_NEW_TERM
2019-11-05 08:34:23,186 [05ace5f9-a5b7-4bc6-b4fa-26d4e24ae00c@group-515877FFDAAC-LeaderElection430] INFO  impl.RoleInfo (RoleInfo.java:shutdownLeaderElection(134)) - 05ace5f9-a5b7-4bc6-b4fa-26d4e24ae00c: shutdown LeaderElection
2019-11-05 08:34:23,187 [05ace5f9-a5b7-4bc6-b4fa-26d4e24ae00c@group-515877FFDAAC-LeaderElection430] INFO  impl.RoleInfo (RoleInfo.java:updateAndGet(143)) - 05ace5f9-a5b7-4bc6-b4fa-26d4e24ae00c: start FollowerState
2019-11-05 08:34:23,342 [Thread-3556] INFO  impl.FollowerState (FollowerState.java:run(108)) - 05ace5f9-a5b7-4bc6-b4fa-26d4e24ae00c@group-515877FFDAAC-FollowerState: change to CANDIDATE, lastRpcTime:155ms, electionTimeout:155ms
2019-11-05 08:34:23,342 [Thread-3556] INFO  impl.RoleInfo (RoleInfo.java:shutdownFollowerState(121)) - 05ace5f9-a5b7-4bc6-b4fa-26d4e24ae00c: shutdown FollowerState
2019-11-05 08:34:23,342 [Thread-3556] INFO  impl.RaftServerImpl (RaftServerImpl.java:setRole(184)) - 05ace5f9-a5b7-4bc6-b4fa-26d4e24ae00c@group-515877FFDAAC: changes role from  FOLLOWER to CANDIDATE at term 6 for changeToCandidate
2019-11-05 08:34:23,342 [Thread-3556] INFO  impl.RoleInfo (RoleInfo.java:updateAndGet(143)) - 05ace5f9-a5b7-4bc6-b4fa-26d4e24ae00c: start LeaderElection
2019-11-05 08:34:23,346 [05ace5f9-a5b7-4bc6-b4fa-26d4e24ae00c@group-515877FFDAAC-LeaderElection431] INFO  impl.LeaderElection (LeaderElection.java:askForVotes(178)) - 05ace5f9-a5b7-4bc6-b4fa-26d4e24ae00c@group-515877FFDAAC-LeaderElection431: begin an election at term 7 for -1: [05ace5f9-a5b7-4bc6-b4fa-26d4e24ae00c:192.168.164.217:42356, d92c9463-8e05-4a70-8cc7-1d31ae7ac64a:192.168.164.217:37180, d7b60609-c805-4df6-8140-a27c681dae80:192.168.164.217:37880], old=null
2019-11-05 08:34:23,348 [grpc-default-executor-17] INFO  impl.RaftServerImpl (RaftServerImpl.java:setRole(184)) - d92c9463-8e05-4a70-8cc7-1d31ae7ac64a@group-515877FFDAAC: changes role from  FOLLOWER to FOLLOWER at term 7 for recognizeCandidate:05ace5f9-a5b7-4bc6-b4fa-26d4e24ae00c
2019-11-05 08:34:23,348 [grpc-default-executor-17] INFO  impl.RoleInfo (RoleInfo.java:shutdownFollowerState(121)) - d92c9463-8e05-4a70-8cc7-1d31ae7ac64a: shutdown FollowerState
2019-11-05 08:34:23,348 [grpc-default-executor-17] INFO  impl.RoleInfo (RoleInfo.java:updateAndGet(143)) - d92c9463-8e05-4a70-8cc7-1d31ae7ac64a: start FollowerState
2019-11-05 08:34:23,348 [Thread-3554] INFO  impl.FollowerState (FollowerState.java:run(117)) - d92c9463-8e05-4a70-8cc7-1d31ae7ac64a@group-515877FFDAAC-FollowerState was interrupted: java.lang.InterruptedException: sleep interrupted
2019-11-05 08:34:23,349 [grpc-default-executor-15] INFO  impl.RaftServerImpl (RaftServerImpl.java:setRole(184)) - d7b60609-c805-4df6-8140-a27c681dae80@group-515877FFDAAC: changes role from  FOLLOWER to FOLLOWER at term 7 for recognizeCandidate:05ace5f9-a5b7-4bc6-b4fa-26d4e24ae00c
2019-11-05 08:34:23,349 [grpc-default-executor-15] INFO  impl.RoleInfo (RoleInfo.java:shutdownFollowerState(121)) - d7b60609-c805-4df6-8140-a27c681dae80: shutdown FollowerState
2019-11-05 08:34:23,349 [grpc-default-executor-15] INFO  impl.RoleInfo (RoleInfo.java:updateAndGet(143)) - d7b60609-c805-4df6-8140-a27c681dae80: start FollowerState
2019-11-05 08:34:23,349 [Thread-3552] INFO  impl.FollowerState (FollowerState.java:run(117)) - d7b60609-c805-4df6-8140-a27c681dae80@group-515877FFDAAC-FollowerState was interrupted: java.lang.InterruptedException: sleep interrupted
2019-11-05 08:34:23,362 [05ace5f9-a5b7-4bc6-b4fa-26d4e24ae00c@group-515877FFDAAC-LeaderElection431] INFO  impl.LeaderElection (LeaderElection.java:logAndReturn(56)) - 05ace5f9-a5b7-4bc6-b4fa-26d4e24ae00c@group-515877FFDAAC-LeaderElection431: Election REJECTED; received 2 response(s) [05ace5f9-a5b7-4bc6-b4fa-26d4e24ae00c<-d92c9463-8e05-4a70-8cc7-1d31ae7ac64a#0:FAIL-t7, 05ace5f9-a5b7-4bc6-b4fa-26d4e24ae00c<-d7b60609-c805-4df6-8140-a27c681dae80#0:FAIL-t7] and 0 exception(s); 05ace5f9-a5b7-4bc6-b4fa-26d4e24ae00c@group-515877FFDAAC:t7, leader=null, voted=05ace5f9-a5b7-4bc6-b4fa-26d4e24ae00c, raftlog=05ace5f9-a5b7-4bc6-b4fa-26d4e24ae00c@group-515877FFDAAC-SegmentedRaftLog:OPENED:c-1,f-1,i0, conf=-1: [05ace5f9-a5b7-4bc6-b4fa-26d4e24ae00c:192.168.164.217:42356, d92c9463-8e05-4a70-8cc7-1d31ae7ac64a:192.168.164.217:37180, d7b60609-c805-4df6-8140-a27c681dae80:192.168.164.217:37880], old=null
2019-11-05 08:34:23,362 [05ace5f9-a5b7-4bc6-b4fa-26d4e24ae00c@group-515877FFDAAC-LeaderElection431] INFO  impl.RaftServerImpl (RaftServerImpl.java:setRole(184)) - 05ace5f9-a5b7-4bc6-b4fa-26d4e24ae00c@group-515877FFDAAC: changes role from CANDIDATE to FOLLOWER at term 7 for DISCOVERED_A_NEW_TERM
2019-11-05 08:34:23,363 [05ace5f9-a5b7-4bc6-b4fa-26d4e24ae00c@group-515877FFDAAC-LeaderElection431] INFO  impl.RoleInfo (RoleInfo.java:shutdownLeaderElection(134)) - 05ace5f9-a5b7-4bc6-b4fa-26d4e24ae00c: shutdown LeaderElection
2019-11-05 08:34:23,363 [05ace5f9-a5b7-4bc6-b4fa-26d4e24ae00c@group-515877FFDAAC-LeaderElection431] INFO  impl.RoleInfo (RoleInfo.java:updateAndGet(143)) - 05ace5f9-a5b7-4bc6-b4fa-26d4e24ae00c: start FollowerState
2019-11-05 08:34:23,364 [EventQueue-CloseContainerForCloseContainerEventHandler] INFO  container.CloseContainerEventHandler (CloseContainerEventHandler.java:onMessage(61)) - Close container Event triggered for container : #1
2019-11-05 08:34:23,366 [EventQueue-CloseContainerForCloseContainerEventHandler] INFO  container.CloseContainerEventHandler (CloseContainerEventHandler.java:onMessage(61)) - Close container Event triggered for container : #1
2019-11-05 08:34:23,366 [EventQueue-CloseContainerForCloseContainerEventHandler] INFO  container.CloseContainerEventHandler (CloseContainerEventHandler.java:onMessage(61)) - Close container Event triggered for container : #1
2019-11-05 08:34:23,375 [Thread-3578] INFO  impl.FollowerState (FollowerState.java:run(108)) - 05ace5f9-a5b7-4bc6-b4fa-26d4e24ae00c@group-515877FFDAAC-FollowerState: change to CANDIDATE, lastRpcTime:12ms, electionTimeout:12ms
2019-11-05 08:34:23,375 [Thread-3578] INFO  impl.RoleInfo (RoleInfo.java:shutdownFollowerState(121)) - 05ace5f9-a5b7-4bc6-b4fa-26d4e24ae00c: shutdown FollowerState
2019-11-05 08:34:23,375 [Thread-3578] INFO  impl.RaftServerImpl (RaftServerImpl.java:setRole(184)) - 05ace5f9-a5b7-4bc6-b4fa-26d4e24ae00c@group-515877FFDAAC: changes role from  FOLLOWER to CANDIDATE at term 7 for changeToCandidate
2019-11-05 08:34:23,375 [Thread-3578] INFO  impl.RoleInfo (RoleInfo.java:updateAndGet(143)) - 05ace5f9-a5b7-4bc6-b4fa-26d4e24ae00c: start LeaderElection
2019-11-05 08:34:23,379 [05ace5f9-a5b7-4bc6-b4fa-26d4e24ae00c@group-515877FFDAAC-LeaderElection432] INFO  impl.LeaderElection (LeaderElection.java:askForVotes(178)) - 05ace5f9-a5b7-4bc6-b4fa-26d4e24ae00c@group-515877FFDAAC-LeaderElection432: begin an election at term 8 for -1: [05ace5f9-a5b7-4bc6-b4fa-26d4e24ae00c:192.168.164.217:42356, d92c9463-8e05-4a70-8cc7-1d31ae7ac64a:192.168.164.217:37180, d7b60609-c805-4df6-8140-a27c681dae80:192.168.164.217:37880], old=null
2019-11-05 08:34:23,380 [grpc-default-executor-15] INFO  impl.RaftServerImpl (RaftServerImpl.java:setRole(184)) - d7b60609-c805-4df6-8140-a27c681dae80@group-515877FFDAAC: changes role from  FOLLOWER to FOLLOWER at term 8 for recognizeCandidate:05ace5f9-a5b7-4bc6-b4fa-26d4e24ae00c
2019-11-05 08:34:23,380 [grpc-default-executor-15] INFO  impl.RoleInfo (RoleInfo.java:shutdownFollowerState(121)) - d7b60609-c805-4df6-8140-a27c681dae80: shutdown FollowerState
2019-11-05 08:34:23,380 [grpc-default-executor-17] INFO  impl.RaftServerImpl (RaftServerImpl.java:setRole(184)) - d92c9463-8e05-4a70-8cc7-1d31ae7ac64a@group-515877FFDAAC: changes role from  FOLLOWER to FOLLOWER at term 8 for recognizeCandidate:05ace5f9-a5b7-4bc6-b4fa-26d4e24ae00c
2019-11-05 08:34:23,380 [Thread-3576] INFO  impl.FollowerState (FollowerState.java:run(117)) - d7b60609-c805-4df6-8140-a27c681dae80@group-515877FFDAAC-FollowerState was interrupted: java.lang.InterruptedException: sleep interrupted
2019-11-05 08:34:23,380 [grpc-default-executor-15] INFO  impl.RoleInfo (RoleInfo.java:updateAndGet(143)) - d7b60609-c805-4df6-8140-a27c681dae80: start FollowerState
2019-11-05 08:34:23,380 [grpc-default-executor-17] INFO  impl.RoleInfo (RoleInfo.java:shutdownFollowerState(121)) - d92c9463-8e05-4a70-8cc7-1d31ae7ac64a: shutdown FollowerState
2019-11-05 08:34:23,380 [grpc-default-executor-17] INFO  impl.RoleInfo (RoleInfo.java:updateAndGet(143)) - d92c9463-8e05-4a70-8cc7-1d31ae7ac64a: start FollowerState
2019-11-05 08:34:23,381 [Thread-3575] INFO  impl.FollowerState (FollowerState.java:run(117)) - d92c9463-8e05-4a70-8cc7-1d31ae7ac64a@group-515877FFDAAC-FollowerState was interrupted: java.lang.InterruptedException: sleep interrupted
2019-11-05 08:34:23,385 [05ace5f9-a5b7-4bc6-b4fa-26d4e24ae00c@group-515877FFDAAC-LeaderElection432] INFO  impl.LeaderElection (LeaderElection.java:logAndReturn(56)) - 05ace5f9-a5b7-4bc6-b4fa-26d4e24ae00c@group-515877FFDAAC-LeaderElection432: Election REJECTED; received 2 response(s) [05ace5f9-a5b7-4bc6-b4fa-26d4e24ae00c<-d92c9463-8e05-4a70-8cc7-1d31ae7ac64a#0:FAIL-t8, 05ace5f9-a5b7-4bc6-b4fa-26d4e24ae00c<-d7b60609-c805-4df6-8140-a27c681dae80#0:FAIL-t8] and 0 exception(s); 05ace5f9-a5b7-4bc6-b4fa-26d4e24ae00c@group-515877FFDAAC:t8, leader=null, voted=05ace5f9-a5b7-4bc6-b4fa-26d4e24ae00c, raftlog=05ace5f9-a5b7-4bc6-b4fa-26d4e24ae00c@group-515877FFDAAC-SegmentedRaftLog:OPENED:c-1,f-1,i0, conf=-1: [05ace5f9-a5b7-4bc6-b4fa-26d4e24ae00c:192.168.164.217:42356, d92c9463-8e05-4a70-8cc7-1d31ae7ac64a:192.168.164.217:37180, d7b60609-c805-4df6-8140-a27c681dae80:192.168.164.217:37880], old=null
2019-11-05 08:34:23,385 [05ace5f9-a5b7-4bc6-b4fa-26d4e24ae00c@group-515877FFDAAC-LeaderElection432] INFO  impl.RaftServerImpl (RaftServerImpl.java:setRole(184)) - 05ace5f9-a5b7-4bc6-b4fa-26d4e24ae00c@group-515877FFDAAC: changes role from CANDIDATE to FOLLOWER at term 8 for DISCOVERED_A_NEW_TERM
2019-11-05 08:34:23,386 [05ace5f9-a5b7-4bc6-b4fa-26d4e24ae00c@group-515877FFDAAC-LeaderElection432] INFO  impl.RoleInfo (RoleInfo.java:shutdownLeaderElection(134)) - 05ace5f9-a5b7-4bc6-b4fa-26d4e24ae00c: shutdown LeaderElection
2019-11-05 08:34:23,386 [05ace5f9-a5b7-4bc6-b4fa-26d4e24ae00c@group-515877FFDAAC-LeaderElection432] INFO  impl.RoleInfo (RoleInfo.java:updateAndGet(143)) - 05ace5f9-a5b7-4bc6-b4fa-26d4e24ae00c: start FollowerState
2019-11-05 08:34:23,556 [Thread-3586] INFO  impl.FollowerState (FollowerState.java:run(108)) - 05ace5f9-a5b7-4bc6-b4fa-26d4e24ae00c@group-515877FFDAAC-FollowerState: change to CANDIDATE, lastRpcTime:170ms, electionTimeout:170ms
2019-11-05 08:34:23,556 [Thread-3586] INFO  impl.RoleInfo (RoleInfo.java:shutdownFollowerState(121)) - 05ace5f9-a5b7-4bc6-b4fa-26d4e24ae00c: shutdown FollowerState
2019-11-05 08:34:23,556 [Thread-3586] INFO  impl.RaftServerImpl (RaftServerImpl.java:setRole(184)) - 05ace5f9-a5b7-4bc6-b4fa-26d4e24ae00c@group-515877FFDAAC: changes role from  FOLLOWER to CANDIDATE at term 8 for changeToCandidate
2019-11-05 08:34:23,556 [Thread-3586] INFO  impl.RoleInfo (RoleInfo.java:updateAndGet(143)) - 05ace5f9-a5b7-4bc6-b4fa-26d4e24ae00c: start LeaderElection
2019-11-05 08:34:23,570 [05ace5f9-a5b7-4bc6-b4fa-26d4e24ae00c@group-515877FFDAAC-LeaderElection433] INFO  impl.LeaderElection (LeaderElection.java:askForVotes(178)) - 05ace5f9-a5b7-4bc6-b4fa-26d4e24ae00c@group-515877FFDAAC-LeaderElection433: begin an election at term 9 for -1: [05ace5f9-a5b7-4bc6-b4fa-26d4e24ae00c:192.168.164.217:42356, d92c9463-8e05-4a70-8cc7-1d31ae7ac64a:192.168.164.217:37180, d7b60609-c805-4df6-8140-a27c681dae80:192.168.164.217:37880], old=null
2019-11-05 08:34:23,572 [grpc-default-executor-17] INFO  impl.RaftServerImpl (RaftServerImpl.java:setRole(184)) - d92c9463-8e05-4a70-8cc7-1d31ae7ac64a@group-515877FFDAAC: changes role from  FOLLOWER to FOLLOWER at term 9 for recognizeCandidate:05ace5f9-a5b7-4bc6-b4fa-26d4e24ae00c
2019-11-05 08:34:23,573 [grpc-default-executor-17] INFO  impl.RoleInfo (RoleInfo.java:shutdownFollowerState(121)) - d92c9463-8e05-4a70-8cc7-1d31ae7ac64a: shutdown FollowerState
2019-11-05 08:34:23,573 [grpc-default-executor-17] INFO  impl.RoleInfo (RoleInfo.java:updateAndGet(143)) - d92c9463-8e05-4a70-8cc7-1d31ae7ac64a: start FollowerState
2019-11-05 08:34:23,573 [Thread-3585] INFO  impl.FollowerState (FollowerState.java:run(117)) - d92c9463-8e05-4a70-8cc7-1d31ae7ac64a@group-515877FFDAAC-FollowerState was interrupted: java.lang.InterruptedException: sleep interrupted
2019-11-05 08:34:23,573 [grpc-default-executor-15] INFO  impl.RaftServerImpl (RaftServerImpl.java:setRole(184)) - d7b60609-c805-4df6-8140-a27c681dae80@group-515877FFDAAC: changes role from  FOLLOWER to FOLLOWER at term 9 for recognizeCandidate:05ace5f9-a5b7-4bc6-b4fa-26d4e24ae00c
2019-11-05 08:34:23,573 [grpc-default-executor-15] INFO  impl.RoleInfo (RoleInfo.java:shutdownFollowerState(121)) - d7b60609-c805-4df6-8140-a27c681dae80: shutdown FollowerState
2019-11-05 08:34:23,573 [grpc-default-executor-15] INFO  impl.RoleInfo (RoleInfo.java:updateAndGet(143)) - d7b60609-c805-4df6-8140-a27c681dae80: start FollowerState
2019-11-05 08:34:23,573 [Thread-3584] INFO  impl.FollowerState (FollowerState.java:run(117)) - d7b60609-c805-4df6-8140-a27c681dae80@group-515877FFDAAC-FollowerState was interrupted: java.lang.InterruptedException: sleep interrupted
2019-11-05 08:34:23,587 [05ace5f9-a5b7-4bc6-b4fa-26d4e24ae00c@group-515877FFDAAC-LeaderElection433] INFO  impl.LeaderElection (LeaderElection.java:logAndReturn(56)) - 05ace5f9-a5b7-4bc6-b4fa-26d4e24ae00c@group-515877FFDAAC-LeaderElection433: Election REJECTED; received 2 response(s) [05ace5f9-a5b7-4bc6-b4fa-26d4e24ae00c<-d92c9463-8e05-4a70-8cc7-1d31ae7ac64a#0:FAIL-t9, 05ace5f9-a5b7-4bc6-b4fa-26d4e24ae00c<-d7b60609-c805-4df6-8140-a27c681dae80#0:FAIL-t9] and 0 exception(s); 05ace5f9-a5b7-4bc6-b4fa-26d4e24ae00c@group-515877FFDAAC:t9, leader=null, voted=05ace5f9-a5b7-4bc6-b4fa-26d4e24ae00c, raftlog=05ace5f9-a5b7-4bc6-b4fa-26d4e24ae00c@group-515877FFDAAC-SegmentedRaftLog:OPENED:c-1,f-1,i0, conf=-1: [05ace5f9-a5b7-4bc6-b4fa-26d4e24ae00c:192.168.164.217:42356, d92c9463-8e05-4a70-8cc7-1d31ae7ac64a:192.168.164.217:37180, d7b60609-c805-4df6-8140-a27c681dae80:192.168.164.217:37880], old=null
2019-11-05 08:34:23,587 [05ace5f9-a5b7-4bc6-b4fa-26d4e24ae00c@group-515877FFDAAC-LeaderElection433] INFO  impl.RaftServerImpl (RaftServerImpl.java:setRole(184)) - 05ace5f9-a5b7-4bc6-b4fa-26d4e24ae00c@group-515877FFDAAC: changes role from CANDIDATE to FOLLOWER at term 9 for DISCOVERED_A_NEW_TERM
2019-11-05 08:34:23,587 [05ace5f9-a5b7-4bc6-b4fa-26d4e24ae00c@group-515877FFDAAC-LeaderElection433] INFO  impl.RoleInfo (RoleInfo.java:shutdownLeaderElection(134)) - 05ace5f9-a5b7-4bc6-b4fa-26d4e24ae00c: shutdown LeaderElection
2019-11-05 08:34:23,587 [05ace5f9-a5b7-4bc6-b4fa-26d4e24ae00c@group-515877FFDAAC-LeaderElection433] INFO  impl.RoleInfo (RoleInfo.java:updateAndGet(143)) - 05ace5f9-a5b7-4bc6-b4fa-26d4e24ae00c: start FollowerState
2019-11-05 08:34:23,665 [Thread-3592] INFO  impl.FollowerState (FollowerState.java:run(108)) - 05ace5f9-a5b7-4bc6-b4fa-26d4e24ae00c@group-515877FFDAAC-FollowerState: change to CANDIDATE, lastRpcTime:78ms, electionTimeout:78ms
2019-11-05 08:34:23,665 [Thread-3592] INFO  impl.RoleInfo (RoleInfo.java:shutdownFollowerState(121)) - 05ace5f9-a5b7-4bc6-b4fa-26d4e24ae00c: shutdown FollowerState
2019-11-05 08:34:23,666 [Thread-3592] INFO  impl.RaftServerImpl (RaftServerImpl.java:setRole(184)) - 05ace5f9-a5b7-4bc6-b4fa-26d4e24ae00c@group-515877FFDAAC: changes role from  FOLLOWER to CANDIDATE at term 9 for changeToCandidate
2019-11-05 08:34:23,666 [Thread-3592] INFO  impl.RoleInfo (RoleInfo.java:updateAndGet(143)) - 05ace5f9-a5b7-4bc6-b4fa-26d4e24ae00c: start LeaderElection
2019-11-05 08:34:23,679 [05ace5f9-a5b7-4bc6-b4fa-26d4e24ae00c@group-515877FFDAAC-LeaderElection434] INFO  impl.LeaderElection (LeaderElection.java:askForVotes(178)) - 05ace5f9-a5b7-4bc6-b4fa-26d4e24ae00c@group-515877FFDAAC-LeaderElection434: begin an election at term 10 for -1: [05ace5f9-a5b7-4bc6-b4fa-26d4e24ae00c:192.168.164.217:42356, d92c9463-8e05-4a70-8cc7-1d31ae7ac64a:192.168.164.217:37180, d7b60609-c805-4df6-8140-a27c681dae80:192.168.164.217:37880], old=null
2019-11-05 08:34:23,681 [grpc-default-executor-17] INFO  impl.RaftServerImpl (RaftServerImpl.java:setRole(184)) - d92c9463-8e05-4a70-8cc7-1d31ae7ac64a@group-515877FFDAAC: changes role from  FOLLOWER to FOLLOWER at term 10 for recognizeCandidate:05ace5f9-a5b7-4bc6-b4fa-26d4e24ae00c
2019-11-05 08:34:23,681 [grpc-default-executor-17] INFO  impl.RoleInfo (RoleInfo.java:shutdownFollowerState(121)) - d92c9463-8e05-4a70-8cc7-1d31ae7ac64a: shutdown FollowerState
2019-11-05 08:34:23,681 [grpc-default-executor-17] INFO  impl.RoleInfo (RoleInfo.java:updateAndGet(143)) - d92c9463-8e05-4a70-8cc7-1d31ae7ac64a: start FollowerState
2019-11-05 08:34:23,682 [Thread-3590] INFO  impl.FollowerState (FollowerState.java:run(117)) - d92c9463-8e05-4a70-8cc7-1d31ae7ac64a@group-515877FFDAAC-FollowerState was interrupted: java.lang.InterruptedException: sleep interrupted
2019-11-05 08:34:23,682 [grpc-default-executor-15] INFO  impl.RaftServerImpl (RaftServerImpl.java:setRole(184)) - d7b60609-c805-4df6-8140-a27c681dae80@group-515877FFDAAC: changes role from  FOLLOWER to FOLLOWER at term 10 for recognizeCandidate:05ace5f9-a5b7-4bc6-b4fa-26d4e24ae00c
2019-11-05 08:34:23,682 [grpc-default-executor-15] INFO  impl.RoleInfo (RoleInfo.java:shutdownFollowerState(121)) - d7b60609-c805-4df6-8140-a27c681dae80: shutdown FollowerState
2019-11-05 08:34:23,682 [grpc-default-executor-15] INFO  impl.RoleInfo (RoleInfo.java:updateAndGet(143)) - d7b60609-c805-4df6-8140-a27c681dae80: start FollowerState
2019-11-05 08:34:23,682 [Thread-3591] INFO  impl.FollowerState (FollowerState.java:run(117)) - d7b60609-c805-4df6-8140-a27c681dae80@group-515877FFDAAC-FollowerState was interrupted: java.lang.InterruptedException: sleep interrupted
2019-11-05 08:34:23,700 [05ace5f9-a5b7-4bc6-b4fa-26d4e24ae00c@group-515877FFDAAC-LeaderElection434] INFO  impl.LeaderElection (LeaderElection.java:logAndReturn(56)) - 05ace5f9-a5b7-4bc6-b4fa-26d4e24ae00c@group-515877FFDAAC-LeaderElection434: Election REJECTED; received 2 response(s) [05ace5f9-a5b7-4bc6-b4fa-26d4e24ae00c<-d92c9463-8e05-4a70-8cc7-1d31ae7ac64a#0:FAIL-t10, 05ace5f9-a5b7-4bc6-b4fa-26d4e24ae00c<-d7b60609-c805-4df6-8140-a27c681dae80#0:FAIL-t10] and 0 exception(s); 05ace5f9-a5b7-4bc6-b4fa-26d4e24ae00c@group-515877FFDAAC:t10, leader=null, voted=05ace5f9-a5b7-4bc6-b4fa-26d4e24ae00c, raftlog=05ace5f9-a5b7-4bc6-b4fa-26d4e24ae00c@group-515877FFDAAC-SegmentedRaftLog:OPENED:c-1,f-1,i0, conf=-1: [05ace5f9-a5b7-4bc6-b4fa-26d4e24ae00c:192.168.164.217:42356, d92c9463-8e05-4a70-8cc7-1d31ae7ac64a:192.168.164.217:37180, d7b60609-c805-4df6-8140-a27c681dae80:192.168.164.217:37880], old=null
2019-11-05 08:34:23,700 [05ace5f9-a5b7-4bc6-b4fa-26d4e24ae00c@group-515877FFDAAC-LeaderElection434] INFO  impl.RaftServerImpl (RaftServerImpl.java:setRole(184)) - 05ace5f9-a5b7-4bc6-b4fa-26d4e24ae00c@group-515877FFDAAC: changes role from CANDIDATE to FOLLOWER at term 10 for DISCOVERED_A_NEW_TERM
2019-11-05 08:34:23,700 [05ace5f9-a5b7-4bc6-b4fa-26d4e24ae00c@group-515877FFDAAC-LeaderElection434] INFO  impl.RoleInfo (RoleInfo.java:shutdownLeaderElection(134)) - 05ace5f9-a5b7-4bc6-b4fa-26d4e24ae00c: shutdown LeaderElection
2019-11-05 08:34:23,700 [05ace5f9-a5b7-4bc6-b4fa-26d4e24ae00c@group-515877FFDAAC-LeaderElection434] INFO  impl.RoleInfo (RoleInfo.java:updateAndGet(143)) - 05ace5f9-a5b7-4bc6-b4fa-26d4e24ae00c: start FollowerState
2019-11-05 08:34:23,835 [Thread-3598] INFO  impl.FollowerState (FollowerState.java:run(108)) - 05ace5f9-a5b7-4bc6-b4fa-26d4e24ae00c@group-515877FFDAAC-FollowerState: change to CANDIDATE, lastRpcTime:134ms, electionTimeout:134ms
2019-11-05 08:34:23,835 [Thread-3598] INFO  impl.RoleInfo (RoleInfo.java:shutdownFollowerState(121)) - 05ace5f9-a5b7-4bc6-b4fa-26d4e24ae00c: shutdown FollowerState
2019-11-05 08:34:23,835 [Thread-3598] INFO  impl.RaftServerImpl (RaftServerImpl.java:setRole(184)) - 05ace5f9-a5b7-4bc6-b4fa-26d4e24ae00c@group-515877FFDAAC: changes role from  FOLLOWER to CANDIDATE at term 10 for changeToCandidate
2019-11-05 08:34:23,835 [Thread-3598] INFO  impl.RoleInfo (RoleInfo.java:updateAndGet(143)) - 05ace5f9-a5b7-4bc6-b4fa-26d4e24ae00c: start LeaderElection
2019-11-05 08:34:23,850 [05ace5f9-a5b7-4bc6-b4fa-26d4e24ae00c@group-515877FFDAAC-LeaderElection435] INFO  impl.LeaderElection (LeaderElection.java:askForVotes(178)) - 05ace5f9-a5b7-4bc6-b4fa-26d4e24ae00c@group-515877FFDAAC-LeaderElection435: begin an election at term 11 for -1: [05ace5f9-a5b7-4bc6-b4fa-26d4e24ae00c:192.168.164.217:42356, d92c9463-8e05-4a70-8cc7-1d31ae7ac64a:192.168.164.217:37180, d7b60609-c805-4df6-8140-a27c681dae80:192.168.164.217:37880], old=null
2019-11-05 08:34:23,852 [grpc-default-executor-15] INFO  impl.RaftServerImpl (RaftServerImpl.java:setRole(184)) - d7b60609-c805-4df6-8140-a27c681dae80@group-515877FFDAAC: changes role from  FOLLOWER to FOLLOWER at term 11 for recognizeCandidate:05ace5f9-a5b7-4bc6-b4fa-26d4e24ae00c
2019-11-05 08:34:23,852 [grpc-default-executor-15] INFO  impl.RoleInfo (RoleInfo.java:shutdownFollowerState(121)) - d7b60609-c805-4df6-8140-a27c681dae80: shutdown FollowerState
2019-11-05 08:34:23,852 [grpc-default-executor-17] INFO  impl.RaftServerImpl (RaftServerImpl.java:setRole(184)) - d92c9463-8e05-4a70-8cc7-1d31ae7ac64a@group-515877FFDAAC: changes role from  FOLLOWER to FOLLOWER at term 11 for recognizeCandidate:05ace5f9-a5b7-4bc6-b4fa-26d4e24ae00c
2019-11-05 08:34:23,852 [Thread-3597] INFO  impl.FollowerState (FollowerState.java:run(117)) - d7b60609-c805-4df6-8140-a27c681dae80@group-515877FFDAAC-FollowerState was interrupted: java.lang.InterruptedException: sleep interrupted
2019-11-05 08:34:23,852 [grpc-default-executor-15] INFO  impl.RoleInfo (RoleInfo.java:updateAndGet(143)) - d7b60609-c805-4df6-8140-a27c681dae80: start FollowerState
2019-11-05 08:34:23,853 [grpc-default-executor-17] INFO  impl.RoleInfo (RoleInfo.java:shutdownFollowerState(121)) - d92c9463-8e05-4a70-8cc7-1d31ae7ac64a: shutdown FollowerState
2019-11-05 08:34:23,853 [grpc-default-executor-17] INFO  impl.RoleInfo (RoleInfo.java:updateAndGet(143)) - d92c9463-8e05-4a70-8cc7-1d31ae7ac64a: start FollowerState
2019-11-05 08:34:23,853 [Thread-3596] INFO  impl.FollowerState (FollowerState.java:run(117)) - d92c9463-8e05-4a70-8cc7-1d31ae7ac64a@group-515877FFDAAC-FollowerState was interrupted: java.lang.InterruptedException: sleep interrupted
2019-11-05 08:34:23,879 [05ace5f9-a5b7-4bc6-b4fa-26d4e24ae00c@group-515877FFDAAC-LeaderElection435] INFO  impl.LeaderElection (LeaderElection.java:logAndReturn(56)) - 05ace5f9-a5b7-4bc6-b4fa-26d4e24ae00c@group-515877FFDAAC-LeaderElection435: Election REJECTED; received 2 response(s) [05ace5f9-a5b7-4bc6-b4fa-26d4e24ae00c<-d92c9463-8e05-4a70-8cc7-1d31ae7ac64a#0:FAIL-t11, 05ace5f9-a5b7-4bc6-b4fa-26d4e24ae00c<-d7b60609-c805-4df6-8140-a27c681dae80#0:FAIL-t11] and 0 exception(s); 05ace5f9-a5b7-4bc6-b4fa-26d4e24ae00c@group-515877FFDAAC:t11, leader=null, voted=05ace5f9-a5b7-4bc6-b4fa-26d4e24ae00c, raftlog=05ace5f9-a5b7-4bc6-b4fa-26d4e24ae00c@group-515877FFDAAC-SegmentedRaftLog:OPENED:c-1,f-1,i0, conf=-1: [05ace5f9-a5b7-4bc6-b4fa-26d4e24ae00c:192.168.164.217:42356, d92c9463-8e05-4a70-8cc7-1d31ae7ac64a:192.168.164.217:37180, d7b60609-c805-4df6-8140-a27c681dae80:192.168.164.217:37880], old=null
2019-11-05 08:34:23,879 [05ace5f9-a5b7-4bc6-b4fa-26d4e24ae00c@group-515877FFDAAC-LeaderElection435] INFO  impl.RaftServerImpl (RaftServerImpl.java:setRole(184)) - 05ace5f9-a5b7-4bc6-b4fa-26d4e24ae00c@group-515877FFDAAC: changes role from CANDIDATE to FOLLOWER at term 11 for DISCOVERED_A_NEW_TERM
2019-11-05 08:34:23,879 [05ace5f9-a5b7-4bc6-b4fa-26d4e24ae00c@group-515877FFDAAC-LeaderElection435] INFO  impl.RoleInfo (RoleInfo.java:shutdownLeaderElection(134)) - 05ace5f9-a5b7-4bc6-b4fa-26d4e24ae00c: shutdown LeaderElection
2019-11-05 08:34:23,880 [05ace5f9-a5b7-4bc6-b4fa-26d4e24ae00c@group-515877FFDAAC-LeaderElection435] INFO  impl.RoleInfo (RoleInfo.java:updateAndGet(143)) - 05ace5f9-a5b7-4bc6-b4fa-26d4e24ae00c: start FollowerState
2019-11-05 08:34:23,965 [Thread-3608] INFO  impl.FollowerState (FollowerState.java:run(108)) - 05ace5f9-a5b7-4bc6-b4fa-26d4e24ae00c@group-515877FFDAAC-FollowerState: change to CANDIDATE, lastRpcTime:85ms, electionTimeout:85ms
2019-11-05 08:34:23,965 [Thread-3608] INFO  impl.RoleInfo (RoleInfo.java:shutdownFollowerState(121)) - 05ace5f9-a5b7-4bc6-b4fa-26d4e24ae00c: shutdown FollowerState
2019-11-05 08:34:23,965 [Thread-3608] INFO  impl.RaftServerImpl (RaftServerImpl.java:setRole(184)) - 05ace5f9-a5b7-4bc6-b4fa-26d4e24ae00c@group-515877FFDAAC: changes role from  FOLLOWER to CANDIDATE at term 11 for changeToCandidate
2019-11-05 08:34:23,965 [Thread-3608] INFO  impl.RoleInfo (RoleInfo.java:updateAndGet(143)) - 05ace5f9-a5b7-4bc6-b4fa-26d4e24ae00c: start LeaderElection
2019-11-05 08:34:23,987 [05ace5f9-a5b7-4bc6-b4fa-26d4e24ae00c@group-515877FFDAAC-LeaderElection436] INFO  impl.LeaderElection (LeaderElection.java:askForVotes(178)) - 05ace5f9-a5b7-4bc6-b4fa-26d4e24ae00c@group-515877FFDAAC-LeaderElection436: begin an election at term 12 for -1: [05ace5f9-a5b7-4bc6-b4fa-26d4e24ae00c:192.168.164.217:42356, d92c9463-8e05-4a70-8cc7-1d31ae7ac64a:192.168.164.217:37180, d7b60609-c805-4df6-8140-a27c681dae80:192.168.164.217:37880], old=null
2019-11-05 08:34:23,988 [grpc-default-executor-15] INFO  impl.RaftServerImpl (RaftServerImpl.java:setRole(184)) - d92c9463-8e05-4a70-8cc7-1d31ae7ac64a@group-515877FFDAAC: changes role from  FOLLOWER to FOLLOWER at term 12 for recognizeCandidate:05ace5f9-a5b7-4bc6-b4fa-26d4e24ae00c
2019-11-05 08:34:23,988 [grpc-default-executor-15] INFO  impl.RoleInfo (RoleInfo.java:shutdownFollowerState(121)) - d92c9463-8e05-4a70-8cc7-1d31ae7ac64a: shutdown FollowerState
2019-11-05 08:34:23,988 [grpc-default-executor-15] INFO  impl.RoleInfo (RoleInfo.java:updateAndGet(143)) - d92c9463-8e05-4a70-8cc7-1d31ae7ac64a: start FollowerState
2019-11-05 08:34:23,988 [Thread-3607] INFO  impl.FollowerState (FollowerState.java:run(117)) - d92c9463-8e05-4a70-8cc7-1d31ae7ac64a@group-515877FFDAAC-FollowerState was interrupted: java.lang.InterruptedException: sleep interrupted
2019-11-05 08:34:23,988 [grpc-default-executor-17] INFO  impl.RaftServerImpl (RaftServerImpl.java:setRole(184)) - d7b60609-c805-4df6-8140-a27c681dae80@group-515877FFDAAC: changes role from  FOLLOWER to FOLLOWER at term 12 for recognizeCandidate:05ace5f9-a5b7-4bc6-b4fa-26d4e24ae00c
2019-11-05 08:34:23,989 [grpc-default-executor-17] INFO  impl.RoleInfo (RoleInfo.java:shutdownFollowerState(121)) - d7b60609-c805-4df6-8140-a27c681dae80: shutdown FollowerState
2019-11-05 08:34:23,989 [grpc-default-executor-17] INFO  impl.RoleInfo (RoleInfo.java:updateAndGet(143)) - d7b60609-c805-4df6-8140-a27c681dae80: start FollowerState
2019-11-05 08:34:23,989 [Thread-3606] INFO  impl.FollowerState (FollowerState.java:run(117)) - d7b60609-c805-4df6-8140-a27c681dae80@group-515877FFDAAC-FollowerState was interrupted: java.lang.InterruptedException: sleep interrupted
2019-11-05 08:34:24,002 [05ace5f9-a5b7-4bc6-b4fa-26d4e24ae00c@group-515877FFDAAC-LeaderElection436] INFO  impl.LeaderElection (LeaderElection.java:logAndReturn(56)) - 05ace5f9-a5b7-4bc6-b4fa-26d4e24ae00c@group-515877FFDAAC-LeaderElection436: Election REJECTED; received 2 response(s) [05ace5f9-a5b7-4bc6-b4fa-26d4e24ae00c<-d92c9463-8e05-4a70-8cc7-1d31ae7ac64a#0:FAIL-t12, 05ace5f9-a5b7-4bc6-b4fa-26d4e24ae00c<-d7b60609-c805-4df6-8140-a27c681dae80#0:FAIL-t12] and 0 exception(s); 05ace5f9-a5b7-4bc6-b4fa-26d4e24ae00c@group-515877FFDAAC:t12, leader=null, voted=05ace5f9-a5b7-4bc6-b4fa-26d4e24ae00c, raftlog=05ace5f9-a5b7-4bc6-b4fa-26d4e24ae00c@group-515877FFDAAC-SegmentedRaftLog:OPENED:c-1,f-1,i0, conf=-1: [05ace5f9-a5b7-4bc6-b4fa-26d4e24ae00c:192.168.164.217:42356, d92c9463-8e05-4a70-8cc7-1d31ae7ac64a:192.168.164.217:37180, d7b60609-c805-4df6-8140-a27c681dae80:192.168.164.217:37880], old=null
2019-11-05 08:34:24,002 [05ace5f9-a5b7-4bc6-b4fa-26d4e24ae00c@group-515877FFDAAC-LeaderElection436] INFO  impl.RaftServerImpl (RaftServerImpl.java:setRole(184)) - 05ace5f9-a5b7-4bc6-b4fa-26d4e24ae00c@group-515877FFDAAC: changes role from CANDIDATE to FOLLOWER at term 12 for DISCOVERED_A_NEW_TERM
2019-11-05 08:34:24,002 [05ace5f9-a5b7-4bc6-b4fa-26d4e24ae00c@group-515877FFDAAC-LeaderElection436] INFO  impl.RoleInfo (RoleInfo.java:shutdownLeaderElection(134)) - 05ace5f9-a5b7-4bc6-b4fa-26d4e24ae00c: shutdown LeaderElection
2019-11-05 08:34:24,003 [05ace5f9-a5b7-4bc6-b4fa-26d4e24ae00c@group-515877FFDAAC-LeaderElection436] INFO  impl.RoleInfo (RoleInfo.java:updateAndGet(143)) - 05ace5f9-a5b7-4bc6-b4fa-26d4e24ae00c: start FollowerState
2019-11-05 08:34:24,180 [Thread-3614] INFO  impl.FollowerState (FollowerState.java:run(108)) - 05ace5f9-a5b7-4bc6-b4fa-26d4e24ae00c@group-515877FFDAAC-FollowerState: change to CANDIDATE, lastRpcTime:177ms, electionTimeout:177ms
2019-11-05 08:34:24,180 [Thread-3614] INFO  impl.RoleInfo (RoleInfo.java:shutdownFollowerState(121)) - 05ace5f9-a5b7-4bc6-b4fa-26d4e24ae00c: shutdown FollowerState
2019-11-05 08:34:24,180 [Thread-3614] INFO  impl.RaftServerImpl (RaftServerImpl.java:setRole(184)) - 05ace5f9-a5b7-4bc6-b4fa-26d4e24ae00c@group-515877FFDAAC: changes role from  FOLLOWER to CANDIDATE at term 12 for changeToCandidate
2019-11-05 08:34:24,180 [Thread-3614] INFO  impl.RoleInfo (RoleInfo.java:updateAndGet(143)) - 05ace5f9-a5b7-4bc6-b4fa-26d4e24ae00c: start LeaderElection
2019-11-05 08:34:24,194 [05ace5f9-a5b7-4bc6-b4fa-26d4e24ae00c@group-515877FFDAAC-LeaderElection437] INFO  impl.LeaderElection (LeaderElection.java:askForVotes(178)) - 05ace5f9-a5b7-4bc6-b4fa-26d4e24ae00c@group-515877FFDAAC-LeaderElection437: begin an election at term 13 for -1: [05ace5f9-a5b7-4bc6-b4fa-26d4e24ae00c:192.168.164.217:42356, d92c9463-8e05-4a70-8cc7-1d31ae7ac64a:192.168.164.217:37180, d7b60609-c805-4df6-8140-a27c681dae80:192.168.164.217:37880], old=null
2019-11-05 08:34:24,196 [grpc-default-executor-15] INFO  impl.RaftServerImpl (RaftServerImpl.java:setRole(184)) - d92c9463-8e05-4a70-8cc7-1d31ae7ac64a@group-515877FFDAAC: changes role from  FOLLOWER to FOLLOWER at term 13 for recognizeCandidate:05ace5f9-a5b7-4bc6-b4fa-26d4e24ae00c
2019-11-05 08:34:24,196 [grpc-default-executor-15] INFO  impl.RoleInfo (RoleInfo.java:shutdownFollowerState(121)) - d92c9463-8e05-4a70-8cc7-1d31ae7ac64a: shutdown FollowerState
2019-11-05 08:34:24,196 [grpc-default-executor-15] INFO  impl.RoleInfo (RoleInfo.java:updateAndGet(143)) - d92c9463-8e05-4a70-8cc7-1d31ae7ac64a: start FollowerState
2019-11-05 08:34:24,196 [Thread-3612] INFO  impl.FollowerState (FollowerState.java:run(117)) - d92c9463-8e05-4a70-8cc7-1d31ae7ac64a@group-515877FFDAAC-FollowerState was interrupted: java.lang.InterruptedException: sleep interrupted
2019-11-05 08:34:24,196 [grpc-default-executor-17] INFO  impl.RaftServerImpl (RaftServerImpl.java:setRole(184)) - d7b60609-c805-4df6-8140-a27c681dae80@group-515877FFDAAC: changes role from  FOLLOWER to FOLLOWER at term 13 for recognizeCandidate:05ace5f9-a5b7-4bc6-b4fa-26d4e24ae00c
2019-11-05 08:34:24,197 [grpc-default-executor-17] INFO  impl.RoleInfo (RoleInfo.java:shutdownFollowerState(121)) - d7b60609-c805-4df6-8140-a27c681dae80: shutdown FollowerState
2019-11-05 08:34:24,197 [grpc-default-executor-17] INFO  impl.RoleInfo (RoleInfo.java:updateAndGet(143)) - d7b60609-c805-4df6-8140-a27c681dae80: start FollowerState
2019-11-05 08:34:24,197 [Thread-3613] INFO  impl.FollowerState (FollowerState.java:run(117)) - d7b60609-c805-4df6-8140-a27c681dae80@group-515877FFDAAC-FollowerState was interrupted: java.lang.InterruptedException: sleep interrupted
2019-11-05 08:34:24,211 [05ace5f9-a5b7-4bc6-b4fa-26d4e24ae00c@group-515877FFDAAC-LeaderElection437] INFO  impl.LeaderElection (LeaderElection.java:logAndReturn(56)) - 05ace5f9-a5b7-4bc6-b4fa-26d4e24ae00c@group-515877FFDAAC-LeaderElection437: Election REJECTED; received 2 response(s) [05ace5f9-a5b7-4bc6-b4fa-26d4e24ae00c<-d92c9463-8e05-4a70-8cc7-1d31ae7ac64a#0:FAIL-t13, 05ace5f9-a5b7-4bc6-b4fa-26d4e24ae00c<-d7b60609-c805-4df6-8140-a27c681dae80#0:FAIL-t13] and 0 exception(s); 05ace5f9-a5b7-4bc6-b4fa-26d4e24ae00c@group-515877FFDAAC:t13, leader=null, voted=05ace5f9-a5b7-4bc6-b4fa-26d4e24ae00c, raftlog=05ace5f9-a5b7-4bc6-b4fa-26d4e24ae00c@group-515877FFDAAC-SegmentedRaftLog:OPENED:c-1,f-1,i0, conf=-1: [05ace5f9-a5b7-4bc6-b4fa-26d4e24ae00c:192.168.164.217:42356, d92c9463-8e05-4a70-8cc7-1d31ae7ac64a:192.168.164.217:37180, d7b60609-c805-4df6-8140-a27c681dae80:192.168.164.217:37880], old=null
2019-11-05 08:34:24,211 [05ace5f9-a5b7-4bc6-b4fa-26d4e24ae00c@group-515877FFDAAC-LeaderElection437] INFO  impl.RaftServerImpl (RaftServerImpl.java:setRole(184)) - 05ace5f9-a5b7-4bc6-b4fa-26d4e24ae00c@group-515877FFDAAC: changes role from CANDIDATE to FOLLOWER at term 13 for DISCOVERED_A_NEW_TERM
2019-11-05 08:34:24,214 [05ace5f9-a5b7-4bc6-b4fa-26d4e24ae00c@group-515877FFDAAC-LeaderElection437] INFO  impl.RoleInfo (RoleInfo.java:shutdownLeaderElection(134)) - 05ace5f9-a5b7-4bc6-b4fa-26d4e24ae00c: shutdown LeaderElection
2019-11-05 08:34:24,214 [05ace5f9-a5b7-4bc6-b4fa-26d4e24ae00c@group-515877FFDAAC-LeaderElection437] INFO  impl.RoleInfo (RoleInfo.java:updateAndGet(143)) - 05ace5f9-a5b7-4bc6-b4fa-26d4e24ae00c: start FollowerState
2019-11-05 08:34:24,301 [Thread-3620] INFO  impl.FollowerState (FollowerState.java:run(108)) - 05ace5f9-a5b7-4bc6-b4fa-26d4e24ae00c@group-515877FFDAAC-FollowerState: change to CANDIDATE, lastRpcTime:87ms, electionTimeout:86ms
2019-11-05 08:34:24,301 [Thread-3620] INFO  impl.RoleInfo (RoleInfo.java:shutdownFollowerState(121)) - 05ace5f9-a5b7-4bc6-b4fa-26d4e24ae00c: shutdown FollowerState
2019-11-05 08:34:24,301 [Thread-3620] INFO  impl.RaftServerImpl (RaftServerImpl.java:setRole(184)) - 05ace5f9-a5b7-4bc6-b4fa-26d4e24ae00c@group-515877FFDAAC: changes role from  FOLLOWER to CANDIDATE at term 13 for changeToCandidate
2019-11-05 08:34:24,301 [Thread-3620] INFO  impl.RoleInfo (RoleInfo.java:updateAndGet(143)) - 05ace5f9-a5b7-4bc6-b4fa-26d4e24ae00c: start LeaderElection
2019-11-05 08:34:24,316 [05ace5f9-a5b7-4bc6-b4fa-26d4e24ae00c@group-515877FFDAAC-LeaderElection438] INFO  impl.LeaderElection (LeaderElection.java:askForVotes(178)) - 05ace5f9-a5b7-4bc6-b4fa-26d4e24ae00c@group-515877FFDAAC-LeaderElection438: begin an election at term 14 for -1: [05ace5f9-a5b7-4bc6-b4fa-26d4e24ae00c:192.168.164.217:42356, d92c9463-8e05-4a70-8cc7-1d31ae7ac64a:192.168.164.217:37180, d7b60609-c805-4df6-8140-a27c681dae80:192.168.164.217:37880], old=null
2019-11-05 08:34:24,317 [grpc-default-executor-17] INFO  impl.RaftServerImpl (RaftServerImpl.java:setRole(184)) - d7b60609-c805-4df6-8140-a27c681dae80@group-515877FFDAAC: changes role from  FOLLOWER to FOLLOWER at term 14 for recognizeCandidate:05ace5f9-a5b7-4bc6-b4fa-26d4e24ae00c
2019-11-05 08:34:24,317 [grpc-default-executor-15] INFO  impl.RaftServerImpl (RaftServerImpl.java:setRole(184)) - d92c9463-8e05-4a70-8cc7-1d31ae7ac64a@group-515877FFDAAC: changes role from  FOLLOWER to FOLLOWER at term 14 for recognizeCandidate:05ace5f9-a5b7-4bc6-b4fa-26d4e24ae00c
2019-11-05 08:34:24,318 [grpc-default-executor-15] INFO  impl.RoleInfo (RoleInfo.java:shutdownFollowerState(121)) - d92c9463-8e05-4a70-8cc7-1d31ae7ac64a: shutdown FollowerState
2019-11-05 08:34:24,318 [grpc-default-executor-17] INFO  impl.RoleInfo (RoleInfo.java:shutdownFollowerState(121)) - d7b60609-c805-4df6-8140-a27c681dae80: shutdown FollowerState
2019-11-05 08:34:24,318 [Thread-3618] INFO  impl.FollowerState (FollowerState.java:run(117)) - d92c9463-8e05-4a70-8cc7-1d31ae7ac64a@group-515877FFDAAC-FollowerState was interrupted: java.lang.InterruptedException: sleep interrupted
2019-11-05 08:34:24,318 [grpc-default-executor-15] INFO  impl.RoleInfo (RoleInfo.java:updateAndGet(143)) - d92c9463-8e05-4a70-8cc7-1d31ae7ac64a: start FollowerState
2019-11-05 08:34:24,318 [Thread-3619] INFO  impl.FollowerState (FollowerState.java:run(117)) - d7b60609-c805-4df6-8140-a27c681dae80@group-515877FFDAAC-FollowerState was interrupted: java.lang.InterruptedException: sleep interrupted
2019-11-05 08:34:24,318 [grpc-default-executor-17] INFO  impl.RoleInfo (RoleInfo.java:updateAndGet(143)) - d7b60609-c805-4df6-8140-a27c681dae80: start FollowerState
2019-11-05 08:34:24,333 [05ace5f9-a5b7-4bc6-b4fa-26d4e24ae00c@group-515877FFDAAC-LeaderElection438] INFO  impl.LeaderElection (LeaderElection.java:logAndReturn(56)) - 05ace5f9-a5b7-4bc6-b4fa-26d4e24ae00c@group-515877FFDAAC-LeaderElection438: Election REJECTED; received 2 response(s) [05ace5f9-a5b7-4bc6-b4fa-26d4e24ae00c<-d92c9463-8e05-4a70-8cc7-1d31ae7ac64a#0:FAIL-t14, 05ace5f9-a5b7-4bc6-b4fa-26d4e24ae00c<-d7b60609-c805-4df6-8140-a27c681dae80#0:FAIL-t14] and 0 exception(s); 05ace5f9-a5b7-4bc6-b4fa-26d4e24ae00c@group-515877FFDAAC:t14, leader=null, voted=05ace5f9-a5b7-4bc6-b4fa-26d4e24ae00c, raftlog=05ace5f9-a5b7-4bc6-b4fa-26d4e24ae00c@group-515877FFDAAC-SegmentedRaftLog:OPENED:c-1,f-1,i0, conf=-1: [05ace5f9-a5b7-4bc6-b4fa-26d4e24ae00c:192.168.164.217:42356, d92c9463-8e05-4a70-8cc7-1d31ae7ac64a:192.168.164.217:37180, d7b60609-c805-4df6-8140-a27c681dae80:192.168.164.217:37880], old=null
2019-11-05 08:34:24,333 [05ace5f9-a5b7-4bc6-b4fa-26d4e24ae00c@group-515877FFDAAC-LeaderElection438] INFO  impl.RaftServerImpl (RaftServerImpl.java:setRole(184)) - 05ace5f9-a5b7-4bc6-b4fa-26d4e24ae00c@group-515877FFDAAC: changes role from CANDIDATE to FOLLOWER at term 14 for DISCOVERED_A_NEW_TERM
2019-11-05 08:34:24,333 [05ace5f9-a5b7-4bc6-b4fa-26d4e24ae00c@group-515877FFDAAC-LeaderElection438] INFO  impl.RoleInfo (RoleInfo.java:shutdownLeaderElection(134)) - 05ace5f9-a5b7-4bc6-b4fa-26d4e24ae00c: shutdown LeaderElection
2019-11-05 08:34:24,333 [05ace5f9-a5b7-4bc6-b4fa-26d4e24ae00c@group-515877FFDAAC-LeaderElection438] INFO  impl.RoleInfo (RoleInfo.java:updateAndGet(143)) - 05ace5f9-a5b7-4bc6-b4fa-26d4e24ae00c: start FollowerState
2019-11-05 08:34:24,361 [Thread-3353] INFO  container.ReplicationManager (ReplicationManager.java:start(162)) - Starting Replication Monitor Thread.
2019-11-05 08:34:24,366 [ReplicationMonitor] INFO  container.ReplicationManager (ReplicationManager.java:sendCloseCommand(659)) - Sending close container command for container #1 to datanode ce6aaef5-0e62-4cca-9483-e7266dc5c7be{ip: 192.168.164.217, host: pr-hdds-1643-8bmlk-2934350033, networkLocation: /rack1, certSerialId: null}.
2019-11-05 08:34:24,366 [ReplicationMonitor] INFO  container.ReplicationManager (ReplicationManager.java:sendCloseCommand(659)) - Sending close container command for container #1 to datanode 6e52354a-8f39-4a00-bced-911c77341e64{ip: 192.168.164.217, host: pr-hdds-1643-8bmlk-2934350033, networkLocation: /rack1, certSerialId: null}.
2019-11-05 08:34:24,366 [ReplicationMonitor] INFO  container.ReplicationManager (ReplicationManager.java:sendCloseCommand(659)) - Sending close container command for container #1 to datanode b3c4603b-a140-4f81-8843-cb94f3bca924{ip: 192.168.164.217, host: pr-hdds-1643-8bmlk-2934350033, networkLocation: /rack1, certSerialId: null}.
2019-11-05 08:34:24,366 [ReplicationMonitor] INFO  container.ReplicationManager (ReplicationManager.java:run(225)) - Replication Monitor Thread took 2 milliseconds for processing 1 containers.
2019-11-05 08:34:24,506 [Thread-3628] INFO  impl.FollowerState (FollowerState.java:run(108)) - 05ace5f9-a5b7-4bc6-b4fa-26d4e24ae00c@group-515877FFDAAC-FollowerState: change to CANDIDATE, lastRpcTime:172ms, electionTimeout:172ms
2019-11-05 08:34:24,506 [Thread-3628] INFO  impl.RoleInfo (RoleInfo.java:shutdownFollowerState(121)) - 05ace5f9-a5b7-4bc6-b4fa-26d4e24ae00c: shutdown FollowerState
2019-11-05 08:34:24,506 [Thread-3628] INFO  impl.RaftServerImpl (RaftServerImpl.java:setRole(184)) - 05ace5f9-a5b7-4bc6-b4fa-26d4e24ae00c@group-515877FFDAAC: changes role from  FOLLOWER to CANDIDATE at term 14 for changeToCandidate
2019-11-05 08:34:24,506 [Thread-3628] INFO  impl.RoleInfo (RoleInfo.java:updateAndGet(143)) - 05ace5f9-a5b7-4bc6-b4fa-26d4e24ae00c: start LeaderElection
2019-11-05 08:34:24,514 [05ace5f9-a5b7-4bc6-b4fa-26d4e24ae00c@group-515877FFDAAC-LeaderElection439] INFO  impl.LeaderElection (LeaderElection.java:askForVotes(178)) - 05ace5f9-a5b7-4bc6-b4fa-26d4e24ae00c@group-515877FFDAAC-LeaderElection439: begin an election at term 15 for -1: [05ace5f9-a5b7-4bc6-b4fa-26d4e24ae00c:192.168.164.217:42356, d92c9463-8e05-4a70-8cc7-1d31ae7ac64a:192.168.164.217:37180, d7b60609-c805-4df6-8140-a27c681dae80:192.168.164.217:37880], old=null
2019-11-05 08:34:24,516 [grpc-default-executor-17] INFO  impl.RaftServerImpl (RaftServerImpl.java:setRole(184)) - d7b60609-c805-4df6-8140-a27c681dae80@group-515877FFDAAC: changes role from  FOLLOWER to FOLLOWER at term 15 for recognizeCandidate:05ace5f9-a5b7-4bc6-b4fa-26d4e24ae00c
2019-11-05 08:34:24,516 [grpc-default-executor-15] INFO  impl.RaftServerImpl (RaftServerImpl.java:setRole(184)) - d92c9463-8e05-4a70-8cc7-1d31ae7ac64a@group-515877FFDAAC: changes role from  FOLLOWER to FOLLOWER at term 15 for recognizeCandidate:05ace5f9-a5b7-4bc6-b4fa-26d4e24ae00c
2019-11-05 08:34:24,516 [grpc-default-executor-15] INFO  impl.RoleInfo (RoleInfo.java:shutdownFollowerState(121)) - d92c9463-8e05-4a70-8cc7-1d31ae7ac64a: shutdown FollowerState
2019-11-05 08:34:24,516 [grpc-default-executor-17] INFO  impl.RoleInfo (RoleInfo.java:shutdownFollowerState(121)) - d7b60609-c805-4df6-8140-a27c681dae80: shutdown FollowerState
2019-11-05 08:34:24,516 [grpc-default-executor-15] INFO  impl.RoleInfo (RoleInfo.java:updateAndGet(143)) - d92c9463-8e05-4a70-8cc7-1d31ae7ac64a: start FollowerState
2019-11-05 08:34:24,516 [Thread-3624] INFO  impl.FollowerState (FollowerState.java:run(117)) - d92c9463-8e05-4a70-8cc7-1d31ae7ac64a@group-515877FFDAAC-FollowerState was interrupted: java.lang.InterruptedException: sleep interrupted
2019-11-05 08:34:24,516 [Thread-3625] INFO  impl.FollowerState (FollowerState.java:run(117)) - d7b60609-c805-4df6-8140-a27c681dae80@group-515877FFDAAC-FollowerState was interrupted: java.lang.InterruptedException: sleep interrupted
2019-11-05 08:34:24,516 [grpc-default-executor-17] INFO  impl.RoleInfo (RoleInfo.java:updateAndGet(143)) - d7b60609-c805-4df6-8140-a27c681dae80: start FollowerState
2019-11-05 08:34:24,525 [05ace5f9-a5b7-4bc6-b4fa-26d4e24ae00c@group-515877FFDAAC-LeaderElection439] INFO  impl.LeaderElection (LeaderElection.java:logAndReturn(56)) - 05ace5f9-a5b7-4bc6-b4fa-26d4e24ae00c@group-515877FFDAAC-LeaderElection439: Election REJECTED; received 2 response(s) [05ace5f9-a5b7-4bc6-b4fa-26d4e24ae00c<-d92c9463-8e05-4a70-8cc7-1d31ae7ac64a#0:FAIL-t15, 05ace5f9-a5b7-4bc6-b4fa-26d4e24ae00c<-d7b60609-c805-4df6-8140-a27c681dae80#0:FAIL-t15] and 0 exception(s); 05ace5f9-a5b7-4bc6-b4fa-26d4e24ae00c@group-515877FFDAAC:t15, leader=null, voted=05ace5f9-a5b7-4bc6-b4fa-26d4e24ae00c, raftlog=05ace5f9-a5b7-4bc6-b4fa-26d4e24ae00c@group-515877FFDAAC-SegmentedRaftLog:OPENED:c-1,f-1,i0, conf=-1: [05ace5f9-a5b7-4bc6-b4fa-26d4e24ae00c:192.168.164.217:42356, d92c9463-8e05-4a70-8cc7-1d31ae7ac64a:192.168.164.217:37180, d7b60609-c805-4df6-8140-a27c681dae80:192.168.164.217:37880], old=null
2019-11-05 08:34:24,525 [05ace5f9-a5b7-4bc6-b4fa-26d4e24ae00c@group-515877FFDAAC-LeaderElection439] INFO  impl.RaftServerImpl (RaftServerImpl.java:setRole(184)) - 05ace5f9-a5b7-4bc6-b4fa-26d4e24ae00c@group-515877FFDAAC: changes role from CANDIDATE to FOLLOWER at term 15 for DISCOVERED_A_NEW_TERM
2019-11-05 08:34:24,525 [05ace5f9-a5b7-4bc6-b4fa-26d4e24ae00c@group-515877FFDAAC-LeaderElection439] INFO  impl.RoleInfo (RoleInfo.java:shutdownLeaderElection(134)) - 05ace5f9-a5b7-4bc6-b4fa-26d4e24ae00c: shutdown LeaderElection
2019-11-05 08:34:24,525 [05ace5f9-a5b7-4bc6-b4fa-26d4e24ae00c@group-515877FFDAAC-LeaderElection439] INFO  impl.RoleInfo (RoleInfo.java:updateAndGet(143)) - 05ace5f9-a5b7-4bc6-b4fa-26d4e24ae00c: start FollowerState
2019-11-05 08:34:24,562 [Thread-3637] INFO  impl.FollowerState (FollowerState.java:run(108)) - 05ace5f9-a5b7-4bc6-b4fa-26d4e24ae00c@group-515877FFDAAC-FollowerState: change to CANDIDATE, lastRpcTime:37ms, electionTimeout:37ms
2019-11-05 08:34:24,562 [Thread-3637] INFO  impl.RoleInfo (RoleInfo.java:shutdownFollowerState(121)) - 05ace5f9-a5b7-4bc6-b4fa-26d4e24ae00c: shutdown FollowerState
2019-11-05 08:34:24,563 [Thread-3637] INFO  impl.RaftServerImpl (RaftServerImpl.java:setRole(184)) - 05ace5f9-a5b7-4bc6-b4fa-26d4e24ae00c@group-515877FFDAAC: changes role from  FOLLOWER to CANDIDATE at term 15 for changeToCandidate
2019-11-05 08:34:24,563 [Thread-3637] INFO  impl.RoleInfo (RoleInfo.java:updateAndGet(143)) - 05ace5f9-a5b7-4bc6-b4fa-26d4e24ae00c: start LeaderElection
2019-11-05 08:34:24,576 [05ace5f9-a5b7-4bc6-b4fa-26d4e24ae00c@group-515877FFDAAC-LeaderElection440] INFO  impl.LeaderElection (LeaderElection.java:askForVotes(178)) - 05ace5f9-a5b7-4bc6-b4fa-26d4e24ae00c@group-515877FFDAAC-LeaderElection440: begin an election at term 16 for -1: [05ace5f9-a5b7-4bc6-b4fa-26d4e24ae00c:192.168.164.217:42356, d92c9463-8e05-4a70-8cc7-1d31ae7ac64a:192.168.164.217:37180, d7b60609-c805-4df6-8140-a27c681dae80:192.168.164.217:37880], old=null
2019-11-05 08:34:24,578 [grpc-default-executor-17] INFO  impl.RaftServerImpl (RaftServerImpl.java:setRole(184)) - d7b60609-c805-4df6-8140-a27c681dae80@group-515877FFDAAC: changes role from  FOLLOWER to FOLLOWER at term 16 for recognizeCandidate:05ace5f9-a5b7-4bc6-b4fa-26d4e24ae00c
2019-11-05 08:34:24,578 [grpc-default-executor-17] INFO  impl.RoleInfo (RoleInfo.java:shutdownFollowerState(121)) - d7b60609-c805-4df6-8140-a27c681dae80: shutdown FollowerState
2019-11-05 08:34:24,578 [grpc-default-executor-17] INFO  impl.RoleInfo (RoleInfo.java:updateAndGet(143)) - d7b60609-c805-4df6-8140-a27c681dae80: start FollowerState
2019-11-05 08:34:24,578 [Thread-3636] INFO  impl.FollowerState (FollowerState.java:run(117)) - d7b60609-c805-4df6-8140-a27c681dae80@group-515877FFDAAC-FollowerState was interrupted: java.lang.InterruptedException: sleep interrupted
2019-11-05 08:34:24,578 [grpc-default-executor-15] INFO  impl.RaftServerImpl (RaftServerImpl.java:setRole(184)) - d92c9463-8e05-4a70-8cc7-1d31ae7ac64a@group-515877FFDAAC: changes role from  FOLLOWER to FOLLOWER at term 16 for recognizeCandidate:05ace5f9-a5b7-4bc6-b4fa-26d4e24ae00c
2019-11-05 08:34:24,578 [grpc-default-executor-15] INFO  impl.RoleInfo (RoleInfo.java:shutdownFollowerState(121)) - d92c9463-8e05-4a70-8cc7-1d31ae7ac64a: shutdown FollowerState
2019-11-05 08:34:24,578 [grpc-default-executor-15] INFO  impl.RoleInfo (RoleInfo.java:updateAndGet(143)) - d92c9463-8e05-4a70-8cc7-1d31ae7ac64a: start FollowerState
2019-11-05 08:34:24,579 [Thread-3635] INFO  impl.FollowerState (FollowerState.java:run(117)) - d92c9463-8e05-4a70-8cc7-1d31ae7ac64a@group-515877FFDAAC-FollowerState was interrupted: java.lang.InterruptedException: sleep interrupted
2019-11-05 08:34:24,588 [05ace5f9-a5b7-4bc6-b4fa-26d4e24ae00c@group-515877FFDAAC-LeaderElection440] INFO  impl.LeaderElection (LeaderElection.java:logAndReturn(56)) - 05ace5f9-a5b7-4bc6-b4fa-26d4e24ae00c@group-515877FFDAAC-LeaderElection440: Election REJECTED; received 2 response(s) [05ace5f9-a5b7-4bc6-b4fa-26d4e24ae00c<-d92c9463-8e05-4a70-8cc7-1d31ae7ac64a#0:FAIL-t16, 05ace5f9-a5b7-4bc6-b4fa-26d4e24ae00c<-d7b60609-c805-4df6-8140-a27c681dae80#0:FAIL-t16] and 0 exception(s); 05ace5f9-a5b7-4bc6-b4fa-26d4e24ae00c@group-515877FFDAAC:t16, leader=null, voted=05ace5f9-a5b7-4bc6-b4fa-26d4e24ae00c, raftlog=05ace5f9-a5b7-4bc6-b4fa-26d4e24ae00c@group-515877FFDAAC-SegmentedRaftLog:OPENED:c-1,f-1,i0, conf=-1: [05ace5f9-a5b7-4bc6-b4fa-26d4e24ae00c:192.168.164.217:42356, d92c9463-8e05-4a70-8cc7-1d31ae7ac64a:192.168.164.217:37180, d7b60609-c805-4df6-8140-a27c681dae80:192.168.164.217:37880], old=null
2019-11-05 08:34:24,588 [05ace5f9-a5b7-4bc6-b4fa-26d4e24ae00c@group-515877FFDAAC-LeaderElection440] INFO  impl.RaftServerImpl (RaftServerImpl.java:setRole(184)) - 05ace5f9-a5b7-4bc6-b4fa-26d4e24ae00c@group-515877FFDAAC: changes role from CANDIDATE to FOLLOWER at term 16 for DISCOVERED_A_NEW_TERM
2019-11-05 08:34:24,588 [05ace5f9-a5b7-4bc6-b4fa-26d4e24ae00c@group-515877FFDAAC-LeaderElection440] INFO  impl.RoleInfo (RoleInfo.java:shutdownLeaderElection(134)) - 05ace5f9-a5b7-4bc6-b4fa-26d4e24ae00c: shutdown LeaderElection
2019-11-05 08:34:24,588 [05ace5f9-a5b7-4bc6-b4fa-26d4e24ae00c@group-515877FFDAAC-LeaderElection440] INFO  impl.RoleInfo (RoleInfo.java:updateAndGet(143)) - 05ace5f9-a5b7-4bc6-b4fa-26d4e24ae00c: start FollowerState
2019-11-05 08:34:24,678 [RatisApplyTransactionExecutor 1] INFO  interfaces.Container (KeyValueContainer.java:flushAndSyncDB(386)) - Container 1 is synced with bcsId 3.
2019-11-05 08:34:24,678 [RatisApplyTransactionExecutor 1] INFO  interfaces.Container (KeyValueContainer.java:flushAndSyncDB(386)) - Container 1 is synced with bcsId 3.
2019-11-05 08:34:24,690 [RatisApplyTransactionExecutor 1] INFO  interfaces.Container (KeyValueContainer.java:close(335)) - Container 1 is closed with bcsId 3.
2019-11-05 08:34:24,691 [EventQueue-IncrementalContainerReportForIncrementalContainerReportHandler] INFO  container.IncrementalContainerReportHandler (AbstractContainerReportHandler.java:updateContainerState(178)) - Moving container #1 to CLOSED state, datanode b3c4603b-a140-4f81-8843-cb94f3bca924{ip: 192.168.164.217, host: pr-hdds-1643-8bmlk-2934350033, networkLocation: /rack1, certSerialId: null} reported CLOSED replica.
2019-11-05 08:34:24,695 [Thread-3643] INFO  impl.FollowerState (FollowerState.java:run(108)) - 05ace5f9-a5b7-4bc6-b4fa-26d4e24ae00c@group-515877FFDAAC-FollowerState: change to CANDIDATE, lastRpcTime:107ms, electionTimeout:105ms
2019-11-05 08:34:24,692 [RatisApplyTransactionExecutor 1] INFO  interfaces.Container (KeyValueContainer.java:flushAndSyncDB(386)) - Container 1 is synced with bcsId 3.
2019-11-05 08:34:24,692 [RatisApplyTransactionExecutor 1] INFO  interfaces.Container (KeyValueContainer.java:flushAndSyncDB(386)) - Container 1 is synced with bcsId 3.
2019-11-05 08:34:24,695 [Thread-3643] INFO  impl.RoleInfo (RoleInfo.java:shutdownFollowerState(121)) - 05ace5f9-a5b7-4bc6-b4fa-26d4e24ae00c: shutdown FollowerState
2019-11-05 08:34:24,696 [RatisApplyTransactionExecutor 1] INFO  interfaces.Container (KeyValueContainer.java:flushAndSyncDB(386)) - Container 1 is synced with bcsId 3.
2019-11-05 08:34:24,696 [RatisApplyTransactionExecutor 1] INFO  interfaces.Container (KeyValueContainer.java:flushAndSyncDB(386)) - Container 1 is synced with bcsId 3.
2019-11-05 08:34:24,696 [Thread-3643] INFO  impl.RaftServerImpl (RaftServerImpl.java:setRole(184)) - 05ace5f9-a5b7-4bc6-b4fa-26d4e24ae00c@group-515877FFDAAC: changes role from  FOLLOWER to CANDIDATE at term 16 for changeToCandidate
2019-11-05 08:34:24,696 [Thread-3643] INFO  impl.RoleInfo (RoleInfo.java:updateAndGet(143)) - 05ace5f9-a5b7-4bc6-b4fa-26d4e24ae00c: start LeaderElection
2019-11-05 08:34:24,703 [RatisApplyTransactionExecutor 1] INFO  interfaces.Container (KeyValueContainer.java:close(335)) - Container 1 is closed with bcsId 3.
2019-11-05 08:34:24,704 [RatisApplyTransactionExecutor 1] INFO  interfaces.Container (KeyValueContainer.java:close(335)) - Container 1 is closed with bcsId 3.
2019-11-05 08:34:24,703 [05ace5f9-a5b7-4bc6-b4fa-26d4e24ae00c@group-515877FFDAAC-LeaderElection441] INFO  impl.LeaderElection (LeaderElection.java:askForVotes(178)) - 05ace5f9-a5b7-4bc6-b4fa-26d4e24ae00c@group-515877FFDAAC-LeaderElection441: begin an election at term 17 for -1: [05ace5f9-a5b7-4bc6-b4fa-26d4e24ae00c:192.168.164.217:42356, d92c9463-8e05-4a70-8cc7-1d31ae7ac64a:192.168.164.217:37180, d7b60609-c805-4df6-8140-a27c681dae80:192.168.164.217:37880], old=null
2019-11-05 08:34:24,706 [grpc-default-executor-15] INFO  impl.RaftServerImpl (RaftServerImpl.java:setRole(184)) - d92c9463-8e05-4a70-8cc7-1d31ae7ac64a@group-515877FFDAAC: changes role from  FOLLOWER to FOLLOWER at term 17 for recognizeCandidate:05ace5f9-a5b7-4bc6-b4fa-26d4e24ae00c
2019-11-05 08:34:24,706 [grpc-default-executor-15] INFO  impl.RoleInfo (RoleInfo.java:shutdownFollowerState(121)) - d92c9463-8e05-4a70-8cc7-1d31ae7ac64a: shutdown FollowerState
2019-11-05 08:34:24,706 [grpc-default-executor-17] INFO  impl.RaftServerImpl (RaftServerImpl.java:setRole(184)) - d7b60609-c805-4df6-8140-a27c681dae80@group-515877FFDAAC: changes role from  FOLLOWER to FOLLOWER at term 17 for recognizeCandidate:05ace5f9-a5b7-4bc6-b4fa-26d4e24ae00c
2019-11-05 08:34:24,706 [Thread-3642] INFO  impl.FollowerState (FollowerState.java:run(117)) - d92c9463-8e05-4a70-8cc7-1d31ae7ac64a@group-515877FFDAAC-FollowerState was interrupted: java.lang.InterruptedException: sleep interrupted
2019-11-05 08:34:24,706 [grpc-default-executor-15] INFO  impl.RoleInfo (RoleInfo.java:updateAndGet(143)) - d92c9463-8e05-4a70-8cc7-1d31ae7ac64a: start FollowerState
2019-11-05 08:34:24,706 [grpc-default-executor-17] INFO  impl.RoleInfo (RoleInfo.java:shutdownFollowerState(121)) - d7b60609-c805-4df6-8140-a27c681dae80: shutdown FollowerState
2019-11-05 08:34:24,706 [Thread-3641] INFO  impl.FollowerState (FollowerState.java:run(117)) - d7b60609-c805-4df6-8140-a27c681dae80@group-515877FFDAAC-FollowerState was interrupted: java.lang.InterruptedException: sleep interrupted
2019-11-05 08:34:24,706 [grpc-default-executor-17] INFO  impl.RoleInfo (RoleInfo.java:updateAndGet(143)) - d7b60609-c805-4df6-8140-a27c681dae80: start FollowerState
2019-11-05 08:34:24,715 [05ace5f9-a5b7-4bc6-b4fa-26d4e24ae00c@group-515877FFDAAC-LeaderElection441] INFO  impl.LeaderElection (LeaderElection.java:logAndReturn(56)) - 05ace5f9-a5b7-4bc6-b4fa-26d4e24ae00c@group-515877FFDAAC-LeaderElection441: Election REJECTED; received 2 response(s) [05ace5f9-a5b7-4bc6-b4fa-26d4e24ae00c<-d92c9463-8e05-4a70-8cc7-1d31ae7ac64a#0:FAIL-t17, 05ace5f9-a5b7-4bc6-b4fa-26d4e24ae00c<-d7b60609-c805-4df6-8140-a27c681dae80#0:FAIL-t17] and 0 exception(s); 05ace5f9-a5b7-4bc6-b4fa-26d4e24ae00c@group-515877FFDAAC:t17, leader=null, voted=05ace5f9-a5b7-4bc6-b4fa-26d4e24ae00c, raftlog=05ace5f9-a5b7-4bc6-b4fa-26d4e24ae00c@group-515877FFDAAC-SegmentedRaftLog:OPENED:c-1,f-1,i0, conf=-1: [05ace5f9-a5b7-4bc6-b4fa-26d4e24ae00c:192.168.164.217:42356, d92c9463-8e05-4a70-8cc7-1d31ae7ac64a:192.168.164.217:37180, d7b60609-c805-4df6-8140-a27c681dae80:192.168.164.217:37880], old=null
2019-11-05 08:34:24,715 [05ace5f9-a5b7-4bc6-b4fa-26d4e24ae00c@group-515877FFDAAC-LeaderElection441] INFO  impl.RaftServerImpl (RaftServerImpl.java:setRole(184)) - 05ace5f9-a5b7-4bc6-b4fa-26d4e24ae00c@group-515877FFDAAC: changes role from CANDIDATE to FOLLOWER at term 17 for DISCOVERED_A_NEW_TERM
2019-11-05 08:34:24,716 [05ace5f9-a5b7-4bc6-b4fa-26d4e24ae00c@group-515877FFDAAC-LeaderElection441] INFO  impl.RoleInfo (RoleInfo.java:shutdownLeaderElection(134)) - 05ace5f9-a5b7-4bc6-b4fa-26d4e24ae00c: shutdown LeaderElection
2019-11-05 08:34:24,716 [05ace5f9-a5b7-4bc6-b4fa-26d4e24ae00c@group-515877FFDAAC-LeaderElection441] INFO  impl.RoleInfo (RoleInfo.java:updateAndGet(143)) - 05ace5f9-a5b7-4bc6-b4fa-26d4e24ae00c: start FollowerState
2019-11-05 08:34:24,798 [Thread-3653] INFO  impl.FollowerState (FollowerState.java:run(108)) - 05ace5f9-a5b7-4bc6-b4fa-26d4e24ae00c@group-515877FFDAAC-FollowerState: change to CANDIDATE, lastRpcTime:82ms, electionTimeout:82ms
2019-11-05 08:34:24,798 [Thread-3653] INFO  impl.RoleInfo (RoleInfo.java:shutdownFollowerState(121)) - 05ace5f9-a5b7-4bc6-b4fa-26d4e24ae00c: shutdown FollowerState
2019-11-05 08:34:24,798 [Thread-3653] INFO  impl.RaftServerImpl (RaftServerImpl.java:setRole(184)) - 05ace5f9-a5b7-4bc6-b4fa-26d4e24ae00c@group-515877FFDAAC: changes role from  FOLLOWER to CANDIDATE at term 17 for changeToCandidate
2019-11-05 08:34:24,799 [Thread-3653] INFO  impl.RoleInfo (RoleInfo.java:updateAndGet(143)) - 05ace5f9-a5b7-4bc6-b4fa-26d4e24ae00c: start LeaderElection
2019-11-05 08:34:24,813 [05ace5f9-a5b7-4bc6-b4fa-26d4e24ae00c@group-515877FFDAAC-LeaderElection442] INFO  impl.LeaderElection (LeaderElection.java:askForVotes(178)) - 05ace5f9-a5b7-4bc6-b4fa-26d4e24ae00c@group-515877FFDAAC-LeaderElection442: begin an election at term 18 for -1: [05ace5f9-a5b7-4bc6-b4fa-26d4e24ae00c:192.168.164.217:42356, d92c9463-8e05-4a70-8cc7-1d31ae7ac64a:192.168.164.217:37180, d7b60609-c805-4df6-8140-a27c681dae80:192.168.164.217:37880], old=null
2019-11-05 08:34:24,815 [grpc-default-executor-15] INFO  impl.RaftServerImpl (RaftServerImpl.java:setRole(184)) - d7b60609-c805-4df6-8140-a27c681dae80@group-515877FFDAAC: changes role from  FOLLOWER to FOLLOWER at term 18 for recognizeCandidate:05ace5f9-a5b7-4bc6-b4fa-26d4e24ae00c
2019-11-05 08:34:24,816 [grpc-default-executor-17] INFO  impl.RaftServerImpl (RaftServerImpl.java:setRole(184)) - d92c9463-8e05-4a70-8cc7-1d31ae7ac64a@group-515877FFDAAC: changes role from  FOLLOWER to FOLLOWER at term 18 for recognizeCandidate:05ace5f9-a5b7-4bc6-b4fa-26d4e24ae00c
2019-11-05 08:34:24,816 [grpc-default-executor-15] INFO  impl.RoleInfo (RoleInfo.java:shutdownFollowerState(121)) - d7b60609-c805-4df6-8140-a27c681dae80: shutdown FollowerState
2019-11-05 08:34:24,816 [grpc-default-executor-17] INFO  impl.RoleInfo (RoleInfo.java:shutdownFollowerState(121)) - d92c9463-8e05-4a70-8cc7-1d31ae7ac64a: shutdown FollowerState
2019-11-05 08:34:24,816 [grpc-default-executor-15] INFO  impl.RoleInfo (RoleInfo.java:updateAndGet(143)) - d7b60609-c805-4df6-8140-a27c681dae80: start FollowerState
2019-11-05 08:34:24,816 [Thread-3651] INFO  impl.FollowerState (FollowerState.java:run(117)) - d92c9463-8e05-4a70-8cc7-1d31ae7ac64a@group-515877FFDAAC-FollowerState was interrupted: java.lang.InterruptedException: sleep interrupted
2019-11-05 08:34:24,816 [grpc-default-executor-17] INFO  impl.RoleInfo (RoleInfo.java:updateAndGet(143)) - d92c9463-8e05-4a70-8cc7-1d31ae7ac64a: start FollowerState
2019-11-05 08:34:24,816 [Thread-3652] INFO  impl.FollowerState (FollowerState.java:run(117)) - d7b60609-c805-4df6-8140-a27c681dae80@group-515877FFDAAC-FollowerState was interrupted: java.lang.InterruptedException: sleep interrupted
2019-11-05 08:34:24,830 [05ace5f9-a5b7-4bc6-b4fa-26d4e24ae00c@group-515877FFDAAC-LeaderElection442] INFO  impl.LeaderElection (LeaderElection.java:logAndReturn(56)) - 05ace5f9-a5b7-4bc6-b4fa-26d4e24ae00c@group-515877FFDAAC-LeaderElection442: Election REJECTED; received 2 response(s) [05ace5f9-a5b7-4bc6-b4fa-26d4e24ae00c<-d92c9463-8e05-4a70-8cc7-1d31ae7ac64a#0:FAIL-t18, 05ace5f9-a5b7-4bc6-b4fa-26d4e24ae00c<-d7b60609-c805-4df6-8140-a27c681dae80#0:FAIL-t18] and 0 exception(s); 05ace5f9-a5b7-4bc6-b4fa-26d4e24ae00c@group-515877FFDAAC:t18, leader=null, voted=05ace5f9-a5b7-4bc6-b4fa-26d4e24ae00c, raftlog=05ace5f9-a5b7-4bc6-b4fa-26d4e24ae00c@group-515877FFDAAC-SegmentedRaftLog:OPENED:c-1,f-1,i0, conf=-1: [05ace5f9-a5b7-4bc6-b4fa-26d4e24ae00c:192.168.164.217:42356, d92c9463-8e05-4a70-8cc7-1d31ae7ac64a:192.168.164.217:37180, d7b60609-c805-4df6-8140-a27c681dae80:192.168.164.217:37880], old=null
2019-11-05 08:34:24,830 [05ace5f9-a5b7-4bc6-b4fa-26d4e24ae00c@group-515877FFDAAC-LeaderElection442] INFO  impl.RaftServerImpl (RaftServerImpl.java:setRole(184)) - 05ace5f9-a5b7-4bc6-b4fa-26d4e24ae00c@group-515877FFDAAC: changes role from CANDIDATE to FOLLOWER at term 18 for DISCOVERED_A_NEW_TERM
2019-11-05 08:34:24,830 [05ace5f9-a5b7-4bc6-b4fa-26d4e24ae00c@group-515877FFDAAC-LeaderElection442] INFO  impl.RoleInfo (RoleInfo.java:shutdownLeaderElection(134)) - 05ace5f9-a5b7-4bc6-b4fa-26d4e24ae00c: shutdown LeaderElection
2019-11-05 08:34:24,830 [05ace5f9-a5b7-4bc6-b4fa-26d4e24ae00c@group-515877FFDAAC-LeaderElection442] INFO  impl.RoleInfo (RoleInfo.java:updateAndGet(143)) - 05ace5f9-a5b7-4bc6-b4fa-26d4e24ae00c: start FollowerState
08:34:24.875 [grpc-default-executor-17] ERROR DNAudit - user=null | ip=null | op=WRITE_CHUNK {blockData=conID: 1 locID: 103084383477301251 bcsId: 3} | ret=FAILURE
org.apache.hadoop.hdds.scm.container.common.helpers.ContainerNotOpenException: Container 1 in CLOSED state
	at org.apache.hadoop.ozone.container.common.impl.HddsDispatcher.validateContainerCommand(HddsDispatcher.java:436) ~[hadoop-hdds-container-service-0.5.0-SNAPSHOT.jar:?]
	at org.apache.hadoop.ozone.container.common.transport.server.ratis.ContainerStateMachine.startTransaction(ContainerStateMachine.java:320) ~[hadoop-hdds-container-service-0.5.0-SNAPSHOT.jar:?]
	at org.apache.ratis.server.impl.RaftServerImpl.submitClientRequestAsync(RaftServerImpl.java:591) ~[ratis-server-0.5.0-3f446aa-SNAPSHOT.jar:0.5.0-3f446aa-SNAPSHOT]
	at org.apache.ratis.server.impl.RaftServerProxy.lambda$submitClientRequestAsync$7(RaftServerProxy.java:333) ~[ratis-server-0.5.0-3f446aa-SNAPSHOT.jar:0.5.0-3f446aa-SNAPSHOT]
	at org.apache.ratis.server.impl.RaftServerProxy.lambda$null$5(RaftServerProxy.java:328) ~[ratis-server-0.5.0-3f446aa-SNAPSHOT.jar:0.5.0-3f446aa-SNAPSHOT]
	at org.apache.ratis.util.JavaUtils.callAsUnchecked(JavaUtils.java:109) ~[ratis-common-0.5.0-3f446aa-SNAPSHOT.jar:0.5.0-3f446aa-SNAPSHOT]
	at org.apache.ratis.server.impl.RaftServerProxy.lambda$submitRequest$6(RaftServerProxy.java:328) ~[ratis-server-0.5.0-3f446aa-SNAPSHOT.jar:0.5.0-3f446aa-SNAPSHOT]
	at java.util.concurrent.CompletableFuture.uniComposeStage(CompletableFuture.java:981) ~[?:1.8.0_222]
	at java.util.concurrent.CompletableFuture.thenCompose(CompletableFuture.java:2124) ~[?:1.8.0_222]
	at org.apache.ratis.server.impl.RaftServerProxy.submitRequest(RaftServerProxy.java:327) ~[ratis-server-0.5.0-3f446aa-SNAPSHOT.jar:0.5.0-3f446aa-SNAPSHOT]
	at org.apache.ratis.server.impl.RaftServerProxy.submitClientRequestAsync(RaftServerProxy.java:333) ~[ratis-server-0.5.0-3f446aa-SNAPSHOT.jar:0.5.0-3f446aa-SNAPSHOT]
	at org.apache.ratis.grpc.client.GrpcClientProtocolService$RequestStreamObserver.processClientRequest(GrpcClientProtocolService.java:220) ~[ratis-grpc-0.5.0-3f446aa-SNAPSHOT.jar:0.5.0-3f446aa-SNAPSHOT]
	at org.apache.ratis.grpc.client.GrpcClientProtocolService$OrderedRequestStreamObserver.processClientRequest(GrpcClientProtocolService.java:326) ~[ratis-grpc-0.5.0-3f446aa-SNAPSHOT.jar:0.5.0-3f446aa-SNAPSHOT]
	at org.apache.ratis.util.SlidingWindow$Server.processRequestsFromHead(SlidingWindow.java:429) [ratis-common-0.5.0-3f446aa-SNAPSHOT.jar:0.5.0-3f446aa-SNAPSHOT]
	at org.apache.ratis.util.SlidingWindow$Server.receivedRequest(SlidingWindow.java:421) [ratis-common-0.5.0-3f446aa-SNAPSHOT.jar:0.5.0-3f446aa-SNAPSHOT]
	at org.apache.ratis.grpc.client.GrpcClientProtocolService$OrderedRequestStreamObserver.processClientRequest(GrpcClientProtocolService.java:345) [ratis-grpc-0.5.0-3f446aa-SNAPSHOT.jar:0.5.0-3f446aa-SNAPSHOT]
	at org.apache.ratis.grpc.client.GrpcClientProtocolService$RequestStreamObserver.onNext(GrpcClientProtocolService.java:240) [ratis-grpc-0.5.0-3f446aa-SNAPSHOT.jar:0.5.0-3f446aa-SNAPSHOT]
	at org.apache.ratis.grpc.client.GrpcClientProtocolService$RequestStreamObserver.onNext(GrpcClientProtocolService.java:168) [ratis-grpc-0.5.0-3f446aa-SNAPSHOT.jar:0.5.0-3f446aa-SNAPSHOT]
	at org.apache.ratis.thirdparty.io.grpc.stub.ServerCalls$StreamingServerCallHandler$StreamingServerCallListener.onMessage(ServerCalls.java:248) [ratis-thirdparty-misc-0.2.0.jar:0.2.0]
	at org.apache.ratis.thirdparty.io.grpc.internal.ServerCallImpl$ServerStreamListenerImpl.messagesAvailable(ServerCallImpl.java:263) [ratis-thirdparty-misc-0.2.0.jar:0.2.0]
	at org.apache.ratis.thirdparty.io.grpc.internal.ServerImpl$JumpToApplicationThreadServerStreamListener$1MessagesAvailable.runInContext(ServerImpl.java:686) [ratis-thirdparty-misc-0.2.0.jar:0.2.0]
	at org.apache.ratis.thirdparty.io.grpc.internal.ContextRunnable.run(ContextRunnable.java:37) [ratis-thirdparty-misc-0.2.0.jar:0.2.0]
	at org.apache.ratis.thirdparty.io.grpc.internal.SerializingExecutor.run(SerializingExecutor.java:123) [ratis-thirdparty-misc-0.2.0.jar:0.2.0]
	at java.util.concurrent.ThreadPoolExecutor.runWorker(ThreadPoolExecutor.java:1149) [?:1.8.0_222]
	at java.util.concurrent.ThreadPoolExecutor$Worker.run(ThreadPoolExecutor.java:624) [?:1.8.0_222]
	at java.lang.Thread.run(Thread.java:748) [?:1.8.0_222]
08:34:24.908 [grpc-default-executor-17] ERROR DNAudit - user=null | ip=null | op=PUT_BLOCK {blockData=[blockId=conID: 1 locID: 103084383477301251 bcsId: 0,size=2097152]} | ret=FAILURE
org.apache.hadoop.hdds.scm.container.common.helpers.ContainerNotOpenException: Container 1 in CLOSED state
	at org.apache.hadoop.ozone.container.common.impl.HddsDispatcher.validateContainerCommand(HddsDispatcher.java:436) ~[hadoop-hdds-container-service-0.5.0-SNAPSHOT.jar:?]
	at org.apache.hadoop.ozone.container.common.transport.server.ratis.ContainerStateMachine.startTransaction(ContainerStateMachine.java:320) ~[hadoop-hdds-container-service-0.5.0-SNAPSHOT.jar:?]
	at org.apache.ratis.server.impl.RaftServerImpl.submitClientRequestAsync(RaftServerImpl.java:591) ~[ratis-server-0.5.0-3f446aa-SNAPSHOT.jar:0.5.0-3f446aa-SNAPSHOT]
	at org.apache.ratis.server.impl.RaftServerProxy.lambda$submitClientRequestAsync$7(RaftServerProxy.java:333) ~[ratis-server-0.5.0-3f446aa-SNAPSHOT.jar:0.5.0-3f446aa-SNAPSHOT]
	at org.apache.ratis.server.impl.RaftServerProxy.lambda$null$5(RaftServerProxy.java:328) ~[ratis-server-0.5.0-3f446aa-SNAPSHOT.jar:0.5.0-3f446aa-SNAPSHOT]
	at org.apache.ratis.util.JavaUtils.callAsUnchecked(JavaUtils.java:109) ~[ratis-common-0.5.0-3f446aa-SNAPSHOT.jar:0.5.0-3f446aa-SNAPSHOT]
	at org.apache.ratis.server.impl.RaftServerProxy.lambda$submitRequest$6(RaftServerProxy.java:328) ~[ratis-server-0.5.0-3f446aa-SNAPSHOT.jar:0.5.0-3f446aa-SNAPSHOT]
	at java.util.concurrent.CompletableFuture.uniComposeStage(CompletableFuture.java:981) ~[?:1.8.0_222]
	at java.util.concurrent.CompletableFuture.thenCompose(CompletableFuture.java:2124) ~[?:1.8.0_222]
	at org.apache.ratis.server.impl.RaftServerProxy.submitRequest(RaftServerProxy.java:327) ~[ratis-server-0.5.0-3f446aa-SNAPSHOT.jar:0.5.0-3f446aa-SNAPSHOT]
	at org.apache.ratis.server.impl.RaftServerProxy.submitClientRequestAsync(RaftServerProxy.java:333) ~[ratis-server-0.5.0-3f446aa-SNAPSHOT.jar:0.5.0-3f446aa-SNAPSHOT]
	at org.apache.ratis.grpc.client.GrpcClientProtocolService$RequestStreamObserver.processClientRequest(GrpcClientProtocolService.java:220) ~[ratis-grpc-0.5.0-3f446aa-SNAPSHOT.jar:0.5.0-3f446aa-SNAPSHOT]
	at org.apache.ratis.grpc.client.GrpcClientProtocolService$OrderedRequestStreamObserver.processClientRequest(GrpcClientProtocolService.java:326) ~[ratis-grpc-0.5.0-3f446aa-SNAPSHOT.jar:0.5.0-3f446aa-SNAPSHOT]
	at org.apache.ratis.util.SlidingWindow$Server.processRequestsFromHead(SlidingWindow.java:429) [ratis-common-0.5.0-3f446aa-SNAPSHOT.jar:0.5.0-3f446aa-SNAPSHOT]
	at org.apache.ratis.util.SlidingWindow$Server.receivedRequest(SlidingWindow.java:421) [ratis-common-0.5.0-3f446aa-SNAPSHOT.jar:0.5.0-3f446aa-SNAPSHOT]
	at org.apache.ratis.grpc.client.GrpcClientProtocolService$OrderedRequestStreamObserver.processClientRequest(GrpcClientProtocolService.java:345) [ratis-grpc-0.5.0-3f446aa-SNAPSHOT.jar:0.5.0-3f446aa-SNAPSHOT]
	at org.apache.ratis.grpc.client.GrpcClientProtocolService$RequestStreamObserver.onNext(GrpcClientProtocolService.java:240) [ratis-grpc-0.5.0-3f446aa-SNAPSHOT.jar:0.5.0-3f446aa-SNAPSHOT]
	at org.apache.ratis.grpc.client.GrpcClientProtocolService$RequestStreamObserver.onNext(GrpcClientProtocolService.java:168) [ratis-grpc-0.5.0-3f446aa-SNAPSHOT.jar:0.5.0-3f446aa-SNAPSHOT]
	at org.apache.ratis.thirdparty.io.grpc.stub.ServerCalls$StreamingServerCallHandler$StreamingServerCallListener.onMessage(ServerCalls.java:248) [ratis-thirdparty-misc-0.2.0.jar:0.2.0]
	at org.apache.ratis.thirdparty.io.grpc.internal.ServerCallImpl$ServerStreamListenerImpl.messagesAvailable(ServerCallImpl.java:263) [ratis-thirdparty-misc-0.2.0.jar:0.2.0]
	at org.apache.ratis.thirdparty.io.grpc.internal.ServerImpl$JumpToApplicationThreadServerStreamListener$1MessagesAvailable.runInContext(ServerImpl.java:686) [ratis-thirdparty-misc-0.2.0.jar:0.2.0]
	at org.apache.ratis.thirdparty.io.grpc.internal.ContextRunnable.run(ContextRunnable.java:37) [ratis-thirdparty-misc-0.2.0.jar:0.2.0]
	at org.apache.ratis.thirdparty.io.grpc.internal.SerializingExecutor.run(SerializingExecutor.java:123) [ratis-thirdparty-misc-0.2.0.jar:0.2.0]
	at java.util.concurrent.ThreadPoolExecutor.runWorker(ThreadPoolExecutor.java:1149) [?:1.8.0_222]
	at java.util.concurrent.ThreadPoolExecutor$Worker.run(ThreadPoolExecutor.java:624) [?:1.8.0_222]
	at java.lang.Thread.run(Thread.java:748) [?:1.8.0_222]
2019-11-05 08:34:24,930 [Thread-3660] INFO  impl.FollowerState (FollowerState.java:run(108)) - 05ace5f9-a5b7-4bc6-b4fa-26d4e24ae00c@group-515877FFDAAC-FollowerState: change to CANDIDATE, lastRpcTime:99ms, electionTimeout:96ms
2019-11-05 08:34:24,932 [main] INFO  io.BlockOutputStreamEntryPool (BlockOutputStreamEntryPool.java:allocateNewBlock(257)) - Allocating block with ExcludeList {datanodes = [], containerIds = [#1], pipelineIds = []}
2019-11-05 08:34:24,932 [Thread-3660] INFO  impl.RoleInfo (RoleInfo.java:shutdownFollowerState(121)) - 05ace5f9-a5b7-4bc6-b4fa-26d4e24ae00c: shutdown FollowerState
2019-11-05 08:34:24,933 [Thread-3660] INFO  impl.RaftServerImpl (RaftServerImpl.java:setRole(184)) - 05ace5f9-a5b7-4bc6-b4fa-26d4e24ae00c@group-515877FFDAAC: changes role from  FOLLOWER to CANDIDATE at term 18 for changeToCandidate
2019-11-05 08:34:24,933 [Thread-3660] INFO  impl.RoleInfo (RoleInfo.java:updateAndGet(143)) - 05ace5f9-a5b7-4bc6-b4fa-26d4e24ae00c: start LeaderElection
2019-11-05 08:34:24,936 [IPC Server handler 3 on 42948] INFO  server.SCMBlockProtocolServer (SCMBlockProtocolServer.java:allocateBlock(179)) - Allocating 1 blocks of size 4194304, with ExcludeList {datanodes = [], containerIds = [#1], pipelineIds = []}
2019-11-05 08:34:24,963 [05ace5f9-a5b7-4bc6-b4fa-26d4e24ae00c@group-515877FFDAAC-LeaderElection443] INFO  impl.LeaderElection (LeaderElection.java:askForVotes(178)) - 05ace5f9-a5b7-4bc6-b4fa-26d4e24ae00c@group-515877FFDAAC-LeaderElection443: begin an election at term 19 for -1: [05ace5f9-a5b7-4bc6-b4fa-26d4e24ae00c:192.168.164.217:42356, d92c9463-8e05-4a70-8cc7-1d31ae7ac64a:192.168.164.217:37180, d7b60609-c805-4df6-8140-a27c681dae80:192.168.164.217:37880], old=null
2019-11-05 08:34:24,970 [grpc-default-executor-10] INFO  impl.RaftServerImpl (RaftServerImpl.java:setRole(184)) - d7b60609-c805-4df6-8140-a27c681dae80@group-515877FFDAAC: changes role from  FOLLOWER to FOLLOWER at term 19 for recognizeCandidate:05ace5f9-a5b7-4bc6-b4fa-26d4e24ae00c
2019-11-05 08:34:24,970 [grpc-default-executor-17] INFO  impl.RaftServerImpl (RaftServerImpl.java:setRole(184)) - d92c9463-8e05-4a70-8cc7-1d31ae7ac64a@group-515877FFDAAC: changes role from  FOLLOWER to FOLLOWER at term 19 for recognizeCandidate:05ace5f9-a5b7-4bc6-b4fa-26d4e24ae00c
2019-11-05 08:34:24,970 [grpc-default-executor-17] INFO  impl.RoleInfo (RoleInfo.java:shutdownFollowerState(121)) - d92c9463-8e05-4a70-8cc7-1d31ae7ac64a: shutdown FollowerState
2019-11-05 08:34:24,970 [grpc-default-executor-10] INFO  impl.RoleInfo (RoleInfo.java:shutdownFollowerState(121)) - d7b60609-c805-4df6-8140-a27c681dae80: shutdown FollowerState
2019-11-05 08:34:24,970 [Thread-3658] INFO  impl.FollowerState (FollowerState.java:run(117)) - d92c9463-8e05-4a70-8cc7-1d31ae7ac64a@group-515877FFDAAC-FollowerState was interrupted: java.lang.InterruptedException: sleep interrupted
2019-11-05 08:34:24,970 [grpc-default-executor-17] INFO  impl.RoleInfo (RoleInfo.java:updateAndGet(143)) - d92c9463-8e05-4a70-8cc7-1d31ae7ac64a: start FollowerState
2019-11-05 08:34:24,970 [grpc-default-executor-10] INFO  impl.RoleInfo (RoleInfo.java:updateAndGet(143)) - d7b60609-c805-4df6-8140-a27c681dae80: start FollowerState
2019-11-05 08:34:24,970 [Thread-3657] INFO  impl.FollowerState (FollowerState.java:run(117)) - d7b60609-c805-4df6-8140-a27c681dae80@group-515877FFDAAC-FollowerState was interrupted: java.lang.InterruptedException: sleep interrupted
2019-11-05 08:34:24,986 [05ace5f9-a5b7-4bc6-b4fa-26d4e24ae00c@group-515877FFDAAC-LeaderElection443] INFO  impl.LeaderElection (LeaderElection.java:logAndReturn(56)) - 05ace5f9-a5b7-4bc6-b4fa-26d4e24ae00c@group-515877FFDAAC-LeaderElection443: Election REJECTED; received 2 response(s) [05ace5f9-a5b7-4bc6-b4fa-26d4e24ae00c<-d92c9463-8e05-4a70-8cc7-1d31ae7ac64a#0:FAIL-t19, 05ace5f9-a5b7-4bc6-b4fa-26d4e24ae00c<-d7b60609-c805-4df6-8140-a27c681dae80#0:FAIL-t19] and 0 exception(s); 05ace5f9-a5b7-4bc6-b4fa-26d4e24ae00c@group-515877FFDAAC:t19, leader=null, voted=05ace5f9-a5b7-4bc6-b4fa-26d4e24ae00c, raftlog=05ace5f9-a5b7-4bc6-b4fa-26d4e24ae00c@group-515877FFDAAC-SegmentedRaftLog:OPENED:c-1,f-1,i0, conf=-1: [05ace5f9-a5b7-4bc6-b4fa-26d4e24ae00c:192.168.164.217:42356, d92c9463-8e05-4a70-8cc7-1d31ae7ac64a:192.168.164.217:37180, d7b60609-c805-4df6-8140-a27c681dae80:192.168.164.217:37880], old=null
2019-11-05 08:34:24,987 [05ace5f9-a5b7-4bc6-b4fa-26d4e24ae00c@group-515877FFDAAC-LeaderElection443] INFO  impl.RaftServerImpl (RaftServerImpl.java:setRole(184)) - 05ace5f9-a5b7-4bc6-b4fa-26d4e24ae00c@group-515877FFDAAC: changes role from CANDIDATE to FOLLOWER at term 19 for DISCOVERED_A_NEW_TERM
2019-11-05 08:34:24,987 [05ace5f9-a5b7-4bc6-b4fa-26d4e24ae00c@group-515877FFDAAC-LeaderElection443] INFO  impl.RoleInfo (RoleInfo.java:shutdownLeaderElection(134)) - 05ace5f9-a5b7-4bc6-b4fa-26d4e24ae00c: shutdown LeaderElection
2019-11-05 08:34:24,987 [05ace5f9-a5b7-4bc6-b4fa-26d4e24ae00c@group-515877FFDAAC-LeaderElection443] INFO  impl.RoleInfo (RoleInfo.java:updateAndGet(143)) - 05ace5f9-a5b7-4bc6-b4fa-26d4e24ae00c: start FollowerState
2019-11-05 08:34:25,013 [Thread-3672] INFO  impl.FollowerState (FollowerState.java:run(108)) - 05ace5f9-a5b7-4bc6-b4fa-26d4e24ae00c@group-515877FFDAAC-FollowerState: change to CANDIDATE, lastRpcTime:26ms, electionTimeout:26ms
2019-11-05 08:34:25,014 [Thread-3672] INFO  impl.RoleInfo (RoleInfo.java:shutdownFollowerState(121)) - 05ace5f9-a5b7-4bc6-b4fa-26d4e24ae00c: shutdown FollowerState
2019-11-05 08:34:25,014 [Thread-3672] INFO  impl.RaftServerImpl (RaftServerImpl.java:setRole(184)) - 05ace5f9-a5b7-4bc6-b4fa-26d4e24ae00c@group-515877FFDAAC: changes role from  FOLLOWER to CANDIDATE at term 19 for changeToCandidate
2019-11-05 08:34:25,014 [Thread-3672] INFO  impl.RoleInfo (RoleInfo.java:updateAndGet(143)) - 05ace5f9-a5b7-4bc6-b4fa-26d4e24ae00c: start LeaderElection
2019-11-05 08:34:25,027 [05ace5f9-a5b7-4bc6-b4fa-26d4e24ae00c@group-515877FFDAAC-LeaderElection444] INFO  impl.LeaderElection (LeaderElection.java:askForVotes(178)) - 05ace5f9-a5b7-4bc6-b4fa-26d4e24ae00c@group-515877FFDAAC-LeaderElection444: begin an election at term 20 for -1: [05ace5f9-a5b7-4bc6-b4fa-26d4e24ae00c:192.168.164.217:42356, d92c9463-8e05-4a70-8cc7-1d31ae7ac64a:192.168.164.217:37180, d7b60609-c805-4df6-8140-a27c681dae80:192.168.164.217:37880], old=null
2019-11-05 08:34:25,029 [grpc-default-executor-10] INFO  impl.RaftServerImpl (RaftServerImpl.java:setRole(184)) - d92c9463-8e05-4a70-8cc7-1d31ae7ac64a@group-515877FFDAAC: changes role from  FOLLOWER to FOLLOWER at term 20 for recognizeCandidate:05ace5f9-a5b7-4bc6-b4fa-26d4e24ae00c
2019-11-05 08:34:25,029 [grpc-default-executor-17] INFO  impl.RaftServerImpl (RaftServerImpl.java:setRole(184)) - d7b60609-c805-4df6-8140-a27c681dae80@group-515877FFDAAC: changes role from  FOLLOWER to FOLLOWER at term 20 for recognizeCandidate:05ace5f9-a5b7-4bc6-b4fa-26d4e24ae00c
2019-11-05 08:34:25,029 [grpc-default-executor-17] INFO  impl.RoleInfo (RoleInfo.java:shutdownFollowerState(121)) - d7b60609-c805-4df6-8140-a27c681dae80: shutdown FollowerState
2019-11-05 08:34:25,029 [grpc-default-executor-10] INFO  impl.RoleInfo (RoleInfo.java:shutdownFollowerState(121)) - d92c9463-8e05-4a70-8cc7-1d31ae7ac64a: shutdown FollowerState
2019-11-05 08:34:25,029 [Thread-3671] INFO  impl.FollowerState (FollowerState.java:run(117)) - d7b60609-c805-4df6-8140-a27c681dae80@group-515877FFDAAC-FollowerState was interrupted: java.lang.InterruptedException: sleep interrupted
2019-11-05 08:34:25,029 [grpc-default-executor-17] INFO  impl.RoleInfo (RoleInfo.java:updateAndGet(143)) - d7b60609-c805-4df6-8140-a27c681dae80: start FollowerState
2019-11-05 08:34:25,029 [Thread-3670] INFO  impl.FollowerState (FollowerState.java:run(117)) - d92c9463-8e05-4a70-8cc7-1d31ae7ac64a@group-515877FFDAAC-FollowerState was interrupted: java.lang.InterruptedException: sleep interrupted
2019-11-05 08:34:25,029 [grpc-default-executor-10] INFO  impl.RoleInfo (RoleInfo.java:updateAndGet(143)) - d92c9463-8e05-4a70-8cc7-1d31ae7ac64a: start FollowerState
2019-11-05 08:34:25,044 [05ace5f9-a5b7-4bc6-b4fa-26d4e24ae00c@group-515877FFDAAC-LeaderElection444] INFO  impl.LeaderElection (LeaderElection.java:logAndReturn(56)) - 05ace5f9-a5b7-4bc6-b4fa-26d4e24ae00c@group-515877FFDAAC-LeaderElection444: Election REJECTED; received 2 response(s) [05ace5f9-a5b7-4bc6-b4fa-26d4e24ae00c<-d92c9463-8e05-4a70-8cc7-1d31ae7ac64a#0:FAIL-t20, 05ace5f9-a5b7-4bc6-b4fa-26d4e24ae00c<-d7b60609-c805-4df6-8140-a27c681dae80#0:FAIL-t20] and 0 exception(s); 05ace5f9-a5b7-4bc6-b4fa-26d4e24ae00c@group-515877FFDAAC:t20, leader=null, voted=05ace5f9-a5b7-4bc6-b4fa-26d4e24ae00c, raftlog=05ace5f9-a5b7-4bc6-b4fa-26d4e24ae00c@group-515877FFDAAC-SegmentedRaftLog:OPENED:c-1,f-1,i0, conf=-1: [05ace5f9-a5b7-4bc6-b4fa-26d4e24ae00c:192.168.164.217:42356, d92c9463-8e05-4a70-8cc7-1d31ae7ac64a:192.168.164.217:37180, d7b60609-c805-4df6-8140-a27c681dae80:192.168.164.217:37880], old=null
2019-11-05 08:34:25,045 [05ace5f9-a5b7-4bc6-b4fa-26d4e24ae00c@group-515877FFDAAC-LeaderElection444] INFO  impl.RaftServerImpl (RaftServerImpl.java:setRole(184)) - 05ace5f9-a5b7-4bc6-b4fa-26d4e24ae00c@group-515877FFDAAC: changes role from CANDIDATE to FOLLOWER at term 20 for DISCOVERED_A_NEW_TERM
2019-11-05 08:34:25,045 [05ace5f9-a5b7-4bc6-b4fa-26d4e24ae00c@group-515877FFDAAC-LeaderElection444] INFO  impl.RoleInfo (RoleInfo.java:shutdownLeaderElection(134)) - 05ace5f9-a5b7-4bc6-b4fa-26d4e24ae00c: shutdown LeaderElection
2019-11-05 08:34:25,045 [05ace5f9-a5b7-4bc6-b4fa-26d4e24ae00c@group-515877FFDAAC-LeaderElection444] INFO  impl.RoleInfo (RoleInfo.java:updateAndGet(143)) - 05ace5f9-a5b7-4bc6-b4fa-26d4e24ae00c: start FollowerState
2019-11-05 08:34:25,125 [Thread-3678] INFO  impl.FollowerState (FollowerState.java:run(108)) - 05ace5f9-a5b7-4bc6-b4fa-26d4e24ae00c@group-515877FFDAAC-FollowerState: change to CANDIDATE, lastRpcTime:80ms, electionTimeout:80ms
2019-11-05 08:34:25,125 [Thread-3678] INFO  impl.RoleInfo (RoleInfo.java:shutdownFollowerState(121)) - 05ace5f9-a5b7-4bc6-b4fa-26d4e24ae00c: shutdown FollowerState
2019-11-05 08:34:25,125 [Thread-3678] INFO  impl.RaftServerImpl (RaftServerImpl.java:setRole(184)) - 05ace5f9-a5b7-4bc6-b4fa-26d4e24ae00c@group-515877FFDAAC: changes role from  FOLLOWER to CANDIDATE at term 20 for changeToCandidate
2019-11-05 08:34:25,126 [Thread-3678] INFO  impl.RoleInfo (RoleInfo.java:updateAndGet(143)) - 05ace5f9-a5b7-4bc6-b4fa-26d4e24ae00c: start LeaderElection
2019-11-05 08:34:25,139 [05ace5f9-a5b7-4bc6-b4fa-26d4e24ae00c@group-515877FFDAAC-LeaderElection445] INFO  impl.LeaderElection (LeaderElection.java:askForVotes(178)) - 05ace5f9-a5b7-4bc6-b4fa-26d4e24ae00c@group-515877FFDAAC-LeaderElection445: begin an election at term 21 for -1: [05ace5f9-a5b7-4bc6-b4fa-26d4e24ae00c:192.168.164.217:42356, d92c9463-8e05-4a70-8cc7-1d31ae7ac64a:192.168.164.217:37180, d7b60609-c805-4df6-8140-a27c681dae80:192.168.164.217:37880], old=null
2019-11-05 08:34:25,142 [grpc-default-executor-10] INFO  impl.RaftServerImpl (RaftServerImpl.java:setRole(184)) - d7b60609-c805-4df6-8140-a27c681dae80@group-515877FFDAAC: changes role from  FOLLOWER to FOLLOWER at term 21 for recognizeCandidate:05ace5f9-a5b7-4bc6-b4fa-26d4e24ae00c
2019-11-05 08:34:25,142 [grpc-default-executor-10] INFO  impl.RoleInfo (RoleInfo.java:shutdownFollowerState(121)) - d7b60609-c805-4df6-8140-a27c681dae80: shutdown FollowerState
2019-11-05 08:34:25,142 [grpc-default-executor-10] INFO  impl.RoleInfo (RoleInfo.java:updateAndGet(143)) - d7b60609-c805-4df6-8140-a27c681dae80: start FollowerState
2019-11-05 08:34:25,142 [grpc-default-executor-17] INFO  impl.RaftServerImpl (RaftServerImpl.java:setRole(184)) - d92c9463-8e05-4a70-8cc7-1d31ae7ac64a@group-515877FFDAAC: changes role from  FOLLOWER to FOLLOWER at term 21 for recognizeCandidate:05ace5f9-a5b7-4bc6-b4fa-26d4e24ae00c
2019-11-05 08:34:25,142 [grpc-default-executor-17] INFO  impl.RoleInfo (RoleInfo.java:shutdownFollowerState(121)) - d92c9463-8e05-4a70-8cc7-1d31ae7ac64a: shutdown FollowerState
2019-11-05 08:34:25,142 [Thread-3676] INFO  impl.FollowerState (FollowerState.java:run(117)) - d7b60609-c805-4df6-8140-a27c681dae80@group-515877FFDAAC-FollowerState was interrupted: java.lang.InterruptedException: sleep interrupted
2019-11-05 08:34:25,143 [Thread-3677] INFO  impl.FollowerState (FollowerState.java:run(117)) - d92c9463-8e05-4a70-8cc7-1d31ae7ac64a@group-515877FFDAAC-FollowerState was interrupted: java.lang.InterruptedException: sleep interrupted
2019-11-05 08:34:25,143 [grpc-default-executor-17] INFO  impl.RoleInfo (RoleInfo.java:updateAndGet(143)) - d92c9463-8e05-4a70-8cc7-1d31ae7ac64a: start FollowerState
2019-11-05 08:34:25,156 [05ace5f9-a5b7-4bc6-b4fa-26d4e24ae00c@group-515877FFDAAC-LeaderElection445] INFO  impl.LeaderElection (LeaderElection.java:logAndReturn(56)) - 05ace5f9-a5b7-4bc6-b4fa-26d4e24ae00c@group-515877FFDAAC-LeaderElection445: Election REJECTED; received 2 response(s) [05ace5f9-a5b7-4bc6-b4fa-26d4e24ae00c<-d92c9463-8e05-4a70-8cc7-1d31ae7ac64a#0:FAIL-t21, 05ace5f9-a5b7-4bc6-b4fa-26d4e24ae00c<-d7b60609-c805-4df6-8140-a27c681dae80#0:FAIL-t21] and 0 exception(s); 05ace5f9-a5b7-4bc6-b4fa-26d4e24ae00c@group-515877FFDAAC:t21, leader=null, voted=05ace5f9-a5b7-4bc6-b4fa-26d4e24ae00c, raftlog=05ace5f9-a5b7-4bc6-b4fa-26d4e24ae00c@group-515877FFDAAC-SegmentedRaftLog:OPENED:c-1,f-1,i0, conf=-1: [05ace5f9-a5b7-4bc6-b4fa-26d4e24ae00c:192.168.164.217:42356, d92c9463-8e05-4a70-8cc7-1d31ae7ac64a:192.168.164.217:37180, d7b60609-c805-4df6-8140-a27c681dae80:192.168.164.217:37880], old=null
2019-11-05 08:34:25,156 [05ace5f9-a5b7-4bc6-b4fa-26d4e24ae00c@group-515877FFDAAC-LeaderElection445] INFO  impl.RaftServerImpl (RaftServerImpl.java:setRole(184)) - 05ace5f9-a5b7-4bc6-b4fa-26d4e24ae00c@group-515877FFDAAC: changes role from CANDIDATE to FOLLOWER at term 21 for DISCOVERED_A_NEW_TERM
2019-11-05 08:34:25,157 [05ace5f9-a5b7-4bc6-b4fa-26d4e24ae00c@group-515877FFDAAC-LeaderElection445] INFO  impl.RoleInfo (RoleInfo.java:shutdownLeaderElection(134)) - 05ace5f9-a5b7-4bc6-b4fa-26d4e24ae00c: shutdown LeaderElection
2019-11-05 08:34:25,157 [05ace5f9-a5b7-4bc6-b4fa-26d4e24ae00c@group-515877FFDAAC-LeaderElection445] INFO  impl.RoleInfo (RoleInfo.java:updateAndGet(143)) - 05ace5f9-a5b7-4bc6-b4fa-26d4e24ae00c: start FollowerState
2019-11-05 08:34:25,225 [Thread-3684] INFO  impl.FollowerState (FollowerState.java:run(108)) - 05ace5f9-a5b7-4bc6-b4fa-26d4e24ae00c@group-515877FFDAAC-FollowerState: change to CANDIDATE, lastRpcTime:68ms, electionTimeout:68ms
2019-11-05 08:34:25,225 [Thread-3684] INFO  impl.RoleInfo (RoleInfo.java:shutdownFollowerState(121)) - 05ace5f9-a5b7-4bc6-b4fa-26d4e24ae00c: shutdown FollowerState
2019-11-05 08:34:25,225 [Thread-3684] INFO  impl.RaftServerImpl (RaftServerImpl.java:setRole(184)) - 05ace5f9-a5b7-4bc6-b4fa-26d4e24ae00c@group-515877FFDAAC: changes role from  FOLLOWER to CANDIDATE at term 21 for changeToCandidate
2019-11-05 08:34:25,226 [Thread-3684] INFO  impl.RoleInfo (RoleInfo.java:updateAndGet(143)) - 05ace5f9-a5b7-4bc6-b4fa-26d4e24ae00c: start LeaderElection
2019-11-05 08:34:25,239 [05ace5f9-a5b7-4bc6-b4fa-26d4e24ae00c@group-515877FFDAAC-LeaderElection446] INFO  impl.LeaderElection (LeaderElection.java:askForVotes(178)) - 05ace5f9-a5b7-4bc6-b4fa-26d4e24ae00c@group-515877FFDAAC-LeaderElection446: begin an election at term 22 for -1: [05ace5f9-a5b7-4bc6-b4fa-26d4e24ae00c:192.168.164.217:42356, d92c9463-8e05-4a70-8cc7-1d31ae7ac64a:192.168.164.217:37180, d7b60609-c805-4df6-8140-a27c681dae80:192.168.164.217:37880], old=null
2019-11-05 08:34:25,240 [grpc-default-executor-10] INFO  impl.RaftServerImpl (RaftServerImpl.java:setRole(184)) - d92c9463-8e05-4a70-8cc7-1d31ae7ac64a@group-515877FFDAAC: changes role from  FOLLOWER to FOLLOWER at term 22 for recognizeCandidate:05ace5f9-a5b7-4bc6-b4fa-26d4e24ae00c
2019-11-05 08:34:25,240 [grpc-default-executor-10] INFO  impl.RoleInfo (RoleInfo.java:shutdownFollowerState(121)) - d92c9463-8e05-4a70-8cc7-1d31ae7ac64a: shutdown FollowerState
2019-11-05 08:34:25,240 [grpc-default-executor-17] INFO  impl.RaftServerImpl (RaftServerImpl.java:setRole(184)) - d7b60609-c805-4df6-8140-a27c681dae80@group-515877FFDAAC: changes role from  FOLLOWER to FOLLOWER at term 22 for recognizeCandidate:05ace5f9-a5b7-4bc6-b4fa-26d4e24ae00c
2019-11-05 08:34:25,240 [Thread-3683] INFO  impl.FollowerState (FollowerState.java:run(117)) - d92c9463-8e05-4a70-8cc7-1d31ae7ac64a@group-515877FFDAAC-FollowerState was interrupted: java.lang.InterruptedException: sleep interrupted
2019-11-05 08:34:25,240 [grpc-default-executor-10] INFO  impl.RoleInfo (RoleInfo.java:updateAndGet(143)) - d92c9463-8e05-4a70-8cc7-1d31ae7ac64a: start FollowerState
2019-11-05 08:34:25,241 [grpc-default-executor-17] INFO  impl.RoleInfo (RoleInfo.java:shutdownFollowerState(121)) - d7b60609-c805-4df6-8140-a27c681dae80: shutdown FollowerState
2019-11-05 08:34:25,241 [grpc-default-executor-17] INFO  impl.RoleInfo (RoleInfo.java:updateAndGet(143)) - d7b60609-c805-4df6-8140-a27c681dae80: start FollowerState
2019-11-05 08:34:25,241 [Thread-3682] INFO  impl.FollowerState (FollowerState.java:run(117)) - d7b60609-c805-4df6-8140-a27c681dae80@group-515877FFDAAC-FollowerState was interrupted: java.lang.InterruptedException: sleep interrupted
2019-11-05 08:34:25,257 [05ace5f9-a5b7-4bc6-b4fa-26d4e24ae00c@group-515877FFDAAC-LeaderElection446] INFO  impl.LeaderElection (LeaderElection.java:logAndReturn(56)) - 05ace5f9-a5b7-4bc6-b4fa-26d4e24ae00c@group-515877FFDAAC-LeaderElection446: Election REJECTED; received 2 response(s) [05ace5f9-a5b7-4bc6-b4fa-26d4e24ae00c<-d92c9463-8e05-4a70-8cc7-1d31ae7ac64a#0:FAIL-t22, 05ace5f9-a5b7-4bc6-b4fa-26d4e24ae00c<-d7b60609-c805-4df6-8140-a27c681dae80#0:FAIL-t22] and 0 exception(s); 05ace5f9-a5b7-4bc6-b4fa-26d4e24ae00c@group-515877FFDAAC:t22, leader=null, voted=05ace5f9-a5b7-4bc6-b4fa-26d4e24ae00c, raftlog=05ace5f9-a5b7-4bc6-b4fa-26d4e24ae00c@group-515877FFDAAC-SegmentedRaftLog:OPENED:c-1,f-1,i0, conf=-1: [05ace5f9-a5b7-4bc6-b4fa-26d4e24ae00c:192.168.164.217:42356, d92c9463-8e05-4a70-8cc7-1d31ae7ac64a:192.168.164.217:37180, d7b60609-c805-4df6-8140-a27c681dae80:192.168.164.217:37880], old=null
2019-11-05 08:34:25,257 [05ace5f9-a5b7-4bc6-b4fa-26d4e24ae00c@group-515877FFDAAC-LeaderElection446] INFO  impl.RaftServerImpl (RaftServerImpl.java:setRole(184)) - 05ace5f9-a5b7-4bc6-b4fa-26d4e24ae00c@group-515877FFDAAC: changes role from CANDIDATE to FOLLOWER at term 22 for DISCOVERED_A_NEW_TERM
2019-11-05 08:34:25,258 [05ace5f9-a5b7-4bc6-b4fa-26d4e24ae00c@group-515877FFDAAC-LeaderElection446] INFO  impl.RoleInfo (RoleInfo.java:shutdownLeaderElection(134)) - 05ace5f9-a5b7-4bc6-b4fa-26d4e24ae00c: shutdown LeaderElection
2019-11-05 08:34:25,258 [05ace5f9-a5b7-4bc6-b4fa-26d4e24ae00c@group-515877FFDAAC-LeaderElection446] INFO  impl.RoleInfo (RoleInfo.java:updateAndGet(143)) - 05ace5f9-a5b7-4bc6-b4fa-26d4e24ae00c: start FollowerState
2019-11-05 08:34:25,315 [Thread-3692] INFO  impl.FollowerState (FollowerState.java:run(108)) - 05ace5f9-a5b7-4bc6-b4fa-26d4e24ae00c@group-515877FFDAAC-FollowerState: change to CANDIDATE, lastRpcTime:57ms, electionTimeout:57ms
2019-11-05 08:34:25,315 [Thread-3692] INFO  impl.RoleInfo (RoleInfo.java:shutdownFollowerState(121)) - 05ace5f9-a5b7-4bc6-b4fa-26d4e24ae00c: shutdown FollowerState
2019-11-05 08:34:25,315 [Thread-3692] INFO  impl.RaftServerImpl (RaftServerImpl.java:setRole(184)) - 05ace5f9-a5b7-4bc6-b4fa-26d4e24ae00c@group-515877FFDAAC: changes role from  FOLLOWER to CANDIDATE at term 22 for changeToCandidate
2019-11-05 08:34:25,315 [Thread-3692] INFO  impl.RoleInfo (RoleInfo.java:updateAndGet(143)) - 05ace5f9-a5b7-4bc6-b4fa-26d4e24ae00c: start LeaderElection
2019-11-05 08:34:25,328 [05ace5f9-a5b7-4bc6-b4fa-26d4e24ae00c@group-515877FFDAAC-LeaderElection447] INFO  impl.LeaderElection (LeaderElection.java:askForVotes(178)) - 05ace5f9-a5b7-4bc6-b4fa-26d4e24ae00c@group-515877FFDAAC-LeaderElection447: begin an election at term 23 for -1: [05ace5f9-a5b7-4bc6-b4fa-26d4e24ae00c:192.168.164.217:42356, d92c9463-8e05-4a70-8cc7-1d31ae7ac64a:192.168.164.217:37180, d7b60609-c805-4df6-8140-a27c681dae80:192.168.164.217:37880], old=null
2019-11-05 08:34:25,330 [grpc-default-executor-10] INFO  impl.RaftServerImpl (RaftServerImpl.java:setRole(184)) - d92c9463-8e05-4a70-8cc7-1d31ae7ac64a@group-515877FFDAAC: changes role from  FOLLOWER to FOLLOWER at term 23 for recognizeCandidate:05ace5f9-a5b7-4bc6-b4fa-26d4e24ae00c
2019-11-05 08:34:25,330 [grpc-default-executor-10] INFO  impl.RoleInfo (RoleInfo.java:shutdownFollowerState(121)) - d92c9463-8e05-4a70-8cc7-1d31ae7ac64a: shutdown FollowerState
2019-11-05 08:34:25,330 [grpc-default-executor-10] INFO  impl.RoleInfo (RoleInfo.java:updateAndGet(143)) - d92c9463-8e05-4a70-8cc7-1d31ae7ac64a: start FollowerState
2019-11-05 08:34:25,330 [Thread-3690] INFO  impl.FollowerState (FollowerState.java:run(117)) - d92c9463-8e05-4a70-8cc7-1d31ae7ac64a@group-515877FFDAAC-FollowerState was interrupted: java.lang.InterruptedException: sleep interrupted
2019-11-05 08:34:25,330 [grpc-default-executor-17] INFO  impl.RaftServerImpl (RaftServerImpl.java:setRole(184)) - d7b60609-c805-4df6-8140-a27c681dae80@group-515877FFDAAC: changes role from  FOLLOWER to FOLLOWER at term 23 for recognizeCandidate:05ace5f9-a5b7-4bc6-b4fa-26d4e24ae00c
2019-11-05 08:34:25,331 [grpc-default-executor-17] INFO  impl.RoleInfo (RoleInfo.java:shutdownFollowerState(121)) - d7b60609-c805-4df6-8140-a27c681dae80: shutdown FollowerState
2019-11-05 08:34:25,331 [grpc-default-executor-17] INFO  impl.RoleInfo (RoleInfo.java:updateAndGet(143)) - d7b60609-c805-4df6-8140-a27c681dae80: start FollowerState
2019-11-05 08:34:25,331 [Thread-3691] INFO  impl.FollowerState (FollowerState.java:run(117)) - d7b60609-c805-4df6-8140-a27c681dae80@group-515877FFDAAC-FollowerState was interrupted: java.lang.InterruptedException: sleep interrupted
2019-11-05 08:34:25,344 [05ace5f9-a5b7-4bc6-b4fa-26d4e24ae00c@group-515877FFDAAC-LeaderElection447] INFO  impl.LeaderElection (LeaderElection.java:logAndReturn(56)) - 05ace5f9-a5b7-4bc6-b4fa-26d4e24ae00c@group-515877FFDAAC-LeaderElection447: Election REJECTED; received 2 response(s) [05ace5f9-a5b7-4bc6-b4fa-26d4e24ae00c<-d92c9463-8e05-4a70-8cc7-1d31ae7ac64a#0:FAIL-t23, 05ace5f9-a5b7-4bc6-b4fa-26d4e24ae00c<-d7b60609-c805-4df6-8140-a27c681dae80#0:FAIL-t23] and 0 exception(s); 05ace5f9-a5b7-4bc6-b4fa-26d4e24ae00c@group-515877FFDAAC:t23, leader=null, voted=05ace5f9-a5b7-4bc6-b4fa-26d4e24ae00c, raftlog=05ace5f9-a5b7-4bc6-b4fa-26d4e24ae00c@group-515877FFDAAC-SegmentedRaftLog:OPENED:c-1,f-1,i0, conf=-1: [05ace5f9-a5b7-4bc6-b4fa-26d4e24ae00c:192.168.164.217:42356, d92c9463-8e05-4a70-8cc7-1d31ae7ac64a:192.168.164.217:37180, d7b60609-c805-4df6-8140-a27c681dae80:192.168.164.217:37880], old=null
2019-11-05 08:34:25,344 [05ace5f9-a5b7-4bc6-b4fa-26d4e24ae00c@group-515877FFDAAC-LeaderElection447] INFO  impl.RaftServerImpl (RaftServerImpl.java:setRole(184)) - 05ace5f9-a5b7-4bc6-b4fa-26d4e24ae00c@group-515877FFDAAC: changes role from CANDIDATE to FOLLOWER at term 23 for DISCOVERED_A_NEW_TERM
2019-11-05 08:34:25,344 [05ace5f9-a5b7-4bc6-b4fa-26d4e24ae00c@group-515877FFDAAC-LeaderElection447] INFO  impl.RoleInfo (RoleInfo.java:shutdownLeaderElection(134)) - 05ace5f9-a5b7-4bc6-b4fa-26d4e24ae00c: shutdown LeaderElection
2019-11-05 08:34:25,345 [05ace5f9-a5b7-4bc6-b4fa-26d4e24ae00c@group-515877FFDAAC-LeaderElection447] INFO  impl.RoleInfo (RoleInfo.java:updateAndGet(143)) - 05ace5f9-a5b7-4bc6-b4fa-26d4e24ae00c: start FollowerState
2019-11-05 08:34:25,404 [Thread-3700] INFO  impl.FollowerState (FollowerState.java:run(108)) - 05ace5f9-a5b7-4bc6-b4fa-26d4e24ae00c@group-515877FFDAAC-FollowerState: change to CANDIDATE, lastRpcTime:59ms, electionTimeout:59ms
2019-11-05 08:34:25,404 [Thread-3700] INFO  impl.RoleInfo (RoleInfo.java:shutdownFollowerState(121)) - 05ace5f9-a5b7-4bc6-b4fa-26d4e24ae00c: shutdown FollowerState
2019-11-05 08:34:25,404 [Thread-3700] INFO  impl.RaftServerImpl (RaftServerImpl.java:setRole(184)) - 05ace5f9-a5b7-4bc6-b4fa-26d4e24ae00c@group-515877FFDAAC: changes role from  FOLLOWER to CANDIDATE at term 23 for changeToCandidate
2019-11-05 08:34:25,404 [Thread-3700] INFO  impl.RoleInfo (RoleInfo.java:updateAndGet(143)) - 05ace5f9-a5b7-4bc6-b4fa-26d4e24ae00c: start LeaderElection
2019-11-05 08:34:25,417 [05ace5f9-a5b7-4bc6-b4fa-26d4e24ae00c@group-515877FFDAAC-LeaderElection448] INFO  impl.LeaderElection (LeaderElection.java:askForVotes(178)) - 05ace5f9-a5b7-4bc6-b4fa-26d4e24ae00c@group-515877FFDAAC-LeaderElection448: begin an election at term 24 for -1: [05ace5f9-a5b7-4bc6-b4fa-26d4e24ae00c:192.168.164.217:42356, d92c9463-8e05-4a70-8cc7-1d31ae7ac64a:192.168.164.217:37180, d7b60609-c805-4df6-8140-a27c681dae80:192.168.164.217:37880], old=null
2019-11-05 08:34:25,419 [grpc-default-executor-17] INFO  impl.RaftServerImpl (RaftServerImpl.java:setRole(184)) - d92c9463-8e05-4a70-8cc7-1d31ae7ac64a@group-515877FFDAAC: changes role from  FOLLOWER to FOLLOWER at term 24 for recognizeCandidate:05ace5f9-a5b7-4bc6-b4fa-26d4e24ae00c
2019-11-05 08:34:25,419 [grpc-default-executor-17] INFO  impl.RoleInfo (RoleInfo.java:shutdownFollowerState(121)) - d92c9463-8e05-4a70-8cc7-1d31ae7ac64a: shutdown FollowerState
2019-11-05 08:34:25,419 [grpc-default-executor-17] INFO  impl.RoleInfo (RoleInfo.java:updateAndGet(143)) - d92c9463-8e05-4a70-8cc7-1d31ae7ac64a: start FollowerState
2019-11-05 08:34:25,419 [grpc-default-executor-10] INFO  impl.RaftServerImpl (RaftServerImpl.java:setRole(184)) - d7b60609-c805-4df6-8140-a27c681dae80@group-515877FFDAAC: changes role from  FOLLOWER to FOLLOWER at term 24 for recognizeCandidate:05ace5f9-a5b7-4bc6-b4fa-26d4e24ae00c
2019-11-05 08:34:25,419 [grpc-default-executor-10] INFO  impl.RoleInfo (RoleInfo.java:shutdownFollowerState(121)) - d7b60609-c805-4df6-8140-a27c681dae80: shutdown FollowerState
2019-11-05 08:34:25,419 [Thread-3697] INFO  impl.FollowerState (FollowerState.java:run(117)) - d92c9463-8e05-4a70-8cc7-1d31ae7ac64a@group-515877FFDAAC-FollowerState was interrupted: java.lang.InterruptedException: sleep interrupted
2019-11-05 08:34:25,419 [Thread-3698] INFO  impl.FollowerState (FollowerState.java:run(117)) - d7b60609-c805-4df6-8140-a27c681dae80@group-515877FFDAAC-FollowerState was interrupted: java.lang.InterruptedException: sleep interrupted
2019-11-05 08:34:25,419 [grpc-default-executor-10] INFO  impl.RoleInfo (RoleInfo.java:updateAndGet(143)) - d7b60609-c805-4df6-8140-a27c681dae80: start FollowerState
2019-11-05 08:34:25,439 [05ace5f9-a5b7-4bc6-b4fa-26d4e24ae00c@group-515877FFDAAC-LeaderElection448] INFO  impl.LeaderElection (LeaderElection.java:logAndReturn(56)) - 05ace5f9-a5b7-4bc6-b4fa-26d4e24ae00c@group-515877FFDAAC-LeaderElection448: Election REJECTED; received 2 response(s) [05ace5f9-a5b7-4bc6-b4fa-26d4e24ae00c<-d92c9463-8e05-4a70-8cc7-1d31ae7ac64a#0:FAIL-t24, 05ace5f9-a5b7-4bc6-b4fa-26d4e24ae00c<-d7b60609-c805-4df6-8140-a27c681dae80#0:FAIL-t24] and 0 exception(s); 05ace5f9-a5b7-4bc6-b4fa-26d4e24ae00c@group-515877FFDAAC:t24, leader=null, voted=05ace5f9-a5b7-4bc6-b4fa-26d4e24ae00c, raftlog=05ace5f9-a5b7-4bc6-b4fa-26d4e24ae00c@group-515877FFDAAC-SegmentedRaftLog:OPENED:c-1,f-1,i0, conf=-1: [05ace5f9-a5b7-4bc6-b4fa-26d4e24ae00c:192.168.164.217:42356, d92c9463-8e05-4a70-8cc7-1d31ae7ac64a:192.168.164.217:37180, d7b60609-c805-4df6-8140-a27c681dae80:192.168.164.217:37880], old=null
2019-11-05 08:34:25,439 [05ace5f9-a5b7-4bc6-b4fa-26d4e24ae00c@group-515877FFDAAC-LeaderElection448] INFO  impl.RaftServerImpl (RaftServerImpl.java:setRole(184)) - 05ace5f9-a5b7-4bc6-b4fa-26d4e24ae00c@group-515877FFDAAC: changes role from CANDIDATE to FOLLOWER at term 24 for DISCOVERED_A_NEW_TERM
2019-11-05 08:34:25,439 [05ace5f9-a5b7-4bc6-b4fa-26d4e24ae00c@group-515877FFDAAC-LeaderElection448] INFO  impl.RoleInfo (RoleInfo.java:shutdownLeaderElection(134)) - 05ace5f9-a5b7-4bc6-b4fa-26d4e24ae00c: shutdown LeaderElection
2019-11-05 08:34:25,439 [05ace5f9-a5b7-4bc6-b4fa-26d4e24ae00c@group-515877FFDAAC-LeaderElection448] INFO  impl.RoleInfo (RoleInfo.java:updateAndGet(143)) - 05ace5f9-a5b7-4bc6-b4fa-26d4e24ae00c: start FollowerState
2019-11-05 08:34:25,548 [Thread-3706] INFO  impl.FollowerState (FollowerState.java:run(108)) - 05ace5f9-a5b7-4bc6-b4fa-26d4e24ae00c@group-515877FFDAAC-FollowerState: change to CANDIDATE, lastRpcTime:108ms, electionTimeout:108ms
2019-11-05 08:34:25,548 [Thread-3706] INFO  impl.RoleInfo (RoleInfo.java:shutdownFollowerState(121)) - 05ace5f9-a5b7-4bc6-b4fa-26d4e24ae00c: shutdown FollowerState
2019-11-05 08:34:25,548 [Thread-3706] INFO  impl.RaftServerImpl (RaftServerImpl.java:setRole(184)) - 05ace5f9-a5b7-4bc6-b4fa-26d4e24ae00c@group-515877FFDAAC: changes role from  FOLLOWER to CANDIDATE at term 24 for changeToCandidate
2019-11-05 08:34:25,548 [Thread-3706] INFO  impl.RoleInfo (RoleInfo.java:updateAndGet(143)) - 05ace5f9-a5b7-4bc6-b4fa-26d4e24ae00c: start LeaderElection
2019-11-05 08:34:25,562 [05ace5f9-a5b7-4bc6-b4fa-26d4e24ae00c@group-515877FFDAAC-LeaderElection449] INFO  impl.LeaderElection (LeaderElection.java:askForVotes(178)) - 05ace5f9-a5b7-4bc6-b4fa-26d4e24ae00c@group-515877FFDAAC-LeaderElection449: begin an election at term 25 for -1: [05ace5f9-a5b7-4bc6-b4fa-26d4e24ae00c:192.168.164.217:42356, d92c9463-8e05-4a70-8cc7-1d31ae7ac64a:192.168.164.217:37180, d7b60609-c805-4df6-8140-a27c681dae80:192.168.164.217:37880], old=null
2019-11-05 08:34:25,566 [grpc-default-executor-17] INFO  impl.RaftServerImpl (RaftServerImpl.java:setRole(184)) - d92c9463-8e05-4a70-8cc7-1d31ae7ac64a@group-515877FFDAAC: changes role from  FOLLOWER to FOLLOWER at term 25 for recognizeCandidate:05ace5f9-a5b7-4bc6-b4fa-26d4e24ae00c
2019-11-05 08:34:25,566 [grpc-default-executor-10] INFO  impl.RaftServerImpl (RaftServerImpl.java:setRole(184)) - d7b60609-c805-4df6-8140-a27c681dae80@group-515877FFDAAC: changes role from  FOLLOWER to FOLLOWER at term 25 for recognizeCandidate:05ace5f9-a5b7-4bc6-b4fa-26d4e24ae00c
2019-11-05 08:34:25,566 [grpc-default-executor-17] INFO  impl.RoleInfo (RoleInfo.java:shutdownFollowerState(121)) - d92c9463-8e05-4a70-8cc7-1d31ae7ac64a: shutdown FollowerState
2019-11-05 08:34:25,566 [grpc-default-executor-10] INFO  impl.RoleInfo (RoleInfo.java:shutdownFollowerState(121)) - d7b60609-c805-4df6-8140-a27c681dae80: shutdown FollowerState
2019-11-05 08:34:25,566 [grpc-default-executor-17] INFO  impl.RoleInfo (RoleInfo.java:updateAndGet(143)) - d92c9463-8e05-4a70-8cc7-1d31ae7ac64a: start FollowerState
2019-11-05 08:34:25,567 [Thread-3704] INFO  impl.FollowerState (FollowerState.java:run(117)) - d92c9463-8e05-4a70-8cc7-1d31ae7ac64a@group-515877FFDAAC-FollowerState was interrupted: java.lang.InterruptedException: sleep interrupted
2019-11-05 08:34:25,567 [Thread-3705] INFO  impl.FollowerState (FollowerState.java:run(117)) - d7b60609-c805-4df6-8140-a27c681dae80@group-515877FFDAAC-FollowerState was interrupted: java.lang.InterruptedException: sleep interrupted
2019-11-05 08:34:25,567 [grpc-default-executor-10] INFO  impl.RoleInfo (RoleInfo.java:updateAndGet(143)) - d7b60609-c805-4df6-8140-a27c681dae80: start FollowerState
2019-11-05 08:34:25,582 [05ace5f9-a5b7-4bc6-b4fa-26d4e24ae00c@group-515877FFDAAC-LeaderElection449] INFO  impl.LeaderElection (LeaderElection.java:logAndReturn(56)) - 05ace5f9-a5b7-4bc6-b4fa-26d4e24ae00c@group-515877FFDAAC-LeaderElection449: Election REJECTED; received 2 response(s) [05ace5f9-a5b7-4bc6-b4fa-26d4e24ae00c<-d92c9463-8e05-4a70-8cc7-1d31ae7ac64a#0:FAIL-t25, 05ace5f9-a5b7-4bc6-b4fa-26d4e24ae00c<-d7b60609-c805-4df6-8140-a27c681dae80#0:FAIL-t25] and 0 exception(s); 05ace5f9-a5b7-4bc6-b4fa-26d4e24ae00c@group-515877FFDAAC:t25, leader=null, voted=05ace5f9-a5b7-4bc6-b4fa-26d4e24ae00c, raftlog=05ace5f9-a5b7-4bc6-b4fa-26d4e24ae00c@group-515877FFDAAC-SegmentedRaftLog:OPENED:c-1,f-1,i0, conf=-1: [05ace5f9-a5b7-4bc6-b4fa-26d4e24ae00c:192.168.164.217:42356, d92c9463-8e05-4a70-8cc7-1d31ae7ac64a:192.168.164.217:37180, d7b60609-c805-4df6-8140-a27c681dae80:192.168.164.217:37880], old=null
2019-11-05 08:34:25,582 [05ace5f9-a5b7-4bc6-b4fa-26d4e24ae00c@group-515877FFDAAC-LeaderElection449] INFO  impl.RaftServerImpl (RaftServerImpl.java:setRole(184)) - 05ace5f9-a5b7-4bc6-b4fa-26d4e24ae00c@group-515877FFDAAC: changes role from CANDIDATE to FOLLOWER at term 25 for DISCOVERED_A_NEW_TERM
2019-11-05 08:34:25,582 [05ace5f9-a5b7-4bc6-b4fa-26d4e24ae00c@group-515877FFDAAC-LeaderElection449] INFO  impl.RoleInfo (RoleInfo.java:shutdownLeaderElection(134)) - 05ace5f9-a5b7-4bc6-b4fa-26d4e24ae00c: shutdown LeaderElection
2019-11-05 08:34:25,582 [05ace5f9-a5b7-4bc6-b4fa-26d4e24ae00c@group-515877FFDAAC-LeaderElection449] INFO  impl.RoleInfo (RoleInfo.java:updateAndGet(143)) - 05ace5f9-a5b7-4bc6-b4fa-26d4e24ae00c: start FollowerState
2019-11-05 08:34:25,774 [Thread-3712] INFO  impl.FollowerState (FollowerState.java:run(108)) - 05ace5f9-a5b7-4bc6-b4fa-26d4e24ae00c@group-515877FFDAAC-FollowerState: change to CANDIDATE, lastRpcTime:191ms, electionTimeout:191ms
2019-11-05 08:34:25,774 [Thread-3712] INFO  impl.RoleInfo (RoleInfo.java:shutdownFollowerState(121)) - 05ace5f9-a5b7-4bc6-b4fa-26d4e24ae00c: shutdown FollowerState
2019-11-05 08:34:25,774 [Thread-3712] INFO  impl.RaftServerImpl (RaftServerImpl.java:setRole(184)) - 05ace5f9-a5b7-4bc6-b4fa-26d4e24ae00c@group-515877FFDAAC: changes role from  FOLLOWER to CANDIDATE at term 25 for changeToCandidate
2019-11-05 08:34:25,774 [Thread-3712] INFO  impl.RoleInfo (RoleInfo.java:updateAndGet(143)) - 05ace5f9-a5b7-4bc6-b4fa-26d4e24ae00c: start LeaderElection
2019-11-05 08:34:25,800 [05ace5f9-a5b7-4bc6-b4fa-26d4e24ae00c@group-515877FFDAAC-LeaderElection450] INFO  impl.LeaderElection (LeaderElection.java:askForVotes(178)) - 05ace5f9-a5b7-4bc6-b4fa-26d4e24ae00c@group-515877FFDAAC-LeaderElection450: begin an election at term 26 for -1: [05ace5f9-a5b7-4bc6-b4fa-26d4e24ae00c:192.168.164.217:42356, d92c9463-8e05-4a70-8cc7-1d31ae7ac64a:192.168.164.217:37180, d7b60609-c805-4df6-8140-a27c681dae80:192.168.164.217:37880], old=null
2019-11-05 08:34:25,802 [grpc-default-executor-17] INFO  impl.RaftServerImpl (RaftServerImpl.java:setRole(184)) - d7b60609-c805-4df6-8140-a27c681dae80@group-515877FFDAAC: changes role from  FOLLOWER to FOLLOWER at term 26 for recognizeCandidate:05ace5f9-a5b7-4bc6-b4fa-26d4e24ae00c
2019-11-05 08:34:25,802 [grpc-default-executor-10] INFO  impl.RaftServerImpl (RaftServerImpl.java:setRole(184)) - d92c9463-8e05-4a70-8cc7-1d31ae7ac64a@group-515877FFDAAC: changes role from  FOLLOWER to FOLLOWER at term 26 for recognizeCandidate:05ace5f9-a5b7-4bc6-b4fa-26d4e24ae00c
2019-11-05 08:34:25,802 [grpc-default-executor-10] INFO  impl.RoleInfo (RoleInfo.java:shutdownFollowerState(121)) - d92c9463-8e05-4a70-8cc7-1d31ae7ac64a: shutdown FollowerState
2019-11-05 08:34:25,802 [grpc-default-executor-17] INFO  impl.RoleInfo (RoleInfo.java:shutdownFollowerState(121)) - d7b60609-c805-4df6-8140-a27c681dae80: shutdown FollowerState
2019-11-05 08:34:25,802 [grpc-default-executor-10] INFO  impl.RoleInfo (RoleInfo.java:updateAndGet(143)) - d92c9463-8e05-4a70-8cc7-1d31ae7ac64a: start FollowerState
2019-11-05 08:34:25,803 [Thread-3711] INFO  impl.FollowerState (FollowerState.java:run(117)) - d7b60609-c805-4df6-8140-a27c681dae80@group-515877FFDAAC-FollowerState was interrupted: java.lang.InterruptedException: sleep interrupted
2019-11-05 08:34:25,803 [grpc-default-executor-17] INFO  impl.RoleInfo (RoleInfo.java:updateAndGet(143)) - d7b60609-c805-4df6-8140-a27c681dae80: start FollowerState
2019-11-05 08:34:25,803 [Thread-3710] INFO  impl.FollowerState (FollowerState.java:run(117)) - d92c9463-8e05-4a70-8cc7-1d31ae7ac64a@group-515877FFDAAC-FollowerState was interrupted: java.lang.InterruptedException: sleep interrupted
2019-11-05 08:34:25,817 [05ace5f9-a5b7-4bc6-b4fa-26d4e24ae00c@group-515877FFDAAC-LeaderElection450] INFO  impl.LeaderElection (LeaderElection.java:logAndReturn(56)) - 05ace5f9-a5b7-4bc6-b4fa-26d4e24ae00c@group-515877FFDAAC-LeaderElection450: Election REJECTED; received 2 response(s) [05ace5f9-a5b7-4bc6-b4fa-26d4e24ae00c<-d92c9463-8e05-4a70-8cc7-1d31ae7ac64a#0:FAIL-t26, 05ace5f9-a5b7-4bc6-b4fa-26d4e24ae00c<-d7b60609-c805-4df6-8140-a27c681dae80#0:FAIL-t26] and 0 exception(s); 05ace5f9-a5b7-4bc6-b4fa-26d4e24ae00c@group-515877FFDAAC:t26, leader=null, voted=05ace5f9-a5b7-4bc6-b4fa-26d4e24ae00c, raftlog=05ace5f9-a5b7-4bc6-b4fa-26d4e24ae00c@group-515877FFDAAC-SegmentedRaftLog:OPENED:c-1,f-1,i0, conf=-1: [05ace5f9-a5b7-4bc6-b4fa-26d4e24ae00c:192.168.164.217:42356, d92c9463-8e05-4a70-8cc7-1d31ae7ac64a:192.168.164.217:37180, d7b60609-c805-4df6-8140-a27c681dae80:192.168.164.217:37880], old=null
2019-11-05 08:34:25,817 [05ace5f9-a5b7-4bc6-b4fa-26d4e24ae00c@group-515877FFDAAC-LeaderElection450] INFO  impl.RaftServerImpl (RaftServerImpl.java:setRole(184)) - 05ace5f9-a5b7-4bc6-b4fa-26d4e24ae00c@group-515877FFDAAC: changes role from CANDIDATE to FOLLOWER at term 26 for DISCOVERED_A_NEW_TERM
2019-11-05 08:34:25,817 [05ace5f9-a5b7-4bc6-b4fa-26d4e24ae00c@group-515877FFDAAC-LeaderElection450] INFO  impl.RoleInfo (RoleInfo.java:shutdownLeaderElection(134)) - 05ace5f9-a5b7-4bc6-b4fa-26d4e24ae00c: shutdown LeaderElection
2019-11-05 08:34:25,817 [05ace5f9-a5b7-4bc6-b4fa-26d4e24ae00c@group-515877FFDAAC-LeaderElection450] INFO  impl.RoleInfo (RoleInfo.java:updateAndGet(143)) - 05ace5f9-a5b7-4bc6-b4fa-26d4e24ae00c: start FollowerState
2019-11-05 08:34:25,880 [Thread-3720] INFO  impl.FollowerState (FollowerState.java:run(108)) - 05ace5f9-a5b7-4bc6-b4fa-26d4e24ae00c@group-515877FFDAAC-FollowerState: change to CANDIDATE, lastRpcTime:63ms, electionTimeout:63ms
2019-11-05 08:34:25,881 [Thread-3720] INFO  impl.RoleInfo (RoleInfo.java:shutdownFollowerState(121)) - 05ace5f9-a5b7-4bc6-b4fa-26d4e24ae00c: shutdown FollowerState
2019-11-05 08:34:25,881 [Thread-3720] INFO  impl.RaftServerImpl (RaftServerImpl.java:setRole(184)) - 05ace5f9-a5b7-4bc6-b4fa-26d4e24ae00c@group-515877FFDAAC: changes role from  FOLLOWER to CANDIDATE at term 26 for changeToCandidate
2019-11-05 08:34:25,881 [Thread-3720] INFO  impl.RoleInfo (RoleInfo.java:updateAndGet(143)) - 05ace5f9-a5b7-4bc6-b4fa-26d4e24ae00c: start LeaderElection
2019-11-05 08:34:25,895 [05ace5f9-a5b7-4bc6-b4fa-26d4e24ae00c@group-515877FFDAAC-LeaderElection451] INFO  impl.LeaderElection (LeaderElection.java:askForVotes(178)) - 05ace5f9-a5b7-4bc6-b4fa-26d4e24ae00c@group-515877FFDAAC-LeaderElection451: begin an election at term 27 for -1: [05ace5f9-a5b7-4bc6-b4fa-26d4e24ae00c:192.168.164.217:42356, d92c9463-8e05-4a70-8cc7-1d31ae7ac64a:192.168.164.217:37180, d7b60609-c805-4df6-8140-a27c681dae80:192.168.164.217:37880], old=null
2019-11-05 08:34:25,897 [grpc-default-executor-10] INFO  impl.RaftServerImpl (RaftServerImpl.java:setRole(184)) - d92c9463-8e05-4a70-8cc7-1d31ae7ac64a@group-515877FFDAAC: changes role from  FOLLOWER to FOLLOWER at term 27 for recognizeCandidate:05ace5f9-a5b7-4bc6-b4fa-26d4e24ae00c
2019-11-05 08:34:25,897 [grpc-default-executor-10] INFO  impl.RoleInfo (RoleInfo.java:shutdownFollowerState(121)) - d92c9463-8e05-4a70-8cc7-1d31ae7ac64a: shutdown FollowerState
2019-11-05 08:34:25,897 [grpc-default-executor-17] INFO  impl.RaftServerImpl (RaftServerImpl.java:setRole(184)) - d7b60609-c805-4df6-8140-a27c681dae80@group-515877FFDAAC: changes role from  FOLLOWER to FOLLOWER at term 27 for recognizeCandidate:05ace5f9-a5b7-4bc6-b4fa-26d4e24ae00c
2019-11-05 08:34:25,897 [grpc-default-executor-17] INFO  impl.RoleInfo (RoleInfo.java:shutdownFollowerState(121)) - d7b60609-c805-4df6-8140-a27c681dae80: shutdown FollowerState
2019-11-05 08:34:25,897 [Thread-3718] INFO  impl.FollowerState (FollowerState.java:run(117)) - d92c9463-8e05-4a70-8cc7-1d31ae7ac64a@group-515877FFDAAC-FollowerState was interrupted: java.lang.InterruptedException: sleep interrupted
2019-11-05 08:34:25,897 [grpc-default-executor-10] INFO  impl.RoleInfo (RoleInfo.java:updateAndGet(143)) - d92c9463-8e05-4a70-8cc7-1d31ae7ac64a: start FollowerState
2019-11-05 08:34:25,897 [Thread-3719] INFO  impl.FollowerState (FollowerState.java:run(117)) - d7b60609-c805-4df6-8140-a27c681dae80@group-515877FFDAAC-FollowerState was interrupted: java.lang.InterruptedException: sleep interrupted
2019-11-05 08:34:25,897 [grpc-default-executor-17] INFO  impl.RoleInfo (RoleInfo.java:updateAndGet(143)) - d7b60609-c805-4df6-8140-a27c681dae80: start FollowerState
2019-11-05 08:34:25,912 [05ace5f9-a5b7-4bc6-b4fa-26d4e24ae00c@group-515877FFDAAC-LeaderElection451] INFO  impl.LeaderElection (LeaderElection.java:logAndReturn(56)) - 05ace5f9-a5b7-4bc6-b4fa-26d4e24ae00c@group-515877FFDAAC-LeaderElection451: Election REJECTED; received 2 response(s) [05ace5f9-a5b7-4bc6-b4fa-26d4e24ae00c<-d92c9463-8e05-4a70-8cc7-1d31ae7ac64a#0:FAIL-t27, 05ace5f9-a5b7-4bc6-b4fa-26d4e24ae00c<-d7b60609-c805-4df6-8140-a27c681dae80#0:FAIL-t27] and 0 exception(s); 05ace5f9-a5b7-4bc6-b4fa-26d4e24ae00c@group-515877FFDAAC:t27, leader=null, voted=05ace5f9-a5b7-4bc6-b4fa-26d4e24ae00c, raftlog=05ace5f9-a5b7-4bc6-b4fa-26d4e24ae00c@group-515877FFDAAC-SegmentedRaftLog:OPENED:c-1,f-1,i0, conf=-1: [05ace5f9-a5b7-4bc6-b4fa-26d4e24ae00c:192.168.164.217:42356, d92c9463-8e05-4a70-8cc7-1d31ae7ac64a:192.168.164.217:37180, d7b60609-c805-4df6-8140-a27c681dae80:192.168.164.217:37880], old=null
2019-11-05 08:34:25,912 [05ace5f9-a5b7-4bc6-b4fa-26d4e24ae00c@group-515877FFDAAC-LeaderElection451] INFO  impl.RaftServerImpl (RaftServerImpl.java:setRole(184)) - 05ace5f9-a5b7-4bc6-b4fa-26d4e24ae00c@group-515877FFDAAC: changes role from CANDIDATE to FOLLOWER at term 27 for DISCOVERED_A_NEW_TERM
2019-11-05 08:34:25,912 [05ace5f9-a5b7-4bc6-b4fa-26d4e24ae00c@group-515877FFDAAC-LeaderElection451] INFO  impl.RoleInfo (RoleInfo.java:shutdownLeaderElection(134)) - 05ace5f9-a5b7-4bc6-b4fa-26d4e24ae00c: shutdown LeaderElection
2019-11-05 08:34:25,912 [05ace5f9-a5b7-4bc6-b4fa-26d4e24ae00c@group-515877FFDAAC-LeaderElection451] INFO  impl.RoleInfo (RoleInfo.java:updateAndGet(143)) - 05ace5f9-a5b7-4bc6-b4fa-26d4e24ae00c: start FollowerState
2019-11-05 08:34:26,010 [Thread-3728] INFO  impl.FollowerState (FollowerState.java:run(108)) - 05ace5f9-a5b7-4bc6-b4fa-26d4e24ae00c@group-515877FFDAAC-FollowerState: change to CANDIDATE, lastRpcTime:98ms, electionTimeout:98ms
2019-11-05 08:34:26,013 [Thread-3728] INFO  impl.RoleInfo (RoleInfo.java:shutdownFollowerState(121)) - 05ace5f9-a5b7-4bc6-b4fa-26d4e24ae00c: shutdown FollowerState
2019-11-05 08:34:26,013 [Thread-3728] INFO  impl.RaftServerImpl (RaftServerImpl.java:setRole(184)) - 05ace5f9-a5b7-4bc6-b4fa-26d4e24ae00c@group-515877FFDAAC: changes role from  FOLLOWER to CANDIDATE at term 27 for changeToCandidate
2019-11-05 08:34:26,013 [Thread-3728] INFO  impl.RoleInfo (RoleInfo.java:updateAndGet(143)) - 05ace5f9-a5b7-4bc6-b4fa-26d4e24ae00c: start LeaderElection
2019-11-05 08:34:26,027 [05ace5f9-a5b7-4bc6-b4fa-26d4e24ae00c@group-515877FFDAAC-LeaderElection452] INFO  impl.LeaderElection (LeaderElection.java:askForVotes(178)) - 05ace5f9-a5b7-4bc6-b4fa-26d4e24ae00c@group-515877FFDAAC-LeaderElection452: begin an election at term 28 for -1: [05ace5f9-a5b7-4bc6-b4fa-26d4e24ae00c:192.168.164.217:42356, d92c9463-8e05-4a70-8cc7-1d31ae7ac64a:192.168.164.217:37180, d7b60609-c805-4df6-8140-a27c681dae80:192.168.164.217:37880], old=null
2019-11-05 08:34:26,029 [grpc-default-executor-17] INFO  impl.RaftServerImpl (RaftServerImpl.java:setRole(184)) - d92c9463-8e05-4a70-8cc7-1d31ae7ac64a@group-515877FFDAAC: changes role from  FOLLOWER to FOLLOWER at term 28 for recognizeCandidate:05ace5f9-a5b7-4bc6-b4fa-26d4e24ae00c
2019-11-05 08:34:26,029 [grpc-default-executor-17] INFO  impl.RoleInfo (RoleInfo.java:shutdownFollowerState(121)) - d92c9463-8e05-4a70-8cc7-1d31ae7ac64a: shutdown FollowerState
2019-11-05 08:34:26,029 [grpc-default-executor-17] INFO  impl.RoleInfo (RoleInfo.java:updateAndGet(143)) - d92c9463-8e05-4a70-8cc7-1d31ae7ac64a: start FollowerState
2019-11-05 08:34:26,029 [Thread-3726] INFO  impl.FollowerState (FollowerState.java:run(117)) - d92c9463-8e05-4a70-8cc7-1d31ae7ac64a@group-515877FFDAAC-FollowerState was interrupted: java.lang.InterruptedException: sleep interrupted
2019-11-05 08:34:26,029 [grpc-default-executor-15] INFO  impl.RaftServerImpl (RaftServerImpl.java:setRole(184)) - d7b60609-c805-4df6-8140-a27c681dae80@group-515877FFDAAC: changes role from  FOLLOWER to FOLLOWER at term 28 for recognizeCandidate:05ace5f9-a5b7-4bc6-b4fa-26d4e24ae00c
2019-11-05 08:34:26,029 [grpc-default-executor-15] INFO  impl.RoleInfo (RoleInfo.java:shutdownFollowerState(121)) - d7b60609-c805-4df6-8140-a27c681dae80: shutdown FollowerState
2019-11-05 08:34:26,030 [grpc-default-executor-15] INFO  impl.RoleInfo (RoleInfo.java:updateAndGet(143)) - d7b60609-c805-4df6-8140-a27c681dae80: start FollowerState
2019-11-05 08:34:26,030 [Thread-3727] INFO  impl.FollowerState (FollowerState.java:run(117)) - d7b60609-c805-4df6-8140-a27c681dae80@group-515877FFDAAC-FollowerState was interrupted: java.lang.InterruptedException: sleep interrupted
2019-11-05 08:34:26,043 [05ace5f9-a5b7-4bc6-b4fa-26d4e24ae00c@group-515877FFDAAC-LeaderElection452] INFO  impl.LeaderElection (LeaderElection.java:logAndReturn(56)) - 05ace5f9-a5b7-4bc6-b4fa-26d4e24ae00c@group-515877FFDAAC-LeaderElection452: Election REJECTED; received 2 response(s) [05ace5f9-a5b7-4bc6-b4fa-26d4e24ae00c<-d92c9463-8e05-4a70-8cc7-1d31ae7ac64a#0:FAIL-t28, 05ace5f9-a5b7-4bc6-b4fa-26d4e24ae00c<-d7b60609-c805-4df6-8140-a27c681dae80#0:FAIL-t28] and 0 exception(s); 05ace5f9-a5b7-4bc6-b4fa-26d4e24ae00c@group-515877FFDAAC:t28, leader=null, voted=05ace5f9-a5b7-4bc6-b4fa-26d4e24ae00c, raftlog=05ace5f9-a5b7-4bc6-b4fa-26d4e24ae00c@group-515877FFDAAC-SegmentedRaftLog:OPENED:c-1,f-1,i0, conf=-1: [05ace5f9-a5b7-4bc6-b4fa-26d4e24ae00c:192.168.164.217:42356, d92c9463-8e05-4a70-8cc7-1d31ae7ac64a:192.168.164.217:37180, d7b60609-c805-4df6-8140-a27c681dae80:192.168.164.217:37880], old=null
2019-11-05 08:34:26,043 [05ace5f9-a5b7-4bc6-b4fa-26d4e24ae00c@group-515877FFDAAC-LeaderElection452] INFO  impl.RaftServerImpl (RaftServerImpl.java:setRole(184)) - 05ace5f9-a5b7-4bc6-b4fa-26d4e24ae00c@group-515877FFDAAC: changes role from CANDIDATE to FOLLOWER at term 28 for DISCOVERED_A_NEW_TERM
2019-11-05 08:34:26,044 [05ace5f9-a5b7-4bc6-b4fa-26d4e24ae00c@group-515877FFDAAC-LeaderElection452] INFO  impl.RoleInfo (RoleInfo.java:shutdownLeaderElection(134)) - 05ace5f9-a5b7-4bc6-b4fa-26d4e24ae00c: shutdown LeaderElection
2019-11-05 08:34:26,044 [05ace5f9-a5b7-4bc6-b4fa-26d4e24ae00c@group-515877FFDAAC-LeaderElection452] INFO  impl.RoleInfo (RoleInfo.java:updateAndGet(143)) - 05ace5f9-a5b7-4bc6-b4fa-26d4e24ae00c: start FollowerState
2019-11-05 08:34:26,109 [Thread-3736] INFO  impl.FollowerState (FollowerState.java:run(108)) - 05ace5f9-a5b7-4bc6-b4fa-26d4e24ae00c@group-515877FFDAAC-FollowerState: change to CANDIDATE, lastRpcTime:65ms, electionTimeout:65ms
2019-11-05 08:34:26,109 [Thread-3736] INFO  impl.RoleInfo (RoleInfo.java:shutdownFollowerState(121)) - 05ace5f9-a5b7-4bc6-b4fa-26d4e24ae00c: shutdown FollowerState
2019-11-05 08:34:26,109 [Thread-3736] INFO  impl.RaftServerImpl (RaftServerImpl.java:setRole(184)) - 05ace5f9-a5b7-4bc6-b4fa-26d4e24ae00c@group-515877FFDAAC: changes role from  FOLLOWER to CANDIDATE at term 28 for changeToCandidate
2019-11-05 08:34:26,110 [Thread-3736] INFO  impl.RoleInfo (RoleInfo.java:updateAndGet(143)) - 05ace5f9-a5b7-4bc6-b4fa-26d4e24ae00c: start LeaderElection
2019-11-05 08:34:26,123 [05ace5f9-a5b7-4bc6-b4fa-26d4e24ae00c@group-515877FFDAAC-LeaderElection453] INFO  impl.LeaderElection (LeaderElection.java:askForVotes(178)) - 05ace5f9-a5b7-4bc6-b4fa-26d4e24ae00c@group-515877FFDAAC-LeaderElection453: begin an election at term 29 for -1: [05ace5f9-a5b7-4bc6-b4fa-26d4e24ae00c:192.168.164.217:42356, d92c9463-8e05-4a70-8cc7-1d31ae7ac64a:192.168.164.217:37180, d7b60609-c805-4df6-8140-a27c681dae80:192.168.164.217:37880], old=null
2019-11-05 08:34:26,124 [grpc-default-executor-17] INFO  impl.RaftServerImpl (RaftServerImpl.java:setRole(184)) - d92c9463-8e05-4a70-8cc7-1d31ae7ac64a@group-515877FFDAAC: changes role from  FOLLOWER to FOLLOWER at term 29 for recognizeCandidate:05ace5f9-a5b7-4bc6-b4fa-26d4e24ae00c
2019-11-05 08:34:26,124 [grpc-default-executor-15] INFO  impl.RaftServerImpl (RaftServerImpl.java:setRole(184)) - d7b60609-c805-4df6-8140-a27c681dae80@group-515877FFDAAC: changes role from  FOLLOWER to FOLLOWER at term 29 for recognizeCandidate:05ace5f9-a5b7-4bc6-b4fa-26d4e24ae00c
2019-11-05 08:34:26,125 [grpc-default-executor-15] INFO  impl.RoleInfo (RoleInfo.java:shutdownFollowerState(121)) - d7b60609-c805-4df6-8140-a27c681dae80: shutdown FollowerState
2019-11-05 08:34:26,125 [grpc-default-executor-17] INFO  impl.RoleInfo (RoleInfo.java:shutdownFollowerState(121)) - d92c9463-8e05-4a70-8cc7-1d31ae7ac64a: shutdown FollowerState
2019-11-05 08:34:26,125 [Thread-3735] INFO  impl.FollowerState (FollowerState.java:run(117)) - d7b60609-c805-4df6-8140-a27c681dae80@group-515877FFDAAC-FollowerState was interrupted: java.lang.InterruptedException: sleep interrupted
2019-11-05 08:34:26,125 [grpc-default-executor-15] INFO  impl.RoleInfo (RoleInfo.java:updateAndGet(143)) - d7b60609-c805-4df6-8140-a27c681dae80: start FollowerState
2019-11-05 08:34:26,125 [Thread-3734] INFO  impl.FollowerState (FollowerState.java:run(117)) - d92c9463-8e05-4a70-8cc7-1d31ae7ac64a@group-515877FFDAAC-FollowerState was interrupted: java.lang.InterruptedException: sleep interrupted
2019-11-05 08:34:26,125 [grpc-default-executor-17] INFO  impl.RoleInfo (RoleInfo.java:updateAndGet(143)) - d92c9463-8e05-4a70-8cc7-1d31ae7ac64a: start FollowerState
2019-11-05 08:34:26,139 [05ace5f9-a5b7-4bc6-b4fa-26d4e24ae00c@group-515877FFDAAC-LeaderElection453] INFO  impl.LeaderElection (LeaderElection.java:logAndReturn(56)) - 05ace5f9-a5b7-4bc6-b4fa-26d4e24ae00c@group-515877FFDAAC-LeaderElection453: Election REJECTED; received 2 response(s) [05ace5f9-a5b7-4bc6-b4fa-26d4e24ae00c<-d92c9463-8e05-4a70-8cc7-1d31ae7ac64a#0:FAIL-t29, 05ace5f9-a5b7-4bc6-b4fa-26d4e24ae00c<-d7b60609-c805-4df6-8140-a27c681dae80#0:FAIL-t29] and 0 exception(s); 05ace5f9-a5b7-4bc6-b4fa-26d4e24ae00c@group-515877FFDAAC:t29, leader=null, voted=05ace5f9-a5b7-4bc6-b4fa-26d4e24ae00c, raftlog=05ace5f9-a5b7-4bc6-b4fa-26d4e24ae00c@group-515877FFDAAC-SegmentedRaftLog:OPENED:c-1,f-1,i0, conf=-1: [05ace5f9-a5b7-4bc6-b4fa-26d4e24ae00c:192.168.164.217:42356, d92c9463-8e05-4a70-8cc7-1d31ae7ac64a:192.168.164.217:37180, d7b60609-c805-4df6-8140-a27c681dae80:192.168.164.217:37880], old=null
2019-11-05 08:34:26,140 [05ace5f9-a5b7-4bc6-b4fa-26d4e24ae00c@group-515877FFDAAC-LeaderElection453] INFO  impl.RaftServerImpl (RaftServerImpl.java:setRole(184)) - 05ace5f9-a5b7-4bc6-b4fa-26d4e24ae00c@group-515877FFDAAC: changes role from CANDIDATE to FOLLOWER at term 29 for DISCOVERED_A_NEW_TERM
2019-11-05 08:34:26,140 [05ace5f9-a5b7-4bc6-b4fa-26d4e24ae00c@group-515877FFDAAC-LeaderElection453] INFO  impl.RoleInfo (RoleInfo.java:shutdownLeaderElection(134)) - 05ace5f9-a5b7-4bc6-b4fa-26d4e24ae00c: shutdown LeaderElection
2019-11-05 08:34:26,140 [05ace5f9-a5b7-4bc6-b4fa-26d4e24ae00c@group-515877FFDAAC-LeaderElection453] INFO  impl.RoleInfo (RoleInfo.java:updateAndGet(143)) - 05ace5f9-a5b7-4bc6-b4fa-26d4e24ae00c: start FollowerState
2019-11-05 08:34:26,205 [Thread-3742] INFO  impl.FollowerState (FollowerState.java:run(108)) - 05ace5f9-a5b7-4bc6-b4fa-26d4e24ae00c@group-515877FFDAAC-FollowerState: change to CANDIDATE, lastRpcTime:65ms, electionTimeout:65ms
2019-11-05 08:34:26,205 [Thread-3742] INFO  impl.RoleInfo (RoleInfo.java:shutdownFollowerState(121)) - 05ace5f9-a5b7-4bc6-b4fa-26d4e24ae00c: shutdown FollowerState
2019-11-05 08:34:26,205 [Thread-3742] INFO  impl.RaftServerImpl (RaftServerImpl.java:setRole(184)) - 05ace5f9-a5b7-4bc6-b4fa-26d4e24ae00c@group-515877FFDAAC: changes role from  FOLLOWER to CANDIDATE at term 29 for changeToCandidate
2019-11-05 08:34:26,206 [Thread-3742] INFO  impl.RoleInfo (RoleInfo.java:updateAndGet(143)) - 05ace5f9-a5b7-4bc6-b4fa-26d4e24ae00c: start LeaderElection
2019-11-05 08:34:26,227 [05ace5f9-a5b7-4bc6-b4fa-26d4e24ae00c@group-515877FFDAAC-LeaderElection454] INFO  impl.LeaderElection (LeaderElection.java:askForVotes(178)) - 05ace5f9-a5b7-4bc6-b4fa-26d4e24ae00c@group-515877FFDAAC-LeaderElection454: begin an election at term 30 for -1: [05ace5f9-a5b7-4bc6-b4fa-26d4e24ae00c:192.168.164.217:42356, d92c9463-8e05-4a70-8cc7-1d31ae7ac64a:192.168.164.217:37180, d7b60609-c805-4df6-8140-a27c681dae80:192.168.164.217:37880], old=null
2019-11-05 08:34:26,228 [grpc-default-executor-17] INFO  impl.RaftServerImpl (RaftServerImpl.java:setRole(184)) - d7b60609-c805-4df6-8140-a27c681dae80@group-515877FFDAAC: changes role from  FOLLOWER to FOLLOWER at term 30 for recognizeCandidate:05ace5f9-a5b7-4bc6-b4fa-26d4e24ae00c
2019-11-05 08:34:26,228 [grpc-default-executor-17] INFO  impl.RoleInfo (RoleInfo.java:shutdownFollowerState(121)) - d7b60609-c805-4df6-8140-a27c681dae80: shutdown FollowerState
2019-11-05 08:34:26,228 [grpc-default-executor-15] INFO  impl.RaftServerImpl (RaftServerImpl.java:setRole(184)) - d92c9463-8e05-4a70-8cc7-1d31ae7ac64a@group-515877FFDAAC: changes role from  FOLLOWER to FOLLOWER at term 30 for recognizeCandidate:05ace5f9-a5b7-4bc6-b4fa-26d4e24ae00c
2019-11-05 08:34:26,229 [grpc-default-executor-15] INFO  impl.RoleInfo (RoleInfo.java:shutdownFollowerState(121)) - d92c9463-8e05-4a70-8cc7-1d31ae7ac64a: shutdown FollowerState
2019-11-05 08:34:26,229 [Thread-3740] INFO  impl.FollowerState (FollowerState.java:run(117)) - d7b60609-c805-4df6-8140-a27c681dae80@group-515877FFDAAC-FollowerState was interrupted: java.lang.InterruptedException: sleep interrupted
2019-11-05 08:34:26,228 [grpc-default-executor-17] INFO  impl.RoleInfo (RoleInfo.java:updateAndGet(143)) - d7b60609-c805-4df6-8140-a27c681dae80: start FollowerState
2019-11-05 08:34:26,229 [Thread-3741] INFO  impl.FollowerState (FollowerState.java:run(117)) - d92c9463-8e05-4a70-8cc7-1d31ae7ac64a@group-515877FFDAAC-FollowerState was interrupted: java.lang.InterruptedException: sleep interrupted
2019-11-05 08:34:26,229 [grpc-default-executor-15] INFO  impl.RoleInfo (RoleInfo.java:updateAndGet(143)) - d92c9463-8e05-4a70-8cc7-1d31ae7ac64a: start FollowerState
2019-11-05 08:34:26,240 [05ace5f9-a5b7-4bc6-b4fa-26d4e24ae00c@group-515877FFDAAC-LeaderElection454] INFO  impl.LeaderElection (LeaderElection.java:logAndReturn(56)) - 05ace5f9-a5b7-4bc6-b4fa-26d4e24ae00c@group-515877FFDAAC-LeaderElection454: Election REJECTED; received 2 response(s) [05ace5f9-a5b7-4bc6-b4fa-26d4e24ae00c<-d92c9463-8e05-4a70-8cc7-1d31ae7ac64a#0:FAIL-t30, 05ace5f9-a5b7-4bc6-b4fa-26d4e24ae00c<-d7b60609-c805-4df6-8140-a27c681dae80#0:FAIL-t30] and 0 exception(s); 05ace5f9-a5b7-4bc6-b4fa-26d4e24ae00c@group-515877FFDAAC:t30, leader=null, voted=05ace5f9-a5b7-4bc6-b4fa-26d4e24ae00c, raftlog=05ace5f9-a5b7-4bc6-b4fa-26d4e24ae00c@group-515877FFDAAC-SegmentedRaftLog:OPENED:c-1,f-1,i0, conf=-1: [05ace5f9-a5b7-4bc6-b4fa-26d4e24ae00c:192.168.164.217:42356, d92c9463-8e05-4a70-8cc7-1d31ae7ac64a:192.168.164.217:37180, d7b60609-c805-4df6-8140-a27c681dae80:192.168.164.217:37880], old=null
2019-11-05 08:34:26,240 [05ace5f9-a5b7-4bc6-b4fa-26d4e24ae00c@group-515877FFDAAC-LeaderElection454] INFO  impl.RaftServerImpl (RaftServerImpl.java:setRole(184)) - 05ace5f9-a5b7-4bc6-b4fa-26d4e24ae00c@group-515877FFDAAC: changes role from CANDIDATE to FOLLOWER at term 30 for DISCOVERED_A_NEW_TERM
2019-11-05 08:34:26,240 [05ace5f9-a5b7-4bc6-b4fa-26d4e24ae00c@group-515877FFDAAC-LeaderElection454] INFO  impl.RoleInfo (RoleInfo.java:shutdownLeaderElection(134)) - 05ace5f9-a5b7-4bc6-b4fa-26d4e24ae00c: shutdown LeaderElection
2019-11-05 08:34:26,240 [05ace5f9-a5b7-4bc6-b4fa-26d4e24ae00c@group-515877FFDAAC-LeaderElection454] INFO  impl.RoleInfo (RoleInfo.java:updateAndGet(143)) - 05ace5f9-a5b7-4bc6-b4fa-26d4e24ae00c: start FollowerState
2019-11-05 08:34:26,261 [Thread-3750] INFO  impl.FollowerState (FollowerState.java:run(108)) - 05ace5f9-a5b7-4bc6-b4fa-26d4e24ae00c@group-515877FFDAAC-FollowerState: change to CANDIDATE, lastRpcTime:20ms, electionTimeout:20ms
2019-11-05 08:34:26,261 [Thread-3750] INFO  impl.RoleInfo (RoleInfo.java:shutdownFollowerState(121)) - 05ace5f9-a5b7-4bc6-b4fa-26d4e24ae00c: shutdown FollowerState
2019-11-05 08:34:26,261 [Thread-3750] INFO  impl.RaftServerImpl (RaftServerImpl.java:setRole(184)) - 05ace5f9-a5b7-4bc6-b4fa-26d4e24ae00c@group-515877FFDAAC: changes role from  FOLLOWER to CANDIDATE at term 30 for changeToCandidate
2019-11-05 08:34:26,261 [Thread-3750] INFO  impl.RoleInfo (RoleInfo.java:updateAndGet(143)) - 05ace5f9-a5b7-4bc6-b4fa-26d4e24ae00c: start LeaderElection
2019-11-05 08:34:26,274 [05ace5f9-a5b7-4bc6-b4fa-26d4e24ae00c@group-515877FFDAAC-LeaderElection455] INFO  impl.LeaderElection (LeaderElection.java:askForVotes(178)) - 05ace5f9-a5b7-4bc6-b4fa-26d4e24ae00c@group-515877FFDAAC-LeaderElection455: begin an election at term 31 for -1: [05ace5f9-a5b7-4bc6-b4fa-26d4e24ae00c:192.168.164.217:42356, d92c9463-8e05-4a70-8cc7-1d31ae7ac64a:192.168.164.217:37180, d7b60609-c805-4df6-8140-a27c681dae80:192.168.164.217:37880], old=null
2019-11-05 08:34:26,276 [grpc-default-executor-15] INFO  impl.RaftServerImpl (RaftServerImpl.java:setRole(184)) - d7b60609-c805-4df6-8140-a27c681dae80@group-515877FFDAAC: changes role from  FOLLOWER to FOLLOWER at term 31 for recognizeCandidate:05ace5f9-a5b7-4bc6-b4fa-26d4e24ae00c
2019-11-05 08:34:26,276 [grpc-default-executor-15] INFO  impl.RoleInfo (RoleInfo.java:shutdownFollowerState(121)) - d7b60609-c805-4df6-8140-a27c681dae80: shutdown FollowerState
2019-11-05 08:34:26,276 [grpc-default-executor-17] INFO  impl.RaftServerImpl (RaftServerImpl.java:setRole(184)) - d92c9463-8e05-4a70-8cc7-1d31ae7ac64a@group-515877FFDAAC: changes role from  FOLLOWER to FOLLOWER at term 31 for recognizeCandidate:05ace5f9-a5b7-4bc6-b4fa-26d4e24ae00c
2019-11-05 08:34:26,276 [grpc-default-executor-17] INFO  impl.RoleInfo (RoleInfo.java:shutdownFollowerState(121)) - d92c9463-8e05-4a70-8cc7-1d31ae7ac64a: shutdown FollowerState
2019-11-05 08:34:26,276 [Thread-3748] INFO  impl.FollowerState (FollowerState.java:run(117)) - d7b60609-c805-4df6-8140-a27c681dae80@group-515877FFDAAC-FollowerState was interrupted: java.lang.InterruptedException: sleep interrupted
2019-11-05 08:34:26,276 [grpc-default-executor-15] INFO  impl.RoleInfo (RoleInfo.java:updateAndGet(143)) - d7b60609-c805-4df6-8140-a27c681dae80: start FollowerState
2019-11-05 08:34:26,276 [Thread-3749] INFO  impl.FollowerState (FollowerState.java:run(117)) - d92c9463-8e05-4a70-8cc7-1d31ae7ac64a@group-515877FFDAAC-FollowerState was interrupted: java.lang.InterruptedException: sleep interrupted
2019-11-05 08:34:26,276 [grpc-default-executor-17] INFO  impl.RoleInfo (RoleInfo.java:updateAndGet(143)) - d92c9463-8e05-4a70-8cc7-1d31ae7ac64a: start FollowerState
2019-11-05 08:34:26,290 [05ace5f9-a5b7-4bc6-b4fa-26d4e24ae00c@group-515877FFDAAC-LeaderElection455] INFO  impl.LeaderElection (LeaderElection.java:logAndReturn(56)) - 05ace5f9-a5b7-4bc6-b4fa-26d4e24ae00c@group-515877FFDAAC-LeaderElection455: Election REJECTED; received 2 response(s) [05ace5f9-a5b7-4bc6-b4fa-26d4e24ae00c<-d92c9463-8e05-4a70-8cc7-1d31ae7ac64a#0:FAIL-t31, 05ace5f9-a5b7-4bc6-b4fa-26d4e24ae00c<-d7b60609-c805-4df6-8140-a27c681dae80#0:FAIL-t31] and 0 exception(s); 05ace5f9-a5b7-4bc6-b4fa-26d4e24ae00c@group-515877FFDAAC:t31, leader=null, voted=05ace5f9-a5b7-4bc6-b4fa-26d4e24ae00c, raftlog=05ace5f9-a5b7-4bc6-b4fa-26d4e24ae00c@group-515877FFDAAC-SegmentedRaftLog:OPENED:c-1,f-1,i0, conf=-1: [05ace5f9-a5b7-4bc6-b4fa-26d4e24ae00c:192.168.164.217:42356, d92c9463-8e05-4a70-8cc7-1d31ae7ac64a:192.168.164.217:37180, d7b60609-c805-4df6-8140-a27c681dae80:192.168.164.217:37880], old=null
2019-11-05 08:34:26,290 [05ace5f9-a5b7-4bc6-b4fa-26d4e24ae00c@group-515877FFDAAC-LeaderElection455] INFO  impl.RaftServerImpl (RaftServerImpl.java:setRole(184)) - 05ace5f9-a5b7-4bc6-b4fa-26d4e24ae00c@group-515877FFDAAC: changes role from CANDIDATE to FOLLOWER at term 31 for DISCOVERED_A_NEW_TERM
2019-11-05 08:34:26,291 [05ace5f9-a5b7-4bc6-b4fa-26d4e24ae00c@group-515877FFDAAC-LeaderElection455] INFO  impl.RoleInfo (RoleInfo.java:shutdownLeaderElection(134)) - 05ace5f9-a5b7-4bc6-b4fa-26d4e24ae00c: shutdown LeaderElection
2019-11-05 08:34:26,291 [05ace5f9-a5b7-4bc6-b4fa-26d4e24ae00c@group-515877FFDAAC-LeaderElection455] INFO  impl.RoleInfo (RoleInfo.java:updateAndGet(143)) - 05ace5f9-a5b7-4bc6-b4fa-26d4e24ae00c: start FollowerState
2019-11-05 08:34:26,331 [Thread-3756] INFO  impl.FollowerState (FollowerState.java:run(108)) - 05ace5f9-a5b7-4bc6-b4fa-26d4e24ae00c@group-515877FFDAAC-FollowerState: change to CANDIDATE, lastRpcTime:40ms, electionTimeout:40ms
2019-11-05 08:34:26,331 [Thread-3756] INFO  impl.RoleInfo (RoleInfo.java:shutdownFollowerState(121)) - 05ace5f9-a5b7-4bc6-b4fa-26d4e24ae00c: shutdown FollowerState
2019-11-05 08:34:26,331 [Thread-3756] INFO  impl.RaftServerImpl (RaftServerImpl.java:setRole(184)) - 05ace5f9-a5b7-4bc6-b4fa-26d4e24ae00c@group-515877FFDAAC: changes role from  FOLLOWER to CANDIDATE at term 31 for changeToCandidate
2019-11-05 08:34:26,331 [Thread-3756] INFO  impl.RoleInfo (RoleInfo.java:updateAndGet(143)) - 05ace5f9-a5b7-4bc6-b4fa-26d4e24ae00c: start LeaderElection
2019-11-05 08:34:26,346 [05ace5f9-a5b7-4bc6-b4fa-26d4e24ae00c@group-515877FFDAAC-LeaderElection456] INFO  impl.LeaderElection (LeaderElection.java:askForVotes(178)) - 05ace5f9-a5b7-4bc6-b4fa-26d4e24ae00c@group-515877FFDAAC-LeaderElection456: begin an election at term 32 for -1: [05ace5f9-a5b7-4bc6-b4fa-26d4e24ae00c:192.168.164.217:42356, d92c9463-8e05-4a70-8cc7-1d31ae7ac64a:192.168.164.217:37180, d7b60609-c805-4df6-8140-a27c681dae80:192.168.164.217:37880], old=null
2019-11-05 08:34:26,348 [grpc-default-executor-15] INFO  impl.RaftServerImpl (RaftServerImpl.java:setRole(184)) - d92c9463-8e05-4a70-8cc7-1d31ae7ac64a@group-515877FFDAAC: changes role from  FOLLOWER to FOLLOWER at term 32 for recognizeCandidate:05ace5f9-a5b7-4bc6-b4fa-26d4e24ae00c
2019-11-05 08:34:26,348 [grpc-default-executor-15] INFO  impl.RoleInfo (RoleInfo.java:shutdownFollowerState(121)) - d92c9463-8e05-4a70-8cc7-1d31ae7ac64a: shutdown FollowerState
2019-11-05 08:34:26,348 [grpc-default-executor-17] INFO  impl.RaftServerImpl (RaftServerImpl.java:setRole(184)) - d7b60609-c805-4df6-8140-a27c681dae80@group-515877FFDAAC: changes role from  FOLLOWER to FOLLOWER at term 32 for recognizeCandidate:05ace5f9-a5b7-4bc6-b4fa-26d4e24ae00c
2019-11-05 08:34:26,348 [Thread-3755] INFO  impl.FollowerState (FollowerState.java:run(117)) - d92c9463-8e05-4a70-8cc7-1d31ae7ac64a@group-515877FFDAAC-FollowerState was interrupted: java.lang.InterruptedException: sleep interrupted
2019-11-05 08:34:26,348 [grpc-default-executor-15] INFO  impl.RoleInfo (RoleInfo.java:updateAndGet(143)) - d92c9463-8e05-4a70-8cc7-1d31ae7ac64a: start FollowerState
2019-11-05 08:34:26,348 [grpc-default-executor-17] INFO  impl.RoleInfo (RoleInfo.java:shutdownFollowerState(121)) - d7b60609-c805-4df6-8140-a27c681dae80: shutdown FollowerState
2019-11-05 08:34:26,348 [grpc-default-executor-17] INFO  impl.RoleInfo (RoleInfo.java:updateAndGet(143)) - d7b60609-c805-4df6-8140-a27c681dae80: start FollowerState
2019-11-05 08:34:26,348 [Thread-3754] INFO  impl.FollowerState (FollowerState.java:run(117)) - d7b60609-c805-4df6-8140-a27c681dae80@group-515877FFDAAC-FollowerState was interrupted: java.lang.InterruptedException: sleep interrupted
2019-11-05 08:34:26,362 [05ace5f9-a5b7-4bc6-b4fa-26d4e24ae00c@group-515877FFDAAC-LeaderElection456] INFO  impl.LeaderElection (LeaderElection.java:logAndReturn(56)) - 05ace5f9-a5b7-4bc6-b4fa-26d4e24ae00c@group-515877FFDAAC-LeaderElection456: Election REJECTED; received 2 response(s) [05ace5f9-a5b7-4bc6-b4fa-26d4e24ae00c<-d92c9463-8e05-4a70-8cc7-1d31ae7ac64a#0:FAIL-t32, 05ace5f9-a5b7-4bc6-b4fa-26d4e24ae00c<-d7b60609-c805-4df6-8140-a27c681dae80#0:FAIL-t32] and 0 exception(s); 05ace5f9-a5b7-4bc6-b4fa-26d4e24ae00c@group-515877FFDAAC:t32, leader=null, voted=05ace5f9-a5b7-4bc6-b4fa-26d4e24ae00c, raftlog=05ace5f9-a5b7-4bc6-b4fa-26d4e24ae00c@group-515877FFDAAC-SegmentedRaftLog:OPENED:c-1,f-1,i0, conf=-1: [05ace5f9-a5b7-4bc6-b4fa-26d4e24ae00c:192.168.164.217:42356, d92c9463-8e05-4a70-8cc7-1d31ae7ac64a:192.168.164.217:37180, d7b60609-c805-4df6-8140-a27c681dae80:192.168.164.217:37880], old=null
2019-11-05 08:34:26,362 [05ace5f9-a5b7-4bc6-b4fa-26d4e24ae00c@group-515877FFDAAC-LeaderElection456] INFO  impl.RaftServerImpl (RaftServerImpl.java:setRole(184)) - 05ace5f9-a5b7-4bc6-b4fa-26d4e24ae00c@group-515877FFDAAC: changes role from CANDIDATE to FOLLOWER at term 32 for DISCOVERED_A_NEW_TERM
2019-11-05 08:34:26,362 [05ace5f9-a5b7-4bc6-b4fa-26d4e24ae00c@group-515877FFDAAC-LeaderElection456] INFO  impl.RoleInfo (RoleInfo.java:shutdownLeaderElection(134)) - 05ace5f9-a5b7-4bc6-b4fa-26d4e24ae00c: shutdown LeaderElection
2019-11-05 08:34:26,362 [05ace5f9-a5b7-4bc6-b4fa-26d4e24ae00c@group-515877FFDAAC-LeaderElection456] INFO  impl.RoleInfo (RoleInfo.java:updateAndGet(143)) - 05ace5f9-a5b7-4bc6-b4fa-26d4e24ae00c: start FollowerState
2019-11-05 08:34:26,527 [Thread-3764] INFO  impl.FollowerState (FollowerState.java:run(108)) - 05ace5f9-a5b7-4bc6-b4fa-26d4e24ae00c@group-515877FFDAAC-FollowerState: change to CANDIDATE, lastRpcTime:164ms, electionTimeout:164ms
2019-11-05 08:34:26,527 [Thread-3764] INFO  impl.RoleInfo (RoleInfo.java:shutdownFollowerState(121)) - 05ace5f9-a5b7-4bc6-b4fa-26d4e24ae00c: shutdown FollowerState
2019-11-05 08:34:26,527 [Thread-3764] INFO  impl.RaftServerImpl (RaftServerImpl.java:setRole(184)) - 05ace5f9-a5b7-4bc6-b4fa-26d4e24ae00c@group-515877FFDAAC: changes role from  FOLLOWER to CANDIDATE at term 32 for changeToCandidate
2019-11-05 08:34:26,527 [Thread-3764] INFO  impl.RoleInfo (RoleInfo.java:updateAndGet(143)) - 05ace5f9-a5b7-4bc6-b4fa-26d4e24ae00c: start LeaderElection
2019-11-05 08:34:26,546 [05ace5f9-a5b7-4bc6-b4fa-26d4e24ae00c@group-515877FFDAAC-LeaderElection457] INFO  impl.LeaderElection (LeaderElection.java:askForVotes(178)) - 05ace5f9-a5b7-4bc6-b4fa-26d4e24ae00c@group-515877FFDAAC-LeaderElection457: begin an election at term 33 for -1: [05ace5f9-a5b7-4bc6-b4fa-26d4e24ae00c:192.168.164.217:42356, d92c9463-8e05-4a70-8cc7-1d31ae7ac64a:192.168.164.217:37180, d7b60609-c805-4df6-8140-a27c681dae80:192.168.164.217:37880], old=null
2019-11-05 08:34:26,547 [grpc-default-executor-15] INFO  impl.RaftServerImpl (RaftServerImpl.java:setRole(184)) - d92c9463-8e05-4a70-8cc7-1d31ae7ac64a@group-515877FFDAAC: changes role from  FOLLOWER to FOLLOWER at term 33 for recognizeCandidate:05ace5f9-a5b7-4bc6-b4fa-26d4e24ae00c
2019-11-05 08:34:26,547 [grpc-default-executor-15] INFO  impl.RoleInfo (RoleInfo.java:shutdownFollowerState(121)) - d92c9463-8e05-4a70-8cc7-1d31ae7ac64a: shutdown FollowerState
2019-11-05 08:34:26,548 [grpc-default-executor-17] INFO  impl.RaftServerImpl (RaftServerImpl.java:setRole(184)) - d7b60609-c805-4df6-8140-a27c681dae80@group-515877FFDAAC: changes role from  FOLLOWER to FOLLOWER at term 33 for recognizeCandidate:05ace5f9-a5b7-4bc6-b4fa-26d4e24ae00c
2019-11-05 08:34:26,548 [grpc-default-executor-17] INFO  impl.RoleInfo (RoleInfo.java:shutdownFollowerState(121)) - d7b60609-c805-4df6-8140-a27c681dae80: shutdown FollowerState
2019-11-05 08:34:26,548 [Thread-3762] INFO  impl.FollowerState (FollowerState.java:run(117)) - d92c9463-8e05-4a70-8cc7-1d31ae7ac64a@group-515877FFDAAC-FollowerState was interrupted: java.lang.InterruptedException: sleep interrupted
2019-11-05 08:34:26,548 [grpc-default-executor-15] INFO  impl.RoleInfo (RoleInfo.java:updateAndGet(143)) - d92c9463-8e05-4a70-8cc7-1d31ae7ac64a: start FollowerState
2019-11-05 08:34:26,548 [grpc-default-executor-17] INFO  impl.RoleInfo (RoleInfo.java:updateAndGet(143)) - d7b60609-c805-4df6-8140-a27c681dae80: start FollowerState
2019-11-05 08:34:26,548 [Thread-3763] INFO  impl.FollowerState (FollowerState.java:run(117)) - d7b60609-c805-4df6-8140-a27c681dae80@group-515877FFDAAC-FollowerState was interrupted: java.lang.InterruptedException: sleep interrupted
2019-11-05 08:34:26,563 [05ace5f9-a5b7-4bc6-b4fa-26d4e24ae00c@group-515877FFDAAC-LeaderElection457] INFO  impl.LeaderElection (LeaderElection.java:logAndReturn(56)) - 05ace5f9-a5b7-4bc6-b4fa-26d4e24ae00c@group-515877FFDAAC-LeaderElection457: Election REJECTED; received 2 response(s) [05ace5f9-a5b7-4bc6-b4fa-26d4e24ae00c<-d92c9463-8e05-4a70-8cc7-1d31ae7ac64a#0:FAIL-t33, 05ace5f9-a5b7-4bc6-b4fa-26d4e24ae00c<-d7b60609-c805-4df6-8140-a27c681dae80#0:FAIL-t33] and 0 exception(s); 05ace5f9-a5b7-4bc6-b4fa-26d4e24ae00c@group-515877FFDAAC:t33, leader=null, voted=05ace5f9-a5b7-4bc6-b4fa-26d4e24ae00c, raftlog=05ace5f9-a5b7-4bc6-b4fa-26d4e24ae00c@group-515877FFDAAC-SegmentedRaftLog:OPENED:c-1,f-1,i0, conf=-1: [05ace5f9-a5b7-4bc6-b4fa-26d4e24ae00c:192.168.164.217:42356, d92c9463-8e05-4a70-8cc7-1d31ae7ac64a:192.168.164.217:37180, d7b60609-c805-4df6-8140-a27c681dae80:192.168.164.217:37880], old=null
2019-11-05 08:34:26,563 [05ace5f9-a5b7-4bc6-b4fa-26d4e24ae00c@group-515877FFDAAC-LeaderElection457] INFO  impl.RaftServerImpl (RaftServerImpl.java:setRole(184)) - 05ace5f9-a5b7-4bc6-b4fa-26d4e24ae00c@group-515877FFDAAC: changes role from CANDIDATE to FOLLOWER at term 33 for DISCOVERED_A_NEW_TERM
2019-11-05 08:34:26,563 [05ace5f9-a5b7-4bc6-b4fa-26d4e24ae00c@group-515877FFDAAC-LeaderElection457] INFO  impl.RoleInfo (RoleInfo.java:shutdownLeaderElection(134)) - 05ace5f9-a5b7-4bc6-b4fa-26d4e24ae00c: shutdown LeaderElection
2019-11-05 08:34:26,563 [05ace5f9-a5b7-4bc6-b4fa-26d4e24ae00c@group-515877FFDAAC-LeaderElection457] INFO  impl.RoleInfo (RoleInfo.java:updateAndGet(143)) - 05ace5f9-a5b7-4bc6-b4fa-26d4e24ae00c: start FollowerState
2019-11-05 08:34:26,722 [Thread-3770] INFO  impl.FollowerState (FollowerState.java:run(108)) - 05ace5f9-a5b7-4bc6-b4fa-26d4e24ae00c@group-515877FFDAAC-FollowerState: change to CANDIDATE, lastRpcTime:158ms, electionTimeout:158ms
2019-11-05 08:34:26,722 [Thread-3770] INFO  impl.RoleInfo (RoleInfo.java:shutdownFollowerState(121)) - 05ace5f9-a5b7-4bc6-b4fa-26d4e24ae00c: shutdown FollowerState
2019-11-05 08:34:26,722 [Thread-3770] INFO  impl.RaftServerImpl (RaftServerImpl.java:setRole(184)) - 05ace5f9-a5b7-4bc6-b4fa-26d4e24ae00c@group-515877FFDAAC: changes role from  FOLLOWER to CANDIDATE at term 33 for changeToCandidate
2019-11-05 08:34:26,722 [Thread-3770] INFO  impl.RoleInfo (RoleInfo.java:updateAndGet(143)) - 05ace5f9-a5b7-4bc6-b4fa-26d4e24ae00c: start LeaderElection
2019-11-05 08:34:26,736 [05ace5f9-a5b7-4bc6-b4fa-26d4e24ae00c@group-515877FFDAAC-LeaderElection458] INFO  impl.LeaderElection (LeaderElection.java:askForVotes(178)) - 05ace5f9-a5b7-4bc6-b4fa-26d4e24ae00c@group-515877FFDAAC-LeaderElection458: begin an election at term 34 for -1: [05ace5f9-a5b7-4bc6-b4fa-26d4e24ae00c:192.168.164.217:42356, d92c9463-8e05-4a70-8cc7-1d31ae7ac64a:192.168.164.217:37180, d7b60609-c805-4df6-8140-a27c681dae80:192.168.164.217:37880], old=null
2019-11-05 08:34:26,737 [grpc-default-executor-17] INFO  impl.RaftServerImpl (RaftServerImpl.java:setRole(184)) - d92c9463-8e05-4a70-8cc7-1d31ae7ac64a@group-515877FFDAAC: changes role from  FOLLOWER to FOLLOWER at term 34 for recognizeCandidate:05ace5f9-a5b7-4bc6-b4fa-26d4e24ae00c
2019-11-05 08:34:26,738 [grpc-default-executor-17] INFO  impl.RoleInfo (RoleInfo.java:shutdownFollowerState(121)) - d92c9463-8e05-4a70-8cc7-1d31ae7ac64a: shutdown FollowerState
2019-11-05 08:34:26,738 [grpc-default-executor-17] INFO  impl.RoleInfo (RoleInfo.java:updateAndGet(143)) - d92c9463-8e05-4a70-8cc7-1d31ae7ac64a: start FollowerState
2019-11-05 08:34:26,738 [Thread-3768] INFO  impl.FollowerState (FollowerState.java:run(117)) - d92c9463-8e05-4a70-8cc7-1d31ae7ac64a@group-515877FFDAAC-FollowerState was interrupted: java.lang.InterruptedException: sleep interrupted
2019-11-05 08:34:26,738 [grpc-default-executor-15] INFO  impl.RaftServerImpl (RaftServerImpl.java:setRole(184)) - d7b60609-c805-4df6-8140-a27c681dae80@group-515877FFDAAC: changes role from  FOLLOWER to FOLLOWER at term 34 for recognizeCandidate:05ace5f9-a5b7-4bc6-b4fa-26d4e24ae00c
2019-11-05 08:34:26,738 [grpc-default-executor-15] INFO  impl.RoleInfo (RoleInfo.java:shutdownFollowerState(121)) - d7b60609-c805-4df6-8140-a27c681dae80: shutdown FollowerState
2019-11-05 08:34:26,738 [grpc-default-executor-15] INFO  impl.RoleInfo (RoleInfo.java:updateAndGet(143)) - d7b60609-c805-4df6-8140-a27c681dae80: start FollowerState
2019-11-05 08:34:26,738 [Thread-3769] INFO  impl.FollowerState (FollowerState.java:run(117)) - d7b60609-c805-4df6-8140-a27c681dae80@group-515877FFDAAC-FollowerState was interrupted: java.lang.InterruptedException: sleep interrupted
2019-11-05 08:34:26,752 [05ace5f9-a5b7-4bc6-b4fa-26d4e24ae00c@group-515877FFDAAC-LeaderElection458] INFO  impl.LeaderElection (LeaderElection.java:logAndReturn(56)) - 05ace5f9-a5b7-4bc6-b4fa-26d4e24ae00c@group-515877FFDAAC-LeaderElection458: Election REJECTED; received 2 response(s) [05ace5f9-a5b7-4bc6-b4fa-26d4e24ae00c<-d92c9463-8e05-4a70-8cc7-1d31ae7ac64a#0:FAIL-t34, 05ace5f9-a5b7-4bc6-b4fa-26d4e24ae00c<-d7b60609-c805-4df6-8140-a27c681dae80#0:FAIL-t34] and 0 exception(s); 05ace5f9-a5b7-4bc6-b4fa-26d4e24ae00c@group-515877FFDAAC:t34, leader=null, voted=05ace5f9-a5b7-4bc6-b4fa-26d4e24ae00c, raftlog=05ace5f9-a5b7-4bc6-b4fa-26d4e24ae00c@group-515877FFDAAC-SegmentedRaftLog:OPENED:c-1,f-1,i0, conf=-1: [05ace5f9-a5b7-4bc6-b4fa-26d4e24ae00c:192.168.164.217:42356, d92c9463-8e05-4a70-8cc7-1d31ae7ac64a:192.168.164.217:37180, d7b60609-c805-4df6-8140-a27c681dae80:192.168.164.217:37880], old=null
2019-11-05 08:34:26,752 [05ace5f9-a5b7-4bc6-b4fa-26d4e24ae00c@group-515877FFDAAC-LeaderElection458] INFO  impl.RaftServerImpl (RaftServerImpl.java:setRole(184)) - 05ace5f9-a5b7-4bc6-b4fa-26d4e24ae00c@group-515877FFDAAC: changes role from CANDIDATE to FOLLOWER at term 34 for DISCOVERED_A_NEW_TERM
2019-11-05 08:34:26,752 [05ace5f9-a5b7-4bc6-b4fa-26d4e24ae00c@group-515877FFDAAC-LeaderElection458] INFO  impl.RoleInfo (RoleInfo.java:shutdownLeaderElection(134)) - 05ace5f9-a5b7-4bc6-b4fa-26d4e24ae00c: shutdown LeaderElection
2019-11-05 08:34:26,752 [05ace5f9-a5b7-4bc6-b4fa-26d4e24ae00c@group-515877FFDAAC-LeaderElection458] INFO  impl.RoleInfo (RoleInfo.java:updateAndGet(143)) - 05ace5f9-a5b7-4bc6-b4fa-26d4e24ae00c: start FollowerState
2019-11-05 08:34:26,792 [Thread-3778] INFO  impl.FollowerState (FollowerState.java:run(108)) - 05ace5f9-a5b7-4bc6-b4fa-26d4e24ae00c@group-515877FFDAAC-FollowerState: change to CANDIDATE, lastRpcTime:40ms, electionTimeout:40ms
2019-11-05 08:34:26,793 [Thread-3778] INFO  impl.RoleInfo (RoleInfo.java:shutdownFollowerState(121)) - 05ace5f9-a5b7-4bc6-b4fa-26d4e24ae00c: shutdown FollowerState
2019-11-05 08:34:26,793 [Thread-3778] INFO  impl.RaftServerImpl (RaftServerImpl.java:setRole(184)) - 05ace5f9-a5b7-4bc6-b4fa-26d4e24ae00c@group-515877FFDAAC: changes role from  FOLLOWER to CANDIDATE at term 34 for changeToCandidate
2019-11-05 08:34:26,793 [Thread-3778] INFO  impl.RoleInfo (RoleInfo.java:updateAndGet(143)) - 05ace5f9-a5b7-4bc6-b4fa-26d4e24ae00c: start LeaderElection
2019-11-05 08:34:26,806 [05ace5f9-a5b7-4bc6-b4fa-26d4e24ae00c@group-515877FFDAAC-LeaderElection459] INFO  impl.LeaderElection (LeaderElection.java:askForVotes(178)) - 05ace5f9-a5b7-4bc6-b4fa-26d4e24ae00c@group-515877FFDAAC-LeaderElection459: begin an election at term 35 for -1: [05ace5f9-a5b7-4bc6-b4fa-26d4e24ae00c:192.168.164.217:42356, d92c9463-8e05-4a70-8cc7-1d31ae7ac64a:192.168.164.217:37180, d7b60609-c805-4df6-8140-a27c681dae80:192.168.164.217:37880], old=null
2019-11-05 08:34:26,807 [grpc-default-executor-15] INFO  impl.RaftServerImpl (RaftServerImpl.java:setRole(184)) - d92c9463-8e05-4a70-8cc7-1d31ae7ac64a@group-515877FFDAAC: changes role from  FOLLOWER to FOLLOWER at term 35 for recognizeCandidate:05ace5f9-a5b7-4bc6-b4fa-26d4e24ae00c
2019-11-05 08:34:26,807 [grpc-default-executor-15] INFO  impl.RoleInfo (RoleInfo.java:shutdownFollowerState(121)) - d92c9463-8e05-4a70-8cc7-1d31ae7ac64a: shutdown FollowerState
2019-11-05 08:34:26,807 [grpc-default-executor-15] INFO  impl.RoleInfo (RoleInfo.java:updateAndGet(143)) - d92c9463-8e05-4a70-8cc7-1d31ae7ac64a: start FollowerState
2019-11-05 08:34:26,807 [Thread-3776] INFO  impl.FollowerState (FollowerState.java:run(117)) - d92c9463-8e05-4a70-8cc7-1d31ae7ac64a@group-515877FFDAAC-FollowerState was interrupted: java.lang.InterruptedException: sleep interrupted
2019-11-05 08:34:26,807 [grpc-default-executor-17] INFO  impl.RaftServerImpl (RaftServerImpl.java:setRole(184)) - d7b60609-c805-4df6-8140-a27c681dae80@group-515877FFDAAC: changes role from  FOLLOWER to FOLLOWER at term 35 for recognizeCandidate:05ace5f9-a5b7-4bc6-b4fa-26d4e24ae00c
2019-11-05 08:34:26,808 [grpc-default-executor-17] INFO  impl.RoleInfo (RoleInfo.java:shutdownFollowerState(121)) - d7b60609-c805-4df6-8140-a27c681dae80: shutdown FollowerState
2019-11-05 08:34:26,808 [grpc-default-executor-17] INFO  impl.RoleInfo (RoleInfo.java:updateAndGet(143)) - d7b60609-c805-4df6-8140-a27c681dae80: start FollowerState
2019-11-05 08:34:26,808 [Thread-3777] INFO  impl.FollowerState (FollowerState.java:run(117)) - d7b60609-c805-4df6-8140-a27c681dae80@group-515877FFDAAC-FollowerState was interrupted: java.lang.InterruptedException: sleep interrupted
2019-11-05 08:34:26,826 [05ace5f9-a5b7-4bc6-b4fa-26d4e24ae00c@group-515877FFDAAC-LeaderElection459] INFO  impl.LeaderElection (LeaderElection.java:logAndReturn(56)) - 05ace5f9-a5b7-4bc6-b4fa-26d4e24ae00c@group-515877FFDAAC-LeaderElection459: Election REJECTED; received 2 response(s) [05ace5f9-a5b7-4bc6-b4fa-26d4e24ae00c<-d92c9463-8e05-4a70-8cc7-1d31ae7ac64a#0:FAIL-t35, 05ace5f9-a5b7-4bc6-b4fa-26d4e24ae00c<-d7b60609-c805-4df6-8140-a27c681dae80#0:FAIL-t35] and 0 exception(s); 05ace5f9-a5b7-4bc6-b4fa-26d4e24ae00c@group-515877FFDAAC:t35, leader=null, voted=05ace5f9-a5b7-4bc6-b4fa-26d4e24ae00c, raftlog=05ace5f9-a5b7-4bc6-b4fa-26d4e24ae00c@group-515877FFDAAC-SegmentedRaftLog:OPENED:c-1,f-1,i0, conf=-1: [05ace5f9-a5b7-4bc6-b4fa-26d4e24ae00c:192.168.164.217:42356, d92c9463-8e05-4a70-8cc7-1d31ae7ac64a:192.168.164.217:37180, d7b60609-c805-4df6-8140-a27c681dae80:192.168.164.217:37880], old=null
2019-11-05 08:34:26,826 [05ace5f9-a5b7-4bc6-b4fa-26d4e24ae00c@group-515877FFDAAC-LeaderElection459] INFO  impl.RaftServerImpl (RaftServerImpl.java:setRole(184)) - 05ace5f9-a5b7-4bc6-b4fa-26d4e24ae00c@group-515877FFDAAC: changes role from CANDIDATE to FOLLOWER at term 35 for DISCOVERED_A_NEW_TERM
2019-11-05 08:34:26,826 [05ace5f9-a5b7-4bc6-b4fa-26d4e24ae00c@group-515877FFDAAC-LeaderElection459] INFO  impl.RoleInfo (RoleInfo.java:shutdownLeaderElection(134)) - 05ace5f9-a5b7-4bc6-b4fa-26d4e24ae00c: shutdown LeaderElection
2019-11-05 08:34:26,826 [05ace5f9-a5b7-4bc6-b4fa-26d4e24ae00c@group-515877FFDAAC-LeaderElection459] INFO  impl.RoleInfo (RoleInfo.java:updateAndGet(143)) - 05ace5f9-a5b7-4bc6-b4fa-26d4e24ae00c: start FollowerState
2019-11-05 08:34:26,973 [Thread-3784] INFO  impl.FollowerState (FollowerState.java:run(108)) - 05ace5f9-a5b7-4bc6-b4fa-26d4e24ae00c@group-515877FFDAAC-FollowerState: change to CANDIDATE, lastRpcTime:147ms, electionTimeout:147ms
2019-11-05 08:34:26,973 [Thread-3784] INFO  impl.RoleInfo (RoleInfo.java:shutdownFollowerState(121)) - 05ace5f9-a5b7-4bc6-b4fa-26d4e24ae00c: shutdown FollowerState
2019-11-05 08:34:26,974 [Thread-3784] INFO  impl.RaftServerImpl (RaftServerImpl.java:setRole(184)) - 05ace5f9-a5b7-4bc6-b4fa-26d4e24ae00c@group-515877FFDAAC: changes role from  FOLLOWER to CANDIDATE at term 35 for changeToCandidate
2019-11-05 08:34:26,974 [Thread-3784] INFO  impl.RoleInfo (RoleInfo.java:updateAndGet(143)) - 05ace5f9-a5b7-4bc6-b4fa-26d4e24ae00c: start LeaderElection
2019-11-05 08:34:26,988 [05ace5f9-a5b7-4bc6-b4fa-26d4e24ae00c@group-515877FFDAAC-LeaderElection460] INFO  impl.LeaderElection (LeaderElection.java:askForVotes(178)) - 05ace5f9-a5b7-4bc6-b4fa-26d4e24ae00c@group-515877FFDAAC-LeaderElection460: begin an election at term 36 for -1: [05ace5f9-a5b7-4bc6-b4fa-26d4e24ae00c:192.168.164.217:42356, d92c9463-8e05-4a70-8cc7-1d31ae7ac64a:192.168.164.217:37180, d7b60609-c805-4df6-8140-a27c681dae80:192.168.164.217:37880], old=null
2019-11-05 08:34:26,990 [grpc-default-executor-17] INFO  impl.RaftServerImpl (RaftServerImpl.java:setRole(184)) - d92c9463-8e05-4a70-8cc7-1d31ae7ac64a@group-515877FFDAAC: changes role from  FOLLOWER to FOLLOWER at term 36 for recognizeCandidate:05ace5f9-a5b7-4bc6-b4fa-26d4e24ae00c
2019-11-05 08:34:26,990 [grpc-default-executor-15] INFO  impl.RaftServerImpl (RaftServerImpl.java:setRole(184)) - d7b60609-c805-4df6-8140-a27c681dae80@group-515877FFDAAC: changes role from  FOLLOWER to FOLLOWER at term 36 for recognizeCandidate:05ace5f9-a5b7-4bc6-b4fa-26d4e24ae00c
2019-11-05 08:34:26,990 [grpc-default-executor-15] INFO  impl.RoleInfo (RoleInfo.java:shutdownFollowerState(121)) - d7b60609-c805-4df6-8140-a27c681dae80: shutdown FollowerState
2019-11-05 08:34:26,990 [grpc-default-executor-17] INFO  impl.RoleInfo (RoleInfo.java:shutdownFollowerState(121)) - d92c9463-8e05-4a70-8cc7-1d31ae7ac64a: shutdown FollowerState
2019-11-05 08:34:26,990 [Thread-3783] INFO  impl.FollowerState (FollowerState.java:run(117)) - d7b60609-c805-4df6-8140-a27c681dae80@group-515877FFDAAC-FollowerState was interrupted: java.lang.InterruptedException: sleep interrupted
2019-11-05 08:34:26,990 [grpc-default-executor-15] INFO  impl.RoleInfo (RoleInfo.java:updateAndGet(143)) - d7b60609-c805-4df6-8140-a27c681dae80: start FollowerState
2019-11-05 08:34:26,991 [Thread-3782] INFO  impl.FollowerState (FollowerState.java:run(117)) - d92c9463-8e05-4a70-8cc7-1d31ae7ac64a@group-515877FFDAAC-FollowerState was interrupted: java.lang.InterruptedException: sleep interrupted
2019-11-05 08:34:26,991 [grpc-default-executor-17] INFO  impl.RoleInfo (RoleInfo.java:updateAndGet(143)) - d92c9463-8e05-4a70-8cc7-1d31ae7ac64a: start FollowerState
2019-11-05 08:34:27,017 [05ace5f9-a5b7-4bc6-b4fa-26d4e24ae00c@group-515877FFDAAC-LeaderElection460] INFO  impl.LeaderElection (LeaderElection.java:logAndReturn(56)) - 05ace5f9-a5b7-4bc6-b4fa-26d4e24ae00c@group-515877FFDAAC-LeaderElection460: Election REJECTED; received 2 response(s) [05ace5f9-a5b7-4bc6-b4fa-26d4e24ae00c<-d92c9463-8e05-4a70-8cc7-1d31ae7ac64a#0:FAIL-t36, 05ace5f9-a5b7-4bc6-b4fa-26d4e24ae00c<-d7b60609-c805-4df6-8140-a27c681dae80#0:FAIL-t36] and 0 exception(s); 05ace5f9-a5b7-4bc6-b4fa-26d4e24ae00c@group-515877FFDAAC:t36, leader=null, voted=05ace5f9-a5b7-4bc6-b4fa-26d4e24ae00c, raftlog=05ace5f9-a5b7-4bc6-b4fa-26d4e24ae00c@group-515877FFDAAC-SegmentedRaftLog:OPENED:c-1,f-1,i0, conf=-1: [05ace5f9-a5b7-4bc6-b4fa-26d4e24ae00c:192.168.164.217:42356, d92c9463-8e05-4a70-8cc7-1d31ae7ac64a:192.168.164.217:37180, d7b60609-c805-4df6-8140-a27c681dae80:192.168.164.217:37880], old=null
2019-11-05 08:34:27,018 [05ace5f9-a5b7-4bc6-b4fa-26d4e24ae00c@group-515877FFDAAC-LeaderElection460] INFO  impl.RaftServerImpl (RaftServerImpl.java:setRole(184)) - 05ace5f9-a5b7-4bc6-b4fa-26d4e24ae00c@group-515877FFDAAC: changes role from CANDIDATE to FOLLOWER at term 36 for DISCOVERED_A_NEW_TERM
2019-11-05 08:34:27,018 [05ace5f9-a5b7-4bc6-b4fa-26d4e24ae00c@group-515877FFDAAC-LeaderElection460] INFO  impl.RoleInfo (RoleInfo.java:shutdownLeaderElection(134)) - 05ace5f9-a5b7-4bc6-b4fa-26d4e24ae00c: shutdown LeaderElection
2019-11-05 08:34:27,018 [05ace5f9-a5b7-4bc6-b4fa-26d4e24ae00c@group-515877FFDAAC-LeaderElection460] INFO  impl.RoleInfo (RoleInfo.java:updateAndGet(143)) - 05ace5f9-a5b7-4bc6-b4fa-26d4e24ae00c: start FollowerState
2019-11-05 08:34:27,121 [Thread-3793] INFO  impl.FollowerState (FollowerState.java:run(108)) - 05ace5f9-a5b7-4bc6-b4fa-26d4e24ae00c@group-515877FFDAAC-FollowerState: change to CANDIDATE, lastRpcTime:103ms, electionTimeout:103ms
2019-11-05 08:34:27,122 [Thread-3793] INFO  impl.RoleInfo (RoleInfo.java:shutdownFollowerState(121)) - 05ace5f9-a5b7-4bc6-b4fa-26d4e24ae00c: shutdown FollowerState
2019-11-05 08:34:27,122 [Thread-3793] INFO  impl.RaftServerImpl (RaftServerImpl.java:setRole(184)) - 05ace5f9-a5b7-4bc6-b4fa-26d4e24ae00c@group-515877FFDAAC: changes role from  FOLLOWER to CANDIDATE at term 36 for changeToCandidate
2019-11-05 08:34:27,122 [Thread-3793] INFO  impl.RoleInfo (RoleInfo.java:updateAndGet(143)) - 05ace5f9-a5b7-4bc6-b4fa-26d4e24ae00c: start LeaderElection
2019-11-05 08:34:27,135 [05ace5f9-a5b7-4bc6-b4fa-26d4e24ae00c@group-515877FFDAAC-LeaderElection461] INFO  impl.LeaderElection (LeaderElection.java:askForVotes(178)) - 05ace5f9-a5b7-4bc6-b4fa-26d4e24ae00c@group-515877FFDAAC-LeaderElection461: begin an election at term 37 for -1: [05ace5f9-a5b7-4bc6-b4fa-26d4e24ae00c:192.168.164.217:42356, d92c9463-8e05-4a70-8cc7-1d31ae7ac64a:192.168.164.217:37180, d7b60609-c805-4df6-8140-a27c681dae80:192.168.164.217:37880], old=null
2019-11-05 08:34:27,137 [grpc-default-executor-17] INFO  impl.RaftServerImpl (RaftServerImpl.java:setRole(184)) - d92c9463-8e05-4a70-8cc7-1d31ae7ac64a@group-515877FFDAAC: changes role from  FOLLOWER to FOLLOWER at term 37 for recognizeCandidate:05ace5f9-a5b7-4bc6-b4fa-26d4e24ae00c
2019-11-05 08:34:27,137 [grpc-default-executor-17] INFO  impl.RoleInfo (RoleInfo.java:shutdownFollowerState(121)) - d92c9463-8e05-4a70-8cc7-1d31ae7ac64a: shutdown FollowerState
2019-11-05 08:34:27,137 [grpc-default-executor-13] INFO  impl.RaftServerImpl (RaftServerImpl.java:setRole(184)) - d7b60609-c805-4df6-8140-a27c681dae80@group-515877FFDAAC: changes role from  FOLLOWER to FOLLOWER at term 37 for recognizeCandidate:05ace5f9-a5b7-4bc6-b4fa-26d4e24ae00c
2019-11-05 08:34:27,137 [grpc-default-executor-13] INFO  impl.RoleInfo (RoleInfo.java:shutdownFollowerState(121)) - d7b60609-c805-4df6-8140-a27c681dae80: shutdown FollowerState
2019-11-05 08:34:27,137 [Thread-3791] INFO  impl.FollowerState (FollowerState.java:run(117)) - d92c9463-8e05-4a70-8cc7-1d31ae7ac64a@group-515877FFDAAC-FollowerState was interrupted: java.lang.InterruptedException: sleep interrupted
2019-11-05 08:34:27,137 [grpc-default-executor-17] INFO  impl.RoleInfo (RoleInfo.java:updateAndGet(143)) - d92c9463-8e05-4a70-8cc7-1d31ae7ac64a: start FollowerState
2019-11-05 08:34:27,137 [Thread-3790] INFO  impl.FollowerState (FollowerState.java:run(117)) - d7b60609-c805-4df6-8140-a27c681dae80@group-515877FFDAAC-FollowerState was interrupted: java.lang.InterruptedException: sleep interrupted
2019-11-05 08:34:27,137 [grpc-default-executor-13] INFO  impl.RoleInfo (RoleInfo.java:updateAndGet(143)) - d7b60609-c805-4df6-8140-a27c681dae80: start FollowerState
2019-11-05 08:34:27,152 [05ace5f9-a5b7-4bc6-b4fa-26d4e24ae00c@group-515877FFDAAC-LeaderElection461] INFO  impl.LeaderElection (LeaderElection.java:logAndReturn(56)) - 05ace5f9-a5b7-4bc6-b4fa-26d4e24ae00c@group-515877FFDAAC-LeaderElection461: Election REJECTED; received 2 response(s) [05ace5f9-a5b7-4bc6-b4fa-26d4e24ae00c<-d92c9463-8e05-4a70-8cc7-1d31ae7ac64a#0:FAIL-t37, 05ace5f9-a5b7-4bc6-b4fa-26d4e24ae00c<-d7b60609-c805-4df6-8140-a27c681dae80#0:FAIL-t37] and 0 exception(s); 05ace5f9-a5b7-4bc6-b4fa-26d4e24ae00c@group-515877FFDAAC:t37, leader=null, voted=05ace5f9-a5b7-4bc6-b4fa-26d4e24ae00c, raftlog=05ace5f9-a5b7-4bc6-b4fa-26d4e24ae00c@group-515877FFDAAC-SegmentedRaftLog:OPENED:c-1,f-1,i0, conf=-1: [05ace5f9-a5b7-4bc6-b4fa-26d4e24ae00c:192.168.164.217:42356, d92c9463-8e05-4a70-8cc7-1d31ae7ac64a:192.168.164.217:37180, d7b60609-c805-4df6-8140-a27c681dae80:192.168.164.217:37880], old=null
2019-11-05 08:34:27,152 [05ace5f9-a5b7-4bc6-b4fa-26d4e24ae00c@group-515877FFDAAC-LeaderElection461] INFO  impl.RaftServerImpl (RaftServerImpl.java:setRole(184)) - 05ace5f9-a5b7-4bc6-b4fa-26d4e24ae00c@group-515877FFDAAC: changes role from CANDIDATE to FOLLOWER at term 37 for DISCOVERED_A_NEW_TERM
2019-11-05 08:34:27,152 [05ace5f9-a5b7-4bc6-b4fa-26d4e24ae00c@group-515877FFDAAC-LeaderElection461] INFO  impl.RoleInfo (RoleInfo.java:shutdownLeaderElection(134)) - 05ace5f9-a5b7-4bc6-b4fa-26d4e24ae00c: shutdown LeaderElection
2019-11-05 08:34:27,152 [05ace5f9-a5b7-4bc6-b4fa-26d4e24ae00c@group-515877FFDAAC-LeaderElection461] INFO  impl.RoleInfo (RoleInfo.java:updateAndGet(143)) - 05ace5f9-a5b7-4bc6-b4fa-26d4e24ae00c: start FollowerState
2019-11-05 08:34:27,188 [Thread-3800] INFO  impl.FollowerState (FollowerState.java:run(108)) - 05ace5f9-a5b7-4bc6-b4fa-26d4e24ae00c@group-515877FFDAAC-FollowerState: change to CANDIDATE, lastRpcTime:36ms, electionTimeout:36ms
2019-11-05 08:34:27,188 [Thread-3800] INFO  impl.RoleInfo (RoleInfo.java:shutdownFollowerState(121)) - 05ace5f9-a5b7-4bc6-b4fa-26d4e24ae00c: shutdown FollowerState
2019-11-05 08:34:27,188 [Thread-3800] INFO  impl.RaftServerImpl (RaftServerImpl.java:setRole(184)) - 05ace5f9-a5b7-4bc6-b4fa-26d4e24ae00c@group-515877FFDAAC: changes role from  FOLLOWER to CANDIDATE at term 37 for changeToCandidate
2019-11-05 08:34:27,189 [Thread-3800] INFO  impl.RoleInfo (RoleInfo.java:updateAndGet(143)) - 05ace5f9-a5b7-4bc6-b4fa-26d4e24ae00c: start LeaderElection
2019-11-05 08:34:27,202 [05ace5f9-a5b7-4bc6-b4fa-26d4e24ae00c@group-515877FFDAAC-LeaderElection462] INFO  impl.LeaderElection (LeaderElection.java:askForVotes(178)) - 05ace5f9-a5b7-4bc6-b4fa-26d4e24ae00c@group-515877FFDAAC-LeaderElection462: begin an election at term 38 for -1: [05ace5f9-a5b7-4bc6-b4fa-26d4e24ae00c:192.168.164.217:42356, d92c9463-8e05-4a70-8cc7-1d31ae7ac64a:192.168.164.217:37180, d7b60609-c805-4df6-8140-a27c681dae80:192.168.164.217:37880], old=null
2019-11-05 08:34:27,203 [grpc-default-executor-13] INFO  impl.RaftServerImpl (RaftServerImpl.java:setRole(184)) - d92c9463-8e05-4a70-8cc7-1d31ae7ac64a@group-515877FFDAAC: changes role from  FOLLOWER to FOLLOWER at term 38 for recognizeCandidate:05ace5f9-a5b7-4bc6-b4fa-26d4e24ae00c
2019-11-05 08:34:27,203 [grpc-default-executor-17] INFO  impl.RaftServerImpl (RaftServerImpl.java:setRole(184)) - d7b60609-c805-4df6-8140-a27c681dae80@group-515877FFDAAC: changes role from  FOLLOWER to FOLLOWER at term 38 for recognizeCandidate:05ace5f9-a5b7-4bc6-b4fa-26d4e24ae00c
2019-11-05 08:34:27,203 [grpc-default-executor-17] INFO  impl.RoleInfo (RoleInfo.java:shutdownFollowerState(121)) - d7b60609-c805-4df6-8140-a27c681dae80: shutdown FollowerState
2019-11-05 08:34:27,203 [grpc-default-executor-13] INFO  impl.RoleInfo (RoleInfo.java:shutdownFollowerState(121)) - d92c9463-8e05-4a70-8cc7-1d31ae7ac64a: shutdown FollowerState
2019-11-05 08:34:27,203 [Thread-3799] INFO  impl.FollowerState (FollowerState.java:run(117)) - d7b60609-c805-4df6-8140-a27c681dae80@group-515877FFDAAC-FollowerState was interrupted: java.lang.InterruptedException: sleep interrupted
2019-11-05 08:34:27,203 [grpc-default-executor-17] INFO  impl.RoleInfo (RoleInfo.java:updateAndGet(143)) - d7b60609-c805-4df6-8140-a27c681dae80: start FollowerState
2019-11-05 08:34:27,204 [Thread-3798] INFO  impl.FollowerState (FollowerState.java:run(117)) - d92c9463-8e05-4a70-8cc7-1d31ae7ac64a@group-515877FFDAAC-FollowerState was interrupted: java.lang.InterruptedException: sleep interrupted
2019-11-05 08:34:27,203 [grpc-default-executor-13] INFO  impl.RoleInfo (RoleInfo.java:updateAndGet(143)) - d92c9463-8e05-4a70-8cc7-1d31ae7ac64a: start FollowerState
2019-11-05 08:34:27,219 [05ace5f9-a5b7-4bc6-b4fa-26d4e24ae00c@group-515877FFDAAC-LeaderElection462] INFO  impl.LeaderElection (LeaderElection.java:logAndReturn(56)) - 05ace5f9-a5b7-4bc6-b4fa-26d4e24ae00c@group-515877FFDAAC-LeaderElection462: Election REJECTED; received 2 response(s) [05ace5f9-a5b7-4bc6-b4fa-26d4e24ae00c<-d92c9463-8e05-4a70-8cc7-1d31ae7ac64a#0:FAIL-t38, 05ace5f9-a5b7-4bc6-b4fa-26d4e24ae00c<-d7b60609-c805-4df6-8140-a27c681dae80#0:FAIL-t38] and 0 exception(s); 05ace5f9-a5b7-4bc6-b4fa-26d4e24ae00c@group-515877FFDAAC:t38, leader=null, voted=05ace5f9-a5b7-4bc6-b4fa-26d4e24ae00c, raftlog=05ace5f9-a5b7-4bc6-b4fa-26d4e24ae00c@group-515877FFDAAC-SegmentedRaftLog:OPENED:c-1,f-1,i0, conf=-1: [05ace5f9-a5b7-4bc6-b4fa-26d4e24ae00c:192.168.164.217:42356, d92c9463-8e05-4a70-8cc7-1d31ae7ac64a:192.168.164.217:37180, d7b60609-c805-4df6-8140-a27c681dae80:192.168.164.217:37880], old=null
2019-11-05 08:34:27,219 [05ace5f9-a5b7-4bc6-b4fa-26d4e24ae00c@group-515877FFDAAC-LeaderElection462] INFO  impl.RaftServerImpl (RaftServerImpl.java:setRole(184)) - 05ace5f9-a5b7-4bc6-b4fa-26d4e24ae00c@group-515877FFDAAC: changes role from CANDIDATE to FOLLOWER at term 38 for DISCOVERED_A_NEW_TERM
2019-11-05 08:34:27,219 [05ace5f9-a5b7-4bc6-b4fa-26d4e24ae00c@group-515877FFDAAC-LeaderElection462] INFO  impl.RoleInfo (RoleInfo.java:shutdownLeaderElection(134)) - 05ace5f9-a5b7-4bc6-b4fa-26d4e24ae00c: shutdown LeaderElection
2019-11-05 08:34:27,219 [05ace5f9-a5b7-4bc6-b4fa-26d4e24ae00c@group-515877FFDAAC-LeaderElection462] INFO  impl.RoleInfo (RoleInfo.java:updateAndGet(143)) - 05ace5f9-a5b7-4bc6-b4fa-26d4e24ae00c: start FollowerState
2019-11-05 08:34:27,406 [Thread-3808] INFO  impl.FollowerState (FollowerState.java:run(108)) - 05ace5f9-a5b7-4bc6-b4fa-26d4e24ae00c@group-515877FFDAAC-FollowerState: change to CANDIDATE, lastRpcTime:187ms, electionTimeout:187ms
2019-11-05 08:34:27,407 [Thread-3808] INFO  impl.RoleInfo (RoleInfo.java:shutdownFollowerState(121)) - 05ace5f9-a5b7-4bc6-b4fa-26d4e24ae00c: shutdown FollowerState
2019-11-05 08:34:27,407 [Thread-3808] INFO  impl.RaftServerImpl (RaftServerImpl.java:setRole(184)) - 05ace5f9-a5b7-4bc6-b4fa-26d4e24ae00c@group-515877FFDAAC: changes role from  FOLLOWER to CANDIDATE at term 38 for changeToCandidate
2019-11-05 08:34:27,407 [Thread-3808] INFO  impl.RoleInfo (RoleInfo.java:updateAndGet(143)) - 05ace5f9-a5b7-4bc6-b4fa-26d4e24ae00c: start LeaderElection
2019-11-05 08:34:27,421 [05ace5f9-a5b7-4bc6-b4fa-26d4e24ae00c@group-515877FFDAAC-LeaderElection463] INFO  impl.LeaderElection (LeaderElection.java:askForVotes(178)) - 05ace5f9-a5b7-4bc6-b4fa-26d4e24ae00c@group-515877FFDAAC-LeaderElection463: begin an election at term 39 for -1: [05ace5f9-a5b7-4bc6-b4fa-26d4e24ae00c:192.168.164.217:42356, d92c9463-8e05-4a70-8cc7-1d31ae7ac64a:192.168.164.217:37180, d7b60609-c805-4df6-8140-a27c681dae80:192.168.164.217:37880], old=null
2019-11-05 08:34:27,422 [grpc-default-executor-17] INFO  impl.RaftServerImpl (RaftServerImpl.java:setRole(184)) - d92c9463-8e05-4a70-8cc7-1d31ae7ac64a@group-515877FFDAAC: changes role from  FOLLOWER to FOLLOWER at term 39 for recognizeCandidate:05ace5f9-a5b7-4bc6-b4fa-26d4e24ae00c
2019-11-05 08:34:27,422 [grpc-default-executor-13] INFO  impl.RaftServerImpl (RaftServerImpl.java:setRole(184)) - d7b60609-c805-4df6-8140-a27c681dae80@group-515877FFDAAC: changes role from  FOLLOWER to FOLLOWER at term 39 for recognizeCandidate:05ace5f9-a5b7-4bc6-b4fa-26d4e24ae00c
2019-11-05 08:34:27,422 [grpc-default-executor-13] INFO  impl.RoleInfo (RoleInfo.java:shutdownFollowerState(121)) - d7b60609-c805-4df6-8140-a27c681dae80: shutdown FollowerState
2019-11-05 08:34:27,422 [grpc-default-executor-17] INFO  impl.RoleInfo (RoleInfo.java:shutdownFollowerState(121)) - d92c9463-8e05-4a70-8cc7-1d31ae7ac64a: shutdown FollowerState
2019-11-05 08:34:27,423 [Thread-3806] INFO  impl.FollowerState (FollowerState.java:run(117)) - d7b60609-c805-4df6-8140-a27c681dae80@group-515877FFDAAC-FollowerState was interrupted: java.lang.InterruptedException: sleep interrupted
2019-11-05 08:34:27,423 [grpc-default-executor-13] INFO  impl.RoleInfo (RoleInfo.java:updateAndGet(143)) - d7b60609-c805-4df6-8140-a27c681dae80: start FollowerState
2019-11-05 08:34:27,423 [Thread-3807] INFO  impl.FollowerState (FollowerState.java:run(117)) - d92c9463-8e05-4a70-8cc7-1d31ae7ac64a@group-515877FFDAAC-FollowerState was interrupted: java.lang.InterruptedException: sleep interrupted
2019-11-05 08:34:27,423 [grpc-default-executor-17] INFO  impl.RoleInfo (RoleInfo.java:updateAndGet(143)) - d92c9463-8e05-4a70-8cc7-1d31ae7ac64a: start FollowerState
2019-11-05 08:34:27,437 [05ace5f9-a5b7-4bc6-b4fa-26d4e24ae00c@group-515877FFDAAC-LeaderElection463] INFO  impl.LeaderElection (LeaderElection.java:logAndReturn(56)) - 05ace5f9-a5b7-4bc6-b4fa-26d4e24ae00c@group-515877FFDAAC-LeaderElection463: Election REJECTED; received 2 response(s) [05ace5f9-a5b7-4bc6-b4fa-26d4e24ae00c<-d92c9463-8e05-4a70-8cc7-1d31ae7ac64a#0:FAIL-t39, 05ace5f9-a5b7-4bc6-b4fa-26d4e24ae00c<-d7b60609-c805-4df6-8140-a27c681dae80#0:FAIL-t39] and 0 exception(s); 05ace5f9-a5b7-4bc6-b4fa-26d4e24ae00c@group-515877FFDAAC:t39, leader=null, voted=05ace5f9-a5b7-4bc6-b4fa-26d4e24ae00c, raftlog=05ace5f9-a5b7-4bc6-b4fa-26d4e24ae00c@group-515877FFDAAC-SegmentedRaftLog:OPENED:c-1,f-1,i0, conf=-1: [05ace5f9-a5b7-4bc6-b4fa-26d4e24ae00c:192.168.164.217:42356, d92c9463-8e05-4a70-8cc7-1d31ae7ac64a:192.168.164.217:37180, d7b60609-c805-4df6-8140-a27c681dae80:192.168.164.217:37880], old=null
2019-11-05 08:34:27,437 [05ace5f9-a5b7-4bc6-b4fa-26d4e24ae00c@group-515877FFDAAC-LeaderElection463] INFO  impl.RaftServerImpl (RaftServerImpl.java:setRole(184)) - 05ace5f9-a5b7-4bc6-b4fa-26d4e24ae00c@group-515877FFDAAC: changes role from CANDIDATE to FOLLOWER at term 39 for DISCOVERED_A_NEW_TERM
2019-11-05 08:34:27,437 [05ace5f9-a5b7-4bc6-b4fa-26d4e24ae00c@group-515877FFDAAC-LeaderElection463] INFO  impl.RoleInfo (RoleInfo.java:shutdownLeaderElection(134)) - 05ace5f9-a5b7-4bc6-b4fa-26d4e24ae00c: shutdown LeaderElection
2019-11-05 08:34:27,437 [05ace5f9-a5b7-4bc6-b4fa-26d4e24ae00c@group-515877FFDAAC-LeaderElection463] INFO  impl.RoleInfo (RoleInfo.java:updateAndGet(143)) - 05ace5f9-a5b7-4bc6-b4fa-26d4e24ae00c: start FollowerState
2019-11-05 08:34:27,611 [Thread-3816] INFO  impl.FollowerState (FollowerState.java:run(108)) - 05ace5f9-a5b7-4bc6-b4fa-26d4e24ae00c@group-515877FFDAAC-FollowerState: change to CANDIDATE, lastRpcTime:173ms, electionTimeout:173ms
2019-11-05 08:34:27,611 [Thread-3816] INFO  impl.RoleInfo (RoleInfo.java:shutdownFollowerState(121)) - 05ace5f9-a5b7-4bc6-b4fa-26d4e24ae00c: shutdown FollowerState
2019-11-05 08:34:27,611 [Thread-3816] INFO  impl.RaftServerImpl (RaftServerImpl.java:setRole(184)) - 05ace5f9-a5b7-4bc6-b4fa-26d4e24ae00c@group-515877FFDAAC: changes role from  FOLLOWER to CANDIDATE at term 39 for changeToCandidate
2019-11-05 08:34:27,611 [Thread-3816] INFO  impl.RoleInfo (RoleInfo.java:updateAndGet(143)) - 05ace5f9-a5b7-4bc6-b4fa-26d4e24ae00c: start LeaderElection
2019-11-05 08:34:27,625 [05ace5f9-a5b7-4bc6-b4fa-26d4e24ae00c@group-515877FFDAAC-LeaderElection464] INFO  impl.LeaderElection (LeaderElection.java:askForVotes(178)) - 05ace5f9-a5b7-4bc6-b4fa-26d4e24ae00c@group-515877FFDAAC-LeaderElection464: begin an election at term 40 for -1: [05ace5f9-a5b7-4bc6-b4fa-26d4e24ae00c:192.168.164.217:42356, d92c9463-8e05-4a70-8cc7-1d31ae7ac64a:192.168.164.217:37180, d7b60609-c805-4df6-8140-a27c681dae80:192.168.164.217:37880], old=null
2019-11-05 08:34:27,626 [grpc-default-executor-17] INFO  impl.RaftServerImpl (RaftServerImpl.java:setRole(184)) - d92c9463-8e05-4a70-8cc7-1d31ae7ac64a@group-515877FFDAAC: changes role from  FOLLOWER to FOLLOWER at term 40 for recognizeCandidate:05ace5f9-a5b7-4bc6-b4fa-26d4e24ae00c
2019-11-05 08:34:27,627 [grpc-default-executor-17] INFO  impl.RoleInfo (RoleInfo.java:shutdownFollowerState(121)) - d92c9463-8e05-4a70-8cc7-1d31ae7ac64a: shutdown FollowerState
2019-11-05 08:34:27,627 [grpc-default-executor-13] INFO  impl.RaftServerImpl (RaftServerImpl.java:setRole(184)) - d7b60609-c805-4df6-8140-a27c681dae80@group-515877FFDAAC: changes role from  FOLLOWER to FOLLOWER at term 40 for recognizeCandidate:05ace5f9-a5b7-4bc6-b4fa-26d4e24ae00c
2019-11-05 08:34:27,627 [Thread-3815] INFO  impl.FollowerState (FollowerState.java:run(117)) - d92c9463-8e05-4a70-8cc7-1d31ae7ac64a@group-515877FFDAAC-FollowerState was interrupted: java.lang.InterruptedException: sleep interrupted
2019-11-05 08:34:27,627 [grpc-default-executor-17] INFO  impl.RoleInfo (RoleInfo.java:updateAndGet(143)) - d92c9463-8e05-4a70-8cc7-1d31ae7ac64a: start FollowerState
2019-11-05 08:34:27,627 [grpc-default-executor-13] INFO  impl.RoleInfo (RoleInfo.java:shutdownFollowerState(121)) - d7b60609-c805-4df6-8140-a27c681dae80: shutdown FollowerState
2019-11-05 08:34:27,627 [grpc-default-executor-13] INFO  impl.RoleInfo (RoleInfo.java:updateAndGet(143)) - d7b60609-c805-4df6-8140-a27c681dae80: start FollowerState
2019-11-05 08:34:27,627 [Thread-3814] INFO  impl.FollowerState (FollowerState.java:run(117)) - d7b60609-c805-4df6-8140-a27c681dae80@group-515877FFDAAC-FollowerState was interrupted: java.lang.InterruptedException: sleep interrupted
2019-11-05 08:34:27,640 [05ace5f9-a5b7-4bc6-b4fa-26d4e24ae00c@group-515877FFDAAC-LeaderElection464] INFO  impl.LeaderElection (LeaderElection.java:logAndReturn(56)) - 05ace5f9-a5b7-4bc6-b4fa-26d4e24ae00c@group-515877FFDAAC-LeaderElection464: Election REJECTED; received 2 response(s) [05ace5f9-a5b7-4bc6-b4fa-26d4e24ae00c<-d92c9463-8e05-4a70-8cc7-1d31ae7ac64a#0:FAIL-t40, 05ace5f9-a5b7-4bc6-b4fa-26d4e24ae00c<-d7b60609-c805-4df6-8140-a27c681dae80#0:FAIL-t40] and 0 exception(s); 05ace5f9-a5b7-4bc6-b4fa-26d4e24ae00c@group-515877FFDAAC:t40, leader=null, voted=05ace5f9-a5b7-4bc6-b4fa-26d4e24ae00c, raftlog=05ace5f9-a5b7-4bc6-b4fa-26d4e24ae00c@group-515877FFDAAC-SegmentedRaftLog:OPENED:c-1,f-1,i0, conf=-1: [05ace5f9-a5b7-4bc6-b4fa-26d4e24ae00c:192.168.164.217:42356, d92c9463-8e05-4a70-8cc7-1d31ae7ac64a:192.168.164.217:37180, d7b60609-c805-4df6-8140-a27c681dae80:192.168.164.217:37880], old=null
2019-11-05 08:34:27,640 [05ace5f9-a5b7-4bc6-b4fa-26d4e24ae00c@group-515877FFDAAC-LeaderElection464] INFO  impl.RaftServerImpl (RaftServerImpl.java:setRole(184)) - 05ace5f9-a5b7-4bc6-b4fa-26d4e24ae00c@group-515877FFDAAC: changes role from CANDIDATE to FOLLOWER at term 40 for DISCOVERED_A_NEW_TERM
2019-11-05 08:34:27,640 [05ace5f9-a5b7-4bc6-b4fa-26d4e24ae00c@group-515877FFDAAC-LeaderElection464] INFO  impl.RoleInfo (RoleInfo.java:shutdownLeaderElection(134)) - 05ace5f9-a5b7-4bc6-b4fa-26d4e24ae00c: shutdown LeaderElection
2019-11-05 08:34:27,640 [05ace5f9-a5b7-4bc6-b4fa-26d4e24ae00c@group-515877FFDAAC-LeaderElection464] INFO  impl.RoleInfo (RoleInfo.java:updateAndGet(143)) - 05ace5f9-a5b7-4bc6-b4fa-26d4e24ae00c: start FollowerState
2019-11-05 08:34:27,749 [Thread-3822] INFO  impl.FollowerState (FollowerState.java:run(108)) - 05ace5f9-a5b7-4bc6-b4fa-26d4e24ae00c@group-515877FFDAAC-FollowerState: change to CANDIDATE, lastRpcTime:109ms, electionTimeout:109ms
2019-11-05 08:34:27,749 [Thread-3822] INFO  impl.RoleInfo (RoleInfo.java:shutdownFollowerState(121)) - 05ace5f9-a5b7-4bc6-b4fa-26d4e24ae00c: shutdown FollowerState
2019-11-05 08:34:27,750 [Thread-3822] INFO  impl.RaftServerImpl (RaftServerImpl.java:setRole(184)) - 05ace5f9-a5b7-4bc6-b4fa-26d4e24ae00c@group-515877FFDAAC: changes role from  FOLLOWER to CANDIDATE at term 40 for changeToCandidate
2019-11-05 08:34:27,750 [Thread-3822] INFO  impl.RoleInfo (RoleInfo.java:updateAndGet(143)) - 05ace5f9-a5b7-4bc6-b4fa-26d4e24ae00c: start LeaderElection
2019-11-05 08:34:27,763 [05ace5f9-a5b7-4bc6-b4fa-26d4e24ae00c@group-515877FFDAAC-LeaderElection465] INFO  impl.LeaderElection (LeaderElection.java:askForVotes(178)) - 05ace5f9-a5b7-4bc6-b4fa-26d4e24ae00c@group-515877FFDAAC-LeaderElection465: begin an election at term 41 for -1: [05ace5f9-a5b7-4bc6-b4fa-26d4e24ae00c:192.168.164.217:42356, d92c9463-8e05-4a70-8cc7-1d31ae7ac64a:192.168.164.217:37180, d7b60609-c805-4df6-8140-a27c681dae80:192.168.164.217:37880], old=null
2019-11-05 08:34:27,765 [grpc-default-executor-13] INFO  impl.RaftServerImpl (RaftServerImpl.java:setRole(184)) - d92c9463-8e05-4a70-8cc7-1d31ae7ac64a@group-515877FFDAAC: changes role from  FOLLOWER to FOLLOWER at term 41 for recognizeCandidate:05ace5f9-a5b7-4bc6-b4fa-26d4e24ae00c
2019-11-05 08:34:27,765 [grpc-default-executor-13] INFO  impl.RoleInfo (RoleInfo.java:shutdownFollowerState(121)) - d92c9463-8e05-4a70-8cc7-1d31ae7ac64a: shutdown FollowerState
2019-11-05 08:34:27,765 [grpc-default-executor-17] INFO  impl.RaftServerImpl (RaftServerImpl.java:setRole(184)) - d7b60609-c805-4df6-8140-a27c681dae80@group-515877FFDAAC: changes role from  FOLLOWER to FOLLOWER at term 41 for recognizeCandidate:05ace5f9-a5b7-4bc6-b4fa-26d4e24ae00c
2019-11-05 08:34:27,765 [grpc-default-executor-17] INFO  impl.RoleInfo (RoleInfo.java:shutdownFollowerState(121)) - d7b60609-c805-4df6-8140-a27c681dae80: shutdown FollowerState
2019-11-05 08:34:27,765 [Thread-3820] INFO  impl.FollowerState (FollowerState.java:run(117)) - d92c9463-8e05-4a70-8cc7-1d31ae7ac64a@group-515877FFDAAC-FollowerState was interrupted: java.lang.InterruptedException: sleep interrupted
2019-11-05 08:34:27,765 [grpc-default-executor-13] INFO  impl.RoleInfo (RoleInfo.java:updateAndGet(143)) - d92c9463-8e05-4a70-8cc7-1d31ae7ac64a: start FollowerState
2019-11-05 08:34:27,765 [Thread-3821] INFO  impl.FollowerState (FollowerState.java:run(117)) - d7b60609-c805-4df6-8140-a27c681dae80@group-515877FFDAAC-FollowerState was interrupted: java.lang.InterruptedException: sleep interrupted
2019-11-05 08:34:27,765 [grpc-default-executor-17] INFO  impl.RoleInfo (RoleInfo.java:updateAndGet(143)) - d7b60609-c805-4df6-8140-a27c681dae80: start FollowerState
2019-11-05 08:34:27,778 [05ace5f9-a5b7-4bc6-b4fa-26d4e24ae00c@group-515877FFDAAC-LeaderElection465] INFO  impl.LeaderElection (LeaderElection.java:logAndReturn(56)) - 05ace5f9-a5b7-4bc6-b4fa-26d4e24ae00c@group-515877FFDAAC-LeaderElection465: Election TIMEOUT; received 0 response(s) [] and 0 exception(s); 05ace5f9-a5b7-4bc6-b4fa-26d4e24ae00c@group-515877FFDAAC:t41, leader=null, voted=05ace5f9-a5b7-4bc6-b4fa-26d4e24ae00c, raftlog=05ace5f9-a5b7-4bc6-b4fa-26d4e24ae00c@group-515877FFDAAC-SegmentedRaftLog:OPENED:c-1,f-1,i0, conf=-1: [05ace5f9-a5b7-4bc6-b4fa-26d4e24ae00c:192.168.164.217:42356, d92c9463-8e05-4a70-8cc7-1d31ae7ac64a:192.168.164.217:37180, d7b60609-c805-4df6-8140-a27c681dae80:192.168.164.217:37880], old=null
2019-11-05 08:34:27,781 [05ace5f9-a5b7-4bc6-b4fa-26d4e24ae00c@group-515877FFDAAC-LeaderElection465] INFO  impl.LeaderElection (LeaderElection.java:askForVotes(178)) - 05ace5f9-a5b7-4bc6-b4fa-26d4e24ae00c@group-515877FFDAAC-LeaderElection465: begin an election at term 42 for -1: [05ace5f9-a5b7-4bc6-b4fa-26d4e24ae00c:192.168.164.217:42356, d92c9463-8e05-4a70-8cc7-1d31ae7ac64a:192.168.164.217:37180, d7b60609-c805-4df6-8140-a27c681dae80:192.168.164.217:37880], old=null
2019-11-05 08:34:27,782 [grpc-default-executor-13] INFO  impl.RaftServerImpl (RaftServerImpl.java:setRole(184)) - d92c9463-8e05-4a70-8cc7-1d31ae7ac64a@group-515877FFDAAC: changes role from  FOLLOWER to FOLLOWER at term 42 for recognizeCandidate:05ace5f9-a5b7-4bc6-b4fa-26d4e24ae00c
2019-11-05 08:34:27,782 [grpc-default-executor-13] INFO  impl.RoleInfo (RoleInfo.java:shutdownFollowerState(121)) - d92c9463-8e05-4a70-8cc7-1d31ae7ac64a: shutdown FollowerState
2019-11-05 08:34:27,782 [grpc-default-executor-17] INFO  impl.RaftServerImpl (RaftServerImpl.java:setRole(184)) - d7b60609-c805-4df6-8140-a27c681dae80@group-515877FFDAAC: changes role from  FOLLOWER to FOLLOWER at term 42 for recognizeCandidate:05ace5f9-a5b7-4bc6-b4fa-26d4e24ae00c
2019-11-05 08:34:27,782 [grpc-default-executor-17] INFO  impl.RoleInfo (RoleInfo.java:shutdownFollowerState(121)) - d7b60609-c805-4df6-8140-a27c681dae80: shutdown FollowerState
2019-11-05 08:34:27,782 [Thread-3828] INFO  impl.FollowerState (FollowerState.java:run(117)) - d92c9463-8e05-4a70-8cc7-1d31ae7ac64a@group-515877FFDAAC-FollowerState was interrupted: java.lang.InterruptedException: sleep interrupted
2019-11-05 08:34:27,782 [grpc-default-executor-13] INFO  impl.RoleInfo (RoleInfo.java:updateAndGet(143)) - d92c9463-8e05-4a70-8cc7-1d31ae7ac64a: start FollowerState
2019-11-05 08:34:27,782 [Thread-3829] INFO  impl.FollowerState (FollowerState.java:run(117)) - d7b60609-c805-4df6-8140-a27c681dae80@group-515877FFDAAC-FollowerState was interrupted: java.lang.InterruptedException: sleep interrupted
2019-11-05 08:34:27,782 [grpc-default-executor-17] INFO  impl.RoleInfo (RoleInfo.java:updateAndGet(143)) - d7b60609-c805-4df6-8140-a27c681dae80: start FollowerState
2019-11-05 08:34:27,798 [05ace5f9-a5b7-4bc6-b4fa-26d4e24ae00c@group-515877FFDAAC-LeaderElection465] INFO  impl.LeaderElection (LeaderElection.java:logAndReturn(56)) - 05ace5f9-a5b7-4bc6-b4fa-26d4e24ae00c@group-515877FFDAAC-LeaderElection465: Election REJECTED; received 2 response(s) [05ace5f9-a5b7-4bc6-b4fa-26d4e24ae00c<-d92c9463-8e05-4a70-8cc7-1d31ae7ac64a#0:FAIL-t42, 05ace5f9-a5b7-4bc6-b4fa-26d4e24ae00c<-d7b60609-c805-4df6-8140-a27c681dae80#0:FAIL-t42] and 0 exception(s); 05ace5f9-a5b7-4bc6-b4fa-26d4e24ae00c@group-515877FFDAAC:t42, leader=null, voted=05ace5f9-a5b7-4bc6-b4fa-26d4e24ae00c, raftlog=05ace5f9-a5b7-4bc6-b4fa-26d4e24ae00c@group-515877FFDAAC-SegmentedRaftLog:OPENED:c-1,f-1,i0, conf=-1: [05ace5f9-a5b7-4bc6-b4fa-26d4e24ae00c:192.168.164.217:42356, d92c9463-8e05-4a70-8cc7-1d31ae7ac64a:192.168.164.217:37180, d7b60609-c805-4df6-8140-a27c681dae80:192.168.164.217:37880], old=null
2019-11-05 08:34:27,798 [05ace5f9-a5b7-4bc6-b4fa-26d4e24ae00c@group-515877FFDAAC-LeaderElection465] INFO  impl.RaftServerImpl (RaftServerImpl.java:setRole(184)) - 05ace5f9-a5b7-4bc6-b4fa-26d4e24ae00c@group-515877FFDAAC: changes role from CANDIDATE to FOLLOWER at term 42 for DISCOVERED_A_NEW_TERM
2019-11-05 08:34:27,798 [05ace5f9-a5b7-4bc6-b4fa-26d4e24ae00c@group-515877FFDAAC-LeaderElection465] INFO  impl.RoleInfo (RoleInfo.java:shutdownLeaderElection(134)) - 05ace5f9-a5b7-4bc6-b4fa-26d4e24ae00c: shutdown LeaderElection
2019-11-05 08:34:27,798 [05ace5f9-a5b7-4bc6-b4fa-26d4e24ae00c@group-515877FFDAAC-LeaderElection465] INFO  impl.RoleInfo (RoleInfo.java:updateAndGet(143)) - 05ace5f9-a5b7-4bc6-b4fa-26d4e24ae00c: start FollowerState
2019-11-05 08:34:27,869 [Thread-3834] INFO  impl.FollowerState (FollowerState.java:run(108)) - 05ace5f9-a5b7-4bc6-b4fa-26d4e24ae00c@group-515877FFDAAC-FollowerState: change to CANDIDATE, lastRpcTime:71ms, electionTimeout:71ms
2019-11-05 08:34:27,870 [Thread-3834] INFO  impl.RoleInfo (RoleInfo.java:shutdownFollowerState(121)) - 05ace5f9-a5b7-4bc6-b4fa-26d4e24ae00c: shutdown FollowerState
2019-11-05 08:34:27,870 [Thread-3834] INFO  impl.RaftServerImpl (RaftServerImpl.java:setRole(184)) - 05ace5f9-a5b7-4bc6-b4fa-26d4e24ae00c@group-515877FFDAAC: changes role from  FOLLOWER to CANDIDATE at term 42 for changeToCandidate
2019-11-05 08:34:27,870 [Thread-3834] INFO  impl.RoleInfo (RoleInfo.java:updateAndGet(143)) - 05ace5f9-a5b7-4bc6-b4fa-26d4e24ae00c: start LeaderElection
2019-11-05 08:34:27,875 [05ace5f9-a5b7-4bc6-b4fa-26d4e24ae00c@group-515877FFDAAC-LeaderElection466] INFO  impl.LeaderElection (LeaderElection.java:askForVotes(178)) - 05ace5f9-a5b7-4bc6-b4fa-26d4e24ae00c@group-515877FFDAAC-LeaderElection466: begin an election at term 43 for -1: [05ace5f9-a5b7-4bc6-b4fa-26d4e24ae00c:192.168.164.217:42356, d92c9463-8e05-4a70-8cc7-1d31ae7ac64a:192.168.164.217:37180, d7b60609-c805-4df6-8140-a27c681dae80:192.168.164.217:37880], old=null
2019-11-05 08:34:27,876 [grpc-default-executor-13] INFO  impl.RaftServerImpl (RaftServerImpl.java:setRole(184)) - d92c9463-8e05-4a70-8cc7-1d31ae7ac64a@group-515877FFDAAC: changes role from  FOLLOWER to FOLLOWER at term 43 for recognizeCandidate:05ace5f9-a5b7-4bc6-b4fa-26d4e24ae00c
2019-11-05 08:34:27,876 [grpc-default-executor-13] INFO  impl.RoleInfo (RoleInfo.java:shutdownFollowerState(121)) - d92c9463-8e05-4a70-8cc7-1d31ae7ac64a: shutdown FollowerState
2019-11-05 08:34:27,877 [grpc-default-executor-13] INFO  impl.RoleInfo (RoleInfo.java:updateAndGet(143)) - d92c9463-8e05-4a70-8cc7-1d31ae7ac64a: start FollowerState
2019-11-05 08:34:27,877 [Thread-3832] INFO  impl.FollowerState (FollowerState.java:run(117)) - d92c9463-8e05-4a70-8cc7-1d31ae7ac64a@group-515877FFDAAC-FollowerState was interrupted: java.lang.InterruptedException: sleep interrupted
2019-11-05 08:34:27,877 [grpc-default-executor-17] INFO  impl.RaftServerImpl (RaftServerImpl.java:setRole(184)) - d7b60609-c805-4df6-8140-a27c681dae80@group-515877FFDAAC: changes role from  FOLLOWER to FOLLOWER at term 43 for recognizeCandidate:05ace5f9-a5b7-4bc6-b4fa-26d4e24ae00c
2019-11-05 08:34:27,877 [grpc-default-executor-17] INFO  impl.RoleInfo (RoleInfo.java:shutdownFollowerState(121)) - d7b60609-c805-4df6-8140-a27c681dae80: shutdown FollowerState
2019-11-05 08:34:27,877 [grpc-default-executor-17] INFO  impl.RoleInfo (RoleInfo.java:updateAndGet(143)) - d7b60609-c805-4df6-8140-a27c681dae80: start FollowerState
2019-11-05 08:34:27,877 [Thread-3833] INFO  impl.FollowerState (FollowerState.java:run(117)) - d7b60609-c805-4df6-8140-a27c681dae80@group-515877FFDAAC-FollowerState was interrupted: java.lang.InterruptedException: sleep interrupted
2019-11-05 08:34:27,898 [05ace5f9-a5b7-4bc6-b4fa-26d4e24ae00c@group-515877FFDAAC-LeaderElection466] INFO  impl.LeaderElection (LeaderElection.java:logAndReturn(56)) - 05ace5f9-a5b7-4bc6-b4fa-26d4e24ae00c@group-515877FFDAAC-LeaderElection466: Election REJECTED; received 2 response(s) [05ace5f9-a5b7-4bc6-b4fa-26d4e24ae00c<-d92c9463-8e05-4a70-8cc7-1d31ae7ac64a#0:FAIL-t43, 05ace5f9-a5b7-4bc6-b4fa-26d4e24ae00c<-d7b60609-c805-4df6-8140-a27c681dae80#0:FAIL-t43] and 0 exception(s); 05ace5f9-a5b7-4bc6-b4fa-26d4e24ae00c@group-515877FFDAAC:t43, leader=null, voted=05ace5f9-a5b7-4bc6-b4fa-26d4e24ae00c, raftlog=05ace5f9-a5b7-4bc6-b4fa-26d4e24ae00c@group-515877FFDAAC-SegmentedRaftLog:OPENED:c-1,f-1,i0, conf=-1: [05ace5f9-a5b7-4bc6-b4fa-26d4e24ae00c:192.168.164.217:42356, d92c9463-8e05-4a70-8cc7-1d31ae7ac64a:192.168.164.217:37180, d7b60609-c805-4df6-8140-a27c681dae80:192.168.164.217:37880], old=null
2019-11-05 08:34:27,898 [05ace5f9-a5b7-4bc6-b4fa-26d4e24ae00c@group-515877FFDAAC-LeaderElection466] INFO  impl.RaftServerImpl (RaftServerImpl.java:setRole(184)) - 05ace5f9-a5b7-4bc6-b4fa-26d4e24ae00c@group-515877FFDAAC: changes role from CANDIDATE to FOLLOWER at term 43 for DISCOVERED_A_NEW_TERM
2019-11-05 08:34:27,898 [05ace5f9-a5b7-4bc6-b4fa-26d4e24ae00c@group-515877FFDAAC-LeaderElection466] INFO  impl.RoleInfo (RoleInfo.java:shutdownLeaderElection(134)) - 05ace5f9-a5b7-4bc6-b4fa-26d4e24ae00c: shutdown LeaderElection
2019-11-05 08:34:27,898 [05ace5f9-a5b7-4bc6-b4fa-26d4e24ae00c@group-515877FFDAAC-LeaderElection466] INFO  impl.RoleInfo (RoleInfo.java:updateAndGet(143)) - 05ace5f9-a5b7-4bc6-b4fa-26d4e24ae00c: start FollowerState
2019-11-05 08:34:28,014 [Thread-3842] INFO  impl.FollowerState (FollowerState.java:run(108)) - 05ace5f9-a5b7-4bc6-b4fa-26d4e24ae00c@group-515877FFDAAC-FollowerState: change to CANDIDATE, lastRpcTime:116ms, electionTimeout:116ms
2019-11-05 08:34:28,015 [Thread-3842] INFO  impl.RoleInfo (RoleInfo.java:shutdownFollowerState(121)) - 05ace5f9-a5b7-4bc6-b4fa-26d4e24ae00c: shutdown FollowerState
2019-11-05 08:34:28,015 [Thread-3842] INFO  impl.RaftServerImpl (RaftServerImpl.java:setRole(184)) - 05ace5f9-a5b7-4bc6-b4fa-26d4e24ae00c@group-515877FFDAAC: changes role from  FOLLOWER to CANDIDATE at term 43 for changeToCandidate
2019-11-05 08:34:28,015 [Thread-3842] INFO  impl.RoleInfo (RoleInfo.java:updateAndGet(143)) - 05ace5f9-a5b7-4bc6-b4fa-26d4e24ae00c: start LeaderElection
2019-11-05 08:34:28,028 [05ace5f9-a5b7-4bc6-b4fa-26d4e24ae00c@group-515877FFDAAC-LeaderElection467] INFO  impl.LeaderElection (LeaderElection.java:askForVotes(178)) - 05ace5f9-a5b7-4bc6-b4fa-26d4e24ae00c@group-515877FFDAAC-LeaderElection467: begin an election at term 44 for -1: [05ace5f9-a5b7-4bc6-b4fa-26d4e24ae00c:192.168.164.217:42356, d92c9463-8e05-4a70-8cc7-1d31ae7ac64a:192.168.164.217:37180, d7b60609-c805-4df6-8140-a27c681dae80:192.168.164.217:37880], old=null
2019-11-05 08:34:28,030 [grpc-default-executor-17] INFO  impl.RaftServerImpl (RaftServerImpl.java:setRole(184)) - d92c9463-8e05-4a70-8cc7-1d31ae7ac64a@group-515877FFDAAC: changes role from  FOLLOWER to FOLLOWER at term 44 for recognizeCandidate:05ace5f9-a5b7-4bc6-b4fa-26d4e24ae00c
2019-11-05 08:34:28,031 [grpc-default-executor-17] INFO  impl.RoleInfo (RoleInfo.java:shutdownFollowerState(121)) - d92c9463-8e05-4a70-8cc7-1d31ae7ac64a: shutdown FollowerState
2019-11-05 08:34:28,031 [grpc-default-executor-17] INFO  impl.RoleInfo (RoleInfo.java:updateAndGet(143)) - d92c9463-8e05-4a70-8cc7-1d31ae7ac64a: start FollowerState
2019-11-05 08:34:28,031 [Thread-3840] INFO  impl.FollowerState (FollowerState.java:run(117)) - d92c9463-8e05-4a70-8cc7-1d31ae7ac64a@group-515877FFDAAC-FollowerState was interrupted: java.lang.InterruptedException: sleep interrupted
2019-11-05 08:34:28,031 [grpc-default-executor-13] INFO  impl.RaftServerImpl (RaftServerImpl.java:setRole(184)) - d7b60609-c805-4df6-8140-a27c681dae80@group-515877FFDAAC: changes role from  FOLLOWER to FOLLOWER at term 44 for recognizeCandidate:05ace5f9-a5b7-4bc6-b4fa-26d4e24ae00c
2019-11-05 08:34:28,031 [grpc-default-executor-13] INFO  impl.RoleInfo (RoleInfo.java:shutdownFollowerState(121)) - d7b60609-c805-4df6-8140-a27c681dae80: shutdown FollowerState
2019-11-05 08:34:28,031 [grpc-default-executor-13] INFO  impl.RoleInfo (RoleInfo.java:updateAndGet(143)) - d7b60609-c805-4df6-8140-a27c681dae80: start FollowerState
2019-11-05 08:34:28,031 [Thread-3841] INFO  impl.FollowerState (FollowerState.java:run(117)) - d7b60609-c805-4df6-8140-a27c681dae80@group-515877FFDAAC-FollowerState was interrupted: java.lang.InterruptedException: sleep interrupted
2019-11-05 08:34:28,047 [05ace5f9-a5b7-4bc6-b4fa-26d4e24ae00c@group-515877FFDAAC-LeaderElection467] INFO  impl.LeaderElection (LeaderElection.java:logAndReturn(56)) - 05ace5f9-a5b7-4bc6-b4fa-26d4e24ae00c@group-515877FFDAAC-LeaderElection467: Election REJECTED; received 2 response(s) [05ace5f9-a5b7-4bc6-b4fa-26d4e24ae00c<-d92c9463-8e05-4a70-8cc7-1d31ae7ac64a#0:FAIL-t44, 05ace5f9-a5b7-4bc6-b4fa-26d4e24ae00c<-d7b60609-c805-4df6-8140-a27c681dae80#0:FAIL-t44] and 0 exception(s); 05ace5f9-a5b7-4bc6-b4fa-26d4e24ae00c@group-515877FFDAAC:t44, leader=null, voted=05ace5f9-a5b7-4bc6-b4fa-26d4e24ae00c, raftlog=05ace5f9-a5b7-4bc6-b4fa-26d4e24ae00c@group-515877FFDAAC-SegmentedRaftLog:OPENED:c-1,f-1,i0, conf=-1: [05ace5f9-a5b7-4bc6-b4fa-26d4e24ae00c:192.168.164.217:42356, d92c9463-8e05-4a70-8cc7-1d31ae7ac64a:192.168.164.217:37180, d7b60609-c805-4df6-8140-a27c681dae80:192.168.164.217:37880], old=null
2019-11-05 08:34:28,047 [05ace5f9-a5b7-4bc6-b4fa-26d4e24ae00c@group-515877FFDAAC-LeaderElection467] INFO  impl.RaftServerImpl (RaftServerImpl.java:setRole(184)) - 05ace5f9-a5b7-4bc6-b4fa-26d4e24ae00c@group-515877FFDAAC: changes role from CANDIDATE to FOLLOWER at term 44 for DISCOVERED_A_NEW_TERM
2019-11-05 08:34:28,047 [05ace5f9-a5b7-4bc6-b4fa-26d4e24ae00c@group-515877FFDAAC-LeaderElection467] INFO  impl.RoleInfo (RoleInfo.java:shutdownLeaderElection(134)) - 05ace5f9-a5b7-4bc6-b4fa-26d4e24ae00c: shutdown LeaderElection
2019-11-05 08:34:28,047 [05ace5f9-a5b7-4bc6-b4fa-26d4e24ae00c@group-515877FFDAAC-LeaderElection467] INFO  impl.RoleInfo (RoleInfo.java:updateAndGet(143)) - 05ace5f9-a5b7-4bc6-b4fa-26d4e24ae00c: start FollowerState
2019-11-05 08:34:28,240 [Thread-3849] INFO  impl.FollowerState (FollowerState.java:run(108)) - 05ace5f9-a5b7-4bc6-b4fa-26d4e24ae00c@group-515877FFDAAC-FollowerState: change to CANDIDATE, lastRpcTime:192ms, electionTimeout:192ms
2019-11-05 08:34:28,240 [Thread-3849] INFO  impl.RoleInfo (RoleInfo.java:shutdownFollowerState(121)) - 05ace5f9-a5b7-4bc6-b4fa-26d4e24ae00c: shutdown FollowerState
2019-11-05 08:34:28,240 [Thread-3849] INFO  impl.RaftServerImpl (RaftServerImpl.java:setRole(184)) - 05ace5f9-a5b7-4bc6-b4fa-26d4e24ae00c@group-515877FFDAAC: changes role from  FOLLOWER to CANDIDATE at term 44 for changeToCandidate
2019-11-05 08:34:28,240 [Thread-3849] INFO  impl.RoleInfo (RoleInfo.java:updateAndGet(143)) - 05ace5f9-a5b7-4bc6-b4fa-26d4e24ae00c: start LeaderElection
2019-11-05 08:34:28,255 [05ace5f9-a5b7-4bc6-b4fa-26d4e24ae00c@group-515877FFDAAC-LeaderElection468] INFO  impl.LeaderElection (LeaderElection.java:askForVotes(178)) - 05ace5f9-a5b7-4bc6-b4fa-26d4e24ae00c@group-515877FFDAAC-LeaderElection468: begin an election at term 45 for -1: [05ace5f9-a5b7-4bc6-b4fa-26d4e24ae00c:192.168.164.217:42356, d92c9463-8e05-4a70-8cc7-1d31ae7ac64a:192.168.164.217:37180, d7b60609-c805-4df6-8140-a27c681dae80:192.168.164.217:37880], old=null
2019-11-05 08:34:28,256 [grpc-default-executor-13] INFO  impl.RaftServerImpl (RaftServerImpl.java:setRole(184)) - d92c9463-8e05-4a70-8cc7-1d31ae7ac64a@group-515877FFDAAC: changes role from  FOLLOWER to FOLLOWER at term 45 for recognizeCandidate:05ace5f9-a5b7-4bc6-b4fa-26d4e24ae00c
2019-11-05 08:34:28,256 [grpc-default-executor-13] INFO  impl.RoleInfo (RoleInfo.java:shutdownFollowerState(121)) - d92c9463-8e05-4a70-8cc7-1d31ae7ac64a: shutdown FollowerState
2019-11-05 08:34:28,257 [grpc-default-executor-17] INFO  impl.RaftServerImpl (RaftServerImpl.java:setRole(184)) - d7b60609-c805-4df6-8140-a27c681dae80@group-515877FFDAAC: changes role from  FOLLOWER to FOLLOWER at term 45 for recognizeCandidate:05ace5f9-a5b7-4bc6-b4fa-26d4e24ae00c
2019-11-05 08:34:28,257 [grpc-default-executor-17] INFO  impl.RoleInfo (RoleInfo.java:shutdownFollowerState(121)) - d7b60609-c805-4df6-8140-a27c681dae80: shutdown FollowerState
2019-11-05 08:34:28,257 [Thread-3846] INFO  impl.FollowerState (FollowerState.java:run(117)) - d92c9463-8e05-4a70-8cc7-1d31ae7ac64a@group-515877FFDAAC-FollowerState was interrupted: java.lang.InterruptedException: sleep interrupted
2019-11-05 08:34:28,257 [grpc-default-executor-13] INFO  impl.RoleInfo (RoleInfo.java:updateAndGet(143)) - d92c9463-8e05-4a70-8cc7-1d31ae7ac64a: start FollowerState
2019-11-05 08:34:28,257 [Thread-3847] INFO  impl.FollowerState (FollowerState.java:run(117)) - d7b60609-c805-4df6-8140-a27c681dae80@group-515877FFDAAC-FollowerState was interrupted: java.lang.InterruptedException: sleep interrupted
2019-11-05 08:34:28,257 [grpc-default-executor-17] INFO  impl.RoleInfo (RoleInfo.java:updateAndGet(143)) - d7b60609-c805-4df6-8140-a27c681dae80: start FollowerState
2019-11-05 08:34:28,272 [05ace5f9-a5b7-4bc6-b4fa-26d4e24ae00c@group-515877FFDAAC-LeaderElection468] INFO  impl.LeaderElection (LeaderElection.java:logAndReturn(56)) - 05ace5f9-a5b7-4bc6-b4fa-26d4e24ae00c@group-515877FFDAAC-LeaderElection468: Election REJECTED; received 2 response(s) [05ace5f9-a5b7-4bc6-b4fa-26d4e24ae00c<-d92c9463-8e05-4a70-8cc7-1d31ae7ac64a#0:FAIL-t45, 05ace5f9-a5b7-4bc6-b4fa-26d4e24ae00c<-d7b60609-c805-4df6-8140-a27c681dae80#0:FAIL-t45] and 0 exception(s); 05ace5f9-a5b7-4bc6-b4fa-26d4e24ae00c@group-515877FFDAAC:t45, leader=null, voted=05ace5f9-a5b7-4bc6-b4fa-26d4e24ae00c, raftlog=05ace5f9-a5b7-4bc6-b4fa-26d4e24ae00c@group-515877FFDAAC-SegmentedRaftLog:OPENED:c-1,f-1,i0, conf=-1: [05ace5f9-a5b7-4bc6-b4fa-26d4e24ae00c:192.168.164.217:42356, d92c9463-8e05-4a70-8cc7-1d31ae7ac64a:192.168.164.217:37180, d7b60609-c805-4df6-8140-a27c681dae80:192.168.164.217:37880], old=null
2019-11-05 08:34:28,272 [05ace5f9-a5b7-4bc6-b4fa-26d4e24ae00c@group-515877FFDAAC-LeaderElection468] INFO  impl.RaftServerImpl (RaftServerImpl.java:setRole(184)) - 05ace5f9-a5b7-4bc6-b4fa-26d4e24ae00c@group-515877FFDAAC: changes role from CANDIDATE to FOLLOWER at term 45 for DISCOVERED_A_NEW_TERM
2019-11-05 08:34:28,272 [05ace5f9-a5b7-4bc6-b4fa-26d4e24ae00c@group-515877FFDAAC-LeaderElection468] INFO  impl.RoleInfo (RoleInfo.java:shutdownLeaderElection(134)) - 05ace5f9-a5b7-4bc6-b4fa-26d4e24ae00c: shutdown LeaderElection
2019-11-05 08:34:28,273 [05ace5f9-a5b7-4bc6-b4fa-26d4e24ae00c@group-515877FFDAAC-LeaderElection468] INFO  impl.RoleInfo (RoleInfo.java:updateAndGet(143)) - 05ace5f9-a5b7-4bc6-b4fa-26d4e24ae00c: start FollowerState
2019-11-05 08:34:28,387 [Thread-3858] INFO  impl.FollowerState (FollowerState.java:run(108)) - 05ace5f9-a5b7-4bc6-b4fa-26d4e24ae00c@group-515877FFDAAC-FollowerState: change to CANDIDATE, lastRpcTime:114ms, electionTimeout:114ms
2019-11-05 08:34:28,387 [Thread-3858] INFO  impl.RoleInfo (RoleInfo.java:shutdownFollowerState(121)) - 05ace5f9-a5b7-4bc6-b4fa-26d4e24ae00c: shutdown FollowerState
2019-11-05 08:34:28,387 [Thread-3858] INFO  impl.RaftServerImpl (RaftServerImpl.java:setRole(184)) - 05ace5f9-a5b7-4bc6-b4fa-26d4e24ae00c@group-515877FFDAAC: changes role from  FOLLOWER to CANDIDATE at term 45 for changeToCandidate
2019-11-05 08:34:28,387 [Thread-3858] INFO  impl.RoleInfo (RoleInfo.java:updateAndGet(143)) - 05ace5f9-a5b7-4bc6-b4fa-26d4e24ae00c: start LeaderElection
2019-11-05 08:34:28,409 [05ace5f9-a5b7-4bc6-b4fa-26d4e24ae00c@group-515877FFDAAC-LeaderElection469] INFO  impl.LeaderElection (LeaderElection.java:askForVotes(178)) - 05ace5f9-a5b7-4bc6-b4fa-26d4e24ae00c@group-515877FFDAAC-LeaderElection469: begin an election at term 46 for -1: [05ace5f9-a5b7-4bc6-b4fa-26d4e24ae00c:192.168.164.217:42356, d92c9463-8e05-4a70-8cc7-1d31ae7ac64a:192.168.164.217:37180, d7b60609-c805-4df6-8140-a27c681dae80:192.168.164.217:37880], old=null
2019-11-05 08:34:28,410 [grpc-default-executor-17] INFO  impl.RaftServerImpl (RaftServerImpl.java:setRole(184)) - d92c9463-8e05-4a70-8cc7-1d31ae7ac64a@group-515877FFDAAC: changes role from  FOLLOWER to FOLLOWER at term 46 for recognizeCandidate:05ace5f9-a5b7-4bc6-b4fa-26d4e24ae00c
2019-11-05 08:34:28,410 [grpc-default-executor-17] INFO  impl.RoleInfo (RoleInfo.java:shutdownFollowerState(121)) - d92c9463-8e05-4a70-8cc7-1d31ae7ac64a: shutdown FollowerState
2019-11-05 08:34:28,411 [grpc-default-executor-13] INFO  impl.RaftServerImpl (RaftServerImpl.java:setRole(184)) - d7b60609-c805-4df6-8140-a27c681dae80@group-515877FFDAAC: changes role from  FOLLOWER to FOLLOWER at term 46 for recognizeCandidate:05ace5f9-a5b7-4bc6-b4fa-26d4e24ae00c
2019-11-05 08:34:28,411 [grpc-default-executor-13] INFO  impl.RoleInfo (RoleInfo.java:shutdownFollowerState(121)) - d7b60609-c805-4df6-8140-a27c681dae80: shutdown FollowerState
2019-11-05 08:34:28,411 [grpc-default-executor-17] INFO  impl.RoleInfo (RoleInfo.java:updateAndGet(143)) - d92c9463-8e05-4a70-8cc7-1d31ae7ac64a: start FollowerState
2019-11-05 08:34:28,411 [Thread-3856] INFO  impl.FollowerState (FollowerState.java:run(117)) - d92c9463-8e05-4a70-8cc7-1d31ae7ac64a@group-515877FFDAAC-FollowerState was interrupted: java.lang.InterruptedException: sleep interrupted
2019-11-05 08:34:28,411 [Thread-3857] INFO  impl.FollowerState (FollowerState.java:run(117)) - d7b60609-c805-4df6-8140-a27c681dae80@group-515877FFDAAC-FollowerState was interrupted: java.lang.InterruptedException: sleep interrupted
2019-11-05 08:34:28,411 [grpc-default-executor-13] INFO  impl.RoleInfo (RoleInfo.java:updateAndGet(143)) - d7b60609-c805-4df6-8140-a27c681dae80: start FollowerState
2019-11-05 08:34:28,424 [05ace5f9-a5b7-4bc6-b4fa-26d4e24ae00c@group-515877FFDAAC-LeaderElection469] INFO  impl.LeaderElection (LeaderElection.java:logAndReturn(56)) - 05ace5f9-a5b7-4bc6-b4fa-26d4e24ae00c@group-515877FFDAAC-LeaderElection469: Election REJECTED; received 2 response(s) [05ace5f9-a5b7-4bc6-b4fa-26d4e24ae00c<-d92c9463-8e05-4a70-8cc7-1d31ae7ac64a#0:FAIL-t46, 05ace5f9-a5b7-4bc6-b4fa-26d4e24ae00c<-d7b60609-c805-4df6-8140-a27c681dae80#0:FAIL-t46] and 0 exception(s); 05ace5f9-a5b7-4bc6-b4fa-26d4e24ae00c@group-515877FFDAAC:t46, leader=null, voted=05ace5f9-a5b7-4bc6-b4fa-26d4e24ae00c, raftlog=05ace5f9-a5b7-4bc6-b4fa-26d4e24ae00c@group-515877FFDAAC-SegmentedRaftLog:OPENED:c-1,f-1,i0, conf=-1: [05ace5f9-a5b7-4bc6-b4fa-26d4e24ae00c:192.168.164.217:42356, d92c9463-8e05-4a70-8cc7-1d31ae7ac64a:192.168.164.217:37180, d7b60609-c805-4df6-8140-a27c681dae80:192.168.164.217:37880], old=null
2019-11-05 08:34:28,424 [05ace5f9-a5b7-4bc6-b4fa-26d4e24ae00c@group-515877FFDAAC-LeaderElection469] INFO  impl.RaftServerImpl (RaftServerImpl.java:setRole(184)) - 05ace5f9-a5b7-4bc6-b4fa-26d4e24ae00c@group-515877FFDAAC: changes role from CANDIDATE to FOLLOWER at term 46 for DISCOVERED_A_NEW_TERM
2019-11-05 08:34:28,424 [05ace5f9-a5b7-4bc6-b4fa-26d4e24ae00c@group-515877FFDAAC-LeaderElection469] INFO  impl.RoleInfo (RoleInfo.java:shutdownLeaderElection(134)) - 05ace5f9-a5b7-4bc6-b4fa-26d4e24ae00c: shutdown LeaderElection
2019-11-05 08:34:28,424 [05ace5f9-a5b7-4bc6-b4fa-26d4e24ae00c@group-515877FFDAAC-LeaderElection469] INFO  impl.RoleInfo (RoleInfo.java:updateAndGet(143)) - 05ace5f9-a5b7-4bc6-b4fa-26d4e24ae00c: start FollowerState
2019-11-05 08:34:28,512 [Thread-3866] INFO  impl.FollowerState (FollowerState.java:run(108)) - 05ace5f9-a5b7-4bc6-b4fa-26d4e24ae00c@group-515877FFDAAC-FollowerState: change to CANDIDATE, lastRpcTime:88ms, electionTimeout:88ms
2019-11-05 08:34:28,512 [Thread-3866] INFO  impl.RoleInfo (RoleInfo.java:shutdownFollowerState(121)) - 05ace5f9-a5b7-4bc6-b4fa-26d4e24ae00c: shutdown FollowerState
2019-11-05 08:34:28,512 [Thread-3866] INFO  impl.RaftServerImpl (RaftServerImpl.java:setRole(184)) - 05ace5f9-a5b7-4bc6-b4fa-26d4e24ae00c@group-515877FFDAAC: changes role from  FOLLOWER to CANDIDATE at term 46 for changeToCandidate
2019-11-05 08:34:28,513 [Thread-3866] INFO  impl.RoleInfo (RoleInfo.java:updateAndGet(143)) - 05ace5f9-a5b7-4bc6-b4fa-26d4e24ae00c: start LeaderElection
2019-11-05 08:34:28,534 [05ace5f9-a5b7-4bc6-b4fa-26d4e24ae00c@group-515877FFDAAC-LeaderElection470] INFO  impl.LeaderElection (LeaderElection.java:askForVotes(178)) - 05ace5f9-a5b7-4bc6-b4fa-26d4e24ae00c@group-515877FFDAAC-LeaderElection470: begin an election at term 47 for -1: [05ace5f9-a5b7-4bc6-b4fa-26d4e24ae00c:192.168.164.217:42356, d92c9463-8e05-4a70-8cc7-1d31ae7ac64a:192.168.164.217:37180, d7b60609-c805-4df6-8140-a27c681dae80:192.168.164.217:37880], old=null
2019-11-05 08:34:28,535 [grpc-default-executor-17] INFO  impl.RaftServerImpl (RaftServerImpl.java:setRole(184)) - d92c9463-8e05-4a70-8cc7-1d31ae7ac64a@group-515877FFDAAC: changes role from  FOLLOWER to FOLLOWER at term 47 for recognizeCandidate:05ace5f9-a5b7-4bc6-b4fa-26d4e24ae00c
2019-11-05 08:34:28,536 [grpc-default-executor-17] INFO  impl.RoleInfo (RoleInfo.java:shutdownFollowerState(121)) - d92c9463-8e05-4a70-8cc7-1d31ae7ac64a: shutdown FollowerState
2019-11-05 08:34:28,536 [grpc-default-executor-17] INFO  impl.RoleInfo (RoleInfo.java:updateAndGet(143)) - d92c9463-8e05-4a70-8cc7-1d31ae7ac64a: start FollowerState
2019-11-05 08:34:28,536 [Thread-3864] INFO  impl.FollowerState (FollowerState.java:run(117)) - d92c9463-8e05-4a70-8cc7-1d31ae7ac64a@group-515877FFDAAC-FollowerState was interrupted: java.lang.InterruptedException: sleep interrupted
2019-11-05 08:34:28,536 [grpc-default-executor-13] INFO  impl.RaftServerImpl (RaftServerImpl.java:setRole(184)) - d7b60609-c805-4df6-8140-a27c681dae80@group-515877FFDAAC: changes role from  FOLLOWER to FOLLOWER at term 47 for recognizeCandidate:05ace5f9-a5b7-4bc6-b4fa-26d4e24ae00c
2019-11-05 08:34:28,536 [grpc-default-executor-13] INFO  impl.RoleInfo (RoleInfo.java:shutdownFollowerState(121)) - d7b60609-c805-4df6-8140-a27c681dae80: shutdown FollowerState
2019-11-05 08:34:28,536 [grpc-default-executor-13] INFO  impl.RoleInfo (RoleInfo.java:updateAndGet(143)) - d7b60609-c805-4df6-8140-a27c681dae80: start FollowerState
2019-11-05 08:34:28,536 [Thread-3865] INFO  impl.FollowerState (FollowerState.java:run(117)) - d7b60609-c805-4df6-8140-a27c681dae80@group-515877FFDAAC-FollowerState was interrupted: java.lang.InterruptedException: sleep interrupted
2019-11-05 08:34:28,550 [05ace5f9-a5b7-4bc6-b4fa-26d4e24ae00c@group-515877FFDAAC-LeaderElection470] INFO  impl.LeaderElection (LeaderElection.java:logAndReturn(56)) - 05ace5f9-a5b7-4bc6-b4fa-26d4e24ae00c@group-515877FFDAAC-LeaderElection470: Election REJECTED; received 2 response(s) [05ace5f9-a5b7-4bc6-b4fa-26d4e24ae00c<-d92c9463-8e05-4a70-8cc7-1d31ae7ac64a#0:FAIL-t47, 05ace5f9-a5b7-4bc6-b4fa-26d4e24ae00c<-d7b60609-c805-4df6-8140-a27c681dae80#0:FAIL-t47] and 0 exception(s); 05ace5f9-a5b7-4bc6-b4fa-26d4e24ae00c@group-515877FFDAAC:t47, leader=null, voted=05ace5f9-a5b7-4bc6-b4fa-26d4e24ae00c, raftlog=05ace5f9-a5b7-4bc6-b4fa-26d4e24ae00c@group-515877FFDAAC-SegmentedRaftLog:OPENED:c-1,f-1,i0, conf=-1: [05ace5f9-a5b7-4bc6-b4fa-26d4e24ae00c:192.168.164.217:42356, d92c9463-8e05-4a70-8cc7-1d31ae7ac64a:192.168.164.217:37180, d7b60609-c805-4df6-8140-a27c681dae80:192.168.164.217:37880], old=null
2019-11-05 08:34:28,550 [05ace5f9-a5b7-4bc6-b4fa-26d4e24ae00c@group-515877FFDAAC-LeaderElection470] INFO  impl.RaftServerImpl (RaftServerImpl.java:setRole(184)) - 05ace5f9-a5b7-4bc6-b4fa-26d4e24ae00c@group-515877FFDAAC: changes role from CANDIDATE to FOLLOWER at term 47 for DISCOVERED_A_NEW_TERM
2019-11-05 08:34:28,551 [05ace5f9-a5b7-4bc6-b4fa-26d4e24ae00c@group-515877FFDAAC-LeaderElection470] INFO  impl.RoleInfo (RoleInfo.java:shutdownLeaderElection(134)) - 05ace5f9-a5b7-4bc6-b4fa-26d4e24ae00c: shutdown LeaderElection
2019-11-05 08:34:28,551 [05ace5f9-a5b7-4bc6-b4fa-26d4e24ae00c@group-515877FFDAAC-LeaderElection470] INFO  impl.RoleInfo (RoleInfo.java:updateAndGet(143)) - 05ace5f9-a5b7-4bc6-b4fa-26d4e24ae00c: start FollowerState
2019-11-05 08:34:28,687 [Thread-3872] INFO  impl.FollowerState (FollowerState.java:run(108)) - 05ace5f9-a5b7-4bc6-b4fa-26d4e24ae00c@group-515877FFDAAC-FollowerState: change to CANDIDATE, lastRpcTime:136ms, electionTimeout:136ms
2019-11-05 08:34:28,687 [Thread-3872] INFO  impl.RoleInfo (RoleInfo.java:shutdownFollowerState(121)) - 05ace5f9-a5b7-4bc6-b4fa-26d4e24ae00c: shutdown FollowerState
2019-11-05 08:34:28,687 [Thread-3872] INFO  impl.RaftServerImpl (RaftServerImpl.java:setRole(184)) - 05ace5f9-a5b7-4bc6-b4fa-26d4e24ae00c@group-515877FFDAAC: changes role from  FOLLOWER to CANDIDATE at term 47 for changeToCandidate
2019-11-05 08:34:28,687 [Thread-3872] INFO  impl.RoleInfo (RoleInfo.java:updateAndGet(143)) - 05ace5f9-a5b7-4bc6-b4fa-26d4e24ae00c: start LeaderElection
2019-11-05 08:34:28,701 [05ace5f9-a5b7-4bc6-b4fa-26d4e24ae00c@group-515877FFDAAC-LeaderElection471] INFO  impl.LeaderElection (LeaderElection.java:askForVotes(178)) - 05ace5f9-a5b7-4bc6-b4fa-26d4e24ae00c@group-515877FFDAAC-LeaderElection471: begin an election at term 48 for -1: [05ace5f9-a5b7-4bc6-b4fa-26d4e24ae00c:192.168.164.217:42356, d92c9463-8e05-4a70-8cc7-1d31ae7ac64a:192.168.164.217:37180, d7b60609-c805-4df6-8140-a27c681dae80:192.168.164.217:37880], old=null
2019-11-05 08:34:28,702 [grpc-default-executor-13] INFO  impl.RaftServerImpl (RaftServerImpl.java:setRole(184)) - d92c9463-8e05-4a70-8cc7-1d31ae7ac64a@group-515877FFDAAC: changes role from  FOLLOWER to FOLLOWER at term 48 for recognizeCandidate:05ace5f9-a5b7-4bc6-b4fa-26d4e24ae00c
2019-11-05 08:34:28,702 [grpc-default-executor-13] INFO  impl.RoleInfo (RoleInfo.java:shutdownFollowerState(121)) - d92c9463-8e05-4a70-8cc7-1d31ae7ac64a: shutdown FollowerState
2019-11-05 08:34:28,702 [grpc-default-executor-17] INFO  impl.RaftServerImpl (RaftServerImpl.java:setRole(184)) - d7b60609-c805-4df6-8140-a27c681dae80@group-515877FFDAAC: changes role from  FOLLOWER to FOLLOWER at term 48 for recognizeCandidate:05ace5f9-a5b7-4bc6-b4fa-26d4e24ae00c
2019-11-05 08:34:28,703 [grpc-default-executor-17] INFO  impl.RoleInfo (RoleInfo.java:shutdownFollowerState(121)) - d7b60609-c805-4df6-8140-a27c681dae80: shutdown FollowerState
2019-11-05 08:34:28,703 [Thread-3870] INFO  impl.FollowerState (FollowerState.java:run(117)) - d92c9463-8e05-4a70-8cc7-1d31ae7ac64a@group-515877FFDAAC-FollowerState was interrupted: java.lang.InterruptedException: sleep interrupted
2019-11-05 08:34:28,703 [Thread-3871] INFO  impl.FollowerState (FollowerState.java:run(117)) - d7b60609-c805-4df6-8140-a27c681dae80@group-515877FFDAAC-FollowerState was interrupted: java.lang.InterruptedException: sleep interrupted
2019-11-05 08:34:28,703 [grpc-default-executor-13] INFO  impl.RoleInfo (RoleInfo.java:updateAndGet(143)) - d92c9463-8e05-4a70-8cc7-1d31ae7ac64a: start FollowerState
2019-11-05 08:34:28,703 [grpc-default-executor-17] INFO  impl.RoleInfo (RoleInfo.java:updateAndGet(143)) - d7b60609-c805-4df6-8140-a27c681dae80: start FollowerState
2019-11-05 08:34:28,715 [05ace5f9-a5b7-4bc6-b4fa-26d4e24ae00c@group-515877FFDAAC-LeaderElection471] INFO  impl.LeaderElection (LeaderElection.java:logAndReturn(56)) - 05ace5f9-a5b7-4bc6-b4fa-26d4e24ae00c@group-515877FFDAAC-LeaderElection471: Election REJECTED; received 2 response(s) [05ace5f9-a5b7-4bc6-b4fa-26d4e24ae00c<-d92c9463-8e05-4a70-8cc7-1d31ae7ac64a#0:FAIL-t48, 05ace5f9-a5b7-4bc6-b4fa-26d4e24ae00c<-d7b60609-c805-4df6-8140-a27c681dae80#0:FAIL-t48] and 0 exception(s); 05ace5f9-a5b7-4bc6-b4fa-26d4e24ae00c@group-515877FFDAAC:t48, leader=null, voted=05ace5f9-a5b7-4bc6-b4fa-26d4e24ae00c, raftlog=05ace5f9-a5b7-4bc6-b4fa-26d4e24ae00c@group-515877FFDAAC-SegmentedRaftLog:OPENED:c-1,f-1,i0, conf=-1: [05ace5f9-a5b7-4bc6-b4fa-26d4e24ae00c:192.168.164.217:42356, d92c9463-8e05-4a70-8cc7-1d31ae7ac64a:192.168.164.217:37180, d7b60609-c805-4df6-8140-a27c681dae80:192.168.164.217:37880], old=null
2019-11-05 08:34:28,716 [05ace5f9-a5b7-4bc6-b4fa-26d4e24ae00c@group-515877FFDAAC-LeaderElection471] INFO  impl.RaftServerImpl (RaftServerImpl.java:setRole(184)) - 05ace5f9-a5b7-4bc6-b4fa-26d4e24ae00c@group-515877FFDAAC: changes role from CANDIDATE to FOLLOWER at term 48 for DISCOVERED_A_NEW_TERM
2019-11-05 08:34:28,716 [05ace5f9-a5b7-4bc6-b4fa-26d4e24ae00c@group-515877FFDAAC-LeaderElection471] INFO  impl.RoleInfo (RoleInfo.java:shutdownLeaderElection(134)) - 05ace5f9-a5b7-4bc6-b4fa-26d4e24ae00c: shutdown LeaderElection
2019-11-05 08:34:28,716 [05ace5f9-a5b7-4bc6-b4fa-26d4e24ae00c@group-515877FFDAAC-LeaderElection471] INFO  impl.RoleInfo (RoleInfo.java:updateAndGet(143)) - 05ace5f9-a5b7-4bc6-b4fa-26d4e24ae00c: start FollowerState
2019-11-05 08:34:28,875 [Thread-3880] INFO  impl.FollowerState (FollowerState.java:run(108)) - 05ace5f9-a5b7-4bc6-b4fa-26d4e24ae00c@group-515877FFDAAC-FollowerState: change to CANDIDATE, lastRpcTime:159ms, electionTimeout:159ms
2019-11-05 08:34:28,875 [Thread-3880] INFO  impl.RoleInfo (RoleInfo.java:shutdownFollowerState(121)) - 05ace5f9-a5b7-4bc6-b4fa-26d4e24ae00c: shutdown FollowerState
2019-11-05 08:34:28,875 [Thread-3880] INFO  impl.RaftServerImpl (RaftServerImpl.java:setRole(184)) - 05ace5f9-a5b7-4bc6-b4fa-26d4e24ae00c@group-515877FFDAAC: changes role from  FOLLOWER to CANDIDATE at term 48 for changeToCandidate
2019-11-05 08:34:28,875 [Thread-3880] INFO  impl.RoleInfo (RoleInfo.java:updateAndGet(143)) - 05ace5f9-a5b7-4bc6-b4fa-26d4e24ae00c: start LeaderElection
2019-11-05 08:34:28,889 [05ace5f9-a5b7-4bc6-b4fa-26d4e24ae00c@group-515877FFDAAC-LeaderElection472] INFO  impl.LeaderElection (LeaderElection.java:askForVotes(178)) - 05ace5f9-a5b7-4bc6-b4fa-26d4e24ae00c@group-515877FFDAAC-LeaderElection472: begin an election at term 49 for -1: [05ace5f9-a5b7-4bc6-b4fa-26d4e24ae00c:192.168.164.217:42356, d92c9463-8e05-4a70-8cc7-1d31ae7ac64a:192.168.164.217:37180, d7b60609-c805-4df6-8140-a27c681dae80:192.168.164.217:37880], old=null
2019-11-05 08:34:28,891 [grpc-default-executor-17] INFO  impl.RaftServerImpl (RaftServerImpl.java:setRole(184)) - d92c9463-8e05-4a70-8cc7-1d31ae7ac64a@group-515877FFDAAC: changes role from  FOLLOWER to FOLLOWER at term 49 for recognizeCandidate:05ace5f9-a5b7-4bc6-b4fa-26d4e24ae00c
2019-11-05 08:34:28,891 [grpc-default-executor-17] INFO  impl.RoleInfo (RoleInfo.java:shutdownFollowerState(121)) - d92c9463-8e05-4a70-8cc7-1d31ae7ac64a: shutdown FollowerState
2019-11-05 08:34:28,891 [grpc-default-executor-13] INFO  impl.RaftServerImpl (RaftServerImpl.java:setRole(184)) - d7b60609-c805-4df6-8140-a27c681dae80@group-515877FFDAAC: changes role from  FOLLOWER to FOLLOWER at term 49 for recognizeCandidate:05ace5f9-a5b7-4bc6-b4fa-26d4e24ae00c
2019-11-05 08:34:28,891 [grpc-default-executor-13] INFO  impl.RoleInfo (RoleInfo.java:shutdownFollowerState(121)) - d7b60609-c805-4df6-8140-a27c681dae80: shutdown FollowerState
2019-11-05 08:34:28,891 [Thread-3878] INFO  impl.FollowerState (FollowerState.java:run(117)) - d92c9463-8e05-4a70-8cc7-1d31ae7ac64a@group-515877FFDAAC-FollowerState was interrupted: java.lang.InterruptedException: sleep interrupted
2019-11-05 08:34:28,891 [grpc-default-executor-17] INFO  impl.RoleInfo (RoleInfo.java:updateAndGet(143)) - d92c9463-8e05-4a70-8cc7-1d31ae7ac64a: start FollowerState
2019-11-05 08:34:28,891 [Thread-3879] INFO  impl.FollowerState (FollowerState.java:run(117)) - d7b60609-c805-4df6-8140-a27c681dae80@group-515877FFDAAC-FollowerState was interrupted: java.lang.InterruptedException: sleep interrupted
2019-11-05 08:34:28,891 [grpc-default-executor-13] INFO  impl.RoleInfo (RoleInfo.java:updateAndGet(143)) - d7b60609-c805-4df6-8140-a27c681dae80: start FollowerState
2019-11-05 08:34:28,901 [05ace5f9-a5b7-4bc6-b4fa-26d4e24ae00c@group-515877FFDAAC-LeaderElection472] INFO  impl.LeaderElection (LeaderElection.java:logAndReturn(56)) - 05ace5f9-a5b7-4bc6-b4fa-26d4e24ae00c@group-515877FFDAAC-LeaderElection472: Election REJECTED; received 2 response(s) [05ace5f9-a5b7-4bc6-b4fa-26d4e24ae00c<-d92c9463-8e05-4a70-8cc7-1d31ae7ac64a#0:FAIL-t49, 05ace5f9-a5b7-4bc6-b4fa-26d4e24ae00c<-d7b60609-c805-4df6-8140-a27c681dae80#0:FAIL-t49] and 0 exception(s); 05ace5f9-a5b7-4bc6-b4fa-26d4e24ae00c@group-515877FFDAAC:t49, leader=null, voted=05ace5f9-a5b7-4bc6-b4fa-26d4e24ae00c, raftlog=05ace5f9-a5b7-4bc6-b4fa-26d4e24ae00c@group-515877FFDAAC-SegmentedRaftLog:OPENED:c-1,f-1,i0, conf=-1: [05ace5f9-a5b7-4bc6-b4fa-26d4e24ae00c:192.168.164.217:42356, d92c9463-8e05-4a70-8cc7-1d31ae7ac64a:192.168.164.217:37180, d7b60609-c805-4df6-8140-a27c681dae80:192.168.164.217:37880], old=null
2019-11-05 08:34:28,901 [05ace5f9-a5b7-4bc6-b4fa-26d4e24ae00c@group-515877FFDAAC-LeaderElection472] INFO  impl.RaftServerImpl (RaftServerImpl.java:setRole(184)) - 05ace5f9-a5b7-4bc6-b4fa-26d4e24ae00c@group-515877FFDAAC: changes role from CANDIDATE to FOLLOWER at term 49 for DISCOVERED_A_NEW_TERM
2019-11-05 08:34:28,901 [05ace5f9-a5b7-4bc6-b4fa-26d4e24ae00c@group-515877FFDAAC-LeaderElection472] INFO  impl.RoleInfo (RoleInfo.java:shutdownLeaderElection(134)) - 05ace5f9-a5b7-4bc6-b4fa-26d4e24ae00c: shutdown LeaderElection
2019-11-05 08:34:28,902 [05ace5f9-a5b7-4bc6-b4fa-26d4e24ae00c@group-515877FFDAAC-LeaderElection472] INFO  impl.RoleInfo (RoleInfo.java:updateAndGet(143)) - 05ace5f9-a5b7-4bc6-b4fa-26d4e24ae00c: start FollowerState
2019-11-05 08:34:28,952 [Thread-3888] INFO  impl.FollowerState (FollowerState.java:run(108)) - 05ace5f9-a5b7-4bc6-b4fa-26d4e24ae00c@group-515877FFDAAC-FollowerState: change to CANDIDATE, lastRpcTime:50ms, electionTimeout:50ms
2019-11-05 08:34:28,952 [Thread-3888] INFO  impl.RoleInfo (RoleInfo.java:shutdownFollowerState(121)) - 05ace5f9-a5b7-4bc6-b4fa-26d4e24ae00c: shutdown FollowerState
2019-11-05 08:34:28,952 [Thread-3888] INFO  impl.RaftServerImpl (RaftServerImpl.java:setRole(184)) - 05ace5f9-a5b7-4bc6-b4fa-26d4e24ae00c@group-515877FFDAAC: changes role from  FOLLOWER to CANDIDATE at term 49 for changeToCandidate
2019-11-05 08:34:28,952 [Thread-3888] INFO  impl.RoleInfo (RoleInfo.java:updateAndGet(143)) - 05ace5f9-a5b7-4bc6-b4fa-26d4e24ae00c: start LeaderElection
2019-11-05 08:34:28,979 [05ace5f9-a5b7-4bc6-b4fa-26d4e24ae00c@group-515877FFDAAC-LeaderElection473] INFO  impl.LeaderElection (LeaderElection.java:askForVotes(178)) - 05ace5f9-a5b7-4bc6-b4fa-26d4e24ae00c@group-515877FFDAAC-LeaderElection473: begin an election at term 50 for -1: [05ace5f9-a5b7-4bc6-b4fa-26d4e24ae00c:192.168.164.217:42356, d92c9463-8e05-4a70-8cc7-1d31ae7ac64a:192.168.164.217:37180, d7b60609-c805-4df6-8140-a27c681dae80:192.168.164.217:37880], old=null
2019-11-05 08:34:28,981 [grpc-default-executor-13] INFO  impl.RaftServerImpl (RaftServerImpl.java:setRole(184)) - d92c9463-8e05-4a70-8cc7-1d31ae7ac64a@group-515877FFDAAC: changes role from  FOLLOWER to FOLLOWER at term 50 for recognizeCandidate:05ace5f9-a5b7-4bc6-b4fa-26d4e24ae00c
2019-11-05 08:34:28,981 [grpc-default-executor-13] INFO  impl.RoleInfo (RoleInfo.java:shutdownFollowerState(121)) - d92c9463-8e05-4a70-8cc7-1d31ae7ac64a: shutdown FollowerState
2019-11-05 08:34:28,981 [grpc-default-executor-17] INFO  impl.RaftServerImpl (RaftServerImpl.java:setRole(184)) - d7b60609-c805-4df6-8140-a27c681dae80@group-515877FFDAAC: changes role from  FOLLOWER to FOLLOWER at term 50 for recognizeCandidate:05ace5f9-a5b7-4bc6-b4fa-26d4e24ae00c
2019-11-05 08:34:28,981 [Thread-3886] INFO  impl.FollowerState (FollowerState.java:run(117)) - d92c9463-8e05-4a70-8cc7-1d31ae7ac64a@group-515877FFDAAC-FollowerState was interrupted: java.lang.InterruptedException: sleep interrupted
2019-11-05 08:34:28,981 [grpc-default-executor-13] INFO  impl.RoleInfo (RoleInfo.java:updateAndGet(143)) - d92c9463-8e05-4a70-8cc7-1d31ae7ac64a: start FollowerState
2019-11-05 08:34:28,981 [grpc-default-executor-17] INFO  impl.RoleInfo (RoleInfo.java:shutdownFollowerState(121)) - d7b60609-c805-4df6-8140-a27c681dae80: shutdown FollowerState
2019-11-05 08:34:28,981 [grpc-default-executor-17] INFO  impl.RoleInfo (RoleInfo.java:updateAndGet(143)) - d7b60609-c805-4df6-8140-a27c681dae80: start FollowerState
2019-11-05 08:34:28,982 [Thread-3887] INFO  impl.FollowerState (FollowerState.java:run(117)) - d7b60609-c805-4df6-8140-a27c681dae80@group-515877FFDAAC-FollowerState was interrupted: java.lang.InterruptedException: sleep interrupted
2019-11-05 08:34:29,003 [05ace5f9-a5b7-4bc6-b4fa-26d4e24ae00c@group-515877FFDAAC-LeaderElection473] INFO  impl.LeaderElection (LeaderElection.java:logAndReturn(56)) - 05ace5f9-a5b7-4bc6-b4fa-26d4e24ae00c@group-515877FFDAAC-LeaderElection473: Election REJECTED; received 2 response(s) [05ace5f9-a5b7-4bc6-b4fa-26d4e24ae00c<-d92c9463-8e05-4a70-8cc7-1d31ae7ac64a#0:FAIL-t50, 05ace5f9-a5b7-4bc6-b4fa-26d4e24ae00c<-d7b60609-c805-4df6-8140-a27c681dae80#0:FAIL-t50] and 0 exception(s); 05ace5f9-a5b7-4bc6-b4fa-26d4e24ae00c@group-515877FFDAAC:t50, leader=null, voted=05ace5f9-a5b7-4bc6-b4fa-26d4e24ae00c, raftlog=05ace5f9-a5b7-4bc6-b4fa-26d4e24ae00c@group-515877FFDAAC-SegmentedRaftLog:OPENED:c-1,f-1,i0, conf=-1: [05ace5f9-a5b7-4bc6-b4fa-26d4e24ae00c:192.168.164.217:42356, d92c9463-8e05-4a70-8cc7-1d31ae7ac64a:192.168.164.217:37180, d7b60609-c805-4df6-8140-a27c681dae80:192.168.164.217:37880], old=null
2019-11-05 08:34:29,003 [05ace5f9-a5b7-4bc6-b4fa-26d4e24ae00c@group-515877FFDAAC-LeaderElection473] INFO  impl.RaftServerImpl (RaftServerImpl.java:setRole(184)) - 05ace5f9-a5b7-4bc6-b4fa-26d4e24ae00c@group-515877FFDAAC: changes role from CANDIDATE to FOLLOWER at term 50 for DISCOVERED_A_NEW_TERM
2019-11-05 08:34:29,003 [05ace5f9-a5b7-4bc6-b4fa-26d4e24ae00c@group-515877FFDAAC-LeaderElection473] INFO  impl.RoleInfo (RoleInfo.java:shutdownLeaderElection(134)) - 05ace5f9-a5b7-4bc6-b4fa-26d4e24ae00c: shutdown LeaderElection
2019-11-05 08:34:29,003 [05ace5f9-a5b7-4bc6-b4fa-26d4e24ae00c@group-515877FFDAAC-LeaderElection473] INFO  impl.RoleInfo (RoleInfo.java:updateAndGet(143)) - 05ace5f9-a5b7-4bc6-b4fa-26d4e24ae00c: start FollowerState
2019-11-05 08:34:29,047 [Thread-3894] INFO  impl.FollowerState (FollowerState.java:run(108)) - 05ace5f9-a5b7-4bc6-b4fa-26d4e24ae00c@group-515877FFDAAC-FollowerState: change to CANDIDATE, lastRpcTime:43ms, electionTimeout:43ms
2019-11-05 08:34:29,047 [Thread-3894] INFO  impl.RoleInfo (RoleInfo.java:shutdownFollowerState(121)) - 05ace5f9-a5b7-4bc6-b4fa-26d4e24ae00c: shutdown FollowerState
2019-11-05 08:34:29,047 [Thread-3894] INFO  impl.RaftServerImpl (RaftServerImpl.java:setRole(184)) - 05ace5f9-a5b7-4bc6-b4fa-26d4e24ae00c@group-515877FFDAAC: changes role from  FOLLOWER to CANDIDATE at term 50 for changeToCandidate
2019-11-05 08:34:29,047 [Thread-3894] INFO  impl.RoleInfo (RoleInfo.java:updateAndGet(143)) - 05ace5f9-a5b7-4bc6-b4fa-26d4e24ae00c: start LeaderElection
2019-11-05 08:34:29,060 [05ace5f9-a5b7-4bc6-b4fa-26d4e24ae00c@group-515877FFDAAC-LeaderElection474] INFO  impl.LeaderElection (LeaderElection.java:askForVotes(178)) - 05ace5f9-a5b7-4bc6-b4fa-26d4e24ae00c@group-515877FFDAAC-LeaderElection474: begin an election at term 51 for -1: [05ace5f9-a5b7-4bc6-b4fa-26d4e24ae00c:192.168.164.217:42356, d92c9463-8e05-4a70-8cc7-1d31ae7ac64a:192.168.164.217:37180, d7b60609-c805-4df6-8140-a27c681dae80:192.168.164.217:37880], old=null
2019-11-05 08:34:29,062 [grpc-default-executor-13] INFO  impl.RaftServerImpl (RaftServerImpl.java:setRole(184)) - d92c9463-8e05-4a70-8cc7-1d31ae7ac64a@group-515877FFDAAC: changes role from  FOLLOWER to FOLLOWER at term 51 for recognizeCandidate:05ace5f9-a5b7-4bc6-b4fa-26d4e24ae00c
2019-11-05 08:34:29,062 [grpc-default-executor-13] INFO  impl.RoleInfo (RoleInfo.java:shutdownFollowerState(121)) - d92c9463-8e05-4a70-8cc7-1d31ae7ac64a: shutdown FollowerState
2019-11-05 08:34:29,062 [grpc-default-executor-13] INFO  impl.RoleInfo (RoleInfo.java:updateAndGet(143)) - d92c9463-8e05-4a70-8cc7-1d31ae7ac64a: start FollowerState
2019-11-05 08:34:29,062 [grpc-default-executor-17] INFO  impl.RaftServerImpl (RaftServerImpl.java:setRole(184)) - d7b60609-c805-4df6-8140-a27c681dae80@group-515877FFDAAC: changes role from  FOLLOWER to FOLLOWER at term 51 for recognizeCandidate:05ace5f9-a5b7-4bc6-b4fa-26d4e24ae00c
2019-11-05 08:34:29,062 [Thread-3892] INFO  impl.FollowerState (FollowerState.java:run(117)) - d92c9463-8e05-4a70-8cc7-1d31ae7ac64a@group-515877FFDAAC-FollowerState was interrupted: java.lang.InterruptedException: sleep interrupted
2019-11-05 08:34:29,062 [grpc-default-executor-17] INFO  impl.RoleInfo (RoleInfo.java:shutdownFollowerState(121)) - d7b60609-c805-4df6-8140-a27c681dae80: shutdown FollowerState
2019-11-05 08:34:29,063 [grpc-default-executor-17] INFO  impl.RoleInfo (RoleInfo.java:updateAndGet(143)) - d7b60609-c805-4df6-8140-a27c681dae80: start FollowerState
2019-11-05 08:34:29,063 [Thread-3893] INFO  impl.FollowerState (FollowerState.java:run(117)) - d7b60609-c805-4df6-8140-a27c681dae80@group-515877FFDAAC-FollowerState was interrupted: java.lang.InterruptedException: sleep interrupted
2019-11-05 08:34:29,082 [05ace5f9-a5b7-4bc6-b4fa-26d4e24ae00c@group-515877FFDAAC-LeaderElection474] INFO  impl.LeaderElection (LeaderElection.java:logAndReturn(56)) - 05ace5f9-a5b7-4bc6-b4fa-26d4e24ae00c@group-515877FFDAAC-LeaderElection474: Election REJECTED; received 2 response(s) [05ace5f9-a5b7-4bc6-b4fa-26d4e24ae00c<-d92c9463-8e05-4a70-8cc7-1d31ae7ac64a#0:FAIL-t51, 05ace5f9-a5b7-4bc6-b4fa-26d4e24ae00c<-d7b60609-c805-4df6-8140-a27c681dae80#0:FAIL-t51] and 0 exception(s); 05ace5f9-a5b7-4bc6-b4fa-26d4e24ae00c@group-515877FFDAAC:t51, leader=null, voted=05ace5f9-a5b7-4bc6-b4fa-26d4e24ae00c, raftlog=05ace5f9-a5b7-4bc6-b4fa-26d4e24ae00c@group-515877FFDAAC-SegmentedRaftLog:OPENED:c-1,f-1,i0, conf=-1: [05ace5f9-a5b7-4bc6-b4fa-26d4e24ae00c:192.168.164.217:42356, d92c9463-8e05-4a70-8cc7-1d31ae7ac64a:192.168.164.217:37180, d7b60609-c805-4df6-8140-a27c681dae80:192.168.164.217:37880], old=null
2019-11-05 08:34:29,082 [05ace5f9-a5b7-4bc6-b4fa-26d4e24ae00c@group-515877FFDAAC-LeaderElection474] INFO  impl.RaftServerImpl (RaftServerImpl.java:setRole(184)) - 05ace5f9-a5b7-4bc6-b4fa-26d4e24ae00c@group-515877FFDAAC: changes role from CANDIDATE to FOLLOWER at term 51 for DISCOVERED_A_NEW_TERM
2019-11-05 08:34:29,082 [05ace5f9-a5b7-4bc6-b4fa-26d4e24ae00c@group-515877FFDAAC-LeaderElection474] INFO  impl.RoleInfo (RoleInfo.java:shutdownLeaderElection(134)) - 05ace5f9-a5b7-4bc6-b4fa-26d4e24ae00c: shutdown LeaderElection
2019-11-05 08:34:29,082 [05ace5f9-a5b7-4bc6-b4fa-26d4e24ae00c@group-515877FFDAAC-LeaderElection474] INFO  impl.RoleInfo (RoleInfo.java:updateAndGet(143)) - 05ace5f9-a5b7-4bc6-b4fa-26d4e24ae00c: start FollowerState
2019-11-05 08:34:29,183 [Thread-3902] INFO  impl.FollowerState (FollowerState.java:run(108)) - 05ace5f9-a5b7-4bc6-b4fa-26d4e24ae00c@group-515877FFDAAC-FollowerState: change to CANDIDATE, lastRpcTime:100ms, electionTimeout:100ms
2019-11-05 08:34:29,183 [Thread-3902] INFO  impl.RoleInfo (RoleInfo.java:shutdownFollowerState(121)) - 05ace5f9-a5b7-4bc6-b4fa-26d4e24ae00c: shutdown FollowerState
2019-11-05 08:34:29,183 [Thread-3902] INFO  impl.RaftServerImpl (RaftServerImpl.java:setRole(184)) - 05ace5f9-a5b7-4bc6-b4fa-26d4e24ae00c@group-515877FFDAAC: changes role from  FOLLOWER to CANDIDATE at term 51 for changeToCandidate
2019-11-05 08:34:29,183 [Thread-3902] INFO  impl.RoleInfo (RoleInfo.java:updateAndGet(143)) - 05ace5f9-a5b7-4bc6-b4fa-26d4e24ae00c: start LeaderElection
2019-11-05 08:34:29,198 [05ace5f9-a5b7-4bc6-b4fa-26d4e24ae00c@group-515877FFDAAC-LeaderElection475] INFO  impl.LeaderElection (LeaderElection.java:askForVotes(178)) - 05ace5f9-a5b7-4bc6-b4fa-26d4e24ae00c@group-515877FFDAAC-LeaderElection475: begin an election at term 52 for -1: [05ace5f9-a5b7-4bc6-b4fa-26d4e24ae00c:192.168.164.217:42356, d92c9463-8e05-4a70-8cc7-1d31ae7ac64a:192.168.164.217:37180, d7b60609-c805-4df6-8140-a27c681dae80:192.168.164.217:37880], old=null
2019-11-05 08:34:29,200 [grpc-default-executor-13] INFO  impl.RaftServerImpl (RaftServerImpl.java:setRole(184)) - d7b60609-c805-4df6-8140-a27c681dae80@group-515877FFDAAC: changes role from  FOLLOWER to FOLLOWER at term 52 for recognizeCandidate:05ace5f9-a5b7-4bc6-b4fa-26d4e24ae00c
2019-11-05 08:34:29,200 [grpc-default-executor-10] INFO  impl.RaftServerImpl (RaftServerImpl.java:setRole(184)) - d92c9463-8e05-4a70-8cc7-1d31ae7ac64a@group-515877FFDAAC: changes role from  FOLLOWER to FOLLOWER at term 52 for recognizeCandidate:05ace5f9-a5b7-4bc6-b4fa-26d4e24ae00c
2019-11-05 08:34:29,200 [grpc-default-executor-10] INFO  impl.RoleInfo (RoleInfo.java:shutdownFollowerState(121)) - d92c9463-8e05-4a70-8cc7-1d31ae7ac64a: shutdown FollowerState
2019-11-05 08:34:29,200 [grpc-default-executor-13] INFO  impl.RoleInfo (RoleInfo.java:shutdownFollowerState(121)) - d7b60609-c805-4df6-8140-a27c681dae80: shutdown FollowerState
2019-11-05 08:34:29,200 [Thread-3899] INFO  impl.FollowerState (FollowerState.java:run(117)) - d92c9463-8e05-4a70-8cc7-1d31ae7ac64a@group-515877FFDAAC-FollowerState was interrupted: java.lang.InterruptedException: sleep interrupted
2019-11-05 08:34:29,200 [grpc-default-executor-10] INFO  impl.RoleInfo (RoleInfo.java:updateAndGet(143)) - d92c9463-8e05-4a70-8cc7-1d31ae7ac64a: start FollowerState
2019-11-05 08:34:29,201 [Thread-3900] INFO  impl.FollowerState (FollowerState.java:run(117)) - d7b60609-c805-4df6-8140-a27c681dae80@group-515877FFDAAC-FollowerState was interrupted: java.lang.InterruptedException: sleep interrupted
2019-11-05 08:34:29,201 [grpc-default-executor-13] INFO  impl.RoleInfo (RoleInfo.java:updateAndGet(143)) - d7b60609-c805-4df6-8140-a27c681dae80: start FollowerState
2019-11-05 08:34:29,215 [05ace5f9-a5b7-4bc6-b4fa-26d4e24ae00c@group-515877FFDAAC-LeaderElection475] INFO  impl.LeaderElection (LeaderElection.java:logAndReturn(56)) - 05ace5f9-a5b7-4bc6-b4fa-26d4e24ae00c@group-515877FFDAAC-LeaderElection475: Election REJECTED; received 2 response(s) [05ace5f9-a5b7-4bc6-b4fa-26d4e24ae00c<-d92c9463-8e05-4a70-8cc7-1d31ae7ac64a#0:FAIL-t52, 05ace5f9-a5b7-4bc6-b4fa-26d4e24ae00c<-d7b60609-c805-4df6-8140-a27c681dae80#0:FAIL-t52] and 0 exception(s); 05ace5f9-a5b7-4bc6-b4fa-26d4e24ae00c@group-515877FFDAAC:t52, leader=null, voted=05ace5f9-a5b7-4bc6-b4fa-26d4e24ae00c, raftlog=05ace5f9-a5b7-4bc6-b4fa-26d4e24ae00c@group-515877FFDAAC-SegmentedRaftLog:OPENED:c-1,f-1,i0, conf=-1: [05ace5f9-a5b7-4bc6-b4fa-26d4e24ae00c:192.168.164.217:42356, d92c9463-8e05-4a70-8cc7-1d31ae7ac64a:192.168.164.217:37180, d7b60609-c805-4df6-8140-a27c681dae80:192.168.164.217:37880], old=null
2019-11-05 08:34:29,215 [05ace5f9-a5b7-4bc6-b4fa-26d4e24ae00c@group-515877FFDAAC-LeaderElection475] INFO  impl.RaftServerImpl (RaftServerImpl.java:setRole(184)) - 05ace5f9-a5b7-4bc6-b4fa-26d4e24ae00c@group-515877FFDAAC: changes role from CANDIDATE to FOLLOWER at term 52 for DISCOVERED_A_NEW_TERM
2019-11-05 08:34:29,215 [05ace5f9-a5b7-4bc6-b4fa-26d4e24ae00c@group-515877FFDAAC-LeaderElection475] INFO  impl.RoleInfo (RoleInfo.java:shutdownLeaderElection(134)) - 05ace5f9-a5b7-4bc6-b4fa-26d4e24ae00c: shutdown LeaderElection
2019-11-05 08:34:29,215 [05ace5f9-a5b7-4bc6-b4fa-26d4e24ae00c@group-515877FFDAAC-LeaderElection475] INFO  impl.RoleInfo (RoleInfo.java:updateAndGet(143)) - 05ace5f9-a5b7-4bc6-b4fa-26d4e24ae00c: start FollowerState
2019-11-05 08:34:29,406 [Thread-3910] INFO  impl.FollowerState (FollowerState.java:run(108)) - 05ace5f9-a5b7-4bc6-b4fa-26d4e24ae00c@group-515877FFDAAC-FollowerState: change to CANDIDATE, lastRpcTime:191ms, electionTimeout:191ms
2019-11-05 08:34:29,406 [Thread-3910] INFO  impl.RoleInfo (RoleInfo.java:shutdownFollowerState(121)) - 05ace5f9-a5b7-4bc6-b4fa-26d4e24ae00c: shutdown FollowerState
2019-11-05 08:34:29,406 [Thread-3910] INFO  impl.RaftServerImpl (RaftServerImpl.java:setRole(184)) - 05ace5f9-a5b7-4bc6-b4fa-26d4e24ae00c@group-515877FFDAAC: changes role from  FOLLOWER to CANDIDATE at term 52 for changeToCandidate
2019-11-05 08:34:29,407 [Thread-3910] INFO  impl.RoleInfo (RoleInfo.java:updateAndGet(143)) - 05ace5f9-a5b7-4bc6-b4fa-26d4e24ae00c: start LeaderElection
2019-11-05 08:34:29,419 [05ace5f9-a5b7-4bc6-b4fa-26d4e24ae00c@group-515877FFDAAC-LeaderElection476] INFO  impl.LeaderElection (LeaderElection.java:askForVotes(178)) - 05ace5f9-a5b7-4bc6-b4fa-26d4e24ae00c@group-515877FFDAAC-LeaderElection476: begin an election at term 53 for -1: [05ace5f9-a5b7-4bc6-b4fa-26d4e24ae00c:192.168.164.217:42356, d92c9463-8e05-4a70-8cc7-1d31ae7ac64a:192.168.164.217:37180, d7b60609-c805-4df6-8140-a27c681dae80:192.168.164.217:37880], old=null
2019-11-05 08:34:29,421 [grpc-default-executor-10] INFO  impl.RaftServerImpl (RaftServerImpl.java:setRole(184)) - d92c9463-8e05-4a70-8cc7-1d31ae7ac64a@group-515877FFDAAC: changes role from  FOLLOWER to FOLLOWER at term 53 for recognizeCandidate:05ace5f9-a5b7-4bc6-b4fa-26d4e24ae00c
2019-11-05 08:34:29,421 [grpc-default-executor-10] INFO  impl.RoleInfo (RoleInfo.java:shutdownFollowerState(121)) - d92c9463-8e05-4a70-8cc7-1d31ae7ac64a: shutdown FollowerState
2019-11-05 08:34:29,421 [grpc-default-executor-10] INFO  impl.RoleInfo (RoleInfo.java:updateAndGet(143)) - d92c9463-8e05-4a70-8cc7-1d31ae7ac64a: start FollowerState
2019-11-05 08:34:29,421 [grpc-default-executor-13] INFO  impl.RaftServerImpl (RaftServerImpl.java:setRole(184)) - d7b60609-c805-4df6-8140-a27c681dae80@group-515877FFDAAC: changes role from  FOLLOWER to FOLLOWER at term 53 for recognizeCandidate:05ace5f9-a5b7-4bc6-b4fa-26d4e24ae00c
2019-11-05 08:34:29,422 [grpc-default-executor-13] INFO  impl.RoleInfo (RoleInfo.java:shutdownFollowerState(121)) - d7b60609-c805-4df6-8140-a27c681dae80: shutdown FollowerState
2019-11-05 08:34:29,421 [Thread-3908] INFO  impl.FollowerState (FollowerState.java:run(117)) - d92c9463-8e05-4a70-8cc7-1d31ae7ac64a@group-515877FFDAAC-FollowerState was interrupted: java.lang.InterruptedException: sleep interrupted
2019-11-05 08:34:29,422 [Thread-3909] INFO  impl.FollowerState (FollowerState.java:run(117)) - d7b60609-c805-4df6-8140-a27c681dae80@group-515877FFDAAC-FollowerState was interrupted: java.lang.InterruptedException: sleep interrupted
2019-11-05 08:34:29,422 [grpc-default-executor-13] INFO  impl.RoleInfo (RoleInfo.java:updateAndGet(143)) - d7b60609-c805-4df6-8140-a27c681dae80: start FollowerState
2019-11-05 08:34:29,438 [05ace5f9-a5b7-4bc6-b4fa-26d4e24ae00c@group-515877FFDAAC-LeaderElection476] INFO  impl.LeaderElection (LeaderElection.java:logAndReturn(56)) - 05ace5f9-a5b7-4bc6-b4fa-26d4e24ae00c@group-515877FFDAAC-LeaderElection476: Election REJECTED; received 2 response(s) [05ace5f9-a5b7-4bc6-b4fa-26d4e24ae00c<-d92c9463-8e05-4a70-8cc7-1d31ae7ac64a#0:FAIL-t53, 05ace5f9-a5b7-4bc6-b4fa-26d4e24ae00c<-d7b60609-c805-4df6-8140-a27c681dae80#0:FAIL-t53] and 0 exception(s); 05ace5f9-a5b7-4bc6-b4fa-26d4e24ae00c@group-515877FFDAAC:t53, leader=null, voted=05ace5f9-a5b7-4bc6-b4fa-26d4e24ae00c, raftlog=05ace5f9-a5b7-4bc6-b4fa-26d4e24ae00c@group-515877FFDAAC-SegmentedRaftLog:OPENED:c-1,f-1,i0, conf=-1: [05ace5f9-a5b7-4bc6-b4fa-26d4e24ae00c:192.168.164.217:42356, d92c9463-8e05-4a70-8cc7-1d31ae7ac64a:192.168.164.217:37180, d7b60609-c805-4df6-8140-a27c681dae80:192.168.164.217:37880], old=null
2019-11-05 08:34:29,438 [05ace5f9-a5b7-4bc6-b4fa-26d4e24ae00c@group-515877FFDAAC-LeaderElection476] INFO  impl.RaftServerImpl (RaftServerImpl.java:setRole(184)) - 05ace5f9-a5b7-4bc6-b4fa-26d4e24ae00c@group-515877FFDAAC: changes role from CANDIDATE to FOLLOWER at term 53 for DISCOVERED_A_NEW_TERM
2019-11-05 08:34:29,438 [05ace5f9-a5b7-4bc6-b4fa-26d4e24ae00c@group-515877FFDAAC-LeaderElection476] INFO  impl.RoleInfo (RoleInfo.java:shutdownLeaderElection(134)) - 05ace5f9-a5b7-4bc6-b4fa-26d4e24ae00c: shutdown LeaderElection
2019-11-05 08:34:29,438 [05ace5f9-a5b7-4bc6-b4fa-26d4e24ae00c@group-515877FFDAAC-LeaderElection476] INFO  impl.RoleInfo (RoleInfo.java:updateAndGet(143)) - 05ace5f9-a5b7-4bc6-b4fa-26d4e24ae00c: start FollowerState
2019-11-05 08:34:29,573 [Thread-3918] INFO  impl.FollowerState (FollowerState.java:run(108)) - 05ace5f9-a5b7-4bc6-b4fa-26d4e24ae00c@group-515877FFDAAC-FollowerState: change to CANDIDATE, lastRpcTime:134ms, electionTimeout:134ms
2019-11-05 08:34:29,573 [Thread-3918] INFO  impl.RoleInfo (RoleInfo.java:shutdownFollowerState(121)) - 05ace5f9-a5b7-4bc6-b4fa-26d4e24ae00c: shutdown FollowerState
2019-11-05 08:34:29,573 [Thread-3918] INFO  impl.RaftServerImpl (RaftServerImpl.java:setRole(184)) - 05ace5f9-a5b7-4bc6-b4fa-26d4e24ae00c@group-515877FFDAAC: changes role from  FOLLOWER to CANDIDATE at term 53 for changeToCandidate
2019-11-05 08:34:29,573 [Thread-3918] INFO  impl.RoleInfo (RoleInfo.java:updateAndGet(143)) - 05ace5f9-a5b7-4bc6-b4fa-26d4e24ae00c: start LeaderElection
2019-11-05 08:34:29,598 [05ace5f9-a5b7-4bc6-b4fa-26d4e24ae00c@group-515877FFDAAC-LeaderElection477] INFO  impl.LeaderElection (LeaderElection.java:askForVotes(178)) - 05ace5f9-a5b7-4bc6-b4fa-26d4e24ae00c@group-515877FFDAAC-LeaderElection477: begin an election at term 54 for -1: [05ace5f9-a5b7-4bc6-b4fa-26d4e24ae00c:192.168.164.217:42356, d92c9463-8e05-4a70-8cc7-1d31ae7ac64a:192.168.164.217:37180, d7b60609-c805-4df6-8140-a27c681dae80:192.168.164.217:37880], old=null
2019-11-05 08:34:29,600 [grpc-default-executor-13] INFO  impl.RaftServerImpl (RaftServerImpl.java:setRole(184)) - d92c9463-8e05-4a70-8cc7-1d31ae7ac64a@group-515877FFDAAC: changes role from  FOLLOWER to FOLLOWER at term 54 for recognizeCandidate:05ace5f9-a5b7-4bc6-b4fa-26d4e24ae00c
2019-11-05 08:34:29,600 [grpc-default-executor-13] INFO  impl.RoleInfo (RoleInfo.java:shutdownFollowerState(121)) - d92c9463-8e05-4a70-8cc7-1d31ae7ac64a: shutdown FollowerState
2019-11-05 08:34:29,600 [grpc-default-executor-13] INFO  impl.RoleInfo (RoleInfo.java:updateAndGet(143)) - d92c9463-8e05-4a70-8cc7-1d31ae7ac64a: start FollowerState
2019-11-05 08:34:29,600 [Thread-3916] INFO  impl.FollowerState (FollowerState.java:run(117)) - d92c9463-8e05-4a70-8cc7-1d31ae7ac64a@group-515877FFDAAC-FollowerState was interrupted: java.lang.InterruptedException: sleep interrupted
2019-11-05 08:34:29,600 [grpc-default-executor-10] INFO  impl.RaftServerImpl (RaftServerImpl.java:setRole(184)) - d7b60609-c805-4df6-8140-a27c681dae80@group-515877FFDAAC: changes role from  FOLLOWER to FOLLOWER at term 54 for recognizeCandidate:05ace5f9-a5b7-4bc6-b4fa-26d4e24ae00c
2019-11-05 08:34:29,600 [grpc-default-executor-10] INFO  impl.RoleInfo (RoleInfo.java:shutdownFollowerState(121)) - d7b60609-c805-4df6-8140-a27c681dae80: shutdown FollowerState
2019-11-05 08:34:29,600 [grpc-default-executor-10] INFO  impl.RoleInfo (RoleInfo.java:updateAndGet(143)) - d7b60609-c805-4df6-8140-a27c681dae80: start FollowerState
2019-11-05 08:34:29,600 [Thread-3917] INFO  impl.FollowerState (FollowerState.java:run(117)) - d7b60609-c805-4df6-8140-a27c681dae80@group-515877FFDAAC-FollowerState was interrupted: java.lang.InterruptedException: sleep interrupted
2019-11-05 08:34:29,614 [05ace5f9-a5b7-4bc6-b4fa-26d4e24ae00c@group-515877FFDAAC-LeaderElection477] INFO  impl.LeaderElection (LeaderElection.java:logAndReturn(56)) - 05ace5f9-a5b7-4bc6-b4fa-26d4e24ae00c@group-515877FFDAAC-LeaderElection477: Election REJECTED; received 2 response(s) [05ace5f9-a5b7-4bc6-b4fa-26d4e24ae00c<-d92c9463-8e05-4a70-8cc7-1d31ae7ac64a#0:FAIL-t54, 05ace5f9-a5b7-4bc6-b4fa-26d4e24ae00c<-d7b60609-c805-4df6-8140-a27c681dae80#0:FAIL-t54] and 0 exception(s); 05ace5f9-a5b7-4bc6-b4fa-26d4e24ae00c@group-515877FFDAAC:t54, leader=null, voted=05ace5f9-a5b7-4bc6-b4fa-26d4e24ae00c, raftlog=05ace5f9-a5b7-4bc6-b4fa-26d4e24ae00c@group-515877FFDAAC-SegmentedRaftLog:OPENED:c-1,f-1,i0, conf=-1: [05ace5f9-a5b7-4bc6-b4fa-26d4e24ae00c:192.168.164.217:42356, d92c9463-8e05-4a70-8cc7-1d31ae7ac64a:192.168.164.217:37180, d7b60609-c805-4df6-8140-a27c681dae80:192.168.164.217:37880], old=null
2019-11-05 08:34:29,614 [05ace5f9-a5b7-4bc6-b4fa-26d4e24ae00c@group-515877FFDAAC-LeaderElection477] INFO  impl.RaftServerImpl (RaftServerImpl.java:setRole(184)) - 05ace5f9-a5b7-4bc6-b4fa-26d4e24ae00c@group-515877FFDAAC: changes role from CANDIDATE to FOLLOWER at term 54 for DISCOVERED_A_NEW_TERM
2019-11-05 08:34:29,614 [05ace5f9-a5b7-4bc6-b4fa-26d4e24ae00c@group-515877FFDAAC-LeaderElection477] INFO  impl.RoleInfo (RoleInfo.java:shutdownLeaderElection(134)) - 05ace5f9-a5b7-4bc6-b4fa-26d4e24ae00c: shutdown LeaderElection
2019-11-05 08:34:29,614 [05ace5f9-a5b7-4bc6-b4fa-26d4e24ae00c@group-515877FFDAAC-LeaderElection477] INFO  impl.RoleInfo (RoleInfo.java:updateAndGet(143)) - 05ace5f9-a5b7-4bc6-b4fa-26d4e24ae00c: start FollowerState
2019-11-05 08:34:29,753 [Thread-3924] INFO  impl.FollowerState (FollowerState.java:run(108)) - 05ace5f9-a5b7-4bc6-b4fa-26d4e24ae00c@group-515877FFDAAC-FollowerState: change to CANDIDATE, lastRpcTime:138ms, electionTimeout:138ms
2019-11-05 08:34:29,753 [Thread-3924] INFO  impl.RoleInfo (RoleInfo.java:shutdownFollowerState(121)) - 05ace5f9-a5b7-4bc6-b4fa-26d4e24ae00c: shutdown FollowerState
2019-11-05 08:34:29,753 [Thread-3924] INFO  impl.RaftServerImpl (RaftServerImpl.java:setRole(184)) - 05ace5f9-a5b7-4bc6-b4fa-26d4e24ae00c@group-515877FFDAAC: changes role from  FOLLOWER to CANDIDATE at term 54 for changeToCandidate
2019-11-05 08:34:29,753 [Thread-3924] INFO  impl.RoleInfo (RoleInfo.java:updateAndGet(143)) - 05ace5f9-a5b7-4bc6-b4fa-26d4e24ae00c: start LeaderElection
2019-11-05 08:34:29,768 [05ace5f9-a5b7-4bc6-b4fa-26d4e24ae00c@group-515877FFDAAC-LeaderElection478] INFO  impl.LeaderElection (LeaderElection.java:askForVotes(178)) - 05ace5f9-a5b7-4bc6-b4fa-26d4e24ae00c@group-515877FFDAAC-LeaderElection478: begin an election at term 55 for -1: [05ace5f9-a5b7-4bc6-b4fa-26d4e24ae00c:192.168.164.217:42356, d92c9463-8e05-4a70-8cc7-1d31ae7ac64a:192.168.164.217:37180, d7b60609-c805-4df6-8140-a27c681dae80:192.168.164.217:37880], old=null
2019-11-05 08:34:29,769 [grpc-default-executor-13] INFO  impl.RaftServerImpl (RaftServerImpl.java:setRole(184)) - d92c9463-8e05-4a70-8cc7-1d31ae7ac64a@group-515877FFDAAC: changes role from  FOLLOWER to FOLLOWER at term 55 for recognizeCandidate:05ace5f9-a5b7-4bc6-b4fa-26d4e24ae00c
2019-11-05 08:34:29,769 [grpc-default-executor-13] INFO  impl.RoleInfo (RoleInfo.java:shutdownFollowerState(121)) - d92c9463-8e05-4a70-8cc7-1d31ae7ac64a: shutdown FollowerState
2019-11-05 08:34:29,770 [grpc-default-executor-10] INFO  impl.RaftServerImpl (RaftServerImpl.java:setRole(184)) - d7b60609-c805-4df6-8140-a27c681dae80@group-515877FFDAAC: changes role from  FOLLOWER to FOLLOWER at term 55 for recognizeCandidate:05ace5f9-a5b7-4bc6-b4fa-26d4e24ae00c
2019-11-05 08:34:29,770 [grpc-default-executor-10] INFO  impl.RoleInfo (RoleInfo.java:shutdownFollowerState(121)) - d7b60609-c805-4df6-8140-a27c681dae80: shutdown FollowerState
2019-11-05 08:34:29,770 [Thread-3922] INFO  impl.FollowerState (FollowerState.java:run(117)) - d92c9463-8e05-4a70-8cc7-1d31ae7ac64a@group-515877FFDAAC-FollowerState was interrupted: java.lang.InterruptedException: sleep interrupted
2019-11-05 08:34:29,770 [grpc-default-executor-13] INFO  impl.RoleInfo (RoleInfo.java:updateAndGet(143)) - d92c9463-8e05-4a70-8cc7-1d31ae7ac64a: start FollowerState
2019-11-05 08:34:29,770 [Thread-3923] INFO  impl.FollowerState (FollowerState.java:run(117)) - d7b60609-c805-4df6-8140-a27c681dae80@group-515877FFDAAC-FollowerState was interrupted: java.lang.InterruptedException: sleep interrupted
2019-11-05 08:34:29,770 [grpc-default-executor-10] INFO  impl.RoleInfo (RoleInfo.java:updateAndGet(143)) - d7b60609-c805-4df6-8140-a27c681dae80: start FollowerState
2019-11-05 08:34:29,784 [05ace5f9-a5b7-4bc6-b4fa-26d4e24ae00c@group-515877FFDAAC-LeaderElection478] INFO  impl.LeaderElection (LeaderElection.java:logAndReturn(56)) - 05ace5f9-a5b7-4bc6-b4fa-26d4e24ae00c@group-515877FFDAAC-LeaderElection478: Election REJECTED; received 2 response(s) [05ace5f9-a5b7-4bc6-b4fa-26d4e24ae00c<-d92c9463-8e05-4a70-8cc7-1d31ae7ac64a#0:FAIL-t55, 05ace5f9-a5b7-4bc6-b4fa-26d4e24ae00c<-d7b60609-c805-4df6-8140-a27c681dae80#0:FAIL-t55] and 0 exception(s); 05ace5f9-a5b7-4bc6-b4fa-26d4e24ae00c@group-515877FFDAAC:t55, leader=null, voted=05ace5f9-a5b7-4bc6-b4fa-26d4e24ae00c, raftlog=05ace5f9-a5b7-4bc6-b4fa-26d4e24ae00c@group-515877FFDAAC-SegmentedRaftLog:OPENED:c-1,f-1,i0, conf=-1: [05ace5f9-a5b7-4bc6-b4fa-26d4e24ae00c:192.168.164.217:42356, d92c9463-8e05-4a70-8cc7-1d31ae7ac64a:192.168.164.217:37180, d7b60609-c805-4df6-8140-a27c681dae80:192.168.164.217:37880], old=null
2019-11-05 08:34:29,784 [05ace5f9-a5b7-4bc6-b4fa-26d4e24ae00c@group-515877FFDAAC-LeaderElection478] INFO  impl.RaftServerImpl (RaftServerImpl.java:setRole(184)) - 05ace5f9-a5b7-4bc6-b4fa-26d4e24ae00c@group-515877FFDAAC: changes role from CANDIDATE to FOLLOWER at term 55 for DISCOVERED_A_NEW_TERM
2019-11-05 08:34:29,784 [05ace5f9-a5b7-4bc6-b4fa-26d4e24ae00c@group-515877FFDAAC-LeaderElection478] INFO  impl.RoleInfo (RoleInfo.java:shutdownLeaderElection(134)) - 05ace5f9-a5b7-4bc6-b4fa-26d4e24ae00c: shutdown LeaderElection
2019-11-05 08:34:29,784 [05ace5f9-a5b7-4bc6-b4fa-26d4e24ae00c@group-515877FFDAAC-LeaderElection478] INFO  impl.RoleInfo (RoleInfo.java:updateAndGet(143)) - 05ace5f9-a5b7-4bc6-b4fa-26d4e24ae00c: start FollowerState
2019-11-05 08:34:29,965 [Thread-3932] INFO  impl.FollowerState (FollowerState.java:run(108)) - 05ace5f9-a5b7-4bc6-b4fa-26d4e24ae00c@group-515877FFDAAC-FollowerState: change to CANDIDATE, lastRpcTime:180ms, electionTimeout:180ms
2019-11-05 08:34:29,965 [Thread-3932] INFO  impl.RoleInfo (RoleInfo.java:shutdownFollowerState(121)) - 05ace5f9-a5b7-4bc6-b4fa-26d4e24ae00c: shutdown FollowerState
2019-11-05 08:34:29,965 [Thread-3932] INFO  impl.RaftServerImpl (RaftServerImpl.java:setRole(184)) - 05ace5f9-a5b7-4bc6-b4fa-26d4e24ae00c@group-515877FFDAAC: changes role from  FOLLOWER to CANDIDATE at term 55 for changeToCandidate
2019-11-05 08:34:29,965 [Thread-3932] INFO  impl.RoleInfo (RoleInfo.java:updateAndGet(143)) - 05ace5f9-a5b7-4bc6-b4fa-26d4e24ae00c: start LeaderElection
2019-11-05 08:34:29,979 [05ace5f9-a5b7-4bc6-b4fa-26d4e24ae00c@group-515877FFDAAC-LeaderElection479] INFO  impl.LeaderElection (LeaderElection.java:askForVotes(178)) - 05ace5f9-a5b7-4bc6-b4fa-26d4e24ae00c@group-515877FFDAAC-LeaderElection479: begin an election at term 56 for -1: [05ace5f9-a5b7-4bc6-b4fa-26d4e24ae00c:192.168.164.217:42356, d92c9463-8e05-4a70-8cc7-1d31ae7ac64a:192.168.164.217:37180, d7b60609-c805-4df6-8140-a27c681dae80:192.168.164.217:37880], old=null
2019-11-05 08:34:29,981 [grpc-default-executor-13] INFO  impl.RaftServerImpl (RaftServerImpl.java:setRole(184)) - d92c9463-8e05-4a70-8cc7-1d31ae7ac64a@group-515877FFDAAC: changes role from  FOLLOWER to FOLLOWER at term 56 for recognizeCandidate:05ace5f9-a5b7-4bc6-b4fa-26d4e24ae00c
2019-11-05 08:34:29,981 [grpc-default-executor-10] INFO  impl.RaftServerImpl (RaftServerImpl.java:setRole(184)) - d7b60609-c805-4df6-8140-a27c681dae80@group-515877FFDAAC: changes role from  FOLLOWER to FOLLOWER at term 56 for recognizeCandidate:05ace5f9-a5b7-4bc6-b4fa-26d4e24ae00c
2019-11-05 08:34:29,981 [grpc-default-executor-13] INFO  impl.RoleInfo (RoleInfo.java:shutdownFollowerState(121)) - d92c9463-8e05-4a70-8cc7-1d31ae7ac64a: shutdown FollowerState
2019-11-05 08:34:29,981 [grpc-default-executor-10] INFO  impl.RoleInfo (RoleInfo.java:shutdownFollowerState(121)) - d7b60609-c805-4df6-8140-a27c681dae80: shutdown FollowerState
2019-11-05 08:34:29,981 [Thread-3930] INFO  impl.FollowerState (FollowerState.java:run(117)) - d92c9463-8e05-4a70-8cc7-1d31ae7ac64a@group-515877FFDAAC-FollowerState was interrupted: java.lang.InterruptedException: sleep interrupted
2019-11-05 08:34:29,981 [grpc-default-executor-13] INFO  impl.RoleInfo (RoleInfo.java:updateAndGet(143)) - d92c9463-8e05-4a70-8cc7-1d31ae7ac64a: start FollowerState
2019-11-05 08:34:29,982 [Thread-3931] INFO  impl.FollowerState (FollowerState.java:run(117)) - d7b60609-c805-4df6-8140-a27c681dae80@group-515877FFDAAC-FollowerState was interrupted: java.lang.InterruptedException: sleep interrupted
2019-11-05 08:34:29,982 [grpc-default-executor-10] INFO  impl.RoleInfo (RoleInfo.java:updateAndGet(143)) - d7b60609-c805-4df6-8140-a27c681dae80: start FollowerState
2019-11-05 08:34:29,996 [05ace5f9-a5b7-4bc6-b4fa-26d4e24ae00c@group-515877FFDAAC-LeaderElection479] INFO  impl.LeaderElection (LeaderElection.java:logAndReturn(56)) - 05ace5f9-a5b7-4bc6-b4fa-26d4e24ae00c@group-515877FFDAAC-LeaderElection479: Election REJECTED; received 2 response(s) [05ace5f9-a5b7-4bc6-b4fa-26d4e24ae00c<-d92c9463-8e05-4a70-8cc7-1d31ae7ac64a#0:FAIL-t56, 05ace5f9-a5b7-4bc6-b4fa-26d4e24ae00c<-d7b60609-c805-4df6-8140-a27c681dae80#0:FAIL-t56] and 0 exception(s); 05ace5f9-a5b7-4bc6-b4fa-26d4e24ae00c@group-515877FFDAAC:t56, leader=null, voted=05ace5f9-a5b7-4bc6-b4fa-26d4e24ae00c, raftlog=05ace5f9-a5b7-4bc6-b4fa-26d4e24ae00c@group-515877FFDAAC-SegmentedRaftLog:OPENED:c-1,f-1,i0, conf=-1: [05ace5f9-a5b7-4bc6-b4fa-26d4e24ae00c:192.168.164.217:42356, d92c9463-8e05-4a70-8cc7-1d31ae7ac64a:192.168.164.217:37180, d7b60609-c805-4df6-8140-a27c681dae80:192.168.164.217:37880], old=null
2019-11-05 08:34:29,996 [05ace5f9-a5b7-4bc6-b4fa-26d4e24ae00c@group-515877FFDAAC-LeaderElection479] INFO  impl.RaftServerImpl (RaftServerImpl.java:setRole(184)) - 05ace5f9-a5b7-4bc6-b4fa-26d4e24ae00c@group-515877FFDAAC: changes role from CANDIDATE to FOLLOWER at term 56 for DISCOVERED_A_NEW_TERM
2019-11-05 08:34:29,996 [05ace5f9-a5b7-4bc6-b4fa-26d4e24ae00c@group-515877FFDAAC-LeaderElection479] INFO  impl.RoleInfo (RoleInfo.java:shutdownLeaderElection(134)) - 05ace5f9-a5b7-4bc6-b4fa-26d4e24ae00c: shutdown LeaderElection
2019-11-05 08:34:29,996 [05ace5f9-a5b7-4bc6-b4fa-26d4e24ae00c@group-515877FFDAAC-LeaderElection479] INFO  impl.RoleInfo (RoleInfo.java:updateAndGet(143)) - 05ace5f9-a5b7-4bc6-b4fa-26d4e24ae00c: start FollowerState
2019-11-05 08:34:30,140 [Thread-3940] INFO  impl.FollowerState (FollowerState.java:run(108)) - 05ace5f9-a5b7-4bc6-b4fa-26d4e24ae00c@group-515877FFDAAC-FollowerState: change to CANDIDATE, lastRpcTime:143ms, electionTimeout:143ms
2019-11-05 08:34:30,140 [Thread-3940] INFO  impl.RoleInfo (RoleInfo.java:shutdownFollowerState(121)) - 05ace5f9-a5b7-4bc6-b4fa-26d4e24ae00c: shutdown FollowerState
2019-11-05 08:34:30,140 [Thread-3940] INFO  impl.RaftServerImpl (RaftServerImpl.java:setRole(184)) - 05ace5f9-a5b7-4bc6-b4fa-26d4e24ae00c@group-515877FFDAAC: changes role from  FOLLOWER to CANDIDATE at term 56 for changeToCandidate
2019-11-05 08:34:30,140 [Thread-3940] INFO  impl.RoleInfo (RoleInfo.java:updateAndGet(143)) - 05ace5f9-a5b7-4bc6-b4fa-26d4e24ae00c: start LeaderElection
2019-11-05 08:34:30,155 [05ace5f9-a5b7-4bc6-b4fa-26d4e24ae00c@group-515877FFDAAC-LeaderElection480] INFO  impl.LeaderElection (LeaderElection.java:askForVotes(178)) - 05ace5f9-a5b7-4bc6-b4fa-26d4e24ae00c@group-515877FFDAAC-LeaderElection480: begin an election at term 57 for -1: [05ace5f9-a5b7-4bc6-b4fa-26d4e24ae00c:192.168.164.217:42356, d92c9463-8e05-4a70-8cc7-1d31ae7ac64a:192.168.164.217:37180, d7b60609-c805-4df6-8140-a27c681dae80:192.168.164.217:37880], old=null
2019-11-05 08:34:30,157 [grpc-default-executor-13] INFO  impl.RaftServerImpl (RaftServerImpl.java:setRole(184)) - d92c9463-8e05-4a70-8cc7-1d31ae7ac64a@group-515877FFDAAC: changes role from  FOLLOWER to FOLLOWER at term 57 for recognizeCandidate:05ace5f9-a5b7-4bc6-b4fa-26d4e24ae00c
2019-11-05 08:34:30,157 [grpc-default-executor-13] INFO  impl.RoleInfo (RoleInfo.java:shutdownFollowerState(121)) - d92c9463-8e05-4a70-8cc7-1d31ae7ac64a: shutdown FollowerState
2019-11-05 08:34:30,157 [grpc-default-executor-16] INFO  impl.RaftServerImpl (RaftServerImpl.java:setRole(184)) - d7b60609-c805-4df6-8140-a27c681dae80@group-515877FFDAAC: changes role from  FOLLOWER to FOLLOWER at term 57 for recognizeCandidate:05ace5f9-a5b7-4bc6-b4fa-26d4e24ae00c
2019-11-05 08:34:30,157 [grpc-default-executor-16] INFO  impl.RoleInfo (RoleInfo.java:shutdownFollowerState(121)) - d7b60609-c805-4df6-8140-a27c681dae80: shutdown FollowerState
2019-11-05 08:34:30,157 [Thread-3938] INFO  impl.FollowerState (FollowerState.java:run(117)) - d92c9463-8e05-4a70-8cc7-1d31ae7ac64a@group-515877FFDAAC-FollowerState was interrupted: java.lang.InterruptedException: sleep interrupted
2019-11-05 08:34:30,157 [Thread-3939] INFO  impl.FollowerState (FollowerState.java:run(117)) - d7b60609-c805-4df6-8140-a27c681dae80@group-515877FFDAAC-FollowerState was interrupted: java.lang.InterruptedException: sleep interrupted
2019-11-05 08:34:30,157 [grpc-default-executor-13] INFO  impl.RoleInfo (RoleInfo.java:updateAndGet(143)) - d92c9463-8e05-4a70-8cc7-1d31ae7ac64a: start FollowerState
2019-11-05 08:34:30,157 [grpc-default-executor-16] INFO  impl.RoleInfo (RoleInfo.java:updateAndGet(143)) - d7b60609-c805-4df6-8140-a27c681dae80: start FollowerState
2019-11-05 08:34:30,171 [05ace5f9-a5b7-4bc6-b4fa-26d4e24ae00c@group-515877FFDAAC-LeaderElection480] INFO  impl.LeaderElection (LeaderElection.java:logAndReturn(56)) - 05ace5f9-a5b7-4bc6-b4fa-26d4e24ae00c@group-515877FFDAAC-LeaderElection480: Election REJECTED; received 2 response(s) [05ace5f9-a5b7-4bc6-b4fa-26d4e24ae00c<-d92c9463-8e05-4a70-8cc7-1d31ae7ac64a#0:FAIL-t57, 05ace5f9-a5b7-4bc6-b4fa-26d4e24ae00c<-d7b60609-c805-4df6-8140-a27c681dae80#0:FAIL-t57] and 0 exception(s); 05ace5f9-a5b7-4bc6-b4fa-26d4e24ae00c@group-515877FFDAAC:t57, leader=null, voted=05ace5f9-a5b7-4bc6-b4fa-26d4e24ae00c, raftlog=05ace5f9-a5b7-4bc6-b4fa-26d4e24ae00c@group-515877FFDAAC-SegmentedRaftLog:OPENED:c-1,f-1,i0, conf=-1: [05ace5f9-a5b7-4bc6-b4fa-26d4e24ae00c:192.168.164.217:42356, d92c9463-8e05-4a70-8cc7-1d31ae7ac64a:192.168.164.217:37180, d7b60609-c805-4df6-8140-a27c681dae80:192.168.164.217:37880], old=null
2019-11-05 08:34:30,171 [05ace5f9-a5b7-4bc6-b4fa-26d4e24ae00c@group-515877FFDAAC-LeaderElection480] INFO  impl.RaftServerImpl (RaftServerImpl.java:setRole(184)) - 05ace5f9-a5b7-4bc6-b4fa-26d4e24ae00c@group-515877FFDAAC: changes role from CANDIDATE to FOLLOWER at term 57 for DISCOVERED_A_NEW_TERM
2019-11-05 08:34:30,171 [05ace5f9-a5b7-4bc6-b4fa-26d4e24ae00c@group-515877FFDAAC-LeaderElection480] INFO  impl.RoleInfo (RoleInfo.java:shutdownLeaderElection(134)) - 05ace5f9-a5b7-4bc6-b4fa-26d4e24ae00c: shutdown LeaderElection
2019-11-05 08:34:30,171 [05ace5f9-a5b7-4bc6-b4fa-26d4e24ae00c@group-515877FFDAAC-LeaderElection480] INFO  impl.RoleInfo (RoleInfo.java:updateAndGet(143)) - 05ace5f9-a5b7-4bc6-b4fa-26d4e24ae00c: start FollowerState
2019-11-05 08:34:30,352 [Thread-3948] INFO  impl.FollowerState (FollowerState.java:run(108)) - 05ace5f9-a5b7-4bc6-b4fa-26d4e24ae00c@group-515877FFDAAC-FollowerState: change to CANDIDATE, lastRpcTime:181ms, electionTimeout:181ms
2019-11-05 08:34:30,353 [Thread-3948] INFO  impl.RoleInfo (RoleInfo.java:shutdownFollowerState(121)) - 05ace5f9-a5b7-4bc6-b4fa-26d4e24ae00c: shutdown FollowerState
2019-11-05 08:34:30,353 [Thread-3948] INFO  impl.RaftServerImpl (RaftServerImpl.java:setRole(184)) - 05ace5f9-a5b7-4bc6-b4fa-26d4e24ae00c@group-515877FFDAAC: changes role from  FOLLOWER to CANDIDATE at term 57 for changeToCandidate
2019-11-05 08:34:30,353 [Thread-3948] INFO  impl.RoleInfo (RoleInfo.java:updateAndGet(143)) - 05ace5f9-a5b7-4bc6-b4fa-26d4e24ae00c: start LeaderElection
2019-11-05 08:34:30,367 [05ace5f9-a5b7-4bc6-b4fa-26d4e24ae00c@group-515877FFDAAC-LeaderElection481] INFO  impl.LeaderElection (LeaderElection.java:askForVotes(178)) - 05ace5f9-a5b7-4bc6-b4fa-26d4e24ae00c@group-515877FFDAAC-LeaderElection481: begin an election at term 58 for -1: [05ace5f9-a5b7-4bc6-b4fa-26d4e24ae00c:192.168.164.217:42356, d92c9463-8e05-4a70-8cc7-1d31ae7ac64a:192.168.164.217:37180, d7b60609-c805-4df6-8140-a27c681dae80:192.168.164.217:37880], old=null
2019-11-05 08:34:30,369 [grpc-default-executor-13] INFO  impl.RaftServerImpl (RaftServerImpl.java:setRole(184)) - d92c9463-8e05-4a70-8cc7-1d31ae7ac64a@group-515877FFDAAC: changes role from  FOLLOWER to FOLLOWER at term 58 for recognizeCandidate:05ace5f9-a5b7-4bc6-b4fa-26d4e24ae00c
2019-11-05 08:34:30,369 [grpc-default-executor-13] INFO  impl.RoleInfo (RoleInfo.java:shutdownFollowerState(121)) - d92c9463-8e05-4a70-8cc7-1d31ae7ac64a: shutdown FollowerState
2019-11-05 08:34:30,369 [grpc-default-executor-16] INFO  impl.RaftServerImpl (RaftServerImpl.java:setRole(184)) - d7b60609-c805-4df6-8140-a27c681dae80@group-515877FFDAAC: changes role from  FOLLOWER to FOLLOWER at term 58 for recognizeCandidate:05ace5f9-a5b7-4bc6-b4fa-26d4e24ae00c
2019-11-05 08:34:30,369 [grpc-default-executor-16] INFO  impl.RoleInfo (RoleInfo.java:shutdownFollowerState(121)) - d7b60609-c805-4df6-8140-a27c681dae80: shutdown FollowerState
2019-11-05 08:34:30,369 [Thread-3946] INFO  impl.FollowerState (FollowerState.java:run(117)) - d92c9463-8e05-4a70-8cc7-1d31ae7ac64a@group-515877FFDAAC-FollowerState was interrupted: java.lang.InterruptedException: sleep interrupted
2019-11-05 08:34:30,369 [grpc-default-executor-13] INFO  impl.RoleInfo (RoleInfo.java:updateAndGet(143)) - d92c9463-8e05-4a70-8cc7-1d31ae7ac64a: start FollowerState
2019-11-05 08:34:30,369 [grpc-default-executor-16] INFO  impl.RoleInfo (RoleInfo.java:updateAndGet(143)) - d7b60609-c805-4df6-8140-a27c681dae80: start FollowerState
2019-11-05 08:34:30,369 [Thread-3947] INFO  impl.FollowerState (FollowerState.java:run(117)) - d7b60609-c805-4df6-8140-a27c681dae80@group-515877FFDAAC-FollowerState was interrupted: java.lang.InterruptedException: sleep interrupted
2019-11-05 08:34:30,384 [05ace5f9-a5b7-4bc6-b4fa-26d4e24ae00c@group-515877FFDAAC-LeaderElection481] INFO  impl.LeaderElection (LeaderElection.java:logAndReturn(56)) - 05ace5f9-a5b7-4bc6-b4fa-26d4e24ae00c@group-515877FFDAAC-LeaderElection481: Election REJECTED; received 2 response(s) [05ace5f9-a5b7-4bc6-b4fa-26d4e24ae00c<-d92c9463-8e05-4a70-8cc7-1d31ae7ac64a#0:FAIL-t58, 05ace5f9-a5b7-4bc6-b4fa-26d4e24ae00c<-d7b60609-c805-4df6-8140-a27c681dae80#0:FAIL-t58] and 0 exception(s); 05ace5f9-a5b7-4bc6-b4fa-26d4e24ae00c@group-515877FFDAAC:t58, leader=null, voted=05ace5f9-a5b7-4bc6-b4fa-26d4e24ae00c, raftlog=05ace5f9-a5b7-4bc6-b4fa-26d4e24ae00c@group-515877FFDAAC-SegmentedRaftLog:OPENED:c-1,f-1,i0, conf=-1: [05ace5f9-a5b7-4bc6-b4fa-26d4e24ae00c:192.168.164.217:42356, d92c9463-8e05-4a70-8cc7-1d31ae7ac64a:192.168.164.217:37180, d7b60609-c805-4df6-8140-a27c681dae80:192.168.164.217:37880], old=null
2019-11-05 08:34:30,385 [05ace5f9-a5b7-4bc6-b4fa-26d4e24ae00c@group-515877FFDAAC-LeaderElection481] INFO  impl.RaftServerImpl (RaftServerImpl.java:setRole(184)) - 05ace5f9-a5b7-4bc6-b4fa-26d4e24ae00c@group-515877FFDAAC: changes role from CANDIDATE to FOLLOWER at term 58 for DISCOVERED_A_NEW_TERM
2019-11-05 08:34:30,385 [05ace5f9-a5b7-4bc6-b4fa-26d4e24ae00c@group-515877FFDAAC-LeaderElection481] INFO  impl.RoleInfo (RoleInfo.java:shutdownLeaderElection(134)) - 05ace5f9-a5b7-4bc6-b4fa-26d4e24ae00c: shutdown LeaderElection
2019-11-05 08:34:30,385 [05ace5f9-a5b7-4bc6-b4fa-26d4e24ae00c@group-515877FFDAAC-LeaderElection481] INFO  impl.RoleInfo (RoleInfo.java:updateAndGet(143)) - 05ace5f9-a5b7-4bc6-b4fa-26d4e24ae00c: start FollowerState
2019-11-05 08:34:30,481 [Thread-3958] INFO  impl.FollowerState (FollowerState.java:run(108)) - 05ace5f9-a5b7-4bc6-b4fa-26d4e24ae00c@group-515877FFDAAC-FollowerState: change to CANDIDATE, lastRpcTime:96ms, electionTimeout:96ms
2019-11-05 08:34:30,481 [Thread-3958] INFO  impl.RoleInfo (RoleInfo.java:shutdownFollowerState(121)) - 05ace5f9-a5b7-4bc6-b4fa-26d4e24ae00c: shutdown FollowerState
2019-11-05 08:34:30,481 [Thread-3958] INFO  impl.RaftServerImpl (RaftServerImpl.java:setRole(184)) - 05ace5f9-a5b7-4bc6-b4fa-26d4e24ae00c@group-515877FFDAAC: changes role from  FOLLOWER to CANDIDATE at term 58 for changeToCandidate
2019-11-05 08:34:30,482 [Thread-3958] INFO  impl.RoleInfo (RoleInfo.java:updateAndGet(143)) - 05ace5f9-a5b7-4bc6-b4fa-26d4e24ae00c: start LeaderElection
2019-11-05 08:34:30,495 [05ace5f9-a5b7-4bc6-b4fa-26d4e24ae00c@group-515877FFDAAC-LeaderElection482] INFO  impl.LeaderElection (LeaderElection.java:askForVotes(178)) - 05ace5f9-a5b7-4bc6-b4fa-26d4e24ae00c@group-515877FFDAAC-LeaderElection482: begin an election at term 59 for -1: [05ace5f9-a5b7-4bc6-b4fa-26d4e24ae00c:192.168.164.217:42356, d92c9463-8e05-4a70-8cc7-1d31ae7ac64a:192.168.164.217:37180, d7b60609-c805-4df6-8140-a27c681dae80:192.168.164.217:37880], old=null
2019-11-05 08:34:30,497 [grpc-default-executor-13] INFO  impl.RaftServerImpl (RaftServerImpl.java:setRole(184)) - d92c9463-8e05-4a70-8cc7-1d31ae7ac64a@group-515877FFDAAC: changes role from  FOLLOWER to FOLLOWER at term 59 for recognizeCandidate:05ace5f9-a5b7-4bc6-b4fa-26d4e24ae00c
2019-11-05 08:34:30,497 [grpc-default-executor-16] INFO  impl.RaftServerImpl (RaftServerImpl.java:setRole(184)) - d7b60609-c805-4df6-8140-a27c681dae80@group-515877FFDAAC: changes role from  FOLLOWER to FOLLOWER at term 59 for recognizeCandidate:05ace5f9-a5b7-4bc6-b4fa-26d4e24ae00c
2019-11-05 08:34:30,497 [grpc-default-executor-16] INFO  impl.RoleInfo (RoleInfo.java:shutdownFollowerState(121)) - d7b60609-c805-4df6-8140-a27c681dae80: shutdown FollowerState
2019-11-05 08:34:30,497 [grpc-default-executor-13] INFO  impl.RoleInfo (RoleInfo.java:shutdownFollowerState(121)) - d92c9463-8e05-4a70-8cc7-1d31ae7ac64a: shutdown FollowerState
2019-11-05 08:34:30,497 [Thread-3957] INFO  impl.FollowerState (FollowerState.java:run(117)) - d7b60609-c805-4df6-8140-a27c681dae80@group-515877FFDAAC-FollowerState was interrupted: java.lang.InterruptedException: sleep interrupted
2019-11-05 08:34:30,497 [Thread-3956] INFO  impl.FollowerState (FollowerState.java:run(117)) - d92c9463-8e05-4a70-8cc7-1d31ae7ac64a@group-515877FFDAAC-FollowerState was interrupted: java.lang.InterruptedException: sleep interrupted
2019-11-05 08:34:30,497 [grpc-default-executor-16] INFO  impl.RoleInfo (RoleInfo.java:updateAndGet(143)) - d7b60609-c805-4df6-8140-a27c681dae80: start FollowerState
2019-11-05 08:34:30,497 [grpc-default-executor-13] INFO  impl.RoleInfo (RoleInfo.java:updateAndGet(143)) - d92c9463-8e05-4a70-8cc7-1d31ae7ac64a: start FollowerState
2019-11-05 08:34:30,523 [05ace5f9-a5b7-4bc6-b4fa-26d4e24ae00c@group-515877FFDAAC-LeaderElection482] INFO  impl.LeaderElection (LeaderElection.java:logAndReturn(56)) - 05ace5f9-a5b7-4bc6-b4fa-26d4e24ae00c@group-515877FFDAAC-LeaderElection482: Election REJECTED; received 2 response(s) [05ace5f9-a5b7-4bc6-b4fa-26d4e24ae00c<-d92c9463-8e05-4a70-8cc7-1d31ae7ac64a#0:FAIL-t59, 05ace5f9-a5b7-4bc6-b4fa-26d4e24ae00c<-d7b60609-c805-4df6-8140-a27c681dae80#0:FAIL-t59] and 0 exception(s); 05ace5f9-a5b7-4bc6-b4fa-26d4e24ae00c@group-515877FFDAAC:t59, leader=null, voted=05ace5f9-a5b7-4bc6-b4fa-26d4e24ae00c, raftlog=05ace5f9-a5b7-4bc6-b4fa-26d4e24ae00c@group-515877FFDAAC-SegmentedRaftLog:OPENED:c-1,f-1,i0, conf=-1: [05ace5f9-a5b7-4bc6-b4fa-26d4e24ae00c:192.168.164.217:42356, d92c9463-8e05-4a70-8cc7-1d31ae7ac64a:192.168.164.217:37180, d7b60609-c805-4df6-8140-a27c681dae80:192.168.164.217:37880], old=null
2019-11-05 08:34:30,524 [05ace5f9-a5b7-4bc6-b4fa-26d4e24ae00c@group-515877FFDAAC-LeaderElection482] INFO  impl.RaftServerImpl (RaftServerImpl.java:setRole(184)) - 05ace5f9-a5b7-4bc6-b4fa-26d4e24ae00c@group-515877FFDAAC: changes role from CANDIDATE to FOLLOWER at term 59 for DISCOVERED_A_NEW_TERM
2019-11-05 08:34:30,524 [05ace5f9-a5b7-4bc6-b4fa-26d4e24ae00c@group-515877FFDAAC-LeaderElection482] INFO  impl.RoleInfo (RoleInfo.java:shutdownLeaderElection(134)) - 05ace5f9-a5b7-4bc6-b4fa-26d4e24ae00c: shutdown LeaderElection
2019-11-05 08:34:30,524 [05ace5f9-a5b7-4bc6-b4fa-26d4e24ae00c@group-515877FFDAAC-LeaderElection482] INFO  impl.RoleInfo (RoleInfo.java:updateAndGet(143)) - 05ace5f9-a5b7-4bc6-b4fa-26d4e24ae00c: start FollowerState
2019-11-05 08:34:30,629 [Thread-3964] INFO  impl.FollowerState (FollowerState.java:run(108)) - 05ace5f9-a5b7-4bc6-b4fa-26d4e24ae00c@group-515877FFDAAC-FollowerState: change to CANDIDATE, lastRpcTime:105ms, electionTimeout:105ms
2019-11-05 08:34:30,629 [Thread-3964] INFO  impl.RoleInfo (RoleInfo.java:shutdownFollowerState(121)) - 05ace5f9-a5b7-4bc6-b4fa-26d4e24ae00c: shutdown FollowerState
2019-11-05 08:34:30,629 [Thread-3964] INFO  impl.RaftServerImpl (RaftServerImpl.java:setRole(184)) - 05ace5f9-a5b7-4bc6-b4fa-26d4e24ae00c@group-515877FFDAAC: changes role from  FOLLOWER to CANDIDATE at term 59 for changeToCandidate
2019-11-05 08:34:30,630 [Thread-3964] INFO  impl.RoleInfo (RoleInfo.java:updateAndGet(143)) - 05ace5f9-a5b7-4bc6-b4fa-26d4e24ae00c: start LeaderElection
2019-11-05 08:34:30,642 [05ace5f9-a5b7-4bc6-b4fa-26d4e24ae00c@group-515877FFDAAC-LeaderElection483] INFO  impl.LeaderElection (LeaderElection.java:askForVotes(178)) - 05ace5f9-a5b7-4bc6-b4fa-26d4e24ae00c@group-515877FFDAAC-LeaderElection483: begin an election at term 60 for -1: [05ace5f9-a5b7-4bc6-b4fa-26d4e24ae00c:192.168.164.217:42356, d92c9463-8e05-4a70-8cc7-1d31ae7ac64a:192.168.164.217:37180, d7b60609-c805-4df6-8140-a27c681dae80:192.168.164.217:37880], old=null
2019-11-05 08:34:30,644 [grpc-default-executor-16] INFO  impl.RaftServerImpl (RaftServerImpl.java:setRole(184)) - d7b60609-c805-4df6-8140-a27c681dae80@group-515877FFDAAC: changes role from  FOLLOWER to FOLLOWER at term 60 for recognizeCandidate:05ace5f9-a5b7-4bc6-b4fa-26d4e24ae00c
2019-11-05 08:34:30,644 [grpc-default-executor-13] INFO  impl.RaftServerImpl (RaftServerImpl.java:setRole(184)) - d92c9463-8e05-4a70-8cc7-1d31ae7ac64a@group-515877FFDAAC: changes role from  FOLLOWER to FOLLOWER at term 60 for recognizeCandidate:05ace5f9-a5b7-4bc6-b4fa-26d4e24ae00c
2019-11-05 08:34:30,644 [grpc-default-executor-13] INFO  impl.RoleInfo (RoleInfo.java:shutdownFollowerState(121)) - d92c9463-8e05-4a70-8cc7-1d31ae7ac64a: shutdown FollowerState
2019-11-05 08:34:30,644 [grpc-default-executor-16] INFO  impl.RoleInfo (RoleInfo.java:shutdownFollowerState(121)) - d7b60609-c805-4df6-8140-a27c681dae80: shutdown FollowerState
2019-11-05 08:34:30,645 [Thread-3963] INFO  impl.FollowerState (FollowerState.java:run(117)) - d92c9463-8e05-4a70-8cc7-1d31ae7ac64a@group-515877FFDAAC-FollowerState was interrupted: java.lang.InterruptedException: sleep interrupted
2019-11-05 08:34:30,644 [grpc-default-executor-13] INFO  impl.RoleInfo (RoleInfo.java:updateAndGet(143)) - d92c9463-8e05-4a70-8cc7-1d31ae7ac64a: start FollowerState
2019-11-05 08:34:30,645 [Thread-3962] INFO  impl.FollowerState (FollowerState.java:run(117)) - d7b60609-c805-4df6-8140-a27c681dae80@group-515877FFDAAC-FollowerState was interrupted: java.lang.InterruptedException: sleep interrupted
2019-11-05 08:34:30,645 [grpc-default-executor-16] INFO  impl.RoleInfo (RoleInfo.java:updateAndGet(143)) - d7b60609-c805-4df6-8140-a27c681dae80: start FollowerState
2019-11-05 08:34:30,659 [05ace5f9-a5b7-4bc6-b4fa-26d4e24ae00c@group-515877FFDAAC-LeaderElection483] INFO  impl.LeaderElection (LeaderElection.java:logAndReturn(56)) - 05ace5f9-a5b7-4bc6-b4fa-26d4e24ae00c@group-515877FFDAAC-LeaderElection483: Election REJECTED; received 2 response(s) [05ace5f9-a5b7-4bc6-b4fa-26d4e24ae00c<-d92c9463-8e05-4a70-8cc7-1d31ae7ac64a#0:FAIL-t60, 05ace5f9-a5b7-4bc6-b4fa-26d4e24ae00c<-d7b60609-c805-4df6-8140-a27c681dae80#0:FAIL-t60] and 0 exception(s); 05ace5f9-a5b7-4bc6-b4fa-26d4e24ae00c@group-515877FFDAAC:t60, leader=null, voted=05ace5f9-a5b7-4bc6-b4fa-26d4e24ae00c, raftlog=05ace5f9-a5b7-4bc6-b4fa-26d4e24ae00c@group-515877FFDAAC-SegmentedRaftLog:OPENED:c-1,f-1,i0, conf=-1: [05ace5f9-a5b7-4bc6-b4fa-26d4e24ae00c:192.168.164.217:42356, d92c9463-8e05-4a70-8cc7-1d31ae7ac64a:192.168.164.217:37180, d7b60609-c805-4df6-8140-a27c681dae80:192.168.164.217:37880], old=null
2019-11-05 08:34:30,659 [05ace5f9-a5b7-4bc6-b4fa-26d4e24ae00c@group-515877FFDAAC-LeaderElection483] INFO  impl.RaftServerImpl (RaftServerImpl.java:setRole(184)) - 05ace5f9-a5b7-4bc6-b4fa-26d4e24ae00c@group-515877FFDAAC: changes role from CANDIDATE to FOLLOWER at term 60 for DISCOVERED_A_NEW_TERM
2019-11-05 08:34:30,659 [05ace5f9-a5b7-4bc6-b4fa-26d4e24ae00c@group-515877FFDAAC-LeaderElection483] INFO  impl.RoleInfo (RoleInfo.java:shutdownLeaderElection(134)) - 05ace5f9-a5b7-4bc6-b4fa-26d4e24ae00c: shutdown LeaderElection
2019-11-05 08:34:30,659 [05ace5f9-a5b7-4bc6-b4fa-26d4e24ae00c@group-515877FFDAAC-LeaderElection483] INFO  impl.RoleInfo (RoleInfo.java:updateAndGet(143)) - 05ace5f9-a5b7-4bc6-b4fa-26d4e24ae00c: start FollowerState
2019-11-05 08:34:30,810 [Thread-3970] INFO  impl.FollowerState (FollowerState.java:run(108)) - 05ace5f9-a5b7-4bc6-b4fa-26d4e24ae00c@group-515877FFDAAC-FollowerState: change to CANDIDATE, lastRpcTime:151ms, electionTimeout:151ms
2019-11-05 08:34:30,811 [Thread-3970] INFO  impl.RoleInfo (RoleInfo.java:shutdownFollowerState(121)) - 05ace5f9-a5b7-4bc6-b4fa-26d4e24ae00c: shutdown FollowerState
2019-11-05 08:34:30,811 [Thread-3970] INFO  impl.RaftServerImpl (RaftServerImpl.java:setRole(184)) - 05ace5f9-a5b7-4bc6-b4fa-26d4e24ae00c@group-515877FFDAAC: changes role from  FOLLOWER to CANDIDATE at term 60 for changeToCandidate
2019-11-05 08:34:30,811 [Thread-3970] INFO  impl.RoleInfo (RoleInfo.java:updateAndGet(143)) - 05ace5f9-a5b7-4bc6-b4fa-26d4e24ae00c: start LeaderElection
2019-11-05 08:34:30,837 [05ace5f9-a5b7-4bc6-b4fa-26d4e24ae00c@group-515877FFDAAC-LeaderElection484] INFO  impl.LeaderElection (LeaderElection.java:askForVotes(178)) - 05ace5f9-a5b7-4bc6-b4fa-26d4e24ae00c@group-515877FFDAAC-LeaderElection484: begin an election at term 61 for -1: [05ace5f9-a5b7-4bc6-b4fa-26d4e24ae00c:192.168.164.217:42356, d92c9463-8e05-4a70-8cc7-1d31ae7ac64a:192.168.164.217:37180, d7b60609-c805-4df6-8140-a27c681dae80:192.168.164.217:37880], old=null
2019-11-05 08:34:30,838 [grpc-default-executor-13] INFO  impl.RaftServerImpl (RaftServerImpl.java:setRole(184)) - d92c9463-8e05-4a70-8cc7-1d31ae7ac64a@group-515877FFDAAC: changes role from  FOLLOWER to FOLLOWER at term 61 for recognizeCandidate:05ace5f9-a5b7-4bc6-b4fa-26d4e24ae00c
2019-11-05 08:34:30,839 [grpc-default-executor-10] INFO  impl.RaftServerImpl (RaftServerImpl.java:setRole(184)) - d7b60609-c805-4df6-8140-a27c681dae80@group-515877FFDAAC: changes role from  FOLLOWER to FOLLOWER at term 61 for recognizeCandidate:05ace5f9-a5b7-4bc6-b4fa-26d4e24ae00c
2019-11-05 08:34:30,839 [grpc-default-executor-13] INFO  impl.RoleInfo (RoleInfo.java:shutdownFollowerState(121)) - d92c9463-8e05-4a70-8cc7-1d31ae7ac64a: shutdown FollowerState
2019-11-05 08:34:30,839 [grpc-default-executor-10] INFO  impl.RoleInfo (RoleInfo.java:shutdownFollowerState(121)) - d7b60609-c805-4df6-8140-a27c681dae80: shutdown FollowerState
2019-11-05 08:34:30,839 [Thread-3968] INFO  impl.FollowerState (FollowerState.java:run(117)) - d92c9463-8e05-4a70-8cc7-1d31ae7ac64a@group-515877FFDAAC-FollowerState was interrupted: java.lang.InterruptedException: sleep interrupted
2019-11-05 08:34:30,839 [grpc-default-executor-13] INFO  impl.RoleInfo (RoleInfo.java:updateAndGet(143)) - d92c9463-8e05-4a70-8cc7-1d31ae7ac64a: start FollowerState
2019-11-05 08:34:30,839 [Thread-3969] INFO  impl.FollowerState (FollowerState.java:run(117)) - d7b60609-c805-4df6-8140-a27c681dae80@group-515877FFDAAC-FollowerState was interrupted: java.lang.InterruptedException: sleep interrupted
2019-11-05 08:34:30,839 [grpc-default-executor-10] INFO  impl.RoleInfo (RoleInfo.java:updateAndGet(143)) - d7b60609-c805-4df6-8140-a27c681dae80: start FollowerState
2019-11-05 08:34:30,865 [05ace5f9-a5b7-4bc6-b4fa-26d4e24ae00c@group-515877FFDAAC-LeaderElection484] INFO  impl.LeaderElection (LeaderElection.java:logAndReturn(56)) - 05ace5f9-a5b7-4bc6-b4fa-26d4e24ae00c@group-515877FFDAAC-LeaderElection484: Election REJECTED; received 2 response(s) [05ace5f9-a5b7-4bc6-b4fa-26d4e24ae00c<-d92c9463-8e05-4a70-8cc7-1d31ae7ac64a#0:FAIL-t61, 05ace5f9-a5b7-4bc6-b4fa-26d4e24ae00c<-d7b60609-c805-4df6-8140-a27c681dae80#0:FAIL-t61] and 0 exception(s); 05ace5f9-a5b7-4bc6-b4fa-26d4e24ae00c@group-515877FFDAAC:t61, leader=null, voted=05ace5f9-a5b7-4bc6-b4fa-26d4e24ae00c, raftlog=05ace5f9-a5b7-4bc6-b4fa-26d4e24ae00c@group-515877FFDAAC-SegmentedRaftLog:OPENED:c-1,f-1,i0, conf=-1: [05ace5f9-a5b7-4bc6-b4fa-26d4e24ae00c:192.168.164.217:42356, d92c9463-8e05-4a70-8cc7-1d31ae7ac64a:192.168.164.217:37180, d7b60609-c805-4df6-8140-a27c681dae80:192.168.164.217:37880], old=null
2019-11-05 08:34:30,866 [05ace5f9-a5b7-4bc6-b4fa-26d4e24ae00c@group-515877FFDAAC-LeaderElection484] INFO  impl.RaftServerImpl (RaftServerImpl.java:setRole(184)) - 05ace5f9-a5b7-4bc6-b4fa-26d4e24ae00c@group-515877FFDAAC: changes role from CANDIDATE to FOLLOWER at term 61 for DISCOVERED_A_NEW_TERM
2019-11-05 08:34:30,866 [05ace5f9-a5b7-4bc6-b4fa-26d4e24ae00c@group-515877FFDAAC-LeaderElection484] INFO  impl.RoleInfo (RoleInfo.java:shutdownLeaderElection(134)) - 05ace5f9-a5b7-4bc6-b4fa-26d4e24ae00c: shutdown LeaderElection
2019-11-05 08:34:30,866 [05ace5f9-a5b7-4bc6-b4fa-26d4e24ae00c@group-515877FFDAAC-LeaderElection484] INFO  impl.RoleInfo (RoleInfo.java:updateAndGet(143)) - 05ace5f9-a5b7-4bc6-b4fa-26d4e24ae00c: start FollowerState
2019-11-05 08:34:30,896 [Thread-3980] INFO  impl.FollowerState (FollowerState.java:run(108)) - 05ace5f9-a5b7-4bc6-b4fa-26d4e24ae00c@group-515877FFDAAC-FollowerState: change to CANDIDATE, lastRpcTime:30ms, electionTimeout:30ms
2019-11-05 08:34:30,896 [Thread-3980] INFO  impl.RoleInfo (RoleInfo.java:shutdownFollowerState(121)) - 05ace5f9-a5b7-4bc6-b4fa-26d4e24ae00c: shutdown FollowerState
2019-11-05 08:34:30,896 [Thread-3980] INFO  impl.RaftServerImpl (RaftServerImpl.java:setRole(184)) - 05ace5f9-a5b7-4bc6-b4fa-26d4e24ae00c@group-515877FFDAAC: changes role from  FOLLOWER to CANDIDATE at term 61 for changeToCandidate
2019-11-05 08:34:30,896 [Thread-3980] INFO  impl.RoleInfo (RoleInfo.java:updateAndGet(143)) - 05ace5f9-a5b7-4bc6-b4fa-26d4e24ae00c: start LeaderElection
2019-11-05 08:34:30,911 [05ace5f9-a5b7-4bc6-b4fa-26d4e24ae00c@group-515877FFDAAC-LeaderElection485] INFO  impl.LeaderElection (LeaderElection.java:askForVotes(178)) - 05ace5f9-a5b7-4bc6-b4fa-26d4e24ae00c@group-515877FFDAAC-LeaderElection485: begin an election at term 62 for -1: [05ace5f9-a5b7-4bc6-b4fa-26d4e24ae00c:192.168.164.217:42356, d92c9463-8e05-4a70-8cc7-1d31ae7ac64a:192.168.164.217:37180, d7b60609-c805-4df6-8140-a27c681dae80:192.168.164.217:37880], old=null
2019-11-05 08:34:30,912 [grpc-default-executor-13] INFO  impl.RaftServerImpl (RaftServerImpl.java:setRole(184)) - d92c9463-8e05-4a70-8cc7-1d31ae7ac64a@group-515877FFDAAC: changes role from  FOLLOWER to FOLLOWER at term 62 for recognizeCandidate:05ace5f9-a5b7-4bc6-b4fa-26d4e24ae00c
2019-11-05 08:34:30,913 [grpc-default-executor-13] INFO  impl.RoleInfo (RoleInfo.java:shutdownFollowerState(121)) - d92c9463-8e05-4a70-8cc7-1d31ae7ac64a: shutdown FollowerState
2019-11-05 08:34:30,912 [grpc-default-executor-10] INFO  impl.RaftServerImpl (RaftServerImpl.java:setRole(184)) - d7b60609-c805-4df6-8140-a27c681dae80@group-515877FFDAAC: changes role from  FOLLOWER to FOLLOWER at term 62 for recognizeCandidate:05ace5f9-a5b7-4bc6-b4fa-26d4e24ae00c
2019-11-05 08:34:30,913 [grpc-default-executor-10] INFO  impl.RoleInfo (RoleInfo.java:shutdownFollowerState(121)) - d7b60609-c805-4df6-8140-a27c681dae80: shutdown FollowerState
2019-11-05 08:34:30,913 [Thread-3976] INFO  impl.FollowerState (FollowerState.java:run(117)) - d92c9463-8e05-4a70-8cc7-1d31ae7ac64a@group-515877FFDAAC-FollowerState was interrupted: java.lang.InterruptedException: sleep interrupted
2019-11-05 08:34:30,913 [grpc-default-executor-13] INFO  impl.RoleInfo (RoleInfo.java:updateAndGet(143)) - d92c9463-8e05-4a70-8cc7-1d31ae7ac64a: start FollowerState
2019-11-05 08:34:30,913 [Thread-3977] INFO  impl.FollowerState (FollowerState.java:run(117)) - d7b60609-c805-4df6-8140-a27c681dae80@group-515877FFDAAC-FollowerState was interrupted: java.lang.InterruptedException: sleep interrupted
2019-11-05 08:34:30,913 [grpc-default-executor-10] INFO  impl.RoleInfo (RoleInfo.java:updateAndGet(143)) - d7b60609-c805-4df6-8140-a27c681dae80: start FollowerState
2019-11-05 08:34:30,927 [05ace5f9-a5b7-4bc6-b4fa-26d4e24ae00c@group-515877FFDAAC-LeaderElection485] INFO  impl.LeaderElection (LeaderElection.java:logAndReturn(56)) - 05ace5f9-a5b7-4bc6-b4fa-26d4e24ae00c@group-515877FFDAAC-LeaderElection485: Election REJECTED; received 2 response(s) [05ace5f9-a5b7-4bc6-b4fa-26d4e24ae00c<-d92c9463-8e05-4a70-8cc7-1d31ae7ac64a#0:FAIL-t62, 05ace5f9-a5b7-4bc6-b4fa-26d4e24ae00c<-d7b60609-c805-4df6-8140-a27c681dae80#0:FAIL-t62] and 0 exception(s); 05ace5f9-a5b7-4bc6-b4fa-26d4e24ae00c@group-515877FFDAAC:t62, leader=null, voted=05ace5f9-a5b7-4bc6-b4fa-26d4e24ae00c, raftlog=05ace5f9-a5b7-4bc6-b4fa-26d4e24ae00c@group-515877FFDAAC-SegmentedRaftLog:OPENED:c-1,f-1,i0, conf=-1: [05ace5f9-a5b7-4bc6-b4fa-26d4e24ae00c:192.168.164.217:42356, d92c9463-8e05-4a70-8cc7-1d31ae7ac64a:192.168.164.217:37180, d7b60609-c805-4df6-8140-a27c681dae80:192.168.164.217:37880], old=null
2019-11-05 08:34:30,927 [05ace5f9-a5b7-4bc6-b4fa-26d4e24ae00c@group-515877FFDAAC-LeaderElection485] INFO  impl.RaftServerImpl (RaftServerImpl.java:setRole(184)) - 05ace5f9-a5b7-4bc6-b4fa-26d4e24ae00c@group-515877FFDAAC: changes role from CANDIDATE to FOLLOWER at term 62 for DISCOVERED_A_NEW_TERM
2019-11-05 08:34:30,927 [05ace5f9-a5b7-4bc6-b4fa-26d4e24ae00c@group-515877FFDAAC-LeaderElection485] INFO  impl.RoleInfo (RoleInfo.java:shutdownLeaderElection(134)) - 05ace5f9-a5b7-4bc6-b4fa-26d4e24ae00c: shutdown LeaderElection
2019-11-05 08:34:30,927 [05ace5f9-a5b7-4bc6-b4fa-26d4e24ae00c@group-515877FFDAAC-LeaderElection485] INFO  impl.RoleInfo (RoleInfo.java:updateAndGet(143)) - 05ace5f9-a5b7-4bc6-b4fa-26d4e24ae00c: start FollowerState
2019-11-05 08:34:30,993 [Thread-3986] INFO  impl.FollowerState (FollowerState.java:run(108)) - 05ace5f9-a5b7-4bc6-b4fa-26d4e24ae00c@group-515877FFDAAC-FollowerState: change to CANDIDATE, lastRpcTime:65ms, electionTimeout:65ms
2019-11-05 08:34:30,993 [Thread-3986] INFO  impl.RoleInfo (RoleInfo.java:shutdownFollowerState(121)) - 05ace5f9-a5b7-4bc6-b4fa-26d4e24ae00c: shutdown FollowerState
2019-11-05 08:34:30,993 [Thread-3986] INFO  impl.RaftServerImpl (RaftServerImpl.java:setRole(184)) - 05ace5f9-a5b7-4bc6-b4fa-26d4e24ae00c@group-515877FFDAAC: changes role from  FOLLOWER to CANDIDATE at term 62 for changeToCandidate
2019-11-05 08:34:30,993 [Thread-3986] INFO  impl.RoleInfo (RoleInfo.java:updateAndGet(143)) - 05ace5f9-a5b7-4bc6-b4fa-26d4e24ae00c: start LeaderElection
2019-11-05 08:34:31,009 [05ace5f9-a5b7-4bc6-b4fa-26d4e24ae00c@group-515877FFDAAC-LeaderElection486] INFO  impl.LeaderElection (LeaderElection.java:askForVotes(178)) - 05ace5f9-a5b7-4bc6-b4fa-26d4e24ae00c@group-515877FFDAAC-LeaderElection486: begin an election at term 63 for -1: [05ace5f9-a5b7-4bc6-b4fa-26d4e24ae00c:192.168.164.217:42356, d92c9463-8e05-4a70-8cc7-1d31ae7ac64a:192.168.164.217:37180, d7b60609-c805-4df6-8140-a27c681dae80:192.168.164.217:37880], old=null
2019-11-05 08:34:31,010 [grpc-default-executor-13] INFO  impl.RaftServerImpl (RaftServerImpl.java:setRole(184)) - d7b60609-c805-4df6-8140-a27c681dae80@group-515877FFDAAC: changes role from  FOLLOWER to FOLLOWER at term 63 for recognizeCandidate:05ace5f9-a5b7-4bc6-b4fa-26d4e24ae00c
2019-11-05 08:34:31,011 [grpc-default-executor-13] INFO  impl.RoleInfo (RoleInfo.java:shutdownFollowerState(121)) - d7b60609-c805-4df6-8140-a27c681dae80: shutdown FollowerState
2019-11-05 08:34:31,010 [grpc-default-executor-10] INFO  impl.RaftServerImpl (RaftServerImpl.java:setRole(184)) - d92c9463-8e05-4a70-8cc7-1d31ae7ac64a@group-515877FFDAAC: changes role from  FOLLOWER to FOLLOWER at term 63 for recognizeCandidate:05ace5f9-a5b7-4bc6-b4fa-26d4e24ae00c
2019-11-05 08:34:31,011 [Thread-3985] INFO  impl.FollowerState (FollowerState.java:run(117)) - d7b60609-c805-4df6-8140-a27c681dae80@group-515877FFDAAC-FollowerState was interrupted: java.lang.InterruptedException: sleep interrupted
2019-11-05 08:34:31,011 [grpc-default-executor-13] INFO  impl.RoleInfo (RoleInfo.java:updateAndGet(143)) - d7b60609-c805-4df6-8140-a27c681dae80: start FollowerState
2019-11-05 08:34:31,011 [grpc-default-executor-10] INFO  impl.RoleInfo (RoleInfo.java:shutdownFollowerState(121)) - d92c9463-8e05-4a70-8cc7-1d31ae7ac64a: shutdown FollowerState
2019-11-05 08:34:31,011 [grpc-default-executor-10] INFO  impl.RoleInfo (RoleInfo.java:updateAndGet(143)) - d92c9463-8e05-4a70-8cc7-1d31ae7ac64a: start FollowerState
2019-11-05 08:34:31,011 [Thread-3984] INFO  impl.FollowerState (FollowerState.java:run(117)) - d92c9463-8e05-4a70-8cc7-1d31ae7ac64a@group-515877FFDAAC-FollowerState was interrupted: java.lang.InterruptedException: sleep interrupted
2019-11-05 08:34:31,032 [05ace5f9-a5b7-4bc6-b4fa-26d4e24ae00c@group-515877FFDAAC-LeaderElection486] INFO  impl.LeaderElection (LeaderElection.java:logAndReturn(56)) - 05ace5f9-a5b7-4bc6-b4fa-26d4e24ae00c@group-515877FFDAAC-LeaderElection486: Election REJECTED; received 2 response(s) [05ace5f9-a5b7-4bc6-b4fa-26d4e24ae00c<-d92c9463-8e05-4a70-8cc7-1d31ae7ac64a#0:FAIL-t63, 05ace5f9-a5b7-4bc6-b4fa-26d4e24ae00c<-d7b60609-c805-4df6-8140-a27c681dae80#0:FAIL-t63] and 0 exception(s); 05ace5f9-a5b7-4bc6-b4fa-26d4e24ae00c@group-515877FFDAAC:t63, leader=null, voted=05ace5f9-a5b7-4bc6-b4fa-26d4e24ae00c, raftlog=05ace5f9-a5b7-4bc6-b4fa-26d4e24ae00c@group-515877FFDAAC-SegmentedRaftLog:OPENED:c-1,f-1,i0, conf=-1: [05ace5f9-a5b7-4bc6-b4fa-26d4e24ae00c:192.168.164.217:42356, d92c9463-8e05-4a70-8cc7-1d31ae7ac64a:192.168.164.217:37180, d7b60609-c805-4df6-8140-a27c681dae80:192.168.164.217:37880], old=null
2019-11-05 08:34:31,032 [05ace5f9-a5b7-4bc6-b4fa-26d4e24ae00c@group-515877FFDAAC-LeaderElection486] INFO  impl.RaftServerImpl (RaftServerImpl.java:setRole(184)) - 05ace5f9-a5b7-4bc6-b4fa-26d4e24ae00c@group-515877FFDAAC: changes role from CANDIDATE to FOLLOWER at term 63 for DISCOVERED_A_NEW_TERM
2019-11-05 08:34:31,032 [05ace5f9-a5b7-4bc6-b4fa-26d4e24ae00c@group-515877FFDAAC-LeaderElection486] INFO  impl.RoleInfo (RoleInfo.java:shutdownLeaderElection(134)) - 05ace5f9-a5b7-4bc6-b4fa-26d4e24ae00c: shutdown LeaderElection
2019-11-05 08:34:31,032 [05ace5f9-a5b7-4bc6-b4fa-26d4e24ae00c@group-515877FFDAAC-LeaderElection486] INFO  impl.RoleInfo (RoleInfo.java:updateAndGet(143)) - 05ace5f9-a5b7-4bc6-b4fa-26d4e24ae00c: start FollowerState
2019-11-05 08:34:31,045 [Thread-3992] INFO  impl.FollowerState (FollowerState.java:run(108)) - 05ace5f9-a5b7-4bc6-b4fa-26d4e24ae00c@group-515877FFDAAC-FollowerState: change to CANDIDATE, lastRpcTime:13ms, electionTimeout:13ms
2019-11-05 08:34:31,046 [Thread-3992] INFO  impl.RoleInfo (RoleInfo.java:shutdownFollowerState(121)) - 05ace5f9-a5b7-4bc6-b4fa-26d4e24ae00c: shutdown FollowerState
2019-11-05 08:34:31,046 [Thread-3992] INFO  impl.RaftServerImpl (RaftServerImpl.java:setRole(184)) - 05ace5f9-a5b7-4bc6-b4fa-26d4e24ae00c@group-515877FFDAAC: changes role from  FOLLOWER to CANDIDATE at term 63 for changeToCandidate
2019-11-05 08:34:31,046 [Thread-3992] INFO  impl.RoleInfo (RoleInfo.java:updateAndGet(143)) - 05ace5f9-a5b7-4bc6-b4fa-26d4e24ae00c: start LeaderElection
2019-11-05 08:34:31,071 [05ace5f9-a5b7-4bc6-b4fa-26d4e24ae00c@group-515877FFDAAC-LeaderElection487] INFO  impl.LeaderElection (LeaderElection.java:askForVotes(178)) - 05ace5f9-a5b7-4bc6-b4fa-26d4e24ae00c@group-515877FFDAAC-LeaderElection487: begin an election at term 64 for -1: [05ace5f9-a5b7-4bc6-b4fa-26d4e24ae00c:192.168.164.217:42356, d92c9463-8e05-4a70-8cc7-1d31ae7ac64a:192.168.164.217:37180, d7b60609-c805-4df6-8140-a27c681dae80:192.168.164.217:37880], old=null
2019-11-05 08:34:31,073 [grpc-default-executor-13] INFO  impl.RaftServerImpl (RaftServerImpl.java:setRole(184)) - d92c9463-8e05-4a70-8cc7-1d31ae7ac64a@group-515877FFDAAC: changes role from  FOLLOWER to FOLLOWER at term 64 for recognizeCandidate:05ace5f9-a5b7-4bc6-b4fa-26d4e24ae00c
2019-11-05 08:34:31,073 [grpc-default-executor-13] INFO  impl.RoleInfo (RoleInfo.java:shutdownFollowerState(121)) - d92c9463-8e05-4a70-8cc7-1d31ae7ac64a: shutdown FollowerState
2019-11-05 08:34:31,073 [grpc-default-executor-10] INFO  impl.RaftServerImpl (RaftServerImpl.java:setRole(184)) - d7b60609-c805-4df6-8140-a27c681dae80@group-515877FFDAAC: changes role from  FOLLOWER to FOLLOWER at term 64 for recognizeCandidate:05ace5f9-a5b7-4bc6-b4fa-26d4e24ae00c
2019-11-05 08:34:31,073 [grpc-default-executor-10] INFO  impl.RoleInfo (RoleInfo.java:shutdownFollowerState(121)) - d7b60609-c805-4df6-8140-a27c681dae80: shutdown FollowerState
2019-11-05 08:34:31,073 [Thread-3991] INFO  impl.FollowerState (FollowerState.java:run(117)) - d92c9463-8e05-4a70-8cc7-1d31ae7ac64a@group-515877FFDAAC-FollowerState was interrupted: java.lang.InterruptedException: sleep interrupted
2019-11-05 08:34:31,073 [grpc-default-executor-13] INFO  impl.RoleInfo (RoleInfo.java:updateAndGet(143)) - d92c9463-8e05-4a70-8cc7-1d31ae7ac64a: start FollowerState
2019-11-05 08:34:31,074 [Thread-3990] INFO  impl.FollowerState (FollowerState.java:run(117)) - d7b60609-c805-4df6-8140-a27c681dae80@group-515877FFDAAC-FollowerState was interrupted: java.lang.InterruptedException: sleep interrupted
2019-11-05 08:34:31,073 [grpc-default-executor-10] INFO  impl.RoleInfo (RoleInfo.java:updateAndGet(143)) - d7b60609-c805-4df6-8140-a27c681dae80: start FollowerState
2019-11-05 08:34:31,088 [05ace5f9-a5b7-4bc6-b4fa-26d4e24ae00c@group-515877FFDAAC-LeaderElection487] INFO  impl.LeaderElection (LeaderElection.java:logAndReturn(56)) - 05ace5f9-a5b7-4bc6-b4fa-26d4e24ae00c@group-515877FFDAAC-LeaderElection487: Election REJECTED; received 2 response(s) [05ace5f9-a5b7-4bc6-b4fa-26d4e24ae00c<-d92c9463-8e05-4a70-8cc7-1d31ae7ac64a#0:FAIL-t64, 05ace5f9-a5b7-4bc6-b4fa-26d4e24ae00c<-d7b60609-c805-4df6-8140-a27c681dae80#0:FAIL-t64] and 0 exception(s); 05ace5f9-a5b7-4bc6-b4fa-26d4e24ae00c@group-515877FFDAAC:t64, leader=null, voted=05ace5f9-a5b7-4bc6-b4fa-26d4e24ae00c, raftlog=05ace5f9-a5b7-4bc6-b4fa-26d4e24ae00c@group-515877FFDAAC-SegmentedRaftLog:OPENED:c-1,f-1,i0, conf=-1: [05ace5f9-a5b7-4bc6-b4fa-26d4e24ae00c:192.168.164.217:42356, d92c9463-8e05-4a70-8cc7-1d31ae7ac64a:192.168.164.217:37180, d7b60609-c805-4df6-8140-a27c681dae80:192.168.164.217:37880], old=null
2019-11-05 08:34:31,088 [05ace5f9-a5b7-4bc6-b4fa-26d4e24ae00c@group-515877FFDAAC-LeaderElection487] INFO  impl.RaftServerImpl (RaftServerImpl.java:setRole(184)) - 05ace5f9-a5b7-4bc6-b4fa-26d4e24ae00c@group-515877FFDAAC: changes role from CANDIDATE to FOLLOWER at term 64 for DISCOVERED_A_NEW_TERM
2019-11-05 08:34:31,088 [05ace5f9-a5b7-4bc6-b4fa-26d4e24ae00c@group-515877FFDAAC-LeaderElection487] INFO  impl.RoleInfo (RoleInfo.java:shutdownLeaderElection(134)) - 05ace5f9-a5b7-4bc6-b4fa-26d4e24ae00c: shutdown LeaderElection
2019-11-05 08:34:31,088 [05ace5f9-a5b7-4bc6-b4fa-26d4e24ae00c@group-515877FFDAAC-LeaderElection487] INFO  impl.RoleInfo (RoleInfo.java:updateAndGet(143)) - 05ace5f9-a5b7-4bc6-b4fa-26d4e24ae00c: start FollowerState
2019-11-05 08:34:31,215 [Thread-3998] INFO  impl.FollowerState (FollowerState.java:run(108)) - 05ace5f9-a5b7-4bc6-b4fa-26d4e24ae00c@group-515877FFDAAC-FollowerState: change to CANDIDATE, lastRpcTime:127ms, electionTimeout:127ms
2019-11-05 08:34:31,215 [Thread-3998] INFO  impl.RoleInfo (RoleInfo.java:shutdownFollowerState(121)) - 05ace5f9-a5b7-4bc6-b4fa-26d4e24ae00c: shutdown FollowerState
2019-11-05 08:34:31,215 [Thread-3998] INFO  impl.RaftServerImpl (RaftServerImpl.java:setRole(184)) - 05ace5f9-a5b7-4bc6-b4fa-26d4e24ae00c@group-515877FFDAAC: changes role from  FOLLOWER to CANDIDATE at term 64 for changeToCandidate
2019-11-05 08:34:31,216 [Thread-3998] INFO  impl.RoleInfo (RoleInfo.java:updateAndGet(143)) - 05ace5f9-a5b7-4bc6-b4fa-26d4e24ae00c: start LeaderElection
2019-11-05 08:34:31,231 [05ace5f9-a5b7-4bc6-b4fa-26d4e24ae00c@group-515877FFDAAC-LeaderElection488] INFO  impl.LeaderElection (LeaderElection.java:askForVotes(178)) - 05ace5f9-a5b7-4bc6-b4fa-26d4e24ae00c@group-515877FFDAAC-LeaderElection488: begin an election at term 65 for -1: [05ace5f9-a5b7-4bc6-b4fa-26d4e24ae00c:192.168.164.217:42356, d92c9463-8e05-4a70-8cc7-1d31ae7ac64a:192.168.164.217:37180, d7b60609-c805-4df6-8140-a27c681dae80:192.168.164.217:37880], old=null
2019-11-05 08:34:31,232 [grpc-default-executor-13] INFO  impl.RaftServerImpl (RaftServerImpl.java:setRole(184)) - d7b60609-c805-4df6-8140-a27c681dae80@group-515877FFDAAC: changes role from  FOLLOWER to FOLLOWER at term 65 for recognizeCandidate:05ace5f9-a5b7-4bc6-b4fa-26d4e24ae00c
2019-11-05 08:34:31,233 [grpc-default-executor-10] INFO  impl.RaftServerImpl (RaftServerImpl.java:setRole(184)) - d92c9463-8e05-4a70-8cc7-1d31ae7ac64a@group-515877FFDAAC: changes role from  FOLLOWER to FOLLOWER at term 65 for recognizeCandidate:05ace5f9-a5b7-4bc6-b4fa-26d4e24ae00c
2019-11-05 08:34:31,233 [grpc-default-executor-13] INFO  impl.RoleInfo (RoleInfo.java:shutdownFollowerState(121)) - d7b60609-c805-4df6-8140-a27c681dae80: shutdown FollowerState
2019-11-05 08:34:31,233 [grpc-default-executor-10] INFO  impl.RoleInfo (RoleInfo.java:shutdownFollowerState(121)) - d92c9463-8e05-4a70-8cc7-1d31ae7ac64a: shutdown FollowerState
2019-11-05 08:34:31,233 [Thread-3997] INFO  impl.FollowerState (FollowerState.java:run(117)) - d7b60609-c805-4df6-8140-a27c681dae80@group-515877FFDAAC-FollowerState was interrupted: java.lang.InterruptedException: sleep interrupted
2019-11-05 08:34:31,233 [grpc-default-executor-13] INFO  impl.RoleInfo (RoleInfo.java:updateAndGet(143)) - d7b60609-c805-4df6-8140-a27c681dae80: start FollowerState
2019-11-05 08:34:31,233 [grpc-default-executor-10] INFO  impl.RoleInfo (RoleInfo.java:updateAndGet(143)) - d92c9463-8e05-4a70-8cc7-1d31ae7ac64a: start FollowerState
2019-11-05 08:34:31,233 [Thread-3996] INFO  impl.FollowerState (FollowerState.java:run(117)) - d92c9463-8e05-4a70-8cc7-1d31ae7ac64a@group-515877FFDAAC-FollowerState was interrupted: java.lang.InterruptedException: sleep interrupted
2019-11-05 08:34:31,247 [05ace5f9-a5b7-4bc6-b4fa-26d4e24ae00c@group-515877FFDAAC-LeaderElection488] INFO  impl.LeaderElection (LeaderElection.java:logAndReturn(56)) - 05ace5f9-a5b7-4bc6-b4fa-26d4e24ae00c@group-515877FFDAAC-LeaderElection488: Election REJECTED; received 2 response(s) [05ace5f9-a5b7-4bc6-b4fa-26d4e24ae00c<-d92c9463-8e05-4a70-8cc7-1d31ae7ac64a#0:FAIL-t65, 05ace5f9-a5b7-4bc6-b4fa-26d4e24ae00c<-d7b60609-c805-4df6-8140-a27c681dae80#0:FAIL-t65] and 0 exception(s); 05ace5f9-a5b7-4bc6-b4fa-26d4e24ae00c@group-515877FFDAAC:t65, leader=null, voted=05ace5f9-a5b7-4bc6-b4fa-26d4e24ae00c, raftlog=05ace5f9-a5b7-4bc6-b4fa-26d4e24ae00c@group-515877FFDAAC-SegmentedRaftLog:OPENED:c-1,f-1,i0, conf=-1: [05ace5f9-a5b7-4bc6-b4fa-26d4e24ae00c:192.168.164.217:42356, d92c9463-8e05-4a70-8cc7-1d31ae7ac64a:192.168.164.217:37180, d7b60609-c805-4df6-8140-a27c681dae80:192.168.164.217:37880], old=null
2019-11-05 08:34:31,247 [05ace5f9-a5b7-4bc6-b4fa-26d4e24ae00c@group-515877FFDAAC-LeaderElection488] INFO  impl.RaftServerImpl (RaftServerImpl.java:setRole(184)) - 05ace5f9-a5b7-4bc6-b4fa-26d4e24ae00c@group-515877FFDAAC: changes role from CANDIDATE to FOLLOWER at term 65 for DISCOVERED_A_NEW_TERM
2019-11-05 08:34:31,247 [05ace5f9-a5b7-4bc6-b4fa-26d4e24ae00c@group-515877FFDAAC-LeaderElection488] INFO  impl.RoleInfo (RoleInfo.java:shutdownLeaderElection(134)) - 05ace5f9-a5b7-4bc6-b4fa-26d4e24ae00c: shutdown LeaderElection
2019-11-05 08:34:31,247 [05ace5f9-a5b7-4bc6-b4fa-26d4e24ae00c@group-515877FFDAAC-LeaderElection488] INFO  impl.RoleInfo (RoleInfo.java:updateAndGet(143)) - 05ace5f9-a5b7-4bc6-b4fa-26d4e24ae00c: start FollowerState
2019-11-05 08:34:31,338 [Thread-4008] INFO  impl.FollowerState (FollowerState.java:run(108)) - 05ace5f9-a5b7-4bc6-b4fa-26d4e24ae00c@group-515877FFDAAC-FollowerState: change to CANDIDATE, lastRpcTime:90ms, electionTimeout:90ms
2019-11-05 08:34:31,338 [Thread-4008] INFO  impl.RoleInfo (RoleInfo.java:shutdownFollowerState(121)) - 05ace5f9-a5b7-4bc6-b4fa-26d4e24ae00c: shutdown FollowerState
2019-11-05 08:34:31,338 [Thread-4008] INFO  impl.RaftServerImpl (RaftServerImpl.java:setRole(184)) - 05ace5f9-a5b7-4bc6-b4fa-26d4e24ae00c@group-515877FFDAAC: changes role from  FOLLOWER to CANDIDATE at term 65 for changeToCandidate
2019-11-05 08:34:31,338 [Thread-4008] INFO  impl.RoleInfo (RoleInfo.java:updateAndGet(143)) - 05ace5f9-a5b7-4bc6-b4fa-26d4e24ae00c: start LeaderElection
2019-11-05 08:34:31,352 [05ace5f9-a5b7-4bc6-b4fa-26d4e24ae00c@group-515877FFDAAC-LeaderElection489] INFO  impl.LeaderElection (LeaderElection.java:askForVotes(178)) - 05ace5f9-a5b7-4bc6-b4fa-26d4e24ae00c@group-515877FFDAAC-LeaderElection489: begin an election at term 66 for -1: [05ace5f9-a5b7-4bc6-b4fa-26d4e24ae00c:192.168.164.217:42356, d92c9463-8e05-4a70-8cc7-1d31ae7ac64a:192.168.164.217:37180, d7b60609-c805-4df6-8140-a27c681dae80:192.168.164.217:37880], old=null
2019-11-05 08:34:31,353 [grpc-default-executor-13] INFO  impl.RaftServerImpl (RaftServerImpl.java:setRole(184)) - d92c9463-8e05-4a70-8cc7-1d31ae7ac64a@group-515877FFDAAC: changes role from  FOLLOWER to FOLLOWER at term 66 for recognizeCandidate:05ace5f9-a5b7-4bc6-b4fa-26d4e24ae00c
2019-11-05 08:34:31,353 [grpc-default-executor-13] INFO  impl.RoleInfo (RoleInfo.java:shutdownFollowerState(121)) - d92c9463-8e05-4a70-8cc7-1d31ae7ac64a: shutdown FollowerState
2019-11-05 08:34:31,353 [grpc-default-executor-13] INFO  impl.RoleInfo (RoleInfo.java:updateAndGet(143)) - d92c9463-8e05-4a70-8cc7-1d31ae7ac64a: start FollowerState
2019-11-05 08:34:31,353 [Thread-4007] INFO  impl.FollowerState (FollowerState.java:run(117)) - d92c9463-8e05-4a70-8cc7-1d31ae7ac64a@group-515877FFDAAC-FollowerState was interrupted: java.lang.InterruptedException: sleep interrupted
2019-11-05 08:34:31,353 [grpc-default-executor-10] INFO  impl.RaftServerImpl (RaftServerImpl.java:setRole(184)) - d7b60609-c805-4df6-8140-a27c681dae80@group-515877FFDAAC: changes role from  FOLLOWER to FOLLOWER at term 66 for recognizeCandidate:05ace5f9-a5b7-4bc6-b4fa-26d4e24ae00c
2019-11-05 08:34:31,354 [grpc-default-executor-10] INFO  impl.RoleInfo (RoleInfo.java:shutdownFollowerState(121)) - d7b60609-c805-4df6-8140-a27c681dae80: shutdown FollowerState
2019-11-05 08:34:31,354 [grpc-default-executor-10] INFO  impl.RoleInfo (RoleInfo.java:updateAndGet(143)) - d7b60609-c805-4df6-8140-a27c681dae80: start FollowerState
2019-11-05 08:34:31,354 [Thread-4006] INFO  impl.FollowerState (FollowerState.java:run(117)) - d7b60609-c805-4df6-8140-a27c681dae80@group-515877FFDAAC-FollowerState was interrupted: java.lang.InterruptedException: sleep interrupted
2019-11-05 08:34:31,379 [05ace5f9-a5b7-4bc6-b4fa-26d4e24ae00c@group-515877FFDAAC-LeaderElection489] INFO  impl.LeaderElection (LeaderElection.java:logAndReturn(56)) - 05ace5f9-a5b7-4bc6-b4fa-26d4e24ae00c@group-515877FFDAAC-LeaderElection489: Election REJECTED; received 2 response(s) [05ace5f9-a5b7-4bc6-b4fa-26d4e24ae00c<-d92c9463-8e05-4a70-8cc7-1d31ae7ac64a#0:FAIL-t66, 05ace5f9-a5b7-4bc6-b4fa-26d4e24ae00c<-d7b60609-c805-4df6-8140-a27c681dae80#0:FAIL-t66] and 0 exception(s); 05ace5f9-a5b7-4bc6-b4fa-26d4e24ae00c@group-515877FFDAAC:t66, leader=null, voted=05ace5f9-a5b7-4bc6-b4fa-26d4e24ae00c, raftlog=05ace5f9-a5b7-4bc6-b4fa-26d4e24ae00c@group-515877FFDAAC-SegmentedRaftLog:OPENED:c-1,f-1,i0, conf=-1: [05ace5f9-a5b7-4bc6-b4fa-26d4e24ae00c:192.168.164.217:42356, d92c9463-8e05-4a70-8cc7-1d31ae7ac64a:192.168.164.217:37180, d7b60609-c805-4df6-8140-a27c681dae80:192.168.164.217:37880], old=null
2019-11-05 08:34:31,379 [05ace5f9-a5b7-4bc6-b4fa-26d4e24ae00c@group-515877FFDAAC-LeaderElection489] INFO  impl.RaftServerImpl (RaftServerImpl.java:setRole(184)) - 05ace5f9-a5b7-4bc6-b4fa-26d4e24ae00c@group-515877FFDAAC: changes role from CANDIDATE to FOLLOWER at term 66 for DISCOVERED_A_NEW_TERM
2019-11-05 08:34:31,380 [05ace5f9-a5b7-4bc6-b4fa-26d4e24ae00c@group-515877FFDAAC-LeaderElection489] INFO  impl.RoleInfo (RoleInfo.java:shutdownLeaderElection(134)) - 05ace5f9-a5b7-4bc6-b4fa-26d4e24ae00c: shutdown LeaderElection
2019-11-05 08:34:31,380 [05ace5f9-a5b7-4bc6-b4fa-26d4e24ae00c@group-515877FFDAAC-LeaderElection489] INFO  impl.RoleInfo (RoleInfo.java:updateAndGet(143)) - 05ace5f9-a5b7-4bc6-b4fa-26d4e24ae00c: start FollowerState
2019-11-05 08:34:31,508 [Thread-4016] INFO  impl.FollowerState (FollowerState.java:run(108)) - 05ace5f9-a5b7-4bc6-b4fa-26d4e24ae00c@group-515877FFDAAC-FollowerState: change to CANDIDATE, lastRpcTime:128ms, electionTimeout:128ms
2019-11-05 08:34:31,508 [Thread-4016] INFO  impl.RoleInfo (RoleInfo.java:shutdownFollowerState(121)) - 05ace5f9-a5b7-4bc6-b4fa-26d4e24ae00c: shutdown FollowerState
2019-11-05 08:34:31,508 [Thread-4016] INFO  impl.RaftServerImpl (RaftServerImpl.java:setRole(184)) - 05ace5f9-a5b7-4bc6-b4fa-26d4e24ae00c@group-515877FFDAAC: changes role from  FOLLOWER to CANDIDATE at term 66 for changeToCandidate
2019-11-05 08:34:31,509 [Thread-4016] INFO  impl.RoleInfo (RoleInfo.java:updateAndGet(143)) - 05ace5f9-a5b7-4bc6-b4fa-26d4e24ae00c: start LeaderElection
2019-11-05 08:34:31,522 [05ace5f9-a5b7-4bc6-b4fa-26d4e24ae00c@group-515877FFDAAC-LeaderElection490] INFO  impl.LeaderElection (LeaderElection.java:askForVotes(178)) - 05ace5f9-a5b7-4bc6-b4fa-26d4e24ae00c@group-515877FFDAAC-LeaderElection490: begin an election at term 67 for -1: [05ace5f9-a5b7-4bc6-b4fa-26d4e24ae00c:192.168.164.217:42356, d92c9463-8e05-4a70-8cc7-1d31ae7ac64a:192.168.164.217:37180, d7b60609-c805-4df6-8140-a27c681dae80:192.168.164.217:37880], old=null
2019-11-05 08:34:31,524 [grpc-default-executor-10] INFO  impl.RaftServerImpl (RaftServerImpl.java:setRole(184)) - d92c9463-8e05-4a70-8cc7-1d31ae7ac64a@group-515877FFDAAC: changes role from  FOLLOWER to FOLLOWER at term 67 for recognizeCandidate:05ace5f9-a5b7-4bc6-b4fa-26d4e24ae00c
2019-11-05 08:34:31,524 [grpc-default-executor-10] INFO  impl.RoleInfo (RoleInfo.java:shutdownFollowerState(121)) - d92c9463-8e05-4a70-8cc7-1d31ae7ac64a: shutdown FollowerState
2019-11-05 08:34:31,524 [grpc-default-executor-10] INFO  impl.RoleInfo (RoleInfo.java:updateAndGet(143)) - d92c9463-8e05-4a70-8cc7-1d31ae7ac64a: start FollowerState
2019-11-05 08:34:31,524 [grpc-default-executor-13] INFO  impl.RaftServerImpl (RaftServerImpl.java:setRole(184)) - d7b60609-c805-4df6-8140-a27c681dae80@group-515877FFDAAC: changes role from  FOLLOWER to FOLLOWER at term 67 for recognizeCandidate:05ace5f9-a5b7-4bc6-b4fa-26d4e24ae00c
2019-11-05 08:34:31,525 [grpc-default-executor-13] INFO  impl.RoleInfo (RoleInfo.java:shutdownFollowerState(121)) - d7b60609-c805-4df6-8140-a27c681dae80: shutdown FollowerState
2019-11-05 08:34:31,524 [Thread-4012] INFO  impl.FollowerState (FollowerState.java:run(117)) - d92c9463-8e05-4a70-8cc7-1d31ae7ac64a@group-515877FFDAAC-FollowerState was interrupted: java.lang.InterruptedException: sleep interrupted
2019-11-05 08:34:31,525 [grpc-default-executor-13] INFO  impl.RoleInfo (RoleInfo.java:updateAndGet(143)) - d7b60609-c805-4df6-8140-a27c681dae80: start FollowerState
2019-11-05 08:34:31,525 [Thread-4013] INFO  impl.FollowerState (FollowerState.java:run(117)) - d7b60609-c805-4df6-8140-a27c681dae80@group-515877FFDAAC-FollowerState was interrupted: java.lang.InterruptedException: sleep interrupted
2019-11-05 08:34:31,540 [05ace5f9-a5b7-4bc6-b4fa-26d4e24ae00c@group-515877FFDAAC-LeaderElection490] INFO  impl.LeaderElection (LeaderElection.java:logAndReturn(56)) - 05ace5f9-a5b7-4bc6-b4fa-26d4e24ae00c@group-515877FFDAAC-LeaderElection490: Election REJECTED; received 2 response(s) [05ace5f9-a5b7-4bc6-b4fa-26d4e24ae00c<-d92c9463-8e05-4a70-8cc7-1d31ae7ac64a#0:FAIL-t67, 05ace5f9-a5b7-4bc6-b4fa-26d4e24ae00c<-d7b60609-c805-4df6-8140-a27c681dae80#0:FAIL-t67] and 0 exception(s); 05ace5f9-a5b7-4bc6-b4fa-26d4e24ae00c@group-515877FFDAAC:t67, leader=null, voted=05ace5f9-a5b7-4bc6-b4fa-26d4e24ae00c, raftlog=05ace5f9-a5b7-4bc6-b4fa-26d4e24ae00c@group-515877FFDAAC-SegmentedRaftLog:OPENED:c-1,f-1,i0, conf=-1: [05ace5f9-a5b7-4bc6-b4fa-26d4e24ae00c:192.168.164.217:42356, d92c9463-8e05-4a70-8cc7-1d31ae7ac64a:192.168.164.217:37180, d7b60609-c805-4df6-8140-a27c681dae80:192.168.164.217:37880], old=null
2019-11-05 08:34:31,541 [05ace5f9-a5b7-4bc6-b4fa-26d4e24ae00c@group-515877FFDAAC-LeaderElection490] INFO  impl.RaftServerImpl (RaftServerImpl.java:setRole(184)) - 05ace5f9-a5b7-4bc6-b4fa-26d4e24ae00c@group-515877FFDAAC: changes role from CANDIDATE to FOLLOWER at term 67 for DISCOVERED_A_NEW_TERM
2019-11-05 08:34:31,541 [05ace5f9-a5b7-4bc6-b4fa-26d4e24ae00c@group-515877FFDAAC-LeaderElection490] INFO  impl.RoleInfo (RoleInfo.java:shutdownLeaderElection(134)) - 05ace5f9-a5b7-4bc6-b4fa-26d4e24ae00c: shutdown LeaderElection
2019-11-05 08:34:31,541 [05ace5f9-a5b7-4bc6-b4fa-26d4e24ae00c@group-515877FFDAAC-LeaderElection490] INFO  impl.RoleInfo (RoleInfo.java:updateAndGet(143)) - 05ace5f9-a5b7-4bc6-b4fa-26d4e24ae00c: start FollowerState
2019-11-05 08:34:31,599 [Thread-4022] INFO  impl.FollowerState (FollowerState.java:run(108)) - 05ace5f9-a5b7-4bc6-b4fa-26d4e24ae00c@group-515877FFDAAC-FollowerState: change to CANDIDATE, lastRpcTime:58ms, electionTimeout:58ms
2019-11-05 08:34:31,599 [Thread-4022] INFO  impl.RoleInfo (RoleInfo.java:shutdownFollowerState(121)) - 05ace5f9-a5b7-4bc6-b4fa-26d4e24ae00c: shutdown FollowerState
2019-11-05 08:34:31,599 [Thread-4022] INFO  impl.RaftServerImpl (RaftServerImpl.java:setRole(184)) - 05ace5f9-a5b7-4bc6-b4fa-26d4e24ae00c@group-515877FFDAAC: changes role from  FOLLOWER to CANDIDATE at term 67 for changeToCandidate
2019-11-05 08:34:31,599 [Thread-4022] INFO  impl.RoleInfo (RoleInfo.java:updateAndGet(143)) - 05ace5f9-a5b7-4bc6-b4fa-26d4e24ae00c: start LeaderElection
2019-11-05 08:34:31,612 [05ace5f9-a5b7-4bc6-b4fa-26d4e24ae00c@group-515877FFDAAC-LeaderElection491] INFO  impl.LeaderElection (LeaderElection.java:askForVotes(178)) - 05ace5f9-a5b7-4bc6-b4fa-26d4e24ae00c@group-515877FFDAAC-LeaderElection491: begin an election at term 68 for -1: [05ace5f9-a5b7-4bc6-b4fa-26d4e24ae00c:192.168.164.217:42356, d92c9463-8e05-4a70-8cc7-1d31ae7ac64a:192.168.164.217:37180, d7b60609-c805-4df6-8140-a27c681dae80:192.168.164.217:37880], old=null
2019-11-05 08:34:31,614 [grpc-default-executor-10] INFO  impl.RaftServerImpl (RaftServerImpl.java:setRole(184)) - d92c9463-8e05-4a70-8cc7-1d31ae7ac64a@group-515877FFDAAC: changes role from  FOLLOWER to FOLLOWER at term 68 for recognizeCandidate:05ace5f9-a5b7-4bc6-b4fa-26d4e24ae00c
2019-11-05 08:34:31,614 [grpc-default-executor-10] INFO  impl.RoleInfo (RoleInfo.java:shutdownFollowerState(121)) - d92c9463-8e05-4a70-8cc7-1d31ae7ac64a: shutdown FollowerState
2019-11-05 08:34:31,614 [grpc-default-executor-13] INFO  impl.RaftServerImpl (RaftServerImpl.java:setRole(184)) - d7b60609-c805-4df6-8140-a27c681dae80@group-515877FFDAAC: changes role from  FOLLOWER to FOLLOWER at term 68 for recognizeCandidate:05ace5f9-a5b7-4bc6-b4fa-26d4e24ae00c
2019-11-05 08:34:31,614 [grpc-default-executor-13] INFO  impl.RoleInfo (RoleInfo.java:shutdownFollowerState(121)) - d7b60609-c805-4df6-8140-a27c681dae80: shutdown FollowerState
2019-11-05 08:34:31,614 [grpc-default-executor-10] INFO  impl.RoleInfo (RoleInfo.java:updateAndGet(143)) - d92c9463-8e05-4a70-8cc7-1d31ae7ac64a: start FollowerState
2019-11-05 08:34:31,614 [Thread-4020] INFO  impl.FollowerState (FollowerState.java:run(117)) - d92c9463-8e05-4a70-8cc7-1d31ae7ac64a@group-515877FFDAAC-FollowerState was interrupted: java.lang.InterruptedException: sleep interrupted
2019-11-05 08:34:31,614 [Thread-4021] INFO  impl.FollowerState (FollowerState.java:run(117)) - d7b60609-c805-4df6-8140-a27c681dae80@group-515877FFDAAC-FollowerState was interrupted: java.lang.InterruptedException: sleep interrupted
2019-11-05 08:34:31,614 [grpc-default-executor-13] INFO  impl.RoleInfo (RoleInfo.java:updateAndGet(143)) - d7b60609-c805-4df6-8140-a27c681dae80: start FollowerState
2019-11-05 08:34:31,631 [05ace5f9-a5b7-4bc6-b4fa-26d4e24ae00c@group-515877FFDAAC-LeaderElection491] INFO  impl.LeaderElection (LeaderElection.java:logAndReturn(56)) - 05ace5f9-a5b7-4bc6-b4fa-26d4e24ae00c@group-515877FFDAAC-LeaderElection491: Election REJECTED; received 2 response(s) [05ace5f9-a5b7-4bc6-b4fa-26d4e24ae00c<-d92c9463-8e05-4a70-8cc7-1d31ae7ac64a#0:FAIL-t68, 05ace5f9-a5b7-4bc6-b4fa-26d4e24ae00c<-d7b60609-c805-4df6-8140-a27c681dae80#0:FAIL-t68] and 0 exception(s); 05ace5f9-a5b7-4bc6-b4fa-26d4e24ae00c@group-515877FFDAAC:t68, leader=null, voted=05ace5f9-a5b7-4bc6-b4fa-26d4e24ae00c, raftlog=05ace5f9-a5b7-4bc6-b4fa-26d4e24ae00c@group-515877FFDAAC-SegmentedRaftLog:OPENED:c-1,f-1,i0, conf=-1: [05ace5f9-a5b7-4bc6-b4fa-26d4e24ae00c:192.168.164.217:42356, d92c9463-8e05-4a70-8cc7-1d31ae7ac64a:192.168.164.217:37180, d7b60609-c805-4df6-8140-a27c681dae80:192.168.164.217:37880], old=null
2019-11-05 08:34:31,632 [05ace5f9-a5b7-4bc6-b4fa-26d4e24ae00c@group-515877FFDAAC-LeaderElection491] INFO  impl.RaftServerImpl (RaftServerImpl.java:setRole(184)) - 05ace5f9-a5b7-4bc6-b4fa-26d4e24ae00c@group-515877FFDAAC: changes role from CANDIDATE to FOLLOWER at term 68 for DISCOVERED_A_NEW_TERM
2019-11-05 08:34:31,632 [05ace5f9-a5b7-4bc6-b4fa-26d4e24ae00c@group-515877FFDAAC-LeaderElection491] INFO  impl.RoleInfo (RoleInfo.java:shutdownLeaderElection(134)) - 05ace5f9-a5b7-4bc6-b4fa-26d4e24ae00c: shutdown LeaderElection
2019-11-05 08:34:31,632 [05ace5f9-a5b7-4bc6-b4fa-26d4e24ae00c@group-515877FFDAAC-LeaderElection491] INFO  impl.RoleInfo (RoleInfo.java:updateAndGet(143)) - 05ace5f9-a5b7-4bc6-b4fa-26d4e24ae00c: start FollowerState
2019-11-05 08:34:31,760 [Thread-4028] INFO  impl.FollowerState (FollowerState.java:run(108)) - 05ace5f9-a5b7-4bc6-b4fa-26d4e24ae00c@group-515877FFDAAC-FollowerState: change to CANDIDATE, lastRpcTime:128ms, electionTimeout:128ms
2019-11-05 08:34:31,760 [Thread-4028] INFO  impl.RoleInfo (RoleInfo.java:shutdownFollowerState(121)) - 05ace5f9-a5b7-4bc6-b4fa-26d4e24ae00c: shutdown FollowerState
2019-11-05 08:34:31,760 [Thread-4028] INFO  impl.RaftServerImpl (RaftServerImpl.java:setRole(184)) - 05ace5f9-a5b7-4bc6-b4fa-26d4e24ae00c@group-515877FFDAAC: changes role from  FOLLOWER to CANDIDATE at term 68 for changeToCandidate
2019-11-05 08:34:31,760 [Thread-4028] INFO  impl.RoleInfo (RoleInfo.java:updateAndGet(143)) - 05ace5f9-a5b7-4bc6-b4fa-26d4e24ae00c: start LeaderElection
2019-11-05 08:34:31,774 [05ace5f9-a5b7-4bc6-b4fa-26d4e24ae00c@group-515877FFDAAC-LeaderElection492] INFO  impl.LeaderElection (LeaderElection.java:askForVotes(178)) - 05ace5f9-a5b7-4bc6-b4fa-26d4e24ae00c@group-515877FFDAAC-LeaderElection492: begin an election at term 69 for -1: [05ace5f9-a5b7-4bc6-b4fa-26d4e24ae00c:192.168.164.217:42356, d92c9463-8e05-4a70-8cc7-1d31ae7ac64a:192.168.164.217:37180, d7b60609-c805-4df6-8140-a27c681dae80:192.168.164.217:37880], old=null
2019-11-05 08:34:31,775 [grpc-default-executor-10] INFO  impl.RaftServerImpl (RaftServerImpl.java:setRole(184)) - d92c9463-8e05-4a70-8cc7-1d31ae7ac64a@group-515877FFDAAC: changes role from  FOLLOWER to FOLLOWER at term 69 for recognizeCandidate:05ace5f9-a5b7-4bc6-b4fa-26d4e24ae00c
2019-11-05 08:34:31,775 [grpc-default-executor-13] INFO  impl.RaftServerImpl (RaftServerImpl.java:setRole(184)) - d7b60609-c805-4df6-8140-a27c681dae80@group-515877FFDAAC: changes role from  FOLLOWER to FOLLOWER at term 69 for recognizeCandidate:05ace5f9-a5b7-4bc6-b4fa-26d4e24ae00c
2019-11-05 08:34:31,776 [grpc-default-executor-10] INFO  impl.RoleInfo (RoleInfo.java:shutdownFollowerState(121)) - d92c9463-8e05-4a70-8cc7-1d31ae7ac64a: shutdown FollowerState
2019-11-05 08:34:31,776 [grpc-default-executor-13] INFO  impl.RoleInfo (RoleInfo.java:shutdownFollowerState(121)) - d7b60609-c805-4df6-8140-a27c681dae80: shutdown FollowerState
2019-11-05 08:34:31,776 [grpc-default-executor-10] INFO  impl.RoleInfo (RoleInfo.java:updateAndGet(143)) - d92c9463-8e05-4a70-8cc7-1d31ae7ac64a: start FollowerState
2019-11-05 08:34:31,776 [Thread-4027] INFO  impl.FollowerState (FollowerState.java:run(117)) - d7b60609-c805-4df6-8140-a27c681dae80@group-515877FFDAAC-FollowerState was interrupted: java.lang.InterruptedException: sleep interrupted
2019-11-05 08:34:31,776 [grpc-default-executor-13] INFO  impl.RoleInfo (RoleInfo.java:updateAndGet(143)) - d7b60609-c805-4df6-8140-a27c681dae80: start FollowerState
2019-11-05 08:34:31,776 [Thread-4026] INFO  impl.FollowerState (FollowerState.java:run(117)) - d92c9463-8e05-4a70-8cc7-1d31ae7ac64a@group-515877FFDAAC-FollowerState was interrupted: java.lang.InterruptedException: sleep interrupted
2019-11-05 08:34:31,779 [05ace5f9-a5b7-4bc6-b4fa-26d4e24ae00c@group-515877FFDAAC-LeaderElection492] INFO  impl.LeaderElection (LeaderElection.java:logAndReturn(56)) - 05ace5f9-a5b7-4bc6-b4fa-26d4e24ae00c@group-515877FFDAAC-LeaderElection492: Election TIMEOUT; received 0 response(s) [] and 0 exception(s); 05ace5f9-a5b7-4bc6-b4fa-26d4e24ae00c@group-515877FFDAAC:t69, leader=null, voted=05ace5f9-a5b7-4bc6-b4fa-26d4e24ae00c, raftlog=05ace5f9-a5b7-4bc6-b4fa-26d4e24ae00c@group-515877FFDAAC-SegmentedRaftLog:OPENED:c-1,f-1,i0, conf=-1: [05ace5f9-a5b7-4bc6-b4fa-26d4e24ae00c:192.168.164.217:42356, d92c9463-8e05-4a70-8cc7-1d31ae7ac64a:192.168.164.217:37180, d7b60609-c805-4df6-8140-a27c681dae80:192.168.164.217:37880], old=null
2019-11-05 08:34:31,790 [05ace5f9-a5b7-4bc6-b4fa-26d4e24ae00c@group-515877FFDAAC-LeaderElection492] INFO  impl.LeaderElection (LeaderElection.java:askForVotes(178)) - 05ace5f9-a5b7-4bc6-b4fa-26d4e24ae00c@group-515877FFDAAC-LeaderElection492: begin an election at term 70 for -1: [05ace5f9-a5b7-4bc6-b4fa-26d4e24ae00c:192.168.164.217:42356, d92c9463-8e05-4a70-8cc7-1d31ae7ac64a:192.168.164.217:37180, d7b60609-c805-4df6-8140-a27c681dae80:192.168.164.217:37880], old=null
2019-11-05 08:34:31,791 [grpc-default-executor-13] INFO  impl.RaftServerImpl (RaftServerImpl.java:setRole(184)) - d92c9463-8e05-4a70-8cc7-1d31ae7ac64a@group-515877FFDAAC: changes role from  FOLLOWER to FOLLOWER at term 70 for recognizeCandidate:05ace5f9-a5b7-4bc6-b4fa-26d4e24ae00c
2019-11-05 08:34:31,791 [grpc-default-executor-10] INFO  impl.RaftServerImpl (RaftServerImpl.java:setRole(184)) - d7b60609-c805-4df6-8140-a27c681dae80@group-515877FFDAAC: changes role from  FOLLOWER to FOLLOWER at term 70 for recognizeCandidate:05ace5f9-a5b7-4bc6-b4fa-26d4e24ae00c
2019-11-05 08:34:31,791 [grpc-default-executor-10] INFO  impl.RoleInfo (RoleInfo.java:shutdownFollowerState(121)) - d7b60609-c805-4df6-8140-a27c681dae80: shutdown FollowerState
2019-11-05 08:34:31,791 [grpc-default-executor-13] INFO  impl.RoleInfo (RoleInfo.java:shutdownFollowerState(121)) - d92c9463-8e05-4a70-8cc7-1d31ae7ac64a: shutdown FollowerState
2019-11-05 08:34:31,792 [grpc-default-executor-10] INFO  impl.RoleInfo (RoleInfo.java:updateAndGet(143)) - d7b60609-c805-4df6-8140-a27c681dae80: start FollowerState
2019-11-05 08:34:31,792 [Thread-4035] INFO  impl.FollowerState (FollowerState.java:run(117)) - d7b60609-c805-4df6-8140-a27c681dae80@group-515877FFDAAC-FollowerState was interrupted: java.lang.InterruptedException: sleep interrupted
2019-11-05 08:34:31,792 [Thread-4034] INFO  impl.FollowerState (FollowerState.java:run(117)) - d92c9463-8e05-4a70-8cc7-1d31ae7ac64a@group-515877FFDAAC-FollowerState was interrupted: java.lang.InterruptedException: sleep interrupted
2019-11-05 08:34:31,792 [grpc-default-executor-13] INFO  impl.RoleInfo (RoleInfo.java:updateAndGet(143)) - d92c9463-8e05-4a70-8cc7-1d31ae7ac64a: start FollowerState
2019-11-05 08:34:31,817 [05ace5f9-a5b7-4bc6-b4fa-26d4e24ae00c@group-515877FFDAAC-LeaderElection492] INFO  impl.LeaderElection (LeaderElection.java:logAndReturn(56)) - 05ace5f9-a5b7-4bc6-b4fa-26d4e24ae00c@group-515877FFDAAC-LeaderElection492: Election REJECTED; received 2 response(s) [05ace5f9-a5b7-4bc6-b4fa-26d4e24ae00c<-d92c9463-8e05-4a70-8cc7-1d31ae7ac64a#0:FAIL-t70, 05ace5f9-a5b7-4bc6-b4fa-26d4e24ae00c<-d7b60609-c805-4df6-8140-a27c681dae80#0:FAIL-t70] and 0 exception(s); 05ace5f9-a5b7-4bc6-b4fa-26d4e24ae00c@group-515877FFDAAC:t70, leader=null, voted=05ace5f9-a5b7-4bc6-b4fa-26d4e24ae00c, raftlog=05ace5f9-a5b7-4bc6-b4fa-26d4e24ae00c@group-515877FFDAAC-SegmentedRaftLog:OPENED:c-1,f-1,i0, conf=-1: [05ace5f9-a5b7-4bc6-b4fa-26d4e24ae00c:192.168.164.217:42356, d92c9463-8e05-4a70-8cc7-1d31ae7ac64a:192.168.164.217:37180, d7b60609-c805-4df6-8140-a27c681dae80:192.168.164.217:37880], old=null
2019-11-05 08:34:31,817 [05ace5f9-a5b7-4bc6-b4fa-26d4e24ae00c@group-515877FFDAAC-LeaderElection492] INFO  impl.RaftServerImpl (RaftServerImpl.java:setRole(184)) - 05ace5f9-a5b7-4bc6-b4fa-26d4e24ae00c@group-515877FFDAAC: changes role from CANDIDATE to FOLLOWER at term 70 for DISCOVERED_A_NEW_TERM
2019-11-05 08:34:31,817 [05ace5f9-a5b7-4bc6-b4fa-26d4e24ae00c@group-515877FFDAAC-LeaderElection492] INFO  impl.RoleInfo (RoleInfo.java:shutdownLeaderElection(134)) - 05ace5f9-a5b7-4bc6-b4fa-26d4e24ae00c: shutdown LeaderElection
2019-11-05 08:34:31,817 [05ace5f9-a5b7-4bc6-b4fa-26d4e24ae00c@group-515877FFDAAC-LeaderElection492] INFO  impl.RoleInfo (RoleInfo.java:updateAndGet(143)) - 05ace5f9-a5b7-4bc6-b4fa-26d4e24ae00c: start FollowerState
2019-11-05 08:34:31,842 [Thread-4040] INFO  impl.FollowerState (FollowerState.java:run(108)) - 05ace5f9-a5b7-4bc6-b4fa-26d4e24ae00c@group-515877FFDAAC-FollowerState: change to CANDIDATE, lastRpcTime:24ms, electionTimeout:24ms
2019-11-05 08:34:31,842 [Thread-4040] INFO  impl.RoleInfo (RoleInfo.java:shutdownFollowerState(121)) - 05ace5f9-a5b7-4bc6-b4fa-26d4e24ae00c: shutdown FollowerState
2019-11-05 08:34:31,842 [Thread-4040] INFO  impl.RaftServerImpl (RaftServerImpl.java:setRole(184)) - 05ace5f9-a5b7-4bc6-b4fa-26d4e24ae00c@group-515877FFDAAC: changes role from  FOLLOWER to CANDIDATE at term 70 for changeToCandidate
2019-11-05 08:34:31,842 [Thread-4040] INFO  impl.RoleInfo (RoleInfo.java:updateAndGet(143)) - 05ace5f9-a5b7-4bc6-b4fa-26d4e24ae00c: start LeaderElection
2019-11-05 08:34:31,856 [05ace5f9-a5b7-4bc6-b4fa-26d4e24ae00c@group-515877FFDAAC-LeaderElection493] INFO  impl.LeaderElection (LeaderElection.java:askForVotes(178)) - 05ace5f9-a5b7-4bc6-b4fa-26d4e24ae00c@group-515877FFDAAC-LeaderElection493: begin an election at term 71 for -1: [05ace5f9-a5b7-4bc6-b4fa-26d4e24ae00c:192.168.164.217:42356, d92c9463-8e05-4a70-8cc7-1d31ae7ac64a:192.168.164.217:37180, d7b60609-c805-4df6-8140-a27c681dae80:192.168.164.217:37880], old=null
2019-11-05 08:34:31,857 [grpc-default-executor-13] INFO  impl.RaftServerImpl (RaftServerImpl.java:setRole(184)) - d92c9463-8e05-4a70-8cc7-1d31ae7ac64a@group-515877FFDAAC: changes role from  FOLLOWER to FOLLOWER at term 71 for recognizeCandidate:05ace5f9-a5b7-4bc6-b4fa-26d4e24ae00c
2019-11-05 08:34:31,857 [grpc-default-executor-13] INFO  impl.RoleInfo (RoleInfo.java:shutdownFollowerState(121)) - d92c9463-8e05-4a70-8cc7-1d31ae7ac64a: shutdown FollowerState
2019-11-05 08:34:31,857 [grpc-default-executor-10] INFO  impl.RaftServerImpl (RaftServerImpl.java:setRole(184)) - d7b60609-c805-4df6-8140-a27c681dae80@group-515877FFDAAC: changes role from  FOLLOWER to FOLLOWER at term 71 for recognizeCandidate:05ace5f9-a5b7-4bc6-b4fa-26d4e24ae00c
2019-11-05 08:34:31,857 [Thread-4039] INFO  impl.FollowerState (FollowerState.java:run(117)) - d92c9463-8e05-4a70-8cc7-1d31ae7ac64a@group-515877FFDAAC-FollowerState was interrupted: java.lang.InterruptedException: sleep interrupted
2019-11-05 08:34:31,857 [grpc-default-executor-13] INFO  impl.RoleInfo (RoleInfo.java:updateAndGet(143)) - d92c9463-8e05-4a70-8cc7-1d31ae7ac64a: start FollowerState
2019-11-05 08:34:31,858 [grpc-default-executor-10] INFO  impl.RoleInfo (RoleInfo.java:shutdownFollowerState(121)) - d7b60609-c805-4df6-8140-a27c681dae80: shutdown FollowerState
2019-11-05 08:34:31,858 [grpc-default-executor-10] INFO  impl.RoleInfo (RoleInfo.java:updateAndGet(143)) - d7b60609-c805-4df6-8140-a27c681dae80: start FollowerState
2019-11-05 08:34:31,858 [Thread-4038] INFO  impl.FollowerState (FollowerState.java:run(117)) - d7b60609-c805-4df6-8140-a27c681dae80@group-515877FFDAAC-FollowerState was interrupted: java.lang.InterruptedException: sleep interrupted
2019-11-05 08:34:31,896 [05ace5f9-a5b7-4bc6-b4fa-26d4e24ae00c@group-515877FFDAAC-LeaderElection493] INFO  impl.LeaderElection (LeaderElection.java:logAndReturn(56)) - 05ace5f9-a5b7-4bc6-b4fa-26d4e24ae00c@group-515877FFDAAC-LeaderElection493: Election REJECTED; received 2 response(s) [05ace5f9-a5b7-4bc6-b4fa-26d4e24ae00c<-d92c9463-8e05-4a70-8cc7-1d31ae7ac64a#0:FAIL-t71, 05ace5f9-a5b7-4bc6-b4fa-26d4e24ae00c<-d7b60609-c805-4df6-8140-a27c681dae80#0:FAIL-t71] and 0 exception(s); 05ace5f9-a5b7-4bc6-b4fa-26d4e24ae00c@group-515877FFDAAC:t71, leader=null, voted=05ace5f9-a5b7-4bc6-b4fa-26d4e24ae00c, raftlog=05ace5f9-a5b7-4bc6-b4fa-26d4e24ae00c@group-515877FFDAAC-SegmentedRaftLog:OPENED:c-1,f-1,i0, conf=-1: [05ace5f9-a5b7-4bc6-b4fa-26d4e24ae00c:192.168.164.217:42356, d92c9463-8e05-4a70-8cc7-1d31ae7ac64a:192.168.164.217:37180, d7b60609-c805-4df6-8140-a27c681dae80:192.168.164.217:37880], old=null
2019-11-05 08:34:31,896 [05ace5f9-a5b7-4bc6-b4fa-26d4e24ae00c@group-515877FFDAAC-LeaderElection493] INFO  impl.RaftServerImpl (RaftServerImpl.java:setRole(184)) - 05ace5f9-a5b7-4bc6-b4fa-26d4e24ae00c@group-515877FFDAAC: changes role from CANDIDATE to FOLLOWER at term 71 for DISCOVERED_A_NEW_TERM
2019-11-05 08:34:31,896 [05ace5f9-a5b7-4bc6-b4fa-26d4e24ae00c@group-515877FFDAAC-LeaderElection493] INFO  impl.RoleInfo (RoleInfo.java:shutdownLeaderElection(134)) - 05ace5f9-a5b7-4bc6-b4fa-26d4e24ae00c: shutdown LeaderElection
2019-11-05 08:34:31,896 [05ace5f9-a5b7-4bc6-b4fa-26d4e24ae00c@group-515877FFDAAC-LeaderElection493] INFO  impl.RoleInfo (RoleInfo.java:updateAndGet(143)) - 05ace5f9-a5b7-4bc6-b4fa-26d4e24ae00c: start FollowerState
2019-11-05 08:34:32,088 [Thread-4048] INFO  impl.FollowerState (FollowerState.java:run(108)) - 05ace5f9-a5b7-4bc6-b4fa-26d4e24ae00c@group-515877FFDAAC-FollowerState: change to CANDIDATE, lastRpcTime:191ms, electionTimeout:191ms
2019-11-05 08:34:32,088 [Thread-4048] INFO  impl.RoleInfo (RoleInfo.java:shutdownFollowerState(121)) - 05ace5f9-a5b7-4bc6-b4fa-26d4e24ae00c: shutdown FollowerState
2019-11-05 08:34:32,088 [Thread-4048] INFO  impl.RaftServerImpl (RaftServerImpl.java:setRole(184)) - 05ace5f9-a5b7-4bc6-b4fa-26d4e24ae00c@group-515877FFDAAC: changes role from  FOLLOWER to CANDIDATE at term 71 for changeToCandidate
2019-11-05 08:34:32,088 [Thread-4048] INFO  impl.RoleInfo (RoleInfo.java:updateAndGet(143)) - 05ace5f9-a5b7-4bc6-b4fa-26d4e24ae00c: start LeaderElection
2019-11-05 08:34:32,102 [05ace5f9-a5b7-4bc6-b4fa-26d4e24ae00c@group-515877FFDAAC-LeaderElection494] INFO  impl.LeaderElection (LeaderElection.java:askForVotes(178)) - 05ace5f9-a5b7-4bc6-b4fa-26d4e24ae00c@group-515877FFDAAC-LeaderElection494: begin an election at term 72 for -1: [05ace5f9-a5b7-4bc6-b4fa-26d4e24ae00c:192.168.164.217:42356, d92c9463-8e05-4a70-8cc7-1d31ae7ac64a:192.168.164.217:37180, d7b60609-c805-4df6-8140-a27c681dae80:192.168.164.217:37880], old=null
2019-11-05 08:34:32,104 [grpc-default-executor-10] INFO  impl.RaftServerImpl (RaftServerImpl.java:setRole(184)) - d7b60609-c805-4df6-8140-a27c681dae80@group-515877FFDAAC: changes role from  FOLLOWER to FOLLOWER at term 72 for recognizeCandidate:05ace5f9-a5b7-4bc6-b4fa-26d4e24ae00c
2019-11-05 08:34:32,104 [grpc-default-executor-10] INFO  impl.RoleInfo (RoleInfo.java:shutdownFollowerState(121)) - d7b60609-c805-4df6-8140-a27c681dae80: shutdown FollowerState
2019-11-05 08:34:32,104 [grpc-default-executor-13] INFO  impl.RaftServerImpl (RaftServerImpl.java:setRole(184)) - d92c9463-8e05-4a70-8cc7-1d31ae7ac64a@group-515877FFDAAC: changes role from  FOLLOWER to FOLLOWER at term 72 for recognizeCandidate:05ace5f9-a5b7-4bc6-b4fa-26d4e24ae00c
2019-11-05 08:34:32,104 [Thread-4046] INFO  impl.FollowerState (FollowerState.java:run(117)) - d7b60609-c805-4df6-8140-a27c681dae80@group-515877FFDAAC-FollowerState was interrupted: java.lang.InterruptedException: sleep interrupted
2019-11-05 08:34:32,104 [grpc-default-executor-10] INFO  impl.RoleInfo (RoleInfo.java:updateAndGet(143)) - d7b60609-c805-4df6-8140-a27c681dae80: start FollowerState
2019-11-05 08:34:32,104 [grpc-default-executor-13] INFO  impl.RoleInfo (RoleInfo.java:shutdownFollowerState(121)) - d92c9463-8e05-4a70-8cc7-1d31ae7ac64a: shutdown FollowerState
2019-11-05 08:34:32,105 [grpc-default-executor-13] INFO  impl.RoleInfo (RoleInfo.java:updateAndGet(143)) - d92c9463-8e05-4a70-8cc7-1d31ae7ac64a: start FollowerState
2019-11-05 08:34:32,105 [Thread-4045] INFO  impl.FollowerState (FollowerState.java:run(117)) - d92c9463-8e05-4a70-8cc7-1d31ae7ac64a@group-515877FFDAAC-FollowerState was interrupted: java.lang.InterruptedException: sleep interrupted
2019-11-05 08:34:32,119 [05ace5f9-a5b7-4bc6-b4fa-26d4e24ae00c@group-515877FFDAAC-LeaderElection494] INFO  impl.LeaderElection (LeaderElection.java:logAndReturn(56)) - 05ace5f9-a5b7-4bc6-b4fa-26d4e24ae00c@group-515877FFDAAC-LeaderElection494: Election REJECTED; received 2 response(s) [05ace5f9-a5b7-4bc6-b4fa-26d4e24ae00c<-d92c9463-8e05-4a70-8cc7-1d31ae7ac64a#0:FAIL-t72, 05ace5f9-a5b7-4bc6-b4fa-26d4e24ae00c<-d7b60609-c805-4df6-8140-a27c681dae80#0:FAIL-t72] and 0 exception(s); 05ace5f9-a5b7-4bc6-b4fa-26d4e24ae00c@group-515877FFDAAC:t72, leader=null, voted=05ace5f9-a5b7-4bc6-b4fa-26d4e24ae00c, raftlog=05ace5f9-a5b7-4bc6-b4fa-26d4e24ae00c@group-515877FFDAAC-SegmentedRaftLog:OPENED:c-1,f-1,i0, conf=-1: [05ace5f9-a5b7-4bc6-b4fa-26d4e24ae00c:192.168.164.217:42356, d92c9463-8e05-4a70-8cc7-1d31ae7ac64a:192.168.164.217:37180, d7b60609-c805-4df6-8140-a27c681dae80:192.168.164.217:37880], old=null
2019-11-05 08:34:32,119 [05ace5f9-a5b7-4bc6-b4fa-26d4e24ae00c@group-515877FFDAAC-LeaderElection494] INFO  impl.RaftServerImpl (RaftServerImpl.java:setRole(184)) - 05ace5f9-a5b7-4bc6-b4fa-26d4e24ae00c@group-515877FFDAAC: changes role from CANDIDATE to FOLLOWER at term 72 for DISCOVERED_A_NEW_TERM
2019-11-05 08:34:32,119 [05ace5f9-a5b7-4bc6-b4fa-26d4e24ae00c@group-515877FFDAAC-LeaderElection494] INFO  impl.RoleInfo (RoleInfo.java:shutdownLeaderElection(134)) - 05ace5f9-a5b7-4bc6-b4fa-26d4e24ae00c: shutdown LeaderElection
2019-11-05 08:34:32,119 [05ace5f9-a5b7-4bc6-b4fa-26d4e24ae00c@group-515877FFDAAC-LeaderElection494] INFO  impl.RoleInfo (RoleInfo.java:updateAndGet(143)) - 05ace5f9-a5b7-4bc6-b4fa-26d4e24ae00c: start FollowerState
2019-11-05 08:34:32,206 [Thread-4054] INFO  impl.FollowerState (FollowerState.java:run(108)) - 05ace5f9-a5b7-4bc6-b4fa-26d4e24ae00c@group-515877FFDAAC-FollowerState: change to CANDIDATE, lastRpcTime:86ms, electionTimeout:86ms
2019-11-05 08:34:32,206 [Thread-4054] INFO  impl.RoleInfo (RoleInfo.java:shutdownFollowerState(121)) - 05ace5f9-a5b7-4bc6-b4fa-26d4e24ae00c: shutdown FollowerState
2019-11-05 08:34:32,207 [Thread-4054] INFO  impl.RaftServerImpl (RaftServerImpl.java:setRole(184)) - 05ace5f9-a5b7-4bc6-b4fa-26d4e24ae00c@group-515877FFDAAC: changes role from  FOLLOWER to CANDIDATE at term 72 for changeToCandidate
2019-11-05 08:34:32,208 [Thread-4054] INFO  impl.RoleInfo (RoleInfo.java:updateAndGet(143)) - 05ace5f9-a5b7-4bc6-b4fa-26d4e24ae00c: start LeaderElection
2019-11-05 08:34:32,223 [05ace5f9-a5b7-4bc6-b4fa-26d4e24ae00c@group-515877FFDAAC-LeaderElection495] INFO  impl.LeaderElection (LeaderElection.java:askForVotes(178)) - 05ace5f9-a5b7-4bc6-b4fa-26d4e24ae00c@group-515877FFDAAC-LeaderElection495: begin an election at term 73 for -1: [05ace5f9-a5b7-4bc6-b4fa-26d4e24ae00c:192.168.164.217:42356, d92c9463-8e05-4a70-8cc7-1d31ae7ac64a:192.168.164.217:37180, d7b60609-c805-4df6-8140-a27c681dae80:192.168.164.217:37880], old=null
2019-11-05 08:34:32,224 [grpc-default-executor-13] INFO  impl.RaftServerImpl (RaftServerImpl.java:setRole(184)) - d92c9463-8e05-4a70-8cc7-1d31ae7ac64a@group-515877FFDAAC: changes role from  FOLLOWER to FOLLOWER at term 73 for recognizeCandidate:05ace5f9-a5b7-4bc6-b4fa-26d4e24ae00c
2019-11-05 08:34:32,225 [grpc-default-executor-13] INFO  impl.RoleInfo (RoleInfo.java:shutdownFollowerState(121)) - d92c9463-8e05-4a70-8cc7-1d31ae7ac64a: shutdown FollowerState
2019-11-05 08:34:32,224 [grpc-default-executor-16] INFO  impl.RaftServerImpl (RaftServerImpl.java:setRole(184)) - d7b60609-c805-4df6-8140-a27c681dae80@group-515877FFDAAC: changes role from  FOLLOWER to FOLLOWER at term 73 for recognizeCandidate:05ace5f9-a5b7-4bc6-b4fa-26d4e24ae00c
2019-11-05 08:34:32,225 [Thread-4053] INFO  impl.FollowerState (FollowerState.java:run(117)) - d92c9463-8e05-4a70-8cc7-1d31ae7ac64a@group-515877FFDAAC-FollowerState was interrupted: java.lang.InterruptedException: sleep interrupted
2019-11-05 08:34:32,225 [grpc-default-executor-13] INFO  impl.RoleInfo (RoleInfo.java:updateAndGet(143)) - d92c9463-8e05-4a70-8cc7-1d31ae7ac64a: start FollowerState
2019-11-05 08:34:32,225 [grpc-default-executor-16] INFO  impl.RoleInfo (RoleInfo.java:shutdownFollowerState(121)) - d7b60609-c805-4df6-8140-a27c681dae80: shutdown FollowerState
2019-11-05 08:34:32,225 [grpc-default-executor-16] INFO  impl.RoleInfo (RoleInfo.java:updateAndGet(143)) - d7b60609-c805-4df6-8140-a27c681dae80: start FollowerState
2019-11-05 08:34:32,225 [Thread-4052] INFO  impl.FollowerState (FollowerState.java:run(117)) - d7b60609-c805-4df6-8140-a27c681dae80@group-515877FFDAAC-FollowerState was interrupted: java.lang.InterruptedException: sleep interrupted
2019-11-05 08:34:32,240 [05ace5f9-a5b7-4bc6-b4fa-26d4e24ae00c@group-515877FFDAAC-LeaderElection495] INFO  impl.LeaderElection (LeaderElection.java:logAndReturn(56)) - 05ace5f9-a5b7-4bc6-b4fa-26d4e24ae00c@group-515877FFDAAC-LeaderElection495: Election REJECTED; received 2 response(s) [05ace5f9-a5b7-4bc6-b4fa-26d4e24ae00c<-d92c9463-8e05-4a70-8cc7-1d31ae7ac64a#0:FAIL-t73, 05ace5f9-a5b7-4bc6-b4fa-26d4e24ae00c<-d7b60609-c805-4df6-8140-a27c681dae80#0:FAIL-t73] and 0 exception(s); 05ace5f9-a5b7-4bc6-b4fa-26d4e24ae00c@group-515877FFDAAC:t73, leader=null, voted=05ace5f9-a5b7-4bc6-b4fa-26d4e24ae00c, raftlog=05ace5f9-a5b7-4bc6-b4fa-26d4e24ae00c@group-515877FFDAAC-SegmentedRaftLog:OPENED:c-1,f-1,i0, conf=-1: [05ace5f9-a5b7-4bc6-b4fa-26d4e24ae00c:192.168.164.217:42356, d92c9463-8e05-4a70-8cc7-1d31ae7ac64a:192.168.164.217:37180, d7b60609-c805-4df6-8140-a27c681dae80:192.168.164.217:37880], old=null
2019-11-05 08:34:32,240 [05ace5f9-a5b7-4bc6-b4fa-26d4e24ae00c@group-515877FFDAAC-LeaderElection495] INFO  impl.RaftServerImpl (RaftServerImpl.java:setRole(184)) - 05ace5f9-a5b7-4bc6-b4fa-26d4e24ae00c@group-515877FFDAAC: changes role from CANDIDATE to FOLLOWER at term 73 for DISCOVERED_A_NEW_TERM
2019-11-05 08:34:32,240 [05ace5f9-a5b7-4bc6-b4fa-26d4e24ae00c@group-515877FFDAAC-LeaderElection495] INFO  impl.RoleInfo (RoleInfo.java:shutdownLeaderElection(134)) - 05ace5f9-a5b7-4bc6-b4fa-26d4e24ae00c: shutdown LeaderElection
2019-11-05 08:34:32,240 [05ace5f9-a5b7-4bc6-b4fa-26d4e24ae00c@group-515877FFDAAC-LeaderElection495] INFO  impl.RoleInfo (RoleInfo.java:updateAndGet(143)) - 05ace5f9-a5b7-4bc6-b4fa-26d4e24ae00c: start FollowerState
2019-11-05 08:34:32,265 [Thread-4064] INFO  impl.FollowerState (FollowerState.java:run(108)) - 05ace5f9-a5b7-4bc6-b4fa-26d4e24ae00c@group-515877FFDAAC-FollowerState: change to CANDIDATE, lastRpcTime:24ms, electionTimeout:24ms
2019-11-05 08:34:32,265 [Thread-4064] INFO  impl.RoleInfo (RoleInfo.java:shutdownFollowerState(121)) - 05ace5f9-a5b7-4bc6-b4fa-26d4e24ae00c: shutdown FollowerState
2019-11-05 08:34:32,265 [Thread-4064] INFO  impl.RaftServerImpl (RaftServerImpl.java:setRole(184)) - 05ace5f9-a5b7-4bc6-b4fa-26d4e24ae00c@group-515877FFDAAC: changes role from  FOLLOWER to CANDIDATE at term 73 for changeToCandidate
2019-11-05 08:34:32,265 [Thread-4064] INFO  impl.RoleInfo (RoleInfo.java:updateAndGet(143)) - 05ace5f9-a5b7-4bc6-b4fa-26d4e24ae00c: start LeaderElection
2019-11-05 08:34:32,278 [05ace5f9-a5b7-4bc6-b4fa-26d4e24ae00c@group-515877FFDAAC-LeaderElection496] INFO  impl.LeaderElection (LeaderElection.java:askForVotes(178)) - 05ace5f9-a5b7-4bc6-b4fa-26d4e24ae00c@group-515877FFDAAC-LeaderElection496: begin an election at term 74 for -1: [05ace5f9-a5b7-4bc6-b4fa-26d4e24ae00c:192.168.164.217:42356, d92c9463-8e05-4a70-8cc7-1d31ae7ac64a:192.168.164.217:37180, d7b60609-c805-4df6-8140-a27c681dae80:192.168.164.217:37880], old=null
2019-11-05 08:34:32,279 [grpc-default-executor-13] INFO  impl.RaftServerImpl (RaftServerImpl.java:setRole(184)) - d92c9463-8e05-4a70-8cc7-1d31ae7ac64a@group-515877FFDAAC: changes role from  FOLLOWER to FOLLOWER at term 74 for recognizeCandidate:05ace5f9-a5b7-4bc6-b4fa-26d4e24ae00c
2019-11-05 08:34:32,279 [grpc-default-executor-13] INFO  impl.RoleInfo (RoleInfo.java:shutdownFollowerState(121)) - d92c9463-8e05-4a70-8cc7-1d31ae7ac64a: shutdown FollowerState
2019-11-05 08:34:32,279 [grpc-default-executor-16] INFO  impl.RaftServerImpl (RaftServerImpl.java:setRole(184)) - d7b60609-c805-4df6-8140-a27c681dae80@group-515877FFDAAC: changes role from  FOLLOWER to FOLLOWER at term 74 for recognizeCandidate:05ace5f9-a5b7-4bc6-b4fa-26d4e24ae00c
2019-11-05 08:34:32,279 [Thread-4062] INFO  impl.FollowerState (FollowerState.java:run(117)) - d92c9463-8e05-4a70-8cc7-1d31ae7ac64a@group-515877FFDAAC-FollowerState was interrupted: java.lang.InterruptedException: sleep interrupted
2019-11-05 08:34:32,279 [grpc-default-executor-13] INFO  impl.RoleInfo (RoleInfo.java:updateAndGet(143)) - d92c9463-8e05-4a70-8cc7-1d31ae7ac64a: start FollowerState
2019-11-05 08:34:32,279 [grpc-default-executor-16] INFO  impl.RoleInfo (RoleInfo.java:shutdownFollowerState(121)) - d7b60609-c805-4df6-8140-a27c681dae80: shutdown FollowerState
2019-11-05 08:34:32,280 [grpc-default-executor-16] INFO  impl.RoleInfo (RoleInfo.java:updateAndGet(143)) - d7b60609-c805-4df6-8140-a27c681dae80: start FollowerState
2019-11-05 08:34:32,280 [Thread-4063] INFO  impl.FollowerState (FollowerState.java:run(117)) - d7b60609-c805-4df6-8140-a27c681dae80@group-515877FFDAAC-FollowerState was interrupted: java.lang.InterruptedException: sleep interrupted
2019-11-05 08:34:32,293 [05ace5f9-a5b7-4bc6-b4fa-26d4e24ae00c@group-515877FFDAAC-LeaderElection496] INFO  impl.LeaderElection (LeaderElection.java:logAndReturn(56)) - 05ace5f9-a5b7-4bc6-b4fa-26d4e24ae00c@group-515877FFDAAC-LeaderElection496: Election REJECTED; received 2 response(s) [05ace5f9-a5b7-4bc6-b4fa-26d4e24ae00c<-d92c9463-8e05-4a70-8cc7-1d31ae7ac64a#0:FAIL-t74, 05ace5f9-a5b7-4bc6-b4fa-26d4e24ae00c<-d7b60609-c805-4df6-8140-a27c681dae80#0:FAIL-t74] and 0 exception(s); 05ace5f9-a5b7-4bc6-b4fa-26d4e24ae00c@group-515877FFDAAC:t74, leader=null, voted=05ace5f9-a5b7-4bc6-b4fa-26d4e24ae00c, raftlog=05ace5f9-a5b7-4bc6-b4fa-26d4e24ae00c@group-515877FFDAAC-SegmentedRaftLog:OPENED:c-1,f-1,i0, conf=-1: [05ace5f9-a5b7-4bc6-b4fa-26d4e24ae00c:192.168.164.217:42356, d92c9463-8e05-4a70-8cc7-1d31ae7ac64a:192.168.164.217:37180, d7b60609-c805-4df6-8140-a27c681dae80:192.168.164.217:37880], old=null
2019-11-05 08:34:32,293 [05ace5f9-a5b7-4bc6-b4fa-26d4e24ae00c@group-515877FFDAAC-LeaderElection496] INFO  impl.RaftServerImpl (RaftServerImpl.java:setRole(184)) - 05ace5f9-a5b7-4bc6-b4fa-26d4e24ae00c@group-515877FFDAAC: changes role from CANDIDATE to FOLLOWER at term 74 for DISCOVERED_A_NEW_TERM
2019-11-05 08:34:32,293 [05ace5f9-a5b7-4bc6-b4fa-26d4e24ae00c@group-515877FFDAAC-LeaderElection496] INFO  impl.RoleInfo (RoleInfo.java:shutdownLeaderElection(134)) - 05ace5f9-a5b7-4bc6-b4fa-26d4e24ae00c: shutdown LeaderElection
2019-11-05 08:34:32,293 [05ace5f9-a5b7-4bc6-b4fa-26d4e24ae00c@group-515877FFDAAC-LeaderElection496] INFO  impl.RoleInfo (RoleInfo.java:updateAndGet(143)) - 05ace5f9-a5b7-4bc6-b4fa-26d4e24ae00c: start FollowerState
2019-11-05 08:34:32,333 [Thread-4070] INFO  impl.FollowerState (FollowerState.java:run(108)) - 05ace5f9-a5b7-4bc6-b4fa-26d4e24ae00c@group-515877FFDAAC-FollowerState: change to CANDIDATE, lastRpcTime:40ms, electionTimeout:40ms
2019-11-05 08:34:32,333 [Thread-4070] INFO  impl.RoleInfo (RoleInfo.java:shutdownFollowerState(121)) - 05ace5f9-a5b7-4bc6-b4fa-26d4e24ae00c: shutdown FollowerState
2019-11-05 08:34:32,333 [Thread-4070] INFO  impl.RaftServerImpl (RaftServerImpl.java:setRole(184)) - 05ace5f9-a5b7-4bc6-b4fa-26d4e24ae00c@group-515877FFDAAC: changes role from  FOLLOWER to CANDIDATE at term 74 for changeToCandidate
2019-11-05 08:34:32,333 [Thread-4070] INFO  impl.RoleInfo (RoleInfo.java:updateAndGet(143)) - 05ace5f9-a5b7-4bc6-b4fa-26d4e24ae00c: start LeaderElection
2019-11-05 08:34:32,347 [05ace5f9-a5b7-4bc6-b4fa-26d4e24ae00c@group-515877FFDAAC-LeaderElection497] INFO  impl.LeaderElection (LeaderElection.java:askForVotes(178)) - 05ace5f9-a5b7-4bc6-b4fa-26d4e24ae00c@group-515877FFDAAC-LeaderElection497: begin an election at term 75 for -1: [05ace5f9-a5b7-4bc6-b4fa-26d4e24ae00c:192.168.164.217:42356, d92c9463-8e05-4a70-8cc7-1d31ae7ac64a:192.168.164.217:37180, d7b60609-c805-4df6-8140-a27c681dae80:192.168.164.217:37880], old=null
2019-11-05 08:34:32,348 [grpc-default-executor-13] INFO  impl.RaftServerImpl (RaftServerImpl.java:setRole(184)) - d92c9463-8e05-4a70-8cc7-1d31ae7ac64a@group-515877FFDAAC: changes role from  FOLLOWER to FOLLOWER at term 75 for recognizeCandidate:05ace5f9-a5b7-4bc6-b4fa-26d4e24ae00c
2019-11-05 08:34:32,348 [grpc-default-executor-13] INFO  impl.RoleInfo (RoleInfo.java:shutdownFollowerState(121)) - d92c9463-8e05-4a70-8cc7-1d31ae7ac64a: shutdown FollowerState
2019-11-05 08:34:32,348 [grpc-default-executor-16] INFO  impl.RaftServerImpl (RaftServerImpl.java:setRole(184)) - d7b60609-c805-4df6-8140-a27c681dae80@group-515877FFDAAC: changes role from  FOLLOWER to FOLLOWER at term 75 for recognizeCandidate:05ace5f9-a5b7-4bc6-b4fa-26d4e24ae00c
2019-11-05 08:34:32,348 [grpc-default-executor-16] INFO  impl.RoleInfo (RoleInfo.java:shutdownFollowerState(121)) - d7b60609-c805-4df6-8140-a27c681dae80: shutdown FollowerState
2019-11-05 08:34:32,348 [Thread-4068] INFO  impl.FollowerState (FollowerState.java:run(117)) - d92c9463-8e05-4a70-8cc7-1d31ae7ac64a@group-515877FFDAAC-FollowerState was interrupted: java.lang.InterruptedException: sleep interrupted
2019-11-05 08:34:32,348 [grpc-default-executor-13] INFO  impl.RoleInfo (RoleInfo.java:updateAndGet(143)) - d92c9463-8e05-4a70-8cc7-1d31ae7ac64a: start FollowerState
2019-11-05 08:34:32,349 [Thread-4069] INFO  impl.FollowerState (FollowerState.java:run(117)) - d7b60609-c805-4df6-8140-a27c681dae80@group-515877FFDAAC-FollowerState was interrupted: java.lang.InterruptedException: sleep interrupted
2019-11-05 08:34:32,348 [grpc-default-executor-16] INFO  impl.RoleInfo (RoleInfo.java:updateAndGet(143)) - d7b60609-c805-4df6-8140-a27c681dae80: start FollowerState
2019-11-05 08:34:32,362 [05ace5f9-a5b7-4bc6-b4fa-26d4e24ae00c@group-515877FFDAAC-LeaderElection497] INFO  impl.LeaderElection (LeaderElection.java:logAndReturn(56)) - 05ace5f9-a5b7-4bc6-b4fa-26d4e24ae00c@group-515877FFDAAC-LeaderElection497: Election REJECTED; received 2 response(s) [05ace5f9-a5b7-4bc6-b4fa-26d4e24ae00c<-d92c9463-8e05-4a70-8cc7-1d31ae7ac64a#0:FAIL-t75, 05ace5f9-a5b7-4bc6-b4fa-26d4e24ae00c<-d7b60609-c805-4df6-8140-a27c681dae80#0:FAIL-t75] and 0 exception(s); 05ace5f9-a5b7-4bc6-b4fa-26d4e24ae00c@group-515877FFDAAC:t75, leader=null, voted=05ace5f9-a5b7-4bc6-b4fa-26d4e24ae00c, raftlog=05ace5f9-a5b7-4bc6-b4fa-26d4e24ae00c@group-515877FFDAAC-SegmentedRaftLog:OPENED:c-1,f-1,i0, conf=-1: [05ace5f9-a5b7-4bc6-b4fa-26d4e24ae00c:192.168.164.217:42356, d92c9463-8e05-4a70-8cc7-1d31ae7ac64a:192.168.164.217:37180, d7b60609-c805-4df6-8140-a27c681dae80:192.168.164.217:37880], old=null
2019-11-05 08:34:32,362 [05ace5f9-a5b7-4bc6-b4fa-26d4e24ae00c@group-515877FFDAAC-LeaderElection497] INFO  impl.RaftServerImpl (RaftServerImpl.java:setRole(184)) - 05ace5f9-a5b7-4bc6-b4fa-26d4e24ae00c@group-515877FFDAAC: changes role from CANDIDATE to FOLLOWER at term 75 for DISCOVERED_A_NEW_TERM
2019-11-05 08:34:32,362 [05ace5f9-a5b7-4bc6-b4fa-26d4e24ae00c@group-515877FFDAAC-LeaderElection497] INFO  impl.RoleInfo (RoleInfo.java:shutdownLeaderElection(134)) - 05ace5f9-a5b7-4bc6-b4fa-26d4e24ae00c: shutdown LeaderElection
2019-11-05 08:34:32,362 [05ace5f9-a5b7-4bc6-b4fa-26d4e24ae00c@group-515877FFDAAC-LeaderElection497] INFO  impl.RoleInfo (RoleInfo.java:updateAndGet(143)) - 05ace5f9-a5b7-4bc6-b4fa-26d4e24ae00c: start FollowerState
2019-11-05 08:34:32,557 [Thread-4078] INFO  impl.FollowerState (FollowerState.java:run(108)) - 05ace5f9-a5b7-4bc6-b4fa-26d4e24ae00c@group-515877FFDAAC-FollowerState: change to CANDIDATE, lastRpcTime:194ms, electionTimeout:194ms
2019-11-05 08:34:32,557 [Thread-4078] INFO  impl.RoleInfo (RoleInfo.java:shutdownFollowerState(121)) - 05ace5f9-a5b7-4bc6-b4fa-26d4e24ae00c: shutdown FollowerState
2019-11-05 08:34:32,557 [Thread-4078] INFO  impl.RaftServerImpl (RaftServerImpl.java:setRole(184)) - 05ace5f9-a5b7-4bc6-b4fa-26d4e24ae00c@group-515877FFDAAC: changes role from  FOLLOWER to CANDIDATE at term 75 for changeToCandidate
2019-11-05 08:34:32,557 [Thread-4078] INFO  impl.RoleInfo (RoleInfo.java:updateAndGet(143)) - 05ace5f9-a5b7-4bc6-b4fa-26d4e24ae00c: start LeaderElection
2019-11-05 08:34:32,570 [05ace5f9-a5b7-4bc6-b4fa-26d4e24ae00c@group-515877FFDAAC-LeaderElection498] INFO  impl.LeaderElection (LeaderElection.java:askForVotes(178)) - 05ace5f9-a5b7-4bc6-b4fa-26d4e24ae00c@group-515877FFDAAC-LeaderElection498: begin an election at term 76 for -1: [05ace5f9-a5b7-4bc6-b4fa-26d4e24ae00c:192.168.164.217:42356, d92c9463-8e05-4a70-8cc7-1d31ae7ac64a:192.168.164.217:37180, d7b60609-c805-4df6-8140-a27c681dae80:192.168.164.217:37880], old=null
2019-11-05 08:34:32,572 [grpc-default-executor-13] INFO  impl.RaftServerImpl (RaftServerImpl.java:setRole(184)) - d92c9463-8e05-4a70-8cc7-1d31ae7ac64a@group-515877FFDAAC: changes role from  FOLLOWER to FOLLOWER at term 76 for recognizeCandidate:05ace5f9-a5b7-4bc6-b4fa-26d4e24ae00c
2019-11-05 08:34:32,572 [grpc-default-executor-13] INFO  impl.RoleInfo (RoleInfo.java:shutdownFollowerState(121)) - d92c9463-8e05-4a70-8cc7-1d31ae7ac64a: shutdown FollowerState
2019-11-05 08:34:32,572 [grpc-default-executor-16] INFO  impl.RaftServerImpl (RaftServerImpl.java:setRole(184)) - d7b60609-c805-4df6-8140-a27c681dae80@group-515877FFDAAC: changes role from  FOLLOWER to FOLLOWER at term 76 for recognizeCandidate:05ace5f9-a5b7-4bc6-b4fa-26d4e24ae00c
2019-11-05 08:34:32,572 [grpc-default-executor-16] INFO  impl.RoleInfo (RoleInfo.java:shutdownFollowerState(121)) - d7b60609-c805-4df6-8140-a27c681dae80: shutdown FollowerState
2019-11-05 08:34:32,572 [Thread-4074] INFO  impl.FollowerState (FollowerState.java:run(117)) - d92c9463-8e05-4a70-8cc7-1d31ae7ac64a@group-515877FFDAAC-FollowerState was interrupted: java.lang.InterruptedException: sleep interrupted
2019-11-05 08:34:32,572 [grpc-default-executor-13] INFO  impl.RoleInfo (RoleInfo.java:updateAndGet(143)) - d92c9463-8e05-4a70-8cc7-1d31ae7ac64a: start FollowerState
2019-11-05 08:34:32,572 [Thread-4075] INFO  impl.FollowerState (FollowerState.java:run(117)) - d7b60609-c805-4df6-8140-a27c681dae80@group-515877FFDAAC-FollowerState was interrupted: java.lang.InterruptedException: sleep interrupted
2019-11-05 08:34:32,572 [grpc-default-executor-16] INFO  impl.RoleInfo (RoleInfo.java:updateAndGet(143)) - d7b60609-c805-4df6-8140-a27c681dae80: start FollowerState
2019-11-05 08:34:32,587 [05ace5f9-a5b7-4bc6-b4fa-26d4e24ae00c@group-515877FFDAAC-LeaderElection498] INFO  impl.LeaderElection (LeaderElection.java:logAndReturn(56)) - 05ace5f9-a5b7-4bc6-b4fa-26d4e24ae00c@group-515877FFDAAC-LeaderElection498: Election REJECTED; received 2 response(s) [05ace5f9-a5b7-4bc6-b4fa-26d4e24ae00c<-d92c9463-8e05-4a70-8cc7-1d31ae7ac64a#0:FAIL-t76, 05ace5f9-a5b7-4bc6-b4fa-26d4e24ae00c<-d7b60609-c805-4df6-8140-a27c681dae80#0:FAIL-t76] and 0 exception(s); 05ace5f9-a5b7-4bc6-b4fa-26d4e24ae00c@group-515877FFDAAC:t76, leader=null, voted=05ace5f9-a5b7-4bc6-b4fa-26d4e24ae00c, raftlog=05ace5f9-a5b7-4bc6-b4fa-26d4e24ae00c@group-515877FFDAAC-SegmentedRaftLog:OPENED:c-1,f-1,i0, conf=-1: [05ace5f9-a5b7-4bc6-b4fa-26d4e24ae00c:192.168.164.217:42356, d92c9463-8e05-4a70-8cc7-1d31ae7ac64a:192.168.164.217:37180, d7b60609-c805-4df6-8140-a27c681dae80:192.168.164.217:37880], old=null
2019-11-05 08:34:32,587 [05ace5f9-a5b7-4bc6-b4fa-26d4e24ae00c@group-515877FFDAAC-LeaderElection498] INFO  impl.RaftServerImpl (RaftServerImpl.java:setRole(184)) - 05ace5f9-a5b7-4bc6-b4fa-26d4e24ae00c@group-515877FFDAAC: changes role from CANDIDATE to FOLLOWER at term 76 for DISCOVERED_A_NEW_TERM
2019-11-05 08:34:32,587 [05ace5f9-a5b7-4bc6-b4fa-26d4e24ae00c@group-515877FFDAAC-LeaderElection498] INFO  impl.RoleInfo (RoleInfo.java:shutdownLeaderElection(134)) - 05ace5f9-a5b7-4bc6-b4fa-26d4e24ae00c: shutdown LeaderElection
2019-11-05 08:34:32,587 [05ace5f9-a5b7-4bc6-b4fa-26d4e24ae00c@group-515877FFDAAC-LeaderElection498] INFO  impl.RoleInfo (RoleInfo.java:updateAndGet(143)) - 05ace5f9-a5b7-4bc6-b4fa-26d4e24ae00c: start FollowerState
2019-11-05 08:34:32,695 [Thread-4084] INFO  impl.FollowerState (FollowerState.java:run(108)) - 05ace5f9-a5b7-4bc6-b4fa-26d4e24ae00c@group-515877FFDAAC-FollowerState: change to CANDIDATE, lastRpcTime:107ms, electionTimeout:107ms
2019-11-05 08:34:32,695 [Thread-4084] INFO  impl.RoleInfo (RoleInfo.java:shutdownFollowerState(121)) - 05ace5f9-a5b7-4bc6-b4fa-26d4e24ae00c: shutdown FollowerState
2019-11-05 08:34:32,695 [Thread-4084] INFO  impl.RaftServerImpl (RaftServerImpl.java:setRole(184)) - 05ace5f9-a5b7-4bc6-b4fa-26d4e24ae00c@group-515877FFDAAC: changes role from  FOLLOWER to CANDIDATE at term 76 for changeToCandidate
2019-11-05 08:34:32,695 [Thread-4084] INFO  impl.RoleInfo (RoleInfo.java:updateAndGet(143)) - 05ace5f9-a5b7-4bc6-b4fa-26d4e24ae00c: start LeaderElection
2019-11-05 08:34:32,709 [05ace5f9-a5b7-4bc6-b4fa-26d4e24ae00c@group-515877FFDAAC-LeaderElection499] INFO  impl.LeaderElection (LeaderElection.java:askForVotes(178)) - 05ace5f9-a5b7-4bc6-b4fa-26d4e24ae00c@group-515877FFDAAC-LeaderElection499: begin an election at term 77 for -1: [05ace5f9-a5b7-4bc6-b4fa-26d4e24ae00c:192.168.164.217:42356, d92c9463-8e05-4a70-8cc7-1d31ae7ac64a:192.168.164.217:37180, d7b60609-c805-4df6-8140-a27c681dae80:192.168.164.217:37880], old=null
2019-11-05 08:34:32,710 [grpc-default-executor-16] INFO  impl.RaftServerImpl (RaftServerImpl.java:setRole(184)) - d92c9463-8e05-4a70-8cc7-1d31ae7ac64a@group-515877FFDAAC: changes role from  FOLLOWER to FOLLOWER at term 77 for recognizeCandidate:05ace5f9-a5b7-4bc6-b4fa-26d4e24ae00c
2019-11-05 08:34:32,711 [grpc-default-executor-16] INFO  impl.RoleInfo (RoleInfo.java:shutdownFollowerState(121)) - d92c9463-8e05-4a70-8cc7-1d31ae7ac64a: shutdown FollowerState
2019-11-05 08:34:32,711 [grpc-default-executor-13] INFO  impl.RaftServerImpl (RaftServerImpl.java:setRole(184)) - d7b60609-c805-4df6-8140-a27c681dae80@group-515877FFDAAC: changes role from  FOLLOWER to FOLLOWER at term 77 for recognizeCandidate:05ace5f9-a5b7-4bc6-b4fa-26d4e24ae00c
2019-11-05 08:34:32,711 [Thread-4082] INFO  impl.FollowerState (FollowerState.java:run(117)) - d92c9463-8e05-4a70-8cc7-1d31ae7ac64a@group-515877FFDAAC-FollowerState was interrupted: java.lang.InterruptedException: sleep interrupted
2019-11-05 08:34:32,711 [grpc-default-executor-16] INFO  impl.RoleInfo (RoleInfo.java:updateAndGet(143)) - d92c9463-8e05-4a70-8cc7-1d31ae7ac64a: start FollowerState
2019-11-05 08:34:32,711 [grpc-default-executor-13] INFO  impl.RoleInfo (RoleInfo.java:shutdownFollowerState(121)) - d7b60609-c805-4df6-8140-a27c681dae80: shutdown FollowerState
2019-11-05 08:34:32,711 [grpc-default-executor-13] INFO  impl.RoleInfo (RoleInfo.java:updateAndGet(143)) - d7b60609-c805-4df6-8140-a27c681dae80: start FollowerState
2019-11-05 08:34:32,711 [Thread-4083] INFO  impl.FollowerState (FollowerState.java:run(117)) - d7b60609-c805-4df6-8140-a27c681dae80@group-515877FFDAAC-FollowerState was interrupted: java.lang.InterruptedException: sleep interrupted
2019-11-05 08:34:32,725 [05ace5f9-a5b7-4bc6-b4fa-26d4e24ae00c@group-515877FFDAAC-LeaderElection499] INFO  impl.LeaderElection (LeaderElection.java:logAndReturn(56)) - 05ace5f9-a5b7-4bc6-b4fa-26d4e24ae00c@group-515877FFDAAC-LeaderElection499: Election REJECTED; received 2 response(s) [05ace5f9-a5b7-4bc6-b4fa-26d4e24ae00c<-d92c9463-8e05-4a70-8cc7-1d31ae7ac64a#0:FAIL-t77, 05ace5f9-a5b7-4bc6-b4fa-26d4e24ae00c<-d7b60609-c805-4df6-8140-a27c681dae80#0:FAIL-t77] and 0 exception(s); 05ace5f9-a5b7-4bc6-b4fa-26d4e24ae00c@group-515877FFDAAC:t77, leader=null, voted=05ace5f9-a5b7-4bc6-b4fa-26d4e24ae00c, raftlog=05ace5f9-a5b7-4bc6-b4fa-26d4e24ae00c@group-515877FFDAAC-SegmentedRaftLog:OPENED:c-1,f-1,i0, conf=-1: [05ace5f9-a5b7-4bc6-b4fa-26d4e24ae00c:192.168.164.217:42356, d92c9463-8e05-4a70-8cc7-1d31ae7ac64a:192.168.164.217:37180, d7b60609-c805-4df6-8140-a27c681dae80:192.168.164.217:37880], old=null
2019-11-05 08:34:32,726 [05ace5f9-a5b7-4bc6-b4fa-26d4e24ae00c@group-515877FFDAAC-LeaderElection499] INFO  impl.RaftServerImpl (RaftServerImpl.java:setRole(184)) - 05ace5f9-a5b7-4bc6-b4fa-26d4e24ae00c@group-515877FFDAAC: changes role from CANDIDATE to FOLLOWER at term 77 for DISCOVERED_A_NEW_TERM
2019-11-05 08:34:32,726 [05ace5f9-a5b7-4bc6-b4fa-26d4e24ae00c@group-515877FFDAAC-LeaderElection499] INFO  impl.RoleInfo (RoleInfo.java:shutdownLeaderElection(134)) - 05ace5f9-a5b7-4bc6-b4fa-26d4e24ae00c: shutdown LeaderElection
2019-11-05 08:34:32,726 [05ace5f9-a5b7-4bc6-b4fa-26d4e24ae00c@group-515877FFDAAC-LeaderElection499] INFO  impl.RoleInfo (RoleInfo.java:updateAndGet(143)) - 05ace5f9-a5b7-4bc6-b4fa-26d4e24ae00c: start FollowerState
2019-11-05 08:34:32,902 [Thread-4092] INFO  impl.FollowerState (FollowerState.java:run(108)) - 05ace5f9-a5b7-4bc6-b4fa-26d4e24ae00c@group-515877FFDAAC-FollowerState: change to CANDIDATE, lastRpcTime:176ms, electionTimeout:176ms
2019-11-05 08:34:32,902 [Thread-4092] INFO  impl.RoleInfo (RoleInfo.java:shutdownFollowerState(121)) - 05ace5f9-a5b7-4bc6-b4fa-26d4e24ae00c: shutdown FollowerState
2019-11-05 08:34:32,903 [Thread-4092] INFO  impl.RaftServerImpl (RaftServerImpl.java:setRole(184)) - 05ace5f9-a5b7-4bc6-b4fa-26d4e24ae00c@group-515877FFDAAC: changes role from  FOLLOWER to CANDIDATE at term 77 for changeToCandidate
2019-11-05 08:34:32,903 [Thread-4092] INFO  impl.RoleInfo (RoleInfo.java:updateAndGet(143)) - 05ace5f9-a5b7-4bc6-b4fa-26d4e24ae00c: start LeaderElection
2019-11-05 08:34:32,916 [05ace5f9-a5b7-4bc6-b4fa-26d4e24ae00c@group-515877FFDAAC-LeaderElection500] INFO  impl.LeaderElection (LeaderElection.java:askForVotes(178)) - 05ace5f9-a5b7-4bc6-b4fa-26d4e24ae00c@group-515877FFDAAC-LeaderElection500: begin an election at term 78 for -1: [05ace5f9-a5b7-4bc6-b4fa-26d4e24ae00c:192.168.164.217:42356, d92c9463-8e05-4a70-8cc7-1d31ae7ac64a:192.168.164.217:37180, d7b60609-c805-4df6-8140-a27c681dae80:192.168.164.217:37880], old=null
2019-11-05 08:34:32,917 [grpc-default-executor-13] INFO  impl.RaftServerImpl (RaftServerImpl.java:setRole(184)) - d7b60609-c805-4df6-8140-a27c681dae80@group-515877FFDAAC: changes role from  FOLLOWER to FOLLOWER at term 78 for recognizeCandidate:05ace5f9-a5b7-4bc6-b4fa-26d4e24ae00c
2019-11-05 08:34:32,917 [grpc-default-executor-13] INFO  impl.RoleInfo (RoleInfo.java:shutdownFollowerState(121)) - d7b60609-c805-4df6-8140-a27c681dae80: shutdown FollowerState
2019-11-05 08:34:32,917 [grpc-default-executor-16] INFO  impl.RaftServerImpl (RaftServerImpl.java:setRole(184)) - d92c9463-8e05-4a70-8cc7-1d31ae7ac64a@group-515877FFDAAC: changes role from  FOLLOWER to FOLLOWER at term 78 for recognizeCandidate:05ace5f9-a5b7-4bc6-b4fa-26d4e24ae00c
2019-11-05 08:34:32,918 [grpc-default-executor-16] INFO  impl.RoleInfo (RoleInfo.java:shutdownFollowerState(121)) - d92c9463-8e05-4a70-8cc7-1d31ae7ac64a: shutdown FollowerState
2019-11-05 08:34:32,918 [Thread-4089] INFO  impl.FollowerState (FollowerState.java:run(117)) - d7b60609-c805-4df6-8140-a27c681dae80@group-515877FFDAAC-FollowerState was interrupted: java.lang.InterruptedException: sleep interrupted
2019-11-05 08:34:32,917 [grpc-default-executor-13] INFO  impl.RoleInfo (RoleInfo.java:updateAndGet(143)) - d7b60609-c805-4df6-8140-a27c681dae80: start FollowerState
2019-11-05 08:34:32,918 [Thread-4088] INFO  impl.FollowerState (FollowerState.java:run(117)) - d92c9463-8e05-4a70-8cc7-1d31ae7ac64a@group-515877FFDAAC-FollowerState was interrupted: java.lang.InterruptedException: sleep interrupted
2019-11-05 08:34:32,918 [grpc-default-executor-16] INFO  impl.RoleInfo (RoleInfo.java:updateAndGet(143)) - d92c9463-8e05-4a70-8cc7-1d31ae7ac64a: start FollowerState
2019-11-05 08:34:32,937 [05ace5f9-a5b7-4bc6-b4fa-26d4e24ae00c@group-515877FFDAAC-LeaderElection500] INFO  impl.LeaderElection (LeaderElection.java:logAndReturn(56)) - 05ace5f9-a5b7-4bc6-b4fa-26d4e24ae00c@group-515877FFDAAC-LeaderElection500: Election REJECTED; received 2 response(s) [05ace5f9-a5b7-4bc6-b4fa-26d4e24ae00c<-d92c9463-8e05-4a70-8cc7-1d31ae7ac64a#0:FAIL-t78, 05ace5f9-a5b7-4bc6-b4fa-26d4e24ae00c<-d7b60609-c805-4df6-8140-a27c681dae80#0:FAIL-t78] and 0 exception(s); 05ace5f9-a5b7-4bc6-b4fa-26d4e24ae00c@group-515877FFDAAC:t78, leader=null, voted=05ace5f9-a5b7-4bc6-b4fa-26d4e24ae00c, raftlog=05ace5f9-a5b7-4bc6-b4fa-26d4e24ae00c@group-515877FFDAAC-SegmentedRaftLog:OPENED:c-1,f-1,i0, conf=-1: [05ace5f9-a5b7-4bc6-b4fa-26d4e24ae00c:192.168.164.217:42356, d92c9463-8e05-4a70-8cc7-1d31ae7ac64a:192.168.164.217:37180, d7b60609-c805-4df6-8140-a27c681dae80:192.168.164.217:37880], old=null
2019-11-05 08:34:32,937 [05ace5f9-a5b7-4bc6-b4fa-26d4e24ae00c@group-515877FFDAAC-LeaderElection500] INFO  impl.RaftServerImpl (RaftServerImpl.java:setRole(184)) - 05ace5f9-a5b7-4bc6-b4fa-26d4e24ae00c@group-515877FFDAAC: changes role from CANDIDATE to FOLLOWER at term 78 for DISCOVERED_A_NEW_TERM
2019-11-05 08:34:32,937 [05ace5f9-a5b7-4bc6-b4fa-26d4e24ae00c@group-515877FFDAAC-LeaderElection500] INFO  impl.RoleInfo (RoleInfo.java:shutdownLeaderElection(134)) - 05ace5f9-a5b7-4bc6-b4fa-26d4e24ae00c: shutdown LeaderElection
2019-11-05 08:34:32,937 [05ace5f9-a5b7-4bc6-b4fa-26d4e24ae00c@group-515877FFDAAC-LeaderElection500] INFO  impl.RoleInfo (RoleInfo.java:updateAndGet(143)) - 05ace5f9-a5b7-4bc6-b4fa-26d4e24ae00c: start FollowerState
2019-11-05 08:34:33,024 [Thread-4100] INFO  impl.FollowerState (FollowerState.java:run(108)) - 05ace5f9-a5b7-4bc6-b4fa-26d4e24ae00c@group-515877FFDAAC-FollowerState: change to CANDIDATE, lastRpcTime:86ms, electionTimeout:86ms
2019-11-05 08:34:33,024 [Thread-4100] INFO  impl.RoleInfo (RoleInfo.java:shutdownFollowerState(121)) - 05ace5f9-a5b7-4bc6-b4fa-26d4e24ae00c: shutdown FollowerState
2019-11-05 08:34:33,024 [Thread-4100] INFO  impl.RaftServerImpl (RaftServerImpl.java:setRole(184)) - 05ace5f9-a5b7-4bc6-b4fa-26d4e24ae00c@group-515877FFDAAC: changes role from  FOLLOWER to CANDIDATE at term 78 for changeToCandidate
2019-11-05 08:34:33,024 [Thread-4100] INFO  impl.RoleInfo (RoleInfo.java:updateAndGet(143)) - 05ace5f9-a5b7-4bc6-b4fa-26d4e24ae00c: start LeaderElection
2019-11-05 08:34:33,046 [05ace5f9-a5b7-4bc6-b4fa-26d4e24ae00c@group-515877FFDAAC-LeaderElection501] INFO  impl.LeaderElection (LeaderElection.java:askForVotes(178)) - 05ace5f9-a5b7-4bc6-b4fa-26d4e24ae00c@group-515877FFDAAC-LeaderElection501: begin an election at term 79 for -1: [05ace5f9-a5b7-4bc6-b4fa-26d4e24ae00c:192.168.164.217:42356, d92c9463-8e05-4a70-8cc7-1d31ae7ac64a:192.168.164.217:37180, d7b60609-c805-4df6-8140-a27c681dae80:192.168.164.217:37880], old=null
2019-11-05 08:34:33,047 [grpc-default-executor-16] INFO  impl.RaftServerImpl (RaftServerImpl.java:setRole(184)) - d92c9463-8e05-4a70-8cc7-1d31ae7ac64a@group-515877FFDAAC: changes role from  FOLLOWER to FOLLOWER at term 79 for recognizeCandidate:05ace5f9-a5b7-4bc6-b4fa-26d4e24ae00c
2019-11-05 08:34:33,047 [grpc-default-executor-13] INFO  impl.RaftServerImpl (RaftServerImpl.java:setRole(184)) - d7b60609-c805-4df6-8140-a27c681dae80@group-515877FFDAAC: changes role from  FOLLOWER to FOLLOWER at term 79 for recognizeCandidate:05ace5f9-a5b7-4bc6-b4fa-26d4e24ae00c
2019-11-05 08:34:33,048 [grpc-default-executor-13] INFO  impl.RoleInfo (RoleInfo.java:shutdownFollowerState(121)) - d7b60609-c805-4df6-8140-a27c681dae80: shutdown FollowerState
2019-11-05 08:34:33,047 [grpc-default-executor-16] INFO  impl.RoleInfo (RoleInfo.java:shutdownFollowerState(121)) - d92c9463-8e05-4a70-8cc7-1d31ae7ac64a: shutdown FollowerState
2019-11-05 08:34:33,048 [Thread-4098] INFO  impl.FollowerState (FollowerState.java:run(117)) - d7b60609-c805-4df6-8140-a27c681dae80@group-515877FFDAAC-FollowerState was interrupted: java.lang.InterruptedException: sleep interrupted
2019-11-05 08:34:33,048 [grpc-default-executor-13] INFO  impl.RoleInfo (RoleInfo.java:updateAndGet(143)) - d7b60609-c805-4df6-8140-a27c681dae80: start FollowerState
2019-11-05 08:34:33,048 [Thread-4099] INFO  impl.FollowerState (FollowerState.java:run(117)) - d92c9463-8e05-4a70-8cc7-1d31ae7ac64a@group-515877FFDAAC-FollowerState was interrupted: java.lang.InterruptedException: sleep interrupted
2019-11-05 08:34:33,048 [grpc-default-executor-16] INFO  impl.RoleInfo (RoleInfo.java:updateAndGet(143)) - d92c9463-8e05-4a70-8cc7-1d31ae7ac64a: start FollowerState
2019-11-05 08:34:33,074 [05ace5f9-a5b7-4bc6-b4fa-26d4e24ae00c@group-515877FFDAAC-LeaderElection501] INFO  impl.LeaderElection (LeaderElection.java:logAndReturn(56)) - 05ace5f9-a5b7-4bc6-b4fa-26d4e24ae00c@group-515877FFDAAC-LeaderElection501: Election REJECTED; received 2 response(s) [05ace5f9-a5b7-4bc6-b4fa-26d4e24ae00c<-d92c9463-8e05-4a70-8cc7-1d31ae7ac64a#0:FAIL-t79, 05ace5f9-a5b7-4bc6-b4fa-26d4e24ae00c<-d7b60609-c805-4df6-8140-a27c681dae80#0:FAIL-t79] and 0 exception(s); 05ace5f9-a5b7-4bc6-b4fa-26d4e24ae00c@group-515877FFDAAC:t79, leader=null, voted=05ace5f9-a5b7-4bc6-b4fa-26d4e24ae00c, raftlog=05ace5f9-a5b7-4bc6-b4fa-26d4e24ae00c@group-515877FFDAAC-SegmentedRaftLog:OPENED:c-1,f-1,i0, conf=-1: [05ace5f9-a5b7-4bc6-b4fa-26d4e24ae00c:192.168.164.217:42356, d92c9463-8e05-4a70-8cc7-1d31ae7ac64a:192.168.164.217:37180, d7b60609-c805-4df6-8140-a27c681dae80:192.168.164.217:37880], old=null
2019-11-05 08:34:33,074 [05ace5f9-a5b7-4bc6-b4fa-26d4e24ae00c@group-515877FFDAAC-LeaderElection501] INFO  impl.RaftServerImpl (RaftServerImpl.java:setRole(184)) - 05ace5f9-a5b7-4bc6-b4fa-26d4e24ae00c@group-515877FFDAAC: changes role from CANDIDATE to FOLLOWER at term 79 for DISCOVERED_A_NEW_TERM
2019-11-05 08:34:33,075 [05ace5f9-a5b7-4bc6-b4fa-26d4e24ae00c@group-515877FFDAAC-LeaderElection501] INFO  impl.RoleInfo (RoleInfo.java:shutdownLeaderElection(134)) - 05ace5f9-a5b7-4bc6-b4fa-26d4e24ae00c: shutdown LeaderElection
2019-11-05 08:34:33,075 [05ace5f9-a5b7-4bc6-b4fa-26d4e24ae00c@group-515877FFDAAC-LeaderElection501] INFO  impl.RoleInfo (RoleInfo.java:updateAndGet(143)) - 05ace5f9-a5b7-4bc6-b4fa-26d4e24ae00c: start FollowerState
2019-11-05 08:34:33,114 [Thread-4106] INFO  impl.FollowerState (FollowerState.java:run(108)) - 05ace5f9-a5b7-4bc6-b4fa-26d4e24ae00c@group-515877FFDAAC-FollowerState: change to CANDIDATE, lastRpcTime:39ms, electionTimeout:39ms
2019-11-05 08:34:33,114 [Thread-4106] INFO  impl.RoleInfo (RoleInfo.java:shutdownFollowerState(121)) - 05ace5f9-a5b7-4bc6-b4fa-26d4e24ae00c: shutdown FollowerState
2019-11-05 08:34:33,114 [Thread-4106] INFO  impl.RaftServerImpl (RaftServerImpl.java:setRole(184)) - 05ace5f9-a5b7-4bc6-b4fa-26d4e24ae00c@group-515877FFDAAC: changes role from  FOLLOWER to CANDIDATE at term 79 for changeToCandidate
2019-11-05 08:34:33,114 [Thread-4106] INFO  impl.RoleInfo (RoleInfo.java:updateAndGet(143)) - 05ace5f9-a5b7-4bc6-b4fa-26d4e24ae00c: start LeaderElection
2019-11-05 08:34:33,128 [05ace5f9-a5b7-4bc6-b4fa-26d4e24ae00c@group-515877FFDAAC-LeaderElection502] INFO  impl.LeaderElection (LeaderElection.java:askForVotes(178)) - 05ace5f9-a5b7-4bc6-b4fa-26d4e24ae00c@group-515877FFDAAC-LeaderElection502: begin an election at term 80 for -1: [05ace5f9-a5b7-4bc6-b4fa-26d4e24ae00c:192.168.164.217:42356, d92c9463-8e05-4a70-8cc7-1d31ae7ac64a:192.168.164.217:37180, d7b60609-c805-4df6-8140-a27c681dae80:192.168.164.217:37880], old=null
2019-11-05 08:34:33,129 [grpc-default-executor-13] INFO  impl.RaftServerImpl (RaftServerImpl.java:setRole(184)) - d92c9463-8e05-4a70-8cc7-1d31ae7ac64a@group-515877FFDAAC: changes role from  FOLLOWER to FOLLOWER at term 80 for recognizeCandidate:05ace5f9-a5b7-4bc6-b4fa-26d4e24ae00c
2019-11-05 08:34:33,130 [grpc-default-executor-13] INFO  impl.RoleInfo (RoleInfo.java:shutdownFollowerState(121)) - d92c9463-8e05-4a70-8cc7-1d31ae7ac64a: shutdown FollowerState
2019-11-05 08:34:33,130 [grpc-default-executor-16] INFO  impl.RaftServerImpl (RaftServerImpl.java:setRole(184)) - d7b60609-c805-4df6-8140-a27c681dae80@group-515877FFDAAC: changes role from  FOLLOWER to FOLLOWER at term 80 for recognizeCandidate:05ace5f9-a5b7-4bc6-b4fa-26d4e24ae00c
2019-11-05 08:34:33,130 [grpc-default-executor-16] INFO  impl.RoleInfo (RoleInfo.java:shutdownFollowerState(121)) - d7b60609-c805-4df6-8140-a27c681dae80: shutdown FollowerState
2019-11-05 08:34:33,130 [Thread-4105] INFO  impl.FollowerState (FollowerState.java:run(117)) - d92c9463-8e05-4a70-8cc7-1d31ae7ac64a@group-515877FFDAAC-FollowerState was interrupted: java.lang.InterruptedException: sleep interrupted
2019-11-05 08:34:33,130 [grpc-default-executor-13] INFO  impl.RoleInfo (RoleInfo.java:updateAndGet(143)) - d92c9463-8e05-4a70-8cc7-1d31ae7ac64a: start FollowerState
2019-11-05 08:34:33,130 [Thread-4104] INFO  impl.FollowerState (FollowerState.java:run(117)) - d7b60609-c805-4df6-8140-a27c681dae80@group-515877FFDAAC-FollowerState was interrupted: java.lang.InterruptedException: sleep interrupted
2019-11-05 08:34:33,130 [grpc-default-executor-16] INFO  impl.RoleInfo (RoleInfo.java:updateAndGet(143)) - d7b60609-c805-4df6-8140-a27c681dae80: start FollowerState
2019-11-05 08:34:33,144 [05ace5f9-a5b7-4bc6-b4fa-26d4e24ae00c@group-515877FFDAAC-LeaderElection502] INFO  impl.LeaderElection (LeaderElection.java:logAndReturn(56)) - 05ace5f9-a5b7-4bc6-b4fa-26d4e24ae00c@group-515877FFDAAC-LeaderElection502: Election REJECTED; received 2 response(s) [05ace5f9-a5b7-4bc6-b4fa-26d4e24ae00c<-d92c9463-8e05-4a70-8cc7-1d31ae7ac64a#0:FAIL-t80, 05ace5f9-a5b7-4bc6-b4fa-26d4e24ae00c<-d7b60609-c805-4df6-8140-a27c681dae80#0:FAIL-t80] and 0 exception(s); 05ace5f9-a5b7-4bc6-b4fa-26d4e24ae00c@group-515877FFDAAC:t80, leader=null, voted=05ace5f9-a5b7-4bc6-b4fa-26d4e24ae00c, raftlog=05ace5f9-a5b7-4bc6-b4fa-26d4e24ae00c@group-515877FFDAAC-SegmentedRaftLog:OPENED:c-1,f-1,i0, conf=-1: [05ace5f9-a5b7-4bc6-b4fa-26d4e24ae00c:192.168.164.217:42356, d92c9463-8e05-4a70-8cc7-1d31ae7ac64a:192.168.164.217:37180, d7b60609-c805-4df6-8140-a27c681dae80:192.168.164.217:37880], old=null
2019-11-05 08:34:33,144 [05ace5f9-a5b7-4bc6-b4fa-26d4e24ae00c@group-515877FFDAAC-LeaderElection502] INFO  impl.RaftServerImpl (RaftServerImpl.java:setRole(184)) - 05ace5f9-a5b7-4bc6-b4fa-26d4e24ae00c@group-515877FFDAAC: changes role from CANDIDATE to FOLLOWER at term 80 for DISCOVERED_A_NEW_TERM
2019-11-05 08:34:33,144 [05ace5f9-a5b7-4bc6-b4fa-26d4e24ae00c@group-515877FFDAAC-LeaderElection502] INFO  impl.RoleInfo (RoleInfo.java:shutdownLeaderElection(134)) - 05ace5f9-a5b7-4bc6-b4fa-26d4e24ae00c: shutdown LeaderElection
2019-11-05 08:34:33,144 [05ace5f9-a5b7-4bc6-b4fa-26d4e24ae00c@group-515877FFDAAC-LeaderElection502] INFO  impl.RoleInfo (RoleInfo.java:updateAndGet(143)) - 05ace5f9-a5b7-4bc6-b4fa-26d4e24ae00c: start FollowerState
2019-11-05 08:34:33,339 [Thread-4112] INFO  impl.FollowerState (FollowerState.java:run(108)) - 05ace5f9-a5b7-4bc6-b4fa-26d4e24ae00c@group-515877FFDAAC-FollowerState: change to CANDIDATE, lastRpcTime:194ms, electionTimeout:194ms
2019-11-05 08:34:33,339 [Thread-4112] INFO  impl.RoleInfo (RoleInfo.java:shutdownFollowerState(121)) - 05ace5f9-a5b7-4bc6-b4fa-26d4e24ae00c: shutdown FollowerState
2019-11-05 08:34:33,339 [Thread-4112] INFO  impl.RaftServerImpl (RaftServerImpl.java:setRole(184)) - 05ace5f9-a5b7-4bc6-b4fa-26d4e24ae00c@group-515877FFDAAC: changes role from  FOLLOWER to CANDIDATE at term 80 for changeToCandidate
2019-11-05 08:34:33,339 [Thread-4112] INFO  impl.RoleInfo (RoleInfo.java:updateAndGet(143)) - 05ace5f9-a5b7-4bc6-b4fa-26d4e24ae00c: start LeaderElection
2019-11-05 08:34:33,354 [05ace5f9-a5b7-4bc6-b4fa-26d4e24ae00c@group-515877FFDAAC-LeaderElection503] INFO  impl.LeaderElection (LeaderElection.java:askForVotes(178)) - 05ace5f9-a5b7-4bc6-b4fa-26d4e24ae00c@group-515877FFDAAC-LeaderElection503: begin an election at term 81 for -1: [05ace5f9-a5b7-4bc6-b4fa-26d4e24ae00c:192.168.164.217:42356, d92c9463-8e05-4a70-8cc7-1d31ae7ac64a:192.168.164.217:37180, d7b60609-c805-4df6-8140-a27c681dae80:192.168.164.217:37880], old=null
2019-11-05 08:34:33,356 [grpc-default-executor-13] INFO  impl.RaftServerImpl (RaftServerImpl.java:setRole(184)) - d92c9463-8e05-4a70-8cc7-1d31ae7ac64a@group-515877FFDAAC: changes role from  FOLLOWER to FOLLOWER at term 81 for recognizeCandidate:05ace5f9-a5b7-4bc6-b4fa-26d4e24ae00c
2019-11-05 08:34:33,356 [grpc-default-executor-10] INFO  impl.RaftServerImpl (RaftServerImpl.java:setRole(184)) - d7b60609-c805-4df6-8140-a27c681dae80@group-515877FFDAAC: changes role from  FOLLOWER to FOLLOWER at term 81 for recognizeCandidate:05ace5f9-a5b7-4bc6-b4fa-26d4e24ae00c
2019-11-05 08:34:33,356 [grpc-default-executor-13] INFO  impl.RoleInfo (RoleInfo.java:shutdownFollowerState(121)) - d92c9463-8e05-4a70-8cc7-1d31ae7ac64a: shutdown FollowerState
2019-11-05 08:34:33,357 [grpc-default-executor-10] INFO  impl.RoleInfo (RoleInfo.java:shutdownFollowerState(121)) - d7b60609-c805-4df6-8140-a27c681dae80: shutdown FollowerState
2019-11-05 08:34:33,357 [Thread-4110] INFO  impl.FollowerState (FollowerState.java:run(117)) - d92c9463-8e05-4a70-8cc7-1d31ae7ac64a@group-515877FFDAAC-FollowerState was interrupted: java.lang.InterruptedException: sleep interrupted
2019-11-05 08:34:33,357 [grpc-default-executor-13] INFO  impl.RoleInfo (RoleInfo.java:updateAndGet(143)) - d92c9463-8e05-4a70-8cc7-1d31ae7ac64a: start FollowerState
2019-11-05 08:34:33,357 [Thread-4111] INFO  impl.FollowerState (FollowerState.java:run(117)) - d7b60609-c805-4df6-8140-a27c681dae80@group-515877FFDAAC-FollowerState was interrupted: java.lang.InterruptedException: sleep interrupted
2019-11-05 08:34:33,357 [grpc-default-executor-10] INFO  impl.RoleInfo (RoleInfo.java:updateAndGet(143)) - d7b60609-c805-4df6-8140-a27c681dae80: start FollowerState
2019-11-05 08:34:33,371 [05ace5f9-a5b7-4bc6-b4fa-26d4e24ae00c@group-515877FFDAAC-LeaderElection503] INFO  impl.LeaderElection (LeaderElection.java:logAndReturn(56)) - 05ace5f9-a5b7-4bc6-b4fa-26d4e24ae00c@group-515877FFDAAC-LeaderElection503: Election REJECTED; received 2 response(s) [05ace5f9-a5b7-4bc6-b4fa-26d4e24ae00c<-d92c9463-8e05-4a70-8cc7-1d31ae7ac64a#0:FAIL-t81, 05ace5f9-a5b7-4bc6-b4fa-26d4e24ae00c<-d7b60609-c805-4df6-8140-a27c681dae80#0:FAIL-t81] and 0 exception(s); 05ace5f9-a5b7-4bc6-b4fa-26d4e24ae00c@group-515877FFDAAC:t81, leader=null, voted=05ace5f9-a5b7-4bc6-b4fa-26d4e24ae00c, raftlog=05ace5f9-a5b7-4bc6-b4fa-26d4e24ae00c@group-515877FFDAAC-SegmentedRaftLog:OPENED:c-1,f-1,i0, conf=-1: [05ace5f9-a5b7-4bc6-b4fa-26d4e24ae00c:192.168.164.217:42356, d92c9463-8e05-4a70-8cc7-1d31ae7ac64a:192.168.164.217:37180, d7b60609-c805-4df6-8140-a27c681dae80:192.168.164.217:37880], old=null
2019-11-05 08:34:33,372 [05ace5f9-a5b7-4bc6-b4fa-26d4e24ae00c@group-515877FFDAAC-LeaderElection503] INFO  impl.RaftServerImpl (RaftServerImpl.java:setRole(184)) - 05ace5f9-a5b7-4bc6-b4fa-26d4e24ae00c@group-515877FFDAAC: changes role from CANDIDATE to FOLLOWER at term 81 for DISCOVERED_A_NEW_TERM
2019-11-05 08:34:33,372 [05ace5f9-a5b7-4bc6-b4fa-26d4e24ae00c@group-515877FFDAAC-LeaderElection503] INFO  impl.RoleInfo (RoleInfo.java:shutdownLeaderElection(134)) - 05ace5f9-a5b7-4bc6-b4fa-26d4e24ae00c: shutdown LeaderElection
2019-11-05 08:34:33,372 [05ace5f9-a5b7-4bc6-b4fa-26d4e24ae00c@group-515877FFDAAC-LeaderElection503] INFO  impl.RoleInfo (RoleInfo.java:updateAndGet(143)) - 05ace5f9-a5b7-4bc6-b4fa-26d4e24ae00c: start FollowerState
2019-11-05 08:34:33,534 [Thread-4124] INFO  impl.FollowerState (FollowerState.java:run(108)) - 05ace5f9-a5b7-4bc6-b4fa-26d4e24ae00c@group-515877FFDAAC-FollowerState: change to CANDIDATE, lastRpcTime:162ms, electionTimeout:162ms
2019-11-05 08:34:33,534 [Thread-4124] INFO  impl.RoleInfo (RoleInfo.java:shutdownFollowerState(121)) - 05ace5f9-a5b7-4bc6-b4fa-26d4e24ae00c: shutdown FollowerState
2019-11-05 08:34:33,534 [Thread-4124] INFO  impl.RaftServerImpl (RaftServerImpl.java:setRole(184)) - 05ace5f9-a5b7-4bc6-b4fa-26d4e24ae00c@group-515877FFDAAC: changes role from  FOLLOWER to CANDIDATE at term 81 for changeToCandidate
2019-11-05 08:34:33,535 [Thread-4124] INFO  impl.RoleInfo (RoleInfo.java:updateAndGet(143)) - 05ace5f9-a5b7-4bc6-b4fa-26d4e24ae00c: start LeaderElection
2019-11-05 08:34:33,550 [05ace5f9-a5b7-4bc6-b4fa-26d4e24ae00c@group-515877FFDAAC-LeaderElection504] INFO  impl.LeaderElection (LeaderElection.java:askForVotes(178)) - 05ace5f9-a5b7-4bc6-b4fa-26d4e24ae00c@group-515877FFDAAC-LeaderElection504: begin an election at term 82 for -1: [05ace5f9-a5b7-4bc6-b4fa-26d4e24ae00c:192.168.164.217:42356, d92c9463-8e05-4a70-8cc7-1d31ae7ac64a:192.168.164.217:37180, d7b60609-c805-4df6-8140-a27c681dae80:192.168.164.217:37880], old=null
2019-11-05 08:34:33,552 [grpc-default-executor-13] INFO  impl.RaftServerImpl (RaftServerImpl.java:setRole(184)) - d92c9463-8e05-4a70-8cc7-1d31ae7ac64a@group-515877FFDAAC: changes role from  FOLLOWER to FOLLOWER at term 82 for recognizeCandidate:05ace5f9-a5b7-4bc6-b4fa-26d4e24ae00c
2019-11-05 08:34:33,552 [grpc-default-executor-10] INFO  impl.RaftServerImpl (RaftServerImpl.java:setRole(184)) - d7b60609-c805-4df6-8140-a27c681dae80@group-515877FFDAAC: changes role from  FOLLOWER to FOLLOWER at term 82 for recognizeCandidate:05ace5f9-a5b7-4bc6-b4fa-26d4e24ae00c
2019-11-05 08:34:33,552 [grpc-default-executor-10] INFO  impl.RoleInfo (RoleInfo.java:shutdownFollowerState(121)) - d7b60609-c805-4df6-8140-a27c681dae80: shutdown FollowerState
2019-11-05 08:34:33,552 [grpc-default-executor-13] INFO  impl.RoleInfo (RoleInfo.java:shutdownFollowerState(121)) - d92c9463-8e05-4a70-8cc7-1d31ae7ac64a: shutdown FollowerState
2019-11-05 08:34:33,552 [Thread-4121] INFO  impl.FollowerState (FollowerState.java:run(117)) - d7b60609-c805-4df6-8140-a27c681dae80@group-515877FFDAAC-FollowerState was interrupted: java.lang.InterruptedException: sleep interrupted
2019-11-05 08:34:33,552 [grpc-default-executor-10] INFO  impl.RoleInfo (RoleInfo.java:updateAndGet(143)) - d7b60609-c805-4df6-8140-a27c681dae80: start FollowerState
2019-11-05 08:34:33,552 [Thread-4120] INFO  impl.FollowerState (FollowerState.java:run(117)) - d92c9463-8e05-4a70-8cc7-1d31ae7ac64a@group-515877FFDAAC-FollowerState was interrupted: java.lang.InterruptedException: sleep interrupted
2019-11-05 08:34:33,552 [grpc-default-executor-13] INFO  impl.RoleInfo (RoleInfo.java:updateAndGet(143)) - d92c9463-8e05-4a70-8cc7-1d31ae7ac64a: start FollowerState
2019-11-05 08:34:33,566 [05ace5f9-a5b7-4bc6-b4fa-26d4e24ae00c@group-515877FFDAAC-LeaderElection504] INFO  impl.LeaderElection (LeaderElection.java:logAndReturn(56)) - 05ace5f9-a5b7-4bc6-b4fa-26d4e24ae00c@group-515877FFDAAC-LeaderElection504: Election REJECTED; received 2 response(s) [05ace5f9-a5b7-4bc6-b4fa-26d4e24ae00c<-d92c9463-8e05-4a70-8cc7-1d31ae7ac64a#0:FAIL-t82, 05ace5f9-a5b7-4bc6-b4fa-26d4e24ae00c<-d7b60609-c805-4df6-8140-a27c681dae80#0:FAIL-t82] and 0 exception(s); 05ace5f9-a5b7-4bc6-b4fa-26d4e24ae00c@group-515877FFDAAC:t82, leader=null, voted=05ace5f9-a5b7-4bc6-b4fa-26d4e24ae00c, raftlog=05ace5f9-a5b7-4bc6-b4fa-26d4e24ae00c@group-515877FFDAAC-SegmentedRaftLog:OPENED:c-1,f-1,i0, conf=-1: [05ace5f9-a5b7-4bc6-b4fa-26d4e24ae00c:192.168.164.217:42356, d92c9463-8e05-4a70-8cc7-1d31ae7ac64a:192.168.164.217:37180, d7b60609-c805-4df6-8140-a27c681dae80:192.168.164.217:37880], old=null
2019-11-05 08:34:33,566 [05ace5f9-a5b7-4bc6-b4fa-26d4e24ae00c@group-515877FFDAAC-LeaderElection504] INFO  impl.RaftServerImpl (RaftServerImpl.java:setRole(184)) - 05ace5f9-a5b7-4bc6-b4fa-26d4e24ae00c@group-515877FFDAAC: changes role from CANDIDATE to FOLLOWER at term 82 for DISCOVERED_A_NEW_TERM
2019-11-05 08:34:33,566 [05ace5f9-a5b7-4bc6-b4fa-26d4e24ae00c@group-515877FFDAAC-LeaderElection504] INFO  impl.RoleInfo (RoleInfo.java:shutdownLeaderElection(134)) - 05ace5f9-a5b7-4bc6-b4fa-26d4e24ae00c: shutdown LeaderElection
2019-11-05 08:34:33,566 [05ace5f9-a5b7-4bc6-b4fa-26d4e24ae00c@group-515877FFDAAC-LeaderElection504] INFO  impl.RoleInfo (RoleInfo.java:updateAndGet(143)) - 05ace5f9-a5b7-4bc6-b4fa-26d4e24ae00c: start FollowerState
2019-11-05 08:34:33,598 [Thread-4130] INFO  impl.FollowerState (FollowerState.java:run(108)) - 05ace5f9-a5b7-4bc6-b4fa-26d4e24ae00c@group-515877FFDAAC-FollowerState: change to CANDIDATE, lastRpcTime:31ms, electionTimeout:31ms
2019-11-05 08:34:33,598 [Thread-4130] INFO  impl.RoleInfo (RoleInfo.java:shutdownFollowerState(121)) - 05ace5f9-a5b7-4bc6-b4fa-26d4e24ae00c: shutdown FollowerState
2019-11-05 08:34:33,598 [Thread-4130] INFO  impl.RaftServerImpl (RaftServerImpl.java:setRole(184)) - 05ace5f9-a5b7-4bc6-b4fa-26d4e24ae00c@group-515877FFDAAC: changes role from  FOLLOWER to CANDIDATE at term 82 for changeToCandidate
2019-11-05 08:34:33,598 [Thread-4130] INFO  impl.RoleInfo (RoleInfo.java:updateAndGet(143)) - 05ace5f9-a5b7-4bc6-b4fa-26d4e24ae00c: start LeaderElection
2019-11-05 08:34:33,620 [05ace5f9-a5b7-4bc6-b4fa-26d4e24ae00c@group-515877FFDAAC-LeaderElection505] INFO  impl.LeaderElection (LeaderElection.java:askForVotes(178)) - 05ace5f9-a5b7-4bc6-b4fa-26d4e24ae00c@group-515877FFDAAC-LeaderElection505: begin an election at term 83 for -1: [05ace5f9-a5b7-4bc6-b4fa-26d4e24ae00c:192.168.164.217:42356, d92c9463-8e05-4a70-8cc7-1d31ae7ac64a:192.168.164.217:37180, d7b60609-c805-4df6-8140-a27c681dae80:192.168.164.217:37880], old=null
2019-11-05 08:34:33,621 [grpc-default-executor-10] INFO  impl.RaftServerImpl (RaftServerImpl.java:setRole(184)) - d92c9463-8e05-4a70-8cc7-1d31ae7ac64a@group-515877FFDAAC: changes role from  FOLLOWER to FOLLOWER at term 83 for recognizeCandidate:05ace5f9-a5b7-4bc6-b4fa-26d4e24ae00c
2019-11-05 08:34:33,621 [grpc-default-executor-10] INFO  impl.RoleInfo (RoleInfo.java:shutdownFollowerState(121)) - d92c9463-8e05-4a70-8cc7-1d31ae7ac64a: shutdown FollowerState
2019-11-05 08:34:33,621 [grpc-default-executor-10] INFO  impl.RoleInfo (RoleInfo.java:updateAndGet(143)) - d92c9463-8e05-4a70-8cc7-1d31ae7ac64a: start FollowerState
2019-11-05 08:34:33,621 [Thread-4129] INFO  impl.FollowerState (FollowerState.java:run(117)) - d92c9463-8e05-4a70-8cc7-1d31ae7ac64a@group-515877FFDAAC-FollowerState was interrupted: java.lang.InterruptedException: sleep interrupted
2019-11-05 08:34:33,621 [grpc-default-executor-13] INFO  impl.RaftServerImpl (RaftServerImpl.java:setRole(184)) - d7b60609-c805-4df6-8140-a27c681dae80@group-515877FFDAAC: changes role from  FOLLOWER to FOLLOWER at term 83 for recognizeCandidate:05ace5f9-a5b7-4bc6-b4fa-26d4e24ae00c
2019-11-05 08:34:33,622 [grpc-default-executor-13] INFO  impl.RoleInfo (RoleInfo.java:shutdownFollowerState(121)) - d7b60609-c805-4df6-8140-a27c681dae80: shutdown FollowerState
2019-11-05 08:34:33,622 [grpc-default-executor-13] INFO  impl.RoleInfo (RoleInfo.java:updateAndGet(143)) - d7b60609-c805-4df6-8140-a27c681dae80: start FollowerState
2019-11-05 08:34:33,622 [Thread-4128] INFO  impl.FollowerState (FollowerState.java:run(117)) - d7b60609-c805-4df6-8140-a27c681dae80@group-515877FFDAAC-FollowerState was interrupted: java.lang.InterruptedException: sleep interrupted
2019-11-05 08:34:33,633 [05ace5f9-a5b7-4bc6-b4fa-26d4e24ae00c@group-515877FFDAAC-LeaderElection505] INFO  impl.LeaderElection (LeaderElection.java:logAndReturn(56)) - 05ace5f9-a5b7-4bc6-b4fa-26d4e24ae00c@group-515877FFDAAC-LeaderElection505: Election TIMEOUT; received 0 response(s) [] and 0 exception(s); 05ace5f9-a5b7-4bc6-b4fa-26d4e24ae00c@group-515877FFDAAC:t83, leader=null, voted=05ace5f9-a5b7-4bc6-b4fa-26d4e24ae00c, raftlog=05ace5f9-a5b7-4bc6-b4fa-26d4e24ae00c@group-515877FFDAAC-SegmentedRaftLog:OPENED:c-1,f-1,i0, conf=-1: [05ace5f9-a5b7-4bc6-b4fa-26d4e24ae00c:192.168.164.217:42356, d92c9463-8e05-4a70-8cc7-1d31ae7ac64a:192.168.164.217:37180, d7b60609-c805-4df6-8140-a27c681dae80:192.168.164.217:37880], old=null
2019-11-05 08:34:33,637 [05ace5f9-a5b7-4bc6-b4fa-26d4e24ae00c@group-515877FFDAAC-LeaderElection505] INFO  impl.LeaderElection (LeaderElection.java:askForVotes(178)) - 05ace5f9-a5b7-4bc6-b4fa-26d4e24ae00c@group-515877FFDAAC-LeaderElection505: begin an election at term 84 for -1: [05ace5f9-a5b7-4bc6-b4fa-26d4e24ae00c:192.168.164.217:42356, d92c9463-8e05-4a70-8cc7-1d31ae7ac64a:192.168.164.217:37180, d7b60609-c805-4df6-8140-a27c681dae80:192.168.164.217:37880], old=null
2019-11-05 08:34:33,638 [grpc-default-executor-13] INFO  impl.RaftServerImpl (RaftServerImpl.java:setRole(184)) - d92c9463-8e05-4a70-8cc7-1d31ae7ac64a@group-515877FFDAAC: changes role from  FOLLOWER to FOLLOWER at term 84 for recognizeCandidate:05ace5f9-a5b7-4bc6-b4fa-26d4e24ae00c
2019-11-05 08:34:33,638 [grpc-default-executor-13] INFO  impl.RoleInfo (RoleInfo.java:shutdownFollowerState(121)) - d92c9463-8e05-4a70-8cc7-1d31ae7ac64a: shutdown FollowerState
2019-11-05 08:34:33,638 [grpc-default-executor-13] INFO  impl.RoleInfo (RoleInfo.java:updateAndGet(143)) - d92c9463-8e05-4a70-8cc7-1d31ae7ac64a: start FollowerState
2019-11-05 08:34:33,638 [grpc-default-executor-10] INFO  impl.RaftServerImpl (RaftServerImpl.java:setRole(184)) - d7b60609-c805-4df6-8140-a27c681dae80@group-515877FFDAAC: changes role from  FOLLOWER to FOLLOWER at term 84 for recognizeCandidate:05ace5f9-a5b7-4bc6-b4fa-26d4e24ae00c
2019-11-05 08:34:33,639 [grpc-default-executor-10] INFO  impl.RoleInfo (RoleInfo.java:shutdownFollowerState(121)) - d7b60609-c805-4df6-8140-a27c681dae80: shutdown FollowerState
2019-11-05 08:34:33,638 [Thread-4134] INFO  impl.FollowerState (FollowerState.java:run(117)) - d92c9463-8e05-4a70-8cc7-1d31ae7ac64a@group-515877FFDAAC-FollowerState was interrupted: java.lang.InterruptedException: sleep interrupted
2019-11-05 08:34:33,639 [Thread-4135] INFO  impl.FollowerState (FollowerState.java:run(117)) - d7b60609-c805-4df6-8140-a27c681dae80@group-515877FFDAAC-FollowerState was interrupted: java.lang.InterruptedException: sleep interrupted
2019-11-05 08:34:33,639 [grpc-default-executor-10] INFO  impl.RoleInfo (RoleInfo.java:updateAndGet(143)) - d7b60609-c805-4df6-8140-a27c681dae80: start FollowerState
2019-11-05 08:34:33,652 [05ace5f9-a5b7-4bc6-b4fa-26d4e24ae00c@group-515877FFDAAC-LeaderElection505] INFO  impl.LeaderElection (LeaderElection.java:logAndReturn(56)) - 05ace5f9-a5b7-4bc6-b4fa-26d4e24ae00c@group-515877FFDAAC-LeaderElection505: Election REJECTED; received 2 response(s) [05ace5f9-a5b7-4bc6-b4fa-26d4e24ae00c<-d92c9463-8e05-4a70-8cc7-1d31ae7ac64a#0:FAIL-t84, 05ace5f9-a5b7-4bc6-b4fa-26d4e24ae00c<-d7b60609-c805-4df6-8140-a27c681dae80#0:FAIL-t84] and 0 exception(s); 05ace5f9-a5b7-4bc6-b4fa-26d4e24ae00c@group-515877FFDAAC:t84, leader=null, voted=05ace5f9-a5b7-4bc6-b4fa-26d4e24ae00c, raftlog=05ace5f9-a5b7-4bc6-b4fa-26d4e24ae00c@group-515877FFDAAC-SegmentedRaftLog:OPENED:c-1,f-1,i0, conf=-1: [05ace5f9-a5b7-4bc6-b4fa-26d4e24ae00c:192.168.164.217:42356, d92c9463-8e05-4a70-8cc7-1d31ae7ac64a:192.168.164.217:37180, d7b60609-c805-4df6-8140-a27c681dae80:192.168.164.217:37880], old=null
2019-11-05 08:34:33,652 [05ace5f9-a5b7-4bc6-b4fa-26d4e24ae00c@group-515877FFDAAC-LeaderElection505] INFO  impl.RaftServerImpl (RaftServerImpl.java:setRole(184)) - 05ace5f9-a5b7-4bc6-b4fa-26d4e24ae00c@group-515877FFDAAC: changes role from CANDIDATE to FOLLOWER at term 84 for DISCOVERED_A_NEW_TERM
2019-11-05 08:34:33,652 [05ace5f9-a5b7-4bc6-b4fa-26d4e24ae00c@group-515877FFDAAC-LeaderElection505] INFO  impl.RoleInfo (RoleInfo.java:shutdownLeaderElection(134)) - 05ace5f9-a5b7-4bc6-b4fa-26d4e24ae00c: shutdown LeaderElection
2019-11-05 08:34:33,653 [05ace5f9-a5b7-4bc6-b4fa-26d4e24ae00c@group-515877FFDAAC-LeaderElection505] INFO  impl.RoleInfo (RoleInfo.java:updateAndGet(143)) - 05ace5f9-a5b7-4bc6-b4fa-26d4e24ae00c: start FollowerState
2019-11-05 08:34:33,783 [Thread-4140] INFO  impl.FollowerState (FollowerState.java:run(108)) - 05ace5f9-a5b7-4bc6-b4fa-26d4e24ae00c@group-515877FFDAAC-FollowerState: change to CANDIDATE, lastRpcTime:130ms, electionTimeout:130ms
2019-11-05 08:34:33,783 [Thread-4140] INFO  impl.RoleInfo (RoleInfo.java:shutdownFollowerState(121)) - 05ace5f9-a5b7-4bc6-b4fa-26d4e24ae00c: shutdown FollowerState
2019-11-05 08:34:33,783 [Thread-4140] INFO  impl.RaftServerImpl (RaftServerImpl.java:setRole(184)) - 05ace5f9-a5b7-4bc6-b4fa-26d4e24ae00c@group-515877FFDAAC: changes role from  FOLLOWER to CANDIDATE at term 84 for changeToCandidate
2019-11-05 08:34:33,784 [Thread-4140] INFO  impl.RoleInfo (RoleInfo.java:updateAndGet(143)) - 05ace5f9-a5b7-4bc6-b4fa-26d4e24ae00c: start LeaderElection
2019-11-05 08:34:33,799 [05ace5f9-a5b7-4bc6-b4fa-26d4e24ae00c@group-515877FFDAAC-LeaderElection506] INFO  impl.LeaderElection (LeaderElection.java:askForVotes(178)) - 05ace5f9-a5b7-4bc6-b4fa-26d4e24ae00c@group-515877FFDAAC-LeaderElection506: begin an election at term 85 for -1: [05ace5f9-a5b7-4bc6-b4fa-26d4e24ae00c:192.168.164.217:42356, d92c9463-8e05-4a70-8cc7-1d31ae7ac64a:192.168.164.217:37180, d7b60609-c805-4df6-8140-a27c681dae80:192.168.164.217:37880], old=null
2019-11-05 08:34:33,801 [grpc-default-executor-10] INFO  impl.RaftServerImpl (RaftServerImpl.java:setRole(184)) - d7b60609-c805-4df6-8140-a27c681dae80@group-515877FFDAAC: changes role from  FOLLOWER to FOLLOWER at term 85 for recognizeCandidate:05ace5f9-a5b7-4bc6-b4fa-26d4e24ae00c
2019-11-05 08:34:33,801 [grpc-default-executor-10] INFO  impl.RoleInfo (RoleInfo.java:shutdownFollowerState(121)) - d7b60609-c805-4df6-8140-a27c681dae80: shutdown FollowerState
2019-11-05 08:34:33,801 [grpc-default-executor-10] INFO  impl.RoleInfo (RoleInfo.java:updateAndGet(143)) - d7b60609-c805-4df6-8140-a27c681dae80: start FollowerState
2019-11-05 08:34:33,801 [Thread-4139] INFO  impl.FollowerState (FollowerState.java:run(117)) - d7b60609-c805-4df6-8140-a27c681dae80@group-515877FFDAAC-FollowerState was interrupted: java.lang.InterruptedException: sleep interrupted
2019-11-05 08:34:33,801 [grpc-default-executor-13] INFO  impl.RaftServerImpl (RaftServerImpl.java:setRole(184)) - d92c9463-8e05-4a70-8cc7-1d31ae7ac64a@group-515877FFDAAC: changes role from  FOLLOWER to FOLLOWER at term 85 for recognizeCandidate:05ace5f9-a5b7-4bc6-b4fa-26d4e24ae00c
2019-11-05 08:34:33,801 [grpc-default-executor-13] INFO  impl.RoleInfo (RoleInfo.java:shutdownFollowerState(121)) - d92c9463-8e05-4a70-8cc7-1d31ae7ac64a: shutdown FollowerState
2019-11-05 08:34:33,801 [grpc-default-executor-13] INFO  impl.RoleInfo (RoleInfo.java:updateAndGet(143)) - d92c9463-8e05-4a70-8cc7-1d31ae7ac64a: start FollowerState
2019-11-05 08:34:33,801 [Thread-4138] INFO  impl.FollowerState (FollowerState.java:run(117)) - d92c9463-8e05-4a70-8cc7-1d31ae7ac64a@group-515877FFDAAC-FollowerState was interrupted: java.lang.InterruptedException: sleep interrupted
2019-11-05 08:34:33,827 [05ace5f9-a5b7-4bc6-b4fa-26d4e24ae00c@group-515877FFDAAC-LeaderElection506] INFO  impl.LeaderElection (LeaderElection.java:logAndReturn(56)) - 05ace5f9-a5b7-4bc6-b4fa-26d4e24ae00c@group-515877FFDAAC-LeaderElection506: Election REJECTED; received 2 response(s) [05ace5f9-a5b7-4bc6-b4fa-26d4e24ae00c<-d92c9463-8e05-4a70-8cc7-1d31ae7ac64a#0:FAIL-t85, 05ace5f9-a5b7-4bc6-b4fa-26d4e24ae00c<-d7b60609-c805-4df6-8140-a27c681dae80#0:FAIL-t85] and 0 exception(s); 05ace5f9-a5b7-4bc6-b4fa-26d4e24ae00c@group-515877FFDAAC:t85, leader=null, voted=05ace5f9-a5b7-4bc6-b4fa-26d4e24ae00c, raftlog=05ace5f9-a5b7-4bc6-b4fa-26d4e24ae00c@group-515877FFDAAC-SegmentedRaftLog:OPENED:c-1,f-1,i0, conf=-1: [05ace5f9-a5b7-4bc6-b4fa-26d4e24ae00c:192.168.164.217:42356, d92c9463-8e05-4a70-8cc7-1d31ae7ac64a:192.168.164.217:37180, d7b60609-c805-4df6-8140-a27c681dae80:192.168.164.217:37880], old=null
2019-11-05 08:34:33,827 [05ace5f9-a5b7-4bc6-b4fa-26d4e24ae00c@group-515877FFDAAC-LeaderElection506] INFO  impl.RaftServerImpl (RaftServerImpl.java:setRole(184)) - 05ace5f9-a5b7-4bc6-b4fa-26d4e24ae00c@group-515877FFDAAC: changes role from CANDIDATE to FOLLOWER at term 85 for DISCOVERED_A_NEW_TERM
2019-11-05 08:34:33,827 [05ace5f9-a5b7-4bc6-b4fa-26d4e24ae00c@group-515877FFDAAC-LeaderElection506] INFO  impl.RoleInfo (RoleInfo.java:shutdownLeaderElection(134)) - 05ace5f9-a5b7-4bc6-b4fa-26d4e24ae00c: shutdown LeaderElection
2019-11-05 08:34:33,828 [05ace5f9-a5b7-4bc6-b4fa-26d4e24ae00c@group-515877FFDAAC-LeaderElection506] INFO  impl.RoleInfo (RoleInfo.java:updateAndGet(143)) - 05ace5f9-a5b7-4bc6-b4fa-26d4e24ae00c: start FollowerState
2019-11-05 08:34:33,882 [Thread-4148] INFO  impl.FollowerState (FollowerState.java:run(108)) - 05ace5f9-a5b7-4bc6-b4fa-26d4e24ae00c@group-515877FFDAAC-FollowerState: change to CANDIDATE, lastRpcTime:54ms, electionTimeout:54ms
2019-11-05 08:34:33,882 [Thread-4148] INFO  impl.RoleInfo (RoleInfo.java:shutdownFollowerState(121)) - 05ace5f9-a5b7-4bc6-b4fa-26d4e24ae00c: shutdown FollowerState
2019-11-05 08:34:33,882 [Thread-4148] INFO  impl.RaftServerImpl (RaftServerImpl.java:setRole(184)) - 05ace5f9-a5b7-4bc6-b4fa-26d4e24ae00c@group-515877FFDAAC: changes role from  FOLLOWER to CANDIDATE at term 85 for changeToCandidate
2019-11-05 08:34:33,883 [Thread-4148] INFO  impl.RoleInfo (RoleInfo.java:updateAndGet(143)) - 05ace5f9-a5b7-4bc6-b4fa-26d4e24ae00c: start LeaderElection
2019-11-05 08:34:33,896 [05ace5f9-a5b7-4bc6-b4fa-26d4e24ae00c@group-515877FFDAAC-LeaderElection507] INFO  impl.LeaderElection (LeaderElection.java:askForVotes(178)) - 05ace5f9-a5b7-4bc6-b4fa-26d4e24ae00c@group-515877FFDAAC-LeaderElection507: begin an election at term 86 for -1: [05ace5f9-a5b7-4bc6-b4fa-26d4e24ae00c:192.168.164.217:42356, d92c9463-8e05-4a70-8cc7-1d31ae7ac64a:192.168.164.217:37180, d7b60609-c805-4df6-8140-a27c681dae80:192.168.164.217:37880], old=null
2019-11-05 08:34:33,897 [grpc-default-executor-10] INFO  impl.RaftServerImpl (RaftServerImpl.java:setRole(184)) - d7b60609-c805-4df6-8140-a27c681dae80@group-515877FFDAAC: changes role from  FOLLOWER to FOLLOWER at term 86 for recognizeCandidate:05ace5f9-a5b7-4bc6-b4fa-26d4e24ae00c
2019-11-05 08:34:33,897 [grpc-default-executor-10] INFO  impl.RoleInfo (RoleInfo.java:shutdownFollowerState(121)) - d7b60609-c805-4df6-8140-a27c681dae80: shutdown FollowerState
2019-11-05 08:34:33,897 [grpc-default-executor-10] INFO  impl.RoleInfo (RoleInfo.java:updateAndGet(143)) - d7b60609-c805-4df6-8140-a27c681dae80: start FollowerState
2019-11-05 08:34:33,897 [Thread-4146] INFO  impl.FollowerState (FollowerState.java:run(117)) - d7b60609-c805-4df6-8140-a27c681dae80@group-515877FFDAAC-FollowerState was interrupted: java.lang.InterruptedException: sleep interrupted
2019-11-05 08:34:33,898 [grpc-default-executor-13] INFO  impl.RaftServerImpl (RaftServerImpl.java:setRole(184)) - d92c9463-8e05-4a70-8cc7-1d31ae7ac64a@group-515877FFDAAC: changes role from  FOLLOWER to FOLLOWER at term 86 for recognizeCandidate:05ace5f9-a5b7-4bc6-b4fa-26d4e24ae00c
2019-11-05 08:34:33,898 [grpc-default-executor-13] INFO  impl.RoleInfo (RoleInfo.java:shutdownFollowerState(121)) - d92c9463-8e05-4a70-8cc7-1d31ae7ac64a: shutdown FollowerState
2019-11-05 08:34:33,898 [grpc-default-executor-13] INFO  impl.RoleInfo (RoleInfo.java:updateAndGet(143)) - d92c9463-8e05-4a70-8cc7-1d31ae7ac64a: start FollowerState
2019-11-05 08:34:33,898 [Thread-4147] INFO  impl.FollowerState (FollowerState.java:run(117)) - d92c9463-8e05-4a70-8cc7-1d31ae7ac64a@group-515877FFDAAC-FollowerState was interrupted: java.lang.InterruptedException: sleep interrupted
2019-11-05 08:34:33,912 [05ace5f9-a5b7-4bc6-b4fa-26d4e24ae00c@group-515877FFDAAC-LeaderElection507] INFO  impl.LeaderElection (LeaderElection.java:logAndReturn(56)) - 05ace5f9-a5b7-4bc6-b4fa-26d4e24ae00c@group-515877FFDAAC-LeaderElection507: Election REJECTED; received 2 response(s) [05ace5f9-a5b7-4bc6-b4fa-26d4e24ae00c<-d92c9463-8e05-4a70-8cc7-1d31ae7ac64a#0:FAIL-t86, 05ace5f9-a5b7-4bc6-b4fa-26d4e24ae00c<-d7b60609-c805-4df6-8140-a27c681dae80#0:FAIL-t86] and 0 exception(s); 05ace5f9-a5b7-4bc6-b4fa-26d4e24ae00c@group-515877FFDAAC:t86, leader=null, voted=05ace5f9-a5b7-4bc6-b4fa-26d4e24ae00c, raftlog=05ace5f9-a5b7-4bc6-b4fa-26d4e24ae00c@group-515877FFDAAC-SegmentedRaftLog:OPENED:c-1,f-1,i0, conf=-1: [05ace5f9-a5b7-4bc6-b4fa-26d4e24ae00c:192.168.164.217:42356, d92c9463-8e05-4a70-8cc7-1d31ae7ac64a:192.168.164.217:37180, d7b60609-c805-4df6-8140-a27c681dae80:192.168.164.217:37880], old=null
2019-11-05 08:34:33,912 [05ace5f9-a5b7-4bc6-b4fa-26d4e24ae00c@group-515877FFDAAC-LeaderElection507] INFO  impl.RaftServerImpl (RaftServerImpl.java:setRole(184)) - 05ace5f9-a5b7-4bc6-b4fa-26d4e24ae00c@group-515877FFDAAC: changes role from CANDIDATE to FOLLOWER at term 86 for DISCOVERED_A_NEW_TERM
2019-11-05 08:34:33,912 [05ace5f9-a5b7-4bc6-b4fa-26d4e24ae00c@group-515877FFDAAC-LeaderElection507] INFO  impl.RoleInfo (RoleInfo.java:shutdownLeaderElection(134)) - 05ace5f9-a5b7-4bc6-b4fa-26d4e24ae00c: shutdown LeaderElection
2019-11-05 08:34:33,912 [05ace5f9-a5b7-4bc6-b4fa-26d4e24ae00c@group-515877FFDAAC-LeaderElection507] INFO  impl.RoleInfo (RoleInfo.java:updateAndGet(143)) - 05ace5f9-a5b7-4bc6-b4fa-26d4e24ae00c: start FollowerState
2019-11-05 08:34:34,019 [Thread-4156] INFO  impl.FollowerState (FollowerState.java:run(108)) - 05ace5f9-a5b7-4bc6-b4fa-26d4e24ae00c@group-515877FFDAAC-FollowerState: change to CANDIDATE, lastRpcTime:107ms, electionTimeout:107ms
2019-11-05 08:34:34,020 [Thread-4156] INFO  impl.RoleInfo (RoleInfo.java:shutdownFollowerState(121)) - 05ace5f9-a5b7-4bc6-b4fa-26d4e24ae00c: shutdown FollowerState
2019-11-05 08:34:34,020 [Thread-4156] INFO  impl.RaftServerImpl (RaftServerImpl.java:setRole(184)) - 05ace5f9-a5b7-4bc6-b4fa-26d4e24ae00c@group-515877FFDAAC: changes role from  FOLLOWER to CANDIDATE at term 86 for changeToCandidate
2019-11-05 08:34:34,020 [Thread-4156] INFO  impl.RoleInfo (RoleInfo.java:updateAndGet(143)) - 05ace5f9-a5b7-4bc6-b4fa-26d4e24ae00c: start LeaderElection
2019-11-05 08:34:34,034 [05ace5f9-a5b7-4bc6-b4fa-26d4e24ae00c@group-515877FFDAAC-LeaderElection508] INFO  impl.LeaderElection (LeaderElection.java:askForVotes(178)) - 05ace5f9-a5b7-4bc6-b4fa-26d4e24ae00c@group-515877FFDAAC-LeaderElection508: begin an election at term 87 for -1: [05ace5f9-a5b7-4bc6-b4fa-26d4e24ae00c:192.168.164.217:42356, d92c9463-8e05-4a70-8cc7-1d31ae7ac64a:192.168.164.217:37180, d7b60609-c805-4df6-8140-a27c681dae80:192.168.164.217:37880], old=null
2019-11-05 08:34:34,036 [grpc-default-executor-13] INFO  impl.RaftServerImpl (RaftServerImpl.java:setRole(184)) - d92c9463-8e05-4a70-8cc7-1d31ae7ac64a@group-515877FFDAAC: changes role from  FOLLOWER to FOLLOWER at term 87 for recognizeCandidate:05ace5f9-a5b7-4bc6-b4fa-26d4e24ae00c
2019-11-05 08:34:34,036 [grpc-default-executor-13] INFO  impl.RoleInfo (RoleInfo.java:shutdownFollowerState(121)) - d92c9463-8e05-4a70-8cc7-1d31ae7ac64a: shutdown FollowerState
2019-11-05 08:34:34,036 [grpc-default-executor-13] INFO  impl.RoleInfo (RoleInfo.java:updateAndGet(143)) - d92c9463-8e05-4a70-8cc7-1d31ae7ac64a: start FollowerState
2019-11-05 08:34:34,036 [Thread-4155] INFO  impl.FollowerState (FollowerState.java:run(117)) - d92c9463-8e05-4a70-8cc7-1d31ae7ac64a@group-515877FFDAAC-FollowerState was interrupted: java.lang.InterruptedException: sleep interrupted
2019-11-05 08:34:34,036 [grpc-default-executor-10] INFO  impl.RaftServerImpl (RaftServerImpl.java:setRole(184)) - d7b60609-c805-4df6-8140-a27c681dae80@group-515877FFDAAC: changes role from  FOLLOWER to FOLLOWER at term 87 for recognizeCandidate:05ace5f9-a5b7-4bc6-b4fa-26d4e24ae00c
2019-11-05 08:34:34,036 [grpc-default-executor-10] INFO  impl.RoleInfo (RoleInfo.java:shutdownFollowerState(121)) - d7b60609-c805-4df6-8140-a27c681dae80: shutdown FollowerState
2019-11-05 08:34:34,036 [grpc-default-executor-10] INFO  impl.RoleInfo (RoleInfo.java:updateAndGet(143)) - d7b60609-c805-4df6-8140-a27c681dae80: start FollowerState
2019-11-05 08:34:34,036 [Thread-4154] INFO  impl.FollowerState (FollowerState.java:run(117)) - d7b60609-c805-4df6-8140-a27c681dae80@group-515877FFDAAC-FollowerState was interrupted: java.lang.InterruptedException: sleep interrupted
2019-11-05 08:34:34,050 [05ace5f9-a5b7-4bc6-b4fa-26d4e24ae00c@group-515877FFDAAC-LeaderElection508] INFO  impl.LeaderElection (LeaderElection.java:logAndReturn(56)) - 05ace5f9-a5b7-4bc6-b4fa-26d4e24ae00c@group-515877FFDAAC-LeaderElection508: Election REJECTED; received 2 response(s) [05ace5f9-a5b7-4bc6-b4fa-26d4e24ae00c<-d92c9463-8e05-4a70-8cc7-1d31ae7ac64a#0:FAIL-t87, 05ace5f9-a5b7-4bc6-b4fa-26d4e24ae00c<-d7b60609-c805-4df6-8140-a27c681dae80#0:FAIL-t87] and 0 exception(s); 05ace5f9-a5b7-4bc6-b4fa-26d4e24ae00c@group-515877FFDAAC:t87, leader=null, voted=05ace5f9-a5b7-4bc6-b4fa-26d4e24ae00c, raftlog=05ace5f9-a5b7-4bc6-b4fa-26d4e24ae00c@group-515877FFDAAC-SegmentedRaftLog:OPENED:c-1,f-1,i0, conf=-1: [05ace5f9-a5b7-4bc6-b4fa-26d4e24ae00c:192.168.164.217:42356, d92c9463-8e05-4a70-8cc7-1d31ae7ac64a:192.168.164.217:37180, d7b60609-c805-4df6-8140-a27c681dae80:192.168.164.217:37880], old=null
2019-11-05 08:34:34,050 [05ace5f9-a5b7-4bc6-b4fa-26d4e24ae00c@group-515877FFDAAC-LeaderElection508] INFO  impl.RaftServerImpl (RaftServerImpl.java:setRole(184)) - 05ace5f9-a5b7-4bc6-b4fa-26d4e24ae00c@group-515877FFDAAC: changes role from CANDIDATE to FOLLOWER at term 87 for DISCOVERED_A_NEW_TERM
2019-11-05 08:34:34,050 [05ace5f9-a5b7-4bc6-b4fa-26d4e24ae00c@group-515877FFDAAC-LeaderElection508] INFO  impl.RoleInfo (RoleInfo.java:shutdownLeaderElection(134)) - 05ace5f9-a5b7-4bc6-b4fa-26d4e24ae00c: shutdown LeaderElection
2019-11-05 08:34:34,050 [05ace5f9-a5b7-4bc6-b4fa-26d4e24ae00c@group-515877FFDAAC-LeaderElection508] INFO  impl.RoleInfo (RoleInfo.java:updateAndGet(143)) - 05ace5f9-a5b7-4bc6-b4fa-26d4e24ae00c: start FollowerState
2019-11-05 08:34:34,089 [Thread-4162] INFO  impl.FollowerState (FollowerState.java:run(108)) - 05ace5f9-a5b7-4bc6-b4fa-26d4e24ae00c@group-515877FFDAAC-FollowerState: change to CANDIDATE, lastRpcTime:38ms, electionTimeout:38ms
2019-11-05 08:34:34,089 [Thread-4162] INFO  impl.RoleInfo (RoleInfo.java:shutdownFollowerState(121)) - 05ace5f9-a5b7-4bc6-b4fa-26d4e24ae00c: shutdown FollowerState
2019-11-05 08:34:34,089 [Thread-4162] INFO  impl.RaftServerImpl (RaftServerImpl.java:setRole(184)) - 05ace5f9-a5b7-4bc6-b4fa-26d4e24ae00c@group-515877FFDAAC: changes role from  FOLLOWER to CANDIDATE at term 87 for changeToCandidate
2019-11-05 08:34:34,089 [Thread-4162] INFO  impl.RoleInfo (RoleInfo.java:updateAndGet(143)) - 05ace5f9-a5b7-4bc6-b4fa-26d4e24ae00c: start LeaderElection
2019-11-05 08:34:34,114 [05ace5f9-a5b7-4bc6-b4fa-26d4e24ae00c@group-515877FFDAAC-LeaderElection509] INFO  impl.LeaderElection (LeaderElection.java:askForVotes(178)) - 05ace5f9-a5b7-4bc6-b4fa-26d4e24ae00c@group-515877FFDAAC-LeaderElection509: begin an election at term 88 for -1: [05ace5f9-a5b7-4bc6-b4fa-26d4e24ae00c:192.168.164.217:42356, d92c9463-8e05-4a70-8cc7-1d31ae7ac64a:192.168.164.217:37180, d7b60609-c805-4df6-8140-a27c681dae80:192.168.164.217:37880], old=null
2019-11-05 08:34:34,116 [grpc-default-executor-13] INFO  impl.RaftServerImpl (RaftServerImpl.java:setRole(184)) - d92c9463-8e05-4a70-8cc7-1d31ae7ac64a@group-515877FFDAAC: changes role from  FOLLOWER to FOLLOWER at term 88 for recognizeCandidate:05ace5f9-a5b7-4bc6-b4fa-26d4e24ae00c
2019-11-05 08:34:34,116 [grpc-default-executor-13] INFO  impl.RoleInfo (RoleInfo.java:shutdownFollowerState(121)) - d92c9463-8e05-4a70-8cc7-1d31ae7ac64a: shutdown FollowerState
2019-11-05 08:34:34,116 [grpc-default-executor-10] INFO  impl.RaftServerImpl (RaftServerImpl.java:setRole(184)) - d7b60609-c805-4df6-8140-a27c681dae80@group-515877FFDAAC: changes role from  FOLLOWER to FOLLOWER at term 88 for recognizeCandidate:05ace5f9-a5b7-4bc6-b4fa-26d4e24ae00c
2019-11-05 08:34:34,117 [grpc-default-executor-10] INFO  impl.RoleInfo (RoleInfo.java:shutdownFollowerState(121)) - d7b60609-c805-4df6-8140-a27c681dae80: shutdown FollowerState
2019-11-05 08:34:34,116 [Thread-4160] INFO  impl.FollowerState (FollowerState.java:run(117)) - d92c9463-8e05-4a70-8cc7-1d31ae7ac64a@group-515877FFDAAC-FollowerState was interrupted: java.lang.InterruptedException: sleep interrupted
2019-11-05 08:34:34,116 [grpc-default-executor-13] INFO  impl.RoleInfo (RoleInfo.java:updateAndGet(143)) - d92c9463-8e05-4a70-8cc7-1d31ae7ac64a: start FollowerState
2019-11-05 08:34:34,117 [Thread-4161] INFO  impl.FollowerState (FollowerState.java:run(117)) - d7b60609-c805-4df6-8140-a27c681dae80@group-515877FFDAAC-FollowerState was interrupted: java.lang.InterruptedException: sleep interrupted
2019-11-05 08:34:34,117 [grpc-default-executor-10] INFO  impl.RoleInfo (RoleInfo.java:updateAndGet(143)) - d7b60609-c805-4df6-8140-a27c681dae80: start FollowerState
2019-11-05 08:34:34,143 [05ace5f9-a5b7-4bc6-b4fa-26d4e24ae00c@group-515877FFDAAC-LeaderElection509] INFO  impl.LeaderElection (LeaderElection.java:logAndReturn(56)) - 05ace5f9-a5b7-4bc6-b4fa-26d4e24ae00c@group-515877FFDAAC-LeaderElection509: Election REJECTED; received 2 response(s) [05ace5f9-a5b7-4bc6-b4fa-26d4e24ae00c<-d92c9463-8e05-4a70-8cc7-1d31ae7ac64a#0:FAIL-t88, 05ace5f9-a5b7-4bc6-b4fa-26d4e24ae00c<-d7b60609-c805-4df6-8140-a27c681dae80#0:FAIL-t88] and 0 exception(s); 05ace5f9-a5b7-4bc6-b4fa-26d4e24ae00c@group-515877FFDAAC:t88, leader=null, voted=05ace5f9-a5b7-4bc6-b4fa-26d4e24ae00c, raftlog=05ace5f9-a5b7-4bc6-b4fa-26d4e24ae00c@group-515877FFDAAC-SegmentedRaftLog:OPENED:c-1,f-1,i0, conf=-1: [05ace5f9-a5b7-4bc6-b4fa-26d4e24ae00c:192.168.164.217:42356, d92c9463-8e05-4a70-8cc7-1d31ae7ac64a:192.168.164.217:37180, d7b60609-c805-4df6-8140-a27c681dae80:192.168.164.217:37880], old=null
2019-11-05 08:34:34,143 [05ace5f9-a5b7-4bc6-b4fa-26d4e24ae00c@group-515877FFDAAC-LeaderElection509] INFO  impl.RaftServerImpl (RaftServerImpl.java:setRole(184)) - 05ace5f9-a5b7-4bc6-b4fa-26d4e24ae00c@group-515877FFDAAC: changes role from CANDIDATE to FOLLOWER at term 88 for DISCOVERED_A_NEW_TERM
2019-11-05 08:34:34,143 [05ace5f9-a5b7-4bc6-b4fa-26d4e24ae00c@group-515877FFDAAC-LeaderElection509] INFO  impl.RoleInfo (RoleInfo.java:shutdownLeaderElection(134)) - 05ace5f9-a5b7-4bc6-b4fa-26d4e24ae00c: shutdown LeaderElection
2019-11-05 08:34:34,143 [05ace5f9-a5b7-4bc6-b4fa-26d4e24ae00c@group-515877FFDAAC-LeaderElection509] INFO  impl.RoleInfo (RoleInfo.java:updateAndGet(143)) - 05ace5f9-a5b7-4bc6-b4fa-26d4e24ae00c: start FollowerState
2019-11-05 08:34:34,251 [main] WARN  io.KeyOutputStream (KeyOutputStream.java:handleException(274)) - Encountered exception java.io.IOException: Unexpected Storage Container Exception: java.util.concurrent.CompletionException: java.util.concurrent.CompletionException: org.apache.ratis.protocol.RaftRetryFailureException: Failed RaftClientRequest:client-F2405EEC1CFE->d7b60609-c805-4df6-8140-a27c681dae80@group-515877FFDAAC, cid=52, seq=1*, RW, cmdType: WriteChunk
traceID: "d8d11632a23ae732:d8d11632a23ae732:0:0"
containerID: 2
datanodeUuid: "d92c9463-8e05-4a70-8cc7-1d31ae7ac64a"
writeChunk {
  blockID {
    containerID: 2
    localID: 103084383596445701
    blockCommitSequenceId: 0
  }
  chunkData {
    chunkName: "103084383596445701_chunk_1"
    offset: 0
    len: 1048576
    checksumData {
      type: CRC32
      bytesPerChecksum: 1048576
      checksums: "\211ZY "
    }
  }
}
, data.size=1048576 for 10 attempts with RetryLimited(maxAttempts=10, sleepTime=1000ms) on the pipeline Pipeline[ Id: 7532301e-03ec-4e7a-b7e9-515877ffdaac, Nodes: d92c9463-8e05-4a70-8cc7-1d31ae7ac64a{ip: 192.168.164.217, host: pr-hdds-1643-8bmlk-2934350033, networkLocation: /rack1, certSerialId: null}05ace5f9-a5b7-4bc6-b4fa-26d4e24ae00c{ip: 192.168.164.217, host: pr-hdds-1643-8bmlk-2934350033, networkLocation: /rack1, certSerialId: null}d7b60609-c805-4df6-8140-a27c681dae80{ip: 192.168.164.217, host: pr-hdds-1643-8bmlk-2934350033, networkLocation: /rack1, certSerialId: null}, Type:RATIS, Factor:THREE, State:OPEN]. The last committed block length is 0, uncommitted data length is 1048576 retry count 0
2019-11-05 08:34:34,266 [main] INFO  io.BlockOutputStreamEntryPool (BlockOutputStreamEntryPool.java:allocateNewBlock(257)) - Allocating block with ExcludeList {datanodes = [], containerIds = [#1], pipelineIds = [PipelineID=7532301e-03ec-4e7a-b7e9-515877ffdaac]}
2019-11-05 08:34:34,271 [IPC Server handler 2 on 42948] INFO  server.SCMBlockProtocolServer (SCMBlockProtocolServer.java:allocateBlock(179)) - Allocating 1 blocks of size 4194304, with ExcludeList {datanodes = [], containerIds = [#1], pipelineIds = [PipelineID=7532301e-03ec-4e7a-b7e9-515877ffdaac]}
2019-11-05 08:34:34,301 [Thread-4168] INFO  impl.FollowerState (FollowerState.java:run(108)) - 05ace5f9-a5b7-4bc6-b4fa-26d4e24ae00c@group-515877FFDAAC-FollowerState: change to CANDIDATE, lastRpcTime:157ms, electionTimeout:157ms
2019-11-05 08:34:34,301 [Thread-4168] INFO  impl.RoleInfo (RoleInfo.java:shutdownFollowerState(121)) - 05ace5f9-a5b7-4bc6-b4fa-26d4e24ae00c: shutdown FollowerState
2019-11-05 08:34:34,301 [Thread-4168] INFO  impl.RaftServerImpl (RaftServerImpl.java:setRole(184)) - 05ace5f9-a5b7-4bc6-b4fa-26d4e24ae00c@group-515877FFDAAC: changes role from  FOLLOWER to CANDIDATE at term 88 for changeToCandidate
2019-11-05 08:34:34,301 [Thread-4168] INFO  impl.RoleInfo (RoleInfo.java:updateAndGet(143)) - 05ace5f9-a5b7-4bc6-b4fa-26d4e24ae00c: start LeaderElection
2019-11-05 08:34:34,317 [05ace5f9-a5b7-4bc6-b4fa-26d4e24ae00c@group-515877FFDAAC-LeaderElection510] INFO  impl.LeaderElection (LeaderElection.java:askForVotes(178)) - 05ace5f9-a5b7-4bc6-b4fa-26d4e24ae00c@group-515877FFDAAC-LeaderElection510: begin an election at term 89 for -1: [05ace5f9-a5b7-4bc6-b4fa-26d4e24ae00c:192.168.164.217:42356, d92c9463-8e05-4a70-8cc7-1d31ae7ac64a:192.168.164.217:37180, d7b60609-c805-4df6-8140-a27c681dae80:192.168.164.217:37880], old=null
2019-11-05 08:34:34,318 [grpc-default-executor-16] INFO  impl.RaftServerImpl (RaftServerImpl.java:setRole(184)) - d92c9463-8e05-4a70-8cc7-1d31ae7ac64a@group-515877FFDAAC: changes role from  FOLLOWER to FOLLOWER at term 89 for recognizeCandidate:05ace5f9-a5b7-4bc6-b4fa-26d4e24ae00c
2019-11-05 08:34:34,318 [grpc-default-executor-16] INFO  impl.RoleInfo (RoleInfo.java:shutdownFollowerState(121)) - d92c9463-8e05-4a70-8cc7-1d31ae7ac64a: shutdown FollowerState
2019-11-05 08:34:34,318 [grpc-default-executor-10] INFO  impl.RaftServerImpl (RaftServerImpl.java:setRole(184)) - d7b60609-c805-4df6-8140-a27c681dae80@group-515877FFDAAC: changes role from  FOLLOWER to FOLLOWER at term 89 for recognizeCandidate:05ace5f9-a5b7-4bc6-b4fa-26d4e24ae00c
2019-11-05 08:34:34,318 [Thread-4166] INFO  impl.FollowerState (FollowerState.java:run(117)) - d92c9463-8e05-4a70-8cc7-1d31ae7ac64a@group-515877FFDAAC-FollowerState was interrupted: java.lang.InterruptedException: sleep interrupted
2019-11-05 08:34:34,318 [grpc-default-executor-16] INFO  impl.RoleInfo (RoleInfo.java:updateAndGet(143)) - d92c9463-8e05-4a70-8cc7-1d31ae7ac64a: start FollowerState
2019-11-05 08:34:34,319 [grpc-default-executor-10] INFO  impl.RoleInfo (RoleInfo.java:shutdownFollowerState(121)) - d7b60609-c805-4df6-8140-a27c681dae80: shutdown FollowerState
2019-11-05 08:34:34,319 [grpc-default-executor-10] INFO  impl.RoleInfo (RoleInfo.java:updateAndGet(143)) - d7b60609-c805-4df6-8140-a27c681dae80: start FollowerState
2019-11-05 08:34:34,319 [Thread-4167] INFO  impl.FollowerState (FollowerState.java:run(117)) - d7b60609-c805-4df6-8140-a27c681dae80@group-515877FFDAAC-FollowerState was interrupted: java.lang.InterruptedException: sleep interrupted
2019-11-05 08:34:34,335 [05ace5f9-a5b7-4bc6-b4fa-26d4e24ae00c@group-515877FFDAAC-LeaderElection510] INFO  impl.LeaderElection (LeaderElection.java:logAndReturn(56)) - 05ace5f9-a5b7-4bc6-b4fa-26d4e24ae00c@group-515877FFDAAC-LeaderElection510: Election REJECTED; received 2 response(s) [05ace5f9-a5b7-4bc6-b4fa-26d4e24ae00c<-d92c9463-8e05-4a70-8cc7-1d31ae7ac64a#0:FAIL-t89, 05ace5f9-a5b7-4bc6-b4fa-26d4e24ae00c<-d7b60609-c805-4df6-8140-a27c681dae80#0:FAIL-t89] and 0 exception(s); 05ace5f9-a5b7-4bc6-b4fa-26d4e24ae00c@group-515877FFDAAC:t89, leader=null, voted=05ace5f9-a5b7-4bc6-b4fa-26d4e24ae00c, raftlog=05ace5f9-a5b7-4bc6-b4fa-26d4e24ae00c@group-515877FFDAAC-SegmentedRaftLog:OPENED:c-1,f-1,i0, conf=-1: [05ace5f9-a5b7-4bc6-b4fa-26d4e24ae00c:192.168.164.217:42356, d92c9463-8e05-4a70-8cc7-1d31ae7ac64a:192.168.164.217:37180, d7b60609-c805-4df6-8140-a27c681dae80:192.168.164.217:37880], old=null
2019-11-05 08:34:34,335 [05ace5f9-a5b7-4bc6-b4fa-26d4e24ae00c@group-515877FFDAAC-LeaderElection510] INFO  impl.RaftServerImpl (RaftServerImpl.java:setRole(184)) - 05ace5f9-a5b7-4bc6-b4fa-26d4e24ae00c@group-515877FFDAAC: changes role from CANDIDATE to FOLLOWER at term 89 for DISCOVERED_A_NEW_TERM
2019-11-05 08:34:34,335 [05ace5f9-a5b7-4bc6-b4fa-26d4e24ae00c@group-515877FFDAAC-LeaderElection510] INFO  impl.RoleInfo (RoleInfo.java:shutdownLeaderElection(134)) - 05ace5f9-a5b7-4bc6-b4fa-26d4e24ae00c: shutdown LeaderElection
2019-11-05 08:34:34,336 [05ace5f9-a5b7-4bc6-b4fa-26d4e24ae00c@group-515877FFDAAC-LeaderElection510] INFO  impl.RoleInfo (RoleInfo.java:updateAndGet(143)) - 05ace5f9-a5b7-4bc6-b4fa-26d4e24ae00c: start FollowerState
2019-11-05 08:34:34,428 [Thread-4182] INFO  impl.FollowerState (FollowerState.java:run(108)) - 05ace5f9-a5b7-4bc6-b4fa-26d4e24ae00c@group-515877FFDAAC-FollowerState: change to CANDIDATE, lastRpcTime:92ms, electionTimeout:92ms
2019-11-05 08:34:34,429 [Thread-4182] INFO  impl.RoleInfo (RoleInfo.java:shutdownFollowerState(121)) - 05ace5f9-a5b7-4bc6-b4fa-26d4e24ae00c: shutdown FollowerState
2019-11-05 08:34:34,429 [Thread-4182] INFO  impl.RaftServerImpl (RaftServerImpl.java:setRole(184)) - 05ace5f9-a5b7-4bc6-b4fa-26d4e24ae00c@group-515877FFDAAC: changes role from  FOLLOWER to CANDIDATE at term 89 for changeToCandidate
2019-11-05 08:34:34,429 [Thread-4182] INFO  impl.RoleInfo (RoleInfo.java:updateAndGet(143)) - 05ace5f9-a5b7-4bc6-b4fa-26d4e24ae00c: start LeaderElection
2019-11-05 08:34:34,443 [05ace5f9-a5b7-4bc6-b4fa-26d4e24ae00c@group-515877FFDAAC-LeaderElection511] INFO  impl.LeaderElection (LeaderElection.java:askForVotes(178)) - 05ace5f9-a5b7-4bc6-b4fa-26d4e24ae00c@group-515877FFDAAC-LeaderElection511: begin an election at term 90 for -1: [05ace5f9-a5b7-4bc6-b4fa-26d4e24ae00c:192.168.164.217:42356, d92c9463-8e05-4a70-8cc7-1d31ae7ac64a:192.168.164.217:37180, d7b60609-c805-4df6-8140-a27c681dae80:192.168.164.217:37880], old=null
2019-11-05 08:34:34,448 [grpc-default-executor-10] INFO  impl.RaftServerImpl (RaftServerImpl.java:setRole(184)) - d92c9463-8e05-4a70-8cc7-1d31ae7ac64a@group-515877FFDAAC: changes role from  FOLLOWER to FOLLOWER at term 90 for recognizeCandidate:05ace5f9-a5b7-4bc6-b4fa-26d4e24ae00c
2019-11-05 08:34:34,448 [grpc-default-executor-10] INFO  impl.RoleInfo (RoleInfo.java:shutdownFollowerState(121)) - d92c9463-8e05-4a70-8cc7-1d31ae7ac64a: shutdown FollowerState
2019-11-05 08:34:34,448 [grpc-default-executor-10] INFO  impl.RoleInfo (RoleInfo.java:updateAndGet(143)) - d92c9463-8e05-4a70-8cc7-1d31ae7ac64a: start FollowerState
2019-11-05 08:34:34,448 [Thread-4180] INFO  impl.FollowerState (FollowerState.java:run(117)) - d92c9463-8e05-4a70-8cc7-1d31ae7ac64a@group-515877FFDAAC-FollowerState was interrupted: java.lang.InterruptedException: sleep interrupted
2019-11-05 08:34:34,453 [grpc-default-executor-13] INFO  impl.RaftServerImpl (RaftServerImpl.java:setRole(184)) - d7b60609-c805-4df6-8140-a27c681dae80@group-515877FFDAAC: changes role from  FOLLOWER to FOLLOWER at term 90 for recognizeCandidate:05ace5f9-a5b7-4bc6-b4fa-26d4e24ae00c
2019-11-05 08:34:34,453 [grpc-default-executor-13] INFO  impl.RoleInfo (RoleInfo.java:shutdownFollowerState(121)) - d7b60609-c805-4df6-8140-a27c681dae80: shutdown FollowerState
2019-11-05 08:34:34,453 [grpc-default-executor-13] INFO  impl.RoleInfo (RoleInfo.java:updateAndGet(143)) - d7b60609-c805-4df6-8140-a27c681dae80: start FollowerState
2019-11-05 08:34:34,453 [Thread-4181] INFO  impl.FollowerState (FollowerState.java:run(117)) - d7b60609-c805-4df6-8140-a27c681dae80@group-515877FFDAAC-FollowerState was interrupted: java.lang.InterruptedException: sleep interrupted
2019-11-05 08:34:34,469 [05ace5f9-a5b7-4bc6-b4fa-26d4e24ae00c@group-515877FFDAAC-LeaderElection511] INFO  impl.LeaderElection (LeaderElection.java:logAndReturn(56)) - 05ace5f9-a5b7-4bc6-b4fa-26d4e24ae00c@group-515877FFDAAC-LeaderElection511: Election REJECTED; received 2 response(s) [05ace5f9-a5b7-4bc6-b4fa-26d4e24ae00c<-d92c9463-8e05-4a70-8cc7-1d31ae7ac64a#0:FAIL-t90, 05ace5f9-a5b7-4bc6-b4fa-26d4e24ae00c<-d7b60609-c805-4df6-8140-a27c681dae80#0:FAIL-t90] and 0 exception(s); 05ace5f9-a5b7-4bc6-b4fa-26d4e24ae00c@group-515877FFDAAC:t90, leader=null, voted=05ace5f9-a5b7-4bc6-b4fa-26d4e24ae00c, raftlog=05ace5f9-a5b7-4bc6-b4fa-26d4e24ae00c@group-515877FFDAAC-SegmentedRaftLog:OPENED:c-1,f-1,i0, conf=-1: [05ace5f9-a5b7-4bc6-b4fa-26d4e24ae00c:192.168.164.217:42356, d92c9463-8e05-4a70-8cc7-1d31ae7ac64a:192.168.164.217:37180, d7b60609-c805-4df6-8140-a27c681dae80:192.168.164.217:37880], old=null
2019-11-05 08:34:34,469 [05ace5f9-a5b7-4bc6-b4fa-26d4e24ae00c@group-515877FFDAAC-LeaderElection511] INFO  impl.RaftServerImpl (RaftServerImpl.java:setRole(184)) - 05ace5f9-a5b7-4bc6-b4fa-26d4e24ae00c@group-515877FFDAAC: changes role from CANDIDATE to FOLLOWER at term 90 for DISCOVERED_A_NEW_TERM
2019-11-05 08:34:34,469 [05ace5f9-a5b7-4bc6-b4fa-26d4e24ae00c@group-515877FFDAAC-LeaderElection511] INFO  impl.RoleInfo (RoleInfo.java:shutdownLeaderElection(134)) - 05ace5f9-a5b7-4bc6-b4fa-26d4e24ae00c: shutdown LeaderElection
2019-11-05 08:34:34,470 [05ace5f9-a5b7-4bc6-b4fa-26d4e24ae00c@group-515877FFDAAC-LeaderElection511] INFO  impl.RoleInfo (RoleInfo.java:updateAndGet(143)) - 05ace5f9-a5b7-4bc6-b4fa-26d4e24ae00c: start FollowerState
2019-11-05 08:34:34,504 [main] INFO  ozone.MiniOzoneClusterImpl (MiniOzoneClusterImpl.java:shutdown(314)) - Shutting down the Mini Ozone Cluster
2019-11-05 08:34:34,504 [main] INFO  ozone.MiniOzoneClusterImpl (MiniOzoneClusterImpl.java:stop(330)) - Stopping the Mini Ozone Cluster
2019-11-05 08:34:34,504 [main] INFO  ozone.MiniOzoneClusterImpl (MiniOzoneClusterImpl.java:stopOM(400)) - Stopping the OzoneManager
2019-11-05 08:34:34,504 [main] INFO  ipc.Server (Server.java:stop(3082)) - Stopping server on 42229
2019-11-05 08:34:34,513 [IPC Server listener on 42229] INFO  ipc.Server (Server.java:run(1185)) - Stopping IPC Server listener on 42229
2019-11-05 08:34:34,513 [main] INFO  ratis.OzoneManagerDoubleBuffer (OzoneManagerDoubleBuffer.java:stop(250)) - Stopping OMDoubleBuffer flush thread
2019-11-05 08:34:34,518 [IPC Server Responder] INFO  ipc.Server (Server.java:run(1319)) - Stopping IPC Server Responder
2019-11-05 08:34:34,520 [OMDoubleBufferFlushThread] INFO  ratis.OzoneManagerDoubleBuffer (OzoneManagerDoubleBuffer.java:flushTransactions(193)) - OMDoubleBuffer flush thread OMDoubleBufferFlushThread is interrupted and will exit. OMDoubleBufferFlushThread
2019-11-05 08:34:34,527 [main] INFO  utils.BackgroundService (BackgroundService.java:shutdown(151)) - Shutting down service KeyDeletingService
2019-11-05 08:34:34,538 [main] INFO  handler.ContextHandler (ContextHandler.java:doStop(910)) - Stopped o.e.j.w.WebAppContext@786ff1cb{/,null,UNAVAILABLE}{/ozoneManager}
2019-11-05 08:34:34,538 [main] INFO  server.AbstractConnector (AbstractConnector.java:doStop(318)) - Stopped ServerConnector@46039a21{HTTP/1.1,[http/1.1]}{0.0.0.0:0}
2019-11-05 08:34:34,539 [main] INFO  handler.ContextHandler (ContextHandler.java:doStop(910)) - Stopped o.e.j.s.ServletContextHandler@54089484{/static,file:///workdir/hadoop-ozone/integration-test/target/test-classes/webapps/static,UNAVAILABLE}
2019-11-05 08:34:34,539 [main] INFO  handler.ContextHandler (ContextHandler.java:doStop(910)) - Stopped o.e.j.s.ServletContextHandler@36c2d629{/logs,file:///workdir/hadoop-ozone/integration-test/target/log,UNAVAILABLE}
2019-11-05 08:34:34,556 [main] INFO  ozone.MiniOzoneClusterImpl (MiniOzoneClusterImpl.java:stopDatanodes(377)) - Stopping the HddsDatanodes
2019-11-05 08:34:34,645 [Thread-4198] INFO  impl.FollowerState (FollowerState.java:run(108)) - 05ace5f9-a5b7-4bc6-b4fa-26d4e24ae00c@group-515877FFDAAC-FollowerState: change to CANDIDATE, lastRpcTime:174ms, electionTimeout:174ms
2019-11-05 08:34:34,645 [Thread-4198] INFO  impl.RoleInfo (RoleInfo.java:shutdownFollowerState(121)) - 05ace5f9-a5b7-4bc6-b4fa-26d4e24ae00c: shutdown FollowerState
2019-11-05 08:34:34,645 [Thread-4198] INFO  impl.RaftServerImpl (RaftServerImpl.java:setRole(184)) - 05ace5f9-a5b7-4bc6-b4fa-26d4e24ae00c@group-515877FFDAAC: changes role from  FOLLOWER to CANDIDATE at term 90 for changeToCandidate
2019-11-05 08:34:34,645 [Thread-4198] INFO  impl.RoleInfo (RoleInfo.java:updateAndGet(143)) - 05ace5f9-a5b7-4bc6-b4fa-26d4e24ae00c: start LeaderElection
2019-11-05 08:34:34,662 [05ace5f9-a5b7-4bc6-b4fa-26d4e24ae00c@group-515877FFDAAC-LeaderElection512] INFO  impl.LeaderElection (LeaderElection.java:askForVotes(178)) - 05ace5f9-a5b7-4bc6-b4fa-26d4e24ae00c@group-515877FFDAAC-LeaderElection512: begin an election at term 91 for -1: [05ace5f9-a5b7-4bc6-b4fa-26d4e24ae00c:192.168.164.217:42356, d92c9463-8e05-4a70-8cc7-1d31ae7ac64a:192.168.164.217:37180, d7b60609-c805-4df6-8140-a27c681dae80:192.168.164.217:37880], old=null
2019-11-05 08:34:34,663 [grpc-default-executor-10] INFO  impl.RaftServerImpl (RaftServerImpl.java:setRole(184)) - d92c9463-8e05-4a70-8cc7-1d31ae7ac64a@group-515877FFDAAC: changes role from  FOLLOWER to FOLLOWER at term 91 for recognizeCandidate:05ace5f9-a5b7-4bc6-b4fa-26d4e24ae00c
2019-11-05 08:34:34,664 [grpc-default-executor-13] INFO  impl.RaftServerImpl (RaftServerImpl.java:setRole(184)) - d7b60609-c805-4df6-8140-a27c681dae80@group-515877FFDAAC: changes role from  FOLLOWER to FOLLOWER at term 91 for recognizeCandidate:05ace5f9-a5b7-4bc6-b4fa-26d4e24ae00c
2019-11-05 08:34:34,664 [grpc-default-executor-10] INFO  impl.RoleInfo (RoleInfo.java:shutdownFollowerState(121)) - d92c9463-8e05-4a70-8cc7-1d31ae7ac64a: shutdown FollowerState
2019-11-05 08:34:34,664 [grpc-default-executor-13] INFO  impl.RoleInfo (RoleInfo.java:shutdownFollowerState(121)) - d7b60609-c805-4df6-8140-a27c681dae80: shutdown FollowerState
2019-11-05 08:34:34,664 [Thread-4194] INFO  impl.FollowerState (FollowerState.java:run(117)) - d92c9463-8e05-4a70-8cc7-1d31ae7ac64a@group-515877FFDAAC-FollowerState was interrupted: java.lang.InterruptedException: sleep interrupted
2019-11-05 08:34:34,664 [grpc-default-executor-10] INFO  impl.RoleInfo (RoleInfo.java:updateAndGet(143)) - d92c9463-8e05-4a70-8cc7-1d31ae7ac64a: start FollowerState
2019-11-05 08:34:34,664 [Thread-4195] INFO  impl.FollowerState (FollowerState.java:run(117)) - d7b60609-c805-4df6-8140-a27c681dae80@group-515877FFDAAC-FollowerState was interrupted: java.lang.InterruptedException: sleep interrupted
2019-11-05 08:34:34,664 [grpc-default-executor-13] INFO  impl.RoleInfo (RoleInfo.java:updateAndGet(143)) - d7b60609-c805-4df6-8140-a27c681dae80: start FollowerState
2019-11-05 08:34:34,685 [05ace5f9-a5b7-4bc6-b4fa-26d4e24ae00c@group-515877FFDAAC-LeaderElection512] INFO  impl.LeaderElection (LeaderElection.java:logAndReturn(56)) - 05ace5f9-a5b7-4bc6-b4fa-26d4e24ae00c@group-515877FFDAAC-LeaderElection512: Election REJECTED; received 2 response(s) [05ace5f9-a5b7-4bc6-b4fa-26d4e24ae00c<-d92c9463-8e05-4a70-8cc7-1d31ae7ac64a#0:FAIL-t91, 05ace5f9-a5b7-4bc6-b4fa-26d4e24ae00c<-d7b60609-c805-4df6-8140-a27c681dae80#0:FAIL-t91] and 0 exception(s); 05ace5f9-a5b7-4bc6-b4fa-26d4e24ae00c@group-515877FFDAAC:t91, leader=null, voted=05ace5f9-a5b7-4bc6-b4fa-26d4e24ae00c, raftlog=05ace5f9-a5b7-4bc6-b4fa-26d4e24ae00c@group-515877FFDAAC-SegmentedRaftLog:OPENED:c-1,f-1,i0, conf=-1: [05ace5f9-a5b7-4bc6-b4fa-26d4e24ae00c:192.168.164.217:42356, d92c9463-8e05-4a70-8cc7-1d31ae7ac64a:192.168.164.217:37180, d7b60609-c805-4df6-8140-a27c681dae80:192.168.164.217:37880], old=null
2019-11-05 08:34:34,685 [05ace5f9-a5b7-4bc6-b4fa-26d4e24ae00c@group-515877FFDAAC-LeaderElection512] INFO  impl.RaftServerImpl (RaftServerImpl.java:setRole(184)) - 05ace5f9-a5b7-4bc6-b4fa-26d4e24ae00c@group-515877FFDAAC: changes role from CANDIDATE to FOLLOWER at term 91 for DISCOVERED_A_NEW_TERM
2019-11-05 08:34:34,685 [05ace5f9-a5b7-4bc6-b4fa-26d4e24ae00c@group-515877FFDAAC-LeaderElection512] INFO  impl.RoleInfo (RoleInfo.java:shutdownLeaderElection(134)) - 05ace5f9-a5b7-4bc6-b4fa-26d4e24ae00c: shutdown LeaderElection
2019-11-05 08:34:34,685 [05ace5f9-a5b7-4bc6-b4fa-26d4e24ae00c@group-515877FFDAAC-LeaderElection512] INFO  impl.RoleInfo (RoleInfo.java:updateAndGet(143)) - 05ace5f9-a5b7-4bc6-b4fa-26d4e24ae00c: start FollowerState
2019-11-05 08:34:34,733 [Datanode State Machine Thread - 0] INFO  statemachine.DatanodeStateMachine (DatanodeStateMachine.java:lambda$startDaemon$0(350)) - Ozone container server started.
2019-11-05 08:34:34,876 [Thread-4207] INFO  impl.FollowerState (FollowerState.java:run(108)) - 05ace5f9-a5b7-4bc6-b4fa-26d4e24ae00c@group-515877FFDAAC-FollowerState: change to CANDIDATE, lastRpcTime:190ms, electionTimeout:190ms
2019-11-05 08:34:34,876 [Thread-4207] INFO  impl.RoleInfo (RoleInfo.java:shutdownFollowerState(121)) - 05ace5f9-a5b7-4bc6-b4fa-26d4e24ae00c: shutdown FollowerState
2019-11-05 08:34:34,876 [Thread-4207] INFO  impl.RaftServerImpl (RaftServerImpl.java:setRole(184)) - 05ace5f9-a5b7-4bc6-b4fa-26d4e24ae00c@group-515877FFDAAC: changes role from  FOLLOWER to CANDIDATE at term 91 for changeToCandidate
2019-11-05 08:34:34,876 [Thread-4207] INFO  impl.RoleInfo (RoleInfo.java:updateAndGet(143)) - 05ace5f9-a5b7-4bc6-b4fa-26d4e24ae00c: start LeaderElection
2019-11-05 08:34:34,890 [05ace5f9-a5b7-4bc6-b4fa-26d4e24ae00c@group-515877FFDAAC-LeaderElection513] INFO  impl.LeaderElection (LeaderElection.java:askForVotes(178)) - 05ace5f9-a5b7-4bc6-b4fa-26d4e24ae00c@group-515877FFDAAC-LeaderElection513: begin an election at term 92 for -1: [05ace5f9-a5b7-4bc6-b4fa-26d4e24ae00c:192.168.164.217:42356, d92c9463-8e05-4a70-8cc7-1d31ae7ac64a:192.168.164.217:37180, d7b60609-c805-4df6-8140-a27c681dae80:192.168.164.217:37880], old=null
2019-11-05 08:34:34,892 [grpc-default-executor-10] INFO  impl.RaftServerImpl (RaftServerImpl.java:setRole(184)) - d7b60609-c805-4df6-8140-a27c681dae80@group-515877FFDAAC: changes role from  FOLLOWER to FOLLOWER at term 92 for recognizeCandidate:05ace5f9-a5b7-4bc6-b4fa-26d4e24ae00c
2019-11-05 08:34:34,892 [grpc-default-executor-10] INFO  impl.RoleInfo (RoleInfo.java:shutdownFollowerState(121)) - d7b60609-c805-4df6-8140-a27c681dae80: shutdown FollowerState
2019-11-05 08:34:34,892 [grpc-default-executor-13] INFO  impl.RaftServerImpl (RaftServerImpl.java:setRole(184)) - d92c9463-8e05-4a70-8cc7-1d31ae7ac64a@group-515877FFDAAC: changes role from  FOLLOWER to FOLLOWER at term 92 for recognizeCandidate:05ace5f9-a5b7-4bc6-b4fa-26d4e24ae00c
2019-11-05 08:34:34,892 [Thread-4206] INFO  impl.FollowerState (FollowerState.java:run(117)) - d7b60609-c805-4df6-8140-a27c681dae80@group-515877FFDAAC-FollowerState was interrupted: java.lang.InterruptedException: sleep interrupted
2019-11-05 08:34:34,892 [grpc-default-executor-10] INFO  impl.RoleInfo (RoleInfo.java:updateAndGet(143)) - d7b60609-c805-4df6-8140-a27c681dae80: start FollowerState
2019-11-05 08:34:34,892 [grpc-default-executor-13] INFO  impl.RoleInfo (RoleInfo.java:shutdownFollowerState(121)) - d92c9463-8e05-4a70-8cc7-1d31ae7ac64a: shutdown FollowerState
2019-11-05 08:34:34,893 [grpc-default-executor-13] INFO  impl.RoleInfo (RoleInfo.java:updateAndGet(143)) - d92c9463-8e05-4a70-8cc7-1d31ae7ac64a: start FollowerState
2019-11-05 08:34:34,893 [Thread-4205] INFO  impl.FollowerState (FollowerState.java:run(117)) - d92c9463-8e05-4a70-8cc7-1d31ae7ac64a@group-515877FFDAAC-FollowerState was interrupted: java.lang.InterruptedException: sleep interrupted
2019-11-05 08:34:34,906 [05ace5f9-a5b7-4bc6-b4fa-26d4e24ae00c@group-515877FFDAAC-LeaderElection513] INFO  impl.LeaderElection (LeaderElection.java:logAndReturn(56)) - 05ace5f9-a5b7-4bc6-b4fa-26d4e24ae00c@group-515877FFDAAC-LeaderElection513: Election REJECTED; received 2 response(s) [05ace5f9-a5b7-4bc6-b4fa-26d4e24ae00c<-d92c9463-8e05-4a70-8cc7-1d31ae7ac64a#0:FAIL-t92, 05ace5f9-a5b7-4bc6-b4fa-26d4e24ae00c<-d7b60609-c805-4df6-8140-a27c681dae80#0:FAIL-t92] and 0 exception(s); 05ace5f9-a5b7-4bc6-b4fa-26d4e24ae00c@group-515877FFDAAC:t92, leader=null, voted=05ace5f9-a5b7-4bc6-b4fa-26d4e24ae00c, raftlog=05ace5f9-a5b7-4bc6-b4fa-26d4e24ae00c@group-515877FFDAAC-SegmentedRaftLog:OPENED:c-1,f-1,i0, conf=-1: [05ace5f9-a5b7-4bc6-b4fa-26d4e24ae00c:192.168.164.217:42356, d92c9463-8e05-4a70-8cc7-1d31ae7ac64a:192.168.164.217:37180, d7b60609-c805-4df6-8140-a27c681dae80:192.168.164.217:37880], old=null
2019-11-05 08:34:34,906 [05ace5f9-a5b7-4bc6-b4fa-26d4e24ae00c@group-515877FFDAAC-LeaderElection513] INFO  impl.RaftServerImpl (RaftServerImpl.java:setRole(184)) - 05ace5f9-a5b7-4bc6-b4fa-26d4e24ae00c@group-515877FFDAAC: changes role from CANDIDATE to FOLLOWER at term 92 for DISCOVERED_A_NEW_TERM
2019-11-05 08:34:34,907 [05ace5f9-a5b7-4bc6-b4fa-26d4e24ae00c@group-515877FFDAAC-LeaderElection513] INFO  impl.RoleInfo (RoleInfo.java:shutdownLeaderElection(134)) - 05ace5f9-a5b7-4bc6-b4fa-26d4e24ae00c: shutdown LeaderElection
2019-11-05 08:34:34,907 [05ace5f9-a5b7-4bc6-b4fa-26d4e24ae00c@group-515877FFDAAC-LeaderElection513] INFO  impl.RoleInfo (RoleInfo.java:updateAndGet(143)) - 05ace5f9-a5b7-4bc6-b4fa-26d4e24ae00c: start FollowerState
2019-11-05 08:34:34,914 [Thread-4215] INFO  impl.FollowerState (FollowerState.java:run(108)) - 05ace5f9-a5b7-4bc6-b4fa-26d4e24ae00c@group-515877FFDAAC-FollowerState: change to CANDIDATE, lastRpcTime:7ms, electionTimeout:7ms
2019-11-05 08:34:34,914 [Thread-4215] INFO  impl.RoleInfo (RoleInfo.java:shutdownFollowerState(121)) - 05ace5f9-a5b7-4bc6-b4fa-26d4e24ae00c: shutdown FollowerState
2019-11-05 08:34:34,914 [Thread-4215] INFO  impl.RaftServerImpl (RaftServerImpl.java:setRole(184)) - 05ace5f9-a5b7-4bc6-b4fa-26d4e24ae00c@group-515877FFDAAC: changes role from  FOLLOWER to CANDIDATE at term 92 for changeToCandidate
2019-11-05 08:34:34,914 [Thread-4215] INFO  impl.RoleInfo (RoleInfo.java:updateAndGet(143)) - 05ace5f9-a5b7-4bc6-b4fa-26d4e24ae00c: start LeaderElection
2019-11-05 08:34:34,919 [05ace5f9-a5b7-4bc6-b4fa-26d4e24ae00c@group-515877FFDAAC-LeaderElection514] INFO  impl.LeaderElection (LeaderElection.java:askForVotes(178)) - 05ace5f9-a5b7-4bc6-b4fa-26d4e24ae00c@group-515877FFDAAC-LeaderElection514: begin an election at term 93 for -1: [05ace5f9-a5b7-4bc6-b4fa-26d4e24ae00c:192.168.164.217:42356, d92c9463-8e05-4a70-8cc7-1d31ae7ac64a:192.168.164.217:37180, d7b60609-c805-4df6-8140-a27c681dae80:192.168.164.217:37880], old=null
2019-11-05 08:34:34,921 [grpc-default-executor-13] INFO  impl.RaftServerImpl (RaftServerImpl.java:setRole(184)) - d92c9463-8e05-4a70-8cc7-1d31ae7ac64a@group-515877FFDAAC: changes role from  FOLLOWER to FOLLOWER at term 93 for recognizeCandidate:05ace5f9-a5b7-4bc6-b4fa-26d4e24ae00c
2019-11-05 08:34:34,921 [grpc-default-executor-13] INFO  impl.RoleInfo (RoleInfo.java:shutdownFollowerState(121)) - d92c9463-8e05-4a70-8cc7-1d31ae7ac64a: shutdown FollowerState
2019-11-05 08:34:34,921 [grpc-default-executor-10] INFO  impl.RaftServerImpl (RaftServerImpl.java:setRole(184)) - d7b60609-c805-4df6-8140-a27c681dae80@group-515877FFDAAC: changes role from  FOLLOWER to FOLLOWER at term 93 for recognizeCandidate:05ace5f9-a5b7-4bc6-b4fa-26d4e24ae00c
2019-11-05 08:34:34,921 [grpc-default-executor-10] INFO  impl.RoleInfo (RoleInfo.java:shutdownFollowerState(121)) - d7b60609-c805-4df6-8140-a27c681dae80: shutdown FollowerState
2019-11-05 08:34:34,921 [Thread-4214] INFO  impl.FollowerState (FollowerState.java:run(117)) - d92c9463-8e05-4a70-8cc7-1d31ae7ac64a@group-515877FFDAAC-FollowerState was interrupted: java.lang.InterruptedException: sleep interrupted
2019-11-05 08:34:34,921 [grpc-default-executor-13] INFO  impl.RoleInfo (RoleInfo.java:updateAndGet(143)) - d92c9463-8e05-4a70-8cc7-1d31ae7ac64a: start FollowerState
2019-11-05 08:34:34,921 [Thread-4213] INFO  impl.FollowerState (FollowerState.java:run(117)) - d7b60609-c805-4df6-8140-a27c681dae80@group-515877FFDAAC-FollowerState was interrupted: java.lang.InterruptedException: sleep interrupted
2019-11-05 08:34:34,921 [grpc-default-executor-10] INFO  impl.RoleInfo (RoleInfo.java:updateAndGet(143)) - d7b60609-c805-4df6-8140-a27c681dae80: start FollowerState
2019-11-05 08:34:34,932 [05ace5f9-a5b7-4bc6-b4fa-26d4e24ae00c@group-515877FFDAAC-LeaderElection514] INFO  impl.LeaderElection (LeaderElection.java:logAndReturn(56)) - 05ace5f9-a5b7-4bc6-b4fa-26d4e24ae00c@group-515877FFDAAC-LeaderElection514: Election REJECTED; received 2 response(s) [05ace5f9-a5b7-4bc6-b4fa-26d4e24ae00c<-d92c9463-8e05-4a70-8cc7-1d31ae7ac64a#0:FAIL-t93, 05ace5f9-a5b7-4bc6-b4fa-26d4e24ae00c<-d7b60609-c805-4df6-8140-a27c681dae80#0:FAIL-t93] and 0 exception(s); 05ace5f9-a5b7-4bc6-b4fa-26d4e24ae00c@group-515877FFDAAC:t93, leader=null, voted=05ace5f9-a5b7-4bc6-b4fa-26d4e24ae00c, raftlog=05ace5f9-a5b7-4bc6-b4fa-26d4e24ae00c@group-515877FFDAAC-SegmentedRaftLog:OPENED:c-1,f-1,i0, conf=-1: [05ace5f9-a5b7-4bc6-b4fa-26d4e24ae00c:192.168.164.217:42356, d92c9463-8e05-4a70-8cc7-1d31ae7ac64a:192.168.164.217:37180, d7b60609-c805-4df6-8140-a27c681dae80:192.168.164.217:37880], old=null
2019-11-05 08:34:34,932 [05ace5f9-a5b7-4bc6-b4fa-26d4e24ae00c@group-515877FFDAAC-LeaderElection514] INFO  impl.RaftServerImpl (RaftServerImpl.java:setRole(184)) - 05ace5f9-a5b7-4bc6-b4fa-26d4e24ae00c@group-515877FFDAAC: changes role from CANDIDATE to FOLLOWER at term 93 for DISCOVERED_A_NEW_TERM
2019-11-05 08:34:34,932 [05ace5f9-a5b7-4bc6-b4fa-26d4e24ae00c@group-515877FFDAAC-LeaderElection514] INFO  impl.RoleInfo (RoleInfo.java:shutdownLeaderElection(134)) - 05ace5f9-a5b7-4bc6-b4fa-26d4e24ae00c: shutdown LeaderElection
2019-11-05 08:34:34,932 [05ace5f9-a5b7-4bc6-b4fa-26d4e24ae00c@group-515877FFDAAC-LeaderElection514] INFO  impl.RoleInfo (RoleInfo.java:updateAndGet(143)) - 05ace5f9-a5b7-4bc6-b4fa-26d4e24ae00c: start FollowerState
2019-11-05 08:34:34,980 [Thread-4221] INFO  impl.FollowerState (FollowerState.java:run(108)) - 05ace5f9-a5b7-4bc6-b4fa-26d4e24ae00c@group-515877FFDAAC-FollowerState: change to CANDIDATE, lastRpcTime:47ms, electionTimeout:47ms
2019-11-05 08:34:34,980 [Thread-4221] INFO  impl.RoleInfo (RoleInfo.java:shutdownFollowerState(121)) - 05ace5f9-a5b7-4bc6-b4fa-26d4e24ae00c: shutdown FollowerState
2019-11-05 08:34:34,980 [Thread-4221] INFO  impl.RaftServerImpl (RaftServerImpl.java:setRole(184)) - 05ace5f9-a5b7-4bc6-b4fa-26d4e24ae00c@group-515877FFDAAC: changes role from  FOLLOWER to CANDIDATE at term 93 for changeToCandidate
2019-11-05 08:34:34,980 [Thread-4221] INFO  impl.RoleInfo (RoleInfo.java:updateAndGet(143)) - 05ace5f9-a5b7-4bc6-b4fa-26d4e24ae00c: start LeaderElection
2019-11-05 08:34:34,993 [05ace5f9-a5b7-4bc6-b4fa-26d4e24ae00c@group-515877FFDAAC-LeaderElection515] INFO  impl.LeaderElection (LeaderElection.java:askForVotes(178)) - 05ace5f9-a5b7-4bc6-b4fa-26d4e24ae00c@group-515877FFDAAC-LeaderElection515: begin an election at term 94 for -1: [05ace5f9-a5b7-4bc6-b4fa-26d4e24ae00c:192.168.164.217:42356, d92c9463-8e05-4a70-8cc7-1d31ae7ac64a:192.168.164.217:37180, d7b60609-c805-4df6-8140-a27c681dae80:192.168.164.217:37880], old=null
2019-11-05 08:34:34,995 [grpc-default-executor-10] INFO  impl.RaftServerImpl (RaftServerImpl.java:setRole(184)) - d7b60609-c805-4df6-8140-a27c681dae80@group-515877FFDAAC: changes role from  FOLLOWER to FOLLOWER at term 94 for recognizeCandidate:05ace5f9-a5b7-4bc6-b4fa-26d4e24ae00c
2019-11-05 08:34:34,995 [grpc-default-executor-13] INFO  impl.RaftServerImpl (RaftServerImpl.java:setRole(184)) - d92c9463-8e05-4a70-8cc7-1d31ae7ac64a@group-515877FFDAAC: changes role from  FOLLOWER to FOLLOWER at term 94 for recognizeCandidate:05ace5f9-a5b7-4bc6-b4fa-26d4e24ae00c
2019-11-05 08:34:34,995 [grpc-default-executor-10] INFO  impl.RoleInfo (RoleInfo.java:shutdownFollowerState(121)) - d7b60609-c805-4df6-8140-a27c681dae80: shutdown FollowerState
2019-11-05 08:34:34,995 [grpc-default-executor-13] INFO  impl.RoleInfo (RoleInfo.java:shutdownFollowerState(121)) - d92c9463-8e05-4a70-8cc7-1d31ae7ac64a: shutdown FollowerState
2019-11-05 08:34:34,995 [Thread-4220] INFO  impl.FollowerState (FollowerState.java:run(117)) - d7b60609-c805-4df6-8140-a27c681dae80@group-515877FFDAAC-FollowerState was interrupted: java.lang.InterruptedException: sleep interrupted
2019-11-05 08:34:34,995 [Thread-4219] INFO  impl.FollowerState (FollowerState.java:run(117)) - d92c9463-8e05-4a70-8cc7-1d31ae7ac64a@group-515877FFDAAC-FollowerState was interrupted: java.lang.InterruptedException: sleep interrupted
2019-11-05 08:34:34,995 [grpc-default-executor-10] INFO  impl.RoleInfo (RoleInfo.java:updateAndGet(143)) - d7b60609-c805-4df6-8140-a27c681dae80: start FollowerState
2019-11-05 08:34:34,995 [grpc-default-executor-13] INFO  impl.RoleInfo (RoleInfo.java:updateAndGet(143)) - d92c9463-8e05-4a70-8cc7-1d31ae7ac64a: start FollowerState
2019-11-05 08:34:35,010 [05ace5f9-a5b7-4bc6-b4fa-26d4e24ae00c@group-515877FFDAAC-LeaderElection515] INFO  impl.LeaderElection (LeaderElection.java:logAndReturn(56)) - 05ace5f9-a5b7-4bc6-b4fa-26d4e24ae00c@group-515877FFDAAC-LeaderElection515: Election TIMEOUT; received 0 response(s) [] and 0 exception(s); 05ace5f9-a5b7-4bc6-b4fa-26d4e24ae00c@group-515877FFDAAC:t94, leader=null, voted=05ace5f9-a5b7-4bc6-b4fa-26d4e24ae00c, raftlog=05ace5f9-a5b7-4bc6-b4fa-26d4e24ae00c@group-515877FFDAAC-SegmentedRaftLog:OPENED:c-1,f-1,i0, conf=-1: [05ace5f9-a5b7-4bc6-b4fa-26d4e24ae00c:192.168.164.217:42356, d92c9463-8e05-4a70-8cc7-1d31ae7ac64a:192.168.164.217:37180, d7b60609-c805-4df6-8140-a27c681dae80:192.168.164.217:37880], old=null
2019-11-05 08:34:35,022 [05ace5f9-a5b7-4bc6-b4fa-26d4e24ae00c@group-515877FFDAAC-LeaderElection515] INFO  impl.LeaderElection (LeaderElection.java:askForVotes(178)) - 05ace5f9-a5b7-4bc6-b4fa-26d4e24ae00c@group-515877FFDAAC-LeaderElection515: begin an election at term 95 for -1: [05ace5f9-a5b7-4bc6-b4fa-26d4e24ae00c:192.168.164.217:42356, d92c9463-8e05-4a70-8cc7-1d31ae7ac64a:192.168.164.217:37180, d7b60609-c805-4df6-8140-a27c681dae80:192.168.164.217:37880], old=null
2019-11-05 08:34:35,024 [grpc-default-executor-13] INFO  impl.RaftServerImpl (RaftServerImpl.java:setRole(184)) - d92c9463-8e05-4a70-8cc7-1d31ae7ac64a@group-515877FFDAAC: changes role from  FOLLOWER to FOLLOWER at term 95 for recognizeCandidate:05ace5f9-a5b7-4bc6-b4fa-26d4e24ae00c
2019-11-05 08:34:35,024 [grpc-default-executor-13] INFO  impl.RoleInfo (RoleInfo.java:shutdownFollowerState(121)) - d92c9463-8e05-4a70-8cc7-1d31ae7ac64a: shutdown FollowerState
2019-11-05 08:34:35,024 [grpc-default-executor-10] INFO  impl.RaftServerImpl (RaftServerImpl.java:setRole(184)) - d7b60609-c805-4df6-8140-a27c681dae80@group-515877FFDAAC: changes role from  FOLLOWER to FOLLOWER at term 95 for recognizeCandidate:05ace5f9-a5b7-4bc6-b4fa-26d4e24ae00c
2019-11-05 08:34:35,024 [Thread-4228] INFO  impl.FollowerState (FollowerState.java:run(117)) - d92c9463-8e05-4a70-8cc7-1d31ae7ac64a@group-515877FFDAAC-FollowerState was interrupted: java.lang.InterruptedException: sleep interrupted
2019-11-05 08:34:35,024 [grpc-default-executor-13] INFO  impl.RoleInfo (RoleInfo.java:updateAndGet(143)) - d92c9463-8e05-4a70-8cc7-1d31ae7ac64a: start FollowerState
2019-11-05 08:34:35,024 [grpc-default-executor-10] INFO  impl.RoleInfo (RoleInfo.java:shutdownFollowerState(121)) - d7b60609-c805-4df6-8140-a27c681dae80: shutdown FollowerState
2019-11-05 08:34:35,024 [grpc-default-executor-10] INFO  impl.RoleInfo (RoleInfo.java:updateAndGet(143)) - d7b60609-c805-4df6-8140-a27c681dae80: start FollowerState
2019-11-05 08:34:35,025 [Thread-4227] INFO  impl.FollowerState (FollowerState.java:run(117)) - d7b60609-c805-4df6-8140-a27c681dae80@group-515877FFDAAC-FollowerState was interrupted: java.lang.InterruptedException: sleep interrupted
2019-11-05 08:34:35,040 [05ace5f9-a5b7-4bc6-b4fa-26d4e24ae00c@group-515877FFDAAC-LeaderElection515] INFO  impl.LeaderElection (LeaderElection.java:logAndReturn(56)) - 05ace5f9-a5b7-4bc6-b4fa-26d4e24ae00c@group-515877FFDAAC-LeaderElection515: Election REJECTED; received 2 response(s) [05ace5f9-a5b7-4bc6-b4fa-26d4e24ae00c<-d92c9463-8e05-4a70-8cc7-1d31ae7ac64a#0:FAIL-t95, 05ace5f9-a5b7-4bc6-b4fa-26d4e24ae00c<-d7b60609-c805-4df6-8140-a27c681dae80#0:FAIL-t95] and 0 exception(s); 05ace5f9-a5b7-4bc6-b4fa-26d4e24ae00c@group-515877FFDAAC:t95, leader=null, voted=05ace5f9-a5b7-4bc6-b4fa-26d4e24ae00c, raftlog=05ace5f9-a5b7-4bc6-b4fa-26d4e24ae00c@group-515877FFDAAC-SegmentedRaftLog:OPENED:c-1,f-1,i0, conf=-1: [05ace5f9-a5b7-4bc6-b4fa-26d4e24ae00c:192.168.164.217:42356, d92c9463-8e05-4a70-8cc7-1d31ae7ac64a:192.168.164.217:37180, d7b60609-c805-4df6-8140-a27c681dae80:192.168.164.217:37880], old=null
2019-11-05 08:34:35,040 [05ace5f9-a5b7-4bc6-b4fa-26d4e24ae00c@group-515877FFDAAC-LeaderElection515] INFO  impl.RaftServerImpl (RaftServerImpl.java:setRole(184)) - 05ace5f9-a5b7-4bc6-b4fa-26d4e24ae00c@group-515877FFDAAC: changes role from CANDIDATE to FOLLOWER at term 95 for DISCOVERED_A_NEW_TERM
2019-11-05 08:34:35,040 [05ace5f9-a5b7-4bc6-b4fa-26d4e24ae00c@group-515877FFDAAC-LeaderElection515] INFO  impl.RoleInfo (RoleInfo.java:shutdownLeaderElection(134)) - 05ace5f9-a5b7-4bc6-b4fa-26d4e24ae00c: shutdown LeaderElection
2019-11-05 08:34:35,040 [05ace5f9-a5b7-4bc6-b4fa-26d4e24ae00c@group-515877FFDAAC-LeaderElection515] INFO  impl.RoleInfo (RoleInfo.java:updateAndGet(143)) - 05ace5f9-a5b7-4bc6-b4fa-26d4e24ae00c: start FollowerState
2019-11-05 08:34:35,081 [Thread-4233] INFO  impl.FollowerState (FollowerState.java:run(108)) - 05ace5f9-a5b7-4bc6-b4fa-26d4e24ae00c@group-515877FFDAAC-FollowerState: change to CANDIDATE, lastRpcTime:41ms, electionTimeout:41ms
2019-11-05 08:34:35,082 [Thread-4233] INFO  impl.RoleInfo (RoleInfo.java:shutdownFollowerState(121)) - 05ace5f9-a5b7-4bc6-b4fa-26d4e24ae00c: shutdown FollowerState
2019-11-05 08:34:35,082 [Thread-4233] INFO  impl.RaftServerImpl (RaftServerImpl.java:setRole(184)) - 05ace5f9-a5b7-4bc6-b4fa-26d4e24ae00c@group-515877FFDAAC: changes role from  FOLLOWER to CANDIDATE at term 95 for changeToCandidate
2019-11-05 08:34:35,082 [Thread-4233] INFO  impl.RoleInfo (RoleInfo.java:updateAndGet(143)) - 05ace5f9-a5b7-4bc6-b4fa-26d4e24ae00c: start LeaderElection
2019-11-05 08:34:35,095 [05ace5f9-a5b7-4bc6-b4fa-26d4e24ae00c@group-515877FFDAAC-LeaderElection516] INFO  impl.LeaderElection (LeaderElection.java:askForVotes(178)) - 05ace5f9-a5b7-4bc6-b4fa-26d4e24ae00c@group-515877FFDAAC-LeaderElection516: begin an election at term 96 for -1: [05ace5f9-a5b7-4bc6-b4fa-26d4e24ae00c:192.168.164.217:42356, d92c9463-8e05-4a70-8cc7-1d31ae7ac64a:192.168.164.217:37180, d7b60609-c805-4df6-8140-a27c681dae80:192.168.164.217:37880], old=null
2019-11-05 08:34:35,097 [grpc-default-executor-10] INFO  impl.RaftServerImpl (RaftServerImpl.java:setRole(184)) - d92c9463-8e05-4a70-8cc7-1d31ae7ac64a@group-515877FFDAAC: changes role from  FOLLOWER to FOLLOWER at term 96 for recognizeCandidate:05ace5f9-a5b7-4bc6-b4fa-26d4e24ae00c
2019-11-05 08:34:35,097 [grpc-default-executor-13] INFO  impl.RaftServerImpl (RaftServerImpl.java:setRole(184)) - d7b60609-c805-4df6-8140-a27c681dae80@group-515877FFDAAC: changes role from  FOLLOWER to FOLLOWER at term 96 for recognizeCandidate:05ace5f9-a5b7-4bc6-b4fa-26d4e24ae00c
2019-11-05 08:34:35,097 [grpc-default-executor-13] INFO  impl.RoleInfo (RoleInfo.java:shutdownFollowerState(121)) - d7b60609-c805-4df6-8140-a27c681dae80: shutdown FollowerState
2019-11-05 08:34:35,097 [grpc-default-executor-10] INFO  impl.RoleInfo (RoleInfo.java:shutdownFollowerState(121)) - d92c9463-8e05-4a70-8cc7-1d31ae7ac64a: shutdown FollowerState
2019-11-05 08:34:35,097 [Thread-4232] INFO  impl.FollowerState (FollowerState.java:run(117)) - d7b60609-c805-4df6-8140-a27c681dae80@group-515877FFDAAC-FollowerState was interrupted: java.lang.InterruptedException: sleep interrupted
2019-11-05 08:34:35,097 [grpc-default-executor-13] INFO  impl.RoleInfo (RoleInfo.java:updateAndGet(143)) - d7b60609-c805-4df6-8140-a27c681dae80: start FollowerState
2019-11-05 08:34:35,098 [Thread-4231] INFO  impl.FollowerState (FollowerState.java:run(117)) - d92c9463-8e05-4a70-8cc7-1d31ae7ac64a@group-515877FFDAAC-FollowerState was interrupted: java.lang.InterruptedException: sleep interrupted
2019-11-05 08:34:35,098 [grpc-default-executor-10] INFO  impl.RoleInfo (RoleInfo.java:updateAndGet(143)) - d92c9463-8e05-4a70-8cc7-1d31ae7ac64a: start FollowerState
2019-11-05 08:34:35,110 [05ace5f9-a5b7-4bc6-b4fa-26d4e24ae00c@group-515877FFDAAC-LeaderElection516] INFO  impl.LeaderElection (LeaderElection.java:logAndReturn(56)) - 05ace5f9-a5b7-4bc6-b4fa-26d4e24ae00c@group-515877FFDAAC-LeaderElection516: Election TIMEOUT; received 0 response(s) [] and 0 exception(s); 05ace5f9-a5b7-4bc6-b4fa-26d4e24ae00c@group-515877FFDAAC:t96, leader=null, voted=05ace5f9-a5b7-4bc6-b4fa-26d4e24ae00c, raftlog=05ace5f9-a5b7-4bc6-b4fa-26d4e24ae00c@group-515877FFDAAC-SegmentedRaftLog:OPENED:c-1,f-1,i0, conf=-1: [05ace5f9-a5b7-4bc6-b4fa-26d4e24ae00c:192.168.164.217:42356, d92c9463-8e05-4a70-8cc7-1d31ae7ac64a:192.168.164.217:37180, d7b60609-c805-4df6-8140-a27c681dae80:192.168.164.217:37880], old=null
2019-11-05 08:34:35,114 [05ace5f9-a5b7-4bc6-b4fa-26d4e24ae00c@group-515877FFDAAC-LeaderElection516] INFO  impl.LeaderElection (LeaderElection.java:askForVotes(178)) - 05ace5f9-a5b7-4bc6-b4fa-26d4e24ae00c@group-515877FFDAAC-LeaderElection516: begin an election at term 97 for -1: [05ace5f9-a5b7-4bc6-b4fa-26d4e24ae00c:192.168.164.217:42356, d92c9463-8e05-4a70-8cc7-1d31ae7ac64a:192.168.164.217:37180, d7b60609-c805-4df6-8140-a27c681dae80:192.168.164.217:37880], old=null
2019-11-05 08:34:35,115 [grpc-default-executor-10] INFO  impl.RaftServerImpl (RaftServerImpl.java:setRole(184)) - d92c9463-8e05-4a70-8cc7-1d31ae7ac64a@group-515877FFDAAC: changes role from  FOLLOWER to FOLLOWER at term 97 for recognizeCandidate:05ace5f9-a5b7-4bc6-b4fa-26d4e24ae00c
2019-11-05 08:34:35,115 [grpc-default-executor-10] INFO  impl.RoleInfo (RoleInfo.java:shutdownFollowerState(121)) - d92c9463-8e05-4a70-8cc7-1d31ae7ac64a: shutdown FollowerState
2019-11-05 08:34:35,115 [grpc-default-executor-13] INFO  impl.RaftServerImpl (RaftServerImpl.java:setRole(184)) - d7b60609-c805-4df6-8140-a27c681dae80@group-515877FFDAAC: changes role from  FOLLOWER to FOLLOWER at term 97 for recognizeCandidate:05ace5f9-a5b7-4bc6-b4fa-26d4e24ae00c
2019-11-05 08:34:35,115 [grpc-default-executor-13] INFO  impl.RoleInfo (RoleInfo.java:shutdownFollowerState(121)) - d7b60609-c805-4df6-8140-a27c681dae80: shutdown FollowerState
2019-11-05 08:34:35,115 [Thread-4238] INFO  impl.FollowerState (FollowerState.java:run(117)) - d92c9463-8e05-4a70-8cc7-1d31ae7ac64a@group-515877FFDAAC-FollowerState was interrupted: java.lang.InterruptedException: sleep interrupted
2019-11-05 08:34:35,116 [Thread-4237] INFO  impl.FollowerState (FollowerState.java:run(117)) - d7b60609-c805-4df6-8140-a27c681dae80@group-515877FFDAAC-FollowerState was interrupted: java.lang.InterruptedException: sleep interrupted
2019-11-05 08:34:35,115 [grpc-default-executor-10] INFO  impl.RoleInfo (RoleInfo.java:updateAndGet(143)) - d92c9463-8e05-4a70-8cc7-1d31ae7ac64a: start FollowerState
2019-11-05 08:34:35,116 [grpc-default-executor-13] INFO  impl.RoleInfo (RoleInfo.java:updateAndGet(143)) - d7b60609-c805-4df6-8140-a27c681dae80: start FollowerState
2019-11-05 08:34:35,130 [05ace5f9-a5b7-4bc6-b4fa-26d4e24ae00c@group-515877FFDAAC-LeaderElection516] INFO  impl.LeaderElection (LeaderElection.java:logAndReturn(56)) - 05ace5f9-a5b7-4bc6-b4fa-26d4e24ae00c@group-515877FFDAAC-LeaderElection516: Election REJECTED; received 2 response(s) [05ace5f9-a5b7-4bc6-b4fa-26d4e24ae00c<-d92c9463-8e05-4a70-8cc7-1d31ae7ac64a#0:FAIL-t97, 05ace5f9-a5b7-4bc6-b4fa-26d4e24ae00c<-d7b60609-c805-4df6-8140-a27c681dae80#0:FAIL-t97] and 0 exception(s); 05ace5f9-a5b7-4bc6-b4fa-26d4e24ae00c@group-515877FFDAAC:t97, leader=null, voted=05ace5f9-a5b7-4bc6-b4fa-26d4e24ae00c, raftlog=05ace5f9-a5b7-4bc6-b4fa-26d4e24ae00c@group-515877FFDAAC-SegmentedRaftLog:OPENED:c-1,f-1,i0, conf=-1: [05ace5f9-a5b7-4bc6-b4fa-26d4e24ae00c:192.168.164.217:42356, d92c9463-8e05-4a70-8cc7-1d31ae7ac64a:192.168.164.217:37180, d7b60609-c805-4df6-8140-a27c681dae80:192.168.164.217:37880], old=null
2019-11-05 08:34:35,130 [05ace5f9-a5b7-4bc6-b4fa-26d4e24ae00c@group-515877FFDAAC-LeaderElection516] INFO  impl.RaftServerImpl (RaftServerImpl.java:setRole(184)) - 05ace5f9-a5b7-4bc6-b4fa-26d4e24ae00c@group-515877FFDAAC: changes role from CANDIDATE to FOLLOWER at term 97 for DISCOVERED_A_NEW_TERM
2019-11-05 08:34:35,130 [05ace5f9-a5b7-4bc6-b4fa-26d4e24ae00c@group-515877FFDAAC-LeaderElection516] INFO  impl.RoleInfo (RoleInfo.java:shutdownLeaderElection(134)) - 05ace5f9-a5b7-4bc6-b4fa-26d4e24ae00c: shutdown LeaderElection
2019-11-05 08:34:35,130 [05ace5f9-a5b7-4bc6-b4fa-26d4e24ae00c@group-515877FFDAAC-LeaderElection516] INFO  impl.RoleInfo (RoleInfo.java:updateAndGet(143)) - 05ace5f9-a5b7-4bc6-b4fa-26d4e24ae00c: start FollowerState
2019-11-05 08:34:35,219 [Thread-4243] INFO  impl.FollowerState (FollowerState.java:run(108)) - 05ace5f9-a5b7-4bc6-b4fa-26d4e24ae00c@group-515877FFDAAC-FollowerState: change to CANDIDATE, lastRpcTime:89ms, electionTimeout:89ms
2019-11-05 08:34:35,220 [Thread-4243] INFO  impl.RoleInfo (RoleInfo.java:shutdownFollowerState(121)) - 05ace5f9-a5b7-4bc6-b4fa-26d4e24ae00c: shutdown FollowerState
2019-11-05 08:34:35,220 [Thread-4243] INFO  impl.RaftServerImpl (RaftServerImpl.java:setRole(184)) - 05ace5f9-a5b7-4bc6-b4fa-26d4e24ae00c@group-515877FFDAAC: changes role from  FOLLOWER to CANDIDATE at term 97 for changeToCandidate
2019-11-05 08:34:35,220 [Thread-4243] INFO  impl.RoleInfo (RoleInfo.java:updateAndGet(143)) - 05ace5f9-a5b7-4bc6-b4fa-26d4e24ae00c: start LeaderElection
2019-11-05 08:34:35,235 [05ace5f9-a5b7-4bc6-b4fa-26d4e24ae00c@group-515877FFDAAC-LeaderElection517] INFO  impl.LeaderElection (LeaderElection.java:askForVotes(178)) - 05ace5f9-a5b7-4bc6-b4fa-26d4e24ae00c@group-515877FFDAAC-LeaderElection517: begin an election at term 98 for -1: [05ace5f9-a5b7-4bc6-b4fa-26d4e24ae00c:192.168.164.217:42356, d92c9463-8e05-4a70-8cc7-1d31ae7ac64a:192.168.164.217:37180, d7b60609-c805-4df6-8140-a27c681dae80:192.168.164.217:37880], old=null
2019-11-05 08:34:35,236 [grpc-default-executor-13] INFO  impl.RaftServerImpl (RaftServerImpl.java:setRole(184)) - d92c9463-8e05-4a70-8cc7-1d31ae7ac64a@group-515877FFDAAC: changes role from  FOLLOWER to FOLLOWER at term 98 for recognizeCandidate:05ace5f9-a5b7-4bc6-b4fa-26d4e24ae00c
2019-11-05 08:34:35,236 [grpc-default-executor-13] INFO  impl.RoleInfo (RoleInfo.java:shutdownFollowerState(121)) - d92c9463-8e05-4a70-8cc7-1d31ae7ac64a: shutdown FollowerState
2019-11-05 08:34:35,236 [grpc-default-executor-13] INFO  impl.RoleInfo (RoleInfo.java:updateAndGet(143)) - d92c9463-8e05-4a70-8cc7-1d31ae7ac64a: start FollowerState
2019-11-05 08:34:35,236 [Thread-4241] INFO  impl.FollowerState (FollowerState.java:run(117)) - d92c9463-8e05-4a70-8cc7-1d31ae7ac64a@group-515877FFDAAC-FollowerState was interrupted: java.lang.InterruptedException: sleep interrupted
2019-11-05 08:34:35,237 [grpc-default-executor-10] INFO  impl.RaftServerImpl (RaftServerImpl.java:setRole(184)) - d7b60609-c805-4df6-8140-a27c681dae80@group-515877FFDAAC: changes role from  FOLLOWER to FOLLOWER at term 98 for recognizeCandidate:05ace5f9-a5b7-4bc6-b4fa-26d4e24ae00c
2019-11-05 08:34:35,237 [grpc-default-executor-10] INFO  impl.RoleInfo (RoleInfo.java:shutdownFollowerState(121)) - d7b60609-c805-4df6-8140-a27c681dae80: shutdown FollowerState
2019-11-05 08:34:35,237 [grpc-default-executor-10] INFO  impl.RoleInfo (RoleInfo.java:updateAndGet(143)) - d7b60609-c805-4df6-8140-a27c681dae80: start FollowerState
2019-11-05 08:34:35,237 [Thread-4242] INFO  impl.FollowerState (FollowerState.java:run(117)) - d7b60609-c805-4df6-8140-a27c681dae80@group-515877FFDAAC-FollowerState was interrupted: java.lang.InterruptedException: sleep interrupted
2019-11-05 08:34:35,245 [05ace5f9-a5b7-4bc6-b4fa-26d4e24ae00c@group-515877FFDAAC-LeaderElection517] INFO  impl.LeaderElection (LeaderElection.java:logAndReturn(56)) - 05ace5f9-a5b7-4bc6-b4fa-26d4e24ae00c@group-515877FFDAAC-LeaderElection517: Election TIMEOUT; received 0 response(s) [] and 0 exception(s); 05ace5f9-a5b7-4bc6-b4fa-26d4e24ae00c@group-515877FFDAAC:t98, leader=null, voted=05ace5f9-a5b7-4bc6-b4fa-26d4e24ae00c, raftlog=05ace5f9-a5b7-4bc6-b4fa-26d4e24ae00c@group-515877FFDAAC-SegmentedRaftLog:OPENED:c-1,f-1,i0, conf=-1: [05ace5f9-a5b7-4bc6-b4fa-26d4e24ae00c:192.168.164.217:42356, d92c9463-8e05-4a70-8cc7-1d31ae7ac64a:192.168.164.217:37180, d7b60609-c805-4df6-8140-a27c681dae80:192.168.164.217:37880], old=null
2019-11-05 08:34:35,261 [05ace5f9-a5b7-4bc6-b4fa-26d4e24ae00c@group-515877FFDAAC-LeaderElection517] INFO  impl.LeaderElection (LeaderElection.java:askForVotes(178)) - 05ace5f9-a5b7-4bc6-b4fa-26d4e24ae00c@group-515877FFDAAC-LeaderElection517: begin an election at term 99 for -1: [05ace5f9-a5b7-4bc6-b4fa-26d4e24ae00c:192.168.164.217:42356, d92c9463-8e05-4a70-8cc7-1d31ae7ac64a:192.168.164.217:37180, d7b60609-c805-4df6-8140-a27c681dae80:192.168.164.217:37880], old=null
2019-11-05 08:34:35,263 [grpc-default-executor-10] INFO  impl.RaftServerImpl (RaftServerImpl.java:setRole(184)) - d92c9463-8e05-4a70-8cc7-1d31ae7ac64a@group-515877FFDAAC: changes role from  FOLLOWER to FOLLOWER at term 99 for recognizeCandidate:05ace5f9-a5b7-4bc6-b4fa-26d4e24ae00c
2019-11-05 08:34:35,263 [grpc-default-executor-10] INFO  impl.RoleInfo (RoleInfo.java:shutdownFollowerState(121)) - d92c9463-8e05-4a70-8cc7-1d31ae7ac64a: shutdown FollowerState
2019-11-05 08:34:35,263 [grpc-default-executor-10] INFO  impl.RoleInfo (RoleInfo.java:updateAndGet(143)) - d92c9463-8e05-4a70-8cc7-1d31ae7ac64a: start FollowerState
2019-11-05 08:34:35,263 [grpc-default-executor-13] INFO  impl.RaftServerImpl (RaftServerImpl.java:setRole(184)) - d7b60609-c805-4df6-8140-a27c681dae80@group-515877FFDAAC: changes role from  FOLLOWER to FOLLOWER at term 99 for recognizeCandidate:05ace5f9-a5b7-4bc6-b4fa-26d4e24ae00c
2019-11-05 08:34:35,263 [grpc-default-executor-13] INFO  impl.RoleInfo (RoleInfo.java:shutdownFollowerState(121)) - d7b60609-c805-4df6-8140-a27c681dae80: shutdown FollowerState
2019-11-05 08:34:35,263 [Thread-4249] INFO  impl.FollowerState (FollowerState.java:run(117)) - d92c9463-8e05-4a70-8cc7-1d31ae7ac64a@group-515877FFDAAC-FollowerState was interrupted: java.lang.InterruptedException: sleep interrupted
2019-11-05 08:34:35,263 [Thread-4250] INFO  impl.FollowerState (FollowerState.java:run(117)) - d7b60609-c805-4df6-8140-a27c681dae80@group-515877FFDAAC-FollowerState was interrupted: java.lang.InterruptedException: sleep interrupted
2019-11-05 08:34:35,263 [grpc-default-executor-13] INFO  impl.RoleInfo (RoleInfo.java:updateAndGet(143)) - d7b60609-c805-4df6-8140-a27c681dae80: start FollowerState
2019-11-05 08:34:35,293 [05ace5f9-a5b7-4bc6-b4fa-26d4e24ae00c@group-515877FFDAAC-LeaderElection517] INFO  impl.LeaderElection (LeaderElection.java:logAndReturn(56)) - 05ace5f9-a5b7-4bc6-b4fa-26d4e24ae00c@group-515877FFDAAC-LeaderElection517: Election TIMEOUT; received 0 response(s) [] and 0 exception(s); 05ace5f9-a5b7-4bc6-b4fa-26d4e24ae00c@group-515877FFDAAC:t99, leader=null, voted=05ace5f9-a5b7-4bc6-b4fa-26d4e24ae00c, raftlog=05ace5f9-a5b7-4bc6-b4fa-26d4e24ae00c@group-515877FFDAAC-SegmentedRaftLog:OPENED:c-1,f-1,i0, conf=-1: [05ace5f9-a5b7-4bc6-b4fa-26d4e24ae00c:192.168.164.217:42356, d92c9463-8e05-4a70-8cc7-1d31ae7ac64a:192.168.164.217:37180, d7b60609-c805-4df6-8140-a27c681dae80:192.168.164.217:37880], old=null
2019-11-05 08:34:35,298 [05ace5f9-a5b7-4bc6-b4fa-26d4e24ae00c@group-515877FFDAAC-LeaderElection517] INFO  impl.LeaderElection (LeaderElection.java:askForVotes(178)) - 05ace5f9-a5b7-4bc6-b4fa-26d4e24ae00c@group-515877FFDAAC-LeaderElection517: begin an election at term 100 for -1: [05ace5f9-a5b7-4bc6-b4fa-26d4e24ae00c:192.168.164.217:42356, d92c9463-8e05-4a70-8cc7-1d31ae7ac64a:192.168.164.217:37180, d7b60609-c805-4df6-8140-a27c681dae80:192.168.164.217:37880], old=null
2019-11-05 08:34:35,299 [grpc-default-executor-13] INFO  impl.RaftServerImpl (RaftServerImpl.java:setRole(184)) - d92c9463-8e05-4a70-8cc7-1d31ae7ac64a@group-515877FFDAAC: changes role from  FOLLOWER to FOLLOWER at term 100 for recognizeCandidate:05ace5f9-a5b7-4bc6-b4fa-26d4e24ae00c
2019-11-05 08:34:35,299 [grpc-default-executor-13] INFO  impl.RoleInfo (RoleInfo.java:shutdownFollowerState(121)) - d92c9463-8e05-4a70-8cc7-1d31ae7ac64a: shutdown FollowerState
2019-11-05 08:34:35,299 [grpc-default-executor-13] INFO  impl.RoleInfo (RoleInfo.java:updateAndGet(143)) - d92c9463-8e05-4a70-8cc7-1d31ae7ac64a: start FollowerState
2019-11-05 08:34:35,299 [grpc-default-executor-10] INFO  impl.RaftServerImpl (RaftServerImpl.java:setRole(184)) - d7b60609-c805-4df6-8140-a27c681dae80@group-515877FFDAAC: changes role from  FOLLOWER to FOLLOWER at term 100 for recognizeCandidate:05ace5f9-a5b7-4bc6-b4fa-26d4e24ae00c
2019-11-05 08:34:35,299 [Thread-4253] INFO  impl.FollowerState (FollowerState.java:run(117)) - d92c9463-8e05-4a70-8cc7-1d31ae7ac64a@group-515877FFDAAC-FollowerState was interrupted: java.lang.InterruptedException: sleep interrupted
2019-11-05 08:34:35,300 [grpc-default-executor-10] INFO  impl.RoleInfo (RoleInfo.java:shutdownFollowerState(121)) - d7b60609-c805-4df6-8140-a27c681dae80: shutdown FollowerState
2019-11-05 08:34:35,300 [grpc-default-executor-10] INFO  impl.RoleInfo (RoleInfo.java:updateAndGet(143)) - d7b60609-c805-4df6-8140-a27c681dae80: start FollowerState
2019-11-05 08:34:35,300 [Thread-4254] INFO  impl.FollowerState (FollowerState.java:run(117)) - d7b60609-c805-4df6-8140-a27c681dae80@group-515877FFDAAC-FollowerState was interrupted: java.lang.InterruptedException: sleep interrupted
2019-11-05 08:34:35,319 [05ace5f9-a5b7-4bc6-b4fa-26d4e24ae00c@group-515877FFDAAC-LeaderElection517] INFO  impl.LeaderElection (LeaderElection.java:logAndReturn(56)) - 05ace5f9-a5b7-4bc6-b4fa-26d4e24ae00c@group-515877FFDAAC-LeaderElection517: Election REJECTED; received 2 response(s) [05ace5f9-a5b7-4bc6-b4fa-26d4e24ae00c<-d92c9463-8e05-4a70-8cc7-1d31ae7ac64a#0:FAIL-t100, 05ace5f9-a5b7-4bc6-b4fa-26d4e24ae00c<-d7b60609-c805-4df6-8140-a27c681dae80#0:FAIL-t100] and 0 exception(s); 05ace5f9-a5b7-4bc6-b4fa-26d4e24ae00c@group-515877FFDAAC:t100, leader=null, voted=05ace5f9-a5b7-4bc6-b4fa-26d4e24ae00c, raftlog=05ace5f9-a5b7-4bc6-b4fa-26d4e24ae00c@group-515877FFDAAC-SegmentedRaftLog:OPENED:c-1,f-1,i0, conf=-1: [05ace5f9-a5b7-4bc6-b4fa-26d4e24ae00c:192.168.164.217:42356, d92c9463-8e05-4a70-8cc7-1d31ae7ac64a:192.168.164.217:37180, d7b60609-c805-4df6-8140-a27c681dae80:192.168.164.217:37880], old=null
2019-11-05 08:34:35,319 [05ace5f9-a5b7-4bc6-b4fa-26d4e24ae00c@group-515877FFDAAC-LeaderElection517] INFO  impl.RaftServerImpl (RaftServerImpl.java:setRole(184)) - 05ace5f9-a5b7-4bc6-b4fa-26d4e24ae00c@group-515877FFDAAC: changes role from CANDIDATE to FOLLOWER at term 100 for DISCOVERED_A_NEW_TERM
2019-11-05 08:34:35,319 [05ace5f9-a5b7-4bc6-b4fa-26d4e24ae00c@group-515877FFDAAC-LeaderElection517] INFO  impl.RoleInfo (RoleInfo.java:shutdownLeaderElection(134)) - 05ace5f9-a5b7-4bc6-b4fa-26d4e24ae00c: shutdown LeaderElection
2019-11-05 08:34:35,319 [05ace5f9-a5b7-4bc6-b4fa-26d4e24ae00c@group-515877FFDAAC-LeaderElection517] INFO  impl.RoleInfo (RoleInfo.java:updateAndGet(143)) - 05ace5f9-a5b7-4bc6-b4fa-26d4e24ae00c: start FollowerState
2019-11-05 08:34:35,429 [Datanode State Machine Thread - 0] INFO  statemachine.DatanodeStateMachine (DatanodeStateMachine.java:lambda$startDaemon$0(350)) - Ozone container server started.
2019-11-05 08:34:35,484 [Thread-4259] INFO  impl.FollowerState (FollowerState.java:run(108)) - 05ace5f9-a5b7-4bc6-b4fa-26d4e24ae00c@group-515877FFDAAC-FollowerState: change to CANDIDATE, lastRpcTime:164ms, electionTimeout:164ms
2019-11-05 08:34:35,484 [Thread-4259] INFO  impl.RoleInfo (RoleInfo.java:shutdownFollowerState(121)) - 05ace5f9-a5b7-4bc6-b4fa-26d4e24ae00c: shutdown FollowerState
2019-11-05 08:34:35,484 [Thread-4259] INFO  impl.RaftServerImpl (RaftServerImpl.java:setRole(184)) - 05ace5f9-a5b7-4bc6-b4fa-26d4e24ae00c@group-515877FFDAAC: changes role from  FOLLOWER to CANDIDATE at term 100 for changeToCandidate
2019-11-05 08:34:35,484 [Thread-4259] INFO  impl.RoleInfo (RoleInfo.java:updateAndGet(143)) - 05ace5f9-a5b7-4bc6-b4fa-26d4e24ae00c: start LeaderElection
2019-11-05 08:34:35,498 [05ace5f9-a5b7-4bc6-b4fa-26d4e24ae00c@group-515877FFDAAC-LeaderElection518] INFO  impl.LeaderElection (LeaderElection.java:askForVotes(178)) - 05ace5f9-a5b7-4bc6-b4fa-26d4e24ae00c@group-515877FFDAAC-LeaderElection518: begin an election at term 101 for -1: [05ace5f9-a5b7-4bc6-b4fa-26d4e24ae00c:192.168.164.217:42356, d92c9463-8e05-4a70-8cc7-1d31ae7ac64a:192.168.164.217:37180, d7b60609-c805-4df6-8140-a27c681dae80:192.168.164.217:37880], old=null
2019-11-05 08:34:35,500 [grpc-default-executor-13] INFO  impl.RaftServerImpl (RaftServerImpl.java:setRole(184)) - d7b60609-c805-4df6-8140-a27c681dae80@group-515877FFDAAC: changes role from  FOLLOWER to FOLLOWER at term 101 for recognizeCandidate:05ace5f9-a5b7-4bc6-b4fa-26d4e24ae00c
2019-11-05 08:34:35,500 [grpc-default-executor-13] INFO  impl.RoleInfo (RoleInfo.java:shutdownFollowerState(121)) - d7b60609-c805-4df6-8140-a27c681dae80: shutdown FollowerState
2019-11-05 08:34:35,500 [grpc-default-executor-10] INFO  impl.RaftServerImpl (RaftServerImpl.java:setRole(184)) - d92c9463-8e05-4a70-8cc7-1d31ae7ac64a@group-515877FFDAAC: changes role from  FOLLOWER to FOLLOWER at term 101 for recognizeCandidate:05ace5f9-a5b7-4bc6-b4fa-26d4e24ae00c
2019-11-05 08:34:35,500 [grpc-default-executor-10] INFO  impl.RoleInfo (RoleInfo.java:shutdownFollowerState(121)) - d92c9463-8e05-4a70-8cc7-1d31ae7ac64a: shutdown FollowerState
2019-11-05 08:34:35,500 [Thread-4258] INFO  impl.FollowerState (FollowerState.java:run(117)) - d7b60609-c805-4df6-8140-a27c681dae80@group-515877FFDAAC-FollowerState was interrupted: java.lang.InterruptedException: sleep interrupted
2019-11-05 08:34:35,500 [grpc-default-executor-13] INFO  impl.RoleInfo (RoleInfo.java:updateAndGet(143)) - d7b60609-c805-4df6-8140-a27c681dae80: start FollowerState
2019-11-05 08:34:35,501 [Thread-4257] INFO  impl.FollowerState (FollowerState.java:run(117)) - d92c9463-8e05-4a70-8cc7-1d31ae7ac64a@group-515877FFDAAC-FollowerState was interrupted: java.lang.InterruptedException: sleep interrupted
2019-11-05 08:34:35,501 [grpc-default-executor-10] INFO  impl.RoleInfo (RoleInfo.java:updateAndGet(143)) - d92c9463-8e05-4a70-8cc7-1d31ae7ac64a: start FollowerState
2019-11-05 08:34:35,515 [05ace5f9-a5b7-4bc6-b4fa-26d4e24ae00c@group-515877FFDAAC-LeaderElection518] INFO  impl.LeaderElection (LeaderElection.java:logAndReturn(56)) - 05ace5f9-a5b7-4bc6-b4fa-26d4e24ae00c@group-515877FFDAAC-LeaderElection518: Election REJECTED; received 2 response(s) [05ace5f9-a5b7-4bc6-b4fa-26d4e24ae00c<-d92c9463-8e05-4a70-8cc7-1d31ae7ac64a#0:FAIL-t101, 05ace5f9-a5b7-4bc6-b4fa-26d4e24ae00c<-d7b60609-c805-4df6-8140-a27c681dae80#0:FAIL-t101] and 0 exception(s); 05ace5f9-a5b7-4bc6-b4fa-26d4e24ae00c@group-515877FFDAAC:t101, leader=null, voted=05ace5f9-a5b7-4bc6-b4fa-26d4e24ae00c, raftlog=05ace5f9-a5b7-4bc6-b4fa-26d4e24ae00c@group-515877FFDAAC-SegmentedRaftLog:OPENED:c-1,f-1,i0, conf=-1: [05ace5f9-a5b7-4bc6-b4fa-26d4e24ae00c:192.168.164.217:42356, d92c9463-8e05-4a70-8cc7-1d31ae7ac64a:192.168.164.217:37180, d7b60609-c805-4df6-8140-a27c681dae80:192.168.164.217:37880], old=null
2019-11-05 08:34:35,515 [05ace5f9-a5b7-4bc6-b4fa-26d4e24ae00c@group-515877FFDAAC-LeaderElection518] INFO  impl.RaftServerImpl (RaftServerImpl.java:setRole(184)) - 05ace5f9-a5b7-4bc6-b4fa-26d4e24ae00c@group-515877FFDAAC: changes role from CANDIDATE to FOLLOWER at term 101 for DISCOVERED_A_NEW_TERM
2019-11-05 08:34:35,515 [05ace5f9-a5b7-4bc6-b4fa-26d4e24ae00c@group-515877FFDAAC-LeaderElection518] INFO  impl.RoleInfo (RoleInfo.java:shutdownLeaderElection(134)) - 05ace5f9-a5b7-4bc6-b4fa-26d4e24ae00c: shutdown LeaderElection
2019-11-05 08:34:35,515 [05ace5f9-a5b7-4bc6-b4fa-26d4e24ae00c@group-515877FFDAAC-LeaderElection518] INFO  impl.RoleInfo (RoleInfo.java:updateAndGet(143)) - 05ace5f9-a5b7-4bc6-b4fa-26d4e24ae00c: start FollowerState
2019-11-05 08:34:35,559 [Thread-4267] INFO  impl.FollowerState (FollowerState.java:run(108)) - 05ace5f9-a5b7-4bc6-b4fa-26d4e24ae00c@group-515877FFDAAC-FollowerState: change to CANDIDATE, lastRpcTime:43ms, electionTimeout:43ms
2019-11-05 08:34:35,559 [Thread-4267] INFO  impl.RoleInfo (RoleInfo.java:shutdownFollowerState(121)) - 05ace5f9-a5b7-4bc6-b4fa-26d4e24ae00c: shutdown FollowerState
2019-11-05 08:34:35,559 [Thread-4267] INFO  impl.RaftServerImpl (RaftServerImpl.java:setRole(184)) - 05ace5f9-a5b7-4bc6-b4fa-26d4e24ae00c@group-515877FFDAAC: changes role from  FOLLOWER to CANDIDATE at term 101 for changeToCandidate
2019-11-05 08:34:35,559 [Thread-4267] INFO  impl.RoleInfo (RoleInfo.java:updateAndGet(143)) - 05ace5f9-a5b7-4bc6-b4fa-26d4e24ae00c: start LeaderElection
2019-11-05 08:34:35,573 [05ace5f9-a5b7-4bc6-b4fa-26d4e24ae00c@group-515877FFDAAC-LeaderElection519] INFO  impl.LeaderElection (LeaderElection.java:askForVotes(178)) - 05ace5f9-a5b7-4bc6-b4fa-26d4e24ae00c@group-515877FFDAAC-LeaderElection519: begin an election at term 102 for -1: [05ace5f9-a5b7-4bc6-b4fa-26d4e24ae00c:192.168.164.217:42356, d92c9463-8e05-4a70-8cc7-1d31ae7ac64a:192.168.164.217:37180, d7b60609-c805-4df6-8140-a27c681dae80:192.168.164.217:37880], old=null
2019-11-05 08:34:35,574 [grpc-default-executor-10] INFO  impl.RaftServerImpl (RaftServerImpl.java:setRole(184)) - d92c9463-8e05-4a70-8cc7-1d31ae7ac64a@group-515877FFDAAC: changes role from  FOLLOWER to FOLLOWER at term 102 for recognizeCandidate:05ace5f9-a5b7-4bc6-b4fa-26d4e24ae00c
2019-11-05 08:34:35,574 [grpc-default-executor-13] INFO  impl.RaftServerImpl (RaftServerImpl.java:setRole(184)) - d7b60609-c805-4df6-8140-a27c681dae80@group-515877FFDAAC: changes role from  FOLLOWER to FOLLOWER at term 102 for recognizeCandidate:05ace5f9-a5b7-4bc6-b4fa-26d4e24ae00c
2019-11-05 08:34:35,574 [grpc-default-executor-13] INFO  impl.RoleInfo (RoleInfo.java:shutdownFollowerState(121)) - d7b60609-c805-4df6-8140-a27c681dae80: shutdown FollowerState
2019-11-05 08:34:35,574 [grpc-default-executor-10] INFO  impl.RoleInfo (RoleInfo.java:shutdownFollowerState(121)) - d92c9463-8e05-4a70-8cc7-1d31ae7ac64a: shutdown FollowerState
2019-11-05 08:34:35,575 [Thread-4265] INFO  impl.FollowerState (FollowerState.java:run(117)) - d7b60609-c805-4df6-8140-a27c681dae80@group-515877FFDAAC-FollowerState was interrupted: java.lang.InterruptedException: sleep interrupted
2019-11-05 08:34:35,575 [Thread-4266] INFO  impl.FollowerState (FollowerState.java:run(117)) - d92c9463-8e05-4a70-8cc7-1d31ae7ac64a@group-515877FFDAAC-FollowerState was interrupted: java.lang.InterruptedException: sleep interrupted
2019-11-05 08:34:35,574 [grpc-default-executor-13] INFO  impl.RoleInfo (RoleInfo.java:updateAndGet(143)) - d7b60609-c805-4df6-8140-a27c681dae80: start FollowerState
2019-11-05 08:34:35,575 [grpc-default-executor-10] INFO  impl.RoleInfo (RoleInfo.java:updateAndGet(143)) - d92c9463-8e05-4a70-8cc7-1d31ae7ac64a: start FollowerState
2019-11-05 08:34:35,589 [05ace5f9-a5b7-4bc6-b4fa-26d4e24ae00c@group-515877FFDAAC-LeaderElection519] INFO  impl.LeaderElection (LeaderElection.java:logAndReturn(56)) - 05ace5f9-a5b7-4bc6-b4fa-26d4e24ae00c@group-515877FFDAAC-LeaderElection519: Election REJECTED; received 2 response(s) [05ace5f9-a5b7-4bc6-b4fa-26d4e24ae00c<-d92c9463-8e05-4a70-8cc7-1d31ae7ac64a#0:FAIL-t102, 05ace5f9-a5b7-4bc6-b4fa-26d4e24ae00c<-d7b60609-c805-4df6-8140-a27c681dae80#0:FAIL-t102] and 0 exception(s); 05ace5f9-a5b7-4bc6-b4fa-26d4e24ae00c@group-515877FFDAAC:t102, leader=null, voted=05ace5f9-a5b7-4bc6-b4fa-26d4e24ae00c, raftlog=05ace5f9-a5b7-4bc6-b4fa-26d4e24ae00c@group-515877FFDAAC-SegmentedRaftLog:OPENED:c-1,f-1,i0, conf=-1: [05ace5f9-a5b7-4bc6-b4fa-26d4e24ae00c:192.168.164.217:42356, d92c9463-8e05-4a70-8cc7-1d31ae7ac64a:192.168.164.217:37180, d7b60609-c805-4df6-8140-a27c681dae80:192.168.164.217:37880], old=null
2019-11-05 08:34:35,590 [05ace5f9-a5b7-4bc6-b4fa-26d4e24ae00c@group-515877FFDAAC-LeaderElection519] INFO  impl.RaftServerImpl (RaftServerImpl.java:setRole(184)) - 05ace5f9-a5b7-4bc6-b4fa-26d4e24ae00c@group-515877FFDAAC: changes role from CANDIDATE to FOLLOWER at term 102 for DISCOVERED_A_NEW_TERM
2019-11-05 08:34:35,590 [05ace5f9-a5b7-4bc6-b4fa-26d4e24ae00c@group-515877FFDAAC-LeaderElection519] INFO  impl.RoleInfo (RoleInfo.java:shutdownLeaderElection(134)) - 05ace5f9-a5b7-4bc6-b4fa-26d4e24ae00c: shutdown LeaderElection
2019-11-05 08:34:35,590 [05ace5f9-a5b7-4bc6-b4fa-26d4e24ae00c@group-515877FFDAAC-LeaderElection519] INFO  impl.RoleInfo (RoleInfo.java:updateAndGet(143)) - 05ace5f9-a5b7-4bc6-b4fa-26d4e24ae00c: start FollowerState
2019-11-05 08:34:35,672 [Thread-4273] INFO  impl.FollowerState (FollowerState.java:run(108)) - 05ace5f9-a5b7-4bc6-b4fa-26d4e24ae00c@group-515877FFDAAC-FollowerState: change to CANDIDATE, lastRpcTime:82ms, electionTimeout:82ms
2019-11-05 08:34:35,672 [Thread-4273] INFO  impl.RoleInfo (RoleInfo.java:shutdownFollowerState(121)) - 05ace5f9-a5b7-4bc6-b4fa-26d4e24ae00c: shutdown FollowerState
2019-11-05 08:34:35,672 [Thread-4273] INFO  impl.RaftServerImpl (RaftServerImpl.java:setRole(184)) - 05ace5f9-a5b7-4bc6-b4fa-26d4e24ae00c@group-515877FFDAAC: changes role from  FOLLOWER to CANDIDATE at term 102 for changeToCandidate
2019-11-05 08:34:35,672 [Thread-4273] INFO  impl.RoleInfo (RoleInfo.java:updateAndGet(143)) - 05ace5f9-a5b7-4bc6-b4fa-26d4e24ae00c: start LeaderElection
2019-11-05 08:34:35,686 [05ace5f9-a5b7-4bc6-b4fa-26d4e24ae00c@group-515877FFDAAC-LeaderElection520] INFO  impl.LeaderElection (LeaderElection.java:askForVotes(178)) - 05ace5f9-a5b7-4bc6-b4fa-26d4e24ae00c@group-515877FFDAAC-LeaderElection520: begin an election at term 103 for -1: [05ace5f9-a5b7-4bc6-b4fa-26d4e24ae00c:192.168.164.217:42356, d92c9463-8e05-4a70-8cc7-1d31ae7ac64a:192.168.164.217:37180, d7b60609-c805-4df6-8140-a27c681dae80:192.168.164.217:37880], old=null
2019-11-05 08:34:35,688 [grpc-default-executor-13] INFO  impl.RaftServerImpl (RaftServerImpl.java:setRole(184)) - d92c9463-8e05-4a70-8cc7-1d31ae7ac64a@group-515877FFDAAC: changes role from  FOLLOWER to FOLLOWER at term 103 for recognizeCandidate:05ace5f9-a5b7-4bc6-b4fa-26d4e24ae00c
2019-11-05 08:34:35,688 [grpc-default-executor-13] INFO  impl.RoleInfo (RoleInfo.java:shutdownFollowerState(121)) - d92c9463-8e05-4a70-8cc7-1d31ae7ac64a: shutdown FollowerState
2019-11-05 08:34:35,688 [grpc-default-executor-10] INFO  impl.RaftServerImpl (RaftServerImpl.java:setRole(184)) - d7b60609-c805-4df6-8140-a27c681dae80@group-515877FFDAAC: changes role from  FOLLOWER to FOLLOWER at term 103 for recognizeCandidate:05ace5f9-a5b7-4bc6-b4fa-26d4e24ae00c
2019-11-05 08:34:35,688 [Thread-4272] INFO  impl.FollowerState (FollowerState.java:run(117)) - d92c9463-8e05-4a70-8cc7-1d31ae7ac64a@group-515877FFDAAC-FollowerState was interrupted: java.lang.InterruptedException: sleep interrupted
2019-11-05 08:34:35,688 [grpc-default-executor-13] INFO  impl.RoleInfo (RoleInfo.java:updateAndGet(143)) - d92c9463-8e05-4a70-8cc7-1d31ae7ac64a: start FollowerState
2019-11-05 08:34:35,688 [grpc-default-executor-10] INFO  impl.RoleInfo (RoleInfo.java:shutdownFollowerState(121)) - d7b60609-c805-4df6-8140-a27c681dae80: shutdown FollowerState
2019-11-05 08:34:35,689 [grpc-default-executor-10] INFO  impl.RoleInfo (RoleInfo.java:updateAndGet(143)) - d7b60609-c805-4df6-8140-a27c681dae80: start FollowerState
2019-11-05 08:34:35,689 [Thread-4271] INFO  impl.FollowerState (FollowerState.java:run(117)) - d7b60609-c805-4df6-8140-a27c681dae80@group-515877FFDAAC-FollowerState was interrupted: java.lang.InterruptedException: sleep interrupted
2019-11-05 08:34:35,703 [05ace5f9-a5b7-4bc6-b4fa-26d4e24ae00c@group-515877FFDAAC-LeaderElection520] INFO  impl.LeaderElection (LeaderElection.java:logAndReturn(56)) - 05ace5f9-a5b7-4bc6-b4fa-26d4e24ae00c@group-515877FFDAAC-LeaderElection520: Election REJECTED; received 2 response(s) [05ace5f9-a5b7-4bc6-b4fa-26d4e24ae00c<-d92c9463-8e05-4a70-8cc7-1d31ae7ac64a#0:FAIL-t103, 05ace5f9-a5b7-4bc6-b4fa-26d4e24ae00c<-d7b60609-c805-4df6-8140-a27c681dae80#0:FAIL-t103] and 0 exception(s); 05ace5f9-a5b7-4bc6-b4fa-26d4e24ae00c@group-515877FFDAAC:t103, leader=null, voted=05ace5f9-a5b7-4bc6-b4fa-26d4e24ae00c, raftlog=05ace5f9-a5b7-4bc6-b4fa-26d4e24ae00c@group-515877FFDAAC-SegmentedRaftLog:OPENED:c-1,f-1,i0, conf=-1: [05ace5f9-a5b7-4bc6-b4fa-26d4e24ae00c:192.168.164.217:42356, d92c9463-8e05-4a70-8cc7-1d31ae7ac64a:192.168.164.217:37180, d7b60609-c805-4df6-8140-a27c681dae80:192.168.164.217:37880], old=null
2019-11-05 08:34:35,703 [05ace5f9-a5b7-4bc6-b4fa-26d4e24ae00c@group-515877FFDAAC-LeaderElection520] INFO  impl.RaftServerImpl (RaftServerImpl.java:setRole(184)) - 05ace5f9-a5b7-4bc6-b4fa-26d4e24ae00c@group-515877FFDAAC: changes role from CANDIDATE to FOLLOWER at term 103 for DISCOVERED_A_NEW_TERM
2019-11-05 08:34:35,703 [05ace5f9-a5b7-4bc6-b4fa-26d4e24ae00c@group-515877FFDAAC-LeaderElection520] INFO  impl.RoleInfo (RoleInfo.java:shutdownLeaderElection(134)) - 05ace5f9-a5b7-4bc6-b4fa-26d4e24ae00c: shutdown LeaderElection
2019-11-05 08:34:35,703 [05ace5f9-a5b7-4bc6-b4fa-26d4e24ae00c@group-515877FFDAAC-LeaderElection520] INFO  impl.RoleInfo (RoleInfo.java:updateAndGet(143)) - 05ace5f9-a5b7-4bc6-b4fa-26d4e24ae00c: start FollowerState
2019-11-05 08:34:35,895 [Thread-4279] INFO  impl.FollowerState (FollowerState.java:run(108)) - 05ace5f9-a5b7-4bc6-b4fa-26d4e24ae00c@group-515877FFDAAC-FollowerState: change to CANDIDATE, lastRpcTime:192ms, electionTimeout:192ms
2019-11-05 08:34:35,895 [Thread-4279] INFO  impl.RoleInfo (RoleInfo.java:shutdownFollowerState(121)) - 05ace5f9-a5b7-4bc6-b4fa-26d4e24ae00c: shutdown FollowerState
2019-11-05 08:34:35,896 [Thread-4279] INFO  impl.RaftServerImpl (RaftServerImpl.java:setRole(184)) - 05ace5f9-a5b7-4bc6-b4fa-26d4e24ae00c@group-515877FFDAAC: changes role from  FOLLOWER to CANDIDATE at term 103 for changeToCandidate
2019-11-05 08:34:35,896 [Thread-4279] INFO  impl.RoleInfo (RoleInfo.java:updateAndGet(143)) - 05ace5f9-a5b7-4bc6-b4fa-26d4e24ae00c: start LeaderElection
2019-11-05 08:34:35,909 [05ace5f9-a5b7-4bc6-b4fa-26d4e24ae00c@group-515877FFDAAC-LeaderElection521] INFO  impl.LeaderElection (LeaderElection.java:askForVotes(178)) - 05ace5f9-a5b7-4bc6-b4fa-26d4e24ae00c@group-515877FFDAAC-LeaderElection521: begin an election at term 104 for -1: [05ace5f9-a5b7-4bc6-b4fa-26d4e24ae00c:192.168.164.217:42356, d92c9463-8e05-4a70-8cc7-1d31ae7ac64a:192.168.164.217:37180, d7b60609-c805-4df6-8140-a27c681dae80:192.168.164.217:37880], old=null
2019-11-05 08:34:35,911 [grpc-default-executor-13] INFO  impl.RaftServerImpl (RaftServerImpl.java:setRole(184)) - d7b60609-c805-4df6-8140-a27c681dae80@group-515877FFDAAC: changes role from  FOLLOWER to FOLLOWER at term 104 for recognizeCandidate:05ace5f9-a5b7-4bc6-b4fa-26d4e24ae00c
2019-11-05 08:34:35,911 [grpc-default-executor-13] INFO  impl.RoleInfo (RoleInfo.java:shutdownFollowerState(121)) - d7b60609-c805-4df6-8140-a27c681dae80: shutdown FollowerState
2019-11-05 08:34:35,911 [grpc-default-executor-10] INFO  impl.RaftServerImpl (RaftServerImpl.java:setRole(184)) - d92c9463-8e05-4a70-8cc7-1d31ae7ac64a@group-515877FFDAAC: changes role from  FOLLOWER to FOLLOWER at term 104 for recognizeCandidate:05ace5f9-a5b7-4bc6-b4fa-26d4e24ae00c
2019-11-05 08:34:35,912 [grpc-default-executor-10] INFO  impl.RoleInfo (RoleInfo.java:shutdownFollowerState(121)) - d92c9463-8e05-4a70-8cc7-1d31ae7ac64a: shutdown FollowerState
2019-11-05 08:34:35,912 [grpc-default-executor-10] INFO  impl.RoleInfo (RoleInfo.java:updateAndGet(143)) - d92c9463-8e05-4a70-8cc7-1d31ae7ac64a: start FollowerState
2019-11-05 08:34:35,912 [Thread-4278] INFO  impl.FollowerState (FollowerState.java:run(117)) - d7b60609-c805-4df6-8140-a27c681dae80@group-515877FFDAAC-FollowerState was interrupted: java.lang.InterruptedException: sleep interrupted
2019-11-05 08:34:35,911 [grpc-default-executor-13] INFO  impl.RoleInfo (RoleInfo.java:updateAndGet(143)) - d7b60609-c805-4df6-8140-a27c681dae80: start FollowerState
2019-11-05 08:34:35,912 [Thread-4277] INFO  impl.FollowerState (FollowerState.java:run(117)) - d92c9463-8e05-4a70-8cc7-1d31ae7ac64a@group-515877FFDAAC-FollowerState was interrupted: java.lang.InterruptedException: sleep interrupted
2019-11-05 08:34:35,937 [05ace5f9-a5b7-4bc6-b4fa-26d4e24ae00c@group-515877FFDAAC-LeaderElection521] INFO  impl.LeaderElection (LeaderElection.java:logAndReturn(56)) - 05ace5f9-a5b7-4bc6-b4fa-26d4e24ae00c@group-515877FFDAAC-LeaderElection521: Election REJECTED; received 2 response(s) [05ace5f9-a5b7-4bc6-b4fa-26d4e24ae00c<-d92c9463-8e05-4a70-8cc7-1d31ae7ac64a#0:FAIL-t104, 05ace5f9-a5b7-4bc6-b4fa-26d4e24ae00c<-d7b60609-c805-4df6-8140-a27c681dae80#0:FAIL-t104] and 0 exception(s); 05ace5f9-a5b7-4bc6-b4fa-26d4e24ae00c@group-515877FFDAAC:t104, leader=null, voted=05ace5f9-a5b7-4bc6-b4fa-26d4e24ae00c, raftlog=05ace5f9-a5b7-4bc6-b4fa-26d4e24ae00c@group-515877FFDAAC-SegmentedRaftLog:OPENED:c-1,f-1,i0, conf=-1: [05ace5f9-a5b7-4bc6-b4fa-26d4e24ae00c:192.168.164.217:42356, d92c9463-8e05-4a70-8cc7-1d31ae7ac64a:192.168.164.217:37180, d7b60609-c805-4df6-8140-a27c681dae80:192.168.164.217:37880], old=null
2019-11-05 08:34:35,938 [05ace5f9-a5b7-4bc6-b4fa-26d4e24ae00c@group-515877FFDAAC-LeaderElection521] INFO  impl.RaftServerImpl (RaftServerImpl.java:setRole(184)) - 05ace5f9-a5b7-4bc6-b4fa-26d4e24ae00c@group-515877FFDAAC: changes role from CANDIDATE to FOLLOWER at term 104 for DISCOVERED_A_NEW_TERM
2019-11-05 08:34:35,938 [05ace5f9-a5b7-4bc6-b4fa-26d4e24ae00c@group-515877FFDAAC-LeaderElection521] INFO  impl.RoleInfo (RoleInfo.java:shutdownLeaderElection(134)) - 05ace5f9-a5b7-4bc6-b4fa-26d4e24ae00c: shutdown LeaderElection
2019-11-05 08:34:35,938 [05ace5f9-a5b7-4bc6-b4fa-26d4e24ae00c@group-515877FFDAAC-LeaderElection521] INFO  impl.RoleInfo (RoleInfo.java:updateAndGet(143)) - 05ace5f9-a5b7-4bc6-b4fa-26d4e24ae00c: start FollowerState
2019-11-05 08:34:36,073 [Thread-4287] INFO  impl.FollowerState (FollowerState.java:run(108)) - 05ace5f9-a5b7-4bc6-b4fa-26d4e24ae00c@group-515877FFDAAC-FollowerState: change to CANDIDATE, lastRpcTime:135ms, electionTimeout:135ms
2019-11-05 08:34:36,073 [Thread-4287] INFO  impl.RoleInfo (RoleInfo.java:shutdownFollowerState(121)) - 05ace5f9-a5b7-4bc6-b4fa-26d4e24ae00c: shutdown FollowerState
2019-11-05 08:34:36,074 [Thread-4287] INFO  impl.RaftServerImpl (RaftServerImpl.java:setRole(184)) - 05ace5f9-a5b7-4bc6-b4fa-26d4e24ae00c@group-515877FFDAAC: changes role from  FOLLOWER to CANDIDATE at term 104 for changeToCandidate
2019-11-05 08:34:36,074 [Thread-4287] INFO  impl.RoleInfo (RoleInfo.java:updateAndGet(143)) - 05ace5f9-a5b7-4bc6-b4fa-26d4e24ae00c: start LeaderElection
2019-11-05 08:34:36,085 [05ace5f9-a5b7-4bc6-b4fa-26d4e24ae00c@group-515877FFDAAC-LeaderElection522] INFO  impl.LeaderElection (LeaderElection.java:askForVotes(178)) - 05ace5f9-a5b7-4bc6-b4fa-26d4e24ae00c@group-515877FFDAAC-LeaderElection522: begin an election at term 105 for -1: [05ace5f9-a5b7-4bc6-b4fa-26d4e24ae00c:192.168.164.217:42356, d92c9463-8e05-4a70-8cc7-1d31ae7ac64a:192.168.164.217:37180, d7b60609-c805-4df6-8140-a27c681dae80:192.168.164.217:37880], old=null
2019-11-05 08:34:36,087 [grpc-default-executor-13] INFO  impl.RaftServerImpl (RaftServerImpl.java:setRole(184)) - d7b60609-c805-4df6-8140-a27c681dae80@group-515877FFDAAC: changes role from  FOLLOWER to FOLLOWER at term 105 for recognizeCandidate:05ace5f9-a5b7-4bc6-b4fa-26d4e24ae00c
2019-11-05 08:34:36,087 [grpc-default-executor-13] INFO  impl.RoleInfo (RoleInfo.java:shutdownFollowerState(121)) - d7b60609-c805-4df6-8140-a27c681dae80: shutdown FollowerState
2019-11-05 08:34:36,087 [grpc-default-executor-10] INFO  impl.RaftServerImpl (RaftServerImpl.java:setRole(184)) - d92c9463-8e05-4a70-8cc7-1d31ae7ac64a@group-515877FFDAAC: changes role from  FOLLOWER to FOLLOWER at term 105 for recognizeCandidate:05ace5f9-a5b7-4bc6-b4fa-26d4e24ae00c
2019-11-05 08:34:36,087 [grpc-default-executor-10] INFO  impl.RoleInfo (RoleInfo.java:shutdownFollowerState(121)) - d92c9463-8e05-4a70-8cc7-1d31ae7ac64a: shutdown FollowerState
2019-11-05 08:34:36,087 [Thread-4285] INFO  impl.FollowerState (FollowerState.java:run(117)) - d7b60609-c805-4df6-8140-a27c681dae80@group-515877FFDAAC-FollowerState was interrupted: java.lang.InterruptedException: sleep interrupted
2019-11-05 08:34:36,087 [grpc-default-executor-13] INFO  impl.RoleInfo (RoleInfo.java:updateAndGet(143)) - d7b60609-c805-4df6-8140-a27c681dae80: start FollowerState
2019-11-05 08:34:36,088 [Thread-4286] INFO  impl.FollowerState (FollowerState.java:run(117)) - d92c9463-8e05-4a70-8cc7-1d31ae7ac64a@group-515877FFDAAC-FollowerState was interrupted: java.lang.InterruptedException: sleep interrupted
2019-11-05 08:34:36,088 [grpc-default-executor-10] INFO  impl.RoleInfo (RoleInfo.java:updateAndGet(143)) - d92c9463-8e05-4a70-8cc7-1d31ae7ac64a: start FollowerState
2019-11-05 08:34:36,102 [05ace5f9-a5b7-4bc6-b4fa-26d4e24ae00c@group-515877FFDAAC-LeaderElection522] INFO  impl.LeaderElection (LeaderElection.java:logAndReturn(56)) - 05ace5f9-a5b7-4bc6-b4fa-26d4e24ae00c@group-515877FFDAAC-LeaderElection522: Election REJECTED; received 2 response(s) [05ace5f9-a5b7-4bc6-b4fa-26d4e24ae00c<-d92c9463-8e05-4a70-8cc7-1d31ae7ac64a#0:FAIL-t105, 05ace5f9-a5b7-4bc6-b4fa-26d4e24ae00c<-d7b60609-c805-4df6-8140-a27c681dae80#0:FAIL-t105] and 0 exception(s); 05ace5f9-a5b7-4bc6-b4fa-26d4e24ae00c@group-515877FFDAAC:t105, leader=null, voted=05ace5f9-a5b7-4bc6-b4fa-26d4e24ae00c, raftlog=05ace5f9-a5b7-4bc6-b4fa-26d4e24ae00c@group-515877FFDAAC-SegmentedRaftLog:OPENED:c-1,f-1,i0, conf=-1: [05ace5f9-a5b7-4bc6-b4fa-26d4e24ae00c:192.168.164.217:42356, d92c9463-8e05-4a70-8cc7-1d31ae7ac64a:192.168.164.217:37180, d7b60609-c805-4df6-8140-a27c681dae80:192.168.164.217:37880], old=null
2019-11-05 08:34:36,102 [05ace5f9-a5b7-4bc6-b4fa-26d4e24ae00c@group-515877FFDAAC-LeaderElection522] INFO  impl.RaftServerImpl (RaftServerImpl.java:setRole(184)) - 05ace5f9-a5b7-4bc6-b4fa-26d4e24ae00c@group-515877FFDAAC: changes role from CANDIDATE to FOLLOWER at term 105 for DISCOVERED_A_NEW_TERM
2019-11-05 08:34:36,102 [05ace5f9-a5b7-4bc6-b4fa-26d4e24ae00c@group-515877FFDAAC-LeaderElection522] INFO  impl.RoleInfo (RoleInfo.java:shutdownLeaderElection(134)) - 05ace5f9-a5b7-4bc6-b4fa-26d4e24ae00c: shutdown LeaderElection
2019-11-05 08:34:36,102 [05ace5f9-a5b7-4bc6-b4fa-26d4e24ae00c@group-515877FFDAAC-LeaderElection522] INFO  impl.RoleInfo (RoleInfo.java:updateAndGet(143)) - 05ace5f9-a5b7-4bc6-b4fa-26d4e24ae00c: start FollowerState
2019-11-05 08:34:36,256 [Thread-4295] INFO  impl.FollowerState (FollowerState.java:run(108)) - 05ace5f9-a5b7-4bc6-b4fa-26d4e24ae00c@group-515877FFDAAC-FollowerState: change to CANDIDATE, lastRpcTime:153ms, electionTimeout:153ms
2019-11-05 08:34:36,256 [Thread-4295] INFO  impl.RoleInfo (RoleInfo.java:shutdownFollowerState(121)) - 05ace5f9-a5b7-4bc6-b4fa-26d4e24ae00c: shutdown FollowerState
2019-11-05 08:34:36,256 [Thread-4295] INFO  impl.RaftServerImpl (RaftServerImpl.java:setRole(184)) - 05ace5f9-a5b7-4bc6-b4fa-26d4e24ae00c@group-515877FFDAAC: changes role from  FOLLOWER to CANDIDATE at term 105 for changeToCandidate
2019-11-05 08:34:36,256 [Thread-4295] INFO  impl.RoleInfo (RoleInfo.java:updateAndGet(143)) - 05ace5f9-a5b7-4bc6-b4fa-26d4e24ae00c: start LeaderElection
2019-11-05 08:34:36,271 [05ace5f9-a5b7-4bc6-b4fa-26d4e24ae00c@group-515877FFDAAC-LeaderElection523] INFO  impl.LeaderElection (LeaderElection.java:askForVotes(178)) - 05ace5f9-a5b7-4bc6-b4fa-26d4e24ae00c@group-515877FFDAAC-LeaderElection523: begin an election at term 106 for -1: [05ace5f9-a5b7-4bc6-b4fa-26d4e24ae00c:192.168.164.217:42356, d92c9463-8e05-4a70-8cc7-1d31ae7ac64a:192.168.164.217:37180, d7b60609-c805-4df6-8140-a27c681dae80:192.168.164.217:37880], old=null
2019-11-05 08:34:36,273 [grpc-default-executor-13] INFO  impl.RaftServerImpl (RaftServerImpl.java:setRole(184)) - d7b60609-c805-4df6-8140-a27c681dae80@group-515877FFDAAC: changes role from  FOLLOWER to FOLLOWER at term 106 for recognizeCandidate:05ace5f9-a5b7-4bc6-b4fa-26d4e24ae00c
2019-11-05 08:34:36,273 [grpc-default-executor-13] INFO  impl.RoleInfo (RoleInfo.java:shutdownFollowerState(121)) - d7b60609-c805-4df6-8140-a27c681dae80: shutdown FollowerState
2019-11-05 08:34:36,273 [grpc-default-executor-10] INFO  impl.RaftServerImpl (RaftServerImpl.java:setRole(184)) - d92c9463-8e05-4a70-8cc7-1d31ae7ac64a@group-515877FFDAAC: changes role from  FOLLOWER to FOLLOWER at term 106 for recognizeCandidate:05ace5f9-a5b7-4bc6-b4fa-26d4e24ae00c
2019-11-05 08:34:36,273 [Thread-4293] INFO  impl.FollowerState (FollowerState.java:run(117)) - d7b60609-c805-4df6-8140-a27c681dae80@group-515877FFDAAC-FollowerState was interrupted: java.lang.InterruptedException: sleep interrupted
2019-11-05 08:34:36,273 [grpc-default-executor-13] INFO  impl.RoleInfo (RoleInfo.java:updateAndGet(143)) - d7b60609-c805-4df6-8140-a27c681dae80: start FollowerState
2019-11-05 08:34:36,273 [grpc-default-executor-10] INFO  impl.RoleInfo (RoleInfo.java:shutdownFollowerState(121)) - d92c9463-8e05-4a70-8cc7-1d31ae7ac64a: shutdown FollowerState
2019-11-05 08:34:36,274 [grpc-default-executor-10] INFO  impl.RoleInfo (RoleInfo.java:updateAndGet(143)) - d92c9463-8e05-4a70-8cc7-1d31ae7ac64a: start FollowerState
2019-11-05 08:34:36,274 [Thread-4294] INFO  impl.FollowerState (FollowerState.java:run(117)) - d92c9463-8e05-4a70-8cc7-1d31ae7ac64a@group-515877FFDAAC-FollowerState was interrupted: java.lang.InterruptedException: sleep interrupted
2019-11-05 08:34:36,287 [05ace5f9-a5b7-4bc6-b4fa-26d4e24ae00c@group-515877FFDAAC-LeaderElection523] INFO  impl.LeaderElection (LeaderElection.java:logAndReturn(56)) - 05ace5f9-a5b7-4bc6-b4fa-26d4e24ae00c@group-515877FFDAAC-LeaderElection523: Election REJECTED; received 2 response(s) [05ace5f9-a5b7-4bc6-b4fa-26d4e24ae00c<-d92c9463-8e05-4a70-8cc7-1d31ae7ac64a#0:FAIL-t106, 05ace5f9-a5b7-4bc6-b4fa-26d4e24ae00c<-d7b60609-c805-4df6-8140-a27c681dae80#0:FAIL-t106] and 0 exception(s); 05ace5f9-a5b7-4bc6-b4fa-26d4e24ae00c@group-515877FFDAAC:t106, leader=null, voted=05ace5f9-a5b7-4bc6-b4fa-26d4e24ae00c, raftlog=05ace5f9-a5b7-4bc6-b4fa-26d4e24ae00c@group-515877FFDAAC-SegmentedRaftLog:OPENED:c-1,f-1,i0, conf=-1: [05ace5f9-a5b7-4bc6-b4fa-26d4e24ae00c:192.168.164.217:42356, d92c9463-8e05-4a70-8cc7-1d31ae7ac64a:192.168.164.217:37180, d7b60609-c805-4df6-8140-a27c681dae80:192.168.164.217:37880], old=null
2019-11-05 08:34:36,287 [05ace5f9-a5b7-4bc6-b4fa-26d4e24ae00c@group-515877FFDAAC-LeaderElection523] INFO  impl.RaftServerImpl (RaftServerImpl.java:setRole(184)) - 05ace5f9-a5b7-4bc6-b4fa-26d4e24ae00c@group-515877FFDAAC: changes role from CANDIDATE to FOLLOWER at term 106 for DISCOVERED_A_NEW_TERM
2019-11-05 08:34:36,287 [05ace5f9-a5b7-4bc6-b4fa-26d4e24ae00c@group-515877FFDAAC-LeaderElection523] INFO  impl.RoleInfo (RoleInfo.java:shutdownLeaderElection(134)) - 05ace5f9-a5b7-4bc6-b4fa-26d4e24ae00c: shutdown LeaderElection
2019-11-05 08:34:36,288 [05ace5f9-a5b7-4bc6-b4fa-26d4e24ae00c@group-515877FFDAAC-LeaderElection523] INFO  impl.RoleInfo (RoleInfo.java:updateAndGet(143)) - 05ace5f9-a5b7-4bc6-b4fa-26d4e24ae00c: start FollowerState
2019-11-05 08:34:36,329 [Thread-4303] INFO  impl.FollowerState (FollowerState.java:run(108)) - 05ace5f9-a5b7-4bc6-b4fa-26d4e24ae00c@group-515877FFDAAC-FollowerState: change to CANDIDATE, lastRpcTime:41ms, electionTimeout:40ms
2019-11-05 08:34:36,329 [Thread-4303] INFO  impl.RoleInfo (RoleInfo.java:shutdownFollowerState(121)) - 05ace5f9-a5b7-4bc6-b4fa-26d4e24ae00c: shutdown FollowerState
2019-11-05 08:34:36,330 [Thread-4303] INFO  impl.RaftServerImpl (RaftServerImpl.java:setRole(184)) - 05ace5f9-a5b7-4bc6-b4fa-26d4e24ae00c@group-515877FFDAAC: changes role from  FOLLOWER to CANDIDATE at term 106 for changeToCandidate
2019-11-05 08:34:36,330 [Thread-4303] INFO  impl.RoleInfo (RoleInfo.java:updateAndGet(143)) - 05ace5f9-a5b7-4bc6-b4fa-26d4e24ae00c: start LeaderElection
2019-11-05 08:34:36,343 [05ace5f9-a5b7-4bc6-b4fa-26d4e24ae00c@group-515877FFDAAC-LeaderElection524] INFO  impl.LeaderElection (LeaderElection.java:askForVotes(178)) - 05ace5f9-a5b7-4bc6-b4fa-26d4e24ae00c@group-515877FFDAAC-LeaderElection524: begin an election at term 107 for -1: [05ace5f9-a5b7-4bc6-b4fa-26d4e24ae00c:192.168.164.217:42356, d92c9463-8e05-4a70-8cc7-1d31ae7ac64a:192.168.164.217:37180, d7b60609-c805-4df6-8140-a27c681dae80:192.168.164.217:37880], old=null
2019-11-05 08:34:36,345 [grpc-default-executor-10] INFO  impl.RaftServerImpl (RaftServerImpl.java:setRole(184)) - d7b60609-c805-4df6-8140-a27c681dae80@group-515877FFDAAC: changes role from  FOLLOWER to FOLLOWER at term 107 for recognizeCandidate:05ace5f9-a5b7-4bc6-b4fa-26d4e24ae00c
2019-11-05 08:34:36,345 [grpc-default-executor-10] INFO  impl.RoleInfo (RoleInfo.java:shutdownFollowerState(121)) - d7b60609-c805-4df6-8140-a27c681dae80: shutdown FollowerState
2019-11-05 08:34:36,345 [grpc-default-executor-13] INFO  impl.RaftServerImpl (RaftServerImpl.java:setRole(184)) - d92c9463-8e05-4a70-8cc7-1d31ae7ac64a@group-515877FFDAAC: changes role from  FOLLOWER to FOLLOWER at term 107 for recognizeCandidate:05ace5f9-a5b7-4bc6-b4fa-26d4e24ae00c
2019-11-05 08:34:36,345 [Thread-4301] INFO  impl.FollowerState (FollowerState.java:run(117)) - d7b60609-c805-4df6-8140-a27c681dae80@group-515877FFDAAC-FollowerState was interrupted: java.lang.InterruptedException: sleep interrupted
2019-11-05 08:34:36,345 [grpc-default-executor-10] INFO  impl.RoleInfo (RoleInfo.java:updateAndGet(143)) - d7b60609-c805-4df6-8140-a27c681dae80: start FollowerState
2019-11-05 08:34:36,345 [grpc-default-executor-13] INFO  impl.RoleInfo (RoleInfo.java:shutdownFollowerState(121)) - d92c9463-8e05-4a70-8cc7-1d31ae7ac64a: shutdown FollowerState
2019-11-05 08:34:36,346 [Thread-4302] INFO  impl.FollowerState (FollowerState.java:run(117)) - d92c9463-8e05-4a70-8cc7-1d31ae7ac64a@group-515877FFDAAC-FollowerState was interrupted: java.lang.InterruptedException: sleep interrupted
2019-11-05 08:34:36,346 [grpc-default-executor-13] INFO  impl.RoleInfo (RoleInfo.java:updateAndGet(143)) - d92c9463-8e05-4a70-8cc7-1d31ae7ac64a: start FollowerState
2019-11-05 08:34:36,359 [05ace5f9-a5b7-4bc6-b4fa-26d4e24ae00c@group-515877FFDAAC-LeaderElection524] INFO  impl.LeaderElection (LeaderElection.java:logAndReturn(56)) - 05ace5f9-a5b7-4bc6-b4fa-26d4e24ae00c@group-515877FFDAAC-LeaderElection524: Election REJECTED; received 2 response(s) [05ace5f9-a5b7-4bc6-b4fa-26d4e24ae00c<-d92c9463-8e05-4a70-8cc7-1d31ae7ac64a#0:FAIL-t107, 05ace5f9-a5b7-4bc6-b4fa-26d4e24ae00c<-d7b60609-c805-4df6-8140-a27c681dae80#0:FAIL-t107] and 0 exception(s); 05ace5f9-a5b7-4bc6-b4fa-26d4e24ae00c@group-515877FFDAAC:t107, leader=null, voted=05ace5f9-a5b7-4bc6-b4fa-26d4e24ae00c, raftlog=05ace5f9-a5b7-4bc6-b4fa-26d4e24ae00c@group-515877FFDAAC-SegmentedRaftLog:OPENED:c-1,f-1,i0, conf=-1: [05ace5f9-a5b7-4bc6-b4fa-26d4e24ae00c:192.168.164.217:42356, d92c9463-8e05-4a70-8cc7-1d31ae7ac64a:192.168.164.217:37180, d7b60609-c805-4df6-8140-a27c681dae80:192.168.164.217:37880], old=null
2019-11-05 08:34:36,359 [05ace5f9-a5b7-4bc6-b4fa-26d4e24ae00c@group-515877FFDAAC-LeaderElection524] INFO  impl.RaftServerImpl (RaftServerImpl.java:setRole(184)) - 05ace5f9-a5b7-4bc6-b4fa-26d4e24ae00c@group-515877FFDAAC: changes role from CANDIDATE to FOLLOWER at term 107 for DISCOVERED_A_NEW_TERM
2019-11-05 08:34:36,359 [05ace5f9-a5b7-4bc6-b4fa-26d4e24ae00c@group-515877FFDAAC-LeaderElection524] INFO  impl.RoleInfo (RoleInfo.java:shutdownLeaderElection(134)) - 05ace5f9-a5b7-4bc6-b4fa-26d4e24ae00c: shutdown LeaderElection
2019-11-05 08:34:36,359 [05ace5f9-a5b7-4bc6-b4fa-26d4e24ae00c@group-515877FFDAAC-LeaderElection524] INFO  impl.RoleInfo (RoleInfo.java:updateAndGet(143)) - 05ace5f9-a5b7-4bc6-b4fa-26d4e24ae00c: start FollowerState
2019-11-05 08:34:36,456 [Thread-4309] INFO  impl.FollowerState (FollowerState.java:run(108)) - 05ace5f9-a5b7-4bc6-b4fa-26d4e24ae00c@group-515877FFDAAC-FollowerState: change to CANDIDATE, lastRpcTime:96ms, electionTimeout:96ms
2019-11-05 08:34:36,456 [Thread-4309] INFO  impl.RoleInfo (RoleInfo.java:shutdownFollowerState(121)) - 05ace5f9-a5b7-4bc6-b4fa-26d4e24ae00c: shutdown FollowerState
2019-11-05 08:34:36,456 [Thread-4309] INFO  impl.RaftServerImpl (RaftServerImpl.java:setRole(184)) - 05ace5f9-a5b7-4bc6-b4fa-26d4e24ae00c@group-515877FFDAAC: changes role from  FOLLOWER to CANDIDATE at term 107 for changeToCandidate
2019-11-05 08:34:36,456 [Thread-4309] INFO  impl.RoleInfo (RoleInfo.java:updateAndGet(143)) - 05ace5f9-a5b7-4bc6-b4fa-26d4e24ae00c: start LeaderElection
2019-11-05 08:34:36,470 [05ace5f9-a5b7-4bc6-b4fa-26d4e24ae00c@group-515877FFDAAC-LeaderElection525] INFO  impl.LeaderElection (LeaderElection.java:askForVotes(178)) - 05ace5f9-a5b7-4bc6-b4fa-26d4e24ae00c@group-515877FFDAAC-LeaderElection525: begin an election at term 108 for -1: [05ace5f9-a5b7-4bc6-b4fa-26d4e24ae00c:192.168.164.217:42356, d92c9463-8e05-4a70-8cc7-1d31ae7ac64a:192.168.164.217:37180, d7b60609-c805-4df6-8140-a27c681dae80:192.168.164.217:37880], old=null
2019-11-05 08:34:36,471 [grpc-default-executor-13] INFO  impl.RaftServerImpl (RaftServerImpl.java:setRole(184)) - d92c9463-8e05-4a70-8cc7-1d31ae7ac64a@group-515877FFDAAC: changes role from  FOLLOWER to FOLLOWER at term 108 for recognizeCandidate:05ace5f9-a5b7-4bc6-b4fa-26d4e24ae00c
2019-11-05 08:34:36,472 [grpc-default-executor-10] INFO  impl.RaftServerImpl (RaftServerImpl.java:setRole(184)) - d7b60609-c805-4df6-8140-a27c681dae80@group-515877FFDAAC: changes role from  FOLLOWER to FOLLOWER at term 108 for recognizeCandidate:05ace5f9-a5b7-4bc6-b4fa-26d4e24ae00c
2019-11-05 08:34:36,472 [grpc-default-executor-10] INFO  impl.RoleInfo (RoleInfo.java:shutdownFollowerState(121)) - d7b60609-c805-4df6-8140-a27c681dae80: shutdown FollowerState
2019-11-05 08:34:36,472 [grpc-default-executor-13] INFO  impl.RoleInfo (RoleInfo.java:shutdownFollowerState(121)) - d92c9463-8e05-4a70-8cc7-1d31ae7ac64a: shutdown FollowerState
2019-11-05 08:34:36,472 [grpc-default-executor-10] INFO  impl.RoleInfo (RoleInfo.java:updateAndGet(143)) - d7b60609-c805-4df6-8140-a27c681dae80: start FollowerState
2019-11-05 08:34:36,472 [Thread-4308] INFO  impl.FollowerState (FollowerState.java:run(117)) - d92c9463-8e05-4a70-8cc7-1d31ae7ac64a@group-515877FFDAAC-FollowerState was interrupted: java.lang.InterruptedException: sleep interrupted
2019-11-05 08:34:36,472 [grpc-default-executor-13] INFO  impl.RoleInfo (RoleInfo.java:updateAndGet(143)) - d92c9463-8e05-4a70-8cc7-1d31ae7ac64a: start FollowerState
2019-11-05 08:34:36,472 [Thread-4307] INFO  impl.FollowerState (FollowerState.java:run(117)) - d7b60609-c805-4df6-8140-a27c681dae80@group-515877FFDAAC-FollowerState was interrupted: java.lang.InterruptedException: sleep interrupted
2019-11-05 08:34:36,486 [05ace5f9-a5b7-4bc6-b4fa-26d4e24ae00c@group-515877FFDAAC-LeaderElection525] INFO  impl.LeaderElection (LeaderElection.java:logAndReturn(56)) - 05ace5f9-a5b7-4bc6-b4fa-26d4e24ae00c@group-515877FFDAAC-LeaderElection525: Election REJECTED; received 2 response(s) [05ace5f9-a5b7-4bc6-b4fa-26d4e24ae00c<-d92c9463-8e05-4a70-8cc7-1d31ae7ac64a#0:FAIL-t108, 05ace5f9-a5b7-4bc6-b4fa-26d4e24ae00c<-d7b60609-c805-4df6-8140-a27c681dae80#0:FAIL-t108] and 0 exception(s); 05ace5f9-a5b7-4bc6-b4fa-26d4e24ae00c@group-515877FFDAAC:t108, leader=null, voted=05ace5f9-a5b7-4bc6-b4fa-26d4e24ae00c, raftlog=05ace5f9-a5b7-4bc6-b4fa-26d4e24ae00c@group-515877FFDAAC-SegmentedRaftLog:OPENED:c-1,f-1,i0, conf=-1: [05ace5f9-a5b7-4bc6-b4fa-26d4e24ae00c:192.168.164.217:42356, d92c9463-8e05-4a70-8cc7-1d31ae7ac64a:192.168.164.217:37180, d7b60609-c805-4df6-8140-a27c681dae80:192.168.164.217:37880], old=null
2019-11-05 08:34:36,486 [05ace5f9-a5b7-4bc6-b4fa-26d4e24ae00c@group-515877FFDAAC-LeaderElection525] INFO  impl.RaftServerImpl (RaftServerImpl.java:setRole(184)) - 05ace5f9-a5b7-4bc6-b4fa-26d4e24ae00c@group-515877FFDAAC: changes role from CANDIDATE to FOLLOWER at term 108 for DISCOVERED_A_NEW_TERM
2019-11-05 08:34:36,486 [05ace5f9-a5b7-4bc6-b4fa-26d4e24ae00c@group-515877FFDAAC-LeaderElection525] INFO  impl.RoleInfo (RoleInfo.java:shutdownLeaderElection(134)) - 05ace5f9-a5b7-4bc6-b4fa-26d4e24ae00c: shutdown LeaderElection
2019-11-05 08:34:36,486 [05ace5f9-a5b7-4bc6-b4fa-26d4e24ae00c@group-515877FFDAAC-LeaderElection525] INFO  impl.RoleInfo (RoleInfo.java:updateAndGet(143)) - 05ace5f9-a5b7-4bc6-b4fa-26d4e24ae00c: start FollowerState
2019-11-05 08:34:36,670 [Thread-4315] INFO  impl.FollowerState (FollowerState.java:run(108)) - 05ace5f9-a5b7-4bc6-b4fa-26d4e24ae00c@group-515877FFDAAC-FollowerState: change to CANDIDATE, lastRpcTime:183ms, electionTimeout:183ms
2019-11-05 08:34:36,670 [Thread-4315] INFO  impl.RoleInfo (RoleInfo.java:shutdownFollowerState(121)) - 05ace5f9-a5b7-4bc6-b4fa-26d4e24ae00c: shutdown FollowerState
2019-11-05 08:34:36,670 [Thread-4315] INFO  impl.RaftServerImpl (RaftServerImpl.java:setRole(184)) - 05ace5f9-a5b7-4bc6-b4fa-26d4e24ae00c@group-515877FFDAAC: changes role from  FOLLOWER to CANDIDATE at term 108 for changeToCandidate
2019-11-05 08:34:36,670 [Thread-4315] INFO  impl.RoleInfo (RoleInfo.java:updateAndGet(143)) - 05ace5f9-a5b7-4bc6-b4fa-26d4e24ae00c: start LeaderElection
2019-11-05 08:34:36,683 [05ace5f9-a5b7-4bc6-b4fa-26d4e24ae00c@group-515877FFDAAC-LeaderElection526] INFO  impl.LeaderElection (LeaderElection.java:askForVotes(178)) - 05ace5f9-a5b7-4bc6-b4fa-26d4e24ae00c@group-515877FFDAAC-LeaderElection526: begin an election at term 109 for -1: [05ace5f9-a5b7-4bc6-b4fa-26d4e24ae00c:192.168.164.217:42356, d92c9463-8e05-4a70-8cc7-1d31ae7ac64a:192.168.164.217:37180, d7b60609-c805-4df6-8140-a27c681dae80:192.168.164.217:37880], old=null
2019-11-05 08:34:36,685 [05ace5f9-a5b7-4bc6-b4fa-26d4e24ae00c@group-515877FFDAAC-LeaderElection526] INFO  impl.LeaderElection (LeaderElection.java:logAndReturn(56)) - 05ace5f9-a5b7-4bc6-b4fa-26d4e24ae00c@group-515877FFDAAC-LeaderElection526: Election TIMEOUT; received 0 response(s) [] and 0 exception(s); 05ace5f9-a5b7-4bc6-b4fa-26d4e24ae00c@group-515877FFDAAC:t109, leader=null, voted=05ace5f9-a5b7-4bc6-b4fa-26d4e24ae00c, raftlog=05ace5f9-a5b7-4bc6-b4fa-26d4e24ae00c@group-515877FFDAAC-SegmentedRaftLog:OPENED:c-1,f-1,i0, conf=-1: [05ace5f9-a5b7-4bc6-b4fa-26d4e24ae00c:192.168.164.217:42356, d92c9463-8e05-4a70-8cc7-1d31ae7ac64a:192.168.164.217:37180, d7b60609-c805-4df6-8140-a27c681dae80:192.168.164.217:37880], old=null
2019-11-05 08:34:36,685 [grpc-default-executor-10] INFO  impl.RaftServerImpl (RaftServerImpl.java:setRole(184)) - d92c9463-8e05-4a70-8cc7-1d31ae7ac64a@group-515877FFDAAC: changes role from  FOLLOWER to FOLLOWER at term 109 for recognizeCandidate:05ace5f9-a5b7-4bc6-b4fa-26d4e24ae00c
2019-11-05 08:34:36,685 [grpc-default-executor-10] INFO  impl.RoleInfo (RoleInfo.java:shutdownFollowerState(121)) - d92c9463-8e05-4a70-8cc7-1d31ae7ac64a: shutdown FollowerState
2019-11-05 08:34:36,685 [grpc-default-executor-13] INFO  impl.RaftServerImpl (RaftServerImpl.java:setRole(184)) - d7b60609-c805-4df6-8140-a27c681dae80@group-515877FFDAAC: changes role from  FOLLOWER to FOLLOWER at term 109 for recognizeCandidate:05ace5f9-a5b7-4bc6-b4fa-26d4e24ae00c
2019-11-05 08:34:36,685 [grpc-default-executor-13] INFO  impl.RoleInfo (RoleInfo.java:shutdownFollowerState(121)) - d7b60609-c805-4df6-8140-a27c681dae80: shutdown FollowerState
2019-11-05 08:34:36,685 [Thread-4314] INFO  impl.FollowerState (FollowerState.java:run(117)) - d92c9463-8e05-4a70-8cc7-1d31ae7ac64a@group-515877FFDAAC-FollowerState was interrupted: java.lang.InterruptedException: sleep interrupted
2019-11-05 08:34:36,686 [Thread-4313] INFO  impl.FollowerState (FollowerState.java:run(117)) - d7b60609-c805-4df6-8140-a27c681dae80@group-515877FFDAAC-FollowerState was interrupted: java.lang.InterruptedException: sleep interrupted
2019-11-05 08:34:36,685 [grpc-default-executor-10] INFO  impl.RoleInfo (RoleInfo.java:updateAndGet(143)) - d92c9463-8e05-4a70-8cc7-1d31ae7ac64a: start FollowerState
2019-11-05 08:34:36,686 [grpc-default-executor-13] INFO  impl.RoleInfo (RoleInfo.java:updateAndGet(143)) - d7b60609-c805-4df6-8140-a27c681dae80: start FollowerState
2019-11-05 08:34:36,698 [05ace5f9-a5b7-4bc6-b4fa-26d4e24ae00c@group-515877FFDAAC-LeaderElection526] INFO  impl.LeaderElection (LeaderElection.java:askForVotes(178)) - 05ace5f9-a5b7-4bc6-b4fa-26d4e24ae00c@group-515877FFDAAC-LeaderElection526: begin an election at term 110 for -1: [05ace5f9-a5b7-4bc6-b4fa-26d4e24ae00c:192.168.164.217:42356, d92c9463-8e05-4a70-8cc7-1d31ae7ac64a:192.168.164.217:37180, d7b60609-c805-4df6-8140-a27c681dae80:192.168.164.217:37880], old=null
2019-11-05 08:34:36,699 [grpc-default-executor-10] INFO  impl.RaftServerImpl (RaftServerImpl.java:setRole(184)) - d7b60609-c805-4df6-8140-a27c681dae80@group-515877FFDAAC: changes role from  FOLLOWER to FOLLOWER at term 110 for recognizeCandidate:05ace5f9-a5b7-4bc6-b4fa-26d4e24ae00c
2019-11-05 08:34:36,699 [grpc-default-executor-10] INFO  impl.RoleInfo (RoleInfo.java:shutdownFollowerState(121)) - d7b60609-c805-4df6-8140-a27c681dae80: shutdown FollowerState
2019-11-05 08:34:36,699 [grpc-default-executor-13] INFO  impl.RaftServerImpl (RaftServerImpl.java:setRole(184)) - d92c9463-8e05-4a70-8cc7-1d31ae7ac64a@group-515877FFDAAC: changes role from  FOLLOWER to FOLLOWER at term 110 for recognizeCandidate:05ace5f9-a5b7-4bc6-b4fa-26d4e24ae00c
2019-11-05 08:34:36,700 [grpc-default-executor-13] INFO  impl.RoleInfo (RoleInfo.java:shutdownFollowerState(121)) - d92c9463-8e05-4a70-8cc7-1d31ae7ac64a: shutdown FollowerState
2019-11-05 08:34:36,700 [Thread-4322] INFO  impl.FollowerState (FollowerState.java:run(117)) - d7b60609-c805-4df6-8140-a27c681dae80@group-515877FFDAAC-FollowerState was interrupted: java.lang.InterruptedException: sleep interrupted
2019-11-05 08:34:36,699 [grpc-default-executor-10] INFO  impl.RoleInfo (RoleInfo.java:updateAndGet(143)) - d7b60609-c805-4df6-8140-a27c681dae80: start FollowerState
2019-11-05 08:34:36,700 [Thread-4321] INFO  impl.FollowerState (FollowerState.java:run(117)) - d92c9463-8e05-4a70-8cc7-1d31ae7ac64a@group-515877FFDAAC-FollowerState was interrupted: java.lang.InterruptedException: sleep interrupted
2019-11-05 08:34:36,700 [grpc-default-executor-13] INFO  impl.RoleInfo (RoleInfo.java:updateAndGet(143)) - d92c9463-8e05-4a70-8cc7-1d31ae7ac64a: start FollowerState
2019-11-05 08:34:36,726 [05ace5f9-a5b7-4bc6-b4fa-26d4e24ae00c@group-515877FFDAAC-LeaderElection526] INFO  impl.LeaderElection (LeaderElection.java:logAndReturn(56)) - 05ace5f9-a5b7-4bc6-b4fa-26d4e24ae00c@group-515877FFDAAC-LeaderElection526: Election REJECTED; received 2 response(s) [05ace5f9-a5b7-4bc6-b4fa-26d4e24ae00c<-d92c9463-8e05-4a70-8cc7-1d31ae7ac64a#0:FAIL-t110, 05ace5f9-a5b7-4bc6-b4fa-26d4e24ae00c<-d7b60609-c805-4df6-8140-a27c681dae80#0:FAIL-t110] and 0 exception(s); 05ace5f9-a5b7-4bc6-b4fa-26d4e24ae00c@group-515877FFDAAC:t110, leader=null, voted=05ace5f9-a5b7-4bc6-b4fa-26d4e24ae00c, raftlog=05ace5f9-a5b7-4bc6-b4fa-26d4e24ae00c@group-515877FFDAAC-SegmentedRaftLog:OPENED:c-1,f-1,i0, conf=-1: [05ace5f9-a5b7-4bc6-b4fa-26d4e24ae00c:192.168.164.217:42356, d92c9463-8e05-4a70-8cc7-1d31ae7ac64a:192.168.164.217:37180, d7b60609-c805-4df6-8140-a27c681dae80:192.168.164.217:37880], old=null
2019-11-05 08:34:36,726 [05ace5f9-a5b7-4bc6-b4fa-26d4e24ae00c@group-515877FFDAAC-LeaderElection526] INFO  impl.RaftServerImpl (RaftServerImpl.java:setRole(184)) - 05ace5f9-a5b7-4bc6-b4fa-26d4e24ae00c@group-515877FFDAAC: changes role from CANDIDATE to FOLLOWER at term 110 for DISCOVERED_A_NEW_TERM
2019-11-05 08:34:36,726 [05ace5f9-a5b7-4bc6-b4fa-26d4e24ae00c@group-515877FFDAAC-LeaderElection526] INFO  impl.RoleInfo (RoleInfo.java:shutdownLeaderElection(134)) - 05ace5f9-a5b7-4bc6-b4fa-26d4e24ae00c: shutdown LeaderElection
2019-11-05 08:34:36,726 [05ace5f9-a5b7-4bc6-b4fa-26d4e24ae00c@group-515877FFDAAC-LeaderElection526] INFO  impl.RoleInfo (RoleInfo.java:updateAndGet(143)) - 05ace5f9-a5b7-4bc6-b4fa-26d4e24ae00c: start FollowerState
2019-11-05 08:34:36,810 [Thread-4327] INFO  impl.FollowerState (FollowerState.java:run(108)) - 05ace5f9-a5b7-4bc6-b4fa-26d4e24ae00c@group-515877FFDAAC-FollowerState: change to CANDIDATE, lastRpcTime:83ms, electionTimeout:83ms
2019-11-05 08:34:36,810 [Thread-4327] INFO  impl.RoleInfo (RoleInfo.java:shutdownFollowerState(121)) - 05ace5f9-a5b7-4bc6-b4fa-26d4e24ae00c: shutdown FollowerState
2019-11-05 08:34:36,810 [Thread-4327] INFO  impl.RaftServerImpl (RaftServerImpl.java:setRole(184)) - 05ace5f9-a5b7-4bc6-b4fa-26d4e24ae00c@group-515877FFDAAC: changes role from  FOLLOWER to CANDIDATE at term 110 for changeToCandidate
2019-11-05 08:34:36,810 [Thread-4327] INFO  impl.RoleInfo (RoleInfo.java:updateAndGet(143)) - 05ace5f9-a5b7-4bc6-b4fa-26d4e24ae00c: start LeaderElection
2019-11-05 08:34:36,825 [05ace5f9-a5b7-4bc6-b4fa-26d4e24ae00c@group-515877FFDAAC-LeaderElection527] INFO  impl.LeaderElection (LeaderElection.java:askForVotes(178)) - 05ace5f9-a5b7-4bc6-b4fa-26d4e24ae00c@group-515877FFDAAC-LeaderElection527: begin an election at term 111 for -1: [05ace5f9-a5b7-4bc6-b4fa-26d4e24ae00c:192.168.164.217:42356, d92c9463-8e05-4a70-8cc7-1d31ae7ac64a:192.168.164.217:37180, d7b60609-c805-4df6-8140-a27c681dae80:192.168.164.217:37880], old=null
2019-11-05 08:34:36,827 [grpc-default-executor-13] INFO  impl.RaftServerImpl (RaftServerImpl.java:setRole(184)) - d92c9463-8e05-4a70-8cc7-1d31ae7ac64a@group-515877FFDAAC: changes role from  FOLLOWER to FOLLOWER at term 111 for recognizeCandidate:05ace5f9-a5b7-4bc6-b4fa-26d4e24ae00c
2019-11-05 08:34:36,827 [grpc-default-executor-10] INFO  impl.RaftServerImpl (RaftServerImpl.java:setRole(184)) - d7b60609-c805-4df6-8140-a27c681dae80@group-515877FFDAAC: changes role from  FOLLOWER to FOLLOWER at term 111 for recognizeCandidate:05ace5f9-a5b7-4bc6-b4fa-26d4e24ae00c
2019-11-05 08:34:36,827 [grpc-default-executor-10] INFO  impl.RoleInfo (RoleInfo.java:shutdownFollowerState(121)) - d7b60609-c805-4df6-8140-a27c681dae80: shutdown FollowerState
2019-11-05 08:34:36,827 [grpc-default-executor-13] INFO  impl.RoleInfo (RoleInfo.java:shutdownFollowerState(121)) - d92c9463-8e05-4a70-8cc7-1d31ae7ac64a: shutdown FollowerState
2019-11-05 08:34:36,827 [Thread-4325] INFO  impl.FollowerState (FollowerState.java:run(117)) - d7b60609-c805-4df6-8140-a27c681dae80@group-515877FFDAAC-FollowerState was interrupted: java.lang.InterruptedException: sleep interrupted
2019-11-05 08:34:36,827 [grpc-default-executor-10] INFO  impl.RoleInfo (RoleInfo.java:updateAndGet(143)) - d7b60609-c805-4df6-8140-a27c681dae80: start FollowerState
2019-11-05 08:34:36,827 [Thread-4326] INFO  impl.FollowerState (FollowerState.java:run(117)) - d92c9463-8e05-4a70-8cc7-1d31ae7ac64a@group-515877FFDAAC-FollowerState was interrupted: java.lang.InterruptedException: sleep interrupted
2019-11-05 08:34:36,827 [grpc-default-executor-13] INFO  impl.RoleInfo (RoleInfo.java:updateAndGet(143)) - d92c9463-8e05-4a70-8cc7-1d31ae7ac64a: start FollowerState
2019-11-05 08:34:36,853 [05ace5f9-a5b7-4bc6-b4fa-26d4e24ae00c@group-515877FFDAAC-LeaderElection527] INFO  impl.LeaderElection (LeaderElection.java:logAndReturn(56)) - 05ace5f9-a5b7-4bc6-b4fa-26d4e24ae00c@group-515877FFDAAC-LeaderElection527: Election REJECTED; received 2 response(s) [05ace5f9-a5b7-4bc6-b4fa-26d4e24ae00c<-d92c9463-8e05-4a70-8cc7-1d31ae7ac64a#0:FAIL-t111, 05ace5f9-a5b7-4bc6-b4fa-26d4e24ae00c<-d7b60609-c805-4df6-8140-a27c681dae80#0:FAIL-t111] and 0 exception(s); 05ace5f9-a5b7-4bc6-b4fa-26d4e24ae00c@group-515877FFDAAC:t111, leader=null, voted=05ace5f9-a5b7-4bc6-b4fa-26d4e24ae00c, raftlog=05ace5f9-a5b7-4bc6-b4fa-26d4e24ae00c@group-515877FFDAAC-SegmentedRaftLog:OPENED:c-1,f-1,i0, conf=-1: [05ace5f9-a5b7-4bc6-b4fa-26d4e24ae00c:192.168.164.217:42356, d92c9463-8e05-4a70-8cc7-1d31ae7ac64a:192.168.164.217:37180, d7b60609-c805-4df6-8140-a27c681dae80:192.168.164.217:37880], old=null
2019-11-05 08:34:36,854 [05ace5f9-a5b7-4bc6-b4fa-26d4e24ae00c@group-515877FFDAAC-LeaderElection527] INFO  impl.RaftServerImpl (RaftServerImpl.java:setRole(184)) - 05ace5f9-a5b7-4bc6-b4fa-26d4e24ae00c@group-515877FFDAAC: changes role from CANDIDATE to FOLLOWER at term 111 for DISCOVERED_A_NEW_TERM
2019-11-05 08:34:36,854 [05ace5f9-a5b7-4bc6-b4fa-26d4e24ae00c@group-515877FFDAAC-LeaderElection527] INFO  impl.RoleInfo (RoleInfo.java:shutdownLeaderElection(134)) - 05ace5f9-a5b7-4bc6-b4fa-26d4e24ae00c: shutdown LeaderElection
2019-11-05 08:34:36,854 [05ace5f9-a5b7-4bc6-b4fa-26d4e24ae00c@group-515877FFDAAC-LeaderElection527] INFO  impl.RoleInfo (RoleInfo.java:updateAndGet(143)) - 05ace5f9-a5b7-4bc6-b4fa-26d4e24ae00c: start FollowerState
2019-11-05 08:34:36,906 [Thread-4335] INFO  impl.FollowerState (FollowerState.java:run(108)) - 05ace5f9-a5b7-4bc6-b4fa-26d4e24ae00c@group-515877FFDAAC-FollowerState: change to CANDIDATE, lastRpcTime:52ms, electionTimeout:52ms
2019-11-05 08:34:36,907 [Thread-4335] INFO  impl.RoleInfo (RoleInfo.java:shutdownFollowerState(121)) - 05ace5f9-a5b7-4bc6-b4fa-26d4e24ae00c: shutdown FollowerState
2019-11-05 08:34:36,907 [Thread-4335] INFO  impl.RaftServerImpl (RaftServerImpl.java:setRole(184)) - 05ace5f9-a5b7-4bc6-b4fa-26d4e24ae00c@group-515877FFDAAC: changes role from  FOLLOWER to CANDIDATE at term 111 for changeToCandidate
2019-11-05 08:34:36,907 [Thread-4335] INFO  impl.RoleInfo (RoleInfo.java:updateAndGet(143)) - 05ace5f9-a5b7-4bc6-b4fa-26d4e24ae00c: start LeaderElection
2019-11-05 08:34:36,952 [05ace5f9-a5b7-4bc6-b4fa-26d4e24ae00c@group-515877FFDAAC-LeaderElection528] INFO  impl.LeaderElection (LeaderElection.java:askForVotes(178)) - 05ace5f9-a5b7-4bc6-b4fa-26d4e24ae00c@group-515877FFDAAC-LeaderElection528: begin an election at term 112 for -1: [05ace5f9-a5b7-4bc6-b4fa-26d4e24ae00c:192.168.164.217:42356, d92c9463-8e05-4a70-8cc7-1d31ae7ac64a:192.168.164.217:37180, d7b60609-c805-4df6-8140-a27c681dae80:192.168.164.217:37880], old=null
2019-11-05 08:34:36,954 [grpc-default-executor-10] INFO  impl.RaftServerImpl (RaftServerImpl.java:setRole(184)) - d92c9463-8e05-4a70-8cc7-1d31ae7ac64a@group-515877FFDAAC: changes role from  FOLLOWER to FOLLOWER at term 112 for recognizeCandidate:05ace5f9-a5b7-4bc6-b4fa-26d4e24ae00c
2019-11-05 08:34:36,954 [grpc-default-executor-10] INFO  impl.RoleInfo (RoleInfo.java:shutdownFollowerState(121)) - d92c9463-8e05-4a70-8cc7-1d31ae7ac64a: shutdown FollowerState
2019-11-05 08:34:36,954 [grpc-default-executor-13] INFO  impl.RaftServerImpl (RaftServerImpl.java:setRole(184)) - d7b60609-c805-4df6-8140-a27c681dae80@group-515877FFDAAC: changes role from  FOLLOWER to FOLLOWER at term 112 for recognizeCandidate:05ace5f9-a5b7-4bc6-b4fa-26d4e24ae00c
2019-11-05 08:34:36,954 [Thread-4334] INFO  impl.FollowerState (FollowerState.java:run(117)) - d92c9463-8e05-4a70-8cc7-1d31ae7ac64a@group-515877FFDAAC-FollowerState was interrupted: java.lang.InterruptedException: sleep interrupted
2019-11-05 08:34:36,954 [grpc-default-executor-10] INFO  impl.RoleInfo (RoleInfo.java:updateAndGet(143)) - d92c9463-8e05-4a70-8cc7-1d31ae7ac64a: start FollowerState
2019-11-05 08:34:36,954 [grpc-default-executor-13] INFO  impl.RoleInfo (RoleInfo.java:shutdownFollowerState(121)) - d7b60609-c805-4df6-8140-a27c681dae80: shutdown FollowerState
2019-11-05 08:34:36,955 [grpc-default-executor-13] INFO  impl.RoleInfo (RoleInfo.java:updateAndGet(143)) - d7b60609-c805-4df6-8140-a27c681dae80: start FollowerState
2019-11-05 08:34:36,955 [Thread-4333] INFO  impl.FollowerState (FollowerState.java:run(117)) - d7b60609-c805-4df6-8140-a27c681dae80@group-515877FFDAAC-FollowerState was interrupted: java.lang.InterruptedException: sleep interrupted
2019-11-05 08:34:36,969 [05ace5f9-a5b7-4bc6-b4fa-26d4e24ae00c@group-515877FFDAAC-LeaderElection528] INFO  impl.LeaderElection (LeaderElection.java:logAndReturn(56)) - 05ace5f9-a5b7-4bc6-b4fa-26d4e24ae00c@group-515877FFDAAC-LeaderElection528: Election REJECTED; received 2 response(s) [05ace5f9-a5b7-4bc6-b4fa-26d4e24ae00c<-d92c9463-8e05-4a70-8cc7-1d31ae7ac64a#0:FAIL-t112, 05ace5f9-a5b7-4bc6-b4fa-26d4e24ae00c<-d7b60609-c805-4df6-8140-a27c681dae80#0:FAIL-t112] and 0 exception(s); 05ace5f9-a5b7-4bc6-b4fa-26d4e24ae00c@group-515877FFDAAC:t112, leader=null, voted=05ace5f9-a5b7-4bc6-b4fa-26d4e24ae00c, raftlog=05ace5f9-a5b7-4bc6-b4fa-26d4e24ae00c@group-515877FFDAAC-SegmentedRaftLog:OPENED:c-1,f-1,i0, conf=-1: [05ace5f9-a5b7-4bc6-b4fa-26d4e24ae00c:192.168.164.217:42356, d92c9463-8e05-4a70-8cc7-1d31ae7ac64a:192.168.164.217:37180, d7b60609-c805-4df6-8140-a27c681dae80:192.168.164.217:37880], old=null
2019-11-05 08:34:36,969 [05ace5f9-a5b7-4bc6-b4fa-26d4e24ae00c@group-515877FFDAAC-LeaderElection528] INFO  impl.RaftServerImpl (RaftServerImpl.java:setRole(184)) - 05ace5f9-a5b7-4bc6-b4fa-26d4e24ae00c@group-515877FFDAAC: changes role from CANDIDATE to FOLLOWER at term 112 for DISCOVERED_A_NEW_TERM
2019-11-05 08:34:36,969 [05ace5f9-a5b7-4bc6-b4fa-26d4e24ae00c@group-515877FFDAAC-LeaderElection528] INFO  impl.RoleInfo (RoleInfo.java:shutdownLeaderElection(134)) - 05ace5f9-a5b7-4bc6-b4fa-26d4e24ae00c: shutdown LeaderElection
2019-11-05 08:34:36,969 [05ace5f9-a5b7-4bc6-b4fa-26d4e24ae00c@group-515877FFDAAC-LeaderElection528] INFO  impl.RoleInfo (RoleInfo.java:updateAndGet(143)) - 05ace5f9-a5b7-4bc6-b4fa-26d4e24ae00c: start FollowerState
2019-11-05 08:34:37,007 [Thread-4341] INFO  impl.FollowerState (FollowerState.java:run(108)) - 05ace5f9-a5b7-4bc6-b4fa-26d4e24ae00c@group-515877FFDAAC-FollowerState: change to CANDIDATE, lastRpcTime:38ms, electionTimeout:38ms
2019-11-05 08:34:37,008 [Thread-4341] INFO  impl.RoleInfo (RoleInfo.java:shutdownFollowerState(121)) - 05ace5f9-a5b7-4bc6-b4fa-26d4e24ae00c: shutdown FollowerState
2019-11-05 08:34:37,008 [Thread-4341] INFO  impl.RaftServerImpl (RaftServerImpl.java:setRole(184)) - 05ace5f9-a5b7-4bc6-b4fa-26d4e24ae00c@group-515877FFDAAC: changes role from  FOLLOWER to CANDIDATE at term 112 for changeToCandidate
2019-11-05 08:34:37,008 [Thread-4341] INFO  impl.RoleInfo (RoleInfo.java:updateAndGet(143)) - 05ace5f9-a5b7-4bc6-b4fa-26d4e24ae00c: start LeaderElection
2019-11-05 08:34:37,045 [05ace5f9-a5b7-4bc6-b4fa-26d4e24ae00c@group-515877FFDAAC-LeaderElection529] INFO  impl.LeaderElection (LeaderElection.java:askForVotes(178)) - 05ace5f9-a5b7-4bc6-b4fa-26d4e24ae00c@group-515877FFDAAC-LeaderElection529: begin an election at term 113 for -1: [05ace5f9-a5b7-4bc6-b4fa-26d4e24ae00c:192.168.164.217:42356, d92c9463-8e05-4a70-8cc7-1d31ae7ac64a:192.168.164.217:37180, d7b60609-c805-4df6-8140-a27c681dae80:192.168.164.217:37880], old=null
2019-11-05 08:34:37,047 [grpc-default-executor-13] INFO  impl.RaftServerImpl (RaftServerImpl.java:setRole(184)) - d92c9463-8e05-4a70-8cc7-1d31ae7ac64a@group-515877FFDAAC: changes role from  FOLLOWER to FOLLOWER at term 113 for recognizeCandidate:05ace5f9-a5b7-4bc6-b4fa-26d4e24ae00c
2019-11-05 08:34:37,047 [grpc-default-executor-13] INFO  impl.RoleInfo (RoleInfo.java:shutdownFollowerState(121)) - d92c9463-8e05-4a70-8cc7-1d31ae7ac64a: shutdown FollowerState
2019-11-05 08:34:37,047 [grpc-default-executor-10] INFO  impl.RaftServerImpl (RaftServerImpl.java:setRole(184)) - d7b60609-c805-4df6-8140-a27c681dae80@group-515877FFDAAC: changes role from  FOLLOWER to FOLLOWER at term 113 for recognizeCandidate:05ace5f9-a5b7-4bc6-b4fa-26d4e24ae00c
2019-11-05 08:34:37,047 [grpc-default-executor-10] INFO  impl.RoleInfo (RoleInfo.java:shutdownFollowerState(121)) - d7b60609-c805-4df6-8140-a27c681dae80: shutdown FollowerState
2019-11-05 08:34:37,047 [Thread-4339] INFO  impl.FollowerState (FollowerState.java:run(117)) - d92c9463-8e05-4a70-8cc7-1d31ae7ac64a@group-515877FFDAAC-FollowerState was interrupted: java.lang.InterruptedException: sleep interrupted
2019-11-05 08:34:37,047 [grpc-default-executor-13] INFO  impl.RoleInfo (RoleInfo.java:updateAndGet(143)) - d92c9463-8e05-4a70-8cc7-1d31ae7ac64a: start FollowerState
2019-11-05 08:34:37,048 [Thread-4340] INFO  impl.FollowerState (FollowerState.java:run(117)) - d7b60609-c805-4df6-8140-a27c681dae80@group-515877FFDAAC-FollowerState was interrupted: java.lang.InterruptedException: sleep interrupted
2019-11-05 08:34:37,048 [grpc-default-executor-10] INFO  impl.RoleInfo (RoleInfo.java:updateAndGet(143)) - d7b60609-c805-4df6-8140-a27c681dae80: start FollowerState
2019-11-05 08:34:37,052 [05ace5f9-a5b7-4bc6-b4fa-26d4e24ae00c@group-515877FFDAAC-LeaderElection529] INFO  impl.LeaderElection (LeaderElection.java:logAndReturn(56)) - 05ace5f9-a5b7-4bc6-b4fa-26d4e24ae00c@group-515877FFDAAC-LeaderElection529: Election REJECTED; received 2 response(s) [05ace5f9-a5b7-4bc6-b4fa-26d4e24ae00c<-d92c9463-8e05-4a70-8cc7-1d31ae7ac64a#0:FAIL-t113, 05ace5f9-a5b7-4bc6-b4fa-26d4e24ae00c<-d7b60609-c805-4df6-8140-a27c681dae80#0:FAIL-t113] and 0 exception(s); 05ace5f9-a5b7-4bc6-b4fa-26d4e24ae00c@group-515877FFDAAC:t113, leader=null, voted=05ace5f9-a5b7-4bc6-b4fa-26d4e24ae00c, raftlog=05ace5f9-a5b7-4bc6-b4fa-26d4e24ae00c@group-515877FFDAAC-SegmentedRaftLog:OPENED:c-1,f-1,i0, conf=-1: [05ace5f9-a5b7-4bc6-b4fa-26d4e24ae00c:192.168.164.217:42356, d92c9463-8e05-4a70-8cc7-1d31ae7ac64a:192.168.164.217:37180, d7b60609-c805-4df6-8140-a27c681dae80:192.168.164.217:37880], old=null
2019-11-05 08:34:37,053 [05ace5f9-a5b7-4bc6-b4fa-26d4e24ae00c@group-515877FFDAAC-LeaderElection529] INFO  impl.RaftServerImpl (RaftServerImpl.java:setRole(184)) - 05ace5f9-a5b7-4bc6-b4fa-26d4e24ae00c@group-515877FFDAAC: changes role from CANDIDATE to FOLLOWER at term 113 for DISCOVERED_A_NEW_TERM
2019-11-05 08:34:37,053 [05ace5f9-a5b7-4bc6-b4fa-26d4e24ae00c@group-515877FFDAAC-LeaderElection529] INFO  impl.RoleInfo (RoleInfo.java:shutdownLeaderElection(134)) - 05ace5f9-a5b7-4bc6-b4fa-26d4e24ae00c: shutdown LeaderElection
2019-11-05 08:34:37,053 [05ace5f9-a5b7-4bc6-b4fa-26d4e24ae00c@group-515877FFDAAC-LeaderElection529] INFO  impl.RoleInfo (RoleInfo.java:updateAndGet(143)) - 05ace5f9-a5b7-4bc6-b4fa-26d4e24ae00c: start FollowerState
2019-11-05 08:34:37,106 [Thread-4349] INFO  impl.FollowerState (FollowerState.java:run(108)) - 05ace5f9-a5b7-4bc6-b4fa-26d4e24ae00c@group-515877FFDAAC-FollowerState: change to CANDIDATE, lastRpcTime:53ms, electionTimeout:53ms
2019-11-05 08:34:37,106 [Thread-4349] INFO  impl.RoleInfo (RoleInfo.java:shutdownFollowerState(121)) - 05ace5f9-a5b7-4bc6-b4fa-26d4e24ae00c: shutdown FollowerState
2019-11-05 08:34:37,107 [Thread-4349] INFO  impl.RaftServerImpl (RaftServerImpl.java:setRole(184)) - 05ace5f9-a5b7-4bc6-b4fa-26d4e24ae00c@group-515877FFDAAC: changes role from  FOLLOWER to CANDIDATE at term 113 for changeToCandidate
2019-11-05 08:34:37,107 [Thread-4349] INFO  impl.RoleInfo (RoleInfo.java:updateAndGet(143)) - 05ace5f9-a5b7-4bc6-b4fa-26d4e24ae00c: start LeaderElection
2019-11-05 08:34:37,119 [05ace5f9-a5b7-4bc6-b4fa-26d4e24ae00c@group-515877FFDAAC-LeaderElection530] INFO  impl.LeaderElection (LeaderElection.java:askForVotes(178)) - 05ace5f9-a5b7-4bc6-b4fa-26d4e24ae00c@group-515877FFDAAC-LeaderElection530: begin an election at term 114 for -1: [05ace5f9-a5b7-4bc6-b4fa-26d4e24ae00c:192.168.164.217:42356, d92c9463-8e05-4a70-8cc7-1d31ae7ac64a:192.168.164.217:37180, d7b60609-c805-4df6-8140-a27c681dae80:192.168.164.217:37880], old=null
2019-11-05 08:34:37,121 [grpc-default-executor-10] INFO  impl.RaftServerImpl (RaftServerImpl.java:setRole(184)) - d92c9463-8e05-4a70-8cc7-1d31ae7ac64a@group-515877FFDAAC: changes role from  FOLLOWER to FOLLOWER at term 114 for recognizeCandidate:05ace5f9-a5b7-4bc6-b4fa-26d4e24ae00c
2019-11-05 08:34:37,121 [grpc-default-executor-10] INFO  impl.RoleInfo (RoleInfo.java:shutdownFollowerState(121)) - d92c9463-8e05-4a70-8cc7-1d31ae7ac64a: shutdown FollowerState
2019-11-05 08:34:37,121 [grpc-default-executor-10] INFO  impl.RoleInfo (RoleInfo.java:updateAndGet(143)) - d92c9463-8e05-4a70-8cc7-1d31ae7ac64a: start FollowerState
2019-11-05 08:34:37,121 [Thread-4347] INFO  impl.FollowerState (FollowerState.java:run(117)) - d92c9463-8e05-4a70-8cc7-1d31ae7ac64a@group-515877FFDAAC-FollowerState was interrupted: java.lang.InterruptedException: sleep interrupted
2019-11-05 08:34:37,122 [grpc-default-executor-13] INFO  impl.RaftServerImpl (RaftServerImpl.java:setRole(184)) - d7b60609-c805-4df6-8140-a27c681dae80@group-515877FFDAAC: changes role from  FOLLOWER to FOLLOWER at term 114 for recognizeCandidate:05ace5f9-a5b7-4bc6-b4fa-26d4e24ae00c
2019-11-05 08:34:37,122 [grpc-default-executor-13] INFO  impl.RoleInfo (RoleInfo.java:shutdownFollowerState(121)) - d7b60609-c805-4df6-8140-a27c681dae80: shutdown FollowerState
2019-11-05 08:34:37,122 [grpc-default-executor-13] INFO  impl.RoleInfo (RoleInfo.java:updateAndGet(143)) - d7b60609-c805-4df6-8140-a27c681dae80: start FollowerState
2019-11-05 08:34:37,122 [Thread-4348] INFO  impl.FollowerState (FollowerState.java:run(117)) - d7b60609-c805-4df6-8140-a27c681dae80@group-515877FFDAAC-FollowerState was interrupted: java.lang.InterruptedException: sleep interrupted
2019-11-05 08:34:37,126 [05ace5f9-a5b7-4bc6-b4fa-26d4e24ae00c@group-515877FFDAAC-LeaderElection530] INFO  impl.LeaderElection (LeaderElection.java:logAndReturn(56)) - 05ace5f9-a5b7-4bc6-b4fa-26d4e24ae00c@group-515877FFDAAC-LeaderElection530: Election REJECTED; received 2 response(s) [05ace5f9-a5b7-4bc6-b4fa-26d4e24ae00c<-d92c9463-8e05-4a70-8cc7-1d31ae7ac64a#0:FAIL-t114, 05ace5f9-a5b7-4bc6-b4fa-26d4e24ae00c<-d7b60609-c805-4df6-8140-a27c681dae80#0:FAIL-t114] and 0 exception(s); 05ace5f9-a5b7-4bc6-b4fa-26d4e24ae00c@group-515877FFDAAC:t114, leader=null, voted=05ace5f9-a5b7-4bc6-b4fa-26d4e24ae00c, raftlog=05ace5f9-a5b7-4bc6-b4fa-26d4e24ae00c@group-515877FFDAAC-SegmentedRaftLog:OPENED:c-1,f-1,i0, conf=-1: [05ace5f9-a5b7-4bc6-b4fa-26d4e24ae00c:192.168.164.217:42356, d92c9463-8e05-4a70-8cc7-1d31ae7ac64a:192.168.164.217:37180, d7b60609-c805-4df6-8140-a27c681dae80:192.168.164.217:37880], old=null
2019-11-05 08:34:37,126 [05ace5f9-a5b7-4bc6-b4fa-26d4e24ae00c@group-515877FFDAAC-LeaderElection530] INFO  impl.RaftServerImpl (RaftServerImpl.java:setRole(184)) - 05ace5f9-a5b7-4bc6-b4fa-26d4e24ae00c@group-515877FFDAAC: changes role from CANDIDATE to FOLLOWER at term 114 for DISCOVERED_A_NEW_TERM
2019-11-05 08:34:37,127 [05ace5f9-a5b7-4bc6-b4fa-26d4e24ae00c@group-515877FFDAAC-LeaderElection530] INFO  impl.RoleInfo (RoleInfo.java:shutdownLeaderElection(134)) - 05ace5f9-a5b7-4bc6-b4fa-26d4e24ae00c: shutdown LeaderElection
2019-11-05 08:34:37,127 [05ace5f9-a5b7-4bc6-b4fa-26d4e24ae00c@group-515877FFDAAC-LeaderElection530] INFO  impl.RoleInfo (RoleInfo.java:updateAndGet(143)) - 05ace5f9-a5b7-4bc6-b4fa-26d4e24ae00c: start FollowerState
2019-11-05 08:34:37,175 [Thread-4355] INFO  impl.FollowerState (FollowerState.java:run(108)) - 05ace5f9-a5b7-4bc6-b4fa-26d4e24ae00c@group-515877FFDAAC-FollowerState: change to CANDIDATE, lastRpcTime:48ms, electionTimeout:48ms
2019-11-05 08:34:37,175 [Thread-4355] INFO  impl.RoleInfo (RoleInfo.java:shutdownFollowerState(121)) - 05ace5f9-a5b7-4bc6-b4fa-26d4e24ae00c: shutdown FollowerState
2019-11-05 08:34:37,175 [Thread-4355] INFO  impl.RaftServerImpl (RaftServerImpl.java:setRole(184)) - 05ace5f9-a5b7-4bc6-b4fa-26d4e24ae00c@group-515877FFDAAC: changes role from  FOLLOWER to CANDIDATE at term 114 for changeToCandidate
2019-11-05 08:34:37,175 [Thread-4355] INFO  impl.RoleInfo (RoleInfo.java:updateAndGet(143)) - 05ace5f9-a5b7-4bc6-b4fa-26d4e24ae00c: start LeaderElection
2019-11-05 08:34:37,187 [05ace5f9-a5b7-4bc6-b4fa-26d4e24ae00c@group-515877FFDAAC-LeaderElection531] INFO  impl.LeaderElection (LeaderElection.java:askForVotes(178)) - 05ace5f9-a5b7-4bc6-b4fa-26d4e24ae00c@group-515877FFDAAC-LeaderElection531: begin an election at term 115 for -1: [05ace5f9-a5b7-4bc6-b4fa-26d4e24ae00c:192.168.164.217:42356, d92c9463-8e05-4a70-8cc7-1d31ae7ac64a:192.168.164.217:37180, d7b60609-c805-4df6-8140-a27c681dae80:192.168.164.217:37880], old=null
2019-11-05 08:34:37,189 [grpc-default-executor-10] INFO  impl.RaftServerImpl (RaftServerImpl.java:setRole(184)) - d92c9463-8e05-4a70-8cc7-1d31ae7ac64a@group-515877FFDAAC: changes role from  FOLLOWER to FOLLOWER at term 115 for recognizeCandidate:05ace5f9-a5b7-4bc6-b4fa-26d4e24ae00c
2019-11-05 08:34:37,189 [grpc-default-executor-10] INFO  impl.RoleInfo (RoleInfo.java:shutdownFollowerState(121)) - d92c9463-8e05-4a70-8cc7-1d31ae7ac64a: shutdown FollowerState
2019-11-05 08:34:37,189 [grpc-default-executor-10] INFO  impl.RoleInfo (RoleInfo.java:updateAndGet(143)) - d92c9463-8e05-4a70-8cc7-1d31ae7ac64a: start FollowerState
2019-11-05 08:34:37,189 [Thread-4353] INFO  impl.FollowerState (FollowerState.java:run(117)) - d92c9463-8e05-4a70-8cc7-1d31ae7ac64a@group-515877FFDAAC-FollowerState was interrupted: java.lang.InterruptedException: sleep interrupted
2019-11-05 08:34:37,189 [grpc-default-executor-13] INFO  impl.RaftServerImpl (RaftServerImpl.java:setRole(184)) - d7b60609-c805-4df6-8140-a27c681dae80@group-515877FFDAAC: changes role from  FOLLOWER to FOLLOWER at term 115 for recognizeCandidate:05ace5f9-a5b7-4bc6-b4fa-26d4e24ae00c
2019-11-05 08:34:37,190 [grpc-default-executor-13] INFO  impl.RoleInfo (RoleInfo.java:shutdownFollowerState(121)) - d7b60609-c805-4df6-8140-a27c681dae80: shutdown FollowerState
2019-11-05 08:34:37,190 [grpc-default-executor-13] INFO  impl.RoleInfo (RoleInfo.java:updateAndGet(143)) - d7b60609-c805-4df6-8140-a27c681dae80: start FollowerState
2019-11-05 08:34:37,190 [Thread-4354] INFO  impl.FollowerState (FollowerState.java:run(117)) - d7b60609-c805-4df6-8140-a27c681dae80@group-515877FFDAAC-FollowerState was interrupted: java.lang.InterruptedException: sleep interrupted
2019-11-05 08:34:37,216 [05ace5f9-a5b7-4bc6-b4fa-26d4e24ae00c@group-515877FFDAAC-LeaderElection531] INFO  impl.LeaderElection (LeaderElection.java:logAndReturn(56)) - 05ace5f9-a5b7-4bc6-b4fa-26d4e24ae00c@group-515877FFDAAC-LeaderElection531: Election REJECTED; received 2 response(s) [05ace5f9-a5b7-4bc6-b4fa-26d4e24ae00c<-d92c9463-8e05-4a70-8cc7-1d31ae7ac64a#0:FAIL-t115, 05ace5f9-a5b7-4bc6-b4fa-26d4e24ae00c<-d7b60609-c805-4df6-8140-a27c681dae80#0:FAIL-t115] and 0 exception(s); 05ace5f9-a5b7-4bc6-b4fa-26d4e24ae00c@group-515877FFDAAC:t115, leader=null, voted=05ace5f9-a5b7-4bc6-b4fa-26d4e24ae00c, raftlog=05ace5f9-a5b7-4bc6-b4fa-26d4e24ae00c@group-515877FFDAAC-SegmentedRaftLog:OPENED:c-1,f-1,i0, conf=-1: [05ace5f9-a5b7-4bc6-b4fa-26d4e24ae00c:192.168.164.217:42356, d92c9463-8e05-4a70-8cc7-1d31ae7ac64a:192.168.164.217:37180, d7b60609-c805-4df6-8140-a27c681dae80:192.168.164.217:37880], old=null
2019-11-05 08:34:37,218 [05ace5f9-a5b7-4bc6-b4fa-26d4e24ae00c@group-515877FFDAAC-LeaderElection531] INFO  impl.RaftServerImpl (RaftServerImpl.java:setRole(184)) - 05ace5f9-a5b7-4bc6-b4fa-26d4e24ae00c@group-515877FFDAAC: changes role from CANDIDATE to FOLLOWER at term 115 for DISCOVERED_A_NEW_TERM
2019-11-05 08:34:37,218 [05ace5f9-a5b7-4bc6-b4fa-26d4e24ae00c@group-515877FFDAAC-LeaderElection531] INFO  impl.RoleInfo (RoleInfo.java:shutdownLeaderElection(134)) - 05ace5f9-a5b7-4bc6-b4fa-26d4e24ae00c: shutdown LeaderElection
2019-11-05 08:34:37,218 [05ace5f9-a5b7-4bc6-b4fa-26d4e24ae00c@group-515877FFDAAC-LeaderElection531] INFO  impl.RoleInfo (RoleInfo.java:updateAndGet(143)) - 05ace5f9-a5b7-4bc6-b4fa-26d4e24ae00c: start FollowerState
2019-11-05 08:34:37,366 [Thread-4361] INFO  impl.FollowerState (FollowerState.java:run(108)) - 05ace5f9-a5b7-4bc6-b4fa-26d4e24ae00c@group-515877FFDAAC-FollowerState: change to CANDIDATE, lastRpcTime:147ms, electionTimeout:147ms
2019-11-05 08:34:37,366 [Thread-4361] INFO  impl.RoleInfo (RoleInfo.java:shutdownFollowerState(121)) - 05ace5f9-a5b7-4bc6-b4fa-26d4e24ae00c: shutdown FollowerState
2019-11-05 08:34:37,366 [Thread-4361] INFO  impl.RaftServerImpl (RaftServerImpl.java:setRole(184)) - 05ace5f9-a5b7-4bc6-b4fa-26d4e24ae00c@group-515877FFDAAC: changes role from  FOLLOWER to CANDIDATE at term 115 for changeToCandidate
2019-11-05 08:34:37,366 [Thread-4361] INFO  impl.RoleInfo (RoleInfo.java:updateAndGet(143)) - 05ace5f9-a5b7-4bc6-b4fa-26d4e24ae00c: start LeaderElection
2019-11-05 08:34:37,380 [05ace5f9-a5b7-4bc6-b4fa-26d4e24ae00c@group-515877FFDAAC-LeaderElection532] INFO  impl.LeaderElection (LeaderElection.java:askForVotes(178)) - 05ace5f9-a5b7-4bc6-b4fa-26d4e24ae00c@group-515877FFDAAC-LeaderElection532: begin an election at term 116 for -1: [05ace5f9-a5b7-4bc6-b4fa-26d4e24ae00c:192.168.164.217:42356, d92c9463-8e05-4a70-8cc7-1d31ae7ac64a:192.168.164.217:37180, d7b60609-c805-4df6-8140-a27c681dae80:192.168.164.217:37880], old=null
2019-11-05 08:34:37,382 [grpc-default-executor-10] INFO  impl.RaftServerImpl (RaftServerImpl.java:setRole(184)) - d7b60609-c805-4df6-8140-a27c681dae80@group-515877FFDAAC: changes role from  FOLLOWER to FOLLOWER at term 116 for recognizeCandidate:05ace5f9-a5b7-4bc6-b4fa-26d4e24ae00c
2019-11-05 08:34:37,382 [grpc-default-executor-10] INFO  impl.RoleInfo (RoleInfo.java:shutdownFollowerState(121)) - d7b60609-c805-4df6-8140-a27c681dae80: shutdown FollowerState
2019-11-05 08:34:37,382 [grpc-default-executor-13] INFO  impl.RaftServerImpl (RaftServerImpl.java:setRole(184)) - d92c9463-8e05-4a70-8cc7-1d31ae7ac64a@group-515877FFDAAC: changes role from  FOLLOWER to FOLLOWER at term 116 for recognizeCandidate:05ace5f9-a5b7-4bc6-b4fa-26d4e24ae00c
2019-11-05 08:34:37,382 [Thread-4360] INFO  impl.FollowerState (FollowerState.java:run(117)) - d7b60609-c805-4df6-8140-a27c681dae80@group-515877FFDAAC-FollowerState was interrupted: java.lang.InterruptedException: sleep interrupted
2019-11-05 08:34:37,382 [grpc-default-executor-10] INFO  impl.RoleInfo (RoleInfo.java:updateAndGet(143)) - d7b60609-c805-4df6-8140-a27c681dae80: start FollowerState
2019-11-05 08:34:37,383 [grpc-default-executor-13] INFO  impl.RoleInfo (RoleInfo.java:shutdownFollowerState(121)) - d92c9463-8e05-4a70-8cc7-1d31ae7ac64a: shutdown FollowerState
2019-11-05 08:34:37,383 [grpc-default-executor-13] INFO  impl.RoleInfo (RoleInfo.java:updateAndGet(143)) - d92c9463-8e05-4a70-8cc7-1d31ae7ac64a: start FollowerState
2019-11-05 08:34:37,383 [Thread-4359] INFO  impl.FollowerState (FollowerState.java:run(117)) - d92c9463-8e05-4a70-8cc7-1d31ae7ac64a@group-515877FFDAAC-FollowerState was interrupted: java.lang.InterruptedException: sleep interrupted
2019-11-05 08:34:37,408 [05ace5f9-a5b7-4bc6-b4fa-26d4e24ae00c@group-515877FFDAAC-LeaderElection532] INFO  impl.LeaderElection (LeaderElection.java:logAndReturn(56)) - 05ace5f9-a5b7-4bc6-b4fa-26d4e24ae00c@group-515877FFDAAC-LeaderElection532: Election REJECTED; received 2 response(s) [05ace5f9-a5b7-4bc6-b4fa-26d4e24ae00c<-d92c9463-8e05-4a70-8cc7-1d31ae7ac64a#0:FAIL-t116, 05ace5f9-a5b7-4bc6-b4fa-26d4e24ae00c<-d7b60609-c805-4df6-8140-a27c681dae80#0:FAIL-t116] and 0 exception(s); 05ace5f9-a5b7-4bc6-b4fa-26d4e24ae00c@group-515877FFDAAC:t116, leader=null, voted=05ace5f9-a5b7-4bc6-b4fa-26d4e24ae00c, raftlog=05ace5f9-a5b7-4bc6-b4fa-26d4e24ae00c@group-515877FFDAAC-SegmentedRaftLog:OPENED:c-1,f-1,i0, conf=-1: [05ace5f9-a5b7-4bc6-b4fa-26d4e24ae00c:192.168.164.217:42356, d92c9463-8e05-4a70-8cc7-1d31ae7ac64a:192.168.164.217:37180, d7b60609-c805-4df6-8140-a27c681dae80:192.168.164.217:37880], old=null
2019-11-05 08:34:37,408 [05ace5f9-a5b7-4bc6-b4fa-26d4e24ae00c@group-515877FFDAAC-LeaderElection532] INFO  impl.RaftServerImpl (RaftServerImpl.java:setRole(184)) - 05ace5f9-a5b7-4bc6-b4fa-26d4e24ae00c@group-515877FFDAAC: changes role from CANDIDATE to FOLLOWER at term 116 for DISCOVERED_A_NEW_TERM
2019-11-05 08:34:37,409 [05ace5f9-a5b7-4bc6-b4fa-26d4e24ae00c@group-515877FFDAAC-LeaderElection532] INFO  impl.RoleInfo (RoleInfo.java:shutdownLeaderElection(134)) - 05ace5f9-a5b7-4bc6-b4fa-26d4e24ae00c: shutdown LeaderElection
2019-11-05 08:34:37,409 [05ace5f9-a5b7-4bc6-b4fa-26d4e24ae00c@group-515877FFDAAC-LeaderElection532] INFO  impl.RoleInfo (RoleInfo.java:updateAndGet(143)) - 05ace5f9-a5b7-4bc6-b4fa-26d4e24ae00c: start FollowerState
2019-11-05 08:34:37,460 [Thread-4369] INFO  impl.FollowerState (FollowerState.java:run(108)) - 05ace5f9-a5b7-4bc6-b4fa-26d4e24ae00c@group-515877FFDAAC-FollowerState: change to CANDIDATE, lastRpcTime:51ms, electionTimeout:51ms
2019-11-05 08:34:37,460 [Thread-4369] INFO  impl.RoleInfo (RoleInfo.java:shutdownFollowerState(121)) - 05ace5f9-a5b7-4bc6-b4fa-26d4e24ae00c: shutdown FollowerState
2019-11-05 08:34:37,460 [Thread-4369] INFO  impl.RaftServerImpl (RaftServerImpl.java:setRole(184)) - 05ace5f9-a5b7-4bc6-b4fa-26d4e24ae00c@group-515877FFDAAC: changes role from  FOLLOWER to CANDIDATE at term 116 for changeToCandidate
2019-11-05 08:34:37,460 [Thread-4369] INFO  impl.RoleInfo (RoleInfo.java:updateAndGet(143)) - 05ace5f9-a5b7-4bc6-b4fa-26d4e24ae00c: start LeaderElection
2019-11-05 08:34:37,495 [05ace5f9-a5b7-4bc6-b4fa-26d4e24ae00c@group-515877FFDAAC-LeaderElection533] INFO  impl.LeaderElection (LeaderElection.java:askForVotes(178)) - 05ace5f9-a5b7-4bc6-b4fa-26d4e24ae00c@group-515877FFDAAC-LeaderElection533: begin an election at term 117 for -1: [05ace5f9-a5b7-4bc6-b4fa-26d4e24ae00c:192.168.164.217:42356, d92c9463-8e05-4a70-8cc7-1d31ae7ac64a:192.168.164.217:37180, d7b60609-c805-4df6-8140-a27c681dae80:192.168.164.217:37880], old=null
2019-11-05 08:34:37,496 [grpc-default-executor-13] INFO  impl.RaftServerImpl (RaftServerImpl.java:setRole(184)) - d7b60609-c805-4df6-8140-a27c681dae80@group-515877FFDAAC: changes role from  FOLLOWER to FOLLOWER at term 117 for recognizeCandidate:05ace5f9-a5b7-4bc6-b4fa-26d4e24ae00c
2019-11-05 08:34:37,497 [grpc-default-executor-13] INFO  impl.RoleInfo (RoleInfo.java:shutdownFollowerState(121)) - d7b60609-c805-4df6-8140-a27c681dae80: shutdown FollowerState
2019-11-05 08:34:37,497 [grpc-default-executor-10] INFO  impl.RaftServerImpl (RaftServerImpl.java:setRole(184)) - d92c9463-8e05-4a70-8cc7-1d31ae7ac64a@group-515877FFDAAC: changes role from  FOLLOWER to FOLLOWER at term 117 for recognizeCandidate:05ace5f9-a5b7-4bc6-b4fa-26d4e24ae00c
2019-11-05 08:34:37,497 [Thread-4367] INFO  impl.FollowerState (FollowerState.java:run(117)) - d7b60609-c805-4df6-8140-a27c681dae80@group-515877FFDAAC-FollowerState was interrupted: java.lang.InterruptedException: sleep interrupted
2019-11-05 08:34:37,497 [grpc-default-executor-13] INFO  impl.RoleInfo (RoleInfo.java:updateAndGet(143)) - d7b60609-c805-4df6-8140-a27c681dae80: start FollowerState
2019-11-05 08:34:37,497 [grpc-default-executor-10] INFO  impl.RoleInfo (RoleInfo.java:shutdownFollowerState(121)) - d92c9463-8e05-4a70-8cc7-1d31ae7ac64a: shutdown FollowerState
2019-11-05 08:34:37,498 [grpc-default-executor-10] INFO  impl.RoleInfo (RoleInfo.java:updateAndGet(143)) - d92c9463-8e05-4a70-8cc7-1d31ae7ac64a: start FollowerState
2019-11-05 08:34:37,498 [Thread-4368] INFO  impl.FollowerState (FollowerState.java:run(117)) - d92c9463-8e05-4a70-8cc7-1d31ae7ac64a@group-515877FFDAAC-FollowerState was interrupted: java.lang.InterruptedException: sleep interrupted
2019-11-05 08:34:37,507 [05ace5f9-a5b7-4bc6-b4fa-26d4e24ae00c@group-515877FFDAAC-LeaderElection533] INFO  impl.LeaderElection (LeaderElection.java:logAndReturn(56)) - 05ace5f9-a5b7-4bc6-b4fa-26d4e24ae00c@group-515877FFDAAC-LeaderElection533: Election TIMEOUT; received 0 response(s) [] and 0 exception(s); 05ace5f9-a5b7-4bc6-b4fa-26d4e24ae00c@group-515877FFDAAC:t117, leader=null, voted=05ace5f9-a5b7-4bc6-b4fa-26d4e24ae00c, raftlog=05ace5f9-a5b7-4bc6-b4fa-26d4e24ae00c@group-515877FFDAAC-SegmentedRaftLog:OPENED:c-1,f-1,i0, conf=-1: [05ace5f9-a5b7-4bc6-b4fa-26d4e24ae00c:192.168.164.217:42356, d92c9463-8e05-4a70-8cc7-1d31ae7ac64a:192.168.164.217:37180, d7b60609-c805-4df6-8140-a27c681dae80:192.168.164.217:37880], old=null
2019-11-05 08:34:37,511 [05ace5f9-a5b7-4bc6-b4fa-26d4e24ae00c@group-515877FFDAAC-LeaderElection533] INFO  impl.LeaderElection (LeaderElection.java:askForVotes(178)) - 05ace5f9-a5b7-4bc6-b4fa-26d4e24ae00c@group-515877FFDAAC-LeaderElection533: begin an election at term 118 for -1: [05ace5f9-a5b7-4bc6-b4fa-26d4e24ae00c:192.168.164.217:42356, d92c9463-8e05-4a70-8cc7-1d31ae7ac64a:192.168.164.217:37180, d7b60609-c805-4df6-8140-a27c681dae80:192.168.164.217:37880], old=null
2019-11-05 08:34:37,513 [grpc-default-executor-13] INFO  impl.RaftServerImpl (RaftServerImpl.java:setRole(184)) - d92c9463-8e05-4a70-8cc7-1d31ae7ac64a@group-515877FFDAAC: changes role from  FOLLOWER to FOLLOWER at term 118 for recognizeCandidate:05ace5f9-a5b7-4bc6-b4fa-26d4e24ae00c
2019-11-05 08:34:37,513 [grpc-default-executor-13] INFO  impl.RoleInfo (RoleInfo.java:shutdownFollowerState(121)) - d92c9463-8e05-4a70-8cc7-1d31ae7ac64a: shutdown FollowerState
2019-11-05 08:34:37,513 [grpc-default-executor-13] INFO  impl.RoleInfo (RoleInfo.java:updateAndGet(143)) - d92c9463-8e05-4a70-8cc7-1d31ae7ac64a: start FollowerState
2019-11-05 08:34:37,513 [Thread-4376] INFO  impl.FollowerState (FollowerState.java:run(117)) - d92c9463-8e05-4a70-8cc7-1d31ae7ac64a@group-515877FFDAAC-FollowerState was interrupted: java.lang.InterruptedException: sleep interrupted
2019-11-05 08:34:37,513 [grpc-default-executor-10] INFO  impl.RaftServerImpl (RaftServerImpl.java:setRole(184)) - d7b60609-c805-4df6-8140-a27c681dae80@group-515877FFDAAC: changes role from  FOLLOWER to FOLLOWER at term 118 for recognizeCandidate:05ace5f9-a5b7-4bc6-b4fa-26d4e24ae00c
2019-11-05 08:34:37,513 [grpc-default-executor-10] INFO  impl.RoleInfo (RoleInfo.java:shutdownFollowerState(121)) - d7b60609-c805-4df6-8140-a27c681dae80: shutdown FollowerState
2019-11-05 08:34:37,513 [grpc-default-executor-10] INFO  impl.RoleInfo (RoleInfo.java:updateAndGet(143)) - d7b60609-c805-4df6-8140-a27c681dae80: start FollowerState
2019-11-05 08:34:37,513 [Thread-4375] INFO  impl.FollowerState (FollowerState.java:run(117)) - d7b60609-c805-4df6-8140-a27c681dae80@group-515877FFDAAC-FollowerState was interrupted: java.lang.InterruptedException: sleep interrupted
2019-11-05 08:34:37,539 [05ace5f9-a5b7-4bc6-b4fa-26d4e24ae00c@group-515877FFDAAC-LeaderElection533] INFO  impl.LeaderElection (LeaderElection.java:logAndReturn(56)) - 05ace5f9-a5b7-4bc6-b4fa-26d4e24ae00c@group-515877FFDAAC-LeaderElection533: Election REJECTED; received 2 response(s) [05ace5f9-a5b7-4bc6-b4fa-26d4e24ae00c<-d92c9463-8e05-4a70-8cc7-1d31ae7ac64a#0:FAIL-t118, 05ace5f9-a5b7-4bc6-b4fa-26d4e24ae00c<-d7b60609-c805-4df6-8140-a27c681dae80#0:FAIL-t118] and 0 exception(s); 05ace5f9-a5b7-4bc6-b4fa-26d4e24ae00c@group-515877FFDAAC:t118, leader=null, voted=05ace5f9-a5b7-4bc6-b4fa-26d4e24ae00c, raftlog=05ace5f9-a5b7-4bc6-b4fa-26d4e24ae00c@group-515877FFDAAC-SegmentedRaftLog:OPENED:c-1,f-1,i0, conf=-1: [05ace5f9-a5b7-4bc6-b4fa-26d4e24ae00c:192.168.164.217:42356, d92c9463-8e05-4a70-8cc7-1d31ae7ac64a:192.168.164.217:37180, d7b60609-c805-4df6-8140-a27c681dae80:192.168.164.217:37880], old=null
2019-11-05 08:34:37,539 [05ace5f9-a5b7-4bc6-b4fa-26d4e24ae00c@group-515877FFDAAC-LeaderElection533] INFO  impl.RaftServerImpl (RaftServerImpl.java:setRole(184)) - 05ace5f9-a5b7-4bc6-b4fa-26d4e24ae00c@group-515877FFDAAC: changes role from CANDIDATE to FOLLOWER at term 118 for DISCOVERED_A_NEW_TERM
2019-11-05 08:34:37,539 [05ace5f9-a5b7-4bc6-b4fa-26d4e24ae00c@group-515877FFDAAC-LeaderElection533] INFO  impl.RoleInfo (RoleInfo.java:shutdownLeaderElection(134)) - 05ace5f9-a5b7-4bc6-b4fa-26d4e24ae00c: shutdown LeaderElection
2019-11-05 08:34:37,539 [05ace5f9-a5b7-4bc6-b4fa-26d4e24ae00c@group-515877FFDAAC-LeaderElection533] INFO  impl.RoleInfo (RoleInfo.java:updateAndGet(143)) - 05ace5f9-a5b7-4bc6-b4fa-26d4e24ae00c: start FollowerState
2019-11-05 08:34:37,551 [Thread-4381] INFO  impl.FollowerState (FollowerState.java:run(108)) - 05ace5f9-a5b7-4bc6-b4fa-26d4e24ae00c@group-515877FFDAAC-FollowerState: change to CANDIDATE, lastRpcTime:12ms, electionTimeout:12ms
2019-11-05 08:34:37,552 [Thread-4381] INFO  impl.RoleInfo (RoleInfo.java:shutdownFollowerState(121)) - 05ace5f9-a5b7-4bc6-b4fa-26d4e24ae00c: shutdown FollowerState
2019-11-05 08:34:37,552 [Thread-4381] INFO  impl.RaftServerImpl (RaftServerImpl.java:setRole(184)) - 05ace5f9-a5b7-4bc6-b4fa-26d4e24ae00c@group-515877FFDAAC: changes role from  FOLLOWER to CANDIDATE at term 118 for changeToCandidate
2019-11-05 08:34:37,552 [Thread-4381] INFO  impl.RoleInfo (RoleInfo.java:updateAndGet(143)) - 05ace5f9-a5b7-4bc6-b4fa-26d4e24ae00c: start LeaderElection
2019-11-05 08:34:37,579 [05ace5f9-a5b7-4bc6-b4fa-26d4e24ae00c@group-515877FFDAAC-LeaderElection534] INFO  impl.LeaderElection (LeaderElection.java:askForVotes(178)) - 05ace5f9-a5b7-4bc6-b4fa-26d4e24ae00c@group-515877FFDAAC-LeaderElection534: begin an election at term 119 for -1: [05ace5f9-a5b7-4bc6-b4fa-26d4e24ae00c:192.168.164.217:42356, d92c9463-8e05-4a70-8cc7-1d31ae7ac64a:192.168.164.217:37180, d7b60609-c805-4df6-8140-a27c681dae80:192.168.164.217:37880], old=null
2019-11-05 08:34:37,580 [grpc-default-executor-13] INFO  impl.RaftServerImpl (RaftServerImpl.java:setRole(184)) - d7b60609-c805-4df6-8140-a27c681dae80@group-515877FFDAAC: changes role from  FOLLOWER to FOLLOWER at term 119 for recognizeCandidate:05ace5f9-a5b7-4bc6-b4fa-26d4e24ae00c
2019-11-05 08:34:37,580 [grpc-default-executor-10] INFO  impl.RaftServerImpl (RaftServerImpl.java:setRole(184)) - d92c9463-8e05-4a70-8cc7-1d31ae7ac64a@group-515877FFDAAC: changes role from  FOLLOWER to FOLLOWER at term 119 for recognizeCandidate:05ace5f9-a5b7-4bc6-b4fa-26d4e24ae00c
2019-11-05 08:34:37,580 [grpc-default-executor-10] INFO  impl.RoleInfo (RoleInfo.java:shutdownFollowerState(121)) - d92c9463-8e05-4a70-8cc7-1d31ae7ac64a: shutdown FollowerState
2019-11-05 08:34:37,580 [grpc-default-executor-13] INFO  impl.RoleInfo (RoleInfo.java:shutdownFollowerState(121)) - d7b60609-c805-4df6-8140-a27c681dae80: shutdown FollowerState
2019-11-05 08:34:37,581 [Thread-4379] INFO  impl.FollowerState (FollowerState.java:run(117)) - d92c9463-8e05-4a70-8cc7-1d31ae7ac64a@group-515877FFDAAC-FollowerState was interrupted: java.lang.InterruptedException: sleep interrupted
2019-11-05 08:34:37,581 [grpc-default-executor-10] INFO  impl.RoleInfo (RoleInfo.java:updateAndGet(143)) - d92c9463-8e05-4a70-8cc7-1d31ae7ac64a: start FollowerState
2019-11-05 08:34:37,581 [Thread-4380] INFO  impl.FollowerState (FollowerState.java:run(117)) - d7b60609-c805-4df6-8140-a27c681dae80@group-515877FFDAAC-FollowerState was interrupted: java.lang.InterruptedException: sleep interrupted
2019-11-05 08:34:37,581 [grpc-default-executor-13] INFO  impl.RoleInfo (RoleInfo.java:updateAndGet(143)) - d7b60609-c805-4df6-8140-a27c681dae80: start FollowerState
2019-11-05 08:34:37,607 [05ace5f9-a5b7-4bc6-b4fa-26d4e24ae00c@group-515877FFDAAC-LeaderElection534] INFO  impl.LeaderElection (LeaderElection.java:logAndReturn(56)) - 05ace5f9-a5b7-4bc6-b4fa-26d4e24ae00c@group-515877FFDAAC-LeaderElection534: Election REJECTED; received 2 response(s) [05ace5f9-a5b7-4bc6-b4fa-26d4e24ae00c<-d92c9463-8e05-4a70-8cc7-1d31ae7ac64a#0:FAIL-t119, 05ace5f9-a5b7-4bc6-b4fa-26d4e24ae00c<-d7b60609-c805-4df6-8140-a27c681dae80#0:FAIL-t119] and 0 exception(s); 05ace5f9-a5b7-4bc6-b4fa-26d4e24ae00c@group-515877FFDAAC:t119, leader=null, voted=05ace5f9-a5b7-4bc6-b4fa-26d4e24ae00c, raftlog=05ace5f9-a5b7-4bc6-b4fa-26d4e24ae00c@group-515877FFDAAC-SegmentedRaftLog:OPENED:c-1,f-1,i0, conf=-1: [05ace5f9-a5b7-4bc6-b4fa-26d4e24ae00c:192.168.164.217:42356, d92c9463-8e05-4a70-8cc7-1d31ae7ac64a:192.168.164.217:37180, d7b60609-c805-4df6-8140-a27c681dae80:192.168.164.217:37880], old=null
2019-11-05 08:34:37,607 [05ace5f9-a5b7-4bc6-b4fa-26d4e24ae00c@group-515877FFDAAC-LeaderElection534] INFO  impl.RaftServerImpl (RaftServerImpl.java:setRole(184)) - 05ace5f9-a5b7-4bc6-b4fa-26d4e24ae00c@group-515877FFDAAC: changes role from CANDIDATE to FOLLOWER at term 119 for DISCOVERED_A_NEW_TERM
2019-11-05 08:34:37,607 [05ace5f9-a5b7-4bc6-b4fa-26d4e24ae00c@group-515877FFDAAC-LeaderElection534] INFO  impl.RoleInfo (RoleInfo.java:shutdownLeaderElection(134)) - 05ace5f9-a5b7-4bc6-b4fa-26d4e24ae00c: shutdown LeaderElection
2019-11-05 08:34:37,607 [05ace5f9-a5b7-4bc6-b4fa-26d4e24ae00c@group-515877FFDAAC-LeaderElection534] INFO  impl.RoleInfo (RoleInfo.java:updateAndGet(143)) - 05ace5f9-a5b7-4bc6-b4fa-26d4e24ae00c: start FollowerState
2019-11-05 08:34:37,645 [Thread-4387] INFO  impl.FollowerState (FollowerState.java:run(108)) - 05ace5f9-a5b7-4bc6-b4fa-26d4e24ae00c@group-515877FFDAAC-FollowerState: change to CANDIDATE, lastRpcTime:37ms, electionTimeout:37ms
2019-11-05 08:34:37,645 [Thread-4387] INFO  impl.RoleInfo (RoleInfo.java:shutdownFollowerState(121)) - 05ace5f9-a5b7-4bc6-b4fa-26d4e24ae00c: shutdown FollowerState
2019-11-05 08:34:37,645 [Thread-4387] INFO  impl.RaftServerImpl (RaftServerImpl.java:setRole(184)) - 05ace5f9-a5b7-4bc6-b4fa-26d4e24ae00c@group-515877FFDAAC: changes role from  FOLLOWER to CANDIDATE at term 119 for changeToCandidate
2019-11-05 08:34:37,645 [Thread-4387] INFO  impl.RoleInfo (RoleInfo.java:updateAndGet(143)) - 05ace5f9-a5b7-4bc6-b4fa-26d4e24ae00c: start LeaderElection
2019-11-05 08:34:37,660 [05ace5f9-a5b7-4bc6-b4fa-26d4e24ae00c@group-515877FFDAAC-LeaderElection535] INFO  impl.LeaderElection (LeaderElection.java:askForVotes(178)) - 05ace5f9-a5b7-4bc6-b4fa-26d4e24ae00c@group-515877FFDAAC-LeaderElection535: begin an election at term 120 for -1: [05ace5f9-a5b7-4bc6-b4fa-26d4e24ae00c:192.168.164.217:42356, d92c9463-8e05-4a70-8cc7-1d31ae7ac64a:192.168.164.217:37180, d7b60609-c805-4df6-8140-a27c681dae80:192.168.164.217:37880], old=null
2019-11-05 08:34:37,661 [grpc-default-executor-10] INFO  impl.RaftServerImpl (RaftServerImpl.java:setRole(184)) - d92c9463-8e05-4a70-8cc7-1d31ae7ac64a@group-515877FFDAAC: changes role from  FOLLOWER to FOLLOWER at term 120 for recognizeCandidate:05ace5f9-a5b7-4bc6-b4fa-26d4e24ae00c
2019-11-05 08:34:37,661 [grpc-default-executor-10] INFO  impl.RoleInfo (RoleInfo.java:shutdownFollowerState(121)) - d92c9463-8e05-4a70-8cc7-1d31ae7ac64a: shutdown FollowerState
2019-11-05 08:34:37,661 [grpc-default-executor-13] INFO  impl.RaftServerImpl (RaftServerImpl.java:setRole(184)) - d7b60609-c805-4df6-8140-a27c681dae80@group-515877FFDAAC: changes role from  FOLLOWER to FOLLOWER at term 120 for recognizeCandidate:05ace5f9-a5b7-4bc6-b4fa-26d4e24ae00c
2019-11-05 08:34:37,662 [grpc-default-executor-13] INFO  impl.RoleInfo (RoleInfo.java:shutdownFollowerState(121)) - d7b60609-c805-4df6-8140-a27c681dae80: shutdown FollowerState
2019-11-05 08:34:37,661 [Thread-4385] INFO  impl.FollowerState (FollowerState.java:run(117)) - d92c9463-8e05-4a70-8cc7-1d31ae7ac64a@group-515877FFDAAC-FollowerState was interrupted: java.lang.InterruptedException: sleep interrupted
2019-11-05 08:34:37,661 [grpc-default-executor-10] INFO  impl.RoleInfo (RoleInfo.java:updateAndGet(143)) - d92c9463-8e05-4a70-8cc7-1d31ae7ac64a: start FollowerState
2019-11-05 08:34:37,662 [Thread-4386] INFO  impl.FollowerState (FollowerState.java:run(117)) - d7b60609-c805-4df6-8140-a27c681dae80@group-515877FFDAAC-FollowerState was interrupted: java.lang.InterruptedException: sleep interrupted
2019-11-05 08:34:37,662 [grpc-default-executor-13] INFO  impl.RoleInfo (RoleInfo.java:updateAndGet(143)) - d7b60609-c805-4df6-8140-a27c681dae80: start FollowerState
2019-11-05 08:34:37,678 [05ace5f9-a5b7-4bc6-b4fa-26d4e24ae00c@group-515877FFDAAC-LeaderElection535] INFO  impl.LeaderElection (LeaderElection.java:logAndReturn(56)) - 05ace5f9-a5b7-4bc6-b4fa-26d4e24ae00c@group-515877FFDAAC-LeaderElection535: Election REJECTED; received 2 response(s) [05ace5f9-a5b7-4bc6-b4fa-26d4e24ae00c<-d92c9463-8e05-4a70-8cc7-1d31ae7ac64a#0:FAIL-t120, 05ace5f9-a5b7-4bc6-b4fa-26d4e24ae00c<-d7b60609-c805-4df6-8140-a27c681dae80#0:FAIL-t120] and 0 exception(s); 05ace5f9-a5b7-4bc6-b4fa-26d4e24ae00c@group-515877FFDAAC:t120, leader=null, voted=05ace5f9-a5b7-4bc6-b4fa-26d4e24ae00c, raftlog=05ace5f9-a5b7-4bc6-b4fa-26d4e24ae00c@group-515877FFDAAC-SegmentedRaftLog:OPENED:c-1,f-1,i0, conf=-1: [05ace5f9-a5b7-4bc6-b4fa-26d4e24ae00c:192.168.164.217:42356, d92c9463-8e05-4a70-8cc7-1d31ae7ac64a:192.168.164.217:37180, d7b60609-c805-4df6-8140-a27c681dae80:192.168.164.217:37880], old=null
2019-11-05 08:34:37,678 [05ace5f9-a5b7-4bc6-b4fa-26d4e24ae00c@group-515877FFDAAC-LeaderElection535] INFO  impl.RaftServerImpl (RaftServerImpl.java:setRole(184)) - 05ace5f9-a5b7-4bc6-b4fa-26d4e24ae00c@group-515877FFDAAC: changes role from CANDIDATE to FOLLOWER at term 120 for DISCOVERED_A_NEW_TERM
2019-11-05 08:34:37,679 [05ace5f9-a5b7-4bc6-b4fa-26d4e24ae00c@group-515877FFDAAC-LeaderElection535] INFO  impl.RoleInfo (RoleInfo.java:shutdownLeaderElection(134)) - 05ace5f9-a5b7-4bc6-b4fa-26d4e24ae00c: shutdown LeaderElection
2019-11-05 08:34:37,679 [05ace5f9-a5b7-4bc6-b4fa-26d4e24ae00c@group-515877FFDAAC-LeaderElection535] INFO  impl.RoleInfo (RoleInfo.java:updateAndGet(143)) - 05ace5f9-a5b7-4bc6-b4fa-26d4e24ae00c: start FollowerState
2019-11-05 08:34:37,864 [Thread-4393] INFO  impl.FollowerState (FollowerState.java:run(108)) - 05ace5f9-a5b7-4bc6-b4fa-26d4e24ae00c@group-515877FFDAAC-FollowerState: change to CANDIDATE, lastRpcTime:185ms, electionTimeout:185ms
2019-11-05 08:34:37,864 [Thread-4393] INFO  impl.RoleInfo (RoleInfo.java:shutdownFollowerState(121)) - 05ace5f9-a5b7-4bc6-b4fa-26d4e24ae00c: shutdown FollowerState
2019-11-05 08:34:37,865 [Thread-4393] INFO  impl.RaftServerImpl (RaftServerImpl.java:setRole(184)) - 05ace5f9-a5b7-4bc6-b4fa-26d4e24ae00c@group-515877FFDAAC: changes role from  FOLLOWER to CANDIDATE at term 120 for changeToCandidate
2019-11-05 08:34:37,865 [Thread-4393] INFO  impl.RoleInfo (RoleInfo.java:updateAndGet(143)) - 05ace5f9-a5b7-4bc6-b4fa-26d4e24ae00c: start LeaderElection
2019-11-05 08:34:37,878 [05ace5f9-a5b7-4bc6-b4fa-26d4e24ae00c@group-515877FFDAAC-LeaderElection536] INFO  impl.LeaderElection (LeaderElection.java:askForVotes(178)) - 05ace5f9-a5b7-4bc6-b4fa-26d4e24ae00c@group-515877FFDAAC-LeaderElection536: begin an election at term 121 for -1: [05ace5f9-a5b7-4bc6-b4fa-26d4e24ae00c:192.168.164.217:42356, d92c9463-8e05-4a70-8cc7-1d31ae7ac64a:192.168.164.217:37180, d7b60609-c805-4df6-8140-a27c681dae80:192.168.164.217:37880], old=null
2019-11-05 08:34:37,881 [grpc-default-executor-13] INFO  impl.RaftServerImpl (RaftServerImpl.java:setRole(184)) - d92c9463-8e05-4a70-8cc7-1d31ae7ac64a@group-515877FFDAAC: changes role from  FOLLOWER to FOLLOWER at term 121 for recognizeCandidate:05ace5f9-a5b7-4bc6-b4fa-26d4e24ae00c
2019-11-05 08:34:37,881 [grpc-default-executor-10] INFO  impl.RaftServerImpl (RaftServerImpl.java:setRole(184)) - d7b60609-c805-4df6-8140-a27c681dae80@group-515877FFDAAC: changes role from  FOLLOWER to FOLLOWER at term 121 for recognizeCandidate:05ace5f9-a5b7-4bc6-b4fa-26d4e24ae00c
2019-11-05 08:34:37,881 [grpc-default-executor-10] INFO  impl.RoleInfo (RoleInfo.java:shutdownFollowerState(121)) - d7b60609-c805-4df6-8140-a27c681dae80: shutdown FollowerState
2019-11-05 08:34:37,881 [grpc-default-executor-13] INFO  impl.RoleInfo (RoleInfo.java:shutdownFollowerState(121)) - d92c9463-8e05-4a70-8cc7-1d31ae7ac64a: shutdown FollowerState
2019-11-05 08:34:37,881 [Thread-4392] INFO  impl.FollowerState (FollowerState.java:run(117)) - d7b60609-c805-4df6-8140-a27c681dae80@group-515877FFDAAC-FollowerState was interrupted: java.lang.InterruptedException: sleep interrupted
2019-11-05 08:34:37,881 [grpc-default-executor-10] INFO  impl.RoleInfo (RoleInfo.java:updateAndGet(143)) - d7b60609-c805-4df6-8140-a27c681dae80: start FollowerState
2019-11-05 08:34:37,881 [Thread-4391] INFO  impl.FollowerState (FollowerState.java:run(117)) - d92c9463-8e05-4a70-8cc7-1d31ae7ac64a@group-515877FFDAAC-FollowerState was interrupted: java.lang.InterruptedException: sleep interrupted
2019-11-05 08:34:37,881 [grpc-default-executor-13] INFO  impl.RoleInfo (RoleInfo.java:updateAndGet(143)) - d92c9463-8e05-4a70-8cc7-1d31ae7ac64a: start FollowerState
2019-11-05 08:34:37,887 [05ace5f9-a5b7-4bc6-b4fa-26d4e24ae00c@group-515877FFDAAC-LeaderElection536] INFO  impl.LeaderElection (LeaderElection.java:logAndReturn(56)) - 05ace5f9-a5b7-4bc6-b4fa-26d4e24ae00c@group-515877FFDAAC-LeaderElection536: Election TIMEOUT; received 0 response(s) [] and 0 exception(s); 05ace5f9-a5b7-4bc6-b4fa-26d4e24ae00c@group-515877FFDAAC:t121, leader=null, voted=05ace5f9-a5b7-4bc6-b4fa-26d4e24ae00c, raftlog=05ace5f9-a5b7-4bc6-b4fa-26d4e24ae00c@group-515877FFDAAC-SegmentedRaftLog:OPENED:c-1,f-1,i0, conf=-1: [05ace5f9-a5b7-4bc6-b4fa-26d4e24ae00c:192.168.164.217:42356, d92c9463-8e05-4a70-8cc7-1d31ae7ac64a:192.168.164.217:37180, d7b60609-c805-4df6-8140-a27c681dae80:192.168.164.217:37880], old=null
2019-11-05 08:34:37,907 [05ace5f9-a5b7-4bc6-b4fa-26d4e24ae00c@group-515877FFDAAC-LeaderElection536] INFO  impl.LeaderElection (LeaderElection.java:askForVotes(178)) - 05ace5f9-a5b7-4bc6-b4fa-26d4e24ae00c@group-515877FFDAAC-LeaderElection536: begin an election at term 122 for -1: [05ace5f9-a5b7-4bc6-b4fa-26d4e24ae00c:192.168.164.217:42356, d92c9463-8e05-4a70-8cc7-1d31ae7ac64a:192.168.164.217:37180, d7b60609-c805-4df6-8140-a27c681dae80:192.168.164.217:37880], old=null
2019-11-05 08:34:37,909 [grpc-default-executor-13] INFO  impl.RaftServerImpl (RaftServerImpl.java:setRole(184)) - d92c9463-8e05-4a70-8cc7-1d31ae7ac64a@group-515877FFDAAC: changes role from  FOLLOWER to FOLLOWER at term 122 for recognizeCandidate:05ace5f9-a5b7-4bc6-b4fa-26d4e24ae00c
2019-11-05 08:34:37,909 [grpc-default-executor-13] INFO  impl.RoleInfo (RoleInfo.java:shutdownFollowerState(121)) - d92c9463-8e05-4a70-8cc7-1d31ae7ac64a: shutdown FollowerState
2019-11-05 08:34:37,909 [grpc-default-executor-13] INFO  impl.RoleInfo (RoleInfo.java:updateAndGet(143)) - d92c9463-8e05-4a70-8cc7-1d31ae7ac64a: start FollowerState
2019-11-05 08:34:37,909 [grpc-default-executor-10] INFO  impl.RaftServerImpl (RaftServerImpl.java:setRole(184)) - d7b60609-c805-4df6-8140-a27c681dae80@group-515877FFDAAC: changes role from  FOLLOWER to FOLLOWER at term 122 for recognizeCandidate:05ace5f9-a5b7-4bc6-b4fa-26d4e24ae00c
2019-11-05 08:34:37,909 [grpc-default-executor-10] INFO  impl.RoleInfo (RoleInfo.java:shutdownFollowerState(121)) - d7b60609-c805-4df6-8140-a27c681dae80: shutdown FollowerState
2019-11-05 08:34:37,909 [Thread-4400] INFO  impl.FollowerState (FollowerState.java:run(117)) - d92c9463-8e05-4a70-8cc7-1d31ae7ac64a@group-515877FFDAAC-FollowerState was interrupted: java.lang.InterruptedException: sleep interrupted
2019-11-05 08:34:37,909 [Thread-4399] INFO  impl.FollowerState (FollowerState.java:run(117)) - d7b60609-c805-4df6-8140-a27c681dae80@group-515877FFDAAC-FollowerState was interrupted: java.lang.InterruptedException: sleep interrupted
2019-11-05 08:34:37,909 [grpc-default-executor-10] INFO  impl.RoleInfo (RoleInfo.java:updateAndGet(143)) - d7b60609-c805-4df6-8140-a27c681dae80: start FollowerState
2019-11-05 08:34:37,935 [05ace5f9-a5b7-4bc6-b4fa-26d4e24ae00c@group-515877FFDAAC-LeaderElection536] INFO  impl.LeaderElection (LeaderElection.java:logAndReturn(56)) - 05ace5f9-a5b7-4bc6-b4fa-26d4e24ae00c@group-515877FFDAAC-LeaderElection536: Election REJECTED; received 2 response(s) [05ace5f9-a5b7-4bc6-b4fa-26d4e24ae00c<-d92c9463-8e05-4a70-8cc7-1d31ae7ac64a#0:FAIL-t122, 05ace5f9-a5b7-4bc6-b4fa-26d4e24ae00c<-d7b60609-c805-4df6-8140-a27c681dae80#0:FAIL-t122] and 0 exception(s); 05ace5f9-a5b7-4bc6-b4fa-26d4e24ae00c@group-515877FFDAAC:t122, leader=null, voted=05ace5f9-a5b7-4bc6-b4fa-26d4e24ae00c, raftlog=05ace5f9-a5b7-4bc6-b4fa-26d4e24ae00c@group-515877FFDAAC-SegmentedRaftLog:OPENED:c-1,f-1,i0, conf=-1: [05ace5f9-a5b7-4bc6-b4fa-26d4e24ae00c:192.168.164.217:42356, d92c9463-8e05-4a70-8cc7-1d31ae7ac64a:192.168.164.217:37180, d7b60609-c805-4df6-8140-a27c681dae80:192.168.164.217:37880], old=null
2019-11-05 08:34:37,935 [05ace5f9-a5b7-4bc6-b4fa-26d4e24ae00c@group-515877FFDAAC-LeaderElection536] INFO  impl.RaftServerImpl (RaftServerImpl.java:setRole(184)) - 05ace5f9-a5b7-4bc6-b4fa-26d4e24ae00c@group-515877FFDAAC: changes role from CANDIDATE to FOLLOWER at term 122 for DISCOVERED_A_NEW_TERM
2019-11-05 08:34:37,935 [05ace5f9-a5b7-4bc6-b4fa-26d4e24ae00c@group-515877FFDAAC-LeaderElection536] INFO  impl.RoleInfo (RoleInfo.java:shutdownLeaderElection(134)) - 05ace5f9-a5b7-4bc6-b4fa-26d4e24ae00c: shutdown LeaderElection
2019-11-05 08:34:37,935 [05ace5f9-a5b7-4bc6-b4fa-26d4e24ae00c@group-515877FFDAAC-LeaderElection536] INFO  impl.RoleInfo (RoleInfo.java:updateAndGet(143)) - 05ace5f9-a5b7-4bc6-b4fa-26d4e24ae00c: start FollowerState
2019-11-05 08:34:38,096 [Thread-4405] INFO  impl.FollowerState (FollowerState.java:run(108)) - 05ace5f9-a5b7-4bc6-b4fa-26d4e24ae00c@group-515877FFDAAC-FollowerState: change to CANDIDATE, lastRpcTime:161ms, electionTimeout:161ms
2019-11-05 08:34:38,097 [Thread-4405] INFO  impl.RoleInfo (RoleInfo.java:shutdownFollowerState(121)) - 05ace5f9-a5b7-4bc6-b4fa-26d4e24ae00c: shutdown FollowerState
2019-11-05 08:34:38,097 [Thread-4405] INFO  impl.RaftServerImpl (RaftServerImpl.java:setRole(184)) - 05ace5f9-a5b7-4bc6-b4fa-26d4e24ae00c@group-515877FFDAAC: changes role from  FOLLOWER to CANDIDATE at term 122 for changeToCandidate
2019-11-05 08:34:38,097 [Thread-4405] INFO  impl.RoleInfo (RoleInfo.java:updateAndGet(143)) - 05ace5f9-a5b7-4bc6-b4fa-26d4e24ae00c: start LeaderElection
2019-11-05 08:34:38,111 [05ace5f9-a5b7-4bc6-b4fa-26d4e24ae00c@group-515877FFDAAC-LeaderElection537] INFO  impl.LeaderElection (LeaderElection.java:askForVotes(178)) - 05ace5f9-a5b7-4bc6-b4fa-26d4e24ae00c@group-515877FFDAAC-LeaderElection537: begin an election at term 123 for -1: [05ace5f9-a5b7-4bc6-b4fa-26d4e24ae00c:192.168.164.217:42356, d92c9463-8e05-4a70-8cc7-1d31ae7ac64a:192.168.164.217:37180, d7b60609-c805-4df6-8140-a27c681dae80:192.168.164.217:37880], old=null
2019-11-05 08:34:38,113 [grpc-default-executor-10] INFO  impl.RaftServerImpl (RaftServerImpl.java:setRole(184)) - d7b60609-c805-4df6-8140-a27c681dae80@group-515877FFDAAC: changes role from  FOLLOWER to FOLLOWER at term 123 for recognizeCandidate:05ace5f9-a5b7-4bc6-b4fa-26d4e24ae00c
2019-11-05 08:34:38,113 [grpc-default-executor-13] INFO  impl.RaftServerImpl (RaftServerImpl.java:setRole(184)) - d92c9463-8e05-4a70-8cc7-1d31ae7ac64a@group-515877FFDAAC: changes role from  FOLLOWER to FOLLOWER at term 123 for recognizeCandidate:05ace5f9-a5b7-4bc6-b4fa-26d4e24ae00c
2019-11-05 08:34:38,113 [grpc-default-executor-13] INFO  impl.RoleInfo (RoleInfo.java:shutdownFollowerState(121)) - d92c9463-8e05-4a70-8cc7-1d31ae7ac64a: shutdown FollowerState
2019-11-05 08:34:38,113 [grpc-default-executor-10] INFO  impl.RoleInfo (RoleInfo.java:shutdownFollowerState(121)) - d7b60609-c805-4df6-8140-a27c681dae80: shutdown FollowerState
2019-11-05 08:34:38,114 [Thread-4403] INFO  impl.FollowerState (FollowerState.java:run(117)) - d92c9463-8e05-4a70-8cc7-1d31ae7ac64a@group-515877FFDAAC-FollowerState was interrupted: java.lang.InterruptedException: sleep interrupted
2019-11-05 08:34:38,114 [Thread-4404] INFO  impl.FollowerState (FollowerState.java:run(117)) - d7b60609-c805-4df6-8140-a27c681dae80@group-515877FFDAAC-FollowerState was interrupted: java.lang.InterruptedException: sleep interrupted
2019-11-05 08:34:38,113 [grpc-default-executor-13] INFO  impl.RoleInfo (RoleInfo.java:updateAndGet(143)) - d92c9463-8e05-4a70-8cc7-1d31ae7ac64a: start FollowerState
2019-11-05 08:34:38,114 [grpc-default-executor-10] INFO  impl.RoleInfo (RoleInfo.java:updateAndGet(143)) - d7b60609-c805-4df6-8140-a27c681dae80: start FollowerState
2019-11-05 08:34:38,127 [05ace5f9-a5b7-4bc6-b4fa-26d4e24ae00c@group-515877FFDAAC-LeaderElection537] INFO  impl.LeaderElection (LeaderElection.java:logAndReturn(56)) - 05ace5f9-a5b7-4bc6-b4fa-26d4e24ae00c@group-515877FFDAAC-LeaderElection537: Election REJECTED; received 2 response(s) [05ace5f9-a5b7-4bc6-b4fa-26d4e24ae00c<-d92c9463-8e05-4a70-8cc7-1d31ae7ac64a#0:FAIL-t123, 05ace5f9-a5b7-4bc6-b4fa-26d4e24ae00c<-d7b60609-c805-4df6-8140-a27c681dae80#0:FAIL-t123] and 0 exception(s); 05ace5f9-a5b7-4bc6-b4fa-26d4e24ae00c@group-515877FFDAAC:t123, leader=null, voted=05ace5f9-a5b7-4bc6-b4fa-26d4e24ae00c, raftlog=05ace5f9-a5b7-4bc6-b4fa-26d4e24ae00c@group-515877FFDAAC-SegmentedRaftLog:OPENED:c-1,f-1,i0, conf=-1: [05ace5f9-a5b7-4bc6-b4fa-26d4e24ae00c:192.168.164.217:42356, d92c9463-8e05-4a70-8cc7-1d31ae7ac64a:192.168.164.217:37180, d7b60609-c805-4df6-8140-a27c681dae80:192.168.164.217:37880], old=null
2019-11-05 08:34:38,128 [05ace5f9-a5b7-4bc6-b4fa-26d4e24ae00c@group-515877FFDAAC-LeaderElection537] INFO  impl.RaftServerImpl (RaftServerImpl.java:setRole(184)) - 05ace5f9-a5b7-4bc6-b4fa-26d4e24ae00c@group-515877FFDAAC: changes role from CANDIDATE to FOLLOWER at term 123 for DISCOVERED_A_NEW_TERM
2019-11-05 08:34:38,128 [05ace5f9-a5b7-4bc6-b4fa-26d4e24ae00c@group-515877FFDAAC-LeaderElection537] INFO  impl.RoleInfo (RoleInfo.java:shutdownLeaderElection(134)) - 05ace5f9-a5b7-4bc6-b4fa-26d4e24ae00c: shutdown LeaderElection
2019-11-05 08:34:38,128 [05ace5f9-a5b7-4bc6-b4fa-26d4e24ae00c@group-515877FFDAAC-LeaderElection537] INFO  impl.RoleInfo (RoleInfo.java:updateAndGet(143)) - 05ace5f9-a5b7-4bc6-b4fa-26d4e24ae00c: start FollowerState
2019-11-05 08:34:38,238 [Thread-4413] INFO  impl.FollowerState (FollowerState.java:run(108)) - 05ace5f9-a5b7-4bc6-b4fa-26d4e24ae00c@group-515877FFDAAC-FollowerState: change to CANDIDATE, lastRpcTime:110ms, electionTimeout:110ms
2019-11-05 08:34:38,238 [Thread-4413] INFO  impl.RoleInfo (RoleInfo.java:shutdownFollowerState(121)) - 05ace5f9-a5b7-4bc6-b4fa-26d4e24ae00c: shutdown FollowerState
2019-11-05 08:34:38,238 [Thread-4413] INFO  impl.RaftServerImpl (RaftServerImpl.java:setRole(184)) - 05ace5f9-a5b7-4bc6-b4fa-26d4e24ae00c@group-515877FFDAAC: changes role from  FOLLOWER to CANDIDATE at term 123 for changeToCandidate
2019-11-05 08:34:38,238 [Thread-4413] INFO  impl.RoleInfo (RoleInfo.java:updateAndGet(143)) - 05ace5f9-a5b7-4bc6-b4fa-26d4e24ae00c: start LeaderElection
2019-11-05 08:34:38,251 [05ace5f9-a5b7-4bc6-b4fa-26d4e24ae00c@group-515877FFDAAC-LeaderElection538] INFO  impl.LeaderElection (LeaderElection.java:askForVotes(178)) - 05ace5f9-a5b7-4bc6-b4fa-26d4e24ae00c@group-515877FFDAAC-LeaderElection538: begin an election at term 124 for -1: [05ace5f9-a5b7-4bc6-b4fa-26d4e24ae00c:192.168.164.217:42356, d92c9463-8e05-4a70-8cc7-1d31ae7ac64a:192.168.164.217:37180, d7b60609-c805-4df6-8140-a27c681dae80:192.168.164.217:37880], old=null
2019-11-05 08:34:38,252 [grpc-default-executor-10] INFO  impl.RaftServerImpl (RaftServerImpl.java:setRole(184)) - d92c9463-8e05-4a70-8cc7-1d31ae7ac64a@group-515877FFDAAC: changes role from  FOLLOWER to FOLLOWER at term 124 for recognizeCandidate:05ace5f9-a5b7-4bc6-b4fa-26d4e24ae00c
2019-11-05 08:34:38,253 [grpc-default-executor-10] INFO  impl.RoleInfo (RoleInfo.java:shutdownFollowerState(121)) - d92c9463-8e05-4a70-8cc7-1d31ae7ac64a: shutdown FollowerState
2019-11-05 08:34:38,253 [grpc-default-executor-10] INFO  impl.RoleInfo (RoleInfo.java:updateAndGet(143)) - d92c9463-8e05-4a70-8cc7-1d31ae7ac64a: start FollowerState
2019-11-05 08:34:38,253 [Thread-4411] INFO  impl.FollowerState (FollowerState.java:run(117)) - d92c9463-8e05-4a70-8cc7-1d31ae7ac64a@group-515877FFDAAC-FollowerState was interrupted: java.lang.InterruptedException: sleep interrupted
2019-11-05 08:34:38,253 [grpc-default-executor-13] INFO  impl.RaftServerImpl (RaftServerImpl.java:setRole(184)) - d7b60609-c805-4df6-8140-a27c681dae80@group-515877FFDAAC: changes role from  FOLLOWER to FOLLOWER at term 124 for recognizeCandidate:05ace5f9-a5b7-4bc6-b4fa-26d4e24ae00c
2019-11-05 08:34:38,253 [grpc-default-executor-13] INFO  impl.RoleInfo (RoleInfo.java:shutdownFollowerState(121)) - d7b60609-c805-4df6-8140-a27c681dae80: shutdown FollowerState
2019-11-05 08:34:38,253 [grpc-default-executor-13] INFO  impl.RoleInfo (RoleInfo.java:updateAndGet(143)) - d7b60609-c805-4df6-8140-a27c681dae80: start FollowerState
2019-11-05 08:34:38,253 [Thread-4412] INFO  impl.FollowerState (FollowerState.java:run(117)) - d7b60609-c805-4df6-8140-a27c681dae80@group-515877FFDAAC-FollowerState was interrupted: java.lang.InterruptedException: sleep interrupted
2019-11-05 08:34:38,278 [05ace5f9-a5b7-4bc6-b4fa-26d4e24ae00c@group-515877FFDAAC-LeaderElection538] INFO  impl.LeaderElection (LeaderElection.java:logAndReturn(56)) - 05ace5f9-a5b7-4bc6-b4fa-26d4e24ae00c@group-515877FFDAAC-LeaderElection538: Election REJECTED; received 2 response(s) [05ace5f9-a5b7-4bc6-b4fa-26d4e24ae00c<-d92c9463-8e05-4a70-8cc7-1d31ae7ac64a#0:FAIL-t124, 05ace5f9-a5b7-4bc6-b4fa-26d4e24ae00c<-d7b60609-c805-4df6-8140-a27c681dae80#0:FAIL-t124] and 0 exception(s); 05ace5f9-a5b7-4bc6-b4fa-26d4e24ae00c@group-515877FFDAAC:t124, leader=null, voted=05ace5f9-a5b7-4bc6-b4fa-26d4e24ae00c, raftlog=05ace5f9-a5b7-4bc6-b4fa-26d4e24ae00c@group-515877FFDAAC-SegmentedRaftLog:OPENED:c-1,f-1,i0, conf=-1: [05ace5f9-a5b7-4bc6-b4fa-26d4e24ae00c:192.168.164.217:42356, d92c9463-8e05-4a70-8cc7-1d31ae7ac64a:192.168.164.217:37180, d7b60609-c805-4df6-8140-a27c681dae80:192.168.164.217:37880], old=null
2019-11-05 08:34:38,278 [05ace5f9-a5b7-4bc6-b4fa-26d4e24ae00c@group-515877FFDAAC-LeaderElection538] INFO  impl.RaftServerImpl (RaftServerImpl.java:setRole(184)) - 05ace5f9-a5b7-4bc6-b4fa-26d4e24ae00c@group-515877FFDAAC: changes role from CANDIDATE to FOLLOWER at term 124 for DISCOVERED_A_NEW_TERM
2019-11-05 08:34:38,279 [05ace5f9-a5b7-4bc6-b4fa-26d4e24ae00c@group-515877FFDAAC-LeaderElection538] INFO  impl.RoleInfo (RoleInfo.java:shutdownLeaderElection(134)) - 05ace5f9-a5b7-4bc6-b4fa-26d4e24ae00c: shutdown LeaderElection
2019-11-05 08:34:38,279 [05ace5f9-a5b7-4bc6-b4fa-26d4e24ae00c@group-515877FFDAAC-LeaderElection538] INFO  impl.RoleInfo (RoleInfo.java:updateAndGet(143)) - 05ace5f9-a5b7-4bc6-b4fa-26d4e24ae00c: start FollowerState
2019-11-05 08:34:38,457 [Thread-4421] INFO  impl.FollowerState (FollowerState.java:run(108)) - 05ace5f9-a5b7-4bc6-b4fa-26d4e24ae00c@group-515877FFDAAC-FollowerState: change to CANDIDATE, lastRpcTime:178ms, electionTimeout:178ms
2019-11-05 08:34:38,457 [Thread-4421] INFO  impl.RoleInfo (RoleInfo.java:shutdownFollowerState(121)) - 05ace5f9-a5b7-4bc6-b4fa-26d4e24ae00c: shutdown FollowerState
2019-11-05 08:34:38,457 [Thread-4421] INFO  impl.RaftServerImpl (RaftServerImpl.java:setRole(184)) - 05ace5f9-a5b7-4bc6-b4fa-26d4e24ae00c@group-515877FFDAAC: changes role from  FOLLOWER to CANDIDATE at term 124 for changeToCandidate
2019-11-05 08:34:38,458 [Thread-4421] INFO  impl.RoleInfo (RoleInfo.java:updateAndGet(143)) - 05ace5f9-a5b7-4bc6-b4fa-26d4e24ae00c: start LeaderElection
2019-11-05 08:34:38,483 [05ace5f9-a5b7-4bc6-b4fa-26d4e24ae00c@group-515877FFDAAC-LeaderElection539] INFO  impl.LeaderElection (LeaderElection.java:askForVotes(178)) - 05ace5f9-a5b7-4bc6-b4fa-26d4e24ae00c@group-515877FFDAAC-LeaderElection539: begin an election at term 125 for -1: [05ace5f9-a5b7-4bc6-b4fa-26d4e24ae00c:192.168.164.217:42356, d92c9463-8e05-4a70-8cc7-1d31ae7ac64a:192.168.164.217:37180, d7b60609-c805-4df6-8140-a27c681dae80:192.168.164.217:37880], old=null
2019-11-05 08:34:38,486 [grpc-default-executor-10] INFO  impl.RaftServerImpl (RaftServerImpl.java:setRole(184)) - d92c9463-8e05-4a70-8cc7-1d31ae7ac64a@group-515877FFDAAC: changes role from  FOLLOWER to FOLLOWER at term 125 for recognizeCandidate:05ace5f9-a5b7-4bc6-b4fa-26d4e24ae00c
2019-11-05 08:34:38,486 [grpc-default-executor-10] INFO  impl.RoleInfo (RoleInfo.java:shutdownFollowerState(121)) - d92c9463-8e05-4a70-8cc7-1d31ae7ac64a: shutdown FollowerState
2019-11-05 08:34:38,486 [grpc-default-executor-13] INFO  impl.RaftServerImpl (RaftServerImpl.java:setRole(184)) - d7b60609-c805-4df6-8140-a27c681dae80@group-515877FFDAAC: changes role from  FOLLOWER to FOLLOWER at term 125 for recognizeCandidate:05ace5f9-a5b7-4bc6-b4fa-26d4e24ae00c
2019-11-05 08:34:38,486 [grpc-default-executor-13] INFO  impl.RoleInfo (RoleInfo.java:shutdownFollowerState(121)) - d7b60609-c805-4df6-8140-a27c681dae80: shutdown FollowerState
2019-11-05 08:34:38,486 [Thread-4419] INFO  impl.FollowerState (FollowerState.java:run(117)) - d92c9463-8e05-4a70-8cc7-1d31ae7ac64a@group-515877FFDAAC-FollowerState was interrupted: java.lang.InterruptedException: sleep interrupted
2019-11-05 08:34:38,486 [grpc-default-executor-10] INFO  impl.RoleInfo (RoleInfo.java:updateAndGet(143)) - d92c9463-8e05-4a70-8cc7-1d31ae7ac64a: start FollowerState
2019-11-05 08:34:38,486 [Thread-4420] INFO  impl.FollowerState (FollowerState.java:run(117)) - d7b60609-c805-4df6-8140-a27c681dae80@group-515877FFDAAC-FollowerState was interrupted: java.lang.InterruptedException: sleep interrupted
2019-11-05 08:34:38,486 [grpc-default-executor-13] INFO  impl.RoleInfo (RoleInfo.java:updateAndGet(143)) - d7b60609-c805-4df6-8140-a27c681dae80: start FollowerState
2019-11-05 08:34:38,515 [05ace5f9-a5b7-4bc6-b4fa-26d4e24ae00c@group-515877FFDAAC-LeaderElection539] INFO  impl.LeaderElection (LeaderElection.java:logAndReturn(56)) - 05ace5f9-a5b7-4bc6-b4fa-26d4e24ae00c@group-515877FFDAAC-LeaderElection539: Election REJECTED; received 2 response(s) [05ace5f9-a5b7-4bc6-b4fa-26d4e24ae00c<-d92c9463-8e05-4a70-8cc7-1d31ae7ac64a#0:FAIL-t125, 05ace5f9-a5b7-4bc6-b4fa-26d4e24ae00c<-d7b60609-c805-4df6-8140-a27c681dae80#0:FAIL-t125] and 0 exception(s); 05ace5f9-a5b7-4bc6-b4fa-26d4e24ae00c@group-515877FFDAAC:t125, leader=null, voted=05ace5f9-a5b7-4bc6-b4fa-26d4e24ae00c, raftlog=05ace5f9-a5b7-4bc6-b4fa-26d4e24ae00c@group-515877FFDAAC-SegmentedRaftLog:OPENED:c-1,f-1,i0, conf=-1: [05ace5f9-a5b7-4bc6-b4fa-26d4e24ae00c:192.168.164.217:42356, d92c9463-8e05-4a70-8cc7-1d31ae7ac64a:192.168.164.217:37180, d7b60609-c805-4df6-8140-a27c681dae80:192.168.164.217:37880], old=null
2019-11-05 08:34:38,515 [05ace5f9-a5b7-4bc6-b4fa-26d4e24ae00c@group-515877FFDAAC-LeaderElection539] INFO  impl.RaftServerImpl (RaftServerImpl.java:setRole(184)) - 05ace5f9-a5b7-4bc6-b4fa-26d4e24ae00c@group-515877FFDAAC: changes role from CANDIDATE to FOLLOWER at term 125 for DISCOVERED_A_NEW_TERM
2019-11-05 08:34:38,515 [05ace5f9-a5b7-4bc6-b4fa-26d4e24ae00c@group-515877FFDAAC-LeaderElection539] INFO  impl.RoleInfo (RoleInfo.java:shutdownLeaderElection(134)) - 05ace5f9-a5b7-4bc6-b4fa-26d4e24ae00c: shutdown LeaderElection
2019-11-05 08:34:38,515 [05ace5f9-a5b7-4bc6-b4fa-26d4e24ae00c@group-515877FFDAAC-LeaderElection539] INFO  impl.RoleInfo (RoleInfo.java:updateAndGet(143)) - 05ace5f9-a5b7-4bc6-b4fa-26d4e24ae00c: start FollowerState
2019-11-05 08:34:38,618 [Thread-4429] INFO  impl.FollowerState (FollowerState.java:run(108)) - 05ace5f9-a5b7-4bc6-b4fa-26d4e24ae00c@group-515877FFDAAC-FollowerState: change to CANDIDATE, lastRpcTime:102ms, electionTimeout:102ms
2019-11-05 08:34:38,618 [Thread-4429] INFO  impl.RoleInfo (RoleInfo.java:shutdownFollowerState(121)) - 05ace5f9-a5b7-4bc6-b4fa-26d4e24ae00c: shutdown FollowerState
2019-11-05 08:34:38,618 [Thread-4429] INFO  impl.RaftServerImpl (RaftServerImpl.java:setRole(184)) - 05ace5f9-a5b7-4bc6-b4fa-26d4e24ae00c@group-515877FFDAAC: changes role from  FOLLOWER to CANDIDATE at term 125 for changeToCandidate
2019-11-05 08:34:38,618 [Thread-4429] INFO  impl.RoleInfo (RoleInfo.java:updateAndGet(143)) - 05ace5f9-a5b7-4bc6-b4fa-26d4e24ae00c: start LeaderElection
2019-11-05 08:34:38,631 [05ace5f9-a5b7-4bc6-b4fa-26d4e24ae00c@group-515877FFDAAC-LeaderElection540] INFO  impl.LeaderElection (LeaderElection.java:askForVotes(178)) - 05ace5f9-a5b7-4bc6-b4fa-26d4e24ae00c@group-515877FFDAAC-LeaderElection540: begin an election at term 126 for -1: [05ace5f9-a5b7-4bc6-b4fa-26d4e24ae00c:192.168.164.217:42356, d92c9463-8e05-4a70-8cc7-1d31ae7ac64a:192.168.164.217:37180, d7b60609-c805-4df6-8140-a27c681dae80:192.168.164.217:37880], old=null
2019-11-05 08:34:38,632 [grpc-default-executor-13] INFO  impl.RaftServerImpl (RaftServerImpl.java:setRole(184)) - d92c9463-8e05-4a70-8cc7-1d31ae7ac64a@group-515877FFDAAC: changes role from  FOLLOWER to FOLLOWER at term 126 for recognizeCandidate:05ace5f9-a5b7-4bc6-b4fa-26d4e24ae00c
2019-11-05 08:34:38,633 [grpc-default-executor-13] INFO  impl.RoleInfo (RoleInfo.java:shutdownFollowerState(121)) - d92c9463-8e05-4a70-8cc7-1d31ae7ac64a: shutdown FollowerState
2019-11-05 08:34:38,633 [grpc-default-executor-13] INFO  impl.RoleInfo (RoleInfo.java:updateAndGet(143)) - d92c9463-8e05-4a70-8cc7-1d31ae7ac64a: start FollowerState
2019-11-05 08:34:38,633 [Thread-4425] INFO  impl.FollowerState (FollowerState.java:run(117)) - d92c9463-8e05-4a70-8cc7-1d31ae7ac64a@group-515877FFDAAC-FollowerState was interrupted: java.lang.InterruptedException: sleep interrupted
2019-11-05 08:34:38,633 [grpc-default-executor-10] INFO  impl.RaftServerImpl (RaftServerImpl.java:setRole(184)) - d7b60609-c805-4df6-8140-a27c681dae80@group-515877FFDAAC: changes role from  FOLLOWER to FOLLOWER at term 126 for recognizeCandidate:05ace5f9-a5b7-4bc6-b4fa-26d4e24ae00c
2019-11-05 08:34:38,633 [grpc-default-executor-10] INFO  impl.RoleInfo (RoleInfo.java:shutdownFollowerState(121)) - d7b60609-c805-4df6-8140-a27c681dae80: shutdown FollowerState
2019-11-05 08:34:38,633 [grpc-default-executor-10] INFO  impl.RoleInfo (RoleInfo.java:updateAndGet(143)) - d7b60609-c805-4df6-8140-a27c681dae80: start FollowerState
2019-11-05 08:34:38,634 [Thread-4426] INFO  impl.FollowerState (FollowerState.java:run(117)) - d7b60609-c805-4df6-8140-a27c681dae80@group-515877FFDAAC-FollowerState was interrupted: java.lang.InterruptedException: sleep interrupted
2019-11-05 08:34:38,648 [05ace5f9-a5b7-4bc6-b4fa-26d4e24ae00c@group-515877FFDAAC-LeaderElection540] INFO  impl.LeaderElection (LeaderElection.java:logAndReturn(56)) - 05ace5f9-a5b7-4bc6-b4fa-26d4e24ae00c@group-515877FFDAAC-LeaderElection540: Election REJECTED; received 2 response(s) [05ace5f9-a5b7-4bc6-b4fa-26d4e24ae00c<-d92c9463-8e05-4a70-8cc7-1d31ae7ac64a#0:FAIL-t126, 05ace5f9-a5b7-4bc6-b4fa-26d4e24ae00c<-d7b60609-c805-4df6-8140-a27c681dae80#0:FAIL-t126] and 0 exception(s); 05ace5f9-a5b7-4bc6-b4fa-26d4e24ae00c@group-515877FFDAAC:t126, leader=null, voted=05ace5f9-a5b7-4bc6-b4fa-26d4e24ae00c, raftlog=05ace5f9-a5b7-4bc6-b4fa-26d4e24ae00c@group-515877FFDAAC-SegmentedRaftLog:OPENED:c-1,f-1,i0, conf=-1: [05ace5f9-a5b7-4bc6-b4fa-26d4e24ae00c:192.168.164.217:42356, d92c9463-8e05-4a70-8cc7-1d31ae7ac64a:192.168.164.217:37180, d7b60609-c805-4df6-8140-a27c681dae80:192.168.164.217:37880], old=null
2019-11-05 08:34:38,648 [05ace5f9-a5b7-4bc6-b4fa-26d4e24ae00c@group-515877FFDAAC-LeaderElection540] INFO  impl.RaftServerImpl (RaftServerImpl.java:setRole(184)) - 05ace5f9-a5b7-4bc6-b4fa-26d4e24ae00c@group-515877FFDAAC: changes role from CANDIDATE to FOLLOWER at term 126 for DISCOVERED_A_NEW_TERM
2019-11-05 08:34:38,648 [05ace5f9-a5b7-4bc6-b4fa-26d4e24ae00c@group-515877FFDAAC-LeaderElection540] INFO  impl.RoleInfo (RoleInfo.java:shutdownLeaderElection(134)) - 05ace5f9-a5b7-4bc6-b4fa-26d4e24ae00c: shutdown LeaderElection
2019-11-05 08:34:38,648 [05ace5f9-a5b7-4bc6-b4fa-26d4e24ae00c@group-515877FFDAAC-LeaderElection540] INFO  impl.RoleInfo (RoleInfo.java:updateAndGet(143)) - 05ace5f9-a5b7-4bc6-b4fa-26d4e24ae00c: start FollowerState
2019-11-05 08:34:38,834 [Thread-4435] INFO  impl.FollowerState (FollowerState.java:run(108)) - 05ace5f9-a5b7-4bc6-b4fa-26d4e24ae00c@group-515877FFDAAC-FollowerState: change to CANDIDATE, lastRpcTime:186ms, electionTimeout:186ms
2019-11-05 08:34:38,835 [Thread-4435] INFO  impl.RoleInfo (RoleInfo.java:shutdownFollowerState(121)) - 05ace5f9-a5b7-4bc6-b4fa-26d4e24ae00c: shutdown FollowerState
2019-11-05 08:34:38,835 [Thread-4435] INFO  impl.RaftServerImpl (RaftServerImpl.java:setRole(184)) - 05ace5f9-a5b7-4bc6-b4fa-26d4e24ae00c@group-515877FFDAAC: changes role from  FOLLOWER to CANDIDATE at term 126 for changeToCandidate
2019-11-05 08:34:38,835 [Thread-4435] INFO  impl.RoleInfo (RoleInfo.java:updateAndGet(143)) - 05ace5f9-a5b7-4bc6-b4fa-26d4e24ae00c: start LeaderElection
2019-11-05 08:34:38,849 [05ace5f9-a5b7-4bc6-b4fa-26d4e24ae00c@group-515877FFDAAC-LeaderElection541] INFO  impl.LeaderElection (LeaderElection.java:askForVotes(178)) - 05ace5f9-a5b7-4bc6-b4fa-26d4e24ae00c@group-515877FFDAAC-LeaderElection541: begin an election at term 127 for -1: [05ace5f9-a5b7-4bc6-b4fa-26d4e24ae00c:192.168.164.217:42356, d92c9463-8e05-4a70-8cc7-1d31ae7ac64a:192.168.164.217:37180, d7b60609-c805-4df6-8140-a27c681dae80:192.168.164.217:37880], old=null
2019-11-05 08:34:38,851 [grpc-default-executor-13] INFO  impl.RaftServerImpl (RaftServerImpl.java:setRole(184)) - d7b60609-c805-4df6-8140-a27c681dae80@group-515877FFDAAC: changes role from  FOLLOWER to FOLLOWER at term 127 for recognizeCandidate:05ace5f9-a5b7-4bc6-b4fa-26d4e24ae00c
2019-11-05 08:34:38,851 [grpc-default-executor-13] INFO  impl.RoleInfo (RoleInfo.java:shutdownFollowerState(121)) - d7b60609-c805-4df6-8140-a27c681dae80: shutdown FollowerState
2019-11-05 08:34:38,851 [grpc-default-executor-10] INFO  impl.RaftServerImpl (RaftServerImpl.java:setRole(184)) - d92c9463-8e05-4a70-8cc7-1d31ae7ac64a@group-515877FFDAAC: changes role from  FOLLOWER to FOLLOWER at term 127 for recognizeCandidate:05ace5f9-a5b7-4bc6-b4fa-26d4e24ae00c
2019-11-05 08:34:38,852 [grpc-default-executor-10] INFO  impl.RoleInfo (RoleInfo.java:shutdownFollowerState(121)) - d92c9463-8e05-4a70-8cc7-1d31ae7ac64a: shutdown FollowerState
2019-11-05 08:34:38,851 [Thread-4434] INFO  impl.FollowerState (FollowerState.java:run(117)) - d7b60609-c805-4df6-8140-a27c681dae80@group-515877FFDAAC-FollowerState was interrupted: java.lang.InterruptedException: sleep interrupted
2019-11-05 08:34:38,851 [grpc-default-executor-13] INFO  impl.RoleInfo (RoleInfo.java:updateAndGet(143)) - d7b60609-c805-4df6-8140-a27c681dae80: start FollowerState
2019-11-05 08:34:38,852 [Thread-4433] INFO  impl.FollowerState (FollowerState.java:run(117)) - d92c9463-8e05-4a70-8cc7-1d31ae7ac64a@group-515877FFDAAC-FollowerState was interrupted: java.lang.InterruptedException: sleep interrupted
2019-11-05 08:34:38,852 [grpc-default-executor-10] INFO  impl.RoleInfo (RoleInfo.java:updateAndGet(143)) - d92c9463-8e05-4a70-8cc7-1d31ae7ac64a: start FollowerState
2019-11-05 08:34:38,866 [05ace5f9-a5b7-4bc6-b4fa-26d4e24ae00c@group-515877FFDAAC-LeaderElection541] INFO  impl.LeaderElection (LeaderElection.java:logAndReturn(56)) - 05ace5f9-a5b7-4bc6-b4fa-26d4e24ae00c@group-515877FFDAAC-LeaderElection541: Election REJECTED; received 2 response(s) [05ace5f9-a5b7-4bc6-b4fa-26d4e24ae00c<-d92c9463-8e05-4a70-8cc7-1d31ae7ac64a#0:FAIL-t127, 05ace5f9-a5b7-4bc6-b4fa-26d4e24ae00c<-d7b60609-c805-4df6-8140-a27c681dae80#0:FAIL-t127] and 0 exception(s); 05ace5f9-a5b7-4bc6-b4fa-26d4e24ae00c@group-515877FFDAAC:t127, leader=null, voted=05ace5f9-a5b7-4bc6-b4fa-26d4e24ae00c, raftlog=05ace5f9-a5b7-4bc6-b4fa-26d4e24ae00c@group-515877FFDAAC-SegmentedRaftLog:OPENED:c-1,f-1,i0, conf=-1: [05ace5f9-a5b7-4bc6-b4fa-26d4e24ae00c:192.168.164.217:42356, d92c9463-8e05-4a70-8cc7-1d31ae7ac64a:192.168.164.217:37180, d7b60609-c805-4df6-8140-a27c681dae80:192.168.164.217:37880], old=null
2019-11-05 08:34:38,866 [05ace5f9-a5b7-4bc6-b4fa-26d4e24ae00c@group-515877FFDAAC-LeaderElection541] INFO  impl.RaftServerImpl (RaftServerImpl.java:setRole(184)) - 05ace5f9-a5b7-4bc6-b4fa-26d4e24ae00c@group-515877FFDAAC: changes role from CANDIDATE to FOLLOWER at term 127 for DISCOVERED_A_NEW_TERM
2019-11-05 08:34:38,866 [05ace5f9-a5b7-4bc6-b4fa-26d4e24ae00c@group-515877FFDAAC-LeaderElection541] INFO  impl.RoleInfo (RoleInfo.java:shutdownLeaderElection(134)) - 05ace5f9-a5b7-4bc6-b4fa-26d4e24ae00c: shutdown LeaderElection
2019-11-05 08:34:38,866 [05ace5f9-a5b7-4bc6-b4fa-26d4e24ae00c@group-515877FFDAAC-LeaderElection541] INFO  impl.RoleInfo (RoleInfo.java:updateAndGet(143)) - 05ace5f9-a5b7-4bc6-b4fa-26d4e24ae00c: start FollowerState
2019-11-05 08:34:38,976 [Thread-4443] INFO  impl.FollowerState (FollowerState.java:run(108)) - 05ace5f9-a5b7-4bc6-b4fa-26d4e24ae00c@group-515877FFDAAC-FollowerState: change to CANDIDATE, lastRpcTime:109ms, electionTimeout:109ms
2019-11-05 08:34:38,976 [Thread-4443] INFO  impl.RoleInfo (RoleInfo.java:shutdownFollowerState(121)) - 05ace5f9-a5b7-4bc6-b4fa-26d4e24ae00c: shutdown FollowerState
2019-11-05 08:34:38,976 [Thread-4443] INFO  impl.RaftServerImpl (RaftServerImpl.java:setRole(184)) - 05ace5f9-a5b7-4bc6-b4fa-26d4e24ae00c@group-515877FFDAAC: changes role from  FOLLOWER to CANDIDATE at term 127 for changeToCandidate
2019-11-05 08:34:38,976 [Thread-4443] INFO  impl.RoleInfo (RoleInfo.java:updateAndGet(143)) - 05ace5f9-a5b7-4bc6-b4fa-26d4e24ae00c: start LeaderElection
2019-11-05 08:34:39,001 [05ace5f9-a5b7-4bc6-b4fa-26d4e24ae00c@group-515877FFDAAC-LeaderElection542] INFO  impl.LeaderElection (LeaderElection.java:askForVotes(178)) - 05ace5f9-a5b7-4bc6-b4fa-26d4e24ae00c@group-515877FFDAAC-LeaderElection542: begin an election at term 128 for -1: [05ace5f9-a5b7-4bc6-b4fa-26d4e24ae00c:192.168.164.217:42356, d92c9463-8e05-4a70-8cc7-1d31ae7ac64a:192.168.164.217:37180, d7b60609-c805-4df6-8140-a27c681dae80:192.168.164.217:37880], old=null
2019-11-05 08:34:39,004 [grpc-default-executor-13] INFO  impl.RaftServerImpl (RaftServerImpl.java:setRole(184)) - d92c9463-8e05-4a70-8cc7-1d31ae7ac64a@group-515877FFDAAC: changes role from  FOLLOWER to FOLLOWER at term 128 for recognizeCandidate:05ace5f9-a5b7-4bc6-b4fa-26d4e24ae00c
2019-11-05 08:34:39,004 [grpc-default-executor-13] INFO  impl.RoleInfo (RoleInfo.java:shutdownFollowerState(121)) - d92c9463-8e05-4a70-8cc7-1d31ae7ac64a: shutdown FollowerState
2019-11-05 08:34:39,004 [grpc-default-executor-10] INFO  impl.RaftServerImpl (RaftServerImpl.java:setRole(184)) - d7b60609-c805-4df6-8140-a27c681dae80@group-515877FFDAAC: changes role from  FOLLOWER to FOLLOWER at term 128 for recognizeCandidate:05ace5f9-a5b7-4bc6-b4fa-26d4e24ae00c
2019-11-05 08:34:39,004 [Thread-4442] INFO  impl.FollowerState (FollowerState.java:run(117)) - d92c9463-8e05-4a70-8cc7-1d31ae7ac64a@group-515877FFDAAC-FollowerState was interrupted: java.lang.InterruptedException: sleep interrupted
2019-11-05 08:34:39,004 [grpc-default-executor-13] INFO  impl.RoleInfo (RoleInfo.java:updateAndGet(143)) - d92c9463-8e05-4a70-8cc7-1d31ae7ac64a: start FollowerState
2019-11-05 08:34:39,004 [grpc-default-executor-10] INFO  impl.RoleInfo (RoleInfo.java:shutdownFollowerState(121)) - d7b60609-c805-4df6-8140-a27c681dae80: shutdown FollowerState
2019-11-05 08:34:39,005 [grpc-default-executor-10] INFO  impl.RoleInfo (RoleInfo.java:updateAndGet(143)) - d7b60609-c805-4df6-8140-a27c681dae80: start FollowerState
2019-11-05 08:34:39,005 [Thread-4441] INFO  impl.FollowerState (FollowerState.java:run(117)) - d7b60609-c805-4df6-8140-a27c681dae80@group-515877FFDAAC-FollowerState was interrupted: java.lang.InterruptedException: sleep interrupted
2019-11-05 08:34:39,030 [05ace5f9-a5b7-4bc6-b4fa-26d4e24ae00c@group-515877FFDAAC-LeaderElection542] INFO  impl.LeaderElection (LeaderElection.java:logAndReturn(56)) - 05ace5f9-a5b7-4bc6-b4fa-26d4e24ae00c@group-515877FFDAAC-LeaderElection542: Election REJECTED; received 2 response(s) [05ace5f9-a5b7-4bc6-b4fa-26d4e24ae00c<-d92c9463-8e05-4a70-8cc7-1d31ae7ac64a#0:FAIL-t128, 05ace5f9-a5b7-4bc6-b4fa-26d4e24ae00c<-d7b60609-c805-4df6-8140-a27c681dae80#0:FAIL-t128] and 0 exception(s); 05ace5f9-a5b7-4bc6-b4fa-26d4e24ae00c@group-515877FFDAAC:t128, leader=null, voted=05ace5f9-a5b7-4bc6-b4fa-26d4e24ae00c, raftlog=05ace5f9-a5b7-4bc6-b4fa-26d4e24ae00c@group-515877FFDAAC-SegmentedRaftLog:OPENED:c-1,f-1,i0, conf=-1: [05ace5f9-a5b7-4bc6-b4fa-26d4e24ae00c:192.168.164.217:42356, d92c9463-8e05-4a70-8cc7-1d31ae7ac64a:192.168.164.217:37180, d7b60609-c805-4df6-8140-a27c681dae80:192.168.164.217:37880], old=null
2019-11-05 08:34:39,030 [05ace5f9-a5b7-4bc6-b4fa-26d4e24ae00c@group-515877FFDAAC-LeaderElection542] INFO  impl.RaftServerImpl (RaftServerImpl.java:setRole(184)) - 05ace5f9-a5b7-4bc6-b4fa-26d4e24ae00c@group-515877FFDAAC: changes role from CANDIDATE to FOLLOWER at term 128 for DISCOVERED_A_NEW_TERM
2019-11-05 08:34:39,030 [05ace5f9-a5b7-4bc6-b4fa-26d4e24ae00c@group-515877FFDAAC-LeaderElection542] INFO  impl.RoleInfo (RoleInfo.java:shutdownLeaderElection(134)) - 05ace5f9-a5b7-4bc6-b4fa-26d4e24ae00c: shutdown LeaderElection
2019-11-05 08:34:39,030 [05ace5f9-a5b7-4bc6-b4fa-26d4e24ae00c@group-515877FFDAAC-LeaderElection542] INFO  impl.RoleInfo (RoleInfo.java:updateAndGet(143)) - 05ace5f9-a5b7-4bc6-b4fa-26d4e24ae00c: start FollowerState
2019-11-05 08:34:39,205 [Thread-4451] INFO  impl.FollowerState (FollowerState.java:run(108)) - 05ace5f9-a5b7-4bc6-b4fa-26d4e24ae00c@group-515877FFDAAC-FollowerState: change to CANDIDATE, lastRpcTime:174ms, electionTimeout:174ms
2019-11-05 08:34:39,205 [Thread-4451] INFO  impl.RoleInfo (RoleInfo.java:shutdownFollowerState(121)) - 05ace5f9-a5b7-4bc6-b4fa-26d4e24ae00c: shutdown FollowerState
2019-11-05 08:34:39,205 [Thread-4451] INFO  impl.RaftServerImpl (RaftServerImpl.java:setRole(184)) - 05ace5f9-a5b7-4bc6-b4fa-26d4e24ae00c@group-515877FFDAAC: changes role from  FOLLOWER to CANDIDATE at term 128 for changeToCandidate
2019-11-05 08:34:39,205 [Thread-4451] INFO  impl.RoleInfo (RoleInfo.java:updateAndGet(143)) - 05ace5f9-a5b7-4bc6-b4fa-26d4e24ae00c: start LeaderElection
2019-11-05 08:34:39,219 [05ace5f9-a5b7-4bc6-b4fa-26d4e24ae00c@group-515877FFDAAC-LeaderElection543] INFO  impl.LeaderElection (LeaderElection.java:askForVotes(178)) - 05ace5f9-a5b7-4bc6-b4fa-26d4e24ae00c@group-515877FFDAAC-LeaderElection543: begin an election at term 129 for -1: [05ace5f9-a5b7-4bc6-b4fa-26d4e24ae00c:192.168.164.217:42356, d92c9463-8e05-4a70-8cc7-1d31ae7ac64a:192.168.164.217:37180, d7b60609-c805-4df6-8140-a27c681dae80:192.168.164.217:37880], old=null
2019-11-05 08:34:39,221 [grpc-default-executor-10] INFO  impl.RaftServerImpl (RaftServerImpl.java:setRole(184)) - d7b60609-c805-4df6-8140-a27c681dae80@group-515877FFDAAC: changes role from  FOLLOWER to FOLLOWER at term 129 for recognizeCandidate:05ace5f9-a5b7-4bc6-b4fa-26d4e24ae00c
2019-11-05 08:34:39,221 [grpc-default-executor-13] INFO  impl.RaftServerImpl (RaftServerImpl.java:setRole(184)) - d92c9463-8e05-4a70-8cc7-1d31ae7ac64a@group-515877FFDAAC: changes role from  FOLLOWER to FOLLOWER at term 129 for recognizeCandidate:05ace5f9-a5b7-4bc6-b4fa-26d4e24ae00c
2019-11-05 08:34:39,221 [grpc-default-executor-10] INFO  impl.RoleInfo (RoleInfo.java:shutdownFollowerState(121)) - d7b60609-c805-4df6-8140-a27c681dae80: shutdown FollowerState
2019-11-05 08:34:39,222 [grpc-default-executor-13] INFO  impl.RoleInfo (RoleInfo.java:shutdownFollowerState(121)) - d92c9463-8e05-4a70-8cc7-1d31ae7ac64a: shutdown FollowerState
2019-11-05 08:34:39,222 [Thread-4450] INFO  impl.FollowerState (FollowerState.java:run(117)) - d7b60609-c805-4df6-8140-a27c681dae80@group-515877FFDAAC-FollowerState was interrupted: java.lang.InterruptedException: sleep interrupted
2019-11-05 08:34:39,222 [Thread-4449] INFO  impl.FollowerState (FollowerState.java:run(117)) - d92c9463-8e05-4a70-8cc7-1d31ae7ac64a@group-515877FFDAAC-FollowerState was interrupted: java.lang.InterruptedException: sleep interrupted
2019-11-05 08:34:39,222 [grpc-default-executor-10] INFO  impl.RoleInfo (RoleInfo.java:updateAndGet(143)) - d7b60609-c805-4df6-8140-a27c681dae80: start FollowerState
2019-11-05 08:34:39,222 [grpc-default-executor-13] INFO  impl.RoleInfo (RoleInfo.java:updateAndGet(143)) - d92c9463-8e05-4a70-8cc7-1d31ae7ac64a: start FollowerState
2019-11-05 08:34:39,241 [05ace5f9-a5b7-4bc6-b4fa-26d4e24ae00c@group-515877FFDAAC-LeaderElection543] INFO  impl.LeaderElection (LeaderElection.java:logAndReturn(56)) - 05ace5f9-a5b7-4bc6-b4fa-26d4e24ae00c@group-515877FFDAAC-LeaderElection543: Election REJECTED; received 2 response(s) [05ace5f9-a5b7-4bc6-b4fa-26d4e24ae00c<-d92c9463-8e05-4a70-8cc7-1d31ae7ac64a#0:FAIL-t129, 05ace5f9-a5b7-4bc6-b4fa-26d4e24ae00c<-d7b60609-c805-4df6-8140-a27c681dae80#0:FAIL-t129] and 0 exception(s); 05ace5f9-a5b7-4bc6-b4fa-26d4e24ae00c@group-515877FFDAAC:t129, leader=null, voted=05ace5f9-a5b7-4bc6-b4fa-26d4e24ae00c, raftlog=05ace5f9-a5b7-4bc6-b4fa-26d4e24ae00c@group-515877FFDAAC-SegmentedRaftLog:OPENED:c-1,f-1,i0, conf=-1: [05ace5f9-a5b7-4bc6-b4fa-26d4e24ae00c:192.168.164.217:42356, d92c9463-8e05-4a70-8cc7-1d31ae7ac64a:192.168.164.217:37180, d7b60609-c805-4df6-8140-a27c681dae80:192.168.164.217:37880], old=null
2019-11-05 08:34:39,241 [05ace5f9-a5b7-4bc6-b4fa-26d4e24ae00c@group-515877FFDAAC-LeaderElection543] INFO  impl.RaftServerImpl (RaftServerImpl.java:setRole(184)) - 05ace5f9-a5b7-4bc6-b4fa-26d4e24ae00c@group-515877FFDAAC: changes role from CANDIDATE to FOLLOWER at term 129 for DISCOVERED_A_NEW_TERM
2019-11-05 08:34:39,241 [05ace5f9-a5b7-4bc6-b4fa-26d4e24ae00c@group-515877FFDAAC-LeaderElection543] INFO  impl.RoleInfo (RoleInfo.java:shutdownLeaderElection(134)) - 05ace5f9-a5b7-4bc6-b4fa-26d4e24ae00c: shutdown LeaderElection
2019-11-05 08:34:39,241 [05ace5f9-a5b7-4bc6-b4fa-26d4e24ae00c@group-515877FFDAAC-LeaderElection543] INFO  impl.RoleInfo (RoleInfo.java:updateAndGet(143)) - 05ace5f9-a5b7-4bc6-b4fa-26d4e24ae00c: start FollowerState
2019-11-05 08:34:39,308 [Thread-4457] INFO  impl.FollowerState (FollowerState.java:run(108)) - 05ace5f9-a5b7-4bc6-b4fa-26d4e24ae00c@group-515877FFDAAC-FollowerState: change to CANDIDATE, lastRpcTime:67ms, electionTimeout:67ms
2019-11-05 08:34:39,309 [Thread-4457] INFO  impl.RoleInfo (RoleInfo.java:shutdownFollowerState(121)) - 05ace5f9-a5b7-4bc6-b4fa-26d4e24ae00c: shutdown FollowerState
2019-11-05 08:34:39,310 [Thread-4457] INFO  impl.RaftServerImpl (RaftServerImpl.java:setRole(184)) - 05ace5f9-a5b7-4bc6-b4fa-26d4e24ae00c@group-515877FFDAAC: changes role from  FOLLOWER to CANDIDATE at term 129 for changeToCandidate
2019-11-05 08:34:39,311 [Thread-4457] INFO  impl.RoleInfo (RoleInfo.java:updateAndGet(143)) - 05ace5f9-a5b7-4bc6-b4fa-26d4e24ae00c: start LeaderElection
2019-11-05 08:34:39,327 [05ace5f9-a5b7-4bc6-b4fa-26d4e24ae00c@group-515877FFDAAC-LeaderElection544] INFO  impl.LeaderElection (LeaderElection.java:askForVotes(178)) - 05ace5f9-a5b7-4bc6-b4fa-26d4e24ae00c@group-515877FFDAAC-LeaderElection544: begin an election at term 130 for -1: [05ace5f9-a5b7-4bc6-b4fa-26d4e24ae00c:192.168.164.217:42356, d92c9463-8e05-4a70-8cc7-1d31ae7ac64a:192.168.164.217:37180, d7b60609-c805-4df6-8140-a27c681dae80:192.168.164.217:37880], old=null
2019-11-05 08:34:39,332 [grpc-default-executor-10] INFO  impl.RaftServerImpl (RaftServerImpl.java:setRole(184)) - d92c9463-8e05-4a70-8cc7-1d31ae7ac64a@group-515877FFDAAC: changes role from  FOLLOWER to FOLLOWER at term 130 for recognizeCandidate:05ace5f9-a5b7-4bc6-b4fa-26d4e24ae00c
2019-11-05 08:34:39,332 [grpc-default-executor-10] INFO  impl.RoleInfo (RoleInfo.java:shutdownFollowerState(121)) - d92c9463-8e05-4a70-8cc7-1d31ae7ac64a: shutdown FollowerState
2019-11-05 08:34:39,332 [grpc-default-executor-13] INFO  impl.RaftServerImpl (RaftServerImpl.java:setRole(184)) - d7b60609-c805-4df6-8140-a27c681dae80@group-515877FFDAAC: changes role from  FOLLOWER to FOLLOWER at term 130 for recognizeCandidate:05ace5f9-a5b7-4bc6-b4fa-26d4e24ae00c
2019-11-05 08:34:39,332 [Thread-4456] INFO  impl.FollowerState (FollowerState.java:run(117)) - d92c9463-8e05-4a70-8cc7-1d31ae7ac64a@group-515877FFDAAC-FollowerState was interrupted: java.lang.InterruptedException: sleep interrupted
2019-11-05 08:34:39,332 [grpc-default-executor-10] INFO  impl.RoleInfo (RoleInfo.java:updateAndGet(143)) - d92c9463-8e05-4a70-8cc7-1d31ae7ac64a: start FollowerState
2019-11-05 08:34:39,332 [grpc-default-executor-13] INFO  impl.RoleInfo (RoleInfo.java:shutdownFollowerState(121)) - d7b60609-c805-4df6-8140-a27c681dae80: shutdown FollowerState
2019-11-05 08:34:39,333 [grpc-default-executor-13] INFO  impl.RoleInfo (RoleInfo.java:updateAndGet(143)) - d7b60609-c805-4df6-8140-a27c681dae80: start FollowerState
2019-11-05 08:34:39,333 [Thread-4455] INFO  impl.FollowerState (FollowerState.java:run(117)) - d7b60609-c805-4df6-8140-a27c681dae80@group-515877FFDAAC-FollowerState was interrupted: java.lang.InterruptedException: sleep interrupted
2019-11-05 08:34:39,348 [05ace5f9-a5b7-4bc6-b4fa-26d4e24ae00c@group-515877FFDAAC-LeaderElection544] INFO  impl.LeaderElection (LeaderElection.java:logAndReturn(56)) - 05ace5f9-a5b7-4bc6-b4fa-26d4e24ae00c@group-515877FFDAAC-LeaderElection544: Election REJECTED; received 2 response(s) [05ace5f9-a5b7-4bc6-b4fa-26d4e24ae00c<-d92c9463-8e05-4a70-8cc7-1d31ae7ac64a#0:FAIL-t130, 05ace5f9-a5b7-4bc6-b4fa-26d4e24ae00c<-d7b60609-c805-4df6-8140-a27c681dae80#0:FAIL-t130] and 0 exception(s); 05ace5f9-a5b7-4bc6-b4fa-26d4e24ae00c@group-515877FFDAAC:t130, leader=null, voted=05ace5f9-a5b7-4bc6-b4fa-26d4e24ae00c, raftlog=05ace5f9-a5b7-4bc6-b4fa-26d4e24ae00c@group-515877FFDAAC-SegmentedRaftLog:OPENED:c-1,f-1,i0, conf=-1: [05ace5f9-a5b7-4bc6-b4fa-26d4e24ae00c:192.168.164.217:42356, d92c9463-8e05-4a70-8cc7-1d31ae7ac64a:192.168.164.217:37180, d7b60609-c805-4df6-8140-a27c681dae80:192.168.164.217:37880], old=null
2019-11-05 08:34:39,349 [05ace5f9-a5b7-4bc6-b4fa-26d4e24ae00c@group-515877FFDAAC-LeaderElection544] INFO  impl.RaftServerImpl (RaftServerImpl.java:setRole(184)) - 05ace5f9-a5b7-4bc6-b4fa-26d4e24ae00c@group-515877FFDAAC: changes role from CANDIDATE to FOLLOWER at term 130 for DISCOVERED_A_NEW_TERM
2019-11-05 08:34:39,349 [05ace5f9-a5b7-4bc6-b4fa-26d4e24ae00c@group-515877FFDAAC-LeaderElection544] INFO  impl.RoleInfo (RoleInfo.java:shutdownLeaderElection(134)) - 05ace5f9-a5b7-4bc6-b4fa-26d4e24ae00c: shutdown LeaderElection
2019-11-05 08:34:39,349 [05ace5f9-a5b7-4bc6-b4fa-26d4e24ae00c@group-515877FFDAAC-LeaderElection544] INFO  impl.RoleInfo (RoleInfo.java:updateAndGet(143)) - 05ace5f9-a5b7-4bc6-b4fa-26d4e24ae00c: start FollowerState
2019-11-05 08:34:39,441 [Thread-4465] INFO  impl.FollowerState (FollowerState.java:run(108)) - 05ace5f9-a5b7-4bc6-b4fa-26d4e24ae00c@group-515877FFDAAC-FollowerState: change to CANDIDATE, lastRpcTime:92ms, electionTimeout:92ms
2019-11-05 08:34:39,442 [Thread-4465] INFO  impl.RoleInfo (RoleInfo.java:shutdownFollowerState(121)) - 05ace5f9-a5b7-4bc6-b4fa-26d4e24ae00c: shutdown FollowerState
2019-11-05 08:34:39,442 [Thread-4465] INFO  impl.RaftServerImpl (RaftServerImpl.java:setRole(184)) - 05ace5f9-a5b7-4bc6-b4fa-26d4e24ae00c@group-515877FFDAAC: changes role from  FOLLOWER to CANDIDATE at term 130 for changeToCandidate
2019-11-05 08:34:39,442 [Thread-4465] INFO  impl.RoleInfo (RoleInfo.java:updateAndGet(143)) - 05ace5f9-a5b7-4bc6-b4fa-26d4e24ae00c: start LeaderElection
2019-11-05 08:34:39,455 [05ace5f9-a5b7-4bc6-b4fa-26d4e24ae00c@group-515877FFDAAC-LeaderElection545] INFO  impl.LeaderElection (LeaderElection.java:askForVotes(178)) - 05ace5f9-a5b7-4bc6-b4fa-26d4e24ae00c@group-515877FFDAAC-LeaderElection545: begin an election at term 131 for -1: [05ace5f9-a5b7-4bc6-b4fa-26d4e24ae00c:192.168.164.217:42356, d92c9463-8e05-4a70-8cc7-1d31ae7ac64a:192.168.164.217:37180, d7b60609-c805-4df6-8140-a27c681dae80:192.168.164.217:37880], old=null
2019-11-05 08:34:39,457 [grpc-default-executor-13] INFO  impl.RaftServerImpl (RaftServerImpl.java:setRole(184)) - d7b60609-c805-4df6-8140-a27c681dae80@group-515877FFDAAC: changes role from  FOLLOWER to FOLLOWER at term 131 for recognizeCandidate:05ace5f9-a5b7-4bc6-b4fa-26d4e24ae00c
2019-11-05 08:34:39,457 [grpc-default-executor-10] INFO  impl.RaftServerImpl (RaftServerImpl.java:setRole(184)) - d92c9463-8e05-4a70-8cc7-1d31ae7ac64a@group-515877FFDAAC: changes role from  FOLLOWER to FOLLOWER at term 131 for recognizeCandidate:05ace5f9-a5b7-4bc6-b4fa-26d4e24ae00c
2019-11-05 08:34:39,457 [grpc-default-executor-13] INFO  impl.RoleInfo (RoleInfo.java:shutdownFollowerState(121)) - d7b60609-c805-4df6-8140-a27c681dae80: shutdown FollowerState
2019-11-05 08:34:39,457 [grpc-default-executor-10] INFO  impl.RoleInfo (RoleInfo.java:shutdownFollowerState(121)) - d92c9463-8e05-4a70-8cc7-1d31ae7ac64a: shutdown FollowerState
2019-11-05 08:34:39,458 [Thread-4464] INFO  impl.FollowerState (FollowerState.java:run(117)) - d7b60609-c805-4df6-8140-a27c681dae80@group-515877FFDAAC-FollowerState was interrupted: java.lang.InterruptedException: sleep interrupted
2019-11-05 08:34:39,458 [grpc-default-executor-13] INFO  impl.RoleInfo (RoleInfo.java:updateAndGet(143)) - d7b60609-c805-4df6-8140-a27c681dae80: start FollowerState
2019-11-05 08:34:39,458 [Thread-4463] INFO  impl.FollowerState (FollowerState.java:run(117)) - d92c9463-8e05-4a70-8cc7-1d31ae7ac64a@group-515877FFDAAC-FollowerState was interrupted: java.lang.InterruptedException: sleep interrupted
2019-11-05 08:34:39,458 [grpc-default-executor-10] INFO  impl.RoleInfo (RoleInfo.java:updateAndGet(143)) - d92c9463-8e05-4a70-8cc7-1d31ae7ac64a: start FollowerState
2019-11-05 08:34:39,472 [05ace5f9-a5b7-4bc6-b4fa-26d4e24ae00c@group-515877FFDAAC-LeaderElection545] INFO  impl.LeaderElection (LeaderElection.java:logAndReturn(56)) - 05ace5f9-a5b7-4bc6-b4fa-26d4e24ae00c@group-515877FFDAAC-LeaderElection545: Election REJECTED; received 2 response(s) [05ace5f9-a5b7-4bc6-b4fa-26d4e24ae00c<-d92c9463-8e05-4a70-8cc7-1d31ae7ac64a#0:FAIL-t131, 05ace5f9-a5b7-4bc6-b4fa-26d4e24ae00c<-d7b60609-c805-4df6-8140-a27c681dae80#0:FAIL-t131] and 0 exception(s); 05ace5f9-a5b7-4bc6-b4fa-26d4e24ae00c@group-515877FFDAAC:t131, leader=null, voted=05ace5f9-a5b7-4bc6-b4fa-26d4e24ae00c, raftlog=05ace5f9-a5b7-4bc6-b4fa-26d4e24ae00c@group-515877FFDAAC-SegmentedRaftLog:OPENED:c-1,f-1,i0, conf=-1: [05ace5f9-a5b7-4bc6-b4fa-26d4e24ae00c:192.168.164.217:42356, d92c9463-8e05-4a70-8cc7-1d31ae7ac64a:192.168.164.217:37180, d7b60609-c805-4df6-8140-a27c681dae80:192.168.164.217:37880], old=null
2019-11-05 08:34:39,472 [05ace5f9-a5b7-4bc6-b4fa-26d4e24ae00c@group-515877FFDAAC-LeaderElection545] INFO  impl.RaftServerImpl (RaftServerImpl.java:setRole(184)) - 05ace5f9-a5b7-4bc6-b4fa-26d4e24ae00c@group-515877FFDAAC: changes role from CANDIDATE to FOLLOWER at term 131 for DISCOVERED_A_NEW_TERM
2019-11-05 08:34:39,472 [05ace5f9-a5b7-4bc6-b4fa-26d4e24ae00c@group-515877FFDAAC-LeaderElection545] INFO  impl.RoleInfo (RoleInfo.java:shutdownLeaderElection(134)) - 05ace5f9-a5b7-4bc6-b4fa-26d4e24ae00c: shutdown LeaderElection
2019-11-05 08:34:39,472 [05ace5f9-a5b7-4bc6-b4fa-26d4e24ae00c@group-515877FFDAAC-LeaderElection545] INFO  impl.RoleInfo (RoleInfo.java:updateAndGet(143)) - 05ace5f9-a5b7-4bc6-b4fa-26d4e24ae00c: start FollowerState
2019-11-05 08:34:39,481 [Thread-4471] INFO  impl.FollowerState (FollowerState.java:run(108)) - 05ace5f9-a5b7-4bc6-b4fa-26d4e24ae00c@group-515877FFDAAC-FollowerState: change to CANDIDATE, lastRpcTime:8ms, electionTimeout:8ms
2019-11-05 08:34:39,481 [Thread-4471] INFO  impl.RoleInfo (RoleInfo.java:shutdownFollowerState(121)) - 05ace5f9-a5b7-4bc6-b4fa-26d4e24ae00c: shutdown FollowerState
2019-11-05 08:34:39,481 [Thread-4471] INFO  impl.RaftServerImpl (RaftServerImpl.java:setRole(184)) - 05ace5f9-a5b7-4bc6-b4fa-26d4e24ae00c@group-515877FFDAAC: changes role from  FOLLOWER to CANDIDATE at term 131 for changeToCandidate
2019-11-05 08:34:39,481 [Thread-4471] INFO  impl.RoleInfo (RoleInfo.java:updateAndGet(143)) - 05ace5f9-a5b7-4bc6-b4fa-26d4e24ae00c: start LeaderElection
2019-11-05 08:34:39,490 [05ace5f9-a5b7-4bc6-b4fa-26d4e24ae00c@group-515877FFDAAC-LeaderElection546] INFO  impl.LeaderElection (LeaderElection.java:askForVotes(178)) - 05ace5f9-a5b7-4bc6-b4fa-26d4e24ae00c@group-515877FFDAAC-LeaderElection546: begin an election at term 132 for -1: [05ace5f9-a5b7-4bc6-b4fa-26d4e24ae00c:192.168.164.217:42356, d92c9463-8e05-4a70-8cc7-1d31ae7ac64a:192.168.164.217:37180, d7b60609-c805-4df6-8140-a27c681dae80:192.168.164.217:37880], old=null
2019-11-05 08:34:39,492 [grpc-default-executor-10] INFO  impl.RaftServerImpl (RaftServerImpl.java:setRole(184)) - d92c9463-8e05-4a70-8cc7-1d31ae7ac64a@group-515877FFDAAC: changes role from  FOLLOWER to FOLLOWER at term 132 for recognizeCandidate:05ace5f9-a5b7-4bc6-b4fa-26d4e24ae00c
2019-11-05 08:34:39,492 [grpc-default-executor-10] INFO  impl.RoleInfo (RoleInfo.java:shutdownFollowerState(121)) - d92c9463-8e05-4a70-8cc7-1d31ae7ac64a: shutdown FollowerState
2019-11-05 08:34:39,492 [grpc-default-executor-13] INFO  impl.RaftServerImpl (RaftServerImpl.java:setRole(184)) - d7b60609-c805-4df6-8140-a27c681dae80@group-515877FFDAAC: changes role from  FOLLOWER to FOLLOWER at term 132 for recognizeCandidate:05ace5f9-a5b7-4bc6-b4fa-26d4e24ae00c
2019-11-05 08:34:39,492 [grpc-default-executor-13] INFO  impl.RoleInfo (RoleInfo.java:shutdownFollowerState(121)) - d7b60609-c805-4df6-8140-a27c681dae80: shutdown FollowerState
2019-11-05 08:34:39,492 [grpc-default-executor-10] INFO  impl.RoleInfo (RoleInfo.java:updateAndGet(143)) - d92c9463-8e05-4a70-8cc7-1d31ae7ac64a: start FollowerState
2019-11-05 08:34:39,492 [Thread-4470] INFO  impl.FollowerState (FollowerState.java:run(117)) - d92c9463-8e05-4a70-8cc7-1d31ae7ac64a@group-515877FFDAAC-FollowerState was interrupted: java.lang.InterruptedException: sleep interrupted
2019-11-05 08:34:39,492 [Thread-4469] INFO  impl.FollowerState (FollowerState.java:run(117)) - d7b60609-c805-4df6-8140-a27c681dae80@group-515877FFDAAC-FollowerState was interrupted: java.lang.InterruptedException: sleep interrupted
2019-11-05 08:34:39,492 [grpc-default-executor-13] INFO  impl.RoleInfo (RoleInfo.java:updateAndGet(143)) - d7b60609-c805-4df6-8140-a27c681dae80: start FollowerState
2019-11-05 08:34:39,501 [05ace5f9-a5b7-4bc6-b4fa-26d4e24ae00c@group-515877FFDAAC-LeaderElection546] INFO  impl.LeaderElection (LeaderElection.java:logAndReturn(56)) - 05ace5f9-a5b7-4bc6-b4fa-26d4e24ae00c@group-515877FFDAAC-LeaderElection546: Election REJECTED; received 2 response(s) [05ace5f9-a5b7-4bc6-b4fa-26d4e24ae00c<-d92c9463-8e05-4a70-8cc7-1d31ae7ac64a#0:FAIL-t132, 05ace5f9-a5b7-4bc6-b4fa-26d4e24ae00c<-d7b60609-c805-4df6-8140-a27c681dae80#0:FAIL-t132] and 0 exception(s); 05ace5f9-a5b7-4bc6-b4fa-26d4e24ae00c@group-515877FFDAAC:t132, leader=null, voted=05ace5f9-a5b7-4bc6-b4fa-26d4e24ae00c, raftlog=05ace5f9-a5b7-4bc6-b4fa-26d4e24ae00c@group-515877FFDAAC-SegmentedRaftLog:OPENED:c-1,f-1,i0, conf=-1: [05ace5f9-a5b7-4bc6-b4fa-26d4e24ae00c:192.168.164.217:42356, d92c9463-8e05-4a70-8cc7-1d31ae7ac64a:192.168.164.217:37180, d7b60609-c805-4df6-8140-a27c681dae80:192.168.164.217:37880], old=null
2019-11-05 08:34:39,502 [05ace5f9-a5b7-4bc6-b4fa-26d4e24ae00c@group-515877FFDAAC-LeaderElection546] INFO  impl.RaftServerImpl (RaftServerImpl.java:setRole(184)) - 05ace5f9-a5b7-4bc6-b4fa-26d4e24ae00c@group-515877FFDAAC: changes role from CANDIDATE to FOLLOWER at term 132 for DISCOVERED_A_NEW_TERM
2019-11-05 08:34:39,502 [05ace5f9-a5b7-4bc6-b4fa-26d4e24ae00c@group-515877FFDAAC-LeaderElection546] INFO  impl.RoleInfo (RoleInfo.java:shutdownLeaderElection(134)) - 05ace5f9-a5b7-4bc6-b4fa-26d4e24ae00c: shutdown LeaderElection
2019-11-05 08:34:39,502 [05ace5f9-a5b7-4bc6-b4fa-26d4e24ae00c@group-515877FFDAAC-LeaderElection546] INFO  impl.RoleInfo (RoleInfo.java:updateAndGet(143)) - 05ace5f9-a5b7-4bc6-b4fa-26d4e24ae00c: start FollowerState
2019-11-05 08:34:39,523 [Thread-4477] INFO  impl.FollowerState (FollowerState.java:run(108)) - 05ace5f9-a5b7-4bc6-b4fa-26d4e24ae00c@group-515877FFDAAC-FollowerState: change to CANDIDATE, lastRpcTime:21ms, electionTimeout:21ms
2019-11-05 08:34:39,524 [Thread-4477] INFO  impl.RoleInfo (RoleInfo.java:shutdownFollowerState(121)) - 05ace5f9-a5b7-4bc6-b4fa-26d4e24ae00c: shutdown FollowerState
2019-11-05 08:34:39,524 [Thread-4477] INFO  impl.RaftServerImpl (RaftServerImpl.java:setRole(184)) - 05ace5f9-a5b7-4bc6-b4fa-26d4e24ae00c@group-515877FFDAAC: changes role from  FOLLOWER to CANDIDATE at term 132 for changeToCandidate
2019-11-05 08:34:39,524 [Thread-4477] INFO  impl.RoleInfo (RoleInfo.java:updateAndGet(143)) - 05ace5f9-a5b7-4bc6-b4fa-26d4e24ae00c: start LeaderElection
2019-11-05 08:34:39,537 [05ace5f9-a5b7-4bc6-b4fa-26d4e24ae00c@group-515877FFDAAC-LeaderElection547] INFO  impl.LeaderElection (LeaderElection.java:askForVotes(178)) - 05ace5f9-a5b7-4bc6-b4fa-26d4e24ae00c@group-515877FFDAAC-LeaderElection547: begin an election at term 133 for -1: [05ace5f9-a5b7-4bc6-b4fa-26d4e24ae00c:192.168.164.217:42356, d92c9463-8e05-4a70-8cc7-1d31ae7ac64a:192.168.164.217:37180, d7b60609-c805-4df6-8140-a27c681dae80:192.168.164.217:37880], old=null
2019-11-05 08:34:39,539 [grpc-default-executor-10] INFO  impl.RaftServerImpl (RaftServerImpl.java:setRole(184)) - d92c9463-8e05-4a70-8cc7-1d31ae7ac64a@group-515877FFDAAC: changes role from  FOLLOWER to FOLLOWER at term 133 for recognizeCandidate:05ace5f9-a5b7-4bc6-b4fa-26d4e24ae00c
2019-11-05 08:34:39,539 [grpc-default-executor-10] INFO  impl.RoleInfo (RoleInfo.java:shutdownFollowerState(121)) - d92c9463-8e05-4a70-8cc7-1d31ae7ac64a: shutdown FollowerState
2019-11-05 08:34:39,539 [grpc-default-executor-13] INFO  impl.RaftServerImpl (RaftServerImpl.java:setRole(184)) - d7b60609-c805-4df6-8140-a27c681dae80@group-515877FFDAAC: changes role from  FOLLOWER to FOLLOWER at term 133 for recognizeCandidate:05ace5f9-a5b7-4bc6-b4fa-26d4e24ae00c
2019-11-05 08:34:39,539 [grpc-default-executor-13] INFO  impl.RoleInfo (RoleInfo.java:shutdownFollowerState(121)) - d7b60609-c805-4df6-8140-a27c681dae80: shutdown FollowerState
2019-11-05 08:34:39,539 [Thread-4475] INFO  impl.FollowerState (FollowerState.java:run(117)) - d92c9463-8e05-4a70-8cc7-1d31ae7ac64a@group-515877FFDAAC-FollowerState was interrupted: java.lang.InterruptedException: sleep interrupted
2019-11-05 08:34:39,539 [grpc-default-executor-10] INFO  impl.RoleInfo (RoleInfo.java:updateAndGet(143)) - d92c9463-8e05-4a70-8cc7-1d31ae7ac64a: start FollowerState
2019-11-05 08:34:39,539 [grpc-default-executor-13] INFO  impl.RoleInfo (RoleInfo.java:updateAndGet(143)) - d7b60609-c805-4df6-8140-a27c681dae80: start FollowerState
2019-11-05 08:34:39,539 [Thread-4476] INFO  impl.FollowerState (FollowerState.java:run(117)) - d7b60609-c805-4df6-8140-a27c681dae80@group-515877FFDAAC-FollowerState was interrupted: java.lang.InterruptedException: sleep interrupted
2019-11-05 08:34:39,554 [05ace5f9-a5b7-4bc6-b4fa-26d4e24ae00c@group-515877FFDAAC-LeaderElection547] INFO  impl.LeaderElection (LeaderElection.java:logAndReturn(56)) - 05ace5f9-a5b7-4bc6-b4fa-26d4e24ae00c@group-515877FFDAAC-LeaderElection547: Election REJECTED; received 2 response(s) [05ace5f9-a5b7-4bc6-b4fa-26d4e24ae00c<-d92c9463-8e05-4a70-8cc7-1d31ae7ac64a#0:FAIL-t133, 05ace5f9-a5b7-4bc6-b4fa-26d4e24ae00c<-d7b60609-c805-4df6-8140-a27c681dae80#0:FAIL-t133] and 0 exception(s); 05ace5f9-a5b7-4bc6-b4fa-26d4e24ae00c@group-515877FFDAAC:t133, leader=null, voted=05ace5f9-a5b7-4bc6-b4fa-26d4e24ae00c, raftlog=05ace5f9-a5b7-4bc6-b4fa-26d4e24ae00c@group-515877FFDAAC-SegmentedRaftLog:OPENED:c-1,f-1,i0, conf=-1: [05ace5f9-a5b7-4bc6-b4fa-26d4e24ae00c:192.168.164.217:42356, d92c9463-8e05-4a70-8cc7-1d31ae7ac64a:192.168.164.217:37180, d7b60609-c805-4df6-8140-a27c681dae80:192.168.164.217:37880], old=null
2019-11-05 08:34:39,554 [05ace5f9-a5b7-4bc6-b4fa-26d4e24ae00c@group-515877FFDAAC-LeaderElection547] INFO  impl.RaftServerImpl (RaftServerImpl.java:setRole(184)) - 05ace5f9-a5b7-4bc6-b4fa-26d4e24ae00c@group-515877FFDAAC: changes role from CANDIDATE to FOLLOWER at term 133 for DISCOVERED_A_NEW_TERM
2019-11-05 08:34:39,554 [05ace5f9-a5b7-4bc6-b4fa-26d4e24ae00c@group-515877FFDAAC-LeaderElection547] INFO  impl.RoleInfo (RoleInfo.java:shutdownLeaderElection(134)) - 05ace5f9-a5b7-4bc6-b4fa-26d4e24ae00c: shutdown LeaderElection
2019-11-05 08:34:39,554 [05ace5f9-a5b7-4bc6-b4fa-26d4e24ae00c@group-515877FFDAAC-LeaderElection547] INFO  impl.RoleInfo (RoleInfo.java:updateAndGet(143)) - 05ace5f9-a5b7-4bc6-b4fa-26d4e24ae00c: start FollowerState
2019-11-05 08:34:39,557 [main] INFO  ozoneimpl.OzoneContainer (OzoneContainer.java:stop(227)) - Attempting to stop container services.
2019-11-05 08:34:39,558 [main] INFO  impl.RaftServerProxy (RaftServerProxy.java:lambda$close$4(314)) - d7b60609-c805-4df6-8140-a27c681dae80: close
2019-11-05 08:34:39,558 [ForkJoinPool.commonPool-worker-0] INFO  ozoneimpl.OzoneContainer (OzoneContainer.java:stop(227)) - Attempting to stop container services.
2019-11-05 08:34:39,558 [main] INFO  impl.RaftServerImpl (RaftServerImpl.java:lambda$shutdown$3(261)) - d7b60609-c805-4df6-8140-a27c681dae80@group-515877FFDAAC: shutdown
2019-11-05 08:34:39,558 [ForkJoinPool.commonPool-worker-0] INFO  impl.RaftServerProxy (RaftServerProxy.java:lambda$close$4(314)) - 5d271ba9-e0f4-40ff-b9fc-f90f33adc13b: close
2019-11-05 08:34:39,559 [main] INFO  util.JmxRegister (JmxRegister.java:unregister(73)) - Successfully un-registered JMX Bean with object name Ratis:service=RaftServer,group=group-515877FFDAAC,id=d7b60609-c805-4df6-8140-a27c681dae80
2019-11-05 08:34:39,559 [main] INFO  impl.RoleInfo (RoleInfo.java:shutdownFollowerState(121)) - d7b60609-c805-4df6-8140-a27c681dae80: shutdown FollowerState
2019-11-05 08:34:39,559 [ForkJoinPool.commonPool-worker-0] INFO  impl.RaftServerImpl (RaftServerImpl.java:lambda$shutdown$3(261)) - 5d271ba9-e0f4-40ff-b9fc-f90f33adc13b@group-84C7ED46CE0D: shutdown
2019-11-05 08:34:39,559 [Thread-4484] INFO  impl.FollowerState (FollowerState.java:run(117)) - d7b60609-c805-4df6-8140-a27c681dae80@group-515877FFDAAC-FollowerState was interrupted: java.lang.InterruptedException: sleep interrupted
2019-11-05 08:34:39,559 [main] INFO  impl.StateMachineUpdater (StateMachineUpdater.java:stopAndJoin(136)) - d7b60609-c805-4df6-8140-a27c681dae80@group-515877FFDAAC-StateMachineUpdater: set stopIndex = -1
2019-11-05 08:34:39,559 [ForkJoinPool.commonPool-worker-0] INFO  util.JmxRegister (JmxRegister.java:unregister(73)) - Successfully un-registered JMX Bean with object name Ratis:service=RaftServer,group=group-84C7ED46CE0D,id=5d271ba9-e0f4-40ff-b9fc-f90f33adc13b
2019-11-05 08:34:39,560 [main] INFO  impl.RaftServerImpl (ServerState.java:close(388)) - d7b60609-c805-4df6-8140-a27c681dae80@group-515877FFDAAC: closes. applyIndex: -1
2019-11-05 08:34:39,560 [ForkJoinPool.commonPool-worker-0] INFO  impl.RoleInfo (RoleInfo.java:shutdownLeaderState(104)) - 5d271ba9-e0f4-40ff-b9fc-f90f33adc13b: shutdown LeaderState
2019-11-05 08:34:39,560 [d7b60609-c805-4df6-8140-a27c681dae80@group-515877FFDAAC-SegmentedRaftLogWorker] INFO  segmented.SegmentedRaftLogWorker (SegmentedRaftLogWorker.java:run(316)) - d7b60609-c805-4df6-8140-a27c681dae80@group-515877FFDAAC-SegmentedRaftLogWorker was interrupted, exiting. There are 0 tasks remaining in the queue.
2019-11-05 08:34:39,561 [ForkJoinPool.commonPool-worker-0] INFO  impl.PendingRequests (PendingRequests.java:sendNotLeaderResponses(202)) - 5d271ba9-e0f4-40ff-b9fc-f90f33adc13b@group-84C7ED46CE0D-PendingRequests: sendNotLeaderResponses
2019-11-05 08:34:39,569 [main] INFO  segmented.SegmentedRaftLogWorker (SegmentedRaftLogWorker.java:close(224)) - d7b60609-c805-4df6-8140-a27c681dae80@group-515877FFDAAC-SegmentedRaftLogWorker close()
2019-11-05 08:34:39,568 [Thread-4485] INFO  impl.FollowerState (FollowerState.java:run(108)) - 05ace5f9-a5b7-4bc6-b4fa-26d4e24ae00c@group-515877FFDAAC-FollowerState: change to CANDIDATE, lastRpcTime:14ms, electionTimeout:12ms
2019-11-05 08:34:39,588 [Thread-4485] INFO  impl.RoleInfo (RoleInfo.java:shutdownFollowerState(121)) - 05ace5f9-a5b7-4bc6-b4fa-26d4e24ae00c: shutdown FollowerState
2019-11-05 08:34:39,588 [main] INFO  impl.RaftServerImpl (RaftServerImpl.java:lambda$shutdown$3(261)) - d7b60609-c805-4df6-8140-a27c681dae80@group-6AE090EAA6A2: shutdown
2019-11-05 08:34:39,589 [Thread-4485] INFO  impl.RaftServerImpl (RaftServerImpl.java:setRole(184)) - 05ace5f9-a5b7-4bc6-b4fa-26d4e24ae00c@group-515877FFDAAC: changes role from  FOLLOWER to CANDIDATE at term 133 for changeToCandidate
2019-11-05 08:34:39,588 [ForkJoinPool.commonPool-worker-0] INFO  impl.StateMachineUpdater (StateMachineUpdater.java:stopAndJoin(136)) - 5d271ba9-e0f4-40ff-b9fc-f90f33adc13b@group-84C7ED46CE0D-StateMachineUpdater: set stopIndex = 0
2019-11-05 08:34:39,589 [Thread-4485] INFO  impl.RoleInfo (RoleInfo.java:updateAndGet(143)) - 05ace5f9-a5b7-4bc6-b4fa-26d4e24ae00c: start LeaderElection
2019-11-05 08:34:39,589 [main] INFO  util.JmxRegister (JmxRegister.java:unregister(73)) - Successfully un-registered JMX Bean with object name Ratis:service=RaftServer,group=group-6AE090EAA6A2,id=d7b60609-c805-4df6-8140-a27c681dae80
2019-11-05 08:34:39,590 [main] INFO  impl.RoleInfo (RoleInfo.java:shutdownLeaderState(104)) - d7b60609-c805-4df6-8140-a27c681dae80: shutdown LeaderState
2019-11-05 08:34:39,589 [ForkJoinPool.commonPool-worker-0] INFO  impl.RaftServerImpl (ServerState.java:close(388)) - 5d271ba9-e0f4-40ff-b9fc-f90f33adc13b@group-84C7ED46CE0D: closes. applyIndex: 0
2019-11-05 08:34:39,590 [main] INFO  impl.PendingRequests (PendingRequests.java:sendNotLeaderResponses(202)) - d7b60609-c805-4df6-8140-a27c681dae80@group-6AE090EAA6A2-PendingRequests: sendNotLeaderResponses
2019-11-05 08:34:39,590 [5d271ba9-e0f4-40ff-b9fc-f90f33adc13b@group-84C7ED46CE0D-SegmentedRaftLogWorker] INFO  segmented.SegmentedRaftLogWorker (SegmentedRaftLogWorker.java:run(316)) - 5d271ba9-e0f4-40ff-b9fc-f90f33adc13b@group-84C7ED46CE0D-SegmentedRaftLogWorker was interrupted, exiting. There are 0 tasks remaining in the queue.
2019-11-05 08:34:39,590 [main] INFO  impl.StateMachineUpdater (StateMachineUpdater.java:stopAndJoin(136)) - d7b60609-c805-4df6-8140-a27c681dae80@group-6AE090EAA6A2-StateMachineUpdater: set stopIndex = 0
2019-11-05 08:34:39,593 [ForkJoinPool.commonPool-worker-0] INFO  segmented.SegmentedRaftLogWorker (SegmentedRaftLogWorker.java:close(224)) - 5d271ba9-e0f4-40ff-b9fc-f90f33adc13b@group-84C7ED46CE0D-SegmentedRaftLogWorker close()
2019-11-05 08:34:39,593 [main] INFO  impl.RaftServerImpl (ServerState.java:close(388)) - d7b60609-c805-4df6-8140-a27c681dae80@group-6AE090EAA6A2: closes. applyIndex: 0
2019-11-05 08:34:39,595 [ForkJoinPool.commonPool-worker-0] INFO  impl.RaftServerImpl (RaftServerImpl.java:lambda$shutdown$3(261)) - 5d271ba9-e0f4-40ff-b9fc-f90f33adc13b@group-96AF9F8BC25D: shutdown
2019-11-05 08:34:39,595 [d7b60609-c805-4df6-8140-a27c681dae80@group-6AE090EAA6A2-SegmentedRaftLogWorker] INFO  segmented.SegmentedRaftLogWorker (SegmentedRaftLogWorker.java:run(316)) - d7b60609-c805-4df6-8140-a27c681dae80@group-6AE090EAA6A2-SegmentedRaftLogWorker was interrupted, exiting. There are 0 tasks remaining in the queue.
2019-11-05 08:34:39,595 [ForkJoinPool.commonPool-worker-0] INFO  util.JmxRegister (JmxRegister.java:unregister(73)) - Successfully un-registered JMX Bean with object name Ratis:service=RaftServer,group=group-96AF9F8BC25D,id=5d271ba9-e0f4-40ff-b9fc-f90f33adc13b
2019-11-05 08:34:39,597 [main] INFO  segmented.SegmentedRaftLogWorker (SegmentedRaftLogWorker.java:close(224)) - d7b60609-c805-4df6-8140-a27c681dae80@group-6AE090EAA6A2-SegmentedRaftLogWorker close()
2019-11-05 08:34:39,597 [ForkJoinPool.commonPool-worker-0] INFO  impl.RoleInfo (RoleInfo.java:shutdownFollowerState(121)) - 5d271ba9-e0f4-40ff-b9fc-f90f33adc13b: shutdown FollowerState
2019-11-05 08:34:39,599 [main] INFO  server.GrpcService (GrpcService.java:closeImpl(164)) - d7b60609-c805-4df6-8140-a27c681dae80: shutdown server with port 37880 now
2019-11-05 08:34:39,600 [5d271ba9-e0f4-40ff-b9fc-f90f33adc13b@group-96AF9F8BC25D-StateMachineUpdater] INFO  ratis.ContainerStateMachine (ContainerStateMachine.java:takeSnapshot(294)) - group-96AF9F8BC25D: Taking a snapshot at:(t:4, i:3) file /workdir/hadoop-ozone/integration-test/target/test-dir/MiniOzoneClusterImpl-c1ac3406-7bea-4748-bbf9-a747646a8bff/datanode-2/data/ratis/03c07a91-4698-41a5-bbc7-96af9f8bc25d/sm/snapshot.4_3
2019-11-05 08:34:39,599 [Thread-3441] INFO  impl.FollowerState (FollowerState.java:run(117)) - 5d271ba9-e0f4-40ff-b9fc-f90f33adc13b@group-96AF9F8BC25D-FollowerState was interrupted: java.lang.InterruptedException: sleep interrupted
2019-11-05 08:34:39,599 [ForkJoinPool.commonPool-worker-0] INFO  impl.StateMachineUpdater (StateMachineUpdater.java:stopAndJoin(136)) - 5d271ba9-e0f4-40ff-b9fc-f90f33adc13b@group-96AF9F8BC25D-StateMachineUpdater: set stopIndex = 4
2019-11-05 08:34:39,601 [main] INFO  server.GrpcService (GrpcService.java:closeImpl(172)) - d7b60609-c805-4df6-8140-a27c681dae80: shutdown server with port 37880 successfully
2019-11-05 08:34:39,603 [5d271ba9-e0f4-40ff-b9fc-f90f33adc13b@group-96AF9F8BC25D-StateMachineUpdater] INFO  ratis.ContainerStateMachine (ContainerStateMachine.java:takeSnapshot(305)) - group-96AF9F8BC25D: Finished taking a snapshot at:(t:4, i:3) file:/workdir/hadoop-ozone/integration-test/target/test-dir/MiniOzoneClusterImpl-c1ac3406-7bea-4748-bbf9-a747646a8bff/datanode-2/data/ratis/03c07a91-4698-41a5-bbc7-96af9f8bc25d/sm/snapshot.4_3 time:3
2019-11-05 08:34:39,603 [05ace5f9-a5b7-4bc6-b4fa-26d4e24ae00c@group-515877FFDAAC-LeaderElection548] INFO  impl.LeaderElection (LeaderElection.java:askForVotes(178)) - 05ace5f9-a5b7-4bc6-b4fa-26d4e24ae00c@group-515877FFDAAC-LeaderElection548: begin an election at term 134 for -1: [05ace5f9-a5b7-4bc6-b4fa-26d4e24ae00c:192.168.164.217:42356, d92c9463-8e05-4a70-8cc7-1d31ae7ac64a:192.168.164.217:37180, d7b60609-c805-4df6-8140-a27c681dae80:192.168.164.217:37880], old=null
2019-11-05 08:34:39,604 [5d271ba9-e0f4-40ff-b9fc-f90f33adc13b@group-96AF9F8BC25D-StateMachineUpdater] INFO  impl.StateMachineUpdater (StateMachineUpdater.java:takeSnapshot(269)) - 5d271ba9-e0f4-40ff-b9fc-f90f33adc13b@group-96AF9F8BC25D-StateMachineUpdater: Took a snapshot at index 3
2019-11-05 08:34:39,604 [5d271ba9-e0f4-40ff-b9fc-f90f33adc13b@group-96AF9F8BC25D-StateMachineUpdater] INFO  impl.StateMachineUpdater (StateMachineUpdater.java:lambda$new$0(84)) - 5d271ba9-e0f4-40ff-b9fc-f90f33adc13b@group-96AF9F8BC25D-StateMachineUpdater: snapshotIndex: updateIncreasingly -1 -> 3
2019-11-05 08:34:39,605 [5d271ba9-e0f4-40ff-b9fc-f90f33adc13b@group-96AF9F8BC25D-StateMachineUpdater] INFO  ratis.ContainerStateMachine (ContainerStateMachine.java:takeSnapshot(294)) - group-96AF9F8BC25D: Taking a snapshot at:(t:4, i:3) file /workdir/hadoop-ozone/integration-test/target/test-dir/MiniOzoneClusterImpl-c1ac3406-7bea-4748-bbf9-a747646a8bff/datanode-2/data/ratis/03c07a91-4698-41a5-bbc7-96af9f8bc25d/sm/snapshot.4_3
2019-11-05 08:34:39,606 [grpc-default-executor-10] INFO  impl.RaftServerImpl (RaftServerImpl.java:setRole(184)) - d92c9463-8e05-4a70-8cc7-1d31ae7ac64a@group-515877FFDAAC: changes role from  FOLLOWER to FOLLOWER at term 134 for recognizeCandidate:05ace5f9-a5b7-4bc6-b4fa-26d4e24ae00c
2019-11-05 08:34:39,606 [grpc-default-executor-10] INFO  impl.RoleInfo (RoleInfo.java:shutdownFollowerState(121)) - d92c9463-8e05-4a70-8cc7-1d31ae7ac64a: shutdown FollowerState
2019-11-05 08:34:39,606 [Thread-4483] INFO  impl.FollowerState (FollowerState.java:run(117)) - d92c9463-8e05-4a70-8cc7-1d31ae7ac64a@group-515877FFDAAC-FollowerState was interrupted: java.lang.InterruptedException: sleep interrupted
2019-11-05 08:34:39,606 [grpc-default-executor-10] INFO  impl.RoleInfo (RoleInfo.java:updateAndGet(143)) - d92c9463-8e05-4a70-8cc7-1d31ae7ac64a: start FollowerState
2019-11-05 08:34:39,607 [refreshUsed-/workdir/hadoop-ozone/integration-test/target/test-dir/MiniOzoneClusterImpl-c1ac3406-7bea-4748-bbf9-a747646a8bff/datanode-5/data/containers] WARN  fs.CachingGetSpaceUsed (CachingGetSpaceUsed.java:run(183)) - Thread Interrupted waiting to refresh disk information: sleep interrupted
2019-11-05 08:34:39,626 [05ace5f9-a5b7-4bc6-b4fa-26d4e24ae00c@group-515877FFDAAC-LeaderElection548] INFO  impl.LeaderElection (LogUtils.java:infoOrTrace(149)) - 05ace5f9-a5b7-4bc6-b4fa-26d4e24ae00c@group-515877FFDAAC-LeaderElection548 got exception when requesting votes: {}
java.util.concurrent.ExecutionException: org.apache.ratis.thirdparty.io.grpc.StatusRuntimeException: UNAVAILABLE: io exception
	at java.util.concurrent.FutureTask.report(FutureTask.java:122)
	at java.util.concurrent.FutureTask.get(FutureTask.java:192)
	at org.apache.ratis.server.impl.LeaderElection.waitForResults(LeaderElection.java:259)
	at org.apache.ratis.server.impl.LeaderElection.askForVotes(LeaderElection.java:197)
	at org.apache.ratis.server.impl.LeaderElection.run(LeaderElection.java:133)
	at java.lang.Thread.run(Thread.java:748)
Caused by: org.apache.ratis.thirdparty.io.grpc.StatusRuntimeException: UNAVAILABLE: io exception
	at org.apache.ratis.thirdparty.io.grpc.stub.ClientCalls.toStatusRuntimeException(ClientCalls.java:233)
	at org.apache.ratis.thirdparty.io.grpc.stub.ClientCalls.getUnchecked(ClientCalls.java:214)
	at org.apache.ratis.thirdparty.io.grpc.stub.ClientCalls.blockingUnaryCall(ClientCalls.java:139)
	at org.apache.ratis.proto.grpc.RaftServerProtocolServiceGrpc$RaftServerProtocolServiceBlockingStub.requestVote(RaftServerProtocolServiceGrpc.java:265)
	at org.apache.ratis.grpc.server.GrpcServerProtocolClient.requestVote(GrpcServerProtocolClient.java:99)
	at org.apache.ratis.grpc.server.GrpcService.requestVote(GrpcService.java:204)
	at org.apache.ratis.server.impl.LeaderElection.lambda$submitRequests$1(LeaderElection.java:234)
	at java.util.concurrent.FutureTask.run(FutureTask.java:266)
	at java.util.concurrent.Executors$RunnableAdapter.call(Executors.java:511)
	at java.util.concurrent.FutureTask.run(FutureTask.java:266)
	at java.util.concurrent.ThreadPoolExecutor.runWorker(ThreadPoolExecutor.java:1149)
	at java.util.concurrent.ThreadPoolExecutor$Worker.run(ThreadPoolExecutor.java:624)
	... 1 more
Caused by: org.apache.ratis.thirdparty.io.netty.channel.AbstractChannel$AnnotatedConnectException: Connection refused: /192.168.164.217:37880
	at sun.nio.ch.SocketChannelImpl.checkConnect(Native Method)
	at sun.nio.ch.SocketChannelImpl.finishConnect(SocketChannelImpl.java:717)
	at org.apache.ratis.thirdparty.io.netty.channel.socket.nio.NioSocketChannel.doFinishConnect(NioSocketChannel.java:327)
	at org.apache.ratis.thirdparty.io.netty.channel.nio.AbstractNioChannel$AbstractNioUnsafe.finishConnect(AbstractNioChannel.java:340)
	at org.apache.ratis.thirdparty.io.netty.channel.nio.NioEventLoop.processSelectedKey(NioEventLoop.java:632)
	at org.apache.ratis.thirdparty.io.netty.channel.nio.NioEventLoop.processSelectedKeysOptimized(NioEventLoop.java:579)
	at org.apache.ratis.thirdparty.io.netty.channel.nio.NioEventLoop.processSelectedKeys(NioEventLoop.java:496)
	at org.apache.ratis.thirdparty.io.netty.channel.nio.NioEventLoop.run(NioEventLoop.java:458)
	at org.apache.ratis.thirdparty.io.netty.util.concurrent.SingleThreadEventExecutor$5.run(SingleThreadEventExecutor.java:897)
	at org.apache.ratis.thirdparty.io.netty.util.concurrent.FastThreadLocalRunnable.run(FastThreadLocalRunnable.java:30)
	... 1 more
Caused by: java.net.ConnectException: Connection refused
	... 11 more
2019-11-05 08:34:39,630 [5d271ba9-e0f4-40ff-b9fc-f90f33adc13b@group-96AF9F8BC25D-StateMachineUpdater] INFO  ratis.ContainerStateMachine (ContainerStateMachine.java:takeSnapshot(305)) - group-96AF9F8BC25D: Finished taking a snapshot at:(t:4, i:3) file:/workdir/hadoop-ozone/integration-test/target/test-dir/MiniOzoneClusterImpl-c1ac3406-7bea-4748-bbf9-a747646a8bff/datanode-2/data/ratis/03c07a91-4698-41a5-bbc7-96af9f8bc25d/sm/snapshot.4_3 time:25
2019-11-05 08:34:39,630 [5d271ba9-e0f4-40ff-b9fc-f90f33adc13b@group-96AF9F8BC25D-StateMachineUpdater] INFO  impl.StateMachineUpdater (StateMachineUpdater.java:takeSnapshot(269)) - 5d271ba9-e0f4-40ff-b9fc-f90f33adc13b@group-96AF9F8BC25D-StateMachineUpdater: Took a snapshot at index 3
2019-11-05 08:34:39,630 [05ace5f9-a5b7-4bc6-b4fa-26d4e24ae00c@group-515877FFDAAC-LeaderElection548] INFO  impl.LeaderElection (LeaderElection.java:logAndReturn(56)) - 05ace5f9-a5b7-4bc6-b4fa-26d4e24ae00c@group-515877FFDAAC-LeaderElection548: Election TIMEOUT; received 0 response(s) [] and 1 exception(s); 05ace5f9-a5b7-4bc6-b4fa-26d4e24ae00c@group-515877FFDAAC:t134, leader=null, voted=05ace5f9-a5b7-4bc6-b4fa-26d4e24ae00c, raftlog=05ace5f9-a5b7-4bc6-b4fa-26d4e24ae00c@group-515877FFDAAC-SegmentedRaftLog:OPENED:c-1,f-1,i0, conf=-1: [05ace5f9-a5b7-4bc6-b4fa-26d4e24ae00c:192.168.164.217:42356, d92c9463-8e05-4a70-8cc7-1d31ae7ac64a:192.168.164.217:37180, d7b60609-c805-4df6-8140-a27c681dae80:192.168.164.217:37880], old=null
2019-11-05 08:34:39,630 [5d271ba9-e0f4-40ff-b9fc-f90f33adc13b@group-96AF9F8BC25D-StateMachineUpdater] INFO  impl.StateMachineUpdater (StateMachineUpdater.java:lambda$new$0(84)) - 5d271ba9-e0f4-40ff-b9fc-f90f33adc13b@group-96AF9F8BC25D-StateMachineUpdater: snapshotIndex: updateIncreasingly 3 -> 3
2019-11-05 08:34:39,630 [05ace5f9-a5b7-4bc6-b4fa-26d4e24ae00c@group-515877FFDAAC-LeaderElection548] INFO  impl.LeaderElection (LogUtils.java:infoOrTrace(149)) -   Exception 0: {}
java.util.concurrent.ExecutionException: org.apache.ratis.thirdparty.io.grpc.StatusRuntimeException: UNAVAILABLE: io exception
	at java.util.concurrent.FutureTask.report(FutureTask.java:122)
	at java.util.concurrent.FutureTask.get(FutureTask.java:192)
	at org.apache.ratis.server.impl.LeaderElection.waitForResults(LeaderElection.java:259)
	at org.apache.ratis.server.impl.LeaderElection.askForVotes(LeaderElection.java:197)
	at org.apache.ratis.server.impl.LeaderElection.run(LeaderElection.java:133)
	at java.lang.Thread.run(Thread.java:748)
Caused by: org.apache.ratis.thirdparty.io.grpc.StatusRuntimeException: UNAVAILABLE: io exception
	at org.apache.ratis.thirdparty.io.grpc.stub.ClientCalls.toStatusRuntimeException(ClientCalls.java:233)
	at org.apache.ratis.thirdparty.io.grpc.stub.ClientCalls.getUnchecked(ClientCalls.java:214)
	at org.apache.ratis.thirdparty.io.grpc.stub.ClientCalls.blockingUnaryCall(ClientCalls.java:139)
	at org.apache.ratis.proto.grpc.RaftServerProtocolServiceGrpc$RaftServerProtocolServiceBlockingStub.requestVote(RaftServerProtocolServiceGrpc.java:265)
	at org.apache.ratis.grpc.server.GrpcServerProtocolClient.requestVote(GrpcServerProtocolClient.java:99)
	at org.apache.ratis.grpc.server.GrpcService.requestVote(GrpcService.java:204)
	at org.apache.ratis.server.impl.LeaderElection.lambda$submitRequests$1(LeaderElection.java:234)
	at java.util.concurrent.FutureTask.run(FutureTask.java:266)
	at java.util.concurrent.Executors$RunnableAdapter.call(Executors.java:511)
	at java.util.concurrent.FutureTask.run(FutureTask.java:266)
	at java.util.concurrent.ThreadPoolExecutor.runWorker(ThreadPoolExecutor.java:1149)
	at java.util.concurrent.ThreadPoolExecutor$Worker.run(ThreadPoolExecutor.java:624)
	... 1 more
Caused by: org.apache.ratis.thirdparty.io.netty.channel.AbstractChannel$AnnotatedConnectException: Connection refused: /192.168.164.217:37880
	at sun.nio.ch.SocketChannelImpl.checkConnect(Native Method)
	at sun.nio.ch.SocketChannelImpl.finishConnect(SocketChannelImpl.java:717)
	at org.apache.ratis.thirdparty.io.netty.channel.socket.nio.NioSocketChannel.doFinishConnect(NioSocketChannel.java:327)
	at org.apache.ratis.thirdparty.io.netty.channel.nio.AbstractNioChannel$AbstractNioUnsafe.finishConnect(AbstractNioChannel.java:340)
	at org.apache.ratis.thirdparty.io.netty.channel.nio.NioEventLoop.processSelectedKey(NioEventLoop.java:632)
	at org.apache.ratis.thirdparty.io.netty.channel.nio.NioEventLoop.processSelectedKeysOptimized(NioEventLoop.java:579)
	at org.apache.ratis.thirdparty.io.netty.channel.nio.NioEventLoop.processSelectedKeys(NioEventLoop.java:496)
	at org.apache.ratis.thirdparty.io.netty.channel.nio.NioEventLoop.run(NioEventLoop.java:458)
	at org.apache.ratis.thirdparty.io.netty.util.concurrent.SingleThreadEventExecutor$5.run(SingleThreadEventExecutor.java:897)
	at org.apache.ratis.thirdparty.io.netty.util.concurrent.FastThreadLocalRunnable.run(FastThreadLocalRunnable.java:30)
	... 1 more
Caused by: java.net.ConnectException: Connection refused
	... 11 more
2019-11-05 08:34:39,630 [ForkJoinPool.commonPool-worker-0] INFO  impl.RaftServerImpl (ServerState.java:close(388)) - 5d271ba9-e0f4-40ff-b9fc-f90f33adc13b@group-96AF9F8BC25D: closes. applyIndex: 4
2019-11-05 08:34:39,631 [5d271ba9-e0f4-40ff-b9fc-f90f33adc13b@group-96AF9F8BC25D-SegmentedRaftLogWorker] INFO  segmented.SegmentedRaftLogWorker (SegmentedRaftLogWorker.java:run(316)) - 5d271ba9-e0f4-40ff-b9fc-f90f33adc13b@group-96AF9F8BC25D-SegmentedRaftLogWorker was interrupted, exiting. There are 0 tasks remaining in the queue.
2019-11-05 08:34:39,633 [ForkJoinPool.commonPool-worker-0] INFO  segmented.SegmentedRaftLogWorker (SegmentedRaftLogWorker.java:close(224)) - 5d271ba9-e0f4-40ff-b9fc-f90f33adc13b@group-96AF9F8BC25D-SegmentedRaftLogWorker close()
2019-11-05 08:34:39,635 [ForkJoinPool.commonPool-worker-0] INFO  server.GrpcService (GrpcService.java:closeImpl(164)) - 5d271ba9-e0f4-40ff-b9fc-f90f33adc13b: shutdown server with port 46357 now
2019-11-05 08:34:39,636 [ForkJoinPool.commonPool-worker-0] INFO  server.GrpcService (GrpcService.java:closeImpl(172)) - 5d271ba9-e0f4-40ff-b9fc-f90f33adc13b: shutdown server with port 46357 successfully
2019-11-05 08:34:39,638 [grpc-default-executor-17] WARN  server.GrpcLogAppender (LogUtils.java:warn(134)) - fae5ccd0-edd9-4644-8d4e-9d507f6169bd@group-96AF9F8BC25D->5d271ba9-e0f4-40ff-b9fc-f90f33adc13b-AppendLogResponseHandler: Failed appendEntries: org.apache.ratis.thirdparty.io.grpc.StatusRuntimeException: CANCELLED: HTTP/2 error code: CANCEL
Received Rst Stream
2019-11-05 08:34:39,638 [grpc-default-executor-13] WARN  server.GrpcServerProtocolService (LogUtils.java:warn(134)) - 5d271ba9-e0f4-40ff-b9fc-f90f33adc13b: installSnapshot onError, lastRequest: fae5ccd0-edd9-4644-8d4e-9d507f6169bd->5d271ba9-e0f4-40ff-b9fc-f90f33adc13b#38-t4, previous=(t:4, i:4), leaderCommit=4, initializing? false, entries: <empty>: org.apache.ratis.thirdparty.io.grpc.StatusRuntimeException: CANCELLED: cancelled before receiving half close
2019-11-05 08:34:39,641 [refreshUsed-/workdir/hadoop-ozone/integration-test/target/test-dir/MiniOzoneClusterImpl-c1ac3406-7bea-4748-bbf9-a747646a8bff/datanode-2/data/containers] WARN  fs.CachingGetSpaceUsed (CachingGetSpaceUsed.java:run(183)) - Thread Interrupted waiting to refresh disk information: sleep interrupted
2019-11-05 08:34:39,645 [05ace5f9-a5b7-4bc6-b4fa-26d4e24ae00c@group-515877FFDAAC-LeaderElection548] INFO  impl.LeaderElection (LeaderElection.java:askForVotes(178)) - 05ace5f9-a5b7-4bc6-b4fa-26d4e24ae00c@group-515877FFDAAC-LeaderElection548: begin an election at term 135 for -1: [05ace5f9-a5b7-4bc6-b4fa-26d4e24ae00c:192.168.164.217:42356, d92c9463-8e05-4a70-8cc7-1d31ae7ac64a:192.168.164.217:37180, d7b60609-c805-4df6-8140-a27c681dae80:192.168.164.217:37880], old=null
2019-11-05 08:34:39,647 [05ace5f9-a5b7-4bc6-b4fa-26d4e24ae00c@group-515877FFDAAC-LeaderElection548] INFO  impl.LeaderElection (LogUtils.java:infoOrTrace(149)) - 05ace5f9-a5b7-4bc6-b4fa-26d4e24ae00c@group-515877FFDAAC-LeaderElection548 got exception when requesting votes: {}
java.util.concurrent.ExecutionException: org.apache.ratis.thirdparty.io.grpc.StatusRuntimeException: UNAVAILABLE: io exception
	at java.util.concurrent.FutureTask.report(FutureTask.java:122)
	at java.util.concurrent.FutureTask.get(FutureTask.java:192)
	at org.apache.ratis.server.impl.LeaderElection.waitForResults(LeaderElection.java:259)
	at org.apache.ratis.server.impl.LeaderElection.askForVotes(LeaderElection.java:197)
	at org.apache.ratis.server.impl.LeaderElection.run(LeaderElection.java:133)
	at java.lang.Thread.run(Thread.java:748)
Caused by: org.apache.ratis.thirdparty.io.grpc.StatusRuntimeException: UNAVAILABLE: io exception
	at org.apache.ratis.thirdparty.io.grpc.stub.ClientCalls.toStatusRuntimeException(ClientCalls.java:233)
	at org.apache.ratis.thirdparty.io.grpc.stub.ClientCalls.getUnchecked(ClientCalls.java:214)
	at org.apache.ratis.thirdparty.io.grpc.stub.ClientCalls.blockingUnaryCall(ClientCalls.java:139)
	at org.apache.ratis.proto.grpc.RaftServerProtocolServiceGrpc$RaftServerProtocolServiceBlockingStub.requestVote(RaftServerProtocolServiceGrpc.java:265)
	at org.apache.ratis.grpc.server.GrpcServerProtocolClient.requestVote(GrpcServerProtocolClient.java:99)
	at org.apache.ratis.grpc.server.GrpcService.requestVote(GrpcService.java:204)
	at org.apache.ratis.server.impl.LeaderElection.lambda$submitRequests$1(LeaderElection.java:234)
	at java.util.concurrent.FutureTask.run(FutureTask.java:266)
	at java.util.concurrent.Executors$RunnableAdapter.call(Executors.java:511)
	at java.util.concurrent.FutureTask.run(FutureTask.java:266)
	at java.util.concurrent.ThreadPoolExecutor.runWorker(ThreadPoolExecutor.java:1149)
	at java.util.concurrent.ThreadPoolExecutor$Worker.run(ThreadPoolExecutor.java:624)
	... 1 more
Caused by: org.apache.ratis.thirdparty.io.netty.channel.AbstractChannel$AnnotatedConnectException: Connection refused: /192.168.164.217:37880
	at sun.nio.ch.SocketChannelImpl.checkConnect(Native Method)
	at sun.nio.ch.SocketChannelImpl.finishConnect(SocketChannelImpl.java:717)
	at org.apache.ratis.thirdparty.io.netty.channel.socket.nio.NioSocketChannel.doFinishConnect(NioSocketChannel.java:327)
	at org.apache.ratis.thirdparty.io.netty.channel.nio.AbstractNioChannel$AbstractNioUnsafe.finishConnect(AbstractNioChannel.java:340)
	at org.apache.ratis.thirdparty.io.netty.channel.nio.NioEventLoop.processSelectedKey(NioEventLoop.java:632)
	at org.apache.ratis.thirdparty.io.netty.channel.nio.NioEventLoop.processSelectedKeysOptimized(NioEventLoop.java:579)
	at org.apache.ratis.thirdparty.io.netty.channel.nio.NioEventLoop.processSelectedKeys(NioEventLoop.java:496)
	at org.apache.ratis.thirdparty.io.netty.channel.nio.NioEventLoop.run(NioEventLoop.java:458)
	at org.apache.ratis.thirdparty.io.netty.util.concurrent.SingleThreadEventExecutor$5.run(SingleThreadEventExecutor.java:897)
	at org.apache.ratis.thirdparty.io.netty.util.concurrent.FastThreadLocalRunnable.run(FastThreadLocalRunnable.java:30)
	... 1 more
Caused by: java.net.ConnectException: Connection refused
	... 11 more
2019-11-05 08:34:39,648 [grpc-default-executor-10] INFO  impl.RaftServerImpl (RaftServerImpl.java:setRole(184)) - d92c9463-8e05-4a70-8cc7-1d31ae7ac64a@group-515877FFDAAC: changes role from  FOLLOWER to FOLLOWER at term 135 for recognizeCandidate:05ace5f9-a5b7-4bc6-b4fa-26d4e24ae00c
2019-11-05 08:34:39,649 [grpc-default-executor-10] INFO  impl.RoleInfo (RoleInfo.java:shutdownFollowerState(121)) - d92c9463-8e05-4a70-8cc7-1d31ae7ac64a: shutdown FollowerState
2019-11-05 08:34:39,649 [grpc-default-executor-10] INFO  impl.RoleInfo (RoleInfo.java:updateAndGet(143)) - d92c9463-8e05-4a70-8cc7-1d31ae7ac64a: start FollowerState
2019-11-05 08:34:39,649 [main] INFO  utils.BackgroundService (BackgroundService.java:shutdown(151)) - Shutting down service BlockDeletingService
2019-11-05 08:34:39,649 [Thread-4489] INFO  impl.FollowerState (FollowerState.java:run(117)) - d92c9463-8e05-4a70-8cc7-1d31ae7ac64a@group-515877FFDAAC-FollowerState was interrupted: java.lang.InterruptedException: sleep interrupted
2019-11-05 08:34:39,656 [main] INFO  statemachine.DatanodeStateMachine (DatanodeStateMachine.java:stopDaemon(395)) - Ozone container server stopped.
2019-11-05 08:34:39,662 [main] INFO  handler.ContextHandler (ContextHandler.java:doStop(910)) - Stopped o.e.j.w.WebAppContext@4e224df5{/,null,UNAVAILABLE}{/hddsDatanode}
2019-11-05 08:34:39,662 [05ace5f9-a5b7-4bc6-b4fa-26d4e24ae00c@group-515877FFDAAC-LeaderElection548] INFO  impl.LeaderElection (LeaderElection.java:logAndReturn(56)) - 05ace5f9-a5b7-4bc6-b4fa-26d4e24ae00c@group-515877FFDAAC-LeaderElection548: Election REJECTED; received 1 response(s) [05ace5f9-a5b7-4bc6-b4fa-26d4e24ae00c<-d92c9463-8e05-4a70-8cc7-1d31ae7ac64a#0:FAIL-t135] and 1 exception(s); 05ace5f9-a5b7-4bc6-b4fa-26d4e24ae00c@group-515877FFDAAC:t135, leader=null, voted=05ace5f9-a5b7-4bc6-b4fa-26d4e24ae00c, raftlog=05ace5f9-a5b7-4bc6-b4fa-26d4e24ae00c@group-515877FFDAAC-SegmentedRaftLog:OPENED:c-1,f-1,i0, conf=-1: [05ace5f9-a5b7-4bc6-b4fa-26d4e24ae00c:192.168.164.217:42356, d92c9463-8e05-4a70-8cc7-1d31ae7ac64a:192.168.164.217:37180, d7b60609-c805-4df6-8140-a27c681dae80:192.168.164.217:37880], old=null
2019-11-05 08:34:39,663 [05ace5f9-a5b7-4bc6-b4fa-26d4e24ae00c@group-515877FFDAAC-LeaderElection548] INFO  impl.LeaderElection (LogUtils.java:infoOrTrace(149)) -   Exception 0: {}
java.util.concurrent.ExecutionException: org.apache.ratis.thirdparty.io.grpc.StatusRuntimeException: UNAVAILABLE: io exception
	at java.util.concurrent.FutureTask.report(FutureTask.java:122)
	at java.util.concurrent.FutureTask.get(FutureTask.java:192)
	at org.apache.ratis.server.impl.LeaderElection.waitForResults(LeaderElection.java:259)
	at org.apache.ratis.server.impl.LeaderElection.askForVotes(LeaderElection.java:197)
	at org.apache.ratis.server.impl.LeaderElection.run(LeaderElection.java:133)
	at java.lang.Thread.run(Thread.java:748)
Caused by: org.apache.ratis.thirdparty.io.grpc.StatusRuntimeException: UNAVAILABLE: io exception
	at org.apache.ratis.thirdparty.io.grpc.stub.ClientCalls.toStatusRuntimeException(ClientCalls.java:233)
	at org.apache.ratis.thirdparty.io.grpc.stub.ClientCalls.getUnchecked(ClientCalls.java:214)
	at org.apache.ratis.thirdparty.io.grpc.stub.ClientCalls.blockingUnaryCall(ClientCalls.java:139)
	at org.apache.ratis.proto.grpc.RaftServerProtocolServiceGrpc$RaftServerProtocolServiceBlockingStub.requestVote(RaftServerProtocolServiceGrpc.java:265)
	at org.apache.ratis.grpc.server.GrpcServerProtocolClient.requestVote(GrpcServerProtocolClient.java:99)
	at org.apache.ratis.grpc.server.GrpcService.requestVote(GrpcService.java:204)
	at org.apache.ratis.server.impl.LeaderElection.lambda$submitRequests$1(LeaderElection.java:234)
	at java.util.concurrent.FutureTask.run(FutureTask.java:266)
	at java.util.concurrent.Executors$RunnableAdapter.call(Executors.java:511)
	at java.util.concurrent.FutureTask.run(FutureTask.java:266)
	at java.util.concurrent.ThreadPoolExecutor.runWorker(ThreadPoolExecutor.java:1149)
	at java.util.concurrent.ThreadPoolExecutor$Worker.run(ThreadPoolExecutor.java:624)
	... 1 more
Caused by: org.apache.ratis.thirdparty.io.netty.channel.AbstractChannel$AnnotatedConnectException: Connection refused: /192.168.164.217:37880
	at sun.nio.ch.SocketChannelImpl.checkConnect(Native Method)
	at sun.nio.ch.SocketChannelImpl.finishConnect(SocketChannelImpl.java:717)
	at org.apache.ratis.thirdparty.io.netty.channel.socket.nio.NioSocketChannel.doFinishConnect(NioSocketChannel.java:327)
	at org.apache.ratis.thirdparty.io.netty.channel.nio.AbstractNioChannel$AbstractNioUnsafe.finishConnect(AbstractNioChannel.java:340)
	at org.apache.ratis.thirdparty.io.netty.channel.nio.NioEventLoop.processSelectedKey(NioEventLoop.java:632)
	at org.apache.ratis.thirdparty.io.netty.channel.nio.NioEventLoop.processSelectedKeysOptimized(NioEventLoop.java:579)
	at org.apache.ratis.thirdparty.io.netty.channel.nio.NioEventLoop.processSelectedKeys(NioEventLoop.java:496)
	at org.apache.ratis.thirdparty.io.netty.channel.nio.NioEventLoop.run(NioEventLoop.java:458)
	at org.apache.ratis.thirdparty.io.netty.util.concurrent.SingleThreadEventExecutor$5.run(SingleThreadEventExecutor.java:897)
	at org.apache.ratis.thirdparty.io.netty.util.concurrent.FastThreadLocalRunnable.run(FastThreadLocalRunnable.java:30)
	... 1 more
Caused by: java.net.ConnectException: Connection refused
	... 11 more
2019-11-05 08:34:39,663 [05ace5f9-a5b7-4bc6-b4fa-26d4e24ae00c@group-515877FFDAAC-LeaderElection548] INFO  impl.RaftServerImpl (RaftServerImpl.java:setRole(184)) - 05ace5f9-a5b7-4bc6-b4fa-26d4e24ae00c@group-515877FFDAAC: changes role from CANDIDATE to FOLLOWER at term 135 for DISCOVERED_A_NEW_TERM
2019-11-05 08:34:39,663 [05ace5f9-a5b7-4bc6-b4fa-26d4e24ae00c@group-515877FFDAAC-LeaderElection548] INFO  impl.RoleInfo (RoleInfo.java:shutdownLeaderElection(134)) - 05ace5f9-a5b7-4bc6-b4fa-26d4e24ae00c: shutdown LeaderElection
2019-11-05 08:34:39,663 [05ace5f9-a5b7-4bc6-b4fa-26d4e24ae00c@group-515877FFDAAC-LeaderElection548] INFO  impl.RoleInfo (RoleInfo.java:updateAndGet(143)) - 05ace5f9-a5b7-4bc6-b4fa-26d4e24ae00c: start FollowerState
2019-11-05 08:34:39,663 [main] INFO  server.AbstractConnector (AbstractConnector.java:doStop(318)) - Stopped ServerConnector@32456db0{HTTP/1.1,[http/1.1]}{0.0.0.0:0}
2019-11-05 08:34:39,664 [main] INFO  handler.ContextHandler (ContextHandler.java:doStop(910)) - Stopped o.e.j.s.ServletContextHandler@2d74c81b{/static,jar:file:/home/user/.m2/repository/org/apache/hadoop/hadoop-hdds-container-service/0.5.0-SNAPSHOT/hadoop-hdds-container-service-0.5.0-SNAPSHOT.jar!/webapps/static,UNAVAILABLE}
2019-11-05 08:34:39,664 [main] INFO  handler.ContextHandler (ContextHandler.java:doStop(910)) - Stopped o.e.j.s.ServletContextHandler@59939293{/logs,file:///workdir/hadoop-ozone/integration-test/target/log,UNAVAILABLE}
2019-11-05 08:34:39,668 [ForkJoinPool.commonPool-worker-0] INFO  utils.BackgroundService (BackgroundService.java:shutdown(151)) - Shutting down service BlockDeletingService
2019-11-05 08:34:39,674 [ForkJoinPool.commonPool-worker-0] INFO  statemachine.DatanodeStateMachine (DatanodeStateMachine.java:stopDaemon(395)) - Ozone container server stopped.
2019-11-05 08:34:39,679 [ForkJoinPool.commonPool-worker-0] INFO  handler.ContextHandler (ContextHandler.java:doStop(910)) - Stopped o.e.j.w.WebAppContext@4b0bd001{/,null,UNAVAILABLE}{/hddsDatanode}
2019-11-05 08:34:39,680 [ForkJoinPool.commonPool-worker-0] INFO  server.AbstractConnector (AbstractConnector.java:doStop(318)) - Stopped ServerConnector@f9cab00{HTTP/1.1,[http/1.1]}{0.0.0.0:0}
2019-11-05 08:34:39,681 [ForkJoinPool.commonPool-worker-0] INFO  handler.ContextHandler (ContextHandler.java:doStop(910)) - Stopped o.e.j.s.ServletContextHandler@7885776b{/static,jar:file:/home/user/.m2/repository/org/apache/hadoop/hadoop-hdds-container-service/0.5.0-SNAPSHOT/hadoop-hdds-container-service-0.5.0-SNAPSHOT.jar!/webapps/static,UNAVAILABLE}
2019-11-05 08:34:39,683 [ForkJoinPool.commonPool-worker-0] INFO  handler.ContextHandler (ContextHandler.java:doStop(910)) - Stopped o.e.j.s.ServletContextHandler@3069a360{/logs,file:///workdir/hadoop-ozone/integration-test/target/log,UNAVAILABLE}
2019-11-05 08:34:39,685 [Thread-4493] INFO  impl.FollowerState (FollowerState.java:run(108)) - 05ace5f9-a5b7-4bc6-b4fa-26d4e24ae00c@group-515877FFDAAC-FollowerState: change to CANDIDATE, lastRpcTime:22ms, electionTimeout:22ms
2019-11-05 08:34:39,686 [Thread-4493] INFO  impl.RoleInfo (RoleInfo.java:shutdownFollowerState(121)) - 05ace5f9-a5b7-4bc6-b4fa-26d4e24ae00c: shutdown FollowerState
2019-11-05 08:34:39,686 [Thread-4493] INFO  impl.RaftServerImpl (RaftServerImpl.java:setRole(184)) - 05ace5f9-a5b7-4bc6-b4fa-26d4e24ae00c@group-515877FFDAAC: changes role from  FOLLOWER to CANDIDATE at term 135 for changeToCandidate
2019-11-05 08:34:39,686 [Thread-4493] INFO  impl.RoleInfo (RoleInfo.java:updateAndGet(143)) - 05ace5f9-a5b7-4bc6-b4fa-26d4e24ae00c: start LeaderElection
2019-11-05 08:34:39,699 [05ace5f9-a5b7-4bc6-b4fa-26d4e24ae00c@group-515877FFDAAC-LeaderElection549] INFO  impl.LeaderElection (LeaderElection.java:askForVotes(178)) - 05ace5f9-a5b7-4bc6-b4fa-26d4e24ae00c@group-515877FFDAAC-LeaderElection549: begin an election at term 136 for -1: [05ace5f9-a5b7-4bc6-b4fa-26d4e24ae00c:192.168.164.217:42356, d92c9463-8e05-4a70-8cc7-1d31ae7ac64a:192.168.164.217:37180, d7b60609-c805-4df6-8140-a27c681dae80:192.168.164.217:37880], old=null
2019-11-05 08:34:39,700 [05ace5f9-a5b7-4bc6-b4fa-26d4e24ae00c@group-515877FFDAAC-LeaderElection549] INFO  impl.LeaderElection (LogUtils.java:infoOrTrace(149)) - 05ace5f9-a5b7-4bc6-b4fa-26d4e24ae00c@group-515877FFDAAC-LeaderElection549 got exception when requesting votes: {}
java.util.concurrent.ExecutionException: org.apache.ratis.thirdparty.io.grpc.StatusRuntimeException: UNAVAILABLE: io exception
	at java.util.concurrent.FutureTask.report(FutureTask.java:122)
	at java.util.concurrent.FutureTask.get(FutureTask.java:192)
	at org.apache.ratis.server.impl.LeaderElection.waitForResults(LeaderElection.java:259)
	at org.apache.ratis.server.impl.LeaderElection.askForVotes(LeaderElection.java:197)
	at org.apache.ratis.server.impl.LeaderElection.run(LeaderElection.java:133)
	at java.lang.Thread.run(Thread.java:748)
Caused by: org.apache.ratis.thirdparty.io.grpc.StatusRuntimeException: UNAVAILABLE: io exception
	at org.apache.ratis.thirdparty.io.grpc.stub.ClientCalls.toStatusRuntimeException(ClientCalls.java:233)
	at org.apache.ratis.thirdparty.io.grpc.stub.ClientCalls.getUnchecked(ClientCalls.java:214)
	at org.apache.ratis.thirdparty.io.grpc.stub.ClientCalls.blockingUnaryCall(ClientCalls.java:139)
	at org.apache.ratis.proto.grpc.RaftServerProtocolServiceGrpc$RaftServerProtocolServiceBlockingStub.requestVote(RaftServerProtocolServiceGrpc.java:265)
	at org.apache.ratis.grpc.server.GrpcServerProtocolClient.requestVote(GrpcServerProtocolClient.java:99)
	at org.apache.ratis.grpc.server.GrpcService.requestVote(GrpcService.java:204)
	at org.apache.ratis.server.impl.LeaderElection.lambda$submitRequests$1(LeaderElection.java:234)
	at java.util.concurrent.FutureTask.run(FutureTask.java:266)
	at java.util.concurrent.Executors$RunnableAdapter.call(Executors.java:511)
	at java.util.concurrent.FutureTask.run(FutureTask.java:266)
	at java.util.concurrent.ThreadPoolExecutor.runWorker(ThreadPoolExecutor.java:1149)
	at java.util.concurrent.ThreadPoolExecutor$Worker.run(ThreadPoolExecutor.java:624)
	... 1 more
Caused by: org.apache.ratis.thirdparty.io.netty.channel.AbstractChannel$AnnotatedConnectException: Connection refused: /192.168.164.217:37880
	at sun.nio.ch.SocketChannelImpl.checkConnect(Native Method)
	at sun.nio.ch.SocketChannelImpl.finishConnect(SocketChannelImpl.java:717)
	at org.apache.ratis.thirdparty.io.netty.channel.socket.nio.NioSocketChannel.doFinishConnect(NioSocketChannel.java:327)
	at org.apache.ratis.thirdparty.io.netty.channel.nio.AbstractNioChannel$AbstractNioUnsafe.finishConnect(AbstractNioChannel.java:340)
	at org.apache.ratis.thirdparty.io.netty.channel.nio.NioEventLoop.processSelectedKey(NioEventLoop.java:632)
	at org.apache.ratis.thirdparty.io.netty.channel.nio.NioEventLoop.processSelectedKeysOptimized(NioEventLoop.java:579)
	at org.apache.ratis.thirdparty.io.netty.channel.nio.NioEventLoop.processSelectedKeys(NioEventLoop.java:496)
	at org.apache.ratis.thirdparty.io.netty.channel.nio.NioEventLoop.run(NioEventLoop.java:458)
	at org.apache.ratis.thirdparty.io.netty.util.concurrent.SingleThreadEventExecutor$5.run(SingleThreadEventExecutor.java:897)
	at org.apache.ratis.thirdparty.io.netty.util.concurrent.FastThreadLocalRunnable.run(FastThreadLocalRunnable.java:30)
	... 1 more
Caused by: java.net.ConnectException: Connection refused
	... 11 more
2019-11-05 08:34:39,701 [grpc-default-executor-17] INFO  impl.RaftServerImpl (RaftServerImpl.java:setRole(184)) - d92c9463-8e05-4a70-8cc7-1d31ae7ac64a@group-515877FFDAAC: changes role from  FOLLOWER to FOLLOWER at term 136 for recognizeCandidate:05ace5f9-a5b7-4bc6-b4fa-26d4e24ae00c
2019-11-05 08:34:39,701 [grpc-default-executor-17] INFO  impl.RoleInfo (RoleInfo.java:shutdownFollowerState(121)) - d92c9463-8e05-4a70-8cc7-1d31ae7ac64a: shutdown FollowerState
2019-11-05 08:34:39,701 [grpc-default-executor-17] INFO  impl.RoleInfo (RoleInfo.java:updateAndGet(143)) - d92c9463-8e05-4a70-8cc7-1d31ae7ac64a: start FollowerState
2019-11-05 08:34:39,701 [Thread-4492] INFO  impl.FollowerState (FollowerState.java:run(117)) - d92c9463-8e05-4a70-8cc7-1d31ae7ac64a@group-515877FFDAAC-FollowerState was interrupted: java.lang.InterruptedException: sleep interrupted
2019-11-05 08:34:39,715 [05ace5f9-a5b7-4bc6-b4fa-26d4e24ae00c@group-515877FFDAAC-LeaderElection549] INFO  impl.LeaderElection (LeaderElection.java:logAndReturn(56)) - 05ace5f9-a5b7-4bc6-b4fa-26d4e24ae00c@group-515877FFDAAC-LeaderElection549: Election REJECTED; received 1 response(s) [05ace5f9-a5b7-4bc6-b4fa-26d4e24ae00c<-d92c9463-8e05-4a70-8cc7-1d31ae7ac64a#0:FAIL-t136] and 1 exception(s); 05ace5f9-a5b7-4bc6-b4fa-26d4e24ae00c@group-515877FFDAAC:t136, leader=null, voted=05ace5f9-a5b7-4bc6-b4fa-26d4e24ae00c, raftlog=05ace5f9-a5b7-4bc6-b4fa-26d4e24ae00c@group-515877FFDAAC-SegmentedRaftLog:OPENED:c-1,f-1,i0, conf=-1: [05ace5f9-a5b7-4bc6-b4fa-26d4e24ae00c:192.168.164.217:42356, d92c9463-8e05-4a70-8cc7-1d31ae7ac64a:192.168.164.217:37180, d7b60609-c805-4df6-8140-a27c681dae80:192.168.164.217:37880], old=null
2019-11-05 08:34:39,715 [05ace5f9-a5b7-4bc6-b4fa-26d4e24ae00c@group-515877FFDAAC-LeaderElection549] INFO  impl.LeaderElection (LogUtils.java:infoOrTrace(149)) -   Exception 0: {}
java.util.concurrent.ExecutionException: org.apache.ratis.thirdparty.io.grpc.StatusRuntimeException: UNAVAILABLE: io exception
	at java.util.concurrent.FutureTask.report(FutureTask.java:122)
	at java.util.concurrent.FutureTask.get(FutureTask.java:192)
	at org.apache.ratis.server.impl.LeaderElection.waitForResults(LeaderElection.java:259)
	at org.apache.ratis.server.impl.LeaderElection.askForVotes(LeaderElection.java:197)
	at org.apache.ratis.server.impl.LeaderElection.run(LeaderElection.java:133)
	at java.lang.Thread.run(Thread.java:748)
Caused by: org.apache.ratis.thirdparty.io.grpc.StatusRuntimeException: UNAVAILABLE: io exception
	at org.apache.ratis.thirdparty.io.grpc.stub.ClientCalls.toStatusRuntimeException(ClientCalls.java:233)
	at org.apache.ratis.thirdparty.io.grpc.stub.ClientCalls.getUnchecked(ClientCalls.java:214)
	at org.apache.ratis.thirdparty.io.grpc.stub.ClientCalls.blockingUnaryCall(ClientCalls.java:139)
	at org.apache.ratis.proto.grpc.RaftServerProtocolServiceGrpc$RaftServerProtocolServiceBlockingStub.requestVote(RaftServerProtocolServiceGrpc.java:265)
	at org.apache.ratis.grpc.server.GrpcServerProtocolClient.requestVote(GrpcServerProtocolClient.java:99)
	at org.apache.ratis.grpc.server.GrpcService.requestVote(GrpcService.java:204)
	at org.apache.ratis.server.impl.LeaderElection.lambda$submitRequests$1(LeaderElection.java:234)
	at java.util.concurrent.FutureTask.run(FutureTask.java:266)
	at java.util.concurrent.Executors$RunnableAdapter.call(Executors.java:511)
	at java.util.concurrent.FutureTask.run(FutureTask.java:266)
	at java.util.concurrent.ThreadPoolExecutor.runWorker(ThreadPoolExecutor.java:1149)
	at java.util.concurrent.ThreadPoolExecutor$Worker.run(ThreadPoolExecutor.java:624)
	... 1 more
Caused by: org.apache.ratis.thirdparty.io.netty.channel.AbstractChannel$AnnotatedConnectException: Connection refused: /192.168.164.217:37880
	at sun.nio.ch.SocketChannelImpl.checkConnect(Native Method)
	at sun.nio.ch.SocketChannelImpl.finishConnect(SocketChannelImpl.java:717)
	at org.apache.ratis.thirdparty.io.netty.channel.socket.nio.NioSocketChannel.doFinishConnect(NioSocketChannel.java:327)
	at org.apache.ratis.thirdparty.io.netty.channel.nio.AbstractNioChannel$AbstractNioUnsafe.finishConnect(AbstractNioChannel.java:340)
	at org.apache.ratis.thirdparty.io.netty.channel.nio.NioEventLoop.processSelectedKey(NioEventLoop.java:632)
	at org.apache.ratis.thirdparty.io.netty.channel.nio.NioEventLoop.processSelectedKeysOptimized(NioEventLoop.java:579)
	at org.apache.ratis.thirdparty.io.netty.channel.nio.NioEventLoop.processSelectedKeys(NioEventLoop.java:496)
	at org.apache.ratis.thirdparty.io.netty.channel.nio.NioEventLoop.run(NioEventLoop.java:458)
	at org.apache.ratis.thirdparty.io.netty.util.concurrent.SingleThreadEventExecutor$5.run(SingleThreadEventExecutor.java:897)
	at org.apache.ratis.thirdparty.io.netty.util.concurrent.FastThreadLocalRunnable.run(FastThreadLocalRunnable.java:30)
	... 1 more
Caused by: java.net.ConnectException: Connection refused
	... 11 more
2019-11-05 08:34:39,716 [05ace5f9-a5b7-4bc6-b4fa-26d4e24ae00c@group-515877FFDAAC-LeaderElection549] INFO  impl.RaftServerImpl (RaftServerImpl.java:setRole(184)) - 05ace5f9-a5b7-4bc6-b4fa-26d4e24ae00c@group-515877FFDAAC: changes role from CANDIDATE to FOLLOWER at term 136 for DISCOVERED_A_NEW_TERM
2019-11-05 08:34:39,716 [05ace5f9-a5b7-4bc6-b4fa-26d4e24ae00c@group-515877FFDAAC-LeaderElection549] INFO  impl.RoleInfo (RoleInfo.java:shutdownLeaderElection(134)) - 05ace5f9-a5b7-4bc6-b4fa-26d4e24ae00c: shutdown LeaderElection
2019-11-05 08:34:39,716 [05ace5f9-a5b7-4bc6-b4fa-26d4e24ae00c@group-515877FFDAAC-LeaderElection549] INFO  impl.RoleInfo (RoleInfo.java:updateAndGet(143)) - 05ace5f9-a5b7-4bc6-b4fa-26d4e24ae00c: start FollowerState
2019-11-05 08:34:39,736 [Thread-4498] INFO  impl.FollowerState (FollowerState.java:run(108)) - 05ace5f9-a5b7-4bc6-b4fa-26d4e24ae00c@group-515877FFDAAC-FollowerState: change to CANDIDATE, lastRpcTime:19ms, electionTimeout:19ms
2019-11-05 08:34:39,736 [Thread-4498] INFO  impl.RoleInfo (RoleInfo.java:shutdownFollowerState(121)) - 05ace5f9-a5b7-4bc6-b4fa-26d4e24ae00c: shutdown FollowerState
2019-11-05 08:34:39,736 [Thread-4498] INFO  impl.RaftServerImpl (RaftServerImpl.java:setRole(184)) - 05ace5f9-a5b7-4bc6-b4fa-26d4e24ae00c@group-515877FFDAAC: changes role from  FOLLOWER to CANDIDATE at term 136 for changeToCandidate
2019-11-05 08:34:39,736 [Thread-4498] INFO  impl.RoleInfo (RoleInfo.java:updateAndGet(143)) - 05ace5f9-a5b7-4bc6-b4fa-26d4e24ae00c: start LeaderElection
2019-11-05 08:34:39,754 [05ace5f9-a5b7-4bc6-b4fa-26d4e24ae00c@group-515877FFDAAC-LeaderElection550] INFO  impl.LeaderElection (LeaderElection.java:askForVotes(178)) - 05ace5f9-a5b7-4bc6-b4fa-26d4e24ae00c@group-515877FFDAAC-LeaderElection550: begin an election at term 137 for -1: [05ace5f9-a5b7-4bc6-b4fa-26d4e24ae00c:192.168.164.217:42356, d92c9463-8e05-4a70-8cc7-1d31ae7ac64a:192.168.164.217:37180, d7b60609-c805-4df6-8140-a27c681dae80:192.168.164.217:37880], old=null
2019-11-05 08:34:39,755 [05ace5f9-a5b7-4bc6-b4fa-26d4e24ae00c@group-515877FFDAAC-LeaderElection550] INFO  impl.LeaderElection (LogUtils.java:infoOrTrace(149)) - 05ace5f9-a5b7-4bc6-b4fa-26d4e24ae00c@group-515877FFDAAC-LeaderElection550 got exception when requesting votes: {}
java.util.concurrent.ExecutionException: org.apache.ratis.thirdparty.io.grpc.StatusRuntimeException: UNAVAILABLE: io exception
	at java.util.concurrent.FutureTask.report(FutureTask.java:122)
	at java.util.concurrent.FutureTask.get(FutureTask.java:192)
	at org.apache.ratis.server.impl.LeaderElection.waitForResults(LeaderElection.java:259)
	at org.apache.ratis.server.impl.LeaderElection.askForVotes(LeaderElection.java:197)
	at org.apache.ratis.server.impl.LeaderElection.run(LeaderElection.java:133)
	at java.lang.Thread.run(Thread.java:748)
Caused by: org.apache.ratis.thirdparty.io.grpc.StatusRuntimeException: UNAVAILABLE: io exception
	at org.apache.ratis.thirdparty.io.grpc.stub.ClientCalls.toStatusRuntimeException(ClientCalls.java:233)
	at org.apache.ratis.thirdparty.io.grpc.stub.ClientCalls.getUnchecked(ClientCalls.java:214)
	at org.apache.ratis.thirdparty.io.grpc.stub.ClientCalls.blockingUnaryCall(ClientCalls.java:139)
	at org.apache.ratis.proto.grpc.RaftServerProtocolServiceGrpc$RaftServerProtocolServiceBlockingStub.requestVote(RaftServerProtocolServiceGrpc.java:265)
	at org.apache.ratis.grpc.server.GrpcServerProtocolClient.requestVote(GrpcServerProtocolClient.java:99)
	at org.apache.ratis.grpc.server.GrpcService.requestVote(GrpcService.java:204)
	at org.apache.ratis.server.impl.LeaderElection.lambda$submitRequests$1(LeaderElection.java:234)
	at java.util.concurrent.FutureTask.run(FutureTask.java:266)
	at java.util.concurrent.Executors$RunnableAdapter.call(Executors.java:511)
	at java.util.concurrent.FutureTask.run(FutureTask.java:266)
	at java.util.concurrent.ThreadPoolExecutor.runWorker(ThreadPoolExecutor.java:1149)
	at java.util.concurrent.ThreadPoolExecutor$Worker.run(ThreadPoolExecutor.java:624)
	... 1 more
Caused by: org.apache.ratis.thirdparty.io.netty.channel.AbstractChannel$AnnotatedConnectException: Connection refused: /192.168.164.217:37880
	at sun.nio.ch.SocketChannelImpl.checkConnect(Native Method)
	at sun.nio.ch.SocketChannelImpl.finishConnect(SocketChannelImpl.java:717)
	at org.apache.ratis.thirdparty.io.netty.channel.socket.nio.NioSocketChannel.doFinishConnect(NioSocketChannel.java:327)
	at org.apache.ratis.thirdparty.io.netty.channel.nio.AbstractNioChannel$AbstractNioUnsafe.finishConnect(AbstractNioChannel.java:340)
	at org.apache.ratis.thirdparty.io.netty.channel.nio.NioEventLoop.processSelectedKey(NioEventLoop.java:632)
	at org.apache.ratis.thirdparty.io.netty.channel.nio.NioEventLoop.processSelectedKeysOptimized(NioEventLoop.java:579)
	at org.apache.ratis.thirdparty.io.netty.channel.nio.NioEventLoop.processSelectedKeys(NioEventLoop.java:496)
	at org.apache.ratis.thirdparty.io.netty.channel.nio.NioEventLoop.run(NioEventLoop.java:458)
	at org.apache.ratis.thirdparty.io.netty.util.concurrent.SingleThreadEventExecutor$5.run(SingleThreadEventExecutor.java:897)
	at org.apache.ratis.thirdparty.io.netty.util.concurrent.FastThreadLocalRunnable.run(FastThreadLocalRunnable.java:30)
	... 1 more
Caused by: java.net.ConnectException: Connection refused
	... 11 more
2019-11-05 08:34:39,763 [grpc-default-executor-10] INFO  impl.RaftServerImpl (RaftServerImpl.java:setRole(184)) - d92c9463-8e05-4a70-8cc7-1d31ae7ac64a@group-515877FFDAAC: changes role from  FOLLOWER to FOLLOWER at term 137 for recognizeCandidate:05ace5f9-a5b7-4bc6-b4fa-26d4e24ae00c
2019-11-05 08:34:39,763 [grpc-default-executor-10] INFO  impl.RoleInfo (RoleInfo.java:shutdownFollowerState(121)) - d92c9463-8e05-4a70-8cc7-1d31ae7ac64a: shutdown FollowerState
2019-11-05 08:34:39,763 [grpc-default-executor-10] INFO  impl.RoleInfo (RoleInfo.java:updateAndGet(143)) - d92c9463-8e05-4a70-8cc7-1d31ae7ac64a: start FollowerState
2019-11-05 08:34:39,763 [Thread-4497] INFO  impl.FollowerState (FollowerState.java:run(117)) - d92c9463-8e05-4a70-8cc7-1d31ae7ac64a@group-515877FFDAAC-FollowerState was interrupted: java.lang.InterruptedException: sleep interrupted
2019-11-05 08:34:39,777 [05ace5f9-a5b7-4bc6-b4fa-26d4e24ae00c@group-515877FFDAAC-LeaderElection550] INFO  impl.LeaderElection (LeaderElection.java:logAndReturn(56)) - 05ace5f9-a5b7-4bc6-b4fa-26d4e24ae00c@group-515877FFDAAC-LeaderElection550: Election REJECTED; received 1 response(s) [05ace5f9-a5b7-4bc6-b4fa-26d4e24ae00c<-d92c9463-8e05-4a70-8cc7-1d31ae7ac64a#0:FAIL-t137] and 1 exception(s); 05ace5f9-a5b7-4bc6-b4fa-26d4e24ae00c@group-515877FFDAAC:t137, leader=null, voted=05ace5f9-a5b7-4bc6-b4fa-26d4e24ae00c, raftlog=05ace5f9-a5b7-4bc6-b4fa-26d4e24ae00c@group-515877FFDAAC-SegmentedRaftLog:OPENED:c-1,f-1,i0, conf=-1: [05ace5f9-a5b7-4bc6-b4fa-26d4e24ae00c:192.168.164.217:42356, d92c9463-8e05-4a70-8cc7-1d31ae7ac64a:192.168.164.217:37180, d7b60609-c805-4df6-8140-a27c681dae80:192.168.164.217:37880], old=null
2019-11-05 08:34:39,777 [05ace5f9-a5b7-4bc6-b4fa-26d4e24ae00c@group-515877FFDAAC-LeaderElection550] INFO  impl.LeaderElection (LogUtils.java:infoOrTrace(149)) -   Exception 0: {}
java.util.concurrent.ExecutionException: org.apache.ratis.thirdparty.io.grpc.StatusRuntimeException: UNAVAILABLE: io exception
	at java.util.concurrent.FutureTask.report(FutureTask.java:122)
	at java.util.concurrent.FutureTask.get(FutureTask.java:192)
	at org.apache.ratis.server.impl.LeaderElection.waitForResults(LeaderElection.java:259)
	at org.apache.ratis.server.impl.LeaderElection.askForVotes(LeaderElection.java:197)
	at org.apache.ratis.server.impl.LeaderElection.run(LeaderElection.java:133)
	at java.lang.Thread.run(Thread.java:748)
Caused by: org.apache.ratis.thirdparty.io.grpc.StatusRuntimeException: UNAVAILABLE: io exception
	at org.apache.ratis.thirdparty.io.grpc.stub.ClientCalls.toStatusRuntimeException(ClientCalls.java:233)
	at org.apache.ratis.thirdparty.io.grpc.stub.ClientCalls.getUnchecked(ClientCalls.java:214)
	at org.apache.ratis.thirdparty.io.grpc.stub.ClientCalls.blockingUnaryCall(ClientCalls.java:139)
	at org.apache.ratis.proto.grpc.RaftServerProtocolServiceGrpc$RaftServerProtocolServiceBlockingStub.requestVote(RaftServerProtocolServiceGrpc.java:265)
	at org.apache.ratis.grpc.server.GrpcServerProtocolClient.requestVote(GrpcServerProtocolClient.java:99)
	at org.apache.ratis.grpc.server.GrpcService.requestVote(GrpcService.java:204)
	at org.apache.ratis.server.impl.LeaderElection.lambda$submitRequests$1(LeaderElection.java:234)
	at java.util.concurrent.FutureTask.run(FutureTask.java:266)
	at java.util.concurrent.Executors$RunnableAdapter.call(Executors.java:511)
	at java.util.concurrent.FutureTask.run(FutureTask.java:266)
	at java.util.concurrent.ThreadPoolExecutor.runWorker(ThreadPoolExecutor.java:1149)
	at java.util.concurrent.ThreadPoolExecutor$Worker.run(ThreadPoolExecutor.java:624)
	... 1 more
Caused by: org.apache.ratis.thirdparty.io.netty.channel.AbstractChannel$AnnotatedConnectException: Connection refused: /192.168.164.217:37880
	at sun.nio.ch.SocketChannelImpl.checkConnect(Native Method)
	at sun.nio.ch.SocketChannelImpl.finishConnect(SocketChannelImpl.java:717)
	at org.apache.ratis.thirdparty.io.netty.channel.socket.nio.NioSocketChannel.doFinishConnect(NioSocketChannel.java:327)
	at org.apache.ratis.thirdparty.io.netty.channel.nio.AbstractNioChannel$AbstractNioUnsafe.finishConnect(AbstractNioChannel.java:340)
	at org.apache.ratis.thirdparty.io.netty.channel.nio.NioEventLoop.processSelectedKey(NioEventLoop.java:632)
	at org.apache.ratis.thirdparty.io.netty.channel.nio.NioEventLoop.processSelectedKeysOptimized(NioEventLoop.java:579)
	at org.apache.ratis.thirdparty.io.netty.channel.nio.NioEventLoop.processSelectedKeys(NioEventLoop.java:496)
	at org.apache.ratis.thirdparty.io.netty.channel.nio.NioEventLoop.run(NioEventLoop.java:458)
	at org.apache.ratis.thirdparty.io.netty.util.concurrent.SingleThreadEventExecutor$5.run(SingleThreadEventExecutor.java:897)
	at org.apache.ratis.thirdparty.io.netty.util.concurrent.FastThreadLocalRunnable.run(FastThreadLocalRunnable.java:30)
	... 1 more
Caused by: java.net.ConnectException: Connection refused
	... 11 more
2019-11-05 08:34:39,778 [05ace5f9-a5b7-4bc6-b4fa-26d4e24ae00c@group-515877FFDAAC-LeaderElection550] INFO  impl.RaftServerImpl (RaftServerImpl.java:setRole(184)) - 05ace5f9-a5b7-4bc6-b4fa-26d4e24ae00c@group-515877FFDAAC: changes role from CANDIDATE to FOLLOWER at term 137 for DISCOVERED_A_NEW_TERM
2019-11-05 08:34:39,778 [05ace5f9-a5b7-4bc6-b4fa-26d4e24ae00c@group-515877FFDAAC-LeaderElection550] INFO  impl.RoleInfo (RoleInfo.java:shutdownLeaderElection(134)) - 05ace5f9-a5b7-4bc6-b4fa-26d4e24ae00c: shutdown LeaderElection
2019-11-05 08:34:39,778 [05ace5f9-a5b7-4bc6-b4fa-26d4e24ae00c@group-515877FFDAAC-LeaderElection550] INFO  impl.RoleInfo (RoleInfo.java:updateAndGet(143)) - 05ace5f9-a5b7-4bc6-b4fa-26d4e24ae00c: start FollowerState
2019-11-05 08:34:39,798 [Datanode State Machine Thread - 0] INFO  statemachine.DatanodeStateMachine (DatanodeStateMachine.java:lambda$startDaemon$0(350)) - Ozone container server started.
2019-11-05 08:34:39,812 [Thread-4505] INFO  impl.FollowerState (FollowerState.java:run(108)) - 05ace5f9-a5b7-4bc6-b4fa-26d4e24ae00c@group-515877FFDAAC-FollowerState: change to CANDIDATE, lastRpcTime:34ms, electionTimeout:34ms
2019-11-05 08:34:39,812 [Thread-4505] INFO  impl.RoleInfo (RoleInfo.java:shutdownFollowerState(121)) - 05ace5f9-a5b7-4bc6-b4fa-26d4e24ae00c: shutdown FollowerState
2019-11-05 08:34:39,812 [Thread-4505] INFO  impl.RaftServerImpl (RaftServerImpl.java:setRole(184)) - 05ace5f9-a5b7-4bc6-b4fa-26d4e24ae00c@group-515877FFDAAC: changes role from  FOLLOWER to CANDIDATE at term 137 for changeToCandidate
2019-11-05 08:34:39,812 [Thread-4505] INFO  impl.RoleInfo (RoleInfo.java:updateAndGet(143)) - 05ace5f9-a5b7-4bc6-b4fa-26d4e24ae00c: start LeaderElection
2019-11-05 08:34:39,838 [05ace5f9-a5b7-4bc6-b4fa-26d4e24ae00c@group-515877FFDAAC-LeaderElection551] INFO  impl.LeaderElection (LeaderElection.java:askForVotes(178)) - 05ace5f9-a5b7-4bc6-b4fa-26d4e24ae00c@group-515877FFDAAC-LeaderElection551: begin an election at term 138 for -1: [05ace5f9-a5b7-4bc6-b4fa-26d4e24ae00c:192.168.164.217:42356, d92c9463-8e05-4a70-8cc7-1d31ae7ac64a:192.168.164.217:37180, d7b60609-c805-4df6-8140-a27c681dae80:192.168.164.217:37880], old=null
2019-11-05 08:34:39,839 [05ace5f9-a5b7-4bc6-b4fa-26d4e24ae00c@group-515877FFDAAC-LeaderElection551] INFO  impl.LeaderElection (LogUtils.java:infoOrTrace(149)) - 05ace5f9-a5b7-4bc6-b4fa-26d4e24ae00c@group-515877FFDAAC-LeaderElection551 got exception when requesting votes: {}
java.util.concurrent.ExecutionException: org.apache.ratis.thirdparty.io.grpc.StatusRuntimeException: UNAVAILABLE: io exception
	at java.util.concurrent.FutureTask.report(FutureTask.java:122)
	at java.util.concurrent.FutureTask.get(FutureTask.java:192)
	at org.apache.ratis.server.impl.LeaderElection.waitForResults(LeaderElection.java:259)
	at org.apache.ratis.server.impl.LeaderElection.askForVotes(LeaderElection.java:197)
	at org.apache.ratis.server.impl.LeaderElection.run(LeaderElection.java:133)
	at java.lang.Thread.run(Thread.java:748)
Caused by: org.apache.ratis.thirdparty.io.grpc.StatusRuntimeException: UNAVAILABLE: io exception
	at org.apache.ratis.thirdparty.io.grpc.stub.ClientCalls.toStatusRuntimeException(ClientCalls.java:233)
	at org.apache.ratis.thirdparty.io.grpc.stub.ClientCalls.getUnchecked(ClientCalls.java:214)
	at org.apache.ratis.thirdparty.io.grpc.stub.ClientCalls.blockingUnaryCall(ClientCalls.java:139)
	at org.apache.ratis.proto.grpc.RaftServerProtocolServiceGrpc$RaftServerProtocolServiceBlockingStub.requestVote(RaftServerProtocolServiceGrpc.java:265)
	at org.apache.ratis.grpc.server.GrpcServerProtocolClient.requestVote(GrpcServerProtocolClient.java:99)
	at org.apache.ratis.grpc.server.GrpcService.requestVote(GrpcService.java:204)
	at org.apache.ratis.server.impl.LeaderElection.lambda$submitRequests$1(LeaderElection.java:234)
	at java.util.concurrent.FutureTask.run(FutureTask.java:266)
	at java.util.concurrent.Executors$RunnableAdapter.call(Executors.java:511)
	at java.util.concurrent.FutureTask.run(FutureTask.java:266)
	at java.util.concurrent.ThreadPoolExecutor.runWorker(ThreadPoolExecutor.java:1149)
	at java.util.concurrent.ThreadPoolExecutor$Worker.run(ThreadPoolExecutor.java:624)
	... 1 more
Caused by: org.apache.ratis.thirdparty.io.netty.channel.AbstractChannel$AnnotatedConnectException: Connection refused: /192.168.164.217:37880
	at sun.nio.ch.SocketChannelImpl.checkConnect(Native Method)
	at sun.nio.ch.SocketChannelImpl.finishConnect(SocketChannelImpl.java:717)
	at org.apache.ratis.thirdparty.io.netty.channel.socket.nio.NioSocketChannel.doFinishConnect(NioSocketChannel.java:327)
	at org.apache.ratis.thirdparty.io.netty.channel.nio.AbstractNioChannel$AbstractNioUnsafe.finishConnect(AbstractNioChannel.java:340)
	at org.apache.ratis.thirdparty.io.netty.channel.nio.NioEventLoop.processSelectedKey(NioEventLoop.java:632)
	at org.apache.ratis.thirdparty.io.netty.channel.nio.NioEventLoop.processSelectedKeysOptimized(NioEventLoop.java:579)
	at org.apache.ratis.thirdparty.io.netty.channel.nio.NioEventLoop.processSelectedKeys(NioEventLoop.java:496)
	at org.apache.ratis.thirdparty.io.netty.channel.nio.NioEventLoop.run(NioEventLoop.java:458)
	at org.apache.ratis.thirdparty.io.netty.util.concurrent.SingleThreadEventExecutor$5.run(SingleThreadEventExecutor.java:897)
	at org.apache.ratis.thirdparty.io.netty.util.concurrent.FastThreadLocalRunnable.run(FastThreadLocalRunnable.java:30)
	... 1 more
Caused by: java.net.ConnectException: Connection refused
	... 11 more
2019-11-05 08:34:39,840 [grpc-default-executor-10] INFO  impl.RaftServerImpl (RaftServerImpl.java:setRole(184)) - d92c9463-8e05-4a70-8cc7-1d31ae7ac64a@group-515877FFDAAC: changes role from  FOLLOWER to FOLLOWER at term 138 for recognizeCandidate:05ace5f9-a5b7-4bc6-b4fa-26d4e24ae00c
2019-11-05 08:34:39,840 [grpc-default-executor-10] INFO  impl.RoleInfo (RoleInfo.java:shutdownFollowerState(121)) - d92c9463-8e05-4a70-8cc7-1d31ae7ac64a: shutdown FollowerState
2019-11-05 08:34:39,840 [grpc-default-executor-10] INFO  impl.RoleInfo (RoleInfo.java:updateAndGet(143)) - d92c9463-8e05-4a70-8cc7-1d31ae7ac64a: start FollowerState
2019-11-05 08:34:39,840 [Thread-4504] INFO  impl.FollowerState (FollowerState.java:run(117)) - d92c9463-8e05-4a70-8cc7-1d31ae7ac64a@group-515877FFDAAC-FollowerState was interrupted: java.lang.InterruptedException: sleep interrupted
2019-11-05 08:34:39,854 [05ace5f9-a5b7-4bc6-b4fa-26d4e24ae00c@group-515877FFDAAC-LeaderElection551] INFO  impl.LeaderElection (LeaderElection.java:logAndReturn(56)) - 05ace5f9-a5b7-4bc6-b4fa-26d4e24ae00c@group-515877FFDAAC-LeaderElection551: Election REJECTED; received 1 response(s) [05ace5f9-a5b7-4bc6-b4fa-26d4e24ae00c<-d92c9463-8e05-4a70-8cc7-1d31ae7ac64a#0:FAIL-t138] and 1 exception(s); 05ace5f9-a5b7-4bc6-b4fa-26d4e24ae00c@group-515877FFDAAC:t138, leader=null, voted=05ace5f9-a5b7-4bc6-b4fa-26d4e24ae00c, raftlog=05ace5f9-a5b7-4bc6-b4fa-26d4e24ae00c@group-515877FFDAAC-SegmentedRaftLog:OPENED:c-1,f-1,i0, conf=-1: [05ace5f9-a5b7-4bc6-b4fa-26d4e24ae00c:192.168.164.217:42356, d92c9463-8e05-4a70-8cc7-1d31ae7ac64a:192.168.164.217:37180, d7b60609-c805-4df6-8140-a27c681dae80:192.168.164.217:37880], old=null
2019-11-05 08:34:39,854 [05ace5f9-a5b7-4bc6-b4fa-26d4e24ae00c@group-515877FFDAAC-LeaderElection551] INFO  impl.LeaderElection (LogUtils.java:infoOrTrace(149)) -   Exception 0: {}
java.util.concurrent.ExecutionException: org.apache.ratis.thirdparty.io.grpc.StatusRuntimeException: UNAVAILABLE: io exception
	at java.util.concurrent.FutureTask.report(FutureTask.java:122)
	at java.util.concurrent.FutureTask.get(FutureTask.java:192)
	at org.apache.ratis.server.impl.LeaderElection.waitForResults(LeaderElection.java:259)
	at org.apache.ratis.server.impl.LeaderElection.askForVotes(LeaderElection.java:197)
	at org.apache.ratis.server.impl.LeaderElection.run(LeaderElection.java:133)
	at java.lang.Thread.run(Thread.java:748)
Caused by: org.apache.ratis.thirdparty.io.grpc.StatusRuntimeException: UNAVAILABLE: io exception
	at org.apache.ratis.thirdparty.io.grpc.stub.ClientCalls.toStatusRuntimeException(ClientCalls.java:233)
	at org.apache.ratis.thirdparty.io.grpc.stub.ClientCalls.getUnchecked(ClientCalls.java:214)
	at org.apache.ratis.thirdparty.io.grpc.stub.ClientCalls.blockingUnaryCall(ClientCalls.java:139)
	at org.apache.ratis.proto.grpc.RaftServerProtocolServiceGrpc$RaftServerProtocolServiceBlockingStub.requestVote(RaftServerProtocolServiceGrpc.java:265)
	at org.apache.ratis.grpc.server.GrpcServerProtocolClient.requestVote(GrpcServerProtocolClient.java:99)
	at org.apache.ratis.grpc.server.GrpcService.requestVote(GrpcService.java:204)
	at org.apache.ratis.server.impl.LeaderElection.lambda$submitRequests$1(LeaderElection.java:234)
	at java.util.concurrent.FutureTask.run(FutureTask.java:266)
	at java.util.concurrent.Executors$RunnableAdapter.call(Executors.java:511)
	at java.util.concurrent.FutureTask.run(FutureTask.java:266)
	at java.util.concurrent.ThreadPoolExecutor.runWorker(ThreadPoolExecutor.java:1149)
	at java.util.concurrent.ThreadPoolExecutor$Worker.run(ThreadPoolExecutor.java:624)
	... 1 more
Caused by: org.apache.ratis.thirdparty.io.netty.channel.AbstractChannel$AnnotatedConnectException: Connection refused: /192.168.164.217:37880
	at sun.nio.ch.SocketChannelImpl.checkConnect(Native Method)
	at sun.nio.ch.SocketChannelImpl.finishConnect(SocketChannelImpl.java:717)
	at org.apache.ratis.thirdparty.io.netty.channel.socket.nio.NioSocketChannel.doFinishConnect(NioSocketChannel.java:327)
	at org.apache.ratis.thirdparty.io.netty.channel.nio.AbstractNioChannel$AbstractNioUnsafe.finishConnect(AbstractNioChannel.java:340)
	at org.apache.ratis.thirdparty.io.netty.channel.nio.NioEventLoop.processSelectedKey(NioEventLoop.java:632)
	at org.apache.ratis.thirdparty.io.netty.channel.nio.NioEventLoop.processSelectedKeysOptimized(NioEventLoop.java:579)
	at org.apache.ratis.thirdparty.io.netty.channel.nio.NioEventLoop.processSelectedKeys(NioEventLoop.java:496)
	at org.apache.ratis.thirdparty.io.netty.channel.nio.NioEventLoop.run(NioEventLoop.java:458)
	at org.apache.ratis.thirdparty.io.netty.util.concurrent.SingleThreadEventExecutor$5.run(SingleThreadEventExecutor.java:897)
	at org.apache.ratis.thirdparty.io.netty.util.concurrent.FastThreadLocalRunnable.run(FastThreadLocalRunnable.java:30)
	... 1 more
Caused by: java.net.ConnectException: Connection refused
	... 11 more
2019-11-05 08:34:39,854 [05ace5f9-a5b7-4bc6-b4fa-26d4e24ae00c@group-515877FFDAAC-LeaderElection551] INFO  impl.RaftServerImpl (RaftServerImpl.java:setRole(184)) - 05ace5f9-a5b7-4bc6-b4fa-26d4e24ae00c@group-515877FFDAAC: changes role from CANDIDATE to FOLLOWER at term 138 for DISCOVERED_A_NEW_TERM
2019-11-05 08:34:39,854 [05ace5f9-a5b7-4bc6-b4fa-26d4e24ae00c@group-515877FFDAAC-LeaderElection551] INFO  impl.RoleInfo (RoleInfo.java:shutdownLeaderElection(134)) - 05ace5f9-a5b7-4bc6-b4fa-26d4e24ae00c: shutdown LeaderElection
2019-11-05 08:34:39,854 [05ace5f9-a5b7-4bc6-b4fa-26d4e24ae00c@group-515877FFDAAC-LeaderElection551] INFO  impl.RoleInfo (RoleInfo.java:updateAndGet(143)) - 05ace5f9-a5b7-4bc6-b4fa-26d4e24ae00c: start FollowerState
2019-11-05 08:34:40,019 [Thread-4510] INFO  impl.FollowerState (FollowerState.java:run(108)) - 05ace5f9-a5b7-4bc6-b4fa-26d4e24ae00c@group-515877FFDAAC-FollowerState: change to CANDIDATE, lastRpcTime:164ms, electionTimeout:164ms
2019-11-05 08:34:40,019 [Thread-4510] INFO  impl.RoleInfo (RoleInfo.java:shutdownFollowerState(121)) - 05ace5f9-a5b7-4bc6-b4fa-26d4e24ae00c: shutdown FollowerState
2019-11-05 08:34:40,019 [Thread-4510] INFO  impl.RaftServerImpl (RaftServerImpl.java:setRole(184)) - 05ace5f9-a5b7-4bc6-b4fa-26d4e24ae00c@group-515877FFDAAC: changes role from  FOLLOWER to CANDIDATE at term 138 for changeToCandidate
2019-11-05 08:34:40,019 [Thread-4510] INFO  impl.RoleInfo (RoleInfo.java:updateAndGet(143)) - 05ace5f9-a5b7-4bc6-b4fa-26d4e24ae00c: start LeaderElection
2019-11-05 08:34:40,038 [05ace5f9-a5b7-4bc6-b4fa-26d4e24ae00c@group-515877FFDAAC-LeaderElection552] INFO  impl.LeaderElection (LeaderElection.java:askForVotes(178)) - 05ace5f9-a5b7-4bc6-b4fa-26d4e24ae00c@group-515877FFDAAC-LeaderElection552: begin an election at term 139 for -1: [05ace5f9-a5b7-4bc6-b4fa-26d4e24ae00c:192.168.164.217:42356, d92c9463-8e05-4a70-8cc7-1d31ae7ac64a:192.168.164.217:37180, d7b60609-c805-4df6-8140-a27c681dae80:192.168.164.217:37880], old=null
2019-11-05 08:34:40,039 [05ace5f9-a5b7-4bc6-b4fa-26d4e24ae00c@group-515877FFDAAC-LeaderElection552] INFO  impl.LeaderElection (LogUtils.java:infoOrTrace(149)) - 05ace5f9-a5b7-4bc6-b4fa-26d4e24ae00c@group-515877FFDAAC-LeaderElection552 got exception when requesting votes: {}
java.util.concurrent.ExecutionException: org.apache.ratis.thirdparty.io.grpc.StatusRuntimeException: UNAVAILABLE: io exception
	at java.util.concurrent.FutureTask.report(FutureTask.java:122)
	at java.util.concurrent.FutureTask.get(FutureTask.java:192)
	at org.apache.ratis.server.impl.LeaderElection.waitForResults(LeaderElection.java:259)
	at org.apache.ratis.server.impl.LeaderElection.askForVotes(LeaderElection.java:197)
	at org.apache.ratis.server.impl.LeaderElection.run(LeaderElection.java:133)
	at java.lang.Thread.run(Thread.java:748)
Caused by: org.apache.ratis.thirdparty.io.grpc.StatusRuntimeException: UNAVAILABLE: io exception
	at org.apache.ratis.thirdparty.io.grpc.stub.ClientCalls.toStatusRuntimeException(ClientCalls.java:233)
	at org.apache.ratis.thirdparty.io.grpc.stub.ClientCalls.getUnchecked(ClientCalls.java:214)
	at org.apache.ratis.thirdparty.io.grpc.stub.ClientCalls.blockingUnaryCall(ClientCalls.java:139)
	at org.apache.ratis.proto.grpc.RaftServerProtocolServiceGrpc$RaftServerProtocolServiceBlockingStub.requestVote(RaftServerProtocolServiceGrpc.java:265)
	at org.apache.ratis.grpc.server.GrpcServerProtocolClient.requestVote(GrpcServerProtocolClient.java:99)
	at org.apache.ratis.grpc.server.GrpcService.requestVote(GrpcService.java:204)
	at org.apache.ratis.server.impl.LeaderElection.lambda$submitRequests$1(LeaderElection.java:234)
	at java.util.concurrent.FutureTask.run(FutureTask.java:266)
	at java.util.concurrent.Executors$RunnableAdapter.call(Executors.java:511)
	at java.util.concurrent.FutureTask.run(FutureTask.java:266)
	at java.util.concurrent.ThreadPoolExecutor.runWorker(ThreadPoolExecutor.java:1149)
	at java.util.concurrent.ThreadPoolExecutor$Worker.run(ThreadPoolExecutor.java:624)
	... 1 more
Caused by: org.apache.ratis.thirdparty.io.netty.channel.AbstractChannel$AnnotatedConnectException: Connection refused: /192.168.164.217:37880
	at sun.nio.ch.SocketChannelImpl.checkConnect(Native Method)
	at sun.nio.ch.SocketChannelImpl.finishConnect(SocketChannelImpl.java:717)
	at org.apache.ratis.thirdparty.io.netty.channel.socket.nio.NioSocketChannel.doFinishConnect(NioSocketChannel.java:327)
	at org.apache.ratis.thirdparty.io.netty.channel.nio.AbstractNioChannel$AbstractNioUnsafe.finishConnect(AbstractNioChannel.java:340)
	at org.apache.ratis.thirdparty.io.netty.channel.nio.NioEventLoop.processSelectedKey(NioEventLoop.java:632)
	at org.apache.ratis.thirdparty.io.netty.channel.nio.NioEventLoop.processSelectedKeysOptimized(NioEventLoop.java:579)
	at org.apache.ratis.thirdparty.io.netty.channel.nio.NioEventLoop.processSelectedKeys(NioEventLoop.java:496)
	at org.apache.ratis.thirdparty.io.netty.channel.nio.NioEventLoop.run(NioEventLoop.java:458)
	at org.apache.ratis.thirdparty.io.netty.util.concurrent.SingleThreadEventExecutor$5.run(SingleThreadEventExecutor.java:897)
	at org.apache.ratis.thirdparty.io.netty.util.concurrent.FastThreadLocalRunnable.run(FastThreadLocalRunnable.java:30)
	... 1 more
Caused by: java.net.ConnectException: Connection refused
	... 11 more
2019-11-05 08:34:40,040 [grpc-default-executor-10] INFO  impl.RaftServerImpl (RaftServerImpl.java:setRole(184)) - d92c9463-8e05-4a70-8cc7-1d31ae7ac64a@group-515877FFDAAC: changes role from  FOLLOWER to FOLLOWER at term 139 for recognizeCandidate:05ace5f9-a5b7-4bc6-b4fa-26d4e24ae00c
2019-11-05 08:34:40,040 [grpc-default-executor-10] INFO  impl.RoleInfo (RoleInfo.java:shutdownFollowerState(121)) - d92c9463-8e05-4a70-8cc7-1d31ae7ac64a: shutdown FollowerState
2019-11-05 08:34:40,040 [grpc-default-executor-10] INFO  impl.RoleInfo (RoleInfo.java:updateAndGet(143)) - d92c9463-8e05-4a70-8cc7-1d31ae7ac64a: start FollowerState
2019-11-05 08:34:40,040 [Thread-4509] INFO  impl.FollowerState (FollowerState.java:run(117)) - d92c9463-8e05-4a70-8cc7-1d31ae7ac64a@group-515877FFDAAC-FollowerState was interrupted: java.lang.InterruptedException: sleep interrupted
2019-11-05 08:34:40,054 [05ace5f9-a5b7-4bc6-b4fa-26d4e24ae00c@group-515877FFDAAC-LeaderElection552] INFO  impl.LeaderElection (LeaderElection.java:logAndReturn(56)) - 05ace5f9-a5b7-4bc6-b4fa-26d4e24ae00c@group-515877FFDAAC-LeaderElection552: Election REJECTED; received 1 response(s) [05ace5f9-a5b7-4bc6-b4fa-26d4e24ae00c<-d92c9463-8e05-4a70-8cc7-1d31ae7ac64a#0:FAIL-t139] and 1 exception(s); 05ace5f9-a5b7-4bc6-b4fa-26d4e24ae00c@group-515877FFDAAC:t139, leader=null, voted=05ace5f9-a5b7-4bc6-b4fa-26d4e24ae00c, raftlog=05ace5f9-a5b7-4bc6-b4fa-26d4e24ae00c@group-515877FFDAAC-SegmentedRaftLog:OPENED:c-1,f-1,i0, conf=-1: [05ace5f9-a5b7-4bc6-b4fa-26d4e24ae00c:192.168.164.217:42356, d92c9463-8e05-4a70-8cc7-1d31ae7ac64a:192.168.164.217:37180, d7b60609-c805-4df6-8140-a27c681dae80:192.168.164.217:37880], old=null
2019-11-05 08:34:40,054 [05ace5f9-a5b7-4bc6-b4fa-26d4e24ae00c@group-515877FFDAAC-LeaderElection552] INFO  impl.LeaderElection (LogUtils.java:infoOrTrace(149)) -   Exception 0: {}
java.util.concurrent.ExecutionException: org.apache.ratis.thirdparty.io.grpc.StatusRuntimeException: UNAVAILABLE: io exception
	at java.util.concurrent.FutureTask.report(FutureTask.java:122)
	at java.util.concurrent.FutureTask.get(FutureTask.java:192)
	at org.apache.ratis.server.impl.LeaderElection.waitForResults(LeaderElection.java:259)
	at org.apache.ratis.server.impl.LeaderElection.askForVotes(LeaderElection.java:197)
	at org.apache.ratis.server.impl.LeaderElection.run(LeaderElection.java:133)
	at java.lang.Thread.run(Thread.java:748)
Caused by: org.apache.ratis.thirdparty.io.grpc.StatusRuntimeException: UNAVAILABLE: io exception
	at org.apache.ratis.thirdparty.io.grpc.stub.ClientCalls.toStatusRuntimeException(ClientCalls.java:233)
	at org.apache.ratis.thirdparty.io.grpc.stub.ClientCalls.getUnchecked(ClientCalls.java:214)
	at org.apache.ratis.thirdparty.io.grpc.stub.ClientCalls.blockingUnaryCall(ClientCalls.java:139)
	at org.apache.ratis.proto.grpc.RaftServerProtocolServiceGrpc$RaftServerProtocolServiceBlockingStub.requestVote(RaftServerProtocolServiceGrpc.java:265)
	at org.apache.ratis.grpc.server.GrpcServerProtocolClient.requestVote(GrpcServerProtocolClient.java:99)
	at org.apache.ratis.grpc.server.GrpcService.requestVote(GrpcService.java:204)
	at org.apache.ratis.server.impl.LeaderElection.lambda$submitRequests$1(LeaderElection.java:234)
	at java.util.concurrent.FutureTask.run(FutureTask.java:266)
	at java.util.concurrent.Executors$RunnableAdapter.call(Executors.java:511)
	at java.util.concurrent.FutureTask.run(FutureTask.java:266)
	at java.util.concurrent.ThreadPoolExecutor.runWorker(ThreadPoolExecutor.java:1149)
	at java.util.concurrent.ThreadPoolExecutor$Worker.run(ThreadPoolExecutor.java:624)
	... 1 more
Caused by: org.apache.ratis.thirdparty.io.netty.channel.AbstractChannel$AnnotatedConnectException: Connection refused: /192.168.164.217:37880
	at sun.nio.ch.SocketChannelImpl.checkConnect(Native Method)
	at sun.nio.ch.SocketChannelImpl.finishConnect(SocketChannelImpl.java:717)
	at org.apache.ratis.thirdparty.io.netty.channel.socket.nio.NioSocketChannel.doFinishConnect(NioSocketChannel.java:327)
	at org.apache.ratis.thirdparty.io.netty.channel.nio.AbstractNioChannel$AbstractNioUnsafe.finishConnect(AbstractNioChannel.java:340)
	at org.apache.ratis.thirdparty.io.netty.channel.nio.NioEventLoop.processSelectedKey(NioEventLoop.java:632)
	at org.apache.ratis.thirdparty.io.netty.channel.nio.NioEventLoop.processSelectedKeysOptimized(NioEventLoop.java:579)
	at org.apache.ratis.thirdparty.io.netty.channel.nio.NioEventLoop.processSelectedKeys(NioEventLoop.java:496)
	at org.apache.ratis.thirdparty.io.netty.channel.nio.NioEventLoop.run(NioEventLoop.java:458)
	at org.apache.ratis.thirdparty.io.netty.util.concurrent.SingleThreadEventExecutor$5.run(SingleThreadEventExecutor.java:897)
	at org.apache.ratis.thirdparty.io.netty.util.concurrent.FastThreadLocalRunnable.run(FastThreadLocalRunnable.java:30)
	... 1 more
Caused by: java.net.ConnectException: Connection refused
	... 11 more
2019-11-05 08:34:40,054 [05ace5f9-a5b7-4bc6-b4fa-26d4e24ae00c@group-515877FFDAAC-LeaderElection552] INFO  impl.RaftServerImpl (RaftServerImpl.java:setRole(184)) - 05ace5f9-a5b7-4bc6-b4fa-26d4e24ae00c@group-515877FFDAAC: changes role from CANDIDATE to FOLLOWER at term 139 for DISCOVERED_A_NEW_TERM
2019-11-05 08:34:40,054 [05ace5f9-a5b7-4bc6-b4fa-26d4e24ae00c@group-515877FFDAAC-LeaderElection552] INFO  impl.RoleInfo (RoleInfo.java:shutdownLeaderElection(134)) - 05ace5f9-a5b7-4bc6-b4fa-26d4e24ae00c: shutdown LeaderElection
2019-11-05 08:34:40,055 [05ace5f9-a5b7-4bc6-b4fa-26d4e24ae00c@group-515877FFDAAC-LeaderElection552] INFO  impl.RoleInfo (RoleInfo.java:updateAndGet(143)) - 05ace5f9-a5b7-4bc6-b4fa-26d4e24ae00c: start FollowerState
2019-11-05 08:34:40,189 [Thread-4516] INFO  impl.FollowerState (FollowerState.java:run(108)) - 05ace5f9-a5b7-4bc6-b4fa-26d4e24ae00c@group-515877FFDAAC-FollowerState: change to CANDIDATE, lastRpcTime:134ms, electionTimeout:134ms
2019-11-05 08:34:40,189 [Thread-4516] INFO  impl.RoleInfo (RoleInfo.java:shutdownFollowerState(121)) - 05ace5f9-a5b7-4bc6-b4fa-26d4e24ae00c: shutdown FollowerState
2019-11-05 08:34:40,189 [Thread-4516] INFO  impl.RaftServerImpl (RaftServerImpl.java:setRole(184)) - 05ace5f9-a5b7-4bc6-b4fa-26d4e24ae00c@group-515877FFDAAC: changes role from  FOLLOWER to CANDIDATE at term 139 for changeToCandidate
2019-11-05 08:34:40,190 [Thread-4516] INFO  impl.RoleInfo (RoleInfo.java:updateAndGet(143)) - 05ace5f9-a5b7-4bc6-b4fa-26d4e24ae00c: start LeaderElection
2019-11-05 08:34:40,203 [05ace5f9-a5b7-4bc6-b4fa-26d4e24ae00c@group-515877FFDAAC-LeaderElection553] INFO  impl.LeaderElection (LeaderElection.java:askForVotes(178)) - 05ace5f9-a5b7-4bc6-b4fa-26d4e24ae00c@group-515877FFDAAC-LeaderElection553: begin an election at term 140 for -1: [05ace5f9-a5b7-4bc6-b4fa-26d4e24ae00c:192.168.164.217:42356, d92c9463-8e05-4a70-8cc7-1d31ae7ac64a:192.168.164.217:37180, d7b60609-c805-4df6-8140-a27c681dae80:192.168.164.217:37880], old=null
2019-11-05 08:34:40,204 [05ace5f9-a5b7-4bc6-b4fa-26d4e24ae00c@group-515877FFDAAC-LeaderElection553] INFO  impl.LeaderElection (LogUtils.java:infoOrTrace(149)) - 05ace5f9-a5b7-4bc6-b4fa-26d4e24ae00c@group-515877FFDAAC-LeaderElection553 got exception when requesting votes: {}
java.util.concurrent.ExecutionException: org.apache.ratis.thirdparty.io.grpc.StatusRuntimeException: UNAVAILABLE: io exception
	at java.util.concurrent.FutureTask.report(FutureTask.java:122)
	at java.util.concurrent.FutureTask.get(FutureTask.java:192)
	at org.apache.ratis.server.impl.LeaderElection.waitForResults(LeaderElection.java:259)
	at org.apache.ratis.server.impl.LeaderElection.askForVotes(LeaderElection.java:197)
	at org.apache.ratis.server.impl.LeaderElection.run(LeaderElection.java:133)
	at java.lang.Thread.run(Thread.java:748)
Caused by: org.apache.ratis.thirdparty.io.grpc.StatusRuntimeException: UNAVAILABLE: io exception
	at org.apache.ratis.thirdparty.io.grpc.stub.ClientCalls.toStatusRuntimeException(ClientCalls.java:233)
	at org.apache.ratis.thirdparty.io.grpc.stub.ClientCalls.getUnchecked(ClientCalls.java:214)
	at org.apache.ratis.thirdparty.io.grpc.stub.ClientCalls.blockingUnaryCall(ClientCalls.java:139)
	at org.apache.ratis.proto.grpc.RaftServerProtocolServiceGrpc$RaftServerProtocolServiceBlockingStub.requestVote(RaftServerProtocolServiceGrpc.java:265)
	at org.apache.ratis.grpc.server.GrpcServerProtocolClient.requestVote(GrpcServerProtocolClient.java:99)
	at org.apache.ratis.grpc.server.GrpcService.requestVote(GrpcService.java:204)
	at org.apache.ratis.server.impl.LeaderElection.lambda$submitRequests$1(LeaderElection.java:234)
	at java.util.concurrent.FutureTask.run(FutureTask.java:266)
	at java.util.concurrent.Executors$RunnableAdapter.call(Executors.java:511)
	at java.util.concurrent.FutureTask.run(FutureTask.java:266)
	at java.util.concurrent.ThreadPoolExecutor.runWorker(ThreadPoolExecutor.java:1149)
	at java.util.concurrent.ThreadPoolExecutor$Worker.run(ThreadPoolExecutor.java:624)
	... 1 more
Caused by: org.apache.ratis.thirdparty.io.netty.channel.AbstractChannel$AnnotatedConnectException: Connection refused: /192.168.164.217:37880
	at sun.nio.ch.SocketChannelImpl.checkConnect(Native Method)
	at sun.nio.ch.SocketChannelImpl.finishConnect(SocketChannelImpl.java:717)
	at org.apache.ratis.thirdparty.io.netty.channel.socket.nio.NioSocketChannel.doFinishConnect(NioSocketChannel.java:327)
	at org.apache.ratis.thirdparty.io.netty.channel.nio.AbstractNioChannel$AbstractNioUnsafe.finishConnect(AbstractNioChannel.java:340)
	at org.apache.ratis.thirdparty.io.netty.channel.nio.NioEventLoop.processSelectedKey(NioEventLoop.java:632)
	at org.apache.ratis.thirdparty.io.netty.channel.nio.NioEventLoop.processSelectedKeysOptimized(NioEventLoop.java:579)
	at org.apache.ratis.thirdparty.io.netty.channel.nio.NioEventLoop.processSelectedKeys(NioEventLoop.java:496)
	at org.apache.ratis.thirdparty.io.netty.channel.nio.NioEventLoop.run(NioEventLoop.java:458)
	at org.apache.ratis.thirdparty.io.netty.util.concurrent.SingleThreadEventExecutor$5.run(SingleThreadEventExecutor.java:897)
	at org.apache.ratis.thirdparty.io.netty.util.concurrent.FastThreadLocalRunnable.run(FastThreadLocalRunnable.java:30)
	... 1 more
Caused by: java.net.ConnectException: Connection refused
	... 11 more
2019-11-05 08:34:40,205 [grpc-default-executor-10] INFO  impl.RaftServerImpl (RaftServerImpl.java:setRole(184)) - d92c9463-8e05-4a70-8cc7-1d31ae7ac64a@group-515877FFDAAC: changes role from  FOLLOWER to FOLLOWER at term 140 for recognizeCandidate:05ace5f9-a5b7-4bc6-b4fa-26d4e24ae00c
2019-11-05 08:34:40,205 [grpc-default-executor-10] INFO  impl.RoleInfo (RoleInfo.java:shutdownFollowerState(121)) - d92c9463-8e05-4a70-8cc7-1d31ae7ac64a: shutdown FollowerState
2019-11-05 08:34:40,205 [grpc-default-executor-10] INFO  impl.RoleInfo (RoleInfo.java:updateAndGet(143)) - d92c9463-8e05-4a70-8cc7-1d31ae7ac64a: start FollowerState
2019-11-05 08:34:40,205 [Thread-4515] INFO  impl.FollowerState (FollowerState.java:run(117)) - d92c9463-8e05-4a70-8cc7-1d31ae7ac64a@group-515877FFDAAC-FollowerState was interrupted: java.lang.InterruptedException: sleep interrupted
2019-11-05 08:34:40,220 [05ace5f9-a5b7-4bc6-b4fa-26d4e24ae00c@group-515877FFDAAC-LeaderElection553] INFO  impl.LeaderElection (LeaderElection.java:logAndReturn(56)) - 05ace5f9-a5b7-4bc6-b4fa-26d4e24ae00c@group-515877FFDAAC-LeaderElection553: Election REJECTED; received 1 response(s) [05ace5f9-a5b7-4bc6-b4fa-26d4e24ae00c<-d92c9463-8e05-4a70-8cc7-1d31ae7ac64a#0:FAIL-t140] and 1 exception(s); 05ace5f9-a5b7-4bc6-b4fa-26d4e24ae00c@group-515877FFDAAC:t140, leader=null, voted=05ace5f9-a5b7-4bc6-b4fa-26d4e24ae00c, raftlog=05ace5f9-a5b7-4bc6-b4fa-26d4e24ae00c@group-515877FFDAAC-SegmentedRaftLog:OPENED:c-1,f-1,i0, conf=-1: [05ace5f9-a5b7-4bc6-b4fa-26d4e24ae00c:192.168.164.217:42356, d92c9463-8e05-4a70-8cc7-1d31ae7ac64a:192.168.164.217:37180, d7b60609-c805-4df6-8140-a27c681dae80:192.168.164.217:37880], old=null
2019-11-05 08:34:40,221 [05ace5f9-a5b7-4bc6-b4fa-26d4e24ae00c@group-515877FFDAAC-LeaderElection553] INFO  impl.LeaderElection (LogUtils.java:infoOrTrace(149)) -   Exception 0: {}
java.util.concurrent.ExecutionException: org.apache.ratis.thirdparty.io.grpc.StatusRuntimeException: UNAVAILABLE: io exception
	at java.util.concurrent.FutureTask.report(FutureTask.java:122)
	at java.util.concurrent.FutureTask.get(FutureTask.java:192)
	at org.apache.ratis.server.impl.LeaderElection.waitForResults(LeaderElection.java:259)
	at org.apache.ratis.server.impl.LeaderElection.askForVotes(LeaderElection.java:197)
	at org.apache.ratis.server.impl.LeaderElection.run(LeaderElection.java:133)
	at java.lang.Thread.run(Thread.java:748)
Caused by: org.apache.ratis.thirdparty.io.grpc.StatusRuntimeException: UNAVAILABLE: io exception
	at org.apache.ratis.thirdparty.io.grpc.stub.ClientCalls.toStatusRuntimeException(ClientCalls.java:233)
	at org.apache.ratis.thirdparty.io.grpc.stub.ClientCalls.getUnchecked(ClientCalls.java:214)
	at org.apache.ratis.thirdparty.io.grpc.stub.ClientCalls.blockingUnaryCall(ClientCalls.java:139)
	at org.apache.ratis.proto.grpc.RaftServerProtocolServiceGrpc$RaftServerProtocolServiceBlockingStub.requestVote(RaftServerProtocolServiceGrpc.java:265)
	at org.apache.ratis.grpc.server.GrpcServerProtocolClient.requestVote(GrpcServerProtocolClient.java:99)
	at org.apache.ratis.grpc.server.GrpcService.requestVote(GrpcService.java:204)
	at org.apache.ratis.server.impl.LeaderElection.lambda$submitRequests$1(LeaderElection.java:234)
	at java.util.concurrent.FutureTask.run(FutureTask.java:266)
	at java.util.concurrent.Executors$RunnableAdapter.call(Executors.java:511)
	at java.util.concurrent.FutureTask.run(FutureTask.java:266)
	at java.util.concurrent.ThreadPoolExecutor.runWorker(ThreadPoolExecutor.java:1149)
	at java.util.concurrent.ThreadPoolExecutor$Worker.run(ThreadPoolExecutor.java:624)
	... 1 more
Caused by: org.apache.ratis.thirdparty.io.netty.channel.AbstractChannel$AnnotatedConnectException: Connection refused: /192.168.164.217:37880
	at sun.nio.ch.SocketChannelImpl.checkConnect(Native Method)
	at sun.nio.ch.SocketChannelImpl.finishConnect(SocketChannelImpl.java:717)
	at org.apache.ratis.thirdparty.io.netty.channel.socket.nio.NioSocketChannel.doFinishConnect(NioSocketChannel.java:327)
	at org.apache.ratis.thirdparty.io.netty.channel.nio.AbstractNioChannel$AbstractNioUnsafe.finishConnect(AbstractNioChannel.java:340)
	at org.apache.ratis.thirdparty.io.netty.channel.nio.NioEventLoop.processSelectedKey(NioEventLoop.java:632)
	at org.apache.ratis.thirdparty.io.netty.channel.nio.NioEventLoop.processSelectedKeysOptimized(NioEventLoop.java:579)
	at org.apache.ratis.thirdparty.io.netty.channel.nio.NioEventLoop.processSelectedKeys(NioEventLoop.java:496)
	at org.apache.ratis.thirdparty.io.netty.channel.nio.NioEventLoop.run(NioEventLoop.java:458)
	at org.apache.ratis.thirdparty.io.netty.util.concurrent.SingleThreadEventExecutor$5.run(SingleThreadEventExecutor.java:897)
	at org.apache.ratis.thirdparty.io.netty.util.concurrent.FastThreadLocalRunnable.run(FastThreadLocalRunnable.java:30)
	... 1 more
Caused by: java.net.ConnectException: Connection refused
	... 11 more
2019-11-05 08:34:40,221 [05ace5f9-a5b7-4bc6-b4fa-26d4e24ae00c@group-515877FFDAAC-LeaderElection553] INFO  impl.RaftServerImpl (RaftServerImpl.java:setRole(184)) - 05ace5f9-a5b7-4bc6-b4fa-26d4e24ae00c@group-515877FFDAAC: changes role from CANDIDATE to FOLLOWER at term 140 for DISCOVERED_A_NEW_TERM
2019-11-05 08:34:40,221 [05ace5f9-a5b7-4bc6-b4fa-26d4e24ae00c@group-515877FFDAAC-LeaderElection553] INFO  impl.RoleInfo (RoleInfo.java:shutdownLeaderElection(134)) - 05ace5f9-a5b7-4bc6-b4fa-26d4e24ae00c: shutdown LeaderElection
2019-11-05 08:34:40,221 [05ace5f9-a5b7-4bc6-b4fa-26d4e24ae00c@group-515877FFDAAC-LeaderElection553] INFO  impl.RoleInfo (RoleInfo.java:updateAndGet(143)) - 05ace5f9-a5b7-4bc6-b4fa-26d4e24ae00c: start FollowerState
2019-11-05 08:34:40,261 [Thread-4521] INFO  impl.FollowerState (FollowerState.java:run(108)) - 05ace5f9-a5b7-4bc6-b4fa-26d4e24ae00c@group-515877FFDAAC-FollowerState: change to CANDIDATE, lastRpcTime:39ms, electionTimeout:39ms
2019-11-05 08:34:40,261 [Thread-4521] INFO  impl.RoleInfo (RoleInfo.java:shutdownFollowerState(121)) - 05ace5f9-a5b7-4bc6-b4fa-26d4e24ae00c: shutdown FollowerState
2019-11-05 08:34:40,261 [Thread-4521] INFO  impl.RaftServerImpl (RaftServerImpl.java:setRole(184)) - 05ace5f9-a5b7-4bc6-b4fa-26d4e24ae00c@group-515877FFDAAC: changes role from  FOLLOWER to CANDIDATE at term 140 for changeToCandidate
2019-11-05 08:34:40,261 [Thread-4521] INFO  impl.RoleInfo (RoleInfo.java:updateAndGet(143)) - 05ace5f9-a5b7-4bc6-b4fa-26d4e24ae00c: start LeaderElection
2019-11-05 08:34:40,273 [05ace5f9-a5b7-4bc6-b4fa-26d4e24ae00c@group-515877FFDAAC-LeaderElection554] INFO  impl.LeaderElection (LeaderElection.java:askForVotes(178)) - 05ace5f9-a5b7-4bc6-b4fa-26d4e24ae00c@group-515877FFDAAC-LeaderElection554: begin an election at term 141 for -1: [05ace5f9-a5b7-4bc6-b4fa-26d4e24ae00c:192.168.164.217:42356, d92c9463-8e05-4a70-8cc7-1d31ae7ac64a:192.168.164.217:37180, d7b60609-c805-4df6-8140-a27c681dae80:192.168.164.217:37880], old=null
2019-11-05 08:34:40,274 [05ace5f9-a5b7-4bc6-b4fa-26d4e24ae00c@group-515877FFDAAC-LeaderElection554] INFO  impl.LeaderElection (LogUtils.java:infoOrTrace(149)) - 05ace5f9-a5b7-4bc6-b4fa-26d4e24ae00c@group-515877FFDAAC-LeaderElection554 got exception when requesting votes: {}
java.util.concurrent.ExecutionException: org.apache.ratis.thirdparty.io.grpc.StatusRuntimeException: UNAVAILABLE: io exception
	at java.util.concurrent.FutureTask.report(FutureTask.java:122)
	at java.util.concurrent.FutureTask.get(FutureTask.java:192)
	at org.apache.ratis.server.impl.LeaderElection.waitForResults(LeaderElection.java:259)
	at org.apache.ratis.server.impl.LeaderElection.askForVotes(LeaderElection.java:197)
	at org.apache.ratis.server.impl.LeaderElection.run(LeaderElection.java:133)
	at java.lang.Thread.run(Thread.java:748)
Caused by: org.apache.ratis.thirdparty.io.grpc.StatusRuntimeException: UNAVAILABLE: io exception
	at org.apache.ratis.thirdparty.io.grpc.stub.ClientCalls.toStatusRuntimeException(ClientCalls.java:233)
	at org.apache.ratis.thirdparty.io.grpc.stub.ClientCalls.getUnchecked(ClientCalls.java:214)
	at org.apache.ratis.thirdparty.io.grpc.stub.ClientCalls.blockingUnaryCall(ClientCalls.java:139)
	at org.apache.ratis.proto.grpc.RaftServerProtocolServiceGrpc$RaftServerProtocolServiceBlockingStub.requestVote(RaftServerProtocolServiceGrpc.java:265)
	at org.apache.ratis.grpc.server.GrpcServerProtocolClient.requestVote(GrpcServerProtocolClient.java:99)
	at org.apache.ratis.grpc.server.GrpcService.requestVote(GrpcService.java:204)
	at org.apache.ratis.server.impl.LeaderElection.lambda$submitRequests$1(LeaderElection.java:234)
	at java.util.concurrent.FutureTask.run(FutureTask.java:266)
	at java.util.concurrent.Executors$RunnableAdapter.call(Executors.java:511)
	at java.util.concurrent.FutureTask.run(FutureTask.java:266)
	at java.util.concurrent.ThreadPoolExecutor.runWorker(ThreadPoolExecutor.java:1149)
	at java.util.concurrent.ThreadPoolExecutor$Worker.run(ThreadPoolExecutor.java:624)
	... 1 more
Caused by: org.apache.ratis.thirdparty.io.netty.channel.AbstractChannel$AnnotatedConnectException: Connection refused: /192.168.164.217:37880
	at sun.nio.ch.SocketChannelImpl.checkConnect(Native Method)
	at sun.nio.ch.SocketChannelImpl.finishConnect(SocketChannelImpl.java:717)
	at org.apache.ratis.thirdparty.io.netty.channel.socket.nio.NioSocketChannel.doFinishConnect(NioSocketChannel.java:327)
	at org.apache.ratis.thirdparty.io.netty.channel.nio.AbstractNioChannel$AbstractNioUnsafe.finishConnect(AbstractNioChannel.java:340)
	at org.apache.ratis.thirdparty.io.netty.channel.nio.NioEventLoop.processSelectedKey(NioEventLoop.java:632)
	at org.apache.ratis.thirdparty.io.netty.channel.nio.NioEventLoop.processSelectedKeysOptimized(NioEventLoop.java:579)
	at org.apache.ratis.thirdparty.io.netty.channel.nio.NioEventLoop.processSelectedKeys(NioEventLoop.java:496)
	at org.apache.ratis.thirdparty.io.netty.channel.nio.NioEventLoop.run(NioEventLoop.java:458)
	at org.apache.ratis.thirdparty.io.netty.util.concurrent.SingleThreadEventExecutor$5.run(SingleThreadEventExecutor.java:897)
	at org.apache.ratis.thirdparty.io.netty.util.concurrent.FastThreadLocalRunnable.run(FastThreadLocalRunnable.java:30)
	... 1 more
Caused by: java.net.ConnectException: Connection refused
	... 11 more
2019-11-05 08:34:40,275 [grpc-default-executor-17] INFO  impl.RaftServerImpl (RaftServerImpl.java:setRole(184)) - d92c9463-8e05-4a70-8cc7-1d31ae7ac64a@group-515877FFDAAC: changes role from  FOLLOWER to FOLLOWER at term 141 for recognizeCandidate:05ace5f9-a5b7-4bc6-b4fa-26d4e24ae00c
2019-11-05 08:34:40,275 [grpc-default-executor-17] INFO  impl.RoleInfo (RoleInfo.java:shutdownFollowerState(121)) - d92c9463-8e05-4a70-8cc7-1d31ae7ac64a: shutdown FollowerState
2019-11-05 08:34:40,275 [grpc-default-executor-17] INFO  impl.RoleInfo (RoleInfo.java:updateAndGet(143)) - d92c9463-8e05-4a70-8cc7-1d31ae7ac64a: start FollowerState
2019-11-05 08:34:40,275 [Thread-4520] INFO  impl.FollowerState (FollowerState.java:run(117)) - d92c9463-8e05-4a70-8cc7-1d31ae7ac64a@group-515877FFDAAC-FollowerState was interrupted: java.lang.InterruptedException: sleep interrupted
2019-11-05 08:34:40,297 [05ace5f9-a5b7-4bc6-b4fa-26d4e24ae00c@group-515877FFDAAC-LeaderElection554] INFO  impl.LeaderElection (LeaderElection.java:logAndReturn(56)) - 05ace5f9-a5b7-4bc6-b4fa-26d4e24ae00c@group-515877FFDAAC-LeaderElection554: Election REJECTED; received 1 response(s) [05ace5f9-a5b7-4bc6-b4fa-26d4e24ae00c<-d92c9463-8e05-4a70-8cc7-1d31ae7ac64a#0:FAIL-t141] and 1 exception(s); 05ace5f9-a5b7-4bc6-b4fa-26d4e24ae00c@group-515877FFDAAC:t141, leader=null, voted=05ace5f9-a5b7-4bc6-b4fa-26d4e24ae00c, raftlog=05ace5f9-a5b7-4bc6-b4fa-26d4e24ae00c@group-515877FFDAAC-SegmentedRaftLog:OPENED:c-1,f-1,i0, conf=-1: [05ace5f9-a5b7-4bc6-b4fa-26d4e24ae00c:192.168.164.217:42356, d92c9463-8e05-4a70-8cc7-1d31ae7ac64a:192.168.164.217:37180, d7b60609-c805-4df6-8140-a27c681dae80:192.168.164.217:37880], old=null
2019-11-05 08:34:40,297 [05ace5f9-a5b7-4bc6-b4fa-26d4e24ae00c@group-515877FFDAAC-LeaderElection554] INFO  impl.LeaderElection (LogUtils.java:infoOrTrace(149)) -   Exception 0: {}
java.util.concurrent.ExecutionException: org.apache.ratis.thirdparty.io.grpc.StatusRuntimeException: UNAVAILABLE: io exception
	at java.util.concurrent.FutureTask.report(FutureTask.java:122)
	at java.util.concurrent.FutureTask.get(FutureTask.java:192)
	at org.apache.ratis.server.impl.LeaderElection.waitForResults(LeaderElection.java:259)
	at org.apache.ratis.server.impl.LeaderElection.askForVotes(LeaderElection.java:197)
	at org.apache.ratis.server.impl.LeaderElection.run(LeaderElection.java:133)
	at java.lang.Thread.run(Thread.java:748)
Caused by: org.apache.ratis.thirdparty.io.grpc.StatusRuntimeException: UNAVAILABLE: io exception
	at org.apache.ratis.thirdparty.io.grpc.stub.ClientCalls.toStatusRuntimeException(ClientCalls.java:233)
	at org.apache.ratis.thirdparty.io.grpc.stub.ClientCalls.getUnchecked(ClientCalls.java:214)
	at org.apache.ratis.thirdparty.io.grpc.stub.ClientCalls.blockingUnaryCall(ClientCalls.java:139)
	at org.apache.ratis.proto.grpc.RaftServerProtocolServiceGrpc$RaftServerProtocolServiceBlockingStub.requestVote(RaftServerProtocolServiceGrpc.java:265)
	at org.apache.ratis.grpc.server.GrpcServerProtocolClient.requestVote(GrpcServerProtocolClient.java:99)
	at org.apache.ratis.grpc.server.GrpcService.requestVote(GrpcService.java:204)
	at org.apache.ratis.server.impl.LeaderElection.lambda$submitRequests$1(LeaderElection.java:234)
	at java.util.concurrent.FutureTask.run(FutureTask.java:266)
	at java.util.concurrent.Executors$RunnableAdapter.call(Executors.java:511)
	at java.util.concurrent.FutureTask.run(FutureTask.java:266)
	at java.util.concurrent.ThreadPoolExecutor.runWorker(ThreadPoolExecutor.java:1149)
	at java.util.concurrent.ThreadPoolExecutor$Worker.run(ThreadPoolExecutor.java:624)
	... 1 more
Caused by: org.apache.ratis.thirdparty.io.netty.channel.AbstractChannel$AnnotatedConnectException: Connection refused: /192.168.164.217:37880
	at sun.nio.ch.SocketChannelImpl.checkConnect(Native Method)
	at sun.nio.ch.SocketChannelImpl.finishConnect(SocketChannelImpl.java:717)
	at org.apache.ratis.thirdparty.io.netty.channel.socket.nio.NioSocketChannel.doFinishConnect(NioSocketChannel.java:327)
	at org.apache.ratis.thirdparty.io.netty.channel.nio.AbstractNioChannel$AbstractNioUnsafe.finishConnect(AbstractNioChannel.java:340)
	at org.apache.ratis.thirdparty.io.netty.channel.nio.NioEventLoop.processSelectedKey(NioEventLoop.java:632)
	at org.apache.ratis.thirdparty.io.netty.channel.nio.NioEventLoop.processSelectedKeysOptimized(NioEventLoop.java:579)
	at org.apache.ratis.thirdparty.io.netty.channel.nio.NioEventLoop.processSelectedKeys(NioEventLoop.java:496)
	at org.apache.ratis.thirdparty.io.netty.channel.nio.NioEventLoop.run(NioEventLoop.java:458)
	at org.apache.ratis.thirdparty.io.netty.util.concurrent.SingleThreadEventExecutor$5.run(SingleThreadEventExecutor.java:897)
	at org.apache.ratis.thirdparty.io.netty.util.concurrent.FastThreadLocalRunnable.run(FastThreadLocalRunnable.java:30)
	... 1 more
Caused by: java.net.ConnectException: Connection refused
	... 11 more
2019-11-05 08:34:40,297 [05ace5f9-a5b7-4bc6-b4fa-26d4e24ae00c@group-515877FFDAAC-LeaderElection554] INFO  impl.RaftServerImpl (RaftServerImpl.java:setRole(184)) - 05ace5f9-a5b7-4bc6-b4fa-26d4e24ae00c@group-515877FFDAAC: changes role from CANDIDATE to FOLLOWER at term 141 for DISCOVERED_A_NEW_TERM
2019-11-05 08:34:40,297 [05ace5f9-a5b7-4bc6-b4fa-26d4e24ae00c@group-515877FFDAAC-LeaderElection554] INFO  impl.RoleInfo (RoleInfo.java:shutdownLeaderElection(134)) - 05ace5f9-a5b7-4bc6-b4fa-26d4e24ae00c: shutdown LeaderElection
2019-11-05 08:34:40,297 [05ace5f9-a5b7-4bc6-b4fa-26d4e24ae00c@group-515877FFDAAC-LeaderElection554] INFO  impl.RoleInfo (RoleInfo.java:updateAndGet(143)) - 05ace5f9-a5b7-4bc6-b4fa-26d4e24ae00c: start FollowerState
2019-11-05 08:34:40,497 [Thread-4528] INFO  impl.FollowerState (FollowerState.java:run(108)) - 05ace5f9-a5b7-4bc6-b4fa-26d4e24ae00c@group-515877FFDAAC-FollowerState: change to CANDIDATE, lastRpcTime:200ms, electionTimeout:200ms
2019-11-05 08:34:40,498 [Thread-4528] INFO  impl.RoleInfo (RoleInfo.java:shutdownFollowerState(121)) - 05ace5f9-a5b7-4bc6-b4fa-26d4e24ae00c: shutdown FollowerState
2019-11-05 08:34:40,498 [Thread-4528] INFO  impl.RaftServerImpl (RaftServerImpl.java:setRole(184)) - 05ace5f9-a5b7-4bc6-b4fa-26d4e24ae00c@group-515877FFDAAC: changes role from  FOLLOWER to CANDIDATE at term 141 for changeToCandidate
2019-11-05 08:34:40,498 [Thread-4528] INFO  impl.RoleInfo (RoleInfo.java:updateAndGet(143)) - 05ace5f9-a5b7-4bc6-b4fa-26d4e24ae00c: start LeaderElection
2019-11-05 08:34:40,512 [05ace5f9-a5b7-4bc6-b4fa-26d4e24ae00c@group-515877FFDAAC-LeaderElection555] INFO  impl.LeaderElection (LeaderElection.java:askForVotes(178)) - 05ace5f9-a5b7-4bc6-b4fa-26d4e24ae00c@group-515877FFDAAC-LeaderElection555: begin an election at term 142 for -1: [05ace5f9-a5b7-4bc6-b4fa-26d4e24ae00c:192.168.164.217:42356, d92c9463-8e05-4a70-8cc7-1d31ae7ac64a:192.168.164.217:37180, d7b60609-c805-4df6-8140-a27c681dae80:192.168.164.217:37880], old=null
2019-11-05 08:34:40,513 [05ace5f9-a5b7-4bc6-b4fa-26d4e24ae00c@group-515877FFDAAC-LeaderElection555] INFO  impl.LeaderElection (LogUtils.java:infoOrTrace(149)) - 05ace5f9-a5b7-4bc6-b4fa-26d4e24ae00c@group-515877FFDAAC-LeaderElection555 got exception when requesting votes: {}
java.util.concurrent.ExecutionException: org.apache.ratis.thirdparty.io.grpc.StatusRuntimeException: UNAVAILABLE: io exception
	at java.util.concurrent.FutureTask.report(FutureTask.java:122)
	at java.util.concurrent.FutureTask.get(FutureTask.java:192)
	at org.apache.ratis.server.impl.LeaderElection.waitForResults(LeaderElection.java:259)
	at org.apache.ratis.server.impl.LeaderElection.askForVotes(LeaderElection.java:197)
	at org.apache.ratis.server.impl.LeaderElection.run(LeaderElection.java:133)
	at java.lang.Thread.run(Thread.java:748)
Caused by: org.apache.ratis.thirdparty.io.grpc.StatusRuntimeException: UNAVAILABLE: io exception
	at org.apache.ratis.thirdparty.io.grpc.stub.ClientCalls.toStatusRuntimeException(ClientCalls.java:233)
	at org.apache.ratis.thirdparty.io.grpc.stub.ClientCalls.getUnchecked(ClientCalls.java:214)
	at org.apache.ratis.thirdparty.io.grpc.stub.ClientCalls.blockingUnaryCall(ClientCalls.java:139)
	at org.apache.ratis.proto.grpc.RaftServerProtocolServiceGrpc$RaftServerProtocolServiceBlockingStub.requestVote(RaftServerProtocolServiceGrpc.java:265)
	at org.apache.ratis.grpc.server.GrpcServerProtocolClient.requestVote(GrpcServerProtocolClient.java:99)
	at org.apache.ratis.grpc.server.GrpcService.requestVote(GrpcService.java:204)
	at org.apache.ratis.server.impl.LeaderElection.lambda$submitRequests$1(LeaderElection.java:234)
	at java.util.concurrent.FutureTask.run(FutureTask.java:266)
	at java.util.concurrent.Executors$RunnableAdapter.call(Executors.java:511)
	at java.util.concurrent.FutureTask.run(FutureTask.java:266)
	at java.util.concurrent.ThreadPoolExecutor.runWorker(ThreadPoolExecutor.java:1149)
	at java.util.concurrent.ThreadPoolExecutor$Worker.run(ThreadPoolExecutor.java:624)
	... 1 more
Caused by: org.apache.ratis.thirdparty.io.netty.channel.AbstractChannel$AnnotatedConnectException: Connection refused: /192.168.164.217:37880
	at sun.nio.ch.SocketChannelImpl.checkConnect(Native Method)
	at sun.nio.ch.SocketChannelImpl.finishConnect(SocketChannelImpl.java:717)
	at org.apache.ratis.thirdparty.io.netty.channel.socket.nio.NioSocketChannel.doFinishConnect(NioSocketChannel.java:327)
	at org.apache.ratis.thirdparty.io.netty.channel.nio.AbstractNioChannel$AbstractNioUnsafe.finishConnect(AbstractNioChannel.java:340)
	at org.apache.ratis.thirdparty.io.netty.channel.nio.NioEventLoop.processSelectedKey(NioEventLoop.java:632)
	at org.apache.ratis.thirdparty.io.netty.channel.nio.NioEventLoop.processSelectedKeysOptimized(NioEventLoop.java:579)
	at org.apache.ratis.thirdparty.io.netty.channel.nio.NioEventLoop.processSelectedKeys(NioEventLoop.java:496)
	at org.apache.ratis.thirdparty.io.netty.channel.nio.NioEventLoop.run(NioEventLoop.java:458)
	at org.apache.ratis.thirdparty.io.netty.util.concurrent.SingleThreadEventExecutor$5.run(SingleThreadEventExecutor.java:897)
	at org.apache.ratis.thirdparty.io.netty.util.concurrent.FastThreadLocalRunnable.run(FastThreadLocalRunnable.java:30)
	... 1 more
Caused by: java.net.ConnectException: Connection refused
	... 11 more
2019-11-05 08:34:40,513 [grpc-default-executor-17] INFO  impl.RaftServerImpl (RaftServerImpl.java:setRole(184)) - d92c9463-8e05-4a70-8cc7-1d31ae7ac64a@group-515877FFDAAC: changes role from  FOLLOWER to FOLLOWER at term 142 for recognizeCandidate:05ace5f9-a5b7-4bc6-b4fa-26d4e24ae00c
2019-11-05 08:34:40,514 [grpc-default-executor-17] INFO  impl.RoleInfo (RoleInfo.java:shutdownFollowerState(121)) - d92c9463-8e05-4a70-8cc7-1d31ae7ac64a: shutdown FollowerState
2019-11-05 08:34:40,514 [grpc-default-executor-17] INFO  impl.RoleInfo (RoleInfo.java:updateAndGet(143)) - d92c9463-8e05-4a70-8cc7-1d31ae7ac64a: start FollowerState
2019-11-05 08:34:40,514 [Thread-4527] INFO  impl.FollowerState (FollowerState.java:run(117)) - d92c9463-8e05-4a70-8cc7-1d31ae7ac64a@group-515877FFDAAC-FollowerState was interrupted: java.lang.InterruptedException: sleep interrupted
2019-11-05 08:34:40,541 [05ace5f9-a5b7-4bc6-b4fa-26d4e24ae00c@group-515877FFDAAC-LeaderElection555] INFO  impl.LeaderElection (LeaderElection.java:logAndReturn(56)) - 05ace5f9-a5b7-4bc6-b4fa-26d4e24ae00c@group-515877FFDAAC-LeaderElection555: Election REJECTED; received 1 response(s) [05ace5f9-a5b7-4bc6-b4fa-26d4e24ae00c<-d92c9463-8e05-4a70-8cc7-1d31ae7ac64a#0:FAIL-t142] and 1 exception(s); 05ace5f9-a5b7-4bc6-b4fa-26d4e24ae00c@group-515877FFDAAC:t142, leader=null, voted=05ace5f9-a5b7-4bc6-b4fa-26d4e24ae00c, raftlog=05ace5f9-a5b7-4bc6-b4fa-26d4e24ae00c@group-515877FFDAAC-SegmentedRaftLog:OPENED:c-1,f-1,i0, conf=-1: [05ace5f9-a5b7-4bc6-b4fa-26d4e24ae00c:192.168.164.217:42356, d92c9463-8e05-4a70-8cc7-1d31ae7ac64a:192.168.164.217:37180, d7b60609-c805-4df6-8140-a27c681dae80:192.168.164.217:37880], old=null
2019-11-05 08:34:40,541 [05ace5f9-a5b7-4bc6-b4fa-26d4e24ae00c@group-515877FFDAAC-LeaderElection555] INFO  impl.LeaderElection (LogUtils.java:infoOrTrace(149)) -   Exception 0: {}
java.util.concurrent.ExecutionException: org.apache.ratis.thirdparty.io.grpc.StatusRuntimeException: UNAVAILABLE: io exception
	at java.util.concurrent.FutureTask.report(FutureTask.java:122)
	at java.util.concurrent.FutureTask.get(FutureTask.java:192)
	at org.apache.ratis.server.impl.LeaderElection.waitForResults(LeaderElection.java:259)
	at org.apache.ratis.server.impl.LeaderElection.askForVotes(LeaderElection.java:197)
	at org.apache.ratis.server.impl.LeaderElection.run(LeaderElection.java:133)
	at java.lang.Thread.run(Thread.java:748)
Caused by: org.apache.ratis.thirdparty.io.grpc.StatusRuntimeException: UNAVAILABLE: io exception
	at org.apache.ratis.thirdparty.io.grpc.stub.ClientCalls.toStatusRuntimeException(ClientCalls.java:233)
	at org.apache.ratis.thirdparty.io.grpc.stub.ClientCalls.getUnchecked(ClientCalls.java:214)
	at org.apache.ratis.thirdparty.io.grpc.stub.ClientCalls.blockingUnaryCall(ClientCalls.java:139)
	at org.apache.ratis.proto.grpc.RaftServerProtocolServiceGrpc$RaftServerProtocolServiceBlockingStub.requestVote(RaftServerProtocolServiceGrpc.java:265)
	at org.apache.ratis.grpc.server.GrpcServerProtocolClient.requestVote(GrpcServerProtocolClient.java:99)
	at org.apache.ratis.grpc.server.GrpcService.requestVote(GrpcService.java:204)
	at org.apache.ratis.server.impl.LeaderElection.lambda$submitRequests$1(LeaderElection.java:234)
	at java.util.concurrent.FutureTask.run(FutureTask.java:266)
	at java.util.concurrent.Executors$RunnableAdapter.call(Executors.java:511)
	at java.util.concurrent.FutureTask.run(FutureTask.java:266)
	at java.util.concurrent.ThreadPoolExecutor.runWorker(ThreadPoolExecutor.java:1149)
	at java.util.concurrent.ThreadPoolExecutor$Worker.run(ThreadPoolExecutor.java:624)
	... 1 more
Caused by: org.apache.ratis.thirdparty.io.netty.channel.AbstractChannel$AnnotatedConnectException: Connection refused: /192.168.164.217:37880
	at sun.nio.ch.SocketChannelImpl.checkConnect(Native Method)
	at sun.nio.ch.SocketChannelImpl.finishConnect(SocketChannelImpl.java:717)
	at org.apache.ratis.thirdparty.io.netty.channel.socket.nio.NioSocketChannel.doFinishConnect(NioSocketChannel.java:327)
	at org.apache.ratis.thirdparty.io.netty.channel.nio.AbstractNioChannel$AbstractNioUnsafe.finishConnect(AbstractNioChannel.java:340)
	at org.apache.ratis.thirdparty.io.netty.channel.nio.NioEventLoop.processSelectedKey(NioEventLoop.java:632)
	at org.apache.ratis.thirdparty.io.netty.channel.nio.NioEventLoop.processSelectedKeysOptimized(NioEventLoop.java:579)
	at org.apache.ratis.thirdparty.io.netty.channel.nio.NioEventLoop.processSelectedKeys(NioEventLoop.java:496)
	at org.apache.ratis.thirdparty.io.netty.channel.nio.NioEventLoop.run(NioEventLoop.java:458)
	at org.apache.ratis.thirdparty.io.netty.util.concurrent.SingleThreadEventExecutor$5.run(SingleThreadEventExecutor.java:897)
	at org.apache.ratis.thirdparty.io.netty.util.concurrent.FastThreadLocalRunnable.run(FastThreadLocalRunnable.java:30)
	... 1 more
Caused by: java.net.ConnectException: Connection refused
	... 11 more
2019-11-05 08:34:40,541 [05ace5f9-a5b7-4bc6-b4fa-26d4e24ae00c@group-515877FFDAAC-LeaderElection555] INFO  impl.RaftServerImpl (RaftServerImpl.java:setRole(184)) - 05ace5f9-a5b7-4bc6-b4fa-26d4e24ae00c@group-515877FFDAAC: changes role from CANDIDATE to FOLLOWER at term 142 for DISCOVERED_A_NEW_TERM
2019-11-05 08:34:40,541 [05ace5f9-a5b7-4bc6-b4fa-26d4e24ae00c@group-515877FFDAAC-LeaderElection555] INFO  impl.RoleInfo (RoleInfo.java:shutdownLeaderElection(134)) - 05ace5f9-a5b7-4bc6-b4fa-26d4e24ae00c: shutdown LeaderElection
2019-11-05 08:34:40,541 [05ace5f9-a5b7-4bc6-b4fa-26d4e24ae00c@group-515877FFDAAC-LeaderElection555] INFO  impl.RoleInfo (RoleInfo.java:updateAndGet(143)) - 05ace5f9-a5b7-4bc6-b4fa-26d4e24ae00c: start FollowerState
2019-11-05 08:34:40,569 [Datanode State Machine Thread - 0] INFO  statemachine.DatanodeStateMachine (DatanodeStateMachine.java:lambda$startDaemon$0(350)) - Ozone container server started.
2019-11-05 08:34:40,637 [Thread-4534] INFO  impl.FollowerState (FollowerState.java:run(108)) - 05ace5f9-a5b7-4bc6-b4fa-26d4e24ae00c@group-515877FFDAAC-FollowerState: change to CANDIDATE, lastRpcTime:95ms, electionTimeout:95ms
2019-11-05 08:34:40,637 [Thread-4534] INFO  impl.RoleInfo (RoleInfo.java:shutdownFollowerState(121)) - 05ace5f9-a5b7-4bc6-b4fa-26d4e24ae00c: shutdown FollowerState
2019-11-05 08:34:40,637 [Thread-4534] INFO  impl.RaftServerImpl (RaftServerImpl.java:setRole(184)) - 05ace5f9-a5b7-4bc6-b4fa-26d4e24ae00c@group-515877FFDAAC: changes role from  FOLLOWER to CANDIDATE at term 142 for changeToCandidate
2019-11-05 08:34:40,637 [Thread-4534] INFO  impl.RoleInfo (RoleInfo.java:updateAndGet(143)) - 05ace5f9-a5b7-4bc6-b4fa-26d4e24ae00c: start LeaderElection
2019-11-05 08:34:40,651 [05ace5f9-a5b7-4bc6-b4fa-26d4e24ae00c@group-515877FFDAAC-LeaderElection556] INFO  impl.LeaderElection (LeaderElection.java:askForVotes(178)) - 05ace5f9-a5b7-4bc6-b4fa-26d4e24ae00c@group-515877FFDAAC-LeaderElection556: begin an election at term 143 for -1: [05ace5f9-a5b7-4bc6-b4fa-26d4e24ae00c:192.168.164.217:42356, d92c9463-8e05-4a70-8cc7-1d31ae7ac64a:192.168.164.217:37180, d7b60609-c805-4df6-8140-a27c681dae80:192.168.164.217:37880], old=null
2019-11-05 08:34:40,652 [05ace5f9-a5b7-4bc6-b4fa-26d4e24ae00c@group-515877FFDAAC-LeaderElection556] INFO  impl.LeaderElection (LogUtils.java:infoOrTrace(149)) - 05ace5f9-a5b7-4bc6-b4fa-26d4e24ae00c@group-515877FFDAAC-LeaderElection556 got exception when requesting votes: {}
java.util.concurrent.ExecutionException: org.apache.ratis.thirdparty.io.grpc.StatusRuntimeException: UNAVAILABLE: io exception
	at java.util.concurrent.FutureTask.report(FutureTask.java:122)
	at java.util.concurrent.FutureTask.get(FutureTask.java:192)
	at org.apache.ratis.server.impl.LeaderElection.waitForResults(LeaderElection.java:259)
	at org.apache.ratis.server.impl.LeaderElection.askForVotes(LeaderElection.java:197)
	at org.apache.ratis.server.impl.LeaderElection.run(LeaderElection.java:133)
	at java.lang.Thread.run(Thread.java:748)
Caused by: org.apache.ratis.thirdparty.io.grpc.StatusRuntimeException: UNAVAILABLE: io exception
	at org.apache.ratis.thirdparty.io.grpc.stub.ClientCalls.toStatusRuntimeException(ClientCalls.java:233)
	at org.apache.ratis.thirdparty.io.grpc.stub.ClientCalls.getUnchecked(ClientCalls.java:214)
	at org.apache.ratis.thirdparty.io.grpc.stub.ClientCalls.blockingUnaryCall(ClientCalls.java:139)
	at org.apache.ratis.proto.grpc.RaftServerProtocolServiceGrpc$RaftServerProtocolServiceBlockingStub.requestVote(RaftServerProtocolServiceGrpc.java:265)
	at org.apache.ratis.grpc.server.GrpcServerProtocolClient.requestVote(GrpcServerProtocolClient.java:99)
	at org.apache.ratis.grpc.server.GrpcService.requestVote(GrpcService.java:204)
	at org.apache.ratis.server.impl.LeaderElection.lambda$submitRequests$1(LeaderElection.java:234)
	at java.util.concurrent.FutureTask.run(FutureTask.java:266)
	at java.util.concurrent.Executors$RunnableAdapter.call(Executors.java:511)
	at java.util.concurrent.FutureTask.run(FutureTask.java:266)
	at java.util.concurrent.ThreadPoolExecutor.runWorker(ThreadPoolExecutor.java:1149)
	at java.util.concurrent.ThreadPoolExecutor$Worker.run(ThreadPoolExecutor.java:624)
	... 1 more
Caused by: org.apache.ratis.thirdparty.io.netty.channel.AbstractChannel$AnnotatedConnectException: Connection refused: /192.168.164.217:37880
	at sun.nio.ch.SocketChannelImpl.checkConnect(Native Method)
	at sun.nio.ch.SocketChannelImpl.finishConnect(SocketChannelImpl.java:717)
	at org.apache.ratis.thirdparty.io.netty.channel.socket.nio.NioSocketChannel.doFinishConnect(NioSocketChannel.java:327)
	at org.apache.ratis.thirdparty.io.netty.channel.nio.AbstractNioChannel$AbstractNioUnsafe.finishConnect(AbstractNioChannel.java:340)
	at org.apache.ratis.thirdparty.io.netty.channel.nio.NioEventLoop.processSelectedKey(NioEventLoop.java:632)
	at org.apache.ratis.thirdparty.io.netty.channel.nio.NioEventLoop.processSelectedKeysOptimized(NioEventLoop.java:579)
	at org.apache.ratis.thirdparty.io.netty.channel.nio.NioEventLoop.processSelectedKeys(NioEventLoop.java:496)
	at org.apache.ratis.thirdparty.io.netty.channel.nio.NioEventLoop.run(NioEventLoop.java:458)
	at org.apache.ratis.thirdparty.io.netty.util.concurrent.SingleThreadEventExecutor$5.run(SingleThreadEventExecutor.java:897)
	at org.apache.ratis.thirdparty.io.netty.util.concurrent.FastThreadLocalRunnable.run(FastThreadLocalRunnable.java:30)
	... 1 more
Caused by: java.net.ConnectException: Connection refused
	... 11 more
2019-11-05 08:34:40,653 [grpc-default-executor-17] INFO  impl.RaftServerImpl (RaftServerImpl.java:setRole(184)) - d92c9463-8e05-4a70-8cc7-1d31ae7ac64a@group-515877FFDAAC: changes role from  FOLLOWER to FOLLOWER at term 143 for recognizeCandidate:05ace5f9-a5b7-4bc6-b4fa-26d4e24ae00c
2019-11-05 08:34:40,653 [grpc-default-executor-17] INFO  impl.RoleInfo (RoleInfo.java:shutdownFollowerState(121)) - d92c9463-8e05-4a70-8cc7-1d31ae7ac64a: shutdown FollowerState
2019-11-05 08:34:40,653 [grpc-default-executor-17] INFO  impl.RoleInfo (RoleInfo.java:updateAndGet(143)) - d92c9463-8e05-4a70-8cc7-1d31ae7ac64a: start FollowerState
2019-11-05 08:34:40,654 [Thread-4533] INFO  impl.FollowerState (FollowerState.java:run(117)) - d92c9463-8e05-4a70-8cc7-1d31ae7ac64a@group-515877FFDAAC-FollowerState was interrupted: java.lang.InterruptedException: sleep interrupted
2019-11-05 08:34:40,667 [05ace5f9-a5b7-4bc6-b4fa-26d4e24ae00c@group-515877FFDAAC-LeaderElection556] INFO  impl.LeaderElection (LeaderElection.java:logAndReturn(56)) - 05ace5f9-a5b7-4bc6-b4fa-26d4e24ae00c@group-515877FFDAAC-LeaderElection556: Election REJECTED; received 1 response(s) [05ace5f9-a5b7-4bc6-b4fa-26d4e24ae00c<-d92c9463-8e05-4a70-8cc7-1d31ae7ac64a#0:FAIL-t143] and 1 exception(s); 05ace5f9-a5b7-4bc6-b4fa-26d4e24ae00c@group-515877FFDAAC:t143, leader=null, voted=05ace5f9-a5b7-4bc6-b4fa-26d4e24ae00c, raftlog=05ace5f9-a5b7-4bc6-b4fa-26d4e24ae00c@group-515877FFDAAC-SegmentedRaftLog:OPENED:c-1,f-1,i0, conf=-1: [05ace5f9-a5b7-4bc6-b4fa-26d4e24ae00c:192.168.164.217:42356, d92c9463-8e05-4a70-8cc7-1d31ae7ac64a:192.168.164.217:37180, d7b60609-c805-4df6-8140-a27c681dae80:192.168.164.217:37880], old=null
2019-11-05 08:34:40,667 [05ace5f9-a5b7-4bc6-b4fa-26d4e24ae00c@group-515877FFDAAC-LeaderElection556] INFO  impl.LeaderElection (LogUtils.java:infoOrTrace(149)) -   Exception 0: {}
java.util.concurrent.ExecutionException: org.apache.ratis.thirdparty.io.grpc.StatusRuntimeException: UNAVAILABLE: io exception
	at java.util.concurrent.FutureTask.report(FutureTask.java:122)
	at java.util.concurrent.FutureTask.get(FutureTask.java:192)
	at org.apache.ratis.server.impl.LeaderElection.waitForResults(LeaderElection.java:259)
	at org.apache.ratis.server.impl.LeaderElection.askForVotes(LeaderElection.java:197)
	at org.apache.ratis.server.impl.LeaderElection.run(LeaderElection.java:133)
	at java.lang.Thread.run(Thread.java:748)
Caused by: org.apache.ratis.thirdparty.io.grpc.StatusRuntimeException: UNAVAILABLE: io exception
	at org.apache.ratis.thirdparty.io.grpc.stub.ClientCalls.toStatusRuntimeException(ClientCalls.java:233)
	at org.apache.ratis.thirdparty.io.grpc.stub.ClientCalls.getUnchecked(ClientCalls.java:214)
	at org.apache.ratis.thirdparty.io.grpc.stub.ClientCalls.blockingUnaryCall(ClientCalls.java:139)
	at org.apache.ratis.proto.grpc.RaftServerProtocolServiceGrpc$RaftServerProtocolServiceBlockingStub.requestVote(RaftServerProtocolServiceGrpc.java:265)
	at org.apache.ratis.grpc.server.GrpcServerProtocolClient.requestVote(GrpcServerProtocolClient.java:99)
	at org.apache.ratis.grpc.server.GrpcService.requestVote(GrpcService.java:204)
	at org.apache.ratis.server.impl.LeaderElection.lambda$submitRequests$1(LeaderElection.java:234)
	at java.util.concurrent.FutureTask.run(FutureTask.java:266)
	at java.util.concurrent.Executors$RunnableAdapter.call(Executors.java:511)
	at java.util.concurrent.FutureTask.run(FutureTask.java:266)
	at java.util.concurrent.ThreadPoolExecutor.runWorker(ThreadPoolExecutor.java:1149)
	at java.util.concurrent.ThreadPoolExecutor$Worker.run(ThreadPoolExecutor.java:624)
	... 1 more
Caused by: org.apache.ratis.thirdparty.io.netty.channel.AbstractChannel$AnnotatedConnectException: Connection refused: /192.168.164.217:37880
	at sun.nio.ch.SocketChannelImpl.checkConnect(Native Method)
	at sun.nio.ch.SocketChannelImpl.finishConnect(SocketChannelImpl.java:717)
	at org.apache.ratis.thirdparty.io.netty.channel.socket.nio.NioSocketChannel.doFinishConnect(NioSocketChannel.java:327)
	at org.apache.ratis.thirdparty.io.netty.channel.nio.AbstractNioChannel$AbstractNioUnsafe.finishConnect(AbstractNioChannel.java:340)
	at org.apache.ratis.thirdparty.io.netty.channel.nio.NioEventLoop.processSelectedKey(NioEventLoop.java:632)
	at org.apache.ratis.thirdparty.io.netty.channel.nio.NioEventLoop.processSelectedKeysOptimized(NioEventLoop.java:579)
	at org.apache.ratis.thirdparty.io.netty.channel.nio.NioEventLoop.processSelectedKeys(NioEventLoop.java:496)
	at org.apache.ratis.thirdparty.io.netty.channel.nio.NioEventLoop.run(NioEventLoop.java:458)
	at org.apache.ratis.thirdparty.io.netty.util.concurrent.SingleThreadEventExecutor$5.run(SingleThreadEventExecutor.java:897)
	at org.apache.ratis.thirdparty.io.netty.util.concurrent.FastThreadLocalRunnable.run(FastThreadLocalRunnable.java:30)
	... 1 more
Caused by: java.net.ConnectException: Connection refused
	... 11 more
2019-11-05 08:34:40,668 [05ace5f9-a5b7-4bc6-b4fa-26d4e24ae00c@group-515877FFDAAC-LeaderElection556] INFO  impl.RaftServerImpl (RaftServerImpl.java:setRole(184)) - 05ace5f9-a5b7-4bc6-b4fa-26d4e24ae00c@group-515877FFDAAC: changes role from CANDIDATE to FOLLOWER at term 143 for DISCOVERED_A_NEW_TERM
2019-11-05 08:34:40,668 [05ace5f9-a5b7-4bc6-b4fa-26d4e24ae00c@group-515877FFDAAC-LeaderElection556] INFO  impl.RoleInfo (RoleInfo.java:shutdownLeaderElection(134)) - 05ace5f9-a5b7-4bc6-b4fa-26d4e24ae00c: shutdown LeaderElection
2019-11-05 08:34:40,668 [05ace5f9-a5b7-4bc6-b4fa-26d4e24ae00c@group-515877FFDAAC-LeaderElection556] INFO  impl.RoleInfo (RoleInfo.java:updateAndGet(143)) - 05ace5f9-a5b7-4bc6-b4fa-26d4e24ae00c: start FollowerState
2019-11-05 08:34:40,815 [Thread-4539] INFO  impl.FollowerState (FollowerState.java:run(108)) - 05ace5f9-a5b7-4bc6-b4fa-26d4e24ae00c@group-515877FFDAAC-FollowerState: change to CANDIDATE, lastRpcTime:147ms, electionTimeout:147ms
2019-11-05 08:34:40,815 [Thread-4539] INFO  impl.RoleInfo (RoleInfo.java:shutdownFollowerState(121)) - 05ace5f9-a5b7-4bc6-b4fa-26d4e24ae00c: shutdown FollowerState
2019-11-05 08:34:40,815 [Thread-4539] INFO  impl.RaftServerImpl (RaftServerImpl.java:setRole(184)) - 05ace5f9-a5b7-4bc6-b4fa-26d4e24ae00c@group-515877FFDAAC: changes role from  FOLLOWER to CANDIDATE at term 143 for changeToCandidate
2019-11-05 08:34:40,816 [Thread-4539] INFO  impl.RoleInfo (RoleInfo.java:updateAndGet(143)) - 05ace5f9-a5b7-4bc6-b4fa-26d4e24ae00c: start LeaderElection
2019-11-05 08:34:40,847 [05ace5f9-a5b7-4bc6-b4fa-26d4e24ae00c@group-515877FFDAAC-LeaderElection557] INFO  impl.LeaderElection (LeaderElection.java:askForVotes(178)) - 05ace5f9-a5b7-4bc6-b4fa-26d4e24ae00c@group-515877FFDAAC-LeaderElection557: begin an election at term 144 for -1: [05ace5f9-a5b7-4bc6-b4fa-26d4e24ae00c:192.168.164.217:42356, d92c9463-8e05-4a70-8cc7-1d31ae7ac64a:192.168.164.217:37180, d7b60609-c805-4df6-8140-a27c681dae80:192.168.164.217:37880], old=null
2019-11-05 08:34:40,848 [05ace5f9-a5b7-4bc6-b4fa-26d4e24ae00c@group-515877FFDAAC-LeaderElection557] INFO  impl.LeaderElection (LogUtils.java:infoOrTrace(149)) - 05ace5f9-a5b7-4bc6-b4fa-26d4e24ae00c@group-515877FFDAAC-LeaderElection557 got exception when requesting votes: {}
java.util.concurrent.ExecutionException: org.apache.ratis.thirdparty.io.grpc.StatusRuntimeException: UNAVAILABLE: io exception
	at java.util.concurrent.FutureTask.report(FutureTask.java:122)
	at java.util.concurrent.FutureTask.get(FutureTask.java:192)
	at org.apache.ratis.server.impl.LeaderElection.waitForResults(LeaderElection.java:259)
	at org.apache.ratis.server.impl.LeaderElection.askForVotes(LeaderElection.java:197)
	at org.apache.ratis.server.impl.LeaderElection.run(LeaderElection.java:133)
	at java.lang.Thread.run(Thread.java:748)
Caused by: org.apache.ratis.thirdparty.io.grpc.StatusRuntimeException: UNAVAILABLE: io exception
	at org.apache.ratis.thirdparty.io.grpc.stub.ClientCalls.toStatusRuntimeException(ClientCalls.java:233)
	at org.apache.ratis.thirdparty.io.grpc.stub.ClientCalls.getUnchecked(ClientCalls.java:214)
	at org.apache.ratis.thirdparty.io.grpc.stub.ClientCalls.blockingUnaryCall(ClientCalls.java:139)
	at org.apache.ratis.proto.grpc.RaftServerProtocolServiceGrpc$RaftServerProtocolServiceBlockingStub.requestVote(RaftServerProtocolServiceGrpc.java:265)
	at org.apache.ratis.grpc.server.GrpcServerProtocolClient.requestVote(GrpcServerProtocolClient.java:99)
	at org.apache.ratis.grpc.server.GrpcService.requestVote(GrpcService.java:204)
	at org.apache.ratis.server.impl.LeaderElection.lambda$submitRequests$1(LeaderElection.java:234)
	at java.util.concurrent.FutureTask.run(FutureTask.java:266)
	at java.util.concurrent.Executors$RunnableAdapter.call(Executors.java:511)
	at java.util.concurrent.FutureTask.run(FutureTask.java:266)
	at java.util.concurrent.ThreadPoolExecutor.runWorker(ThreadPoolExecutor.java:1149)
	at java.util.concurrent.ThreadPoolExecutor$Worker.run(ThreadPoolExecutor.java:624)
	... 1 more
Caused by: org.apache.ratis.thirdparty.io.netty.channel.AbstractChannel$AnnotatedConnectException: Connection refused: /192.168.164.217:37880
	at sun.nio.ch.SocketChannelImpl.checkConnect(Native Method)
	at sun.nio.ch.SocketChannelImpl.finishConnect(SocketChannelImpl.java:717)
	at org.apache.ratis.thirdparty.io.netty.channel.socket.nio.NioSocketChannel.doFinishConnect(NioSocketChannel.java:327)
	at org.apache.ratis.thirdparty.io.netty.channel.nio.AbstractNioChannel$AbstractNioUnsafe.finishConnect(AbstractNioChannel.java:340)
	at org.apache.ratis.thirdparty.io.netty.channel.nio.NioEventLoop.processSelectedKey(NioEventLoop.java:632)
	at org.apache.ratis.thirdparty.io.netty.channel.nio.NioEventLoop.processSelectedKeysOptimized(NioEventLoop.java:579)
	at org.apache.ratis.thirdparty.io.netty.channel.nio.NioEventLoop.processSelectedKeys(NioEventLoop.java:496)
	at org.apache.ratis.thirdparty.io.netty.channel.nio.NioEventLoop.run(NioEventLoop.java:458)
	at org.apache.ratis.thirdparty.io.netty.util.concurrent.SingleThreadEventExecutor$5.run(SingleThreadEventExecutor.java:897)
	at org.apache.ratis.thirdparty.io.netty.util.concurrent.FastThreadLocalRunnable.run(FastThreadLocalRunnable.java:30)
	... 1 more
Caused by: java.net.ConnectException: Connection refused
	... 11 more
2019-11-05 08:34:40,849 [grpc-default-executor-17] INFO  impl.RaftServerImpl (RaftServerImpl.java:setRole(184)) - d92c9463-8e05-4a70-8cc7-1d31ae7ac64a@group-515877FFDAAC: changes role from  FOLLOWER to FOLLOWER at term 144 for recognizeCandidate:05ace5f9-a5b7-4bc6-b4fa-26d4e24ae00c
2019-11-05 08:34:40,849 [grpc-default-executor-17] INFO  impl.RoleInfo (RoleInfo.java:shutdownFollowerState(121)) - d92c9463-8e05-4a70-8cc7-1d31ae7ac64a: shutdown FollowerState
2019-11-05 08:34:40,849 [grpc-default-executor-17] INFO  impl.RoleInfo (RoleInfo.java:updateAndGet(143)) - d92c9463-8e05-4a70-8cc7-1d31ae7ac64a: start FollowerState
2019-11-05 08:34:40,849 [Thread-4538] INFO  impl.FollowerState (FollowerState.java:run(117)) - d92c9463-8e05-4a70-8cc7-1d31ae7ac64a@group-515877FFDAAC-FollowerState was interrupted: java.lang.InterruptedException: sleep interrupted
2019-11-05 08:34:40,863 [05ace5f9-a5b7-4bc6-b4fa-26d4e24ae00c@group-515877FFDAAC-LeaderElection557] INFO  impl.LeaderElection (LeaderElection.java:logAndReturn(56)) - 05ace5f9-a5b7-4bc6-b4fa-26d4e24ae00c@group-515877FFDAAC-LeaderElection557: Election REJECTED; received 1 response(s) [05ace5f9-a5b7-4bc6-b4fa-26d4e24ae00c<-d92c9463-8e05-4a70-8cc7-1d31ae7ac64a#0:FAIL-t144] and 1 exception(s); 05ace5f9-a5b7-4bc6-b4fa-26d4e24ae00c@group-515877FFDAAC:t144, leader=null, voted=05ace5f9-a5b7-4bc6-b4fa-26d4e24ae00c, raftlog=05ace5f9-a5b7-4bc6-b4fa-26d4e24ae00c@group-515877FFDAAC-SegmentedRaftLog:OPENED:c-1,f-1,i0, conf=-1: [05ace5f9-a5b7-4bc6-b4fa-26d4e24ae00c:192.168.164.217:42356, d92c9463-8e05-4a70-8cc7-1d31ae7ac64a:192.168.164.217:37180, d7b60609-c805-4df6-8140-a27c681dae80:192.168.164.217:37880], old=null
2019-11-05 08:34:40,863 [05ace5f9-a5b7-4bc6-b4fa-26d4e24ae00c@group-515877FFDAAC-LeaderElection557] INFO  impl.LeaderElection (LogUtils.java:infoOrTrace(149)) -   Exception 0: {}
java.util.concurrent.ExecutionException: org.apache.ratis.thirdparty.io.grpc.StatusRuntimeException: UNAVAILABLE: io exception
	at java.util.concurrent.FutureTask.report(FutureTask.java:122)
	at java.util.concurrent.FutureTask.get(FutureTask.java:192)
	at org.apache.ratis.server.impl.LeaderElection.waitForResults(LeaderElection.java:259)
	at org.apache.ratis.server.impl.LeaderElection.askForVotes(LeaderElection.java:197)
	at org.apache.ratis.server.impl.LeaderElection.run(LeaderElection.java:133)
	at java.lang.Thread.run(Thread.java:748)
Caused by: org.apache.ratis.thirdparty.io.grpc.StatusRuntimeException: UNAVAILABLE: io exception
	at org.apache.ratis.thirdparty.io.grpc.stub.ClientCalls.toStatusRuntimeException(ClientCalls.java:233)
	at org.apache.ratis.thirdparty.io.grpc.stub.ClientCalls.getUnchecked(ClientCalls.java:214)
	at org.apache.ratis.thirdparty.io.grpc.stub.ClientCalls.blockingUnaryCall(ClientCalls.java:139)
	at org.apache.ratis.proto.grpc.RaftServerProtocolServiceGrpc$RaftServerProtocolServiceBlockingStub.requestVote(RaftServerProtocolServiceGrpc.java:265)
	at org.apache.ratis.grpc.server.GrpcServerProtocolClient.requestVote(GrpcServerProtocolClient.java:99)
	at org.apache.ratis.grpc.server.GrpcService.requestVote(GrpcService.java:204)
	at org.apache.ratis.server.impl.LeaderElection.lambda$submitRequests$1(LeaderElection.java:234)
	at java.util.concurrent.FutureTask.run(FutureTask.java:266)
	at java.util.concurrent.Executors$RunnableAdapter.call(Executors.java:511)
	at java.util.concurrent.FutureTask.run(FutureTask.java:266)
	at java.util.concurrent.ThreadPoolExecutor.runWorker(ThreadPoolExecutor.java:1149)
	at java.util.concurrent.ThreadPoolExecutor$Worker.run(ThreadPoolExecutor.java:624)
	... 1 more
Caused by: org.apache.ratis.thirdparty.io.netty.channel.AbstractChannel$AnnotatedConnectException: Connection refused: /192.168.164.217:37880
	at sun.nio.ch.SocketChannelImpl.checkConnect(Native Method)
	at sun.nio.ch.SocketChannelImpl.finishConnect(SocketChannelImpl.java:717)
	at org.apache.ratis.thirdparty.io.netty.channel.socket.nio.NioSocketChannel.doFinishConnect(NioSocketChannel.java:327)
	at org.apache.ratis.thirdparty.io.netty.channel.nio.AbstractNioChannel$AbstractNioUnsafe.finishConnect(AbstractNioChannel.java:340)
	at org.apache.ratis.thirdparty.io.netty.channel.nio.NioEventLoop.processSelectedKey(NioEventLoop.java:632)
	at org.apache.ratis.thirdparty.io.netty.channel.nio.NioEventLoop.processSelectedKeysOptimized(NioEventLoop.java:579)
	at org.apache.ratis.thirdparty.io.netty.channel.nio.NioEventLoop.processSelectedKeys(NioEventLoop.java:496)
	at org.apache.ratis.thirdparty.io.netty.channel.nio.NioEventLoop.run(NioEventLoop.java:458)
	at org.apache.ratis.thirdparty.io.netty.util.concurrent.SingleThreadEventExecutor$5.run(SingleThreadEventExecutor.java:897)
	at org.apache.ratis.thirdparty.io.netty.util.concurrent.FastThreadLocalRunnable.run(FastThreadLocalRunnable.java:30)
	... 1 more
Caused by: java.net.ConnectException: Connection refused
	... 11 more
2019-11-05 08:34:40,864 [05ace5f9-a5b7-4bc6-b4fa-26d4e24ae00c@group-515877FFDAAC-LeaderElection557] INFO  impl.RaftServerImpl (RaftServerImpl.java:setRole(184)) - 05ace5f9-a5b7-4bc6-b4fa-26d4e24ae00c@group-515877FFDAAC: changes role from CANDIDATE to FOLLOWER at term 144 for DISCOVERED_A_NEW_TERM
2019-11-05 08:34:40,864 [05ace5f9-a5b7-4bc6-b4fa-26d4e24ae00c@group-515877FFDAAC-LeaderElection557] INFO  impl.RoleInfo (RoleInfo.java:shutdownLeaderElection(134)) - 05ace5f9-a5b7-4bc6-b4fa-26d4e24ae00c: shutdown LeaderElection
2019-11-05 08:34:40,864 [05ace5f9-a5b7-4bc6-b4fa-26d4e24ae00c@group-515877FFDAAC-LeaderElection557] INFO  impl.RoleInfo (RoleInfo.java:updateAndGet(143)) - 05ace5f9-a5b7-4bc6-b4fa-26d4e24ae00c: start FollowerState
2019-11-05 08:34:41,058 [Thread-4546] INFO  impl.FollowerState (FollowerState.java:run(108)) - 05ace5f9-a5b7-4bc6-b4fa-26d4e24ae00c@group-515877FFDAAC-FollowerState: change to CANDIDATE, lastRpcTime:194ms, electionTimeout:194ms
2019-11-05 08:34:41,059 [Thread-4546] INFO  impl.RoleInfo (RoleInfo.java:shutdownFollowerState(121)) - 05ace5f9-a5b7-4bc6-b4fa-26d4e24ae00c: shutdown FollowerState
2019-11-05 08:34:41,059 [Thread-4546] INFO  impl.RaftServerImpl (RaftServerImpl.java:setRole(184)) - 05ace5f9-a5b7-4bc6-b4fa-26d4e24ae00c@group-515877FFDAAC: changes role from  FOLLOWER to CANDIDATE at term 144 for changeToCandidate
2019-11-05 08:34:41,059 [Thread-4546] INFO  impl.RoleInfo (RoleInfo.java:updateAndGet(143)) - 05ace5f9-a5b7-4bc6-b4fa-26d4e24ae00c: start LeaderElection
2019-11-05 08:34:41,072 [05ace5f9-a5b7-4bc6-b4fa-26d4e24ae00c@group-515877FFDAAC-LeaderElection558] INFO  impl.LeaderElection (LeaderElection.java:askForVotes(178)) - 05ace5f9-a5b7-4bc6-b4fa-26d4e24ae00c@group-515877FFDAAC-LeaderElection558: begin an election at term 145 for -1: [05ace5f9-a5b7-4bc6-b4fa-26d4e24ae00c:192.168.164.217:42356, d92c9463-8e05-4a70-8cc7-1d31ae7ac64a:192.168.164.217:37180, d7b60609-c805-4df6-8140-a27c681dae80:192.168.164.217:37880], old=null
2019-11-05 08:34:41,073 [05ace5f9-a5b7-4bc6-b4fa-26d4e24ae00c@group-515877FFDAAC-LeaderElection558] INFO  impl.LeaderElection (LogUtils.java:infoOrTrace(149)) - 05ace5f9-a5b7-4bc6-b4fa-26d4e24ae00c@group-515877FFDAAC-LeaderElection558 got exception when requesting votes: {}
java.util.concurrent.ExecutionException: org.apache.ratis.thirdparty.io.grpc.StatusRuntimeException: UNAVAILABLE: io exception
	at java.util.concurrent.FutureTask.report(FutureTask.java:122)
	at java.util.concurrent.FutureTask.get(FutureTask.java:192)
	at org.apache.ratis.server.impl.LeaderElection.waitForResults(LeaderElection.java:259)
	at org.apache.ratis.server.impl.LeaderElection.askForVotes(LeaderElection.java:197)
	at org.apache.ratis.server.impl.LeaderElection.run(LeaderElection.java:133)
	at java.lang.Thread.run(Thread.java:748)
Caused by: org.apache.ratis.thirdparty.io.grpc.StatusRuntimeException: UNAVAILABLE: io exception
	at org.apache.ratis.thirdparty.io.grpc.stub.ClientCalls.toStatusRuntimeException(ClientCalls.java:233)
	at org.apache.ratis.thirdparty.io.grpc.stub.ClientCalls.getUnchecked(ClientCalls.java:214)
	at org.apache.ratis.thirdparty.io.grpc.stub.ClientCalls.blockingUnaryCall(ClientCalls.java:139)
	at org.apache.ratis.proto.grpc.RaftServerProtocolServiceGrpc$RaftServerProtocolServiceBlockingStub.requestVote(RaftServerProtocolServiceGrpc.java:265)
	at org.apache.ratis.grpc.server.GrpcServerProtocolClient.requestVote(GrpcServerProtocolClient.java:99)
	at org.apache.ratis.grpc.server.GrpcService.requestVote(GrpcService.java:204)
	at org.apache.ratis.server.impl.LeaderElection.lambda$submitRequests$1(LeaderElection.java:234)
	at java.util.concurrent.FutureTask.run(FutureTask.java:266)
	at java.util.concurrent.Executors$RunnableAdapter.call(Executors.java:511)
	at java.util.concurrent.FutureTask.run(FutureTask.java:266)
	at java.util.concurrent.ThreadPoolExecutor.runWorker(ThreadPoolExecutor.java:1149)
	at java.util.concurrent.ThreadPoolExecutor$Worker.run(ThreadPoolExecutor.java:624)
	... 1 more
Caused by: org.apache.ratis.thirdparty.io.netty.channel.AbstractChannel$AnnotatedConnectException: Connection refused: /192.168.164.217:37880
	at sun.nio.ch.SocketChannelImpl.checkConnect(Native Method)
	at sun.nio.ch.SocketChannelImpl.finishConnect(SocketChannelImpl.java:717)
	at org.apache.ratis.thirdparty.io.netty.channel.socket.nio.NioSocketChannel.doFinishConnect(NioSocketChannel.java:327)
	at org.apache.ratis.thirdparty.io.netty.channel.nio.AbstractNioChannel$AbstractNioUnsafe.finishConnect(AbstractNioChannel.java:340)
	at org.apache.ratis.thirdparty.io.netty.channel.nio.NioEventLoop.processSelectedKey(NioEventLoop.java:632)
	at org.apache.ratis.thirdparty.io.netty.channel.nio.NioEventLoop.processSelectedKeysOptimized(NioEventLoop.java:579)
	at org.apache.ratis.thirdparty.io.netty.channel.nio.NioEventLoop.processSelectedKeys(NioEventLoop.java:496)
	at org.apache.ratis.thirdparty.io.netty.channel.nio.NioEventLoop.run(NioEventLoop.java:458)
	at org.apache.ratis.thirdparty.io.netty.util.concurrent.SingleThreadEventExecutor$5.run(SingleThreadEventExecutor.java:897)
	at org.apache.ratis.thirdparty.io.netty.util.concurrent.FastThreadLocalRunnable.run(FastThreadLocalRunnable.java:30)
	... 1 more
Caused by: java.net.ConnectException: Connection refused
	... 11 more
2019-11-05 08:34:41,074 [grpc-default-executor-17] INFO  impl.RaftServerImpl (RaftServerImpl.java:setRole(184)) - d92c9463-8e05-4a70-8cc7-1d31ae7ac64a@group-515877FFDAAC: changes role from  FOLLOWER to FOLLOWER at term 145 for recognizeCandidate:05ace5f9-a5b7-4bc6-b4fa-26d4e24ae00c
2019-11-05 08:34:41,074 [grpc-default-executor-17] INFO  impl.RoleInfo (RoleInfo.java:shutdownFollowerState(121)) - d92c9463-8e05-4a70-8cc7-1d31ae7ac64a: shutdown FollowerState
2019-11-05 08:34:41,074 [grpc-default-executor-17] INFO  impl.RoleInfo (RoleInfo.java:updateAndGet(143)) - d92c9463-8e05-4a70-8cc7-1d31ae7ac64a: start FollowerState
2019-11-05 08:34:41,074 [Thread-4545] INFO  impl.FollowerState (FollowerState.java:run(117)) - d92c9463-8e05-4a70-8cc7-1d31ae7ac64a@group-515877FFDAAC-FollowerState was interrupted: java.lang.InterruptedException: sleep interrupted
2019-11-05 08:34:41,092 [05ace5f9-a5b7-4bc6-b4fa-26d4e24ae00c@group-515877FFDAAC-LeaderElection558] INFO  impl.LeaderElection (LeaderElection.java:logAndReturn(56)) - 05ace5f9-a5b7-4bc6-b4fa-26d4e24ae00c@group-515877FFDAAC-LeaderElection558: Election REJECTED; received 1 response(s) [05ace5f9-a5b7-4bc6-b4fa-26d4e24ae00c<-d92c9463-8e05-4a70-8cc7-1d31ae7ac64a#0:FAIL-t145] and 1 exception(s); 05ace5f9-a5b7-4bc6-b4fa-26d4e24ae00c@group-515877FFDAAC:t145, leader=null, voted=05ace5f9-a5b7-4bc6-b4fa-26d4e24ae00c, raftlog=05ace5f9-a5b7-4bc6-b4fa-26d4e24ae00c@group-515877FFDAAC-SegmentedRaftLog:OPENED:c-1,f-1,i0, conf=-1: [05ace5f9-a5b7-4bc6-b4fa-26d4e24ae00c:192.168.164.217:42356, d92c9463-8e05-4a70-8cc7-1d31ae7ac64a:192.168.164.217:37180, d7b60609-c805-4df6-8140-a27c681dae80:192.168.164.217:37880], old=null
2019-11-05 08:34:41,092 [05ace5f9-a5b7-4bc6-b4fa-26d4e24ae00c@group-515877FFDAAC-LeaderElection558] INFO  impl.LeaderElection (LogUtils.java:infoOrTrace(149)) -   Exception 0: {}
java.util.concurrent.ExecutionException: org.apache.ratis.thirdparty.io.grpc.StatusRuntimeException: UNAVAILABLE: io exception
	at java.util.concurrent.FutureTask.report(FutureTask.java:122)
	at java.util.concurrent.FutureTask.get(FutureTask.java:192)
	at org.apache.ratis.server.impl.LeaderElection.waitForResults(LeaderElection.java:259)
	at org.apache.ratis.server.impl.LeaderElection.askForVotes(LeaderElection.java:197)
	at org.apache.ratis.server.impl.LeaderElection.run(LeaderElection.java:133)
	at java.lang.Thread.run(Thread.java:748)
Caused by: org.apache.ratis.thirdparty.io.grpc.StatusRuntimeException: UNAVAILABLE: io exception
	at org.apache.ratis.thirdparty.io.grpc.stub.ClientCalls.toStatusRuntimeException(ClientCalls.java:233)
	at org.apache.ratis.thirdparty.io.grpc.stub.ClientCalls.getUnchecked(ClientCalls.java:214)
	at org.apache.ratis.thirdparty.io.grpc.stub.ClientCalls.blockingUnaryCall(ClientCalls.java:139)
	at org.apache.ratis.proto.grpc.RaftServerProtocolServiceGrpc$RaftServerProtocolServiceBlockingStub.requestVote(RaftServerProtocolServiceGrpc.java:265)
	at org.apache.ratis.grpc.server.GrpcServerProtocolClient.requestVote(GrpcServerProtocolClient.java:99)
	at org.apache.ratis.grpc.server.GrpcService.requestVote(GrpcService.java:204)
	at org.apache.ratis.server.impl.LeaderElection.lambda$submitRequests$1(LeaderElection.java:234)
	at java.util.concurrent.FutureTask.run(FutureTask.java:266)
	at java.util.concurrent.Executors$RunnableAdapter.call(Executors.java:511)
	at java.util.concurrent.FutureTask.run(FutureTask.java:266)
	at java.util.concurrent.ThreadPoolExecutor.runWorker(ThreadPoolExecutor.java:1149)
	at java.util.concurrent.ThreadPoolExecutor$Worker.run(ThreadPoolExecutor.java:624)
	... 1 more
Caused by: org.apache.ratis.thirdparty.io.netty.channel.AbstractChannel$AnnotatedConnectException: Connection refused: /192.168.164.217:37880
	at sun.nio.ch.SocketChannelImpl.checkConnect(Native Method)
	at sun.nio.ch.SocketChannelImpl.finishConnect(SocketChannelImpl.java:717)
	at org.apache.ratis.thirdparty.io.netty.channel.socket.nio.NioSocketChannel.doFinishConnect(NioSocketChannel.java:327)
	at org.apache.ratis.thirdparty.io.netty.channel.nio.AbstractNioChannel$AbstractNioUnsafe.finishConnect(AbstractNioChannel.java:340)
	at org.apache.ratis.thirdparty.io.netty.channel.nio.NioEventLoop.processSelectedKey(NioEventLoop.java:632)
	at org.apache.ratis.thirdparty.io.netty.channel.nio.NioEventLoop.processSelectedKeysOptimized(NioEventLoop.java:579)
	at org.apache.ratis.thirdparty.io.netty.channel.nio.NioEventLoop.processSelectedKeys(NioEventLoop.java:496)
	at org.apache.ratis.thirdparty.io.netty.channel.nio.NioEventLoop.run(NioEventLoop.java:458)
	at org.apache.ratis.thirdparty.io.netty.util.concurrent.SingleThreadEventExecutor$5.run(SingleThreadEventExecutor.java:897)
	at org.apache.ratis.thirdparty.io.netty.util.concurrent.FastThreadLocalRunnable.run(FastThreadLocalRunnable.java:30)
	... 1 more
Caused by: java.net.ConnectException: Connection refused
	... 11 more
2019-11-05 08:34:41,092 [05ace5f9-a5b7-4bc6-b4fa-26d4e24ae00c@group-515877FFDAAC-LeaderElection558] INFO  impl.RaftServerImpl (RaftServerImpl.java:setRole(184)) - 05ace5f9-a5b7-4bc6-b4fa-26d4e24ae00c@group-515877FFDAAC: changes role from CANDIDATE to FOLLOWER at term 145 for DISCOVERED_A_NEW_TERM
2019-11-05 08:34:41,093 [05ace5f9-a5b7-4bc6-b4fa-26d4e24ae00c@group-515877FFDAAC-LeaderElection558] INFO  impl.RoleInfo (RoleInfo.java:shutdownLeaderElection(134)) - 05ace5f9-a5b7-4bc6-b4fa-26d4e24ae00c: shutdown LeaderElection
2019-11-05 08:34:41,093 [05ace5f9-a5b7-4bc6-b4fa-26d4e24ae00c@group-515877FFDAAC-LeaderElection558] INFO  impl.RoleInfo (RoleInfo.java:updateAndGet(143)) - 05ace5f9-a5b7-4bc6-b4fa-26d4e24ae00c: start FollowerState
2019-11-05 08:34:41,095 [Thread-4552] INFO  impl.FollowerState (FollowerState.java:run(108)) - 05ace5f9-a5b7-4bc6-b4fa-26d4e24ae00c@group-515877FFDAAC-FollowerState: change to CANDIDATE, lastRpcTime:2ms, electionTimeout:2ms
2019-11-05 08:34:41,095 [Thread-4552] INFO  impl.RoleInfo (RoleInfo.java:shutdownFollowerState(121)) - 05ace5f9-a5b7-4bc6-b4fa-26d4e24ae00c: shutdown FollowerState
2019-11-05 08:34:41,095 [Thread-4552] INFO  impl.RaftServerImpl (RaftServerImpl.java:setRole(184)) - 05ace5f9-a5b7-4bc6-b4fa-26d4e24ae00c@group-515877FFDAAC: changes role from  FOLLOWER to CANDIDATE at term 145 for changeToCandidate
2019-11-05 08:34:41,095 [Thread-4552] INFO  impl.RoleInfo (RoleInfo.java:updateAndGet(143)) - 05ace5f9-a5b7-4bc6-b4fa-26d4e24ae00c: start LeaderElection
2019-11-05 08:34:41,101 [05ace5f9-a5b7-4bc6-b4fa-26d4e24ae00c@group-515877FFDAAC-LeaderElection559] INFO  impl.LeaderElection (LeaderElection.java:askForVotes(178)) - 05ace5f9-a5b7-4bc6-b4fa-26d4e24ae00c@group-515877FFDAAC-LeaderElection559: begin an election at term 146 for -1: [05ace5f9-a5b7-4bc6-b4fa-26d4e24ae00c:192.168.164.217:42356, d92c9463-8e05-4a70-8cc7-1d31ae7ac64a:192.168.164.217:37180, d7b60609-c805-4df6-8140-a27c681dae80:192.168.164.217:37880], old=null
2019-11-05 08:34:41,102 [05ace5f9-a5b7-4bc6-b4fa-26d4e24ae00c@group-515877FFDAAC-LeaderElection559] INFO  impl.LeaderElection (LogUtils.java:infoOrTrace(149)) - 05ace5f9-a5b7-4bc6-b4fa-26d4e24ae00c@group-515877FFDAAC-LeaderElection559 got exception when requesting votes: {}
java.util.concurrent.ExecutionException: org.apache.ratis.thirdparty.io.grpc.StatusRuntimeException: UNAVAILABLE: io exception
	at java.util.concurrent.FutureTask.report(FutureTask.java:122)
	at java.util.concurrent.FutureTask.get(FutureTask.java:192)
	at org.apache.ratis.server.impl.LeaderElection.waitForResults(LeaderElection.java:259)
	at org.apache.ratis.server.impl.LeaderElection.askForVotes(LeaderElection.java:197)
	at org.apache.ratis.server.impl.LeaderElection.run(LeaderElection.java:133)
	at java.lang.Thread.run(Thread.java:748)
Caused by: org.apache.ratis.thirdparty.io.grpc.StatusRuntimeException: UNAVAILABLE: io exception
	at org.apache.ratis.thirdparty.io.grpc.stub.ClientCalls.toStatusRuntimeException(ClientCalls.java:233)
	at org.apache.ratis.thirdparty.io.grpc.stub.ClientCalls.getUnchecked(ClientCalls.java:214)
	at org.apache.ratis.thirdparty.io.grpc.stub.ClientCalls.blockingUnaryCall(ClientCalls.java:139)
	at org.apache.ratis.proto.grpc.RaftServerProtocolServiceGrpc$RaftServerProtocolServiceBlockingStub.requestVote(RaftServerProtocolServiceGrpc.java:265)
	at org.apache.ratis.grpc.server.GrpcServerProtocolClient.requestVote(GrpcServerProtocolClient.java:99)
	at org.apache.ratis.grpc.server.GrpcService.requestVote(GrpcService.java:204)
	at org.apache.ratis.server.impl.LeaderElection.lambda$submitRequests$1(LeaderElection.java:234)
	at java.util.concurrent.FutureTask.run(FutureTask.java:266)
	at java.util.concurrent.Executors$RunnableAdapter.call(Executors.java:511)
	at java.util.concurrent.FutureTask.run(FutureTask.java:266)
	at java.util.concurrent.ThreadPoolExecutor.runWorker(ThreadPoolExecutor.java:1149)
	at java.util.concurrent.ThreadPoolExecutor$Worker.run(ThreadPoolExecutor.java:624)
	... 1 more
Caused by: org.apache.ratis.thirdparty.io.netty.channel.AbstractChannel$AnnotatedConnectException: Connection refused: /192.168.164.217:37880
	at sun.nio.ch.SocketChannelImpl.checkConnect(Native Method)
	at sun.nio.ch.SocketChannelImpl.finishConnect(SocketChannelImpl.java:717)
	at org.apache.ratis.thirdparty.io.netty.channel.socket.nio.NioSocketChannel.doFinishConnect(NioSocketChannel.java:327)
	at org.apache.ratis.thirdparty.io.netty.channel.nio.AbstractNioChannel$AbstractNioUnsafe.finishConnect(AbstractNioChannel.java:340)
	at org.apache.ratis.thirdparty.io.netty.channel.nio.NioEventLoop.processSelectedKey(NioEventLoop.java:632)
	at org.apache.ratis.thirdparty.io.netty.channel.nio.NioEventLoop.processSelectedKeysOptimized(NioEventLoop.java:579)
	at org.apache.ratis.thirdparty.io.netty.channel.nio.NioEventLoop.processSelectedKeys(NioEventLoop.java:496)
	at org.apache.ratis.thirdparty.io.netty.channel.nio.NioEventLoop.run(NioEventLoop.java:458)
	at org.apache.ratis.thirdparty.io.netty.util.concurrent.SingleThreadEventExecutor$5.run(SingleThreadEventExecutor.java:897)
	at org.apache.ratis.thirdparty.io.netty.util.concurrent.FastThreadLocalRunnable.run(FastThreadLocalRunnable.java:30)
	... 1 more
Caused by: java.net.ConnectException: Connection refused
	... 11 more
2019-11-05 08:34:41,103 [grpc-default-executor-17] INFO  impl.RaftServerImpl (RaftServerImpl.java:setRole(184)) - d92c9463-8e05-4a70-8cc7-1d31ae7ac64a@group-515877FFDAAC: changes role from  FOLLOWER to FOLLOWER at term 146 for recognizeCandidate:05ace5f9-a5b7-4bc6-b4fa-26d4e24ae00c
2019-11-05 08:34:41,103 [grpc-default-executor-17] INFO  impl.RoleInfo (RoleInfo.java:shutdownFollowerState(121)) - d92c9463-8e05-4a70-8cc7-1d31ae7ac64a: shutdown FollowerState
2019-11-05 08:34:41,103 [grpc-default-executor-17] INFO  impl.RoleInfo (RoleInfo.java:updateAndGet(143)) - d92c9463-8e05-4a70-8cc7-1d31ae7ac64a: start FollowerState
2019-11-05 08:34:41,103 [Thread-4551] INFO  impl.FollowerState (FollowerState.java:run(117)) - d92c9463-8e05-4a70-8cc7-1d31ae7ac64a@group-515877FFDAAC-FollowerState was interrupted: java.lang.InterruptedException: sleep interrupted
2019-11-05 08:34:41,116 [05ace5f9-a5b7-4bc6-b4fa-26d4e24ae00c@group-515877FFDAAC-LeaderElection559] INFO  impl.LeaderElection (LeaderElection.java:logAndReturn(56)) - 05ace5f9-a5b7-4bc6-b4fa-26d4e24ae00c@group-515877FFDAAC-LeaderElection559: Election REJECTED; received 1 response(s) [05ace5f9-a5b7-4bc6-b4fa-26d4e24ae00c<-d92c9463-8e05-4a70-8cc7-1d31ae7ac64a#0:FAIL-t146] and 1 exception(s); 05ace5f9-a5b7-4bc6-b4fa-26d4e24ae00c@group-515877FFDAAC:t146, leader=null, voted=05ace5f9-a5b7-4bc6-b4fa-26d4e24ae00c, raftlog=05ace5f9-a5b7-4bc6-b4fa-26d4e24ae00c@group-515877FFDAAC-SegmentedRaftLog:OPENED:c-1,f-1,i0, conf=-1: [05ace5f9-a5b7-4bc6-b4fa-26d4e24ae00c:192.168.164.217:42356, d92c9463-8e05-4a70-8cc7-1d31ae7ac64a:192.168.164.217:37180, d7b60609-c805-4df6-8140-a27c681dae80:192.168.164.217:37880], old=null
2019-11-05 08:34:41,117 [05ace5f9-a5b7-4bc6-b4fa-26d4e24ae00c@group-515877FFDAAC-LeaderElection559] INFO  impl.LeaderElection (LogUtils.java:infoOrTrace(149)) -   Exception 0: {}
java.util.concurrent.ExecutionException: org.apache.ratis.thirdparty.io.grpc.StatusRuntimeException: UNAVAILABLE: io exception
	at java.util.concurrent.FutureTask.report(FutureTask.java:122)
	at java.util.concurrent.FutureTask.get(FutureTask.java:192)
	at org.apache.ratis.server.impl.LeaderElection.waitForResults(LeaderElection.java:259)
	at org.apache.ratis.server.impl.LeaderElection.askForVotes(LeaderElection.java:197)
	at org.apache.ratis.server.impl.LeaderElection.run(LeaderElection.java:133)
	at java.lang.Thread.run(Thread.java:748)
Caused by: org.apache.ratis.thirdparty.io.grpc.StatusRuntimeException: UNAVAILABLE: io exception
	at org.apache.ratis.thirdparty.io.grpc.stub.ClientCalls.toStatusRuntimeException(ClientCalls.java:233)
	at org.apache.ratis.thirdparty.io.grpc.stub.ClientCalls.getUnchecked(ClientCalls.java:214)
	at org.apache.ratis.thirdparty.io.grpc.stub.ClientCalls.blockingUnaryCall(ClientCalls.java:139)
	at org.apache.ratis.proto.grpc.RaftServerProtocolServiceGrpc$RaftServerProtocolServiceBlockingStub.requestVote(RaftServerProtocolServiceGrpc.java:265)
	at org.apache.ratis.grpc.server.GrpcServerProtocolClient.requestVote(GrpcServerProtocolClient.java:99)
	at org.apache.ratis.grpc.server.GrpcService.requestVote(GrpcService.java:204)
	at org.apache.ratis.server.impl.LeaderElection.lambda$submitRequests$1(LeaderElection.java:234)
	at java.util.concurrent.FutureTask.run(FutureTask.java:266)
	at java.util.concurrent.Executors$RunnableAdapter.call(Executors.java:511)
	at java.util.concurrent.FutureTask.run(FutureTask.java:266)
	at java.util.concurrent.ThreadPoolExecutor.runWorker(ThreadPoolExecutor.java:1149)
	at java.util.concurrent.ThreadPoolExecutor$Worker.run(ThreadPoolExecutor.java:624)
	... 1 more
Caused by: org.apache.ratis.thirdparty.io.netty.channel.AbstractChannel$AnnotatedConnectException: Connection refused: /192.168.164.217:37880
	at sun.nio.ch.SocketChannelImpl.checkConnect(Native Method)
	at sun.nio.ch.SocketChannelImpl.finishConnect(SocketChannelImpl.java:717)
	at org.apache.ratis.thirdparty.io.netty.channel.socket.nio.NioSocketChannel.doFinishConnect(NioSocketChannel.java:327)
	at org.apache.ratis.thirdparty.io.netty.channel.nio.AbstractNioChannel$AbstractNioUnsafe.finishConnect(AbstractNioChannel.java:340)
	at org.apache.ratis.thirdparty.io.netty.channel.nio.NioEventLoop.processSelectedKey(NioEventLoop.java:632)
	at org.apache.ratis.thirdparty.io.netty.channel.nio.NioEventLoop.processSelectedKeysOptimized(NioEventLoop.java:579)
	at org.apache.ratis.thirdparty.io.netty.channel.nio.NioEventLoop.processSelectedKeys(NioEventLoop.java:496)
	at org.apache.ratis.thirdparty.io.netty.channel.nio.NioEventLoop.run(NioEventLoop.java:458)
	at org.apache.ratis.thirdparty.io.netty.util.concurrent.SingleThreadEventExecutor$5.run(SingleThreadEventExecutor.java:897)
	at org.apache.ratis.thirdparty.io.netty.util.concurrent.FastThreadLocalRunnable.run(FastThreadLocalRunnable.java:30)
	... 1 more
Caused by: java.net.ConnectException: Connection refused
	... 11 more
2019-11-05 08:34:41,117 [05ace5f9-a5b7-4bc6-b4fa-26d4e24ae00c@group-515877FFDAAC-LeaderElection559] INFO  impl.RaftServerImpl (RaftServerImpl.java:setRole(184)) - 05ace5f9-a5b7-4bc6-b4fa-26d4e24ae00c@group-515877FFDAAC: changes role from CANDIDATE to FOLLOWER at term 146 for DISCOVERED_A_NEW_TERM
2019-11-05 08:34:41,117 [05ace5f9-a5b7-4bc6-b4fa-26d4e24ae00c@group-515877FFDAAC-LeaderElection559] INFO  impl.RoleInfo (RoleInfo.java:shutdownLeaderElection(134)) - 05ace5f9-a5b7-4bc6-b4fa-26d4e24ae00c: shutdown LeaderElection
2019-11-05 08:34:41,117 [05ace5f9-a5b7-4bc6-b4fa-26d4e24ae00c@group-515877FFDAAC-LeaderElection559] INFO  impl.RoleInfo (RoleInfo.java:updateAndGet(143)) - 05ace5f9-a5b7-4bc6-b4fa-26d4e24ae00c: start FollowerState
2019-11-05 08:34:41,183 [Thread-4557] INFO  impl.FollowerState (FollowerState.java:run(108)) - 05ace5f9-a5b7-4bc6-b4fa-26d4e24ae00c@group-515877FFDAAC-FollowerState: change to CANDIDATE, lastRpcTime:65ms, electionTimeout:65ms
2019-11-05 08:34:41,183 [Thread-4557] INFO  impl.RoleInfo (RoleInfo.java:shutdownFollowerState(121)) - 05ace5f9-a5b7-4bc6-b4fa-26d4e24ae00c: shutdown FollowerState
2019-11-05 08:34:41,183 [Thread-4557] INFO  impl.RaftServerImpl (RaftServerImpl.java:setRole(184)) - 05ace5f9-a5b7-4bc6-b4fa-26d4e24ae00c@group-515877FFDAAC: changes role from  FOLLOWER to CANDIDATE at term 146 for changeToCandidate
2019-11-05 08:34:41,183 [Thread-4557] INFO  impl.RoleInfo (RoleInfo.java:updateAndGet(143)) - 05ace5f9-a5b7-4bc6-b4fa-26d4e24ae00c: start LeaderElection
2019-11-05 08:34:41,196 [05ace5f9-a5b7-4bc6-b4fa-26d4e24ae00c@group-515877FFDAAC-LeaderElection560] INFO  impl.LeaderElection (LeaderElection.java:askForVotes(178)) - 05ace5f9-a5b7-4bc6-b4fa-26d4e24ae00c@group-515877FFDAAC-LeaderElection560: begin an election at term 147 for -1: [05ace5f9-a5b7-4bc6-b4fa-26d4e24ae00c:192.168.164.217:42356, d92c9463-8e05-4a70-8cc7-1d31ae7ac64a:192.168.164.217:37180, d7b60609-c805-4df6-8140-a27c681dae80:192.168.164.217:37880], old=null
2019-11-05 08:34:41,197 [05ace5f9-a5b7-4bc6-b4fa-26d4e24ae00c@group-515877FFDAAC-LeaderElection560] INFO  impl.LeaderElection (LogUtils.java:infoOrTrace(149)) - 05ace5f9-a5b7-4bc6-b4fa-26d4e24ae00c@group-515877FFDAAC-LeaderElection560 got exception when requesting votes: {}
java.util.concurrent.ExecutionException: org.apache.ratis.thirdparty.io.grpc.StatusRuntimeException: UNAVAILABLE: io exception
	at java.util.concurrent.FutureTask.report(FutureTask.java:122)
	at java.util.concurrent.FutureTask.get(FutureTask.java:192)
	at org.apache.ratis.server.impl.LeaderElection.waitForResults(LeaderElection.java:259)
	at org.apache.ratis.server.impl.LeaderElection.askForVotes(LeaderElection.java:197)
	at org.apache.ratis.server.impl.LeaderElection.run(LeaderElection.java:133)
	at java.lang.Thread.run(Thread.java:748)
Caused by: org.apache.ratis.thirdparty.io.grpc.StatusRuntimeException: UNAVAILABLE: io exception
	at org.apache.ratis.thirdparty.io.grpc.stub.ClientCalls.toStatusRuntimeException(ClientCalls.java:233)
	at org.apache.ratis.thirdparty.io.grpc.stub.ClientCalls.getUnchecked(ClientCalls.java:214)
	at org.apache.ratis.thirdparty.io.grpc.stub.ClientCalls.blockingUnaryCall(ClientCalls.java:139)
	at org.apache.ratis.proto.grpc.RaftServerProtocolServiceGrpc$RaftServerProtocolServiceBlockingStub.requestVote(RaftServerProtocolServiceGrpc.java:265)
	at org.apache.ratis.grpc.server.GrpcServerProtocolClient.requestVote(GrpcServerProtocolClient.java:99)
	at org.apache.ratis.grpc.server.GrpcService.requestVote(GrpcService.java:204)
	at org.apache.ratis.server.impl.LeaderElection.lambda$submitRequests$1(LeaderElection.java:234)
	at java.util.concurrent.FutureTask.run(FutureTask.java:266)
	at java.util.concurrent.Executors$RunnableAdapter.call(Executors.java:511)
	at java.util.concurrent.FutureTask.run(FutureTask.java:266)
	at java.util.concurrent.ThreadPoolExecutor.runWorker(ThreadPoolExecutor.java:1149)
	at java.util.concurrent.ThreadPoolExecutor$Worker.run(ThreadPoolExecutor.java:624)
	... 1 more
Caused by: org.apache.ratis.thirdparty.io.netty.channel.AbstractChannel$AnnotatedConnectException: Connection refused: /192.168.164.217:37880
	at sun.nio.ch.SocketChannelImpl.checkConnect(Native Method)
	at sun.nio.ch.SocketChannelImpl.finishConnect(SocketChannelImpl.java:717)
	at org.apache.ratis.thirdparty.io.netty.channel.socket.nio.NioSocketChannel.doFinishConnect(NioSocketChannel.java:327)
	at org.apache.ratis.thirdparty.io.netty.channel.nio.AbstractNioChannel$AbstractNioUnsafe.finishConnect(AbstractNioChannel.java:340)
	at org.apache.ratis.thirdparty.io.netty.channel.nio.NioEventLoop.processSelectedKey(NioEventLoop.java:632)
	at org.apache.ratis.thirdparty.io.netty.channel.nio.NioEventLoop.processSelectedKeysOptimized(NioEventLoop.java:579)
	at org.apache.ratis.thirdparty.io.netty.channel.nio.NioEventLoop.processSelectedKeys(NioEventLoop.java:496)
	at org.apache.ratis.thirdparty.io.netty.channel.nio.NioEventLoop.run(NioEventLoop.java:458)
	at org.apache.ratis.thirdparty.io.netty.util.concurrent.SingleThreadEventExecutor$5.run(SingleThreadEventExecutor.java:897)
	at org.apache.ratis.thirdparty.io.netty.util.concurrent.FastThreadLocalRunnable.run(FastThreadLocalRunnable.java:30)
	... 1 more
Caused by: java.net.ConnectException: Connection refused
	... 11 more
2019-11-05 08:34:41,198 [grpc-default-executor-17] INFO  impl.RaftServerImpl (RaftServerImpl.java:setRole(184)) - d92c9463-8e05-4a70-8cc7-1d31ae7ac64a@group-515877FFDAAC: changes role from  FOLLOWER to FOLLOWER at term 147 for recognizeCandidate:05ace5f9-a5b7-4bc6-b4fa-26d4e24ae00c
2019-11-05 08:34:41,198 [grpc-default-executor-17] INFO  impl.RoleInfo (RoleInfo.java:shutdownFollowerState(121)) - d92c9463-8e05-4a70-8cc7-1d31ae7ac64a: shutdown FollowerState
2019-11-05 08:34:41,198 [grpc-default-executor-17] INFO  impl.RoleInfo (RoleInfo.java:updateAndGet(143)) - d92c9463-8e05-4a70-8cc7-1d31ae7ac64a: start FollowerState
2019-11-05 08:34:41,198 [Thread-4556] INFO  impl.FollowerState (FollowerState.java:run(117)) - d92c9463-8e05-4a70-8cc7-1d31ae7ac64a@group-515877FFDAAC-FollowerState was interrupted: java.lang.InterruptedException: sleep interrupted
2019-11-05 08:34:41,212 [05ace5f9-a5b7-4bc6-b4fa-26d4e24ae00c@group-515877FFDAAC-LeaderElection560] INFO  impl.LeaderElection (LeaderElection.java:logAndReturn(56)) - 05ace5f9-a5b7-4bc6-b4fa-26d4e24ae00c@group-515877FFDAAC-LeaderElection560: Election REJECTED; received 1 response(s) [05ace5f9-a5b7-4bc6-b4fa-26d4e24ae00c<-d92c9463-8e05-4a70-8cc7-1d31ae7ac64a#0:FAIL-t147] and 1 exception(s); 05ace5f9-a5b7-4bc6-b4fa-26d4e24ae00c@group-515877FFDAAC:t147, leader=null, voted=05ace5f9-a5b7-4bc6-b4fa-26d4e24ae00c, raftlog=05ace5f9-a5b7-4bc6-b4fa-26d4e24ae00c@group-515877FFDAAC-SegmentedRaftLog:OPENED:c-1,f-1,i0, conf=-1: [05ace5f9-a5b7-4bc6-b4fa-26d4e24ae00c:192.168.164.217:42356, d92c9463-8e05-4a70-8cc7-1d31ae7ac64a:192.168.164.217:37180, d7b60609-c805-4df6-8140-a27c681dae80:192.168.164.217:37880], old=null
2019-11-05 08:34:41,212 [05ace5f9-a5b7-4bc6-b4fa-26d4e24ae00c@group-515877FFDAAC-LeaderElection560] INFO  impl.LeaderElection (LogUtils.java:infoOrTrace(149)) -   Exception 0: {}
java.util.concurrent.ExecutionException: org.apache.ratis.thirdparty.io.grpc.StatusRuntimeException: UNAVAILABLE: io exception
	at java.util.concurrent.FutureTask.report(FutureTask.java:122)
	at java.util.concurrent.FutureTask.get(FutureTask.java:192)
	at org.apache.ratis.server.impl.LeaderElection.waitForResults(LeaderElection.java:259)
	at org.apache.ratis.server.impl.LeaderElection.askForVotes(LeaderElection.java:197)
	at org.apache.ratis.server.impl.LeaderElection.run(LeaderElection.java:133)
	at java.lang.Thread.run(Thread.java:748)
Caused by: org.apache.ratis.thirdparty.io.grpc.StatusRuntimeException: UNAVAILABLE: io exception
	at org.apache.ratis.thirdparty.io.grpc.stub.ClientCalls.toStatusRuntimeException(ClientCalls.java:233)
	at org.apache.ratis.thirdparty.io.grpc.stub.ClientCalls.getUnchecked(ClientCalls.java:214)
	at org.apache.ratis.thirdparty.io.grpc.stub.ClientCalls.blockingUnaryCall(ClientCalls.java:139)
	at org.apache.ratis.proto.grpc.RaftServerProtocolServiceGrpc$RaftServerProtocolServiceBlockingStub.requestVote(RaftServerProtocolServiceGrpc.java:265)
	at org.apache.ratis.grpc.server.GrpcServerProtocolClient.requestVote(GrpcServerProtocolClient.java:99)
	at org.apache.ratis.grpc.server.GrpcService.requestVote(GrpcService.java:204)
	at org.apache.ratis.server.impl.LeaderElection.lambda$submitRequests$1(LeaderElection.java:234)
	at java.util.concurrent.FutureTask.run(FutureTask.java:266)
	at java.util.concurrent.Executors$RunnableAdapter.call(Executors.java:511)
	at java.util.concurrent.FutureTask.run(FutureTask.java:266)
	at java.util.concurrent.ThreadPoolExecutor.runWorker(ThreadPoolExecutor.java:1149)
	at java.util.concurrent.ThreadPoolExecutor$Worker.run(ThreadPoolExecutor.java:624)
	... 1 more
Caused by: org.apache.ratis.thirdparty.io.netty.channel.AbstractChannel$AnnotatedConnectException: Connection refused: /192.168.164.217:37880
	at sun.nio.ch.SocketChannelImpl.checkConnect(Native Method)
	at sun.nio.ch.SocketChannelImpl.finishConnect(SocketChannelImpl.java:717)
	at org.apache.ratis.thirdparty.io.netty.channel.socket.nio.NioSocketChannel.doFinishConnect(NioSocketChannel.java:327)
	at org.apache.ratis.thirdparty.io.netty.channel.nio.AbstractNioChannel$AbstractNioUnsafe.finishConnect(AbstractNioChannel.java:340)
	at org.apache.ratis.thirdparty.io.netty.channel.nio.NioEventLoop.processSelectedKey(NioEventLoop.java:632)
	at org.apache.ratis.thirdparty.io.netty.channel.nio.NioEventLoop.processSelectedKeysOptimized(NioEventLoop.java:579)
	at org.apache.ratis.thirdparty.io.netty.channel.nio.NioEventLoop.processSelectedKeys(NioEventLoop.java:496)
	at org.apache.ratis.thirdparty.io.netty.channel.nio.NioEventLoop.run(NioEventLoop.java:458)
	at org.apache.ratis.thirdparty.io.netty.util.concurrent.SingleThreadEventExecutor$5.run(SingleThreadEventExecutor.java:897)
	at org.apache.ratis.thirdparty.io.netty.util.concurrent.FastThreadLocalRunnable.run(FastThreadLocalRunnable.java:30)
	... 1 more
Caused by: java.net.ConnectException: Connection refused
	... 11 more
2019-11-05 08:34:41,212 [05ace5f9-a5b7-4bc6-b4fa-26d4e24ae00c@group-515877FFDAAC-LeaderElection560] INFO  impl.RaftServerImpl (RaftServerImpl.java:setRole(184)) - 05ace5f9-a5b7-4bc6-b4fa-26d4e24ae00c@group-515877FFDAAC: changes role from CANDIDATE to FOLLOWER at term 147 for DISCOVERED_A_NEW_TERM
2019-11-05 08:34:41,212 [05ace5f9-a5b7-4bc6-b4fa-26d4e24ae00c@group-515877FFDAAC-LeaderElection560] INFO  impl.RoleInfo (RoleInfo.java:shutdownLeaderElection(134)) - 05ace5f9-a5b7-4bc6-b4fa-26d4e24ae00c: shutdown LeaderElection
2019-11-05 08:34:41,212 [05ace5f9-a5b7-4bc6-b4fa-26d4e24ae00c@group-515877FFDAAC-LeaderElection560] INFO  impl.RoleInfo (RoleInfo.java:updateAndGet(143)) - 05ace5f9-a5b7-4bc6-b4fa-26d4e24ae00c: start FollowerState
2019-11-05 08:34:41,342 [Thread-4562] INFO  impl.FollowerState (FollowerState.java:run(108)) - 05ace5f9-a5b7-4bc6-b4fa-26d4e24ae00c@group-515877FFDAAC-FollowerState: change to CANDIDATE, lastRpcTime:129ms, electionTimeout:129ms
2019-11-05 08:34:41,342 [Thread-4562] INFO  impl.RoleInfo (RoleInfo.java:shutdownFollowerState(121)) - 05ace5f9-a5b7-4bc6-b4fa-26d4e24ae00c: shutdown FollowerState
2019-11-05 08:34:41,342 [Thread-4562] INFO  impl.RaftServerImpl (RaftServerImpl.java:setRole(184)) - 05ace5f9-a5b7-4bc6-b4fa-26d4e24ae00c@group-515877FFDAAC: changes role from  FOLLOWER to CANDIDATE at term 147 for changeToCandidate
2019-11-05 08:34:41,342 [Thread-4562] INFO  impl.RoleInfo (RoleInfo.java:updateAndGet(143)) - 05ace5f9-a5b7-4bc6-b4fa-26d4e24ae00c: start LeaderElection
2019-11-05 08:34:41,356 [05ace5f9-a5b7-4bc6-b4fa-26d4e24ae00c@group-515877FFDAAC-LeaderElection561] INFO  impl.LeaderElection (LeaderElection.java:askForVotes(178)) - 05ace5f9-a5b7-4bc6-b4fa-26d4e24ae00c@group-515877FFDAAC-LeaderElection561: begin an election at term 148 for -1: [05ace5f9-a5b7-4bc6-b4fa-26d4e24ae00c:192.168.164.217:42356, d92c9463-8e05-4a70-8cc7-1d31ae7ac64a:192.168.164.217:37180, d7b60609-c805-4df6-8140-a27c681dae80:192.168.164.217:37880], old=null
2019-11-05 08:34:41,357 [05ace5f9-a5b7-4bc6-b4fa-26d4e24ae00c@group-515877FFDAAC-LeaderElection561] INFO  impl.LeaderElection (LogUtils.java:infoOrTrace(149)) - 05ace5f9-a5b7-4bc6-b4fa-26d4e24ae00c@group-515877FFDAAC-LeaderElection561 got exception when requesting votes: {}
java.util.concurrent.ExecutionException: org.apache.ratis.thirdparty.io.grpc.StatusRuntimeException: UNAVAILABLE: io exception
	at java.util.concurrent.FutureTask.report(FutureTask.java:122)
	at java.util.concurrent.FutureTask.get(FutureTask.java:192)
	at org.apache.ratis.server.impl.LeaderElection.waitForResults(LeaderElection.java:259)
	at org.apache.ratis.server.impl.LeaderElection.askForVotes(LeaderElection.java:197)
	at org.apache.ratis.server.impl.LeaderElection.run(LeaderElection.java:133)
	at java.lang.Thread.run(Thread.java:748)
Caused by: org.apache.ratis.thirdparty.io.grpc.StatusRuntimeException: UNAVAILABLE: io exception
	at org.apache.ratis.thirdparty.io.grpc.stub.ClientCalls.toStatusRuntimeException(ClientCalls.java:233)
	at org.apache.ratis.thirdparty.io.grpc.stub.ClientCalls.getUnchecked(ClientCalls.java:214)
	at org.apache.ratis.thirdparty.io.grpc.stub.ClientCalls.blockingUnaryCall(ClientCalls.java:139)
	at org.apache.ratis.proto.grpc.RaftServerProtocolServiceGrpc$RaftServerProtocolServiceBlockingStub.requestVote(RaftServerProtocolServiceGrpc.java:265)
	at org.apache.ratis.grpc.server.GrpcServerProtocolClient.requestVote(GrpcServerProtocolClient.java:99)
	at org.apache.ratis.grpc.server.GrpcService.requestVote(GrpcService.java:204)
	at org.apache.ratis.server.impl.LeaderElection.lambda$submitRequests$1(LeaderElection.java:234)
	at java.util.concurrent.FutureTask.run(FutureTask.java:266)
	at java.util.concurrent.Executors$RunnableAdapter.call(Executors.java:511)
	at java.util.concurrent.FutureTask.run(FutureTask.java:266)
	at java.util.concurrent.ThreadPoolExecutor.runWorker(ThreadPoolExecutor.java:1149)
	at java.util.concurrent.ThreadPoolExecutor$Worker.run(ThreadPoolExecutor.java:624)
	... 1 more
Caused by: org.apache.ratis.thirdparty.io.netty.channel.AbstractChannel$AnnotatedConnectException: Connection refused: /192.168.164.217:37880
	at sun.nio.ch.SocketChannelImpl.checkConnect(Native Method)
	at sun.nio.ch.SocketChannelImpl.finishConnect(SocketChannelImpl.java:717)
	at org.apache.ratis.thirdparty.io.netty.channel.socket.nio.NioSocketChannel.doFinishConnect(NioSocketChannel.java:327)
	at org.apache.ratis.thirdparty.io.netty.channel.nio.AbstractNioChannel$AbstractNioUnsafe.finishConnect(AbstractNioChannel.java:340)
	at org.apache.ratis.thirdparty.io.netty.channel.nio.NioEventLoop.processSelectedKey(NioEventLoop.java:632)
	at org.apache.ratis.thirdparty.io.netty.channel.nio.NioEventLoop.processSelectedKeysOptimized(NioEventLoop.java:579)
	at org.apache.ratis.thirdparty.io.netty.channel.nio.NioEventLoop.processSelectedKeys(NioEventLoop.java:496)
	at org.apache.ratis.thirdparty.io.netty.channel.nio.NioEventLoop.run(NioEventLoop.java:458)
	at org.apache.ratis.thirdparty.io.netty.util.concurrent.SingleThreadEventExecutor$5.run(SingleThreadEventExecutor.java:897)
	at org.apache.ratis.thirdparty.io.netty.util.concurrent.FastThreadLocalRunnable.run(FastThreadLocalRunnable.java:30)
	... 1 more
Caused by: java.net.ConnectException: Connection refused
	... 11 more
2019-11-05 08:34:41,358 [grpc-default-executor-10] INFO  impl.RaftServerImpl (RaftServerImpl.java:setRole(184)) - d92c9463-8e05-4a70-8cc7-1d31ae7ac64a@group-515877FFDAAC: changes role from  FOLLOWER to FOLLOWER at term 148 for recognizeCandidate:05ace5f9-a5b7-4bc6-b4fa-26d4e24ae00c
2019-11-05 08:34:41,358 [grpc-default-executor-10] INFO  impl.RoleInfo (RoleInfo.java:shutdownFollowerState(121)) - d92c9463-8e05-4a70-8cc7-1d31ae7ac64a: shutdown FollowerState
2019-11-05 08:34:41,358 [grpc-default-executor-10] INFO  impl.RoleInfo (RoleInfo.java:updateAndGet(143)) - d92c9463-8e05-4a70-8cc7-1d31ae7ac64a: start FollowerState
2019-11-05 08:34:41,358 [Thread-4561] INFO  impl.FollowerState (FollowerState.java:run(117)) - d92c9463-8e05-4a70-8cc7-1d31ae7ac64a@group-515877FFDAAC-FollowerState was interrupted: java.lang.InterruptedException: sleep interrupted
2019-11-05 08:34:41,384 [05ace5f9-a5b7-4bc6-b4fa-26d4e24ae00c@group-515877FFDAAC-LeaderElection561] INFO  impl.LeaderElection (LeaderElection.java:logAndReturn(56)) - 05ace5f9-a5b7-4bc6-b4fa-26d4e24ae00c@group-515877FFDAAC-LeaderElection561: Election REJECTED; received 1 response(s) [05ace5f9-a5b7-4bc6-b4fa-26d4e24ae00c<-d92c9463-8e05-4a70-8cc7-1d31ae7ac64a#0:FAIL-t148] and 1 exception(s); 05ace5f9-a5b7-4bc6-b4fa-26d4e24ae00c@group-515877FFDAAC:t148, leader=null, voted=05ace5f9-a5b7-4bc6-b4fa-26d4e24ae00c, raftlog=05ace5f9-a5b7-4bc6-b4fa-26d4e24ae00c@group-515877FFDAAC-SegmentedRaftLog:OPENED:c-1,f-1,i0, conf=-1: [05ace5f9-a5b7-4bc6-b4fa-26d4e24ae00c:192.168.164.217:42356, d92c9463-8e05-4a70-8cc7-1d31ae7ac64a:192.168.164.217:37180, d7b60609-c805-4df6-8140-a27c681dae80:192.168.164.217:37880], old=null
2019-11-05 08:34:41,384 [05ace5f9-a5b7-4bc6-b4fa-26d4e24ae00c@group-515877FFDAAC-LeaderElection561] INFO  impl.LeaderElection (LogUtils.java:infoOrTrace(149)) -   Exception 0: {}
java.util.concurrent.ExecutionException: org.apache.ratis.thirdparty.io.grpc.StatusRuntimeException: UNAVAILABLE: io exception
	at java.util.concurrent.FutureTask.report(FutureTask.java:122)
	at java.util.concurrent.FutureTask.get(FutureTask.java:192)
	at org.apache.ratis.server.impl.LeaderElection.waitForResults(LeaderElection.java:259)
	at org.apache.ratis.server.impl.LeaderElection.askForVotes(LeaderElection.java:197)
	at org.apache.ratis.server.impl.LeaderElection.run(LeaderElection.java:133)
	at java.lang.Thread.run(Thread.java:748)
Caused by: org.apache.ratis.thirdparty.io.grpc.StatusRuntimeException: UNAVAILABLE: io exception
	at org.apache.ratis.thirdparty.io.grpc.stub.ClientCalls.toStatusRuntimeException(ClientCalls.java:233)
	at org.apache.ratis.thirdparty.io.grpc.stub.ClientCalls.getUnchecked(ClientCalls.java:214)
	at org.apache.ratis.thirdparty.io.grpc.stub.ClientCalls.blockingUnaryCall(ClientCalls.java:139)
	at org.apache.ratis.proto.grpc.RaftServerProtocolServiceGrpc$RaftServerProtocolServiceBlockingStub.requestVote(RaftServerProtocolServiceGrpc.java:265)
	at org.apache.ratis.grpc.server.GrpcServerProtocolClient.requestVote(GrpcServerProtocolClient.java:99)
	at org.apache.ratis.grpc.server.GrpcService.requestVote(GrpcService.java:204)
	at org.apache.ratis.server.impl.LeaderElection.lambda$submitRequests$1(LeaderElection.java:234)
	at java.util.concurrent.FutureTask.run(FutureTask.java:266)
	at java.util.concurrent.Executors$RunnableAdapter.call(Executors.java:511)
	at java.util.concurrent.FutureTask.run(FutureTask.java:266)
	at java.util.concurrent.ThreadPoolExecutor.runWorker(ThreadPoolExecutor.java:1149)
	at java.util.concurrent.ThreadPoolExecutor$Worker.run(ThreadPoolExecutor.java:624)
	... 1 more
Caused by: org.apache.ratis.thirdparty.io.netty.channel.AbstractChannel$AnnotatedConnectException: Connection refused: /192.168.164.217:37880
	at sun.nio.ch.SocketChannelImpl.checkConnect(Native Method)
	at sun.nio.ch.SocketChannelImpl.finishConnect(SocketChannelImpl.java:717)
	at org.apache.ratis.thirdparty.io.netty.channel.socket.nio.NioSocketChannel.doFinishConnect(NioSocketChannel.java:327)
	at org.apache.ratis.thirdparty.io.netty.channel.nio.AbstractNioChannel$AbstractNioUnsafe.finishConnect(AbstractNioChannel.java:340)
	at org.apache.ratis.thirdparty.io.netty.channel.nio.NioEventLoop.processSelectedKey(NioEventLoop.java:632)
	at org.apache.ratis.thirdparty.io.netty.channel.nio.NioEventLoop.processSelectedKeysOptimized(NioEventLoop.java:579)
	at org.apache.ratis.thirdparty.io.netty.channel.nio.NioEventLoop.processSelectedKeys(NioEventLoop.java:496)
	at org.apache.ratis.thirdparty.io.netty.channel.nio.NioEventLoop.run(NioEventLoop.java:458)
	at org.apache.ratis.thirdparty.io.netty.util.concurrent.SingleThreadEventExecutor$5.run(SingleThreadEventExecutor.java:897)
	at org.apache.ratis.thirdparty.io.netty.util.concurrent.FastThreadLocalRunnable.run(FastThreadLocalRunnable.java:30)
	... 1 more
Caused by: java.net.ConnectException: Connection refused
	... 11 more
2019-11-05 08:34:41,385 [05ace5f9-a5b7-4bc6-b4fa-26d4e24ae00c@group-515877FFDAAC-LeaderElection561] INFO  impl.RaftServerImpl (RaftServerImpl.java:setRole(184)) - 05ace5f9-a5b7-4bc6-b4fa-26d4e24ae00c@group-515877FFDAAC: changes role from CANDIDATE to FOLLOWER at term 148 for DISCOVERED_A_NEW_TERM
2019-11-05 08:34:41,385 [05ace5f9-a5b7-4bc6-b4fa-26d4e24ae00c@group-515877FFDAAC-LeaderElection561] INFO  impl.RoleInfo (RoleInfo.java:shutdownLeaderElection(134)) - 05ace5f9-a5b7-4bc6-b4fa-26d4e24ae00c: shutdown LeaderElection
2019-11-05 08:34:41,385 [05ace5f9-a5b7-4bc6-b4fa-26d4e24ae00c@group-515877FFDAAC-LeaderElection561] INFO  impl.RoleInfo (RoleInfo.java:updateAndGet(143)) - 05ace5f9-a5b7-4bc6-b4fa-26d4e24ae00c: start FollowerState
2019-11-05 08:34:41,563 [Thread-4569] INFO  impl.FollowerState (FollowerState.java:run(108)) - 05ace5f9-a5b7-4bc6-b4fa-26d4e24ae00c@group-515877FFDAAC-FollowerState: change to CANDIDATE, lastRpcTime:178ms, electionTimeout:178ms
2019-11-05 08:34:41,563 [Thread-4569] INFO  impl.RoleInfo (RoleInfo.java:shutdownFollowerState(121)) - 05ace5f9-a5b7-4bc6-b4fa-26d4e24ae00c: shutdown FollowerState
2019-11-05 08:34:41,563 [Thread-4569] INFO  impl.RaftServerImpl (RaftServerImpl.java:setRole(184)) - 05ace5f9-a5b7-4bc6-b4fa-26d4e24ae00c@group-515877FFDAAC: changes role from  FOLLOWER to CANDIDATE at term 148 for changeToCandidate
2019-11-05 08:34:41,564 [Thread-4569] INFO  impl.RoleInfo (RoleInfo.java:updateAndGet(143)) - 05ace5f9-a5b7-4bc6-b4fa-26d4e24ae00c: start LeaderElection
2019-11-05 08:34:41,588 [05ace5f9-a5b7-4bc6-b4fa-26d4e24ae00c@group-515877FFDAAC-LeaderElection562] INFO  impl.LeaderElection (LeaderElection.java:askForVotes(178)) - 05ace5f9-a5b7-4bc6-b4fa-26d4e24ae00c@group-515877FFDAAC-LeaderElection562: begin an election at term 149 for -1: [05ace5f9-a5b7-4bc6-b4fa-26d4e24ae00c:192.168.164.217:42356, d92c9463-8e05-4a70-8cc7-1d31ae7ac64a:192.168.164.217:37180, d7b60609-c805-4df6-8140-a27c681dae80:192.168.164.217:37880], old=null
2019-11-05 08:34:41,589 [05ace5f9-a5b7-4bc6-b4fa-26d4e24ae00c@group-515877FFDAAC-LeaderElection562] INFO  impl.LeaderElection (LogUtils.java:infoOrTrace(149)) - 05ace5f9-a5b7-4bc6-b4fa-26d4e24ae00c@group-515877FFDAAC-LeaderElection562 got exception when requesting votes: {}
java.util.concurrent.ExecutionException: org.apache.ratis.thirdparty.io.grpc.StatusRuntimeException: UNAVAILABLE: io exception
	at java.util.concurrent.FutureTask.report(FutureTask.java:122)
	at java.util.concurrent.FutureTask.get(FutureTask.java:192)
	at org.apache.ratis.server.impl.LeaderElection.waitForResults(LeaderElection.java:259)
	at org.apache.ratis.server.impl.LeaderElection.askForVotes(LeaderElection.java:197)
	at org.apache.ratis.server.impl.LeaderElection.run(LeaderElection.java:133)
	at java.lang.Thread.run(Thread.java:748)
Caused by: org.apache.ratis.thirdparty.io.grpc.StatusRuntimeException: UNAVAILABLE: io exception
	at org.apache.ratis.thirdparty.io.grpc.stub.ClientCalls.toStatusRuntimeException(ClientCalls.java:233)
	at org.apache.ratis.thirdparty.io.grpc.stub.ClientCalls.getUnchecked(ClientCalls.java:214)
	at org.apache.ratis.thirdparty.io.grpc.stub.ClientCalls.blockingUnaryCall(ClientCalls.java:139)
	at org.apache.ratis.proto.grpc.RaftServerProtocolServiceGrpc$RaftServerProtocolServiceBlockingStub.requestVote(RaftServerProtocolServiceGrpc.java:265)
	at org.apache.ratis.grpc.server.GrpcServerProtocolClient.requestVote(GrpcServerProtocolClient.java:99)
	at org.apache.ratis.grpc.server.GrpcService.requestVote(GrpcService.java:204)
	at org.apache.ratis.server.impl.LeaderElection.lambda$submitRequests$1(LeaderElection.java:234)
	at java.util.concurrent.FutureTask.run(FutureTask.java:266)
	at java.util.concurrent.Executors$RunnableAdapter.call(Executors.java:511)
	at java.util.concurrent.FutureTask.run(FutureTask.java:266)
	at java.util.concurrent.ThreadPoolExecutor.runWorker(ThreadPoolExecutor.java:1149)
	at java.util.concurrent.ThreadPoolExecutor$Worker.run(ThreadPoolExecutor.java:624)
	... 1 more
Caused by: org.apache.ratis.thirdparty.io.netty.channel.AbstractChannel$AnnotatedConnectException: Connection refused: /192.168.164.217:37880
	at sun.nio.ch.SocketChannelImpl.checkConnect(Native Method)
	at sun.nio.ch.SocketChannelImpl.finishConnect(SocketChannelImpl.java:717)
	at org.apache.ratis.thirdparty.io.netty.channel.socket.nio.NioSocketChannel.doFinishConnect(NioSocketChannel.java:327)
	at org.apache.ratis.thirdparty.io.netty.channel.nio.AbstractNioChannel$AbstractNioUnsafe.finishConnect(AbstractNioChannel.java:340)
	at org.apache.ratis.thirdparty.io.netty.channel.nio.NioEventLoop.processSelectedKey(NioEventLoop.java:632)
	at org.apache.ratis.thirdparty.io.netty.channel.nio.NioEventLoop.processSelectedKeysOptimized(NioEventLoop.java:579)
	at org.apache.ratis.thirdparty.io.netty.channel.nio.NioEventLoop.processSelectedKeys(NioEventLoop.java:496)
	at org.apache.ratis.thirdparty.io.netty.channel.nio.NioEventLoop.run(NioEventLoop.java:458)
	at org.apache.ratis.thirdparty.io.netty.util.concurrent.SingleThreadEventExecutor$5.run(SingleThreadEventExecutor.java:897)
	at org.apache.ratis.thirdparty.io.netty.util.concurrent.FastThreadLocalRunnable.run(FastThreadLocalRunnable.java:30)
	... 1 more
Caused by: java.net.ConnectException: Connection refused
	... 11 more
2019-11-05 08:34:41,590 [grpc-default-executor-10] INFO  impl.RaftServerImpl (RaftServerImpl.java:setRole(184)) - d92c9463-8e05-4a70-8cc7-1d31ae7ac64a@group-515877FFDAAC: changes role from  FOLLOWER to FOLLOWER at term 149 for recognizeCandidate:05ace5f9-a5b7-4bc6-b4fa-26d4e24ae00c
2019-11-05 08:34:41,590 [grpc-default-executor-10] INFO  impl.RoleInfo (RoleInfo.java:shutdownFollowerState(121)) - d92c9463-8e05-4a70-8cc7-1d31ae7ac64a: shutdown FollowerState
2019-11-05 08:34:41,590 [grpc-default-executor-10] INFO  impl.RoleInfo (RoleInfo.java:updateAndGet(143)) - d92c9463-8e05-4a70-8cc7-1d31ae7ac64a: start FollowerState
2019-11-05 08:34:41,590 [Thread-4568] INFO  impl.FollowerState (FollowerState.java:run(117)) - d92c9463-8e05-4a70-8cc7-1d31ae7ac64a@group-515877FFDAAC-FollowerState was interrupted: java.lang.InterruptedException: sleep interrupted
2019-11-05 08:34:41,603 [05ace5f9-a5b7-4bc6-b4fa-26d4e24ae00c@group-515877FFDAAC-LeaderElection562] INFO  impl.LeaderElection (LeaderElection.java:logAndReturn(56)) - 05ace5f9-a5b7-4bc6-b4fa-26d4e24ae00c@group-515877FFDAAC-LeaderElection562: Election REJECTED; received 1 response(s) [05ace5f9-a5b7-4bc6-b4fa-26d4e24ae00c<-d92c9463-8e05-4a70-8cc7-1d31ae7ac64a#0:FAIL-t149] and 1 exception(s); 05ace5f9-a5b7-4bc6-b4fa-26d4e24ae00c@group-515877FFDAAC:t149, leader=null, voted=05ace5f9-a5b7-4bc6-b4fa-26d4e24ae00c, raftlog=05ace5f9-a5b7-4bc6-b4fa-26d4e24ae00c@group-515877FFDAAC-SegmentedRaftLog:OPENED:c-1,f-1,i0, conf=-1: [05ace5f9-a5b7-4bc6-b4fa-26d4e24ae00c:192.168.164.217:42356, d92c9463-8e05-4a70-8cc7-1d31ae7ac64a:192.168.164.217:37180, d7b60609-c805-4df6-8140-a27c681dae80:192.168.164.217:37880], old=null
2019-11-05 08:34:41,603 [05ace5f9-a5b7-4bc6-b4fa-26d4e24ae00c@group-515877FFDAAC-LeaderElection562] INFO  impl.LeaderElection (LogUtils.java:infoOrTrace(149)) -   Exception 0: {}
java.util.concurrent.ExecutionException: org.apache.ratis.thirdparty.io.grpc.StatusRuntimeException: UNAVAILABLE: io exception
	at java.util.concurrent.FutureTask.report(FutureTask.java:122)
	at java.util.concurrent.FutureTask.get(FutureTask.java:192)
	at org.apache.ratis.server.impl.LeaderElection.waitForResults(LeaderElection.java:259)
	at org.apache.ratis.server.impl.LeaderElection.askForVotes(LeaderElection.java:197)
	at org.apache.ratis.server.impl.LeaderElection.run(LeaderElection.java:133)
	at java.lang.Thread.run(Thread.java:748)
Caused by: org.apache.ratis.thirdparty.io.grpc.StatusRuntimeException: UNAVAILABLE: io exception
	at org.apache.ratis.thirdparty.io.grpc.stub.ClientCalls.toStatusRuntimeException(ClientCalls.java:233)
	at org.apache.ratis.thirdparty.io.grpc.stub.ClientCalls.getUnchecked(ClientCalls.java:214)
	at org.apache.ratis.thirdparty.io.grpc.stub.ClientCalls.blockingUnaryCall(ClientCalls.java:139)
	at org.apache.ratis.proto.grpc.RaftServerProtocolServiceGrpc$RaftServerProtocolServiceBlockingStub.requestVote(RaftServerProtocolServiceGrpc.java:265)
	at org.apache.ratis.grpc.server.GrpcServerProtocolClient.requestVote(GrpcServerProtocolClient.java:99)
	at org.apache.ratis.grpc.server.GrpcService.requestVote(GrpcService.java:204)
	at org.apache.ratis.server.impl.LeaderElection.lambda$submitRequests$1(LeaderElection.java:234)
	at java.util.concurrent.FutureTask.run(FutureTask.java:266)
	at java.util.concurrent.Executors$RunnableAdapter.call(Executors.java:511)
	at java.util.concurrent.FutureTask.run(FutureTask.java:266)
	at java.util.concurrent.ThreadPoolExecutor.runWorker(ThreadPoolExecutor.java:1149)
	at java.util.concurrent.ThreadPoolExecutor$Worker.run(ThreadPoolExecutor.java:624)
	... 1 more
Caused by: org.apache.ratis.thirdparty.io.netty.channel.AbstractChannel$AnnotatedConnectException: Connection refused: /192.168.164.217:37880
	at sun.nio.ch.SocketChannelImpl.checkConnect(Native Method)
	at sun.nio.ch.SocketChannelImpl.finishConnect(SocketChannelImpl.java:717)
	at org.apache.ratis.thirdparty.io.netty.channel.socket.nio.NioSocketChannel.doFinishConnect(NioSocketChannel.java:327)
	at org.apache.ratis.thirdparty.io.netty.channel.nio.AbstractNioChannel$AbstractNioUnsafe.finishConnect(AbstractNioChannel.java:340)
	at org.apache.ratis.thirdparty.io.netty.channel.nio.NioEventLoop.processSelectedKey(NioEventLoop.java:632)
	at org.apache.ratis.thirdparty.io.netty.channel.nio.NioEventLoop.processSelectedKeysOptimized(NioEventLoop.java:579)
	at org.apache.ratis.thirdparty.io.netty.channel.nio.NioEventLoop.processSelectedKeys(NioEventLoop.java:496)
	at org.apache.ratis.thirdparty.io.netty.channel.nio.NioEventLoop.run(NioEventLoop.java:458)
	at org.apache.ratis.thirdparty.io.netty.util.concurrent.SingleThreadEventExecutor$5.run(SingleThreadEventExecutor.java:897)
	at org.apache.ratis.thirdparty.io.netty.util.concurrent.FastThreadLocalRunnable.run(FastThreadLocalRunnable.java:30)
	... 1 more
Caused by: java.net.ConnectException: Connection refused
	... 11 more
2019-11-05 08:34:41,604 [05ace5f9-a5b7-4bc6-b4fa-26d4e24ae00c@group-515877FFDAAC-LeaderElection562] INFO  impl.RaftServerImpl (RaftServerImpl.java:setRole(184)) - 05ace5f9-a5b7-4bc6-b4fa-26d4e24ae00c@group-515877FFDAAC: changes role from CANDIDATE to FOLLOWER at term 149 for DISCOVERED_A_NEW_TERM
2019-11-05 08:34:41,604 [05ace5f9-a5b7-4bc6-b4fa-26d4e24ae00c@group-515877FFDAAC-LeaderElection562] INFO  impl.RoleInfo (RoleInfo.java:shutdownLeaderElection(134)) - 05ace5f9-a5b7-4bc6-b4fa-26d4e24ae00c: shutdown LeaderElection
2019-11-05 08:34:41,604 [05ace5f9-a5b7-4bc6-b4fa-26d4e24ae00c@group-515877FFDAAC-LeaderElection562] INFO  impl.RoleInfo (RoleInfo.java:updateAndGet(143)) - 05ace5f9-a5b7-4bc6-b4fa-26d4e24ae00c: start FollowerState
2019-11-05 08:34:41,625 [Thread-4575] INFO  impl.FollowerState (FollowerState.java:run(108)) - 05ace5f9-a5b7-4bc6-b4fa-26d4e24ae00c@group-515877FFDAAC-FollowerState: change to CANDIDATE, lastRpcTime:21ms, electionTimeout:21ms
2019-11-05 08:34:41,626 [Thread-4575] INFO  impl.RoleInfo (RoleInfo.java:shutdownFollowerState(121)) - 05ace5f9-a5b7-4bc6-b4fa-26d4e24ae00c: shutdown FollowerState
2019-11-05 08:34:41,626 [Thread-4575] INFO  impl.RaftServerImpl (RaftServerImpl.java:setRole(184)) - 05ace5f9-a5b7-4bc6-b4fa-26d4e24ae00c@group-515877FFDAAC: changes role from  FOLLOWER to CANDIDATE at term 149 for changeToCandidate
2019-11-05 08:34:41,626 [Thread-4575] INFO  impl.RoleInfo (RoleInfo.java:updateAndGet(143)) - 05ace5f9-a5b7-4bc6-b4fa-26d4e24ae00c: start LeaderElection
2019-11-05 08:34:41,650 [05ace5f9-a5b7-4bc6-b4fa-26d4e24ae00c@group-515877FFDAAC-LeaderElection563] INFO  impl.LeaderElection (LeaderElection.java:askForVotes(178)) - 05ace5f9-a5b7-4bc6-b4fa-26d4e24ae00c@group-515877FFDAAC-LeaderElection563: begin an election at term 150 for -1: [05ace5f9-a5b7-4bc6-b4fa-26d4e24ae00c:192.168.164.217:42356, d92c9463-8e05-4a70-8cc7-1d31ae7ac64a:192.168.164.217:37180, d7b60609-c805-4df6-8140-a27c681dae80:192.168.164.217:37880], old=null
2019-11-05 08:34:41,651 [05ace5f9-a5b7-4bc6-b4fa-26d4e24ae00c@group-515877FFDAAC-LeaderElection563] INFO  impl.LeaderElection (LogUtils.java:infoOrTrace(149)) - 05ace5f9-a5b7-4bc6-b4fa-26d4e24ae00c@group-515877FFDAAC-LeaderElection563 got exception when requesting votes: {}
java.util.concurrent.ExecutionException: org.apache.ratis.thirdparty.io.grpc.StatusRuntimeException: UNAVAILABLE: io exception
	at java.util.concurrent.FutureTask.report(FutureTask.java:122)
	at java.util.concurrent.FutureTask.get(FutureTask.java:192)
	at org.apache.ratis.server.impl.LeaderElection.waitForResults(LeaderElection.java:259)
	at org.apache.ratis.server.impl.LeaderElection.askForVotes(LeaderElection.java:197)
	at org.apache.ratis.server.impl.LeaderElection.run(LeaderElection.java:133)
	at java.lang.Thread.run(Thread.java:748)
Caused by: org.apache.ratis.thirdparty.io.grpc.StatusRuntimeException: UNAVAILABLE: io exception
	at org.apache.ratis.thirdparty.io.grpc.stub.ClientCalls.toStatusRuntimeException(ClientCalls.java:233)
	at org.apache.ratis.thirdparty.io.grpc.stub.ClientCalls.getUnchecked(ClientCalls.java:214)
	at org.apache.ratis.thirdparty.io.grpc.stub.ClientCalls.blockingUnaryCall(ClientCalls.java:139)
	at org.apache.ratis.proto.grpc.RaftServerProtocolServiceGrpc$RaftServerProtocolServiceBlockingStub.requestVote(RaftServerProtocolServiceGrpc.java:265)
	at org.apache.ratis.grpc.server.GrpcServerProtocolClient.requestVote(GrpcServerProtocolClient.java:99)
	at org.apache.ratis.grpc.server.GrpcService.requestVote(GrpcService.java:204)
	at org.apache.ratis.server.impl.LeaderElection.lambda$submitRequests$1(LeaderElection.java:234)
	at java.util.concurrent.FutureTask.run(FutureTask.java:266)
	at java.util.concurrent.Executors$RunnableAdapter.call(Executors.java:511)
	at java.util.concurrent.FutureTask.run(FutureTask.java:266)
	at java.util.concurrent.ThreadPoolExecutor.runWorker(ThreadPoolExecutor.java:1149)
	at java.util.concurrent.ThreadPoolExecutor$Worker.run(ThreadPoolExecutor.java:624)
	... 1 more
Caused by: org.apache.ratis.thirdparty.io.netty.channel.AbstractChannel$AnnotatedConnectException: Connection refused: /192.168.164.217:37880
	at sun.nio.ch.SocketChannelImpl.checkConnect(Native Method)
	at sun.nio.ch.SocketChannelImpl.finishConnect(SocketChannelImpl.java:717)
	at org.apache.ratis.thirdparty.io.netty.channel.socket.nio.NioSocketChannel.doFinishConnect(NioSocketChannel.java:327)
	at org.apache.ratis.thirdparty.io.netty.channel.nio.AbstractNioChannel$AbstractNioUnsafe.finishConnect(AbstractNioChannel.java:340)
	at org.apache.ratis.thirdparty.io.netty.channel.nio.NioEventLoop.processSelectedKey(NioEventLoop.java:632)
	at org.apache.ratis.thirdparty.io.netty.channel.nio.NioEventLoop.processSelectedKeysOptimized(NioEventLoop.java:579)
	at org.apache.ratis.thirdparty.io.netty.channel.nio.NioEventLoop.processSelectedKeys(NioEventLoop.java:496)
	at org.apache.ratis.thirdparty.io.netty.channel.nio.NioEventLoop.run(NioEventLoop.java:458)
	at org.apache.ratis.thirdparty.io.netty.util.concurrent.SingleThreadEventExecutor$5.run(SingleThreadEventExecutor.java:897)
	at org.apache.ratis.thirdparty.io.netty.util.concurrent.FastThreadLocalRunnable.run(FastThreadLocalRunnable.java:30)
	... 1 more
Caused by: java.net.ConnectException: Connection refused
	... 11 more
2019-11-05 08:34:41,652 [grpc-default-executor-10] INFO  impl.RaftServerImpl (RaftServerImpl.java:setRole(184)) - d92c9463-8e05-4a70-8cc7-1d31ae7ac64a@group-515877FFDAAC: changes role from  FOLLOWER to FOLLOWER at term 150 for recognizeCandidate:05ace5f9-a5b7-4bc6-b4fa-26d4e24ae00c
2019-11-05 08:34:41,652 [grpc-default-executor-10] INFO  impl.RoleInfo (RoleInfo.java:shutdownFollowerState(121)) - d92c9463-8e05-4a70-8cc7-1d31ae7ac64a: shutdown FollowerState
2019-11-05 08:34:41,652 [grpc-default-executor-10] INFO  impl.RoleInfo (RoleInfo.java:updateAndGet(143)) - d92c9463-8e05-4a70-8cc7-1d31ae7ac64a: start FollowerState
2019-11-05 08:34:41,652 [Thread-4574] INFO  impl.FollowerState (FollowerState.java:run(117)) - d92c9463-8e05-4a70-8cc7-1d31ae7ac64a@group-515877FFDAAC-FollowerState was interrupted: java.lang.InterruptedException: sleep interrupted
2019-11-05 08:34:41,666 [05ace5f9-a5b7-4bc6-b4fa-26d4e24ae00c@group-515877FFDAAC-LeaderElection563] INFO  impl.LeaderElection (LeaderElection.java:logAndReturn(56)) - 05ace5f9-a5b7-4bc6-b4fa-26d4e24ae00c@group-515877FFDAAC-LeaderElection563: Election REJECTED; received 1 response(s) [05ace5f9-a5b7-4bc6-b4fa-26d4e24ae00c<-d92c9463-8e05-4a70-8cc7-1d31ae7ac64a#0:FAIL-t150] and 1 exception(s); 05ace5f9-a5b7-4bc6-b4fa-26d4e24ae00c@group-515877FFDAAC:t150, leader=null, voted=05ace5f9-a5b7-4bc6-b4fa-26d4e24ae00c, raftlog=05ace5f9-a5b7-4bc6-b4fa-26d4e24ae00c@group-515877FFDAAC-SegmentedRaftLog:OPENED:c-1,f-1,i0, conf=-1: [05ace5f9-a5b7-4bc6-b4fa-26d4e24ae00c:192.168.164.217:42356, d92c9463-8e05-4a70-8cc7-1d31ae7ac64a:192.168.164.217:37180, d7b60609-c805-4df6-8140-a27c681dae80:192.168.164.217:37880], old=null
2019-11-05 08:34:41,666 [05ace5f9-a5b7-4bc6-b4fa-26d4e24ae00c@group-515877FFDAAC-LeaderElection563] INFO  impl.LeaderElection (LogUtils.java:infoOrTrace(149)) -   Exception 0: {}
java.util.concurrent.ExecutionException: org.apache.ratis.thirdparty.io.grpc.StatusRuntimeException: UNAVAILABLE: io exception
	at java.util.concurrent.FutureTask.report(FutureTask.java:122)
	at java.util.concurrent.FutureTask.get(FutureTask.java:192)
	at org.apache.ratis.server.impl.LeaderElection.waitForResults(LeaderElection.java:259)
	at org.apache.ratis.server.impl.LeaderElection.askForVotes(LeaderElection.java:197)
	at org.apache.ratis.server.impl.LeaderElection.run(LeaderElection.java:133)
	at java.lang.Thread.run(Thread.java:748)
Caused by: org.apache.ratis.thirdparty.io.grpc.StatusRuntimeException: UNAVAILABLE: io exception
	at org.apache.ratis.thirdparty.io.grpc.stub.ClientCalls.toStatusRuntimeException(ClientCalls.java:233)
	at org.apache.ratis.thirdparty.io.grpc.stub.ClientCalls.getUnchecked(ClientCalls.java:214)
	at org.apache.ratis.thirdparty.io.grpc.stub.ClientCalls.blockingUnaryCall(ClientCalls.java:139)
	at org.apache.ratis.proto.grpc.RaftServerProtocolServiceGrpc$RaftServerProtocolServiceBlockingStub.requestVote(RaftServerProtocolServiceGrpc.java:265)
	at org.apache.ratis.grpc.server.GrpcServerProtocolClient.requestVote(GrpcServerProtocolClient.java:99)
	at org.apache.ratis.grpc.server.GrpcService.requestVote(GrpcService.java:204)
	at org.apache.ratis.server.impl.LeaderElection.lambda$submitRequests$1(LeaderElection.java:234)
	at java.util.concurrent.FutureTask.run(FutureTask.java:266)
	at java.util.concurrent.Executors$RunnableAdapter.call(Executors.java:511)
	at java.util.concurrent.FutureTask.run(FutureTask.java:266)
	at java.util.concurrent.ThreadPoolExecutor.runWorker(ThreadPoolExecutor.java:1149)
	at java.util.concurrent.ThreadPoolExecutor$Worker.run(ThreadPoolExecutor.java:624)
	... 1 more
Caused by: org.apache.ratis.thirdparty.io.netty.channel.AbstractChannel$AnnotatedConnectException: Connection refused: /192.168.164.217:37880
	at sun.nio.ch.SocketChannelImpl.checkConnect(Native Method)
	at sun.nio.ch.SocketChannelImpl.finishConnect(SocketChannelImpl.java:717)
	at org.apache.ratis.thirdparty.io.netty.channel.socket.nio.NioSocketChannel.doFinishConnect(NioSocketChannel.java:327)
	at org.apache.ratis.thirdparty.io.netty.channel.nio.AbstractNioChannel$AbstractNioUnsafe.finishConnect(AbstractNioChannel.java:340)
	at org.apache.ratis.thirdparty.io.netty.channel.nio.NioEventLoop.processSelectedKey(NioEventLoop.java:632)
	at org.apache.ratis.thirdparty.io.netty.channel.nio.NioEventLoop.processSelectedKeysOptimized(NioEventLoop.java:579)
	at org.apache.ratis.thirdparty.io.netty.channel.nio.NioEventLoop.processSelectedKeys(NioEventLoop.java:496)
	at org.apache.ratis.thirdparty.io.netty.channel.nio.NioEventLoop.run(NioEventLoop.java:458)
	at org.apache.ratis.thirdparty.io.netty.util.concurrent.SingleThreadEventExecutor$5.run(SingleThreadEventExecutor.java:897)
	at org.apache.ratis.thirdparty.io.netty.util.concurrent.FastThreadLocalRunnable.run(FastThreadLocalRunnable.java:30)
	... 1 more
Caused by: java.net.ConnectException: Connection refused
	... 11 more
2019-11-05 08:34:41,666 [05ace5f9-a5b7-4bc6-b4fa-26d4e24ae00c@group-515877FFDAAC-LeaderElection563] INFO  impl.RaftServerImpl (RaftServerImpl.java:setRole(184)) - 05ace5f9-a5b7-4bc6-b4fa-26d4e24ae00c@group-515877FFDAAC: changes role from CANDIDATE to FOLLOWER at term 150 for DISCOVERED_A_NEW_TERM
2019-11-05 08:34:41,667 [05ace5f9-a5b7-4bc6-b4fa-26d4e24ae00c@group-515877FFDAAC-LeaderElection563] INFO  impl.RoleInfo (RoleInfo.java:shutdownLeaderElection(134)) - 05ace5f9-a5b7-4bc6-b4fa-26d4e24ae00c: shutdown LeaderElection
2019-11-05 08:34:41,667 [05ace5f9-a5b7-4bc6-b4fa-26d4e24ae00c@group-515877FFDAAC-LeaderElection563] INFO  impl.RoleInfo (RoleInfo.java:updateAndGet(143)) - 05ace5f9-a5b7-4bc6-b4fa-26d4e24ae00c: start FollowerState
2019-11-05 08:34:41,675 [Thread-4580] INFO  impl.FollowerState (FollowerState.java:run(108)) - 05ace5f9-a5b7-4bc6-b4fa-26d4e24ae00c@group-515877FFDAAC-FollowerState: change to CANDIDATE, lastRpcTime:8ms, electionTimeout:8ms
2019-11-05 08:34:41,675 [Thread-4580] INFO  impl.RoleInfo (RoleInfo.java:shutdownFollowerState(121)) - 05ace5f9-a5b7-4bc6-b4fa-26d4e24ae00c: shutdown FollowerState
2019-11-05 08:34:41,675 [Thread-4580] INFO  impl.RaftServerImpl (RaftServerImpl.java:setRole(184)) - 05ace5f9-a5b7-4bc6-b4fa-26d4e24ae00c@group-515877FFDAAC: changes role from  FOLLOWER to CANDIDATE at term 150 for changeToCandidate
2019-11-05 08:34:41,675 [Thread-4580] INFO  impl.RoleInfo (RoleInfo.java:updateAndGet(143)) - 05ace5f9-a5b7-4bc6-b4fa-26d4e24ae00c: start LeaderElection
2019-11-05 08:34:41,689 [05ace5f9-a5b7-4bc6-b4fa-26d4e24ae00c@group-515877FFDAAC-LeaderElection564] INFO  impl.LeaderElection (LeaderElection.java:askForVotes(178)) - 05ace5f9-a5b7-4bc6-b4fa-26d4e24ae00c@group-515877FFDAAC-LeaderElection564: begin an election at term 151 for -1: [05ace5f9-a5b7-4bc6-b4fa-26d4e24ae00c:192.168.164.217:42356, d92c9463-8e05-4a70-8cc7-1d31ae7ac64a:192.168.164.217:37180, d7b60609-c805-4df6-8140-a27c681dae80:192.168.164.217:37880], old=null
2019-11-05 08:34:41,690 [05ace5f9-a5b7-4bc6-b4fa-26d4e24ae00c@group-515877FFDAAC-LeaderElection564] INFO  impl.LeaderElection (LogUtils.java:infoOrTrace(149)) - 05ace5f9-a5b7-4bc6-b4fa-26d4e24ae00c@group-515877FFDAAC-LeaderElection564 got exception when requesting votes: {}
java.util.concurrent.ExecutionException: org.apache.ratis.thirdparty.io.grpc.StatusRuntimeException: UNAVAILABLE: io exception
	at java.util.concurrent.FutureTask.report(FutureTask.java:122)
	at java.util.concurrent.FutureTask.get(FutureTask.java:192)
	at org.apache.ratis.server.impl.LeaderElection.waitForResults(LeaderElection.java:259)
	at org.apache.ratis.server.impl.LeaderElection.askForVotes(LeaderElection.java:197)
	at org.apache.ratis.server.impl.LeaderElection.run(LeaderElection.java:133)
	at java.lang.Thread.run(Thread.java:748)
Caused by: org.apache.ratis.thirdparty.io.grpc.StatusRuntimeException: UNAVAILABLE: io exception
	at org.apache.ratis.thirdparty.io.grpc.stub.ClientCalls.toStatusRuntimeException(ClientCalls.java:233)
	at org.apache.ratis.thirdparty.io.grpc.stub.ClientCalls.getUnchecked(ClientCalls.java:214)
	at org.apache.ratis.thirdparty.io.grpc.stub.ClientCalls.blockingUnaryCall(ClientCalls.java:139)
	at org.apache.ratis.proto.grpc.RaftServerProtocolServiceGrpc$RaftServerProtocolServiceBlockingStub.requestVote(RaftServerProtocolServiceGrpc.java:265)
	at org.apache.ratis.grpc.server.GrpcServerProtocolClient.requestVote(GrpcServerProtocolClient.java:99)
	at org.apache.ratis.grpc.server.GrpcService.requestVote(GrpcService.java:204)
	at org.apache.ratis.server.impl.LeaderElection.lambda$submitRequests$1(LeaderElection.java:234)
	at java.util.concurrent.FutureTask.run(FutureTask.java:266)
	at java.util.concurrent.Executors$RunnableAdapter.call(Executors.java:511)
	at java.util.concurrent.FutureTask.run(FutureTask.java:266)
	at java.util.concurrent.ThreadPoolExecutor.runWorker(ThreadPoolExecutor.java:1149)
	at java.util.concurrent.ThreadPoolExecutor$Worker.run(ThreadPoolExecutor.java:624)
	... 1 more
Caused by: org.apache.ratis.thirdparty.io.netty.channel.AbstractChannel$AnnotatedConnectException: Connection refused: /192.168.164.217:37880
	at sun.nio.ch.SocketChannelImpl.checkConnect(Native Method)
	at sun.nio.ch.SocketChannelImpl.finishConnect(SocketChannelImpl.java:717)
	at org.apache.ratis.thirdparty.io.netty.channel.socket.nio.NioSocketChannel.doFinishConnect(NioSocketChannel.java:327)
	at org.apache.ratis.thirdparty.io.netty.channel.nio.AbstractNioChannel$AbstractNioUnsafe.finishConnect(AbstractNioChannel.java:340)
	at org.apache.ratis.thirdparty.io.netty.channel.nio.NioEventLoop.processSelectedKey(NioEventLoop.java:632)
	at org.apache.ratis.thirdparty.io.netty.channel.nio.NioEventLoop.processSelectedKeysOptimized(NioEventLoop.java:579)
	at org.apache.ratis.thirdparty.io.netty.channel.nio.NioEventLoop.processSelectedKeys(NioEventLoop.java:496)
	at org.apache.ratis.thirdparty.io.netty.channel.nio.NioEventLoop.run(NioEventLoop.java:458)
	at org.apache.ratis.thirdparty.io.netty.util.concurrent.SingleThreadEventExecutor$5.run(SingleThreadEventExecutor.java:897)
	at org.apache.ratis.thirdparty.io.netty.util.concurrent.FastThreadLocalRunnable.run(FastThreadLocalRunnable.java:30)
	... 1 more
Caused by: java.net.ConnectException: Connection refused
	... 11 more
2019-11-05 08:34:41,690 [grpc-default-executor-10] INFO  impl.RaftServerImpl (RaftServerImpl.java:setRole(184)) - d92c9463-8e05-4a70-8cc7-1d31ae7ac64a@group-515877FFDAAC: changes role from  FOLLOWER to FOLLOWER at term 151 for recognizeCandidate:05ace5f9-a5b7-4bc6-b4fa-26d4e24ae00c
2019-11-05 08:34:41,691 [grpc-default-executor-10] INFO  impl.RoleInfo (RoleInfo.java:shutdownFollowerState(121)) - d92c9463-8e05-4a70-8cc7-1d31ae7ac64a: shutdown FollowerState
2019-11-05 08:34:41,691 [grpc-default-executor-10] INFO  impl.RoleInfo (RoleInfo.java:updateAndGet(143)) - d92c9463-8e05-4a70-8cc7-1d31ae7ac64a: start FollowerState
2019-11-05 08:34:41,691 [Thread-4579] INFO  impl.FollowerState (FollowerState.java:run(117)) - d92c9463-8e05-4a70-8cc7-1d31ae7ac64a@group-515877FFDAAC-FollowerState was interrupted: java.lang.InterruptedException: sleep interrupted
2019-11-05 08:34:41,706 [05ace5f9-a5b7-4bc6-b4fa-26d4e24ae00c@group-515877FFDAAC-LeaderElection564] INFO  impl.LeaderElection (LeaderElection.java:logAndReturn(56)) - 05ace5f9-a5b7-4bc6-b4fa-26d4e24ae00c@group-515877FFDAAC-LeaderElection564: Election REJECTED; received 1 response(s) [05ace5f9-a5b7-4bc6-b4fa-26d4e24ae00c<-d92c9463-8e05-4a70-8cc7-1d31ae7ac64a#0:FAIL-t151] and 1 exception(s); 05ace5f9-a5b7-4bc6-b4fa-26d4e24ae00c@group-515877FFDAAC:t151, leader=null, voted=05ace5f9-a5b7-4bc6-b4fa-26d4e24ae00c, raftlog=05ace5f9-a5b7-4bc6-b4fa-26d4e24ae00c@group-515877FFDAAC-SegmentedRaftLog:OPENED:c-1,f-1,i0, conf=-1: [05ace5f9-a5b7-4bc6-b4fa-26d4e24ae00c:192.168.164.217:42356, d92c9463-8e05-4a70-8cc7-1d31ae7ac64a:192.168.164.217:37180, d7b60609-c805-4df6-8140-a27c681dae80:192.168.164.217:37880], old=null
2019-11-05 08:34:41,707 [05ace5f9-a5b7-4bc6-b4fa-26d4e24ae00c@group-515877FFDAAC-LeaderElection564] INFO  impl.LeaderElection (LogUtils.java:infoOrTrace(149)) -   Exception 0: {}
java.util.concurrent.ExecutionException: org.apache.ratis.thirdparty.io.grpc.StatusRuntimeException: UNAVAILABLE: io exception
	at java.util.concurrent.FutureTask.report(FutureTask.java:122)
	at java.util.concurrent.FutureTask.get(FutureTask.java:192)
	at org.apache.ratis.server.impl.LeaderElection.waitForResults(LeaderElection.java:259)
	at org.apache.ratis.server.impl.LeaderElection.askForVotes(LeaderElection.java:197)
	at org.apache.ratis.server.impl.LeaderElection.run(LeaderElection.java:133)
	at java.lang.Thread.run(Thread.java:748)
Caused by: org.apache.ratis.thirdparty.io.grpc.StatusRuntimeException: UNAVAILABLE: io exception
	at org.apache.ratis.thirdparty.io.grpc.stub.ClientCalls.toStatusRuntimeException(ClientCalls.java:233)
	at org.apache.ratis.thirdparty.io.grpc.stub.ClientCalls.getUnchecked(ClientCalls.java:214)
	at org.apache.ratis.thirdparty.io.grpc.stub.ClientCalls.blockingUnaryCall(ClientCalls.java:139)
	at org.apache.ratis.proto.grpc.RaftServerProtocolServiceGrpc$RaftServerProtocolServiceBlockingStub.requestVote(RaftServerProtocolServiceGrpc.java:265)
	at org.apache.ratis.grpc.server.GrpcServerProtocolClient.requestVote(GrpcServerProtocolClient.java:99)
	at org.apache.ratis.grpc.server.GrpcService.requestVote(GrpcService.java:204)
	at org.apache.ratis.server.impl.LeaderElection.lambda$submitRequests$1(LeaderElection.java:234)
	at java.util.concurrent.FutureTask.run(FutureTask.java:266)
	at java.util.concurrent.Executors$RunnableAdapter.call(Executors.java:511)
	at java.util.concurrent.FutureTask.run(FutureTask.java:266)
	at java.util.concurrent.ThreadPoolExecutor.runWorker(ThreadPoolExecutor.java:1149)
	at java.util.concurrent.ThreadPoolExecutor$Worker.run(ThreadPoolExecutor.java:624)
	... 1 more
Caused by: org.apache.ratis.thirdparty.io.netty.channel.AbstractChannel$AnnotatedConnectException: Connection refused: /192.168.164.217:37880
	at sun.nio.ch.SocketChannelImpl.checkConnect(Native Method)
	at sun.nio.ch.SocketChannelImpl.finishConnect(SocketChannelImpl.java:717)
	at org.apache.ratis.thirdparty.io.netty.channel.socket.nio.NioSocketChannel.doFinishConnect(NioSocketChannel.java:327)
	at org.apache.ratis.thirdparty.io.netty.channel.nio.AbstractNioChannel$AbstractNioUnsafe.finishConnect(AbstractNioChannel.java:340)
	at org.apache.ratis.thirdparty.io.netty.channel.nio.NioEventLoop.processSelectedKey(NioEventLoop.java:632)
	at org.apache.ratis.thirdparty.io.netty.channel.nio.NioEventLoop.processSelectedKeysOptimized(NioEventLoop.java:579)
	at org.apache.ratis.thirdparty.io.netty.channel.nio.NioEventLoop.processSelectedKeys(NioEventLoop.java:496)
	at org.apache.ratis.thirdparty.io.netty.channel.nio.NioEventLoop.run(NioEventLoop.java:458)
	at org.apache.ratis.thirdparty.io.netty.util.concurrent.SingleThreadEventExecutor$5.run(SingleThreadEventExecutor.java:897)
	at org.apache.ratis.thirdparty.io.netty.util.concurrent.FastThreadLocalRunnable.run(FastThreadLocalRunnable.java:30)
	... 1 more
Caused by: java.net.ConnectException: Connection refused
	... 11 more
2019-11-05 08:34:41,707 [05ace5f9-a5b7-4bc6-b4fa-26d4e24ae00c@group-515877FFDAAC-LeaderElection564] INFO  impl.RaftServerImpl (RaftServerImpl.java:setRole(184)) - 05ace5f9-a5b7-4bc6-b4fa-26d4e24ae00c@group-515877FFDAAC: changes role from CANDIDATE to FOLLOWER at term 151 for DISCOVERED_A_NEW_TERM
2019-11-05 08:34:41,707 [05ace5f9-a5b7-4bc6-b4fa-26d4e24ae00c@group-515877FFDAAC-LeaderElection564] INFO  impl.RoleInfo (RoleInfo.java:shutdownLeaderElection(134)) - 05ace5f9-a5b7-4bc6-b4fa-26d4e24ae00c: shutdown LeaderElection
2019-11-05 08:34:41,707 [05ace5f9-a5b7-4bc6-b4fa-26d4e24ae00c@group-515877FFDAAC-LeaderElection564] INFO  impl.RoleInfo (RoleInfo.java:updateAndGet(143)) - 05ace5f9-a5b7-4bc6-b4fa-26d4e24ae00c: start FollowerState
2019-11-05 08:34:41,722 [Thread-4585] INFO  impl.FollowerState (FollowerState.java:run(108)) - 05ace5f9-a5b7-4bc6-b4fa-26d4e24ae00c@group-515877FFDAAC-FollowerState: change to CANDIDATE, lastRpcTime:14ms, electionTimeout:14ms
2019-11-05 08:34:41,722 [Thread-4585] INFO  impl.RoleInfo (RoleInfo.java:shutdownFollowerState(121)) - 05ace5f9-a5b7-4bc6-b4fa-26d4e24ae00c: shutdown FollowerState
2019-11-05 08:34:41,722 [Thread-4585] INFO  impl.RaftServerImpl (RaftServerImpl.java:setRole(184)) - 05ace5f9-a5b7-4bc6-b4fa-26d4e24ae00c@group-515877FFDAAC: changes role from  FOLLOWER to CANDIDATE at term 151 for changeToCandidate
2019-11-05 08:34:41,722 [Thread-4585] INFO  impl.RoleInfo (RoleInfo.java:updateAndGet(143)) - 05ace5f9-a5b7-4bc6-b4fa-26d4e24ae00c: start LeaderElection
2019-11-05 08:34:41,736 [05ace5f9-a5b7-4bc6-b4fa-26d4e24ae00c@group-515877FFDAAC-LeaderElection565] INFO  impl.LeaderElection (LeaderElection.java:askForVotes(178)) - 05ace5f9-a5b7-4bc6-b4fa-26d4e24ae00c@group-515877FFDAAC-LeaderElection565: begin an election at term 152 for -1: [05ace5f9-a5b7-4bc6-b4fa-26d4e24ae00c:192.168.164.217:42356, d92c9463-8e05-4a70-8cc7-1d31ae7ac64a:192.168.164.217:37180, d7b60609-c805-4df6-8140-a27c681dae80:192.168.164.217:37880], old=null
2019-11-05 08:34:41,737 [05ace5f9-a5b7-4bc6-b4fa-26d4e24ae00c@group-515877FFDAAC-LeaderElection565] INFO  impl.LeaderElection (LogUtils.java:infoOrTrace(149)) - 05ace5f9-a5b7-4bc6-b4fa-26d4e24ae00c@group-515877FFDAAC-LeaderElection565 got exception when requesting votes: {}
java.util.concurrent.ExecutionException: org.apache.ratis.thirdparty.io.grpc.StatusRuntimeException: UNAVAILABLE: io exception
	at java.util.concurrent.FutureTask.report(FutureTask.java:122)
	at java.util.concurrent.FutureTask.get(FutureTask.java:192)
	at org.apache.ratis.server.impl.LeaderElection.waitForResults(LeaderElection.java:259)
	at org.apache.ratis.server.impl.LeaderElection.askForVotes(LeaderElection.java:197)
	at org.apache.ratis.server.impl.LeaderElection.run(LeaderElection.java:133)
	at java.lang.Thread.run(Thread.java:748)
Caused by: org.apache.ratis.thirdparty.io.grpc.StatusRuntimeException: UNAVAILABLE: io exception
	at org.apache.ratis.thirdparty.io.grpc.stub.ClientCalls.toStatusRuntimeException(ClientCalls.java:233)
	at org.apache.ratis.thirdparty.io.grpc.stub.ClientCalls.getUnchecked(ClientCalls.java:214)
	at org.apache.ratis.thirdparty.io.grpc.stub.ClientCalls.blockingUnaryCall(ClientCalls.java:139)
	at org.apache.ratis.proto.grpc.RaftServerProtocolServiceGrpc$RaftServerProtocolServiceBlockingStub.requestVote(RaftServerProtocolServiceGrpc.java:265)
	at org.apache.ratis.grpc.server.GrpcServerProtocolClient.requestVote(GrpcServerProtocolClient.java:99)
	at org.apache.ratis.grpc.server.GrpcService.requestVote(GrpcService.java:204)
	at org.apache.ratis.server.impl.LeaderElection.lambda$submitRequests$1(LeaderElection.java:234)
	at java.util.concurrent.FutureTask.run(FutureTask.java:266)
	at java.util.concurrent.Executors$RunnableAdapter.call(Executors.java:511)
	at java.util.concurrent.FutureTask.run(FutureTask.java:266)
	at java.util.concurrent.ThreadPoolExecutor.runWorker(ThreadPoolExecutor.java:1149)
	at java.util.concurrent.ThreadPoolExecutor$Worker.run(ThreadPoolExecutor.java:624)
	... 1 more
Caused by: org.apache.ratis.thirdparty.io.netty.channel.AbstractChannel$AnnotatedConnectException: Connection refused: /192.168.164.217:37880
	at sun.nio.ch.SocketChannelImpl.checkConnect(Native Method)
	at sun.nio.ch.SocketChannelImpl.finishConnect(SocketChannelImpl.java:717)
	at org.apache.ratis.thirdparty.io.netty.channel.socket.nio.NioSocketChannel.doFinishConnect(NioSocketChannel.java:327)
	at org.apache.ratis.thirdparty.io.netty.channel.nio.AbstractNioChannel$AbstractNioUnsafe.finishConnect(AbstractNioChannel.java:340)
	at org.apache.ratis.thirdparty.io.netty.channel.nio.NioEventLoop.processSelectedKey(NioEventLoop.java:632)
	at org.apache.ratis.thirdparty.io.netty.channel.nio.NioEventLoop.processSelectedKeysOptimized(NioEventLoop.java:579)
	at org.apache.ratis.thirdparty.io.netty.channel.nio.NioEventLoop.processSelectedKeys(NioEventLoop.java:496)
	at org.apache.ratis.thirdparty.io.netty.channel.nio.NioEventLoop.run(NioEventLoop.java:458)
	at org.apache.ratis.thirdparty.io.netty.util.concurrent.SingleThreadEventExecutor$5.run(SingleThreadEventExecutor.java:897)
	at org.apache.ratis.thirdparty.io.netty.util.concurrent.FastThreadLocalRunnable.run(FastThreadLocalRunnable.java:30)
	... 1 more
Caused by: java.net.ConnectException: Connection refused
	... 11 more
2019-11-05 08:34:41,737 [grpc-default-executor-10] INFO  impl.RaftServerImpl (RaftServerImpl.java:setRole(184)) - d92c9463-8e05-4a70-8cc7-1d31ae7ac64a@group-515877FFDAAC: changes role from  FOLLOWER to FOLLOWER at term 152 for recognizeCandidate:05ace5f9-a5b7-4bc6-b4fa-26d4e24ae00c
2019-11-05 08:34:41,738 [grpc-default-executor-10] INFO  impl.RoleInfo (RoleInfo.java:shutdownFollowerState(121)) - d92c9463-8e05-4a70-8cc7-1d31ae7ac64a: shutdown FollowerState
2019-11-05 08:34:41,738 [grpc-default-executor-10] INFO  impl.RoleInfo (RoleInfo.java:updateAndGet(143)) - d92c9463-8e05-4a70-8cc7-1d31ae7ac64a: start FollowerState
2019-11-05 08:34:41,738 [Thread-4584] INFO  impl.FollowerState (FollowerState.java:run(117)) - d92c9463-8e05-4a70-8cc7-1d31ae7ac64a@group-515877FFDAAC-FollowerState was interrupted: java.lang.InterruptedException: sleep interrupted
2019-11-05 08:34:41,751 [05ace5f9-a5b7-4bc6-b4fa-26d4e24ae00c@group-515877FFDAAC-LeaderElection565] INFO  impl.LeaderElection (LeaderElection.java:logAndReturn(56)) - 05ace5f9-a5b7-4bc6-b4fa-26d4e24ae00c@group-515877FFDAAC-LeaderElection565: Election REJECTED; received 1 response(s) [05ace5f9-a5b7-4bc6-b4fa-26d4e24ae00c<-d92c9463-8e05-4a70-8cc7-1d31ae7ac64a#0:FAIL-t152] and 1 exception(s); 05ace5f9-a5b7-4bc6-b4fa-26d4e24ae00c@group-515877FFDAAC:t152, leader=null, voted=05ace5f9-a5b7-4bc6-b4fa-26d4e24ae00c, raftlog=05ace5f9-a5b7-4bc6-b4fa-26d4e24ae00c@group-515877FFDAAC-SegmentedRaftLog:OPENED:c-1,f-1,i0, conf=-1: [05ace5f9-a5b7-4bc6-b4fa-26d4e24ae00c:192.168.164.217:42356, d92c9463-8e05-4a70-8cc7-1d31ae7ac64a:192.168.164.217:37180, d7b60609-c805-4df6-8140-a27c681dae80:192.168.164.217:37880], old=null
2019-11-05 08:34:41,751 [05ace5f9-a5b7-4bc6-b4fa-26d4e24ae00c@group-515877FFDAAC-LeaderElection565] INFO  impl.LeaderElection (LogUtils.java:infoOrTrace(149)) -   Exception 0: {}
java.util.concurrent.ExecutionException: org.apache.ratis.thirdparty.io.grpc.StatusRuntimeException: UNAVAILABLE: io exception
	at java.util.concurrent.FutureTask.report(FutureTask.java:122)
	at java.util.concurrent.FutureTask.get(FutureTask.java:192)
	at org.apache.ratis.server.impl.LeaderElection.waitForResults(LeaderElection.java:259)
	at org.apache.ratis.server.impl.LeaderElection.askForVotes(LeaderElection.java:197)
	at org.apache.ratis.server.impl.LeaderElection.run(LeaderElection.java:133)
	at java.lang.Thread.run(Thread.java:748)
Caused by: org.apache.ratis.thirdparty.io.grpc.StatusRuntimeException: UNAVAILABLE: io exception
	at org.apache.ratis.thirdparty.io.grpc.stub.ClientCalls.toStatusRuntimeException(ClientCalls.java:233)
	at org.apache.ratis.thirdparty.io.grpc.stub.ClientCalls.getUnchecked(ClientCalls.java:214)
	at org.apache.ratis.thirdparty.io.grpc.stub.ClientCalls.blockingUnaryCall(ClientCalls.java:139)
	at org.apache.ratis.proto.grpc.RaftServerProtocolServiceGrpc$RaftServerProtocolServiceBlockingStub.requestVote(RaftServerProtocolServiceGrpc.java:265)
	at org.apache.ratis.grpc.server.GrpcServerProtocolClient.requestVote(GrpcServerProtocolClient.java:99)
	at org.apache.ratis.grpc.server.GrpcService.requestVote(GrpcService.java:204)
	at org.apache.ratis.server.impl.LeaderElection.lambda$submitRequests$1(LeaderElection.java:234)
	at java.util.concurrent.FutureTask.run(FutureTask.java:266)
	at java.util.concurrent.Executors$RunnableAdapter.call(Executors.java:511)
	at java.util.concurrent.FutureTask.run(FutureTask.java:266)
	at java.util.concurrent.ThreadPoolExecutor.runWorker(ThreadPoolExecutor.java:1149)
	at java.util.concurrent.ThreadPoolExecutor$Worker.run(ThreadPoolExecutor.java:624)
	... 1 more
Caused by: org.apache.ratis.thirdparty.io.netty.channel.AbstractChannel$AnnotatedConnectException: Connection refused: /192.168.164.217:37880
	at sun.nio.ch.SocketChannelImpl.checkConnect(Native Method)
	at sun.nio.ch.SocketChannelImpl.finishConnect(SocketChannelImpl.java:717)
	at org.apache.ratis.thirdparty.io.netty.channel.socket.nio.NioSocketChannel.doFinishConnect(NioSocketChannel.java:327)
	at org.apache.ratis.thirdparty.io.netty.channel.nio.AbstractNioChannel$AbstractNioUnsafe.finishConnect(AbstractNioChannel.java:340)
	at org.apache.ratis.thirdparty.io.netty.channel.nio.NioEventLoop.processSelectedKey(NioEventLoop.java:632)
	at org.apache.ratis.thirdparty.io.netty.channel.nio.NioEventLoop.processSelectedKeysOptimized(NioEventLoop.java:579)
	at org.apache.ratis.thirdparty.io.netty.channel.nio.NioEventLoop.processSelectedKeys(NioEventLoop.java:496)
	at org.apache.ratis.thirdparty.io.netty.channel.nio.NioEventLoop.run(NioEventLoop.java:458)
	at org.apache.ratis.thirdparty.io.netty.util.concurrent.SingleThreadEventExecutor$5.run(SingleThreadEventExecutor.java:897)
	at org.apache.ratis.thirdparty.io.netty.util.concurrent.FastThreadLocalRunnable.run(FastThreadLocalRunnable.java:30)
	... 1 more
Caused by: java.net.ConnectException: Connection refused
	... 11 more
2019-11-05 08:34:41,752 [05ace5f9-a5b7-4bc6-b4fa-26d4e24ae00c@group-515877FFDAAC-LeaderElection565] INFO  impl.RaftServerImpl (RaftServerImpl.java:setRole(184)) - 05ace5f9-a5b7-4bc6-b4fa-26d4e24ae00c@group-515877FFDAAC: changes role from CANDIDATE to FOLLOWER at term 152 for DISCOVERED_A_NEW_TERM
2019-11-05 08:34:41,752 [05ace5f9-a5b7-4bc6-b4fa-26d4e24ae00c@group-515877FFDAAC-LeaderElection565] INFO  impl.RoleInfo (RoleInfo.java:shutdownLeaderElection(134)) - 05ace5f9-a5b7-4bc6-b4fa-26d4e24ae00c: shutdown LeaderElection
2019-11-05 08:34:41,753 [05ace5f9-a5b7-4bc6-b4fa-26d4e24ae00c@group-515877FFDAAC-LeaderElection565] INFO  impl.RoleInfo (RoleInfo.java:updateAndGet(143)) - 05ace5f9-a5b7-4bc6-b4fa-26d4e24ae00c: start FollowerState
2019-11-05 08:34:41,859 [Thread-4590] INFO  impl.FollowerState (FollowerState.java:run(108)) - 05ace5f9-a5b7-4bc6-b4fa-26d4e24ae00c@group-515877FFDAAC-FollowerState: change to CANDIDATE, lastRpcTime:106ms, electionTimeout:106ms
2019-11-05 08:34:41,859 [Thread-4590] INFO  impl.RoleInfo (RoleInfo.java:shutdownFollowerState(121)) - 05ace5f9-a5b7-4bc6-b4fa-26d4e24ae00c: shutdown FollowerState
2019-11-05 08:34:41,859 [Thread-4590] INFO  impl.RaftServerImpl (RaftServerImpl.java:setRole(184)) - 05ace5f9-a5b7-4bc6-b4fa-26d4e24ae00c@group-515877FFDAAC: changes role from  FOLLOWER to CANDIDATE at term 152 for changeToCandidate
2019-11-05 08:34:41,859 [Thread-4590] INFO  impl.RoleInfo (RoleInfo.java:updateAndGet(143)) - 05ace5f9-a5b7-4bc6-b4fa-26d4e24ae00c: start LeaderElection
2019-11-05 08:34:41,887 [05ace5f9-a5b7-4bc6-b4fa-26d4e24ae00c@group-515877FFDAAC-LeaderElection566] INFO  impl.LeaderElection (LeaderElection.java:askForVotes(178)) - 05ace5f9-a5b7-4bc6-b4fa-26d4e24ae00c@group-515877FFDAAC-LeaderElection566: begin an election at term 153 for -1: [05ace5f9-a5b7-4bc6-b4fa-26d4e24ae00c:192.168.164.217:42356, d92c9463-8e05-4a70-8cc7-1d31ae7ac64a:192.168.164.217:37180, d7b60609-c805-4df6-8140-a27c681dae80:192.168.164.217:37880], old=null
2019-11-05 08:34:41,888 [05ace5f9-a5b7-4bc6-b4fa-26d4e24ae00c@group-515877FFDAAC-LeaderElection566] INFO  impl.LeaderElection (LogUtils.java:infoOrTrace(149)) - 05ace5f9-a5b7-4bc6-b4fa-26d4e24ae00c@group-515877FFDAAC-LeaderElection566 got exception when requesting votes: {}
java.util.concurrent.ExecutionException: org.apache.ratis.thirdparty.io.grpc.StatusRuntimeException: UNAVAILABLE: io exception
	at java.util.concurrent.FutureTask.report(FutureTask.java:122)
	at java.util.concurrent.FutureTask.get(FutureTask.java:192)
	at org.apache.ratis.server.impl.LeaderElection.waitForResults(LeaderElection.java:259)
	at org.apache.ratis.server.impl.LeaderElection.askForVotes(LeaderElection.java:197)
	at org.apache.ratis.server.impl.LeaderElection.run(LeaderElection.java:133)
	at java.lang.Thread.run(Thread.java:748)
Caused by: org.apache.ratis.thirdparty.io.grpc.StatusRuntimeException: UNAVAILABLE: io exception
	at org.apache.ratis.thirdparty.io.grpc.stub.ClientCalls.toStatusRuntimeException(ClientCalls.java:233)
	at org.apache.ratis.thirdparty.io.grpc.stub.ClientCalls.getUnchecked(ClientCalls.java:214)
	at org.apache.ratis.thirdparty.io.grpc.stub.ClientCalls.blockingUnaryCall(ClientCalls.java:139)
	at org.apache.ratis.proto.grpc.RaftServerProtocolServiceGrpc$RaftServerProtocolServiceBlockingStub.requestVote(RaftServerProtocolServiceGrpc.java:265)
	at org.apache.ratis.grpc.server.GrpcServerProtocolClient.requestVote(GrpcServerProtocolClient.java:99)
	at org.apache.ratis.grpc.server.GrpcService.requestVote(GrpcService.java:204)
	at org.apache.ratis.server.impl.LeaderElection.lambda$submitRequests$1(LeaderElection.java:234)
	at java.util.concurrent.FutureTask.run(FutureTask.java:266)
	at java.util.concurrent.Executors$RunnableAdapter.call(Executors.java:511)
	at java.util.concurrent.FutureTask.run(FutureTask.java:266)
	at java.util.concurrent.ThreadPoolExecutor.runWorker(ThreadPoolExecutor.java:1149)
	at java.util.concurrent.ThreadPoolExecutor$Worker.run(ThreadPoolExecutor.java:624)
	... 1 more
Caused by: org.apache.ratis.thirdparty.io.netty.channel.AbstractChannel$AnnotatedConnectException: Connection refused: /192.168.164.217:37880
	at sun.nio.ch.SocketChannelImpl.checkConnect(Native Method)
	at sun.nio.ch.SocketChannelImpl.finishConnect(SocketChannelImpl.java:717)
	at org.apache.ratis.thirdparty.io.netty.channel.socket.nio.NioSocketChannel.doFinishConnect(NioSocketChannel.java:327)
	at org.apache.ratis.thirdparty.io.netty.channel.nio.AbstractNioChannel$AbstractNioUnsafe.finishConnect(AbstractNioChannel.java:340)
	at org.apache.ratis.thirdparty.io.netty.channel.nio.NioEventLoop.processSelectedKey(NioEventLoop.java:632)
	at org.apache.ratis.thirdparty.io.netty.channel.nio.NioEventLoop.processSelectedKeysOptimized(NioEventLoop.java:579)
	at org.apache.ratis.thirdparty.io.netty.channel.nio.NioEventLoop.processSelectedKeys(NioEventLoop.java:496)
	at org.apache.ratis.thirdparty.io.netty.channel.nio.NioEventLoop.run(NioEventLoop.java:458)
	at org.apache.ratis.thirdparty.io.netty.util.concurrent.SingleThreadEventExecutor$5.run(SingleThreadEventExecutor.java:897)
	at org.apache.ratis.thirdparty.io.netty.util.concurrent.FastThreadLocalRunnable.run(FastThreadLocalRunnable.java:30)
	... 1 more
Caused by: java.net.ConnectException: Connection refused
	... 11 more
2019-11-05 08:34:41,889 [grpc-default-executor-17] INFO  impl.RaftServerImpl (RaftServerImpl.java:setRole(184)) - d92c9463-8e05-4a70-8cc7-1d31ae7ac64a@group-515877FFDAAC: changes role from  FOLLOWER to FOLLOWER at term 153 for recognizeCandidate:05ace5f9-a5b7-4bc6-b4fa-26d4e24ae00c
2019-11-05 08:34:41,889 [grpc-default-executor-17] INFO  impl.RoleInfo (RoleInfo.java:shutdownFollowerState(121)) - d92c9463-8e05-4a70-8cc7-1d31ae7ac64a: shutdown FollowerState
2019-11-05 08:34:41,889 [grpc-default-executor-17] INFO  impl.RoleInfo (RoleInfo.java:updateAndGet(143)) - d92c9463-8e05-4a70-8cc7-1d31ae7ac64a: start FollowerState
2019-11-05 08:34:41,890 [Thread-4589] INFO  impl.FollowerState (FollowerState.java:run(117)) - d92c9463-8e05-4a70-8cc7-1d31ae7ac64a@group-515877FFDAAC-FollowerState was interrupted: java.lang.InterruptedException: sleep interrupted
2019-11-05 08:34:41,915 [05ace5f9-a5b7-4bc6-b4fa-26d4e24ae00c@group-515877FFDAAC-LeaderElection566] INFO  impl.LeaderElection (LeaderElection.java:logAndReturn(56)) - 05ace5f9-a5b7-4bc6-b4fa-26d4e24ae00c@group-515877FFDAAC-LeaderElection566: Election REJECTED; received 1 response(s) [05ace5f9-a5b7-4bc6-b4fa-26d4e24ae00c<-d92c9463-8e05-4a70-8cc7-1d31ae7ac64a#0:FAIL-t153] and 1 exception(s); 05ace5f9-a5b7-4bc6-b4fa-26d4e24ae00c@group-515877FFDAAC:t153, leader=null, voted=05ace5f9-a5b7-4bc6-b4fa-26d4e24ae00c, raftlog=05ace5f9-a5b7-4bc6-b4fa-26d4e24ae00c@group-515877FFDAAC-SegmentedRaftLog:OPENED:c-1,f-1,i0, conf=-1: [05ace5f9-a5b7-4bc6-b4fa-26d4e24ae00c:192.168.164.217:42356, d92c9463-8e05-4a70-8cc7-1d31ae7ac64a:192.168.164.217:37180, d7b60609-c805-4df6-8140-a27c681dae80:192.168.164.217:37880], old=null
2019-11-05 08:34:41,916 [05ace5f9-a5b7-4bc6-b4fa-26d4e24ae00c@group-515877FFDAAC-LeaderElection566] INFO  impl.LeaderElection (LogUtils.java:infoOrTrace(149)) -   Exception 0: {}
java.util.concurrent.ExecutionException: org.apache.ratis.thirdparty.io.grpc.StatusRuntimeException: UNAVAILABLE: io exception
	at java.util.concurrent.FutureTask.report(FutureTask.java:122)
	at java.util.concurrent.FutureTask.get(FutureTask.java:192)
	at org.apache.ratis.server.impl.LeaderElection.waitForResults(LeaderElection.java:259)
	at org.apache.ratis.server.impl.LeaderElection.askForVotes(LeaderElection.java:197)
	at org.apache.ratis.server.impl.LeaderElection.run(LeaderElection.java:133)
	at java.lang.Thread.run(Thread.java:748)
Caused by: org.apache.ratis.thirdparty.io.grpc.StatusRuntimeException: UNAVAILABLE: io exception
	at org.apache.ratis.thirdparty.io.grpc.stub.ClientCalls.toStatusRuntimeException(ClientCalls.java:233)
	at org.apache.ratis.thirdparty.io.grpc.stub.ClientCalls.getUnchecked(ClientCalls.java:214)
	at org.apache.ratis.thirdparty.io.grpc.stub.ClientCalls.blockingUnaryCall(ClientCalls.java:139)
	at org.apache.ratis.proto.grpc.RaftServerProtocolServiceGrpc$RaftServerProtocolServiceBlockingStub.requestVote(RaftServerProtocolServiceGrpc.java:265)
	at org.apache.ratis.grpc.server.GrpcServerProtocolClient.requestVote(GrpcServerProtocolClient.java:99)
	at org.apache.ratis.grpc.server.GrpcService.requestVote(GrpcService.java:204)
	at org.apache.ratis.server.impl.LeaderElection.lambda$submitRequests$1(LeaderElection.java:234)
	at java.util.concurrent.FutureTask.run(FutureTask.java:266)
	at java.util.concurrent.Executors$RunnableAdapter.call(Executors.java:511)
	at java.util.concurrent.FutureTask.run(FutureTask.java:266)
	at java.util.concurrent.ThreadPoolExecutor.runWorker(ThreadPoolExecutor.java:1149)
	at java.util.concurrent.ThreadPoolExecutor$Worker.run(ThreadPoolExecutor.java:624)
	... 1 more
Caused by: org.apache.ratis.thirdparty.io.netty.channel.AbstractChannel$AnnotatedConnectException: Connection refused: /192.168.164.217:37880
	at sun.nio.ch.SocketChannelImpl.checkConnect(Native Method)
	at sun.nio.ch.SocketChannelImpl.finishConnect(SocketChannelImpl.java:717)
	at org.apache.ratis.thirdparty.io.netty.channel.socket.nio.NioSocketChannel.doFinishConnect(NioSocketChannel.java:327)
	at org.apache.ratis.thirdparty.io.netty.channel.nio.AbstractNioChannel$AbstractNioUnsafe.finishConnect(AbstractNioChannel.java:340)
	at org.apache.ratis.thirdparty.io.netty.channel.nio.NioEventLoop.processSelectedKey(NioEventLoop.java:632)
	at org.apache.ratis.thirdparty.io.netty.channel.nio.NioEventLoop.processSelectedKeysOptimized(NioEventLoop.java:579)
	at org.apache.ratis.thirdparty.io.netty.channel.nio.NioEventLoop.processSelectedKeys(NioEventLoop.java:496)
	at org.apache.ratis.thirdparty.io.netty.channel.nio.NioEventLoop.run(NioEventLoop.java:458)
	at org.apache.ratis.thirdparty.io.netty.util.concurrent.SingleThreadEventExecutor$5.run(SingleThreadEventExecutor.java:897)
	at org.apache.ratis.thirdparty.io.netty.util.concurrent.FastThreadLocalRunnable.run(FastThreadLocalRunnable.java:30)
	... 1 more
Caused by: java.net.ConnectException: Connection refused
	... 11 more
2019-11-05 08:34:41,916 [05ace5f9-a5b7-4bc6-b4fa-26d4e24ae00c@group-515877FFDAAC-LeaderElection566] INFO  impl.RaftServerImpl (RaftServerImpl.java:setRole(184)) - 05ace5f9-a5b7-4bc6-b4fa-26d4e24ae00c@group-515877FFDAAC: changes role from CANDIDATE to FOLLOWER at term 153 for DISCOVERED_A_NEW_TERM
2019-11-05 08:34:41,916 [05ace5f9-a5b7-4bc6-b4fa-26d4e24ae00c@group-515877FFDAAC-LeaderElection566] INFO  impl.RoleInfo (RoleInfo.java:shutdownLeaderElection(134)) - 05ace5f9-a5b7-4bc6-b4fa-26d4e24ae00c: shutdown LeaderElection
2019-11-05 08:34:41,916 [05ace5f9-a5b7-4bc6-b4fa-26d4e24ae00c@group-515877FFDAAC-LeaderElection566] INFO  impl.RoleInfo (RoleInfo.java:updateAndGet(143)) - 05ace5f9-a5b7-4bc6-b4fa-26d4e24ae00c: start FollowerState
2019-11-05 08:34:42,104 [Thread-4597] INFO  impl.FollowerState (FollowerState.java:run(108)) - 05ace5f9-a5b7-4bc6-b4fa-26d4e24ae00c@group-515877FFDAAC-FollowerState: change to CANDIDATE, lastRpcTime:187ms, electionTimeout:187ms
2019-11-05 08:34:42,104 [Thread-4597] INFO  impl.RoleInfo (RoleInfo.java:shutdownFollowerState(121)) - 05ace5f9-a5b7-4bc6-b4fa-26d4e24ae00c: shutdown FollowerState
2019-11-05 08:34:42,104 [Thread-4597] INFO  impl.RaftServerImpl (RaftServerImpl.java:setRole(184)) - 05ace5f9-a5b7-4bc6-b4fa-26d4e24ae00c@group-515877FFDAAC: changes role from  FOLLOWER to CANDIDATE at term 153 for changeToCandidate
2019-11-05 08:34:42,104 [Thread-4597] INFO  impl.RoleInfo (RoleInfo.java:updateAndGet(143)) - 05ace5f9-a5b7-4bc6-b4fa-26d4e24ae00c: start LeaderElection
2019-11-05 08:34:42,126 [05ace5f9-a5b7-4bc6-b4fa-26d4e24ae00c@group-515877FFDAAC-LeaderElection567] INFO  impl.LeaderElection (LeaderElection.java:askForVotes(178)) - 05ace5f9-a5b7-4bc6-b4fa-26d4e24ae00c@group-515877FFDAAC-LeaderElection567: begin an election at term 154 for -1: [05ace5f9-a5b7-4bc6-b4fa-26d4e24ae00c:192.168.164.217:42356, d92c9463-8e05-4a70-8cc7-1d31ae7ac64a:192.168.164.217:37180, d7b60609-c805-4df6-8140-a27c681dae80:192.168.164.217:37880], old=null
2019-11-05 08:34:42,127 [05ace5f9-a5b7-4bc6-b4fa-26d4e24ae00c@group-515877FFDAAC-LeaderElection567] INFO  impl.LeaderElection (LogUtils.java:infoOrTrace(149)) - 05ace5f9-a5b7-4bc6-b4fa-26d4e24ae00c@group-515877FFDAAC-LeaderElection567 got exception when requesting votes: {}
java.util.concurrent.ExecutionException: org.apache.ratis.thirdparty.io.grpc.StatusRuntimeException: UNAVAILABLE: io exception
	at java.util.concurrent.FutureTask.report(FutureTask.java:122)
	at java.util.concurrent.FutureTask.get(FutureTask.java:192)
	at org.apache.ratis.server.impl.LeaderElection.waitForResults(LeaderElection.java:259)
	at org.apache.ratis.server.impl.LeaderElection.askForVotes(LeaderElection.java:197)
	at org.apache.ratis.server.impl.LeaderElection.run(LeaderElection.java:133)
	at java.lang.Thread.run(Thread.java:748)
Caused by: org.apache.ratis.thirdparty.io.grpc.StatusRuntimeException: UNAVAILABLE: io exception
	at org.apache.ratis.thirdparty.io.grpc.stub.ClientCalls.toStatusRuntimeException(ClientCalls.java:233)
	at org.apache.ratis.thirdparty.io.grpc.stub.ClientCalls.getUnchecked(ClientCalls.java:214)
	at org.apache.ratis.thirdparty.io.grpc.stub.ClientCalls.blockingUnaryCall(ClientCalls.java:139)
	at org.apache.ratis.proto.grpc.RaftServerProtocolServiceGrpc$RaftServerProtocolServiceBlockingStub.requestVote(RaftServerProtocolServiceGrpc.java:265)
	at org.apache.ratis.grpc.server.GrpcServerProtocolClient.requestVote(GrpcServerProtocolClient.java:99)
	at org.apache.ratis.grpc.server.GrpcService.requestVote(GrpcService.java:204)
	at org.apache.ratis.server.impl.LeaderElection.lambda$submitRequests$1(LeaderElection.java:234)
	at java.util.concurrent.FutureTask.run(FutureTask.java:266)
	at java.util.concurrent.Executors$RunnableAdapter.call(Executors.java:511)
	at java.util.concurrent.FutureTask.run(FutureTask.java:266)
	at java.util.concurrent.ThreadPoolExecutor.runWorker(ThreadPoolExecutor.java:1149)
	at java.util.concurrent.ThreadPoolExecutor$Worker.run(ThreadPoolExecutor.java:624)
	... 1 more
Caused by: org.apache.ratis.thirdparty.io.netty.channel.AbstractChannel$AnnotatedConnectException: Connection refused: /192.168.164.217:37880
	at sun.nio.ch.SocketChannelImpl.checkConnect(Native Method)
	at sun.nio.ch.SocketChannelImpl.finishConnect(SocketChannelImpl.java:717)
	at org.apache.ratis.thirdparty.io.netty.channel.socket.nio.NioSocketChannel.doFinishConnect(NioSocketChannel.java:327)
	at org.apache.ratis.thirdparty.io.netty.channel.nio.AbstractNioChannel$AbstractNioUnsafe.finishConnect(AbstractNioChannel.java:340)
	at org.apache.ratis.thirdparty.io.netty.channel.nio.NioEventLoop.processSelectedKey(NioEventLoop.java:632)
	at org.apache.ratis.thirdparty.io.netty.channel.nio.NioEventLoop.processSelectedKeysOptimized(NioEventLoop.java:579)
	at org.apache.ratis.thirdparty.io.netty.channel.nio.NioEventLoop.processSelectedKeys(NioEventLoop.java:496)
	at org.apache.ratis.thirdparty.io.netty.channel.nio.NioEventLoop.run(NioEventLoop.java:458)
	at org.apache.ratis.thirdparty.io.netty.util.concurrent.SingleThreadEventExecutor$5.run(SingleThreadEventExecutor.java:897)
	at org.apache.ratis.thirdparty.io.netty.util.concurrent.FastThreadLocalRunnable.run(FastThreadLocalRunnable.java:30)
	... 1 more
Caused by: java.net.ConnectException: Connection refused
	... 11 more
2019-11-05 08:34:42,129 [grpc-default-executor-17] INFO  impl.RaftServerImpl (RaftServerImpl.java:setRole(184)) - d92c9463-8e05-4a70-8cc7-1d31ae7ac64a@group-515877FFDAAC: changes role from  FOLLOWER to FOLLOWER at term 154 for recognizeCandidate:05ace5f9-a5b7-4bc6-b4fa-26d4e24ae00c
2019-11-05 08:34:42,129 [grpc-default-executor-17] INFO  impl.RoleInfo (RoleInfo.java:shutdownFollowerState(121)) - d92c9463-8e05-4a70-8cc7-1d31ae7ac64a: shutdown FollowerState
2019-11-05 08:34:42,129 [grpc-default-executor-17] INFO  impl.RoleInfo (RoleInfo.java:updateAndGet(143)) - d92c9463-8e05-4a70-8cc7-1d31ae7ac64a: start FollowerState
2019-11-05 08:34:42,129 [Thread-4596] INFO  impl.FollowerState (FollowerState.java:run(117)) - d92c9463-8e05-4a70-8cc7-1d31ae7ac64a@group-515877FFDAAC-FollowerState was interrupted: java.lang.InterruptedException: sleep interrupted
2019-11-05 08:34:42,153 [05ace5f9-a5b7-4bc6-b4fa-26d4e24ae00c@group-515877FFDAAC-LeaderElection567] INFO  impl.LeaderElection (LeaderElection.java:logAndReturn(56)) - 05ace5f9-a5b7-4bc6-b4fa-26d4e24ae00c@group-515877FFDAAC-LeaderElection567: Election REJECTED; received 1 response(s) [05ace5f9-a5b7-4bc6-b4fa-26d4e24ae00c<-d92c9463-8e05-4a70-8cc7-1d31ae7ac64a#0:FAIL-t154] and 1 exception(s); 05ace5f9-a5b7-4bc6-b4fa-26d4e24ae00c@group-515877FFDAAC:t154, leader=null, voted=05ace5f9-a5b7-4bc6-b4fa-26d4e24ae00c, raftlog=05ace5f9-a5b7-4bc6-b4fa-26d4e24ae00c@group-515877FFDAAC-SegmentedRaftLog:OPENED:c-1,f-1,i0, conf=-1: [05ace5f9-a5b7-4bc6-b4fa-26d4e24ae00c:192.168.164.217:42356, d92c9463-8e05-4a70-8cc7-1d31ae7ac64a:192.168.164.217:37180, d7b60609-c805-4df6-8140-a27c681dae80:192.168.164.217:37880], old=null
2019-11-05 08:34:42,153 [05ace5f9-a5b7-4bc6-b4fa-26d4e24ae00c@group-515877FFDAAC-LeaderElection567] INFO  impl.LeaderElection (LogUtils.java:infoOrTrace(149)) -   Exception 0: {}
java.util.concurrent.ExecutionException: org.apache.ratis.thirdparty.io.grpc.StatusRuntimeException: UNAVAILABLE: io exception
	at java.util.concurrent.FutureTask.report(FutureTask.java:122)
	at java.util.concurrent.FutureTask.get(FutureTask.java:192)
	at org.apache.ratis.server.impl.LeaderElection.waitForResults(LeaderElection.java:259)
	at org.apache.ratis.server.impl.LeaderElection.askForVotes(LeaderElection.java:197)
	at org.apache.ratis.server.impl.LeaderElection.run(LeaderElection.java:133)
	at java.lang.Thread.run(Thread.java:748)
Caused by: org.apache.ratis.thirdparty.io.grpc.StatusRuntimeException: UNAVAILABLE: io exception
	at org.apache.ratis.thirdparty.io.grpc.stub.ClientCalls.toStatusRuntimeException(ClientCalls.java:233)
	at org.apache.ratis.thirdparty.io.grpc.stub.ClientCalls.getUnchecked(ClientCalls.java:214)
	at org.apache.ratis.thirdparty.io.grpc.stub.ClientCalls.blockingUnaryCall(ClientCalls.java:139)
	at org.apache.ratis.proto.grpc.RaftServerProtocolServiceGrpc$RaftServerProtocolServiceBlockingStub.requestVote(RaftServerProtocolServiceGrpc.java:265)
	at org.apache.ratis.grpc.server.GrpcServerProtocolClient.requestVote(GrpcServerProtocolClient.java:99)
	at org.apache.ratis.grpc.server.GrpcService.requestVote(GrpcService.java:204)
	at org.apache.ratis.server.impl.LeaderElection.lambda$submitRequests$1(LeaderElection.java:234)
	at java.util.concurrent.FutureTask.run(FutureTask.java:266)
	at java.util.concurrent.Executors$RunnableAdapter.call(Executors.java:511)
	at java.util.concurrent.FutureTask.run(FutureTask.java:266)
	at java.util.concurrent.ThreadPoolExecutor.runWorker(ThreadPoolExecutor.java:1149)
	at java.util.concurrent.ThreadPoolExecutor$Worker.run(ThreadPoolExecutor.java:624)
	... 1 more
Caused by: org.apache.ratis.thirdparty.io.netty.channel.AbstractChannel$AnnotatedConnectException: Connection refused: /192.168.164.217:37880
	at sun.nio.ch.SocketChannelImpl.checkConnect(Native Method)
	at sun.nio.ch.SocketChannelImpl.finishConnect(SocketChannelImpl.java:717)
	at org.apache.ratis.thirdparty.io.netty.channel.socket.nio.NioSocketChannel.doFinishConnect(NioSocketChannel.java:327)
	at org.apache.ratis.thirdparty.io.netty.channel.nio.AbstractNioChannel$AbstractNioUnsafe.finishConnect(AbstractNioChannel.java:340)
	at org.apache.ratis.thirdparty.io.netty.channel.nio.NioEventLoop.processSelectedKey(NioEventLoop.java:632)
	at org.apache.ratis.thirdparty.io.netty.channel.nio.NioEventLoop.processSelectedKeysOptimized(NioEventLoop.java:579)
	at org.apache.ratis.thirdparty.io.netty.channel.nio.NioEventLoop.processSelectedKeys(NioEventLoop.java:496)
	at org.apache.ratis.thirdparty.io.netty.channel.nio.NioEventLoop.run(NioEventLoop.java:458)
	at org.apache.ratis.thirdparty.io.netty.util.concurrent.SingleThreadEventExecutor$5.run(SingleThreadEventExecutor.java:897)
	at org.apache.ratis.thirdparty.io.netty.util.concurrent.FastThreadLocalRunnable.run(FastThreadLocalRunnable.java:30)
	... 1 more
Caused by: java.net.ConnectException: Connection refused
	... 11 more
2019-11-05 08:34:42,154 [05ace5f9-a5b7-4bc6-b4fa-26d4e24ae00c@group-515877FFDAAC-LeaderElection567] INFO  impl.RaftServerImpl (RaftServerImpl.java:setRole(184)) - 05ace5f9-a5b7-4bc6-b4fa-26d4e24ae00c@group-515877FFDAAC: changes role from CANDIDATE to FOLLOWER at term 154 for DISCOVERED_A_NEW_TERM
2019-11-05 08:34:42,154 [05ace5f9-a5b7-4bc6-b4fa-26d4e24ae00c@group-515877FFDAAC-LeaderElection567] INFO  impl.RoleInfo (RoleInfo.java:shutdownLeaderElection(134)) - 05ace5f9-a5b7-4bc6-b4fa-26d4e24ae00c: shutdown LeaderElection
2019-11-05 08:34:42,154 [05ace5f9-a5b7-4bc6-b4fa-26d4e24ae00c@group-515877FFDAAC-LeaderElection567] INFO  impl.RoleInfo (RoleInfo.java:updateAndGet(143)) - 05ace5f9-a5b7-4bc6-b4fa-26d4e24ae00c: start FollowerState
2019-11-05 08:34:42,295 [Thread-4603] INFO  impl.FollowerState (FollowerState.java:run(108)) - 05ace5f9-a5b7-4bc6-b4fa-26d4e24ae00c@group-515877FFDAAC-FollowerState: change to CANDIDATE, lastRpcTime:140ms, electionTimeout:140ms
2019-11-05 08:34:42,295 [Thread-4603] INFO  impl.RoleInfo (RoleInfo.java:shutdownFollowerState(121)) - 05ace5f9-a5b7-4bc6-b4fa-26d4e24ae00c: shutdown FollowerState
2019-11-05 08:34:42,295 [Thread-4603] INFO  impl.RaftServerImpl (RaftServerImpl.java:setRole(184)) - 05ace5f9-a5b7-4bc6-b4fa-26d4e24ae00c@group-515877FFDAAC: changes role from  FOLLOWER to CANDIDATE at term 154 for changeToCandidate
2019-11-05 08:34:42,296 [Thread-4603] INFO  impl.RoleInfo (RoleInfo.java:updateAndGet(143)) - 05ace5f9-a5b7-4bc6-b4fa-26d4e24ae00c: start LeaderElection
2019-11-05 08:34:42,322 [05ace5f9-a5b7-4bc6-b4fa-26d4e24ae00c@group-515877FFDAAC-LeaderElection568] INFO  impl.LeaderElection (LeaderElection.java:askForVotes(178)) - 05ace5f9-a5b7-4bc6-b4fa-26d4e24ae00c@group-515877FFDAAC-LeaderElection568: begin an election at term 155 for -1: [05ace5f9-a5b7-4bc6-b4fa-26d4e24ae00c:192.168.164.217:42356, d92c9463-8e05-4a70-8cc7-1d31ae7ac64a:192.168.164.217:37180, d7b60609-c805-4df6-8140-a27c681dae80:192.168.164.217:37880], old=null
2019-11-05 08:34:42,323 [05ace5f9-a5b7-4bc6-b4fa-26d4e24ae00c@group-515877FFDAAC-LeaderElection568] INFO  impl.LeaderElection (LogUtils.java:infoOrTrace(149)) - 05ace5f9-a5b7-4bc6-b4fa-26d4e24ae00c@group-515877FFDAAC-LeaderElection568 got exception when requesting votes: {}
java.util.concurrent.ExecutionException: org.apache.ratis.thirdparty.io.grpc.StatusRuntimeException: UNAVAILABLE: io exception
	at java.util.concurrent.FutureTask.report(FutureTask.java:122)
	at java.util.concurrent.FutureTask.get(FutureTask.java:192)
	at org.apache.ratis.server.impl.LeaderElection.waitForResults(LeaderElection.java:259)
	at org.apache.ratis.server.impl.LeaderElection.askForVotes(LeaderElection.java:197)
	at org.apache.ratis.server.impl.LeaderElection.run(LeaderElection.java:133)
	at java.lang.Thread.run(Thread.java:748)
Caused by: org.apache.ratis.thirdparty.io.grpc.StatusRuntimeException: UNAVAILABLE: io exception
	at org.apache.ratis.thirdparty.io.grpc.stub.ClientCalls.toStatusRuntimeException(ClientCalls.java:233)
	at org.apache.ratis.thirdparty.io.grpc.stub.ClientCalls.getUnchecked(ClientCalls.java:214)
	at org.apache.ratis.thirdparty.io.grpc.stub.ClientCalls.blockingUnaryCall(ClientCalls.java:139)
	at org.apache.ratis.proto.grpc.RaftServerProtocolServiceGrpc$RaftServerProtocolServiceBlockingStub.requestVote(RaftServerProtocolServiceGrpc.java:265)
	at org.apache.ratis.grpc.server.GrpcServerProtocolClient.requestVote(GrpcServerProtocolClient.java:99)
	at org.apache.ratis.grpc.server.GrpcService.requestVote(GrpcService.java:204)
	at org.apache.ratis.server.impl.LeaderElection.lambda$submitRequests$1(LeaderElection.java:234)
	at java.util.concurrent.FutureTask.run(FutureTask.java:266)
	at java.util.concurrent.Executors$RunnableAdapter.call(Executors.java:511)
	at java.util.concurrent.FutureTask.run(FutureTask.java:266)
	at java.util.concurrent.ThreadPoolExecutor.runWorker(ThreadPoolExecutor.java:1149)
	at java.util.concurrent.ThreadPoolExecutor$Worker.run(ThreadPoolExecutor.java:624)
	... 1 more
Caused by: org.apache.ratis.thirdparty.io.netty.channel.AbstractChannel$AnnotatedConnectException: Connection refused: /192.168.164.217:37880
	at sun.nio.ch.SocketChannelImpl.checkConnect(Native Method)
	at sun.nio.ch.SocketChannelImpl.finishConnect(SocketChannelImpl.java:717)
	at org.apache.ratis.thirdparty.io.netty.channel.socket.nio.NioSocketChannel.doFinishConnect(NioSocketChannel.java:327)
	at org.apache.ratis.thirdparty.io.netty.channel.nio.AbstractNioChannel$AbstractNioUnsafe.finishConnect(AbstractNioChannel.java:340)
	at org.apache.ratis.thirdparty.io.netty.channel.nio.NioEventLoop.processSelectedKey(NioEventLoop.java:632)
	at org.apache.ratis.thirdparty.io.netty.channel.nio.NioEventLoop.processSelectedKeysOptimized(NioEventLoop.java:579)
	at org.apache.ratis.thirdparty.io.netty.channel.nio.NioEventLoop.processSelectedKeys(NioEventLoop.java:496)
	at org.apache.ratis.thirdparty.io.netty.channel.nio.NioEventLoop.run(NioEventLoop.java:458)
	at org.apache.ratis.thirdparty.io.netty.util.concurrent.SingleThreadEventExecutor$5.run(SingleThreadEventExecutor.java:897)
	at org.apache.ratis.thirdparty.io.netty.util.concurrent.FastThreadLocalRunnable.run(FastThreadLocalRunnable.java:30)
	... 1 more
Caused by: java.net.ConnectException: Connection refused
	... 11 more
2019-11-05 08:34:42,325 [grpc-default-executor-10] INFO  impl.RaftServerImpl (RaftServerImpl.java:setRole(184)) - d92c9463-8e05-4a70-8cc7-1d31ae7ac64a@group-515877FFDAAC: changes role from  FOLLOWER to FOLLOWER at term 155 for recognizeCandidate:05ace5f9-a5b7-4bc6-b4fa-26d4e24ae00c
2019-11-05 08:34:42,325 [grpc-default-executor-10] INFO  impl.RoleInfo (RoleInfo.java:shutdownFollowerState(121)) - d92c9463-8e05-4a70-8cc7-1d31ae7ac64a: shutdown FollowerState
2019-11-05 08:34:42,325 [grpc-default-executor-10] INFO  impl.RoleInfo (RoleInfo.java:updateAndGet(143)) - d92c9463-8e05-4a70-8cc7-1d31ae7ac64a: start FollowerState
2019-11-05 08:34:42,325 [Thread-4602] INFO  impl.FollowerState (FollowerState.java:run(117)) - d92c9463-8e05-4a70-8cc7-1d31ae7ac64a@group-515877FFDAAC-FollowerState was interrupted: java.lang.InterruptedException: sleep interrupted
2019-11-05 08:34:42,338 [05ace5f9-a5b7-4bc6-b4fa-26d4e24ae00c@group-515877FFDAAC-LeaderElection568] INFO  impl.LeaderElection (LeaderElection.java:logAndReturn(56)) - 05ace5f9-a5b7-4bc6-b4fa-26d4e24ae00c@group-515877FFDAAC-LeaderElection568: Election REJECTED; received 1 response(s) [05ace5f9-a5b7-4bc6-b4fa-26d4e24ae00c<-d92c9463-8e05-4a70-8cc7-1d31ae7ac64a#0:FAIL-t155] and 1 exception(s); 05ace5f9-a5b7-4bc6-b4fa-26d4e24ae00c@group-515877FFDAAC:t155, leader=null, voted=05ace5f9-a5b7-4bc6-b4fa-26d4e24ae00c, raftlog=05ace5f9-a5b7-4bc6-b4fa-26d4e24ae00c@group-515877FFDAAC-SegmentedRaftLog:OPENED:c-1,f-1,i0, conf=-1: [05ace5f9-a5b7-4bc6-b4fa-26d4e24ae00c:192.168.164.217:42356, d92c9463-8e05-4a70-8cc7-1d31ae7ac64a:192.168.164.217:37180, d7b60609-c805-4df6-8140-a27c681dae80:192.168.164.217:37880], old=null
2019-11-05 08:34:42,339 [05ace5f9-a5b7-4bc6-b4fa-26d4e24ae00c@group-515877FFDAAC-LeaderElection568] INFO  impl.LeaderElection (LogUtils.java:infoOrTrace(149)) -   Exception 0: {}
java.util.concurrent.ExecutionException: org.apache.ratis.thirdparty.io.grpc.StatusRuntimeException: UNAVAILABLE: io exception
	at java.util.concurrent.FutureTask.report(FutureTask.java:122)
	at java.util.concurrent.FutureTask.get(FutureTask.java:192)
	at org.apache.ratis.server.impl.LeaderElection.waitForResults(LeaderElection.java:259)
	at org.apache.ratis.server.impl.LeaderElection.askForVotes(LeaderElection.java:197)
	at org.apache.ratis.server.impl.LeaderElection.run(LeaderElection.java:133)
	at java.lang.Thread.run(Thread.java:748)
Caused by: org.apache.ratis.thirdparty.io.grpc.StatusRuntimeException: UNAVAILABLE: io exception
	at org.apache.ratis.thirdparty.io.grpc.stub.ClientCalls.toStatusRuntimeException(ClientCalls.java:233)
	at org.apache.ratis.thirdparty.io.grpc.stub.ClientCalls.getUnchecked(ClientCalls.java:214)
	at org.apache.ratis.thirdparty.io.grpc.stub.ClientCalls.blockingUnaryCall(ClientCalls.java:139)
	at org.apache.ratis.proto.grpc.RaftServerProtocolServiceGrpc$RaftServerProtocolServiceBlockingStub.requestVote(RaftServerProtocolServiceGrpc.java:265)
	at org.apache.ratis.grpc.server.GrpcServerProtocolClient.requestVote(GrpcServerProtocolClient.java:99)
	at org.apache.ratis.grpc.server.GrpcService.requestVote(GrpcService.java:204)
	at org.apache.ratis.server.impl.LeaderElection.lambda$submitRequests$1(LeaderElection.java:234)
	at java.util.concurrent.FutureTask.run(FutureTask.java:266)
	at java.util.concurrent.Executors$RunnableAdapter.call(Executors.java:511)
	at java.util.concurrent.FutureTask.run(FutureTask.java:266)
	at java.util.concurrent.ThreadPoolExecutor.runWorker(ThreadPoolExecutor.java:1149)
	at java.util.concurrent.ThreadPoolExecutor$Worker.run(ThreadPoolExecutor.java:624)
	... 1 more
Caused by: org.apache.ratis.thirdparty.io.netty.channel.AbstractChannel$AnnotatedConnectException: Connection refused: /192.168.164.217:37880
	at sun.nio.ch.SocketChannelImpl.checkConnect(Native Method)
	at sun.nio.ch.SocketChannelImpl.finishConnect(SocketChannelImpl.java:717)
	at org.apache.ratis.thirdparty.io.netty.channel.socket.nio.NioSocketChannel.doFinishConnect(NioSocketChannel.java:327)
	at org.apache.ratis.thirdparty.io.netty.channel.nio.AbstractNioChannel$AbstractNioUnsafe.finishConnect(AbstractNioChannel.java:340)
	at org.apache.ratis.thirdparty.io.netty.channel.nio.NioEventLoop.processSelectedKey(NioEventLoop.java:632)
	at org.apache.ratis.thirdparty.io.netty.channel.nio.NioEventLoop.processSelectedKeysOptimized(NioEventLoop.java:579)
	at org.apache.ratis.thirdparty.io.netty.channel.nio.NioEventLoop.processSelectedKeys(NioEventLoop.java:496)
	at org.apache.ratis.thirdparty.io.netty.channel.nio.NioEventLoop.run(NioEventLoop.java:458)
	at org.apache.ratis.thirdparty.io.netty.util.concurrent.SingleThreadEventExecutor$5.run(SingleThreadEventExecutor.java:897)
	at org.apache.ratis.thirdparty.io.netty.util.concurrent.FastThreadLocalRunnable.run(FastThreadLocalRunnable.java:30)
	... 1 more
Caused by: java.net.ConnectException: Connection refused
	... 11 more
2019-11-05 08:34:42,339 [05ace5f9-a5b7-4bc6-b4fa-26d4e24ae00c@group-515877FFDAAC-LeaderElection568] INFO  impl.RaftServerImpl (RaftServerImpl.java:setRole(184)) - 05ace5f9-a5b7-4bc6-b4fa-26d4e24ae00c@group-515877FFDAAC: changes role from CANDIDATE to FOLLOWER at term 155 for DISCOVERED_A_NEW_TERM
2019-11-05 08:34:42,339 [05ace5f9-a5b7-4bc6-b4fa-26d4e24ae00c@group-515877FFDAAC-LeaderElection568] INFO  impl.RoleInfo (RoleInfo.java:shutdownLeaderElection(134)) - 05ace5f9-a5b7-4bc6-b4fa-26d4e24ae00c: shutdown LeaderElection
2019-11-05 08:34:42,339 [05ace5f9-a5b7-4bc6-b4fa-26d4e24ae00c@group-515877FFDAAC-LeaderElection568] INFO  impl.RoleInfo (RoleInfo.java:updateAndGet(143)) - 05ace5f9-a5b7-4bc6-b4fa-26d4e24ae00c: start FollowerState
2019-11-05 08:34:42,370 [Thread-4610] INFO  impl.FollowerState (FollowerState.java:run(108)) - 05ace5f9-a5b7-4bc6-b4fa-26d4e24ae00c@group-515877FFDAAC-FollowerState: change to CANDIDATE, lastRpcTime:30ms, electionTimeout:30ms
2019-11-05 08:34:42,370 [Thread-4610] INFO  impl.RoleInfo (RoleInfo.java:shutdownFollowerState(121)) - 05ace5f9-a5b7-4bc6-b4fa-26d4e24ae00c: shutdown FollowerState
2019-11-05 08:34:42,370 [Thread-4610] INFO  impl.RaftServerImpl (RaftServerImpl.java:setRole(184)) - 05ace5f9-a5b7-4bc6-b4fa-26d4e24ae00c@group-515877FFDAAC: changes role from  FOLLOWER to CANDIDATE at term 155 for changeToCandidate
2019-11-05 08:34:42,370 [Thread-4610] INFO  impl.RoleInfo (RoleInfo.java:updateAndGet(143)) - 05ace5f9-a5b7-4bc6-b4fa-26d4e24ae00c: start LeaderElection
2019-11-05 08:34:42,383 [05ace5f9-a5b7-4bc6-b4fa-26d4e24ae00c@group-515877FFDAAC-LeaderElection569] INFO  impl.LeaderElection (LeaderElection.java:askForVotes(178)) - 05ace5f9-a5b7-4bc6-b4fa-26d4e24ae00c@group-515877FFDAAC-LeaderElection569: begin an election at term 156 for -1: [05ace5f9-a5b7-4bc6-b4fa-26d4e24ae00c:192.168.164.217:42356, d92c9463-8e05-4a70-8cc7-1d31ae7ac64a:192.168.164.217:37180, d7b60609-c805-4df6-8140-a27c681dae80:192.168.164.217:37880], old=null
2019-11-05 08:34:42,384 [05ace5f9-a5b7-4bc6-b4fa-26d4e24ae00c@group-515877FFDAAC-LeaderElection569] INFO  impl.LeaderElection (LogUtils.java:infoOrTrace(149)) - 05ace5f9-a5b7-4bc6-b4fa-26d4e24ae00c@group-515877FFDAAC-LeaderElection569 got exception when requesting votes: {}
java.util.concurrent.ExecutionException: org.apache.ratis.thirdparty.io.grpc.StatusRuntimeException: UNAVAILABLE: io exception
	at java.util.concurrent.FutureTask.report(FutureTask.java:122)
	at java.util.concurrent.FutureTask.get(FutureTask.java:192)
	at org.apache.ratis.server.impl.LeaderElection.waitForResults(LeaderElection.java:259)
	at org.apache.ratis.server.impl.LeaderElection.askForVotes(LeaderElection.java:197)
	at org.apache.ratis.server.impl.LeaderElection.run(LeaderElection.java:133)
	at java.lang.Thread.run(Thread.java:748)
Caused by: org.apache.ratis.thirdparty.io.grpc.StatusRuntimeException: UNAVAILABLE: io exception
	at org.apache.ratis.thirdparty.io.grpc.stub.ClientCalls.toStatusRuntimeException(ClientCalls.java:233)
	at org.apache.ratis.thirdparty.io.grpc.stub.ClientCalls.getUnchecked(ClientCalls.java:214)
	at org.apache.ratis.thirdparty.io.grpc.stub.ClientCalls.blockingUnaryCall(ClientCalls.java:139)
	at org.apache.ratis.proto.grpc.RaftServerProtocolServiceGrpc$RaftServerProtocolServiceBlockingStub.requestVote(RaftServerProtocolServiceGrpc.java:265)
	at org.apache.ratis.grpc.server.GrpcServerProtocolClient.requestVote(GrpcServerProtocolClient.java:99)
	at org.apache.ratis.grpc.server.GrpcService.requestVote(GrpcService.java:204)
	at org.apache.ratis.server.impl.LeaderElection.lambda$submitRequests$1(LeaderElection.java:234)
	at java.util.concurrent.FutureTask.run(FutureTask.java:266)
	at java.util.concurrent.Executors$RunnableAdapter.call(Executors.java:511)
	at java.util.concurrent.FutureTask.run(FutureTask.java:266)
	at java.util.concurrent.ThreadPoolExecutor.runWorker(ThreadPoolExecutor.java:1149)
	at java.util.concurrent.ThreadPoolExecutor$Worker.run(ThreadPoolExecutor.java:624)
	... 1 more
Caused by: org.apache.ratis.thirdparty.io.netty.channel.AbstractChannel$AnnotatedConnectException: Connection refused: /192.168.164.217:37880
	at sun.nio.ch.SocketChannelImpl.checkConnect(Native Method)
	at sun.nio.ch.SocketChannelImpl.finishConnect(SocketChannelImpl.java:717)
	at org.apache.ratis.thirdparty.io.netty.channel.socket.nio.NioSocketChannel.doFinishConnect(NioSocketChannel.java:327)
	at org.apache.ratis.thirdparty.io.netty.channel.nio.AbstractNioChannel$AbstractNioUnsafe.finishConnect(AbstractNioChannel.java:340)
	at org.apache.ratis.thirdparty.io.netty.channel.nio.NioEventLoop.processSelectedKey(NioEventLoop.java:632)
	at org.apache.ratis.thirdparty.io.netty.channel.nio.NioEventLoop.processSelectedKeysOptimized(NioEventLoop.java:579)
	at org.apache.ratis.thirdparty.io.netty.channel.nio.NioEventLoop.processSelectedKeys(NioEventLoop.java:496)
	at org.apache.ratis.thirdparty.io.netty.channel.nio.NioEventLoop.run(NioEventLoop.java:458)
	at org.apache.ratis.thirdparty.io.netty.util.concurrent.SingleThreadEventExecutor$5.run(SingleThreadEventExecutor.java:897)
	at org.apache.ratis.thirdparty.io.netty.util.concurrent.FastThreadLocalRunnable.run(FastThreadLocalRunnable.java:30)
	... 1 more
Caused by: java.net.ConnectException: Connection refused
	... 11 more
2019-11-05 08:34:42,385 [grpc-default-executor-10] INFO  impl.RaftServerImpl (RaftServerImpl.java:setRole(184)) - d92c9463-8e05-4a70-8cc7-1d31ae7ac64a@group-515877FFDAAC: changes role from  FOLLOWER to FOLLOWER at term 156 for recognizeCandidate:05ace5f9-a5b7-4bc6-b4fa-26d4e24ae00c
2019-11-05 08:34:42,385 [grpc-default-executor-10] INFO  impl.RoleInfo (RoleInfo.java:shutdownFollowerState(121)) - d92c9463-8e05-4a70-8cc7-1d31ae7ac64a: shutdown FollowerState
2019-11-05 08:34:42,385 [grpc-default-executor-10] INFO  impl.RoleInfo (RoleInfo.java:updateAndGet(143)) - d92c9463-8e05-4a70-8cc7-1d31ae7ac64a: start FollowerState
2019-11-05 08:34:42,385 [Thread-4609] INFO  impl.FollowerState (FollowerState.java:run(117)) - d92c9463-8e05-4a70-8cc7-1d31ae7ac64a@group-515877FFDAAC-FollowerState was interrupted: java.lang.InterruptedException: sleep interrupted
2019-11-05 08:34:42,402 [05ace5f9-a5b7-4bc6-b4fa-26d4e24ae00c@group-515877FFDAAC-LeaderElection569] INFO  impl.LeaderElection (LeaderElection.java:logAndReturn(56)) - 05ace5f9-a5b7-4bc6-b4fa-26d4e24ae00c@group-515877FFDAAC-LeaderElection569: Election REJECTED; received 1 response(s) [05ace5f9-a5b7-4bc6-b4fa-26d4e24ae00c<-d92c9463-8e05-4a70-8cc7-1d31ae7ac64a#0:FAIL-t156] and 1 exception(s); 05ace5f9-a5b7-4bc6-b4fa-26d4e24ae00c@group-515877FFDAAC:t156, leader=null, voted=05ace5f9-a5b7-4bc6-b4fa-26d4e24ae00c, raftlog=05ace5f9-a5b7-4bc6-b4fa-26d4e24ae00c@group-515877FFDAAC-SegmentedRaftLog:OPENED:c-1,f-1,i0, conf=-1: [05ace5f9-a5b7-4bc6-b4fa-26d4e24ae00c:192.168.164.217:42356, d92c9463-8e05-4a70-8cc7-1d31ae7ac64a:192.168.164.217:37180, d7b60609-c805-4df6-8140-a27c681dae80:192.168.164.217:37880], old=null
2019-11-05 08:34:42,402 [05ace5f9-a5b7-4bc6-b4fa-26d4e24ae00c@group-515877FFDAAC-LeaderElection569] INFO  impl.LeaderElection (LogUtils.java:infoOrTrace(149)) -   Exception 0: {}
java.util.concurrent.ExecutionException: org.apache.ratis.thirdparty.io.grpc.StatusRuntimeException: UNAVAILABLE: io exception
	at java.util.concurrent.FutureTask.report(FutureTask.java:122)
	at java.util.concurrent.FutureTask.get(FutureTask.java:192)
	at org.apache.ratis.server.impl.LeaderElection.waitForResults(LeaderElection.java:259)
	at org.apache.ratis.server.impl.LeaderElection.askForVotes(LeaderElection.java:197)
	at org.apache.ratis.server.impl.LeaderElection.run(LeaderElection.java:133)
	at java.lang.Thread.run(Thread.java:748)
Caused by: org.apache.ratis.thirdparty.io.grpc.StatusRuntimeException: UNAVAILABLE: io exception
	at org.apache.ratis.thirdparty.io.grpc.stub.ClientCalls.toStatusRuntimeException(ClientCalls.java:233)
	at org.apache.ratis.thirdparty.io.grpc.stub.ClientCalls.getUnchecked(ClientCalls.java:214)
	at org.apache.ratis.thirdparty.io.grpc.stub.ClientCalls.blockingUnaryCall(ClientCalls.java:139)
	at org.apache.ratis.proto.grpc.RaftServerProtocolServiceGrpc$RaftServerProtocolServiceBlockingStub.requestVote(RaftServerProtocolServiceGrpc.java:265)
	at org.apache.ratis.grpc.server.GrpcServerProtocolClient.requestVote(GrpcServerProtocolClient.java:99)
	at org.apache.ratis.grpc.server.GrpcService.requestVote(GrpcService.java:204)
	at org.apache.ratis.server.impl.LeaderElection.lambda$submitRequests$1(LeaderElection.java:234)
	at java.util.concurrent.FutureTask.run(FutureTask.java:266)
	at java.util.concurrent.Executors$RunnableAdapter.call(Executors.java:511)
	at java.util.concurrent.FutureTask.run(FutureTask.java:266)
	at java.util.concurrent.ThreadPoolExecutor.runWorker(ThreadPoolExecutor.java:1149)
	at java.util.concurrent.ThreadPoolExecutor$Worker.run(ThreadPoolExecutor.java:624)
	... 1 more
Caused by: org.apache.ratis.thirdparty.io.netty.channel.AbstractChannel$AnnotatedConnectException: Connection refused: /192.168.164.217:37880
	at sun.nio.ch.SocketChannelImpl.checkConnect(Native Method)
	at sun.nio.ch.SocketChannelImpl.finishConnect(SocketChannelImpl.java:717)
	at org.apache.ratis.thirdparty.io.netty.channel.socket.nio.NioSocketChannel.doFinishConnect(NioSocketChannel.java:327)
	at org.apache.ratis.thirdparty.io.netty.channel.nio.AbstractNioChannel$AbstractNioUnsafe.finishConnect(AbstractNioChannel.java:340)
	at org.apache.ratis.thirdparty.io.netty.channel.nio.NioEventLoop.processSelectedKey(NioEventLoop.java:632)
	at org.apache.ratis.thirdparty.io.netty.channel.nio.NioEventLoop.processSelectedKeysOptimized(NioEventLoop.java:579)
	at org.apache.ratis.thirdparty.io.netty.channel.nio.NioEventLoop.processSelectedKeys(NioEventLoop.java:496)
	at org.apache.ratis.thirdparty.io.netty.channel.nio.NioEventLoop.run(NioEventLoop.java:458)
	at org.apache.ratis.thirdparty.io.netty.util.concurrent.SingleThreadEventExecutor$5.run(SingleThreadEventExecutor.java:897)
	at org.apache.ratis.thirdparty.io.netty.util.concurrent.FastThreadLocalRunnable.run(FastThreadLocalRunnable.java:30)
	... 1 more
Caused by: java.net.ConnectException: Connection refused
	... 11 more
2019-11-05 08:34:42,403 [05ace5f9-a5b7-4bc6-b4fa-26d4e24ae00c@group-515877FFDAAC-LeaderElection569] INFO  impl.RaftServerImpl (RaftServerImpl.java:setRole(184)) - 05ace5f9-a5b7-4bc6-b4fa-26d4e24ae00c@group-515877FFDAAC: changes role from CANDIDATE to FOLLOWER at term 156 for DISCOVERED_A_NEW_TERM
2019-11-05 08:34:42,403 [05ace5f9-a5b7-4bc6-b4fa-26d4e24ae00c@group-515877FFDAAC-LeaderElection569] INFO  impl.RoleInfo (RoleInfo.java:shutdownLeaderElection(134)) - 05ace5f9-a5b7-4bc6-b4fa-26d4e24ae00c: shutdown LeaderElection
2019-11-05 08:34:42,403 [05ace5f9-a5b7-4bc6-b4fa-26d4e24ae00c@group-515877FFDAAC-LeaderElection569] INFO  impl.RoleInfo (RoleInfo.java:updateAndGet(143)) - 05ace5f9-a5b7-4bc6-b4fa-26d4e24ae00c: start FollowerState
2019-11-05 08:34:42,450 [Thread-4615] INFO  impl.FollowerState (FollowerState.java:run(108)) - 05ace5f9-a5b7-4bc6-b4fa-26d4e24ae00c@group-515877FFDAAC-FollowerState: change to CANDIDATE, lastRpcTime:47ms, electionTimeout:47ms
2019-11-05 08:34:42,450 [Thread-4615] INFO  impl.RoleInfo (RoleInfo.java:shutdownFollowerState(121)) - 05ace5f9-a5b7-4bc6-b4fa-26d4e24ae00c: shutdown FollowerState
2019-11-05 08:34:42,451 [Thread-4615] INFO  impl.RaftServerImpl (RaftServerImpl.java:setRole(184)) - 05ace5f9-a5b7-4bc6-b4fa-26d4e24ae00c@group-515877FFDAAC: changes role from  FOLLOWER to CANDIDATE at term 156 for changeToCandidate
2019-11-05 08:34:42,451 [Thread-4615] INFO  impl.RoleInfo (RoleInfo.java:updateAndGet(143)) - 05ace5f9-a5b7-4bc6-b4fa-26d4e24ae00c: start LeaderElection
2019-11-05 08:34:42,465 [05ace5f9-a5b7-4bc6-b4fa-26d4e24ae00c@group-515877FFDAAC-LeaderElection570] INFO  impl.LeaderElection (LeaderElection.java:askForVotes(178)) - 05ace5f9-a5b7-4bc6-b4fa-26d4e24ae00c@group-515877FFDAAC-LeaderElection570: begin an election at term 157 for -1: [05ace5f9-a5b7-4bc6-b4fa-26d4e24ae00c:192.168.164.217:42356, d92c9463-8e05-4a70-8cc7-1d31ae7ac64a:192.168.164.217:37180, d7b60609-c805-4df6-8140-a27c681dae80:192.168.164.217:37880], old=null
2019-11-05 08:34:42,466 [05ace5f9-a5b7-4bc6-b4fa-26d4e24ae00c@group-515877FFDAAC-LeaderElection570] INFO  impl.LeaderElection (LogUtils.java:infoOrTrace(149)) - 05ace5f9-a5b7-4bc6-b4fa-26d4e24ae00c@group-515877FFDAAC-LeaderElection570 got exception when requesting votes: {}
java.util.concurrent.ExecutionException: org.apache.ratis.thirdparty.io.grpc.StatusRuntimeException: UNAVAILABLE: io exception
	at java.util.concurrent.FutureTask.report(FutureTask.java:122)
	at java.util.concurrent.FutureTask.get(FutureTask.java:192)
	at org.apache.ratis.server.impl.LeaderElection.waitForResults(LeaderElection.java:259)
	at org.apache.ratis.server.impl.LeaderElection.askForVotes(LeaderElection.java:197)
	at org.apache.ratis.server.impl.LeaderElection.run(LeaderElection.java:133)
	at java.lang.Thread.run(Thread.java:748)
Caused by: org.apache.ratis.thirdparty.io.grpc.StatusRuntimeException: UNAVAILABLE: io exception
	at org.apache.ratis.thirdparty.io.grpc.stub.ClientCalls.toStatusRuntimeException(ClientCalls.java:233)
	at org.apache.ratis.thirdparty.io.grpc.stub.ClientCalls.getUnchecked(ClientCalls.java:214)
	at org.apache.ratis.thirdparty.io.grpc.stub.ClientCalls.blockingUnaryCall(ClientCalls.java:139)
	at org.apache.ratis.proto.grpc.RaftServerProtocolServiceGrpc$RaftServerProtocolServiceBlockingStub.requestVote(RaftServerProtocolServiceGrpc.java:265)
	at org.apache.ratis.grpc.server.GrpcServerProtocolClient.requestVote(GrpcServerProtocolClient.java:99)
	at org.apache.ratis.grpc.server.GrpcService.requestVote(GrpcService.java:204)
	at org.apache.ratis.server.impl.LeaderElection.lambda$submitRequests$1(LeaderElection.java:234)
	at java.util.concurrent.FutureTask.run(FutureTask.java:266)
	at java.util.concurrent.Executors$RunnableAdapter.call(Executors.java:511)
	at java.util.concurrent.FutureTask.run(FutureTask.java:266)
	at java.util.concurrent.ThreadPoolExecutor.runWorker(ThreadPoolExecutor.java:1149)
	at java.util.concurrent.ThreadPoolExecutor$Worker.run(ThreadPoolExecutor.java:624)
	... 1 more
Caused by: org.apache.ratis.thirdparty.io.netty.channel.AbstractChannel$AnnotatedConnectException: Connection refused: /192.168.164.217:37880
	at sun.nio.ch.SocketChannelImpl.checkConnect(Native Method)
	at sun.nio.ch.SocketChannelImpl.finishConnect(SocketChannelImpl.java:717)
	at org.apache.ratis.thirdparty.io.netty.channel.socket.nio.NioSocketChannel.doFinishConnect(NioSocketChannel.java:327)
	at org.apache.ratis.thirdparty.io.netty.channel.nio.AbstractNioChannel$AbstractNioUnsafe.finishConnect(AbstractNioChannel.java:340)
	at org.apache.ratis.thirdparty.io.netty.channel.nio.NioEventLoop.processSelectedKey(NioEventLoop.java:632)
	at org.apache.ratis.thirdparty.io.netty.channel.nio.NioEventLoop.processSelectedKeysOptimized(NioEventLoop.java:579)
	at org.apache.ratis.thirdparty.io.netty.channel.nio.NioEventLoop.processSelectedKeys(NioEventLoop.java:496)
	at org.apache.ratis.thirdparty.io.netty.channel.nio.NioEventLoop.run(NioEventLoop.java:458)
	at org.apache.ratis.thirdparty.io.netty.util.concurrent.SingleThreadEventExecutor$5.run(SingleThreadEventExecutor.java:897)
	at org.apache.ratis.thirdparty.io.netty.util.concurrent.FastThreadLocalRunnable.run(FastThreadLocalRunnable.java:30)
	... 1 more
Caused by: java.net.ConnectException: Connection refused
	... 11 more
2019-11-05 08:34:42,468 [grpc-default-executor-10] INFO  impl.RaftServerImpl (RaftServerImpl.java:setRole(184)) - d92c9463-8e05-4a70-8cc7-1d31ae7ac64a@group-515877FFDAAC: changes role from  FOLLOWER to FOLLOWER at term 157 for recognizeCandidate:05ace5f9-a5b7-4bc6-b4fa-26d4e24ae00c
2019-11-05 08:34:42,468 [grpc-default-executor-10] INFO  impl.RoleInfo (RoleInfo.java:shutdownFollowerState(121)) - d92c9463-8e05-4a70-8cc7-1d31ae7ac64a: shutdown FollowerState
2019-11-05 08:34:42,468 [grpc-default-executor-10] INFO  impl.RoleInfo (RoleInfo.java:updateAndGet(143)) - d92c9463-8e05-4a70-8cc7-1d31ae7ac64a: start FollowerState
2019-11-05 08:34:42,468 [Thread-4614] INFO  impl.FollowerState (FollowerState.java:run(117)) - d92c9463-8e05-4a70-8cc7-1d31ae7ac64a@group-515877FFDAAC-FollowerState was interrupted: java.lang.InterruptedException: sleep interrupted
2019-11-05 08:34:42,482 [05ace5f9-a5b7-4bc6-b4fa-26d4e24ae00c@group-515877FFDAAC-LeaderElection570] INFO  impl.LeaderElection (LeaderElection.java:logAndReturn(56)) - 05ace5f9-a5b7-4bc6-b4fa-26d4e24ae00c@group-515877FFDAAC-LeaderElection570: Election REJECTED; received 1 response(s) [05ace5f9-a5b7-4bc6-b4fa-26d4e24ae00c<-d92c9463-8e05-4a70-8cc7-1d31ae7ac64a#0:FAIL-t157] and 1 exception(s); 05ace5f9-a5b7-4bc6-b4fa-26d4e24ae00c@group-515877FFDAAC:t157, leader=null, voted=05ace5f9-a5b7-4bc6-b4fa-26d4e24ae00c, raftlog=05ace5f9-a5b7-4bc6-b4fa-26d4e24ae00c@group-515877FFDAAC-SegmentedRaftLog:OPENED:c-1,f-1,i0, conf=-1: [05ace5f9-a5b7-4bc6-b4fa-26d4e24ae00c:192.168.164.217:42356, d92c9463-8e05-4a70-8cc7-1d31ae7ac64a:192.168.164.217:37180, d7b60609-c805-4df6-8140-a27c681dae80:192.168.164.217:37880], old=null
2019-11-05 08:34:42,482 [05ace5f9-a5b7-4bc6-b4fa-26d4e24ae00c@group-515877FFDAAC-LeaderElection570] INFO  impl.LeaderElection (LogUtils.java:infoOrTrace(149)) -   Exception 0: {}
java.util.concurrent.ExecutionException: org.apache.ratis.thirdparty.io.grpc.StatusRuntimeException: UNAVAILABLE: io exception
	at java.util.concurrent.FutureTask.report(FutureTask.java:122)
	at java.util.concurrent.FutureTask.get(FutureTask.java:192)
	at org.apache.ratis.server.impl.LeaderElection.waitForResults(LeaderElection.java:259)
	at org.apache.ratis.server.impl.LeaderElection.askForVotes(LeaderElection.java:197)
	at org.apache.ratis.server.impl.LeaderElection.run(LeaderElection.java:133)
	at java.lang.Thread.run(Thread.java:748)
Caused by: org.apache.ratis.thirdparty.io.grpc.StatusRuntimeException: UNAVAILABLE: io exception
	at org.apache.ratis.thirdparty.io.grpc.stub.ClientCalls.toStatusRuntimeException(ClientCalls.java:233)
	at org.apache.ratis.thirdparty.io.grpc.stub.ClientCalls.getUnchecked(ClientCalls.java:214)
	at org.apache.ratis.thirdparty.io.grpc.stub.ClientCalls.blockingUnaryCall(ClientCalls.java:139)
	at org.apache.ratis.proto.grpc.RaftServerProtocolServiceGrpc$RaftServerProtocolServiceBlockingStub.requestVote(RaftServerProtocolServiceGrpc.java:265)
	at org.apache.ratis.grpc.server.GrpcServerProtocolClient.requestVote(GrpcServerProtocolClient.java:99)
	at org.apache.ratis.grpc.server.GrpcService.requestVote(GrpcService.java:204)
	at org.apache.ratis.server.impl.LeaderElection.lambda$submitRequests$1(LeaderElection.java:234)
	at java.util.concurrent.FutureTask.run(FutureTask.java:266)
	at java.util.concurrent.Executors$RunnableAdapter.call(Executors.java:511)
	at java.util.concurrent.FutureTask.run(FutureTask.java:266)
	at java.util.concurrent.ThreadPoolExecutor.runWorker(ThreadPoolExecutor.java:1149)
	at java.util.concurrent.ThreadPoolExecutor$Worker.run(ThreadPoolExecutor.java:624)
	... 1 more
Caused by: org.apache.ratis.thirdparty.io.netty.channel.AbstractChannel$AnnotatedConnectException: Connection refused: /192.168.164.217:37880
	at sun.nio.ch.SocketChannelImpl.checkConnect(Native Method)
	at sun.nio.ch.SocketChannelImpl.finishConnect(SocketChannelImpl.java:717)
	at org.apache.ratis.thirdparty.io.netty.channel.socket.nio.NioSocketChannel.doFinishConnect(NioSocketChannel.java:327)
	at org.apache.ratis.thirdparty.io.netty.channel.nio.AbstractNioChannel$AbstractNioUnsafe.finishConnect(AbstractNioChannel.java:340)
	at org.apache.ratis.thirdparty.io.netty.channel.nio.NioEventLoop.processSelectedKey(NioEventLoop.java:632)
	at org.apache.ratis.thirdparty.io.netty.channel.nio.NioEventLoop.processSelectedKeysOptimized(NioEventLoop.java:579)
	at org.apache.ratis.thirdparty.io.netty.channel.nio.NioEventLoop.processSelectedKeys(NioEventLoop.java:496)
	at org.apache.ratis.thirdparty.io.netty.channel.nio.NioEventLoop.run(NioEventLoop.java:458)
	at org.apache.ratis.thirdparty.io.netty.util.concurrent.SingleThreadEventExecutor$5.run(SingleThreadEventExecutor.java:897)
	at org.apache.ratis.thirdparty.io.netty.util.concurrent.FastThreadLocalRunnable.run(FastThreadLocalRunnable.java:30)
	... 1 more
Caused by: java.net.ConnectException: Connection refused
	... 11 more
2019-11-05 08:34:42,482 [05ace5f9-a5b7-4bc6-b4fa-26d4e24ae00c@group-515877FFDAAC-LeaderElection570] INFO  impl.RaftServerImpl (RaftServerImpl.java:setRole(184)) - 05ace5f9-a5b7-4bc6-b4fa-26d4e24ae00c@group-515877FFDAAC: changes role from CANDIDATE to FOLLOWER at term 157 for DISCOVERED_A_NEW_TERM
2019-11-05 08:34:42,482 [05ace5f9-a5b7-4bc6-b4fa-26d4e24ae00c@group-515877FFDAAC-LeaderElection570] INFO  impl.RoleInfo (RoleInfo.java:shutdownLeaderElection(134)) - 05ace5f9-a5b7-4bc6-b4fa-26d4e24ae00c: shutdown LeaderElection
2019-11-05 08:34:42,483 [05ace5f9-a5b7-4bc6-b4fa-26d4e24ae00c@group-515877FFDAAC-LeaderElection570] INFO  impl.RoleInfo (RoleInfo.java:updateAndGet(143)) - 05ace5f9-a5b7-4bc6-b4fa-26d4e24ae00c: start FollowerState
2019-11-05 08:34:42,500 [Thread-4620] INFO  impl.FollowerState (FollowerState.java:run(108)) - 05ace5f9-a5b7-4bc6-b4fa-26d4e24ae00c@group-515877FFDAAC-FollowerState: change to CANDIDATE, lastRpcTime:17ms, electionTimeout:17ms
2019-11-05 08:34:42,500 [Thread-4620] INFO  impl.RoleInfo (RoleInfo.java:shutdownFollowerState(121)) - 05ace5f9-a5b7-4bc6-b4fa-26d4e24ae00c: shutdown FollowerState
2019-11-05 08:34:42,500 [Thread-4620] INFO  impl.RaftServerImpl (RaftServerImpl.java:setRole(184)) - 05ace5f9-a5b7-4bc6-b4fa-26d4e24ae00c@group-515877FFDAAC: changes role from  FOLLOWER to CANDIDATE at term 157 for changeToCandidate
2019-11-05 08:34:42,500 [Thread-4620] INFO  impl.RoleInfo (RoleInfo.java:updateAndGet(143)) - 05ace5f9-a5b7-4bc6-b4fa-26d4e24ae00c: start LeaderElection
2019-11-05 08:34:42,513 [05ace5f9-a5b7-4bc6-b4fa-26d4e24ae00c@group-515877FFDAAC-LeaderElection571] INFO  impl.LeaderElection (LeaderElection.java:askForVotes(178)) - 05ace5f9-a5b7-4bc6-b4fa-26d4e24ae00c@group-515877FFDAAC-LeaderElection571: begin an election at term 158 for -1: [05ace5f9-a5b7-4bc6-b4fa-26d4e24ae00c:192.168.164.217:42356, d92c9463-8e05-4a70-8cc7-1d31ae7ac64a:192.168.164.217:37180, d7b60609-c805-4df6-8140-a27c681dae80:192.168.164.217:37880], old=null
2019-11-05 08:34:42,514 [05ace5f9-a5b7-4bc6-b4fa-26d4e24ae00c@group-515877FFDAAC-LeaderElection571] INFO  impl.LeaderElection (LogUtils.java:infoOrTrace(149)) - 05ace5f9-a5b7-4bc6-b4fa-26d4e24ae00c@group-515877FFDAAC-LeaderElection571 got exception when requesting votes: {}
java.util.concurrent.ExecutionException: org.apache.ratis.thirdparty.io.grpc.StatusRuntimeException: UNAVAILABLE: io exception
	at java.util.concurrent.FutureTask.report(FutureTask.java:122)
	at java.util.concurrent.FutureTask.get(FutureTask.java:192)
	at org.apache.ratis.server.impl.LeaderElection.waitForResults(LeaderElection.java:259)
	at org.apache.ratis.server.impl.LeaderElection.askForVotes(LeaderElection.java:197)
	at org.apache.ratis.server.impl.LeaderElection.run(LeaderElection.java:133)
	at java.lang.Thread.run(Thread.java:748)
Caused by: org.apache.ratis.thirdparty.io.grpc.StatusRuntimeException: UNAVAILABLE: io exception
	at org.apache.ratis.thirdparty.io.grpc.stub.ClientCalls.toStatusRuntimeException(ClientCalls.java:233)
	at org.apache.ratis.thirdparty.io.grpc.stub.ClientCalls.getUnchecked(ClientCalls.java:214)
	at org.apache.ratis.thirdparty.io.grpc.stub.ClientCalls.blockingUnaryCall(ClientCalls.java:139)
	at org.apache.ratis.proto.grpc.RaftServerProtocolServiceGrpc$RaftServerProtocolServiceBlockingStub.requestVote(RaftServerProtocolServiceGrpc.java:265)
	at org.apache.ratis.grpc.server.GrpcServerProtocolClient.requestVote(GrpcServerProtocolClient.java:99)
	at org.apache.ratis.grpc.server.GrpcService.requestVote(GrpcService.java:204)
	at org.apache.ratis.server.impl.LeaderElection.lambda$submitRequests$1(LeaderElection.java:234)
	at java.util.concurrent.FutureTask.run(FutureTask.java:266)
	at java.util.concurrent.Executors$RunnableAdapter.call(Executors.java:511)
	at java.util.concurrent.FutureTask.run(FutureTask.java:266)
	at java.util.concurrent.ThreadPoolExecutor.runWorker(ThreadPoolExecutor.java:1149)
	at java.util.concurrent.ThreadPoolExecutor$Worker.run(ThreadPoolExecutor.java:624)
	... 1 more
Caused by: org.apache.ratis.thirdparty.io.netty.channel.AbstractChannel$AnnotatedConnectException: Connection refused: /192.168.164.217:37880
	at sun.nio.ch.SocketChannelImpl.checkConnect(Native Method)
	at sun.nio.ch.SocketChannelImpl.finishConnect(SocketChannelImpl.java:717)
	at org.apache.ratis.thirdparty.io.netty.channel.socket.nio.NioSocketChannel.doFinishConnect(NioSocketChannel.java:327)
	at org.apache.ratis.thirdparty.io.netty.channel.nio.AbstractNioChannel$AbstractNioUnsafe.finishConnect(AbstractNioChannel.java:340)
	at org.apache.ratis.thirdparty.io.netty.channel.nio.NioEventLoop.processSelectedKey(NioEventLoop.java:632)
	at org.apache.ratis.thirdparty.io.netty.channel.nio.NioEventLoop.processSelectedKeysOptimized(NioEventLoop.java:579)
	at org.apache.ratis.thirdparty.io.netty.channel.nio.NioEventLoop.processSelectedKeys(NioEventLoop.java:496)
	at org.apache.ratis.thirdparty.io.netty.channel.nio.NioEventLoop.run(NioEventLoop.java:458)
	at org.apache.ratis.thirdparty.io.netty.util.concurrent.SingleThreadEventExecutor$5.run(SingleThreadEventExecutor.java:897)
	at org.apache.ratis.thirdparty.io.netty.util.concurrent.FastThreadLocalRunnable.run(FastThreadLocalRunnable.java:30)
	... 1 more
Caused by: java.net.ConnectException: Connection refused
	... 11 more
2019-11-05 08:34:42,515 [grpc-default-executor-10] INFO  impl.RaftServerImpl (RaftServerImpl.java:setRole(184)) - d92c9463-8e05-4a70-8cc7-1d31ae7ac64a@group-515877FFDAAC: changes role from  FOLLOWER to FOLLOWER at term 158 for recognizeCandidate:05ace5f9-a5b7-4bc6-b4fa-26d4e24ae00c
2019-11-05 08:34:42,515 [grpc-default-executor-10] INFO  impl.RoleInfo (RoleInfo.java:shutdownFollowerState(121)) - d92c9463-8e05-4a70-8cc7-1d31ae7ac64a: shutdown FollowerState
2019-11-05 08:34:42,515 [grpc-default-executor-10] INFO  impl.RoleInfo (RoleInfo.java:updateAndGet(143)) - d92c9463-8e05-4a70-8cc7-1d31ae7ac64a: start FollowerState
2019-11-05 08:34:42,515 [Thread-4619] INFO  impl.FollowerState (FollowerState.java:run(117)) - d92c9463-8e05-4a70-8cc7-1d31ae7ac64a@group-515877FFDAAC-FollowerState was interrupted: java.lang.InterruptedException: sleep interrupted
2019-11-05 08:34:42,528 [05ace5f9-a5b7-4bc6-b4fa-26d4e24ae00c@group-515877FFDAAC-LeaderElection571] INFO  impl.LeaderElection (LeaderElection.java:logAndReturn(56)) - 05ace5f9-a5b7-4bc6-b4fa-26d4e24ae00c@group-515877FFDAAC-LeaderElection571: Election REJECTED; received 1 response(s) [05ace5f9-a5b7-4bc6-b4fa-26d4e24ae00c<-d92c9463-8e05-4a70-8cc7-1d31ae7ac64a#0:FAIL-t158] and 1 exception(s); 05ace5f9-a5b7-4bc6-b4fa-26d4e24ae00c@group-515877FFDAAC:t158, leader=null, voted=05ace5f9-a5b7-4bc6-b4fa-26d4e24ae00c, raftlog=05ace5f9-a5b7-4bc6-b4fa-26d4e24ae00c@group-515877FFDAAC-SegmentedRaftLog:OPENED:c-1,f-1,i0, conf=-1: [05ace5f9-a5b7-4bc6-b4fa-26d4e24ae00c:192.168.164.217:42356, d92c9463-8e05-4a70-8cc7-1d31ae7ac64a:192.168.164.217:37180, d7b60609-c805-4df6-8140-a27c681dae80:192.168.164.217:37880], old=null
2019-11-05 08:34:42,528 [05ace5f9-a5b7-4bc6-b4fa-26d4e24ae00c@group-515877FFDAAC-LeaderElection571] INFO  impl.LeaderElection (LogUtils.java:infoOrTrace(149)) -   Exception 0: {}
java.util.concurrent.ExecutionException: org.apache.ratis.thirdparty.io.grpc.StatusRuntimeException: UNAVAILABLE: io exception
	at java.util.concurrent.FutureTask.report(FutureTask.java:122)
	at java.util.concurrent.FutureTask.get(FutureTask.java:192)
	at org.apache.ratis.server.impl.LeaderElection.waitForResults(LeaderElection.java:259)
	at org.apache.ratis.server.impl.LeaderElection.askForVotes(LeaderElection.java:197)
	at org.apache.ratis.server.impl.LeaderElection.run(LeaderElection.java:133)
	at java.lang.Thread.run(Thread.java:748)
Caused by: org.apache.ratis.thirdparty.io.grpc.StatusRuntimeException: UNAVAILABLE: io exception
	at org.apache.ratis.thirdparty.io.grpc.stub.ClientCalls.toStatusRuntimeException(ClientCalls.java:233)
	at org.apache.ratis.thirdparty.io.grpc.stub.ClientCalls.getUnchecked(ClientCalls.java:214)
	at org.apache.ratis.thirdparty.io.grpc.stub.ClientCalls.blockingUnaryCall(ClientCalls.java:139)
	at org.apache.ratis.proto.grpc.RaftServerProtocolServiceGrpc$RaftServerProtocolServiceBlockingStub.requestVote(RaftServerProtocolServiceGrpc.java:265)
	at org.apache.ratis.grpc.server.GrpcServerProtocolClient.requestVote(GrpcServerProtocolClient.java:99)
	at org.apache.ratis.grpc.server.GrpcService.requestVote(GrpcService.java:204)
	at org.apache.ratis.server.impl.LeaderElection.lambda$submitRequests$1(LeaderElection.java:234)
	at java.util.concurrent.FutureTask.run(FutureTask.java:266)
	at java.util.concurrent.Executors$RunnableAdapter.call(Executors.java:511)
	at java.util.concurrent.FutureTask.run(FutureTask.java:266)
	at java.util.concurrent.ThreadPoolExecutor.runWorker(ThreadPoolExecutor.java:1149)
	at java.util.concurrent.ThreadPoolExecutor$Worker.run(ThreadPoolExecutor.java:624)
	... 1 more
Caused by: org.apache.ratis.thirdparty.io.netty.channel.AbstractChannel$AnnotatedConnectException: Connection refused: /192.168.164.217:37880
	at sun.nio.ch.SocketChannelImpl.checkConnect(Native Method)
	at sun.nio.ch.SocketChannelImpl.finishConnect(SocketChannelImpl.java:717)
	at org.apache.ratis.thirdparty.io.netty.channel.socket.nio.NioSocketChannel.doFinishConnect(NioSocketChannel.java:327)
	at org.apache.ratis.thirdparty.io.netty.channel.nio.AbstractNioChannel$AbstractNioUnsafe.finishConnect(AbstractNioChannel.java:340)
	at org.apache.ratis.thirdparty.io.netty.channel.nio.NioEventLoop.processSelectedKey(NioEventLoop.java:632)
	at org.apache.ratis.thirdparty.io.netty.channel.nio.NioEventLoop.processSelectedKeysOptimized(NioEventLoop.java:579)
	at org.apache.ratis.thirdparty.io.netty.channel.nio.NioEventLoop.processSelectedKeys(NioEventLoop.java:496)
	at org.apache.ratis.thirdparty.io.netty.channel.nio.NioEventLoop.run(NioEventLoop.java:458)
	at org.apache.ratis.thirdparty.io.netty.util.concurrent.SingleThreadEventExecutor$5.run(SingleThreadEventExecutor.java:897)
	at org.apache.ratis.thirdparty.io.netty.util.concurrent.FastThreadLocalRunnable.run(FastThreadLocalRunnable.java:30)
	... 1 more
Caused by: java.net.ConnectException: Connection refused
	... 11 more
2019-11-05 08:34:42,529 [05ace5f9-a5b7-4bc6-b4fa-26d4e24ae00c@group-515877FFDAAC-LeaderElection571] INFO  impl.RaftServerImpl (RaftServerImpl.java:setRole(184)) - 05ace5f9-a5b7-4bc6-b4fa-26d4e24ae00c@group-515877FFDAAC: changes role from CANDIDATE to FOLLOWER at term 158 for DISCOVERED_A_NEW_TERM
2019-11-05 08:34:42,529 [05ace5f9-a5b7-4bc6-b4fa-26d4e24ae00c@group-515877FFDAAC-LeaderElection571] INFO  impl.RoleInfo (RoleInfo.java:shutdownLeaderElection(134)) - 05ace5f9-a5b7-4bc6-b4fa-26d4e24ae00c: shutdown LeaderElection
2019-11-05 08:34:42,529 [05ace5f9-a5b7-4bc6-b4fa-26d4e24ae00c@group-515877FFDAAC-LeaderElection571] INFO  impl.RoleInfo (RoleInfo.java:updateAndGet(143)) - 05ace5f9-a5b7-4bc6-b4fa-26d4e24ae00c: start FollowerState
2019-11-05 08:34:42,559 [Thread-4626] INFO  impl.FollowerState (FollowerState.java:run(108)) - 05ace5f9-a5b7-4bc6-b4fa-26d4e24ae00c@group-515877FFDAAC-FollowerState: change to CANDIDATE, lastRpcTime:30ms, electionTimeout:30ms
2019-11-05 08:34:42,560 [Thread-4626] INFO  impl.RoleInfo (RoleInfo.java:shutdownFollowerState(121)) - 05ace5f9-a5b7-4bc6-b4fa-26d4e24ae00c: shutdown FollowerState
2019-11-05 08:34:42,560 [Thread-4626] INFO  impl.RaftServerImpl (RaftServerImpl.java:setRole(184)) - 05ace5f9-a5b7-4bc6-b4fa-26d4e24ae00c@group-515877FFDAAC: changes role from  FOLLOWER to CANDIDATE at term 158 for changeToCandidate
2019-11-05 08:34:42,560 [Thread-4626] INFO  impl.RoleInfo (RoleInfo.java:updateAndGet(143)) - 05ace5f9-a5b7-4bc6-b4fa-26d4e24ae00c: start LeaderElection
2019-11-05 08:34:42,575 [05ace5f9-a5b7-4bc6-b4fa-26d4e24ae00c@group-515877FFDAAC-LeaderElection572] INFO  impl.LeaderElection (LeaderElection.java:askForVotes(178)) - 05ace5f9-a5b7-4bc6-b4fa-26d4e24ae00c@group-515877FFDAAC-LeaderElection572: begin an election at term 159 for -1: [05ace5f9-a5b7-4bc6-b4fa-26d4e24ae00c:192.168.164.217:42356, d92c9463-8e05-4a70-8cc7-1d31ae7ac64a:192.168.164.217:37180, d7b60609-c805-4df6-8140-a27c681dae80:192.168.164.217:37880], old=null
2019-11-05 08:34:42,575 [05ace5f9-a5b7-4bc6-b4fa-26d4e24ae00c@group-515877FFDAAC-LeaderElection572] INFO  impl.LeaderElection (LogUtils.java:infoOrTrace(149)) - 05ace5f9-a5b7-4bc6-b4fa-26d4e24ae00c@group-515877FFDAAC-LeaderElection572 got exception when requesting votes: {}
java.util.concurrent.ExecutionException: org.apache.ratis.thirdparty.io.grpc.StatusRuntimeException: UNAVAILABLE: io exception
	at java.util.concurrent.FutureTask.report(FutureTask.java:122)
	at java.util.concurrent.FutureTask.get(FutureTask.java:192)
	at org.apache.ratis.server.impl.LeaderElection.waitForResults(LeaderElection.java:259)
	at org.apache.ratis.server.impl.LeaderElection.askForVotes(LeaderElection.java:197)
	at org.apache.ratis.server.impl.LeaderElection.run(LeaderElection.java:133)
	at java.lang.Thread.run(Thread.java:748)
Caused by: org.apache.ratis.thirdparty.io.grpc.StatusRuntimeException: UNAVAILABLE: io exception
	at org.apache.ratis.thirdparty.io.grpc.stub.ClientCalls.toStatusRuntimeException(ClientCalls.java:233)
	at org.apache.ratis.thirdparty.io.grpc.stub.ClientCalls.getUnchecked(ClientCalls.java:214)
	at org.apache.ratis.thirdparty.io.grpc.stub.ClientCalls.blockingUnaryCall(ClientCalls.java:139)
	at org.apache.ratis.proto.grpc.RaftServerProtocolServiceGrpc$RaftServerProtocolServiceBlockingStub.requestVote(RaftServerProtocolServiceGrpc.java:265)
	at org.apache.ratis.grpc.server.GrpcServerProtocolClient.requestVote(GrpcServerProtocolClient.java:99)
	at org.apache.ratis.grpc.server.GrpcService.requestVote(GrpcService.java:204)
	at org.apache.ratis.server.impl.LeaderElection.lambda$submitRequests$1(LeaderElection.java:234)
	at java.util.concurrent.FutureTask.run(FutureTask.java:266)
	at java.util.concurrent.Executors$RunnableAdapter.call(Executors.java:511)
	at java.util.concurrent.FutureTask.run(FutureTask.java:266)
	at java.util.concurrent.ThreadPoolExecutor.runWorker(ThreadPoolExecutor.java:1149)
	at java.util.concurrent.ThreadPoolExecutor$Worker.run(ThreadPoolExecutor.java:624)
	... 1 more
Caused by: org.apache.ratis.thirdparty.io.netty.channel.AbstractChannel$AnnotatedConnectException: Connection refused: /192.168.164.217:37880
	at sun.nio.ch.SocketChannelImpl.checkConnect(Native Method)
	at sun.nio.ch.SocketChannelImpl.finishConnect(SocketChannelImpl.java:717)
	at org.apache.ratis.thirdparty.io.netty.channel.socket.nio.NioSocketChannel.doFinishConnect(NioSocketChannel.java:327)
	at org.apache.ratis.thirdparty.io.netty.channel.nio.AbstractNioChannel$AbstractNioUnsafe.finishConnect(AbstractNioChannel.java:340)
	at org.apache.ratis.thirdparty.io.netty.channel.nio.NioEventLoop.processSelectedKey(NioEventLoop.java:632)
	at org.apache.ratis.thirdparty.io.netty.channel.nio.NioEventLoop.processSelectedKeysOptimized(NioEventLoop.java:579)
	at org.apache.ratis.thirdparty.io.netty.channel.nio.NioEventLoop.processSelectedKeys(NioEventLoop.java:496)
	at org.apache.ratis.thirdparty.io.netty.channel.nio.NioEventLoop.run(NioEventLoop.java:458)
	at org.apache.ratis.thirdparty.io.netty.util.concurrent.SingleThreadEventExecutor$5.run(SingleThreadEventExecutor.java:897)
	at org.apache.ratis.thirdparty.io.netty.util.concurrent.FastThreadLocalRunnable.run(FastThreadLocalRunnable.java:30)
	... 1 more
Caused by: java.net.ConnectException: Connection refused
	... 11 more
2019-11-05 08:34:42,576 [grpc-default-executor-10] INFO  impl.RaftServerImpl (RaftServerImpl.java:setRole(184)) - d92c9463-8e05-4a70-8cc7-1d31ae7ac64a@group-515877FFDAAC: changes role from  FOLLOWER to FOLLOWER at term 159 for recognizeCandidate:05ace5f9-a5b7-4bc6-b4fa-26d4e24ae00c
2019-11-05 08:34:42,576 [grpc-default-executor-10] INFO  impl.RoleInfo (RoleInfo.java:shutdownFollowerState(121)) - d92c9463-8e05-4a70-8cc7-1d31ae7ac64a: shutdown FollowerState
2019-11-05 08:34:42,577 [grpc-default-executor-10] INFO  impl.RoleInfo (RoleInfo.java:updateAndGet(143)) - d92c9463-8e05-4a70-8cc7-1d31ae7ac64a: start FollowerState
2019-11-05 08:34:42,577 [Thread-4624] INFO  impl.FollowerState (FollowerState.java:run(117)) - d92c9463-8e05-4a70-8cc7-1d31ae7ac64a@group-515877FFDAAC-FollowerState was interrupted: java.lang.InterruptedException: sleep interrupted
2019-11-05 08:34:42,590 [05ace5f9-a5b7-4bc6-b4fa-26d4e24ae00c@group-515877FFDAAC-LeaderElection572] INFO  impl.LeaderElection (LeaderElection.java:logAndReturn(56)) - 05ace5f9-a5b7-4bc6-b4fa-26d4e24ae00c@group-515877FFDAAC-LeaderElection572: Election REJECTED; received 1 response(s) [05ace5f9-a5b7-4bc6-b4fa-26d4e24ae00c<-d92c9463-8e05-4a70-8cc7-1d31ae7ac64a#0:FAIL-t159] and 1 exception(s); 05ace5f9-a5b7-4bc6-b4fa-26d4e24ae00c@group-515877FFDAAC:t159, leader=null, voted=05ace5f9-a5b7-4bc6-b4fa-26d4e24ae00c, raftlog=05ace5f9-a5b7-4bc6-b4fa-26d4e24ae00c@group-515877FFDAAC-SegmentedRaftLog:OPENED:c-1,f-1,i0, conf=-1: [05ace5f9-a5b7-4bc6-b4fa-26d4e24ae00c:192.168.164.217:42356, d92c9463-8e05-4a70-8cc7-1d31ae7ac64a:192.168.164.217:37180, d7b60609-c805-4df6-8140-a27c681dae80:192.168.164.217:37880], old=null
2019-11-05 08:34:42,590 [05ace5f9-a5b7-4bc6-b4fa-26d4e24ae00c@group-515877FFDAAC-LeaderElection572] INFO  impl.LeaderElection (LogUtils.java:infoOrTrace(149)) -   Exception 0: {}
java.util.concurrent.ExecutionException: org.apache.ratis.thirdparty.io.grpc.StatusRuntimeException: UNAVAILABLE: io exception
	at java.util.concurrent.FutureTask.report(FutureTask.java:122)
	at java.util.concurrent.FutureTask.get(FutureTask.java:192)
	at org.apache.ratis.server.impl.LeaderElection.waitForResults(LeaderElection.java:259)
	at org.apache.ratis.server.impl.LeaderElection.askForVotes(LeaderElection.java:197)
	at org.apache.ratis.server.impl.LeaderElection.run(LeaderElection.java:133)
	at java.lang.Thread.run(Thread.java:748)
Caused by: org.apache.ratis.thirdparty.io.grpc.StatusRuntimeException: UNAVAILABLE: io exception
	at org.apache.ratis.thirdparty.io.grpc.stub.ClientCalls.toStatusRuntimeException(ClientCalls.java:233)
	at org.apache.ratis.thirdparty.io.grpc.stub.ClientCalls.getUnchecked(ClientCalls.java:214)
	at org.apache.ratis.thirdparty.io.grpc.stub.ClientCalls.blockingUnaryCall(ClientCalls.java:139)
	at org.apache.ratis.proto.grpc.RaftServerProtocolServiceGrpc$RaftServerProtocolServiceBlockingStub.requestVote(RaftServerProtocolServiceGrpc.java:265)
	at org.apache.ratis.grpc.server.GrpcServerProtocolClient.requestVote(GrpcServerProtocolClient.java:99)
	at org.apache.ratis.grpc.server.GrpcService.requestVote(GrpcService.java:204)
	at org.apache.ratis.server.impl.LeaderElection.lambda$submitRequests$1(LeaderElection.java:234)
	at java.util.concurrent.FutureTask.run(FutureTask.java:266)
	at java.util.concurrent.Executors$RunnableAdapter.call(Executors.java:511)
	at java.util.concurrent.FutureTask.run(FutureTask.java:266)
	at java.util.concurrent.ThreadPoolExecutor.runWorker(ThreadPoolExecutor.java:1149)
	at java.util.concurrent.ThreadPoolExecutor$Worker.run(ThreadPoolExecutor.java:624)
	... 1 more
Caused by: org.apache.ratis.thirdparty.io.netty.channel.AbstractChannel$AnnotatedConnectException: Connection refused: /192.168.164.217:37880
	at sun.nio.ch.SocketChannelImpl.checkConnect(Native Method)
	at sun.nio.ch.SocketChannelImpl.finishConnect(SocketChannelImpl.java:717)
	at org.apache.ratis.thirdparty.io.netty.channel.socket.nio.NioSocketChannel.doFinishConnect(NioSocketChannel.java:327)
	at org.apache.ratis.thirdparty.io.netty.channel.nio.AbstractNioChannel$AbstractNioUnsafe.finishConnect(AbstractNioChannel.java:340)
	at org.apache.ratis.thirdparty.io.netty.channel.nio.NioEventLoop.processSelectedKey(NioEventLoop.java:632)
	at org.apache.ratis.thirdparty.io.netty.channel.nio.NioEventLoop.processSelectedKeysOptimized(NioEventLoop.java:579)
	at org.apache.ratis.thirdparty.io.netty.channel.nio.NioEventLoop.processSelectedKeys(NioEventLoop.java:496)
	at org.apache.ratis.thirdparty.io.netty.channel.nio.NioEventLoop.run(NioEventLoop.java:458)
	at org.apache.ratis.thirdparty.io.netty.util.concurrent.SingleThreadEventExecutor$5.run(SingleThreadEventExecutor.java:897)
	at org.apache.ratis.thirdparty.io.netty.util.concurrent.FastThreadLocalRunnable.run(FastThreadLocalRunnable.java:30)
	... 1 more
Caused by: java.net.ConnectException: Connection refused
	... 11 more
2019-11-05 08:34:42,591 [05ace5f9-a5b7-4bc6-b4fa-26d4e24ae00c@group-515877FFDAAC-LeaderElection572] INFO  impl.RaftServerImpl (RaftServerImpl.java:setRole(184)) - 05ace5f9-a5b7-4bc6-b4fa-26d4e24ae00c@group-515877FFDAAC: changes role from CANDIDATE to FOLLOWER at term 159 for DISCOVERED_A_NEW_TERM
2019-11-05 08:34:42,591 [05ace5f9-a5b7-4bc6-b4fa-26d4e24ae00c@group-515877FFDAAC-LeaderElection572] INFO  impl.RoleInfo (RoleInfo.java:shutdownLeaderElection(134)) - 05ace5f9-a5b7-4bc6-b4fa-26d4e24ae00c: shutdown LeaderElection
2019-11-05 08:34:42,591 [05ace5f9-a5b7-4bc6-b4fa-26d4e24ae00c@group-515877FFDAAC-LeaderElection572] INFO  impl.RoleInfo (RoleInfo.java:updateAndGet(143)) - 05ace5f9-a5b7-4bc6-b4fa-26d4e24ae00c: start FollowerState
2019-11-05 08:34:42,751 [Thread-4631] INFO  impl.FollowerState (FollowerState.java:run(108)) - 05ace5f9-a5b7-4bc6-b4fa-26d4e24ae00c@group-515877FFDAAC-FollowerState: change to CANDIDATE, lastRpcTime:159ms, electionTimeout:159ms
2019-11-05 08:34:42,751 [Thread-4631] INFO  impl.RoleInfo (RoleInfo.java:shutdownFollowerState(121)) - 05ace5f9-a5b7-4bc6-b4fa-26d4e24ae00c: shutdown FollowerState
2019-11-05 08:34:42,751 [Thread-4631] INFO  impl.RaftServerImpl (RaftServerImpl.java:setRole(184)) - 05ace5f9-a5b7-4bc6-b4fa-26d4e24ae00c@group-515877FFDAAC: changes role from  FOLLOWER to CANDIDATE at term 159 for changeToCandidate
2019-11-05 08:34:42,751 [Thread-4631] INFO  impl.RoleInfo (RoleInfo.java:updateAndGet(143)) - 05ace5f9-a5b7-4bc6-b4fa-26d4e24ae00c: start LeaderElection
2019-11-05 08:34:42,764 [05ace5f9-a5b7-4bc6-b4fa-26d4e24ae00c@group-515877FFDAAC-LeaderElection573] INFO  impl.LeaderElection (LeaderElection.java:askForVotes(178)) - 05ace5f9-a5b7-4bc6-b4fa-26d4e24ae00c@group-515877FFDAAC-LeaderElection573: begin an election at term 160 for -1: [05ace5f9-a5b7-4bc6-b4fa-26d4e24ae00c:192.168.164.217:42356, d92c9463-8e05-4a70-8cc7-1d31ae7ac64a:192.168.164.217:37180, d7b60609-c805-4df6-8140-a27c681dae80:192.168.164.217:37880], old=null
2019-11-05 08:34:42,766 [05ace5f9-a5b7-4bc6-b4fa-26d4e24ae00c@group-515877FFDAAC-LeaderElection573] INFO  impl.LeaderElection (LogUtils.java:infoOrTrace(149)) - 05ace5f9-a5b7-4bc6-b4fa-26d4e24ae00c@group-515877FFDAAC-LeaderElection573 got exception when requesting votes: {}
java.util.concurrent.ExecutionException: org.apache.ratis.thirdparty.io.grpc.StatusRuntimeException: UNAVAILABLE: io exception
	at java.util.concurrent.FutureTask.report(FutureTask.java:122)
	at java.util.concurrent.FutureTask.get(FutureTask.java:192)
	at org.apache.ratis.server.impl.LeaderElection.waitForResults(LeaderElection.java:259)
	at org.apache.ratis.server.impl.LeaderElection.askForVotes(LeaderElection.java:197)
	at org.apache.ratis.server.impl.LeaderElection.run(LeaderElection.java:133)
	at java.lang.Thread.run(Thread.java:748)
Caused by: org.apache.ratis.thirdparty.io.grpc.StatusRuntimeException: UNAVAILABLE: io exception
	at org.apache.ratis.thirdparty.io.grpc.stub.ClientCalls.toStatusRuntimeException(ClientCalls.java:233)
	at org.apache.ratis.thirdparty.io.grpc.stub.ClientCalls.getUnchecked(ClientCalls.java:214)
	at org.apache.ratis.thirdparty.io.grpc.stub.ClientCalls.blockingUnaryCall(ClientCalls.java:139)
	at org.apache.ratis.proto.grpc.RaftServerProtocolServiceGrpc$RaftServerProtocolServiceBlockingStub.requestVote(RaftServerProtocolServiceGrpc.java:265)
	at org.apache.ratis.grpc.server.GrpcServerProtocolClient.requestVote(GrpcServerProtocolClient.java:99)
	at org.apache.ratis.grpc.server.GrpcService.requestVote(GrpcService.java:204)
	at org.apache.ratis.server.impl.LeaderElection.lambda$submitRequests$1(LeaderElection.java:234)
	at java.util.concurrent.FutureTask.run(FutureTask.java:266)
	at java.util.concurrent.Executors$RunnableAdapter.call(Executors.java:511)
	at java.util.concurrent.FutureTask.run(FutureTask.java:266)
	at java.util.concurrent.ThreadPoolExecutor.runWorker(ThreadPoolExecutor.java:1149)
	at java.util.concurrent.ThreadPoolExecutor$Worker.run(ThreadPoolExecutor.java:624)
	... 1 more
Caused by: org.apache.ratis.thirdparty.io.netty.channel.AbstractChannel$AnnotatedConnectException: Connection refused: /192.168.164.217:37880
	at sun.nio.ch.SocketChannelImpl.checkConnect(Native Method)
	at sun.nio.ch.SocketChannelImpl.finishConnect(SocketChannelImpl.java:717)
	at org.apache.ratis.thirdparty.io.netty.channel.socket.nio.NioSocketChannel.doFinishConnect(NioSocketChannel.java:327)
	at org.apache.ratis.thirdparty.io.netty.channel.nio.AbstractNioChannel$AbstractNioUnsafe.finishConnect(AbstractNioChannel.java:340)
	at org.apache.ratis.thirdparty.io.netty.channel.nio.NioEventLoop.processSelectedKey(NioEventLoop.java:632)
	at org.apache.ratis.thirdparty.io.netty.channel.nio.NioEventLoop.processSelectedKeysOptimized(NioEventLoop.java:579)
	at org.apache.ratis.thirdparty.io.netty.channel.nio.NioEventLoop.processSelectedKeys(NioEventLoop.java:496)
	at org.apache.ratis.thirdparty.io.netty.channel.nio.NioEventLoop.run(NioEventLoop.java:458)
	at org.apache.ratis.thirdparty.io.netty.util.concurrent.SingleThreadEventExecutor$5.run(SingleThreadEventExecutor.java:897)
	at org.apache.ratis.thirdparty.io.netty.util.concurrent.FastThreadLocalRunnable.run(FastThreadLocalRunnable.java:30)
	... 1 more
Caused by: java.net.ConnectException: Connection refused
	... 11 more
2019-11-05 08:34:42,767 [grpc-default-executor-17] INFO  impl.RaftServerImpl (RaftServerImpl.java:setRole(184)) - d92c9463-8e05-4a70-8cc7-1d31ae7ac64a@group-515877FFDAAC: changes role from  FOLLOWER to FOLLOWER at term 160 for recognizeCandidate:05ace5f9-a5b7-4bc6-b4fa-26d4e24ae00c
2019-11-05 08:34:42,767 [grpc-default-executor-17] INFO  impl.RoleInfo (RoleInfo.java:shutdownFollowerState(121)) - d92c9463-8e05-4a70-8cc7-1d31ae7ac64a: shutdown FollowerState
2019-11-05 08:34:42,767 [grpc-default-executor-17] INFO  impl.RoleInfo (RoleInfo.java:updateAndGet(143)) - d92c9463-8e05-4a70-8cc7-1d31ae7ac64a: start FollowerState
2019-11-05 08:34:42,767 [Thread-4630] INFO  impl.FollowerState (FollowerState.java:run(117)) - d92c9463-8e05-4a70-8cc7-1d31ae7ac64a@group-515877FFDAAC-FollowerState was interrupted: java.lang.InterruptedException: sleep interrupted
2019-11-05 08:34:42,785 [05ace5f9-a5b7-4bc6-b4fa-26d4e24ae00c@group-515877FFDAAC-LeaderElection573] INFO  impl.LeaderElection (LeaderElection.java:logAndReturn(56)) - 05ace5f9-a5b7-4bc6-b4fa-26d4e24ae00c@group-515877FFDAAC-LeaderElection573: Election REJECTED; received 1 response(s) [05ace5f9-a5b7-4bc6-b4fa-26d4e24ae00c<-d92c9463-8e05-4a70-8cc7-1d31ae7ac64a#0:FAIL-t160] and 1 exception(s); 05ace5f9-a5b7-4bc6-b4fa-26d4e24ae00c@group-515877FFDAAC:t160, leader=null, voted=05ace5f9-a5b7-4bc6-b4fa-26d4e24ae00c, raftlog=05ace5f9-a5b7-4bc6-b4fa-26d4e24ae00c@group-515877FFDAAC-SegmentedRaftLog:OPENED:c-1,f-1,i0, conf=-1: [05ace5f9-a5b7-4bc6-b4fa-26d4e24ae00c:192.168.164.217:42356, d92c9463-8e05-4a70-8cc7-1d31ae7ac64a:192.168.164.217:37180, d7b60609-c805-4df6-8140-a27c681dae80:192.168.164.217:37880], old=null
2019-11-05 08:34:42,785 [05ace5f9-a5b7-4bc6-b4fa-26d4e24ae00c@group-515877FFDAAC-LeaderElection573] INFO  impl.LeaderElection (LogUtils.java:infoOrTrace(149)) -   Exception 0: {}
java.util.concurrent.ExecutionException: org.apache.ratis.thirdparty.io.grpc.StatusRuntimeException: UNAVAILABLE: io exception
	at java.util.concurrent.FutureTask.report(FutureTask.java:122)
	at java.util.concurrent.FutureTask.get(FutureTask.java:192)
	at org.apache.ratis.server.impl.LeaderElection.waitForResults(LeaderElection.java:259)
	at org.apache.ratis.server.impl.LeaderElection.askForVotes(LeaderElection.java:197)
	at org.apache.ratis.server.impl.LeaderElection.run(LeaderElection.java:133)
	at java.lang.Thread.run(Thread.java:748)
Caused by: org.apache.ratis.thirdparty.io.grpc.StatusRuntimeException: UNAVAILABLE: io exception
	at org.apache.ratis.thirdparty.io.grpc.stub.ClientCalls.toStatusRuntimeException(ClientCalls.java:233)
	at org.apache.ratis.thirdparty.io.grpc.stub.ClientCalls.getUnchecked(ClientCalls.java:214)
	at org.apache.ratis.thirdparty.io.grpc.stub.ClientCalls.blockingUnaryCall(ClientCalls.java:139)
	at org.apache.ratis.proto.grpc.RaftServerProtocolServiceGrpc$RaftServerProtocolServiceBlockingStub.requestVote(RaftServerProtocolServiceGrpc.java:265)
	at org.apache.ratis.grpc.server.GrpcServerProtocolClient.requestVote(GrpcServerProtocolClient.java:99)
	at org.apache.ratis.grpc.server.GrpcService.requestVote(GrpcService.java:204)
	at org.apache.ratis.server.impl.LeaderElection.lambda$submitRequests$1(LeaderElection.java:234)
	at java.util.concurrent.FutureTask.run(FutureTask.java:266)
	at java.util.concurrent.Executors$RunnableAdapter.call(Executors.java:511)
	at java.util.concurrent.FutureTask.run(FutureTask.java:266)
	at java.util.concurrent.ThreadPoolExecutor.runWorker(ThreadPoolExecutor.java:1149)
	at java.util.concurrent.ThreadPoolExecutor$Worker.run(ThreadPoolExecutor.java:624)
	... 1 more
Caused by: org.apache.ratis.thirdparty.io.netty.channel.AbstractChannel$AnnotatedConnectException: Connection refused: /192.168.164.217:37880
	at sun.nio.ch.SocketChannelImpl.checkConnect(Native Method)
	at sun.nio.ch.SocketChannelImpl.finishConnect(SocketChannelImpl.java:717)
	at org.apache.ratis.thirdparty.io.netty.channel.socket.nio.NioSocketChannel.doFinishConnect(NioSocketChannel.java:327)
	at org.apache.ratis.thirdparty.io.netty.channel.nio.AbstractNioChannel$AbstractNioUnsafe.finishConnect(AbstractNioChannel.java:340)
	at org.apache.ratis.thirdparty.io.netty.channel.nio.NioEventLoop.processSelectedKey(NioEventLoop.java:632)
	at org.apache.ratis.thirdparty.io.netty.channel.nio.NioEventLoop.processSelectedKeysOptimized(NioEventLoop.java:579)
	at org.apache.ratis.thirdparty.io.netty.channel.nio.NioEventLoop.processSelectedKeys(NioEventLoop.java:496)
	at org.apache.ratis.thirdparty.io.netty.channel.nio.NioEventLoop.run(NioEventLoop.java:458)
	at org.apache.ratis.thirdparty.io.netty.util.concurrent.SingleThreadEventExecutor$5.run(SingleThreadEventExecutor.java:897)
	at org.apache.ratis.thirdparty.io.netty.util.concurrent.FastThreadLocalRunnable.run(FastThreadLocalRunnable.java:30)
	... 1 more
Caused by: java.net.ConnectException: Connection refused
	... 11 more
2019-11-05 08:34:42,786 [05ace5f9-a5b7-4bc6-b4fa-26d4e24ae00c@group-515877FFDAAC-LeaderElection573] INFO  impl.RaftServerImpl (RaftServerImpl.java:setRole(184)) - 05ace5f9-a5b7-4bc6-b4fa-26d4e24ae00c@group-515877FFDAAC: changes role from CANDIDATE to FOLLOWER at term 160 for DISCOVERED_A_NEW_TERM
2019-11-05 08:34:42,786 [05ace5f9-a5b7-4bc6-b4fa-26d4e24ae00c@group-515877FFDAAC-LeaderElection573] INFO  impl.RoleInfo (RoleInfo.java:shutdownLeaderElection(134)) - 05ace5f9-a5b7-4bc6-b4fa-26d4e24ae00c: shutdown LeaderElection
2019-11-05 08:34:42,786 [05ace5f9-a5b7-4bc6-b4fa-26d4e24ae00c@group-515877FFDAAC-LeaderElection573] INFO  impl.RoleInfo (RoleInfo.java:updateAndGet(143)) - 05ace5f9-a5b7-4bc6-b4fa-26d4e24ae00c: start FollowerState
2019-11-05 08:34:42,943 [Thread-4638] INFO  impl.FollowerState (FollowerState.java:run(108)) - 05ace5f9-a5b7-4bc6-b4fa-26d4e24ae00c@group-515877FFDAAC-FollowerState: change to CANDIDATE, lastRpcTime:157ms, electionTimeout:157ms
2019-11-05 08:34:42,943 [Thread-4638] INFO  impl.RoleInfo (RoleInfo.java:shutdownFollowerState(121)) - 05ace5f9-a5b7-4bc6-b4fa-26d4e24ae00c: shutdown FollowerState
2019-11-05 08:34:42,943 [Thread-4638] INFO  impl.RaftServerImpl (RaftServerImpl.java:setRole(184)) - 05ace5f9-a5b7-4bc6-b4fa-26d4e24ae00c@group-515877FFDAAC: changes role from  FOLLOWER to CANDIDATE at term 160 for changeToCandidate
2019-11-05 08:34:42,944 [Thread-4638] INFO  impl.RoleInfo (RoleInfo.java:updateAndGet(143)) - 05ace5f9-a5b7-4bc6-b4fa-26d4e24ae00c: start LeaderElection
2019-11-05 08:34:42,959 [05ace5f9-a5b7-4bc6-b4fa-26d4e24ae00c@group-515877FFDAAC-LeaderElection574] INFO  impl.LeaderElection (LeaderElection.java:askForVotes(178)) - 05ace5f9-a5b7-4bc6-b4fa-26d4e24ae00c@group-515877FFDAAC-LeaderElection574: begin an election at term 161 for -1: [05ace5f9-a5b7-4bc6-b4fa-26d4e24ae00c:192.168.164.217:42356, d92c9463-8e05-4a70-8cc7-1d31ae7ac64a:192.168.164.217:37180, d7b60609-c805-4df6-8140-a27c681dae80:192.168.164.217:37880], old=null
2019-11-05 08:34:42,960 [05ace5f9-a5b7-4bc6-b4fa-26d4e24ae00c@group-515877FFDAAC-LeaderElection574] INFO  impl.LeaderElection (LogUtils.java:infoOrTrace(149)) - 05ace5f9-a5b7-4bc6-b4fa-26d4e24ae00c@group-515877FFDAAC-LeaderElection574 got exception when requesting votes: {}
java.util.concurrent.ExecutionException: org.apache.ratis.thirdparty.io.grpc.StatusRuntimeException: UNAVAILABLE: io exception
	at java.util.concurrent.FutureTask.report(FutureTask.java:122)
	at java.util.concurrent.FutureTask.get(FutureTask.java:192)
	at org.apache.ratis.server.impl.LeaderElection.waitForResults(LeaderElection.java:259)
	at org.apache.ratis.server.impl.LeaderElection.askForVotes(LeaderElection.java:197)
	at org.apache.ratis.server.impl.LeaderElection.run(LeaderElection.java:133)
	at java.lang.Thread.run(Thread.java:748)
Caused by: org.apache.ratis.thirdparty.io.grpc.StatusRuntimeException: UNAVAILABLE: io exception
	at org.apache.ratis.thirdparty.io.grpc.stub.ClientCalls.toStatusRuntimeException(ClientCalls.java:233)
	at org.apache.ratis.thirdparty.io.grpc.stub.ClientCalls.getUnchecked(ClientCalls.java:214)
	at org.apache.ratis.thirdparty.io.grpc.stub.ClientCalls.blockingUnaryCall(ClientCalls.java:139)
	at org.apache.ratis.proto.grpc.RaftServerProtocolServiceGrpc$RaftServerProtocolServiceBlockingStub.requestVote(RaftServerProtocolServiceGrpc.java:265)
	at org.apache.ratis.grpc.server.GrpcServerProtocolClient.requestVote(GrpcServerProtocolClient.java:99)
	at org.apache.ratis.grpc.server.GrpcService.requestVote(GrpcService.java:204)
	at org.apache.ratis.server.impl.LeaderElection.lambda$submitRequests$1(LeaderElection.java:234)
	at java.util.concurrent.FutureTask.run(FutureTask.java:266)
	at java.util.concurrent.Executors$RunnableAdapter.call(Executors.java:511)
	at java.util.concurrent.FutureTask.run(FutureTask.java:266)
	at java.util.concurrent.ThreadPoolExecutor.runWorker(ThreadPoolExecutor.java:1149)
	at java.util.concurrent.ThreadPoolExecutor$Worker.run(ThreadPoolExecutor.java:624)
	... 1 more
Caused by: org.apache.ratis.thirdparty.io.netty.channel.AbstractChannel$AnnotatedConnectException: Connection refused: /192.168.164.217:37880
	at sun.nio.ch.SocketChannelImpl.checkConnect(Native Method)
	at sun.nio.ch.SocketChannelImpl.finishConnect(SocketChannelImpl.java:717)
	at org.apache.ratis.thirdparty.io.netty.channel.socket.nio.NioSocketChannel.doFinishConnect(NioSocketChannel.java:327)
	at org.apache.ratis.thirdparty.io.netty.channel.nio.AbstractNioChannel$AbstractNioUnsafe.finishConnect(AbstractNioChannel.java:340)
	at org.apache.ratis.thirdparty.io.netty.channel.nio.NioEventLoop.processSelectedKey(NioEventLoop.java:632)
	at org.apache.ratis.thirdparty.io.netty.channel.nio.NioEventLoop.processSelectedKeysOptimized(NioEventLoop.java:579)
	at org.apache.ratis.thirdparty.io.netty.channel.nio.NioEventLoop.processSelectedKeys(NioEventLoop.java:496)
	at org.apache.ratis.thirdparty.io.netty.channel.nio.NioEventLoop.run(NioEventLoop.java:458)
	at org.apache.ratis.thirdparty.io.netty.util.concurrent.SingleThreadEventExecutor$5.run(SingleThreadEventExecutor.java:897)
	at org.apache.ratis.thirdparty.io.netty.util.concurrent.FastThreadLocalRunnable.run(FastThreadLocalRunnable.java:30)
	... 1 more
Caused by: java.net.ConnectException: Connection refused
	... 11 more
2019-11-05 08:34:42,961 [grpc-default-executor-17] INFO  impl.RaftServerImpl (RaftServerImpl.java:setRole(184)) - d92c9463-8e05-4a70-8cc7-1d31ae7ac64a@group-515877FFDAAC: changes role from  FOLLOWER to FOLLOWER at term 161 for recognizeCandidate:05ace5f9-a5b7-4bc6-b4fa-26d4e24ae00c
2019-11-05 08:34:42,961 [grpc-default-executor-17] INFO  impl.RoleInfo (RoleInfo.java:shutdownFollowerState(121)) - d92c9463-8e05-4a70-8cc7-1d31ae7ac64a: shutdown FollowerState
2019-11-05 08:34:42,961 [grpc-default-executor-17] INFO  impl.RoleInfo (RoleInfo.java:updateAndGet(143)) - d92c9463-8e05-4a70-8cc7-1d31ae7ac64a: start FollowerState
2019-11-05 08:34:42,962 [Thread-4637] INFO  impl.FollowerState (FollowerState.java:run(117)) - d92c9463-8e05-4a70-8cc7-1d31ae7ac64a@group-515877FFDAAC-FollowerState was interrupted: java.lang.InterruptedException: sleep interrupted
2019-11-05 08:34:42,988 [05ace5f9-a5b7-4bc6-b4fa-26d4e24ae00c@group-515877FFDAAC-LeaderElection574] INFO  impl.LeaderElection (LeaderElection.java:logAndReturn(56)) - 05ace5f9-a5b7-4bc6-b4fa-26d4e24ae00c@group-515877FFDAAC-LeaderElection574: Election REJECTED; received 1 response(s) [05ace5f9-a5b7-4bc6-b4fa-26d4e24ae00c<-d92c9463-8e05-4a70-8cc7-1d31ae7ac64a#0:FAIL-t161] and 1 exception(s); 05ace5f9-a5b7-4bc6-b4fa-26d4e24ae00c@group-515877FFDAAC:t161, leader=null, voted=05ace5f9-a5b7-4bc6-b4fa-26d4e24ae00c, raftlog=05ace5f9-a5b7-4bc6-b4fa-26d4e24ae00c@group-515877FFDAAC-SegmentedRaftLog:OPENED:c-1,f-1,i0, conf=-1: [05ace5f9-a5b7-4bc6-b4fa-26d4e24ae00c:192.168.164.217:42356, d92c9463-8e05-4a70-8cc7-1d31ae7ac64a:192.168.164.217:37180, d7b60609-c805-4df6-8140-a27c681dae80:192.168.164.217:37880], old=null
2019-11-05 08:34:42,988 [05ace5f9-a5b7-4bc6-b4fa-26d4e24ae00c@group-515877FFDAAC-LeaderElection574] INFO  impl.LeaderElection (LogUtils.java:infoOrTrace(149)) -   Exception 0: {}
java.util.concurrent.ExecutionException: org.apache.ratis.thirdparty.io.grpc.StatusRuntimeException: UNAVAILABLE: io exception
	at java.util.concurrent.FutureTask.report(FutureTask.java:122)
	at java.util.concurrent.FutureTask.get(FutureTask.java:192)
	at org.apache.ratis.server.impl.LeaderElection.waitForResults(LeaderElection.java:259)
	at org.apache.ratis.server.impl.LeaderElection.askForVotes(LeaderElection.java:197)
	at org.apache.ratis.server.impl.LeaderElection.run(LeaderElection.java:133)
	at java.lang.Thread.run(Thread.java:748)
Caused by: org.apache.ratis.thirdparty.io.grpc.StatusRuntimeException: UNAVAILABLE: io exception
	at org.apache.ratis.thirdparty.io.grpc.stub.ClientCalls.toStatusRuntimeException(ClientCalls.java:233)
	at org.apache.ratis.thirdparty.io.grpc.stub.ClientCalls.getUnchecked(ClientCalls.java:214)
	at org.apache.ratis.thirdparty.io.grpc.stub.ClientCalls.blockingUnaryCall(ClientCalls.java:139)
	at org.apache.ratis.proto.grpc.RaftServerProtocolServiceGrpc$RaftServerProtocolServiceBlockingStub.requestVote(RaftServerProtocolServiceGrpc.java:265)
	at org.apache.ratis.grpc.server.GrpcServerProtocolClient.requestVote(GrpcServerProtocolClient.java:99)
	at org.apache.ratis.grpc.server.GrpcService.requestVote(GrpcService.java:204)
	at org.apache.ratis.server.impl.LeaderElection.lambda$submitRequests$1(LeaderElection.java:234)
	at java.util.concurrent.FutureTask.run(FutureTask.java:266)
	at java.util.concurrent.Executors$RunnableAdapter.call(Executors.java:511)
	at java.util.concurrent.FutureTask.run(FutureTask.java:266)
	at java.util.concurrent.ThreadPoolExecutor.runWorker(ThreadPoolExecutor.java:1149)
	at java.util.concurrent.ThreadPoolExecutor$Worker.run(ThreadPoolExecutor.java:624)
	... 1 more
Caused by: org.apache.ratis.thirdparty.io.netty.channel.AbstractChannel$AnnotatedConnectException: Connection refused: /192.168.164.217:37880
	at sun.nio.ch.SocketChannelImpl.checkConnect(Native Method)
	at sun.nio.ch.SocketChannelImpl.finishConnect(SocketChannelImpl.java:717)
	at org.apache.ratis.thirdparty.io.netty.channel.socket.nio.NioSocketChannel.doFinishConnect(NioSocketChannel.java:327)
	at org.apache.ratis.thirdparty.io.netty.channel.nio.AbstractNioChannel$AbstractNioUnsafe.finishConnect(AbstractNioChannel.java:340)
	at org.apache.ratis.thirdparty.io.netty.channel.nio.NioEventLoop.processSelectedKey(NioEventLoop.java:632)
	at org.apache.ratis.thirdparty.io.netty.channel.nio.NioEventLoop.processSelectedKeysOptimized(NioEventLoop.java:579)
	at org.apache.ratis.thirdparty.io.netty.channel.nio.NioEventLoop.processSelectedKeys(NioEventLoop.java:496)
	at org.apache.ratis.thirdparty.io.netty.channel.nio.NioEventLoop.run(NioEventLoop.java:458)
	at org.apache.ratis.thirdparty.io.netty.util.concurrent.SingleThreadEventExecutor$5.run(SingleThreadEventExecutor.java:897)
	at org.apache.ratis.thirdparty.io.netty.util.concurrent.FastThreadLocalRunnable.run(FastThreadLocalRunnable.java:30)
	... 1 more
Caused by: java.net.ConnectException: Connection refused
	... 11 more
2019-11-05 08:34:42,988 [05ace5f9-a5b7-4bc6-b4fa-26d4e24ae00c@group-515877FFDAAC-LeaderElection574] INFO  impl.RaftServerImpl (RaftServerImpl.java:setRole(184)) - 05ace5f9-a5b7-4bc6-b4fa-26d4e24ae00c@group-515877FFDAAC: changes role from CANDIDATE to FOLLOWER at term 161 for DISCOVERED_A_NEW_TERM
2019-11-05 08:34:42,988 [05ace5f9-a5b7-4bc6-b4fa-26d4e24ae00c@group-515877FFDAAC-LeaderElection574] INFO  impl.RoleInfo (RoleInfo.java:shutdownLeaderElection(134)) - 05ace5f9-a5b7-4bc6-b4fa-26d4e24ae00c: shutdown LeaderElection
2019-11-05 08:34:42,988 [05ace5f9-a5b7-4bc6-b4fa-26d4e24ae00c@group-515877FFDAAC-LeaderElection574] INFO  impl.RoleInfo (RoleInfo.java:updateAndGet(143)) - 05ace5f9-a5b7-4bc6-b4fa-26d4e24ae00c: start FollowerState
2019-11-05 08:34:43,005 [java.util.concurrent.ThreadPoolExecutor$Worker@7a1c356f[State = -1, empty queue]] WARN  server.GrpcLogAppender (GrpcLogAppender.java:timeoutAppendRequest(209)) - fae5ccd0-edd9-4644-8d4e-9d507f6169bd@group-96AF9F8BC25D->5d271ba9-e0f4-40ff-b9fc-f90f33adc13b-GrpcLogAppender: appendEntries Timeout, request=fae5ccd0-edd9-4644-8d4e-9d507f6169bd->5d271ba9-e0f4-40ff-b9fc-f90f33adc13b#39-t4, previous=(t:4, i:4), leaderCommit=4, initializing? false, entries: <empty>
2019-11-05 08:34:43,012 [Thread-4643] INFO  impl.FollowerState (FollowerState.java:run(108)) - 05ace5f9-a5b7-4bc6-b4fa-26d4e24ae00c@group-515877FFDAAC-FollowerState: change to CANDIDATE, lastRpcTime:23ms, electionTimeout:23ms
2019-11-05 08:34:43,012 [Thread-4643] INFO  impl.RoleInfo (RoleInfo.java:shutdownFollowerState(121)) - 05ace5f9-a5b7-4bc6-b4fa-26d4e24ae00c: shutdown FollowerState
2019-11-05 08:34:43,012 [Thread-4643] INFO  impl.RaftServerImpl (RaftServerImpl.java:setRole(184)) - 05ace5f9-a5b7-4bc6-b4fa-26d4e24ae00c@group-515877FFDAAC: changes role from  FOLLOWER to CANDIDATE at term 161 for changeToCandidate
2019-11-05 08:34:43,012 [Thread-4643] INFO  impl.RoleInfo (RoleInfo.java:updateAndGet(143)) - 05ace5f9-a5b7-4bc6-b4fa-26d4e24ae00c: start LeaderElection
2019-11-05 08:34:43,025 [05ace5f9-a5b7-4bc6-b4fa-26d4e24ae00c@group-515877FFDAAC-LeaderElection575] INFO  impl.LeaderElection (LeaderElection.java:askForVotes(178)) - 05ace5f9-a5b7-4bc6-b4fa-26d4e24ae00c@group-515877FFDAAC-LeaderElection575: begin an election at term 162 for -1: [05ace5f9-a5b7-4bc6-b4fa-26d4e24ae00c:192.168.164.217:42356, d92c9463-8e05-4a70-8cc7-1d31ae7ac64a:192.168.164.217:37180, d7b60609-c805-4df6-8140-a27c681dae80:192.168.164.217:37880], old=null
2019-11-05 08:34:43,026 [05ace5f9-a5b7-4bc6-b4fa-26d4e24ae00c@group-515877FFDAAC-LeaderElection575] INFO  impl.LeaderElection (LogUtils.java:infoOrTrace(149)) - 05ace5f9-a5b7-4bc6-b4fa-26d4e24ae00c@group-515877FFDAAC-LeaderElection575 got exception when requesting votes: {}
java.util.concurrent.ExecutionException: org.apache.ratis.thirdparty.io.grpc.StatusRuntimeException: UNAVAILABLE: io exception
	at java.util.concurrent.FutureTask.report(FutureTask.java:122)
	at java.util.concurrent.FutureTask.get(FutureTask.java:192)
	at org.apache.ratis.server.impl.LeaderElection.waitForResults(LeaderElection.java:259)
	at org.apache.ratis.server.impl.LeaderElection.askForVotes(LeaderElection.java:197)
	at org.apache.ratis.server.impl.LeaderElection.run(LeaderElection.java:133)
	at java.lang.Thread.run(Thread.java:748)
Caused by: org.apache.ratis.thirdparty.io.grpc.StatusRuntimeException: UNAVAILABLE: io exception
	at org.apache.ratis.thirdparty.io.grpc.stub.ClientCalls.toStatusRuntimeException(ClientCalls.java:233)
	at org.apache.ratis.thirdparty.io.grpc.stub.ClientCalls.getUnchecked(ClientCalls.java:214)
	at org.apache.ratis.thirdparty.io.grpc.stub.ClientCalls.blockingUnaryCall(ClientCalls.java:139)
	at org.apache.ratis.proto.grpc.RaftServerProtocolServiceGrpc$RaftServerProtocolServiceBlockingStub.requestVote(RaftServerProtocolServiceGrpc.java:265)
	at org.apache.ratis.grpc.server.GrpcServerProtocolClient.requestVote(GrpcServerProtocolClient.java:99)
	at org.apache.ratis.grpc.server.GrpcService.requestVote(GrpcService.java:204)
	at org.apache.ratis.server.impl.LeaderElection.lambda$submitRequests$1(LeaderElection.java:234)
	at java.util.concurrent.FutureTask.run(FutureTask.java:266)
	at java.util.concurrent.Executors$RunnableAdapter.call(Executors.java:511)
	at java.util.concurrent.FutureTask.run(FutureTask.java:266)
	at java.util.concurrent.ThreadPoolExecutor.runWorker(ThreadPoolExecutor.java:1149)
	at java.util.concurrent.ThreadPoolExecutor$Worker.run(ThreadPoolExecutor.java:624)
	... 1 more
Caused by: org.apache.ratis.thirdparty.io.netty.channel.AbstractChannel$AnnotatedConnectException: Connection refused: /192.168.164.217:37880
	at sun.nio.ch.SocketChannelImpl.checkConnect(Native Method)
	at sun.nio.ch.SocketChannelImpl.finishConnect(SocketChannelImpl.java:717)
	at org.apache.ratis.thirdparty.io.netty.channel.socket.nio.NioSocketChannel.doFinishConnect(NioSocketChannel.java:327)
	at org.apache.ratis.thirdparty.io.netty.channel.nio.AbstractNioChannel$AbstractNioUnsafe.finishConnect(AbstractNioChannel.java:340)
	at org.apache.ratis.thirdparty.io.netty.channel.nio.NioEventLoop.processSelectedKey(NioEventLoop.java:632)
	at org.apache.ratis.thirdparty.io.netty.channel.nio.NioEventLoop.processSelectedKeysOptimized(NioEventLoop.java:579)
	at org.apache.ratis.thirdparty.io.netty.channel.nio.NioEventLoop.processSelectedKeys(NioEventLoop.java:496)
	at org.apache.ratis.thirdparty.io.netty.channel.nio.NioEventLoop.run(NioEventLoop.java:458)
	at org.apache.ratis.thirdparty.io.netty.util.concurrent.SingleThreadEventExecutor$5.run(SingleThreadEventExecutor.java:897)
	at org.apache.ratis.thirdparty.io.netty.util.concurrent.FastThreadLocalRunnable.run(FastThreadLocalRunnable.java:30)
	... 1 more
Caused by: java.net.ConnectException: Connection refused
	... 11 more
2019-11-05 08:34:43,027 [grpc-default-executor-17] INFO  impl.RaftServerImpl (RaftServerImpl.java:setRole(184)) - d92c9463-8e05-4a70-8cc7-1d31ae7ac64a@group-515877FFDAAC: changes role from  FOLLOWER to FOLLOWER at term 162 for recognizeCandidate:05ace5f9-a5b7-4bc6-b4fa-26d4e24ae00c
2019-11-05 08:34:43,028 [grpc-default-executor-17] INFO  impl.RoleInfo (RoleInfo.java:shutdownFollowerState(121)) - d92c9463-8e05-4a70-8cc7-1d31ae7ac64a: shutdown FollowerState
2019-11-05 08:34:43,028 [grpc-default-executor-17] INFO  impl.RoleInfo (RoleInfo.java:updateAndGet(143)) - d92c9463-8e05-4a70-8cc7-1d31ae7ac64a: start FollowerState
2019-11-05 08:34:43,028 [Thread-4642] INFO  impl.FollowerState (FollowerState.java:run(117)) - d92c9463-8e05-4a70-8cc7-1d31ae7ac64a@group-515877FFDAAC-FollowerState was interrupted: java.lang.InterruptedException: sleep interrupted
2019-11-05 08:34:43,042 [05ace5f9-a5b7-4bc6-b4fa-26d4e24ae00c@group-515877FFDAAC-LeaderElection575] INFO  impl.LeaderElection (LeaderElection.java:logAndReturn(56)) - 05ace5f9-a5b7-4bc6-b4fa-26d4e24ae00c@group-515877FFDAAC-LeaderElection575: Election REJECTED; received 1 response(s) [05ace5f9-a5b7-4bc6-b4fa-26d4e24ae00c<-d92c9463-8e05-4a70-8cc7-1d31ae7ac64a#0:FAIL-t162] and 1 exception(s); 05ace5f9-a5b7-4bc6-b4fa-26d4e24ae00c@group-515877FFDAAC:t162, leader=null, voted=05ace5f9-a5b7-4bc6-b4fa-26d4e24ae00c, raftlog=05ace5f9-a5b7-4bc6-b4fa-26d4e24ae00c@group-515877FFDAAC-SegmentedRaftLog:OPENED:c-1,f-1,i0, conf=-1: [05ace5f9-a5b7-4bc6-b4fa-26d4e24ae00c:192.168.164.217:42356, d92c9463-8e05-4a70-8cc7-1d31ae7ac64a:192.168.164.217:37180, d7b60609-c805-4df6-8140-a27c681dae80:192.168.164.217:37880], old=null
2019-11-05 08:34:43,043 [05ace5f9-a5b7-4bc6-b4fa-26d4e24ae00c@group-515877FFDAAC-LeaderElection575] INFO  impl.LeaderElection (LogUtils.java:infoOrTrace(149)) -   Exception 0: {}
java.util.concurrent.ExecutionException: org.apache.ratis.thirdparty.io.grpc.StatusRuntimeException: UNAVAILABLE: io exception
	at java.util.concurrent.FutureTask.report(FutureTask.java:122)
	at java.util.concurrent.FutureTask.get(FutureTask.java:192)
	at org.apache.ratis.server.impl.LeaderElection.waitForResults(LeaderElection.java:259)
	at org.apache.ratis.server.impl.LeaderElection.askForVotes(LeaderElection.java:197)
	at org.apache.ratis.server.impl.LeaderElection.run(LeaderElection.java:133)
	at java.lang.Thread.run(Thread.java:748)
Caused by: org.apache.ratis.thirdparty.io.grpc.StatusRuntimeException: UNAVAILABLE: io exception
	at org.apache.ratis.thirdparty.io.grpc.stub.ClientCalls.toStatusRuntimeException(ClientCalls.java:233)
	at org.apache.ratis.thirdparty.io.grpc.stub.ClientCalls.getUnchecked(ClientCalls.java:214)
	at org.apache.ratis.thirdparty.io.grpc.stub.ClientCalls.blockingUnaryCall(ClientCalls.java:139)
	at org.apache.ratis.proto.grpc.RaftServerProtocolServiceGrpc$RaftServerProtocolServiceBlockingStub.requestVote(RaftServerProtocolServiceGrpc.java:265)
	at org.apache.ratis.grpc.server.GrpcServerProtocolClient.requestVote(GrpcServerProtocolClient.java:99)
	at org.apache.ratis.grpc.server.GrpcService.requestVote(GrpcService.java:204)
	at org.apache.ratis.server.impl.LeaderElection.lambda$submitRequests$1(LeaderElection.java:234)
	at java.util.concurrent.FutureTask.run(FutureTask.java:266)
	at java.util.concurrent.Executors$RunnableAdapter.call(Executors.java:511)
	at java.util.concurrent.FutureTask.run(FutureTask.java:266)
	at java.util.concurrent.ThreadPoolExecutor.runWorker(ThreadPoolExecutor.java:1149)
	at java.util.concurrent.ThreadPoolExecutor$Worker.run(ThreadPoolExecutor.java:624)
	... 1 more
Caused by: org.apache.ratis.thirdparty.io.netty.channel.AbstractChannel$AnnotatedConnectException: Connection refused: /192.168.164.217:37880
	at sun.nio.ch.SocketChannelImpl.checkConnect(Native Method)
	at sun.nio.ch.SocketChannelImpl.finishConnect(SocketChannelImpl.java:717)
	at org.apache.ratis.thirdparty.io.netty.channel.socket.nio.NioSocketChannel.doFinishConnect(NioSocketChannel.java:327)
	at org.apache.ratis.thirdparty.io.netty.channel.nio.AbstractNioChannel$AbstractNioUnsafe.finishConnect(AbstractNioChannel.java:340)
	at org.apache.ratis.thirdparty.io.netty.channel.nio.NioEventLoop.processSelectedKey(NioEventLoop.java:632)
	at org.apache.ratis.thirdparty.io.netty.channel.nio.NioEventLoop.processSelectedKeysOptimized(NioEventLoop.java:579)
	at org.apache.ratis.thirdparty.io.netty.channel.nio.NioEventLoop.processSelectedKeys(NioEventLoop.java:496)
	at org.apache.ratis.thirdparty.io.netty.channel.nio.NioEventLoop.run(NioEventLoop.java:458)
	at org.apache.ratis.thirdparty.io.netty.util.concurrent.SingleThreadEventExecutor$5.run(SingleThreadEventExecutor.java:897)
	at org.apache.ratis.thirdparty.io.netty.util.concurrent.FastThreadLocalRunnable.run(FastThreadLocalRunnable.java:30)
	... 1 more
Caused by: java.net.ConnectException: Connection refused
	... 11 more
2019-11-05 08:34:43,043 [05ace5f9-a5b7-4bc6-b4fa-26d4e24ae00c@group-515877FFDAAC-LeaderElection575] INFO  impl.RaftServerImpl (RaftServerImpl.java:setRole(184)) - 05ace5f9-a5b7-4bc6-b4fa-26d4e24ae00c@group-515877FFDAAC: changes role from CANDIDATE to FOLLOWER at term 162 for DISCOVERED_A_NEW_TERM
2019-11-05 08:34:43,043 [05ace5f9-a5b7-4bc6-b4fa-26d4e24ae00c@group-515877FFDAAC-LeaderElection575] INFO  impl.RoleInfo (RoleInfo.java:shutdownLeaderElection(134)) - 05ace5f9-a5b7-4bc6-b4fa-26d4e24ae00c: shutdown LeaderElection
2019-11-05 08:34:43,043 [05ace5f9-a5b7-4bc6-b4fa-26d4e24ae00c@group-515877FFDAAC-LeaderElection575] INFO  impl.RoleInfo (RoleInfo.java:updateAndGet(143)) - 05ace5f9-a5b7-4bc6-b4fa-26d4e24ae00c: start FollowerState
2019-11-05 08:34:43,218 [Thread-4649] INFO  impl.FollowerState (FollowerState.java:run(108)) - 05ace5f9-a5b7-4bc6-b4fa-26d4e24ae00c@group-515877FFDAAC-FollowerState: change to CANDIDATE, lastRpcTime:174ms, electionTimeout:174ms
2019-11-05 08:34:43,218 [Thread-4649] INFO  impl.RoleInfo (RoleInfo.java:shutdownFollowerState(121)) - 05ace5f9-a5b7-4bc6-b4fa-26d4e24ae00c: shutdown FollowerState
2019-11-05 08:34:43,218 [Thread-4649] INFO  impl.RaftServerImpl (RaftServerImpl.java:setRole(184)) - 05ace5f9-a5b7-4bc6-b4fa-26d4e24ae00c@group-515877FFDAAC: changes role from  FOLLOWER to CANDIDATE at term 162 for changeToCandidate
2019-11-05 08:34:43,218 [Thread-4649] INFO  impl.RoleInfo (RoleInfo.java:updateAndGet(143)) - 05ace5f9-a5b7-4bc6-b4fa-26d4e24ae00c: start LeaderElection
2019-11-05 08:34:43,247 [05ace5f9-a5b7-4bc6-b4fa-26d4e24ae00c@group-515877FFDAAC-LeaderElection576] INFO  impl.LeaderElection (LeaderElection.java:askForVotes(178)) - 05ace5f9-a5b7-4bc6-b4fa-26d4e24ae00c@group-515877FFDAAC-LeaderElection576: begin an election at term 163 for -1: [05ace5f9-a5b7-4bc6-b4fa-26d4e24ae00c:192.168.164.217:42356, d92c9463-8e05-4a70-8cc7-1d31ae7ac64a:192.168.164.217:37180, d7b60609-c805-4df6-8140-a27c681dae80:192.168.164.217:37880], old=null
2019-11-05 08:34:43,249 [05ace5f9-a5b7-4bc6-b4fa-26d4e24ae00c@group-515877FFDAAC-LeaderElection576] INFO  impl.LeaderElection (LogUtils.java:infoOrTrace(149)) - 05ace5f9-a5b7-4bc6-b4fa-26d4e24ae00c@group-515877FFDAAC-LeaderElection576 got exception when requesting votes: {}
java.util.concurrent.ExecutionException: org.apache.ratis.thirdparty.io.grpc.StatusRuntimeException: UNAVAILABLE: io exception
	at java.util.concurrent.FutureTask.report(FutureTask.java:122)
	at java.util.concurrent.FutureTask.get(FutureTask.java:192)
	at org.apache.ratis.server.impl.LeaderElection.waitForResults(LeaderElection.java:259)
	at org.apache.ratis.server.impl.LeaderElection.askForVotes(LeaderElection.java:197)
	at org.apache.ratis.server.impl.LeaderElection.run(LeaderElection.java:133)
	at java.lang.Thread.run(Thread.java:748)
Caused by: org.apache.ratis.thirdparty.io.grpc.StatusRuntimeException: UNAVAILABLE: io exception
	at org.apache.ratis.thirdparty.io.grpc.stub.ClientCalls.toStatusRuntimeException(ClientCalls.java:233)
	at org.apache.ratis.thirdparty.io.grpc.stub.ClientCalls.getUnchecked(ClientCalls.java:214)
	at org.apache.ratis.thirdparty.io.grpc.stub.ClientCalls.blockingUnaryCall(ClientCalls.java:139)
	at org.apache.ratis.proto.grpc.RaftServerProtocolServiceGrpc$RaftServerProtocolServiceBlockingStub.requestVote(RaftServerProtocolServiceGrpc.java:265)
	at org.apache.ratis.grpc.server.GrpcServerProtocolClient.requestVote(GrpcServerProtocolClient.java:99)
	at org.apache.ratis.grpc.server.GrpcService.requestVote(GrpcService.java:204)
	at org.apache.ratis.server.impl.LeaderElection.lambda$submitRequests$1(LeaderElection.java:234)
	at java.util.concurrent.FutureTask.run(FutureTask.java:266)
	at java.util.concurrent.Executors$RunnableAdapter.call(Executors.java:511)
	at java.util.concurrent.FutureTask.run(FutureTask.java:266)
	at java.util.concurrent.ThreadPoolExecutor.runWorker(ThreadPoolExecutor.java:1149)
	at java.util.concurrent.ThreadPoolExecutor$Worker.run(ThreadPoolExecutor.java:624)
	... 1 more
Caused by: org.apache.ratis.thirdparty.io.netty.channel.AbstractChannel$AnnotatedConnectException: Connection refused: /192.168.164.217:37880
	at sun.nio.ch.SocketChannelImpl.checkConnect(Native Method)
	at sun.nio.ch.SocketChannelImpl.finishConnect(SocketChannelImpl.java:717)
	at org.apache.ratis.thirdparty.io.netty.channel.socket.nio.NioSocketChannel.doFinishConnect(NioSocketChannel.java:327)
	at org.apache.ratis.thirdparty.io.netty.channel.nio.AbstractNioChannel$AbstractNioUnsafe.finishConnect(AbstractNioChannel.java:340)
	at org.apache.ratis.thirdparty.io.netty.channel.nio.NioEventLoop.processSelectedKey(NioEventLoop.java:632)
	at org.apache.ratis.thirdparty.io.netty.channel.nio.NioEventLoop.processSelectedKeysOptimized(NioEventLoop.java:579)
	at org.apache.ratis.thirdparty.io.netty.channel.nio.NioEventLoop.processSelectedKeys(NioEventLoop.java:496)
	at org.apache.ratis.thirdparty.io.netty.channel.nio.NioEventLoop.run(NioEventLoop.java:458)
	at org.apache.ratis.thirdparty.io.netty.util.concurrent.SingleThreadEventExecutor$5.run(SingleThreadEventExecutor.java:897)
	at org.apache.ratis.thirdparty.io.netty.util.concurrent.FastThreadLocalRunnable.run(FastThreadLocalRunnable.java:30)
	... 1 more
Caused by: java.net.ConnectException: Connection refused
	... 11 more
2019-11-05 08:34:43,250 [grpc-default-executor-17] INFO  impl.RaftServerImpl (RaftServerImpl.java:setRole(184)) - d92c9463-8e05-4a70-8cc7-1d31ae7ac64a@group-515877FFDAAC: changes role from  FOLLOWER to FOLLOWER at term 163 for recognizeCandidate:05ace5f9-a5b7-4bc6-b4fa-26d4e24ae00c
2019-11-05 08:34:43,250 [grpc-default-executor-17] INFO  impl.RoleInfo (RoleInfo.java:shutdownFollowerState(121)) - d92c9463-8e05-4a70-8cc7-1d31ae7ac64a: shutdown FollowerState
2019-11-05 08:34:43,250 [grpc-default-executor-17] INFO  impl.RoleInfo (RoleInfo.java:updateAndGet(143)) - d92c9463-8e05-4a70-8cc7-1d31ae7ac64a: start FollowerState
2019-11-05 08:34:43,250 [Thread-4648] INFO  impl.FollowerState (FollowerState.java:run(117)) - d92c9463-8e05-4a70-8cc7-1d31ae7ac64a@group-515877FFDAAC-FollowerState was interrupted: java.lang.InterruptedException: sleep interrupted
2019-11-05 08:34:43,263 [05ace5f9-a5b7-4bc6-b4fa-26d4e24ae00c@group-515877FFDAAC-LeaderElection576] INFO  impl.LeaderElection (LeaderElection.java:logAndReturn(56)) - 05ace5f9-a5b7-4bc6-b4fa-26d4e24ae00c@group-515877FFDAAC-LeaderElection576: Election REJECTED; received 1 response(s) [05ace5f9-a5b7-4bc6-b4fa-26d4e24ae00c<-d92c9463-8e05-4a70-8cc7-1d31ae7ac64a#0:FAIL-t163] and 1 exception(s); 05ace5f9-a5b7-4bc6-b4fa-26d4e24ae00c@group-515877FFDAAC:t163, leader=null, voted=05ace5f9-a5b7-4bc6-b4fa-26d4e24ae00c, raftlog=05ace5f9-a5b7-4bc6-b4fa-26d4e24ae00c@group-515877FFDAAC-SegmentedRaftLog:OPENED:c-1,f-1,i0, conf=-1: [05ace5f9-a5b7-4bc6-b4fa-26d4e24ae00c:192.168.164.217:42356, d92c9463-8e05-4a70-8cc7-1d31ae7ac64a:192.168.164.217:37180, d7b60609-c805-4df6-8140-a27c681dae80:192.168.164.217:37880], old=null
2019-11-05 08:34:43,264 [05ace5f9-a5b7-4bc6-b4fa-26d4e24ae00c@group-515877FFDAAC-LeaderElection576] INFO  impl.LeaderElection (LogUtils.java:infoOrTrace(149)) -   Exception 0: {}
java.util.concurrent.ExecutionException: org.apache.ratis.thirdparty.io.grpc.StatusRuntimeException: UNAVAILABLE: io exception
	at java.util.concurrent.FutureTask.report(FutureTask.java:122)
	at java.util.concurrent.FutureTask.get(FutureTask.java:192)
	at org.apache.ratis.server.impl.LeaderElection.waitForResults(LeaderElection.java:259)
	at org.apache.ratis.server.impl.LeaderElection.askForVotes(LeaderElection.java:197)
	at org.apache.ratis.server.impl.LeaderElection.run(LeaderElection.java:133)
	at java.lang.Thread.run(Thread.java:748)
Caused by: org.apache.ratis.thirdparty.io.grpc.StatusRuntimeException: UNAVAILABLE: io exception
	at org.apache.ratis.thirdparty.io.grpc.stub.ClientCalls.toStatusRuntimeException(ClientCalls.java:233)
	at org.apache.ratis.thirdparty.io.grpc.stub.ClientCalls.getUnchecked(ClientCalls.java:214)
	at org.apache.ratis.thirdparty.io.grpc.stub.ClientCalls.blockingUnaryCall(ClientCalls.java:139)
	at org.apache.ratis.proto.grpc.RaftServerProtocolServiceGrpc$RaftServerProtocolServiceBlockingStub.requestVote(RaftServerProtocolServiceGrpc.java:265)
	at org.apache.ratis.grpc.server.GrpcServerProtocolClient.requestVote(GrpcServerProtocolClient.java:99)
	at org.apache.ratis.grpc.server.GrpcService.requestVote(GrpcService.java:204)
	at org.apache.ratis.server.impl.LeaderElection.lambda$submitRequests$1(LeaderElection.java:234)
	at java.util.concurrent.FutureTask.run(FutureTask.java:266)
	at java.util.concurrent.Executors$RunnableAdapter.call(Executors.java:511)
	at java.util.concurrent.FutureTask.run(FutureTask.java:266)
	at java.util.concurrent.ThreadPoolExecutor.runWorker(ThreadPoolExecutor.java:1149)
	at java.util.concurrent.ThreadPoolExecutor$Worker.run(ThreadPoolExecutor.java:624)
	... 1 more
Caused by: org.apache.ratis.thirdparty.io.netty.channel.AbstractChannel$AnnotatedConnectException: Connection refused: /192.168.164.217:37880
	at sun.nio.ch.SocketChannelImpl.checkConnect(Native Method)
	at sun.nio.ch.SocketChannelImpl.finishConnect(SocketChannelImpl.java:717)
	at org.apache.ratis.thirdparty.io.netty.channel.socket.nio.NioSocketChannel.doFinishConnect(NioSocketChannel.java:327)
	at org.apache.ratis.thirdparty.io.netty.channel.nio.AbstractNioChannel$AbstractNioUnsafe.finishConnect(AbstractNioChannel.java:340)
	at org.apache.ratis.thirdparty.io.netty.channel.nio.NioEventLoop.processSelectedKey(NioEventLoop.java:632)
	at org.apache.ratis.thirdparty.io.netty.channel.nio.NioEventLoop.processSelectedKeysOptimized(NioEventLoop.java:579)
	at org.apache.ratis.thirdparty.io.netty.channel.nio.NioEventLoop.processSelectedKeys(NioEventLoop.java:496)
	at org.apache.ratis.thirdparty.io.netty.channel.nio.NioEventLoop.run(NioEventLoop.java:458)
	at org.apache.ratis.thirdparty.io.netty.util.concurrent.SingleThreadEventExecutor$5.run(SingleThreadEventExecutor.java:897)
	at org.apache.ratis.thirdparty.io.netty.util.concurrent.FastThreadLocalRunnable.run(FastThreadLocalRunnable.java:30)
	... 1 more
Caused by: java.net.ConnectException: Connection refused
	... 11 more
2019-11-05 08:34:43,264 [05ace5f9-a5b7-4bc6-b4fa-26d4e24ae00c@group-515877FFDAAC-LeaderElection576] INFO  impl.RaftServerImpl (RaftServerImpl.java:setRole(184)) - 05ace5f9-a5b7-4bc6-b4fa-26d4e24ae00c@group-515877FFDAAC: changes role from CANDIDATE to FOLLOWER at term 163 for DISCOVERED_A_NEW_TERM
2019-11-05 08:34:43,264 [05ace5f9-a5b7-4bc6-b4fa-26d4e24ae00c@group-515877FFDAAC-LeaderElection576] INFO  impl.RoleInfo (RoleInfo.java:shutdownLeaderElection(134)) - 05ace5f9-a5b7-4bc6-b4fa-26d4e24ae00c: shutdown LeaderElection
2019-11-05 08:34:43,264 [05ace5f9-a5b7-4bc6-b4fa-26d4e24ae00c@group-515877FFDAAC-LeaderElection576] INFO  impl.RoleInfo (RoleInfo.java:updateAndGet(143)) - 05ace5f9-a5b7-4bc6-b4fa-26d4e24ae00c: start FollowerState
2019-11-05 08:34:43,405 [Thread-4656] INFO  impl.FollowerState (FollowerState.java:run(108)) - 05ace5f9-a5b7-4bc6-b4fa-26d4e24ae00c@group-515877FFDAAC-FollowerState: change to CANDIDATE, lastRpcTime:140ms, electionTimeout:140ms
2019-11-05 08:34:43,406 [Thread-4656] INFO  impl.RoleInfo (RoleInfo.java:shutdownFollowerState(121)) - 05ace5f9-a5b7-4bc6-b4fa-26d4e24ae00c: shutdown FollowerState
2019-11-05 08:34:43,406 [Thread-4656] INFO  impl.RaftServerImpl (RaftServerImpl.java:setRole(184)) - 05ace5f9-a5b7-4bc6-b4fa-26d4e24ae00c@group-515877FFDAAC: changes role from  FOLLOWER to CANDIDATE at term 163 for changeToCandidate
2019-11-05 08:34:43,407 [Thread-4656] INFO  impl.RoleInfo (RoleInfo.java:updateAndGet(143)) - 05ace5f9-a5b7-4bc6-b4fa-26d4e24ae00c: start LeaderElection
2019-11-05 08:34:43,422 [05ace5f9-a5b7-4bc6-b4fa-26d4e24ae00c@group-515877FFDAAC-LeaderElection577] INFO  impl.LeaderElection (LeaderElection.java:askForVotes(178)) - 05ace5f9-a5b7-4bc6-b4fa-26d4e24ae00c@group-515877FFDAAC-LeaderElection577: begin an election at term 164 for -1: [05ace5f9-a5b7-4bc6-b4fa-26d4e24ae00c:192.168.164.217:42356, d92c9463-8e05-4a70-8cc7-1d31ae7ac64a:192.168.164.217:37180, d7b60609-c805-4df6-8140-a27c681dae80:192.168.164.217:37880], old=null
2019-11-05 08:34:43,424 [05ace5f9-a5b7-4bc6-b4fa-26d4e24ae00c@group-515877FFDAAC-LeaderElection577] INFO  impl.LeaderElection (LogUtils.java:infoOrTrace(149)) - 05ace5f9-a5b7-4bc6-b4fa-26d4e24ae00c@group-515877FFDAAC-LeaderElection577 got exception when requesting votes: {}
java.util.concurrent.ExecutionException: org.apache.ratis.thirdparty.io.grpc.StatusRuntimeException: UNAVAILABLE: io exception
	at java.util.concurrent.FutureTask.report(FutureTask.java:122)
	at java.util.concurrent.FutureTask.get(FutureTask.java:192)
	at org.apache.ratis.server.impl.LeaderElection.waitForResults(LeaderElection.java:259)
	at org.apache.ratis.server.impl.LeaderElection.askForVotes(LeaderElection.java:197)
	at org.apache.ratis.server.impl.LeaderElection.run(LeaderElection.java:133)
	at java.lang.Thread.run(Thread.java:748)
Caused by: org.apache.ratis.thirdparty.io.grpc.StatusRuntimeException: UNAVAILABLE: io exception
	at org.apache.ratis.thirdparty.io.grpc.stub.ClientCalls.toStatusRuntimeException(ClientCalls.java:233)
	at org.apache.ratis.thirdparty.io.grpc.stub.ClientCalls.getUnchecked(ClientCalls.java:214)
	at org.apache.ratis.thirdparty.io.grpc.stub.ClientCalls.blockingUnaryCall(ClientCalls.java:139)
	at org.apache.ratis.proto.grpc.RaftServerProtocolServiceGrpc$RaftServerProtocolServiceBlockingStub.requestVote(RaftServerProtocolServiceGrpc.java:265)
	at org.apache.ratis.grpc.server.GrpcServerProtocolClient.requestVote(GrpcServerProtocolClient.java:99)
	at org.apache.ratis.grpc.server.GrpcService.requestVote(GrpcService.java:204)
	at org.apache.ratis.server.impl.LeaderElection.lambda$submitRequests$1(LeaderElection.java:234)
	at java.util.concurrent.FutureTask.run(FutureTask.java:266)
	at java.util.concurrent.Executors$RunnableAdapter.call(Executors.java:511)
	at java.util.concurrent.FutureTask.run(FutureTask.java:266)
	at java.util.concurrent.ThreadPoolExecutor.runWorker(ThreadPoolExecutor.java:1149)
	at java.util.concurrent.ThreadPoolExecutor$Worker.run(ThreadPoolExecutor.java:624)
	... 1 more
Caused by: org.apache.ratis.thirdparty.io.netty.channel.AbstractChannel$AnnotatedConnectException: Connection refused: /192.168.164.217:37880
	at sun.nio.ch.SocketChannelImpl.checkConnect(Native Method)
	at sun.nio.ch.SocketChannelImpl.finishConnect(SocketChannelImpl.java:717)
	at org.apache.ratis.thirdparty.io.netty.channel.socket.nio.NioSocketChannel.doFinishConnect(NioSocketChannel.java:327)
	at org.apache.ratis.thirdparty.io.netty.channel.nio.AbstractNioChannel$AbstractNioUnsafe.finishConnect(AbstractNioChannel.java:340)
	at org.apache.ratis.thirdparty.io.netty.channel.nio.NioEventLoop.processSelectedKey(NioEventLoop.java:632)
	at org.apache.ratis.thirdparty.io.netty.channel.nio.NioEventLoop.processSelectedKeysOptimized(NioEventLoop.java:579)
	at org.apache.ratis.thirdparty.io.netty.channel.nio.NioEventLoop.processSelectedKeys(NioEventLoop.java:496)
	at org.apache.ratis.thirdparty.io.netty.channel.nio.NioEventLoop.run(NioEventLoop.java:458)
	at org.apache.ratis.thirdparty.io.netty.util.concurrent.SingleThreadEventExecutor$5.run(SingleThreadEventExecutor.java:897)
	at org.apache.ratis.thirdparty.io.netty.util.concurrent.FastThreadLocalRunnable.run(FastThreadLocalRunnable.java:30)
	... 1 more
Caused by: java.net.ConnectException: Connection refused
	... 11 more
2019-11-05 08:34:43,428 [grpc-default-executor-17] INFO  impl.RaftServerImpl (RaftServerImpl.java:setRole(184)) - d92c9463-8e05-4a70-8cc7-1d31ae7ac64a@group-515877FFDAAC: changes role from  FOLLOWER to FOLLOWER at term 164 for recognizeCandidate:05ace5f9-a5b7-4bc6-b4fa-26d4e24ae00c
2019-11-05 08:34:43,429 [grpc-default-executor-17] INFO  impl.RoleInfo (RoleInfo.java:shutdownFollowerState(121)) - d92c9463-8e05-4a70-8cc7-1d31ae7ac64a: shutdown FollowerState
2019-11-05 08:34:43,429 [grpc-default-executor-17] INFO  impl.RoleInfo (RoleInfo.java:updateAndGet(143)) - d92c9463-8e05-4a70-8cc7-1d31ae7ac64a: start FollowerState
2019-11-05 08:34:43,429 [Thread-4653] INFO  impl.FollowerState (FollowerState.java:run(117)) - d92c9463-8e05-4a70-8cc7-1d31ae7ac64a@group-515877FFDAAC-FollowerState was interrupted: java.lang.InterruptedException: sleep interrupted
2019-11-05 08:34:43,445 [05ace5f9-a5b7-4bc6-b4fa-26d4e24ae00c@group-515877FFDAAC-LeaderElection577] INFO  impl.LeaderElection (LeaderElection.java:logAndReturn(56)) - 05ace5f9-a5b7-4bc6-b4fa-26d4e24ae00c@group-515877FFDAAC-LeaderElection577: Election REJECTED; received 1 response(s) [05ace5f9-a5b7-4bc6-b4fa-26d4e24ae00c<-d92c9463-8e05-4a70-8cc7-1d31ae7ac64a#0:FAIL-t164] and 1 exception(s); 05ace5f9-a5b7-4bc6-b4fa-26d4e24ae00c@group-515877FFDAAC:t164, leader=null, voted=05ace5f9-a5b7-4bc6-b4fa-26d4e24ae00c, raftlog=05ace5f9-a5b7-4bc6-b4fa-26d4e24ae00c@group-515877FFDAAC-SegmentedRaftLog:OPENED:c-1,f-1,i0, conf=-1: [05ace5f9-a5b7-4bc6-b4fa-26d4e24ae00c:192.168.164.217:42356, d92c9463-8e05-4a70-8cc7-1d31ae7ac64a:192.168.164.217:37180, d7b60609-c805-4df6-8140-a27c681dae80:192.168.164.217:37880], old=null
2019-11-05 08:34:43,445 [05ace5f9-a5b7-4bc6-b4fa-26d4e24ae00c@group-515877FFDAAC-LeaderElection577] INFO  impl.LeaderElection (LogUtils.java:infoOrTrace(149)) -   Exception 0: {}
java.util.concurrent.ExecutionException: org.apache.ratis.thirdparty.io.grpc.StatusRuntimeException: UNAVAILABLE: io exception
	at java.util.concurrent.FutureTask.report(FutureTask.java:122)
	at java.util.concurrent.FutureTask.get(FutureTask.java:192)
	at org.apache.ratis.server.impl.LeaderElection.waitForResults(LeaderElection.java:259)
	at org.apache.ratis.server.impl.LeaderElection.askForVotes(LeaderElection.java:197)
	at org.apache.ratis.server.impl.LeaderElection.run(LeaderElection.java:133)
	at java.lang.Thread.run(Thread.java:748)
Caused by: org.apache.ratis.thirdparty.io.grpc.StatusRuntimeException: UNAVAILABLE: io exception
	at org.apache.ratis.thirdparty.io.grpc.stub.ClientCalls.toStatusRuntimeException(ClientCalls.java:233)
	at org.apache.ratis.thirdparty.io.grpc.stub.ClientCalls.getUnchecked(ClientCalls.java:214)
	at org.apache.ratis.thirdparty.io.grpc.stub.ClientCalls.blockingUnaryCall(ClientCalls.java:139)
	at org.apache.ratis.proto.grpc.RaftServerProtocolServiceGrpc$RaftServerProtocolServiceBlockingStub.requestVote(RaftServerProtocolServiceGrpc.java:265)
	at org.apache.ratis.grpc.server.GrpcServerProtocolClient.requestVote(GrpcServerProtocolClient.java:99)
	at org.apache.ratis.grpc.server.GrpcService.requestVote(GrpcService.java:204)
	at org.apache.ratis.server.impl.LeaderElection.lambda$submitRequests$1(LeaderElection.java:234)
	at java.util.concurrent.FutureTask.run(FutureTask.java:266)
	at java.util.concurrent.Executors$RunnableAdapter.call(Executors.java:511)
	at java.util.concurrent.FutureTask.run(FutureTask.java:266)
	at java.util.concurrent.ThreadPoolExecutor.runWorker(ThreadPoolExecutor.java:1149)
	at java.util.concurrent.ThreadPoolExecutor$Worker.run(ThreadPoolExecutor.java:624)
	... 1 more
Caused by: org.apache.ratis.thirdparty.io.netty.channel.AbstractChannel$AnnotatedConnectException: Connection refused: /192.168.164.217:37880
	at sun.nio.ch.SocketChannelImpl.checkConnect(Native Method)
	at sun.nio.ch.SocketChannelImpl.finishConnect(SocketChannelImpl.java:717)
	at org.apache.ratis.thirdparty.io.netty.channel.socket.nio.NioSocketChannel.doFinishConnect(NioSocketChannel.java:327)
	at org.apache.ratis.thirdparty.io.netty.channel.nio.AbstractNioChannel$AbstractNioUnsafe.finishConnect(AbstractNioChannel.java:340)
	at org.apache.ratis.thirdparty.io.netty.channel.nio.NioEventLoop.processSelectedKey(NioEventLoop.java:632)
	at org.apache.ratis.thirdparty.io.netty.channel.nio.NioEventLoop.processSelectedKeysOptimized(NioEventLoop.java:579)
	at org.apache.ratis.thirdparty.io.netty.channel.nio.NioEventLoop.processSelectedKeys(NioEventLoop.java:496)
	at org.apache.ratis.thirdparty.io.netty.channel.nio.NioEventLoop.run(NioEventLoop.java:458)
	at org.apache.ratis.thirdparty.io.netty.util.concurrent.SingleThreadEventExecutor$5.run(SingleThreadEventExecutor.java:897)
	at org.apache.ratis.thirdparty.io.netty.util.concurrent.FastThreadLocalRunnable.run(FastThreadLocalRunnable.java:30)
	... 1 more
Caused by: java.net.ConnectException: Connection refused
	... 11 more
2019-11-05 08:34:43,446 [05ace5f9-a5b7-4bc6-b4fa-26d4e24ae00c@group-515877FFDAAC-LeaderElection577] INFO  impl.RaftServerImpl (RaftServerImpl.java:setRole(184)) - 05ace5f9-a5b7-4bc6-b4fa-26d4e24ae00c@group-515877FFDAAC: changes role from CANDIDATE to FOLLOWER at term 164 for DISCOVERED_A_NEW_TERM
2019-11-05 08:34:43,446 [05ace5f9-a5b7-4bc6-b4fa-26d4e24ae00c@group-515877FFDAAC-LeaderElection577] INFO  impl.RoleInfo (RoleInfo.java:shutdownLeaderElection(134)) - 05ace5f9-a5b7-4bc6-b4fa-26d4e24ae00c: shutdown LeaderElection
2019-11-05 08:34:43,446 [05ace5f9-a5b7-4bc6-b4fa-26d4e24ae00c@group-515877FFDAAC-LeaderElection577] INFO  impl.RoleInfo (RoleInfo.java:updateAndGet(143)) - 05ace5f9-a5b7-4bc6-b4fa-26d4e24ae00c: start FollowerState
2019-11-05 08:34:43,505 [java.util.concurrent.ThreadPoolExecutor$Worker@7a1c356f[State = -1, empty queue]] WARN  server.GrpcLogAppender (GrpcLogAppender.java:timeoutAppendRequest(209)) - fae5ccd0-edd9-4644-8d4e-9d507f6169bd@group-96AF9F8BC25D->5d271ba9-e0f4-40ff-b9fc-f90f33adc13b-GrpcLogAppender: appendEntries Timeout, request=fae5ccd0-edd9-4644-8d4e-9d507f6169bd->5d271ba9-e0f4-40ff-b9fc-f90f33adc13b#40-t4, previous=(t:4, i:4), leaderCommit=4, initializing? false, entries: <empty>
2019-11-05 08:34:43,613 [Thread-4661] INFO  impl.FollowerState (FollowerState.java:run(108)) - 05ace5f9-a5b7-4bc6-b4fa-26d4e24ae00c@group-515877FFDAAC-FollowerState: change to CANDIDATE, lastRpcTime:166ms, electionTimeout:166ms
2019-11-05 08:34:43,613 [Thread-4661] INFO  impl.RoleInfo (RoleInfo.java:shutdownFollowerState(121)) - 05ace5f9-a5b7-4bc6-b4fa-26d4e24ae00c: shutdown FollowerState
2019-11-05 08:34:43,613 [Thread-4661] INFO  impl.RaftServerImpl (RaftServerImpl.java:setRole(184)) - 05ace5f9-a5b7-4bc6-b4fa-26d4e24ae00c@group-515877FFDAAC: changes role from  FOLLOWER to CANDIDATE at term 164 for changeToCandidate
2019-11-05 08:34:43,613 [Thread-4661] INFO  impl.RoleInfo (RoleInfo.java:updateAndGet(143)) - 05ace5f9-a5b7-4bc6-b4fa-26d4e24ae00c: start LeaderElection
2019-11-05 08:34:43,627 [05ace5f9-a5b7-4bc6-b4fa-26d4e24ae00c@group-515877FFDAAC-LeaderElection578] INFO  impl.LeaderElection (LeaderElection.java:askForVotes(178)) - 05ace5f9-a5b7-4bc6-b4fa-26d4e24ae00c@group-515877FFDAAC-LeaderElection578: begin an election at term 165 for -1: [05ace5f9-a5b7-4bc6-b4fa-26d4e24ae00c:192.168.164.217:42356, d92c9463-8e05-4a70-8cc7-1d31ae7ac64a:192.168.164.217:37180, d7b60609-c805-4df6-8140-a27c681dae80:192.168.164.217:37880], old=null
2019-11-05 08:34:43,629 [05ace5f9-a5b7-4bc6-b4fa-26d4e24ae00c@group-515877FFDAAC-LeaderElection578] INFO  impl.LeaderElection (LogUtils.java:infoOrTrace(149)) - 05ace5f9-a5b7-4bc6-b4fa-26d4e24ae00c@group-515877FFDAAC-LeaderElection578 got exception when requesting votes: {}
java.util.concurrent.ExecutionException: org.apache.ratis.thirdparty.io.grpc.StatusRuntimeException: UNAVAILABLE: io exception
	at java.util.concurrent.FutureTask.report(FutureTask.java:122)
	at java.util.concurrent.FutureTask.get(FutureTask.java:192)
	at org.apache.ratis.server.impl.LeaderElection.waitForResults(LeaderElection.java:259)
	at org.apache.ratis.server.impl.LeaderElection.askForVotes(LeaderElection.java:197)
	at org.apache.ratis.server.impl.LeaderElection.run(LeaderElection.java:133)
	at java.lang.Thread.run(Thread.java:748)
Caused by: org.apache.ratis.thirdparty.io.grpc.StatusRuntimeException: UNAVAILABLE: io exception
	at org.apache.ratis.thirdparty.io.grpc.stub.ClientCalls.toStatusRuntimeException(ClientCalls.java:233)
	at org.apache.ratis.thirdparty.io.grpc.stub.ClientCalls.getUnchecked(ClientCalls.java:214)
	at org.apache.ratis.thirdparty.io.grpc.stub.ClientCalls.blockingUnaryCall(ClientCalls.java:139)
	at org.apache.ratis.proto.grpc.RaftServerProtocolServiceGrpc$RaftServerProtocolServiceBlockingStub.requestVote(RaftServerProtocolServiceGrpc.java:265)
	at org.apache.ratis.grpc.server.GrpcServerProtocolClient.requestVote(GrpcServerProtocolClient.java:99)
	at org.apache.ratis.grpc.server.GrpcService.requestVote(GrpcService.java:204)
	at org.apache.ratis.server.impl.LeaderElection.lambda$submitRequests$1(LeaderElection.java:234)
	at java.util.concurrent.FutureTask.run(FutureTask.java:266)
	at java.util.concurrent.Executors$RunnableAdapter.call(Executors.java:511)
	at java.util.concurrent.FutureTask.run(FutureTask.java:266)
	at java.util.concurrent.ThreadPoolExecutor.runWorker(ThreadPoolExecutor.java:1149)
	at java.util.concurrent.ThreadPoolExecutor$Worker.run(ThreadPoolExecutor.java:624)
	... 1 more
Caused by: org.apache.ratis.thirdparty.io.netty.channel.AbstractChannel$AnnotatedConnectException: Connection refused: /192.168.164.217:37880
	at sun.nio.ch.SocketChannelImpl.checkConnect(Native Method)
	at sun.nio.ch.SocketChannelImpl.finishConnect(SocketChannelImpl.java:717)
	at org.apache.ratis.thirdparty.io.netty.channel.socket.nio.NioSocketChannel.doFinishConnect(NioSocketChannel.java:327)
	at org.apache.ratis.thirdparty.io.netty.channel.nio.AbstractNioChannel$AbstractNioUnsafe.finishConnect(AbstractNioChannel.java:340)
	at org.apache.ratis.thirdparty.io.netty.channel.nio.NioEventLoop.processSelectedKey(NioEventLoop.java:632)
	at org.apache.ratis.thirdparty.io.netty.channel.nio.NioEventLoop.processSelectedKeysOptimized(NioEventLoop.java:579)
	at org.apache.ratis.thirdparty.io.netty.channel.nio.NioEventLoop.processSelectedKeys(NioEventLoop.java:496)
	at org.apache.ratis.thirdparty.io.netty.channel.nio.NioEventLoop.run(NioEventLoop.java:458)
	at org.apache.ratis.thirdparty.io.netty.util.concurrent.SingleThreadEventExecutor$5.run(SingleThreadEventExecutor.java:897)
	at org.apache.ratis.thirdparty.io.netty.util.concurrent.FastThreadLocalRunnable.run(FastThreadLocalRunnable.java:30)
	... 1 more
Caused by: java.net.ConnectException: Connection refused
	... 11 more
2019-11-05 08:34:43,630 [grpc-default-executor-17] INFO  impl.RaftServerImpl (RaftServerImpl.java:setRole(184)) - d92c9463-8e05-4a70-8cc7-1d31ae7ac64a@group-515877FFDAAC: changes role from  FOLLOWER to FOLLOWER at term 165 for recognizeCandidate:05ace5f9-a5b7-4bc6-b4fa-26d4e24ae00c
2019-11-05 08:34:43,630 [grpc-default-executor-17] INFO  impl.RoleInfo (RoleInfo.java:shutdownFollowerState(121)) - d92c9463-8e05-4a70-8cc7-1d31ae7ac64a: shutdown FollowerState
2019-11-05 08:34:43,630 [grpc-default-executor-17] INFO  impl.RoleInfo (RoleInfo.java:updateAndGet(143)) - d92c9463-8e05-4a70-8cc7-1d31ae7ac64a: start FollowerState
2019-11-05 08:34:43,630 [Thread-4660] INFO  impl.FollowerState (FollowerState.java:run(117)) - d92c9463-8e05-4a70-8cc7-1d31ae7ac64a@group-515877FFDAAC-FollowerState was interrupted: java.lang.InterruptedException: sleep interrupted
2019-11-05 08:34:43,644 [05ace5f9-a5b7-4bc6-b4fa-26d4e24ae00c@group-515877FFDAAC-LeaderElection578] INFO  impl.LeaderElection (LeaderElection.java:logAndReturn(56)) - 05ace5f9-a5b7-4bc6-b4fa-26d4e24ae00c@group-515877FFDAAC-LeaderElection578: Election REJECTED; received 1 response(s) [05ace5f9-a5b7-4bc6-b4fa-26d4e24ae00c<-d92c9463-8e05-4a70-8cc7-1d31ae7ac64a#0:FAIL-t165] and 1 exception(s); 05ace5f9-a5b7-4bc6-b4fa-26d4e24ae00c@group-515877FFDAAC:t165, leader=null, voted=05ace5f9-a5b7-4bc6-b4fa-26d4e24ae00c, raftlog=05ace5f9-a5b7-4bc6-b4fa-26d4e24ae00c@group-515877FFDAAC-SegmentedRaftLog:OPENED:c-1,f-1,i0, conf=-1: [05ace5f9-a5b7-4bc6-b4fa-26d4e24ae00c:192.168.164.217:42356, d92c9463-8e05-4a70-8cc7-1d31ae7ac64a:192.168.164.217:37180, d7b60609-c805-4df6-8140-a27c681dae80:192.168.164.217:37880], old=null
2019-11-05 08:34:43,644 [05ace5f9-a5b7-4bc6-b4fa-26d4e24ae00c@group-515877FFDAAC-LeaderElection578] INFO  impl.LeaderElection (LogUtils.java:infoOrTrace(149)) -   Exception 0: {}
java.util.concurrent.ExecutionException: org.apache.ratis.thirdparty.io.grpc.StatusRuntimeException: UNAVAILABLE: io exception
	at java.util.concurrent.FutureTask.report(FutureTask.java:122)
	at java.util.concurrent.FutureTask.get(FutureTask.java:192)
	at org.apache.ratis.server.impl.LeaderElection.waitForResults(LeaderElection.java:259)
	at org.apache.ratis.server.impl.LeaderElection.askForVotes(LeaderElection.java:197)
	at org.apache.ratis.server.impl.LeaderElection.run(LeaderElection.java:133)
	at java.lang.Thread.run(Thread.java:748)
Caused by: org.apache.ratis.thirdparty.io.grpc.StatusRuntimeException: UNAVAILABLE: io exception
	at org.apache.ratis.thirdparty.io.grpc.stub.ClientCalls.toStatusRuntimeException(ClientCalls.java:233)
	at org.apache.ratis.thirdparty.io.grpc.stub.ClientCalls.getUnchecked(ClientCalls.java:214)
	at org.apache.ratis.thirdparty.io.grpc.stub.ClientCalls.blockingUnaryCall(ClientCalls.java:139)
	at org.apache.ratis.proto.grpc.RaftServerProtocolServiceGrpc$RaftServerProtocolServiceBlockingStub.requestVote(RaftServerProtocolServiceGrpc.java:265)
	at org.apache.ratis.grpc.server.GrpcServerProtocolClient.requestVote(GrpcServerProtocolClient.java:99)
	at org.apache.ratis.grpc.server.GrpcService.requestVote(GrpcService.java:204)
	at org.apache.ratis.server.impl.LeaderElection.lambda$submitRequests$1(LeaderElection.java:234)
	at java.util.concurrent.FutureTask.run(FutureTask.java:266)
	at java.util.concurrent.Executors$RunnableAdapter.call(Executors.java:511)
	at java.util.concurrent.FutureTask.run(FutureTask.java:266)
	at java.util.concurrent.ThreadPoolExecutor.runWorker(ThreadPoolExecutor.java:1149)
	at java.util.concurrent.ThreadPoolExecutor$Worker.run(ThreadPoolExecutor.java:624)
	... 1 more
Caused by: org.apache.ratis.thirdparty.io.netty.channel.AbstractChannel$AnnotatedConnectException: Connection refused: /192.168.164.217:37880
	at sun.nio.ch.SocketChannelImpl.checkConnect(Native Method)
	at sun.nio.ch.SocketChannelImpl.finishConnect(SocketChannelImpl.java:717)
	at org.apache.ratis.thirdparty.io.netty.channel.socket.nio.NioSocketChannel.doFinishConnect(NioSocketChannel.java:327)
	at org.apache.ratis.thirdparty.io.netty.channel.nio.AbstractNioChannel$AbstractNioUnsafe.finishConnect(AbstractNioChannel.java:340)
	at org.apache.ratis.thirdparty.io.netty.channel.nio.NioEventLoop.processSelectedKey(NioEventLoop.java:632)
	at org.apache.ratis.thirdparty.io.netty.channel.nio.NioEventLoop.processSelectedKeysOptimized(NioEventLoop.java:579)
	at org.apache.ratis.thirdparty.io.netty.channel.nio.NioEventLoop.processSelectedKeys(NioEventLoop.java:496)
	at org.apache.ratis.thirdparty.io.netty.channel.nio.NioEventLoop.run(NioEventLoop.java:458)
	at org.apache.ratis.thirdparty.io.netty.util.concurrent.SingleThreadEventExecutor$5.run(SingleThreadEventExecutor.java:897)
	at org.apache.ratis.thirdparty.io.netty.util.concurrent.FastThreadLocalRunnable.run(FastThreadLocalRunnable.java:30)
	... 1 more
Caused by: java.net.ConnectException: Connection refused
	... 11 more
2019-11-05 08:34:43,644 [05ace5f9-a5b7-4bc6-b4fa-26d4e24ae00c@group-515877FFDAAC-LeaderElection578] INFO  impl.RaftServerImpl (RaftServerImpl.java:setRole(184)) - 05ace5f9-a5b7-4bc6-b4fa-26d4e24ae00c@group-515877FFDAAC: changes role from CANDIDATE to FOLLOWER at term 165 for DISCOVERED_A_NEW_TERM
2019-11-05 08:34:43,644 [05ace5f9-a5b7-4bc6-b4fa-26d4e24ae00c@group-515877FFDAAC-LeaderElection578] INFO  impl.RoleInfo (RoleInfo.java:shutdownLeaderElection(134)) - 05ace5f9-a5b7-4bc6-b4fa-26d4e24ae00c: shutdown LeaderElection
2019-11-05 08:34:43,644 [05ace5f9-a5b7-4bc6-b4fa-26d4e24ae00c@group-515877FFDAAC-LeaderElection578] INFO  impl.RoleInfo (RoleInfo.java:updateAndGet(143)) - 05ace5f9-a5b7-4bc6-b4fa-26d4e24ae00c: start FollowerState
2019-11-05 08:34:43,755 [Thread-4667] INFO  impl.FollowerState (FollowerState.java:run(108)) - 05ace5f9-a5b7-4bc6-b4fa-26d4e24ae00c@group-515877FFDAAC-FollowerState: change to CANDIDATE, lastRpcTime:110ms, electionTimeout:110ms
2019-11-05 08:34:43,755 [Thread-4667] INFO  impl.RoleInfo (RoleInfo.java:shutdownFollowerState(121)) - 05ace5f9-a5b7-4bc6-b4fa-26d4e24ae00c: shutdown FollowerState
2019-11-05 08:34:43,755 [Thread-4667] INFO  impl.RaftServerImpl (RaftServerImpl.java:setRole(184)) - 05ace5f9-a5b7-4bc6-b4fa-26d4e24ae00c@group-515877FFDAAC: changes role from  FOLLOWER to CANDIDATE at term 165 for changeToCandidate
2019-11-05 08:34:43,755 [Thread-4667] INFO  impl.RoleInfo (RoleInfo.java:updateAndGet(143)) - 05ace5f9-a5b7-4bc6-b4fa-26d4e24ae00c: start LeaderElection
2019-11-05 08:34:43,779 [05ace5f9-a5b7-4bc6-b4fa-26d4e24ae00c@group-515877FFDAAC-LeaderElection579] INFO  impl.LeaderElection (LeaderElection.java:askForVotes(178)) - 05ace5f9-a5b7-4bc6-b4fa-26d4e24ae00c@group-515877FFDAAC-LeaderElection579: begin an election at term 166 for -1: [05ace5f9-a5b7-4bc6-b4fa-26d4e24ae00c:192.168.164.217:42356, d92c9463-8e05-4a70-8cc7-1d31ae7ac64a:192.168.164.217:37180, d7b60609-c805-4df6-8140-a27c681dae80:192.168.164.217:37880], old=null
2019-11-05 08:34:43,781 [05ace5f9-a5b7-4bc6-b4fa-26d4e24ae00c@group-515877FFDAAC-LeaderElection579] INFO  impl.LeaderElection (LogUtils.java:infoOrTrace(149)) - 05ace5f9-a5b7-4bc6-b4fa-26d4e24ae00c@group-515877FFDAAC-LeaderElection579 got exception when requesting votes: {}
java.util.concurrent.ExecutionException: org.apache.ratis.thirdparty.io.grpc.StatusRuntimeException: UNAVAILABLE: io exception
	at java.util.concurrent.FutureTask.report(FutureTask.java:122)
	at java.util.concurrent.FutureTask.get(FutureTask.java:192)
	at org.apache.ratis.server.impl.LeaderElection.waitForResults(LeaderElection.java:259)
	at org.apache.ratis.server.impl.LeaderElection.askForVotes(LeaderElection.java:197)
	at org.apache.ratis.server.impl.LeaderElection.run(LeaderElection.java:133)
	at java.lang.Thread.run(Thread.java:748)
Caused by: org.apache.ratis.thirdparty.io.grpc.StatusRuntimeException: UNAVAILABLE: io exception
	at org.apache.ratis.thirdparty.io.grpc.stub.ClientCalls.toStatusRuntimeException(ClientCalls.java:233)
	at org.apache.ratis.thirdparty.io.grpc.stub.ClientCalls.getUnchecked(ClientCalls.java:214)
	at org.apache.ratis.thirdparty.io.grpc.stub.ClientCalls.blockingUnaryCall(ClientCalls.java:139)
	at org.apache.ratis.proto.grpc.RaftServerProtocolServiceGrpc$RaftServerProtocolServiceBlockingStub.requestVote(RaftServerProtocolServiceGrpc.java:265)
	at org.apache.ratis.grpc.server.GrpcServerProtocolClient.requestVote(GrpcServerProtocolClient.java:99)
	at org.apache.ratis.grpc.server.GrpcService.requestVote(GrpcService.java:204)
	at org.apache.ratis.server.impl.LeaderElection.lambda$submitRequests$1(LeaderElection.java:234)
	at java.util.concurrent.FutureTask.run(FutureTask.java:266)
	at java.util.concurrent.Executors$RunnableAdapter.call(Executors.java:511)
	at java.util.concurrent.FutureTask.run(FutureTask.java:266)
	at java.util.concurrent.ThreadPoolExecutor.runWorker(ThreadPoolExecutor.java:1149)
	at java.util.concurrent.ThreadPoolExecutor$Worker.run(ThreadPoolExecutor.java:624)
	... 1 more
Caused by: org.apache.ratis.thirdparty.io.netty.channel.AbstractChannel$AnnotatedConnectException: Connection refused: /192.168.164.217:37880
	at sun.nio.ch.SocketChannelImpl.checkConnect(Native Method)
	at sun.nio.ch.SocketChannelImpl.finishConnect(SocketChannelImpl.java:717)
	at org.apache.ratis.thirdparty.io.netty.channel.socket.nio.NioSocketChannel.doFinishConnect(NioSocketChannel.java:327)
	at org.apache.ratis.thirdparty.io.netty.channel.nio.AbstractNioChannel$AbstractNioUnsafe.finishConnect(AbstractNioChannel.java:340)
	at org.apache.ratis.thirdparty.io.netty.channel.nio.NioEventLoop.processSelectedKey(NioEventLoop.java:632)
	at org.apache.ratis.thirdparty.io.netty.channel.nio.NioEventLoop.processSelectedKeysOptimized(NioEventLoop.java:579)
	at org.apache.ratis.thirdparty.io.netty.channel.nio.NioEventLoop.processSelectedKeys(NioEventLoop.java:496)
	at org.apache.ratis.thirdparty.io.netty.channel.nio.NioEventLoop.run(NioEventLoop.java:458)
	at org.apache.ratis.thirdparty.io.netty.util.concurrent.SingleThreadEventExecutor$5.run(SingleThreadEventExecutor.java:897)
	at org.apache.ratis.thirdparty.io.netty.util.concurrent.FastThreadLocalRunnable.run(FastThreadLocalRunnable.java:30)
	... 1 more
Caused by: java.net.ConnectException: Connection refused
	... 11 more
2019-11-05 08:34:43,781 [grpc-default-executor-13] INFO  impl.RaftServerImpl (RaftServerImpl.java:setRole(184)) - d92c9463-8e05-4a70-8cc7-1d31ae7ac64a@group-515877FFDAAC: changes role from  FOLLOWER to FOLLOWER at term 166 for recognizeCandidate:05ace5f9-a5b7-4bc6-b4fa-26d4e24ae00c
2019-11-05 08:34:43,782 [grpc-default-executor-13] INFO  impl.RoleInfo (RoleInfo.java:shutdownFollowerState(121)) - d92c9463-8e05-4a70-8cc7-1d31ae7ac64a: shutdown FollowerState
2019-11-05 08:34:43,782 [grpc-default-executor-13] INFO  impl.RoleInfo (RoleInfo.java:updateAndGet(143)) - d92c9463-8e05-4a70-8cc7-1d31ae7ac64a: start FollowerState
2019-11-05 08:34:43,782 [Thread-4666] INFO  impl.FollowerState (FollowerState.java:run(117)) - d92c9463-8e05-4a70-8cc7-1d31ae7ac64a@group-515877FFDAAC-FollowerState was interrupted: java.lang.InterruptedException: sleep interrupted
2019-11-05 08:34:43,792 [05ace5f9-a5b7-4bc6-b4fa-26d4e24ae00c@group-515877FFDAAC-LeaderElection579] INFO  impl.LeaderElection (LeaderElection.java:logAndReturn(56)) - 05ace5f9-a5b7-4bc6-b4fa-26d4e24ae00c@group-515877FFDAAC-LeaderElection579: Election REJECTED; received 1 response(s) [05ace5f9-a5b7-4bc6-b4fa-26d4e24ae00c<-d92c9463-8e05-4a70-8cc7-1d31ae7ac64a#0:FAIL-t166] and 1 exception(s); 05ace5f9-a5b7-4bc6-b4fa-26d4e24ae00c@group-515877FFDAAC:t166, leader=null, voted=05ace5f9-a5b7-4bc6-b4fa-26d4e24ae00c, raftlog=05ace5f9-a5b7-4bc6-b4fa-26d4e24ae00c@group-515877FFDAAC-SegmentedRaftLog:OPENED:c-1,f-1,i0, conf=-1: [05ace5f9-a5b7-4bc6-b4fa-26d4e24ae00c:192.168.164.217:42356, d92c9463-8e05-4a70-8cc7-1d31ae7ac64a:192.168.164.217:37180, d7b60609-c805-4df6-8140-a27c681dae80:192.168.164.217:37880], old=null
2019-11-05 08:34:43,792 [05ace5f9-a5b7-4bc6-b4fa-26d4e24ae00c@group-515877FFDAAC-LeaderElection579] INFO  impl.LeaderElection (LogUtils.java:infoOrTrace(149)) -   Exception 0: {}
java.util.concurrent.ExecutionException: org.apache.ratis.thirdparty.io.grpc.StatusRuntimeException: UNAVAILABLE: io exception
	at java.util.concurrent.FutureTask.report(FutureTask.java:122)
	at java.util.concurrent.FutureTask.get(FutureTask.java:192)
	at org.apache.ratis.server.impl.LeaderElection.waitForResults(LeaderElection.java:259)
	at org.apache.ratis.server.impl.LeaderElection.askForVotes(LeaderElection.java:197)
	at org.apache.ratis.server.impl.LeaderElection.run(LeaderElection.java:133)
	at java.lang.Thread.run(Thread.java:748)
Caused by: org.apache.ratis.thirdparty.io.grpc.StatusRuntimeException: UNAVAILABLE: io exception
	at org.apache.ratis.thirdparty.io.grpc.stub.ClientCalls.toStatusRuntimeException(ClientCalls.java:233)
	at org.apache.ratis.thirdparty.io.grpc.stub.ClientCalls.getUnchecked(ClientCalls.java:214)
	at org.apache.ratis.thirdparty.io.grpc.stub.ClientCalls.blockingUnaryCall(ClientCalls.java:139)
	at org.apache.ratis.proto.grpc.RaftServerProtocolServiceGrpc$RaftServerProtocolServiceBlockingStub.requestVote(RaftServerProtocolServiceGrpc.java:265)
	at org.apache.ratis.grpc.server.GrpcServerProtocolClient.requestVote(GrpcServerProtocolClient.java:99)
	at org.apache.ratis.grpc.server.GrpcService.requestVote(GrpcService.java:204)
	at org.apache.ratis.server.impl.LeaderElection.lambda$submitRequests$1(LeaderElection.java:234)
	at java.util.concurrent.FutureTask.run(FutureTask.java:266)
	at java.util.concurrent.Executors$RunnableAdapter.call(Executors.java:511)
	at java.util.concurrent.FutureTask.run(FutureTask.java:266)
	at java.util.concurrent.ThreadPoolExecutor.runWorker(ThreadPoolExecutor.java:1149)
	at java.util.concurrent.ThreadPoolExecutor$Worker.run(ThreadPoolExecutor.java:624)
	... 1 more
Caused by: org.apache.ratis.thirdparty.io.netty.channel.AbstractChannel$AnnotatedConnectException: Connection refused: /192.168.164.217:37880
	at sun.nio.ch.SocketChannelImpl.checkConnect(Native Method)
	at sun.nio.ch.SocketChannelImpl.finishConnect(SocketChannelImpl.java:717)
	at org.apache.ratis.thirdparty.io.netty.channel.socket.nio.NioSocketChannel.doFinishConnect(NioSocketChannel.java:327)
	at org.apache.ratis.thirdparty.io.netty.channel.nio.AbstractNioChannel$AbstractNioUnsafe.finishConnect(AbstractNioChannel.java:340)
	at org.apache.ratis.thirdparty.io.netty.channel.nio.NioEventLoop.processSelectedKey(NioEventLoop.java:632)
	at org.apache.ratis.thirdparty.io.netty.channel.nio.NioEventLoop.processSelectedKeysOptimized(NioEventLoop.java:579)
	at org.apache.ratis.thirdparty.io.netty.channel.nio.NioEventLoop.processSelectedKeys(NioEventLoop.java:496)
	at org.apache.ratis.thirdparty.io.netty.channel.nio.NioEventLoop.run(NioEventLoop.java:458)
	at org.apache.ratis.thirdparty.io.netty.util.concurrent.SingleThreadEventExecutor$5.run(SingleThreadEventExecutor.java:897)
	at org.apache.ratis.thirdparty.io.netty.util.concurrent.FastThreadLocalRunnable.run(FastThreadLocalRunnable.java:30)
	... 1 more
Caused by: java.net.ConnectException: Connection refused
	... 11 more
2019-11-05 08:34:43,793 [05ace5f9-a5b7-4bc6-b4fa-26d4e24ae00c@group-515877FFDAAC-LeaderElection579] INFO  impl.RaftServerImpl (RaftServerImpl.java:setRole(184)) - 05ace5f9-a5b7-4bc6-b4fa-26d4e24ae00c@group-515877FFDAAC: changes role from CANDIDATE to FOLLOWER at term 166 for DISCOVERED_A_NEW_TERM
2019-11-05 08:34:43,793 [05ace5f9-a5b7-4bc6-b4fa-26d4e24ae00c@group-515877FFDAAC-LeaderElection579] INFO  impl.RoleInfo (RoleInfo.java:shutdownLeaderElection(134)) - 05ace5f9-a5b7-4bc6-b4fa-26d4e24ae00c: shutdown LeaderElection
2019-11-05 08:34:43,793 [05ace5f9-a5b7-4bc6-b4fa-26d4e24ae00c@group-515877FFDAAC-LeaderElection579] INFO  impl.RoleInfo (RoleInfo.java:updateAndGet(143)) - 05ace5f9-a5b7-4bc6-b4fa-26d4e24ae00c: start FollowerState
2019-11-05 08:34:43,869 [Thread-4674] INFO  impl.FollowerState (FollowerState.java:run(108)) - 05ace5f9-a5b7-4bc6-b4fa-26d4e24ae00c@group-515877FFDAAC-FollowerState: change to CANDIDATE, lastRpcTime:75ms, electionTimeout:75ms
2019-11-05 08:34:43,869 [Thread-4674] INFO  impl.RoleInfo (RoleInfo.java:shutdownFollowerState(121)) - 05ace5f9-a5b7-4bc6-b4fa-26d4e24ae00c: shutdown FollowerState
2019-11-05 08:34:43,869 [Thread-4674] INFO  impl.RaftServerImpl (RaftServerImpl.java:setRole(184)) - 05ace5f9-a5b7-4bc6-b4fa-26d4e24ae00c@group-515877FFDAAC: changes role from  FOLLOWER to CANDIDATE at term 166 for changeToCandidate
2019-11-05 08:34:43,869 [Thread-4674] INFO  impl.RoleInfo (RoleInfo.java:updateAndGet(143)) - 05ace5f9-a5b7-4bc6-b4fa-26d4e24ae00c: start LeaderElection
2019-11-05 08:34:43,895 [05ace5f9-a5b7-4bc6-b4fa-26d4e24ae00c@group-515877FFDAAC-LeaderElection580] INFO  impl.LeaderElection (LeaderElection.java:askForVotes(178)) - 05ace5f9-a5b7-4bc6-b4fa-26d4e24ae00c@group-515877FFDAAC-LeaderElection580: begin an election at term 167 for -1: [05ace5f9-a5b7-4bc6-b4fa-26d4e24ae00c:192.168.164.217:42356, d92c9463-8e05-4a70-8cc7-1d31ae7ac64a:192.168.164.217:37180, d7b60609-c805-4df6-8140-a27c681dae80:192.168.164.217:37880], old=null
2019-11-05 08:34:43,897 [05ace5f9-a5b7-4bc6-b4fa-26d4e24ae00c@group-515877FFDAAC-LeaderElection580] INFO  impl.LeaderElection (LogUtils.java:infoOrTrace(149)) - 05ace5f9-a5b7-4bc6-b4fa-26d4e24ae00c@group-515877FFDAAC-LeaderElection580 got exception when requesting votes: {}
java.util.concurrent.ExecutionException: org.apache.ratis.thirdparty.io.grpc.StatusRuntimeException: UNAVAILABLE: io exception
	at java.util.concurrent.FutureTask.report(FutureTask.java:122)
	at java.util.concurrent.FutureTask.get(FutureTask.java:192)
	at org.apache.ratis.server.impl.LeaderElection.waitForResults(LeaderElection.java:259)
	at org.apache.ratis.server.impl.LeaderElection.askForVotes(LeaderElection.java:197)
	at org.apache.ratis.server.impl.LeaderElection.run(LeaderElection.java:133)
	at java.lang.Thread.run(Thread.java:748)
Caused by: org.apache.ratis.thirdparty.io.grpc.StatusRuntimeException: UNAVAILABLE: io exception
	at org.apache.ratis.thirdparty.io.grpc.stub.ClientCalls.toStatusRuntimeException(ClientCalls.java:233)
	at org.apache.ratis.thirdparty.io.grpc.stub.ClientCalls.getUnchecked(ClientCalls.java:214)
	at org.apache.ratis.thirdparty.io.grpc.stub.ClientCalls.blockingUnaryCall(ClientCalls.java:139)
	at org.apache.ratis.proto.grpc.RaftServerProtocolServiceGrpc$RaftServerProtocolServiceBlockingStub.requestVote(RaftServerProtocolServiceGrpc.java:265)
	at org.apache.ratis.grpc.server.GrpcServerProtocolClient.requestVote(GrpcServerProtocolClient.java:99)
	at org.apache.ratis.grpc.server.GrpcService.requestVote(GrpcService.java:204)
	at org.apache.ratis.server.impl.LeaderElection.lambda$submitRequests$1(LeaderElection.java:234)
	at java.util.concurrent.FutureTask.run(FutureTask.java:266)
	at java.util.concurrent.Executors$RunnableAdapter.call(Executors.java:511)
	at java.util.concurrent.FutureTask.run(FutureTask.java:266)
	at java.util.concurrent.ThreadPoolExecutor.runWorker(ThreadPoolExecutor.java:1149)
	at java.util.concurrent.ThreadPoolExecutor$Worker.run(ThreadPoolExecutor.java:624)
	... 1 more
Caused by: org.apache.ratis.thirdparty.io.netty.channel.AbstractChannel$AnnotatedConnectException: Connection refused: /192.168.164.217:37880
	at sun.nio.ch.SocketChannelImpl.checkConnect(Native Method)
	at sun.nio.ch.SocketChannelImpl.finishConnect(SocketChannelImpl.java:717)
	at org.apache.ratis.thirdparty.io.netty.channel.socket.nio.NioSocketChannel.doFinishConnect(NioSocketChannel.java:327)
	at org.apache.ratis.thirdparty.io.netty.channel.nio.AbstractNioChannel$AbstractNioUnsafe.finishConnect(AbstractNioChannel.java:340)
	at org.apache.ratis.thirdparty.io.netty.channel.nio.NioEventLoop.processSelectedKey(NioEventLoop.java:632)
	at org.apache.ratis.thirdparty.io.netty.channel.nio.NioEventLoop.processSelectedKeysOptimized(NioEventLoop.java:579)
	at org.apache.ratis.thirdparty.io.netty.channel.nio.NioEventLoop.processSelectedKeys(NioEventLoop.java:496)
	at org.apache.ratis.thirdparty.io.netty.channel.nio.NioEventLoop.run(NioEventLoop.java:458)
	at org.apache.ratis.thirdparty.io.netty.util.concurrent.SingleThreadEventExecutor$5.run(SingleThreadEventExecutor.java:897)
	at org.apache.ratis.thirdparty.io.netty.util.concurrent.FastThreadLocalRunnable.run(FastThreadLocalRunnable.java:30)
	... 1 more
Caused by: java.net.ConnectException: Connection refused
	... 11 more
2019-11-05 08:34:43,898 [grpc-default-executor-13] INFO  impl.RaftServerImpl (RaftServerImpl.java:setRole(184)) - d92c9463-8e05-4a70-8cc7-1d31ae7ac64a@group-515877FFDAAC: changes role from  FOLLOWER to FOLLOWER at term 167 for recognizeCandidate:05ace5f9-a5b7-4bc6-b4fa-26d4e24ae00c
2019-11-05 08:34:43,898 [grpc-default-executor-13] INFO  impl.RoleInfo (RoleInfo.java:shutdownFollowerState(121)) - d92c9463-8e05-4a70-8cc7-1d31ae7ac64a: shutdown FollowerState
2019-11-05 08:34:43,898 [grpc-default-executor-13] INFO  impl.RoleInfo (RoleInfo.java:updateAndGet(143)) - d92c9463-8e05-4a70-8cc7-1d31ae7ac64a: start FollowerState
2019-11-05 08:34:43,898 [Thread-4673] INFO  impl.FollowerState (FollowerState.java:run(117)) - d92c9463-8e05-4a70-8cc7-1d31ae7ac64a@group-515877FFDAAC-FollowerState was interrupted: java.lang.InterruptedException: sleep interrupted
2019-11-05 08:34:43,914 [05ace5f9-a5b7-4bc6-b4fa-26d4e24ae00c@group-515877FFDAAC-LeaderElection580] INFO  impl.LeaderElection (LeaderElection.java:logAndReturn(56)) - 05ace5f9-a5b7-4bc6-b4fa-26d4e24ae00c@group-515877FFDAAC-LeaderElection580: Election REJECTED; received 1 response(s) [05ace5f9-a5b7-4bc6-b4fa-26d4e24ae00c<-d92c9463-8e05-4a70-8cc7-1d31ae7ac64a#0:FAIL-t167] and 1 exception(s); 05ace5f9-a5b7-4bc6-b4fa-26d4e24ae00c@group-515877FFDAAC:t167, leader=null, voted=05ace5f9-a5b7-4bc6-b4fa-26d4e24ae00c, raftlog=05ace5f9-a5b7-4bc6-b4fa-26d4e24ae00c@group-515877FFDAAC-SegmentedRaftLog:OPENED:c-1,f-1,i0, conf=-1: [05ace5f9-a5b7-4bc6-b4fa-26d4e24ae00c:192.168.164.217:42356, d92c9463-8e05-4a70-8cc7-1d31ae7ac64a:192.168.164.217:37180, d7b60609-c805-4df6-8140-a27c681dae80:192.168.164.217:37880], old=null
2019-11-05 08:34:43,914 [05ace5f9-a5b7-4bc6-b4fa-26d4e24ae00c@group-515877FFDAAC-LeaderElection580] INFO  impl.LeaderElection (LogUtils.java:infoOrTrace(149)) -   Exception 0: {}
java.util.concurrent.ExecutionException: org.apache.ratis.thirdparty.io.grpc.StatusRuntimeException: UNAVAILABLE: io exception
	at java.util.concurrent.FutureTask.report(FutureTask.java:122)
	at java.util.concurrent.FutureTask.get(FutureTask.java:192)
	at org.apache.ratis.server.impl.LeaderElection.waitForResults(LeaderElection.java:259)
	at org.apache.ratis.server.impl.LeaderElection.askForVotes(LeaderElection.java:197)
	at org.apache.ratis.server.impl.LeaderElection.run(LeaderElection.java:133)
	at java.lang.Thread.run(Thread.java:748)
Caused by: org.apache.ratis.thirdparty.io.grpc.StatusRuntimeException: UNAVAILABLE: io exception
	at org.apache.ratis.thirdparty.io.grpc.stub.ClientCalls.toStatusRuntimeException(ClientCalls.java:233)
	at org.apache.ratis.thirdparty.io.grpc.stub.ClientCalls.getUnchecked(ClientCalls.java:214)
	at org.apache.ratis.thirdparty.io.grpc.stub.ClientCalls.blockingUnaryCall(ClientCalls.java:139)
	at org.apache.ratis.proto.grpc.RaftServerProtocolServiceGrpc$RaftServerProtocolServiceBlockingStub.requestVote(RaftServerProtocolServiceGrpc.java:265)
	at org.apache.ratis.grpc.server.GrpcServerProtocolClient.requestVote(GrpcServerProtocolClient.java:99)
	at org.apache.ratis.grpc.server.GrpcService.requestVote(GrpcService.java:204)
	at org.apache.ratis.server.impl.LeaderElection.lambda$submitRequests$1(LeaderElection.java:234)
	at java.util.concurrent.FutureTask.run(FutureTask.java:266)
	at java.util.concurrent.Executors$RunnableAdapter.call(Executors.java:511)
	at java.util.concurrent.FutureTask.run(FutureTask.java:266)
	at java.util.concurrent.ThreadPoolExecutor.runWorker(ThreadPoolExecutor.java:1149)
	at java.util.concurrent.ThreadPoolExecutor$Worker.run(ThreadPoolExecutor.java:624)
	... 1 more
Caused by: org.apache.ratis.thirdparty.io.netty.channel.AbstractChannel$AnnotatedConnectException: Connection refused: /192.168.164.217:37880
	at sun.nio.ch.SocketChannelImpl.checkConnect(Native Method)
	at sun.nio.ch.SocketChannelImpl.finishConnect(SocketChannelImpl.java:717)
	at org.apache.ratis.thirdparty.io.netty.channel.socket.nio.NioSocketChannel.doFinishConnect(NioSocketChannel.java:327)
	at org.apache.ratis.thirdparty.io.netty.channel.nio.AbstractNioChannel$AbstractNioUnsafe.finishConnect(AbstractNioChannel.java:340)
	at org.apache.ratis.thirdparty.io.netty.channel.nio.NioEventLoop.processSelectedKey(NioEventLoop.java:632)
	at org.apache.ratis.thirdparty.io.netty.channel.nio.NioEventLoop.processSelectedKeysOptimized(NioEventLoop.java:579)
	at org.apache.ratis.thirdparty.io.netty.channel.nio.NioEventLoop.processSelectedKeys(NioEventLoop.java:496)
	at org.apache.ratis.thirdparty.io.netty.channel.nio.NioEventLoop.run(NioEventLoop.java:458)
	at org.apache.ratis.thirdparty.io.netty.util.concurrent.SingleThreadEventExecutor$5.run(SingleThreadEventExecutor.java:897)
	at org.apache.ratis.thirdparty.io.netty.util.concurrent.FastThreadLocalRunnable.run(FastThreadLocalRunnable.java:30)
	... 1 more
Caused by: java.net.ConnectException: Connection refused
	... 11 more
2019-11-05 08:34:43,914 [05ace5f9-a5b7-4bc6-b4fa-26d4e24ae00c@group-515877FFDAAC-LeaderElection580] INFO  impl.RaftServerImpl (RaftServerImpl.java:setRole(184)) - 05ace5f9-a5b7-4bc6-b4fa-26d4e24ae00c@group-515877FFDAAC: changes role from CANDIDATE to FOLLOWER at term 167 for DISCOVERED_A_NEW_TERM
2019-11-05 08:34:43,914 [05ace5f9-a5b7-4bc6-b4fa-26d4e24ae00c@group-515877FFDAAC-LeaderElection580] INFO  impl.RoleInfo (RoleInfo.java:shutdownLeaderElection(134)) - 05ace5f9-a5b7-4bc6-b4fa-26d4e24ae00c: shutdown LeaderElection
2019-11-05 08:34:43,914 [05ace5f9-a5b7-4bc6-b4fa-26d4e24ae00c@group-515877FFDAAC-LeaderElection580] INFO  impl.RoleInfo (RoleInfo.java:updateAndGet(143)) - 05ace5f9-a5b7-4bc6-b4fa-26d4e24ae00c: start FollowerState
2019-11-05 08:34:44,005 [java.util.concurrent.ThreadPoolExecutor$Worker@7a1c356f[State = -1, empty queue]] WARN  server.GrpcLogAppender (GrpcLogAppender.java:timeoutAppendRequest(209)) - fae5ccd0-edd9-4644-8d4e-9d507f6169bd@group-96AF9F8BC25D->5d271ba9-e0f4-40ff-b9fc-f90f33adc13b-GrpcLogAppender: appendEntries Timeout, request=fae5ccd0-edd9-4644-8d4e-9d507f6169bd->5d271ba9-e0f4-40ff-b9fc-f90f33adc13b#41-t4, previous=(t:4, i:4), leaderCommit=4, initializing? false, entries: <empty>
2019-11-05 08:34:44,103 [Thread-4679] INFO  impl.FollowerState (FollowerState.java:run(108)) - 05ace5f9-a5b7-4bc6-b4fa-26d4e24ae00c@group-515877FFDAAC-FollowerState: change to CANDIDATE, lastRpcTime:188ms, electionTimeout:188ms
2019-11-05 08:34:44,103 [Thread-4679] INFO  impl.RoleInfo (RoleInfo.java:shutdownFollowerState(121)) - 05ace5f9-a5b7-4bc6-b4fa-26d4e24ae00c: shutdown FollowerState
2019-11-05 08:34:44,103 [Thread-4679] INFO  impl.RaftServerImpl (RaftServerImpl.java:setRole(184)) - 05ace5f9-a5b7-4bc6-b4fa-26d4e24ae00c@group-515877FFDAAC: changes role from  FOLLOWER to CANDIDATE at term 167 for changeToCandidate
2019-11-05 08:34:44,103 [Thread-4679] INFO  impl.RoleInfo (RoleInfo.java:updateAndGet(143)) - 05ace5f9-a5b7-4bc6-b4fa-26d4e24ae00c: start LeaderElection
2019-11-05 08:34:44,117 [05ace5f9-a5b7-4bc6-b4fa-26d4e24ae00c@group-515877FFDAAC-LeaderElection581] INFO  impl.LeaderElection (LeaderElection.java:askForVotes(178)) - 05ace5f9-a5b7-4bc6-b4fa-26d4e24ae00c@group-515877FFDAAC-LeaderElection581: begin an election at term 168 for -1: [05ace5f9-a5b7-4bc6-b4fa-26d4e24ae00c:192.168.164.217:42356, d92c9463-8e05-4a70-8cc7-1d31ae7ac64a:192.168.164.217:37180, d7b60609-c805-4df6-8140-a27c681dae80:192.168.164.217:37880], old=null
2019-11-05 08:34:44,118 [05ace5f9-a5b7-4bc6-b4fa-26d4e24ae00c@group-515877FFDAAC-LeaderElection581] INFO  impl.LeaderElection (LogUtils.java:infoOrTrace(149)) - 05ace5f9-a5b7-4bc6-b4fa-26d4e24ae00c@group-515877FFDAAC-LeaderElection581 got exception when requesting votes: {}
java.util.concurrent.ExecutionException: org.apache.ratis.thirdparty.io.grpc.StatusRuntimeException: UNAVAILABLE: io exception
	at java.util.concurrent.FutureTask.report(FutureTask.java:122)
	at java.util.concurrent.FutureTask.get(FutureTask.java:192)
	at org.apache.ratis.server.impl.LeaderElection.waitForResults(LeaderElection.java:259)
	at org.apache.ratis.server.impl.LeaderElection.askForVotes(LeaderElection.java:197)
	at org.apache.ratis.server.impl.LeaderElection.run(LeaderElection.java:133)
	at java.lang.Thread.run(Thread.java:748)
Caused by: org.apache.ratis.thirdparty.io.grpc.StatusRuntimeException: UNAVAILABLE: io exception
	at org.apache.ratis.thirdparty.io.grpc.stub.ClientCalls.toStatusRuntimeException(ClientCalls.java:233)
	at org.apache.ratis.thirdparty.io.grpc.stub.ClientCalls.getUnchecked(ClientCalls.java:214)
	at org.apache.ratis.thirdparty.io.grpc.stub.ClientCalls.blockingUnaryCall(ClientCalls.java:139)
	at org.apache.ratis.proto.grpc.RaftServerProtocolServiceGrpc$RaftServerProtocolServiceBlockingStub.requestVote(RaftServerProtocolServiceGrpc.java:265)
	at org.apache.ratis.grpc.server.GrpcServerProtocolClient.requestVote(GrpcServerProtocolClient.java:99)
	at org.apache.ratis.grpc.server.GrpcService.requestVote(GrpcService.java:204)
	at org.apache.ratis.server.impl.LeaderElection.lambda$submitRequests$1(LeaderElection.java:234)
	at java.util.concurrent.FutureTask.run(FutureTask.java:266)
	at java.util.concurrent.Executors$RunnableAdapter.call(Executors.java:511)
	at java.util.concurrent.FutureTask.run(FutureTask.java:266)
	at java.util.concurrent.ThreadPoolExecutor.runWorker(ThreadPoolExecutor.java:1149)
	at java.util.concurrent.ThreadPoolExecutor$Worker.run(ThreadPoolExecutor.java:624)
	... 1 more
Caused by: org.apache.ratis.thirdparty.io.netty.channel.AbstractChannel$AnnotatedConnectException: Connection refused: /192.168.164.217:37880
	at sun.nio.ch.SocketChannelImpl.checkConnect(Native Method)
	at sun.nio.ch.SocketChannelImpl.finishConnect(SocketChannelImpl.java:717)
	at org.apache.ratis.thirdparty.io.netty.channel.socket.nio.NioSocketChannel.doFinishConnect(NioSocketChannel.java:327)
	at org.apache.ratis.thirdparty.io.netty.channel.nio.AbstractNioChannel$AbstractNioUnsafe.finishConnect(AbstractNioChannel.java:340)
	at org.apache.ratis.thirdparty.io.netty.channel.nio.NioEventLoop.processSelectedKey(NioEventLoop.java:632)
	at org.apache.ratis.thirdparty.io.netty.channel.nio.NioEventLoop.processSelectedKeysOptimized(NioEventLoop.java:579)
	at org.apache.ratis.thirdparty.io.netty.channel.nio.NioEventLoop.processSelectedKeys(NioEventLoop.java:496)
	at org.apache.ratis.thirdparty.io.netty.channel.nio.NioEventLoop.run(NioEventLoop.java:458)
	at org.apache.ratis.thirdparty.io.netty.util.concurrent.SingleThreadEventExecutor$5.run(SingleThreadEventExecutor.java:897)
	at org.apache.ratis.thirdparty.io.netty.util.concurrent.FastThreadLocalRunnable.run(FastThreadLocalRunnable.java:30)
	... 1 more
Caused by: java.net.ConnectException: Connection refused
	... 11 more
2019-11-05 08:34:44,119 [grpc-default-executor-13] INFO  impl.RaftServerImpl (RaftServerImpl.java:setRole(184)) - d92c9463-8e05-4a70-8cc7-1d31ae7ac64a@group-515877FFDAAC: changes role from  FOLLOWER to FOLLOWER at term 168 for recognizeCandidate:05ace5f9-a5b7-4bc6-b4fa-26d4e24ae00c
2019-11-05 08:34:44,119 [grpc-default-executor-13] INFO  impl.RoleInfo (RoleInfo.java:shutdownFollowerState(121)) - d92c9463-8e05-4a70-8cc7-1d31ae7ac64a: shutdown FollowerState
2019-11-05 08:34:44,120 [grpc-default-executor-13] INFO  impl.RoleInfo (RoleInfo.java:updateAndGet(143)) - d92c9463-8e05-4a70-8cc7-1d31ae7ac64a: start FollowerState
2019-11-05 08:34:44,120 [Thread-4678] INFO  impl.FollowerState (FollowerState.java:run(117)) - d92c9463-8e05-4a70-8cc7-1d31ae7ac64a@group-515877FFDAAC-FollowerState was interrupted: java.lang.InterruptedException: sleep interrupted
2019-11-05 08:34:44,133 [05ace5f9-a5b7-4bc6-b4fa-26d4e24ae00c@group-515877FFDAAC-LeaderElection581] INFO  impl.LeaderElection (LeaderElection.java:logAndReturn(56)) - 05ace5f9-a5b7-4bc6-b4fa-26d4e24ae00c@group-515877FFDAAC-LeaderElection581: Election REJECTED; received 1 response(s) [05ace5f9-a5b7-4bc6-b4fa-26d4e24ae00c<-d92c9463-8e05-4a70-8cc7-1d31ae7ac64a#0:FAIL-t168] and 1 exception(s); 05ace5f9-a5b7-4bc6-b4fa-26d4e24ae00c@group-515877FFDAAC:t168, leader=null, voted=05ace5f9-a5b7-4bc6-b4fa-26d4e24ae00c, raftlog=05ace5f9-a5b7-4bc6-b4fa-26d4e24ae00c@group-515877FFDAAC-SegmentedRaftLog:OPENED:c-1,f-1,i0, conf=-1: [05ace5f9-a5b7-4bc6-b4fa-26d4e24ae00c:192.168.164.217:42356, d92c9463-8e05-4a70-8cc7-1d31ae7ac64a:192.168.164.217:37180, d7b60609-c805-4df6-8140-a27c681dae80:192.168.164.217:37880], old=null
2019-11-05 08:34:44,133 [05ace5f9-a5b7-4bc6-b4fa-26d4e24ae00c@group-515877FFDAAC-LeaderElection581] INFO  impl.LeaderElection (LogUtils.java:infoOrTrace(149)) -   Exception 0: {}
java.util.concurrent.ExecutionException: org.apache.ratis.thirdparty.io.grpc.StatusRuntimeException: UNAVAILABLE: io exception
	at java.util.concurrent.FutureTask.report(FutureTask.java:122)
	at java.util.concurrent.FutureTask.get(FutureTask.java:192)
	at org.apache.ratis.server.impl.LeaderElection.waitForResults(LeaderElection.java:259)
	at org.apache.ratis.server.impl.LeaderElection.askForVotes(LeaderElection.java:197)
	at org.apache.ratis.server.impl.LeaderElection.run(LeaderElection.java:133)
	at java.lang.Thread.run(Thread.java:748)
Caused by: org.apache.ratis.thirdparty.io.grpc.StatusRuntimeException: UNAVAILABLE: io exception
	at org.apache.ratis.thirdparty.io.grpc.stub.ClientCalls.toStatusRuntimeException(ClientCalls.java:233)
	at org.apache.ratis.thirdparty.io.grpc.stub.ClientCalls.getUnchecked(ClientCalls.java:214)
	at org.apache.ratis.thirdparty.io.grpc.stub.ClientCalls.blockingUnaryCall(ClientCalls.java:139)
	at org.apache.ratis.proto.grpc.RaftServerProtocolServiceGrpc$RaftServerProtocolServiceBlockingStub.requestVote(RaftServerProtocolServiceGrpc.java:265)
	at org.apache.ratis.grpc.server.GrpcServerProtocolClient.requestVote(GrpcServerProtocolClient.java:99)
	at org.apache.ratis.grpc.server.GrpcService.requestVote(GrpcService.java:204)
	at org.apache.ratis.server.impl.LeaderElection.lambda$submitRequests$1(LeaderElection.java:234)
	at java.util.concurrent.FutureTask.run(FutureTask.java:266)
	at java.util.concurrent.Executors$RunnableAdapter.call(Executors.java:511)
	at java.util.concurrent.FutureTask.run(FutureTask.java:266)
	at java.util.concurrent.ThreadPoolExecutor.runWorker(ThreadPoolExecutor.java:1149)
	at java.util.concurrent.ThreadPoolExecutor$Worker.run(ThreadPoolExecutor.java:624)
	... 1 more
Caused by: org.apache.ratis.thirdparty.io.netty.channel.AbstractChannel$AnnotatedConnectException: Connection refused: /192.168.164.217:37880
	at sun.nio.ch.SocketChannelImpl.checkConnect(Native Method)
	at sun.nio.ch.SocketChannelImpl.finishConnect(SocketChannelImpl.java:717)
	at org.apache.ratis.thirdparty.io.netty.channel.socket.nio.NioSocketChannel.doFinishConnect(NioSocketChannel.java:327)
	at org.apache.ratis.thirdparty.io.netty.channel.nio.AbstractNioChannel$AbstractNioUnsafe.finishConnect(AbstractNioChannel.java:340)
	at org.apache.ratis.thirdparty.io.netty.channel.nio.NioEventLoop.processSelectedKey(NioEventLoop.java:632)
	at org.apache.ratis.thirdparty.io.netty.channel.nio.NioEventLoop.processSelectedKeysOptimized(NioEventLoop.java:579)
	at org.apache.ratis.thirdparty.io.netty.channel.nio.NioEventLoop.processSelectedKeys(NioEventLoop.java:496)
	at org.apache.ratis.thirdparty.io.netty.channel.nio.NioEventLoop.run(NioEventLoop.java:458)
	at org.apache.ratis.thirdparty.io.netty.util.concurrent.SingleThreadEventExecutor$5.run(SingleThreadEventExecutor.java:897)
	at org.apache.ratis.thirdparty.io.netty.util.concurrent.FastThreadLocalRunnable.run(FastThreadLocalRunnable.java:30)
	... 1 more
Caused by: java.net.ConnectException: Connection refused
	... 11 more
2019-11-05 08:34:44,133 [05ace5f9-a5b7-4bc6-b4fa-26d4e24ae00c@group-515877FFDAAC-LeaderElection581] INFO  impl.RaftServerImpl (RaftServerImpl.java:setRole(184)) - 05ace5f9-a5b7-4bc6-b4fa-26d4e24ae00c@group-515877FFDAAC: changes role from CANDIDATE to FOLLOWER at term 168 for DISCOVERED_A_NEW_TERM
2019-11-05 08:34:44,133 [05ace5f9-a5b7-4bc6-b4fa-26d4e24ae00c@group-515877FFDAAC-LeaderElection581] INFO  impl.RoleInfo (RoleInfo.java:shutdownLeaderElection(134)) - 05ace5f9-a5b7-4bc6-b4fa-26d4e24ae00c: shutdown LeaderElection
2019-11-05 08:34:44,133 [05ace5f9-a5b7-4bc6-b4fa-26d4e24ae00c@group-515877FFDAAC-LeaderElection581] INFO  impl.RoleInfo (RoleInfo.java:updateAndGet(143)) - 05ace5f9-a5b7-4bc6-b4fa-26d4e24ae00c: start FollowerState
2019-11-05 08:34:44,172 [Thread-4685] INFO  impl.FollowerState (FollowerState.java:run(108)) - 05ace5f9-a5b7-4bc6-b4fa-26d4e24ae00c@group-515877FFDAAC-FollowerState: change to CANDIDATE, lastRpcTime:38ms, electionTimeout:38ms
2019-11-05 08:34:44,172 [Thread-4685] INFO  impl.RoleInfo (RoleInfo.java:shutdownFollowerState(121)) - 05ace5f9-a5b7-4bc6-b4fa-26d4e24ae00c: shutdown FollowerState
2019-11-05 08:34:44,172 [Thread-4685] INFO  impl.RaftServerImpl (RaftServerImpl.java:setRole(184)) - 05ace5f9-a5b7-4bc6-b4fa-26d4e24ae00c@group-515877FFDAAC: changes role from  FOLLOWER to CANDIDATE at term 168 for changeToCandidate
2019-11-05 08:34:44,172 [Thread-4685] INFO  impl.RoleInfo (RoleInfo.java:updateAndGet(143)) - 05ace5f9-a5b7-4bc6-b4fa-26d4e24ae00c: start LeaderElection
2019-11-05 08:34:44,186 [05ace5f9-a5b7-4bc6-b4fa-26d4e24ae00c@group-515877FFDAAC-LeaderElection582] INFO  impl.LeaderElection (LeaderElection.java:askForVotes(178)) - 05ace5f9-a5b7-4bc6-b4fa-26d4e24ae00c@group-515877FFDAAC-LeaderElection582: begin an election at term 169 for -1: [05ace5f9-a5b7-4bc6-b4fa-26d4e24ae00c:192.168.164.217:42356, d92c9463-8e05-4a70-8cc7-1d31ae7ac64a:192.168.164.217:37180, d7b60609-c805-4df6-8140-a27c681dae80:192.168.164.217:37880], old=null
2019-11-05 08:34:44,187 [05ace5f9-a5b7-4bc6-b4fa-26d4e24ae00c@group-515877FFDAAC-LeaderElection582] INFO  impl.LeaderElection (LogUtils.java:infoOrTrace(149)) - 05ace5f9-a5b7-4bc6-b4fa-26d4e24ae00c@group-515877FFDAAC-LeaderElection582 got exception when requesting votes: {}
java.util.concurrent.ExecutionException: org.apache.ratis.thirdparty.io.grpc.StatusRuntimeException: UNAVAILABLE: io exception
	at java.util.concurrent.FutureTask.report(FutureTask.java:122)
	at java.util.concurrent.FutureTask.get(FutureTask.java:192)
	at org.apache.ratis.server.impl.LeaderElection.waitForResults(LeaderElection.java:259)
	at org.apache.ratis.server.impl.LeaderElection.askForVotes(LeaderElection.java:197)
	at org.apache.ratis.server.impl.LeaderElection.run(LeaderElection.java:133)
	at java.lang.Thread.run(Thread.java:748)
Caused by: org.apache.ratis.thirdparty.io.grpc.StatusRuntimeException: UNAVAILABLE: io exception
	at org.apache.ratis.thirdparty.io.grpc.stub.ClientCalls.toStatusRuntimeException(ClientCalls.java:233)
	at org.apache.ratis.thirdparty.io.grpc.stub.ClientCalls.getUnchecked(ClientCalls.java:214)
	at org.apache.ratis.thirdparty.io.grpc.stub.ClientCalls.blockingUnaryCall(ClientCalls.java:139)
	at org.apache.ratis.proto.grpc.RaftServerProtocolServiceGrpc$RaftServerProtocolServiceBlockingStub.requestVote(RaftServerProtocolServiceGrpc.java:265)
	at org.apache.ratis.grpc.server.GrpcServerProtocolClient.requestVote(GrpcServerProtocolClient.java:99)
	at org.apache.ratis.grpc.server.GrpcService.requestVote(GrpcService.java:204)
	at org.apache.ratis.server.impl.LeaderElection.lambda$submitRequests$1(LeaderElection.java:234)
	at java.util.concurrent.FutureTask.run(FutureTask.java:266)
	at java.util.concurrent.Executors$RunnableAdapter.call(Executors.java:511)
	at java.util.concurrent.FutureTask.run(FutureTask.java:266)
	at java.util.concurrent.ThreadPoolExecutor.runWorker(ThreadPoolExecutor.java:1149)
	at java.util.concurrent.ThreadPoolExecutor$Worker.run(ThreadPoolExecutor.java:624)
	... 1 more
Caused by: org.apache.ratis.thirdparty.io.netty.channel.AbstractChannel$AnnotatedConnectException: Connection refused: /192.168.164.217:37880
	at sun.nio.ch.SocketChannelImpl.checkConnect(Native Method)
	at sun.nio.ch.SocketChannelImpl.finishConnect(SocketChannelImpl.java:717)
	at org.apache.ratis.thirdparty.io.netty.channel.socket.nio.NioSocketChannel.doFinishConnect(NioSocketChannel.java:327)
	at org.apache.ratis.thirdparty.io.netty.channel.nio.AbstractNioChannel$AbstractNioUnsafe.finishConnect(AbstractNioChannel.java:340)
	at org.apache.ratis.thirdparty.io.netty.channel.nio.NioEventLoop.processSelectedKey(NioEventLoop.java:632)
	at org.apache.ratis.thirdparty.io.netty.channel.nio.NioEventLoop.processSelectedKeysOptimized(NioEventLoop.java:579)
	at org.apache.ratis.thirdparty.io.netty.channel.nio.NioEventLoop.processSelectedKeys(NioEventLoop.java:496)
	at org.apache.ratis.thirdparty.io.netty.channel.nio.NioEventLoop.run(NioEventLoop.java:458)
	at org.apache.ratis.thirdparty.io.netty.util.concurrent.SingleThreadEventExecutor$5.run(SingleThreadEventExecutor.java:897)
	at org.apache.ratis.thirdparty.io.netty.util.concurrent.FastThreadLocalRunnable.run(FastThreadLocalRunnable.java:30)
	... 1 more
Caused by: java.net.ConnectException: Connection refused
	... 11 more
2019-11-05 08:34:44,188 [grpc-default-executor-13] INFO  impl.RaftServerImpl (RaftServerImpl.java:setRole(184)) - d92c9463-8e05-4a70-8cc7-1d31ae7ac64a@group-515877FFDAAC: changes role from  FOLLOWER to FOLLOWER at term 169 for recognizeCandidate:05ace5f9-a5b7-4bc6-b4fa-26d4e24ae00c
2019-11-05 08:34:44,188 [grpc-default-executor-13] INFO  impl.RoleInfo (RoleInfo.java:shutdownFollowerState(121)) - d92c9463-8e05-4a70-8cc7-1d31ae7ac64a: shutdown FollowerState
2019-11-05 08:34:44,188 [grpc-default-executor-13] INFO  impl.RoleInfo (RoleInfo.java:updateAndGet(143)) - d92c9463-8e05-4a70-8cc7-1d31ae7ac64a: start FollowerState
2019-11-05 08:34:44,188 [Thread-4684] INFO  impl.FollowerState (FollowerState.java:run(117)) - d92c9463-8e05-4a70-8cc7-1d31ae7ac64a@group-515877FFDAAC-FollowerState was interrupted: java.lang.InterruptedException: sleep interrupted
2019-11-05 08:34:44,201 [05ace5f9-a5b7-4bc6-b4fa-26d4e24ae00c@group-515877FFDAAC-LeaderElection582] INFO  impl.LeaderElection (LeaderElection.java:logAndReturn(56)) - 05ace5f9-a5b7-4bc6-b4fa-26d4e24ae00c@group-515877FFDAAC-LeaderElection582: Election REJECTED; received 1 response(s) [05ace5f9-a5b7-4bc6-b4fa-26d4e24ae00c<-d92c9463-8e05-4a70-8cc7-1d31ae7ac64a#0:FAIL-t169] and 1 exception(s); 05ace5f9-a5b7-4bc6-b4fa-26d4e24ae00c@group-515877FFDAAC:t169, leader=null, voted=05ace5f9-a5b7-4bc6-b4fa-26d4e24ae00c, raftlog=05ace5f9-a5b7-4bc6-b4fa-26d4e24ae00c@group-515877FFDAAC-SegmentedRaftLog:OPENED:c-1,f-1,i0, conf=-1: [05ace5f9-a5b7-4bc6-b4fa-26d4e24ae00c:192.168.164.217:42356, d92c9463-8e05-4a70-8cc7-1d31ae7ac64a:192.168.164.217:37180, d7b60609-c805-4df6-8140-a27c681dae80:192.168.164.217:37880], old=null
2019-11-05 08:34:44,202 [05ace5f9-a5b7-4bc6-b4fa-26d4e24ae00c@group-515877FFDAAC-LeaderElection582] INFO  impl.LeaderElection (LogUtils.java:infoOrTrace(149)) -   Exception 0: {}
java.util.concurrent.ExecutionException: org.apache.ratis.thirdparty.io.grpc.StatusRuntimeException: UNAVAILABLE: io exception
	at java.util.concurrent.FutureTask.report(FutureTask.java:122)
	at java.util.concurrent.FutureTask.get(FutureTask.java:192)
	at org.apache.ratis.server.impl.LeaderElection.waitForResults(LeaderElection.java:259)
	at org.apache.ratis.server.impl.LeaderElection.askForVotes(LeaderElection.java:197)
	at org.apache.ratis.server.impl.LeaderElection.run(LeaderElection.java:133)
	at java.lang.Thread.run(Thread.java:748)
Caused by: org.apache.ratis.thirdparty.io.grpc.StatusRuntimeException: UNAVAILABLE: io exception
	at org.apache.ratis.thirdparty.io.grpc.stub.ClientCalls.toStatusRuntimeException(ClientCalls.java:233)
	at org.apache.ratis.thirdparty.io.grpc.stub.ClientCalls.getUnchecked(ClientCalls.java:214)
	at org.apache.ratis.thirdparty.io.grpc.stub.ClientCalls.blockingUnaryCall(ClientCalls.java:139)
	at org.apache.ratis.proto.grpc.RaftServerProtocolServiceGrpc$RaftServerProtocolServiceBlockingStub.requestVote(RaftServerProtocolServiceGrpc.java:265)
	at org.apache.ratis.grpc.server.GrpcServerProtocolClient.requestVote(GrpcServerProtocolClient.java:99)
	at org.apache.ratis.grpc.server.GrpcService.requestVote(GrpcService.java:204)
	at org.apache.ratis.server.impl.LeaderElection.lambda$submitRequests$1(LeaderElection.java:234)
	at java.util.concurrent.FutureTask.run(FutureTask.java:266)
	at java.util.concurrent.Executors$RunnableAdapter.call(Executors.java:511)
	at java.util.concurrent.FutureTask.run(FutureTask.java:266)
	at java.util.concurrent.ThreadPoolExecutor.runWorker(ThreadPoolExecutor.java:1149)
	at java.util.concurrent.ThreadPoolExecutor$Worker.run(ThreadPoolExecutor.java:624)
	... 1 more
Caused by: org.apache.ratis.thirdparty.io.netty.channel.AbstractChannel$AnnotatedConnectException: Connection refused: /192.168.164.217:37880
	at sun.nio.ch.SocketChannelImpl.checkConnect(Native Method)
	at sun.nio.ch.SocketChannelImpl.finishConnect(SocketChannelImpl.java:717)
	at org.apache.ratis.thirdparty.io.netty.channel.socket.nio.NioSocketChannel.doFinishConnect(NioSocketChannel.java:327)
	at org.apache.ratis.thirdparty.io.netty.channel.nio.AbstractNioChannel$AbstractNioUnsafe.finishConnect(AbstractNioChannel.java:340)
	at org.apache.ratis.thirdparty.io.netty.channel.nio.NioEventLoop.processSelectedKey(NioEventLoop.java:632)
	at org.apache.ratis.thirdparty.io.netty.channel.nio.NioEventLoop.processSelectedKeysOptimized(NioEventLoop.java:579)
	at org.apache.ratis.thirdparty.io.netty.channel.nio.NioEventLoop.processSelectedKeys(NioEventLoop.java:496)
	at org.apache.ratis.thirdparty.io.netty.channel.nio.NioEventLoop.run(NioEventLoop.java:458)
	at org.apache.ratis.thirdparty.io.netty.util.concurrent.SingleThreadEventExecutor$5.run(SingleThreadEventExecutor.java:897)
	at org.apache.ratis.thirdparty.io.netty.util.concurrent.FastThreadLocalRunnable.run(FastThreadLocalRunnable.java:30)
	... 1 more
Caused by: java.net.ConnectException: Connection refused
	... 11 more
2019-11-05 08:34:44,202 [05ace5f9-a5b7-4bc6-b4fa-26d4e24ae00c@group-515877FFDAAC-LeaderElection582] INFO  impl.RaftServerImpl (RaftServerImpl.java:setRole(184)) - 05ace5f9-a5b7-4bc6-b4fa-26d4e24ae00c@group-515877FFDAAC: changes role from CANDIDATE to FOLLOWER at term 169 for DISCOVERED_A_NEW_TERM
2019-11-05 08:34:44,202 [05ace5f9-a5b7-4bc6-b4fa-26d4e24ae00c@group-515877FFDAAC-LeaderElection582] INFO  impl.RoleInfo (RoleInfo.java:shutdownLeaderElection(134)) - 05ace5f9-a5b7-4bc6-b4fa-26d4e24ae00c: shutdown LeaderElection
2019-11-05 08:34:44,202 [05ace5f9-a5b7-4bc6-b4fa-26d4e24ae00c@group-515877FFDAAC-LeaderElection582] INFO  impl.RoleInfo (RoleInfo.java:updateAndGet(143)) - 05ace5f9-a5b7-4bc6-b4fa-26d4e24ae00c: start FollowerState
2019-11-05 08:34:44,364 [Thread-4690] INFO  impl.FollowerState (FollowerState.java:run(108)) - 05ace5f9-a5b7-4bc6-b4fa-26d4e24ae00c@group-515877FFDAAC-FollowerState: change to CANDIDATE, lastRpcTime:162ms, electionTimeout:162ms
2019-11-05 08:34:44,364 [Thread-4690] INFO  impl.RoleInfo (RoleInfo.java:shutdownFollowerState(121)) - 05ace5f9-a5b7-4bc6-b4fa-26d4e24ae00c: shutdown FollowerState
2019-11-05 08:34:44,364 [Thread-4690] INFO  impl.RaftServerImpl (RaftServerImpl.java:setRole(184)) - 05ace5f9-a5b7-4bc6-b4fa-26d4e24ae00c@group-515877FFDAAC: changes role from  FOLLOWER to CANDIDATE at term 169 for changeToCandidate
2019-11-05 08:34:44,365 [Thread-4690] INFO  impl.RoleInfo (RoleInfo.java:updateAndGet(143)) - 05ace5f9-a5b7-4bc6-b4fa-26d4e24ae00c: start LeaderElection
2019-11-05 08:34:44,384 [05ace5f9-a5b7-4bc6-b4fa-26d4e24ae00c@group-515877FFDAAC-LeaderElection583] INFO  impl.LeaderElection (LeaderElection.java:askForVotes(178)) - 05ace5f9-a5b7-4bc6-b4fa-26d4e24ae00c@group-515877FFDAAC-LeaderElection583: begin an election at term 170 for -1: [05ace5f9-a5b7-4bc6-b4fa-26d4e24ae00c:192.168.164.217:42356, d92c9463-8e05-4a70-8cc7-1d31ae7ac64a:192.168.164.217:37180, d7b60609-c805-4df6-8140-a27c681dae80:192.168.164.217:37880], old=null
2019-11-05 08:34:44,385 [05ace5f9-a5b7-4bc6-b4fa-26d4e24ae00c@group-515877FFDAAC-LeaderElection583] INFO  impl.LeaderElection (LogUtils.java:infoOrTrace(149)) - 05ace5f9-a5b7-4bc6-b4fa-26d4e24ae00c@group-515877FFDAAC-LeaderElection583 got exception when requesting votes: {}
java.util.concurrent.ExecutionException: org.apache.ratis.thirdparty.io.grpc.StatusRuntimeException: UNAVAILABLE: io exception
	at java.util.concurrent.FutureTask.report(FutureTask.java:122)
	at java.util.concurrent.FutureTask.get(FutureTask.java:192)
	at org.apache.ratis.server.impl.LeaderElection.waitForResults(LeaderElection.java:259)
	at org.apache.ratis.server.impl.LeaderElection.askForVotes(LeaderElection.java:197)
	at org.apache.ratis.server.impl.LeaderElection.run(LeaderElection.java:133)
	at java.lang.Thread.run(Thread.java:748)
Caused by: org.apache.ratis.thirdparty.io.grpc.StatusRuntimeException: UNAVAILABLE: io exception
	at org.apache.ratis.thirdparty.io.grpc.stub.ClientCalls.toStatusRuntimeException(ClientCalls.java:233)
	at org.apache.ratis.thirdparty.io.grpc.stub.ClientCalls.getUnchecked(ClientCalls.java:214)
	at org.apache.ratis.thirdparty.io.grpc.stub.ClientCalls.blockingUnaryCall(ClientCalls.java:139)
	at org.apache.ratis.proto.grpc.RaftServerProtocolServiceGrpc$RaftServerProtocolServiceBlockingStub.requestVote(RaftServerProtocolServiceGrpc.java:265)
	at org.apache.ratis.grpc.server.GrpcServerProtocolClient.requestVote(GrpcServerProtocolClient.java:99)
	at org.apache.ratis.grpc.server.GrpcService.requestVote(GrpcService.java:204)
	at org.apache.ratis.server.impl.LeaderElection.lambda$submitRequests$1(LeaderElection.java:234)
	at java.util.concurrent.FutureTask.run(FutureTask.java:266)
	at java.util.concurrent.Executors$RunnableAdapter.call(Executors.java:511)
	at java.util.concurrent.FutureTask.run(FutureTask.java:266)
	at java.util.concurrent.ThreadPoolExecutor.runWorker(ThreadPoolExecutor.java:1149)
	at java.util.concurrent.ThreadPoolExecutor$Worker.run(ThreadPoolExecutor.java:624)
	... 1 more
Caused by: org.apache.ratis.thirdparty.io.netty.channel.AbstractChannel$AnnotatedConnectException: Connection refused: /192.168.164.217:37880
	at sun.nio.ch.SocketChannelImpl.checkConnect(Native Method)
	at sun.nio.ch.SocketChannelImpl.finishConnect(SocketChannelImpl.java:717)
	at org.apache.ratis.thirdparty.io.netty.channel.socket.nio.NioSocketChannel.doFinishConnect(NioSocketChannel.java:327)
	at org.apache.ratis.thirdparty.io.netty.channel.nio.AbstractNioChannel$AbstractNioUnsafe.finishConnect(AbstractNioChannel.java:340)
	at org.apache.ratis.thirdparty.io.netty.channel.nio.NioEventLoop.processSelectedKey(NioEventLoop.java:632)
	at org.apache.ratis.thirdparty.io.netty.channel.nio.NioEventLoop.processSelectedKeysOptimized(NioEventLoop.java:579)
	at org.apache.ratis.thirdparty.io.netty.channel.nio.NioEventLoop.processSelectedKeys(NioEventLoop.java:496)
	at org.apache.ratis.thirdparty.io.netty.channel.nio.NioEventLoop.run(NioEventLoop.java:458)
	at org.apache.ratis.thirdparty.io.netty.util.concurrent.SingleThreadEventExecutor$5.run(SingleThreadEventExecutor.java:897)
	at org.apache.ratis.thirdparty.io.netty.util.concurrent.FastThreadLocalRunnable.run(FastThreadLocalRunnable.java:30)
	... 1 more
Caused by: java.net.ConnectException: Connection refused
	... 11 more
2019-11-05 08:34:44,386 [grpc-default-executor-13] INFO  impl.RaftServerImpl (RaftServerImpl.java:setRole(184)) - d92c9463-8e05-4a70-8cc7-1d31ae7ac64a@group-515877FFDAAC: changes role from  FOLLOWER to FOLLOWER at term 170 for recognizeCandidate:05ace5f9-a5b7-4bc6-b4fa-26d4e24ae00c
2019-11-05 08:34:44,386 [grpc-default-executor-13] INFO  impl.RoleInfo (RoleInfo.java:shutdownFollowerState(121)) - d92c9463-8e05-4a70-8cc7-1d31ae7ac64a: shutdown FollowerState
2019-11-05 08:34:44,387 [grpc-default-executor-13] INFO  impl.RoleInfo (RoleInfo.java:updateAndGet(143)) - d92c9463-8e05-4a70-8cc7-1d31ae7ac64a: start FollowerState
2019-11-05 08:34:44,387 [Thread-4689] INFO  impl.FollowerState (FollowerState.java:run(117)) - d92c9463-8e05-4a70-8cc7-1d31ae7ac64a@group-515877FFDAAC-FollowerState was interrupted: java.lang.InterruptedException: sleep interrupted
2019-11-05 08:34:44,402 [05ace5f9-a5b7-4bc6-b4fa-26d4e24ae00c@group-515877FFDAAC-LeaderElection583] INFO  impl.LeaderElection (LeaderElection.java:logAndReturn(56)) - 05ace5f9-a5b7-4bc6-b4fa-26d4e24ae00c@group-515877FFDAAC-LeaderElection583: Election REJECTED; received 1 response(s) [05ace5f9-a5b7-4bc6-b4fa-26d4e24ae00c<-d92c9463-8e05-4a70-8cc7-1d31ae7ac64a#0:FAIL-t170] and 1 exception(s); 05ace5f9-a5b7-4bc6-b4fa-26d4e24ae00c@group-515877FFDAAC:t170, leader=null, voted=05ace5f9-a5b7-4bc6-b4fa-26d4e24ae00c, raftlog=05ace5f9-a5b7-4bc6-b4fa-26d4e24ae00c@group-515877FFDAAC-SegmentedRaftLog:OPENED:c-1,f-1,i0, conf=-1: [05ace5f9-a5b7-4bc6-b4fa-26d4e24ae00c:192.168.164.217:42356, d92c9463-8e05-4a70-8cc7-1d31ae7ac64a:192.168.164.217:37180, d7b60609-c805-4df6-8140-a27c681dae80:192.168.164.217:37880], old=null
2019-11-05 08:34:44,403 [05ace5f9-a5b7-4bc6-b4fa-26d4e24ae00c@group-515877FFDAAC-LeaderElection583] INFO  impl.LeaderElection (LogUtils.java:infoOrTrace(149)) -   Exception 0: {}
java.util.concurrent.ExecutionException: org.apache.ratis.thirdparty.io.grpc.StatusRuntimeException: UNAVAILABLE: io exception
	at java.util.concurrent.FutureTask.report(FutureTask.java:122)
	at java.util.concurrent.FutureTask.get(FutureTask.java:192)
	at org.apache.ratis.server.impl.LeaderElection.waitForResults(LeaderElection.java:259)
	at org.apache.ratis.server.impl.LeaderElection.askForVotes(LeaderElection.java:197)
	at org.apache.ratis.server.impl.LeaderElection.run(LeaderElection.java:133)
	at java.lang.Thread.run(Thread.java:748)
Caused by: org.apache.ratis.thirdparty.io.grpc.StatusRuntimeException: UNAVAILABLE: io exception
	at org.apache.ratis.thirdparty.io.grpc.stub.ClientCalls.toStatusRuntimeException(ClientCalls.java:233)
	at org.apache.ratis.thirdparty.io.grpc.stub.ClientCalls.getUnchecked(ClientCalls.java:214)
	at org.apache.ratis.thirdparty.io.grpc.stub.ClientCalls.blockingUnaryCall(ClientCalls.java:139)
	at org.apache.ratis.proto.grpc.RaftServerProtocolServiceGrpc$RaftServerProtocolServiceBlockingStub.requestVote(RaftServerProtocolServiceGrpc.java:265)
	at org.apache.ratis.grpc.server.GrpcServerProtocolClient.requestVote(GrpcServerProtocolClient.java:99)
	at org.apache.ratis.grpc.server.GrpcService.requestVote(GrpcService.java:204)
	at org.apache.ratis.server.impl.LeaderElection.lambda$submitRequests$1(LeaderElection.java:234)
	at java.util.concurrent.FutureTask.run(FutureTask.java:266)
	at java.util.concurrent.Executors$RunnableAdapter.call(Executors.java:511)
	at java.util.concurrent.FutureTask.run(FutureTask.java:266)
	at java.util.concurrent.ThreadPoolExecutor.runWorker(ThreadPoolExecutor.java:1149)
	at java.util.concurrent.ThreadPoolExecutor$Worker.run(ThreadPoolExecutor.java:624)
	... 1 more
Caused by: org.apache.ratis.thirdparty.io.netty.channel.AbstractChannel$AnnotatedConnectException: Connection refused: /192.168.164.217:37880
	at sun.nio.ch.SocketChannelImpl.checkConnect(Native Method)
	at sun.nio.ch.SocketChannelImpl.finishConnect(SocketChannelImpl.java:717)
	at org.apache.ratis.thirdparty.io.netty.channel.socket.nio.NioSocketChannel.doFinishConnect(NioSocketChannel.java:327)
	at org.apache.ratis.thirdparty.io.netty.channel.nio.AbstractNioChannel$AbstractNioUnsafe.finishConnect(AbstractNioChannel.java:340)
	at org.apache.ratis.thirdparty.io.netty.channel.nio.NioEventLoop.processSelectedKey(NioEventLoop.java:632)
	at org.apache.ratis.thirdparty.io.netty.channel.nio.NioEventLoop.processSelectedKeysOptimized(NioEventLoop.java:579)
	at org.apache.ratis.thirdparty.io.netty.channel.nio.NioEventLoop.processSelectedKeys(NioEventLoop.java:496)
	at org.apache.ratis.thirdparty.io.netty.channel.nio.NioEventLoop.run(NioEventLoop.java:458)
	at org.apache.ratis.thirdparty.io.netty.util.concurrent.SingleThreadEventExecutor$5.run(SingleThreadEventExecutor.java:897)
	at org.apache.ratis.thirdparty.io.netty.util.concurrent.FastThreadLocalRunnable.run(FastThreadLocalRunnable.java:30)
	... 1 more
Caused by: java.net.ConnectException: Connection refused
	... 11 more
2019-11-05 08:34:44,403 [05ace5f9-a5b7-4bc6-b4fa-26d4e24ae00c@group-515877FFDAAC-LeaderElection583] INFO  impl.RaftServerImpl (RaftServerImpl.java:setRole(184)) - 05ace5f9-a5b7-4bc6-b4fa-26d4e24ae00c@group-515877FFDAAC: changes role from CANDIDATE to FOLLOWER at term 170 for DISCOVERED_A_NEW_TERM
2019-11-05 08:34:44,403 [05ace5f9-a5b7-4bc6-b4fa-26d4e24ae00c@group-515877FFDAAC-LeaderElection583] INFO  impl.RoleInfo (RoleInfo.java:shutdownLeaderElection(134)) - 05ace5f9-a5b7-4bc6-b4fa-26d4e24ae00c: shutdown LeaderElection
2019-11-05 08:34:44,404 [05ace5f9-a5b7-4bc6-b4fa-26d4e24ae00c@group-515877FFDAAC-LeaderElection583] INFO  impl.RoleInfo (RoleInfo.java:updateAndGet(143)) - 05ace5f9-a5b7-4bc6-b4fa-26d4e24ae00c: start FollowerState
2019-11-05 08:34:44,459 [Thread-4697] INFO  impl.FollowerState (FollowerState.java:run(108)) - 05ace5f9-a5b7-4bc6-b4fa-26d4e24ae00c@group-515877FFDAAC-FollowerState: change to CANDIDATE, lastRpcTime:55ms, electionTimeout:55ms
2019-11-05 08:34:44,459 [Thread-4697] INFO  impl.RoleInfo (RoleInfo.java:shutdownFollowerState(121)) - 05ace5f9-a5b7-4bc6-b4fa-26d4e24ae00c: shutdown FollowerState
2019-11-05 08:34:44,459 [Thread-4697] INFO  impl.RaftServerImpl (RaftServerImpl.java:setRole(184)) - 05ace5f9-a5b7-4bc6-b4fa-26d4e24ae00c@group-515877FFDAAC: changes role from  FOLLOWER to CANDIDATE at term 170 for changeToCandidate
2019-11-05 08:34:44,459 [Thread-4697] INFO  impl.RoleInfo (RoleInfo.java:updateAndGet(143)) - 05ace5f9-a5b7-4bc6-b4fa-26d4e24ae00c: start LeaderElection
2019-11-05 08:34:44,473 [05ace5f9-a5b7-4bc6-b4fa-26d4e24ae00c@group-515877FFDAAC-LeaderElection584] INFO  impl.LeaderElection (LeaderElection.java:askForVotes(178)) - 05ace5f9-a5b7-4bc6-b4fa-26d4e24ae00c@group-515877FFDAAC-LeaderElection584: begin an election at term 171 for -1: [05ace5f9-a5b7-4bc6-b4fa-26d4e24ae00c:192.168.164.217:42356, d92c9463-8e05-4a70-8cc7-1d31ae7ac64a:192.168.164.217:37180, d7b60609-c805-4df6-8140-a27c681dae80:192.168.164.217:37880], old=null
2019-11-05 08:34:44,474 [05ace5f9-a5b7-4bc6-b4fa-26d4e24ae00c@group-515877FFDAAC-LeaderElection584] INFO  impl.LeaderElection (LogUtils.java:infoOrTrace(149)) - 05ace5f9-a5b7-4bc6-b4fa-26d4e24ae00c@group-515877FFDAAC-LeaderElection584 got exception when requesting votes: {}
java.util.concurrent.ExecutionException: org.apache.ratis.thirdparty.io.grpc.StatusRuntimeException: UNAVAILABLE: io exception
	at java.util.concurrent.FutureTask.report(FutureTask.java:122)
	at java.util.concurrent.FutureTask.get(FutureTask.java:192)
	at org.apache.ratis.server.impl.LeaderElection.waitForResults(LeaderElection.java:259)
	at org.apache.ratis.server.impl.LeaderElection.askForVotes(LeaderElection.java:197)
	at org.apache.ratis.server.impl.LeaderElection.run(LeaderElection.java:133)
	at java.lang.Thread.run(Thread.java:748)
Caused by: org.apache.ratis.thirdparty.io.grpc.StatusRuntimeException: UNAVAILABLE: io exception
	at org.apache.ratis.thirdparty.io.grpc.stub.ClientCalls.toStatusRuntimeException(ClientCalls.java:233)
	at org.apache.ratis.thirdparty.io.grpc.stub.ClientCalls.getUnchecked(ClientCalls.java:214)
	at org.apache.ratis.thirdparty.io.grpc.stub.ClientCalls.blockingUnaryCall(ClientCalls.java:139)
	at org.apache.ratis.proto.grpc.RaftServerProtocolServiceGrpc$RaftServerProtocolServiceBlockingStub.requestVote(RaftServerProtocolServiceGrpc.java:265)
	at org.apache.ratis.grpc.server.GrpcServerProtocolClient.requestVote(GrpcServerProtocolClient.java:99)
	at org.apache.ratis.grpc.server.GrpcService.requestVote(GrpcService.java:204)
	at org.apache.ratis.server.impl.LeaderElection.lambda$submitRequests$1(LeaderElection.java:234)
	at java.util.concurrent.FutureTask.run(FutureTask.java:266)
	at java.util.concurrent.Executors$RunnableAdapter.call(Executors.java:511)
	at java.util.concurrent.FutureTask.run(FutureTask.java:266)
	at java.util.concurrent.ThreadPoolExecutor.runWorker(ThreadPoolExecutor.java:1149)
	at java.util.concurrent.ThreadPoolExecutor$Worker.run(ThreadPoolExecutor.java:624)
	... 1 more
Caused by: org.apache.ratis.thirdparty.io.netty.channel.AbstractChannel$AnnotatedConnectException: Connection refused: /192.168.164.217:37880
	at sun.nio.ch.SocketChannelImpl.checkConnect(Native Method)
	at sun.nio.ch.SocketChannelImpl.finishConnect(SocketChannelImpl.java:717)
	at org.apache.ratis.thirdparty.io.netty.channel.socket.nio.NioSocketChannel.doFinishConnect(NioSocketChannel.java:327)
	at org.apache.ratis.thirdparty.io.netty.channel.nio.AbstractNioChannel$AbstractNioUnsafe.finishConnect(AbstractNioChannel.java:340)
	at org.apache.ratis.thirdparty.io.netty.channel.nio.NioEventLoop.processSelectedKey(NioEventLoop.java:632)
	at org.apache.ratis.thirdparty.io.netty.channel.nio.NioEventLoop.processSelectedKeysOptimized(NioEventLoop.java:579)
	at org.apache.ratis.thirdparty.io.netty.channel.nio.NioEventLoop.processSelectedKeys(NioEventLoop.java:496)
	at org.apache.ratis.thirdparty.io.netty.channel.nio.NioEventLoop.run(NioEventLoop.java:458)
	at org.apache.ratis.thirdparty.io.netty.util.concurrent.SingleThreadEventExecutor$5.run(SingleThreadEventExecutor.java:897)
	at org.apache.ratis.thirdparty.io.netty.util.concurrent.FastThreadLocalRunnable.run(FastThreadLocalRunnable.java:30)
	... 1 more
Caused by: java.net.ConnectException: Connection refused
	... 11 more
2019-11-05 08:34:44,475 [grpc-default-executor-13] INFO  impl.RaftServerImpl (RaftServerImpl.java:setRole(184)) - d92c9463-8e05-4a70-8cc7-1d31ae7ac64a@group-515877FFDAAC: changes role from  FOLLOWER to FOLLOWER at term 171 for recognizeCandidate:05ace5f9-a5b7-4bc6-b4fa-26d4e24ae00c
2019-11-05 08:34:44,475 [grpc-default-executor-13] INFO  impl.RoleInfo (RoleInfo.java:shutdownFollowerState(121)) - d92c9463-8e05-4a70-8cc7-1d31ae7ac64a: shutdown FollowerState
2019-11-05 08:34:44,475 [grpc-default-executor-13] INFO  impl.RoleInfo (RoleInfo.java:updateAndGet(143)) - d92c9463-8e05-4a70-8cc7-1d31ae7ac64a: start FollowerState
2019-11-05 08:34:44,475 [Thread-4696] INFO  impl.FollowerState (FollowerState.java:run(117)) - d92c9463-8e05-4a70-8cc7-1d31ae7ac64a@group-515877FFDAAC-FollowerState was interrupted: java.lang.InterruptedException: sleep interrupted
2019-11-05 08:34:44,489 [05ace5f9-a5b7-4bc6-b4fa-26d4e24ae00c@group-515877FFDAAC-LeaderElection584] INFO  impl.LeaderElection (LeaderElection.java:logAndReturn(56)) - 05ace5f9-a5b7-4bc6-b4fa-26d4e24ae00c@group-515877FFDAAC-LeaderElection584: Election REJECTED; received 1 response(s) [05ace5f9-a5b7-4bc6-b4fa-26d4e24ae00c<-d92c9463-8e05-4a70-8cc7-1d31ae7ac64a#0:FAIL-t171] and 1 exception(s); 05ace5f9-a5b7-4bc6-b4fa-26d4e24ae00c@group-515877FFDAAC:t171, leader=null, voted=05ace5f9-a5b7-4bc6-b4fa-26d4e24ae00c, raftlog=05ace5f9-a5b7-4bc6-b4fa-26d4e24ae00c@group-515877FFDAAC-SegmentedRaftLog:OPENED:c-1,f-1,i0, conf=-1: [05ace5f9-a5b7-4bc6-b4fa-26d4e24ae00c:192.168.164.217:42356, d92c9463-8e05-4a70-8cc7-1d31ae7ac64a:192.168.164.217:37180, d7b60609-c805-4df6-8140-a27c681dae80:192.168.164.217:37880], old=null
2019-11-05 08:34:44,489 [05ace5f9-a5b7-4bc6-b4fa-26d4e24ae00c@group-515877FFDAAC-LeaderElection584] INFO  impl.LeaderElection (LogUtils.java:infoOrTrace(149)) -   Exception 0: {}
java.util.concurrent.ExecutionException: org.apache.ratis.thirdparty.io.grpc.StatusRuntimeException: UNAVAILABLE: io exception
	at java.util.concurrent.FutureTask.report(FutureTask.java:122)
	at java.util.concurrent.FutureTask.get(FutureTask.java:192)
	at org.apache.ratis.server.impl.LeaderElection.waitForResults(LeaderElection.java:259)
	at org.apache.ratis.server.impl.LeaderElection.askForVotes(LeaderElection.java:197)
	at org.apache.ratis.server.impl.LeaderElection.run(LeaderElection.java:133)
	at java.lang.Thread.run(Thread.java:748)
Caused by: org.apache.ratis.thirdparty.io.grpc.StatusRuntimeException: UNAVAILABLE: io exception
	at org.apache.ratis.thirdparty.io.grpc.stub.ClientCalls.toStatusRuntimeException(ClientCalls.java:233)
	at org.apache.ratis.thirdparty.io.grpc.stub.ClientCalls.getUnchecked(ClientCalls.java:214)
	at org.apache.ratis.thirdparty.io.grpc.stub.ClientCalls.blockingUnaryCall(ClientCalls.java:139)
	at org.apache.ratis.proto.grpc.RaftServerProtocolServiceGrpc$RaftServerProtocolServiceBlockingStub.requestVote(RaftServerProtocolServiceGrpc.java:265)
	at org.apache.ratis.grpc.server.GrpcServerProtocolClient.requestVote(GrpcServerProtocolClient.java:99)
	at org.apache.ratis.grpc.server.GrpcService.requestVote(GrpcService.java:204)
	at org.apache.ratis.server.impl.LeaderElection.lambda$submitRequests$1(LeaderElection.java:234)
	at java.util.concurrent.FutureTask.run(FutureTask.java:266)
	at java.util.concurrent.Executors$RunnableAdapter.call(Executors.java:511)
	at java.util.concurrent.FutureTask.run(FutureTask.java:266)
	at java.util.concurrent.ThreadPoolExecutor.runWorker(ThreadPoolExecutor.java:1149)
	at java.util.concurrent.ThreadPoolExecutor$Worker.run(ThreadPoolExecutor.java:624)
	... 1 more
Caused by: org.apache.ratis.thirdparty.io.netty.channel.AbstractChannel$AnnotatedConnectException: Connection refused: /192.168.164.217:37880
	at sun.nio.ch.SocketChannelImpl.checkConnect(Native Method)
	at sun.nio.ch.SocketChannelImpl.finishConnect(SocketChannelImpl.java:717)
	at org.apache.ratis.thirdparty.io.netty.channel.socket.nio.NioSocketChannel.doFinishConnect(NioSocketChannel.java:327)
	at org.apache.ratis.thirdparty.io.netty.channel.nio.AbstractNioChannel$AbstractNioUnsafe.finishConnect(AbstractNioChannel.java:340)
	at org.apache.ratis.thirdparty.io.netty.channel.nio.NioEventLoop.processSelectedKey(NioEventLoop.java:632)
	at org.apache.ratis.thirdparty.io.netty.channel.nio.NioEventLoop.processSelectedKeysOptimized(NioEventLoop.java:579)
	at org.apache.ratis.thirdparty.io.netty.channel.nio.NioEventLoop.processSelectedKeys(NioEventLoop.java:496)
	at org.apache.ratis.thirdparty.io.netty.channel.nio.NioEventLoop.run(NioEventLoop.java:458)
	at org.apache.ratis.thirdparty.io.netty.util.concurrent.SingleThreadEventExecutor$5.run(SingleThreadEventExecutor.java:897)
	at org.apache.ratis.thirdparty.io.netty.util.concurrent.FastThreadLocalRunnable.run(FastThreadLocalRunnable.java:30)
	... 1 more
Caused by: java.net.ConnectException: Connection refused
	... 11 more
2019-11-05 08:34:44,490 [05ace5f9-a5b7-4bc6-b4fa-26d4e24ae00c@group-515877FFDAAC-LeaderElection584] INFO  impl.RaftServerImpl (RaftServerImpl.java:setRole(184)) - 05ace5f9-a5b7-4bc6-b4fa-26d4e24ae00c@group-515877FFDAAC: changes role from CANDIDATE to FOLLOWER at term 171 for DISCOVERED_A_NEW_TERM
2019-11-05 08:34:44,490 [05ace5f9-a5b7-4bc6-b4fa-26d4e24ae00c@group-515877FFDAAC-LeaderElection584] INFO  impl.RoleInfo (RoleInfo.java:shutdownLeaderElection(134)) - 05ace5f9-a5b7-4bc6-b4fa-26d4e24ae00c: shutdown LeaderElection
2019-11-05 08:34:44,490 [05ace5f9-a5b7-4bc6-b4fa-26d4e24ae00c@group-515877FFDAAC-LeaderElection584] INFO  impl.RoleInfo (RoleInfo.java:updateAndGet(143)) - 05ace5f9-a5b7-4bc6-b4fa-26d4e24ae00c: start FollowerState
2019-11-05 08:34:44,506 [java.util.concurrent.ThreadPoolExecutor$Worker@7a1c356f[State = -1, empty queue]] WARN  server.GrpcLogAppender (GrpcLogAppender.java:timeoutAppendRequest(209)) - fae5ccd0-edd9-4644-8d4e-9d507f6169bd@group-96AF9F8BC25D->5d271ba9-e0f4-40ff-b9fc-f90f33adc13b-GrpcLogAppender: appendEntries Timeout, request=fae5ccd0-edd9-4644-8d4e-9d507f6169bd->5d271ba9-e0f4-40ff-b9fc-f90f33adc13b#42-t4, previous=(t:4, i:4), leaderCommit=4, initializing? false, entries: <empty>
2019-11-05 08:34:44,663 [Thread-4702] INFO  impl.FollowerState (FollowerState.java:run(108)) - 05ace5f9-a5b7-4bc6-b4fa-26d4e24ae00c@group-515877FFDAAC-FollowerState: change to CANDIDATE, lastRpcTime:173ms, electionTimeout:173ms
2019-11-05 08:34:44,663 [Thread-4702] INFO  impl.RoleInfo (RoleInfo.java:shutdownFollowerState(121)) - 05ace5f9-a5b7-4bc6-b4fa-26d4e24ae00c: shutdown FollowerState
2019-11-05 08:34:44,664 [Thread-4702] INFO  impl.RaftServerImpl (RaftServerImpl.java:setRole(184)) - 05ace5f9-a5b7-4bc6-b4fa-26d4e24ae00c@group-515877FFDAAC: changes role from  FOLLOWER to CANDIDATE at term 171 for changeToCandidate
2019-11-05 08:34:44,664 [Thread-4702] INFO  impl.RoleInfo (RoleInfo.java:updateAndGet(143)) - 05ace5f9-a5b7-4bc6-b4fa-26d4e24ae00c: start LeaderElection
2019-11-05 08:34:44,666 [main] INFO  ozoneimpl.OzoneContainer (OzoneContainer.java:stop(227)) - Attempting to stop container services.
2019-11-05 08:34:44,667 [main] INFO  impl.RaftServerProxy (RaftServerProxy.java:lambda$close$4(314)) - 05ace5f9-a5b7-4bc6-b4fa-26d4e24ae00c: close
2019-11-05 08:34:44,667 [main] INFO  impl.RaftServerImpl (RaftServerImpl.java:lambda$shutdown$3(261)) - 05ace5f9-a5b7-4bc6-b4fa-26d4e24ae00c@group-22B759B34DF7: shutdown
2019-11-05 08:34:44,668 [main] INFO  util.JmxRegister (JmxRegister.java:unregister(73)) - Successfully un-registered JMX Bean with object name Ratis:service=RaftServer,group=group-22B759B34DF7,id=05ace5f9-a5b7-4bc6-b4fa-26d4e24ae00c
2019-11-05 08:34:44,668 [main] INFO  impl.RoleInfo (RoleInfo.java:shutdownLeaderState(104)) - 05ace5f9-a5b7-4bc6-b4fa-26d4e24ae00c: shutdown LeaderState
2019-11-05 08:34:44,668 [main] INFO  impl.PendingRequests (PendingRequests.java:sendNotLeaderResponses(202)) - 05ace5f9-a5b7-4bc6-b4fa-26d4e24ae00c@group-22B759B34DF7-PendingRequests: sendNotLeaderResponses
2019-11-05 08:34:44,668 [main] INFO  impl.StateMachineUpdater (StateMachineUpdater.java:stopAndJoin(136)) - 05ace5f9-a5b7-4bc6-b4fa-26d4e24ae00c@group-22B759B34DF7-StateMachineUpdater: set stopIndex = 0
2019-11-05 08:34:44,669 [main] INFO  impl.RaftServerImpl (ServerState.java:close(388)) - 05ace5f9-a5b7-4bc6-b4fa-26d4e24ae00c@group-22B759B34DF7: closes. applyIndex: 0
2019-11-05 08:34:44,670 [05ace5f9-a5b7-4bc6-b4fa-26d4e24ae00c@group-22B759B34DF7-SegmentedRaftLogWorker] INFO  segmented.SegmentedRaftLogWorker (SegmentedRaftLogWorker.java:run(316)) - 05ace5f9-a5b7-4bc6-b4fa-26d4e24ae00c@group-22B759B34DF7-SegmentedRaftLogWorker was interrupted, exiting. There are 0 tasks remaining in the queue.
2019-11-05 08:34:44,673 [main] INFO  segmented.SegmentedRaftLogWorker (SegmentedRaftLogWorker.java:close(224)) - 05ace5f9-a5b7-4bc6-b4fa-26d4e24ae00c@group-22B759B34DF7-SegmentedRaftLogWorker close()
2019-11-05 08:34:44,675 [main] INFO  impl.RaftServerImpl (RaftServerImpl.java:lambda$shutdown$3(261)) - 05ace5f9-a5b7-4bc6-b4fa-26d4e24ae00c@group-515877FFDAAC: shutdown
2019-11-05 08:34:44,675 [main] INFO  util.JmxRegister (JmxRegister.java:unregister(73)) - Successfully un-registered JMX Bean with object name Ratis:service=RaftServer,group=group-515877FFDAAC,id=05ace5f9-a5b7-4bc6-b4fa-26d4e24ae00c
2019-11-05 08:34:44,676 [main] INFO  impl.RoleInfo (RoleInfo.java:shutdownLeaderElection(134)) - 05ace5f9-a5b7-4bc6-b4fa-26d4e24ae00c: shutdown LeaderElection
2019-11-05 08:34:44,676 [main] INFO  impl.StateMachineUpdater (StateMachineUpdater.java:stopAndJoin(136)) - 05ace5f9-a5b7-4bc6-b4fa-26d4e24ae00c@group-515877FFDAAC-StateMachineUpdater: set stopIndex = -1
2019-11-05 08:34:44,676 [main] INFO  impl.RaftServerImpl (ServerState.java:close(388)) - 05ace5f9-a5b7-4bc6-b4fa-26d4e24ae00c@group-515877FFDAAC: closes. applyIndex: -1
2019-11-05 08:34:44,676 [05ace5f9-a5b7-4bc6-b4fa-26d4e24ae00c@group-515877FFDAAC-SegmentedRaftLogWorker] INFO  segmented.SegmentedRaftLogWorker (SegmentedRaftLogWorker.java:run(316)) - 05ace5f9-a5b7-4bc6-b4fa-26d4e24ae00c@group-515877FFDAAC-SegmentedRaftLogWorker was interrupted, exiting. There are 0 tasks remaining in the queue.
2019-11-05 08:34:44,677 [main] INFO  segmented.SegmentedRaftLogWorker (SegmentedRaftLogWorker.java:close(224)) - 05ace5f9-a5b7-4bc6-b4fa-26d4e24ae00c@group-515877FFDAAC-SegmentedRaftLogWorker close()
2019-11-05 08:34:44,678 [main] INFO  server.GrpcService (GrpcService.java:closeImpl(164)) - 05ace5f9-a5b7-4bc6-b4fa-26d4e24ae00c: shutdown server with port 42356 now
2019-11-05 08:34:44,680 [main] INFO  server.GrpcService (GrpcService.java:closeImpl(172)) - 05ace5f9-a5b7-4bc6-b4fa-26d4e24ae00c: shutdown server with port 42356 successfully
2019-11-05 08:34:44,683 [refreshUsed-/workdir/hadoop-ozone/integration-test/target/test-dir/MiniOzoneClusterImpl-c1ac3406-7bea-4748-bbf9-a747646a8bff/datanode-6/data/containers] WARN  fs.CachingGetSpaceUsed (CachingGetSpaceUsed.java:run(183)) - Thread Interrupted waiting to refresh disk information: sleep interrupted
2019-11-05 08:34:44,686 [ForkJoinPool.commonPool-worker-0] INFO  ozoneimpl.OzoneContainer (OzoneContainer.java:stop(227)) - Attempting to stop container services.
2019-11-05 08:34:44,687 [ForkJoinPool.commonPool-worker-0] INFO  impl.RaftServerProxy (RaftServerProxy.java:lambda$close$4(314)) - d92c9463-8e05-4a70-8cc7-1d31ae7ac64a: close
2019-11-05 08:34:44,688 [ForkJoinPool.commonPool-worker-0] INFO  impl.RaftServerImpl (RaftServerImpl.java:lambda$shutdown$3(261)) - d92c9463-8e05-4a70-8cc7-1d31ae7ac64a@group-774E2AC0A2FF: shutdown
2019-11-05 08:34:44,688 [ForkJoinPool.commonPool-worker-0] INFO  util.JmxRegister (JmxRegister.java:unregister(73)) - Successfully un-registered JMX Bean with object name Ratis:service=RaftServer,group=group-774E2AC0A2FF,id=d92c9463-8e05-4a70-8cc7-1d31ae7ac64a
2019-11-05 08:34:44,688 [ForkJoinPool.commonPool-worker-0] INFO  impl.RoleInfo (RoleInfo.java:shutdownLeaderState(104)) - d92c9463-8e05-4a70-8cc7-1d31ae7ac64a: shutdown LeaderState
2019-11-05 08:34:44,689 [ForkJoinPool.commonPool-worker-0] INFO  impl.PendingRequests (PendingRequests.java:sendNotLeaderResponses(202)) - d92c9463-8e05-4a70-8cc7-1d31ae7ac64a@group-774E2AC0A2FF-PendingRequests: sendNotLeaderResponses
2019-11-05 08:34:44,689 [ForkJoinPool.commonPool-worker-0] INFO  impl.StateMachineUpdater (StateMachineUpdater.java:stopAndJoin(136)) - d92c9463-8e05-4a70-8cc7-1d31ae7ac64a@group-774E2AC0A2FF-StateMachineUpdater: set stopIndex = 0
2019-11-05 08:34:44,690 [ForkJoinPool.commonPool-worker-0] INFO  impl.RaftServerImpl (ServerState.java:close(388)) - d92c9463-8e05-4a70-8cc7-1d31ae7ac64a@group-774E2AC0A2FF: closes. applyIndex: 0
2019-11-05 08:34:44,690 [d92c9463-8e05-4a70-8cc7-1d31ae7ac64a@group-774E2AC0A2FF-SegmentedRaftLogWorker] INFO  segmented.SegmentedRaftLogWorker (SegmentedRaftLogWorker.java:run(316)) - d92c9463-8e05-4a70-8cc7-1d31ae7ac64a@group-774E2AC0A2FF-SegmentedRaftLogWorker was interrupted, exiting. There are 0 tasks remaining in the queue.
2019-11-05 08:34:44,694 [ForkJoinPool.commonPool-worker-0] INFO  segmented.SegmentedRaftLogWorker (SegmentedRaftLogWorker.java:close(224)) - d92c9463-8e05-4a70-8cc7-1d31ae7ac64a@group-774E2AC0A2FF-SegmentedRaftLogWorker close()
2019-11-05 08:34:44,694 [05ace5f9-a5b7-4bc6-b4fa-26d4e24ae00c@group-515877FFDAAC-LeaderElection585] INFO  impl.LeaderElection (LeaderElection.java:askForVotes(178)) - 05ace5f9-a5b7-4bc6-b4fa-26d4e24ae00c@group-515877FFDAAC-LeaderElection585: begin an election at term 172 for -1: [05ace5f9-a5b7-4bc6-b4fa-26d4e24ae00c:192.168.164.217:42356, d92c9463-8e05-4a70-8cc7-1d31ae7ac64a:192.168.164.217:37180, d7b60609-c805-4df6-8140-a27c681dae80:192.168.164.217:37880], old=null
2019-11-05 08:34:44,696 [ForkJoinPool.commonPool-worker-0] INFO  impl.RaftServerImpl (RaftServerImpl.java:lambda$shutdown$3(261)) - d92c9463-8e05-4a70-8cc7-1d31ae7ac64a@group-515877FFDAAC: shutdown
2019-11-05 08:34:44,696 [ForkJoinPool.commonPool-worker-0] INFO  util.JmxRegister (JmxRegister.java:unregister(73)) - Successfully un-registered JMX Bean with object name Ratis:service=RaftServer,group=group-515877FFDAAC,id=d92c9463-8e05-4a70-8cc7-1d31ae7ac64a
2019-11-05 08:34:44,696 [05ace5f9-a5b7-4bc6-b4fa-26d4e24ae00c@group-515877FFDAAC-LeaderElection585] INFO  impl.LeaderElection (LeaderElection.java:run(137)) - 05ace5f9-a5b7-4bc6-b4fa-26d4e24ae00c@group-515877FFDAAC-LeaderElection585: IllegalArgumentException is safely ignored since this is already CLOSING
java.lang.IllegalArgumentException: 05ace5f9-a5b7-4bc6-b4fa-26d4e24ae00c@group-515877FFDAAC-SegmentedRaftLog is expected to be opened but it is CLOSED
	at org.apache.ratis.util.OpenCloseState.assertOpen(OpenCloseState.java:63)
	at org.apache.ratis.server.raftlog.RaftLog.checkLogState(RaftLog.java:102)
	at org.apache.ratis.server.raftlog.segmented.SegmentedRaftLog.getLastEntryTermIndex(SegmentedRaftLog.java:345)
	at org.apache.ratis.server.impl.LeaderElection.askForVotes(LeaderElection.java:180)
	at org.apache.ratis.server.impl.LeaderElection.run(LeaderElection.java:133)
	at java.lang.Thread.run(Thread.java:748)
Caused by: org.apache.ratis.util.OpenCloseState$CloseTrace: Close 05ace5f9-a5b7-4bc6-b4fa-26d4e24ae00c@group-515877FFDAAC-SegmentedRaftLog
	at org.apache.ratis.util.OpenCloseState.lambda$close$1(OpenCloseState.java:109)
	at java.util.concurrent.atomic.AtomicReference.getAndUpdate(AtomicReference.java:160)
	at org.apache.ratis.util.OpenCloseState.close(OpenCloseState.java:109)
	at org.apache.ratis.server.raftlog.RaftLog.close(RaftLog.java:437)
	at org.apache.ratis.server.raftlog.segmented.SegmentedRaftLog.close(SegmentedRaftLog.java:500)
	at org.apache.ratis.server.impl.ServerState.close(ServerState.java:390)
	at org.apache.ratis.server.impl.RaftServerImpl.lambda$shutdown$3(RaftServerImpl.java:283)
	at org.apache.ratis.util.LifeCycle.lambda$checkStateAndClose$2(LifeCycle.java:231)
	at org.apache.ratis.util.LifeCycle.checkStateAndClose(LifeCycle.java:251)
	at org.apache.ratis.util.LifeCycle.checkStateAndClose(LifeCycle.java:229)
	at org.apache.ratis.server.impl.RaftServerImpl.shutdown(RaftServerImpl.java:260)
	at org.apache.ratis.server.impl.RaftServerProxy$ImplMap.lambda$close$0(RaftServerProxy.java:107)
	at java.util.stream.ForEachOps$ForEachOp$OfRef.accept(ForEachOps.java:183)
	at java.util.stream.ReferencePipeline$3$1.accept(ReferencePipeline.java:193)
	at java.util.concurrent.ConcurrentHashMap$ValueSpliterator.forEachRemaining(ConcurrentHashMap.java:3566)
	at java.util.stream.AbstractPipeline.copyInto(AbstractPipeline.java:482)
	at java.util.stream.ForEachOps$ForEachTask.compute(ForEachOps.java:290)
	at java.util.concurrent.CountedCompleter.exec(CountedCompleter.java:731)
	at java.util.concurrent.ForkJoinTask.doExec(ForkJoinTask.java:289)
	at java.util.concurrent.ForkJoinPool.helpComplete(ForkJoinPool.java:1870)
	at java.util.concurrent.ForkJoinPool.externalHelpComplete(ForkJoinPool.java:2467)
	at java.util.concurrent.ForkJoinTask.externalAwaitDone(ForkJoinTask.java:324)
	at java.util.concurrent.ForkJoinTask.doInvoke(ForkJoinTask.java:405)
	at java.util.concurrent.ForkJoinTask.invoke(ForkJoinTask.java:734)
	at java.util.stream.ForEachOps$ForEachOp.evaluateParallel(ForEachOps.java:159)
	at java.util.stream.ForEachOps$ForEachOp$OfRef.evaluateParallel(ForEachOps.java:173)
	at java.util.stream.AbstractPipeline.evaluate(AbstractPipeline.java:233)
	at java.util.stream.ReferencePipeline.forEach(ReferencePipeline.java:485)
	at org.apache.ratis.server.impl.RaftServerProxy$ImplMap.close(RaftServerProxy.java:107)
	at org.apache.ratis.server.impl.RaftServerProxy.lambda$close$4(RaftServerProxy.java:315)
	at org.apache.ratis.util.LifeCycle.lambda$checkStateAndClose$2(LifeCycle.java:231)
	at org.apache.ratis.util.LifeCycle.checkStateAndClose(LifeCycle.java:251)
	at org.apache.ratis.util.LifeCycle.checkStateAndClose(LifeCycle.java:229)
	at org.apache.ratis.server.impl.RaftServerProxy.close(RaftServerProxy.java:313)
	at org.apache.hadoop.ozone.container.common.transport.server.ratis.XceiverServerRatis.stop(XceiverServerRatis.java:448)
	at org.apache.hadoop.ozone.container.ozoneimpl.OzoneContainer.stop(OzoneContainer.java:229)
	at org.apache.hadoop.ozone.container.common.statemachine.DatanodeStateMachine.close(DatanodeStateMachine.java:270)
	at org.apache.hadoop.ozone.container.common.statemachine.DatanodeStateMachine.stopDaemon(DatanodeStateMachine.java:394)
	at org.apache.hadoop.ozone.HddsDatanodeService.stop(HddsDatanodeService.java:457)
	at org.apache.hadoop.ozone.MiniOzoneClusterImpl.stopDatanode(MiniOzoneClusterImpl.java:385)
	at java.util.stream.ForEachOps$ForEachOp$OfRef.accept(ForEachOps.java:183)
	at java.util.ArrayList$ArrayListSpliterator.forEachRemaining(ArrayList.java:1382)
	at java.util.stream.AbstractPipeline.copyInto(AbstractPipeline.java:482)
	at java.util.stream.ForEachOps$ForEachTask.compute(ForEachOps.java:290)
	at java.util.concurrent.CountedCompleter.exec(CountedCompleter.java:731)
	at java.util.concurrent.ForkJoinTask.doExec(ForkJoinTask.java:289)
	at java.util.concurrent.ForkJoinTask.doInvoke(ForkJoinTask.java:401)
	at java.util.concurrent.ForkJoinTask.invoke(ForkJoinTask.java:734)
	at java.util.stream.ForEachOps$ForEachOp.evaluateParallel(ForEachOps.java:159)
	at java.util.stream.ForEachOps$ForEachOp$OfRef.evaluateParallel(ForEachOps.java:173)
	at java.util.stream.AbstractPipeline.evaluate(AbstractPipeline.java:233)
	at java.util.stream.ReferencePipeline.forEach(ReferencePipeline.java:485)
	at java.util.stream.ReferencePipeline$Head.forEach(ReferencePipeline.java:650)
	at org.apache.hadoop.ozone.MiniOzoneClusterImpl.stopDatanodes(MiniOzoneClusterImpl.java:379)
	at org.apache.hadoop.ozone.MiniOzoneClusterImpl.stop(MiniOzoneClusterImpl.java:332)
	at org.apache.hadoop.ozone.MiniOzoneClusterImpl.shutdown(MiniOzoneClusterImpl.java:319)
	at org.apache.hadoop.ozone.client.rpc.TestFailureHandlingByClient.shutdown(TestFailureHandlingByClient.java:130)
	at sun.reflect.NativeMethodAccessorImpl.invoke0(Native Method)
	at sun.reflect.NativeMethodAccessorImpl.invoke(NativeMethodAccessorImpl.java:62)
	at sun.reflect.DelegatingMethodAccessorImpl.invoke(DelegatingMethodAccessorImpl.java:43)
	at java.lang.reflect.Method.invoke(Method.java:498)
	at org.junit.runners.model.FrameworkMethod$1.runReflectiveCall(FrameworkMethod.java:47)
	at org.junit.internal.runners.model.ReflectiveCallable.run(ReflectiveCallable.java:12)
	at org.junit.runners.model.FrameworkMethod.invokeExplosively(FrameworkMethod.java:44)
	at org.junit.internal.runners.statements.RunAfters.evaluate(RunAfters.java:33)
	at org.junit.runners.ParentRunner.runLeaf(ParentRunner.java:271)
	at org.junit.runners.BlockJUnit4ClassRunner.runChild(BlockJUnit4ClassRunner.java:70)
	at org.junit.runners.BlockJUnit4ClassRunner.runChild(BlockJUnit4ClassRunner.java:50)
	at org.junit.runners.ParentRunner$3.run(ParentRunner.java:238)
	at org.junit.runners.ParentRunner$1.schedule(ParentRunner.java:63)
	at org.junit.runners.ParentRunner.runChildren(ParentRunner.java:236)
	at org.junit.runners.ParentRunner.access$000(ParentRunner.java:53)
	at org.junit.runners.ParentRunner$2.evaluate(ParentRunner.java:229)
	at org.junit.runners.ParentRunner.run(ParentRunner.java:309)
	at org.apache.maven.surefire.junit4.JUnit4Provider.execute(JUnit4Provider.java:365)
	at org.apache.maven.surefire.junit4.JUnit4Provider.executeWithRerun(JUnit4Provider.java:273)
	at org.apache.maven.surefire.junit4.JUnit4Provider.executeTestSet(JUnit4Provider.java:238)
	at org.apache.maven.surefire.junit4.JUnit4Provider.invoke(JUnit4Provider.java:159)
	at org.apache.maven.surefire.booter.ForkedBooter.invokeProviderInSameClassLoader(ForkedBooter.java:384)
	at org.apache.maven.surefire.booter.ForkedBooter.runSuitesInProcess(ForkedBooter.java:345)
	at org.apache.maven.surefire.booter.ForkedBooter.execute(ForkedBooter.java:126)
	at org.apache.maven.surefire.booter.ForkedBooter.main(ForkedBooter.java:418)
2019-11-05 08:34:44,696 [ForkJoinPool.commonPool-worker-0] INFO  impl.RoleInfo (RoleInfo.java:shutdownFollowerState(121)) - d92c9463-8e05-4a70-8cc7-1d31ae7ac64a: shutdown FollowerState
2019-11-05 08:34:44,700 [ForkJoinPool.commonPool-worker-0] INFO  impl.StateMachineUpdater (StateMachineUpdater.java:stopAndJoin(136)) - d92c9463-8e05-4a70-8cc7-1d31ae7ac64a@group-515877FFDAAC-StateMachineUpdater: set stopIndex = -1
2019-11-05 08:34:44,700 [Thread-4701] INFO  impl.FollowerState (FollowerState.java:run(117)) - d92c9463-8e05-4a70-8cc7-1d31ae7ac64a@group-515877FFDAAC-FollowerState was interrupted: java.lang.InterruptedException: sleep interrupted
2019-11-05 08:34:44,700 [ForkJoinPool.commonPool-worker-0] INFO  impl.RaftServerImpl (ServerState.java:close(388)) - d92c9463-8e05-4a70-8cc7-1d31ae7ac64a@group-515877FFDAAC: closes. applyIndex: -1
2019-11-05 08:34:44,700 [d92c9463-8e05-4a70-8cc7-1d31ae7ac64a@group-515877FFDAAC-SegmentedRaftLogWorker] INFO  segmented.SegmentedRaftLogWorker (SegmentedRaftLogWorker.java:run(316)) - d92c9463-8e05-4a70-8cc7-1d31ae7ac64a@group-515877FFDAAC-SegmentedRaftLogWorker was interrupted, exiting. There are 0 tasks remaining in the queue.
2019-11-05 08:34:44,702 [ForkJoinPool.commonPool-worker-0] INFO  segmented.SegmentedRaftLogWorker (SegmentedRaftLogWorker.java:close(224)) - d92c9463-8e05-4a70-8cc7-1d31ae7ac64a@group-515877FFDAAC-SegmentedRaftLogWorker close()
2019-11-05 08:34:44,704 [ForkJoinPool.commonPool-worker-0] INFO  server.GrpcService (GrpcService.java:closeImpl(164)) - d92c9463-8e05-4a70-8cc7-1d31ae7ac64a: shutdown server with port 37180 now
2019-11-05 08:34:44,705 [ForkJoinPool.commonPool-worker-0] INFO  server.GrpcService (GrpcService.java:closeImpl(172)) - d92c9463-8e05-4a70-8cc7-1d31ae7ac64a: shutdown server with port 37180 successfully
2019-11-05 08:34:44,708 [refreshUsed-/workdir/hadoop-ozone/integration-test/target/test-dir/MiniOzoneClusterImpl-c1ac3406-7bea-4748-bbf9-a747646a8bff/datanode-3/data/containers] WARN  fs.CachingGetSpaceUsed (CachingGetSpaceUsed.java:run(183)) - Thread Interrupted waiting to refresh disk information: sleep interrupted
2019-11-05 08:34:44,723 [ForkJoinPool.commonPool-worker-0] INFO  utils.BackgroundService (BackgroundService.java:shutdown(151)) - Shutting down service BlockDeletingService
2019-11-05 08:34:44,723 [main] INFO  utils.BackgroundService (BackgroundService.java:shutdown(151)) - Shutting down service BlockDeletingService
2019-11-05 08:34:44,731 [ForkJoinPool.commonPool-worker-0] INFO  statemachine.DatanodeStateMachine (DatanodeStateMachine.java:stopDaemon(395)) - Ozone container server stopped.
2019-11-05 08:34:44,737 [main] INFO  statemachine.DatanodeStateMachine (DatanodeStateMachine.java:stopDaemon(395)) - Ozone container server stopped.
2019-11-05 08:34:44,740 [ForkJoinPool.commonPool-worker-0] INFO  handler.ContextHandler (ContextHandler.java:doStop(910)) - Stopped o.e.j.w.WebAppContext@20a967fe{/,null,UNAVAILABLE}{/hddsDatanode}
2019-11-05 08:34:44,740 [main] INFO  handler.ContextHandler (ContextHandler.java:doStop(910)) - Stopped o.e.j.w.WebAppContext@c889805{/,null,UNAVAILABLE}{/hddsDatanode}
2019-11-05 08:34:44,740 [ForkJoinPool.commonPool-worker-0] INFO  server.AbstractConnector (AbstractConnector.java:doStop(318)) - Stopped ServerConnector@405b6d75{HTTP/1.1,[http/1.1]}{0.0.0.0:0}
2019-11-05 08:34:44,753 [main] INFO  server.AbstractConnector (AbstractConnector.java:doStop(318)) - Stopped ServerConnector@77db3d02{HTTP/1.1,[http/1.1]}{0.0.0.0:0}
2019-11-05 08:34:44,753 [ForkJoinPool.commonPool-worker-0] INFO  handler.ContextHandler (ContextHandler.java:doStop(910)) - Stopped o.e.j.s.ServletContextHandler@3d24420b{/static,jar:file:/home/user/.m2/repository/org/apache/hadoop/hadoop-hdds-container-service/0.5.0-SNAPSHOT/hadoop-hdds-container-service-0.5.0-SNAPSHOT.jar!/webapps/static,UNAVAILABLE}
2019-11-05 08:34:44,754 [main] INFO  handler.ContextHandler (ContextHandler.java:doStop(910)) - Stopped o.e.j.s.ServletContextHandler@64da6cbd{/static,jar:file:/home/user/.m2/repository/org/apache/hadoop/hadoop-hdds-container-service/0.5.0-SNAPSHOT/hadoop-hdds-container-service-0.5.0-SNAPSHOT.jar!/webapps/static,UNAVAILABLE}
2019-11-05 08:34:44,754 [ForkJoinPool.commonPool-worker-0] INFO  handler.ContextHandler (ContextHandler.java:doStop(910)) - Stopped o.e.j.s.ServletContextHandler@2e13f304{/logs,file:///workdir/hadoop-ozone/integration-test/target/log,UNAVAILABLE}
2019-11-05 08:34:44,754 [main] INFO  handler.ContextHandler (ContextHandler.java:doStop(910)) - Stopped o.e.j.s.ServletContextHandler@5261ec9{/logs,file:///workdir/hadoop-ozone/integration-test/target/log,UNAVAILABLE}
2019-11-05 08:34:44,967 [Datanode State Machine Thread - 0] INFO  statemachine.DatanodeStateMachine (DatanodeStateMachine.java:lambda$startDaemon$0(350)) - Ozone container server started.
2019-11-05 08:34:45,006 [java.util.concurrent.ThreadPoolExecutor$Worker@7a1c356f[State = -1, empty queue]] WARN  server.GrpcLogAppender (GrpcLogAppender.java:timeoutAppendRequest(209)) - fae5ccd0-edd9-4644-8d4e-9d507f6169bd@group-96AF9F8BC25D->5d271ba9-e0f4-40ff-b9fc-f90f33adc13b-GrpcLogAppender: appendEntries Timeout, request=fae5ccd0-edd9-4644-8d4e-9d507f6169bd->5d271ba9-e0f4-40ff-b9fc-f90f33adc13b#43-t4, previous=(t:4, i:4), leaderCommit=4, initializing? false, entries: <empty>
2019-11-05 08:34:45,507 [java.util.concurrent.ThreadPoolExecutor$Worker@7a1c356f[State = -1, empty queue]] WARN  server.GrpcLogAppender (GrpcLogAppender.java:timeoutAppendRequest(209)) - fae5ccd0-edd9-4644-8d4e-9d507f6169bd@group-96AF9F8BC25D->5d271ba9-e0f4-40ff-b9fc-f90f33adc13b-GrpcLogAppender: appendEntries Timeout, request=fae5ccd0-edd9-4644-8d4e-9d507f6169bd->5d271ba9-e0f4-40ff-b9fc-f90f33adc13b#44-t4, previous=(t:4, i:4), leaderCommit=4, initializing? false, entries: <empty>
2019-11-05 08:34:45,694 [Datanode State Machine Thread - 0] INFO  statemachine.DatanodeStateMachine (DatanodeStateMachine.java:lambda$startDaemon$0(350)) - Ozone container server started.
2019-11-05 08:34:46,007 [java.util.concurrent.ThreadPoolExecutor$Worker@7a1c356f[State = -1, empty queue]] WARN  server.GrpcLogAppender (GrpcLogAppender.java:timeoutAppendRequest(209)) - fae5ccd0-edd9-4644-8d4e-9d507f6169bd@group-96AF9F8BC25D->5d271ba9-e0f4-40ff-b9fc-f90f33adc13b-GrpcLogAppender: appendEntries Timeout, request=fae5ccd0-edd9-4644-8d4e-9d507f6169bd->5d271ba9-e0f4-40ff-b9fc-f90f33adc13b#45-t4, previous=(t:4, i:4), leaderCommit=4, initializing? false, entries: <empty>
2019-11-05 08:34:46,508 [java.util.concurrent.ThreadPoolExecutor$Worker@7a1c356f[State = -1, empty queue]] WARN  server.GrpcLogAppender (GrpcLogAppender.java:timeoutAppendRequest(209)) - fae5ccd0-edd9-4644-8d4e-9d507f6169bd@group-96AF9F8BC25D->5d271ba9-e0f4-40ff-b9fc-f90f33adc13b-GrpcLogAppender: appendEntries Timeout, request=fae5ccd0-edd9-4644-8d4e-9d507f6169bd->5d271ba9-e0f4-40ff-b9fc-f90f33adc13b#46-t4, previous=(t:4, i:4), leaderCommit=4, initializing? false, entries: <empty>
2019-11-05 08:34:47,008 [java.util.concurrent.ThreadPoolExecutor$Worker@7a1c356f[State = -1, empty queue]] WARN  server.GrpcLogAppender (GrpcLogAppender.java:timeoutAppendRequest(209)) - fae5ccd0-edd9-4644-8d4e-9d507f6169bd@group-96AF9F8BC25D->5d271ba9-e0f4-40ff-b9fc-f90f33adc13b-GrpcLogAppender: appendEntries Timeout, request=fae5ccd0-edd9-4644-8d4e-9d507f6169bd->5d271ba9-e0f4-40ff-b9fc-f90f33adc13b#47-t4, previous=(t:4, i:4), leaderCommit=4, initializing? false, entries: <empty>
2019-11-05 08:34:47,509 [java.util.concurrent.ThreadPoolExecutor$Worker@7a1c356f[State = -1, empty queue]] WARN  server.GrpcLogAppender (GrpcLogAppender.java:timeoutAppendRequest(209)) - fae5ccd0-edd9-4644-8d4e-9d507f6169bd@group-96AF9F8BC25D->5d271ba9-e0f4-40ff-b9fc-f90f33adc13b-GrpcLogAppender: appendEntries Timeout, request=fae5ccd0-edd9-4644-8d4e-9d507f6169bd->5d271ba9-e0f4-40ff-b9fc-f90f33adc13b#48-t4, previous=(t:4, i:4), leaderCommit=4, initializing? false, entries: <empty>
2019-11-05 08:34:48,009 [java.util.concurrent.ThreadPoolExecutor$Worker@7a1c356f[State = -1, empty queue]] WARN  server.GrpcLogAppender (GrpcLogAppender.java:timeoutAppendRequest(209)) - fae5ccd0-edd9-4644-8d4e-9d507f6169bd@group-96AF9F8BC25D->5d271ba9-e0f4-40ff-b9fc-f90f33adc13b-GrpcLogAppender: appendEntries Timeout, request=fae5ccd0-edd9-4644-8d4e-9d507f6169bd->5d271ba9-e0f4-40ff-b9fc-f90f33adc13b#49-t4, previous=(t:4, i:4), leaderCommit=4, initializing? false, entries: <empty>
2019-11-05 08:34:48,510 [java.util.concurrent.ThreadPoolExecutor$Worker@7a1c356f[State = -1, empty queue]] WARN  server.GrpcLogAppender (GrpcLogAppender.java:timeoutAppendRequest(209)) - fae5ccd0-edd9-4644-8d4e-9d507f6169bd@group-96AF9F8BC25D->5d271ba9-e0f4-40ff-b9fc-f90f33adc13b-GrpcLogAppender: appendEntries Timeout, request=fae5ccd0-edd9-4644-8d4e-9d507f6169bd->5d271ba9-e0f4-40ff-b9fc-f90f33adc13b#50-t4, previous=(t:4, i:4), leaderCommit=4, initializing? false, entries: <empty>
2019-11-05 08:34:49,010 [java.util.concurrent.ThreadPoolExecutor$Worker@7a1c356f[State = -1, empty queue]] WARN  server.GrpcLogAppender (GrpcLogAppender.java:timeoutAppendRequest(209)) - fae5ccd0-edd9-4644-8d4e-9d507f6169bd@group-96AF9F8BC25D->5d271ba9-e0f4-40ff-b9fc-f90f33adc13b-GrpcLogAppender: appendEntries Timeout, request=fae5ccd0-edd9-4644-8d4e-9d507f6169bd->5d271ba9-e0f4-40ff-b9fc-f90f33adc13b#51-t4, previous=(t:4, i:4), leaderCommit=4, initializing? false, entries: <empty>
2019-11-05 08:34:49,510 [java.util.concurrent.ThreadPoolExecutor$Worker@7a1c356f[State = -1, empty queue]] WARN  server.GrpcLogAppender (GrpcLogAppender.java:timeoutAppendRequest(209)) - fae5ccd0-edd9-4644-8d4e-9d507f6169bd@group-96AF9F8BC25D->5d271ba9-e0f4-40ff-b9fc-f90f33adc13b-GrpcLogAppender: appendEntries Timeout, request=fae5ccd0-edd9-4644-8d4e-9d507f6169bd->5d271ba9-e0f4-40ff-b9fc-f90f33adc13b#52-t4, previous=(t:4, i:4), leaderCommit=4, initializing? false, entries: <empty>
2019-11-05 08:34:49,757 [main] INFO  ozoneimpl.OzoneContainer (OzoneContainer.java:stop(227)) - Attempting to stop container services.
2019-11-05 08:34:49,757 [ForkJoinPool.commonPool-worker-0] INFO  ozoneimpl.OzoneContainer (OzoneContainer.java:stop(227)) - Attempting to stop container services.
2019-11-05 08:34:49,757 [main] INFO  impl.RaftServerProxy (RaftServerProxy.java:lambda$close$4(314)) - 2f0028df-de82-48c4-92fd-bfd4b7dbba36: close
2019-11-05 08:34:49,758 [ForkJoinPool.commonPool-worker-0] INFO  impl.RaftServerProxy (RaftServerProxy.java:lambda$close$4(314)) - b3c4603b-a140-4f81-8843-cb94f3bca924: close
2019-11-05 08:34:49,760 [main] INFO  impl.RaftServerImpl (RaftServerImpl.java:lambda$shutdown$3(261)) - 2f0028df-de82-48c4-92fd-bfd4b7dbba36@group-D888EF4A044B: shutdown
2019-11-05 08:34:49,761 [ForkJoinPool.commonPool-worker-0] INFO  impl.RaftServerImpl (RaftServerImpl.java:lambda$shutdown$3(261)) - b3c4603b-a140-4f81-8843-cb94f3bca924@group-785EB621D8C9: shutdown
2019-11-05 08:34:49,761 [main] INFO  util.JmxRegister (JmxRegister.java:unregister(73)) - Successfully un-registered JMX Bean with object name Ratis:service=RaftServer,group=group-D888EF4A044B,id=2f0028df-de82-48c4-92fd-bfd4b7dbba36
2019-11-05 08:34:49,761 [ForkJoinPool.commonPool-worker-0] INFO  util.JmxRegister (JmxRegister.java:unregister(73)) - Successfully un-registered JMX Bean with object name Ratis:service=RaftServer,group=group-785EB621D8C9,id=b3c4603b-a140-4f81-8843-cb94f3bca924
2019-11-05 08:34:49,761 [main] INFO  impl.RoleInfo (RoleInfo.java:shutdownLeaderState(104)) - 2f0028df-de82-48c4-92fd-bfd4b7dbba36: shutdown LeaderState
2019-11-05 08:34:49,762 [ForkJoinPool.commonPool-worker-0] INFO  impl.RoleInfo (RoleInfo.java:shutdownLeaderState(104)) - b3c4603b-a140-4f81-8843-cb94f3bca924: shutdown LeaderState
2019-11-05 08:34:49,762 [main] INFO  impl.PendingRequests (PendingRequests.java:sendNotLeaderResponses(202)) - 2f0028df-de82-48c4-92fd-bfd4b7dbba36@group-D888EF4A044B-PendingRequests: sendNotLeaderResponses
2019-11-05 08:34:49,772 [org.apache.ratis.server.impl.LogAppender$AppenderDaemon$$Lambda$464/348072330@db7178e] WARN  server.GrpcLogAppender (GrpcLogAppender.java:mayWait(149)) - b3c4603b-a140-4f81-8843-cb94f3bca924@group-785EB621D8C9->ce6aaef5-0e62-4cca-9483-e7266dc5c7be-GrpcLogAppender: Wait interrupted by java.lang.InterruptedException
2019-11-05 08:34:49,772 [org.apache.ratis.server.impl.LogAppender$AppenderDaemon$$Lambda$464/348072330@3cf0da3e] WARN  server.GrpcLogAppender (GrpcLogAppender.java:mayWait(149)) - b3c4603b-a140-4f81-8843-cb94f3bca924@group-785EB621D8C9->6e52354a-8f39-4a00-bced-911c77341e64-GrpcLogAppender: Wait interrupted by java.lang.InterruptedException
2019-11-05 08:34:49,772 [ForkJoinPool.commonPool-worker-0] INFO  impl.PendingRequests (PendingRequests.java:sendNotLeaderResponses(202)) - b3c4603b-a140-4f81-8843-cb94f3bca924@group-785EB621D8C9-PendingRequests: sendNotLeaderResponses
2019-11-05 08:34:49,772 [main] INFO  impl.StateMachineUpdater (StateMachineUpdater.java:stopAndJoin(136)) - 2f0028df-de82-48c4-92fd-bfd4b7dbba36@group-D888EF4A044B-StateMachineUpdater: set stopIndex = 0
2019-11-05 08:34:49,776 [ForkJoinPool.commonPool-worker-0] INFO  impl.StateMachineUpdater (StateMachineUpdater.java:stopAndJoin(136)) - b3c4603b-a140-4f81-8843-cb94f3bca924@group-785EB621D8C9-StateMachineUpdater: set stopIndex = 6
2019-11-05 08:34:49,773 [grpc-default-executor-17] INFO  server.GrpcServerProtocolService (GrpcServerProtocolService.java:onCompleted(113)) - ce6aaef5-0e62-4cca-9483-e7266dc5c7be: Completed APPEND_ENTRIES, lastRequest: b3c4603b-a140-4f81-8843-cb94f3bca924->ce6aaef5-0e62-4cca-9483-e7266dc5c7be#59-t2, previous=(t:2, i:6), leaderCommit=6, initializing? false, entries: <empty>
2019-11-05 08:34:49,773 [grpc-default-executor-13] INFO  server.GrpcServerProtocolService (GrpcServerProtocolService.java:onCompleted(113)) - 6e52354a-8f39-4a00-bced-911c77341e64: Completed APPEND_ENTRIES, lastRequest: b3c4603b-a140-4f81-8843-cb94f3bca924->6e52354a-8f39-4a00-bced-911c77341e64#59-t2, previous=(t:2, i:6), leaderCommit=6, initializing? false, entries: <empty>
2019-11-05 08:34:49,776 [b3c4603b-a140-4f81-8843-cb94f3bca924@group-785EB621D8C9-StateMachineUpdater] INFO  ratis.ContainerStateMachine (ContainerStateMachine.java:takeSnapshot(294)) - group-785EB621D8C9: Taking a snapshot at:(t:2, i:6) file /workdir/hadoop-ozone/integration-test/target/test-dir/MiniOzoneClusterImpl-c1ac3406-7bea-4748-bbf9-a747646a8bff/datanode-4/data/ratis/6b6e8d20-8dea-4881-a1f5-785eb621d8c9/sm/snapshot.2_6
2019-11-05 08:34:49,776 [main] INFO  impl.RaftServerImpl (ServerState.java:close(388)) - 2f0028df-de82-48c4-92fd-bfd4b7dbba36@group-D888EF4A044B: closes. applyIndex: 0
2019-11-05 08:34:49,777 [grpc-default-executor-16] INFO  server.GrpcLogAppender (GrpcLogAppender.java:onCompleted(308)) - b3c4603b-a140-4f81-8843-cb94f3bca924@group-785EB621D8C9->6e52354a-8f39-4a00-bced-911c77341e64-AppendLogResponseHandler: follower responses appendEntries COMPLETED
2019-11-05 08:34:49,777 [grpc-default-executor-10] INFO  server.GrpcLogAppender (GrpcLogAppender.java:onCompleted(308)) - b3c4603b-a140-4f81-8843-cb94f3bca924@group-785EB621D8C9->ce6aaef5-0e62-4cca-9483-e7266dc5c7be-AppendLogResponseHandler: follower responses appendEntries COMPLETED
2019-11-05 08:34:49,777 [2f0028df-de82-48c4-92fd-bfd4b7dbba36@group-D888EF4A044B-SegmentedRaftLogWorker] INFO  segmented.SegmentedRaftLogWorker (SegmentedRaftLogWorker.java:run(316)) - 2f0028df-de82-48c4-92fd-bfd4b7dbba36@group-D888EF4A044B-SegmentedRaftLogWorker was interrupted, exiting. There are 0 tasks remaining in the queue.
2019-11-05 08:34:49,780 [grpc-default-executor-16] INFO  impl.FollowerInfo (FollowerInfo.java:lambda$new$0(51)) - b3c4603b-a140-4f81-8843-cb94f3bca924@group-785EB621D8C9->6e52354a-8f39-4a00-bced-911c77341e64: nextIndex: updateUnconditionally 7 -> 6
2019-11-05 08:34:49,781 [grpc-default-executor-10] INFO  impl.FollowerInfo (FollowerInfo.java:lambda$new$0(51)) - b3c4603b-a140-4f81-8843-cb94f3bca924@group-785EB621D8C9->ce6aaef5-0e62-4cca-9483-e7266dc5c7be: nextIndex: updateUnconditionally 7 -> 6
2019-11-05 08:34:49,789 [main] INFO  segmented.SegmentedRaftLogWorker (SegmentedRaftLogWorker.java:close(224)) - 2f0028df-de82-48c4-92fd-bfd4b7dbba36@group-D888EF4A044B-SegmentedRaftLogWorker close()
2019-11-05 08:34:49,790 [b3c4603b-a140-4f81-8843-cb94f3bca924@group-785EB621D8C9-StateMachineUpdater] INFO  ratis.ContainerStateMachine (ContainerStateMachine.java:takeSnapshot(305)) - group-785EB621D8C9: Finished taking a snapshot at:(t:2, i:6) file:/workdir/hadoop-ozone/integration-test/target/test-dir/MiniOzoneClusterImpl-c1ac3406-7bea-4748-bbf9-a747646a8bff/datanode-4/data/ratis/6b6e8d20-8dea-4881-a1f5-785eb621d8c9/sm/snapshot.2_6 time:15
2019-11-05 08:34:49,791 [main] INFO  server.GrpcService (GrpcService.java:closeImpl(164)) - 2f0028df-de82-48c4-92fd-bfd4b7dbba36: shutdown server with port 39697 now
2019-11-05 08:34:49,791 [b3c4603b-a140-4f81-8843-cb94f3bca924@group-785EB621D8C9-StateMachineUpdater] INFO  impl.StateMachineUpdater (StateMachineUpdater.java:takeSnapshot(269)) - b3c4603b-a140-4f81-8843-cb94f3bca924@group-785EB621D8C9-StateMachineUpdater: Took a snapshot at index 6
2019-11-05 08:34:49,791 [b3c4603b-a140-4f81-8843-cb94f3bca924@group-785EB621D8C9-StateMachineUpdater] INFO  impl.StateMachineUpdater (StateMachineUpdater.java:lambda$new$0(84)) - b3c4603b-a140-4f81-8843-cb94f3bca924@group-785EB621D8C9-StateMachineUpdater: snapshotIndex: updateIncreasingly -1 -> 6
2019-11-05 08:34:49,791 [main] INFO  server.GrpcService (GrpcService.java:closeImpl(172)) - 2f0028df-de82-48c4-92fd-bfd4b7dbba36: shutdown server with port 39697 successfully
2019-11-05 08:34:49,791 [ForkJoinPool.commonPool-worker-0] INFO  impl.RaftServerImpl (ServerState.java:close(388)) - b3c4603b-a140-4f81-8843-cb94f3bca924@group-785EB621D8C9: closes. applyIndex: 6
2019-11-05 08:34:49,792 [b3c4603b-a140-4f81-8843-cb94f3bca924@group-785EB621D8C9-SegmentedRaftLogWorker] INFO  segmented.SegmentedRaftLogWorker (SegmentedRaftLogWorker.java:run(316)) - b3c4603b-a140-4f81-8843-cb94f3bca924@group-785EB621D8C9-SegmentedRaftLogWorker was interrupted, exiting. There are 0 tasks remaining in the queue.
2019-11-05 08:34:49,794 [ForkJoinPool.commonPool-worker-0] INFO  segmented.SegmentedRaftLogWorker (SegmentedRaftLogWorker.java:close(224)) - b3c4603b-a140-4f81-8843-cb94f3bca924@group-785EB621D8C9-SegmentedRaftLogWorker close()
2019-11-05 08:34:49,795 [ForkJoinPool.commonPool-worker-0] INFO  impl.RaftServerImpl (RaftServerImpl.java:lambda$shutdown$3(261)) - b3c4603b-a140-4f81-8843-cb94f3bca924@group-D41A30110402: shutdown
2019-11-05 08:34:49,795 [ForkJoinPool.commonPool-worker-0] INFO  util.JmxRegister (JmxRegister.java:unregister(73)) - Successfully un-registered JMX Bean with object name Ratis:service=RaftServer,group=group-D41A30110402,id=b3c4603b-a140-4f81-8843-cb94f3bca924
2019-11-05 08:34:49,796 [ForkJoinPool.commonPool-worker-0] INFO  impl.RoleInfo (RoleInfo.java:shutdownLeaderState(104)) - b3c4603b-a140-4f81-8843-cb94f3bca924: shutdown LeaderState
2019-11-05 08:34:49,796 [ForkJoinPool.commonPool-worker-0] INFO  impl.PendingRequests (PendingRequests.java:sendNotLeaderResponses(202)) - b3c4603b-a140-4f81-8843-cb94f3bca924@group-D41A30110402-PendingRequests: sendNotLeaderResponses
2019-11-05 08:34:49,796 [ForkJoinPool.commonPool-worker-0] INFO  impl.StateMachineUpdater (StateMachineUpdater.java:stopAndJoin(136)) - b3c4603b-a140-4f81-8843-cb94f3bca924@group-D41A30110402-StateMachineUpdater: set stopIndex = 0
2019-11-05 08:34:49,797 [ForkJoinPool.commonPool-worker-0] INFO  impl.RaftServerImpl (ServerState.java:close(388)) - b3c4603b-a140-4f81-8843-cb94f3bca924@group-D41A30110402: closes. applyIndex: 0
2019-11-05 08:34:49,797 [b3c4603b-a140-4f81-8843-cb94f3bca924@group-D41A30110402-SegmentedRaftLogWorker] INFO  segmented.SegmentedRaftLogWorker (SegmentedRaftLogWorker.java:run(316)) - b3c4603b-a140-4f81-8843-cb94f3bca924@group-D41A30110402-SegmentedRaftLogWorker was interrupted, exiting. There are 0 tasks remaining in the queue.
2019-11-05 08:34:49,804 [ForkJoinPool.commonPool-worker-0] INFO  segmented.SegmentedRaftLogWorker (SegmentedRaftLogWorker.java:close(224)) - b3c4603b-a140-4f81-8843-cb94f3bca924@group-D41A30110402-SegmentedRaftLogWorker close()
2019-11-05 08:34:49,804 [ForkJoinPool.commonPool-worker-0] INFO  server.GrpcService (GrpcService.java:closeImpl(164)) - b3c4603b-a140-4f81-8843-cb94f3bca924: shutdown server with port 37579 now
2019-11-05 08:34:49,805 [ForkJoinPool.commonPool-worker-0] INFO  server.GrpcService (GrpcService.java:closeImpl(172)) - b3c4603b-a140-4f81-8843-cb94f3bca924: shutdown server with port 37579 successfully
2019-11-05 08:34:49,806 [refreshUsed-/workdir/hadoop-ozone/integration-test/target/test-dir/MiniOzoneClusterImpl-c1ac3406-7bea-4748-bbf9-a747646a8bff/datanode-8/data/containers] WARN  fs.CachingGetSpaceUsed (CachingGetSpaceUsed.java:run(183)) - Thread Interrupted waiting to refresh disk information: sleep interrupted
2019-11-05 08:34:49,813 [refreshUsed-/workdir/hadoop-ozone/integration-test/target/test-dir/MiniOzoneClusterImpl-c1ac3406-7bea-4748-bbf9-a747646a8bff/datanode-4/data/containers] WARN  fs.CachingGetSpaceUsed (CachingGetSpaceUsed.java:run(183)) - Thread Interrupted waiting to refresh disk information: sleep interrupted
2019-11-05 08:34:49,824 [ForkJoinPool.commonPool-worker-0] INFO  utils.BackgroundService (BackgroundService.java:shutdown(151)) - Shutting down service BlockDeletingService
2019-11-05 08:34:49,829 [ForkJoinPool.commonPool-worker-0] INFO  statemachine.DatanodeStateMachine (DatanodeStateMachine.java:stopDaemon(395)) - Ozone container server stopped.
2019-11-05 08:34:49,832 [ForkJoinPool.commonPool-worker-0] INFO  handler.ContextHandler (ContextHandler.java:doStop(910)) - Stopped o.e.j.w.WebAppContext@7f9e8421{/,null,UNAVAILABLE}{/hddsDatanode}
2019-11-05 08:34:49,832 [ForkJoinPool.commonPool-worker-0] INFO  server.AbstractConnector (AbstractConnector.java:doStop(318)) - Stopped ServerConnector@23da79eb{HTTP/1.1,[http/1.1]}{0.0.0.0:0}
2019-11-05 08:34:49,832 [ForkJoinPool.commonPool-worker-0] INFO  handler.ContextHandler (ContextHandler.java:doStop(910)) - Stopped o.e.j.s.ServletContextHandler@af7e376{/static,jar:file:/home/user/.m2/repository/org/apache/hadoop/hadoop-hdds-container-service/0.5.0-SNAPSHOT/hadoop-hdds-container-service-0.5.0-SNAPSHOT.jar!/webapps/static,UNAVAILABLE}
2019-11-05 08:34:49,833 [ForkJoinPool.commonPool-worker-0] INFO  handler.ContextHandler (ContextHandler.java:doStop(910)) - Stopped o.e.j.s.ServletContextHandler@427a12b6{/logs,file:///workdir/hadoop-ozone/integration-test/target/log,UNAVAILABLE}
2019-11-05 08:34:49,834 [main] INFO  utils.BackgroundService (BackgroundService.java:shutdown(151)) - Shutting down service BlockDeletingService
2019-11-05 08:34:49,838 [main] INFO  statemachine.DatanodeStateMachine (DatanodeStateMachine.java:stopDaemon(395)) - Ozone container server stopped.
2019-11-05 08:34:49,839 [main] INFO  handler.ContextHandler (ContextHandler.java:doStop(910)) - Stopped o.e.j.w.WebAppContext@5489b1f7{/,null,UNAVAILABLE}{/hddsDatanode}
2019-11-05 08:34:49,840 [main] INFO  server.AbstractConnector (AbstractConnector.java:doStop(318)) - Stopped ServerConnector@4faf104{HTTP/1.1,[http/1.1]}{0.0.0.0:0}
2019-11-05 08:34:49,840 [main] INFO  handler.ContextHandler (ContextHandler.java:doStop(910)) - Stopped o.e.j.s.ServletContextHandler@54b2fc58{/static,jar:file:/home/user/.m2/repository/org/apache/hadoop/hadoop-hdds-container-service/0.5.0-SNAPSHOT/hadoop-hdds-container-service-0.5.0-SNAPSHOT.jar!/webapps/static,UNAVAILABLE}
2019-11-05 08:34:49,840 [main] INFO  handler.ContextHandler (ContextHandler.java:doStop(910)) - Stopped o.e.j.s.ServletContextHandler@158e9f6e{/logs,file:///workdir/hadoop-ozone/integration-test/target/log,UNAVAILABLE}
2019-11-05 08:34:50,011 [java.util.concurrent.ThreadPoolExecutor$Worker@7a1c356f[State = -1, empty queue]] WARN  server.GrpcLogAppender (GrpcLogAppender.java:timeoutAppendRequest(209)) - fae5ccd0-edd9-4644-8d4e-9d507f6169bd@group-96AF9F8BC25D->5d271ba9-e0f4-40ff-b9fc-f90f33adc13b-GrpcLogAppender: appendEntries Timeout, request=fae5ccd0-edd9-4644-8d4e-9d507f6169bd->5d271ba9-e0f4-40ff-b9fc-f90f33adc13b#53-t4, previous=(t:4, i:4), leaderCommit=4, initializing? false, entries: <empty>
2019-11-05 08:34:50,431 [Datanode State Machine Thread - 0] INFO  statemachine.DatanodeStateMachine (DatanodeStateMachine.java:lambda$startDaemon$0(350)) - Ozone container server started.
2019-11-05 08:34:50,511 [java.util.concurrent.ThreadPoolExecutor$Worker@7a1c356f[State = -1, empty queue]] WARN  server.GrpcLogAppender (GrpcLogAppender.java:timeoutAppendRequest(209)) - fae5ccd0-edd9-4644-8d4e-9d507f6169bd@group-96AF9F8BC25D->5d271ba9-e0f4-40ff-b9fc-f90f33adc13b-GrpcLogAppender: appendEntries Timeout, request=fae5ccd0-edd9-4644-8d4e-9d507f6169bd->5d271ba9-e0f4-40ff-b9fc-f90f33adc13b#54-t4, previous=(t:4, i:4), leaderCommit=4, initializing? false, entries: <empty>
2019-11-05 08:34:50,706 [Datanode State Machine Thread - 0] INFO  statemachine.DatanodeStateMachine (DatanodeStateMachine.java:lambda$startDaemon$0(350)) - Ozone container server started.
2019-11-05 08:34:51,011 [java.util.concurrent.ThreadPoolExecutor$Worker@7a1c356f[State = -1, empty queue]] WARN  server.GrpcLogAppender (GrpcLogAppender.java:timeoutAppendRequest(209)) - fae5ccd0-edd9-4644-8d4e-9d507f6169bd@group-96AF9F8BC25D->5d271ba9-e0f4-40ff-b9fc-f90f33adc13b-GrpcLogAppender: appendEntries Timeout, request=fae5ccd0-edd9-4644-8d4e-9d507f6169bd->5d271ba9-e0f4-40ff-b9fc-f90f33adc13b#55-t4, previous=(t:4, i:4), leaderCommit=4, initializing? false, entries: <empty>
2019-11-05 08:34:51,292 [Thread-3488] INFO  impl.FollowerState (FollowerState.java:run(108)) - 6e52354a-8f39-4a00-bced-911c77341e64@group-785EB621D8C9-FollowerState: change to CANDIDATE, lastRpcTime:2002ms, electionTimeout:1061ms
2019-11-05 08:34:51,292 [Thread-3488] INFO  impl.RoleInfo (RoleInfo.java:shutdownFollowerState(121)) - 6e52354a-8f39-4a00-bced-911c77341e64: shutdown FollowerState
2019-11-05 08:34:51,292 [Thread-3488] INFO  impl.RaftServerImpl (RaftServerImpl.java:setRole(184)) - 6e52354a-8f39-4a00-bced-911c77341e64@group-785EB621D8C9: changes role from  FOLLOWER to CANDIDATE at term 2 for changeToCandidate
2019-11-05 08:34:51,292 [Thread-3488] INFO  impl.RoleInfo (RoleInfo.java:updateAndGet(143)) - 6e52354a-8f39-4a00-bced-911c77341e64: start LeaderElection
2019-11-05 08:34:51,293 [6e52354a-8f39-4a00-bced-911c77341e64@group-785EB621D8C9-LeaderElection586] INFO  impl.RaftServerImpl (ServerState.java:setLeader(256)) - 6e52354a-8f39-4a00-bced-911c77341e64@group-785EB621D8C9: change Leader from b3c4603b-a140-4f81-8843-cb94f3bca924 to null at term 2 for initElection
2019-11-05 08:34:51,319 [6e52354a-8f39-4a00-bced-911c77341e64@group-785EB621D8C9-LeaderElection586] INFO  impl.LeaderElection (LeaderElection.java:askForVotes(178)) - 6e52354a-8f39-4a00-bced-911c77341e64@group-785EB621D8C9-LeaderElection586: begin an election at term 3 for 0: [b3c4603b-a140-4f81-8843-cb94f3bca924:192.168.164.217:37579, ce6aaef5-0e62-4cca-9483-e7266dc5c7be:192.168.164.217:42881, 6e52354a-8f39-4a00-bced-911c77341e64:192.168.164.217:42407], old=null
2019-11-05 08:34:51,321 [grpc-default-executor-10] INFO  impl.RaftServerImpl (ServerState.java:setLeader(256)) - ce6aaef5-0e62-4cca-9483-e7266dc5c7be@group-785EB621D8C9: change Leader from b3c4603b-a140-4f81-8843-cb94f3bca924 to null at term 3 for updateCurrentTerm
2019-11-05 08:34:51,321 [grpc-default-executor-10] INFO  impl.RaftServerImpl (RaftServerImpl.java:setRole(184)) - ce6aaef5-0e62-4cca-9483-e7266dc5c7be@group-785EB621D8C9: changes role from  FOLLOWER to FOLLOWER at term 3 for recognizeCandidate:6e52354a-8f39-4a00-bced-911c77341e64
2019-11-05 08:34:51,321 [grpc-default-executor-10] INFO  impl.RoleInfo (RoleInfo.java:shutdownFollowerState(121)) - ce6aaef5-0e62-4cca-9483-e7266dc5c7be: shutdown FollowerState
2019-11-05 08:34:51,322 [grpc-default-executor-10] INFO  impl.RoleInfo (RoleInfo.java:updateAndGet(143)) - ce6aaef5-0e62-4cca-9483-e7266dc5c7be: start FollowerState
2019-11-05 08:34:51,322 [Thread-3490] INFO  impl.FollowerState (FollowerState.java:run(117)) - ce6aaef5-0e62-4cca-9483-e7266dc5c7be@group-785EB621D8C9-FollowerState was interrupted: java.lang.InterruptedException: sleep interrupted
2019-11-05 08:34:51,322 [6e52354a-8f39-4a00-bced-911c77341e64@group-785EB621D8C9-LeaderElection586] INFO  impl.LeaderElection (LogUtils.java:infoOrTrace(149)) - 6e52354a-8f39-4a00-bced-911c77341e64@group-785EB621D8C9-LeaderElection586 got exception when requesting votes: {}
java.util.concurrent.ExecutionException: org.apache.ratis.thirdparty.io.grpc.StatusRuntimeException: UNAVAILABLE: io exception
	at java.util.concurrent.FutureTask.report(FutureTask.java:122)
	at java.util.concurrent.FutureTask.get(FutureTask.java:192)
	at org.apache.ratis.server.impl.LeaderElection.waitForResults(LeaderElection.java:259)
	at org.apache.ratis.server.impl.LeaderElection.askForVotes(LeaderElection.java:197)
	at org.apache.ratis.server.impl.LeaderElection.run(LeaderElection.java:133)
	at java.lang.Thread.run(Thread.java:748)
Caused by: org.apache.ratis.thirdparty.io.grpc.StatusRuntimeException: UNAVAILABLE: io exception
	at org.apache.ratis.thirdparty.io.grpc.stub.ClientCalls.toStatusRuntimeException(ClientCalls.java:233)
	at org.apache.ratis.thirdparty.io.grpc.stub.ClientCalls.getUnchecked(ClientCalls.java:214)
	at org.apache.ratis.thirdparty.io.grpc.stub.ClientCalls.blockingUnaryCall(ClientCalls.java:139)
	at org.apache.ratis.proto.grpc.RaftServerProtocolServiceGrpc$RaftServerProtocolServiceBlockingStub.requestVote(RaftServerProtocolServiceGrpc.java:265)
	at org.apache.ratis.grpc.server.GrpcServerProtocolClient.requestVote(GrpcServerProtocolClient.java:99)
	at org.apache.ratis.grpc.server.GrpcService.requestVote(GrpcService.java:204)
	at org.apache.ratis.server.impl.LeaderElection.lambda$submitRequests$1(LeaderElection.java:234)
	at java.util.concurrent.FutureTask.run(FutureTask.java:266)
	at java.util.concurrent.Executors$RunnableAdapter.call(Executors.java:511)
	at java.util.concurrent.FutureTask.run(FutureTask.java:266)
	at java.util.concurrent.ThreadPoolExecutor.runWorker(ThreadPoolExecutor.java:1149)
	at java.util.concurrent.ThreadPoolExecutor$Worker.run(ThreadPoolExecutor.java:624)
	... 1 more
Caused by: org.apache.ratis.thirdparty.io.netty.channel.AbstractChannel$AnnotatedConnectException: Connection refused: /192.168.164.217:37579
	at sun.nio.ch.SocketChannelImpl.checkConnect(Native Method)
	at sun.nio.ch.SocketChannelImpl.finishConnect(SocketChannelImpl.java:717)
	at org.apache.ratis.thirdparty.io.netty.channel.socket.nio.NioSocketChannel.doFinishConnect(NioSocketChannel.java:327)
	at org.apache.ratis.thirdparty.io.netty.channel.nio.AbstractNioChannel$AbstractNioUnsafe.finishConnect(AbstractNioChannel.java:340)
	at org.apache.ratis.thirdparty.io.netty.channel.nio.NioEventLoop.processSelectedKey(NioEventLoop.java:632)
	at org.apache.ratis.thirdparty.io.netty.channel.nio.NioEventLoop.processSelectedKeysOptimized(NioEventLoop.java:579)
	at org.apache.ratis.thirdparty.io.netty.channel.nio.NioEventLoop.processSelectedKeys(NioEventLoop.java:496)
	at org.apache.ratis.thirdparty.io.netty.channel.nio.NioEventLoop.run(NioEventLoop.java:458)
	at org.apache.ratis.thirdparty.io.netty.util.concurrent.SingleThreadEventExecutor$5.run(SingleThreadEventExecutor.java:897)
	at org.apache.ratis.thirdparty.io.netty.util.concurrent.FastThreadLocalRunnable.run(FastThreadLocalRunnable.java:30)
	... 1 more
Caused by: java.net.ConnectException: Connection refused
	... 11 more
2019-11-05 08:34:51,336 [6e52354a-8f39-4a00-bced-911c77341e64@group-785EB621D8C9-LeaderElection586] INFO  impl.LeaderElection (LeaderElection.java:logAndReturn(56)) - 6e52354a-8f39-4a00-bced-911c77341e64@group-785EB621D8C9-LeaderElection586: Election PASSED; received 1 response(s) [6e52354a-8f39-4a00-bced-911c77341e64<-ce6aaef5-0e62-4cca-9483-e7266dc5c7be#0:OK-t3] and 1 exception(s); 6e52354a-8f39-4a00-bced-911c77341e64@group-785EB621D8C9:t3, leader=null, voted=6e52354a-8f39-4a00-bced-911c77341e64, raftlog=6e52354a-8f39-4a00-bced-911c77341e64@group-785EB621D8C9-SegmentedRaftLog:OPENED:c6,f6,i6, conf=0: [b3c4603b-a140-4f81-8843-cb94f3bca924:192.168.164.217:37579, ce6aaef5-0e62-4cca-9483-e7266dc5c7be:192.168.164.217:42881, 6e52354a-8f39-4a00-bced-911c77341e64:192.168.164.217:42407], old=null
2019-11-05 08:34:51,336 [6e52354a-8f39-4a00-bced-911c77341e64@group-785EB621D8C9-LeaderElection586] INFO  impl.LeaderElection (LogUtils.java:infoOrTrace(149)) -   Exception 0: {}
java.util.concurrent.ExecutionException: org.apache.ratis.thirdparty.io.grpc.StatusRuntimeException: UNAVAILABLE: io exception
	at java.util.concurrent.FutureTask.report(FutureTask.java:122)
	at java.util.concurrent.FutureTask.get(FutureTask.java:192)
	at org.apache.ratis.server.impl.LeaderElection.waitForResults(LeaderElection.java:259)
	at org.apache.ratis.server.impl.LeaderElection.askForVotes(LeaderElection.java:197)
	at org.apache.ratis.server.impl.LeaderElection.run(LeaderElection.java:133)
	at java.lang.Thread.run(Thread.java:748)
Caused by: org.apache.ratis.thirdparty.io.grpc.StatusRuntimeException: UNAVAILABLE: io exception
	at org.apache.ratis.thirdparty.io.grpc.stub.ClientCalls.toStatusRuntimeException(ClientCalls.java:233)
	at org.apache.ratis.thirdparty.io.grpc.stub.ClientCalls.getUnchecked(ClientCalls.java:214)
	at org.apache.ratis.thirdparty.io.grpc.stub.ClientCalls.blockingUnaryCall(ClientCalls.java:139)
	at org.apache.ratis.proto.grpc.RaftServerProtocolServiceGrpc$RaftServerProtocolServiceBlockingStub.requestVote(RaftServerProtocolServiceGrpc.java:265)
	at org.apache.ratis.grpc.server.GrpcServerProtocolClient.requestVote(GrpcServerProtocolClient.java:99)
	at org.apache.ratis.grpc.server.GrpcService.requestVote(GrpcService.java:204)
	at org.apache.ratis.server.impl.LeaderElection.lambda$submitRequests$1(LeaderElection.java:234)
	at java.util.concurrent.FutureTask.run(FutureTask.java:266)
	at java.util.concurrent.Executors$RunnableAdapter.call(Executors.java:511)
	at java.util.concurrent.FutureTask.run(FutureTask.java:266)
	at java.util.concurrent.ThreadPoolExecutor.runWorker(ThreadPoolExecutor.java:1149)
	at java.util.concurrent.ThreadPoolExecutor$Worker.run(ThreadPoolExecutor.java:624)
	... 1 more
Caused by: org.apache.ratis.thirdparty.io.netty.channel.AbstractChannel$AnnotatedConnectException: Connection refused: /192.168.164.217:37579
	at sun.nio.ch.SocketChannelImpl.checkConnect(Native Method)
	at sun.nio.ch.SocketChannelImpl.finishConnect(SocketChannelImpl.java:717)
	at org.apache.ratis.thirdparty.io.netty.channel.socket.nio.NioSocketChannel.doFinishConnect(NioSocketChannel.java:327)
	at org.apache.ratis.thirdparty.io.netty.channel.nio.AbstractNioChannel$AbstractNioUnsafe.finishConnect(AbstractNioChannel.java:340)
	at org.apache.ratis.thirdparty.io.netty.channel.nio.NioEventLoop.processSelectedKey(NioEventLoop.java:632)
	at org.apache.ratis.thirdparty.io.netty.channel.nio.NioEventLoop.processSelectedKeysOptimized(NioEventLoop.java:579)
	at org.apache.ratis.thirdparty.io.netty.channel.nio.NioEventLoop.processSelectedKeys(NioEventLoop.java:496)
	at org.apache.ratis.thirdparty.io.netty.channel.nio.NioEventLoop.run(NioEventLoop.java:458)
	at org.apache.ratis.thirdparty.io.netty.util.concurrent.SingleThreadEventExecutor$5.run(SingleThreadEventExecutor.java:897)
	at org.apache.ratis.thirdparty.io.netty.util.concurrent.FastThreadLocalRunnable.run(FastThreadLocalRunnable.java:30)
	... 1 more
Caused by: java.net.ConnectException: Connection refused
	... 11 more
2019-11-05 08:34:51,336 [6e52354a-8f39-4a00-bced-911c77341e64@group-785EB621D8C9-LeaderElection586] INFO  impl.RoleInfo (RoleInfo.java:shutdownLeaderElection(134)) - 6e52354a-8f39-4a00-bced-911c77341e64: shutdown LeaderElection
2019-11-05 08:34:51,336 [6e52354a-8f39-4a00-bced-911c77341e64@group-785EB621D8C9-LeaderElection586] INFO  impl.RaftServerImpl (RaftServerImpl.java:setRole(184)) - 6e52354a-8f39-4a00-bced-911c77341e64@group-785EB621D8C9: changes role from CANDIDATE to LEADER at term 3 for changeToLeader
2019-11-05 08:34:51,336 [6e52354a-8f39-4a00-bced-911c77341e64@group-785EB621D8C9-LeaderElection586] INFO  impl.RaftServerImpl (ServerState.java:setLeader(256)) - 6e52354a-8f39-4a00-bced-911c77341e64@group-785EB621D8C9: change Leader from null to 6e52354a-8f39-4a00-bced-911c77341e64 at term 3 for becomeLeader, leader elected after 43ms
2019-11-05 08:34:51,337 [6e52354a-8f39-4a00-bced-911c77341e64@group-785EB621D8C9-LeaderElection586] INFO  server.RaftServerConfigKeys (ConfUtils.java:logGet(43)) - raft.server.staging.catchup.gap = 1000 (default)
2019-11-05 08:34:51,337 [6e52354a-8f39-4a00-bced-911c77341e64@group-785EB621D8C9-LeaderElection586] INFO  server.RaftServerConfigKeys (ConfUtils.java:logGet(43)) - raft.server.rpc.sleep.time = 25ms (default)
2019-11-05 08:34:51,337 [6e52354a-8f39-4a00-bced-911c77341e64@group-785EB621D8C9-LeaderElection586] INFO  server.RaftServerConfigKeys (ConfUtils.java:logGet(43)) - raft.server.write.element-limit = 4096 (default)
2019-11-05 08:34:51,337 [6e52354a-8f39-4a00-bced-911c77341e64@group-785EB621D8C9-LeaderElection586] INFO  server.RaftServerConfigKeys (ConfUtils.java:logGet(43)) - raft.server.watch.timeout = 10s (default)
2019-11-05 08:34:51,337 [6e52354a-8f39-4a00-bced-911c77341e64@group-785EB621D8C9-LeaderElection586] INFO  server.RaftServerConfigKeys (ConfUtils.java:logGet(43)) - raft.server.watch.timeout.denomination = 1s (default)
2019-11-05 08:34:51,337 [6e52354a-8f39-4a00-bced-911c77341e64@group-785EB621D8C9-LeaderElection586] INFO  server.RaftServerConfigKeys (ConfUtils.java:logGet(43)) - raft.server.watch.element-limit = 65536 (default)
2019-11-05 08:34:51,340 [6e52354a-8f39-4a00-bced-911c77341e64@group-785EB621D8C9-LeaderElection586] INFO  server.RaftServerConfigKeys (ConfUtils.java:logGet(43)) - raft.server.log.appender.snapshot.chunk.size.max = 16MB (=16777216) (default)
2019-11-05 08:34:51,340 [6e52354a-8f39-4a00-bced-911c77341e64@group-785EB621D8C9-LeaderElection586] INFO  server.RaftServerConfigKeys (ConfUtils.java:logGet(43)) - raft.server.log.appender.buffer.byte-limit = 33554432 (custom)
2019-11-05 08:34:51,340 [6e52354a-8f39-4a00-bced-911c77341e64@group-785EB621D8C9-LeaderElection586] INFO  server.RaftServerConfigKeys (ConfUtils.java:logGet(43)) - raft.server.log.appender.buffer.element-limit = 1 (custom)
2019-11-05 08:34:51,340 [6e52354a-8f39-4a00-bced-911c77341e64@group-785EB621D8C9-LeaderElection586] INFO  grpc.GrpcConfigKeys$Server (ConfUtils.java:logGet(43)) - raft.grpc.server.leader.outstanding.appends.max = 128 (default)
2019-11-05 08:34:51,340 [6e52354a-8f39-4a00-bced-911c77341e64@group-785EB621D8C9-LeaderElection586] INFO  server.RaftServerConfigKeys (ConfUtils.java:logGet(43)) - raft.server.rpc.request.timeout = 3000ms (default)
2019-11-05 08:34:51,341 [6e52354a-8f39-4a00-bced-911c77341e64@group-785EB621D8C9-LeaderElection586] INFO  server.RaftServerConfigKeys (ConfUtils.java:logGet(43)) - raft.server.log.appender.install.snapshot.enabled = false (custom)
2019-11-05 08:34:51,342 [6e52354a-8f39-4a00-bced-911c77341e64@group-785EB621D8C9-LeaderElection586] INFO  server.RaftServerConfigKeys (ConfUtils.java:logGet(43)) - raft.server.log.appender.snapshot.chunk.size.max = 16MB (=16777216) (default)
2019-11-05 08:34:51,342 [6e52354a-8f39-4a00-bced-911c77341e64@group-785EB621D8C9-LeaderElection586] INFO  server.RaftServerConfigKeys (ConfUtils.java:logGet(43)) - raft.server.log.appender.buffer.byte-limit = 33554432 (custom)
2019-11-05 08:34:51,342 [6e52354a-8f39-4a00-bced-911c77341e64@group-785EB621D8C9-LeaderElection586] INFO  server.RaftServerConfigKeys (ConfUtils.java:logGet(43)) - raft.server.log.appender.buffer.element-limit = 1 (custom)
2019-11-05 08:34:51,343 [6e52354a-8f39-4a00-bced-911c77341e64@group-785EB621D8C9-LeaderElection586] INFO  grpc.GrpcConfigKeys$Server (ConfUtils.java:logGet(43)) - raft.grpc.server.leader.outstanding.appends.max = 128 (default)
2019-11-05 08:34:51,343 [6e52354a-8f39-4a00-bced-911c77341e64@group-785EB621D8C9-LeaderElection586] INFO  server.RaftServerConfigKeys (ConfUtils.java:logGet(43)) - raft.server.rpc.request.timeout = 3000ms (default)
2019-11-05 08:34:51,343 [6e52354a-8f39-4a00-bced-911c77341e64@group-785EB621D8C9-LeaderElection586] INFO  server.RaftServerConfigKeys (ConfUtils.java:logGet(43)) - raft.server.log.appender.install.snapshot.enabled = false (custom)
2019-11-05 08:34:51,344 [6e52354a-8f39-4a00-bced-911c77341e64@group-785EB621D8C9-LeaderElection586] INFO  impl.RoleInfo (RoleInfo.java:updateAndGet(143)) - 6e52354a-8f39-4a00-bced-911c77341e64: start LeaderState
2019-11-05 08:34:51,345 [6e52354a-8f39-4a00-bced-911c77341e64@group-785EB621D8C9-LeaderElection586] INFO  segmented.SegmentedRaftLogWorker (SegmentedRaftLogWorker.java:rollLogSegment(390)) - 6e52354a-8f39-4a00-bced-911c77341e64@group-785EB621D8C9-SegmentedRaftLogWorker: Rolling segment log-0_6 to index:6
2019-11-05 08:34:51,348 [6e52354a-8f39-4a00-bced-911c77341e64@group-785EB621D8C9-LeaderElection586] INFO  impl.RaftServerImpl (ServerState.java:setRaftConf(357)) - 6e52354a-8f39-4a00-bced-911c77341e64@group-785EB621D8C9: set configuration 7: [b3c4603b-a140-4f81-8843-cb94f3bca924:192.168.164.217:37579, ce6aaef5-0e62-4cca-9483-e7266dc5c7be:192.168.164.217:42881, 6e52354a-8f39-4a00-bced-911c77341e64:192.168.164.217:42407], old=null at 7
2019-11-05 08:34:51,348 [grpc-default-executor-10] WARN  server.GrpcLogAppender (LogUtils.java:warn(134)) - 6e52354a-8f39-4a00-bced-911c77341e64@group-785EB621D8C9->b3c4603b-a140-4f81-8843-cb94f3bca924-AppendLogResponseHandler: Failed appendEntries: org.apache.ratis.thirdparty.io.grpc.StatusRuntimeException: UNAVAILABLE: io exception
2019-11-05 08:34:51,349 [6e52354a-8f39-4a00-bced-911c77341e64@group-785EB621D8C9-SegmentedRaftLogWorker] INFO  segmented.SegmentedRaftLogWorker (SegmentedRaftLogWorker.java:execute(533)) - 6e52354a-8f39-4a00-bced-911c77341e64@group-785EB621D8C9-SegmentedRaftLogWorker: Rolled log segment from /workdir/hadoop-ozone/integration-test/target/test-dir/MiniOzoneClusterImpl-c1ac3406-7bea-4748-bbf9-a747646a8bff/datanode-7/data/ratis/6b6e8d20-8dea-4881-a1f5-785eb621d8c9/current/log_inprogress_0 to /workdir/hadoop-ozone/integration-test/target/test-dir/MiniOzoneClusterImpl-c1ac3406-7bea-4748-bbf9-a747646a8bff/datanode-7/data/ratis/6b6e8d20-8dea-4881-a1f5-785eb621d8c9/current/log_0-6
2019-11-05 08:34:51,349 [grpc-default-executor-16] INFO  impl.RaftServerImpl (ServerState.java:setLeader(256)) - ce6aaef5-0e62-4cca-9483-e7266dc5c7be@group-785EB621D8C9: change Leader from null to 6e52354a-8f39-4a00-bced-911c77341e64 at term 3 for appendEntries, leader elected after 28ms
2019-11-05 08:34:51,352 [grpc-default-executor-10] INFO  impl.RaftServerImpl (ServerState.java:setRaftConf(357)) - ce6aaef5-0e62-4cca-9483-e7266dc5c7be@group-785EB621D8C9: set configuration 7: [b3c4603b-a140-4f81-8843-cb94f3bca924:192.168.164.217:37579, ce6aaef5-0e62-4cca-9483-e7266dc5c7be:192.168.164.217:42881, 6e52354a-8f39-4a00-bced-911c77341e64:192.168.164.217:42407], old=null at 7
2019-11-05 08:34:51,352 [grpc-default-executor-10] INFO  segmented.SegmentedRaftLogWorker (SegmentedRaftLogWorker.java:rollLogSegment(390)) - ce6aaef5-0e62-4cca-9483-e7266dc5c7be@group-785EB621D8C9-SegmentedRaftLogWorker: Rolling segment log-0_6 to index:6
2019-11-05 08:34:51,353 [ce6aaef5-0e62-4cca-9483-e7266dc5c7be@group-785EB621D8C9-SegmentedRaftLogWorker] INFO  segmented.SegmentedRaftLogWorker (SegmentedRaftLogWorker.java:execute(533)) - ce6aaef5-0e62-4cca-9483-e7266dc5c7be@group-785EB621D8C9-SegmentedRaftLogWorker: Rolled log segment from /workdir/hadoop-ozone/integration-test/target/test-dir/MiniOzoneClusterImpl-c1ac3406-7bea-4748-bbf9-a747646a8bff/datanode-9/data/ratis/6b6e8d20-8dea-4881-a1f5-785eb621d8c9/current/log_inprogress_0 to /workdir/hadoop-ozone/integration-test/target/test-dir/MiniOzoneClusterImpl-c1ac3406-7bea-4748-bbf9-a747646a8bff/datanode-9/data/ratis/6b6e8d20-8dea-4881-a1f5-785eb621d8c9/current/log_0-6
2019-11-05 08:34:51,394 [6e52354a-8f39-4a00-bced-911c77341e64@group-785EB621D8C9-SegmentedRaftLogWorker] INFO  segmented.SegmentedRaftLogWorker (SegmentedRaftLogWorker.java:execute(576)) - 6e52354a-8f39-4a00-bced-911c77341e64@group-785EB621D8C9-SegmentedRaftLogWorker: created new log segment /workdir/hadoop-ozone/integration-test/target/test-dir/MiniOzoneClusterImpl-c1ac3406-7bea-4748-bbf9-a747646a8bff/datanode-7/data/ratis/6b6e8d20-8dea-4881-a1f5-785eb621d8c9/current/log_inprogress_7
2019-11-05 08:34:51,394 [ce6aaef5-0e62-4cca-9483-e7266dc5c7be@group-785EB621D8C9-SegmentedRaftLogWorker] INFO  segmented.SegmentedRaftLogWorker (SegmentedRaftLogWorker.java:execute(576)) - ce6aaef5-0e62-4cca-9483-e7266dc5c7be@group-785EB621D8C9-SegmentedRaftLogWorker: created new log segment /workdir/hadoop-ozone/integration-test/target/test-dir/MiniOzoneClusterImpl-c1ac3406-7bea-4748-bbf9-a747646a8bff/datanode-9/data/ratis/6b6e8d20-8dea-4881-a1f5-785eb621d8c9/current/log_inprogress_7
2019-11-05 08:34:51,511 [java.util.concurrent.ThreadPoolExecutor$Worker@7a1c356f[State = -1, empty queue]] WARN  server.GrpcLogAppender (GrpcLogAppender.java:timeoutAppendRequest(209)) - fae5ccd0-edd9-4644-8d4e-9d507f6169bd@group-96AF9F8BC25D->5d271ba9-e0f4-40ff-b9fc-f90f33adc13b-GrpcLogAppender: appendEntries Timeout, request=fae5ccd0-edd9-4644-8d4e-9d507f6169bd->5d271ba9-e0f4-40ff-b9fc-f90f33adc13b#56-t4, previous=(t:4, i:4), leaderCommit=4, initializing? false, entries: <empty>
2019-11-05 08:34:52,012 [java.util.concurrent.ThreadPoolExecutor$Worker@7a1c356f[State = -1, empty queue]] WARN  server.GrpcLogAppender (GrpcLogAppender.java:timeoutAppendRequest(209)) - fae5ccd0-edd9-4644-8d4e-9d507f6169bd@group-96AF9F8BC25D->5d271ba9-e0f4-40ff-b9fc-f90f33adc13b-GrpcLogAppender: appendEntries Timeout, request=fae5ccd0-edd9-4644-8d4e-9d507f6169bd->5d271ba9-e0f4-40ff-b9fc-f90f33adc13b#57-t4, previous=(t:4, i:4), leaderCommit=4, initializing? false, entries: <empty>
2019-11-05 08:34:52,513 [java.util.concurrent.ThreadPoolExecutor$Worker@7a1c356f[State = -1, empty queue]] WARN  server.GrpcLogAppender (GrpcLogAppender.java:timeoutAppendRequest(209)) - fae5ccd0-edd9-4644-8d4e-9d507f6169bd@group-96AF9F8BC25D->5d271ba9-e0f4-40ff-b9fc-f90f33adc13b-GrpcLogAppender: appendEntries Timeout, request=fae5ccd0-edd9-4644-8d4e-9d507f6169bd->5d271ba9-e0f4-40ff-b9fc-f90f33adc13b#58-t4, previous=(t:4, i:4), leaderCommit=4, initializing? false, entries: <empty>
2019-11-05 08:34:53,013 [java.util.concurrent.ThreadPoolExecutor$Worker@7a1c356f[State = -1, empty queue]] WARN  server.GrpcLogAppender (GrpcLogAppender.java:timeoutAppendRequest(209)) - fae5ccd0-edd9-4644-8d4e-9d507f6169bd@group-96AF9F8BC25D->5d271ba9-e0f4-40ff-b9fc-f90f33adc13b-GrpcLogAppender: appendEntries Timeout, request=fae5ccd0-edd9-4644-8d4e-9d507f6169bd->5d271ba9-e0f4-40ff-b9fc-f90f33adc13b#59-t4, previous=(t:4, i:4), leaderCommit=4, initializing? false, entries: <empty>
2019-11-05 08:34:53,571 [java.util.concurrent.ThreadPoolExecutor$Worker@7a1c356f[State = -1, empty queue]] WARN  server.GrpcLogAppender (GrpcLogAppender.java:timeoutAppendRequest(209)) - fae5ccd0-edd9-4644-8d4e-9d507f6169bd@group-96AF9F8BC25D->5d271ba9-e0f4-40ff-b9fc-f90f33adc13b-GrpcLogAppender: appendEntries Timeout, request=fae5ccd0-edd9-4644-8d4e-9d507f6169bd->5d271ba9-e0f4-40ff-b9fc-f90f33adc13b#60-t4, previous=(t:4, i:4), leaderCommit=4, initializing? false, entries: <empty>
2019-11-05 08:34:54,013 [java.util.concurrent.ThreadPoolExecutor$Worker@7a1c356f[State = -1, empty queue]] WARN  server.GrpcLogAppender (GrpcLogAppender.java:timeoutAppendRequest(209)) - fae5ccd0-edd9-4644-8d4e-9d507f6169bd@group-96AF9F8BC25D->5d271ba9-e0f4-40ff-b9fc-f90f33adc13b-GrpcLogAppender: appendEntries Timeout, request=fae5ccd0-edd9-4644-8d4e-9d507f6169bd->5d271ba9-e0f4-40ff-b9fc-f90f33adc13b#61-t4, previous=(t:4, i:4), leaderCommit=4, initializing? false, entries: <empty>
2019-11-05 08:34:54,348 [java.util.concurrent.ThreadPoolExecutor$Worker@7502b76d[State = -1, empty queue]] WARN  server.GrpcLogAppender (GrpcLogAppender.java:timeoutAppendRequest(209)) - 6e52354a-8f39-4a00-bced-911c77341e64@group-785EB621D8C9->b3c4603b-a140-4f81-8843-cb94f3bca924-GrpcLogAppender: appendEntries Timeout, request=6e52354a-8f39-4a00-bced-911c77341e64->b3c4603b-a140-4f81-8843-cb94f3bca924#0-t3, previous=(t:2, i:6), leaderCommit=6, initializing? false, entries: <empty>
2019-11-05 08:34:54,513 [java.util.concurrent.ThreadPoolExecutor$Worker@7a1c356f[State = -1, empty queue]] WARN  server.GrpcLogAppender (GrpcLogAppender.java:timeoutAppendRequest(209)) - fae5ccd0-edd9-4644-8d4e-9d507f6169bd@group-96AF9F8BC25D->5d271ba9-e0f4-40ff-b9fc-f90f33adc13b-GrpcLogAppender: appendEntries Timeout, request=fae5ccd0-edd9-4644-8d4e-9d507f6169bd->5d271ba9-e0f4-40ff-b9fc-f90f33adc13b#62-t4, previous=(t:4, i:4), leaderCommit=4, initializing? false, entries: <empty>
2019-11-05 08:34:54,835 [ForkJoinPool.commonPool-worker-0] INFO  ozoneimpl.OzoneContainer (OzoneContainer.java:stop(227)) - Attempting to stop container services.
2019-11-05 08:34:54,835 [ForkJoinPool.commonPool-worker-0] INFO  impl.RaftServerProxy (RaftServerProxy.java:lambda$close$4(314)) - fae5ccd0-edd9-4644-8d4e-9d507f6169bd: close
2019-11-05 08:34:54,836 [ForkJoinPool.commonPool-worker-0] INFO  impl.RaftServerImpl (RaftServerImpl.java:lambda$shutdown$3(261)) - fae5ccd0-edd9-4644-8d4e-9d507f6169bd@group-96AF9F8BC25D: shutdown
2019-11-05 08:34:54,836 [ForkJoinPool.commonPool-worker-0] INFO  util.JmxRegister (JmxRegister.java:unregister(73)) - Successfully un-registered JMX Bean with object name Ratis:service=RaftServer,group=group-96AF9F8BC25D,id=fae5ccd0-edd9-4644-8d4e-9d507f6169bd
2019-11-05 08:34:54,836 [ForkJoinPool.commonPool-worker-0] INFO  impl.RoleInfo (RoleInfo.java:shutdownLeaderState(104)) - fae5ccd0-edd9-4644-8d4e-9d507f6169bd: shutdown LeaderState
2019-11-05 08:34:54,837 [ForkJoinPool.commonPool-worker-0] INFO  impl.PendingRequests (PendingRequests.java:sendNotLeaderResponses(202)) - fae5ccd0-edd9-4644-8d4e-9d507f6169bd@group-96AF9F8BC25D-PendingRequests: sendNotLeaderResponses
2019-11-05 08:34:54,837 [org.apache.ratis.server.impl.LogAppender$AppenderDaemon$$Lambda$464/348072330@2431861f] WARN  server.GrpcLogAppender (GrpcLogAppender.java:mayWait(149)) - fae5ccd0-edd9-4644-8d4e-9d507f6169bd@group-96AF9F8BC25D->5d271ba9-e0f4-40ff-b9fc-f90f33adc13b-GrpcLogAppender: Wait interrupted by java.lang.InterruptedException
2019-11-05 08:34:54,837 [org.apache.ratis.server.impl.LogAppender$AppenderDaemon$$Lambda$464/348072330@15df64ad] WARN  server.GrpcLogAppender (GrpcLogAppender.java:mayWait(149)) - fae5ccd0-edd9-4644-8d4e-9d507f6169bd@group-96AF9F8BC25D->ac799505-d01b-4984-a491-73e044603a46-GrpcLogAppender: Wait interrupted by java.lang.InterruptedException
2019-11-05 08:34:54,842 [ForkJoinPool.commonPool-worker-0] INFO  impl.StateMachineUpdater (StateMachineUpdater.java:stopAndJoin(136)) - fae5ccd0-edd9-4644-8d4e-9d507f6169bd@group-96AF9F8BC25D-StateMachineUpdater: set stopIndex = 4
2019-11-05 08:34:54,842 [fae5ccd0-edd9-4644-8d4e-9d507f6169bd@group-96AF9F8BC25D-StateMachineUpdater] INFO  ratis.ContainerStateMachine (ContainerStateMachine.java:takeSnapshot(294)) - group-96AF9F8BC25D: Taking a snapshot at:(t:4, i:4) file /workdir/hadoop-ozone/integration-test/target/test-dir/MiniOzoneClusterImpl-c1ac3406-7bea-4748-bbf9-a747646a8bff/datanode-0/data/ratis/03c07a91-4698-41a5-bbc7-96af9f8bc25d/sm/snapshot.4_4
2019-11-05 08:34:54,842 [main] INFO  ozoneimpl.OzoneContainer (OzoneContainer.java:stop(227)) - Attempting to stop container services.
2019-11-05 08:34:54,843 [grpc-default-executor-10] INFO  server.GrpcServerProtocolService (GrpcServerProtocolService.java:onCompleted(113)) - ac799505-d01b-4984-a491-73e044603a46: Completed APPEND_ENTRIES, lastRequest: fae5ccd0-edd9-4644-8d4e-9d507f6169bd->ac799505-d01b-4984-a491-73e044603a46#68-t4, previous=(t:4, i:4), leaderCommit=4, initializing? false, entries: <empty>
2019-11-05 08:34:54,843 [main] INFO  impl.RaftServerProxy (RaftServerProxy.java:lambda$close$4(314)) - ce6aaef5-0e62-4cca-9483-e7266dc5c7be: close
2019-11-05 08:34:54,844 [grpc-default-executor-16] INFO  server.GrpcLogAppender (GrpcLogAppender.java:onCompleted(308)) - fae5ccd0-edd9-4644-8d4e-9d507f6169bd@group-96AF9F8BC25D->ac799505-d01b-4984-a491-73e044603a46-AppendLogResponseHandler: follower responses appendEntries COMPLETED
2019-11-05 08:34:54,844 [main] INFO  impl.RaftServerImpl (RaftServerImpl.java:lambda$shutdown$3(261)) - ce6aaef5-0e62-4cca-9483-e7266dc5c7be@group-785EB621D8C9: shutdown
2019-11-05 08:34:54,844 [main] INFO  util.JmxRegister (JmxRegister.java:unregister(73)) - Successfully un-registered JMX Bean with object name Ratis:service=RaftServer,group=group-785EB621D8C9,id=ce6aaef5-0e62-4cca-9483-e7266dc5c7be
2019-11-05 08:34:54,844 [main] INFO  impl.RoleInfo (RoleInfo.java:shutdownFollowerState(121)) - ce6aaef5-0e62-4cca-9483-e7266dc5c7be: shutdown FollowerState
2019-11-05 08:34:54,845 [main] INFO  impl.StateMachineUpdater (StateMachineUpdater.java:stopAndJoin(136)) - ce6aaef5-0e62-4cca-9483-e7266dc5c7be@group-785EB621D8C9-StateMachineUpdater: set stopIndex = 8
2019-11-05 08:34:54,845 [ce6aaef5-0e62-4cca-9483-e7266dc5c7be@group-785EB621D8C9-StateMachineUpdater] INFO  ratis.ContainerStateMachine (ContainerStateMachine.java:takeSnapshot(294)) - group-785EB621D8C9: Taking a snapshot at:(t:2, i:5) file /workdir/hadoop-ozone/integration-test/target/test-dir/MiniOzoneClusterImpl-c1ac3406-7bea-4748-bbf9-a747646a8bff/datanode-9/data/ratis/6b6e8d20-8dea-4881-a1f5-785eb621d8c9/sm/snapshot.2_5
2019-11-05 08:34:54,845 [Thread-4741] INFO  impl.FollowerState (FollowerState.java:run(117)) - ce6aaef5-0e62-4cca-9483-e7266dc5c7be@group-785EB621D8C9-FollowerState was interrupted: java.lang.InterruptedException: sleep interrupted
2019-11-05 08:34:54,845 [grpc-default-executor-16] INFO  impl.FollowerInfo (FollowerInfo.java:lambda$new$0(51)) - fae5ccd0-edd9-4644-8d4e-9d507f6169bd@group-96AF9F8BC25D->ac799505-d01b-4984-a491-73e044603a46: nextIndex: updateUnconditionally 5 -> 4
2019-11-05 08:34:54,856 [ce6aaef5-0e62-4cca-9483-e7266dc5c7be@group-785EB621D8C9-StateMachineUpdater] INFO  ratis.ContainerStateMachine (ContainerStateMachine.java:takeSnapshot(305)) - group-785EB621D8C9: Finished taking a snapshot at:(t:2, i:5) file:/workdir/hadoop-ozone/integration-test/target/test-dir/MiniOzoneClusterImpl-c1ac3406-7bea-4748-bbf9-a747646a8bff/datanode-9/data/ratis/6b6e8d20-8dea-4881-a1f5-785eb621d8c9/sm/snapshot.2_5 time:12
2019-11-05 08:34:54,856 [fae5ccd0-edd9-4644-8d4e-9d507f6169bd@group-96AF9F8BC25D-StateMachineUpdater] INFO  ratis.ContainerStateMachine (ContainerStateMachine.java:takeSnapshot(305)) - group-96AF9F8BC25D: Finished taking a snapshot at:(t:4, i:4) file:/workdir/hadoop-ozone/integration-test/target/test-dir/MiniOzoneClusterImpl-c1ac3406-7bea-4748-bbf9-a747646a8bff/datanode-0/data/ratis/03c07a91-4698-41a5-bbc7-96af9f8bc25d/sm/snapshot.4_4 time:15
2019-11-05 08:34:54,857 [ce6aaef5-0e62-4cca-9483-e7266dc5c7be@group-785EB621D8C9-StateMachineUpdater] INFO  impl.StateMachineUpdater (StateMachineUpdater.java:takeSnapshot(269)) - ce6aaef5-0e62-4cca-9483-e7266dc5c7be@group-785EB621D8C9-StateMachineUpdater: Took a snapshot at index 5
2019-11-05 08:34:54,857 [ce6aaef5-0e62-4cca-9483-e7266dc5c7be@group-785EB621D8C9-StateMachineUpdater] INFO  impl.StateMachineUpdater (StateMachineUpdater.java:lambda$new$0(84)) - ce6aaef5-0e62-4cca-9483-e7266dc5c7be@group-785EB621D8C9-StateMachineUpdater: snapshotIndex: updateIncreasingly -1 -> 5
2019-11-05 08:34:54,857 [fae5ccd0-edd9-4644-8d4e-9d507f6169bd@group-96AF9F8BC25D-StateMachineUpdater] INFO  impl.StateMachineUpdater (StateMachineUpdater.java:takeSnapshot(269)) - fae5ccd0-edd9-4644-8d4e-9d507f6169bd@group-96AF9F8BC25D-StateMachineUpdater: Took a snapshot at index 4
2019-11-05 08:34:54,857 [fae5ccd0-edd9-4644-8d4e-9d507f6169bd@group-96AF9F8BC25D-StateMachineUpdater] INFO  impl.StateMachineUpdater (StateMachineUpdater.java:lambda$new$0(84)) - fae5ccd0-edd9-4644-8d4e-9d507f6169bd@group-96AF9F8BC25D-StateMachineUpdater: snapshotIndex: updateIncreasingly -1 -> 4
2019-11-05 08:34:54,857 [ce6aaef5-0e62-4cca-9483-e7266dc5c7be@group-785EB621D8C9-StateMachineUpdater] INFO  ratis.ContainerStateMachine (ContainerStateMachine.java:takeSnapshot(294)) - group-785EB621D8C9: Taking a snapshot at:(t:2, i:5) file /workdir/hadoop-ozone/integration-test/target/test-dir/MiniOzoneClusterImpl-c1ac3406-7bea-4748-bbf9-a747646a8bff/datanode-9/data/ratis/6b6e8d20-8dea-4881-a1f5-785eb621d8c9/sm/snapshot.2_5
2019-11-05 08:34:54,857 [ForkJoinPool.commonPool-worker-0] INFO  impl.RaftServerImpl (ServerState.java:close(388)) - fae5ccd0-edd9-4644-8d4e-9d507f6169bd@group-96AF9F8BC25D: closes. applyIndex: 4
2019-11-05 08:34:54,858 [fae5ccd0-edd9-4644-8d4e-9d507f6169bd@group-96AF9F8BC25D-SegmentedRaftLogWorker] INFO  segmented.SegmentedRaftLogWorker (SegmentedRaftLogWorker.java:run(316)) - fae5ccd0-edd9-4644-8d4e-9d507f6169bd@group-96AF9F8BC25D-SegmentedRaftLogWorker was interrupted, exiting. There are 0 tasks remaining in the queue.
2019-11-05 08:34:54,858 [ForkJoinPool.commonPool-worker-0] INFO  segmented.SegmentedRaftLogWorker (SegmentedRaftLogWorker.java:close(224)) - fae5ccd0-edd9-4644-8d4e-9d507f6169bd@group-96AF9F8BC25D-SegmentedRaftLogWorker close()
2019-11-05 08:34:54,859 [ForkJoinPool.commonPool-worker-0] INFO  impl.RaftServerImpl (RaftServerImpl.java:lambda$shutdown$3(261)) - fae5ccd0-edd9-4644-8d4e-9d507f6169bd@group-FA53CDA86D66: shutdown
2019-11-05 08:34:54,859 [ForkJoinPool.commonPool-worker-0] INFO  util.JmxRegister (JmxRegister.java:unregister(73)) - Successfully un-registered JMX Bean with object name Ratis:service=RaftServer,group=group-FA53CDA86D66,id=fae5ccd0-edd9-4644-8d4e-9d507f6169bd
2019-11-05 08:34:54,859 [ForkJoinPool.commonPool-worker-0] INFO  impl.RoleInfo (RoleInfo.java:shutdownLeaderState(104)) - fae5ccd0-edd9-4644-8d4e-9d507f6169bd: shutdown LeaderState
2019-11-05 08:34:54,860 [ForkJoinPool.commonPool-worker-0] INFO  impl.PendingRequests (PendingRequests.java:sendNotLeaderResponses(202)) - fae5ccd0-edd9-4644-8d4e-9d507f6169bd@group-FA53CDA86D66-PendingRequests: sendNotLeaderResponses
2019-11-05 08:34:54,860 [ForkJoinPool.commonPool-worker-0] INFO  impl.StateMachineUpdater (StateMachineUpdater.java:stopAndJoin(136)) - fae5ccd0-edd9-4644-8d4e-9d507f6169bd@group-FA53CDA86D66-StateMachineUpdater: set stopIndex = 0
2019-11-05 08:34:54,860 [ForkJoinPool.commonPool-worker-0] INFO  impl.RaftServerImpl (ServerState.java:close(388)) - fae5ccd0-edd9-4644-8d4e-9d507f6169bd@group-FA53CDA86D66: closes. applyIndex: 0
2019-11-05 08:34:54,861 [fae5ccd0-edd9-4644-8d4e-9d507f6169bd@group-FA53CDA86D66-SegmentedRaftLogWorker] INFO  segmented.SegmentedRaftLogWorker (SegmentedRaftLogWorker.java:run(316)) - fae5ccd0-edd9-4644-8d4e-9d507f6169bd@group-FA53CDA86D66-SegmentedRaftLogWorker was interrupted, exiting. There are 0 tasks remaining in the queue.
2019-11-05 08:34:54,861 [ForkJoinPool.commonPool-worker-0] INFO  segmented.SegmentedRaftLogWorker (SegmentedRaftLogWorker.java:close(224)) - fae5ccd0-edd9-4644-8d4e-9d507f6169bd@group-FA53CDA86D66-SegmentedRaftLogWorker close()
2019-11-05 08:34:54,862 [ForkJoinPool.commonPool-worker-0] INFO  server.GrpcService (GrpcService.java:closeImpl(164)) - fae5ccd0-edd9-4644-8d4e-9d507f6169bd: shutdown server with port 34224 now
2019-11-05 08:34:54,862 [ForkJoinPool.commonPool-worker-0] INFO  server.GrpcService (GrpcService.java:closeImpl(172)) - fae5ccd0-edd9-4644-8d4e-9d507f6169bd: shutdown server with port 34224 successfully
2019-11-05 08:34:54,865 [refreshUsed-/workdir/hadoop-ozone/integration-test/target/test-dir/MiniOzoneClusterImpl-c1ac3406-7bea-4748-bbf9-a747646a8bff/datanode-0/data/containers] WARN  fs.CachingGetSpaceUsed (CachingGetSpaceUsed.java:run(183)) - Thread Interrupted waiting to refresh disk information: sleep interrupted
2019-11-05 08:34:54,870 [ce6aaef5-0e62-4cca-9483-e7266dc5c7be@group-785EB621D8C9-StateMachineUpdater] INFO  ratis.ContainerStateMachine (ContainerStateMachine.java:takeSnapshot(305)) - group-785EB621D8C9: Finished taking a snapshot at:(t:2, i:5) file:/workdir/hadoop-ozone/integration-test/target/test-dir/MiniOzoneClusterImpl-c1ac3406-7bea-4748-bbf9-a747646a8bff/datanode-9/data/ratis/6b6e8d20-8dea-4881-a1f5-785eb621d8c9/sm/snapshot.2_5 time:13
2019-11-05 08:34:54,870 [ce6aaef5-0e62-4cca-9483-e7266dc5c7be@group-785EB621D8C9-StateMachineUpdater] INFO  impl.StateMachineUpdater (StateMachineUpdater.java:takeSnapshot(269)) - ce6aaef5-0e62-4cca-9483-e7266dc5c7be@group-785EB621D8C9-StateMachineUpdater: Took a snapshot at index 5
2019-11-05 08:34:54,870 [ce6aaef5-0e62-4cca-9483-e7266dc5c7be@group-785EB621D8C9-StateMachineUpdater] INFO  impl.StateMachineUpdater (StateMachineUpdater.java:lambda$new$0(84)) - ce6aaef5-0e62-4cca-9483-e7266dc5c7be@group-785EB621D8C9-StateMachineUpdater: snapshotIndex: updateIncreasingly 5 -> 5
2019-11-05 08:34:54,871 [main] INFO  impl.RaftServerImpl (ServerState.java:close(388)) - ce6aaef5-0e62-4cca-9483-e7266dc5c7be@group-785EB621D8C9: closes. applyIndex: 8
2019-11-05 08:34:54,871 [ce6aaef5-0e62-4cca-9483-e7266dc5c7be@group-785EB621D8C9-SegmentedRaftLogWorker] INFO  segmented.SegmentedRaftLogWorker (SegmentedRaftLogWorker.java:run(316)) - ce6aaef5-0e62-4cca-9483-e7266dc5c7be@group-785EB621D8C9-SegmentedRaftLogWorker was interrupted, exiting. There are 0 tasks remaining in the queue.
2019-11-05 08:34:54,873 [main] INFO  segmented.SegmentedRaftLogWorker (SegmentedRaftLogWorker.java:close(224)) - ce6aaef5-0e62-4cca-9483-e7266dc5c7be@group-785EB621D8C9-SegmentedRaftLogWorker close()
2019-11-05 08:34:54,873 [main] INFO  impl.RaftServerImpl (RaftServerImpl.java:lambda$shutdown$3(261)) - ce6aaef5-0e62-4cca-9483-e7266dc5c7be@group-9D7D9CA1327E: shutdown
2019-11-05 08:34:54,873 [main] INFO  util.JmxRegister (JmxRegister.java:unregister(73)) - Successfully un-registered JMX Bean with object name Ratis:service=RaftServer,group=group-9D7D9CA1327E,id=ce6aaef5-0e62-4cca-9483-e7266dc5c7be
2019-11-05 08:34:54,873 [main] INFO  impl.RoleInfo (RoleInfo.java:shutdownLeaderState(104)) - ce6aaef5-0e62-4cca-9483-e7266dc5c7be: shutdown LeaderState
2019-11-05 08:34:54,874 [main] INFO  impl.PendingRequests (PendingRequests.java:sendNotLeaderResponses(202)) - ce6aaef5-0e62-4cca-9483-e7266dc5c7be@group-9D7D9CA1327E-PendingRequests: sendNotLeaderResponses
2019-11-05 08:34:54,874 [main] INFO  impl.StateMachineUpdater (StateMachineUpdater.java:stopAndJoin(136)) - ce6aaef5-0e62-4cca-9483-e7266dc5c7be@group-9D7D9CA1327E-StateMachineUpdater: set stopIndex = 0
2019-11-05 08:34:54,874 [main] INFO  impl.RaftServerImpl (ServerState.java:close(388)) - ce6aaef5-0e62-4cca-9483-e7266dc5c7be@group-9D7D9CA1327E: closes. applyIndex: 0
2019-11-05 08:34:54,875 [ce6aaef5-0e62-4cca-9483-e7266dc5c7be@group-9D7D9CA1327E-SegmentedRaftLogWorker] INFO  segmented.SegmentedRaftLogWorker (SegmentedRaftLogWorker.java:run(316)) - ce6aaef5-0e62-4cca-9483-e7266dc5c7be@group-9D7D9CA1327E-SegmentedRaftLogWorker was interrupted, exiting. There are 0 tasks remaining in the queue.
2019-11-05 08:34:54,875 [main] INFO  segmented.SegmentedRaftLogWorker (SegmentedRaftLogWorker.java:close(224)) - ce6aaef5-0e62-4cca-9483-e7266dc5c7be@group-9D7D9CA1327E-SegmentedRaftLogWorker close()
2019-11-05 08:34:54,875 [main] INFO  server.GrpcService (GrpcService.java:closeImpl(164)) - ce6aaef5-0e62-4cca-9483-e7266dc5c7be: shutdown server with port 42881 now
2019-11-05 08:34:54,876 [main] INFO  server.GrpcService (GrpcService.java:closeImpl(172)) - ce6aaef5-0e62-4cca-9483-e7266dc5c7be: shutdown server with port 42881 successfully
2019-11-05 08:34:54,876 [grpc-default-executor-10] WARN  server.GrpcServerProtocolService (LogUtils.java:warn(134)) - ce6aaef5-0e62-4cca-9483-e7266dc5c7be: installSnapshot onError, lastRequest: 6e52354a-8f39-4a00-bced-911c77341e64->ce6aaef5-0e62-4cca-9483-e7266dc5c7be#8-t3, previous=(t:3, i:8), leaderCommit=8, initializing? false, entries: <empty>: org.apache.ratis.thirdparty.io.grpc.StatusRuntimeException: CANCELLED: cancelled before receiving half close
2019-11-05 08:34:54,876 [grpc-default-executor-17] WARN  server.GrpcLogAppender (LogUtils.java:warn(134)) - 6e52354a-8f39-4a00-bced-911c77341e64@group-785EB621D8C9->ce6aaef5-0e62-4cca-9483-e7266dc5c7be-AppendLogResponseHandler: Failed appendEntries: org.apache.ratis.thirdparty.io.grpc.StatusRuntimeException: CANCELLED: HTTP/2 error code: CANCEL
Received Rst Stream
2019-11-05 08:34:54,879 [refreshUsed-/workdir/hadoop-ozone/integration-test/target/test-dir/MiniOzoneClusterImpl-c1ac3406-7bea-4748-bbf9-a747646a8bff/datanode-9/data/containers] WARN  fs.CachingGetSpaceUsed (CachingGetSpaceUsed.java:run(183)) - Thread Interrupted waiting to refresh disk information: sleep interrupted
2019-11-05 08:34:54,888 [ForkJoinPool.commonPool-worker-0] INFO  utils.BackgroundService (BackgroundService.java:shutdown(151)) - Shutting down service BlockDeletingService
2019-11-05 08:34:54,892 [ForkJoinPool.commonPool-worker-0] INFO  statemachine.DatanodeStateMachine (DatanodeStateMachine.java:stopDaemon(395)) - Ozone container server stopped.
2019-11-05 08:34:54,895 [ForkJoinPool.commonPool-worker-0] INFO  handler.ContextHandler (ContextHandler.java:doStop(910)) - Stopped o.e.j.w.WebAppContext@70f68288{/,null,UNAVAILABLE}{/hddsDatanode}
2019-11-05 08:34:54,896 [ForkJoinPool.commonPool-worker-0] INFO  server.AbstractConnector (AbstractConnector.java:doStop(318)) - Stopped ServerConnector@46911148{HTTP/1.1,[http/1.1]}{0.0.0.0:0}
2019-11-05 08:34:54,896 [ForkJoinPool.commonPool-worker-0] INFO  handler.ContextHandler (ContextHandler.java:doStop(910)) - Stopped o.e.j.s.ServletContextHandler@49469ffa{/static,jar:file:/home/user/.m2/repository/org/apache/hadoop/hadoop-hdds-container-service/0.5.0-SNAPSHOT/hadoop-hdds-container-service-0.5.0-SNAPSHOT.jar!/webapps/static,UNAVAILABLE}
2019-11-05 08:34:54,896 [ForkJoinPool.commonPool-worker-0] INFO  handler.ContextHandler (ContextHandler.java:doStop(910)) - Stopped o.e.j.s.ServletContextHandler@d675f9f{/logs,file:///workdir/hadoop-ozone/integration-test/target/log,UNAVAILABLE}
2019-11-05 08:34:54,902 [main] INFO  utils.BackgroundService (BackgroundService.java:shutdown(151)) - Shutting down service BlockDeletingService
2019-11-05 08:34:54,910 [main] INFO  statemachine.DatanodeStateMachine (DatanodeStateMachine.java:stopDaemon(395)) - Ozone container server stopped.
2019-11-05 08:34:54,911 [main] INFO  handler.ContextHandler (ContextHandler.java:doStop(910)) - Stopped o.e.j.w.WebAppContext@f0a66bd{/,null,UNAVAILABLE}{/hddsDatanode}
2019-11-05 08:34:54,911 [main] INFO  server.AbstractConnector (AbstractConnector.java:doStop(318)) - Stopped ServerConnector@460b50df{HTTP/1.1,[http/1.1]}{0.0.0.0:0}
2019-11-05 08:34:54,912 [main] INFO  handler.ContextHandler (ContextHandler.java:doStop(910)) - Stopped o.e.j.s.ServletContextHandler@60ed12e8{/static,jar:file:/home/user/.m2/repository/org/apache/hadoop/hadoop-hdds-container-service/0.5.0-SNAPSHOT/hadoop-hdds-container-service-0.5.0-SNAPSHOT.jar!/webapps/static,UNAVAILABLE}
2019-11-05 08:34:54,912 [main] INFO  handler.ContextHandler (ContextHandler.java:doStop(910)) - Stopped o.e.j.s.ServletContextHandler@2fd72332{/logs,file:///workdir/hadoop-ozone/integration-test/target/log,UNAVAILABLE}
2019-11-05 08:34:55,014 [java.util.concurrent.ThreadPoolExecutor$Worker@7a1c356f[State = -1, empty queue]] WARN  server.GrpcLogAppender (GrpcLogAppender.java:timeoutAppendRequest(209)) - fae5ccd0-edd9-4644-8d4e-9d507f6169bd@group-96AF9F8BC25D->5d271ba9-e0f4-40ff-b9fc-f90f33adc13b-GrpcLogAppender: appendEntries Timeout, request=fae5ccd0-edd9-4644-8d4e-9d507f6169bd->5d271ba9-e0f4-40ff-b9fc-f90f33adc13b#63-t4, previous=(t:4, i:4), leaderCommit=4, initializing? false, entries: <empty>
2019-11-05 08:34:55,515 [java.util.concurrent.ThreadPoolExecutor$Worker@7a1c356f[State = -1, empty queue]] WARN  server.GrpcLogAppender (GrpcLogAppender.java:timeoutAppendRequest(209)) - fae5ccd0-edd9-4644-8d4e-9d507f6169bd@group-96AF9F8BC25D->5d271ba9-e0f4-40ff-b9fc-f90f33adc13b-GrpcLogAppender: appendEntries Timeout, request=fae5ccd0-edd9-4644-8d4e-9d507f6169bd->5d271ba9-e0f4-40ff-b9fc-f90f33adc13b#64-t4, previous=(t:4, i:4), leaderCommit=4, initializing? false, entries: <empty>
2019-11-05 08:34:55,564 [Datanode State Machine Thread - 0] INFO  statemachine.DatanodeStateMachine (DatanodeStateMachine.java:lambda$startDaemon$0(350)) - Ozone container server started.
2019-11-05 08:34:55,708 [Datanode State Machine Thread - 0] INFO  statemachine.DatanodeStateMachine (DatanodeStateMachine.java:lambda$startDaemon$0(350)) - Ozone container server started.
2019-11-05 08:34:56,015 [java.util.concurrent.ThreadPoolExecutor$Worker@7a1c356f[State = -1, empty queue]] WARN  server.GrpcLogAppender (GrpcLogAppender.java:timeoutAppendRequest(209)) - fae5ccd0-edd9-4644-8d4e-9d507f6169bd@group-96AF9F8BC25D->5d271ba9-e0f4-40ff-b9fc-f90f33adc13b-GrpcLogAppender: appendEntries Timeout, request=fae5ccd0-edd9-4644-8d4e-9d507f6169bd->5d271ba9-e0f4-40ff-b9fc-f90f33adc13b#65-t4, previous=(t:4, i:4), leaderCommit=4, initializing? false, entries: <empty>
2019-11-05 08:34:56,409 [Thread-3440] INFO  impl.FollowerState (FollowerState.java:run(108)) - ac799505-d01b-4984-a491-73e044603a46@group-96AF9F8BC25D-FollowerState: change to CANDIDATE, lastRpcTime:1748ms, electionTimeout:1085ms
2019-11-05 08:34:56,409 [Thread-3440] INFO  impl.RoleInfo (RoleInfo.java:shutdownFollowerState(121)) - ac799505-d01b-4984-a491-73e044603a46: shutdown FollowerState
2019-11-05 08:34:56,409 [Thread-3440] INFO  impl.RaftServerImpl (RaftServerImpl.java:setRole(184)) - ac799505-d01b-4984-a491-73e044603a46@group-96AF9F8BC25D: changes role from  FOLLOWER to CANDIDATE at term 4 for changeToCandidate
2019-11-05 08:34:56,409 [Thread-3440] INFO  impl.RoleInfo (RoleInfo.java:updateAndGet(143)) - ac799505-d01b-4984-a491-73e044603a46: start LeaderElection
2019-11-05 08:34:56,410 [ac799505-d01b-4984-a491-73e044603a46@group-96AF9F8BC25D-LeaderElection587] INFO  impl.RaftServerImpl (ServerState.java:setLeader(256)) - ac799505-d01b-4984-a491-73e044603a46@group-96AF9F8BC25D: change Leader from fae5ccd0-edd9-4644-8d4e-9d507f6169bd to null at term 4 for initElection
2019-11-05 08:34:56,424 [ac799505-d01b-4984-a491-73e044603a46@group-96AF9F8BC25D-LeaderElection587] INFO  impl.LeaderElection (LeaderElection.java:askForVotes(178)) - ac799505-d01b-4984-a491-73e044603a46@group-96AF9F8BC25D-LeaderElection587: begin an election at term 5 for 0: [5d271ba9-e0f4-40ff-b9fc-f90f33adc13b:192.168.164.217:46357, ac799505-d01b-4984-a491-73e044603a46:192.168.164.217:37555, fae5ccd0-edd9-4644-8d4e-9d507f6169bd:192.168.164.217:34224], old=null
2019-11-05 08:34:56,429 [ac799505-d01b-4984-a491-73e044603a46@group-96AF9F8BC25D-LeaderElection587] INFO  impl.LeaderElection (LogUtils.java:infoOrTrace(149)) - ac799505-d01b-4984-a491-73e044603a46@group-96AF9F8BC25D-LeaderElection587 got exception when requesting votes: {}
java.util.concurrent.ExecutionException: org.apache.ratis.thirdparty.io.grpc.StatusRuntimeException: UNAVAILABLE: io exception
	at java.util.concurrent.FutureTask.report(FutureTask.java:122)
	at java.util.concurrent.FutureTask.get(FutureTask.java:192)
	at org.apache.ratis.server.impl.LeaderElection.waitForResults(LeaderElection.java:259)
	at org.apache.ratis.server.impl.LeaderElection.askForVotes(LeaderElection.java:197)
	at org.apache.ratis.server.impl.LeaderElection.run(LeaderElection.java:133)
	at java.lang.Thread.run(Thread.java:748)
Caused by: org.apache.ratis.thirdparty.io.grpc.StatusRuntimeException: UNAVAILABLE: io exception
	at org.apache.ratis.thirdparty.io.grpc.stub.ClientCalls.toStatusRuntimeException(ClientCalls.java:233)
	at org.apache.ratis.thirdparty.io.grpc.stub.ClientCalls.getUnchecked(ClientCalls.java:214)
	at org.apache.ratis.thirdparty.io.grpc.stub.ClientCalls.blockingUnaryCall(ClientCalls.java:139)
	at org.apache.ratis.proto.grpc.RaftServerProtocolServiceGrpc$RaftServerProtocolServiceBlockingStub.requestVote(RaftServerProtocolServiceGrpc.java:265)
	at org.apache.ratis.grpc.server.GrpcServerProtocolClient.requestVote(GrpcServerProtocolClient.java:99)
	at org.apache.ratis.grpc.server.GrpcService.requestVote(GrpcService.java:204)
	at org.apache.ratis.server.impl.LeaderElection.lambda$submitRequests$1(LeaderElection.java:234)
	at java.util.concurrent.FutureTask.run(FutureTask.java:266)
	at java.util.concurrent.Executors$RunnableAdapter.call(Executors.java:511)
	at java.util.concurrent.FutureTask.run(FutureTask.java:266)
	at java.util.concurrent.ThreadPoolExecutor.runWorker(ThreadPoolExecutor.java:1149)
	at java.util.concurrent.ThreadPoolExecutor$Worker.run(ThreadPoolExecutor.java:624)
	... 1 more
Caused by: org.apache.ratis.thirdparty.io.netty.channel.AbstractChannel$AnnotatedConnectException: Connection refused: /192.168.164.217:46357
	at sun.nio.ch.SocketChannelImpl.checkConnect(Native Method)
	at sun.nio.ch.SocketChannelImpl.finishConnect(SocketChannelImpl.java:717)
	at org.apache.ratis.thirdparty.io.netty.channel.socket.nio.NioSocketChannel.doFinishConnect(NioSocketChannel.java:327)
	at org.apache.ratis.thirdparty.io.netty.channel.nio.AbstractNioChannel$AbstractNioUnsafe.finishConnect(AbstractNioChannel.java:340)
	at org.apache.ratis.thirdparty.io.netty.channel.nio.NioEventLoop.processSelectedKey(NioEventLoop.java:632)
	at org.apache.ratis.thirdparty.io.netty.channel.nio.NioEventLoop.processSelectedKeysOptimized(NioEventLoop.java:579)
	at org.apache.ratis.thirdparty.io.netty.channel.nio.NioEventLoop.processSelectedKeys(NioEventLoop.java:496)
	at org.apache.ratis.thirdparty.io.netty.channel.nio.NioEventLoop.run(NioEventLoop.java:458)
	at org.apache.ratis.thirdparty.io.netty.util.concurrent.SingleThreadEventExecutor$5.run(SingleThreadEventExecutor.java:897)
	at org.apache.ratis.thirdparty.io.netty.util.concurrent.FastThreadLocalRunnable.run(FastThreadLocalRunnable.java:30)
	... 1 more
Caused by: java.net.ConnectException: Connection refused
	... 11 more
2019-11-05 08:34:56,430 [ac799505-d01b-4984-a491-73e044603a46@group-96AF9F8BC25D-LeaderElection587] INFO  impl.LeaderElection (LogUtils.java:infoOrTrace(149)) - ac799505-d01b-4984-a491-73e044603a46@group-96AF9F8BC25D-LeaderElection587 got exception when requesting votes: {}
java.util.concurrent.ExecutionException: org.apache.ratis.thirdparty.io.grpc.StatusRuntimeException: UNAVAILABLE: io exception
	at java.util.concurrent.FutureTask.report(FutureTask.java:122)
	at java.util.concurrent.FutureTask.get(FutureTask.java:192)
	at org.apache.ratis.server.impl.LeaderElection.waitForResults(LeaderElection.java:259)
	at org.apache.ratis.server.impl.LeaderElection.askForVotes(LeaderElection.java:197)
	at org.apache.ratis.server.impl.LeaderElection.run(LeaderElection.java:133)
	at java.lang.Thread.run(Thread.java:748)
Caused by: org.apache.ratis.thirdparty.io.grpc.StatusRuntimeException: UNAVAILABLE: io exception
	at org.apache.ratis.thirdparty.io.grpc.stub.ClientCalls.toStatusRuntimeException(ClientCalls.java:233)
	at org.apache.ratis.thirdparty.io.grpc.stub.ClientCalls.getUnchecked(ClientCalls.java:214)
	at org.apache.ratis.thirdparty.io.grpc.stub.ClientCalls.blockingUnaryCall(ClientCalls.java:139)
	at org.apache.ratis.proto.grpc.RaftServerProtocolServiceGrpc$RaftServerProtocolServiceBlockingStub.requestVote(RaftServerProtocolServiceGrpc.java:265)
	at org.apache.ratis.grpc.server.GrpcServerProtocolClient.requestVote(GrpcServerProtocolClient.java:99)
	at org.apache.ratis.grpc.server.GrpcService.requestVote(GrpcService.java:204)
	at org.apache.ratis.server.impl.LeaderElection.lambda$submitRequests$1(LeaderElection.java:234)
	at java.util.concurrent.FutureTask.run(FutureTask.java:266)
	at java.util.concurrent.Executors$RunnableAdapter.call(Executors.java:511)
	at java.util.concurrent.FutureTask.run(FutureTask.java:266)
	at java.util.concurrent.ThreadPoolExecutor.runWorker(ThreadPoolExecutor.java:1149)
	at java.util.concurrent.ThreadPoolExecutor$Worker.run(ThreadPoolExecutor.java:624)
	... 1 more
Caused by: org.apache.ratis.thirdparty.io.netty.channel.AbstractChannel$AnnotatedConnectException: Connection refused: /192.168.164.217:34224
	at sun.nio.ch.SocketChannelImpl.checkConnect(Native Method)
	at sun.nio.ch.SocketChannelImpl.finishConnect(SocketChannelImpl.java:717)
	at org.apache.ratis.thirdparty.io.netty.channel.socket.nio.NioSocketChannel.doFinishConnect(NioSocketChannel.java:327)
	at org.apache.ratis.thirdparty.io.netty.channel.nio.AbstractNioChannel$AbstractNioUnsafe.finishConnect(AbstractNioChannel.java:340)
	at org.apache.ratis.thirdparty.io.netty.channel.nio.NioEventLoop.processSelectedKey(NioEventLoop.java:632)
	at org.apache.ratis.thirdparty.io.netty.channel.nio.NioEventLoop.processSelectedKeysOptimized(NioEventLoop.java:579)
	at org.apache.ratis.thirdparty.io.netty.channel.nio.NioEventLoop.processSelectedKeys(NioEventLoop.java:496)
	at org.apache.ratis.thirdparty.io.netty.channel.nio.NioEventLoop.run(NioEventLoop.java:458)
	at org.apache.ratis.thirdparty.io.netty.util.concurrent.SingleThreadEventExecutor$5.run(SingleThreadEventExecutor.java:897)
	at org.apache.ratis.thirdparty.io.netty.util.concurrent.FastThreadLocalRunnable.run(FastThreadLocalRunnable.java:30)
	... 1 more
Caused by: java.net.ConnectException: Connection refused
	... 11 more
2019-11-05 08:34:56,430 [ac799505-d01b-4984-a491-73e044603a46@group-96AF9F8BC25D-LeaderElection587] INFO  impl.LeaderElection (LeaderElection.java:logAndReturn(56)) - ac799505-d01b-4984-a491-73e044603a46@group-96AF9F8BC25D-LeaderElection587: Election REJECTED; received 0 response(s) [] and 2 exception(s); ac799505-d01b-4984-a491-73e044603a46@group-96AF9F8BC25D:t5, leader=null, voted=ac799505-d01b-4984-a491-73e044603a46, raftlog=ac799505-d01b-4984-a491-73e044603a46@group-96AF9F8BC25D-SegmentedRaftLog:OPENED:c4,f4,i4, conf=0: [5d271ba9-e0f4-40ff-b9fc-f90f33adc13b:192.168.164.217:46357, ac799505-d01b-4984-a491-73e044603a46:192.168.164.217:37555, fae5ccd0-edd9-4644-8d4e-9d507f6169bd:192.168.164.217:34224], old=null
2019-11-05 08:34:56,431 [ac799505-d01b-4984-a491-73e044603a46@group-96AF9F8BC25D-LeaderElection587] INFO  impl.LeaderElection (LogUtils.java:infoOrTrace(149)) -   Exception 0: {}
java.util.concurrent.ExecutionException: org.apache.ratis.thirdparty.io.grpc.StatusRuntimeException: UNAVAILABLE: io exception
	at java.util.concurrent.FutureTask.report(FutureTask.java:122)
	at java.util.concurrent.FutureTask.get(FutureTask.java:192)
	at org.apache.ratis.server.impl.LeaderElection.waitForResults(LeaderElection.java:259)
	at org.apache.ratis.server.impl.LeaderElection.askForVotes(LeaderElection.java:197)
	at org.apache.ratis.server.impl.LeaderElection.run(LeaderElection.java:133)
	at java.lang.Thread.run(Thread.java:748)
Caused by: org.apache.ratis.thirdparty.io.grpc.StatusRuntimeException: UNAVAILABLE: io exception
	at org.apache.ratis.thirdparty.io.grpc.stub.ClientCalls.toStatusRuntimeException(ClientCalls.java:233)
	at org.apache.ratis.thirdparty.io.grpc.stub.ClientCalls.getUnchecked(ClientCalls.java:214)
	at org.apache.ratis.thirdparty.io.grpc.stub.ClientCalls.blockingUnaryCall(ClientCalls.java:139)
	at org.apache.ratis.proto.grpc.RaftServerProtocolServiceGrpc$RaftServerProtocolServiceBlockingStub.requestVote(RaftServerProtocolServiceGrpc.java:265)
	at org.apache.ratis.grpc.server.GrpcServerProtocolClient.requestVote(GrpcServerProtocolClient.java:99)
	at org.apache.ratis.grpc.server.GrpcService.requestVote(GrpcService.java:204)
	at org.apache.ratis.server.impl.LeaderElection.lambda$submitRequests$1(LeaderElection.java:234)
	at java.util.concurrent.FutureTask.run(FutureTask.java:266)
	at java.util.concurrent.Executors$RunnableAdapter.call(Executors.java:511)
	at java.util.concurrent.FutureTask.run(FutureTask.java:266)
	at java.util.concurrent.ThreadPoolExecutor.runWorker(ThreadPoolExecutor.java:1149)
	at java.util.concurrent.ThreadPoolExecutor$Worker.run(ThreadPoolExecutor.java:624)
	... 1 more
Caused by: org.apache.ratis.thirdparty.io.netty.channel.AbstractChannel$AnnotatedConnectException: Connection refused: /192.168.164.217:46357
	at sun.nio.ch.SocketChannelImpl.checkConnect(Native Method)
	at sun.nio.ch.SocketChannelImpl.finishConnect(SocketChannelImpl.java:717)
	at org.apache.ratis.thirdparty.io.netty.channel.socket.nio.NioSocketChannel.doFinishConnect(NioSocketChannel.java:327)
	at org.apache.ratis.thirdparty.io.netty.channel.nio.AbstractNioChannel$AbstractNioUnsafe.finishConnect(AbstractNioChannel.java:340)
	at org.apache.ratis.thirdparty.io.netty.channel.nio.NioEventLoop.processSelectedKey(NioEventLoop.java:632)
	at org.apache.ratis.thirdparty.io.netty.channel.nio.NioEventLoop.processSelectedKeysOptimized(NioEventLoop.java:579)
	at org.apache.ratis.thirdparty.io.netty.channel.nio.NioEventLoop.processSelectedKeys(NioEventLoop.java:496)
	at org.apache.ratis.thirdparty.io.netty.channel.nio.NioEventLoop.run(NioEventLoop.java:458)
	at org.apache.ratis.thirdparty.io.netty.util.concurrent.SingleThreadEventExecutor$5.run(SingleThreadEventExecutor.java:897)
	at org.apache.ratis.thirdparty.io.netty.util.concurrent.FastThreadLocalRunnable.run(FastThreadLocalRunnable.java:30)
	... 1 more
Caused by: java.net.ConnectException: Connection refused
	... 11 more
2019-11-05 08:34:56,431 [ac799505-d01b-4984-a491-73e044603a46@group-96AF9F8BC25D-LeaderElection587] INFO  impl.LeaderElection (LogUtils.java:infoOrTrace(149)) -   Exception 1: {}
java.util.concurrent.ExecutionException: org.apache.ratis.thirdparty.io.grpc.StatusRuntimeException: UNAVAILABLE: io exception
	at java.util.concurrent.FutureTask.report(FutureTask.java:122)
	at java.util.concurrent.FutureTask.get(FutureTask.java:192)
	at org.apache.ratis.server.impl.LeaderElection.waitForResults(LeaderElection.java:259)
	at org.apache.ratis.server.impl.LeaderElection.askForVotes(LeaderElection.java:197)
	at org.apache.ratis.server.impl.LeaderElection.run(LeaderElection.java:133)
	at java.lang.Thread.run(Thread.java:748)
Caused by: org.apache.ratis.thirdparty.io.grpc.StatusRuntimeException: UNAVAILABLE: io exception
	at org.apache.ratis.thirdparty.io.grpc.stub.ClientCalls.toStatusRuntimeException(ClientCalls.java:233)
	at org.apache.ratis.thirdparty.io.grpc.stub.ClientCalls.getUnchecked(ClientCalls.java:214)
	at org.apache.ratis.thirdparty.io.grpc.stub.ClientCalls.blockingUnaryCall(ClientCalls.java:139)
	at org.apache.ratis.proto.grpc.RaftServerProtocolServiceGrpc$RaftServerProtocolServiceBlockingStub.requestVote(RaftServerProtocolServiceGrpc.java:265)
	at org.apache.ratis.grpc.server.GrpcServerProtocolClient.requestVote(GrpcServerProtocolClient.java:99)
	at org.apache.ratis.grpc.server.GrpcService.requestVote(GrpcService.java:204)
	at org.apache.ratis.server.impl.LeaderElection.lambda$submitRequests$1(LeaderElection.java:234)
	at java.util.concurrent.FutureTask.run(FutureTask.java:266)
	at java.util.concurrent.Executors$RunnableAdapter.call(Executors.java:511)
	at java.util.concurrent.FutureTask.run(FutureTask.java:266)
	at java.util.concurrent.ThreadPoolExecutor.runWorker(ThreadPoolExecutor.java:1149)
	at java.util.concurrent.ThreadPoolExecutor$Worker.run(ThreadPoolExecutor.java:624)
	... 1 more
Caused by: org.apache.ratis.thirdparty.io.netty.channel.AbstractChannel$AnnotatedConnectException: Connection refused: /192.168.164.217:34224
	at sun.nio.ch.SocketChannelImpl.checkConnect(Native Method)
	at sun.nio.ch.SocketChannelImpl.finishConnect(SocketChannelImpl.java:717)
	at org.apache.ratis.thirdparty.io.netty.channel.socket.nio.NioSocketChannel.doFinishConnect(NioSocketChannel.java:327)
	at org.apache.ratis.thirdparty.io.netty.channel.nio.AbstractNioChannel$AbstractNioUnsafe.finishConnect(AbstractNioChannel.java:340)
	at org.apache.ratis.thirdparty.io.netty.channel.nio.NioEventLoop.processSelectedKey(NioEventLoop.java:632)
	at org.apache.ratis.thirdparty.io.netty.channel.nio.NioEventLoop.processSelectedKeysOptimized(NioEventLoop.java:579)
	at org.apache.ratis.thirdparty.io.netty.channel.nio.NioEventLoop.processSelectedKeys(NioEventLoop.java:496)
	at org.apache.ratis.thirdparty.io.netty.channel.nio.NioEventLoop.run(NioEventLoop.java:458)
	at org.apache.ratis.thirdparty.io.netty.util.concurrent.SingleThreadEventExecutor$5.run(SingleThreadEventExecutor.java:897)
	at org.apache.ratis.thirdparty.io.netty.util.concurrent.FastThreadLocalRunnable.run(FastThreadLocalRunnable.java:30)
	... 1 more
Caused by: java.net.ConnectException: Connection refused
	... 11 more
2019-11-05 08:34:56,432 [ac799505-d01b-4984-a491-73e044603a46@group-96AF9F8BC25D-LeaderElection587] INFO  impl.RaftServerImpl (RaftServerImpl.java:setRole(184)) - ac799505-d01b-4984-a491-73e044603a46@group-96AF9F8BC25D: changes role from CANDIDATE to FOLLOWER at term 5 for DISCOVERED_A_NEW_TERM
2019-11-05 08:34:56,432 [ac799505-d01b-4984-a491-73e044603a46@group-96AF9F8BC25D-LeaderElection587] INFO  impl.RoleInfo (RoleInfo.java:shutdownLeaderElection(134)) - ac799505-d01b-4984-a491-73e044603a46: shutdown LeaderElection
2019-11-05 08:34:56,432 [ac799505-d01b-4984-a491-73e044603a46@group-96AF9F8BC25D-LeaderElection587] INFO  impl.RoleInfo (RoleInfo.java:updateAndGet(143)) - ac799505-d01b-4984-a491-73e044603a46: start FollowerState
2019-11-05 08:34:56,572 [java.util.concurrent.ThreadPoolExecutor$Worker@7a1c356f[State = -1, empty queue]] WARN  server.GrpcLogAppender (GrpcLogAppender.java:timeoutAppendRequest(209)) - fae5ccd0-edd9-4644-8d4e-9d507f6169bd@group-96AF9F8BC25D->5d271ba9-e0f4-40ff-b9fc-f90f33adc13b-GrpcLogAppender: appendEntries Timeout, request=fae5ccd0-edd9-4644-8d4e-9d507f6169bd->5d271ba9-e0f4-40ff-b9fc-f90f33adc13b#66-t4, previous=(t:4, i:4), leaderCommit=4, initializing? false, entries: <empty>
2019-11-05 08:34:57,072 [java.util.concurrent.ThreadPoolExecutor$Worker@7a1c356f[State = -1, empty queue]] WARN  server.GrpcLogAppender (GrpcLogAppender.java:timeoutAppendRequest(209)) - fae5ccd0-edd9-4644-8d4e-9d507f6169bd@group-96AF9F8BC25D->5d271ba9-e0f4-40ff-b9fc-f90f33adc13b-GrpcLogAppender: appendEntries Timeout, request=fae5ccd0-edd9-4644-8d4e-9d507f6169bd->5d271ba9-e0f4-40ff-b9fc-f90f33adc13b#67-t4, previous=(t:4, i:4), leaderCommit=4, initializing? false, entries: <empty>
2019-11-05 08:34:57,572 [java.util.concurrent.ThreadPoolExecutor$Worker@7502b76d[State = -1, empty queue]] WARN  server.GrpcLogAppender (GrpcLogAppender.java:timeoutAppendRequest(209)) - 6e52354a-8f39-4a00-bced-911c77341e64@group-785EB621D8C9->b3c4603b-a140-4f81-8843-cb94f3bca924-GrpcLogAppender: appendEntries Timeout, request=6e52354a-8f39-4a00-bced-911c77341e64->b3c4603b-a140-4f81-8843-cb94f3bca924#1-t3, previous=(t:2, i:6), leaderCommit=8, initializing? false, entries: <empty>
2019-11-05 08:34:57,572 [java.util.concurrent.ThreadPoolExecutor$Worker@7a1c356f[State = -1, empty queue]] WARN  server.GrpcLogAppender (GrpcLogAppender.java:timeoutAppendRequest(209)) - fae5ccd0-edd9-4644-8d4e-9d507f6169bd@group-96AF9F8BC25D->5d271ba9-e0f4-40ff-b9fc-f90f33adc13b-GrpcLogAppender: appendEntries Timeout, request=fae5ccd0-edd9-4644-8d4e-9d507f6169bd->5d271ba9-e0f4-40ff-b9fc-f90f33adc13b#68-t4, previous=(t:4, i:4), leaderCommit=4, initializing? false, entries: <empty>
2019-11-05 08:34:57,614 [Thread-4766] INFO  impl.FollowerState (FollowerState.java:run(108)) - ac799505-d01b-4984-a491-73e044603a46@group-96AF9F8BC25D-FollowerState: change to CANDIDATE, lastRpcTime:1182ms, electionTimeout:1182ms
2019-11-05 08:34:57,614 [Thread-4766] INFO  impl.RoleInfo (RoleInfo.java:shutdownFollowerState(121)) - ac799505-d01b-4984-a491-73e044603a46: shutdown FollowerState
2019-11-05 08:34:57,615 [Thread-4766] INFO  impl.RaftServerImpl (RaftServerImpl.java:setRole(184)) - ac799505-d01b-4984-a491-73e044603a46@group-96AF9F8BC25D: changes role from  FOLLOWER to CANDIDATE at term 5 for changeToCandidate
2019-11-05 08:34:57,615 [Thread-4766] INFO  impl.RoleInfo (RoleInfo.java:updateAndGet(143)) - ac799505-d01b-4984-a491-73e044603a46: start LeaderElection
2019-11-05 08:34:57,630 [ac799505-d01b-4984-a491-73e044603a46@group-96AF9F8BC25D-LeaderElection588] INFO  impl.LeaderElection (LeaderElection.java:askForVotes(178)) - ac799505-d01b-4984-a491-73e044603a46@group-96AF9F8BC25D-LeaderElection588: begin an election at term 6 for 0: [5d271ba9-e0f4-40ff-b9fc-f90f33adc13b:192.168.164.217:46357, ac799505-d01b-4984-a491-73e044603a46:192.168.164.217:37555, fae5ccd0-edd9-4644-8d4e-9d507f6169bd:192.168.164.217:34224], old=null
2019-11-05 08:34:57,632 [ac799505-d01b-4984-a491-73e044603a46@group-96AF9F8BC25D-LeaderElection588] INFO  impl.LeaderElection (LogUtils.java:infoOrTrace(149)) - ac799505-d01b-4984-a491-73e044603a46@group-96AF9F8BC25D-LeaderElection588 got exception when requesting votes: {}
java.util.concurrent.ExecutionException: org.apache.ratis.thirdparty.io.grpc.StatusRuntimeException: UNAVAILABLE: io exception
	at java.util.concurrent.FutureTask.report(FutureTask.java:122)
	at java.util.concurrent.FutureTask.get(FutureTask.java:192)
	at org.apache.ratis.server.impl.LeaderElection.waitForResults(LeaderElection.java:259)
	at org.apache.ratis.server.impl.LeaderElection.askForVotes(LeaderElection.java:197)
	at org.apache.ratis.server.impl.LeaderElection.run(LeaderElection.java:133)
	at java.lang.Thread.run(Thread.java:748)
Caused by: org.apache.ratis.thirdparty.io.grpc.StatusRuntimeException: UNAVAILABLE: io exception
	at org.apache.ratis.thirdparty.io.grpc.stub.ClientCalls.toStatusRuntimeException(ClientCalls.java:233)
	at org.apache.ratis.thirdparty.io.grpc.stub.ClientCalls.getUnchecked(ClientCalls.java:214)
	at org.apache.ratis.thirdparty.io.grpc.stub.ClientCalls.blockingUnaryCall(ClientCalls.java:139)
	at org.apache.ratis.proto.grpc.RaftServerProtocolServiceGrpc$RaftServerProtocolServiceBlockingStub.requestVote(RaftServerProtocolServiceGrpc.java:265)
	at org.apache.ratis.grpc.server.GrpcServerProtocolClient.requestVote(GrpcServerProtocolClient.java:99)
	at org.apache.ratis.grpc.server.GrpcService.requestVote(GrpcService.java:204)
	at org.apache.ratis.server.impl.LeaderElection.lambda$submitRequests$1(LeaderElection.java:234)
	at java.util.concurrent.FutureTask.run(FutureTask.java:266)
	at java.util.concurrent.Executors$RunnableAdapter.call(Executors.java:511)
	at java.util.concurrent.FutureTask.run(FutureTask.java:266)
	at java.util.concurrent.ThreadPoolExecutor.runWorker(ThreadPoolExecutor.java:1149)
	at java.util.concurrent.ThreadPoolExecutor$Worker.run(ThreadPoolExecutor.java:624)
	... 1 more
Caused by: org.apache.ratis.thirdparty.io.netty.channel.AbstractChannel$AnnotatedConnectException: Connection refused: /192.168.164.217:46357
	at sun.nio.ch.SocketChannelImpl.checkConnect(Native Method)
	at sun.nio.ch.SocketChannelImpl.finishConnect(SocketChannelImpl.java:717)
	at org.apache.ratis.thirdparty.io.netty.channel.socket.nio.NioSocketChannel.doFinishConnect(NioSocketChannel.java:327)
	at org.apache.ratis.thirdparty.io.netty.channel.nio.AbstractNioChannel$AbstractNioUnsafe.finishConnect(AbstractNioChannel.java:340)
	at org.apache.ratis.thirdparty.io.netty.channel.nio.NioEventLoop.processSelectedKey(NioEventLoop.java:632)
	at org.apache.ratis.thirdparty.io.netty.channel.nio.NioEventLoop.processSelectedKeysOptimized(NioEventLoop.java:579)
	at org.apache.ratis.thirdparty.io.netty.channel.nio.NioEventLoop.processSelectedKeys(NioEventLoop.java:496)
	at org.apache.ratis.thirdparty.io.netty.channel.nio.NioEventLoop.run(NioEventLoop.java:458)
	at org.apache.ratis.thirdparty.io.netty.util.concurrent.SingleThreadEventExecutor$5.run(SingleThreadEventExecutor.java:897)
	at org.apache.ratis.thirdparty.io.netty.util.concurrent.FastThreadLocalRunnable.run(FastThreadLocalRunnable.java:30)
	... 1 more
Caused by: java.net.ConnectException: Connection refused
	... 11 more
2019-11-05 08:34:57,633 [ac799505-d01b-4984-a491-73e044603a46@group-96AF9F8BC25D-LeaderElection588] INFO  impl.LeaderElection (LogUtils.java:infoOrTrace(149)) - ac799505-d01b-4984-a491-73e044603a46@group-96AF9F8BC25D-LeaderElection588 got exception when requesting votes: {}
java.util.concurrent.ExecutionException: org.apache.ratis.thirdparty.io.grpc.StatusRuntimeException: UNAVAILABLE: io exception
	at java.util.concurrent.FutureTask.report(FutureTask.java:122)
	at java.util.concurrent.FutureTask.get(FutureTask.java:192)
	at org.apache.ratis.server.impl.LeaderElection.waitForResults(LeaderElection.java:259)
	at org.apache.ratis.server.impl.LeaderElection.askForVotes(LeaderElection.java:197)
	at org.apache.ratis.server.impl.LeaderElection.run(LeaderElection.java:133)
	at java.lang.Thread.run(Thread.java:748)
Caused by: org.apache.ratis.thirdparty.io.grpc.StatusRuntimeException: UNAVAILABLE: io exception
	at org.apache.ratis.thirdparty.io.grpc.stub.ClientCalls.toStatusRuntimeException(ClientCalls.java:233)
	at org.apache.ratis.thirdparty.io.grpc.stub.ClientCalls.getUnchecked(ClientCalls.java:214)
	at org.apache.ratis.thirdparty.io.grpc.stub.ClientCalls.blockingUnaryCall(ClientCalls.java:139)
	at org.apache.ratis.proto.grpc.RaftServerProtocolServiceGrpc$RaftServerProtocolServiceBlockingStub.requestVote(RaftServerProtocolServiceGrpc.java:265)
	at org.apache.ratis.grpc.server.GrpcServerProtocolClient.requestVote(GrpcServerProtocolClient.java:99)
	at org.apache.ratis.grpc.server.GrpcService.requestVote(GrpcService.java:204)
	at org.apache.ratis.server.impl.LeaderElection.lambda$submitRequests$1(LeaderElection.java:234)
	at java.util.concurrent.FutureTask.run(FutureTask.java:266)
	at java.util.concurrent.Executors$RunnableAdapter.call(Executors.java:511)
	at java.util.concurrent.FutureTask.run(FutureTask.java:266)
	at java.util.concurrent.ThreadPoolExecutor.runWorker(ThreadPoolExecutor.java:1149)
	at java.util.concurrent.ThreadPoolExecutor$Worker.run(ThreadPoolExecutor.java:624)
	... 1 more
Caused by: org.apache.ratis.thirdparty.io.netty.channel.AbstractChannel$AnnotatedConnectException: Connection refused: /192.168.164.217:34224
	at sun.nio.ch.SocketChannelImpl.checkConnect(Native Method)
	at sun.nio.ch.SocketChannelImpl.finishConnect(SocketChannelImpl.java:717)
	at org.apache.ratis.thirdparty.io.netty.channel.socket.nio.NioSocketChannel.doFinishConnect(NioSocketChannel.java:327)
	at org.apache.ratis.thirdparty.io.netty.channel.nio.AbstractNioChannel$AbstractNioUnsafe.finishConnect(AbstractNioChannel.java:340)
	at org.apache.ratis.thirdparty.io.netty.channel.nio.NioEventLoop.processSelectedKey(NioEventLoop.java:632)
	at org.apache.ratis.thirdparty.io.netty.channel.nio.NioEventLoop.processSelectedKeysOptimized(NioEventLoop.java:579)
	at org.apache.ratis.thirdparty.io.netty.channel.nio.NioEventLoop.processSelectedKeys(NioEventLoop.java:496)
	at org.apache.ratis.thirdparty.io.netty.channel.nio.NioEventLoop.run(NioEventLoop.java:458)
	at org.apache.ratis.thirdparty.io.netty.util.concurrent.SingleThreadEventExecutor$5.run(SingleThreadEventExecutor.java:897)
	at org.apache.ratis.thirdparty.io.netty.util.concurrent.FastThreadLocalRunnable.run(FastThreadLocalRunnable.java:30)
	... 1 more
Caused by: java.net.ConnectException: Connection refused
	... 11 more
2019-11-05 08:34:57,633 [ac799505-d01b-4984-a491-73e044603a46@group-96AF9F8BC25D-LeaderElection588] INFO  impl.LeaderElection (LeaderElection.java:logAndReturn(56)) - ac799505-d01b-4984-a491-73e044603a46@group-96AF9F8BC25D-LeaderElection588: Election REJECTED; received 0 response(s) [] and 2 exception(s); ac799505-d01b-4984-a491-73e044603a46@group-96AF9F8BC25D:t6, leader=null, voted=ac799505-d01b-4984-a491-73e044603a46, raftlog=ac799505-d01b-4984-a491-73e044603a46@group-96AF9F8BC25D-SegmentedRaftLog:OPENED:c4,f4,i4, conf=0: [5d271ba9-e0f4-40ff-b9fc-f90f33adc13b:192.168.164.217:46357, ac799505-d01b-4984-a491-73e044603a46:192.168.164.217:37555, fae5ccd0-edd9-4644-8d4e-9d507f6169bd:192.168.164.217:34224], old=null
2019-11-05 08:34:57,633 [ac799505-d01b-4984-a491-73e044603a46@group-96AF9F8BC25D-LeaderElection588] INFO  impl.LeaderElection (LogUtils.java:infoOrTrace(149)) -   Exception 0: {}
java.util.concurrent.ExecutionException: org.apache.ratis.thirdparty.io.grpc.StatusRuntimeException: UNAVAILABLE: io exception
	at java.util.concurrent.FutureTask.report(FutureTask.java:122)
	at java.util.concurrent.FutureTask.get(FutureTask.java:192)
	at org.apache.ratis.server.impl.LeaderElection.waitForResults(LeaderElection.java:259)
	at org.apache.ratis.server.impl.LeaderElection.askForVotes(LeaderElection.java:197)
	at org.apache.ratis.server.impl.LeaderElection.run(LeaderElection.java:133)
	at java.lang.Thread.run(Thread.java:748)
Caused by: org.apache.ratis.thirdparty.io.grpc.StatusRuntimeException: UNAVAILABLE: io exception
	at org.apache.ratis.thirdparty.io.grpc.stub.ClientCalls.toStatusRuntimeException(ClientCalls.java:233)
	at org.apache.ratis.thirdparty.io.grpc.stub.ClientCalls.getUnchecked(ClientCalls.java:214)
	at org.apache.ratis.thirdparty.io.grpc.stub.ClientCalls.blockingUnaryCall(ClientCalls.java:139)
	at org.apache.ratis.proto.grpc.RaftServerProtocolServiceGrpc$RaftServerProtocolServiceBlockingStub.requestVote(RaftServerProtocolServiceGrpc.java:265)
	at org.apache.ratis.grpc.server.GrpcServerProtocolClient.requestVote(GrpcServerProtocolClient.java:99)
	at org.apache.ratis.grpc.server.GrpcService.requestVote(GrpcService.java:204)
	at org.apache.ratis.server.impl.LeaderElection.lambda$submitRequests$1(LeaderElection.java:234)
	at java.util.concurrent.FutureTask.run(FutureTask.java:266)
	at java.util.concurrent.Executors$RunnableAdapter.call(Executors.java:511)
	at java.util.concurrent.FutureTask.run(FutureTask.java:266)
	at java.util.concurrent.ThreadPoolExecutor.runWorker(ThreadPoolExecutor.java:1149)
	at java.util.concurrent.ThreadPoolExecutor$Worker.run(ThreadPoolExecutor.java:624)
	... 1 more
Caused by: org.apache.ratis.thirdparty.io.netty.channel.AbstractChannel$AnnotatedConnectException: Connection refused: /192.168.164.217:46357
	at sun.nio.ch.SocketChannelImpl.checkConnect(Native Method)
	at sun.nio.ch.SocketChannelImpl.finishConnect(SocketChannelImpl.java:717)
	at org.apache.ratis.thirdparty.io.netty.channel.socket.nio.NioSocketChannel.doFinishConnect(NioSocketChannel.java:327)
	at org.apache.ratis.thirdparty.io.netty.channel.nio.AbstractNioChannel$AbstractNioUnsafe.finishConnect(AbstractNioChannel.java:340)
	at org.apache.ratis.thirdparty.io.netty.channel.nio.NioEventLoop.processSelectedKey(NioEventLoop.java:632)
	at org.apache.ratis.thirdparty.io.netty.channel.nio.NioEventLoop.processSelectedKeysOptimized(NioEventLoop.java:579)
	at org.apache.ratis.thirdparty.io.netty.channel.nio.NioEventLoop.processSelectedKeys(NioEventLoop.java:496)
	at org.apache.ratis.thirdparty.io.netty.channel.nio.NioEventLoop.run(NioEventLoop.java:458)
	at org.apache.ratis.thirdparty.io.netty.util.concurrent.SingleThreadEventExecutor$5.run(SingleThreadEventExecutor.java:897)
	at org.apache.ratis.thirdparty.io.netty.util.concurrent.FastThreadLocalRunnable.run(FastThreadLocalRunnable.java:30)
	... 1 more
Caused by: java.net.ConnectException: Connection refused
	... 11 more
2019-11-05 08:34:57,634 [ac799505-d01b-4984-a491-73e044603a46@group-96AF9F8BC25D-LeaderElection588] INFO  impl.LeaderElection (LogUtils.java:infoOrTrace(149)) -   Exception 1: {}
java.util.concurrent.ExecutionException: org.apache.ratis.thirdparty.io.grpc.StatusRuntimeException: UNAVAILABLE: io exception
	at java.util.concurrent.FutureTask.report(FutureTask.java:122)
	at java.util.concurrent.FutureTask.get(FutureTask.java:192)
	at org.apache.ratis.server.impl.LeaderElection.waitForResults(LeaderElection.java:259)
	at org.apache.ratis.server.impl.LeaderElection.askForVotes(LeaderElection.java:197)
	at org.apache.ratis.server.impl.LeaderElection.run(LeaderElection.java:133)
	at java.lang.Thread.run(Thread.java:748)
Caused by: org.apache.ratis.thirdparty.io.grpc.StatusRuntimeException: UNAVAILABLE: io exception
	at org.apache.ratis.thirdparty.io.grpc.stub.ClientCalls.toStatusRuntimeException(ClientCalls.java:233)
	at org.apache.ratis.thirdparty.io.grpc.stub.ClientCalls.getUnchecked(ClientCalls.java:214)
	at org.apache.ratis.thirdparty.io.grpc.stub.ClientCalls.blockingUnaryCall(ClientCalls.java:139)
	at org.apache.ratis.proto.grpc.RaftServerProtocolServiceGrpc$RaftServerProtocolServiceBlockingStub.requestVote(RaftServerProtocolServiceGrpc.java:265)
	at org.apache.ratis.grpc.server.GrpcServerProtocolClient.requestVote(GrpcServerProtocolClient.java:99)
	at org.apache.ratis.grpc.server.GrpcService.requestVote(GrpcService.java:204)
	at org.apache.ratis.server.impl.LeaderElection.lambda$submitRequests$1(LeaderElection.java:234)
	at java.util.concurrent.FutureTask.run(FutureTask.java:266)
	at java.util.concurrent.Executors$RunnableAdapter.call(Executors.java:511)
	at java.util.concurrent.FutureTask.run(FutureTask.java:266)
	at java.util.concurrent.ThreadPoolExecutor.runWorker(ThreadPoolExecutor.java:1149)
	at java.util.concurrent.ThreadPoolExecutor$Worker.run(ThreadPoolExecutor.java:624)
	... 1 more
Caused by: org.apache.ratis.thirdparty.io.netty.channel.AbstractChannel$AnnotatedConnectException: Connection refused: /192.168.164.217:34224
	at sun.nio.ch.SocketChannelImpl.checkConnect(Native Method)
	at sun.nio.ch.SocketChannelImpl.finishConnect(SocketChannelImpl.java:717)
	at org.apache.ratis.thirdparty.io.netty.channel.socket.nio.NioSocketChannel.doFinishConnect(NioSocketChannel.java:327)
	at org.apache.ratis.thirdparty.io.netty.channel.nio.AbstractNioChannel$AbstractNioUnsafe.finishConnect(AbstractNioChannel.java:340)
	at org.apache.ratis.thirdparty.io.netty.channel.nio.NioEventLoop.processSelectedKey(NioEventLoop.java:632)
	at org.apache.ratis.thirdparty.io.netty.channel.nio.NioEventLoop.processSelectedKeysOptimized(NioEventLoop.java:579)
	at org.apache.ratis.thirdparty.io.netty.channel.nio.NioEventLoop.processSelectedKeys(NioEventLoop.java:496)
	at org.apache.ratis.thirdparty.io.netty.channel.nio.NioEventLoop.run(NioEventLoop.java:458)
	at org.apache.ratis.thirdparty.io.netty.util.concurrent.SingleThreadEventExecutor$5.run(SingleThreadEventExecutor.java:897)
	at org.apache.ratis.thirdparty.io.netty.util.concurrent.FastThreadLocalRunnable.run(FastThreadLocalRunnable.java:30)
	... 1 more
Caused by: java.net.ConnectException: Connection refused
	... 11 more
2019-11-05 08:34:57,634 [ac799505-d01b-4984-a491-73e044603a46@group-96AF9F8BC25D-LeaderElection588] INFO  impl.RaftServerImpl (RaftServerImpl.java:setRole(184)) - ac799505-d01b-4984-a491-73e044603a46@group-96AF9F8BC25D: changes role from CANDIDATE to FOLLOWER at term 6 for DISCOVERED_A_NEW_TERM
2019-11-05 08:34:57,634 [ac799505-d01b-4984-a491-73e044603a46@group-96AF9F8BC25D-LeaderElection588] INFO  impl.RoleInfo (RoleInfo.java:shutdownLeaderElection(134)) - ac799505-d01b-4984-a491-73e044603a46: shutdown LeaderElection
2019-11-05 08:34:57,634 [ac799505-d01b-4984-a491-73e044603a46@group-96AF9F8BC25D-LeaderElection588] INFO  impl.RoleInfo (RoleInfo.java:updateAndGet(143)) - ac799505-d01b-4984-a491-73e044603a46: start FollowerState
2019-11-05 08:34:58,162 [java.util.concurrent.ThreadPoolExecutor$Worker@4e22d017[State = -1, empty queue]] WARN  server.GrpcLogAppender (GrpcLogAppender.java:timeoutAppendRequest(209)) - 6e52354a-8f39-4a00-bced-911c77341e64@group-785EB621D8C9->ce6aaef5-0e62-4cca-9483-e7266dc5c7be-GrpcLogAppender: appendEntries Timeout, request=6e52354a-8f39-4a00-bced-911c77341e64->ce6aaef5-0e62-4cca-9483-e7266dc5c7be#9-t3, previous=(t:3, i:8), leaderCommit=8, initializing? false, entries: <empty>
2019-11-05 08:34:58,664 [java.util.concurrent.ThreadPoolExecutor$Worker@4e22d017[State = -1, empty queue]] WARN  server.GrpcLogAppender (GrpcLogAppender.java:timeoutAppendRequest(209)) - 6e52354a-8f39-4a00-bced-911c77341e64@group-785EB621D8C9->ce6aaef5-0e62-4cca-9483-e7266dc5c7be-GrpcLogAppender: appendEntries Timeout, request=6e52354a-8f39-4a00-bced-911c77341e64->ce6aaef5-0e62-4cca-9483-e7266dc5c7be#10-t3, previous=(t:3, i:8), leaderCommit=8, initializing? false, entries: <empty>
2019-11-05 08:34:58,833 [Thread-4770] INFO  impl.FollowerState (FollowerState.java:run(108)) - ac799505-d01b-4984-a491-73e044603a46@group-96AF9F8BC25D-FollowerState: change to CANDIDATE, lastRpcTime:1198ms, electionTimeout:1198ms
2019-11-05 08:34:58,833 [Thread-4770] INFO  impl.RoleInfo (RoleInfo.java:shutdownFollowerState(121)) - ac799505-d01b-4984-a491-73e044603a46: shutdown FollowerState
2019-11-05 08:34:58,833 [Thread-4770] INFO  impl.RaftServerImpl (RaftServerImpl.java:setRole(184)) - ac799505-d01b-4984-a491-73e044603a46@group-96AF9F8BC25D: changes role from  FOLLOWER to CANDIDATE at term 6 for changeToCandidate
2019-11-05 08:34:58,834 [Thread-4770] INFO  impl.RoleInfo (RoleInfo.java:updateAndGet(143)) - ac799505-d01b-4984-a491-73e044603a46: start LeaderElection
2019-11-05 08:34:58,849 [ac799505-d01b-4984-a491-73e044603a46@group-96AF9F8BC25D-LeaderElection589] INFO  impl.LeaderElection (LeaderElection.java:askForVotes(178)) - ac799505-d01b-4984-a491-73e044603a46@group-96AF9F8BC25D-LeaderElection589: begin an election at term 7 for 0: [5d271ba9-e0f4-40ff-b9fc-f90f33adc13b:192.168.164.217:46357, ac799505-d01b-4984-a491-73e044603a46:192.168.164.217:37555, fae5ccd0-edd9-4644-8d4e-9d507f6169bd:192.168.164.217:34224], old=null
2019-11-05 08:34:58,852 [ac799505-d01b-4984-a491-73e044603a46@group-96AF9F8BC25D-LeaderElection589] INFO  impl.LeaderElection (LogUtils.java:infoOrTrace(149)) - ac799505-d01b-4984-a491-73e044603a46@group-96AF9F8BC25D-LeaderElection589 got exception when requesting votes: {}
java.util.concurrent.ExecutionException: org.apache.ratis.thirdparty.io.grpc.StatusRuntimeException: UNAVAILABLE: io exception
	at java.util.concurrent.FutureTask.report(FutureTask.java:122)
	at java.util.concurrent.FutureTask.get(FutureTask.java:192)
	at org.apache.ratis.server.impl.LeaderElection.waitForResults(LeaderElection.java:259)
	at org.apache.ratis.server.impl.LeaderElection.askForVotes(LeaderElection.java:197)
	at org.apache.ratis.server.impl.LeaderElection.run(LeaderElection.java:133)
	at java.lang.Thread.run(Thread.java:748)
Caused by: org.apache.ratis.thirdparty.io.grpc.StatusRuntimeException: UNAVAILABLE: io exception
	at org.apache.ratis.thirdparty.io.grpc.stub.ClientCalls.toStatusRuntimeException(ClientCalls.java:233)
	at org.apache.ratis.thirdparty.io.grpc.stub.ClientCalls.getUnchecked(ClientCalls.java:214)
	at org.apache.ratis.thirdparty.io.grpc.stub.ClientCalls.blockingUnaryCall(ClientCalls.java:139)
	at org.apache.ratis.proto.grpc.RaftServerProtocolServiceGrpc$RaftServerProtocolServiceBlockingStub.requestVote(RaftServerProtocolServiceGrpc.java:265)
	at org.apache.ratis.grpc.server.GrpcServerProtocolClient.requestVote(GrpcServerProtocolClient.java:99)
	at org.apache.ratis.grpc.server.GrpcService.requestVote(GrpcService.java:204)
	at org.apache.ratis.server.impl.LeaderElection.lambda$submitRequests$1(LeaderElection.java:234)
	at java.util.concurrent.FutureTask.run(FutureTask.java:266)
	at java.util.concurrent.Executors$RunnableAdapter.call(Executors.java:511)
	at java.util.concurrent.FutureTask.run(FutureTask.java:266)
	at java.util.concurrent.ThreadPoolExecutor.runWorker(ThreadPoolExecutor.java:1149)
	at java.util.concurrent.ThreadPoolExecutor$Worker.run(ThreadPoolExecutor.java:624)
	... 1 more
Caused by: org.apache.ratis.thirdparty.io.netty.channel.AbstractChannel$AnnotatedConnectException: Connection refused: /192.168.164.217:34224
	at sun.nio.ch.SocketChannelImpl.checkConnect(Native Method)
	at sun.nio.ch.SocketChannelImpl.finishConnect(SocketChannelImpl.java:717)
	at org.apache.ratis.thirdparty.io.netty.channel.socket.nio.NioSocketChannel.doFinishConnect(NioSocketChannel.java:327)
	at org.apache.ratis.thirdparty.io.netty.channel.nio.AbstractNioChannel$AbstractNioUnsafe.finishConnect(AbstractNioChannel.java:340)
	at org.apache.ratis.thirdparty.io.netty.channel.nio.NioEventLoop.processSelectedKey(NioEventLoop.java:632)
	at org.apache.ratis.thirdparty.io.netty.channel.nio.NioEventLoop.processSelectedKeysOptimized(NioEventLoop.java:579)
	at org.apache.ratis.thirdparty.io.netty.channel.nio.NioEventLoop.processSelectedKeys(NioEventLoop.java:496)
	at org.apache.ratis.thirdparty.io.netty.channel.nio.NioEventLoop.run(NioEventLoop.java:458)
	at org.apache.ratis.thirdparty.io.netty.util.concurrent.SingleThreadEventExecutor$5.run(SingleThreadEventExecutor.java:897)
	at org.apache.ratis.thirdparty.io.netty.util.concurrent.FastThreadLocalRunnable.run(FastThreadLocalRunnable.java:30)
	... 1 more
Caused by: java.net.ConnectException: Connection refused
	... 11 more
2019-11-05 08:34:58,853 [ac799505-d01b-4984-a491-73e044603a46@group-96AF9F8BC25D-LeaderElection589] INFO  impl.LeaderElection (LogUtils.java:infoOrTrace(149)) - ac799505-d01b-4984-a491-73e044603a46@group-96AF9F8BC25D-LeaderElection589 got exception when requesting votes: {}
java.util.concurrent.ExecutionException: org.apache.ratis.thirdparty.io.grpc.StatusRuntimeException: UNAVAILABLE: io exception
	at java.util.concurrent.FutureTask.report(FutureTask.java:122)
	at java.util.concurrent.FutureTask.get(FutureTask.java:192)
	at org.apache.ratis.server.impl.LeaderElection.waitForResults(LeaderElection.java:259)
	at org.apache.ratis.server.impl.LeaderElection.askForVotes(LeaderElection.java:197)
	at org.apache.ratis.server.impl.LeaderElection.run(LeaderElection.java:133)
	at java.lang.Thread.run(Thread.java:748)
Caused by: org.apache.ratis.thirdparty.io.grpc.StatusRuntimeException: UNAVAILABLE: io exception
	at org.apache.ratis.thirdparty.io.grpc.stub.ClientCalls.toStatusRuntimeException(ClientCalls.java:233)
	at org.apache.ratis.thirdparty.io.grpc.stub.ClientCalls.getUnchecked(ClientCalls.java:214)
	at org.apache.ratis.thirdparty.io.grpc.stub.ClientCalls.blockingUnaryCall(ClientCalls.java:139)
	at org.apache.ratis.proto.grpc.RaftServerProtocolServiceGrpc$RaftServerProtocolServiceBlockingStub.requestVote(RaftServerProtocolServiceGrpc.java:265)
	at org.apache.ratis.grpc.server.GrpcServerProtocolClient.requestVote(GrpcServerProtocolClient.java:99)
	at org.apache.ratis.grpc.server.GrpcService.requestVote(GrpcService.java:204)
	at org.apache.ratis.server.impl.LeaderElection.lambda$submitRequests$1(LeaderElection.java:234)
	at java.util.concurrent.FutureTask.run(FutureTask.java:266)
	at java.util.concurrent.Executors$RunnableAdapter.call(Executors.java:511)
	at java.util.concurrent.FutureTask.run(FutureTask.java:266)
	at java.util.concurrent.ThreadPoolExecutor.runWorker(ThreadPoolExecutor.java:1149)
	at java.util.concurrent.ThreadPoolExecutor$Worker.run(ThreadPoolExecutor.java:624)
	... 1 more
Caused by: org.apache.ratis.thirdparty.io.netty.channel.AbstractChannel$AnnotatedConnectException: Connection refused: /192.168.164.217:46357
	at sun.nio.ch.SocketChannelImpl.checkConnect(Native Method)
	at sun.nio.ch.SocketChannelImpl.finishConnect(SocketChannelImpl.java:717)
	at org.apache.ratis.thirdparty.io.netty.channel.socket.nio.NioSocketChannel.doFinishConnect(NioSocketChannel.java:327)
	at org.apache.ratis.thirdparty.io.netty.channel.nio.AbstractNioChannel$AbstractNioUnsafe.finishConnect(AbstractNioChannel.java:340)
	at org.apache.ratis.thirdparty.io.netty.channel.nio.NioEventLoop.processSelectedKey(NioEventLoop.java:632)
	at org.apache.ratis.thirdparty.io.netty.channel.nio.NioEventLoop.processSelectedKeysOptimized(NioEventLoop.java:579)
	at org.apache.ratis.thirdparty.io.netty.channel.nio.NioEventLoop.processSelectedKeys(NioEventLoop.java:496)
	at org.apache.ratis.thirdparty.io.netty.channel.nio.NioEventLoop.run(NioEventLoop.java:458)
	at org.apache.ratis.thirdparty.io.netty.util.concurrent.SingleThreadEventExecutor$5.run(SingleThreadEventExecutor.java:897)
	at org.apache.ratis.thirdparty.io.netty.util.concurrent.FastThreadLocalRunnable.run(FastThreadLocalRunnable.java:30)
	... 1 more
Caused by: java.net.ConnectException: Connection refused
	... 11 more
2019-11-05 08:34:58,853 [ac799505-d01b-4984-a491-73e044603a46@group-96AF9F8BC25D-LeaderElection589] INFO  impl.LeaderElection (LeaderElection.java:logAndReturn(56)) - ac799505-d01b-4984-a491-73e044603a46@group-96AF9F8BC25D-LeaderElection589: Election REJECTED; received 0 response(s) [] and 2 exception(s); ac799505-d01b-4984-a491-73e044603a46@group-96AF9F8BC25D:t7, leader=null, voted=ac799505-d01b-4984-a491-73e044603a46, raftlog=ac799505-d01b-4984-a491-73e044603a46@group-96AF9F8BC25D-SegmentedRaftLog:OPENED:c4,f4,i4, conf=0: [5d271ba9-e0f4-40ff-b9fc-f90f33adc13b:192.168.164.217:46357, ac799505-d01b-4984-a491-73e044603a46:192.168.164.217:37555, fae5ccd0-edd9-4644-8d4e-9d507f6169bd:192.168.164.217:34224], old=null
2019-11-05 08:34:58,853 [ac799505-d01b-4984-a491-73e044603a46@group-96AF9F8BC25D-LeaderElection589] INFO  impl.LeaderElection (LogUtils.java:infoOrTrace(149)) -   Exception 0: {}
java.util.concurrent.ExecutionException: org.apache.ratis.thirdparty.io.grpc.StatusRuntimeException: UNAVAILABLE: io exception
	at java.util.concurrent.FutureTask.report(FutureTask.java:122)
	at java.util.concurrent.FutureTask.get(FutureTask.java:192)
	at org.apache.ratis.server.impl.LeaderElection.waitForResults(LeaderElection.java:259)
	at org.apache.ratis.server.impl.LeaderElection.askForVotes(LeaderElection.java:197)
	at org.apache.ratis.server.impl.LeaderElection.run(LeaderElection.java:133)
	at java.lang.Thread.run(Thread.java:748)
Caused by: org.apache.ratis.thirdparty.io.grpc.StatusRuntimeException: UNAVAILABLE: io exception
	at org.apache.ratis.thirdparty.io.grpc.stub.ClientCalls.toStatusRuntimeException(ClientCalls.java:233)
	at org.apache.ratis.thirdparty.io.grpc.stub.ClientCalls.getUnchecked(ClientCalls.java:214)
	at org.apache.ratis.thirdparty.io.grpc.stub.ClientCalls.blockingUnaryCall(ClientCalls.java:139)
	at org.apache.ratis.proto.grpc.RaftServerProtocolServiceGrpc$RaftServerProtocolServiceBlockingStub.requestVote(RaftServerProtocolServiceGrpc.java:265)
	at org.apache.ratis.grpc.server.GrpcServerProtocolClient.requestVote(GrpcServerProtocolClient.java:99)
	at org.apache.ratis.grpc.server.GrpcService.requestVote(GrpcService.java:204)
	at org.apache.ratis.server.impl.LeaderElection.lambda$submitRequests$1(LeaderElection.java:234)
	at java.util.concurrent.FutureTask.run(FutureTask.java:266)
	at java.util.concurrent.Executors$RunnableAdapter.call(Executors.java:511)
	at java.util.concurrent.FutureTask.run(FutureTask.java:266)
	at java.util.concurrent.ThreadPoolExecutor.runWorker(ThreadPoolExecutor.java:1149)
	at java.util.concurrent.ThreadPoolExecutor$Worker.run(ThreadPoolExecutor.java:624)
	... 1 more
Caused by: org.apache.ratis.thirdparty.io.netty.channel.AbstractChannel$AnnotatedConnectException: Connection refused: /192.168.164.217:34224
	at sun.nio.ch.SocketChannelImpl.checkConnect(Native Method)
	at sun.nio.ch.SocketChannelImpl.finishConnect(SocketChannelImpl.java:717)
	at org.apache.ratis.thirdparty.io.netty.channel.socket.nio.NioSocketChannel.doFinishConnect(NioSocketChannel.java:327)
	at org.apache.ratis.thirdparty.io.netty.channel.nio.AbstractNioChannel$AbstractNioUnsafe.finishConnect(AbstractNioChannel.java:340)
	at org.apache.ratis.thirdparty.io.netty.channel.nio.NioEventLoop.processSelectedKey(NioEventLoop.java:632)
	at org.apache.ratis.thirdparty.io.netty.channel.nio.NioEventLoop.processSelectedKeysOptimized(NioEventLoop.java:579)
	at org.apache.ratis.thirdparty.io.netty.channel.nio.NioEventLoop.processSelectedKeys(NioEventLoop.java:496)
	at org.apache.ratis.thirdparty.io.netty.channel.nio.NioEventLoop.run(NioEventLoop.java:458)
	at org.apache.ratis.thirdparty.io.netty.util.concurrent.SingleThreadEventExecutor$5.run(SingleThreadEventExecutor.java:897)
	at org.apache.ratis.thirdparty.io.netty.util.concurrent.FastThreadLocalRunnable.run(FastThreadLocalRunnable.java:30)
	... 1 more
Caused by: java.net.ConnectException: Connection refused
	... 11 more
2019-11-05 08:34:58,854 [ac799505-d01b-4984-a491-73e044603a46@group-96AF9F8BC25D-LeaderElection589] INFO  impl.LeaderElection (LogUtils.java:infoOrTrace(149)) -   Exception 1: {}
java.util.concurrent.ExecutionException: org.apache.ratis.thirdparty.io.grpc.StatusRuntimeException: UNAVAILABLE: io exception
	at java.util.concurrent.FutureTask.report(FutureTask.java:122)
	at java.util.concurrent.FutureTask.get(FutureTask.java:192)
	at org.apache.ratis.server.impl.LeaderElection.waitForResults(LeaderElection.java:259)
	at org.apache.ratis.server.impl.LeaderElection.askForVotes(LeaderElection.java:197)
	at org.apache.ratis.server.impl.LeaderElection.run(LeaderElection.java:133)
	at java.lang.Thread.run(Thread.java:748)
Caused by: org.apache.ratis.thirdparty.io.grpc.StatusRuntimeException: UNAVAILABLE: io exception
	at org.apache.ratis.thirdparty.io.grpc.stub.ClientCalls.toStatusRuntimeException(ClientCalls.java:233)
	at org.apache.ratis.thirdparty.io.grpc.stub.ClientCalls.getUnchecked(ClientCalls.java:214)
	at org.apache.ratis.thirdparty.io.grpc.stub.ClientCalls.blockingUnaryCall(ClientCalls.java:139)
	at org.apache.ratis.proto.grpc.RaftServerProtocolServiceGrpc$RaftServerProtocolServiceBlockingStub.requestVote(RaftServerProtocolServiceGrpc.java:265)
	at org.apache.ratis.grpc.server.GrpcServerProtocolClient.requestVote(GrpcServerProtocolClient.java:99)
	at org.apache.ratis.grpc.server.GrpcService.requestVote(GrpcService.java:204)
	at org.apache.ratis.server.impl.LeaderElection.lambda$submitRequests$1(LeaderElection.java:234)
	at java.util.concurrent.FutureTask.run(FutureTask.java:266)
	at java.util.concurrent.Executors$RunnableAdapter.call(Executors.java:511)
	at java.util.concurrent.FutureTask.run(FutureTask.java:266)
	at java.util.concurrent.ThreadPoolExecutor.runWorker(ThreadPoolExecutor.java:1149)
	at java.util.concurrent.ThreadPoolExecutor$Worker.run(ThreadPoolExecutor.java:624)
	... 1 more
Caused by: org.apache.ratis.thirdparty.io.netty.channel.AbstractChannel$AnnotatedConnectException: Connection refused: /192.168.164.217:46357
	at sun.nio.ch.SocketChannelImpl.checkConnect(Native Method)
	at sun.nio.ch.SocketChannelImpl.finishConnect(SocketChannelImpl.java:717)
	at org.apache.ratis.thirdparty.io.netty.channel.socket.nio.NioSocketChannel.doFinishConnect(NioSocketChannel.java:327)
	at org.apache.ratis.thirdparty.io.netty.channel.nio.AbstractNioChannel$AbstractNioUnsafe.finishConnect(AbstractNioChannel.java:340)
	at org.apache.ratis.thirdparty.io.netty.channel.nio.NioEventLoop.processSelectedKey(NioEventLoop.java:632)
	at org.apache.ratis.thirdparty.io.netty.channel.nio.NioEventLoop.processSelectedKeysOptimized(NioEventLoop.java:579)
	at org.apache.ratis.thirdparty.io.netty.channel.nio.NioEventLoop.processSelectedKeys(NioEventLoop.java:496)
	at org.apache.ratis.thirdparty.io.netty.channel.nio.NioEventLoop.run(NioEventLoop.java:458)
	at org.apache.ratis.thirdparty.io.netty.util.concurrent.SingleThreadEventExecutor$5.run(SingleThreadEventExecutor.java:897)
	at org.apache.ratis.thirdparty.io.netty.util.concurrent.FastThreadLocalRunnable.run(FastThreadLocalRunnable.java:30)
	... 1 more
Caused by: java.net.ConnectException: Connection refused
	... 11 more
2019-11-05 08:34:58,854 [ac799505-d01b-4984-a491-73e044603a46@group-96AF9F8BC25D-LeaderElection589] INFO  impl.RaftServerImpl (RaftServerImpl.java:setRole(184)) - ac799505-d01b-4984-a491-73e044603a46@group-96AF9F8BC25D: changes role from CANDIDATE to FOLLOWER at term 7 for DISCOVERED_A_NEW_TERM
2019-11-05 08:34:58,854 [ac799505-d01b-4984-a491-73e044603a46@group-96AF9F8BC25D-LeaderElection589] INFO  impl.RoleInfo (RoleInfo.java:shutdownLeaderElection(134)) - ac799505-d01b-4984-a491-73e044603a46: shutdown LeaderElection
2019-11-05 08:34:58,854 [ac799505-d01b-4984-a491-73e044603a46@group-96AF9F8BC25D-LeaderElection589] INFO  impl.RoleInfo (RoleInfo.java:updateAndGet(143)) - ac799505-d01b-4984-a491-73e044603a46: start FollowerState
2019-11-05 08:34:59,164 [java.util.concurrent.ThreadPoolExecutor$Worker@4e22d017[State = -1, empty queue]] WARN  server.GrpcLogAppender (GrpcLogAppender.java:timeoutAppendRequest(209)) - 6e52354a-8f39-4a00-bced-911c77341e64@group-785EB621D8C9->ce6aaef5-0e62-4cca-9483-e7266dc5c7be-GrpcLogAppender: appendEntries Timeout, request=6e52354a-8f39-4a00-bced-911c77341e64->ce6aaef5-0e62-4cca-9483-e7266dc5c7be#11-t3, previous=(t:3, i:8), leaderCommit=8, initializing? false, entries: <empty>
2019-11-05 08:34:59,665 [java.util.concurrent.ThreadPoolExecutor$Worker@4e22d017[State = -1, empty queue]] WARN  server.GrpcLogAppender (GrpcLogAppender.java:timeoutAppendRequest(209)) - 6e52354a-8f39-4a00-bced-911c77341e64@group-785EB621D8C9->ce6aaef5-0e62-4cca-9483-e7266dc5c7be-GrpcLogAppender: appendEntries Timeout, request=6e52354a-8f39-4a00-bced-911c77341e64->ce6aaef5-0e62-4cca-9483-e7266dc5c7be#12-t3, previous=(t:3, i:8), leaderCommit=8, initializing? false, entries: <empty>
2019-11-05 08:34:59,876 [Thread-4774] INFO  impl.FollowerState (FollowerState.java:run(108)) - ac799505-d01b-4984-a491-73e044603a46@group-96AF9F8BC25D-FollowerState: change to CANDIDATE, lastRpcTime:1021ms, electionTimeout:1021ms
2019-11-05 08:34:59,876 [Thread-4774] INFO  impl.RoleInfo (RoleInfo.java:shutdownFollowerState(121)) - ac799505-d01b-4984-a491-73e044603a46: shutdown FollowerState
2019-11-05 08:34:59,877 [Thread-4774] INFO  impl.RaftServerImpl (RaftServerImpl.java:setRole(184)) - ac799505-d01b-4984-a491-73e044603a46@group-96AF9F8BC25D: changes role from  FOLLOWER to CANDIDATE at term 7 for changeToCandidate
2019-11-05 08:34:59,877 [Thread-4774] INFO  impl.RoleInfo (RoleInfo.java:updateAndGet(143)) - ac799505-d01b-4984-a491-73e044603a46: start LeaderElection
2019-11-05 08:34:59,891 [ac799505-d01b-4984-a491-73e044603a46@group-96AF9F8BC25D-LeaderElection590] INFO  impl.LeaderElection (LeaderElection.java:askForVotes(178)) - ac799505-d01b-4984-a491-73e044603a46@group-96AF9F8BC25D-LeaderElection590: begin an election at term 8 for 0: [5d271ba9-e0f4-40ff-b9fc-f90f33adc13b:192.168.164.217:46357, ac799505-d01b-4984-a491-73e044603a46:192.168.164.217:37555, fae5ccd0-edd9-4644-8d4e-9d507f6169bd:192.168.164.217:34224], old=null
2019-11-05 08:34:59,892 [ac799505-d01b-4984-a491-73e044603a46@group-96AF9F8BC25D-LeaderElection590] INFO  impl.LeaderElection (LogUtils.java:infoOrTrace(149)) - ac799505-d01b-4984-a491-73e044603a46@group-96AF9F8BC25D-LeaderElection590 got exception when requesting votes: {}
java.util.concurrent.ExecutionException: org.apache.ratis.thirdparty.io.grpc.StatusRuntimeException: UNAVAILABLE: io exception
	at java.util.concurrent.FutureTask.report(FutureTask.java:122)
	at java.util.concurrent.FutureTask.get(FutureTask.java:192)
	at org.apache.ratis.server.impl.LeaderElection.waitForResults(LeaderElection.java:259)
	at org.apache.ratis.server.impl.LeaderElection.askForVotes(LeaderElection.java:197)
	at org.apache.ratis.server.impl.LeaderElection.run(LeaderElection.java:133)
	at java.lang.Thread.run(Thread.java:748)
Caused by: org.apache.ratis.thirdparty.io.grpc.StatusRuntimeException: UNAVAILABLE: io exception
	at org.apache.ratis.thirdparty.io.grpc.stub.ClientCalls.toStatusRuntimeException(ClientCalls.java:233)
	at org.apache.ratis.thirdparty.io.grpc.stub.ClientCalls.getUnchecked(ClientCalls.java:214)
	at org.apache.ratis.thirdparty.io.grpc.stub.ClientCalls.blockingUnaryCall(ClientCalls.java:139)
	at org.apache.ratis.proto.grpc.RaftServerProtocolServiceGrpc$RaftServerProtocolServiceBlockingStub.requestVote(RaftServerProtocolServiceGrpc.java:265)
	at org.apache.ratis.grpc.server.GrpcServerProtocolClient.requestVote(GrpcServerProtocolClient.java:99)
	at org.apache.ratis.grpc.server.GrpcService.requestVote(GrpcService.java:204)
	at org.apache.ratis.server.impl.LeaderElection.lambda$submitRequests$1(LeaderElection.java:234)
	at java.util.concurrent.FutureTask.run(FutureTask.java:266)
	at java.util.concurrent.Executors$RunnableAdapter.call(Executors.java:511)
	at java.util.concurrent.FutureTask.run(FutureTask.java:266)
	at java.util.concurrent.ThreadPoolExecutor.runWorker(ThreadPoolExecutor.java:1149)
	at java.util.concurrent.ThreadPoolExecutor$Worker.run(ThreadPoolExecutor.java:624)
	... 1 more
Caused by: org.apache.ratis.thirdparty.io.netty.channel.AbstractChannel$AnnotatedConnectException: Connection refused: /192.168.164.217:46357
	at sun.nio.ch.SocketChannelImpl.checkConnect(Native Method)
	at sun.nio.ch.SocketChannelImpl.finishConnect(SocketChannelImpl.java:717)
	at org.apache.ratis.thirdparty.io.netty.channel.socket.nio.NioSocketChannel.doFinishConnect(NioSocketChannel.java:327)
	at org.apache.ratis.thirdparty.io.netty.channel.nio.AbstractNioChannel$AbstractNioUnsafe.finishConnect(AbstractNioChannel.java:340)
	at org.apache.ratis.thirdparty.io.netty.channel.nio.NioEventLoop.processSelectedKey(NioEventLoop.java:632)
	at org.apache.ratis.thirdparty.io.netty.channel.nio.NioEventLoop.processSelectedKeysOptimized(NioEventLoop.java:579)
	at org.apache.ratis.thirdparty.io.netty.channel.nio.NioEventLoop.processSelectedKeys(NioEventLoop.java:496)
	at org.apache.ratis.thirdparty.io.netty.channel.nio.NioEventLoop.run(NioEventLoop.java:458)
	at org.apache.ratis.thirdparty.io.netty.util.concurrent.SingleThreadEventExecutor$5.run(SingleThreadEventExecutor.java:897)
	at org.apache.ratis.thirdparty.io.netty.util.concurrent.FastThreadLocalRunnable.run(FastThreadLocalRunnable.java:30)
	... 1 more
Caused by: java.net.ConnectException: Connection refused
	... 11 more
2019-11-05 08:34:59,893 [ac799505-d01b-4984-a491-73e044603a46@group-96AF9F8BC25D-LeaderElection590] INFO  impl.LeaderElection (LogUtils.java:infoOrTrace(149)) - ac799505-d01b-4984-a491-73e044603a46@group-96AF9F8BC25D-LeaderElection590 got exception when requesting votes: {}
java.util.concurrent.ExecutionException: org.apache.ratis.thirdparty.io.grpc.StatusRuntimeException: UNAVAILABLE: io exception
	at java.util.concurrent.FutureTask.report(FutureTask.java:122)
	at java.util.concurrent.FutureTask.get(FutureTask.java:192)
	at org.apache.ratis.server.impl.LeaderElection.waitForResults(LeaderElection.java:259)
	at org.apache.ratis.server.impl.LeaderElection.askForVotes(LeaderElection.java:197)
	at org.apache.ratis.server.impl.LeaderElection.run(LeaderElection.java:133)
	at java.lang.Thread.run(Thread.java:748)
Caused by: org.apache.ratis.thirdparty.io.grpc.StatusRuntimeException: UNAVAILABLE: io exception
	at org.apache.ratis.thirdparty.io.grpc.stub.ClientCalls.toStatusRuntimeException(ClientCalls.java:233)
	at org.apache.ratis.thirdparty.io.grpc.stub.ClientCalls.getUnchecked(ClientCalls.java:214)
	at org.apache.ratis.thirdparty.io.grpc.stub.ClientCalls.blockingUnaryCall(ClientCalls.java:139)
	at org.apache.ratis.proto.grpc.RaftServerProtocolServiceGrpc$RaftServerProtocolServiceBlockingStub.requestVote(RaftServerProtocolServiceGrpc.java:265)
	at org.apache.ratis.grpc.server.GrpcServerProtocolClient.requestVote(GrpcServerProtocolClient.java:99)
	at org.apache.ratis.grpc.server.GrpcService.requestVote(GrpcService.java:204)
	at org.apache.ratis.server.impl.LeaderElection.lambda$submitRequests$1(LeaderElection.java:234)
	at java.util.concurrent.FutureTask.run(FutureTask.java:266)
	at java.util.concurrent.Executors$RunnableAdapter.call(Executors.java:511)
	at java.util.concurrent.FutureTask.run(FutureTask.java:266)
	at java.util.concurrent.ThreadPoolExecutor.runWorker(ThreadPoolExecutor.java:1149)
	at java.util.concurrent.ThreadPoolExecutor$Worker.run(ThreadPoolExecutor.java:624)
	... 1 more
Caused by: org.apache.ratis.thirdparty.io.netty.channel.AbstractChannel$AnnotatedConnectException: Connection refused: /192.168.164.217:34224
	at sun.nio.ch.SocketChannelImpl.checkConnect(Native Method)
	at sun.nio.ch.SocketChannelImpl.finishConnect(SocketChannelImpl.java:717)
	at org.apache.ratis.thirdparty.io.netty.channel.socket.nio.NioSocketChannel.doFinishConnect(NioSocketChannel.java:327)
	at org.apache.ratis.thirdparty.io.netty.channel.nio.AbstractNioChannel$AbstractNioUnsafe.finishConnect(AbstractNioChannel.java:340)
	at org.apache.ratis.thirdparty.io.netty.channel.nio.NioEventLoop.processSelectedKey(NioEventLoop.java:632)
	at org.apache.ratis.thirdparty.io.netty.channel.nio.NioEventLoop.processSelectedKeysOptimized(NioEventLoop.java:579)
	at org.apache.ratis.thirdparty.io.netty.channel.nio.NioEventLoop.processSelectedKeys(NioEventLoop.java:496)
	at org.apache.ratis.thirdparty.io.netty.channel.nio.NioEventLoop.run(NioEventLoop.java:458)
	at org.apache.ratis.thirdparty.io.netty.util.concurrent.SingleThreadEventExecutor$5.run(SingleThreadEventExecutor.java:897)
	at org.apache.ratis.thirdparty.io.netty.util.concurrent.FastThreadLocalRunnable.run(FastThreadLocalRunnable.java:30)
	... 1 more
Caused by: java.net.ConnectException: Connection refused
	... 11 more
2019-11-05 08:34:59,893 [ac799505-d01b-4984-a491-73e044603a46@group-96AF9F8BC25D-LeaderElection590] INFO  impl.LeaderElection (LeaderElection.java:logAndReturn(56)) - ac799505-d01b-4984-a491-73e044603a46@group-96AF9F8BC25D-LeaderElection590: Election REJECTED; received 0 response(s) [] and 2 exception(s); ac799505-d01b-4984-a491-73e044603a46@group-96AF9F8BC25D:t8, leader=null, voted=ac799505-d01b-4984-a491-73e044603a46, raftlog=ac799505-d01b-4984-a491-73e044603a46@group-96AF9F8BC25D-SegmentedRaftLog:OPENED:c4,f4,i4, conf=0: [5d271ba9-e0f4-40ff-b9fc-f90f33adc13b:192.168.164.217:46357, ac799505-d01b-4984-a491-73e044603a46:192.168.164.217:37555, fae5ccd0-edd9-4644-8d4e-9d507f6169bd:192.168.164.217:34224], old=null
2019-11-05 08:34:59,893 [ac799505-d01b-4984-a491-73e044603a46@group-96AF9F8BC25D-LeaderElection590] INFO  impl.LeaderElection (LogUtils.java:infoOrTrace(149)) -   Exception 0: {}
java.util.concurrent.ExecutionException: org.apache.ratis.thirdparty.io.grpc.StatusRuntimeException: UNAVAILABLE: io exception
	at java.util.concurrent.FutureTask.report(FutureTask.java:122)
	at java.util.concurrent.FutureTask.get(FutureTask.java:192)
	at org.apache.ratis.server.impl.LeaderElection.waitForResults(LeaderElection.java:259)
	at org.apache.ratis.server.impl.LeaderElection.askForVotes(LeaderElection.java:197)
	at org.apache.ratis.server.impl.LeaderElection.run(LeaderElection.java:133)
	at java.lang.Thread.run(Thread.java:748)
Caused by: org.apache.ratis.thirdparty.io.grpc.StatusRuntimeException: UNAVAILABLE: io exception
	at org.apache.ratis.thirdparty.io.grpc.stub.ClientCalls.toStatusRuntimeException(ClientCalls.java:233)
	at org.apache.ratis.thirdparty.io.grpc.stub.ClientCalls.getUnchecked(ClientCalls.java:214)
	at org.apache.ratis.thirdparty.io.grpc.stub.ClientCalls.blockingUnaryCall(ClientCalls.java:139)
	at org.apache.ratis.proto.grpc.RaftServerProtocolServiceGrpc$RaftServerProtocolServiceBlockingStub.requestVote(RaftServerProtocolServiceGrpc.java:265)
	at org.apache.ratis.grpc.server.GrpcServerProtocolClient.requestVote(GrpcServerProtocolClient.java:99)
	at org.apache.ratis.grpc.server.GrpcService.requestVote(GrpcService.java:204)
	at org.apache.ratis.server.impl.LeaderElection.lambda$submitRequests$1(LeaderElection.java:234)
	at java.util.concurrent.FutureTask.run(FutureTask.java:266)
	at java.util.concurrent.Executors$RunnableAdapter.call(Executors.java:511)
	at java.util.concurrent.FutureTask.run(FutureTask.java:266)
	at java.util.concurrent.ThreadPoolExecutor.runWorker(ThreadPoolExecutor.java:1149)
	at java.util.concurrent.ThreadPoolExecutor$Worker.run(ThreadPoolExecutor.java:624)
	... 1 more
Caused by: org.apache.ratis.thirdparty.io.netty.channel.AbstractChannel$AnnotatedConnectException: Connection refused: /192.168.164.217:46357
	at sun.nio.ch.SocketChannelImpl.checkConnect(Native Method)
	at sun.nio.ch.SocketChannelImpl.finishConnect(SocketChannelImpl.java:717)
	at org.apache.ratis.thirdparty.io.netty.channel.socket.nio.NioSocketChannel.doFinishConnect(NioSocketChannel.java:327)
	at org.apache.ratis.thirdparty.io.netty.channel.nio.AbstractNioChannel$AbstractNioUnsafe.finishConnect(AbstractNioChannel.java:340)
	at org.apache.ratis.thirdparty.io.netty.channel.nio.NioEventLoop.processSelectedKey(NioEventLoop.java:632)
	at org.apache.ratis.thirdparty.io.netty.channel.nio.NioEventLoop.processSelectedKeysOptimized(NioEventLoop.java:579)
	at org.apache.ratis.thirdparty.io.netty.channel.nio.NioEventLoop.processSelectedKeys(NioEventLoop.java:496)
	at org.apache.ratis.thirdparty.io.netty.channel.nio.NioEventLoop.run(NioEventLoop.java:458)
	at org.apache.ratis.thirdparty.io.netty.util.concurrent.SingleThreadEventExecutor$5.run(SingleThreadEventExecutor.java:897)
	at org.apache.ratis.thirdparty.io.netty.util.concurrent.FastThreadLocalRunnable.run(FastThreadLocalRunnable.java:30)
	... 1 more
Caused by: java.net.ConnectException: Connection refused
	... 11 more
2019-11-05 08:34:59,894 [ac799505-d01b-4984-a491-73e044603a46@group-96AF9F8BC25D-LeaderElection590] INFO  impl.LeaderElection (LogUtils.java:infoOrTrace(149)) -   Exception 1: {}
java.util.concurrent.ExecutionException: org.apache.ratis.thirdparty.io.grpc.StatusRuntimeException: UNAVAILABLE: io exception
	at java.util.concurrent.FutureTask.report(FutureTask.java:122)
	at java.util.concurrent.FutureTask.get(FutureTask.java:192)
	at org.apache.ratis.server.impl.LeaderElection.waitForResults(LeaderElection.java:259)
	at org.apache.ratis.server.impl.LeaderElection.askForVotes(LeaderElection.java:197)
	at org.apache.ratis.server.impl.LeaderElection.run(LeaderElection.java:133)
	at java.lang.Thread.run(Thread.java:748)
Caused by: org.apache.ratis.thirdparty.io.grpc.StatusRuntimeException: UNAVAILABLE: io exception
	at org.apache.ratis.thirdparty.io.grpc.stub.ClientCalls.toStatusRuntimeException(ClientCalls.java:233)
	at org.apache.ratis.thirdparty.io.grpc.stub.ClientCalls.getUnchecked(ClientCalls.java:214)
	at org.apache.ratis.thirdparty.io.grpc.stub.ClientCalls.blockingUnaryCall(ClientCalls.java:139)
	at org.apache.ratis.proto.grpc.RaftServerProtocolServiceGrpc$RaftServerProtocolServiceBlockingStub.requestVote(RaftServerProtocolServiceGrpc.java:265)
	at org.apache.ratis.grpc.server.GrpcServerProtocolClient.requestVote(GrpcServerProtocolClient.java:99)
	at org.apache.ratis.grpc.server.GrpcService.requestVote(GrpcService.java:204)
	at org.apache.ratis.server.impl.LeaderElection.lambda$submitRequests$1(LeaderElection.java:234)
	at java.util.concurrent.FutureTask.run(FutureTask.java:266)
	at java.util.concurrent.Executors$RunnableAdapter.call(Executors.java:511)
	at java.util.concurrent.FutureTask.run(FutureTask.java:266)
	at java.util.concurrent.ThreadPoolExecutor.runWorker(ThreadPoolExecutor.java:1149)
	at java.util.concurrent.ThreadPoolExecutor$Worker.run(ThreadPoolExecutor.java:624)
	... 1 more
Caused by: org.apache.ratis.thirdparty.io.netty.channel.AbstractChannel$AnnotatedConnectException: Connection refused: /192.168.164.217:34224
	at sun.nio.ch.SocketChannelImpl.checkConnect(Native Method)
	at sun.nio.ch.SocketChannelImpl.finishConnect(SocketChannelImpl.java:717)
	at org.apache.ratis.thirdparty.io.netty.channel.socket.nio.NioSocketChannel.doFinishConnect(NioSocketChannel.java:327)
	at org.apache.ratis.thirdparty.io.netty.channel.nio.AbstractNioChannel$AbstractNioUnsafe.finishConnect(AbstractNioChannel.java:340)
	at org.apache.ratis.thirdparty.io.netty.channel.nio.NioEventLoop.processSelectedKey(NioEventLoop.java:632)
	at org.apache.ratis.thirdparty.io.netty.channel.nio.NioEventLoop.processSelectedKeysOptimized(NioEventLoop.java:579)
	at org.apache.ratis.thirdparty.io.netty.channel.nio.NioEventLoop.processSelectedKeys(NioEventLoop.java:496)
	at org.apache.ratis.thirdparty.io.netty.channel.nio.NioEventLoop.run(NioEventLoop.java:458)
	at org.apache.ratis.thirdparty.io.netty.util.concurrent.SingleThreadEventExecutor$5.run(SingleThreadEventExecutor.java:897)
	at org.apache.ratis.thirdparty.io.netty.util.concurrent.FastThreadLocalRunnable.run(FastThreadLocalRunnable.java:30)
	... 1 more
Caused by: java.net.ConnectException: Connection refused
	... 11 more
2019-11-05 08:34:59,894 [ac799505-d01b-4984-a491-73e044603a46@group-96AF9F8BC25D-LeaderElection590] INFO  impl.RaftServerImpl (RaftServerImpl.java:setRole(184)) - ac799505-d01b-4984-a491-73e044603a46@group-96AF9F8BC25D: changes role from CANDIDATE to FOLLOWER at term 8 for DISCOVERED_A_NEW_TERM
2019-11-05 08:34:59,894 [ac799505-d01b-4984-a491-73e044603a46@group-96AF9F8BC25D-LeaderElection590] INFO  impl.RoleInfo (RoleInfo.java:shutdownLeaderElection(134)) - ac799505-d01b-4984-a491-73e044603a46: shutdown LeaderElection
2019-11-05 08:34:59,894 [ac799505-d01b-4984-a491-73e044603a46@group-96AF9F8BC25D-LeaderElection590] INFO  impl.RoleInfo (RoleInfo.java:updateAndGet(143)) - ac799505-d01b-4984-a491-73e044603a46: start FollowerState
2019-11-05 08:34:59,899 [ForkJoinPool.commonPool-worker-0] INFO  ozoneimpl.OzoneContainer (OzoneContainer.java:stop(227)) - Attempting to stop container services.
2019-11-05 08:34:59,900 [ForkJoinPool.commonPool-worker-0] INFO  impl.RaftServerProxy (RaftServerProxy.java:lambda$close$4(314)) - ac799505-d01b-4984-a491-73e044603a46: close
2019-11-05 08:34:59,901 [ForkJoinPool.commonPool-worker-0] INFO  impl.RaftServerImpl (RaftServerImpl.java:lambda$shutdown$3(261)) - ac799505-d01b-4984-a491-73e044603a46@group-96AF9F8BC25D: shutdown
2019-11-05 08:34:59,901 [ForkJoinPool.commonPool-worker-0] INFO  util.JmxRegister (JmxRegister.java:unregister(73)) - Successfully un-registered JMX Bean with object name Ratis:service=RaftServer,group=group-96AF9F8BC25D,id=ac799505-d01b-4984-a491-73e044603a46
2019-11-05 08:34:59,902 [ForkJoinPool.commonPool-worker-0] INFO  impl.RoleInfo (RoleInfo.java:shutdownFollowerState(121)) - ac799505-d01b-4984-a491-73e044603a46: shutdown FollowerState
2019-11-05 08:34:59,902 [ForkJoinPool.commonPool-worker-0] INFO  impl.StateMachineUpdater (StateMachineUpdater.java:stopAndJoin(136)) - ac799505-d01b-4984-a491-73e044603a46@group-96AF9F8BC25D-StateMachineUpdater: set stopIndex = 4
2019-11-05 08:34:59,902 [Thread-4778] INFO  impl.FollowerState (FollowerState.java:run(117)) - ac799505-d01b-4984-a491-73e044603a46@group-96AF9F8BC25D-FollowerState was interrupted: java.lang.InterruptedException: sleep interrupted
2019-11-05 08:34:59,902 [ac799505-d01b-4984-a491-73e044603a46@group-96AF9F8BC25D-StateMachineUpdater] INFO  ratis.ContainerStateMachine (ContainerStateMachine.java:takeSnapshot(294)) - group-96AF9F8BC25D: Taking a snapshot at:(t:4, i:3) file /workdir/hadoop-ozone/integration-test/target/test-dir/MiniOzoneClusterImpl-c1ac3406-7bea-4748-bbf9-a747646a8bff/datanode-1/data/ratis/03c07a91-4698-41a5-bbc7-96af9f8bc25d/sm/snapshot.4_3
2019-11-05 08:34:59,914 [main] INFO  ozoneimpl.OzoneContainer (OzoneContainer.java:stop(227)) - Attempting to stop container services.
2019-11-05 08:34:59,914 [main] INFO  impl.RaftServerProxy (RaftServerProxy.java:lambda$close$4(314)) - 6e52354a-8f39-4a00-bced-911c77341e64: close
2019-11-05 08:34:59,915 [main] INFO  impl.RaftServerImpl (RaftServerImpl.java:lambda$shutdown$3(261)) - 6e52354a-8f39-4a00-bced-911c77341e64@group-785EB621D8C9: shutdown
2019-11-05 08:34:59,915 [main] INFO  util.JmxRegister (JmxRegister.java:unregister(73)) - Successfully un-registered JMX Bean with object name Ratis:service=RaftServer,group=group-785EB621D8C9,id=6e52354a-8f39-4a00-bced-911c77341e64
2019-11-05 08:34:59,915 [ac799505-d01b-4984-a491-73e044603a46@group-96AF9F8BC25D-StateMachineUpdater] INFO  ratis.ContainerStateMachine (ContainerStateMachine.java:takeSnapshot(305)) - group-96AF9F8BC25D: Finished taking a snapshot at:(t:4, i:3) file:/workdir/hadoop-ozone/integration-test/target/test-dir/MiniOzoneClusterImpl-c1ac3406-7bea-4748-bbf9-a747646a8bff/datanode-1/data/ratis/03c07a91-4698-41a5-bbc7-96af9f8bc25d/sm/snapshot.4_3 time:14
2019-11-05 08:34:59,916 [main] INFO  impl.RoleInfo (RoleInfo.java:shutdownLeaderState(104)) - 6e52354a-8f39-4a00-bced-911c77341e64: shutdown LeaderState
2019-11-05 08:34:59,921 [org.apache.ratis.server.impl.LogAppender$AppenderDaemon$$Lambda$464/348072330@229eac8f] WARN  server.GrpcLogAppender (GrpcLogAppender.java:mayWait(149)) - 6e52354a-8f39-4a00-bced-911c77341e64@group-785EB621D8C9->ce6aaef5-0e62-4cca-9483-e7266dc5c7be-GrpcLogAppender: Wait interrupted by java.lang.InterruptedException
2019-11-05 08:34:59,921 [org.apache.ratis.server.impl.LogAppender$AppenderDaemon$$Lambda$464/348072330@73b9d73b] WARN  server.GrpcLogAppender (GrpcLogAppender.java:mayWait(149)) - 6e52354a-8f39-4a00-bced-911c77341e64@group-785EB621D8C9->b3c4603b-a140-4f81-8843-cb94f3bca924-GrpcLogAppender: Wait interrupted by java.lang.InterruptedException
2019-11-05 08:34:59,922 [main] INFO  impl.PendingRequests (PendingRequests.java:sendNotLeaderResponses(202)) - 6e52354a-8f39-4a00-bced-911c77341e64@group-785EB621D8C9-PendingRequests: sendNotLeaderResponses
2019-11-05 08:34:59,922 [ac799505-d01b-4984-a491-73e044603a46@group-96AF9F8BC25D-StateMachineUpdater] INFO  impl.StateMachineUpdater (StateMachineUpdater.java:takeSnapshot(269)) - ac799505-d01b-4984-a491-73e044603a46@group-96AF9F8BC25D-StateMachineUpdater: Took a snapshot at index 3
2019-11-05 08:34:59,922 [ac799505-d01b-4984-a491-73e044603a46@group-96AF9F8BC25D-StateMachineUpdater] INFO  impl.StateMachineUpdater (StateMachineUpdater.java:lambda$new$0(84)) - ac799505-d01b-4984-a491-73e044603a46@group-96AF9F8BC25D-StateMachineUpdater: snapshotIndex: updateIncreasingly -1 -> 3
2019-11-05 08:34:59,923 [ac799505-d01b-4984-a491-73e044603a46@group-96AF9F8BC25D-StateMachineUpdater] INFO  ratis.ContainerStateMachine (ContainerStateMachine.java:takeSnapshot(294)) - group-96AF9F8BC25D: Taking a snapshot at:(t:4, i:3) file /workdir/hadoop-ozone/integration-test/target/test-dir/MiniOzoneClusterImpl-c1ac3406-7bea-4748-bbf9-a747646a8bff/datanode-1/data/ratis/03c07a91-4698-41a5-bbc7-96af9f8bc25d/sm/snapshot.4_3
2019-11-05 08:34:59,924 [main] INFO  impl.StateMachineUpdater (StateMachineUpdater.java:stopAndJoin(136)) - 6e52354a-8f39-4a00-bced-911c77341e64@group-785EB621D8C9-StateMachineUpdater: set stopIndex = 8
2019-11-05 08:34:59,924 [6e52354a-8f39-4a00-bced-911c77341e64@group-785EB621D8C9-StateMachineUpdater] INFO  ratis.ContainerStateMachine (ContainerStateMachine.java:takeSnapshot(294)) - group-785EB621D8C9: Taking a snapshot at:(t:2, i:5) file /workdir/hadoop-ozone/integration-test/target/test-dir/MiniOzoneClusterImpl-c1ac3406-7bea-4748-bbf9-a747646a8bff/datanode-7/data/ratis/6b6e8d20-8dea-4881-a1f5-785eb621d8c9/sm/snapshot.2_5
2019-11-05 08:34:59,937 [ac799505-d01b-4984-a491-73e044603a46@group-96AF9F8BC25D-StateMachineUpdater] INFO  ratis.ContainerStateMachine (ContainerStateMachine.java:takeSnapshot(305)) - group-96AF9F8BC25D: Finished taking a snapshot at:(t:4, i:3) file:/workdir/hadoop-ozone/integration-test/target/test-dir/MiniOzoneClusterImpl-c1ac3406-7bea-4748-bbf9-a747646a8bff/datanode-1/data/ratis/03c07a91-4698-41a5-bbc7-96af9f8bc25d/sm/snapshot.4_3 time:15
2019-11-05 08:34:59,937 [6e52354a-8f39-4a00-bced-911c77341e64@group-785EB621D8C9-StateMachineUpdater] INFO  ratis.ContainerStateMachine (ContainerStateMachine.java:takeSnapshot(305)) - group-785EB621D8C9: Finished taking a snapshot at:(t:2, i:5) file:/workdir/hadoop-ozone/integration-test/target/test-dir/MiniOzoneClusterImpl-c1ac3406-7bea-4748-bbf9-a747646a8bff/datanode-7/data/ratis/6b6e8d20-8dea-4881-a1f5-785eb621d8c9/sm/snapshot.2_5 time:13
2019-11-05 08:34:59,938 [ac799505-d01b-4984-a491-73e044603a46@group-96AF9F8BC25D-StateMachineUpdater] INFO  impl.StateMachineUpdater (StateMachineUpdater.java:takeSnapshot(269)) - ac799505-d01b-4984-a491-73e044603a46@group-96AF9F8BC25D-StateMachineUpdater: Took a snapshot at index 3
2019-11-05 08:34:59,938 [ac799505-d01b-4984-a491-73e044603a46@group-96AF9F8BC25D-StateMachineUpdater] INFO  impl.StateMachineUpdater (StateMachineUpdater.java:lambda$new$0(84)) - ac799505-d01b-4984-a491-73e044603a46@group-96AF9F8BC25D-StateMachineUpdater: snapshotIndex: updateIncreasingly 3 -> 3
2019-11-05 08:34:59,938 [6e52354a-8f39-4a00-bced-911c77341e64@group-785EB621D8C9-StateMachineUpdater] INFO  impl.StateMachineUpdater (StateMachineUpdater.java:takeSnapshot(269)) - 6e52354a-8f39-4a00-bced-911c77341e64@group-785EB621D8C9-StateMachineUpdater: Took a snapshot at index 5
2019-11-05 08:34:59,938 [6e52354a-8f39-4a00-bced-911c77341e64@group-785EB621D8C9-StateMachineUpdater] INFO  impl.StateMachineUpdater (StateMachineUpdater.java:lambda$new$0(84)) - 6e52354a-8f39-4a00-bced-911c77341e64@group-785EB621D8C9-StateMachineUpdater: snapshotIndex: updateIncreasingly -1 -> 5
2019-11-05 08:34:59,938 [ForkJoinPool.commonPool-worker-0] INFO  impl.RaftServerImpl (ServerState.java:close(388)) - ac799505-d01b-4984-a491-73e044603a46@group-96AF9F8BC25D: closes. applyIndex: 4
2019-11-05 08:34:59,938 [6e52354a-8f39-4a00-bced-911c77341e64@group-785EB621D8C9-StateMachineUpdater] INFO  ratis.ContainerStateMachine (ContainerStateMachine.java:takeSnapshot(294)) - group-785EB621D8C9: Taking a snapshot at:(t:2, i:5) file /workdir/hadoop-ozone/integration-test/target/test-dir/MiniOzoneClusterImpl-c1ac3406-7bea-4748-bbf9-a747646a8bff/datanode-7/data/ratis/6b6e8d20-8dea-4881-a1f5-785eb621d8c9/sm/snapshot.2_5
2019-11-05 08:34:59,939 [ac799505-d01b-4984-a491-73e044603a46@group-96AF9F8BC25D-SegmentedRaftLogWorker] INFO  segmented.SegmentedRaftLogWorker (SegmentedRaftLogWorker.java:run(316)) - ac799505-d01b-4984-a491-73e044603a46@group-96AF9F8BC25D-SegmentedRaftLogWorker was interrupted, exiting. There are 0 tasks remaining in the queue.
2019-11-05 08:34:59,939 [ForkJoinPool.commonPool-worker-0] INFO  segmented.SegmentedRaftLogWorker (SegmentedRaftLogWorker.java:close(224)) - ac799505-d01b-4984-a491-73e044603a46@group-96AF9F8BC25D-SegmentedRaftLogWorker close()
2019-11-05 08:34:59,940 [ForkJoinPool.commonPool-worker-0] INFO  impl.RaftServerImpl (RaftServerImpl.java:lambda$shutdown$3(261)) - ac799505-d01b-4984-a491-73e044603a46@group-A6DCFD65D6E9: shutdown
2019-11-05 08:34:59,940 [ForkJoinPool.commonPool-worker-0] INFO  util.JmxRegister (JmxRegister.java:unregister(73)) - Successfully un-registered JMX Bean with object name Ratis:service=RaftServer,group=group-A6DCFD65D6E9,id=ac799505-d01b-4984-a491-73e044603a46
2019-11-05 08:34:59,940 [ForkJoinPool.commonPool-worker-0] INFO  impl.RoleInfo (RoleInfo.java:shutdownLeaderState(104)) - ac799505-d01b-4984-a491-73e044603a46: shutdown LeaderState
2019-11-05 08:34:59,940 [ForkJoinPool.commonPool-worker-0] INFO  impl.PendingRequests (PendingRequests.java:sendNotLeaderResponses(202)) - ac799505-d01b-4984-a491-73e044603a46@group-A6DCFD65D6E9-PendingRequests: sendNotLeaderResponses
2019-11-05 08:34:59,940 [ForkJoinPool.commonPool-worker-0] INFO  impl.StateMachineUpdater (StateMachineUpdater.java:stopAndJoin(136)) - ac799505-d01b-4984-a491-73e044603a46@group-A6DCFD65D6E9-StateMachineUpdater: set stopIndex = 0
2019-11-05 08:34:59,941 [ForkJoinPool.commonPool-worker-0] INFO  impl.RaftServerImpl (ServerState.java:close(388)) - ac799505-d01b-4984-a491-73e044603a46@group-A6DCFD65D6E9: closes. applyIndex: 0
2019-11-05 08:34:59,941 [ac799505-d01b-4984-a491-73e044603a46@group-A6DCFD65D6E9-SegmentedRaftLogWorker] INFO  segmented.SegmentedRaftLogWorker (SegmentedRaftLogWorker.java:run(316)) - ac799505-d01b-4984-a491-73e044603a46@group-A6DCFD65D6E9-SegmentedRaftLogWorker was interrupted, exiting. There are 0 tasks remaining in the queue.
2019-11-05 08:34:59,941 [ForkJoinPool.commonPool-worker-0] INFO  segmented.SegmentedRaftLogWorker (SegmentedRaftLogWorker.java:close(224)) - ac799505-d01b-4984-a491-73e044603a46@group-A6DCFD65D6E9-SegmentedRaftLogWorker close()
2019-11-05 08:34:59,941 [6e52354a-8f39-4a00-bced-911c77341e64@group-785EB621D8C9-StateMachineUpdater] INFO  ratis.ContainerStateMachine (ContainerStateMachine.java:takeSnapshot(305)) - group-785EB621D8C9: Finished taking a snapshot at:(t:2, i:5) file:/workdir/hadoop-ozone/integration-test/target/test-dir/MiniOzoneClusterImpl-c1ac3406-7bea-4748-bbf9-a747646a8bff/datanode-7/data/ratis/6b6e8d20-8dea-4881-a1f5-785eb621d8c9/sm/snapshot.2_5 time:2
2019-11-05 08:34:59,941 [ForkJoinPool.commonPool-worker-0] INFO  server.GrpcService (GrpcService.java:closeImpl(164)) - ac799505-d01b-4984-a491-73e044603a46: shutdown server with port 37555 now
2019-11-05 08:34:59,942 [6e52354a-8f39-4a00-bced-911c77341e64@group-785EB621D8C9-StateMachineUpdater] INFO  impl.StateMachineUpdater (StateMachineUpdater.java:takeSnapshot(269)) - 6e52354a-8f39-4a00-bced-911c77341e64@group-785EB621D8C9-StateMachineUpdater: Took a snapshot at index 5
2019-11-05 08:34:59,942 [6e52354a-8f39-4a00-bced-911c77341e64@group-785EB621D8C9-StateMachineUpdater] INFO  impl.StateMachineUpdater (StateMachineUpdater.java:lambda$new$0(84)) - 6e52354a-8f39-4a00-bced-911c77341e64@group-785EB621D8C9-StateMachineUpdater: snapshotIndex: updateIncreasingly 5 -> 5
2019-11-05 08:34:59,943 [main] INFO  impl.RaftServerImpl (ServerState.java:close(388)) - 6e52354a-8f39-4a00-bced-911c77341e64@group-785EB621D8C9: closes. applyIndex: 8
2019-11-05 08:34:59,944 [ForkJoinPool.commonPool-worker-0] INFO  server.GrpcService (GrpcService.java:closeImpl(172)) - ac799505-d01b-4984-a491-73e044603a46: shutdown server with port 37555 successfully
2019-11-05 08:34:59,944 [6e52354a-8f39-4a00-bced-911c77341e64@group-785EB621D8C9-SegmentedRaftLogWorker] INFO  segmented.SegmentedRaftLogWorker (SegmentedRaftLogWorker.java:run(316)) - 6e52354a-8f39-4a00-bced-911c77341e64@group-785EB621D8C9-SegmentedRaftLogWorker was interrupted, exiting. There are 0 tasks remaining in the queue.
2019-11-05 08:34:59,946 [main] INFO  segmented.SegmentedRaftLogWorker (SegmentedRaftLogWorker.java:close(224)) - 6e52354a-8f39-4a00-bced-911c77341e64@group-785EB621D8C9-SegmentedRaftLogWorker close()
2019-11-05 08:34:59,946 [main] INFO  impl.RaftServerImpl (RaftServerImpl.java:lambda$shutdown$3(261)) - 6e52354a-8f39-4a00-bced-911c77341e64@group-2C5853E8AB3D: shutdown
2019-11-05 08:34:59,946 [main] INFO  util.JmxRegister (JmxRegister.java:unregister(73)) - Successfully un-registered JMX Bean with object name Ratis:service=RaftServer,group=group-2C5853E8AB3D,id=6e52354a-8f39-4a00-bced-911c77341e64
2019-11-05 08:34:59,947 [main] INFO  impl.RoleInfo (RoleInfo.java:shutdownLeaderState(104)) - 6e52354a-8f39-4a00-bced-911c77341e64: shutdown LeaderState
2019-11-05 08:34:59,947 [main] INFO  impl.PendingRequests (PendingRequests.java:sendNotLeaderResponses(202)) - 6e52354a-8f39-4a00-bced-911c77341e64@group-2C5853E8AB3D-PendingRequests: sendNotLeaderResponses
2019-11-05 08:34:59,947 [main] INFO  impl.StateMachineUpdater (StateMachineUpdater.java:stopAndJoin(136)) - 6e52354a-8f39-4a00-bced-911c77341e64@group-2C5853E8AB3D-StateMachineUpdater: set stopIndex = 0
2019-11-05 08:34:59,947 [main] INFO  impl.RaftServerImpl (ServerState.java:close(388)) - 6e52354a-8f39-4a00-bced-911c77341e64@group-2C5853E8AB3D: closes. applyIndex: 0
2019-11-05 08:34:59,948 [6e52354a-8f39-4a00-bced-911c77341e64@group-2C5853E8AB3D-SegmentedRaftLogWorker] INFO  segmented.SegmentedRaftLogWorker (SegmentedRaftLogWorker.java:run(316)) - 6e52354a-8f39-4a00-bced-911c77341e64@group-2C5853E8AB3D-SegmentedRaftLogWorker was interrupted, exiting. There are 0 tasks remaining in the queue.
2019-11-05 08:34:59,948 [main] INFO  segmented.SegmentedRaftLogWorker (SegmentedRaftLogWorker.java:close(224)) - 6e52354a-8f39-4a00-bced-911c77341e64@group-2C5853E8AB3D-SegmentedRaftLogWorker close()
2019-11-05 08:34:59,948 [main] INFO  server.GrpcService (GrpcService.java:closeImpl(164)) - 6e52354a-8f39-4a00-bced-911c77341e64: shutdown server with port 42407 now
2019-11-05 08:34:59,949 [main] INFO  server.GrpcService (GrpcService.java:closeImpl(172)) - 6e52354a-8f39-4a00-bced-911c77341e64: shutdown server with port 42407 successfully
2019-11-05 08:34:59,953 [refreshUsed-/workdir/hadoop-ozone/integration-test/target/test-dir/MiniOzoneClusterImpl-c1ac3406-7bea-4748-bbf9-a747646a8bff/datanode-1/data/containers] WARN  fs.CachingGetSpaceUsed (CachingGetSpaceUsed.java:run(183)) - Thread Interrupted waiting to refresh disk information: sleep interrupted
2019-11-05 08:34:59,954 [refreshUsed-/workdir/hadoop-ozone/integration-test/target/test-dir/MiniOzoneClusterImpl-c1ac3406-7bea-4748-bbf9-a747646a8bff/datanode-7/data/containers] WARN  fs.CachingGetSpaceUsed (CachingGetSpaceUsed.java:run(183)) - Thread Interrupted waiting to refresh disk information: sleep interrupted
2019-11-05 08:34:59,970 [main] INFO  utils.BackgroundService (BackgroundService.java:shutdown(151)) - Shutting down service BlockDeletingService
2019-11-05 08:34:59,973 [main] INFO  statemachine.DatanodeStateMachine (DatanodeStateMachine.java:stopDaemon(395)) - Ozone container server stopped.
2019-11-05 08:34:59,975 [main] INFO  handler.ContextHandler (ContextHandler.java:doStop(910)) - Stopped o.e.j.w.WebAppContext@4fb56bea{/,null,UNAVAILABLE}{/hddsDatanode}
2019-11-05 08:34:59,976 [main] INFO  server.AbstractConnector (AbstractConnector.java:doStop(318)) - Stopped ServerConnector@5e5beb8a{HTTP/1.1,[http/1.1]}{0.0.0.0:0}
2019-11-05 08:34:59,976 [main] INFO  handler.ContextHandler (ContextHandler.java:doStop(910)) - Stopped o.e.j.s.ServletContextHandler@3e8799f{/static,jar:file:/home/user/.m2/repository/org/apache/hadoop/hadoop-hdds-container-service/0.5.0-SNAPSHOT/hadoop-hdds-container-service-0.5.0-SNAPSHOT.jar!/webapps/static,UNAVAILABLE}
2019-11-05 08:34:59,976 [main] INFO  handler.ContextHandler (ContextHandler.java:doStop(910)) - Stopped o.e.j.s.ServletContextHandler@f1266c6{/logs,file:///workdir/hadoop-ozone/integration-test/target/log,UNAVAILABLE}
2019-11-05 08:34:59,977 [ForkJoinPool.commonPool-worker-0] INFO  utils.BackgroundService (BackgroundService.java:shutdown(151)) - Shutting down service BlockDeletingService
2019-11-05 08:34:59,985 [ForkJoinPool.commonPool-worker-0] INFO  statemachine.DatanodeStateMachine (DatanodeStateMachine.java:stopDaemon(395)) - Ozone container server stopped.
2019-11-05 08:34:59,987 [ForkJoinPool.commonPool-worker-0] INFO  handler.ContextHandler (ContextHandler.java:doStop(910)) - Stopped o.e.j.w.WebAppContext@5416f8db{/,null,UNAVAILABLE}{/hddsDatanode}
2019-11-05 08:34:59,988 [ForkJoinPool.commonPool-worker-0] INFO  server.AbstractConnector (AbstractConnector.java:doStop(318)) - Stopped ServerConnector@64e1377c{HTTP/1.1,[http/1.1]}{0.0.0.0:0}
2019-11-05 08:34:59,988 [ForkJoinPool.commonPool-worker-0] INFO  handler.ContextHandler (ContextHandler.java:doStop(910)) - Stopped o.e.j.s.ServletContextHandler@45658133{/static,jar:file:/home/user/.m2/repository/org/apache/hadoop/hadoop-hdds-container-service/0.5.0-SNAPSHOT/hadoop-hdds-container-service-0.5.0-SNAPSHOT.jar!/webapps/static,UNAVAILABLE}
2019-11-05 08:34:59,988 [ForkJoinPool.commonPool-worker-0] INFO  handler.ContextHandler (ContextHandler.java:doStop(910)) - Stopped o.e.j.s.ServletContextHandler@493da830{/logs,file:///workdir/hadoop-ozone/integration-test/target/log,UNAVAILABLE}
2019-11-05 08:34:59,989 [main] INFO  ozone.MiniOzoneClusterImpl (MiniOzoneClusterImpl.java:stopSCM(392)) - Stopping the StorageContainerManager
2019-11-05 08:34:59,990 [main] INFO  server.StorageContainerManager (StorageContainerManager.java:stop(810)) - Stopping Replication Manager Service.
2019-11-05 08:34:59,990 [main] INFO  container.ReplicationManager (ReplicationManager.java:stop(203)) - Stopping Replication Monitor Thread.
2019-11-05 08:34:59,990 [main] INFO  server.StorageContainerManager (StorageContainerManager.java:stop(817)) - Stopping Lease Manager of the command watchers
2019-11-05 08:34:59,990 [main] INFO  server.StorageContainerManager (StorageContainerManager.java:stop(824)) - Stopping datanode service RPC server
2019-11-05 08:34:59,990 [main] INFO  server.SCMDatanodeProtocolServer (SCMDatanodeProtocolServer.java:stop(346)) - Stopping the RPC server for DataNodes
2019-11-05 08:34:59,990 [main] INFO  ipc.Server (Server.java:stop(3082)) - Stopping server on 44961
2019-11-05 08:34:59,993 [IPC Server listener on 44961] INFO  ipc.Server (Server.java:run(1185)) - Stopping IPC Server listener on 44961
2019-11-05 08:34:59,993 [IPC Server Responder] INFO  ipc.Server (Server.java:run(1319)) - Stopping IPC Server Responder
2019-11-05 08:35:00,085 [SCM Heartbeat Processing Thread - 0] WARN  node.NodeStateManager (NodeStateManager.java:scheduleNextHealthCheck(646)) - Current Thread is interrupted, shutting down HB processing thread for Node Manager.
2019-11-05 08:35:00,086 [main] INFO  server.StorageContainerManager (StorageContainerManager.java:stop(832)) - Stopping block service RPC server
2019-11-05 08:35:00,086 [main] INFO  server.SCMBlockProtocolServer (SCMBlockProtocolServer.java:stop(155)) - Stopping the RPC server for Block Protocol
2019-11-05 08:35:00,086 [main] INFO  ipc.Server (Server.java:stop(3082)) - Stopping server on 42948
2019-11-05 08:35:00,088 [main] INFO  server.StorageContainerManager (StorageContainerManager.java:stop(839)) - Stopping the StorageContainerLocationProtocol RPC server
2019-11-05 08:35:00,089 [IPC Server Responder] INFO  ipc.Server (Server.java:run(1319)) - Stopping IPC Server Responder
2019-11-05 08:35:00,088 [IPC Server listener on 42948] INFO  ipc.Server (Server.java:run(1185)) - Stopping IPC Server listener on 42948
2019-11-05 08:35:00,089 [main] INFO  server.SCMClientProtocolServer (SCMClientProtocolServer.java:stop(168)) - Stopping the RPC server for Client Protocol
2019-11-05 08:35:00,089 [main] INFO  ipc.Server (Server.java:stop(3082)) - Stopping server on 37535
2019-11-05 08:35:00,092 [IPC Server listener on 37535] INFO  ipc.Server (Server.java:run(1185)) - Stopping IPC Server listener on 37535
2019-11-05 08:35:00,093 [main] INFO  server.StorageContainerManager (StorageContainerManager.java:stop(846)) - Stopping Storage Container Manager HTTP server.
2019-11-05 08:35:00,093 [IPC Server Responder] INFO  ipc.Server (Server.java:run(1319)) - Stopping IPC Server Responder
2019-11-05 08:35:00,095 [main] INFO  handler.ContextHandler (ContextHandler.java:doStop(910)) - Stopped o.e.j.w.WebAppContext@4b960b5b{/,null,UNAVAILABLE}{/scm}
2019-11-05 08:35:00,096 [main] INFO  server.AbstractConnector (AbstractConnector.java:doStop(318)) - Stopped ServerConnector@1b13467c{HTTP/1.1,[http/1.1]}{0.0.0.0:0}
2019-11-05 08:35:00,096 [main] INFO  handler.ContextHandler (ContextHandler.java:doStop(910)) - Stopped o.e.j.s.ServletContextHandler@2b0e9f30{/static,file:///workdir/hadoop-ozone/integration-test/target/test-classes/webapps/static,UNAVAILABLE}
2019-11-05 08:35:00,096 [main] INFO  handler.ContextHandler (ContextHandler.java:doStop(910)) - Stopped o.e.j.s.ServletContextHandler@27df95e{/logs,file:///workdir/hadoop-ozone/integration-test/target/log,UNAVAILABLE}
2019-11-05 08:35:00,097 [main] INFO  server.StorageContainerManager (StorageContainerManager.java:stop(857)) - Stopping Block Manager Service.
2019-11-05 08:35:00,098 [main] INFO  utils.BackgroundService (BackgroundService.java:shutdown(151)) - Shutting down service SCMBlockDeletingService
2019-11-05 08:35:00,098 [main] INFO  utils.BackgroundService (BackgroundService.java:shutdown(151)) - Shutting down service SCMBlockDeletingService
2019-11-05 08:35:00,099 [main] INFO  server.StorageContainerManager (StorageContainerManager.java:stop(879)) - Stopping SCM Event Queue.
2019-11-05 08:35:00,105 [main] INFO  impl.MetricsSystemImpl (MetricsSystemImpl.java:stop(210)) - Stopping HddsDatanode metrics system...
2019-11-05 08:35:00,124 [main] INFO  impl.MetricsSystemImpl (MetricsSystemImpl.java:stop(216)) - HddsDatanode metrics system stopped.
]]></system-out>
    <system-err><![CDATA[Nov 05, 2019 8:34:39 AM org.apache.ratis.thirdparty.io.grpc.internal.SerializingExecutor run
SEVERE: Exception while executing runnable org.apache.ratis.thirdparty.io.grpc.internal.ServerImpl$JumpToApplicationThreadServerStreamListener$1Closed@a6a61e0
org.apache.ratis.thirdparty.io.grpc.StatusRuntimeException: CANCELLED: call already cancelled
	at org.apache.ratis.thirdparty.io.grpc.Status.asRuntimeException(Status.java:517)
	at org.apache.ratis.thirdparty.io.grpc.stub.ServerCalls$ServerCallStreamObserverImpl.onCompleted(ServerCalls.java:356)
	at org.apache.ratis.grpc.server.GrpcServerProtocolService$ServerRequestStreamObserver.onError(GrpcServerProtocolService.java:121)
	at org.apache.ratis.thirdparty.io.grpc.stub.ServerCalls$StreamingServerCallHandler$StreamingServerCallListener.onCancel(ServerCalls.java:269)
	at org.apache.ratis.thirdparty.io.grpc.internal.ServerCallImpl$ServerStreamListenerImpl.closed(ServerCallImpl.java:293)
	at org.apache.ratis.thirdparty.io.grpc.internal.ServerImpl$JumpToApplicationThreadServerStreamListener$1Closed.runInContext(ServerImpl.java:741)
	at org.apache.ratis.thirdparty.io.grpc.internal.ContextRunnable.run(ContextRunnable.java:37)
	at org.apache.ratis.thirdparty.io.grpc.internal.SerializingExecutor.run(SerializingExecutor.java:123)
	at java.util.concurrent.ThreadPoolExecutor.runWorker(ThreadPoolExecutor.java:1149)
	at java.util.concurrent.ThreadPoolExecutor$Worker.run(ThreadPoolExecutor.java:624)
	at java.lang.Thread.run(Thread.java:748)

Nov 05, 2019 8:34:39 AM org.apache.ratis.thirdparty.io.grpc.internal.SerializingExecutor run
SEVERE: Exception while executing runnable org.apache.ratis.thirdparty.io.grpc.internal.ClientCallImpl$ClientStreamListenerImpl$1StreamClosed@7ca3ee87
java.lang.NullPointerException
	at org.apache.ratis.grpc.server.GrpcLogAppender$AppendLogResponseHandler.onError(GrpcLogAppender.java:303)
	at org.apache.ratis.thirdparty.io.grpc.stub.ClientCalls$StreamObserverToCallListenerAdapter.onClose(ClientCalls.java:434)
	at org.apache.ratis.thirdparty.io.grpc.PartialForwardingClientCallListener.onClose(PartialForwardingClientCallListener.java:39)
	at org.apache.ratis.thirdparty.io.grpc.ForwardingClientCallListener.onClose(ForwardingClientCallListener.java:23)
	at org.apache.ratis.thirdparty.io.grpc.ForwardingClientCallListener$SimpleForwardingClientCallListener.onClose(ForwardingClientCallListener.java:40)
	at org.apache.ratis.thirdparty.io.grpc.internal.CensusStatsModule$StatsClientInterceptor$1$1.onClose(CensusStatsModule.java:678)
	at org.apache.ratis.thirdparty.io.grpc.PartialForwardingClientCallListener.onClose(PartialForwardingClientCallListener.java:39)
	at org.apache.ratis.thirdparty.io.grpc.ForwardingClientCallListener.onClose(ForwardingClientCallListener.java:23)
	at org.apache.ratis.thirdparty.io.grpc.ForwardingClientCallListener$SimpleForwardingClientCallListener.onClose(ForwardingClientCallListener.java:40)
	at org.apache.ratis.thirdparty.io.grpc.internal.CensusTracingModule$TracingClientInterceptor$1$1.onClose(CensusTracingModule.java:397)
	at org.apache.ratis.thirdparty.io.grpc.internal.ClientCallImpl.closeObserver(ClientCallImpl.java:459)
	at org.apache.ratis.thirdparty.io.grpc.internal.ClientCallImpl.access$300(ClientCallImpl.java:63)
	at org.apache.ratis.thirdparty.io.grpc.internal.ClientCallImpl$ClientStreamListenerImpl.close(ClientCallImpl.java:546)
	at org.apache.ratis.thirdparty.io.grpc.internal.ClientCallImpl$ClientStreamListenerImpl.access$600(ClientCallImpl.java:467)
	at org.apache.ratis.thirdparty.io.grpc.internal.ClientCallImpl$ClientStreamListenerImpl$1StreamClosed.runInContext(ClientCallImpl.java:584)
	at org.apache.ratis.thirdparty.io.grpc.internal.ContextRunnable.run(ContextRunnable.java:37)
	at org.apache.ratis.thirdparty.io.grpc.internal.SerializingExecutor.run(SerializingExecutor.java:123)
	at java.util.concurrent.ThreadPoolExecutor.runWorker(ThreadPoolExecutor.java:1149)
	at java.util.concurrent.ThreadPoolExecutor$Worker.run(ThreadPoolExecutor.java:624)
	at java.lang.Thread.run(Thread.java:748)

Nov 05, 2019 8:34:51 AM org.apache.ratis.thirdparty.io.grpc.internal.SerializingExecutor run
SEVERE: Exception while executing runnable org.apache.ratis.thirdparty.io.grpc.internal.ClientCallImpl$ClientStreamListenerImpl$1StreamClosed@6b91aec4
java.lang.NullPointerException
	at org.apache.ratis.grpc.server.GrpcLogAppender$AppendLogResponseHandler.onError(GrpcLogAppender.java:303)
	at org.apache.ratis.thirdparty.io.grpc.stub.ClientCalls$StreamObserverToCallListenerAdapter.onClose(ClientCalls.java:434)
	at org.apache.ratis.thirdparty.io.grpc.PartialForwardingClientCallListener.onClose(PartialForwardingClientCallListener.java:39)
	at org.apache.ratis.thirdparty.io.grpc.ForwardingClientCallListener.onClose(ForwardingClientCallListener.java:23)
	at org.apache.ratis.thirdparty.io.grpc.ForwardingClientCallListener$SimpleForwardingClientCallListener.onClose(ForwardingClientCallListener.java:40)
	at org.apache.ratis.thirdparty.io.grpc.internal.CensusStatsModule$StatsClientInterceptor$1$1.onClose(CensusStatsModule.java:678)
	at org.apache.ratis.thirdparty.io.grpc.PartialForwardingClientCallListener.onClose(PartialForwardingClientCallListener.java:39)
	at org.apache.ratis.thirdparty.io.grpc.ForwardingClientCallListener.onClose(ForwardingClientCallListener.java:23)
	at org.apache.ratis.thirdparty.io.grpc.ForwardingClientCallListener$SimpleForwardingClientCallListener.onClose(ForwardingClientCallListener.java:40)
	at org.apache.ratis.thirdparty.io.grpc.internal.CensusTracingModule$TracingClientInterceptor$1$1.onClose(CensusTracingModule.java:397)
	at org.apache.ratis.thirdparty.io.grpc.internal.ClientCallImpl.closeObserver(ClientCallImpl.java:459)
	at org.apache.ratis.thirdparty.io.grpc.internal.ClientCallImpl.access$300(ClientCallImpl.java:63)
	at org.apache.ratis.thirdparty.io.grpc.internal.ClientCallImpl$ClientStreamListenerImpl.close(ClientCallImpl.java:546)
	at org.apache.ratis.thirdparty.io.grpc.internal.ClientCallImpl$ClientStreamListenerImpl.access$600(ClientCallImpl.java:467)
	at org.apache.ratis.thirdparty.io.grpc.internal.ClientCallImpl$ClientStreamListenerImpl$1StreamClosed.runInContext(ClientCallImpl.java:584)
	at org.apache.ratis.thirdparty.io.grpc.internal.ContextRunnable.run(ContextRunnable.java:37)
	at org.apache.ratis.thirdparty.io.grpc.internal.SerializingExecutor.run(SerializingExecutor.java:123)
	at java.util.concurrent.ThreadPoolExecutor.runWorker(ThreadPoolExecutor.java:1149)
	at java.util.concurrent.ThreadPoolExecutor$Worker.run(ThreadPoolExecutor.java:624)
	at java.lang.Thread.run(Thread.java:748)

Nov 05, 2019 8:34:54 AM org.apache.ratis.thirdparty.io.grpc.internal.SerializingExecutor run
SEVERE: Exception while executing runnable org.apache.ratis.thirdparty.io.grpc.internal.ServerImpl$JumpToApplicationThreadServerStreamListener$1Closed@55b696a0
org.apache.ratis.thirdparty.io.grpc.StatusRuntimeException: CANCELLED: call already cancelled
	at org.apache.ratis.thirdparty.io.grpc.Status.asRuntimeException(Status.java:517)
	at org.apache.ratis.thirdparty.io.grpc.stub.ServerCalls$ServerCallStreamObserverImpl.onCompleted(ServerCalls.java:356)
	at org.apache.ratis.grpc.server.GrpcServerProtocolService$ServerRequestStreamObserver.onError(GrpcServerProtocolService.java:121)
	at org.apache.ratis.thirdparty.io.grpc.stub.ServerCalls$StreamingServerCallHandler$StreamingServerCallListener.onCancel(ServerCalls.java:269)
	at org.apache.ratis.thirdparty.io.grpc.internal.ServerCallImpl$ServerStreamListenerImpl.closed(ServerCallImpl.java:293)
	at org.apache.ratis.thirdparty.io.grpc.internal.ServerImpl$JumpToApplicationThreadServerStreamListener$1Closed.runInContext(ServerImpl.java:741)
	at org.apache.ratis.thirdparty.io.grpc.internal.ContextRunnable.run(ContextRunnable.java:37)
	at org.apache.ratis.thirdparty.io.grpc.internal.SerializingExecutor.run(SerializingExecutor.java:123)
	at java.util.concurrent.ThreadPoolExecutor.runWorker(ThreadPoolExecutor.java:1149)
	at java.util.concurrent.ThreadPoolExecutor$Worker.run(ThreadPoolExecutor.java:624)
	at java.lang.Thread.run(Thread.java:748)

Nov 05, 2019 8:34:54 AM org.apache.ratis.thirdparty.io.grpc.internal.SerializingExecutor run
SEVERE: Exception while executing runnable org.apache.ratis.thirdparty.io.grpc.internal.ClientCallImpl$ClientStreamListenerImpl$1StreamClosed@7b1d18a4
java.lang.NullPointerException
	at org.apache.ratis.grpc.server.GrpcLogAppender$AppendLogResponseHandler.onError(GrpcLogAppender.java:303)
	at org.apache.ratis.thirdparty.io.grpc.stub.ClientCalls$StreamObserverToCallListenerAdapter.onClose(ClientCalls.java:434)
	at org.apache.ratis.thirdparty.io.grpc.PartialForwardingClientCallListener.onClose(PartialForwardingClientCallListener.java:39)
	at org.apache.ratis.thirdparty.io.grpc.ForwardingClientCallListener.onClose(ForwardingClientCallListener.java:23)
	at org.apache.ratis.thirdparty.io.grpc.ForwardingClientCallListener$SimpleForwardingClientCallListener.onClose(ForwardingClientCallListener.java:40)
	at org.apache.ratis.thirdparty.io.grpc.internal.CensusStatsModule$StatsClientInterceptor$1$1.onClose(CensusStatsModule.java:678)
	at org.apache.ratis.thirdparty.io.grpc.PartialForwardingClientCallListener.onClose(PartialForwardingClientCallListener.java:39)
	at org.apache.ratis.thirdparty.io.grpc.ForwardingClientCallListener.onClose(ForwardingClientCallListener.java:23)
	at org.apache.ratis.thirdparty.io.grpc.ForwardingClientCallListener$SimpleForwardingClientCallListener.onClose(ForwardingClientCallListener.java:40)
	at org.apache.ratis.thirdparty.io.grpc.internal.CensusTracingModule$TracingClientInterceptor$1$1.onClose(CensusTracingModule.java:397)
	at org.apache.ratis.thirdparty.io.grpc.internal.ClientCallImpl.closeObserver(ClientCallImpl.java:459)
	at org.apache.ratis.thirdparty.io.grpc.internal.ClientCallImpl.access$300(ClientCallImpl.java:63)
	at org.apache.ratis.thirdparty.io.grpc.internal.ClientCallImpl$ClientStreamListenerImpl.close(ClientCallImpl.java:546)
	at org.apache.ratis.thirdparty.io.grpc.internal.ClientCallImpl$ClientStreamListenerImpl.access$600(ClientCallImpl.java:467)
	at org.apache.ratis.thirdparty.io.grpc.internal.ClientCallImpl$ClientStreamListenerImpl$1StreamClosed.runInContext(ClientCallImpl.java:584)
	at org.apache.ratis.thirdparty.io.grpc.internal.ContextRunnable.run(ContextRunnable.java:37)
	at org.apache.ratis.thirdparty.io.grpc.internal.SerializingExecutor.run(SerializingExecutor.java:123)
	at java.util.concurrent.ThreadPoolExecutor.runWorker(ThreadPoolExecutor.java:1149)
	at java.util.concurrent.ThreadPoolExecutor$Worker.run(ThreadPoolExecutor.java:624)
	at java.lang.Thread.run(Thread.java:748)

]]></system-err>
  </testcase>
  <testcase name="testWriteSmallFile" classname="org.apache.hadoop.ozone.client.rpc.TestFailureHandlingByClient" time="56.116"/>
  <testcase name="testBlockWritesWithDnFailures" classname="org.apache.hadoop.ozone.client.rpc.TestFailureHandlingByClient" time="81.783"/>
  <testcase name="testDatanodeExclusionWithMajorityCommit" classname="org.apache.hadoop.ozone.client.rpc.TestFailureHandlingByClient" time="58.519"/>
</testsuite>