<?xml version="1.0" encoding="UTF-8"?>
<testsuite xmlns:xsi="http://www.w3.org/2001/XMLSchema-instance" xsi:noNamespaceSchemaLocation="https://maven.apache.org/surefire/maven-surefire-plugin/xsd/surefire-test-report.xsd" name="org.apache.hadoop.ozone.client.rpc.TestDeleteWithSlowFollower" time="138.359" tests="1" errors="0" skipped="0" failures="1">
  <properties>
    <property name="awt.toolkit" value="sun.awt.X11.XToolkit"/>
    <property name="file.encoding.pkg" value="sun.io"/>
    <property name="java.specification.version" value="1.8"/>
    <property name="sun.cpu.isalist" value=""/>
    <property name="sun.jnu.encoding" value="ANSI_X3.4-1968"/>
    <property name="java.class.path" value="/workdir/hadoop-ozone/integration-test/target/test-classes:/workdir/hadoop-ozone/integration-test/target/classes:/home/user/.m2/repository/org/apache/hadoop/hadoop-ozone-common/0.5.0-SNAPSHOT/hadoop-ozone-common-0.5.0-SNAPSHOT.jar:/home/user/.m2/repository/org/apache/commons/commons-compress/1.4.1/commons-compress-1.4.1.jar:/home/user/.m2/repository/org/tukaani/xz/1.0/xz-1.0.jar:/home/user/.m2/repository/org/apache/hadoop/hadoop-common/3.2.0/hadoop-common-3.2.0.jar:/home/user/.m2/repository/org/apache/hadoop/hadoop-hdfs/3.2.0/hadoop-hdfs-3.2.0.jar:/home/user/.m2/repository/org/apache/hadoop/hadoop-hdfs-client/3.2.0/hadoop-hdfs-client-3.2.0.jar:/home/user/.m2/repository/com/fasterxml/jackson/core/jackson-annotations/2.9.9/jackson-annotations-2.9.9.jar:/home/user/.m2/repository/org/apache/hadoop/hadoop-hdds-common/0.5.0-SNAPSHOT/hadoop-hdds-common-0.5.0-SNAPSHOT.jar:/home/user/.m2/repository/javax/annotation/javax.annotation-api/1.2/javax.annotation-api-1.2.jar:/home/user/.m2/repository/org/apache/ratis/ratis-server/0.5.0-3f446aa-SNAPSHOT/ratis-server-0.5.0-3f446aa-SNAPSHOT.jar:/home/user/.m2/repository/org/apache/ratis/ratis-thirdparty-misc/0.2.0/ratis-thirdparty-misc-0.2.0.jar:/home/user/.m2/repository/org/apache/ratis/ratis-proto/0.5.0-3f446aa-SNAPSHOT/ratis-proto-0.5.0-3f446aa-SNAPSHOT.jar:/home/user/.m2/repository/org/apache/ratis/ratis-common/0.5.0-3f446aa-SNAPSHOT/ratis-common-0.5.0-3f446aa-SNAPSHOT.jar:/home/user/.m2/repository/org/apache/ratis/ratis-client/0.5.0-3f446aa-SNAPSHOT/ratis-client-0.5.0-3f446aa-SNAPSHOT.jar:/home/user/.m2/repository/org/apache/ratis/ratis-metrics/0.5.0-3f446aa-SNAPSHOT/ratis-metrics-0.5.0-3f446aa-SNAPSHOT.jar:/home/user/.m2/repository/com/github/joshelser/dropwizard-metrics-hadoop-metrics2-reporter/0.1.2/dropwizard-metrics-hadoop-metrics2-reporter-0.1.2.jar:/home/user/.m2/repository/io/dropwizard/metrics/metrics-jvm/3.2.5/metrics-jvm-3.2.5.jar:/home/user/.m2/repository/io/dropwizard/metrics/metrics-ganglia/3.2.5/metrics-ganglia-3.2.5.jar:/home/user/.m2/repository/info/ganglia/gmetric4j/gmetric4j/1.0.7/gmetric4j-1.0.7.jar:/home/user/.m2/repository/org/apache/ratis/ratis-netty/0.5.0-3f446aa-SNAPSHOT/ratis-netty-0.5.0-3f446aa-SNAPSHOT.jar:/home/user/.m2/repository/org/apache/ratis/ratis-grpc/0.5.0-3f446aa-SNAPSHOT/ratis-grpc-0.5.0-3f446aa-SNAPSHOT.jar:/home/user/.m2/repository/org/rocksdb/rocksdbjni/6.0.1/rocksdbjni-6.0.1.jar:/home/user/.m2/repository/org/apache/logging/log4j/log4j-api/2.11.0/log4j-api-2.11.0.jar:/home/user/.m2/repository/org/apache/logging/log4j/log4j-core/2.11.0/log4j-core-2.11.0.jar:/home/user/.m2/repository/com/lmax/disruptor/3.4.2/disruptor-3.4.2.jar:/home/user/.m2/repository/org/apache/commons/commons-pool2/2.6.0/commons-pool2-2.6.0.jar:/home/user/.m2/repository/org/bouncycastle/bcpkix-jdk15on/1.60/bcpkix-jdk15on-1.60.jar:/home/user/.m2/repository/commons-validator/commons-validator/1.6/commons-validator-1.6.jar:/home/user/.m2/repository/commons-digester/commons-digester/1.8.1/commons-digester-1.8.1.jar:/home/user/.m2/repository/io/jaegertracing/jaeger-client/0.34.0/jaeger-client-0.34.0.jar:/home/user/.m2/repository/io/jaegertracing/jaeger-thrift/0.34.0/jaeger-thrift-0.34.0.jar:/home/user/.m2/repository/org/apache/thrift/libthrift/0.12.0/libthrift-0.12.0.jar:/home/user/.m2/repository/com/squareup/okhttp3/okhttp/3.9.0/okhttp-3.9.0.jar:/home/user/.m2/repository/com/squareup/okio/okio/1.13.0/okio-1.13.0.jar:/home/user/.m2/repository/io/jaegertracing/jaeger-core/0.34.0/jaeger-core-0.34.0.jar:/home/user/.m2/repository/io/jaegertracing/jaeger-tracerresolver/0.34.0/jaeger-tracerresolver-0.34.0.jar:/home/user/.m2/repository/io/opentracing/contrib/opentracing-tracerresolver/0.1.5/opentracing-tracerresolver-0.1.5.jar:/home/user/.m2/repository/io/opentracing/opentracing-util/0.31.0/opentracing-util-0.31.0.jar:/home/user/.m2/repository/io/opentracing/opentracing-api/0.31.0/opentracing-api-0.31.0.jar:/home/user/.m2/repository/io/opentracing/opentracing-noop/0.31.0/opentracing-noop-0.31.0.jar:/home/user/.m2/repository/org/apache/hadoop/hadoop-hdds-server-framework/0.5.0-SNAPSHOT/hadoop-hdds-server-framework-0.5.0-SNAPSHOT.jar:/home/user/.m2/repository/org/apache/hadoop/hadoop-hdds-container-service/0.5.0-SNAPSHOT/hadoop-hdds-container-service-0.5.0-SNAPSHOT.jar:/home/user/.m2/repository/org/apache/hadoop/hadoop-hdds-client/0.5.0-SNAPSHOT/hadoop-hdds-client-0.5.0-SNAPSHOT.jar:/home/user/.m2/repository/org/apache/hadoop/hadoop-hdds-tools/0.5.0-SNAPSHOT/hadoop-hdds-tools-0.5.0-SNAPSHOT.jar:/home/user/.m2/repository/org/apache/hadoop/hadoop-hdds-server-scm/0.5.0-SNAPSHOT/hadoop-hdds-server-scm-0.5.0-SNAPSHOT.jar:/home/user/.m2/repository/org/apache/hadoop/hadoop-hdds-docs/0.5.0-SNAPSHOT/hadoop-hdds-docs-0.5.0-SNAPSHOT.jar:/home/user/.m2/repository/io/dropwizard/metrics/metrics-core/3.2.4/metrics-core-3.2.4.jar:/home/user/.m2/repository/org/hamcrest/hamcrest-all/1.3/hamcrest-all-1.3.jar:/home/user/.m2/repository/org/bouncycastle/bcprov-jdk15on/1.60/bcprov-jdk15on-1.60.jar:/home/user/.m2/repository/info/picocli/picocli/3.9.6/picocli-3.9.6.jar:/home/user/.m2/repository/com/google/protobuf/protobuf-java/2.5.0/protobuf-java-2.5.0.jar:/home/user/.m2/repository/com/google/guava/guava/11.0.2/guava-11.0.2.jar:/home/user/.m2/repository/org/apache/hadoop/hadoop-ozone-ozone-manager/0.5.0-SNAPSHOT/hadoop-ozone-ozone-manager-0.5.0-SNAPSHOT.jar:/home/user/.m2/repository/org/apache/hadoop/hadoop-minikdc/3.2.0/hadoop-minikdc-3.2.0.jar:/home/user/.m2/repository/commons-io/commons-io/2.5/commons-io-2.5.jar:/home/user/.m2/repository/org/apache/kerby/kerb-simplekdc/1.0.1/kerb-simplekdc-1.0.1.jar:/home/user/.m2/repository/org/apache/kerby/kerb-client/1.0.1/kerb-client-1.0.1.jar:/home/user/.m2/repository/org/apache/kerby/kerby-config/1.0.1/kerby-config-1.0.1.jar:/home/user/.m2/repository/org/apache/kerby/kerb-core/1.0.1/kerb-core-1.0.1.jar:/home/user/.m2/repository/org/apache/kerby/kerby-pkix/1.0.1/kerby-pkix-1.0.1.jar:/home/user/.m2/repository/org/apache/kerby/kerby-asn1/1.0.1/kerby-asn1-1.0.1.jar:/home/user/.m2/repository/org/apache/kerby/kerby-util/1.0.1/kerby-util-1.0.1.jar:/home/user/.m2/repository/org/apache/kerby/kerb-common/1.0.1/kerb-common-1.0.1.jar:/home/user/.m2/repository/org/apache/kerby/kerb-crypto/1.0.1/kerb-crypto-1.0.1.jar:/home/user/.m2/repository/org/apache/kerby/kerb-util/1.0.1/kerb-util-1.0.1.jar:/home/user/.m2/repository/org/apache/kerby/token-provider/1.0.1/token-provider-1.0.1.jar:/home/user/.m2/repository/org/apache/kerby/kerb-admin/1.0.1/kerb-admin-1.0.1.jar:/home/user/.m2/repository/org/apache/kerby/kerb-server/1.0.1/kerb-server-1.0.1.jar:/home/user/.m2/repository/org/apache/kerby/kerb-identity/1.0.1/kerb-identity-1.0.1.jar:/home/user/.m2/repository/org/apache/kerby/kerby-xdr/1.0.1/kerby-xdr-1.0.1.jar:/home/user/.m2/repository/org/slf4j/slf4j-log4j12/1.7.25/slf4j-log4j12-1.7.25.jar:/home/user/.m2/repository/org/apache/hadoop/hadoop-ozone-s3gateway/0.5.0-SNAPSHOT/hadoop-ozone-s3gateway-0.5.0-SNAPSHOT.jar:/home/user/.m2/repository/org/jboss/weld/servlet/weld-servlet/2.4.7.Final/weld-servlet-2.4.7.Final.jar:/home/user/.m2/repository/org/glassfish/jersey/containers/jersey-container-servlet-core/2.27/jersey-container-servlet-core-2.27.jar:/home/user/.m2/repository/org/glassfish/hk2/external/javax.inject/2.5.0-b42/javax.inject-2.5.0-b42.jar:/home/user/.m2/repository/org/glassfish/jersey/core/jersey-common/2.27/jersey-common-2.27.jar:/home/user/.m2/repository/org/glassfish/hk2/osgi-resource-locator/1.0.1/osgi-resource-locator-1.0.1.jar:/home/user/.m2/repository/javax/ws/rs/javax.ws.rs-api/2.1/javax.ws.rs-api-2.1.jar:/home/user/.m2/repository/org/glassfish/jersey/ext/cdi/jersey-cdi1x/2.27/jersey-cdi1x-2.27.jar:/home/user/.m2/repository/org/glassfish/jersey/inject/jersey-hk2/2.27/jersey-hk2-2.27.jar:/home/user/.m2/repository/org/glassfish/hk2/hk2-locator/2.5.0-b42/hk2-locator-2.5.0-b42.jar:/home/user/.m2/repository/org/javassist/javassist/3.22.0-CR2/javassist-3.22.0-CR2.jar:/home/user/.m2/repository/org/glassfish/hk2/hk2-api/2.5.0/hk2-api-2.5.0.jar:/home/user/.m2/repository/org/glassfish/hk2/external/jakarta.inject/2.5.0/jakarta.inject-2.5.0.jar:/home/user/.m2/repository/org/glassfish/hk2/hk2-utils/2.5.0/hk2-utils-2.5.0.jar:/home/user/.m2/repository/jakarta/annotation/jakarta.annotation-api/1.3.4/jakarta.annotation-api-1.3.4.jar:/home/user/.m2/repository/org/glassfish/hk2/external/aopalliance-repackaged/2.5.0/aopalliance-repackaged-2.5.0.jar:/home/user/.m2/repository/com/fasterxml/jackson/dataformat/jackson-dataformat-xml/2.9.0/jackson-dataformat-xml-2.9.0.jar:/home/user/.m2/repository/com/fasterxml/jackson/core/jackson-core/2.9.9/jackson-core-2.9.9.jar:/home/user/.m2/repository/com/fasterxml/jackson/module/jackson-module-jaxb-annotations/2.9.9/jackson-module-jaxb-annotations-2.9.9.jar:/home/user/.m2/repository/javax/enterprise/cdi-api/1.2/cdi-api-1.2.jar:/home/user/.m2/repository/javax/el/javax.el-api/3.0.0/javax.el-api-3.0.0.jar:/home/user/.m2/repository/javax/interceptor/javax.interceptor-api/1.2/javax.interceptor-api-1.2.jar:/home/user/.m2/repository/javax/inject/javax.inject/1/javax.inject-1.jar:/home/user/.m2/repository/com/sun/xml/bind/jaxb-impl/2.3.0.1/jaxb-impl-2.3.0.1.jar:/home/user/.m2/repository/com/sun/xml/bind/jaxb-core/2.3.0.1/jaxb-core-2.3.0.1.jar:/home/user/.m2/repository/javax/xml/bind/jaxb-api/2.3.0/jaxb-api-2.3.0.jar:/home/user/.m2/repository/javax/activation/activation/1.1.1/activation-1.1.1.jar:/home/user/.m2/repository/org/apache/hadoop/hadoop-ozone-csi/0.5.0-SNAPSHOT/hadoop-ozone-csi-0.5.0-SNAPSHOT.jar:/home/user/.m2/repository/com/google/protobuf/protobuf-java-util/3.5.1/protobuf-java-util-3.5.1.jar:/home/user/.m2/repository/org/apache/hadoop/hadoop-hdds-config/0.5.0-SNAPSHOT/hadoop-hdds-config-0.5.0-SNAPSHOT.jar:/home/user/.m2/repository/io/grpc/grpc-netty/1.17.1/grpc-netty-1.17.1.jar:/home/user/.m2/repository/io/grpc/grpc-core/1.17.1/grpc-core-1.17.1.jar:/home/user/.m2/repository/io/grpc/grpc-context/1.17.1/grpc-context-1.17.1.jar:/home/user/.m2/repository/com/google/errorprone/error_prone_annotations/2.2.0/error_prone_annotations-2.2.0.jar:/home/user/.m2/repository/org/codehaus/mojo/animal-sniffer-annotations/1.17/animal-sniffer-annotations-1.17.jar:/home/user/.m2/repository/io/opencensus/opencensus-api/0.17.0/opencensus-api-0.17.0.jar:/home/user/.m2/repository/io/opencensus/opencensus-contrib-grpc-metrics/0.17.0/opencensus-contrib-grpc-metrics-0.17.0.jar:/home/user/.m2/repository/io/netty/netty-codec-http2/4.1.30.Final/netty-codec-http2-4.1.30.Final.jar:/home/user/.m2/repository/io/netty/netty-codec-http/4.1.30.Final/netty-codec-http-4.1.30.Final.jar:/home/user/.m2/repository/io/netty/netty-codec/4.1.30.Final/netty-codec-4.1.30.Final.jar:/home/user/.m2/repository/io/netty/netty-handler/4.1.30.Final/netty-handler-4.1.30.Final.jar:/home/user/.m2/repository/io/netty/netty-handler-proxy/4.1.30.Final/netty-handler-proxy-4.1.30.Final.jar:/home/user/.m2/repository/io/netty/netty-codec-socks/4.1.30.Final/netty-codec-socks-4.1.30.Final.jar:/home/user/.m2/repository/io/netty/netty-transport-native-epoll/4.1.30.Final/netty-transport-native-epoll-4.1.30.Final.jar:/home/user/.m2/repository/io/netty/netty-common/4.1.30.Final/netty-common-4.1.30.Final.jar:/home/user/.m2/repository/io/netty/netty-buffer/4.1.30.Final/netty-buffer-4.1.30.Final.jar:/home/user/.m2/repository/io/netty/netty-transport/4.1.30.Final/netty-transport-4.1.30.Final.jar:/home/user/.m2/repository/io/netty/netty-resolver/4.1.30.Final/netty-resolver-4.1.30.Final.jar:/home/user/.m2/repository/io/netty/netty-transport-native-unix-common/4.1.30.Final/netty-transport-native-unix-common-4.1.30.Final.jar:/home/user/.m2/repository/io/grpc/grpc-protobuf/1.17.1/grpc-protobuf-1.17.1.jar:/home/user/.m2/repository/com/google/api/grpc/proto-google-common-protos/1.0.0/proto-google-common-protos-1.0.0.jar:/home/user/.m2/repository/io/grpc/grpc-protobuf-lite/1.17.1/grpc-protobuf-lite-1.17.1.jar:/home/user/.m2/repository/io/grpc/grpc-stub/1.17.1/grpc-stub-1.17.1.jar:/home/user/.m2/repository/org/apache/hadoop/hadoop-ozone-recon/0.5.0-SNAPSHOT/hadoop-ozone-recon-0.5.0-SNAPSHOT.jar:/home/user/.m2/repository/org/apache/hadoop/hadoop-ozone-reconcodegen/0.5.0-SNAPSHOT/hadoop-ozone-reconcodegen-0.5.0-SNAPSHOT.jar:/home/user/.m2/repository/com/google/inject/extensions/guice-multibindings/4.0/guice-multibindings-4.0.jar:/home/user/.m2/repository/com/google/inject/guice/4.0/guice-4.0.jar:/home/user/.m2/repository/aopalliance/aopalliance/1.0/aopalliance-1.0.jar:/home/user/.m2/repository/com/google/inject/extensions/guice-servlet/4.0/guice-servlet-4.0.jar:/home/user/.m2/repository/org/glassfish/jersey/containers/jersey-container-servlet/2.27/jersey-container-servlet-2.27.jar:/home/user/.m2/repository/org/glassfish/hk2/guice-bridge/2.5.0/guice-bridge-2.5.0.jar:/home/user/.m2/repository/org/glassfish/jersey/core/jersey-server/2.27/jersey-server-2.27.jar:/home/user/.m2/repository/org/glassfish/jersey/core/jersey-client/2.27/jersey-client-2.27.jar:/home/user/.m2/repository/org/glassfish/jersey/media/jersey-media-jaxb/2.27/jersey-media-jaxb-2.27.jar:/home/user/.m2/repository/javax/validation/validation-api/1.1.0.Final/validation-api-1.1.0.Final.jar:/home/user/.m2/repository/org/glassfish/jersey/media/jersey-media-json-jackson/2.27/jersey-media-json-jackson-2.27.jar:/home/user/.m2/repository/org/glassfish/jersey/ext/jersey-entity-filtering/2.27/jersey-entity-filtering-2.27.jar:/home/user/.m2/repository/com/google/inject/extensions/guice-assistedinject/4.0/guice-assistedinject-4.0.jar:/home/user/.m2/repository/org/jooq/jooq/3.11.10/jooq-3.11.10.jar:/home/user/.m2/repository/org/jooq/jooq-meta/3.11.10/jooq-meta-3.11.10.jar:/home/user/.m2/repository/org/jooq/jooq-codegen/3.11.10/jooq-codegen-3.11.10.jar:/home/user/.m2/repository/com/jolbox/bonecp/0.8.0.RELEASE/bonecp-0.8.0.RELEASE.jar:/home/user/.m2/repository/org/xerial/sqlite-jdbc/3.25.2/sqlite-jdbc-3.25.2.jar:/home/user/.m2/repository/org/springframework/spring-jdbc/5.1.3.RELEASE/spring-jdbc-5.1.3.RELEASE.jar:/home/user/.m2/repository/org/springframework/spring-beans/5.1.3.RELEASE/spring-beans-5.1.3.RELEASE.jar:/home/user/.m2/repository/org/springframework/spring-core/5.1.3.RELEASE/spring-core-5.1.3.RELEASE.jar:/home/user/.m2/repository/org/springframework/spring-jcl/5.1.3.RELEASE/spring-jcl-5.1.3.RELEASE.jar:/home/user/.m2/repository/org/springframework/spring-tx/5.1.3.RELEASE/spring-tx-5.1.3.RELEASE.jar:/home/user/.m2/repository/org/apache/hadoop/hadoop-ozone-client/0.5.0-SNAPSHOT/hadoop-ozone-client-0.5.0-SNAPSHOT.jar:/home/user/.m2/repository/commons-lang/commons-lang/2.6/commons-lang-2.6.jar:/home/user/.m2/repository/org/apache/hadoop/hadoop-ozone-ozone-manager/0.5.0-SNAPSHOT/hadoop-ozone-ozone-manager-0.5.0-SNAPSHOT-tests.jar:/home/user/.m2/repository/junit/junit/4.11/junit-4.11.jar:/home/user/.m2/repository/org/hamcrest/hamcrest-core/1.3/hamcrest-core-1.3.jar:/home/user/.m2/repository/org/openjdk/jmh/jmh-core/1.19/jmh-core-1.19.jar:/home/user/.m2/repository/net/sf/jopt-simple/jopt-simple/4.6/jopt-simple-4.6.jar:/home/user/.m2/repository/org/apache/commons/commons-math3/3.1.1/commons-math3-3.1.1.jar:/home/user/.m2/repository/org/openjdk/jmh/jmh-generator-annprocess/1.19/jmh-generator-annprocess-1.19.jar:/home/user/.m2/repository/org/mockito/mockito-all/1.8.5/mockito-all-1.8.5.jar:/home/user/.m2/repository/org/apache/hadoop/hadoop-kms/3.2.0/hadoop-kms-3.2.0.jar:/home/user/.m2/repository/org/apache/hadoop/hadoop-auth/3.2.0/hadoop-auth-3.2.0.jar:/home/user/.m2/repository/com/nimbusds/nimbus-jose-jwt/4.41.1/nimbus-jose-jwt-4.41.1.jar:/home/user/.m2/repository/com/github/stephenc/jcip/jcip-annotations/1.0-1/jcip-annotations-1.0-1.jar:/home/user/.m2/repository/net/minidev/json-smart/2.3/json-smart-2.3.jar:/home/user/.m2/repository/net/minidev/accessors-smart/1.2/accessors-smart-1.2.jar:/home/user/.m2/repository/org/ow2/asm/asm/5.0.4/asm-5.0.4.jar:/home/user/.m2/repository/org/apache/curator/curator-framework/2.12.0/curator-framework-2.12.0.jar:/home/user/.m2/repository/com/sun/jersey/jersey-core/1.19/jersey-core-1.19.jar:/home/user/.m2/repository/javax/ws/rs/jsr311-api/1.1.1/jsr311-api-1.1.1.jar:/home/user/.m2/repository/com/sun/jersey/jersey-server/1.19/jersey-server-1.19.jar:/home/user/.m2/repository/javax/servlet/javax.servlet-api/3.1.0/javax.servlet-api-3.1.0.jar:/home/user/.m2/repository/org/eclipse/jetty/jetty-server/9.3.25.v20180904/jetty-server-9.3.25.v20180904.jar:/home/user/.m2/repository/org/eclipse/jetty/jetty-http/9.3.25.v20180904/jetty-http-9.3.25.v20180904.jar:/home/user/.m2/repository/org/eclipse/jetty/jetty-io/9.3.25.v20180904/jetty-io-9.3.25.v20180904.jar:/home/user/.m2/repository/org/eclipse/jetty/jetty-webapp/9.3.25.v20180904/jetty-webapp-9.3.25.v20180904.jar:/home/user/.m2/repository/org/eclipse/jetty/jetty-xml/9.3.25.v20180904/jetty-xml-9.3.25.v20180904.jar:/home/user/.m2/repository/log4j/log4j/1.2.17/log4j-1.2.17.jar:/home/user/.m2/repository/org/slf4j/slf4j-api/1.7.25/slf4j-api-1.7.25.jar:/home/user/.m2/repository/org/slf4j/jul-to-slf4j/1.7.25/jul-to-slf4j-1.7.25.jar:/home/user/.m2/repository/org/eclipse/jetty/jetty-util/9.3.25.v20180904/jetty-util-9.3.25.v20180904.jar:/home/user/.m2/repository/com/fasterxml/jackson/core/jackson-databind/2.9.9/jackson-databind-2.9.9.jar:/home/user/.m2/repository/org/apache/hadoop/hadoop-kms/3.2.0/hadoop-kms-3.2.0-tests.jar:/home/user/.m2/repository/org/apache/hadoop/hadoop-hdds-server-scm/0.5.0-SNAPSHOT/hadoop-hdds-server-scm-0.5.0-SNAPSHOT-tests.jar:/home/user/.m2/repository/org/apache/hadoop/hadoop-hdds-container-service/0.5.0-SNAPSHOT/hadoop-hdds-container-service-0.5.0-SNAPSHOT-tests.jar:/home/user/.m2/repository/org/yaml/snakeyaml/1.16/snakeyaml-1.16.jar:/home/user/.m2/repository/org/apache/hadoop/hadoop-common/3.2.0/hadoop-common-3.2.0-tests.jar:/home/user/.m2/repository/org/apache/hadoop/hadoop-annotations/3.2.0/hadoop-annotations-3.2.0.jar:/usr/lib/jvm/java-1.8.0-openjdk-1.8.0.222.b10-1.el7_7.x86_64/jre/../lib/tools.jar:/home/user/.m2/repository/commons-cli/commons-cli/1.2/commons-cli-1.2.jar:/home/user/.m2/repository/org/apache/httpcomponents/httpclient/4.5.2/httpclient-4.5.2.jar:/home/user/.m2/repository/org/apache/httpcomponents/httpcore/4.4.4/httpcore-4.4.4.jar:/home/user/.m2/repository/commons-codec/commons-codec/1.11/commons-codec-1.11.jar:/home/user/.m2/repository/commons-net/commons-net/3.6/commons-net-3.6.jar:/home/user/.m2/repository/commons-collections/commons-collections/3.2.2/commons-collections-3.2.2.jar:/home/user/.m2/repository/org/eclipse/jetty/jetty-servlet/9.3.25.v20180904/jetty-servlet-9.3.25.v20180904.jar:/home/user/.m2/repository/org/eclipse/jetty/jetty-security/9.3.25.v20180904/jetty-security-9.3.25.v20180904.jar:/home/user/.m2/repository/javax/servlet/jsp/jsp-api/2.1/jsp-api-2.1.jar:/home/user/.m2/repository/com/sun/jersey/jersey-servlet/1.19/jersey-servlet-1.19.jar:/home/user/.m2/repository/com/sun/jersey/jersey-json/1.19/jersey-json-1.19.jar:/home/user/.m2/repository/org/codehaus/jettison/jettison/1.1/jettison-1.1.jar:/home/user/.m2/repository/org/codehaus/jackson/jackson-core-asl/1.9.13/jackson-core-asl-1.9.13.jar:/home/user/.m2/repository/org/codehaus/jackson/jackson-mapper-asl/1.9.13/jackson-mapper-asl-1.9.13.jar:/home/user/.m2/repository/org/codehaus/jackson/jackson-jaxrs/1.9.13/jackson-jaxrs-1.9.13.jar:/home/user/.m2/repository/org/codehaus/jackson/jackson-xc/1.9.13/jackson-xc-1.9.13.jar:/home/user/.m2/repository/commons-logging/commons-logging/1.1.3/commons-logging-1.1.3.jar:/home/user/.m2/repository/commons-beanutils/commons-beanutils/1.9.4/commons-beanutils-1.9.4.jar:/home/user/.m2/repository/org/apache/commons/commons-configuration2/2.1.1/commons-configuration2-2.1.1.jar:/home/user/.m2/repository/org/apache/commons/commons-lang3/3.7/commons-lang3-3.7.jar:/home/user/.m2/repository/org/apache/commons/commons-text/1.4/commons-text-1.4.jar:/home/user/.m2/repository/org/apache/avro/avro/1.7.7/avro-1.7.7.jar:/home/user/.m2/repository/com/thoughtworks/paranamer/paranamer/2.3/paranamer-2.3.jar:/home/user/.m2/repository/org/xerial/snappy/snappy-java/1.0.5/snappy-java-1.0.5.jar:/home/user/.m2/repository/com/google/re2j/re2j/1.1/re2j-1.1.jar:/home/user/.m2/repository/com/google/code/gson/gson/2.2.4/gson-2.2.4.jar:/home/user/.m2/repository/com/jcraft/jsch/0.1.54/jsch-0.1.54.jar:/home/user/.m2/repository/org/apache/curator/curator-client/2.12.0/curator-client-2.12.0.jar:/home/user/.m2/repository/org/apache/curator/curator-recipes/2.12.0/curator-recipes-2.12.0.jar:/home/user/.m2/repository/com/google/code/findbugs/jsr305/3.0.0/jsr305-3.0.0.jar:/home/user/.m2/repository/org/apache/htrace/htrace-core4/4.1.0-incubating/htrace-core4-4.1.0-incubating.jar:/home/user/.m2/repository/org/apache/zookeeper/zookeeper/3.4.13/zookeeper-3.4.13.jar:/home/user/.m2/repository/jline/jline/0.9.94/jline-0.9.94.jar:/home/user/.m2/repository/org/apache/yetus/audience-annotations/0.5.0/audience-annotations-0.5.0.jar:/home/user/.m2/repository/org/codehaus/woodstox/stax2-api/3.1.4/stax2-api-3.1.4.jar:/home/user/.m2/repository/com/fasterxml/woodstox/woodstox-core/5.0.3/woodstox-core-5.0.3.jar:/home/user/.m2/repository/dnsjava/dnsjava/2.1.7/dnsjava-2.1.7.jar:/home/user/.m2/repository/org/apache/hadoop/hadoop-hdfs/3.2.0/hadoop-hdfs-3.2.0-tests.jar:/home/user/.m2/repository/org/eclipse/jetty/jetty-util-ajax/9.3.25.v20180904/jetty-util-ajax-9.3.25.v20180904.jar:/home/user/.m2/repository/commons-daemon/commons-daemon/1.0.13/commons-daemon-1.0.13.jar:/home/user/.m2/repository/io/netty/netty/3.10.5.Final/netty-3.10.5.Final.jar:/home/user/.m2/repository/io/netty/netty-all/4.0.52.Final/netty-all-4.0.52.Final.jar:/home/user/.m2/repository/org/fusesource/leveldbjni/leveldbjni-all/1.8/leveldbjni-all-1.8.jar:"/>
    <property name="java.vm.vendor" value="Oracle Corporation"/>
    <property name="sun.arch.data.model" value="64"/>
    <property name="test.build.dir" value="/workdir/hadoop-ozone/integration-test/target/test-dir"/>
    <property name="test.cache.data" value=""/>
    <property name="java.vendor.url" value="http://java.oracle.com/"/>
    <property name="user.timezone" value=""/>
    <property name="java.vm.specification.version" value="1.8"/>
    <property name="os.name" value="Linux"/>
    <property name="test.build.data" value="/workdir/hadoop-ozone/integration-test/target/test-dir"/>
    <property name="user.country" value="US"/>
    <property name="sun.java.launcher" value="SUN_STANDARD"/>
    <property name="sun.boot.library.path" value="/usr/lib/jvm/java-1.8.0-openjdk-1.8.0.222.b10-1.el7_7.x86_64/jre/lib/amd64"/>
    <property name="sun.java.command" value="/workdir/hadoop-ozone/integration-test/target/surefire/surefirebooter4661399682469385469.jar /workdir/hadoop-ozone/integration-test/target/surefire 2019-11-05T07-31-44_498-jvmRun1 surefire249287345842943905tmp surefire_488544466757144487326tmp"/>
    <property name="surefire.test.class.path" value="/workdir/hadoop-ozone/integration-test/target/test-classes:/workdir/hadoop-ozone/integration-test/target/classes:/home/user/.m2/repository/org/apache/hadoop/hadoop-ozone-common/0.5.0-SNAPSHOT/hadoop-ozone-common-0.5.0-SNAPSHOT.jar:/home/user/.m2/repository/org/apache/commons/commons-compress/1.4.1/commons-compress-1.4.1.jar:/home/user/.m2/repository/org/tukaani/xz/1.0/xz-1.0.jar:/home/user/.m2/repository/org/apache/hadoop/hadoop-common/3.2.0/hadoop-common-3.2.0.jar:/home/user/.m2/repository/org/apache/hadoop/hadoop-hdfs/3.2.0/hadoop-hdfs-3.2.0.jar:/home/user/.m2/repository/org/apache/hadoop/hadoop-hdfs-client/3.2.0/hadoop-hdfs-client-3.2.0.jar:/home/user/.m2/repository/com/fasterxml/jackson/core/jackson-annotations/2.9.9/jackson-annotations-2.9.9.jar:/home/user/.m2/repository/org/apache/hadoop/hadoop-hdds-common/0.5.0-SNAPSHOT/hadoop-hdds-common-0.5.0-SNAPSHOT.jar:/home/user/.m2/repository/javax/annotation/javax.annotation-api/1.2/javax.annotation-api-1.2.jar:/home/user/.m2/repository/org/apache/ratis/ratis-server/0.5.0-3f446aa-SNAPSHOT/ratis-server-0.5.0-3f446aa-SNAPSHOT.jar:/home/user/.m2/repository/org/apache/ratis/ratis-thirdparty-misc/0.2.0/ratis-thirdparty-misc-0.2.0.jar:/home/user/.m2/repository/org/apache/ratis/ratis-proto/0.5.0-3f446aa-SNAPSHOT/ratis-proto-0.5.0-3f446aa-SNAPSHOT.jar:/home/user/.m2/repository/org/apache/ratis/ratis-common/0.5.0-3f446aa-SNAPSHOT/ratis-common-0.5.0-3f446aa-SNAPSHOT.jar:/home/user/.m2/repository/org/apache/ratis/ratis-client/0.5.0-3f446aa-SNAPSHOT/ratis-client-0.5.0-3f446aa-SNAPSHOT.jar:/home/user/.m2/repository/org/apache/ratis/ratis-metrics/0.5.0-3f446aa-SNAPSHOT/ratis-metrics-0.5.0-3f446aa-SNAPSHOT.jar:/home/user/.m2/repository/com/github/joshelser/dropwizard-metrics-hadoop-metrics2-reporter/0.1.2/dropwizard-metrics-hadoop-metrics2-reporter-0.1.2.jar:/home/user/.m2/repository/io/dropwizard/metrics/metrics-jvm/3.2.5/metrics-jvm-3.2.5.jar:/home/user/.m2/repository/io/dropwizard/metrics/metrics-ganglia/3.2.5/metrics-ganglia-3.2.5.jar:/home/user/.m2/repository/info/ganglia/gmetric4j/gmetric4j/1.0.7/gmetric4j-1.0.7.jar:/home/user/.m2/repository/org/apache/ratis/ratis-netty/0.5.0-3f446aa-SNAPSHOT/ratis-netty-0.5.0-3f446aa-SNAPSHOT.jar:/home/user/.m2/repository/org/apache/ratis/ratis-grpc/0.5.0-3f446aa-SNAPSHOT/ratis-grpc-0.5.0-3f446aa-SNAPSHOT.jar:/home/user/.m2/repository/org/rocksdb/rocksdbjni/6.0.1/rocksdbjni-6.0.1.jar:/home/user/.m2/repository/org/apache/logging/log4j/log4j-api/2.11.0/log4j-api-2.11.0.jar:/home/user/.m2/repository/org/apache/logging/log4j/log4j-core/2.11.0/log4j-core-2.11.0.jar:/home/user/.m2/repository/com/lmax/disruptor/3.4.2/disruptor-3.4.2.jar:/home/user/.m2/repository/org/apache/commons/commons-pool2/2.6.0/commons-pool2-2.6.0.jar:/home/user/.m2/repository/org/bouncycastle/bcpkix-jdk15on/1.60/bcpkix-jdk15on-1.60.jar:/home/user/.m2/repository/commons-validator/commons-validator/1.6/commons-validator-1.6.jar:/home/user/.m2/repository/commons-digester/commons-digester/1.8.1/commons-digester-1.8.1.jar:/home/user/.m2/repository/io/jaegertracing/jaeger-client/0.34.0/jaeger-client-0.34.0.jar:/home/user/.m2/repository/io/jaegertracing/jaeger-thrift/0.34.0/jaeger-thrift-0.34.0.jar:/home/user/.m2/repository/org/apache/thrift/libthrift/0.12.0/libthrift-0.12.0.jar:/home/user/.m2/repository/com/squareup/okhttp3/okhttp/3.9.0/okhttp-3.9.0.jar:/home/user/.m2/repository/com/squareup/okio/okio/1.13.0/okio-1.13.0.jar:/home/user/.m2/repository/io/jaegertracing/jaeger-core/0.34.0/jaeger-core-0.34.0.jar:/home/user/.m2/repository/io/jaegertracing/jaeger-tracerresolver/0.34.0/jaeger-tracerresolver-0.34.0.jar:/home/user/.m2/repository/io/opentracing/contrib/opentracing-tracerresolver/0.1.5/opentracing-tracerresolver-0.1.5.jar:/home/user/.m2/repository/io/opentracing/opentracing-util/0.31.0/opentracing-util-0.31.0.jar:/home/user/.m2/repository/io/opentracing/opentracing-api/0.31.0/opentracing-api-0.31.0.jar:/home/user/.m2/repository/io/opentracing/opentracing-noop/0.31.0/opentracing-noop-0.31.0.jar:/home/user/.m2/repository/org/apache/hadoop/hadoop-hdds-server-framework/0.5.0-SNAPSHOT/hadoop-hdds-server-framework-0.5.0-SNAPSHOT.jar:/home/user/.m2/repository/org/apache/hadoop/hadoop-hdds-container-service/0.5.0-SNAPSHOT/hadoop-hdds-container-service-0.5.0-SNAPSHOT.jar:/home/user/.m2/repository/org/apache/hadoop/hadoop-hdds-client/0.5.0-SNAPSHOT/hadoop-hdds-client-0.5.0-SNAPSHOT.jar:/home/user/.m2/repository/org/apache/hadoop/hadoop-hdds-tools/0.5.0-SNAPSHOT/hadoop-hdds-tools-0.5.0-SNAPSHOT.jar:/home/user/.m2/repository/org/apache/hadoop/hadoop-hdds-server-scm/0.5.0-SNAPSHOT/hadoop-hdds-server-scm-0.5.0-SNAPSHOT.jar:/home/user/.m2/repository/org/apache/hadoop/hadoop-hdds-docs/0.5.0-SNAPSHOT/hadoop-hdds-docs-0.5.0-SNAPSHOT.jar:/home/user/.m2/repository/io/dropwizard/metrics/metrics-core/3.2.4/metrics-core-3.2.4.jar:/home/user/.m2/repository/org/hamcrest/hamcrest-all/1.3/hamcrest-all-1.3.jar:/home/user/.m2/repository/org/bouncycastle/bcprov-jdk15on/1.60/bcprov-jdk15on-1.60.jar:/home/user/.m2/repository/info/picocli/picocli/3.9.6/picocli-3.9.6.jar:/home/user/.m2/repository/com/google/protobuf/protobuf-java/2.5.0/protobuf-java-2.5.0.jar:/home/user/.m2/repository/com/google/guava/guava/11.0.2/guava-11.0.2.jar:/home/user/.m2/repository/org/apache/hadoop/hadoop-ozone-ozone-manager/0.5.0-SNAPSHOT/hadoop-ozone-ozone-manager-0.5.0-SNAPSHOT.jar:/home/user/.m2/repository/org/apache/hadoop/hadoop-minikdc/3.2.0/hadoop-minikdc-3.2.0.jar:/home/user/.m2/repository/commons-io/commons-io/2.5/commons-io-2.5.jar:/home/user/.m2/repository/org/apache/kerby/kerb-simplekdc/1.0.1/kerb-simplekdc-1.0.1.jar:/home/user/.m2/repository/org/apache/kerby/kerb-client/1.0.1/kerb-client-1.0.1.jar:/home/user/.m2/repository/org/apache/kerby/kerby-config/1.0.1/kerby-config-1.0.1.jar:/home/user/.m2/repository/org/apache/kerby/kerb-core/1.0.1/kerb-core-1.0.1.jar:/home/user/.m2/repository/org/apache/kerby/kerby-pkix/1.0.1/kerby-pkix-1.0.1.jar:/home/user/.m2/repository/org/apache/kerby/kerby-asn1/1.0.1/kerby-asn1-1.0.1.jar:/home/user/.m2/repository/org/apache/kerby/kerby-util/1.0.1/kerby-util-1.0.1.jar:/home/user/.m2/repository/org/apache/kerby/kerb-common/1.0.1/kerb-common-1.0.1.jar:/home/user/.m2/repository/org/apache/kerby/kerb-crypto/1.0.1/kerb-crypto-1.0.1.jar:/home/user/.m2/repository/org/apache/kerby/kerb-util/1.0.1/kerb-util-1.0.1.jar:/home/user/.m2/repository/org/apache/kerby/token-provider/1.0.1/token-provider-1.0.1.jar:/home/user/.m2/repository/org/apache/kerby/kerb-admin/1.0.1/kerb-admin-1.0.1.jar:/home/user/.m2/repository/org/apache/kerby/kerb-server/1.0.1/kerb-server-1.0.1.jar:/home/user/.m2/repository/org/apache/kerby/kerb-identity/1.0.1/kerb-identity-1.0.1.jar:/home/user/.m2/repository/org/apache/kerby/kerby-xdr/1.0.1/kerby-xdr-1.0.1.jar:/home/user/.m2/repository/org/slf4j/slf4j-log4j12/1.7.25/slf4j-log4j12-1.7.25.jar:/home/user/.m2/repository/org/apache/hadoop/hadoop-ozone-s3gateway/0.5.0-SNAPSHOT/hadoop-ozone-s3gateway-0.5.0-SNAPSHOT.jar:/home/user/.m2/repository/org/jboss/weld/servlet/weld-servlet/2.4.7.Final/weld-servlet-2.4.7.Final.jar:/home/user/.m2/repository/org/glassfish/jersey/containers/jersey-container-servlet-core/2.27/jersey-container-servlet-core-2.27.jar:/home/user/.m2/repository/org/glassfish/hk2/external/javax.inject/2.5.0-b42/javax.inject-2.5.0-b42.jar:/home/user/.m2/repository/org/glassfish/jersey/core/jersey-common/2.27/jersey-common-2.27.jar:/home/user/.m2/repository/org/glassfish/hk2/osgi-resource-locator/1.0.1/osgi-resource-locator-1.0.1.jar:/home/user/.m2/repository/javax/ws/rs/javax.ws.rs-api/2.1/javax.ws.rs-api-2.1.jar:/home/user/.m2/repository/org/glassfish/jersey/ext/cdi/jersey-cdi1x/2.27/jersey-cdi1x-2.27.jar:/home/user/.m2/repository/org/glassfish/jersey/inject/jersey-hk2/2.27/jersey-hk2-2.27.jar:/home/user/.m2/repository/org/glassfish/hk2/hk2-locator/2.5.0-b42/hk2-locator-2.5.0-b42.jar:/home/user/.m2/repository/org/javassist/javassist/3.22.0-CR2/javassist-3.22.0-CR2.jar:/home/user/.m2/repository/org/glassfish/hk2/hk2-api/2.5.0/hk2-api-2.5.0.jar:/home/user/.m2/repository/org/glassfish/hk2/external/jakarta.inject/2.5.0/jakarta.inject-2.5.0.jar:/home/user/.m2/repository/org/glassfish/hk2/hk2-utils/2.5.0/hk2-utils-2.5.0.jar:/home/user/.m2/repository/jakarta/annotation/jakarta.annotation-api/1.3.4/jakarta.annotation-api-1.3.4.jar:/home/user/.m2/repository/org/glassfish/hk2/external/aopalliance-repackaged/2.5.0/aopalliance-repackaged-2.5.0.jar:/home/user/.m2/repository/com/fasterxml/jackson/dataformat/jackson-dataformat-xml/2.9.0/jackson-dataformat-xml-2.9.0.jar:/home/user/.m2/repository/com/fasterxml/jackson/core/jackson-core/2.9.9/jackson-core-2.9.9.jar:/home/user/.m2/repository/com/fasterxml/jackson/module/jackson-module-jaxb-annotations/2.9.9/jackson-module-jaxb-annotations-2.9.9.jar:/home/user/.m2/repository/javax/enterprise/cdi-api/1.2/cdi-api-1.2.jar:/home/user/.m2/repository/javax/el/javax.el-api/3.0.0/javax.el-api-3.0.0.jar:/home/user/.m2/repository/javax/interceptor/javax.interceptor-api/1.2/javax.interceptor-api-1.2.jar:/home/user/.m2/repository/javax/inject/javax.inject/1/javax.inject-1.jar:/home/user/.m2/repository/com/sun/xml/bind/jaxb-impl/2.3.0.1/jaxb-impl-2.3.0.1.jar:/home/user/.m2/repository/com/sun/xml/bind/jaxb-core/2.3.0.1/jaxb-core-2.3.0.1.jar:/home/user/.m2/repository/javax/xml/bind/jaxb-api/2.3.0/jaxb-api-2.3.0.jar:/home/user/.m2/repository/javax/activation/activation/1.1.1/activation-1.1.1.jar:/home/user/.m2/repository/org/apache/hadoop/hadoop-ozone-csi/0.5.0-SNAPSHOT/hadoop-ozone-csi-0.5.0-SNAPSHOT.jar:/home/user/.m2/repository/com/google/protobuf/protobuf-java-util/3.5.1/protobuf-java-util-3.5.1.jar:/home/user/.m2/repository/org/apache/hadoop/hadoop-hdds-config/0.5.0-SNAPSHOT/hadoop-hdds-config-0.5.0-SNAPSHOT.jar:/home/user/.m2/repository/io/grpc/grpc-netty/1.17.1/grpc-netty-1.17.1.jar:/home/user/.m2/repository/io/grpc/grpc-core/1.17.1/grpc-core-1.17.1.jar:/home/user/.m2/repository/io/grpc/grpc-context/1.17.1/grpc-context-1.17.1.jar:/home/user/.m2/repository/com/google/errorprone/error_prone_annotations/2.2.0/error_prone_annotations-2.2.0.jar:/home/user/.m2/repository/org/codehaus/mojo/animal-sniffer-annotations/1.17/animal-sniffer-annotations-1.17.jar:/home/user/.m2/repository/io/opencensus/opencensus-api/0.17.0/opencensus-api-0.17.0.jar:/home/user/.m2/repository/io/opencensus/opencensus-contrib-grpc-metrics/0.17.0/opencensus-contrib-grpc-metrics-0.17.0.jar:/home/user/.m2/repository/io/netty/netty-codec-http2/4.1.30.Final/netty-codec-http2-4.1.30.Final.jar:/home/user/.m2/repository/io/netty/netty-codec-http/4.1.30.Final/netty-codec-http-4.1.30.Final.jar:/home/user/.m2/repository/io/netty/netty-codec/4.1.30.Final/netty-codec-4.1.30.Final.jar:/home/user/.m2/repository/io/netty/netty-handler/4.1.30.Final/netty-handler-4.1.30.Final.jar:/home/user/.m2/repository/io/netty/netty-handler-proxy/4.1.30.Final/netty-handler-proxy-4.1.30.Final.jar:/home/user/.m2/repository/io/netty/netty-codec-socks/4.1.30.Final/netty-codec-socks-4.1.30.Final.jar:/home/user/.m2/repository/io/netty/netty-transport-native-epoll/4.1.30.Final/netty-transport-native-epoll-4.1.30.Final.jar:/home/user/.m2/repository/io/netty/netty-common/4.1.30.Final/netty-common-4.1.30.Final.jar:/home/user/.m2/repository/io/netty/netty-buffer/4.1.30.Final/netty-buffer-4.1.30.Final.jar:/home/user/.m2/repository/io/netty/netty-transport/4.1.30.Final/netty-transport-4.1.30.Final.jar:/home/user/.m2/repository/io/netty/netty-resolver/4.1.30.Final/netty-resolver-4.1.30.Final.jar:/home/user/.m2/repository/io/netty/netty-transport-native-unix-common/4.1.30.Final/netty-transport-native-unix-common-4.1.30.Final.jar:/home/user/.m2/repository/io/grpc/grpc-protobuf/1.17.1/grpc-protobuf-1.17.1.jar:/home/user/.m2/repository/com/google/api/grpc/proto-google-common-protos/1.0.0/proto-google-common-protos-1.0.0.jar:/home/user/.m2/repository/io/grpc/grpc-protobuf-lite/1.17.1/grpc-protobuf-lite-1.17.1.jar:/home/user/.m2/repository/io/grpc/grpc-stub/1.17.1/grpc-stub-1.17.1.jar:/home/user/.m2/repository/org/apache/hadoop/hadoop-ozone-recon/0.5.0-SNAPSHOT/hadoop-ozone-recon-0.5.0-SNAPSHOT.jar:/home/user/.m2/repository/org/apache/hadoop/hadoop-ozone-reconcodegen/0.5.0-SNAPSHOT/hadoop-ozone-reconcodegen-0.5.0-SNAPSHOT.jar:/home/user/.m2/repository/com/google/inject/extensions/guice-multibindings/4.0/guice-multibindings-4.0.jar:/home/user/.m2/repository/com/google/inject/guice/4.0/guice-4.0.jar:/home/user/.m2/repository/aopalliance/aopalliance/1.0/aopalliance-1.0.jar:/home/user/.m2/repository/com/google/inject/extensions/guice-servlet/4.0/guice-servlet-4.0.jar:/home/user/.m2/repository/org/glassfish/jersey/containers/jersey-container-servlet/2.27/jersey-container-servlet-2.27.jar:/home/user/.m2/repository/org/glassfish/hk2/guice-bridge/2.5.0/guice-bridge-2.5.0.jar:/home/user/.m2/repository/org/glassfish/jersey/core/jersey-server/2.27/jersey-server-2.27.jar:/home/user/.m2/repository/org/glassfish/jersey/core/jersey-client/2.27/jersey-client-2.27.jar:/home/user/.m2/repository/org/glassfish/jersey/media/jersey-media-jaxb/2.27/jersey-media-jaxb-2.27.jar:/home/user/.m2/repository/javax/validation/validation-api/1.1.0.Final/validation-api-1.1.0.Final.jar:/home/user/.m2/repository/org/glassfish/jersey/media/jersey-media-json-jackson/2.27/jersey-media-json-jackson-2.27.jar:/home/user/.m2/repository/org/glassfish/jersey/ext/jersey-entity-filtering/2.27/jersey-entity-filtering-2.27.jar:/home/user/.m2/repository/com/google/inject/extensions/guice-assistedinject/4.0/guice-assistedinject-4.0.jar:/home/user/.m2/repository/org/jooq/jooq/3.11.10/jooq-3.11.10.jar:/home/user/.m2/repository/org/jooq/jooq-meta/3.11.10/jooq-meta-3.11.10.jar:/home/user/.m2/repository/org/jooq/jooq-codegen/3.11.10/jooq-codegen-3.11.10.jar:/home/user/.m2/repository/com/jolbox/bonecp/0.8.0.RELEASE/bonecp-0.8.0.RELEASE.jar:/home/user/.m2/repository/org/xerial/sqlite-jdbc/3.25.2/sqlite-jdbc-3.25.2.jar:/home/user/.m2/repository/org/springframework/spring-jdbc/5.1.3.RELEASE/spring-jdbc-5.1.3.RELEASE.jar:/home/user/.m2/repository/org/springframework/spring-beans/5.1.3.RELEASE/spring-beans-5.1.3.RELEASE.jar:/home/user/.m2/repository/org/springframework/spring-core/5.1.3.RELEASE/spring-core-5.1.3.RELEASE.jar:/home/user/.m2/repository/org/springframework/spring-jcl/5.1.3.RELEASE/spring-jcl-5.1.3.RELEASE.jar:/home/user/.m2/repository/org/springframework/spring-tx/5.1.3.RELEASE/spring-tx-5.1.3.RELEASE.jar:/home/user/.m2/repository/org/apache/hadoop/hadoop-ozone-client/0.5.0-SNAPSHOT/hadoop-ozone-client-0.5.0-SNAPSHOT.jar:/home/user/.m2/repository/commons-lang/commons-lang/2.6/commons-lang-2.6.jar:/home/user/.m2/repository/org/apache/hadoop/hadoop-ozone-ozone-manager/0.5.0-SNAPSHOT/hadoop-ozone-ozone-manager-0.5.0-SNAPSHOT-tests.jar:/home/user/.m2/repository/junit/junit/4.11/junit-4.11.jar:/home/user/.m2/repository/org/hamcrest/hamcrest-core/1.3/hamcrest-core-1.3.jar:/home/user/.m2/repository/org/openjdk/jmh/jmh-core/1.19/jmh-core-1.19.jar:/home/user/.m2/repository/net/sf/jopt-simple/jopt-simple/4.6/jopt-simple-4.6.jar:/home/user/.m2/repository/org/apache/commons/commons-math3/3.1.1/commons-math3-3.1.1.jar:/home/user/.m2/repository/org/openjdk/jmh/jmh-generator-annprocess/1.19/jmh-generator-annprocess-1.19.jar:/home/user/.m2/repository/org/mockito/mockito-all/1.8.5/mockito-all-1.8.5.jar:/home/user/.m2/repository/org/apache/hadoop/hadoop-kms/3.2.0/hadoop-kms-3.2.0.jar:/home/user/.m2/repository/org/apache/hadoop/hadoop-auth/3.2.0/hadoop-auth-3.2.0.jar:/home/user/.m2/repository/com/nimbusds/nimbus-jose-jwt/4.41.1/nimbus-jose-jwt-4.41.1.jar:/home/user/.m2/repository/com/github/stephenc/jcip/jcip-annotations/1.0-1/jcip-annotations-1.0-1.jar:/home/user/.m2/repository/net/minidev/json-smart/2.3/json-smart-2.3.jar:/home/user/.m2/repository/net/minidev/accessors-smart/1.2/accessors-smart-1.2.jar:/home/user/.m2/repository/org/ow2/asm/asm/5.0.4/asm-5.0.4.jar:/home/user/.m2/repository/org/apache/curator/curator-framework/2.12.0/curator-framework-2.12.0.jar:/home/user/.m2/repository/com/sun/jersey/jersey-core/1.19/jersey-core-1.19.jar:/home/user/.m2/repository/javax/ws/rs/jsr311-api/1.1.1/jsr311-api-1.1.1.jar:/home/user/.m2/repository/com/sun/jersey/jersey-server/1.19/jersey-server-1.19.jar:/home/user/.m2/repository/javax/servlet/javax.servlet-api/3.1.0/javax.servlet-api-3.1.0.jar:/home/user/.m2/repository/org/eclipse/jetty/jetty-server/9.3.25.v20180904/jetty-server-9.3.25.v20180904.jar:/home/user/.m2/repository/org/eclipse/jetty/jetty-http/9.3.25.v20180904/jetty-http-9.3.25.v20180904.jar:/home/user/.m2/repository/org/eclipse/jetty/jetty-io/9.3.25.v20180904/jetty-io-9.3.25.v20180904.jar:/home/user/.m2/repository/org/eclipse/jetty/jetty-webapp/9.3.25.v20180904/jetty-webapp-9.3.25.v20180904.jar:/home/user/.m2/repository/org/eclipse/jetty/jetty-xml/9.3.25.v20180904/jetty-xml-9.3.25.v20180904.jar:/home/user/.m2/repository/log4j/log4j/1.2.17/log4j-1.2.17.jar:/home/user/.m2/repository/org/slf4j/slf4j-api/1.7.25/slf4j-api-1.7.25.jar:/home/user/.m2/repository/org/slf4j/jul-to-slf4j/1.7.25/jul-to-slf4j-1.7.25.jar:/home/user/.m2/repository/org/eclipse/jetty/jetty-util/9.3.25.v20180904/jetty-util-9.3.25.v20180904.jar:/home/user/.m2/repository/com/fasterxml/jackson/core/jackson-databind/2.9.9/jackson-databind-2.9.9.jar:/home/user/.m2/repository/org/apache/hadoop/hadoop-kms/3.2.0/hadoop-kms-3.2.0-tests.jar:/home/user/.m2/repository/org/apache/hadoop/hadoop-hdds-server-scm/0.5.0-SNAPSHOT/hadoop-hdds-server-scm-0.5.0-SNAPSHOT-tests.jar:/home/user/.m2/repository/org/apache/hadoop/hadoop-hdds-container-service/0.5.0-SNAPSHOT/hadoop-hdds-container-service-0.5.0-SNAPSHOT-tests.jar:/home/user/.m2/repository/org/yaml/snakeyaml/1.16/snakeyaml-1.16.jar:/home/user/.m2/repository/org/apache/hadoop/hadoop-common/3.2.0/hadoop-common-3.2.0-tests.jar:/home/user/.m2/repository/org/apache/hadoop/hadoop-annotations/3.2.0/hadoop-annotations-3.2.0.jar:/usr/lib/jvm/java-1.8.0-openjdk-1.8.0.222.b10-1.el7_7.x86_64/jre/../lib/tools.jar:/home/user/.m2/repository/commons-cli/commons-cli/1.2/commons-cli-1.2.jar:/home/user/.m2/repository/org/apache/httpcomponents/httpclient/4.5.2/httpclient-4.5.2.jar:/home/user/.m2/repository/org/apache/httpcomponents/httpcore/4.4.4/httpcore-4.4.4.jar:/home/user/.m2/repository/commons-codec/commons-codec/1.11/commons-codec-1.11.jar:/home/user/.m2/repository/commons-net/commons-net/3.6/commons-net-3.6.jar:/home/user/.m2/repository/commons-collections/commons-collections/3.2.2/commons-collections-3.2.2.jar:/home/user/.m2/repository/org/eclipse/jetty/jetty-servlet/9.3.25.v20180904/jetty-servlet-9.3.25.v20180904.jar:/home/user/.m2/repository/org/eclipse/jetty/jetty-security/9.3.25.v20180904/jetty-security-9.3.25.v20180904.jar:/home/user/.m2/repository/javax/servlet/jsp/jsp-api/2.1/jsp-api-2.1.jar:/home/user/.m2/repository/com/sun/jersey/jersey-servlet/1.19/jersey-servlet-1.19.jar:/home/user/.m2/repository/com/sun/jersey/jersey-json/1.19/jersey-json-1.19.jar:/home/user/.m2/repository/org/codehaus/jettison/jettison/1.1/jettison-1.1.jar:/home/user/.m2/repository/org/codehaus/jackson/jackson-core-asl/1.9.13/jackson-core-asl-1.9.13.jar:/home/user/.m2/repository/org/codehaus/jackson/jackson-mapper-asl/1.9.13/jackson-mapper-asl-1.9.13.jar:/home/user/.m2/repository/org/codehaus/jackson/jackson-jaxrs/1.9.13/jackson-jaxrs-1.9.13.jar:/home/user/.m2/repository/org/codehaus/jackson/jackson-xc/1.9.13/jackson-xc-1.9.13.jar:/home/user/.m2/repository/commons-logging/commons-logging/1.1.3/commons-logging-1.1.3.jar:/home/user/.m2/repository/commons-beanutils/commons-beanutils/1.9.4/commons-beanutils-1.9.4.jar:/home/user/.m2/repository/org/apache/commons/commons-configuration2/2.1.1/commons-configuration2-2.1.1.jar:/home/user/.m2/repository/org/apache/commons/commons-lang3/3.7/commons-lang3-3.7.jar:/home/user/.m2/repository/org/apache/commons/commons-text/1.4/commons-text-1.4.jar:/home/user/.m2/repository/org/apache/avro/avro/1.7.7/avro-1.7.7.jar:/home/user/.m2/repository/com/thoughtworks/paranamer/paranamer/2.3/paranamer-2.3.jar:/home/user/.m2/repository/org/xerial/snappy/snappy-java/1.0.5/snappy-java-1.0.5.jar:/home/user/.m2/repository/com/google/re2j/re2j/1.1/re2j-1.1.jar:/home/user/.m2/repository/com/google/code/gson/gson/2.2.4/gson-2.2.4.jar:/home/user/.m2/repository/com/jcraft/jsch/0.1.54/jsch-0.1.54.jar:/home/user/.m2/repository/org/apache/curator/curator-client/2.12.0/curator-client-2.12.0.jar:/home/user/.m2/repository/org/apache/curator/curator-recipes/2.12.0/curator-recipes-2.12.0.jar:/home/user/.m2/repository/com/google/code/findbugs/jsr305/3.0.0/jsr305-3.0.0.jar:/home/user/.m2/repository/org/apache/htrace/htrace-core4/4.1.0-incubating/htrace-core4-4.1.0-incubating.jar:/home/user/.m2/repository/org/apache/zookeeper/zookeeper/3.4.13/zookeeper-3.4.13.jar:/home/user/.m2/repository/jline/jline/0.9.94/jline-0.9.94.jar:/home/user/.m2/repository/org/apache/yetus/audience-annotations/0.5.0/audience-annotations-0.5.0.jar:/home/user/.m2/repository/org/codehaus/woodstox/stax2-api/3.1.4/stax2-api-3.1.4.jar:/home/user/.m2/repository/com/fasterxml/woodstox/woodstox-core/5.0.3/woodstox-core-5.0.3.jar:/home/user/.m2/repository/dnsjava/dnsjava/2.1.7/dnsjava-2.1.7.jar:/home/user/.m2/repository/org/apache/hadoop/hadoop-hdfs/3.2.0/hadoop-hdfs-3.2.0-tests.jar:/home/user/.m2/repository/org/eclipse/jetty/jetty-util-ajax/9.3.25.v20180904/jetty-util-ajax-9.3.25.v20180904.jar:/home/user/.m2/repository/commons-daemon/commons-daemon/1.0.13/commons-daemon-1.0.13.jar:/home/user/.m2/repository/io/netty/netty/3.10.5.Final/netty-3.10.5.Final.jar:/home/user/.m2/repository/io/netty/netty-all/4.0.52.Final/netty-all-4.0.52.Final.jar:/home/user/.m2/repository/org/fusesource/leveldbjni/leveldbjni-all/1.8/leveldbjni-all-1.8.jar:"/>
    <property name="sun.cpu.endian" value="little"/>
    <property name="user.home" value="/home/user"/>
    <property name="user.language" value="en"/>
    <property name="java.specification.vendor" value="Oracle Corporation"/>
    <property name="java.home" value="/usr/lib/jvm/java-1.8.0-openjdk-1.8.0.222.b10-1.el7_7.x86_64/jre"/>
    <property name="surefire.excludesFile" value="/tools/ozone-bad-unit-tests"/>
    <property name="java.security.krb5.conf" value="/workdir/hadoop-ozone/integration-test/target/test-classes/krb5.conf"/>
    <property name="basedir" value="/workdir/hadoop-ozone/integration-test"/>
    <property name="file.separator" value="/"/>
    <property name="line.separator" value="&#10;"/>
    <property name="java.vm.specification.vendor" value="Oracle Corporation"/>
    <property name="java.specification.name" value="Java Platform API Specification"/>
    <property name="java.awt.graphicsenv" value="sun.awt.X11GraphicsEnvironment"/>
    <property name="surefire.real.class.path" value="/workdir/hadoop-ozone/integration-test/target/surefire/surefirebooter4661399682469385469.jar"/>
    <property name="hadoop.log.dir" value="/workdir/hadoop-ozone/integration-test/target/log"/>
    <property name="sun.boot.class.path" value="/usr/lib/jvm/java-1.8.0-openjdk-1.8.0.222.b10-1.el7_7.x86_64/jre/lib/resources.jar:/usr/lib/jvm/java-1.8.0-openjdk-1.8.0.222.b10-1.el7_7.x86_64/jre/lib/rt.jar:/usr/lib/jvm/java-1.8.0-openjdk-1.8.0.222.b10-1.el7_7.x86_64/jre/lib/sunrsasign.jar:/usr/lib/jvm/java-1.8.0-openjdk-1.8.0.222.b10-1.el7_7.x86_64/jre/lib/jsse.jar:/usr/lib/jvm/java-1.8.0-openjdk-1.8.0.222.b10-1.el7_7.x86_64/jre/lib/jce.jar:/usr/lib/jvm/java-1.8.0-openjdk-1.8.0.222.b10-1.el7_7.x86_64/jre/lib/charsets.jar:/usr/lib/jvm/java-1.8.0-openjdk-1.8.0.222.b10-1.el7_7.x86_64/jre/lib/jfr.jar:/usr/lib/jvm/java-1.8.0-openjdk-1.8.0.222.b10-1.el7_7.x86_64/jre/classes"/>
    <property name="sun.management.compiler" value="HotSpot 64-Bit Tiered Compilers"/>
    <property name="java.runtime.version" value="1.8.0_222-b10"/>
    <property name="java.net.preferIPv4Stack" value="true"/>
    <property name="user.name" value="jenkins1000"/>
    <property name="path.separator" value=":"/>
    <property name="java.security.egd" value="file:///dev/urandom"/>
    <property name="os.version" value="3.10.0-957.12.2.el7.x86_64"/>
    <property name="java.endorsed.dirs" value="/usr/lib/jvm/java-1.8.0-openjdk-1.8.0.222.b10-1.el7_7.x86_64/jre/lib/endorsed"/>
    <property name="java.runtime.name" value="OpenJDK Runtime Environment"/>
    <property name="file.encoding" value="ANSI_X3.4-1968"/>
    <property name="java.vm.name" value="OpenJDK 64-Bit Server VM"/>
    <property name="test.build.webapps" value=""/>
    <property name="localRepository" value="/home/user/.m2/repository"/>
    <property name="java.vendor.url.bug" value="http://bugreport.sun.com/bugreport/"/>
    <property name="java.io.tmpdir" value="/tmp"/>
    <property name="require.test.libhadoop" value=""/>
    <property name="java.version" value="1.8.0_222"/>
    <property name="user.dir" value="/workdir/hadoop-ozone/integration-test"/>
    <property name="os.arch" value="amd64"/>
    <property name="java.vm.specification.name" value="Java Virtual Machine Specification"/>
    <property name="test.build.classes" value="/workdir/hadoop-ozone/integration-test/target/test-classes"/>
    <property name="java.awt.printerjob" value="sun.print.PSPrinterJob"/>
    <property name="sun.os.patch.level" value="unknown"/>
    <property name="hadoop.tmp.dir" value="/workdir/hadoop-ozone/integration-test/target/tmp"/>
    <property name="java.library.path" value="/usr/lib:/workdir/hadoop-ozone/integration-test/target/native/target/usr/local/lib:/workdir/hadoop-ozone/integration-test/../../hadoop-common-project/hadoop-common/target/native/target/usr/local/lib:/usr/java/packages/lib/amd64:/usr/lib64:/lib64:/lib:/usr/lib"/>
    <property name="java.vm.info" value="mixed mode"/>
    <property name="java.vendor" value="Oracle Corporation"/>
    <property name="java.vm.version" value="25.222-b10"/>
    <property name="java.ext.dirs" value="/usr/lib/jvm/java-1.8.0-openjdk-1.8.0.222.b10-1.el7_7.x86_64/jre/lib/ext:/usr/java/packages/lib/ext"/>
    <property name="sun.io.unicode.encoding" value="UnicodeLittle"/>
    <property name="java.class.version" value="52.0"/>
  </properties>
  <testcase name="testDeleteKeyWithSlowFollower" classname="org.apache.hadoop.ozone.client.rpc.TestDeleteWithSlowFollower" time="117.309">
    <failure type="java.lang.AssertionError">java.lang.AssertionError
	at org.junit.Assert.fail(Assert.java:86)
	at org.junit.Assert.assertTrue(Assert.java:41)
	at org.junit.Assert.assertTrue(Assert.java:52)
	at org.apache.hadoop.ozone.client.rpc.TestDeleteWithSlowFollower.testDeleteKeyWithSlowFollower(TestDeleteWithSlowFollower.java:265)
	at sun.reflect.NativeMethodAccessorImpl.invoke0(Native Method)
	at sun.reflect.NativeMethodAccessorImpl.invoke(NativeMethodAccessorImpl.java:62)
	at sun.reflect.DelegatingMethodAccessorImpl.invoke(DelegatingMethodAccessorImpl.java:43)
	at java.lang.reflect.Method.invoke(Method.java:498)
	at org.junit.runners.model.FrameworkMethod$1.runReflectiveCall(FrameworkMethod.java:47)
	at org.junit.internal.runners.model.ReflectiveCallable.run(ReflectiveCallable.java:12)
	at org.junit.runners.model.FrameworkMethod.invokeExplosively(FrameworkMethod.java:44)
	at org.junit.internal.runners.statements.InvokeMethod.evaluate(InvokeMethod.java:17)
	at org.junit.runners.ParentRunner.runLeaf(ParentRunner.java:271)
	at org.junit.runners.BlockJUnit4ClassRunner.runChild(BlockJUnit4ClassRunner.java:70)
	at org.junit.runners.BlockJUnit4ClassRunner.runChild(BlockJUnit4ClassRunner.java:50)
	at org.junit.runners.ParentRunner$3.run(ParentRunner.java:238)
	at org.junit.runners.ParentRunner$1.schedule(ParentRunner.java:63)
	at org.junit.runners.ParentRunner.runChildren(ParentRunner.java:236)
	at org.junit.runners.ParentRunner.access$000(ParentRunner.java:53)
	at org.junit.runners.ParentRunner$2.evaluate(ParentRunner.java:229)
	at org.junit.internal.runners.statements.RunBefores.evaluate(RunBefores.java:26)
	at org.junit.internal.runners.statements.RunAfters.evaluate(RunAfters.java:27)
	at org.junit.runners.ParentRunner.run(ParentRunner.java:309)
	at org.apache.maven.surefire.junit4.JUnit4Provider.execute(JUnit4Provider.java:365)
	at org.apache.maven.surefire.junit4.JUnit4Provider.executeWithRerun(JUnit4Provider.java:273)
	at org.apache.maven.surefire.junit4.JUnit4Provider.executeTestSet(JUnit4Provider.java:238)
	at org.apache.maven.surefire.junit4.JUnit4Provider.invoke(JUnit4Provider.java:159)
	at org.apache.maven.surefire.booter.ForkedBooter.invokeProviderInSameClassLoader(ForkedBooter.java:384)
	at org.apache.maven.surefire.booter.ForkedBooter.runSuitesInProcess(ForkedBooter.java:345)
	at org.apache.maven.surefire.booter.ForkedBooter.execute(ForkedBooter.java:126)
	at org.apache.maven.surefire.booter.ForkedBooter.main(ForkedBooter.java:418)
</failure>
    <system-out><![CDATA[2019-11-05 08:26:05,437 [main] WARN  server.ServerUtils (ServerUtils.java:getScmDbDir(145)) - ozone.scm.db.dirs is not configured. We recommend adding this setting. Falling back to ozone.metadata.dirs instead.
2019-11-05 08:26:05,561 [main] WARN  server.ServerUtils (ServerUtils.java:getScmDbDir(145)) - ozone.scm.db.dirs is not configured. We recommend adding this setting. Falling back to ozone.metadata.dirs instead.
2019-11-05 08:26:05,565 [main] WARN  server.ServerUtils (ServerUtils.java:getScmDbDir(145)) - ozone.scm.db.dirs is not configured. We recommend adding this setting. Falling back to ozone.metadata.dirs instead.
2019-11-05 08:26:05,592 [main] INFO  util.log (Log.java:initialized(192)) - Logging initialized @901ms
2019-11-05 08:26:05,687 [main] INFO  db.DBStoreBuilder (DBStoreBuilder.java:addTable(117)) - using custom profile for table: deletedBlocks
2019-11-05 08:26:05,687 [main] INFO  db.DBStoreBuilder (DBStoreBuilder.java:processTables(168)) - Using default column profile:DBProfile.DISK for Table:deletedBlocks
2019-11-05 08:26:05,688 [main] INFO  db.DBStoreBuilder (DBStoreBuilder.java:addTable(117)) - using custom profile for table: validCerts
2019-11-05 08:26:05,688 [main] INFO  db.DBStoreBuilder (DBStoreBuilder.java:processTables(168)) - Using default column profile:DBProfile.DISK for Table:validCerts
2019-11-05 08:26:05,688 [main] INFO  db.DBStoreBuilder (DBStoreBuilder.java:addTable(117)) - using custom profile for table: revokedCerts
2019-11-05 08:26:05,689 [main] INFO  db.DBStoreBuilder (DBStoreBuilder.java:processTables(168)) - Using default column profile:DBProfile.DISK for Table:revokedCerts
2019-11-05 08:26:05,700 [main] INFO  db.DBStoreBuilder (DBStoreBuilder.java:addTable(117)) - using custom profile for table: default
2019-11-05 08:26:05,700 [main] INFO  db.DBStoreBuilder (DBStoreBuilder.java:processTables(174)) - Using default column profile:DBProfile.DISK for Table:default
2019-11-05 08:26:05,701 [main] INFO  db.DBStoreBuilder (DBStoreBuilder.java:getDbProfile(205)) - Using default options. DBProfile.DISK
2019-11-05 08:26:05,908 [main] INFO  net.NodeSchemaLoader (NodeSchemaLoader.java:loadSchemaFromFile(125)) - Loading file from sun.misc.CompoundEnumeration@74235045
2019-11-05 08:26:05,912 [main] INFO  net.NodeSchemaLoader (NodeSchemaLoader.java:loadSchema(171)) - Loading network topology layer schema file
2019-11-05 08:26:05,990 [main] WARN  server.ServerUtils (ServerUtils.java:sanitizeUserArgs(70)) - ozone.scm.stale.node.interval value = 1000000 is larger than max = 100000 based on the key value of ozone.scm.heartbeat.thread.interval, reset to the max value 100000.
2019-11-05 08:26:05,993 [main] WARN  server.ServerUtils (ServerUtils.java:sanitizeUserArgs(70)) - ozone.scm.stale.node.interval value = 1000000 is larger than max = 100000 based on the key value of ozone.scm.heartbeat.thread.interval, reset to the max value 100000.
2019-11-05 08:26:05,995 [main] INFO  node.SCMNodeManager (SCMNodeManager.java:<init>(116)) - Entering startup safe mode.
2019-11-05 08:26:06,059 [main] INFO  algorithms.ContainerPlacementPolicyFactory (ContainerPlacementPolicyFactory.java:getPolicy(57)) - Create container placement policy of type org.apache.hadoop.hdds.scm.container.placement.algorithms.SCMContainerPlacementRandom
2019-11-05 08:26:06,072 [main] WARN  server.ServerUtils (ServerUtils.java:getScmDbDir(145)) - ozone.scm.db.dirs is not configured. We recommend adding this setting. Falling back to ozone.metadata.dirs instead.
2019-11-05 08:26:06,140 [main] INFO  pipeline.SCMPipelineManager (SCMPipelineManager.java:initializePipelineState(132)) - No pipeline exists in current db
2019-11-05 08:26:06,143 [main] WARN  server.ServerUtils (ServerUtils.java:getScmDbDir(145)) - ozone.scm.db.dirs is not configured. We recommend adding this setting. Falling back to ozone.metadata.dirs instead.
2019-11-05 08:26:06,265 [main] WARN  events.EventQueue (EventQueue.java:fireEvent(183)) - No event handler registered for event TypedEvent{payloadType=SafeModeStatus, name='SafeModeStatus'}
2019-11-05 08:26:06,636 [main] INFO  ipc.CallQueueManager (CallQueueManager.java:<init>(84)) - Using callQueue: class java.util.concurrent.LinkedBlockingQueue, queueCapacity: 2000, scheduler: class org.apache.hadoop.ipc.DefaultRpcScheduler, ipcBackoff: false.
2019-11-05 08:26:06,754 [Socket Reader #1 for port 41841] INFO  ipc.Server (Server.java:run(1074)) - Starting Socket Reader #1 for port 41841
2019-11-05 08:26:06,786 [main] INFO  ipc.CallQueueManager (CallQueueManager.java:<init>(84)) - Using callQueue: class java.util.concurrent.LinkedBlockingQueue, queueCapacity: 2000, scheduler: class org.apache.hadoop.ipc.DefaultRpcScheduler, ipcBackoff: false.
2019-11-05 08:26:06,787 [Socket Reader #1 for port 32786] INFO  ipc.Server (Server.java:run(1074)) - Starting Socket Reader #1 for port 32786
2019-11-05 08:26:06,796 [main] INFO  ipc.CallQueueManager (CallQueueManager.java:<init>(84)) - Using callQueue: class java.util.concurrent.LinkedBlockingQueue, queueCapacity: 2000, scheduler: class org.apache.hadoop.ipc.DefaultRpcScheduler, ipcBackoff: false.
2019-11-05 08:26:06,797 [Socket Reader #1 for port 36557] INFO  ipc.Server (Server.java:run(1074)) - Starting Socket Reader #1 for port 36557
2019-11-05 08:26:06,819 [main] INFO  hdfs.DFSUtil (DFSUtil.java:httpServerTemplateForNNAndJN(1641)) - Starting Web-server for scm at: http://0.0.0.0:0
2019-11-05 08:26:06,993 [main] INFO  server.AuthenticationFilter (AuthenticationFilter.java:constructSecretProvider(240)) - Unable to initialize FileSignerSecretProvider, falling back to use random secrets.
2019-11-05 08:26:07,001 [main] WARN  http.HttpRequestLog (HttpRequestLog.java:getRequestLog(97)) - Jetty request log can only be enabled using Log4j
2019-11-05 08:26:07,009 [main] INFO  http.HttpServer2 (HttpServer2.java:addGlobalFilter(975)) - Added global filter 'safety' (class=org.apache.hadoop.http.HttpServer2$QuotingInputFilter)
2019-11-05 08:26:07,011 [main] INFO  http.HttpServer2 (HttpServer2.java:addFilter(948)) - Added filter static_user_filter (class=org.apache.hadoop.http.lib.StaticUserWebFilter$StaticUserFilter) to context scm
2019-11-05 08:26:07,012 [main] INFO  http.HttpServer2 (HttpServer2.java:addFilter(958)) - Added filter static_user_filter (class=org.apache.hadoop.http.lib.StaticUserWebFilter$StaticUserFilter) to context static
2019-11-05 08:26:07,012 [main] INFO  http.HttpServer2 (HttpServer2.java:addFilter(958)) - Added filter static_user_filter (class=org.apache.hadoop.http.lib.StaticUserWebFilter$StaticUserFilter) to context logs
2019-11-05 08:26:07,043 [main] INFO  server.StorageContainerManager (StorageContainerManager.java:start(772)) - StorageContainerLocationProtocol RPC server is listening at /0.0.0.0:36557
2019-11-05 08:26:07,103 [main] WARN  impl.MetricsConfig (MetricsConfig.java:loadFirst(134)) - Cannot locate configuration: tried hadoop-metrics2-storagecontainermanager.properties,hadoop-metrics2.properties
2019-11-05 08:26:07,116 [main] INFO  impl.MetricsSystemImpl (MetricsSystemImpl.java:startTimer(374)) - Scheduled Metric snapshot period at 10 second(s).
2019-11-05 08:26:07,116 [main] INFO  impl.MetricsSystemImpl (MetricsSystemImpl.java:start(191)) - StorageContainerManager metrics system started
2019-11-05 08:26:07,348 [main] INFO  server.SCMClientProtocolServer (SCMClientProtocolServer.java:start(159)) - RPC server for Client  is listening at /0.0.0.0:36557
2019-11-05 08:26:07,348 [IPC Server Responder] INFO  ipc.Server (Server.java:run(1314)) - IPC Server Responder: starting
2019-11-05 08:26:07,348 [IPC Server listener on 36557] INFO  ipc.Server (Server.java:run(1153)) - IPC Server listener on 36557: starting
2019-11-05 08:26:07,351 [main] INFO  server.StorageContainerManager (StorageContainerManager.java:start(782)) - ScmBlockLocationProtocol RPC server is listening at /0.0.0.0:32786
2019-11-05 08:26:07,352 [main] INFO  server.SCMBlockProtocolServer (SCMBlockProtocolServer.java:start(146)) - RPC server for Block Protocol is listening at /0.0.0.0:32786
2019-11-05 08:26:07,353 [IPC Server Responder] INFO  ipc.Server (Server.java:run(1314)) - IPC Server Responder: starting
2019-11-05 08:26:07,353 [IPC Server listener on 32786] INFO  ipc.Server (Server.java:run(1153)) - IPC Server listener on 32786: starting
2019-11-05 08:26:07,355 [main] INFO  server.StorageContainerManager (StorageContainerManager.java:start(786)) - ScmDatanodeProtocl RPC server is listening at /0.0.0.0:41841
2019-11-05 08:26:07,355 [main] INFO  server.SCMDatanodeProtocolServer (SCMDatanodeProtocolServer.java:start(169)) - RPC server for DataNodes is listening at /0.0.0.0:41841
2019-11-05 08:26:07,356 [IPC Server Responder] INFO  ipc.Server (Server.java:run(1314)) - IPC Server Responder: starting
2019-11-05 08:26:07,356 [IPC Server listener on 41841] INFO  ipc.Server (Server.java:run(1153)) - IPC Server listener on 41841: starting
2019-11-05 08:26:07,360 [main] INFO  http.HttpServer2 (HttpServer2.java:bindListener(1191)) - Jetty bound to port 44227
2019-11-05 08:26:07,361 [main] INFO  server.Server (Server.java:doStart(351)) - jetty-9.3.25.v20180904, build timestamp: 2018-09-04T21:11:46Z, git hash: 3ce520221d0240229c862b122d2b06c12a625732
2019-11-05 08:26:07,398 [main] INFO  handler.ContextHandler (ContextHandler.java:doStart(781)) - Started o.e.j.s.ServletContextHandler@65fe9e33{/logs,file:///workdir/hadoop-ozone/integration-test/target/log,AVAILABLE}
2019-11-05 08:26:07,399 [main] INFO  handler.ContextHandler (ContextHandler.java:doStart(781)) - Started o.e.j.s.ServletContextHandler@42f8285e{/static,file:///workdir/hadoop-ozone/integration-test/target/test-classes/webapps/static,AVAILABLE}
2019-11-05 08:26:07,431 [main] INFO  handler.ContextHandler (ContextHandler.java:doStart(781)) - Started o.e.j.w.WebAppContext@3d6300e8{/,file:///workdir/hadoop-ozone/integration-test/target/test-classes/webapps/scm/,AVAILABLE}{/scm}
2019-11-05 08:26:07,437 [main] INFO  server.AbstractConnector (AbstractConnector.java:doStart(278)) - Started ServerConnector@3af4e0bf{HTTP/1.1,[http/1.1]}{0.0.0.0:44227}
2019-11-05 08:26:07,437 [main] INFO  server.Server (Server.java:doStart(419)) - Started @2747ms
2019-11-05 08:26:07,439 [main] INFO  impl.MetricsSinkAdapter (MetricsSinkAdapter.java:start(204)) - Sink prometheus started
2019-11-05 08:26:07,439 [main] INFO  impl.MetricsSystemImpl (MetricsSystemImpl.java:registerSink(301)) - Registered sink prometheus
2019-11-05 08:26:07,442 [main] INFO  server.BaseHttpServer (BaseHttpServer.java:updateConnectorAddress(215)) - HTTP server of SCM is listening at http://0.0.0.0:44227
2019-11-05 08:26:07,450 [org.apache.hadoop.util.JvmPauseMonitor$Monitor@1a2e2935] INFO  util.JvmPauseMonitor (JvmPauseMonitor.java:run(188)) - Starting JVM pause monitor
2019-11-05 08:26:07,455 [main] WARN  server.ServerUtils (ServerUtils.java:getDBPath(222)) - ozone.om.db.dirs is not configured. We recommend adding this setting. Falling back to ozone.metadata.dirs instead.
2019-11-05 08:26:07,594 [main] INFO  ha.OMHANodeDetails (OMHANodeDetails.java:loadOMHAConfig(190)) - Configuration either no ozone.om.address set. Falling back to the default OM address /127.0.0.1:0
2019-11-05 08:26:07,595 [main] INFO  ha.OMHANodeDetails (OMHANodeDetails.java:getOMNodeDetails(220)) - OM Service ID is not set. Setting it to the default ID: omServiceIdDefault
2019-11-05 08:26:07,597 [main] WARN  server.ServerUtils (ServerUtils.java:getDBPath(222)) - ozone.om.db.dirs is not configured. We recommend adding this setting. Falling back to ozone.metadata.dirs instead.
2019-11-05 08:26:07,597 [main] WARN  server.ServerUtils (ServerUtils.java:getDBPath(222)) - ozone.om.db.dirs is not configured. We recommend adding this setting. Falling back to ozone.metadata.dirs instead.
2019-11-05 08:26:08,248 [main] WARN  server.ServerUtils (ServerUtils.java:getDBPath(222)) - ozone.om.db.dirs is not configured. We recommend adding this setting. Falling back to ozone.metadata.dirs instead.
2019-11-05 08:26:08,256 [main] INFO  db.DBStoreBuilder (DBStoreBuilder.java:addTable(117)) - using custom profile for table: userTable
2019-11-05 08:26:08,256 [main] INFO  db.DBStoreBuilder (DBStoreBuilder.java:processTables(168)) - Using default column profile:DBProfile.DISK for Table:userTable
2019-11-05 08:26:08,256 [main] INFO  db.DBStoreBuilder (DBStoreBuilder.java:addTable(117)) - using custom profile for table: volumeTable
2019-11-05 08:26:08,256 [main] INFO  db.DBStoreBuilder (DBStoreBuilder.java:processTables(168)) - Using default column profile:DBProfile.DISK for Table:volumeTable
2019-11-05 08:26:08,257 [main] INFO  db.DBStoreBuilder (DBStoreBuilder.java:addTable(117)) - using custom profile for table: bucketTable
2019-11-05 08:26:08,257 [main] INFO  db.DBStoreBuilder (DBStoreBuilder.java:processTables(168)) - Using default column profile:DBProfile.DISK for Table:bucketTable
2019-11-05 08:26:08,257 [main] INFO  db.DBStoreBuilder (DBStoreBuilder.java:addTable(117)) - using custom profile for table: keyTable
2019-11-05 08:26:08,257 [main] INFO  db.DBStoreBuilder (DBStoreBuilder.java:processTables(168)) - Using default column profile:DBProfile.DISK for Table:keyTable
2019-11-05 08:26:08,258 [main] INFO  db.DBStoreBuilder (DBStoreBuilder.java:addTable(117)) - using custom profile for table: deletedTable
2019-11-05 08:26:08,258 [main] INFO  db.DBStoreBuilder (DBStoreBuilder.java:processTables(168)) - Using default column profile:DBProfile.DISK for Table:deletedTable
2019-11-05 08:26:08,258 [main] INFO  db.DBStoreBuilder (DBStoreBuilder.java:addTable(117)) - using custom profile for table: openKeyTable
2019-11-05 08:26:08,258 [main] INFO  db.DBStoreBuilder (DBStoreBuilder.java:processTables(168)) - Using default column profile:DBProfile.DISK for Table:openKeyTable
2019-11-05 08:26:08,259 [main] INFO  db.DBStoreBuilder (DBStoreBuilder.java:addTable(117)) - using custom profile for table: s3Table
2019-11-05 08:26:08,259 [main] INFO  db.DBStoreBuilder (DBStoreBuilder.java:processTables(168)) - Using default column profile:DBProfile.DISK for Table:s3Table
2019-11-05 08:26:08,259 [main] INFO  db.DBStoreBuilder (DBStoreBuilder.java:addTable(117)) - using custom profile for table: multipartInfoTable
2019-11-05 08:26:08,259 [main] INFO  db.DBStoreBuilder (DBStoreBuilder.java:processTables(168)) - Using default column profile:DBProfile.DISK for Table:multipartInfoTable
2019-11-05 08:26:08,260 [main] INFO  db.DBStoreBuilder (DBStoreBuilder.java:addTable(117)) - using custom profile for table: dTokenTable
2019-11-05 08:26:08,260 [main] INFO  db.DBStoreBuilder (DBStoreBuilder.java:processTables(168)) - Using default column profile:DBProfile.DISK for Table:dTokenTable
2019-11-05 08:26:08,260 [main] INFO  db.DBStoreBuilder (DBStoreBuilder.java:addTable(117)) - using custom profile for table: s3SecretTable
2019-11-05 08:26:08,260 [main] INFO  db.DBStoreBuilder (DBStoreBuilder.java:processTables(168)) - Using default column profile:DBProfile.DISK for Table:s3SecretTable
2019-11-05 08:26:08,261 [main] INFO  db.DBStoreBuilder (DBStoreBuilder.java:addTable(117)) - using custom profile for table: prefixTable
2019-11-05 08:26:08,261 [main] INFO  db.DBStoreBuilder (DBStoreBuilder.java:processTables(168)) - Using default column profile:DBProfile.DISK for Table:prefixTable
2019-11-05 08:26:08,261 [main] INFO  db.DBStoreBuilder (DBStoreBuilder.java:addTable(117)) - using custom profile for table: default
2019-11-05 08:26:08,261 [main] INFO  db.DBStoreBuilder (DBStoreBuilder.java:processTables(174)) - Using default column profile:DBProfile.DISK for Table:default
2019-11-05 08:26:08,261 [main] INFO  db.DBStoreBuilder (DBStoreBuilder.java:getDbProfile(205)) - Using default options. DBProfile.DISK
2019-11-05 08:26:08,563 [main] INFO  ipc.CallQueueManager (CallQueueManager.java:<init>(84)) - Using callQueue: class java.util.concurrent.LinkedBlockingQueue, queueCapacity: 2000, scheduler: class org.apache.hadoop.ipc.DefaultRpcScheduler, ipcBackoff: false.
2019-11-05 08:26:08,564 [Socket Reader #1 for port 38026] INFO  ipc.Server (Server.java:run(1074)) - Starting Socket Reader #1 for port 38026
2019-11-05 08:26:08,587 [main] INFO  om.OzoneManager (OzoneManager.java:start(1074)) - OzoneManager RPC server is listening at localhost/127.0.0.1:38026
2019-11-05 08:26:08,588 [main] INFO  impl.MetricsSystemImpl (MetricsSystemImpl.java:init(158)) - OzoneManager metrics system started (again)
2019-11-05 08:26:08,600 [IPC Server Responder] INFO  ipc.Server (Server.java:run(1314)) - IPC Server Responder: starting
2019-11-05 08:26:08,600 [IPC Server listener on 38026] INFO  ipc.Server (Server.java:run(1153)) - IPC Server listener on 38026: starting
2019-11-05 08:26:08,607 [main] INFO  hdfs.DFSUtil (DFSUtil.java:httpServerTemplateForNNAndJN(1641)) - Starting Web-server for ozoneManager at: http://0.0.0.0:0
2019-11-05 08:26:08,608 [main] INFO  server.AuthenticationFilter (AuthenticationFilter.java:constructSecretProvider(240)) - Unable to initialize FileSignerSecretProvider, falling back to use random secrets.
2019-11-05 08:26:08,609 [main] WARN  http.HttpRequestLog (HttpRequestLog.java:getRequestLog(97)) - Jetty request log can only be enabled using Log4j
2019-11-05 08:26:08,611 [main] INFO  http.HttpServer2 (HttpServer2.java:addGlobalFilter(975)) - Added global filter 'safety' (class=org.apache.hadoop.http.HttpServer2$QuotingInputFilter)
2019-11-05 08:26:08,611 [main] INFO  http.HttpServer2 (HttpServer2.java:addFilter(948)) - Added filter static_user_filter (class=org.apache.hadoop.http.lib.StaticUserWebFilter$StaticUserFilter) to context ozoneManager
2019-11-05 08:26:08,612 [main] INFO  http.HttpServer2 (HttpServer2.java:addFilter(958)) - Added filter static_user_filter (class=org.apache.hadoop.http.lib.StaticUserWebFilter$StaticUserFilter) to context static
2019-11-05 08:26:08,612 [main] INFO  http.HttpServer2 (HttpServer2.java:addFilter(958)) - Added filter static_user_filter (class=org.apache.hadoop.http.lib.StaticUserWebFilter$StaticUserFilter) to context logs
2019-11-05 08:26:08,614 [main] INFO  http.HttpServer2 (HttpServer2.java:bindListener(1191)) - Jetty bound to port 42997
2019-11-05 08:26:08,614 [main] INFO  server.Server (Server.java:doStart(351)) - jetty-9.3.25.v20180904, build timestamp: 2018-09-04T21:11:46Z, git hash: 3ce520221d0240229c862b122d2b06c12a625732
2019-11-05 08:26:08,616 [main] INFO  handler.ContextHandler (ContextHandler.java:doStart(781)) - Started o.e.j.s.ServletContextHandler@368d5c00{/logs,file:///workdir/hadoop-ozone/integration-test/target/log,AVAILABLE}
2019-11-05 08:26:08,617 [main] INFO  handler.ContextHandler (ContextHandler.java:doStart(781)) - Started o.e.j.s.ServletContextHandler@aa10649{/static,file:///workdir/hadoop-ozone/integration-test/target/test-classes/webapps/static,AVAILABLE}
2019-11-05 08:26:08,622 [main] INFO  handler.ContextHandler (ContextHandler.java:doStart(781)) - Started o.e.j.w.WebAppContext@41aaedaa{/,file:///workdir/hadoop-ozone/integration-test/target/test-classes/webapps/ozoneManager/,AVAILABLE}{/ozoneManager}
2019-11-05 08:26:08,622 [main] INFO  server.AbstractConnector (AbstractConnector.java:doStart(278)) - Started ServerConnector@303a5119{HTTP/1.1,[http/1.1]}{0.0.0.0:42997}
2019-11-05 08:26:08,622 [main] INFO  server.Server (Server.java:doStart(419)) - Started @3932ms
2019-11-05 08:26:08,623 [main] WARN  impl.MetricsSystemImpl (MetricsSystemImpl.java:register(276)) - Sink prometheus already exists!
2019-11-05 08:26:08,624 [main] INFO  server.BaseHttpServer (BaseHttpServer.java:updateConnectorAddress(215)) - HTTP server of OZONEMANAGER is listening at http://0.0.0.0:42997
2019-11-05 08:26:08,941 [main] INFO  impl.MetricsSystemImpl (MetricsSystemImpl.java:init(158)) - HddsDatanode metrics system started (again)
2019-11-05 08:26:08,985 [main] INFO  ozone.HddsDatanodeService (HddsDatanodeService.java:start(184)) - HddsDatanodeService host:pr-hdds-1643-8bmlk-2934350033 ip:192.168.164.217
2019-11-05 08:26:09,017 [main] INFO  volume.HddsVolume (HddsVolume.java:<init>(176)) - Creating Volume: /workdir/hadoop-ozone/integration-test/target/test-dir/MiniOzoneClusterImpl-02b65e86-f8bb-4f05-a146-5b32a27149c8/datanode-0/data/containers/hdds of  storage type : DISK and capacity : 1482555576320
2019-11-05 08:26:09,019 [main] INFO  volume.VolumeSet (VolumeSet.java:initializeVolumeSet(170)) - Added Volume : /workdir/hadoop-ozone/integration-test/target/test-dir/MiniOzoneClusterImpl-02b65e86-f8bb-4f05-a146-5b32a27149c8/datanode-0/data/containers/hdds to VolumeSet
2019-11-05 08:26:09,021 [main] INFO  volume.ThrottledAsyncChecker (ThrottledAsyncChecker.java:schedule(141)) - Scheduling a check for /workdir/hadoop-ozone/integration-test/target/test-dir/MiniOzoneClusterImpl-02b65e86-f8bb-4f05-a146-5b32a27149c8/datanode-0/data/containers/hdds
2019-11-05 08:26:09,038 [main] INFO  volume.HddsVolumeChecker (HddsVolumeChecker.java:checkAllVolumes(204)) - Scheduled health check for volume /workdir/hadoop-ozone/integration-test/target/test-dir/MiniOzoneClusterImpl-02b65e86-f8bb-4f05-a146-5b32a27149c8/datanode-0/data/containers/hdds
2019-11-05 08:26:09,144 [main] INFO  impl.RaftServerProxy (ConfUtils.java:logGet(43)) - raft.rpc.type = GRPC (default)
2019-11-05 08:26:09,207 [main] INFO  grpc.GrpcFactory (GrpcFactory.java:checkPooledByteBufAllocatorUseCacheForAllThreads(45)) - PERFORMANCE WARNING: useCacheForAllThreads is true that may cause Netty to create a lot garbage objects and, as a result, trigger GC.
	It is recommended to disable useCacheForAllThreads by setting -Dorg.apache.ratis.thirdparty.io.netty.allocator.useCacheForAllThreads=false in command line.
2019-11-05 08:26:09,212 [main] INFO  grpc.GrpcConfigKeys$Server (ConfUtils.java:logGet(43)) - raft.grpc.server.port = 0 (default)
2019-11-05 08:26:09,213 [main] INFO  server.GrpcService (ConfUtils.java:logGet(43)) - raft.grpc.message.size.max = 33570816 (custom)
2019-11-05 08:26:09,214 [main] INFO  server.RaftServerConfigKeys (ConfUtils.java:logGet(43)) - raft.server.log.appender.buffer.byte-limit = 33554432 (custom)
2019-11-05 08:26:09,215 [main] INFO  server.GrpcService (ConfUtils.java:logGet(43)) - raft.grpc.flow.control.window = 1MB (=1048576) (default)
2019-11-05 08:26:09,216 [main] INFO  server.RaftServerConfigKeys (ConfUtils.java:logGet(43)) - raft.server.rpc.request.timeout = 3000ms (default)
2019-11-05 08:26:09,369 [main] INFO  server.RaftServerConfigKeys (ConfUtils.java:logGet(43)) - raft.server.storage.dir = [/workdir/hadoop-ozone/integration-test/target/test-dir/MiniOzoneClusterImpl-02b65e86-f8bb-4f05-a146-5b32a27149c8/datanode-0/data/ratis] (custom)
2019-11-05 08:26:09,422 [main] INFO  hdfs.DFSUtil (DFSUtil.java:httpServerTemplateForNNAndJN(1641)) - Starting Web-server for hddsDatanode at: http://0.0.0.0:0
2019-11-05 08:26:09,425 [main] INFO  server.AuthenticationFilter (AuthenticationFilter.java:constructSecretProvider(240)) - Unable to initialize FileSignerSecretProvider, falling back to use random secrets.
2019-11-05 08:26:09,425 [main] WARN  http.HttpRequestLog (HttpRequestLog.java:getRequestLog(97)) - Jetty request log can only be enabled using Log4j
2019-11-05 08:26:09,428 [main] INFO  http.HttpServer2 (HttpServer2.java:addGlobalFilter(975)) - Added global filter 'safety' (class=org.apache.hadoop.http.HttpServer2$QuotingInputFilter)
2019-11-05 08:26:09,429 [main] INFO  http.HttpServer2 (HttpServer2.java:addFilter(948)) - Added filter static_user_filter (class=org.apache.hadoop.http.lib.StaticUserWebFilter$StaticUserFilter) to context hddsDatanode
2019-11-05 08:26:09,430 [main] INFO  http.HttpServer2 (HttpServer2.java:addFilter(958)) - Added filter static_user_filter (class=org.apache.hadoop.http.lib.StaticUserWebFilter$StaticUserFilter) to context static
2019-11-05 08:26:09,430 [main] INFO  http.HttpServer2 (HttpServer2.java:addFilter(958)) - Added filter static_user_filter (class=org.apache.hadoop.http.lib.StaticUserWebFilter$StaticUserFilter) to context logs
2019-11-05 08:26:09,431 [main] INFO  http.HttpServer2 (HttpServer2.java:bindListener(1191)) - Jetty bound to port 43757
2019-11-05 08:26:09,432 [main] INFO  server.Server (Server.java:doStart(351)) - jetty-9.3.25.v20180904, build timestamp: 2018-09-04T21:11:46Z, git hash: 3ce520221d0240229c862b122d2b06c12a625732
2019-11-05 08:26:09,436 [main] INFO  handler.ContextHandler (ContextHandler.java:doStart(781)) - Started o.e.j.s.ServletContextHandler@46185a1b{/logs,file:///workdir/hadoop-ozone/integration-test/target/log,AVAILABLE}
2019-11-05 08:26:09,437 [main] INFO  handler.ContextHandler (ContextHandler.java:doStart(781)) - Started o.e.j.s.ServletContextHandler@60cf62ad{/static,jar:file:/home/user/.m2/repository/org/apache/hadoop/hadoop-hdds-container-service/0.5.0-SNAPSHOT/hadoop-hdds-container-service-0.5.0-SNAPSHOT.jar!/webapps/static,AVAILABLE}
2019-11-05 08:26:09,484 [main] INFO  handler.ContextHandler (ContextHandler.java:doStart(781)) - Started o.e.j.w.WebAppContext@1aabf50d{/,file:///tmp/jetty-0.0.0.0-43757-hddsDatanode-_-any-9185502303786001202.dir/webapp/,AVAILABLE}{/hddsDatanode}
2019-11-05 08:26:09,484 [main] INFO  server.AbstractConnector (AbstractConnector.java:doStart(278)) - Started ServerConnector@73c9e8e8{HTTP/1.1,[http/1.1]}{0.0.0.0:43757}
2019-11-05 08:26:09,485 [main] INFO  server.Server (Server.java:doStart(419)) - Started @4795ms
2019-11-05 08:26:09,485 [main] WARN  impl.MetricsSystemImpl (MetricsSystemImpl.java:register(276)) - Sink prometheus already exists!
2019-11-05 08:26:09,487 [main] INFO  server.BaseHttpServer (BaseHttpServer.java:updateConnectorAddress(215)) - HTTP server of HDDSDATANODE is listening at http://0.0.0.0:43757
2019-11-05 08:26:09,488 [main] INFO  impl.MetricsSystemImpl (MetricsSystemImpl.java:init(158)) - HddsDatanode metrics system started (again)
2019-11-05 08:26:09,492 [main] INFO  ozone.HddsDatanodeService (HddsDatanodeService.java:start(184)) - HddsDatanodeService host:pr-hdds-1643-8bmlk-2934350033 ip:192.168.164.217
2019-11-05 08:26:09,494 [org.apache.hadoop.util.JvmPauseMonitor$Monitor@1ab45c92] INFO  util.JvmPauseMonitor (JvmPauseMonitor.java:run(188)) - Starting JVM pause monitor
2019-11-05 08:26:09,503 [main] INFO  volume.HddsVolume (HddsVolume.java:<init>(176)) - Creating Volume: /workdir/hadoop-ozone/integration-test/target/test-dir/MiniOzoneClusterImpl-02b65e86-f8bb-4f05-a146-5b32a27149c8/datanode-1/data/containers/hdds of  storage type : DISK and capacity : 1482555576320
2019-11-05 08:26:09,504 [main] INFO  volume.VolumeSet (VolumeSet.java:initializeVolumeSet(170)) - Added Volume : /workdir/hadoop-ozone/integration-test/target/test-dir/MiniOzoneClusterImpl-02b65e86-f8bb-4f05-a146-5b32a27149c8/datanode-1/data/containers/hdds to VolumeSet
2019-11-05 08:26:09,504 [main] INFO  volume.ThrottledAsyncChecker (ThrottledAsyncChecker.java:schedule(141)) - Scheduling a check for /workdir/hadoop-ozone/integration-test/target/test-dir/MiniOzoneClusterImpl-02b65e86-f8bb-4f05-a146-5b32a27149c8/datanode-1/data/containers/hdds
2019-11-05 08:26:09,506 [main] INFO  volume.HddsVolumeChecker (HddsVolumeChecker.java:checkAllVolumes(204)) - Scheduled health check for volume /workdir/hadoop-ozone/integration-test/target/test-dir/MiniOzoneClusterImpl-02b65e86-f8bb-4f05-a146-5b32a27149c8/datanode-1/data/containers/hdds
2019-11-05 08:26:09,543 [main] INFO  impl.RaftServerProxy (ConfUtils.java:logGet(43)) - raft.rpc.type = GRPC (default)
2019-11-05 08:26:09,547 [main] INFO  grpc.GrpcFactory (GrpcFactory.java:checkPooledByteBufAllocatorUseCacheForAllThreads(45)) - PERFORMANCE WARNING: useCacheForAllThreads is true that may cause Netty to create a lot garbage objects and, as a result, trigger GC.
	It is recommended to disable useCacheForAllThreads by setting -Dorg.apache.ratis.thirdparty.io.netty.allocator.useCacheForAllThreads=false in command line.
2019-11-05 08:26:09,548 [main] INFO  grpc.GrpcConfigKeys$Server (ConfUtils.java:logGet(43)) - raft.grpc.server.port = 0 (default)
2019-11-05 08:26:09,549 [main] INFO  server.GrpcService (ConfUtils.java:logGet(43)) - raft.grpc.message.size.max = 33570816 (custom)
2019-11-05 08:26:09,549 [main] INFO  server.RaftServerConfigKeys (ConfUtils.java:logGet(43)) - raft.server.log.appender.buffer.byte-limit = 33554432 (custom)
2019-11-05 08:26:09,550 [main] INFO  server.GrpcService (ConfUtils.java:logGet(43)) - raft.grpc.flow.control.window = 1MB (=1048576) (default)
2019-11-05 08:26:09,550 [main] INFO  server.RaftServerConfigKeys (ConfUtils.java:logGet(43)) - raft.server.rpc.request.timeout = 3000ms (default)
2019-11-05 08:26:09,554 [main] INFO  server.RaftServerConfigKeys (ConfUtils.java:logGet(43)) - raft.server.storage.dir = [/workdir/hadoop-ozone/integration-test/target/test-dir/MiniOzoneClusterImpl-02b65e86-f8bb-4f05-a146-5b32a27149c8/datanode-1/data/ratis] (custom)
2019-11-05 08:26:09,559 [main] INFO  hdfs.DFSUtil (DFSUtil.java:httpServerTemplateForNNAndJN(1641)) - Starting Web-server for hddsDatanode at: http://0.0.0.0:0
2019-11-05 08:26:09,561 [main] INFO  server.AuthenticationFilter (AuthenticationFilter.java:constructSecretProvider(240)) - Unable to initialize FileSignerSecretProvider, falling back to use random secrets.
2019-11-05 08:26:09,562 [main] WARN  http.HttpRequestLog (HttpRequestLog.java:getRequestLog(97)) - Jetty request log can only be enabled using Log4j
2019-11-05 08:26:09,564 [main] INFO  http.HttpServer2 (HttpServer2.java:addGlobalFilter(975)) - Added global filter 'safety' (class=org.apache.hadoop.http.HttpServer2$QuotingInputFilter)
2019-11-05 08:26:09,565 [main] INFO  http.HttpServer2 (HttpServer2.java:addFilter(948)) - Added filter static_user_filter (class=org.apache.hadoop.http.lib.StaticUserWebFilter$StaticUserFilter) to context hddsDatanode
2019-11-05 08:26:09,565 [main] INFO  http.HttpServer2 (HttpServer2.java:addFilter(958)) - Added filter static_user_filter (class=org.apache.hadoop.http.lib.StaticUserWebFilter$StaticUserFilter) to context logs
2019-11-05 08:26:09,565 [main] INFO  http.HttpServer2 (HttpServer2.java:addFilter(958)) - Added filter static_user_filter (class=org.apache.hadoop.http.lib.StaticUserWebFilter$StaticUserFilter) to context static
2019-11-05 08:26:09,566 [main] INFO  http.HttpServer2 (HttpServer2.java:bindListener(1191)) - Jetty bound to port 45411
2019-11-05 08:26:09,566 [main] INFO  server.Server (Server.java:doStart(351)) - jetty-9.3.25.v20180904, build timestamp: 2018-09-04T21:11:46Z, git hash: 3ce520221d0240229c862b122d2b06c12a625732
2019-11-05 08:26:09,568 [main] INFO  handler.ContextHandler (ContextHandler.java:doStart(781)) - Started o.e.j.s.ServletContextHandler@6a472566{/logs,file:///workdir/hadoop-ozone/integration-test/target/log,AVAILABLE}
2019-11-05 08:26:09,569 [main] INFO  handler.ContextHandler (ContextHandler.java:doStart(781)) - Started o.e.j.s.ServletContextHandler@5e65afb6{/static,jar:file:/home/user/.m2/repository/org/apache/hadoop/hadoop-hdds-container-service/0.5.0-SNAPSHOT/hadoop-hdds-container-service-0.5.0-SNAPSHOT.jar!/webapps/static,AVAILABLE}
2019-11-05 08:26:09,599 [main] INFO  handler.ContextHandler (ContextHandler.java:doStart(781)) - Started o.e.j.w.WebAppContext@5c77ba8f{/,file:///tmp/jetty-0.0.0.0-45411-hddsDatanode-_-any-6960556471976170100.dir/webapp/,AVAILABLE}{/hddsDatanode}
2019-11-05 08:26:09,600 [main] INFO  server.AbstractConnector (AbstractConnector.java:doStart(278)) - Started ServerConnector@660f0c{HTTP/1.1,[http/1.1]}{0.0.0.0:45411}
2019-11-05 08:26:09,602 [main] INFO  server.Server (Server.java:doStart(419)) - Started @4912ms
2019-11-05 08:26:09,603 [main] WARN  impl.MetricsSystemImpl (MetricsSystemImpl.java:register(276)) - Sink prometheus already exists!
2019-11-05 08:26:09,604 [main] INFO  server.BaseHttpServer (BaseHttpServer.java:updateConnectorAddress(215)) - HTTP server of HDDSDATANODE is listening at http://0.0.0.0:45411
2019-11-05 08:26:09,605 [main] INFO  impl.MetricsSystemImpl (MetricsSystemImpl.java:init(158)) - HddsDatanode metrics system started (again)
2019-11-05 08:26:09,608 [org.apache.hadoop.util.JvmPauseMonitor$Monitor@7c15c367] INFO  util.JvmPauseMonitor (JvmPauseMonitor.java:run(188)) - Starting JVM pause monitor
2019-11-05 08:26:09,609 [main] INFO  ozone.HddsDatanodeService (HddsDatanodeService.java:start(184)) - HddsDatanodeService host:pr-hdds-1643-8bmlk-2934350033 ip:192.168.164.217
2019-11-05 08:26:09,618 [main] INFO  volume.HddsVolume (HddsVolume.java:<init>(176)) - Creating Volume: /workdir/hadoop-ozone/integration-test/target/test-dir/MiniOzoneClusterImpl-02b65e86-f8bb-4f05-a146-5b32a27149c8/datanode-2/data/containers/hdds of  storage type : DISK and capacity : 1482555576320
2019-11-05 08:26:09,619 [main] INFO  volume.VolumeSet (VolumeSet.java:initializeVolumeSet(170)) - Added Volume : /workdir/hadoop-ozone/integration-test/target/test-dir/MiniOzoneClusterImpl-02b65e86-f8bb-4f05-a146-5b32a27149c8/datanode-2/data/containers/hdds to VolumeSet
2019-11-05 08:26:09,619 [main] INFO  volume.ThrottledAsyncChecker (ThrottledAsyncChecker.java:schedule(141)) - Scheduling a check for /workdir/hadoop-ozone/integration-test/target/test-dir/MiniOzoneClusterImpl-02b65e86-f8bb-4f05-a146-5b32a27149c8/datanode-2/data/containers/hdds
2019-11-05 08:26:09,619 [main] INFO  volume.HddsVolumeChecker (HddsVolumeChecker.java:checkAllVolumes(204)) - Scheduled health check for volume /workdir/hadoop-ozone/integration-test/target/test-dir/MiniOzoneClusterImpl-02b65e86-f8bb-4f05-a146-5b32a27149c8/datanode-2/data/containers/hdds
2019-11-05 08:26:09,634 [main] INFO  impl.RaftServerProxy (ConfUtils.java:logGet(43)) - raft.rpc.type = GRPC (default)
2019-11-05 08:26:09,634 [main] INFO  grpc.GrpcFactory (GrpcFactory.java:checkPooledByteBufAllocatorUseCacheForAllThreads(45)) - PERFORMANCE WARNING: useCacheForAllThreads is true that may cause Netty to create a lot garbage objects and, as a result, trigger GC.
	It is recommended to disable useCacheForAllThreads by setting -Dorg.apache.ratis.thirdparty.io.netty.allocator.useCacheForAllThreads=false in command line.
2019-11-05 08:26:09,634 [main] INFO  grpc.GrpcConfigKeys$Server (ConfUtils.java:logGet(43)) - raft.grpc.server.port = 0 (default)
2019-11-05 08:26:09,635 [main] INFO  server.GrpcService (ConfUtils.java:logGet(43)) - raft.grpc.message.size.max = 33570816 (custom)
2019-11-05 08:26:09,635 [main] INFO  server.RaftServerConfigKeys (ConfUtils.java:logGet(43)) - raft.server.log.appender.buffer.byte-limit = 33554432 (custom)
2019-11-05 08:26:09,635 [main] INFO  server.GrpcService (ConfUtils.java:logGet(43)) - raft.grpc.flow.control.window = 1MB (=1048576) (default)
2019-11-05 08:26:09,635 [main] INFO  server.RaftServerConfigKeys (ConfUtils.java:logGet(43)) - raft.server.rpc.request.timeout = 3000ms (default)
2019-11-05 08:26:09,637 [main] INFO  server.RaftServerConfigKeys (ConfUtils.java:logGet(43)) - raft.server.storage.dir = [/workdir/hadoop-ozone/integration-test/target/test-dir/MiniOzoneClusterImpl-02b65e86-f8bb-4f05-a146-5b32a27149c8/datanode-2/data/ratis] (custom)
2019-11-05 08:26:09,639 [main] INFO  hdfs.DFSUtil (DFSUtil.java:httpServerTemplateForNNAndJN(1641)) - Starting Web-server for hddsDatanode at: http://0.0.0.0:0
2019-11-05 08:26:09,642 [main] INFO  server.AuthenticationFilter (AuthenticationFilter.java:constructSecretProvider(240)) - Unable to initialize FileSignerSecretProvider, falling back to use random secrets.
2019-11-05 08:26:09,642 [main] WARN  http.HttpRequestLog (HttpRequestLog.java:getRequestLog(97)) - Jetty request log can only be enabled using Log4j
2019-11-05 08:26:09,642 [Datanode State Machine Thread - 0] INFO  datanode.InitDatanodeState (InitDatanodeState.java:persistContainerDatanodeDetails(140)) - DatanodeDetails is persisted to /workdir/hadoop-ozone/integration-test/target/test-dir/MiniOzoneClusterImpl-02b65e86-f8bb-4f05-a146-5b32a27149c8/datanode-0/meta/datanode.id
2019-11-05 08:26:09,646 [Datanode State Machine Thread - 0] INFO  datanode.InitDatanodeState (InitDatanodeState.java:persistContainerDatanodeDetails(140)) - DatanodeDetails is persisted to /workdir/hadoop-ozone/integration-test/target/test-dir/MiniOzoneClusterImpl-02b65e86-f8bb-4f05-a146-5b32a27149c8/datanode-1/meta/datanode.id
2019-11-05 08:26:09,647 [main] INFO  http.HttpServer2 (HttpServer2.java:addGlobalFilter(975)) - Added global filter 'safety' (class=org.apache.hadoop.http.HttpServer2$QuotingInputFilter)
2019-11-05 08:26:09,649 [main] INFO  http.HttpServer2 (HttpServer2.java:addFilter(948)) - Added filter static_user_filter (class=org.apache.hadoop.http.lib.StaticUserWebFilter$StaticUserFilter) to context hddsDatanode
2019-11-05 08:26:09,649 [main] INFO  http.HttpServer2 (HttpServer2.java:addFilter(958)) - Added filter static_user_filter (class=org.apache.hadoop.http.lib.StaticUserWebFilter$StaticUserFilter) to context static
2019-11-05 08:26:09,650 [main] INFO  http.HttpServer2 (HttpServer2.java:addFilter(958)) - Added filter static_user_filter (class=org.apache.hadoop.http.lib.StaticUserWebFilter$StaticUserFilter) to context logs
2019-11-05 08:26:09,651 [main] INFO  http.HttpServer2 (HttpServer2.java:bindListener(1191)) - Jetty bound to port 32933
2019-11-05 08:26:09,652 [main] INFO  server.Server (Server.java:doStart(351)) - jetty-9.3.25.v20180904, build timestamp: 2018-09-04T21:11:46Z, git hash: 3ce520221d0240229c862b122d2b06c12a625732
2019-11-05 08:26:09,656 [main] INFO  handler.ContextHandler (ContextHandler.java:doStart(781)) - Started o.e.j.s.ServletContextHandler@6920614{/logs,file:///workdir/hadoop-ozone/integration-test/target/log,AVAILABLE}
2019-11-05 08:26:09,657 [main] INFO  handler.ContextHandler (ContextHandler.java:doStart(781)) - Started o.e.j.s.ServletContextHandler@5fa23c{/static,jar:file:/home/user/.m2/repository/org/apache/hadoop/hadoop-hdds-container-service/0.5.0-SNAPSHOT/hadoop-hdds-container-service-0.5.0-SNAPSHOT.jar!/webapps/static,AVAILABLE}
2019-11-05 08:26:09,695 [main] INFO  handler.ContextHandler (ContextHandler.java:doStart(781)) - Started o.e.j.w.WebAppContext@7a0e7ecd{/,file:///tmp/jetty-0.0.0.0-32933-hddsDatanode-_-any-207346802594360768.dir/webapp/,AVAILABLE}{/hddsDatanode}
2019-11-05 08:26:09,696 [main] INFO  server.AbstractConnector (AbstractConnector.java:doStart(278)) - Started ServerConnector@54e3658c{HTTP/1.1,[http/1.1]}{0.0.0.0:32933}
2019-11-05 08:26:09,698 [main] INFO  server.Server (Server.java:doStart(419)) - Started @5008ms
2019-11-05 08:26:09,699 [main] WARN  impl.MetricsSystemImpl (MetricsSystemImpl.java:register(276)) - Sink prometheus already exists!
2019-11-05 08:26:09,700 [main] INFO  server.BaseHttpServer (BaseHttpServer.java:updateConnectorAddress(215)) - HTTP server of HDDSDATANODE is listening at http://0.0.0.0:32933
2019-11-05 08:26:09,702 [main] INFO  ozone.MiniOzoneClusterImpl (MiniOzoneClusterImpl.java:lambda$waitForClusterToBeReady$0(147)) - Waiting for cluster to be ready. Got 0 of 3 DN Heartbeats.
2019-11-05 08:26:09,703 [org.apache.hadoop.util.JvmPauseMonitor$Monitor@a4cbff4] INFO  util.JvmPauseMonitor (JvmPauseMonitor.java:run(188)) - Starting JVM pause monitor
2019-11-05 08:26:09,706 [Datanode State Machine Thread - 0] INFO  datanode.InitDatanodeState (InitDatanodeState.java:persistContainerDatanodeDetails(140)) - DatanodeDetails is persisted to /workdir/hadoop-ozone/integration-test/target/test-dir/MiniOzoneClusterImpl-02b65e86-f8bb-4f05-a146-5b32a27149c8/datanode-2/meta/datanode.id
2019-11-05 08:26:10,702 [main] INFO  ozone.MiniOzoneClusterImpl (MiniOzoneClusterImpl.java:lambda$waitForClusterToBeReady$0(147)) - Waiting for cluster to be ready. Got 0 of 3 DN Heartbeats.
2019-11-05 08:26:11,593 [Datanode State Machine Thread - 0] INFO  ozoneimpl.OzoneContainer (OzoneContainer.java:start(213)) - Attempting to start container services.
2019-11-05 08:26:11,596 [Datanode State Machine Thread - 0] INFO  ozoneimpl.OzoneContainer (OzoneContainer.java:startContainerScrub(177)) - Background container scanner has been disabled.
2019-11-05 08:26:11,597 [Datanode State Machine Thread - 0] INFO  ratis.XceiverServerRatis (XceiverServerRatis.java:start(418)) - Starting XceiverServerRatis 90c9f5c6-6de3-44e3-8d50-8a1447632052 at port 0
2019-11-05 08:26:11,625 [Datanode State Machine Thread - 0] INFO  impl.RaftServerProxy (RaftServerProxy.java:lambda$start$3(299)) - 90c9f5c6-6de3-44e3-8d50-8a1447632052: start RPC server
2019-11-05 08:26:11,630 [Datanode State Machine Thread - 0] INFO  ozoneimpl.OzoneContainer (OzoneContainer.java:start(213)) - Attempting to start container services.
2019-11-05 08:26:11,638 [Datanode State Machine Thread - 0] INFO  ozoneimpl.OzoneContainer (OzoneContainer.java:startContainerScrub(177)) - Background container scanner has been disabled.
2019-11-05 08:26:11,638 [Datanode State Machine Thread - 0] INFO  ratis.XceiverServerRatis (XceiverServerRatis.java:start(418)) - Starting XceiverServerRatis e618d93a-19a9-4b89-96f3-44f318818422 at port 0
2019-11-05 08:26:11,653 [Datanode State Machine Thread - 0] INFO  impl.RaftServerProxy (RaftServerProxy.java:lambda$start$3(299)) - e618d93a-19a9-4b89-96f3-44f318818422: start RPC server
2019-11-05 08:26:11,703 [main] INFO  ozone.MiniOzoneClusterImpl (MiniOzoneClusterImpl.java:lambda$waitForClusterToBeReady$0(147)) - Waiting for cluster to be ready. Got 0 of 3 DN Heartbeats.
2019-11-05 08:26:11,726 [Datanode State Machine Thread - 0] INFO  ozoneimpl.OzoneContainer (OzoneContainer.java:start(213)) - Attempting to start container services.
2019-11-05 08:26:11,727 [Datanode State Machine Thread - 0] INFO  ozoneimpl.OzoneContainer (OzoneContainer.java:startContainerScrub(177)) - Background container scanner has been disabled.
2019-11-05 08:26:11,728 [Datanode State Machine Thread - 0] INFO  ratis.XceiverServerRatis (XceiverServerRatis.java:start(418)) - Starting XceiverServerRatis 6ab6cfca-dbae-4fc7-a842-1fd8eedeb1ff at port 0
2019-11-05 08:26:11,737 [Datanode State Machine Thread - 0] INFO  impl.RaftServerProxy (RaftServerProxy.java:lambda$start$3(299)) - 6ab6cfca-dbae-4fc7-a842-1fd8eedeb1ff: start RPC server
2019-11-05 08:26:11,783 [Datanode State Machine Thread - 0] INFO  server.GrpcService (GrpcService.java:startImpl(158)) - 6ab6cfca-dbae-4fc7-a842-1fd8eedeb1ff: GrpcService started, listening on 0.0.0.0/0.0.0.0:40408
2019-11-05 08:26:11,783 [Datanode State Machine Thread - 0] INFO  server.GrpcService (GrpcService.java:startImpl(158)) - e618d93a-19a9-4b89-96f3-44f318818422: GrpcService started, listening on 0.0.0.0/0.0.0.0:37953
2019-11-05 08:26:11,783 [Datanode State Machine Thread - 0] INFO  server.GrpcService (GrpcService.java:startImpl(158)) - 90c9f5c6-6de3-44e3-8d50-8a1447632052: GrpcService started, listening on 0.0.0.0/0.0.0.0:36159
2019-11-05 08:26:11,784 [Datanode State Machine Thread - 0] INFO  ratis.XceiverServerRatis (XceiverServerRatis.java:start(428)) - XceiverServerRatis e618d93a-19a9-4b89-96f3-44f318818422 is started using port 37953
2019-11-05 08:26:11,784 [Datanode State Machine Thread - 0] INFO  ratis.XceiverServerRatis (XceiverServerRatis.java:start(428)) - XceiverServerRatis 6ab6cfca-dbae-4fc7-a842-1fd8eedeb1ff is started using port 40408
2019-11-05 08:26:11,784 [Datanode State Machine Thread - 0] INFO  ratis.XceiverServerRatis (XceiverServerRatis.java:start(428)) - XceiverServerRatis 90c9f5c6-6de3-44e3-8d50-8a1447632052 is started using port 36159
2019-11-05 08:26:11,790 [Datanode State Machine Thread - 0] INFO  server.XceiverServerGrpc (XceiverServerGrpc.java:start(149)) - XceiverServerGrpc 90c9f5c6-6de3-44e3-8d50-8a1447632052 is started using port 43551
2019-11-05 08:26:11,790 [Datanode State Machine Thread - 0] INFO  server.XceiverServerGrpc (XceiverServerGrpc.java:start(149)) - XceiverServerGrpc 6ab6cfca-dbae-4fc7-a842-1fd8eedeb1ff is started using port 39879
2019-11-05 08:26:11,790 [Datanode State Machine Thread - 0] INFO  server.XceiverServerGrpc (XceiverServerGrpc.java:start(149)) - XceiverServerGrpc e618d93a-19a9-4b89-96f3-44f318818422 is started using port 37294
2019-11-05 08:26:12,703 [main] INFO  ozone.MiniOzoneClusterImpl (MiniOzoneClusterImpl.java:lambda$waitForClusterToBeReady$0(147)) - Waiting for cluster to be ready. Got 0 of 3 DN Heartbeats.
2019-11-05 08:26:13,533 [IPC Server handler 0 on 41841] INFO  net.NetworkTopology (NetworkTopologyImpl.java:add(111)) - Added a new node: /default-rack/90c9f5c6-6de3-44e3-8d50-8a1447632052
2019-11-05 08:26:13,534 [IPC Server handler 0 on 41841] INFO  node.SCMNodeManager (SCMNodeManager.java:register(268)) - Registered Data node : 90c9f5c6-6de3-44e3-8d50-8a1447632052{ip: 192.168.164.217, host: pr-hdds-1643-8bmlk-2934350033, networkLocation: /default-rack, certSerialId: null}
2019-11-05 08:26:13,538 [EventQueue-NodeRegistrationContainerReportForDataNodeSafeModeRule] INFO  safemode.SCMSafeModeManager (DataNodeSafeModeRule.java:process(71)) - SCM in safe mode. 1 DataNodes registered, 1 required.
2019-11-05 08:26:13,538 [EventQueue-NodeRegistrationContainerReportForDataNodeSafeModeRule] INFO  safemode.SCMSafeModeManager (SCMSafeModeManager.java:validateSafeModeExitRules(177)) - ScmSafeModeManager, all rules are successfully validated
2019-11-05 08:26:13,538 [EventQueue-NodeRegistrationContainerReportForDataNodeSafeModeRule] INFO  safemode.SCMSafeModeManager (SCMSafeModeManager.java:exitSafeMode(193)) - SCM exiting safe mode.
2019-11-05 08:26:13,611 [IPC Server handler 1 on 41841] INFO  net.NetworkTopology (NetworkTopologyImpl.java:add(111)) - Added a new node: /default-rack/e618d93a-19a9-4b89-96f3-44f318818422
2019-11-05 08:26:13,612 [IPC Server handler 1 on 41841] INFO  node.SCMNodeManager (SCMNodeManager.java:register(268)) - Registered Data node : e618d93a-19a9-4b89-96f3-44f318818422{ip: 192.168.164.217, host: pr-hdds-1643-8bmlk-2934350033, networkLocation: /default-rack, certSerialId: null}
2019-11-05 08:26:13,704 [main] INFO  ozone.MiniOzoneClusterImpl (MiniOzoneClusterImpl.java:lambda$waitForClusterToBeReady$0(147)) - Waiting for cluster to be ready. Got 2 of 3 DN Heartbeats.
2019-11-05 08:26:13,706 [IPC Server handler 3 on 41841] INFO  net.NetworkTopology (NetworkTopologyImpl.java:add(111)) - Added a new node: /default-rack/6ab6cfca-dbae-4fc7-a842-1fd8eedeb1ff
2019-11-05 08:26:13,706 [IPC Server handler 3 on 41841] INFO  node.SCMNodeManager (SCMNodeManager.java:register(268)) - Registered Data node : 6ab6cfca-dbae-4fc7-a842-1fd8eedeb1ff{ip: 192.168.164.217, host: pr-hdds-1643-8bmlk-2934350033, networkLocation: /default-rack, certSerialId: null}
2019-11-05 08:26:14,017 [grpc-default-executor-0] INFO  impl.RaftServerProxy (RaftServerProxy.java:addNew(89)) - 90c9f5c6-6de3-44e3-8d50-8a1447632052: addNew group-52F49EE3CFB6:[90c9f5c6-6de3-44e3-8d50-8a1447632052:192.168.164.217:36159] returns group-52F49EE3CFB6:java.util.concurrent.CompletableFuture@4a7922b0[Not completed]
2019-11-05 08:26:14,030 [pool-27-thread-1] INFO  impl.RaftServerImpl (RaftServerImpl.java:<init>(104)) - 90c9f5c6-6de3-44e3-8d50-8a1447632052: new RaftServerImpl for group-52F49EE3CFB6:[90c9f5c6-6de3-44e3-8d50-8a1447632052:192.168.164.217:36159] with ContainerStateMachine:uninitialized
2019-11-05 08:26:14,033 [pool-27-thread-1] INFO  server.RaftServerConfigKeys (ConfUtils.java:logGet(43)) - raft.server.rpc.timeout.min = 5s (custom)
2019-11-05 08:26:14,034 [pool-27-thread-1] INFO  server.RaftServerConfigKeys (ConfUtils.java:logGet(43)) - raft.server.rpc.timeout.max = 5200ms (custom)
2019-11-05 08:26:14,034 [pool-27-thread-1] INFO  server.RaftServerConfigKeys (ConfUtils.java:logGet(43)) - raft.server.rpcslowness.timeout = 1000s (custom)
2019-11-05 08:26:14,035 [pool-27-thread-1] INFO  server.RaftServerConfigKeys (ConfUtils.java:logGet(43)) - raft.server.sleep.deviation.threshold = 300 (default)
2019-11-05 08:26:14,036 [pool-27-thread-1] INFO  server.RaftServerConfigKeys (ConfUtils.java:logGet(43)) - raft.server.log.appender.install.snapshot.enabled = false (custom)
2019-11-05 08:26:14,043 [pool-27-thread-1] INFO  impl.RaftServerImpl (ServerState.java:<init>(103)) - 90c9f5c6-6de3-44e3-8d50-8a1447632052@group-52F49EE3CFB6: ConfigurationManager, init=-1: [90c9f5c6-6de3-44e3-8d50-8a1447632052:192.168.164.217:36159], old=null, confs=<EMPTY_MAP>
2019-11-05 08:26:14,043 [pool-27-thread-1] INFO  server.RaftServerConfigKeys (ConfUtils.java:logGet(43)) - raft.server.storage.dir = [/workdir/hadoop-ozone/integration-test/target/test-dir/MiniOzoneClusterImpl-02b65e86-f8bb-4f05-a146-5b32a27149c8/datanode-0/data/ratis] (custom)
2019-11-05 08:26:14,049 [pool-27-thread-1] INFO  server.RaftServerConfigKeys (ConfUtils.java:logGet(43)) - raft.server.log.corruption.policy = EXCEPTION (default)
2019-11-05 08:26:14,050 [pool-27-thread-1] INFO  storage.RaftStorageDirectory (RaftStorageDirectory.java:analyzeStorage(246)) - The storage directory /workdir/hadoop-ozone/integration-test/target/test-dir/MiniOzoneClusterImpl-02b65e86-f8bb-4f05-a146-5b32a27149c8/datanode-0/data/ratis/62d1b2e0-6839-448e-8b6e-52f49ee3cfb6 does not exist. Creating ...
2019-11-05 08:26:14,066 [pool-27-thread-1] INFO  storage.RaftStorageDirectory (RaftStorageDirectory.java:tryLock(328)) - Lock on /workdir/hadoop-ozone/integration-test/target/test-dir/MiniOzoneClusterImpl-02b65e86-f8bb-4f05-a146-5b32a27149c8/datanode-0/data/ratis/62d1b2e0-6839-448e-8b6e-52f49ee3cfb6/in_use.lock acquired by nodename 2662@pr-hdds-1643-8bmlk-2934350033
2019-11-05 08:26:14,081 [pool-27-thread-1] INFO  storage.RaftStorage (RaftStorage.java:format(84)) - Storage directory /workdir/hadoop-ozone/integration-test/target/test-dir/MiniOzoneClusterImpl-02b65e86-f8bb-4f05-a146-5b32a27149c8/datanode-0/data/ratis/62d1b2e0-6839-448e-8b6e-52f49ee3cfb6 has been successfully formatted.
2019-11-05 08:26:14,084 [pool-27-thread-1] INFO  ratis.ContainerStateMachine (ContainerStateMachine.java:loadSnapshot(231)) - group-52F49EE3CFB6: The snapshot info is null. Setting the last applied indexto:(t:0, i:~)
2019-11-05 08:26:14,084 [pool-27-thread-1] INFO  server.RaftServerConfigKeys (ConfUtils.java:logGet(43)) - raft.server.notification.no-leader.timeout = 1000s (custom)
2019-11-05 08:26:14,086 [pool-27-thread-1] INFO  server.RaftServerConfigKeys (ConfUtils.java:logGet(43)) - raft.server.log.use.memory = false (default)
2019-11-05 08:26:14,091 [pool-27-thread-1] INFO  server.RaftServerConfigKeys (ConfUtils.java:logGet(43)) - raft.server.log.purge.gap = 1000000 (custom)
2019-11-05 08:26:14,091 [pool-27-thread-1] INFO  server.RaftServerConfigKeys (ConfUtils.java:logGet(43)) - raft.server.log.appender.buffer.byte-limit = 33554432 (custom)
2019-11-05 08:26:14,093 [pool-27-thread-1] INFO  server.RaftServerConfigKeys (ConfUtils.java:logGet(43)) - raft.server.log.segment.size.max = 1048576 (custom)
2019-11-05 08:26:14,095 [pool-27-thread-1] INFO  impl.MetricsSystemImpl (MetricsSystemImpl.java:init(158)) - ratis metrics system started (again)
2019-11-05 08:26:14,099 [pool-27-thread-1] INFO  metrics.MetricRegistries (MetricRegistriesLoader.java:load(64)) - Loaded MetricRegistries class org.apache.ratis.metrics.impl.MetricRegistriesImpl
2019-11-05 08:26:14,131 [pool-27-thread-1] INFO  server.RaftServerConfigKeys (ConfUtils.java:logGet(43)) - raft.server.log.segment.cache.num.max = 2 (custom)
2019-11-05 08:26:14,137 [pool-27-thread-1] INFO  segmented.SegmentedRaftLogWorker (SegmentedRaftLogWorker.java:<init>(173)) - new 90c9f5c6-6de3-44e3-8d50-8a1447632052@group-52F49EE3CFB6-SegmentedRaftLogWorker for RaftStorage:Storage Directory /workdir/hadoop-ozone/integration-test/target/test-dir/MiniOzoneClusterImpl-02b65e86-f8bb-4f05-a146-5b32a27149c8/datanode-0/data/ratis/62d1b2e0-6839-448e-8b6e-52f49ee3cfb6
2019-11-05 08:26:14,137 [pool-27-thread-1] INFO  server.RaftServerConfigKeys (ConfUtils.java:logGet(43)) - raft.server.log.queue.byte-limit = 2147483647 (custom)
2019-11-05 08:26:14,138 [pool-27-thread-1] INFO  server.RaftServerConfigKeys (ConfUtils.java:logGet(43)) - raft.server.log.queue.element-limit = 1024 (custom)
2019-11-05 08:26:14,139 [pool-27-thread-1] INFO  server.RaftServerConfigKeys (ConfUtils.java:logGet(43)) - raft.server.log.segment.size.max = 1048576 (custom)
2019-11-05 08:26:14,140 [pool-27-thread-1] INFO  server.RaftServerConfigKeys (ConfUtils.java:logGet(43)) - raft.server.log.preallocated.size = 16384 (custom)
2019-11-05 08:26:14,140 [pool-27-thread-1] INFO  server.RaftServerConfigKeys (ConfUtils.java:logGet(43)) - raft.server.log.write.buffer.size = 33554432 (custom)
2019-11-05 08:26:14,140 [pool-27-thread-1] INFO  server.RaftServerConfigKeys (ConfUtils.java:logGet(43)) - raft.server.log.force.sync.num = 128 (default)
2019-11-05 08:26:14,141 [pool-27-thread-1] INFO  server.RaftServerConfigKeys (ConfUtils.java:logGet(43)) - raft.server.log.statemachine.data.sync = true (default)
2019-11-05 08:26:14,142 [pool-27-thread-1] INFO  server.RaftServerConfigKeys (ConfUtils.java:logGet(43)) - raft.server.log.statemachine.data.sync.timeout = 10s (default)
2019-11-05 08:26:14,142 [pool-27-thread-1] INFO  server.RaftServerConfigKeys (ConfUtils.java:logGet(43)) - raft.server.log.statemachine.data.sync.timeout.retry = -1 (default)
2019-11-05 08:26:14,153 [pool-27-thread-1] INFO  server.RaftServerConfigKeys (ConfUtils.java:logGet(43)) - raft.server.log.statemachine.data.caching.enabled = true (custom)
2019-11-05 08:26:14,160 [pool-27-thread-1] INFO  segmented.SegmentedRaftLogWorker (SegmentedRaftLogWorker.java:lambda$new$0(128)) - 90c9f5c6-6de3-44e3-8d50-8a1447632052@group-52F49EE3CFB6-SegmentedRaftLogWorker: flushIndex: setUnconditionally 0 -> -1
2019-11-05 08:26:14,166 [pool-27-thread-1] INFO  server.RaftServerConfigKeys (ConfUtils.java:logGet(43)) - raft.server.snapshot.auto.trigger.enabled = true (custom)
2019-11-05 08:26:14,167 [pool-27-thread-1] INFO  server.RaftServerConfigKeys (ConfUtils.java:logGet(43)) - raft.server.snapshot.auto.trigger.threshold = 10000 (custom)
2019-11-05 08:26:14,167 [pool-27-thread-1] INFO  server.RaftServerConfigKeys (ConfUtils.java:logGet(43)) - raft.server.snapshot.retention.file.num = 5 (custom)
2019-11-05 08:26:14,168 [pool-27-thread-1] INFO  server.RaftServerConfigKeys (ConfUtils.java:logGet(43)) - raft.server.retrycache.expirytime = 600000ms (custom)
2019-11-05 08:26:14,204 [pool-27-thread-1] INFO  impl.RaftServerImpl (RaftServerImpl.java:start(195)) - 90c9f5c6-6de3-44e3-8d50-8a1447632052@group-52F49EE3CFB6: start as a follower, conf=-1: [90c9f5c6-6de3-44e3-8d50-8a1447632052:192.168.164.217:36159], old=null
2019-11-05 08:26:14,206 [pool-27-thread-1] INFO  impl.RaftServerImpl (RaftServerImpl.java:setRole(184)) - 90c9f5c6-6de3-44e3-8d50-8a1447632052@group-52F49EE3CFB6: changes role from      null to FOLLOWER at term 0 for startAsFollower
2019-11-05 08:26:14,207 [pool-27-thread-1] INFO  impl.RoleInfo (RoleInfo.java:updateAndGet(143)) - 90c9f5c6-6de3-44e3-8d50-8a1447632052: start FollowerState
2019-11-05 08:26:14,209 [pool-27-thread-1] INFO  util.JmxRegister (JmxRegister.java:tryRegister(44)) - Successfully registered JMX Bean with object name Ratis:service=RaftServer,group=group-52F49EE3CFB6,id=90c9f5c6-6de3-44e3-8d50-8a1447632052
2019-11-05 08:26:14,274 [RatisPipelineUtilsThread] INFO  pipeline.PipelineStateManager (PipelineStateManager.java:addPipeline(56)) - Created pipeline Pipeline[ Id: 62d1b2e0-6839-448e-8b6e-52f49ee3cfb6, Nodes: 90c9f5c6-6de3-44e3-8d50-8a1447632052{ip: 192.168.164.217, host: pr-hdds-1643-8bmlk-2934350033, networkLocation: /default-rack, certSerialId: null}, Type:RATIS, Factor:ONE, State:OPEN]
2019-11-05 08:26:14,291 [grpc-default-executor-0] INFO  impl.RaftServerProxy (RaftServerProxy.java:addNew(89)) - e618d93a-19a9-4b89-96f3-44f318818422: addNew group-9DE9A8A30282:[e618d93a-19a9-4b89-96f3-44f318818422:192.168.164.217:37953] returns group-9DE9A8A30282:java.util.concurrent.CompletableFuture@454e37d0[Not completed]
2019-11-05 08:26:14,316 [pool-37-thread-1] INFO  impl.RaftServerImpl (RaftServerImpl.java:<init>(104)) - e618d93a-19a9-4b89-96f3-44f318818422: new RaftServerImpl for group-9DE9A8A30282:[e618d93a-19a9-4b89-96f3-44f318818422:192.168.164.217:37953] with ContainerStateMachine:uninitialized
2019-11-05 08:26:14,317 [pool-37-thread-1] INFO  server.RaftServerConfigKeys (ConfUtils.java:logGet(43)) - raft.server.rpc.timeout.min = 5s (custom)
2019-11-05 08:26:14,317 [pool-37-thread-1] INFO  server.RaftServerConfigKeys (ConfUtils.java:logGet(43)) - raft.server.rpc.timeout.max = 5200ms (custom)
2019-11-05 08:26:14,317 [pool-37-thread-1] INFO  server.RaftServerConfigKeys (ConfUtils.java:logGet(43)) - raft.server.rpcslowness.timeout = 1000s (custom)
2019-11-05 08:26:14,317 [pool-37-thread-1] INFO  server.RaftServerConfigKeys (ConfUtils.java:logGet(43)) - raft.server.sleep.deviation.threshold = 300 (default)
2019-11-05 08:26:14,318 [pool-37-thread-1] INFO  server.RaftServerConfigKeys (ConfUtils.java:logGet(43)) - raft.server.log.appender.install.snapshot.enabled = false (custom)
2019-11-05 08:26:14,318 [pool-37-thread-1] INFO  impl.RaftServerImpl (ServerState.java:<init>(103)) - e618d93a-19a9-4b89-96f3-44f318818422@group-9DE9A8A30282: ConfigurationManager, init=-1: [e618d93a-19a9-4b89-96f3-44f318818422:192.168.164.217:37953], old=null, confs=<EMPTY_MAP>
2019-11-05 08:26:14,318 [pool-37-thread-1] INFO  server.RaftServerConfigKeys (ConfUtils.java:logGet(43)) - raft.server.storage.dir = [/workdir/hadoop-ozone/integration-test/target/test-dir/MiniOzoneClusterImpl-02b65e86-f8bb-4f05-a146-5b32a27149c8/datanode-1/data/ratis] (custom)
2019-11-05 08:26:14,319 [pool-37-thread-1] INFO  server.RaftServerConfigKeys (ConfUtils.java:logGet(43)) - raft.server.log.corruption.policy = EXCEPTION (default)
2019-11-05 08:26:14,319 [pool-37-thread-1] INFO  storage.RaftStorageDirectory (RaftStorageDirectory.java:analyzeStorage(246)) - The storage directory /workdir/hadoop-ozone/integration-test/target/test-dir/MiniOzoneClusterImpl-02b65e86-f8bb-4f05-a146-5b32a27149c8/datanode-1/data/ratis/4fe2ea24-807c-48f4-bd79-9de9a8a30282 does not exist. Creating ...
2019-11-05 08:26:14,333 [pool-37-thread-1] INFO  storage.RaftStorageDirectory (RaftStorageDirectory.java:tryLock(328)) - Lock on /workdir/hadoop-ozone/integration-test/target/test-dir/MiniOzoneClusterImpl-02b65e86-f8bb-4f05-a146-5b32a27149c8/datanode-1/data/ratis/4fe2ea24-807c-48f4-bd79-9de9a8a30282/in_use.lock acquired by nodename 2662@pr-hdds-1643-8bmlk-2934350033
2019-11-05 08:26:14,336 [Thread-186] INFO  impl.FollowerState (FollowerState.java:run(108)) - 90c9f5c6-6de3-44e3-8d50-8a1447632052@group-52F49EE3CFB6-FollowerState: change to CANDIDATE, lastRpcTime:130ms, electionTimeout:129ms
2019-11-05 08:26:14,339 [Thread-186] INFO  impl.RoleInfo (RoleInfo.java:shutdownFollowerState(121)) - 90c9f5c6-6de3-44e3-8d50-8a1447632052: shutdown FollowerState
2019-11-05 08:26:14,340 [Thread-186] INFO  impl.RaftServerImpl (RaftServerImpl.java:setRole(184)) - 90c9f5c6-6de3-44e3-8d50-8a1447632052@group-52F49EE3CFB6: changes role from  FOLLOWER to CANDIDATE at term 0 for changeToCandidate
2019-11-05 08:26:14,344 [Thread-186] INFO  impl.RoleInfo (RoleInfo.java:updateAndGet(143)) - 90c9f5c6-6de3-44e3-8d50-8a1447632052: start LeaderElection
2019-11-05 08:26:14,356 [pool-37-thread-1] INFO  storage.RaftStorage (RaftStorage.java:format(84)) - Storage directory /workdir/hadoop-ozone/integration-test/target/test-dir/MiniOzoneClusterImpl-02b65e86-f8bb-4f05-a146-5b32a27149c8/datanode-1/data/ratis/4fe2ea24-807c-48f4-bd79-9de9a8a30282 has been successfully formatted.
2019-11-05 08:26:14,357 [90c9f5c6-6de3-44e3-8d50-8a1447632052@group-52F49EE3CFB6-LeaderElection1] INFO  impl.LeaderElection (LeaderElection.java:askForVotes(178)) - 90c9f5c6-6de3-44e3-8d50-8a1447632052@group-52F49EE3CFB6-LeaderElection1: begin an election at term 1 for -1: [90c9f5c6-6de3-44e3-8d50-8a1447632052:192.168.164.217:36159], old=null
2019-11-05 08:26:14,357 [pool-37-thread-1] INFO  ratis.ContainerStateMachine (ContainerStateMachine.java:loadSnapshot(231)) - group-9DE9A8A30282: The snapshot info is null. Setting the last applied indexto:(t:0, i:~)
2019-11-05 08:26:14,358 [pool-37-thread-1] INFO  server.RaftServerConfigKeys (ConfUtils.java:logGet(43)) - raft.server.notification.no-leader.timeout = 1000s (custom)
2019-11-05 08:26:14,358 [pool-37-thread-1] INFO  server.RaftServerConfigKeys (ConfUtils.java:logGet(43)) - raft.server.log.use.memory = false (default)
2019-11-05 08:26:14,358 [pool-37-thread-1] INFO  server.RaftServerConfigKeys (ConfUtils.java:logGet(43)) - raft.server.log.purge.gap = 1000000 (custom)
2019-11-05 08:26:14,358 [pool-37-thread-1] INFO  server.RaftServerConfigKeys (ConfUtils.java:logGet(43)) - raft.server.log.appender.buffer.byte-limit = 33554432 (custom)
2019-11-05 08:26:14,359 [pool-37-thread-1] INFO  server.RaftServerConfigKeys (ConfUtils.java:logGet(43)) - raft.server.log.segment.size.max = 1048576 (custom)
2019-11-05 08:26:14,359 [90c9f5c6-6de3-44e3-8d50-8a1447632052@group-52F49EE3CFB6-LeaderElection1] INFO  impl.RoleInfo (RoleInfo.java:shutdownLeaderElection(134)) - 90c9f5c6-6de3-44e3-8d50-8a1447632052: shutdown LeaderElection
2019-11-05 08:26:14,360 [90c9f5c6-6de3-44e3-8d50-8a1447632052@group-52F49EE3CFB6-LeaderElection1] INFO  impl.RaftServerImpl (RaftServerImpl.java:setRole(184)) - 90c9f5c6-6de3-44e3-8d50-8a1447632052@group-52F49EE3CFB6: changes role from CANDIDATE to LEADER at term 1 for changeToLeader
2019-11-05 08:26:14,360 [90c9f5c6-6de3-44e3-8d50-8a1447632052@group-52F49EE3CFB6-LeaderElection1] INFO  impl.RaftServerImpl (ServerState.java:setLeader(256)) - 90c9f5c6-6de3-44e3-8d50-8a1447632052@group-52F49EE3CFB6: change Leader from null to 90c9f5c6-6de3-44e3-8d50-8a1447632052 at term 1 for becomeLeader, leader elected after 276ms
2019-11-05 08:26:14,363 [pool-37-thread-1] INFO  server.RaftServerConfigKeys (ConfUtils.java:logGet(43)) - raft.server.log.segment.cache.num.max = 2 (custom)
2019-11-05 08:26:14,363 [pool-37-thread-1] INFO  segmented.SegmentedRaftLogWorker (SegmentedRaftLogWorker.java:<init>(173)) - new e618d93a-19a9-4b89-96f3-44f318818422@group-9DE9A8A30282-SegmentedRaftLogWorker for RaftStorage:Storage Directory /workdir/hadoop-ozone/integration-test/target/test-dir/MiniOzoneClusterImpl-02b65e86-f8bb-4f05-a146-5b32a27149c8/datanode-1/data/ratis/4fe2ea24-807c-48f4-bd79-9de9a8a30282
2019-11-05 08:26:14,364 [pool-37-thread-1] INFO  server.RaftServerConfigKeys (ConfUtils.java:logGet(43)) - raft.server.log.queue.byte-limit = 2147483647 (custom)
2019-11-05 08:26:14,364 [pool-37-thread-1] INFO  server.RaftServerConfigKeys (ConfUtils.java:logGet(43)) - raft.server.log.queue.element-limit = 1024 (custom)
2019-11-05 08:26:14,365 [pool-37-thread-1] INFO  server.RaftServerConfigKeys (ConfUtils.java:logGet(43)) - raft.server.log.segment.size.max = 1048576 (custom)
2019-11-05 08:26:14,365 [pool-37-thread-1] INFO  server.RaftServerConfigKeys (ConfUtils.java:logGet(43)) - raft.server.log.preallocated.size = 16384 (custom)
2019-11-05 08:26:14,365 [pool-37-thread-1] INFO  server.RaftServerConfigKeys (ConfUtils.java:logGet(43)) - raft.server.log.write.buffer.size = 33554432 (custom)
2019-11-05 08:26:14,365 [pool-37-thread-1] INFO  server.RaftServerConfigKeys (ConfUtils.java:logGet(43)) - raft.server.log.force.sync.num = 128 (default)
2019-11-05 08:26:14,365 [pool-37-thread-1] INFO  server.RaftServerConfigKeys (ConfUtils.java:logGet(43)) - raft.server.log.statemachine.data.sync = true (default)
2019-11-05 08:26:14,365 [pool-37-thread-1] INFO  server.RaftServerConfigKeys (ConfUtils.java:logGet(43)) - raft.server.log.statemachine.data.sync.timeout = 10s (default)
2019-11-05 08:26:14,366 [pool-37-thread-1] INFO  server.RaftServerConfigKeys (ConfUtils.java:logGet(43)) - raft.server.log.statemachine.data.sync.timeout.retry = -1 (default)
2019-11-05 08:26:14,366 [90c9f5c6-6de3-44e3-8d50-8a1447632052@group-52F49EE3CFB6-LeaderElection1] INFO  server.RaftServerConfigKeys (ConfUtils.java:logGet(43)) - raft.server.staging.catchup.gap = 1000 (default)
2019-11-05 08:26:14,366 [90c9f5c6-6de3-44e3-8d50-8a1447632052@group-52F49EE3CFB6-LeaderElection1] INFO  server.RaftServerConfigKeys (ConfUtils.java:logGet(43)) - raft.server.rpc.sleep.time = 25ms (default)
2019-11-05 08:26:14,366 [pool-37-thread-1] INFO  server.RaftServerConfigKeys (ConfUtils.java:logGet(43)) - raft.server.log.statemachine.data.caching.enabled = true (custom)
2019-11-05 08:26:14,367 [pool-37-thread-1] INFO  segmented.SegmentedRaftLogWorker (SegmentedRaftLogWorker.java:lambda$new$0(128)) - e618d93a-19a9-4b89-96f3-44f318818422@group-9DE9A8A30282-SegmentedRaftLogWorker: flushIndex: setUnconditionally 0 -> -1
2019-11-05 08:26:14,367 [pool-37-thread-1] INFO  server.RaftServerConfigKeys (ConfUtils.java:logGet(43)) - raft.server.snapshot.auto.trigger.enabled = true (custom)
2019-11-05 08:26:14,367 [pool-37-thread-1] INFO  server.RaftServerConfigKeys (ConfUtils.java:logGet(43)) - raft.server.snapshot.auto.trigger.threshold = 10000 (custom)
2019-11-05 08:26:14,367 [pool-37-thread-1] INFO  server.RaftServerConfigKeys (ConfUtils.java:logGet(43)) - raft.server.snapshot.retention.file.num = 5 (custom)
2019-11-05 08:26:14,368 [pool-37-thread-1] INFO  server.RaftServerConfigKeys (ConfUtils.java:logGet(43)) - raft.server.retrycache.expirytime = 600000ms (custom)
2019-11-05 08:26:14,370 [90c9f5c6-6de3-44e3-8d50-8a1447632052@group-52F49EE3CFB6-LeaderElection1] INFO  server.RaftServerConfigKeys (ConfUtils.java:logGet(43)) - raft.server.write.element-limit = 4096 (default)
2019-11-05 08:26:14,373 [90c9f5c6-6de3-44e3-8d50-8a1447632052@group-52F49EE3CFB6-LeaderElection1] INFO  server.RaftServerConfigKeys (ConfUtils.java:logGet(43)) - raft.server.watch.timeout = 10s (default)
2019-11-05 08:26:14,373 [90c9f5c6-6de3-44e3-8d50-8a1447632052@group-52F49EE3CFB6-LeaderElection1] INFO  server.RaftServerConfigKeys (ConfUtils.java:logGet(43)) - raft.server.watch.timeout.denomination = 1s (default)
2019-11-05 08:26:14,374 [90c9f5c6-6de3-44e3-8d50-8a1447632052@group-52F49EE3CFB6-LeaderElection1] INFO  server.RaftServerConfigKeys (ConfUtils.java:logGet(43)) - raft.server.watch.element-limit = 65536 (default)
2019-11-05 08:26:14,375 [pool-37-thread-1] INFO  impl.RaftServerImpl (RaftServerImpl.java:start(195)) - e618d93a-19a9-4b89-96f3-44f318818422@group-9DE9A8A30282: start as a follower, conf=-1: [e618d93a-19a9-4b89-96f3-44f318818422:192.168.164.217:37953], old=null
2019-11-05 08:26:14,375 [pool-37-thread-1] INFO  impl.RaftServerImpl (RaftServerImpl.java:setRole(184)) - e618d93a-19a9-4b89-96f3-44f318818422@group-9DE9A8A30282: changes role from      null to FOLLOWER at term 0 for startAsFollower
2019-11-05 08:26:14,375 [pool-37-thread-1] INFO  impl.RoleInfo (RoleInfo.java:updateAndGet(143)) - e618d93a-19a9-4b89-96f3-44f318818422: start FollowerState
2019-11-05 08:26:14,375 [pool-37-thread-1] INFO  util.JmxRegister (JmxRegister.java:tryRegister(44)) - Successfully registered JMX Bean with object name Ratis:service=RaftServer,group=group-9DE9A8A30282,id=e618d93a-19a9-4b89-96f3-44f318818422
2019-11-05 08:26:14,421 [RatisPipelineUtilsThread] INFO  pipeline.PipelineStateManager (PipelineStateManager.java:addPipeline(56)) - Created pipeline Pipeline[ Id: 4fe2ea24-807c-48f4-bd79-9de9a8a30282, Nodes: e618d93a-19a9-4b89-96f3-44f318818422{ip: 192.168.164.217, host: pr-hdds-1643-8bmlk-2934350033, networkLocation: /default-rack, certSerialId: null}, Type:RATIS, Factor:ONE, State:OPEN]
2019-11-05 08:26:14,427 [90c9f5c6-6de3-44e3-8d50-8a1447632052@group-52F49EE3CFB6-LeaderElection1] INFO  impl.RoleInfo (RoleInfo.java:updateAndGet(143)) - 90c9f5c6-6de3-44e3-8d50-8a1447632052: start LeaderState
2019-11-05 08:26:14,439 [grpc-default-executor-0] INFO  impl.RaftServerProxy (RaftServerProxy.java:addNew(89)) - 6ab6cfca-dbae-4fc7-a842-1fd8eedeb1ff: addNew group-D5E7C4F9B5F6:[6ab6cfca-dbae-4fc7-a842-1fd8eedeb1ff:192.168.164.217:40408] returns group-D5E7C4F9B5F6:java.util.concurrent.CompletableFuture@79fd86c4[Not completed]
2019-11-05 08:26:14,441 [pool-47-thread-1] INFO  impl.RaftServerImpl (RaftServerImpl.java:<init>(104)) - 6ab6cfca-dbae-4fc7-a842-1fd8eedeb1ff: new RaftServerImpl for group-D5E7C4F9B5F6:[6ab6cfca-dbae-4fc7-a842-1fd8eedeb1ff:192.168.164.217:40408] with ContainerStateMachine:uninitialized
2019-11-05 08:26:14,441 [pool-47-thread-1] INFO  server.RaftServerConfigKeys (ConfUtils.java:logGet(43)) - raft.server.rpc.timeout.min = 5s (custom)
2019-11-05 08:26:14,442 [pool-47-thread-1] INFO  server.RaftServerConfigKeys (ConfUtils.java:logGet(43)) - raft.server.rpc.timeout.max = 5200ms (custom)
2019-11-05 08:26:14,442 [pool-47-thread-1] INFO  server.RaftServerConfigKeys (ConfUtils.java:logGet(43)) - raft.server.rpcslowness.timeout = 1000s (custom)
2019-11-05 08:26:14,442 [pool-47-thread-1] INFO  server.RaftServerConfigKeys (ConfUtils.java:logGet(43)) - raft.server.sleep.deviation.threshold = 300 (default)
2019-11-05 08:26:14,442 [pool-47-thread-1] INFO  server.RaftServerConfigKeys (ConfUtils.java:logGet(43)) - raft.server.log.appender.install.snapshot.enabled = false (custom)
2019-11-05 08:26:14,442 [pool-47-thread-1] INFO  impl.RaftServerImpl (ServerState.java:<init>(103)) - 6ab6cfca-dbae-4fc7-a842-1fd8eedeb1ff@group-D5E7C4F9B5F6: ConfigurationManager, init=-1: [6ab6cfca-dbae-4fc7-a842-1fd8eedeb1ff:192.168.164.217:40408], old=null, confs=<EMPTY_MAP>
2019-11-05 08:26:14,442 [pool-47-thread-1] INFO  server.RaftServerConfigKeys (ConfUtils.java:logGet(43)) - raft.server.storage.dir = [/workdir/hadoop-ozone/integration-test/target/test-dir/MiniOzoneClusterImpl-02b65e86-f8bb-4f05-a146-5b32a27149c8/datanode-2/data/ratis] (custom)
2019-11-05 08:26:14,443 [pool-47-thread-1] INFO  server.RaftServerConfigKeys (ConfUtils.java:logGet(43)) - raft.server.log.corruption.policy = EXCEPTION (default)
2019-11-05 08:26:14,443 [pool-47-thread-1] INFO  storage.RaftStorageDirectory (RaftStorageDirectory.java:analyzeStorage(246)) - The storage directory /workdir/hadoop-ozone/integration-test/target/test-dir/MiniOzoneClusterImpl-02b65e86-f8bb-4f05-a146-5b32a27149c8/datanode-2/data/ratis/edd6f7dc-d9fa-480e-b801-d5e7c4f9b5f6 does not exist. Creating ...
2019-11-05 08:26:14,451 [90c9f5c6-6de3-44e3-8d50-8a1447632052@group-52F49EE3CFB6-LeaderElection1] INFO  segmented.SegmentedRaftLogWorker (SegmentedRaftLogWorker.java:startLogSegment(385)) - 90c9f5c6-6de3-44e3-8d50-8a1447632052@group-52F49EE3CFB6-SegmentedRaftLogWorker: Starting segment from index:0
2019-11-05 08:26:14,459 [90c9f5c6-6de3-44e3-8d50-8a1447632052@group-52F49EE3CFB6-LeaderElection1] INFO  impl.RaftServerImpl (ServerState.java:setRaftConf(357)) - 90c9f5c6-6de3-44e3-8d50-8a1447632052@group-52F49EE3CFB6: set configuration 0: [90c9f5c6-6de3-44e3-8d50-8a1447632052:192.168.164.217:36159], old=null at 0
2019-11-05 08:26:14,464 [pool-47-thread-1] INFO  storage.RaftStorageDirectory (RaftStorageDirectory.java:tryLock(328)) - Lock on /workdir/hadoop-ozone/integration-test/target/test-dir/MiniOzoneClusterImpl-02b65e86-f8bb-4f05-a146-5b32a27149c8/datanode-2/data/ratis/edd6f7dc-d9fa-480e-b801-d5e7c4f9b5f6/in_use.lock acquired by nodename 2662@pr-hdds-1643-8bmlk-2934350033
2019-11-05 08:26:14,477 [pool-47-thread-1] INFO  storage.RaftStorage (RaftStorage.java:format(84)) - Storage directory /workdir/hadoop-ozone/integration-test/target/test-dir/MiniOzoneClusterImpl-02b65e86-f8bb-4f05-a146-5b32a27149c8/datanode-2/data/ratis/edd6f7dc-d9fa-480e-b801-d5e7c4f9b5f6 has been successfully formatted.
2019-11-05 08:26:14,477 [pool-47-thread-1] INFO  ratis.ContainerStateMachine (ContainerStateMachine.java:loadSnapshot(231)) - group-D5E7C4F9B5F6: The snapshot info is null. Setting the last applied indexto:(t:0, i:~)
2019-11-05 08:26:14,478 [pool-47-thread-1] INFO  server.RaftServerConfigKeys (ConfUtils.java:logGet(43)) - raft.server.notification.no-leader.timeout = 1000s (custom)
2019-11-05 08:26:14,478 [pool-47-thread-1] INFO  server.RaftServerConfigKeys (ConfUtils.java:logGet(43)) - raft.server.log.use.memory = false (default)
2019-11-05 08:26:14,478 [pool-47-thread-1] INFO  server.RaftServerConfigKeys (ConfUtils.java:logGet(43)) - raft.server.log.purge.gap = 1000000 (custom)
2019-11-05 08:26:14,478 [pool-47-thread-1] INFO  server.RaftServerConfigKeys (ConfUtils.java:logGet(43)) - raft.server.log.appender.buffer.byte-limit = 33554432 (custom)
2019-11-05 08:26:14,478 [pool-47-thread-1] INFO  server.RaftServerConfigKeys (ConfUtils.java:logGet(43)) - raft.server.log.segment.size.max = 1048576 (custom)
2019-11-05 08:26:14,482 [pool-47-thread-1] INFO  server.RaftServerConfigKeys (ConfUtils.java:logGet(43)) - raft.server.log.segment.cache.num.max = 2 (custom)
2019-11-05 08:26:14,482 [pool-47-thread-1] INFO  segmented.SegmentedRaftLogWorker (SegmentedRaftLogWorker.java:<init>(173)) - new 6ab6cfca-dbae-4fc7-a842-1fd8eedeb1ff@group-D5E7C4F9B5F6-SegmentedRaftLogWorker for RaftStorage:Storage Directory /workdir/hadoop-ozone/integration-test/target/test-dir/MiniOzoneClusterImpl-02b65e86-f8bb-4f05-a146-5b32a27149c8/datanode-2/data/ratis/edd6f7dc-d9fa-480e-b801-d5e7c4f9b5f6
2019-11-05 08:26:14,482 [pool-47-thread-1] INFO  server.RaftServerConfigKeys (ConfUtils.java:logGet(43)) - raft.server.log.queue.byte-limit = 2147483647 (custom)
2019-11-05 08:26:14,482 [pool-47-thread-1] INFO  server.RaftServerConfigKeys (ConfUtils.java:logGet(43)) - raft.server.log.queue.element-limit = 1024 (custom)
2019-11-05 08:26:14,482 [pool-47-thread-1] INFO  server.RaftServerConfigKeys (ConfUtils.java:logGet(43)) - raft.server.log.segment.size.max = 1048576 (custom)
2019-11-05 08:26:14,482 [pool-47-thread-1] INFO  server.RaftServerConfigKeys (ConfUtils.java:logGet(43)) - raft.server.log.preallocated.size = 16384 (custom)
2019-11-05 08:26:14,482 [pool-47-thread-1] INFO  server.RaftServerConfigKeys (ConfUtils.java:logGet(43)) - raft.server.log.write.buffer.size = 33554432 (custom)
2019-11-05 08:26:14,483 [pool-47-thread-1] INFO  server.RaftServerConfigKeys (ConfUtils.java:logGet(43)) - raft.server.log.force.sync.num = 128 (default)
2019-11-05 08:26:14,483 [pool-47-thread-1] INFO  server.RaftServerConfigKeys (ConfUtils.java:logGet(43)) - raft.server.log.statemachine.data.sync = true (default)
2019-11-05 08:26:14,483 [pool-47-thread-1] INFO  server.RaftServerConfigKeys (ConfUtils.java:logGet(43)) - raft.server.log.statemachine.data.sync.timeout = 10s (default)
2019-11-05 08:26:14,483 [pool-47-thread-1] INFO  server.RaftServerConfigKeys (ConfUtils.java:logGet(43)) - raft.server.log.statemachine.data.sync.timeout.retry = -1 (default)
2019-11-05 08:26:14,484 [pool-47-thread-1] INFO  server.RaftServerConfigKeys (ConfUtils.java:logGet(43)) - raft.server.log.statemachine.data.caching.enabled = true (custom)
2019-11-05 08:26:14,484 [pool-47-thread-1] INFO  segmented.SegmentedRaftLogWorker (SegmentedRaftLogWorker.java:lambda$new$0(128)) - 6ab6cfca-dbae-4fc7-a842-1fd8eedeb1ff@group-D5E7C4F9B5F6-SegmentedRaftLogWorker: flushIndex: setUnconditionally 0 -> -1
2019-11-05 08:26:14,484 [pool-47-thread-1] INFO  server.RaftServerConfigKeys (ConfUtils.java:logGet(43)) - raft.server.snapshot.auto.trigger.enabled = true (custom)
2019-11-05 08:26:14,484 [pool-47-thread-1] INFO  server.RaftServerConfigKeys (ConfUtils.java:logGet(43)) - raft.server.snapshot.auto.trigger.threshold = 10000 (custom)
2019-11-05 08:26:14,485 [pool-47-thread-1] INFO  server.RaftServerConfigKeys (ConfUtils.java:logGet(43)) - raft.server.snapshot.retention.file.num = 5 (custom)
2019-11-05 08:26:14,485 [pool-47-thread-1] INFO  server.RaftServerConfigKeys (ConfUtils.java:logGet(43)) - raft.server.retrycache.expirytime = 600000ms (custom)
2019-11-05 08:26:14,489 [pool-47-thread-1] INFO  impl.RaftServerImpl (RaftServerImpl.java:start(195)) - 6ab6cfca-dbae-4fc7-a842-1fd8eedeb1ff@group-D5E7C4F9B5F6: start as a follower, conf=-1: [6ab6cfca-dbae-4fc7-a842-1fd8eedeb1ff:192.168.164.217:40408], old=null
2019-11-05 08:26:14,489 [pool-47-thread-1] INFO  impl.RaftServerImpl (RaftServerImpl.java:setRole(184)) - 6ab6cfca-dbae-4fc7-a842-1fd8eedeb1ff@group-D5E7C4F9B5F6: changes role from      null to FOLLOWER at term 0 for startAsFollower
2019-11-05 08:26:14,490 [pool-47-thread-1] INFO  impl.RoleInfo (RoleInfo.java:updateAndGet(143)) - 6ab6cfca-dbae-4fc7-a842-1fd8eedeb1ff: start FollowerState
2019-11-05 08:26:14,490 [pool-47-thread-1] INFO  util.JmxRegister (JmxRegister.java:tryRegister(44)) - Successfully registered JMX Bean with object name Ratis:service=RaftServer,group=group-D5E7C4F9B5F6,id=6ab6cfca-dbae-4fc7-a842-1fd8eedeb1ff
2019-11-05 08:26:14,495 [Thread-191] INFO  impl.FollowerState (FollowerState.java:run(108)) - e618d93a-19a9-4b89-96f3-44f318818422@group-9DE9A8A30282-FollowerState: change to CANDIDATE, lastRpcTime:120ms, electionTimeout:120ms
2019-11-05 08:26:14,496 [Thread-191] INFO  impl.RoleInfo (RoleInfo.java:shutdownFollowerState(121)) - e618d93a-19a9-4b89-96f3-44f318818422: shutdown FollowerState
2019-11-05 08:26:14,496 [Thread-191] INFO  impl.RaftServerImpl (RaftServerImpl.java:setRole(184)) - e618d93a-19a9-4b89-96f3-44f318818422@group-9DE9A8A30282: changes role from  FOLLOWER to CANDIDATE at term 0 for changeToCandidate
2019-11-05 08:26:14,497 [Thread-191] INFO  impl.RoleInfo (RoleInfo.java:updateAndGet(143)) - e618d93a-19a9-4b89-96f3-44f318818422: start LeaderElection
2019-11-05 08:26:14,504 [RatisPipelineUtilsThread] INFO  pipeline.PipelineStateManager (PipelineStateManager.java:addPipeline(56)) - Created pipeline Pipeline[ Id: edd6f7dc-d9fa-480e-b801-d5e7c4f9b5f6, Nodes: 6ab6cfca-dbae-4fc7-a842-1fd8eedeb1ff{ip: 192.168.164.217, host: pr-hdds-1643-8bmlk-2934350033, networkLocation: /default-rack, certSerialId: null}, Type:RATIS, Factor:ONE, State:OPEN]
2019-11-05 08:26:14,505 [Thread-194] INFO  impl.FollowerState (FollowerState.java:run(108)) - 6ab6cfca-dbae-4fc7-a842-1fd8eedeb1ff@group-D5E7C4F9B5F6-FollowerState: change to CANDIDATE, lastRpcTime:15ms, electionTimeout:15ms
2019-11-05 08:26:14,505 [Thread-194] INFO  impl.RoleInfo (RoleInfo.java:shutdownFollowerState(121)) - 6ab6cfca-dbae-4fc7-a842-1fd8eedeb1ff: shutdown FollowerState
2019-11-05 08:26:14,505 [Thread-194] INFO  impl.RaftServerImpl (RaftServerImpl.java:setRole(184)) - 6ab6cfca-dbae-4fc7-a842-1fd8eedeb1ff@group-D5E7C4F9B5F6: changes role from  FOLLOWER to CANDIDATE at term 0 for changeToCandidate
2019-11-05 08:26:14,505 [Thread-194] INFO  impl.RoleInfo (RoleInfo.java:updateAndGet(143)) - 6ab6cfca-dbae-4fc7-a842-1fd8eedeb1ff: start LeaderElection
2019-11-05 08:26:14,516 [6ab6cfca-dbae-4fc7-a842-1fd8eedeb1ff@group-D5E7C4F9B5F6-LeaderElection3] INFO  impl.LeaderElection (LeaderElection.java:askForVotes(178)) - 6ab6cfca-dbae-4fc7-a842-1fd8eedeb1ff@group-D5E7C4F9B5F6-LeaderElection3: begin an election at term 1 for -1: [6ab6cfca-dbae-4fc7-a842-1fd8eedeb1ff:192.168.164.217:40408], old=null
2019-11-05 08:26:14,516 [e618d93a-19a9-4b89-96f3-44f318818422@group-9DE9A8A30282-LeaderElection2] INFO  impl.LeaderElection (LeaderElection.java:askForVotes(178)) - e618d93a-19a9-4b89-96f3-44f318818422@group-9DE9A8A30282-LeaderElection2: begin an election at term 1 for -1: [e618d93a-19a9-4b89-96f3-44f318818422:192.168.164.217:37953], old=null
2019-11-05 08:26:14,518 [6ab6cfca-dbae-4fc7-a842-1fd8eedeb1ff@group-D5E7C4F9B5F6-LeaderElection3] INFO  impl.RoleInfo (RoleInfo.java:shutdownLeaderElection(134)) - 6ab6cfca-dbae-4fc7-a842-1fd8eedeb1ff: shutdown LeaderElection
2019-11-05 08:26:14,520 [e618d93a-19a9-4b89-96f3-44f318818422@group-9DE9A8A30282-LeaderElection2] INFO  impl.RoleInfo (RoleInfo.java:shutdownLeaderElection(134)) - e618d93a-19a9-4b89-96f3-44f318818422: shutdown LeaderElection
2019-11-05 08:26:14,520 [6ab6cfca-dbae-4fc7-a842-1fd8eedeb1ff@group-D5E7C4F9B5F6-LeaderElection3] INFO  impl.RaftServerImpl (RaftServerImpl.java:setRole(184)) - 6ab6cfca-dbae-4fc7-a842-1fd8eedeb1ff@group-D5E7C4F9B5F6: changes role from CANDIDATE to LEADER at term 1 for changeToLeader
2019-11-05 08:26:14,521 [e618d93a-19a9-4b89-96f3-44f318818422@group-9DE9A8A30282-LeaderElection2] INFO  impl.RaftServerImpl (RaftServerImpl.java:setRole(184)) - e618d93a-19a9-4b89-96f3-44f318818422@group-9DE9A8A30282: changes role from CANDIDATE to LEADER at term 1 for changeToLeader
2019-11-05 08:26:14,521 [6ab6cfca-dbae-4fc7-a842-1fd8eedeb1ff@group-D5E7C4F9B5F6-LeaderElection3] INFO  impl.RaftServerImpl (ServerState.java:setLeader(256)) - 6ab6cfca-dbae-4fc7-a842-1fd8eedeb1ff@group-D5E7C4F9B5F6: change Leader from null to 6ab6cfca-dbae-4fc7-a842-1fd8eedeb1ff at term 1 for becomeLeader, leader elected after 43ms
2019-11-05 08:26:14,522 [e618d93a-19a9-4b89-96f3-44f318818422@group-9DE9A8A30282-LeaderElection2] INFO  impl.RaftServerImpl (ServerState.java:setLeader(256)) - e618d93a-19a9-4b89-96f3-44f318818422@group-9DE9A8A30282: change Leader from null to e618d93a-19a9-4b89-96f3-44f318818422 at term 1 for becomeLeader, leader elected after 164ms
2019-11-05 08:26:14,522 [6ab6cfca-dbae-4fc7-a842-1fd8eedeb1ff@group-D5E7C4F9B5F6-LeaderElection3] INFO  server.RaftServerConfigKeys (ConfUtils.java:logGet(43)) - raft.server.staging.catchup.gap = 1000 (default)
2019-11-05 08:26:14,523 [e618d93a-19a9-4b89-96f3-44f318818422@group-9DE9A8A30282-LeaderElection2] INFO  server.RaftServerConfigKeys (ConfUtils.java:logGet(43)) - raft.server.staging.catchup.gap = 1000 (default)
2019-11-05 08:26:14,523 [6ab6cfca-dbae-4fc7-a842-1fd8eedeb1ff@group-D5E7C4F9B5F6-LeaderElection3] INFO  server.RaftServerConfigKeys (ConfUtils.java:logGet(43)) - raft.server.rpc.sleep.time = 25ms (default)
2019-11-05 08:26:14,523 [e618d93a-19a9-4b89-96f3-44f318818422@group-9DE9A8A30282-LeaderElection2] INFO  server.RaftServerConfigKeys (ConfUtils.java:logGet(43)) - raft.server.rpc.sleep.time = 25ms (default)
2019-11-05 08:26:14,524 [6ab6cfca-dbae-4fc7-a842-1fd8eedeb1ff@group-D5E7C4F9B5F6-LeaderElection3] INFO  server.RaftServerConfigKeys (ConfUtils.java:logGet(43)) - raft.server.write.element-limit = 4096 (default)
2019-11-05 08:26:14,524 [e618d93a-19a9-4b89-96f3-44f318818422@group-9DE9A8A30282-LeaderElection2] INFO  server.RaftServerConfigKeys (ConfUtils.java:logGet(43)) - raft.server.write.element-limit = 4096 (default)
2019-11-05 08:26:14,525 [6ab6cfca-dbae-4fc7-a842-1fd8eedeb1ff@group-D5E7C4F9B5F6-LeaderElection3] INFO  server.RaftServerConfigKeys (ConfUtils.java:logGet(43)) - raft.server.watch.timeout = 10s (default)
2019-11-05 08:26:14,525 [e618d93a-19a9-4b89-96f3-44f318818422@group-9DE9A8A30282-LeaderElection2] INFO  server.RaftServerConfigKeys (ConfUtils.java:logGet(43)) - raft.server.watch.timeout = 10s (default)
2019-11-05 08:26:14,525 [6ab6cfca-dbae-4fc7-a842-1fd8eedeb1ff@group-D5E7C4F9B5F6-LeaderElection3] INFO  server.RaftServerConfigKeys (ConfUtils.java:logGet(43)) - raft.server.watch.timeout.denomination = 1s (default)
2019-11-05 08:26:14,526 [e618d93a-19a9-4b89-96f3-44f318818422@group-9DE9A8A30282-LeaderElection2] INFO  server.RaftServerConfigKeys (ConfUtils.java:logGet(43)) - raft.server.watch.timeout.denomination = 1s (default)
2019-11-05 08:26:14,527 [6ab6cfca-dbae-4fc7-a842-1fd8eedeb1ff@group-D5E7C4F9B5F6-LeaderElection3] INFO  server.RaftServerConfigKeys (ConfUtils.java:logGet(43)) - raft.server.watch.element-limit = 65536 (default)
2019-11-05 08:26:14,527 [e618d93a-19a9-4b89-96f3-44f318818422@group-9DE9A8A30282-LeaderElection2] INFO  server.RaftServerConfigKeys (ConfUtils.java:logGet(43)) - raft.server.watch.element-limit = 65536 (default)
2019-11-05 08:26:14,532 [grpc-default-executor-1] INFO  impl.RaftServerProxy (RaftServerProxy.java:addNew(89)) - e618d93a-19a9-4b89-96f3-44f318818422: addNew group-07DD719309DE:[6ab6cfca-dbae-4fc7-a842-1fd8eedeb1ff:192.168.164.217:40408, e618d93a-19a9-4b89-96f3-44f318818422:192.168.164.217:37953, 90c9f5c6-6de3-44e3-8d50-8a1447632052:192.168.164.217:36159] returns group-07DD719309DE:java.util.concurrent.CompletableFuture@20731900[Not completed]
2019-11-05 08:26:14,533 [grpc-default-executor-2] INFO  impl.RaftServerProxy (RaftServerProxy.java:addNew(89)) - 6ab6cfca-dbae-4fc7-a842-1fd8eedeb1ff: addNew group-07DD719309DE:[6ab6cfca-dbae-4fc7-a842-1fd8eedeb1ff:192.168.164.217:40408, e618d93a-19a9-4b89-96f3-44f318818422:192.168.164.217:37953, 90c9f5c6-6de3-44e3-8d50-8a1447632052:192.168.164.217:36159] returns group-07DD719309DE:java.util.concurrent.CompletableFuture@ec35990[Not completed]
2019-11-05 08:26:14,533 [grpc-default-executor-1] INFO  impl.RaftServerProxy (RaftServerProxy.java:addNew(89)) - 90c9f5c6-6de3-44e3-8d50-8a1447632052: addNew group-07DD719309DE:[6ab6cfca-dbae-4fc7-a842-1fd8eedeb1ff:192.168.164.217:40408, e618d93a-19a9-4b89-96f3-44f318818422:192.168.164.217:37953, 90c9f5c6-6de3-44e3-8d50-8a1447632052:192.168.164.217:36159] returns group-07DD719309DE:java.util.concurrent.CompletableFuture@6571836a[Not completed]
2019-11-05 08:26:14,534 [pool-37-thread-1] INFO  impl.RaftServerImpl (RaftServerImpl.java:<init>(104)) - e618d93a-19a9-4b89-96f3-44f318818422: new RaftServerImpl for group-07DD719309DE:[6ab6cfca-dbae-4fc7-a842-1fd8eedeb1ff:192.168.164.217:40408, e618d93a-19a9-4b89-96f3-44f318818422:192.168.164.217:37953, 90c9f5c6-6de3-44e3-8d50-8a1447632052:192.168.164.217:36159] with ContainerStateMachine:uninitialized
2019-11-05 08:26:14,534 [pool-37-thread-1] INFO  server.RaftServerConfigKeys (ConfUtils.java:logGet(43)) - raft.server.rpc.timeout.min = 5s (custom)
2019-11-05 08:26:14,535 [pool-37-thread-1] INFO  server.RaftServerConfigKeys (ConfUtils.java:logGet(43)) - raft.server.rpc.timeout.max = 5200ms (custom)
2019-11-05 08:26:14,535 [pool-37-thread-1] INFO  server.RaftServerConfigKeys (ConfUtils.java:logGet(43)) - raft.server.rpcslowness.timeout = 1000s (custom)
2019-11-05 08:26:14,535 [pool-37-thread-1] INFO  server.RaftServerConfigKeys (ConfUtils.java:logGet(43)) - raft.server.sleep.deviation.threshold = 300 (default)
2019-11-05 08:26:14,535 [pool-37-thread-1] INFO  server.RaftServerConfigKeys (ConfUtils.java:logGet(43)) - raft.server.log.appender.install.snapshot.enabled = false (custom)
2019-11-05 08:26:14,535 [pool-27-thread-1] INFO  impl.RaftServerImpl (RaftServerImpl.java:<init>(104)) - 90c9f5c6-6de3-44e3-8d50-8a1447632052: new RaftServerImpl for group-07DD719309DE:[6ab6cfca-dbae-4fc7-a842-1fd8eedeb1ff:192.168.164.217:40408, e618d93a-19a9-4b89-96f3-44f318818422:192.168.164.217:37953, 90c9f5c6-6de3-44e3-8d50-8a1447632052:192.168.164.217:36159] with ContainerStateMachine:uninitialized
2019-11-05 08:26:14,535 [pool-37-thread-1] INFO  impl.RaftServerImpl (ServerState.java:<init>(103)) - e618d93a-19a9-4b89-96f3-44f318818422@group-07DD719309DE: ConfigurationManager, init=-1: [6ab6cfca-dbae-4fc7-a842-1fd8eedeb1ff:192.168.164.217:40408, e618d93a-19a9-4b89-96f3-44f318818422:192.168.164.217:37953, 90c9f5c6-6de3-44e3-8d50-8a1447632052:192.168.164.217:36159], old=null, confs=<EMPTY_MAP>
2019-11-05 08:26:14,535 [pool-27-thread-1] INFO  server.RaftServerConfigKeys (ConfUtils.java:logGet(43)) - raft.server.rpc.timeout.min = 5s (custom)
2019-11-05 08:26:14,535 [pool-37-thread-1] INFO  server.RaftServerConfigKeys (ConfUtils.java:logGet(43)) - raft.server.storage.dir = [/workdir/hadoop-ozone/integration-test/target/test-dir/MiniOzoneClusterImpl-02b65e86-f8bb-4f05-a146-5b32a27149c8/datanode-1/data/ratis] (custom)
2019-11-05 08:26:14,535 [6ab6cfca-dbae-4fc7-a842-1fd8eedeb1ff@group-D5E7C4F9B5F6-LeaderElection3] INFO  impl.RoleInfo (RoleInfo.java:updateAndGet(143)) - 6ab6cfca-dbae-4fc7-a842-1fd8eedeb1ff: start LeaderState
2019-11-05 08:26:14,535 [pool-27-thread-1] INFO  server.RaftServerConfigKeys (ConfUtils.java:logGet(43)) - raft.server.rpc.timeout.max = 5200ms (custom)
2019-11-05 08:26:14,536 [pool-37-thread-1] INFO  server.RaftServerConfigKeys (ConfUtils.java:logGet(43)) - raft.server.log.corruption.policy = EXCEPTION (default)
2019-11-05 08:26:14,536 [pool-47-thread-1] INFO  impl.RaftServerImpl (RaftServerImpl.java:<init>(104)) - 6ab6cfca-dbae-4fc7-a842-1fd8eedeb1ff: new RaftServerImpl for group-07DD719309DE:[6ab6cfca-dbae-4fc7-a842-1fd8eedeb1ff:192.168.164.217:40408, e618d93a-19a9-4b89-96f3-44f318818422:192.168.164.217:37953, 90c9f5c6-6de3-44e3-8d50-8a1447632052:192.168.164.217:36159] with ContainerStateMachine:uninitialized
2019-11-05 08:26:14,536 [pool-27-thread-1] INFO  server.RaftServerConfigKeys (ConfUtils.java:logGet(43)) - raft.server.rpcslowness.timeout = 1000s (custom)
2019-11-05 08:26:14,536 [e618d93a-19a9-4b89-96f3-44f318818422@group-9DE9A8A30282-LeaderElection2] INFO  impl.RoleInfo (RoleInfo.java:updateAndGet(143)) - e618d93a-19a9-4b89-96f3-44f318818422: start LeaderState
2019-11-05 08:26:14,536 [pool-27-thread-1] INFO  server.RaftServerConfigKeys (ConfUtils.java:logGet(43)) - raft.server.sleep.deviation.threshold = 300 (default)
2019-11-05 08:26:14,536 [pool-47-thread-1] INFO  server.RaftServerConfigKeys (ConfUtils.java:logGet(43)) - raft.server.rpc.timeout.min = 5s (custom)
2019-11-05 08:26:14,537 [e618d93a-19a9-4b89-96f3-44f318818422@group-9DE9A8A30282-LeaderElection2] INFO  segmented.SegmentedRaftLogWorker (SegmentedRaftLogWorker.java:startLogSegment(385)) - e618d93a-19a9-4b89-96f3-44f318818422@group-9DE9A8A30282-SegmentedRaftLogWorker: Starting segment from index:0
2019-11-05 08:26:14,536 [pool-37-thread-1] INFO  storage.RaftStorageDirectory (RaftStorageDirectory.java:analyzeStorage(246)) - The storage directory /workdir/hadoop-ozone/integration-test/target/test-dir/MiniOzoneClusterImpl-02b65e86-f8bb-4f05-a146-5b32a27149c8/datanode-1/data/ratis/91d82eec-d61e-45ed-83e6-07dd719309de does not exist. Creating ...
2019-11-05 08:26:14,536 [6ab6cfca-dbae-4fc7-a842-1fd8eedeb1ff@group-D5E7C4F9B5F6-LeaderElection3] INFO  segmented.SegmentedRaftLogWorker (SegmentedRaftLogWorker.java:startLogSegment(385)) - 6ab6cfca-dbae-4fc7-a842-1fd8eedeb1ff@group-D5E7C4F9B5F6-SegmentedRaftLogWorker: Starting segment from index:0
2019-11-05 08:26:14,537 [pool-47-thread-1] INFO  server.RaftServerConfigKeys (ConfUtils.java:logGet(43)) - raft.server.rpc.timeout.max = 5200ms (custom)
2019-11-05 08:26:14,537 [pool-27-thread-1] INFO  server.RaftServerConfigKeys (ConfUtils.java:logGet(43)) - raft.server.log.appender.install.snapshot.enabled = false (custom)
2019-11-05 08:26:14,537 [pool-47-thread-1] INFO  server.RaftServerConfigKeys (ConfUtils.java:logGet(43)) - raft.server.rpcslowness.timeout = 1000s (custom)
2019-11-05 08:26:14,538 [pool-27-thread-1] INFO  impl.RaftServerImpl (ServerState.java:<init>(103)) - 90c9f5c6-6de3-44e3-8d50-8a1447632052@group-07DD719309DE: ConfigurationManager, init=-1: [6ab6cfca-dbae-4fc7-a842-1fd8eedeb1ff:192.168.164.217:40408, e618d93a-19a9-4b89-96f3-44f318818422:192.168.164.217:37953, 90c9f5c6-6de3-44e3-8d50-8a1447632052:192.168.164.217:36159], old=null, confs=<EMPTY_MAP>
2019-11-05 08:26:14,538 [e618d93a-19a9-4b89-96f3-44f318818422@group-9DE9A8A30282-LeaderElection2] INFO  impl.RaftServerImpl (ServerState.java:setRaftConf(357)) - e618d93a-19a9-4b89-96f3-44f318818422@group-9DE9A8A30282: set configuration 0: [e618d93a-19a9-4b89-96f3-44f318818422:192.168.164.217:37953], old=null at 0
2019-11-05 08:26:14,538 [6ab6cfca-dbae-4fc7-a842-1fd8eedeb1ff@group-D5E7C4F9B5F6-LeaderElection3] INFO  impl.RaftServerImpl (ServerState.java:setRaftConf(357)) - 6ab6cfca-dbae-4fc7-a842-1fd8eedeb1ff@group-D5E7C4F9B5F6: set configuration 0: [6ab6cfca-dbae-4fc7-a842-1fd8eedeb1ff:192.168.164.217:40408], old=null at 0
2019-11-05 08:26:14,538 [pool-27-thread-1] INFO  server.RaftServerConfigKeys (ConfUtils.java:logGet(43)) - raft.server.storage.dir = [/workdir/hadoop-ozone/integration-test/target/test-dir/MiniOzoneClusterImpl-02b65e86-f8bb-4f05-a146-5b32a27149c8/datanode-0/data/ratis] (custom)
2019-11-05 08:26:14,538 [pool-47-thread-1] INFO  server.RaftServerConfigKeys (ConfUtils.java:logGet(43)) - raft.server.sleep.deviation.threshold = 300 (default)
2019-11-05 08:26:14,539 [pool-27-thread-1] INFO  server.RaftServerConfigKeys (ConfUtils.java:logGet(43)) - raft.server.log.corruption.policy = EXCEPTION (default)
2019-11-05 08:26:14,539 [pool-47-thread-1] INFO  server.RaftServerConfigKeys (ConfUtils.java:logGet(43)) - raft.server.log.appender.install.snapshot.enabled = false (custom)
2019-11-05 08:26:14,540 [pool-27-thread-1] INFO  storage.RaftStorageDirectory (RaftStorageDirectory.java:analyzeStorage(246)) - The storage directory /workdir/hadoop-ozone/integration-test/target/test-dir/MiniOzoneClusterImpl-02b65e86-f8bb-4f05-a146-5b32a27149c8/datanode-0/data/ratis/91d82eec-d61e-45ed-83e6-07dd719309de does not exist. Creating ...
2019-11-05 08:26:14,540 [pool-47-thread-1] INFO  impl.RaftServerImpl (ServerState.java:<init>(103)) - 6ab6cfca-dbae-4fc7-a842-1fd8eedeb1ff@group-07DD719309DE: ConfigurationManager, init=-1: [6ab6cfca-dbae-4fc7-a842-1fd8eedeb1ff:192.168.164.217:40408, e618d93a-19a9-4b89-96f3-44f318818422:192.168.164.217:37953, 90c9f5c6-6de3-44e3-8d50-8a1447632052:192.168.164.217:36159], old=null, confs=<EMPTY_MAP>
2019-11-05 08:26:14,540 [pool-47-thread-1] INFO  server.RaftServerConfigKeys (ConfUtils.java:logGet(43)) - raft.server.storage.dir = [/workdir/hadoop-ozone/integration-test/target/test-dir/MiniOzoneClusterImpl-02b65e86-f8bb-4f05-a146-5b32a27149c8/datanode-2/data/ratis] (custom)
2019-11-05 08:26:14,540 [pool-47-thread-1] INFO  server.RaftServerConfigKeys (ConfUtils.java:logGet(43)) - raft.server.log.corruption.policy = EXCEPTION (default)
2019-11-05 08:26:14,540 [pool-47-thread-1] INFO  storage.RaftStorageDirectory (RaftStorageDirectory.java:analyzeStorage(246)) - The storage directory /workdir/hadoop-ozone/integration-test/target/test-dir/MiniOzoneClusterImpl-02b65e86-f8bb-4f05-a146-5b32a27149c8/datanode-2/data/ratis/91d82eec-d61e-45ed-83e6-07dd719309de does not exist. Creating ...
2019-11-05 08:26:14,551 [pool-27-thread-1] INFO  storage.RaftStorageDirectory (RaftStorageDirectory.java:tryLock(328)) - Lock on /workdir/hadoop-ozone/integration-test/target/test-dir/MiniOzoneClusterImpl-02b65e86-f8bb-4f05-a146-5b32a27149c8/datanode-0/data/ratis/91d82eec-d61e-45ed-83e6-07dd719309de/in_use.lock acquired by nodename 2662@pr-hdds-1643-8bmlk-2934350033
2019-11-05 08:26:14,551 [pool-47-thread-1] INFO  storage.RaftStorageDirectory (RaftStorageDirectory.java:tryLock(328)) - Lock on /workdir/hadoop-ozone/integration-test/target/test-dir/MiniOzoneClusterImpl-02b65e86-f8bb-4f05-a146-5b32a27149c8/datanode-2/data/ratis/91d82eec-d61e-45ed-83e6-07dd719309de/in_use.lock acquired by nodename 2662@pr-hdds-1643-8bmlk-2934350033
2019-11-05 08:26:14,551 [pool-37-thread-1] INFO  storage.RaftStorageDirectory (RaftStorageDirectory.java:tryLock(328)) - Lock on /workdir/hadoop-ozone/integration-test/target/test-dir/MiniOzoneClusterImpl-02b65e86-f8bb-4f05-a146-5b32a27149c8/datanode-1/data/ratis/91d82eec-d61e-45ed-83e6-07dd719309de/in_use.lock acquired by nodename 2662@pr-hdds-1643-8bmlk-2934350033
2019-11-05 08:26:14,564 [pool-37-thread-1] INFO  storage.RaftStorage (RaftStorage.java:format(84)) - Storage directory /workdir/hadoop-ozone/integration-test/target/test-dir/MiniOzoneClusterImpl-02b65e86-f8bb-4f05-a146-5b32a27149c8/datanode-1/data/ratis/91d82eec-d61e-45ed-83e6-07dd719309de has been successfully formatted.
2019-11-05 08:26:14,564 [pool-47-thread-1] INFO  storage.RaftStorage (RaftStorage.java:format(84)) - Storage directory /workdir/hadoop-ozone/integration-test/target/test-dir/MiniOzoneClusterImpl-02b65e86-f8bb-4f05-a146-5b32a27149c8/datanode-2/data/ratis/91d82eec-d61e-45ed-83e6-07dd719309de has been successfully formatted.
2019-11-05 08:26:14,565 [pool-37-thread-1] INFO  ratis.ContainerStateMachine (ContainerStateMachine.java:loadSnapshot(231)) - group-07DD719309DE: The snapshot info is null. Setting the last applied indexto:(t:0, i:~)
2019-11-05 08:26:14,564 [pool-27-thread-1] INFO  storage.RaftStorage (RaftStorage.java:format(84)) - Storage directory /workdir/hadoop-ozone/integration-test/target/test-dir/MiniOzoneClusterImpl-02b65e86-f8bb-4f05-a146-5b32a27149c8/datanode-0/data/ratis/91d82eec-d61e-45ed-83e6-07dd719309de has been successfully formatted.
2019-11-05 08:26:14,565 [pool-37-thread-1] INFO  server.RaftServerConfigKeys (ConfUtils.java:logGet(43)) - raft.server.notification.no-leader.timeout = 1000s (custom)
2019-11-05 08:26:14,565 [pool-47-thread-1] INFO  ratis.ContainerStateMachine (ContainerStateMachine.java:loadSnapshot(231)) - group-07DD719309DE: The snapshot info is null. Setting the last applied indexto:(t:0, i:~)
2019-11-05 08:26:14,565 [pool-37-thread-1] INFO  server.RaftServerConfigKeys (ConfUtils.java:logGet(43)) - raft.server.log.use.memory = false (default)
2019-11-05 08:26:14,565 [pool-27-thread-1] INFO  ratis.ContainerStateMachine (ContainerStateMachine.java:loadSnapshot(231)) - group-07DD719309DE: The snapshot info is null. Setting the last applied indexto:(t:0, i:~)
2019-11-05 08:26:14,565 [pool-37-thread-1] INFO  server.RaftServerConfigKeys (ConfUtils.java:logGet(43)) - raft.server.log.purge.gap = 1000000 (custom)
2019-11-05 08:26:14,565 [pool-47-thread-1] INFO  server.RaftServerConfigKeys (ConfUtils.java:logGet(43)) - raft.server.notification.no-leader.timeout = 1000s (custom)
2019-11-05 08:26:14,566 [pool-37-thread-1] INFO  server.RaftServerConfigKeys (ConfUtils.java:logGet(43)) - raft.server.log.appender.buffer.byte-limit = 33554432 (custom)
2019-11-05 08:26:14,565 [pool-27-thread-1] INFO  server.RaftServerConfigKeys (ConfUtils.java:logGet(43)) - raft.server.notification.no-leader.timeout = 1000s (custom)
2019-11-05 08:26:14,566 [pool-37-thread-1] INFO  server.RaftServerConfigKeys (ConfUtils.java:logGet(43)) - raft.server.log.segment.size.max = 1048576 (custom)
2019-11-05 08:26:14,566 [pool-47-thread-1] INFO  server.RaftServerConfigKeys (ConfUtils.java:logGet(43)) - raft.server.log.use.memory = false (default)
2019-11-05 08:26:14,566 [pool-37-thread-1] INFO  server.RaftServerConfigKeys (ConfUtils.java:logGet(43)) - raft.server.log.segment.cache.num.max = 2 (custom)
2019-11-05 08:26:14,566 [pool-27-thread-1] INFO  server.RaftServerConfigKeys (ConfUtils.java:logGet(43)) - raft.server.log.use.memory = false (default)
2019-11-05 08:26:14,566 [pool-37-thread-1] INFO  segmented.SegmentedRaftLogWorker (SegmentedRaftLogWorker.java:<init>(173)) - new e618d93a-19a9-4b89-96f3-44f318818422@group-07DD719309DE-SegmentedRaftLogWorker for RaftStorage:Storage Directory /workdir/hadoop-ozone/integration-test/target/test-dir/MiniOzoneClusterImpl-02b65e86-f8bb-4f05-a146-5b32a27149c8/datanode-1/data/ratis/91d82eec-d61e-45ed-83e6-07dd719309de
2019-11-05 08:26:14,566 [pool-47-thread-1] INFO  server.RaftServerConfigKeys (ConfUtils.java:logGet(43)) - raft.server.log.purge.gap = 1000000 (custom)
2019-11-05 08:26:14,566 [pool-37-thread-1] INFO  server.RaftServerConfigKeys (ConfUtils.java:logGet(43)) - raft.server.log.queue.byte-limit = 2147483647 (custom)
2019-11-05 08:26:14,566 [pool-27-thread-1] INFO  server.RaftServerConfigKeys (ConfUtils.java:logGet(43)) - raft.server.log.purge.gap = 1000000 (custom)
2019-11-05 08:26:14,567 [pool-37-thread-1] INFO  server.RaftServerConfigKeys (ConfUtils.java:logGet(43)) - raft.server.log.queue.element-limit = 1024 (custom)
2019-11-05 08:26:14,567 [pool-47-thread-1] INFO  server.RaftServerConfigKeys (ConfUtils.java:logGet(43)) - raft.server.log.appender.buffer.byte-limit = 33554432 (custom)
2019-11-05 08:26:14,567 [pool-37-thread-1] INFO  server.RaftServerConfigKeys (ConfUtils.java:logGet(43)) - raft.server.log.segment.size.max = 1048576 (custom)
2019-11-05 08:26:14,567 [pool-27-thread-1] INFO  server.RaftServerConfigKeys (ConfUtils.java:logGet(43)) - raft.server.log.appender.buffer.byte-limit = 33554432 (custom)
2019-11-05 08:26:14,567 [pool-37-thread-1] INFO  server.RaftServerConfigKeys (ConfUtils.java:logGet(43)) - raft.server.log.preallocated.size = 16384 (custom)
2019-11-05 08:26:14,567 [pool-47-thread-1] INFO  server.RaftServerConfigKeys (ConfUtils.java:logGet(43)) - raft.server.log.segment.size.max = 1048576 (custom)
2019-11-05 08:26:14,567 [pool-37-thread-1] INFO  server.RaftServerConfigKeys (ConfUtils.java:logGet(43)) - raft.server.log.write.buffer.size = 33554432 (custom)
2019-11-05 08:26:14,567 [pool-27-thread-1] INFO  server.RaftServerConfigKeys (ConfUtils.java:logGet(43)) - raft.server.log.segment.size.max = 1048576 (custom)
2019-11-05 08:26:14,568 [pool-37-thread-1] INFO  server.RaftServerConfigKeys (ConfUtils.java:logGet(43)) - raft.server.log.force.sync.num = 128 (default)
2019-11-05 08:26:14,567 [pool-47-thread-1] INFO  server.RaftServerConfigKeys (ConfUtils.java:logGet(43)) - raft.server.log.segment.cache.num.max = 2 (custom)
2019-11-05 08:26:14,568 [pool-37-thread-1] INFO  server.RaftServerConfigKeys (ConfUtils.java:logGet(43)) - raft.server.log.statemachine.data.sync = true (default)
2019-11-05 08:26:14,568 [pool-27-thread-1] INFO  server.RaftServerConfigKeys (ConfUtils.java:logGet(43)) - raft.server.log.segment.cache.num.max = 2 (custom)
2019-11-05 08:26:14,568 [pool-37-thread-1] INFO  server.RaftServerConfigKeys (ConfUtils.java:logGet(43)) - raft.server.log.statemachine.data.sync.timeout = 10s (default)
2019-11-05 08:26:14,568 [pool-47-thread-1] INFO  segmented.SegmentedRaftLogWorker (SegmentedRaftLogWorker.java:<init>(173)) - new 6ab6cfca-dbae-4fc7-a842-1fd8eedeb1ff@group-07DD719309DE-SegmentedRaftLogWorker for RaftStorage:Storage Directory /workdir/hadoop-ozone/integration-test/target/test-dir/MiniOzoneClusterImpl-02b65e86-f8bb-4f05-a146-5b32a27149c8/datanode-2/data/ratis/91d82eec-d61e-45ed-83e6-07dd719309de
2019-11-05 08:26:14,568 [pool-37-thread-1] INFO  server.RaftServerConfigKeys (ConfUtils.java:logGet(43)) - raft.server.log.statemachine.data.sync.timeout.retry = -1 (default)
2019-11-05 08:26:14,568 [pool-27-thread-1] INFO  segmented.SegmentedRaftLogWorker (SegmentedRaftLogWorker.java:<init>(173)) - new 90c9f5c6-6de3-44e3-8d50-8a1447632052@group-07DD719309DE-SegmentedRaftLogWorker for RaftStorage:Storage Directory /workdir/hadoop-ozone/integration-test/target/test-dir/MiniOzoneClusterImpl-02b65e86-f8bb-4f05-a146-5b32a27149c8/datanode-0/data/ratis/91d82eec-d61e-45ed-83e6-07dd719309de
2019-11-05 08:26:14,568 [pool-47-thread-1] INFO  server.RaftServerConfigKeys (ConfUtils.java:logGet(43)) - raft.server.log.queue.byte-limit = 2147483647 (custom)
2019-11-05 08:26:14,569 [pool-37-thread-1] INFO  server.RaftServerConfigKeys (ConfUtils.java:logGet(43)) - raft.server.log.statemachine.data.caching.enabled = true (custom)
2019-11-05 08:26:14,569 [pool-27-thread-1] INFO  server.RaftServerConfigKeys (ConfUtils.java:logGet(43)) - raft.server.log.queue.byte-limit = 2147483647 (custom)
2019-11-05 08:26:14,569 [pool-47-thread-1] INFO  server.RaftServerConfigKeys (ConfUtils.java:logGet(43)) - raft.server.log.queue.element-limit = 1024 (custom)
2019-11-05 08:26:14,569 [pool-37-thread-1] INFO  segmented.SegmentedRaftLogWorker (SegmentedRaftLogWorker.java:lambda$new$0(128)) - e618d93a-19a9-4b89-96f3-44f318818422@group-07DD719309DE-SegmentedRaftLogWorker: flushIndex: setUnconditionally 0 -> -1
2019-11-05 08:26:14,569 [pool-27-thread-1] INFO  server.RaftServerConfigKeys (ConfUtils.java:logGet(43)) - raft.server.log.queue.element-limit = 1024 (custom)
2019-11-05 08:26:14,569 [pool-47-thread-1] INFO  server.RaftServerConfigKeys (ConfUtils.java:logGet(43)) - raft.server.log.segment.size.max = 1048576 (custom)
2019-11-05 08:26:14,569 [pool-27-thread-1] INFO  server.RaftServerConfigKeys (ConfUtils.java:logGet(43)) - raft.server.log.segment.size.max = 1048576 (custom)
2019-11-05 08:26:14,569 [pool-37-thread-1] INFO  server.RaftServerConfigKeys (ConfUtils.java:logGet(43)) - raft.server.snapshot.auto.trigger.enabled = true (custom)
2019-11-05 08:26:14,569 [pool-27-thread-1] INFO  server.RaftServerConfigKeys (ConfUtils.java:logGet(43)) - raft.server.log.preallocated.size = 16384 (custom)
2019-11-05 08:26:14,569 [pool-47-thread-1] INFO  server.RaftServerConfigKeys (ConfUtils.java:logGet(43)) - raft.server.log.preallocated.size = 16384 (custom)
2019-11-05 08:26:14,570 [pool-27-thread-1] INFO  server.RaftServerConfigKeys (ConfUtils.java:logGet(43)) - raft.server.log.write.buffer.size = 33554432 (custom)
2019-11-05 08:26:14,570 [pool-37-thread-1] INFO  server.RaftServerConfigKeys (ConfUtils.java:logGet(43)) - raft.server.snapshot.auto.trigger.threshold = 10000 (custom)
2019-11-05 08:26:14,570 [pool-27-thread-1] INFO  server.RaftServerConfigKeys (ConfUtils.java:logGet(43)) - raft.server.log.force.sync.num = 128 (default)
2019-11-05 08:26:14,570 [pool-47-thread-1] INFO  server.RaftServerConfigKeys (ConfUtils.java:logGet(43)) - raft.server.log.write.buffer.size = 33554432 (custom)
2019-11-05 08:26:14,570 [pool-27-thread-1] INFO  server.RaftServerConfigKeys (ConfUtils.java:logGet(43)) - raft.server.log.statemachine.data.sync = true (default)
2019-11-05 08:26:14,570 [pool-37-thread-1] INFO  server.RaftServerConfigKeys (ConfUtils.java:logGet(43)) - raft.server.snapshot.retention.file.num = 5 (custom)
2019-11-05 08:26:14,570 [pool-27-thread-1] INFO  server.RaftServerConfigKeys (ConfUtils.java:logGet(43)) - raft.server.log.statemachine.data.sync.timeout = 10s (default)
2019-11-05 08:26:14,570 [pool-47-thread-1] INFO  server.RaftServerConfigKeys (ConfUtils.java:logGet(43)) - raft.server.log.force.sync.num = 128 (default)
2019-11-05 08:26:14,571 [pool-27-thread-1] INFO  server.RaftServerConfigKeys (ConfUtils.java:logGet(43)) - raft.server.log.statemachine.data.sync.timeout.retry = -1 (default)
2019-11-05 08:26:14,570 [pool-37-thread-1] INFO  server.RaftServerConfigKeys (ConfUtils.java:logGet(43)) - raft.server.retrycache.expirytime = 600000ms (custom)
2019-11-05 08:26:14,571 [pool-47-thread-1] INFO  server.RaftServerConfigKeys (ConfUtils.java:logGet(43)) - raft.server.log.statemachine.data.sync = true (default)
2019-11-05 08:26:14,571 [pool-27-thread-1] INFO  server.RaftServerConfigKeys (ConfUtils.java:logGet(43)) - raft.server.log.statemachine.data.caching.enabled = true (custom)
2019-11-05 08:26:14,571 [pool-47-thread-1] INFO  server.RaftServerConfigKeys (ConfUtils.java:logGet(43)) - raft.server.log.statemachine.data.sync.timeout = 10s (default)
2019-11-05 08:26:14,571 [pool-47-thread-1] INFO  server.RaftServerConfigKeys (ConfUtils.java:logGet(43)) - raft.server.log.statemachine.data.sync.timeout.retry = -1 (default)
2019-11-05 08:26:14,571 [pool-27-thread-1] INFO  segmented.SegmentedRaftLogWorker (SegmentedRaftLogWorker.java:lambda$new$0(128)) - 90c9f5c6-6de3-44e3-8d50-8a1447632052@group-07DD719309DE-SegmentedRaftLogWorker: flushIndex: setUnconditionally 0 -> -1
2019-11-05 08:26:14,572 [pool-47-thread-1] INFO  server.RaftServerConfigKeys (ConfUtils.java:logGet(43)) - raft.server.log.statemachine.data.caching.enabled = true (custom)
2019-11-05 08:26:14,572 [pool-27-thread-1] INFO  server.RaftServerConfigKeys (ConfUtils.java:logGet(43)) - raft.server.snapshot.auto.trigger.enabled = true (custom)
2019-11-05 08:26:14,572 [pool-27-thread-1] INFO  server.RaftServerConfigKeys (ConfUtils.java:logGet(43)) - raft.server.snapshot.auto.trigger.threshold = 10000 (custom)
2019-11-05 08:26:14,572 [pool-47-thread-1] INFO  segmented.SegmentedRaftLogWorker (SegmentedRaftLogWorker.java:lambda$new$0(128)) - 6ab6cfca-dbae-4fc7-a842-1fd8eedeb1ff@group-07DD719309DE-SegmentedRaftLogWorker: flushIndex: setUnconditionally 0 -> -1
2019-11-05 08:26:14,572 [pool-27-thread-1] INFO  server.RaftServerConfigKeys (ConfUtils.java:logGet(43)) - raft.server.snapshot.retention.file.num = 5 (custom)
2019-11-05 08:26:14,572 [pool-47-thread-1] INFO  server.RaftServerConfigKeys (ConfUtils.java:logGet(43)) - raft.server.snapshot.auto.trigger.enabled = true (custom)
2019-11-05 08:26:14,572 [pool-27-thread-1] INFO  server.RaftServerConfigKeys (ConfUtils.java:logGet(43)) - raft.server.retrycache.expirytime = 600000ms (custom)
2019-11-05 08:26:14,572 [pool-47-thread-1] INFO  server.RaftServerConfigKeys (ConfUtils.java:logGet(43)) - raft.server.snapshot.auto.trigger.threshold = 10000 (custom)
2019-11-05 08:26:14,573 [pool-47-thread-1] INFO  server.RaftServerConfigKeys (ConfUtils.java:logGet(43)) - raft.server.snapshot.retention.file.num = 5 (custom)
2019-11-05 08:26:14,573 [pool-47-thread-1] INFO  server.RaftServerConfigKeys (ConfUtils.java:logGet(43)) - raft.server.retrycache.expirytime = 600000ms (custom)
2019-11-05 08:26:14,573 [pool-37-thread-1] INFO  impl.RaftServerImpl (RaftServerImpl.java:start(195)) - e618d93a-19a9-4b89-96f3-44f318818422@group-07DD719309DE: start as a follower, conf=-1: [6ab6cfca-dbae-4fc7-a842-1fd8eedeb1ff:192.168.164.217:40408, e618d93a-19a9-4b89-96f3-44f318818422:192.168.164.217:37953, 90c9f5c6-6de3-44e3-8d50-8a1447632052:192.168.164.217:36159], old=null
2019-11-05 08:26:14,573 [pool-37-thread-1] INFO  impl.RaftServerImpl (RaftServerImpl.java:setRole(184)) - e618d93a-19a9-4b89-96f3-44f318818422@group-07DD719309DE: changes role from      null to FOLLOWER at term 0 for startAsFollower
2019-11-05 08:26:14,574 [pool-37-thread-1] INFO  impl.RoleInfo (RoleInfo.java:updateAndGet(143)) - e618d93a-19a9-4b89-96f3-44f318818422: start FollowerState
2019-11-05 08:26:14,574 [pool-37-thread-1] INFO  util.JmxRegister (JmxRegister.java:tryRegister(44)) - Successfully registered JMX Bean with object name Ratis:service=RaftServer,group=group-07DD719309DE,id=e618d93a-19a9-4b89-96f3-44f318818422
2019-11-05 08:26:14,575 [pool-27-thread-1] INFO  impl.RaftServerImpl (RaftServerImpl.java:start(195)) - 90c9f5c6-6de3-44e3-8d50-8a1447632052@group-07DD719309DE: start as a follower, conf=-1: [6ab6cfca-dbae-4fc7-a842-1fd8eedeb1ff:192.168.164.217:40408, e618d93a-19a9-4b89-96f3-44f318818422:192.168.164.217:37953, 90c9f5c6-6de3-44e3-8d50-8a1447632052:192.168.164.217:36159], old=null
2019-11-05 08:26:14,575 [pool-27-thread-1] INFO  impl.RaftServerImpl (RaftServerImpl.java:setRole(184)) - 90c9f5c6-6de3-44e3-8d50-8a1447632052@group-07DD719309DE: changes role from      null to FOLLOWER at term 0 for startAsFollower
2019-11-05 08:26:14,575 [pool-27-thread-1] INFO  impl.RoleInfo (RoleInfo.java:updateAndGet(143)) - 90c9f5c6-6de3-44e3-8d50-8a1447632052: start FollowerState
2019-11-05 08:26:14,575 [pool-47-thread-1] INFO  impl.RaftServerImpl (RaftServerImpl.java:start(195)) - 6ab6cfca-dbae-4fc7-a842-1fd8eedeb1ff@group-07DD719309DE: start as a follower, conf=-1: [6ab6cfca-dbae-4fc7-a842-1fd8eedeb1ff:192.168.164.217:40408, e618d93a-19a9-4b89-96f3-44f318818422:192.168.164.217:37953, 90c9f5c6-6de3-44e3-8d50-8a1447632052:192.168.164.217:36159], old=null
2019-11-05 08:26:14,575 [pool-47-thread-1] INFO  impl.RaftServerImpl (RaftServerImpl.java:setRole(184)) - 6ab6cfca-dbae-4fc7-a842-1fd8eedeb1ff@group-07DD719309DE: changes role from      null to FOLLOWER at term 0 for startAsFollower
2019-11-05 08:26:14,575 [pool-27-thread-1] INFO  util.JmxRegister (JmxRegister.java:tryRegister(44)) - Successfully registered JMX Bean with object name Ratis:service=RaftServer,group=group-07DD719309DE,id=90c9f5c6-6de3-44e3-8d50-8a1447632052
2019-11-05 08:26:14,575 [pool-47-thread-1] INFO  impl.RoleInfo (RoleInfo.java:updateAndGet(143)) - 6ab6cfca-dbae-4fc7-a842-1fd8eedeb1ff: start FollowerState
2019-11-05 08:26:14,576 [pool-47-thread-1] INFO  util.JmxRegister (JmxRegister.java:tryRegister(44)) - Successfully registered JMX Bean with object name Ratis:service=RaftServer,group=group-07DD719309DE,id=6ab6cfca-dbae-4fc7-a842-1fd8eedeb1ff
2019-11-05 08:26:14,582 [Thread-203] INFO  impl.FollowerState (FollowerState.java:run(108)) - e618d93a-19a9-4b89-96f3-44f318818422@group-07DD719309DE-FollowerState: change to CANDIDATE, lastRpcTime:8ms, electionTimeout:8ms
2019-11-05 08:26:14,585 [Thread-203] INFO  impl.RoleInfo (RoleInfo.java:shutdownFollowerState(121)) - e618d93a-19a9-4b89-96f3-44f318818422: shutdown FollowerState
2019-11-05 08:26:14,586 [Thread-203] INFO  impl.RaftServerImpl (RaftServerImpl.java:setRole(184)) - e618d93a-19a9-4b89-96f3-44f318818422@group-07DD719309DE: changes role from  FOLLOWER to CANDIDATE at term 0 for changeToCandidate
2019-11-05 08:26:14,588 [Thread-203] INFO  impl.RoleInfo (RoleInfo.java:updateAndGet(143)) - e618d93a-19a9-4b89-96f3-44f318818422: start LeaderElection
2019-11-05 08:26:14,600 [RatisPipelineUtilsThread] INFO  pipeline.PipelineStateManager (PipelineStateManager.java:addPipeline(56)) - Created pipeline Pipeline[ Id: 91d82eec-d61e-45ed-83e6-07dd719309de, Nodes: e618d93a-19a9-4b89-96f3-44f318818422{ip: 192.168.164.217, host: pr-hdds-1643-8bmlk-2934350033, networkLocation: /default-rack, certSerialId: null}90c9f5c6-6de3-44e3-8d50-8a1447632052{ip: 192.168.164.217, host: pr-hdds-1643-8bmlk-2934350033, networkLocation: /default-rack, certSerialId: null}6ab6cfca-dbae-4fc7-a842-1fd8eedeb1ff{ip: 192.168.164.217, host: pr-hdds-1643-8bmlk-2934350033, networkLocation: /default-rack, certSerialId: null}, Type:RATIS, Factor:THREE, State:OPEN]
2019-11-05 08:26:14,607 [e618d93a-19a9-4b89-96f3-44f318818422@group-07DD719309DE-LeaderElection4] INFO  impl.LeaderElection (LeaderElection.java:askForVotes(178)) - e618d93a-19a9-4b89-96f3-44f318818422@group-07DD719309DE-LeaderElection4: begin an election at term 1 for -1: [6ab6cfca-dbae-4fc7-a842-1fd8eedeb1ff:192.168.164.217:40408, e618d93a-19a9-4b89-96f3-44f318818422:192.168.164.217:37953, 90c9f5c6-6de3-44e3-8d50-8a1447632052:192.168.164.217:36159], old=null
2019-11-05 08:26:14,634 [grpc-default-executor-1] INFO  impl.RaftServerImpl (RaftServerImpl.java:setRole(184)) - 90c9f5c6-6de3-44e3-8d50-8a1447632052@group-07DD719309DE: changes role from  FOLLOWER to FOLLOWER at term 1 for recognizeCandidate:e618d93a-19a9-4b89-96f3-44f318818422
2019-11-05 08:26:14,635 [grpc-default-executor-2] INFO  impl.RaftServerImpl (RaftServerImpl.java:setRole(184)) - 6ab6cfca-dbae-4fc7-a842-1fd8eedeb1ff@group-07DD719309DE: changes role from  FOLLOWER to FOLLOWER at term 1 for recognizeCandidate:e618d93a-19a9-4b89-96f3-44f318818422
2019-11-05 08:26:14,635 [grpc-default-executor-1] INFO  impl.RoleInfo (RoleInfo.java:shutdownFollowerState(121)) - 90c9f5c6-6de3-44e3-8d50-8a1447632052: shutdown FollowerState
2019-11-05 08:26:14,635 [grpc-default-executor-2] INFO  impl.RoleInfo (RoleInfo.java:shutdownFollowerState(121)) - 6ab6cfca-dbae-4fc7-a842-1fd8eedeb1ff: shutdown FollowerState
2019-11-05 08:26:14,635 [grpc-default-executor-1] INFO  impl.RoleInfo (RoleInfo.java:updateAndGet(143)) - 90c9f5c6-6de3-44e3-8d50-8a1447632052: start FollowerState
2019-11-05 08:26:14,635 [Thread-204] INFO  impl.FollowerState (FollowerState.java:run(117)) - 90c9f5c6-6de3-44e3-8d50-8a1447632052@group-07DD719309DE-FollowerState was interrupted: java.lang.InterruptedException: sleep interrupted
2019-11-05 08:26:14,635 [Thread-205] INFO  impl.FollowerState (FollowerState.java:run(117)) - 6ab6cfca-dbae-4fc7-a842-1fd8eedeb1ff@group-07DD719309DE-FollowerState was interrupted: java.lang.InterruptedException: sleep interrupted
2019-11-05 08:26:14,636 [grpc-default-executor-2] INFO  impl.RoleInfo (RoleInfo.java:updateAndGet(143)) - 6ab6cfca-dbae-4fc7-a842-1fd8eedeb1ff: start FollowerState
2019-11-05 08:26:14,641 [e618d93a-19a9-4b89-96f3-44f318818422@group-07DD719309DE-LeaderElection4] INFO  impl.LeaderElection (LeaderElection.java:logAndReturn(56)) - e618d93a-19a9-4b89-96f3-44f318818422@group-07DD719309DE-LeaderElection4: Election TIMEOUT; received 0 response(s) [] and 0 exception(s); e618d93a-19a9-4b89-96f3-44f318818422@group-07DD719309DE:t1, leader=null, voted=e618d93a-19a9-4b89-96f3-44f318818422, raftlog=e618d93a-19a9-4b89-96f3-44f318818422@group-07DD719309DE-SegmentedRaftLog:OPENED:c-1,f-1,i0, conf=-1: [6ab6cfca-dbae-4fc7-a842-1fd8eedeb1ff:192.168.164.217:40408, e618d93a-19a9-4b89-96f3-44f318818422:192.168.164.217:37953, 90c9f5c6-6de3-44e3-8d50-8a1447632052:192.168.164.217:36159], old=null
2019-11-05 08:26:14,652 [e618d93a-19a9-4b89-96f3-44f318818422@group-07DD719309DE-LeaderElection4] INFO  impl.LeaderElection (LeaderElection.java:askForVotes(178)) - e618d93a-19a9-4b89-96f3-44f318818422@group-07DD719309DE-LeaderElection4: begin an election at term 2 for -1: [6ab6cfca-dbae-4fc7-a842-1fd8eedeb1ff:192.168.164.217:40408, e618d93a-19a9-4b89-96f3-44f318818422:192.168.164.217:37953, 90c9f5c6-6de3-44e3-8d50-8a1447632052:192.168.164.217:36159], old=null
2019-11-05 08:26:14,662 [grpc-default-executor-1] INFO  impl.RaftServerImpl (RaftServerImpl.java:setRole(184)) - 6ab6cfca-dbae-4fc7-a842-1fd8eedeb1ff@group-07DD719309DE: changes role from  FOLLOWER to FOLLOWER at term 2 for recognizeCandidate:e618d93a-19a9-4b89-96f3-44f318818422
2019-11-05 08:26:14,663 [grpc-default-executor-1] INFO  impl.RoleInfo (RoleInfo.java:shutdownFollowerState(121)) - 6ab6cfca-dbae-4fc7-a842-1fd8eedeb1ff: shutdown FollowerState
2019-11-05 08:26:14,664 [Thread-213] INFO  impl.FollowerState (FollowerState.java:run(117)) - 6ab6cfca-dbae-4fc7-a842-1fd8eedeb1ff@group-07DD719309DE-FollowerState was interrupted: java.lang.InterruptedException: sleep interrupted
2019-11-05 08:26:14,664 [grpc-default-executor-1] INFO  impl.RoleInfo (RoleInfo.java:updateAndGet(143)) - 6ab6cfca-dbae-4fc7-a842-1fd8eedeb1ff: start FollowerState
2019-11-05 08:26:14,666 [grpc-default-executor-2] INFO  impl.RaftServerImpl (RaftServerImpl.java:setRole(184)) - 90c9f5c6-6de3-44e3-8d50-8a1447632052@group-07DD719309DE: changes role from  FOLLOWER to FOLLOWER at term 2 for recognizeCandidate:e618d93a-19a9-4b89-96f3-44f318818422
2019-11-05 08:26:14,667 [grpc-default-executor-2] INFO  impl.RoleInfo (RoleInfo.java:shutdownFollowerState(121)) - 90c9f5c6-6de3-44e3-8d50-8a1447632052: shutdown FollowerState
2019-11-05 08:26:14,667 [Thread-212] INFO  impl.FollowerState (FollowerState.java:run(117)) - 90c9f5c6-6de3-44e3-8d50-8a1447632052@group-07DD719309DE-FollowerState was interrupted: java.lang.InterruptedException: sleep interrupted
2019-11-05 08:26:14,667 [grpc-default-executor-2] INFO  impl.RoleInfo (RoleInfo.java:updateAndGet(143)) - 90c9f5c6-6de3-44e3-8d50-8a1447632052: start FollowerState
2019-11-05 08:26:14,719 [main] INFO  ozone.MiniOzoneClusterImpl (MiniOzoneClusterImpl.java:lambda$waitForClusterToBeReady$0(147)) - Cluster is ready. Got 3 of 3 DN Heartbeats.
2019-11-05 08:26:14,720 [e618d93a-19a9-4b89-96f3-44f318818422@group-07DD719309DE-LeaderElection4] INFO  impl.LeaderElection (LeaderElection.java:logAndReturn(56)) - e618d93a-19a9-4b89-96f3-44f318818422@group-07DD719309DE-LeaderElection4: Election PASSED; received 1 response(s) [e618d93a-19a9-4b89-96f3-44f318818422<-6ab6cfca-dbae-4fc7-a842-1fd8eedeb1ff#0:OK-t2] and 0 exception(s); e618d93a-19a9-4b89-96f3-44f318818422@group-07DD719309DE:t2, leader=null, voted=e618d93a-19a9-4b89-96f3-44f318818422, raftlog=e618d93a-19a9-4b89-96f3-44f318818422@group-07DD719309DE-SegmentedRaftLog:OPENED:c-1,f-1,i0, conf=-1: [6ab6cfca-dbae-4fc7-a842-1fd8eedeb1ff:192.168.164.217:40408, e618d93a-19a9-4b89-96f3-44f318818422:192.168.164.217:37953, 90c9f5c6-6de3-44e3-8d50-8a1447632052:192.168.164.217:36159], old=null
2019-11-05 08:26:14,720 [e618d93a-19a9-4b89-96f3-44f318818422@group-07DD719309DE-LeaderElection4] INFO  impl.RoleInfo (RoleInfo.java:shutdownLeaderElection(134)) - e618d93a-19a9-4b89-96f3-44f318818422: shutdown LeaderElection
2019-11-05 08:26:14,721 [e618d93a-19a9-4b89-96f3-44f318818422@group-07DD719309DE-LeaderElection4] INFO  impl.RaftServerImpl (RaftServerImpl.java:setRole(184)) - e618d93a-19a9-4b89-96f3-44f318818422@group-07DD719309DE: changes role from CANDIDATE to LEADER at term 2 for changeToLeader
2019-11-05 08:26:14,721 [e618d93a-19a9-4b89-96f3-44f318818422@group-07DD719309DE-LeaderElection4] INFO  impl.RaftServerImpl (ServerState.java:setLeader(256)) - e618d93a-19a9-4b89-96f3-44f318818422@group-07DD719309DE: change Leader from null to e618d93a-19a9-4b89-96f3-44f318818422 at term 2 for becomeLeader, leader elected after 156ms
2019-11-05 08:26:14,722 [e618d93a-19a9-4b89-96f3-44f318818422@group-07DD719309DE-LeaderElection4] INFO  server.RaftServerConfigKeys (ConfUtils.java:logGet(43)) - raft.server.staging.catchup.gap = 1000 (default)
2019-11-05 08:26:14,723 [e618d93a-19a9-4b89-96f3-44f318818422@group-07DD719309DE-LeaderElection4] INFO  server.RaftServerConfigKeys (ConfUtils.java:logGet(43)) - raft.server.rpc.sleep.time = 25ms (default)
2019-11-05 08:26:14,723 [e618d93a-19a9-4b89-96f3-44f318818422@group-07DD719309DE-LeaderElection4] INFO  server.RaftServerConfigKeys (ConfUtils.java:logGet(43)) - raft.server.write.element-limit = 4096 (default)
2019-11-05 08:26:14,723 [e618d93a-19a9-4b89-96f3-44f318818422@group-07DD719309DE-LeaderElection4] INFO  server.RaftServerConfigKeys (ConfUtils.java:logGet(43)) - raft.server.watch.timeout = 10s (default)
2019-11-05 08:26:14,723 [e618d93a-19a9-4b89-96f3-44f318818422@group-07DD719309DE-LeaderElection4] INFO  server.RaftServerConfigKeys (ConfUtils.java:logGet(43)) - raft.server.watch.timeout.denomination = 1s (default)
2019-11-05 08:26:14,723 [e618d93a-19a9-4b89-96f3-44f318818422@group-07DD719309DE-LeaderElection4] INFO  server.RaftServerConfigKeys (ConfUtils.java:logGet(43)) - raft.server.watch.element-limit = 65536 (default)
2019-11-05 08:26:14,728 [e618d93a-19a9-4b89-96f3-44f318818422@group-07DD719309DE-LeaderElection4] INFO  server.RaftServerConfigKeys (ConfUtils.java:logGet(43)) - raft.server.log.appender.snapshot.chunk.size.max = 16MB (=16777216) (default)
2019-11-05 08:26:14,728 [e618d93a-19a9-4b89-96f3-44f318818422@group-07DD719309DE-LeaderElection4] INFO  server.RaftServerConfigKeys (ConfUtils.java:logGet(43)) - raft.server.log.appender.buffer.byte-limit = 33554432 (custom)
2019-11-05 08:26:14,729 [e618d93a-19a9-4b89-96f3-44f318818422@group-07DD719309DE-LeaderElection4] INFO  server.RaftServerConfigKeys (ConfUtils.java:logGet(43)) - raft.server.log.appender.buffer.element-limit = 1 (custom)
2019-11-05 08:26:14,731 [e618d93a-19a9-4b89-96f3-44f318818422@group-07DD719309DE-LeaderElection4] INFO  grpc.GrpcConfigKeys$Server (ConfUtils.java:logGet(43)) - raft.grpc.server.leader.outstanding.appends.max = 128 (default)
2019-11-05 08:26:14,731 [e618d93a-19a9-4b89-96f3-44f318818422@group-07DD719309DE-LeaderElection4] INFO  server.RaftServerConfigKeys (ConfUtils.java:logGet(43)) - raft.server.rpc.request.timeout = 3000ms (default)
2019-11-05 08:26:14,731 [e618d93a-19a9-4b89-96f3-44f318818422@group-07DD719309DE-LeaderElection4] INFO  server.RaftServerConfigKeys (ConfUtils.java:logGet(43)) - raft.server.log.appender.install.snapshot.enabled = false (custom)
2019-11-05 08:26:14,735 [e618d93a-19a9-4b89-96f3-44f318818422@group-07DD719309DE-LeaderElection4] INFO  server.RaftServerConfigKeys (ConfUtils.java:logGet(43)) - raft.server.log.appender.snapshot.chunk.size.max = 16MB (=16777216) (default)
2019-11-05 08:26:14,735 [e618d93a-19a9-4b89-96f3-44f318818422@group-07DD719309DE-LeaderElection4] INFO  server.RaftServerConfigKeys (ConfUtils.java:logGet(43)) - raft.server.log.appender.buffer.byte-limit = 33554432 (custom)
2019-11-05 08:26:14,735 [e618d93a-19a9-4b89-96f3-44f318818422@group-07DD719309DE-LeaderElection4] INFO  server.RaftServerConfigKeys (ConfUtils.java:logGet(43)) - raft.server.log.appender.buffer.element-limit = 1 (custom)
2019-11-05 08:26:14,735 [e618d93a-19a9-4b89-96f3-44f318818422@group-07DD719309DE-LeaderElection4] INFO  grpc.GrpcConfigKeys$Server (ConfUtils.java:logGet(43)) - raft.grpc.server.leader.outstanding.appends.max = 128 (default)
2019-11-05 08:26:14,735 [e618d93a-19a9-4b89-96f3-44f318818422@group-07DD719309DE-LeaderElection4] INFO  server.RaftServerConfigKeys (ConfUtils.java:logGet(43)) - raft.server.rpc.request.timeout = 3000ms (default)
2019-11-05 08:26:14,736 [e618d93a-19a9-4b89-96f3-44f318818422@group-07DD719309DE-LeaderElection4] INFO  server.RaftServerConfigKeys (ConfUtils.java:logGet(43)) - raft.server.log.appender.install.snapshot.enabled = false (custom)
2019-11-05 08:26:14,736 [6ab6cfca-dbae-4fc7-a842-1fd8eedeb1ff@group-D5E7C4F9B5F6-SegmentedRaftLogWorker] INFO  segmented.SegmentedRaftLogWorker (SegmentedRaftLogWorker.java:execute(576)) - 6ab6cfca-dbae-4fc7-a842-1fd8eedeb1ff@group-D5E7C4F9B5F6-SegmentedRaftLogWorker: created new log segment /workdir/hadoop-ozone/integration-test/target/test-dir/MiniOzoneClusterImpl-02b65e86-f8bb-4f05-a146-5b32a27149c8/datanode-2/data/ratis/edd6f7dc-d9fa-480e-b801-d5e7c4f9b5f6/current/log_inprogress_0
2019-11-05 08:26:14,736 [e618d93a-19a9-4b89-96f3-44f318818422@group-9DE9A8A30282-SegmentedRaftLogWorker] INFO  segmented.SegmentedRaftLogWorker (SegmentedRaftLogWorker.java:execute(576)) - e618d93a-19a9-4b89-96f3-44f318818422@group-9DE9A8A30282-SegmentedRaftLogWorker: created new log segment /workdir/hadoop-ozone/integration-test/target/test-dir/MiniOzoneClusterImpl-02b65e86-f8bb-4f05-a146-5b32a27149c8/datanode-1/data/ratis/4fe2ea24-807c-48f4-bd79-9de9a8a30282/current/log_inprogress_0
2019-11-05 08:26:14,736 [90c9f5c6-6de3-44e3-8d50-8a1447632052@group-52F49EE3CFB6-SegmentedRaftLogWorker] INFO  segmented.SegmentedRaftLogWorker (SegmentedRaftLogWorker.java:execute(576)) - 90c9f5c6-6de3-44e3-8d50-8a1447632052@group-52F49EE3CFB6-SegmentedRaftLogWorker: created new log segment /workdir/hadoop-ozone/integration-test/target/test-dir/MiniOzoneClusterImpl-02b65e86-f8bb-4f05-a146-5b32a27149c8/datanode-0/data/ratis/62d1b2e0-6839-448e-8b6e-52f49ee3cfb6/current/log_inprogress_0
2019-11-05 08:26:14,741 [e618d93a-19a9-4b89-96f3-44f318818422@group-07DD719309DE-LeaderElection4] INFO  impl.RoleInfo (RoleInfo.java:updateAndGet(143)) - e618d93a-19a9-4b89-96f3-44f318818422: start LeaderState
2019-11-05 08:26:14,741 [e618d93a-19a9-4b89-96f3-44f318818422@group-07DD719309DE-LeaderElection4] INFO  segmented.SegmentedRaftLogWorker (SegmentedRaftLogWorker.java:startLogSegment(385)) - e618d93a-19a9-4b89-96f3-44f318818422@group-07DD719309DE-SegmentedRaftLogWorker: Starting segment from index:0
2019-11-05 08:26:14,742 [e618d93a-19a9-4b89-96f3-44f318818422@group-07DD719309DE-LeaderElection4] INFO  impl.RaftServerImpl (ServerState.java:setRaftConf(357)) - e618d93a-19a9-4b89-96f3-44f318818422@group-07DD719309DE: set configuration 0: [6ab6cfca-dbae-4fc7-a842-1fd8eedeb1ff:192.168.164.217:40408, e618d93a-19a9-4b89-96f3-44f318818422:192.168.164.217:37953, 90c9f5c6-6de3-44e3-8d50-8a1447632052:192.168.164.217:36159], old=null at 0
2019-11-05 08:26:14,768 [Thread-217] INFO  impl.FollowerState (FollowerState.java:run(108)) - 90c9f5c6-6de3-44e3-8d50-8a1447632052@group-07DD719309DE-FollowerState: change to CANDIDATE, lastRpcTime:101ms, electionTimeout:93ms
2019-11-05 08:26:14,768 [Thread-217] INFO  impl.RoleInfo (RoleInfo.java:shutdownFollowerState(121)) - 90c9f5c6-6de3-44e3-8d50-8a1447632052: shutdown FollowerState
2019-11-05 08:26:14,769 [Thread-217] INFO  impl.RaftServerImpl (RaftServerImpl.java:setRole(184)) - 90c9f5c6-6de3-44e3-8d50-8a1447632052@group-07DD719309DE: changes role from  FOLLOWER to CANDIDATE at term 2 for changeToCandidate
2019-11-05 08:26:14,769 [Thread-217] INFO  impl.RoleInfo (RoleInfo.java:updateAndGet(143)) - 90c9f5c6-6de3-44e3-8d50-8a1447632052: start LeaderElection
2019-11-05 08:26:14,781 [e618d93a-19a9-4b89-96f3-44f318818422@group-07DD719309DE-SegmentedRaftLogWorker] INFO  segmented.SegmentedRaftLogWorker (SegmentedRaftLogWorker.java:execute(576)) - e618d93a-19a9-4b89-96f3-44f318818422@group-07DD719309DE-SegmentedRaftLogWorker: created new log segment /workdir/hadoop-ozone/integration-test/target/test-dir/MiniOzoneClusterImpl-02b65e86-f8bb-4f05-a146-5b32a27149c8/datanode-1/data/ratis/91d82eec-d61e-45ed-83e6-07dd719309de/current/log_inprogress_0
2019-11-05 08:26:14,781 [90c9f5c6-6de3-44e3-8d50-8a1447632052@group-07DD719309DE-LeaderElection5] INFO  impl.LeaderElection (LeaderElection.java:askForVotes(178)) - 90c9f5c6-6de3-44e3-8d50-8a1447632052@group-07DD719309DE-LeaderElection5: begin an election at term 3 for -1: [6ab6cfca-dbae-4fc7-a842-1fd8eedeb1ff:192.168.164.217:40408, e618d93a-19a9-4b89-96f3-44f318818422:192.168.164.217:37953, 90c9f5c6-6de3-44e3-8d50-8a1447632052:192.168.164.217:36159], old=null
2019-11-05 08:26:14,791 [Thread-216] INFO  impl.FollowerState (FollowerState.java:run(108)) - 6ab6cfca-dbae-4fc7-a842-1fd8eedeb1ff@group-07DD719309DE-FollowerState: change to CANDIDATE, lastRpcTime:126ms, electionTimeout:124ms
2019-11-05 08:26:14,791 [Thread-216] INFO  impl.RoleInfo (RoleInfo.java:shutdownFollowerState(121)) - 6ab6cfca-dbae-4fc7-a842-1fd8eedeb1ff: shutdown FollowerState
2019-11-05 08:26:14,791 [Thread-216] INFO  impl.RaftServerImpl (RaftServerImpl.java:setRole(184)) - 6ab6cfca-dbae-4fc7-a842-1fd8eedeb1ff@group-07DD719309DE: changes role from  FOLLOWER to CANDIDATE at term 2 for changeToCandidate
2019-11-05 08:26:14,792 [Thread-216] INFO  impl.RoleInfo (RoleInfo.java:updateAndGet(143)) - 6ab6cfca-dbae-4fc7-a842-1fd8eedeb1ff: start LeaderElection
2019-11-05 08:26:14,800 [grpc-default-executor-3] INFO  impl.RaftServerImpl (ServerState.java:setLeader(256)) - e618d93a-19a9-4b89-96f3-44f318818422@group-07DD719309DE: change Leader from e618d93a-19a9-4b89-96f3-44f318818422 to null at term 3 for updateCurrentTerm
2019-11-05 08:26:14,800 [grpc-default-executor-3] INFO  impl.RaftServerImpl (RaftServerImpl.java:setRole(184)) - e618d93a-19a9-4b89-96f3-44f318818422@group-07DD719309DE: changes role from    LEADER to FOLLOWER at term 3 for recognizeCandidate:90c9f5c6-6de3-44e3-8d50-8a1447632052
2019-11-05 08:26:14,800 [grpc-default-executor-3] INFO  impl.RoleInfo (RoleInfo.java:shutdownLeaderState(104)) - e618d93a-19a9-4b89-96f3-44f318818422: shutdown LeaderState
2019-11-05 08:26:14,804 [org.apache.ratis.server.impl.LogAppender$AppenderDaemon$$Lambda$379/872224996@2d4ad67a] WARN  server.GrpcLogAppender (GrpcLogAppender.java:mayWait(149)) - e618d93a-19a9-4b89-96f3-44f318818422@group-07DD719309DE->90c9f5c6-6de3-44e3-8d50-8a1447632052-GrpcLogAppender: Wait interrupted by java.lang.InterruptedException
2019-11-05 08:26:14,804 [org.apache.ratis.server.impl.LogAppender$AppenderDaemon$$Lambda$379/872224996@53f040b] WARN  server.GrpcLogAppender (GrpcLogAppender.java:mayWait(149)) - e618d93a-19a9-4b89-96f3-44f318818422@group-07DD719309DE->6ab6cfca-dbae-4fc7-a842-1fd8eedeb1ff-GrpcLogAppender: Wait interrupted by java.lang.InterruptedException
2019-11-05 08:26:14,807 [grpc-default-executor-3] INFO  impl.PendingRequests (PendingRequests.java:sendNotLeaderResponses(202)) - e618d93a-19a9-4b89-96f3-44f318818422@group-07DD719309DE-PendingRequests: sendNotLeaderResponses
2019-11-05 08:26:14,807 [6ab6cfca-dbae-4fc7-a842-1fd8eedeb1ff@group-07DD719309DE-LeaderElection6] INFO  impl.LeaderElection (LeaderElection.java:askForVotes(178)) - 6ab6cfca-dbae-4fc7-a842-1fd8eedeb1ff@group-07DD719309DE-LeaderElection6: begin an election at term 3 for -1: [6ab6cfca-dbae-4fc7-a842-1fd8eedeb1ff:192.168.164.217:40408, e618d93a-19a9-4b89-96f3-44f318818422:192.168.164.217:37953, 90c9f5c6-6de3-44e3-8d50-8a1447632052:192.168.164.217:36159], old=null
2019-11-05 08:26:14,811 [grpc-default-executor-3] INFO  impl.RoleInfo (RoleInfo.java:updateAndGet(143)) - e618d93a-19a9-4b89-96f3-44f318818422: start FollowerState
2019-11-05 08:26:14,813 [grpc-default-executor-4] INFO  server.GrpcServerProtocolService (GrpcServerProtocolService.java:onCompleted(113)) - 6ab6cfca-dbae-4fc7-a842-1fd8eedeb1ff: Completed APPEND_ENTRIES, lastRequest: e618d93a-19a9-4b89-96f3-44f318818422->6ab6cfca-dbae-4fc7-a842-1fd8eedeb1ff#0-t2, previous=(t:0, i:0), leaderCommit=-1, initializing? false, entries: <empty>
2019-11-05 08:26:14,813 [grpc-default-executor-0] INFO  server.GrpcServerProtocolService (GrpcServerProtocolService.java:onCompleted(113)) - 90c9f5c6-6de3-44e3-8d50-8a1447632052: Completed APPEND_ENTRIES, lastRequest: e618d93a-19a9-4b89-96f3-44f318818422->90c9f5c6-6de3-44e3-8d50-8a1447632052#0-t2, previous=(t:0, i:0), leaderCommit=-1, initializing? false, entries: <empty>
2019-11-05 08:26:14,817 [90c9f5c6-6de3-44e3-8d50-8a1447632052@group-07DD719309DE-LeaderElection5] INFO  impl.LeaderElection (LeaderElection.java:logAndReturn(56)) - 90c9f5c6-6de3-44e3-8d50-8a1447632052@group-07DD719309DE-LeaderElection5: Election TIMEOUT; received 1 response(s) [90c9f5c6-6de3-44e3-8d50-8a1447632052<-6ab6cfca-dbae-4fc7-a842-1fd8eedeb1ff#0:FAIL-t3] and 0 exception(s); 90c9f5c6-6de3-44e3-8d50-8a1447632052@group-07DD719309DE:t3, leader=null, voted=90c9f5c6-6de3-44e3-8d50-8a1447632052, raftlog=90c9f5c6-6de3-44e3-8d50-8a1447632052@group-07DD719309DE-SegmentedRaftLog:OPENED:c-1,f-1,i0, conf=-1: [6ab6cfca-dbae-4fc7-a842-1fd8eedeb1ff:192.168.164.217:40408, e618d93a-19a9-4b89-96f3-44f318818422:192.168.164.217:37953, 90c9f5c6-6de3-44e3-8d50-8a1447632052:192.168.164.217:36159], old=null
2019-11-05 08:26:14,827 [90c9f5c6-6de3-44e3-8d50-8a1447632052@group-07DD719309DE-LeaderElection5] INFO  impl.LeaderElection (LeaderElection.java:askForVotes(178)) - 90c9f5c6-6de3-44e3-8d50-8a1447632052@group-07DD719309DE-LeaderElection5: begin an election at term 4 for -1: [6ab6cfca-dbae-4fc7-a842-1fd8eedeb1ff:192.168.164.217:40408, e618d93a-19a9-4b89-96f3-44f318818422:192.168.164.217:37953, 90c9f5c6-6de3-44e3-8d50-8a1447632052:192.168.164.217:36159], old=null
2019-11-05 08:26:14,827 [grpc-default-executor-2] INFO  impl.RaftServerImpl (RaftServerImpl.java:setRole(184)) - e618d93a-19a9-4b89-96f3-44f318818422@group-07DD719309DE: changes role from  FOLLOWER to FOLLOWER at term 3 for recognizeCandidate:6ab6cfca-dbae-4fc7-a842-1fd8eedeb1ff
2019-11-05 08:26:14,828 [grpc-default-executor-2] INFO  impl.RoleInfo (RoleInfo.java:shutdownFollowerState(121)) - e618d93a-19a9-4b89-96f3-44f318818422: shutdown FollowerState
2019-11-05 08:26:14,828 [Thread-232] INFO  impl.FollowerState (FollowerState.java:run(117)) - e618d93a-19a9-4b89-96f3-44f318818422@group-07DD719309DE-FollowerState was interrupted: java.lang.InterruptedException: sleep interrupted
2019-11-05 08:26:14,829 [grpc-default-executor-2] INFO  impl.RoleInfo (RoleInfo.java:updateAndGet(143)) - e618d93a-19a9-4b89-96f3-44f318818422: start FollowerState
2019-11-05 08:26:14,830 [grpc-default-executor-0] INFO  server.GrpcLogAppender (GrpcLogAppender.java:onCompleted(308)) - e618d93a-19a9-4b89-96f3-44f318818422@group-07DD719309DE->90c9f5c6-6de3-44e3-8d50-8a1447632052-AppendLogResponseHandler: follower responses appendEntries COMPLETED
2019-11-05 08:26:14,830 [grpc-default-executor-5] INFO  server.GrpcLogAppender (GrpcLogAppender.java:onCompleted(308)) - e618d93a-19a9-4b89-96f3-44f318818422@group-07DD719309DE->6ab6cfca-dbae-4fc7-a842-1fd8eedeb1ff-AppendLogResponseHandler: follower responses appendEntries COMPLETED
2019-11-05 08:26:14,831 [6ab6cfca-dbae-4fc7-a842-1fd8eedeb1ff@group-07DD719309DE-LeaderElection6] INFO  impl.LeaderElection (LeaderElection.java:logAndReturn(56)) - 6ab6cfca-dbae-4fc7-a842-1fd8eedeb1ff@group-07DD719309DE-LeaderElection6: Election DISCOVERED_A_NEW_TERM; received 1 response(s) [6ab6cfca-dbae-4fc7-a842-1fd8eedeb1ff<-90c9f5c6-6de3-44e3-8d50-8a1447632052#0:FAIL-t4] and 0 exception(s); 6ab6cfca-dbae-4fc7-a842-1fd8eedeb1ff@group-07DD719309DE:t3, leader=null, voted=6ab6cfca-dbae-4fc7-a842-1fd8eedeb1ff, raftlog=6ab6cfca-dbae-4fc7-a842-1fd8eedeb1ff@group-07DD719309DE-SegmentedRaftLog:OPENED:c-1,f-1,i0, conf=-1: [6ab6cfca-dbae-4fc7-a842-1fd8eedeb1ff:192.168.164.217:40408, e618d93a-19a9-4b89-96f3-44f318818422:192.168.164.217:37953, 90c9f5c6-6de3-44e3-8d50-8a1447632052:192.168.164.217:36159], old=null
2019-11-05 08:26:14,834 [6ab6cfca-dbae-4fc7-a842-1fd8eedeb1ff@group-07DD719309DE-LeaderElection6] INFO  impl.RaftServerImpl (RaftServerImpl.java:setRole(184)) - 6ab6cfca-dbae-4fc7-a842-1fd8eedeb1ff@group-07DD719309DE: changes role from CANDIDATE to FOLLOWER at term 4 for DISCOVERED_A_NEW_TERM
2019-11-05 08:26:14,835 [6ab6cfca-dbae-4fc7-a842-1fd8eedeb1ff@group-07DD719309DE-LeaderElection6] INFO  impl.RoleInfo (RoleInfo.java:shutdownLeaderElection(134)) - 6ab6cfca-dbae-4fc7-a842-1fd8eedeb1ff: shutdown LeaderElection
2019-11-05 08:26:14,835 [6ab6cfca-dbae-4fc7-a842-1fd8eedeb1ff@group-07DD719309DE-LeaderElection6] INFO  impl.RoleInfo (RoleInfo.java:updateAndGet(143)) - 6ab6cfca-dbae-4fc7-a842-1fd8eedeb1ff: start FollowerState
2019-11-05 08:26:14,840 [grpc-default-executor-0] INFO  impl.FollowerInfo (FollowerInfo.java:lambda$new$0(51)) - e618d93a-19a9-4b89-96f3-44f318818422@group-07DD719309DE->90c9f5c6-6de3-44e3-8d50-8a1447632052: nextIndex: updateUnconditionally 0 -> 0
2019-11-05 08:26:14,842 [grpc-default-executor-5] INFO  impl.FollowerInfo (FollowerInfo.java:lambda$new$0(51)) - e618d93a-19a9-4b89-96f3-44f318818422@group-07DD719309DE->6ab6cfca-dbae-4fc7-a842-1fd8eedeb1ff: nextIndex: updateUnconditionally 0 -> 0
2019-11-05 08:26:14,843 [grpc-default-executor-3] INFO  impl.RaftServerImpl (RaftServerImpl.java:setRole(184)) - e618d93a-19a9-4b89-96f3-44f318818422@group-07DD719309DE: changes role from  FOLLOWER to FOLLOWER at term 4 for recognizeCandidate:90c9f5c6-6de3-44e3-8d50-8a1447632052
2019-11-05 08:26:14,844 [grpc-default-executor-0] INFO  impl.RaftServerImpl (RaftServerImpl.java:setRole(184)) - 6ab6cfca-dbae-4fc7-a842-1fd8eedeb1ff@group-07DD719309DE: changes role from  FOLLOWER to FOLLOWER at term 4 for recognizeCandidate:90c9f5c6-6de3-44e3-8d50-8a1447632052
2019-11-05 08:26:14,844 [grpc-default-executor-3] INFO  impl.RoleInfo (RoleInfo.java:shutdownFollowerState(121)) - e618d93a-19a9-4b89-96f3-44f318818422: shutdown FollowerState
2019-11-05 08:26:14,844 [grpc-default-executor-0] INFO  impl.RoleInfo (RoleInfo.java:shutdownFollowerState(121)) - 6ab6cfca-dbae-4fc7-a842-1fd8eedeb1ff: shutdown FollowerState
2019-11-05 08:26:14,844 [Thread-235] INFO  impl.FollowerState (FollowerState.java:run(117)) - e618d93a-19a9-4b89-96f3-44f318818422@group-07DD719309DE-FollowerState was interrupted: java.lang.InterruptedException: sleep interrupted
2019-11-05 08:26:14,844 [grpc-default-executor-3] INFO  impl.RoleInfo (RoleInfo.java:updateAndGet(143)) - e618d93a-19a9-4b89-96f3-44f318818422: start FollowerState
2019-11-05 08:26:14,844 [grpc-default-executor-0] INFO  impl.RoleInfo (RoleInfo.java:updateAndGet(143)) - 6ab6cfca-dbae-4fc7-a842-1fd8eedeb1ff: start FollowerState
2019-11-05 08:26:14,844 [Thread-236] INFO  impl.FollowerState (FollowerState.java:run(117)) - 6ab6cfca-dbae-4fc7-a842-1fd8eedeb1ff@group-07DD719309DE-FollowerState was interrupted: java.lang.InterruptedException: sleep interrupted
2019-11-05 08:26:14,852 [90c9f5c6-6de3-44e3-8d50-8a1447632052@group-07DD719309DE-LeaderElection5] INFO  impl.LeaderElection (LeaderElection.java:logAndReturn(56)) - 90c9f5c6-6de3-44e3-8d50-8a1447632052@group-07DD719309DE-LeaderElection5: Election TIMEOUT; received 0 response(s) [] and 0 exception(s); 90c9f5c6-6de3-44e3-8d50-8a1447632052@group-07DD719309DE:t4, leader=null, voted=90c9f5c6-6de3-44e3-8d50-8a1447632052, raftlog=90c9f5c6-6de3-44e3-8d50-8a1447632052@group-07DD719309DE-SegmentedRaftLog:OPENED:c-1,f-1,i0, conf=-1: [6ab6cfca-dbae-4fc7-a842-1fd8eedeb1ff:192.168.164.217:40408, e618d93a-19a9-4b89-96f3-44f318818422:192.168.164.217:37953, 90c9f5c6-6de3-44e3-8d50-8a1447632052:192.168.164.217:36159], old=null
2019-11-05 08:26:14,868 [Thread-238] INFO  impl.FollowerState (FollowerState.java:run(108)) - 6ab6cfca-dbae-4fc7-a842-1fd8eedeb1ff@group-07DD719309DE-FollowerState: change to CANDIDATE, lastRpcTime:23ms, electionTimeout:22ms
2019-11-05 08:26:14,868 [Thread-238] INFO  impl.RoleInfo (RoleInfo.java:shutdownFollowerState(121)) - 6ab6cfca-dbae-4fc7-a842-1fd8eedeb1ff: shutdown FollowerState
2019-11-05 08:26:14,868 [90c9f5c6-6de3-44e3-8d50-8a1447632052@group-07DD719309DE-LeaderElection5] INFO  impl.LeaderElection (LeaderElection.java:askForVotes(178)) - 90c9f5c6-6de3-44e3-8d50-8a1447632052@group-07DD719309DE-LeaderElection5: begin an election at term 5 for -1: [6ab6cfca-dbae-4fc7-a842-1fd8eedeb1ff:192.168.164.217:40408, e618d93a-19a9-4b89-96f3-44f318818422:192.168.164.217:37953, 90c9f5c6-6de3-44e3-8d50-8a1447632052:192.168.164.217:36159], old=null
2019-11-05 08:26:14,868 [Thread-238] INFO  impl.RaftServerImpl (RaftServerImpl.java:setRole(184)) - 6ab6cfca-dbae-4fc7-a842-1fd8eedeb1ff@group-07DD719309DE: changes role from  FOLLOWER to CANDIDATE at term 4 for changeToCandidate
2019-11-05 08:26:14,870 [Thread-238] INFO  impl.RoleInfo (RoleInfo.java:updateAndGet(143)) - 6ab6cfca-dbae-4fc7-a842-1fd8eedeb1ff: start LeaderElection
2019-11-05 08:26:14,875 [grpc-default-executor-3] INFO  impl.RaftServerImpl (RaftServerImpl.java:setRole(184)) - e618d93a-19a9-4b89-96f3-44f318818422@group-07DD719309DE: changes role from  FOLLOWER to FOLLOWER at term 5 for recognizeCandidate:90c9f5c6-6de3-44e3-8d50-8a1447632052
2019-11-05 08:26:14,875 [grpc-default-executor-3] INFO  impl.RoleInfo (RoleInfo.java:shutdownFollowerState(121)) - e618d93a-19a9-4b89-96f3-44f318818422: shutdown FollowerState
2019-11-05 08:26:14,876 [Thread-237] INFO  impl.FollowerState (FollowerState.java:run(117)) - e618d93a-19a9-4b89-96f3-44f318818422@group-07DD719309DE-FollowerState was interrupted: java.lang.InterruptedException: sleep interrupted
2019-11-05 08:26:14,876 [grpc-default-executor-3] INFO  impl.RoleInfo (RoleInfo.java:updateAndGet(143)) - e618d93a-19a9-4b89-96f3-44f318818422: start FollowerState
2019-11-05 08:26:14,879 [90c9f5c6-6de3-44e3-8d50-8a1447632052@group-07DD719309DE-LeaderElection5] INFO  impl.LeaderElection (LeaderElection.java:logAndReturn(56)) - 90c9f5c6-6de3-44e3-8d50-8a1447632052@group-07DD719309DE-LeaderElection5: Election TIMEOUT; received 0 response(s) [] and 0 exception(s); 90c9f5c6-6de3-44e3-8d50-8a1447632052@group-07DD719309DE:t5, leader=null, voted=90c9f5c6-6de3-44e3-8d50-8a1447632052, raftlog=90c9f5c6-6de3-44e3-8d50-8a1447632052@group-07DD719309DE-SegmentedRaftLog:OPENED:c-1,f-1,i0, conf=-1: [6ab6cfca-dbae-4fc7-a842-1fd8eedeb1ff:192.168.164.217:40408, e618d93a-19a9-4b89-96f3-44f318818422:192.168.164.217:37953, 90c9f5c6-6de3-44e3-8d50-8a1447632052:192.168.164.217:36159], old=null
2019-11-05 08:26:14,882 [90c9f5c6-6de3-44e3-8d50-8a1447632052@group-07DD719309DE-LeaderElection5] INFO  impl.LeaderElection (LeaderElection.java:askForVotes(178)) - 90c9f5c6-6de3-44e3-8d50-8a1447632052@group-07DD719309DE-LeaderElection5: begin an election at term 6 for -1: [6ab6cfca-dbae-4fc7-a842-1fd8eedeb1ff:192.168.164.217:40408, e618d93a-19a9-4b89-96f3-44f318818422:192.168.164.217:37953, 90c9f5c6-6de3-44e3-8d50-8a1447632052:192.168.164.217:36159], old=null
2019-11-05 08:26:14,882 [6ab6cfca-dbae-4fc7-a842-1fd8eedeb1ff@group-07DD719309DE-LeaderElection7] INFO  impl.LeaderElection (LeaderElection.java:askForVotes(178)) - 6ab6cfca-dbae-4fc7-a842-1fd8eedeb1ff@group-07DD719309DE-LeaderElection7: begin an election at term 5 for -1: [6ab6cfca-dbae-4fc7-a842-1fd8eedeb1ff:192.168.164.217:40408, e618d93a-19a9-4b89-96f3-44f318818422:192.168.164.217:37953, 90c9f5c6-6de3-44e3-8d50-8a1447632052:192.168.164.217:36159], old=null
2019-11-05 08:26:14,887 [grpc-default-executor-3] INFO  impl.RaftServerImpl (RaftServerImpl.java:setRole(184)) - 6ab6cfca-dbae-4fc7-a842-1fd8eedeb1ff@group-07DD719309DE: changes role from CANDIDATE to FOLLOWER at term 6 for recognizeCandidate:90c9f5c6-6de3-44e3-8d50-8a1447632052
2019-11-05 08:26:14,887 [grpc-default-executor-3] INFO  impl.RoleInfo (RoleInfo.java:shutdownLeaderElection(134)) - 6ab6cfca-dbae-4fc7-a842-1fd8eedeb1ff: shutdown LeaderElection
2019-11-05 08:26:14,887 [grpc-default-executor-3] INFO  impl.RoleInfo (RoleInfo.java:updateAndGet(143)) - 6ab6cfca-dbae-4fc7-a842-1fd8eedeb1ff: start FollowerState
2019-11-05 08:26:14,891 [grpc-default-executor-0] INFO  impl.RaftServerImpl (RaftServerImpl.java:setRole(184)) - e618d93a-19a9-4b89-96f3-44f318818422@group-07DD719309DE: changes role from  FOLLOWER to FOLLOWER at term 6 for recognizeCandidate:90c9f5c6-6de3-44e3-8d50-8a1447632052
2019-11-05 08:26:14,891 [grpc-default-executor-0] INFO  impl.RoleInfo (RoleInfo.java:shutdownFollowerState(121)) - e618d93a-19a9-4b89-96f3-44f318818422: shutdown FollowerState
2019-11-05 08:26:14,892 [Thread-242] INFO  impl.FollowerState (FollowerState.java:run(117)) - e618d93a-19a9-4b89-96f3-44f318818422@group-07DD719309DE-FollowerState was interrupted: java.lang.InterruptedException: sleep interrupted
2019-11-05 08:26:14,892 [grpc-default-executor-0] INFO  impl.RoleInfo (RoleInfo.java:updateAndGet(143)) - e618d93a-19a9-4b89-96f3-44f318818422: start FollowerState
2019-11-05 08:26:14,895 [6ab6cfca-dbae-4fc7-a842-1fd8eedeb1ff@group-07DD719309DE-LeaderElection7] INFO  impl.LeaderElection (LeaderElection.java:logAndReturn(56)) - 6ab6cfca-dbae-4fc7-a842-1fd8eedeb1ff@group-07DD719309DE-LeaderElection7: Election DISCOVERED_A_NEW_TERM; received 1 response(s) [6ab6cfca-dbae-4fc7-a842-1fd8eedeb1ff<-90c9f5c6-6de3-44e3-8d50-8a1447632052#0:FAIL-t6] and 0 exception(s); 6ab6cfca-dbae-4fc7-a842-1fd8eedeb1ff@group-07DD719309DE:t6, leader=null, voted=null, raftlog=6ab6cfca-dbae-4fc7-a842-1fd8eedeb1ff@group-07DD719309DE-SegmentedRaftLog:OPENED:c-1,f-1,i0, conf=-1: [6ab6cfca-dbae-4fc7-a842-1fd8eedeb1ff:192.168.164.217:40408, e618d93a-19a9-4b89-96f3-44f318818422:192.168.164.217:37953, 90c9f5c6-6de3-44e3-8d50-8a1447632052:192.168.164.217:36159], old=null
2019-11-05 08:26:14,906 [90c9f5c6-6de3-44e3-8d50-8a1447632052@group-07DD719309DE-LeaderElection5] INFO  impl.LeaderElection (LeaderElection.java:logAndReturn(56)) - 90c9f5c6-6de3-44e3-8d50-8a1447632052@group-07DD719309DE-LeaderElection5: Election REJECTED; received 2 response(s) [90c9f5c6-6de3-44e3-8d50-8a1447632052<-6ab6cfca-dbae-4fc7-a842-1fd8eedeb1ff#0:FAIL-t6, 90c9f5c6-6de3-44e3-8d50-8a1447632052<-e618d93a-19a9-4b89-96f3-44f318818422#0:FAIL-t6] and 0 exception(s); 90c9f5c6-6de3-44e3-8d50-8a1447632052@group-07DD719309DE:t6, leader=null, voted=90c9f5c6-6de3-44e3-8d50-8a1447632052, raftlog=90c9f5c6-6de3-44e3-8d50-8a1447632052@group-07DD719309DE-SegmentedRaftLog:OPENED:c-1,f-1,i0, conf=-1: [6ab6cfca-dbae-4fc7-a842-1fd8eedeb1ff:192.168.164.217:40408, e618d93a-19a9-4b89-96f3-44f318818422:192.168.164.217:37953, 90c9f5c6-6de3-44e3-8d50-8a1447632052:192.168.164.217:36159], old=null
2019-11-05 08:26:14,907 [90c9f5c6-6de3-44e3-8d50-8a1447632052@group-07DD719309DE-LeaderElection5] INFO  impl.RaftServerImpl (RaftServerImpl.java:setRole(184)) - 90c9f5c6-6de3-44e3-8d50-8a1447632052@group-07DD719309DE: changes role from CANDIDATE to FOLLOWER at term 6 for DISCOVERED_A_NEW_TERM
2019-11-05 08:26:14,907 [90c9f5c6-6de3-44e3-8d50-8a1447632052@group-07DD719309DE-LeaderElection5] INFO  impl.RoleInfo (RoleInfo.java:shutdownLeaderElection(134)) - 90c9f5c6-6de3-44e3-8d50-8a1447632052: shutdown LeaderElection
2019-11-05 08:26:14,907 [90c9f5c6-6de3-44e3-8d50-8a1447632052@group-07DD719309DE-LeaderElection5] INFO  impl.RoleInfo (RoleInfo.java:updateAndGet(143)) - 90c9f5c6-6de3-44e3-8d50-8a1447632052: start FollowerState
2019-11-05 08:26:14,980 [Thread-249] INFO  impl.FollowerState (FollowerState.java:run(108)) - 90c9f5c6-6de3-44e3-8d50-8a1447632052@group-07DD719309DE-FollowerState: change to CANDIDATE, lastRpcTime:73ms, electionTimeout:73ms
2019-11-05 08:26:14,981 [Thread-249] INFO  impl.RoleInfo (RoleInfo.java:shutdownFollowerState(121)) - 90c9f5c6-6de3-44e3-8d50-8a1447632052: shutdown FollowerState
2019-11-05 08:26:14,981 [Thread-249] INFO  impl.RaftServerImpl (RaftServerImpl.java:setRole(184)) - 90c9f5c6-6de3-44e3-8d50-8a1447632052@group-07DD719309DE: changes role from  FOLLOWER to CANDIDATE at term 6 for changeToCandidate
2019-11-05 08:26:14,981 [Thread-249] INFO  impl.RoleInfo (RoleInfo.java:updateAndGet(143)) - 90c9f5c6-6de3-44e3-8d50-8a1447632052: start LeaderElection
2019-11-05 08:26:14,996 [90c9f5c6-6de3-44e3-8d50-8a1447632052@group-07DD719309DE-LeaderElection8] INFO  impl.LeaderElection (LeaderElection.java:askForVotes(178)) - 90c9f5c6-6de3-44e3-8d50-8a1447632052@group-07DD719309DE-LeaderElection8: begin an election at term 7 for -1: [6ab6cfca-dbae-4fc7-a842-1fd8eedeb1ff:192.168.164.217:40408, e618d93a-19a9-4b89-96f3-44f318818422:192.168.164.217:37953, 90c9f5c6-6de3-44e3-8d50-8a1447632052:192.168.164.217:36159], old=null
2019-11-05 08:26:15,002 [grpc-default-executor-5] INFO  impl.RaftServerImpl (RaftServerImpl.java:setRole(184)) - e618d93a-19a9-4b89-96f3-44f318818422@group-07DD719309DE: changes role from  FOLLOWER to FOLLOWER at term 7 for recognizeCandidate:90c9f5c6-6de3-44e3-8d50-8a1447632052
2019-11-05 08:26:15,002 [grpc-default-executor-3] INFO  impl.RaftServerImpl (RaftServerImpl.java:setRole(184)) - 6ab6cfca-dbae-4fc7-a842-1fd8eedeb1ff@group-07DD719309DE: changes role from  FOLLOWER to FOLLOWER at term 7 for recognizeCandidate:90c9f5c6-6de3-44e3-8d50-8a1447632052
2019-11-05 08:26:15,002 [grpc-default-executor-5] INFO  impl.RoleInfo (RoleInfo.java:shutdownFollowerState(121)) - e618d93a-19a9-4b89-96f3-44f318818422: shutdown FollowerState
2019-11-05 08:26:15,002 [grpc-default-executor-3] INFO  impl.RoleInfo (RoleInfo.java:shutdownFollowerState(121)) - 6ab6cfca-dbae-4fc7-a842-1fd8eedeb1ff: shutdown FollowerState
2019-11-05 08:26:15,003 [grpc-default-executor-5] INFO  impl.RoleInfo (RoleInfo.java:updateAndGet(143)) - e618d93a-19a9-4b89-96f3-44f318818422: start FollowerState
2019-11-05 08:26:15,003 [Thread-248] INFO  impl.FollowerState (FollowerState.java:run(117)) - e618d93a-19a9-4b89-96f3-44f318818422@group-07DD719309DE-FollowerState was interrupted: java.lang.InterruptedException: sleep interrupted
2019-11-05 08:26:15,003 [grpc-default-executor-3] INFO  impl.RoleInfo (RoleInfo.java:updateAndGet(143)) - 6ab6cfca-dbae-4fc7-a842-1fd8eedeb1ff: start FollowerState
2019-11-05 08:26:15,003 [Thread-247] INFO  impl.FollowerState (FollowerState.java:run(117)) - 6ab6cfca-dbae-4fc7-a842-1fd8eedeb1ff@group-07DD719309DE-FollowerState was interrupted: java.lang.InterruptedException: sleep interrupted
2019-11-05 08:26:15,021 [90c9f5c6-6de3-44e3-8d50-8a1447632052@group-07DD719309DE-LeaderElection8] INFO  impl.LeaderElection (LeaderElection.java:logAndReturn(56)) - 90c9f5c6-6de3-44e3-8d50-8a1447632052@group-07DD719309DE-LeaderElection8: Election PASSED; received 2 response(s) [90c9f5c6-6de3-44e3-8d50-8a1447632052<-6ab6cfca-dbae-4fc7-a842-1fd8eedeb1ff#0:OK-t7, 90c9f5c6-6de3-44e3-8d50-8a1447632052<-e618d93a-19a9-4b89-96f3-44f318818422#0:FAIL-t7] and 0 exception(s); 90c9f5c6-6de3-44e3-8d50-8a1447632052@group-07DD719309DE:t7, leader=null, voted=90c9f5c6-6de3-44e3-8d50-8a1447632052, raftlog=90c9f5c6-6de3-44e3-8d50-8a1447632052@group-07DD719309DE-SegmentedRaftLog:OPENED:c-1,f-1,i0, conf=-1: [6ab6cfca-dbae-4fc7-a842-1fd8eedeb1ff:192.168.164.217:40408, e618d93a-19a9-4b89-96f3-44f318818422:192.168.164.217:37953, 90c9f5c6-6de3-44e3-8d50-8a1447632052:192.168.164.217:36159], old=null
2019-11-05 08:26:15,021 [90c9f5c6-6de3-44e3-8d50-8a1447632052@group-07DD719309DE-LeaderElection8] INFO  impl.RoleInfo (RoleInfo.java:shutdownLeaderElection(134)) - 90c9f5c6-6de3-44e3-8d50-8a1447632052: shutdown LeaderElection
2019-11-05 08:26:15,021 [90c9f5c6-6de3-44e3-8d50-8a1447632052@group-07DD719309DE-LeaderElection8] INFO  impl.RaftServerImpl (RaftServerImpl.java:setRole(184)) - 90c9f5c6-6de3-44e3-8d50-8a1447632052@group-07DD719309DE: changes role from CANDIDATE to LEADER at term 7 for changeToLeader
2019-11-05 08:26:15,023 [90c9f5c6-6de3-44e3-8d50-8a1447632052@group-07DD719309DE-LeaderElection8] INFO  impl.RaftServerImpl (ServerState.java:setLeader(256)) - 90c9f5c6-6de3-44e3-8d50-8a1447632052@group-07DD719309DE: change Leader from null to 90c9f5c6-6de3-44e3-8d50-8a1447632052 at term 7 for becomeLeader, leader elected after 457ms
2019-11-05 08:26:15,023 [90c9f5c6-6de3-44e3-8d50-8a1447632052@group-07DD719309DE-LeaderElection8] INFO  server.RaftServerConfigKeys (ConfUtils.java:logGet(43)) - raft.server.staging.catchup.gap = 1000 (default)
2019-11-05 08:26:15,023 [90c9f5c6-6de3-44e3-8d50-8a1447632052@group-07DD719309DE-LeaderElection8] INFO  server.RaftServerConfigKeys (ConfUtils.java:logGet(43)) - raft.server.rpc.sleep.time = 25ms (default)
2019-11-05 08:26:15,024 [90c9f5c6-6de3-44e3-8d50-8a1447632052@group-07DD719309DE-LeaderElection8] INFO  server.RaftServerConfigKeys (ConfUtils.java:logGet(43)) - raft.server.write.element-limit = 4096 (default)
2019-11-05 08:26:15,024 [90c9f5c6-6de3-44e3-8d50-8a1447632052@group-07DD719309DE-LeaderElection8] INFO  server.RaftServerConfigKeys (ConfUtils.java:logGet(43)) - raft.server.watch.timeout = 10s (default)
2019-11-05 08:26:15,024 [90c9f5c6-6de3-44e3-8d50-8a1447632052@group-07DD719309DE-LeaderElection8] INFO  server.RaftServerConfigKeys (ConfUtils.java:logGet(43)) - raft.server.watch.timeout.denomination = 1s (default)
2019-11-05 08:26:15,024 [90c9f5c6-6de3-44e3-8d50-8a1447632052@group-07DD719309DE-LeaderElection8] INFO  server.RaftServerConfigKeys (ConfUtils.java:logGet(43)) - raft.server.watch.element-limit = 65536 (default)
2019-11-05 08:26:15,027 [90c9f5c6-6de3-44e3-8d50-8a1447632052@group-07DD719309DE-LeaderElection8] INFO  server.RaftServerConfigKeys (ConfUtils.java:logGet(43)) - raft.server.log.appender.snapshot.chunk.size.max = 16MB (=16777216) (default)
2019-11-05 08:26:15,027 [90c9f5c6-6de3-44e3-8d50-8a1447632052@group-07DD719309DE-LeaderElection8] INFO  server.RaftServerConfigKeys (ConfUtils.java:logGet(43)) - raft.server.log.appender.buffer.byte-limit = 33554432 (custom)
2019-11-05 08:26:15,027 [90c9f5c6-6de3-44e3-8d50-8a1447632052@group-07DD719309DE-LeaderElection8] INFO  server.RaftServerConfigKeys (ConfUtils.java:logGet(43)) - raft.server.log.appender.buffer.element-limit = 1 (custom)
2019-11-05 08:26:15,027 [90c9f5c6-6de3-44e3-8d50-8a1447632052@group-07DD719309DE-LeaderElection8] INFO  grpc.GrpcConfigKeys$Server (ConfUtils.java:logGet(43)) - raft.grpc.server.leader.outstanding.appends.max = 128 (default)
2019-11-05 08:26:15,028 [90c9f5c6-6de3-44e3-8d50-8a1447632052@group-07DD719309DE-LeaderElection8] INFO  server.RaftServerConfigKeys (ConfUtils.java:logGet(43)) - raft.server.rpc.request.timeout = 3000ms (default)
2019-11-05 08:26:15,028 [90c9f5c6-6de3-44e3-8d50-8a1447632052@group-07DD719309DE-LeaderElection8] INFO  server.RaftServerConfigKeys (ConfUtils.java:logGet(43)) - raft.server.log.appender.install.snapshot.enabled = false (custom)
2019-11-05 08:26:15,031 [90c9f5c6-6de3-44e3-8d50-8a1447632052@group-07DD719309DE-LeaderElection8] INFO  server.RaftServerConfigKeys (ConfUtils.java:logGet(43)) - raft.server.log.appender.snapshot.chunk.size.max = 16MB (=16777216) (default)
2019-11-05 08:26:15,031 [90c9f5c6-6de3-44e3-8d50-8a1447632052@group-07DD719309DE-LeaderElection8] INFO  server.RaftServerConfigKeys (ConfUtils.java:logGet(43)) - raft.server.log.appender.buffer.byte-limit = 33554432 (custom)
2019-11-05 08:26:15,032 [90c9f5c6-6de3-44e3-8d50-8a1447632052@group-07DD719309DE-LeaderElection8] INFO  server.RaftServerConfigKeys (ConfUtils.java:logGet(43)) - raft.server.log.appender.buffer.element-limit = 1 (custom)
2019-11-05 08:26:15,032 [90c9f5c6-6de3-44e3-8d50-8a1447632052@group-07DD719309DE-LeaderElection8] INFO  grpc.GrpcConfigKeys$Server (ConfUtils.java:logGet(43)) - raft.grpc.server.leader.outstanding.appends.max = 128 (default)
2019-11-05 08:26:15,033 [90c9f5c6-6de3-44e3-8d50-8a1447632052@group-07DD719309DE-LeaderElection8] INFO  server.RaftServerConfigKeys (ConfUtils.java:logGet(43)) - raft.server.rpc.request.timeout = 3000ms (default)
2019-11-05 08:26:15,033 [90c9f5c6-6de3-44e3-8d50-8a1447632052@group-07DD719309DE-LeaderElection8] INFO  server.RaftServerConfigKeys (ConfUtils.java:logGet(43)) - raft.server.log.appender.install.snapshot.enabled = false (custom)
2019-11-05 08:26:15,035 [90c9f5c6-6de3-44e3-8d50-8a1447632052@group-07DD719309DE-LeaderElection8] INFO  impl.RoleInfo (RoleInfo.java:updateAndGet(143)) - 90c9f5c6-6de3-44e3-8d50-8a1447632052: start LeaderState
2019-11-05 08:26:15,036 [90c9f5c6-6de3-44e3-8d50-8a1447632052@group-07DD719309DE-LeaderElection8] INFO  segmented.SegmentedRaftLogWorker (SegmentedRaftLogWorker.java:startLogSegment(385)) - 90c9f5c6-6de3-44e3-8d50-8a1447632052@group-07DD719309DE-SegmentedRaftLogWorker: Starting segment from index:0
2019-11-05 08:26:15,037 [90c9f5c6-6de3-44e3-8d50-8a1447632052@group-07DD719309DE-LeaderElection8] INFO  impl.RaftServerImpl (ServerState.java:setRaftConf(357)) - 90c9f5c6-6de3-44e3-8d50-8a1447632052@group-07DD719309DE: set configuration 0: [6ab6cfca-dbae-4fc7-a842-1fd8eedeb1ff:192.168.164.217:40408, e618d93a-19a9-4b89-96f3-44f318818422:192.168.164.217:37953, 90c9f5c6-6de3-44e3-8d50-8a1447632052:192.168.164.217:36159], old=null at 0
2019-11-05 08:26:15,081 [Thread-255] INFO  impl.FollowerState (FollowerState.java:run(108)) - 6ab6cfca-dbae-4fc7-a842-1fd8eedeb1ff@group-07DD719309DE-FollowerState: change to CANDIDATE, lastRpcTime:78ms, electionTimeout:76ms
2019-11-05 08:26:15,082 [Thread-255] INFO  impl.RoleInfo (RoleInfo.java:shutdownFollowerState(121)) - 6ab6cfca-dbae-4fc7-a842-1fd8eedeb1ff: shutdown FollowerState
2019-11-05 08:26:15,083 [Thread-255] INFO  impl.RaftServerImpl (RaftServerImpl.java:setRole(184)) - 6ab6cfca-dbae-4fc7-a842-1fd8eedeb1ff@group-07DD719309DE: changes role from  FOLLOWER to CANDIDATE at term 7 for changeToCandidate
2019-11-05 08:26:15,083 [Thread-255] INFO  impl.RoleInfo (RoleInfo.java:updateAndGet(143)) - 6ab6cfca-dbae-4fc7-a842-1fd8eedeb1ff: start LeaderElection
2019-11-05 08:26:15,083 [grpc-default-executor-3] INFO  impl.RaftServerImpl (ServerState.java:setLeader(256)) - e618d93a-19a9-4b89-96f3-44f318818422@group-07DD719309DE: change Leader from null to 90c9f5c6-6de3-44e3-8d50-8a1447632052 at term 7 for appendEntries, leader elected after 283ms
2019-11-05 08:26:15,083 [grpc-default-executor-5] INFO  impl.RaftServerImpl (RaftServerImpl.java:setRole(184)) - 6ab6cfca-dbae-4fc7-a842-1fd8eedeb1ff@group-07DD719309DE: changes role from CANDIDATE to FOLLOWER at term 7 for appendEntries
2019-11-05 08:26:15,087 [grpc-default-executor-5] INFO  impl.RoleInfo (RoleInfo.java:shutdownLeaderElection(134)) - 6ab6cfca-dbae-4fc7-a842-1fd8eedeb1ff: shutdown LeaderElection
2019-11-05 08:26:15,083 [90c9f5c6-6de3-44e3-8d50-8a1447632052@group-07DD719309DE-SegmentedRaftLogWorker] INFO  segmented.SegmentedRaftLogWorker (SegmentedRaftLogWorker.java:execute(576)) - 90c9f5c6-6de3-44e3-8d50-8a1447632052@group-07DD719309DE-SegmentedRaftLogWorker: created new log segment /workdir/hadoop-ozone/integration-test/target/test-dir/MiniOzoneClusterImpl-02b65e86-f8bb-4f05-a146-5b32a27149c8/datanode-0/data/ratis/91d82eec-d61e-45ed-83e6-07dd719309de/current/log_inprogress_0
2019-11-05 08:26:15,087 [grpc-default-executor-5] INFO  impl.RoleInfo (RoleInfo.java:updateAndGet(143)) - 6ab6cfca-dbae-4fc7-a842-1fd8eedeb1ff: start FollowerState
2019-11-05 08:26:15,088 [grpc-default-executor-5] INFO  impl.RaftServerImpl (ServerState.java:setLeader(256)) - 6ab6cfca-dbae-4fc7-a842-1fd8eedeb1ff@group-07DD719309DE: change Leader from null to 90c9f5c6-6de3-44e3-8d50-8a1447632052 at term 7 for appendEntries, leader elected after 522ms
2019-11-05 08:26:15,088 [6ab6cfca-dbae-4fc7-a842-1fd8eedeb1ff@group-07DD719309DE-LeaderElection9] INFO  impl.RaftServerImpl (ServerState.java:setLeader(256)) - 6ab6cfca-dbae-4fc7-a842-1fd8eedeb1ff@group-07DD719309DE: change Leader from 90c9f5c6-6de3-44e3-8d50-8a1447632052 to null at term 7 for initElection
2019-11-05 08:26:15,100 [6ab6cfca-dbae-4fc7-a842-1fd8eedeb1ff@group-07DD719309DE-LeaderElection9] INFO  impl.LeaderElection (LeaderElection.java:askForVotes(178)) - 6ab6cfca-dbae-4fc7-a842-1fd8eedeb1ff@group-07DD719309DE-LeaderElection9: begin an election at term 8 for -1: [6ab6cfca-dbae-4fc7-a842-1fd8eedeb1ff:192.168.164.217:40408, e618d93a-19a9-4b89-96f3-44f318818422:192.168.164.217:37953, 90c9f5c6-6de3-44e3-8d50-8a1447632052:192.168.164.217:36159], old=null
2019-11-05 08:26:15,101 [6ab6cfca-dbae-4fc7-a842-1fd8eedeb1ff@group-07DD719309DE-LeaderElection9] INFO  impl.LeaderElection (LeaderElection.java:logAndReturn(56)) - 6ab6cfca-dbae-4fc7-a842-1fd8eedeb1ff@group-07DD719309DE-LeaderElection9: Election REJECTED; received 0 response(s) [] and 0 exception(s); 6ab6cfca-dbae-4fc7-a842-1fd8eedeb1ff@group-07DD719309DE:t8, leader=null, voted=6ab6cfca-dbae-4fc7-a842-1fd8eedeb1ff, raftlog=6ab6cfca-dbae-4fc7-a842-1fd8eedeb1ff@group-07DD719309DE-SegmentedRaftLog:OPENED:c-1,f-1,i0, conf=-1: [6ab6cfca-dbae-4fc7-a842-1fd8eedeb1ff:192.168.164.217:40408, e618d93a-19a9-4b89-96f3-44f318818422:192.168.164.217:37953, 90c9f5c6-6de3-44e3-8d50-8a1447632052:192.168.164.217:36159], old=null
2019-11-05 08:26:15,106 [grpc-default-executor-0] INFO  impl.RaftServerImpl (ServerState.java:setLeader(256)) - e618d93a-19a9-4b89-96f3-44f318818422@group-07DD719309DE: change Leader from 90c9f5c6-6de3-44e3-8d50-8a1447632052 to null at term 8 for updateCurrentTerm
2019-11-05 08:26:15,106 [grpc-default-executor-3] INFO  impl.RaftServerImpl (ServerState.java:setLeader(256)) - 90c9f5c6-6de3-44e3-8d50-8a1447632052@group-07DD719309DE: change Leader from 90c9f5c6-6de3-44e3-8d50-8a1447632052 to null at term 8 for updateCurrentTerm
2019-11-05 08:26:15,107 [grpc-default-executor-0] INFO  impl.RaftServerImpl (RaftServerImpl.java:setRole(184)) - e618d93a-19a9-4b89-96f3-44f318818422@group-07DD719309DE: changes role from  FOLLOWER to FOLLOWER at term 8 for recognizeCandidate:6ab6cfca-dbae-4fc7-a842-1fd8eedeb1ff
2019-11-05 08:26:15,108 [grpc-default-executor-3] INFO  impl.RaftServerImpl (RaftServerImpl.java:setRole(184)) - 90c9f5c6-6de3-44e3-8d50-8a1447632052@group-07DD719309DE: changes role from    LEADER to FOLLOWER at term 8 for recognizeCandidate:6ab6cfca-dbae-4fc7-a842-1fd8eedeb1ff
2019-11-05 08:26:15,108 [grpc-default-executor-0] INFO  impl.RoleInfo (RoleInfo.java:shutdownFollowerState(121)) - e618d93a-19a9-4b89-96f3-44f318818422: shutdown FollowerState
2019-11-05 08:26:15,108 [grpc-default-executor-3] INFO  impl.RoleInfo (RoleInfo.java:shutdownLeaderState(104)) - 90c9f5c6-6de3-44e3-8d50-8a1447632052: shutdown LeaderState
2019-11-05 08:26:15,108 [grpc-default-executor-0] INFO  impl.RoleInfo (RoleInfo.java:updateAndGet(143)) - e618d93a-19a9-4b89-96f3-44f318818422: start FollowerState
2019-11-05 08:26:15,108 [Thread-254] INFO  impl.FollowerState (FollowerState.java:run(117)) - e618d93a-19a9-4b89-96f3-44f318818422@group-07DD719309DE-FollowerState was interrupted: java.lang.InterruptedException: sleep interrupted
2019-11-05 08:26:15,110 [grpc-default-executor-3] INFO  impl.PendingRequests (PendingRequests.java:sendNotLeaderResponses(202)) - 90c9f5c6-6de3-44e3-8d50-8a1447632052@group-07DD719309DE-PendingRequests: sendNotLeaderResponses
2019-11-05 08:26:15,110 [org.apache.ratis.server.impl.LogAppender$AppenderDaemon$$Lambda$379/872224996@7320f2cd] WARN  server.GrpcLogAppender (GrpcLogAppender.java:mayWait(149)) - 90c9f5c6-6de3-44e3-8d50-8a1447632052@group-07DD719309DE->6ab6cfca-dbae-4fc7-a842-1fd8eedeb1ff-GrpcLogAppender: Wait interrupted by java.lang.InterruptedException
2019-11-05 08:26:15,110 [org.apache.ratis.server.impl.LogAppender$AppenderDaemon$$Lambda$379/872224996@42994600] WARN  server.GrpcLogAppender (GrpcLogAppender.java:mayWait(149)) - 90c9f5c6-6de3-44e3-8d50-8a1447632052@group-07DD719309DE->e618d93a-19a9-4b89-96f3-44f318818422-GrpcLogAppender: Wait interrupted by java.lang.InterruptedException
2019-11-05 08:26:15,110 [grpc-default-executor-3] INFO  impl.RoleInfo (RoleInfo.java:updateAndGet(143)) - 90c9f5c6-6de3-44e3-8d50-8a1447632052: start FollowerState
2019-11-05 08:26:15,115 [grpc-default-executor-1] INFO  server.GrpcServerProtocolService (GrpcServerProtocolService.java:onCompleted(113)) - 6ab6cfca-dbae-4fc7-a842-1fd8eedeb1ff: Completed APPEND_ENTRIES, lastRequest: 90c9f5c6-6de3-44e3-8d50-8a1447632052->6ab6cfca-dbae-4fc7-a842-1fd8eedeb1ff#1-t7, previous=(t:0, i:0), leaderCommit=0, initializing? false, entries: size=1, first=(t:7, i:0), CONFIGURATIONENTRY
2019-11-05 08:26:15,120 [grpc-default-executor-5] INFO  server.GrpcLogAppender (GrpcLogAppender.java:onCompleted(308)) - 90c9f5c6-6de3-44e3-8d50-8a1447632052@group-07DD719309DE->6ab6cfca-dbae-4fc7-a842-1fd8eedeb1ff-AppendLogResponseHandler: follower responses appendEntries COMPLETED
2019-11-05 08:26:15,121 [grpc-default-executor-2] INFO  server.GrpcServerProtocolService (GrpcServerProtocolService.java:onCompleted(113)) - e618d93a-19a9-4b89-96f3-44f318818422: Completed APPEND_ENTRIES, lastRequest: 90c9f5c6-6de3-44e3-8d50-8a1447632052->e618d93a-19a9-4b89-96f3-44f318818422#1-t7, previous=(t:0, i:0), leaderCommit=0, initializing? false, entries: size=1, first=(t:7, i:0), CONFIGURATIONENTRY
2019-11-05 08:26:15,123 [grpc-default-executor-5] INFO  impl.FollowerInfo (FollowerInfo.java:lambda$new$0(51)) - 90c9f5c6-6de3-44e3-8d50-8a1447632052@group-07DD719309DE->6ab6cfca-dbae-4fc7-a842-1fd8eedeb1ff: nextIndex: updateUnconditionally 1 -> 0
2019-11-05 08:26:15,125 [grpc-default-executor-5] INFO  server.GrpcLogAppender (GrpcLogAppender.java:onCompleted(308)) - 90c9f5c6-6de3-44e3-8d50-8a1447632052@group-07DD719309DE->e618d93a-19a9-4b89-96f3-44f318818422-AppendLogResponseHandler: follower responses appendEntries COMPLETED
2019-11-05 08:26:15,127 [grpc-default-executor-5] INFO  impl.FollowerInfo (FollowerInfo.java:lambda$new$0(51)) - 90c9f5c6-6de3-44e3-8d50-8a1447632052@group-07DD719309DE->e618d93a-19a9-4b89-96f3-44f318818422: nextIndex: updateUnconditionally 1 -> 0
2019-11-05 08:26:15,614 [main] INFO  rpc.RpcClient (RpcClient.java:createVolume(272)) - Creating Volume: testcontainerstatemachinefailures, with jenkins1000 as owner.
2019-11-05 08:26:15,706 [IPC Server handler 2 on 38026] INFO  volume.OMVolumeCreateRequest (OMVolumeCreateRequest.java:validateAndUpdateCache(193)) - created volume:testcontainerstatemachinefailures for user:jenkins1000
2019-11-05 08:26:15,731 [main] INFO  rpc.RpcClient (RpcClient.java:createBucket(411)) - Creating Bucket: testcontainerstatemachinefailures/testcontainerstatemachinefailures, with Versioning false and Storage Type set to DISK and Encryption set to false 
2019-11-05 08:26:15,797 [IPC Server handler 0 on 32786] INFO  server.SCMBlockProtocolServer (SCMBlockProtocolServer.java:allocateBlock(179)) - Allocating 1 blocks of size 4194304, with ExcludeList {datanodes = [], containerIds = [], pipelineIds = []}
2019-11-05 08:26:15,895 [main] INFO  impl.MetricsSystemImpl (MetricsSystemImpl.java:init(158)) - XceiverClientMetrics metrics system started (again)
2019-11-05 08:26:16,544 [Thread-181] INFO  container.ReplicationManager (ReplicationManager.java:start(162)) - Starting Replication Monitor Thread.
2019-11-05 08:26:16,551 [ReplicationMonitor] INFO  container.ReplicationManager (ReplicationManager.java:run(225)) - Replication Monitor Thread took 5 milliseconds for processing 1 containers.
2019-11-05 08:26:20,264 [Thread-268] INFO  impl.FollowerState (FollowerState.java:run(108)) - 90c9f5c6-6de3-44e3-8d50-8a1447632052@group-07DD719309DE-FollowerState: change to CANDIDATE, lastRpcTime:5153ms, electionTimeout:5150ms
2019-11-05 08:26:20,264 [Thread-268] INFO  impl.RoleInfo (RoleInfo.java:shutdownFollowerState(121)) - 90c9f5c6-6de3-44e3-8d50-8a1447632052: shutdown FollowerState
2019-11-05 08:26:20,265 [Thread-268] INFO  impl.RaftServerImpl (RaftServerImpl.java:setRole(184)) - 90c9f5c6-6de3-44e3-8d50-8a1447632052@group-07DD719309DE: changes role from  FOLLOWER to CANDIDATE at term 8 for changeToCandidate
2019-11-05 08:26:20,265 [Thread-268] INFO  impl.RoleInfo (RoleInfo.java:updateAndGet(143)) - 90c9f5c6-6de3-44e3-8d50-8a1447632052: start LeaderElection
2019-11-05 08:26:20,281 [90c9f5c6-6de3-44e3-8d50-8a1447632052@group-07DD719309DE-LeaderElection10] INFO  impl.LeaderElection (LeaderElection.java:askForVotes(178)) - 90c9f5c6-6de3-44e3-8d50-8a1447632052@group-07DD719309DE-LeaderElection10: begin an election at term 9 for 0: [6ab6cfca-dbae-4fc7-a842-1fd8eedeb1ff:192.168.164.217:40408, e618d93a-19a9-4b89-96f3-44f318818422:192.168.164.217:37953, 90c9f5c6-6de3-44e3-8d50-8a1447632052:192.168.164.217:36159], old=null
2019-11-05 08:26:20,297 [grpc-default-executor-0] INFO  impl.RaftServerImpl (RaftServerImpl.java:setRole(184)) - 6ab6cfca-dbae-4fc7-a842-1fd8eedeb1ff@group-07DD719309DE: changes role from  FOLLOWER to FOLLOWER at term 9 for recognizeCandidate:90c9f5c6-6de3-44e3-8d50-8a1447632052
2019-11-05 08:26:20,297 [grpc-default-executor-0] INFO  impl.RoleInfo (RoleInfo.java:shutdownFollowerState(121)) - 6ab6cfca-dbae-4fc7-a842-1fd8eedeb1ff: shutdown FollowerState
2019-11-05 08:26:20,297 [grpc-default-executor-5] INFO  impl.RaftServerImpl (RaftServerImpl.java:setRole(184)) - e618d93a-19a9-4b89-96f3-44f318818422@group-07DD719309DE: changes role from  FOLLOWER to FOLLOWER at term 9 for recognizeCandidate:90c9f5c6-6de3-44e3-8d50-8a1447632052
2019-11-05 08:26:20,297 [grpc-default-executor-0] INFO  impl.RoleInfo (RoleInfo.java:updateAndGet(143)) - 6ab6cfca-dbae-4fc7-a842-1fd8eedeb1ff: start FollowerState
2019-11-05 08:26:20,297 [grpc-default-executor-5] INFO  impl.RoleInfo (RoleInfo.java:shutdownFollowerState(121)) - e618d93a-19a9-4b89-96f3-44f318818422: shutdown FollowerState
2019-11-05 08:26:20,297 [Thread-262] INFO  impl.FollowerState (FollowerState.java:run(117)) - 6ab6cfca-dbae-4fc7-a842-1fd8eedeb1ff@group-07DD719309DE-FollowerState was interrupted: java.lang.InterruptedException: sleep interrupted
2019-11-05 08:26:20,298 [grpc-default-executor-5] INFO  impl.RoleInfo (RoleInfo.java:updateAndGet(143)) - e618d93a-19a9-4b89-96f3-44f318818422: start FollowerState
2019-11-05 08:26:20,298 [Thread-267] INFO  impl.FollowerState (FollowerState.java:run(117)) - e618d93a-19a9-4b89-96f3-44f318818422@group-07DD719309DE-FollowerState was interrupted: java.lang.InterruptedException: sleep interrupted
2019-11-05 08:26:20,318 [90c9f5c6-6de3-44e3-8d50-8a1447632052@group-07DD719309DE-LeaderElection10] INFO  impl.LeaderElection (LeaderElection.java:logAndReturn(56)) - 90c9f5c6-6de3-44e3-8d50-8a1447632052@group-07DD719309DE-LeaderElection10: Election PASSED; received 1 response(s) [90c9f5c6-6de3-44e3-8d50-8a1447632052<-6ab6cfca-dbae-4fc7-a842-1fd8eedeb1ff#0:OK-t9] and 0 exception(s); 90c9f5c6-6de3-44e3-8d50-8a1447632052@group-07DD719309DE:t9, leader=null, voted=90c9f5c6-6de3-44e3-8d50-8a1447632052, raftlog=90c9f5c6-6de3-44e3-8d50-8a1447632052@group-07DD719309DE-SegmentedRaftLog:OPENED:c0,f0,i0, conf=0: [6ab6cfca-dbae-4fc7-a842-1fd8eedeb1ff:192.168.164.217:40408, e618d93a-19a9-4b89-96f3-44f318818422:192.168.164.217:37953, 90c9f5c6-6de3-44e3-8d50-8a1447632052:192.168.164.217:36159], old=null
2019-11-05 08:26:20,318 [90c9f5c6-6de3-44e3-8d50-8a1447632052@group-07DD719309DE-LeaderElection10] INFO  impl.RoleInfo (RoleInfo.java:shutdownLeaderElection(134)) - 90c9f5c6-6de3-44e3-8d50-8a1447632052: shutdown LeaderElection
2019-11-05 08:26:20,319 [90c9f5c6-6de3-44e3-8d50-8a1447632052@group-07DD719309DE-LeaderElection10] INFO  impl.RaftServerImpl (RaftServerImpl.java:setRole(184)) - 90c9f5c6-6de3-44e3-8d50-8a1447632052@group-07DD719309DE: changes role from CANDIDATE to LEADER at term 9 for changeToLeader
2019-11-05 08:26:20,319 [90c9f5c6-6de3-44e3-8d50-8a1447632052@group-07DD719309DE-LeaderElection10] INFO  impl.RaftServerImpl (ServerState.java:setLeader(256)) - 90c9f5c6-6de3-44e3-8d50-8a1447632052@group-07DD719309DE: change Leader from null to 90c9f5c6-6de3-44e3-8d50-8a1447632052 at term 9 for becomeLeader, leader elected after 5212ms
2019-11-05 08:26:20,319 [90c9f5c6-6de3-44e3-8d50-8a1447632052@group-07DD719309DE-LeaderElection10] INFO  server.RaftServerConfigKeys (ConfUtils.java:logGet(43)) - raft.server.staging.catchup.gap = 1000 (default)
2019-11-05 08:26:20,320 [90c9f5c6-6de3-44e3-8d50-8a1447632052@group-07DD719309DE-LeaderElection10] INFO  server.RaftServerConfigKeys (ConfUtils.java:logGet(43)) - raft.server.rpc.sleep.time = 25ms (default)
2019-11-05 08:26:20,320 [90c9f5c6-6de3-44e3-8d50-8a1447632052@group-07DD719309DE-LeaderElection10] INFO  server.RaftServerConfigKeys (ConfUtils.java:logGet(43)) - raft.server.write.element-limit = 4096 (default)
2019-11-05 08:26:20,320 [90c9f5c6-6de3-44e3-8d50-8a1447632052@group-07DD719309DE-LeaderElection10] INFO  server.RaftServerConfigKeys (ConfUtils.java:logGet(43)) - raft.server.watch.timeout = 10s (default)
2019-11-05 08:26:20,320 [90c9f5c6-6de3-44e3-8d50-8a1447632052@group-07DD719309DE-LeaderElection10] INFO  server.RaftServerConfigKeys (ConfUtils.java:logGet(43)) - raft.server.watch.timeout.denomination = 1s (default)
2019-11-05 08:26:20,320 [90c9f5c6-6de3-44e3-8d50-8a1447632052@group-07DD719309DE-LeaderElection10] INFO  server.RaftServerConfigKeys (ConfUtils.java:logGet(43)) - raft.server.watch.element-limit = 65536 (default)
2019-11-05 08:26:20,321 [90c9f5c6-6de3-44e3-8d50-8a1447632052@group-07DD719309DE-LeaderElection10] INFO  server.RaftServerConfigKeys (ConfUtils.java:logGet(43)) - raft.server.log.appender.snapshot.chunk.size.max = 16MB (=16777216) (default)
2019-11-05 08:26:20,321 [90c9f5c6-6de3-44e3-8d50-8a1447632052@group-07DD719309DE-LeaderElection10] INFO  server.RaftServerConfigKeys (ConfUtils.java:logGet(43)) - raft.server.log.appender.buffer.byte-limit = 33554432 (custom)
2019-11-05 08:26:20,321 [90c9f5c6-6de3-44e3-8d50-8a1447632052@group-07DD719309DE-LeaderElection10] INFO  server.RaftServerConfigKeys (ConfUtils.java:logGet(43)) - raft.server.log.appender.buffer.element-limit = 1 (custom)
2019-11-05 08:26:20,322 [90c9f5c6-6de3-44e3-8d50-8a1447632052@group-07DD719309DE-LeaderElection10] INFO  grpc.GrpcConfigKeys$Server (ConfUtils.java:logGet(43)) - raft.grpc.server.leader.outstanding.appends.max = 128 (default)
2019-11-05 08:26:20,322 [90c9f5c6-6de3-44e3-8d50-8a1447632052@group-07DD719309DE-LeaderElection10] INFO  server.RaftServerConfigKeys (ConfUtils.java:logGet(43)) - raft.server.rpc.request.timeout = 3000ms (default)
2019-11-05 08:26:20,322 [90c9f5c6-6de3-44e3-8d50-8a1447632052@group-07DD719309DE-LeaderElection10] INFO  server.RaftServerConfigKeys (ConfUtils.java:logGet(43)) - raft.server.log.appender.install.snapshot.enabled = false (custom)
2019-11-05 08:26:20,327 [90c9f5c6-6de3-44e3-8d50-8a1447632052@group-07DD719309DE-LeaderElection10] INFO  server.RaftServerConfigKeys (ConfUtils.java:logGet(43)) - raft.server.log.appender.snapshot.chunk.size.max = 16MB (=16777216) (default)
2019-11-05 08:26:20,327 [90c9f5c6-6de3-44e3-8d50-8a1447632052@group-07DD719309DE-LeaderElection10] INFO  server.RaftServerConfigKeys (ConfUtils.java:logGet(43)) - raft.server.log.appender.buffer.byte-limit = 33554432 (custom)
2019-11-05 08:26:20,327 [90c9f5c6-6de3-44e3-8d50-8a1447632052@group-07DD719309DE-LeaderElection10] INFO  server.RaftServerConfigKeys (ConfUtils.java:logGet(43)) - raft.server.log.appender.buffer.element-limit = 1 (custom)
2019-11-05 08:26:20,328 [90c9f5c6-6de3-44e3-8d50-8a1447632052@group-07DD719309DE-LeaderElection10] INFO  grpc.GrpcConfigKeys$Server (ConfUtils.java:logGet(43)) - raft.grpc.server.leader.outstanding.appends.max = 128 (default)
2019-11-05 08:26:20,328 [90c9f5c6-6de3-44e3-8d50-8a1447632052@group-07DD719309DE-LeaderElection10] INFO  server.RaftServerConfigKeys (ConfUtils.java:logGet(43)) - raft.server.rpc.request.timeout = 3000ms (default)
2019-11-05 08:26:20,328 [90c9f5c6-6de3-44e3-8d50-8a1447632052@group-07DD719309DE-LeaderElection10] INFO  server.RaftServerConfigKeys (ConfUtils.java:logGet(43)) - raft.server.log.appender.install.snapshot.enabled = false (custom)
2019-11-05 08:26:20,332 [90c9f5c6-6de3-44e3-8d50-8a1447632052@group-07DD719309DE-LeaderElection10] INFO  impl.RoleInfo (RoleInfo.java:updateAndGet(143)) - 90c9f5c6-6de3-44e3-8d50-8a1447632052: start LeaderState
2019-11-05 08:26:20,333 [90c9f5c6-6de3-44e3-8d50-8a1447632052@group-07DD719309DE-LeaderElection10] INFO  segmented.SegmentedRaftLogWorker (SegmentedRaftLogWorker.java:rollLogSegment(390)) - 90c9f5c6-6de3-44e3-8d50-8a1447632052@group-07DD719309DE-SegmentedRaftLogWorker: Rolling segment log-0_0 to index:0
2019-11-05 08:26:20,336 [90c9f5c6-6de3-44e3-8d50-8a1447632052@group-07DD719309DE-SegmentedRaftLogWorker] INFO  segmented.SegmentedRaftLogWorker (SegmentedRaftLogWorker.java:execute(533)) - 90c9f5c6-6de3-44e3-8d50-8a1447632052@group-07DD719309DE-SegmentedRaftLogWorker: Rolled log segment from /workdir/hadoop-ozone/integration-test/target/test-dir/MiniOzoneClusterImpl-02b65e86-f8bb-4f05-a146-5b32a27149c8/datanode-0/data/ratis/91d82eec-d61e-45ed-83e6-07dd719309de/current/log_inprogress_0 to /workdir/hadoop-ozone/integration-test/target/test-dir/MiniOzoneClusterImpl-02b65e86-f8bb-4f05-a146-5b32a27149c8/datanode-0/data/ratis/91d82eec-d61e-45ed-83e6-07dd719309de/current/log_0-0
2019-11-05 08:26:20,340 [90c9f5c6-6de3-44e3-8d50-8a1447632052@group-07DD719309DE-LeaderElection10] INFO  impl.RaftServerImpl (ServerState.java:setRaftConf(357)) - 90c9f5c6-6de3-44e3-8d50-8a1447632052@group-07DD719309DE: set configuration 1: [6ab6cfca-dbae-4fc7-a842-1fd8eedeb1ff:192.168.164.217:40408, e618d93a-19a9-4b89-96f3-44f318818422:192.168.164.217:37953, 90c9f5c6-6de3-44e3-8d50-8a1447632052:192.168.164.217:36159], old=null at 1
2019-11-05 08:26:20,371 [grpc-default-executor-5] INFO  impl.RaftServerImpl (ServerState.java:setLeader(256)) - e618d93a-19a9-4b89-96f3-44f318818422@group-07DD719309DE: change Leader from null to 90c9f5c6-6de3-44e3-8d50-8a1447632052 at term 9 for appendEntries, leader elected after 5265ms
2019-11-05 08:26:20,373 [grpc-default-executor-0] INFO  impl.RaftServerImpl (ServerState.java:setLeader(256)) - 6ab6cfca-dbae-4fc7-a842-1fd8eedeb1ff@group-07DD719309DE: change Leader from null to 90c9f5c6-6de3-44e3-8d50-8a1447632052 at term 9 for appendEntries, leader elected after 5284ms
2019-11-05 08:26:20,375 [grpc-default-executor-5] INFO  impl.RaftServerImpl (RaftServerImpl.java:checkInconsistentAppendEntries(1023)) - e618d93a-19a9-4b89-96f3-44f318818422@group-07DD719309DE: Failed appendEntries as previous log entry ((t:7, i:0)) is not found
2019-11-05 08:26:20,375 [grpc-default-executor-0] INFO  impl.RaftServerImpl (RaftServerImpl.java:checkInconsistentAppendEntries(1023)) - 6ab6cfca-dbae-4fc7-a842-1fd8eedeb1ff@group-07DD719309DE: Failed appendEntries as previous log entry ((t:7, i:0)) is not found
2019-11-05 08:26:20,375 [grpc-default-executor-5] INFO  impl.RaftServerImpl (RaftServerImpl.java:checkInconsistentAppendEntries(996)) - e618d93a-19a9-4b89-96f3-44f318818422@group-07DD719309DE: inconsistency entries. Reply:90c9f5c6-6de3-44e3-8d50-8a1447632052<-e618d93a-19a9-4b89-96f3-44f318818422#0:FAIL,INCONSISTENCY,nextIndex:0,term:9,followerCommit:0
2019-11-05 08:26:20,375 [grpc-default-executor-0] INFO  impl.RaftServerImpl (RaftServerImpl.java:checkInconsistentAppendEntries(996)) - 6ab6cfca-dbae-4fc7-a842-1fd8eedeb1ff@group-07DD719309DE: inconsistency entries. Reply:90c9f5c6-6de3-44e3-8d50-8a1447632052<-6ab6cfca-dbae-4fc7-a842-1fd8eedeb1ff#0:FAIL,INCONSISTENCY,nextIndex:0,term:9,followerCommit:-1
2019-11-05 08:26:20,378 [grpc-default-executor-5] INFO  impl.FollowerInfo (FollowerInfo.java:lambda$new$0(51)) - 90c9f5c6-6de3-44e3-8d50-8a1447632052@group-07DD719309DE->e618d93a-19a9-4b89-96f3-44f318818422: nextIndex: updateUnconditionally 1 -> 0
2019-11-05 08:26:20,378 [grpc-default-executor-0] INFO  impl.FollowerInfo (FollowerInfo.java:lambda$new$0(51)) - 90c9f5c6-6de3-44e3-8d50-8a1447632052@group-07DD719309DE->6ab6cfca-dbae-4fc7-a842-1fd8eedeb1ff: nextIndex: updateUnconditionally 1 -> 0
2019-11-05 08:26:20,382 [90c9f5c6-6de3-44e3-8d50-8a1447632052@group-07DD719309DE-SegmentedRaftLogWorker] INFO  segmented.SegmentedRaftLogWorker (SegmentedRaftLogWorker.java:execute(576)) - 90c9f5c6-6de3-44e3-8d50-8a1447632052@group-07DD719309DE-SegmentedRaftLogWorker: created new log segment /workdir/hadoop-ozone/integration-test/target/test-dir/MiniOzoneClusterImpl-02b65e86-f8bb-4f05-a146-5b32a27149c8/datanode-0/data/ratis/91d82eec-d61e-45ed-83e6-07dd719309de/current/log_inprogress_1
2019-11-05 08:26:20,383 [grpc-default-executor-0] INFO  impl.RaftServerImpl (ServerState.java:setRaftConf(357)) - e618d93a-19a9-4b89-96f3-44f318818422@group-07DD719309DE: set configuration 0: [6ab6cfca-dbae-4fc7-a842-1fd8eedeb1ff:192.168.164.217:40408, e618d93a-19a9-4b89-96f3-44f318818422:192.168.164.217:37953, 90c9f5c6-6de3-44e3-8d50-8a1447632052:192.168.164.217:36159], old=null at 0
2019-11-05 08:26:20,383 [grpc-default-executor-5] INFO  impl.RaftServerImpl (ServerState.java:setRaftConf(357)) - 6ab6cfca-dbae-4fc7-a842-1fd8eedeb1ff@group-07DD719309DE: set configuration 0: [6ab6cfca-dbae-4fc7-a842-1fd8eedeb1ff:192.168.164.217:40408, e618d93a-19a9-4b89-96f3-44f318818422:192.168.164.217:37953, 90c9f5c6-6de3-44e3-8d50-8a1447632052:192.168.164.217:36159], old=null at 0
2019-11-05 08:26:20,383 [grpc-default-executor-5] INFO  segmented.SegmentedRaftLogWorker (SegmentedRaftLogWorker.java:startLogSegment(385)) - 6ab6cfca-dbae-4fc7-a842-1fd8eedeb1ff@group-07DD719309DE-SegmentedRaftLogWorker: Starting segment from index:0
2019-11-05 08:26:20,385 [grpc-default-executor-5] INFO  impl.RaftServerImpl (ServerState.java:setRaftConf(357)) - 6ab6cfca-dbae-4fc7-a842-1fd8eedeb1ff@group-07DD719309DE: set configuration 1: [6ab6cfca-dbae-4fc7-a842-1fd8eedeb1ff:192.168.164.217:40408, e618d93a-19a9-4b89-96f3-44f318818422:192.168.164.217:37953, 90c9f5c6-6de3-44e3-8d50-8a1447632052:192.168.164.217:36159], old=null at 1
2019-11-05 08:26:20,385 [grpc-default-executor-5] INFO  segmented.SegmentedRaftLogWorker (SegmentedRaftLogWorker.java:rollLogSegment(390)) - 6ab6cfca-dbae-4fc7-a842-1fd8eedeb1ff@group-07DD719309DE-SegmentedRaftLogWorker: Rolling segment log-0_0 to index:0
2019-11-05 08:26:20,385 [grpc-default-executor-0] INFO  segmented.SegmentedRaftLogWorker (SegmentedRaftLogWorker.java:truncate(401)) - e618d93a-19a9-4b89-96f3-44f318818422@group-07DD719309DE-SegmentedRaftLogWorker: Truncating segments toTruncate: null
  toDelete: [(0, 0) isOpen? true, length=0, newEndIndex=-1], start index 0
2019-11-05 08:26:20,386 [grpc-default-executor-0] INFO  segmented.SegmentedRaftLogWorker (SegmentedRaftLogWorker.java:startLogSegment(385)) - e618d93a-19a9-4b89-96f3-44f318818422@group-07DD719309DE-SegmentedRaftLogWorker: Starting segment from index:0
2019-11-05 08:26:20,387 [grpc-default-executor-0] INFO  impl.RaftServerImpl (ServerState.java:setRaftConf(357)) - e618d93a-19a9-4b89-96f3-44f318818422@group-07DD719309DE: set configuration 1: [6ab6cfca-dbae-4fc7-a842-1fd8eedeb1ff:192.168.164.217:40408, e618d93a-19a9-4b89-96f3-44f318818422:192.168.164.217:37953, 90c9f5c6-6de3-44e3-8d50-8a1447632052:192.168.164.217:36159], old=null at 1
2019-11-05 08:26:20,387 [grpc-default-executor-0] INFO  segmented.SegmentedRaftLogWorker (SegmentedRaftLogWorker.java:rollLogSegment(390)) - e618d93a-19a9-4b89-96f3-44f318818422@group-07DD719309DE-SegmentedRaftLogWorker: Rolling segment log-0_0 to index:0
2019-11-05 08:26:20,388 [e618d93a-19a9-4b89-96f3-44f318818422@group-07DD719309DE-SegmentedRaftLogWorker] INFO  segmented.SegmentedRaftLogWorker (SegmentedRaftLogWorker.java:execute(640)) - e618d93a-19a9-4b89-96f3-44f318818422@group-07DD719309DE-SegmentedRaftLogWorker: Deleted log file /workdir/hadoop-ozone/integration-test/target/test-dir/MiniOzoneClusterImpl-02b65e86-f8bb-4f05-a146-5b32a27149c8/datanode-1/data/ratis/91d82eec-d61e-45ed-83e6-07dd719309de/current/log_inprogress_0
2019-11-05 08:26:20,388 [e618d93a-19a9-4b89-96f3-44f318818422@group-07DD719309DE-SegmentedRaftLogWorker] INFO  segmented.SegmentedRaftLogWorker (SegmentedRaftLogWorker.java:lambda$new$0(128)) - e618d93a-19a9-4b89-96f3-44f318818422@group-07DD719309DE-SegmentedRaftLogWorker: flushIndex: setUnconditionally 0 -> -1
2019-11-05 08:26:20,426 [6ab6cfca-dbae-4fc7-a842-1fd8eedeb1ff@group-07DD719309DE-SegmentedRaftLogWorker] INFO  segmented.SegmentedRaftLogWorker (SegmentedRaftLogWorker.java:execute(576)) - 6ab6cfca-dbae-4fc7-a842-1fd8eedeb1ff@group-07DD719309DE-SegmentedRaftLogWorker: created new log segment /workdir/hadoop-ozone/integration-test/target/test-dir/MiniOzoneClusterImpl-02b65e86-f8bb-4f05-a146-5b32a27149c8/datanode-2/data/ratis/91d82eec-d61e-45ed-83e6-07dd719309de/current/log_inprogress_0
2019-11-05 08:26:20,426 [e618d93a-19a9-4b89-96f3-44f318818422@group-07DD719309DE-SegmentedRaftLogWorker] INFO  segmented.SegmentedRaftLogWorker (SegmentedRaftLogWorker.java:execute(576)) - e618d93a-19a9-4b89-96f3-44f318818422@group-07DD719309DE-SegmentedRaftLogWorker: created new log segment /workdir/hadoop-ozone/integration-test/target/test-dir/MiniOzoneClusterImpl-02b65e86-f8bb-4f05-a146-5b32a27149c8/datanode-1/data/ratis/91d82eec-d61e-45ed-83e6-07dd719309de/current/log_inprogress_0
2019-11-05 08:26:20,438 [6ab6cfca-dbae-4fc7-a842-1fd8eedeb1ff@group-07DD719309DE-SegmentedRaftLogWorker] INFO  segmented.SegmentedRaftLogWorker (SegmentedRaftLogWorker.java:execute(533)) - 6ab6cfca-dbae-4fc7-a842-1fd8eedeb1ff@group-07DD719309DE-SegmentedRaftLogWorker: Rolled log segment from /workdir/hadoop-ozone/integration-test/target/test-dir/MiniOzoneClusterImpl-02b65e86-f8bb-4f05-a146-5b32a27149c8/datanode-2/data/ratis/91d82eec-d61e-45ed-83e6-07dd719309de/current/log_inprogress_0 to /workdir/hadoop-ozone/integration-test/target/test-dir/MiniOzoneClusterImpl-02b65e86-f8bb-4f05-a146-5b32a27149c8/datanode-2/data/ratis/91d82eec-d61e-45ed-83e6-07dd719309de/current/log_0-0
2019-11-05 08:26:20,438 [e618d93a-19a9-4b89-96f3-44f318818422@group-07DD719309DE-SegmentedRaftLogWorker] INFO  segmented.SegmentedRaftLogWorker (SegmentedRaftLogWorker.java:execute(533)) - e618d93a-19a9-4b89-96f3-44f318818422@group-07DD719309DE-SegmentedRaftLogWorker: Rolled log segment from /workdir/hadoop-ozone/integration-test/target/test-dir/MiniOzoneClusterImpl-02b65e86-f8bb-4f05-a146-5b32a27149c8/datanode-1/data/ratis/91d82eec-d61e-45ed-83e6-07dd719309de/current/log_inprogress_0 to /workdir/hadoop-ozone/integration-test/target/test-dir/MiniOzoneClusterImpl-02b65e86-f8bb-4f05-a146-5b32a27149c8/datanode-1/data/ratis/91d82eec-d61e-45ed-83e6-07dd719309de/current/log_0-0
2019-11-05 08:26:20,478 [e618d93a-19a9-4b89-96f3-44f318818422@group-07DD719309DE-SegmentedRaftLogWorker] INFO  segmented.SegmentedRaftLogWorker (SegmentedRaftLogWorker.java:execute(576)) - e618d93a-19a9-4b89-96f3-44f318818422@group-07DD719309DE-SegmentedRaftLogWorker: created new log segment /workdir/hadoop-ozone/integration-test/target/test-dir/MiniOzoneClusterImpl-02b65e86-f8bb-4f05-a146-5b32a27149c8/datanode-1/data/ratis/91d82eec-d61e-45ed-83e6-07dd719309de/current/log_inprogress_1
2019-11-05 08:26:20,478 [6ab6cfca-dbae-4fc7-a842-1fd8eedeb1ff@group-07DD719309DE-SegmentedRaftLogWorker] INFO  segmented.SegmentedRaftLogWorker (SegmentedRaftLogWorker.java:execute(576)) - 6ab6cfca-dbae-4fc7-a842-1fd8eedeb1ff@group-07DD719309DE-SegmentedRaftLogWorker: created new log segment /workdir/hadoop-ozone/integration-test/target/test-dir/MiniOzoneClusterImpl-02b65e86-f8bb-4f05-a146-5b32a27149c8/datanode-2/data/ratis/91d82eec-d61e-45ed-83e6-07dd719309de/current/log_inprogress_1
2019-11-05 08:26:21,475 [Datanode State Machine Thread - 0] INFO  statemachine.DatanodeStateMachine (DatanodeStateMachine.java:lambda$startDaemon$0(350)) - Ozone container server started.
2019-11-05 08:26:26,435 [main] INFO  ozoneimpl.OzoneContainer (OzoneContainer.java:stop(227)) - Attempting to stop container services.
2019-11-05 08:26:26,436 [main] INFO  impl.RaftServerProxy (RaftServerProxy.java:lambda$close$4(314)) - 6ab6cfca-dbae-4fc7-a842-1fd8eedeb1ff: close
2019-11-05 08:26:26,440 [main] INFO  impl.RaftServerImpl (RaftServerImpl.java:lambda$shutdown$3(261)) - 6ab6cfca-dbae-4fc7-a842-1fd8eedeb1ff@group-07DD719309DE: shutdown
2019-11-05 08:26:26,440 [main] INFO  util.JmxRegister (JmxRegister.java:unregister(73)) - Successfully un-registered JMX Bean with object name Ratis:service=RaftServer,group=group-07DD719309DE,id=6ab6cfca-dbae-4fc7-a842-1fd8eedeb1ff
2019-11-05 08:26:26,441 [main] INFO  impl.RoleInfo (RoleInfo.java:shutdownFollowerState(121)) - 6ab6cfca-dbae-4fc7-a842-1fd8eedeb1ff: shutdown FollowerState
2019-11-05 08:26:26,441 [Thread-301] INFO  impl.FollowerState (FollowerState.java:run(117)) - 6ab6cfca-dbae-4fc7-a842-1fd8eedeb1ff@group-07DD719309DE-FollowerState was interrupted: java.lang.InterruptedException: sleep interrupted
2019-11-05 08:26:26,441 [main] INFO  impl.StateMachineUpdater (StateMachineUpdater.java:stopAndJoin(136)) - 6ab6cfca-dbae-4fc7-a842-1fd8eedeb1ff@group-07DD719309DE-StateMachineUpdater: set stopIndex = 6
2019-11-05 08:26:26,445 [6ab6cfca-dbae-4fc7-a842-1fd8eedeb1ff@group-07DD719309DE-StateMachineUpdater] INFO  ratis.ContainerStateMachine (ContainerStateMachine.java:takeSnapshot(294)) - group-07DD719309DE: Taking a snapshot at:(t:9, i:5) file /workdir/hadoop-ozone/integration-test/target/test-dir/MiniOzoneClusterImpl-02b65e86-f8bb-4f05-a146-5b32a27149c8/datanode-2/data/ratis/91d82eec-d61e-45ed-83e6-07dd719309de/sm/snapshot.9_5
2019-11-05 08:26:26,543 [6ab6cfca-dbae-4fc7-a842-1fd8eedeb1ff@group-07DD719309DE-StateMachineUpdater] INFO  ratis.ContainerStateMachine (ContainerStateMachine.java:takeSnapshot(305)) - group-07DD719309DE: Finished taking a snapshot at:(t:9, i:5) file:/workdir/hadoop-ozone/integration-test/target/test-dir/MiniOzoneClusterImpl-02b65e86-f8bb-4f05-a146-5b32a27149c8/datanode-2/data/ratis/91d82eec-d61e-45ed-83e6-07dd719309de/sm/snapshot.9_5 time:102
2019-11-05 08:26:26,545 [6ab6cfca-dbae-4fc7-a842-1fd8eedeb1ff@group-07DD719309DE-StateMachineUpdater] INFO  impl.StateMachineUpdater (StateMachineUpdater.java:takeSnapshot(269)) - 6ab6cfca-dbae-4fc7-a842-1fd8eedeb1ff@group-07DD719309DE-StateMachineUpdater: Took a snapshot at index 5
2019-11-05 08:26:26,547 [6ab6cfca-dbae-4fc7-a842-1fd8eedeb1ff@group-07DD719309DE-StateMachineUpdater] INFO  impl.StateMachineUpdater (StateMachineUpdater.java:lambda$new$0(84)) - 6ab6cfca-dbae-4fc7-a842-1fd8eedeb1ff@group-07DD719309DE-StateMachineUpdater: snapshotIndex: updateIncreasingly -1 -> 5
2019-11-05 08:26:26,551 [6ab6cfca-dbae-4fc7-a842-1fd8eedeb1ff@group-07DD719309DE-StateMachineUpdater] INFO  ratis.ContainerStateMachine (ContainerStateMachine.java:takeSnapshot(294)) - group-07DD719309DE: Taking a snapshot at:(t:9, i:5) file /workdir/hadoop-ozone/integration-test/target/test-dir/MiniOzoneClusterImpl-02b65e86-f8bb-4f05-a146-5b32a27149c8/datanode-2/data/ratis/91d82eec-d61e-45ed-83e6-07dd719309de/sm/snapshot.9_5
2019-11-05 08:26:26,564 [6ab6cfca-dbae-4fc7-a842-1fd8eedeb1ff@group-07DD719309DE-StateMachineUpdater] INFO  ratis.ContainerStateMachine (ContainerStateMachine.java:takeSnapshot(305)) - group-07DD719309DE: Finished taking a snapshot at:(t:9, i:5) file:/workdir/hadoop-ozone/integration-test/target/test-dir/MiniOzoneClusterImpl-02b65e86-f8bb-4f05-a146-5b32a27149c8/datanode-2/data/ratis/91d82eec-d61e-45ed-83e6-07dd719309de/sm/snapshot.9_5 time:13
2019-11-05 08:26:26,564 [6ab6cfca-dbae-4fc7-a842-1fd8eedeb1ff@group-07DD719309DE-StateMachineUpdater] INFO  impl.StateMachineUpdater (StateMachineUpdater.java:takeSnapshot(269)) - 6ab6cfca-dbae-4fc7-a842-1fd8eedeb1ff@group-07DD719309DE-StateMachineUpdater: Took a snapshot at index 5
2019-11-05 08:26:26,564 [6ab6cfca-dbae-4fc7-a842-1fd8eedeb1ff@group-07DD719309DE-StateMachineUpdater] INFO  impl.StateMachineUpdater (StateMachineUpdater.java:lambda$new$0(84)) - 6ab6cfca-dbae-4fc7-a842-1fd8eedeb1ff@group-07DD719309DE-StateMachineUpdater: snapshotIndex: updateIncreasingly 5 -> 5
2019-11-05 08:26:26,564 [main] INFO  impl.RaftServerImpl (ServerState.java:close(388)) - 6ab6cfca-dbae-4fc7-a842-1fd8eedeb1ff@group-07DD719309DE: closes. applyIndex: 6
2019-11-05 08:26:26,566 [6ab6cfca-dbae-4fc7-a842-1fd8eedeb1ff@group-07DD719309DE-SegmentedRaftLogWorker] INFO  segmented.SegmentedRaftLogWorker (SegmentedRaftLogWorker.java:run(316)) - 6ab6cfca-dbae-4fc7-a842-1fd8eedeb1ff@group-07DD719309DE-SegmentedRaftLogWorker was interrupted, exiting. There are 0 tasks remaining in the queue.
2019-11-05 08:26:26,568 [main] INFO  segmented.SegmentedRaftLogWorker (SegmentedRaftLogWorker.java:close(224)) - 6ab6cfca-dbae-4fc7-a842-1fd8eedeb1ff@group-07DD719309DE-SegmentedRaftLogWorker close()
2019-11-05 08:26:26,570 [main] INFO  impl.RaftServerImpl (RaftServerImpl.java:lambda$shutdown$3(261)) - 6ab6cfca-dbae-4fc7-a842-1fd8eedeb1ff@group-D5E7C4F9B5F6: shutdown
2019-11-05 08:26:26,570 [main] INFO  util.JmxRegister (JmxRegister.java:unregister(73)) - Successfully un-registered JMX Bean with object name Ratis:service=RaftServer,group=group-D5E7C4F9B5F6,id=6ab6cfca-dbae-4fc7-a842-1fd8eedeb1ff
2019-11-05 08:26:26,571 [main] INFO  impl.RoleInfo (RoleInfo.java:shutdownLeaderState(104)) - 6ab6cfca-dbae-4fc7-a842-1fd8eedeb1ff: shutdown LeaderState
2019-11-05 08:26:26,571 [main] INFO  impl.PendingRequests (PendingRequests.java:sendNotLeaderResponses(202)) - 6ab6cfca-dbae-4fc7-a842-1fd8eedeb1ff@group-D5E7C4F9B5F6-PendingRequests: sendNotLeaderResponses
2019-11-05 08:26:26,572 [main] INFO  impl.StateMachineUpdater (StateMachineUpdater.java:stopAndJoin(136)) - 6ab6cfca-dbae-4fc7-a842-1fd8eedeb1ff@group-D5E7C4F9B5F6-StateMachineUpdater: set stopIndex = 0
2019-11-05 08:26:26,573 [main] INFO  impl.RaftServerImpl (ServerState.java:close(388)) - 6ab6cfca-dbae-4fc7-a842-1fd8eedeb1ff@group-D5E7C4F9B5F6: closes. applyIndex: 0
2019-11-05 08:26:26,573 [6ab6cfca-dbae-4fc7-a842-1fd8eedeb1ff@group-D5E7C4F9B5F6-SegmentedRaftLogWorker] INFO  segmented.SegmentedRaftLogWorker (SegmentedRaftLogWorker.java:run(316)) - 6ab6cfca-dbae-4fc7-a842-1fd8eedeb1ff@group-D5E7C4F9B5F6-SegmentedRaftLogWorker was interrupted, exiting. There are 0 tasks remaining in the queue.
2019-11-05 08:26:26,574 [main] INFO  segmented.SegmentedRaftLogWorker (SegmentedRaftLogWorker.java:close(224)) - 6ab6cfca-dbae-4fc7-a842-1fd8eedeb1ff@group-D5E7C4F9B5F6-SegmentedRaftLogWorker close()
2019-11-05 08:26:26,577 [main] INFO  server.GrpcService (GrpcService.java:closeImpl(164)) - 6ab6cfca-dbae-4fc7-a842-1fd8eedeb1ff: shutdown server with port 40408 now
2019-11-05 08:26:26,587 [grpc-default-executor-0] WARN  server.GrpcServerProtocolService (LogUtils.java:warn(134)) - 6ab6cfca-dbae-4fc7-a842-1fd8eedeb1ff: installSnapshot onError, lastRequest: 90c9f5c6-6de3-44e3-8d50-8a1447632052->6ab6cfca-dbae-4fc7-a842-1fd8eedeb1ff#9-t9, previous=(t:9, i:6), leaderCommit=6, initializing? false, entries: <empty>: org.apache.ratis.thirdparty.io.grpc.StatusRuntimeException: CANCELLED: cancelled before receiving half close
2019-11-05 08:26:26,590 [main] INFO  server.GrpcService (GrpcService.java:closeImpl(172)) - 6ab6cfca-dbae-4fc7-a842-1fd8eedeb1ff: shutdown server with port 40408 successfully
2019-11-05 08:26:26,593 [refreshUsed-/workdir/hadoop-ozone/integration-test/target/test-dir/MiniOzoneClusterImpl-02b65e86-f8bb-4f05-a146-5b32a27149c8/datanode-2/data/containers] WARN  fs.CachingGetSpaceUsed (CachingGetSpaceUsed.java:run(183)) - Thread Interrupted waiting to refresh disk information: sleep interrupted
2019-11-05 08:26:26,598 [grpc-default-executor-0] WARN  server.GrpcLogAppender (LogUtils.java:warn(134)) - 90c9f5c6-6de3-44e3-8d50-8a1447632052@group-07DD719309DE->6ab6cfca-dbae-4fc7-a842-1fd8eedeb1ff-AppendLogResponseHandler: Failed appendEntries: org.apache.ratis.thirdparty.io.grpc.StatusRuntimeException: CANCELLED: HTTP/2 error code: CANCEL
Received Rst Stream
2019-11-05 08:26:26,613 [main] INFO  utils.BackgroundService (BackgroundService.java:shutdown(151)) - Shutting down service BlockDeletingService
2019-11-05 08:26:26,617 [main] INFO  statemachine.DatanodeStateMachine (DatanodeStateMachine.java:stopDaemon(395)) - Ozone container server stopped.
2019-11-05 08:26:26,622 [main] INFO  handler.ContextHandler (ContextHandler.java:doStop(910)) - Stopped o.e.j.w.WebAppContext@7a0e7ecd{/,null,UNAVAILABLE}{/hddsDatanode}
2019-11-05 08:26:26,627 [main] INFO  server.AbstractConnector (AbstractConnector.java:doStop(318)) - Stopped ServerConnector@54e3658c{HTTP/1.1,[http/1.1]}{0.0.0.0:0}
2019-11-05 08:26:26,628 [main] INFO  handler.ContextHandler (ContextHandler.java:doStop(910)) - Stopped o.e.j.s.ServletContextHandler@5fa23c{/static,jar:file:/home/user/.m2/repository/org/apache/hadoop/hadoop-hdds-container-service/0.5.0-SNAPSHOT/hadoop-hdds-container-service-0.5.0-SNAPSHOT.jar!/webapps/static,UNAVAILABLE}
2019-11-05 08:26:26,628 [main] INFO  handler.ContextHandler (ContextHandler.java:doStop(910)) - Stopped o.e.j.s.ServletContextHandler@6920614{/logs,file:///workdir/hadoop-ozone/integration-test/target/log,UNAVAILABLE}
2019-11-05 08:26:29,635 [java.util.concurrent.ThreadPoolExecutor$Worker@a0f9458[State = -1, empty queue]] WARN  server.GrpcLogAppender (GrpcLogAppender.java:timeoutAppendRequest(209)) - 90c9f5c6-6de3-44e3-8d50-8a1447632052@group-07DD719309DE->6ab6cfca-dbae-4fc7-a842-1fd8eedeb1ff-GrpcLogAppender: appendEntries Timeout, request=90c9f5c6-6de3-44e3-8d50-8a1447632052->6ab6cfca-dbae-4fc7-a842-1fd8eedeb1ff#10-t9, previous=(t:9, i:6), leaderCommit=6, initializing? false, entries: size=1, first=(t:9, i:7), STATEMACHINELOGENTRY, client-C29D9280812C, cid=8
2019-11-05 08:26:29,637 [java.util.concurrent.ThreadPoolExecutor$Worker@a0f9458[State = -1, empty queue]] WARN  server.GrpcLogAppender (GrpcLogAppender.java:timeoutAppendRequest(209)) - 90c9f5c6-6de3-44e3-8d50-8a1447632052@group-07DD719309DE->6ab6cfca-dbae-4fc7-a842-1fd8eedeb1ff-GrpcLogAppender: appendEntries Timeout, request=90c9f5c6-6de3-44e3-8d50-8a1447632052->6ab6cfca-dbae-4fc7-a842-1fd8eedeb1ff#11-t9, previous=(t:9, i:7), leaderCommit=6, initializing? false, entries: size=1, first=(t:9, i:8), STATEMACHINELOGENTRY, client-C29D9280812C, cid=9
2019-11-05 08:26:29,649 [java.util.concurrent.ThreadPoolExecutor$Worker@a0f9458[State = -1, empty queue]] WARN  server.GrpcLogAppender (GrpcLogAppender.java:timeoutAppendRequest(209)) - 90c9f5c6-6de3-44e3-8d50-8a1447632052@group-07DD719309DE->6ab6cfca-dbae-4fc7-a842-1fd8eedeb1ff-GrpcLogAppender: appendEntries Timeout, request=90c9f5c6-6de3-44e3-8d50-8a1447632052->6ab6cfca-dbae-4fc7-a842-1fd8eedeb1ff#12-t9, previous=(t:9, i:8), leaderCommit=8, initializing? false, entries: size=1, first=(t:9, i:9), METADATAENTRY(c7)
2019-11-05 08:26:29,649 [java.util.concurrent.ThreadPoolExecutor$Worker@a0f9458[State = -1, empty queue]] WARN  server.GrpcLogAppender (GrpcLogAppender.java:timeoutAppendRequest(209)) - 90c9f5c6-6de3-44e3-8d50-8a1447632052@group-07DD719309DE->6ab6cfca-dbae-4fc7-a842-1fd8eedeb1ff-GrpcLogAppender: appendEntries Timeout, request=90c9f5c6-6de3-44e3-8d50-8a1447632052->6ab6cfca-dbae-4fc7-a842-1fd8eedeb1ff#13-t9, previous=(t:9, i:9), leaderCommit=8, initializing? false, entries: size=1, first=(t:9, i:10), METADATAENTRY(c8)
2019-11-05 08:26:32,151 [java.util.concurrent.ThreadPoolExecutor$Worker@a0f9458[State = -1, empty queue]] WARN  server.GrpcLogAppender (GrpcLogAppender.java:timeoutAppendRequest(209)) - 90c9f5c6-6de3-44e3-8d50-8a1447632052@group-07DD719309DE->6ab6cfca-dbae-4fc7-a842-1fd8eedeb1ff-GrpcLogAppender: appendEntries Timeout, request=90c9f5c6-6de3-44e3-8d50-8a1447632052->6ab6cfca-dbae-4fc7-a842-1fd8eedeb1ff#14-t9, previous=(t:9, i:10), leaderCommit=10, initializing? false, entries: <empty>
2019-11-05 08:26:34,657 [java.util.concurrent.ThreadPoolExecutor$Worker@a0f9458[State = -1, empty queue]] WARN  server.GrpcLogAppender (GrpcLogAppender.java:timeoutAppendRequest(209)) - 90c9f5c6-6de3-44e3-8d50-8a1447632052@group-07DD719309DE->6ab6cfca-dbae-4fc7-a842-1fd8eedeb1ff-GrpcLogAppender: appendEntries Timeout, request=90c9f5c6-6de3-44e3-8d50-8a1447632052->6ab6cfca-dbae-4fc7-a842-1fd8eedeb1ff#15-t9, previous=(t:9, i:10), leaderCommit=10, initializing? false, entries: <empty>
2019-11-05 08:26:36,689 [Thread-347] INFO  client.GrpcClientProtocolService (GrpcClientProtocolService.java:lambda$processClientRequest$0(278)) - Failed RaftClientRequest:client-C29D9280812C->90c9f5c6-6de3-44e3-8d50-8a1447632052@group-07DD719309DE, cid=10, seq=0, Watch-ALL_COMMITTED(8), Message:<EMPTY>, reply=RaftClientReply:client-C29D9280812C->90c9f5c6-6de3-44e3-8d50-8a1447632052@group-07DD719309DE, cid=10, FAILED org.apache.ratis.protocol.NotReplicatedException: Request with call Id 10 and log index 8 is not yet replicated to ALL_COMMITTED, logIndex=8, commits[90c9f5c6-6de3-44e3-8d50-8a1447632052:c10, 6ab6cfca-dbae-4fc7-a842-1fd8eedeb1ff:c6, e618d93a-19a9-4b89-96f3-44f318818422:c10]
2019-11-05 08:26:37,158 [java.util.concurrent.ThreadPoolExecutor$Worker@a0f9458[State = -1, empty queue]] WARN  server.GrpcLogAppender (GrpcLogAppender.java:timeoutAppendRequest(209)) - 90c9f5c6-6de3-44e3-8d50-8a1447632052@group-07DD719309DE->6ab6cfca-dbae-4fc7-a842-1fd8eedeb1ff-GrpcLogAppender: appendEntries Timeout, request=90c9f5c6-6de3-44e3-8d50-8a1447632052->6ab6cfca-dbae-4fc7-a842-1fd8eedeb1ff#16-t9, previous=(t:9, i:10), leaderCommit=10, initializing? false, entries: <empty>
2019-11-05 08:26:39,659 [java.util.concurrent.ThreadPoolExecutor$Worker@a0f9458[State = -1, empty queue]] WARN  server.GrpcLogAppender (GrpcLogAppender.java:timeoutAppendRequest(209)) - 90c9f5c6-6de3-44e3-8d50-8a1447632052@group-07DD719309DE->6ab6cfca-dbae-4fc7-a842-1fd8eedeb1ff-GrpcLogAppender: appendEntries Timeout, request=90c9f5c6-6de3-44e3-8d50-8a1447632052->6ab6cfca-dbae-4fc7-a842-1fd8eedeb1ff#17-t9, previous=(t:9, i:10), leaderCommit=10, initializing? false, entries: <empty>
2019-11-05 08:26:42,159 [java.util.concurrent.ThreadPoolExecutor$Worker@a0f9458[State = -1, empty queue]] WARN  server.GrpcLogAppender (GrpcLogAppender.java:timeoutAppendRequest(209)) - 90c9f5c6-6de3-44e3-8d50-8a1447632052@group-07DD719309DE->6ab6cfca-dbae-4fc7-a842-1fd8eedeb1ff-GrpcLogAppender: appendEntries Timeout, request=90c9f5c6-6de3-44e3-8d50-8a1447632052->6ab6cfca-dbae-4fc7-a842-1fd8eedeb1ff#18-t9, previous=(t:9, i:10), leaderCommit=10, initializing? false, entries: <empty>
2019-11-05 08:26:44,661 [java.util.concurrent.ThreadPoolExecutor$Worker@a0f9458[State = -1, empty queue]] WARN  server.GrpcLogAppender (GrpcLogAppender.java:timeoutAppendRequest(209)) - 90c9f5c6-6de3-44e3-8d50-8a1447632052@group-07DD719309DE->6ab6cfca-dbae-4fc7-a842-1fd8eedeb1ff-GrpcLogAppender: appendEntries Timeout, request=90c9f5c6-6de3-44e3-8d50-8a1447632052->6ab6cfca-dbae-4fc7-a842-1fd8eedeb1ff#19-t9, previous=(t:9, i:10), leaderCommit=10, initializing? false, entries: <empty>
2019-11-05 08:26:47,164 [java.util.concurrent.ThreadPoolExecutor$Worker@a0f9458[State = -1, empty queue]] WARN  server.GrpcLogAppender (GrpcLogAppender.java:timeoutAppendRequest(209)) - 90c9f5c6-6de3-44e3-8d50-8a1447632052@group-07DD719309DE->6ab6cfca-dbae-4fc7-a842-1fd8eedeb1ff-GrpcLogAppender: appendEntries Timeout, request=90c9f5c6-6de3-44e3-8d50-8a1447632052->6ab6cfca-dbae-4fc7-a842-1fd8eedeb1ff#20-t9, previous=(t:9, i:10), leaderCommit=10, initializing? false, entries: <empty>
2019-11-05 08:26:47,682 [Thread-357] INFO  client.GrpcClientProtocolService (GrpcClientProtocolService.java:lambda$processClientRequest$0(278)) - Failed RaftClientRequest:client-C29D9280812C->90c9f5c6-6de3-44e3-8d50-8a1447632052@group-07DD719309DE, cid=10, seq=0, Watch-ALL_COMMITTED(8), Message:<EMPTY>, reply=RaftClientReply:client-C29D9280812C->90c9f5c6-6de3-44e3-8d50-8a1447632052@group-07DD719309DE, cid=10, FAILED org.apache.ratis.protocol.NotReplicatedException: Request with call Id 10 and log index 8 is not yet replicated to ALL_COMMITTED, logIndex=8, commits[90c9f5c6-6de3-44e3-8d50-8a1447632052:c10, 6ab6cfca-dbae-4fc7-a842-1fd8eedeb1ff:c6, e618d93a-19a9-4b89-96f3-44f318818422:c10]
2019-11-05 08:26:49,667 [java.util.concurrent.ThreadPoolExecutor$Worker@a0f9458[State = -1, empty queue]] WARN  server.GrpcLogAppender (GrpcLogAppender.java:timeoutAppendRequest(209)) - 90c9f5c6-6de3-44e3-8d50-8a1447632052@group-07DD719309DE->6ab6cfca-dbae-4fc7-a842-1fd8eedeb1ff-GrpcLogAppender: appendEntries Timeout, request=90c9f5c6-6de3-44e3-8d50-8a1447632052->6ab6cfca-dbae-4fc7-a842-1fd8eedeb1ff#21-t9, previous=(t:9, i:10), leaderCommit=10, initializing? false, entries: <empty>
2019-11-05 08:26:52,168 [java.util.concurrent.ThreadPoolExecutor$Worker@a0f9458[State = -1, empty queue]] WARN  server.GrpcLogAppender (GrpcLogAppender.java:timeoutAppendRequest(209)) - 90c9f5c6-6de3-44e3-8d50-8a1447632052@group-07DD719309DE->6ab6cfca-dbae-4fc7-a842-1fd8eedeb1ff-GrpcLogAppender: appendEntries Timeout, request=90c9f5c6-6de3-44e3-8d50-8a1447632052->6ab6cfca-dbae-4fc7-a842-1fd8eedeb1ff#22-t9, previous=(t:9, i:10), leaderCommit=10, initializing? false, entries: <empty>
2019-11-05 08:26:54,669 [java.util.concurrent.ThreadPoolExecutor$Worker@a0f9458[State = -1, empty queue]] WARN  server.GrpcLogAppender (GrpcLogAppender.java:timeoutAppendRequest(209)) - 90c9f5c6-6de3-44e3-8d50-8a1447632052@group-07DD719309DE->6ab6cfca-dbae-4fc7-a842-1fd8eedeb1ff-GrpcLogAppender: appendEntries Timeout, request=90c9f5c6-6de3-44e3-8d50-8a1447632052->6ab6cfca-dbae-4fc7-a842-1fd8eedeb1ff#23-t9, previous=(t:9, i:10), leaderCommit=10, initializing? false, entries: <empty>
2019-11-05 08:26:55,730 [Thread-363] INFO  client.GrpcClientProtocolService (GrpcClientProtocolService.java:lambda$processClientRequest$0(278)) - Failed RaftClientRequest:client-C29D9280812C->e618d93a-19a9-4b89-96f3-44f318818422@group-07DD719309DE, cid=10, seq=0, Watch-ALL_COMMITTED(8), Message:<EMPTY>, reply=RaftClientReply:client-C29D9280812C->e618d93a-19a9-4b89-96f3-44f318818422@group-07DD719309DE, cid=10, FAILED org.apache.ratis.protocol.NotLeaderException: Server e618d93a-19a9-4b89-96f3-44f318818422@group-07DD719309DE is not the leader 90c9f5c6-6de3-44e3-8d50-8a1447632052:192.168.164.217:36159, logIndex=0, commits[e618d93a-19a9-4b89-96f3-44f318818422:c10, 6ab6cfca-dbae-4fc7-a842-1fd8eedeb1ff:c6, 90c9f5c6-6de3-44e3-8d50-8a1447632052:c10]
2019-11-05 08:26:56,664 [main] WARN  scm.XceiverClientRatis (XceiverClientRatis.java:watchForCommit(277)) - 3 way commit failed on pipeline Pipeline[ Id: 91d82eec-d61e-45ed-83e6-07dd719309de, Nodes: e618d93a-19a9-4b89-96f3-44f318818422{ip: 192.168.164.217, host: pr-hdds-1643-8bmlk-2934350033, networkLocation: /default-rack, certSerialId: null}90c9f5c6-6de3-44e3-8d50-8a1447632052{ip: 192.168.164.217, host: pr-hdds-1643-8bmlk-2934350033, networkLocation: /default-rack, certSerialId: null}6ab6cfca-dbae-4fc7-a842-1fd8eedeb1ff{ip: 192.168.164.217, host: pr-hdds-1643-8bmlk-2934350033, networkLocation: /default-rack, certSerialId: null}, Type:RATIS, Factor:THREE, State:OPEN]
java.util.concurrent.TimeoutException
	at java.util.concurrent.CompletableFuture.timedGet(CompletableFuture.java:1771)
	at java.util.concurrent.CompletableFuture.get(CompletableFuture.java:1915)
	at org.apache.hadoop.hdds.scm.XceiverClientRatis.watchForCommit(XceiverClientRatis.java:274)
	at org.apache.hadoop.hdds.scm.storage.CommitWatcher.watchForCommit(CommitWatcher.java:198)
	at org.apache.hadoop.hdds.scm.storage.CommitWatcher.watchOnLastIndex(CommitWatcher.java:161)
	at org.apache.hadoop.hdds.scm.storage.BlockOutputStream.watchForCommit(BlockOutputStream.java:346)
	at org.apache.hadoop.hdds.scm.storage.BlockOutputStream.handleFlush(BlockOutputStream.java:482)
	at org.apache.hadoop.hdds.scm.storage.BlockOutputStream.close(BlockOutputStream.java:496)
	at org.apache.hadoop.ozone.client.io.BlockOutputStreamEntry.close(BlockOutputStreamEntry.java:143)
	at org.apache.hadoop.ozone.client.io.KeyOutputStream.handleFlushOrClose(KeyOutputStream.java:435)
	at org.apache.hadoop.ozone.client.io.KeyOutputStream.close(KeyOutputStream.java:473)
	at org.apache.hadoop.ozone.client.io.OzoneOutputStream.close(OzoneOutputStream.java:60)
	at org.apache.hadoop.ozone.client.rpc.TestDeleteWithSlowFollower.testDeleteKeyWithSlowFollower(TestDeleteWithSlowFollower.java:193)
	at sun.reflect.NativeMethodAccessorImpl.invoke0(Native Method)
	at sun.reflect.NativeMethodAccessorImpl.invoke(NativeMethodAccessorImpl.java:62)
	at sun.reflect.DelegatingMethodAccessorImpl.invoke(DelegatingMethodAccessorImpl.java:43)
	at java.lang.reflect.Method.invoke(Method.java:498)
	at org.junit.runners.model.FrameworkMethod$1.runReflectiveCall(FrameworkMethod.java:47)
	at org.junit.internal.runners.model.ReflectiveCallable.run(ReflectiveCallable.java:12)
	at org.junit.runners.model.FrameworkMethod.invokeExplosively(FrameworkMethod.java:44)
	at org.junit.internal.runners.statements.InvokeMethod.evaluate(InvokeMethod.java:17)
	at org.junit.runners.ParentRunner.runLeaf(ParentRunner.java:271)
	at org.junit.runners.BlockJUnit4ClassRunner.runChild(BlockJUnit4ClassRunner.java:70)
	at org.junit.runners.BlockJUnit4ClassRunner.runChild(BlockJUnit4ClassRunner.java:50)
	at org.junit.runners.ParentRunner$3.run(ParentRunner.java:238)
	at org.junit.runners.ParentRunner$1.schedule(ParentRunner.java:63)
	at org.junit.runners.ParentRunner.runChildren(ParentRunner.java:236)
	at org.junit.runners.ParentRunner.access$000(ParentRunner.java:53)
	at org.junit.runners.ParentRunner$2.evaluate(ParentRunner.java:229)
	at org.junit.internal.runners.statements.RunBefores.evaluate(RunBefores.java:26)
	at org.junit.internal.runners.statements.RunAfters.evaluate(RunAfters.java:27)
	at org.junit.runners.ParentRunner.run(ParentRunner.java:309)
	at org.apache.maven.surefire.junit4.JUnit4Provider.execute(JUnit4Provider.java:365)
	at org.apache.maven.surefire.junit4.JUnit4Provider.executeWithRerun(JUnit4Provider.java:273)
	at org.apache.maven.surefire.junit4.JUnit4Provider.executeTestSet(JUnit4Provider.java:238)
	at org.apache.maven.surefire.junit4.JUnit4Provider.invoke(JUnit4Provider.java:159)
	at org.apache.maven.surefire.booter.ForkedBooter.invokeProviderInSameClassLoader(ForkedBooter.java:384)
	at org.apache.maven.surefire.booter.ForkedBooter.runSuitesInProcess(ForkedBooter.java:345)
	at org.apache.maven.surefire.booter.ForkedBooter.execute(ForkedBooter.java:126)
	at org.apache.maven.surefire.booter.ForkedBooter.main(ForkedBooter.java:418)
2019-11-05 08:26:56,687 [main] INFO  scm.XceiverClientRatis (XceiverClientRatis.java:lambda$watchForCommit$5(295)) - Could not commit index 8 on pipeline Pipeline[ Id: 91d82eec-d61e-45ed-83e6-07dd719309de, Nodes: e618d93a-19a9-4b89-96f3-44f318818422{ip: 192.168.164.217, host: pr-hdds-1643-8bmlk-2934350033, networkLocation: /default-rack, certSerialId: null}90c9f5c6-6de3-44e3-8d50-8a1447632052{ip: 192.168.164.217, host: pr-hdds-1643-8bmlk-2934350033, networkLocation: /default-rack, certSerialId: null}6ab6cfca-dbae-4fc7-a842-1fd8eedeb1ff{ip: 192.168.164.217, host: pr-hdds-1643-8bmlk-2934350033, networkLocation: /default-rack, certSerialId: null}, Type:RATIS, Factor:THREE, State:OPEN] to all the nodes. Server 6ab6cfca-dbae-4fc7-a842-1fd8eedeb1ff has failed. Committed by majority.
2019-11-05 08:26:56,687 [main] WARN  storage.BlockOutputStream (BlockOutputStream.java:watchForCommit(352)) - Failed to commit BlockId conID: 1 locID: 103084351541280768 bcsId: 8 on Pipeline[ Id: 91d82eec-d61e-45ed-83e6-07dd719309de, Nodes: e618d93a-19a9-4b89-96f3-44f318818422{ip: 192.168.164.217, host: pr-hdds-1643-8bmlk-2934350033, networkLocation: /default-rack, certSerialId: null}90c9f5c6-6de3-44e3-8d50-8a1447632052{ip: 192.168.164.217, host: pr-hdds-1643-8bmlk-2934350033, networkLocation: /default-rack, certSerialId: null}6ab6cfca-dbae-4fc7-a842-1fd8eedeb1ff{ip: 192.168.164.217, host: pr-hdds-1643-8bmlk-2934350033, networkLocation: /default-rack, certSerialId: null}, Type:RATIS, Factor:THREE, State:OPEN]. Failed nodes: [6ab6cfca-dbae-4fc7-a842-1fd8eedeb1ff{ip: null, host: null, networkLocation: /default-rack, certSerialId: null}]
2019-11-05 08:26:56,773 [EventQueue-IncrementalContainerReportForIncrementalContainerReportHandler] WARN  container.IncrementalContainerReportHandler (AbstractContainerReportHandler.java:updateContainerState(145)) - Container #1 is in OPEN state, but the datanode 90c9f5c6-6de3-44e3-8d50-8a1447632052{ip: 192.168.164.217, host: pr-hdds-1643-8bmlk-2934350033, networkLocation: /default-rack, certSerialId: null} reports an CLOSING replica.
2019-11-05 08:26:56,783 [RatisApplyTransactionExecutor 1] INFO  interfaces.Container (KeyValueContainer.java:flushAndSyncDB(386)) - Container 1 is synced with bcsId 8.
2019-11-05 08:26:56,785 [RatisApplyTransactionExecutor 1] INFO  interfaces.Container (KeyValueContainer.java:flushAndSyncDB(386)) - Container 1 is synced with bcsId 8.
2019-11-05 08:26:56,798 [RatisApplyTransactionExecutor 1] INFO  interfaces.Container (KeyValueContainer.java:close(335)) - Container 1 is closed with bcsId 8.
2019-11-05 08:26:56,801 [EventQueue-IncrementalContainerReportForIncrementalContainerReportHandler] WARN  container.IncrementalContainerReportHandler (AbstractContainerReportHandler.java:updateContainerState(145)) - Container #1 is in OPEN state, but the datanode e618d93a-19a9-4b89-96f3-44f318818422{ip: 192.168.164.217, host: pr-hdds-1643-8bmlk-2934350033, networkLocation: /default-rack, certSerialId: null} reports an CLOSING replica.
2019-11-05 08:26:56,802 [EventQueue-IncrementalContainerReportForIncrementalContainerReportHandler] WARN  container.IncrementalContainerReportHandler (AbstractContainerReportHandler.java:updateContainerState(145)) - Container #1 is in OPEN state, but the datanode 90c9f5c6-6de3-44e3-8d50-8a1447632052{ip: 192.168.164.217, host: pr-hdds-1643-8bmlk-2934350033, networkLocation: /default-rack, certSerialId: null} reports an CLOSED replica.
2019-11-05 08:26:56,810 [RatisApplyTransactionExecutor 1] INFO  interfaces.Container (KeyValueContainer.java:flushAndSyncDB(386)) - Container 1 is synced with bcsId 8.
2019-11-05 08:26:56,811 [RatisApplyTransactionExecutor 1] INFO  interfaces.Container (KeyValueContainer.java:flushAndSyncDB(386)) - Container 1 is synced with bcsId 8.
2019-11-05 08:26:56,826 [RatisApplyTransactionExecutor 1] INFO  interfaces.Container (KeyValueContainer.java:close(335)) - Container 1 is closed with bcsId 8.
2019-11-05 08:26:56,828 [EventQueue-IncrementalContainerReportForIncrementalContainerReportHandler] WARN  container.IncrementalContainerReportHandler (AbstractContainerReportHandler.java:updateContainerState(145)) - Container #1 is in OPEN state, but the datanode e618d93a-19a9-4b89-96f3-44f318818422{ip: 192.168.164.217, host: pr-hdds-1643-8bmlk-2934350033, networkLocation: /default-rack, certSerialId: null} reports an CLOSED replica.
2019-11-05 08:26:56,830 [BlockDeletingService#2] WARN  background.BlockDeletingService (BlockDeletingService.java:isDeletionAllowed(187)) - Close Container log Index 8 is not replicated across allthe servers in the pipeline 91d82eec-d61e-45ed-83e6-07dd719309de as the min replicated index is 6. Deletion is not allowed in this container yet.
2019-11-05 08:26:56,832 [BlockDeletingService#2] WARN  background.BlockDeletingService (BlockDeletingService.java:isDeletionAllowed(187)) - Close Container log Index 8 is not replicated across allthe servers in the pipeline 91d82eec-d61e-45ed-83e6-07dd719309de as the min replicated index is 6. Deletion is not allowed in this container yet.
2019-11-05 08:26:57,000 [EventQueue-ContainerReportForContainerReportHandler] WARN  container.ContainerReportHandler (AbstractContainerReportHandler.java:updateContainerState(145)) - Container #1 is in OPEN state, but the datanode 90c9f5c6-6de3-44e3-8d50-8a1447632052{ip: 192.168.164.217, host: pr-hdds-1643-8bmlk-2934350033, networkLocation: /default-rack, certSerialId: null} reports an CLOSED replica.
2019-11-05 08:26:57,030 [EventQueue-ContainerReportForContainerReportHandler] WARN  container.ContainerReportHandler (AbstractContainerReportHandler.java:updateContainerState(145)) - Container #1 is in OPEN state, but the datanode e618d93a-19a9-4b89-96f3-44f318818422{ip: 192.168.164.217, host: pr-hdds-1643-8bmlk-2934350033, networkLocation: /default-rack, certSerialId: null} reports an CLOSED replica.
2019-11-05 08:26:57,171 [java.util.concurrent.ThreadPoolExecutor$Worker@a0f9458[State = -1, empty queue]] WARN  server.GrpcLogAppender (GrpcLogAppender.java:timeoutAppendRequest(209)) - 90c9f5c6-6de3-44e3-8d50-8a1447632052@group-07DD719309DE->6ab6cfca-dbae-4fc7-a842-1fd8eedeb1ff-GrpcLogAppender: appendEntries Timeout, request=90c9f5c6-6de3-44e3-8d50-8a1447632052->6ab6cfca-dbae-4fc7-a842-1fd8eedeb1ff#24-t9, previous=(t:9, i:10), leaderCommit=10, initializing? false, entries: <empty>
2019-11-05 08:26:57,331 [EventQueue-ContainerReportForContainerReportHandler] WARN  container.ContainerReportHandler (AbstractContainerReportHandler.java:updateContainerState(145)) - Container #1 is in OPEN state, but the datanode e618d93a-19a9-4b89-96f3-44f318818422{ip: 192.168.164.217, host: pr-hdds-1643-8bmlk-2934350033, networkLocation: /default-rack, certSerialId: null} reports an CLOSED replica.
2019-11-05 08:26:57,400 [EventQueue-ContainerReportForContainerReportHandler] WARN  container.ContainerReportHandler (AbstractContainerReportHandler.java:updateContainerState(145)) - Container #1 is in OPEN state, but the datanode 90c9f5c6-6de3-44e3-8d50-8a1447632052{ip: 192.168.164.217, host: pr-hdds-1643-8bmlk-2934350033, networkLocation: /default-rack, certSerialId: null} reports an CLOSED replica.
2019-11-05 08:26:57,631 [EventQueue-ContainerReportForContainerReportHandler] WARN  container.ContainerReportHandler (AbstractContainerReportHandler.java:updateContainerState(145)) - Container #1 is in OPEN state, but the datanode e618d93a-19a9-4b89-96f3-44f318818422{ip: 192.168.164.217, host: pr-hdds-1643-8bmlk-2934350033, networkLocation: /default-rack, certSerialId: null} reports an CLOSED replica.
2019-11-05 08:26:57,642 [IPC Server handler 0 on 32786] INFO  server.SCMBlockProtocolServer (SCMBlockProtocolServer.java:deleteKeyBlocks(214)) - SCM is informed by OM to delete 1 blocks
2019-11-05 08:26:57,642 [IPC Server handler 0 on 32786] INFO  block.BlockManagerImpl (BlockManagerImpl.java:deleteBlocks(285)) - Deleting blocks conID: 1 locID: 103084351541280768 bcsId: 0
2019-11-05 08:26:57,683 [Thread-380] INFO  client.GrpcClientProtocolService (GrpcClientProtocolService.java:lambda$processClientRequest$0(278)) - Failed RaftClientRequest:client-C29D9280812C->90c9f5c6-6de3-44e3-8d50-8a1447632052@group-07DD719309DE, cid=10, seq=0, Watch-ALL_COMMITTED(8), Message:<EMPTY>, reply=RaftClientReply:client-C29D9280812C->90c9f5c6-6de3-44e3-8d50-8a1447632052@group-07DD719309DE, cid=10, FAILED org.apache.ratis.protocol.NotReplicatedException: Request with call Id 10 and log index 8 is not yet replicated to ALL_COMMITTED, logIndex=8, commits[90c9f5c6-6de3-44e3-8d50-8a1447632052:c12, 6ab6cfca-dbae-4fc7-a842-1fd8eedeb1ff:c6, e618d93a-19a9-4b89-96f3-44f318818422:c11]
2019-11-05 08:26:57,701 [EventQueue-ContainerReportForContainerReportHandler] WARN  container.ContainerReportHandler (AbstractContainerReportHandler.java:updateContainerState(145)) - Container #1 is in OPEN state, but the datanode 90c9f5c6-6de3-44e3-8d50-8a1447632052{ip: 192.168.164.217, host: pr-hdds-1643-8bmlk-2934350033, networkLocation: /default-rack, certSerialId: null} reports an CLOSED replica.
2019-11-05 08:26:57,832 [BlockDeletingService#2] WARN  background.BlockDeletingService (BlockDeletingService.java:isDeletionAllowed(187)) - Close Container log Index 8 is not replicated across allthe servers in the pipeline 91d82eec-d61e-45ed-83e6-07dd719309de as the min replicated index is 6. Deletion is not allowed in this container yet.
2019-11-05 08:26:57,834 [BlockDeletingService#2] WARN  background.BlockDeletingService (BlockDeletingService.java:isDeletionAllowed(187)) - Close Container log Index 8 is not replicated across allthe servers in the pipeline 91d82eec-d61e-45ed-83e6-07dd719309de as the min replicated index is 6. Deletion is not allowed in this container yet.
2019-11-05 08:26:57,902 [EventQueue-ContainerReportForContainerReportHandler] WARN  container.ContainerReportHandler (AbstractContainerReportHandler.java:updateContainerState(145)) - Container #1 is in OPEN state, but the datanode 90c9f5c6-6de3-44e3-8d50-8a1447632052{ip: 192.168.164.217, host: pr-hdds-1643-8bmlk-2934350033, networkLocation: /default-rack, certSerialId: null} reports an CLOSED replica.
2019-11-05 08:26:58,032 [EventQueue-ContainerReportForContainerReportHandler] WARN  container.ContainerReportHandler (AbstractContainerReportHandler.java:updateContainerState(145)) - Container #1 is in OPEN state, but the datanode e618d93a-19a9-4b89-96f3-44f318818422{ip: 192.168.164.217, host: pr-hdds-1643-8bmlk-2934350033, networkLocation: /default-rack, certSerialId: null} reports an CLOSED replica.
2019-11-05 08:26:58,201 [EventQueue-ContainerReportForContainerReportHandler] WARN  container.ContainerReportHandler (AbstractContainerReportHandler.java:updateContainerState(145)) - Container #1 is in OPEN state, but the datanode 90c9f5c6-6de3-44e3-8d50-8a1447632052{ip: 192.168.164.217, host: pr-hdds-1643-8bmlk-2934350033, networkLocation: /default-rack, certSerialId: null} reports an CLOSED replica.
2019-11-05 08:26:58,232 [EventQueue-ContainerReportForContainerReportHandler] WARN  container.ContainerReportHandler (AbstractContainerReportHandler.java:updateContainerState(145)) - Container #1 is in OPEN state, but the datanode e618d93a-19a9-4b89-96f3-44f318818422{ip: 192.168.164.217, host: pr-hdds-1643-8bmlk-2934350033, networkLocation: /default-rack, certSerialId: null} reports an CLOSED replica.
2019-11-05 08:26:58,433 [EventQueue-ContainerReportForContainerReportHandler] WARN  container.ContainerReportHandler (AbstractContainerReportHandler.java:updateContainerState(145)) - Container #1 is in OPEN state, but the datanode e618d93a-19a9-4b89-96f3-44f318818422{ip: 192.168.164.217, host: pr-hdds-1643-8bmlk-2934350033, networkLocation: /default-rack, certSerialId: null} reports an CLOSED replica.
2019-11-05 08:26:58,501 [EventQueue-ContainerReportForContainerReportHandler] WARN  container.ContainerReportHandler (AbstractContainerReportHandler.java:updateContainerState(145)) - Container #1 is in OPEN state, but the datanode 90c9f5c6-6de3-44e3-8d50-8a1447632052{ip: 192.168.164.217, host: pr-hdds-1643-8bmlk-2934350033, networkLocation: /default-rack, certSerialId: null} reports an CLOSED replica.
2019-11-05 08:26:58,733 [EventQueue-ContainerReportForContainerReportHandler] WARN  container.ContainerReportHandler (AbstractContainerReportHandler.java:updateContainerState(145)) - Container #1 is in OPEN state, but the datanode e618d93a-19a9-4b89-96f3-44f318818422{ip: 192.168.164.217, host: pr-hdds-1643-8bmlk-2934350033, networkLocation: /default-rack, certSerialId: null} reports an CLOSED replica.
2019-11-05 08:26:58,802 [EventQueue-ContainerReportForContainerReportHandler] WARN  container.ContainerReportHandler (AbstractContainerReportHandler.java:updateContainerState(145)) - Container #1 is in OPEN state, but the datanode 90c9f5c6-6de3-44e3-8d50-8a1447632052{ip: 192.168.164.217, host: pr-hdds-1643-8bmlk-2934350033, networkLocation: /default-rack, certSerialId: null} reports an CLOSED replica.
2019-11-05 08:26:58,834 [BlockDeletingService#2] WARN  background.BlockDeletingService (BlockDeletingService.java:isDeletionAllowed(187)) - Close Container log Index 8 is not replicated across allthe servers in the pipeline 91d82eec-d61e-45ed-83e6-07dd719309de as the min replicated index is 6. Deletion is not allowed in this container yet.
2019-11-05 08:26:58,835 [BlockDeletingService#2] WARN  background.BlockDeletingService (BlockDeletingService.java:isDeletionAllowed(187)) - Close Container log Index 8 is not replicated across allthe servers in the pipeline 91d82eec-d61e-45ed-83e6-07dd719309de as the min replicated index is 6. Deletion is not allowed in this container yet.
2019-11-05 08:26:59,002 [EventQueue-ContainerReportForContainerReportHandler] WARN  container.ContainerReportHandler (AbstractContainerReportHandler.java:updateContainerState(145)) - Container #1 is in OPEN state, but the datanode 90c9f5c6-6de3-44e3-8d50-8a1447632052{ip: 192.168.164.217, host: pr-hdds-1643-8bmlk-2934350033, networkLocation: /default-rack, certSerialId: null} reports an CLOSED replica.
2019-11-05 08:26:59,134 [EventQueue-ContainerReportForContainerReportHandler] WARN  container.ContainerReportHandler (AbstractContainerReportHandler.java:updateContainerState(145)) - Container #1 is in OPEN state, but the datanode e618d93a-19a9-4b89-96f3-44f318818422{ip: 192.168.164.217, host: pr-hdds-1643-8bmlk-2934350033, networkLocation: /default-rack, certSerialId: null} reports an CLOSED replica.
2019-11-05 08:26:59,202 [EventQueue-ContainerReportForContainerReportHandler] WARN  container.ContainerReportHandler (AbstractContainerReportHandler.java:updateContainerState(145)) - Container #1 is in OPEN state, but the datanode 90c9f5c6-6de3-44e3-8d50-8a1447632052{ip: 192.168.164.217, host: pr-hdds-1643-8bmlk-2934350033, networkLocation: /default-rack, certSerialId: null} reports an CLOSED replica.
2019-11-05 08:26:59,434 [EventQueue-ContainerReportForContainerReportHandler] WARN  container.ContainerReportHandler (AbstractContainerReportHandler.java:updateContainerState(145)) - Container #1 is in OPEN state, but the datanode e618d93a-19a9-4b89-96f3-44f318818422{ip: 192.168.164.217, host: pr-hdds-1643-8bmlk-2934350033, networkLocation: /default-rack, certSerialId: null} reports an CLOSED replica.
2019-11-05 08:26:59,602 [EventQueue-ContainerReportForContainerReportHandler] WARN  container.ContainerReportHandler (AbstractContainerReportHandler.java:updateContainerState(145)) - Container #1 is in OPEN state, but the datanode 90c9f5c6-6de3-44e3-8d50-8a1447632052{ip: 192.168.164.217, host: pr-hdds-1643-8bmlk-2934350033, networkLocation: /default-rack, certSerialId: null} reports an CLOSED replica.
2019-11-05 08:26:59,677 [java.util.concurrent.ThreadPoolExecutor$Worker@a0f9458[State = -1, empty queue]] WARN  server.GrpcLogAppender (GrpcLogAppender.java:timeoutAppendRequest(209)) - 90c9f5c6-6de3-44e3-8d50-8a1447632052@group-07DD719309DE->6ab6cfca-dbae-4fc7-a842-1fd8eedeb1ff-GrpcLogAppender: appendEntries Timeout, request=90c9f5c6-6de3-44e3-8d50-8a1447632052->6ab6cfca-dbae-4fc7-a842-1fd8eedeb1ff#25-t9, previous=(t:9, i:10), leaderCommit=10, initializing? false, entries: <empty>
2019-11-05 08:26:59,744 [java.util.concurrent.ThreadPoolExecutor$Worker@a0f9458[State = -1, empty queue]] WARN  server.GrpcLogAppender (GrpcLogAppender.java:timeoutAppendRequest(209)) - 90c9f5c6-6de3-44e3-8d50-8a1447632052@group-07DD719309DE->6ab6cfca-dbae-4fc7-a842-1fd8eedeb1ff-GrpcLogAppender: appendEntries Timeout, request=90c9f5c6-6de3-44e3-8d50-8a1447632052->6ab6cfca-dbae-4fc7-a842-1fd8eedeb1ff#26-t9, previous=(t:9, i:10), leaderCommit=10, initializing? false, entries: size=1, first=(t:9, i:11), STATEMACHINELOGENTRY, client-EB4134A5964C, cid=12
2019-11-05 08:26:59,758 [java.util.concurrent.ThreadPoolExecutor$Worker@a0f9458[State = -1, empty queue]] WARN  server.GrpcLogAppender (GrpcLogAppender.java:timeoutAppendRequest(209)) - 90c9f5c6-6de3-44e3-8d50-8a1447632052@group-07DD719309DE->6ab6cfca-dbae-4fc7-a842-1fd8eedeb1ff-GrpcLogAppender: appendEntries Timeout, request=90c9f5c6-6de3-44e3-8d50-8a1447632052->6ab6cfca-dbae-4fc7-a842-1fd8eedeb1ff#27-t9, previous=(t:9, i:11), leaderCommit=11, initializing? false, entries: size=1, first=(t:9, i:12), METADATAENTRY(c11)
2019-11-05 08:26:59,803 [EventQueue-ContainerReportForContainerReportHandler] WARN  container.ContainerReportHandler (AbstractContainerReportHandler.java:updateContainerState(145)) - Container #1 is in OPEN state, but the datanode 90c9f5c6-6de3-44e3-8d50-8a1447632052{ip: 192.168.164.217, host: pr-hdds-1643-8bmlk-2934350033, networkLocation: /default-rack, certSerialId: null} reports an CLOSED replica.
2019-11-05 08:26:59,834 [EventQueue-ContainerReportForContainerReportHandler] WARN  container.ContainerReportHandler (AbstractContainerReportHandler.java:updateContainerState(145)) - Container #1 is in OPEN state, but the datanode e618d93a-19a9-4b89-96f3-44f318818422{ip: 192.168.164.217, host: pr-hdds-1643-8bmlk-2934350033, networkLocation: /default-rack, certSerialId: null} reports an CLOSED replica.
2019-11-05 08:26:59,837 [BlockDeletingService#2] WARN  background.BlockDeletingService (BlockDeletingService.java:isDeletionAllowed(187)) - Close Container log Index 8 is not replicated across allthe servers in the pipeline 91d82eec-d61e-45ed-83e6-07dd719309de as the min replicated index is 6. Deletion is not allowed in this container yet.
2019-11-05 08:26:59,838 [BlockDeletingService#2] WARN  background.BlockDeletingService (BlockDeletingService.java:isDeletionAllowed(187)) - Close Container log Index 8 is not replicated across allthe servers in the pipeline 91d82eec-d61e-45ed-83e6-07dd719309de as the min replicated index is 6. Deletion is not allowed in this container yet.
2019-11-05 08:27:00,002 [EventQueue-ContainerReportForContainerReportHandler] WARN  container.ContainerReportHandler (AbstractContainerReportHandler.java:updateContainerState(145)) - Container #1 is in OPEN state, but the datanode 90c9f5c6-6de3-44e3-8d50-8a1447632052{ip: 192.168.164.217, host: pr-hdds-1643-8bmlk-2934350033, networkLocation: /default-rack, certSerialId: null} reports an CLOSED replica.
2019-11-05 08:27:00,135 [EventQueue-ContainerReportForContainerReportHandler] WARN  container.ContainerReportHandler (AbstractContainerReportHandler.java:updateContainerState(145)) - Container #1 is in OPEN state, but the datanode e618d93a-19a9-4b89-96f3-44f318818422{ip: 192.168.164.217, host: pr-hdds-1643-8bmlk-2934350033, networkLocation: /default-rack, certSerialId: null} reports an CLOSED replica.
2019-11-05 08:27:00,403 [EventQueue-ContainerReportForContainerReportHandler] WARN  container.ContainerReportHandler (AbstractContainerReportHandler.java:updateContainerState(145)) - Container #1 is in OPEN state, but the datanode 90c9f5c6-6de3-44e3-8d50-8a1447632052{ip: 192.168.164.217, host: pr-hdds-1643-8bmlk-2934350033, networkLocation: /default-rack, certSerialId: null} reports an CLOSED replica.
2019-11-05 08:27:00,434 [EventQueue-ContainerReportForContainerReportHandler] WARN  container.ContainerReportHandler (AbstractContainerReportHandler.java:updateContainerState(145)) - Container #1 is in OPEN state, but the datanode e618d93a-19a9-4b89-96f3-44f318818422{ip: 192.168.164.217, host: pr-hdds-1643-8bmlk-2934350033, networkLocation: /default-rack, certSerialId: null} reports an CLOSED replica.
2019-11-05 08:27:00,635 [EventQueue-ContainerReportForContainerReportHandler] WARN  container.ContainerReportHandler (AbstractContainerReportHandler.java:updateContainerState(145)) - Container #1 is in OPEN state, but the datanode e618d93a-19a9-4b89-96f3-44f318818422{ip: 192.168.164.217, host: pr-hdds-1643-8bmlk-2934350033, networkLocation: /default-rack, certSerialId: null} reports an CLOSED replica.
2019-11-05 08:27:00,703 [EventQueue-ContainerReportForContainerReportHandler] WARN  container.ContainerReportHandler (AbstractContainerReportHandler.java:updateContainerState(145)) - Container #1 is in OPEN state, but the datanode 90c9f5c6-6de3-44e3-8d50-8a1447632052{ip: 192.168.164.217, host: pr-hdds-1643-8bmlk-2934350033, networkLocation: /default-rack, certSerialId: null} reports an CLOSED replica.
2019-11-05 08:27:00,835 [EventQueue-ContainerReportForContainerReportHandler] WARN  container.ContainerReportHandler (AbstractContainerReportHandler.java:updateContainerState(145)) - Container #1 is in OPEN state, but the datanode e618d93a-19a9-4b89-96f3-44f318818422{ip: 192.168.164.217, host: pr-hdds-1643-8bmlk-2934350033, networkLocation: /default-rack, certSerialId: null} reports an CLOSED replica.
2019-11-05 08:27:00,843 [BlockDeletingService#2] WARN  background.BlockDeletingService (BlockDeletingService.java:isDeletionAllowed(187)) - Close Container log Index 8 is not replicated across allthe servers in the pipeline 91d82eec-d61e-45ed-83e6-07dd719309de as the min replicated index is 6. Deletion is not allowed in this container yet.
2019-11-05 08:27:00,844 [BlockDeletingService#2] WARN  background.BlockDeletingService (BlockDeletingService.java:isDeletionAllowed(187)) - Close Container log Index 8 is not replicated across allthe servers in the pipeline 91d82eec-d61e-45ed-83e6-07dd719309de as the min replicated index is 6. Deletion is not allowed in this container yet.
2019-11-05 08:27:01,003 [EventQueue-ContainerReportForContainerReportHandler] WARN  container.ContainerReportHandler (AbstractContainerReportHandler.java:updateContainerState(145)) - Container #1 is in OPEN state, but the datanode 90c9f5c6-6de3-44e3-8d50-8a1447632052{ip: 192.168.164.217, host: pr-hdds-1643-8bmlk-2934350033, networkLocation: /default-rack, certSerialId: null} reports an CLOSED replica.
2019-11-05 08:27:01,137 [EventQueue-ContainerReportForContainerReportHandler] WARN  container.ContainerReportHandler (AbstractContainerReportHandler.java:updateContainerState(145)) - Container #1 is in OPEN state, but the datanode e618d93a-19a9-4b89-96f3-44f318818422{ip: 192.168.164.217, host: pr-hdds-1643-8bmlk-2934350033, networkLocation: /default-rack, certSerialId: null} reports an CLOSED replica.
2019-11-05 08:27:01,304 [EventQueue-ContainerReportForContainerReportHandler] WARN  container.ContainerReportHandler (AbstractContainerReportHandler.java:updateContainerState(145)) - Container #1 is in OPEN state, but the datanode 90c9f5c6-6de3-44e3-8d50-8a1447632052{ip: 192.168.164.217, host: pr-hdds-1643-8bmlk-2934350033, networkLocation: /default-rack, certSerialId: null} reports an CLOSED replica.
2019-11-05 08:27:01,336 [EventQueue-ContainerReportForContainerReportHandler] WARN  container.ContainerReportHandler (AbstractContainerReportHandler.java:updateContainerState(145)) - Container #1 is in OPEN state, but the datanode e618d93a-19a9-4b89-96f3-44f318818422{ip: 192.168.164.217, host: pr-hdds-1643-8bmlk-2934350033, networkLocation: /default-rack, certSerialId: null} reports an CLOSED replica.
2019-11-05 08:27:01,536 [EventQueue-ContainerReportForContainerReportHandler] WARN  container.ContainerReportHandler (AbstractContainerReportHandler.java:updateContainerState(145)) - Container #1 is in OPEN state, but the datanode e618d93a-19a9-4b89-96f3-44f318818422{ip: 192.168.164.217, host: pr-hdds-1643-8bmlk-2934350033, networkLocation: /default-rack, certSerialId: null} reports an CLOSED replica.
2019-11-05 08:27:01,603 [EventQueue-ContainerReportForContainerReportHandler] WARN  container.ContainerReportHandler (AbstractContainerReportHandler.java:updateContainerState(145)) - Container #1 is in OPEN state, but the datanode 90c9f5c6-6de3-44e3-8d50-8a1447632052{ip: 192.168.164.217, host: pr-hdds-1643-8bmlk-2934350033, networkLocation: /default-rack, certSerialId: null} reports an CLOSED replica.
2019-11-05 08:27:01,804 [EventQueue-ContainerReportForContainerReportHandler] WARN  container.ContainerReportHandler (AbstractContainerReportHandler.java:updateContainerState(145)) - Container #1 is in OPEN state, but the datanode 90c9f5c6-6de3-44e3-8d50-8a1447632052{ip: 192.168.164.217, host: pr-hdds-1643-8bmlk-2934350033, networkLocation: /default-rack, certSerialId: null} reports an CLOSED replica.
2019-11-05 08:27:01,837 [EventQueue-ContainerReportForContainerReportHandler] WARN  container.ContainerReportHandler (AbstractContainerReportHandler.java:updateContainerState(145)) - Container #1 is in OPEN state, but the datanode e618d93a-19a9-4b89-96f3-44f318818422{ip: 192.168.164.217, host: pr-hdds-1643-8bmlk-2934350033, networkLocation: /default-rack, certSerialId: null} reports an CLOSED replica.
2019-11-05 08:27:01,846 [BlockDeletingService#2] WARN  background.BlockDeletingService (BlockDeletingService.java:isDeletionAllowed(187)) - Close Container log Index 8 is not replicated across allthe servers in the pipeline 91d82eec-d61e-45ed-83e6-07dd719309de as the min replicated index is 6. Deletion is not allowed in this container yet.
2019-11-05 08:27:01,846 [BlockDeletingService#2] WARN  background.BlockDeletingService (BlockDeletingService.java:isDeletionAllowed(187)) - Close Container log Index 8 is not replicated across allthe servers in the pipeline 91d82eec-d61e-45ed-83e6-07dd719309de as the min replicated index is 6. Deletion is not allowed in this container yet.
2019-11-05 08:27:02,005 [EventQueue-ContainerReportForContainerReportHandler] WARN  container.ContainerReportHandler (AbstractContainerReportHandler.java:updateContainerState(145)) - Container #1 is in OPEN state, but the datanode 90c9f5c6-6de3-44e3-8d50-8a1447632052{ip: 192.168.164.217, host: pr-hdds-1643-8bmlk-2934350033, networkLocation: /default-rack, certSerialId: null} reports an CLOSED replica.
2019-11-05 08:27:02,206 [EventQueue-ContainerReportForContainerReportHandler] WARN  container.ContainerReportHandler (AbstractContainerReportHandler.java:updateContainerState(145)) - Container #1 is in OPEN state, but the datanode 90c9f5c6-6de3-44e3-8d50-8a1447632052{ip: 192.168.164.217, host: pr-hdds-1643-8bmlk-2934350033, networkLocation: /default-rack, certSerialId: null} reports an CLOSED replica.
2019-11-05 08:27:02,236 [EventQueue-ContainerReportForContainerReportHandler] WARN  container.ContainerReportHandler (AbstractContainerReportHandler.java:updateContainerState(145)) - Container #1 is in OPEN state, but the datanode e618d93a-19a9-4b89-96f3-44f318818422{ip: 192.168.164.217, host: pr-hdds-1643-8bmlk-2934350033, networkLocation: /default-rack, certSerialId: null} reports an CLOSED replica.
2019-11-05 08:27:02,259 [java.util.concurrent.ThreadPoolExecutor$Worker@a0f9458[State = -1, empty queue]] WARN  server.GrpcLogAppender (GrpcLogAppender.java:timeoutAppendRequest(209)) - 90c9f5c6-6de3-44e3-8d50-8a1447632052@group-07DD719309DE->6ab6cfca-dbae-4fc7-a842-1fd8eedeb1ff-GrpcLogAppender: appendEntries Timeout, request=90c9f5c6-6de3-44e3-8d50-8a1447632052->6ab6cfca-dbae-4fc7-a842-1fd8eedeb1ff#28-t9, previous=(t:9, i:12), leaderCommit=12, initializing? false, entries: <empty>
2019-11-05 08:27:02,537 [EventQueue-ContainerReportForContainerReportHandler] WARN  container.ContainerReportHandler (AbstractContainerReportHandler.java:updateContainerState(145)) - Container #1 is in OPEN state, but the datanode e618d93a-19a9-4b89-96f3-44f318818422{ip: 192.168.164.217, host: pr-hdds-1643-8bmlk-2934350033, networkLocation: /default-rack, certSerialId: null} reports an CLOSED replica.
2019-11-05 08:27:02,605 [EventQueue-ContainerReportForContainerReportHandler] WARN  container.ContainerReportHandler (AbstractContainerReportHandler.java:updateContainerState(145)) - Container #1 is in OPEN state, but the datanode 90c9f5c6-6de3-44e3-8d50-8a1447632052{ip: 192.168.164.217, host: pr-hdds-1643-8bmlk-2934350033, networkLocation: /default-rack, certSerialId: null} reports an CLOSED replica.
2019-11-05 08:27:02,838 [EventQueue-ContainerReportForContainerReportHandler] WARN  container.ContainerReportHandler (AbstractContainerReportHandler.java:updateContainerState(145)) - Container #1 is in OPEN state, but the datanode e618d93a-19a9-4b89-96f3-44f318818422{ip: 192.168.164.217, host: pr-hdds-1643-8bmlk-2934350033, networkLocation: /default-rack, certSerialId: null} reports an CLOSED replica.
2019-11-05 08:27:02,848 [BlockDeletingService#2] WARN  background.BlockDeletingService (BlockDeletingService.java:isDeletionAllowed(187)) - Close Container log Index 8 is not replicated across allthe servers in the pipeline 91d82eec-d61e-45ed-83e6-07dd719309de as the min replicated index is 6. Deletion is not allowed in this container yet.
2019-11-05 08:27:02,848 [BlockDeletingService#2] WARN  background.BlockDeletingService (BlockDeletingService.java:isDeletionAllowed(187)) - Close Container log Index 8 is not replicated across allthe servers in the pipeline 91d82eec-d61e-45ed-83e6-07dd719309de as the min replicated index is 6. Deletion is not allowed in this container yet.
2019-11-05 08:27:03,005 [EventQueue-ContainerReportForContainerReportHandler] WARN  container.ContainerReportHandler (AbstractContainerReportHandler.java:updateContainerState(145)) - Container #1 is in OPEN state, but the datanode 90c9f5c6-6de3-44e3-8d50-8a1447632052{ip: 192.168.164.217, host: pr-hdds-1643-8bmlk-2934350033, networkLocation: /default-rack, certSerialId: null} reports an CLOSED replica.
2019-11-05 08:27:03,138 [EventQueue-ContainerReportForContainerReportHandler] WARN  container.ContainerReportHandler (AbstractContainerReportHandler.java:updateContainerState(145)) - Container #1 is in OPEN state, but the datanode e618d93a-19a9-4b89-96f3-44f318818422{ip: 192.168.164.217, host: pr-hdds-1643-8bmlk-2934350033, networkLocation: /default-rack, certSerialId: null} reports an CLOSED replica.
2019-11-05 08:27:03,405 [EventQueue-ContainerReportForContainerReportHandler] WARN  container.ContainerReportHandler (AbstractContainerReportHandler.java:updateContainerState(145)) - Container #1 is in OPEN state, but the datanode 90c9f5c6-6de3-44e3-8d50-8a1447632052{ip: 192.168.164.217, host: pr-hdds-1643-8bmlk-2934350033, networkLocation: /default-rack, certSerialId: null} reports an CLOSED replica.
2019-11-05 08:27:03,537 [EventQueue-ContainerReportForContainerReportHandler] WARN  container.ContainerReportHandler (AbstractContainerReportHandler.java:updateContainerState(145)) - Container #1 is in OPEN state, but the datanode e618d93a-19a9-4b89-96f3-44f318818422{ip: 192.168.164.217, host: pr-hdds-1643-8bmlk-2934350033, networkLocation: /default-rack, certSerialId: null} reports an CLOSED replica.
2019-11-05 08:27:03,605 [EventQueue-ContainerReportForContainerReportHandler] WARN  container.ContainerReportHandler (AbstractContainerReportHandler.java:updateContainerState(145)) - Container #1 is in OPEN state, but the datanode 90c9f5c6-6de3-44e3-8d50-8a1447632052{ip: 192.168.164.217, host: pr-hdds-1643-8bmlk-2934350033, networkLocation: /default-rack, certSerialId: null} reports an CLOSED replica.
2019-11-05 08:27:03,737 [EventQueue-ContainerReportForContainerReportHandler] WARN  container.ContainerReportHandler (AbstractContainerReportHandler.java:updateContainerState(145)) - Container #1 is in OPEN state, but the datanode e618d93a-19a9-4b89-96f3-44f318818422{ip: 192.168.164.217, host: pr-hdds-1643-8bmlk-2934350033, networkLocation: /default-rack, certSerialId: null} reports an CLOSED replica.
2019-11-05 08:27:03,850 [BlockDeletingService#2] WARN  background.BlockDeletingService (BlockDeletingService.java:isDeletionAllowed(187)) - Close Container log Index 8 is not replicated across allthe servers in the pipeline 91d82eec-d61e-45ed-83e6-07dd719309de as the min replicated index is 6. Deletion is not allowed in this container yet.
2019-11-05 08:27:03,851 [BlockDeletingService#2] WARN  background.BlockDeletingService (BlockDeletingService.java:isDeletionAllowed(187)) - Close Container log Index 8 is not replicated across allthe servers in the pipeline 91d82eec-d61e-45ed-83e6-07dd719309de as the min replicated index is 6. Deletion is not allowed in this container yet.
2019-11-05 08:27:03,906 [EventQueue-ContainerReportForContainerReportHandler] WARN  container.ContainerReportHandler (AbstractContainerReportHandler.java:updateContainerState(145)) - Container #1 is in OPEN state, but the datanode 90c9f5c6-6de3-44e3-8d50-8a1447632052{ip: 192.168.164.217, host: pr-hdds-1643-8bmlk-2934350033, networkLocation: /default-rack, certSerialId: null} reports an CLOSED replica.
2019-11-05 08:27:04,106 [EventQueue-ContainerReportForContainerReportHandler] WARN  container.ContainerReportHandler (AbstractContainerReportHandler.java:updateContainerState(145)) - Container #1 is in OPEN state, but the datanode 90c9f5c6-6de3-44e3-8d50-8a1447632052{ip: 192.168.164.217, host: pr-hdds-1643-8bmlk-2934350033, networkLocation: /default-rack, certSerialId: null} reports an CLOSED replica.
2019-11-05 08:27:04,137 [EventQueue-ContainerReportForContainerReportHandler] WARN  container.ContainerReportHandler (AbstractContainerReportHandler.java:updateContainerState(145)) - Container #1 is in OPEN state, but the datanode e618d93a-19a9-4b89-96f3-44f318818422{ip: 192.168.164.217, host: pr-hdds-1643-8bmlk-2934350033, networkLocation: /default-rack, certSerialId: null} reports an CLOSED replica.
2019-11-05 08:27:04,337 [EventQueue-ContainerReportForContainerReportHandler] WARN  container.ContainerReportHandler (AbstractContainerReportHandler.java:updateContainerState(145)) - Container #1 is in OPEN state, but the datanode e618d93a-19a9-4b89-96f3-44f318818422{ip: 192.168.164.217, host: pr-hdds-1643-8bmlk-2934350033, networkLocation: /default-rack, certSerialId: null} reports an CLOSED replica.
2019-11-05 08:27:04,406 [EventQueue-ContainerReportForContainerReportHandler] WARN  container.ContainerReportHandler (AbstractContainerReportHandler.java:updateContainerState(145)) - Container #1 is in OPEN state, but the datanode 90c9f5c6-6de3-44e3-8d50-8a1447632052{ip: 192.168.164.217, host: pr-hdds-1643-8bmlk-2934350033, networkLocation: /default-rack, certSerialId: null} reports an CLOSED replica.
2019-11-05 08:27:04,607 [EventQueue-ContainerReportForContainerReportHandler] WARN  container.ContainerReportHandler (AbstractContainerReportHandler.java:updateContainerState(145)) - Container #1 is in OPEN state, but the datanode 90c9f5c6-6de3-44e3-8d50-8a1447632052{ip: 192.168.164.217, host: pr-hdds-1643-8bmlk-2934350033, networkLocation: /default-rack, certSerialId: null} reports an CLOSED replica.
2019-11-05 08:27:04,739 [EventQueue-ContainerReportForContainerReportHandler] WARN  container.ContainerReportHandler (AbstractContainerReportHandler.java:updateContainerState(145)) - Container #1 is in OPEN state, but the datanode e618d93a-19a9-4b89-96f3-44f318818422{ip: 192.168.164.217, host: pr-hdds-1643-8bmlk-2934350033, networkLocation: /default-rack, certSerialId: null} reports an CLOSED replica.
2019-11-05 08:27:04,762 [Thread-400] INFO  client.GrpcClientProtocolService (GrpcClientProtocolService.java:lambda$processClientRequest$0(278)) - Failed RaftClientRequest:client-C29D9280812C->e618d93a-19a9-4b89-96f3-44f318818422@group-07DD719309DE, cid=10, seq=0, Watch-ALL_COMMITTED(8), Message:<EMPTY>, reply=RaftClientReply:client-C29D9280812C->e618d93a-19a9-4b89-96f3-44f318818422@group-07DD719309DE, cid=10, FAILED org.apache.ratis.protocol.NotLeaderException: Server e618d93a-19a9-4b89-96f3-44f318818422@group-07DD719309DE is not the leader 90c9f5c6-6de3-44e3-8d50-8a1447632052:192.168.164.217:36159, logIndex=0, commits[e618d93a-19a9-4b89-96f3-44f318818422:c12, 6ab6cfca-dbae-4fc7-a842-1fd8eedeb1ff:c6, 90c9f5c6-6de3-44e3-8d50-8a1447632052:c12]
2019-11-05 08:27:04,762 [java.util.concurrent.ThreadPoolExecutor$Worker@a0f9458[State = -1, empty queue]] WARN  server.GrpcLogAppender (GrpcLogAppender.java:timeoutAppendRequest(209)) - 90c9f5c6-6de3-44e3-8d50-8a1447632052@group-07DD719309DE->6ab6cfca-dbae-4fc7-a842-1fd8eedeb1ff-GrpcLogAppender: appendEntries Timeout, request=90c9f5c6-6de3-44e3-8d50-8a1447632052->6ab6cfca-dbae-4fc7-a842-1fd8eedeb1ff#29-t9, previous=(t:9, i:12), leaderCommit=12, initializing? false, entries: <empty>
2019-11-05 08:27:04,853 [BlockDeletingService#2] WARN  background.BlockDeletingService (BlockDeletingService.java:isDeletionAllowed(187)) - Close Container log Index 8 is not replicated across allthe servers in the pipeline 91d82eec-d61e-45ed-83e6-07dd719309de as the min replicated index is 6. Deletion is not allowed in this container yet.
2019-11-05 08:27:04,853 [BlockDeletingService#2] WARN  background.BlockDeletingService (BlockDeletingService.java:isDeletionAllowed(187)) - Close Container log Index 8 is not replicated across allthe servers in the pipeline 91d82eec-d61e-45ed-83e6-07dd719309de as the min replicated index is 6. Deletion is not allowed in this container yet.
2019-11-05 08:27:05,008 [EventQueue-ContainerReportForContainerReportHandler] WARN  container.ContainerReportHandler (AbstractContainerReportHandler.java:updateContainerState(145)) - Container #1 is in OPEN state, but the datanode 90c9f5c6-6de3-44e3-8d50-8a1447632052{ip: 192.168.164.217, host: pr-hdds-1643-8bmlk-2934350033, networkLocation: /default-rack, certSerialId: null} reports an CLOSED replica.
2019-11-05 08:27:05,040 [EventQueue-ContainerReportForContainerReportHandler] WARN  container.ContainerReportHandler (AbstractContainerReportHandler.java:updateContainerState(145)) - Container #1 is in OPEN state, but the datanode e618d93a-19a9-4b89-96f3-44f318818422{ip: 192.168.164.217, host: pr-hdds-1643-8bmlk-2934350033, networkLocation: /default-rack, certSerialId: null} reports an CLOSED replica.
2019-11-05 08:27:05,209 [EventQueue-ContainerReportForContainerReportHandler] WARN  container.ContainerReportHandler (AbstractContainerReportHandler.java:updateContainerState(145)) - Container #1 is in OPEN state, but the datanode 90c9f5c6-6de3-44e3-8d50-8a1447632052{ip: 192.168.164.217, host: pr-hdds-1643-8bmlk-2934350033, networkLocation: /default-rack, certSerialId: null} reports an CLOSED replica.
2019-11-05 08:27:05,240 [EventQueue-ContainerReportForContainerReportHandler] WARN  container.ContainerReportHandler (AbstractContainerReportHandler.java:updateContainerState(145)) - Container #1 is in OPEN state, but the datanode e618d93a-19a9-4b89-96f3-44f318818422{ip: 192.168.164.217, host: pr-hdds-1643-8bmlk-2934350033, networkLocation: /default-rack, certSerialId: null} reports an CLOSED replica.
2019-11-05 08:27:05,540 [EventQueue-ContainerReportForContainerReportHandler] WARN  container.ContainerReportHandler (AbstractContainerReportHandler.java:updateContainerState(145)) - Container #1 is in OPEN state, but the datanode e618d93a-19a9-4b89-96f3-44f318818422{ip: 192.168.164.217, host: pr-hdds-1643-8bmlk-2934350033, networkLocation: /default-rack, certSerialId: null} reports an CLOSED replica.
2019-11-05 08:27:05,609 [EventQueue-ContainerReportForContainerReportHandler] WARN  container.ContainerReportHandler (AbstractContainerReportHandler.java:updateContainerState(145)) - Container #1 is in OPEN state, but the datanode 90c9f5c6-6de3-44e3-8d50-8a1447632052{ip: 192.168.164.217, host: pr-hdds-1643-8bmlk-2934350033, networkLocation: /default-rack, certSerialId: null} reports an CLOSED replica.
2019-11-05 08:27:05,810 [EventQueue-ContainerReportForContainerReportHandler] WARN  container.ContainerReportHandler (AbstractContainerReportHandler.java:updateContainerState(145)) - Container #1 is in OPEN state, but the datanode 90c9f5c6-6de3-44e3-8d50-8a1447632052{ip: 192.168.164.217, host: pr-hdds-1643-8bmlk-2934350033, networkLocation: /default-rack, certSerialId: null} reports an CLOSED replica.
2019-11-05 08:27:05,858 [BlockDeletingService#2] WARN  background.BlockDeletingService (BlockDeletingService.java:isDeletionAllowed(187)) - Close Container log Index 8 is not replicated across allthe servers in the pipeline 91d82eec-d61e-45ed-83e6-07dd719309de as the min replicated index is 6. Deletion is not allowed in this container yet.
2019-11-05 08:27:05,858 [BlockDeletingService#2] WARN  background.BlockDeletingService (BlockDeletingService.java:isDeletionAllowed(187)) - Close Container log Index 8 is not replicated across allthe servers in the pipeline 91d82eec-d61e-45ed-83e6-07dd719309de as the min replicated index is 6. Deletion is not allowed in this container yet.
2019-11-05 08:27:05,941 [EventQueue-ContainerReportForContainerReportHandler] WARN  container.ContainerReportHandler (AbstractContainerReportHandler.java:updateContainerState(145)) - Container #1 is in OPEN state, but the datanode e618d93a-19a9-4b89-96f3-44f318818422{ip: 192.168.164.217, host: pr-hdds-1643-8bmlk-2934350033, networkLocation: /default-rack, certSerialId: null} reports an CLOSED replica.
2019-11-05 08:27:06,109 [EventQueue-ContainerReportForContainerReportHandler] WARN  container.ContainerReportHandler (AbstractContainerReportHandler.java:updateContainerState(145)) - Container #1 is in OPEN state, but the datanode 90c9f5c6-6de3-44e3-8d50-8a1447632052{ip: 192.168.164.217, host: pr-hdds-1643-8bmlk-2934350033, networkLocation: /default-rack, certSerialId: null} reports an CLOSED replica.
2019-11-05 08:27:06,241 [EventQueue-ContainerReportForContainerReportHandler] WARN  container.ContainerReportHandler (AbstractContainerReportHandler.java:updateContainerState(145)) - Container #1 is in OPEN state, but the datanode e618d93a-19a9-4b89-96f3-44f318818422{ip: 192.168.164.217, host: pr-hdds-1643-8bmlk-2934350033, networkLocation: /default-rack, certSerialId: null} reports an CLOSED replica.
2019-11-05 08:27:06,511 [EventQueue-ContainerReportForContainerReportHandler] WARN  container.ContainerReportHandler (AbstractContainerReportHandler.java:updateContainerState(145)) - Container #1 is in OPEN state, but the datanode 90c9f5c6-6de3-44e3-8d50-8a1447632052{ip: 192.168.164.217, host: pr-hdds-1643-8bmlk-2934350033, networkLocation: /default-rack, certSerialId: null} reports an CLOSED replica.
2019-11-05 08:27:06,541 [EventQueue-ContainerReportForContainerReportHandler] WARN  container.ContainerReportHandler (AbstractContainerReportHandler.java:updateContainerState(145)) - Container #1 is in OPEN state, but the datanode e618d93a-19a9-4b89-96f3-44f318818422{ip: 192.168.164.217, host: pr-hdds-1643-8bmlk-2934350033, networkLocation: /default-rack, certSerialId: null} reports an CLOSED replica.
2019-11-05 08:27:06,683 [Thread-407] INFO  client.GrpcClientProtocolService (GrpcClientProtocolService.java:lambda$processClientRequest$0(278)) - Failed RaftClientRequest:client-C29D9280812C->90c9f5c6-6de3-44e3-8d50-8a1447632052@group-07DD719309DE, cid=10, seq=0, Watch-ALL_COMMITTED(8), Message:<EMPTY>, reply=RaftClientReply:client-C29D9280812C->90c9f5c6-6de3-44e3-8d50-8a1447632052@group-07DD719309DE, cid=10, FAILED org.apache.ratis.protocol.NotReplicatedException: Request with call Id 10 and log index 8 is not yet replicated to ALL_COMMITTED, logIndex=8, commits[90c9f5c6-6de3-44e3-8d50-8a1447632052:c12, 6ab6cfca-dbae-4fc7-a842-1fd8eedeb1ff:c6, e618d93a-19a9-4b89-96f3-44f318818422:c12]
2019-11-05 08:27:06,710 [EventQueue-ContainerReportForContainerReportHandler] WARN  container.ContainerReportHandler (AbstractContainerReportHandler.java:updateContainerState(145)) - Container #1 is in OPEN state, but the datanode 90c9f5c6-6de3-44e3-8d50-8a1447632052{ip: 192.168.164.217, host: pr-hdds-1643-8bmlk-2934350033, networkLocation: /default-rack, certSerialId: null} reports an CLOSED replica.
2019-11-05 08:27:06,741 [EventQueue-ContainerReportForContainerReportHandler] WARN  container.ContainerReportHandler (AbstractContainerReportHandler.java:updateContainerState(145)) - Container #1 is in OPEN state, but the datanode e618d93a-19a9-4b89-96f3-44f318818422{ip: 192.168.164.217, host: pr-hdds-1643-8bmlk-2934350033, networkLocation: /default-rack, certSerialId: null} reports an CLOSED replica.
2019-11-05 08:27:06,862 [BlockDeletingService#2] WARN  background.BlockDeletingService (BlockDeletingService.java:isDeletionAllowed(187)) - Close Container log Index 8 is not replicated across allthe servers in the pipeline 91d82eec-d61e-45ed-83e6-07dd719309de as the min replicated index is 6. Deletion is not allowed in this container yet.
2019-11-05 08:27:06,862 [BlockDeletingService#2] WARN  background.BlockDeletingService (BlockDeletingService.java:isDeletionAllowed(187)) - Close Container log Index 8 is not replicated across allthe servers in the pipeline 91d82eec-d61e-45ed-83e6-07dd719309de as the min replicated index is 6. Deletion is not allowed in this container yet.
2019-11-05 08:27:06,941 [EventQueue-ContainerReportForContainerReportHandler] WARN  container.ContainerReportHandler (AbstractContainerReportHandler.java:updateContainerState(145)) - Container #1 is in OPEN state, but the datanode e618d93a-19a9-4b89-96f3-44f318818422{ip: 192.168.164.217, host: pr-hdds-1643-8bmlk-2934350033, networkLocation: /default-rack, certSerialId: null} reports an CLOSED replica.
2019-11-05 08:27:07,110 [EventQueue-ContainerReportForContainerReportHandler] WARN  container.ContainerReportHandler (AbstractContainerReportHandler.java:updateContainerState(145)) - Container #1 is in OPEN state, but the datanode 90c9f5c6-6de3-44e3-8d50-8a1447632052{ip: 192.168.164.217, host: pr-hdds-1643-8bmlk-2934350033, networkLocation: /default-rack, certSerialId: null} reports an CLOSED replica.
2019-11-05 08:27:07,240 [EventQueue-ContainerReportForContainerReportHandler] WARN  container.ContainerReportHandler (AbstractContainerReportHandler.java:updateContainerState(145)) - Container #1 is in OPEN state, but the datanode e618d93a-19a9-4b89-96f3-44f318818422{ip: 192.168.164.217, host: pr-hdds-1643-8bmlk-2934350033, networkLocation: /default-rack, certSerialId: null} reports an CLOSED replica.
2019-11-05 08:27:07,264 [java.util.concurrent.ThreadPoolExecutor$Worker@a0f9458[State = -1, empty queue]] WARN  server.GrpcLogAppender (GrpcLogAppender.java:timeoutAppendRequest(209)) - 90c9f5c6-6de3-44e3-8d50-8a1447632052@group-07DD719309DE->6ab6cfca-dbae-4fc7-a842-1fd8eedeb1ff-GrpcLogAppender: appendEntries Timeout, request=90c9f5c6-6de3-44e3-8d50-8a1447632052->6ab6cfca-dbae-4fc7-a842-1fd8eedeb1ff#30-t9, previous=(t:9, i:12), leaderCommit=12, initializing? false, entries: <empty>
2019-11-05 08:27:07,310 [EventQueue-ContainerReportForContainerReportHandler] WARN  container.ContainerReportHandler (AbstractContainerReportHandler.java:updateContainerState(145)) - Container #1 is in OPEN state, but the datanode 90c9f5c6-6de3-44e3-8d50-8a1447632052{ip: 192.168.164.217, host: pr-hdds-1643-8bmlk-2934350033, networkLocation: /default-rack, certSerialId: null} reports an CLOSED replica.
2019-11-05 08:27:07,540 [EventQueue-ContainerReportForContainerReportHandler] WARN  container.ContainerReportHandler (AbstractContainerReportHandler.java:updateContainerState(145)) - Container #1 is in OPEN state, but the datanode e618d93a-19a9-4b89-96f3-44f318818422{ip: 192.168.164.217, host: pr-hdds-1643-8bmlk-2934350033, networkLocation: /default-rack, certSerialId: null} reports an CLOSED replica.
2019-11-05 08:27:07,611 [EventQueue-ContainerReportForContainerReportHandler] WARN  container.ContainerReportHandler (AbstractContainerReportHandler.java:updateContainerState(145)) - Container #1 is in OPEN state, but the datanode 90c9f5c6-6de3-44e3-8d50-8a1447632052{ip: 192.168.164.217, host: pr-hdds-1643-8bmlk-2934350033, networkLocation: /default-rack, certSerialId: null} reports an CLOSED replica.
2019-11-05 08:27:07,865 [BlockDeletingService#2] WARN  background.BlockDeletingService (BlockDeletingService.java:isDeletionAllowed(187)) - Close Container log Index 8 is not replicated across allthe servers in the pipeline 91d82eec-d61e-45ed-83e6-07dd719309de as the min replicated index is 6. Deletion is not allowed in this container yet.
2019-11-05 08:27:07,865 [BlockDeletingService#2] WARN  background.BlockDeletingService (BlockDeletingService.java:isDeletionAllowed(187)) - Close Container log Index 8 is not replicated across allthe servers in the pipeline 91d82eec-d61e-45ed-83e6-07dd719309de as the min replicated index is 6. Deletion is not allowed in this container yet.
2019-11-05 08:27:07,911 [EventQueue-ContainerReportForContainerReportHandler] WARN  container.ContainerReportHandler (AbstractContainerReportHandler.java:updateContainerState(145)) - Container #1 is in OPEN state, but the datanode 90c9f5c6-6de3-44e3-8d50-8a1447632052{ip: 192.168.164.217, host: pr-hdds-1643-8bmlk-2934350033, networkLocation: /default-rack, certSerialId: null} reports an CLOSED replica.
2019-11-05 08:27:07,941 [EventQueue-ContainerReportForContainerReportHandler] WARN  container.ContainerReportHandler (AbstractContainerReportHandler.java:updateContainerState(145)) - Container #1 is in OPEN state, but the datanode e618d93a-19a9-4b89-96f3-44f318818422{ip: 192.168.164.217, host: pr-hdds-1643-8bmlk-2934350033, networkLocation: /default-rack, certSerialId: null} reports an CLOSED replica.
2019-11-05 08:27:08,141 [EventQueue-ContainerReportForContainerReportHandler] WARN  container.ContainerReportHandler (AbstractContainerReportHandler.java:updateContainerState(145)) - Container #1 is in OPEN state, but the datanode e618d93a-19a9-4b89-96f3-44f318818422{ip: 192.168.164.217, host: pr-hdds-1643-8bmlk-2934350033, networkLocation: /default-rack, certSerialId: null} reports an CLOSED replica.
2019-11-05 08:27:08,311 [EventQueue-ContainerReportForContainerReportHandler] WARN  container.ContainerReportHandler (AbstractContainerReportHandler.java:updateContainerState(145)) - Container #1 is in OPEN state, but the datanode 90c9f5c6-6de3-44e3-8d50-8a1447632052{ip: 192.168.164.217, host: pr-hdds-1643-8bmlk-2934350033, networkLocation: /default-rack, certSerialId: null} reports an CLOSED replica.
2019-11-05 08:27:08,442 [EventQueue-ContainerReportForContainerReportHandler] WARN  container.ContainerReportHandler (AbstractContainerReportHandler.java:updateContainerState(145)) - Container #1 is in OPEN state, but the datanode e618d93a-19a9-4b89-96f3-44f318818422{ip: 192.168.164.217, host: pr-hdds-1643-8bmlk-2934350033, networkLocation: /default-rack, certSerialId: null} reports an CLOSED replica.
2019-11-05 08:27:08,611 [EventQueue-ContainerReportForContainerReportHandler] WARN  container.ContainerReportHandler (AbstractContainerReportHandler.java:updateContainerState(145)) - Container #1 is in OPEN state, but the datanode 90c9f5c6-6de3-44e3-8d50-8a1447632052{ip: 192.168.164.217, host: pr-hdds-1643-8bmlk-2934350033, networkLocation: /default-rack, certSerialId: null} reports an CLOSED replica.
2019-11-05 08:27:08,812 [EventQueue-ContainerReportForContainerReportHandler] WARN  container.ContainerReportHandler (AbstractContainerReportHandler.java:updateContainerState(145)) - Container #1 is in OPEN state, but the datanode 90c9f5c6-6de3-44e3-8d50-8a1447632052{ip: 192.168.164.217, host: pr-hdds-1643-8bmlk-2934350033, networkLocation: /default-rack, certSerialId: null} reports an CLOSED replica.
2019-11-05 08:27:08,842 [EventQueue-ContainerReportForContainerReportHandler] WARN  container.ContainerReportHandler (AbstractContainerReportHandler.java:updateContainerState(145)) - Container #1 is in OPEN state, but the datanode e618d93a-19a9-4b89-96f3-44f318818422{ip: 192.168.164.217, host: pr-hdds-1643-8bmlk-2934350033, networkLocation: /default-rack, certSerialId: null} reports an CLOSED replica.
2019-11-05 08:27:08,867 [BlockDeletingService#6] WARN  background.BlockDeletingService (BlockDeletingService.java:isDeletionAllowed(187)) - Close Container log Index 8 is not replicated across allthe servers in the pipeline 91d82eec-d61e-45ed-83e6-07dd719309de as the min replicated index is 6. Deletion is not allowed in this container yet.
2019-11-05 08:27:08,867 [BlockDeletingService#2] WARN  background.BlockDeletingService (BlockDeletingService.java:isDeletionAllowed(187)) - Close Container log Index 8 is not replicated across allthe servers in the pipeline 91d82eec-d61e-45ed-83e6-07dd719309de as the min replicated index is 6. Deletion is not allowed in this container yet.
2019-11-05 08:27:09,113 [EventQueue-ContainerReportForContainerReportHandler] WARN  container.ContainerReportHandler (AbstractContainerReportHandler.java:updateContainerState(145)) - Container #1 is in OPEN state, but the datanode 90c9f5c6-6de3-44e3-8d50-8a1447632052{ip: 192.168.164.217, host: pr-hdds-1643-8bmlk-2934350033, networkLocation: /default-rack, certSerialId: null} reports an CLOSED replica.
2019-11-05 08:27:09,143 [EventQueue-ContainerReportForContainerReportHandler] WARN  container.ContainerReportHandler (AbstractContainerReportHandler.java:updateContainerState(145)) - Container #1 is in OPEN state, but the datanode e618d93a-19a9-4b89-96f3-44f318818422{ip: 192.168.164.217, host: pr-hdds-1643-8bmlk-2934350033, networkLocation: /default-rack, certSerialId: null} reports an CLOSED replica.
2019-11-05 08:27:09,313 [EventQueue-ContainerReportForContainerReportHandler] WARN  container.ContainerReportHandler (AbstractContainerReportHandler.java:updateContainerState(145)) - Container #1 is in OPEN state, but the datanode 90c9f5c6-6de3-44e3-8d50-8a1447632052{ip: 192.168.164.217, host: pr-hdds-1643-8bmlk-2934350033, networkLocation: /default-rack, certSerialId: null} reports an CLOSED replica.
2019-11-05 08:27:09,343 [EventQueue-ContainerReportForContainerReportHandler] WARN  container.ContainerReportHandler (AbstractContainerReportHandler.java:updateContainerState(145)) - Container #1 is in OPEN state, but the datanode e618d93a-19a9-4b89-96f3-44f318818422{ip: 192.168.164.217, host: pr-hdds-1643-8bmlk-2934350033, networkLocation: /default-rack, certSerialId: null} reports an CLOSED replica.
2019-11-05 08:27:09,516 [EventQueue-ContainerReportForContainerReportHandler] WARN  container.ContainerReportHandler (AbstractContainerReportHandler.java:updateContainerState(145)) - Container #1 is in OPEN state, but the datanode 90c9f5c6-6de3-44e3-8d50-8a1447632052{ip: 192.168.164.217, host: pr-hdds-1643-8bmlk-2934350033, networkLocation: /default-rack, certSerialId: null} reports an CLOSED replica.
2019-11-05 08:27:09,543 [EventQueue-ContainerReportForContainerReportHandler] WARN  container.ContainerReportHandler (AbstractContainerReportHandler.java:updateContainerState(145)) - Container #1 is in OPEN state, but the datanode e618d93a-19a9-4b89-96f3-44f318818422{ip: 192.168.164.217, host: pr-hdds-1643-8bmlk-2934350033, networkLocation: /default-rack, certSerialId: null} reports an CLOSED replica.
2019-11-05 08:27:09,765 [java.util.concurrent.ThreadPoolExecutor$Worker@a0f9458[State = -1, empty queue]] WARN  server.GrpcLogAppender (GrpcLogAppender.java:timeoutAppendRequest(209)) - 90c9f5c6-6de3-44e3-8d50-8a1447632052@group-07DD719309DE->6ab6cfca-dbae-4fc7-a842-1fd8eedeb1ff-GrpcLogAppender: appendEntries Timeout, request=90c9f5c6-6de3-44e3-8d50-8a1447632052->6ab6cfca-dbae-4fc7-a842-1fd8eedeb1ff#31-t9, previous=(t:9, i:12), leaderCommit=12, initializing? false, entries: <empty>
2019-11-05 08:27:09,814 [EventQueue-ContainerReportForContainerReportHandler] WARN  container.ContainerReportHandler (AbstractContainerReportHandler.java:updateContainerState(145)) - Container #1 is in OPEN state, but the datanode 90c9f5c6-6de3-44e3-8d50-8a1447632052{ip: 192.168.164.217, host: pr-hdds-1643-8bmlk-2934350033, networkLocation: /default-rack, certSerialId: null} reports an CLOSED replica.
2019-11-05 08:27:09,868 [BlockDeletingService#2] WARN  background.BlockDeletingService (BlockDeletingService.java:isDeletionAllowed(187)) - Close Container log Index 8 is not replicated across allthe servers in the pipeline 91d82eec-d61e-45ed-83e6-07dd719309de as the min replicated index is 6. Deletion is not allowed in this container yet.
2019-11-05 08:27:09,868 [BlockDeletingService#6] WARN  background.BlockDeletingService (BlockDeletingService.java:isDeletionAllowed(187)) - Close Container log Index 8 is not replicated across allthe servers in the pipeline 91d82eec-d61e-45ed-83e6-07dd719309de as the min replicated index is 6. Deletion is not allowed in this container yet.
2019-11-05 08:27:09,944 [EventQueue-ContainerReportForContainerReportHandler] WARN  container.ContainerReportHandler (AbstractContainerReportHandler.java:updateContainerState(145)) - Container #1 is in OPEN state, but the datanode e618d93a-19a9-4b89-96f3-44f318818422{ip: 192.168.164.217, host: pr-hdds-1643-8bmlk-2934350033, networkLocation: /default-rack, certSerialId: null} reports an CLOSED replica.
2019-11-05 08:27:10,114 [EventQueue-ContainerReportForContainerReportHandler] WARN  container.ContainerReportHandler (AbstractContainerReportHandler.java:updateContainerState(145)) - Container #1 is in OPEN state, but the datanode 90c9f5c6-6de3-44e3-8d50-8a1447632052{ip: 192.168.164.217, host: pr-hdds-1643-8bmlk-2934350033, networkLocation: /default-rack, certSerialId: null} reports an CLOSED replica.
2019-11-05 08:27:10,244 [EventQueue-ContainerReportForContainerReportHandler] WARN  container.ContainerReportHandler (AbstractContainerReportHandler.java:updateContainerState(145)) - Container #1 is in OPEN state, but the datanode e618d93a-19a9-4b89-96f3-44f318818422{ip: 192.168.164.217, host: pr-hdds-1643-8bmlk-2934350033, networkLocation: /default-rack, certSerialId: null} reports an CLOSED replica.
2019-11-05 08:27:10,514 [EventQueue-ContainerReportForContainerReportHandler] WARN  container.ContainerReportHandler (AbstractContainerReportHandler.java:updateContainerState(145)) - Container #1 is in OPEN state, but the datanode 90c9f5c6-6de3-44e3-8d50-8a1447632052{ip: 192.168.164.217, host: pr-hdds-1643-8bmlk-2934350033, networkLocation: /default-rack, certSerialId: null} reports an CLOSED replica.
2019-11-05 08:27:10,544 [EventQueue-ContainerReportForContainerReportHandler] WARN  container.ContainerReportHandler (AbstractContainerReportHandler.java:updateContainerState(145)) - Container #1 is in OPEN state, but the datanode e618d93a-19a9-4b89-96f3-44f318818422{ip: 192.168.164.217, host: pr-hdds-1643-8bmlk-2934350033, networkLocation: /default-rack, certSerialId: null} reports an CLOSED replica.
2019-11-05 08:27:10,815 [EventQueue-ContainerReportForContainerReportHandler] WARN  container.ContainerReportHandler (AbstractContainerReportHandler.java:updateContainerState(145)) - Container #1 is in OPEN state, but the datanode 90c9f5c6-6de3-44e3-8d50-8a1447632052{ip: 192.168.164.217, host: pr-hdds-1643-8bmlk-2934350033, networkLocation: /default-rack, certSerialId: null} reports an CLOSED replica.
2019-11-05 08:27:10,870 [BlockDeletingService#2] WARN  background.BlockDeletingService (BlockDeletingService.java:isDeletionAllowed(187)) - Close Container log Index 8 is not replicated across allthe servers in the pipeline 91d82eec-d61e-45ed-83e6-07dd719309de as the min replicated index is 6. Deletion is not allowed in this container yet.
2019-11-05 08:27:10,870 [BlockDeletingService#6] WARN  background.BlockDeletingService (BlockDeletingService.java:isDeletionAllowed(187)) - Close Container log Index 8 is not replicated across allthe servers in the pipeline 91d82eec-d61e-45ed-83e6-07dd719309de as the min replicated index is 6. Deletion is not allowed in this container yet.
2019-11-05 08:27:10,943 [EventQueue-ContainerReportForContainerReportHandler] WARN  container.ContainerReportHandler (AbstractContainerReportHandler.java:updateContainerState(145)) - Container #1 is in OPEN state, but the datanode e618d93a-19a9-4b89-96f3-44f318818422{ip: 192.168.164.217, host: pr-hdds-1643-8bmlk-2934350033, networkLocation: /default-rack, certSerialId: null} reports an CLOSED replica.
2019-11-05 08:27:11,115 [EventQueue-ContainerReportForContainerReportHandler] WARN  container.ContainerReportHandler (AbstractContainerReportHandler.java:updateContainerState(145)) - Container #1 is in OPEN state, but the datanode 90c9f5c6-6de3-44e3-8d50-8a1447632052{ip: 192.168.164.217, host: pr-hdds-1643-8bmlk-2934350033, networkLocation: /default-rack, certSerialId: null} reports an CLOSED replica.
2019-11-05 08:27:11,244 [EventQueue-ContainerReportForContainerReportHandler] WARN  container.ContainerReportHandler (AbstractContainerReportHandler.java:updateContainerState(145)) - Container #1 is in OPEN state, but the datanode e618d93a-19a9-4b89-96f3-44f318818422{ip: 192.168.164.217, host: pr-hdds-1643-8bmlk-2934350033, networkLocation: /default-rack, certSerialId: null} reports an CLOSED replica.
2019-11-05 08:27:11,518 [EventQueue-ContainerReportForContainerReportHandler] WARN  container.ContainerReportHandler (AbstractContainerReportHandler.java:updateContainerState(145)) - Container #1 is in OPEN state, but the datanode 90c9f5c6-6de3-44e3-8d50-8a1447632052{ip: 192.168.164.217, host: pr-hdds-1643-8bmlk-2934350033, networkLocation: /default-rack, certSerialId: null} reports an CLOSED replica.
2019-11-05 08:27:11,544 [EventQueue-ContainerReportForContainerReportHandler] WARN  container.ContainerReportHandler (AbstractContainerReportHandler.java:updateContainerState(145)) - Container #1 is in OPEN state, but the datanode e618d93a-19a9-4b89-96f3-44f318818422{ip: 192.168.164.217, host: pr-hdds-1643-8bmlk-2934350033, networkLocation: /default-rack, certSerialId: null} reports an CLOSED replica.
2019-11-05 08:27:11,718 [EventQueue-ContainerReportForContainerReportHandler] WARN  container.ContainerReportHandler (AbstractContainerReportHandler.java:updateContainerState(145)) - Container #1 is in OPEN state, but the datanode 90c9f5c6-6de3-44e3-8d50-8a1447632052{ip: 192.168.164.217, host: pr-hdds-1643-8bmlk-2934350033, networkLocation: /default-rack, certSerialId: null} reports an CLOSED replica.
2019-11-05 08:27:11,844 [EventQueue-ContainerReportForContainerReportHandler] WARN  container.ContainerReportHandler (AbstractContainerReportHandler.java:updateContainerState(145)) - Container #1 is in OPEN state, but the datanode e618d93a-19a9-4b89-96f3-44f318818422{ip: 192.168.164.217, host: pr-hdds-1643-8bmlk-2934350033, networkLocation: /default-rack, certSerialId: null} reports an CLOSED replica.
2019-11-05 08:27:11,871 [BlockDeletingService#2] WARN  background.BlockDeletingService (BlockDeletingService.java:isDeletionAllowed(187)) - Close Container log Index 8 is not replicated across allthe servers in the pipeline 91d82eec-d61e-45ed-83e6-07dd719309de as the min replicated index is 6. Deletion is not allowed in this container yet.
2019-11-05 08:27:11,871 [BlockDeletingService#6] WARN  background.BlockDeletingService (BlockDeletingService.java:isDeletionAllowed(187)) - Close Container log Index 8 is not replicated across allthe servers in the pipeline 91d82eec-d61e-45ed-83e6-07dd719309de as the min replicated index is 6. Deletion is not allowed in this container yet.
2019-11-05 08:27:11,919 [EventQueue-ContainerReportForContainerReportHandler] WARN  container.ContainerReportHandler (AbstractContainerReportHandler.java:updateContainerState(145)) - Container #1 is in OPEN state, but the datanode 90c9f5c6-6de3-44e3-8d50-8a1447632052{ip: 192.168.164.217, host: pr-hdds-1643-8bmlk-2934350033, networkLocation: /default-rack, certSerialId: null} reports an CLOSED replica.
2019-11-05 08:27:12,144 [EventQueue-ContainerReportForContainerReportHandler] WARN  container.ContainerReportHandler (AbstractContainerReportHandler.java:updateContainerState(145)) - Container #1 is in OPEN state, but the datanode e618d93a-19a9-4b89-96f3-44f318818422{ip: 192.168.164.217, host: pr-hdds-1643-8bmlk-2934350033, networkLocation: /default-rack, certSerialId: null} reports an CLOSED replica.
2019-11-05 08:27:12,219 [EventQueue-ContainerReportForContainerReportHandler] WARN  container.ContainerReportHandler (AbstractContainerReportHandler.java:updateContainerState(145)) - Container #1 is in OPEN state, but the datanode 90c9f5c6-6de3-44e3-8d50-8a1447632052{ip: 192.168.164.217, host: pr-hdds-1643-8bmlk-2934350033, networkLocation: /default-rack, certSerialId: null} reports an CLOSED replica.
2019-11-05 08:27:12,266 [java.util.concurrent.ThreadPoolExecutor$Worker@a0f9458[State = -1, empty queue]] WARN  server.GrpcLogAppender (GrpcLogAppender.java:timeoutAppendRequest(209)) - 90c9f5c6-6de3-44e3-8d50-8a1447632052@group-07DD719309DE->6ab6cfca-dbae-4fc7-a842-1fd8eedeb1ff-GrpcLogAppender: appendEntries Timeout, request=90c9f5c6-6de3-44e3-8d50-8a1447632052->6ab6cfca-dbae-4fc7-a842-1fd8eedeb1ff#32-t9, previous=(t:9, i:12), leaderCommit=12, initializing? false, entries: <empty>
2019-11-05 08:27:12,444 [EventQueue-ContainerReportForContainerReportHandler] WARN  container.ContainerReportHandler (AbstractContainerReportHandler.java:updateContainerState(145)) - Container #1 is in OPEN state, but the datanode e618d93a-19a9-4b89-96f3-44f318818422{ip: 192.168.164.217, host: pr-hdds-1643-8bmlk-2934350033, networkLocation: /default-rack, certSerialId: null} reports an CLOSED replica.
2019-11-05 08:27:12,519 [EventQueue-ContainerReportForContainerReportHandler] WARN  container.ContainerReportHandler (AbstractContainerReportHandler.java:updateContainerState(145)) - Container #1 is in OPEN state, but the datanode 90c9f5c6-6de3-44e3-8d50-8a1447632052{ip: 192.168.164.217, host: pr-hdds-1643-8bmlk-2934350033, networkLocation: /default-rack, certSerialId: null} reports an CLOSED replica.
2019-11-05 08:27:12,645 [EventQueue-ContainerReportForContainerReportHandler] WARN  container.ContainerReportHandler (AbstractContainerReportHandler.java:updateContainerState(145)) - Container #1 is in OPEN state, but the datanode e618d93a-19a9-4b89-96f3-44f318818422{ip: 192.168.164.217, host: pr-hdds-1643-8bmlk-2934350033, networkLocation: /default-rack, certSerialId: null} reports an CLOSED replica.
2019-11-05 08:27:12,873 [BlockDeletingService#6] WARN  background.BlockDeletingService (BlockDeletingService.java:isDeletionAllowed(187)) - Close Container log Index 8 is not replicated across allthe servers in the pipeline 91d82eec-d61e-45ed-83e6-07dd719309de as the min replicated index is 6. Deletion is not allowed in this container yet.
2019-11-05 08:27:12,873 [BlockDeletingService#2] WARN  background.BlockDeletingService (BlockDeletingService.java:isDeletionAllowed(187)) - Close Container log Index 8 is not replicated across allthe servers in the pipeline 91d82eec-d61e-45ed-83e6-07dd719309de as the min replicated index is 6. Deletion is not allowed in this container yet.
2019-11-05 08:27:12,919 [EventQueue-ContainerReportForContainerReportHandler] WARN  container.ContainerReportHandler (AbstractContainerReportHandler.java:updateContainerState(145)) - Container #1 is in OPEN state, but the datanode 90c9f5c6-6de3-44e3-8d50-8a1447632052{ip: 192.168.164.217, host: pr-hdds-1643-8bmlk-2934350033, networkLocation: /default-rack, certSerialId: null} reports an CLOSED replica.
2019-11-05 08:27:12,945 [EventQueue-ContainerReportForContainerReportHandler] WARN  container.ContainerReportHandler (AbstractContainerReportHandler.java:updateContainerState(145)) - Container #1 is in OPEN state, but the datanode e618d93a-19a9-4b89-96f3-44f318818422{ip: 192.168.164.217, host: pr-hdds-1643-8bmlk-2934350033, networkLocation: /default-rack, certSerialId: null} reports an CLOSED replica.
2019-11-05 08:27:13,245 [EventQueue-ContainerReportForContainerReportHandler] WARN  container.ContainerReportHandler (AbstractContainerReportHandler.java:updateContainerState(145)) - Container #1 is in OPEN state, but the datanode e618d93a-19a9-4b89-96f3-44f318818422{ip: 192.168.164.217, host: pr-hdds-1643-8bmlk-2934350033, networkLocation: /default-rack, certSerialId: null} reports an CLOSED replica.
2019-11-05 08:27:13,319 [EventQueue-ContainerReportForContainerReportHandler] WARN  container.ContainerReportHandler (AbstractContainerReportHandler.java:updateContainerState(145)) - Container #1 is in OPEN state, but the datanode 90c9f5c6-6de3-44e3-8d50-8a1447632052{ip: 192.168.164.217, host: pr-hdds-1643-8bmlk-2934350033, networkLocation: /default-rack, certSerialId: null} reports an CLOSED replica.
2019-11-05 08:27:13,545 [EventQueue-ContainerReportForContainerReportHandler] WARN  container.ContainerReportHandler (AbstractContainerReportHandler.java:updateContainerState(145)) - Container #1 is in OPEN state, but the datanode e618d93a-19a9-4b89-96f3-44f318818422{ip: 192.168.164.217, host: pr-hdds-1643-8bmlk-2934350033, networkLocation: /default-rack, certSerialId: null} reports an CLOSED replica.
2019-11-05 08:27:13,719 [EventQueue-ContainerReportForContainerReportHandler] WARN  container.ContainerReportHandler (AbstractContainerReportHandler.java:updateContainerState(145)) - Container #1 is in OPEN state, but the datanode 90c9f5c6-6de3-44e3-8d50-8a1447632052{ip: 192.168.164.217, host: pr-hdds-1643-8bmlk-2934350033, networkLocation: /default-rack, certSerialId: null} reports an CLOSED replica.
2019-11-05 08:27:13,874 [BlockDeletingService#2] WARN  background.BlockDeletingService (BlockDeletingService.java:isDeletionAllowed(187)) - Close Container log Index 8 is not replicated across allthe servers in the pipeline 91d82eec-d61e-45ed-83e6-07dd719309de as the min replicated index is 6. Deletion is not allowed in this container yet.
2019-11-05 08:27:13,874 [BlockDeletingService#6] WARN  background.BlockDeletingService (BlockDeletingService.java:isDeletionAllowed(187)) - Close Container log Index 8 is not replicated across allthe servers in the pipeline 91d82eec-d61e-45ed-83e6-07dd719309de as the min replicated index is 6. Deletion is not allowed in this container yet.
2019-11-05 08:27:13,946 [EventQueue-ContainerReportForContainerReportHandler] WARN  container.ContainerReportHandler (AbstractContainerReportHandler.java:updateContainerState(145)) - Container #1 is in OPEN state, but the datanode e618d93a-19a9-4b89-96f3-44f318818422{ip: 192.168.164.217, host: pr-hdds-1643-8bmlk-2934350033, networkLocation: /default-rack, certSerialId: null} reports an CLOSED replica.
2019-11-05 08:27:14,019 [EventQueue-ContainerReportForContainerReportHandler] WARN  container.ContainerReportHandler (AbstractContainerReportHandler.java:updateContainerState(145)) - Container #1 is in OPEN state, but the datanode 90c9f5c6-6de3-44e3-8d50-8a1447632052{ip: 192.168.164.217, host: pr-hdds-1643-8bmlk-2934350033, networkLocation: /default-rack, certSerialId: null} reports an CLOSED replica.
2019-11-05 08:27:14,147 [EventQueue-ContainerReportForContainerReportHandler] WARN  container.ContainerReportHandler (AbstractContainerReportHandler.java:updateContainerState(145)) - Container #1 is in OPEN state, but the datanode e618d93a-19a9-4b89-96f3-44f318818422{ip: 192.168.164.217, host: pr-hdds-1643-8bmlk-2934350033, networkLocation: /default-rack, certSerialId: null} reports an CLOSED replica.
2019-11-05 08:27:14,320 [EventQueue-ContainerReportForContainerReportHandler] WARN  container.ContainerReportHandler (AbstractContainerReportHandler.java:updateContainerState(145)) - Container #1 is in OPEN state, but the datanode 90c9f5c6-6de3-44e3-8d50-8a1447632052{ip: 192.168.164.217, host: pr-hdds-1643-8bmlk-2934350033, networkLocation: /default-rack, certSerialId: null} reports an CLOSED replica.
2019-11-05 08:27:14,447 [EventQueue-ContainerReportForContainerReportHandler] WARN  container.ContainerReportHandler (AbstractContainerReportHandler.java:updateContainerState(145)) - Container #1 is in OPEN state, but the datanode e618d93a-19a9-4b89-96f3-44f318818422{ip: 192.168.164.217, host: pr-hdds-1643-8bmlk-2934350033, networkLocation: /default-rack, certSerialId: null} reports an CLOSED replica.
2019-11-05 08:27:14,647 [EventQueue-ContainerReportForContainerReportHandler] WARN  container.ContainerReportHandler (AbstractContainerReportHandler.java:updateContainerState(145)) - Container #1 is in OPEN state, but the datanode e618d93a-19a9-4b89-96f3-44f318818422{ip: 192.168.164.217, host: pr-hdds-1643-8bmlk-2934350033, networkLocation: /default-rack, certSerialId: null} reports an CLOSED replica.
2019-11-05 08:27:14,723 [EventQueue-ContainerReportForContainerReportHandler] WARN  container.ContainerReportHandler (AbstractContainerReportHandler.java:updateContainerState(145)) - Container #1 is in OPEN state, but the datanode 90c9f5c6-6de3-44e3-8d50-8a1447632052{ip: 192.168.164.217, host: pr-hdds-1643-8bmlk-2934350033, networkLocation: /default-rack, certSerialId: null} reports an CLOSED replica.
2019-11-05 08:27:14,767 [java.util.concurrent.ThreadPoolExecutor$Worker@a0f9458[State = -1, empty queue]] WARN  server.GrpcLogAppender (GrpcLogAppender.java:timeoutAppendRequest(209)) - 90c9f5c6-6de3-44e3-8d50-8a1447632052@group-07DD719309DE->6ab6cfca-dbae-4fc7-a842-1fd8eedeb1ff-GrpcLogAppender: appendEntries Timeout, request=90c9f5c6-6de3-44e3-8d50-8a1447632052->6ab6cfca-dbae-4fc7-a842-1fd8eedeb1ff#33-t9, previous=(t:9, i:12), leaderCommit=12, initializing? false, entries: <empty>
2019-11-05 08:27:14,804 [Thread-433] INFO  client.GrpcClientProtocolService (GrpcClientProtocolService.java:lambda$processClientRequest$0(278)) - Failed RaftClientRequest:client-C29D9280812C->e618d93a-19a9-4b89-96f3-44f318818422@group-07DD719309DE, cid=10, seq=0, Watch-ALL_COMMITTED(8), Message:<EMPTY>, reply=RaftClientReply:client-C29D9280812C->e618d93a-19a9-4b89-96f3-44f318818422@group-07DD719309DE, cid=10, FAILED org.apache.ratis.protocol.NotLeaderException: Server e618d93a-19a9-4b89-96f3-44f318818422@group-07DD719309DE is not the leader 90c9f5c6-6de3-44e3-8d50-8a1447632052:192.168.164.217:36159, logIndex=0, commits[e618d93a-19a9-4b89-96f3-44f318818422:c12, 6ab6cfca-dbae-4fc7-a842-1fd8eedeb1ff:c6, 90c9f5c6-6de3-44e3-8d50-8a1447632052:c12]
2019-11-05 08:27:14,847 [EventQueue-ContainerReportForContainerReportHandler] WARN  container.ContainerReportHandler (AbstractContainerReportHandler.java:updateContainerState(145)) - Container #1 is in OPEN state, but the datanode e618d93a-19a9-4b89-96f3-44f318818422{ip: 192.168.164.217, host: pr-hdds-1643-8bmlk-2934350033, networkLocation: /default-rack, certSerialId: null} reports an CLOSED replica.
2019-11-05 08:27:14,876 [BlockDeletingService#6] WARN  background.BlockDeletingService (BlockDeletingService.java:isDeletionAllowed(187)) - Close Container log Index 8 is not replicated across allthe servers in the pipeline 91d82eec-d61e-45ed-83e6-07dd719309de as the min replicated index is 6. Deletion is not allowed in this container yet.
2019-11-05 08:27:14,876 [BlockDeletingService#2] WARN  background.BlockDeletingService (BlockDeletingService.java:isDeletionAllowed(187)) - Close Container log Index 8 is not replicated across allthe servers in the pipeline 91d82eec-d61e-45ed-83e6-07dd719309de as the min replicated index is 6. Deletion is not allowed in this container yet.
2019-11-05 08:27:14,926 [EventQueue-ContainerReportForContainerReportHandler] WARN  container.ContainerReportHandler (AbstractContainerReportHandler.java:updateContainerState(145)) - Container #1 is in OPEN state, but the datanode 90c9f5c6-6de3-44e3-8d50-8a1447632052{ip: 192.168.164.217, host: pr-hdds-1643-8bmlk-2934350033, networkLocation: /default-rack, certSerialId: null} reports an CLOSED replica.
2019-11-05 08:27:15,123 [EventQueue-ContainerReportForContainerReportHandler] WARN  container.ContainerReportHandler (AbstractContainerReportHandler.java:updateContainerState(145)) - Container #1 is in OPEN state, but the datanode 90c9f5c6-6de3-44e3-8d50-8a1447632052{ip: 192.168.164.217, host: pr-hdds-1643-8bmlk-2934350033, networkLocation: /default-rack, certSerialId: null} reports an CLOSED replica.
2019-11-05 08:27:15,148 [EventQueue-ContainerReportForContainerReportHandler] WARN  container.ContainerReportHandler (AbstractContainerReportHandler.java:updateContainerState(145)) - Container #1 is in OPEN state, but the datanode e618d93a-19a9-4b89-96f3-44f318818422{ip: 192.168.164.217, host: pr-hdds-1643-8bmlk-2934350033, networkLocation: /default-rack, certSerialId: null} reports an CLOSED replica.
2019-11-05 08:27:15,423 [EventQueue-ContainerReportForContainerReportHandler] WARN  container.ContainerReportHandler (AbstractContainerReportHandler.java:updateContainerState(145)) - Container #1 is in OPEN state, but the datanode 90c9f5c6-6de3-44e3-8d50-8a1447632052{ip: 192.168.164.217, host: pr-hdds-1643-8bmlk-2934350033, networkLocation: /default-rack, certSerialId: null} reports an CLOSED replica.
2019-11-05 08:27:15,448 [EventQueue-ContainerReportForContainerReportHandler] WARN  container.ContainerReportHandler (AbstractContainerReportHandler.java:updateContainerState(145)) - Container #1 is in OPEN state, but the datanode e618d93a-19a9-4b89-96f3-44f318818422{ip: 192.168.164.217, host: pr-hdds-1643-8bmlk-2934350033, networkLocation: /default-rack, certSerialId: null} reports an CLOSED replica.
2019-11-05 08:27:15,682 [Thread-438] INFO  client.GrpcClientProtocolService (GrpcClientProtocolService.java:lambda$processClientRequest$0(278)) - Failed RaftClientRequest:client-C29D9280812C->90c9f5c6-6de3-44e3-8d50-8a1447632052@group-07DD719309DE, cid=10, seq=0, Watch-ALL_COMMITTED(8), Message:<EMPTY>, reply=RaftClientReply:client-C29D9280812C->90c9f5c6-6de3-44e3-8d50-8a1447632052@group-07DD719309DE, cid=10, FAILED org.apache.ratis.protocol.NotReplicatedException: Request with call Id 10 and log index 8 is not yet replicated to ALL_COMMITTED, logIndex=8, commits[90c9f5c6-6de3-44e3-8d50-8a1447632052:c12, 6ab6cfca-dbae-4fc7-a842-1fd8eedeb1ff:c6, e618d93a-19a9-4b89-96f3-44f318818422:c12]
2019-11-05 08:27:15,724 [EventQueue-ContainerReportForContainerReportHandler] WARN  container.ContainerReportHandler (AbstractContainerReportHandler.java:updateContainerState(145)) - Container #1 is in OPEN state, but the datanode 90c9f5c6-6de3-44e3-8d50-8a1447632052{ip: 192.168.164.217, host: pr-hdds-1643-8bmlk-2934350033, networkLocation: /default-rack, certSerialId: null} reports an CLOSED replica.
2019-11-05 08:27:15,748 [EventQueue-ContainerReportForContainerReportHandler] WARN  container.ContainerReportHandler (AbstractContainerReportHandler.java:updateContainerState(145)) - Container #1 is in OPEN state, but the datanode e618d93a-19a9-4b89-96f3-44f318818422{ip: 192.168.164.217, host: pr-hdds-1643-8bmlk-2934350033, networkLocation: /default-rack, certSerialId: null} reports an CLOSED replica.
2019-11-05 08:27:15,879 [BlockDeletingService#2] WARN  background.BlockDeletingService (BlockDeletingService.java:isDeletionAllowed(187)) - Close Container log Index 8 is not replicated across allthe servers in the pipeline 91d82eec-d61e-45ed-83e6-07dd719309de as the min replicated index is 6. Deletion is not allowed in this container yet.
2019-11-05 08:27:15,879 [BlockDeletingService#6] WARN  background.BlockDeletingService (BlockDeletingService.java:isDeletionAllowed(187)) - Close Container log Index 8 is not replicated across allthe servers in the pipeline 91d82eec-d61e-45ed-83e6-07dd719309de as the min replicated index is 6. Deletion is not allowed in this container yet.
2019-11-05 08:27:16,024 [EventQueue-ContainerReportForContainerReportHandler] WARN  container.ContainerReportHandler (AbstractContainerReportHandler.java:updateContainerState(145)) - Container #1 is in OPEN state, but the datanode 90c9f5c6-6de3-44e3-8d50-8a1447632052{ip: 192.168.164.217, host: pr-hdds-1643-8bmlk-2934350033, networkLocation: /default-rack, certSerialId: null} reports an CLOSED replica.
2019-11-05 08:27:16,048 [EventQueue-ContainerReportForContainerReportHandler] WARN  container.ContainerReportHandler (AbstractContainerReportHandler.java:updateContainerState(145)) - Container #1 is in OPEN state, but the datanode e618d93a-19a9-4b89-96f3-44f318818422{ip: 192.168.164.217, host: pr-hdds-1643-8bmlk-2934350033, networkLocation: /default-rack, certSerialId: null} reports an CLOSED replica.
2019-11-05 08:27:16,224 [EventQueue-ContainerReportForContainerReportHandler] WARN  container.ContainerReportHandler (AbstractContainerReportHandler.java:updateContainerState(145)) - Container #1 is in OPEN state, but the datanode 90c9f5c6-6de3-44e3-8d50-8a1447632052{ip: 192.168.164.217, host: pr-hdds-1643-8bmlk-2934350033, networkLocation: /default-rack, certSerialId: null} reports an CLOSED replica.
2019-11-05 08:27:16,347 [EventQueue-ContainerReportForContainerReportHandler] WARN  container.ContainerReportHandler (AbstractContainerReportHandler.java:updateContainerState(145)) - Container #1 is in OPEN state, but the datanode e618d93a-19a9-4b89-96f3-44f318818422{ip: 192.168.164.217, host: pr-hdds-1643-8bmlk-2934350033, networkLocation: /default-rack, certSerialId: null} reports an CLOSED replica.
2019-11-05 08:27:16,548 [EventQueue-ContainerReportForContainerReportHandler] WARN  container.ContainerReportHandler (AbstractContainerReportHandler.java:updateContainerState(145)) - Container #1 is in OPEN state, but the datanode e618d93a-19a9-4b89-96f3-44f318818422{ip: 192.168.164.217, host: pr-hdds-1643-8bmlk-2934350033, networkLocation: /default-rack, certSerialId: null} reports an CLOSED replica.
2019-11-05 08:27:16,624 [EventQueue-ContainerReportForContainerReportHandler] WARN  container.ContainerReportHandler (AbstractContainerReportHandler.java:updateContainerState(145)) - Container #1 is in OPEN state, but the datanode 90c9f5c6-6de3-44e3-8d50-8a1447632052{ip: 192.168.164.217, host: pr-hdds-1643-8bmlk-2934350033, networkLocation: /default-rack, certSerialId: null} reports an CLOSED replica.
2019-11-05 08:27:16,883 [BlockDeletingService#6] WARN  background.BlockDeletingService (BlockDeletingService.java:isDeletionAllowed(187)) - Close Container log Index 8 is not replicated across allthe servers in the pipeline 91d82eec-d61e-45ed-83e6-07dd719309de as the min replicated index is 6. Deletion is not allowed in this container yet.
2019-11-05 08:27:16,883 [BlockDeletingService#2] WARN  background.BlockDeletingService (BlockDeletingService.java:isDeletionAllowed(187)) - Close Container log Index 8 is not replicated across allthe servers in the pipeline 91d82eec-d61e-45ed-83e6-07dd719309de as the min replicated index is 6. Deletion is not allowed in this container yet.
2019-11-05 08:27:16,926 [EventQueue-ContainerReportForContainerReportHandler] WARN  container.ContainerReportHandler (AbstractContainerReportHandler.java:updateContainerState(145)) - Container #1 is in OPEN state, but the datanode 90c9f5c6-6de3-44e3-8d50-8a1447632052{ip: 192.168.164.217, host: pr-hdds-1643-8bmlk-2934350033, networkLocation: /default-rack, certSerialId: null} reports an CLOSED replica.
2019-11-05 08:27:16,947 [EventQueue-ContainerReportForContainerReportHandler] WARN  container.ContainerReportHandler (AbstractContainerReportHandler.java:updateContainerState(145)) - Container #1 is in OPEN state, but the datanode e618d93a-19a9-4b89-96f3-44f318818422{ip: 192.168.164.217, host: pr-hdds-1643-8bmlk-2934350033, networkLocation: /default-rack, certSerialId: null} reports an CLOSED replica.
2019-11-05 08:27:17,126 [EventQueue-ContainerReportForContainerReportHandler] WARN  container.ContainerReportHandler (AbstractContainerReportHandler.java:updateContainerState(145)) - Container #1 is in OPEN state, but the datanode 90c9f5c6-6de3-44e3-8d50-8a1447632052{ip: 192.168.164.217, host: pr-hdds-1643-8bmlk-2934350033, networkLocation: /default-rack, certSerialId: null} reports an CLOSED replica.
2019-11-05 08:27:17,249 [EventQueue-ContainerReportForContainerReportHandler] WARN  container.ContainerReportHandler (AbstractContainerReportHandler.java:updateContainerState(145)) - Container #1 is in OPEN state, but the datanode e618d93a-19a9-4b89-96f3-44f318818422{ip: 192.168.164.217, host: pr-hdds-1643-8bmlk-2934350033, networkLocation: /default-rack, certSerialId: null} reports an CLOSED replica.
2019-11-05 08:27:17,268 [java.util.concurrent.ThreadPoolExecutor$Worker@a0f9458[State = -1, empty queue]] WARN  server.GrpcLogAppender (GrpcLogAppender.java:timeoutAppendRequest(209)) - 90c9f5c6-6de3-44e3-8d50-8a1447632052@group-07DD719309DE->6ab6cfca-dbae-4fc7-a842-1fd8eedeb1ff-GrpcLogAppender: appendEntries Timeout, request=90c9f5c6-6de3-44e3-8d50-8a1447632052->6ab6cfca-dbae-4fc7-a842-1fd8eedeb1ff#34-t9, previous=(t:9, i:12), leaderCommit=12, initializing? false, entries: <empty>
2019-11-05 08:27:17,330 [EventQueue-ContainerReportForContainerReportHandler] WARN  container.ContainerReportHandler (AbstractContainerReportHandler.java:updateContainerState(145)) - Container #1 is in OPEN state, but the datanode 90c9f5c6-6de3-44e3-8d50-8a1447632052{ip: 192.168.164.217, host: pr-hdds-1643-8bmlk-2934350033, networkLocation: /default-rack, certSerialId: null} reports an CLOSED replica.
2019-11-05 08:27:17,649 [EventQueue-ContainerReportForContainerReportHandler] WARN  container.ContainerReportHandler (AbstractContainerReportHandler.java:updateContainerState(145)) - Container #1 is in OPEN state, but the datanode e618d93a-19a9-4b89-96f3-44f318818422{ip: 192.168.164.217, host: pr-hdds-1643-8bmlk-2934350033, networkLocation: /default-rack, certSerialId: null} reports an CLOSED replica.
2019-11-05 08:27:17,727 [EventQueue-ContainerReportForContainerReportHandler] WARN  container.ContainerReportHandler (AbstractContainerReportHandler.java:updateContainerState(145)) - Container #1 is in OPEN state, but the datanode 90c9f5c6-6de3-44e3-8d50-8a1447632052{ip: 192.168.164.217, host: pr-hdds-1643-8bmlk-2934350033, networkLocation: /default-rack, certSerialId: null} reports an CLOSED replica.
2019-11-05 08:27:17,885 [BlockDeletingService#6] WARN  background.BlockDeletingService (BlockDeletingService.java:isDeletionAllowed(187)) - Close Container log Index 8 is not replicated across allthe servers in the pipeline 91d82eec-d61e-45ed-83e6-07dd719309de as the min replicated index is 6. Deletion is not allowed in this container yet.
2019-11-05 08:27:17,885 [BlockDeletingService#2] WARN  background.BlockDeletingService (BlockDeletingService.java:isDeletionAllowed(187)) - Close Container log Index 8 is not replicated across allthe servers in the pipeline 91d82eec-d61e-45ed-83e6-07dd719309de as the min replicated index is 6. Deletion is not allowed in this container yet.
2019-11-05 08:27:17,950 [EventQueue-ContainerReportForContainerReportHandler] WARN  container.ContainerReportHandler (AbstractContainerReportHandler.java:updateContainerState(145)) - Container #1 is in OPEN state, but the datanode e618d93a-19a9-4b89-96f3-44f318818422{ip: 192.168.164.217, host: pr-hdds-1643-8bmlk-2934350033, networkLocation: /default-rack, certSerialId: null} reports an CLOSED replica.
2019-11-05 08:27:18,128 [EventQueue-ContainerReportForContainerReportHandler] WARN  container.ContainerReportHandler (AbstractContainerReportHandler.java:updateContainerState(145)) - Container #1 is in OPEN state, but the datanode 90c9f5c6-6de3-44e3-8d50-8a1447632052{ip: 192.168.164.217, host: pr-hdds-1643-8bmlk-2934350033, networkLocation: /default-rack, certSerialId: null} reports an CLOSED replica.
2019-11-05 08:27:18,251 [EventQueue-ContainerReportForContainerReportHandler] WARN  container.ContainerReportHandler (AbstractContainerReportHandler.java:updateContainerState(145)) - Container #1 is in OPEN state, but the datanode e618d93a-19a9-4b89-96f3-44f318818422{ip: 192.168.164.217, host: pr-hdds-1643-8bmlk-2934350033, networkLocation: /default-rack, certSerialId: null} reports an CLOSED replica.
2019-11-05 08:27:18,528 [EventQueue-ContainerReportForContainerReportHandler] WARN  container.ContainerReportHandler (AbstractContainerReportHandler.java:updateContainerState(145)) - Container #1 is in OPEN state, but the datanode 90c9f5c6-6de3-44e3-8d50-8a1447632052{ip: 192.168.164.217, host: pr-hdds-1643-8bmlk-2934350033, networkLocation: /default-rack, certSerialId: null} reports an CLOSED replica.
2019-11-05 08:27:18,552 [EventQueue-ContainerReportForContainerReportHandler] WARN  container.ContainerReportHandler (AbstractContainerReportHandler.java:updateContainerState(145)) - Container #1 is in OPEN state, but the datanode e618d93a-19a9-4b89-96f3-44f318818422{ip: 192.168.164.217, host: pr-hdds-1643-8bmlk-2934350033, networkLocation: /default-rack, certSerialId: null} reports an CLOSED replica.
2019-11-05 08:27:18,728 [EventQueue-ContainerReportForContainerReportHandler] WARN  container.ContainerReportHandler (AbstractContainerReportHandler.java:updateContainerState(145)) - Container #1 is in OPEN state, but the datanode 90c9f5c6-6de3-44e3-8d50-8a1447632052{ip: 192.168.164.217, host: pr-hdds-1643-8bmlk-2934350033, networkLocation: /default-rack, certSerialId: null} reports an CLOSED replica.
2019-11-05 08:27:18,855 [EventQueue-ContainerReportForContainerReportHandler] WARN  container.ContainerReportHandler (AbstractContainerReportHandler.java:updateContainerState(145)) - Container #1 is in OPEN state, but the datanode e618d93a-19a9-4b89-96f3-44f318818422{ip: 192.168.164.217, host: pr-hdds-1643-8bmlk-2934350033, networkLocation: /default-rack, certSerialId: null} reports an CLOSED replica.
2019-11-05 08:27:18,886 [BlockDeletingService#6] WARN  background.BlockDeletingService (BlockDeletingService.java:isDeletionAllowed(187)) - Close Container log Index 8 is not replicated across allthe servers in the pipeline 91d82eec-d61e-45ed-83e6-07dd719309de as the min replicated index is 6. Deletion is not allowed in this container yet.
2019-11-05 08:27:18,887 [BlockDeletingService#2] WARN  background.BlockDeletingService (BlockDeletingService.java:isDeletionAllowed(187)) - Close Container log Index 8 is not replicated across allthe servers in the pipeline 91d82eec-d61e-45ed-83e6-07dd719309de as the min replicated index is 6. Deletion is not allowed in this container yet.
2019-11-05 08:27:18,928 [EventQueue-ContainerReportForContainerReportHandler] WARN  container.ContainerReportHandler (AbstractContainerReportHandler.java:updateContainerState(145)) - Container #1 is in OPEN state, but the datanode 90c9f5c6-6de3-44e3-8d50-8a1447632052{ip: 192.168.164.217, host: pr-hdds-1643-8bmlk-2934350033, networkLocation: /default-rack, certSerialId: null} reports an CLOSED replica.
2019-11-05 08:27:19,156 [EventQueue-ContainerReportForContainerReportHandler] WARN  container.ContainerReportHandler (AbstractContainerReportHandler.java:updateContainerState(145)) - Container #1 is in OPEN state, but the datanode e618d93a-19a9-4b89-96f3-44f318818422{ip: 192.168.164.217, host: pr-hdds-1643-8bmlk-2934350033, networkLocation: /default-rack, certSerialId: null} reports an CLOSED replica.
2019-11-05 08:27:19,328 [EventQueue-ContainerReportForContainerReportHandler] WARN  container.ContainerReportHandler (AbstractContainerReportHandler.java:updateContainerState(145)) - Container #1 is in OPEN state, but the datanode 90c9f5c6-6de3-44e3-8d50-8a1447632052{ip: 192.168.164.217, host: pr-hdds-1643-8bmlk-2934350033, networkLocation: /default-rack, certSerialId: null} reports an CLOSED replica.
2019-11-05 08:27:19,556 [EventQueue-ContainerReportForContainerReportHandler] WARN  container.ContainerReportHandler (AbstractContainerReportHandler.java:updateContainerState(145)) - Container #1 is in OPEN state, but the datanode e618d93a-19a9-4b89-96f3-44f318818422{ip: 192.168.164.217, host: pr-hdds-1643-8bmlk-2934350033, networkLocation: /default-rack, certSerialId: null} reports an CLOSED replica.
2019-11-05 08:27:19,628 [EventQueue-ContainerReportForContainerReportHandler] WARN  container.ContainerReportHandler (AbstractContainerReportHandler.java:updateContainerState(145)) - Container #1 is in OPEN state, but the datanode 90c9f5c6-6de3-44e3-8d50-8a1447632052{ip: 192.168.164.217, host: pr-hdds-1643-8bmlk-2934350033, networkLocation: /default-rack, certSerialId: null} reports an CLOSED replica.
2019-11-05 08:27:19,757 [EventQueue-ContainerReportForContainerReportHandler] WARN  container.ContainerReportHandler (AbstractContainerReportHandler.java:updateContainerState(145)) - Container #1 is in OPEN state, but the datanode e618d93a-19a9-4b89-96f3-44f318818422{ip: 192.168.164.217, host: pr-hdds-1643-8bmlk-2934350033, networkLocation: /default-rack, certSerialId: null} reports an CLOSED replica.
2019-11-05 08:27:19,768 [java.util.concurrent.ThreadPoolExecutor$Worker@a0f9458[State = -1, empty queue]] WARN  server.GrpcLogAppender (GrpcLogAppender.java:timeoutAppendRequest(209)) - 90c9f5c6-6de3-44e3-8d50-8a1447632052@group-07DD719309DE->6ab6cfca-dbae-4fc7-a842-1fd8eedeb1ff-GrpcLogAppender: appendEntries Timeout, request=90c9f5c6-6de3-44e3-8d50-8a1447632052->6ab6cfca-dbae-4fc7-a842-1fd8eedeb1ff#35-t9, previous=(t:9, i:12), leaderCommit=12, initializing? false, entries: <empty>
2019-11-05 08:27:19,888 [BlockDeletingService#6] WARN  background.BlockDeletingService (BlockDeletingService.java:isDeletionAllowed(187)) - Close Container log Index 8 is not replicated across allthe servers in the pipeline 91d82eec-d61e-45ed-83e6-07dd719309de as the min replicated index is 6. Deletion is not allowed in this container yet.
2019-11-05 08:27:19,888 [BlockDeletingService#2] WARN  background.BlockDeletingService (BlockDeletingService.java:isDeletionAllowed(187)) - Close Container log Index 8 is not replicated across allthe servers in the pipeline 91d82eec-d61e-45ed-83e6-07dd719309de as the min replicated index is 6. Deletion is not allowed in this container yet.
2019-11-05 08:27:19,928 [EventQueue-ContainerReportForContainerReportHandler] WARN  container.ContainerReportHandler (AbstractContainerReportHandler.java:updateContainerState(145)) - Container #1 is in OPEN state, but the datanode 90c9f5c6-6de3-44e3-8d50-8a1447632052{ip: 192.168.164.217, host: pr-hdds-1643-8bmlk-2934350033, networkLocation: /default-rack, certSerialId: null} reports an CLOSED replica.
2019-11-05 08:27:19,957 [EventQueue-ContainerReportForContainerReportHandler] WARN  container.ContainerReportHandler (AbstractContainerReportHandler.java:updateContainerState(145)) - Container #1 is in OPEN state, but the datanode e618d93a-19a9-4b89-96f3-44f318818422{ip: 192.168.164.217, host: pr-hdds-1643-8bmlk-2934350033, networkLocation: /default-rack, certSerialId: null} reports an CLOSED replica.
2019-11-05 08:27:20,228 [EventQueue-ContainerReportForContainerReportHandler] WARN  container.ContainerReportHandler (AbstractContainerReportHandler.java:updateContainerState(145)) - Container #1 is in OPEN state, but the datanode 90c9f5c6-6de3-44e3-8d50-8a1447632052{ip: 192.168.164.217, host: pr-hdds-1643-8bmlk-2934350033, networkLocation: /default-rack, certSerialId: null} reports an CLOSED replica.
2019-11-05 08:27:20,356 [EventQueue-ContainerReportForContainerReportHandler] WARN  container.ContainerReportHandler (AbstractContainerReportHandler.java:updateContainerState(145)) - Container #1 is in OPEN state, but the datanode e618d93a-19a9-4b89-96f3-44f318818422{ip: 192.168.164.217, host: pr-hdds-1643-8bmlk-2934350033, networkLocation: /default-rack, certSerialId: null} reports an CLOSED replica.
2019-11-05 08:27:20,529 [EventQueue-ContainerReportForContainerReportHandler] WARN  container.ContainerReportHandler (AbstractContainerReportHandler.java:updateContainerState(145)) - Container #1 is in OPEN state, but the datanode 90c9f5c6-6de3-44e3-8d50-8a1447632052{ip: 192.168.164.217, host: pr-hdds-1643-8bmlk-2934350033, networkLocation: /default-rack, certSerialId: null} reports an CLOSED replica.
2019-11-05 08:27:20,729 [EventQueue-ContainerReportForContainerReportHandler] WARN  container.ContainerReportHandler (AbstractContainerReportHandler.java:updateContainerState(145)) - Container #1 is in OPEN state, but the datanode 90c9f5c6-6de3-44e3-8d50-8a1447632052{ip: 192.168.164.217, host: pr-hdds-1643-8bmlk-2934350033, networkLocation: /default-rack, certSerialId: null} reports an CLOSED replica.
2019-11-05 08:27:20,758 [EventQueue-ContainerReportForContainerReportHandler] WARN  container.ContainerReportHandler (AbstractContainerReportHandler.java:updateContainerState(145)) - Container #1 is in OPEN state, but the datanode e618d93a-19a9-4b89-96f3-44f318818422{ip: 192.168.164.217, host: pr-hdds-1643-8bmlk-2934350033, networkLocation: /default-rack, certSerialId: null} reports an CLOSED replica.
2019-11-05 08:27:20,890 [BlockDeletingService#2] WARN  background.BlockDeletingService (BlockDeletingService.java:isDeletionAllowed(187)) - Close Container log Index 8 is not replicated across allthe servers in the pipeline 91d82eec-d61e-45ed-83e6-07dd719309de as the min replicated index is 6. Deletion is not allowed in this container yet.
2019-11-05 08:27:20,890 [BlockDeletingService#6] WARN  background.BlockDeletingService (BlockDeletingService.java:isDeletionAllowed(187)) - Close Container log Index 8 is not replicated across allthe servers in the pipeline 91d82eec-d61e-45ed-83e6-07dd719309de as the min replicated index is 6. Deletion is not allowed in this container yet.
2019-11-05 08:27:20,929 [EventQueue-ContainerReportForContainerReportHandler] WARN  container.ContainerReportHandler (AbstractContainerReportHandler.java:updateContainerState(145)) - Container #1 is in OPEN state, but the datanode 90c9f5c6-6de3-44e3-8d50-8a1447632052{ip: 192.168.164.217, host: pr-hdds-1643-8bmlk-2934350033, networkLocation: /default-rack, certSerialId: null} reports an CLOSED replica.
2019-11-05 08:27:21,058 [EventQueue-ContainerReportForContainerReportHandler] WARN  container.ContainerReportHandler (AbstractContainerReportHandler.java:updateContainerState(145)) - Container #1 is in OPEN state, but the datanode e618d93a-19a9-4b89-96f3-44f318818422{ip: 192.168.164.217, host: pr-hdds-1643-8bmlk-2934350033, networkLocation: /default-rack, certSerialId: null} reports an CLOSED replica.
2019-11-05 08:27:21,229 [EventQueue-ContainerReportForContainerReportHandler] WARN  container.ContainerReportHandler (AbstractContainerReportHandler.java:updateContainerState(145)) - Container #1 is in OPEN state, but the datanode 90c9f5c6-6de3-44e3-8d50-8a1447632052{ip: 192.168.164.217, host: pr-hdds-1643-8bmlk-2934350033, networkLocation: /default-rack, certSerialId: null} reports an CLOSED replica.
2019-11-05 08:27:21,357 [EventQueue-ContainerReportForContainerReportHandler] WARN  container.ContainerReportHandler (AbstractContainerReportHandler.java:updateContainerState(145)) - Container #1 is in OPEN state, but the datanode e618d93a-19a9-4b89-96f3-44f318818422{ip: 192.168.164.217, host: pr-hdds-1643-8bmlk-2934350033, networkLocation: /default-rack, certSerialId: null} reports an CLOSED replica.
2019-11-05 08:27:21,630 [EventQueue-ContainerReportForContainerReportHandler] WARN  container.ContainerReportHandler (AbstractContainerReportHandler.java:updateContainerState(145)) - Container #1 is in OPEN state, but the datanode 90c9f5c6-6de3-44e3-8d50-8a1447632052{ip: 192.168.164.217, host: pr-hdds-1643-8bmlk-2934350033, networkLocation: /default-rack, certSerialId: null} reports an CLOSED replica.
2019-11-05 08:27:21,658 [EventQueue-ContainerReportForContainerReportHandler] WARN  container.ContainerReportHandler (AbstractContainerReportHandler.java:updateContainerState(145)) - Container #1 is in OPEN state, but the datanode e618d93a-19a9-4b89-96f3-44f318818422{ip: 192.168.164.217, host: pr-hdds-1643-8bmlk-2934350033, networkLocation: /default-rack, certSerialId: null} reports an CLOSED replica.
2019-11-05 08:27:21,858 [EventQueue-ContainerReportForContainerReportHandler] WARN  container.ContainerReportHandler (AbstractContainerReportHandler.java:updateContainerState(145)) - Container #1 is in OPEN state, but the datanode e618d93a-19a9-4b89-96f3-44f318818422{ip: 192.168.164.217, host: pr-hdds-1643-8bmlk-2934350033, networkLocation: /default-rack, certSerialId: null} reports an CLOSED replica.
2019-11-05 08:27:21,891 [BlockDeletingService#6] WARN  background.BlockDeletingService (BlockDeletingService.java:isDeletionAllowed(187)) - Close Container log Index 8 is not replicated across allthe servers in the pipeline 91d82eec-d61e-45ed-83e6-07dd719309de as the min replicated index is 6. Deletion is not allowed in this container yet.
2019-11-05 08:27:21,891 [BlockDeletingService#2] WARN  background.BlockDeletingService (BlockDeletingService.java:isDeletionAllowed(187)) - Close Container log Index 8 is not replicated across allthe servers in the pipeline 91d82eec-d61e-45ed-83e6-07dd719309de as the min replicated index is 6. Deletion is not allowed in this container yet.
2019-11-05 08:27:22,033 [EventQueue-ContainerReportForContainerReportHandler] WARN  container.ContainerReportHandler (AbstractContainerReportHandler.java:updateContainerState(145)) - Container #1 is in OPEN state, but the datanode 90c9f5c6-6de3-44e3-8d50-8a1447632052{ip: 192.168.164.217, host: pr-hdds-1643-8bmlk-2934350033, networkLocation: /default-rack, certSerialId: null} reports an CLOSED replica.
2019-11-05 08:27:22,158 [EventQueue-ContainerReportForContainerReportHandler] WARN  container.ContainerReportHandler (AbstractContainerReportHandler.java:updateContainerState(145)) - Container #1 is in OPEN state, but the datanode e618d93a-19a9-4b89-96f3-44f318818422{ip: 192.168.164.217, host: pr-hdds-1643-8bmlk-2934350033, networkLocation: /default-rack, certSerialId: null} reports an CLOSED replica.
2019-11-05 08:27:22,270 [java.util.concurrent.ThreadPoolExecutor$Worker@a0f9458[State = -1, empty queue]] WARN  server.GrpcLogAppender (GrpcLogAppender.java:timeoutAppendRequest(209)) - 90c9f5c6-6de3-44e3-8d50-8a1447632052@group-07DD719309DE->6ab6cfca-dbae-4fc7-a842-1fd8eedeb1ff-GrpcLogAppender: appendEntries Timeout, request=90c9f5c6-6de3-44e3-8d50-8a1447632052->6ab6cfca-dbae-4fc7-a842-1fd8eedeb1ff#36-t9, previous=(t:9, i:12), leaderCommit=12, initializing? false, entries: <empty>
2019-11-05 08:27:22,433 [EventQueue-ContainerReportForContainerReportHandler] WARN  container.ContainerReportHandler (AbstractContainerReportHandler.java:updateContainerState(145)) - Container #1 is in OPEN state, but the datanode 90c9f5c6-6de3-44e3-8d50-8a1447632052{ip: 192.168.164.217, host: pr-hdds-1643-8bmlk-2934350033, networkLocation: /default-rack, certSerialId: null} reports an CLOSED replica.
2019-11-05 08:27:22,458 [EventQueue-ContainerReportForContainerReportHandler] WARN  container.ContainerReportHandler (AbstractContainerReportHandler.java:updateContainerState(145)) - Container #1 is in OPEN state, but the datanode e618d93a-19a9-4b89-96f3-44f318818422{ip: 192.168.164.217, host: pr-hdds-1643-8bmlk-2934350033, networkLocation: /default-rack, certSerialId: null} reports an CLOSED replica.
2019-11-05 08:27:22,633 [EventQueue-ContainerReportForContainerReportHandler] WARN  container.ContainerReportHandler (AbstractContainerReportHandler.java:updateContainerState(145)) - Container #1 is in OPEN state, but the datanode 90c9f5c6-6de3-44e3-8d50-8a1447632052{ip: 192.168.164.217, host: pr-hdds-1643-8bmlk-2934350033, networkLocation: /default-rack, certSerialId: null} reports an CLOSED replica.
2019-11-05 08:27:22,759 [EventQueue-ContainerReportForContainerReportHandler] WARN  container.ContainerReportHandler (AbstractContainerReportHandler.java:updateContainerState(145)) - Container #1 is in OPEN state, but the datanode e618d93a-19a9-4b89-96f3-44f318818422{ip: 192.168.164.217, host: pr-hdds-1643-8bmlk-2934350033, networkLocation: /default-rack, certSerialId: null} reports an CLOSED replica.
2019-11-05 08:27:22,894 [BlockDeletingService#6] WARN  background.BlockDeletingService (BlockDeletingService.java:isDeletionAllowed(187)) - Close Container log Index 8 is not replicated across allthe servers in the pipeline 91d82eec-d61e-45ed-83e6-07dd719309de as the min replicated index is 6. Deletion is not allowed in this container yet.
2019-11-05 08:27:22,894 [BlockDeletingService#2] WARN  background.BlockDeletingService (BlockDeletingService.java:isDeletionAllowed(187)) - Close Container log Index 8 is not replicated across allthe servers in the pipeline 91d82eec-d61e-45ed-83e6-07dd719309de as the min replicated index is 6. Deletion is not allowed in this container yet.
2019-11-05 08:27:22,959 [EventQueue-ContainerReportForContainerReportHandler] WARN  container.ContainerReportHandler (AbstractContainerReportHandler.java:updateContainerState(145)) - Container #1 is in OPEN state, but the datanode e618d93a-19a9-4b89-96f3-44f318818422{ip: 192.168.164.217, host: pr-hdds-1643-8bmlk-2934350033, networkLocation: /default-rack, certSerialId: null} reports an CLOSED replica.
2019-11-05 08:27:23,034 [EventQueue-ContainerReportForContainerReportHandler] WARN  container.ContainerReportHandler (AbstractContainerReportHandler.java:updateContainerState(145)) - Container #1 is in OPEN state, but the datanode 90c9f5c6-6de3-44e3-8d50-8a1447632052{ip: 192.168.164.217, host: pr-hdds-1643-8bmlk-2934350033, networkLocation: /default-rack, certSerialId: null} reports an CLOSED replica.
2019-11-05 08:27:23,236 [EventQueue-ContainerReportForContainerReportHandler] WARN  container.ContainerReportHandler (AbstractContainerReportHandler.java:updateContainerState(145)) - Container #1 is in OPEN state, but the datanode 90c9f5c6-6de3-44e3-8d50-8a1447632052{ip: 192.168.164.217, host: pr-hdds-1643-8bmlk-2934350033, networkLocation: /default-rack, certSerialId: null} reports an CLOSED replica.
2019-11-05 08:27:23,359 [EventQueue-ContainerReportForContainerReportHandler] WARN  container.ContainerReportHandler (AbstractContainerReportHandler.java:updateContainerState(145)) - Container #1 is in OPEN state, but the datanode e618d93a-19a9-4b89-96f3-44f318818422{ip: 192.168.164.217, host: pr-hdds-1643-8bmlk-2934350033, networkLocation: /default-rack, certSerialId: null} reports an CLOSED replica.
2019-11-05 08:27:23,534 [EventQueue-ContainerReportForContainerReportHandler] WARN  container.ContainerReportHandler (AbstractContainerReportHandler.java:updateContainerState(145)) - Container #1 is in OPEN state, but the datanode 90c9f5c6-6de3-44e3-8d50-8a1447632052{ip: 192.168.164.217, host: pr-hdds-1643-8bmlk-2934350033, networkLocation: /default-rack, certSerialId: null} reports an CLOSED replica.
2019-11-05 08:27:23,659 [EventQueue-ContainerReportForContainerReportHandler] WARN  container.ContainerReportHandler (AbstractContainerReportHandler.java:updateContainerState(145)) - Container #1 is in OPEN state, but the datanode e618d93a-19a9-4b89-96f3-44f318818422{ip: 192.168.164.217, host: pr-hdds-1643-8bmlk-2934350033, networkLocation: /default-rack, certSerialId: null} reports an CLOSED replica.
2019-11-05 08:27:23,836 [EventQueue-ContainerReportForContainerReportHandler] WARN  container.ContainerReportHandler (AbstractContainerReportHandler.java:updateContainerState(145)) - Container #1 is in OPEN state, but the datanode 90c9f5c6-6de3-44e3-8d50-8a1447632052{ip: 192.168.164.217, host: pr-hdds-1643-8bmlk-2934350033, networkLocation: /default-rack, certSerialId: null} reports an CLOSED replica.
2019-11-05 08:27:23,896 [BlockDeletingService#6] WARN  background.BlockDeletingService (BlockDeletingService.java:isDeletionAllowed(187)) - Close Container log Index 8 is not replicated across allthe servers in the pipeline 91d82eec-d61e-45ed-83e6-07dd719309de as the min replicated index is 6. Deletion is not allowed in this container yet.
2019-11-05 08:27:23,896 [BlockDeletingService#2] WARN  background.BlockDeletingService (BlockDeletingService.java:isDeletionAllowed(187)) - Close Container log Index 8 is not replicated across allthe servers in the pipeline 91d82eec-d61e-45ed-83e6-07dd719309de as the min replicated index is 6. Deletion is not allowed in this container yet.
2019-11-05 08:27:23,960 [EventQueue-ContainerReportForContainerReportHandler] WARN  container.ContainerReportHandler (AbstractContainerReportHandler.java:updateContainerState(145)) - Container #1 is in OPEN state, but the datanode e618d93a-19a9-4b89-96f3-44f318818422{ip: 192.168.164.217, host: pr-hdds-1643-8bmlk-2934350033, networkLocation: /default-rack, certSerialId: null} reports an CLOSED replica.
2019-11-05 08:27:24,235 [EventQueue-ContainerReportForContainerReportHandler] WARN  container.ContainerReportHandler (AbstractContainerReportHandler.java:updateContainerState(145)) - Container #1 is in OPEN state, but the datanode 90c9f5c6-6de3-44e3-8d50-8a1447632052{ip: 192.168.164.217, host: pr-hdds-1643-8bmlk-2934350033, networkLocation: /default-rack, certSerialId: null} reports an CLOSED replica.
2019-11-05 08:27:24,259 [EventQueue-ContainerReportForContainerReportHandler] WARN  container.ContainerReportHandler (AbstractContainerReportHandler.java:updateContainerState(145)) - Container #1 is in OPEN state, but the datanode e618d93a-19a9-4b89-96f3-44f318818422{ip: 192.168.164.217, host: pr-hdds-1643-8bmlk-2934350033, networkLocation: /default-rack, certSerialId: null} reports an CLOSED replica.
2019-11-05 08:27:24,459 [EventQueue-ContainerReportForContainerReportHandler] WARN  container.ContainerReportHandler (AbstractContainerReportHandler.java:updateContainerState(145)) - Container #1 is in OPEN state, but the datanode e618d93a-19a9-4b89-96f3-44f318818422{ip: 192.168.164.217, host: pr-hdds-1643-8bmlk-2934350033, networkLocation: /default-rack, certSerialId: null} reports an CLOSED replica.
2019-11-05 08:27:24,637 [EventQueue-ContainerReportForContainerReportHandler] WARN  container.ContainerReportHandler (AbstractContainerReportHandler.java:updateContainerState(145)) - Container #1 is in OPEN state, but the datanode 90c9f5c6-6de3-44e3-8d50-8a1447632052{ip: 192.168.164.217, host: pr-hdds-1643-8bmlk-2934350033, networkLocation: /default-rack, certSerialId: null} reports an CLOSED replica.
2019-11-05 08:27:24,771 [java.util.concurrent.ThreadPoolExecutor$Worker@a0f9458[State = -1, empty queue]] WARN  server.GrpcLogAppender (GrpcLogAppender.java:timeoutAppendRequest(209)) - 90c9f5c6-6de3-44e3-8d50-8a1447632052@group-07DD719309DE->6ab6cfca-dbae-4fc7-a842-1fd8eedeb1ff-GrpcLogAppender: appendEntries Timeout, request=90c9f5c6-6de3-44e3-8d50-8a1447632052->6ab6cfca-dbae-4fc7-a842-1fd8eedeb1ff#37-t9, previous=(t:9, i:12), leaderCommit=12, initializing? false, entries: <empty>
2019-11-05 08:27:24,860 [EventQueue-ContainerReportForContainerReportHandler] WARN  container.ContainerReportHandler (AbstractContainerReportHandler.java:updateContainerState(145)) - Container #1 is in OPEN state, but the datanode e618d93a-19a9-4b89-96f3-44f318818422{ip: 192.168.164.217, host: pr-hdds-1643-8bmlk-2934350033, networkLocation: /default-rack, certSerialId: null} reports an CLOSED replica.
2019-11-05 08:27:24,898 [BlockDeletingService#2] WARN  background.BlockDeletingService (BlockDeletingService.java:isDeletionAllowed(187)) - Close Container log Index 8 is not replicated across allthe servers in the pipeline 91d82eec-d61e-45ed-83e6-07dd719309de as the min replicated index is 6. Deletion is not allowed in this container yet.
2019-11-05 08:27:24,898 [BlockDeletingService#6] WARN  background.BlockDeletingService (BlockDeletingService.java:isDeletionAllowed(187)) - Close Container log Index 8 is not replicated across allthe servers in the pipeline 91d82eec-d61e-45ed-83e6-07dd719309de as the min replicated index is 6. Deletion is not allowed in this container yet.
2019-11-05 08:27:24,939 [EventQueue-ContainerReportForContainerReportHandler] WARN  container.ContainerReportHandler (AbstractContainerReportHandler.java:updateContainerState(145)) - Container #1 is in OPEN state, but the datanode 90c9f5c6-6de3-44e3-8d50-8a1447632052{ip: 192.168.164.217, host: pr-hdds-1643-8bmlk-2934350033, networkLocation: /default-rack, certSerialId: null} reports an CLOSED replica.
2019-11-05 08:27:25,160 [EventQueue-ContainerReportForContainerReportHandler] WARN  container.ContainerReportHandler (AbstractContainerReportHandler.java:updateContainerState(145)) - Container #1 is in OPEN state, but the datanode e618d93a-19a9-4b89-96f3-44f318818422{ip: 192.168.164.217, host: pr-hdds-1643-8bmlk-2934350033, networkLocation: /default-rack, certSerialId: null} reports an CLOSED replica.
2019-11-05 08:27:25,239 [EventQueue-ContainerReportForContainerReportHandler] WARN  container.ContainerReportHandler (AbstractContainerReportHandler.java:updateContainerState(145)) - Container #1 is in OPEN state, but the datanode 90c9f5c6-6de3-44e3-8d50-8a1447632052{ip: 192.168.164.217, host: pr-hdds-1643-8bmlk-2934350033, networkLocation: /default-rack, certSerialId: null} reports an CLOSED replica.
2019-11-05 08:27:25,360 [EventQueue-ContainerReportForContainerReportHandler] WARN  container.ContainerReportHandler (AbstractContainerReportHandler.java:updateContainerState(145)) - Container #1 is in OPEN state, but the datanode e618d93a-19a9-4b89-96f3-44f318818422{ip: 192.168.164.217, host: pr-hdds-1643-8bmlk-2934350033, networkLocation: /default-rack, certSerialId: null} reports an CLOSED replica.
2019-11-05 08:27:25,439 [EventQueue-ContainerReportForContainerReportHandler] WARN  container.ContainerReportHandler (AbstractContainerReportHandler.java:updateContainerState(145)) - Container #1 is in OPEN state, but the datanode 90c9f5c6-6de3-44e3-8d50-8a1447632052{ip: 192.168.164.217, host: pr-hdds-1643-8bmlk-2934350033, networkLocation: /default-rack, certSerialId: null} reports an CLOSED replica.
2019-11-05 08:27:25,560 [EventQueue-ContainerReportForContainerReportHandler] WARN  container.ContainerReportHandler (AbstractContainerReportHandler.java:updateContainerState(145)) - Container #1 is in OPEN state, but the datanode e618d93a-19a9-4b89-96f3-44f318818422{ip: 192.168.164.217, host: pr-hdds-1643-8bmlk-2934350033, networkLocation: /default-rack, certSerialId: null} reports an CLOSED replica.
2019-11-05 08:27:25,683 [Thread-467] INFO  client.GrpcClientProtocolService (GrpcClientProtocolService.java:lambda$processClientRequest$0(278)) - Failed RaftClientRequest:client-C29D9280812C->90c9f5c6-6de3-44e3-8d50-8a1447632052@group-07DD719309DE, cid=10, seq=0, Watch-ALL_COMMITTED(8), Message:<EMPTY>, reply=RaftClientReply:client-C29D9280812C->90c9f5c6-6de3-44e3-8d50-8a1447632052@group-07DD719309DE, cid=10, FAILED org.apache.ratis.protocol.NotReplicatedException: Request with call Id 10 and log index 8 is not yet replicated to ALL_COMMITTED, logIndex=8, commits[90c9f5c6-6de3-44e3-8d50-8a1447632052:c12, 6ab6cfca-dbae-4fc7-a842-1fd8eedeb1ff:c6, e618d93a-19a9-4b89-96f3-44f318818422:c12]
2019-11-05 08:27:25,739 [EventQueue-ContainerReportForContainerReportHandler] WARN  container.ContainerReportHandler (AbstractContainerReportHandler.java:updateContainerState(145)) - Container #1 is in OPEN state, but the datanode 90c9f5c6-6de3-44e3-8d50-8a1447632052{ip: 192.168.164.217, host: pr-hdds-1643-8bmlk-2934350033, networkLocation: /default-rack, certSerialId: null} reports an CLOSED replica.
2019-11-05 08:27:25,901 [BlockDeletingService#2] WARN  background.BlockDeletingService (BlockDeletingService.java:isDeletionAllowed(187)) - Close Container log Index 8 is not replicated across allthe servers in the pipeline 91d82eec-d61e-45ed-83e6-07dd719309de as the min replicated index is 6. Deletion is not allowed in this container yet.
2019-11-05 08:27:25,901 [BlockDeletingService#6] WARN  background.BlockDeletingService (BlockDeletingService.java:isDeletionAllowed(187)) - Close Container log Index 8 is not replicated across allthe servers in the pipeline 91d82eec-d61e-45ed-83e6-07dd719309de as the min replicated index is 6. Deletion is not allowed in this container yet.
2019-11-05 08:27:25,960 [EventQueue-ContainerReportForContainerReportHandler] WARN  container.ContainerReportHandler (AbstractContainerReportHandler.java:updateContainerState(145)) - Container #1 is in OPEN state, but the datanode e618d93a-19a9-4b89-96f3-44f318818422{ip: 192.168.164.217, host: pr-hdds-1643-8bmlk-2934350033, networkLocation: /default-rack, certSerialId: null} reports an CLOSED replica.
2019-11-05 08:27:26,039 [EventQueue-ContainerReportForContainerReportHandler] WARN  container.ContainerReportHandler (AbstractContainerReportHandler.java:updateContainerState(145)) - Container #1 is in OPEN state, but the datanode 90c9f5c6-6de3-44e3-8d50-8a1447632052{ip: 192.168.164.217, host: pr-hdds-1643-8bmlk-2934350033, networkLocation: /default-rack, certSerialId: null} reports an CLOSED replica.
2019-11-05 08:27:26,259 [EventQueue-ContainerReportForContainerReportHandler] WARN  container.ContainerReportHandler (AbstractContainerReportHandler.java:updateContainerState(145)) - Container #1 is in OPEN state, but the datanode e618d93a-19a9-4b89-96f3-44f318818422{ip: 192.168.164.217, host: pr-hdds-1643-8bmlk-2934350033, networkLocation: /default-rack, certSerialId: null} reports an CLOSED replica.
2019-11-05 08:27:26,338 [EventQueue-ContainerReportForContainerReportHandler] WARN  container.ContainerReportHandler (AbstractContainerReportHandler.java:updateContainerState(145)) - Container #1 is in OPEN state, but the datanode 90c9f5c6-6de3-44e3-8d50-8a1447632052{ip: 192.168.164.217, host: pr-hdds-1643-8bmlk-2934350033, networkLocation: /default-rack, certSerialId: null} reports an CLOSED replica.
2019-11-05 08:27:26,459 [EventQueue-ContainerReportForContainerReportHandler] WARN  container.ContainerReportHandler (AbstractContainerReportHandler.java:updateContainerState(145)) - Container #1 is in OPEN state, but the datanode e618d93a-19a9-4b89-96f3-44f318818422{ip: 192.168.164.217, host: pr-hdds-1643-8bmlk-2934350033, networkLocation: /default-rack, certSerialId: null} reports an CLOSED replica.
2019-11-05 08:27:26,739 [EventQueue-ContainerReportForContainerReportHandler] WARN  container.ContainerReportHandler (AbstractContainerReportHandler.java:updateContainerState(145)) - Container #1 is in OPEN state, but the datanode 90c9f5c6-6de3-44e3-8d50-8a1447632052{ip: 192.168.164.217, host: pr-hdds-1643-8bmlk-2934350033, networkLocation: /default-rack, certSerialId: null} reports an CLOSED replica.
2019-11-05 08:27:26,760 [EventQueue-ContainerReportForContainerReportHandler] WARN  container.ContainerReportHandler (AbstractContainerReportHandler.java:updateContainerState(145)) - Container #1 is in OPEN state, but the datanode e618d93a-19a9-4b89-96f3-44f318818422{ip: 192.168.164.217, host: pr-hdds-1643-8bmlk-2934350033, networkLocation: /default-rack, certSerialId: null} reports an CLOSED replica.
2019-11-05 08:27:26,905 [BlockDeletingService#2] WARN  background.BlockDeletingService (BlockDeletingService.java:isDeletionAllowed(187)) - Close Container log Index 8 is not replicated across allthe servers in the pipeline 91d82eec-d61e-45ed-83e6-07dd719309de as the min replicated index is 6. Deletion is not allowed in this container yet.
2019-11-05 08:27:26,905 [BlockDeletingService#6] WARN  background.BlockDeletingService (BlockDeletingService.java:isDeletionAllowed(187)) - Close Container log Index 8 is not replicated across allthe servers in the pipeline 91d82eec-d61e-45ed-83e6-07dd719309de as the min replicated index is 6. Deletion is not allowed in this container yet.
2019-11-05 08:27:27,039 [EventQueue-ContainerReportForContainerReportHandler] WARN  container.ContainerReportHandler (AbstractContainerReportHandler.java:updateContainerState(145)) - Container #1 is in OPEN state, but the datanode 90c9f5c6-6de3-44e3-8d50-8a1447632052{ip: 192.168.164.217, host: pr-hdds-1643-8bmlk-2934350033, networkLocation: /default-rack, certSerialId: null} reports an CLOSED replica.
2019-11-05 08:27:27,060 [EventQueue-ContainerReportForContainerReportHandler] WARN  container.ContainerReportHandler (AbstractContainerReportHandler.java:updateContainerState(145)) - Container #1 is in OPEN state, but the datanode e618d93a-19a9-4b89-96f3-44f318818422{ip: 192.168.164.217, host: pr-hdds-1643-8bmlk-2934350033, networkLocation: /default-rack, certSerialId: null} reports an CLOSED replica.
2019-11-05 08:27:27,272 [java.util.concurrent.ThreadPoolExecutor$Worker@a0f9458[State = -1, empty queue]] WARN  server.GrpcLogAppender (GrpcLogAppender.java:timeoutAppendRequest(209)) - 90c9f5c6-6de3-44e3-8d50-8a1447632052@group-07DD719309DE->6ab6cfca-dbae-4fc7-a842-1fd8eedeb1ff-GrpcLogAppender: appendEntries Timeout, request=90c9f5c6-6de3-44e3-8d50-8a1447632052->6ab6cfca-dbae-4fc7-a842-1fd8eedeb1ff#38-t9, previous=(t:9, i:12), leaderCommit=12, initializing? false, entries: <empty>
2019-11-05 08:27:27,339 [EventQueue-ContainerReportForContainerReportHandler] WARN  container.ContainerReportHandler (AbstractContainerReportHandler.java:updateContainerState(145)) - Container #1 is in OPEN state, but the datanode 90c9f5c6-6de3-44e3-8d50-8a1447632052{ip: 192.168.164.217, host: pr-hdds-1643-8bmlk-2934350033, networkLocation: /default-rack, certSerialId: null} reports an CLOSED replica.
2019-11-05 08:27:27,460 [EventQueue-ContainerReportForContainerReportHandler] WARN  container.ContainerReportHandler (AbstractContainerReportHandler.java:updateContainerState(145)) - Container #1 is in OPEN state, but the datanode e618d93a-19a9-4b89-96f3-44f318818422{ip: 192.168.164.217, host: pr-hdds-1643-8bmlk-2934350033, networkLocation: /default-rack, certSerialId: null} reports an CLOSED replica.
2019-11-05 08:27:27,539 [EventQueue-ContainerReportForContainerReportHandler] WARN  container.ContainerReportHandler (AbstractContainerReportHandler.java:updateContainerState(145)) - Container #1 is in OPEN state, but the datanode 90c9f5c6-6de3-44e3-8d50-8a1447632052{ip: 192.168.164.217, host: pr-hdds-1643-8bmlk-2934350033, networkLocation: /default-rack, certSerialId: null} reports an CLOSED replica.
2019-11-05 08:27:27,760 [EventQueue-ContainerReportForContainerReportHandler] WARN  container.ContainerReportHandler (AbstractContainerReportHandler.java:updateContainerState(145)) - Container #1 is in OPEN state, but the datanode e618d93a-19a9-4b89-96f3-44f318818422{ip: 192.168.164.217, host: pr-hdds-1643-8bmlk-2934350033, networkLocation: /default-rack, certSerialId: null} reports an CLOSED replica.
2019-11-05 08:27:27,907 [BlockDeletingService#2] WARN  background.BlockDeletingService (BlockDeletingService.java:isDeletionAllowed(187)) - Close Container log Index 8 is not replicated across allthe servers in the pipeline 91d82eec-d61e-45ed-83e6-07dd719309de as the min replicated index is 6. Deletion is not allowed in this container yet.
2019-11-05 08:27:27,907 [BlockDeletingService#6] WARN  background.BlockDeletingService (BlockDeletingService.java:isDeletionAllowed(187)) - Close Container log Index 8 is not replicated across allthe servers in the pipeline 91d82eec-d61e-45ed-83e6-07dd719309de as the min replicated index is 6. Deletion is not allowed in this container yet.
2019-11-05 08:27:27,941 [EventQueue-ContainerReportForContainerReportHandler] WARN  container.ContainerReportHandler (AbstractContainerReportHandler.java:updateContainerState(145)) - Container #1 is in OPEN state, but the datanode 90c9f5c6-6de3-44e3-8d50-8a1447632052{ip: 192.168.164.217, host: pr-hdds-1643-8bmlk-2934350033, networkLocation: /default-rack, certSerialId: null} reports an CLOSED replica.
2019-11-05 08:27:28,160 [EventQueue-ContainerReportForContainerReportHandler] WARN  container.ContainerReportHandler (AbstractContainerReportHandler.java:updateContainerState(145)) - Container #1 is in OPEN state, but the datanode e618d93a-19a9-4b89-96f3-44f318818422{ip: 192.168.164.217, host: pr-hdds-1643-8bmlk-2934350033, networkLocation: /default-rack, certSerialId: null} reports an CLOSED replica.
2019-11-05 08:27:28,241 [EventQueue-ContainerReportForContainerReportHandler] WARN  container.ContainerReportHandler (AbstractContainerReportHandler.java:updateContainerState(145)) - Container #1 is in OPEN state, but the datanode 90c9f5c6-6de3-44e3-8d50-8a1447632052{ip: 192.168.164.217, host: pr-hdds-1643-8bmlk-2934350033, networkLocation: /default-rack, certSerialId: null} reports an CLOSED replica.
2019-11-05 08:27:28,360 [EventQueue-ContainerReportForContainerReportHandler] WARN  container.ContainerReportHandler (AbstractContainerReportHandler.java:updateContainerState(145)) - Container #1 is in OPEN state, but the datanode e618d93a-19a9-4b89-96f3-44f318818422{ip: 192.168.164.217, host: pr-hdds-1643-8bmlk-2934350033, networkLocation: /default-rack, certSerialId: null} reports an CLOSED replica.
2019-11-05 08:27:28,540 [EventQueue-ContainerReportForContainerReportHandler] WARN  container.ContainerReportHandler (AbstractContainerReportHandler.java:updateContainerState(145)) - Container #1 is in OPEN state, but the datanode 90c9f5c6-6de3-44e3-8d50-8a1447632052{ip: 192.168.164.217, host: pr-hdds-1643-8bmlk-2934350033, networkLocation: /default-rack, certSerialId: null} reports an CLOSED replica.
2019-11-05 08:27:28,659 [EventQueue-ContainerReportForContainerReportHandler] WARN  container.ContainerReportHandler (AbstractContainerReportHandler.java:updateContainerState(145)) - Container #1 is in OPEN state, but the datanode e618d93a-19a9-4b89-96f3-44f318818422{ip: 192.168.164.217, host: pr-hdds-1643-8bmlk-2934350033, networkLocation: /default-rack, certSerialId: null} reports an CLOSED replica.
2019-11-05 08:27:28,840 [EventQueue-ContainerReportForContainerReportHandler] WARN  container.ContainerReportHandler (AbstractContainerReportHandler.java:updateContainerState(145)) - Container #1 is in OPEN state, but the datanode 90c9f5c6-6de3-44e3-8d50-8a1447632052{ip: 192.168.164.217, host: pr-hdds-1643-8bmlk-2934350033, networkLocation: /default-rack, certSerialId: null} reports an CLOSED replica.
2019-11-05 08:27:28,908 [BlockDeletingService#2] WARN  background.BlockDeletingService (BlockDeletingService.java:isDeletionAllowed(187)) - Close Container log Index 8 is not replicated across allthe servers in the pipeline 91d82eec-d61e-45ed-83e6-07dd719309de as the min replicated index is 6. Deletion is not allowed in this container yet.
2019-11-05 08:27:28,908 [BlockDeletingService#6] WARN  background.BlockDeletingService (BlockDeletingService.java:isDeletionAllowed(187)) - Close Container log Index 8 is not replicated across allthe servers in the pipeline 91d82eec-d61e-45ed-83e6-07dd719309de as the min replicated index is 6. Deletion is not allowed in this container yet.
2019-11-05 08:27:28,959 [EventQueue-ContainerReportForContainerReportHandler] WARN  container.ContainerReportHandler (AbstractContainerReportHandler.java:updateContainerState(145)) - Container #1 is in OPEN state, but the datanode e618d93a-19a9-4b89-96f3-44f318818422{ip: 192.168.164.217, host: pr-hdds-1643-8bmlk-2934350033, networkLocation: /default-rack, certSerialId: null} reports an CLOSED replica.
2019-11-05 08:27:29,140 [EventQueue-ContainerReportForContainerReportHandler] WARN  container.ContainerReportHandler (AbstractContainerReportHandler.java:updateContainerState(145)) - Container #1 is in OPEN state, but the datanode 90c9f5c6-6de3-44e3-8d50-8a1447632052{ip: 192.168.164.217, host: pr-hdds-1643-8bmlk-2934350033, networkLocation: /default-rack, certSerialId: null} reports an CLOSED replica.
2019-11-05 08:27:29,261 [EventQueue-ContainerReportForContainerReportHandler] WARN  container.ContainerReportHandler (AbstractContainerReportHandler.java:updateContainerState(145)) - Container #1 is in OPEN state, but the datanode e618d93a-19a9-4b89-96f3-44f318818422{ip: 192.168.164.217, host: pr-hdds-1643-8bmlk-2934350033, networkLocation: /default-rack, certSerialId: null} reports an CLOSED replica.
2019-11-05 08:27:29,341 [EventQueue-ContainerReportForContainerReportHandler] WARN  container.ContainerReportHandler (AbstractContainerReportHandler.java:updateContainerState(145)) - Container #1 is in OPEN state, but the datanode 90c9f5c6-6de3-44e3-8d50-8a1447632052{ip: 192.168.164.217, host: pr-hdds-1643-8bmlk-2934350033, networkLocation: /default-rack, certSerialId: null} reports an CLOSED replica.
2019-11-05 08:27:29,643 [EventQueue-ContainerReportForContainerReportHandler] WARN  container.ContainerReportHandler (AbstractContainerReportHandler.java:updateContainerState(145)) - Container #1 is in OPEN state, but the datanode 90c9f5c6-6de3-44e3-8d50-8a1447632052{ip: 192.168.164.217, host: pr-hdds-1643-8bmlk-2934350033, networkLocation: /default-rack, certSerialId: null} reports an CLOSED replica.
2019-11-05 08:27:29,660 [EventQueue-ContainerReportForContainerReportHandler] WARN  container.ContainerReportHandler (AbstractContainerReportHandler.java:updateContainerState(145)) - Container #1 is in OPEN state, but the datanode e618d93a-19a9-4b89-96f3-44f318818422{ip: 192.168.164.217, host: pr-hdds-1643-8bmlk-2934350033, networkLocation: /default-rack, certSerialId: null} reports an CLOSED replica.
2019-11-05 08:27:29,774 [java.util.concurrent.ThreadPoolExecutor$Worker@a0f9458[State = -1, empty queue]] WARN  server.GrpcLogAppender (GrpcLogAppender.java:timeoutAppendRequest(209)) - 90c9f5c6-6de3-44e3-8d50-8a1447632052@group-07DD719309DE->6ab6cfca-dbae-4fc7-a842-1fd8eedeb1ff-GrpcLogAppender: appendEntries Timeout, request=90c9f5c6-6de3-44e3-8d50-8a1447632052->6ab6cfca-dbae-4fc7-a842-1fd8eedeb1ff#39-t9, previous=(t:9, i:12), leaderCommit=12, initializing? false, entries: <empty>
2019-11-05 08:27:29,860 [EventQueue-ContainerReportForContainerReportHandler] WARN  container.ContainerReportHandler (AbstractContainerReportHandler.java:updateContainerState(145)) - Container #1 is in OPEN state, but the datanode e618d93a-19a9-4b89-96f3-44f318818422{ip: 192.168.164.217, host: pr-hdds-1643-8bmlk-2934350033, networkLocation: /default-rack, certSerialId: null} reports an CLOSED replica.
2019-11-05 08:27:29,910 [BlockDeletingService#2] WARN  background.BlockDeletingService (BlockDeletingService.java:isDeletionAllowed(187)) - Close Container log Index 8 is not replicated across allthe servers in the pipeline 91d82eec-d61e-45ed-83e6-07dd719309de as the min replicated index is 6. Deletion is not allowed in this container yet.
2019-11-05 08:27:29,910 [BlockDeletingService#6] WARN  background.BlockDeletingService (BlockDeletingService.java:isDeletionAllowed(187)) - Close Container log Index 8 is not replicated across allthe servers in the pipeline 91d82eec-d61e-45ed-83e6-07dd719309de as the min replicated index is 6. Deletion is not allowed in this container yet.
2019-11-05 08:27:29,945 [EventQueue-ContainerReportForContainerReportHandler] WARN  container.ContainerReportHandler (AbstractContainerReportHandler.java:updateContainerState(145)) - Container #1 is in OPEN state, but the datanode 90c9f5c6-6de3-44e3-8d50-8a1447632052{ip: 192.168.164.217, host: pr-hdds-1643-8bmlk-2934350033, networkLocation: /default-rack, certSerialId: null} reports an CLOSED replica.
2019-11-05 08:27:30,162 [EventQueue-ContainerReportForContainerReportHandler] WARN  container.ContainerReportHandler (AbstractContainerReportHandler.java:updateContainerState(145)) - Container #1 is in OPEN state, but the datanode e618d93a-19a9-4b89-96f3-44f318818422{ip: 192.168.164.217, host: pr-hdds-1643-8bmlk-2934350033, networkLocation: /default-rack, certSerialId: null} reports an CLOSED replica.
2019-11-05 08:27:30,249 [EventQueue-ContainerReportForContainerReportHandler] WARN  container.ContainerReportHandler (AbstractContainerReportHandler.java:updateContainerState(145)) - Container #1 is in OPEN state, but the datanode 90c9f5c6-6de3-44e3-8d50-8a1447632052{ip: 192.168.164.217, host: pr-hdds-1643-8bmlk-2934350033, networkLocation: /default-rack, certSerialId: null} reports an CLOSED replica.
2019-11-05 08:27:30,464 [EventQueue-ContainerReportForContainerReportHandler] WARN  container.ContainerReportHandler (AbstractContainerReportHandler.java:updateContainerState(145)) - Container #1 is in OPEN state, but the datanode e618d93a-19a9-4b89-96f3-44f318818422{ip: 192.168.164.217, host: pr-hdds-1643-8bmlk-2934350033, networkLocation: /default-rack, certSerialId: null} reports an CLOSED replica.
2019-11-05 08:27:30,647 [EventQueue-ContainerReportForContainerReportHandler] WARN  container.ContainerReportHandler (AbstractContainerReportHandler.java:updateContainerState(145)) - Container #1 is in OPEN state, but the datanode 90c9f5c6-6de3-44e3-8d50-8a1447632052{ip: 192.168.164.217, host: pr-hdds-1643-8bmlk-2934350033, networkLocation: /default-rack, certSerialId: null} reports an CLOSED replica.
2019-11-05 08:27:30,863 [EventQueue-ContainerReportForContainerReportHandler] WARN  container.ContainerReportHandler (AbstractContainerReportHandler.java:updateContainerState(145)) - Container #1 is in OPEN state, but the datanode e618d93a-19a9-4b89-96f3-44f318818422{ip: 192.168.164.217, host: pr-hdds-1643-8bmlk-2934350033, networkLocation: /default-rack, certSerialId: null} reports an CLOSED replica.
2019-11-05 08:27:30,913 [BlockDeletingService#2] WARN  background.BlockDeletingService (BlockDeletingService.java:isDeletionAllowed(187)) - Close Container log Index 8 is not replicated across allthe servers in the pipeline 91d82eec-d61e-45ed-83e6-07dd719309de as the min replicated index is 6. Deletion is not allowed in this container yet.
2019-11-05 08:27:30,913 [BlockDeletingService#6] WARN  background.BlockDeletingService (BlockDeletingService.java:isDeletionAllowed(187)) - Close Container log Index 8 is not replicated across allthe servers in the pipeline 91d82eec-d61e-45ed-83e6-07dd719309de as the min replicated index is 6. Deletion is not allowed in this container yet.
2019-11-05 08:27:30,947 [EventQueue-ContainerReportForContainerReportHandler] WARN  container.ContainerReportHandler (AbstractContainerReportHandler.java:updateContainerState(145)) - Container #1 is in OPEN state, but the datanode 90c9f5c6-6de3-44e3-8d50-8a1447632052{ip: 192.168.164.217, host: pr-hdds-1643-8bmlk-2934350033, networkLocation: /default-rack, certSerialId: null} reports an CLOSED replica.
2019-11-05 08:27:31,248 [EventQueue-ContainerReportForContainerReportHandler] WARN  container.ContainerReportHandler (AbstractContainerReportHandler.java:updateContainerState(145)) - Container #1 is in OPEN state, but the datanode 90c9f5c6-6de3-44e3-8d50-8a1447632052{ip: 192.168.164.217, host: pr-hdds-1643-8bmlk-2934350033, networkLocation: /default-rack, certSerialId: null} reports an CLOSED replica.
2019-11-05 08:27:31,265 [EventQueue-ContainerReportForContainerReportHandler] WARN  container.ContainerReportHandler (AbstractContainerReportHandler.java:updateContainerState(145)) - Container #1 is in OPEN state, but the datanode e618d93a-19a9-4b89-96f3-44f318818422{ip: 192.168.164.217, host: pr-hdds-1643-8bmlk-2934350033, networkLocation: /default-rack, certSerialId: null} reports an CLOSED replica.
2019-11-05 08:27:31,450 [EventQueue-ContainerReportForContainerReportHandler] WARN  container.ContainerReportHandler (AbstractContainerReportHandler.java:updateContainerState(145)) - Container #1 is in OPEN state, but the datanode 90c9f5c6-6de3-44e3-8d50-8a1447632052{ip: 192.168.164.217, host: pr-hdds-1643-8bmlk-2934350033, networkLocation: /default-rack, certSerialId: null} reports an CLOSED replica.
2019-11-05 08:27:31,650 [EventQueue-ContainerReportForContainerReportHandler] WARN  container.ContainerReportHandler (AbstractContainerReportHandler.java:updateContainerState(145)) - Container #1 is in OPEN state, but the datanode 90c9f5c6-6de3-44e3-8d50-8a1447632052{ip: 192.168.164.217, host: pr-hdds-1643-8bmlk-2934350033, networkLocation: /default-rack, certSerialId: null} reports an CLOSED replica.
2019-11-05 08:27:31,664 [EventQueue-ContainerReportForContainerReportHandler] WARN  container.ContainerReportHandler (AbstractContainerReportHandler.java:updateContainerState(145)) - Container #1 is in OPEN state, but the datanode e618d93a-19a9-4b89-96f3-44f318818422{ip: 192.168.164.217, host: pr-hdds-1643-8bmlk-2934350033, networkLocation: /default-rack, certSerialId: null} reports an CLOSED replica.
2019-11-05 08:27:31,849 [EventQueue-ContainerReportForContainerReportHandler] WARN  container.ContainerReportHandler (AbstractContainerReportHandler.java:updateContainerState(145)) - Container #1 is in OPEN state, but the datanode 90c9f5c6-6de3-44e3-8d50-8a1447632052{ip: 192.168.164.217, host: pr-hdds-1643-8bmlk-2934350033, networkLocation: /default-rack, certSerialId: null} reports an CLOSED replica.
2019-11-05 08:27:31,864 [EventQueue-ContainerReportForContainerReportHandler] WARN  container.ContainerReportHandler (AbstractContainerReportHandler.java:updateContainerState(145)) - Container #1 is in OPEN state, but the datanode e618d93a-19a9-4b89-96f3-44f318818422{ip: 192.168.164.217, host: pr-hdds-1643-8bmlk-2934350033, networkLocation: /default-rack, certSerialId: null} reports an CLOSED replica.
2019-11-05 08:27:31,914 [BlockDeletingService#2] WARN  background.BlockDeletingService (BlockDeletingService.java:isDeletionAllowed(187)) - Close Container log Index 8 is not replicated across allthe servers in the pipeline 91d82eec-d61e-45ed-83e6-07dd719309de as the min replicated index is 6. Deletion is not allowed in this container yet.
2019-11-05 08:27:31,915 [BlockDeletingService#6] WARN  background.BlockDeletingService (BlockDeletingService.java:isDeletionAllowed(187)) - Close Container log Index 8 is not replicated across allthe servers in the pipeline 91d82eec-d61e-45ed-83e6-07dd719309de as the min replicated index is 6. Deletion is not allowed in this container yet.
2019-11-05 08:27:32,165 [EventQueue-ContainerReportForContainerReportHandler] WARN  container.ContainerReportHandler (AbstractContainerReportHandler.java:updateContainerState(145)) - Container #1 is in OPEN state, but the datanode e618d93a-19a9-4b89-96f3-44f318818422{ip: 192.168.164.217, host: pr-hdds-1643-8bmlk-2934350033, networkLocation: /default-rack, certSerialId: null} reports an CLOSED replica.
2019-11-05 08:27:32,249 [EventQueue-ContainerReportForContainerReportHandler] WARN  container.ContainerReportHandler (AbstractContainerReportHandler.java:updateContainerState(145)) - Container #1 is in OPEN state, but the datanode 90c9f5c6-6de3-44e3-8d50-8a1447632052{ip: 192.168.164.217, host: pr-hdds-1643-8bmlk-2934350033, networkLocation: /default-rack, certSerialId: null} reports an CLOSED replica.
2019-11-05 08:27:32,275 [java.util.concurrent.ThreadPoolExecutor$Worker@a0f9458[State = -1, empty queue]] WARN  server.GrpcLogAppender (GrpcLogAppender.java:timeoutAppendRequest(209)) - 90c9f5c6-6de3-44e3-8d50-8a1447632052@group-07DD719309DE->6ab6cfca-dbae-4fc7-a842-1fd8eedeb1ff-GrpcLogAppender: appendEntries Timeout, request=90c9f5c6-6de3-44e3-8d50-8a1447632052->6ab6cfca-dbae-4fc7-a842-1fd8eedeb1ff#40-t9, previous=(t:9, i:12), leaderCommit=12, initializing? false, entries: <empty>
2019-11-05 08:27:32,551 [EventQueue-ContainerReportForContainerReportHandler] WARN  container.ContainerReportHandler (AbstractContainerReportHandler.java:updateContainerState(145)) - Container #1 is in OPEN state, but the datanode 90c9f5c6-6de3-44e3-8d50-8a1447632052{ip: 192.168.164.217, host: pr-hdds-1643-8bmlk-2934350033, networkLocation: /default-rack, certSerialId: null} reports an CLOSED replica.
2019-11-05 08:27:32,565 [EventQueue-ContainerReportForContainerReportHandler] WARN  container.ContainerReportHandler (AbstractContainerReportHandler.java:updateContainerState(145)) - Container #1 is in OPEN state, but the datanode e618d93a-19a9-4b89-96f3-44f318818422{ip: 192.168.164.217, host: pr-hdds-1643-8bmlk-2934350033, networkLocation: /default-rack, certSerialId: null} reports an CLOSED replica.
2019-11-05 08:27:32,765 [EventQueue-ContainerReportForContainerReportHandler] WARN  container.ContainerReportHandler (AbstractContainerReportHandler.java:updateContainerState(145)) - Container #1 is in OPEN state, but the datanode e618d93a-19a9-4b89-96f3-44f318818422{ip: 192.168.164.217, host: pr-hdds-1643-8bmlk-2934350033, networkLocation: /default-rack, certSerialId: null} reports an CLOSED replica.
2019-11-05 08:27:32,853 [EventQueue-ContainerReportForContainerReportHandler] WARN  container.ContainerReportHandler (AbstractContainerReportHandler.java:updateContainerState(145)) - Container #1 is in OPEN state, but the datanode 90c9f5c6-6de3-44e3-8d50-8a1447632052{ip: 192.168.164.217, host: pr-hdds-1643-8bmlk-2934350033, networkLocation: /default-rack, certSerialId: null} reports an CLOSED replica.
2019-11-05 08:27:32,916 [BlockDeletingService#2] WARN  background.BlockDeletingService (BlockDeletingService.java:isDeletionAllowed(187)) - Close Container log Index 8 is not replicated across allthe servers in the pipeline 91d82eec-d61e-45ed-83e6-07dd719309de as the min replicated index is 6. Deletion is not allowed in this container yet.
2019-11-05 08:27:32,916 [BlockDeletingService#6] WARN  background.BlockDeletingService (BlockDeletingService.java:isDeletionAllowed(187)) - Close Container log Index 8 is not replicated across allthe servers in the pipeline 91d82eec-d61e-45ed-83e6-07dd719309de as the min replicated index is 6. Deletion is not allowed in this container yet.
2019-11-05 08:27:33,153 [EventQueue-ContainerReportForContainerReportHandler] WARN  container.ContainerReportHandler (AbstractContainerReportHandler.java:updateContainerState(145)) - Container #1 is in OPEN state, but the datanode 90c9f5c6-6de3-44e3-8d50-8a1447632052{ip: 192.168.164.217, host: pr-hdds-1643-8bmlk-2934350033, networkLocation: /default-rack, certSerialId: null} reports an CLOSED replica.
2019-11-05 08:27:33,167 [EventQueue-ContainerReportForContainerReportHandler] WARN  container.ContainerReportHandler (AbstractContainerReportHandler.java:updateContainerState(145)) - Container #1 is in OPEN state, but the datanode e618d93a-19a9-4b89-96f3-44f318818422{ip: 192.168.164.217, host: pr-hdds-1643-8bmlk-2934350033, networkLocation: /default-rack, certSerialId: null} reports an CLOSED replica.
2019-11-05 08:27:33,467 [EventQueue-ContainerReportForContainerReportHandler] WARN  container.ContainerReportHandler (AbstractContainerReportHandler.java:updateContainerState(145)) - Container #1 is in OPEN state, but the datanode e618d93a-19a9-4b89-96f3-44f318818422{ip: 192.168.164.217, host: pr-hdds-1643-8bmlk-2934350033, networkLocation: /default-rack, certSerialId: null} reports an CLOSED replica.
2019-11-05 08:27:33,552 [EventQueue-ContainerReportForContainerReportHandler] WARN  container.ContainerReportHandler (AbstractContainerReportHandler.java:updateContainerState(145)) - Container #1 is in OPEN state, but the datanode 90c9f5c6-6de3-44e3-8d50-8a1447632052{ip: 192.168.164.217, host: pr-hdds-1643-8bmlk-2934350033, networkLocation: /default-rack, certSerialId: null} reports an CLOSED replica.
2019-11-05 08:27:33,867 [EventQueue-ContainerReportForContainerReportHandler] WARN  container.ContainerReportHandler (AbstractContainerReportHandler.java:updateContainerState(145)) - Container #1 is in OPEN state, but the datanode e618d93a-19a9-4b89-96f3-44f318818422{ip: 192.168.164.217, host: pr-hdds-1643-8bmlk-2934350033, networkLocation: /default-rack, certSerialId: null} reports an CLOSED replica.
2019-11-05 08:27:33,918 [BlockDeletingService#6] WARN  background.BlockDeletingService (BlockDeletingService.java:isDeletionAllowed(187)) - Close Container log Index 8 is not replicated across allthe servers in the pipeline 91d82eec-d61e-45ed-83e6-07dd719309de as the min replicated index is 6. Deletion is not allowed in this container yet.
2019-11-05 08:27:33,918 [BlockDeletingService#2] WARN  background.BlockDeletingService (BlockDeletingService.java:isDeletionAllowed(187)) - Close Container log Index 8 is not replicated across allthe servers in the pipeline 91d82eec-d61e-45ed-83e6-07dd719309de as the min replicated index is 6. Deletion is not allowed in this container yet.
2019-11-05 08:27:33,953 [EventQueue-ContainerReportForContainerReportHandler] WARN  container.ContainerReportHandler (AbstractContainerReportHandler.java:updateContainerState(145)) - Container #1 is in OPEN state, but the datanode 90c9f5c6-6de3-44e3-8d50-8a1447632052{ip: 192.168.164.217, host: pr-hdds-1643-8bmlk-2934350033, networkLocation: /default-rack, certSerialId: null} reports an CLOSED replica.
2019-11-05 08:27:34,166 [EventQueue-ContainerReportForContainerReportHandler] WARN  container.ContainerReportHandler (AbstractContainerReportHandler.java:updateContainerState(145)) - Container #1 is in OPEN state, but the datanode e618d93a-19a9-4b89-96f3-44f318818422{ip: 192.168.164.217, host: pr-hdds-1643-8bmlk-2934350033, networkLocation: /default-rack, certSerialId: null} reports an CLOSED replica.
2019-11-05 08:27:34,253 [EventQueue-ContainerReportForContainerReportHandler] WARN  container.ContainerReportHandler (AbstractContainerReportHandler.java:updateContainerState(145)) - Container #1 is in OPEN state, but the datanode 90c9f5c6-6de3-44e3-8d50-8a1447632052{ip: 192.168.164.217, host: pr-hdds-1643-8bmlk-2934350033, networkLocation: /default-rack, certSerialId: null} reports an CLOSED replica.
2019-11-05 08:27:34,366 [EventQueue-ContainerReportForContainerReportHandler] WARN  container.ContainerReportHandler (AbstractContainerReportHandler.java:updateContainerState(145)) - Container #1 is in OPEN state, but the datanode e618d93a-19a9-4b89-96f3-44f318818422{ip: 192.168.164.217, host: pr-hdds-1643-8bmlk-2934350033, networkLocation: /default-rack, certSerialId: null} reports an CLOSED replica.
2019-11-05 08:27:34,455 [EventQueue-ContainerReportForContainerReportHandler] WARN  container.ContainerReportHandler (AbstractContainerReportHandler.java:updateContainerState(145)) - Container #1 is in OPEN state, but the datanode 90c9f5c6-6de3-44e3-8d50-8a1447632052{ip: 192.168.164.217, host: pr-hdds-1643-8bmlk-2934350033, networkLocation: /default-rack, certSerialId: null} reports an CLOSED replica.
2019-11-05 08:27:34,667 [EventQueue-ContainerReportForContainerReportHandler] WARN  container.ContainerReportHandler (AbstractContainerReportHandler.java:updateContainerState(145)) - Container #1 is in OPEN state, but the datanode e618d93a-19a9-4b89-96f3-44f318818422{ip: 192.168.164.217, host: pr-hdds-1643-8bmlk-2934350033, networkLocation: /default-rack, certSerialId: null} reports an CLOSED replica.
2019-11-05 08:27:34,777 [java.util.concurrent.ThreadPoolExecutor$Worker@a0f9458[State = -1, empty queue]] WARN  server.GrpcLogAppender (GrpcLogAppender.java:timeoutAppendRequest(209)) - 90c9f5c6-6de3-44e3-8d50-8a1447632052@group-07DD719309DE->6ab6cfca-dbae-4fc7-a842-1fd8eedeb1ff-GrpcLogAppender: appendEntries Timeout, request=90c9f5c6-6de3-44e3-8d50-8a1447632052->6ab6cfca-dbae-4fc7-a842-1fd8eedeb1ff#41-t9, previous=(t:9, i:12), leaderCommit=12, initializing? false, entries: <empty>
2019-11-05 08:27:34,855 [EventQueue-ContainerReportForContainerReportHandler] WARN  container.ContainerReportHandler (AbstractContainerReportHandler.java:updateContainerState(145)) - Container #1 is in OPEN state, but the datanode 90c9f5c6-6de3-44e3-8d50-8a1447632052{ip: 192.168.164.217, host: pr-hdds-1643-8bmlk-2934350033, networkLocation: /default-rack, certSerialId: null} reports an CLOSED replica.
2019-11-05 08:27:34,874 [Thread-494] INFO  client.GrpcClientProtocolService (GrpcClientProtocolService.java:lambda$processClientRequest$0(278)) - Failed RaftClientRequest:client-C29D9280812C->e618d93a-19a9-4b89-96f3-44f318818422@group-07DD719309DE, cid=10, seq=0, Watch-ALL_COMMITTED(8), Message:<EMPTY>, reply=RaftClientReply:client-C29D9280812C->e618d93a-19a9-4b89-96f3-44f318818422@group-07DD719309DE, cid=10, FAILED org.apache.ratis.protocol.NotLeaderException: Server e618d93a-19a9-4b89-96f3-44f318818422@group-07DD719309DE is not the leader 90c9f5c6-6de3-44e3-8d50-8a1447632052:192.168.164.217:36159, logIndex=0, commits[e618d93a-19a9-4b89-96f3-44f318818422:c12, 6ab6cfca-dbae-4fc7-a842-1fd8eedeb1ff:c6, 90c9f5c6-6de3-44e3-8d50-8a1447632052:c12]
2019-11-05 08:27:34,919 [BlockDeletingService#6] WARN  background.BlockDeletingService (BlockDeletingService.java:isDeletionAllowed(187)) - Close Container log Index 8 is not replicated across allthe servers in the pipeline 91d82eec-d61e-45ed-83e6-07dd719309de as the min replicated index is 6. Deletion is not allowed in this container yet.
2019-11-05 08:27:34,919 [BlockDeletingService#2] WARN  background.BlockDeletingService (BlockDeletingService.java:isDeletionAllowed(187)) - Close Container log Index 8 is not replicated across allthe servers in the pipeline 91d82eec-d61e-45ed-83e6-07dd719309de as the min replicated index is 6. Deletion is not allowed in this container yet.
2019-11-05 08:27:34,968 [EventQueue-ContainerReportForContainerReportHandler] WARN  container.ContainerReportHandler (AbstractContainerReportHandler.java:updateContainerState(145)) - Container #1 is in OPEN state, but the datanode e618d93a-19a9-4b89-96f3-44f318818422{ip: 192.168.164.217, host: pr-hdds-1643-8bmlk-2934350033, networkLocation: /default-rack, certSerialId: null} reports an CLOSED replica.
2019-11-05 08:27:35,255 [EventQueue-ContainerReportForContainerReportHandler] WARN  container.ContainerReportHandler (AbstractContainerReportHandler.java:updateContainerState(145)) - Container #1 is in OPEN state, but the datanode 90c9f5c6-6de3-44e3-8d50-8a1447632052{ip: 192.168.164.217, host: pr-hdds-1643-8bmlk-2934350033, networkLocation: /default-rack, certSerialId: null} reports an CLOSED replica.
2019-11-05 08:27:35,270 [EventQueue-ContainerReportForContainerReportHandler] WARN  container.ContainerReportHandler (AbstractContainerReportHandler.java:updateContainerState(145)) - Container #1 is in OPEN state, but the datanode e618d93a-19a9-4b89-96f3-44f318818422{ip: 192.168.164.217, host: pr-hdds-1643-8bmlk-2934350033, networkLocation: /default-rack, certSerialId: null} reports an CLOSED replica.
2019-11-05 08:27:35,555 [EventQueue-ContainerReportForContainerReportHandler] WARN  container.ContainerReportHandler (AbstractContainerReportHandler.java:updateContainerState(145)) - Container #1 is in OPEN state, but the datanode 90c9f5c6-6de3-44e3-8d50-8a1447632052{ip: 192.168.164.217, host: pr-hdds-1643-8bmlk-2934350033, networkLocation: /default-rack, certSerialId: null} reports an CLOSED replica.
2019-11-05 08:27:35,670 [EventQueue-ContainerReportForContainerReportHandler] WARN  container.ContainerReportHandler (AbstractContainerReportHandler.java:updateContainerState(145)) - Container #1 is in OPEN state, but the datanode e618d93a-19a9-4b89-96f3-44f318818422{ip: 192.168.164.217, host: pr-hdds-1643-8bmlk-2934350033, networkLocation: /default-rack, certSerialId: null} reports an CLOSED replica.
2019-11-05 08:27:35,682 [Thread-499] INFO  client.GrpcClientProtocolService (GrpcClientProtocolService.java:lambda$processClientRequest$0(278)) - Failed RaftClientRequest:client-C29D9280812C->90c9f5c6-6de3-44e3-8d50-8a1447632052@group-07DD719309DE, cid=10, seq=0, Watch-ALL_COMMITTED(8), Message:<EMPTY>, reply=RaftClientReply:client-C29D9280812C->90c9f5c6-6de3-44e3-8d50-8a1447632052@group-07DD719309DE, cid=10, FAILED org.apache.ratis.protocol.NotReplicatedException: Request with call Id 10 and log index 8 is not yet replicated to ALL_COMMITTED, logIndex=8, commits[90c9f5c6-6de3-44e3-8d50-8a1447632052:c12, 6ab6cfca-dbae-4fc7-a842-1fd8eedeb1ff:c6, e618d93a-19a9-4b89-96f3-44f318818422:c12]
2019-11-05 08:27:35,921 [BlockDeletingService#6] WARN  background.BlockDeletingService (BlockDeletingService.java:isDeletionAllowed(187)) - Close Container log Index 8 is not replicated across allthe servers in the pipeline 91d82eec-d61e-45ed-83e6-07dd719309de as the min replicated index is 6. Deletion is not allowed in this container yet.
2019-11-05 08:27:35,921 [BlockDeletingService#2] WARN  background.BlockDeletingService (BlockDeletingService.java:isDeletionAllowed(187)) - Close Container log Index 8 is not replicated across allthe servers in the pipeline 91d82eec-d61e-45ed-83e6-07dd719309de as the min replicated index is 6. Deletion is not allowed in this container yet.
2019-11-05 08:27:35,955 [EventQueue-ContainerReportForContainerReportHandler] WARN  container.ContainerReportHandler (AbstractContainerReportHandler.java:updateContainerState(145)) - Container #1 is in OPEN state, but the datanode 90c9f5c6-6de3-44e3-8d50-8a1447632052{ip: 192.168.164.217, host: pr-hdds-1643-8bmlk-2934350033, networkLocation: /default-rack, certSerialId: null} reports an CLOSED replica.
2019-11-05 08:27:35,970 [EventQueue-ContainerReportForContainerReportHandler] WARN  container.ContainerReportHandler (AbstractContainerReportHandler.java:updateContainerState(145)) - Container #1 is in OPEN state, but the datanode e618d93a-19a9-4b89-96f3-44f318818422{ip: 192.168.164.217, host: pr-hdds-1643-8bmlk-2934350033, networkLocation: /default-rack, certSerialId: null} reports an CLOSED replica.
2019-11-05 08:27:36,256 [EventQueue-ContainerReportForContainerReportHandler] WARN  container.ContainerReportHandler (AbstractContainerReportHandler.java:updateContainerState(145)) - Container #1 is in OPEN state, but the datanode 90c9f5c6-6de3-44e3-8d50-8a1447632052{ip: 192.168.164.217, host: pr-hdds-1643-8bmlk-2934350033, networkLocation: /default-rack, certSerialId: null} reports an CLOSED replica.
2019-11-05 08:27:36,369 [EventQueue-ContainerReportForContainerReportHandler] WARN  container.ContainerReportHandler (AbstractContainerReportHandler.java:updateContainerState(145)) - Container #1 is in OPEN state, but the datanode e618d93a-19a9-4b89-96f3-44f318818422{ip: 192.168.164.217, host: pr-hdds-1643-8bmlk-2934350033, networkLocation: /default-rack, certSerialId: null} reports an CLOSED replica.
2019-11-05 08:27:36,656 [EventQueue-ContainerReportForContainerReportHandler] WARN  container.ContainerReportHandler (AbstractContainerReportHandler.java:updateContainerState(145)) - Container #1 is in OPEN state, but the datanode 90c9f5c6-6de3-44e3-8d50-8a1447632052{ip: 192.168.164.217, host: pr-hdds-1643-8bmlk-2934350033, networkLocation: /default-rack, certSerialId: null} reports an CLOSED replica.
2019-11-05 08:27:36,669 [EventQueue-ContainerReportForContainerReportHandler] WARN  container.ContainerReportHandler (AbstractContainerReportHandler.java:updateContainerState(145)) - Container #1 is in OPEN state, but the datanode e618d93a-19a9-4b89-96f3-44f318818422{ip: 192.168.164.217, host: pr-hdds-1643-8bmlk-2934350033, networkLocation: /default-rack, certSerialId: null} reports an CLOSED replica.
2019-11-05 08:27:36,858 [EventQueue-ContainerReportForContainerReportHandler] WARN  container.ContainerReportHandler (AbstractContainerReportHandler.java:updateContainerState(145)) - Container #1 is in OPEN state, but the datanode 90c9f5c6-6de3-44e3-8d50-8a1447632052{ip: 192.168.164.217, host: pr-hdds-1643-8bmlk-2934350033, networkLocation: /default-rack, certSerialId: null} reports an CLOSED replica.
2019-11-05 08:27:36,869 [EventQueue-ContainerReportForContainerReportHandler] WARN  container.ContainerReportHandler (AbstractContainerReportHandler.java:updateContainerState(145)) - Container #1 is in OPEN state, but the datanode e618d93a-19a9-4b89-96f3-44f318818422{ip: 192.168.164.217, host: pr-hdds-1643-8bmlk-2934350033, networkLocation: /default-rack, certSerialId: null} reports an CLOSED replica.
2019-11-05 08:27:36,922 [BlockDeletingService#6] WARN  background.BlockDeletingService (BlockDeletingService.java:isDeletionAllowed(187)) - Close Container log Index 8 is not replicated across allthe servers in the pipeline 91d82eec-d61e-45ed-83e6-07dd719309de as the min replicated index is 6. Deletion is not allowed in this container yet.
2019-11-05 08:27:36,925 [BlockDeletingService#2] WARN  background.BlockDeletingService (BlockDeletingService.java:isDeletionAllowed(187)) - Close Container log Index 8 is not replicated across allthe servers in the pipeline 91d82eec-d61e-45ed-83e6-07dd719309de as the min replicated index is 6. Deletion is not allowed in this container yet.
2019-11-05 08:27:37,169 [EventQueue-ContainerReportForContainerReportHandler] WARN  container.ContainerReportHandler (AbstractContainerReportHandler.java:updateContainerState(145)) - Container #1 is in OPEN state, but the datanode e618d93a-19a9-4b89-96f3-44f318818422{ip: 192.168.164.217, host: pr-hdds-1643-8bmlk-2934350033, networkLocation: /default-rack, certSerialId: null} reports an CLOSED replica.
2019-11-05 08:27:37,258 [EventQueue-ContainerReportForContainerReportHandler] WARN  container.ContainerReportHandler (AbstractContainerReportHandler.java:updateContainerState(145)) - Container #1 is in OPEN state, but the datanode 90c9f5c6-6de3-44e3-8d50-8a1447632052{ip: 192.168.164.217, host: pr-hdds-1643-8bmlk-2934350033, networkLocation: /default-rack, certSerialId: null} reports an CLOSED replica.
2019-11-05 08:27:37,278 [java.util.concurrent.ThreadPoolExecutor$Worker@a0f9458[State = -1, empty queue]] WARN  server.GrpcLogAppender (GrpcLogAppender.java:timeoutAppendRequest(209)) - 90c9f5c6-6de3-44e3-8d50-8a1447632052@group-07DD719309DE->6ab6cfca-dbae-4fc7-a842-1fd8eedeb1ff-GrpcLogAppender: appendEntries Timeout, request=90c9f5c6-6de3-44e3-8d50-8a1447632052->6ab6cfca-dbae-4fc7-a842-1fd8eedeb1ff#42-t9, previous=(t:9, i:12), leaderCommit=12, initializing? false, entries: <empty>
2019-11-05 08:27:37,458 [EventQueue-ContainerReportForContainerReportHandler] WARN  container.ContainerReportHandler (AbstractContainerReportHandler.java:updateContainerState(145)) - Container #1 is in OPEN state, but the datanode 90c9f5c6-6de3-44e3-8d50-8a1447632052{ip: 192.168.164.217, host: pr-hdds-1643-8bmlk-2934350033, networkLocation: /default-rack, certSerialId: null} reports an CLOSED replica.
2019-11-05 08:27:37,471 [EventQueue-ContainerReportForContainerReportHandler] WARN  container.ContainerReportHandler (AbstractContainerReportHandler.java:updateContainerState(145)) - Container #1 is in OPEN state, but the datanode e618d93a-19a9-4b89-96f3-44f318818422{ip: 192.168.164.217, host: pr-hdds-1643-8bmlk-2934350033, networkLocation: /default-rack, certSerialId: null} reports an CLOSED replica.
2019-11-05 08:27:37,758 [EventQueue-ContainerReportForContainerReportHandler] WARN  container.ContainerReportHandler (AbstractContainerReportHandler.java:updateContainerState(145)) - Container #1 is in OPEN state, but the datanode 90c9f5c6-6de3-44e3-8d50-8a1447632052{ip: 192.168.164.217, host: pr-hdds-1643-8bmlk-2934350033, networkLocation: /default-rack, certSerialId: null} reports an CLOSED replica.
2019-11-05 08:27:37,871 [EventQueue-ContainerReportForContainerReportHandler] WARN  container.ContainerReportHandler (AbstractContainerReportHandler.java:updateContainerState(145)) - Container #1 is in OPEN state, but the datanode e618d93a-19a9-4b89-96f3-44f318818422{ip: 192.168.164.217, host: pr-hdds-1643-8bmlk-2934350033, networkLocation: /default-rack, certSerialId: null} reports an CLOSED replica.
2019-11-05 08:27:37,923 [BlockDeletingService#6] WARN  background.BlockDeletingService (BlockDeletingService.java:isDeletionAllowed(187)) - Close Container log Index 8 is not replicated across allthe servers in the pipeline 91d82eec-d61e-45ed-83e6-07dd719309de as the min replicated index is 6. Deletion is not allowed in this container yet.
2019-11-05 08:27:37,926 [BlockDeletingService#2] WARN  background.BlockDeletingService (BlockDeletingService.java:isDeletionAllowed(187)) - Close Container log Index 8 is not replicated across allthe servers in the pipeline 91d82eec-d61e-45ed-83e6-07dd719309de as the min replicated index is 6. Deletion is not allowed in this container yet.
2019-11-05 08:27:37,958 [EventQueue-ContainerReportForContainerReportHandler] WARN  container.ContainerReportHandler (AbstractContainerReportHandler.java:updateContainerState(145)) - Container #1 is in OPEN state, but the datanode 90c9f5c6-6de3-44e3-8d50-8a1447632052{ip: 192.168.164.217, host: pr-hdds-1643-8bmlk-2934350033, networkLocation: /default-rack, certSerialId: null} reports an CLOSED replica.
2019-11-05 08:27:38,170 [EventQueue-ContainerReportForContainerReportHandler] WARN  container.ContainerReportHandler (AbstractContainerReportHandler.java:updateContainerState(145)) - Container #1 is in OPEN state, but the datanode e618d93a-19a9-4b89-96f3-44f318818422{ip: 192.168.164.217, host: pr-hdds-1643-8bmlk-2934350033, networkLocation: /default-rack, certSerialId: null} reports an CLOSED replica.
2019-11-05 08:27:38,260 [EventQueue-ContainerReportForContainerReportHandler] WARN  container.ContainerReportHandler (AbstractContainerReportHandler.java:updateContainerState(145)) - Container #1 is in OPEN state, but the datanode 90c9f5c6-6de3-44e3-8d50-8a1447632052{ip: 192.168.164.217, host: pr-hdds-1643-8bmlk-2934350033, networkLocation: /default-rack, certSerialId: null} reports an CLOSED replica.
2019-11-05 08:27:38,472 [EventQueue-ContainerReportForContainerReportHandler] WARN  container.ContainerReportHandler (AbstractContainerReportHandler.java:updateContainerState(145)) - Container #1 is in OPEN state, but the datanode e618d93a-19a9-4b89-96f3-44f318818422{ip: 192.168.164.217, host: pr-hdds-1643-8bmlk-2934350033, networkLocation: /default-rack, certSerialId: null} reports an CLOSED replica.
2019-11-05 08:27:38,559 [EventQueue-ContainerReportForContainerReportHandler] WARN  container.ContainerReportHandler (AbstractContainerReportHandler.java:updateContainerState(145)) - Container #1 is in OPEN state, but the datanode 90c9f5c6-6de3-44e3-8d50-8a1447632052{ip: 192.168.164.217, host: pr-hdds-1643-8bmlk-2934350033, networkLocation: /default-rack, certSerialId: null} reports an CLOSED replica.
2019-11-05 08:27:38,761 [EventQueue-ContainerReportForContainerReportHandler] WARN  container.ContainerReportHandler (AbstractContainerReportHandler.java:updateContainerState(145)) - Container #1 is in OPEN state, but the datanode 90c9f5c6-6de3-44e3-8d50-8a1447632052{ip: 192.168.164.217, host: pr-hdds-1643-8bmlk-2934350033, networkLocation: /default-rack, certSerialId: null} reports an CLOSED replica.
2019-11-05 08:27:38,871 [EventQueue-ContainerReportForContainerReportHandler] WARN  container.ContainerReportHandler (AbstractContainerReportHandler.java:updateContainerState(145)) - Container #1 is in OPEN state, but the datanode e618d93a-19a9-4b89-96f3-44f318818422{ip: 192.168.164.217, host: pr-hdds-1643-8bmlk-2934350033, networkLocation: /default-rack, certSerialId: null} reports an CLOSED replica.
2019-11-05 08:27:38,925 [BlockDeletingService#6] WARN  background.BlockDeletingService (BlockDeletingService.java:isDeletionAllowed(187)) - Close Container log Index 8 is not replicated across allthe servers in the pipeline 91d82eec-d61e-45ed-83e6-07dd719309de as the min replicated index is 6. Deletion is not allowed in this container yet.
2019-11-05 08:27:38,927 [BlockDeletingService#2] WARN  background.BlockDeletingService (BlockDeletingService.java:isDeletionAllowed(187)) - Close Container log Index 8 is not replicated across allthe servers in the pipeline 91d82eec-d61e-45ed-83e6-07dd719309de as the min replicated index is 6. Deletion is not allowed in this container yet.
2019-11-05 08:27:39,161 [EventQueue-ContainerReportForContainerReportHandler] WARN  container.ContainerReportHandler (AbstractContainerReportHandler.java:updateContainerState(145)) - Container #1 is in OPEN state, but the datanode 90c9f5c6-6de3-44e3-8d50-8a1447632052{ip: 192.168.164.217, host: pr-hdds-1643-8bmlk-2934350033, networkLocation: /default-rack, certSerialId: null} reports an CLOSED replica.
2019-11-05 08:27:39,173 [EventQueue-ContainerReportForContainerReportHandler] WARN  container.ContainerReportHandler (AbstractContainerReportHandler.java:updateContainerState(145)) - Container #1 is in OPEN state, but the datanode e618d93a-19a9-4b89-96f3-44f318818422{ip: 192.168.164.217, host: pr-hdds-1643-8bmlk-2934350033, networkLocation: /default-rack, certSerialId: null} reports an CLOSED replica.
2019-11-05 08:27:39,460 [EventQueue-ContainerReportForContainerReportHandler] WARN  container.ContainerReportHandler (AbstractContainerReportHandler.java:updateContainerState(145)) - Container #1 is in OPEN state, but the datanode 90c9f5c6-6de3-44e3-8d50-8a1447632052{ip: 192.168.164.217, host: pr-hdds-1643-8bmlk-2934350033, networkLocation: /default-rack, certSerialId: null} reports an CLOSED replica.
2019-11-05 08:27:39,472 [EventQueue-ContainerReportForContainerReportHandler] WARN  container.ContainerReportHandler (AbstractContainerReportHandler.java:updateContainerState(145)) - Container #1 is in OPEN state, but the datanode e618d93a-19a9-4b89-96f3-44f318818422{ip: 192.168.164.217, host: pr-hdds-1643-8bmlk-2934350033, networkLocation: /default-rack, certSerialId: null} reports an CLOSED replica.
2019-11-05 08:27:39,661 [EventQueue-ContainerReportForContainerReportHandler] WARN  container.ContainerReportHandler (AbstractContainerReportHandler.java:updateContainerState(145)) - Container #1 is in OPEN state, but the datanode 90c9f5c6-6de3-44e3-8d50-8a1447632052{ip: 192.168.164.217, host: pr-hdds-1643-8bmlk-2934350033, networkLocation: /default-rack, certSerialId: null} reports an CLOSED replica.
2019-11-05 08:27:39,779 [java.util.concurrent.ThreadPoolExecutor$Worker@a0f9458[State = -1, empty queue]] WARN  server.GrpcLogAppender (GrpcLogAppender.java:timeoutAppendRequest(209)) - 90c9f5c6-6de3-44e3-8d50-8a1447632052@group-07DD719309DE->6ab6cfca-dbae-4fc7-a842-1fd8eedeb1ff-GrpcLogAppender: appendEntries Timeout, request=90c9f5c6-6de3-44e3-8d50-8a1447632052->6ab6cfca-dbae-4fc7-a842-1fd8eedeb1ff#43-t9, previous=(t:9, i:12), leaderCommit=12, initializing? false, entries: <empty>
2019-11-05 08:27:39,873 [EventQueue-ContainerReportForContainerReportHandler] WARN  container.ContainerReportHandler (AbstractContainerReportHandler.java:updateContainerState(145)) - Container #1 is in OPEN state, but the datanode e618d93a-19a9-4b89-96f3-44f318818422{ip: 192.168.164.217, host: pr-hdds-1643-8bmlk-2934350033, networkLocation: /default-rack, certSerialId: null} reports an CLOSED replica.
2019-11-05 08:27:39,926 [BlockDeletingService#6] WARN  background.BlockDeletingService (BlockDeletingService.java:isDeletionAllowed(187)) - Close Container log Index 8 is not replicated across allthe servers in the pipeline 91d82eec-d61e-45ed-83e6-07dd719309de as the min replicated index is 6. Deletion is not allowed in this container yet.
2019-11-05 08:27:39,928 [BlockDeletingService#2] WARN  background.BlockDeletingService (BlockDeletingService.java:isDeletionAllowed(187)) - Close Container log Index 8 is not replicated across allthe servers in the pipeline 91d82eec-d61e-45ed-83e6-07dd719309de as the min replicated index is 6. Deletion is not allowed in this container yet.
2019-11-05 08:27:40,061 [EventQueue-ContainerReportForContainerReportHandler] WARN  container.ContainerReportHandler (AbstractContainerReportHandler.java:updateContainerState(145)) - Container #1 is in OPEN state, but the datanode 90c9f5c6-6de3-44e3-8d50-8a1447632052{ip: 192.168.164.217, host: pr-hdds-1643-8bmlk-2934350033, networkLocation: /default-rack, certSerialId: null} reports an CLOSED replica.
2019-11-05 08:27:40,073 [EventQueue-ContainerReportForContainerReportHandler] WARN  container.ContainerReportHandler (AbstractContainerReportHandler.java:updateContainerState(145)) - Container #1 is in OPEN state, but the datanode e618d93a-19a9-4b89-96f3-44f318818422{ip: 192.168.164.217, host: pr-hdds-1643-8bmlk-2934350033, networkLocation: /default-rack, certSerialId: null} reports an CLOSED replica.
2019-11-05 08:27:40,362 [EventQueue-ContainerReportForContainerReportHandler] WARN  container.ContainerReportHandler (AbstractContainerReportHandler.java:updateContainerState(145)) - Container #1 is in OPEN state, but the datanode 90c9f5c6-6de3-44e3-8d50-8a1447632052{ip: 192.168.164.217, host: pr-hdds-1643-8bmlk-2934350033, networkLocation: /default-rack, certSerialId: null} reports an CLOSED replica.
2019-11-05 08:27:40,473 [EventQueue-ContainerReportForContainerReportHandler] WARN  container.ContainerReportHandler (AbstractContainerReportHandler.java:updateContainerState(145)) - Container #1 is in OPEN state, but the datanode e618d93a-19a9-4b89-96f3-44f318818422{ip: 192.168.164.217, host: pr-hdds-1643-8bmlk-2934350033, networkLocation: /default-rack, certSerialId: null} reports an CLOSED replica.
2019-11-05 08:27:40,673 [EventQueue-ContainerReportForContainerReportHandler] WARN  container.ContainerReportHandler (AbstractContainerReportHandler.java:updateContainerState(145)) - Container #1 is in OPEN state, but the datanode e618d93a-19a9-4b89-96f3-44f318818422{ip: 192.168.164.217, host: pr-hdds-1643-8bmlk-2934350033, networkLocation: /default-rack, certSerialId: null} reports an CLOSED replica.
2019-11-05 08:27:40,762 [EventQueue-ContainerReportForContainerReportHandler] WARN  container.ContainerReportHandler (AbstractContainerReportHandler.java:updateContainerState(145)) - Container #1 is in OPEN state, but the datanode 90c9f5c6-6de3-44e3-8d50-8a1447632052{ip: 192.168.164.217, host: pr-hdds-1643-8bmlk-2934350033, networkLocation: /default-rack, certSerialId: null} reports an CLOSED replica.
2019-11-05 08:27:40,927 [BlockDeletingService#6] WARN  background.BlockDeletingService (BlockDeletingService.java:isDeletionAllowed(187)) - Close Container log Index 8 is not replicated across allthe servers in the pipeline 91d82eec-d61e-45ed-83e6-07dd719309de as the min replicated index is 6. Deletion is not allowed in this container yet.
2019-11-05 08:27:40,929 [BlockDeletingService#2] WARN  background.BlockDeletingService (BlockDeletingService.java:isDeletionAllowed(187)) - Close Container log Index 8 is not replicated across allthe servers in the pipeline 91d82eec-d61e-45ed-83e6-07dd719309de as the min replicated index is 6. Deletion is not allowed in this container yet.
2019-11-05 08:27:41,073 [EventQueue-ContainerReportForContainerReportHandler] WARN  container.ContainerReportHandler (AbstractContainerReportHandler.java:updateContainerState(145)) - Container #1 is in OPEN state, but the datanode e618d93a-19a9-4b89-96f3-44f318818422{ip: 192.168.164.217, host: pr-hdds-1643-8bmlk-2934350033, networkLocation: /default-rack, certSerialId: null} reports an CLOSED replica.
2019-11-05 08:27:41,164 [EventQueue-ContainerReportForContainerReportHandler] WARN  container.ContainerReportHandler (AbstractContainerReportHandler.java:updateContainerState(145)) - Container #1 is in OPEN state, but the datanode 90c9f5c6-6de3-44e3-8d50-8a1447632052{ip: 192.168.164.217, host: pr-hdds-1643-8bmlk-2934350033, networkLocation: /default-rack, certSerialId: null} reports an CLOSED replica.
2019-11-05 08:27:41,372 [EventQueue-ContainerReportForContainerReportHandler] WARN  container.ContainerReportHandler (AbstractContainerReportHandler.java:updateContainerState(145)) - Container #1 is in OPEN state, but the datanode e618d93a-19a9-4b89-96f3-44f318818422{ip: 192.168.164.217, host: pr-hdds-1643-8bmlk-2934350033, networkLocation: /default-rack, certSerialId: null} reports an CLOSED replica.
2019-11-05 08:27:41,465 [EventQueue-ContainerReportForContainerReportHandler] WARN  container.ContainerReportHandler (AbstractContainerReportHandler.java:updateContainerState(145)) - Container #1 is in OPEN state, but the datanode 90c9f5c6-6de3-44e3-8d50-8a1447632052{ip: 192.168.164.217, host: pr-hdds-1643-8bmlk-2934350033, networkLocation: /default-rack, certSerialId: null} reports an CLOSED replica.
2019-11-05 08:27:41,572 [EventQueue-ContainerReportForContainerReportHandler] WARN  container.ContainerReportHandler (AbstractContainerReportHandler.java:updateContainerState(145)) - Container #1 is in OPEN state, but the datanode e618d93a-19a9-4b89-96f3-44f318818422{ip: 192.168.164.217, host: pr-hdds-1643-8bmlk-2934350033, networkLocation: /default-rack, certSerialId: null} reports an CLOSED replica.
2019-11-05 08:27:41,765 [EventQueue-ContainerReportForContainerReportHandler] WARN  container.ContainerReportHandler (AbstractContainerReportHandler.java:updateContainerState(145)) - Container #1 is in OPEN state, but the datanode 90c9f5c6-6de3-44e3-8d50-8a1447632052{ip: 192.168.164.217, host: pr-hdds-1643-8bmlk-2934350033, networkLocation: /default-rack, certSerialId: null} reports an CLOSED replica.
2019-11-05 08:27:41,772 [EventQueue-ContainerReportForContainerReportHandler] WARN  container.ContainerReportHandler (AbstractContainerReportHandler.java:updateContainerState(145)) - Container #1 is in OPEN state, but the datanode e618d93a-19a9-4b89-96f3-44f318818422{ip: 192.168.164.217, host: pr-hdds-1643-8bmlk-2934350033, networkLocation: /default-rack, certSerialId: null} reports an CLOSED replica.
2019-11-05 08:27:41,929 [BlockDeletingService#6] WARN  background.BlockDeletingService (BlockDeletingService.java:isDeletionAllowed(187)) - Close Container log Index 8 is not replicated across allthe servers in the pipeline 91d82eec-d61e-45ed-83e6-07dd719309de as the min replicated index is 6. Deletion is not allowed in this container yet.
2019-11-05 08:27:41,930 [BlockDeletingService#2] WARN  background.BlockDeletingService (BlockDeletingService.java:isDeletionAllowed(187)) - Close Container log Index 8 is not replicated across allthe servers in the pipeline 91d82eec-d61e-45ed-83e6-07dd719309de as the min replicated index is 6. Deletion is not allowed in this container yet.
2019-11-05 08:27:42,065 [EventQueue-ContainerReportForContainerReportHandler] WARN  container.ContainerReportHandler (AbstractContainerReportHandler.java:updateContainerState(145)) - Container #1 is in OPEN state, but the datanode 90c9f5c6-6de3-44e3-8d50-8a1447632052{ip: 192.168.164.217, host: pr-hdds-1643-8bmlk-2934350033, networkLocation: /default-rack, certSerialId: null} reports an CLOSED replica.
2019-11-05 08:27:42,172 [EventQueue-ContainerReportForContainerReportHandler] WARN  container.ContainerReportHandler (AbstractContainerReportHandler.java:updateContainerState(145)) - Container #1 is in OPEN state, but the datanode e618d93a-19a9-4b89-96f3-44f318818422{ip: 192.168.164.217, host: pr-hdds-1643-8bmlk-2934350033, networkLocation: /default-rack, certSerialId: null} reports an CLOSED replica.
2019-11-05 08:27:42,280 [java.util.concurrent.ThreadPoolExecutor$Worker@a0f9458[State = -1, empty queue]] WARN  server.GrpcLogAppender (GrpcLogAppender.java:timeoutAppendRequest(209)) - 90c9f5c6-6de3-44e3-8d50-8a1447632052@group-07DD719309DE->6ab6cfca-dbae-4fc7-a842-1fd8eedeb1ff-GrpcLogAppender: appendEntries Timeout, request=90c9f5c6-6de3-44e3-8d50-8a1447632052->6ab6cfca-dbae-4fc7-a842-1fd8eedeb1ff#44-t9, previous=(t:9, i:12), leaderCommit=12, initializing? false, entries: <empty>
2019-11-05 08:27:42,464 [EventQueue-ContainerReportForContainerReportHandler] WARN  container.ContainerReportHandler (AbstractContainerReportHandler.java:updateContainerState(145)) - Container #1 is in OPEN state, but the datanode 90c9f5c6-6de3-44e3-8d50-8a1447632052{ip: 192.168.164.217, host: pr-hdds-1643-8bmlk-2934350033, networkLocation: /default-rack, certSerialId: null} reports an CLOSED replica.
2019-11-05 08:27:42,475 [EventQueue-ContainerReportForContainerReportHandler] WARN  container.ContainerReportHandler (AbstractContainerReportHandler.java:updateContainerState(145)) - Container #1 is in OPEN state, but the datanode e618d93a-19a9-4b89-96f3-44f318818422{ip: 192.168.164.217, host: pr-hdds-1643-8bmlk-2934350033, networkLocation: /default-rack, certSerialId: null} reports an CLOSED replica.
2019-11-05 08:27:42,765 [EventQueue-ContainerReportForContainerReportHandler] WARN  container.ContainerReportHandler (AbstractContainerReportHandler.java:updateContainerState(145)) - Container #1 is in OPEN state, but the datanode 90c9f5c6-6de3-44e3-8d50-8a1447632052{ip: 192.168.164.217, host: pr-hdds-1643-8bmlk-2934350033, networkLocation: /default-rack, certSerialId: null} reports an CLOSED replica.
2019-11-05 08:27:42,876 [EventQueue-ContainerReportForContainerReportHandler] WARN  container.ContainerReportHandler (AbstractContainerReportHandler.java:updateContainerState(145)) - Container #1 is in OPEN state, but the datanode e618d93a-19a9-4b89-96f3-44f318818422{ip: 192.168.164.217, host: pr-hdds-1643-8bmlk-2934350033, networkLocation: /default-rack, certSerialId: null} reports an CLOSED replica.
2019-11-05 08:27:42,930 [BlockDeletingService#6] WARN  background.BlockDeletingService (BlockDeletingService.java:isDeletionAllowed(187)) - Close Container log Index 8 is not replicated across allthe servers in the pipeline 91d82eec-d61e-45ed-83e6-07dd719309de as the min replicated index is 6. Deletion is not allowed in this container yet.
2019-11-05 08:27:42,931 [BlockDeletingService#2] WARN  background.BlockDeletingService (BlockDeletingService.java:isDeletionAllowed(187)) - Close Container log Index 8 is not replicated across allthe servers in the pipeline 91d82eec-d61e-45ed-83e6-07dd719309de as the min replicated index is 6. Deletion is not allowed in this container yet.
2019-11-05 08:27:43,065 [EventQueue-ContainerReportForContainerReportHandler] WARN  container.ContainerReportHandler (AbstractContainerReportHandler.java:updateContainerState(145)) - Container #1 is in OPEN state, but the datanode 90c9f5c6-6de3-44e3-8d50-8a1447632052{ip: 192.168.164.217, host: pr-hdds-1643-8bmlk-2934350033, networkLocation: /default-rack, certSerialId: null} reports an CLOSED replica.
2019-11-05 08:27:43,176 [EventQueue-ContainerReportForContainerReportHandler] WARN  container.ContainerReportHandler (AbstractContainerReportHandler.java:updateContainerState(145)) - Container #1 is in OPEN state, but the datanode e618d93a-19a9-4b89-96f3-44f318818422{ip: 192.168.164.217, host: pr-hdds-1643-8bmlk-2934350033, networkLocation: /default-rack, certSerialId: null} reports an CLOSED replica.
2019-11-05 08:27:43,464 [EventQueue-ContainerReportForContainerReportHandler] WARN  container.ContainerReportHandler (AbstractContainerReportHandler.java:updateContainerState(145)) - Container #1 is in OPEN state, but the datanode 90c9f5c6-6de3-44e3-8d50-8a1447632052{ip: 192.168.164.217, host: pr-hdds-1643-8bmlk-2934350033, networkLocation: /default-rack, certSerialId: null} reports an CLOSED replica.
2019-11-05 08:27:43,576 [EventQueue-ContainerReportForContainerReportHandler] WARN  container.ContainerReportHandler (AbstractContainerReportHandler.java:updateContainerState(145)) - Container #1 is in OPEN state, but the datanode e618d93a-19a9-4b89-96f3-44f318818422{ip: 192.168.164.217, host: pr-hdds-1643-8bmlk-2934350033, networkLocation: /default-rack, certSerialId: null} reports an CLOSED replica.
2019-11-05 08:27:43,865 [EventQueue-ContainerReportForContainerReportHandler] WARN  container.ContainerReportHandler (AbstractContainerReportHandler.java:updateContainerState(145)) - Container #1 is in OPEN state, but the datanode 90c9f5c6-6de3-44e3-8d50-8a1447632052{ip: 192.168.164.217, host: pr-hdds-1643-8bmlk-2934350033, networkLocation: /default-rack, certSerialId: null} reports an CLOSED replica.
2019-11-05 08:27:43,876 [EventQueue-ContainerReportForContainerReportHandler] WARN  container.ContainerReportHandler (AbstractContainerReportHandler.java:updateContainerState(145)) - Container #1 is in OPEN state, but the datanode e618d93a-19a9-4b89-96f3-44f318818422{ip: 192.168.164.217, host: pr-hdds-1643-8bmlk-2934350033, networkLocation: /default-rack, certSerialId: null} reports an CLOSED replica.
2019-11-05 08:27:43,933 [BlockDeletingService#6] WARN  background.BlockDeletingService (BlockDeletingService.java:isDeletionAllowed(187)) - Close Container log Index 8 is not replicated across allthe servers in the pipeline 91d82eec-d61e-45ed-83e6-07dd719309de as the min replicated index is 6. Deletion is not allowed in this container yet.
2019-11-05 08:27:43,933 [BlockDeletingService#2] WARN  background.BlockDeletingService (BlockDeletingService.java:isDeletionAllowed(187)) - Close Container log Index 8 is not replicated across allthe servers in the pipeline 91d82eec-d61e-45ed-83e6-07dd719309de as the min replicated index is 6. Deletion is not allowed in this container yet.
2019-11-05 08:27:44,177 [EventQueue-ContainerReportForContainerReportHandler] WARN  container.ContainerReportHandler (AbstractContainerReportHandler.java:updateContainerState(145)) - Container #1 is in OPEN state, but the datanode e618d93a-19a9-4b89-96f3-44f318818422{ip: 192.168.164.217, host: pr-hdds-1643-8bmlk-2934350033, networkLocation: /default-rack, certSerialId: null} reports an CLOSED replica.
2019-11-05 08:27:44,265 [EventQueue-ContainerReportForContainerReportHandler] WARN  container.ContainerReportHandler (AbstractContainerReportHandler.java:updateContainerState(145)) - Container #1 is in OPEN state, but the datanode 90c9f5c6-6de3-44e3-8d50-8a1447632052{ip: 192.168.164.217, host: pr-hdds-1643-8bmlk-2934350033, networkLocation: /default-rack, certSerialId: null} reports an CLOSED replica.
2019-11-05 08:27:44,377 [EventQueue-ContainerReportForContainerReportHandler] WARN  container.ContainerReportHandler (AbstractContainerReportHandler.java:updateContainerState(145)) - Container #1 is in OPEN state, but the datanode e618d93a-19a9-4b89-96f3-44f318818422{ip: 192.168.164.217, host: pr-hdds-1643-8bmlk-2934350033, networkLocation: /default-rack, certSerialId: null} reports an CLOSED replica.
2019-11-05 08:27:44,465 [EventQueue-ContainerReportForContainerReportHandler] WARN  container.ContainerReportHandler (AbstractContainerReportHandler.java:updateContainerState(145)) - Container #1 is in OPEN state, but the datanode 90c9f5c6-6de3-44e3-8d50-8a1447632052{ip: 192.168.164.217, host: pr-hdds-1643-8bmlk-2934350033, networkLocation: /default-rack, certSerialId: null} reports an CLOSED replica.
2019-11-05 08:27:44,777 [EventQueue-ContainerReportForContainerReportHandler] WARN  container.ContainerReportHandler (AbstractContainerReportHandler.java:updateContainerState(145)) - Container #1 is in OPEN state, but the datanode e618d93a-19a9-4b89-96f3-44f318818422{ip: 192.168.164.217, host: pr-hdds-1643-8bmlk-2934350033, networkLocation: /default-rack, certSerialId: null} reports an CLOSED replica.
2019-11-05 08:27:44,780 [java.util.concurrent.ThreadPoolExecutor$Worker@a0f9458[State = -1, empty queue]] WARN  server.GrpcLogAppender (GrpcLogAppender.java:timeoutAppendRequest(209)) - 90c9f5c6-6de3-44e3-8d50-8a1447632052@group-07DD719309DE->6ab6cfca-dbae-4fc7-a842-1fd8eedeb1ff-GrpcLogAppender: appendEntries Timeout, request=90c9f5c6-6de3-44e3-8d50-8a1447632052->6ab6cfca-dbae-4fc7-a842-1fd8eedeb1ff#45-t9, previous=(t:9, i:12), leaderCommit=12, initializing? false, entries: <empty>
2019-11-05 08:27:44,867 [EventQueue-ContainerReportForContainerReportHandler] WARN  container.ContainerReportHandler (AbstractContainerReportHandler.java:updateContainerState(145)) - Container #1 is in OPEN state, but the datanode 90c9f5c6-6de3-44e3-8d50-8a1447632052{ip: 192.168.164.217, host: pr-hdds-1643-8bmlk-2934350033, networkLocation: /default-rack, certSerialId: null} reports an CLOSED replica.
2019-11-05 08:27:44,915 [Thread-526] INFO  client.GrpcClientProtocolService (GrpcClientProtocolService.java:lambda$processClientRequest$0(278)) - Failed RaftClientRequest:client-C29D9280812C->e618d93a-19a9-4b89-96f3-44f318818422@group-07DD719309DE, cid=10, seq=0, Watch-ALL_COMMITTED(8), Message:<EMPTY>, reply=RaftClientReply:client-C29D9280812C->e618d93a-19a9-4b89-96f3-44f318818422@group-07DD719309DE, cid=10, FAILED org.apache.ratis.protocol.NotLeaderException: Server e618d93a-19a9-4b89-96f3-44f318818422@group-07DD719309DE is not the leader 90c9f5c6-6de3-44e3-8d50-8a1447632052:192.168.164.217:36159, logIndex=0, commits[e618d93a-19a9-4b89-96f3-44f318818422:c12, 6ab6cfca-dbae-4fc7-a842-1fd8eedeb1ff:c6, 90c9f5c6-6de3-44e3-8d50-8a1447632052:c12]
2019-11-05 08:27:44,935 [BlockDeletingService#6] WARN  background.BlockDeletingService (BlockDeletingService.java:isDeletionAllowed(187)) - Close Container log Index 8 is not replicated across allthe servers in the pipeline 91d82eec-d61e-45ed-83e6-07dd719309de as the min replicated index is 6. Deletion is not allowed in this container yet.
2019-11-05 08:27:44,935 [BlockDeletingService#2] WARN  background.BlockDeletingService (BlockDeletingService.java:isDeletionAllowed(187)) - Close Container log Index 8 is not replicated across allthe servers in the pipeline 91d82eec-d61e-45ed-83e6-07dd719309de as the min replicated index is 6. Deletion is not allowed in this container yet.
2019-11-05 08:27:45,080 [EventQueue-ContainerReportForContainerReportHandler] WARN  container.ContainerReportHandler (AbstractContainerReportHandler.java:updateContainerState(145)) - Container #1 is in OPEN state, but the datanode e618d93a-19a9-4b89-96f3-44f318818422{ip: 192.168.164.217, host: pr-hdds-1643-8bmlk-2934350033, networkLocation: /default-rack, certSerialId: null} reports an CLOSED replica.
2019-11-05 08:27:45,165 [EventQueue-ContainerReportForContainerReportHandler] WARN  container.ContainerReportHandler (AbstractContainerReportHandler.java:updateContainerState(145)) - Container #1 is in OPEN state, but the datanode 90c9f5c6-6de3-44e3-8d50-8a1447632052{ip: 192.168.164.217, host: pr-hdds-1643-8bmlk-2934350033, networkLocation: /default-rack, certSerialId: null} reports an CLOSED replica.
2019-11-05 08:27:45,382 [EventQueue-ContainerReportForContainerReportHandler] WARN  container.ContainerReportHandler (AbstractContainerReportHandler.java:updateContainerState(145)) - Container #1 is in OPEN state, but the datanode e618d93a-19a9-4b89-96f3-44f318818422{ip: 192.168.164.217, host: pr-hdds-1643-8bmlk-2934350033, networkLocation: /default-rack, certSerialId: null} reports an CLOSED replica.
2019-11-05 08:27:45,566 [EventQueue-ContainerReportForContainerReportHandler] WARN  container.ContainerReportHandler (AbstractContainerReportHandler.java:updateContainerState(145)) - Container #1 is in OPEN state, but the datanode 90c9f5c6-6de3-44e3-8d50-8a1447632052{ip: 192.168.164.217, host: pr-hdds-1643-8bmlk-2934350033, networkLocation: /default-rack, certSerialId: null} reports an CLOSED replica.
2019-11-05 08:27:45,582 [EventQueue-ContainerReportForContainerReportHandler] WARN  container.ContainerReportHandler (AbstractContainerReportHandler.java:updateContainerState(145)) - Container #1 is in OPEN state, but the datanode e618d93a-19a9-4b89-96f3-44f318818422{ip: 192.168.164.217, host: pr-hdds-1643-8bmlk-2934350033, networkLocation: /default-rack, certSerialId: null} reports an CLOSED replica.
2019-11-05 08:27:45,683 [Thread-531] INFO  client.GrpcClientProtocolService (GrpcClientProtocolService.java:lambda$processClientRequest$0(278)) - Failed RaftClientRequest:client-C29D9280812C->90c9f5c6-6de3-44e3-8d50-8a1447632052@group-07DD719309DE, cid=10, seq=0, Watch-ALL_COMMITTED(8), Message:<EMPTY>, reply=RaftClientReply:client-C29D9280812C->90c9f5c6-6de3-44e3-8d50-8a1447632052@group-07DD719309DE, cid=10, FAILED org.apache.ratis.protocol.NotReplicatedException: Request with call Id 10 and log index 8 is not yet replicated to ALL_COMMITTED, logIndex=8, commits[90c9f5c6-6de3-44e3-8d50-8a1447632052:c12, 6ab6cfca-dbae-4fc7-a842-1fd8eedeb1ff:c6, e618d93a-19a9-4b89-96f3-44f318818422:c12]
2019-11-05 08:27:45,866 [EventQueue-ContainerReportForContainerReportHandler] WARN  container.ContainerReportHandler (AbstractContainerReportHandler.java:updateContainerState(145)) - Container #1 is in OPEN state, but the datanode 90c9f5c6-6de3-44e3-8d50-8a1447632052{ip: 192.168.164.217, host: pr-hdds-1643-8bmlk-2934350033, networkLocation: /default-rack, certSerialId: null} reports an CLOSED replica.
2019-11-05 08:27:45,882 [EventQueue-ContainerReportForContainerReportHandler] WARN  container.ContainerReportHandler (AbstractContainerReportHandler.java:updateContainerState(145)) - Container #1 is in OPEN state, but the datanode e618d93a-19a9-4b89-96f3-44f318818422{ip: 192.168.164.217, host: pr-hdds-1643-8bmlk-2934350033, networkLocation: /default-rack, certSerialId: null} reports an CLOSED replica.
2019-11-05 08:27:45,936 [BlockDeletingService#6] WARN  background.BlockDeletingService (BlockDeletingService.java:isDeletionAllowed(187)) - Close Container log Index 8 is not replicated across allthe servers in the pipeline 91d82eec-d61e-45ed-83e6-07dd719309de as the min replicated index is 6. Deletion is not allowed in this container yet.
2019-11-05 08:27:45,938 [BlockDeletingService#2] WARN  background.BlockDeletingService (BlockDeletingService.java:isDeletionAllowed(187)) - Close Container log Index 8 is not replicated across allthe servers in the pipeline 91d82eec-d61e-45ed-83e6-07dd719309de as the min replicated index is 6. Deletion is not allowed in this container yet.
2019-11-05 08:27:46,168 [EventQueue-ContainerReportForContainerReportHandler] WARN  container.ContainerReportHandler (AbstractContainerReportHandler.java:updateContainerState(145)) - Container #1 is in OPEN state, but the datanode 90c9f5c6-6de3-44e3-8d50-8a1447632052{ip: 192.168.164.217, host: pr-hdds-1643-8bmlk-2934350033, networkLocation: /default-rack, certSerialId: null} reports an CLOSED replica.
2019-11-05 08:27:46,181 [EventQueue-ContainerReportForContainerReportHandler] WARN  container.ContainerReportHandler (AbstractContainerReportHandler.java:updateContainerState(145)) - Container #1 is in OPEN state, but the datanode e618d93a-19a9-4b89-96f3-44f318818422{ip: 192.168.164.217, host: pr-hdds-1643-8bmlk-2934350033, networkLocation: /default-rack, certSerialId: null} reports an CLOSED replica.
2019-11-05 08:27:46,469 [EventQueue-ContainerReportForContainerReportHandler] WARN  container.ContainerReportHandler (AbstractContainerReportHandler.java:updateContainerState(145)) - Container #1 is in OPEN state, but the datanode 90c9f5c6-6de3-44e3-8d50-8a1447632052{ip: 192.168.164.217, host: pr-hdds-1643-8bmlk-2934350033, networkLocation: /default-rack, certSerialId: null} reports an CLOSED replica.
2019-11-05 08:27:46,581 [EventQueue-ContainerReportForContainerReportHandler] WARN  container.ContainerReportHandler (AbstractContainerReportHandler.java:updateContainerState(145)) - Container #1 is in OPEN state, but the datanode e618d93a-19a9-4b89-96f3-44f318818422{ip: 192.168.164.217, host: pr-hdds-1643-8bmlk-2934350033, networkLocation: /default-rack, certSerialId: null} reports an CLOSED replica.
2019-11-05 08:27:46,769 [EventQueue-ContainerReportForContainerReportHandler] WARN  container.ContainerReportHandler (AbstractContainerReportHandler.java:updateContainerState(145)) - Container #1 is in OPEN state, but the datanode 90c9f5c6-6de3-44e3-8d50-8a1447632052{ip: 192.168.164.217, host: pr-hdds-1643-8bmlk-2934350033, networkLocation: /default-rack, certSerialId: null} reports an CLOSED replica.
2019-11-05 08:27:46,881 [EventQueue-ContainerReportForContainerReportHandler] WARN  container.ContainerReportHandler (AbstractContainerReportHandler.java:updateContainerState(145)) - Container #1 is in OPEN state, but the datanode e618d93a-19a9-4b89-96f3-44f318818422{ip: 192.168.164.217, host: pr-hdds-1643-8bmlk-2934350033, networkLocation: /default-rack, certSerialId: null} reports an CLOSED replica.
2019-11-05 08:27:46,940 [BlockDeletingService#6] WARN  background.BlockDeletingService (BlockDeletingService.java:isDeletionAllowed(187)) - Close Container log Index 8 is not replicated across allthe servers in the pipeline 91d82eec-d61e-45ed-83e6-07dd719309de as the min replicated index is 6. Deletion is not allowed in this container yet.
2019-11-05 08:27:46,940 [BlockDeletingService#2] WARN  background.BlockDeletingService (BlockDeletingService.java:isDeletionAllowed(187)) - Close Container log Index 8 is not replicated across allthe servers in the pipeline 91d82eec-d61e-45ed-83e6-07dd719309de as the min replicated index is 6. Deletion is not allowed in this container yet.
2019-11-05 08:27:47,169 [EventQueue-ContainerReportForContainerReportHandler] WARN  container.ContainerReportHandler (AbstractContainerReportHandler.java:updateContainerState(145)) - Container #1 is in OPEN state, but the datanode 90c9f5c6-6de3-44e3-8d50-8a1447632052{ip: 192.168.164.217, host: pr-hdds-1643-8bmlk-2934350033, networkLocation: /default-rack, certSerialId: null} reports an CLOSED replica.
2019-11-05 08:27:47,181 [EventQueue-ContainerReportForContainerReportHandler] WARN  container.ContainerReportHandler (AbstractContainerReportHandler.java:updateContainerState(145)) - Container #1 is in OPEN state, but the datanode e618d93a-19a9-4b89-96f3-44f318818422{ip: 192.168.164.217, host: pr-hdds-1643-8bmlk-2934350033, networkLocation: /default-rack, certSerialId: null} reports an CLOSED replica.
2019-11-05 08:27:47,282 [java.util.concurrent.ThreadPoolExecutor$Worker@a0f9458[State = -1, empty queue]] WARN  server.GrpcLogAppender (GrpcLogAppender.java:timeoutAppendRequest(209)) - 90c9f5c6-6de3-44e3-8d50-8a1447632052@group-07DD719309DE->6ab6cfca-dbae-4fc7-a842-1fd8eedeb1ff-GrpcLogAppender: appendEntries Timeout, request=90c9f5c6-6de3-44e3-8d50-8a1447632052->6ab6cfca-dbae-4fc7-a842-1fd8eedeb1ff#46-t9, previous=(t:9, i:12), leaderCommit=12, initializing? false, entries: <empty>
2019-11-05 08:27:47,468 [EventQueue-ContainerReportForContainerReportHandler] WARN  container.ContainerReportHandler (AbstractContainerReportHandler.java:updateContainerState(145)) - Container #1 is in OPEN state, but the datanode 90c9f5c6-6de3-44e3-8d50-8a1447632052{ip: 192.168.164.217, host: pr-hdds-1643-8bmlk-2934350033, networkLocation: /default-rack, certSerialId: null} reports an CLOSED replica.
2019-11-05 08:27:47,581 [EventQueue-ContainerReportForContainerReportHandler] WARN  container.ContainerReportHandler (AbstractContainerReportHandler.java:updateContainerState(145)) - Container #1 is in OPEN state, but the datanode e618d93a-19a9-4b89-96f3-44f318818422{ip: 192.168.164.217, host: pr-hdds-1643-8bmlk-2934350033, networkLocation: /default-rack, certSerialId: null} reports an CLOSED replica.
2019-11-05 08:27:47,770 [EventQueue-ContainerReportForContainerReportHandler] WARN  container.ContainerReportHandler (AbstractContainerReportHandler.java:updateContainerState(145)) - Container #1 is in OPEN state, but the datanode 90c9f5c6-6de3-44e3-8d50-8a1447632052{ip: 192.168.164.217, host: pr-hdds-1643-8bmlk-2934350033, networkLocation: /default-rack, certSerialId: null} reports an CLOSED replica.
2019-11-05 08:27:47,781 [EventQueue-ContainerReportForContainerReportHandler] WARN  container.ContainerReportHandler (AbstractContainerReportHandler.java:updateContainerState(145)) - Container #1 is in OPEN state, but the datanode e618d93a-19a9-4b89-96f3-44f318818422{ip: 192.168.164.217, host: pr-hdds-1643-8bmlk-2934350033, networkLocation: /default-rack, certSerialId: null} reports an CLOSED replica.
2019-11-05 08:27:47,942 [BlockDeletingService#6] WARN  background.BlockDeletingService (BlockDeletingService.java:isDeletionAllowed(187)) - Close Container log Index 8 is not replicated across allthe servers in the pipeline 91d82eec-d61e-45ed-83e6-07dd719309de as the min replicated index is 6. Deletion is not allowed in this container yet.
2019-11-05 08:27:47,942 [BlockDeletingService#2] WARN  background.BlockDeletingService (BlockDeletingService.java:isDeletionAllowed(187)) - Close Container log Index 8 is not replicated across allthe servers in the pipeline 91d82eec-d61e-45ed-83e6-07dd719309de as the min replicated index is 6. Deletion is not allowed in this container yet.
2019-11-05 08:27:48,082 [EventQueue-ContainerReportForContainerReportHandler] WARN  container.ContainerReportHandler (AbstractContainerReportHandler.java:updateContainerState(145)) - Container #1 is in OPEN state, but the datanode e618d93a-19a9-4b89-96f3-44f318818422{ip: 192.168.164.217, host: pr-hdds-1643-8bmlk-2934350033, networkLocation: /default-rack, certSerialId: null} reports an CLOSED replica.
2019-11-05 08:27:48,170 [EventQueue-ContainerReportForContainerReportHandler] WARN  container.ContainerReportHandler (AbstractContainerReportHandler.java:updateContainerState(145)) - Container #1 is in OPEN state, but the datanode 90c9f5c6-6de3-44e3-8d50-8a1447632052{ip: 192.168.164.217, host: pr-hdds-1643-8bmlk-2934350033, networkLocation: /default-rack, certSerialId: null} reports an CLOSED replica.
2019-11-05 08:27:48,369 [EventQueue-ContainerReportForContainerReportHandler] WARN  container.ContainerReportHandler (AbstractContainerReportHandler.java:updateContainerState(145)) - Container #1 is in OPEN state, but the datanode 90c9f5c6-6de3-44e3-8d50-8a1447632052{ip: 192.168.164.217, host: pr-hdds-1643-8bmlk-2934350033, networkLocation: /default-rack, certSerialId: null} reports an CLOSED replica.
2019-11-05 08:27:48,382 [EventQueue-ContainerReportForContainerReportHandler] WARN  container.ContainerReportHandler (AbstractContainerReportHandler.java:updateContainerState(145)) - Container #1 is in OPEN state, but the datanode e618d93a-19a9-4b89-96f3-44f318818422{ip: 192.168.164.217, host: pr-hdds-1643-8bmlk-2934350033, networkLocation: /default-rack, certSerialId: null} reports an CLOSED replica.
2019-11-05 08:27:48,582 [EventQueue-ContainerReportForContainerReportHandler] WARN  container.ContainerReportHandler (AbstractContainerReportHandler.java:updateContainerState(145)) - Container #1 is in OPEN state, but the datanode e618d93a-19a9-4b89-96f3-44f318818422{ip: 192.168.164.217, host: pr-hdds-1643-8bmlk-2934350033, networkLocation: /default-rack, certSerialId: null} reports an CLOSED replica.
2019-11-05 08:27:48,769 [EventQueue-ContainerReportForContainerReportHandler] WARN  container.ContainerReportHandler (AbstractContainerReportHandler.java:updateContainerState(145)) - Container #1 is in OPEN state, but the datanode 90c9f5c6-6de3-44e3-8d50-8a1447632052{ip: 192.168.164.217, host: pr-hdds-1643-8bmlk-2934350033, networkLocation: /default-rack, certSerialId: null} reports an CLOSED replica.
2019-11-05 08:27:48,945 [BlockDeletingService#6] WARN  background.BlockDeletingService (BlockDeletingService.java:isDeletionAllowed(187)) - Close Container log Index 8 is not replicated across allthe servers in the pipeline 91d82eec-d61e-45ed-83e6-07dd719309de as the min replicated index is 6. Deletion is not allowed in this container yet.
2019-11-05 08:27:48,945 [BlockDeletingService#2] WARN  background.BlockDeletingService (BlockDeletingService.java:isDeletionAllowed(187)) - Close Container log Index 8 is not replicated across allthe servers in the pipeline 91d82eec-d61e-45ed-83e6-07dd719309de as the min replicated index is 6. Deletion is not allowed in this container yet.
2019-11-05 08:27:48,969 [EventQueue-ContainerReportForContainerReportHandler] WARN  container.ContainerReportHandler (AbstractContainerReportHandler.java:updateContainerState(145)) - Container #1 is in OPEN state, but the datanode 90c9f5c6-6de3-44e3-8d50-8a1447632052{ip: 192.168.164.217, host: pr-hdds-1643-8bmlk-2934350033, networkLocation: /default-rack, certSerialId: null} reports an CLOSED replica.
2019-11-05 08:27:48,981 [EventQueue-ContainerReportForContainerReportHandler] WARN  container.ContainerReportHandler (AbstractContainerReportHandler.java:updateContainerState(145)) - Container #1 is in OPEN state, but the datanode e618d93a-19a9-4b89-96f3-44f318818422{ip: 192.168.164.217, host: pr-hdds-1643-8bmlk-2934350033, networkLocation: /default-rack, certSerialId: null} reports an CLOSED replica.
2019-11-05 08:27:49,269 [EventQueue-ContainerReportForContainerReportHandler] WARN  container.ContainerReportHandler (AbstractContainerReportHandler.java:updateContainerState(145)) - Container #1 is in OPEN state, but the datanode 90c9f5c6-6de3-44e3-8d50-8a1447632052{ip: 192.168.164.217, host: pr-hdds-1643-8bmlk-2934350033, networkLocation: /default-rack, certSerialId: null} reports an CLOSED replica.
2019-11-05 08:27:49,282 [EventQueue-ContainerReportForContainerReportHandler] WARN  container.ContainerReportHandler (AbstractContainerReportHandler.java:updateContainerState(145)) - Container #1 is in OPEN state, but the datanode e618d93a-19a9-4b89-96f3-44f318818422{ip: 192.168.164.217, host: pr-hdds-1643-8bmlk-2934350033, networkLocation: /default-rack, certSerialId: null} reports an CLOSED replica.
2019-11-05 08:27:49,482 [EventQueue-ContainerReportForContainerReportHandler] WARN  container.ContainerReportHandler (AbstractContainerReportHandler.java:updateContainerState(145)) - Container #1 is in OPEN state, but the datanode e618d93a-19a9-4b89-96f3-44f318818422{ip: 192.168.164.217, host: pr-hdds-1643-8bmlk-2934350033, networkLocation: /default-rack, certSerialId: null} reports an CLOSED replica.
2019-11-05 08:27:49,569 [EventQueue-ContainerReportForContainerReportHandler] WARN  container.ContainerReportHandler (AbstractContainerReportHandler.java:updateContainerState(145)) - Container #1 is in OPEN state, but the datanode 90c9f5c6-6de3-44e3-8d50-8a1447632052{ip: 192.168.164.217, host: pr-hdds-1643-8bmlk-2934350033, networkLocation: /default-rack, certSerialId: null} reports an CLOSED replica.
2019-11-05 08:27:49,770 [EventQueue-ContainerReportForContainerReportHandler] WARN  container.ContainerReportHandler (AbstractContainerReportHandler.java:updateContainerState(145)) - Container #1 is in OPEN state, but the datanode 90c9f5c6-6de3-44e3-8d50-8a1447632052{ip: 192.168.164.217, host: pr-hdds-1643-8bmlk-2934350033, networkLocation: /default-rack, certSerialId: null} reports an CLOSED replica.
2019-11-05 08:27:49,782 [EventQueue-ContainerReportForContainerReportHandler] WARN  container.ContainerReportHandler (AbstractContainerReportHandler.java:updateContainerState(145)) - Container #1 is in OPEN state, but the datanode e618d93a-19a9-4b89-96f3-44f318818422{ip: 192.168.164.217, host: pr-hdds-1643-8bmlk-2934350033, networkLocation: /default-rack, certSerialId: null} reports an CLOSED replica.
2019-11-05 08:27:49,782 [java.util.concurrent.ThreadPoolExecutor$Worker@a0f9458[State = -1, empty queue]] WARN  server.GrpcLogAppender (GrpcLogAppender.java:timeoutAppendRequest(209)) - 90c9f5c6-6de3-44e3-8d50-8a1447632052@group-07DD719309DE->6ab6cfca-dbae-4fc7-a842-1fd8eedeb1ff-GrpcLogAppender: appendEntries Timeout, request=90c9f5c6-6de3-44e3-8d50-8a1447632052->6ab6cfca-dbae-4fc7-a842-1fd8eedeb1ff#47-t9, previous=(t:9, i:12), leaderCommit=12, initializing? false, entries: <empty>
2019-11-05 08:27:49,947 [BlockDeletingService#2] WARN  background.BlockDeletingService (BlockDeletingService.java:isDeletionAllowed(187)) - Close Container log Index 8 is not replicated across allthe servers in the pipeline 91d82eec-d61e-45ed-83e6-07dd719309de as the min replicated index is 6. Deletion is not allowed in this container yet.
2019-11-05 08:27:49,947 [BlockDeletingService#6] WARN  background.BlockDeletingService (BlockDeletingService.java:isDeletionAllowed(187)) - Close Container log Index 8 is not replicated across allthe servers in the pipeline 91d82eec-d61e-45ed-83e6-07dd719309de as the min replicated index is 6. Deletion is not allowed in this container yet.
2019-11-05 08:27:49,970 [EventQueue-ContainerReportForContainerReportHandler] WARN  container.ContainerReportHandler (AbstractContainerReportHandler.java:updateContainerState(145)) - Container #1 is in OPEN state, but the datanode 90c9f5c6-6de3-44e3-8d50-8a1447632052{ip: 192.168.164.217, host: pr-hdds-1643-8bmlk-2934350033, networkLocation: /default-rack, certSerialId: null} reports an CLOSED replica.
2019-11-05 08:27:49,982 [EventQueue-ContainerReportForContainerReportHandler] WARN  container.ContainerReportHandler (AbstractContainerReportHandler.java:updateContainerState(145)) - Container #1 is in OPEN state, but the datanode e618d93a-19a9-4b89-96f3-44f318818422{ip: 192.168.164.217, host: pr-hdds-1643-8bmlk-2934350033, networkLocation: /default-rack, certSerialId: null} reports an CLOSED replica.
2019-11-05 08:27:50,272 [EventQueue-ContainerReportForContainerReportHandler] WARN  container.ContainerReportHandler (AbstractContainerReportHandler.java:updateContainerState(145)) - Container #1 is in OPEN state, but the datanode 90c9f5c6-6de3-44e3-8d50-8a1447632052{ip: 192.168.164.217, host: pr-hdds-1643-8bmlk-2934350033, networkLocation: /default-rack, certSerialId: null} reports an CLOSED replica.
2019-11-05 08:27:50,381 [EventQueue-ContainerReportForContainerReportHandler] WARN  container.ContainerReportHandler (AbstractContainerReportHandler.java:updateContainerState(145)) - Container #1 is in OPEN state, but the datanode e618d93a-19a9-4b89-96f3-44f318818422{ip: 192.168.164.217, host: pr-hdds-1643-8bmlk-2934350033, networkLocation: /default-rack, certSerialId: null} reports an CLOSED replica.
2019-11-05 08:27:50,571 [EventQueue-ContainerReportForContainerReportHandler] WARN  container.ContainerReportHandler (AbstractContainerReportHandler.java:updateContainerState(145)) - Container #1 is in OPEN state, but the datanode 90c9f5c6-6de3-44e3-8d50-8a1447632052{ip: 192.168.164.217, host: pr-hdds-1643-8bmlk-2934350033, networkLocation: /default-rack, certSerialId: null} reports an CLOSED replica.
2019-11-05 08:27:50,681 [EventQueue-ContainerReportForContainerReportHandler] WARN  container.ContainerReportHandler (AbstractContainerReportHandler.java:updateContainerState(145)) - Container #1 is in OPEN state, but the datanode e618d93a-19a9-4b89-96f3-44f318818422{ip: 192.168.164.217, host: pr-hdds-1643-8bmlk-2934350033, networkLocation: /default-rack, certSerialId: null} reports an CLOSED replica.
2019-11-05 08:27:50,871 [EventQueue-ContainerReportForContainerReportHandler] WARN  container.ContainerReportHandler (AbstractContainerReportHandler.java:updateContainerState(145)) - Container #1 is in OPEN state, but the datanode 90c9f5c6-6de3-44e3-8d50-8a1447632052{ip: 192.168.164.217, host: pr-hdds-1643-8bmlk-2934350033, networkLocation: /default-rack, certSerialId: null} reports an CLOSED replica.
2019-11-05 08:27:50,949 [BlockDeletingService#6] WARN  background.BlockDeletingService (BlockDeletingService.java:isDeletionAllowed(187)) - Close Container log Index 8 is not replicated across allthe servers in the pipeline 91d82eec-d61e-45ed-83e6-07dd719309de as the min replicated index is 6. Deletion is not allowed in this container yet.
2019-11-05 08:27:50,949 [BlockDeletingService#2] WARN  background.BlockDeletingService (BlockDeletingService.java:isDeletionAllowed(187)) - Close Container log Index 8 is not replicated across allthe servers in the pipeline 91d82eec-d61e-45ed-83e6-07dd719309de as the min replicated index is 6. Deletion is not allowed in this container yet.
2019-11-05 08:27:50,983 [EventQueue-ContainerReportForContainerReportHandler] WARN  container.ContainerReportHandler (AbstractContainerReportHandler.java:updateContainerState(145)) - Container #1 is in OPEN state, but the datanode e618d93a-19a9-4b89-96f3-44f318818422{ip: 192.168.164.217, host: pr-hdds-1643-8bmlk-2934350033, networkLocation: /default-rack, certSerialId: null} reports an CLOSED replica.
2019-11-05 08:27:51,071 [EventQueue-ContainerReportForContainerReportHandler] WARN  container.ContainerReportHandler (AbstractContainerReportHandler.java:updateContainerState(145)) - Container #1 is in OPEN state, but the datanode 90c9f5c6-6de3-44e3-8d50-8a1447632052{ip: 192.168.164.217, host: pr-hdds-1643-8bmlk-2934350033, networkLocation: /default-rack, certSerialId: null} reports an CLOSED replica.
2019-11-05 08:27:51,273 [EventQueue-ContainerReportForContainerReportHandler] WARN  container.ContainerReportHandler (AbstractContainerReportHandler.java:updateContainerState(145)) - Container #1 is in OPEN state, but the datanode 90c9f5c6-6de3-44e3-8d50-8a1447632052{ip: 192.168.164.217, host: pr-hdds-1643-8bmlk-2934350033, networkLocation: /default-rack, certSerialId: null} reports an CLOSED replica.
2019-11-05 08:27:51,283 [EventQueue-ContainerReportForContainerReportHandler] WARN  container.ContainerReportHandler (AbstractContainerReportHandler.java:updateContainerState(145)) - Container #1 is in OPEN state, but the datanode e618d93a-19a9-4b89-96f3-44f318818422{ip: 192.168.164.217, host: pr-hdds-1643-8bmlk-2934350033, networkLocation: /default-rack, certSerialId: null} reports an CLOSED replica.
2019-11-05 08:27:51,583 [EventQueue-ContainerReportForContainerReportHandler] WARN  container.ContainerReportHandler (AbstractContainerReportHandler.java:updateContainerState(145)) - Container #1 is in OPEN state, but the datanode e618d93a-19a9-4b89-96f3-44f318818422{ip: 192.168.164.217, host: pr-hdds-1643-8bmlk-2934350033, networkLocation: /default-rack, certSerialId: null} reports an CLOSED replica.
2019-11-05 08:27:51,674 [EventQueue-ContainerReportForContainerReportHandler] WARN  container.ContainerReportHandler (AbstractContainerReportHandler.java:updateContainerState(145)) - Container #1 is in OPEN state, but the datanode 90c9f5c6-6de3-44e3-8d50-8a1447632052{ip: 192.168.164.217, host: pr-hdds-1643-8bmlk-2934350033, networkLocation: /default-rack, certSerialId: null} reports an CLOSED replica.
2019-11-05 08:27:51,783 [EventQueue-ContainerReportForContainerReportHandler] WARN  container.ContainerReportHandler (AbstractContainerReportHandler.java:updateContainerState(145)) - Container #1 is in OPEN state, but the datanode e618d93a-19a9-4b89-96f3-44f318818422{ip: 192.168.164.217, host: pr-hdds-1643-8bmlk-2934350033, networkLocation: /default-rack, certSerialId: null} reports an CLOSED replica.
2019-11-05 08:27:51,951 [BlockDeletingService#6] WARN  background.BlockDeletingService (BlockDeletingService.java:isDeletionAllowed(187)) - Close Container log Index 8 is not replicated across allthe servers in the pipeline 91d82eec-d61e-45ed-83e6-07dd719309de as the min replicated index is 6. Deletion is not allowed in this container yet.
2019-11-05 08:27:51,951 [BlockDeletingService#2] WARN  background.BlockDeletingService (BlockDeletingService.java:isDeletionAllowed(187)) - Close Container log Index 8 is not replicated across allthe servers in the pipeline 91d82eec-d61e-45ed-83e6-07dd719309de as the min replicated index is 6. Deletion is not allowed in this container yet.
2019-11-05 08:27:51,974 [EventQueue-ContainerReportForContainerReportHandler] WARN  container.ContainerReportHandler (AbstractContainerReportHandler.java:updateContainerState(145)) - Container #1 is in OPEN state, but the datanode 90c9f5c6-6de3-44e3-8d50-8a1447632052{ip: 192.168.164.217, host: pr-hdds-1643-8bmlk-2934350033, networkLocation: /default-rack, certSerialId: null} reports an CLOSED replica.
2019-11-05 08:27:52,083 [EventQueue-ContainerReportForContainerReportHandler] WARN  container.ContainerReportHandler (AbstractContainerReportHandler.java:updateContainerState(145)) - Container #1 is in OPEN state, but the datanode e618d93a-19a9-4b89-96f3-44f318818422{ip: 192.168.164.217, host: pr-hdds-1643-8bmlk-2934350033, networkLocation: /default-rack, certSerialId: null} reports an CLOSED replica.
2019-11-05 08:27:52,173 [EventQueue-ContainerReportForContainerReportHandler] WARN  container.ContainerReportHandler (AbstractContainerReportHandler.java:updateContainerState(145)) - Container #1 is in OPEN state, but the datanode 90c9f5c6-6de3-44e3-8d50-8a1447632052{ip: 192.168.164.217, host: pr-hdds-1643-8bmlk-2934350033, networkLocation: /default-rack, certSerialId: null} reports an CLOSED replica.
2019-11-05 08:27:52,284 [java.util.concurrent.ThreadPoolExecutor$Worker@a0f9458[State = -1, empty queue]] WARN  server.GrpcLogAppender (GrpcLogAppender.java:timeoutAppendRequest(209)) - 90c9f5c6-6de3-44e3-8d50-8a1447632052@group-07DD719309DE->6ab6cfca-dbae-4fc7-a842-1fd8eedeb1ff-GrpcLogAppender: appendEntries Timeout, request=90c9f5c6-6de3-44e3-8d50-8a1447632052->6ab6cfca-dbae-4fc7-a842-1fd8eedeb1ff#48-t9, previous=(t:9, i:12), leaderCommit=12, initializing? false, entries: <empty>
2019-11-05 08:27:52,284 [EventQueue-ContainerReportForContainerReportHandler] WARN  container.ContainerReportHandler (AbstractContainerReportHandler.java:updateContainerState(145)) - Container #1 is in OPEN state, but the datanode e618d93a-19a9-4b89-96f3-44f318818422{ip: 192.168.164.217, host: pr-hdds-1643-8bmlk-2934350033, networkLocation: /default-rack, certSerialId: null} reports an CLOSED replica.
2019-11-05 08:27:52,575 [EventQueue-ContainerReportForContainerReportHandler] WARN  container.ContainerReportHandler (AbstractContainerReportHandler.java:updateContainerState(145)) - Container #1 is in OPEN state, but the datanode 90c9f5c6-6de3-44e3-8d50-8a1447632052{ip: 192.168.164.217, host: pr-hdds-1643-8bmlk-2934350033, networkLocation: /default-rack, certSerialId: null} reports an CLOSED replica.
2019-11-05 08:27:52,587 [EventQueue-ContainerReportForContainerReportHandler] WARN  container.ContainerReportHandler (AbstractContainerReportHandler.java:updateContainerState(145)) - Container #1 is in OPEN state, but the datanode e618d93a-19a9-4b89-96f3-44f318818422{ip: 192.168.164.217, host: pr-hdds-1643-8bmlk-2934350033, networkLocation: /default-rack, certSerialId: null} reports an CLOSED replica.
2019-11-05 08:27:52,875 [EventQueue-ContainerReportForContainerReportHandler] WARN  container.ContainerReportHandler (AbstractContainerReportHandler.java:updateContainerState(145)) - Container #1 is in OPEN state, but the datanode 90c9f5c6-6de3-44e3-8d50-8a1447632052{ip: 192.168.164.217, host: pr-hdds-1643-8bmlk-2934350033, networkLocation: /default-rack, certSerialId: null} reports an CLOSED replica.
2019-11-05 08:27:52,887 [EventQueue-ContainerReportForContainerReportHandler] WARN  container.ContainerReportHandler (AbstractContainerReportHandler.java:updateContainerState(145)) - Container #1 is in OPEN state, but the datanode e618d93a-19a9-4b89-96f3-44f318818422{ip: 192.168.164.217, host: pr-hdds-1643-8bmlk-2934350033, networkLocation: /default-rack, certSerialId: null} reports an CLOSED replica.
2019-11-05 08:27:52,953 [BlockDeletingService#2] WARN  background.BlockDeletingService (BlockDeletingService.java:isDeletionAllowed(187)) - Close Container log Index 8 is not replicated across allthe servers in the pipeline 91d82eec-d61e-45ed-83e6-07dd719309de as the min replicated index is 6. Deletion is not allowed in this container yet.
2019-11-05 08:27:52,953 [BlockDeletingService#6] WARN  background.BlockDeletingService (BlockDeletingService.java:isDeletionAllowed(187)) - Close Container log Index 8 is not replicated across allthe servers in the pipeline 91d82eec-d61e-45ed-83e6-07dd719309de as the min replicated index is 6. Deletion is not allowed in this container yet.
2019-11-05 08:27:53,089 [EventQueue-ContainerReportForContainerReportHandler] WARN  container.ContainerReportHandler (AbstractContainerReportHandler.java:updateContainerState(145)) - Container #1 is in OPEN state, but the datanode e618d93a-19a9-4b89-96f3-44f318818422{ip: 192.168.164.217, host: pr-hdds-1643-8bmlk-2934350033, networkLocation: /default-rack, certSerialId: null} reports an CLOSED replica.
2019-11-05 08:27:53,274 [EventQueue-ContainerReportForContainerReportHandler] WARN  container.ContainerReportHandler (AbstractContainerReportHandler.java:updateContainerState(145)) - Container #1 is in OPEN state, but the datanode 90c9f5c6-6de3-44e3-8d50-8a1447632052{ip: 192.168.164.217, host: pr-hdds-1643-8bmlk-2934350033, networkLocation: /default-rack, certSerialId: null} reports an CLOSED replica.
2019-11-05 08:27:53,388 [EventQueue-ContainerReportForContainerReportHandler] WARN  container.ContainerReportHandler (AbstractContainerReportHandler.java:updateContainerState(145)) - Container #1 is in OPEN state, but the datanode e618d93a-19a9-4b89-96f3-44f318818422{ip: 192.168.164.217, host: pr-hdds-1643-8bmlk-2934350033, networkLocation: /default-rack, certSerialId: null} reports an CLOSED replica.
2019-11-05 08:27:53,574 [EventQueue-ContainerReportForContainerReportHandler] WARN  container.ContainerReportHandler (AbstractContainerReportHandler.java:updateContainerState(145)) - Container #1 is in OPEN state, but the datanode 90c9f5c6-6de3-44e3-8d50-8a1447632052{ip: 192.168.164.217, host: pr-hdds-1643-8bmlk-2934350033, networkLocation: /default-rack, certSerialId: null} reports an CLOSED replica.
2019-11-05 08:27:53,789 [EventQueue-ContainerReportForContainerReportHandler] WARN  container.ContainerReportHandler (AbstractContainerReportHandler.java:updateContainerState(145)) - Container #1 is in OPEN state, but the datanode e618d93a-19a9-4b89-96f3-44f318818422{ip: 192.168.164.217, host: pr-hdds-1643-8bmlk-2934350033, networkLocation: /default-rack, certSerialId: null} reports an CLOSED replica.
2019-11-05 08:27:53,875 [EventQueue-ContainerReportForContainerReportHandler] WARN  container.ContainerReportHandler (AbstractContainerReportHandler.java:updateContainerState(145)) - Container #1 is in OPEN state, but the datanode 90c9f5c6-6de3-44e3-8d50-8a1447632052{ip: 192.168.164.217, host: pr-hdds-1643-8bmlk-2934350033, networkLocation: /default-rack, certSerialId: null} reports an CLOSED replica.
2019-11-05 08:27:53,955 [BlockDeletingService#6] WARN  background.BlockDeletingService (BlockDeletingService.java:isDeletionAllowed(187)) - Close Container log Index 8 is not replicated across allthe servers in the pipeline 91d82eec-d61e-45ed-83e6-07dd719309de as the min replicated index is 6. Deletion is not allowed in this container yet.
2019-11-05 08:27:53,955 [BlockDeletingService#2] WARN  background.BlockDeletingService (BlockDeletingService.java:isDeletionAllowed(187)) - Close Container log Index 8 is not replicated across allthe servers in the pipeline 91d82eec-d61e-45ed-83e6-07dd719309de as the min replicated index is 6. Deletion is not allowed in this container yet.
2019-11-05 08:27:54,091 [EventQueue-ContainerReportForContainerReportHandler] WARN  container.ContainerReportHandler (AbstractContainerReportHandler.java:updateContainerState(145)) - Container #1 is in OPEN state, but the datanode e618d93a-19a9-4b89-96f3-44f318818422{ip: 192.168.164.217, host: pr-hdds-1643-8bmlk-2934350033, networkLocation: /default-rack, certSerialId: null} reports an CLOSED replica.
2019-11-05 08:27:54,276 [EventQueue-ContainerReportForContainerReportHandler] WARN  container.ContainerReportHandler (AbstractContainerReportHandler.java:updateContainerState(145)) - Container #1 is in OPEN state, but the datanode 90c9f5c6-6de3-44e3-8d50-8a1447632052{ip: 192.168.164.217, host: pr-hdds-1643-8bmlk-2934350033, networkLocation: /default-rack, certSerialId: null} reports an CLOSED replica.
2019-11-05 08:27:54,392 [EventQueue-ContainerReportForContainerReportHandler] WARN  container.ContainerReportHandler (AbstractContainerReportHandler.java:updateContainerState(145)) - Container #1 is in OPEN state, but the datanode e618d93a-19a9-4b89-96f3-44f318818422{ip: 192.168.164.217, host: pr-hdds-1643-8bmlk-2934350033, networkLocation: /default-rack, certSerialId: null} reports an CLOSED replica.
2019-11-05 08:27:54,577 [EventQueue-ContainerReportForContainerReportHandler] WARN  container.ContainerReportHandler (AbstractContainerReportHandler.java:updateContainerState(145)) - Container #1 is in OPEN state, but the datanode 90c9f5c6-6de3-44e3-8d50-8a1447632052{ip: 192.168.164.217, host: pr-hdds-1643-8bmlk-2934350033, networkLocation: /default-rack, certSerialId: null} reports an CLOSED replica.
2019-11-05 08:27:54,692 [EventQueue-ContainerReportForContainerReportHandler] WARN  container.ContainerReportHandler (AbstractContainerReportHandler.java:updateContainerState(145)) - Container #1 is in OPEN state, but the datanode e618d93a-19a9-4b89-96f3-44f318818422{ip: 192.168.164.217, host: pr-hdds-1643-8bmlk-2934350033, networkLocation: /default-rack, certSerialId: null} reports an CLOSED replica.
2019-11-05 08:27:54,787 [java.util.concurrent.ThreadPoolExecutor$Worker@a0f9458[State = -1, empty queue]] WARN  server.GrpcLogAppender (GrpcLogAppender.java:timeoutAppendRequest(209)) - 90c9f5c6-6de3-44e3-8d50-8a1447632052@group-07DD719309DE->6ab6cfca-dbae-4fc7-a842-1fd8eedeb1ff-GrpcLogAppender: appendEntries Timeout, request=90c9f5c6-6de3-44e3-8d50-8a1447632052->6ab6cfca-dbae-4fc7-a842-1fd8eedeb1ff#49-t9, previous=(t:9, i:12), leaderCommit=12, initializing? false, entries: <empty>
2019-11-05 08:27:54,877 [EventQueue-ContainerReportForContainerReportHandler] WARN  container.ContainerReportHandler (AbstractContainerReportHandler.java:updateContainerState(145)) - Container #1 is in OPEN state, but the datanode 90c9f5c6-6de3-44e3-8d50-8a1447632052{ip: 192.168.164.217, host: pr-hdds-1643-8bmlk-2934350033, networkLocation: /default-rack, certSerialId: null} reports an CLOSED replica.
2019-11-05 08:27:54,962 [BlockDeletingService#6] WARN  background.BlockDeletingService (BlockDeletingService.java:isDeletionAllowed(187)) - Close Container log Index 8 is not replicated across allthe servers in the pipeline 91d82eec-d61e-45ed-83e6-07dd719309de as the min replicated index is 6. Deletion is not allowed in this container yet.
2019-11-05 08:27:54,962 [BlockDeletingService#2] WARN  background.BlockDeletingService (BlockDeletingService.java:isDeletionAllowed(187)) - Close Container log Index 8 is not replicated across allthe servers in the pipeline 91d82eec-d61e-45ed-83e6-07dd719309de as the min replicated index is 6. Deletion is not allowed in this container yet.
2019-11-05 08:27:55,094 [EventQueue-ContainerReportForContainerReportHandler] WARN  container.ContainerReportHandler (AbstractContainerReportHandler.java:updateContainerState(145)) - Container #1 is in OPEN state, but the datanode e618d93a-19a9-4b89-96f3-44f318818422{ip: 192.168.164.217, host: pr-hdds-1643-8bmlk-2934350033, networkLocation: /default-rack, certSerialId: null} reports an CLOSED replica.
2019-11-05 08:27:55,176 [EventQueue-ContainerReportForContainerReportHandler] WARN  container.ContainerReportHandler (AbstractContainerReportHandler.java:updateContainerState(145)) - Container #1 is in OPEN state, but the datanode 90c9f5c6-6de3-44e3-8d50-8a1447632052{ip: 192.168.164.217, host: pr-hdds-1643-8bmlk-2934350033, networkLocation: /default-rack, certSerialId: null} reports an CLOSED replica.
2019-11-05 08:27:55,293 [EventQueue-ContainerReportForContainerReportHandler] WARN  container.ContainerReportHandler (AbstractContainerReportHandler.java:updateContainerState(145)) - Container #1 is in OPEN state, but the datanode e618d93a-19a9-4b89-96f3-44f318818422{ip: 192.168.164.217, host: pr-hdds-1643-8bmlk-2934350033, networkLocation: /default-rack, certSerialId: null} reports an CLOSED replica.
2019-11-05 08:27:55,477 [EventQueue-ContainerReportForContainerReportHandler] WARN  container.ContainerReportHandler (AbstractContainerReportHandler.java:updateContainerState(145)) - Container #1 is in OPEN state, but the datanode 90c9f5c6-6de3-44e3-8d50-8a1447632052{ip: 192.168.164.217, host: pr-hdds-1643-8bmlk-2934350033, networkLocation: /default-rack, certSerialId: null} reports an CLOSED replica.
2019-11-05 08:27:55,593 [EventQueue-ContainerReportForContainerReportHandler] WARN  container.ContainerReportHandler (AbstractContainerReportHandler.java:updateContainerState(145)) - Container #1 is in OPEN state, but the datanode e618d93a-19a9-4b89-96f3-44f318818422{ip: 192.168.164.217, host: pr-hdds-1643-8bmlk-2934350033, networkLocation: /default-rack, certSerialId: null} reports an CLOSED replica.
2019-11-05 08:27:55,683 [Thread-560] INFO  client.GrpcClientProtocolService (GrpcClientProtocolService.java:lambda$processClientRequest$0(278)) - Failed RaftClientRequest:client-C29D9280812C->90c9f5c6-6de3-44e3-8d50-8a1447632052@group-07DD719309DE, cid=10, seq=0, Watch-ALL_COMMITTED(8), Message:<EMPTY>, reply=RaftClientReply:client-C29D9280812C->90c9f5c6-6de3-44e3-8d50-8a1447632052@group-07DD719309DE, cid=10, FAILED org.apache.ratis.protocol.NotReplicatedException: Request with call Id 10 and log index 8 is not yet replicated to ALL_COMMITTED, logIndex=8, commits[90c9f5c6-6de3-44e3-8d50-8a1447632052:c12, 6ab6cfca-dbae-4fc7-a842-1fd8eedeb1ff:c6, e618d93a-19a9-4b89-96f3-44f318818422:c12]
2019-11-05 08:27:55,879 [EventQueue-ContainerReportForContainerReportHandler] WARN  container.ContainerReportHandler (AbstractContainerReportHandler.java:updateContainerState(145)) - Container #1 is in OPEN state, but the datanode 90c9f5c6-6de3-44e3-8d50-8a1447632052{ip: 192.168.164.217, host: pr-hdds-1643-8bmlk-2934350033, networkLocation: /default-rack, certSerialId: null} reports an CLOSED replica.
2019-11-05 08:27:55,894 [EventQueue-ContainerReportForContainerReportHandler] WARN  container.ContainerReportHandler (AbstractContainerReportHandler.java:updateContainerState(145)) - Container #1 is in OPEN state, but the datanode e618d93a-19a9-4b89-96f3-44f318818422{ip: 192.168.164.217, host: pr-hdds-1643-8bmlk-2934350033, networkLocation: /default-rack, certSerialId: null} reports an CLOSED replica.
2019-11-05 08:27:55,964 [BlockDeletingService#2] WARN  background.BlockDeletingService (BlockDeletingService.java:isDeletionAllowed(187)) - Close Container log Index 8 is not replicated across allthe servers in the pipeline 91d82eec-d61e-45ed-83e6-07dd719309de as the min replicated index is 6. Deletion is not allowed in this container yet.
2019-11-05 08:27:55,965 [BlockDeletingService#6] WARN  background.BlockDeletingService (BlockDeletingService.java:isDeletionAllowed(187)) - Close Container log Index 8 is not replicated across allthe servers in the pipeline 91d82eec-d61e-45ed-83e6-07dd719309de as the min replicated index is 6. Deletion is not allowed in this container yet.
2019-11-05 08:27:56,278 [EventQueue-ContainerReportForContainerReportHandler] WARN  container.ContainerReportHandler (AbstractContainerReportHandler.java:updateContainerState(145)) - Container #1 is in OPEN state, but the datanode 90c9f5c6-6de3-44e3-8d50-8a1447632052{ip: 192.168.164.217, host: pr-hdds-1643-8bmlk-2934350033, networkLocation: /default-rack, certSerialId: null} reports an CLOSED replica.
2019-11-05 08:27:56,293 [EventQueue-ContainerReportForContainerReportHandler] WARN  container.ContainerReportHandler (AbstractContainerReportHandler.java:updateContainerState(145)) - Container #1 is in OPEN state, but the datanode e618d93a-19a9-4b89-96f3-44f318818422{ip: 192.168.164.217, host: pr-hdds-1643-8bmlk-2934350033, networkLocation: /default-rack, certSerialId: null} reports an CLOSED replica.
2019-11-05 08:27:56,479 [EventQueue-ContainerReportForContainerReportHandler] WARN  container.ContainerReportHandler (AbstractContainerReportHandler.java:updateContainerState(145)) - Container #1 is in OPEN state, but the datanode 90c9f5c6-6de3-44e3-8d50-8a1447632052{ip: 192.168.164.217, host: pr-hdds-1643-8bmlk-2934350033, networkLocation: /default-rack, certSerialId: null} reports an CLOSED replica.
2019-11-05 08:27:56,594 [EventQueue-ContainerReportForContainerReportHandler] WARN  container.ContainerReportHandler (AbstractContainerReportHandler.java:updateContainerState(145)) - Container #1 is in OPEN state, but the datanode e618d93a-19a9-4b89-96f3-44f318818422{ip: 192.168.164.217, host: pr-hdds-1643-8bmlk-2934350033, networkLocation: /default-rack, certSerialId: null} reports an CLOSED replica.
2019-11-05 08:27:56,779 [EventQueue-ContainerReportForContainerReportHandler] WARN  container.ContainerReportHandler (AbstractContainerReportHandler.java:updateContainerState(145)) - Container #1 is in OPEN state, but the datanode 90c9f5c6-6de3-44e3-8d50-8a1447632052{ip: 192.168.164.217, host: pr-hdds-1643-8bmlk-2934350033, networkLocation: /default-rack, certSerialId: null} reports an CLOSED replica.
2019-11-05 08:27:56,894 [EventQueue-ContainerReportForContainerReportHandler] WARN  container.ContainerReportHandler (AbstractContainerReportHandler.java:updateContainerState(145)) - Container #1 is in OPEN state, but the datanode e618d93a-19a9-4b89-96f3-44f318818422{ip: 192.168.164.217, host: pr-hdds-1643-8bmlk-2934350033, networkLocation: /default-rack, certSerialId: null} reports an CLOSED replica.
2019-11-05 08:27:56,968 [BlockDeletingService#2] WARN  background.BlockDeletingService (BlockDeletingService.java:isDeletionAllowed(187)) - Close Container log Index 8 is not replicated across allthe servers in the pipeline 91d82eec-d61e-45ed-83e6-07dd719309de as the min replicated index is 6. Deletion is not allowed in this container yet.
2019-11-05 08:27:56,968 [BlockDeletingService#6] WARN  background.BlockDeletingService (BlockDeletingService.java:isDeletionAllowed(187)) - Close Container log Index 8 is not replicated across allthe servers in the pipeline 91d82eec-d61e-45ed-83e6-07dd719309de as the min replicated index is 6. Deletion is not allowed in this container yet.
2019-11-05 08:27:57,079 [EventQueue-ContainerReportForContainerReportHandler] WARN  container.ContainerReportHandler (AbstractContainerReportHandler.java:updateContainerState(145)) - Container #1 is in OPEN state, but the datanode 90c9f5c6-6de3-44e3-8d50-8a1447632052{ip: 192.168.164.217, host: pr-hdds-1643-8bmlk-2934350033, networkLocation: /default-rack, certSerialId: null} reports an CLOSED replica.
2019-11-05 08:27:57,094 [EventQueue-ContainerReportForContainerReportHandler] WARN  container.ContainerReportHandler (AbstractContainerReportHandler.java:updateContainerState(145)) - Container #1 is in OPEN state, but the datanode e618d93a-19a9-4b89-96f3-44f318818422{ip: 192.168.164.217, host: pr-hdds-1643-8bmlk-2934350033, networkLocation: /default-rack, certSerialId: null} reports an CLOSED replica.
2019-11-05 08:27:57,280 [EventQueue-ContainerReportForContainerReportHandler] WARN  container.ContainerReportHandler (AbstractContainerReportHandler.java:updateContainerState(145)) - Container #1 is in OPEN state, but the datanode 90c9f5c6-6de3-44e3-8d50-8a1447632052{ip: 192.168.164.217, host: pr-hdds-1643-8bmlk-2934350033, networkLocation: /default-rack, certSerialId: null} reports an CLOSED replica.
2019-11-05 08:27:57,289 [java.util.concurrent.ThreadPoolExecutor$Worker@a0f9458[State = -1, empty queue]] WARN  server.GrpcLogAppender (GrpcLogAppender.java:timeoutAppendRequest(209)) - 90c9f5c6-6de3-44e3-8d50-8a1447632052@group-07DD719309DE->6ab6cfca-dbae-4fc7-a842-1fd8eedeb1ff-GrpcLogAppender: appendEntries Timeout, request=90c9f5c6-6de3-44e3-8d50-8a1447632052->6ab6cfca-dbae-4fc7-a842-1fd8eedeb1ff#50-t9, previous=(t:9, i:12), leaderCommit=12, initializing? false, entries: <empty>
2019-11-05 08:27:57,445 [EventQueue-ContainerReportForContainerReportHandler] WARN  container.ContainerReportHandler (AbstractContainerReportHandler.java:updateContainerState(145)) - Container #1 is in OPEN state, but the datanode e618d93a-19a9-4b89-96f3-44f318818422{ip: 192.168.164.217, host: pr-hdds-1643-8bmlk-2934350033, networkLocation: /default-rack, certSerialId: null} reports an CLOSED replica.
2019-11-05 08:27:57,581 [EventQueue-ContainerReportForContainerReportHandler] WARN  container.ContainerReportHandler (AbstractContainerReportHandler.java:updateContainerState(145)) - Container #1 is in OPEN state, but the datanode 90c9f5c6-6de3-44e3-8d50-8a1447632052{ip: 192.168.164.217, host: pr-hdds-1643-8bmlk-2934350033, networkLocation: /default-rack, certSerialId: null} reports an CLOSED replica.
2019-11-05 08:27:57,646 [EventQueue-ContainerReportForContainerReportHandler] WARN  container.ContainerReportHandler (AbstractContainerReportHandler.java:updateContainerState(145)) - Container #1 is in OPEN state, but the datanode e618d93a-19a9-4b89-96f3-44f318818422{ip: 192.168.164.217, host: pr-hdds-1643-8bmlk-2934350033, networkLocation: /default-rack, certSerialId: null} reports an CLOSED replica.
2019-11-05 08:27:57,947 [EventQueue-ContainerReportForContainerReportHandler] WARN  container.ContainerReportHandler (AbstractContainerReportHandler.java:updateContainerState(145)) - Container #1 is in OPEN state, but the datanode e618d93a-19a9-4b89-96f3-44f318818422{ip: 192.168.164.217, host: pr-hdds-1643-8bmlk-2934350033, networkLocation: /default-rack, certSerialId: null} reports an CLOSED replica.
2019-11-05 08:27:57,972 [BlockDeletingService#2] WARN  background.BlockDeletingService (BlockDeletingService.java:isDeletionAllowed(187)) - Close Container log Index 8 is not replicated across allthe servers in the pipeline 91d82eec-d61e-45ed-83e6-07dd719309de as the min replicated index is 6. Deletion is not allowed in this container yet.
2019-11-05 08:27:57,972 [BlockDeletingService#6] WARN  background.BlockDeletingService (BlockDeletingService.java:isDeletionAllowed(187)) - Close Container log Index 8 is not replicated across allthe servers in the pipeline 91d82eec-d61e-45ed-83e6-07dd719309de as the min replicated index is 6. Deletion is not allowed in this container yet.
2019-11-05 08:27:57,981 [EventQueue-ContainerReportForContainerReportHandler] WARN  container.ContainerReportHandler (AbstractContainerReportHandler.java:updateContainerState(145)) - Container #1 is in OPEN state, but the datanode 90c9f5c6-6de3-44e3-8d50-8a1447632052{ip: 192.168.164.217, host: pr-hdds-1643-8bmlk-2934350033, networkLocation: /default-rack, certSerialId: null} reports an CLOSED replica.
2019-11-05 08:27:58,281 [EventQueue-ContainerReportForContainerReportHandler] WARN  container.ContainerReportHandler (AbstractContainerReportHandler.java:updateContainerState(145)) - Container #1 is in OPEN state, but the datanode 90c9f5c6-6de3-44e3-8d50-8a1447632052{ip: 192.168.164.217, host: pr-hdds-1643-8bmlk-2934350033, networkLocation: /default-rack, certSerialId: null} reports an CLOSED replica.
2019-11-05 08:27:58,345 [EventQueue-ContainerReportForContainerReportHandler] WARN  container.ContainerReportHandler (AbstractContainerReportHandler.java:updateContainerState(145)) - Container #1 is in OPEN state, but the datanode e618d93a-19a9-4b89-96f3-44f318818422{ip: 192.168.164.217, host: pr-hdds-1643-8bmlk-2934350033, networkLocation: /default-rack, certSerialId: null} reports an CLOSED replica.
2019-11-05 08:27:58,545 [EventQueue-ContainerReportForContainerReportHandler] WARN  container.ContainerReportHandler (AbstractContainerReportHandler.java:updateContainerState(145)) - Container #1 is in OPEN state, but the datanode e618d93a-19a9-4b89-96f3-44f318818422{ip: 192.168.164.217, host: pr-hdds-1643-8bmlk-2934350033, networkLocation: /default-rack, certSerialId: null} reports an CLOSED replica.
2019-11-05 08:27:58,581 [EventQueue-ContainerReportForContainerReportHandler] WARN  container.ContainerReportHandler (AbstractContainerReportHandler.java:updateContainerState(145)) - Container #1 is in OPEN state, but the datanode 90c9f5c6-6de3-44e3-8d50-8a1447632052{ip: 192.168.164.217, host: pr-hdds-1643-8bmlk-2934350033, networkLocation: /default-rack, certSerialId: null} reports an CLOSED replica.
2019-11-05 08:27:58,845 [EventQueue-ContainerReportForContainerReportHandler] WARN  container.ContainerReportHandler (AbstractContainerReportHandler.java:updateContainerState(145)) - Container #1 is in OPEN state, but the datanode e618d93a-19a9-4b89-96f3-44f318818422{ip: 192.168.164.217, host: pr-hdds-1643-8bmlk-2934350033, networkLocation: /default-rack, certSerialId: null} reports an CLOSED replica.
2019-11-05 08:27:58,881 [EventQueue-ContainerReportForContainerReportHandler] WARN  container.ContainerReportHandler (AbstractContainerReportHandler.java:updateContainerState(145)) - Container #1 is in OPEN state, but the datanode 90c9f5c6-6de3-44e3-8d50-8a1447632052{ip: 192.168.164.217, host: pr-hdds-1643-8bmlk-2934350033, networkLocation: /default-rack, certSerialId: null} reports an CLOSED replica.
2019-11-05 08:27:58,973 [BlockDeletingService#2] WARN  background.BlockDeletingService (BlockDeletingService.java:isDeletionAllowed(187)) - Close Container log Index 8 is not replicated across allthe servers in the pipeline 91d82eec-d61e-45ed-83e6-07dd719309de as the min replicated index is 6. Deletion is not allowed in this container yet.
2019-11-05 08:27:58,974 [BlockDeletingService#6] WARN  background.BlockDeletingService (BlockDeletingService.java:isDeletionAllowed(187)) - Close Container log Index 8 is not replicated across allthe servers in the pipeline 91d82eec-d61e-45ed-83e6-07dd719309de as the min replicated index is 6. Deletion is not allowed in this container yet.
2019-11-05 08:27:59,045 [EventQueue-ContainerReportForContainerReportHandler] WARN  container.ContainerReportHandler (AbstractContainerReportHandler.java:updateContainerState(145)) - Container #1 is in OPEN state, but the datanode e618d93a-19a9-4b89-96f3-44f318818422{ip: 192.168.164.217, host: pr-hdds-1643-8bmlk-2934350033, networkLocation: /default-rack, certSerialId: null} reports an CLOSED replica.
2019-11-05 08:27:59,180 [EventQueue-ContainerReportForContainerReportHandler] WARN  container.ContainerReportHandler (AbstractContainerReportHandler.java:updateContainerState(145)) - Container #1 is in OPEN state, but the datanode 90c9f5c6-6de3-44e3-8d50-8a1447632052{ip: 192.168.164.217, host: pr-hdds-1643-8bmlk-2934350033, networkLocation: /default-rack, certSerialId: null} reports an CLOSED replica.
2019-11-05 08:27:59,347 [EventQueue-ContainerReportForContainerReportHandler] WARN  container.ContainerReportHandler (AbstractContainerReportHandler.java:updateContainerState(145)) - Container #1 is in OPEN state, but the datanode e618d93a-19a9-4b89-96f3-44f318818422{ip: 192.168.164.217, host: pr-hdds-1643-8bmlk-2934350033, networkLocation: /default-rack, certSerialId: null} reports an CLOSED replica.
2019-11-05 08:27:59,581 [EventQueue-ContainerReportForContainerReportHandler] WARN  container.ContainerReportHandler (AbstractContainerReportHandler.java:updateContainerState(145)) - Container #1 is in OPEN state, but the datanode 90c9f5c6-6de3-44e3-8d50-8a1447632052{ip: 192.168.164.217, host: pr-hdds-1643-8bmlk-2934350033, networkLocation: /default-rack, certSerialId: null} reports an CLOSED replica.
2019-11-05 08:27:59,747 [EventQueue-ContainerReportForContainerReportHandler] WARN  container.ContainerReportHandler (AbstractContainerReportHandler.java:updateContainerState(145)) - Container #1 is in OPEN state, but the datanode e618d93a-19a9-4b89-96f3-44f318818422{ip: 192.168.164.217, host: pr-hdds-1643-8bmlk-2934350033, networkLocation: /default-rack, certSerialId: null} reports an CLOSED replica.
2019-11-05 08:27:59,789 [java.util.concurrent.ThreadPoolExecutor$Worker@a0f9458[State = -1, empty queue]] WARN  server.GrpcLogAppender (GrpcLogAppender.java:timeoutAppendRequest(209)) - 90c9f5c6-6de3-44e3-8d50-8a1447632052@group-07DD719309DE->6ab6cfca-dbae-4fc7-a842-1fd8eedeb1ff-GrpcLogAppender: appendEntries Timeout, request=90c9f5c6-6de3-44e3-8d50-8a1447632052->6ab6cfca-dbae-4fc7-a842-1fd8eedeb1ff#51-t9, previous=(t:9, i:12), leaderCommit=12, initializing? false, entries: <empty>
2019-11-05 08:27:59,948 [EventQueue-ContainerReportForContainerReportHandler] WARN  container.ContainerReportHandler (AbstractContainerReportHandler.java:updateContainerState(145)) - Container #1 is in OPEN state, but the datanode e618d93a-19a9-4b89-96f3-44f318818422{ip: 192.168.164.217, host: pr-hdds-1643-8bmlk-2934350033, networkLocation: /default-rack, certSerialId: null} reports an CLOSED replica.
2019-11-05 08:27:59,976 [BlockDeletingService#2] WARN  background.BlockDeletingService (BlockDeletingService.java:isDeletionAllowed(187)) - Close Container log Index 8 is not replicated across allthe servers in the pipeline 91d82eec-d61e-45ed-83e6-07dd719309de as the min replicated index is 6. Deletion is not allowed in this container yet.
2019-11-05 08:27:59,976 [BlockDeletingService#6] WARN  background.BlockDeletingService (BlockDeletingService.java:isDeletionAllowed(187)) - Close Container log Index 8 is not replicated across allthe servers in the pipeline 91d82eec-d61e-45ed-83e6-07dd719309de as the min replicated index is 6. Deletion is not allowed in this container yet.
2019-11-05 08:27:59,981 [EventQueue-ContainerReportForContainerReportHandler] WARN  container.ContainerReportHandler (AbstractContainerReportHandler.java:updateContainerState(145)) - Container #1 is in OPEN state, but the datanode 90c9f5c6-6de3-44e3-8d50-8a1447632052{ip: 192.168.164.217, host: pr-hdds-1643-8bmlk-2934350033, networkLocation: /default-rack, certSerialId: null} reports an CLOSED replica.
2019-11-05 08:28:00,246 [EventQueue-ContainerReportForContainerReportHandler] WARN  container.ContainerReportHandler (AbstractContainerReportHandler.java:updateContainerState(145)) - Container #1 is in OPEN state, but the datanode e618d93a-19a9-4b89-96f3-44f318818422{ip: 192.168.164.217, host: pr-hdds-1643-8bmlk-2934350033, networkLocation: /default-rack, certSerialId: null} reports an CLOSED replica.
2019-11-05 08:28:00,281 [EventQueue-ContainerReportForContainerReportHandler] WARN  container.ContainerReportHandler (AbstractContainerReportHandler.java:updateContainerState(145)) - Container #1 is in OPEN state, but the datanode 90c9f5c6-6de3-44e3-8d50-8a1447632052{ip: 192.168.164.217, host: pr-hdds-1643-8bmlk-2934350033, networkLocation: /default-rack, certSerialId: null} reports an CLOSED replica.
2019-11-05 08:28:00,581 [EventQueue-ContainerReportForContainerReportHandler] WARN  container.ContainerReportHandler (AbstractContainerReportHandler.java:updateContainerState(145)) - Container #1 is in OPEN state, but the datanode 90c9f5c6-6de3-44e3-8d50-8a1447632052{ip: 192.168.164.217, host: pr-hdds-1643-8bmlk-2934350033, networkLocation: /default-rack, certSerialId: null} reports an CLOSED replica.
2019-11-05 08:28:00,655 [EventQueue-ContainerReportForContainerReportHandler] WARN  container.ContainerReportHandler (AbstractContainerReportHandler.java:updateContainerState(145)) - Container #1 is in OPEN state, but the datanode e618d93a-19a9-4b89-96f3-44f318818422{ip: 192.168.164.217, host: pr-hdds-1643-8bmlk-2934350033, networkLocation: /default-rack, certSerialId: null} reports an CLOSED replica.
2019-11-05 08:28:00,781 [EventQueue-ContainerReportForContainerReportHandler] WARN  container.ContainerReportHandler (AbstractContainerReportHandler.java:updateContainerState(145)) - Container #1 is in OPEN state, but the datanode 90c9f5c6-6de3-44e3-8d50-8a1447632052{ip: 192.168.164.217, host: pr-hdds-1643-8bmlk-2934350033, networkLocation: /default-rack, certSerialId: null} reports an CLOSED replica.
2019-11-05 08:28:00,949 [EventQueue-ContainerReportForContainerReportHandler] WARN  container.ContainerReportHandler (AbstractContainerReportHandler.java:updateContainerState(145)) - Container #1 is in OPEN state, but the datanode e618d93a-19a9-4b89-96f3-44f318818422{ip: 192.168.164.217, host: pr-hdds-1643-8bmlk-2934350033, networkLocation: /default-rack, certSerialId: null} reports an CLOSED replica.
2019-11-05 08:28:00,978 [BlockDeletingService#2] WARN  background.BlockDeletingService (BlockDeletingService.java:isDeletionAllowed(187)) - Close Container log Index 8 is not replicated across allthe servers in the pipeline 91d82eec-d61e-45ed-83e6-07dd719309de as the min replicated index is 6. Deletion is not allowed in this container yet.
2019-11-05 08:28:00,978 [BlockDeletingService#6] WARN  background.BlockDeletingService (BlockDeletingService.java:isDeletionAllowed(187)) - Close Container log Index 8 is not replicated across allthe servers in the pipeline 91d82eec-d61e-45ed-83e6-07dd719309de as the min replicated index is 6. Deletion is not allowed in this container yet.
2019-11-05 08:28:01,081 [EventQueue-ContainerReportForContainerReportHandler] WARN  container.ContainerReportHandler (AbstractContainerReportHandler.java:updateContainerState(145)) - Container #1 is in OPEN state, but the datanode 90c9f5c6-6de3-44e3-8d50-8a1447632052{ip: 192.168.164.217, host: pr-hdds-1643-8bmlk-2934350033, networkLocation: /default-rack, certSerialId: null} reports an CLOSED replica.
2019-11-05 08:28:01,283 [EventQueue-ContainerReportForContainerReportHandler] WARN  container.ContainerReportHandler (AbstractContainerReportHandler.java:updateContainerState(145)) - Container #1 is in OPEN state, but the datanode 90c9f5c6-6de3-44e3-8d50-8a1447632052{ip: 192.168.164.217, host: pr-hdds-1643-8bmlk-2934350033, networkLocation: /default-rack, certSerialId: null} reports an CLOSED replica.
2019-11-05 08:28:01,349 [EventQueue-ContainerReportForContainerReportHandler] WARN  container.ContainerReportHandler (AbstractContainerReportHandler.java:updateContainerState(145)) - Container #1 is in OPEN state, but the datanode e618d93a-19a9-4b89-96f3-44f318818422{ip: 192.168.164.217, host: pr-hdds-1643-8bmlk-2934350033, networkLocation: /default-rack, certSerialId: null} reports an CLOSED replica.
2019-11-05 08:28:01,463 [EventQueue-StaleNodeForStaleNodeHandler] INFO  node.StaleNodeHandler (StaleNodeHandler.java:onMessage(58)) - Datanode 6ab6cfca-dbae-4fc7-a842-1fd8eedeb1ff{ip: 192.168.164.217, host: pr-hdds-1643-8bmlk-2934350033, networkLocation: /default-rack, certSerialId: null} moved to stale state. Finalizing its pipelines [PipelineID=91d82eec-d61e-45ed-83e6-07dd719309de, PipelineID=edd6f7dc-d9fa-480e-b801-d5e7c4f9b5f6]
2019-11-05 08:28:01,464 [EventQueue-StaleNodeForStaleNodeHandler] INFO  pipeline.SCMPipelineManager (SCMPipelineManager.java:finalizeAndDestroyPipeline(315)) - destroying pipeline:Pipeline[ Id: 91d82eec-d61e-45ed-83e6-07dd719309de, Nodes: e618d93a-19a9-4b89-96f3-44f318818422{ip: 192.168.164.217, host: pr-hdds-1643-8bmlk-2934350033, networkLocation: /default-rack, certSerialId: null}90c9f5c6-6de3-44e3-8d50-8a1447632052{ip: 192.168.164.217, host: pr-hdds-1643-8bmlk-2934350033, networkLocation: /default-rack, certSerialId: null}6ab6cfca-dbae-4fc7-a842-1fd8eedeb1ff{ip: 192.168.164.217, host: pr-hdds-1643-8bmlk-2934350033, networkLocation: /default-rack, certSerialId: null}, Type:RATIS, Factor:THREE, State:OPEN]
2019-11-05 08:28:01,467 [EventQueue-StaleNodeForStaleNodeHandler] INFO  pipeline.PipelineStateManager (PipelineStateManager.java:finalizePipeline(123)) - Pipeline Pipeline[ Id: 91d82eec-d61e-45ed-83e6-07dd719309de, Nodes: e618d93a-19a9-4b89-96f3-44f318818422{ip: 192.168.164.217, host: pr-hdds-1643-8bmlk-2934350033, networkLocation: /default-rack, certSerialId: null}90c9f5c6-6de3-44e3-8d50-8a1447632052{ip: 192.168.164.217, host: pr-hdds-1643-8bmlk-2934350033, networkLocation: /default-rack, certSerialId: null}6ab6cfca-dbae-4fc7-a842-1fd8eedeb1ff{ip: 192.168.164.217, host: pr-hdds-1643-8bmlk-2934350033, networkLocation: /default-rack, certSerialId: null}, Type:RATIS, Factor:THREE, State:CLOSED] moved to CLOSED state
2019-11-05 08:28:01,468 [EventQueue-CloseContainerForCloseContainerEventHandler] INFO  container.CloseContainerEventHandler (CloseContainerEventHandler.java:onMessage(61)) - Close container Event triggered for container : #1
2019-11-05 08:28:01,474 [EventQueue-StaleNodeForStaleNodeHandler] INFO  pipeline.SCMPipelineManager (SCMPipelineManager.java:finalizeAndDestroyPipeline(315)) - destroying pipeline:Pipeline[ Id: edd6f7dc-d9fa-480e-b801-d5e7c4f9b5f6, Nodes: 6ab6cfca-dbae-4fc7-a842-1fd8eedeb1ff{ip: 192.168.164.217, host: pr-hdds-1643-8bmlk-2934350033, networkLocation: /default-rack, certSerialId: null}, Type:RATIS, Factor:ONE, State:OPEN]
2019-11-05 08:28:01,476 [EventQueue-StaleNodeForStaleNodeHandler] INFO  pipeline.PipelineStateManager (PipelineStateManager.java:finalizePipeline(123)) - Pipeline Pipeline[ Id: edd6f7dc-d9fa-480e-b801-d5e7c4f9b5f6, Nodes: 6ab6cfca-dbae-4fc7-a842-1fd8eedeb1ff{ip: 192.168.164.217, host: pr-hdds-1643-8bmlk-2934350033, networkLocation: /default-rack, certSerialId: null}, Type:RATIS, Factor:ONE, State:CLOSED] moved to CLOSED state
2019-11-05 08:28:01,581 [EventQueue-ContainerReportForContainerReportHandler] INFO  container.ContainerReportHandler (AbstractContainerReportHandler.java:updateContainerState(178)) - Moving container #1 to CLOSED state, datanode 90c9f5c6-6de3-44e3-8d50-8a1447632052{ip: 192.168.164.217, host: pr-hdds-1643-8bmlk-2934350033, networkLocation: /default-rack, certSerialId: null} reported CLOSED replica.
2019-11-05 08:28:01,980 [BlockDeletingService#2] WARN  background.BlockDeletingService (BlockDeletingService.java:isDeletionAllowed(187)) - Close Container log Index 8 is not replicated across allthe servers in the pipeline 91d82eec-d61e-45ed-83e6-07dd719309de as the min replicated index is 6. Deletion is not allowed in this container yet.
2019-11-05 08:28:01,980 [BlockDeletingService#6] WARN  background.BlockDeletingService (BlockDeletingService.java:isDeletionAllowed(187)) - Close Container log Index 8 is not replicated across allthe servers in the pipeline 91d82eec-d61e-45ed-83e6-07dd719309de as the min replicated index is 6. Deletion is not allowed in this container yet.
2019-11-05 08:28:02,290 [java.util.concurrent.ThreadPoolExecutor$Worker@a0f9458[State = -1, empty queue]] WARN  server.GrpcLogAppender (GrpcLogAppender.java:timeoutAppendRequest(209)) - 90c9f5c6-6de3-44e3-8d50-8a1447632052@group-07DD719309DE->6ab6cfca-dbae-4fc7-a842-1fd8eedeb1ff-GrpcLogAppender: appendEntries Timeout, request=90c9f5c6-6de3-44e3-8d50-8a1447632052->6ab6cfca-dbae-4fc7-a842-1fd8eedeb1ff#52-t9, previous=(t:9, i:12), leaderCommit=12, initializing? false, entries: <empty>
2019-11-05 08:28:02,580 [SCMBlockDeletingService#0] INFO  block.SCMBlockDeletingService (SCMBlockDeletingService.java:call(184)) - Totally added 3 delete blocks command for 3 datanodes, task elapsed time: 5ms
2019-11-05 08:28:02,682 [EventQueue-PendingDeleteStatusForPendingDeleteHandler] INFO  block.SCMBlockDeletingService (SCMBlockDeletingService.java:handlePendingDeletes(115)) - Block deletion txnID mismatch in datanode 90c9f5c6-6de3-44e3-8d50-8a1447632052 for containerID 1. Datanode delete txnID: 0, SCM txnID: 1
2019-11-05 08:28:02,783 [Command processor thread] INFO  commandhandler.DeleteBlocksCommandHandler (DeleteBlocksCommandHandler.java:handle(106)) - Start to delete container blocks, TXIDs=[1(0)], numOfContainers=1, numOfBlocks=1
2019-11-05 08:28:02,848 [main] INFO  impl.MetricsSystemImpl (MetricsSystemImpl.java:init(158)) - HddsDatanode metrics system started (again)
2019-11-05 08:28:02,898 [main] INFO  ozone.HddsDatanodeService (HddsDatanodeService.java:start(184)) - HddsDatanodeService host:pr-hdds-1643-8bmlk-2934350033 ip:192.168.164.217
2019-11-05 08:28:02,902 [main] INFO  volume.VolumeUsage (VolumeUsage.java:loadScmUsed(144)) - Cached ScmUsed found for /workdir/hadoop-ozone/integration-test/target/test-dir/MiniOzoneClusterImpl-02b65e86-f8bb-4f05-a146-5b32a27149c8/datanode-2/data/containers : 4096 
2019-11-05 08:28:02,903 [main] INFO  volume.HddsVolume (HddsVolume.java:<init>(176)) - Creating Volume: /workdir/hadoop-ozone/integration-test/target/test-dir/MiniOzoneClusterImpl-02b65e86-f8bb-4f05-a146-5b32a27149c8/datanode-2/data/containers/hdds of  storage type : DISK and capacity : 1482555576320
2019-11-05 08:28:02,903 [main] INFO  volume.VolumeSet (VolumeSet.java:initializeVolumeSet(170)) - Added Volume : /workdir/hadoop-ozone/integration-test/target/test-dir/MiniOzoneClusterImpl-02b65e86-f8bb-4f05-a146-5b32a27149c8/datanode-2/data/containers/hdds to VolumeSet
2019-11-05 08:28:02,904 [main] INFO  volume.ThrottledAsyncChecker (ThrottledAsyncChecker.java:schedule(141)) - Scheduling a check for /workdir/hadoop-ozone/integration-test/target/test-dir/MiniOzoneClusterImpl-02b65e86-f8bb-4f05-a146-5b32a27149c8/datanode-2/data/containers/hdds
2019-11-05 08:28:02,904 [main] INFO  volume.HddsVolumeChecker (HddsVolumeChecker.java:checkAllVolumes(204)) - Scheduled health check for volume /workdir/hadoop-ozone/integration-test/target/test-dir/MiniOzoneClusterImpl-02b65e86-f8bb-4f05-a146-5b32a27149c8/datanode-2/data/containers/hdds
2019-11-05 08:28:02,942 [main] INFO  impl.RaftServerProxy (ConfUtils.java:logGet(43)) - raft.rpc.type = GRPC (default)
2019-11-05 08:28:02,943 [main] INFO  grpc.GrpcFactory (GrpcFactory.java:checkPooledByteBufAllocatorUseCacheForAllThreads(45)) - PERFORMANCE WARNING: useCacheForAllThreads is true that may cause Netty to create a lot garbage objects and, as a result, trigger GC.
	It is recommended to disable useCacheForAllThreads by setting -Dorg.apache.ratis.thirdparty.io.netty.allocator.useCacheForAllThreads=false in command line.
2019-11-05 08:28:02,943 [main] INFO  grpc.GrpcConfigKeys$Server (ConfUtils.java:logGet(43)) - raft.grpc.server.port = 40408 (custom)
2019-11-05 08:28:02,943 [main] INFO  server.GrpcService (ConfUtils.java:logGet(43)) - raft.grpc.message.size.max = 33570816 (custom)
2019-11-05 08:28:02,944 [main] INFO  server.RaftServerConfigKeys (ConfUtils.java:logGet(43)) - raft.server.log.appender.buffer.byte-limit = 33554432 (custom)
2019-11-05 08:28:02,944 [main] INFO  server.GrpcService (ConfUtils.java:logGet(43)) - raft.grpc.flow.control.window = 1MB (=1048576) (default)
2019-11-05 08:28:02,944 [main] INFO  server.RaftServerConfigKeys (ConfUtils.java:logGet(43)) - raft.server.rpc.request.timeout = 3000ms (default)
2019-11-05 08:28:02,945 [main] INFO  server.RaftServerConfigKeys (ConfUtils.java:logGet(43)) - raft.server.storage.dir = [/workdir/hadoop-ozone/integration-test/target/test-dir/MiniOzoneClusterImpl-02b65e86-f8bb-4f05-a146-5b32a27149c8/datanode-2/data/ratis] (custom)
2019-11-05 08:28:02,945 [main] INFO  impl.RaftServerProxy (RaftServerProxy.java:lambda$null$0(191)) - 6ab6cfca-dbae-4fc7-a842-1fd8eedeb1ff: found a subdirectory /workdir/hadoop-ozone/integration-test/target/test-dir/MiniOzoneClusterImpl-02b65e86-f8bb-4f05-a146-5b32a27149c8/datanode-2/data/ratis/edd6f7dc-d9fa-480e-b801-d5e7c4f9b5f6
2019-11-05 08:28:02,946 [main] INFO  impl.RaftServerProxy (RaftServerProxy.java:addNew(89)) - 6ab6cfca-dbae-4fc7-a842-1fd8eedeb1ff: addNew group-D5E7C4F9B5F6:[] returns group-D5E7C4F9B5F6:java.util.concurrent.CompletableFuture@69f0b0f4[Not completed]
2019-11-05 08:28:02,947 [main] INFO  impl.RaftServerProxy (RaftServerProxy.java:lambda$null$0(191)) - 6ab6cfca-dbae-4fc7-a842-1fd8eedeb1ff: found a subdirectory /workdir/hadoop-ozone/integration-test/target/test-dir/MiniOzoneClusterImpl-02b65e86-f8bb-4f05-a146-5b32a27149c8/datanode-2/data/ratis/91d82eec-d61e-45ed-83e6-07dd719309de
2019-11-05 08:28:02,947 [main] INFO  impl.RaftServerProxy (RaftServerProxy.java:addNew(89)) - 6ab6cfca-dbae-4fc7-a842-1fd8eedeb1ff: addNew group-07DD719309DE:[] returns group-07DD719309DE:java.util.concurrent.CompletableFuture@66933239[Not completed]
2019-11-05 08:28:02,950 [pool-59-thread-1] INFO  impl.RaftServerImpl (RaftServerImpl.java:<init>(104)) - 6ab6cfca-dbae-4fc7-a842-1fd8eedeb1ff: new RaftServerImpl for group-D5E7C4F9B5F6:[] with ContainerStateMachine:uninitialized
2019-11-05 08:28:02,951 [pool-59-thread-1] INFO  server.RaftServerConfigKeys (ConfUtils.java:logGet(43)) - raft.server.rpc.timeout.min = 5s (custom)
2019-11-05 08:28:02,951 [pool-59-thread-1] INFO  server.RaftServerConfigKeys (ConfUtils.java:logGet(43)) - raft.server.rpc.timeout.max = 5200ms (custom)
2019-11-05 08:28:02,951 [pool-59-thread-1] INFO  server.RaftServerConfigKeys (ConfUtils.java:logGet(43)) - raft.server.rpcslowness.timeout = 1000s (custom)
2019-11-05 08:28:02,951 [pool-59-thread-1] INFO  server.RaftServerConfigKeys (ConfUtils.java:logGet(43)) - raft.server.sleep.deviation.threshold = 300 (default)
2019-11-05 08:28:02,951 [pool-59-thread-1] INFO  server.RaftServerConfigKeys (ConfUtils.java:logGet(43)) - raft.server.log.appender.install.snapshot.enabled = false (custom)
2019-11-05 08:28:02,951 [pool-59-thread-1] INFO  impl.RaftServerImpl (ServerState.java:<init>(103)) - 6ab6cfca-dbae-4fc7-a842-1fd8eedeb1ff@group-D5E7C4F9B5F6: ConfigurationManager, init=-1: [], old=null, confs=<EMPTY_MAP>
2019-11-05 08:28:02,951 [EventQueue-PendingDeleteStatusForPendingDeleteHandler] INFO  block.SCMBlockDeletingService (SCMBlockDeletingService.java:handlePendingDeletes(115)) - Block deletion txnID mismatch in datanode e618d93a-19a9-4b89-96f3-44f318818422 for containerID 1. Datanode delete txnID: 0, SCM txnID: 1
2019-11-05 08:28:02,951 [pool-59-thread-1] INFO  server.RaftServerConfigKeys (ConfUtils.java:logGet(43)) - raft.server.storage.dir = [/workdir/hadoop-ozone/integration-test/target/test-dir/MiniOzoneClusterImpl-02b65e86-f8bb-4f05-a146-5b32a27149c8/datanode-2/data/ratis] (custom)
2019-11-05 08:28:02,952 [pool-59-thread-1] INFO  server.RaftServerConfigKeys (ConfUtils.java:logGet(43)) - raft.server.log.corruption.policy = EXCEPTION (default)
2019-11-05 08:28:02,953 [main] INFO  hdfs.DFSUtil (DFSUtil.java:httpServerTemplateForNNAndJN(1641)) - Starting Web-server for hddsDatanode at: http://0.0.0.0:32933
2019-11-05 08:28:02,956 [main] INFO  server.AuthenticationFilter (AuthenticationFilter.java:constructSecretProvider(240)) - Unable to initialize FileSignerSecretProvider, falling back to use random secrets.
2019-11-05 08:28:02,957 [main] WARN  http.HttpRequestLog (HttpRequestLog.java:getRequestLog(97)) - Jetty request log can only be enabled using Log4j
2019-11-05 08:28:02,961 [main] INFO  http.HttpServer2 (HttpServer2.java:addGlobalFilter(975)) - Added global filter 'safety' (class=org.apache.hadoop.http.HttpServer2$QuotingInputFilter)
2019-11-05 08:28:02,962 [main] INFO  http.HttpServer2 (HttpServer2.java:addFilter(948)) - Added filter static_user_filter (class=org.apache.hadoop.http.lib.StaticUserWebFilter$StaticUserFilter) to context hddsDatanode
2019-11-05 08:28:02,962 [main] INFO  http.HttpServer2 (HttpServer2.java:addFilter(958)) - Added filter static_user_filter (class=org.apache.hadoop.http.lib.StaticUserWebFilter$StaticUserFilter) to context logs
2019-11-05 08:28:02,962 [main] INFO  http.HttpServer2 (HttpServer2.java:addFilter(958)) - Added filter static_user_filter (class=org.apache.hadoop.http.lib.StaticUserWebFilter$StaticUserFilter) to context static
2019-11-05 08:28:02,964 [main] INFO  http.HttpServer2 (HttpServer2.java:bindListener(1191)) - Jetty bound to port 32933
2019-11-05 08:28:02,964 [pool-59-thread-1] INFO  storage.RaftStorageDirectory (RaftStorageDirectory.java:tryLock(328)) - Lock on /workdir/hadoop-ozone/integration-test/target/test-dir/MiniOzoneClusterImpl-02b65e86-f8bb-4f05-a146-5b32a27149c8/datanode-2/data/ratis/edd6f7dc-d9fa-480e-b801-d5e7c4f9b5f6/in_use.lock acquired by nodename 2662@pr-hdds-1643-8bmlk-2934350033
2019-11-05 08:28:02,964 [main] INFO  server.Server (Server.java:doStart(351)) - jetty-9.3.25.v20180904, build timestamp: 2018-09-04T21:11:46Z, git hash: 3ce520221d0240229c862b122d2b06c12a625732
2019-11-05 08:28:02,965 [pool-59-thread-1] INFO  ratis.ContainerStateMachine (ContainerStateMachine.java:loadSnapshot(231)) - group-D5E7C4F9B5F6: The snapshot info is null. Setting the last applied indexto:(t:0, i:~)
2019-11-05 08:28:02,966 [pool-59-thread-1] INFO  server.RaftServerConfigKeys (ConfUtils.java:logGet(43)) - raft.server.notification.no-leader.timeout = 1000s (custom)
2019-11-05 08:28:02,966 [pool-59-thread-1] INFO  server.RaftServerConfigKeys (ConfUtils.java:logGet(43)) - raft.server.log.use.memory = false (default)
2019-11-05 08:28:02,966 [pool-59-thread-1] INFO  server.RaftServerConfigKeys (ConfUtils.java:logGet(43)) - raft.server.log.purge.gap = 1000000 (custom)
2019-11-05 08:28:02,966 [pool-59-thread-1] INFO  server.RaftServerConfigKeys (ConfUtils.java:logGet(43)) - raft.server.log.appender.buffer.byte-limit = 33554432 (custom)
2019-11-05 08:28:02,966 [pool-59-thread-1] INFO  server.RaftServerConfigKeys (ConfUtils.java:logGet(43)) - raft.server.log.segment.size.max = 1048576 (custom)
2019-11-05 08:28:02,967 [pool-59-thread-1] INFO  server.RaftServerConfigKeys (ConfUtils.java:logGet(43)) - raft.server.log.segment.cache.num.max = 2 (custom)
2019-11-05 08:28:02,967 [pool-59-thread-1] INFO  segmented.SegmentedRaftLogWorker (SegmentedRaftLogWorker.java:<init>(173)) - new 6ab6cfca-dbae-4fc7-a842-1fd8eedeb1ff@group-D5E7C4F9B5F6-SegmentedRaftLogWorker for RaftStorage:Storage Directory /workdir/hadoop-ozone/integration-test/target/test-dir/MiniOzoneClusterImpl-02b65e86-f8bb-4f05-a146-5b32a27149c8/datanode-2/data/ratis/edd6f7dc-d9fa-480e-b801-d5e7c4f9b5f6
2019-11-05 08:28:02,967 [pool-59-thread-1] INFO  server.RaftServerConfigKeys (ConfUtils.java:logGet(43)) - raft.server.log.queue.byte-limit = 2147483647 (custom)
2019-11-05 08:28:02,967 [main] INFO  handler.ContextHandler (ContextHandler.java:doStart(781)) - Started o.e.j.s.ServletContextHandler@1d61a348{/logs,file:///workdir/hadoop-ozone/integration-test/target/log,AVAILABLE}
2019-11-05 08:28:02,967 [pool-59-thread-1] INFO  server.RaftServerConfigKeys (ConfUtils.java:logGet(43)) - raft.server.log.queue.element-limit = 1024 (custom)
2019-11-05 08:28:02,968 [pool-59-thread-1] INFO  server.RaftServerConfigKeys (ConfUtils.java:logGet(43)) - raft.server.log.segment.size.max = 1048576 (custom)
2019-11-05 08:28:02,968 [pool-59-thread-1] INFO  server.RaftServerConfigKeys (ConfUtils.java:logGet(43)) - raft.server.log.preallocated.size = 16384 (custom)
2019-11-05 08:28:02,968 [pool-59-thread-1] INFO  server.RaftServerConfigKeys (ConfUtils.java:logGet(43)) - raft.server.log.write.buffer.size = 33554432 (custom)
2019-11-05 08:28:02,968 [main] INFO  handler.ContextHandler (ContextHandler.java:doStart(781)) - Started o.e.j.s.ServletContextHandler@d2291de{/static,jar:file:/home/user/.m2/repository/org/apache/hadoop/hadoop-hdds-container-service/0.5.0-SNAPSHOT/hadoop-hdds-container-service-0.5.0-SNAPSHOT.jar!/webapps/static,AVAILABLE}
2019-11-05 08:28:02,968 [pool-59-thread-1] INFO  server.RaftServerConfigKeys (ConfUtils.java:logGet(43)) - raft.server.log.force.sync.num = 128 (default)
2019-11-05 08:28:02,969 [pool-59-thread-1] INFO  server.RaftServerConfigKeys (ConfUtils.java:logGet(43)) - raft.server.log.statemachine.data.sync = true (default)
2019-11-05 08:28:02,969 [pool-59-thread-1] INFO  server.RaftServerConfigKeys (ConfUtils.java:logGet(43)) - raft.server.log.statemachine.data.sync.timeout = 10s (default)
2019-11-05 08:28:02,969 [pool-59-thread-1] INFO  server.RaftServerConfigKeys (ConfUtils.java:logGet(43)) - raft.server.log.statemachine.data.sync.timeout.retry = -1 (default)
2019-11-05 08:28:02,969 [pool-59-thread-1] INFO  server.RaftServerConfigKeys (ConfUtils.java:logGet(43)) - raft.server.log.statemachine.data.caching.enabled = true (custom)
2019-11-05 08:28:02,978 [pool-59-thread-1] INFO  impl.RaftServerImpl (ServerState.java:setRaftConf(357)) - 6ab6cfca-dbae-4fc7-a842-1fd8eedeb1ff@group-D5E7C4F9B5F6: set configuration 0: [6ab6cfca-dbae-4fc7-a842-1fd8eedeb1ff:192.168.164.217:40408], old=null at 0
2019-11-05 08:28:02,979 [pool-59-thread-1] INFO  segmented.LogSegment (LogSegment.java:loadSegment(140)) - Successfully read 1 entries from segment file /workdir/hadoop-ozone/integration-test/target/test-dir/MiniOzoneClusterImpl-02b65e86-f8bb-4f05-a146-5b32a27149c8/datanode-2/data/ratis/edd6f7dc-d9fa-480e-b801-d5e7c4f9b5f6/current/log_inprogress_0
2019-11-05 08:28:02,980 [pool-59-thread-1] INFO  segmented.SegmentedRaftLogWorker (SegmentedRaftLogWorker.java:lambda$new$0(128)) - 6ab6cfca-dbae-4fc7-a842-1fd8eedeb1ff@group-D5E7C4F9B5F6-SegmentedRaftLogWorker: flushIndex: setUnconditionally 0 -> 0
2019-11-05 08:28:02,982 [BlockDeletingService#2] WARN  background.BlockDeletingService (BlockDeletingService.java:isDeletionAllowed(187)) - Close Container log Index 8 is not replicated across allthe servers in the pipeline 91d82eec-d61e-45ed-83e6-07dd719309de as the min replicated index is 6. Deletion is not allowed in this container yet.
2019-11-05 08:28:02,982 [BlockDeletingService#6] WARN  background.BlockDeletingService (BlockDeletingService.java:isDeletionAllowed(187)) - Close Container log Index 8 is not replicated across allthe servers in the pipeline 91d82eec-d61e-45ed-83e6-07dd719309de as the min replicated index is 6. Deletion is not allowed in this container yet.
2019-11-05 08:28:03,013 [pool-59-thread-1] INFO  server.RaftServerConfigKeys (ConfUtils.java:logGet(43)) - raft.server.snapshot.auto.trigger.enabled = true (custom)
2019-11-05 08:28:03,013 [pool-59-thread-1] INFO  server.RaftServerConfigKeys (ConfUtils.java:logGet(43)) - raft.server.snapshot.auto.trigger.threshold = 10000 (custom)
2019-11-05 08:28:03,013 [pool-59-thread-1] INFO  server.RaftServerConfigKeys (ConfUtils.java:logGet(43)) - raft.server.snapshot.retention.file.num = 5 (custom)
2019-11-05 08:28:03,013 [pool-59-thread-1] INFO  server.RaftServerConfigKeys (ConfUtils.java:logGet(43)) - raft.server.retrycache.expirytime = 600000ms (custom)
2019-11-05 08:28:03,015 [pool-59-thread-1] INFO  impl.RaftServerImpl (RaftServerImpl.java:<init>(104)) - 6ab6cfca-dbae-4fc7-a842-1fd8eedeb1ff: new RaftServerImpl for group-07DD719309DE:[] with ContainerStateMachine:uninitialized
2019-11-05 08:28:03,015 [pool-59-thread-1] INFO  server.RaftServerConfigKeys (ConfUtils.java:logGet(43)) - raft.server.rpc.timeout.min = 5s (custom)
2019-11-05 08:28:03,015 [pool-59-thread-1] INFO  server.RaftServerConfigKeys (ConfUtils.java:logGet(43)) - raft.server.rpc.timeout.max = 5200ms (custom)
2019-11-05 08:28:03,016 [pool-59-thread-1] INFO  server.RaftServerConfigKeys (ConfUtils.java:logGet(43)) - raft.server.rpcslowness.timeout = 1000s (custom)
2019-11-05 08:28:03,016 [pool-59-thread-1] INFO  server.RaftServerConfigKeys (ConfUtils.java:logGet(43)) - raft.server.sleep.deviation.threshold = 300 (default)
2019-11-05 08:28:03,016 [pool-59-thread-1] INFO  server.RaftServerConfigKeys (ConfUtils.java:logGet(43)) - raft.server.log.appender.install.snapshot.enabled = false (custom)
2019-11-05 08:28:03,016 [pool-59-thread-1] INFO  impl.RaftServerImpl (ServerState.java:<init>(103)) - 6ab6cfca-dbae-4fc7-a842-1fd8eedeb1ff@group-07DD719309DE: ConfigurationManager, init=-1: [], old=null, confs=<EMPTY_MAP>
2019-11-05 08:28:03,016 [pool-59-thread-1] INFO  server.RaftServerConfigKeys (ConfUtils.java:logGet(43)) - raft.server.storage.dir = [/workdir/hadoop-ozone/integration-test/target/test-dir/MiniOzoneClusterImpl-02b65e86-f8bb-4f05-a146-5b32a27149c8/datanode-2/data/ratis] (custom)
2019-11-05 08:28:03,016 [pool-59-thread-1] INFO  server.RaftServerConfigKeys (ConfUtils.java:logGet(43)) - raft.server.log.corruption.policy = EXCEPTION (default)
2019-11-05 08:28:03,029 [pool-59-thread-1] INFO  storage.RaftStorageDirectory (RaftStorageDirectory.java:tryLock(328)) - Lock on /workdir/hadoop-ozone/integration-test/target/test-dir/MiniOzoneClusterImpl-02b65e86-f8bb-4f05-a146-5b32a27149c8/datanode-2/data/ratis/91d82eec-d61e-45ed-83e6-07dd719309de/in_use.lock acquired by nodename 2662@pr-hdds-1643-8bmlk-2934350033
2019-11-05 08:28:03,031 [pool-59-thread-1] INFO  ratis.ContainerStateMachine (ContainerStateMachine.java:loadSnapshot(240)) - group-07DD719309DE: Setting the last applied index to (t:9, i:5)
2019-11-05 08:28:03,037 [pool-59-thread-1] INFO  impl.RaftServerImpl (ServerState.java:setRaftConf(357)) - 6ab6cfca-dbae-4fc7-a842-1fd8eedeb1ff@group-07DD719309DE: set configuration 1: [6ab6cfca-dbae-4fc7-a842-1fd8eedeb1ff:192.168.164.217:40408, e618d93a-19a9-4b89-96f3-44f318818422:192.168.164.217:37953, 90c9f5c6-6de3-44e3-8d50-8a1447632052:192.168.164.217:36159], old=null at 1
2019-11-05 08:28:03,037 [pool-59-thread-1] INFO  server.RaftServerConfigKeys (ConfUtils.java:logGet(43)) - raft.server.notification.no-leader.timeout = 1000s (custom)
2019-11-05 08:28:03,037 [pool-59-thread-1] INFO  server.RaftServerConfigKeys (ConfUtils.java:logGet(43)) - raft.server.log.use.memory = false (default)
2019-11-05 08:28:03,037 [pool-59-thread-1] INFO  server.RaftServerConfigKeys (ConfUtils.java:logGet(43)) - raft.server.log.purge.gap = 1000000 (custom)
2019-11-05 08:28:03,037 [pool-59-thread-1] INFO  server.RaftServerConfigKeys (ConfUtils.java:logGet(43)) - raft.server.log.appender.buffer.byte-limit = 33554432 (custom)
2019-11-05 08:28:03,038 [pool-59-thread-1] INFO  server.RaftServerConfigKeys (ConfUtils.java:logGet(43)) - raft.server.log.segment.size.max = 1048576 (custom)
2019-11-05 08:28:03,038 [pool-59-thread-1] INFO  server.RaftServerConfigKeys (ConfUtils.java:logGet(43)) - raft.server.log.segment.cache.num.max = 2 (custom)
2019-11-05 08:28:03,038 [pool-59-thread-1] INFO  segmented.SegmentedRaftLogWorker (SegmentedRaftLogWorker.java:<init>(173)) - new 6ab6cfca-dbae-4fc7-a842-1fd8eedeb1ff@group-07DD719309DE-SegmentedRaftLogWorker for RaftStorage:Storage Directory /workdir/hadoop-ozone/integration-test/target/test-dir/MiniOzoneClusterImpl-02b65e86-f8bb-4f05-a146-5b32a27149c8/datanode-2/data/ratis/91d82eec-d61e-45ed-83e6-07dd719309de
2019-11-05 08:28:03,038 [pool-59-thread-1] INFO  server.RaftServerConfigKeys (ConfUtils.java:logGet(43)) - raft.server.log.queue.byte-limit = 2147483647 (custom)
2019-11-05 08:28:03,038 [pool-59-thread-1] INFO  server.RaftServerConfigKeys (ConfUtils.java:logGet(43)) - raft.server.log.queue.element-limit = 1024 (custom)
2019-11-05 08:28:03,038 [pool-59-thread-1] INFO  server.RaftServerConfigKeys (ConfUtils.java:logGet(43)) - raft.server.log.segment.size.max = 1048576 (custom)
2019-11-05 08:28:03,038 [pool-59-thread-1] INFO  server.RaftServerConfigKeys (ConfUtils.java:logGet(43)) - raft.server.log.preallocated.size = 16384 (custom)
2019-11-05 08:28:03,038 [pool-59-thread-1] INFO  server.RaftServerConfigKeys (ConfUtils.java:logGet(43)) - raft.server.log.write.buffer.size = 33554432 (custom)
2019-11-05 08:28:03,038 [pool-59-thread-1] INFO  server.RaftServerConfigKeys (ConfUtils.java:logGet(43)) - raft.server.log.force.sync.num = 128 (default)
2019-11-05 08:28:03,039 [pool-59-thread-1] INFO  server.RaftServerConfigKeys (ConfUtils.java:logGet(43)) - raft.server.log.statemachine.data.sync = true (default)
2019-11-05 08:28:03,039 [pool-59-thread-1] INFO  server.RaftServerConfigKeys (ConfUtils.java:logGet(43)) - raft.server.log.statemachine.data.sync.timeout = 10s (default)
2019-11-05 08:28:03,039 [pool-59-thread-1] INFO  server.RaftServerConfigKeys (ConfUtils.java:logGet(43)) - raft.server.log.statemachine.data.sync.timeout.retry = -1 (default)
2019-11-05 08:28:03,039 [pool-59-thread-1] INFO  server.RaftServerConfigKeys (ConfUtils.java:logGet(43)) - raft.server.log.statemachine.data.caching.enabled = true (custom)
2019-11-05 08:28:03,040 [main] INFO  handler.ContextHandler (ContextHandler.java:doStart(781)) - Started o.e.j.w.WebAppContext@7d70638{/,file:///tmp/jetty-0.0.0.0-32933-hddsDatanode-_-any-1239585902627319667.dir/webapp/,AVAILABLE}{/hddsDatanode}
2019-11-05 08:28:03,040 [pool-59-thread-1] INFO  impl.RaftServerImpl (ServerState.java:setRaftConf(357)) - 6ab6cfca-dbae-4fc7-a842-1fd8eedeb1ff@group-07DD719309DE: set configuration 0: [6ab6cfca-dbae-4fc7-a842-1fd8eedeb1ff:192.168.164.217:40408, e618d93a-19a9-4b89-96f3-44f318818422:192.168.164.217:37953, 90c9f5c6-6de3-44e3-8d50-8a1447632052:192.168.164.217:36159], old=null at 0
2019-11-05 08:28:03,040 [pool-59-thread-1] INFO  segmented.LogSegment (LogSegment.java:loadSegment(140)) - Successfully read 1 entries from segment file /workdir/hadoop-ozone/integration-test/target/test-dir/MiniOzoneClusterImpl-02b65e86-f8bb-4f05-a146-5b32a27149c8/datanode-2/data/ratis/91d82eec-d61e-45ed-83e6-07dd719309de/current/log_0-0
2019-11-05 08:28:03,040 [main] INFO  server.AbstractConnector (AbstractConnector.java:doStart(278)) - Started ServerConnector@732f6050{HTTP/1.1,[http/1.1]}{0.0.0.0:32933}
2019-11-05 08:28:03,041 [main] INFO  server.Server (Server.java:doStart(419)) - Started @118351ms
2019-11-05 08:28:03,042 [main] WARN  impl.MetricsSystemImpl (MetricsSystemImpl.java:register(276)) - Sink prometheus already exists!
2019-11-05 08:28:03,042 [pool-59-thread-1] INFO  impl.RaftServerImpl (ServerState.java:setRaftConf(357)) - 6ab6cfca-dbae-4fc7-a842-1fd8eedeb1ff@group-07DD719309DE: set configuration 1: [6ab6cfca-dbae-4fc7-a842-1fd8eedeb1ff:192.168.164.217:40408, e618d93a-19a9-4b89-96f3-44f318818422:192.168.164.217:37953, 90c9f5c6-6de3-44e3-8d50-8a1447632052:192.168.164.217:36159], old=null at 1
2019-11-05 08:28:03,042 [pool-59-thread-1] INFO  segmented.LogSegment (LogSegment.java:loadSegment(140)) - Successfully read 6 entries from segment file /workdir/hadoop-ozone/integration-test/target/test-dir/MiniOzoneClusterImpl-02b65e86-f8bb-4f05-a146-5b32a27149c8/datanode-2/data/ratis/91d82eec-d61e-45ed-83e6-07dd719309de/current/log_inprogress_1
2019-11-05 08:28:03,042 [pool-59-thread-1] INFO  segmented.SegmentedRaftLogWorker (SegmentedRaftLogWorker.java:lambda$new$0(128)) - 6ab6cfca-dbae-4fc7-a842-1fd8eedeb1ff@group-07DD719309DE-SegmentedRaftLogWorker: flushIndex: setUnconditionally 0 -> 6
2019-11-05 08:28:03,043 [main] INFO  server.BaseHttpServer (BaseHttpServer.java:updateConnectorAddress(215)) - HTTP server of HDDSDATANODE is listening at http://0.0.0.0:32933
2019-11-05 08:28:03,045 [org.apache.hadoop.util.JvmPauseMonitor$Monitor@420e404c] INFO  util.JvmPauseMonitor (JvmPauseMonitor.java:run(188)) - Starting JVM pause monitor
2019-11-05 08:28:03,049 [Command processor thread] INFO  commandhandler.DeleteBlocksCommandHandler (DeleteBlocksCommandHandler.java:handle(106)) - Start to delete container blocks, TXIDs=[1(0)], numOfContainers=1, numOfBlocks=1
2019-11-05 08:28:03,071 [pool-59-thread-1] INFO  raftlog.RaftLog (RaftLog.java:lambda$new$0(61)) - 6ab6cfca-dbae-4fc7-a842-1fd8eedeb1ff@group-07DD719309DE-SegmentedRaftLog: commitIndex: updateToMax old=5, new=5, updated? false
2019-11-05 08:28:03,071 [pool-59-thread-1] INFO  server.RaftServerConfigKeys (ConfUtils.java:logGet(43)) - raft.server.snapshot.auto.trigger.enabled = true (custom)
2019-11-05 08:28:03,071 [pool-59-thread-1] INFO  server.RaftServerConfigKeys (ConfUtils.java:logGet(43)) - raft.server.snapshot.auto.trigger.threshold = 10000 (custom)
2019-11-05 08:28:03,072 [pool-59-thread-1] INFO  server.RaftServerConfigKeys (ConfUtils.java:logGet(43)) - raft.server.snapshot.retention.file.num = 5 (custom)
2019-11-05 08:28:03,072 [pool-59-thread-1] INFO  server.RaftServerConfigKeys (ConfUtils.java:logGet(43)) - raft.server.retrycache.expirytime = 600000ms (custom)
2019-11-05 08:28:03,581 [SCMBlockDeletingService#0] INFO  block.SCMBlockDeletingService (SCMBlockDeletingService.java:call(184)) - Totally added 1 delete blocks command for 1 datanodes, task elapsed time: 1ms
2019-11-05 08:28:03,582 [pool-7-thread-1] INFO  commands.RetriableDatanodeEventWatcher (RetriableDatanodeEventWatcher.java:onTimeout(47)) - RetriableDatanodeCommand type=deleteBlocksCommand with id=1572942482581 timed out. Retrying.
2019-11-05 08:28:03,983 [BlockDeletingService#2] WARN  background.BlockDeletingService (BlockDeletingService.java:isDeletionAllowed(187)) - Close Container log Index 8 is not replicated across allthe servers in the pipeline 91d82eec-d61e-45ed-83e6-07dd719309de as the min replicated index is 6. Deletion is not allowed in this container yet.
2019-11-05 08:28:03,983 [BlockDeletingService#6] WARN  background.BlockDeletingService (BlockDeletingService.java:isDeletionAllowed(187)) - Close Container log Index 8 is not replicated across allthe servers in the pipeline 91d82eec-d61e-45ed-83e6-07dd719309de as the min replicated index is 6. Deletion is not allowed in this container yet.
2019-11-05 08:28:04,581 [pool-7-thread-1] INFO  commands.RetriableDatanodeEventWatcher (RetriableDatanodeEventWatcher.java:onTimeout(47)) - RetriableDatanodeCommand type=deleteBlocksCommand with id=1572942482582 timed out. Retrying.
2019-11-05 08:28:04,582 [pool-7-thread-1] INFO  commands.RetriableDatanodeEventWatcher (RetriableDatanodeEventWatcher.java:onTimeout(47)) - RetriableDatanodeCommand type=deleteBlocksCommand with id=1572942482581 timed out. Retrying.
2019-11-05 08:28:04,583 [SCMBlockDeletingService#0] INFO  block.SCMBlockDeletingService (SCMBlockDeletingService.java:call(184)) - Totally added 1 delete blocks command for 1 datanodes, task elapsed time: 1ms
2019-11-05 08:28:04,793 [java.util.concurrent.ThreadPoolExecutor$Worker@a0f9458[State = -1, empty queue]] WARN  server.GrpcLogAppender (GrpcLogAppender.java:timeoutAppendRequest(209)) - 90c9f5c6-6de3-44e3-8d50-8a1447632052@group-07DD719309DE->6ab6cfca-dbae-4fc7-a842-1fd8eedeb1ff-GrpcLogAppender: appendEntries Timeout, request=90c9f5c6-6de3-44e3-8d50-8a1447632052->6ab6cfca-dbae-4fc7-a842-1fd8eedeb1ff#53-t9, previous=(t:9, i:12), leaderCommit=12, initializing? false, entries: <empty>
2019-11-05 08:28:04,986 [BlockDeletingService#2] WARN  background.BlockDeletingService (BlockDeletingService.java:isDeletionAllowed(187)) - Close Container log Index 8 is not replicated across allthe servers in the pipeline 91d82eec-d61e-45ed-83e6-07dd719309de as the min replicated index is 6. Deletion is not allowed in this container yet.
2019-11-05 08:28:04,986 [BlockDeletingService#6] WARN  background.BlockDeletingService (BlockDeletingService.java:isDeletionAllowed(187)) - Close Container log Index 8 is not replicated across allthe servers in the pipeline 91d82eec-d61e-45ed-83e6-07dd719309de as the min replicated index is 6. Deletion is not allowed in this container yet.
2019-11-05 08:28:04,992 [Thread-612] INFO  client.GrpcClientProtocolService (GrpcClientProtocolService.java:lambda$processClientRequest$0(278)) - Failed RaftClientRequest:client-C29D9280812C->e618d93a-19a9-4b89-96f3-44f318818422@group-07DD719309DE, cid=10, seq=0, Watch-ALL_COMMITTED(8), Message:<EMPTY>, reply=RaftClientReply:client-C29D9280812C->e618d93a-19a9-4b89-96f3-44f318818422@group-07DD719309DE, cid=10, FAILED org.apache.ratis.protocol.NotLeaderException: Server e618d93a-19a9-4b89-96f3-44f318818422@group-07DD719309DE is not the leader 90c9f5c6-6de3-44e3-8d50-8a1447632052:192.168.164.217:36159, logIndex=0, commits[e618d93a-19a9-4b89-96f3-44f318818422:c12, 6ab6cfca-dbae-4fc7-a842-1fd8eedeb1ff:c6, 90c9f5c6-6de3-44e3-8d50-8a1447632052:c12]
2019-11-05 08:28:05,051 [Datanode State Machine Thread - 0] INFO  ozoneimpl.OzoneContainer (OzoneContainer.java:start(213)) - Attempting to start container services.
2019-11-05 08:28:05,054 [Datanode State Machine Thread - 0] INFO  ozoneimpl.OzoneContainer (OzoneContainer.java:startContainerScrub(177)) - Background container scanner has been disabled.
2019-11-05 08:28:05,054 [Datanode State Machine Thread - 0] INFO  ratis.XceiverServerRatis (XceiverServerRatis.java:start(418)) - Starting XceiverServerRatis 6ab6cfca-dbae-4fc7-a842-1fd8eedeb1ff at port 40408
2019-11-05 08:28:05,070 [Datanode State Machine Thread - 0] INFO  impl.RaftServerImpl (RaftServerImpl.java:start(195)) - 6ab6cfca-dbae-4fc7-a842-1fd8eedeb1ff@group-D5E7C4F9B5F6: start as a follower, conf=0: [6ab6cfca-dbae-4fc7-a842-1fd8eedeb1ff:192.168.164.217:40408], old=null
2019-11-05 08:28:05,070 [ForkJoinPool.commonPool-worker-1] INFO  impl.RaftServerImpl (RaftServerImpl.java:start(195)) - 6ab6cfca-dbae-4fc7-a842-1fd8eedeb1ff@group-07DD719309DE: start as a follower, conf=1: [6ab6cfca-dbae-4fc7-a842-1fd8eedeb1ff:192.168.164.217:40408, e618d93a-19a9-4b89-96f3-44f318818422:192.168.164.217:37953, 90c9f5c6-6de3-44e3-8d50-8a1447632052:192.168.164.217:36159], old=null
2019-11-05 08:28:05,072 [Datanode State Machine Thread - 0] INFO  impl.RaftServerImpl (RaftServerImpl.java:setRole(184)) - 6ab6cfca-dbae-4fc7-a842-1fd8eedeb1ff@group-D5E7C4F9B5F6: changes role from      null to FOLLOWER at term 1 for startAsFollower
2019-11-05 08:28:05,072 [ForkJoinPool.commonPool-worker-1] INFO  impl.RaftServerImpl (RaftServerImpl.java:setRole(184)) - 6ab6cfca-dbae-4fc7-a842-1fd8eedeb1ff@group-07DD719309DE: changes role from      null to FOLLOWER at term 9 for startAsFollower
2019-11-05 08:28:05,072 [Datanode State Machine Thread - 0] INFO  impl.RoleInfo (RoleInfo.java:updateAndGet(143)) - 6ab6cfca-dbae-4fc7-a842-1fd8eedeb1ff: start FollowerState
2019-11-05 08:28:05,072 [ForkJoinPool.commonPool-worker-1] INFO  impl.RoleInfo (RoleInfo.java:updateAndGet(143)) - 6ab6cfca-dbae-4fc7-a842-1fd8eedeb1ff: start FollowerState
2019-11-05 08:28:05,073 [ForkJoinPool.commonPool-worker-1] INFO  util.JmxRegister (JmxRegister.java:tryRegister(44)) - Successfully registered JMX Bean with object name Ratis:service=RaftServer,group=group-07DD719309DE,id=6ab6cfca-dbae-4fc7-a842-1fd8eedeb1ff
2019-11-05 08:28:05,073 [Datanode State Machine Thread - 0] INFO  util.JmxRegister (JmxRegister.java:tryRegister(44)) - Successfully registered JMX Bean with object name Ratis:service=RaftServer,group=group-D5E7C4F9B5F6,id=6ab6cfca-dbae-4fc7-a842-1fd8eedeb1ff
2019-11-05 08:28:05,074 [Datanode State Machine Thread - 0] INFO  impl.RaftServerProxy (RaftServerProxy.java:lambda$start$3(299)) - 6ab6cfca-dbae-4fc7-a842-1fd8eedeb1ff: start RPC server
2019-11-05 08:28:05,076 [Datanode State Machine Thread - 0] INFO  server.GrpcService (GrpcService.java:startImpl(158)) - 6ab6cfca-dbae-4fc7-a842-1fd8eedeb1ff: GrpcService started, listening on 0.0.0.0/0.0.0.0:40408
2019-11-05 08:28:05,217 [Thread-615] INFO  impl.FollowerState (FollowerState.java:run(108)) - 6ab6cfca-dbae-4fc7-a842-1fd8eedeb1ff@group-D5E7C4F9B5F6-FollowerState: change to CANDIDATE, lastRpcTime:144ms, electionTimeout:144ms
2019-11-05 08:28:05,217 [Thread-615] INFO  impl.RoleInfo (RoleInfo.java:shutdownFollowerState(121)) - 6ab6cfca-dbae-4fc7-a842-1fd8eedeb1ff: shutdown FollowerState
2019-11-05 08:28:05,217 [Thread-615] INFO  impl.RaftServerImpl (RaftServerImpl.java:setRole(184)) - 6ab6cfca-dbae-4fc7-a842-1fd8eedeb1ff@group-D5E7C4F9B5F6: changes role from  FOLLOWER to CANDIDATE at term 1 for changeToCandidate
2019-11-05 08:28:05,217 [Thread-615] INFO  impl.RoleInfo (RoleInfo.java:updateAndGet(143)) - 6ab6cfca-dbae-4fc7-a842-1fd8eedeb1ff: start LeaderElection
2019-11-05 08:28:05,233 [6ab6cfca-dbae-4fc7-a842-1fd8eedeb1ff@group-D5E7C4F9B5F6-LeaderElection11] INFO  impl.LeaderElection (LeaderElection.java:askForVotes(178)) - 6ab6cfca-dbae-4fc7-a842-1fd8eedeb1ff@group-D5E7C4F9B5F6-LeaderElection11: begin an election at term 2 for 0: [6ab6cfca-dbae-4fc7-a842-1fd8eedeb1ff:192.168.164.217:40408], old=null
2019-11-05 08:28:05,233 [6ab6cfca-dbae-4fc7-a842-1fd8eedeb1ff@group-D5E7C4F9B5F6-LeaderElection11] INFO  impl.RoleInfo (RoleInfo.java:shutdownLeaderElection(134)) - 6ab6cfca-dbae-4fc7-a842-1fd8eedeb1ff: shutdown LeaderElection
2019-11-05 08:28:05,233 [6ab6cfca-dbae-4fc7-a842-1fd8eedeb1ff@group-D5E7C4F9B5F6-LeaderElection11] INFO  impl.RaftServerImpl (RaftServerImpl.java:setRole(184)) - 6ab6cfca-dbae-4fc7-a842-1fd8eedeb1ff@group-D5E7C4F9B5F6: changes role from CANDIDATE to LEADER at term 2 for changeToLeader
2019-11-05 08:28:05,233 [6ab6cfca-dbae-4fc7-a842-1fd8eedeb1ff@group-D5E7C4F9B5F6-LeaderElection11] INFO  impl.RaftServerImpl (ServerState.java:setLeader(256)) - 6ab6cfca-dbae-4fc7-a842-1fd8eedeb1ff@group-D5E7C4F9B5F6: change Leader from null to 6ab6cfca-dbae-4fc7-a842-1fd8eedeb1ff at term 2 for becomeLeader, leader elected after 2267ms
2019-11-05 08:28:05,234 [6ab6cfca-dbae-4fc7-a842-1fd8eedeb1ff@group-D5E7C4F9B5F6-LeaderElection11] INFO  server.RaftServerConfigKeys (ConfUtils.java:logGet(43)) - raft.server.staging.catchup.gap = 1000 (default)
2019-11-05 08:28:05,234 [6ab6cfca-dbae-4fc7-a842-1fd8eedeb1ff@group-D5E7C4F9B5F6-LeaderElection11] INFO  server.RaftServerConfigKeys (ConfUtils.java:logGet(43)) - raft.server.rpc.sleep.time = 25ms (default)
2019-11-05 08:28:05,234 [6ab6cfca-dbae-4fc7-a842-1fd8eedeb1ff@group-D5E7C4F9B5F6-LeaderElection11] INFO  server.RaftServerConfigKeys (ConfUtils.java:logGet(43)) - raft.server.write.element-limit = 4096 (default)
2019-11-05 08:28:05,235 [6ab6cfca-dbae-4fc7-a842-1fd8eedeb1ff@group-D5E7C4F9B5F6-LeaderElection11] INFO  server.RaftServerConfigKeys (ConfUtils.java:logGet(43)) - raft.server.watch.timeout = 10s (default)
2019-11-05 08:28:05,235 [6ab6cfca-dbae-4fc7-a842-1fd8eedeb1ff@group-D5E7C4F9B5F6-LeaderElection11] INFO  server.RaftServerConfigKeys (ConfUtils.java:logGet(43)) - raft.server.watch.timeout.denomination = 1s (default)
2019-11-05 08:28:05,235 [6ab6cfca-dbae-4fc7-a842-1fd8eedeb1ff@group-D5E7C4F9B5F6-LeaderElection11] INFO  server.RaftServerConfigKeys (ConfUtils.java:logGet(43)) - raft.server.watch.element-limit = 65536 (default)
2019-11-05 08:28:05,235 [6ab6cfca-dbae-4fc7-a842-1fd8eedeb1ff@group-D5E7C4F9B5F6-LeaderElection11] INFO  impl.RoleInfo (RoleInfo.java:updateAndGet(143)) - 6ab6cfca-dbae-4fc7-a842-1fd8eedeb1ff: start LeaderState
2019-11-05 08:28:05,236 [6ab6cfca-dbae-4fc7-a842-1fd8eedeb1ff@group-D5E7C4F9B5F6-LeaderElection11] INFO  segmented.SegmentedRaftLogWorker (SegmentedRaftLogWorker.java:rollLogSegment(390)) - 6ab6cfca-dbae-4fc7-a842-1fd8eedeb1ff@group-D5E7C4F9B5F6-SegmentedRaftLogWorker: Rolling segment log-0_0 to index:0
2019-11-05 08:28:05,238 [6ab6cfca-dbae-4fc7-a842-1fd8eedeb1ff@group-D5E7C4F9B5F6-LeaderElection11] INFO  impl.RaftServerImpl (ServerState.java:setRaftConf(357)) - 6ab6cfca-dbae-4fc7-a842-1fd8eedeb1ff@group-D5E7C4F9B5F6: set configuration 1: [6ab6cfca-dbae-4fc7-a842-1fd8eedeb1ff:192.168.164.217:40408], old=null at 1
2019-11-05 08:28:05,238 [6ab6cfca-dbae-4fc7-a842-1fd8eedeb1ff@group-D5E7C4F9B5F6-SegmentedRaftLogWorker] INFO  segmented.SegmentedRaftLogWorker (SegmentedRaftLogWorker.java:execute(533)) - 6ab6cfca-dbae-4fc7-a842-1fd8eedeb1ff@group-D5E7C4F9B5F6-SegmentedRaftLogWorker: Rolled log segment from /workdir/hadoop-ozone/integration-test/target/test-dir/MiniOzoneClusterImpl-02b65e86-f8bb-4f05-a146-5b32a27149c8/datanode-2/data/ratis/edd6f7dc-d9fa-480e-b801-d5e7c4f9b5f6/current/log_inprogress_0 to /workdir/hadoop-ozone/integration-test/target/test-dir/MiniOzoneClusterImpl-02b65e86-f8bb-4f05-a146-5b32a27149c8/datanode-2/data/ratis/edd6f7dc-d9fa-480e-b801-d5e7c4f9b5f6/current/log_0-0
2019-11-05 08:28:05,246 [Thread-616] INFO  impl.FollowerState (FollowerState.java:run(108)) - 6ab6cfca-dbae-4fc7-a842-1fd8eedeb1ff@group-07DD719309DE-FollowerState: change to CANDIDATE, lastRpcTime:173ms, electionTimeout:173ms
2019-11-05 08:28:05,246 [Thread-616] INFO  impl.RoleInfo (RoleInfo.java:shutdownFollowerState(121)) - 6ab6cfca-dbae-4fc7-a842-1fd8eedeb1ff: shutdown FollowerState
2019-11-05 08:28:05,246 [Thread-616] INFO  impl.RaftServerImpl (RaftServerImpl.java:setRole(184)) - 6ab6cfca-dbae-4fc7-a842-1fd8eedeb1ff@group-07DD719309DE: changes role from  FOLLOWER to CANDIDATE at term 9 for changeToCandidate
2019-11-05 08:28:05,246 [Thread-616] INFO  impl.RoleInfo (RoleInfo.java:updateAndGet(143)) - 6ab6cfca-dbae-4fc7-a842-1fd8eedeb1ff: start LeaderElection
2019-11-05 08:28:05,285 [6ab6cfca-dbae-4fc7-a842-1fd8eedeb1ff@group-D5E7C4F9B5F6-SegmentedRaftLogWorker] INFO  segmented.SegmentedRaftLogWorker (SegmentedRaftLogWorker.java:execute(576)) - 6ab6cfca-dbae-4fc7-a842-1fd8eedeb1ff@group-D5E7C4F9B5F6-SegmentedRaftLogWorker: created new log segment /workdir/hadoop-ozone/integration-test/target/test-dir/MiniOzoneClusterImpl-02b65e86-f8bb-4f05-a146-5b32a27149c8/datanode-2/data/ratis/edd6f7dc-d9fa-480e-b801-d5e7c4f9b5f6/current/log_inprogress_1
2019-11-05 08:28:05,285 [6ab6cfca-dbae-4fc7-a842-1fd8eedeb1ff@group-07DD719309DE-LeaderElection12] INFO  impl.LeaderElection (LeaderElection.java:askForVotes(178)) - 6ab6cfca-dbae-4fc7-a842-1fd8eedeb1ff@group-07DD719309DE-LeaderElection12: begin an election at term 10 for 1: [6ab6cfca-dbae-4fc7-a842-1fd8eedeb1ff:192.168.164.217:40408, e618d93a-19a9-4b89-96f3-44f318818422:192.168.164.217:37953, 90c9f5c6-6de3-44e3-8d50-8a1447632052:192.168.164.217:36159], old=null
2019-11-05 08:28:05,298 [grpc-default-executor-2] INFO  impl.RaftServerImpl (ServerState.java:setLeader(256)) - 90c9f5c6-6de3-44e3-8d50-8a1447632052@group-07DD719309DE: change Leader from 90c9f5c6-6de3-44e3-8d50-8a1447632052 to null at term 10 for updateCurrentTerm
2019-11-05 08:28:05,298 [grpc-default-executor-0] INFO  impl.RaftServerImpl (ServerState.java:setLeader(256)) - e618d93a-19a9-4b89-96f3-44f318818422@group-07DD719309DE: change Leader from 90c9f5c6-6de3-44e3-8d50-8a1447632052 to null at term 10 for updateCurrentTerm
2019-11-05 08:28:05,299 [grpc-default-executor-2] INFO  impl.RaftServerImpl (RaftServerImpl.java:setRole(184)) - 90c9f5c6-6de3-44e3-8d50-8a1447632052@group-07DD719309DE: changes role from    LEADER to FOLLOWER at term 10 for recognizeCandidate:6ab6cfca-dbae-4fc7-a842-1fd8eedeb1ff
2019-11-05 08:28:05,299 [grpc-default-executor-0] INFO  impl.RaftServerImpl (RaftServerImpl.java:setRole(184)) - e618d93a-19a9-4b89-96f3-44f318818422@group-07DD719309DE: changes role from  FOLLOWER to FOLLOWER at term 10 for recognizeCandidate:6ab6cfca-dbae-4fc7-a842-1fd8eedeb1ff
2019-11-05 08:28:05,299 [grpc-default-executor-2] INFO  impl.RoleInfo (RoleInfo.java:shutdownLeaderState(104)) - 90c9f5c6-6de3-44e3-8d50-8a1447632052: shutdown LeaderState
2019-11-05 08:28:05,299 [grpc-default-executor-0] INFO  impl.RoleInfo (RoleInfo.java:shutdownFollowerState(121)) - e618d93a-19a9-4b89-96f3-44f318818422: shutdown FollowerState
2019-11-05 08:28:05,301 [org.apache.ratis.server.impl.LogAppender$AppenderDaemon$$Lambda$379/872224996@6d544702] WARN  server.GrpcLogAppender (GrpcLogAppender.java:mayWait(149)) - 90c9f5c6-6de3-44e3-8d50-8a1447632052@group-07DD719309DE->e618d93a-19a9-4b89-96f3-44f318818422-GrpcLogAppender: Wait interrupted by java.lang.InterruptedException
2019-11-05 08:28:05,301 [Thread-302] INFO  impl.FollowerState (FollowerState.java:run(117)) - e618d93a-19a9-4b89-96f3-44f318818422@group-07DD719309DE-FollowerState was interrupted: java.lang.InterruptedException: sleep interrupted
2019-11-05 08:28:05,301 [grpc-default-executor-0] INFO  impl.RoleInfo (RoleInfo.java:updateAndGet(143)) - e618d93a-19a9-4b89-96f3-44f318818422: start FollowerState
2019-11-05 08:28:05,301 [grpc-default-executor-2] INFO  impl.PendingRequests (PendingRequests.java:sendNotLeaderResponses(202)) - 90c9f5c6-6de3-44e3-8d50-8a1447632052@group-07DD719309DE-PendingRequests: sendNotLeaderResponses
2019-11-05 08:28:05,301 [org.apache.ratis.server.impl.LogAppender$AppenderDaemon$$Lambda$379/872224996@157ef50f] WARN  server.GrpcLogAppender (GrpcLogAppender.java:mayWait(149)) - 90c9f5c6-6de3-44e3-8d50-8a1447632052@group-07DD719309DE->6ab6cfca-dbae-4fc7-a842-1fd8eedeb1ff-GrpcLogAppender: Wait interrupted by java.lang.InterruptedException
2019-11-05 08:28:05,302 [grpc-default-executor-5] INFO  server.GrpcServerProtocolService (GrpcServerProtocolService.java:onCompleted(113)) - e618d93a-19a9-4b89-96f3-44f318818422: Completed APPEND_ENTRIES, lastRequest: 90c9f5c6-6de3-44e3-8d50-8a1447632052->e618d93a-19a9-4b89-96f3-44f318818422#54-t9, previous=(t:9, i:12), leaderCommit=12, initializing? false, entries: <empty>
2019-11-05 08:28:05,304 [grpc-default-executor-5] INFO  server.GrpcLogAppender (GrpcLogAppender.java:onCompleted(308)) - 90c9f5c6-6de3-44e3-8d50-8a1447632052@group-07DD719309DE->e618d93a-19a9-4b89-96f3-44f318818422-AppendLogResponseHandler: follower responses appendEntries COMPLETED
2019-11-05 08:28:05,304 [Thread-625] INFO  client.GrpcClientProtocolService (GrpcClientProtocolService.java:lambda$processClientRequest$0(278)) - Failed RaftClientRequest:client-C29D9280812C->90c9f5c6-6de3-44e3-8d50-8a1447632052@group-07DD719309DE, cid=10, seq=0, Watch-ALL_COMMITTED(8), Message:<EMPTY>, reply=RaftClientReply:client-C29D9280812C->90c9f5c6-6de3-44e3-8d50-8a1447632052@group-07DD719309DE, cid=10, FAILED org.apache.ratis.protocol.NotLeaderException: Server 90c9f5c6-6de3-44e3-8d50-8a1447632052@group-07DD719309DE is not the leader, logIndex=0, commits[90c9f5c6-6de3-44e3-8d50-8a1447632052:c12, 6ab6cfca-dbae-4fc7-a842-1fd8eedeb1ff:c6, e618d93a-19a9-4b89-96f3-44f318818422:c12]
2019-11-05 08:28:05,305 [Thread-626] INFO  client.GrpcClientProtocolService (GrpcClientProtocolService.java:lambda$processClientRequest$0(278)) - Failed RaftClientRequest:client-C29D9280812C->90c9f5c6-6de3-44e3-8d50-8a1447632052@group-07DD719309DE, cid=10, seq=0, Watch-ALL_COMMITTED(8), Message:<EMPTY>, reply=RaftClientReply:client-C29D9280812C->90c9f5c6-6de3-44e3-8d50-8a1447632052@group-07DD719309DE, cid=10, FAILED org.apache.ratis.protocol.NotLeaderException: Server 90c9f5c6-6de3-44e3-8d50-8a1447632052@group-07DD719309DE is not the leader, logIndex=0, commits[90c9f5c6-6de3-44e3-8d50-8a1447632052:c12, 6ab6cfca-dbae-4fc7-a842-1fd8eedeb1ff:c6, e618d93a-19a9-4b89-96f3-44f318818422:c12]
2019-11-05 08:28:05,305 [grpc-default-executor-2] INFO  impl.RoleInfo (RoleInfo.java:updateAndGet(143)) - 90c9f5c6-6de3-44e3-8d50-8a1447632052: start FollowerState
2019-11-05 08:28:05,312 [grpc-default-executor-5] INFO  impl.FollowerInfo (FollowerInfo.java:lambda$new$0(51)) - 90c9f5c6-6de3-44e3-8d50-8a1447632052@group-07DD719309DE->e618d93a-19a9-4b89-96f3-44f318818422: nextIndex: updateUnconditionally 13 -> 12
2019-11-05 08:28:05,328 [6ab6cfca-dbae-4fc7-a842-1fd8eedeb1ff@group-07DD719309DE-LeaderElection12] INFO  impl.LeaderElection (LeaderElection.java:logAndReturn(56)) - 6ab6cfca-dbae-4fc7-a842-1fd8eedeb1ff@group-07DD719309DE-LeaderElection12: Election REJECTED; received 2 response(s) [6ab6cfca-dbae-4fc7-a842-1fd8eedeb1ff<-e618d93a-19a9-4b89-96f3-44f318818422#0:FAIL-t10, 6ab6cfca-dbae-4fc7-a842-1fd8eedeb1ff<-90c9f5c6-6de3-44e3-8d50-8a1447632052#0:FAIL-t10] and 0 exception(s); 6ab6cfca-dbae-4fc7-a842-1fd8eedeb1ff@group-07DD719309DE:t10, leader=null, voted=6ab6cfca-dbae-4fc7-a842-1fd8eedeb1ff, raftlog=6ab6cfca-dbae-4fc7-a842-1fd8eedeb1ff@group-07DD719309DE-SegmentedRaftLog:OPENED:c5,f6,i6, conf=1: [6ab6cfca-dbae-4fc7-a842-1fd8eedeb1ff:192.168.164.217:40408, e618d93a-19a9-4b89-96f3-44f318818422:192.168.164.217:37953, 90c9f5c6-6de3-44e3-8d50-8a1447632052:192.168.164.217:36159], old=null
2019-11-05 08:28:05,329 [6ab6cfca-dbae-4fc7-a842-1fd8eedeb1ff@group-07DD719309DE-LeaderElection12] INFO  impl.RaftServerImpl (RaftServerImpl.java:setRole(184)) - 6ab6cfca-dbae-4fc7-a842-1fd8eedeb1ff@group-07DD719309DE: changes role from CANDIDATE to FOLLOWER at term 10 for DISCOVERED_A_NEW_TERM
2019-11-05 08:28:05,329 [6ab6cfca-dbae-4fc7-a842-1fd8eedeb1ff@group-07DD719309DE-LeaderElection12] INFO  impl.RoleInfo (RoleInfo.java:shutdownLeaderElection(134)) - 6ab6cfca-dbae-4fc7-a842-1fd8eedeb1ff: shutdown LeaderElection
2019-11-05 08:28:05,329 [6ab6cfca-dbae-4fc7-a842-1fd8eedeb1ff@group-07DD719309DE-LeaderElection12] INFO  impl.RoleInfo (RoleInfo.java:updateAndGet(143)) - 6ab6cfca-dbae-4fc7-a842-1fd8eedeb1ff: start FollowerState
2019-11-05 08:28:05,433 [Thread-629] INFO  impl.FollowerState (FollowerState.java:run(108)) - 6ab6cfca-dbae-4fc7-a842-1fd8eedeb1ff@group-07DD719309DE-FollowerState: change to CANDIDATE, lastRpcTime:104ms, electionTimeout:104ms
2019-11-05 08:28:05,434 [Thread-629] INFO  impl.RoleInfo (RoleInfo.java:shutdownFollowerState(121)) - 6ab6cfca-dbae-4fc7-a842-1fd8eedeb1ff: shutdown FollowerState
2019-11-05 08:28:05,435 [Thread-629] INFO  impl.RaftServerImpl (RaftServerImpl.java:setRole(184)) - 6ab6cfca-dbae-4fc7-a842-1fd8eedeb1ff@group-07DD719309DE: changes role from  FOLLOWER to CANDIDATE at term 10 for changeToCandidate
2019-11-05 08:28:05,435 [Thread-629] INFO  impl.RoleInfo (RoleInfo.java:updateAndGet(143)) - 6ab6cfca-dbae-4fc7-a842-1fd8eedeb1ff: start LeaderElection
2019-11-05 08:28:05,449 [6ab6cfca-dbae-4fc7-a842-1fd8eedeb1ff@group-07DD719309DE-LeaderElection13] INFO  impl.LeaderElection (LeaderElection.java:askForVotes(178)) - 6ab6cfca-dbae-4fc7-a842-1fd8eedeb1ff@group-07DD719309DE-LeaderElection13: begin an election at term 11 for 1: [6ab6cfca-dbae-4fc7-a842-1fd8eedeb1ff:192.168.164.217:40408, e618d93a-19a9-4b89-96f3-44f318818422:192.168.164.217:37953, 90c9f5c6-6de3-44e3-8d50-8a1447632052:192.168.164.217:36159], old=null
2019-11-05 08:28:05,454 [grpc-default-executor-0] INFO  impl.RaftServerImpl (RaftServerImpl.java:setRole(184)) - e618d93a-19a9-4b89-96f3-44f318818422@group-07DD719309DE: changes role from  FOLLOWER to FOLLOWER at term 11 for recognizeCandidate:6ab6cfca-dbae-4fc7-a842-1fd8eedeb1ff
2019-11-05 08:28:05,454 [grpc-default-executor-2] INFO  impl.RaftServerImpl (RaftServerImpl.java:setRole(184)) - 90c9f5c6-6de3-44e3-8d50-8a1447632052@group-07DD719309DE: changes role from  FOLLOWER to FOLLOWER at term 11 for recognizeCandidate:6ab6cfca-dbae-4fc7-a842-1fd8eedeb1ff
2019-11-05 08:28:05,454 [grpc-default-executor-0] INFO  impl.RoleInfo (RoleInfo.java:shutdownFollowerState(121)) - e618d93a-19a9-4b89-96f3-44f318818422: shutdown FollowerState
2019-11-05 08:28:05,454 [grpc-default-executor-2] INFO  impl.RoleInfo (RoleInfo.java:shutdownFollowerState(121)) - 90c9f5c6-6de3-44e3-8d50-8a1447632052: shutdown FollowerState
2019-11-05 08:28:05,454 [Thread-624] INFO  impl.FollowerState (FollowerState.java:run(117)) - e618d93a-19a9-4b89-96f3-44f318818422@group-07DD719309DE-FollowerState was interrupted: java.lang.InterruptedException: sleep interrupted
2019-11-05 08:28:05,454 [grpc-default-executor-0] INFO  impl.RoleInfo (RoleInfo.java:updateAndGet(143)) - e618d93a-19a9-4b89-96f3-44f318818422: start FollowerState
2019-11-05 08:28:05,454 [Thread-627] INFO  impl.FollowerState (FollowerState.java:run(117)) - 90c9f5c6-6de3-44e3-8d50-8a1447632052@group-07DD719309DE-FollowerState was interrupted: java.lang.InterruptedException: sleep interrupted
2019-11-05 08:28:05,454 [grpc-default-executor-2] INFO  impl.RoleInfo (RoleInfo.java:updateAndGet(143)) - 90c9f5c6-6de3-44e3-8d50-8a1447632052: start FollowerState
2019-11-05 08:28:05,471 [6ab6cfca-dbae-4fc7-a842-1fd8eedeb1ff@group-07DD719309DE-LeaderElection13] INFO  impl.LeaderElection (LeaderElection.java:logAndReturn(56)) - 6ab6cfca-dbae-4fc7-a842-1fd8eedeb1ff@group-07DD719309DE-LeaderElection13: Election REJECTED; received 2 response(s) [6ab6cfca-dbae-4fc7-a842-1fd8eedeb1ff<-e618d93a-19a9-4b89-96f3-44f318818422#0:FAIL-t11, 6ab6cfca-dbae-4fc7-a842-1fd8eedeb1ff<-90c9f5c6-6de3-44e3-8d50-8a1447632052#0:FAIL-t11] and 0 exception(s); 6ab6cfca-dbae-4fc7-a842-1fd8eedeb1ff@group-07DD719309DE:t11, leader=null, voted=6ab6cfca-dbae-4fc7-a842-1fd8eedeb1ff, raftlog=6ab6cfca-dbae-4fc7-a842-1fd8eedeb1ff@group-07DD719309DE-SegmentedRaftLog:OPENED:c5,f6,i6, conf=1: [6ab6cfca-dbae-4fc7-a842-1fd8eedeb1ff:192.168.164.217:40408, e618d93a-19a9-4b89-96f3-44f318818422:192.168.164.217:37953, 90c9f5c6-6de3-44e3-8d50-8a1447632052:192.168.164.217:36159], old=null
2019-11-05 08:28:05,471 [6ab6cfca-dbae-4fc7-a842-1fd8eedeb1ff@group-07DD719309DE-LeaderElection13] INFO  impl.RaftServerImpl (RaftServerImpl.java:setRole(184)) - 6ab6cfca-dbae-4fc7-a842-1fd8eedeb1ff@group-07DD719309DE: changes role from CANDIDATE to FOLLOWER at term 11 for DISCOVERED_A_NEW_TERM
2019-11-05 08:28:05,471 [6ab6cfca-dbae-4fc7-a842-1fd8eedeb1ff@group-07DD719309DE-LeaderElection13] INFO  impl.RoleInfo (RoleInfo.java:shutdownLeaderElection(134)) - 6ab6cfca-dbae-4fc7-a842-1fd8eedeb1ff: shutdown LeaderElection
2019-11-05 08:28:05,472 [6ab6cfca-dbae-4fc7-a842-1fd8eedeb1ff@group-07DD719309DE-LeaderElection13] INFO  impl.RoleInfo (RoleInfo.java:updateAndGet(143)) - 6ab6cfca-dbae-4fc7-a842-1fd8eedeb1ff: start FollowerState
2019-11-05 08:28:05,581 [pool-7-thread-1] INFO  commands.RetriableDatanodeEventWatcher (RetriableDatanodeEventWatcher.java:onTimeout(47)) - RetriableDatanodeCommand type=deleteBlocksCommand with id=1572942482582 timed out. Retrying.
2019-11-05 08:28:05,584 [pool-7-thread-2] INFO  commands.RetriableDatanodeEventWatcher (RetriableDatanodeEventWatcher.java:onTimeout(47)) - RetriableDatanodeCommand type=deleteBlocksCommand with id=1572942482583 timed out. Retrying.
2019-11-05 08:28:05,584 [pool-7-thread-3] INFO  commands.RetriableDatanodeEventWatcher (RetriableDatanodeEventWatcher.java:onTimeout(47)) - RetriableDatanodeCommand type=deleteBlocksCommand with id=1572942482581 timed out. Retrying.
2019-11-05 08:28:05,585 [SCMBlockDeletingService#0] INFO  block.SCMBlockDeletingService (SCMBlockDeletingService.java:call(184)) - Totally added 1 delete blocks command for 1 datanodes, task elapsed time: 1ms
2019-11-05 08:28:05,640 [Thread-635] INFO  impl.FollowerState (FollowerState.java:run(108)) - 6ab6cfca-dbae-4fc7-a842-1fd8eedeb1ff@group-07DD719309DE-FollowerState: change to CANDIDATE, lastRpcTime:168ms, electionTimeout:168ms
2019-11-05 08:28:05,640 [Thread-635] INFO  impl.RoleInfo (RoleInfo.java:shutdownFollowerState(121)) - 6ab6cfca-dbae-4fc7-a842-1fd8eedeb1ff: shutdown FollowerState
2019-11-05 08:28:05,640 [Thread-635] INFO  impl.RaftServerImpl (RaftServerImpl.java:setRole(184)) - 6ab6cfca-dbae-4fc7-a842-1fd8eedeb1ff@group-07DD719309DE: changes role from  FOLLOWER to CANDIDATE at term 11 for changeToCandidate
2019-11-05 08:28:05,641 [Thread-635] INFO  impl.RoleInfo (RoleInfo.java:updateAndGet(143)) - 6ab6cfca-dbae-4fc7-a842-1fd8eedeb1ff: start LeaderElection
2019-11-05 08:28:05,656 [6ab6cfca-dbae-4fc7-a842-1fd8eedeb1ff@group-07DD719309DE-LeaderElection14] INFO  impl.LeaderElection (LeaderElection.java:askForVotes(178)) - 6ab6cfca-dbae-4fc7-a842-1fd8eedeb1ff@group-07DD719309DE-LeaderElection14: begin an election at term 12 for 1: [6ab6cfca-dbae-4fc7-a842-1fd8eedeb1ff:192.168.164.217:40408, e618d93a-19a9-4b89-96f3-44f318818422:192.168.164.217:37953, 90c9f5c6-6de3-44e3-8d50-8a1447632052:192.168.164.217:36159], old=null
2019-11-05 08:28:05,661 [grpc-default-executor-0] INFO  impl.RaftServerImpl (RaftServerImpl.java:setRole(184)) - e618d93a-19a9-4b89-96f3-44f318818422@group-07DD719309DE: changes role from  FOLLOWER to FOLLOWER at term 12 for recognizeCandidate:6ab6cfca-dbae-4fc7-a842-1fd8eedeb1ff
2019-11-05 08:28:05,662 [grpc-default-executor-2] INFO  impl.RaftServerImpl (RaftServerImpl.java:setRole(184)) - 90c9f5c6-6de3-44e3-8d50-8a1447632052@group-07DD719309DE: changes role from  FOLLOWER to FOLLOWER at term 12 for recognizeCandidate:6ab6cfca-dbae-4fc7-a842-1fd8eedeb1ff
2019-11-05 08:28:05,662 [grpc-default-executor-0] INFO  impl.RoleInfo (RoleInfo.java:shutdownFollowerState(121)) - e618d93a-19a9-4b89-96f3-44f318818422: shutdown FollowerState
2019-11-05 08:28:05,662 [grpc-default-executor-2] INFO  impl.RoleInfo (RoleInfo.java:shutdownFollowerState(121)) - 90c9f5c6-6de3-44e3-8d50-8a1447632052: shutdown FollowerState
2019-11-05 08:28:05,662 [grpc-default-executor-0] INFO  impl.RoleInfo (RoleInfo.java:updateAndGet(143)) - e618d93a-19a9-4b89-96f3-44f318818422: start FollowerState
2019-11-05 08:28:05,662 [Thread-634] INFO  impl.FollowerState (FollowerState.java:run(117)) - 90c9f5c6-6de3-44e3-8d50-8a1447632052@group-07DD719309DE-FollowerState was interrupted: java.lang.InterruptedException: sleep interrupted
2019-11-05 08:28:05,662 [Thread-633] INFO  impl.FollowerState (FollowerState.java:run(117)) - e618d93a-19a9-4b89-96f3-44f318818422@group-07DD719309DE-FollowerState was interrupted: java.lang.InterruptedException: sleep interrupted
2019-11-05 08:28:05,662 [grpc-default-executor-2] INFO  impl.RoleInfo (RoleInfo.java:updateAndGet(143)) - 90c9f5c6-6de3-44e3-8d50-8a1447632052: start FollowerState
2019-11-05 08:28:05,680 [6ab6cfca-dbae-4fc7-a842-1fd8eedeb1ff@group-07DD719309DE-LeaderElection14] INFO  impl.LeaderElection (LeaderElection.java:logAndReturn(56)) - 6ab6cfca-dbae-4fc7-a842-1fd8eedeb1ff@group-07DD719309DE-LeaderElection14: Election REJECTED; received 2 response(s) [6ab6cfca-dbae-4fc7-a842-1fd8eedeb1ff<-e618d93a-19a9-4b89-96f3-44f318818422#0:FAIL-t12, 6ab6cfca-dbae-4fc7-a842-1fd8eedeb1ff<-90c9f5c6-6de3-44e3-8d50-8a1447632052#0:FAIL-t12] and 0 exception(s); 6ab6cfca-dbae-4fc7-a842-1fd8eedeb1ff@group-07DD719309DE:t12, leader=null, voted=6ab6cfca-dbae-4fc7-a842-1fd8eedeb1ff, raftlog=6ab6cfca-dbae-4fc7-a842-1fd8eedeb1ff@group-07DD719309DE-SegmentedRaftLog:OPENED:c5,f6,i6, conf=1: [6ab6cfca-dbae-4fc7-a842-1fd8eedeb1ff:192.168.164.217:40408, e618d93a-19a9-4b89-96f3-44f318818422:192.168.164.217:37953, 90c9f5c6-6de3-44e3-8d50-8a1447632052:192.168.164.217:36159], old=null
2019-11-05 08:28:05,680 [6ab6cfca-dbae-4fc7-a842-1fd8eedeb1ff@group-07DD719309DE-LeaderElection14] INFO  impl.RaftServerImpl (RaftServerImpl.java:setRole(184)) - 6ab6cfca-dbae-4fc7-a842-1fd8eedeb1ff@group-07DD719309DE: changes role from CANDIDATE to FOLLOWER at term 12 for DISCOVERED_A_NEW_TERM
2019-11-05 08:28:05,680 [6ab6cfca-dbae-4fc7-a842-1fd8eedeb1ff@group-07DD719309DE-LeaderElection14] INFO  impl.RoleInfo (RoleInfo.java:shutdownLeaderElection(134)) - 6ab6cfca-dbae-4fc7-a842-1fd8eedeb1ff: shutdown LeaderElection
2019-11-05 08:28:05,680 [6ab6cfca-dbae-4fc7-a842-1fd8eedeb1ff@group-07DD719309DE-LeaderElection14] INFO  impl.RoleInfo (RoleInfo.java:updateAndGet(143)) - 6ab6cfca-dbae-4fc7-a842-1fd8eedeb1ff: start FollowerState
2019-11-05 08:28:05,840 [Thread-641] INFO  impl.FollowerState (FollowerState.java:run(108)) - 6ab6cfca-dbae-4fc7-a842-1fd8eedeb1ff@group-07DD719309DE-FollowerState: change to CANDIDATE, lastRpcTime:159ms, electionTimeout:159ms
2019-11-05 08:28:05,842 [Thread-641] INFO  impl.RoleInfo (RoleInfo.java:shutdownFollowerState(121)) - 6ab6cfca-dbae-4fc7-a842-1fd8eedeb1ff: shutdown FollowerState
2019-11-05 08:28:05,842 [Thread-641] INFO  impl.RaftServerImpl (RaftServerImpl.java:setRole(184)) - 6ab6cfca-dbae-4fc7-a842-1fd8eedeb1ff@group-07DD719309DE: changes role from  FOLLOWER to CANDIDATE at term 12 for changeToCandidate
2019-11-05 08:28:05,842 [Thread-641] INFO  impl.RoleInfo (RoleInfo.java:updateAndGet(143)) - 6ab6cfca-dbae-4fc7-a842-1fd8eedeb1ff: start LeaderElection
2019-11-05 08:28:05,858 [6ab6cfca-dbae-4fc7-a842-1fd8eedeb1ff@group-07DD719309DE-LeaderElection15] INFO  impl.LeaderElection (LeaderElection.java:askForVotes(178)) - 6ab6cfca-dbae-4fc7-a842-1fd8eedeb1ff@group-07DD719309DE-LeaderElection15: begin an election at term 13 for 1: [6ab6cfca-dbae-4fc7-a842-1fd8eedeb1ff:192.168.164.217:40408, e618d93a-19a9-4b89-96f3-44f318818422:192.168.164.217:37953, 90c9f5c6-6de3-44e3-8d50-8a1447632052:192.168.164.217:36159], old=null
2019-11-05 08:28:05,863 [grpc-default-executor-2] INFO  impl.RaftServerImpl (RaftServerImpl.java:setRole(184)) - 90c9f5c6-6de3-44e3-8d50-8a1447632052@group-07DD719309DE: changes role from  FOLLOWER to FOLLOWER at term 13 for recognizeCandidate:6ab6cfca-dbae-4fc7-a842-1fd8eedeb1ff
2019-11-05 08:28:05,864 [grpc-default-executor-0] INFO  impl.RaftServerImpl (RaftServerImpl.java:setRole(184)) - e618d93a-19a9-4b89-96f3-44f318818422@group-07DD719309DE: changes role from  FOLLOWER to FOLLOWER at term 13 for recognizeCandidate:6ab6cfca-dbae-4fc7-a842-1fd8eedeb1ff
2019-11-05 08:28:05,864 [grpc-default-executor-2] INFO  impl.RoleInfo (RoleInfo.java:shutdownFollowerState(121)) - 90c9f5c6-6de3-44e3-8d50-8a1447632052: shutdown FollowerState
2019-11-05 08:28:05,864 [grpc-default-executor-0] INFO  impl.RoleInfo (RoleInfo.java:shutdownFollowerState(121)) - e618d93a-19a9-4b89-96f3-44f318818422: shutdown FollowerState
2019-11-05 08:28:05,864 [grpc-default-executor-2] INFO  impl.RoleInfo (RoleInfo.java:updateAndGet(143)) - 90c9f5c6-6de3-44e3-8d50-8a1447632052: start FollowerState
2019-11-05 08:28:05,864 [Thread-640] INFO  impl.FollowerState (FollowerState.java:run(117)) - 90c9f5c6-6de3-44e3-8d50-8a1447632052@group-07DD719309DE-FollowerState was interrupted: java.lang.InterruptedException: sleep interrupted
2019-11-05 08:28:05,864 [grpc-default-executor-0] INFO  impl.RoleInfo (RoleInfo.java:updateAndGet(143)) - e618d93a-19a9-4b89-96f3-44f318818422: start FollowerState
2019-11-05 08:28:05,864 [Thread-639] INFO  impl.FollowerState (FollowerState.java:run(117)) - e618d93a-19a9-4b89-96f3-44f318818422@group-07DD719309DE-FollowerState was interrupted: java.lang.InterruptedException: sleep interrupted
2019-11-05 08:28:05,881 [6ab6cfca-dbae-4fc7-a842-1fd8eedeb1ff@group-07DD719309DE-LeaderElection15] INFO  impl.LeaderElection (LeaderElection.java:logAndReturn(56)) - 6ab6cfca-dbae-4fc7-a842-1fd8eedeb1ff@group-07DD719309DE-LeaderElection15: Election REJECTED; received 2 response(s) [6ab6cfca-dbae-4fc7-a842-1fd8eedeb1ff<-e618d93a-19a9-4b89-96f3-44f318818422#0:FAIL-t13, 6ab6cfca-dbae-4fc7-a842-1fd8eedeb1ff<-90c9f5c6-6de3-44e3-8d50-8a1447632052#0:FAIL-t13] and 0 exception(s); 6ab6cfca-dbae-4fc7-a842-1fd8eedeb1ff@group-07DD719309DE:t13, leader=null, voted=6ab6cfca-dbae-4fc7-a842-1fd8eedeb1ff, raftlog=6ab6cfca-dbae-4fc7-a842-1fd8eedeb1ff@group-07DD719309DE-SegmentedRaftLog:OPENED:c5,f6,i6, conf=1: [6ab6cfca-dbae-4fc7-a842-1fd8eedeb1ff:192.168.164.217:40408, e618d93a-19a9-4b89-96f3-44f318818422:192.168.164.217:37953, 90c9f5c6-6de3-44e3-8d50-8a1447632052:192.168.164.217:36159], old=null
2019-11-05 08:28:05,881 [6ab6cfca-dbae-4fc7-a842-1fd8eedeb1ff@group-07DD719309DE-LeaderElection15] INFO  impl.RaftServerImpl (RaftServerImpl.java:setRole(184)) - 6ab6cfca-dbae-4fc7-a842-1fd8eedeb1ff@group-07DD719309DE: changes role from CANDIDATE to FOLLOWER at term 13 for DISCOVERED_A_NEW_TERM
2019-11-05 08:28:05,882 [6ab6cfca-dbae-4fc7-a842-1fd8eedeb1ff@group-07DD719309DE-LeaderElection15] INFO  impl.RoleInfo (RoleInfo.java:shutdownLeaderElection(134)) - 6ab6cfca-dbae-4fc7-a842-1fd8eedeb1ff: shutdown LeaderElection
2019-11-05 08:28:05,882 [6ab6cfca-dbae-4fc7-a842-1fd8eedeb1ff@group-07DD719309DE-LeaderElection15] INFO  impl.RoleInfo (RoleInfo.java:updateAndGet(143)) - 6ab6cfca-dbae-4fc7-a842-1fd8eedeb1ff: start FollowerState
2019-11-05 08:28:05,988 [BlockDeletingService#2] WARN  background.BlockDeletingService (BlockDeletingService.java:isDeletionAllowed(187)) - Close Container log Index 8 is not replicated across allthe servers in the pipeline 91d82eec-d61e-45ed-83e6-07dd719309de as the min replicated index is 6. Deletion is not allowed in this container yet.
2019-11-05 08:28:05,988 [BlockDeletingService#6] WARN  background.BlockDeletingService (BlockDeletingService.java:isDeletionAllowed(187)) - Close Container log Index 8 is not replicated across allthe servers in the pipeline 91d82eec-d61e-45ed-83e6-07dd719309de as the min replicated index is 6. Deletion is not allowed in this container yet.
2019-11-05 08:28:06,042 [Thread-647] INFO  impl.FollowerState (FollowerState.java:run(108)) - 6ab6cfca-dbae-4fc7-a842-1fd8eedeb1ff@group-07DD719309DE-FollowerState: change to CANDIDATE, lastRpcTime:160ms, electionTimeout:160ms
2019-11-05 08:28:06,043 [Thread-647] INFO  impl.RoleInfo (RoleInfo.java:shutdownFollowerState(121)) - 6ab6cfca-dbae-4fc7-a842-1fd8eedeb1ff: shutdown FollowerState
2019-11-05 08:28:06,043 [Thread-647] INFO  impl.RaftServerImpl (RaftServerImpl.java:setRole(184)) - 6ab6cfca-dbae-4fc7-a842-1fd8eedeb1ff@group-07DD719309DE: changes role from  FOLLOWER to CANDIDATE at term 13 for changeToCandidate
2019-11-05 08:28:06,043 [Thread-647] INFO  impl.RoleInfo (RoleInfo.java:updateAndGet(143)) - 6ab6cfca-dbae-4fc7-a842-1fd8eedeb1ff: start LeaderElection
2019-11-05 08:28:06,058 [6ab6cfca-dbae-4fc7-a842-1fd8eedeb1ff@group-07DD719309DE-LeaderElection16] INFO  impl.LeaderElection (LeaderElection.java:askForVotes(178)) - 6ab6cfca-dbae-4fc7-a842-1fd8eedeb1ff@group-07DD719309DE-LeaderElection16: begin an election at term 14 for 1: [6ab6cfca-dbae-4fc7-a842-1fd8eedeb1ff:192.168.164.217:40408, e618d93a-19a9-4b89-96f3-44f318818422:192.168.164.217:37953, 90c9f5c6-6de3-44e3-8d50-8a1447632052:192.168.164.217:36159], old=null
2019-11-05 08:28:06,063 [grpc-default-executor-0] INFO  impl.RaftServerImpl (RaftServerImpl.java:setRole(184)) - e618d93a-19a9-4b89-96f3-44f318818422@group-07DD719309DE: changes role from  FOLLOWER to FOLLOWER at term 14 for recognizeCandidate:6ab6cfca-dbae-4fc7-a842-1fd8eedeb1ff
2019-11-05 08:28:06,063 [grpc-default-executor-8] INFO  impl.RaftServerImpl (RaftServerImpl.java:setRole(184)) - 90c9f5c6-6de3-44e3-8d50-8a1447632052@group-07DD719309DE: changes role from  FOLLOWER to FOLLOWER at term 14 for recognizeCandidate:6ab6cfca-dbae-4fc7-a842-1fd8eedeb1ff
2019-11-05 08:28:06,063 [grpc-default-executor-0] INFO  impl.RoleInfo (RoleInfo.java:shutdownFollowerState(121)) - e618d93a-19a9-4b89-96f3-44f318818422: shutdown FollowerState
2019-11-05 08:28:06,063 [grpc-default-executor-8] INFO  impl.RoleInfo (RoleInfo.java:shutdownFollowerState(121)) - 90c9f5c6-6de3-44e3-8d50-8a1447632052: shutdown FollowerState
2019-11-05 08:28:06,063 [Thread-646] INFO  impl.FollowerState (FollowerState.java:run(117)) - e618d93a-19a9-4b89-96f3-44f318818422@group-07DD719309DE-FollowerState was interrupted: java.lang.InterruptedException: sleep interrupted
2019-11-05 08:28:06,063 [grpc-default-executor-0] INFO  impl.RoleInfo (RoleInfo.java:updateAndGet(143)) - e618d93a-19a9-4b89-96f3-44f318818422: start FollowerState
2019-11-05 08:28:06,064 [Thread-645] INFO  impl.FollowerState (FollowerState.java:run(117)) - 90c9f5c6-6de3-44e3-8d50-8a1447632052@group-07DD719309DE-FollowerState was interrupted: java.lang.InterruptedException: sleep interrupted
2019-11-05 08:28:06,064 [grpc-default-executor-8] INFO  impl.RoleInfo (RoleInfo.java:updateAndGet(143)) - 90c9f5c6-6de3-44e3-8d50-8a1447632052: start FollowerState
2019-11-05 08:28:06,076 [6ab6cfca-dbae-4fc7-a842-1fd8eedeb1ff@group-07DD719309DE-LeaderElection16] INFO  impl.LeaderElection (LeaderElection.java:logAndReturn(56)) - 6ab6cfca-dbae-4fc7-a842-1fd8eedeb1ff@group-07DD719309DE-LeaderElection16: Election REJECTED; received 2 response(s) [6ab6cfca-dbae-4fc7-a842-1fd8eedeb1ff<-e618d93a-19a9-4b89-96f3-44f318818422#0:FAIL-t14, 6ab6cfca-dbae-4fc7-a842-1fd8eedeb1ff<-90c9f5c6-6de3-44e3-8d50-8a1447632052#0:FAIL-t14] and 0 exception(s); 6ab6cfca-dbae-4fc7-a842-1fd8eedeb1ff@group-07DD719309DE:t14, leader=null, voted=6ab6cfca-dbae-4fc7-a842-1fd8eedeb1ff, raftlog=6ab6cfca-dbae-4fc7-a842-1fd8eedeb1ff@group-07DD719309DE-SegmentedRaftLog:OPENED:c5,f6,i6, conf=1: [6ab6cfca-dbae-4fc7-a842-1fd8eedeb1ff:192.168.164.217:40408, e618d93a-19a9-4b89-96f3-44f318818422:192.168.164.217:37953, 90c9f5c6-6de3-44e3-8d50-8a1447632052:192.168.164.217:36159], old=null
2019-11-05 08:28:06,076 [6ab6cfca-dbae-4fc7-a842-1fd8eedeb1ff@group-07DD719309DE-LeaderElection16] INFO  impl.RaftServerImpl (RaftServerImpl.java:setRole(184)) - 6ab6cfca-dbae-4fc7-a842-1fd8eedeb1ff@group-07DD719309DE: changes role from CANDIDATE to FOLLOWER at term 14 for DISCOVERED_A_NEW_TERM
2019-11-05 08:28:06,077 [6ab6cfca-dbae-4fc7-a842-1fd8eedeb1ff@group-07DD719309DE-LeaderElection16] INFO  impl.RoleInfo (RoleInfo.java:shutdownLeaderElection(134)) - 6ab6cfca-dbae-4fc7-a842-1fd8eedeb1ff: shutdown LeaderElection
2019-11-05 08:28:06,077 [6ab6cfca-dbae-4fc7-a842-1fd8eedeb1ff@group-07DD719309DE-LeaderElection16] INFO  impl.RoleInfo (RoleInfo.java:updateAndGet(143)) - 6ab6cfca-dbae-4fc7-a842-1fd8eedeb1ff: start FollowerState
2019-11-05 08:28:06,239 [Thread-655] INFO  impl.FollowerState (FollowerState.java:run(108)) - 6ab6cfca-dbae-4fc7-a842-1fd8eedeb1ff@group-07DD719309DE-FollowerState: change to CANDIDATE, lastRpcTime:162ms, electionTimeout:162ms
2019-11-05 08:28:06,240 [Thread-655] INFO  impl.RoleInfo (RoleInfo.java:shutdownFollowerState(121)) - 6ab6cfca-dbae-4fc7-a842-1fd8eedeb1ff: shutdown FollowerState
2019-11-05 08:28:06,240 [Thread-655] INFO  impl.RaftServerImpl (RaftServerImpl.java:setRole(184)) - 6ab6cfca-dbae-4fc7-a842-1fd8eedeb1ff@group-07DD719309DE: changes role from  FOLLOWER to CANDIDATE at term 14 for changeToCandidate
2019-11-05 08:28:06,240 [Thread-655] INFO  impl.RoleInfo (RoleInfo.java:updateAndGet(143)) - 6ab6cfca-dbae-4fc7-a842-1fd8eedeb1ff: start LeaderElection
2019-11-05 08:28:06,255 [6ab6cfca-dbae-4fc7-a842-1fd8eedeb1ff@group-07DD719309DE-LeaderElection17] INFO  impl.LeaderElection (LeaderElection.java:askForVotes(178)) - 6ab6cfca-dbae-4fc7-a842-1fd8eedeb1ff@group-07DD719309DE-LeaderElection17: begin an election at term 15 for 1: [6ab6cfca-dbae-4fc7-a842-1fd8eedeb1ff:192.168.164.217:40408, e618d93a-19a9-4b89-96f3-44f318818422:192.168.164.217:37953, 90c9f5c6-6de3-44e3-8d50-8a1447632052:192.168.164.217:36159], old=null
2019-11-05 08:28:06,261 [grpc-default-executor-8] INFO  impl.RaftServerImpl (RaftServerImpl.java:setRole(184)) - e618d93a-19a9-4b89-96f3-44f318818422@group-07DD719309DE: changes role from  FOLLOWER to FOLLOWER at term 15 for recognizeCandidate:6ab6cfca-dbae-4fc7-a842-1fd8eedeb1ff
2019-11-05 08:28:06,261 [grpc-default-executor-8] INFO  impl.RoleInfo (RoleInfo.java:shutdownFollowerState(121)) - e618d93a-19a9-4b89-96f3-44f318818422: shutdown FollowerState
2019-11-05 08:28:06,261 [grpc-default-executor-0] INFO  impl.RaftServerImpl (RaftServerImpl.java:setRole(184)) - 90c9f5c6-6de3-44e3-8d50-8a1447632052@group-07DD719309DE: changes role from  FOLLOWER to FOLLOWER at term 15 for recognizeCandidate:6ab6cfca-dbae-4fc7-a842-1fd8eedeb1ff
2019-11-05 08:28:06,261 [Thread-653] INFO  impl.FollowerState (FollowerState.java:run(117)) - e618d93a-19a9-4b89-96f3-44f318818422@group-07DD719309DE-FollowerState was interrupted: java.lang.InterruptedException: sleep interrupted
2019-11-05 08:28:06,261 [grpc-default-executor-8] INFO  impl.RoleInfo (RoleInfo.java:updateAndGet(143)) - e618d93a-19a9-4b89-96f3-44f318818422: start FollowerState
2019-11-05 08:28:06,261 [grpc-default-executor-0] INFO  impl.RoleInfo (RoleInfo.java:shutdownFollowerState(121)) - 90c9f5c6-6de3-44e3-8d50-8a1447632052: shutdown FollowerState
2019-11-05 08:28:06,263 [Thread-654] INFO  impl.FollowerState (FollowerState.java:run(117)) - 90c9f5c6-6de3-44e3-8d50-8a1447632052@group-07DD719309DE-FollowerState was interrupted: java.lang.InterruptedException: sleep interrupted
2019-11-05 08:28:06,263 [grpc-default-executor-0] INFO  impl.RoleInfo (RoleInfo.java:updateAndGet(143)) - 90c9f5c6-6de3-44e3-8d50-8a1447632052: start FollowerState
2019-11-05 08:28:06,277 [6ab6cfca-dbae-4fc7-a842-1fd8eedeb1ff@group-07DD719309DE-LeaderElection17] INFO  impl.LeaderElection (LeaderElection.java:logAndReturn(56)) - 6ab6cfca-dbae-4fc7-a842-1fd8eedeb1ff@group-07DD719309DE-LeaderElection17: Election REJECTED; received 2 response(s) [6ab6cfca-dbae-4fc7-a842-1fd8eedeb1ff<-e618d93a-19a9-4b89-96f3-44f318818422#0:FAIL-t15, 6ab6cfca-dbae-4fc7-a842-1fd8eedeb1ff<-90c9f5c6-6de3-44e3-8d50-8a1447632052#0:FAIL-t15] and 0 exception(s); 6ab6cfca-dbae-4fc7-a842-1fd8eedeb1ff@group-07DD719309DE:t15, leader=null, voted=6ab6cfca-dbae-4fc7-a842-1fd8eedeb1ff, raftlog=6ab6cfca-dbae-4fc7-a842-1fd8eedeb1ff@group-07DD719309DE-SegmentedRaftLog:OPENED:c5,f6,i6, conf=1: [6ab6cfca-dbae-4fc7-a842-1fd8eedeb1ff:192.168.164.217:40408, e618d93a-19a9-4b89-96f3-44f318818422:192.168.164.217:37953, 90c9f5c6-6de3-44e3-8d50-8a1447632052:192.168.164.217:36159], old=null
2019-11-05 08:28:06,277 [6ab6cfca-dbae-4fc7-a842-1fd8eedeb1ff@group-07DD719309DE-LeaderElection17] INFO  impl.RaftServerImpl (RaftServerImpl.java:setRole(184)) - 6ab6cfca-dbae-4fc7-a842-1fd8eedeb1ff@group-07DD719309DE: changes role from CANDIDATE to FOLLOWER at term 15 for DISCOVERED_A_NEW_TERM
2019-11-05 08:28:06,277 [6ab6cfca-dbae-4fc7-a842-1fd8eedeb1ff@group-07DD719309DE-LeaderElection17] INFO  impl.RoleInfo (RoleInfo.java:shutdownLeaderElection(134)) - 6ab6cfca-dbae-4fc7-a842-1fd8eedeb1ff: shutdown LeaderElection
2019-11-05 08:28:06,277 [6ab6cfca-dbae-4fc7-a842-1fd8eedeb1ff@group-07DD719309DE-LeaderElection17] INFO  impl.RoleInfo (RoleInfo.java:updateAndGet(143)) - 6ab6cfca-dbae-4fc7-a842-1fd8eedeb1ff: start FollowerState
2019-11-05 08:28:06,297 [Thread-662] INFO  impl.FollowerState (FollowerState.java:run(108)) - 6ab6cfca-dbae-4fc7-a842-1fd8eedeb1ff@group-07DD719309DE-FollowerState: change to CANDIDATE, lastRpcTime:19ms, electionTimeout:19ms
2019-11-05 08:28:06,298 [Thread-662] INFO  impl.RoleInfo (RoleInfo.java:shutdownFollowerState(121)) - 6ab6cfca-dbae-4fc7-a842-1fd8eedeb1ff: shutdown FollowerState
2019-11-05 08:28:06,298 [Thread-662] INFO  impl.RaftServerImpl (RaftServerImpl.java:setRole(184)) - 6ab6cfca-dbae-4fc7-a842-1fd8eedeb1ff@group-07DD719309DE: changes role from  FOLLOWER to CANDIDATE at term 15 for changeToCandidate
2019-11-05 08:28:06,298 [Thread-662] INFO  impl.RoleInfo (RoleInfo.java:updateAndGet(143)) - 6ab6cfca-dbae-4fc7-a842-1fd8eedeb1ff: start LeaderElection
2019-11-05 08:28:06,313 [6ab6cfca-dbae-4fc7-a842-1fd8eedeb1ff@group-07DD719309DE-LeaderElection18] INFO  impl.LeaderElection (LeaderElection.java:askForVotes(178)) - 6ab6cfca-dbae-4fc7-a842-1fd8eedeb1ff@group-07DD719309DE-LeaderElection18: begin an election at term 16 for 1: [6ab6cfca-dbae-4fc7-a842-1fd8eedeb1ff:192.168.164.217:40408, e618d93a-19a9-4b89-96f3-44f318818422:192.168.164.217:37953, 90c9f5c6-6de3-44e3-8d50-8a1447632052:192.168.164.217:36159], old=null
2019-11-05 08:28:06,318 [grpc-default-executor-0] INFO  impl.RaftServerImpl (RaftServerImpl.java:setRole(184)) - e618d93a-19a9-4b89-96f3-44f318818422@group-07DD719309DE: changes role from  FOLLOWER to FOLLOWER at term 16 for recognizeCandidate:6ab6cfca-dbae-4fc7-a842-1fd8eedeb1ff
2019-11-05 08:28:06,318 [grpc-default-executor-8] INFO  impl.RaftServerImpl (RaftServerImpl.java:setRole(184)) - 90c9f5c6-6de3-44e3-8d50-8a1447632052@group-07DD719309DE: changes role from  FOLLOWER to FOLLOWER at term 16 for recognizeCandidate:6ab6cfca-dbae-4fc7-a842-1fd8eedeb1ff
2019-11-05 08:28:06,318 [grpc-default-executor-0] INFO  impl.RoleInfo (RoleInfo.java:shutdownFollowerState(121)) - e618d93a-19a9-4b89-96f3-44f318818422: shutdown FollowerState
2019-11-05 08:28:06,318 [grpc-default-executor-8] INFO  impl.RoleInfo (RoleInfo.java:shutdownFollowerState(121)) - 90c9f5c6-6de3-44e3-8d50-8a1447632052: shutdown FollowerState
2019-11-05 08:28:06,318 [Thread-660] INFO  impl.FollowerState (FollowerState.java:run(117)) - e618d93a-19a9-4b89-96f3-44f318818422@group-07DD719309DE-FollowerState was interrupted: java.lang.InterruptedException: sleep interrupted
2019-11-05 08:28:06,318 [grpc-default-executor-0] INFO  impl.RoleInfo (RoleInfo.java:updateAndGet(143)) - e618d93a-19a9-4b89-96f3-44f318818422: start FollowerState
2019-11-05 08:28:06,318 [Thread-661] INFO  impl.FollowerState (FollowerState.java:run(117)) - 90c9f5c6-6de3-44e3-8d50-8a1447632052@group-07DD719309DE-FollowerState was interrupted: java.lang.InterruptedException: sleep interrupted
2019-11-05 08:28:06,318 [grpc-default-executor-8] INFO  impl.RoleInfo (RoleInfo.java:updateAndGet(143)) - 90c9f5c6-6de3-44e3-8d50-8a1447632052: start FollowerState
2019-11-05 08:28:06,330 [Thread-669] INFO  client.GrpcClientProtocolService (GrpcClientProtocolService.java:lambda$processClientRequest$0(278)) - Failed RaftClientRequest:client-C29D9280812C->e618d93a-19a9-4b89-96f3-44f318818422@group-07DD719309DE, cid=10, seq=0, Watch-ALL_COMMITTED(8), Message:<EMPTY>, reply=RaftClientReply:client-C29D9280812C->e618d93a-19a9-4b89-96f3-44f318818422@group-07DD719309DE, cid=10, FAILED org.apache.ratis.protocol.NotLeaderException: Server e618d93a-19a9-4b89-96f3-44f318818422@group-07DD719309DE is not the leader, logIndex=0, commits[e618d93a-19a9-4b89-96f3-44f318818422:c12, 6ab6cfca-dbae-4fc7-a842-1fd8eedeb1ff:c6, 90c9f5c6-6de3-44e3-8d50-8a1447632052:c12]
2019-11-05 08:28:06,336 [6ab6cfca-dbae-4fc7-a842-1fd8eedeb1ff@group-07DD719309DE-LeaderElection18] INFO  impl.LeaderElection (LeaderElection.java:logAndReturn(56)) - 6ab6cfca-dbae-4fc7-a842-1fd8eedeb1ff@group-07DD719309DE-LeaderElection18: Election REJECTED; received 2 response(s) [6ab6cfca-dbae-4fc7-a842-1fd8eedeb1ff<-e618d93a-19a9-4b89-96f3-44f318818422#0:FAIL-t16, 6ab6cfca-dbae-4fc7-a842-1fd8eedeb1ff<-90c9f5c6-6de3-44e3-8d50-8a1447632052#0:FAIL-t16] and 0 exception(s); 6ab6cfca-dbae-4fc7-a842-1fd8eedeb1ff@group-07DD719309DE:t16, leader=null, voted=6ab6cfca-dbae-4fc7-a842-1fd8eedeb1ff, raftlog=6ab6cfca-dbae-4fc7-a842-1fd8eedeb1ff@group-07DD719309DE-SegmentedRaftLog:OPENED:c5,f6,i6, conf=1: [6ab6cfca-dbae-4fc7-a842-1fd8eedeb1ff:192.168.164.217:40408, e618d93a-19a9-4b89-96f3-44f318818422:192.168.164.217:37953, 90c9f5c6-6de3-44e3-8d50-8a1447632052:192.168.164.217:36159], old=null
2019-11-05 08:28:06,337 [6ab6cfca-dbae-4fc7-a842-1fd8eedeb1ff@group-07DD719309DE-LeaderElection18] INFO  impl.RaftServerImpl (RaftServerImpl.java:setRole(184)) - 6ab6cfca-dbae-4fc7-a842-1fd8eedeb1ff@group-07DD719309DE: changes role from CANDIDATE to FOLLOWER at term 16 for DISCOVERED_A_NEW_TERM
2019-11-05 08:28:06,337 [6ab6cfca-dbae-4fc7-a842-1fd8eedeb1ff@group-07DD719309DE-LeaderElection18] INFO  impl.RoleInfo (RoleInfo.java:shutdownLeaderElection(134)) - 6ab6cfca-dbae-4fc7-a842-1fd8eedeb1ff: shutdown LeaderElection
2019-11-05 08:28:06,337 [6ab6cfca-dbae-4fc7-a842-1fd8eedeb1ff@group-07DD719309DE-LeaderElection18] INFO  impl.RoleInfo (RoleInfo.java:updateAndGet(143)) - 6ab6cfca-dbae-4fc7-a842-1fd8eedeb1ff: start FollowerState
2019-11-05 08:28:06,494 [Thread-671] INFO  impl.FollowerState (FollowerState.java:run(108)) - 6ab6cfca-dbae-4fc7-a842-1fd8eedeb1ff@group-07DD719309DE-FollowerState: change to CANDIDATE, lastRpcTime:156ms, electionTimeout:152ms
2019-11-05 08:28:06,495 [Thread-671] INFO  impl.RoleInfo (RoleInfo.java:shutdownFollowerState(121)) - 6ab6cfca-dbae-4fc7-a842-1fd8eedeb1ff: shutdown FollowerState
2019-11-05 08:28:06,495 [Thread-671] INFO  impl.RaftServerImpl (RaftServerImpl.java:setRole(184)) - 6ab6cfca-dbae-4fc7-a842-1fd8eedeb1ff@group-07DD719309DE: changes role from  FOLLOWER to CANDIDATE at term 16 for changeToCandidate
2019-11-05 08:28:06,495 [Thread-671] INFO  impl.RoleInfo (RoleInfo.java:updateAndGet(143)) - 6ab6cfca-dbae-4fc7-a842-1fd8eedeb1ff: start LeaderElection
2019-11-05 08:28:06,510 [6ab6cfca-dbae-4fc7-a842-1fd8eedeb1ff@group-07DD719309DE-LeaderElection19] INFO  impl.LeaderElection (LeaderElection.java:askForVotes(178)) - 6ab6cfca-dbae-4fc7-a842-1fd8eedeb1ff@group-07DD719309DE-LeaderElection19: begin an election at term 17 for 1: [6ab6cfca-dbae-4fc7-a842-1fd8eedeb1ff:192.168.164.217:40408, e618d93a-19a9-4b89-96f3-44f318818422:192.168.164.217:37953, 90c9f5c6-6de3-44e3-8d50-8a1447632052:192.168.164.217:36159], old=null
2019-11-05 08:28:06,514 [grpc-default-executor-0] INFO  impl.RaftServerImpl (RaftServerImpl.java:setRole(184)) - 90c9f5c6-6de3-44e3-8d50-8a1447632052@group-07DD719309DE: changes role from  FOLLOWER to FOLLOWER at term 17 for recognizeCandidate:6ab6cfca-dbae-4fc7-a842-1fd8eedeb1ff
2019-11-05 08:28:06,514 [grpc-default-executor-8] INFO  impl.RaftServerImpl (RaftServerImpl.java:setRole(184)) - e618d93a-19a9-4b89-96f3-44f318818422@group-07DD719309DE: changes role from  FOLLOWER to FOLLOWER at term 17 for recognizeCandidate:6ab6cfca-dbae-4fc7-a842-1fd8eedeb1ff
2019-11-05 08:28:06,515 [grpc-default-executor-0] INFO  impl.RoleInfo (RoleInfo.java:shutdownFollowerState(121)) - 90c9f5c6-6de3-44e3-8d50-8a1447632052: shutdown FollowerState
2019-11-05 08:28:06,515 [grpc-default-executor-8] INFO  impl.RoleInfo (RoleInfo.java:shutdownFollowerState(121)) - e618d93a-19a9-4b89-96f3-44f318818422: shutdown FollowerState
2019-11-05 08:28:06,515 [Thread-667] INFO  impl.FollowerState (FollowerState.java:run(117)) - 90c9f5c6-6de3-44e3-8d50-8a1447632052@group-07DD719309DE-FollowerState was interrupted: java.lang.InterruptedException: sleep interrupted
2019-11-05 08:28:06,515 [grpc-default-executor-0] INFO  impl.RoleInfo (RoleInfo.java:updateAndGet(143)) - 90c9f5c6-6de3-44e3-8d50-8a1447632052: start FollowerState
2019-11-05 08:28:06,515 [Thread-666] INFO  impl.FollowerState (FollowerState.java:run(117)) - e618d93a-19a9-4b89-96f3-44f318818422@group-07DD719309DE-FollowerState was interrupted: java.lang.InterruptedException: sleep interrupted
2019-11-05 08:28:06,515 [grpc-default-executor-8] INFO  impl.RoleInfo (RoleInfo.java:updateAndGet(143)) - e618d93a-19a9-4b89-96f3-44f318818422: start FollowerState
2019-11-05 08:28:06,533 [6ab6cfca-dbae-4fc7-a842-1fd8eedeb1ff@group-07DD719309DE-LeaderElection19] INFO  impl.LeaderElection (LeaderElection.java:logAndReturn(56)) - 6ab6cfca-dbae-4fc7-a842-1fd8eedeb1ff@group-07DD719309DE-LeaderElection19: Election REJECTED; received 2 response(s) [6ab6cfca-dbae-4fc7-a842-1fd8eedeb1ff<-e618d93a-19a9-4b89-96f3-44f318818422#0:FAIL-t17, 6ab6cfca-dbae-4fc7-a842-1fd8eedeb1ff<-90c9f5c6-6de3-44e3-8d50-8a1447632052#0:FAIL-t17] and 0 exception(s); 6ab6cfca-dbae-4fc7-a842-1fd8eedeb1ff@group-07DD719309DE:t17, leader=null, voted=6ab6cfca-dbae-4fc7-a842-1fd8eedeb1ff, raftlog=6ab6cfca-dbae-4fc7-a842-1fd8eedeb1ff@group-07DD719309DE-SegmentedRaftLog:OPENED:c5,f6,i6, conf=1: [6ab6cfca-dbae-4fc7-a842-1fd8eedeb1ff:192.168.164.217:40408, e618d93a-19a9-4b89-96f3-44f318818422:192.168.164.217:37953, 90c9f5c6-6de3-44e3-8d50-8a1447632052:192.168.164.217:36159], old=null
2019-11-05 08:28:06,533 [6ab6cfca-dbae-4fc7-a842-1fd8eedeb1ff@group-07DD719309DE-LeaderElection19] INFO  impl.RaftServerImpl (RaftServerImpl.java:setRole(184)) - 6ab6cfca-dbae-4fc7-a842-1fd8eedeb1ff@group-07DD719309DE: changes role from CANDIDATE to FOLLOWER at term 17 for DISCOVERED_A_NEW_TERM
2019-11-05 08:28:06,533 [6ab6cfca-dbae-4fc7-a842-1fd8eedeb1ff@group-07DD719309DE-LeaderElection19] INFO  impl.RoleInfo (RoleInfo.java:shutdownLeaderElection(134)) - 6ab6cfca-dbae-4fc7-a842-1fd8eedeb1ff: shutdown LeaderElection
2019-11-05 08:28:06,534 [6ab6cfca-dbae-4fc7-a842-1fd8eedeb1ff@group-07DD719309DE-LeaderElection19] INFO  impl.RoleInfo (RoleInfo.java:updateAndGet(143)) - 6ab6cfca-dbae-4fc7-a842-1fd8eedeb1ff: start FollowerState
2019-11-05 08:28:06,585 [pool-7-thread-3] INFO  commands.RetriableDatanodeEventWatcher (RetriableDatanodeEventWatcher.java:onTimeout(47)) - RetriableDatanodeCommand type=deleteBlocksCommand with id=1572942482583 timed out. Retrying.
2019-11-05 08:28:06,590 [pool-7-thread-2] INFO  commands.RetriableDatanodeEventWatcher (RetriableDatanodeEventWatcher.java:onTimeout(47)) - RetriableDatanodeCommand type=deleteBlocksCommand with id=1572942482582 timed out. Retrying.
2019-11-05 08:28:06,591 [pool-7-thread-1] INFO  commands.RetriableDatanodeEventWatcher (RetriableDatanodeEventWatcher.java:onTimeout(47)) - RetriableDatanodeCommand type=deleteBlocksCommand with id=1572942482581 timed out. Retrying.
2019-11-05 08:28:06,591 [SCMBlockDeletingService#0] INFO  block.SCMBlockDeletingService (SCMBlockDeletingService.java:call(184)) - Totally added 1 delete blocks command for 1 datanodes, task elapsed time: 1ms
2019-11-05 08:28:06,591 [pool-7-thread-4] INFO  commands.RetriableDatanodeEventWatcher (RetriableDatanodeEventWatcher.java:onTimeout(47)) - RetriableDatanodeCommand type=deleteBlocksCommand with id=1572942482584 timed out. Retrying.
2019-11-05 08:28:06,593 [Thread-677] INFO  impl.FollowerState (FollowerState.java:run(108)) - 6ab6cfca-dbae-4fc7-a842-1fd8eedeb1ff@group-07DD719309DE-FollowerState: change to CANDIDATE, lastRpcTime:59ms, electionTimeout:59ms
2019-11-05 08:28:06,594 [Thread-677] INFO  impl.RoleInfo (RoleInfo.java:shutdownFollowerState(121)) - 6ab6cfca-dbae-4fc7-a842-1fd8eedeb1ff: shutdown FollowerState
2019-11-05 08:28:06,594 [Thread-677] INFO  impl.RaftServerImpl (RaftServerImpl.java:setRole(184)) - 6ab6cfca-dbae-4fc7-a842-1fd8eedeb1ff@group-07DD719309DE: changes role from  FOLLOWER to CANDIDATE at term 17 for changeToCandidate
2019-11-05 08:28:06,594 [Thread-677] INFO  impl.RoleInfo (RoleInfo.java:updateAndGet(143)) - 6ab6cfca-dbae-4fc7-a842-1fd8eedeb1ff: start LeaderElection
2019-11-05 08:28:06,608 [6ab6cfca-dbae-4fc7-a842-1fd8eedeb1ff@group-07DD719309DE-LeaderElection20] INFO  impl.LeaderElection (LeaderElection.java:askForVotes(178)) - 6ab6cfca-dbae-4fc7-a842-1fd8eedeb1ff@group-07DD719309DE-LeaderElection20: begin an election at term 18 for 1: [6ab6cfca-dbae-4fc7-a842-1fd8eedeb1ff:192.168.164.217:40408, e618d93a-19a9-4b89-96f3-44f318818422:192.168.164.217:37953, 90c9f5c6-6de3-44e3-8d50-8a1447632052:192.168.164.217:36159], old=null
2019-11-05 08:28:06,613 [grpc-default-executor-0] INFO  impl.RaftServerImpl (RaftServerImpl.java:setRole(184)) - e618d93a-19a9-4b89-96f3-44f318818422@group-07DD719309DE: changes role from  FOLLOWER to FOLLOWER at term 18 for recognizeCandidate:6ab6cfca-dbae-4fc7-a842-1fd8eedeb1ff
2019-11-05 08:28:06,613 [grpc-default-executor-0] INFO  impl.RoleInfo (RoleInfo.java:shutdownFollowerState(121)) - e618d93a-19a9-4b89-96f3-44f318818422: shutdown FollowerState
2019-11-05 08:28:06,614 [grpc-default-executor-0] INFO  impl.RoleInfo (RoleInfo.java:updateAndGet(143)) - e618d93a-19a9-4b89-96f3-44f318818422: start FollowerState
2019-11-05 08:28:06,614 [Thread-676] INFO  impl.FollowerState (FollowerState.java:run(117)) - e618d93a-19a9-4b89-96f3-44f318818422@group-07DD719309DE-FollowerState was interrupted: java.lang.InterruptedException: sleep interrupted
2019-11-05 08:28:06,614 [grpc-default-executor-8] INFO  impl.RaftServerImpl (RaftServerImpl.java:setRole(184)) - 90c9f5c6-6de3-44e3-8d50-8a1447632052@group-07DD719309DE: changes role from  FOLLOWER to FOLLOWER at term 18 for recognizeCandidate:6ab6cfca-dbae-4fc7-a842-1fd8eedeb1ff
2019-11-05 08:28:06,615 [grpc-default-executor-8] INFO  impl.RoleInfo (RoleInfo.java:shutdownFollowerState(121)) - 90c9f5c6-6de3-44e3-8d50-8a1447632052: shutdown FollowerState
2019-11-05 08:28:06,616 [grpc-default-executor-8] INFO  impl.RoleInfo (RoleInfo.java:updateAndGet(143)) - 90c9f5c6-6de3-44e3-8d50-8a1447632052: start FollowerState
2019-11-05 08:28:06,616 [Thread-675] INFO  impl.FollowerState (FollowerState.java:run(117)) - 90c9f5c6-6de3-44e3-8d50-8a1447632052@group-07DD719309DE-FollowerState was interrupted: java.lang.InterruptedException: sleep interrupted
2019-11-05 08:28:06,629 [6ab6cfca-dbae-4fc7-a842-1fd8eedeb1ff@group-07DD719309DE-LeaderElection20] INFO  impl.LeaderElection (LeaderElection.java:logAndReturn(56)) - 6ab6cfca-dbae-4fc7-a842-1fd8eedeb1ff@group-07DD719309DE-LeaderElection20: Election REJECTED; received 2 response(s) [6ab6cfca-dbae-4fc7-a842-1fd8eedeb1ff<-e618d93a-19a9-4b89-96f3-44f318818422#0:FAIL-t18, 6ab6cfca-dbae-4fc7-a842-1fd8eedeb1ff<-90c9f5c6-6de3-44e3-8d50-8a1447632052#0:FAIL-t18] and 0 exception(s); 6ab6cfca-dbae-4fc7-a842-1fd8eedeb1ff@group-07DD719309DE:t18, leader=null, voted=6ab6cfca-dbae-4fc7-a842-1fd8eedeb1ff, raftlog=6ab6cfca-dbae-4fc7-a842-1fd8eedeb1ff@group-07DD719309DE-SegmentedRaftLog:OPENED:c5,f6,i6, conf=1: [6ab6cfca-dbae-4fc7-a842-1fd8eedeb1ff:192.168.164.217:40408, e618d93a-19a9-4b89-96f3-44f318818422:192.168.164.217:37953, 90c9f5c6-6de3-44e3-8d50-8a1447632052:192.168.164.217:36159], old=null
2019-11-05 08:28:06,629 [6ab6cfca-dbae-4fc7-a842-1fd8eedeb1ff@group-07DD719309DE-LeaderElection20] INFO  impl.RaftServerImpl (RaftServerImpl.java:setRole(184)) - 6ab6cfca-dbae-4fc7-a842-1fd8eedeb1ff@group-07DD719309DE: changes role from CANDIDATE to FOLLOWER at term 18 for DISCOVERED_A_NEW_TERM
2019-11-05 08:28:06,630 [6ab6cfca-dbae-4fc7-a842-1fd8eedeb1ff@group-07DD719309DE-LeaderElection20] INFO  impl.RoleInfo (RoleInfo.java:shutdownLeaderElection(134)) - 6ab6cfca-dbae-4fc7-a842-1fd8eedeb1ff: shutdown LeaderElection
2019-11-05 08:28:06,630 [6ab6cfca-dbae-4fc7-a842-1fd8eedeb1ff@group-07DD719309DE-LeaderElection20] INFO  impl.RoleInfo (RoleInfo.java:updateAndGet(143)) - 6ab6cfca-dbae-4fc7-a842-1fd8eedeb1ff: start FollowerState
2019-11-05 08:28:06,694 [Thread-683] INFO  impl.FollowerState (FollowerState.java:run(108)) - 6ab6cfca-dbae-4fc7-a842-1fd8eedeb1ff@group-07DD719309DE-FollowerState: change to CANDIDATE, lastRpcTime:64ms, electionTimeout:64ms
2019-11-05 08:28:06,696 [Thread-683] INFO  impl.RoleInfo (RoleInfo.java:shutdownFollowerState(121)) - 6ab6cfca-dbae-4fc7-a842-1fd8eedeb1ff: shutdown FollowerState
2019-11-05 08:28:06,696 [Thread-683] INFO  impl.RaftServerImpl (RaftServerImpl.java:setRole(184)) - 6ab6cfca-dbae-4fc7-a842-1fd8eedeb1ff@group-07DD719309DE: changes role from  FOLLOWER to CANDIDATE at term 18 for changeToCandidate
2019-11-05 08:28:06,696 [Thread-683] INFO  impl.RoleInfo (RoleInfo.java:updateAndGet(143)) - 6ab6cfca-dbae-4fc7-a842-1fd8eedeb1ff: start LeaderElection
2019-11-05 08:28:06,711 [6ab6cfca-dbae-4fc7-a842-1fd8eedeb1ff@group-07DD719309DE-LeaderElection21] INFO  impl.LeaderElection (LeaderElection.java:askForVotes(178)) - 6ab6cfca-dbae-4fc7-a842-1fd8eedeb1ff@group-07DD719309DE-LeaderElection21: begin an election at term 19 for 1: [6ab6cfca-dbae-4fc7-a842-1fd8eedeb1ff:192.168.164.217:40408, e618d93a-19a9-4b89-96f3-44f318818422:192.168.164.217:37953, 90c9f5c6-6de3-44e3-8d50-8a1447632052:192.168.164.217:36159], old=null
2019-11-05 08:28:06,715 [grpc-default-executor-0] INFO  impl.RaftServerImpl (RaftServerImpl.java:setRole(184)) - e618d93a-19a9-4b89-96f3-44f318818422@group-07DD719309DE: changes role from  FOLLOWER to FOLLOWER at term 19 for recognizeCandidate:6ab6cfca-dbae-4fc7-a842-1fd8eedeb1ff
2019-11-05 08:28:06,716 [grpc-default-executor-0] INFO  impl.RoleInfo (RoleInfo.java:shutdownFollowerState(121)) - e618d93a-19a9-4b89-96f3-44f318818422: shutdown FollowerState
2019-11-05 08:28:06,717 [grpc-default-executor-0] INFO  impl.RoleInfo (RoleInfo.java:updateAndGet(143)) - e618d93a-19a9-4b89-96f3-44f318818422: start FollowerState
2019-11-05 08:28:06,717 [Thread-681] INFO  impl.FollowerState (FollowerState.java:run(117)) - e618d93a-19a9-4b89-96f3-44f318818422@group-07DD719309DE-FollowerState was interrupted: java.lang.InterruptedException: sleep interrupted
2019-11-05 08:28:06,717 [grpc-default-executor-8] INFO  impl.RaftServerImpl (RaftServerImpl.java:setRole(184)) - 90c9f5c6-6de3-44e3-8d50-8a1447632052@group-07DD719309DE: changes role from  FOLLOWER to FOLLOWER at term 19 for recognizeCandidate:6ab6cfca-dbae-4fc7-a842-1fd8eedeb1ff
2019-11-05 08:28:06,718 [grpc-default-executor-8] INFO  impl.RoleInfo (RoleInfo.java:shutdownFollowerState(121)) - 90c9f5c6-6de3-44e3-8d50-8a1447632052: shutdown FollowerState
2019-11-05 08:28:06,718 [grpc-default-executor-8] INFO  impl.RoleInfo (RoleInfo.java:updateAndGet(143)) - 90c9f5c6-6de3-44e3-8d50-8a1447632052: start FollowerState
2019-11-05 08:28:06,718 [Thread-682] INFO  impl.FollowerState (FollowerState.java:run(117)) - 90c9f5c6-6de3-44e3-8d50-8a1447632052@group-07DD719309DE-FollowerState was interrupted: java.lang.InterruptedException: sleep interrupted
2019-11-05 08:28:06,733 [6ab6cfca-dbae-4fc7-a842-1fd8eedeb1ff@group-07DD719309DE-LeaderElection21] INFO  impl.LeaderElection (LeaderElection.java:logAndReturn(56)) - 6ab6cfca-dbae-4fc7-a842-1fd8eedeb1ff@group-07DD719309DE-LeaderElection21: Election REJECTED; received 2 response(s) [6ab6cfca-dbae-4fc7-a842-1fd8eedeb1ff<-e618d93a-19a9-4b89-96f3-44f318818422#0:FAIL-t19, 6ab6cfca-dbae-4fc7-a842-1fd8eedeb1ff<-90c9f5c6-6de3-44e3-8d50-8a1447632052#0:FAIL-t19] and 0 exception(s); 6ab6cfca-dbae-4fc7-a842-1fd8eedeb1ff@group-07DD719309DE:t19, leader=null, voted=6ab6cfca-dbae-4fc7-a842-1fd8eedeb1ff, raftlog=6ab6cfca-dbae-4fc7-a842-1fd8eedeb1ff@group-07DD719309DE-SegmentedRaftLog:OPENED:c5,f6,i6, conf=1: [6ab6cfca-dbae-4fc7-a842-1fd8eedeb1ff:192.168.164.217:40408, e618d93a-19a9-4b89-96f3-44f318818422:192.168.164.217:37953, 90c9f5c6-6de3-44e3-8d50-8a1447632052:192.168.164.217:36159], old=null
2019-11-05 08:28:06,733 [6ab6cfca-dbae-4fc7-a842-1fd8eedeb1ff@group-07DD719309DE-LeaderElection21] INFO  impl.RaftServerImpl (RaftServerImpl.java:setRole(184)) - 6ab6cfca-dbae-4fc7-a842-1fd8eedeb1ff@group-07DD719309DE: changes role from CANDIDATE to FOLLOWER at term 19 for DISCOVERED_A_NEW_TERM
2019-11-05 08:28:06,734 [6ab6cfca-dbae-4fc7-a842-1fd8eedeb1ff@group-07DD719309DE-LeaderElection21] INFO  impl.RoleInfo (RoleInfo.java:shutdownLeaderElection(134)) - 6ab6cfca-dbae-4fc7-a842-1fd8eedeb1ff: shutdown LeaderElection
2019-11-05 08:28:06,734 [6ab6cfca-dbae-4fc7-a842-1fd8eedeb1ff@group-07DD719309DE-LeaderElection21] INFO  impl.RoleInfo (RoleInfo.java:updateAndGet(143)) - 6ab6cfca-dbae-4fc7-a842-1fd8eedeb1ff: start FollowerState
2019-11-05 08:28:06,755 [Thread-689] INFO  impl.FollowerState (FollowerState.java:run(108)) - 6ab6cfca-dbae-4fc7-a842-1fd8eedeb1ff@group-07DD719309DE-FollowerState: change to CANDIDATE, lastRpcTime:21ms, electionTimeout:21ms
2019-11-05 08:28:06,756 [Thread-689] INFO  impl.RoleInfo (RoleInfo.java:shutdownFollowerState(121)) - 6ab6cfca-dbae-4fc7-a842-1fd8eedeb1ff: shutdown FollowerState
2019-11-05 08:28:06,756 [Thread-689] INFO  impl.RaftServerImpl (RaftServerImpl.java:setRole(184)) - 6ab6cfca-dbae-4fc7-a842-1fd8eedeb1ff@group-07DD719309DE: changes role from  FOLLOWER to CANDIDATE at term 19 for changeToCandidate
2019-11-05 08:28:06,757 [Thread-689] INFO  impl.RoleInfo (RoleInfo.java:updateAndGet(143)) - 6ab6cfca-dbae-4fc7-a842-1fd8eedeb1ff: start LeaderElection
2019-11-05 08:28:06,771 [6ab6cfca-dbae-4fc7-a842-1fd8eedeb1ff@group-07DD719309DE-LeaderElection22] INFO  impl.LeaderElection (LeaderElection.java:askForVotes(178)) - 6ab6cfca-dbae-4fc7-a842-1fd8eedeb1ff@group-07DD719309DE-LeaderElection22: begin an election at term 20 for 1: [6ab6cfca-dbae-4fc7-a842-1fd8eedeb1ff:192.168.164.217:40408, e618d93a-19a9-4b89-96f3-44f318818422:192.168.164.217:37953, 90c9f5c6-6de3-44e3-8d50-8a1447632052:192.168.164.217:36159], old=null
2019-11-05 08:28:06,772 [6ab6cfca-dbae-4fc7-a842-1fd8eedeb1ff@group-07DD719309DE-LeaderElection22] INFO  impl.LeaderElection (LeaderElection.java:logAndReturn(56)) - 6ab6cfca-dbae-4fc7-a842-1fd8eedeb1ff@group-07DD719309DE-LeaderElection22: Election TIMEOUT; received 0 response(s) [] and 0 exception(s); 6ab6cfca-dbae-4fc7-a842-1fd8eedeb1ff@group-07DD719309DE:t20, leader=null, voted=6ab6cfca-dbae-4fc7-a842-1fd8eedeb1ff, raftlog=6ab6cfca-dbae-4fc7-a842-1fd8eedeb1ff@group-07DD719309DE-SegmentedRaftLog:OPENED:c5,f6,i6, conf=1: [6ab6cfca-dbae-4fc7-a842-1fd8eedeb1ff:192.168.164.217:40408, e618d93a-19a9-4b89-96f3-44f318818422:192.168.164.217:37953, 90c9f5c6-6de3-44e3-8d50-8a1447632052:192.168.164.217:36159], old=null
2019-11-05 08:28:06,776 [grpc-default-executor-8] INFO  impl.RaftServerImpl (RaftServerImpl.java:setRole(184)) - 90c9f5c6-6de3-44e3-8d50-8a1447632052@group-07DD719309DE: changes role from  FOLLOWER to FOLLOWER at term 20 for recognizeCandidate:6ab6cfca-dbae-4fc7-a842-1fd8eedeb1ff
2019-11-05 08:28:06,776 [grpc-default-executor-0] INFO  impl.RaftServerImpl (RaftServerImpl.java:setRole(184)) - e618d93a-19a9-4b89-96f3-44f318818422@group-07DD719309DE: changes role from  FOLLOWER to FOLLOWER at term 20 for recognizeCandidate:6ab6cfca-dbae-4fc7-a842-1fd8eedeb1ff
2019-11-05 08:28:06,777 [grpc-default-executor-0] INFO  impl.RoleInfo (RoleInfo.java:shutdownFollowerState(121)) - e618d93a-19a9-4b89-96f3-44f318818422: shutdown FollowerState
2019-11-05 08:28:06,776 [grpc-default-executor-8] INFO  impl.RoleInfo (RoleInfo.java:shutdownFollowerState(121)) - 90c9f5c6-6de3-44e3-8d50-8a1447632052: shutdown FollowerState
2019-11-05 08:28:06,777 [Thread-687] INFO  impl.FollowerState (FollowerState.java:run(117)) - e618d93a-19a9-4b89-96f3-44f318818422@group-07DD719309DE-FollowerState was interrupted: java.lang.InterruptedException: sleep interrupted
2019-11-05 08:28:06,777 [grpc-default-executor-0] INFO  impl.RoleInfo (RoleInfo.java:updateAndGet(143)) - e618d93a-19a9-4b89-96f3-44f318818422: start FollowerState
2019-11-05 08:28:06,777 [Thread-688] INFO  impl.FollowerState (FollowerState.java:run(117)) - 90c9f5c6-6de3-44e3-8d50-8a1447632052@group-07DD719309DE-FollowerState was interrupted: java.lang.InterruptedException: sleep interrupted
2019-11-05 08:28:06,777 [grpc-default-executor-8] INFO  impl.RoleInfo (RoleInfo.java:updateAndGet(143)) - 90c9f5c6-6de3-44e3-8d50-8a1447632052: start FollowerState
2019-11-05 08:28:06,787 [6ab6cfca-dbae-4fc7-a842-1fd8eedeb1ff@group-07DD719309DE-LeaderElection22] INFO  impl.LeaderElection (LeaderElection.java:askForVotes(178)) - 6ab6cfca-dbae-4fc7-a842-1fd8eedeb1ff@group-07DD719309DE-LeaderElection22: begin an election at term 21 for 1: [6ab6cfca-dbae-4fc7-a842-1fd8eedeb1ff:192.168.164.217:40408, e618d93a-19a9-4b89-96f3-44f318818422:192.168.164.217:37953, 90c9f5c6-6de3-44e3-8d50-8a1447632052:192.168.164.217:36159], old=null
2019-11-05 08:28:06,791 [grpc-default-executor-0] INFO  impl.RaftServerImpl (RaftServerImpl.java:setRole(184)) - e618d93a-19a9-4b89-96f3-44f318818422@group-07DD719309DE: changes role from  FOLLOWER to FOLLOWER at term 21 for recognizeCandidate:6ab6cfca-dbae-4fc7-a842-1fd8eedeb1ff
2019-11-05 08:28:06,791 [grpc-default-executor-0] INFO  impl.RoleInfo (RoleInfo.java:shutdownFollowerState(121)) - e618d93a-19a9-4b89-96f3-44f318818422: shutdown FollowerState
2019-11-05 08:28:06,791 [grpc-default-executor-0] INFO  impl.RoleInfo (RoleInfo.java:updateAndGet(143)) - e618d93a-19a9-4b89-96f3-44f318818422: start FollowerState
2019-11-05 08:28:06,791 [grpc-default-executor-8] INFO  impl.RaftServerImpl (RaftServerImpl.java:setRole(184)) - 90c9f5c6-6de3-44e3-8d50-8a1447632052@group-07DD719309DE: changes role from  FOLLOWER to FOLLOWER at term 21 for recognizeCandidate:6ab6cfca-dbae-4fc7-a842-1fd8eedeb1ff
2019-11-05 08:28:06,791 [Thread-693] INFO  impl.FollowerState (FollowerState.java:run(117)) - e618d93a-19a9-4b89-96f3-44f318818422@group-07DD719309DE-FollowerState was interrupted: java.lang.InterruptedException: sleep interrupted
2019-11-05 08:28:06,791 [grpc-default-executor-8] INFO  impl.RoleInfo (RoleInfo.java:shutdownFollowerState(121)) - 90c9f5c6-6de3-44e3-8d50-8a1447632052: shutdown FollowerState
2019-11-05 08:28:06,793 [grpc-default-executor-8] INFO  impl.RoleInfo (RoleInfo.java:updateAndGet(143)) - 90c9f5c6-6de3-44e3-8d50-8a1447632052: start FollowerState
2019-11-05 08:28:06,793 [Thread-694] INFO  impl.FollowerState (FollowerState.java:run(117)) - 90c9f5c6-6de3-44e3-8d50-8a1447632052@group-07DD719309DE-FollowerState was interrupted: java.lang.InterruptedException: sleep interrupted
2019-11-05 08:28:06,808 [6ab6cfca-dbae-4fc7-a842-1fd8eedeb1ff@group-07DD719309DE-LeaderElection22] INFO  impl.LeaderElection (LeaderElection.java:logAndReturn(56)) - 6ab6cfca-dbae-4fc7-a842-1fd8eedeb1ff@group-07DD719309DE-LeaderElection22: Election REJECTED; received 2 response(s) [6ab6cfca-dbae-4fc7-a842-1fd8eedeb1ff<-e618d93a-19a9-4b89-96f3-44f318818422#0:FAIL-t21, 6ab6cfca-dbae-4fc7-a842-1fd8eedeb1ff<-90c9f5c6-6de3-44e3-8d50-8a1447632052#0:FAIL-t21] and 0 exception(s); 6ab6cfca-dbae-4fc7-a842-1fd8eedeb1ff@group-07DD719309DE:t21, leader=null, voted=6ab6cfca-dbae-4fc7-a842-1fd8eedeb1ff, raftlog=6ab6cfca-dbae-4fc7-a842-1fd8eedeb1ff@group-07DD719309DE-SegmentedRaftLog:OPENED:c5,f6,i6, conf=1: [6ab6cfca-dbae-4fc7-a842-1fd8eedeb1ff:192.168.164.217:40408, e618d93a-19a9-4b89-96f3-44f318818422:192.168.164.217:37953, 90c9f5c6-6de3-44e3-8d50-8a1447632052:192.168.164.217:36159], old=null
2019-11-05 08:28:06,808 [6ab6cfca-dbae-4fc7-a842-1fd8eedeb1ff@group-07DD719309DE-LeaderElection22] INFO  impl.RaftServerImpl (RaftServerImpl.java:setRole(184)) - 6ab6cfca-dbae-4fc7-a842-1fd8eedeb1ff@group-07DD719309DE: changes role from CANDIDATE to FOLLOWER at term 21 for DISCOVERED_A_NEW_TERM
2019-11-05 08:28:06,808 [6ab6cfca-dbae-4fc7-a842-1fd8eedeb1ff@group-07DD719309DE-LeaderElection22] INFO  impl.RoleInfo (RoleInfo.java:shutdownLeaderElection(134)) - 6ab6cfca-dbae-4fc7-a842-1fd8eedeb1ff: shutdown LeaderElection
2019-11-05 08:28:06,808 [6ab6cfca-dbae-4fc7-a842-1fd8eedeb1ff@group-07DD719309DE-LeaderElection22] INFO  impl.RoleInfo (RoleInfo.java:updateAndGet(143)) - 6ab6cfca-dbae-4fc7-a842-1fd8eedeb1ff: start FollowerState
2019-11-05 08:28:06,932 [Thread-699] INFO  impl.FollowerState (FollowerState.java:run(108)) - 6ab6cfca-dbae-4fc7-a842-1fd8eedeb1ff@group-07DD719309DE-FollowerState: change to CANDIDATE, lastRpcTime:123ms, electionTimeout:123ms
2019-11-05 08:28:06,934 [Thread-699] INFO  impl.RoleInfo (RoleInfo.java:shutdownFollowerState(121)) - 6ab6cfca-dbae-4fc7-a842-1fd8eedeb1ff: shutdown FollowerState
2019-11-05 08:28:06,934 [Thread-699] INFO  impl.RaftServerImpl (RaftServerImpl.java:setRole(184)) - 6ab6cfca-dbae-4fc7-a842-1fd8eedeb1ff@group-07DD719309DE: changes role from  FOLLOWER to CANDIDATE at term 21 for changeToCandidate
2019-11-05 08:28:06,934 [Thread-699] INFO  impl.RoleInfo (RoleInfo.java:updateAndGet(143)) - 6ab6cfca-dbae-4fc7-a842-1fd8eedeb1ff: start LeaderElection
2019-11-05 08:28:06,958 [6ab6cfca-dbae-4fc7-a842-1fd8eedeb1ff@group-07DD719309DE-LeaderElection23] INFO  impl.LeaderElection (LeaderElection.java:askForVotes(178)) - 6ab6cfca-dbae-4fc7-a842-1fd8eedeb1ff@group-07DD719309DE-LeaderElection23: begin an election at term 22 for 1: [6ab6cfca-dbae-4fc7-a842-1fd8eedeb1ff:192.168.164.217:40408, e618d93a-19a9-4b89-96f3-44f318818422:192.168.164.217:37953, 90c9f5c6-6de3-44e3-8d50-8a1447632052:192.168.164.217:36159], old=null
2019-11-05 08:28:06,962 [grpc-default-executor-8] INFO  impl.RaftServerImpl (RaftServerImpl.java:setRole(184)) - e618d93a-19a9-4b89-96f3-44f318818422@group-07DD719309DE: changes role from  FOLLOWER to FOLLOWER at term 22 for recognizeCandidate:6ab6cfca-dbae-4fc7-a842-1fd8eedeb1ff
2019-11-05 08:28:06,962 [grpc-default-executor-0] INFO  impl.RaftServerImpl (RaftServerImpl.java:setRole(184)) - 90c9f5c6-6de3-44e3-8d50-8a1447632052@group-07DD719309DE: changes role from  FOLLOWER to FOLLOWER at term 22 for recognizeCandidate:6ab6cfca-dbae-4fc7-a842-1fd8eedeb1ff
2019-11-05 08:28:06,962 [grpc-default-executor-8] INFO  impl.RoleInfo (RoleInfo.java:shutdownFollowerState(121)) - e618d93a-19a9-4b89-96f3-44f318818422: shutdown FollowerState
2019-11-05 08:28:06,962 [grpc-default-executor-0] INFO  impl.RoleInfo (RoleInfo.java:shutdownFollowerState(121)) - 90c9f5c6-6de3-44e3-8d50-8a1447632052: shutdown FollowerState
2019-11-05 08:28:06,963 [Thread-697] INFO  impl.FollowerState (FollowerState.java:run(117)) - e618d93a-19a9-4b89-96f3-44f318818422@group-07DD719309DE-FollowerState was interrupted: java.lang.InterruptedException: sleep interrupted
2019-11-05 08:28:06,963 [grpc-default-executor-8] INFO  impl.RoleInfo (RoleInfo.java:updateAndGet(143)) - e618d93a-19a9-4b89-96f3-44f318818422: start FollowerState
2019-11-05 08:28:06,963 [Thread-698] INFO  impl.FollowerState (FollowerState.java:run(117)) - 90c9f5c6-6de3-44e3-8d50-8a1447632052@group-07DD719309DE-FollowerState was interrupted: java.lang.InterruptedException: sleep interrupted
2019-11-05 08:28:06,963 [grpc-default-executor-0] INFO  impl.RoleInfo (RoleInfo.java:updateAndGet(143)) - 90c9f5c6-6de3-44e3-8d50-8a1447632052: start FollowerState
2019-11-05 08:28:06,972 [6ab6cfca-dbae-4fc7-a842-1fd8eedeb1ff@group-07DD719309DE-LeaderElection23] INFO  impl.LeaderElection (LeaderElection.java:logAndReturn(56)) - 6ab6cfca-dbae-4fc7-a842-1fd8eedeb1ff@group-07DD719309DE-LeaderElection23: Election REJECTED; received 2 response(s) [6ab6cfca-dbae-4fc7-a842-1fd8eedeb1ff<-e618d93a-19a9-4b89-96f3-44f318818422#0:FAIL-t22, 6ab6cfca-dbae-4fc7-a842-1fd8eedeb1ff<-90c9f5c6-6de3-44e3-8d50-8a1447632052#0:FAIL-t22] and 0 exception(s); 6ab6cfca-dbae-4fc7-a842-1fd8eedeb1ff@group-07DD719309DE:t22, leader=null, voted=6ab6cfca-dbae-4fc7-a842-1fd8eedeb1ff, raftlog=6ab6cfca-dbae-4fc7-a842-1fd8eedeb1ff@group-07DD719309DE-SegmentedRaftLog:OPENED:c5,f6,i6, conf=1: [6ab6cfca-dbae-4fc7-a842-1fd8eedeb1ff:192.168.164.217:40408, e618d93a-19a9-4b89-96f3-44f318818422:192.168.164.217:37953, 90c9f5c6-6de3-44e3-8d50-8a1447632052:192.168.164.217:36159], old=null
2019-11-05 08:28:06,972 [6ab6cfca-dbae-4fc7-a842-1fd8eedeb1ff@group-07DD719309DE-LeaderElection23] INFO  impl.RaftServerImpl (RaftServerImpl.java:setRole(184)) - 6ab6cfca-dbae-4fc7-a842-1fd8eedeb1ff@group-07DD719309DE: changes role from CANDIDATE to FOLLOWER at term 22 for DISCOVERED_A_NEW_TERM
2019-11-05 08:28:06,972 [6ab6cfca-dbae-4fc7-a842-1fd8eedeb1ff@group-07DD719309DE-LeaderElection23] INFO  impl.RoleInfo (RoleInfo.java:shutdownLeaderElection(134)) - 6ab6cfca-dbae-4fc7-a842-1fd8eedeb1ff: shutdown LeaderElection
2019-11-05 08:28:06,972 [6ab6cfca-dbae-4fc7-a842-1fd8eedeb1ff@group-07DD719309DE-LeaderElection23] INFO  impl.RoleInfo (RoleInfo.java:updateAndGet(143)) - 6ab6cfca-dbae-4fc7-a842-1fd8eedeb1ff: start FollowerState
2019-11-05 08:28:06,991 [BlockDeletingService#2] WARN  background.BlockDeletingService (BlockDeletingService.java:isDeletionAllowed(187)) - Close Container log Index 8 is not replicated across allthe servers in the pipeline 91d82eec-d61e-45ed-83e6-07dd719309de as the min replicated index is 6. Deletion is not allowed in this container yet.
2019-11-05 08:28:06,991 [BlockDeletingService#6] WARN  background.BlockDeletingService (BlockDeletingService.java:isDeletionAllowed(187)) - Close Container log Index 8 is not replicated across allthe servers in the pipeline 91d82eec-d61e-45ed-83e6-07dd719309de as the min replicated index is 6. Deletion is not allowed in this container yet.
2019-11-05 08:28:07,048 [EventQueue-PendingDeleteStatusForPendingDeleteHandler] INFO  block.SCMBlockDeletingService (SCMBlockDeletingService.java:handlePendingDeletes(115)) - Block deletion txnID mismatch in datanode 6ab6cfca-dbae-4fc7-a842-1fd8eedeb1ff for containerID 1. Datanode delete txnID: 0, SCM txnID: 1
2019-11-05 08:28:07,164 [Thread-705] INFO  impl.FollowerState (FollowerState.java:run(108)) - 6ab6cfca-dbae-4fc7-a842-1fd8eedeb1ff@group-07DD719309DE-FollowerState: change to CANDIDATE, lastRpcTime:190ms, electionTimeout:189ms
2019-11-05 08:28:07,177 [Thread-705] INFO  impl.RoleInfo (RoleInfo.java:shutdownFollowerState(121)) - 6ab6cfca-dbae-4fc7-a842-1fd8eedeb1ff: shutdown FollowerState
2019-11-05 08:28:07,177 [Thread-705] INFO  impl.RaftServerImpl (RaftServerImpl.java:setRole(184)) - 6ab6cfca-dbae-4fc7-a842-1fd8eedeb1ff@group-07DD719309DE: changes role from  FOLLOWER to CANDIDATE at term 22 for changeToCandidate
2019-11-05 08:28:07,177 [Thread-705] INFO  impl.RoleInfo (RoleInfo.java:updateAndGet(143)) - 6ab6cfca-dbae-4fc7-a842-1fd8eedeb1ff: start LeaderElection
2019-11-05 08:28:07,185 [6ab6cfca-dbae-4fc7-a842-1fd8eedeb1ff@group-07DD719309DE-LeaderElection24] INFO  impl.LeaderElection (LeaderElection.java:askForVotes(178)) - 6ab6cfca-dbae-4fc7-a842-1fd8eedeb1ff@group-07DD719309DE-LeaderElection24: begin an election at term 23 for 1: [6ab6cfca-dbae-4fc7-a842-1fd8eedeb1ff:192.168.164.217:40408, e618d93a-19a9-4b89-96f3-44f318818422:192.168.164.217:37953, 90c9f5c6-6de3-44e3-8d50-8a1447632052:192.168.164.217:36159], old=null
2019-11-05 08:28:07,190 [grpc-default-executor-0] INFO  impl.RaftServerImpl (RaftServerImpl.java:setRole(184)) - e618d93a-19a9-4b89-96f3-44f318818422@group-07DD719309DE: changes role from  FOLLOWER to FOLLOWER at term 23 for recognizeCandidate:6ab6cfca-dbae-4fc7-a842-1fd8eedeb1ff
2019-11-05 08:28:07,190 [grpc-default-executor-8] INFO  impl.RaftServerImpl (RaftServerImpl.java:setRole(184)) - 90c9f5c6-6de3-44e3-8d50-8a1447632052@group-07DD719309DE: changes role from  FOLLOWER to FOLLOWER at term 23 for recognizeCandidate:6ab6cfca-dbae-4fc7-a842-1fd8eedeb1ff
2019-11-05 08:28:07,190 [grpc-default-executor-0] INFO  impl.RoleInfo (RoleInfo.java:shutdownFollowerState(121)) - e618d93a-19a9-4b89-96f3-44f318818422: shutdown FollowerState
2019-11-05 08:28:07,190 [grpc-default-executor-8] INFO  impl.RoleInfo (RoleInfo.java:shutdownFollowerState(121)) - 90c9f5c6-6de3-44e3-8d50-8a1447632052: shutdown FollowerState
2019-11-05 08:28:07,190 [grpc-default-executor-0] INFO  impl.RoleInfo (RoleInfo.java:updateAndGet(143)) - e618d93a-19a9-4b89-96f3-44f318818422: start FollowerState
2019-11-05 08:28:07,190 [Thread-703] INFO  impl.FollowerState (FollowerState.java:run(117)) - e618d93a-19a9-4b89-96f3-44f318818422@group-07DD719309DE-FollowerState was interrupted: java.lang.InterruptedException: sleep interrupted
2019-11-05 08:28:07,191 [grpc-default-executor-8] INFO  impl.RoleInfo (RoleInfo.java:updateAndGet(143)) - 90c9f5c6-6de3-44e3-8d50-8a1447632052: start FollowerState
2019-11-05 08:28:07,191 [Thread-704] INFO  impl.FollowerState (FollowerState.java:run(117)) - 90c9f5c6-6de3-44e3-8d50-8a1447632052@group-07DD719309DE-FollowerState was interrupted: java.lang.InterruptedException: sleep interrupted
2019-11-05 08:28:07,211 [6ab6cfca-dbae-4fc7-a842-1fd8eedeb1ff@group-07DD719309DE-LeaderElection24] INFO  impl.LeaderElection (LeaderElection.java:logAndReturn(56)) - 6ab6cfca-dbae-4fc7-a842-1fd8eedeb1ff@group-07DD719309DE-LeaderElection24: Election REJECTED; received 2 response(s) [6ab6cfca-dbae-4fc7-a842-1fd8eedeb1ff<-e618d93a-19a9-4b89-96f3-44f318818422#0:FAIL-t23, 6ab6cfca-dbae-4fc7-a842-1fd8eedeb1ff<-90c9f5c6-6de3-44e3-8d50-8a1447632052#0:FAIL-t23] and 0 exception(s); 6ab6cfca-dbae-4fc7-a842-1fd8eedeb1ff@group-07DD719309DE:t23, leader=null, voted=6ab6cfca-dbae-4fc7-a842-1fd8eedeb1ff, raftlog=6ab6cfca-dbae-4fc7-a842-1fd8eedeb1ff@group-07DD719309DE-SegmentedRaftLog:OPENED:c5,f6,i6, conf=1: [6ab6cfca-dbae-4fc7-a842-1fd8eedeb1ff:192.168.164.217:40408, e618d93a-19a9-4b89-96f3-44f318818422:192.168.164.217:37953, 90c9f5c6-6de3-44e3-8d50-8a1447632052:192.168.164.217:36159], old=null
2019-11-05 08:28:07,211 [6ab6cfca-dbae-4fc7-a842-1fd8eedeb1ff@group-07DD719309DE-LeaderElection24] INFO  impl.RaftServerImpl (RaftServerImpl.java:setRole(184)) - 6ab6cfca-dbae-4fc7-a842-1fd8eedeb1ff@group-07DD719309DE: changes role from CANDIDATE to FOLLOWER at term 23 for DISCOVERED_A_NEW_TERM
2019-11-05 08:28:07,211 [6ab6cfca-dbae-4fc7-a842-1fd8eedeb1ff@group-07DD719309DE-LeaderElection24] INFO  impl.RoleInfo (RoleInfo.java:shutdownLeaderElection(134)) - 6ab6cfca-dbae-4fc7-a842-1fd8eedeb1ff: shutdown LeaderElection
2019-11-05 08:28:07,212 [6ab6cfca-dbae-4fc7-a842-1fd8eedeb1ff@group-07DD719309DE-LeaderElection24] INFO  impl.RoleInfo (RoleInfo.java:updateAndGet(143)) - 6ab6cfca-dbae-4fc7-a842-1fd8eedeb1ff: start FollowerState
2019-11-05 08:28:07,286 [Thread-714] INFO  impl.FollowerState (FollowerState.java:run(108)) - 6ab6cfca-dbae-4fc7-a842-1fd8eedeb1ff@group-07DD719309DE-FollowerState: change to CANDIDATE, lastRpcTime:74ms, electionTimeout:74ms
2019-11-05 08:28:07,287 [Thread-714] INFO  impl.RoleInfo (RoleInfo.java:shutdownFollowerState(121)) - 6ab6cfca-dbae-4fc7-a842-1fd8eedeb1ff: shutdown FollowerState
2019-11-05 08:28:07,287 [Thread-714] INFO  impl.RaftServerImpl (RaftServerImpl.java:setRole(184)) - 6ab6cfca-dbae-4fc7-a842-1fd8eedeb1ff@group-07DD719309DE: changes role from  FOLLOWER to CANDIDATE at term 23 for changeToCandidate
2019-11-05 08:28:07,288 [Thread-714] INFO  impl.RoleInfo (RoleInfo.java:updateAndGet(143)) - 6ab6cfca-dbae-4fc7-a842-1fd8eedeb1ff: start LeaderElection
2019-11-05 08:28:07,293 [java.util.concurrent.ThreadPoolExecutor$Worker@a0f9458[State = -1, empty queue]] WARN  server.GrpcLogAppender (GrpcLogAppender.java:timeoutAppendRequest(209)) - 90c9f5c6-6de3-44e3-8d50-8a1447632052@group-07DD719309DE->6ab6cfca-dbae-4fc7-a842-1fd8eedeb1ff-GrpcLogAppender: appendEntries Timeout, request=90c9f5c6-6de3-44e3-8d50-8a1447632052->6ab6cfca-dbae-4fc7-a842-1fd8eedeb1ff#54-t9, previous=(t:9, i:12), leaderCommit=12, initializing? false, entries: <empty>
2019-11-05 08:28:07,302 [6ab6cfca-dbae-4fc7-a842-1fd8eedeb1ff@group-07DD719309DE-LeaderElection25] INFO  impl.LeaderElection (LeaderElection.java:askForVotes(178)) - 6ab6cfca-dbae-4fc7-a842-1fd8eedeb1ff@group-07DD719309DE-LeaderElection25: begin an election at term 24 for 1: [6ab6cfca-dbae-4fc7-a842-1fd8eedeb1ff:192.168.164.217:40408, e618d93a-19a9-4b89-96f3-44f318818422:192.168.164.217:37953, 90c9f5c6-6de3-44e3-8d50-8a1447632052:192.168.164.217:36159], old=null
2019-11-05 08:28:07,305 [grpc-default-executor-0] INFO  impl.RaftServerImpl (RaftServerImpl.java:setRole(184)) - e618d93a-19a9-4b89-96f3-44f318818422@group-07DD719309DE: changes role from  FOLLOWER to FOLLOWER at term 24 for recognizeCandidate:6ab6cfca-dbae-4fc7-a842-1fd8eedeb1ff
2019-11-05 08:28:07,306 [grpc-default-executor-0] INFO  impl.RoleInfo (RoleInfo.java:shutdownFollowerState(121)) - e618d93a-19a9-4b89-96f3-44f318818422: shutdown FollowerState
2019-11-05 08:28:07,307 [grpc-default-executor-0] INFO  impl.RoleInfo (RoleInfo.java:updateAndGet(143)) - e618d93a-19a9-4b89-96f3-44f318818422: start FollowerState
2019-11-05 08:28:07,307 [Thread-712] INFO  impl.FollowerState (FollowerState.java:run(117)) - e618d93a-19a9-4b89-96f3-44f318818422@group-07DD719309DE-FollowerState was interrupted: java.lang.InterruptedException: sleep interrupted
2019-11-05 08:28:07,307 [grpc-default-executor-8] INFO  impl.RaftServerImpl (RaftServerImpl.java:setRole(184)) - 90c9f5c6-6de3-44e3-8d50-8a1447632052@group-07DD719309DE: changes role from  FOLLOWER to FOLLOWER at term 24 for recognizeCandidate:6ab6cfca-dbae-4fc7-a842-1fd8eedeb1ff
2019-11-05 08:28:07,307 [grpc-default-executor-8] INFO  impl.RoleInfo (RoleInfo.java:shutdownFollowerState(121)) - 90c9f5c6-6de3-44e3-8d50-8a1447632052: shutdown FollowerState
2019-11-05 08:28:07,307 [Thread-713] INFO  impl.FollowerState (FollowerState.java:run(117)) - 90c9f5c6-6de3-44e3-8d50-8a1447632052@group-07DD719309DE-FollowerState was interrupted: java.lang.InterruptedException: sleep interrupted
2019-11-05 08:28:07,307 [grpc-default-executor-8] INFO  impl.RoleInfo (RoleInfo.java:updateAndGet(143)) - 90c9f5c6-6de3-44e3-8d50-8a1447632052: start FollowerState
2019-11-05 08:28:07,322 [6ab6cfca-dbae-4fc7-a842-1fd8eedeb1ff@group-07DD719309DE-LeaderElection25] INFO  impl.LeaderElection (LeaderElection.java:logAndReturn(56)) - 6ab6cfca-dbae-4fc7-a842-1fd8eedeb1ff@group-07DD719309DE-LeaderElection25: Election REJECTED; received 2 response(s) [6ab6cfca-dbae-4fc7-a842-1fd8eedeb1ff<-e618d93a-19a9-4b89-96f3-44f318818422#0:FAIL-t24, 6ab6cfca-dbae-4fc7-a842-1fd8eedeb1ff<-90c9f5c6-6de3-44e3-8d50-8a1447632052#0:FAIL-t24] and 0 exception(s); 6ab6cfca-dbae-4fc7-a842-1fd8eedeb1ff@group-07DD719309DE:t24, leader=null, voted=6ab6cfca-dbae-4fc7-a842-1fd8eedeb1ff, raftlog=6ab6cfca-dbae-4fc7-a842-1fd8eedeb1ff@group-07DD719309DE-SegmentedRaftLog:OPENED:c5,f6,i6, conf=1: [6ab6cfca-dbae-4fc7-a842-1fd8eedeb1ff:192.168.164.217:40408, e618d93a-19a9-4b89-96f3-44f318818422:192.168.164.217:37953, 90c9f5c6-6de3-44e3-8d50-8a1447632052:192.168.164.217:36159], old=null
2019-11-05 08:28:07,322 [6ab6cfca-dbae-4fc7-a842-1fd8eedeb1ff@group-07DD719309DE-LeaderElection25] INFO  impl.RaftServerImpl (RaftServerImpl.java:setRole(184)) - 6ab6cfca-dbae-4fc7-a842-1fd8eedeb1ff@group-07DD719309DE: changes role from CANDIDATE to FOLLOWER at term 24 for DISCOVERED_A_NEW_TERM
2019-11-05 08:28:07,322 [6ab6cfca-dbae-4fc7-a842-1fd8eedeb1ff@group-07DD719309DE-LeaderElection25] INFO  impl.RoleInfo (RoleInfo.java:shutdownLeaderElection(134)) - 6ab6cfca-dbae-4fc7-a842-1fd8eedeb1ff: shutdown LeaderElection
2019-11-05 08:28:07,323 [6ab6cfca-dbae-4fc7-a842-1fd8eedeb1ff@group-07DD719309DE-LeaderElection25] INFO  impl.RoleInfo (RoleInfo.java:updateAndGet(143)) - 6ab6cfca-dbae-4fc7-a842-1fd8eedeb1ff: start FollowerState
2019-11-05 08:28:07,336 [Thread-720] INFO  impl.FollowerState (FollowerState.java:run(108)) - 6ab6cfca-dbae-4fc7-a842-1fd8eedeb1ff@group-07DD719309DE-FollowerState: change to CANDIDATE, lastRpcTime:13ms, electionTimeout:13ms
2019-11-05 08:28:07,337 [Thread-720] INFO  impl.RoleInfo (RoleInfo.java:shutdownFollowerState(121)) - 6ab6cfca-dbae-4fc7-a842-1fd8eedeb1ff: shutdown FollowerState
2019-11-05 08:28:07,337 [Thread-720] INFO  impl.RaftServerImpl (RaftServerImpl.java:setRole(184)) - 6ab6cfca-dbae-4fc7-a842-1fd8eedeb1ff@group-07DD719309DE: changes role from  FOLLOWER to CANDIDATE at term 24 for changeToCandidate
2019-11-05 08:28:07,337 [Thread-720] INFO  impl.RoleInfo (RoleInfo.java:updateAndGet(143)) - 6ab6cfca-dbae-4fc7-a842-1fd8eedeb1ff: start LeaderElection
2019-11-05 08:28:07,347 [Thread-723] INFO  client.GrpcClientProtocolService (GrpcClientProtocolService.java:lambda$processClientRequest$0(278)) - Failed RaftClientRequest:client-C29D9280812C->6ab6cfca-dbae-4fc7-a842-1fd8eedeb1ff@group-07DD719309DE, cid=10, seq=0, Watch-ALL_COMMITTED(8), Message:<EMPTY>, reply=RaftClientReply:client-C29D9280812C->6ab6cfca-dbae-4fc7-a842-1fd8eedeb1ff@group-07DD719309DE, cid=10, FAILED org.apache.ratis.protocol.NotLeaderException: Server 6ab6cfca-dbae-4fc7-a842-1fd8eedeb1ff@group-07DD719309DE is not the leader, logIndex=0, commits[6ab6cfca-dbae-4fc7-a842-1fd8eedeb1ff:c5]
2019-11-05 08:28:07,352 [6ab6cfca-dbae-4fc7-a842-1fd8eedeb1ff@group-07DD719309DE-LeaderElection26] INFO  impl.LeaderElection (LeaderElection.java:askForVotes(178)) - 6ab6cfca-dbae-4fc7-a842-1fd8eedeb1ff@group-07DD719309DE-LeaderElection26: begin an election at term 25 for 1: [6ab6cfca-dbae-4fc7-a842-1fd8eedeb1ff:192.168.164.217:40408, e618d93a-19a9-4b89-96f3-44f318818422:192.168.164.217:37953, 90c9f5c6-6de3-44e3-8d50-8a1447632052:192.168.164.217:36159], old=null
2019-11-05 08:28:07,355 [grpc-default-executor-0] INFO  impl.RaftServerImpl (RaftServerImpl.java:setRole(184)) - e618d93a-19a9-4b89-96f3-44f318818422@group-07DD719309DE: changes role from  FOLLOWER to FOLLOWER at term 25 for recognizeCandidate:6ab6cfca-dbae-4fc7-a842-1fd8eedeb1ff
2019-11-05 08:28:07,356 [grpc-default-executor-0] INFO  impl.RoleInfo (RoleInfo.java:shutdownFollowerState(121)) - e618d93a-19a9-4b89-96f3-44f318818422: shutdown FollowerState
2019-11-05 08:28:07,357 [Thread-718] INFO  impl.FollowerState (FollowerState.java:run(117)) - e618d93a-19a9-4b89-96f3-44f318818422@group-07DD719309DE-FollowerState was interrupted: java.lang.InterruptedException: sleep interrupted
2019-11-05 08:28:07,357 [grpc-default-executor-0] INFO  impl.RoleInfo (RoleInfo.java:updateAndGet(143)) - e618d93a-19a9-4b89-96f3-44f318818422: start FollowerState
2019-11-05 08:28:07,357 [grpc-default-executor-8] INFO  impl.RaftServerImpl (RaftServerImpl.java:setRole(184)) - 90c9f5c6-6de3-44e3-8d50-8a1447632052@group-07DD719309DE: changes role from  FOLLOWER to FOLLOWER at term 25 for recognizeCandidate:6ab6cfca-dbae-4fc7-a842-1fd8eedeb1ff
2019-11-05 08:28:07,357 [grpc-default-executor-8] INFO  impl.RoleInfo (RoleInfo.java:shutdownFollowerState(121)) - 90c9f5c6-6de3-44e3-8d50-8a1447632052: shutdown FollowerState
2019-11-05 08:28:07,358 [grpc-default-executor-8] INFO  impl.RoleInfo (RoleInfo.java:updateAndGet(143)) - 90c9f5c6-6de3-44e3-8d50-8a1447632052: start FollowerState
2019-11-05 08:28:07,358 [Thread-719] INFO  impl.FollowerState (FollowerState.java:run(117)) - 90c9f5c6-6de3-44e3-8d50-8a1447632052@group-07DD719309DE-FollowerState was interrupted: java.lang.InterruptedException: sleep interrupted
2019-11-05 08:28:07,371 [6ab6cfca-dbae-4fc7-a842-1fd8eedeb1ff@group-07DD719309DE-LeaderElection26] INFO  impl.LeaderElection (LeaderElection.java:logAndReturn(56)) - 6ab6cfca-dbae-4fc7-a842-1fd8eedeb1ff@group-07DD719309DE-LeaderElection26: Election REJECTED; received 2 response(s) [6ab6cfca-dbae-4fc7-a842-1fd8eedeb1ff<-e618d93a-19a9-4b89-96f3-44f318818422#0:FAIL-t25, 6ab6cfca-dbae-4fc7-a842-1fd8eedeb1ff<-90c9f5c6-6de3-44e3-8d50-8a1447632052#0:FAIL-t25] and 0 exception(s); 6ab6cfca-dbae-4fc7-a842-1fd8eedeb1ff@group-07DD719309DE:t25, leader=null, voted=6ab6cfca-dbae-4fc7-a842-1fd8eedeb1ff, raftlog=6ab6cfca-dbae-4fc7-a842-1fd8eedeb1ff@group-07DD719309DE-SegmentedRaftLog:OPENED:c5,f6,i6, conf=1: [6ab6cfca-dbae-4fc7-a842-1fd8eedeb1ff:192.168.164.217:40408, e618d93a-19a9-4b89-96f3-44f318818422:192.168.164.217:37953, 90c9f5c6-6de3-44e3-8d50-8a1447632052:192.168.164.217:36159], old=null
2019-11-05 08:28:07,372 [6ab6cfca-dbae-4fc7-a842-1fd8eedeb1ff@group-07DD719309DE-LeaderElection26] INFO  impl.RaftServerImpl (RaftServerImpl.java:setRole(184)) - 6ab6cfca-dbae-4fc7-a842-1fd8eedeb1ff@group-07DD719309DE: changes role from CANDIDATE to FOLLOWER at term 25 for DISCOVERED_A_NEW_TERM
2019-11-05 08:28:07,372 [6ab6cfca-dbae-4fc7-a842-1fd8eedeb1ff@group-07DD719309DE-LeaderElection26] INFO  impl.RoleInfo (RoleInfo.java:shutdownLeaderElection(134)) - 6ab6cfca-dbae-4fc7-a842-1fd8eedeb1ff: shutdown LeaderElection
2019-11-05 08:28:07,372 [6ab6cfca-dbae-4fc7-a842-1fd8eedeb1ff@group-07DD719309DE-LeaderElection26] INFO  impl.RoleInfo (RoleInfo.java:updateAndGet(143)) - 6ab6cfca-dbae-4fc7-a842-1fd8eedeb1ff: start FollowerState
2019-11-05 08:28:07,512 [Thread-729] INFO  impl.FollowerState (FollowerState.java:run(108)) - 6ab6cfca-dbae-4fc7-a842-1fd8eedeb1ff@group-07DD719309DE-FollowerState: change to CANDIDATE, lastRpcTime:140ms, electionTimeout:140ms
2019-11-05 08:28:07,514 [Thread-729] INFO  impl.RoleInfo (RoleInfo.java:shutdownFollowerState(121)) - 6ab6cfca-dbae-4fc7-a842-1fd8eedeb1ff: shutdown FollowerState
2019-11-05 08:28:07,514 [Thread-729] INFO  impl.RaftServerImpl (RaftServerImpl.java:setRole(184)) - 6ab6cfca-dbae-4fc7-a842-1fd8eedeb1ff@group-07DD719309DE: changes role from  FOLLOWER to CANDIDATE at term 25 for changeToCandidate
2019-11-05 08:28:07,514 [Thread-729] INFO  impl.RoleInfo (RoleInfo.java:updateAndGet(143)) - 6ab6cfca-dbae-4fc7-a842-1fd8eedeb1ff: start LeaderElection
2019-11-05 08:28:07,529 [6ab6cfca-dbae-4fc7-a842-1fd8eedeb1ff@group-07DD719309DE-LeaderElection27] INFO  impl.LeaderElection (LeaderElection.java:askForVotes(178)) - 6ab6cfca-dbae-4fc7-a842-1fd8eedeb1ff@group-07DD719309DE-LeaderElection27: begin an election at term 26 for 1: [6ab6cfca-dbae-4fc7-a842-1fd8eedeb1ff:192.168.164.217:40408, e618d93a-19a9-4b89-96f3-44f318818422:192.168.164.217:37953, 90c9f5c6-6de3-44e3-8d50-8a1447632052:192.168.164.217:36159], old=null
2019-11-05 08:28:07,537 [grpc-default-executor-0] INFO  impl.RaftServerImpl (RaftServerImpl.java:setRole(184)) - e618d93a-19a9-4b89-96f3-44f318818422@group-07DD719309DE: changes role from  FOLLOWER to FOLLOWER at term 26 for recognizeCandidate:6ab6cfca-dbae-4fc7-a842-1fd8eedeb1ff
2019-11-05 08:28:07,537 [grpc-default-executor-0] INFO  impl.RoleInfo (RoleInfo.java:shutdownFollowerState(121)) - e618d93a-19a9-4b89-96f3-44f318818422: shutdown FollowerState
2019-11-05 08:28:07,537 [grpc-default-executor-8] INFO  impl.RaftServerImpl (RaftServerImpl.java:setRole(184)) - 90c9f5c6-6de3-44e3-8d50-8a1447632052@group-07DD719309DE: changes role from  FOLLOWER to FOLLOWER at term 26 for recognizeCandidate:6ab6cfca-dbae-4fc7-a842-1fd8eedeb1ff
2019-11-05 08:28:07,537 [grpc-default-executor-0] INFO  impl.RoleInfo (RoleInfo.java:updateAndGet(143)) - e618d93a-19a9-4b89-96f3-44f318818422: start FollowerState
2019-11-05 08:28:07,537 [Thread-727] INFO  impl.FollowerState (FollowerState.java:run(117)) - e618d93a-19a9-4b89-96f3-44f318818422@group-07DD719309DE-FollowerState was interrupted: java.lang.InterruptedException: sleep interrupted
2019-11-05 08:28:07,537 [grpc-default-executor-8] INFO  impl.RoleInfo (RoleInfo.java:shutdownFollowerState(121)) - 90c9f5c6-6de3-44e3-8d50-8a1447632052: shutdown FollowerState
2019-11-05 08:28:07,538 [grpc-default-executor-8] INFO  impl.RoleInfo (RoleInfo.java:updateAndGet(143)) - 90c9f5c6-6de3-44e3-8d50-8a1447632052: start FollowerState
2019-11-05 08:28:07,538 [Thread-728] INFO  impl.FollowerState (FollowerState.java:run(117)) - 90c9f5c6-6de3-44e3-8d50-8a1447632052@group-07DD719309DE-FollowerState was interrupted: java.lang.InterruptedException: sleep interrupted
2019-11-05 08:28:07,554 [6ab6cfca-dbae-4fc7-a842-1fd8eedeb1ff@group-07DD719309DE-LeaderElection27] INFO  impl.LeaderElection (LeaderElection.java:logAndReturn(56)) - 6ab6cfca-dbae-4fc7-a842-1fd8eedeb1ff@group-07DD719309DE-LeaderElection27: Election REJECTED; received 2 response(s) [6ab6cfca-dbae-4fc7-a842-1fd8eedeb1ff<-e618d93a-19a9-4b89-96f3-44f318818422#0:FAIL-t26, 6ab6cfca-dbae-4fc7-a842-1fd8eedeb1ff<-90c9f5c6-6de3-44e3-8d50-8a1447632052#0:FAIL-t26] and 0 exception(s); 6ab6cfca-dbae-4fc7-a842-1fd8eedeb1ff@group-07DD719309DE:t26, leader=null, voted=6ab6cfca-dbae-4fc7-a842-1fd8eedeb1ff, raftlog=6ab6cfca-dbae-4fc7-a842-1fd8eedeb1ff@group-07DD719309DE-SegmentedRaftLog:OPENED:c5,f6,i6, conf=1: [6ab6cfca-dbae-4fc7-a842-1fd8eedeb1ff:192.168.164.217:40408, e618d93a-19a9-4b89-96f3-44f318818422:192.168.164.217:37953, 90c9f5c6-6de3-44e3-8d50-8a1447632052:192.168.164.217:36159], old=null
2019-11-05 08:28:07,555 [6ab6cfca-dbae-4fc7-a842-1fd8eedeb1ff@group-07DD719309DE-LeaderElection27] INFO  impl.RaftServerImpl (RaftServerImpl.java:setRole(184)) - 6ab6cfca-dbae-4fc7-a842-1fd8eedeb1ff@group-07DD719309DE: changes role from CANDIDATE to FOLLOWER at term 26 for DISCOVERED_A_NEW_TERM
2019-11-05 08:28:07,555 [6ab6cfca-dbae-4fc7-a842-1fd8eedeb1ff@group-07DD719309DE-LeaderElection27] INFO  impl.RoleInfo (RoleInfo.java:shutdownLeaderElection(134)) - 6ab6cfca-dbae-4fc7-a842-1fd8eedeb1ff: shutdown LeaderElection
2019-11-05 08:28:07,555 [6ab6cfca-dbae-4fc7-a842-1fd8eedeb1ff@group-07DD719309DE-LeaderElection27] INFO  impl.RoleInfo (RoleInfo.java:updateAndGet(143)) - 6ab6cfca-dbae-4fc7-a842-1fd8eedeb1ff: start FollowerState
2019-11-05 08:28:07,592 [pool-7-thread-2] INFO  commands.RetriableDatanodeEventWatcher (RetriableDatanodeEventWatcher.java:onTimeout(47)) - RetriableDatanodeCommand type=deleteBlocksCommand with id=1572942482581 timed out. Retrying.
2019-11-05 08:28:07,593 [SCMBlockDeletingService#0] INFO  block.SCMBlockDeletingService (SCMBlockDeletingService.java:call(184)) - Totally added 1 delete blocks command for 1 datanodes, task elapsed time: 1ms
2019-11-05 08:28:07,593 [pool-7-thread-5] INFO  commands.RetriableDatanodeEventWatcher (RetriableDatanodeEventWatcher.java:onTimeout(47)) - RetriableDatanodeCommand type=deleteBlocksCommand with id=1572942482584 timed out. Retrying.
2019-11-05 08:28:07,594 [pool-7-thread-3] INFO  commands.RetriableDatanodeEventWatcher (RetriableDatanodeEventWatcher.java:onTimeout(47)) - RetriableDatanodeCommand type=deleteBlocksCommand with id=1572942482585 timed out. Retrying.
2019-11-05 08:28:07,594 [pool-7-thread-4] INFO  commands.RetriableDatanodeEventWatcher (RetriableDatanodeEventWatcher.java:onTimeout(47)) - RetriableDatanodeCommand type=deleteBlocksCommand with id=1572942482583 timed out. Retrying.
2019-11-05 08:28:07,594 [pool-7-thread-1] INFO  commands.RetriableDatanodeEventWatcher (RetriableDatanodeEventWatcher.java:onTimeout(47)) - RetriableDatanodeCommand type=deleteBlocksCommand with id=1572942482582 timed out. Retrying.
2019-11-05 08:28:07,645 [Thread-735] INFO  impl.FollowerState (FollowerState.java:run(108)) - 6ab6cfca-dbae-4fc7-a842-1fd8eedeb1ff@group-07DD719309DE-FollowerState: change to CANDIDATE, lastRpcTime:90ms, electionTimeout:90ms
2019-11-05 08:28:07,645 [Thread-735] INFO  impl.RoleInfo (RoleInfo.java:shutdownFollowerState(121)) - 6ab6cfca-dbae-4fc7-a842-1fd8eedeb1ff: shutdown FollowerState
2019-11-05 08:28:07,646 [Thread-735] INFO  impl.RaftServerImpl (RaftServerImpl.java:setRole(184)) - 6ab6cfca-dbae-4fc7-a842-1fd8eedeb1ff@group-07DD719309DE: changes role from  FOLLOWER to CANDIDATE at term 26 for changeToCandidate
2019-11-05 08:28:07,646 [Thread-735] INFO  impl.RoleInfo (RoleInfo.java:updateAndGet(143)) - 6ab6cfca-dbae-4fc7-a842-1fd8eedeb1ff: start LeaderElection
2019-11-05 08:28:07,659 [6ab6cfca-dbae-4fc7-a842-1fd8eedeb1ff@group-07DD719309DE-LeaderElection28] INFO  impl.LeaderElection (LeaderElection.java:askForVotes(178)) - 6ab6cfca-dbae-4fc7-a842-1fd8eedeb1ff@group-07DD719309DE-LeaderElection28: begin an election at term 27 for 1: [6ab6cfca-dbae-4fc7-a842-1fd8eedeb1ff:192.168.164.217:40408, e618d93a-19a9-4b89-96f3-44f318818422:192.168.164.217:37953, 90c9f5c6-6de3-44e3-8d50-8a1447632052:192.168.164.217:36159], old=null
2019-11-05 08:28:07,662 [grpc-default-executor-8] INFO  impl.RaftServerImpl (RaftServerImpl.java:setRole(184)) - e618d93a-19a9-4b89-96f3-44f318818422@group-07DD719309DE: changes role from  FOLLOWER to FOLLOWER at term 27 for recognizeCandidate:6ab6cfca-dbae-4fc7-a842-1fd8eedeb1ff
2019-11-05 08:28:07,662 [grpc-default-executor-8] INFO  impl.RoleInfo (RoleInfo.java:shutdownFollowerState(121)) - e618d93a-19a9-4b89-96f3-44f318818422: shutdown FollowerState
2019-11-05 08:28:07,662 [grpc-default-executor-0] INFO  impl.RaftServerImpl (RaftServerImpl.java:setRole(184)) - 90c9f5c6-6de3-44e3-8d50-8a1447632052@group-07DD719309DE: changes role from  FOLLOWER to FOLLOWER at term 27 for recognizeCandidate:6ab6cfca-dbae-4fc7-a842-1fd8eedeb1ff
2019-11-05 08:28:07,662 [Thread-733] INFO  impl.FollowerState (FollowerState.java:run(117)) - e618d93a-19a9-4b89-96f3-44f318818422@group-07DD719309DE-FollowerState was interrupted: java.lang.InterruptedException: sleep interrupted
2019-11-05 08:28:07,662 [grpc-default-executor-8] INFO  impl.RoleInfo (RoleInfo.java:updateAndGet(143)) - e618d93a-19a9-4b89-96f3-44f318818422: start FollowerState
2019-11-05 08:28:07,662 [grpc-default-executor-0] INFO  impl.RoleInfo (RoleInfo.java:shutdownFollowerState(121)) - 90c9f5c6-6de3-44e3-8d50-8a1447632052: shutdown FollowerState
2019-11-05 08:28:07,663 [grpc-default-executor-0] INFO  impl.RoleInfo (RoleInfo.java:updateAndGet(143)) - 90c9f5c6-6de3-44e3-8d50-8a1447632052: start FollowerState
2019-11-05 08:28:07,663 [Thread-734] INFO  impl.FollowerState (FollowerState.java:run(117)) - 90c9f5c6-6de3-44e3-8d50-8a1447632052@group-07DD719309DE-FollowerState was interrupted: java.lang.InterruptedException: sleep interrupted
2019-11-05 08:28:07,677 [6ab6cfca-dbae-4fc7-a842-1fd8eedeb1ff@group-07DD719309DE-LeaderElection28] INFO  impl.LeaderElection (LeaderElection.java:logAndReturn(56)) - 6ab6cfca-dbae-4fc7-a842-1fd8eedeb1ff@group-07DD719309DE-LeaderElection28: Election REJECTED; received 2 response(s) [6ab6cfca-dbae-4fc7-a842-1fd8eedeb1ff<-e618d93a-19a9-4b89-96f3-44f318818422#0:FAIL-t27, 6ab6cfca-dbae-4fc7-a842-1fd8eedeb1ff<-90c9f5c6-6de3-44e3-8d50-8a1447632052#0:FAIL-t27] and 0 exception(s); 6ab6cfca-dbae-4fc7-a842-1fd8eedeb1ff@group-07DD719309DE:t27, leader=null, voted=6ab6cfca-dbae-4fc7-a842-1fd8eedeb1ff, raftlog=6ab6cfca-dbae-4fc7-a842-1fd8eedeb1ff@group-07DD719309DE-SegmentedRaftLog:OPENED:c5,f6,i6, conf=1: [6ab6cfca-dbae-4fc7-a842-1fd8eedeb1ff:192.168.164.217:40408, e618d93a-19a9-4b89-96f3-44f318818422:192.168.164.217:37953, 90c9f5c6-6de3-44e3-8d50-8a1447632052:192.168.164.217:36159], old=null
2019-11-05 08:28:07,677 [6ab6cfca-dbae-4fc7-a842-1fd8eedeb1ff@group-07DD719309DE-LeaderElection28] INFO  impl.RaftServerImpl (RaftServerImpl.java:setRole(184)) - 6ab6cfca-dbae-4fc7-a842-1fd8eedeb1ff@group-07DD719309DE: changes role from CANDIDATE to FOLLOWER at term 27 for DISCOVERED_A_NEW_TERM
2019-11-05 08:28:07,678 [6ab6cfca-dbae-4fc7-a842-1fd8eedeb1ff@group-07DD719309DE-LeaderElection28] INFO  impl.RoleInfo (RoleInfo.java:shutdownLeaderElection(134)) - 6ab6cfca-dbae-4fc7-a842-1fd8eedeb1ff: shutdown LeaderElection
2019-11-05 08:28:07,678 [6ab6cfca-dbae-4fc7-a842-1fd8eedeb1ff@group-07DD719309DE-LeaderElection28] INFO  impl.RoleInfo (RoleInfo.java:updateAndGet(143)) - 6ab6cfca-dbae-4fc7-a842-1fd8eedeb1ff: start FollowerState
2019-11-05 08:28:07,738 [Thread-741] INFO  impl.FollowerState (FollowerState.java:run(108)) - 6ab6cfca-dbae-4fc7-a842-1fd8eedeb1ff@group-07DD719309DE-FollowerState: change to CANDIDATE, lastRpcTime:60ms, electionTimeout:60ms
2019-11-05 08:28:07,740 [Thread-741] INFO  impl.RoleInfo (RoleInfo.java:shutdownFollowerState(121)) - 6ab6cfca-dbae-4fc7-a842-1fd8eedeb1ff: shutdown FollowerState
2019-11-05 08:28:07,740 [Thread-741] INFO  impl.RaftServerImpl (RaftServerImpl.java:setRole(184)) - 6ab6cfca-dbae-4fc7-a842-1fd8eedeb1ff@group-07DD719309DE: changes role from  FOLLOWER to CANDIDATE at term 27 for changeToCandidate
2019-11-05 08:28:07,740 [Thread-741] INFO  impl.RoleInfo (RoleInfo.java:updateAndGet(143)) - 6ab6cfca-dbae-4fc7-a842-1fd8eedeb1ff: start LeaderElection
2019-11-05 08:28:07,754 [6ab6cfca-dbae-4fc7-a842-1fd8eedeb1ff@group-07DD719309DE-LeaderElection29] INFO  impl.LeaderElection (LeaderElection.java:askForVotes(178)) - 6ab6cfca-dbae-4fc7-a842-1fd8eedeb1ff@group-07DD719309DE-LeaderElection29: begin an election at term 28 for 1: [6ab6cfca-dbae-4fc7-a842-1fd8eedeb1ff:192.168.164.217:40408, e618d93a-19a9-4b89-96f3-44f318818422:192.168.164.217:37953, 90c9f5c6-6de3-44e3-8d50-8a1447632052:192.168.164.217:36159], old=null
2019-11-05 08:28:07,756 [grpc-default-executor-0] INFO  impl.RaftServerImpl (RaftServerImpl.java:setRole(184)) - e618d93a-19a9-4b89-96f3-44f318818422@group-07DD719309DE: changes role from  FOLLOWER to FOLLOWER at term 28 for recognizeCandidate:6ab6cfca-dbae-4fc7-a842-1fd8eedeb1ff
2019-11-05 08:28:07,757 [grpc-default-executor-8] INFO  impl.RaftServerImpl (RaftServerImpl.java:setRole(184)) - 90c9f5c6-6de3-44e3-8d50-8a1447632052@group-07DD719309DE: changes role from  FOLLOWER to FOLLOWER at term 28 for recognizeCandidate:6ab6cfca-dbae-4fc7-a842-1fd8eedeb1ff
2019-11-05 08:28:07,757 [grpc-default-executor-0] INFO  impl.RoleInfo (RoleInfo.java:shutdownFollowerState(121)) - e618d93a-19a9-4b89-96f3-44f318818422: shutdown FollowerState
2019-11-05 08:28:07,757 [grpc-default-executor-8] INFO  impl.RoleInfo (RoleInfo.java:shutdownFollowerState(121)) - 90c9f5c6-6de3-44e3-8d50-8a1447632052: shutdown FollowerState
2019-11-05 08:28:07,757 [Thread-739] INFO  impl.FollowerState (FollowerState.java:run(117)) - e618d93a-19a9-4b89-96f3-44f318818422@group-07DD719309DE-FollowerState was interrupted: java.lang.InterruptedException: sleep interrupted
2019-11-05 08:28:07,757 [grpc-default-executor-0] INFO  impl.RoleInfo (RoleInfo.java:updateAndGet(143)) - e618d93a-19a9-4b89-96f3-44f318818422: start FollowerState
2019-11-05 08:28:07,757 [Thread-740] INFO  impl.FollowerState (FollowerState.java:run(117)) - 90c9f5c6-6de3-44e3-8d50-8a1447632052@group-07DD719309DE-FollowerState was interrupted: java.lang.InterruptedException: sleep interrupted
2019-11-05 08:28:07,757 [grpc-default-executor-8] INFO  impl.RoleInfo (RoleInfo.java:updateAndGet(143)) - 90c9f5c6-6de3-44e3-8d50-8a1447632052: start FollowerState
2019-11-05 08:28:07,772 [6ab6cfca-dbae-4fc7-a842-1fd8eedeb1ff@group-07DD719309DE-LeaderElection29] INFO  impl.LeaderElection (LeaderElection.java:logAndReturn(56)) - 6ab6cfca-dbae-4fc7-a842-1fd8eedeb1ff@group-07DD719309DE-LeaderElection29: Election REJECTED; received 2 response(s) [6ab6cfca-dbae-4fc7-a842-1fd8eedeb1ff<-e618d93a-19a9-4b89-96f3-44f318818422#0:FAIL-t28, 6ab6cfca-dbae-4fc7-a842-1fd8eedeb1ff<-90c9f5c6-6de3-44e3-8d50-8a1447632052#0:FAIL-t28] and 0 exception(s); 6ab6cfca-dbae-4fc7-a842-1fd8eedeb1ff@group-07DD719309DE:t28, leader=null, voted=6ab6cfca-dbae-4fc7-a842-1fd8eedeb1ff, raftlog=6ab6cfca-dbae-4fc7-a842-1fd8eedeb1ff@group-07DD719309DE-SegmentedRaftLog:OPENED:c5,f6,i6, conf=1: [6ab6cfca-dbae-4fc7-a842-1fd8eedeb1ff:192.168.164.217:40408, e618d93a-19a9-4b89-96f3-44f318818422:192.168.164.217:37953, 90c9f5c6-6de3-44e3-8d50-8a1447632052:192.168.164.217:36159], old=null
2019-11-05 08:28:07,772 [6ab6cfca-dbae-4fc7-a842-1fd8eedeb1ff@group-07DD719309DE-LeaderElection29] INFO  impl.RaftServerImpl (RaftServerImpl.java:setRole(184)) - 6ab6cfca-dbae-4fc7-a842-1fd8eedeb1ff@group-07DD719309DE: changes role from CANDIDATE to FOLLOWER at term 28 for DISCOVERED_A_NEW_TERM
2019-11-05 08:28:07,773 [6ab6cfca-dbae-4fc7-a842-1fd8eedeb1ff@group-07DD719309DE-LeaderElection29] INFO  impl.RoleInfo (RoleInfo.java:shutdownLeaderElection(134)) - 6ab6cfca-dbae-4fc7-a842-1fd8eedeb1ff: shutdown LeaderElection
2019-11-05 08:28:07,773 [6ab6cfca-dbae-4fc7-a842-1fd8eedeb1ff@group-07DD719309DE-LeaderElection29] INFO  impl.RoleInfo (RoleInfo.java:updateAndGet(143)) - 6ab6cfca-dbae-4fc7-a842-1fd8eedeb1ff: start FollowerState
2019-11-05 08:28:07,793 [Thread-747] INFO  impl.FollowerState (FollowerState.java:run(108)) - 6ab6cfca-dbae-4fc7-a842-1fd8eedeb1ff@group-07DD719309DE-FollowerState: change to CANDIDATE, lastRpcTime:20ms, electionTimeout:20ms
2019-11-05 08:28:07,795 [Thread-747] INFO  impl.RoleInfo (RoleInfo.java:shutdownFollowerState(121)) - 6ab6cfca-dbae-4fc7-a842-1fd8eedeb1ff: shutdown FollowerState
2019-11-05 08:28:07,795 [Thread-747] INFO  impl.RaftServerImpl (RaftServerImpl.java:setRole(184)) - 6ab6cfca-dbae-4fc7-a842-1fd8eedeb1ff@group-07DD719309DE: changes role from  FOLLOWER to CANDIDATE at term 28 for changeToCandidate
2019-11-05 08:28:07,795 [Thread-747] INFO  impl.RoleInfo (RoleInfo.java:updateAndGet(143)) - 6ab6cfca-dbae-4fc7-a842-1fd8eedeb1ff: start LeaderElection
2019-11-05 08:28:07,809 [6ab6cfca-dbae-4fc7-a842-1fd8eedeb1ff@group-07DD719309DE-LeaderElection30] INFO  impl.LeaderElection (LeaderElection.java:askForVotes(178)) - 6ab6cfca-dbae-4fc7-a842-1fd8eedeb1ff@group-07DD719309DE-LeaderElection30: begin an election at term 29 for 1: [6ab6cfca-dbae-4fc7-a842-1fd8eedeb1ff:192.168.164.217:40408, e618d93a-19a9-4b89-96f3-44f318818422:192.168.164.217:37953, 90c9f5c6-6de3-44e3-8d50-8a1447632052:192.168.164.217:36159], old=null
2019-11-05 08:28:07,811 [grpc-default-executor-8] INFO  impl.RaftServerImpl (RaftServerImpl.java:setRole(184)) - 90c9f5c6-6de3-44e3-8d50-8a1447632052@group-07DD719309DE: changes role from  FOLLOWER to FOLLOWER at term 29 for recognizeCandidate:6ab6cfca-dbae-4fc7-a842-1fd8eedeb1ff
2019-11-05 08:28:07,812 [grpc-default-executor-8] INFO  impl.RoleInfo (RoleInfo.java:shutdownFollowerState(121)) - 90c9f5c6-6de3-44e3-8d50-8a1447632052: shutdown FollowerState
2019-11-05 08:28:07,812 [grpc-default-executor-0] INFO  impl.RaftServerImpl (RaftServerImpl.java:setRole(184)) - e618d93a-19a9-4b89-96f3-44f318818422@group-07DD719309DE: changes role from  FOLLOWER to FOLLOWER at term 29 for recognizeCandidate:6ab6cfca-dbae-4fc7-a842-1fd8eedeb1ff
2019-11-05 08:28:07,812 [Thread-746] INFO  impl.FollowerState (FollowerState.java:run(117)) - 90c9f5c6-6de3-44e3-8d50-8a1447632052@group-07DD719309DE-FollowerState was interrupted: java.lang.InterruptedException: sleep interrupted
2019-11-05 08:28:07,812 [grpc-default-executor-8] INFO  impl.RoleInfo (RoleInfo.java:updateAndGet(143)) - 90c9f5c6-6de3-44e3-8d50-8a1447632052: start FollowerState
2019-11-05 08:28:07,812 [grpc-default-executor-0] INFO  impl.RoleInfo (RoleInfo.java:shutdownFollowerState(121)) - e618d93a-19a9-4b89-96f3-44f318818422: shutdown FollowerState
2019-11-05 08:28:07,813 [Thread-745] INFO  impl.FollowerState (FollowerState.java:run(117)) - e618d93a-19a9-4b89-96f3-44f318818422@group-07DD719309DE-FollowerState was interrupted: java.lang.InterruptedException: sleep interrupted
2019-11-05 08:28:07,813 [grpc-default-executor-0] INFO  impl.RoleInfo (RoleInfo.java:updateAndGet(143)) - e618d93a-19a9-4b89-96f3-44f318818422: start FollowerState
2019-11-05 08:28:07,827 [6ab6cfca-dbae-4fc7-a842-1fd8eedeb1ff@group-07DD719309DE-LeaderElection30] INFO  impl.LeaderElection (LeaderElection.java:logAndReturn(56)) - 6ab6cfca-dbae-4fc7-a842-1fd8eedeb1ff@group-07DD719309DE-LeaderElection30: Election REJECTED; received 2 response(s) [6ab6cfca-dbae-4fc7-a842-1fd8eedeb1ff<-e618d93a-19a9-4b89-96f3-44f318818422#0:FAIL-t29, 6ab6cfca-dbae-4fc7-a842-1fd8eedeb1ff<-90c9f5c6-6de3-44e3-8d50-8a1447632052#0:FAIL-t29] and 0 exception(s); 6ab6cfca-dbae-4fc7-a842-1fd8eedeb1ff@group-07DD719309DE:t29, leader=null, voted=6ab6cfca-dbae-4fc7-a842-1fd8eedeb1ff, raftlog=6ab6cfca-dbae-4fc7-a842-1fd8eedeb1ff@group-07DD719309DE-SegmentedRaftLog:OPENED:c5,f6,i6, conf=1: [6ab6cfca-dbae-4fc7-a842-1fd8eedeb1ff:192.168.164.217:40408, e618d93a-19a9-4b89-96f3-44f318818422:192.168.164.217:37953, 90c9f5c6-6de3-44e3-8d50-8a1447632052:192.168.164.217:36159], old=null
2019-11-05 08:28:07,828 [6ab6cfca-dbae-4fc7-a842-1fd8eedeb1ff@group-07DD719309DE-LeaderElection30] INFO  impl.RaftServerImpl (RaftServerImpl.java:setRole(184)) - 6ab6cfca-dbae-4fc7-a842-1fd8eedeb1ff@group-07DD719309DE: changes role from CANDIDATE to FOLLOWER at term 29 for DISCOVERED_A_NEW_TERM
2019-11-05 08:28:07,828 [6ab6cfca-dbae-4fc7-a842-1fd8eedeb1ff@group-07DD719309DE-LeaderElection30] INFO  impl.RoleInfo (RoleInfo.java:shutdownLeaderElection(134)) - 6ab6cfca-dbae-4fc7-a842-1fd8eedeb1ff: shutdown LeaderElection
2019-11-05 08:28:07,828 [6ab6cfca-dbae-4fc7-a842-1fd8eedeb1ff@group-07DD719309DE-LeaderElection30] INFO  impl.RoleInfo (RoleInfo.java:updateAndGet(143)) - 6ab6cfca-dbae-4fc7-a842-1fd8eedeb1ff: start FollowerState
2019-11-05 08:28:07,994 [BlockDeletingService#6] WARN  background.BlockDeletingService (BlockDeletingService.java:isDeletionAllowed(187)) - Close Container log Index 8 is not replicated across allthe servers in the pipeline 91d82eec-d61e-45ed-83e6-07dd719309de as the min replicated index is 6. Deletion is not allowed in this container yet.
2019-11-05 08:28:07,994 [BlockDeletingService#2] WARN  background.BlockDeletingService (BlockDeletingService.java:isDeletionAllowed(187)) - Close Container log Index 8 is not replicated across allthe servers in the pipeline 91d82eec-d61e-45ed-83e6-07dd719309de as the min replicated index is 6. Deletion is not allowed in this container yet.
2019-11-05 08:28:08,008 [Thread-753] INFO  impl.FollowerState (FollowerState.java:run(108)) - 6ab6cfca-dbae-4fc7-a842-1fd8eedeb1ff@group-07DD719309DE-FollowerState: change to CANDIDATE, lastRpcTime:180ms, electionTimeout:180ms
2019-11-05 08:28:08,009 [Thread-753] INFO  impl.RoleInfo (RoleInfo.java:shutdownFollowerState(121)) - 6ab6cfca-dbae-4fc7-a842-1fd8eedeb1ff: shutdown FollowerState
2019-11-05 08:28:08,009 [Thread-753] INFO  impl.RaftServerImpl (RaftServerImpl.java:setRole(184)) - 6ab6cfca-dbae-4fc7-a842-1fd8eedeb1ff@group-07DD719309DE: changes role from  FOLLOWER to CANDIDATE at term 29 for changeToCandidate
2019-11-05 08:28:08,009 [Thread-753] INFO  impl.RoleInfo (RoleInfo.java:updateAndGet(143)) - 6ab6cfca-dbae-4fc7-a842-1fd8eedeb1ff: start LeaderElection
2019-11-05 08:28:08,027 [6ab6cfca-dbae-4fc7-a842-1fd8eedeb1ff@group-07DD719309DE-LeaderElection31] INFO  impl.LeaderElection (LeaderElection.java:askForVotes(178)) - 6ab6cfca-dbae-4fc7-a842-1fd8eedeb1ff@group-07DD719309DE-LeaderElection31: begin an election at term 30 for 1: [6ab6cfca-dbae-4fc7-a842-1fd8eedeb1ff:192.168.164.217:40408, e618d93a-19a9-4b89-96f3-44f318818422:192.168.164.217:37953, 90c9f5c6-6de3-44e3-8d50-8a1447632052:192.168.164.217:36159], old=null
2019-11-05 08:28:08,031 [grpc-default-executor-8] INFO  impl.RaftServerImpl (RaftServerImpl.java:setRole(184)) - 90c9f5c6-6de3-44e3-8d50-8a1447632052@group-07DD719309DE: changes role from  FOLLOWER to FOLLOWER at term 30 for recognizeCandidate:6ab6cfca-dbae-4fc7-a842-1fd8eedeb1ff
2019-11-05 08:28:08,031 [grpc-default-executor-0] INFO  impl.RaftServerImpl (RaftServerImpl.java:setRole(184)) - e618d93a-19a9-4b89-96f3-44f318818422@group-07DD719309DE: changes role from  FOLLOWER to FOLLOWER at term 30 for recognizeCandidate:6ab6cfca-dbae-4fc7-a842-1fd8eedeb1ff
2019-11-05 08:28:08,031 [grpc-default-executor-8] INFO  impl.RoleInfo (RoleInfo.java:shutdownFollowerState(121)) - 90c9f5c6-6de3-44e3-8d50-8a1447632052: shutdown FollowerState
2019-11-05 08:28:08,031 [grpc-default-executor-0] INFO  impl.RoleInfo (RoleInfo.java:shutdownFollowerState(121)) - e618d93a-19a9-4b89-96f3-44f318818422: shutdown FollowerState
2019-11-05 08:28:08,032 [Thread-751] INFO  impl.FollowerState (FollowerState.java:run(117)) - 90c9f5c6-6de3-44e3-8d50-8a1447632052@group-07DD719309DE-FollowerState was interrupted: java.lang.InterruptedException: sleep interrupted
2019-11-05 08:28:08,032 [grpc-default-executor-8] INFO  impl.RoleInfo (RoleInfo.java:updateAndGet(143)) - 90c9f5c6-6de3-44e3-8d50-8a1447632052: start FollowerState
2019-11-05 08:28:08,032 [Thread-752] INFO  impl.FollowerState (FollowerState.java:run(117)) - e618d93a-19a9-4b89-96f3-44f318818422@group-07DD719309DE-FollowerState was interrupted: java.lang.InterruptedException: sleep interrupted
2019-11-05 08:28:08,032 [grpc-default-executor-0] INFO  impl.RoleInfo (RoleInfo.java:updateAndGet(143)) - e618d93a-19a9-4b89-96f3-44f318818422: start FollowerState
2019-11-05 08:28:08,048 [6ab6cfca-dbae-4fc7-a842-1fd8eedeb1ff@group-07DD719309DE-LeaderElection31] INFO  impl.LeaderElection (LeaderElection.java:logAndReturn(56)) - 6ab6cfca-dbae-4fc7-a842-1fd8eedeb1ff@group-07DD719309DE-LeaderElection31: Election REJECTED; received 2 response(s) [6ab6cfca-dbae-4fc7-a842-1fd8eedeb1ff<-e618d93a-19a9-4b89-96f3-44f318818422#0:FAIL-t30, 6ab6cfca-dbae-4fc7-a842-1fd8eedeb1ff<-90c9f5c6-6de3-44e3-8d50-8a1447632052#0:FAIL-t30] and 0 exception(s); 6ab6cfca-dbae-4fc7-a842-1fd8eedeb1ff@group-07DD719309DE:t30, leader=null, voted=6ab6cfca-dbae-4fc7-a842-1fd8eedeb1ff, raftlog=6ab6cfca-dbae-4fc7-a842-1fd8eedeb1ff@group-07DD719309DE-SegmentedRaftLog:OPENED:c5,f6,i6, conf=1: [6ab6cfca-dbae-4fc7-a842-1fd8eedeb1ff:192.168.164.217:40408, e618d93a-19a9-4b89-96f3-44f318818422:192.168.164.217:37953, 90c9f5c6-6de3-44e3-8d50-8a1447632052:192.168.164.217:36159], old=null
2019-11-05 08:28:08,048 [6ab6cfca-dbae-4fc7-a842-1fd8eedeb1ff@group-07DD719309DE-LeaderElection31] INFO  impl.RaftServerImpl (RaftServerImpl.java:setRole(184)) - 6ab6cfca-dbae-4fc7-a842-1fd8eedeb1ff@group-07DD719309DE: changes role from CANDIDATE to FOLLOWER at term 30 for DISCOVERED_A_NEW_TERM
2019-11-05 08:28:08,048 [6ab6cfca-dbae-4fc7-a842-1fd8eedeb1ff@group-07DD719309DE-LeaderElection31] INFO  impl.RoleInfo (RoleInfo.java:shutdownLeaderElection(134)) - 6ab6cfca-dbae-4fc7-a842-1fd8eedeb1ff: shutdown LeaderElection
2019-11-05 08:28:08,048 [6ab6cfca-dbae-4fc7-a842-1fd8eedeb1ff@group-07DD719309DE-LeaderElection31] INFO  impl.RoleInfo (RoleInfo.java:updateAndGet(143)) - 6ab6cfca-dbae-4fc7-a842-1fd8eedeb1ff: start FollowerState
2019-11-05 08:28:08,156 [Thread-761] INFO  impl.FollowerState (FollowerState.java:run(108)) - 6ab6cfca-dbae-4fc7-a842-1fd8eedeb1ff@group-07DD719309DE-FollowerState: change to CANDIDATE, lastRpcTime:107ms, electionTimeout:107ms
2019-11-05 08:28:08,157 [Thread-761] INFO  impl.RoleInfo (RoleInfo.java:shutdownFollowerState(121)) - 6ab6cfca-dbae-4fc7-a842-1fd8eedeb1ff: shutdown FollowerState
2019-11-05 08:28:08,157 [Thread-761] INFO  impl.RaftServerImpl (RaftServerImpl.java:setRole(184)) - 6ab6cfca-dbae-4fc7-a842-1fd8eedeb1ff@group-07DD719309DE: changes role from  FOLLOWER to CANDIDATE at term 30 for changeToCandidate
2019-11-05 08:28:08,157 [Thread-761] INFO  impl.RoleInfo (RoleInfo.java:updateAndGet(143)) - 6ab6cfca-dbae-4fc7-a842-1fd8eedeb1ff: start LeaderElection
2019-11-05 08:28:08,171 [6ab6cfca-dbae-4fc7-a842-1fd8eedeb1ff@group-07DD719309DE-LeaderElection32] INFO  impl.LeaderElection (LeaderElection.java:askForVotes(178)) - 6ab6cfca-dbae-4fc7-a842-1fd8eedeb1ff@group-07DD719309DE-LeaderElection32: begin an election at term 31 for 1: [6ab6cfca-dbae-4fc7-a842-1fd8eedeb1ff:192.168.164.217:40408, e618d93a-19a9-4b89-96f3-44f318818422:192.168.164.217:37953, 90c9f5c6-6de3-44e3-8d50-8a1447632052:192.168.164.217:36159], old=null
2019-11-05 08:28:08,173 [grpc-default-executor-8] INFO  impl.RaftServerImpl (RaftServerImpl.java:setRole(184)) - e618d93a-19a9-4b89-96f3-44f318818422@group-07DD719309DE: changes role from  FOLLOWER to FOLLOWER at term 31 for recognizeCandidate:6ab6cfca-dbae-4fc7-a842-1fd8eedeb1ff
2019-11-05 08:28:08,173 [grpc-default-executor-0] INFO  impl.RaftServerImpl (RaftServerImpl.java:setRole(184)) - 90c9f5c6-6de3-44e3-8d50-8a1447632052@group-07DD719309DE: changes role from  FOLLOWER to FOLLOWER at term 31 for recognizeCandidate:6ab6cfca-dbae-4fc7-a842-1fd8eedeb1ff
2019-11-05 08:28:08,174 [grpc-default-executor-0] INFO  impl.RoleInfo (RoleInfo.java:shutdownFollowerState(121)) - 90c9f5c6-6de3-44e3-8d50-8a1447632052: shutdown FollowerState
2019-11-05 08:28:08,173 [grpc-default-executor-8] INFO  impl.RoleInfo (RoleInfo.java:shutdownFollowerState(121)) - e618d93a-19a9-4b89-96f3-44f318818422: shutdown FollowerState
2019-11-05 08:28:08,174 [grpc-default-executor-0] INFO  impl.RoleInfo (RoleInfo.java:updateAndGet(143)) - 90c9f5c6-6de3-44e3-8d50-8a1447632052: start FollowerState
2019-11-05 08:28:08,174 [Thread-759] INFO  impl.FollowerState (FollowerState.java:run(117)) - 90c9f5c6-6de3-44e3-8d50-8a1447632052@group-07DD719309DE-FollowerState was interrupted: java.lang.InterruptedException: sleep interrupted
2019-11-05 08:28:08,174 [Thread-760] INFO  impl.FollowerState (FollowerState.java:run(117)) - e618d93a-19a9-4b89-96f3-44f318818422@group-07DD719309DE-FollowerState was interrupted: java.lang.InterruptedException: sleep interrupted
2019-11-05 08:28:08,174 [grpc-default-executor-8] INFO  impl.RoleInfo (RoleInfo.java:updateAndGet(143)) - e618d93a-19a9-4b89-96f3-44f318818422: start FollowerState
2019-11-05 08:28:08,189 [6ab6cfca-dbae-4fc7-a842-1fd8eedeb1ff@group-07DD719309DE-LeaderElection32] INFO  impl.LeaderElection (LeaderElection.java:logAndReturn(56)) - 6ab6cfca-dbae-4fc7-a842-1fd8eedeb1ff@group-07DD719309DE-LeaderElection32: Election REJECTED; received 2 response(s) [6ab6cfca-dbae-4fc7-a842-1fd8eedeb1ff<-e618d93a-19a9-4b89-96f3-44f318818422#0:FAIL-t31, 6ab6cfca-dbae-4fc7-a842-1fd8eedeb1ff<-90c9f5c6-6de3-44e3-8d50-8a1447632052#0:FAIL-t31] and 0 exception(s); 6ab6cfca-dbae-4fc7-a842-1fd8eedeb1ff@group-07DD719309DE:t31, leader=null, voted=6ab6cfca-dbae-4fc7-a842-1fd8eedeb1ff, raftlog=6ab6cfca-dbae-4fc7-a842-1fd8eedeb1ff@group-07DD719309DE-SegmentedRaftLog:OPENED:c5,f6,i6, conf=1: [6ab6cfca-dbae-4fc7-a842-1fd8eedeb1ff:192.168.164.217:40408, e618d93a-19a9-4b89-96f3-44f318818422:192.168.164.217:37953, 90c9f5c6-6de3-44e3-8d50-8a1447632052:192.168.164.217:36159], old=null
2019-11-05 08:28:08,189 [6ab6cfca-dbae-4fc7-a842-1fd8eedeb1ff@group-07DD719309DE-LeaderElection32] INFO  impl.RaftServerImpl (RaftServerImpl.java:setRole(184)) - 6ab6cfca-dbae-4fc7-a842-1fd8eedeb1ff@group-07DD719309DE: changes role from CANDIDATE to FOLLOWER at term 31 for DISCOVERED_A_NEW_TERM
2019-11-05 08:28:08,189 [6ab6cfca-dbae-4fc7-a842-1fd8eedeb1ff@group-07DD719309DE-LeaderElection32] INFO  impl.RoleInfo (RoleInfo.java:shutdownLeaderElection(134)) - 6ab6cfca-dbae-4fc7-a842-1fd8eedeb1ff: shutdown LeaderElection
2019-11-05 08:28:08,189 [6ab6cfca-dbae-4fc7-a842-1fd8eedeb1ff@group-07DD719309DE-LeaderElection32] INFO  impl.RoleInfo (RoleInfo.java:updateAndGet(143)) - 6ab6cfca-dbae-4fc7-a842-1fd8eedeb1ff: start FollowerState
2019-11-05 08:28:08,210 [Thread-768] INFO  impl.FollowerState (FollowerState.java:run(108)) - 6ab6cfca-dbae-4fc7-a842-1fd8eedeb1ff@group-07DD719309DE-FollowerState: change to CANDIDATE, lastRpcTime:20ms, electionTimeout:20ms
2019-11-05 08:28:08,211 [Thread-768] INFO  impl.RoleInfo (RoleInfo.java:shutdownFollowerState(121)) - 6ab6cfca-dbae-4fc7-a842-1fd8eedeb1ff: shutdown FollowerState
2019-11-05 08:28:08,211 [Thread-768] INFO  impl.RaftServerImpl (RaftServerImpl.java:setRole(184)) - 6ab6cfca-dbae-4fc7-a842-1fd8eedeb1ff@group-07DD719309DE: changes role from  FOLLOWER to CANDIDATE at term 31 for changeToCandidate
2019-11-05 08:28:08,211 [Thread-768] INFO  impl.RoleInfo (RoleInfo.java:updateAndGet(143)) - 6ab6cfca-dbae-4fc7-a842-1fd8eedeb1ff: start LeaderElection
2019-11-05 08:28:08,224 [6ab6cfca-dbae-4fc7-a842-1fd8eedeb1ff@group-07DD719309DE-LeaderElection33] INFO  impl.LeaderElection (LeaderElection.java:askForVotes(178)) - 6ab6cfca-dbae-4fc7-a842-1fd8eedeb1ff@group-07DD719309DE-LeaderElection33: begin an election at term 32 for 1: [6ab6cfca-dbae-4fc7-a842-1fd8eedeb1ff:192.168.164.217:40408, e618d93a-19a9-4b89-96f3-44f318818422:192.168.164.217:37953, 90c9f5c6-6de3-44e3-8d50-8a1447632052:192.168.164.217:36159], old=null
2019-11-05 08:28:08,226 [grpc-default-executor-8] INFO  impl.RaftServerImpl (RaftServerImpl.java:setRole(184)) - e618d93a-19a9-4b89-96f3-44f318818422@group-07DD719309DE: changes role from  FOLLOWER to FOLLOWER at term 32 for recognizeCandidate:6ab6cfca-dbae-4fc7-a842-1fd8eedeb1ff
2019-11-05 08:28:08,227 [grpc-default-executor-8] INFO  impl.RoleInfo (RoleInfo.java:shutdownFollowerState(121)) - e618d93a-19a9-4b89-96f3-44f318818422: shutdown FollowerState
2019-11-05 08:28:08,227 [grpc-default-executor-8] INFO  impl.RoleInfo (RoleInfo.java:updateAndGet(143)) - e618d93a-19a9-4b89-96f3-44f318818422: start FollowerState
2019-11-05 08:28:08,227 [grpc-default-executor-0] INFO  impl.RaftServerImpl (RaftServerImpl.java:setRole(184)) - 90c9f5c6-6de3-44e3-8d50-8a1447632052@group-07DD719309DE: changes role from  FOLLOWER to FOLLOWER at term 32 for recognizeCandidate:6ab6cfca-dbae-4fc7-a842-1fd8eedeb1ff
2019-11-05 08:28:08,227 [Thread-767] INFO  impl.FollowerState (FollowerState.java:run(117)) - e618d93a-19a9-4b89-96f3-44f318818422@group-07DD719309DE-FollowerState was interrupted: java.lang.InterruptedException: sleep interrupted
2019-11-05 08:28:08,227 [grpc-default-executor-0] INFO  impl.RoleInfo (RoleInfo.java:shutdownFollowerState(121)) - 90c9f5c6-6de3-44e3-8d50-8a1447632052: shutdown FollowerState
2019-11-05 08:28:08,228 [grpc-default-executor-0] INFO  impl.RoleInfo (RoleInfo.java:updateAndGet(143)) - 90c9f5c6-6de3-44e3-8d50-8a1447632052: start FollowerState
2019-11-05 08:28:08,228 [Thread-766] INFO  impl.FollowerState (FollowerState.java:run(117)) - 90c9f5c6-6de3-44e3-8d50-8a1447632052@group-07DD719309DE-FollowerState was interrupted: java.lang.InterruptedException: sleep interrupted
2019-11-05 08:28:08,242 [6ab6cfca-dbae-4fc7-a842-1fd8eedeb1ff@group-07DD719309DE-LeaderElection33] INFO  impl.LeaderElection (LeaderElection.java:logAndReturn(56)) - 6ab6cfca-dbae-4fc7-a842-1fd8eedeb1ff@group-07DD719309DE-LeaderElection33: Election REJECTED; received 2 response(s) [6ab6cfca-dbae-4fc7-a842-1fd8eedeb1ff<-e618d93a-19a9-4b89-96f3-44f318818422#0:FAIL-t32, 6ab6cfca-dbae-4fc7-a842-1fd8eedeb1ff<-90c9f5c6-6de3-44e3-8d50-8a1447632052#0:FAIL-t32] and 0 exception(s); 6ab6cfca-dbae-4fc7-a842-1fd8eedeb1ff@group-07DD719309DE:t32, leader=null, voted=6ab6cfca-dbae-4fc7-a842-1fd8eedeb1ff, raftlog=6ab6cfca-dbae-4fc7-a842-1fd8eedeb1ff@group-07DD719309DE-SegmentedRaftLog:OPENED:c5,f6,i6, conf=1: [6ab6cfca-dbae-4fc7-a842-1fd8eedeb1ff:192.168.164.217:40408, e618d93a-19a9-4b89-96f3-44f318818422:192.168.164.217:37953, 90c9f5c6-6de3-44e3-8d50-8a1447632052:192.168.164.217:36159], old=null
2019-11-05 08:28:08,242 [6ab6cfca-dbae-4fc7-a842-1fd8eedeb1ff@group-07DD719309DE-LeaderElection33] INFO  impl.RaftServerImpl (RaftServerImpl.java:setRole(184)) - 6ab6cfca-dbae-4fc7-a842-1fd8eedeb1ff@group-07DD719309DE: changes role from CANDIDATE to FOLLOWER at term 32 for DISCOVERED_A_NEW_TERM
2019-11-05 08:28:08,242 [6ab6cfca-dbae-4fc7-a842-1fd8eedeb1ff@group-07DD719309DE-LeaderElection33] INFO  impl.RoleInfo (RoleInfo.java:shutdownLeaderElection(134)) - 6ab6cfca-dbae-4fc7-a842-1fd8eedeb1ff: shutdown LeaderElection
2019-11-05 08:28:08,242 [6ab6cfca-dbae-4fc7-a842-1fd8eedeb1ff@group-07DD719309DE-LeaderElection33] INFO  impl.RoleInfo (RoleInfo.java:updateAndGet(143)) - 6ab6cfca-dbae-4fc7-a842-1fd8eedeb1ff: start FollowerState
2019-11-05 08:28:08,327 [Thread-774] INFO  impl.FollowerState (FollowerState.java:run(108)) - 6ab6cfca-dbae-4fc7-a842-1fd8eedeb1ff@group-07DD719309DE-FollowerState: change to CANDIDATE, lastRpcTime:84ms, electionTimeout:84ms
2019-11-05 08:28:08,329 [Thread-774] INFO  impl.RoleInfo (RoleInfo.java:shutdownFollowerState(121)) - 6ab6cfca-dbae-4fc7-a842-1fd8eedeb1ff: shutdown FollowerState
2019-11-05 08:28:08,329 [Thread-774] INFO  impl.RaftServerImpl (RaftServerImpl.java:setRole(184)) - 6ab6cfca-dbae-4fc7-a842-1fd8eedeb1ff@group-07DD719309DE: changes role from  FOLLOWER to CANDIDATE at term 32 for changeToCandidate
2019-11-05 08:28:08,329 [Thread-774] INFO  impl.RoleInfo (RoleInfo.java:updateAndGet(143)) - 6ab6cfca-dbae-4fc7-a842-1fd8eedeb1ff: start LeaderElection
2019-11-05 08:28:08,343 [6ab6cfca-dbae-4fc7-a842-1fd8eedeb1ff@group-07DD719309DE-LeaderElection34] INFO  impl.LeaderElection (LeaderElection.java:askForVotes(178)) - 6ab6cfca-dbae-4fc7-a842-1fd8eedeb1ff@group-07DD719309DE-LeaderElection34: begin an election at term 33 for 1: [6ab6cfca-dbae-4fc7-a842-1fd8eedeb1ff:192.168.164.217:40408, e618d93a-19a9-4b89-96f3-44f318818422:192.168.164.217:37953, 90c9f5c6-6de3-44e3-8d50-8a1447632052:192.168.164.217:36159], old=null
2019-11-05 08:28:08,346 [grpc-default-executor-8] INFO  impl.RaftServerImpl (RaftServerImpl.java:setRole(184)) - e618d93a-19a9-4b89-96f3-44f318818422@group-07DD719309DE: changes role from  FOLLOWER to FOLLOWER at term 33 for recognizeCandidate:6ab6cfca-dbae-4fc7-a842-1fd8eedeb1ff
2019-11-05 08:28:08,347 [grpc-default-executor-0] INFO  impl.RaftServerImpl (RaftServerImpl.java:setRole(184)) - 90c9f5c6-6de3-44e3-8d50-8a1447632052@group-07DD719309DE: changes role from  FOLLOWER to FOLLOWER at term 33 for recognizeCandidate:6ab6cfca-dbae-4fc7-a842-1fd8eedeb1ff
2019-11-05 08:28:08,347 [grpc-default-executor-8] INFO  impl.RoleInfo (RoleInfo.java:shutdownFollowerState(121)) - e618d93a-19a9-4b89-96f3-44f318818422: shutdown FollowerState
2019-11-05 08:28:08,347 [grpc-default-executor-0] INFO  impl.RoleInfo (RoleInfo.java:shutdownFollowerState(121)) - 90c9f5c6-6de3-44e3-8d50-8a1447632052: shutdown FollowerState
2019-11-05 08:28:08,347 [Thread-772] INFO  impl.FollowerState (FollowerState.java:run(117)) - e618d93a-19a9-4b89-96f3-44f318818422@group-07DD719309DE-FollowerState was interrupted: java.lang.InterruptedException: sleep interrupted
2019-11-05 08:28:08,347 [grpc-default-executor-8] INFO  impl.RoleInfo (RoleInfo.java:updateAndGet(143)) - e618d93a-19a9-4b89-96f3-44f318818422: start FollowerState
2019-11-05 08:28:08,347 [grpc-default-executor-0] INFO  impl.RoleInfo (RoleInfo.java:updateAndGet(143)) - 90c9f5c6-6de3-44e3-8d50-8a1447632052: start FollowerState
2019-11-05 08:28:08,347 [Thread-773] INFO  impl.FollowerState (FollowerState.java:run(117)) - 90c9f5c6-6de3-44e3-8d50-8a1447632052@group-07DD719309DE-FollowerState was interrupted: java.lang.InterruptedException: sleep interrupted
2019-11-05 08:28:08,359 [Thread-781] INFO  client.GrpcClientProtocolService (GrpcClientProtocolService.java:lambda$processClientRequest$0(278)) - Failed RaftClientRequest:client-C29D9280812C->e618d93a-19a9-4b89-96f3-44f318818422@group-07DD719309DE, cid=10, seq=0, Watch-ALL_COMMITTED(8), Message:<EMPTY>, reply=RaftClientReply:client-C29D9280812C->e618d93a-19a9-4b89-96f3-44f318818422@group-07DD719309DE, cid=10, FAILED org.apache.ratis.protocol.NotLeaderException: Server e618d93a-19a9-4b89-96f3-44f318818422@group-07DD719309DE is not the leader, logIndex=0, commits[e618d93a-19a9-4b89-96f3-44f318818422:c12, 6ab6cfca-dbae-4fc7-a842-1fd8eedeb1ff:c6, 90c9f5c6-6de3-44e3-8d50-8a1447632052:c12]
2019-11-05 08:28:08,364 [6ab6cfca-dbae-4fc7-a842-1fd8eedeb1ff@group-07DD719309DE-LeaderElection34] INFO  impl.LeaderElection (LeaderElection.java:logAndReturn(56)) - 6ab6cfca-dbae-4fc7-a842-1fd8eedeb1ff@group-07DD719309DE-LeaderElection34: Election REJECTED; received 2 response(s) [6ab6cfca-dbae-4fc7-a842-1fd8eedeb1ff<-e618d93a-19a9-4b89-96f3-44f318818422#0:FAIL-t33, 6ab6cfca-dbae-4fc7-a842-1fd8eedeb1ff<-90c9f5c6-6de3-44e3-8d50-8a1447632052#0:FAIL-t33] and 0 exception(s); 6ab6cfca-dbae-4fc7-a842-1fd8eedeb1ff@group-07DD719309DE:t33, leader=null, voted=6ab6cfca-dbae-4fc7-a842-1fd8eedeb1ff, raftlog=6ab6cfca-dbae-4fc7-a842-1fd8eedeb1ff@group-07DD719309DE-SegmentedRaftLog:OPENED:c5,f6,i6, conf=1: [6ab6cfca-dbae-4fc7-a842-1fd8eedeb1ff:192.168.164.217:40408, e618d93a-19a9-4b89-96f3-44f318818422:192.168.164.217:37953, 90c9f5c6-6de3-44e3-8d50-8a1447632052:192.168.164.217:36159], old=null
2019-11-05 08:28:08,364 [6ab6cfca-dbae-4fc7-a842-1fd8eedeb1ff@group-07DD719309DE-LeaderElection34] INFO  impl.RaftServerImpl (RaftServerImpl.java:setRole(184)) - 6ab6cfca-dbae-4fc7-a842-1fd8eedeb1ff@group-07DD719309DE: changes role from CANDIDATE to FOLLOWER at term 33 for DISCOVERED_A_NEW_TERM
2019-11-05 08:28:08,365 [6ab6cfca-dbae-4fc7-a842-1fd8eedeb1ff@group-07DD719309DE-LeaderElection34] INFO  impl.RoleInfo (RoleInfo.java:shutdownLeaderElection(134)) - 6ab6cfca-dbae-4fc7-a842-1fd8eedeb1ff: shutdown LeaderElection
2019-11-05 08:28:08,365 [6ab6cfca-dbae-4fc7-a842-1fd8eedeb1ff@group-07DD719309DE-LeaderElection34] INFO  impl.RoleInfo (RoleInfo.java:updateAndGet(143)) - 6ab6cfca-dbae-4fc7-a842-1fd8eedeb1ff: start FollowerState
2019-11-05 08:28:08,390 [Thread-783] INFO  impl.FollowerState (FollowerState.java:run(108)) - 6ab6cfca-dbae-4fc7-a842-1fd8eedeb1ff@group-07DD719309DE-FollowerState: change to CANDIDATE, lastRpcTime:24ms, electionTimeout:24ms
2019-11-05 08:28:08,391 [Thread-783] INFO  impl.RoleInfo (RoleInfo.java:shutdownFollowerState(121)) - 6ab6cfca-dbae-4fc7-a842-1fd8eedeb1ff: shutdown FollowerState
2019-11-05 08:28:08,391 [Thread-783] INFO  impl.RaftServerImpl (RaftServerImpl.java:setRole(184)) - 6ab6cfca-dbae-4fc7-a842-1fd8eedeb1ff@group-07DD719309DE: changes role from  FOLLOWER to CANDIDATE at term 33 for changeToCandidate
2019-11-05 08:28:08,391 [Thread-783] INFO  impl.RoleInfo (RoleInfo.java:updateAndGet(143)) - 6ab6cfca-dbae-4fc7-a842-1fd8eedeb1ff: start LeaderElection
2019-11-05 08:28:08,404 [6ab6cfca-dbae-4fc7-a842-1fd8eedeb1ff@group-07DD719309DE-LeaderElection35] INFO  impl.LeaderElection (LeaderElection.java:askForVotes(178)) - 6ab6cfca-dbae-4fc7-a842-1fd8eedeb1ff@group-07DD719309DE-LeaderElection35: begin an election at term 34 for 1: [6ab6cfca-dbae-4fc7-a842-1fd8eedeb1ff:192.168.164.217:40408, e618d93a-19a9-4b89-96f3-44f318818422:192.168.164.217:37953, 90c9f5c6-6de3-44e3-8d50-8a1447632052:192.168.164.217:36159], old=null
2019-11-05 08:28:08,407 [grpc-default-executor-0] INFO  impl.RaftServerImpl (RaftServerImpl.java:setRole(184)) - e618d93a-19a9-4b89-96f3-44f318818422@group-07DD719309DE: changes role from  FOLLOWER to FOLLOWER at term 34 for recognizeCandidate:6ab6cfca-dbae-4fc7-a842-1fd8eedeb1ff
2019-11-05 08:28:08,407 [grpc-default-executor-0] INFO  impl.RoleInfo (RoleInfo.java:shutdownFollowerState(121)) - e618d93a-19a9-4b89-96f3-44f318818422: shutdown FollowerState
2019-11-05 08:28:08,407 [grpc-default-executor-8] INFO  impl.RaftServerImpl (RaftServerImpl.java:setRole(184)) - 90c9f5c6-6de3-44e3-8d50-8a1447632052@group-07DD719309DE: changes role from  FOLLOWER to FOLLOWER at term 34 for recognizeCandidate:6ab6cfca-dbae-4fc7-a842-1fd8eedeb1ff
2019-11-05 08:28:08,407 [grpc-default-executor-0] INFO  impl.RoleInfo (RoleInfo.java:updateAndGet(143)) - e618d93a-19a9-4b89-96f3-44f318818422: start FollowerState
2019-11-05 08:28:08,407 [Thread-778] INFO  impl.FollowerState (FollowerState.java:run(117)) - e618d93a-19a9-4b89-96f3-44f318818422@group-07DD719309DE-FollowerState was interrupted: java.lang.InterruptedException: sleep interrupted
2019-11-05 08:28:08,407 [grpc-default-executor-8] INFO  impl.RoleInfo (RoleInfo.java:shutdownFollowerState(121)) - 90c9f5c6-6de3-44e3-8d50-8a1447632052: shutdown FollowerState
2019-11-05 08:28:08,407 [Thread-779] INFO  impl.FollowerState (FollowerState.java:run(117)) - 90c9f5c6-6de3-44e3-8d50-8a1447632052@group-07DD719309DE-FollowerState was interrupted: java.lang.InterruptedException: sleep interrupted
2019-11-05 08:28:08,407 [grpc-default-executor-8] INFO  impl.RoleInfo (RoleInfo.java:updateAndGet(143)) - 90c9f5c6-6de3-44e3-8d50-8a1447632052: start FollowerState
2019-11-05 08:28:08,423 [6ab6cfca-dbae-4fc7-a842-1fd8eedeb1ff@group-07DD719309DE-LeaderElection35] INFO  impl.LeaderElection (LeaderElection.java:logAndReturn(56)) - 6ab6cfca-dbae-4fc7-a842-1fd8eedeb1ff@group-07DD719309DE-LeaderElection35: Election REJECTED; received 2 response(s) [6ab6cfca-dbae-4fc7-a842-1fd8eedeb1ff<-e618d93a-19a9-4b89-96f3-44f318818422#0:FAIL-t34, 6ab6cfca-dbae-4fc7-a842-1fd8eedeb1ff<-90c9f5c6-6de3-44e3-8d50-8a1447632052#0:FAIL-t34] and 0 exception(s); 6ab6cfca-dbae-4fc7-a842-1fd8eedeb1ff@group-07DD719309DE:t34, leader=null, voted=6ab6cfca-dbae-4fc7-a842-1fd8eedeb1ff, raftlog=6ab6cfca-dbae-4fc7-a842-1fd8eedeb1ff@group-07DD719309DE-SegmentedRaftLog:OPENED:c5,f6,i6, conf=1: [6ab6cfca-dbae-4fc7-a842-1fd8eedeb1ff:192.168.164.217:40408, e618d93a-19a9-4b89-96f3-44f318818422:192.168.164.217:37953, 90c9f5c6-6de3-44e3-8d50-8a1447632052:192.168.164.217:36159], old=null
2019-11-05 08:28:08,423 [6ab6cfca-dbae-4fc7-a842-1fd8eedeb1ff@group-07DD719309DE-LeaderElection35] INFO  impl.RaftServerImpl (RaftServerImpl.java:setRole(184)) - 6ab6cfca-dbae-4fc7-a842-1fd8eedeb1ff@group-07DD719309DE: changes role from CANDIDATE to FOLLOWER at term 34 for DISCOVERED_A_NEW_TERM
2019-11-05 08:28:08,423 [6ab6cfca-dbae-4fc7-a842-1fd8eedeb1ff@group-07DD719309DE-LeaderElection35] INFO  impl.RoleInfo (RoleInfo.java:shutdownLeaderElection(134)) - 6ab6cfca-dbae-4fc7-a842-1fd8eedeb1ff: shutdown LeaderElection
2019-11-05 08:28:08,423 [6ab6cfca-dbae-4fc7-a842-1fd8eedeb1ff@group-07DD719309DE-LeaderElection35] INFO  impl.RoleInfo (RoleInfo.java:updateAndGet(143)) - 6ab6cfca-dbae-4fc7-a842-1fd8eedeb1ff: start FollowerState
2019-11-05 08:28:08,454 [Thread-789] INFO  impl.FollowerState (FollowerState.java:run(108)) - 6ab6cfca-dbae-4fc7-a842-1fd8eedeb1ff@group-07DD719309DE-FollowerState: change to CANDIDATE, lastRpcTime:30ms, electionTimeout:30ms
2019-11-05 08:28:08,455 [Thread-789] INFO  impl.RoleInfo (RoleInfo.java:shutdownFollowerState(121)) - 6ab6cfca-dbae-4fc7-a842-1fd8eedeb1ff: shutdown FollowerState
2019-11-05 08:28:08,455 [Thread-789] INFO  impl.RaftServerImpl (RaftServerImpl.java:setRole(184)) - 6ab6cfca-dbae-4fc7-a842-1fd8eedeb1ff@group-07DD719309DE: changes role from  FOLLOWER to CANDIDATE at term 34 for changeToCandidate
2019-11-05 08:28:08,455 [Thread-789] INFO  impl.RoleInfo (RoleInfo.java:updateAndGet(143)) - 6ab6cfca-dbae-4fc7-a842-1fd8eedeb1ff: start LeaderElection
2019-11-05 08:28:08,469 [6ab6cfca-dbae-4fc7-a842-1fd8eedeb1ff@group-07DD719309DE-LeaderElection36] INFO  impl.LeaderElection (LeaderElection.java:askForVotes(178)) - 6ab6cfca-dbae-4fc7-a842-1fd8eedeb1ff@group-07DD719309DE-LeaderElection36: begin an election at term 35 for 1: [6ab6cfca-dbae-4fc7-a842-1fd8eedeb1ff:192.168.164.217:40408, e618d93a-19a9-4b89-96f3-44f318818422:192.168.164.217:37953, 90c9f5c6-6de3-44e3-8d50-8a1447632052:192.168.164.217:36159], old=null
2019-11-05 08:28:08,472 [grpc-default-executor-8] INFO  impl.RaftServerImpl (RaftServerImpl.java:setRole(184)) - 90c9f5c6-6de3-44e3-8d50-8a1447632052@group-07DD719309DE: changes role from  FOLLOWER to FOLLOWER at term 35 for recognizeCandidate:6ab6cfca-dbae-4fc7-a842-1fd8eedeb1ff
2019-11-05 08:28:08,472 [grpc-default-executor-8] INFO  impl.RoleInfo (RoleInfo.java:shutdownFollowerState(121)) - 90c9f5c6-6de3-44e3-8d50-8a1447632052: shutdown FollowerState
2019-11-05 08:28:08,472 [grpc-default-executor-8] INFO  impl.RoleInfo (RoleInfo.java:updateAndGet(143)) - 90c9f5c6-6de3-44e3-8d50-8a1447632052: start FollowerState
2019-11-05 08:28:08,472 [Thread-788] INFO  impl.FollowerState (FollowerState.java:run(117)) - 90c9f5c6-6de3-44e3-8d50-8a1447632052@group-07DD719309DE-FollowerState was interrupted: java.lang.InterruptedException: sleep interrupted
2019-11-05 08:28:08,472 [grpc-default-executor-0] INFO  impl.RaftServerImpl (RaftServerImpl.java:setRole(184)) - e618d93a-19a9-4b89-96f3-44f318818422@group-07DD719309DE: changes role from  FOLLOWER to FOLLOWER at term 35 for recognizeCandidate:6ab6cfca-dbae-4fc7-a842-1fd8eedeb1ff
2019-11-05 08:28:08,472 [grpc-default-executor-0] INFO  impl.RoleInfo (RoleInfo.java:shutdownFollowerState(121)) - e618d93a-19a9-4b89-96f3-44f318818422: shutdown FollowerState
2019-11-05 08:28:08,473 [grpc-default-executor-0] INFO  impl.RoleInfo (RoleInfo.java:updateAndGet(143)) - e618d93a-19a9-4b89-96f3-44f318818422: start FollowerState
2019-11-05 08:28:08,473 [Thread-787] INFO  impl.FollowerState (FollowerState.java:run(117)) - e618d93a-19a9-4b89-96f3-44f318818422@group-07DD719309DE-FollowerState was interrupted: java.lang.InterruptedException: sleep interrupted
2019-11-05 08:28:08,487 [6ab6cfca-dbae-4fc7-a842-1fd8eedeb1ff@group-07DD719309DE-LeaderElection36] INFO  impl.LeaderElection (LeaderElection.java:logAndReturn(56)) - 6ab6cfca-dbae-4fc7-a842-1fd8eedeb1ff@group-07DD719309DE-LeaderElection36: Election REJECTED; received 2 response(s) [6ab6cfca-dbae-4fc7-a842-1fd8eedeb1ff<-e618d93a-19a9-4b89-96f3-44f318818422#0:FAIL-t35, 6ab6cfca-dbae-4fc7-a842-1fd8eedeb1ff<-90c9f5c6-6de3-44e3-8d50-8a1447632052#0:FAIL-t35] and 0 exception(s); 6ab6cfca-dbae-4fc7-a842-1fd8eedeb1ff@group-07DD719309DE:t35, leader=null, voted=6ab6cfca-dbae-4fc7-a842-1fd8eedeb1ff, raftlog=6ab6cfca-dbae-4fc7-a842-1fd8eedeb1ff@group-07DD719309DE-SegmentedRaftLog:OPENED:c5,f6,i6, conf=1: [6ab6cfca-dbae-4fc7-a842-1fd8eedeb1ff:192.168.164.217:40408, e618d93a-19a9-4b89-96f3-44f318818422:192.168.164.217:37953, 90c9f5c6-6de3-44e3-8d50-8a1447632052:192.168.164.217:36159], old=null
2019-11-05 08:28:08,487 [6ab6cfca-dbae-4fc7-a842-1fd8eedeb1ff@group-07DD719309DE-LeaderElection36] INFO  impl.RaftServerImpl (RaftServerImpl.java:setRole(184)) - 6ab6cfca-dbae-4fc7-a842-1fd8eedeb1ff@group-07DD719309DE: changes role from CANDIDATE to FOLLOWER at term 35 for DISCOVERED_A_NEW_TERM
2019-11-05 08:28:08,487 [6ab6cfca-dbae-4fc7-a842-1fd8eedeb1ff@group-07DD719309DE-LeaderElection36] INFO  impl.RoleInfo (RoleInfo.java:shutdownLeaderElection(134)) - 6ab6cfca-dbae-4fc7-a842-1fd8eedeb1ff: shutdown LeaderElection
2019-11-05 08:28:08,488 [6ab6cfca-dbae-4fc7-a842-1fd8eedeb1ff@group-07DD719309DE-LeaderElection36] INFO  impl.RoleInfo (RoleInfo.java:updateAndGet(143)) - 6ab6cfca-dbae-4fc7-a842-1fd8eedeb1ff: start FollowerState
2019-11-05 08:28:08,496 [Thread-795] INFO  impl.FollowerState (FollowerState.java:run(108)) - 6ab6cfca-dbae-4fc7-a842-1fd8eedeb1ff@group-07DD719309DE-FollowerState: change to CANDIDATE, lastRpcTime:8ms, electionTimeout:8ms
2019-11-05 08:28:08,501 [Thread-795] INFO  impl.RoleInfo (RoleInfo.java:shutdownFollowerState(121)) - 6ab6cfca-dbae-4fc7-a842-1fd8eedeb1ff: shutdown FollowerState
2019-11-05 08:28:08,501 [Thread-795] INFO  impl.RaftServerImpl (RaftServerImpl.java:setRole(184)) - 6ab6cfca-dbae-4fc7-a842-1fd8eedeb1ff@group-07DD719309DE: changes role from  FOLLOWER to CANDIDATE at term 35 for changeToCandidate
2019-11-05 08:28:08,501 [Thread-795] INFO  impl.RoleInfo (RoleInfo.java:updateAndGet(143)) - 6ab6cfca-dbae-4fc7-a842-1fd8eedeb1ff: start LeaderElection
2019-11-05 08:28:08,514 [6ab6cfca-dbae-4fc7-a842-1fd8eedeb1ff@group-07DD719309DE-LeaderElection37] INFO  impl.LeaderElection (LeaderElection.java:askForVotes(178)) - 6ab6cfca-dbae-4fc7-a842-1fd8eedeb1ff@group-07DD719309DE-LeaderElection37: begin an election at term 36 for 1: [6ab6cfca-dbae-4fc7-a842-1fd8eedeb1ff:192.168.164.217:40408, e618d93a-19a9-4b89-96f3-44f318818422:192.168.164.217:37953, 90c9f5c6-6de3-44e3-8d50-8a1447632052:192.168.164.217:36159], old=null
2019-11-05 08:28:08,517 [grpc-default-executor-0] INFO  impl.RaftServerImpl (RaftServerImpl.java:setRole(184)) - 90c9f5c6-6de3-44e3-8d50-8a1447632052@group-07DD719309DE: changes role from  FOLLOWER to FOLLOWER at term 36 for recognizeCandidate:6ab6cfca-dbae-4fc7-a842-1fd8eedeb1ff
2019-11-05 08:28:08,517 [grpc-default-executor-8] INFO  impl.RaftServerImpl (RaftServerImpl.java:setRole(184)) - e618d93a-19a9-4b89-96f3-44f318818422@group-07DD719309DE: changes role from  FOLLOWER to FOLLOWER at term 36 for recognizeCandidate:6ab6cfca-dbae-4fc7-a842-1fd8eedeb1ff
2019-11-05 08:28:08,517 [grpc-default-executor-0] INFO  impl.RoleInfo (RoleInfo.java:shutdownFollowerState(121)) - 90c9f5c6-6de3-44e3-8d50-8a1447632052: shutdown FollowerState
2019-11-05 08:28:08,517 [grpc-default-executor-8] INFO  impl.RoleInfo (RoleInfo.java:shutdownFollowerState(121)) - e618d93a-19a9-4b89-96f3-44f318818422: shutdown FollowerState
2019-11-05 08:28:08,518 [Thread-793] INFO  impl.FollowerState (FollowerState.java:run(117)) - 90c9f5c6-6de3-44e3-8d50-8a1447632052@group-07DD719309DE-FollowerState was interrupted: java.lang.InterruptedException: sleep interrupted
2019-11-05 08:28:08,518 [grpc-default-executor-0] INFO  impl.RoleInfo (RoleInfo.java:updateAndGet(143)) - 90c9f5c6-6de3-44e3-8d50-8a1447632052: start FollowerState
2019-11-05 08:28:08,518 [Thread-794] INFO  impl.FollowerState (FollowerState.java:run(117)) - e618d93a-19a9-4b89-96f3-44f318818422@group-07DD719309DE-FollowerState was interrupted: java.lang.InterruptedException: sleep interrupted
2019-11-05 08:28:08,518 [grpc-default-executor-8] INFO  impl.RoleInfo (RoleInfo.java:updateAndGet(143)) - e618d93a-19a9-4b89-96f3-44f318818422: start FollowerState
2019-11-05 08:28:08,536 [6ab6cfca-dbae-4fc7-a842-1fd8eedeb1ff@group-07DD719309DE-LeaderElection37] INFO  impl.LeaderElection (LeaderElection.java:logAndReturn(56)) - 6ab6cfca-dbae-4fc7-a842-1fd8eedeb1ff@group-07DD719309DE-LeaderElection37: Election REJECTED; received 2 response(s) [6ab6cfca-dbae-4fc7-a842-1fd8eedeb1ff<-e618d93a-19a9-4b89-96f3-44f318818422#0:FAIL-t36, 6ab6cfca-dbae-4fc7-a842-1fd8eedeb1ff<-90c9f5c6-6de3-44e3-8d50-8a1447632052#0:FAIL-t36] and 0 exception(s); 6ab6cfca-dbae-4fc7-a842-1fd8eedeb1ff@group-07DD719309DE:t36, leader=null, voted=6ab6cfca-dbae-4fc7-a842-1fd8eedeb1ff, raftlog=6ab6cfca-dbae-4fc7-a842-1fd8eedeb1ff@group-07DD719309DE-SegmentedRaftLog:OPENED:c5,f6,i6, conf=1: [6ab6cfca-dbae-4fc7-a842-1fd8eedeb1ff:192.168.164.217:40408, e618d93a-19a9-4b89-96f3-44f318818422:192.168.164.217:37953, 90c9f5c6-6de3-44e3-8d50-8a1447632052:192.168.164.217:36159], old=null
2019-11-05 08:28:08,537 [6ab6cfca-dbae-4fc7-a842-1fd8eedeb1ff@group-07DD719309DE-LeaderElection37] INFO  impl.RaftServerImpl (RaftServerImpl.java:setRole(184)) - 6ab6cfca-dbae-4fc7-a842-1fd8eedeb1ff@group-07DD719309DE: changes role from CANDIDATE to FOLLOWER at term 36 for DISCOVERED_A_NEW_TERM
2019-11-05 08:28:08,537 [6ab6cfca-dbae-4fc7-a842-1fd8eedeb1ff@group-07DD719309DE-LeaderElection37] INFO  impl.RoleInfo (RoleInfo.java:shutdownLeaderElection(134)) - 6ab6cfca-dbae-4fc7-a842-1fd8eedeb1ff: shutdown LeaderElection
2019-11-05 08:28:08,537 [6ab6cfca-dbae-4fc7-a842-1fd8eedeb1ff@group-07DD719309DE-LeaderElection37] INFO  impl.RoleInfo (RoleInfo.java:updateAndGet(143)) - 6ab6cfca-dbae-4fc7-a842-1fd8eedeb1ff: start FollowerState
2019-11-05 08:28:08,591 [pool-7-thread-1] INFO  commands.RetriableDatanodeEventWatcher (RetriableDatanodeEventWatcher.java:onTimeout(47)) - RetriableDatanodeCommand type=deleteBlocksCommand with id=1572942482586 timed out. Retrying.
2019-11-05 08:28:08,593 [pool-7-thread-1] INFO  commands.RetriableDatanodeEventWatcher (RetriableDatanodeEventWatcher.java:onTimeout(47)) - RetriableDatanodeCommand type=deleteBlocksCommand with id=1572942482581 timed out. Retrying.
2019-11-05 08:28:08,593 [pool-7-thread-1] INFO  commands.RetriableDatanodeEventWatcher (RetriableDatanodeEventWatcher.java:onTimeout(47)) - RetriableDatanodeCommand type=deleteBlocksCommand with id=1572942482585 timed out. Retrying.
2019-11-05 08:28:08,594 [pool-7-thread-4] INFO  commands.RetriableDatanodeEventWatcher (RetriableDatanodeEventWatcher.java:onTimeout(47)) - RetriableDatanodeCommand type=deleteBlocksCommand with id=1572942482584 timed out. Retrying.
2019-11-05 08:28:08,594 [SCMBlockDeletingService#0] INFO  block.SCMBlockDeletingService (SCMBlockDeletingService.java:call(184)) - Totally added 1 delete blocks command for 1 datanodes, task elapsed time: 0ms
2019-11-05 08:28:08,595 [pool-7-thread-4] INFO  commands.RetriableDatanodeEventWatcher (RetriableDatanodeEventWatcher.java:onTimeout(47)) - RetriableDatanodeCommand type=deleteBlocksCommand with id=1572942482583 timed out. Retrying.
2019-11-05 08:28:08,595 [pool-7-thread-1] INFO  commands.RetriableDatanodeEventWatcher (RetriableDatanodeEventWatcher.java:onTimeout(47)) - RetriableDatanodeCommand type=deleteBlocksCommand with id=1572942482582 timed out. Retrying.
2019-11-05 08:28:08,595 [Thread-801] INFO  impl.FollowerState (FollowerState.java:run(108)) - 6ab6cfca-dbae-4fc7-a842-1fd8eedeb1ff@group-07DD719309DE-FollowerState: change to CANDIDATE, lastRpcTime:58ms, electionTimeout:58ms
2019-11-05 08:28:08,596 [Thread-801] INFO  impl.RoleInfo (RoleInfo.java:shutdownFollowerState(121)) - 6ab6cfca-dbae-4fc7-a842-1fd8eedeb1ff: shutdown FollowerState
2019-11-05 08:28:08,596 [Thread-801] INFO  impl.RaftServerImpl (RaftServerImpl.java:setRole(184)) - 6ab6cfca-dbae-4fc7-a842-1fd8eedeb1ff@group-07DD719309DE: changes role from  FOLLOWER to CANDIDATE at term 36 for changeToCandidate
2019-11-05 08:28:08,596 [Thread-801] INFO  impl.RoleInfo (RoleInfo.java:updateAndGet(143)) - 6ab6cfca-dbae-4fc7-a842-1fd8eedeb1ff: start LeaderElection
2019-11-05 08:28:08,622 [6ab6cfca-dbae-4fc7-a842-1fd8eedeb1ff@group-07DD719309DE-LeaderElection38] INFO  impl.LeaderElection (LeaderElection.java:askForVotes(178)) - 6ab6cfca-dbae-4fc7-a842-1fd8eedeb1ff@group-07DD719309DE-LeaderElection38: begin an election at term 37 for 1: [6ab6cfca-dbae-4fc7-a842-1fd8eedeb1ff:192.168.164.217:40408, e618d93a-19a9-4b89-96f3-44f318818422:192.168.164.217:37953, 90c9f5c6-6de3-44e3-8d50-8a1447632052:192.168.164.217:36159], old=null
2019-11-05 08:28:08,624 [grpc-default-executor-0] INFO  impl.RaftServerImpl (RaftServerImpl.java:setRole(184)) - e618d93a-19a9-4b89-96f3-44f318818422@group-07DD719309DE: changes role from  FOLLOWER to FOLLOWER at term 37 for recognizeCandidate:6ab6cfca-dbae-4fc7-a842-1fd8eedeb1ff
2019-11-05 08:28:08,624 [grpc-default-executor-0] INFO  impl.RoleInfo (RoleInfo.java:shutdownFollowerState(121)) - e618d93a-19a9-4b89-96f3-44f318818422: shutdown FollowerState
2019-11-05 08:28:08,624 [grpc-default-executor-8] INFO  impl.RaftServerImpl (RaftServerImpl.java:setRole(184)) - 90c9f5c6-6de3-44e3-8d50-8a1447632052@group-07DD719309DE: changes role from  FOLLOWER to FOLLOWER at term 37 for recognizeCandidate:6ab6cfca-dbae-4fc7-a842-1fd8eedeb1ff
2019-11-05 08:28:08,625 [Thread-800] INFO  impl.FollowerState (FollowerState.java:run(117)) - e618d93a-19a9-4b89-96f3-44f318818422@group-07DD719309DE-FollowerState was interrupted: java.lang.InterruptedException: sleep interrupted
2019-11-05 08:28:08,625 [grpc-default-executor-0] INFO  impl.RoleInfo (RoleInfo.java:updateAndGet(143)) - e618d93a-19a9-4b89-96f3-44f318818422: start FollowerState
2019-11-05 08:28:08,625 [grpc-default-executor-8] INFO  impl.RoleInfo (RoleInfo.java:shutdownFollowerState(121)) - 90c9f5c6-6de3-44e3-8d50-8a1447632052: shutdown FollowerState
2019-11-05 08:28:08,625 [grpc-default-executor-8] INFO  impl.RoleInfo (RoleInfo.java:updateAndGet(143)) - 90c9f5c6-6de3-44e3-8d50-8a1447632052: start FollowerState
2019-11-05 08:28:08,625 [Thread-799] INFO  impl.FollowerState (FollowerState.java:run(117)) - 90c9f5c6-6de3-44e3-8d50-8a1447632052@group-07DD719309DE-FollowerState was interrupted: java.lang.InterruptedException: sleep interrupted
2019-11-05 08:28:08,640 [6ab6cfca-dbae-4fc7-a842-1fd8eedeb1ff@group-07DD719309DE-LeaderElection38] INFO  impl.LeaderElection (LeaderElection.java:logAndReturn(56)) - 6ab6cfca-dbae-4fc7-a842-1fd8eedeb1ff@group-07DD719309DE-LeaderElection38: Election REJECTED; received 2 response(s) [6ab6cfca-dbae-4fc7-a842-1fd8eedeb1ff<-e618d93a-19a9-4b89-96f3-44f318818422#0:FAIL-t37, 6ab6cfca-dbae-4fc7-a842-1fd8eedeb1ff<-90c9f5c6-6de3-44e3-8d50-8a1447632052#0:FAIL-t37] and 0 exception(s); 6ab6cfca-dbae-4fc7-a842-1fd8eedeb1ff@group-07DD719309DE:t37, leader=null, voted=6ab6cfca-dbae-4fc7-a842-1fd8eedeb1ff, raftlog=6ab6cfca-dbae-4fc7-a842-1fd8eedeb1ff@group-07DD719309DE-SegmentedRaftLog:OPENED:c5,f6,i6, conf=1: [6ab6cfca-dbae-4fc7-a842-1fd8eedeb1ff:192.168.164.217:40408, e618d93a-19a9-4b89-96f3-44f318818422:192.168.164.217:37953, 90c9f5c6-6de3-44e3-8d50-8a1447632052:192.168.164.217:36159], old=null
2019-11-05 08:28:08,640 [6ab6cfca-dbae-4fc7-a842-1fd8eedeb1ff@group-07DD719309DE-LeaderElection38] INFO  impl.RaftServerImpl (RaftServerImpl.java:setRole(184)) - 6ab6cfca-dbae-4fc7-a842-1fd8eedeb1ff@group-07DD719309DE: changes role from CANDIDATE to FOLLOWER at term 37 for DISCOVERED_A_NEW_TERM
2019-11-05 08:28:08,641 [6ab6cfca-dbae-4fc7-a842-1fd8eedeb1ff@group-07DD719309DE-LeaderElection38] INFO  impl.RoleInfo (RoleInfo.java:shutdownLeaderElection(134)) - 6ab6cfca-dbae-4fc7-a842-1fd8eedeb1ff: shutdown LeaderElection
2019-11-05 08:28:08,641 [6ab6cfca-dbae-4fc7-a842-1fd8eedeb1ff@group-07DD719309DE-LeaderElection38] INFO  impl.RoleInfo (RoleInfo.java:updateAndGet(143)) - 6ab6cfca-dbae-4fc7-a842-1fd8eedeb1ff: start FollowerState
2019-11-05 08:28:08,810 [Thread-807] INFO  impl.FollowerState (FollowerState.java:run(108)) - 6ab6cfca-dbae-4fc7-a842-1fd8eedeb1ff@group-07DD719309DE-FollowerState: change to CANDIDATE, lastRpcTime:169ms, electionTimeout:169ms
2019-11-05 08:28:08,810 [Thread-807] INFO  impl.RoleInfo (RoleInfo.java:shutdownFollowerState(121)) - 6ab6cfca-dbae-4fc7-a842-1fd8eedeb1ff: shutdown FollowerState
2019-11-05 08:28:08,810 [Thread-807] INFO  impl.RaftServerImpl (RaftServerImpl.java:setRole(184)) - 6ab6cfca-dbae-4fc7-a842-1fd8eedeb1ff@group-07DD719309DE: changes role from  FOLLOWER to CANDIDATE at term 37 for changeToCandidate
2019-11-05 08:28:08,811 [Thread-807] INFO  impl.RoleInfo (RoleInfo.java:updateAndGet(143)) - 6ab6cfca-dbae-4fc7-a842-1fd8eedeb1ff: start LeaderElection
2019-11-05 08:28:08,825 [6ab6cfca-dbae-4fc7-a842-1fd8eedeb1ff@group-07DD719309DE-LeaderElection39] INFO  impl.LeaderElection (LeaderElection.java:askForVotes(178)) - 6ab6cfca-dbae-4fc7-a842-1fd8eedeb1ff@group-07DD719309DE-LeaderElection39: begin an election at term 38 for 1: [6ab6cfca-dbae-4fc7-a842-1fd8eedeb1ff:192.168.164.217:40408, e618d93a-19a9-4b89-96f3-44f318818422:192.168.164.217:37953, 90c9f5c6-6de3-44e3-8d50-8a1447632052:192.168.164.217:36159], old=null
2019-11-05 08:28:08,828 [grpc-default-executor-0] INFO  impl.RaftServerImpl (RaftServerImpl.java:setRole(184)) - 90c9f5c6-6de3-44e3-8d50-8a1447632052@group-07DD719309DE: changes role from  FOLLOWER to FOLLOWER at term 38 for recognizeCandidate:6ab6cfca-dbae-4fc7-a842-1fd8eedeb1ff
2019-11-05 08:28:08,828 [grpc-default-executor-8] INFO  impl.RaftServerImpl (RaftServerImpl.java:setRole(184)) - e618d93a-19a9-4b89-96f3-44f318818422@group-07DD719309DE: changes role from  FOLLOWER to FOLLOWER at term 38 for recognizeCandidate:6ab6cfca-dbae-4fc7-a842-1fd8eedeb1ff
2019-11-05 08:28:08,828 [grpc-default-executor-0] INFO  impl.RoleInfo (RoleInfo.java:shutdownFollowerState(121)) - 90c9f5c6-6de3-44e3-8d50-8a1447632052: shutdown FollowerState
2019-11-05 08:28:08,829 [grpc-default-executor-8] INFO  impl.RoleInfo (RoleInfo.java:shutdownFollowerState(121)) - e618d93a-19a9-4b89-96f3-44f318818422: shutdown FollowerState
2019-11-05 08:28:08,829 [Thread-806] INFO  impl.FollowerState (FollowerState.java:run(117)) - 90c9f5c6-6de3-44e3-8d50-8a1447632052@group-07DD719309DE-FollowerState was interrupted: java.lang.InterruptedException: sleep interrupted
2019-11-05 08:28:08,829 [grpc-default-executor-0] INFO  impl.RoleInfo (RoleInfo.java:updateAndGet(143)) - 90c9f5c6-6de3-44e3-8d50-8a1447632052: start FollowerState
2019-11-05 08:28:08,829 [Thread-805] INFO  impl.FollowerState (FollowerState.java:run(117)) - e618d93a-19a9-4b89-96f3-44f318818422@group-07DD719309DE-FollowerState was interrupted: java.lang.InterruptedException: sleep interrupted
2019-11-05 08:28:08,829 [grpc-default-executor-8] INFO  impl.RoleInfo (RoleInfo.java:updateAndGet(143)) - e618d93a-19a9-4b89-96f3-44f318818422: start FollowerState
2019-11-05 08:28:08,844 [6ab6cfca-dbae-4fc7-a842-1fd8eedeb1ff@group-07DD719309DE-LeaderElection39] INFO  impl.LeaderElection (LeaderElection.java:logAndReturn(56)) - 6ab6cfca-dbae-4fc7-a842-1fd8eedeb1ff@group-07DD719309DE-LeaderElection39: Election REJECTED; received 2 response(s) [6ab6cfca-dbae-4fc7-a842-1fd8eedeb1ff<-e618d93a-19a9-4b89-96f3-44f318818422#0:FAIL-t38, 6ab6cfca-dbae-4fc7-a842-1fd8eedeb1ff<-90c9f5c6-6de3-44e3-8d50-8a1447632052#0:FAIL-t38] and 0 exception(s); 6ab6cfca-dbae-4fc7-a842-1fd8eedeb1ff@group-07DD719309DE:t38, leader=null, voted=6ab6cfca-dbae-4fc7-a842-1fd8eedeb1ff, raftlog=6ab6cfca-dbae-4fc7-a842-1fd8eedeb1ff@group-07DD719309DE-SegmentedRaftLog:OPENED:c5,f6,i6, conf=1: [6ab6cfca-dbae-4fc7-a842-1fd8eedeb1ff:192.168.164.217:40408, e618d93a-19a9-4b89-96f3-44f318818422:192.168.164.217:37953, 90c9f5c6-6de3-44e3-8d50-8a1447632052:192.168.164.217:36159], old=null
2019-11-05 08:28:08,845 [6ab6cfca-dbae-4fc7-a842-1fd8eedeb1ff@group-07DD719309DE-LeaderElection39] INFO  impl.RaftServerImpl (RaftServerImpl.java:setRole(184)) - 6ab6cfca-dbae-4fc7-a842-1fd8eedeb1ff@group-07DD719309DE: changes role from CANDIDATE to FOLLOWER at term 38 for DISCOVERED_A_NEW_TERM
2019-11-05 08:28:08,845 [6ab6cfca-dbae-4fc7-a842-1fd8eedeb1ff@group-07DD719309DE-LeaderElection39] INFO  impl.RoleInfo (RoleInfo.java:shutdownLeaderElection(134)) - 6ab6cfca-dbae-4fc7-a842-1fd8eedeb1ff: shutdown LeaderElection
2019-11-05 08:28:08,845 [6ab6cfca-dbae-4fc7-a842-1fd8eedeb1ff@group-07DD719309DE-LeaderElection39] INFO  impl.RoleInfo (RoleInfo.java:updateAndGet(143)) - 6ab6cfca-dbae-4fc7-a842-1fd8eedeb1ff: start FollowerState
2019-11-05 08:28:08,954 [Thread-813] INFO  impl.FollowerState (FollowerState.java:run(108)) - 6ab6cfca-dbae-4fc7-a842-1fd8eedeb1ff@group-07DD719309DE-FollowerState: change to CANDIDATE, lastRpcTime:109ms, electionTimeout:109ms
2019-11-05 08:28:08,954 [Thread-813] INFO  impl.RoleInfo (RoleInfo.java:shutdownFollowerState(121)) - 6ab6cfca-dbae-4fc7-a842-1fd8eedeb1ff: shutdown FollowerState
2019-11-05 08:28:08,955 [Thread-813] INFO  impl.RaftServerImpl (RaftServerImpl.java:setRole(184)) - 6ab6cfca-dbae-4fc7-a842-1fd8eedeb1ff@group-07DD719309DE: changes role from  FOLLOWER to CANDIDATE at term 38 for changeToCandidate
2019-11-05 08:28:08,955 [Thread-813] INFO  impl.RoleInfo (RoleInfo.java:updateAndGet(143)) - 6ab6cfca-dbae-4fc7-a842-1fd8eedeb1ff: start LeaderElection
2019-11-05 08:28:08,968 [6ab6cfca-dbae-4fc7-a842-1fd8eedeb1ff@group-07DD719309DE-LeaderElection40] INFO  impl.LeaderElection (LeaderElection.java:askForVotes(178)) - 6ab6cfca-dbae-4fc7-a842-1fd8eedeb1ff@group-07DD719309DE-LeaderElection40: begin an election at term 39 for 1: [6ab6cfca-dbae-4fc7-a842-1fd8eedeb1ff:192.168.164.217:40408, e618d93a-19a9-4b89-96f3-44f318818422:192.168.164.217:37953, 90c9f5c6-6de3-44e3-8d50-8a1447632052:192.168.164.217:36159], old=null
2019-11-05 08:28:08,971 [grpc-default-executor-0] INFO  impl.RaftServerImpl (RaftServerImpl.java:setRole(184)) - e618d93a-19a9-4b89-96f3-44f318818422@group-07DD719309DE: changes role from  FOLLOWER to FOLLOWER at term 39 for recognizeCandidate:6ab6cfca-dbae-4fc7-a842-1fd8eedeb1ff
2019-11-05 08:28:08,971 [grpc-default-executor-0] INFO  impl.RoleInfo (RoleInfo.java:shutdownFollowerState(121)) - e618d93a-19a9-4b89-96f3-44f318818422: shutdown FollowerState
2019-11-05 08:28:08,971 [grpc-default-executor-8] INFO  impl.RaftServerImpl (RaftServerImpl.java:setRole(184)) - 90c9f5c6-6de3-44e3-8d50-8a1447632052@group-07DD719309DE: changes role from  FOLLOWER to FOLLOWER at term 39 for recognizeCandidate:6ab6cfca-dbae-4fc7-a842-1fd8eedeb1ff
2019-11-05 08:28:08,972 [grpc-default-executor-0] INFO  impl.RoleInfo (RoleInfo.java:updateAndGet(143)) - e618d93a-19a9-4b89-96f3-44f318818422: start FollowerState
2019-11-05 08:28:08,972 [Thread-812] INFO  impl.FollowerState (FollowerState.java:run(117)) - e618d93a-19a9-4b89-96f3-44f318818422@group-07DD719309DE-FollowerState was interrupted: java.lang.InterruptedException: sleep interrupted
2019-11-05 08:28:08,972 [grpc-default-executor-8] INFO  impl.RoleInfo (RoleInfo.java:shutdownFollowerState(121)) - 90c9f5c6-6de3-44e3-8d50-8a1447632052: shutdown FollowerState
2019-11-05 08:28:08,972 [grpc-default-executor-8] INFO  impl.RoleInfo (RoleInfo.java:updateAndGet(143)) - 90c9f5c6-6de3-44e3-8d50-8a1447632052: start FollowerState
2019-11-05 08:28:08,972 [Thread-811] INFO  impl.FollowerState (FollowerState.java:run(117)) - 90c9f5c6-6de3-44e3-8d50-8a1447632052@group-07DD719309DE-FollowerState was interrupted: java.lang.InterruptedException: sleep interrupted
2019-11-05 08:28:08,983 [6ab6cfca-dbae-4fc7-a842-1fd8eedeb1ff@group-07DD719309DE-LeaderElection40] INFO  impl.LeaderElection (LeaderElection.java:logAndReturn(56)) - 6ab6cfca-dbae-4fc7-a842-1fd8eedeb1ff@group-07DD719309DE-LeaderElection40: Election TIMEOUT; received 0 response(s) [] and 0 exception(s); 6ab6cfca-dbae-4fc7-a842-1fd8eedeb1ff@group-07DD719309DE:t39, leader=null, voted=6ab6cfca-dbae-4fc7-a842-1fd8eedeb1ff, raftlog=6ab6cfca-dbae-4fc7-a842-1fd8eedeb1ff@group-07DD719309DE-SegmentedRaftLog:OPENED:c5,f6,i6, conf=1: [6ab6cfca-dbae-4fc7-a842-1fd8eedeb1ff:192.168.164.217:40408, e618d93a-19a9-4b89-96f3-44f318818422:192.168.164.217:37953, 90c9f5c6-6de3-44e3-8d50-8a1447632052:192.168.164.217:36159], old=null
2019-11-05 08:28:08,988 [6ab6cfca-dbae-4fc7-a842-1fd8eedeb1ff@group-07DD719309DE-LeaderElection40] INFO  impl.LeaderElection (LeaderElection.java:askForVotes(178)) - 6ab6cfca-dbae-4fc7-a842-1fd8eedeb1ff@group-07DD719309DE-LeaderElection40: begin an election at term 40 for 1: [6ab6cfca-dbae-4fc7-a842-1fd8eedeb1ff:192.168.164.217:40408, e618d93a-19a9-4b89-96f3-44f318818422:192.168.164.217:37953, 90c9f5c6-6de3-44e3-8d50-8a1447632052:192.168.164.217:36159], old=null
2019-11-05 08:28:08,990 [grpc-default-executor-0] INFO  impl.RaftServerImpl (RaftServerImpl.java:setRole(184)) - e618d93a-19a9-4b89-96f3-44f318818422@group-07DD719309DE: changes role from  FOLLOWER to FOLLOWER at term 40 for recognizeCandidate:6ab6cfca-dbae-4fc7-a842-1fd8eedeb1ff
2019-11-05 08:28:08,990 [grpc-default-executor-8] INFO  impl.RaftServerImpl (RaftServerImpl.java:setRole(184)) - 90c9f5c6-6de3-44e3-8d50-8a1447632052@group-07DD719309DE: changes role from  FOLLOWER to FOLLOWER at term 40 for recognizeCandidate:6ab6cfca-dbae-4fc7-a842-1fd8eedeb1ff
2019-11-05 08:28:08,990 [grpc-default-executor-0] INFO  impl.RoleInfo (RoleInfo.java:shutdownFollowerState(121)) - e618d93a-19a9-4b89-96f3-44f318818422: shutdown FollowerState
2019-11-05 08:28:08,991 [grpc-default-executor-8] INFO  impl.RoleInfo (RoleInfo.java:shutdownFollowerState(121)) - 90c9f5c6-6de3-44e3-8d50-8a1447632052: shutdown FollowerState
2019-11-05 08:28:08,991 [Thread-817] INFO  impl.FollowerState (FollowerState.java:run(117)) - e618d93a-19a9-4b89-96f3-44f318818422@group-07DD719309DE-FollowerState was interrupted: java.lang.InterruptedException: sleep interrupted
2019-11-05 08:28:08,991 [grpc-default-executor-0] INFO  impl.RoleInfo (RoleInfo.java:updateAndGet(143)) - e618d93a-19a9-4b89-96f3-44f318818422: start FollowerState
2019-11-05 08:28:08,991 [Thread-818] INFO  impl.FollowerState (FollowerState.java:run(117)) - 90c9f5c6-6de3-44e3-8d50-8a1447632052@group-07DD719309DE-FollowerState was interrupted: java.lang.InterruptedException: sleep interrupted
2019-11-05 08:28:08,991 [grpc-default-executor-8] INFO  impl.RoleInfo (RoleInfo.java:updateAndGet(143)) - 90c9f5c6-6de3-44e3-8d50-8a1447632052: start FollowerState
2019-11-05 08:28:08,991 [6ab6cfca-dbae-4fc7-a842-1fd8eedeb1ff@group-07DD719309DE-LeaderElection40] INFO  impl.LeaderElection (LeaderElection.java:logAndReturn(56)) - 6ab6cfca-dbae-4fc7-a842-1fd8eedeb1ff@group-07DD719309DE-LeaderElection40: Election TIMEOUT; received 0 response(s) [] and 0 exception(s); 6ab6cfca-dbae-4fc7-a842-1fd8eedeb1ff@group-07DD719309DE:t40, leader=null, voted=6ab6cfca-dbae-4fc7-a842-1fd8eedeb1ff, raftlog=6ab6cfca-dbae-4fc7-a842-1fd8eedeb1ff@group-07DD719309DE-SegmentedRaftLog:OPENED:c5,f6,i6, conf=1: [6ab6cfca-dbae-4fc7-a842-1fd8eedeb1ff:192.168.164.217:40408, e618d93a-19a9-4b89-96f3-44f318818422:192.168.164.217:37953, 90c9f5c6-6de3-44e3-8d50-8a1447632052:192.168.164.217:36159], old=null
2019-11-05 08:28:08,997 [BlockDeletingService#6] WARN  background.BlockDeletingService (BlockDeletingService.java:isDeletionAllowed(187)) - Close Container log Index 8 is not replicated across allthe servers in the pipeline 91d82eec-d61e-45ed-83e6-07dd719309de as the min replicated index is 6. Deletion is not allowed in this container yet.
2019-11-05 08:28:08,997 [BlockDeletingService#2] WARN  background.BlockDeletingService (BlockDeletingService.java:isDeletionAllowed(187)) - Close Container log Index 8 is not replicated across allthe servers in the pipeline 91d82eec-d61e-45ed-83e6-07dd719309de as the min replicated index is 6. Deletion is not allowed in this container yet.
2019-11-05 08:28:09,005 [6ab6cfca-dbae-4fc7-a842-1fd8eedeb1ff@group-07DD719309DE-LeaderElection40] INFO  impl.LeaderElection (LeaderElection.java:askForVotes(178)) - 6ab6cfca-dbae-4fc7-a842-1fd8eedeb1ff@group-07DD719309DE-LeaderElection40: begin an election at term 41 for 1: [6ab6cfca-dbae-4fc7-a842-1fd8eedeb1ff:192.168.164.217:40408, e618d93a-19a9-4b89-96f3-44f318818422:192.168.164.217:37953, 90c9f5c6-6de3-44e3-8d50-8a1447632052:192.168.164.217:36159], old=null
2019-11-05 08:28:09,007 [grpc-default-executor-8] INFO  impl.RaftServerImpl (RaftServerImpl.java:setRole(184)) - e618d93a-19a9-4b89-96f3-44f318818422@group-07DD719309DE: changes role from  FOLLOWER to FOLLOWER at term 41 for recognizeCandidate:6ab6cfca-dbae-4fc7-a842-1fd8eedeb1ff
2019-11-05 08:28:09,007 [grpc-default-executor-8] INFO  impl.RoleInfo (RoleInfo.java:shutdownFollowerState(121)) - e618d93a-19a9-4b89-96f3-44f318818422: shutdown FollowerState
2019-11-05 08:28:09,007 [grpc-default-executor-8] INFO  impl.RoleInfo (RoleInfo.java:updateAndGet(143)) - e618d93a-19a9-4b89-96f3-44f318818422: start FollowerState
2019-11-05 08:28:09,007 [grpc-default-executor-0] INFO  impl.RaftServerImpl (RaftServerImpl.java:setRole(184)) - 90c9f5c6-6de3-44e3-8d50-8a1447632052@group-07DD719309DE: changes role from  FOLLOWER to FOLLOWER at term 41 for recognizeCandidate:6ab6cfca-dbae-4fc7-a842-1fd8eedeb1ff
2019-11-05 08:28:09,007 [Thread-821] INFO  impl.FollowerState (FollowerState.java:run(117)) - e618d93a-19a9-4b89-96f3-44f318818422@group-07DD719309DE-FollowerState was interrupted: java.lang.InterruptedException: sleep interrupted
2019-11-05 08:28:09,007 [grpc-default-executor-0] INFO  impl.RoleInfo (RoleInfo.java:shutdownFollowerState(121)) - 90c9f5c6-6de3-44e3-8d50-8a1447632052: shutdown FollowerState
2019-11-05 08:28:09,008 [Thread-822] INFO  impl.FollowerState (FollowerState.java:run(117)) - 90c9f5c6-6de3-44e3-8d50-8a1447632052@group-07DD719309DE-FollowerState was interrupted: java.lang.InterruptedException: sleep interrupted
2019-11-05 08:28:09,008 [grpc-default-executor-0] INFO  impl.RoleInfo (RoleInfo.java:updateAndGet(143)) - 90c9f5c6-6de3-44e3-8d50-8a1447632052: start FollowerState
2019-11-05 08:28:09,022 [6ab6cfca-dbae-4fc7-a842-1fd8eedeb1ff@group-07DD719309DE-LeaderElection40] INFO  impl.LeaderElection (LeaderElection.java:logAndReturn(56)) - 6ab6cfca-dbae-4fc7-a842-1fd8eedeb1ff@group-07DD719309DE-LeaderElection40: Election REJECTED; received 2 response(s) [6ab6cfca-dbae-4fc7-a842-1fd8eedeb1ff<-e618d93a-19a9-4b89-96f3-44f318818422#0:FAIL-t41, 6ab6cfca-dbae-4fc7-a842-1fd8eedeb1ff<-90c9f5c6-6de3-44e3-8d50-8a1447632052#0:FAIL-t41] and 0 exception(s); 6ab6cfca-dbae-4fc7-a842-1fd8eedeb1ff@group-07DD719309DE:t41, leader=null, voted=6ab6cfca-dbae-4fc7-a842-1fd8eedeb1ff, raftlog=6ab6cfca-dbae-4fc7-a842-1fd8eedeb1ff@group-07DD719309DE-SegmentedRaftLog:OPENED:c5,f6,i6, conf=1: [6ab6cfca-dbae-4fc7-a842-1fd8eedeb1ff:192.168.164.217:40408, e618d93a-19a9-4b89-96f3-44f318818422:192.168.164.217:37953, 90c9f5c6-6de3-44e3-8d50-8a1447632052:192.168.164.217:36159], old=null
2019-11-05 08:28:09,023 [6ab6cfca-dbae-4fc7-a842-1fd8eedeb1ff@group-07DD719309DE-LeaderElection40] INFO  impl.RaftServerImpl (RaftServerImpl.java:setRole(184)) - 6ab6cfca-dbae-4fc7-a842-1fd8eedeb1ff@group-07DD719309DE: changes role from CANDIDATE to FOLLOWER at term 41 for DISCOVERED_A_NEW_TERM
2019-11-05 08:28:09,023 [6ab6cfca-dbae-4fc7-a842-1fd8eedeb1ff@group-07DD719309DE-LeaderElection40] INFO  impl.RoleInfo (RoleInfo.java:shutdownLeaderElection(134)) - 6ab6cfca-dbae-4fc7-a842-1fd8eedeb1ff: shutdown LeaderElection
2019-11-05 08:28:09,023 [6ab6cfca-dbae-4fc7-a842-1fd8eedeb1ff@group-07DD719309DE-LeaderElection40] INFO  impl.RoleInfo (RoleInfo.java:updateAndGet(143)) - 6ab6cfca-dbae-4fc7-a842-1fd8eedeb1ff: start FollowerState
2019-11-05 08:28:09,046 [EventQueue-PendingDeleteStatusForPendingDeleteHandler] INFO  block.SCMBlockDeletingService (SCMBlockDeletingService.java:handlePendingDeletes(115)) - Block deletion txnID mismatch in datanode 6ab6cfca-dbae-4fc7-a842-1fd8eedeb1ff for containerID 1. Datanode delete txnID: 0, SCM txnID: 1
2019-11-05 08:28:09,089 [grpc-default-executor-0] INFO  impl.RaftServerProxy (RaftServerProxy.java:addNew(89)) - 6ab6cfca-dbae-4fc7-a842-1fd8eedeb1ff: addNew group-CF9D49CB4B0D:[6ab6cfca-dbae-4fc7-a842-1fd8eedeb1ff:192.168.164.217:40408] returns group-CF9D49CB4B0D:java.util.concurrent.CompletableFuture@5594d182[Not completed]
2019-11-05 08:28:09,092 [pool-59-thread-1] INFO  impl.RaftServerImpl (RaftServerImpl.java:<init>(104)) - 6ab6cfca-dbae-4fc7-a842-1fd8eedeb1ff: new RaftServerImpl for group-CF9D49CB4B0D:[6ab6cfca-dbae-4fc7-a842-1fd8eedeb1ff:192.168.164.217:40408] with ContainerStateMachine:uninitialized
2019-11-05 08:28:09,092 [pool-59-thread-1] INFO  server.RaftServerConfigKeys (ConfUtils.java:logGet(43)) - raft.server.rpc.timeout.min = 5s (custom)
2019-11-05 08:28:09,092 [pool-59-thread-1] INFO  server.RaftServerConfigKeys (ConfUtils.java:logGet(43)) - raft.server.rpc.timeout.max = 5200ms (custom)
2019-11-05 08:28:09,092 [pool-59-thread-1] INFO  server.RaftServerConfigKeys (ConfUtils.java:logGet(43)) - raft.server.rpcslowness.timeout = 1000s (custom)
2019-11-05 08:28:09,092 [pool-59-thread-1] INFO  server.RaftServerConfigKeys (ConfUtils.java:logGet(43)) - raft.server.sleep.deviation.threshold = 300 (default)
2019-11-05 08:28:09,092 [pool-59-thread-1] INFO  server.RaftServerConfigKeys (ConfUtils.java:logGet(43)) - raft.server.log.appender.install.snapshot.enabled = false (custom)
2019-11-05 08:28:09,093 [pool-59-thread-1] INFO  impl.RaftServerImpl (ServerState.java:<init>(103)) - 6ab6cfca-dbae-4fc7-a842-1fd8eedeb1ff@group-CF9D49CB4B0D: ConfigurationManager, init=-1: [6ab6cfca-dbae-4fc7-a842-1fd8eedeb1ff:192.168.164.217:40408], old=null, confs=<EMPTY_MAP>
2019-11-05 08:28:09,093 [pool-59-thread-1] INFO  server.RaftServerConfigKeys (ConfUtils.java:logGet(43)) - raft.server.storage.dir = [/workdir/hadoop-ozone/integration-test/target/test-dir/MiniOzoneClusterImpl-02b65e86-f8bb-4f05-a146-5b32a27149c8/datanode-2/data/ratis] (custom)
2019-11-05 08:28:09,093 [pool-59-thread-1] INFO  server.RaftServerConfigKeys (ConfUtils.java:logGet(43)) - raft.server.log.corruption.policy = EXCEPTION (default)
2019-11-05 08:28:09,094 [pool-59-thread-1] INFO  storage.RaftStorageDirectory (RaftStorageDirectory.java:analyzeStorage(246)) - The storage directory /workdir/hadoop-ozone/integration-test/target/test-dir/MiniOzoneClusterImpl-02b65e86-f8bb-4f05-a146-5b32a27149c8/datanode-2/data/ratis/da47436f-9947-426d-b961-cf9d49cb4b0d does not exist. Creating ...
2019-11-05 08:28:09,107 [pool-59-thread-1] INFO  storage.RaftStorageDirectory (RaftStorageDirectory.java:tryLock(328)) - Lock on /workdir/hadoop-ozone/integration-test/target/test-dir/MiniOzoneClusterImpl-02b65e86-f8bb-4f05-a146-5b32a27149c8/datanode-2/data/ratis/da47436f-9947-426d-b961-cf9d49cb4b0d/in_use.lock acquired by nodename 2662@pr-hdds-1643-8bmlk-2934350033
2019-11-05 08:28:09,131 [pool-59-thread-1] INFO  storage.RaftStorage (RaftStorage.java:format(84)) - Storage directory /workdir/hadoop-ozone/integration-test/target/test-dir/MiniOzoneClusterImpl-02b65e86-f8bb-4f05-a146-5b32a27149c8/datanode-2/data/ratis/da47436f-9947-426d-b961-cf9d49cb4b0d has been successfully formatted.
2019-11-05 08:28:09,131 [pool-59-thread-1] INFO  ratis.ContainerStateMachine (ContainerStateMachine.java:loadSnapshot(231)) - group-CF9D49CB4B0D: The snapshot info is null. Setting the last applied indexto:(t:0, i:~)
2019-11-05 08:28:09,131 [pool-59-thread-1] INFO  server.RaftServerConfigKeys (ConfUtils.java:logGet(43)) - raft.server.notification.no-leader.timeout = 1000s (custom)
2019-11-05 08:28:09,132 [pool-59-thread-1] INFO  server.RaftServerConfigKeys (ConfUtils.java:logGet(43)) - raft.server.log.use.memory = false (default)
2019-11-05 08:28:09,132 [pool-59-thread-1] INFO  server.RaftServerConfigKeys (ConfUtils.java:logGet(43)) - raft.server.log.purge.gap = 1000000 (custom)
2019-11-05 08:28:09,132 [pool-59-thread-1] INFO  server.RaftServerConfigKeys (ConfUtils.java:logGet(43)) - raft.server.log.appender.buffer.byte-limit = 33554432 (custom)
2019-11-05 08:28:09,132 [pool-59-thread-1] INFO  server.RaftServerConfigKeys (ConfUtils.java:logGet(43)) - raft.server.log.segment.size.max = 1048576 (custom)
2019-11-05 08:28:09,133 [pool-59-thread-1] INFO  server.RaftServerConfigKeys (ConfUtils.java:logGet(43)) - raft.server.log.segment.cache.num.max = 2 (custom)
2019-11-05 08:28:09,133 [pool-59-thread-1] INFO  segmented.SegmentedRaftLogWorker (SegmentedRaftLogWorker.java:<init>(173)) - new 6ab6cfca-dbae-4fc7-a842-1fd8eedeb1ff@group-CF9D49CB4B0D-SegmentedRaftLogWorker for RaftStorage:Storage Directory /workdir/hadoop-ozone/integration-test/target/test-dir/MiniOzoneClusterImpl-02b65e86-f8bb-4f05-a146-5b32a27149c8/datanode-2/data/ratis/da47436f-9947-426d-b961-cf9d49cb4b0d
2019-11-05 08:28:09,133 [pool-59-thread-1] INFO  server.RaftServerConfigKeys (ConfUtils.java:logGet(43)) - raft.server.log.queue.byte-limit = 2147483647 (custom)
2019-11-05 08:28:09,133 [pool-59-thread-1] INFO  server.RaftServerConfigKeys (ConfUtils.java:logGet(43)) - raft.server.log.queue.element-limit = 1024 (custom)
2019-11-05 08:28:09,133 [pool-59-thread-1] INFO  server.RaftServerConfigKeys (ConfUtils.java:logGet(43)) - raft.server.log.segment.size.max = 1048576 (custom)
2019-11-05 08:28:09,133 [pool-59-thread-1] INFO  server.RaftServerConfigKeys (ConfUtils.java:logGet(43)) - raft.server.log.preallocated.size = 16384 (custom)
2019-11-05 08:28:09,134 [pool-59-thread-1] INFO  server.RaftServerConfigKeys (ConfUtils.java:logGet(43)) - raft.server.log.write.buffer.size = 33554432 (custom)
2019-11-05 08:28:09,134 [pool-59-thread-1] INFO  server.RaftServerConfigKeys (ConfUtils.java:logGet(43)) - raft.server.log.force.sync.num = 128 (default)
2019-11-05 08:28:09,134 [pool-59-thread-1] INFO  server.RaftServerConfigKeys (ConfUtils.java:logGet(43)) - raft.server.log.statemachine.data.sync = true (default)
2019-11-05 08:28:09,134 [pool-59-thread-1] INFO  server.RaftServerConfigKeys (ConfUtils.java:logGet(43)) - raft.server.log.statemachine.data.sync.timeout = 10s (default)
2019-11-05 08:28:09,134 [pool-59-thread-1] INFO  server.RaftServerConfigKeys (ConfUtils.java:logGet(43)) - raft.server.log.statemachine.data.sync.timeout.retry = -1 (default)
2019-11-05 08:28:09,135 [pool-59-thread-1] INFO  server.RaftServerConfigKeys (ConfUtils.java:logGet(43)) - raft.server.log.statemachine.data.caching.enabled = true (custom)
2019-11-05 08:28:09,135 [pool-59-thread-1] INFO  segmented.SegmentedRaftLogWorker (SegmentedRaftLogWorker.java:lambda$new$0(128)) - 6ab6cfca-dbae-4fc7-a842-1fd8eedeb1ff@group-CF9D49CB4B0D-SegmentedRaftLogWorker: flushIndex: setUnconditionally 0 -> -1
2019-11-05 08:28:09,136 [pool-59-thread-1] INFO  server.RaftServerConfigKeys (ConfUtils.java:logGet(43)) - raft.server.snapshot.auto.trigger.enabled = true (custom)
2019-11-05 08:28:09,136 [pool-59-thread-1] INFO  server.RaftServerConfigKeys (ConfUtils.java:logGet(43)) - raft.server.snapshot.auto.trigger.threshold = 10000 (custom)
2019-11-05 08:28:09,136 [pool-59-thread-1] INFO  server.RaftServerConfigKeys (ConfUtils.java:logGet(43)) - raft.server.snapshot.retention.file.num = 5 (custom)
2019-11-05 08:28:09,136 [pool-59-thread-1] INFO  server.RaftServerConfigKeys (ConfUtils.java:logGet(43)) - raft.server.retrycache.expirytime = 600000ms (custom)
2019-11-05 08:28:09,140 [pool-59-thread-1] INFO  impl.RaftServerImpl (RaftServerImpl.java:start(195)) - 6ab6cfca-dbae-4fc7-a842-1fd8eedeb1ff@group-CF9D49CB4B0D: start as a follower, conf=-1: [6ab6cfca-dbae-4fc7-a842-1fd8eedeb1ff:192.168.164.217:40408], old=null
2019-11-05 08:28:09,140 [pool-59-thread-1] INFO  impl.RaftServerImpl (RaftServerImpl.java:setRole(184)) - 6ab6cfca-dbae-4fc7-a842-1fd8eedeb1ff@group-CF9D49CB4B0D: changes role from      null to FOLLOWER at term 0 for startAsFollower
2019-11-05 08:28:09,140 [pool-59-thread-1] INFO  impl.RoleInfo (RoleInfo.java:updateAndGet(143)) - 6ab6cfca-dbae-4fc7-a842-1fd8eedeb1ff: start FollowerState
2019-11-05 08:28:09,141 [pool-59-thread-1] INFO  util.JmxRegister (JmxRegister.java:tryRegister(44)) - Successfully registered JMX Bean with object name Ratis:service=RaftServer,group=group-CF9D49CB4B0D,id=6ab6cfca-dbae-4fc7-a842-1fd8eedeb1ff
2019-11-05 08:28:09,147 [EventQueue-PendingDeleteStatusForPendingDeleteHandler] INFO  block.SCMBlockDeletingService (SCMBlockDeletingService.java:handlePendingDeletes(115)) - Block deletion txnID mismatch in datanode 6ab6cfca-dbae-4fc7-a842-1fd8eedeb1ff for containerID 1. Datanode delete txnID: 0, SCM txnID: 1
2019-11-05 08:28:09,148 [RatisPipelineUtilsThread] INFO  pipeline.PipelineStateManager (PipelineStateManager.java:addPipeline(56)) - Created pipeline Pipeline[ Id: da47436f-9947-426d-b961-cf9d49cb4b0d, Nodes: 6ab6cfca-dbae-4fc7-a842-1fd8eedeb1ff{ip: 192.168.164.217, host: pr-hdds-1643-8bmlk-2934350033, networkLocation: /default-rack, certSerialId: null}, Type:RATIS, Factor:ONE, State:OPEN]
2019-11-05 08:28:09,153 [Thread-829] INFO  impl.FollowerState (FollowerState.java:run(108)) - 6ab6cfca-dbae-4fc7-a842-1fd8eedeb1ff@group-07DD719309DE-FollowerState: change to CANDIDATE, lastRpcTime:130ms, electionTimeout:130ms
2019-11-05 08:28:09,154 [Thread-829] INFO  impl.RoleInfo (RoleInfo.java:shutdownFollowerState(121)) - 6ab6cfca-dbae-4fc7-a842-1fd8eedeb1ff: shutdown FollowerState
2019-11-05 08:28:09,154 [Thread-829] INFO  impl.RaftServerImpl (RaftServerImpl.java:setRole(184)) - 6ab6cfca-dbae-4fc7-a842-1fd8eedeb1ff@group-07DD719309DE: changes role from  FOLLOWER to CANDIDATE at term 41 for changeToCandidate
2019-11-05 08:28:09,154 [Thread-829] INFO  impl.RoleInfo (RoleInfo.java:updateAndGet(143)) - 6ab6cfca-dbae-4fc7-a842-1fd8eedeb1ff: start LeaderElection
2019-11-05 08:28:09,159 [grpc-default-executor-8] INFO  impl.RaftServerProxy (RaftServerProxy.java:addNew(89)) - 6ab6cfca-dbae-4fc7-a842-1fd8eedeb1ff: addNew group-6C0EAE59426D:[6ab6cfca-dbae-4fc7-a842-1fd8eedeb1ff:192.168.164.217:40408, e618d93a-19a9-4b89-96f3-44f318818422:192.168.164.217:37953, 90c9f5c6-6de3-44e3-8d50-8a1447632052:192.168.164.217:36159] returns group-6C0EAE59426D:java.util.concurrent.CompletableFuture@3570ae55[Not completed]
2019-11-05 08:28:09,160 [grpc-default-executor-2] INFO  impl.RaftServerProxy (RaftServerProxy.java:addNew(89)) - e618d93a-19a9-4b89-96f3-44f318818422: addNew group-6C0EAE59426D:[6ab6cfca-dbae-4fc7-a842-1fd8eedeb1ff:192.168.164.217:40408, e618d93a-19a9-4b89-96f3-44f318818422:192.168.164.217:37953, 90c9f5c6-6de3-44e3-8d50-8a1447632052:192.168.164.217:36159] returns group-6C0EAE59426D:java.util.concurrent.CompletableFuture@1733be6a[Not completed]
2019-11-05 08:28:09,160 [grpc-default-executor-8] INFO  impl.RaftServerProxy (RaftServerProxy.java:addNew(89)) - 90c9f5c6-6de3-44e3-8d50-8a1447632052: addNew group-6C0EAE59426D:[6ab6cfca-dbae-4fc7-a842-1fd8eedeb1ff:192.168.164.217:40408, e618d93a-19a9-4b89-96f3-44f318818422:192.168.164.217:37953, 90c9f5c6-6de3-44e3-8d50-8a1447632052:192.168.164.217:36159] returns group-6C0EAE59426D:java.util.concurrent.CompletableFuture@314f3c23[Not completed]
2019-11-05 08:28:09,161 [pool-59-thread-1] INFO  impl.RaftServerImpl (RaftServerImpl.java:<init>(104)) - 6ab6cfca-dbae-4fc7-a842-1fd8eedeb1ff: new RaftServerImpl for group-6C0EAE59426D:[6ab6cfca-dbae-4fc7-a842-1fd8eedeb1ff:192.168.164.217:40408, e618d93a-19a9-4b89-96f3-44f318818422:192.168.164.217:37953, 90c9f5c6-6de3-44e3-8d50-8a1447632052:192.168.164.217:36159] with ContainerStateMachine:uninitialized
2019-11-05 08:28:09,161 [pool-59-thread-1] INFO  server.RaftServerConfigKeys (ConfUtils.java:logGet(43)) - raft.server.rpc.timeout.min = 5s (custom)
2019-11-05 08:28:09,162 [pool-59-thread-1] INFO  server.RaftServerConfigKeys (ConfUtils.java:logGet(43)) - raft.server.rpc.timeout.max = 5200ms (custom)
2019-11-05 08:28:09,162 [pool-59-thread-1] INFO  server.RaftServerConfigKeys (ConfUtils.java:logGet(43)) - raft.server.rpcslowness.timeout = 1000s (custom)
2019-11-05 08:28:09,162 [pool-59-thread-1] INFO  server.RaftServerConfigKeys (ConfUtils.java:logGet(43)) - raft.server.sleep.deviation.threshold = 300 (default)
2019-11-05 08:28:09,162 [pool-59-thread-1] INFO  server.RaftServerConfigKeys (ConfUtils.java:logGet(43)) - raft.server.log.appender.install.snapshot.enabled = false (custom)
2019-11-05 08:28:09,162 [pool-59-thread-1] INFO  impl.RaftServerImpl (ServerState.java:<init>(103)) - 6ab6cfca-dbae-4fc7-a842-1fd8eedeb1ff@group-6C0EAE59426D: ConfigurationManager, init=-1: [6ab6cfca-dbae-4fc7-a842-1fd8eedeb1ff:192.168.164.217:40408, e618d93a-19a9-4b89-96f3-44f318818422:192.168.164.217:37953, 90c9f5c6-6de3-44e3-8d50-8a1447632052:192.168.164.217:36159], old=null, confs=<EMPTY_MAP>
2019-11-05 08:28:09,162 [pool-27-thread-1] INFO  impl.RaftServerImpl (RaftServerImpl.java:<init>(104)) - 90c9f5c6-6de3-44e3-8d50-8a1447632052: new RaftServerImpl for group-6C0EAE59426D:[6ab6cfca-dbae-4fc7-a842-1fd8eedeb1ff:192.168.164.217:40408, e618d93a-19a9-4b89-96f3-44f318818422:192.168.164.217:37953, 90c9f5c6-6de3-44e3-8d50-8a1447632052:192.168.164.217:36159] with ContainerStateMachine:uninitialized
2019-11-05 08:28:09,162 [pool-59-thread-1] INFO  server.RaftServerConfigKeys (ConfUtils.java:logGet(43)) - raft.server.storage.dir = [/workdir/hadoop-ozone/integration-test/target/test-dir/MiniOzoneClusterImpl-02b65e86-f8bb-4f05-a146-5b32a27149c8/datanode-2/data/ratis] (custom)
2019-11-05 08:28:09,163 [pool-27-thread-1] INFO  server.RaftServerConfigKeys (ConfUtils.java:logGet(43)) - raft.server.rpc.timeout.min = 5s (custom)
2019-11-05 08:28:09,163 [pool-27-thread-1] INFO  server.RaftServerConfigKeys (ConfUtils.java:logGet(43)) - raft.server.rpc.timeout.max = 5200ms (custom)
2019-11-05 08:28:09,163 [pool-59-thread-1] INFO  server.RaftServerConfigKeys (ConfUtils.java:logGet(43)) - raft.server.log.corruption.policy = EXCEPTION (default)
2019-11-05 08:28:09,163 [pool-27-thread-1] INFO  server.RaftServerConfigKeys (ConfUtils.java:logGet(43)) - raft.server.rpcslowness.timeout = 1000s (custom)
2019-11-05 08:28:09,163 [pool-27-thread-1] INFO  server.RaftServerConfigKeys (ConfUtils.java:logGet(43)) - raft.server.sleep.deviation.threshold = 300 (default)
2019-11-05 08:28:09,163 [pool-59-thread-1] INFO  storage.RaftStorageDirectory (RaftStorageDirectory.java:analyzeStorage(246)) - The storage directory /workdir/hadoop-ozone/integration-test/target/test-dir/MiniOzoneClusterImpl-02b65e86-f8bb-4f05-a146-5b32a27149c8/datanode-2/data/ratis/b24da9df-bd8b-486f-af3b-6c0eae59426d does not exist. Creating ...
2019-11-05 08:28:09,163 [pool-27-thread-1] INFO  server.RaftServerConfigKeys (ConfUtils.java:logGet(43)) - raft.server.log.appender.install.snapshot.enabled = false (custom)
2019-11-05 08:28:09,164 [pool-37-thread-1] INFO  impl.RaftServerImpl (RaftServerImpl.java:<init>(104)) - e618d93a-19a9-4b89-96f3-44f318818422: new RaftServerImpl for group-6C0EAE59426D:[6ab6cfca-dbae-4fc7-a842-1fd8eedeb1ff:192.168.164.217:40408, e618d93a-19a9-4b89-96f3-44f318818422:192.168.164.217:37953, 90c9f5c6-6de3-44e3-8d50-8a1447632052:192.168.164.217:36159] with ContainerStateMachine:uninitialized
2019-11-05 08:28:09,164 [pool-27-thread-1] INFO  impl.RaftServerImpl (ServerState.java:<init>(103)) - 90c9f5c6-6de3-44e3-8d50-8a1447632052@group-6C0EAE59426D: ConfigurationManager, init=-1: [6ab6cfca-dbae-4fc7-a842-1fd8eedeb1ff:192.168.164.217:40408, e618d93a-19a9-4b89-96f3-44f318818422:192.168.164.217:37953, 90c9f5c6-6de3-44e3-8d50-8a1447632052:192.168.164.217:36159], old=null, confs=<EMPTY_MAP>
2019-11-05 08:28:09,164 [pool-37-thread-1] INFO  server.RaftServerConfigKeys (ConfUtils.java:logGet(43)) - raft.server.rpc.timeout.min = 5s (custom)
2019-11-05 08:28:09,164 [pool-27-thread-1] INFO  server.RaftServerConfigKeys (ConfUtils.java:logGet(43)) - raft.server.storage.dir = [/workdir/hadoop-ozone/integration-test/target/test-dir/MiniOzoneClusterImpl-02b65e86-f8bb-4f05-a146-5b32a27149c8/datanode-0/data/ratis] (custom)
2019-11-05 08:28:09,164 [pool-37-thread-1] INFO  server.RaftServerConfigKeys (ConfUtils.java:logGet(43)) - raft.server.rpc.timeout.max = 5200ms (custom)
2019-11-05 08:28:09,164 [pool-37-thread-1] INFO  server.RaftServerConfigKeys (ConfUtils.java:logGet(43)) - raft.server.rpcslowness.timeout = 1000s (custom)
2019-11-05 08:28:09,164 [pool-27-thread-1] INFO  server.RaftServerConfigKeys (ConfUtils.java:logGet(43)) - raft.server.log.corruption.policy = EXCEPTION (default)
2019-11-05 08:28:09,164 [pool-37-thread-1] INFO  server.RaftServerConfigKeys (ConfUtils.java:logGet(43)) - raft.server.sleep.deviation.threshold = 300 (default)
2019-11-05 08:28:09,165 [pool-27-thread-1] INFO  storage.RaftStorageDirectory (RaftStorageDirectory.java:analyzeStorage(246)) - The storage directory /workdir/hadoop-ozone/integration-test/target/test-dir/MiniOzoneClusterImpl-02b65e86-f8bb-4f05-a146-5b32a27149c8/datanode-0/data/ratis/b24da9df-bd8b-486f-af3b-6c0eae59426d does not exist. Creating ...
2019-11-05 08:28:09,165 [pool-37-thread-1] INFO  server.RaftServerConfigKeys (ConfUtils.java:logGet(43)) - raft.server.log.appender.install.snapshot.enabled = false (custom)
2019-11-05 08:28:09,165 [pool-37-thread-1] INFO  impl.RaftServerImpl (ServerState.java:<init>(103)) - e618d93a-19a9-4b89-96f3-44f318818422@group-6C0EAE59426D: ConfigurationManager, init=-1: [6ab6cfca-dbae-4fc7-a842-1fd8eedeb1ff:192.168.164.217:40408, e618d93a-19a9-4b89-96f3-44f318818422:192.168.164.217:37953, 90c9f5c6-6de3-44e3-8d50-8a1447632052:192.168.164.217:36159], old=null, confs=<EMPTY_MAP>
2019-11-05 08:28:09,165 [pool-37-thread-1] INFO  server.RaftServerConfigKeys (ConfUtils.java:logGet(43)) - raft.server.storage.dir = [/workdir/hadoop-ozone/integration-test/target/test-dir/MiniOzoneClusterImpl-02b65e86-f8bb-4f05-a146-5b32a27149c8/datanode-1/data/ratis] (custom)
2019-11-05 08:28:09,165 [pool-37-thread-1] INFO  server.RaftServerConfigKeys (ConfUtils.java:logGet(43)) - raft.server.log.corruption.policy = EXCEPTION (default)
2019-11-05 08:28:09,166 [pool-37-thread-1] INFO  storage.RaftStorageDirectory (RaftStorageDirectory.java:analyzeStorage(246)) - The storage directory /workdir/hadoop-ozone/integration-test/target/test-dir/MiniOzoneClusterImpl-02b65e86-f8bb-4f05-a146-5b32a27149c8/datanode-1/data/ratis/b24da9df-bd8b-486f-af3b-6c0eae59426d does not exist. Creating ...
2019-11-05 08:28:09,182 [pool-59-thread-1] INFO  storage.RaftStorageDirectory (RaftStorageDirectory.java:tryLock(328)) - Lock on /workdir/hadoop-ozone/integration-test/target/test-dir/MiniOzoneClusterImpl-02b65e86-f8bb-4f05-a146-5b32a27149c8/datanode-2/data/ratis/b24da9df-bd8b-486f-af3b-6c0eae59426d/in_use.lock acquired by nodename 2662@pr-hdds-1643-8bmlk-2934350033
2019-11-05 08:28:09,182 [6ab6cfca-dbae-4fc7-a842-1fd8eedeb1ff@group-07DD719309DE-LeaderElection41] INFO  impl.LeaderElection (LeaderElection.java:askForVotes(178)) - 6ab6cfca-dbae-4fc7-a842-1fd8eedeb1ff@group-07DD719309DE-LeaderElection41: begin an election at term 42 for 1: [6ab6cfca-dbae-4fc7-a842-1fd8eedeb1ff:192.168.164.217:40408, e618d93a-19a9-4b89-96f3-44f318818422:192.168.164.217:37953, 90c9f5c6-6de3-44e3-8d50-8a1447632052:192.168.164.217:36159], old=null
2019-11-05 08:28:09,182 [pool-27-thread-1] INFO  storage.RaftStorageDirectory (RaftStorageDirectory.java:tryLock(328)) - Lock on /workdir/hadoop-ozone/integration-test/target/test-dir/MiniOzoneClusterImpl-02b65e86-f8bb-4f05-a146-5b32a27149c8/datanode-0/data/ratis/b24da9df-bd8b-486f-af3b-6c0eae59426d/in_use.lock acquired by nodename 2662@pr-hdds-1643-8bmlk-2934350033
2019-11-05 08:28:09,182 [pool-37-thread-1] INFO  storage.RaftStorageDirectory (RaftStorageDirectory.java:tryLock(328)) - Lock on /workdir/hadoop-ozone/integration-test/target/test-dir/MiniOzoneClusterImpl-02b65e86-f8bb-4f05-a146-5b32a27149c8/datanode-1/data/ratis/b24da9df-bd8b-486f-af3b-6c0eae59426d/in_use.lock acquired by nodename 2662@pr-hdds-1643-8bmlk-2934350033
2019-11-05 08:28:09,185 [grpc-default-executor-8] INFO  impl.RaftServerImpl (RaftServerImpl.java:setRole(184)) - e618d93a-19a9-4b89-96f3-44f318818422@group-07DD719309DE: changes role from  FOLLOWER to FOLLOWER at term 42 for recognizeCandidate:6ab6cfca-dbae-4fc7-a842-1fd8eedeb1ff
2019-11-05 08:28:09,185 [grpc-default-executor-8] INFO  impl.RoleInfo (RoleInfo.java:shutdownFollowerState(121)) - e618d93a-19a9-4b89-96f3-44f318818422: shutdown FollowerState
2019-11-05 08:28:09,185 [grpc-default-executor-2] INFO  impl.RaftServerImpl (RaftServerImpl.java:setRole(184)) - 90c9f5c6-6de3-44e3-8d50-8a1447632052@group-07DD719309DE: changes role from  FOLLOWER to FOLLOWER at term 42 for recognizeCandidate:6ab6cfca-dbae-4fc7-a842-1fd8eedeb1ff
2019-11-05 08:28:09,186 [Thread-827] INFO  impl.FollowerState (FollowerState.java:run(117)) - e618d93a-19a9-4b89-96f3-44f318818422@group-07DD719309DE-FollowerState was interrupted: java.lang.InterruptedException: sleep interrupted
2019-11-05 08:28:09,186 [grpc-default-executor-8] INFO  impl.RoleInfo (RoleInfo.java:updateAndGet(143)) - e618d93a-19a9-4b89-96f3-44f318818422: start FollowerState
2019-11-05 08:28:09,186 [grpc-default-executor-2] INFO  impl.RoleInfo (RoleInfo.java:shutdownFollowerState(121)) - 90c9f5c6-6de3-44e3-8d50-8a1447632052: shutdown FollowerState
2019-11-05 08:28:09,186 [grpc-default-executor-2] INFO  impl.RoleInfo (RoleInfo.java:updateAndGet(143)) - 90c9f5c6-6de3-44e3-8d50-8a1447632052: start FollowerState
2019-11-05 08:28:09,186 [Thread-828] INFO  impl.FollowerState (FollowerState.java:run(117)) - 90c9f5c6-6de3-44e3-8d50-8a1447632052@group-07DD719309DE-FollowerState was interrupted: java.lang.InterruptedException: sleep interrupted
2019-11-05 08:28:09,196 [pool-37-thread-1] INFO  storage.RaftStorage (RaftStorage.java:format(84)) - Storage directory /workdir/hadoop-ozone/integration-test/target/test-dir/MiniOzoneClusterImpl-02b65e86-f8bb-4f05-a146-5b32a27149c8/datanode-1/data/ratis/b24da9df-bd8b-486f-af3b-6c0eae59426d has been successfully formatted.
2019-11-05 08:28:09,196 [pool-59-thread-1] INFO  storage.RaftStorage (RaftStorage.java:format(84)) - Storage directory /workdir/hadoop-ozone/integration-test/target/test-dir/MiniOzoneClusterImpl-02b65e86-f8bb-4f05-a146-5b32a27149c8/datanode-2/data/ratis/b24da9df-bd8b-486f-af3b-6c0eae59426d has been successfully formatted.
2019-11-05 08:28:09,196 [pool-27-thread-1] INFO  storage.RaftStorage (RaftStorage.java:format(84)) - Storage directory /workdir/hadoop-ozone/integration-test/target/test-dir/MiniOzoneClusterImpl-02b65e86-f8bb-4f05-a146-5b32a27149c8/datanode-0/data/ratis/b24da9df-bd8b-486f-af3b-6c0eae59426d has been successfully formatted.
2019-11-05 08:28:09,196 [pool-37-thread-1] INFO  ratis.ContainerStateMachine (ContainerStateMachine.java:loadSnapshot(231)) - group-6C0EAE59426D: The snapshot info is null. Setting the last applied indexto:(t:0, i:~)
2019-11-05 08:28:09,197 [pool-27-thread-1] INFO  ratis.ContainerStateMachine (ContainerStateMachine.java:loadSnapshot(231)) - group-6C0EAE59426D: The snapshot info is null. Setting the last applied indexto:(t:0, i:~)
2019-11-05 08:28:09,197 [pool-59-thread-1] INFO  ratis.ContainerStateMachine (ContainerStateMachine.java:loadSnapshot(231)) - group-6C0EAE59426D: The snapshot info is null. Setting the last applied indexto:(t:0, i:~)
2019-11-05 08:28:09,197 [pool-27-thread-1] INFO  server.RaftServerConfigKeys (ConfUtils.java:logGet(43)) - raft.server.notification.no-leader.timeout = 1000s (custom)
2019-11-05 08:28:09,197 [pool-37-thread-1] INFO  server.RaftServerConfigKeys (ConfUtils.java:logGet(43)) - raft.server.notification.no-leader.timeout = 1000s (custom)
2019-11-05 08:28:09,197 [pool-27-thread-1] INFO  server.RaftServerConfigKeys (ConfUtils.java:logGet(43)) - raft.server.log.use.memory = false (default)
2019-11-05 08:28:09,197 [pool-59-thread-1] INFO  server.RaftServerConfigKeys (ConfUtils.java:logGet(43)) - raft.server.notification.no-leader.timeout = 1000s (custom)
2019-11-05 08:28:09,198 [pool-27-thread-1] INFO  server.RaftServerConfigKeys (ConfUtils.java:logGet(43)) - raft.server.log.purge.gap = 1000000 (custom)
2019-11-05 08:28:09,197 [6ab6cfca-dbae-4fc7-a842-1fd8eedeb1ff@group-07DD719309DE-LeaderElection41] INFO  impl.LeaderElection (LeaderElection.java:logAndReturn(56)) - 6ab6cfca-dbae-4fc7-a842-1fd8eedeb1ff@group-07DD719309DE-LeaderElection41: Election REJECTED; received 2 response(s) [6ab6cfca-dbae-4fc7-a842-1fd8eedeb1ff<-e618d93a-19a9-4b89-96f3-44f318818422#0:FAIL-t42, 6ab6cfca-dbae-4fc7-a842-1fd8eedeb1ff<-90c9f5c6-6de3-44e3-8d50-8a1447632052#0:FAIL-t42] and 0 exception(s); 6ab6cfca-dbae-4fc7-a842-1fd8eedeb1ff@group-07DD719309DE:t42, leader=null, voted=6ab6cfca-dbae-4fc7-a842-1fd8eedeb1ff, raftlog=6ab6cfca-dbae-4fc7-a842-1fd8eedeb1ff@group-07DD719309DE-SegmentedRaftLog:OPENED:c5,f6,i6, conf=1: [6ab6cfca-dbae-4fc7-a842-1fd8eedeb1ff:192.168.164.217:40408, e618d93a-19a9-4b89-96f3-44f318818422:192.168.164.217:37953, 90c9f5c6-6de3-44e3-8d50-8a1447632052:192.168.164.217:36159], old=null
2019-11-05 08:28:09,197 [pool-37-thread-1] INFO  server.RaftServerConfigKeys (ConfUtils.java:logGet(43)) - raft.server.log.use.memory = false (default)
2019-11-05 08:28:09,198 [6ab6cfca-dbae-4fc7-a842-1fd8eedeb1ff@group-07DD719309DE-LeaderElection41] INFO  impl.RaftServerImpl (RaftServerImpl.java:setRole(184)) - 6ab6cfca-dbae-4fc7-a842-1fd8eedeb1ff@group-07DD719309DE: changes role from CANDIDATE to FOLLOWER at term 42 for DISCOVERED_A_NEW_TERM
2019-11-05 08:28:09,198 [pool-27-thread-1] INFO  server.RaftServerConfigKeys (ConfUtils.java:logGet(43)) - raft.server.log.appender.buffer.byte-limit = 33554432 (custom)
2019-11-05 08:28:09,198 [pool-59-thread-1] INFO  server.RaftServerConfigKeys (ConfUtils.java:logGet(43)) - raft.server.log.use.memory = false (default)
2019-11-05 08:28:09,198 [pool-27-thread-1] INFO  server.RaftServerConfigKeys (ConfUtils.java:logGet(43)) - raft.server.log.segment.size.max = 1048576 (custom)
2019-11-05 08:28:09,198 [6ab6cfca-dbae-4fc7-a842-1fd8eedeb1ff@group-07DD719309DE-LeaderElection41] INFO  impl.RoleInfo (RoleInfo.java:shutdownLeaderElection(134)) - 6ab6cfca-dbae-4fc7-a842-1fd8eedeb1ff: shutdown LeaderElection
2019-11-05 08:28:09,198 [pool-37-thread-1] INFO  server.RaftServerConfigKeys (ConfUtils.java:logGet(43)) - raft.server.log.purge.gap = 1000000 (custom)
2019-11-05 08:28:09,199 [6ab6cfca-dbae-4fc7-a842-1fd8eedeb1ff@group-07DD719309DE-LeaderElection41] INFO  impl.RoleInfo (RoleInfo.java:updateAndGet(143)) - 6ab6cfca-dbae-4fc7-a842-1fd8eedeb1ff: start FollowerState
2019-11-05 08:28:09,199 [pool-27-thread-1] INFO  server.RaftServerConfigKeys (ConfUtils.java:logGet(43)) - raft.server.log.segment.cache.num.max = 2 (custom)
2019-11-05 08:28:09,199 [pool-59-thread-1] INFO  server.RaftServerConfigKeys (ConfUtils.java:logGet(43)) - raft.server.log.purge.gap = 1000000 (custom)
2019-11-05 08:28:09,199 [pool-27-thread-1] INFO  segmented.SegmentedRaftLogWorker (SegmentedRaftLogWorker.java:<init>(173)) - new 90c9f5c6-6de3-44e3-8d50-8a1447632052@group-6C0EAE59426D-SegmentedRaftLogWorker for RaftStorage:Storage Directory /workdir/hadoop-ozone/integration-test/target/test-dir/MiniOzoneClusterImpl-02b65e86-f8bb-4f05-a146-5b32a27149c8/datanode-0/data/ratis/b24da9df-bd8b-486f-af3b-6c0eae59426d
2019-11-05 08:28:09,199 [pool-37-thread-1] INFO  server.RaftServerConfigKeys (ConfUtils.java:logGet(43)) - raft.server.log.appender.buffer.byte-limit = 33554432 (custom)
2019-11-05 08:28:09,200 [pool-27-thread-1] INFO  server.RaftServerConfigKeys (ConfUtils.java:logGet(43)) - raft.server.log.queue.byte-limit = 2147483647 (custom)
2019-11-05 08:28:09,199 [pool-59-thread-1] INFO  server.RaftServerConfigKeys (ConfUtils.java:logGet(43)) - raft.server.log.appender.buffer.byte-limit = 33554432 (custom)
2019-11-05 08:28:09,200 [pool-27-thread-1] INFO  server.RaftServerConfigKeys (ConfUtils.java:logGet(43)) - raft.server.log.queue.element-limit = 1024 (custom)
2019-11-05 08:28:09,200 [pool-37-thread-1] INFO  server.RaftServerConfigKeys (ConfUtils.java:logGet(43)) - raft.server.log.segment.size.max = 1048576 (custom)
2019-11-05 08:28:09,200 [pool-27-thread-1] INFO  server.RaftServerConfigKeys (ConfUtils.java:logGet(43)) - raft.server.log.segment.size.max = 1048576 (custom)
2019-11-05 08:28:09,200 [pool-59-thread-1] INFO  server.RaftServerConfigKeys (ConfUtils.java:logGet(43)) - raft.server.log.segment.size.max = 1048576 (custom)
2019-11-05 08:28:09,201 [pool-27-thread-1] INFO  server.RaftServerConfigKeys (ConfUtils.java:logGet(43)) - raft.server.log.preallocated.size = 16384 (custom)
2019-11-05 08:28:09,200 [pool-37-thread-1] INFO  server.RaftServerConfigKeys (ConfUtils.java:logGet(43)) - raft.server.log.segment.cache.num.max = 2 (custom)
2019-11-05 08:28:09,201 [pool-27-thread-1] INFO  server.RaftServerConfigKeys (ConfUtils.java:logGet(43)) - raft.server.log.write.buffer.size = 33554432 (custom)
2019-11-05 08:28:09,201 [pool-59-thread-1] INFO  server.RaftServerConfigKeys (ConfUtils.java:logGet(43)) - raft.server.log.segment.cache.num.max = 2 (custom)
2019-11-05 08:28:09,201 [pool-27-thread-1] INFO  server.RaftServerConfigKeys (ConfUtils.java:logGet(43)) - raft.server.log.force.sync.num = 128 (default)
2019-11-05 08:28:09,201 [pool-37-thread-1] INFO  segmented.SegmentedRaftLogWorker (SegmentedRaftLogWorker.java:<init>(173)) - new e618d93a-19a9-4b89-96f3-44f318818422@group-6C0EAE59426D-SegmentedRaftLogWorker for RaftStorage:Storage Directory /workdir/hadoop-ozone/integration-test/target/test-dir/MiniOzoneClusterImpl-02b65e86-f8bb-4f05-a146-5b32a27149c8/datanode-1/data/ratis/b24da9df-bd8b-486f-af3b-6c0eae59426d
2019-11-05 08:28:09,201 [pool-27-thread-1] INFO  server.RaftServerConfigKeys (ConfUtils.java:logGet(43)) - raft.server.log.statemachine.data.sync = true (default)
2019-11-05 08:28:09,201 [pool-59-thread-1] INFO  segmented.SegmentedRaftLogWorker (SegmentedRaftLogWorker.java:<init>(173)) - new 6ab6cfca-dbae-4fc7-a842-1fd8eedeb1ff@group-6C0EAE59426D-SegmentedRaftLogWorker for RaftStorage:Storage Directory /workdir/hadoop-ozone/integration-test/target/test-dir/MiniOzoneClusterImpl-02b65e86-f8bb-4f05-a146-5b32a27149c8/datanode-2/data/ratis/b24da9df-bd8b-486f-af3b-6c0eae59426d
2019-11-05 08:28:09,202 [pool-27-thread-1] INFO  server.RaftServerConfigKeys (ConfUtils.java:logGet(43)) - raft.server.log.statemachine.data.sync.timeout = 10s (default)
2019-11-05 08:28:09,202 [pool-27-thread-1] INFO  server.RaftServerConfigKeys (ConfUtils.java:logGet(43)) - raft.server.log.statemachine.data.sync.timeout.retry = -1 (default)
2019-11-05 08:28:09,202 [pool-37-thread-1] INFO  server.RaftServerConfigKeys (ConfUtils.java:logGet(43)) - raft.server.log.queue.byte-limit = 2147483647 (custom)
2019-11-05 08:28:09,202 [pool-27-thread-1] INFO  server.RaftServerConfigKeys (ConfUtils.java:logGet(43)) - raft.server.log.statemachine.data.caching.enabled = true (custom)
2019-11-05 08:28:09,202 [pool-59-thread-1] INFO  server.RaftServerConfigKeys (ConfUtils.java:logGet(43)) - raft.server.log.queue.byte-limit = 2147483647 (custom)
2019-11-05 08:28:09,202 [pool-37-thread-1] INFO  server.RaftServerConfigKeys (ConfUtils.java:logGet(43)) - raft.server.log.queue.element-limit = 1024 (custom)
2019-11-05 08:28:09,203 [pool-27-thread-1] INFO  segmented.SegmentedRaftLogWorker (SegmentedRaftLogWorker.java:lambda$new$0(128)) - 90c9f5c6-6de3-44e3-8d50-8a1447632052@group-6C0EAE59426D-SegmentedRaftLogWorker: flushIndex: setUnconditionally 0 -> -1
2019-11-05 08:28:09,202 [pool-59-thread-1] INFO  server.RaftServerConfigKeys (ConfUtils.java:logGet(43)) - raft.server.log.queue.element-limit = 1024 (custom)
2019-11-05 08:28:09,203 [pool-37-thread-1] INFO  server.RaftServerConfigKeys (ConfUtils.java:logGet(43)) - raft.server.log.segment.size.max = 1048576 (custom)
2019-11-05 08:28:09,203 [pool-59-thread-1] INFO  server.RaftServerConfigKeys (ConfUtils.java:logGet(43)) - raft.server.log.segment.size.max = 1048576 (custom)
2019-11-05 08:28:09,203 [pool-27-thread-1] INFO  server.RaftServerConfigKeys (ConfUtils.java:logGet(43)) - raft.server.snapshot.auto.trigger.enabled = true (custom)
2019-11-05 08:28:09,203 [pool-59-thread-1] INFO  server.RaftServerConfigKeys (ConfUtils.java:logGet(43)) - raft.server.log.preallocated.size = 16384 (custom)
2019-11-05 08:28:09,203 [pool-37-thread-1] INFO  server.RaftServerConfigKeys (ConfUtils.java:logGet(43)) - raft.server.log.preallocated.size = 16384 (custom)
2019-11-05 08:28:09,204 [pool-59-thread-1] INFO  server.RaftServerConfigKeys (ConfUtils.java:logGet(43)) - raft.server.log.write.buffer.size = 33554432 (custom)
2019-11-05 08:28:09,203 [pool-27-thread-1] INFO  server.RaftServerConfigKeys (ConfUtils.java:logGet(43)) - raft.server.snapshot.auto.trigger.threshold = 10000 (custom)
2019-11-05 08:28:09,204 [pool-59-thread-1] INFO  server.RaftServerConfigKeys (ConfUtils.java:logGet(43)) - raft.server.log.force.sync.num = 128 (default)
2019-11-05 08:28:09,204 [pool-37-thread-1] INFO  server.RaftServerConfigKeys (ConfUtils.java:logGet(43)) - raft.server.log.write.buffer.size = 33554432 (custom)
2019-11-05 08:28:09,204 [pool-59-thread-1] INFO  server.RaftServerConfigKeys (ConfUtils.java:logGet(43)) - raft.server.log.statemachine.data.sync = true (default)
2019-11-05 08:28:09,204 [pool-27-thread-1] INFO  server.RaftServerConfigKeys (ConfUtils.java:logGet(43)) - raft.server.snapshot.retention.file.num = 5 (custom)
2019-11-05 08:28:09,204 [pool-59-thread-1] INFO  server.RaftServerConfigKeys (ConfUtils.java:logGet(43)) - raft.server.log.statemachine.data.sync.timeout = 10s (default)
2019-11-05 08:28:09,205 [pool-59-thread-1] INFO  server.RaftServerConfigKeys (ConfUtils.java:logGet(43)) - raft.server.log.statemachine.data.sync.timeout.retry = -1 (default)
2019-11-05 08:28:09,204 [pool-37-thread-1] INFO  server.RaftServerConfigKeys (ConfUtils.java:logGet(43)) - raft.server.log.force.sync.num = 128 (default)
2019-11-05 08:28:09,205 [pool-59-thread-1] INFO  server.RaftServerConfigKeys (ConfUtils.java:logGet(43)) - raft.server.log.statemachine.data.caching.enabled = true (custom)
2019-11-05 08:28:09,205 [pool-27-thread-1] INFO  server.RaftServerConfigKeys (ConfUtils.java:logGet(43)) - raft.server.retrycache.expirytime = 600000ms (custom)
2019-11-05 08:28:09,205 [pool-37-thread-1] INFO  server.RaftServerConfigKeys (ConfUtils.java:logGet(43)) - raft.server.log.statemachine.data.sync = true (default)
2019-11-05 08:28:09,205 [pool-59-thread-1] INFO  segmented.SegmentedRaftLogWorker (SegmentedRaftLogWorker.java:lambda$new$0(128)) - 6ab6cfca-dbae-4fc7-a842-1fd8eedeb1ff@group-6C0EAE59426D-SegmentedRaftLogWorker: flushIndex: setUnconditionally 0 -> -1
2019-11-05 08:28:09,205 [pool-37-thread-1] INFO  server.RaftServerConfigKeys (ConfUtils.java:logGet(43)) - raft.server.log.statemachine.data.sync.timeout = 10s (default)
2019-11-05 08:28:09,206 [pool-37-thread-1] INFO  server.RaftServerConfigKeys (ConfUtils.java:logGet(43)) - raft.server.log.statemachine.data.sync.timeout.retry = -1 (default)
2019-11-05 08:28:09,206 [pool-59-thread-1] INFO  server.RaftServerConfigKeys (ConfUtils.java:logGet(43)) - raft.server.snapshot.auto.trigger.enabled = true (custom)
2019-11-05 08:28:09,206 [pool-59-thread-1] INFO  server.RaftServerConfigKeys (ConfUtils.java:logGet(43)) - raft.server.snapshot.auto.trigger.threshold = 10000 (custom)
2019-11-05 08:28:09,206 [pool-37-thread-1] INFO  server.RaftServerConfigKeys (ConfUtils.java:logGet(43)) - raft.server.log.statemachine.data.caching.enabled = true (custom)
2019-11-05 08:28:09,206 [pool-59-thread-1] INFO  server.RaftServerConfigKeys (ConfUtils.java:logGet(43)) - raft.server.snapshot.retention.file.num = 5 (custom)
2019-11-05 08:28:09,206 [pool-59-thread-1] INFO  server.RaftServerConfigKeys (ConfUtils.java:logGet(43)) - raft.server.retrycache.expirytime = 600000ms (custom)
2019-11-05 08:28:09,206 [pool-37-thread-1] INFO  segmented.SegmentedRaftLogWorker (SegmentedRaftLogWorker.java:lambda$new$0(128)) - e618d93a-19a9-4b89-96f3-44f318818422@group-6C0EAE59426D-SegmentedRaftLogWorker: flushIndex: setUnconditionally 0 -> -1
2019-11-05 08:28:09,207 [pool-37-thread-1] INFO  server.RaftServerConfigKeys (ConfUtils.java:logGet(43)) - raft.server.snapshot.auto.trigger.enabled = true (custom)
2019-11-05 08:28:09,207 [pool-37-thread-1] INFO  server.RaftServerConfigKeys (ConfUtils.java:logGet(43)) - raft.server.snapshot.auto.trigger.threshold = 10000 (custom)
2019-11-05 08:28:09,207 [pool-37-thread-1] INFO  server.RaftServerConfigKeys (ConfUtils.java:logGet(43)) - raft.server.snapshot.retention.file.num = 5 (custom)
2019-11-05 08:28:09,207 [pool-37-thread-1] INFO  server.RaftServerConfigKeys (ConfUtils.java:logGet(43)) - raft.server.retrycache.expirytime = 600000ms (custom)
2019-11-05 08:28:09,209 [pool-27-thread-1] INFO  impl.RaftServerImpl (RaftServerImpl.java:start(195)) - 90c9f5c6-6de3-44e3-8d50-8a1447632052@group-6C0EAE59426D: start as a follower, conf=-1: [6ab6cfca-dbae-4fc7-a842-1fd8eedeb1ff:192.168.164.217:40408, e618d93a-19a9-4b89-96f3-44f318818422:192.168.164.217:37953, 90c9f5c6-6de3-44e3-8d50-8a1447632052:192.168.164.217:36159], old=null
2019-11-05 08:28:09,209 [pool-27-thread-1] INFO  impl.RaftServerImpl (RaftServerImpl.java:setRole(184)) - 90c9f5c6-6de3-44e3-8d50-8a1447632052@group-6C0EAE59426D: changes role from      null to FOLLOWER at term 0 for startAsFollower
2019-11-05 08:28:09,209 [pool-27-thread-1] INFO  impl.RoleInfo (RoleInfo.java:updateAndGet(143)) - 90c9f5c6-6de3-44e3-8d50-8a1447632052: start FollowerState
2019-11-05 08:28:09,209 [pool-27-thread-1] INFO  util.JmxRegister (JmxRegister.java:tryRegister(44)) - Successfully registered JMX Bean with object name Ratis:service=RaftServer,group=group-6C0EAE59426D,id=90c9f5c6-6de3-44e3-8d50-8a1447632052
2019-11-05 08:28:09,210 [Thread-844] INFO  impl.FollowerState (FollowerState.java:run(108)) - 90c9f5c6-6de3-44e3-8d50-8a1447632052@group-6C0EAE59426D-FollowerState: change to CANDIDATE, lastRpcTime:1ms, electionTimeout:1ms
2019-11-05 08:28:09,211 [pool-59-thread-1] INFO  impl.RaftServerImpl (RaftServerImpl.java:start(195)) - 6ab6cfca-dbae-4fc7-a842-1fd8eedeb1ff@group-6C0EAE59426D: start as a follower, conf=-1: [6ab6cfca-dbae-4fc7-a842-1fd8eedeb1ff:192.168.164.217:40408, e618d93a-19a9-4b89-96f3-44f318818422:192.168.164.217:37953, 90c9f5c6-6de3-44e3-8d50-8a1447632052:192.168.164.217:36159], old=null
2019-11-05 08:28:09,211 [Thread-844] INFO  impl.RoleInfo (RoleInfo.java:shutdownFollowerState(121)) - 90c9f5c6-6de3-44e3-8d50-8a1447632052: shutdown FollowerState
2019-11-05 08:28:09,211 [pool-59-thread-1] INFO  impl.RaftServerImpl (RaftServerImpl.java:setRole(184)) - 6ab6cfca-dbae-4fc7-a842-1fd8eedeb1ff@group-6C0EAE59426D: changes role from      null to FOLLOWER at term 0 for startAsFollower
2019-11-05 08:28:09,211 [Thread-844] INFO  impl.RaftServerImpl (RaftServerImpl.java:setRole(184)) - 90c9f5c6-6de3-44e3-8d50-8a1447632052@group-6C0EAE59426D: changes role from  FOLLOWER to CANDIDATE at term 0 for changeToCandidate
2019-11-05 08:28:09,211 [pool-59-thread-1] INFO  impl.RoleInfo (RoleInfo.java:updateAndGet(143)) - 6ab6cfca-dbae-4fc7-a842-1fd8eedeb1ff: start FollowerState
2019-11-05 08:28:09,211 [Thread-844] INFO  impl.RoleInfo (RoleInfo.java:updateAndGet(143)) - 90c9f5c6-6de3-44e3-8d50-8a1447632052: start LeaderElection
2019-11-05 08:28:09,211 [pool-37-thread-1] INFO  impl.RaftServerImpl (RaftServerImpl.java:start(195)) - e618d93a-19a9-4b89-96f3-44f318818422@group-6C0EAE59426D: start as a follower, conf=-1: [6ab6cfca-dbae-4fc7-a842-1fd8eedeb1ff:192.168.164.217:40408, e618d93a-19a9-4b89-96f3-44f318818422:192.168.164.217:37953, 90c9f5c6-6de3-44e3-8d50-8a1447632052:192.168.164.217:36159], old=null
2019-11-05 08:28:09,211 [pool-59-thread-1] INFO  util.JmxRegister (JmxRegister.java:tryRegister(44)) - Successfully registered JMX Bean with object name Ratis:service=RaftServer,group=group-6C0EAE59426D,id=6ab6cfca-dbae-4fc7-a842-1fd8eedeb1ff
2019-11-05 08:28:09,212 [pool-37-thread-1] INFO  impl.RaftServerImpl (RaftServerImpl.java:setRole(184)) - e618d93a-19a9-4b89-96f3-44f318818422@group-6C0EAE59426D: changes role from      null to FOLLOWER at term 0 for startAsFollower
2019-11-05 08:28:09,214 [pool-37-thread-1] INFO  impl.RoleInfo (RoleInfo.java:updateAndGet(143)) - e618d93a-19a9-4b89-96f3-44f318818422: start FollowerState
2019-11-05 08:28:09,214 [pool-37-thread-1] INFO  util.JmxRegister (JmxRegister.java:tryRegister(44)) - Successfully registered JMX Bean with object name Ratis:service=RaftServer,group=group-6C0EAE59426D,id=e618d93a-19a9-4b89-96f3-44f318818422
2019-11-05 08:28:09,222 [RatisPipelineUtilsThread] INFO  pipeline.PipelineStateManager (PipelineStateManager.java:addPipeline(56)) - Created pipeline Pipeline[ Id: b24da9df-bd8b-486f-af3b-6c0eae59426d, Nodes: e618d93a-19a9-4b89-96f3-44f318818422{ip: 192.168.164.217, host: pr-hdds-1643-8bmlk-2934350033, networkLocation: /default-rack, certSerialId: null}90c9f5c6-6de3-44e3-8d50-8a1447632052{ip: 192.168.164.217, host: pr-hdds-1643-8bmlk-2934350033, networkLocation: /default-rack, certSerialId: null}6ab6cfca-dbae-4fc7-a842-1fd8eedeb1ff{ip: 192.168.164.217, host: pr-hdds-1643-8bmlk-2934350033, networkLocation: /default-rack, certSerialId: null}, Type:RATIS, Factor:THREE, State:OPEN]
2019-11-05 08:28:09,226 [90c9f5c6-6de3-44e3-8d50-8a1447632052@group-6C0EAE59426D-LeaderElection42] INFO  impl.LeaderElection (LeaderElection.java:askForVotes(178)) - 90c9f5c6-6de3-44e3-8d50-8a1447632052@group-6C0EAE59426D-LeaderElection42: begin an election at term 1 for -1: [6ab6cfca-dbae-4fc7-a842-1fd8eedeb1ff:192.168.164.217:40408, e618d93a-19a9-4b89-96f3-44f318818422:192.168.164.217:37953, 90c9f5c6-6de3-44e3-8d50-8a1447632052:192.168.164.217:36159], old=null
2019-11-05 08:28:09,232 [grpc-default-executor-2] INFO  impl.RaftServerImpl (RaftServerImpl.java:setRole(184)) - 6ab6cfca-dbae-4fc7-a842-1fd8eedeb1ff@group-6C0EAE59426D: changes role from  FOLLOWER to FOLLOWER at term 1 for recognizeCandidate:90c9f5c6-6de3-44e3-8d50-8a1447632052
2019-11-05 08:28:09,232 [grpc-default-executor-2] INFO  impl.RoleInfo (RoleInfo.java:shutdownFollowerState(121)) - 6ab6cfca-dbae-4fc7-a842-1fd8eedeb1ff: shutdown FollowerState
2019-11-05 08:28:09,232 [Thread-845] INFO  impl.FollowerState (FollowerState.java:run(117)) - 6ab6cfca-dbae-4fc7-a842-1fd8eedeb1ff@group-6C0EAE59426D-FollowerState was interrupted: java.lang.InterruptedException: sleep interrupted
2019-11-05 08:28:09,232 [grpc-default-executor-2] INFO  impl.RoleInfo (RoleInfo.java:updateAndGet(143)) - 6ab6cfca-dbae-4fc7-a842-1fd8eedeb1ff: start FollowerState
2019-11-05 08:28:09,233 [grpc-default-executor-8] INFO  impl.RaftServerImpl (RaftServerImpl.java:setRole(184)) - e618d93a-19a9-4b89-96f3-44f318818422@group-6C0EAE59426D: changes role from  FOLLOWER to FOLLOWER at term 1 for recognizeCandidate:90c9f5c6-6de3-44e3-8d50-8a1447632052
2019-11-05 08:28:09,233 [grpc-default-executor-8] INFO  impl.RoleInfo (RoleInfo.java:shutdownFollowerState(121)) - e618d93a-19a9-4b89-96f3-44f318818422: shutdown FollowerState
2019-11-05 08:28:09,233 [grpc-default-executor-8] INFO  impl.RoleInfo (RoleInfo.java:updateAndGet(143)) - e618d93a-19a9-4b89-96f3-44f318818422: start FollowerState
2019-11-05 08:28:09,233 [Thread-847] INFO  impl.FollowerState (FollowerState.java:run(117)) - e618d93a-19a9-4b89-96f3-44f318818422@group-6C0EAE59426D-FollowerState was interrupted: java.lang.InterruptedException: sleep interrupted
2019-11-05 08:28:09,246 [90c9f5c6-6de3-44e3-8d50-8a1447632052@group-6C0EAE59426D-LeaderElection42] INFO  impl.LeaderElection (LeaderElection.java:logAndReturn(56)) - 90c9f5c6-6de3-44e3-8d50-8a1447632052@group-6C0EAE59426D-LeaderElection42: Election PASSED; received 1 response(s) [90c9f5c6-6de3-44e3-8d50-8a1447632052<-6ab6cfca-dbae-4fc7-a842-1fd8eedeb1ff#0:OK-t1] and 0 exception(s); 90c9f5c6-6de3-44e3-8d50-8a1447632052@group-6C0EAE59426D:t1, leader=null, voted=90c9f5c6-6de3-44e3-8d50-8a1447632052, raftlog=90c9f5c6-6de3-44e3-8d50-8a1447632052@group-6C0EAE59426D-SegmentedRaftLog:OPENED:c-1,f-1,i0, conf=-1: [6ab6cfca-dbae-4fc7-a842-1fd8eedeb1ff:192.168.164.217:40408, e618d93a-19a9-4b89-96f3-44f318818422:192.168.164.217:37953, 90c9f5c6-6de3-44e3-8d50-8a1447632052:192.168.164.217:36159], old=null
2019-11-05 08:28:09,246 [90c9f5c6-6de3-44e3-8d50-8a1447632052@group-6C0EAE59426D-LeaderElection42] INFO  impl.RoleInfo (RoleInfo.java:shutdownLeaderElection(134)) - 90c9f5c6-6de3-44e3-8d50-8a1447632052: shutdown LeaderElection
2019-11-05 08:28:09,246 [90c9f5c6-6de3-44e3-8d50-8a1447632052@group-6C0EAE59426D-LeaderElection42] INFO  impl.RaftServerImpl (RaftServerImpl.java:setRole(184)) - 90c9f5c6-6de3-44e3-8d50-8a1447632052@group-6C0EAE59426D: changes role from CANDIDATE to LEADER at term 1 for changeToLeader
2019-11-05 08:28:09,246 [90c9f5c6-6de3-44e3-8d50-8a1447632052@group-6C0EAE59426D-LeaderElection42] INFO  impl.RaftServerImpl (ServerState.java:setLeader(256)) - 90c9f5c6-6de3-44e3-8d50-8a1447632052@group-6C0EAE59426D: change Leader from null to 90c9f5c6-6de3-44e3-8d50-8a1447632052 at term 1 for becomeLeader, leader elected after 49ms
2019-11-05 08:28:09,246 [90c9f5c6-6de3-44e3-8d50-8a1447632052@group-6C0EAE59426D-LeaderElection42] INFO  server.RaftServerConfigKeys (ConfUtils.java:logGet(43)) - raft.server.staging.catchup.gap = 1000 (default)
2019-11-05 08:28:09,247 [90c9f5c6-6de3-44e3-8d50-8a1447632052@group-6C0EAE59426D-LeaderElection42] INFO  server.RaftServerConfigKeys (ConfUtils.java:logGet(43)) - raft.server.rpc.sleep.time = 25ms (default)
2019-11-05 08:28:09,247 [90c9f5c6-6de3-44e3-8d50-8a1447632052@group-6C0EAE59426D-LeaderElection42] INFO  server.RaftServerConfigKeys (ConfUtils.java:logGet(43)) - raft.server.write.element-limit = 4096 (default)
2019-11-05 08:28:09,247 [90c9f5c6-6de3-44e3-8d50-8a1447632052@group-6C0EAE59426D-LeaderElection42] INFO  server.RaftServerConfigKeys (ConfUtils.java:logGet(43)) - raft.server.watch.timeout = 10s (default)
2019-11-05 08:28:09,247 [90c9f5c6-6de3-44e3-8d50-8a1447632052@group-6C0EAE59426D-LeaderElection42] INFO  server.RaftServerConfigKeys (ConfUtils.java:logGet(43)) - raft.server.watch.timeout.denomination = 1s (default)
2019-11-05 08:28:09,247 [90c9f5c6-6de3-44e3-8d50-8a1447632052@group-6C0EAE59426D-LeaderElection42] INFO  server.RaftServerConfigKeys (ConfUtils.java:logGet(43)) - raft.server.watch.element-limit = 65536 (default)
2019-11-05 08:28:09,250 [90c9f5c6-6de3-44e3-8d50-8a1447632052@group-6C0EAE59426D-LeaderElection42] INFO  server.RaftServerConfigKeys (ConfUtils.java:logGet(43)) - raft.server.log.appender.snapshot.chunk.size.max = 16MB (=16777216) (default)
2019-11-05 08:28:09,250 [90c9f5c6-6de3-44e3-8d50-8a1447632052@group-6C0EAE59426D-LeaderElection42] INFO  server.RaftServerConfigKeys (ConfUtils.java:logGet(43)) - raft.server.log.appender.buffer.byte-limit = 33554432 (custom)
2019-11-05 08:28:09,251 [90c9f5c6-6de3-44e3-8d50-8a1447632052@group-6C0EAE59426D-LeaderElection42] INFO  server.RaftServerConfigKeys (ConfUtils.java:logGet(43)) - raft.server.log.appender.buffer.element-limit = 1 (custom)
2019-11-05 08:28:09,251 [90c9f5c6-6de3-44e3-8d50-8a1447632052@group-6C0EAE59426D-LeaderElection42] INFO  grpc.GrpcConfigKeys$Server (ConfUtils.java:logGet(43)) - raft.grpc.server.leader.outstanding.appends.max = 128 (default)
2019-11-05 08:28:09,251 [90c9f5c6-6de3-44e3-8d50-8a1447632052@group-6C0EAE59426D-LeaderElection42] INFO  server.RaftServerConfigKeys (ConfUtils.java:logGet(43)) - raft.server.rpc.request.timeout = 3000ms (default)
2019-11-05 08:28:09,251 [90c9f5c6-6de3-44e3-8d50-8a1447632052@group-6C0EAE59426D-LeaderElection42] INFO  server.RaftServerConfigKeys (ConfUtils.java:logGet(43)) - raft.server.log.appender.install.snapshot.enabled = false (custom)
2019-11-05 08:28:09,254 [90c9f5c6-6de3-44e3-8d50-8a1447632052@group-6C0EAE59426D-LeaderElection42] INFO  server.RaftServerConfigKeys (ConfUtils.java:logGet(43)) - raft.server.log.appender.snapshot.chunk.size.max = 16MB (=16777216) (default)
2019-11-05 08:28:09,254 [90c9f5c6-6de3-44e3-8d50-8a1447632052@group-6C0EAE59426D-LeaderElection42] INFO  server.RaftServerConfigKeys (ConfUtils.java:logGet(43)) - raft.server.log.appender.buffer.byte-limit = 33554432 (custom)
2019-11-05 08:28:09,254 [90c9f5c6-6de3-44e3-8d50-8a1447632052@group-6C0EAE59426D-LeaderElection42] INFO  server.RaftServerConfigKeys (ConfUtils.java:logGet(43)) - raft.server.log.appender.buffer.element-limit = 1 (custom)
2019-11-05 08:28:09,254 [90c9f5c6-6de3-44e3-8d50-8a1447632052@group-6C0EAE59426D-LeaderElection42] INFO  grpc.GrpcConfigKeys$Server (ConfUtils.java:logGet(43)) - raft.grpc.server.leader.outstanding.appends.max = 128 (default)
2019-11-05 08:28:09,255 [90c9f5c6-6de3-44e3-8d50-8a1447632052@group-6C0EAE59426D-LeaderElection42] INFO  server.RaftServerConfigKeys (ConfUtils.java:logGet(43)) - raft.server.rpc.request.timeout = 3000ms (default)
2019-11-05 08:28:09,255 [90c9f5c6-6de3-44e3-8d50-8a1447632052@group-6C0EAE59426D-LeaderElection42] INFO  server.RaftServerConfigKeys (ConfUtils.java:logGet(43)) - raft.server.log.appender.install.snapshot.enabled = false (custom)
2019-11-05 08:28:09,257 [90c9f5c6-6de3-44e3-8d50-8a1447632052@group-6C0EAE59426D-LeaderElection42] INFO  impl.RoleInfo (RoleInfo.java:updateAndGet(143)) - 90c9f5c6-6de3-44e3-8d50-8a1447632052: start LeaderState
2019-11-05 08:28:09,257 [90c9f5c6-6de3-44e3-8d50-8a1447632052@group-6C0EAE59426D-LeaderElection42] INFO  segmented.SegmentedRaftLogWorker (SegmentedRaftLogWorker.java:startLogSegment(385)) - 90c9f5c6-6de3-44e3-8d50-8a1447632052@group-6C0EAE59426D-SegmentedRaftLogWorker: Starting segment from index:0
2019-11-05 08:28:09,258 [90c9f5c6-6de3-44e3-8d50-8a1447632052@group-6C0EAE59426D-LeaderElection42] INFO  impl.RaftServerImpl (ServerState.java:setRaftConf(357)) - 90c9f5c6-6de3-44e3-8d50-8a1447632052@group-6C0EAE59426D: set configuration 0: [6ab6cfca-dbae-4fc7-a842-1fd8eedeb1ff:192.168.164.217:40408, e618d93a-19a9-4b89-96f3-44f318818422:192.168.164.217:37953, 90c9f5c6-6de3-44e3-8d50-8a1447632052:192.168.164.217:36159], old=null at 0
2019-11-05 08:28:09,260 [grpc-default-executor-8] INFO  impl.RaftServerImpl (ServerState.java:setLeader(256)) - e618d93a-19a9-4b89-96f3-44f318818422@group-6C0EAE59426D: change Leader from null to 90c9f5c6-6de3-44e3-8d50-8a1447632052 at term 1 for appendEntries, leader elected after 63ms
2019-11-05 08:28:09,260 [grpc-default-executor-2] INFO  impl.RaftServerImpl (ServerState.java:setLeader(256)) - 6ab6cfca-dbae-4fc7-a842-1fd8eedeb1ff@group-6C0EAE59426D: change Leader from null to 90c9f5c6-6de3-44e3-8d50-8a1447632052 at term 1 for appendEntries, leader elected after 63ms
2019-11-05 08:28:09,292 [grpc-default-executor-2] INFO  impl.RaftServerImpl (ServerState.java:setRaftConf(357)) - 6ab6cfca-dbae-4fc7-a842-1fd8eedeb1ff@group-6C0EAE59426D: set configuration 0: [6ab6cfca-dbae-4fc7-a842-1fd8eedeb1ff:192.168.164.217:40408, e618d93a-19a9-4b89-96f3-44f318818422:192.168.164.217:37953, 90c9f5c6-6de3-44e3-8d50-8a1447632052:192.168.164.217:36159], old=null at 0
2019-11-05 08:28:09,292 [grpc-default-executor-8] INFO  impl.RaftServerImpl (ServerState.java:setRaftConf(357)) - e618d93a-19a9-4b89-96f3-44f318818422@group-6C0EAE59426D: set configuration 0: [6ab6cfca-dbae-4fc7-a842-1fd8eedeb1ff:192.168.164.217:40408, e618d93a-19a9-4b89-96f3-44f318818422:192.168.164.217:37953, 90c9f5c6-6de3-44e3-8d50-8a1447632052:192.168.164.217:36159], old=null at 0
2019-11-05 08:28:09,292 [grpc-default-executor-2] INFO  segmented.SegmentedRaftLogWorker (SegmentedRaftLogWorker.java:startLogSegment(385)) - 6ab6cfca-dbae-4fc7-a842-1fd8eedeb1ff@group-6C0EAE59426D-SegmentedRaftLogWorker: Starting segment from index:0
2019-11-05 08:28:09,292 [grpc-default-executor-8] INFO  segmented.SegmentedRaftLogWorker (SegmentedRaftLogWorker.java:startLogSegment(385)) - e618d93a-19a9-4b89-96f3-44f318818422@group-6C0EAE59426D-SegmentedRaftLogWorker: Starting segment from index:0
2019-11-05 08:28:09,302 [90c9f5c6-6de3-44e3-8d50-8a1447632052@group-6C0EAE59426D-SegmentedRaftLogWorker] INFO  segmented.SegmentedRaftLogWorker (SegmentedRaftLogWorker.java:execute(576)) - 90c9f5c6-6de3-44e3-8d50-8a1447632052@group-6C0EAE59426D-SegmentedRaftLogWorker: created new log segment /workdir/hadoop-ozone/integration-test/target/test-dir/MiniOzoneClusterImpl-02b65e86-f8bb-4f05-a146-5b32a27149c8/datanode-0/data/ratis/b24da9df-bd8b-486f-af3b-6c0eae59426d/current/log_inprogress_0
2019-11-05 08:28:09,309 [Thread-840] INFO  impl.FollowerState (FollowerState.java:run(108)) - 6ab6cfca-dbae-4fc7-a842-1fd8eedeb1ff@group-07DD719309DE-FollowerState: change to CANDIDATE, lastRpcTime:109ms, electionTimeout:109ms
2019-11-05 08:28:09,309 [Thread-840] INFO  impl.RoleInfo (RoleInfo.java:shutdownFollowerState(121)) - 6ab6cfca-dbae-4fc7-a842-1fd8eedeb1ff: shutdown FollowerState
2019-11-05 08:28:09,309 [Thread-840] INFO  impl.RaftServerImpl (RaftServerImpl.java:setRole(184)) - 6ab6cfca-dbae-4fc7-a842-1fd8eedeb1ff@group-07DD719309DE: changes role from  FOLLOWER to CANDIDATE at term 42 for changeToCandidate
2019-11-05 08:28:09,309 [Thread-840] INFO  impl.RoleInfo (RoleInfo.java:updateAndGet(143)) - 6ab6cfca-dbae-4fc7-a842-1fd8eedeb1ff: start LeaderElection
2019-11-05 08:28:09,315 [6ab6cfca-dbae-4fc7-a842-1fd8eedeb1ff@group-07DD719309DE-LeaderElection43] INFO  impl.LeaderElection (LeaderElection.java:askForVotes(178)) - 6ab6cfca-dbae-4fc7-a842-1fd8eedeb1ff@group-07DD719309DE-LeaderElection43: begin an election at term 43 for 1: [6ab6cfca-dbae-4fc7-a842-1fd8eedeb1ff:192.168.164.217:40408, e618d93a-19a9-4b89-96f3-44f318818422:192.168.164.217:37953, 90c9f5c6-6de3-44e3-8d50-8a1447632052:192.168.164.217:36159], old=null
2019-11-05 08:28:09,318 [grpc-default-executor-2] INFO  impl.RaftServerImpl (RaftServerImpl.java:setRole(184)) - e618d93a-19a9-4b89-96f3-44f318818422@group-07DD719309DE: changes role from  FOLLOWER to FOLLOWER at term 43 for recognizeCandidate:6ab6cfca-dbae-4fc7-a842-1fd8eedeb1ff
2019-11-05 08:28:09,318 [grpc-default-executor-8] INFO  impl.RaftServerImpl (RaftServerImpl.java:setRole(184)) - 90c9f5c6-6de3-44e3-8d50-8a1447632052@group-07DD719309DE: changes role from  FOLLOWER to FOLLOWER at term 43 for recognizeCandidate:6ab6cfca-dbae-4fc7-a842-1fd8eedeb1ff
2019-11-05 08:28:09,318 [grpc-default-executor-2] INFO  impl.RoleInfo (RoleInfo.java:shutdownFollowerState(121)) - e618d93a-19a9-4b89-96f3-44f318818422: shutdown FollowerState
2019-11-05 08:28:09,318 [grpc-default-executor-8] INFO  impl.RoleInfo (RoleInfo.java:shutdownFollowerState(121)) - 90c9f5c6-6de3-44e3-8d50-8a1447632052: shutdown FollowerState
2019-11-05 08:28:09,319 [Thread-838] INFO  impl.FollowerState (FollowerState.java:run(117)) - e618d93a-19a9-4b89-96f3-44f318818422@group-07DD719309DE-FollowerState was interrupted: java.lang.InterruptedException: sleep interrupted
2019-11-05 08:28:09,319 [Thread-839] INFO  impl.FollowerState (FollowerState.java:run(117)) - 90c9f5c6-6de3-44e3-8d50-8a1447632052@group-07DD719309DE-FollowerState was interrupted: java.lang.InterruptedException: sleep interrupted
2019-11-05 08:28:09,319 [grpc-default-executor-2] INFO  impl.RoleInfo (RoleInfo.java:updateAndGet(143)) - e618d93a-19a9-4b89-96f3-44f318818422: start FollowerState
2019-11-05 08:28:09,319 [grpc-default-executor-8] INFO  impl.RoleInfo (RoleInfo.java:updateAndGet(143)) - 90c9f5c6-6de3-44e3-8d50-8a1447632052: start FollowerState
2019-11-05 08:28:09,330 [6ab6cfca-dbae-4fc7-a842-1fd8eedeb1ff@group-6C0EAE59426D-SegmentedRaftLogWorker] INFO  segmented.SegmentedRaftLogWorker (SegmentedRaftLogWorker.java:execute(576)) - 6ab6cfca-dbae-4fc7-a842-1fd8eedeb1ff@group-6C0EAE59426D-SegmentedRaftLogWorker: created new log segment /workdir/hadoop-ozone/integration-test/target/test-dir/MiniOzoneClusterImpl-02b65e86-f8bb-4f05-a146-5b32a27149c8/datanode-2/data/ratis/b24da9df-bd8b-486f-af3b-6c0eae59426d/current/log_inprogress_0
2019-11-05 08:28:09,330 [e618d93a-19a9-4b89-96f3-44f318818422@group-6C0EAE59426D-SegmentedRaftLogWorker] INFO  segmented.SegmentedRaftLogWorker (SegmentedRaftLogWorker.java:execute(576)) - e618d93a-19a9-4b89-96f3-44f318818422@group-6C0EAE59426D-SegmentedRaftLogWorker: created new log segment /workdir/hadoop-ozone/integration-test/target/test-dir/MiniOzoneClusterImpl-02b65e86-f8bb-4f05-a146-5b32a27149c8/datanode-1/data/ratis/b24da9df-bd8b-486f-af3b-6c0eae59426d/current/log_inprogress_0
2019-11-05 08:28:09,331 [6ab6cfca-dbae-4fc7-a842-1fd8eedeb1ff@group-07DD719309DE-LeaderElection43] INFO  impl.LeaderElection (LeaderElection.java:logAndReturn(56)) - 6ab6cfca-dbae-4fc7-a842-1fd8eedeb1ff@group-07DD719309DE-LeaderElection43: Election REJECTED; received 2 response(s) [6ab6cfca-dbae-4fc7-a842-1fd8eedeb1ff<-e618d93a-19a9-4b89-96f3-44f318818422#0:FAIL-t43, 6ab6cfca-dbae-4fc7-a842-1fd8eedeb1ff<-90c9f5c6-6de3-44e3-8d50-8a1447632052#0:FAIL-t43] and 0 exception(s); 6ab6cfca-dbae-4fc7-a842-1fd8eedeb1ff@group-07DD719309DE:t43, leader=null, voted=6ab6cfca-dbae-4fc7-a842-1fd8eedeb1ff, raftlog=6ab6cfca-dbae-4fc7-a842-1fd8eedeb1ff@group-07DD719309DE-SegmentedRaftLog:OPENED:c5,f6,i6, conf=1: [6ab6cfca-dbae-4fc7-a842-1fd8eedeb1ff:192.168.164.217:40408, e618d93a-19a9-4b89-96f3-44f318818422:192.168.164.217:37953, 90c9f5c6-6de3-44e3-8d50-8a1447632052:192.168.164.217:36159], old=null
2019-11-05 08:28:09,331 [6ab6cfca-dbae-4fc7-a842-1fd8eedeb1ff@group-07DD719309DE-LeaderElection43] INFO  impl.RaftServerImpl (RaftServerImpl.java:setRole(184)) - 6ab6cfca-dbae-4fc7-a842-1fd8eedeb1ff@group-07DD719309DE: changes role from CANDIDATE to FOLLOWER at term 43 for DISCOVERED_A_NEW_TERM
2019-11-05 08:28:09,332 [6ab6cfca-dbae-4fc7-a842-1fd8eedeb1ff@group-07DD719309DE-LeaderElection43] INFO  impl.RoleInfo (RoleInfo.java:shutdownLeaderElection(134)) - 6ab6cfca-dbae-4fc7-a842-1fd8eedeb1ff: shutdown LeaderElection
2019-11-05 08:28:09,332 [6ab6cfca-dbae-4fc7-a842-1fd8eedeb1ff@group-07DD719309DE-LeaderElection43] INFO  impl.RoleInfo (RoleInfo.java:updateAndGet(143)) - 6ab6cfca-dbae-4fc7-a842-1fd8eedeb1ff: start FollowerState
2019-11-05 08:28:09,332 [Thread-833] INFO  impl.FollowerState (FollowerState.java:run(108)) - 6ab6cfca-dbae-4fc7-a842-1fd8eedeb1ff@group-CF9D49CB4B0D-FollowerState: change to CANDIDATE, lastRpcTime:191ms, electionTimeout:191ms
2019-11-05 08:28:09,332 [Thread-833] INFO  impl.RoleInfo (RoleInfo.java:shutdownFollowerState(121)) - 6ab6cfca-dbae-4fc7-a842-1fd8eedeb1ff: shutdown FollowerState
2019-11-05 08:28:09,332 [Thread-833] INFO  impl.RaftServerImpl (RaftServerImpl.java:setRole(184)) - 6ab6cfca-dbae-4fc7-a842-1fd8eedeb1ff@group-CF9D49CB4B0D: changes role from  FOLLOWER to CANDIDATE at term 0 for changeToCandidate
2019-11-05 08:28:09,332 [Thread-833] INFO  impl.RoleInfo (RoleInfo.java:updateAndGet(143)) - 6ab6cfca-dbae-4fc7-a842-1fd8eedeb1ff: start LeaderElection
2019-11-05 08:28:09,344 [6ab6cfca-dbae-4fc7-a842-1fd8eedeb1ff@group-CF9D49CB4B0D-LeaderElection44] INFO  impl.LeaderElection (LeaderElection.java:askForVotes(178)) - 6ab6cfca-dbae-4fc7-a842-1fd8eedeb1ff@group-CF9D49CB4B0D-LeaderElection44: begin an election at term 1 for -1: [6ab6cfca-dbae-4fc7-a842-1fd8eedeb1ff:192.168.164.217:40408], old=null
2019-11-05 08:28:09,344 [6ab6cfca-dbae-4fc7-a842-1fd8eedeb1ff@group-CF9D49CB4B0D-LeaderElection44] INFO  impl.RoleInfo (RoleInfo.java:shutdownLeaderElection(134)) - 6ab6cfca-dbae-4fc7-a842-1fd8eedeb1ff: shutdown LeaderElection
2019-11-05 08:28:09,344 [6ab6cfca-dbae-4fc7-a842-1fd8eedeb1ff@group-CF9D49CB4B0D-LeaderElection44] INFO  impl.RaftServerImpl (RaftServerImpl.java:setRole(184)) - 6ab6cfca-dbae-4fc7-a842-1fd8eedeb1ff@group-CF9D49CB4B0D: changes role from CANDIDATE to LEADER at term 1 for changeToLeader
2019-11-05 08:28:09,344 [6ab6cfca-dbae-4fc7-a842-1fd8eedeb1ff@group-CF9D49CB4B0D-LeaderElection44] INFO  impl.RaftServerImpl (ServerState.java:setLeader(256)) - 6ab6cfca-dbae-4fc7-a842-1fd8eedeb1ff@group-CF9D49CB4B0D: change Leader from null to 6ab6cfca-dbae-4fc7-a842-1fd8eedeb1ff at term 1 for becomeLeader, leader elected after 212ms
2019-11-05 08:28:09,344 [6ab6cfca-dbae-4fc7-a842-1fd8eedeb1ff@group-CF9D49CB4B0D-LeaderElection44] INFO  server.RaftServerConfigKeys (ConfUtils.java:logGet(43)) - raft.server.staging.catchup.gap = 1000 (default)
2019-11-05 08:28:09,345 [6ab6cfca-dbae-4fc7-a842-1fd8eedeb1ff@group-CF9D49CB4B0D-LeaderElection44] INFO  server.RaftServerConfigKeys (ConfUtils.java:logGet(43)) - raft.server.rpc.sleep.time = 25ms (default)
2019-11-05 08:28:09,345 [6ab6cfca-dbae-4fc7-a842-1fd8eedeb1ff@group-CF9D49CB4B0D-LeaderElection44] INFO  server.RaftServerConfigKeys (ConfUtils.java:logGet(43)) - raft.server.write.element-limit = 4096 (default)
2019-11-05 08:28:09,345 [6ab6cfca-dbae-4fc7-a842-1fd8eedeb1ff@group-CF9D49CB4B0D-LeaderElection44] INFO  server.RaftServerConfigKeys (ConfUtils.java:logGet(43)) - raft.server.watch.timeout = 10s (default)
2019-11-05 08:28:09,345 [6ab6cfca-dbae-4fc7-a842-1fd8eedeb1ff@group-CF9D49CB4B0D-LeaderElection44] INFO  server.RaftServerConfigKeys (ConfUtils.java:logGet(43)) - raft.server.watch.timeout.denomination = 1s (default)
2019-11-05 08:28:09,345 [6ab6cfca-dbae-4fc7-a842-1fd8eedeb1ff@group-CF9D49CB4B0D-LeaderElection44] INFO  server.RaftServerConfigKeys (ConfUtils.java:logGet(43)) - raft.server.watch.element-limit = 65536 (default)
2019-11-05 08:28:09,347 [EventQueue-PendingDeleteStatusForPendingDeleteHandler] INFO  block.SCMBlockDeletingService (SCMBlockDeletingService.java:handlePendingDeletes(115)) - Block deletion txnID mismatch in datanode 6ab6cfca-dbae-4fc7-a842-1fd8eedeb1ff for containerID 1. Datanode delete txnID: 0, SCM txnID: 1
2019-11-05 08:28:09,348 [6ab6cfca-dbae-4fc7-a842-1fd8eedeb1ff@group-CF9D49CB4B0D-LeaderElection44] INFO  impl.RoleInfo (RoleInfo.java:updateAndGet(143)) - 6ab6cfca-dbae-4fc7-a842-1fd8eedeb1ff: start LeaderState
2019-11-05 08:28:09,349 [6ab6cfca-dbae-4fc7-a842-1fd8eedeb1ff@group-CF9D49CB4B0D-LeaderElection44] INFO  segmented.SegmentedRaftLogWorker (SegmentedRaftLogWorker.java:startLogSegment(385)) - 6ab6cfca-dbae-4fc7-a842-1fd8eedeb1ff@group-CF9D49CB4B0D-SegmentedRaftLogWorker: Starting segment from index:0
2019-11-05 08:28:09,349 [6ab6cfca-dbae-4fc7-a842-1fd8eedeb1ff@group-CF9D49CB4B0D-LeaderElection44] INFO  impl.RaftServerImpl (ServerState.java:setRaftConf(357)) - 6ab6cfca-dbae-4fc7-a842-1fd8eedeb1ff@group-CF9D49CB4B0D: set configuration 0: [6ab6cfca-dbae-4fc7-a842-1fd8eedeb1ff:192.168.164.217:40408], old=null at 0
2019-11-05 08:28:09,385 [Thread-873] INFO  client.GrpcClientProtocolService (GrpcClientProtocolService.java:lambda$processClientRequest$0(278)) - Failed RaftClientRequest:client-C29D9280812C->6ab6cfca-dbae-4fc7-a842-1fd8eedeb1ff@group-07DD719309DE, cid=10, seq=0, Watch-ALL_COMMITTED(8), Message:<EMPTY>, reply=RaftClientReply:client-C29D9280812C->6ab6cfca-dbae-4fc7-a842-1fd8eedeb1ff@group-07DD719309DE, cid=10, FAILED org.apache.ratis.protocol.NotLeaderException: Server 6ab6cfca-dbae-4fc7-a842-1fd8eedeb1ff@group-07DD719309DE is not the leader, logIndex=0, commits[6ab6cfca-dbae-4fc7-a842-1fd8eedeb1ff:c5]
2019-11-05 08:28:09,394 [6ab6cfca-dbae-4fc7-a842-1fd8eedeb1ff@group-CF9D49CB4B0D-SegmentedRaftLogWorker] INFO  segmented.SegmentedRaftLogWorker (SegmentedRaftLogWorker.java:execute(576)) - 6ab6cfca-dbae-4fc7-a842-1fd8eedeb1ff@group-CF9D49CB4B0D-SegmentedRaftLogWorker: created new log segment /workdir/hadoop-ozone/integration-test/target/test-dir/MiniOzoneClusterImpl-02b65e86-f8bb-4f05-a146-5b32a27149c8/datanode-2/data/ratis/da47436f-9947-426d-b961-cf9d49cb4b0d/current/log_inprogress_0
2019-11-05 08:28:09,427 [Thread-867] INFO  impl.FollowerState (FollowerState.java:run(108)) - 6ab6cfca-dbae-4fc7-a842-1fd8eedeb1ff@group-07DD719309DE-FollowerState: change to CANDIDATE, lastRpcTime:95ms, electionTimeout:95ms
2019-11-05 08:28:09,427 [Thread-867] INFO  impl.RoleInfo (RoleInfo.java:shutdownFollowerState(121)) - 6ab6cfca-dbae-4fc7-a842-1fd8eedeb1ff: shutdown FollowerState
2019-11-05 08:28:09,428 [Thread-867] INFO  impl.RaftServerImpl (RaftServerImpl.java:setRole(184)) - 6ab6cfca-dbae-4fc7-a842-1fd8eedeb1ff@group-07DD719309DE: changes role from  FOLLOWER to CANDIDATE at term 43 for changeToCandidate
2019-11-05 08:28:09,428 [Thread-867] INFO  impl.RoleInfo (RoleInfo.java:updateAndGet(143)) - 6ab6cfca-dbae-4fc7-a842-1fd8eedeb1ff: start LeaderElection
2019-11-05 08:28:09,441 [6ab6cfca-dbae-4fc7-a842-1fd8eedeb1ff@group-07DD719309DE-LeaderElection45] INFO  impl.LeaderElection (LeaderElection.java:askForVotes(178)) - 6ab6cfca-dbae-4fc7-a842-1fd8eedeb1ff@group-07DD719309DE-LeaderElection45: begin an election at term 44 for 1: [6ab6cfca-dbae-4fc7-a842-1fd8eedeb1ff:192.168.164.217:40408, e618d93a-19a9-4b89-96f3-44f318818422:192.168.164.217:37953, 90c9f5c6-6de3-44e3-8d50-8a1447632052:192.168.164.217:36159], old=null
2019-11-05 08:28:09,443 [grpc-default-executor-2] INFO  impl.RaftServerImpl (RaftServerImpl.java:setRole(184)) - 90c9f5c6-6de3-44e3-8d50-8a1447632052@group-07DD719309DE: changes role from  FOLLOWER to FOLLOWER at term 44 for recognizeCandidate:6ab6cfca-dbae-4fc7-a842-1fd8eedeb1ff
2019-11-05 08:28:09,443 [grpc-default-executor-8] INFO  impl.RaftServerImpl (RaftServerImpl.java:setRole(184)) - e618d93a-19a9-4b89-96f3-44f318818422@group-07DD719309DE: changes role from  FOLLOWER to FOLLOWER at term 44 for recognizeCandidate:6ab6cfca-dbae-4fc7-a842-1fd8eedeb1ff
2019-11-05 08:28:09,443 [grpc-default-executor-2] INFO  impl.RoleInfo (RoleInfo.java:shutdownFollowerState(121)) - 90c9f5c6-6de3-44e3-8d50-8a1447632052: shutdown FollowerState
2019-11-05 08:28:09,444 [grpc-default-executor-8] INFO  impl.RoleInfo (RoleInfo.java:shutdownFollowerState(121)) - e618d93a-19a9-4b89-96f3-44f318818422: shutdown FollowerState
2019-11-05 08:28:09,444 [Thread-866] INFO  impl.FollowerState (FollowerState.java:run(117)) - 90c9f5c6-6de3-44e3-8d50-8a1447632052@group-07DD719309DE-FollowerState was interrupted: java.lang.InterruptedException: sleep interrupted
2019-11-05 08:28:09,444 [grpc-default-executor-2] INFO  impl.RoleInfo (RoleInfo.java:updateAndGet(143)) - 90c9f5c6-6de3-44e3-8d50-8a1447632052: start FollowerState
2019-11-05 08:28:09,444 [Thread-865] INFO  impl.FollowerState (FollowerState.java:run(117)) - e618d93a-19a9-4b89-96f3-44f318818422@group-07DD719309DE-FollowerState was interrupted: java.lang.InterruptedException: sleep interrupted
2019-11-05 08:28:09,444 [grpc-default-executor-8] INFO  impl.RoleInfo (RoleInfo.java:updateAndGet(143)) - e618d93a-19a9-4b89-96f3-44f318818422: start FollowerState
2019-11-05 08:28:09,459 [6ab6cfca-dbae-4fc7-a842-1fd8eedeb1ff@group-07DD719309DE-LeaderElection45] INFO  impl.LeaderElection (LeaderElection.java:logAndReturn(56)) - 6ab6cfca-dbae-4fc7-a842-1fd8eedeb1ff@group-07DD719309DE-LeaderElection45: Election REJECTED; received 2 response(s) [6ab6cfca-dbae-4fc7-a842-1fd8eedeb1ff<-e618d93a-19a9-4b89-96f3-44f318818422#0:FAIL-t44, 6ab6cfca-dbae-4fc7-a842-1fd8eedeb1ff<-90c9f5c6-6de3-44e3-8d50-8a1447632052#0:FAIL-t44] and 0 exception(s); 6ab6cfca-dbae-4fc7-a842-1fd8eedeb1ff@group-07DD719309DE:t44, leader=null, voted=6ab6cfca-dbae-4fc7-a842-1fd8eedeb1ff, raftlog=6ab6cfca-dbae-4fc7-a842-1fd8eedeb1ff@group-07DD719309DE-SegmentedRaftLog:OPENED:c5,f6,i6, conf=1: [6ab6cfca-dbae-4fc7-a842-1fd8eedeb1ff:192.168.164.217:40408, e618d93a-19a9-4b89-96f3-44f318818422:192.168.164.217:37953, 90c9f5c6-6de3-44e3-8d50-8a1447632052:192.168.164.217:36159], old=null
2019-11-05 08:28:09,459 [6ab6cfca-dbae-4fc7-a842-1fd8eedeb1ff@group-07DD719309DE-LeaderElection45] INFO  impl.RaftServerImpl (RaftServerImpl.java:setRole(184)) - 6ab6cfca-dbae-4fc7-a842-1fd8eedeb1ff@group-07DD719309DE: changes role from CANDIDATE to FOLLOWER at term 44 for DISCOVERED_A_NEW_TERM
2019-11-05 08:28:09,459 [6ab6cfca-dbae-4fc7-a842-1fd8eedeb1ff@group-07DD719309DE-LeaderElection45] INFO  impl.RoleInfo (RoleInfo.java:shutdownLeaderElection(134)) - 6ab6cfca-dbae-4fc7-a842-1fd8eedeb1ff: shutdown LeaderElection
2019-11-05 08:28:09,459 [6ab6cfca-dbae-4fc7-a842-1fd8eedeb1ff@group-07DD719309DE-LeaderElection45] INFO  impl.RoleInfo (RoleInfo.java:updateAndGet(143)) - 6ab6cfca-dbae-4fc7-a842-1fd8eedeb1ff: start FollowerState
2019-11-05 08:28:09,548 [EventQueue-PendingDeleteStatusForPendingDeleteHandler] INFO  block.SCMBlockDeletingService (SCMBlockDeletingService.java:handlePendingDeletes(115)) - Block deletion txnID mismatch in datanode 6ab6cfca-dbae-4fc7-a842-1fd8eedeb1ff for containerID 1. Datanode delete txnID: 0, SCM txnID: 1
2019-11-05 08:28:09,564 [Thread-880] INFO  impl.FollowerState (FollowerState.java:run(108)) - 6ab6cfca-dbae-4fc7-a842-1fd8eedeb1ff@group-07DD719309DE-FollowerState: change to CANDIDATE, lastRpcTime:104ms, electionTimeout:104ms
2019-11-05 08:28:09,564 [Thread-880] INFO  impl.RoleInfo (RoleInfo.java:shutdownFollowerState(121)) - 6ab6cfca-dbae-4fc7-a842-1fd8eedeb1ff: shutdown FollowerState
2019-11-05 08:28:09,564 [Thread-880] INFO  impl.RaftServerImpl (RaftServerImpl.java:setRole(184)) - 6ab6cfca-dbae-4fc7-a842-1fd8eedeb1ff@group-07DD719309DE: changes role from  FOLLOWER to CANDIDATE at term 44 for changeToCandidate
2019-11-05 08:28:09,564 [Thread-880] INFO  impl.RoleInfo (RoleInfo.java:updateAndGet(143)) - 6ab6cfca-dbae-4fc7-a842-1fd8eedeb1ff: start LeaderElection
2019-11-05 08:28:09,578 [6ab6cfca-dbae-4fc7-a842-1fd8eedeb1ff@group-07DD719309DE-LeaderElection46] INFO  impl.LeaderElection (LeaderElection.java:askForVotes(178)) - 6ab6cfca-dbae-4fc7-a842-1fd8eedeb1ff@group-07DD719309DE-LeaderElection46: begin an election at term 45 for 1: [6ab6cfca-dbae-4fc7-a842-1fd8eedeb1ff:192.168.164.217:40408, e618d93a-19a9-4b89-96f3-44f318818422:192.168.164.217:37953, 90c9f5c6-6de3-44e3-8d50-8a1447632052:192.168.164.217:36159], old=null
2019-11-05 08:28:09,581 [grpc-default-executor-2] INFO  impl.RaftServerImpl (RaftServerImpl.java:setRole(184)) - 90c9f5c6-6de3-44e3-8d50-8a1447632052@group-07DD719309DE: changes role from  FOLLOWER to FOLLOWER at term 45 for recognizeCandidate:6ab6cfca-dbae-4fc7-a842-1fd8eedeb1ff
2019-11-05 08:28:09,581 [grpc-default-executor-8] INFO  impl.RaftServerImpl (RaftServerImpl.java:setRole(184)) - e618d93a-19a9-4b89-96f3-44f318818422@group-07DD719309DE: changes role from  FOLLOWER to FOLLOWER at term 45 for recognizeCandidate:6ab6cfca-dbae-4fc7-a842-1fd8eedeb1ff
2019-11-05 08:28:09,581 [grpc-default-executor-2] INFO  impl.RoleInfo (RoleInfo.java:shutdownFollowerState(121)) - 90c9f5c6-6de3-44e3-8d50-8a1447632052: shutdown FollowerState
2019-11-05 08:28:09,581 [grpc-default-executor-8] INFO  impl.RoleInfo (RoleInfo.java:shutdownFollowerState(121)) - e618d93a-19a9-4b89-96f3-44f318818422: shutdown FollowerState
2019-11-05 08:28:09,581 [grpc-default-executor-2] INFO  impl.RoleInfo (RoleInfo.java:updateAndGet(143)) - 90c9f5c6-6de3-44e3-8d50-8a1447632052: start FollowerState
2019-11-05 08:28:09,581 [Thread-878] INFO  impl.FollowerState (FollowerState.java:run(117)) - 90c9f5c6-6de3-44e3-8d50-8a1447632052@group-07DD719309DE-FollowerState was interrupted: java.lang.InterruptedException: sleep interrupted
2019-11-05 08:28:09,581 [Thread-879] INFO  impl.FollowerState (FollowerState.java:run(117)) - e618d93a-19a9-4b89-96f3-44f318818422@group-07DD719309DE-FollowerState was interrupted: java.lang.InterruptedException: sleep interrupted
2019-11-05 08:28:09,581 [grpc-default-executor-8] INFO  impl.RoleInfo (RoleInfo.java:updateAndGet(143)) - e618d93a-19a9-4b89-96f3-44f318818422: start FollowerState
2019-11-05 08:28:09,590 [6ab6cfca-dbae-4fc7-a842-1fd8eedeb1ff@group-07DD719309DE-LeaderElection46] INFO  impl.LeaderElection (LeaderElection.java:logAndReturn(56)) - 6ab6cfca-dbae-4fc7-a842-1fd8eedeb1ff@group-07DD719309DE-LeaderElection46: Election TIMEOUT; received 0 response(s) [] and 0 exception(s); 6ab6cfca-dbae-4fc7-a842-1fd8eedeb1ff@group-07DD719309DE:t45, leader=null, voted=6ab6cfca-dbae-4fc7-a842-1fd8eedeb1ff, raftlog=6ab6cfca-dbae-4fc7-a842-1fd8eedeb1ff@group-07DD719309DE-SegmentedRaftLog:OPENED:c5,f6,i6, conf=1: [6ab6cfca-dbae-4fc7-a842-1fd8eedeb1ff:192.168.164.217:40408, e618d93a-19a9-4b89-96f3-44f318818422:192.168.164.217:37953, 90c9f5c6-6de3-44e3-8d50-8a1447632052:192.168.164.217:36159], old=null
2019-11-05 08:28:09,592 [pool-7-thread-1] INFO  commands.RetriableDatanodeEventWatcher (RetriableDatanodeEventWatcher.java:onTimeout(47)) - RetriableDatanodeCommand type=deleteBlocksCommand with id=1572942482586 timed out. Retrying.
2019-11-05 08:28:09,594 [pool-7-thread-1] INFO  commands.RetriableDatanodeEventWatcher (RetriableDatanodeEventWatcher.java:onTimeout(47)) - RetriableDatanodeCommand type=deleteBlocksCommand with id=1572942482581 timed out. Retrying.
2019-11-05 08:28:09,594 [pool-7-thread-5] INFO  commands.RetriableDatanodeEventWatcher (RetriableDatanodeEventWatcher.java:onTimeout(47)) - RetriableDatanodeCommand type=deleteBlocksCommand with id=1572942482584 timed out. Retrying.
2019-11-05 08:28:09,595 [pool-7-thread-4] INFO  commands.RetriableDatanodeEventWatcher (RetriableDatanodeEventWatcher.java:onTimeout(47)) - RetriableDatanodeCommand type=deleteBlocksCommand with id=1572942482587 timed out. Retrying.
2019-11-05 08:28:09,595 [pool-7-thread-3] INFO  commands.RetriableDatanodeEventWatcher (RetriableDatanodeEventWatcher.java:onTimeout(47)) - RetriableDatanodeCommand type=deleteBlocksCommand with id=1572942482585 timed out. Retrying.
2019-11-05 08:28:09,595 [SCMBlockDeletingService#0] INFO  block.SCMBlockDeletingService (SCMBlockDeletingService.java:call(184)) - Totally added 1 delete blocks command for 1 datanodes, task elapsed time: 0ms
2019-11-05 08:28:09,596 [pool-7-thread-4] INFO  commands.RetriableDatanodeEventWatcher (RetriableDatanodeEventWatcher.java:onTimeout(47)) - RetriableDatanodeCommand type=deleteBlocksCommand with id=1572942482582 timed out. Retrying.
2019-11-05 08:28:09,597 [pool-7-thread-3] INFO  commands.RetriableDatanodeEventWatcher (RetriableDatanodeEventWatcher.java:onTimeout(47)) - RetriableDatanodeCommand type=deleteBlocksCommand with id=1572942482583 timed out. Retrying.
2019-11-05 08:28:09,598 [6ab6cfca-dbae-4fc7-a842-1fd8eedeb1ff@group-07DD719309DE-LeaderElection46] INFO  impl.LeaderElection (LeaderElection.java:askForVotes(178)) - 6ab6cfca-dbae-4fc7-a842-1fd8eedeb1ff@group-07DD719309DE-LeaderElection46: begin an election at term 46 for 1: [6ab6cfca-dbae-4fc7-a842-1fd8eedeb1ff:192.168.164.217:40408, e618d93a-19a9-4b89-96f3-44f318818422:192.168.164.217:37953, 90c9f5c6-6de3-44e3-8d50-8a1447632052:192.168.164.217:36159], old=null
2019-11-05 08:28:09,600 [grpc-default-executor-2] INFO  impl.RaftServerImpl (RaftServerImpl.java:setRole(184)) - e618d93a-19a9-4b89-96f3-44f318818422@group-07DD719309DE: changes role from  FOLLOWER to FOLLOWER at term 46 for recognizeCandidate:6ab6cfca-dbae-4fc7-a842-1fd8eedeb1ff
2019-11-05 08:28:09,600 [grpc-default-executor-2] INFO  impl.RoleInfo (RoleInfo.java:shutdownFollowerState(121)) - e618d93a-19a9-4b89-96f3-44f318818422: shutdown FollowerState
2019-11-05 08:28:09,600 [grpc-default-executor-2] INFO  impl.RoleInfo (RoleInfo.java:updateAndGet(143)) - e618d93a-19a9-4b89-96f3-44f318818422: start FollowerState
2019-11-05 08:28:09,600 [Thread-885] INFO  impl.FollowerState (FollowerState.java:run(117)) - e618d93a-19a9-4b89-96f3-44f318818422@group-07DD719309DE-FollowerState was interrupted: java.lang.InterruptedException: sleep interrupted
2019-11-05 08:28:09,600 [grpc-default-executor-8] INFO  impl.RaftServerImpl (RaftServerImpl.java:setRole(184)) - 90c9f5c6-6de3-44e3-8d50-8a1447632052@group-07DD719309DE: changes role from  FOLLOWER to FOLLOWER at term 46 for recognizeCandidate:6ab6cfca-dbae-4fc7-a842-1fd8eedeb1ff
2019-11-05 08:28:09,600 [grpc-default-executor-8] INFO  impl.RoleInfo (RoleInfo.java:shutdownFollowerState(121)) - 90c9f5c6-6de3-44e3-8d50-8a1447632052: shutdown FollowerState
2019-11-05 08:28:09,601 [grpc-default-executor-8] INFO  impl.RoleInfo (RoleInfo.java:updateAndGet(143)) - 90c9f5c6-6de3-44e3-8d50-8a1447632052: start FollowerState
2019-11-05 08:28:09,601 [Thread-884] INFO  impl.FollowerState (FollowerState.java:run(117)) - 90c9f5c6-6de3-44e3-8d50-8a1447632052@group-07DD719309DE-FollowerState was interrupted: java.lang.InterruptedException: sleep interrupted
2019-11-05 08:28:09,605 [6ab6cfca-dbae-4fc7-a842-1fd8eedeb1ff@group-07DD719309DE-LeaderElection46] INFO  impl.LeaderElection (LeaderElection.java:logAndReturn(56)) - 6ab6cfca-dbae-4fc7-a842-1fd8eedeb1ff@group-07DD719309DE-LeaderElection46: Election TIMEOUT; received 0 response(s) [] and 0 exception(s); 6ab6cfca-dbae-4fc7-a842-1fd8eedeb1ff@group-07DD719309DE:t46, leader=null, voted=6ab6cfca-dbae-4fc7-a842-1fd8eedeb1ff, raftlog=6ab6cfca-dbae-4fc7-a842-1fd8eedeb1ff@group-07DD719309DE-SegmentedRaftLog:OPENED:c5,f6,i6, conf=1: [6ab6cfca-dbae-4fc7-a842-1fd8eedeb1ff:192.168.164.217:40408, e618d93a-19a9-4b89-96f3-44f318818422:192.168.164.217:37953, 90c9f5c6-6de3-44e3-8d50-8a1447632052:192.168.164.217:36159], old=null
2019-11-05 08:28:09,610 [6ab6cfca-dbae-4fc7-a842-1fd8eedeb1ff@group-07DD719309DE-LeaderElection46] INFO  impl.LeaderElection (LeaderElection.java:askForVotes(178)) - 6ab6cfca-dbae-4fc7-a842-1fd8eedeb1ff@group-07DD719309DE-LeaderElection46: begin an election at term 47 for 1: [6ab6cfca-dbae-4fc7-a842-1fd8eedeb1ff:192.168.164.217:40408, e618d93a-19a9-4b89-96f3-44f318818422:192.168.164.217:37953, 90c9f5c6-6de3-44e3-8d50-8a1447632052:192.168.164.217:36159], old=null
2019-11-05 08:28:09,612 [grpc-default-executor-2] INFO  impl.RaftServerImpl (RaftServerImpl.java:setRole(184)) - e618d93a-19a9-4b89-96f3-44f318818422@group-07DD719309DE: changes role from  FOLLOWER to FOLLOWER at term 47 for recognizeCandidate:6ab6cfca-dbae-4fc7-a842-1fd8eedeb1ff
2019-11-05 08:28:09,612 [grpc-default-executor-2] INFO  impl.RoleInfo (RoleInfo.java:shutdownFollowerState(121)) - e618d93a-19a9-4b89-96f3-44f318818422: shutdown FollowerState
2019-11-05 08:28:09,612 [grpc-default-executor-2] INFO  impl.RoleInfo (RoleInfo.java:updateAndGet(143)) - e618d93a-19a9-4b89-96f3-44f318818422: start FollowerState
2019-11-05 08:28:09,612 [Thread-888] INFO  impl.FollowerState (FollowerState.java:run(117)) - e618d93a-19a9-4b89-96f3-44f318818422@group-07DD719309DE-FollowerState was interrupted: java.lang.InterruptedException: sleep interrupted
2019-11-05 08:28:09,612 [grpc-default-executor-8] INFO  impl.RaftServerImpl (RaftServerImpl.java:setRole(184)) - 90c9f5c6-6de3-44e3-8d50-8a1447632052@group-07DD719309DE: changes role from  FOLLOWER to FOLLOWER at term 47 for recognizeCandidate:6ab6cfca-dbae-4fc7-a842-1fd8eedeb1ff
2019-11-05 08:28:09,612 [grpc-default-executor-8] INFO  impl.RoleInfo (RoleInfo.java:shutdownFollowerState(121)) - 90c9f5c6-6de3-44e3-8d50-8a1447632052: shutdown FollowerState
2019-11-05 08:28:09,613 [grpc-default-executor-8] INFO  impl.RoleInfo (RoleInfo.java:updateAndGet(143)) - 90c9f5c6-6de3-44e3-8d50-8a1447632052: start FollowerState
2019-11-05 08:28:09,613 [Thread-889] INFO  impl.FollowerState (FollowerState.java:run(117)) - 90c9f5c6-6de3-44e3-8d50-8a1447632052@group-07DD719309DE-FollowerState was interrupted: java.lang.InterruptedException: sleep interrupted
2019-11-05 08:28:09,626 [6ab6cfca-dbae-4fc7-a842-1fd8eedeb1ff@group-07DD719309DE-LeaderElection46] INFO  impl.LeaderElection (LeaderElection.java:logAndReturn(56)) - 6ab6cfca-dbae-4fc7-a842-1fd8eedeb1ff@group-07DD719309DE-LeaderElection46: Election REJECTED; received 2 response(s) [6ab6cfca-dbae-4fc7-a842-1fd8eedeb1ff<-e618d93a-19a9-4b89-96f3-44f318818422#0:FAIL-t47, 6ab6cfca-dbae-4fc7-a842-1fd8eedeb1ff<-90c9f5c6-6de3-44e3-8d50-8a1447632052#0:FAIL-t47] and 0 exception(s); 6ab6cfca-dbae-4fc7-a842-1fd8eedeb1ff@group-07DD719309DE:t47, leader=null, voted=6ab6cfca-dbae-4fc7-a842-1fd8eedeb1ff, raftlog=6ab6cfca-dbae-4fc7-a842-1fd8eedeb1ff@group-07DD719309DE-SegmentedRaftLog:OPENED:c5,f6,i6, conf=1: [6ab6cfca-dbae-4fc7-a842-1fd8eedeb1ff:192.168.164.217:40408, e618d93a-19a9-4b89-96f3-44f318818422:192.168.164.217:37953, 90c9f5c6-6de3-44e3-8d50-8a1447632052:192.168.164.217:36159], old=null
2019-11-05 08:28:09,626 [6ab6cfca-dbae-4fc7-a842-1fd8eedeb1ff@group-07DD719309DE-LeaderElection46] INFO  impl.RaftServerImpl (RaftServerImpl.java:setRole(184)) - 6ab6cfca-dbae-4fc7-a842-1fd8eedeb1ff@group-07DD719309DE: changes role from CANDIDATE to FOLLOWER at term 47 for DISCOVERED_A_NEW_TERM
2019-11-05 08:28:09,626 [6ab6cfca-dbae-4fc7-a842-1fd8eedeb1ff@group-07DD719309DE-LeaderElection46] INFO  impl.RoleInfo (RoleInfo.java:shutdownLeaderElection(134)) - 6ab6cfca-dbae-4fc7-a842-1fd8eedeb1ff: shutdown LeaderElection
2019-11-05 08:28:09,627 [6ab6cfca-dbae-4fc7-a842-1fd8eedeb1ff@group-07DD719309DE-LeaderElection46] INFO  impl.RoleInfo (RoleInfo.java:updateAndGet(143)) - 6ab6cfca-dbae-4fc7-a842-1fd8eedeb1ff: start FollowerState
2019-11-05 08:28:09,826 [Thread-894] INFO  impl.FollowerState (FollowerState.java:run(108)) - 6ab6cfca-dbae-4fc7-a842-1fd8eedeb1ff@group-07DD719309DE-FollowerState: change to CANDIDATE, lastRpcTime:199ms, electionTimeout:199ms
2019-11-05 08:28:09,827 [Thread-894] INFO  impl.RoleInfo (RoleInfo.java:shutdownFollowerState(121)) - 6ab6cfca-dbae-4fc7-a842-1fd8eedeb1ff: shutdown FollowerState
2019-11-05 08:28:09,827 [Thread-894] INFO  impl.RaftServerImpl (RaftServerImpl.java:setRole(184)) - 6ab6cfca-dbae-4fc7-a842-1fd8eedeb1ff@group-07DD719309DE: changes role from  FOLLOWER to CANDIDATE at term 47 for changeToCandidate
2019-11-05 08:28:09,827 [Thread-894] INFO  impl.RoleInfo (RoleInfo.java:updateAndGet(143)) - 6ab6cfca-dbae-4fc7-a842-1fd8eedeb1ff: start LeaderElection
2019-11-05 08:28:09,842 [6ab6cfca-dbae-4fc7-a842-1fd8eedeb1ff@group-07DD719309DE-LeaderElection47] INFO  impl.LeaderElection (LeaderElection.java:askForVotes(178)) - 6ab6cfca-dbae-4fc7-a842-1fd8eedeb1ff@group-07DD719309DE-LeaderElection47: begin an election at term 48 for 1: [6ab6cfca-dbae-4fc7-a842-1fd8eedeb1ff:192.168.164.217:40408, e618d93a-19a9-4b89-96f3-44f318818422:192.168.164.217:37953, 90c9f5c6-6de3-44e3-8d50-8a1447632052:192.168.164.217:36159], old=null
2019-11-05 08:28:09,848 [grpc-default-executor-8] INFO  impl.RaftServerImpl (RaftServerImpl.java:setRole(184)) - 90c9f5c6-6de3-44e3-8d50-8a1447632052@group-07DD719309DE: changes role from  FOLLOWER to FOLLOWER at term 48 for recognizeCandidate:6ab6cfca-dbae-4fc7-a842-1fd8eedeb1ff
2019-11-05 08:28:09,848 [grpc-default-executor-2] INFO  impl.RaftServerImpl (RaftServerImpl.java:setRole(184)) - e618d93a-19a9-4b89-96f3-44f318818422@group-07DD719309DE: changes role from  FOLLOWER to FOLLOWER at term 48 for recognizeCandidate:6ab6cfca-dbae-4fc7-a842-1fd8eedeb1ff
2019-11-05 08:28:09,849 [grpc-default-executor-8] INFO  impl.RoleInfo (RoleInfo.java:shutdownFollowerState(121)) - 90c9f5c6-6de3-44e3-8d50-8a1447632052: shutdown FollowerState
2019-11-05 08:28:09,849 [grpc-default-executor-2] INFO  impl.RoleInfo (RoleInfo.java:shutdownFollowerState(121)) - e618d93a-19a9-4b89-96f3-44f318818422: shutdown FollowerState
2019-11-05 08:28:09,849 [Thread-893] INFO  impl.FollowerState (FollowerState.java:run(117)) - 90c9f5c6-6de3-44e3-8d50-8a1447632052@group-07DD719309DE-FollowerState was interrupted: java.lang.InterruptedException: sleep interrupted
2019-11-05 08:28:09,849 [grpc-default-executor-8] INFO  impl.RoleInfo (RoleInfo.java:updateAndGet(143)) - 90c9f5c6-6de3-44e3-8d50-8a1447632052: start FollowerState
2019-11-05 08:28:09,849 [Thread-892] INFO  impl.FollowerState (FollowerState.java:run(117)) - e618d93a-19a9-4b89-96f3-44f318818422@group-07DD719309DE-FollowerState was interrupted: java.lang.InterruptedException: sleep interrupted
2019-11-05 08:28:09,849 [grpc-default-executor-2] INFO  impl.RoleInfo (RoleInfo.java:updateAndGet(143)) - e618d93a-19a9-4b89-96f3-44f318818422: start FollowerState
2019-11-05 08:28:09,865 [6ab6cfca-dbae-4fc7-a842-1fd8eedeb1ff@group-07DD719309DE-LeaderElection47] INFO  impl.LeaderElection (LeaderElection.java:logAndReturn(56)) - 6ab6cfca-dbae-4fc7-a842-1fd8eedeb1ff@group-07DD719309DE-LeaderElection47: Election REJECTED; received 2 response(s) [6ab6cfca-dbae-4fc7-a842-1fd8eedeb1ff<-e618d93a-19a9-4b89-96f3-44f318818422#0:FAIL-t48, 6ab6cfca-dbae-4fc7-a842-1fd8eedeb1ff<-90c9f5c6-6de3-44e3-8d50-8a1447632052#0:FAIL-t48] and 0 exception(s); 6ab6cfca-dbae-4fc7-a842-1fd8eedeb1ff@group-07DD719309DE:t48, leader=null, voted=6ab6cfca-dbae-4fc7-a842-1fd8eedeb1ff, raftlog=6ab6cfca-dbae-4fc7-a842-1fd8eedeb1ff@group-07DD719309DE-SegmentedRaftLog:OPENED:c5,f6,i6, conf=1: [6ab6cfca-dbae-4fc7-a842-1fd8eedeb1ff:192.168.164.217:40408, e618d93a-19a9-4b89-96f3-44f318818422:192.168.164.217:37953, 90c9f5c6-6de3-44e3-8d50-8a1447632052:192.168.164.217:36159], old=null
2019-11-05 08:28:09,865 [6ab6cfca-dbae-4fc7-a842-1fd8eedeb1ff@group-07DD719309DE-LeaderElection47] INFO  impl.RaftServerImpl (RaftServerImpl.java:setRole(184)) - 6ab6cfca-dbae-4fc7-a842-1fd8eedeb1ff@group-07DD719309DE: changes role from CANDIDATE to FOLLOWER at term 48 for DISCOVERED_A_NEW_TERM
2019-11-05 08:28:09,865 [6ab6cfca-dbae-4fc7-a842-1fd8eedeb1ff@group-07DD719309DE-LeaderElection47] INFO  impl.RoleInfo (RoleInfo.java:shutdownLeaderElection(134)) - 6ab6cfca-dbae-4fc7-a842-1fd8eedeb1ff: shutdown LeaderElection
2019-11-05 08:28:09,865 [6ab6cfca-dbae-4fc7-a842-1fd8eedeb1ff@group-07DD719309DE-LeaderElection47] INFO  impl.RoleInfo (RoleInfo.java:updateAndGet(143)) - 6ab6cfca-dbae-4fc7-a842-1fd8eedeb1ff: start FollowerState
2019-11-05 08:28:09,950 [EventQueue-PendingDeleteStatusForPendingDeleteHandler] INFO  block.SCMBlockDeletingService (SCMBlockDeletingService.java:handlePendingDeletes(115)) - Block deletion txnID mismatch in datanode 6ab6cfca-dbae-4fc7-a842-1fd8eedeb1ff for containerID 1. Datanode delete txnID: 0, SCM txnID: 1
2019-11-05 08:28:09,998 [BlockDeletingService#6] WARN  background.BlockDeletingService (BlockDeletingService.java:isDeletionAllowed(187)) - Close Container log Index 8 is not replicated across allthe servers in the pipeline 91d82eec-d61e-45ed-83e6-07dd719309de as the min replicated index is 6. Deletion is not allowed in this container yet.
2019-11-05 08:28:09,998 [BlockDeletingService#2] WARN  background.BlockDeletingService (BlockDeletingService.java:isDeletionAllowed(187)) - Close Container log Index 8 is not replicated across allthe servers in the pipeline 91d82eec-d61e-45ed-83e6-07dd719309de as the min replicated index is 6. Deletion is not allowed in this container yet.
2019-11-05 08:28:10,010 [Thread-900] INFO  impl.FollowerState (FollowerState.java:run(108)) - 6ab6cfca-dbae-4fc7-a842-1fd8eedeb1ff@group-07DD719309DE-FollowerState: change to CANDIDATE, lastRpcTime:144ms, electionTimeout:144ms
2019-11-05 08:28:10,010 [Thread-900] INFO  impl.RoleInfo (RoleInfo.java:shutdownFollowerState(121)) - 6ab6cfca-dbae-4fc7-a842-1fd8eedeb1ff: shutdown FollowerState
2019-11-05 08:28:10,010 [Thread-900] INFO  impl.RaftServerImpl (RaftServerImpl.java:setRole(184)) - 6ab6cfca-dbae-4fc7-a842-1fd8eedeb1ff@group-07DD719309DE: changes role from  FOLLOWER to CANDIDATE at term 48 for changeToCandidate
2019-11-05 08:28:10,011 [Thread-900] INFO  impl.RoleInfo (RoleInfo.java:updateAndGet(143)) - 6ab6cfca-dbae-4fc7-a842-1fd8eedeb1ff: start LeaderElection
2019-11-05 08:28:10,025 [6ab6cfca-dbae-4fc7-a842-1fd8eedeb1ff@group-07DD719309DE-LeaderElection48] INFO  impl.LeaderElection (LeaderElection.java:askForVotes(178)) - 6ab6cfca-dbae-4fc7-a842-1fd8eedeb1ff@group-07DD719309DE-LeaderElection48: begin an election at term 49 for 1: [6ab6cfca-dbae-4fc7-a842-1fd8eedeb1ff:192.168.164.217:40408, e618d93a-19a9-4b89-96f3-44f318818422:192.168.164.217:37953, 90c9f5c6-6de3-44e3-8d50-8a1447632052:192.168.164.217:36159], old=null
2019-11-05 08:28:10,029 [grpc-default-executor-2] INFO  impl.RaftServerImpl (RaftServerImpl.java:setRole(184)) - e618d93a-19a9-4b89-96f3-44f318818422@group-07DD719309DE: changes role from  FOLLOWER to FOLLOWER at term 49 for recognizeCandidate:6ab6cfca-dbae-4fc7-a842-1fd8eedeb1ff
2019-11-05 08:28:10,029 [grpc-default-executor-8] INFO  impl.RaftServerImpl (RaftServerImpl.java:setRole(184)) - 90c9f5c6-6de3-44e3-8d50-8a1447632052@group-07DD719309DE: changes role from  FOLLOWER to FOLLOWER at term 49 for recognizeCandidate:6ab6cfca-dbae-4fc7-a842-1fd8eedeb1ff
2019-11-05 08:28:10,029 [grpc-default-executor-2] INFO  impl.RoleInfo (RoleInfo.java:shutdownFollowerState(121)) - e618d93a-19a9-4b89-96f3-44f318818422: shutdown FollowerState
2019-11-05 08:28:10,029 [grpc-default-executor-8] INFO  impl.RoleInfo (RoleInfo.java:shutdownFollowerState(121)) - 90c9f5c6-6de3-44e3-8d50-8a1447632052: shutdown FollowerState
2019-11-05 08:28:10,029 [Thread-899] INFO  impl.FollowerState (FollowerState.java:run(117)) - e618d93a-19a9-4b89-96f3-44f318818422@group-07DD719309DE-FollowerState was interrupted: java.lang.InterruptedException: sleep interrupted
2019-11-05 08:28:10,029 [grpc-default-executor-2] INFO  impl.RoleInfo (RoleInfo.java:updateAndGet(143)) - e618d93a-19a9-4b89-96f3-44f318818422: start FollowerState
2019-11-05 08:28:10,030 [Thread-898] INFO  impl.FollowerState (FollowerState.java:run(117)) - 90c9f5c6-6de3-44e3-8d50-8a1447632052@group-07DD719309DE-FollowerState was interrupted: java.lang.InterruptedException: sleep interrupted
2019-11-05 08:28:10,030 [grpc-default-executor-8] INFO  impl.RoleInfo (RoleInfo.java:updateAndGet(143)) - 90c9f5c6-6de3-44e3-8d50-8a1447632052: start FollowerState
2019-11-05 08:28:10,047 [6ab6cfca-dbae-4fc7-a842-1fd8eedeb1ff@group-07DD719309DE-LeaderElection48] INFO  impl.LeaderElection (LeaderElection.java:logAndReturn(56)) - 6ab6cfca-dbae-4fc7-a842-1fd8eedeb1ff@group-07DD719309DE-LeaderElection48: Election REJECTED; received 2 response(s) [6ab6cfca-dbae-4fc7-a842-1fd8eedeb1ff<-e618d93a-19a9-4b89-96f3-44f318818422#0:FAIL-t49, 6ab6cfca-dbae-4fc7-a842-1fd8eedeb1ff<-90c9f5c6-6de3-44e3-8d50-8a1447632052#0:FAIL-t49] and 0 exception(s); 6ab6cfca-dbae-4fc7-a842-1fd8eedeb1ff@group-07DD719309DE:t49, leader=null, voted=6ab6cfca-dbae-4fc7-a842-1fd8eedeb1ff, raftlog=6ab6cfca-dbae-4fc7-a842-1fd8eedeb1ff@group-07DD719309DE-SegmentedRaftLog:OPENED:c5,f6,i6, conf=1: [6ab6cfca-dbae-4fc7-a842-1fd8eedeb1ff:192.168.164.217:40408, e618d93a-19a9-4b89-96f3-44f318818422:192.168.164.217:37953, 90c9f5c6-6de3-44e3-8d50-8a1447632052:192.168.164.217:36159], old=null
2019-11-05 08:28:10,047 [6ab6cfca-dbae-4fc7-a842-1fd8eedeb1ff@group-07DD719309DE-LeaderElection48] INFO  impl.RaftServerImpl (RaftServerImpl.java:setRole(184)) - 6ab6cfca-dbae-4fc7-a842-1fd8eedeb1ff@group-07DD719309DE: changes role from CANDIDATE to FOLLOWER at term 49 for DISCOVERED_A_NEW_TERM
2019-11-05 08:28:10,047 [6ab6cfca-dbae-4fc7-a842-1fd8eedeb1ff@group-07DD719309DE-LeaderElection48] INFO  impl.RoleInfo (RoleInfo.java:shutdownLeaderElection(134)) - 6ab6cfca-dbae-4fc7-a842-1fd8eedeb1ff: shutdown LeaderElection
2019-11-05 08:28:10,047 [6ab6cfca-dbae-4fc7-a842-1fd8eedeb1ff@group-07DD719309DE-LeaderElection48] INFO  impl.RoleInfo (RoleInfo.java:updateAndGet(143)) - 6ab6cfca-dbae-4fc7-a842-1fd8eedeb1ff: start FollowerState
2019-11-05 08:28:10,064 [Command processor thread] INFO  commandhandler.DeleteBlocksCommandHandler (DeleteBlocksCommandHandler.java:handle(106)) - Start to delete container blocks, TXIDs=[1(0)], numOfContainers=1, numOfBlocks=1
2019-11-05 08:28:10,065 [Command processor thread] INFO  commandhandler.DeleteBlocksCommandHandler (DeleteBlocksCommandHandler.java:handle(106)) - Start to delete container blocks, TXIDs=[1(2)], numOfContainers=1, numOfBlocks=1
2019-11-05 08:28:10,065 [Command processor thread] INFO  commandhandler.DeleteBlocksCommandHandler (DeleteBlocksCommandHandler.java:handle(106)) - Start to delete container blocks, TXIDs=[1(0)], numOfContainers=1, numOfBlocks=1
2019-11-05 08:28:10,066 [Command processor thread] INFO  commandhandler.DeleteBlocksCommandHandler (DeleteBlocksCommandHandler.java:handle(106)) - Start to delete container blocks, TXIDs=[1(2)], numOfContainers=1, numOfBlocks=1
2019-11-05 08:28:10,066 [Command processor thread] INFO  commandhandler.DeleteBlocksCommandHandler (DeleteBlocksCommandHandler.java:handle(106)) - Start to delete container blocks, TXIDs=[1(2)], numOfContainers=1, numOfBlocks=1
2019-11-05 08:28:10,066 [Command processor thread] INFO  commandhandler.DeleteBlocksCommandHandler (DeleteBlocksCommandHandler.java:handle(106)) - Start to delete container blocks, TXIDs=[1(0)], numOfContainers=1, numOfBlocks=1
2019-11-05 08:28:10,066 [Command processor thread] INFO  commandhandler.DeleteBlocksCommandHandler (DeleteBlocksCommandHandler.java:handle(106)) - Start to delete container blocks, TXIDs=[1(2)], numOfContainers=1, numOfBlocks=1
2019-11-05 08:28:10,067 [Command processor thread] INFO  commandhandler.DeleteBlocksCommandHandler (DeleteBlocksCommandHandler.java:handle(106)) - Start to delete container blocks, TXIDs=[1(2)], numOfContainers=1, numOfBlocks=1
2019-11-05 08:28:10,067 [Command processor thread] INFO  commandhandler.DeleteBlocksCommandHandler (DeleteBlocksCommandHandler.java:handle(106)) - Start to delete container blocks, TXIDs=[1(0)], numOfContainers=1, numOfBlocks=1
2019-11-05 08:28:10,067 [Command processor thread] INFO  commandhandler.DeleteBlocksCommandHandler (DeleteBlocksCommandHandler.java:handle(106)) - Start to delete container blocks, TXIDs=[1(2)], numOfContainers=1, numOfBlocks=1
2019-11-05 08:28:10,067 [Command processor thread] INFO  commandhandler.DeleteBlocksCommandHandler (DeleteBlocksCommandHandler.java:handle(106)) - Start to delete container blocks, TXIDs=[1(2)], numOfContainers=1, numOfBlocks=1
2019-11-05 08:28:10,068 [Command processor thread] INFO  commandhandler.DeleteBlocksCommandHandler (DeleteBlocksCommandHandler.java:handle(106)) - Start to delete container blocks, TXIDs=[1(2)], numOfContainers=1, numOfBlocks=1
2019-11-05 08:28:10,068 [Command processor thread] INFO  commandhandler.DeleteBlocksCommandHandler (DeleteBlocksCommandHandler.java:handle(106)) - Start to delete container blocks, TXIDs=[1(2)], numOfContainers=1, numOfBlocks=1
2019-11-05 08:28:10,068 [Command processor thread] INFO  commandhandler.DeleteBlocksCommandHandler (DeleteBlocksCommandHandler.java:handle(106)) - Start to delete container blocks, TXIDs=[1(0)], numOfContainers=1, numOfBlocks=1
2019-11-05 08:28:10,068 [Command processor thread] INFO  commandhandler.DeleteBlocksCommandHandler (DeleteBlocksCommandHandler.java:handle(106)) - Start to delete container blocks, TXIDs=[1(2)], numOfContainers=1, numOfBlocks=1
2019-11-05 08:28:10,069 [Command processor thread] INFO  commandhandler.DeleteBlocksCommandHandler (DeleteBlocksCommandHandler.java:handle(106)) - Start to delete container blocks, TXIDs=[1(2)], numOfContainers=1, numOfBlocks=1
2019-11-05 08:28:10,069 [Command processor thread] INFO  commandhandler.DeleteBlocksCommandHandler (DeleteBlocksCommandHandler.java:handle(106)) - Start to delete container blocks, TXIDs=[1(0)], numOfContainers=1, numOfBlocks=1
2019-11-05 08:28:10,069 [Command processor thread] INFO  commandhandler.DeleteBlocksCommandHandler (DeleteBlocksCommandHandler.java:handle(106)) - Start to delete container blocks, TXIDs=[1(2)], numOfContainers=1, numOfBlocks=1
2019-11-05 08:28:10,069 [Command processor thread] INFO  commandhandler.DeleteBlocksCommandHandler (DeleteBlocksCommandHandler.java:handle(106)) - Start to delete container blocks, TXIDs=[1(2)], numOfContainers=1, numOfBlocks=1
2019-11-05 08:28:10,070 [Command processor thread] INFO  commandhandler.DeleteBlocksCommandHandler (DeleteBlocksCommandHandler.java:handle(106)) - Start to delete container blocks, TXIDs=[1(2)], numOfContainers=1, numOfBlocks=1
2019-11-05 08:28:10,070 [Command processor thread] INFO  commandhandler.DeleteBlocksCommandHandler (DeleteBlocksCommandHandler.java:handle(106)) - Start to delete container blocks, TXIDs=[1(2)], numOfContainers=1, numOfBlocks=1
2019-11-05 08:28:10,070 [Command processor thread] INFO  commandhandler.DeleteBlocksCommandHandler (DeleteBlocksCommandHandler.java:handle(106)) - Start to delete container blocks, TXIDs=[1(2)], numOfContainers=1, numOfBlocks=1
2019-11-05 08:28:10,070 [Command processor thread] INFO  commandhandler.DeleteBlocksCommandHandler (DeleteBlocksCommandHandler.java:handle(106)) - Start to delete container blocks, TXIDs=[1(0)], numOfContainers=1, numOfBlocks=1
2019-11-05 08:28:10,071 [Command processor thread] INFO  commandhandler.DeleteBlocksCommandHandler (DeleteBlocksCommandHandler.java:handle(106)) - Start to delete container blocks, TXIDs=[1(2)], numOfContainers=1, numOfBlocks=1
2019-11-05 08:28:10,071 [Command processor thread] INFO  commandhandler.DeleteBlocksCommandHandler (DeleteBlocksCommandHandler.java:handle(106)) - Start to delete container blocks, TXIDs=[1(2)], numOfContainers=1, numOfBlocks=1
2019-11-05 08:28:10,071 [Command processor thread] INFO  commandhandler.DeleteBlocksCommandHandler (DeleteBlocksCommandHandler.java:handle(106)) - Start to delete container blocks, TXIDs=[1(2)], numOfContainers=1, numOfBlocks=1
2019-11-05 08:28:10,071 [Command processor thread] INFO  commandhandler.DeleteBlocksCommandHandler (DeleteBlocksCommandHandler.java:handle(106)) - Start to delete container blocks, TXIDs=[1(2)], numOfContainers=1, numOfBlocks=1
2019-11-05 08:28:10,072 [Command processor thread] INFO  commandhandler.DeleteBlocksCommandHandler (DeleteBlocksCommandHandler.java:handle(106)) - Start to delete container blocks, TXIDs=[1(2)], numOfContainers=1, numOfBlocks=1
2019-11-05 08:28:10,072 [Command processor thread] INFO  commandhandler.DeleteBlocksCommandHandler (DeleteBlocksCommandHandler.java:handle(106)) - Start to delete container blocks, TXIDs=[1(2)], numOfContainers=1, numOfBlocks=1
2019-11-05 08:28:10,072 [Command processor thread] INFO  commandhandler.DeleteBlocksCommandHandler (DeleteBlocksCommandHandler.java:handle(106)) - Start to delete container blocks, TXIDs=[1(0)], numOfContainers=1, numOfBlocks=1
2019-11-05 08:28:10,072 [Command processor thread] INFO  commandhandler.DeleteBlocksCommandHandler (DeleteBlocksCommandHandler.java:handle(106)) - Start to delete container blocks, TXIDs=[1(2)], numOfContainers=1, numOfBlocks=1
2019-11-05 08:28:10,073 [Command processor thread] INFO  commandhandler.DeleteBlocksCommandHandler (DeleteBlocksCommandHandler.java:handle(106)) - Start to delete container blocks, TXIDs=[1(2)], numOfContainers=1, numOfBlocks=1
2019-11-05 08:28:10,073 [Command processor thread] INFO  commandhandler.DeleteBlocksCommandHandler (DeleteBlocksCommandHandler.java:handle(106)) - Start to delete container blocks, TXIDs=[1(30)], numOfContainers=1, numOfBlocks=1
2019-11-05 08:28:10,073 [Command processor thread] INFO  commandhandler.DeleteBlocksCommandHandler (DeleteBlocksCommandHandler.java:handle(106)) - Start to delete container blocks, TXIDs=[1(2)], numOfContainers=1, numOfBlocks=1
2019-11-05 08:28:10,073 [Command processor thread] INFO  commandhandler.DeleteBlocksCommandHandler (DeleteBlocksCommandHandler.java:handle(106)) - Start to delete container blocks, TXIDs=[1(2)], numOfContainers=1, numOfBlocks=1
2019-11-05 08:28:10,074 [Command processor thread] INFO  commandhandler.DeleteBlocksCommandHandler (DeleteBlocksCommandHandler.java:handle(106)) - Start to delete container blocks, TXIDs=[1(2)], numOfContainers=1, numOfBlocks=1
2019-11-05 08:28:10,114 [Thread-908] INFO  impl.FollowerState (FollowerState.java:run(108)) - 6ab6cfca-dbae-4fc7-a842-1fd8eedeb1ff@group-07DD719309DE-FollowerState: change to CANDIDATE, lastRpcTime:67ms, electionTimeout:67ms
2019-11-05 08:28:10,114 [Thread-908] INFO  impl.RoleInfo (RoleInfo.java:shutdownFollowerState(121)) - 6ab6cfca-dbae-4fc7-a842-1fd8eedeb1ff: shutdown FollowerState
2019-11-05 08:28:10,114 [Thread-908] INFO  impl.RaftServerImpl (RaftServerImpl.java:setRole(184)) - 6ab6cfca-dbae-4fc7-a842-1fd8eedeb1ff@group-07DD719309DE: changes role from  FOLLOWER to CANDIDATE at term 49 for changeToCandidate
2019-11-05 08:28:10,115 [Thread-908] INFO  impl.RoleInfo (RoleInfo.java:updateAndGet(143)) - 6ab6cfca-dbae-4fc7-a842-1fd8eedeb1ff: start LeaderElection
2019-11-05 08:28:10,128 [6ab6cfca-dbae-4fc7-a842-1fd8eedeb1ff@group-07DD719309DE-LeaderElection49] INFO  impl.LeaderElection (LeaderElection.java:askForVotes(178)) - 6ab6cfca-dbae-4fc7-a842-1fd8eedeb1ff@group-07DD719309DE-LeaderElection49: begin an election at term 50 for 1: [6ab6cfca-dbae-4fc7-a842-1fd8eedeb1ff:192.168.164.217:40408, e618d93a-19a9-4b89-96f3-44f318818422:192.168.164.217:37953, 90c9f5c6-6de3-44e3-8d50-8a1447632052:192.168.164.217:36159], old=null
2019-11-05 08:28:10,130 [grpc-default-executor-2] INFO  impl.RaftServerImpl (RaftServerImpl.java:setRole(184)) - e618d93a-19a9-4b89-96f3-44f318818422@group-07DD719309DE: changes role from  FOLLOWER to FOLLOWER at term 50 for recognizeCandidate:6ab6cfca-dbae-4fc7-a842-1fd8eedeb1ff
2019-11-05 08:28:10,130 [grpc-default-executor-8] INFO  impl.RaftServerImpl (RaftServerImpl.java:setRole(184)) - 90c9f5c6-6de3-44e3-8d50-8a1447632052@group-07DD719309DE: changes role from  FOLLOWER to FOLLOWER at term 50 for recognizeCandidate:6ab6cfca-dbae-4fc7-a842-1fd8eedeb1ff
2019-11-05 08:28:10,130 [grpc-default-executor-2] INFO  impl.RoleInfo (RoleInfo.java:shutdownFollowerState(121)) - e618d93a-19a9-4b89-96f3-44f318818422: shutdown FollowerState
2019-11-05 08:28:10,131 [grpc-default-executor-8] INFO  impl.RoleInfo (RoleInfo.java:shutdownFollowerState(121)) - 90c9f5c6-6de3-44e3-8d50-8a1447632052: shutdown FollowerState
2019-11-05 08:28:10,131 [Thread-906] INFO  impl.FollowerState (FollowerState.java:run(117)) - e618d93a-19a9-4b89-96f3-44f318818422@group-07DD719309DE-FollowerState was interrupted: java.lang.InterruptedException: sleep interrupted
2019-11-05 08:28:10,131 [grpc-default-executor-2] INFO  impl.RoleInfo (RoleInfo.java:updateAndGet(143)) - e618d93a-19a9-4b89-96f3-44f318818422: start FollowerState
2019-11-05 08:28:10,131 [Thread-907] INFO  impl.FollowerState (FollowerState.java:run(117)) - 90c9f5c6-6de3-44e3-8d50-8a1447632052@group-07DD719309DE-FollowerState was interrupted: java.lang.InterruptedException: sleep interrupted
2019-11-05 08:28:10,131 [grpc-default-executor-8] INFO  impl.RoleInfo (RoleInfo.java:updateAndGet(143)) - 90c9f5c6-6de3-44e3-8d50-8a1447632052: start FollowerState
2019-11-05 08:28:10,147 [6ab6cfca-dbae-4fc7-a842-1fd8eedeb1ff@group-07DD719309DE-LeaderElection49] INFO  impl.LeaderElection (LeaderElection.java:logAndReturn(56)) - 6ab6cfca-dbae-4fc7-a842-1fd8eedeb1ff@group-07DD719309DE-LeaderElection49: Election REJECTED; received 2 response(s) [6ab6cfca-dbae-4fc7-a842-1fd8eedeb1ff<-e618d93a-19a9-4b89-96f3-44f318818422#0:FAIL-t50, 6ab6cfca-dbae-4fc7-a842-1fd8eedeb1ff<-90c9f5c6-6de3-44e3-8d50-8a1447632052#0:FAIL-t50] and 0 exception(s); 6ab6cfca-dbae-4fc7-a842-1fd8eedeb1ff@group-07DD719309DE:t50, leader=null, voted=6ab6cfca-dbae-4fc7-a842-1fd8eedeb1ff, raftlog=6ab6cfca-dbae-4fc7-a842-1fd8eedeb1ff@group-07DD719309DE-SegmentedRaftLog:OPENED:c5,f6,i6, conf=1: [6ab6cfca-dbae-4fc7-a842-1fd8eedeb1ff:192.168.164.217:40408, e618d93a-19a9-4b89-96f3-44f318818422:192.168.164.217:37953, 90c9f5c6-6de3-44e3-8d50-8a1447632052:192.168.164.217:36159], old=null
2019-11-05 08:28:10,147 [6ab6cfca-dbae-4fc7-a842-1fd8eedeb1ff@group-07DD719309DE-LeaderElection49] INFO  impl.RaftServerImpl (RaftServerImpl.java:setRole(184)) - 6ab6cfca-dbae-4fc7-a842-1fd8eedeb1ff@group-07DD719309DE: changes role from CANDIDATE to FOLLOWER at term 50 for DISCOVERED_A_NEW_TERM
2019-11-05 08:28:10,147 [6ab6cfca-dbae-4fc7-a842-1fd8eedeb1ff@group-07DD719309DE-LeaderElection49] INFO  impl.RoleInfo (RoleInfo.java:shutdownLeaderElection(134)) - 6ab6cfca-dbae-4fc7-a842-1fd8eedeb1ff: shutdown LeaderElection
2019-11-05 08:28:10,147 [6ab6cfca-dbae-4fc7-a842-1fd8eedeb1ff@group-07DD719309DE-LeaderElection49] INFO  impl.RoleInfo (RoleInfo.java:updateAndGet(143)) - 6ab6cfca-dbae-4fc7-a842-1fd8eedeb1ff: start FollowerState
2019-11-05 08:28:10,194 [Thread-915] INFO  impl.FollowerState (FollowerState.java:run(108)) - 6ab6cfca-dbae-4fc7-a842-1fd8eedeb1ff@group-07DD719309DE-FollowerState: change to CANDIDATE, lastRpcTime:46ms, electionTimeout:46ms
2019-11-05 08:28:10,194 [Thread-915] INFO  impl.RoleInfo (RoleInfo.java:shutdownFollowerState(121)) - 6ab6cfca-dbae-4fc7-a842-1fd8eedeb1ff: shutdown FollowerState
2019-11-05 08:28:10,194 [Thread-915] INFO  impl.RaftServerImpl (RaftServerImpl.java:setRole(184)) - 6ab6cfca-dbae-4fc7-a842-1fd8eedeb1ff@group-07DD719309DE: changes role from  FOLLOWER to CANDIDATE at term 50 for changeToCandidate
2019-11-05 08:28:10,194 [Thread-915] INFO  impl.RoleInfo (RoleInfo.java:updateAndGet(143)) - 6ab6cfca-dbae-4fc7-a842-1fd8eedeb1ff: start LeaderElection
2019-11-05 08:28:10,208 [6ab6cfca-dbae-4fc7-a842-1fd8eedeb1ff@group-07DD719309DE-LeaderElection50] INFO  impl.LeaderElection (LeaderElection.java:askForVotes(178)) - 6ab6cfca-dbae-4fc7-a842-1fd8eedeb1ff@group-07DD719309DE-LeaderElection50: begin an election at term 51 for 1: [6ab6cfca-dbae-4fc7-a842-1fd8eedeb1ff:192.168.164.217:40408, e618d93a-19a9-4b89-96f3-44f318818422:192.168.164.217:37953, 90c9f5c6-6de3-44e3-8d50-8a1447632052:192.168.164.217:36159], old=null
2019-11-05 08:28:10,210 [grpc-default-executor-2] INFO  impl.RaftServerImpl (RaftServerImpl.java:setRole(184)) - e618d93a-19a9-4b89-96f3-44f318818422@group-07DD719309DE: changes role from  FOLLOWER to FOLLOWER at term 51 for recognizeCandidate:6ab6cfca-dbae-4fc7-a842-1fd8eedeb1ff
2019-11-05 08:28:10,210 [grpc-default-executor-2] INFO  impl.RoleInfo (RoleInfo.java:shutdownFollowerState(121)) - e618d93a-19a9-4b89-96f3-44f318818422: shutdown FollowerState
2019-11-05 08:28:10,210 [grpc-default-executor-2] INFO  impl.RoleInfo (RoleInfo.java:updateAndGet(143)) - e618d93a-19a9-4b89-96f3-44f318818422: start FollowerState
2019-11-05 08:28:10,211 [Thread-913] INFO  impl.FollowerState (FollowerState.java:run(117)) - e618d93a-19a9-4b89-96f3-44f318818422@group-07DD719309DE-FollowerState was interrupted: java.lang.InterruptedException: sleep interrupted
2019-11-05 08:28:10,211 [grpc-default-executor-8] INFO  impl.RaftServerImpl (RaftServerImpl.java:setRole(184)) - 90c9f5c6-6de3-44e3-8d50-8a1447632052@group-07DD719309DE: changes role from  FOLLOWER to FOLLOWER at term 51 for recognizeCandidate:6ab6cfca-dbae-4fc7-a842-1fd8eedeb1ff
2019-11-05 08:28:10,212 [grpc-default-executor-8] INFO  impl.RoleInfo (RoleInfo.java:shutdownFollowerState(121)) - 90c9f5c6-6de3-44e3-8d50-8a1447632052: shutdown FollowerState
2019-11-05 08:28:10,212 [grpc-default-executor-8] INFO  impl.RoleInfo (RoleInfo.java:updateAndGet(143)) - 90c9f5c6-6de3-44e3-8d50-8a1447632052: start FollowerState
2019-11-05 08:28:10,212 [Thread-914] INFO  impl.FollowerState (FollowerState.java:run(117)) - 90c9f5c6-6de3-44e3-8d50-8a1447632052@group-07DD719309DE-FollowerState was interrupted: java.lang.InterruptedException: sleep interrupted
2019-11-05 08:28:10,234 [6ab6cfca-dbae-4fc7-a842-1fd8eedeb1ff@group-07DD719309DE-LeaderElection50] INFO  impl.LeaderElection (LeaderElection.java:logAndReturn(56)) - 6ab6cfca-dbae-4fc7-a842-1fd8eedeb1ff@group-07DD719309DE-LeaderElection50: Election REJECTED; received 2 response(s) [6ab6cfca-dbae-4fc7-a842-1fd8eedeb1ff<-e618d93a-19a9-4b89-96f3-44f318818422#0:FAIL-t51, 6ab6cfca-dbae-4fc7-a842-1fd8eedeb1ff<-90c9f5c6-6de3-44e3-8d50-8a1447632052#0:FAIL-t51] and 0 exception(s); 6ab6cfca-dbae-4fc7-a842-1fd8eedeb1ff@group-07DD719309DE:t51, leader=null, voted=6ab6cfca-dbae-4fc7-a842-1fd8eedeb1ff, raftlog=6ab6cfca-dbae-4fc7-a842-1fd8eedeb1ff@group-07DD719309DE-SegmentedRaftLog:OPENED:c5,f6,i6, conf=1: [6ab6cfca-dbae-4fc7-a842-1fd8eedeb1ff:192.168.164.217:40408, e618d93a-19a9-4b89-96f3-44f318818422:192.168.164.217:37953, 90c9f5c6-6de3-44e3-8d50-8a1447632052:192.168.164.217:36159], old=null
2019-11-05 08:28:10,234 [6ab6cfca-dbae-4fc7-a842-1fd8eedeb1ff@group-07DD719309DE-LeaderElection50] INFO  impl.RaftServerImpl (RaftServerImpl.java:setRole(184)) - 6ab6cfca-dbae-4fc7-a842-1fd8eedeb1ff@group-07DD719309DE: changes role from CANDIDATE to FOLLOWER at term 51 for DISCOVERED_A_NEW_TERM
2019-11-05 08:28:10,234 [6ab6cfca-dbae-4fc7-a842-1fd8eedeb1ff@group-07DD719309DE-LeaderElection50] INFO  impl.RoleInfo (RoleInfo.java:shutdownLeaderElection(134)) - 6ab6cfca-dbae-4fc7-a842-1fd8eedeb1ff: shutdown LeaderElection
2019-11-05 08:28:10,235 [6ab6cfca-dbae-4fc7-a842-1fd8eedeb1ff@group-07DD719309DE-LeaderElection50] INFO  impl.RoleInfo (RoleInfo.java:updateAndGet(143)) - 6ab6cfca-dbae-4fc7-a842-1fd8eedeb1ff: start FollowerState
2019-11-05 08:28:10,266 [EventQueue-DeleteBlockStatusForDeletedBlockLogImpl] WARN  block.DeletedBlockLogImpl (DeletedBlockLogImpl.java:commitTransactions(205)) - Transaction txId=1 commit by dnId=6ab6cfca-dbae-4fc7-a842-1fd8eedeb1ff for containerID=#1 failed. Corresponding entry not found.
2019-11-05 08:28:10,266 [EventQueue-DeleteBlockStatusForDeletedBlockLogImpl] WARN  block.DeletedBlockLogImpl (DeletedBlockLogImpl.java:commitTransactions(205)) - Transaction txId=1 commit by dnId=6ab6cfca-dbae-4fc7-a842-1fd8eedeb1ff for containerID=#1 failed. Corresponding entry not found.
2019-11-05 08:28:10,266 [EventQueue-DeleteBlockStatusForDeletedBlockLogImpl] WARN  block.DeletedBlockLogImpl (DeletedBlockLogImpl.java:commitTransactions(205)) - Transaction txId=1 commit by dnId=6ab6cfca-dbae-4fc7-a842-1fd8eedeb1ff for containerID=#1 failed. Corresponding entry not found.
2019-11-05 08:28:10,266 [EventQueue-DeleteBlockStatusForDeletedBlockLogImpl] WARN  block.DeletedBlockLogImpl (DeletedBlockLogImpl.java:commitTransactions(205)) - Transaction txId=1 commit by dnId=6ab6cfca-dbae-4fc7-a842-1fd8eedeb1ff for containerID=#1 failed. Corresponding entry not found.
2019-11-05 08:28:10,266 [EventQueue-DeleteBlockStatusForDeletedBlockLogImpl] WARN  block.DeletedBlockLogImpl (DeletedBlockLogImpl.java:commitTransactions(205)) - Transaction txId=1 commit by dnId=6ab6cfca-dbae-4fc7-a842-1fd8eedeb1ff for containerID=#1 failed. Corresponding entry not found.
2019-11-05 08:28:10,266 [EventQueue-DeleteBlockStatusForDeletedBlockLogImpl] WARN  block.DeletedBlockLogImpl (DeletedBlockLogImpl.java:commitTransactions(205)) - Transaction txId=1 commit by dnId=6ab6cfca-dbae-4fc7-a842-1fd8eedeb1ff for containerID=#1 failed. Corresponding entry not found.
2019-11-05 08:28:10,266 [EventQueue-DeleteBlockStatusForDeletedBlockLogImpl] WARN  block.DeletedBlockLogImpl (DeletedBlockLogImpl.java:commitTransactions(205)) - Transaction txId=1 commit by dnId=6ab6cfca-dbae-4fc7-a842-1fd8eedeb1ff for containerID=#1 failed. Corresponding entry not found.
2019-11-05 08:28:10,324 [Thread-921] INFO  impl.FollowerState (FollowerState.java:run(108)) - 6ab6cfca-dbae-4fc7-a842-1fd8eedeb1ff@group-07DD719309DE-FollowerState: change to CANDIDATE, lastRpcTime:89ms, electionTimeout:89ms
2019-11-05 08:28:10,324 [Thread-921] INFO  impl.RoleInfo (RoleInfo.java:shutdownFollowerState(121)) - 6ab6cfca-dbae-4fc7-a842-1fd8eedeb1ff: shutdown FollowerState
2019-11-05 08:28:10,324 [Thread-921] INFO  impl.RaftServerImpl (RaftServerImpl.java:setRole(184)) - 6ab6cfca-dbae-4fc7-a842-1fd8eedeb1ff@group-07DD719309DE: changes role from  FOLLOWER to CANDIDATE at term 51 for changeToCandidate
2019-11-05 08:28:10,324 [Thread-921] INFO  impl.RoleInfo (RoleInfo.java:updateAndGet(143)) - 6ab6cfca-dbae-4fc7-a842-1fd8eedeb1ff: start LeaderElection
2019-11-05 08:28:10,337 [6ab6cfca-dbae-4fc7-a842-1fd8eedeb1ff@group-07DD719309DE-LeaderElection51] INFO  impl.LeaderElection (LeaderElection.java:askForVotes(178)) - 6ab6cfca-dbae-4fc7-a842-1fd8eedeb1ff@group-07DD719309DE-LeaderElection51: begin an election at term 52 for 1: [6ab6cfca-dbae-4fc7-a842-1fd8eedeb1ff:192.168.164.217:40408, e618d93a-19a9-4b89-96f3-44f318818422:192.168.164.217:37953, 90c9f5c6-6de3-44e3-8d50-8a1447632052:192.168.164.217:36159], old=null
2019-11-05 08:28:10,340 [grpc-default-executor-2] INFO  impl.RaftServerImpl (RaftServerImpl.java:setRole(184)) - 90c9f5c6-6de3-44e3-8d50-8a1447632052@group-07DD719309DE: changes role from  FOLLOWER to FOLLOWER at term 52 for recognizeCandidate:6ab6cfca-dbae-4fc7-a842-1fd8eedeb1ff
2019-11-05 08:28:10,340 [grpc-default-executor-8] INFO  impl.RaftServerImpl (RaftServerImpl.java:setRole(184)) - e618d93a-19a9-4b89-96f3-44f318818422@group-07DD719309DE: changes role from  FOLLOWER to FOLLOWER at term 52 for recognizeCandidate:6ab6cfca-dbae-4fc7-a842-1fd8eedeb1ff
2019-11-05 08:28:10,340 [grpc-default-executor-2] INFO  impl.RoleInfo (RoleInfo.java:shutdownFollowerState(121)) - 90c9f5c6-6de3-44e3-8d50-8a1447632052: shutdown FollowerState
2019-11-05 08:28:10,340 [grpc-default-executor-8] INFO  impl.RoleInfo (RoleInfo.java:shutdownFollowerState(121)) - e618d93a-19a9-4b89-96f3-44f318818422: shutdown FollowerState
2019-11-05 08:28:10,340 [Thread-920] INFO  impl.FollowerState (FollowerState.java:run(117)) - 90c9f5c6-6de3-44e3-8d50-8a1447632052@group-07DD719309DE-FollowerState was interrupted: java.lang.InterruptedException: sleep interrupted
2019-11-05 08:28:10,340 [grpc-default-executor-2] INFO  impl.RoleInfo (RoleInfo.java:updateAndGet(143)) - 90c9f5c6-6de3-44e3-8d50-8a1447632052: start FollowerState
2019-11-05 08:28:10,340 [grpc-default-executor-8] INFO  impl.RoleInfo (RoleInfo.java:updateAndGet(143)) - e618d93a-19a9-4b89-96f3-44f318818422: start FollowerState
2019-11-05 08:28:10,340 [Thread-919] INFO  impl.FollowerState (FollowerState.java:run(117)) - e618d93a-19a9-4b89-96f3-44f318818422@group-07DD719309DE-FollowerState was interrupted: java.lang.InterruptedException: sleep interrupted
2019-11-05 08:28:10,346 [6ab6cfca-dbae-4fc7-a842-1fd8eedeb1ff@group-07DD719309DE-LeaderElection51] INFO  impl.LeaderElection (LeaderElection.java:logAndReturn(56)) - 6ab6cfca-dbae-4fc7-a842-1fd8eedeb1ff@group-07DD719309DE-LeaderElection51: Election REJECTED; received 2 response(s) [6ab6cfca-dbae-4fc7-a842-1fd8eedeb1ff<-e618d93a-19a9-4b89-96f3-44f318818422#0:FAIL-t52, 6ab6cfca-dbae-4fc7-a842-1fd8eedeb1ff<-90c9f5c6-6de3-44e3-8d50-8a1447632052#0:FAIL-t52] and 0 exception(s); 6ab6cfca-dbae-4fc7-a842-1fd8eedeb1ff@group-07DD719309DE:t52, leader=null, voted=6ab6cfca-dbae-4fc7-a842-1fd8eedeb1ff, raftlog=6ab6cfca-dbae-4fc7-a842-1fd8eedeb1ff@group-07DD719309DE-SegmentedRaftLog:OPENED:c5,f6,i6, conf=1: [6ab6cfca-dbae-4fc7-a842-1fd8eedeb1ff:192.168.164.217:40408, e618d93a-19a9-4b89-96f3-44f318818422:192.168.164.217:37953, 90c9f5c6-6de3-44e3-8d50-8a1447632052:192.168.164.217:36159], old=null
2019-11-05 08:28:10,346 [6ab6cfca-dbae-4fc7-a842-1fd8eedeb1ff@group-07DD719309DE-LeaderElection51] INFO  impl.RaftServerImpl (RaftServerImpl.java:setRole(184)) - 6ab6cfca-dbae-4fc7-a842-1fd8eedeb1ff@group-07DD719309DE: changes role from CANDIDATE to FOLLOWER at term 52 for DISCOVERED_A_NEW_TERM
2019-11-05 08:28:10,346 [6ab6cfca-dbae-4fc7-a842-1fd8eedeb1ff@group-07DD719309DE-LeaderElection51] INFO  impl.RoleInfo (RoleInfo.java:shutdownLeaderElection(134)) - 6ab6cfca-dbae-4fc7-a842-1fd8eedeb1ff: shutdown LeaderElection
2019-11-05 08:28:10,346 [6ab6cfca-dbae-4fc7-a842-1fd8eedeb1ff@group-07DD719309DE-LeaderElection51] INFO  impl.RoleInfo (RoleInfo.java:updateAndGet(143)) - 6ab6cfca-dbae-4fc7-a842-1fd8eedeb1ff: start FollowerState
2019-11-05 08:28:10,402 [Thread-929] INFO  client.GrpcClientProtocolService (GrpcClientProtocolService.java:lambda$processClientRequest$0(278)) - Failed RaftClientRequest:client-C29D9280812C->90c9f5c6-6de3-44e3-8d50-8a1447632052@group-07DD719309DE, cid=10, seq=0, Watch-ALL_COMMITTED(8), Message:<EMPTY>, reply=RaftClientReply:client-C29D9280812C->90c9f5c6-6de3-44e3-8d50-8a1447632052@group-07DD719309DE, cid=10, FAILED org.apache.ratis.protocol.NotLeaderException: Server 90c9f5c6-6de3-44e3-8d50-8a1447632052@group-07DD719309DE is not the leader, logIndex=0, commits[90c9f5c6-6de3-44e3-8d50-8a1447632052:c12, 6ab6cfca-dbae-4fc7-a842-1fd8eedeb1ff:c6, e618d93a-19a9-4b89-96f3-44f318818422:c12]
2019-11-05 08:28:10,538 [Thread-927] INFO  impl.FollowerState (FollowerState.java:run(108)) - 6ab6cfca-dbae-4fc7-a842-1fd8eedeb1ff@group-07DD719309DE-FollowerState: change to CANDIDATE, lastRpcTime:191ms, electionTimeout:191ms
2019-11-05 08:28:10,538 [Thread-927] INFO  impl.RoleInfo (RoleInfo.java:shutdownFollowerState(121)) - 6ab6cfca-dbae-4fc7-a842-1fd8eedeb1ff: shutdown FollowerState
2019-11-05 08:28:10,538 [Thread-927] INFO  impl.RaftServerImpl (RaftServerImpl.java:setRole(184)) - 6ab6cfca-dbae-4fc7-a842-1fd8eedeb1ff@group-07DD719309DE: changes role from  FOLLOWER to CANDIDATE at term 52 for changeToCandidate
2019-11-05 08:28:10,538 [Thread-927] INFO  impl.RoleInfo (RoleInfo.java:updateAndGet(143)) - 6ab6cfca-dbae-4fc7-a842-1fd8eedeb1ff: start LeaderElection
2019-11-05 08:28:10,553 [6ab6cfca-dbae-4fc7-a842-1fd8eedeb1ff@group-07DD719309DE-LeaderElection52] INFO  impl.LeaderElection (LeaderElection.java:askForVotes(178)) - 6ab6cfca-dbae-4fc7-a842-1fd8eedeb1ff@group-07DD719309DE-LeaderElection52: begin an election at term 53 for 1: [6ab6cfca-dbae-4fc7-a842-1fd8eedeb1ff:192.168.164.217:40408, e618d93a-19a9-4b89-96f3-44f318818422:192.168.164.217:37953, 90c9f5c6-6de3-44e3-8d50-8a1447632052:192.168.164.217:36159], old=null
2019-11-05 08:28:10,556 [grpc-default-executor-8] INFO  impl.RaftServerImpl (RaftServerImpl.java:setRole(184)) - 90c9f5c6-6de3-44e3-8d50-8a1447632052@group-07DD719309DE: changes role from  FOLLOWER to FOLLOWER at term 53 for recognizeCandidate:6ab6cfca-dbae-4fc7-a842-1fd8eedeb1ff
2019-11-05 08:28:10,556 [grpc-default-executor-2] INFO  impl.RaftServerImpl (RaftServerImpl.java:setRole(184)) - e618d93a-19a9-4b89-96f3-44f318818422@group-07DD719309DE: changes role from  FOLLOWER to FOLLOWER at term 53 for recognizeCandidate:6ab6cfca-dbae-4fc7-a842-1fd8eedeb1ff
2019-11-05 08:28:10,556 [grpc-default-executor-8] INFO  impl.RoleInfo (RoleInfo.java:shutdownFollowerState(121)) - 90c9f5c6-6de3-44e3-8d50-8a1447632052: shutdown FollowerState
2019-11-05 08:28:10,557 [grpc-default-executor-2] INFO  impl.RoleInfo (RoleInfo.java:shutdownFollowerState(121)) - e618d93a-19a9-4b89-96f3-44f318818422: shutdown FollowerState
2019-11-05 08:28:10,557 [grpc-default-executor-8] INFO  impl.RoleInfo (RoleInfo.java:updateAndGet(143)) - 90c9f5c6-6de3-44e3-8d50-8a1447632052: start FollowerState
2019-11-05 08:28:10,557 [Thread-926] INFO  impl.FollowerState (FollowerState.java:run(117)) - e618d93a-19a9-4b89-96f3-44f318818422@group-07DD719309DE-FollowerState was interrupted: java.lang.InterruptedException: sleep interrupted
2019-11-05 08:28:10,557 [grpc-default-executor-2] INFO  impl.RoleInfo (RoleInfo.java:updateAndGet(143)) - e618d93a-19a9-4b89-96f3-44f318818422: start FollowerState
2019-11-05 08:28:10,557 [Thread-925] INFO  impl.FollowerState (FollowerState.java:run(117)) - 90c9f5c6-6de3-44e3-8d50-8a1447632052@group-07DD719309DE-FollowerState was interrupted: java.lang.InterruptedException: sleep interrupted
2019-11-05 08:28:10,572 [6ab6cfca-dbae-4fc7-a842-1fd8eedeb1ff@group-07DD719309DE-LeaderElection52] INFO  impl.LeaderElection (LeaderElection.java:logAndReturn(56)) - 6ab6cfca-dbae-4fc7-a842-1fd8eedeb1ff@group-07DD719309DE-LeaderElection52: Election REJECTED; received 2 response(s) [6ab6cfca-dbae-4fc7-a842-1fd8eedeb1ff<-e618d93a-19a9-4b89-96f3-44f318818422#0:FAIL-t53, 6ab6cfca-dbae-4fc7-a842-1fd8eedeb1ff<-90c9f5c6-6de3-44e3-8d50-8a1447632052#0:FAIL-t53] and 0 exception(s); 6ab6cfca-dbae-4fc7-a842-1fd8eedeb1ff@group-07DD719309DE:t53, leader=null, voted=6ab6cfca-dbae-4fc7-a842-1fd8eedeb1ff, raftlog=6ab6cfca-dbae-4fc7-a842-1fd8eedeb1ff@group-07DD719309DE-SegmentedRaftLog:OPENED:c5,f6,i6, conf=1: [6ab6cfca-dbae-4fc7-a842-1fd8eedeb1ff:192.168.164.217:40408, e618d93a-19a9-4b89-96f3-44f318818422:192.168.164.217:37953, 90c9f5c6-6de3-44e3-8d50-8a1447632052:192.168.164.217:36159], old=null
2019-11-05 08:28:10,572 [6ab6cfca-dbae-4fc7-a842-1fd8eedeb1ff@group-07DD719309DE-LeaderElection52] INFO  impl.RaftServerImpl (RaftServerImpl.java:setRole(184)) - 6ab6cfca-dbae-4fc7-a842-1fd8eedeb1ff@group-07DD719309DE: changes role from CANDIDATE to FOLLOWER at term 53 for DISCOVERED_A_NEW_TERM
2019-11-05 08:28:10,572 [6ab6cfca-dbae-4fc7-a842-1fd8eedeb1ff@group-07DD719309DE-LeaderElection52] INFO  impl.RoleInfo (RoleInfo.java:shutdownLeaderElection(134)) - 6ab6cfca-dbae-4fc7-a842-1fd8eedeb1ff: shutdown LeaderElection
2019-11-05 08:28:10,572 [6ab6cfca-dbae-4fc7-a842-1fd8eedeb1ff@group-07DD719309DE-LeaderElection52] INFO  impl.RoleInfo (RoleInfo.java:updateAndGet(143)) - 6ab6cfca-dbae-4fc7-a842-1fd8eedeb1ff: start FollowerState
2019-11-05 08:28:10,620 [Thread-936] INFO  impl.FollowerState (FollowerState.java:run(108)) - 6ab6cfca-dbae-4fc7-a842-1fd8eedeb1ff@group-07DD719309DE-FollowerState: change to CANDIDATE, lastRpcTime:47ms, electionTimeout:47ms
2019-11-05 08:28:10,620 [Thread-936] INFO  impl.RoleInfo (RoleInfo.java:shutdownFollowerState(121)) - 6ab6cfca-dbae-4fc7-a842-1fd8eedeb1ff: shutdown FollowerState
2019-11-05 08:28:10,620 [Thread-936] INFO  impl.RaftServerImpl (RaftServerImpl.java:setRole(184)) - 6ab6cfca-dbae-4fc7-a842-1fd8eedeb1ff@group-07DD719309DE: changes role from  FOLLOWER to CANDIDATE at term 53 for changeToCandidate
2019-11-05 08:28:10,621 [Thread-936] INFO  impl.RoleInfo (RoleInfo.java:updateAndGet(143)) - 6ab6cfca-dbae-4fc7-a842-1fd8eedeb1ff: start LeaderElection
2019-11-05 08:28:10,634 [6ab6cfca-dbae-4fc7-a842-1fd8eedeb1ff@group-07DD719309DE-LeaderElection53] INFO  impl.LeaderElection (LeaderElection.java:askForVotes(178)) - 6ab6cfca-dbae-4fc7-a842-1fd8eedeb1ff@group-07DD719309DE-LeaderElection53: begin an election at term 54 for 1: [6ab6cfca-dbae-4fc7-a842-1fd8eedeb1ff:192.168.164.217:40408, e618d93a-19a9-4b89-96f3-44f318818422:192.168.164.217:37953, 90c9f5c6-6de3-44e3-8d50-8a1447632052:192.168.164.217:36159], old=null
2019-11-05 08:28:10,637 [grpc-default-executor-8] INFO  impl.RaftServerImpl (RaftServerImpl.java:setRole(184)) - e618d93a-19a9-4b89-96f3-44f318818422@group-07DD719309DE: changes role from  FOLLOWER to FOLLOWER at term 54 for recognizeCandidate:6ab6cfca-dbae-4fc7-a842-1fd8eedeb1ff
2019-11-05 08:28:10,637 [grpc-default-executor-2] INFO  impl.RaftServerImpl (RaftServerImpl.java:setRole(184)) - 90c9f5c6-6de3-44e3-8d50-8a1447632052@group-07DD719309DE: changes role from  FOLLOWER to FOLLOWER at term 54 for recognizeCandidate:6ab6cfca-dbae-4fc7-a842-1fd8eedeb1ff
2019-11-05 08:28:10,637 [grpc-default-executor-8] INFO  impl.RoleInfo (RoleInfo.java:shutdownFollowerState(121)) - e618d93a-19a9-4b89-96f3-44f318818422: shutdown FollowerState
2019-11-05 08:28:10,637 [grpc-default-executor-2] INFO  impl.RoleInfo (RoleInfo.java:shutdownFollowerState(121)) - 90c9f5c6-6de3-44e3-8d50-8a1447632052: shutdown FollowerState
2019-11-05 08:28:10,637 [Thread-935] INFO  impl.FollowerState (FollowerState.java:run(117)) - e618d93a-19a9-4b89-96f3-44f318818422@group-07DD719309DE-FollowerState was interrupted: java.lang.InterruptedException: sleep interrupted
2019-11-05 08:28:10,637 [grpc-default-executor-8] INFO  impl.RoleInfo (RoleInfo.java:updateAndGet(143)) - e618d93a-19a9-4b89-96f3-44f318818422: start FollowerState
2019-11-05 08:28:10,638 [Thread-934] INFO  impl.FollowerState (FollowerState.java:run(117)) - 90c9f5c6-6de3-44e3-8d50-8a1447632052@group-07DD719309DE-FollowerState was interrupted: java.lang.InterruptedException: sleep interrupted
2019-11-05 08:28:10,638 [grpc-default-executor-2] INFO  impl.RoleInfo (RoleInfo.java:updateAndGet(143)) - 90c9f5c6-6de3-44e3-8d50-8a1447632052: start FollowerState
2019-11-05 08:28:10,653 [6ab6cfca-dbae-4fc7-a842-1fd8eedeb1ff@group-07DD719309DE-LeaderElection53] INFO  impl.LeaderElection (LeaderElection.java:logAndReturn(56)) - 6ab6cfca-dbae-4fc7-a842-1fd8eedeb1ff@group-07DD719309DE-LeaderElection53: Election REJECTED; received 2 response(s) [6ab6cfca-dbae-4fc7-a842-1fd8eedeb1ff<-e618d93a-19a9-4b89-96f3-44f318818422#0:FAIL-t54, 6ab6cfca-dbae-4fc7-a842-1fd8eedeb1ff<-90c9f5c6-6de3-44e3-8d50-8a1447632052#0:FAIL-t54] and 0 exception(s); 6ab6cfca-dbae-4fc7-a842-1fd8eedeb1ff@group-07DD719309DE:t54, leader=null, voted=6ab6cfca-dbae-4fc7-a842-1fd8eedeb1ff, raftlog=6ab6cfca-dbae-4fc7-a842-1fd8eedeb1ff@group-07DD719309DE-SegmentedRaftLog:OPENED:c5,f6,i6, conf=1: [6ab6cfca-dbae-4fc7-a842-1fd8eedeb1ff:192.168.164.217:40408, e618d93a-19a9-4b89-96f3-44f318818422:192.168.164.217:37953, 90c9f5c6-6de3-44e3-8d50-8a1447632052:192.168.164.217:36159], old=null
2019-11-05 08:28:10,653 [6ab6cfca-dbae-4fc7-a842-1fd8eedeb1ff@group-07DD719309DE-LeaderElection53] INFO  impl.RaftServerImpl (RaftServerImpl.java:setRole(184)) - 6ab6cfca-dbae-4fc7-a842-1fd8eedeb1ff@group-07DD719309DE: changes role from CANDIDATE to FOLLOWER at term 54 for DISCOVERED_A_NEW_TERM
2019-11-05 08:28:10,653 [6ab6cfca-dbae-4fc7-a842-1fd8eedeb1ff@group-07DD719309DE-LeaderElection53] INFO  impl.RoleInfo (RoleInfo.java:shutdownLeaderElection(134)) - 6ab6cfca-dbae-4fc7-a842-1fd8eedeb1ff: shutdown LeaderElection
2019-11-05 08:28:10,653 [6ab6cfca-dbae-4fc7-a842-1fd8eedeb1ff@group-07DD719309DE-LeaderElection53] INFO  impl.RoleInfo (RoleInfo.java:updateAndGet(143)) - 6ab6cfca-dbae-4fc7-a842-1fd8eedeb1ff: start FollowerState
2019-11-05 08:28:10,796 [Thread-942] INFO  impl.FollowerState (FollowerState.java:run(108)) - 6ab6cfca-dbae-4fc7-a842-1fd8eedeb1ff@group-07DD719309DE-FollowerState: change to CANDIDATE, lastRpcTime:142ms, electionTimeout:142ms
2019-11-05 08:28:10,796 [Thread-942] INFO  impl.RoleInfo (RoleInfo.java:shutdownFollowerState(121)) - 6ab6cfca-dbae-4fc7-a842-1fd8eedeb1ff: shutdown FollowerState
2019-11-05 08:28:10,797 [Thread-942] INFO  impl.RaftServerImpl (RaftServerImpl.java:setRole(184)) - 6ab6cfca-dbae-4fc7-a842-1fd8eedeb1ff@group-07DD719309DE: changes role from  FOLLOWER to CANDIDATE at term 54 for changeToCandidate
2019-11-05 08:28:10,797 [Thread-942] INFO  impl.RoleInfo (RoleInfo.java:updateAndGet(143)) - 6ab6cfca-dbae-4fc7-a842-1fd8eedeb1ff: start LeaderElection
2019-11-05 08:28:10,812 [6ab6cfca-dbae-4fc7-a842-1fd8eedeb1ff@group-07DD719309DE-LeaderElection54] INFO  impl.LeaderElection (LeaderElection.java:askForVotes(178)) - 6ab6cfca-dbae-4fc7-a842-1fd8eedeb1ff@group-07DD719309DE-LeaderElection54: begin an election at term 55 for 1: [6ab6cfca-dbae-4fc7-a842-1fd8eedeb1ff:192.168.164.217:40408, e618d93a-19a9-4b89-96f3-44f318818422:192.168.164.217:37953, 90c9f5c6-6de3-44e3-8d50-8a1447632052:192.168.164.217:36159], old=null
2019-11-05 08:28:10,818 [grpc-default-executor-8] INFO  impl.RaftServerImpl (RaftServerImpl.java:setRole(184)) - e618d93a-19a9-4b89-96f3-44f318818422@group-07DD719309DE: changes role from  FOLLOWER to FOLLOWER at term 55 for recognizeCandidate:6ab6cfca-dbae-4fc7-a842-1fd8eedeb1ff
2019-11-05 08:28:10,818 [grpc-default-executor-2] INFO  impl.RaftServerImpl (RaftServerImpl.java:setRole(184)) - 90c9f5c6-6de3-44e3-8d50-8a1447632052@group-07DD719309DE: changes role from  FOLLOWER to FOLLOWER at term 55 for recognizeCandidate:6ab6cfca-dbae-4fc7-a842-1fd8eedeb1ff
2019-11-05 08:28:10,818 [grpc-default-executor-8] INFO  impl.RoleInfo (RoleInfo.java:shutdownFollowerState(121)) - e618d93a-19a9-4b89-96f3-44f318818422: shutdown FollowerState
2019-11-05 08:28:10,818 [grpc-default-executor-2] INFO  impl.RoleInfo (RoleInfo.java:shutdownFollowerState(121)) - 90c9f5c6-6de3-44e3-8d50-8a1447632052: shutdown FollowerState
2019-11-05 08:28:10,819 [grpc-default-executor-8] INFO  impl.RoleInfo (RoleInfo.java:updateAndGet(143)) - e618d93a-19a9-4b89-96f3-44f318818422: start FollowerState
2019-11-05 08:28:10,819 [grpc-default-executor-2] INFO  impl.RoleInfo (RoleInfo.java:updateAndGet(143)) - 90c9f5c6-6de3-44e3-8d50-8a1447632052: start FollowerState
2019-11-05 08:28:10,819 [Thread-941] INFO  impl.FollowerState (FollowerState.java:run(117)) - 90c9f5c6-6de3-44e3-8d50-8a1447632052@group-07DD719309DE-FollowerState was interrupted: java.lang.InterruptedException: sleep interrupted
2019-11-05 08:28:10,819 [Thread-940] INFO  impl.FollowerState (FollowerState.java:run(117)) - e618d93a-19a9-4b89-96f3-44f318818422@group-07DD719309DE-FollowerState was interrupted: java.lang.InterruptedException: sleep interrupted
2019-11-05 08:28:10,835 [6ab6cfca-dbae-4fc7-a842-1fd8eedeb1ff@group-07DD719309DE-LeaderElection54] INFO  impl.LeaderElection (LeaderElection.java:logAndReturn(56)) - 6ab6cfca-dbae-4fc7-a842-1fd8eedeb1ff@group-07DD719309DE-LeaderElection54: Election REJECTED; received 2 response(s) [6ab6cfca-dbae-4fc7-a842-1fd8eedeb1ff<-e618d93a-19a9-4b89-96f3-44f318818422#0:FAIL-t55, 6ab6cfca-dbae-4fc7-a842-1fd8eedeb1ff<-90c9f5c6-6de3-44e3-8d50-8a1447632052#0:FAIL-t55] and 0 exception(s); 6ab6cfca-dbae-4fc7-a842-1fd8eedeb1ff@group-07DD719309DE:t55, leader=null, voted=6ab6cfca-dbae-4fc7-a842-1fd8eedeb1ff, raftlog=6ab6cfca-dbae-4fc7-a842-1fd8eedeb1ff@group-07DD719309DE-SegmentedRaftLog:OPENED:c5,f6,i6, conf=1: [6ab6cfca-dbae-4fc7-a842-1fd8eedeb1ff:192.168.164.217:40408, e618d93a-19a9-4b89-96f3-44f318818422:192.168.164.217:37953, 90c9f5c6-6de3-44e3-8d50-8a1447632052:192.168.164.217:36159], old=null
2019-11-05 08:28:10,835 [6ab6cfca-dbae-4fc7-a842-1fd8eedeb1ff@group-07DD719309DE-LeaderElection54] INFO  impl.RaftServerImpl (RaftServerImpl.java:setRole(184)) - 6ab6cfca-dbae-4fc7-a842-1fd8eedeb1ff@group-07DD719309DE: changes role from CANDIDATE to FOLLOWER at term 55 for DISCOVERED_A_NEW_TERM
2019-11-05 08:28:10,835 [6ab6cfca-dbae-4fc7-a842-1fd8eedeb1ff@group-07DD719309DE-LeaderElection54] INFO  impl.RoleInfo (RoleInfo.java:shutdownLeaderElection(134)) - 6ab6cfca-dbae-4fc7-a842-1fd8eedeb1ff: shutdown LeaderElection
2019-11-05 08:28:10,835 [6ab6cfca-dbae-4fc7-a842-1fd8eedeb1ff@group-07DD719309DE-LeaderElection54] INFO  impl.RoleInfo (RoleInfo.java:updateAndGet(143)) - 6ab6cfca-dbae-4fc7-a842-1fd8eedeb1ff: start FollowerState
2019-11-05 08:28:10,934 [Thread-948] INFO  impl.FollowerState (FollowerState.java:run(108)) - 6ab6cfca-dbae-4fc7-a842-1fd8eedeb1ff@group-07DD719309DE-FollowerState: change to CANDIDATE, lastRpcTime:98ms, electionTimeout:98ms
2019-11-05 08:28:10,934 [Thread-948] INFO  impl.RoleInfo (RoleInfo.java:shutdownFollowerState(121)) - 6ab6cfca-dbae-4fc7-a842-1fd8eedeb1ff: shutdown FollowerState
2019-11-05 08:28:10,934 [Thread-948] INFO  impl.RaftServerImpl (RaftServerImpl.java:setRole(184)) - 6ab6cfca-dbae-4fc7-a842-1fd8eedeb1ff@group-07DD719309DE: changes role from  FOLLOWER to CANDIDATE at term 55 for changeToCandidate
2019-11-05 08:28:10,935 [Thread-948] INFO  impl.RoleInfo (RoleInfo.java:updateAndGet(143)) - 6ab6cfca-dbae-4fc7-a842-1fd8eedeb1ff: start LeaderElection
2019-11-05 08:28:10,948 [6ab6cfca-dbae-4fc7-a842-1fd8eedeb1ff@group-07DD719309DE-LeaderElection55] INFO  impl.LeaderElection (LeaderElection.java:askForVotes(178)) - 6ab6cfca-dbae-4fc7-a842-1fd8eedeb1ff@group-07DD719309DE-LeaderElection55: begin an election at term 56 for 1: [6ab6cfca-dbae-4fc7-a842-1fd8eedeb1ff:192.168.164.217:40408, e618d93a-19a9-4b89-96f3-44f318818422:192.168.164.217:37953, 90c9f5c6-6de3-44e3-8d50-8a1447632052:192.168.164.217:36159], old=null
2019-11-05 08:28:10,951 [grpc-default-executor-8] INFO  impl.RaftServerImpl (RaftServerImpl.java:setRole(184)) - e618d93a-19a9-4b89-96f3-44f318818422@group-07DD719309DE: changes role from  FOLLOWER to FOLLOWER at term 56 for recognizeCandidate:6ab6cfca-dbae-4fc7-a842-1fd8eedeb1ff
2019-11-05 08:28:10,951 [grpc-default-executor-2] INFO  impl.RaftServerImpl (RaftServerImpl.java:setRole(184)) - 90c9f5c6-6de3-44e3-8d50-8a1447632052@group-07DD719309DE: changes role from  FOLLOWER to FOLLOWER at term 56 for recognizeCandidate:6ab6cfca-dbae-4fc7-a842-1fd8eedeb1ff
2019-11-05 08:28:10,951 [grpc-default-executor-8] INFO  impl.RoleInfo (RoleInfo.java:shutdownFollowerState(121)) - e618d93a-19a9-4b89-96f3-44f318818422: shutdown FollowerState
2019-11-05 08:28:10,951 [grpc-default-executor-2] INFO  impl.RoleInfo (RoleInfo.java:shutdownFollowerState(121)) - 90c9f5c6-6de3-44e3-8d50-8a1447632052: shutdown FollowerState
2019-11-05 08:28:10,952 [Thread-946] INFO  impl.FollowerState (FollowerState.java:run(117)) - e618d93a-19a9-4b89-96f3-44f318818422@group-07DD719309DE-FollowerState was interrupted: java.lang.InterruptedException: sleep interrupted
2019-11-05 08:28:10,952 [grpc-default-executor-8] INFO  impl.RoleInfo (RoleInfo.java:updateAndGet(143)) - e618d93a-19a9-4b89-96f3-44f318818422: start FollowerState
2019-11-05 08:28:10,952 [grpc-default-executor-2] INFO  impl.RoleInfo (RoleInfo.java:updateAndGet(143)) - 90c9f5c6-6de3-44e3-8d50-8a1447632052: start FollowerState
2019-11-05 08:28:10,952 [Thread-947] INFO  impl.FollowerState (FollowerState.java:run(117)) - 90c9f5c6-6de3-44e3-8d50-8a1447632052@group-07DD719309DE-FollowerState was interrupted: java.lang.InterruptedException: sleep interrupted
2019-11-05 08:28:10,967 [6ab6cfca-dbae-4fc7-a842-1fd8eedeb1ff@group-07DD719309DE-LeaderElection55] INFO  impl.LeaderElection (LeaderElection.java:logAndReturn(56)) - 6ab6cfca-dbae-4fc7-a842-1fd8eedeb1ff@group-07DD719309DE-LeaderElection55: Election REJECTED; received 2 response(s) [6ab6cfca-dbae-4fc7-a842-1fd8eedeb1ff<-e618d93a-19a9-4b89-96f3-44f318818422#0:FAIL-t56, 6ab6cfca-dbae-4fc7-a842-1fd8eedeb1ff<-90c9f5c6-6de3-44e3-8d50-8a1447632052#0:FAIL-t56] and 0 exception(s); 6ab6cfca-dbae-4fc7-a842-1fd8eedeb1ff@group-07DD719309DE:t56, leader=null, voted=6ab6cfca-dbae-4fc7-a842-1fd8eedeb1ff, raftlog=6ab6cfca-dbae-4fc7-a842-1fd8eedeb1ff@group-07DD719309DE-SegmentedRaftLog:OPENED:c5,f6,i6, conf=1: [6ab6cfca-dbae-4fc7-a842-1fd8eedeb1ff:192.168.164.217:40408, e618d93a-19a9-4b89-96f3-44f318818422:192.168.164.217:37953, 90c9f5c6-6de3-44e3-8d50-8a1447632052:192.168.164.217:36159], old=null
2019-11-05 08:28:10,967 [6ab6cfca-dbae-4fc7-a842-1fd8eedeb1ff@group-07DD719309DE-LeaderElection55] INFO  impl.RaftServerImpl (RaftServerImpl.java:setRole(184)) - 6ab6cfca-dbae-4fc7-a842-1fd8eedeb1ff@group-07DD719309DE: changes role from CANDIDATE to FOLLOWER at term 56 for DISCOVERED_A_NEW_TERM
2019-11-05 08:28:10,968 [6ab6cfca-dbae-4fc7-a842-1fd8eedeb1ff@group-07DD719309DE-LeaderElection55] INFO  impl.RoleInfo (RoleInfo.java:shutdownLeaderElection(134)) - 6ab6cfca-dbae-4fc7-a842-1fd8eedeb1ff: shutdown LeaderElection
2019-11-05 08:28:10,968 [6ab6cfca-dbae-4fc7-a842-1fd8eedeb1ff@group-07DD719309DE-LeaderElection55] INFO  impl.RoleInfo (RoleInfo.java:updateAndGet(143)) - 6ab6cfca-dbae-4fc7-a842-1fd8eedeb1ff: start FollowerState
2019-11-05 08:28:11,001 [BlockDeletingService#6] WARN  background.BlockDeletingService (BlockDeletingService.java:isDeletionAllowed(187)) - Close Container log Index 8 is not replicated across allthe servers in the pipeline 91d82eec-d61e-45ed-83e6-07dd719309de as the min replicated index is 6. Deletion is not allowed in this container yet.
2019-11-05 08:28:11,001 [BlockDeletingService#2] WARN  background.BlockDeletingService (BlockDeletingService.java:isDeletionAllowed(187)) - Close Container log Index 8 is not replicated across allthe servers in the pipeline 91d82eec-d61e-45ed-83e6-07dd719309de as the min replicated index is 6. Deletion is not allowed in this container yet.
2019-11-05 08:28:11,073 [Thread-954] INFO  impl.FollowerState (FollowerState.java:run(108)) - 6ab6cfca-dbae-4fc7-a842-1fd8eedeb1ff@group-07DD719309DE-FollowerState: change to CANDIDATE, lastRpcTime:105ms, electionTimeout:105ms
2019-11-05 08:28:11,073 [Thread-954] INFO  impl.RoleInfo (RoleInfo.java:shutdownFollowerState(121)) - 6ab6cfca-dbae-4fc7-a842-1fd8eedeb1ff: shutdown FollowerState
2019-11-05 08:28:11,073 [Thread-954] INFO  impl.RaftServerImpl (RaftServerImpl.java:setRole(184)) - 6ab6cfca-dbae-4fc7-a842-1fd8eedeb1ff@group-07DD719309DE: changes role from  FOLLOWER to CANDIDATE at term 56 for changeToCandidate
2019-11-05 08:28:11,074 [Thread-954] INFO  impl.RoleInfo (RoleInfo.java:updateAndGet(143)) - 6ab6cfca-dbae-4fc7-a842-1fd8eedeb1ff: start LeaderElection
2019-11-05 08:28:11,088 [6ab6cfca-dbae-4fc7-a842-1fd8eedeb1ff@group-07DD719309DE-LeaderElection56] INFO  impl.LeaderElection (LeaderElection.java:askForVotes(178)) - 6ab6cfca-dbae-4fc7-a842-1fd8eedeb1ff@group-07DD719309DE-LeaderElection56: begin an election at term 57 for 1: [6ab6cfca-dbae-4fc7-a842-1fd8eedeb1ff:192.168.164.217:40408, e618d93a-19a9-4b89-96f3-44f318818422:192.168.164.217:37953, 90c9f5c6-6de3-44e3-8d50-8a1447632052:192.168.164.217:36159], old=null
2019-11-05 08:28:11,090 [grpc-default-executor-2] INFO  impl.RaftServerImpl (RaftServerImpl.java:setRole(184)) - e618d93a-19a9-4b89-96f3-44f318818422@group-07DD719309DE: changes role from  FOLLOWER to FOLLOWER at term 57 for recognizeCandidate:6ab6cfca-dbae-4fc7-a842-1fd8eedeb1ff
2019-11-05 08:28:11,090 [grpc-default-executor-8] INFO  impl.RaftServerImpl (RaftServerImpl.java:setRole(184)) - 90c9f5c6-6de3-44e3-8d50-8a1447632052@group-07DD719309DE: changes role from  FOLLOWER to FOLLOWER at term 57 for recognizeCandidate:6ab6cfca-dbae-4fc7-a842-1fd8eedeb1ff
2019-11-05 08:28:11,090 [grpc-default-executor-2] INFO  impl.RoleInfo (RoleInfo.java:shutdownFollowerState(121)) - e618d93a-19a9-4b89-96f3-44f318818422: shutdown FollowerState
2019-11-05 08:28:11,090 [grpc-default-executor-8] INFO  impl.RoleInfo (RoleInfo.java:shutdownFollowerState(121)) - 90c9f5c6-6de3-44e3-8d50-8a1447632052: shutdown FollowerState
2019-11-05 08:28:11,091 [Thread-952] INFO  impl.FollowerState (FollowerState.java:run(117)) - e618d93a-19a9-4b89-96f3-44f318818422@group-07DD719309DE-FollowerState was interrupted: java.lang.InterruptedException: sleep interrupted
2019-11-05 08:28:11,091 [grpc-default-executor-2] INFO  impl.RoleInfo (RoleInfo.java:updateAndGet(143)) - e618d93a-19a9-4b89-96f3-44f318818422: start FollowerState
2019-11-05 08:28:11,091 [Thread-953] INFO  impl.FollowerState (FollowerState.java:run(117)) - 90c9f5c6-6de3-44e3-8d50-8a1447632052@group-07DD719309DE-FollowerState was interrupted: java.lang.InterruptedException: sleep interrupted
2019-11-05 08:28:11,091 [grpc-default-executor-8] INFO  impl.RoleInfo (RoleInfo.java:updateAndGet(143)) - 90c9f5c6-6de3-44e3-8d50-8a1447632052: start FollowerState
2019-11-05 08:28:11,107 [6ab6cfca-dbae-4fc7-a842-1fd8eedeb1ff@group-07DD719309DE-LeaderElection56] INFO  impl.LeaderElection (LeaderElection.java:logAndReturn(56)) - 6ab6cfca-dbae-4fc7-a842-1fd8eedeb1ff@group-07DD719309DE-LeaderElection56: Election REJECTED; received 2 response(s) [6ab6cfca-dbae-4fc7-a842-1fd8eedeb1ff<-e618d93a-19a9-4b89-96f3-44f318818422#0:FAIL-t57, 6ab6cfca-dbae-4fc7-a842-1fd8eedeb1ff<-90c9f5c6-6de3-44e3-8d50-8a1447632052#0:FAIL-t57] and 0 exception(s); 6ab6cfca-dbae-4fc7-a842-1fd8eedeb1ff@group-07DD719309DE:t57, leader=null, voted=6ab6cfca-dbae-4fc7-a842-1fd8eedeb1ff, raftlog=6ab6cfca-dbae-4fc7-a842-1fd8eedeb1ff@group-07DD719309DE-SegmentedRaftLog:OPENED:c5,f6,i6, conf=1: [6ab6cfca-dbae-4fc7-a842-1fd8eedeb1ff:192.168.164.217:40408, e618d93a-19a9-4b89-96f3-44f318818422:192.168.164.217:37953, 90c9f5c6-6de3-44e3-8d50-8a1447632052:192.168.164.217:36159], old=null
2019-11-05 08:28:11,107 [6ab6cfca-dbae-4fc7-a842-1fd8eedeb1ff@group-07DD719309DE-LeaderElection56] INFO  impl.RaftServerImpl (RaftServerImpl.java:setRole(184)) - 6ab6cfca-dbae-4fc7-a842-1fd8eedeb1ff@group-07DD719309DE: changes role from CANDIDATE to FOLLOWER at term 57 for DISCOVERED_A_NEW_TERM
2019-11-05 08:28:11,107 [6ab6cfca-dbae-4fc7-a842-1fd8eedeb1ff@group-07DD719309DE-LeaderElection56] INFO  impl.RoleInfo (RoleInfo.java:shutdownLeaderElection(134)) - 6ab6cfca-dbae-4fc7-a842-1fd8eedeb1ff: shutdown LeaderElection
2019-11-05 08:28:11,107 [6ab6cfca-dbae-4fc7-a842-1fd8eedeb1ff@group-07DD719309DE-LeaderElection56] INFO  impl.RoleInfo (RoleInfo.java:updateAndGet(143)) - 6ab6cfca-dbae-4fc7-a842-1fd8eedeb1ff: start FollowerState
2019-11-05 08:28:11,208 [Thread-963] INFO  impl.FollowerState (FollowerState.java:run(108)) - 6ab6cfca-dbae-4fc7-a842-1fd8eedeb1ff@group-07DD719309DE-FollowerState: change to CANDIDATE, lastRpcTime:100ms, electionTimeout:100ms
2019-11-05 08:28:11,208 [Thread-963] INFO  impl.RoleInfo (RoleInfo.java:shutdownFollowerState(121)) - 6ab6cfca-dbae-4fc7-a842-1fd8eedeb1ff: shutdown FollowerState
2019-11-05 08:28:11,208 [Thread-963] INFO  impl.RaftServerImpl (RaftServerImpl.java:setRole(184)) - 6ab6cfca-dbae-4fc7-a842-1fd8eedeb1ff@group-07DD719309DE: changes role from  FOLLOWER to CANDIDATE at term 57 for changeToCandidate
2019-11-05 08:28:11,208 [Thread-963] INFO  impl.RoleInfo (RoleInfo.java:updateAndGet(143)) - 6ab6cfca-dbae-4fc7-a842-1fd8eedeb1ff: start LeaderElection
2019-11-05 08:28:11,222 [6ab6cfca-dbae-4fc7-a842-1fd8eedeb1ff@group-07DD719309DE-LeaderElection57] INFO  impl.LeaderElection (LeaderElection.java:askForVotes(178)) - 6ab6cfca-dbae-4fc7-a842-1fd8eedeb1ff@group-07DD719309DE-LeaderElection57: begin an election at term 58 for 1: [6ab6cfca-dbae-4fc7-a842-1fd8eedeb1ff:192.168.164.217:40408, e618d93a-19a9-4b89-96f3-44f318818422:192.168.164.217:37953, 90c9f5c6-6de3-44e3-8d50-8a1447632052:192.168.164.217:36159], old=null
2019-11-05 08:28:11,229 [grpc-default-executor-2] INFO  impl.RaftServerImpl (RaftServerImpl.java:setRole(184)) - 90c9f5c6-6de3-44e3-8d50-8a1447632052@group-07DD719309DE: changes role from  FOLLOWER to FOLLOWER at term 58 for recognizeCandidate:6ab6cfca-dbae-4fc7-a842-1fd8eedeb1ff
2019-11-05 08:28:11,229 [grpc-default-executor-8] INFO  impl.RaftServerImpl (RaftServerImpl.java:setRole(184)) - e618d93a-19a9-4b89-96f3-44f318818422@group-07DD719309DE: changes role from  FOLLOWER to FOLLOWER at term 58 for recognizeCandidate:6ab6cfca-dbae-4fc7-a842-1fd8eedeb1ff
2019-11-05 08:28:11,230 [grpc-default-executor-2] INFO  impl.RoleInfo (RoleInfo.java:shutdownFollowerState(121)) - 90c9f5c6-6de3-44e3-8d50-8a1447632052: shutdown FollowerState
2019-11-05 08:28:11,230 [grpc-default-executor-8] INFO  impl.RoleInfo (RoleInfo.java:shutdownFollowerState(121)) - e618d93a-19a9-4b89-96f3-44f318818422: shutdown FollowerState
2019-11-05 08:28:11,230 [Thread-962] INFO  impl.FollowerState (FollowerState.java:run(117)) - 90c9f5c6-6de3-44e3-8d50-8a1447632052@group-07DD719309DE-FollowerState was interrupted: java.lang.InterruptedException: sleep interrupted
2019-11-05 08:28:11,230 [grpc-default-executor-2] INFO  impl.RoleInfo (RoleInfo.java:updateAndGet(143)) - 90c9f5c6-6de3-44e3-8d50-8a1447632052: start FollowerState
2019-11-05 08:28:11,230 [grpc-default-executor-8] INFO  impl.RoleInfo (RoleInfo.java:updateAndGet(143)) - e618d93a-19a9-4b89-96f3-44f318818422: start FollowerState
2019-11-05 08:28:11,230 [Thread-961] INFO  impl.FollowerState (FollowerState.java:run(117)) - e618d93a-19a9-4b89-96f3-44f318818422@group-07DD719309DE-FollowerState was interrupted: java.lang.InterruptedException: sleep interrupted
2019-11-05 08:28:11,277 [6ab6cfca-dbae-4fc7-a842-1fd8eedeb1ff@group-07DD719309DE-LeaderElection57] INFO  impl.LeaderElection (LeaderElection.java:logAndReturn(56)) - 6ab6cfca-dbae-4fc7-a842-1fd8eedeb1ff@group-07DD719309DE-LeaderElection57: Election REJECTED; received 2 response(s) [6ab6cfca-dbae-4fc7-a842-1fd8eedeb1ff<-e618d93a-19a9-4b89-96f3-44f318818422#0:FAIL-t58, 6ab6cfca-dbae-4fc7-a842-1fd8eedeb1ff<-90c9f5c6-6de3-44e3-8d50-8a1447632052#0:FAIL-t58] and 0 exception(s); 6ab6cfca-dbae-4fc7-a842-1fd8eedeb1ff@group-07DD719309DE:t58, leader=null, voted=6ab6cfca-dbae-4fc7-a842-1fd8eedeb1ff, raftlog=6ab6cfca-dbae-4fc7-a842-1fd8eedeb1ff@group-07DD719309DE-SegmentedRaftLog:OPENED:c5,f6,i6, conf=1: [6ab6cfca-dbae-4fc7-a842-1fd8eedeb1ff:192.168.164.217:40408, e618d93a-19a9-4b89-96f3-44f318818422:192.168.164.217:37953, 90c9f5c6-6de3-44e3-8d50-8a1447632052:192.168.164.217:36159], old=null
2019-11-05 08:28:11,278 [6ab6cfca-dbae-4fc7-a842-1fd8eedeb1ff@group-07DD719309DE-LeaderElection57] INFO  impl.RaftServerImpl (RaftServerImpl.java:setRole(184)) - 6ab6cfca-dbae-4fc7-a842-1fd8eedeb1ff@group-07DD719309DE: changes role from CANDIDATE to FOLLOWER at term 58 for DISCOVERED_A_NEW_TERM
2019-11-05 08:28:11,278 [6ab6cfca-dbae-4fc7-a842-1fd8eedeb1ff@group-07DD719309DE-LeaderElection57] INFO  impl.RoleInfo (RoleInfo.java:shutdownLeaderElection(134)) - 6ab6cfca-dbae-4fc7-a842-1fd8eedeb1ff: shutdown LeaderElection
2019-11-05 08:28:11,278 [6ab6cfca-dbae-4fc7-a842-1fd8eedeb1ff@group-07DD719309DE-LeaderElection57] INFO  impl.RoleInfo (RoleInfo.java:updateAndGet(143)) - 6ab6cfca-dbae-4fc7-a842-1fd8eedeb1ff: start FollowerState
2019-11-05 08:28:11,297 [Thread-969] INFO  impl.FollowerState (FollowerState.java:run(108)) - 6ab6cfca-dbae-4fc7-a842-1fd8eedeb1ff@group-07DD719309DE-FollowerState: change to CANDIDATE, lastRpcTime:19ms, electionTimeout:19ms
2019-11-05 08:28:11,298 [Thread-969] INFO  impl.RoleInfo (RoleInfo.java:shutdownFollowerState(121)) - 6ab6cfca-dbae-4fc7-a842-1fd8eedeb1ff: shutdown FollowerState
2019-11-05 08:28:11,298 [Thread-969] INFO  impl.RaftServerImpl (RaftServerImpl.java:setRole(184)) - 6ab6cfca-dbae-4fc7-a842-1fd8eedeb1ff@group-07DD719309DE: changes role from  FOLLOWER to CANDIDATE at term 58 for changeToCandidate
2019-11-05 08:28:11,298 [Thread-969] INFO  impl.RoleInfo (RoleInfo.java:updateAndGet(143)) - 6ab6cfca-dbae-4fc7-a842-1fd8eedeb1ff: start LeaderElection
2019-11-05 08:28:11,311 [6ab6cfca-dbae-4fc7-a842-1fd8eedeb1ff@group-07DD719309DE-LeaderElection58] INFO  impl.LeaderElection (LeaderElection.java:askForVotes(178)) - 6ab6cfca-dbae-4fc7-a842-1fd8eedeb1ff@group-07DD719309DE-LeaderElection58: begin an election at term 59 for 1: [6ab6cfca-dbae-4fc7-a842-1fd8eedeb1ff:192.168.164.217:40408, e618d93a-19a9-4b89-96f3-44f318818422:192.168.164.217:37953, 90c9f5c6-6de3-44e3-8d50-8a1447632052:192.168.164.217:36159], old=null
2019-11-05 08:28:11,314 [grpc-default-executor-8] INFO  impl.RaftServerImpl (RaftServerImpl.java:setRole(184)) - 90c9f5c6-6de3-44e3-8d50-8a1447632052@group-07DD719309DE: changes role from  FOLLOWER to FOLLOWER at term 59 for recognizeCandidate:6ab6cfca-dbae-4fc7-a842-1fd8eedeb1ff
2019-11-05 08:28:11,314 [grpc-default-executor-8] INFO  impl.RoleInfo (RoleInfo.java:shutdownFollowerState(121)) - 90c9f5c6-6de3-44e3-8d50-8a1447632052: shutdown FollowerState
2019-11-05 08:28:11,314 [grpc-default-executor-2] INFO  impl.RaftServerImpl (RaftServerImpl.java:setRole(184)) - e618d93a-19a9-4b89-96f3-44f318818422@group-07DD719309DE: changes role from  FOLLOWER to FOLLOWER at term 59 for recognizeCandidate:6ab6cfca-dbae-4fc7-a842-1fd8eedeb1ff
2019-11-05 08:28:11,314 [grpc-default-executor-2] INFO  impl.RoleInfo (RoleInfo.java:shutdownFollowerState(121)) - e618d93a-19a9-4b89-96f3-44f318818422: shutdown FollowerState
2019-11-05 08:28:11,314 [Thread-967] INFO  impl.FollowerState (FollowerState.java:run(117)) - 90c9f5c6-6de3-44e3-8d50-8a1447632052@group-07DD719309DE-FollowerState was interrupted: java.lang.InterruptedException: sleep interrupted
2019-11-05 08:28:11,314 [grpc-default-executor-8] INFO  impl.RoleInfo (RoleInfo.java:updateAndGet(143)) - 90c9f5c6-6de3-44e3-8d50-8a1447632052: start FollowerState
2019-11-05 08:28:11,314 [Thread-968] INFO  impl.FollowerState (FollowerState.java:run(117)) - e618d93a-19a9-4b89-96f3-44f318818422@group-07DD719309DE-FollowerState was interrupted: java.lang.InterruptedException: sleep interrupted
2019-11-05 08:28:11,314 [grpc-default-executor-2] INFO  impl.RoleInfo (RoleInfo.java:updateAndGet(143)) - e618d93a-19a9-4b89-96f3-44f318818422: start FollowerState
2019-11-05 08:28:11,330 [6ab6cfca-dbae-4fc7-a842-1fd8eedeb1ff@group-07DD719309DE-LeaderElection58] INFO  impl.LeaderElection (LeaderElection.java:logAndReturn(56)) - 6ab6cfca-dbae-4fc7-a842-1fd8eedeb1ff@group-07DD719309DE-LeaderElection58: Election REJECTED; received 2 response(s) [6ab6cfca-dbae-4fc7-a842-1fd8eedeb1ff<-e618d93a-19a9-4b89-96f3-44f318818422#0:FAIL-t59, 6ab6cfca-dbae-4fc7-a842-1fd8eedeb1ff<-90c9f5c6-6de3-44e3-8d50-8a1447632052#0:FAIL-t59] and 0 exception(s); 6ab6cfca-dbae-4fc7-a842-1fd8eedeb1ff@group-07DD719309DE:t59, leader=null, voted=6ab6cfca-dbae-4fc7-a842-1fd8eedeb1ff, raftlog=6ab6cfca-dbae-4fc7-a842-1fd8eedeb1ff@group-07DD719309DE-SegmentedRaftLog:OPENED:c5,f6,i6, conf=1: [6ab6cfca-dbae-4fc7-a842-1fd8eedeb1ff:192.168.164.217:40408, e618d93a-19a9-4b89-96f3-44f318818422:192.168.164.217:37953, 90c9f5c6-6de3-44e3-8d50-8a1447632052:192.168.164.217:36159], old=null
2019-11-05 08:28:11,330 [6ab6cfca-dbae-4fc7-a842-1fd8eedeb1ff@group-07DD719309DE-LeaderElection58] INFO  impl.RaftServerImpl (RaftServerImpl.java:setRole(184)) - 6ab6cfca-dbae-4fc7-a842-1fd8eedeb1ff@group-07DD719309DE: changes role from CANDIDATE to FOLLOWER at term 59 for DISCOVERED_A_NEW_TERM
2019-11-05 08:28:11,330 [6ab6cfca-dbae-4fc7-a842-1fd8eedeb1ff@group-07DD719309DE-LeaderElection58] INFO  impl.RoleInfo (RoleInfo.java:shutdownLeaderElection(134)) - 6ab6cfca-dbae-4fc7-a842-1fd8eedeb1ff: shutdown LeaderElection
2019-11-05 08:28:11,330 [6ab6cfca-dbae-4fc7-a842-1fd8eedeb1ff@group-07DD719309DE-LeaderElection58] INFO  impl.RoleInfo (RoleInfo.java:updateAndGet(143)) - 6ab6cfca-dbae-4fc7-a842-1fd8eedeb1ff: start FollowerState
2019-11-05 08:28:11,400 [Thread-975] INFO  impl.FollowerState (FollowerState.java:run(108)) - 6ab6cfca-dbae-4fc7-a842-1fd8eedeb1ff@group-07DD719309DE-FollowerState: change to CANDIDATE, lastRpcTime:69ms, electionTimeout:69ms
2019-11-05 08:28:11,400 [Thread-975] INFO  impl.RoleInfo (RoleInfo.java:shutdownFollowerState(121)) - 6ab6cfca-dbae-4fc7-a842-1fd8eedeb1ff: shutdown FollowerState
2019-11-05 08:28:11,400 [Thread-975] INFO  impl.RaftServerImpl (RaftServerImpl.java:setRole(184)) - 6ab6cfca-dbae-4fc7-a842-1fd8eedeb1ff@group-07DD719309DE: changes role from  FOLLOWER to CANDIDATE at term 59 for changeToCandidate
2019-11-05 08:28:11,400 [Thread-975] INFO  impl.RoleInfo (RoleInfo.java:updateAndGet(143)) - 6ab6cfca-dbae-4fc7-a842-1fd8eedeb1ff: start LeaderElection
2019-11-05 08:28:11,414 [6ab6cfca-dbae-4fc7-a842-1fd8eedeb1ff@group-07DD719309DE-LeaderElection59] INFO  impl.LeaderElection (LeaderElection.java:askForVotes(178)) - 6ab6cfca-dbae-4fc7-a842-1fd8eedeb1ff@group-07DD719309DE-LeaderElection59: begin an election at term 60 for 1: [6ab6cfca-dbae-4fc7-a842-1fd8eedeb1ff:192.168.164.217:40408, e618d93a-19a9-4b89-96f3-44f318818422:192.168.164.217:37953, 90c9f5c6-6de3-44e3-8d50-8a1447632052:192.168.164.217:36159], old=null
2019-11-05 08:28:11,418 [grpc-default-executor-8] INFO  impl.RaftServerImpl (RaftServerImpl.java:setRole(184)) - e618d93a-19a9-4b89-96f3-44f318818422@group-07DD719309DE: changes role from  FOLLOWER to FOLLOWER at term 60 for recognizeCandidate:6ab6cfca-dbae-4fc7-a842-1fd8eedeb1ff
2019-11-05 08:28:11,418 [grpc-default-executor-2] INFO  impl.RaftServerImpl (RaftServerImpl.java:setRole(184)) - 90c9f5c6-6de3-44e3-8d50-8a1447632052@group-07DD719309DE: changes role from  FOLLOWER to FOLLOWER at term 60 for recognizeCandidate:6ab6cfca-dbae-4fc7-a842-1fd8eedeb1ff
2019-11-05 08:28:11,418 [grpc-default-executor-8] INFO  impl.RoleInfo (RoleInfo.java:shutdownFollowerState(121)) - e618d93a-19a9-4b89-96f3-44f318818422: shutdown FollowerState
2019-11-05 08:28:11,419 [grpc-default-executor-2] INFO  impl.RoleInfo (RoleInfo.java:shutdownFollowerState(121)) - 90c9f5c6-6de3-44e3-8d50-8a1447632052: shutdown FollowerState
2019-11-05 08:28:11,419 [Thread-974] INFO  impl.FollowerState (FollowerState.java:run(117)) - e618d93a-19a9-4b89-96f3-44f318818422@group-07DD719309DE-FollowerState was interrupted: java.lang.InterruptedException: sleep interrupted
2019-11-05 08:28:11,419 [grpc-default-executor-8] INFO  impl.RoleInfo (RoleInfo.java:updateAndGet(143)) - e618d93a-19a9-4b89-96f3-44f318818422: start FollowerState
2019-11-05 08:28:11,419 [Thread-973] INFO  impl.FollowerState (FollowerState.java:run(117)) - 90c9f5c6-6de3-44e3-8d50-8a1447632052@group-07DD719309DE-FollowerState was interrupted: java.lang.InterruptedException: sleep interrupted
2019-11-05 08:28:11,419 [grpc-default-executor-2] INFO  impl.RoleInfo (RoleInfo.java:updateAndGet(143)) - 90c9f5c6-6de3-44e3-8d50-8a1447632052: start FollowerState
2019-11-05 08:28:11,422 [Thread-982] INFO  client.GrpcClientProtocolService (GrpcClientProtocolService.java:lambda$processClientRequest$0(278)) - Failed RaftClientRequest:client-C29D9280812C->e618d93a-19a9-4b89-96f3-44f318818422@group-07DD719309DE, cid=10, seq=0, Watch-ALL_COMMITTED(8), Message:<EMPTY>, reply=RaftClientReply:client-C29D9280812C->e618d93a-19a9-4b89-96f3-44f318818422@group-07DD719309DE, cid=10, FAILED org.apache.ratis.protocol.NotLeaderException: Server e618d93a-19a9-4b89-96f3-44f318818422@group-07DD719309DE is not the leader, logIndex=0, commits[e618d93a-19a9-4b89-96f3-44f318818422:c12, 6ab6cfca-dbae-4fc7-a842-1fd8eedeb1ff:c6, 90c9f5c6-6de3-44e3-8d50-8a1447632052:c12]
2019-11-05 08:28:11,435 [6ab6cfca-dbae-4fc7-a842-1fd8eedeb1ff@group-07DD719309DE-LeaderElection59] INFO  impl.LeaderElection (LeaderElection.java:logAndReturn(56)) - 6ab6cfca-dbae-4fc7-a842-1fd8eedeb1ff@group-07DD719309DE-LeaderElection59: Election REJECTED; received 2 response(s) [6ab6cfca-dbae-4fc7-a842-1fd8eedeb1ff<-e618d93a-19a9-4b89-96f3-44f318818422#0:FAIL-t60, 6ab6cfca-dbae-4fc7-a842-1fd8eedeb1ff<-90c9f5c6-6de3-44e3-8d50-8a1447632052#0:FAIL-t60] and 0 exception(s); 6ab6cfca-dbae-4fc7-a842-1fd8eedeb1ff@group-07DD719309DE:t60, leader=null, voted=6ab6cfca-dbae-4fc7-a842-1fd8eedeb1ff, raftlog=6ab6cfca-dbae-4fc7-a842-1fd8eedeb1ff@group-07DD719309DE-SegmentedRaftLog:OPENED:c5,f6,i6, conf=1: [6ab6cfca-dbae-4fc7-a842-1fd8eedeb1ff:192.168.164.217:40408, e618d93a-19a9-4b89-96f3-44f318818422:192.168.164.217:37953, 90c9f5c6-6de3-44e3-8d50-8a1447632052:192.168.164.217:36159], old=null
2019-11-05 08:28:11,435 [6ab6cfca-dbae-4fc7-a842-1fd8eedeb1ff@group-07DD719309DE-LeaderElection59] INFO  impl.RaftServerImpl (RaftServerImpl.java:setRole(184)) - 6ab6cfca-dbae-4fc7-a842-1fd8eedeb1ff@group-07DD719309DE: changes role from CANDIDATE to FOLLOWER at term 60 for DISCOVERED_A_NEW_TERM
2019-11-05 08:28:11,435 [6ab6cfca-dbae-4fc7-a842-1fd8eedeb1ff@group-07DD719309DE-LeaderElection59] INFO  impl.RoleInfo (RoleInfo.java:shutdownLeaderElection(134)) - 6ab6cfca-dbae-4fc7-a842-1fd8eedeb1ff: shutdown LeaderElection
2019-11-05 08:28:11,436 [6ab6cfca-dbae-4fc7-a842-1fd8eedeb1ff@group-07DD719309DE-LeaderElection59] INFO  impl.RoleInfo (RoleInfo.java:updateAndGet(143)) - 6ab6cfca-dbae-4fc7-a842-1fd8eedeb1ff: start FollowerState
2019-11-05 08:28:11,547 [Thread-984] INFO  impl.FollowerState (FollowerState.java:run(108)) - 6ab6cfca-dbae-4fc7-a842-1fd8eedeb1ff@group-07DD719309DE-FollowerState: change to CANDIDATE, lastRpcTime:111ms, electionTimeout:111ms
2019-11-05 08:28:11,547 [Thread-984] INFO  impl.RoleInfo (RoleInfo.java:shutdownFollowerState(121)) - 6ab6cfca-dbae-4fc7-a842-1fd8eedeb1ff: shutdown FollowerState
2019-11-05 08:28:11,547 [Thread-984] INFO  impl.RaftServerImpl (RaftServerImpl.java:setRole(184)) - 6ab6cfca-dbae-4fc7-a842-1fd8eedeb1ff@group-07DD719309DE: changes role from  FOLLOWER to CANDIDATE at term 60 for changeToCandidate
2019-11-05 08:28:11,548 [Thread-984] INFO  impl.RoleInfo (RoleInfo.java:updateAndGet(143)) - 6ab6cfca-dbae-4fc7-a842-1fd8eedeb1ff: start LeaderElection
2019-11-05 08:28:11,561 [6ab6cfca-dbae-4fc7-a842-1fd8eedeb1ff@group-07DD719309DE-LeaderElection60] INFO  impl.LeaderElection (LeaderElection.java:askForVotes(178)) - 6ab6cfca-dbae-4fc7-a842-1fd8eedeb1ff@group-07DD719309DE-LeaderElection60: begin an election at term 61 for 1: [6ab6cfca-dbae-4fc7-a842-1fd8eedeb1ff:192.168.164.217:40408, e618d93a-19a9-4b89-96f3-44f318818422:192.168.164.217:37953, 90c9f5c6-6de3-44e3-8d50-8a1447632052:192.168.164.217:36159], old=null
2019-11-05 08:28:11,564 [grpc-default-executor-8] INFO  impl.RaftServerImpl (RaftServerImpl.java:setRole(184)) - e618d93a-19a9-4b89-96f3-44f318818422@group-07DD719309DE: changes role from  FOLLOWER to FOLLOWER at term 61 for recognizeCandidate:6ab6cfca-dbae-4fc7-a842-1fd8eedeb1ff
2019-11-05 08:28:11,564 [grpc-default-executor-8] INFO  impl.RoleInfo (RoleInfo.java:shutdownFollowerState(121)) - e618d93a-19a9-4b89-96f3-44f318818422: shutdown FollowerState
2019-11-05 08:28:11,564 [grpc-default-executor-2] INFO  impl.RaftServerImpl (RaftServerImpl.java:setRole(184)) - 90c9f5c6-6de3-44e3-8d50-8a1447632052@group-07DD719309DE: changes role from  FOLLOWER to FOLLOWER at term 61 for recognizeCandidate:6ab6cfca-dbae-4fc7-a842-1fd8eedeb1ff
2019-11-05 08:28:11,565 [Thread-980] INFO  impl.FollowerState (FollowerState.java:run(117)) - e618d93a-19a9-4b89-96f3-44f318818422@group-07DD719309DE-FollowerState was interrupted: java.lang.InterruptedException: sleep interrupted
2019-11-05 08:28:11,565 [grpc-default-executor-8] INFO  impl.RoleInfo (RoleInfo.java:updateAndGet(143)) - e618d93a-19a9-4b89-96f3-44f318818422: start FollowerState
2019-11-05 08:28:11,565 [grpc-default-executor-2] INFO  impl.RoleInfo (RoleInfo.java:shutdownFollowerState(121)) - 90c9f5c6-6de3-44e3-8d50-8a1447632052: shutdown FollowerState
2019-11-05 08:28:11,565 [grpc-default-executor-2] INFO  impl.RoleInfo (RoleInfo.java:updateAndGet(143)) - 90c9f5c6-6de3-44e3-8d50-8a1447632052: start FollowerState
2019-11-05 08:28:11,565 [Thread-981] INFO  impl.FollowerState (FollowerState.java:run(117)) - 90c9f5c6-6de3-44e3-8d50-8a1447632052@group-07DD719309DE-FollowerState was interrupted: java.lang.InterruptedException: sleep interrupted
2019-11-05 08:28:11,580 [6ab6cfca-dbae-4fc7-a842-1fd8eedeb1ff@group-07DD719309DE-LeaderElection60] INFO  impl.LeaderElection (LeaderElection.java:logAndReturn(56)) - 6ab6cfca-dbae-4fc7-a842-1fd8eedeb1ff@group-07DD719309DE-LeaderElection60: Election REJECTED; received 2 response(s) [6ab6cfca-dbae-4fc7-a842-1fd8eedeb1ff<-e618d93a-19a9-4b89-96f3-44f318818422#0:FAIL-t61, 6ab6cfca-dbae-4fc7-a842-1fd8eedeb1ff<-90c9f5c6-6de3-44e3-8d50-8a1447632052#0:FAIL-t61] and 0 exception(s); 6ab6cfca-dbae-4fc7-a842-1fd8eedeb1ff@group-07DD719309DE:t61, leader=null, voted=6ab6cfca-dbae-4fc7-a842-1fd8eedeb1ff, raftlog=6ab6cfca-dbae-4fc7-a842-1fd8eedeb1ff@group-07DD719309DE-SegmentedRaftLog:OPENED:c5,f6,i6, conf=1: [6ab6cfca-dbae-4fc7-a842-1fd8eedeb1ff:192.168.164.217:40408, e618d93a-19a9-4b89-96f3-44f318818422:192.168.164.217:37953, 90c9f5c6-6de3-44e3-8d50-8a1447632052:192.168.164.217:36159], old=null
2019-11-05 08:28:11,580 [6ab6cfca-dbae-4fc7-a842-1fd8eedeb1ff@group-07DD719309DE-LeaderElection60] INFO  impl.RaftServerImpl (RaftServerImpl.java:setRole(184)) - 6ab6cfca-dbae-4fc7-a842-1fd8eedeb1ff@group-07DD719309DE: changes role from CANDIDATE to FOLLOWER at term 61 for DISCOVERED_A_NEW_TERM
2019-11-05 08:28:11,580 [6ab6cfca-dbae-4fc7-a842-1fd8eedeb1ff@group-07DD719309DE-LeaderElection60] INFO  impl.RoleInfo (RoleInfo.java:shutdownLeaderElection(134)) - 6ab6cfca-dbae-4fc7-a842-1fd8eedeb1ff: shutdown LeaderElection
2019-11-05 08:28:11,580 [6ab6cfca-dbae-4fc7-a842-1fd8eedeb1ff@group-07DD719309DE-LeaderElection60] INFO  impl.RoleInfo (RoleInfo.java:updateAndGet(143)) - 6ab6cfca-dbae-4fc7-a842-1fd8eedeb1ff: start FollowerState
2019-11-05 08:28:11,741 [Thread-990] INFO  impl.FollowerState (FollowerState.java:run(108)) - 6ab6cfca-dbae-4fc7-a842-1fd8eedeb1ff@group-07DD719309DE-FollowerState: change to CANDIDATE, lastRpcTime:160ms, electionTimeout:160ms
2019-11-05 08:28:11,741 [Thread-990] INFO  impl.RoleInfo (RoleInfo.java:shutdownFollowerState(121)) - 6ab6cfca-dbae-4fc7-a842-1fd8eedeb1ff: shutdown FollowerState
2019-11-05 08:28:11,741 [Thread-990] INFO  impl.RaftServerImpl (RaftServerImpl.java:setRole(184)) - 6ab6cfca-dbae-4fc7-a842-1fd8eedeb1ff@group-07DD719309DE: changes role from  FOLLOWER to CANDIDATE at term 61 for changeToCandidate
2019-11-05 08:28:11,741 [Thread-990] INFO  impl.RoleInfo (RoleInfo.java:updateAndGet(143)) - 6ab6cfca-dbae-4fc7-a842-1fd8eedeb1ff: start LeaderElection
2019-11-05 08:28:11,755 [6ab6cfca-dbae-4fc7-a842-1fd8eedeb1ff@group-07DD719309DE-LeaderElection61] INFO  impl.LeaderElection (LeaderElection.java:askForVotes(178)) - 6ab6cfca-dbae-4fc7-a842-1fd8eedeb1ff@group-07DD719309DE-LeaderElection61: begin an election at term 62 for 1: [6ab6cfca-dbae-4fc7-a842-1fd8eedeb1ff:192.168.164.217:40408, e618d93a-19a9-4b89-96f3-44f318818422:192.168.164.217:37953, 90c9f5c6-6de3-44e3-8d50-8a1447632052:192.168.164.217:36159], old=null
2019-11-05 08:28:11,758 [grpc-default-executor-8] INFO  impl.RaftServerImpl (RaftServerImpl.java:setRole(184)) - e618d93a-19a9-4b89-96f3-44f318818422@group-07DD719309DE: changes role from  FOLLOWER to FOLLOWER at term 62 for recognizeCandidate:6ab6cfca-dbae-4fc7-a842-1fd8eedeb1ff
2019-11-05 08:28:11,758 [grpc-default-executor-8] INFO  impl.RoleInfo (RoleInfo.java:shutdownFollowerState(121)) - e618d93a-19a9-4b89-96f3-44f318818422: shutdown FollowerState
2019-11-05 08:28:11,758 [grpc-default-executor-2] INFO  impl.RaftServerImpl (RaftServerImpl.java:setRole(184)) - 90c9f5c6-6de3-44e3-8d50-8a1447632052@group-07DD719309DE: changes role from  FOLLOWER to FOLLOWER at term 62 for recognizeCandidate:6ab6cfca-dbae-4fc7-a842-1fd8eedeb1ff
2019-11-05 08:28:11,759 [Thread-988] INFO  impl.FollowerState (FollowerState.java:run(117)) - e618d93a-19a9-4b89-96f3-44f318818422@group-07DD719309DE-FollowerState was interrupted: java.lang.InterruptedException: sleep interrupted
2019-11-05 08:28:11,759 [grpc-default-executor-8] INFO  impl.RoleInfo (RoleInfo.java:updateAndGet(143)) - e618d93a-19a9-4b89-96f3-44f318818422: start FollowerState
2019-11-05 08:28:11,759 [grpc-default-executor-2] INFO  impl.RoleInfo (RoleInfo.java:shutdownFollowerState(121)) - 90c9f5c6-6de3-44e3-8d50-8a1447632052: shutdown FollowerState
2019-11-05 08:28:11,759 [grpc-default-executor-2] INFO  impl.RoleInfo (RoleInfo.java:updateAndGet(143)) - 90c9f5c6-6de3-44e3-8d50-8a1447632052: start FollowerState
2019-11-05 08:28:11,759 [Thread-989] INFO  impl.FollowerState (FollowerState.java:run(117)) - 90c9f5c6-6de3-44e3-8d50-8a1447632052@group-07DD719309DE-FollowerState was interrupted: java.lang.InterruptedException: sleep interrupted
2019-11-05 08:28:11,785 [6ab6cfca-dbae-4fc7-a842-1fd8eedeb1ff@group-07DD719309DE-LeaderElection61] INFO  impl.LeaderElection (LeaderElection.java:logAndReturn(56)) - 6ab6cfca-dbae-4fc7-a842-1fd8eedeb1ff@group-07DD719309DE-LeaderElection61: Election REJECTED; received 2 response(s) [6ab6cfca-dbae-4fc7-a842-1fd8eedeb1ff<-e618d93a-19a9-4b89-96f3-44f318818422#0:FAIL-t62, 6ab6cfca-dbae-4fc7-a842-1fd8eedeb1ff<-90c9f5c6-6de3-44e3-8d50-8a1447632052#0:FAIL-t62] and 0 exception(s); 6ab6cfca-dbae-4fc7-a842-1fd8eedeb1ff@group-07DD719309DE:t62, leader=null, voted=6ab6cfca-dbae-4fc7-a842-1fd8eedeb1ff, raftlog=6ab6cfca-dbae-4fc7-a842-1fd8eedeb1ff@group-07DD719309DE-SegmentedRaftLog:OPENED:c5,f6,i6, conf=1: [6ab6cfca-dbae-4fc7-a842-1fd8eedeb1ff:192.168.164.217:40408, e618d93a-19a9-4b89-96f3-44f318818422:192.168.164.217:37953, 90c9f5c6-6de3-44e3-8d50-8a1447632052:192.168.164.217:36159], old=null
2019-11-05 08:28:11,786 [6ab6cfca-dbae-4fc7-a842-1fd8eedeb1ff@group-07DD719309DE-LeaderElection61] INFO  impl.RaftServerImpl (RaftServerImpl.java:setRole(184)) - 6ab6cfca-dbae-4fc7-a842-1fd8eedeb1ff@group-07DD719309DE: changes role from CANDIDATE to FOLLOWER at term 62 for DISCOVERED_A_NEW_TERM
2019-11-05 08:28:11,786 [6ab6cfca-dbae-4fc7-a842-1fd8eedeb1ff@group-07DD719309DE-LeaderElection61] INFO  impl.RoleInfo (RoleInfo.java:shutdownLeaderElection(134)) - 6ab6cfca-dbae-4fc7-a842-1fd8eedeb1ff: shutdown LeaderElection
2019-11-05 08:28:11,786 [6ab6cfca-dbae-4fc7-a842-1fd8eedeb1ff@group-07DD719309DE-LeaderElection61] INFO  impl.RoleInfo (RoleInfo.java:updateAndGet(143)) - 6ab6cfca-dbae-4fc7-a842-1fd8eedeb1ff: start FollowerState
2019-11-05 08:28:11,948 [Thread-996] INFO  impl.FollowerState (FollowerState.java:run(108)) - 6ab6cfca-dbae-4fc7-a842-1fd8eedeb1ff@group-07DD719309DE-FollowerState: change to CANDIDATE, lastRpcTime:161ms, electionTimeout:161ms
2019-11-05 08:28:11,948 [Thread-996] INFO  impl.RoleInfo (RoleInfo.java:shutdownFollowerState(121)) - 6ab6cfca-dbae-4fc7-a842-1fd8eedeb1ff: shutdown FollowerState
2019-11-05 08:28:11,948 [Thread-996] INFO  impl.RaftServerImpl (RaftServerImpl.java:setRole(184)) - 6ab6cfca-dbae-4fc7-a842-1fd8eedeb1ff@group-07DD719309DE: changes role from  FOLLOWER to CANDIDATE at term 62 for changeToCandidate
2019-11-05 08:28:11,948 [Thread-996] INFO  impl.RoleInfo (RoleInfo.java:updateAndGet(143)) - 6ab6cfca-dbae-4fc7-a842-1fd8eedeb1ff: start LeaderElection
2019-11-05 08:28:11,962 [6ab6cfca-dbae-4fc7-a842-1fd8eedeb1ff@group-07DD719309DE-LeaderElection62] INFO  impl.LeaderElection (LeaderElection.java:askForVotes(178)) - 6ab6cfca-dbae-4fc7-a842-1fd8eedeb1ff@group-07DD719309DE-LeaderElection62: begin an election at term 63 for 1: [6ab6cfca-dbae-4fc7-a842-1fd8eedeb1ff:192.168.164.217:40408, e618d93a-19a9-4b89-96f3-44f318818422:192.168.164.217:37953, 90c9f5c6-6de3-44e3-8d50-8a1447632052:192.168.164.217:36159], old=null
2019-11-05 08:28:11,965 [grpc-default-executor-8] INFO  impl.RaftServerImpl (RaftServerImpl.java:setRole(184)) - e618d93a-19a9-4b89-96f3-44f318818422@group-07DD719309DE: changes role from  FOLLOWER to FOLLOWER at term 63 for recognizeCandidate:6ab6cfca-dbae-4fc7-a842-1fd8eedeb1ff
2019-11-05 08:28:11,965 [grpc-default-executor-8] INFO  impl.RoleInfo (RoleInfo.java:shutdownFollowerState(121)) - e618d93a-19a9-4b89-96f3-44f318818422: shutdown FollowerState
2019-11-05 08:28:11,965 [grpc-default-executor-2] INFO  impl.RaftServerImpl (RaftServerImpl.java:setRole(184)) - 90c9f5c6-6de3-44e3-8d50-8a1447632052@group-07DD719309DE: changes role from  FOLLOWER to FOLLOWER at term 63 for recognizeCandidate:6ab6cfca-dbae-4fc7-a842-1fd8eedeb1ff
2019-11-05 08:28:11,965 [Thread-994] INFO  impl.FollowerState (FollowerState.java:run(117)) - e618d93a-19a9-4b89-96f3-44f318818422@group-07DD719309DE-FollowerState was interrupted: java.lang.InterruptedException: sleep interrupted
2019-11-05 08:28:11,965 [grpc-default-executor-8] INFO  impl.RoleInfo (RoleInfo.java:updateAndGet(143)) - e618d93a-19a9-4b89-96f3-44f318818422: start FollowerState
2019-11-05 08:28:11,965 [grpc-default-executor-2] INFO  impl.RoleInfo (RoleInfo.java:shutdownFollowerState(121)) - 90c9f5c6-6de3-44e3-8d50-8a1447632052: shutdown FollowerState
2019-11-05 08:28:11,966 [grpc-default-executor-2] INFO  impl.RoleInfo (RoleInfo.java:updateAndGet(143)) - 90c9f5c6-6de3-44e3-8d50-8a1447632052: start FollowerState
2019-11-05 08:28:11,966 [Thread-995] INFO  impl.FollowerState (FollowerState.java:run(117)) - 90c9f5c6-6de3-44e3-8d50-8a1447632052@group-07DD719309DE-FollowerState was interrupted: java.lang.InterruptedException: sleep interrupted
2019-11-05 08:28:11,981 [6ab6cfca-dbae-4fc7-a842-1fd8eedeb1ff@group-07DD719309DE-LeaderElection62] INFO  impl.LeaderElection (LeaderElection.java:logAndReturn(56)) - 6ab6cfca-dbae-4fc7-a842-1fd8eedeb1ff@group-07DD719309DE-LeaderElection62: Election REJECTED; received 2 response(s) [6ab6cfca-dbae-4fc7-a842-1fd8eedeb1ff<-e618d93a-19a9-4b89-96f3-44f318818422#0:FAIL-t63, 6ab6cfca-dbae-4fc7-a842-1fd8eedeb1ff<-90c9f5c6-6de3-44e3-8d50-8a1447632052#0:FAIL-t63] and 0 exception(s); 6ab6cfca-dbae-4fc7-a842-1fd8eedeb1ff@group-07DD719309DE:t63, leader=null, voted=6ab6cfca-dbae-4fc7-a842-1fd8eedeb1ff, raftlog=6ab6cfca-dbae-4fc7-a842-1fd8eedeb1ff@group-07DD719309DE-SegmentedRaftLog:OPENED:c5,f6,i6, conf=1: [6ab6cfca-dbae-4fc7-a842-1fd8eedeb1ff:192.168.164.217:40408, e618d93a-19a9-4b89-96f3-44f318818422:192.168.164.217:37953, 90c9f5c6-6de3-44e3-8d50-8a1447632052:192.168.164.217:36159], old=null
2019-11-05 08:28:11,981 [6ab6cfca-dbae-4fc7-a842-1fd8eedeb1ff@group-07DD719309DE-LeaderElection62] INFO  impl.RaftServerImpl (RaftServerImpl.java:setRole(184)) - 6ab6cfca-dbae-4fc7-a842-1fd8eedeb1ff@group-07DD719309DE: changes role from CANDIDATE to FOLLOWER at term 63 for DISCOVERED_A_NEW_TERM
2019-11-05 08:28:11,981 [6ab6cfca-dbae-4fc7-a842-1fd8eedeb1ff@group-07DD719309DE-LeaderElection62] INFO  impl.RoleInfo (RoleInfo.java:shutdownLeaderElection(134)) - 6ab6cfca-dbae-4fc7-a842-1fd8eedeb1ff: shutdown LeaderElection
2019-11-05 08:28:11,981 [6ab6cfca-dbae-4fc7-a842-1fd8eedeb1ff@group-07DD719309DE-LeaderElection62] INFO  impl.RoleInfo (RoleInfo.java:updateAndGet(143)) - 6ab6cfca-dbae-4fc7-a842-1fd8eedeb1ff: start FollowerState
2019-11-05 08:28:12,002 [BlockDeletingService#6] WARN  background.BlockDeletingService (BlockDeletingService.java:isDeletionAllowed(187)) - Close Container log Index 8 is not replicated across allthe servers in the pipeline 91d82eec-d61e-45ed-83e6-07dd719309de as the min replicated index is 6. Deletion is not allowed in this container yet.
2019-11-05 08:28:12,002 [BlockDeletingService#2] WARN  background.BlockDeletingService (BlockDeletingService.java:isDeletionAllowed(187)) - Close Container log Index 8 is not replicated across allthe servers in the pipeline 91d82eec-d61e-45ed-83e6-07dd719309de as the min replicated index is 6. Deletion is not allowed in this container yet.
2019-11-05 08:28:12,111 [Thread-1004] INFO  impl.FollowerState (FollowerState.java:run(108)) - 6ab6cfca-dbae-4fc7-a842-1fd8eedeb1ff@group-07DD719309DE-FollowerState: change to CANDIDATE, lastRpcTime:129ms, electionTimeout:129ms
2019-11-05 08:28:12,111 [Thread-1004] INFO  impl.RoleInfo (RoleInfo.java:shutdownFollowerState(121)) - 6ab6cfca-dbae-4fc7-a842-1fd8eedeb1ff: shutdown FollowerState
2019-11-05 08:28:12,111 [Thread-1004] INFO  impl.RaftServerImpl (RaftServerImpl.java:setRole(184)) - 6ab6cfca-dbae-4fc7-a842-1fd8eedeb1ff@group-07DD719309DE: changes role from  FOLLOWER to CANDIDATE at term 63 for changeToCandidate
2019-11-05 08:28:12,111 [Thread-1004] INFO  impl.RoleInfo (RoleInfo.java:updateAndGet(143)) - 6ab6cfca-dbae-4fc7-a842-1fd8eedeb1ff: start LeaderElection
2019-11-05 08:28:12,125 [6ab6cfca-dbae-4fc7-a842-1fd8eedeb1ff@group-07DD719309DE-LeaderElection63] INFO  impl.LeaderElection (LeaderElection.java:askForVotes(178)) - 6ab6cfca-dbae-4fc7-a842-1fd8eedeb1ff@group-07DD719309DE-LeaderElection63: begin an election at term 64 for 1: [6ab6cfca-dbae-4fc7-a842-1fd8eedeb1ff:192.168.164.217:40408, e618d93a-19a9-4b89-96f3-44f318818422:192.168.164.217:37953, 90c9f5c6-6de3-44e3-8d50-8a1447632052:192.168.164.217:36159], old=null
2019-11-05 08:28:12,128 [grpc-default-executor-8] INFO  impl.RaftServerImpl (RaftServerImpl.java:setRole(184)) - e618d93a-19a9-4b89-96f3-44f318818422@group-07DD719309DE: changes role from  FOLLOWER to FOLLOWER at term 64 for recognizeCandidate:6ab6cfca-dbae-4fc7-a842-1fd8eedeb1ff
2019-11-05 08:28:12,128 [grpc-default-executor-2] INFO  impl.RaftServerImpl (RaftServerImpl.java:setRole(184)) - 90c9f5c6-6de3-44e3-8d50-8a1447632052@group-07DD719309DE: changes role from  FOLLOWER to FOLLOWER at term 64 for recognizeCandidate:6ab6cfca-dbae-4fc7-a842-1fd8eedeb1ff
2019-11-05 08:28:12,128 [grpc-default-executor-8] INFO  impl.RoleInfo (RoleInfo.java:shutdownFollowerState(121)) - e618d93a-19a9-4b89-96f3-44f318818422: shutdown FollowerState
2019-11-05 08:28:12,129 [grpc-default-executor-2] INFO  impl.RoleInfo (RoleInfo.java:shutdownFollowerState(121)) - 90c9f5c6-6de3-44e3-8d50-8a1447632052: shutdown FollowerState
2019-11-05 08:28:12,129 [grpc-default-executor-8] INFO  impl.RoleInfo (RoleInfo.java:updateAndGet(143)) - e618d93a-19a9-4b89-96f3-44f318818422: start FollowerState
2019-11-05 08:28:12,129 [Thread-1003] INFO  impl.FollowerState (FollowerState.java:run(117)) - 90c9f5c6-6de3-44e3-8d50-8a1447632052@group-07DD719309DE-FollowerState was interrupted: java.lang.InterruptedException: sleep interrupted
2019-11-05 08:28:12,129 [grpc-default-executor-2] INFO  impl.RoleInfo (RoleInfo.java:updateAndGet(143)) - 90c9f5c6-6de3-44e3-8d50-8a1447632052: start FollowerState
2019-11-05 08:28:12,129 [Thread-1002] INFO  impl.FollowerState (FollowerState.java:run(117)) - e618d93a-19a9-4b89-96f3-44f318818422@group-07DD719309DE-FollowerState was interrupted: java.lang.InterruptedException: sleep interrupted
2019-11-05 08:28:12,144 [6ab6cfca-dbae-4fc7-a842-1fd8eedeb1ff@group-07DD719309DE-LeaderElection63] INFO  impl.LeaderElection (LeaderElection.java:logAndReturn(56)) - 6ab6cfca-dbae-4fc7-a842-1fd8eedeb1ff@group-07DD719309DE-LeaderElection63: Election REJECTED; received 2 response(s) [6ab6cfca-dbae-4fc7-a842-1fd8eedeb1ff<-e618d93a-19a9-4b89-96f3-44f318818422#0:FAIL-t64, 6ab6cfca-dbae-4fc7-a842-1fd8eedeb1ff<-90c9f5c6-6de3-44e3-8d50-8a1447632052#0:FAIL-t64] and 0 exception(s); 6ab6cfca-dbae-4fc7-a842-1fd8eedeb1ff@group-07DD719309DE:t64, leader=null, voted=6ab6cfca-dbae-4fc7-a842-1fd8eedeb1ff, raftlog=6ab6cfca-dbae-4fc7-a842-1fd8eedeb1ff@group-07DD719309DE-SegmentedRaftLog:OPENED:c5,f6,i6, conf=1: [6ab6cfca-dbae-4fc7-a842-1fd8eedeb1ff:192.168.164.217:40408, e618d93a-19a9-4b89-96f3-44f318818422:192.168.164.217:37953, 90c9f5c6-6de3-44e3-8d50-8a1447632052:192.168.164.217:36159], old=null
2019-11-05 08:28:12,144 [6ab6cfca-dbae-4fc7-a842-1fd8eedeb1ff@group-07DD719309DE-LeaderElection63] INFO  impl.RaftServerImpl (RaftServerImpl.java:setRole(184)) - 6ab6cfca-dbae-4fc7-a842-1fd8eedeb1ff@group-07DD719309DE: changes role from CANDIDATE to FOLLOWER at term 64 for DISCOVERED_A_NEW_TERM
2019-11-05 08:28:12,144 [6ab6cfca-dbae-4fc7-a842-1fd8eedeb1ff@group-07DD719309DE-LeaderElection63] INFO  impl.RoleInfo (RoleInfo.java:shutdownLeaderElection(134)) - 6ab6cfca-dbae-4fc7-a842-1fd8eedeb1ff: shutdown LeaderElection
2019-11-05 08:28:12,144 [6ab6cfca-dbae-4fc7-a842-1fd8eedeb1ff@group-07DD719309DE-LeaderElection63] INFO  impl.RoleInfo (RoleInfo.java:updateAndGet(143)) - 6ab6cfca-dbae-4fc7-a842-1fd8eedeb1ff: start FollowerState
2019-11-05 08:28:12,320 [Thread-1013] INFO  impl.FollowerState (FollowerState.java:run(108)) - 6ab6cfca-dbae-4fc7-a842-1fd8eedeb1ff@group-07DD719309DE-FollowerState: change to CANDIDATE, lastRpcTime:175ms, electionTimeout:175ms
2019-11-05 08:28:12,320 [Thread-1013] INFO  impl.RoleInfo (RoleInfo.java:shutdownFollowerState(121)) - 6ab6cfca-dbae-4fc7-a842-1fd8eedeb1ff: shutdown FollowerState
2019-11-05 08:28:12,320 [Thread-1013] INFO  impl.RaftServerImpl (RaftServerImpl.java:setRole(184)) - 6ab6cfca-dbae-4fc7-a842-1fd8eedeb1ff@group-07DD719309DE: changes role from  FOLLOWER to CANDIDATE at term 64 for changeToCandidate
2019-11-05 08:28:12,320 [Thread-1013] INFO  impl.RoleInfo (RoleInfo.java:updateAndGet(143)) - 6ab6cfca-dbae-4fc7-a842-1fd8eedeb1ff: start LeaderElection
2019-11-05 08:28:12,334 [6ab6cfca-dbae-4fc7-a842-1fd8eedeb1ff@group-07DD719309DE-LeaderElection64] INFO  impl.LeaderElection (LeaderElection.java:askForVotes(178)) - 6ab6cfca-dbae-4fc7-a842-1fd8eedeb1ff@group-07DD719309DE-LeaderElection64: begin an election at term 65 for 1: [6ab6cfca-dbae-4fc7-a842-1fd8eedeb1ff:192.168.164.217:40408, e618d93a-19a9-4b89-96f3-44f318818422:192.168.164.217:37953, 90c9f5c6-6de3-44e3-8d50-8a1447632052:192.168.164.217:36159], old=null
2019-11-05 08:28:12,337 [grpc-default-executor-2] INFO  impl.RaftServerImpl (RaftServerImpl.java:setRole(184)) - 90c9f5c6-6de3-44e3-8d50-8a1447632052@group-07DD719309DE: changes role from  FOLLOWER to FOLLOWER at term 65 for recognizeCandidate:6ab6cfca-dbae-4fc7-a842-1fd8eedeb1ff
2019-11-05 08:28:12,337 [grpc-default-executor-8] INFO  impl.RaftServerImpl (RaftServerImpl.java:setRole(184)) - e618d93a-19a9-4b89-96f3-44f318818422@group-07DD719309DE: changes role from  FOLLOWER to FOLLOWER at term 65 for recognizeCandidate:6ab6cfca-dbae-4fc7-a842-1fd8eedeb1ff
2019-11-05 08:28:12,337 [grpc-default-executor-2] INFO  impl.RoleInfo (RoleInfo.java:shutdownFollowerState(121)) - 90c9f5c6-6de3-44e3-8d50-8a1447632052: shutdown FollowerState
2019-11-05 08:28:12,337 [grpc-default-executor-8] INFO  impl.RoleInfo (RoleInfo.java:shutdownFollowerState(121)) - e618d93a-19a9-4b89-96f3-44f318818422: shutdown FollowerState
2019-11-05 08:28:12,337 [grpc-default-executor-2] INFO  impl.RoleInfo (RoleInfo.java:updateAndGet(143)) - 90c9f5c6-6de3-44e3-8d50-8a1447632052: start FollowerState
2019-11-05 08:28:12,337 [Thread-1012] INFO  impl.FollowerState (FollowerState.java:run(117)) - 90c9f5c6-6de3-44e3-8d50-8a1447632052@group-07DD719309DE-FollowerState was interrupted: java.lang.InterruptedException: sleep interrupted
2019-11-05 08:28:12,337 [grpc-default-executor-8] INFO  impl.RoleInfo (RoleInfo.java:updateAndGet(143)) - e618d93a-19a9-4b89-96f3-44f318818422: start FollowerState
2019-11-05 08:28:12,337 [Thread-1011] INFO  impl.FollowerState (FollowerState.java:run(117)) - e618d93a-19a9-4b89-96f3-44f318818422@group-07DD719309DE-FollowerState was interrupted: java.lang.InterruptedException: sleep interrupted
2019-11-05 08:28:12,349 [6ab6cfca-dbae-4fc7-a842-1fd8eedeb1ff@group-07DD719309DE-LeaderElection64] INFO  impl.LeaderElection (LeaderElection.java:logAndReturn(56)) - 6ab6cfca-dbae-4fc7-a842-1fd8eedeb1ff@group-07DD719309DE-LeaderElection64: Election REJECTED; received 2 response(s) [6ab6cfca-dbae-4fc7-a842-1fd8eedeb1ff<-e618d93a-19a9-4b89-96f3-44f318818422#0:FAIL-t65, 6ab6cfca-dbae-4fc7-a842-1fd8eedeb1ff<-90c9f5c6-6de3-44e3-8d50-8a1447632052#0:FAIL-t65] and 0 exception(s); 6ab6cfca-dbae-4fc7-a842-1fd8eedeb1ff@group-07DD719309DE:t65, leader=null, voted=6ab6cfca-dbae-4fc7-a842-1fd8eedeb1ff, raftlog=6ab6cfca-dbae-4fc7-a842-1fd8eedeb1ff@group-07DD719309DE-SegmentedRaftLog:OPENED:c5,f6,i6, conf=1: [6ab6cfca-dbae-4fc7-a842-1fd8eedeb1ff:192.168.164.217:40408, e618d93a-19a9-4b89-96f3-44f318818422:192.168.164.217:37953, 90c9f5c6-6de3-44e3-8d50-8a1447632052:192.168.164.217:36159], old=null
2019-11-05 08:28:12,350 [6ab6cfca-dbae-4fc7-a842-1fd8eedeb1ff@group-07DD719309DE-LeaderElection64] INFO  impl.RaftServerImpl (RaftServerImpl.java:setRole(184)) - 6ab6cfca-dbae-4fc7-a842-1fd8eedeb1ff@group-07DD719309DE: changes role from CANDIDATE to FOLLOWER at term 65 for DISCOVERED_A_NEW_TERM
2019-11-05 08:28:12,350 [6ab6cfca-dbae-4fc7-a842-1fd8eedeb1ff@group-07DD719309DE-LeaderElection64] INFO  impl.RoleInfo (RoleInfo.java:shutdownLeaderElection(134)) - 6ab6cfca-dbae-4fc7-a842-1fd8eedeb1ff: shutdown LeaderElection
2019-11-05 08:28:12,350 [6ab6cfca-dbae-4fc7-a842-1fd8eedeb1ff@group-07DD719309DE-LeaderElection64] INFO  impl.RoleInfo (RoleInfo.java:updateAndGet(143)) - 6ab6cfca-dbae-4fc7-a842-1fd8eedeb1ff: start FollowerState
2019-11-05 08:28:12,394 [Thread-1019] INFO  impl.FollowerState (FollowerState.java:run(108)) - 6ab6cfca-dbae-4fc7-a842-1fd8eedeb1ff@group-07DD719309DE-FollowerState: change to CANDIDATE, lastRpcTime:44ms, electionTimeout:44ms
2019-11-05 08:28:12,394 [Thread-1019] INFO  impl.RoleInfo (RoleInfo.java:shutdownFollowerState(121)) - 6ab6cfca-dbae-4fc7-a842-1fd8eedeb1ff: shutdown FollowerState
2019-11-05 08:28:12,395 [Thread-1019] INFO  impl.RaftServerImpl (RaftServerImpl.java:setRole(184)) - 6ab6cfca-dbae-4fc7-a842-1fd8eedeb1ff@group-07DD719309DE: changes role from  FOLLOWER to CANDIDATE at term 65 for changeToCandidate
2019-11-05 08:28:12,395 [Thread-1019] INFO  impl.RoleInfo (RoleInfo.java:updateAndGet(143)) - 6ab6cfca-dbae-4fc7-a842-1fd8eedeb1ff: start LeaderElection
2019-11-05 08:28:12,410 [6ab6cfca-dbae-4fc7-a842-1fd8eedeb1ff@group-07DD719309DE-LeaderElection65] INFO  impl.LeaderElection (LeaderElection.java:askForVotes(178)) - 6ab6cfca-dbae-4fc7-a842-1fd8eedeb1ff@group-07DD719309DE-LeaderElection65: begin an election at term 66 for 1: [6ab6cfca-dbae-4fc7-a842-1fd8eedeb1ff:192.168.164.217:40408, e618d93a-19a9-4b89-96f3-44f318818422:192.168.164.217:37953, 90c9f5c6-6de3-44e3-8d50-8a1447632052:192.168.164.217:36159], old=null
2019-11-05 08:28:12,412 [grpc-default-executor-2] INFO  impl.RaftServerImpl (RaftServerImpl.java:setRole(184)) - e618d93a-19a9-4b89-96f3-44f318818422@group-07DD719309DE: changes role from  FOLLOWER to FOLLOWER at term 66 for recognizeCandidate:6ab6cfca-dbae-4fc7-a842-1fd8eedeb1ff
2019-11-05 08:28:12,412 [grpc-default-executor-2] INFO  impl.RoleInfo (RoleInfo.java:shutdownFollowerState(121)) - e618d93a-19a9-4b89-96f3-44f318818422: shutdown FollowerState
2019-11-05 08:28:12,412 [grpc-default-executor-2] INFO  impl.RoleInfo (RoleInfo.java:updateAndGet(143)) - e618d93a-19a9-4b89-96f3-44f318818422: start FollowerState
2019-11-05 08:28:12,412 [Thread-1018] INFO  impl.FollowerState (FollowerState.java:run(117)) - e618d93a-19a9-4b89-96f3-44f318818422@group-07DD719309DE-FollowerState was interrupted: java.lang.InterruptedException: sleep interrupted
2019-11-05 08:28:12,412 [grpc-default-executor-8] INFO  impl.RaftServerImpl (RaftServerImpl.java:setRole(184)) - 90c9f5c6-6de3-44e3-8d50-8a1447632052@group-07DD719309DE: changes role from  FOLLOWER to FOLLOWER at term 66 for recognizeCandidate:6ab6cfca-dbae-4fc7-a842-1fd8eedeb1ff
2019-11-05 08:28:12,413 [grpc-default-executor-8] INFO  impl.RoleInfo (RoleInfo.java:shutdownFollowerState(121)) - 90c9f5c6-6de3-44e3-8d50-8a1447632052: shutdown FollowerState
2019-11-05 08:28:12,413 [grpc-default-executor-8] INFO  impl.RoleInfo (RoleInfo.java:updateAndGet(143)) - 90c9f5c6-6de3-44e3-8d50-8a1447632052: start FollowerState
2019-11-05 08:28:12,413 [Thread-1017] INFO  impl.FollowerState (FollowerState.java:run(117)) - 90c9f5c6-6de3-44e3-8d50-8a1447632052@group-07DD719309DE-FollowerState was interrupted: java.lang.InterruptedException: sleep interrupted
2019-11-05 08:28:12,427 [6ab6cfca-dbae-4fc7-a842-1fd8eedeb1ff@group-07DD719309DE-LeaderElection65] INFO  impl.LeaderElection (LeaderElection.java:logAndReturn(56)) - 6ab6cfca-dbae-4fc7-a842-1fd8eedeb1ff@group-07DD719309DE-LeaderElection65: Election REJECTED; received 2 response(s) [6ab6cfca-dbae-4fc7-a842-1fd8eedeb1ff<-e618d93a-19a9-4b89-96f3-44f318818422#0:FAIL-t66, 6ab6cfca-dbae-4fc7-a842-1fd8eedeb1ff<-90c9f5c6-6de3-44e3-8d50-8a1447632052#0:FAIL-t66] and 0 exception(s); 6ab6cfca-dbae-4fc7-a842-1fd8eedeb1ff@group-07DD719309DE:t66, leader=null, voted=6ab6cfca-dbae-4fc7-a842-1fd8eedeb1ff, raftlog=6ab6cfca-dbae-4fc7-a842-1fd8eedeb1ff@group-07DD719309DE-SegmentedRaftLog:OPENED:c5,f6,i6, conf=1: [6ab6cfca-dbae-4fc7-a842-1fd8eedeb1ff:192.168.164.217:40408, e618d93a-19a9-4b89-96f3-44f318818422:192.168.164.217:37953, 90c9f5c6-6de3-44e3-8d50-8a1447632052:192.168.164.217:36159], old=null
2019-11-05 08:28:12,428 [6ab6cfca-dbae-4fc7-a842-1fd8eedeb1ff@group-07DD719309DE-LeaderElection65] INFO  impl.RaftServerImpl (RaftServerImpl.java:setRole(184)) - 6ab6cfca-dbae-4fc7-a842-1fd8eedeb1ff@group-07DD719309DE: changes role from CANDIDATE to FOLLOWER at term 66 for DISCOVERED_A_NEW_TERM
2019-11-05 08:28:12,428 [6ab6cfca-dbae-4fc7-a842-1fd8eedeb1ff@group-07DD719309DE-LeaderElection65] INFO  impl.RoleInfo (RoleInfo.java:shutdownLeaderElection(134)) - 6ab6cfca-dbae-4fc7-a842-1fd8eedeb1ff: shutdown LeaderElection
2019-11-05 08:28:12,428 [6ab6cfca-dbae-4fc7-a842-1fd8eedeb1ff@group-07DD719309DE-LeaderElection65] INFO  impl.RoleInfo (RoleInfo.java:updateAndGet(143)) - 6ab6cfca-dbae-4fc7-a842-1fd8eedeb1ff: start FollowerState
2019-11-05 08:28:12,435 [Thread-1027] INFO  client.GrpcClientProtocolService (GrpcClientProtocolService.java:lambda$processClientRequest$0(278)) - Failed RaftClientRequest:client-C29D9280812C->6ab6cfca-dbae-4fc7-a842-1fd8eedeb1ff@group-07DD719309DE, cid=10, seq=0, Watch-ALL_COMMITTED(8), Message:<EMPTY>, reply=RaftClientReply:client-C29D9280812C->6ab6cfca-dbae-4fc7-a842-1fd8eedeb1ff@group-07DD719309DE, cid=10, FAILED org.apache.ratis.protocol.NotLeaderException: Server 6ab6cfca-dbae-4fc7-a842-1fd8eedeb1ff@group-07DD719309DE is not the leader, logIndex=0, commits[6ab6cfca-dbae-4fc7-a842-1fd8eedeb1ff:c5]
2019-11-05 08:28:12,448 [Thread-1025] INFO  impl.FollowerState (FollowerState.java:run(108)) - 6ab6cfca-dbae-4fc7-a842-1fd8eedeb1ff@group-07DD719309DE-FollowerState: change to CANDIDATE, lastRpcTime:20ms, electionTimeout:20ms
2019-11-05 08:28:12,449 [Thread-1025] INFO  impl.RoleInfo (RoleInfo.java:shutdownFollowerState(121)) - 6ab6cfca-dbae-4fc7-a842-1fd8eedeb1ff: shutdown FollowerState
2019-11-05 08:28:12,449 [Thread-1025] INFO  impl.RaftServerImpl (RaftServerImpl.java:setRole(184)) - 6ab6cfca-dbae-4fc7-a842-1fd8eedeb1ff@group-07DD719309DE: changes role from  FOLLOWER to CANDIDATE at term 66 for changeToCandidate
2019-11-05 08:28:12,449 [Thread-1025] INFO  impl.RoleInfo (RoleInfo.java:updateAndGet(143)) - 6ab6cfca-dbae-4fc7-a842-1fd8eedeb1ff: start LeaderElection
2019-11-05 08:28:12,462 [6ab6cfca-dbae-4fc7-a842-1fd8eedeb1ff@group-07DD719309DE-LeaderElection66] INFO  impl.LeaderElection (LeaderElection.java:askForVotes(178)) - 6ab6cfca-dbae-4fc7-a842-1fd8eedeb1ff@group-07DD719309DE-LeaderElection66: begin an election at term 67 for 1: [6ab6cfca-dbae-4fc7-a842-1fd8eedeb1ff:192.168.164.217:40408, e618d93a-19a9-4b89-96f3-44f318818422:192.168.164.217:37953, 90c9f5c6-6de3-44e3-8d50-8a1447632052:192.168.164.217:36159], old=null
2019-11-05 08:28:12,465 [grpc-default-executor-8] INFO  impl.RaftServerImpl (RaftServerImpl.java:setRole(184)) - e618d93a-19a9-4b89-96f3-44f318818422@group-07DD719309DE: changes role from  FOLLOWER to FOLLOWER at term 67 for recognizeCandidate:6ab6cfca-dbae-4fc7-a842-1fd8eedeb1ff
2019-11-05 08:28:12,466 [grpc-default-executor-8] INFO  impl.RoleInfo (RoleInfo.java:shutdownFollowerState(121)) - e618d93a-19a9-4b89-96f3-44f318818422: shutdown FollowerState
2019-11-05 08:28:12,466 [grpc-default-executor-8] INFO  impl.RoleInfo (RoleInfo.java:updateAndGet(143)) - e618d93a-19a9-4b89-96f3-44f318818422: start FollowerState
2019-11-05 08:28:12,466 [Thread-1023] INFO  impl.FollowerState (FollowerState.java:run(117)) - e618d93a-19a9-4b89-96f3-44f318818422@group-07DD719309DE-FollowerState was interrupted: java.lang.InterruptedException: sleep interrupted
2019-11-05 08:28:12,466 [grpc-default-executor-2] INFO  impl.RaftServerImpl (RaftServerImpl.java:setRole(184)) - 90c9f5c6-6de3-44e3-8d50-8a1447632052@group-07DD719309DE: changes role from  FOLLOWER to FOLLOWER at term 67 for recognizeCandidate:6ab6cfca-dbae-4fc7-a842-1fd8eedeb1ff
2019-11-05 08:28:12,466 [grpc-default-executor-2] INFO  impl.RoleInfo (RoleInfo.java:shutdownFollowerState(121)) - 90c9f5c6-6de3-44e3-8d50-8a1447632052: shutdown FollowerState
2019-11-05 08:28:12,466 [grpc-default-executor-2] INFO  impl.RoleInfo (RoleInfo.java:updateAndGet(143)) - 90c9f5c6-6de3-44e3-8d50-8a1447632052: start FollowerState
2019-11-05 08:28:12,466 [Thread-1024] INFO  impl.FollowerState (FollowerState.java:run(117)) - 90c9f5c6-6de3-44e3-8d50-8a1447632052@group-07DD719309DE-FollowerState was interrupted: java.lang.InterruptedException: sleep interrupted
2019-11-05 08:28:12,481 [6ab6cfca-dbae-4fc7-a842-1fd8eedeb1ff@group-07DD719309DE-LeaderElection66] INFO  impl.LeaderElection (LeaderElection.java:logAndReturn(56)) - 6ab6cfca-dbae-4fc7-a842-1fd8eedeb1ff@group-07DD719309DE-LeaderElection66: Election REJECTED; received 2 response(s) [6ab6cfca-dbae-4fc7-a842-1fd8eedeb1ff<-e618d93a-19a9-4b89-96f3-44f318818422#0:FAIL-t67, 6ab6cfca-dbae-4fc7-a842-1fd8eedeb1ff<-90c9f5c6-6de3-44e3-8d50-8a1447632052#0:FAIL-t67] and 0 exception(s); 6ab6cfca-dbae-4fc7-a842-1fd8eedeb1ff@group-07DD719309DE:t67, leader=null, voted=6ab6cfca-dbae-4fc7-a842-1fd8eedeb1ff, raftlog=6ab6cfca-dbae-4fc7-a842-1fd8eedeb1ff@group-07DD719309DE-SegmentedRaftLog:OPENED:c5,f6,i6, conf=1: [6ab6cfca-dbae-4fc7-a842-1fd8eedeb1ff:192.168.164.217:40408, e618d93a-19a9-4b89-96f3-44f318818422:192.168.164.217:37953, 90c9f5c6-6de3-44e3-8d50-8a1447632052:192.168.164.217:36159], old=null
2019-11-05 08:28:12,481 [6ab6cfca-dbae-4fc7-a842-1fd8eedeb1ff@group-07DD719309DE-LeaderElection66] INFO  impl.RaftServerImpl (RaftServerImpl.java:setRole(184)) - 6ab6cfca-dbae-4fc7-a842-1fd8eedeb1ff@group-07DD719309DE: changes role from CANDIDATE to FOLLOWER at term 67 for DISCOVERED_A_NEW_TERM
2019-11-05 08:28:12,481 [6ab6cfca-dbae-4fc7-a842-1fd8eedeb1ff@group-07DD719309DE-LeaderElection66] INFO  impl.RoleInfo (RoleInfo.java:shutdownLeaderElection(134)) - 6ab6cfca-dbae-4fc7-a842-1fd8eedeb1ff: shutdown LeaderElection
2019-11-05 08:28:12,481 [6ab6cfca-dbae-4fc7-a842-1fd8eedeb1ff@group-07DD719309DE-LeaderElection66] INFO  impl.RoleInfo (RoleInfo.java:updateAndGet(143)) - 6ab6cfca-dbae-4fc7-a842-1fd8eedeb1ff: start FollowerState
2019-11-05 08:28:12,490 [Thread-1034] INFO  impl.FollowerState (FollowerState.java:run(108)) - 6ab6cfca-dbae-4fc7-a842-1fd8eedeb1ff@group-07DD719309DE-FollowerState: change to CANDIDATE, lastRpcTime:8ms, electionTimeout:8ms
2019-11-05 08:28:12,490 [Thread-1034] INFO  impl.RoleInfo (RoleInfo.java:shutdownFollowerState(121)) - 6ab6cfca-dbae-4fc7-a842-1fd8eedeb1ff: shutdown FollowerState
2019-11-05 08:28:12,490 [Thread-1034] INFO  impl.RaftServerImpl (RaftServerImpl.java:setRole(184)) - 6ab6cfca-dbae-4fc7-a842-1fd8eedeb1ff@group-07DD719309DE: changes role from  FOLLOWER to CANDIDATE at term 67 for changeToCandidate
2019-11-05 08:28:12,490 [Thread-1034] INFO  impl.RoleInfo (RoleInfo.java:updateAndGet(143)) - 6ab6cfca-dbae-4fc7-a842-1fd8eedeb1ff: start LeaderElection
2019-11-05 08:28:12,504 [6ab6cfca-dbae-4fc7-a842-1fd8eedeb1ff@group-07DD719309DE-LeaderElection67] INFO  impl.LeaderElection (LeaderElection.java:askForVotes(178)) - 6ab6cfca-dbae-4fc7-a842-1fd8eedeb1ff@group-07DD719309DE-LeaderElection67: begin an election at term 68 for 1: [6ab6cfca-dbae-4fc7-a842-1fd8eedeb1ff:192.168.164.217:40408, e618d93a-19a9-4b89-96f3-44f318818422:192.168.164.217:37953, 90c9f5c6-6de3-44e3-8d50-8a1447632052:192.168.164.217:36159], old=null
2019-11-05 08:28:12,506 [grpc-default-executor-8] INFO  impl.RaftServerImpl (RaftServerImpl.java:setRole(184)) - e618d93a-19a9-4b89-96f3-44f318818422@group-07DD719309DE: changes role from  FOLLOWER to FOLLOWER at term 68 for recognizeCandidate:6ab6cfca-dbae-4fc7-a842-1fd8eedeb1ff
2019-11-05 08:28:12,506 [grpc-default-executor-8] INFO  impl.RoleInfo (RoleInfo.java:shutdownFollowerState(121)) - e618d93a-19a9-4b89-96f3-44f318818422: shutdown FollowerState
2019-11-05 08:28:12,506 [grpc-default-executor-2] INFO  impl.RaftServerImpl (RaftServerImpl.java:setRole(184)) - 90c9f5c6-6de3-44e3-8d50-8a1447632052@group-07DD719309DE: changes role from  FOLLOWER to FOLLOWER at term 68 for recognizeCandidate:6ab6cfca-dbae-4fc7-a842-1fd8eedeb1ff
2019-11-05 08:28:12,506 [Thread-1032] INFO  impl.FollowerState (FollowerState.java:run(117)) - e618d93a-19a9-4b89-96f3-44f318818422@group-07DD719309DE-FollowerState was interrupted: java.lang.InterruptedException: sleep interrupted
2019-11-05 08:28:12,506 [grpc-default-executor-8] INFO  impl.RoleInfo (RoleInfo.java:updateAndGet(143)) - e618d93a-19a9-4b89-96f3-44f318818422: start FollowerState
2019-11-05 08:28:12,506 [grpc-default-executor-2] INFO  impl.RoleInfo (RoleInfo.java:shutdownFollowerState(121)) - 90c9f5c6-6de3-44e3-8d50-8a1447632052: shutdown FollowerState
2019-11-05 08:28:12,507 [grpc-default-executor-2] INFO  impl.RoleInfo (RoleInfo.java:updateAndGet(143)) - 90c9f5c6-6de3-44e3-8d50-8a1447632052: start FollowerState
2019-11-05 08:28:12,507 [Thread-1033] INFO  impl.FollowerState (FollowerState.java:run(117)) - 90c9f5c6-6de3-44e3-8d50-8a1447632052@group-07DD719309DE-FollowerState was interrupted: java.lang.InterruptedException: sleep interrupted
2019-11-05 08:28:12,521 [6ab6cfca-dbae-4fc7-a842-1fd8eedeb1ff@group-07DD719309DE-LeaderElection67] INFO  impl.LeaderElection (LeaderElection.java:logAndReturn(56)) - 6ab6cfca-dbae-4fc7-a842-1fd8eedeb1ff@group-07DD719309DE-LeaderElection67: Election REJECTED; received 2 response(s) [6ab6cfca-dbae-4fc7-a842-1fd8eedeb1ff<-e618d93a-19a9-4b89-96f3-44f318818422#0:FAIL-t68, 6ab6cfca-dbae-4fc7-a842-1fd8eedeb1ff<-90c9f5c6-6de3-44e3-8d50-8a1447632052#0:FAIL-t68] and 0 exception(s); 6ab6cfca-dbae-4fc7-a842-1fd8eedeb1ff@group-07DD719309DE:t68, leader=null, voted=6ab6cfca-dbae-4fc7-a842-1fd8eedeb1ff, raftlog=6ab6cfca-dbae-4fc7-a842-1fd8eedeb1ff@group-07DD719309DE-SegmentedRaftLog:OPENED:c5,f6,i6, conf=1: [6ab6cfca-dbae-4fc7-a842-1fd8eedeb1ff:192.168.164.217:40408, e618d93a-19a9-4b89-96f3-44f318818422:192.168.164.217:37953, 90c9f5c6-6de3-44e3-8d50-8a1447632052:192.168.164.217:36159], old=null
2019-11-05 08:28:12,521 [6ab6cfca-dbae-4fc7-a842-1fd8eedeb1ff@group-07DD719309DE-LeaderElection67] INFO  impl.RaftServerImpl (RaftServerImpl.java:setRole(184)) - 6ab6cfca-dbae-4fc7-a842-1fd8eedeb1ff@group-07DD719309DE: changes role from CANDIDATE to FOLLOWER at term 68 for DISCOVERED_A_NEW_TERM
2019-11-05 08:28:12,521 [6ab6cfca-dbae-4fc7-a842-1fd8eedeb1ff@group-07DD719309DE-LeaderElection67] INFO  impl.RoleInfo (RoleInfo.java:shutdownLeaderElection(134)) - 6ab6cfca-dbae-4fc7-a842-1fd8eedeb1ff: shutdown LeaderElection
2019-11-05 08:28:12,521 [6ab6cfca-dbae-4fc7-a842-1fd8eedeb1ff@group-07DD719309DE-LeaderElection67] INFO  impl.RoleInfo (RoleInfo.java:updateAndGet(143)) - 6ab6cfca-dbae-4fc7-a842-1fd8eedeb1ff: start FollowerState
2019-11-05 08:28:12,598 [Thread-1040] INFO  impl.FollowerState (FollowerState.java:run(108)) - 6ab6cfca-dbae-4fc7-a842-1fd8eedeb1ff@group-07DD719309DE-FollowerState: change to CANDIDATE, lastRpcTime:76ms, electionTimeout:76ms
2019-11-05 08:28:12,598 [Thread-1040] INFO  impl.RoleInfo (RoleInfo.java:shutdownFollowerState(121)) - 6ab6cfca-dbae-4fc7-a842-1fd8eedeb1ff: shutdown FollowerState
2019-11-05 08:28:12,598 [Thread-1040] INFO  impl.RaftServerImpl (RaftServerImpl.java:setRole(184)) - 6ab6cfca-dbae-4fc7-a842-1fd8eedeb1ff@group-07DD719309DE: changes role from  FOLLOWER to CANDIDATE at term 68 for changeToCandidate
2019-11-05 08:28:12,598 [Thread-1040] INFO  impl.RoleInfo (RoleInfo.java:updateAndGet(143)) - 6ab6cfca-dbae-4fc7-a842-1fd8eedeb1ff: start LeaderElection
2019-11-05 08:28:12,611 [6ab6cfca-dbae-4fc7-a842-1fd8eedeb1ff@group-07DD719309DE-LeaderElection68] INFO  impl.LeaderElection (LeaderElection.java:askForVotes(178)) - 6ab6cfca-dbae-4fc7-a842-1fd8eedeb1ff@group-07DD719309DE-LeaderElection68: begin an election at term 69 for 1: [6ab6cfca-dbae-4fc7-a842-1fd8eedeb1ff:192.168.164.217:40408, e618d93a-19a9-4b89-96f3-44f318818422:192.168.164.217:37953, 90c9f5c6-6de3-44e3-8d50-8a1447632052:192.168.164.217:36159], old=null
2019-11-05 08:28:12,614 [grpc-default-executor-8] INFO  impl.RaftServerImpl (RaftServerImpl.java:setRole(184)) - e618d93a-19a9-4b89-96f3-44f318818422@group-07DD719309DE: changes role from  FOLLOWER to FOLLOWER at term 69 for recognizeCandidate:6ab6cfca-dbae-4fc7-a842-1fd8eedeb1ff
2019-11-05 08:28:12,614 [grpc-default-executor-8] INFO  impl.RoleInfo (RoleInfo.java:shutdownFollowerState(121)) - e618d93a-19a9-4b89-96f3-44f318818422: shutdown FollowerState
2019-11-05 08:28:12,614 [grpc-default-executor-8] INFO  impl.RoleInfo (RoleInfo.java:updateAndGet(143)) - e618d93a-19a9-4b89-96f3-44f318818422: start FollowerState
2019-11-05 08:28:12,615 [Thread-1038] INFO  impl.FollowerState (FollowerState.java:run(117)) - e618d93a-19a9-4b89-96f3-44f318818422@group-07DD719309DE-FollowerState was interrupted: java.lang.InterruptedException: sleep interrupted
2019-11-05 08:28:12,615 [grpc-default-executor-2] INFO  impl.RaftServerImpl (RaftServerImpl.java:setRole(184)) - 90c9f5c6-6de3-44e3-8d50-8a1447632052@group-07DD719309DE: changes role from  FOLLOWER to FOLLOWER at term 69 for recognizeCandidate:6ab6cfca-dbae-4fc7-a842-1fd8eedeb1ff
2019-11-05 08:28:12,615 [grpc-default-executor-2] INFO  impl.RoleInfo (RoleInfo.java:shutdownFollowerState(121)) - 90c9f5c6-6de3-44e3-8d50-8a1447632052: shutdown FollowerState
2019-11-05 08:28:12,615 [grpc-default-executor-2] INFO  impl.RoleInfo (RoleInfo.java:updateAndGet(143)) - 90c9f5c6-6de3-44e3-8d50-8a1447632052: start FollowerState
2019-11-05 08:28:12,615 [Thread-1039] INFO  impl.FollowerState (FollowerState.java:run(117)) - 90c9f5c6-6de3-44e3-8d50-8a1447632052@group-07DD719309DE-FollowerState was interrupted: java.lang.InterruptedException: sleep interrupted
2019-11-05 08:28:12,631 [6ab6cfca-dbae-4fc7-a842-1fd8eedeb1ff@group-07DD719309DE-LeaderElection68] INFO  impl.LeaderElection (LeaderElection.java:logAndReturn(56)) - 6ab6cfca-dbae-4fc7-a842-1fd8eedeb1ff@group-07DD719309DE-LeaderElection68: Election REJECTED; received 2 response(s) [6ab6cfca-dbae-4fc7-a842-1fd8eedeb1ff<-e618d93a-19a9-4b89-96f3-44f318818422#0:FAIL-t69, 6ab6cfca-dbae-4fc7-a842-1fd8eedeb1ff<-90c9f5c6-6de3-44e3-8d50-8a1447632052#0:FAIL-t69] and 0 exception(s); 6ab6cfca-dbae-4fc7-a842-1fd8eedeb1ff@group-07DD719309DE:t69, leader=null, voted=6ab6cfca-dbae-4fc7-a842-1fd8eedeb1ff, raftlog=6ab6cfca-dbae-4fc7-a842-1fd8eedeb1ff@group-07DD719309DE-SegmentedRaftLog:OPENED:c5,f6,i6, conf=1: [6ab6cfca-dbae-4fc7-a842-1fd8eedeb1ff:192.168.164.217:40408, e618d93a-19a9-4b89-96f3-44f318818422:192.168.164.217:37953, 90c9f5c6-6de3-44e3-8d50-8a1447632052:192.168.164.217:36159], old=null
2019-11-05 08:28:12,631 [6ab6cfca-dbae-4fc7-a842-1fd8eedeb1ff@group-07DD719309DE-LeaderElection68] INFO  impl.RaftServerImpl (RaftServerImpl.java:setRole(184)) - 6ab6cfca-dbae-4fc7-a842-1fd8eedeb1ff@group-07DD719309DE: changes role from CANDIDATE to FOLLOWER at term 69 for DISCOVERED_A_NEW_TERM
2019-11-05 08:28:12,631 [6ab6cfca-dbae-4fc7-a842-1fd8eedeb1ff@group-07DD719309DE-LeaderElection68] INFO  impl.RoleInfo (RoleInfo.java:shutdownLeaderElection(134)) - 6ab6cfca-dbae-4fc7-a842-1fd8eedeb1ff: shutdown LeaderElection
2019-11-05 08:28:12,631 [6ab6cfca-dbae-4fc7-a842-1fd8eedeb1ff@group-07DD719309DE-LeaderElection68] INFO  impl.RoleInfo (RoleInfo.java:updateAndGet(143)) - 6ab6cfca-dbae-4fc7-a842-1fd8eedeb1ff: start FollowerState
2019-11-05 08:28:12,779 [Thread-1046] INFO  impl.FollowerState (FollowerState.java:run(108)) - 6ab6cfca-dbae-4fc7-a842-1fd8eedeb1ff@group-07DD719309DE-FollowerState: change to CANDIDATE, lastRpcTime:147ms, electionTimeout:147ms
2019-11-05 08:28:12,779 [Thread-1046] INFO  impl.RoleInfo (RoleInfo.java:shutdownFollowerState(121)) - 6ab6cfca-dbae-4fc7-a842-1fd8eedeb1ff: shutdown FollowerState
2019-11-05 08:28:12,779 [Thread-1046] INFO  impl.RaftServerImpl (RaftServerImpl.java:setRole(184)) - 6ab6cfca-dbae-4fc7-a842-1fd8eedeb1ff@group-07DD719309DE: changes role from  FOLLOWER to CANDIDATE at term 69 for changeToCandidate
2019-11-05 08:28:12,779 [Thread-1046] INFO  impl.RoleInfo (RoleInfo.java:updateAndGet(143)) - 6ab6cfca-dbae-4fc7-a842-1fd8eedeb1ff: start LeaderElection
2019-11-05 08:28:12,793 [6ab6cfca-dbae-4fc7-a842-1fd8eedeb1ff@group-07DD719309DE-LeaderElection69] INFO  impl.LeaderElection (LeaderElection.java:askForVotes(178)) - 6ab6cfca-dbae-4fc7-a842-1fd8eedeb1ff@group-07DD719309DE-LeaderElection69: begin an election at term 70 for 1: [6ab6cfca-dbae-4fc7-a842-1fd8eedeb1ff:192.168.164.217:40408, e618d93a-19a9-4b89-96f3-44f318818422:192.168.164.217:37953, 90c9f5c6-6de3-44e3-8d50-8a1447632052:192.168.164.217:36159], old=null
2019-11-05 08:28:12,796 [grpc-default-executor-8] INFO  impl.RaftServerImpl (RaftServerImpl.java:setRole(184)) - 90c9f5c6-6de3-44e3-8d50-8a1447632052@group-07DD719309DE: changes role from  FOLLOWER to FOLLOWER at term 70 for recognizeCandidate:6ab6cfca-dbae-4fc7-a842-1fd8eedeb1ff
2019-11-05 08:28:12,796 [grpc-default-executor-2] INFO  impl.RaftServerImpl (RaftServerImpl.java:setRole(184)) - e618d93a-19a9-4b89-96f3-44f318818422@group-07DD719309DE: changes role from  FOLLOWER to FOLLOWER at term 70 for recognizeCandidate:6ab6cfca-dbae-4fc7-a842-1fd8eedeb1ff
2019-11-05 08:28:12,797 [grpc-default-executor-8] INFO  impl.RoleInfo (RoleInfo.java:shutdownFollowerState(121)) - 90c9f5c6-6de3-44e3-8d50-8a1447632052: shutdown FollowerState
2019-11-05 08:28:12,797 [grpc-default-executor-2] INFO  impl.RoleInfo (RoleInfo.java:shutdownFollowerState(121)) - e618d93a-19a9-4b89-96f3-44f318818422: shutdown FollowerState
2019-11-05 08:28:12,797 [Thread-1045] INFO  impl.FollowerState (FollowerState.java:run(117)) - 90c9f5c6-6de3-44e3-8d50-8a1447632052@group-07DD719309DE-FollowerState was interrupted: java.lang.InterruptedException: sleep interrupted
2019-11-05 08:28:12,797 [grpc-default-executor-8] INFO  impl.RoleInfo (RoleInfo.java:updateAndGet(143)) - 90c9f5c6-6de3-44e3-8d50-8a1447632052: start FollowerState
2019-11-05 08:28:12,797 [Thread-1044] INFO  impl.FollowerState (FollowerState.java:run(117)) - e618d93a-19a9-4b89-96f3-44f318818422@group-07DD719309DE-FollowerState was interrupted: java.lang.InterruptedException: sleep interrupted
2019-11-05 08:28:12,797 [grpc-default-executor-2] INFO  impl.RoleInfo (RoleInfo.java:updateAndGet(143)) - e618d93a-19a9-4b89-96f3-44f318818422: start FollowerState
2019-11-05 08:28:12,813 [6ab6cfca-dbae-4fc7-a842-1fd8eedeb1ff@group-07DD719309DE-LeaderElection69] INFO  impl.LeaderElection (LeaderElection.java:logAndReturn(56)) - 6ab6cfca-dbae-4fc7-a842-1fd8eedeb1ff@group-07DD719309DE-LeaderElection69: Election REJECTED; received 2 response(s) [6ab6cfca-dbae-4fc7-a842-1fd8eedeb1ff<-e618d93a-19a9-4b89-96f3-44f318818422#0:FAIL-t70, 6ab6cfca-dbae-4fc7-a842-1fd8eedeb1ff<-90c9f5c6-6de3-44e3-8d50-8a1447632052#0:FAIL-t70] and 0 exception(s); 6ab6cfca-dbae-4fc7-a842-1fd8eedeb1ff@group-07DD719309DE:t70, leader=null, voted=6ab6cfca-dbae-4fc7-a842-1fd8eedeb1ff, raftlog=6ab6cfca-dbae-4fc7-a842-1fd8eedeb1ff@group-07DD719309DE-SegmentedRaftLog:OPENED:c5,f6,i6, conf=1: [6ab6cfca-dbae-4fc7-a842-1fd8eedeb1ff:192.168.164.217:40408, e618d93a-19a9-4b89-96f3-44f318818422:192.168.164.217:37953, 90c9f5c6-6de3-44e3-8d50-8a1447632052:192.168.164.217:36159], old=null
2019-11-05 08:28:12,813 [6ab6cfca-dbae-4fc7-a842-1fd8eedeb1ff@group-07DD719309DE-LeaderElection69] INFO  impl.RaftServerImpl (RaftServerImpl.java:setRole(184)) - 6ab6cfca-dbae-4fc7-a842-1fd8eedeb1ff@group-07DD719309DE: changes role from CANDIDATE to FOLLOWER at term 70 for DISCOVERED_A_NEW_TERM
2019-11-05 08:28:12,813 [6ab6cfca-dbae-4fc7-a842-1fd8eedeb1ff@group-07DD719309DE-LeaderElection69] INFO  impl.RoleInfo (RoleInfo.java:shutdownLeaderElection(134)) - 6ab6cfca-dbae-4fc7-a842-1fd8eedeb1ff: shutdown LeaderElection
2019-11-05 08:28:12,813 [6ab6cfca-dbae-4fc7-a842-1fd8eedeb1ff@group-07DD719309DE-LeaderElection69] INFO  impl.RoleInfo (RoleInfo.java:updateAndGet(143)) - 6ab6cfca-dbae-4fc7-a842-1fd8eedeb1ff: start FollowerState
2019-11-05 08:28:13,004 [BlockDeletingService#6] WARN  background.BlockDeletingService (BlockDeletingService.java:isDeletionAllowed(187)) - Close Container log Index 8 is not replicated across allthe servers in the pipeline 91d82eec-d61e-45ed-83e6-07dd719309de as the min replicated index is 6. Deletion is not allowed in this container yet.
2019-11-05 08:28:13,004 [BlockDeletingService#2] WARN  background.BlockDeletingService (BlockDeletingService.java:isDeletionAllowed(187)) - Close Container log Index 8 is not replicated across allthe servers in the pipeline 91d82eec-d61e-45ed-83e6-07dd719309de as the min replicated index is 6. Deletion is not allowed in this container yet.
2019-11-05 08:28:13,010 [Thread-1052] INFO  impl.FollowerState (FollowerState.java:run(108)) - 6ab6cfca-dbae-4fc7-a842-1fd8eedeb1ff@group-07DD719309DE-FollowerState: change to CANDIDATE, lastRpcTime:196ms, electionTimeout:196ms
2019-11-05 08:28:13,010 [Thread-1052] INFO  impl.RoleInfo (RoleInfo.java:shutdownFollowerState(121)) - 6ab6cfca-dbae-4fc7-a842-1fd8eedeb1ff: shutdown FollowerState
2019-11-05 08:28:13,010 [Thread-1052] INFO  impl.RaftServerImpl (RaftServerImpl.java:setRole(184)) - 6ab6cfca-dbae-4fc7-a842-1fd8eedeb1ff@group-07DD719309DE: changes role from  FOLLOWER to CANDIDATE at term 70 for changeToCandidate
2019-11-05 08:28:13,010 [Thread-1052] INFO  impl.RoleInfo (RoleInfo.java:updateAndGet(143)) - 6ab6cfca-dbae-4fc7-a842-1fd8eedeb1ff: start LeaderElection
2019-11-05 08:28:13,024 [6ab6cfca-dbae-4fc7-a842-1fd8eedeb1ff@group-07DD719309DE-LeaderElection70] INFO  impl.LeaderElection (LeaderElection.java:askForVotes(178)) - 6ab6cfca-dbae-4fc7-a842-1fd8eedeb1ff@group-07DD719309DE-LeaderElection70: begin an election at term 71 for 1: [6ab6cfca-dbae-4fc7-a842-1fd8eedeb1ff:192.168.164.217:40408, e618d93a-19a9-4b89-96f3-44f318818422:192.168.164.217:37953, 90c9f5c6-6de3-44e3-8d50-8a1447632052:192.168.164.217:36159], old=null
2019-11-05 08:28:13,027 [grpc-default-executor-8] INFO  impl.RaftServerImpl (RaftServerImpl.java:setRole(184)) - 90c9f5c6-6de3-44e3-8d50-8a1447632052@group-07DD719309DE: changes role from  FOLLOWER to FOLLOWER at term 71 for recognizeCandidate:6ab6cfca-dbae-4fc7-a842-1fd8eedeb1ff
2019-11-05 08:28:13,027 [grpc-default-executor-2] INFO  impl.RaftServerImpl (RaftServerImpl.java:setRole(184)) - e618d93a-19a9-4b89-96f3-44f318818422@group-07DD719309DE: changes role from  FOLLOWER to FOLLOWER at term 71 for recognizeCandidate:6ab6cfca-dbae-4fc7-a842-1fd8eedeb1ff
2019-11-05 08:28:13,027 [grpc-default-executor-8] INFO  impl.RoleInfo (RoleInfo.java:shutdownFollowerState(121)) - 90c9f5c6-6de3-44e3-8d50-8a1447632052: shutdown FollowerState
2019-11-05 08:28:13,027 [grpc-default-executor-2] INFO  impl.RoleInfo (RoleInfo.java:shutdownFollowerState(121)) - e618d93a-19a9-4b89-96f3-44f318818422: shutdown FollowerState
2019-11-05 08:28:13,028 [Thread-1050] INFO  impl.FollowerState (FollowerState.java:run(117)) - 90c9f5c6-6de3-44e3-8d50-8a1447632052@group-07DD719309DE-FollowerState was interrupted: java.lang.InterruptedException: sleep interrupted
2019-11-05 08:28:13,028 [grpc-default-executor-8] INFO  impl.RoleInfo (RoleInfo.java:updateAndGet(143)) - 90c9f5c6-6de3-44e3-8d50-8a1447632052: start FollowerState
2019-11-05 08:28:13,028 [Thread-1051] INFO  impl.FollowerState (FollowerState.java:run(117)) - e618d93a-19a9-4b89-96f3-44f318818422@group-07DD719309DE-FollowerState was interrupted: java.lang.InterruptedException: sleep interrupted
2019-11-05 08:28:13,028 [grpc-default-executor-2] INFO  impl.RoleInfo (RoleInfo.java:updateAndGet(143)) - e618d93a-19a9-4b89-96f3-44f318818422: start FollowerState
2019-11-05 08:28:13,043 [6ab6cfca-dbae-4fc7-a842-1fd8eedeb1ff@group-07DD719309DE-LeaderElection70] INFO  impl.LeaderElection (LeaderElection.java:logAndReturn(56)) - 6ab6cfca-dbae-4fc7-a842-1fd8eedeb1ff@group-07DD719309DE-LeaderElection70: Election REJECTED; received 2 response(s) [6ab6cfca-dbae-4fc7-a842-1fd8eedeb1ff<-e618d93a-19a9-4b89-96f3-44f318818422#0:FAIL-t71, 6ab6cfca-dbae-4fc7-a842-1fd8eedeb1ff<-90c9f5c6-6de3-44e3-8d50-8a1447632052#0:FAIL-t71] and 0 exception(s); 6ab6cfca-dbae-4fc7-a842-1fd8eedeb1ff@group-07DD719309DE:t71, leader=null, voted=6ab6cfca-dbae-4fc7-a842-1fd8eedeb1ff, raftlog=6ab6cfca-dbae-4fc7-a842-1fd8eedeb1ff@group-07DD719309DE-SegmentedRaftLog:OPENED:c5,f6,i6, conf=1: [6ab6cfca-dbae-4fc7-a842-1fd8eedeb1ff:192.168.164.217:40408, e618d93a-19a9-4b89-96f3-44f318818422:192.168.164.217:37953, 90c9f5c6-6de3-44e3-8d50-8a1447632052:192.168.164.217:36159], old=null
2019-11-05 08:28:13,043 [6ab6cfca-dbae-4fc7-a842-1fd8eedeb1ff@group-07DD719309DE-LeaderElection70] INFO  impl.RaftServerImpl (RaftServerImpl.java:setRole(184)) - 6ab6cfca-dbae-4fc7-a842-1fd8eedeb1ff@group-07DD719309DE: changes role from CANDIDATE to FOLLOWER at term 71 for DISCOVERED_A_NEW_TERM
2019-11-05 08:28:13,043 [6ab6cfca-dbae-4fc7-a842-1fd8eedeb1ff@group-07DD719309DE-LeaderElection70] INFO  impl.RoleInfo (RoleInfo.java:shutdownLeaderElection(134)) - 6ab6cfca-dbae-4fc7-a842-1fd8eedeb1ff: shutdown LeaderElection
2019-11-05 08:28:13,043 [6ab6cfca-dbae-4fc7-a842-1fd8eedeb1ff@group-07DD719309DE-LeaderElection70] INFO  impl.RoleInfo (RoleInfo.java:updateAndGet(143)) - 6ab6cfca-dbae-4fc7-a842-1fd8eedeb1ff: start FollowerState
]]></system-out>
    <system-err><![CDATA[ERROR StatusLogger No Log4j 2 configuration file found. Using default configuration (logging only errors to the console), or user programmatically provided configurations. Set system property 'log4j2.debug' to show Log4j 2 internal initialization logging. See https://logging.apache.org/log4j/2.x/manual/configuration.html for instructions on how to configure Log4j 2
Nov 05, 2019 8:26:26 AM org.apache.ratis.thirdparty.io.grpc.internal.SerializingExecutor run
SEVERE: Exception while executing runnable org.apache.ratis.thirdparty.io.grpc.internal.ServerImpl$JumpToApplicationThreadServerStreamListener$1Closed@3b0e2cb3
org.apache.ratis.thirdparty.io.grpc.StatusRuntimeException: CANCELLED: call already cancelled
	at org.apache.ratis.thirdparty.io.grpc.Status.asRuntimeException(Status.java:517)
	at org.apache.ratis.thirdparty.io.grpc.stub.ServerCalls$ServerCallStreamObserverImpl.onCompleted(ServerCalls.java:356)
	at org.apache.ratis.grpc.server.GrpcServerProtocolService$ServerRequestStreamObserver.onError(GrpcServerProtocolService.java:121)
	at org.apache.ratis.thirdparty.io.grpc.stub.ServerCalls$StreamingServerCallHandler$StreamingServerCallListener.onCancel(ServerCalls.java:269)
	at org.apache.ratis.thirdparty.io.grpc.internal.ServerCallImpl$ServerStreamListenerImpl.closed(ServerCallImpl.java:293)
	at org.apache.ratis.thirdparty.io.grpc.internal.ServerImpl$JumpToApplicationThreadServerStreamListener$1Closed.runInContext(ServerImpl.java:741)
	at org.apache.ratis.thirdparty.io.grpc.internal.ContextRunnable.run(ContextRunnable.java:37)
	at org.apache.ratis.thirdparty.io.grpc.internal.SerializingExecutor.run(SerializingExecutor.java:123)
	at java.util.concurrent.ThreadPoolExecutor.runWorker(ThreadPoolExecutor.java:1149)
	at java.util.concurrent.ThreadPoolExecutor$Worker.run(ThreadPoolExecutor.java:624)
	at java.lang.Thread.run(Thread.java:748)

Nov 05, 2019 8:26:26 AM org.apache.ratis.thirdparty.io.grpc.internal.SerializingExecutor run
SEVERE: Exception while executing runnable org.apache.ratis.thirdparty.io.grpc.internal.ClientCallImpl$ClientStreamListenerImpl$1StreamClosed@79d898d6
java.lang.NullPointerException
	at org.apache.ratis.grpc.server.GrpcLogAppender$AppendLogResponseHandler.onError(GrpcLogAppender.java:303)
	at org.apache.ratis.thirdparty.io.grpc.stub.ClientCalls$StreamObserverToCallListenerAdapter.onClose(ClientCalls.java:434)
	at org.apache.ratis.thirdparty.io.grpc.PartialForwardingClientCallListener.onClose(PartialForwardingClientCallListener.java:39)
	at org.apache.ratis.thirdparty.io.grpc.ForwardingClientCallListener.onClose(ForwardingClientCallListener.java:23)
	at org.apache.ratis.thirdparty.io.grpc.ForwardingClientCallListener$SimpleForwardingClientCallListener.onClose(ForwardingClientCallListener.java:40)
	at org.apache.ratis.thirdparty.io.grpc.internal.CensusStatsModule$StatsClientInterceptor$1$1.onClose(CensusStatsModule.java:678)
	at org.apache.ratis.thirdparty.io.grpc.PartialForwardingClientCallListener.onClose(PartialForwardingClientCallListener.java:39)
	at org.apache.ratis.thirdparty.io.grpc.ForwardingClientCallListener.onClose(ForwardingClientCallListener.java:23)
	at org.apache.ratis.thirdparty.io.grpc.ForwardingClientCallListener$SimpleForwardingClientCallListener.onClose(ForwardingClientCallListener.java:40)
	at org.apache.ratis.thirdparty.io.grpc.internal.CensusTracingModule$TracingClientInterceptor$1$1.onClose(CensusTracingModule.java:397)
	at org.apache.ratis.thirdparty.io.grpc.internal.ClientCallImpl.closeObserver(ClientCallImpl.java:459)
	at org.apache.ratis.thirdparty.io.grpc.internal.ClientCallImpl.access$300(ClientCallImpl.java:63)
	at org.apache.ratis.thirdparty.io.grpc.internal.ClientCallImpl$ClientStreamListenerImpl.close(ClientCallImpl.java:546)
	at org.apache.ratis.thirdparty.io.grpc.internal.ClientCallImpl$ClientStreamListenerImpl.access$600(ClientCallImpl.java:467)
	at org.apache.ratis.thirdparty.io.grpc.internal.ClientCallImpl$ClientStreamListenerImpl$1StreamClosed.runInContext(ClientCallImpl.java:584)
	at org.apache.ratis.thirdparty.io.grpc.internal.ContextRunnable.run(ContextRunnable.java:37)
	at org.apache.ratis.thirdparty.io.grpc.internal.SerializingExecutor.run(SerializingExecutor.java:123)
	at java.util.concurrent.ThreadPoolExecutor.runWorker(ThreadPoolExecutor.java:1149)
	at java.util.concurrent.ThreadPoolExecutor$Worker.run(ThreadPoolExecutor.java:624)
	at java.lang.Thread.run(Thread.java:748)

]]></system-err>
  </testcase>
</testsuite>